<?xml version="1.0" encoding="UTF-8"?>
<testsuite xmlns:xsi="http://www.w3.org/2001/XMLSchema-instance" xsi:noNamespaceSchemaLocation="https://maven.apache.org/surefire/maven-surefire-plugin/xsd/surefire-test-report.xsd" name="org.apache.hadoop.hdds.scm.pipeline.TestRatisPipelineCreateAndDestroy" time="101.72" tests="2" errors="1" skipped="0" failures="0">
  <properties>
    <property name="awt.toolkit" value="sun.awt.X11.XToolkit"/>
    <property name="file.encoding.pkg" value="sun.io"/>
    <property name="java.specification.version" value="1.8"/>
    <property name="sun.cpu.isalist" value=""/>
    <property name="sun.jnu.encoding" value="ANSI_X3.4-1968"/>
    <property name="java.class.path" value="/workdir/hadoop-ozone/integration-test/target/test-classes:/workdir/hadoop-ozone/integration-test/target/classes:/home/user/.m2/repository/org/apache/hadoop/hadoop-ozone-common/0.5.0-SNAPSHOT/hadoop-ozone-common-0.5.0-SNAPSHOT.jar:/home/user/.m2/repository/org/apache/commons/commons-compress/1.4.1/commons-compress-1.4.1.jar:/home/user/.m2/repository/org/tukaani/xz/1.0/xz-1.0.jar:/home/user/.m2/repository/org/apache/hadoop/hadoop-common/3.2.0/hadoop-common-3.2.0.jar:/home/user/.m2/repository/org/apache/hadoop/hadoop-hdfs/3.2.0/hadoop-hdfs-3.2.0.jar:/home/user/.m2/repository/org/apache/hadoop/hadoop-hdfs-client/3.2.0/hadoop-hdfs-client-3.2.0.jar:/home/user/.m2/repository/com/fasterxml/jackson/core/jackson-annotations/2.9.9/jackson-annotations-2.9.9.jar:/home/user/.m2/repository/org/apache/hadoop/hadoop-hdds-common/0.5.0-SNAPSHOT/hadoop-hdds-common-0.5.0-SNAPSHOT.jar:/home/user/.m2/repository/javax/annotation/javax.annotation-api/1.2/javax.annotation-api-1.2.jar:/home/user/.m2/repository/org/apache/ratis/ratis-server/0.5.0-3f446aa-SNAPSHOT/ratis-server-0.5.0-3f446aa-SNAPSHOT.jar:/home/user/.m2/repository/org/apache/ratis/ratis-thirdparty-misc/0.2.0/ratis-thirdparty-misc-0.2.0.jar:/home/user/.m2/repository/org/apache/ratis/ratis-proto/0.5.0-3f446aa-SNAPSHOT/ratis-proto-0.5.0-3f446aa-SNAPSHOT.jar:/home/user/.m2/repository/org/apache/ratis/ratis-common/0.5.0-3f446aa-SNAPSHOT/ratis-common-0.5.0-3f446aa-SNAPSHOT.jar:/home/user/.m2/repository/org/apache/ratis/ratis-client/0.5.0-3f446aa-SNAPSHOT/ratis-client-0.5.0-3f446aa-SNAPSHOT.jar:/home/user/.m2/repository/org/apache/ratis/ratis-metrics/0.5.0-3f446aa-SNAPSHOT/ratis-metrics-0.5.0-3f446aa-SNAPSHOT.jar:/home/user/.m2/repository/com/github/joshelser/dropwizard-metrics-hadoop-metrics2-reporter/0.1.2/dropwizard-metrics-hadoop-metrics2-reporter-0.1.2.jar:/home/user/.m2/repository/io/dropwizard/metrics/metrics-jvm/3.2.5/metrics-jvm-3.2.5.jar:/home/user/.m2/repository/io/dropwizard/metrics/metrics-ganglia/3.2.5/metrics-ganglia-3.2.5.jar:/home/user/.m2/repository/info/ganglia/gmetric4j/gmetric4j/1.0.7/gmetric4j-1.0.7.jar:/home/user/.m2/repository/org/apache/ratis/ratis-netty/0.5.0-3f446aa-SNAPSHOT/ratis-netty-0.5.0-3f446aa-SNAPSHOT.jar:/home/user/.m2/repository/org/apache/ratis/ratis-grpc/0.5.0-3f446aa-SNAPSHOT/ratis-grpc-0.5.0-3f446aa-SNAPSHOT.jar:/home/user/.m2/repository/org/rocksdb/rocksdbjni/6.0.1/rocksdbjni-6.0.1.jar:/home/user/.m2/repository/org/apache/logging/log4j/log4j-api/2.11.0/log4j-api-2.11.0.jar:/home/user/.m2/repository/org/apache/logging/log4j/log4j-core/2.11.0/log4j-core-2.11.0.jar:/home/user/.m2/repository/com/lmax/disruptor/3.4.2/disruptor-3.4.2.jar:/home/user/.m2/repository/org/apache/commons/commons-pool2/2.6.0/commons-pool2-2.6.0.jar:/home/user/.m2/repository/org/bouncycastle/bcpkix-jdk15on/1.60/bcpkix-jdk15on-1.60.jar:/home/user/.m2/repository/commons-validator/commons-validator/1.6/commons-validator-1.6.jar:/home/user/.m2/repository/commons-digester/commons-digester/1.8.1/commons-digester-1.8.1.jar:/home/user/.m2/repository/io/jaegertracing/jaeger-client/0.34.0/jaeger-client-0.34.0.jar:/home/user/.m2/repository/io/jaegertracing/jaeger-thrift/0.34.0/jaeger-thrift-0.34.0.jar:/home/user/.m2/repository/org/apache/thrift/libthrift/0.12.0/libthrift-0.12.0.jar:/home/user/.m2/repository/com/squareup/okhttp3/okhttp/3.9.0/okhttp-3.9.0.jar:/home/user/.m2/repository/com/squareup/okio/okio/1.13.0/okio-1.13.0.jar:/home/user/.m2/repository/io/jaegertracing/jaeger-core/0.34.0/jaeger-core-0.34.0.jar:/home/user/.m2/repository/io/jaegertracing/jaeger-tracerresolver/0.34.0/jaeger-tracerresolver-0.34.0.jar:/home/user/.m2/repository/io/opentracing/contrib/opentracing-tracerresolver/0.1.5/opentracing-tracerresolver-0.1.5.jar:/home/user/.m2/repository/io/opentracing/opentracing-util/0.31.0/opentracing-util-0.31.0.jar:/home/user/.m2/repository/io/opentracing/opentracing-api/0.31.0/opentracing-api-0.31.0.jar:/home/user/.m2/repository/io/opentracing/opentracing-noop/0.31.0/opentracing-noop-0.31.0.jar:/home/user/.m2/repository/org/apache/hadoop/hadoop-hdds-server-framework/0.5.0-SNAPSHOT/hadoop-hdds-server-framework-0.5.0-SNAPSHOT.jar:/home/user/.m2/repository/org/apache/hadoop/hadoop-hdds-container-service/0.5.0-SNAPSHOT/hadoop-hdds-container-service-0.5.0-SNAPSHOT.jar:/home/user/.m2/repository/org/apache/hadoop/hadoop-hdds-client/0.5.0-SNAPSHOT/hadoop-hdds-client-0.5.0-SNAPSHOT.jar:/home/user/.m2/repository/org/apache/hadoop/hadoop-hdds-tools/0.5.0-SNAPSHOT/hadoop-hdds-tools-0.5.0-SNAPSHOT.jar:/home/user/.m2/repository/org/apache/hadoop/hadoop-hdds-server-scm/0.5.0-SNAPSHOT/hadoop-hdds-server-scm-0.5.0-SNAPSHOT.jar:/home/user/.m2/repository/org/apache/hadoop/hadoop-hdds-docs/0.5.0-SNAPSHOT/hadoop-hdds-docs-0.5.0-SNAPSHOT.jar:/home/user/.m2/repository/io/dropwizard/metrics/metrics-core/3.2.4/metrics-core-3.2.4.jar:/home/user/.m2/repository/org/hamcrest/hamcrest-all/1.3/hamcrest-all-1.3.jar:/home/user/.m2/repository/org/bouncycastle/bcprov-jdk15on/1.60/bcprov-jdk15on-1.60.jar:/home/user/.m2/repository/info/picocli/picocli/3.9.6/picocli-3.9.6.jar:/home/user/.m2/repository/com/google/protobuf/protobuf-java/2.5.0/protobuf-java-2.5.0.jar:/home/user/.m2/repository/com/google/guava/guava/11.0.2/guava-11.0.2.jar:/home/user/.m2/repository/org/apache/hadoop/hadoop-ozone-ozone-manager/0.5.0-SNAPSHOT/hadoop-ozone-ozone-manager-0.5.0-SNAPSHOT.jar:/home/user/.m2/repository/org/apache/hadoop/hadoop-minikdc/3.2.0/hadoop-minikdc-3.2.0.jar:/home/user/.m2/repository/commons-io/commons-io/2.5/commons-io-2.5.jar:/home/user/.m2/repository/org/apache/kerby/kerb-simplekdc/1.0.1/kerb-simplekdc-1.0.1.jar:/home/user/.m2/repository/org/apache/kerby/kerb-client/1.0.1/kerb-client-1.0.1.jar:/home/user/.m2/repository/org/apache/kerby/kerby-config/1.0.1/kerby-config-1.0.1.jar:/home/user/.m2/repository/org/apache/kerby/kerb-core/1.0.1/kerb-core-1.0.1.jar:/home/user/.m2/repository/org/apache/kerby/kerby-pkix/1.0.1/kerby-pkix-1.0.1.jar:/home/user/.m2/repository/org/apache/kerby/kerby-asn1/1.0.1/kerby-asn1-1.0.1.jar:/home/user/.m2/repository/org/apache/kerby/kerby-util/1.0.1/kerby-util-1.0.1.jar:/home/user/.m2/repository/org/apache/kerby/kerb-common/1.0.1/kerb-common-1.0.1.jar:/home/user/.m2/repository/org/apache/kerby/kerb-crypto/1.0.1/kerb-crypto-1.0.1.jar:/home/user/.m2/repository/org/apache/kerby/kerb-util/1.0.1/kerb-util-1.0.1.jar:/home/user/.m2/repository/org/apache/kerby/token-provider/1.0.1/token-provider-1.0.1.jar:/home/user/.m2/repository/org/apache/kerby/kerb-admin/1.0.1/kerb-admin-1.0.1.jar:/home/user/.m2/repository/org/apache/kerby/kerb-server/1.0.1/kerb-server-1.0.1.jar:/home/user/.m2/repository/org/apache/kerby/kerb-identity/1.0.1/kerb-identity-1.0.1.jar:/home/user/.m2/repository/org/apache/kerby/kerby-xdr/1.0.1/kerby-xdr-1.0.1.jar:/home/user/.m2/repository/org/slf4j/slf4j-log4j12/1.7.25/slf4j-log4j12-1.7.25.jar:/home/user/.m2/repository/org/apache/hadoop/hadoop-ozone-s3gateway/0.5.0-SNAPSHOT/hadoop-ozone-s3gateway-0.5.0-SNAPSHOT.jar:/home/user/.m2/repository/org/jboss/weld/servlet/weld-servlet/2.4.7.Final/weld-servlet-2.4.7.Final.jar:/home/user/.m2/repository/org/glassfish/jersey/containers/jersey-container-servlet-core/2.27/jersey-container-servlet-core-2.27.jar:/home/user/.m2/repository/org/glassfish/hk2/external/javax.inject/2.5.0-b42/javax.inject-2.5.0-b42.jar:/home/user/.m2/repository/org/glassfish/jersey/core/jersey-common/2.27/jersey-common-2.27.jar:/home/user/.m2/repository/org/glassfish/hk2/osgi-resource-locator/1.0.1/osgi-resource-locator-1.0.1.jar:/home/user/.m2/repository/javax/ws/rs/javax.ws.rs-api/2.1/javax.ws.rs-api-2.1.jar:/home/user/.m2/repository/org/glassfish/jersey/ext/cdi/jersey-cdi1x/2.27/jersey-cdi1x-2.27.jar:/home/user/.m2/repository/org/glassfish/jersey/inject/jersey-hk2/2.27/jersey-hk2-2.27.jar:/home/user/.m2/repository/org/glassfish/hk2/hk2-locator/2.5.0-b42/hk2-locator-2.5.0-b42.jar:/home/user/.m2/repository/org/javassist/javassist/3.22.0-CR2/javassist-3.22.0-CR2.jar:/home/user/.m2/repository/org/glassfish/hk2/hk2-api/2.5.0/hk2-api-2.5.0.jar:/home/user/.m2/repository/org/glassfish/hk2/external/jakarta.inject/2.5.0/jakarta.inject-2.5.0.jar:/home/user/.m2/repository/org/glassfish/hk2/hk2-utils/2.5.0/hk2-utils-2.5.0.jar:/home/user/.m2/repository/jakarta/annotation/jakarta.annotation-api/1.3.4/jakarta.annotation-api-1.3.4.jar:/home/user/.m2/repository/org/glassfish/hk2/external/aopalliance-repackaged/2.5.0/aopalliance-repackaged-2.5.0.jar:/home/user/.m2/repository/com/fasterxml/jackson/dataformat/jackson-dataformat-xml/2.9.0/jackson-dataformat-xml-2.9.0.jar:/home/user/.m2/repository/com/fasterxml/jackson/core/jackson-core/2.9.9/jackson-core-2.9.9.jar:/home/user/.m2/repository/com/fasterxml/jackson/module/jackson-module-jaxb-annotations/2.9.9/jackson-module-jaxb-annotations-2.9.9.jar:/home/user/.m2/repository/javax/enterprise/cdi-api/1.2/cdi-api-1.2.jar:/home/user/.m2/repository/javax/el/javax.el-api/3.0.0/javax.el-api-3.0.0.jar:/home/user/.m2/repository/javax/interceptor/javax.interceptor-api/1.2/javax.interceptor-api-1.2.jar:/home/user/.m2/repository/javax/inject/javax.inject/1/javax.inject-1.jar:/home/user/.m2/repository/com/sun/xml/bind/jaxb-impl/2.3.0.1/jaxb-impl-2.3.0.1.jar:/home/user/.m2/repository/com/sun/xml/bind/jaxb-core/2.3.0.1/jaxb-core-2.3.0.1.jar:/home/user/.m2/repository/javax/xml/bind/jaxb-api/2.3.0/jaxb-api-2.3.0.jar:/home/user/.m2/repository/javax/activation/activation/1.1.1/activation-1.1.1.jar:/home/user/.m2/repository/org/apache/hadoop/hadoop-ozone-csi/0.5.0-SNAPSHOT/hadoop-ozone-csi-0.5.0-SNAPSHOT.jar:/home/user/.m2/repository/com/google/protobuf/protobuf-java-util/3.5.1/protobuf-java-util-3.5.1.jar:/home/user/.m2/repository/org/apache/hadoop/hadoop-hdds-config/0.5.0-SNAPSHOT/hadoop-hdds-config-0.5.0-SNAPSHOT.jar:/home/user/.m2/repository/io/grpc/grpc-netty/1.17.1/grpc-netty-1.17.1.jar:/home/user/.m2/repository/io/grpc/grpc-core/1.17.1/grpc-core-1.17.1.jar:/home/user/.m2/repository/io/grpc/grpc-context/1.17.1/grpc-context-1.17.1.jar:/home/user/.m2/repository/com/google/errorprone/error_prone_annotations/2.2.0/error_prone_annotations-2.2.0.jar:/home/user/.m2/repository/org/codehaus/mojo/animal-sniffer-annotations/1.17/animal-sniffer-annotations-1.17.jar:/home/user/.m2/repository/io/opencensus/opencensus-api/0.17.0/opencensus-api-0.17.0.jar:/home/user/.m2/repository/io/opencensus/opencensus-contrib-grpc-metrics/0.17.0/opencensus-contrib-grpc-metrics-0.17.0.jar:/home/user/.m2/repository/io/netty/netty-codec-http2/4.1.30.Final/netty-codec-http2-4.1.30.Final.jar:/home/user/.m2/repository/io/netty/netty-codec-http/4.1.30.Final/netty-codec-http-4.1.30.Final.jar:/home/user/.m2/repository/io/netty/netty-codec/4.1.30.Final/netty-codec-4.1.30.Final.jar:/home/user/.m2/repository/io/netty/netty-handler/4.1.30.Final/netty-handler-4.1.30.Final.jar:/home/user/.m2/repository/io/netty/netty-handler-proxy/4.1.30.Final/netty-handler-proxy-4.1.30.Final.jar:/home/user/.m2/repository/io/netty/netty-codec-socks/4.1.30.Final/netty-codec-socks-4.1.30.Final.jar:/home/user/.m2/repository/io/netty/netty-transport-native-epoll/4.1.30.Final/netty-transport-native-epoll-4.1.30.Final.jar:/home/user/.m2/repository/io/netty/netty-common/4.1.30.Final/netty-common-4.1.30.Final.jar:/home/user/.m2/repository/io/netty/netty-buffer/4.1.30.Final/netty-buffer-4.1.30.Final.jar:/home/user/.m2/repository/io/netty/netty-transport/4.1.30.Final/netty-transport-4.1.30.Final.jar:/home/user/.m2/repository/io/netty/netty-resolver/4.1.30.Final/netty-resolver-4.1.30.Final.jar:/home/user/.m2/repository/io/netty/netty-transport-native-unix-common/4.1.30.Final/netty-transport-native-unix-common-4.1.30.Final.jar:/home/user/.m2/repository/io/grpc/grpc-protobuf/1.17.1/grpc-protobuf-1.17.1.jar:/home/user/.m2/repository/com/google/api/grpc/proto-google-common-protos/1.0.0/proto-google-common-protos-1.0.0.jar:/home/user/.m2/repository/io/grpc/grpc-protobuf-lite/1.17.1/grpc-protobuf-lite-1.17.1.jar:/home/user/.m2/repository/io/grpc/grpc-stub/1.17.1/grpc-stub-1.17.1.jar:/home/user/.m2/repository/org/apache/hadoop/hadoop-ozone-recon/0.5.0-SNAPSHOT/hadoop-ozone-recon-0.5.0-SNAPSHOT.jar:/home/user/.m2/repository/org/apache/hadoop/hadoop-ozone-reconcodegen/0.5.0-SNAPSHOT/hadoop-ozone-reconcodegen-0.5.0-SNAPSHOT.jar:/home/user/.m2/repository/com/google/inject/extensions/guice-multibindings/4.0/guice-multibindings-4.0.jar:/home/user/.m2/repository/com/google/inject/guice/4.0/guice-4.0.jar:/home/user/.m2/repository/aopalliance/aopalliance/1.0/aopalliance-1.0.jar:/home/user/.m2/repository/com/google/inject/extensions/guice-servlet/4.0/guice-servlet-4.0.jar:/home/user/.m2/repository/org/glassfish/jersey/containers/jersey-container-servlet/2.27/jersey-container-servlet-2.27.jar:/home/user/.m2/repository/org/glassfish/hk2/guice-bridge/2.5.0/guice-bridge-2.5.0.jar:/home/user/.m2/repository/org/glassfish/jersey/core/jersey-server/2.27/jersey-server-2.27.jar:/home/user/.m2/repository/org/glassfish/jersey/core/jersey-client/2.27/jersey-client-2.27.jar:/home/user/.m2/repository/org/glassfish/jersey/media/jersey-media-jaxb/2.27/jersey-media-jaxb-2.27.jar:/home/user/.m2/repository/javax/validation/validation-api/1.1.0.Final/validation-api-1.1.0.Final.jar:/home/user/.m2/repository/org/glassfish/jersey/media/jersey-media-json-jackson/2.27/jersey-media-json-jackson-2.27.jar:/home/user/.m2/repository/org/glassfish/jersey/ext/jersey-entity-filtering/2.27/jersey-entity-filtering-2.27.jar:/home/user/.m2/repository/com/google/inject/extensions/guice-assistedinject/4.0/guice-assistedinject-4.0.jar:/home/user/.m2/repository/org/jooq/jooq/3.11.10/jooq-3.11.10.jar:/home/user/.m2/repository/org/jooq/jooq-meta/3.11.10/jooq-meta-3.11.10.jar:/home/user/.m2/repository/org/jooq/jooq-codegen/3.11.10/jooq-codegen-3.11.10.jar:/home/user/.m2/repository/com/jolbox/bonecp/0.8.0.RELEASE/bonecp-0.8.0.RELEASE.jar:/home/user/.m2/repository/org/xerial/sqlite-jdbc/3.25.2/sqlite-jdbc-3.25.2.jar:/home/user/.m2/repository/org/springframework/spring-jdbc/5.1.3.RELEASE/spring-jdbc-5.1.3.RELEASE.jar:/home/user/.m2/repository/org/springframework/spring-beans/5.1.3.RELEASE/spring-beans-5.1.3.RELEASE.jar:/home/user/.m2/repository/org/springframework/spring-core/5.1.3.RELEASE/spring-core-5.1.3.RELEASE.jar:/home/user/.m2/repository/org/springframework/spring-jcl/5.1.3.RELEASE/spring-jcl-5.1.3.RELEASE.jar:/home/user/.m2/repository/org/springframework/spring-tx/5.1.3.RELEASE/spring-tx-5.1.3.RELEASE.jar:/home/user/.m2/repository/org/apache/hadoop/hadoop-ozone-client/0.5.0-SNAPSHOT/hadoop-ozone-client-0.5.0-SNAPSHOT.jar:/home/user/.m2/repository/commons-lang/commons-lang/2.6/commons-lang-2.6.jar:/home/user/.m2/repository/org/apache/hadoop/hadoop-ozone-ozone-manager/0.5.0-SNAPSHOT/hadoop-ozone-ozone-manager-0.5.0-SNAPSHOT-tests.jar:/home/user/.m2/repository/junit/junit/4.11/junit-4.11.jar:/home/user/.m2/repository/org/hamcrest/hamcrest-core/1.3/hamcrest-core-1.3.jar:/home/user/.m2/repository/org/openjdk/jmh/jmh-core/1.19/jmh-core-1.19.jar:/home/user/.m2/repository/net/sf/jopt-simple/jopt-simple/4.6/jopt-simple-4.6.jar:/home/user/.m2/repository/org/apache/commons/commons-math3/3.1.1/commons-math3-3.1.1.jar:/home/user/.m2/repository/org/openjdk/jmh/jmh-generator-annprocess/1.19/jmh-generator-annprocess-1.19.jar:/home/user/.m2/repository/org/mockito/mockito-all/1.8.5/mockito-all-1.8.5.jar:/home/user/.m2/repository/org/apache/hadoop/hadoop-kms/3.2.0/hadoop-kms-3.2.0.jar:/home/user/.m2/repository/org/apache/hadoop/hadoop-auth/3.2.0/hadoop-auth-3.2.0.jar:/home/user/.m2/repository/com/nimbusds/nimbus-jose-jwt/4.41.1/nimbus-jose-jwt-4.41.1.jar:/home/user/.m2/repository/com/github/stephenc/jcip/jcip-annotations/1.0-1/jcip-annotations-1.0-1.jar:/home/user/.m2/repository/net/minidev/json-smart/2.3/json-smart-2.3.jar:/home/user/.m2/repository/net/minidev/accessors-smart/1.2/accessors-smart-1.2.jar:/home/user/.m2/repository/org/ow2/asm/asm/5.0.4/asm-5.0.4.jar:/home/user/.m2/repository/org/apache/curator/curator-framework/2.12.0/curator-framework-2.12.0.jar:/home/user/.m2/repository/com/sun/jersey/jersey-core/1.19/jersey-core-1.19.jar:/home/user/.m2/repository/javax/ws/rs/jsr311-api/1.1.1/jsr311-api-1.1.1.jar:/home/user/.m2/repository/com/sun/jersey/jersey-server/1.19/jersey-server-1.19.jar:/home/user/.m2/repository/javax/servlet/javax.servlet-api/3.1.0/javax.servlet-api-3.1.0.jar:/home/user/.m2/repository/org/eclipse/jetty/jetty-server/9.3.25.v20180904/jetty-server-9.3.25.v20180904.jar:/home/user/.m2/repository/org/eclipse/jetty/jetty-http/9.3.25.v20180904/jetty-http-9.3.25.v20180904.jar:/home/user/.m2/repository/org/eclipse/jetty/jetty-io/9.3.25.v20180904/jetty-io-9.3.25.v20180904.jar:/home/user/.m2/repository/org/eclipse/jetty/jetty-webapp/9.3.25.v20180904/jetty-webapp-9.3.25.v20180904.jar:/home/user/.m2/repository/org/eclipse/jetty/jetty-xml/9.3.25.v20180904/jetty-xml-9.3.25.v20180904.jar:/home/user/.m2/repository/log4j/log4j/1.2.17/log4j-1.2.17.jar:/home/user/.m2/repository/org/slf4j/slf4j-api/1.7.25/slf4j-api-1.7.25.jar:/home/user/.m2/repository/org/slf4j/jul-to-slf4j/1.7.25/jul-to-slf4j-1.7.25.jar:/home/user/.m2/repository/org/eclipse/jetty/jetty-util/9.3.25.v20180904/jetty-util-9.3.25.v20180904.jar:/home/user/.m2/repository/com/fasterxml/jackson/core/jackson-databind/2.9.9/jackson-databind-2.9.9.jar:/home/user/.m2/repository/org/apache/hadoop/hadoop-kms/3.2.0/hadoop-kms-3.2.0-tests.jar:/home/user/.m2/repository/org/apache/hadoop/hadoop-hdds-server-scm/0.5.0-SNAPSHOT/hadoop-hdds-server-scm-0.5.0-SNAPSHOT-tests.jar:/home/user/.m2/repository/org/apache/hadoop/hadoop-hdds-container-service/0.5.0-SNAPSHOT/hadoop-hdds-container-service-0.5.0-SNAPSHOT-tests.jar:/home/user/.m2/repository/org/yaml/snakeyaml/1.16/snakeyaml-1.16.jar:/home/user/.m2/repository/org/apache/hadoop/hadoop-common/3.2.0/hadoop-common-3.2.0-tests.jar:/home/user/.m2/repository/org/apache/hadoop/hadoop-annotations/3.2.0/hadoop-annotations-3.2.0.jar:/usr/lib/jvm/java-1.8.0-openjdk-1.8.0.222.b10-1.el7_7.x86_64/jre/../lib/tools.jar:/home/user/.m2/repository/commons-cli/commons-cli/1.2/commons-cli-1.2.jar:/home/user/.m2/repository/org/apache/httpcomponents/httpclient/4.5.2/httpclient-4.5.2.jar:/home/user/.m2/repository/org/apache/httpcomponents/httpcore/4.4.4/httpcore-4.4.4.jar:/home/user/.m2/repository/commons-codec/commons-codec/1.11/commons-codec-1.11.jar:/home/user/.m2/repository/commons-net/commons-net/3.6/commons-net-3.6.jar:/home/user/.m2/repository/commons-collections/commons-collections/3.2.2/commons-collections-3.2.2.jar:/home/user/.m2/repository/org/eclipse/jetty/jetty-servlet/9.3.25.v20180904/jetty-servlet-9.3.25.v20180904.jar:/home/user/.m2/repository/org/eclipse/jetty/jetty-security/9.3.25.v20180904/jetty-security-9.3.25.v20180904.jar:/home/user/.m2/repository/javax/servlet/jsp/jsp-api/2.1/jsp-api-2.1.jar:/home/user/.m2/repository/com/sun/jersey/jersey-servlet/1.19/jersey-servlet-1.19.jar:/home/user/.m2/repository/com/sun/jersey/jersey-json/1.19/jersey-json-1.19.jar:/home/user/.m2/repository/org/codehaus/jettison/jettison/1.1/jettison-1.1.jar:/home/user/.m2/repository/org/codehaus/jackson/jackson-core-asl/1.9.13/jackson-core-asl-1.9.13.jar:/home/user/.m2/repository/org/codehaus/jackson/jackson-mapper-asl/1.9.13/jackson-mapper-asl-1.9.13.jar:/home/user/.m2/repository/org/codehaus/jackson/jackson-jaxrs/1.9.13/jackson-jaxrs-1.9.13.jar:/home/user/.m2/repository/org/codehaus/jackson/jackson-xc/1.9.13/jackson-xc-1.9.13.jar:/home/user/.m2/repository/commons-logging/commons-logging/1.1.3/commons-logging-1.1.3.jar:/home/user/.m2/repository/commons-beanutils/commons-beanutils/1.9.4/commons-beanutils-1.9.4.jar:/home/user/.m2/repository/org/apache/commons/commons-configuration2/2.1.1/commons-configuration2-2.1.1.jar:/home/user/.m2/repository/org/apache/commons/commons-lang3/3.7/commons-lang3-3.7.jar:/home/user/.m2/repository/org/apache/commons/commons-text/1.4/commons-text-1.4.jar:/home/user/.m2/repository/org/apache/avro/avro/1.7.7/avro-1.7.7.jar:/home/user/.m2/repository/com/thoughtworks/paranamer/paranamer/2.3/paranamer-2.3.jar:/home/user/.m2/repository/org/xerial/snappy/snappy-java/1.0.5/snappy-java-1.0.5.jar:/home/user/.m2/repository/com/google/re2j/re2j/1.1/re2j-1.1.jar:/home/user/.m2/repository/com/google/code/gson/gson/2.2.4/gson-2.2.4.jar:/home/user/.m2/repository/com/jcraft/jsch/0.1.54/jsch-0.1.54.jar:/home/user/.m2/repository/org/apache/curator/curator-client/2.12.0/curator-client-2.12.0.jar:/home/user/.m2/repository/org/apache/curator/curator-recipes/2.12.0/curator-recipes-2.12.0.jar:/home/user/.m2/repository/com/google/code/findbugs/jsr305/3.0.0/jsr305-3.0.0.jar:/home/user/.m2/repository/org/apache/htrace/htrace-core4/4.1.0-incubating/htrace-core4-4.1.0-incubating.jar:/home/user/.m2/repository/org/apache/zookeeper/zookeeper/3.4.13/zookeeper-3.4.13.jar:/home/user/.m2/repository/jline/jline/0.9.94/jline-0.9.94.jar:/home/user/.m2/repository/org/apache/yetus/audience-annotations/0.5.0/audience-annotations-0.5.0.jar:/home/user/.m2/repository/org/codehaus/woodstox/stax2-api/3.1.4/stax2-api-3.1.4.jar:/home/user/.m2/repository/com/fasterxml/woodstox/woodstox-core/5.0.3/woodstox-core-5.0.3.jar:/home/user/.m2/repository/dnsjava/dnsjava/2.1.7/dnsjava-2.1.7.jar:/home/user/.m2/repository/org/apache/hadoop/hadoop-hdfs/3.2.0/hadoop-hdfs-3.2.0-tests.jar:/home/user/.m2/repository/org/eclipse/jetty/jetty-util-ajax/9.3.25.v20180904/jetty-util-ajax-9.3.25.v20180904.jar:/home/user/.m2/repository/commons-daemon/commons-daemon/1.0.13/commons-daemon-1.0.13.jar:/home/user/.m2/repository/io/netty/netty/3.10.5.Final/netty-3.10.5.Final.jar:/home/user/.m2/repository/io/netty/netty-all/4.0.52.Final/netty-all-4.0.52.Final.jar:/home/user/.m2/repository/org/fusesource/leveldbjni/leveldbjni-all/1.8/leveldbjni-all-1.8.jar:"/>
    <property name="java.vm.vendor" value="Oracle Corporation"/>
    <property name="sun.arch.data.model" value="64"/>
    <property name="test.build.dir" value="/workdir/hadoop-ozone/integration-test/target/test-dir"/>
    <property name="test.cache.data" value=""/>
    <property name="java.vendor.url" value="http://java.oracle.com/"/>
    <property name="user.timezone" value=""/>
    <property name="java.vm.specification.version" value="1.8"/>
    <property name="os.name" value="Linux"/>
    <property name="test.build.data" value="/workdir/hadoop-ozone/integration-test/target/test-dir"/>
    <property name="user.country" value="US"/>
    <property name="sun.java.launcher" value="SUN_STANDARD"/>
    <property name="sun.boot.library.path" value="/usr/lib/jvm/java-1.8.0-openjdk-1.8.0.222.b10-1.el7_7.x86_64/jre/lib/amd64"/>
    <property name="sun.java.command" value="/workdir/hadoop-ozone/integration-test/target/surefire/surefirebooter8839351601791126789.jar /workdir/hadoop-ozone/integration-test/target/surefire 2019-10-16T20-36-31_339-jvmRun1 surefire4330656987900093493tmp surefire_51949005427234344868tmp"/>
    <property name="surefire.test.class.path" value="/workdir/hadoop-ozone/integration-test/target/test-classes:/workdir/hadoop-ozone/integration-test/target/classes:/home/user/.m2/repository/org/apache/hadoop/hadoop-ozone-common/0.5.0-SNAPSHOT/hadoop-ozone-common-0.5.0-SNAPSHOT.jar:/home/user/.m2/repository/org/apache/commons/commons-compress/1.4.1/commons-compress-1.4.1.jar:/home/user/.m2/repository/org/tukaani/xz/1.0/xz-1.0.jar:/home/user/.m2/repository/org/apache/hadoop/hadoop-common/3.2.0/hadoop-common-3.2.0.jar:/home/user/.m2/repository/org/apache/hadoop/hadoop-hdfs/3.2.0/hadoop-hdfs-3.2.0.jar:/home/user/.m2/repository/org/apache/hadoop/hadoop-hdfs-client/3.2.0/hadoop-hdfs-client-3.2.0.jar:/home/user/.m2/repository/com/fasterxml/jackson/core/jackson-annotations/2.9.9/jackson-annotations-2.9.9.jar:/home/user/.m2/repository/org/apache/hadoop/hadoop-hdds-common/0.5.0-SNAPSHOT/hadoop-hdds-common-0.5.0-SNAPSHOT.jar:/home/user/.m2/repository/javax/annotation/javax.annotation-api/1.2/javax.annotation-api-1.2.jar:/home/user/.m2/repository/org/apache/ratis/ratis-server/0.5.0-3f446aa-SNAPSHOT/ratis-server-0.5.0-3f446aa-SNAPSHOT.jar:/home/user/.m2/repository/org/apache/ratis/ratis-thirdparty-misc/0.2.0/ratis-thirdparty-misc-0.2.0.jar:/home/user/.m2/repository/org/apache/ratis/ratis-proto/0.5.0-3f446aa-SNAPSHOT/ratis-proto-0.5.0-3f446aa-SNAPSHOT.jar:/home/user/.m2/repository/org/apache/ratis/ratis-common/0.5.0-3f446aa-SNAPSHOT/ratis-common-0.5.0-3f446aa-SNAPSHOT.jar:/home/user/.m2/repository/org/apache/ratis/ratis-client/0.5.0-3f446aa-SNAPSHOT/ratis-client-0.5.0-3f446aa-SNAPSHOT.jar:/home/user/.m2/repository/org/apache/ratis/ratis-metrics/0.5.0-3f446aa-SNAPSHOT/ratis-metrics-0.5.0-3f446aa-SNAPSHOT.jar:/home/user/.m2/repository/com/github/joshelser/dropwizard-metrics-hadoop-metrics2-reporter/0.1.2/dropwizard-metrics-hadoop-metrics2-reporter-0.1.2.jar:/home/user/.m2/repository/io/dropwizard/metrics/metrics-jvm/3.2.5/metrics-jvm-3.2.5.jar:/home/user/.m2/repository/io/dropwizard/metrics/metrics-ganglia/3.2.5/metrics-ganglia-3.2.5.jar:/home/user/.m2/repository/info/ganglia/gmetric4j/gmetric4j/1.0.7/gmetric4j-1.0.7.jar:/home/user/.m2/repository/org/apache/ratis/ratis-netty/0.5.0-3f446aa-SNAPSHOT/ratis-netty-0.5.0-3f446aa-SNAPSHOT.jar:/home/user/.m2/repository/org/apache/ratis/ratis-grpc/0.5.0-3f446aa-SNAPSHOT/ratis-grpc-0.5.0-3f446aa-SNAPSHOT.jar:/home/user/.m2/repository/org/rocksdb/rocksdbjni/6.0.1/rocksdbjni-6.0.1.jar:/home/user/.m2/repository/org/apache/logging/log4j/log4j-api/2.11.0/log4j-api-2.11.0.jar:/home/user/.m2/repository/org/apache/logging/log4j/log4j-core/2.11.0/log4j-core-2.11.0.jar:/home/user/.m2/repository/com/lmax/disruptor/3.4.2/disruptor-3.4.2.jar:/home/user/.m2/repository/org/apache/commons/commons-pool2/2.6.0/commons-pool2-2.6.0.jar:/home/user/.m2/repository/org/bouncycastle/bcpkix-jdk15on/1.60/bcpkix-jdk15on-1.60.jar:/home/user/.m2/repository/commons-validator/commons-validator/1.6/commons-validator-1.6.jar:/home/user/.m2/repository/commons-digester/commons-digester/1.8.1/commons-digester-1.8.1.jar:/home/user/.m2/repository/io/jaegertracing/jaeger-client/0.34.0/jaeger-client-0.34.0.jar:/home/user/.m2/repository/io/jaegertracing/jaeger-thrift/0.34.0/jaeger-thrift-0.34.0.jar:/home/user/.m2/repository/org/apache/thrift/libthrift/0.12.0/libthrift-0.12.0.jar:/home/user/.m2/repository/com/squareup/okhttp3/okhttp/3.9.0/okhttp-3.9.0.jar:/home/user/.m2/repository/com/squareup/okio/okio/1.13.0/okio-1.13.0.jar:/home/user/.m2/repository/io/jaegertracing/jaeger-core/0.34.0/jaeger-core-0.34.0.jar:/home/user/.m2/repository/io/jaegertracing/jaeger-tracerresolver/0.34.0/jaeger-tracerresolver-0.34.0.jar:/home/user/.m2/repository/io/opentracing/contrib/opentracing-tracerresolver/0.1.5/opentracing-tracerresolver-0.1.5.jar:/home/user/.m2/repository/io/opentracing/opentracing-util/0.31.0/opentracing-util-0.31.0.jar:/home/user/.m2/repository/io/opentracing/opentracing-api/0.31.0/opentracing-api-0.31.0.jar:/home/user/.m2/repository/io/opentracing/opentracing-noop/0.31.0/opentracing-noop-0.31.0.jar:/home/user/.m2/repository/org/apache/hadoop/hadoop-hdds-server-framework/0.5.0-SNAPSHOT/hadoop-hdds-server-framework-0.5.0-SNAPSHOT.jar:/home/user/.m2/repository/org/apache/hadoop/hadoop-hdds-container-service/0.5.0-SNAPSHOT/hadoop-hdds-container-service-0.5.0-SNAPSHOT.jar:/home/user/.m2/repository/org/apache/hadoop/hadoop-hdds-client/0.5.0-SNAPSHOT/hadoop-hdds-client-0.5.0-SNAPSHOT.jar:/home/user/.m2/repository/org/apache/hadoop/hadoop-hdds-tools/0.5.0-SNAPSHOT/hadoop-hdds-tools-0.5.0-SNAPSHOT.jar:/home/user/.m2/repository/org/apache/hadoop/hadoop-hdds-server-scm/0.5.0-SNAPSHOT/hadoop-hdds-server-scm-0.5.0-SNAPSHOT.jar:/home/user/.m2/repository/org/apache/hadoop/hadoop-hdds-docs/0.5.0-SNAPSHOT/hadoop-hdds-docs-0.5.0-SNAPSHOT.jar:/home/user/.m2/repository/io/dropwizard/metrics/metrics-core/3.2.4/metrics-core-3.2.4.jar:/home/user/.m2/repository/org/hamcrest/hamcrest-all/1.3/hamcrest-all-1.3.jar:/home/user/.m2/repository/org/bouncycastle/bcprov-jdk15on/1.60/bcprov-jdk15on-1.60.jar:/home/user/.m2/repository/info/picocli/picocli/3.9.6/picocli-3.9.6.jar:/home/user/.m2/repository/com/google/protobuf/protobuf-java/2.5.0/protobuf-java-2.5.0.jar:/home/user/.m2/repository/com/google/guava/guava/11.0.2/guava-11.0.2.jar:/home/user/.m2/repository/org/apache/hadoop/hadoop-ozone-ozone-manager/0.5.0-SNAPSHOT/hadoop-ozone-ozone-manager-0.5.0-SNAPSHOT.jar:/home/user/.m2/repository/org/apache/hadoop/hadoop-minikdc/3.2.0/hadoop-minikdc-3.2.0.jar:/home/user/.m2/repository/commons-io/commons-io/2.5/commons-io-2.5.jar:/home/user/.m2/repository/org/apache/kerby/kerb-simplekdc/1.0.1/kerb-simplekdc-1.0.1.jar:/home/user/.m2/repository/org/apache/kerby/kerb-client/1.0.1/kerb-client-1.0.1.jar:/home/user/.m2/repository/org/apache/kerby/kerby-config/1.0.1/kerby-config-1.0.1.jar:/home/user/.m2/repository/org/apache/kerby/kerb-core/1.0.1/kerb-core-1.0.1.jar:/home/user/.m2/repository/org/apache/kerby/kerby-pkix/1.0.1/kerby-pkix-1.0.1.jar:/home/user/.m2/repository/org/apache/kerby/kerby-asn1/1.0.1/kerby-asn1-1.0.1.jar:/home/user/.m2/repository/org/apache/kerby/kerby-util/1.0.1/kerby-util-1.0.1.jar:/home/user/.m2/repository/org/apache/kerby/kerb-common/1.0.1/kerb-common-1.0.1.jar:/home/user/.m2/repository/org/apache/kerby/kerb-crypto/1.0.1/kerb-crypto-1.0.1.jar:/home/user/.m2/repository/org/apache/kerby/kerb-util/1.0.1/kerb-util-1.0.1.jar:/home/user/.m2/repository/org/apache/kerby/token-provider/1.0.1/token-provider-1.0.1.jar:/home/user/.m2/repository/org/apache/kerby/kerb-admin/1.0.1/kerb-admin-1.0.1.jar:/home/user/.m2/repository/org/apache/kerby/kerb-server/1.0.1/kerb-server-1.0.1.jar:/home/user/.m2/repository/org/apache/kerby/kerb-identity/1.0.1/kerb-identity-1.0.1.jar:/home/user/.m2/repository/org/apache/kerby/kerby-xdr/1.0.1/kerby-xdr-1.0.1.jar:/home/user/.m2/repository/org/slf4j/slf4j-log4j12/1.7.25/slf4j-log4j12-1.7.25.jar:/home/user/.m2/repository/org/apache/hadoop/hadoop-ozone-s3gateway/0.5.0-SNAPSHOT/hadoop-ozone-s3gateway-0.5.0-SNAPSHOT.jar:/home/user/.m2/repository/org/jboss/weld/servlet/weld-servlet/2.4.7.Final/weld-servlet-2.4.7.Final.jar:/home/user/.m2/repository/org/glassfish/jersey/containers/jersey-container-servlet-core/2.27/jersey-container-servlet-core-2.27.jar:/home/user/.m2/repository/org/glassfish/hk2/external/javax.inject/2.5.0-b42/javax.inject-2.5.0-b42.jar:/home/user/.m2/repository/org/glassfish/jersey/core/jersey-common/2.27/jersey-common-2.27.jar:/home/user/.m2/repository/org/glassfish/hk2/osgi-resource-locator/1.0.1/osgi-resource-locator-1.0.1.jar:/home/user/.m2/repository/javax/ws/rs/javax.ws.rs-api/2.1/javax.ws.rs-api-2.1.jar:/home/user/.m2/repository/org/glassfish/jersey/ext/cdi/jersey-cdi1x/2.27/jersey-cdi1x-2.27.jar:/home/user/.m2/repository/org/glassfish/jersey/inject/jersey-hk2/2.27/jersey-hk2-2.27.jar:/home/user/.m2/repository/org/glassfish/hk2/hk2-locator/2.5.0-b42/hk2-locator-2.5.0-b42.jar:/home/user/.m2/repository/org/javassist/javassist/3.22.0-CR2/javassist-3.22.0-CR2.jar:/home/user/.m2/repository/org/glassfish/hk2/hk2-api/2.5.0/hk2-api-2.5.0.jar:/home/user/.m2/repository/org/glassfish/hk2/external/jakarta.inject/2.5.0/jakarta.inject-2.5.0.jar:/home/user/.m2/repository/org/glassfish/hk2/hk2-utils/2.5.0/hk2-utils-2.5.0.jar:/home/user/.m2/repository/jakarta/annotation/jakarta.annotation-api/1.3.4/jakarta.annotation-api-1.3.4.jar:/home/user/.m2/repository/org/glassfish/hk2/external/aopalliance-repackaged/2.5.0/aopalliance-repackaged-2.5.0.jar:/home/user/.m2/repository/com/fasterxml/jackson/dataformat/jackson-dataformat-xml/2.9.0/jackson-dataformat-xml-2.9.0.jar:/home/user/.m2/repository/com/fasterxml/jackson/core/jackson-core/2.9.9/jackson-core-2.9.9.jar:/home/user/.m2/repository/com/fasterxml/jackson/module/jackson-module-jaxb-annotations/2.9.9/jackson-module-jaxb-annotations-2.9.9.jar:/home/user/.m2/repository/javax/enterprise/cdi-api/1.2/cdi-api-1.2.jar:/home/user/.m2/repository/javax/el/javax.el-api/3.0.0/javax.el-api-3.0.0.jar:/home/user/.m2/repository/javax/interceptor/javax.interceptor-api/1.2/javax.interceptor-api-1.2.jar:/home/user/.m2/repository/javax/inject/javax.inject/1/javax.inject-1.jar:/home/user/.m2/repository/com/sun/xml/bind/jaxb-impl/2.3.0.1/jaxb-impl-2.3.0.1.jar:/home/user/.m2/repository/com/sun/xml/bind/jaxb-core/2.3.0.1/jaxb-core-2.3.0.1.jar:/home/user/.m2/repository/javax/xml/bind/jaxb-api/2.3.0/jaxb-api-2.3.0.jar:/home/user/.m2/repository/javax/activation/activation/1.1.1/activation-1.1.1.jar:/home/user/.m2/repository/org/apache/hadoop/hadoop-ozone-csi/0.5.0-SNAPSHOT/hadoop-ozone-csi-0.5.0-SNAPSHOT.jar:/home/user/.m2/repository/com/google/protobuf/protobuf-java-util/3.5.1/protobuf-java-util-3.5.1.jar:/home/user/.m2/repository/org/apache/hadoop/hadoop-hdds-config/0.5.0-SNAPSHOT/hadoop-hdds-config-0.5.0-SNAPSHOT.jar:/home/user/.m2/repository/io/grpc/grpc-netty/1.17.1/grpc-netty-1.17.1.jar:/home/user/.m2/repository/io/grpc/grpc-core/1.17.1/grpc-core-1.17.1.jar:/home/user/.m2/repository/io/grpc/grpc-context/1.17.1/grpc-context-1.17.1.jar:/home/user/.m2/repository/com/google/errorprone/error_prone_annotations/2.2.0/error_prone_annotations-2.2.0.jar:/home/user/.m2/repository/org/codehaus/mojo/animal-sniffer-annotations/1.17/animal-sniffer-annotations-1.17.jar:/home/user/.m2/repository/io/opencensus/opencensus-api/0.17.0/opencensus-api-0.17.0.jar:/home/user/.m2/repository/io/opencensus/opencensus-contrib-grpc-metrics/0.17.0/opencensus-contrib-grpc-metrics-0.17.0.jar:/home/user/.m2/repository/io/netty/netty-codec-http2/4.1.30.Final/netty-codec-http2-4.1.30.Final.jar:/home/user/.m2/repository/io/netty/netty-codec-http/4.1.30.Final/netty-codec-http-4.1.30.Final.jar:/home/user/.m2/repository/io/netty/netty-codec/4.1.30.Final/netty-codec-4.1.30.Final.jar:/home/user/.m2/repository/io/netty/netty-handler/4.1.30.Final/netty-handler-4.1.30.Final.jar:/home/user/.m2/repository/io/netty/netty-handler-proxy/4.1.30.Final/netty-handler-proxy-4.1.30.Final.jar:/home/user/.m2/repository/io/netty/netty-codec-socks/4.1.30.Final/netty-codec-socks-4.1.30.Final.jar:/home/user/.m2/repository/io/netty/netty-transport-native-epoll/4.1.30.Final/netty-transport-native-epoll-4.1.30.Final.jar:/home/user/.m2/repository/io/netty/netty-common/4.1.30.Final/netty-common-4.1.30.Final.jar:/home/user/.m2/repository/io/netty/netty-buffer/4.1.30.Final/netty-buffer-4.1.30.Final.jar:/home/user/.m2/repository/io/netty/netty-transport/4.1.30.Final/netty-transport-4.1.30.Final.jar:/home/user/.m2/repository/io/netty/netty-resolver/4.1.30.Final/netty-resolver-4.1.30.Final.jar:/home/user/.m2/repository/io/netty/netty-transport-native-unix-common/4.1.30.Final/netty-transport-native-unix-common-4.1.30.Final.jar:/home/user/.m2/repository/io/grpc/grpc-protobuf/1.17.1/grpc-protobuf-1.17.1.jar:/home/user/.m2/repository/com/google/api/grpc/proto-google-common-protos/1.0.0/proto-google-common-protos-1.0.0.jar:/home/user/.m2/repository/io/grpc/grpc-protobuf-lite/1.17.1/grpc-protobuf-lite-1.17.1.jar:/home/user/.m2/repository/io/grpc/grpc-stub/1.17.1/grpc-stub-1.17.1.jar:/home/user/.m2/repository/org/apache/hadoop/hadoop-ozone-recon/0.5.0-SNAPSHOT/hadoop-ozone-recon-0.5.0-SNAPSHOT.jar:/home/user/.m2/repository/org/apache/hadoop/hadoop-ozone-reconcodegen/0.5.0-SNAPSHOT/hadoop-ozone-reconcodegen-0.5.0-SNAPSHOT.jar:/home/user/.m2/repository/com/google/inject/extensions/guice-multibindings/4.0/guice-multibindings-4.0.jar:/home/user/.m2/repository/com/google/inject/guice/4.0/guice-4.0.jar:/home/user/.m2/repository/aopalliance/aopalliance/1.0/aopalliance-1.0.jar:/home/user/.m2/repository/com/google/inject/extensions/guice-servlet/4.0/guice-servlet-4.0.jar:/home/user/.m2/repository/org/glassfish/jersey/containers/jersey-container-servlet/2.27/jersey-container-servlet-2.27.jar:/home/user/.m2/repository/org/glassfish/hk2/guice-bridge/2.5.0/guice-bridge-2.5.0.jar:/home/user/.m2/repository/org/glassfish/jersey/core/jersey-server/2.27/jersey-server-2.27.jar:/home/user/.m2/repository/org/glassfish/jersey/core/jersey-client/2.27/jersey-client-2.27.jar:/home/user/.m2/repository/org/glassfish/jersey/media/jersey-media-jaxb/2.27/jersey-media-jaxb-2.27.jar:/home/user/.m2/repository/javax/validation/validation-api/1.1.0.Final/validation-api-1.1.0.Final.jar:/home/user/.m2/repository/org/glassfish/jersey/media/jersey-media-json-jackson/2.27/jersey-media-json-jackson-2.27.jar:/home/user/.m2/repository/org/glassfish/jersey/ext/jersey-entity-filtering/2.27/jersey-entity-filtering-2.27.jar:/home/user/.m2/repository/com/google/inject/extensions/guice-assistedinject/4.0/guice-assistedinject-4.0.jar:/home/user/.m2/repository/org/jooq/jooq/3.11.10/jooq-3.11.10.jar:/home/user/.m2/repository/org/jooq/jooq-meta/3.11.10/jooq-meta-3.11.10.jar:/home/user/.m2/repository/org/jooq/jooq-codegen/3.11.10/jooq-codegen-3.11.10.jar:/home/user/.m2/repository/com/jolbox/bonecp/0.8.0.RELEASE/bonecp-0.8.0.RELEASE.jar:/home/user/.m2/repository/org/xerial/sqlite-jdbc/3.25.2/sqlite-jdbc-3.25.2.jar:/home/user/.m2/repository/org/springframework/spring-jdbc/5.1.3.RELEASE/spring-jdbc-5.1.3.RELEASE.jar:/home/user/.m2/repository/org/springframework/spring-beans/5.1.3.RELEASE/spring-beans-5.1.3.RELEASE.jar:/home/user/.m2/repository/org/springframework/spring-core/5.1.3.RELEASE/spring-core-5.1.3.RELEASE.jar:/home/user/.m2/repository/org/springframework/spring-jcl/5.1.3.RELEASE/spring-jcl-5.1.3.RELEASE.jar:/home/user/.m2/repository/org/springframework/spring-tx/5.1.3.RELEASE/spring-tx-5.1.3.RELEASE.jar:/home/user/.m2/repository/org/apache/hadoop/hadoop-ozone-client/0.5.0-SNAPSHOT/hadoop-ozone-client-0.5.0-SNAPSHOT.jar:/home/user/.m2/repository/commons-lang/commons-lang/2.6/commons-lang-2.6.jar:/home/user/.m2/repository/org/apache/hadoop/hadoop-ozone-ozone-manager/0.5.0-SNAPSHOT/hadoop-ozone-ozone-manager-0.5.0-SNAPSHOT-tests.jar:/home/user/.m2/repository/junit/junit/4.11/junit-4.11.jar:/home/user/.m2/repository/org/hamcrest/hamcrest-core/1.3/hamcrest-core-1.3.jar:/home/user/.m2/repository/org/openjdk/jmh/jmh-core/1.19/jmh-core-1.19.jar:/home/user/.m2/repository/net/sf/jopt-simple/jopt-simple/4.6/jopt-simple-4.6.jar:/home/user/.m2/repository/org/apache/commons/commons-math3/3.1.1/commons-math3-3.1.1.jar:/home/user/.m2/repository/org/openjdk/jmh/jmh-generator-annprocess/1.19/jmh-generator-annprocess-1.19.jar:/home/user/.m2/repository/org/mockito/mockito-all/1.8.5/mockito-all-1.8.5.jar:/home/user/.m2/repository/org/apache/hadoop/hadoop-kms/3.2.0/hadoop-kms-3.2.0.jar:/home/user/.m2/repository/org/apache/hadoop/hadoop-auth/3.2.0/hadoop-auth-3.2.0.jar:/home/user/.m2/repository/com/nimbusds/nimbus-jose-jwt/4.41.1/nimbus-jose-jwt-4.41.1.jar:/home/user/.m2/repository/com/github/stephenc/jcip/jcip-annotations/1.0-1/jcip-annotations-1.0-1.jar:/home/user/.m2/repository/net/minidev/json-smart/2.3/json-smart-2.3.jar:/home/user/.m2/repository/net/minidev/accessors-smart/1.2/accessors-smart-1.2.jar:/home/user/.m2/repository/org/ow2/asm/asm/5.0.4/asm-5.0.4.jar:/home/user/.m2/repository/org/apache/curator/curator-framework/2.12.0/curator-framework-2.12.0.jar:/home/user/.m2/repository/com/sun/jersey/jersey-core/1.19/jersey-core-1.19.jar:/home/user/.m2/repository/javax/ws/rs/jsr311-api/1.1.1/jsr311-api-1.1.1.jar:/home/user/.m2/repository/com/sun/jersey/jersey-server/1.19/jersey-server-1.19.jar:/home/user/.m2/repository/javax/servlet/javax.servlet-api/3.1.0/javax.servlet-api-3.1.0.jar:/home/user/.m2/repository/org/eclipse/jetty/jetty-server/9.3.25.v20180904/jetty-server-9.3.25.v20180904.jar:/home/user/.m2/repository/org/eclipse/jetty/jetty-http/9.3.25.v20180904/jetty-http-9.3.25.v20180904.jar:/home/user/.m2/repository/org/eclipse/jetty/jetty-io/9.3.25.v20180904/jetty-io-9.3.25.v20180904.jar:/home/user/.m2/repository/org/eclipse/jetty/jetty-webapp/9.3.25.v20180904/jetty-webapp-9.3.25.v20180904.jar:/home/user/.m2/repository/org/eclipse/jetty/jetty-xml/9.3.25.v20180904/jetty-xml-9.3.25.v20180904.jar:/home/user/.m2/repository/log4j/log4j/1.2.17/log4j-1.2.17.jar:/home/user/.m2/repository/org/slf4j/slf4j-api/1.7.25/slf4j-api-1.7.25.jar:/home/user/.m2/repository/org/slf4j/jul-to-slf4j/1.7.25/jul-to-slf4j-1.7.25.jar:/home/user/.m2/repository/org/eclipse/jetty/jetty-util/9.3.25.v20180904/jetty-util-9.3.25.v20180904.jar:/home/user/.m2/repository/com/fasterxml/jackson/core/jackson-databind/2.9.9/jackson-databind-2.9.9.jar:/home/user/.m2/repository/org/apache/hadoop/hadoop-kms/3.2.0/hadoop-kms-3.2.0-tests.jar:/home/user/.m2/repository/org/apache/hadoop/hadoop-hdds-server-scm/0.5.0-SNAPSHOT/hadoop-hdds-server-scm-0.5.0-SNAPSHOT-tests.jar:/home/user/.m2/repository/org/apache/hadoop/hadoop-hdds-container-service/0.5.0-SNAPSHOT/hadoop-hdds-container-service-0.5.0-SNAPSHOT-tests.jar:/home/user/.m2/repository/org/yaml/snakeyaml/1.16/snakeyaml-1.16.jar:/home/user/.m2/repository/org/apache/hadoop/hadoop-common/3.2.0/hadoop-common-3.2.0-tests.jar:/home/user/.m2/repository/org/apache/hadoop/hadoop-annotations/3.2.0/hadoop-annotations-3.2.0.jar:/usr/lib/jvm/java-1.8.0-openjdk-1.8.0.222.b10-1.el7_7.x86_64/jre/../lib/tools.jar:/home/user/.m2/repository/commons-cli/commons-cli/1.2/commons-cli-1.2.jar:/home/user/.m2/repository/org/apache/httpcomponents/httpclient/4.5.2/httpclient-4.5.2.jar:/home/user/.m2/repository/org/apache/httpcomponents/httpcore/4.4.4/httpcore-4.4.4.jar:/home/user/.m2/repository/commons-codec/commons-codec/1.11/commons-codec-1.11.jar:/home/user/.m2/repository/commons-net/commons-net/3.6/commons-net-3.6.jar:/home/user/.m2/repository/commons-collections/commons-collections/3.2.2/commons-collections-3.2.2.jar:/home/user/.m2/repository/org/eclipse/jetty/jetty-servlet/9.3.25.v20180904/jetty-servlet-9.3.25.v20180904.jar:/home/user/.m2/repository/org/eclipse/jetty/jetty-security/9.3.25.v20180904/jetty-security-9.3.25.v20180904.jar:/home/user/.m2/repository/javax/servlet/jsp/jsp-api/2.1/jsp-api-2.1.jar:/home/user/.m2/repository/com/sun/jersey/jersey-servlet/1.19/jersey-servlet-1.19.jar:/home/user/.m2/repository/com/sun/jersey/jersey-json/1.19/jersey-json-1.19.jar:/home/user/.m2/repository/org/codehaus/jettison/jettison/1.1/jettison-1.1.jar:/home/user/.m2/repository/org/codehaus/jackson/jackson-core-asl/1.9.13/jackson-core-asl-1.9.13.jar:/home/user/.m2/repository/org/codehaus/jackson/jackson-mapper-asl/1.9.13/jackson-mapper-asl-1.9.13.jar:/home/user/.m2/repository/org/codehaus/jackson/jackson-jaxrs/1.9.13/jackson-jaxrs-1.9.13.jar:/home/user/.m2/repository/org/codehaus/jackson/jackson-xc/1.9.13/jackson-xc-1.9.13.jar:/home/user/.m2/repository/commons-logging/commons-logging/1.1.3/commons-logging-1.1.3.jar:/home/user/.m2/repository/commons-beanutils/commons-beanutils/1.9.4/commons-beanutils-1.9.4.jar:/home/user/.m2/repository/org/apache/commons/commons-configuration2/2.1.1/commons-configuration2-2.1.1.jar:/home/user/.m2/repository/org/apache/commons/commons-lang3/3.7/commons-lang3-3.7.jar:/home/user/.m2/repository/org/apache/commons/commons-text/1.4/commons-text-1.4.jar:/home/user/.m2/repository/org/apache/avro/avro/1.7.7/avro-1.7.7.jar:/home/user/.m2/repository/com/thoughtworks/paranamer/paranamer/2.3/paranamer-2.3.jar:/home/user/.m2/repository/org/xerial/snappy/snappy-java/1.0.5/snappy-java-1.0.5.jar:/home/user/.m2/repository/com/google/re2j/re2j/1.1/re2j-1.1.jar:/home/user/.m2/repository/com/google/code/gson/gson/2.2.4/gson-2.2.4.jar:/home/user/.m2/repository/com/jcraft/jsch/0.1.54/jsch-0.1.54.jar:/home/user/.m2/repository/org/apache/curator/curator-client/2.12.0/curator-client-2.12.0.jar:/home/user/.m2/repository/org/apache/curator/curator-recipes/2.12.0/curator-recipes-2.12.0.jar:/home/user/.m2/repository/com/google/code/findbugs/jsr305/3.0.0/jsr305-3.0.0.jar:/home/user/.m2/repository/org/apache/htrace/htrace-core4/4.1.0-incubating/htrace-core4-4.1.0-incubating.jar:/home/user/.m2/repository/org/apache/zookeeper/zookeeper/3.4.13/zookeeper-3.4.13.jar:/home/user/.m2/repository/jline/jline/0.9.94/jline-0.9.94.jar:/home/user/.m2/repository/org/apache/yetus/audience-annotations/0.5.0/audience-annotations-0.5.0.jar:/home/user/.m2/repository/org/codehaus/woodstox/stax2-api/3.1.4/stax2-api-3.1.4.jar:/home/user/.m2/repository/com/fasterxml/woodstox/woodstox-core/5.0.3/woodstox-core-5.0.3.jar:/home/user/.m2/repository/dnsjava/dnsjava/2.1.7/dnsjava-2.1.7.jar:/home/user/.m2/repository/org/apache/hadoop/hadoop-hdfs/3.2.0/hadoop-hdfs-3.2.0-tests.jar:/home/user/.m2/repository/org/eclipse/jetty/jetty-util-ajax/9.3.25.v20180904/jetty-util-ajax-9.3.25.v20180904.jar:/home/user/.m2/repository/commons-daemon/commons-daemon/1.0.13/commons-daemon-1.0.13.jar:/home/user/.m2/repository/io/netty/netty/3.10.5.Final/netty-3.10.5.Final.jar:/home/user/.m2/repository/io/netty/netty-all/4.0.52.Final/netty-all-4.0.52.Final.jar:/home/user/.m2/repository/org/fusesource/leveldbjni/leveldbjni-all/1.8/leveldbjni-all-1.8.jar:"/>
    <property name="sun.cpu.endian" value="little"/>
    <property name="user.home" value="/home/user"/>
    <property name="user.language" value="en"/>
    <property name="java.specification.vendor" value="Oracle Corporation"/>
    <property name="java.home" value="/usr/lib/jvm/java-1.8.0-openjdk-1.8.0.222.b10-1.el7_7.x86_64/jre"/>
    <property name="surefire.excludesFile" value="/tools/ozone-bad-unit-tests"/>
    <property name="java.security.krb5.conf" value="/workdir/hadoop-ozone/integration-test/target/test-classes/krb5.conf"/>
    <property name="basedir" value="/workdir/hadoop-ozone/integration-test"/>
    <property name="file.separator" value="/"/>
    <property name="line.separator" value="&#10;"/>
    <property name="java.vm.specification.vendor" value="Oracle Corporation"/>
    <property name="java.specification.name" value="Java Platform API Specification"/>
    <property name="java.awt.graphicsenv" value="sun.awt.X11GraphicsEnvironment"/>
    <property name="surefire.real.class.path" value="/workdir/hadoop-ozone/integration-test/target/surefire/surefirebooter8839351601791126789.jar"/>
    <property name="hadoop.log.dir" value="/workdir/hadoop-ozone/integration-test/target/log"/>
    <property name="sun.boot.class.path" value="/usr/lib/jvm/java-1.8.0-openjdk-1.8.0.222.b10-1.el7_7.x86_64/jre/lib/resources.jar:/usr/lib/jvm/java-1.8.0-openjdk-1.8.0.222.b10-1.el7_7.x86_64/jre/lib/rt.jar:/usr/lib/jvm/java-1.8.0-openjdk-1.8.0.222.b10-1.el7_7.x86_64/jre/lib/sunrsasign.jar:/usr/lib/jvm/java-1.8.0-openjdk-1.8.0.222.b10-1.el7_7.x86_64/jre/lib/jsse.jar:/usr/lib/jvm/java-1.8.0-openjdk-1.8.0.222.b10-1.el7_7.x86_64/jre/lib/jce.jar:/usr/lib/jvm/java-1.8.0-openjdk-1.8.0.222.b10-1.el7_7.x86_64/jre/lib/charsets.jar:/usr/lib/jvm/java-1.8.0-openjdk-1.8.0.222.b10-1.el7_7.x86_64/jre/lib/jfr.jar:/usr/lib/jvm/java-1.8.0-openjdk-1.8.0.222.b10-1.el7_7.x86_64/jre/classes"/>
    <property name="sun.management.compiler" value="HotSpot 64-Bit Tiered Compilers"/>
    <property name="java.runtime.version" value="1.8.0_222-b10"/>
    <property name="java.net.preferIPv4Stack" value="true"/>
    <property name="user.name" value="jenkins1000"/>
    <property name="path.separator" value=":"/>
    <property name="java.security.egd" value="file:///dev/urandom"/>
    <property name="os.version" value="3.10.0-957.12.2.el7.x86_64"/>
    <property name="java.endorsed.dirs" value="/usr/lib/jvm/java-1.8.0-openjdk-1.8.0.222.b10-1.el7_7.x86_64/jre/lib/endorsed"/>
    <property name="java.runtime.name" value="OpenJDK Runtime Environment"/>
    <property name="file.encoding" value="ANSI_X3.4-1968"/>
    <property name="java.vm.name" value="OpenJDK 64-Bit Server VM"/>
    <property name="test.build.webapps" value=""/>
    <property name="localRepository" value="/home/user/.m2/repository"/>
    <property name="java.vendor.url.bug" value="http://bugreport.sun.com/bugreport/"/>
    <property name="java.io.tmpdir" value="/tmp"/>
    <property name="require.test.libhadoop" value=""/>
    <property name="java.version" value="1.8.0_222"/>
    <property name="user.dir" value="/workdir/hadoop-ozone/integration-test"/>
    <property name="os.arch" value="amd64"/>
    <property name="java.vm.specification.name" value="Java Virtual Machine Specification"/>
    <property name="test.build.classes" value="/workdir/hadoop-ozone/integration-test/target/test-classes"/>
    <property name="java.awt.printerjob" value="sun.print.PSPrinterJob"/>
    <property name="sun.os.patch.level" value="unknown"/>
    <property name="hadoop.tmp.dir" value="/workdir/hadoop-ozone/integration-test/target/tmp"/>
    <property name="java.library.path" value="/usr/lib:/workdir/hadoop-ozone/integration-test/target/native/target/usr/local/lib:/workdir/hadoop-ozone/integration-test/../../hadoop-common-project/hadoop-common/target/native/target/usr/local/lib:/usr/java/packages/lib/amd64:/usr/lib64:/lib64:/lib:/usr/lib"/>
    <property name="java.vm.info" value="mixed mode"/>
    <property name="java.vendor" value="Oracle Corporation"/>
    <property name="java.vm.version" value="25.222-b10"/>
    <property name="java.ext.dirs" value="/usr/lib/jvm/java-1.8.0-openjdk-1.8.0.222.b10-1.el7_7.x86_64/jre/lib/ext:/usr/java/packages/lib/ext"/>
    <property name="sun.io.unicode.encoding" value="UnicodeLittle"/>
    <property name="java.class.version" value="52.0"/>
  </properties>
  <testcase name="testAutomaticPipelineCreationOnPipelineDestroy" classname="org.apache.hadoop.hdds.scm.pipeline.TestRatisPipelineCreateAndDestroy" time="28.891"/>
  <testcase name="testPipelineCreationOnNodeRestart" classname="org.apache.hadoop.hdds.scm.pipeline.TestRatisPipelineCreateAndDestroy" time="72.617">
    <error message="Timed out waiting for condition. Thread diagnostics:&#10;Timestamp: 2019-10-16 08:42:32,625&#10;&#10;&quot;qtp1570597614-1651&quot; daemon prio=5 tid=1651 timed_waiting&#10;java.lang.Thread.State: TIMED_WAITING&#10;        at sun.misc.Unsafe.park(Native Method)&#10;        at java.util.concurrent.locks.LockSupport.parkNanos(LockSupport.java:215)&#10;        at java.util.concurrent.locks.AbstractQueuedSynchronizer$ConditionObject.awaitNanos(AbstractQueuedSynchronizer.java:2078)&#10;        at org.eclipse.jetty.util.BlockingArrayQueue.poll(BlockingArrayQueue.java:392)&#10;        at org.eclipse.jetty.util.thread.QueuedThreadPool.idleJobPoll(QueuedThreadPool.java:563)&#10;        at org.eclipse.jetty.util.thread.QueuedThreadPool.access$800(QueuedThreadPool.java:48)&#10;        at org.eclipse.jetty.util.thread.QueuedThreadPool$2.run(QueuedThreadPool.java:626)&#10;        at java.lang.Thread.run(Thread.java:748)&#10;&quot;metrics-hadoop-metrics2-reporter-23-thread-1&quot; daemon prio=5 tid=757 timed_waiting&#10;java.lang.Thread.State: TIMED_WAITING&#10;        at sun.misc.Unsafe.park(Native Method)&#10;        at java.util.concurrent.locks.LockSupport.parkNanos(LockSupport.java:215)&#10;        at java.util.concurrent.locks.AbstractQueuedSynchronizer$ConditionObject.awaitNanos(AbstractQueuedSynchronizer.java:2078)&#10;        at java.util.concurrent.ScheduledThreadPoolExecutor$DelayedWorkQueue.take(ScheduledThreadPoolExecutor.java:1093)&#10;        at java.util.concurrent.ScheduledThreadPoolExecutor$DelayedWorkQueue.take(ScheduledThreadPoolExecutor.java:809)&#10;        at java.util.concurrent.ThreadPoolExecutor.getTask(ThreadPoolExecutor.java:1074)&#10;        at java.util.concurrent.ThreadPoolExecutor.runWorker(ThreadPoolExecutor.java:1134)&#10;        at java.util.concurrent.ThreadPoolExecutor$Worker.run(ThreadPoolExecutor.java:624)&#10;        at java.lang.Thread.run(Thread.java:748)&#10;&quot;IPC Server idle connection scanner for port 46609&quot; daemon prio=5 tid=1086 timed_waiting&#10;java.lang.Thread.State: TIMED_WAITING&#10;        at java.lang.Object.wait(Native Method)&#10;        at java.util.TimerThread.mainLoop(Timer.java:552)&#10;        at java.util.TimerThread.run(Timer.java:505)&#10;&quot;Datanode ReportManager Thread - 3&quot; daemon prio=5 tid=1633 in Object.wait()&#10;java.lang.Thread.State: WAITING (on object monitor)&#10;        at sun.misc.Unsafe.park(Native Method)&#10;        at java.util.concurrent.locks.LockSupport.park(LockSupport.java:175)&#10;        at java.util.concurrent.locks.AbstractQueuedSynchronizer$ConditionObject.await(AbstractQueuedSynchronizer.java:2039)&#10;        at java.util.concurrent.ScheduledThreadPoolExecutor$DelayedWorkQueue.take(ScheduledThreadPoolExecutor.java:1088)&#10;        at java.util.concurrent.ScheduledThreadPoolExecutor$DelayedWorkQueue.take(ScheduledThreadPoolExecutor.java:809)&#10;        at java.util.concurrent.ThreadPoolExecutor.getTask(ThreadPoolExecutor.java:1074)&#10;        at java.util.concurrent.ThreadPoolExecutor.runWorker(ThreadPoolExecutor.java:1134)&#10;        at java.util.concurrent.ThreadPoolExecutor$Worker.run(ThreadPoolExecutor.java:624)&#10;        at java.lang.Thread.run(Thread.java:748)&#10;&quot;pool-158-thread-14&quot;  prio=5 tid=1838 in Object.wait()&#10;java.lang.Thread.State: WAITING (on object monitor)&#10;        at sun.misc.Unsafe.park(Native Method)&#10;        at java.util.concurrent.locks.LockSupport.park(LockSupport.java:175)&#10;        at java.util.concurrent.locks.AbstractQueuedSynchronizer$ConditionObject.await(AbstractQueuedSynchronizer.java:2039)&#10;        at java.util.concurrent.ArrayBlockingQueue.take(ArrayBlockingQueue.java:403)&#10;        at java.util.concurrent.ThreadPoolExecutor.getTask(ThreadPoolExecutor.java:1074)&#10;        at java.util.concurrent.ThreadPoolExecutor.runWorker(ThreadPoolExecutor.java:1134)&#10;        at java.util.concurrent.ThreadPoolExecutor$Worker.run(ThreadPoolExecutor.java:624)&#10;        at java.lang.Thread.run(Thread.java:748)&#10;&quot;pool-158-thread-30&quot;  prio=5 tid=1854 in Object.wait()&#10;java.lang.Thread.State: WAITING (on object monitor)&#10;        at sun.misc.Unsafe.park(Native Method)&#10;        at java.util.concurrent.locks.LockSupport.park(LockSupport.java:175)&#10;        at java.util.concurrent.locks.AbstractQueuedSynchronizer$ConditionObject.await(AbstractQueuedSynchronizer.java:2039)&#10;        at java.util.concurrent.ArrayBlockingQueue.take(ArrayBlockingQueue.java:403)&#10;        at java.util.concurrent.ThreadPoolExecutor.getTask(ThreadPoolExecutor.java:1074)&#10;        at java.util.concurrent.ThreadPoolExecutor.runWorker(ThreadPoolExecutor.java:1134)&#10;        at java.util.concurrent.ThreadPoolExecutor$Worker.run(ThreadPoolExecutor.java:624)&#10;        at java.lang.Thread.run(Thread.java:748)&#10;&quot;metrics-hadoop-metrics2-reporter-82-thread-1&quot; daemon prio=5 tid=1490 timed_waiting&#10;java.lang.Thread.State: TIMED_WAITING&#10;        at sun.misc.Unsafe.park(Native Method)&#10;        at java.util.concurrent.locks.LockSupport.parkNanos(LockSupport.java:215)&#10;        at java.util.concurrent.locks.AbstractQueuedSynchronizer$ConditionObject.awaitNanos(AbstractQueuedSynchronizer.java:2078)&#10;        at java.util.concurrent.ScheduledThreadPoolExecutor$DelayedWorkQueue.take(ScheduledThreadPoolExecutor.java:1093)&#10;        at java.util.concurrent.ScheduledThreadPoolExecutor$DelayedWorkQueue.take(ScheduledThreadPoolExecutor.java:809)&#10;        at java.util.concurrent.ThreadPoolExecutor.getTask(ThreadPoolExecutor.java:1074)&#10;        at java.util.concurrent.ThreadPoolExecutor.runWorker(ThreadPoolExecutor.java:1134)&#10;        at java.util.concurrent.ThreadPoolExecutor$Worker.run(ThreadPoolExecutor.java:624)&#10;        at java.lang.Thread.run(Thread.java:748)&#10;&quot;qtp1410488616-1199&quot; daemon prio=5 tid=1199 timed_waiting&#10;java.lang.Thread.State: TIMED_WAITING&#10;        at sun.misc.Unsafe.park(Native Method)&#10;        at java.util.concurrent.locks.LockSupport.parkNanos(LockSupport.java:215)&#10;        at java.util.concurrent.locks.AbstractQueuedSynchronizer$ConditionObject.awaitNanos(AbstractQueuedSynchronizer.java:2078)&#10;        at org.eclipse.jetty.util.BlockingArrayQueue.poll(BlockingArrayQueue.java:392)&#10;        at org.eclipse.jetty.util.thread.QueuedThreadPool.idleJobPoll(QueuedThreadPool.java:563)&#10;        at org.eclipse.jetty.util.thread.QueuedThreadPool.access$800(QueuedThreadPool.java:48)&#10;        at org.eclipse.jetty.util.thread.QueuedThreadPool$2.run(QueuedThreadPool.java:626)&#10;        at java.lang.Thread.run(Thread.java:748)&#10;&quot;metrics-hadoop-metrics2-reporter-26-thread-1&quot; daemon prio=5 tid=764 timed_waiting&#10;java.lang.Thread.State: TIMED_WAITING&#10;        at sun.misc.Unsafe.park(Native Method)&#10;        at java.util.concurrent.locks.LockSupport.parkNanos(LockSupport.java:215)&#10;        at java.util.concurrent.locks.AbstractQueuedSynchronizer$ConditionObject.awaitNanos(AbstractQueuedSynchronizer.java:2078)&#10;        at java.util.concurrent.ScheduledThreadPoolExecutor$DelayedWorkQueue.take(ScheduledThreadPoolExecutor.java:1093)&#10;        at java.util.concurrent.ScheduledThreadPoolExecutor$DelayedWorkQueue.take(ScheduledThreadPoolExecutor.java:809)&#10;        at java.util.concurrent.ThreadPoolExecutor.getTask(ThreadPoolExecutor.java:1074)&#10;        at java.util.concurrent.ThreadPoolExecutor.runWorker(ThreadPoolExecutor.java:1134)&#10;        at java.util.concurrent.ThreadPoolExecutor$Worker.run(ThreadPoolExecutor.java:624)&#10;        at java.lang.Thread.run(Thread.java:748)&#10;&quot;metrics-hadoop-metrics2-reporter-89-thread-1&quot; daemon prio=5 tid=1506 timed_waiting&#10;java.lang.Thread.State: TIMED_WAITING&#10;        at sun.misc.Unsafe.park(Native Method)&#10;        at java.util.concurrent.locks.LockSupport.parkNanos(LockSupport.java:215)&#10;        at java.util.concurrent.locks.AbstractQueuedSynchronizer$ConditionObject.awaitNanos(AbstractQueuedSynchronizer.java:2078)&#10;        at java.util.concurrent.ScheduledThreadPoolExecutor$DelayedWorkQueue.take(ScheduledThreadPoolExecutor.java:1093)&#10;        at java.util.concurrent.ScheduledThreadPoolExecutor$DelayedWorkQueue.take(ScheduledThreadPoolExecutor.java:809)&#10;        at java.util.concurrent.ThreadPoolExecutor.getTask(ThreadPoolExecutor.java:1074)&#10;        at java.util.concurrent.ThreadPoolExecutor.runWorker(ThreadPoolExecutor.java:1134)&#10;        at java.util.concurrent.ThreadPoolExecutor$Worker.run(ThreadPoolExecutor.java:624)&#10;        at java.lang.Thread.run(Thread.java:748)&#10;&quot;pool-148-thread-16&quot;  prio=5 tid=1762 in Object.wait()&#10;java.lang.Thread.State: WAITING (on object monitor)&#10;        at sun.misc.Unsafe.park(Native Method)&#10;        at java.util.concurrent.locks.LockSupport.park(LockSupport.java:175)&#10;        at java.util.concurrent.locks.AbstractQueuedSynchronizer$ConditionObject.await(AbstractQueuedSynchronizer.java:2039)&#10;        at java.util.concurrent.ArrayBlockingQueue.take(ArrayBlockingQueue.java:403)&#10;        at java.util.concurrent.ThreadPoolExecutor.getTask(ThreadPoolExecutor.java:1074)&#10;        at java.util.concurrent.ThreadPoolExecutor.runWorker(ThreadPoolExecutor.java:1134)&#10;        at java.util.concurrent.ThreadPoolExecutor$Worker.run(ThreadPoolExecutor.java:624)&#10;        at java.lang.Thread.run(Thread.java:748)&#10;&quot;metrics-hadoop-metrics2-reporter-76-thread-1&quot; daemon prio=5 tid=1026 timed_waiting&#10;java.lang.Thread.State: TIMED_WAITING&#10;        at sun.misc.Unsafe.park(Native Method)&#10;        at java.util.concurrent.locks.LockSupport.parkNanos(LockSupport.java:215)&#10;        at java.util.concurrent.locks.AbstractQueuedSynchronizer$ConditionObject.awaitNanos(AbstractQueuedSynchronizer.java:2078)&#10;        at java.util.concurrent.ScheduledThreadPoolExecutor$DelayedWorkQueue.take(ScheduledThreadPoolExecutor.java:1093)&#10;        at java.util.concurrent.ScheduledThreadPoolExecutor$DelayedWorkQueue.take(ScheduledThreadPoolExecutor.java:809)&#10;        at java.util.concurrent.ThreadPoolExecutor.getTask(ThreadPoolExecutor.java:1074)&#10;        at java.util.concurrent.ThreadPoolExecutor.runWorker(ThreadPoolExecutor.java:1134)&#10;        at java.util.concurrent.ThreadPoolExecutor$Worker.run(ThreadPoolExecutor.java:624)&#10;        at java.lang.Thread.run(Thread.java:748)&#10;&quot;pool-138-thread-1&quot;  prio=5 tid=1672 in Object.wait()&#10;java.lang.Thread.State: WAITING (on object monitor)&#10;        at sun.misc.Unsafe.park(Native Method)&#10;        at java.util.concurrent.locks.LockSupport.park(LockSupport.java:175)&#10;        at java.util.concurrent.locks.AbstractQueuedSynchronizer$ConditionObject.await(AbstractQueuedSynchronizer.java:2039)&#10;        at java.util.concurrent.ArrayBlockingQueue.take(ArrayBlockingQueue.java:403)&#10;        at java.util.concurrent.ThreadPoolExecutor.getTask(ThreadPoolExecutor.java:1074)&#10;        at java.util.concurrent.ThreadPoolExecutor.runWorker(ThreadPoolExecutor.java:1134)&#10;        at java.util.concurrent.ThreadPoolExecutor$Worker.run(ThreadPoolExecutor.java:624)&#10;        at java.lang.Thread.run(Thread.java:748)&#10;&quot;pool-148-thread-26&quot;  prio=5 tid=1773 in Object.wait()&#10;java.lang.Thread.State: WAITING (on object monitor)&#10;        at sun.misc.Unsafe.park(Native Method)&#10;        at java.util.concurrent.locks.LockSupport.park(LockSupport.java:175)&#10;        at java.util.concurrent.locks.AbstractQueuedSynchronizer$ConditionObject.await(AbstractQueuedSynchronizer.java:2039)&#10;        at java.util.concurrent.ArrayBlockingQueue.take(ArrayBlockingQueue.java:403)&#10;        at java.util.concurrent.ThreadPoolExecutor.getTask(ThreadPoolExecutor.java:1074)&#10;        at java.util.concurrent.ThreadPoolExecutor.runWorker(ThreadPoolExecutor.java:1134)&#10;        at java.util.concurrent.ThreadPoolExecutor$Worker.run(ThreadPoolExecutor.java:624)&#10;        at java.lang.Thread.run(Thread.java:748)&#10;&quot;IPC Server handler 2 on 38802&quot; daemon prio=5 tid=1113 timed_waiting&#10;java.lang.Thread.State: TIMED_WAITING&#10;        at sun.misc.Unsafe.park(Native Method)&#10;        at java.util.concurrent.locks.LockSupport.parkNanos(LockSupport.java:215)&#10;        at java.util.concurrent.locks.AbstractQueuedSynchronizer$ConditionObject.awaitNanos(AbstractQueuedSynchronizer.java:2078)&#10;        at java.util.concurrent.LinkedBlockingQueue.poll(LinkedBlockingQueue.java:467)&#10;        at org.apache.hadoop.ipc.CallQueueManager.take(CallQueueManager.java:288)&#10;        at org.apache.hadoop.ipc.Server$Handler.run(Server.java:2668)&#10;&quot;metrics-hadoop-metrics2-reporter-54-thread-1&quot; daemon prio=5 tid=864 timed_waiting&#10;java.lang.Thread.State: TIMED_WAITING&#10;        at sun.misc.Unsafe.park(Native Method)&#10;        at java.util.concurrent.locks.LockSupport.parkNanos(LockSupport.java:215)&#10;        at java.util.concurrent.locks.AbstractQueuedSynchronizer$ConditionObject.awaitNanos(AbstractQueuedSynchronizer.java:2078)&#10;        at java.util.concurrent.ScheduledThreadPoolExecutor$DelayedWorkQueue.take(ScheduledThreadPoolExecutor.java:1093)&#10;        at java.util.concurrent.ScheduledThreadPoolExecutor$DelayedWorkQueue.take(ScheduledThreadPoolExecutor.java:809)&#10;        at java.util.concurrent.ThreadPoolExecutor.getTask(ThreadPoolExecutor.java:1074)&#10;        at java.util.concurrent.ThreadPoolExecutor.runWorker(ThreadPoolExecutor.java:1134)&#10;        at java.util.concurrent.ThreadPoolExecutor$Worker.run(ThreadPoolExecutor.java:624)&#10;        at java.lang.Thread.run(Thread.java:748)&#10;&quot;IPC Server handler 17 on 46609&quot; daemon prio=5 tid=1108 timed_waiting&#10;java.lang.Thread.State: TIMED_WAITING&#10;        at sun.misc.Unsafe.park(Native Method)&#10;        at java.util.concurrent.locks.LockSupport.parkNanos(LockSupport.java:215)&#10;        at java.util.concurrent.locks.AbstractQueuedSynchronizer$ConditionObject.awaitNanos(AbstractQueuedSynchronizer.java:2078)&#10;        at java.util.concurrent.LinkedBlockingQueue.poll(LinkedBlockingQueue.java:467)&#10;        at org.apache.hadoop.ipc.CallQueueManager.take(CallQueueManager.java:288)&#10;        at org.apache.hadoop.ipc.Server$Handler.run(Server.java:2668)&#10;&quot;IPC Server handler 1 on 38131&quot; daemon prio=5 tid=1132 timed_waiting&#10;java.lang.Thread.State: TIMED_WAITING&#10;        at sun.misc.Unsafe.park(Native Method)&#10;        at java.util.concurrent.locks.LockSupport.parkNanos(LockSupport.java:215)&#10;        at java.util.concurrent.locks.AbstractQueuedSynchronizer$ConditionObject.awaitNanos(AbstractQueuedSynchronizer.java:2078)&#10;        at java.util.concurrent.LinkedBlockingQueue.poll(LinkedBlockingQueue.java:467)&#10;        at org.apache.hadoop.ipc.CallQueueManager.take(CallQueueManager.java:288)&#10;        at org.apache.hadoop.ipc.Server$Handler.run(Server.java:2668)&#10;&quot;pool-138-thread-20&quot;  prio=5 tid=1691 in Object.wait()&#10;java.lang.Thread.State: WAITING (on object monitor)&#10;        at sun.misc.Unsafe.park(Native Method)&#10;        at java.util.concurrent.locks.LockSupport.park(LockSupport.java:175)&#10;        at java.util.concurrent.locks.AbstractQueuedSynchronizer$ConditionObject.await(AbstractQueuedSynchronizer.java:2039)&#10;        at java.util.concurrent.ArrayBlockingQueue.take(ArrayBlockingQueue.java:403)&#10;        at java.util.concurrent.ThreadPoolExecutor.getTask(ThreadPoolExecutor.java:1074)&#10;        at java.util.concurrent.ThreadPoolExecutor.runWorker(ThreadPoolExecutor.java:1134)&#10;        at java.util.concurrent.ThreadPoolExecutor$Worker.run(ThreadPoolExecutor.java:624)&#10;        at java.lang.Thread.run(Thread.java:748)&#10;&quot;Datanode ReportManager Thread - 3&quot; daemon prio=5 tid=1229 in Object.wait()&#10;java.lang.Thread.State: WAITING (on object monitor)&#10;        at sun.misc.Unsafe.park(Native Method)&#10;        at java.util.concurrent.locks.LockSupport.park(LockSupport.java:175)&#10;        at java.util.concurrent.locks.AbstractQueuedSynchronizer$ConditionObject.await(AbstractQueuedSynchronizer.java:2039)&#10;        at java.util.concurrent.ScheduledThreadPoolExecutor$DelayedWorkQueue.take(ScheduledThreadPoolExecutor.java:1088)&#10;        at java.util.concurrent.ScheduledThreadPoolExecutor$DelayedWorkQueue.take(ScheduledThreadPoolExecutor.java:809)&#10;        at java.util.concurrent.ThreadPoolExecutor.getTask(ThreadPoolExecutor.java:1074)&#10;        at java.util.concurrent.ThreadPoolExecutor.runWorker(ThreadPoolExecutor.java:1134)&#10;        at java.util.concurrent.ThreadPoolExecutor$Worker.run(ThreadPoolExecutor.java:624)&#10;        at java.lang.Thread.run(Thread.java:748)&#10;&quot;metrics-hadoop-metrics2-reporter-14-thread-1&quot; daemon prio=5 tid=734 timed_waiting&#10;java.lang.Thread.State: TIMED_WAITING&#10;        at sun.misc.Unsafe.park(Native Method)&#10;        at java.util.concurrent.locks.LockSupport.parkNanos(LockSupport.java:215)&#10;        at java.util.concurrent.locks.AbstractQueuedSynchronizer$ConditionObject.awaitNanos(AbstractQueuedSynchronizer.java:2078)&#10;        at java.util.concurrent.ScheduledThreadPoolExecutor$DelayedWorkQueue.take(ScheduledThreadPoolExecutor.java:1093)&#10;        at java.util.concurrent.ScheduledThreadPoolExecutor$DelayedWorkQueue.take(ScheduledThreadPoolExecutor.java:809)&#10;        at java.util.concurrent.ThreadPoolExecutor.getTask(ThreadPoolExecutor.java:1074)&#10;        at java.util.concurrent.ThreadPoolExecutor.runWorker(ThreadPoolExecutor.java:1134)&#10;        at java.util.concurrent.ThreadPoolExecutor$Worker.run(ThreadPoolExecutor.java:624)&#10;        at java.lang.Thread.run(Thread.java:748)&#10;&quot;pool-158-thread-52&quot;  prio=5 tid=1877 in Object.wait()&#10;java.lang.Thread.State: WAITING (on object monitor)&#10;        at sun.misc.Unsafe.park(Native Method)&#10;        at java.util.concurrent.locks.LockSupport.park(LockSupport.java:175)&#10;        at java.util.concurrent.locks.AbstractQueuedSynchronizer$ConditionObject.await(AbstractQueuedSynchronizer.java:2039)&#10;        at java.util.concurrent.ArrayBlockingQueue.take(ArrayBlockingQueue.java:403)&#10;        at java.util.concurrent.ThreadPoolExecutor.getTask(ThreadPoolExecutor.java:1074)&#10;        at java.util.concurrent.ThreadPoolExecutor.runWorker(ThreadPoolExecutor.java:1134)&#10;        at java.util.concurrent.ThreadPoolExecutor$Worker.run(ThreadPoolExecutor.java:624)&#10;        at java.lang.Thread.run(Thread.java:748)&#10;&quot;Datanode ReportManager Thread - 2&quot; daemon prio=5 tid=1255 in Object.wait()&#10;java.lang.Thread.State: WAITING (on object monitor)&#10;        at sun.misc.Unsafe.park(Native Method)&#10;        at java.util.concurrent.locks.LockSupport.park(LockSupport.java:175)&#10;        at java.util.concurrent.locks.AbstractQueuedSynchronizer$ConditionObject.await(AbstractQueuedSynchronizer.java:2039)&#10;        at java.util.concurrent.ScheduledThreadPoolExecutor$DelayedWorkQueue.take(ScheduledThreadPoolExecutor.java:1088)&#10;        at java.util.concurrent.ScheduledThreadPoolExecutor$DelayedWorkQueue.take(ScheduledThreadPoolExecutor.java:809)&#10;        at java.util.concurrent.ThreadPoolExecutor.getTask(ThreadPoolExecutor.java:1074)&#10;        at java.util.concurrent.ThreadPoolExecutor.runWorker(ThreadPoolExecutor.java:1134)&#10;        at java.util.concurrent.ThreadPoolExecutor$Worker.run(ThreadPoolExecutor.java:624)&#10;        at java.lang.Thread.run(Thread.java:748)&#10;&quot;pool-148-thread-31&quot;  prio=5 tid=1778 in Object.wait()&#10;java.lang.Thread.State: WAITING (on object monitor)&#10;        at sun.misc.Unsafe.park(Native Method)&#10;        at java.util.concurrent.locks.LockSupport.park(LockSupport.java:175)&#10;        at java.util.concurrent.locks.AbstractQueuedSynchronizer$ConditionObject.await(AbstractQueuedSynchronizer.java:2039)&#10;        at java.util.concurrent.ArrayBlockingQueue.take(ArrayBlockingQueue.java:403)&#10;        at java.util.concurrent.ThreadPoolExecutor.getTask(ThreadPoolExecutor.java:1074)&#10;        at java.util.concurrent.ThreadPoolExecutor.runWorker(ThreadPoolExecutor.java:1134)&#10;        at java.util.concurrent.ThreadPoolExecutor$Worker.run(ThreadPoolExecutor.java:624)&#10;        at java.lang.Thread.run(Thread.java:748)&#10;&quot;pool-138-thread-2&quot;  prio=5 tid=1673 in Object.wait()&#10;java.lang.Thread.State: WAITING (on object monitor)&#10;        at sun.misc.Unsafe.park(Native Method)&#10;        at java.util.concurrent.locks.LockSupport.park(LockSupport.java:175)&#10;        at java.util.concurrent.locks.AbstractQueuedSynchronizer$ConditionObject.await(AbstractQueuedSynchronizer.java:2039)&#10;        at java.util.concurrent.ArrayBlockingQueue.take(ArrayBlockingQueue.java:403)&#10;        at java.util.concurrent.ThreadPoolExecutor.getTask(ThreadPoolExecutor.java:1074)&#10;        at java.util.concurrent.ThreadPoolExecutor.runWorker(ThreadPoolExecutor.java:1134)&#10;        at java.util.concurrent.ThreadPoolExecutor$Worker.run(ThreadPoolExecutor.java:624)&#10;        at java.lang.Thread.run(Thread.java:748)&#10;&quot;org.eclipse.jetty.server.session.HashSessionManager@4defd423Timer&quot; daemon prio=5 tid=1203 timed_waiting&#10;java.lang.Thread.State: TIMED_WAITING&#10;        at sun.misc.Unsafe.park(Native Method)&#10;        at java.util.concurrent.locks.LockSupport.parkNanos(LockSupport.java:215)&#10;        at java.util.concurrent.locks.AbstractQueuedSynchronizer$ConditionObject.awaitNanos(AbstractQueuedSynchronizer.java:2078)&#10;        at java.util.concurrent.ScheduledThreadPoolExecutor$DelayedWorkQueue.take(ScheduledThreadPoolExecutor.java:1093)&#10;        at java.util.concurrent.ScheduledThreadPoolExecutor$DelayedWorkQueue.take(ScheduledThreadPoolExecutor.java:809)&#10;        at java.util.concurrent.ThreadPoolExecutor.getTask(ThreadPoolExecutor.java:1074)&#10;        at java.util.concurrent.ThreadPoolExecutor.runWorker(ThreadPoolExecutor.java:1134)&#10;        at java.util.concurrent.ThreadPoolExecutor$Worker.run(ThreadPoolExecutor.java:624)&#10;        at java.lang.Thread.run(Thread.java:748)&#10;&quot;metrics-hadoop-metrics2-reporter-92-thread-1&quot; daemon prio=5 tid=1515 timed_waiting&#10;java.lang.Thread.State: TIMED_WAITING&#10;        at sun.misc.Unsafe.park(Native Method)&#10;        at java.util.concurrent.locks.LockSupport.parkNanos(LockSupport.java:215)&#10;        at java.util.concurrent.locks.AbstractQueuedSynchronizer$ConditionObject.awaitNanos(AbstractQueuedSynchronizer.java:2078)&#10;        at java.util.concurrent.ScheduledThreadPoolExecutor$DelayedWorkQueue.take(ScheduledThreadPoolExecutor.java:1093)&#10;        at java.util.concurrent.ScheduledThreadPoolExecutor$DelayedWorkQueue.take(ScheduledThreadPoolExecutor.java:809)&#10;        at java.util.concurrent.ThreadPoolExecutor.getTask(ThreadPoolExecutor.java:1074)&#10;        at java.util.concurrent.ThreadPoolExecutor.runWorker(ThreadPoolExecutor.java:1134)&#10;        at java.util.concurrent.ThreadPoolExecutor$Worker.run(ThreadPoolExecutor.java:624)&#10;        at java.lang.Thread.run(Thread.java:748)&#10;&quot;metrics-hadoop-metrics2-reporter-32-thread-1&quot; daemon prio=5 tid=784 timed_waiting&#10;java.lang.Thread.State: TIMED_WAITING&#10;        at sun.misc.Unsafe.park(Native Method)&#10;        at java.util.concurrent.locks.LockSupport.parkNanos(LockSupport.java:215)&#10;        at java.util.concurrent.locks.AbstractQueuedSynchronizer$ConditionObject.awaitNanos(AbstractQueuedSynchronizer.java:2078)&#10;        at java.util.concurrent.ScheduledThreadPoolExecutor$DelayedWorkQueue.take(ScheduledThreadPoolExecutor.java:1093)&#10;        at java.util.concurrent.ScheduledThreadPoolExecutor$DelayedWorkQueue.take(ScheduledThreadPoolExecutor.java:809)&#10;        at java.util.concurrent.ThreadPoolExecutor.getTask(ThreadPoolExecutor.java:1074)&#10;        at java.util.concurrent.ThreadPoolExecutor.runWorker(ThreadPoolExecutor.java:1134)&#10;        at java.util.concurrent.ThreadPoolExecutor$Worker.run(ThreadPoolExecutor.java:624)&#10;        at java.lang.Thread.run(Thread.java:748)&#10;&quot;Thread-791&quot; daemon prio=5 tid=1928 timed_waiting&#10;java.lang.Thread.State: TIMED_WAITING&#10;        at sun.misc.Unsafe.park(Native Method)&#10;        at java.util.concurrent.locks.LockSupport.parkNanos(LockSupport.java:215)&#10;        at java.util.concurrent.locks.AbstractQueuedSynchronizer$ConditionObject.awaitNanos(AbstractQueuedSynchronizer.java:2078)&#10;        at java.util.concurrent.ArrayBlockingQueue.poll(ArrayBlockingQueue.java:418)&#10;        at org.apache.ratis.server.impl.LeaderState$EventQueue.poll(LeaderState.java:115)&#10;        at org.apache.ratis.server.impl.LeaderState$EventProcessor.run(LeaderState.java:467)&#10;&quot;IPC Server handler 17 on 38802&quot; daemon prio=5 tid=1128 timed_waiting&#10;java.lang.Thread.State: TIMED_WAITING&#10;        at sun.misc.Unsafe.park(Native Method)&#10;        at java.util.concurrent.locks.LockSupport.parkNanos(LockSupport.java:215)&#10;        at java.util.concurrent.locks.AbstractQueuedSynchronizer$ConditionObject.awaitNanos(AbstractQueuedSynchronizer.java:2078)&#10;        at java.util.concurrent.LinkedBlockingQueue.poll(LinkedBlockingQueue.java:467)&#10;        at org.apache.hadoop.ipc.CallQueueManager.take(CallQueueManager.java:288)&#10;        at org.apache.hadoop.ipc.Server$Handler.run(Server.java:2668)&#10;&quot;metrics-hadoop-metrics2-reporter-59-thread-1&quot; daemon prio=5 tid=956 timed_waiting&#10;java.lang.Thread.State: TIMED_WAITING&#10;        at sun.misc.Unsafe.park(Native Method)&#10;        at java.util.concurrent.locks.LockSupport.parkNanos(LockSupport.java:215)&#10;        at java.util.concurrent.locks.AbstractQueuedSynchronizer$ConditionObject.awaitNanos(AbstractQueuedSynchronizer.java:2078)&#10;        at java.util.concurrent.ScheduledThreadPoolExecutor$DelayedWorkQueue.take(ScheduledThreadPoolExecutor.java:1093)&#10;        at java.util.concurrent.ScheduledThreadPoolExecutor$DelayedWorkQueue.take(ScheduledThreadPoolExecutor.java:809)&#10;        at java.util.concurrent.ThreadPoolExecutor.getTask(ThreadPoolExecutor.java:1074)&#10;        at java.util.concurrent.ThreadPoolExecutor.runWorker(ThreadPoolExecutor.java:1134)&#10;        at java.util.concurrent.ThreadPoolExecutor$Worker.run(ThreadPoolExecutor.java:624)&#10;        at java.lang.Thread.run(Thread.java:748)&#10;&quot;Datanode ReportManager Thread - 0&quot; daemon prio=5 tid=280 in Object.wait()&#10;java.lang.Thread.State: WAITING (on object monitor)&#10;        at sun.misc.Unsafe.park(Native Method)&#10;        at java.util.concurrent.locks.LockSupport.park(LockSupport.java:175)&#10;        at java.util.concurrent.locks.AbstractQueuedSynchronizer$ConditionObject.await(AbstractQueuedSynchronizer.java:2039)&#10;        at java.util.concurrent.ScheduledThreadPoolExecutor$DelayedWorkQueue.take(ScheduledThreadPoolExecutor.java:1088)&#10;        at java.util.concurrent.ScheduledThreadPoolExecutor$DelayedWorkQueue.take(ScheduledThreadPoolExecutor.java:809)&#10;        at java.util.concurrent.ThreadPoolExecutor.getTask(ThreadPoolExecutor.java:1074)&#10;        at java.util.concurrent.ThreadPoolExecutor.runWorker(ThreadPoolExecutor.java:1134)&#10;        at java.util.concurrent.ThreadPoolExecutor$Worker.run(ThreadPoolExecutor.java:624)&#10;        at java.lang.Thread.run(Thread.java:748)&#10;&quot;IPC Server listener on 46609&quot; daemon prio=5 tid=1084 runnable&#10;java.lang.Thread.State: RUNNABLE&#10;        at sun.nio.ch.EPollArrayWrapper.epollWait(Native Method)&#10;        at sun.nio.ch.EPollArrayWrapper.poll(EPollArrayWrapper.java:269)&#10;        at sun.nio.ch.EPollSelectorImpl.doSelect(EPollSelectorImpl.java:93)&#10;        at sun.nio.ch.SelectorImpl.lockAndDoSelect(SelectorImpl.java:86)&#10;        at sun.nio.ch.SelectorImpl.select(SelectorImpl.java:97)&#10;        at sun.nio.ch.SelectorImpl.select(SelectorImpl.java:101)&#10;        at org.apache.hadoop.ipc.Server$Listener.run(Server.java:1159)&#10;&quot;pool-138-thread-53&quot;  prio=5 tid=1724 in Object.wait()&#10;java.lang.Thread.State: WAITING (on object monitor)&#10;        at sun.misc.Unsafe.park(Native Method)&#10;        at java.util.concurrent.locks.LockSupport.park(LockSupport.java:175)&#10;        at java.util.concurrent.locks.AbstractQueuedSynchronizer$ConditionObject.await(AbstractQueuedSynchronizer.java:2039)&#10;        at java.util.concurrent.ArrayBlockingQueue.take(ArrayBlockingQueue.java:403)&#10;        at java.util.concurrent.ThreadPoolExecutor.getTask(ThreadPoolExecutor.java:1074)&#10;        at java.util.concurrent.ThreadPoolExecutor.runWorker(ThreadPoolExecutor.java:1134)&#10;        at java.util.concurrent.ThreadPoolExecutor$Worker.run(ThreadPoolExecutor.java:624)&#10;        at java.lang.Thread.run(Thread.java:748)&#10;&quot;org.eclipse.jetty.server.session.HashSessionManager@25bf45adTimer&quot; daemon prio=5 tid=1593 timed_waiting&#10;java.lang.Thread.State: TIMED_WAITING&#10;        at sun.misc.Unsafe.park(Native Method)&#10;        at java.util.concurrent.locks.LockSupport.parkNanos(LockSupport.java:215)&#10;        at java.util.concurrent.locks.AbstractQueuedSynchronizer$ConditionObject.awaitNanos(AbstractQueuedSynchronizer.java:2078)&#10;        at java.util.concurrent.ScheduledThreadPoolExecutor$DelayedWorkQueue.take(ScheduledThreadPoolExecutor.java:1093)&#10;        at java.util.concurrent.ScheduledThreadPoolExecutor$DelayedWorkQueue.take(ScheduledThreadPoolExecutor.java:809)&#10;        at java.util.concurrent.ThreadPoolExecutor.getTask(ThreadPoolExecutor.java:1074)&#10;        at java.util.concurrent.ThreadPoolExecutor.runWorker(ThreadPoolExecutor.java:1134)&#10;        at java.util.concurrent.ThreadPoolExecutor$Worker.run(ThreadPoolExecutor.java:624)&#10;        at java.lang.Thread.run(Thread.java:748)&#10;&quot;BlockDeletingService#0&quot; daemon prio=5 tid=1888 timed_waiting&#10;java.lang.Thread.State: TIMED_WAITING&#10;        at sun.misc.Unsafe.park(Native Method)&#10;        at java.util.concurrent.locks.LockSupport.parkNanos(LockSupport.java:215)&#10;        at java.util.concurrent.locks.AbstractQueuedSynchronizer$ConditionObject.awaitNanos(AbstractQueuedSynchronizer.java:2078)&#10;        at java.util.concurrent.ScheduledThreadPoolExecutor$DelayedWorkQueue.take(ScheduledThreadPoolExecutor.java:1093)&#10;        at java.util.concurrent.ScheduledThreadPoolExecutor$DelayedWorkQueue.take(ScheduledThreadPoolExecutor.java:809)&#10;        at java.util.concurrent.ThreadPoolExecutor.getTask(ThreadPoolExecutor.java:1074)&#10;        at java.util.concurrent.ThreadPoolExecutor.runWorker(ThreadPoolExecutor.java:1134)&#10;        at java.util.concurrent.ThreadPoolExecutor$Worker.run(ThreadPoolExecutor.java:624)&#10;        at java.lang.Thread.run(Thread.java:748)&#10;&quot;pool-138-thread-35&quot;  prio=5 tid=1706 in Object.wait()&#10;java.lang.Thread.State: WAITING (on object monitor)&#10;        at sun.misc.Unsafe.park(Native Method)&#10;        at java.util.concurrent.locks.LockSupport.park(LockSupport.java:175)&#10;        at java.util.concurrent.locks.AbstractQueuedSynchronizer$ConditionObject.await(AbstractQueuedSynchronizer.java:2039)&#10;        at java.util.concurrent.ArrayBlockingQueue.take(ArrayBlockingQueue.java:403)&#10;        at java.util.concurrent.ThreadPoolExecutor.getTask(ThreadPoolExecutor.java:1074)&#10;        at java.util.concurrent.ThreadPoolExecutor.runWorker(ThreadPoolExecutor.java:1134)&#10;        at java.util.concurrent.ThreadPoolExecutor$Worker.run(ThreadPoolExecutor.java:624)&#10;        at java.lang.Thread.run(Thread.java:748)&#10;&quot;pool-138-thread-33&quot;  prio=5 tid=1704 in Object.wait()&#10;java.lang.Thread.State: WAITING (on object monitor)&#10;        at sun.misc.Unsafe.park(Native Method)&#10;        at java.util.concurrent.locks.LockSupport.park(LockSupport.java:175)&#10;        at java.util.concurrent.locks.AbstractQueuedSynchronizer$ConditionObject.await(AbstractQueuedSynchronizer.java:2039)&#10;        at java.util.concurrent.ArrayBlockingQueue.take(ArrayBlockingQueue.java:403)&#10;        at java.util.concurrent.ThreadPoolExecutor.getTask(ThreadPoolExecutor.java:1074)&#10;        at java.util.concurrent.ThreadPoolExecutor.runWorker(ThreadPoolExecutor.java:1134)&#10;        at java.util.concurrent.ThreadPoolExecutor$Worker.run(ThreadPoolExecutor.java:624)&#10;        at java.lang.Thread.run(Thread.java:748)&#10;&quot;pool-148-thread-34&quot;  prio=5 tid=1781 in Object.wait()&#10;java.lang.Thread.State: WAITING (on object monitor)&#10;        at sun.misc.Unsafe.park(Native Method)&#10;        at java.util.concurrent.locks.LockSupport.park(LockSupport.java:175)&#10;        at java.util.concurrent.locks.AbstractQueuedSynchronizer$ConditionObject.await(AbstractQueuedSynchronizer.java:2039)&#10;        at java.util.concurrent.ArrayBlockingQueue.take(ArrayBlockingQueue.java:403)&#10;        at java.util.concurrent.ThreadPoolExecutor.getTask(ThreadPoolExecutor.java:1074)&#10;        at java.util.concurrent.ThreadPoolExecutor.runWorker(ThreadPoolExecutor.java:1134)&#10;        at java.util.concurrent.ThreadPoolExecutor$Worker.run(ThreadPoolExecutor.java:624)&#10;        at java.lang.Thread.run(Thread.java:748)&#10;&quot;metrics-hadoop-metrics2-reporter-98-thread-1&quot; daemon prio=5 tid=1536 timed_waiting&#10;java.lang.Thread.State: TIMED_WAITING&#10;        at sun.misc.Unsafe.park(Native Method)&#10;        at java.util.concurrent.locks.LockSupport.parkNanos(LockSupport.java:215)&#10;        at java.util.concurrent.locks.AbstractQueuedSynchronizer$ConditionObject.awaitNanos(AbstractQueuedSynchronizer.java:2078)&#10;        at java.util.concurrent.ScheduledThreadPoolExecutor$DelayedWorkQueue.take(ScheduledThreadPoolExecutor.java:1093)&#10;        at java.util.concurrent.ScheduledThreadPoolExecutor$DelayedWorkQueue.take(ScheduledThreadPoolExecutor.java:809)&#10;        at java.util.concurrent.ThreadPoolExecutor.getTask(ThreadPoolExecutor.java:1074)&#10;        at java.util.concurrent.ThreadPoolExecutor.runWorker(ThreadPoolExecutor.java:1134)&#10;        at java.util.concurrent.ThreadPoolExecutor$Worker.run(ThreadPoolExecutor.java:624)&#10;        at java.lang.Thread.run(Thread.java:748)&#10;&quot;metrics-hadoop-metrics2-reporter-28-thread-1&quot; daemon prio=5 tid=768 timed_waiting&#10;java.lang.Thread.State: TIMED_WAITING&#10;        at sun.misc.Unsafe.park(Native Method)&#10;        at java.util.concurrent.locks.LockSupport.parkNanos(LockSupport.java:215)&#10;        at java.util.concurrent.locks.AbstractQueuedSynchronizer$ConditionObject.awaitNanos(AbstractQueuedSynchronizer.java:2078)&#10;        at java.util.concurrent.ScheduledThreadPoolExecutor$DelayedWorkQueue.take(ScheduledThreadPoolExecutor.java:1093)&#10;        at java.util.concurrent.ScheduledThreadPoolExecutor$DelayedWorkQueue.take(ScheduledThreadPoolExecutor.java:809)&#10;        at java.util.concurrent.ThreadPoolExecutor.getTask(ThreadPoolExecutor.java:1074)&#10;        at java.util.concurrent.ThreadPoolExecutor.runWorker(ThreadPoolExecutor.java:1134)&#10;        at java.util.concurrent.ThreadPoolExecutor$Worker.run(ThreadPoolExecutor.java:624)&#10;        at java.lang.Thread.run(Thread.java:748)&#10;&quot;metrics-hadoop-metrics2-reporter-47-thread-1&quot; daemon prio=5 tid=848 timed_waiting&#10;java.lang.Thread.State: TIMED_WAITING&#10;        at sun.misc.Unsafe.park(Native Method)&#10;        at java.util.concurrent.locks.LockSupport.parkNanos(LockSupport.java:215)&#10;        at java.util.concurrent.locks.AbstractQueuedSynchronizer$ConditionObject.awaitNanos(AbstractQueuedSynchronizer.java:2078)&#10;        at java.util.concurrent.ScheduledThreadPoolExecutor$DelayedWorkQueue.take(ScheduledThreadPoolExecutor.java:1093)&#10;        at java.util.concurrent.ScheduledThreadPoolExecutor$DelayedWorkQueue.take(ScheduledThreadPoolExecutor.java:809)&#10;        at java.util.concurrent.ThreadPoolExecutor.getTask(ThreadPoolExecutor.java:1074)&#10;        at java.util.concurrent.ThreadPoolExecutor.runWorker(ThreadPoolExecutor.java:1134)&#10;        at java.util.concurrent.ThreadPoolExecutor$Worker.run(ThreadPoolExecutor.java:624)&#10;        at java.lang.Thread.run(Thread.java:748)&#10;&quot;EventQueue-SafemodestatusForSafeModeHandler&quot; daemon prio=5 tid=1482 in Object.wait()&#10;java.lang.Thread.State: WAITING (on object monitor)&#10;        at sun.misc.Unsafe.park(Native Method)&#10;        at java.util.concurrent.locks.LockSupport.park(LockSupport.java:175)&#10;        at java.util.concurrent.locks.AbstractQueuedSynchronizer$ConditionObject.await(AbstractQueuedSynchronizer.java:2039)&#10;        at java.util.concurrent.LinkedBlockingQueue.take(LinkedBlockingQueue.java:442)&#10;        at java.util.concurrent.ThreadPoolExecutor.getTask(ThreadPoolExecutor.java:1074)&#10;        at java.util.concurrent.ThreadPoolExecutor.runWorker(ThreadPoolExecutor.java:1134)&#10;        at java.util.concurrent.ThreadPoolExecutor$Worker.run(ThreadPoolExecutor.java:624)&#10;        at java.lang.Thread.run(Thread.java:748)&#10;&quot;pool-148-thread-7&quot;  prio=5 tid=1753 in Object.wait()&#10;java.lang.Thread.State: WAITING (on object monitor)&#10;        at sun.misc.Unsafe.park(Native Method)&#10;        at java.util.concurrent.locks.LockSupport.park(LockSupport.java:175)&#10;        at java.util.concurrent.locks.AbstractQueuedSynchronizer$ConditionObject.await(AbstractQueuedSynchronizer.java:2039)&#10;        at java.util.concurrent.ArrayBlockingQueue.take(ArrayBlockingQueue.java:403)&#10;        at java.util.concurrent.ThreadPoolExecutor.getTask(ThreadPoolExecutor.java:1074)&#10;        at java.util.concurrent.ThreadPoolExecutor.runWorker(ThreadPoolExecutor.java:1134)&#10;        at java.util.concurrent.ThreadPoolExecutor$Worker.run(ThreadPoolExecutor.java:624)&#10;        at java.lang.Thread.run(Thread.java:748)&#10;&quot;qtp1025473693-1152-acceptor-0@1e6551c0-ServerConnector@54e640d6{HTTP/1.1,[http/1.1]}{0.0.0.0:35486}&quot; daemon prio=3 tid=1152 runnable&#10;java.lang.Thread.State: RUNNABLE&#10;        at sun.nio.ch.ServerSocketChannelImpl.accept0(Native Method)&#10;        at sun.nio.ch.ServerSocketChannelImpl.accept(ServerSocketChannelImpl.java:422)&#10;        at sun.nio.ch.ServerSocketChannelImpl.accept(ServerSocketChannelImpl.java:250)&#10;        at org.eclipse.jetty.server.ServerConnector.accept(ServerConnector.java:397)&#10;        at org.eclipse.jetty.server.AbstractConnector$Acceptor.run(AbstractConnector.java:601)&#10;        at org.eclipse.jetty.util.thread.QueuedThreadPool.runJob(QueuedThreadPool.java:671)&#10;        at org.eclipse.jetty.util.thread.QueuedThreadPool$2.run(QueuedThreadPool.java:589)&#10;        at java.lang.Thread.run(Thread.java:748)&#10;&quot;pool-88-thread-1&quot;  prio=5 tid=1088 timed_waiting&#10;java.lang.Thread.State: TIMED_WAITING&#10;        at sun.misc.Unsafe.park(Native Method)&#10;        at java.util.concurrent.locks.LockSupport.parkNanos(LockSupport.java:215)&#10;        at java.util.concurrent.locks.AbstractQueuedSynchronizer$ConditionObject.awaitNanos(AbstractQueuedSynchronizer.java:2078)&#10;        at java.util.concurrent.ScheduledThreadPoolExecutor$DelayedWorkQueue.take(ScheduledThreadPoolExecutor.java:1093)&#10;        at java.util.concurrent.ScheduledThreadPoolExecutor$DelayedWorkQueue.take(ScheduledThreadPoolExecutor.java:809)&#10;        at java.util.concurrent.ThreadPoolExecutor.getTask(ThreadPoolExecutor.java:1074)&#10;        at java.util.concurrent.ThreadPoolExecutor.runWorker(ThreadPoolExecutor.java:1134)&#10;        at java.util.concurrent.ThreadPoolExecutor$Worker.run(ThreadPoolExecutor.java:624)&#10;        at java.lang.Thread.run(Thread.java:748)&#10;&quot;metrics-hadoop-metrics2-reporter-8-thread-1&quot; daemon prio=5 tid=721 timed_waiting&#10;java.lang.Thread.State: TIMED_WAITING&#10;        at sun.misc.Unsafe.park(Native Method)&#10;        at java.util.concurrent.locks.LockSupport.parkNanos(LockSupport.java:215)&#10;        at java.util.concurrent.locks.AbstractQueuedSynchronizer$ConditionObject.awaitNanos(AbstractQueuedSynchronizer.java:2078)&#10;        at java.util.concurrent.ScheduledThreadPoolExecutor$DelayedWorkQueue.take(ScheduledThreadPoolExecutor.java:1093)&#10;        at java.util.concurrent.ScheduledThreadPoolExecutor$DelayedWorkQueue.take(ScheduledThreadPoolExecutor.java:809)&#10;        at java.util.concurrent.ThreadPoolExecutor.getTask(ThreadPoolExecutor.java:1074)&#10;        at java.util.concurrent.ThreadPoolExecutor.runWorker(ThreadPoolExecutor.java:1134)&#10;        at java.util.concurrent.ThreadPoolExecutor$Worker.run(ThreadPoolExecutor.java:624)&#10;        at java.lang.Thread.run(Thread.java:748)&#10;&quot;RatisPipelineUtilsThread&quot;  prio=5 tid=1476 timed_waiting&#10;java.lang.Thread.State: TIMED_WAITING&#10;        at sun.misc.Unsafe.park(Native Method)&#10;        at java.util.concurrent.locks.LockSupport.parkNanos(LockSupport.java:215)&#10;        at java.util.concurrent.locks.AbstractQueuedSynchronizer$ConditionObject.awaitNanos(AbstractQueuedSynchronizer.java:2078)&#10;        at java.util.concurrent.ScheduledThreadPoolExecutor$DelayedWorkQueue.take(ScheduledThreadPoolExecutor.java:1093)&#10;        at java.util.concurrent.ScheduledThreadPoolExecutor$DelayedWorkQueue.take(ScheduledThreadPoolExecutor.java:809)&#10;        at java.util.concurrent.ThreadPoolExecutor.getTask(ThreadPoolExecutor.java:1074)&#10;        at java.util.concurrent.ThreadPoolExecutor.runWorker(ThreadPoolExecutor.java:1134)&#10;        at java.util.concurrent.ThreadPoolExecutor$Worker.run(ThreadPoolExecutor.java:624)&#10;        at java.lang.Thread.run(Thread.java:748)&#10;&quot;metrics-hadoop-metrics2-reporter-20-thread-1&quot; daemon prio=5 tid=749 timed_waiting&#10;java.lang.Thread.State: TIMED_WAITING&#10;        at sun.misc.Unsafe.park(Native Method)&#10;        at java.util.concurrent.locks.LockSupport.parkNanos(LockSupport.java:215)&#10;        at java.util.concurrent.locks.AbstractQueuedSynchronizer$ConditionObject.awaitNanos(AbstractQueuedSynchronizer.java:2078)&#10;        at java.util.concurrent.ScheduledThreadPoolExecutor$DelayedWorkQueue.take(ScheduledThreadPoolExecutor.java:1093)&#10;        at java.util.concurrent.ScheduledThreadPoolExecutor$DelayedWorkQueue.take(ScheduledThreadPoolExecutor.java:809)&#10;        at java.util.concurrent.ThreadPoolExecutor.getTask(ThreadPoolExecutor.java:1074)&#10;        at java.util.concurrent.ThreadPoolExecutor.runWorker(ThreadPoolExecutor.java:1134)&#10;        at java.util.concurrent.ThreadPoolExecutor$Worker.run(ThreadPoolExecutor.java:624)&#10;        at java.lang.Thread.run(Thread.java:748)&#10;&quot;IPC Server handler 3 on 38802&quot; daemon prio=5 tid=1114 timed_waiting&#10;java.lang.Thread.State: TIMED_WAITING&#10;        at sun.misc.Unsafe.park(Native Method)&#10;        at java.util.concurrent.locks.LockSupport.parkNanos(LockSupport.java:215)&#10;        at java.util.concurrent.locks.AbstractQueuedSynchronizer$ConditionObject.awaitNanos(AbstractQueuedSynchronizer.java:2078)&#10;        at java.util.concurrent.LinkedBlockingQueue.poll(LinkedBlockingQueue.java:467)&#10;        at org.apache.hadoop.ipc.CallQueueManager.take(CallQueueManager.java:288)&#10;        at org.apache.hadoop.ipc.Server$Handler.run(Server.java:2668)&#10;&quot;BlockDeletingService#1&quot; daemon prio=5 tid=1889 in Object.wait()&#10;java.lang.Thread.State: WAITING (on object monitor)&#10;        at sun.misc.Unsafe.park(Native Method)&#10;        at java.util.concurrent.locks.LockSupport.park(LockSupport.java:175)&#10;        at java.util.concurrent.locks.AbstractQueuedSynchronizer$ConditionObject.await(AbstractQueuedSynchronizer.java:2039)&#10;        at java.util.concurrent.ScheduledThreadPoolExecutor$DelayedWorkQueue.take(ScheduledThreadPoolExecutor.java:1088)&#10;        at java.util.concurrent.ScheduledThreadPoolExecutor$DelayedWorkQueue.take(ScheduledThreadPoolExecutor.java:809)&#10;        at java.util.concurrent.ThreadPoolExecutor.getTask(ThreadPoolExecutor.java:1074)&#10;        at java.util.concurrent.ThreadPoolExecutor.runWorker(ThreadPoolExecutor.java:1134)&#10;        at java.util.concurrent.ThreadPoolExecutor$Worker.run(ThreadPoolExecutor.java:624)&#10;        at java.lang.Thread.run(Thread.java:748)&#10;&quot;IPC Server idle connection scanner for port 38802&quot; daemon prio=5 tid=1082 timed_waiting&#10;java.lang.Thread.State: TIMED_WAITING&#10;        at java.lang.Object.wait(Native Method)&#10;        at java.util.TimerThread.mainLoop(Timer.java:552)&#10;        at java.util.TimerThread.run(Timer.java:505)&#10;&quot;metrics-hadoop-metrics2-reporter-11-thread-1&quot; daemon prio=5 tid=728 timed_waiting&#10;java.lang.Thread.State: TIMED_WAITING&#10;        at sun.misc.Unsafe.park(Native Method)&#10;        at java.util.concurrent.locks.LockSupport.parkNanos(LockSupport.java:215)&#10;        at java.util.concurrent.locks.AbstractQueuedSynchronizer$ConditionObject.awaitNanos(AbstractQueuedSynchronizer.java:2078)&#10;        at java.util.concurrent.ScheduledThreadPoolExecutor$DelayedWorkQueue.take(ScheduledThreadPoolExecutor.java:1093)&#10;        at java.util.concurrent.ScheduledThreadPoolExecutor$DelayedWorkQueue.take(ScheduledThreadPoolExecutor.java:809)&#10;        at java.util.concurrent.ThreadPoolExecutor.getTask(ThreadPoolExecutor.java:1074)&#10;        at java.util.concurrent.ThreadPoolExecutor.runWorker(ThreadPoolExecutor.java:1134)&#10;        at java.util.concurrent.ThreadPoolExecutor$Worker.run(ThreadPoolExecutor.java:624)&#10;        at java.lang.Thread.run(Thread.java:748)&#10;&quot;metrics-hadoop-metrics2-reporter-13-thread-1&quot; daemon prio=5 tid=731 timed_waiting&#10;java.lang.Thread.State: TIMED_WAITING&#10;        at sun.misc.Unsafe.park(Native Method)&#10;        at java.util.concurrent.locks.LockSupport.parkNanos(LockSupport.java:215)&#10;        at java.util.concurrent.locks.AbstractQueuedSynchronizer$ConditionObject.awaitNanos(AbstractQueuedSynchronizer.java:2078)&#10;        at java.util.concurrent.ScheduledThreadPoolExecutor$DelayedWorkQueue.take(ScheduledThreadPoolExecutor.java:1093)&#10;        at java.util.concurrent.ScheduledThreadPoolExecutor$DelayedWorkQueue.take(ScheduledThreadPoolExecutor.java:809)&#10;        at java.util.concurrent.ThreadPoolExecutor.getTask(ThreadPoolExecutor.java:1074)&#10;        at java.util.concurrent.ThreadPoolExecutor.runWorker(ThreadPoolExecutor.java:1134)&#10;        at java.util.concurrent.ThreadPoolExecutor$Worker.run(ThreadPoolExecutor.java:624)&#10;        at java.lang.Thread.run(Thread.java:748)&#10;&quot;pool-152-thread-1&quot;  prio=5 tid=1612 timed_waiting&#10;java.lang.Thread.State: TIMED_WAITING&#10;        at sun.misc.Unsafe.park(Native Method)&#10;        at java.util.concurrent.locks.LockSupport.parkNanos(LockSupport.java:215)&#10;        at java.util.concurrent.locks.AbstractQueuedSynchronizer$ConditionObject.awaitNanos(AbstractQueuedSynchronizer.java:2078)&#10;        at java.util.concurrent.ScheduledThreadPoolExecutor$DelayedWorkQueue.take(ScheduledThreadPoolExecutor.java:1093)&#10;        at java.util.concurrent.ScheduledThreadPoolExecutor$DelayedWorkQueue.take(ScheduledThreadPoolExecutor.java:809)&#10;        at java.util.concurrent.ThreadPoolExecutor.getTask(ThreadPoolExecutor.java:1074)&#10;        at java.util.concurrent.ThreadPoolExecutor.runWorker(ThreadPoolExecutor.java:1134)&#10;        at java.util.concurrent.ThreadPoolExecutor$Worker.run(ThreadPoolExecutor.java:624)&#10;        at java.lang.Thread.run(Thread.java:748)&#10;&quot;Socket Reader #1 for port 45184&quot;  prio=5 tid=1168 runnable&#10;java.lang.Thread.State: RUNNABLE&#10;        at sun.nio.ch.EPollArrayWrapper.epollWait(Native Method)&#10;        at sun.nio.ch.EPollArrayWrapper.poll(EPollArrayWrapper.java:269)&#10;        at sun.nio.ch.EPollSelectorImpl.doSelect(EPollSelectorImpl.java:93)&#10;        at sun.nio.ch.SelectorImpl.lockAndDoSelect(SelectorImpl.java:86)&#10;        at sun.nio.ch.SelectorImpl.select(SelectorImpl.java:97)&#10;        at sun.nio.ch.SelectorImpl.select(SelectorImpl.java:101)&#10;        at org.apache.hadoop.ipc.Server$Listener$Reader.doRunLoop(Server.java:1097)&#10;        at org.apache.hadoop.ipc.Server$Listener$Reader.run(Server.java:1076)&#10;&quot;metrics-hadoop-metrics2-reporter-122-thread-1&quot; daemon prio=5 tid=1964 timed_waiting&#10;java.lang.Thread.State: TIMED_WAITING&#10;        at sun.misc.Unsafe.park(Native Method)&#10;        at java.util.concurrent.locks.LockSupport.parkNanos(LockSupport.java:215)&#10;        at java.util.concurrent.locks.AbstractQueuedSynchronizer$ConditionObject.awaitNanos(AbstractQueuedSynchronizer.java:2078)&#10;        at java.util.concurrent.ScheduledThreadPoolExecutor$DelayedWorkQueue.take(ScheduledThreadPoolExecutor.java:1093)&#10;        at java.util.concurrent.ScheduledThreadPoolExecutor$DelayedWorkQueue.take(ScheduledThreadPoolExecutor.java:809)&#10;        at java.util.concurrent.ThreadPoolExecutor.getTask(ThreadPoolExecutor.java:1074)&#10;        at java.util.concurrent.ThreadPoolExecutor.runWorker(ThreadPoolExecutor.java:1134)&#10;        at java.util.concurrent.ThreadPoolExecutor$Worker.run(ThreadPoolExecutor.java:624)&#10;        at java.lang.Thread.run(Thread.java:748)&#10;&quot;Datanode ReportManager Thread - 2&quot; daemon prio=5 tid=1632 in Object.wait()&#10;java.lang.Thread.State: WAITING (on object monitor)&#10;        at sun.misc.Unsafe.park(Native Method)&#10;        at java.util.concurrent.locks.LockSupport.park(LockSupport.java:175)&#10;        at java.util.concurrent.locks.AbstractQueuedSynchronizer$ConditionObject.await(AbstractQueuedSynchronizer.java:2039)&#10;        at java.util.concurrent.ScheduledThreadPoolExecutor$DelayedWorkQueue.take(ScheduledThreadPoolExecutor.java:1088)&#10;        at java.util.concurrent.ScheduledThreadPoolExecutor$DelayedWorkQueue.take(ScheduledThreadPoolExecutor.java:809)&#10;        at java.util.concurrent.ThreadPoolExecutor.getTask(ThreadPoolExecutor.java:1074)&#10;        at java.util.concurrent.ThreadPoolExecutor.runWorker(ThreadPoolExecutor.java:1134)&#10;        at java.util.concurrent.ThreadPoolExecutor$Worker.run(ThreadPoolExecutor.java:624)&#10;        at java.lang.Thread.run(Thread.java:748)&#10;&quot;IPC Server handler 10 on 45184&quot; daemon prio=5 tid=1184 timed_waiting&#10;java.lang.Thread.State: TIMED_WAITING&#10;        at sun.misc.Unsafe.park(Native Method)&#10;        at java.util.concurrent.locks.LockSupport.parkNanos(LockSupport.java:215)&#10;        at java.util.concurrent.locks.AbstractQueuedSynchronizer$ConditionObject.awaitNanos(AbstractQueuedSynchronizer.java:2078)&#10;        at java.util.concurrent.LinkedBlockingQueue.poll(LinkedBlockingQueue.java:467)&#10;        at org.apache.hadoop.ipc.CallQueueManager.take(CallQueueManager.java:288)&#10;        at org.apache.hadoop.ipc.Server$Handler.run(Server.java:2668)&#10;&quot;bc0bc980-c963-48ce-962e-85091c893131@group-65A7CFDAF5F6-SegmentedRaftLogWorker&quot;  prio=5 tid=1909 timed_waiting&#10;java.lang.Thread.State: TIMED_WAITING&#10;        at sun.misc.Unsafe.park(Native Method)&#10;        at java.util.concurrent.locks.LockSupport.parkNanos(LockSupport.java:215)&#10;        at java.util.concurrent.locks.AbstractQueuedSynchronizer$ConditionObject.awaitNanos(AbstractQueuedSynchronizer.java:2078)&#10;        at org.apache.ratis.util.DataBlockingQueue.poll(DataBlockingQueue.java:137)&#10;        at org.apache.ratis.server.raftlog.segmented.SegmentedRaftLogWorker.run(SegmentedRaftLogWorker.java:282)&#10;        at java.lang.Thread.run(Thread.java:748)&#10;&quot;pool-138-thread-32&quot;  prio=5 tid=1703 in Object.wait()&#10;java.lang.Thread.State: WAITING (on object monitor)&#10;        at sun.misc.Unsafe.park(Native Method)&#10;        at java.util.concurrent.locks.LockSupport.park(LockSupport.java:175)&#10;        at java.util.concurrent.locks.AbstractQueuedSynchronizer$ConditionObject.await(AbstractQueuedSynchronizer.java:2039)&#10;        at java.util.concurrent.ArrayBlockingQueue.take(ArrayBlockingQueue.java:403)&#10;        at java.util.concurrent.ThreadPoolExecutor.getTask(ThreadPoolExecutor.java:1074)&#10;        at java.util.concurrent.ThreadPoolExecutor.runWorker(ThreadPoolExecutor.java:1134)&#10;        at java.util.concurrent.ThreadPoolExecutor$Worker.run(ThreadPoolExecutor.java:624)&#10;        at java.lang.Thread.run(Thread.java:748)&#10;&quot;IPC Server handler 17 on 38131&quot; daemon prio=5 tid=1148 timed_waiting&#10;java.lang.Thread.State: TIMED_WAITING&#10;        at sun.misc.Unsafe.park(Native Method)&#10;        at java.util.concurrent.locks.LockSupport.parkNanos(LockSupport.java:215)&#10;        at java.util.concurrent.locks.AbstractQueuedSynchronizer$ConditionObject.awaitNanos(AbstractQueuedSynchronizer.java:2078)&#10;        at java.util.concurrent.LinkedBlockingQueue.poll(LinkedBlockingQueue.java:467)&#10;        at org.apache.hadoop.ipc.CallQueueManager.take(CallQueueManager.java:288)&#10;        at org.apache.hadoop.ipc.Server$Handler.run(Server.java:2668)&#10;&quot;pool-142-thread-1&quot;  prio=5 tid=1584 timed_waiting&#10;java.lang.Thread.State: TIMED_WAITING&#10;        at sun.misc.Unsafe.park(Native Method)&#10;        at java.util.concurrent.locks.LockSupport.parkNanos(LockSupport.java:215)&#10;        at java.util.concurrent.locks.AbstractQueuedSynchronizer$ConditionObject.awaitNanos(AbstractQueuedSynchronizer.java:2078)&#10;        at java.util.concurrent.ScheduledThreadPoolExecutor$DelayedWorkQueue.take(ScheduledThreadPoolExecutor.java:1093)&#10;        at java.util.concurrent.ScheduledThreadPoolExecutor$DelayedWorkQueue.take(ScheduledThreadPoolExecutor.java:809)&#10;        at java.util.concurrent.ThreadPoolExecutor.getTask(ThreadPoolExecutor.java:1074)&#10;        at java.util.concurrent.ThreadPoolExecutor.runWorker(ThreadPoolExecutor.java:1134)&#10;        at java.util.concurrent.ThreadPoolExecutor$Worker.run(ThreadPoolExecutor.java:624)&#10;        at java.lang.Thread.run(Thread.java:748)&#10;&quot;org.eclipse.jetty.server.session.HashSessionManager@340705a5Timer&quot; daemon prio=5 tid=1627 timed_waiting&#10;java.lang.Thread.State: TIMED_WAITING&#10;        at sun.misc.Unsafe.park(Native Method)&#10;        at java.util.concurrent.locks.LockSupport.parkNanos(LockSupport.java:215)&#10;        at java.util.concurrent.locks.AbstractQueuedSynchronizer$ConditionObject.awaitNanos(AbstractQueuedSynchronizer.java:2078)&#10;        at java.util.concurrent.ScheduledThreadPoolExecutor$DelayedWorkQueue.take(ScheduledThreadPoolExecutor.java:1093)&#10;        at java.util.concurrent.ScheduledThreadPoolExecutor$DelayedWorkQueue.take(ScheduledThreadPoolExecutor.java:809)&#10;        at java.util.concurrent.ThreadPoolExecutor.getTask(ThreadPoolExecutor.java:1074)&#10;        at java.util.concurrent.ThreadPoolExecutor.runWorker(ThreadPoolExecutor.java:1134)&#10;        at java.util.concurrent.ThreadPoolExecutor$Worker.run(ThreadPoolExecutor.java:624)&#10;        at java.lang.Thread.run(Thread.java:748)&#10;&quot;IPC Server handler 19 on 38131&quot; daemon prio=5 tid=1150 timed_waiting&#10;java.lang.Thread.State: TIMED_WAITING&#10;        at sun.misc.Unsafe.park(Native Method)&#10;        at java.util.concurrent.locks.LockSupport.parkNanos(LockSupport.java:215)&#10;        at java.util.concurrent.locks.AbstractQueuedSynchronizer$ConditionObject.awaitNanos(AbstractQueuedSynchronizer.java:2078)&#10;        at java.util.concurrent.LinkedBlockingQueue.poll(LinkedBlockingQueue.java:467)&#10;        at org.apache.hadoop.ipc.CallQueueManager.take(CallQueueManager.java:288)&#10;        at org.apache.hadoop.ipc.Server$Handler.run(Server.java:2668)&#10;&quot;pool-138-thread-36&quot;  prio=5 tid=1707 in Object.wait()&#10;java.lang.Thread.State: WAITING (on object monitor)&#10;        at sun.misc.Unsafe.park(Native Method)&#10;        at java.util.concurrent.locks.LockSupport.park(LockSupport.java:175)&#10;        at java.util.concurrent.locks.AbstractQueuedSynchronizer$ConditionObject.await(AbstractQueuedSynchronizer.java:2039)&#10;        at java.util.concurrent.ArrayBlockingQueue.take(ArrayBlockingQueue.java:403)&#10;        at java.util.concurrent.ThreadPoolExecutor.getTask(ThreadPoolExecutor.java:1074)&#10;        at java.util.concurrent.ThreadPoolExecutor.runWorker(ThreadPoolExecutor.java:1134)&#10;        at java.util.concurrent.ThreadPoolExecutor$Worker.run(ThreadPoolExecutor.java:624)&#10;        at java.lang.Thread.run(Thread.java:748)&#10;&quot;qtp1570597614-1648-acceptor-0@1de9b522-ServerConnector@4a76d03d{HTTP/1.1,[http/1.1]}{0.0.0.0:43830}&quot; daemon prio=3 tid=1648 runnable&#10;java.lang.Thread.State: RUNNABLE&#10;        at sun.nio.ch.ServerSocketChannelImpl.accept0(Native Method)&#10;        at sun.nio.ch.ServerSocketChannelImpl.accept(ServerSocketChannelImpl.java:422)&#10;        at sun.nio.ch.ServerSocketChannelImpl.accept(ServerSocketChannelImpl.java:250)&#10;        at org.eclipse.jetty.server.ServerConnector.accept(ServerConnector.java:397)&#10;        at org.eclipse.jetty.server.AbstractConnector$Acceptor.run(AbstractConnector.java:601)&#10;        at org.eclipse.jetty.util.thread.QueuedThreadPool.runJob(QueuedThreadPool.java:671)&#10;        at org.eclipse.jetty.util.thread.QueuedThreadPool$2.run(QueuedThreadPool.java:589)&#10;        at java.lang.Thread.run(Thread.java:748)&#10;&quot;IPC Server handler 4 on 46609&quot; daemon prio=5 tid=1095 timed_waiting&#10;java.lang.Thread.State: TIMED_WAITING&#10;        at sun.misc.Unsafe.park(Native Method)&#10;        at java.util.concurrent.locks.LockSupport.parkNanos(LockSupport.java:215)&#10;        at java.util.concurrent.locks.AbstractQueuedSynchronizer$ConditionObject.awaitNanos(AbstractQueuedSynchronizer.java:2078)&#10;        at java.util.concurrent.LinkedBlockingQueue.poll(LinkedBlockingQueue.java:467)&#10;        at org.apache.hadoop.ipc.CallQueueManager.take(CallQueueManager.java:288)&#10;        at org.apache.hadoop.ipc.Server$Handler.run(Server.java:2668)&#10;&quot;Finalizer&quot; daemon prio=8 tid=3 in Object.wait()&#10;java.lang.Thread.State: WAITING (on object monitor)&#10;        at java.lang.Object.wait(Native Method)&#10;        at java.lang.ref.ReferenceQueue.remove(ReferenceQueue.java:144)&#10;        at java.lang.ref.ReferenceQueue.remove(ReferenceQueue.java:165)&#10;        at java.lang.ref.Finalizer$FinalizerThread.run(Finalizer.java:216)&#10;&quot;qtp1570597614-1653&quot; daemon prio=5 tid=1653 timed_waiting&#10;java.lang.Thread.State: TIMED_WAITING&#10;        at sun.misc.Unsafe.park(Native Method)&#10;        at java.util.concurrent.locks.LockSupport.parkNanos(LockSupport.java:215)&#10;        at java.util.concurrent.locks.AbstractQueuedSynchronizer$ConditionObject.awaitNanos(AbstractQueuedSynchronizer.java:2078)&#10;        at org.eclipse.jetty.util.BlockingArrayQueue.poll(BlockingArrayQueue.java:392)&#10;        at org.eclipse.jetty.util.thread.QueuedThreadPool.idleJobPoll(QueuedThreadPool.java:563)&#10;        at org.eclipse.jetty.util.thread.QueuedThreadPool.access$800(QueuedThreadPool.java:48)&#10;        at org.eclipse.jetty.util.thread.QueuedThreadPool$2.run(QueuedThreadPool.java:626)&#10;        at java.lang.Thread.run(Thread.java:748)&#10;&quot;IPC Server handler 0 on 45184&quot; daemon prio=5 tid=1173 timed_waiting&#10;java.lang.Thread.State: TIMED_WAITING&#10;        at sun.misc.Unsafe.park(Native Method)&#10;        at java.util.concurrent.locks.LockSupport.parkNanos(LockSupport.java:215)&#10;        at java.util.concurrent.locks.AbstractQueuedSynchronizer$ConditionObject.awaitNanos(AbstractQueuedSynchronizer.java:2078)&#10;        at java.util.concurrent.LinkedBlockingQueue.poll(LinkedBlockingQueue.java:467)&#10;        at org.apache.hadoop.ipc.CallQueueManager.take(CallQueueManager.java:288)&#10;        at org.apache.hadoop.ipc.Server$Handler.run(Server.java:2668)&#10;&quot;IPC Server handler 12 on 38802&quot; daemon prio=5 tid=1123 timed_waiting&#10;java.lang.Thread.State: TIMED_WAITING&#10;        at sun.misc.Unsafe.park(Native Method)&#10;        at java.util.concurrent.locks.LockSupport.parkNanos(LockSupport.java:215)&#10;        at java.util.concurrent.locks.AbstractQueuedSynchronizer$ConditionObject.awaitNanos(AbstractQueuedSynchronizer.java:2078)&#10;        at java.util.concurrent.LinkedBlockingQueue.poll(LinkedBlockingQueue.java:467)&#10;        at org.apache.hadoop.ipc.CallQueueManager.take(CallQueueManager.java:288)&#10;        at org.apache.hadoop.ipc.Server$Handler.run(Server.java:2668)&#10;&quot;metrics-hadoop-metrics2-reporter-123-thread-1&quot; daemon prio=5 tid=1966 timed_waiting&#10;java.lang.Thread.State: TIMED_WAITING&#10;        at sun.misc.Unsafe.park(Native Method)&#10;        at java.util.concurrent.locks.LockSupport.parkNanos(LockSupport.java:215)&#10;        at java.util.concurrent.locks.AbstractQueuedSynchronizer$ConditionObject.awaitNanos(AbstractQueuedSynchronizer.java:2078)&#10;        at java.util.concurrent.ScheduledThreadPoolExecutor$DelayedWorkQueue.take(ScheduledThreadPoolExecutor.java:1093)&#10;        at java.util.concurrent.ScheduledThreadPoolExecutor$DelayedWorkQueue.take(ScheduledThreadPoolExecutor.java:809)&#10;        at java.util.concurrent.ThreadPoolExecutor.getTask(ThreadPoolExecutor.java:1074)&#10;        at java.util.concurrent.ThreadPoolExecutor.runWorker(ThreadPoolExecutor.java:1134)&#10;        at java.util.concurrent.ThreadPoolExecutor$Worker.run(ThreadPoolExecutor.java:624)&#10;        at java.lang.Thread.run(Thread.java:748)&#10;&quot;qtp1570597614-1650&quot; daemon prio=5 tid=1650 timed_waiting&#10;java.lang.Thread.State: TIMED_WAITING&#10;        at sun.misc.Unsafe.park(Native Method)&#10;        at java.util.concurrent.locks.LockSupport.parkNanos(LockSupport.java:215)&#10;        at java.util.concurrent.locks.AbstractQueuedSynchronizer$ConditionObject.awaitNanos(AbstractQueuedSynchronizer.java:2078)&#10;        at org.eclipse.jetty.util.BlockingArrayQueue.poll(BlockingArrayQueue.java:392)&#10;        at org.eclipse.jetty.util.thread.QueuedThreadPool.idleJobPoll(QueuedThreadPool.java:563)&#10;        at org.eclipse.jetty.util.thread.QueuedThreadPool.access$800(QueuedThreadPool.java:48)&#10;        at org.eclipse.jetty.util.thread.QueuedThreadPool$2.run(QueuedThreadPool.java:626)&#10;        at java.lang.Thread.run(Thread.java:748)&#10;&quot;IPC Server handler 15 on 45184&quot; daemon prio=5 tid=1189 timed_waiting&#10;java.lang.Thread.State: TIMED_WAITING&#10;        at sun.misc.Unsafe.park(Native Method)&#10;        at java.util.concurrent.locks.LockSupport.parkNanos(LockSupport.java:215)&#10;        at java.util.concurrent.locks.AbstractQueuedSynchronizer$ConditionObject.awaitNanos(AbstractQueuedSynchronizer.java:2078)&#10;        at java.util.concurrent.LinkedBlockingQueue.poll(LinkedBlockingQueue.java:467)&#10;        at org.apache.hadoop.ipc.CallQueueManager.take(CallQueueManager.java:288)&#10;        at org.apache.hadoop.ipc.Server$Handler.run(Server.java:2668)&#10;&quot;d612b743-bedc-4c3f-983e-e3329f8a2e6f@group-28ACFA97060E-StateMachineUpdater&quot; daemon prio=5 tid=1942 in Object.wait()&#10;java.lang.Thread.State: WAITING (on object monitor)&#10;        at java.lang.Object.wait(Native Method)&#10;        at java.lang.Object.wait(Object.java:502)&#10;        at org.apache.ratis.server.impl.StateMachineUpdater.waitForCommit(StateMachineUpdater.java:194)&#10;        at org.apache.ratis.server.impl.StateMachineUpdater.run(StateMachineUpdater.java:159)&#10;        at java.lang.Thread.run(Thread.java:748)&#10;&quot;IPC Server handler 6 on 45184&quot; daemon prio=5 tid=1180 timed_waiting&#10;java.lang.Thread.State: TIMED_WAITING&#10;        at sun.misc.Unsafe.park(Native Method)&#10;        at java.util.concurrent.locks.LockSupport.parkNanos(LockSupport.java:215)&#10;        at java.util.concurrent.locks.AbstractQueuedSynchronizer$ConditionObject.awaitNanos(AbstractQueuedSynchronizer.java:2078)&#10;        at java.util.concurrent.LinkedBlockingQueue.poll(LinkedBlockingQueue.java:467)&#10;        at org.apache.hadoop.ipc.CallQueueManager.take(CallQueueManager.java:288)&#10;        at org.apache.hadoop.ipc.Server$Handler.run(Server.java:2668)&#10;&quot;Thread-2226&quot; daemon prio=5 tid=3379 timed_waiting&#10;java.lang.Thread.State: TIMED_WAITING&#10;        at java.lang.Thread.sleep(Native Method)&#10;        at org.apache.ratis.util.JavaUtils.sleep(JavaUtils.java:247)&#10;        at org.apache.ratis.server.impl.FollowerState.run(FollowerState.java:97)&#10;&quot;pool-148-thread-36&quot;  prio=5 tid=1783 in Object.wait()&#10;java.lang.Thread.State: WAITING (on object monitor)&#10;        at sun.misc.Unsafe.park(Native Method)&#10;        at java.util.concurrent.locks.LockSupport.park(LockSupport.java:175)&#10;        at java.util.concurrent.locks.AbstractQueuedSynchronizer$ConditionObject.await(AbstractQueuedSynchronizer.java:2039)&#10;        at java.util.concurrent.ArrayBlockingQueue.take(ArrayBlockingQueue.java:403)&#10;        at java.util.concurrent.ThreadPoolExecutor.getTask(ThreadPoolExecutor.java:1074)&#10;        at java.util.concurrent.ThreadPoolExecutor.runWorker(ThreadPoolExecutor.java:1134)&#10;        at java.util.concurrent.ThreadPoolExecutor$Worker.run(ThreadPoolExecutor.java:624)&#10;        at java.lang.Thread.run(Thread.java:748)&#10;&quot;metrics-hadoop-metrics2-reporter-104-thread-1&quot; daemon prio=5 tid=1555 timed_waiting&#10;java.lang.Thread.State: TIMED_WAITING&#10;        at sun.misc.Unsafe.park(Native Method)&#10;        at java.util.concurrent.locks.LockSupport.parkNanos(LockSupport.java:215)&#10;        at java.util.concurrent.locks.AbstractQueuedSynchronizer$ConditionObject.awaitNanos(AbstractQueuedSynchronizer.java:2078)&#10;        at java.util.concurrent.ScheduledThreadPoolExecutor$DelayedWorkQueue.take(ScheduledThreadPoolExecutor.java:1093)&#10;        at java.util.concurrent.ScheduledThreadPoolExecutor$DelayedWorkQueue.take(ScheduledThreadPoolExecutor.java:809)&#10;        at java.util.concurrent.ThreadPoolExecutor.getTask(ThreadPoolExecutor.java:1074)&#10;        at java.util.concurrent.ThreadPoolExecutor.runWorker(ThreadPoolExecutor.java:1134)&#10;        at java.util.concurrent.ThreadPoolExecutor$Worker.run(ThreadPoolExecutor.java:624)&#10;        at java.lang.Thread.run(Thread.java:748)&#10;&quot;BlockDeletingService#0&quot; daemon prio=5 tid=1810 timed_waiting&#10;java.lang.Thread.State: TIMED_WAITING&#10;        at sun.misc.Unsafe.park(Native Method)&#10;        at java.util.concurrent.locks.LockSupport.parkNanos(LockSupport.java:215)&#10;        at java.util.concurrent.locks.AbstractQueuedSynchronizer$ConditionObject.awaitNanos(AbstractQueuedSynchronizer.java:2078)&#10;        at java.util.concurrent.ScheduledThreadPoolExecutor$DelayedWorkQueue.take(ScheduledThreadPoolExecutor.java:1093)&#10;        at java.util.concurrent.ScheduledThreadPoolExecutor$DelayedWorkQueue.take(ScheduledThreadPoolExecutor.java:809)&#10;        at java.util.concurrent.ThreadPoolExecutor.getTask(ThreadPoolExecutor.java:1074)&#10;        at java.util.concurrent.ThreadPoolExecutor.runWorker(ThreadPoolExecutor.java:1134)&#10;        at java.util.concurrent.ThreadPoolExecutor$Worker.run(ThreadPoolExecutor.java:624)&#10;        at java.lang.Thread.run(Thread.java:748)&#10;&quot;pool-148-thread-55&quot;  prio=5 tid=1802 in Object.wait()&#10;java.lang.Thread.State: WAITING (on object monitor)&#10;        at sun.misc.Unsafe.park(Native Method)&#10;        at java.util.concurrent.locks.LockSupport.park(LockSupport.java:175)&#10;        at java.util.concurrent.locks.AbstractQueuedSynchronizer$ConditionObject.await(AbstractQueuedSynchronizer.java:2039)&#10;        at java.util.concurrent.ArrayBlockingQueue.take(ArrayBlockingQueue.java:403)&#10;        at java.util.concurrent.ThreadPoolExecutor.getTask(ThreadPoolExecutor.java:1074)&#10;        at java.util.concurrent.ThreadPoolExecutor.runWorker(ThreadPoolExecutor.java:1134)&#10;        at java.util.concurrent.ThreadPoolExecutor$Worker.run(ThreadPoolExecutor.java:624)&#10;        at java.lang.Thread.run(Thread.java:748)&#10;&quot;pool-138-thread-38&quot;  prio=5 tid=1709 in Object.wait()&#10;java.lang.Thread.State: WAITING (on object monitor)&#10;        at sun.misc.Unsafe.park(Native Method)&#10;        at java.util.concurrent.locks.LockSupport.park(LockSupport.java:175)&#10;        at java.util.concurrent.locks.AbstractQueuedSynchronizer$ConditionObject.await(AbstractQueuedSynchronizer.java:2039)&#10;        at java.util.concurrent.ArrayBlockingQueue.take(ArrayBlockingQueue.java:403)&#10;        at java.util.concurrent.ThreadPoolExecutor.getTask(ThreadPoolExecutor.java:1074)&#10;        at java.util.concurrent.ThreadPoolExecutor.runWorker(ThreadPoolExecutor.java:1134)&#10;        at java.util.concurrent.ThreadPoolExecutor$Worker.run(ThreadPoolExecutor.java:624)&#10;        at java.lang.Thread.run(Thread.java:748)&#10;&quot;metrics-hadoop-metrics2-reporter-105-thread-1&quot; daemon prio=5 tid=1562 timed_waiting&#10;java.lang.Thread.State: TIMED_WAITING&#10;        at sun.misc.Unsafe.park(Native Method)&#10;        at java.util.concurrent.locks.LockSupport.parkNanos(LockSupport.java:215)&#10;        at java.util.concurrent.locks.AbstractQueuedSynchronizer$ConditionObject.awaitNanos(AbstractQueuedSynchronizer.java:2078)&#10;        at java.util.concurrent.ScheduledThreadPoolExecutor$DelayedWorkQueue.take(ScheduledThreadPoolExecutor.java:1093)&#10;        at java.util.concurrent.ScheduledThreadPoolExecutor$DelayedWorkQueue.take(ScheduledThreadPoolExecutor.java:809)&#10;        at java.util.concurrent.ThreadPoolExecutor.getTask(ThreadPoolExecutor.java:1074)&#10;        at java.util.concurrent.ThreadPoolExecutor.runWorker(ThreadPoolExecutor.java:1134)&#10;        at java.util.concurrent.ThreadPoolExecutor$Worker.run(ThreadPoolExecutor.java:624)&#10;        at java.lang.Thread.run(Thread.java:748)&#10;&quot;qtp25266959-1585&quot; daemon prio=5 tid=1585 runnable&#10;java.lang.Thread.State: RUNNABLE&#10;        at sun.nio.ch.EPollArrayWrapper.epollWait(Native Method)&#10;        at sun.nio.ch.EPollArrayWrapper.poll(EPollArrayWrapper.java:269)&#10;        at sun.nio.ch.EPollSelectorImpl.doSelect(EPollSelectorImpl.java:93)&#10;        at sun.nio.ch.SelectorImpl.lockAndDoSelect(SelectorImpl.java:86)&#10;        at sun.nio.ch.SelectorImpl.select(SelectorImpl.java:97)&#10;        at sun.nio.ch.SelectorImpl.select(SelectorImpl.java:101)&#10;        at org.eclipse.jetty.io.ManagedSelector$SelectorProducer.select(ManagedSelector.java:243)&#10;        at org.eclipse.jetty.io.ManagedSelector$SelectorProducer.produce(ManagedSelector.java:191)&#10;        at org.eclipse.jetty.util.thread.strategy.ExecuteProduceConsume.executeProduceConsume(ExecuteProduceConsume.java:249)&#10;        at org.eclipse.jetty.util.thread.strategy.ExecuteProduceConsume.produceConsume(ExecuteProduceConsume.java:148)&#10;        at org.eclipse.jetty.util.thread.strategy.ExecuteProduceConsume.execute(ExecuteProduceConsume.java:100)&#10;        at org.eclipse.jetty.io.ManagedSelector.run(ManagedSelector.java:147)&#10;        at org.eclipse.jetty.util.thread.QueuedThreadPool.runJob(QueuedThreadPool.java:671)&#10;        at org.eclipse.jetty.util.thread.QueuedThreadPool$2.run(QueuedThreadPool.java:589)&#10;        at java.lang.Thread.run(Thread.java:748)&#10;&quot;metrics-hadoop-metrics2-reporter-37-thread-1&quot; daemon prio=5 tid=802 timed_waiting&#10;java.lang.Thread.State: TIMED_WAITING&#10;        at sun.misc.Unsafe.park(Native Method)&#10;        at java.util.concurrent.locks.LockSupport.parkNanos(LockSupport.java:215)&#10;        at java.util.concurrent.locks.AbstractQueuedSynchronizer$ConditionObject.awaitNanos(AbstractQueuedSynchronizer.java:2078)&#10;        at java.util.concurrent.ScheduledThreadPoolExecutor$DelayedWorkQueue.take(ScheduledThreadPoolExecutor.java:1093)&#10;        at java.util.concurrent.ScheduledThreadPoolExecutor$DelayedWorkQueue.take(ScheduledThreadPoolExecutor.java:809)&#10;        at java.util.concurrent.ThreadPoolExecutor.getTask(ThreadPoolExecutor.java:1074)&#10;        at java.util.concurrent.ThreadPoolExecutor.runWorker(ThreadPoolExecutor.java:1134)&#10;        at java.util.concurrent.ThreadPoolExecutor$Worker.run(ThreadPoolExecutor.java:624)&#10;        at java.lang.Thread.run(Thread.java:748)&#10;&quot;metrics-hadoop-metrics2-reporter-27-thread-1&quot; daemon prio=5 tid=767 timed_waiting&#10;java.lang.Thread.State: TIMED_WAITING&#10;        at sun.misc.Unsafe.park(Native Method)&#10;        at java.util.concurrent.locks.LockSupport.parkNanos(LockSupport.java:215)&#10;        at java.util.concurrent.locks.AbstractQueuedSynchronizer$ConditionObject.awaitNanos(AbstractQueuedSynchronizer.java:2078)&#10;        at java.util.concurrent.ScheduledThreadPoolExecutor$DelayedWorkQueue.take(ScheduledThreadPoolExecutor.java:1093)&#10;        at java.util.concurrent.ScheduledThreadPoolExecutor$DelayedWorkQueue.take(ScheduledThreadPoolExecutor.java:809)&#10;        at java.util.concurrent.ThreadPoolExecutor.getTask(ThreadPoolExecutor.java:1074)&#10;        at java.util.concurrent.ThreadPoolExecutor.runWorker(ThreadPoolExecutor.java:1134)&#10;        at java.util.concurrent.ThreadPoolExecutor$Worker.run(ThreadPoolExecutor.java:624)&#10;        at java.lang.Thread.run(Thread.java:748)&#10;&quot;DataNode DiskChecker thread 0&quot; daemon prio=5 tid=1640 timed_waiting&#10;java.lang.Thread.State: TIMED_WAITING&#10;        at sun.misc.Unsafe.park(Native Method)&#10;        at java.util.concurrent.locks.LockSupport.parkNanos(LockSupport.java:215)&#10;        at java.util.concurrent.SynchronousQueue$TransferStack.awaitFulfill(SynchronousQueue.java:460)&#10;        at java.util.concurrent.SynchronousQueue$TransferStack.transfer(SynchronousQueue.java:362)&#10;        at java.util.concurrent.SynchronousQueue.poll(SynchronousQueue.java:941)&#10;        at java.util.concurrent.ThreadPoolExecutor.getTask(ThreadPoolExecutor.java:1073)&#10;        at java.util.concurrent.ThreadPoolExecutor.runWorker(ThreadPoolExecutor.java:1134)&#10;        at java.util.concurrent.ThreadPoolExecutor$Worker.run(ThreadPoolExecutor.java:624)&#10;        at java.lang.Thread.run(Thread.java:748)&#10;&quot;pool-158-thread-13&quot;  prio=5 tid=1837 in Object.wait()&#10;java.lang.Thread.State: WAITING (on object monitor)&#10;        at sun.misc.Unsafe.park(Native Method)&#10;        at java.util.concurrent.locks.LockSupport.park(LockSupport.java:175)&#10;        at java.util.concurrent.locks.AbstractQueuedSynchronizer$ConditionObject.await(AbstractQueuedSynchronizer.java:2039)&#10;        at java.util.concurrent.ArrayBlockingQueue.take(ArrayBlockingQueue.java:403)&#10;        at java.util.concurrent.ThreadPoolExecutor.getTask(ThreadPoolExecutor.java:1074)&#10;        at java.util.concurrent.ThreadPoolExecutor.runWorker(ThreadPoolExecutor.java:1134)&#10;        at java.util.concurrent.ThreadPoolExecutor$Worker.run(ThreadPoolExecutor.java:624)&#10;        at java.lang.Thread.run(Thread.java:748)&#10;&quot;pool-138-thread-24&quot;  prio=5 tid=1695 in Object.wait()&#10;java.lang.Thread.State: WAITING (on object monitor)&#10;        at sun.misc.Unsafe.park(Native Method)&#10;        at java.util.concurrent.locks.LockSupport.park(LockSupport.java:175)&#10;        at java.util.concurrent.locks.AbstractQueuedSynchronizer$ConditionObject.await(AbstractQueuedSynchronizer.java:2039)&#10;        at java.util.concurrent.ArrayBlockingQueue.take(ArrayBlockingQueue.java:403)&#10;        at java.util.concurrent.ThreadPoolExecutor.getTask(ThreadPoolExecutor.java:1074)&#10;        at java.util.concurrent.ThreadPoolExecutor.runWorker(ThreadPoolExecutor.java:1134)&#10;        at java.util.concurrent.ThreadPoolExecutor$Worker.run(ThreadPoolExecutor.java:624)&#10;        at java.lang.Thread.run(Thread.java:748)&#10;&quot;IPC Server handler 12 on 38131&quot; daemon prio=5 tid=1143 timed_waiting&#10;java.lang.Thread.State: TIMED_WAITING&#10;        at sun.misc.Unsafe.park(Native Method)&#10;        at java.util.concurrent.locks.LockSupport.parkNanos(LockSupport.java:215)&#10;        at java.util.concurrent.locks.AbstractQueuedSynchronizer$ConditionObject.awaitNanos(AbstractQueuedSynchronizer.java:2078)&#10;        at java.util.concurrent.LinkedBlockingQueue.poll(LinkedBlockingQueue.java:467)&#10;        at org.apache.hadoop.ipc.CallQueueManager.take(CallQueueManager.java:288)&#10;        at org.apache.hadoop.ipc.Server$Handler.run(Server.java:2668)&#10;&quot;Datanode State Machine Thread - 0&quot; daemon prio=5 tid=1629 timed_waiting&#10;java.lang.Thread.State: TIMED_WAITING&#10;        at java.lang.Thread.sleep(Native Method)&#10;        at org.apache.hadoop.ozone.container.common.statemachine.DatanodeStateMachine.start(DatanodeStateMachine.java:191)&#10;        at org.apache.hadoop.ozone.container.common.statemachine.DatanodeStateMachine.lambda$startDaemon$0(DatanodeStateMachine.java:349)&#10;        at org.apache.hadoop.ozone.container.common.statemachine.DatanodeStateMachine$$Lambda$140/1584639477.run(Unknown Source)&#10;        at java.lang.Thread.run(Thread.java:748)&#10;&quot;metrics-hadoop-metrics2-reporter-42-thread-1&quot; daemon prio=5 tid=823 timed_waiting&#10;java.lang.Thread.State: TIMED_WAITING&#10;        at sun.misc.Unsafe.park(Native Method)&#10;        at java.util.concurrent.locks.LockSupport.parkNanos(LockSupport.java:215)&#10;        at java.util.concurrent.locks.AbstractQueuedSynchronizer$ConditionObject.awaitNanos(AbstractQueuedSynchronizer.java:2078)&#10;        at java.util.concurrent.ScheduledThreadPoolExecutor$DelayedWorkQueue.take(ScheduledThreadPoolExecutor.java:1093)&#10;        at java.util.concurrent.ScheduledThreadPoolExecutor$DelayedWorkQueue.take(ScheduledThreadPoolExecutor.java:809)&#10;        at java.util.concurrent.ThreadPoolExecutor.getTask(ThreadPoolExecutor.java:1074)&#10;        at java.util.concurrent.ThreadPoolExecutor.runWorker(ThreadPoolExecutor.java:1134)&#10;        at java.util.concurrent.ThreadPoolExecutor$Worker.run(ThreadPoolExecutor.java:624)&#10;        at java.lang.Thread.run(Thread.java:748)&#10;&quot;pool-138-thread-9&quot;  prio=5 tid=1680 in Object.wait()&#10;java.lang.Thread.State: WAITING (on object monitor)&#10;        at sun.misc.Unsafe.park(Native Method)&#10;        at java.util.concurrent.locks.LockSupport.park(LockSupport.java:175)&#10;        at java.util.concurrent.locks.AbstractQueuedSynchronizer$ConditionObject.await(AbstractQueuedSynchronizer.java:2039)&#10;        at java.util.concurrent.ArrayBlockingQueue.take(ArrayBlockingQueue.java:403)&#10;        at java.util.concurrent.ThreadPoolExecutor.getTask(ThreadPoolExecutor.java:1074)&#10;        at java.util.concurrent.ThreadPoolExecutor.runWorker(ThreadPoolExecutor.java:1134)&#10;        at java.util.concurrent.ThreadPoolExecutor$Worker.run(ThreadPoolExecutor.java:624)&#10;        at java.lang.Thread.run(Thread.java:748)&#10;&quot;pool-148-thread-29&quot;  prio=5 tid=1776 in Object.wait()&#10;java.lang.Thread.State: WAITING (on object monitor)&#10;        at sun.misc.Unsafe.park(Native Method)&#10;        at java.util.concurrent.locks.LockSupport.park(LockSupport.java:175)&#10;        at java.util.concurrent.locks.AbstractQueuedSynchronizer$ConditionObject.await(AbstractQueuedSynchronizer.java:2039)&#10;        at java.util.concurrent.ArrayBlockingQueue.take(ArrayBlockingQueue.java:403)&#10;        at java.util.concurrent.ThreadPoolExecutor.getTask(ThreadPoolExecutor.java:1074)&#10;        at java.util.concurrent.ThreadPoolExecutor.runWorker(ThreadPoolExecutor.java:1134)&#10;        at java.util.concurrent.ThreadPoolExecutor$Worker.run(ThreadPoolExecutor.java:624)&#10;        at java.lang.Thread.run(Thread.java:748)&#10;&quot;metrics-hadoop-metrics2-reporter-12-thread-1&quot; daemon prio=5 tid=729 timed_waiting&#10;java.lang.Thread.State: TIMED_WAITING&#10;        at sun.misc.Unsafe.park(Native Method)&#10;        at java.util.concurrent.locks.LockSupport.parkNanos(LockSupport.java:215)&#10;        at java.util.concurrent.locks.AbstractQueuedSynchronizer$ConditionObject.awaitNanos(AbstractQueuedSynchronizer.java:2078)&#10;        at java.util.concurrent.ScheduledThreadPoolExecutor$DelayedWorkQueue.take(ScheduledThreadPoolExecutor.java:1093)&#10;        at java.util.concurrent.ScheduledThreadPoolExecutor$DelayedWorkQueue.take(ScheduledThreadPoolExecutor.java:809)&#10;        at java.util.concurrent.ThreadPoolExecutor.getTask(ThreadPoolExecutor.java:1074)&#10;        at java.util.concurrent.ThreadPoolExecutor.runWorker(ThreadPoolExecutor.java:1134)&#10;        at java.util.concurrent.ThreadPoolExecutor$Worker.run(ThreadPoolExecutor.java:624)&#10;        at java.lang.Thread.run(Thread.java:748)&#10;&quot;pool-148-thread-28&quot;  prio=5 tid=1775 in Object.wait()&#10;java.lang.Thread.State: WAITING (on object monitor)&#10;        at sun.misc.Unsafe.park(Native Method)&#10;        at java.util.concurrent.locks.LockSupport.park(LockSupport.java:175)&#10;        at java.util.concurrent.locks.AbstractQueuedSynchronizer$ConditionObject.await(AbstractQueuedSynchronizer.java:2039)&#10;        at java.util.concurrent.ArrayBlockingQueue.take(ArrayBlockingQueue.java:403)&#10;        at java.util.concurrent.ThreadPoolExecutor.getTask(ThreadPoolExecutor.java:1074)&#10;        at java.util.concurrent.ThreadPoolExecutor.runWorker(ThreadPoolExecutor.java:1134)&#10;        at java.util.concurrent.ThreadPoolExecutor$Worker.run(ThreadPoolExecutor.java:624)&#10;        at java.lang.Thread.run(Thread.java:748)&#10;&quot;IPC Server handler 12 on 46609&quot; daemon prio=5 tid=1103 timed_waiting&#10;java.lang.Thread.State: TIMED_WAITING&#10;        at sun.misc.Unsafe.park(Native Method)&#10;        at java.util.concurrent.locks.LockSupport.parkNanos(LockSupport.java:215)&#10;        at java.util.concurrent.locks.AbstractQueuedSynchronizer$ConditionObject.awaitNanos(AbstractQueuedSynchronizer.java:2078)&#10;        at java.util.concurrent.LinkedBlockingQueue.poll(LinkedBlockingQueue.java:467)&#10;        at org.apache.hadoop.ipc.CallQueueManager.take(CallQueueManager.java:288)&#10;        at org.apache.hadoop.ipc.Server$Handler.run(Server.java:2668)&#10;&quot;Datanode ReportManager Thread - 3&quot; daemon prio=5 tid=256 in Object.wait()&#10;java.lang.Thread.State: WAITING (on object monitor)&#10;        at sun.misc.Unsafe.park(Native Method)&#10;        at java.util.concurrent.locks.LockSupport.park(LockSupport.java:175)&#10;        at java.util.concurrent.locks.AbstractQueuedSynchronizer$ConditionObject.await(AbstractQueuedSynchronizer.java:2039)&#10;        at java.util.concurrent.ScheduledThreadPoolExecutor$DelayedWorkQueue.take(ScheduledThreadPoolExecutor.java:1088)&#10;        at java.util.concurrent.ScheduledThreadPoolExecutor$DelayedWorkQueue.take(ScheduledThreadPoolExecutor.java:809)&#10;        at java.util.concurrent.ThreadPoolExecutor.getTask(ThreadPoolExecutor.java:1074)&#10;        at java.util.concurrent.ThreadPoolExecutor.runWorker(ThreadPoolExecutor.java:1134)&#10;        at java.util.concurrent.ThreadPoolExecutor$Worker.run(ThreadPoolExecutor.java:624)&#10;        at java.lang.Thread.run(Thread.java:748)&#10;&quot;pool-139-thread-1&quot;  prio=5 tid=1583 in Object.wait()&#10;java.lang.Thread.State: WAITING (on object monitor)&#10;        at sun.misc.Unsafe.park(Native Method)&#10;        at java.util.concurrent.locks.LockSupport.park(LockSupport.java:175)&#10;        at java.util.concurrent.locks.AbstractQueuedSynchronizer$ConditionObject.await(AbstractQueuedSynchronizer.java:2039)&#10;        at java.util.concurrent.LinkedBlockingQueue.take(LinkedBlockingQueue.java:442)&#10;        at java.util.concurrent.ThreadPoolExecutor.getTask(ThreadPoolExecutor.java:1074)&#10;        at java.util.concurrent.ThreadPoolExecutor.runWorker(ThreadPoolExecutor.java:1134)&#10;        at java.util.concurrent.ThreadPoolExecutor$Worker.run(ThreadPoolExecutor.java:624)&#10;        at java.lang.Thread.run(Thread.java:748)&#10;&quot;pool-158-thread-42&quot;  prio=5 tid=1866 in Object.wait()&#10;java.lang.Thread.State: WAITING (on object monitor)&#10;        at sun.misc.Unsafe.park(Native Method)&#10;        at java.util.concurrent.locks.LockSupport.park(LockSupport.java:175)&#10;        at java.util.concurrent.locks.AbstractQueuedSynchronizer$ConditionObject.await(AbstractQueuedSynchronizer.java:2039)&#10;        at java.util.concurrent.ArrayBlockingQueue.take(ArrayBlockingQueue.java:403)&#10;        at java.util.concurrent.ThreadPoolExecutor.getTask(ThreadPoolExecutor.java:1074)&#10;        at java.util.concurrent.ThreadPoolExecutor.runWorker(ThreadPoolExecutor.java:1134)&#10;        at java.util.concurrent.ThreadPoolExecutor$Worker.run(ThreadPoolExecutor.java:624)&#10;        at java.lang.Thread.run(Thread.java:748)&#10;&quot;pool-158-thread-15&quot;  prio=5 tid=1839 in Object.wait()&#10;java.lang.Thread.State: WAITING (on object monitor)&#10;        at sun.misc.Unsafe.park(Native Method)&#10;        at java.util.concurrent.locks.LockSupport.park(LockSupport.java:175)&#10;        at java.util.concurrent.locks.AbstractQueuedSynchronizer$ConditionObject.await(AbstractQueuedSynchronizer.java:2039)&#10;        at java.util.concurrent.ArrayBlockingQueue.take(ArrayBlockingQueue.java:403)&#10;        at java.util.concurrent.ThreadPoolExecutor.getTask(ThreadPoolExecutor.java:1074)&#10;        at java.util.concurrent.ThreadPoolExecutor.runWorker(ThreadPoolExecutor.java:1134)&#10;        at java.util.concurrent.ThreadPoolExecutor$Worker.run(ThreadPoolExecutor.java:624)&#10;        at java.lang.Thread.run(Thread.java:748)&#10;&quot;Thread-2225&quot; daemon prio=5 tid=3378 timed_waiting&#10;java.lang.Thread.State: TIMED_WAITING&#10;        at java.lang.Thread.sleep(Native Method)&#10;        at org.apache.ratis.util.JavaUtils.sleep(JavaUtils.java:247)&#10;        at org.apache.ratis.server.impl.FollowerState.run(FollowerState.java:97)&#10;&quot;qtp1410488616-1202&quot; daemon prio=5 tid=1202 timed_waiting&#10;java.lang.Thread.State: TIMED_WAITING&#10;        at sun.misc.Unsafe.park(Native Method)&#10;        at java.util.concurrent.locks.LockSupport.parkNanos(LockSupport.java:215)&#10;        at java.util.concurrent.locks.AbstractQueuedSynchronizer$ConditionObject.awaitNanos(AbstractQueuedSynchronizer.java:2078)&#10;        at org.eclipse.jetty.util.BlockingArrayQueue.poll(BlockingArrayQueue.java:392)&#10;        at org.eclipse.jetty.util.thread.QueuedThreadPool.idleJobPoll(QueuedThreadPool.java:563)&#10;        at org.eclipse.jetty.util.thread.QueuedThreadPool.access$800(QueuedThreadPool.java:48)&#10;        at org.eclipse.jetty.util.thread.QueuedThreadPool$2.run(QueuedThreadPool.java:626)&#10;        at java.lang.Thread.run(Thread.java:748)&#10;&quot;pool-158-thread-10&quot;  prio=5 tid=1834 in Object.wait()&#10;java.lang.Thread.State: WAITING (on object monitor)&#10;        at sun.misc.Unsafe.park(Native Method)&#10;        at java.util.concurrent.locks.LockSupport.park(LockSupport.java:175)&#10;        at java.util.concurrent.locks.AbstractQueuedSynchronizer$ConditionObject.await(AbstractQueuedSynchronizer.java:2039)&#10;        at java.util.concurrent.ArrayBlockingQueue.take(ArrayBlockingQueue.java:403)&#10;        at java.util.concurrent.ThreadPoolExecutor.getTask(ThreadPoolExecutor.java:1074)&#10;        at java.util.concurrent.ThreadPoolExecutor.runWorker(ThreadPoolExecutor.java:1134)&#10;        at java.util.concurrent.ThreadPoolExecutor$Worker.run(ThreadPoolExecutor.java:624)&#10;        at java.lang.Thread.run(Thread.java:748)&#10;&quot;IPC Server Responder&quot; daemon prio=5 tid=1170 runnable&#10;java.lang.Thread.State: RUNNABLE&#10;        at sun.nio.ch.EPollArrayWrapper.epollWait(Native Method)&#10;        at sun.nio.ch.EPollArrayWrapper.poll(EPollArrayWrapper.java:269)&#10;        at sun.nio.ch.EPollSelectorImpl.doSelect(EPollSelectorImpl.java:93)&#10;        at sun.nio.ch.SelectorImpl.lockAndDoSelect(SelectorImpl.java:86)&#10;        at sun.nio.ch.SelectorImpl.select(SelectorImpl.java:97)&#10;        at org.apache.hadoop.ipc.Server$Responder.doRunLoop(Server.java:1334)&#10;        at org.apache.hadoop.ipc.Server$Responder.run(Server.java:1317)&#10;&quot;org.apache.hadoop.util.JvmPauseMonitor$Monitor@5d8de1ea&quot; daemon prio=5 tid=1602 timed_waiting&#10;java.lang.Thread.State: TIMED_WAITING&#10;        at java.lang.Thread.sleep(Native Method)&#10;        at org.apache.hadoop.util.JvmPauseMonitor$Monitor.run(JvmPauseMonitor.java:192)&#10;        at java.lang.Thread.run(Thread.java:748)&#10;&quot;pool-148-thread-17&quot;  prio=5 tid=1763 in Object.wait()&#10;java.lang.Thread.State: WAITING (on object monitor)&#10;        at sun.misc.Unsafe.park(Native Method)&#10;        at java.util.concurrent.locks.LockSupport.park(LockSupport.java:175)&#10;        at java.util.concurrent.locks.AbstractQueuedSynchronizer$ConditionObject.await(AbstractQueuedSynchronizer.java:2039)&#10;        at java.util.concurrent.ArrayBlockingQueue.take(ArrayBlockingQueue.java:403)&#10;        at java.util.concurrent.ThreadPoolExecutor.getTask(ThreadPoolExecutor.java:1074)&#10;        at java.util.concurrent.ThreadPoolExecutor.runWorker(ThreadPoolExecutor.java:1134)&#10;        at java.util.concurrent.ThreadPoolExecutor$Worker.run(ThreadPoolExecutor.java:624)&#10;        at java.lang.Thread.run(Thread.java:748)&#10;&quot;pool-138-thread-59&quot;  prio=5 tid=1730 in Object.wait()&#10;java.lang.Thread.State: WAITING (on object monitor)&#10;        at sun.misc.Unsafe.park(Native Method)&#10;        at java.util.concurrent.locks.LockSupport.park(LockSupport.java:175)&#10;        at java.util.concurrent.locks.AbstractQueuedSynchronizer$ConditionObject.await(AbstractQueuedSynchronizer.java:2039)&#10;        at java.util.concurrent.ArrayBlockingQueue.take(ArrayBlockingQueue.java:403)&#10;        at java.util.concurrent.ThreadPoolExecutor.getTask(ThreadPoolExecutor.java:1074)&#10;        at java.util.concurrent.ThreadPoolExecutor.runWorker(ThreadPoolExecutor.java:1134)&#10;        at java.util.concurrent.ThreadPoolExecutor$Worker.run(ThreadPoolExecutor.java:624)&#10;        at java.lang.Thread.run(Thread.java:748)&#10;&quot;pool-101-thread-1&quot;  prio=5 tid=1194 timed_waiting&#10;java.lang.Thread.State: TIMED_WAITING&#10;        at sun.misc.Unsafe.park(Native Method)&#10;        at java.util.concurrent.locks.LockSupport.parkNanos(LockSupport.java:215)&#10;        at java.util.concurrent.locks.AbstractQueuedSynchronizer$ConditionObject.awaitNanos(AbstractQueuedSynchronizer.java:2078)&#10;        at java.util.concurrent.ScheduledThreadPoolExecutor$DelayedWorkQueue.take(ScheduledThreadPoolExecutor.java:1093)&#10;        at java.util.concurrent.ScheduledThreadPoolExecutor$DelayedWorkQueue.take(ScheduledThreadPoolExecutor.java:809)&#10;        at java.util.concurrent.ThreadPoolExecutor.getTask(ThreadPoolExecutor.java:1074)&#10;        at java.util.concurrent.ThreadPoolExecutor.runWorker(ThreadPoolExecutor.java:1134)&#10;        at java.util.concurrent.ThreadPoolExecutor$Worker.run(ThreadPoolExecutor.java:624)&#10;        at java.lang.Thread.run(Thread.java:748)&#10;&quot;pool-148-thread-51&quot;  prio=5 tid=1798 in Object.wait()&#10;java.lang.Thread.State: WAITING (on object monitor)&#10;        at sun.misc.Unsafe.park(Native Method)&#10;        at java.util.concurrent.locks.LockSupport.park(LockSupport.java:175)&#10;        at java.util.concurrent.locks.AbstractQueuedSynchronizer$ConditionObject.await(AbstractQueuedSynchronizer.java:2039)&#10;        at java.util.concurrent.ArrayBlockingQueue.take(ArrayBlockingQueue.java:403)&#10;        at java.util.concurrent.ThreadPoolExecutor.getTask(ThreadPoolExecutor.java:1074)&#10;        at java.util.concurrent.ThreadPoolExecutor.runWorker(ThreadPoolExecutor.java:1134)&#10;        at java.util.concurrent.ThreadPoolExecutor$Worker.run(ThreadPoolExecutor.java:624)&#10;        at java.lang.Thread.run(Thread.java:748)&#10;&quot;metrics-hadoop-metrics2-reporter-53-thread-1&quot; daemon prio=5 tid=862 timed_waiting&#10;java.lang.Thread.State: TIMED_WAITING&#10;        at sun.misc.Unsafe.park(Native Method)&#10;        at java.util.concurrent.locks.LockSupport.parkNanos(LockSupport.java:215)&#10;        at java.util.concurrent.locks.AbstractQueuedSynchronizer$ConditionObject.awaitNanos(AbstractQueuedSynchronizer.java:2078)&#10;        at java.util.concurrent.ScheduledThreadPoolExecutor$DelayedWorkQueue.take(ScheduledThreadPoolExecutor.java:1093)&#10;        at java.util.concurrent.ScheduledThreadPoolExecutor$DelayedWorkQueue.take(ScheduledThreadPoolExecutor.java:809)&#10;        at java.util.concurrent.ThreadPoolExecutor.getTask(ThreadPoolExecutor.java:1074)&#10;        at java.util.concurrent.ThreadPoolExecutor.runWorker(ThreadPoolExecutor.java:1134)&#10;        at java.util.concurrent.ThreadPoolExecutor$Worker.run(ThreadPoolExecutor.java:624)&#10;        at java.lang.Thread.run(Thread.java:748)&#10;&quot;pool-138-thread-26&quot;  prio=5 tid=1697 in Object.wait()&#10;java.lang.Thread.State: WAITING (on object monitor)&#10;        at sun.misc.Unsafe.park(Native Method)&#10;        at java.util.concurrent.locks.LockSupport.park(LockSupport.java:175)&#10;        at java.util.concurrent.locks.AbstractQueuedSynchronizer$ConditionObject.await(AbstractQueuedSynchronizer.java:2039)&#10;        at java.util.concurrent.ArrayBlockingQueue.take(ArrayBlockingQueue.java:403)&#10;        at java.util.concurrent.ThreadPoolExecutor.getTask(ThreadPoolExecutor.java:1074)&#10;        at java.util.concurrent.ThreadPoolExecutor.runWorker(ThreadPoolExecutor.java:1134)&#10;        at java.util.concurrent.ThreadPoolExecutor$Worker.run(ThreadPoolExecutor.java:624)&#10;        at java.lang.Thread.run(Thread.java:748)&#10;&quot;Datanode ReportManager Thread - 3&quot; daemon prio=5 tid=1256 in Object.wait()&#10;java.lang.Thread.State: WAITING (on object monitor)&#10;        at sun.misc.Unsafe.park(Native Method)&#10;        at java.util.concurrent.locks.LockSupport.park(LockSupport.java:175)&#10;        at java.util.concurrent.locks.AbstractQueuedSynchronizer$ConditionObject.await(AbstractQueuedSynchronizer.java:2039)&#10;        at java.util.concurrent.ScheduledThreadPoolExecutor$DelayedWorkQueue.take(ScheduledThreadPoolExecutor.java:1088)&#10;        at java.util.concurrent.ScheduledThreadPoolExecutor$DelayedWorkQueue.take(ScheduledThreadPoolExecutor.java:809)&#10;        at java.util.concurrent.ThreadPoolExecutor.getTask(ThreadPoolExecutor.java:1074)&#10;        at java.util.concurrent.ThreadPoolExecutor.runWorker(ThreadPoolExecutor.java:1134)&#10;        at java.util.concurrent.ThreadPoolExecutor$Worker.run(ThreadPoolExecutor.java:624)&#10;        at java.lang.Thread.run(Thread.java:748)&#10;&quot;metrics-hadoop-metrics2-reporter-3-thread-1&quot; daemon prio=5 tid=707 timed_waiting&#10;java.lang.Thread.State: TIMED_WAITING&#10;        at sun.misc.Unsafe.park(Native Method)&#10;        at java.util.concurrent.locks.LockSupport.parkNanos(LockSupport.java:215)&#10;        at java.util.concurrent.locks.AbstractQueuedSynchronizer$ConditionObject.awaitNanos(AbstractQueuedSynchronizer.java:2078)&#10;        at java.util.concurrent.ScheduledThreadPoolExecutor$DelayedWorkQueue.take(ScheduledThreadPoolExecutor.java:1093)&#10;        at java.util.concurrent.ScheduledThreadPoolExecutor$DelayedWorkQueue.take(ScheduledThreadPoolExecutor.java:809)&#10;        at java.util.concurrent.ThreadPoolExecutor.getTask(ThreadPoolExecutor.java:1074)&#10;        at java.util.concurrent.ThreadPoolExecutor.runWorker(ThreadPoolExecutor.java:1134)&#10;        at java.util.concurrent.ThreadPoolExecutor$Worker.run(ThreadPoolExecutor.java:624)&#10;        at java.lang.Thread.run(Thread.java:748)&#10;&quot;46069bd9-45fc-4c82-823c-36f07a1bcff0@group-28ACFA97060E-SegmentedRaftLogWorker&quot;  prio=5 tid=1936 timed_waiting&#10;java.lang.Thread.State: TIMED_WAITING&#10;        at sun.misc.Unsafe.park(Native Method)&#10;        at java.util.concurrent.locks.LockSupport.parkNanos(LockSupport.java:215)&#10;        at java.util.concurrent.locks.AbstractQueuedSynchronizer$ConditionObject.awaitNanos(AbstractQueuedSynchronizer.java:2078)&#10;        at org.apache.ratis.util.DataBlockingQueue.poll(DataBlockingQueue.java:137)&#10;        at org.apache.ratis.server.raftlog.segmented.SegmentedRaftLogWorker.run(SegmentedRaftLogWorker.java:282)&#10;        at java.lang.Thread.run(Thread.java:748)&#10;&quot;pool-138-thread-55&quot;  prio=5 tid=1726 in Object.wait()&#10;java.lang.Thread.State: WAITING (on object monitor)&#10;        at sun.misc.Unsafe.park(Native Method)&#10;        at java.util.concurrent.locks.LockSupport.park(LockSupport.java:175)&#10;        at java.util.concurrent.locks.AbstractQueuedSynchronizer$ConditionObject.await(AbstractQueuedSynchronizer.java:2039)&#10;        at java.util.concurrent.ArrayBlockingQueue.take(ArrayBlockingQueue.java:403)&#10;        at java.util.concurrent.ThreadPoolExecutor.getTask(ThreadPoolExecutor.java:1074)&#10;        at java.util.concurrent.ThreadPoolExecutor.runWorker(ThreadPoolExecutor.java:1134)&#10;        at java.util.concurrent.ThreadPoolExecutor$Worker.run(ThreadPoolExecutor.java:624)&#10;        at java.lang.Thread.run(Thread.java:748)&#10;&quot;IPC Server handler 2 on 38131&quot; daemon prio=5 tid=1133 timed_waiting&#10;java.lang.Thread.State: TIMED_WAITING&#10;        at sun.misc.Unsafe.park(Native Method)&#10;        at java.util.concurrent.locks.LockSupport.parkNanos(LockSupport.java:215)&#10;        at java.util.concurrent.locks.AbstractQueuedSynchronizer$ConditionObject.awaitNanos(AbstractQueuedSynchronizer.java:2078)&#10;        at java.util.concurrent.LinkedBlockingQueue.poll(LinkedBlockingQueue.java:467)&#10;        at org.apache.hadoop.ipc.CallQueueManager.take(CallQueueManager.java:288)&#10;        at org.apache.hadoop.ipc.Server$Handler.run(Server.java:2668)&#10;&quot;metrics-hadoop-metrics2-reporter-102-thread-1&quot; daemon prio=5 tid=1551 timed_waiting&#10;java.lang.Thread.State: TIMED_WAITING&#10;        at sun.misc.Unsafe.park(Native Method)&#10;        at java.util.concurrent.locks.LockSupport.parkNanos(LockSupport.java:215)&#10;        at java.util.concurrent.locks.AbstractQueuedSynchronizer$ConditionObject.awaitNanos(AbstractQueuedSynchronizer.java:2078)&#10;        at java.util.concurrent.ScheduledThreadPoolExecutor$DelayedWorkQueue.take(ScheduledThreadPoolExecutor.java:1093)&#10;        at java.util.concurrent.ScheduledThreadPoolExecutor$DelayedWorkQueue.take(ScheduledThreadPoolExecutor.java:809)&#10;        at java.util.concurrent.ThreadPoolExecutor.getTask(ThreadPoolExecutor.java:1074)&#10;        at java.util.concurrent.ThreadPoolExecutor.runWorker(ThreadPoolExecutor.java:1134)&#10;        at java.util.concurrent.ThreadPoolExecutor$Worker.run(ThreadPoolExecutor.java:624)&#10;        at java.lang.Thread.run(Thread.java:748)&#10;&quot;Signal Dispatcher&quot; daemon prio=9 tid=4 runnable&#10;java.lang.Thread.State: RUNNABLE&#10;&quot;Datanode ReportManager Thread - 1&quot; daemon prio=5 tid=1227 timed_waiting&#10;java.lang.Thread.State: TIMED_WAITING&#10;        at sun.misc.Unsafe.park(Native Method)&#10;        at java.util.concurrent.locks.LockSupport.parkNanos(LockSupport.java:215)&#10;        at java.util.concurrent.locks.AbstractQueuedSynchronizer$ConditionObject.awaitNanos(AbstractQueuedSynchronizer.java:2078)&#10;        at java.util.concurrent.ScheduledThreadPoolExecutor$DelayedWorkQueue.take(ScheduledThreadPoolExecutor.java:1093)&#10;        at java.util.concurrent.ScheduledThreadPoolExecutor$DelayedWorkQueue.take(ScheduledThreadPoolExecutor.java:809)&#10;        at java.util.concurrent.ThreadPoolExecutor.getTask(ThreadPoolExecutor.java:1074)&#10;        at java.util.concurrent.ThreadPoolExecutor.runWorker(ThreadPoolExecutor.java:1134)&#10;        at java.util.concurrent.ThreadPoolExecutor$Worker.run(ThreadPoolExecutor.java:624)&#10;        at java.lang.Thread.run(Thread.java:748)&#10;&quot;metrics-hadoop-metrics2-reporter-70-thread-1&quot; daemon prio=5 tid=1007 timed_waiting&#10;java.lang.Thread.State: TIMED_WAITING&#10;        at sun.misc.Unsafe.park(Native Method)&#10;        at java.util.concurrent.locks.LockSupport.parkNanos(LockSupport.java:215)&#10;        at java.util.concurrent.locks.AbstractQueuedSynchronizer$ConditionObject.awaitNanos(AbstractQueuedSynchronizer.java:2078)&#10;        at java.util.concurrent.ScheduledThreadPoolExecutor$DelayedWorkQueue.take(ScheduledThreadPoolExecutor.java:1093)&#10;        at java.util.concurrent.ScheduledThreadPoolExecutor$DelayedWorkQueue.take(ScheduledThreadPoolExecutor.java:809)&#10;        at java.util.concurrent.ThreadPoolExecutor.getTask(ThreadPoolExecutor.java:1074)&#10;        at java.util.concurrent.ThreadPoolExecutor.runWorker(ThreadPoolExecutor.java:1134)&#10;        at java.util.concurrent.ThreadPoolExecutor$Worker.run(ThreadPoolExecutor.java:624)&#10;        at java.lang.Thread.run(Thread.java:748)&#10;&quot;pool-158-thread-38&quot;  prio=5 tid=1862 in Object.wait()&#10;java.lang.Thread.State: WAITING (on object monitor)&#10;        at sun.misc.Unsafe.park(Native Method)&#10;        at java.util.concurrent.locks.LockSupport.park(LockSupport.java:175)&#10;        at java.util.concurrent.locks.AbstractQueuedSynchronizer$ConditionObject.await(AbstractQueuedSynchronizer.java:2039)&#10;        at java.util.concurrent.ArrayBlockingQueue.take(ArrayBlockingQueue.java:403)&#10;        at java.util.concurrent.ThreadPoolExecutor.getTask(ThreadPoolExecutor.java:1074)&#10;        at java.util.concurrent.ThreadPoolExecutor.runWorker(ThreadPoolExecutor.java:1134)&#10;        at java.util.concurrent.ThreadPoolExecutor$Worker.run(ThreadPoolExecutor.java:624)&#10;        at java.lang.Thread.run(Thread.java:748)&#10;&quot;pool-158-thread-1&quot;  prio=5 tid=1825 in Object.wait()&#10;java.lang.Thread.State: WAITING (on object monitor)&#10;        at sun.misc.Unsafe.park(Native Method)&#10;        at java.util.concurrent.locks.LockSupport.park(LockSupport.java:175)&#10;        at java.util.concurrent.locks.AbstractQueuedSynchronizer$ConditionObject.await(AbstractQueuedSynchronizer.java:2039)&#10;        at java.util.concurrent.ArrayBlockingQueue.take(ArrayBlockingQueue.java:403)&#10;        at java.util.concurrent.ThreadPoolExecutor.getTask(ThreadPoolExecutor.java:1074)&#10;        at java.util.concurrent.ThreadPoolExecutor.runWorker(ThreadPoolExecutor.java:1134)&#10;        at java.util.concurrent.ThreadPoolExecutor$Worker.run(ThreadPoolExecutor.java:624)&#10;        at java.lang.Thread.run(Thread.java:748)&#10;&quot;pool-138-thread-31&quot;  prio=5 tid=1702 in Object.wait()&#10;java.lang.Thread.State: WAITING (on object monitor)&#10;        at sun.misc.Unsafe.park(Native Method)&#10;        at java.util.concurrent.locks.LockSupport.park(LockSupport.java:175)&#10;        at java.util.concurrent.locks.AbstractQueuedSynchronizer$ConditionObject.await(AbstractQueuedSynchronizer.java:2039)&#10;        at java.util.concurrent.ArrayBlockingQueue.take(ArrayBlockingQueue.java:403)&#10;        at java.util.concurrent.ThreadPoolExecutor.getTask(ThreadPoolExecutor.java:1074)&#10;        at java.util.concurrent.ThreadPoolExecutor.runWorker(ThreadPoolExecutor.java:1134)&#10;        at java.util.concurrent.ThreadPoolExecutor$Worker.run(ThreadPoolExecutor.java:624)&#10;        at java.lang.Thread.run(Thread.java:748)&#10;&quot;IPC Server handler 1 on 45184&quot; daemon prio=5 tid=1174 timed_waiting&#10;java.lang.Thread.State: TIMED_WAITING&#10;        at sun.misc.Unsafe.park(Native Method)&#10;        at java.util.concurrent.locks.LockSupport.parkNanos(LockSupport.java:215)&#10;        at java.util.concurrent.locks.AbstractQueuedSynchronizer$ConditionObject.awaitNanos(AbstractQueuedSynchronizer.java:2078)&#10;        at java.util.concurrent.LinkedBlockingQueue.poll(LinkedBlockingQueue.java:467)&#10;        at org.apache.hadoop.ipc.CallQueueManager.take(CallQueueManager.java:288)&#10;        at org.apache.hadoop.ipc.Server$Handler.run(Server.java:2668)&#10;&quot;IPC Server handler 13 on 38802&quot; daemon prio=5 tid=1124 timed_waiting&#10;java.lang.Thread.State: TIMED_WAITING&#10;        at sun.misc.Unsafe.park(Native Method)&#10;        at java.util.concurrent.locks.LockSupport.parkNanos(LockSupport.java:215)&#10;        at java.util.concurrent.locks.AbstractQueuedSynchronizer$ConditionObject.awaitNanos(AbstractQueuedSynchronizer.java:2078)&#10;        at java.util.concurrent.LinkedBlockingQueue.poll(LinkedBlockingQueue.java:467)&#10;        at org.apache.hadoop.ipc.CallQueueManager.take(CallQueueManager.java:288)&#10;        at org.apache.hadoop.ipc.Server$Handler.run(Server.java:2668)&#10;&quot;pool-148-thread-12&quot;  prio=5 tid=1758 in Object.wait()&#10;java.lang.Thread.State: WAITING (on object monitor)&#10;        at sun.misc.Unsafe.park(Native Method)&#10;        at java.util.concurrent.locks.LockSupport.park(LockSupport.java:175)&#10;        at java.util.concurrent.locks.AbstractQueuedSynchronizer$ConditionObject.await(AbstractQueuedSynchronizer.java:2039)&#10;        at java.util.concurrent.ArrayBlockingQueue.take(ArrayBlockingQueue.java:403)&#10;        at java.util.concurrent.ThreadPoolExecutor.getTask(ThreadPoolExecutor.java:1074)&#10;        at java.util.concurrent.ThreadPoolExecutor.runWorker(ThreadPoolExecutor.java:1134)&#10;        at java.util.concurrent.ThreadPoolExecutor$Worker.run(ThreadPoolExecutor.java:624)&#10;        at java.lang.Thread.run(Thread.java:748)&#10;&quot;pool-138-thread-30&quot;  prio=5 tid=1701 in Object.wait()&#10;java.lang.Thread.State: WAITING (on object monitor)&#10;        at sun.misc.Unsafe.park(Native Method)&#10;        at java.util.concurrent.locks.LockSupport.park(LockSupport.java:175)&#10;        at java.util.concurrent.locks.AbstractQueuedSynchronizer$ConditionObject.await(AbstractQueuedSynchronizer.java:2039)&#10;        at java.util.concurrent.ArrayBlockingQueue.take(ArrayBlockingQueue.java:403)&#10;        at java.util.concurrent.ThreadPoolExecutor.getTask(ThreadPoolExecutor.java:1074)&#10;        at java.util.concurrent.ThreadPoolExecutor.runWorker(ThreadPoolExecutor.java:1134)&#10;        at java.util.concurrent.ThreadPoolExecutor$Worker.run(ThreadPoolExecutor.java:624)&#10;        at java.lang.Thread.run(Thread.java:748)&#10;&quot;java.util.concurrent.ThreadPoolExecutor$Worker@6f7558a0[State = -1, empty queue]&quot; daemon prio=5 tid=1558 timed_waiting&#10;java.lang.Thread.State: TIMED_WAITING&#10;        at sun.misc.Unsafe.park(Native Method)&#10;        at java.util.concurrent.locks.LockSupport.parkNanos(LockSupport.java:215)&#10;        at java.util.concurrent.locks.AbstractQueuedSynchronizer$ConditionObject.awaitNanos(AbstractQueuedSynchronizer.java:2078)&#10;        at java.util.concurrent.ScheduledThreadPoolExecutor$DelayedWorkQueue.take(ScheduledThreadPoolExecutor.java:1093)&#10;        at java.util.concurrent.ScheduledThreadPoolExecutor$DelayedWorkQueue.take(ScheduledThreadPoolExecutor.java:809)&#10;        at java.util.concurrent.ThreadPoolExecutor.getTask(ThreadPoolExecutor.java:1074)&#10;        at java.util.concurrent.ThreadPoolExecutor.runWorker(ThreadPoolExecutor.java:1134)&#10;        at java.util.concurrent.ThreadPoolExecutor$Worker.run(ThreadPoolExecutor.java:624)&#10;        at java.lang.Thread.run(Thread.java:748)&#10;&quot;surefire-forkedjvm-command-thread&quot; daemon prio=5 tid=8 runnable&#10;java.lang.Thread.State: RUNNABLE&#10;        at java.io.FileInputStream.readBytes(Native Method)&#10;        at java.io.FileInputStream.read(FileInputStream.java:255)&#10;        at java.io.BufferedInputStream.fill(BufferedInputStream.java:246)&#10;        at java.io.BufferedInputStream.read(BufferedInputStream.java:265)&#10;        at java.io.DataInputStream.readInt(DataInputStream.java:387)&#10;        at org.apache.maven.surefire.booter.MasterProcessCommand.decode(MasterProcessCommand.java:115)&#10;        at org.apache.maven.surefire.booter.CommandReader$CommandRunnable.run(CommandReader.java:390)&#10;        at java.lang.Thread.run(Thread.java:748)&#10;&quot;pool-158-thread-22&quot;  prio=5 tid=1846 in Object.wait()&#10;java.lang.Thread.State: WAITING (on object monitor)&#10;        at sun.misc.Unsafe.park(Native Method)&#10;        at java.util.concurrent.locks.LockSupport.park(LockSupport.java:175)&#10;        at java.util.concurrent.locks.AbstractQueuedSynchronizer$ConditionObject.await(AbstractQueuedSynchronizer.java:2039)&#10;        at java.util.concurrent.ArrayBlockingQueue.take(ArrayBlockingQueue.java:403)&#10;        at java.util.concurrent.ThreadPoolExecutor.getTask(ThreadPoolExecutor.java:1074)&#10;        at java.util.concurrent.ThreadPoolExecutor.runWorker(ThreadPoolExecutor.java:1134)&#10;        at java.util.concurrent.ThreadPoolExecutor$Worker.run(ThreadPoolExecutor.java:624)&#10;        at java.lang.Thread.run(Thread.java:748)&#10;&quot;Datanode ReportManager Thread - 3&quot; daemon prio=5 tid=310 in Object.wait()&#10;java.lang.Thread.State: WAITING (on object monitor)&#10;        at sun.misc.Unsafe.park(Native Method)&#10;        at java.util.concurrent.locks.LockSupport.park(LockSupport.java:175)&#10;        at java.util.concurrent.locks.AbstractQueuedSynchronizer$ConditionObject.await(AbstractQueuedSynchronizer.java:2039)&#10;        at java.util.concurrent.ScheduledThreadPoolExecutor$DelayedWorkQueue.take(ScheduledThreadPoolExecutor.java:1088)&#10;        at java.util.concurrent.ScheduledThreadPoolExecutor$DelayedWorkQueue.take(ScheduledThreadPoolExecutor.java:809)&#10;        at java.util.concurrent.ThreadPoolExecutor.getTask(ThreadPoolExecutor.java:1074)&#10;        at java.util.concurrent.ThreadPoolExecutor.runWorker(ThreadPoolExecutor.java:1134)&#10;        at java.util.concurrent.ThreadPoolExecutor$Worker.run(ThreadPoolExecutor.java:624)&#10;        at java.lang.Thread.run(Thread.java:748)&#10;&quot;org.eclipse.jetty.server.session.HashSessionManager@72e8bf01Timer&quot; daemon prio=5 tid=1594 timed_waiting&#10;java.lang.Thread.State: TIMED_WAITING&#10;        at sun.misc.Unsafe.park(Native Method)&#10;        at java.util.concurrent.locks.LockSupport.parkNanos(LockSupport.java:215)&#10;        at java.util.concurrent.locks.AbstractQueuedSynchronizer$ConditionObject.awaitNanos(AbstractQueuedSynchronizer.java:2078)&#10;        at java.util.concurrent.ScheduledThreadPoolExecutor$DelayedWorkQueue.take(ScheduledThreadPoolExecutor.java:1093)&#10;        at java.util.concurrent.ScheduledThreadPoolExecutor$DelayedWorkQueue.take(ScheduledThreadPoolExecutor.java:809)&#10;        at java.util.concurrent.ThreadPoolExecutor.getTask(ThreadPoolExecutor.java:1074)&#10;        at java.util.concurrent.ThreadPoolExecutor.runWorker(ThreadPoolExecutor.java:1134)&#10;        at java.util.concurrent.ThreadPoolExecutor$Worker.run(ThreadPoolExecutor.java:624)&#10;        at java.lang.Thread.run(Thread.java:748)&#10;&quot;IPC Server listener on 38131&quot; daemon prio=5 tid=1076 runnable&#10;java.lang.Thread.State: RUNNABLE&#10;        at sun.nio.ch.EPollArrayWrapper.epollWait(Native Method)&#10;        at sun.nio.ch.EPollArrayWrapper.poll(EPollArrayWrapper.java:269)&#10;        at sun.nio.ch.EPollSelectorImpl.doSelect(EPollSelectorImpl.java:93)&#10;        at sun.nio.ch.SelectorImpl.lockAndDoSelect(SelectorImpl.java:86)&#10;        at sun.nio.ch.SelectorImpl.select(SelectorImpl.java:97)&#10;        at sun.nio.ch.SelectorImpl.select(SelectorImpl.java:101)&#10;        at org.apache.hadoop.ipc.Server$Listener.run(Server.java:1159)&#10;&quot;qtp25266959-1592&quot; daemon prio=5 tid=1592 timed_waiting&#10;java.lang.Thread.State: TIMED_WAITING&#10;        at sun.misc.Unsafe.park(Native Method)&#10;        at java.util.concurrent.locks.LockSupport.parkNanos(LockSupport.java:215)&#10;        at java.util.concurrent.locks.AbstractQueuedSynchronizer$ConditionObject.awaitNanos(AbstractQueuedSynchronizer.java:2078)&#10;        at org.eclipse.jetty.util.BlockingArrayQueue.poll(BlockingArrayQueue.java:392)&#10;        at org.eclipse.jetty.util.thread.QueuedThreadPool.idleJobPoll(QueuedThreadPool.java:563)&#10;        at org.eclipse.jetty.util.thread.QueuedThreadPool.access$800(QueuedThreadPool.java:48)&#10;        at org.eclipse.jetty.util.thread.QueuedThreadPool$2.run(QueuedThreadPool.java:626)&#10;        at java.lang.Thread.run(Thread.java:748)&#10;&quot;IPC Server handler 16 on 46609&quot; daemon prio=5 tid=1107 timed_waiting&#10;java.lang.Thread.State: TIMED_WAITING&#10;        at sun.misc.Unsafe.park(Native Method)&#10;        at java.util.concurrent.locks.LockSupport.parkNanos(LockSupport.java:215)&#10;        at java.util.concurrent.locks.AbstractQueuedSynchronizer$ConditionObject.awaitNanos(AbstractQueuedSynchronizer.java:2078)&#10;        at java.util.concurrent.LinkedBlockingQueue.poll(LinkedBlockingQueue.java:467)&#10;        at org.apache.hadoop.ipc.CallQueueManager.take(CallQueueManager.java:288)&#10;        at org.apache.hadoop.ipc.Server$Handler.run(Server.java:2668)&#10;&quot;metrics-hadoop-metrics2-reporter-74-thread-1&quot; daemon prio=5 tid=1022 timed_waiting&#10;java.lang.Thread.State: TIMED_WAITING&#10;        at sun.misc.Unsafe.park(Native Method)&#10;        at java.util.concurrent.locks.LockSupport.parkNanos(LockSupport.java:215)&#10;        at java.util.concurrent.locks.AbstractQueuedSynchronizer$ConditionObject.awaitNanos(AbstractQueuedSynchronizer.java:2078)&#10;        at java.util.concurrent.ScheduledThreadPoolExecutor$DelayedWorkQueue.take(ScheduledThreadPoolExecutor.java:1093)&#10;        at java.util.concurrent.ScheduledThreadPoolExecutor$DelayedWorkQueue.take(ScheduledThreadPoolExecutor.java:809)&#10;        at java.util.concurrent.ThreadPoolExecutor.getTask(ThreadPoolExecutor.java:1074)&#10;        at java.util.concurrent.ThreadPoolExecutor.runWorker(ThreadPoolExecutor.java:1134)&#10;        at java.util.concurrent.ThreadPoolExecutor$Worker.run(ThreadPoolExecutor.java:624)&#10;        at java.lang.Thread.run(Thread.java:748)&#10;&quot;metrics-hadoop-metrics2-reporter-34-thread-1&quot; daemon prio=5 tid=789 timed_waiting&#10;java.lang.Thread.State: TIMED_WAITING&#10;        at sun.misc.Unsafe.park(Native Method)&#10;        at java.util.concurrent.locks.LockSupport.parkNanos(LockSupport.java:215)&#10;        at java.util.concurrent.locks.AbstractQueuedSynchronizer$ConditionObject.awaitNanos(AbstractQueuedSynchronizer.java:2078)&#10;        at java.util.concurrent.ScheduledThreadPoolExecutor$DelayedWorkQueue.take(ScheduledThreadPoolExecutor.java:1093)&#10;        at java.util.concurrent.ScheduledThreadPoolExecutor$DelayedWorkQueue.take(ScheduledThreadPoolExecutor.java:809)&#10;        at java.util.concurrent.ThreadPoolExecutor.getTask(ThreadPoolExecutor.java:1074)&#10;        at java.util.concurrent.ThreadPoolExecutor.runWorker(ThreadPoolExecutor.java:1134)&#10;        at java.util.concurrent.ThreadPoolExecutor$Worker.run(ThreadPoolExecutor.java:624)&#10;        at java.lang.Thread.run(Thread.java:748)&#10;&quot;pool-148-thread-30&quot;  prio=5 tid=1777 in Object.wait()&#10;java.lang.Thread.State: WAITING (on object monitor)&#10;        at sun.misc.Unsafe.park(Native Method)&#10;        at java.util.concurrent.locks.LockSupport.park(LockSupport.java:175)&#10;        at java.util.concurrent.locks.AbstractQueuedSynchronizer$ConditionObject.await(AbstractQueuedSynchronizer.java:2039)&#10;        at java.util.concurrent.ArrayBlockingQueue.take(ArrayBlockingQueue.java:403)&#10;        at java.util.concurrent.ThreadPoolExecutor.getTask(ThreadPoolExecutor.java:1074)&#10;        at java.util.concurrent.ThreadPoolExecutor.runWorker(ThreadPoolExecutor.java:1134)&#10;        at java.util.concurrent.ThreadPoolExecutor$Worker.run(ThreadPoolExecutor.java:624)&#10;        at java.lang.Thread.run(Thread.java:748)&#10;&quot;Datanode ReportManager Thread - 2&quot; daemon prio=5 tid=174 timed_waiting&#10;java.lang.Thread.State: TIMED_WAITING&#10;        at sun.misc.Unsafe.park(Native Method)&#10;        at java.util.concurrent.locks.LockSupport.parkNanos(LockSupport.java:215)&#10;        at java.util.concurrent.locks.AbstractQueuedSynchronizer$ConditionObject.awaitNanos(AbstractQueuedSynchronizer.java:2078)&#10;        at java.util.concurrent.ScheduledThreadPoolExecutor$DelayedWorkQueue.take(ScheduledThreadPoolExecutor.java:1093)&#10;        at java.util.concurrent.ScheduledThreadPoolExecutor$DelayedWorkQueue.take(ScheduledThreadPoolExecutor.java:809)&#10;        at java.util.concurrent.ThreadPoolExecutor.getTask(ThreadPoolExecutor.java:1074)&#10;        at java.util.concurrent.ThreadPoolExecutor.runWorker(ThreadPoolExecutor.java:1134)&#10;        at java.util.concurrent.ThreadPoolExecutor$Worker.run(ThreadPoolExecutor.java:624)&#10;        at java.lang.Thread.run(Thread.java:748)&#10;&quot;pool-158-thread-12&quot;  prio=5 tid=1836 in Object.wait()&#10;java.lang.Thread.State: WAITING (on object monitor)&#10;        at sun.misc.Unsafe.park(Native Method)&#10;        at java.util.concurrent.locks.LockSupport.park(LockSupport.java:175)&#10;        at java.util.concurrent.locks.AbstractQueuedSynchronizer$ConditionObject.await(AbstractQueuedSynchronizer.java:2039)&#10;        at java.util.concurrent.ArrayBlockingQueue.take(ArrayBlockingQueue.java:403)&#10;        at java.util.concurrent.ThreadPoolExecutor.getTask(ThreadPoolExecutor.java:1074)&#10;        at java.util.concurrent.ThreadPoolExecutor.runWorker(ThreadPoolExecutor.java:1134)&#10;        at java.util.concurrent.ThreadPoolExecutor$Worker.run(ThreadPoolExecutor.java:624)&#10;        at java.lang.Thread.run(Thread.java:748)&#10;&quot;pool-148-thread-4&quot;  prio=5 tid=1750 in Object.wait()&#10;java.lang.Thread.State: WAITING (on object monitor)&#10;        at sun.misc.Unsafe.park(Native Method)&#10;        at java.util.concurrent.locks.LockSupport.park(LockSupport.java:175)&#10;        at java.util.concurrent.locks.AbstractQueuedSynchronizer$ConditionObject.await(AbstractQueuedSynchronizer.java:2039)&#10;        at java.util.concurrent.ArrayBlockingQueue.take(ArrayBlockingQueue.java:403)&#10;        at java.util.concurrent.ThreadPoolExecutor.getTask(ThreadPoolExecutor.java:1074)&#10;        at java.util.concurrent.ThreadPoolExecutor.runWorker(ThreadPoolExecutor.java:1134)&#10;        at java.util.concurrent.ThreadPoolExecutor$Worker.run(ThreadPoolExecutor.java:624)&#10;        at java.lang.Thread.run(Thread.java:748)&#10;&quot;pool-138-thread-13&quot;  prio=5 tid=1684 in Object.wait()&#10;java.lang.Thread.State: WAITING (on object monitor)&#10;        at sun.misc.Unsafe.park(Native Method)&#10;        at java.util.concurrent.locks.LockSupport.park(LockSupport.java:175)&#10;        at java.util.concurrent.locks.AbstractQueuedSynchronizer$ConditionObject.await(AbstractQueuedSynchronizer.java:2039)&#10;        at java.util.concurrent.ArrayBlockingQueue.take(ArrayBlockingQueue.java:403)&#10;        at java.util.concurrent.ThreadPoolExecutor.getTask(ThreadPoolExecutor.java:1074)&#10;        at java.util.concurrent.ThreadPoolExecutor.runWorker(ThreadPoolExecutor.java:1134)&#10;        at java.util.concurrent.ThreadPoolExecutor$Worker.run(ThreadPoolExecutor.java:624)&#10;        at java.lang.Thread.run(Thread.java:748)&#10;&quot;metrics-hadoop-metrics2-reporter-97-thread-1&quot; daemon prio=5 tid=1534 timed_waiting&#10;java.lang.Thread.State: TIMED_WAITING&#10;        at sun.misc.Unsafe.park(Native Method)&#10;        at java.util.concurrent.locks.LockSupport.parkNanos(LockSupport.java:215)&#10;        at java.util.concurrent.locks.AbstractQueuedSynchronizer$ConditionObject.awaitNanos(AbstractQueuedSynchronizer.java:2078)&#10;        at java.util.concurrent.ScheduledThreadPoolExecutor$DelayedWorkQueue.take(ScheduledThreadPoolExecutor.java:1093)&#10;        at java.util.concurrent.ScheduledThreadPoolExecutor$DelayedWorkQueue.take(ScheduledThreadPoolExecutor.java:809)&#10;        at java.util.concurrent.ThreadPoolExecutor.getTask(ThreadPoolExecutor.java:1074)&#10;        at java.util.concurrent.ThreadPoolExecutor.runWorker(ThreadPoolExecutor.java:1134)&#10;        at java.util.concurrent.ThreadPoolExecutor$Worker.run(ThreadPoolExecutor.java:624)&#10;        at java.lang.Thread.run(Thread.java:748)&#10;&quot;metrics-hadoop-metrics2-reporter-61-thread-1&quot; daemon prio=5 tid=966 timed_waiting&#10;java.lang.Thread.State: TIMED_WAITING&#10;        at sun.misc.Unsafe.park(Native Method)&#10;        at java.util.concurrent.locks.LockSupport.parkNanos(LockSupport.java:215)&#10;        at java.util.concurrent.locks.AbstractQueuedSynchronizer$ConditionObject.awaitNanos(AbstractQueuedSynchronizer.java:2078)&#10;        at java.util.concurrent.ScheduledThreadPoolExecutor$DelayedWorkQueue.take(ScheduledThreadPoolExecutor.java:1093)&#10;        at java.util.concurrent.ScheduledThreadPoolExecutor$DelayedWorkQueue.take(ScheduledThreadPoolExecutor.java:809)&#10;        at java.util.concurrent.ThreadPoolExecutor.getTask(ThreadPoolExecutor.java:1074)&#10;        at java.util.concurrent.ThreadPoolExecutor.runWorker(ThreadPoolExecutor.java:1134)&#10;        at java.util.concurrent.ThreadPoolExecutor$Worker.run(ThreadPoolExecutor.java:624)&#10;        at java.lang.Thread.run(Thread.java:748)&#10;&quot;KeyDeletingService#0&quot; daemon prio=5 tid=1172 timed_waiting&#10;java.lang.Thread.State: TIMED_WAITING&#10;        at sun.misc.Unsafe.park(Native Method)&#10;        at java.util.concurrent.locks.LockSupport.parkNanos(LockSupport.java:215)&#10;        at java.util.concurrent.locks.AbstractQueuedSynchronizer$ConditionObject.awaitNanos(AbstractQueuedSynchronizer.java:2078)&#10;        at java.util.concurrent.ScheduledThreadPoolExecutor$DelayedWorkQueue.take(ScheduledThreadPoolExecutor.java:1093)&#10;        at java.util.concurrent.ScheduledThreadPoolExecutor$DelayedWorkQueue.take(ScheduledThreadPoolExecutor.java:809)&#10;        at java.util.concurrent.ThreadPoolExecutor.getTask(ThreadPoolExecutor.java:1074)&#10;        at java.util.concurrent.ThreadPoolExecutor.runWorker(ThreadPoolExecutor.java:1134)&#10;        at java.util.concurrent.ThreadPoolExecutor$Worker.run(ThreadPoolExecutor.java:624)&#10;        at java.lang.Thread.run(Thread.java:748)&#10;&quot;Datanode State Machine Thread - 0&quot; daemon prio=5 tid=1667 timed_waiting&#10;java.lang.Thread.State: TIMED_WAITING&#10;        at sun.misc.Unsafe.park(Native Method)&#10;        at java.util.concurrent.locks.LockSupport.parkNanos(LockSupport.java:215)&#10;        at java.util.concurrent.SynchronousQueue$TransferStack.awaitFulfill(SynchronousQueue.java:460)&#10;        at java.util.concurrent.SynchronousQueue$TransferStack.transfer(SynchronousQueue.java:362)&#10;        at java.util.concurrent.SynchronousQueue.poll(SynchronousQueue.java:941)&#10;        at java.util.concurrent.ThreadPoolExecutor.getTask(ThreadPoolExecutor.java:1073)&#10;        at java.util.concurrent.ThreadPoolExecutor.runWorker(ThreadPoolExecutor.java:1134)&#10;        at java.util.concurrent.ThreadPoolExecutor$Worker.run(ThreadPoolExecutor.java:624)&#10;        at java.lang.Thread.run(Thread.java:748)&#10;&quot;Socket Reader #1 for port 38131&quot;  prio=5 tid=1077 runnable&#10;java.lang.Thread.State: RUNNABLE&#10;        at sun.nio.ch.EPollArrayWrapper.epollWait(Native Method)&#10;        at sun.nio.ch.EPollArrayWrapper.poll(EPollArrayWrapper.java:269)&#10;        at sun.nio.ch.EPollSelectorImpl.doSelect(EPollSelectorImpl.java:93)&#10;        at sun.nio.ch.SelectorImpl.lockAndDoSelect(SelectorImpl.java:86)&#10;        at sun.nio.ch.SelectorImpl.select(SelectorImpl.java:97)&#10;        at sun.nio.ch.SelectorImpl.select(SelectorImpl.java:101)&#10;        at org.apache.hadoop.ipc.Server$Listener$Reader.doRunLoop(Server.java:1097)&#10;        at org.apache.hadoop.ipc.Server$Listener$Reader.run(Server.java:1076)&#10;&quot;metrics-hadoop-metrics2-reporter-109-thread-1&quot; daemon prio=5 tid=1913 timed_waiting&#10;java.lang.Thread.State: TIMED_WAITING&#10;        at sun.misc.Unsafe.park(Native Method)&#10;        at java.util.concurrent.locks.LockSupport.parkNanos(LockSupport.java:215)&#10;        at java.util.concurrent.locks.AbstractQueuedSynchronizer$ConditionObject.awaitNanos(AbstractQueuedSynchronizer.java:2078)&#10;        at java.util.concurrent.ScheduledThreadPoolExecutor$DelayedWorkQueue.take(ScheduledThreadPoolExecutor.java:1093)&#10;        at java.util.concurrent.ScheduledThreadPoolExecutor$DelayedWorkQueue.take(ScheduledThreadPoolExecutor.java:809)&#10;        at java.util.concurrent.ThreadPoolExecutor.getTask(ThreadPoolExecutor.java:1074)&#10;        at java.util.concurrent.ThreadPoolExecutor.runWorker(ThreadPoolExecutor.java:1134)&#10;        at java.util.concurrent.ThreadPoolExecutor$Worker.run(ThreadPoolExecutor.java:624)&#10;        at java.lang.Thread.run(Thread.java:748)&#10;&quot;IPC Server handler 4 on 38131&quot; daemon prio=5 tid=1135 timed_waiting&#10;java.lang.Thread.State: TIMED_WAITING&#10;        at sun.misc.Unsafe.park(Native Method)&#10;        at java.util.concurrent.locks.LockSupport.parkNanos(LockSupport.java:215)&#10;        at java.util.concurrent.locks.AbstractQueuedSynchronizer$ConditionObject.awaitNanos(AbstractQueuedSynchronizer.java:2078)&#10;        at java.util.concurrent.LinkedBlockingQueue.poll(LinkedBlockingQueue.java:467)&#10;        at org.apache.hadoop.ipc.CallQueueManager.take(CallQueueManager.java:288)&#10;        at org.apache.hadoop.ipc.Server$Handler.run(Server.java:2668)&#10;&quot;SCMBlockDeletingService#1&quot; daemon prio=5 tid=1164 in Object.wait()&#10;java.lang.Thread.State: WAITING (on object monitor)&#10;        at sun.misc.Unsafe.park(Native Method)&#10;        at java.util.concurrent.locks.LockSupport.park(LockSupport.java:175)&#10;        at java.util.concurrent.locks.AbstractQueuedSynchronizer$ConditionObject.await(AbstractQueuedSynchronizer.java:2039)&#10;        at java.util.concurrent.ScheduledThreadPoolExecutor$DelayedWorkQueue.take(ScheduledThreadPoolExecutor.java:1088)&#10;        at java.util.concurrent.ScheduledThreadPoolExecutor$DelayedWorkQueue.take(ScheduledThreadPoolExecutor.java:809)&#10;        at java.util.concurrent.ThreadPoolExecutor.getTask(ThreadPoolExecutor.java:1074)&#10;        at java.util.concurrent.ThreadPoolExecutor.runWorker(ThreadPoolExecutor.java:1134)&#10;        at java.util.concurrent.ThreadPoolExecutor$Worker.run(ThreadPoolExecutor.java:624)&#10;        at java.lang.Thread.run(Thread.java:748)&#10;&quot;CommandWatcher-LeaseManager#LeaseMonitor&quot; daemon prio=5 tid=1090 timed_waiting&#10;java.lang.Thread.State: TIMED_WAITING&#10;        at java.lang.Thread.sleep(Native Method)&#10;        at org.apache.hadoop.ozone.lease.LeaseManager$LeaseMonitor.run(LeaseManager.java:234)&#10;        at java.lang.Thread.run(Thread.java:748)&#10;&quot;qtp1570597614-1652&quot; daemon prio=5 tid=1652 timed_waiting&#10;java.lang.Thread.State: TIMED_WAITING&#10;        at sun.misc.Unsafe.park(Native Method)&#10;        at java.util.concurrent.locks.LockSupport.parkNanos(LockSupport.java:215)&#10;        at java.util.concurrent.locks.AbstractQueuedSynchronizer$ConditionObject.awaitNanos(AbstractQueuedSynchronizer.java:2078)&#10;        at org.eclipse.jetty.util.BlockingArrayQueue.poll(BlockingArrayQueue.java:392)&#10;        at org.eclipse.jetty.util.thread.QueuedThreadPool.idleJobPoll(QueuedThreadPool.java:563)&#10;        at org.eclipse.jetty.util.thread.QueuedThreadPool.access$800(QueuedThreadPool.java:48)&#10;        at org.eclipse.jetty.util.thread.QueuedThreadPool$2.run(QueuedThreadPool.java:626)&#10;        at java.lang.Thread.run(Thread.java:748)&#10;&quot;Thread-786&quot; daemon prio=5 tid=1916 timed_waiting&#10;java.lang.Thread.State: TIMED_WAITING&#10;        at sun.misc.Unsafe.park(Native Method)&#10;        at java.util.concurrent.locks.LockSupport.parkNanos(LockSupport.java:215)&#10;        at java.util.concurrent.locks.AbstractQueuedSynchronizer$ConditionObject.awaitNanos(AbstractQueuedSynchronizer.java:2078)&#10;        at java.util.concurrent.ArrayBlockingQueue.poll(ArrayBlockingQueue.java:418)&#10;        at org.apache.ratis.server.impl.LeaderState$EventQueue.poll(LeaderState.java:115)&#10;        at org.apache.ratis.server.impl.LeaderState$EventProcessor.run(LeaderState.java:467)&#10;&quot;refreshUsed-/workdir/hadoop-ozone/integration-test/target/test-dir/MiniOzoneClusterImpl-d661fb9f-1fa9-4d83-aa41-108be3044330/datanode-0/data/containers&quot; daemon prio=5 tid=1579 timed_waiting&#10;java.lang.Thread.State: TIMED_WAITING&#10;        at java.lang.Thread.sleep(Native Method)&#10;        at org.apache.hadoop.fs.CachingGetSpaceUsed$RefreshThread.run(CachingGetSpaceUsed.java:179)&#10;        at java.lang.Thread.run(Thread.java:748)&#10;&quot;metrics-hadoop-metrics2-reporter-95-thread-1&quot; daemon prio=5 tid=1526 timed_waiting&#10;java.lang.Thread.State: TIMED_WAITING&#10;        at sun.misc.Unsafe.park(Native Method)&#10;        at java.util.concurrent.locks.LockSupport.parkNanos(LockSupport.java:215)&#10;        at java.util.concurrent.locks.AbstractQueuedSynchronizer$ConditionObject.awaitNanos(AbstractQueuedSynchronizer.java:2078)&#10;        at java.util.concurrent.ScheduledThreadPoolExecutor$DelayedWorkQueue.take(ScheduledThreadPoolExecutor.java:1093)&#10;        at java.util.concurrent.ScheduledThreadPoolExecutor$DelayedWorkQueue.take(ScheduledThreadPoolExecutor.java:809)&#10;        at java.util.concurrent.ThreadPoolExecutor.getTask(ThreadPoolExecutor.java:1074)&#10;        at java.util.concurrent.ThreadPoolExecutor.runWorker(ThreadPoolExecutor.java:1134)&#10;        at java.util.concurrent.ThreadPoolExecutor$Worker.run(ThreadPoolExecutor.java:624)&#10;        at java.lang.Thread.run(Thread.java:748)&#10;&quot;pool-136-thread-1&quot; daemon prio=5 tid=1581 timed_waiting&#10;java.lang.Thread.State: TIMED_WAITING&#10;        at sun.misc.Unsafe.park(Native Method)&#10;        at java.util.concurrent.locks.LockSupport.parkNanos(LockSupport.java:215)&#10;        at java.util.concurrent.locks.AbstractQueuedSynchronizer$ConditionObject.awaitNanos(AbstractQueuedSynchronizer.java:2078)&#10;        at java.util.concurrent.ScheduledThreadPoolExecutor$DelayedWorkQueue.take(ScheduledThreadPoolExecutor.java:1093)&#10;        at java.util.concurrent.ScheduledThreadPoolExecutor$DelayedWorkQueue.take(ScheduledThreadPoolExecutor.java:809)&#10;        at java.util.concurrent.ThreadPoolExecutor.getTask(ThreadPoolExecutor.java:1074)&#10;        at java.util.concurrent.ThreadPoolExecutor.runWorker(ThreadPoolExecutor.java:1134)&#10;        at java.util.concurrent.ThreadPoolExecutor$Worker.run(ThreadPoolExecutor.java:624)&#10;        at java.lang.Thread.run(Thread.java:748)&#10;&quot;IPC Server handler 15 on 38802&quot; daemon prio=5 tid=1126 timed_waiting&#10;java.lang.Thread.State: TIMED_WAITING&#10;        at sun.misc.Unsafe.park(Native Method)&#10;        at java.util.concurrent.locks.LockSupport.parkNanos(LockSupport.java:215)&#10;        at java.util.concurrent.locks.AbstractQueuedSynchronizer$ConditionObject.awaitNanos(AbstractQueuedSynchronizer.java:2078)&#10;        at java.util.concurrent.LinkedBlockingQueue.poll(LinkedBlockingQueue.java:467)&#10;        at org.apache.hadoop.ipc.CallQueueManager.take(CallQueueManager.java:288)&#10;        at org.apache.hadoop.ipc.Server$Handler.run(Server.java:2668)&#10;&quot;bc0bc980-c963-48ce-962e-85091c893131@group-28ACFA97060E-StateMachineUpdater&quot; daemon prio=5 tid=1934 in Object.wait()&#10;java.lang.Thread.State: WAITING (on object monitor)&#10;        at java.lang.Object.wait(Native Method)&#10;        at java.lang.Object.wait(Object.java:502)&#10;        at org.apache.ratis.server.impl.StateMachineUpdater.waitForCommit(StateMachineUpdater.java:194)&#10;        at org.apache.ratis.server.impl.StateMachineUpdater.run(StateMachineUpdater.java:159)&#10;        at java.lang.Thread.run(Thread.java:748)&#10;&quot;IPC Server handler 16 on 38802&quot; daemon prio=5 tid=1127 timed_waiting&#10;java.lang.Thread.State: TIMED_WAITING&#10;        at sun.misc.Unsafe.park(Native Method)&#10;        at java.util.concurrent.locks.LockSupport.parkNanos(LockSupport.java:215)&#10;        at java.util.concurrent.locks.AbstractQueuedSynchronizer$ConditionObject.awaitNanos(AbstractQueuedSynchronizer.java:2078)&#10;        at java.util.concurrent.LinkedBlockingQueue.poll(LinkedBlockingQueue.java:467)&#10;        at org.apache.hadoop.ipc.CallQueueManager.take(CallQueueManager.java:288)&#10;        at org.apache.hadoop.ipc.Server$Handler.run(Server.java:2668)&#10;&quot;pool-158-thread-26&quot;  prio=5 tid=1850 in Object.wait()&#10;java.lang.Thread.State: WAITING (on object monitor)&#10;        at sun.misc.Unsafe.park(Native Method)&#10;        at java.util.concurrent.locks.LockSupport.park(LockSupport.java:175)&#10;        at java.util.concurrent.locks.AbstractQueuedSynchronizer$ConditionObject.await(AbstractQueuedSynchronizer.java:2039)&#10;        at java.util.concurrent.ArrayBlockingQueue.take(ArrayBlockingQueue.java:403)&#10;        at java.util.concurrent.ThreadPoolExecutor.getTask(ThreadPoolExecutor.java:1074)&#10;        at java.util.concurrent.ThreadPoolExecutor.runWorker(ThreadPoolExecutor.java:1134)&#10;        at java.util.concurrent.ThreadPoolExecutor$Worker.run(ThreadPoolExecutor.java:624)&#10;        at java.lang.Thread.run(Thread.java:748)&#10;&quot;pool-158-thread-43&quot;  prio=5 tid=1867 in Object.wait()&#10;java.lang.Thread.State: WAITING (on object monitor)&#10;        at sun.misc.Unsafe.park(Native Method)&#10;        at java.util.concurrent.locks.LockSupport.park(LockSupport.java:175)&#10;        at java.util.concurrent.locks.AbstractQueuedSynchronizer$ConditionObject.await(AbstractQueuedSynchronizer.java:2039)&#10;        at java.util.concurrent.ArrayBlockingQueue.take(ArrayBlockingQueue.java:403)&#10;        at java.util.concurrent.ThreadPoolExecutor.getTask(ThreadPoolExecutor.java:1074)&#10;        at java.util.concurrent.ThreadPoolExecutor.runWorker(ThreadPoolExecutor.java:1134)&#10;        at java.util.concurrent.ThreadPoolExecutor$Worker.run(ThreadPoolExecutor.java:624)&#10;        at java.lang.Thread.run(Thread.java:748)&#10;&quot;pool-148-thread-39&quot;  prio=5 tid=1786 in Object.wait()&#10;java.lang.Thread.State: WAITING (on object monitor)&#10;        at sun.misc.Unsafe.park(Native Method)&#10;        at java.util.concurrent.locks.LockSupport.park(LockSupport.java:175)&#10;        at java.util.concurrent.locks.AbstractQueuedSynchronizer$ConditionObject.await(AbstractQueuedSynchronizer.java:2039)&#10;        at java.util.concurrent.ArrayBlockingQueue.take(ArrayBlockingQueue.java:403)&#10;        at java.util.concurrent.ThreadPoolExecutor.getTask(ThreadPoolExecutor.java:1074)&#10;        at java.util.concurrent.ThreadPoolExecutor.runWorker(ThreadPoolExecutor.java:1134)&#10;        at java.util.concurrent.ThreadPoolExecutor$Worker.run(ThreadPoolExecutor.java:624)&#10;        at java.lang.Thread.run(Thread.java:748)&#10;&quot;metrics-hadoop-metrics2-reporter-111-thread-1&quot; daemon prio=5 tid=1920 timed_waiting&#10;java.lang.Thread.State: TIMED_WAITING&#10;        at sun.misc.Unsafe.park(Native Method)&#10;        at java.util.concurrent.locks.LockSupport.parkNanos(LockSupport.java:215)&#10;        at java.util.concurrent.locks.AbstractQueuedSynchronizer$ConditionObject.awaitNanos(AbstractQueuedSynchronizer.java:2078)&#10;        at java.util.concurrent.ScheduledThreadPoolExecutor$DelayedWorkQueue.take(ScheduledThreadPoolExecutor.java:1093)&#10;        at java.util.concurrent.ScheduledThreadPoolExecutor$DelayedWorkQueue.take(ScheduledThreadPoolExecutor.java:809)&#10;        at java.util.concurrent.ThreadPoolExecutor.getTask(ThreadPoolExecutor.java:1074)&#10;        at java.util.concurrent.ThreadPoolExecutor.runWorker(ThreadPoolExecutor.java:1134)&#10;        at java.util.concurrent.ThreadPoolExecutor$Worker.run(ThreadPoolExecutor.java:624)&#10;        at java.lang.Thread.run(Thread.java:748)&#10;&quot;IPC Server handler 9 on 38802&quot; daemon prio=5 tid=1120 timed_waiting&#10;java.lang.Thread.State: TIMED_WAITING&#10;        at sun.misc.Unsafe.park(Native Method)&#10;        at java.util.concurrent.locks.LockSupport.parkNanos(LockSupport.java:215)&#10;        at java.util.concurrent.locks.AbstractQueuedSynchronizer$ConditionObject.awaitNanos(AbstractQueuedSynchronizer.java:2078)&#10;        at java.util.concurrent.LinkedBlockingQueue.poll(LinkedBlockingQueue.java:467)&#10;        at org.apache.hadoop.ipc.CallQueueManager.take(CallQueueManager.java:288)&#10;        at org.apache.hadoop.ipc.Server$Handler.run(Server.java:2668)&#10;&quot;qtp734928767-1618&quot; daemon prio=5 tid=1618 timed_waiting&#10;java.lang.Thread.State: TIMED_WAITING&#10;        at sun.misc.Unsafe.park(Native Method)&#10;        at java.util.concurrent.locks.LockSupport.parkNanos(LockSupport.java:215)&#10;        at java.util.concurrent.locks.AbstractQueuedSynchronizer$ConditionObject.awaitNanos(AbstractQueuedSynchronizer.java:2078)&#10;        at org.eclipse.jetty.util.BlockingArrayQueue.poll(BlockingArrayQueue.java:392)&#10;        at org.eclipse.jetty.util.thread.QueuedThreadPool.idleJobPoll(QueuedThreadPool.java:563)&#10;        at org.eclipse.jetty.util.thread.QueuedThreadPool.access$800(QueuedThreadPool.java:48)&#10;        at org.eclipse.jetty.util.thread.QueuedThreadPool$2.run(QueuedThreadPool.java:626)&#10;        at java.lang.Thread.run(Thread.java:748)&#10;&quot;bc0bc980-c963-48ce-962e-85091c893131@group-28ACFA97060E-SegmentedRaftLogWorker&quot;  prio=5 tid=1933 timed_waiting&#10;java.lang.Thread.State: TIMED_WAITING&#10;        at sun.misc.Unsafe.park(Native Method)&#10;        at java.util.concurrent.locks.LockSupport.parkNanos(LockSupport.java:215)&#10;        at java.util.concurrent.locks.AbstractQueuedSynchronizer$ConditionObject.awaitNanos(AbstractQueuedSynchronizer.java:2078)&#10;        at org.apache.ratis.util.DataBlockingQueue.poll(DataBlockingQueue.java:137)&#10;        at org.apache.ratis.server.raftlog.segmented.SegmentedRaftLogWorker.run(SegmentedRaftLogWorker.java:282)&#10;        at java.lang.Thread.run(Thread.java:748)&#10;&quot;pool-158-thread-16&quot;  prio=5 tid=1840 in Object.wait()&#10;java.lang.Thread.State: WAITING (on object monitor)&#10;        at sun.misc.Unsafe.park(Native Method)&#10;        at java.util.concurrent.locks.LockSupport.park(LockSupport.java:175)&#10;        at java.util.concurrent.locks.AbstractQueuedSynchronizer$ConditionObject.await(AbstractQueuedSynchronizer.java:2039)&#10;        at java.util.concurrent.ArrayBlockingQueue.take(ArrayBlockingQueue.java:403)&#10;        at java.util.concurrent.ThreadPoolExecutor.getTask(ThreadPoolExecutor.java:1074)&#10;        at java.util.concurrent.ThreadPoolExecutor.runWorker(ThreadPoolExecutor.java:1134)&#10;        at java.util.concurrent.ThreadPoolExecutor$Worker.run(ThreadPoolExecutor.java:624)&#10;        at java.lang.Thread.run(Thread.java:748)&#10;&quot;pool-148-thread-14&quot;  prio=5 tid=1760 in Object.wait()&#10;java.lang.Thread.State: WAITING (on object monitor)&#10;        at sun.misc.Unsafe.park(Native Method)&#10;        at java.util.concurrent.locks.LockSupport.park(LockSupport.java:175)&#10;        at java.util.concurrent.locks.AbstractQueuedSynchronizer$ConditionObject.await(AbstractQueuedSynchronizer.java:2039)&#10;        at java.util.concurrent.ArrayBlockingQueue.take(ArrayBlockingQueue.java:403)&#10;        at java.util.concurrent.ThreadPoolExecutor.getTask(ThreadPoolExecutor.java:1074)&#10;        at java.util.concurrent.ThreadPoolExecutor.runWorker(ThreadPoolExecutor.java:1134)&#10;        at java.util.concurrent.ThreadPoolExecutor$Worker.run(ThreadPoolExecutor.java:624)&#10;        at java.lang.Thread.run(Thread.java:748)&#10;&quot;Command processor thread&quot; daemon prio=5 tid=1601 timed_waiting&#10;java.lang.Thread.State: TIMED_WAITING&#10;        at java.lang.Thread.sleep(Native Method)&#10;        at org.apache.hadoop.ozone.container.common.statemachine.DatanodeStateMachine.lambda$initCommandHandlerThread$1(DatanodeStateMachine.java:439)&#10;        at org.apache.hadoop.ozone.container.common.statemachine.DatanodeStateMachine$$Lambda$141/1256566937.run(Unknown Source)&#10;        at java.lang.Thread.run(Thread.java:748)&#10;&quot;Datanode ReportManager Thread - 1&quot; daemon prio=5 tid=227 in Object.wait()&#10;java.lang.Thread.State: WAITING (on object monitor)&#10;        at sun.misc.Unsafe.park(Native Method)&#10;        at java.util.concurrent.locks.LockSupport.park(LockSupport.java:175)&#10;        at java.util.concurrent.locks.AbstractQueuedSynchronizer$ConditionObject.await(AbstractQueuedSynchronizer.java:2039)&#10;        at java.util.concurrent.ScheduledThreadPoolExecutor$DelayedWorkQueue.take(ScheduledThreadPoolExecutor.java:1088)&#10;        at java.util.concurrent.ScheduledThreadPoolExecutor$DelayedWorkQueue.take(ScheduledThreadPoolExecutor.java:809)&#10;        at java.util.concurrent.ThreadPoolExecutor.getTask(ThreadPoolExecutor.java:1074)&#10;        at java.util.concurrent.ThreadPoolExecutor.runWorker(ThreadPoolExecutor.java:1134)&#10;        at java.util.concurrent.ThreadPoolExecutor$Worker.run(ThreadPoolExecutor.java:624)&#10;        at java.lang.Thread.run(Thread.java:748)&#10;&quot;pool-148-thread-6&quot;  prio=5 tid=1752 in Object.wait()&#10;java.lang.Thread.State: WAITING (on object monitor)&#10;        at sun.misc.Unsafe.park(Native Method)&#10;        at java.util.concurrent.locks.LockSupport.park(LockSupport.java:175)&#10;        at java.util.concurrent.locks.AbstractQueuedSynchronizer$ConditionObject.await(AbstractQueuedSynchronizer.java:2039)&#10;        at java.util.concurrent.ArrayBlockingQueue.take(ArrayBlockingQueue.java:403)&#10;        at java.util.concurrent.ThreadPoolExecutor.getTask(ThreadPoolExecutor.java:1074)&#10;        at java.util.concurrent.ThreadPoolExecutor.runWorker(ThreadPoolExecutor.java:1134)&#10;        at java.util.concurrent.ThreadPoolExecutor$Worker.run(ThreadPoolExecutor.java:624)&#10;        at java.lang.Thread.run(Thread.java:748)&#10;&quot;metrics-hadoop-metrics2-reporter-114-thread-1&quot; daemon prio=5 tid=1932 timed_waiting&#10;java.lang.Thread.State: TIMED_WAITING&#10;        at sun.misc.Unsafe.park(Native Method)&#10;        at java.util.concurrent.locks.LockSupport.parkNanos(LockSupport.java:215)&#10;        at java.util.concurrent.locks.AbstractQueuedSynchronizer$ConditionObject.awaitNanos(AbstractQueuedSynchronizer.java:2078)&#10;        at java.util.concurrent.ScheduledThreadPoolExecutor$DelayedWorkQueue.take(ScheduledThreadPoolExecutor.java:1093)&#10;        at java.util.concurrent.ScheduledThreadPoolExecutor$DelayedWorkQueue.take(ScheduledThreadPoolExecutor.java:809)&#10;        at java.util.concurrent.ThreadPoolExecutor.getTask(ThreadPoolExecutor.java:1074)&#10;        at java.util.concurrent.ThreadPoolExecutor.runWorker(ThreadPoolExecutor.java:1134)&#10;        at java.util.concurrent.ThreadPoolExecutor$Worker.run(ThreadPoolExecutor.java:624)&#10;        at java.lang.Thread.run(Thread.java:748)&#10;&quot;pool-158-thread-35&quot;  prio=5 tid=1859 in Object.wait()&#10;java.lang.Thread.State: WAITING (on object monitor)&#10;        at sun.misc.Unsafe.park(Native Method)&#10;        at java.util.concurrent.locks.LockSupport.park(LockSupport.java:175)&#10;        at java.util.concurrent.locks.AbstractQueuedSynchronizer$ConditionObject.await(AbstractQueuedSynchronizer.java:2039)&#10;        at java.util.concurrent.ArrayBlockingQueue.take(ArrayBlockingQueue.java:403)&#10;        at java.util.concurrent.ThreadPoolExecutor.getTask(ThreadPoolExecutor.java:1074)&#10;        at java.util.concurrent.ThreadPoolExecutor.runWorker(ThreadPoolExecutor.java:1134)&#10;        at java.util.concurrent.ThreadPoolExecutor$Worker.run(ThreadPoolExecutor.java:624)&#10;        at java.lang.Thread.run(Thread.java:748)&#10;&quot;pool-158-thread-28&quot;  prio=5 tid=1852 in Object.wait()&#10;java.lang.Thread.State: WAITING (on object monitor)&#10;        at sun.misc.Unsafe.park(Native Method)&#10;        at java.util.concurrent.locks.LockSupport.park(LockSupport.java:175)&#10;        at java.util.concurrent.locks.AbstractQueuedSynchronizer$ConditionObject.await(AbstractQueuedSynchronizer.java:2039)&#10;        at java.util.concurrent.ArrayBlockingQueue.take(ArrayBlockingQueue.java:403)&#10;        at java.util.concurrent.ThreadPoolExecutor.getTask(ThreadPoolExecutor.java:1074)&#10;        at java.util.concurrent.ThreadPoolExecutor.runWorker(ThreadPoolExecutor.java:1134)&#10;        at java.util.concurrent.ThreadPoolExecutor$Worker.run(ThreadPoolExecutor.java:624)&#10;        at java.lang.Thread.run(Thread.java:748)&#10;&quot;org.eclipse.jetty.server.session.HashSessionManager@689977e4Timer&quot; daemon prio=5 tid=1161 timed_waiting&#10;java.lang.Thread.State: TIMED_WAITING&#10;        at sun.misc.Unsafe.park(Native Method)&#10;        at java.util.concurrent.locks.LockSupport.parkNanos(LockSupport.java:215)&#10;        at java.util.concurrent.locks.AbstractQueuedSynchronizer$ConditionObject.awaitNanos(AbstractQueuedSynchronizer.java:2078)&#10;        at java.util.concurrent.ScheduledThreadPoolExecutor$DelayedWorkQueue.take(ScheduledThreadPoolExecutor.java:1093)&#10;        at java.util.concurrent.ScheduledThreadPoolExecutor$DelayedWorkQueue.take(ScheduledThreadPoolExecutor.java:809)&#10;        at java.util.concurrent.ThreadPoolExecutor.getTask(ThreadPoolExecutor.java:1074)&#10;        at java.util.concurrent.ThreadPoolExecutor.runWorker(ThreadPoolExecutor.java:1134)&#10;        at java.util.concurrent.ThreadPoolExecutor$Worker.run(ThreadPoolExecutor.java:624)&#10;        at java.lang.Thread.run(Thread.java:748)&#10;&quot;metrics-hadoop-metrics2-reporter-79-thread-1&quot; daemon prio=5 tid=1048 timed_waiting&#10;java.lang.Thread.State: TIMED_WAITING&#10;        at sun.misc.Unsafe.park(Native Method)&#10;        at java.util.concurrent.locks.LockSupport.parkNanos(LockSupport.java:215)&#10;        at java.util.concurrent.locks.AbstractQueuedSynchronizer$ConditionObject.awaitNanos(AbstractQueuedSynchronizer.java:2078)&#10;        at java.util.concurrent.ScheduledThreadPoolExecutor$DelayedWorkQueue.take(ScheduledThreadPoolExecutor.java:1093)&#10;        at java.util.concurrent.ScheduledThreadPoolExecutor$DelayedWorkQueue.take(ScheduledThreadPoolExecutor.java:809)&#10;        at java.util.concurrent.ThreadPoolExecutor.getTask(ThreadPoolExecutor.java:1074)&#10;        at java.util.concurrent.ThreadPoolExecutor.runWorker(ThreadPoolExecutor.java:1134)&#10;        at java.util.concurrent.ThreadPoolExecutor$Worker.run(ThreadPoolExecutor.java:624)&#10;        at java.lang.Thread.run(Thread.java:748)&#10;&quot;pool-158-thread-36&quot;  prio=5 tid=1860 in Object.wait()&#10;java.lang.Thread.State: WAITING (on object monitor)&#10;        at sun.misc.Unsafe.park(Native Method)&#10;        at java.util.concurrent.locks.LockSupport.park(LockSupport.java:175)&#10;        at java.util.concurrent.locks.AbstractQueuedSynchronizer$ConditionObject.await(AbstractQueuedSynchronizer.java:2039)&#10;        at java.util.concurrent.ArrayBlockingQueue.take(ArrayBlockingQueue.java:403)&#10;        at java.util.concurrent.ThreadPoolExecutor.getTask(ThreadPoolExecutor.java:1074)&#10;        at java.util.concurrent.ThreadPoolExecutor.runWorker(ThreadPoolExecutor.java:1134)&#10;        at java.util.concurrent.ThreadPoolExecutor$Worker.run(ThreadPoolExecutor.java:624)&#10;        at java.lang.Thread.run(Thread.java:748)&#10;&quot;pool-148-thread-56&quot;  prio=5 tid=1803 in Object.wait()&#10;java.lang.Thread.State: WAITING (on object monitor)&#10;        at sun.misc.Unsafe.park(Native Method)&#10;        at java.util.concurrent.locks.LockSupport.park(LockSupport.java:175)&#10;        at java.util.concurrent.locks.AbstractQueuedSynchronizer$ConditionObject.await(AbstractQueuedSynchronizer.java:2039)&#10;        at java.util.concurrent.ArrayBlockingQueue.take(ArrayBlockingQueue.java:403)&#10;        at java.util.concurrent.ThreadPoolExecutor.getTask(ThreadPoolExecutor.java:1074)&#10;        at java.util.concurrent.ThreadPoolExecutor.runWorker(ThreadPoolExecutor.java:1134)&#10;        at java.util.concurrent.ThreadPoolExecutor$Worker.run(ThreadPoolExecutor.java:624)&#10;        at java.lang.Thread.run(Thread.java:748)&#10;&quot;pool-148-thread-20&quot;  prio=5 tid=1767 in Object.wait()&#10;java.lang.Thread.State: WAITING (on object monitor)&#10;        at sun.misc.Unsafe.park(Native Method)&#10;        at java.util.concurrent.locks.LockSupport.park(LockSupport.java:175)&#10;        at java.util.concurrent.locks.AbstractQueuedSynchronizer$ConditionObject.await(AbstractQueuedSynchronizer.java:2039)&#10;        at java.util.concurrent.ArrayBlockingQueue.take(ArrayBlockingQueue.java:403)&#10;        at java.util.concurrent.ThreadPoolExecutor.getTask(ThreadPoolExecutor.java:1074)&#10;        at java.util.concurrent.ThreadPoolExecutor.runWorker(ThreadPoolExecutor.java:1134)&#10;        at java.util.concurrent.ThreadPoolExecutor$Worker.run(ThreadPoolExecutor.java:624)&#10;        at java.lang.Thread.run(Thread.java:748)&#10;&quot;metrics-hadoop-metrics2-reporter-60-thread-1&quot; daemon prio=5 tid=957 timed_waiting&#10;java.lang.Thread.State: TIMED_WAITING&#10;        at sun.misc.Unsafe.park(Native Method)&#10;        at java.util.concurrent.locks.LockSupport.parkNanos(LockSupport.java:215)&#10;        at java.util.concurrent.locks.AbstractQueuedSynchronizer$ConditionObject.awaitNanos(AbstractQueuedSynchronizer.java:2078)&#10;        at java.util.concurrent.ScheduledThreadPoolExecutor$DelayedWorkQueue.take(ScheduledThreadPoolExecutor.java:1093)&#10;        at java.util.concurrent.ScheduledThreadPoolExecutor$DelayedWorkQueue.take(ScheduledThreadPoolExecutor.java:809)&#10;        at java.util.concurrent.ThreadPoolExecutor.getTask(ThreadPoolExecutor.java:1074)&#10;        at java.util.concurrent.ThreadPoolExecutor.runWorker(ThreadPoolExecutor.java:1134)&#10;        at java.util.concurrent.ThreadPoolExecutor$Worker.run(ThreadPoolExecutor.java:624)&#10;        at java.lang.Thread.run(Thread.java:748)&#10;&quot;metrics-hadoop-metrics2-reporter-18-thread-1&quot; daemon prio=5 tid=744 timed_waiting&#10;java.lang.Thread.State: TIMED_WAITING&#10;        at sun.misc.Unsafe.park(Native Method)&#10;        at java.util.concurrent.locks.LockSupport.parkNanos(LockSupport.java:215)&#10;        at java.util.concurrent.locks.AbstractQueuedSynchronizer$ConditionObject.awaitNanos(AbstractQueuedSynchronizer.java:2078)&#10;        at java.util.concurrent.ScheduledThreadPoolExecutor$DelayedWorkQueue.take(ScheduledThreadPoolExecutor.java:1093)&#10;        at java.util.concurrent.ScheduledThreadPoolExecutor$DelayedWorkQueue.take(ScheduledThreadPoolExecutor.java:809)&#10;        at java.util.concurrent.ThreadPoolExecutor.getTask(ThreadPoolExecutor.java:1074)&#10;        at java.util.concurrent.ThreadPoolExecutor.runWorker(ThreadPoolExecutor.java:1134)&#10;        at java.util.concurrent.ThreadPoolExecutor$Worker.run(ThreadPoolExecutor.java:624)&#10;        at java.lang.Thread.run(Thread.java:748)&#10;&quot;metrics-hadoop-metrics2-reporter-80-thread-1&quot; daemon prio=5 tid=1050 timed_waiting&#10;java.lang.Thread.State: TIMED_WAITING&#10;        at sun.misc.Unsafe.park(Native Method)&#10;        at java.util.concurrent.locks.LockSupport.parkNanos(LockSupport.java:215)&#10;        at java.util.concurrent.locks.AbstractQueuedSynchronizer$ConditionObject.awaitNanos(AbstractQueuedSynchronizer.java:2078)&#10;        at java.util.concurrent.ScheduledThreadPoolExecutor$DelayedWorkQueue.take(ScheduledThreadPoolExecutor.java:1093)&#10;        at java.util.concurrent.ScheduledThreadPoolExecutor$DelayedWorkQueue.take(ScheduledThreadPoolExecutor.java:809)&#10;        at java.util.concurrent.ThreadPoolExecutor.getTask(ThreadPoolExecutor.java:1074)&#10;        at java.util.concurrent.ThreadPoolExecutor.runWorker(ThreadPoolExecutor.java:1134)&#10;        at java.util.concurrent.ThreadPoolExecutor$Worker.run(ThreadPoolExecutor.java:624)&#10;        at java.lang.Thread.run(Thread.java:748)&#10;&quot;pool-156-thread-1&quot; daemon prio=5 tid=1641 timed_waiting&#10;java.lang.Thread.State: TIMED_WAITING&#10;        at sun.misc.Unsafe.park(Native Method)&#10;        at java.util.concurrent.locks.LockSupport.parkNanos(LockSupport.java:215)&#10;        at java.util.concurrent.locks.AbstractQueuedSynchronizer$ConditionObject.awaitNanos(AbstractQueuedSynchronizer.java:2078)&#10;        at java.util.concurrent.ScheduledThreadPoolExecutor$DelayedWorkQueue.take(ScheduledThreadPoolExecutor.java:1093)&#10;        at java.util.concurrent.ScheduledThreadPoolExecutor$DelayedWorkQueue.take(ScheduledThreadPoolExecutor.java:809)&#10;        at java.util.concurrent.ThreadPoolExecutor.getTask(ThreadPoolExecutor.java:1074)&#10;        at java.util.concurrent.ThreadPoolExecutor.runWorker(ThreadPoolExecutor.java:1134)&#10;        at java.util.concurrent.ThreadPoolExecutor$Worker.run(ThreadPoolExecutor.java:624)&#10;        at java.lang.Thread.run(Thread.java:748)&#10;&quot;org.eclipse.jetty.server.session.HashSessionManager@4f21e818Timer&quot; daemon prio=5 tid=1622 timed_waiting&#10;java.lang.Thread.State: TIMED_WAITING&#10;        at sun.misc.Unsafe.park(Native Method)&#10;        at java.util.concurrent.locks.LockSupport.parkNanos(LockSupport.java:215)&#10;        at java.util.concurrent.locks.AbstractQueuedSynchronizer$ConditionObject.awaitNanos(AbstractQueuedSynchronizer.java:2078)&#10;        at java.util.concurrent.ScheduledThreadPoolExecutor$DelayedWorkQueue.take(ScheduledThreadPoolExecutor.java:1093)&#10;        at java.util.concurrent.ScheduledThreadPoolExecutor$DelayedWorkQueue.take(ScheduledThreadPoolExecutor.java:809)&#10;        at java.util.concurrent.ThreadPoolExecutor.getTask(ThreadPoolExecutor.java:1074)&#10;        at java.util.concurrent.ThreadPoolExecutor.runWorker(ThreadPoolExecutor.java:1134)&#10;        at java.util.concurrent.ThreadPoolExecutor$Worker.run(ThreadPoolExecutor.java:624)&#10;        at java.lang.Thread.run(Thread.java:748)&#10;&quot;metrics-hadoop-metrics2-reporter-44-thread-1&quot; daemon prio=5 tid=837 timed_waiting&#10;java.lang.Thread.State: TIMED_WAITING&#10;        at sun.misc.Unsafe.park(Native Method)&#10;        at java.util.concurrent.locks.LockSupport.parkNanos(LockSupport.java:215)&#10;        at java.util.concurrent.locks.AbstractQueuedSynchronizer$ConditionObject.awaitNanos(AbstractQueuedSynchronizer.java:2078)&#10;        at java.util.concurrent.ScheduledThreadPoolExecutor$DelayedWorkQueue.take(ScheduledThreadPoolExecutor.java:1093)&#10;        at java.util.concurrent.ScheduledThreadPoolExecutor$DelayedWorkQueue.take(ScheduledThreadPoolExecutor.java:809)&#10;        at java.util.concurrent.ThreadPoolExecutor.getTask(ThreadPoolExecutor.java:1074)&#10;        at java.util.concurrent.ThreadPoolExecutor.runWorker(ThreadPoolExecutor.java:1134)&#10;        at java.util.concurrent.ThreadPoolExecutor$Worker.run(ThreadPoolExecutor.java:624)&#10;        at java.lang.Thread.run(Thread.java:748)&#10;&quot;grpc-default-executor-3&quot; daemon prio=5 tid=1957 timed_waiting&#10;java.lang.Thread.State: TIMED_WAITING&#10;        at sun.misc.Unsafe.park(Native Method)&#10;        at java.util.concurrent.locks.LockSupport.parkNanos(LockSupport.java:215)&#10;        at java.util.concurrent.SynchronousQueue$TransferStack.awaitFulfill(SynchronousQueue.java:460)&#10;        at java.util.concurrent.SynchronousQueue$TransferStack.transfer(SynchronousQueue.java:362)&#10;        at java.util.concurrent.SynchronousQueue.poll(SynchronousQueue.java:941)&#10;        at java.util.concurrent.ThreadPoolExecutor.getTask(ThreadPoolExecutor.java:1073)&#10;        at java.util.concurrent.ThreadPoolExecutor.runWorker(ThreadPoolExecutor.java:1134)&#10;        at java.util.concurrent.ThreadPoolExecutor$Worker.run(ThreadPoolExecutor.java:624)&#10;        at java.lang.Thread.run(Thread.java:748)&#10;&quot;IPC Server handler 11 on 46609&quot; daemon prio=5 tid=1102 timed_waiting&#10;java.lang.Thread.State: TIMED_WAITING&#10;        at sun.misc.Unsafe.park(Native Method)&#10;        at java.util.concurrent.locks.LockSupport.parkNanos(LockSupport.java:215)&#10;        at java.util.concurrent.locks.AbstractQueuedSynchronizer$ConditionObject.awaitNanos(AbstractQueuedSynchronizer.java:2078)&#10;        at java.util.concurrent.LinkedBlockingQueue.poll(LinkedBlockingQueue.java:467)&#10;        at org.apache.hadoop.ipc.CallQueueManager.take(CallQueueManager.java:288)&#10;        at org.apache.hadoop.ipc.Server$Handler.run(Server.java:2668)&#10;&quot;metrics-hadoop-metrics2-reporter-75-thread-1&quot; daemon prio=5 tid=1025 timed_waiting&#10;java.lang.Thread.State: TIMED_WAITING&#10;        at sun.misc.Unsafe.park(Native Method)&#10;        at java.util.concurrent.locks.LockSupport.parkNanos(LockSupport.java:215)&#10;        at java.util.concurrent.locks.AbstractQueuedSynchronizer$ConditionObject.awaitNanos(AbstractQueuedSynchronizer.java:2078)&#10;        at java.util.concurrent.ScheduledThreadPoolExecutor$DelayedWorkQueue.take(ScheduledThreadPoolExecutor.java:1093)&#10;        at java.util.concurrent.ScheduledThreadPoolExecutor$DelayedWorkQueue.take(ScheduledThreadPoolExecutor.java:809)&#10;        at java.util.concurrent.ThreadPoolExecutor.getTask(ThreadPoolExecutor.java:1074)&#10;        at java.util.concurrent.ThreadPoolExecutor.runWorker(ThreadPoolExecutor.java:1134)&#10;        at java.util.concurrent.ThreadPoolExecutor$Worker.run(ThreadPoolExecutor.java:624)&#10;        at java.lang.Thread.run(Thread.java:748)&#10;&quot;IPC Server idle connection scanner for port 45184&quot; daemon prio=5 tid=1169 timed_waiting&#10;java.lang.Thread.State: TIMED_WAITING&#10;        at java.lang.Object.wait(Native Method)&#10;        at java.util.TimerThread.mainLoop(Timer.java:552)&#10;        at java.util.TimerThread.run(Timer.java:505)&#10;&quot;grpc-default-worker-ELG-7-4&quot; daemon prio=5 tid=1746 runnable&#10;java.lang.Thread.State: RUNNABLE&#10;        at sun.nio.ch.EPollArrayWrapper.epollWait(Native Method)&#10;        at sun.nio.ch.EPollArrayWrapper.poll(EPollArrayWrapper.java:269)&#10;        at sun.nio.ch.EPollSelectorImpl.doSelect(EPollSelectorImpl.java:93)&#10;        at sun.nio.ch.SelectorImpl.lockAndDoSelect(SelectorImpl.java:86)&#10;        at sun.nio.ch.SelectorImpl.select(SelectorImpl.java:97)&#10;        at org.apache.ratis.thirdparty.io.netty.channel.nio.SelectedSelectionKeySetSelector.select(SelectedSelectionKeySetSelector.java:62)&#10;        at org.apache.ratis.thirdparty.io.netty.channel.nio.NioEventLoop.select(NioEventLoop.java:753)&#10;        at org.apache.ratis.thirdparty.io.netty.channel.nio.NioEventLoop.run(NioEventLoop.java:408)&#10;        at org.apache.ratis.thirdparty.io.netty.util.concurrent.SingleThreadEventExecutor$5.run(SingleThreadEventExecutor.java:897)&#10;        at org.apache.ratis.thirdparty.io.netty.util.concurrent.FastThreadLocalRunnable.run(FastThreadLocalRunnable.java:30)&#10;        at java.lang.Thread.run(Thread.java:748)&#10;&quot;pool-138-thread-45&quot;  prio=5 tid=1716 in Object.wait()&#10;java.lang.Thread.State: WAITING (on object monitor)&#10;        at sun.misc.Unsafe.park(Native Method)&#10;        at java.util.concurrent.locks.LockSupport.park(LockSupport.java:175)&#10;        at java.util.concurrent.locks.AbstractQueuedSynchronizer$ConditionObject.await(AbstractQueuedSynchronizer.java:2039)&#10;        at java.util.concurrent.ArrayBlockingQueue.take(ArrayBlockingQueue.java:403)&#10;        at java.util.concurrent.ThreadPoolExecutor.getTask(ThreadPoolExecutor.java:1074)&#10;        at java.util.concurrent.ThreadPoolExecutor.runWorker(ThreadPoolExecutor.java:1134)&#10;        at java.util.concurrent.ThreadPoolExecutor$Worker.run(ThreadPoolExecutor.java:624)&#10;        at java.lang.Thread.run(Thread.java:748)&#10;&quot;pool-148-thread-35&quot;  prio=5 tid=1782 in Object.wait()&#10;java.lang.Thread.State: WAITING (on object monitor)&#10;        at sun.misc.Unsafe.park(Native Method)&#10;        at java.util.concurrent.locks.LockSupport.park(LockSupport.java:175)&#10;        at java.util.concurrent.locks.AbstractQueuedSynchronizer$ConditionObject.await(AbstractQueuedSynchronizer.java:2039)&#10;        at java.util.concurrent.ArrayBlockingQueue.take(ArrayBlockingQueue.java:403)&#10;        at java.util.concurrent.ThreadPoolExecutor.getTask(ThreadPoolExecutor.java:1074)&#10;        at java.util.concurrent.ThreadPoolExecutor.runWorker(ThreadPoolExecutor.java:1134)&#10;        at java.util.concurrent.ThreadPoolExecutor$Worker.run(ThreadPoolExecutor.java:624)&#10;        at java.lang.Thread.run(Thread.java:748)&#10;&quot;pool-158-thread-3&quot;  prio=5 tid=1827 in Object.wait()&#10;java.lang.Thread.State: WAITING (on object monitor)&#10;        at sun.misc.Unsafe.park(Native Method)&#10;        at java.util.concurrent.locks.LockSupport.park(LockSupport.java:175)&#10;        at java.util.concurrent.locks.AbstractQueuedSynchronizer$ConditionObject.await(AbstractQueuedSynchronizer.java:2039)&#10;        at java.util.concurrent.ArrayBlockingQueue.take(ArrayBlockingQueue.java:403)&#10;        at java.util.concurrent.ThreadPoolExecutor.getTask(ThreadPoolExecutor.java:1074)&#10;        at java.util.concurrent.ThreadPoolExecutor.runWorker(ThreadPoolExecutor.java:1134)&#10;        at java.util.concurrent.ThreadPoolExecutor$Worker.run(ThreadPoolExecutor.java:624)&#10;        at java.lang.Thread.run(Thread.java:748)&#10;&quot;pool-138-thread-25&quot;  prio=5 tid=1696 in Object.wait()&#10;java.lang.Thread.State: WAITING (on object monitor)&#10;        at sun.misc.Unsafe.park(Native Method)&#10;        at java.util.concurrent.locks.LockSupport.park(LockSupport.java:175)&#10;        at java.util.concurrent.locks.AbstractQueuedSynchronizer$ConditionObject.await(AbstractQueuedSynchronizer.java:2039)&#10;        at java.util.concurrent.ArrayBlockingQueue.take(ArrayBlockingQueue.java:403)&#10;        at java.util.concurrent.ThreadPoolExecutor.getTask(ThreadPoolExecutor.java:1074)&#10;        at java.util.concurrent.ThreadPoolExecutor.runWorker(ThreadPoolExecutor.java:1134)&#10;        at java.util.concurrent.ThreadPoolExecutor$Worker.run(ThreadPoolExecutor.java:624)&#10;        at java.lang.Thread.run(Thread.java:748)&#10;&quot;pool-138-thread-18&quot;  prio=5 tid=1689 in Object.wait()&#10;java.lang.Thread.State: WAITING (on object monitor)&#10;        at sun.misc.Unsafe.park(Native Method)&#10;        at java.util.concurrent.locks.LockSupport.park(LockSupport.java:175)&#10;        at java.util.concurrent.locks.AbstractQueuedSynchronizer$ConditionObject.await(AbstractQueuedSynchronizer.java:2039)&#10;        at java.util.concurrent.ArrayBlockingQueue.take(ArrayBlockingQueue.java:403)&#10;        at java.util.concurrent.ThreadPoolExecutor.getTask(ThreadPoolExecutor.java:1074)&#10;        at java.util.concurrent.ThreadPoolExecutor.runWorker(ThreadPoolExecutor.java:1134)&#10;        at java.util.concurrent.ThreadPoolExecutor$Worker.run(ThreadPoolExecutor.java:624)&#10;        at java.lang.Thread.run(Thread.java:748)&#10;&quot;grpc-default-boss-ELG-6-1&quot; daemon prio=5 tid=1735 runnable&#10;java.lang.Thread.State: RUNNABLE&#10;        at sun.nio.ch.EPollArrayWrapper.epollWait(Native Method)&#10;        at sun.nio.ch.EPollArrayWrapper.poll(EPollArrayWrapper.java:269)&#10;        at sun.nio.ch.EPollSelectorImpl.doSelect(EPollSelectorImpl.java:93)&#10;        at sun.nio.ch.SelectorImpl.lockAndDoSelect(SelectorImpl.java:86)&#10;        at sun.nio.ch.SelectorImpl.select(SelectorImpl.java:97)&#10;        at org.apache.ratis.thirdparty.io.netty.channel.nio.SelectedSelectionKeySetSelector.select(SelectedSelectionKeySetSelector.java:62)&#10;        at org.apache.ratis.thirdparty.io.netty.channel.nio.NioEventLoop.select(NioEventLoop.java:753)&#10;        at org.apache.ratis.thirdparty.io.netty.channel.nio.NioEventLoop.run(NioEventLoop.java:408)&#10;        at org.apache.ratis.thirdparty.io.netty.util.concurrent.SingleThreadEventExecutor$5.run(SingleThreadEventExecutor.java:897)&#10;        at org.apache.ratis.thirdparty.io.netty.util.concurrent.FastThreadLocalRunnable.run(FastThreadLocalRunnable.java:30)&#10;        at java.lang.Thread.run(Thread.java:748)&#10;&quot;pool-138-thread-54&quot;  prio=5 tid=1725 in Object.wait()&#10;java.lang.Thread.State: WAITING (on object monitor)&#10;        at sun.misc.Unsafe.park(Native Method)&#10;        at java.util.concurrent.locks.LockSupport.park(LockSupport.java:175)&#10;        at java.util.concurrent.locks.AbstractQueuedSynchronizer$ConditionObject.await(AbstractQueuedSynchronizer.java:2039)&#10;        at java.util.concurrent.ArrayBlockingQueue.take(ArrayBlockingQueue.java:403)&#10;        at java.util.concurrent.ThreadPoolExecutor.getTask(ThreadPoolExecutor.java:1074)&#10;        at java.util.concurrent.ThreadPoolExecutor.runWorker(ThreadPoolExecutor.java:1134)&#10;        at java.util.concurrent.ThreadPoolExecutor$Worker.run(ThreadPoolExecutor.java:624)&#10;        at java.lang.Thread.run(Thread.java:748)&#10;&quot;Datanode ReportManager Thread - 3&quot; daemon prio=5 tid=1600 in Object.wait()&#10;java.lang.Thread.State: WAITING (on object monitor)&#10;        at sun.misc.Unsafe.park(Native Method)&#10;        at java.util.concurrent.locks.LockSupport.park(LockSupport.java:175)&#10;        at java.util.concurrent.locks.AbstractQueuedSynchronizer$ConditionObject.await(AbstractQueuedSynchronizer.java:2039)&#10;        at java.util.concurrent.ScheduledThreadPoolExecutor$DelayedWorkQueue.take(ScheduledThreadPoolExecutor.java:1088)&#10;        at java.util.concurrent.ScheduledThreadPoolExecutor$DelayedWorkQueue.take(ScheduledThreadPoolExecutor.java:809)&#10;        at java.util.concurrent.ThreadPoolExecutor.getTask(ThreadPoolExecutor.java:1074)&#10;        at java.util.concurrent.ThreadPoolExecutor.runWorker(ThreadPoolExecutor.java:1134)&#10;        at java.util.concurrent.ThreadPoolExecutor$Worker.run(ThreadPoolExecutor.java:624)&#10;        at java.lang.Thread.run(Thread.java:748)&#10;&quot;46069bd9-45fc-4c82-823c-36f07a1bcff0@group-28ACFA97060E-StateMachineUpdater&quot; daemon prio=5 tid=1939 in Object.wait()&#10;java.lang.Thread.State: WAITING (on object monitor)&#10;        at java.lang.Object.wait(Native Method)&#10;        at java.lang.Object.wait(Object.java:502)&#10;        at org.apache.ratis.server.impl.StateMachineUpdater.waitForCommit(StateMachineUpdater.java:194)&#10;        at org.apache.ratis.server.impl.StateMachineUpdater.run(StateMachineUpdater.java:159)&#10;        at java.lang.Thread.run(Thread.java:748)&#10;&quot;Datanode ReportManager Thread - 0&quot; daemon prio=5 tid=172 in Object.wait()&#10;java.lang.Thread.State: WAITING (on object monitor)&#10;        at sun.misc.Unsafe.park(Native Method)&#10;        at java.util.concurrent.locks.LockSupport.park(LockSupport.java:175)&#10;        at java.util.concurrent.locks.AbstractQueuedSynchronizer$ConditionObject.await(AbstractQueuedSynchronizer.java:2039)&#10;        at java.util.concurrent.ScheduledThreadPoolExecutor$DelayedWorkQueue.take(ScheduledThreadPoolExecutor.java:1088)&#10;        at java.util.concurrent.ScheduledThreadPoolExecutor$DelayedWorkQueue.take(ScheduledThreadPoolExecutor.java:809)&#10;        at java.util.concurrent.ThreadPoolExecutor.getTask(ThreadPoolExecutor.java:1074)&#10;        at java.util.concurrent.ThreadPoolExecutor.runWorker(ThreadPoolExecutor.java:1134)&#10;        at java.util.concurrent.ThreadPoolExecutor$Worker.run(ThreadPoolExecutor.java:624)&#10;        at java.lang.Thread.run(Thread.java:748)&#10;&quot;IPC Server handler 2 on 46609&quot; daemon prio=5 tid=1093 timed_waiting&#10;java.lang.Thread.State: TIMED_WAITING&#10;        at sun.misc.Unsafe.park(Native Method)&#10;        at java.util.concurrent.locks.LockSupport.parkNanos(LockSupport.java:215)&#10;        at java.util.concurrent.locks.AbstractQueuedSynchronizer$ConditionObject.awaitNanos(AbstractQueuedSynchronizer.java:2078)&#10;        at java.util.concurrent.LinkedBlockingQueue.poll(LinkedBlockingQueue.java:467)&#10;        at org.apache.hadoop.ipc.CallQueueManager.take(CallQueueManager.java:288)&#10;        at org.apache.hadoop.ipc.Server$Handler.run(Server.java:2668)&#10;&quot;SCM Heartbeat Processing Thread - 0&quot; daemon prio=5 tid=1075 timed_waiting&#10;java.lang.Thread.State: TIMED_WAITING&#10;        at sun.misc.Unsafe.park(Native Method)&#10;        at java.util.concurrent.locks.LockSupport.parkNanos(LockSupport.java:215)&#10;        at java.util.concurrent.locks.AbstractQueuedSynchronizer$ConditionObject.awaitNanos(AbstractQueuedSynchronizer.java:2078)&#10;        at java.util.concurrent.ScheduledThreadPoolExecutor$DelayedWorkQueue.take(ScheduledThreadPoolExecutor.java:1093)&#10;        at java.util.concurrent.ScheduledThreadPoolExecutor$DelayedWorkQueue.take(ScheduledThreadPoolExecutor.java:809)&#10;        at java.util.concurrent.ThreadPoolExecutor.getTask(ThreadPoolExecutor.java:1074)&#10;        at java.util.concurrent.ThreadPoolExecutor.runWorker(ThreadPoolExecutor.java:1134)&#10;        at java.util.concurrent.ThreadPoolExecutor$Worker.run(ThreadPoolExecutor.java:624)&#10;        at java.lang.Thread.run(Thread.java:748)&#10;&quot;pool-158-thread-4&quot;  prio=5 tid=1828 in Object.wait()&#10;java.lang.Thread.State: WAITING (on object monitor)&#10;        at sun.misc.Unsafe.park(Native Method)&#10;        at java.util.concurrent.locks.LockSupport.park(LockSupport.java:175)&#10;        at java.util.concurrent.locks.AbstractQueuedSynchronizer$ConditionObject.await(AbstractQueuedSynchronizer.java:2039)&#10;        at java.util.concurrent.ArrayBlockingQueue.take(ArrayBlockingQueue.java:403)&#10;        at java.util.concurrent.ThreadPoolExecutor.getTask(ThreadPoolExecutor.java:1074)&#10;        at java.util.concurrent.ThreadPoolExecutor.runWorker(ThreadPoolExecutor.java:1134)&#10;        at java.util.concurrent.ThreadPoolExecutor$Worker.run(ThreadPoolExecutor.java:624)&#10;        at java.lang.Thread.run(Thread.java:748)&#10;&quot;metrics-hadoop-metrics2-reporter-40-thread-1&quot; daemon prio=5 tid=809 timed_waiting&#10;java.lang.Thread.State: TIMED_WAITING&#10;        at sun.misc.Unsafe.park(Native Method)&#10;        at java.util.concurrent.locks.LockSupport.parkNanos(LockSupport.java:215)&#10;        at java.util.concurrent.locks.AbstractQueuedSynchronizer$ConditionObject.awaitNanos(AbstractQueuedSynchronizer.java:2078)&#10;        at java.util.concurrent.ScheduledThreadPoolExecutor$DelayedWorkQueue.take(ScheduledThreadPoolExecutor.java:1093)&#10;        at java.util.concurrent.ScheduledThreadPoolExecutor$DelayedWorkQueue.take(ScheduledThreadPoolExecutor.java:809)&#10;        at java.util.concurrent.ThreadPoolExecutor.getTask(ThreadPoolExecutor.java:1074)&#10;        at java.util.concurrent.ThreadPoolExecutor.runWorker(ThreadPoolExecutor.java:1134)&#10;        at java.util.concurrent.ThreadPoolExecutor$Worker.run(ThreadPoolExecutor.java:624)&#10;        at java.lang.Thread.run(Thread.java:748)&#10;&quot;pool-138-thread-11&quot;  prio=5 tid=1682 in Object.wait()&#10;java.lang.Thread.State: WAITING (on object monitor)&#10;        at sun.misc.Unsafe.park(Native Method)&#10;        at java.util.concurrent.locks.LockSupport.park(LockSupport.java:175)&#10;        at java.util.concurrent.locks.AbstractQueuedSynchronizer$ConditionObject.await(AbstractQueuedSynchronizer.java:2039)&#10;        at java.util.concurrent.ArrayBlockingQueue.take(ArrayBlockingQueue.java:403)&#10;        at java.util.concurrent.ThreadPoolExecutor.getTask(ThreadPoolExecutor.java:1074)&#10;        at java.util.concurrent.ThreadPoolExecutor.runWorker(ThreadPoolExecutor.java:1134)&#10;        at java.util.concurrent.ThreadPoolExecutor$Worker.run(ThreadPoolExecutor.java:624)&#10;        at java.lang.Thread.run(Thread.java:748)&#10;&quot;pool-148-thread-43&quot;  prio=5 tid=1790 in Object.wait()&#10;java.lang.Thread.State: WAITING (on object monitor)&#10;        at sun.misc.Unsafe.park(Native Method)&#10;        at java.util.concurrent.locks.LockSupport.park(LockSupport.java:175)&#10;        at java.util.concurrent.locks.AbstractQueuedSynchronizer$ConditionObject.await(AbstractQueuedSynchronizer.java:2039)&#10;        at java.util.concurrent.ArrayBlockingQueue.take(ArrayBlockingQueue.java:403)&#10;        at java.util.concurrent.ThreadPoolExecutor.getTask(ThreadPoolExecutor.java:1074)&#10;        at java.util.concurrent.ThreadPoolExecutor.runWorker(ThreadPoolExecutor.java:1134)&#10;        at java.util.concurrent.ThreadPoolExecutor$Worker.run(ThreadPoolExecutor.java:624)&#10;        at java.lang.Thread.run(Thread.java:748)&#10;&quot;metrics-hadoop-metrics2-reporter-113-thread-1&quot; daemon prio=5 tid=1929 timed_waiting&#10;java.lang.Thread.State: TIMED_WAITING&#10;        at sun.misc.Unsafe.park(Native Method)&#10;        at java.util.concurrent.locks.LockSupport.parkNanos(LockSupport.java:215)&#10;        at java.util.concurrent.locks.AbstractQueuedSynchronizer$ConditionObject.awaitNanos(AbstractQueuedSynchronizer.java:2078)&#10;        at java.util.concurrent.ScheduledThreadPoolExecutor$DelayedWorkQueue.take(ScheduledThreadPoolExecutor.java:1093)&#10;        at java.util.concurrent.ScheduledThreadPoolExecutor$DelayedWorkQueue.take(ScheduledThreadPoolExecutor.java:809)&#10;        at java.util.concurrent.ThreadPoolExecutor.getTask(ThreadPoolExecutor.java:1074)&#10;        at java.util.concurrent.ThreadPoolExecutor.runWorker(ThreadPoolExecutor.java:1134)&#10;        at java.util.concurrent.ThreadPoolExecutor$Worker.run(ThreadPoolExecutor.java:624)&#10;        at java.lang.Thread.run(Thread.java:748)&#10;&quot;pool-158-thread-44&quot;  prio=5 tid=1869 in Object.wait()&#10;java.lang.Thread.State: WAITING (on object monitor)&#10;        at sun.misc.Unsafe.park(Native Method)&#10;        at java.util.concurrent.locks.LockSupport.park(LockSupport.java:175)&#10;        at java.util.concurrent.locks.AbstractQueuedSynchronizer$ConditionObject.await(AbstractQueuedSynchronizer.java:2039)&#10;        at java.util.concurrent.ArrayBlockingQueue.take(ArrayBlockingQueue.java:403)&#10;        at java.util.concurrent.ThreadPoolExecutor.getTask(ThreadPoolExecutor.java:1074)&#10;        at java.util.concurrent.ThreadPoolExecutor.runWorker(ThreadPoolExecutor.java:1134)&#10;        at java.util.concurrent.ThreadPoolExecutor$Worker.run(ThreadPoolExecutor.java:624)&#10;        at java.lang.Thread.run(Thread.java:748)&#10;&quot;org.eclipse.jetty.server.session.HashSessionManager@1fa5a883Timer&quot; daemon prio=5 tid=1595 timed_waiting&#10;java.lang.Thread.State: TIMED_WAITING&#10;        at sun.misc.Unsafe.park(Native Method)&#10;        at java.util.concurrent.locks.LockSupport.parkNanos(LockSupport.java:215)&#10;        at java.util.concurrent.locks.AbstractQueuedSynchronizer$ConditionObject.awaitNanos(AbstractQueuedSynchronizer.java:2078)&#10;        at java.util.concurrent.ScheduledThreadPoolExecutor$DelayedWorkQueue.take(ScheduledThreadPoolExecutor.java:1093)&#10;        at java.util.concurrent.ScheduledThreadPoolExecutor$DelayedWorkQueue.take(ScheduledThreadPoolExecutor.java:809)&#10;        at java.util.concurrent.ThreadPoolExecutor.getTask(ThreadPoolExecutor.java:1074)&#10;        at java.util.concurrent.ThreadPoolExecutor.runWorker(ThreadPoolExecutor.java:1134)&#10;        at java.util.concurrent.ThreadPoolExecutor$Worker.run(ThreadPoolExecutor.java:624)&#10;        at java.lang.Thread.run(Thread.java:748)&#10;&quot;EventQueue-NonHealthyToHealthyNodeForNonHealthyToHealthyNodeHandler&quot; daemon prio=5 tid=1900 in Object.wait()&#10;java.lang.Thread.State: WAITING (on object monitor)&#10;        at sun.misc.Unsafe.park(Native Method)&#10;        at java.util.concurrent.locks.LockSupport.park(LockSupport.java:175)&#10;        at java.util.concurrent.locks.AbstractQueuedSynchronizer$ConditionObject.await(AbstractQueuedSynchronizer.java:2039)&#10;        at java.util.concurrent.LinkedBlockingQueue.take(LinkedBlockingQueue.java:442)&#10;        at java.util.concurrent.ThreadPoolExecutor.getTask(ThreadPoolExecutor.java:1074)&#10;        at java.util.concurrent.ThreadPoolExecutor.runWorker(ThreadPoolExecutor.java:1134)&#10;        at java.util.concurrent.ThreadPoolExecutor$Worker.run(ThreadPoolExecutor.java:624)&#10;        at java.lang.Thread.run(Thread.java:748)&#10;&quot;metrics-hadoop-metrics2-reporter-2-thread-1&quot; daemon prio=5 tid=706 timed_waiting&#10;java.lang.Thread.State: TIMED_WAITING&#10;        at sun.misc.Unsafe.park(Native Method)&#10;        at java.util.concurrent.locks.LockSupport.parkNanos(LockSupport.java:215)&#10;        at java.util.concurrent.locks.AbstractQueuedSynchronizer$ConditionObject.awaitNanos(AbstractQueuedSynchronizer.java:2078)&#10;        at java.util.concurrent.ScheduledThreadPoolExecutor$DelayedWorkQueue.take(ScheduledThreadPoolExecutor.java:1093)&#10;        at java.util.concurrent.ScheduledThreadPoolExecutor$DelayedWorkQueue.take(ScheduledThreadPoolExecutor.java:809)&#10;        at java.util.concurrent.ThreadPoolExecutor.getTask(ThreadPoolExecutor.java:1074)&#10;        at java.util.concurrent.ThreadPoolExecutor.runWorker(ThreadPoolExecutor.java:1134)&#10;        at java.util.concurrent.ThreadPoolExecutor$Worker.run(ThreadPoolExecutor.java:624)&#10;        at java.lang.Thread.run(Thread.java:748)&#10;&quot;grpc-default-worker-ELG-7-3&quot; daemon prio=5 tid=1745 runnable&#10;java.lang.Thread.State: RUNNABLE&#10;        at sun.nio.ch.EPollArrayWrapper.epollWait(Native Method)&#10;        at sun.nio.ch.EPollArrayWrapper.poll(EPollArrayWrapper.java:269)&#10;        at sun.nio.ch.EPollSelectorImpl.doSelect(EPollSelectorImpl.java:93)&#10;        at sun.nio.ch.SelectorImpl.lockAndDoSelect(SelectorImpl.java:86)&#10;        at sun.nio.ch.SelectorImpl.select(SelectorImpl.java:97)&#10;        at org.apache.ratis.thirdparty.io.netty.channel.nio.SelectedSelectionKeySetSelector.select(SelectedSelectionKeySetSelector.java:62)&#10;        at org.apache.ratis.thirdparty.io.netty.channel.nio.NioEventLoop.select(NioEventLoop.java:753)&#10;        at org.apache.ratis.thirdparty.io.netty.channel.nio.NioEventLoop.run(NioEventLoop.java:408)&#10;        at org.apache.ratis.thirdparty.io.netty.util.concurrent.SingleThreadEventExecutor$5.run(SingleThreadEventExecutor.java:897)&#10;        at org.apache.ratis.thirdparty.io.netty.util.concurrent.FastThreadLocalRunnable.run(FastThreadLocalRunnable.java:30)&#10;        at java.lang.Thread.run(Thread.java:748)&#10;&quot;IPC Server handler 7 on 38131&quot; daemon prio=5 tid=1138 timed_waiting&#10;java.lang.Thread.State: TIMED_WAITING&#10;        at sun.misc.Unsafe.park(Native Method)&#10;        at java.util.concurrent.locks.LockSupport.parkNanos(LockSupport.java:215)&#10;        at java.util.concurrent.locks.AbstractQueuedSynchronizer$ConditionObject.awaitNanos(AbstractQueuedSynchronizer.java:2078)&#10;        at java.util.concurrent.LinkedBlockingQueue.poll(LinkedBlockingQueue.java:467)&#10;        at org.apache.hadoop.ipc.CallQueueManager.take(CallQueueManager.java:288)&#10;        at org.apache.hadoop.ipc.Server$Handler.run(Server.java:2668)&#10;&quot;pool-158-thread-8&quot;  prio=5 tid=1832 in Object.wait()&#10;java.lang.Thread.State: WAITING (on object monitor)&#10;        at sun.misc.Unsafe.park(Native Method)&#10;        at java.util.concurrent.locks.LockSupport.park(LockSupport.java:175)&#10;        at java.util.concurrent.locks.AbstractQueuedSynchronizer$ConditionObject.await(AbstractQueuedSynchronizer.java:2039)&#10;        at java.util.concurrent.ArrayBlockingQueue.take(ArrayBlockingQueue.java:403)&#10;        at java.util.concurrent.ThreadPoolExecutor.getTask(ThreadPoolExecutor.java:1074)&#10;        at java.util.concurrent.ThreadPoolExecutor.runWorker(ThreadPoolExecutor.java:1134)&#10;        at java.util.concurrent.ThreadPoolExecutor$Worker.run(ThreadPoolExecutor.java:624)&#10;        at java.lang.Thread.run(Thread.java:748)&#10;&quot;pool-138-thread-27&quot;  prio=5 tid=1698 in Object.wait()&#10;java.lang.Thread.State: WAITING (on object monitor)&#10;        at sun.misc.Unsafe.park(Native Method)&#10;        at java.util.concurrent.locks.LockSupport.park(LockSupport.java:175)&#10;        at java.util.concurrent.locks.AbstractQueuedSynchronizer$ConditionObject.await(AbstractQueuedSynchronizer.java:2039)&#10;        at java.util.concurrent.ArrayBlockingQueue.take(ArrayBlockingQueue.java:403)&#10;        at java.util.concurrent.ThreadPoolExecutor.getTask(ThreadPoolExecutor.java:1074)&#10;        at java.util.concurrent.ThreadPoolExecutor.runWorker(ThreadPoolExecutor.java:1134)&#10;        at java.util.concurrent.ThreadPoolExecutor$Worker.run(ThreadPoolExecutor.java:624)&#10;        at java.lang.Thread.run(Thread.java:748)&#10;&quot;pool-138-thread-28&quot;  prio=5 tid=1699 in Object.wait()&#10;java.lang.Thread.State: WAITING (on object monitor)&#10;        at sun.misc.Unsafe.park(Native Method)&#10;        at java.util.concurrent.locks.LockSupport.park(LockSupport.java:175)&#10;        at java.util.concurrent.locks.AbstractQueuedSynchronizer$ConditionObject.await(AbstractQueuedSynchronizer.java:2039)&#10;        at java.util.concurrent.ArrayBlockingQueue.take(ArrayBlockingQueue.java:403)&#10;        at java.util.concurrent.ThreadPoolExecutor.getTask(ThreadPoolExecutor.java:1074)&#10;        at java.util.concurrent.ThreadPoolExecutor.runWorker(ThreadPoolExecutor.java:1134)&#10;        at java.util.concurrent.ThreadPoolExecutor$Worker.run(ThreadPoolExecutor.java:624)&#10;        at java.lang.Thread.run(Thread.java:748)&#10;&quot;pool-138-thread-12&quot;  prio=5 tid=1683 in Object.wait()&#10;java.lang.Thread.State: WAITING (on object monitor)&#10;        at sun.misc.Unsafe.park(Native Method)&#10;        at java.util.concurrent.locks.LockSupport.park(LockSupport.java:175)&#10;        at java.util.concurrent.locks.AbstractQueuedSynchronizer$ConditionObject.await(AbstractQueuedSynchronizer.java:2039)&#10;        at java.util.concurrent.ArrayBlockingQueue.take(ArrayBlockingQueue.java:403)&#10;        at java.util.concurrent.ThreadPoolExecutor.getTask(ThreadPoolExecutor.java:1074)&#10;        at java.util.concurrent.ThreadPoolExecutor.runWorker(ThreadPoolExecutor.java:1134)&#10;        at java.util.concurrent.ThreadPoolExecutor$Worker.run(ThreadPoolExecutor.java:624)&#10;        at java.lang.Thread.run(Thread.java:748)&#10;&quot;Datanode ReportManager Thread - 3&quot; daemon prio=5 tid=1664 in Object.wait()&#10;java.lang.Thread.State: WAITING (on object monitor)&#10;        at sun.misc.Unsafe.park(Native Method)&#10;        at java.util.concurrent.locks.LockSupport.park(LockSupport.java:175)&#10;        at java.util.concurrent.locks.AbstractQueuedSynchronizer$ConditionObject.await(AbstractQueuedSynchronizer.java:2039)&#10;        at java.util.concurrent.ScheduledThreadPoolExecutor$DelayedWorkQueue.take(ScheduledThreadPoolExecutor.java:1088)&#10;        at java.util.concurrent.ScheduledThreadPoolExecutor$DelayedWorkQueue.take(ScheduledThreadPoolExecutor.java:809)&#10;        at java.util.concurrent.ThreadPoolExecutor.getTask(ThreadPoolExecutor.java:1074)&#10;        at java.util.concurrent.ThreadPoolExecutor.runWorker(ThreadPoolExecutor.java:1134)&#10;        at java.util.concurrent.ThreadPoolExecutor$Worker.run(ThreadPoolExecutor.java:624)&#10;        at java.lang.Thread.run(Thread.java:748)&#10;&quot;Thread-477&quot;  prio=5 tid=1074 runnable&#10;java.lang.Thread.State: RUNNABLE&#10;        at java.lang.Thread.dumpThreads(Native Method)&#10;        at java.lang.Thread.getAllStackTraces(Thread.java:1610)&#10;        at org.apache.hadoop.test.TimedOutTestsListener.buildThreadDump(TimedOutTestsListener.java:87)&#10;        at org.apache.hadoop.test.TimedOutTestsListener.buildThreadDiagnosticString(TimedOutTestsListener.java:73)&#10;        at org.apache.hadoop.test.GenericTestUtils.waitFor(GenericTestUtils.java:389)&#10;        at org.apache.hadoop.hdds.scm.pipeline.TestRatisPipelineCreateAndDestroy.waitForPipelines(TestRatisPipelineCreateAndDestroy.java:126)&#10;        at org.apache.hadoop.hdds.scm.pipeline.TestRatisPipelineCreateAndDestroy.testPipelineCreationOnNodeRestart(TestRatisPipelineCreateAndDestroy.java:121)&#10;        at sun.reflect.NativeMethodAccessorImpl.invoke0(Native Method)&#10;        at sun.reflect.NativeMethodAccessorImpl.invoke(NativeMethodAccessorImpl.java:62)&#10;        at sun.reflect.DelegatingMethodAccessorImpl.invoke(DelegatingMethodAccessorImpl.java:43)&#10;        at java.lang.reflect.Method.invoke(Method.java:498)&#10;        at org.junit.runners.model.FrameworkMethod$1.runReflectiveCall(FrameworkMethod.java:47)&#10;        at org.junit.internal.runners.model.ReflectiveCallable.run(ReflectiveCallable.java:12)&#10;        at org.junit.runners.model.FrameworkMethod.invokeExplosively(FrameworkMethod.java:44)&#10;        at org.junit.internal.runners.statements.InvokeMethod.evaluate(InvokeMethod.java:17)&#10;        at org.junit.internal.runners.statements.FailOnTimeout$StatementThread.run(FailOnTimeout.java:74)&#10;&quot;metrics-hadoop-metrics2-reporter-118-thread-1&quot; daemon prio=5 tid=1943 timed_waiting&#10;java.lang.Thread.State: TIMED_WAITING&#10;        at sun.misc.Unsafe.park(Native Method)&#10;        at java.util.concurrent.locks.LockSupport.parkNanos(LockSupport.java:215)&#10;        at java.util.concurrent.locks.AbstractQueuedSynchronizer$ConditionObject.awaitNanos(AbstractQueuedSynchronizer.java:2078)&#10;        at java.util.concurrent.ScheduledThreadPoolExecutor$DelayedWorkQueue.take(ScheduledThreadPoolExecutor.java:1093)&#10;        at java.util.concurrent.ScheduledThreadPoolExecutor$DelayedWorkQueue.take(ScheduledThreadPoolExecutor.java:809)&#10;        at java.util.concurrent.ThreadPoolExecutor.getTask(ThreadPoolExecutor.java:1074)&#10;        at java.util.concurrent.ThreadPoolExecutor.runWorker(ThreadPoolExecutor.java:1134)&#10;        at java.util.concurrent.ThreadPoolExecutor$Worker.run(ThreadPoolExecutor.java:624)&#10;        at java.lang.Thread.run(Thread.java:748)&#10;&quot;EventQueue-NewNodeForNewNodeHandler&quot; daemon prio=5 tid=1475 in Object.wait()&#10;java.lang.Thread.State: WAITING (on object monitor)&#10;        at sun.misc.Unsafe.park(Native Method)&#10;        at java.util.concurrent.locks.LockSupport.park(LockSupport.java:175)&#10;        at java.util.concurrent.locks.AbstractQueuedSynchronizer$ConditionObject.await(AbstractQueuedSynchronizer.java:2039)&#10;        at java.util.concurrent.LinkedBlockingQueue.take(LinkedBlockingQueue.java:442)&#10;        at java.util.concurrent.ThreadPoolExecutor.getTask(ThreadPoolExecutor.java:1074)&#10;        at java.util.concurrent.ThreadPoolExecutor.runWorker(ThreadPoolExecutor.java:1134)&#10;        at java.util.concurrent.ThreadPoolExecutor$Worker.run(ThreadPoolExecutor.java:624)&#10;        at java.lang.Thread.run(Thread.java:748)&#10;&quot;qtp734928767-1621&quot; daemon prio=5 tid=1621 timed_waiting&#10;java.lang.Thread.State: TIMED_WAITING&#10;        at sun.misc.Unsafe.park(Native Method)&#10;        at java.util.concurrent.locks.LockSupport.parkNanos(LockSupport.java:215)&#10;        at java.util.concurrent.locks.AbstractQueuedSynchronizer$ConditionObject.awaitNanos(AbstractQueuedSynchronizer.java:2078)&#10;        at org.eclipse.jetty.util.BlockingArrayQueue.poll(BlockingArrayQueue.java:392)&#10;        at org.eclipse.jetty.util.thread.QueuedThreadPool.idleJobPoll(QueuedThreadPool.java:563)&#10;        at org.eclipse.jetty.util.thread.QueuedThreadPool.access$800(QueuedThreadPool.java:48)&#10;        at org.eclipse.jetty.util.thread.QueuedThreadPool$2.run(QueuedThreadPool.java:626)&#10;        at java.lang.Thread.run(Thread.java:748)&#10;&quot;metrics-hadoop-metrics2-reporter-56-thread-1&quot; daemon prio=5 tid=950 timed_waiting&#10;java.lang.Thread.State: TIMED_WAITING&#10;        at sun.misc.Unsafe.park(Native Method)&#10;        at java.util.concurrent.locks.LockSupport.parkNanos(LockSupport.java:215)&#10;        at java.util.concurrent.locks.AbstractQueuedSynchronizer$ConditionObject.awaitNanos(AbstractQueuedSynchronizer.java:2078)&#10;        at java.util.concurrent.ScheduledThreadPoolExecutor$DelayedWorkQueue.take(ScheduledThreadPoolExecutor.java:1093)&#10;        at java.util.concurrent.ScheduledThreadPoolExecutor$DelayedWorkQueue.take(ScheduledThreadPoolExecutor.java:809)&#10;        at java.util.concurrent.ThreadPoolExecutor.getTask(ThreadPoolExecutor.java:1074)&#10;        at java.util.concurrent.ThreadPoolExecutor.runWorker(ThreadPoolExecutor.java:1134)&#10;        at java.util.concurrent.ThreadPoolExecutor$Worker.run(ThreadPoolExecutor.java:624)&#10;        at java.lang.Thread.run(Thread.java:748)&#10;&quot;qtp734928767-1614-acceptor-0@13713c1e-ServerConnector@6d77bced{HTTP/1.1,[http/1.1]}{0.0.0.0:35026}&quot; daemon prio=3 tid=1614 runnable&#10;java.lang.Thread.State: RUNNABLE&#10;        at sun.nio.ch.ServerSocketChannelImpl.accept0(Native Method)&#10;        at sun.nio.ch.ServerSocketChannelImpl.accept(ServerSocketChannelImpl.java:422)&#10;        at sun.nio.ch.ServerSocketChannelImpl.accept(ServerSocketChannelImpl.java:250)&#10;        at org.eclipse.jetty.server.ServerConnector.accept(ServerConnector.java:397)&#10;        at org.eclipse.jetty.server.AbstractConnector$Acceptor.run(AbstractConnector.java:601)&#10;        at org.eclipse.jetty.util.thread.QueuedThreadPool.runJob(QueuedThreadPool.java:671)&#10;        at org.eclipse.jetty.util.thread.QueuedThreadPool$2.run(QueuedThreadPool.java:589)&#10;        at java.lang.Thread.run(Thread.java:748)&#10;&quot;grpc-default-executor-4&quot; daemon prio=5 tid=1973 timed_waiting&#10;java.lang.Thread.State: TIMED_WAITING&#10;        at sun.misc.Unsafe.park(Native Method)&#10;        at java.util.concurrent.locks.LockSupport.parkNanos(LockSupport.java:215)&#10;        at java.util.concurrent.SynchronousQueue$TransferStack.awaitFulfill(SynchronousQueue.java:460)&#10;        at java.util.concurrent.SynchronousQueue$TransferStack.transfer(SynchronousQueue.java:362)&#10;        at java.util.concurrent.SynchronousQueue.poll(SynchronousQueue.java:941)&#10;        at java.util.concurrent.ThreadPoolExecutor.getTask(ThreadPoolExecutor.java:1073)&#10;        at java.util.concurrent.ThreadPoolExecutor.runWorker(ThreadPoolExecutor.java:1134)&#10;        at java.util.concurrent.ThreadPoolExecutor$Worker.run(ThreadPoolExecutor.java:624)&#10;        at java.lang.Thread.run(Thread.java:748)&#10;&quot;metrics-hadoop-metrics2-reporter-121-thread-1&quot; daemon prio=5 tid=1962 timed_waiting&#10;java.lang.Thread.State: TIMED_WAITING&#10;        at sun.misc.Unsafe.park(Native Method)&#10;        at java.util.concurrent.locks.LockSupport.parkNanos(LockSupport.java:215)&#10;        at java.util.concurrent.locks.AbstractQueuedSynchronizer$ConditionObject.awaitNanos(AbstractQueuedSynchronizer.java:2078)&#10;        at java.util.concurrent.ScheduledThreadPoolExecutor$DelayedWorkQueue.take(ScheduledThreadPoolExecutor.java:1093)&#10;        at java.util.concurrent.ScheduledThreadPoolExecutor$DelayedWorkQueue.take(ScheduledThreadPoolExecutor.java:809)&#10;        at java.util.concurrent.ThreadPoolExecutor.getTask(ThreadPoolExecutor.java:1074)&#10;        at java.util.concurrent.ThreadPoolExecutor.runWorker(ThreadPoolExecutor.java:1134)&#10;        at java.util.concurrent.ThreadPoolExecutor$Worker.run(ThreadPoolExecutor.java:624)&#10;        at java.lang.Thread.run(Thread.java:748)&#10;&quot;EventQueue-PipelineReportForPipelineReportHandler&quot; daemon prio=5 tid=1480 in Object.wait()&#10;java.lang.Thread.State: WAITING (on object monitor)&#10;        at sun.misc.Unsafe.park(Native Method)&#10;        at java.util.concurrent.locks.LockSupport.park(LockSupport.java:175)&#10;        at java.util.concurrent.locks.AbstractQueuedSynchronizer$ConditionObject.await(AbstractQueuedSynchronizer.java:2039)&#10;        at java.util.concurrent.LinkedBlockingQueue.take(LinkedBlockingQueue.java:442)&#10;        at java.util.concurrent.ThreadPoolExecutor.getTask(ThreadPoolExecutor.java:1074)&#10;        at java.util.concurrent.ThreadPoolExecutor.runWorker(ThreadPoolExecutor.java:1134)&#10;        at java.util.concurrent.ThreadPoolExecutor$Worker.run(ThreadPoolExecutor.java:624)&#10;        at java.lang.Thread.run(Thread.java:748)&#10;&quot;pool-138-thread-43&quot;  prio=5 tid=1714 in Object.wait()&#10;java.lang.Thread.State: WAITING (on object monitor)&#10;        at sun.misc.Unsafe.park(Native Method)&#10;        at java.util.concurrent.locks.LockSupport.park(LockSupport.java:175)&#10;        at java.util.concurrent.locks.AbstractQueuedSynchronizer$ConditionObject.await(AbstractQueuedSynchronizer.java:2039)&#10;        at java.util.concurrent.ArrayBlockingQueue.take(ArrayBlockingQueue.java:403)&#10;        at java.util.concurrent.ThreadPoolExecutor.getTask(ThreadPoolExecutor.java:1074)&#10;        at java.util.concurrent.ThreadPoolExecutor.runWorker(ThreadPoolExecutor.java:1134)&#10;        at java.util.concurrent.ThreadPoolExecutor$Worker.run(ThreadPoolExecutor.java:624)&#10;        at java.lang.Thread.run(Thread.java:748)&#10;&quot;qtp1025473693-1153&quot; daemon prio=5 tid=1153 timed_waiting&#10;java.lang.Thread.State: TIMED_WAITING&#10;        at sun.misc.Unsafe.park(Native Method)&#10;        at java.util.concurrent.locks.LockSupport.parkNanos(LockSupport.java:215)&#10;        at java.util.concurrent.locks.AbstractQueuedSynchronizer$ConditionObject.awaitNanos(AbstractQueuedSynchronizer.java:2078)&#10;        at org.eclipse.jetty.util.BlockingArrayQueue.poll(BlockingArrayQueue.java:392)&#10;        at org.eclipse.jetty.util.thread.QueuedThreadPool.idleJobPoll(QueuedThreadPool.java:563)&#10;        at org.eclipse.jetty.util.thread.QueuedThreadPool.access$800(QueuedThreadPool.java:48)&#10;        at org.eclipse.jetty.util.thread.QueuedThreadPool$2.run(QueuedThreadPool.java:626)&#10;        at java.lang.Thread.run(Thread.java:748)&#10;&quot;IPC Server handler 13 on 38131&quot; daemon prio=5 tid=1144 timed_waiting&#10;java.lang.Thread.State: TIMED_WAITING&#10;        at sun.misc.Unsafe.park(Native Method)&#10;        at java.util.concurrent.locks.LockSupport.parkNanos(LockSupport.java:215)&#10;        at java.util.concurrent.locks.AbstractQueuedSynchronizer$ConditionObject.awaitNanos(AbstractQueuedSynchronizer.java:2078)&#10;        at java.util.concurrent.LinkedBlockingQueue.poll(LinkedBlockingQueue.java:467)&#10;        at org.apache.hadoop.ipc.CallQueueManager.take(CallQueueManager.java:288)&#10;        at org.apache.hadoop.ipc.Server$Handler.run(Server.java:2668)&#10;&quot;pool-158-thread-47&quot;  prio=5 tid=1872 in Object.wait()&#10;java.lang.Thread.State: WAITING (on object monitor)&#10;        at sun.misc.Unsafe.park(Native Method)&#10;        at java.util.concurrent.locks.LockSupport.park(LockSupport.java:175)&#10;        at java.util.concurrent.locks.AbstractQueuedSynchronizer$ConditionObject.await(AbstractQueuedSynchronizer.java:2039)&#10;        at java.util.concurrent.ArrayBlockingQueue.take(ArrayBlockingQueue.java:403)&#10;        at java.util.concurrent.ThreadPoolExecutor.getTask(ThreadPoolExecutor.java:1074)&#10;        at java.util.concurrent.ThreadPoolExecutor.runWorker(ThreadPoolExecutor.java:1134)&#10;        at java.util.concurrent.ThreadPoolExecutor$Worker.run(ThreadPoolExecutor.java:624)&#10;        at java.lang.Thread.run(Thread.java:748)&#10;&quot;pool-158-thread-34&quot;  prio=5 tid=1858 in Object.wait()&#10;java.lang.Thread.State: WAITING (on object monitor)&#10;        at sun.misc.Unsafe.park(Native Method)&#10;        at java.util.concurrent.locks.LockSupport.park(LockSupport.java:175)&#10;        at java.util.concurrent.locks.AbstractQueuedSynchronizer$ConditionObject.await(AbstractQueuedSynchronizer.java:2039)&#10;        at java.util.concurrent.ArrayBlockingQueue.take(ArrayBlockingQueue.java:403)&#10;        at java.util.concurrent.ThreadPoolExecutor.getTask(ThreadPoolExecutor.java:1074)&#10;        at java.util.concurrent.ThreadPoolExecutor.runWorker(ThreadPoolExecutor.java:1134)&#10;        at java.util.concurrent.ThreadPoolExecutor$Worker.run(ThreadPoolExecutor.java:624)&#10;        at java.lang.Thread.run(Thread.java:748)&#10;&quot;pool-138-thread-4&quot;  prio=5 tid=1675 in Object.wait()&#10;java.lang.Thread.State: WAITING (on object monitor)&#10;        at sun.misc.Unsafe.park(Native Method)&#10;        at java.util.concurrent.locks.LockSupport.park(LockSupport.java:175)&#10;        at java.util.concurrent.locks.AbstractQueuedSynchronizer$ConditionObject.await(AbstractQueuedSynchronizer.java:2039)&#10;        at java.util.concurrent.ArrayBlockingQueue.take(ArrayBlockingQueue.java:403)&#10;        at java.util.concurrent.ThreadPoolExecutor.getTask(ThreadPoolExecutor.java:1074)&#10;        at java.util.concurrent.ThreadPoolExecutor.runWorker(ThreadPoolExecutor.java:1134)&#10;        at java.util.concurrent.ThreadPoolExecutor$Worker.run(ThreadPoolExecutor.java:624)&#10;        at java.lang.Thread.run(Thread.java:748)&#10;&quot;Datanode State Machine Thread - 0&quot; daemon prio=5 tid=1596 timed_waiting&#10;java.lang.Thread.State: TIMED_WAITING&#10;        at java.lang.Thread.sleep(Native Method)&#10;        at org.apache.hadoop.ozone.container.common.statemachine.DatanodeStateMachine.start(DatanodeStateMachine.java:191)&#10;        at org.apache.hadoop.ozone.container.common.statemachine.DatanodeStateMachine.lambda$startDaemon$0(DatanodeStateMachine.java:349)&#10;        at org.apache.hadoop.ozone.container.common.statemachine.DatanodeStateMachine$$Lambda$140/1584639477.run(Unknown Source)&#10;        at java.lang.Thread.run(Thread.java:748)&#10;&quot;pool-138-thread-37&quot;  prio=5 tid=1708 in Object.wait()&#10;java.lang.Thread.State: WAITING (on object monitor)&#10;        at sun.misc.Unsafe.park(Native Method)&#10;        at java.util.concurrent.locks.LockSupport.park(LockSupport.java:175)&#10;        at java.util.concurrent.locks.AbstractQueuedSynchronizer$ConditionObject.await(AbstractQueuedSynchronizer.java:2039)&#10;        at java.util.concurrent.ArrayBlockingQueue.take(ArrayBlockingQueue.java:403)&#10;        at java.util.concurrent.ThreadPoolExecutor.getTask(ThreadPoolExecutor.java:1074)&#10;        at java.util.concurrent.ThreadPoolExecutor.runWorker(ThreadPoolExecutor.java:1134)&#10;        at java.util.concurrent.ThreadPoolExecutor$Worker.run(ThreadPoolExecutor.java:624)&#10;        at java.lang.Thread.run(Thread.java:748)&#10;&quot;IPC Server handler 11 on 38802&quot; daemon prio=5 tid=1122 timed_waiting&#10;java.lang.Thread.State: TIMED_WAITING&#10;        at sun.misc.Unsafe.park(Native Method)&#10;        at java.util.concurrent.locks.LockSupport.parkNanos(LockSupport.java:215)&#10;        at java.util.concurrent.locks.AbstractQueuedSynchronizer$ConditionObject.awaitNanos(AbstractQueuedSynchronizer.java:2078)&#10;        at java.util.concurrent.LinkedBlockingQueue.poll(LinkedBlockingQueue.java:467)&#10;        at org.apache.hadoop.ipc.CallQueueManager.take(CallQueueManager.java:288)&#10;        at org.apache.hadoop.ipc.Server$Handler.run(Server.java:2668)&#10;&quot;46069bd9-45fc-4c82-823c-36f07a1bcff0@group-5AFFAA4212DA-StateMachineUpdater&quot; daemon prio=5 tid=1904 in Object.wait()&#10;java.lang.Thread.State: WAITING (on object monitor)&#10;        at java.lang.Object.wait(Native Method)&#10;        at java.lang.Object.wait(Object.java:502)&#10;        at org.apache.ratis.server.impl.StateMachineUpdater.waitForCommit(StateMachineUpdater.java:194)&#10;        at org.apache.ratis.server.impl.StateMachineUpdater.run(StateMachineUpdater.java:159)&#10;        at java.lang.Thread.run(Thread.java:748)&#10;&quot;Thread-758&quot; daemon prio=5 tid=1820 timed_waiting&#10;java.lang.Thread.State: TIMED_WAITING&#10;        at sun.misc.Unsafe.park(Native Method)&#10;        at java.util.concurrent.locks.LockSupport.parkNanos(LockSupport.java:215)&#10;        at java.util.concurrent.locks.AbstractQueuedSynchronizer$ConditionObject.awaitNanos(AbstractQueuedSynchronizer.java:2078)&#10;        at java.util.concurrent.ArrayBlockingQueue.poll(ArrayBlockingQueue.java:418)&#10;        at org.apache.ratis.server.impl.LeaderState$EventQueue.poll(LeaderState.java:115)&#10;        at org.apache.ratis.server.impl.LeaderState$EventProcessor.run(LeaderState.java:467)&#10;&quot;IPC Server handler 2 on 45184&quot; daemon prio=5 tid=1175 timed_waiting&#10;java.lang.Thread.State: TIMED_WAITING&#10;        at sun.misc.Unsafe.park(Native Method)&#10;        at java.util.concurrent.locks.LockSupport.parkNanos(LockSupport.java:215)&#10;        at java.util.concurrent.locks.AbstractQueuedSynchronizer$ConditionObject.awaitNanos(AbstractQueuedSynchronizer.java:2078)&#10;        at java.util.concurrent.LinkedBlockingQueue.poll(LinkedBlockingQueue.java:467)&#10;        at org.apache.hadoop.ipc.CallQueueManager.take(CallQueueManager.java:288)&#10;        at org.apache.hadoop.ipc.Server$Handler.run(Server.java:2668)&#10;&quot;org.apache.hadoop.util.JvmPauseMonitor$Monitor@6a9c4adb&quot; daemon prio=5 tid=1635 timed_waiting&#10;java.lang.Thread.State: TIMED_WAITING&#10;        at java.lang.Thread.sleep(Native Method)&#10;        at org.apache.hadoop.util.JvmPauseMonitor$Monitor.run(JvmPauseMonitor.java:192)&#10;        at java.lang.Thread.run(Thread.java:748)&#10;&quot;pool-158-thread-58&quot;  prio=5 tid=1883 in Object.wait()&#10;java.lang.Thread.State: WAITING (on object monitor)&#10;        at sun.misc.Unsafe.park(Native Method)&#10;        at java.util.concurrent.locks.LockSupport.park(LockSupport.java:175)&#10;        at java.util.concurrent.locks.AbstractQueuedSynchronizer$ConditionObject.await(AbstractQueuedSynchronizer.java:2039)&#10;        at java.util.concurrent.ArrayBlockingQueue.take(ArrayBlockingQueue.java:403)&#10;        at java.util.concurrent.ThreadPoolExecutor.getTask(ThreadPoolExecutor.java:1074)&#10;        at java.util.concurrent.ThreadPoolExecutor.runWorker(ThreadPoolExecutor.java:1134)&#10;        at java.util.concurrent.ThreadPoolExecutor$Worker.run(ThreadPoolExecutor.java:624)&#10;        at java.lang.Thread.run(Thread.java:748)&#10;&quot;pool-148-thread-19&quot;  prio=5 tid=1765 in Object.wait()&#10;java.lang.Thread.State: WAITING (on object monitor)&#10;        at sun.misc.Unsafe.park(Native Method)&#10;        at java.util.concurrent.locks.LockSupport.park(LockSupport.java:175)&#10;        at java.util.concurrent.locks.AbstractQueuedSynchronizer$ConditionObject.await(AbstractQueuedSynchronizer.java:2039)&#10;        at java.util.concurrent.ArrayBlockingQueue.take(ArrayBlockingQueue.java:403)&#10;        at java.util.concurrent.ThreadPoolExecutor.getTask(ThreadPoolExecutor.java:1074)&#10;        at java.util.concurrent.ThreadPoolExecutor.runWorker(ThreadPoolExecutor.java:1134)&#10;        at java.util.concurrent.ThreadPoolExecutor$Worker.run(ThreadPoolExecutor.java:624)&#10;        at java.lang.Thread.run(Thread.java:748)&#10;&quot;org.eclipse.jetty.server.session.HashSessionManager@75ee47bbTimer&quot; daemon prio=5 tid=1656 timed_waiting&#10;java.lang.Thread.State: TIMED_WAITING&#10;        at sun.misc.Unsafe.park(Native Method)&#10;        at java.util.concurrent.locks.LockSupport.parkNanos(LockSupport.java:215)&#10;        at java.util.concurrent.locks.AbstractQueuedSynchronizer$ConditionObject.awaitNanos(AbstractQueuedSynchronizer.java:2078)&#10;        at java.util.concurrent.ScheduledThreadPoolExecutor$DelayedWorkQueue.take(ScheduledThreadPoolExecutor.java:1093)&#10;        at java.util.concurrent.ScheduledThreadPoolExecutor$DelayedWorkQueue.take(ScheduledThreadPoolExecutor.java:809)&#10;        at java.util.concurrent.ThreadPoolExecutor.getTask(ThreadPoolExecutor.java:1074)&#10;        at java.util.concurrent.ThreadPoolExecutor.runWorker(ThreadPoolExecutor.java:1134)&#10;        at java.util.concurrent.ThreadPoolExecutor$Worker.run(ThreadPoolExecutor.java:624)&#10;        at java.lang.Thread.run(Thread.java:748)&#10;&quot;Timer-1&quot; daemon prio=5 tid=150 timed_waiting&#10;java.lang.Thread.State: TIMED_WAITING&#10;        at java.lang.Object.wait(Native Method)&#10;        at java.util.TimerThread.mainLoop(Timer.java:552)&#10;        at java.util.TimerThread.run(Timer.java:505)&#10;&quot;metrics-hadoop-metrics2-reporter-63-thread-1&quot; daemon prio=5 tid=970 timed_waiting&#10;java.lang.Thread.State: TIMED_WAITING&#10;        at sun.misc.Unsafe.park(Native Method)&#10;        at java.util.concurrent.locks.LockSupport.parkNanos(LockSupport.java:215)&#10;        at java.util.concurrent.locks.AbstractQueuedSynchronizer$ConditionObject.awaitNanos(AbstractQueuedSynchronizer.java:2078)&#10;        at java.util.concurrent.ScheduledThreadPoolExecutor$DelayedWorkQueue.take(ScheduledThreadPoolExecutor.java:1093)&#10;        at java.util.concurrent.ScheduledThreadPoolExecutor$DelayedWorkQueue.take(ScheduledThreadPoolExecutor.java:809)&#10;        at java.util.concurrent.ThreadPoolExecutor.getTask(ThreadPoolExecutor.java:1074)&#10;        at java.util.concurrent.ThreadPoolExecutor.runWorker(ThreadPoolExecutor.java:1134)&#10;        at java.util.concurrent.ThreadPoolExecutor$Worker.run(ThreadPoolExecutor.java:624)&#10;        at java.lang.Thread.run(Thread.java:748)&#10;&quot;qtp1570597614-1647&quot; daemon prio=5 tid=1647 runnable&#10;java.lang.Thread.State: RUNNABLE&#10;        at sun.nio.ch.EPollArrayWrapper.epollWait(Native Method)&#10;        at sun.nio.ch.EPollArrayWrapper.poll(EPollArrayWrapper.java:269)&#10;        at sun.nio.ch.EPollSelectorImpl.doSelect(EPollSelectorImpl.java:93)&#10;        at sun.nio.ch.SelectorImpl.lockAndDoSelect(SelectorImpl.java:86)&#10;        at sun.nio.ch.SelectorImpl.select(SelectorImpl.java:97)&#10;        at sun.nio.ch.SelectorImpl.select(SelectorImpl.java:101)&#10;        at org.eclipse.jetty.io.ManagedSelector$SelectorProducer.select(ManagedSelector.java:243)&#10;        at org.eclipse.jetty.io.ManagedSelector$SelectorProducer.produce(ManagedSelector.java:191)&#10;        at org.eclipse.jetty.util.thread.strategy.ExecuteProduceConsume.executeProduceConsume(ExecuteProduceConsume.java:249)&#10;        at org.eclipse.jetty.util.thread.strategy.ExecuteProduceConsume.produceConsume(ExecuteProduceConsume.java:148)&#10;        at org.eclipse.jetty.util.thread.strategy.ExecuteProduceConsume.execute(ExecuteProduceConsume.java:100)&#10;        at org.eclipse.jetty.io.ManagedSelector.run(ManagedSelector.java:147)&#10;        at org.eclipse.jetty.util.thread.QueuedThreadPool.runJob(QueuedThreadPool.java:671)&#10;        at org.eclipse.jetty.util.thread.QueuedThreadPool$2.run(QueuedThreadPool.java:589)&#10;        at java.lang.Thread.run(Thread.java:748)&#10;&quot;Periodic HDDS volume checker&quot;  prio=5 tid=1578 timed_waiting&#10;java.lang.Thread.State: TIMED_WAITING&#10;        at sun.misc.Unsafe.park(Native Method)&#10;        at java.util.concurrent.locks.LockSupport.parkNanos(LockSupport.java:215)&#10;        at java.util.concurrent.locks.AbstractQueuedSynchronizer$ConditionObject.awaitNanos(AbstractQueuedSynchronizer.java:2078)&#10;        at java.util.concurrent.ScheduledThreadPoolExecutor$DelayedWorkQueue.take(ScheduledThreadPoolExecutor.java:1093)&#10;        at java.util.concurrent.ScheduledThreadPoolExecutor$DelayedWorkQueue.take(ScheduledThreadPoolExecutor.java:809)&#10;        at java.util.concurrent.ThreadPoolExecutor.getTask(ThreadPoolExecutor.java:1074)&#10;        at java.util.concurrent.ThreadPoolExecutor.runWorker(ThreadPoolExecutor.java:1134)&#10;        at java.util.concurrent.ThreadPoolExecutor$Worker.run(ThreadPoolExecutor.java:624)&#10;        at java.lang.Thread.run(Thread.java:748)&#10;&quot;IPC Server handler 1 on 46609&quot; daemon prio=5 tid=1092 timed_waiting&#10;java.lang.Thread.State: TIMED_WAITING&#10;        at sun.misc.Unsafe.park(Native Method)&#10;        at java.util.concurrent.locks.LockSupport.parkNanos(LockSupport.java:215)&#10;        at java.util.concurrent.locks.AbstractQueuedSynchronizer$ConditionObject.awaitNanos(AbstractQueuedSynchronizer.java:2078)&#10;        at java.util.concurrent.LinkedBlockingQueue.poll(LinkedBlockingQueue.java:467)&#10;        at org.apache.hadoop.ipc.CallQueueManager.take(CallQueueManager.java:288)&#10;        at org.apache.hadoop.ipc.Server$Handler.run(Server.java:2668)&#10;&quot;metrics-hadoop-metrics2-reporter-46-thread-1&quot; daemon prio=5 tid=845 timed_waiting&#10;java.lang.Thread.State: TIMED_WAITING&#10;        at sun.misc.Unsafe.park(Native Method)&#10;        at java.util.concurrent.locks.LockSupport.parkNanos(LockSupport.java:215)&#10;        at java.util.concurrent.locks.AbstractQueuedSynchronizer$ConditionObject.awaitNanos(AbstractQueuedSynchronizer.java:2078)&#10;        at java.util.concurrent.ScheduledThreadPoolExecutor$DelayedWorkQueue.take(ScheduledThreadPoolExecutor.java:1093)&#10;        at java.util.concurrent.ScheduledThreadPoolExecutor$DelayedWorkQueue.take(ScheduledThreadPoolExecutor.java:809)&#10;        at java.util.concurrent.ThreadPoolExecutor.getTask(ThreadPoolExecutor.java:1074)&#10;        at java.util.concurrent.ThreadPoolExecutor.runWorker(ThreadPoolExecutor.java:1134)&#10;        at java.util.concurrent.ThreadPoolExecutor$Worker.run(ThreadPoolExecutor.java:624)&#10;        at java.lang.Thread.run(Thread.java:748)&#10;&quot;Thread-793&quot; daemon prio=5 tid=1931 timed_waiting&#10;java.lang.Thread.State: TIMED_WAITING&#10;        at sun.misc.Unsafe.park(Native Method)&#10;        at java.util.concurrent.locks.LockSupport.parkNanos(LockSupport.java:215)&#10;        at java.util.concurrent.locks.AbstractQueuedSynchronizer$ConditionObject.awaitNanos(AbstractQueuedSynchronizer.java:2078)&#10;        at java.util.concurrent.ArrayBlockingQueue.poll(ArrayBlockingQueue.java:418)&#10;        at org.apache.ratis.server.impl.LeaderState$EventQueue.poll(LeaderState.java:115)&#10;        at org.apache.ratis.server.impl.LeaderState$EventProcessor.run(LeaderState.java:467)&#10;&quot;grpc-default-worker-ELG-7-1&quot; daemon prio=5 tid=1741 runnable&#10;java.lang.Thread.State: RUNNABLE&#10;        at sun.nio.ch.EPollArrayWrapper.epollWait(Native Method)&#10;        at sun.nio.ch.EPollArrayWrapper.poll(EPollArrayWrapper.java:269)&#10;        at sun.nio.ch.EPollSelectorImpl.doSelect(EPollSelectorImpl.java:93)&#10;        at sun.nio.ch.SelectorImpl.lockAndDoSelect(SelectorImpl.java:86)&#10;        at sun.nio.ch.SelectorImpl.select(SelectorImpl.java:97)&#10;        at org.apache.ratis.thirdparty.io.netty.channel.nio.SelectedSelectionKeySetSelector.select(SelectedSelectionKeySetSelector.java:62)&#10;        at org.apache.ratis.thirdparty.io.netty.channel.nio.NioEventLoop.select(NioEventLoop.java:753)&#10;        at org.apache.ratis.thirdparty.io.netty.channel.nio.NioEventLoop.run(NioEventLoop.java:408)&#10;        at org.apache.ratis.thirdparty.io.netty.util.concurrent.SingleThreadEventExecutor$5.run(SingleThreadEventExecutor.java:897)&#10;        at org.apache.ratis.thirdparty.io.netty.util.concurrent.FastThreadLocalRunnable.run(FastThreadLocalRunnable.java:30)&#10;        at java.lang.Thread.run(Thread.java:748)&#10;&quot;qtp1410488616-1195&quot; daemon prio=5 tid=1195 runnable&#10;java.lang.Thread.State: RUNNABLE&#10;        at sun.nio.ch.EPollArrayWrapper.epollWait(Native Method)&#10;        at sun.nio.ch.EPollArrayWrapper.poll(EPollArrayWrapper.java:269)&#10;        at sun.nio.ch.EPollSelectorImpl.doSelect(EPollSelectorImpl.java:93)&#10;        at sun.nio.ch.SelectorImpl.lockAndDoSelect(SelectorImpl.java:86)&#10;        at sun.nio.ch.SelectorImpl.select(SelectorImpl.java:97)&#10;        at sun.nio.ch.SelectorImpl.select(SelectorImpl.java:101)&#10;        at org.eclipse.jetty.io.ManagedSelector$SelectorProducer.select(ManagedSelector.java:243)&#10;        at org.eclipse.jetty.io.ManagedSelector$SelectorProducer.produce(ManagedSelector.java:191)&#10;        at org.eclipse.jetty.util.thread.strategy.ExecuteProduceConsume.executeProduceConsume(ExecuteProduceConsume.java:249)&#10;        at org.eclipse.jetty.util.thread.strategy.ExecuteProduceConsume.produceConsume(ExecuteProduceConsume.java:148)&#10;        at org.eclipse.jetty.util.thread.strategy.ExecuteProduceConsume.execute(ExecuteProduceConsume.java:100)&#10;        at org.eclipse.jetty.io.ManagedSelector.run(ManagedSelector.java:147)&#10;        at org.eclipse.jetty.util.thread.QueuedThreadPool.runJob(QueuedThreadPool.java:671)&#10;        at org.eclipse.jetty.util.thread.QueuedThreadPool$2.run(QueuedThreadPool.java:589)&#10;        at java.lang.Thread.run(Thread.java:748)&#10;&quot;org.eclipse.jetty.server.session.HashSessionManager@13467790Timer&quot; daemon prio=5 tid=1204 timed_waiting&#10;java.lang.Thread.State: TIMED_WAITING&#10;        at sun.misc.Unsafe.park(Native Method)&#10;        at java.util.concurrent.locks.LockSupport.parkNanos(LockSupport.java:215)&#10;        at java.util.concurrent.locks.AbstractQueuedSynchronizer$ConditionObject.awaitNanos(AbstractQueuedSynchronizer.java:2078)&#10;        at java.util.concurrent.ScheduledThreadPoolExecutor$DelayedWorkQueue.take(ScheduledThreadPoolExecutor.java:1093)&#10;        at java.util.concurrent.ScheduledThreadPoolExecutor$DelayedWorkQueue.take(ScheduledThreadPoolExecutor.java:809)&#10;        at java.util.concurrent.ThreadPoolExecutor.getTask(ThreadPoolExecutor.java:1074)&#10;        at java.util.concurrent.ThreadPoolExecutor.runWorker(ThreadPoolExecutor.java:1134)&#10;        at java.util.concurrent.ThreadPoolExecutor$Worker.run(ThreadPoolExecutor.java:624)&#10;        at java.lang.Thread.run(Thread.java:748)&#10;&quot;IPC Server handler 7 on 38802&quot; daemon prio=5 tid=1118 timed_waiting&#10;java.lang.Thread.State: TIMED_WAITING&#10;        at sun.misc.Unsafe.park(Native Method)&#10;        at java.util.concurrent.locks.LockSupport.parkNanos(LockSupport.java:215)&#10;        at java.util.concurrent.locks.AbstractQueuedSynchronizer$ConditionObject.awaitNanos(AbstractQueuedSynchronizer.java:2078)&#10;        at java.util.concurrent.LinkedBlockingQueue.poll(LinkedBlockingQueue.java:467)&#10;        at org.apache.hadoop.ipc.CallQueueManager.take(CallQueueManager.java:288)&#10;        at org.apache.hadoop.ipc.Server$Handler.run(Server.java:2668)&#10;&quot;qtp1025473693-1155&quot; daemon prio=5 tid=1155 timed_waiting&#10;java.lang.Thread.State: TIMED_WAITING&#10;        at sun.misc.Unsafe.park(Native Method)&#10;        at java.util.concurrent.locks.LockSupport.parkNanos(LockSupport.java:215)&#10;        at java.util.concurrent.locks.AbstractQueuedSynchronizer$ConditionObject.awaitNanos(AbstractQueuedSynchronizer.java:2078)&#10;        at org.eclipse.jetty.util.BlockingArrayQueue.poll(BlockingArrayQueue.java:392)&#10;        at org.eclipse.jetty.util.thread.QueuedThreadPool.idleJobPoll(QueuedThreadPool.java:563)&#10;        at org.eclipse.jetty.util.thread.QueuedThreadPool.access$800(QueuedThreadPool.java:48)&#10;        at org.eclipse.jetty.util.thread.QueuedThreadPool$2.run(QueuedThreadPool.java:626)&#10;        at java.lang.Thread.run(Thread.java:748)&#10;&quot;pool-148-thread-25&quot;  prio=5 tid=1772 in Object.wait()&#10;java.lang.Thread.State: WAITING (on object monitor)&#10;        at sun.misc.Unsafe.park(Native Method)&#10;        at java.util.concurrent.locks.LockSupport.park(LockSupport.java:175)&#10;        at java.util.concurrent.locks.AbstractQueuedSynchronizer$ConditionObject.await(AbstractQueuedSynchronizer.java:2039)&#10;        at java.util.concurrent.ArrayBlockingQueue.take(ArrayBlockingQueue.java:403)&#10;        at java.util.concurrent.ThreadPoolExecutor.getTask(ThreadPoolExecutor.java:1074)&#10;        at java.util.concurrent.ThreadPoolExecutor.runWorker(ThreadPoolExecutor.java:1134)&#10;        at java.util.concurrent.ThreadPoolExecutor$Worker.run(ThreadPoolExecutor.java:624)&#10;        at java.lang.Thread.run(Thread.java:748)&#10;&quot;pool-162-thread-1&quot;  prio=5 tid=1646 timed_waiting&#10;java.lang.Thread.State: TIMED_WAITING&#10;        at sun.misc.Unsafe.park(Native Method)&#10;        at java.util.concurrent.locks.LockSupport.parkNanos(LockSupport.java:215)&#10;        at java.util.concurrent.locks.AbstractQueuedSynchronizer$ConditionObject.awaitNanos(AbstractQueuedSynchronizer.java:2078)&#10;        at java.util.concurrent.ScheduledThreadPoolExecutor$DelayedWorkQueue.take(ScheduledThreadPoolExecutor.java:1093)&#10;        at java.util.concurrent.ScheduledThreadPoolExecutor$DelayedWorkQueue.take(ScheduledThreadPoolExecutor.java:809)&#10;        at java.util.concurrent.ThreadPoolExecutor.getTask(ThreadPoolExecutor.java:1074)&#10;        at java.util.concurrent.ThreadPoolExecutor.runWorker(ThreadPoolExecutor.java:1134)&#10;        at java.util.concurrent.ThreadPoolExecutor$Worker.run(ThreadPoolExecutor.java:624)&#10;        at java.lang.Thread.run(Thread.java:748)&#10;&quot;IPC Server handler 5 on 45184&quot; daemon prio=5 tid=1178 timed_waiting&#10;java.lang.Thread.State: TIMED_WAITING&#10;        at sun.misc.Unsafe.park(Native Method)&#10;        at java.util.concurrent.locks.LockSupport.parkNanos(LockSupport.java:215)&#10;        at java.util.concurrent.locks.AbstractQueuedSynchronizer$ConditionObject.awaitNanos(AbstractQueuedSynchronizer.java:2078)&#10;        at java.util.concurrent.LinkedBlockingQueue.poll(LinkedBlockingQueue.java:467)&#10;        at org.apache.hadoop.ipc.CallQueueManager.take(CallQueueManager.java:288)&#10;        at org.apache.hadoop.ipc.Server$Handler.run(Server.java:2668)&#10;&quot;pool-148-thread-60&quot;  prio=5 tid=1807 in Object.wait()&#10;java.lang.Thread.State: WAITING (on object monitor)&#10;        at sun.misc.Unsafe.park(Native Method)&#10;        at java.util.concurrent.locks.LockSupport.park(LockSupport.java:175)&#10;        at java.util.concurrent.locks.AbstractQueuedSynchronizer$ConditionObject.await(AbstractQueuedSynchronizer.java:2039)&#10;        at java.util.concurrent.ArrayBlockingQueue.take(ArrayBlockingQueue.java:403)&#10;        at java.util.concurrent.ThreadPoolExecutor.getTask(ThreadPoolExecutor.java:1074)&#10;        at java.util.concurrent.ThreadPoolExecutor.runWorker(ThreadPoolExecutor.java:1134)&#10;        at java.util.concurrent.ThreadPoolExecutor$Worker.run(ThreadPoolExecutor.java:624)&#10;        at java.lang.Thread.run(Thread.java:748)&#10;&quot;metrics-hadoop-metrics2-reporter-101-thread-1&quot; daemon prio=5 tid=1543 timed_waiting&#10;java.lang.Thread.State: TIMED_WAITING&#10;        at sun.misc.Unsafe.park(Native Method)&#10;        at java.util.concurrent.locks.LockSupport.parkNanos(LockSupport.java:215)&#10;        at java.util.concurrent.locks.AbstractQueuedSynchronizer$ConditionObject.awaitNanos(AbstractQueuedSynchronizer.java:2078)&#10;        at java.util.concurrent.ScheduledThreadPoolExecutor$DelayedWorkQueue.take(ScheduledThreadPoolExecutor.java:1093)&#10;        at java.util.concurrent.ScheduledThreadPoolExecutor$DelayedWorkQueue.take(ScheduledThreadPoolExecutor.java:809)&#10;        at java.util.concurrent.ThreadPoolExecutor.getTask(ThreadPoolExecutor.java:1074)&#10;        at java.util.concurrent.ThreadPoolExecutor.runWorker(ThreadPoolExecutor.java:1134)&#10;        at java.util.concurrent.ThreadPoolExecutor$Worker.run(ThreadPoolExecutor.java:624)&#10;        at java.lang.Thread.run(Thread.java:748)&#10;&quot;pool-148-thread-50&quot;  prio=5 tid=1797 in Object.wait()&#10;java.lang.Thread.State: WAITING (on object monitor)&#10;        at sun.misc.Unsafe.park(Native Method)&#10;        at java.util.concurrent.locks.LockSupport.park(LockSupport.java:175)&#10;        at java.util.concurrent.locks.AbstractQueuedSynchronizer$ConditionObject.await(AbstractQueuedSynchronizer.java:2039)&#10;        at java.util.concurrent.ArrayBlockingQueue.take(ArrayBlockingQueue.java:403)&#10;        at java.util.concurrent.ThreadPoolExecutor.getTask(ThreadPoolExecutor.java:1074)&#10;        at java.util.concurrent.ThreadPoolExecutor.runWorker(ThreadPoolExecutor.java:1134)&#10;        at java.util.concurrent.ThreadPoolExecutor$Worker.run(ThreadPoolExecutor.java:624)&#10;        at java.lang.Thread.run(Thread.java:748)&#10;&quot;pool-158-thread-53&quot;  prio=5 tid=1878 in Object.wait()&#10;java.lang.Thread.State: WAITING (on object monitor)&#10;        at sun.misc.Unsafe.park(Native Method)&#10;        at java.util.concurrent.locks.LockSupport.park(LockSupport.java:175)&#10;        at java.util.concurrent.locks.AbstractQueuedSynchronizer$ConditionObject.await(AbstractQueuedSynchronizer.java:2039)&#10;        at java.util.concurrent.ArrayBlockingQueue.take(ArrayBlockingQueue.java:403)&#10;        at java.util.concurrent.ThreadPoolExecutor.getTask(ThreadPoolExecutor.java:1074)&#10;        at java.util.concurrent.ThreadPoolExecutor.runWorker(ThreadPoolExecutor.java:1134)&#10;        at java.util.concurrent.ThreadPoolExecutor$Worker.run(ThreadPoolExecutor.java:624)&#10;        at java.lang.Thread.run(Thread.java:748)&#10;&quot;pool-158-thread-23&quot;  prio=5 tid=1847 in Object.wait()&#10;java.lang.Thread.State: WAITING (on object monitor)&#10;        at sun.misc.Unsafe.park(Native Method)&#10;        at java.util.concurrent.locks.LockSupport.park(LockSupport.java:175)&#10;        at java.util.concurrent.locks.AbstractQueuedSynchronizer$ConditionObject.await(AbstractQueuedSynchronizer.java:2039)&#10;        at java.util.concurrent.ArrayBlockingQueue.take(ArrayBlockingQueue.java:403)&#10;        at java.util.concurrent.ThreadPoolExecutor.getTask(ThreadPoolExecutor.java:1074)&#10;        at java.util.concurrent.ThreadPoolExecutor.runWorker(ThreadPoolExecutor.java:1134)&#10;        at java.util.concurrent.ThreadPoolExecutor$Worker.run(ThreadPoolExecutor.java:624)&#10;        at java.lang.Thread.run(Thread.java:748)&#10;&quot;IPC Server handler 15 on 46609&quot; daemon prio=5 tid=1106 timed_waiting&#10;java.lang.Thread.State: TIMED_WAITING&#10;        at sun.misc.Unsafe.park(Native Method)&#10;        at java.util.concurrent.locks.LockSupport.parkNanos(LockSupport.java:215)&#10;        at java.util.concurrent.locks.AbstractQueuedSynchronizer$ConditionObject.awaitNanos(AbstractQueuedSynchronizer.java:2078)&#10;        at java.util.concurrent.LinkedBlockingQueue.poll(LinkedBlockingQueue.java:467)&#10;        at org.apache.hadoop.ipc.CallQueueManager.take(CallQueueManager.java:288)&#10;        at org.apache.hadoop.ipc.Server$Handler.run(Server.java:2668)&#10;&quot;metrics-hadoop-metrics2-reporter-100-thread-1&quot; daemon prio=5 tid=1539 timed_waiting&#10;java.lang.Thread.State: TIMED_WAITING&#10;        at sun.misc.Unsafe.park(Native Method)&#10;        at java.util.concurrent.locks.LockSupport.parkNanos(LockSupport.java:215)&#10;        at java.util.concurrent.locks.AbstractQueuedSynchronizer$ConditionObject.awaitNanos(AbstractQueuedSynchronizer.java:2078)&#10;        at java.util.concurrent.ScheduledThreadPoolExecutor$DelayedWorkQueue.take(ScheduledThreadPoolExecutor.java:1093)&#10;        at java.util.concurrent.ScheduledThreadPoolExecutor$DelayedWorkQueue.take(ScheduledThreadPoolExecutor.java:809)&#10;        at java.util.concurrent.ThreadPoolExecutor.getTask(ThreadPoolExecutor.java:1074)&#10;        at java.util.concurrent.ThreadPoolExecutor.runWorker(ThreadPoolExecutor.java:1134)&#10;        at java.util.concurrent.ThreadPoolExecutor$Worker.run(ThreadPoolExecutor.java:624)&#10;        at java.lang.Thread.run(Thread.java:748)&#10;&quot;pool-138-thread-8&quot;  prio=5 tid=1679 in Object.wait()&#10;java.lang.Thread.State: WAITING (on object monitor)&#10;        at sun.misc.Unsafe.park(Native Method)&#10;        at java.util.concurrent.locks.LockSupport.park(LockSupport.java:175)&#10;        at java.util.concurrent.locks.AbstractQueuedSynchronizer$ConditionObject.await(AbstractQueuedSynchronizer.java:2039)&#10;        at java.util.concurrent.ArrayBlockingQueue.take(ArrayBlockingQueue.java:403)&#10;        at java.util.concurrent.ThreadPoolExecutor.getTask(ThreadPoolExecutor.java:1074)&#10;        at java.util.concurrent.ThreadPoolExecutor.runWorker(ThreadPoolExecutor.java:1134)&#10;        at java.util.concurrent.ThreadPoolExecutor$Worker.run(ThreadPoolExecutor.java:624)&#10;        at java.lang.Thread.run(Thread.java:748)&#10;&quot;Datanode ReportManager Thread - 3&quot; daemon prio=5 tid=1283 timed_waiting&#10;java.lang.Thread.State: TIMED_WAITING&#10;        at sun.misc.Unsafe.park(Native Method)&#10;        at java.util.concurrent.locks.LockSupport.parkNanos(LockSupport.java:215)&#10;        at java.util.concurrent.locks.AbstractQueuedSynchronizer$ConditionObject.awaitNanos(AbstractQueuedSynchronizer.java:2078)&#10;        at java.util.concurrent.ScheduledThreadPoolExecutor$DelayedWorkQueue.take(ScheduledThreadPoolExecutor.java:1093)&#10;        at java.util.concurrent.ScheduledThreadPoolExecutor$DelayedWorkQueue.take(ScheduledThreadPoolExecutor.java:809)&#10;        at java.util.concurrent.ThreadPoolExecutor.getTask(ThreadPoolExecutor.java:1074)&#10;        at java.util.concurrent.ThreadPoolExecutor.runWorker(ThreadPoolExecutor.java:1134)&#10;        at java.util.concurrent.ThreadPoolExecutor$Worker.run(ThreadPoolExecutor.java:624)&#10;        at java.lang.Thread.run(Thread.java:748)&#10;&quot;Datanode ReportManager Thread - 0&quot; daemon prio=5 tid=1597 in Object.wait()&#10;java.lang.Thread.State: WAITING (on object monitor)&#10;        at sun.misc.Unsafe.park(Native Method)&#10;        at java.util.concurrent.locks.LockSupport.park(LockSupport.java:175)&#10;        at java.util.concurrent.locks.AbstractQueuedSynchronizer$ConditionObject.await(AbstractQueuedSynchronizer.java:2039)&#10;        at java.util.concurrent.ScheduledThreadPoolExecutor$DelayedWorkQueue.take(ScheduledThreadPoolExecutor.java:1088)&#10;        at java.util.concurrent.ScheduledThreadPoolExecutor$DelayedWorkQueue.take(ScheduledThreadPoolExecutor.java:809)&#10;        at java.util.concurrent.ThreadPoolExecutor.getTask(ThreadPoolExecutor.java:1074)&#10;        at java.util.concurrent.ThreadPoolExecutor.runWorker(ThreadPoolExecutor.java:1134)&#10;        at java.util.concurrent.ThreadPoolExecutor$Worker.run(ThreadPoolExecutor.java:624)&#10;        at java.lang.Thread.run(Thread.java:748)&#10;&quot;java.util.concurrent.ThreadPoolExecutor$Worker@1300bda0[State = -1, empty queue]&quot; daemon prio=5 tid=1557 timed_waiting&#10;java.lang.Thread.State: TIMED_WAITING&#10;        at sun.misc.Unsafe.park(Native Method)&#10;        at java.util.concurrent.locks.LockSupport.parkNanos(LockSupport.java:215)&#10;        at java.util.concurrent.locks.AbstractQueuedSynchronizer$ConditionObject.awaitNanos(AbstractQueuedSynchronizer.java:2078)&#10;        at java.util.concurrent.ScheduledThreadPoolExecutor$DelayedWorkQueue.take(ScheduledThreadPoolExecutor.java:1093)&#10;        at java.util.concurrent.ScheduledThreadPoolExecutor$DelayedWorkQueue.take(ScheduledThreadPoolExecutor.java:809)&#10;        at java.util.concurrent.ThreadPoolExecutor.getTask(ThreadPoolExecutor.java:1074)&#10;        at java.util.concurrent.ThreadPoolExecutor.runWorker(ThreadPoolExecutor.java:1134)&#10;        at java.util.concurrent.ThreadPoolExecutor$Worker.run(ThreadPoolExecutor.java:624)&#10;        at java.lang.Thread.run(Thread.java:748)&#10;&quot;pool-148-thread-44&quot;  prio=5 tid=1791 in Object.wait()&#10;java.lang.Thread.State: WAITING (on object monitor)&#10;        at sun.misc.Unsafe.park(Native Method)&#10;        at java.util.concurrent.locks.LockSupport.park(LockSupport.java:175)&#10;        at java.util.concurrent.locks.AbstractQueuedSynchronizer$ConditionObject.await(AbstractQueuedSynchronizer.java:2039)&#10;        at java.util.concurrent.ArrayBlockingQueue.take(ArrayBlockingQueue.java:403)&#10;        at java.util.concurrent.ThreadPoolExecutor.getTask(ThreadPoolExecutor.java:1074)&#10;        at java.util.concurrent.ThreadPoolExecutor.runWorker(ThreadPoolExecutor.java:1134)&#10;        at java.util.concurrent.ThreadPoolExecutor$Worker.run(ThreadPoolExecutor.java:624)&#10;        at java.lang.Thread.run(Thread.java:748)&#10;&quot;pool-158-thread-19&quot;  prio=5 tid=1843 in Object.wait()&#10;java.lang.Thread.State: WAITING (on object monitor)&#10;        at sun.misc.Unsafe.park(Native Method)&#10;        at java.util.concurrent.locks.LockSupport.park(LockSupport.java:175)&#10;        at java.util.concurrent.locks.AbstractQueuedSynchronizer$ConditionObject.await(AbstractQueuedSynchronizer.java:2039)&#10;        at java.util.concurrent.ArrayBlockingQueue.take(ArrayBlockingQueue.java:403)&#10;        at java.util.concurrent.ThreadPoolExecutor.getTask(ThreadPoolExecutor.java:1074)&#10;        at java.util.concurrent.ThreadPoolExecutor.runWorker(ThreadPoolExecutor.java:1134)&#10;        at java.util.concurrent.ThreadPoolExecutor$Worker.run(ThreadPoolExecutor.java:624)&#10;        at java.lang.Thread.run(Thread.java:748)&#10;&quot;metrics-hadoop-metrics2-reporter-81-thread-1&quot; daemon prio=5 tid=1052 timed_waiting&#10;java.lang.Thread.State: TIMED_WAITING&#10;        at sun.misc.Unsafe.park(Native Method)&#10;        at java.util.concurrent.locks.LockSupport.parkNanos(LockSupport.java:215)&#10;        at java.util.concurrent.locks.AbstractQueuedSynchronizer$ConditionObject.awaitNanos(AbstractQueuedSynchronizer.java:2078)&#10;        at java.util.concurrent.ScheduledThreadPoolExecutor$DelayedWorkQueue.take(ScheduledThreadPoolExecutor.java:1093)&#10;        at java.util.concurrent.ScheduledThreadPoolExecutor$DelayedWorkQueue.take(ScheduledThreadPoolExecutor.java:809)&#10;        at java.util.concurrent.ThreadPoolExecutor.getTask(ThreadPoolExecutor.java:1074)&#10;        at java.util.concurrent.ThreadPoolExecutor.runWorker(ThreadPoolExecutor.java:1134)&#10;        at java.util.concurrent.ThreadPoolExecutor$Worker.run(ThreadPoolExecutor.java:624)&#10;        at java.lang.Thread.run(Thread.java:748)&#10;&quot;pool-158-thread-57&quot;  prio=5 tid=1882 in Object.wait()&#10;java.lang.Thread.State: WAITING (on object monitor)&#10;        at sun.misc.Unsafe.park(Native Method)&#10;        at java.util.concurrent.locks.LockSupport.park(LockSupport.java:175)&#10;        at java.util.concurrent.locks.AbstractQueuedSynchronizer$ConditionObject.await(AbstractQueuedSynchronizer.java:2039)&#10;        at java.util.concurrent.ArrayBlockingQueue.take(ArrayBlockingQueue.java:403)&#10;        at java.util.concurrent.ThreadPoolExecutor.getTask(ThreadPoolExecutor.java:1074)&#10;        at java.util.concurrent.ThreadPoolExecutor.runWorker(ThreadPoolExecutor.java:1134)&#10;        at java.util.concurrent.ThreadPoolExecutor$Worker.run(ThreadPoolExecutor.java:624)&#10;        at java.lang.Thread.run(Thread.java:748)&#10;&quot;grpc-default-worker-ELG-7-2&quot; daemon prio=5 tid=1742 runnable&#10;java.lang.Thread.State: RUNNABLE&#10;        at sun.nio.ch.EPollArrayWrapper.epollWait(Native Method)&#10;        at sun.nio.ch.EPollArrayWrapper.poll(EPollArrayWrapper.java:269)&#10;        at sun.nio.ch.EPollSelectorImpl.doSelect(EPollSelectorImpl.java:93)&#10;        at sun.nio.ch.SelectorImpl.lockAndDoSelect(SelectorImpl.java:86)&#10;        at sun.nio.ch.SelectorImpl.select(SelectorImpl.java:97)&#10;        at org.apache.ratis.thirdparty.io.netty.channel.nio.SelectedSelectionKeySetSelector.select(SelectedSelectionKeySetSelector.java:62)&#10;        at org.apache.ratis.thirdparty.io.netty.channel.nio.NioEventLoop.select(NioEventLoop.java:753)&#10;        at org.apache.ratis.thirdparty.io.netty.channel.nio.NioEventLoop.run(NioEventLoop.java:408)&#10;        at org.apache.ratis.thirdparty.io.netty.util.concurrent.SingleThreadEventExecutor$5.run(SingleThreadEventExecutor.java:897)&#10;        at org.apache.ratis.thirdparty.io.netty.util.concurrent.FastThreadLocalRunnable.run(FastThreadLocalRunnable.java:30)&#10;        at java.lang.Thread.run(Thread.java:748)&#10;&quot;metrics-hadoop-metrics2-reporter-72-thread-1&quot; daemon prio=5 tid=1011 timed_waiting&#10;java.lang.Thread.State: TIMED_WAITING&#10;        at sun.misc.Unsafe.park(Native Method)&#10;        at java.util.concurrent.locks.LockSupport.parkNanos(LockSupport.java:215)&#10;        at java.util.concurrent.locks.AbstractQueuedSynchronizer$ConditionObject.awaitNanos(AbstractQueuedSynchronizer.java:2078)&#10;        at java.util.concurrent.ScheduledThreadPoolExecutor$DelayedWorkQueue.take(ScheduledThreadPoolExecutor.java:1093)&#10;        at java.util.concurrent.ScheduledThreadPoolExecutor$DelayedWorkQueue.take(ScheduledThreadPoolExecutor.java:809)&#10;        at java.util.concurrent.ThreadPoolExecutor.getTask(ThreadPoolExecutor.java:1074)&#10;        at java.util.concurrent.ThreadPoolExecutor.runWorker(ThreadPoolExecutor.java:1134)&#10;        at java.util.concurrent.ThreadPoolExecutor$Worker.run(ThreadPoolExecutor.java:624)&#10;        at java.lang.Thread.run(Thread.java:748)&#10;&quot;Datanode ReportManager Thread - 0&quot; daemon prio=5 tid=253 in Object.wait()&#10;java.lang.Thread.State: WAITING (on object monitor)&#10;        at sun.misc.Unsafe.park(Native Method)&#10;        at java.util.concurrent.locks.LockSupport.park(LockSupport.java:175)&#10;        at java.util.concurrent.locks.AbstractQueuedSynchronizer$ConditionObject.await(AbstractQueuedSynchronizer.java:2039)&#10;        at java.util.concurrent.ScheduledThreadPoolExecutor$DelayedWorkQueue.take(ScheduledThreadPoolExecutor.java:1088)&#10;        at java.util.concurrent.ScheduledThreadPoolExecutor$DelayedWorkQueue.take(ScheduledThreadPoolExecutor.java:809)&#10;        at java.util.concurrent.ThreadPoolExecutor.getTask(ThreadPoolExecutor.java:1074)&#10;        at java.util.concurrent.ThreadPoolExecutor.runWorker(ThreadPoolExecutor.java:1134)&#10;        at java.util.concurrent.ThreadPoolExecutor$Worker.run(ThreadPoolExecutor.java:624)&#10;        at java.lang.Thread.run(Thread.java:748)&#10;&quot;metrics-hadoop-metrics2-reporter-85-thread-1&quot; daemon prio=5 tid=1496 timed_waiting&#10;java.lang.Thread.State: TIMED_WAITING&#10;        at sun.misc.Unsafe.park(Native Method)&#10;        at java.util.concurrent.locks.LockSupport.parkNanos(LockSupport.java:215)&#10;        at java.util.concurrent.locks.AbstractQueuedSynchronizer$ConditionObject.awaitNanos(AbstractQueuedSynchronizer.java:2078)&#10;        at java.util.concurrent.ScheduledThreadPoolExecutor$DelayedWorkQueue.take(ScheduledThreadPoolExecutor.java:1093)&#10;        at java.util.concurrent.ScheduledThreadPoolExecutor$DelayedWorkQueue.take(ScheduledThreadPoolExecutor.java:809)&#10;        at java.util.concurrent.ThreadPoolExecutor.getTask(ThreadPoolExecutor.java:1074)&#10;        at java.util.concurrent.ThreadPoolExecutor.runWorker(ThreadPoolExecutor.java:1134)&#10;        at java.util.concurrent.ThreadPoolExecutor$Worker.run(ThreadPoolExecutor.java:624)&#10;        at java.lang.Thread.run(Thread.java:748)&#10;&quot;IPC Server Responder&quot; daemon prio=5 tid=1079 runnable&#10;java.lang.Thread.State: RUNNABLE&#10;        at sun.nio.ch.EPollArrayWrapper.epollWait(Native Method)&#10;        at sun.nio.ch.EPollArrayWrapper.poll(EPollArrayWrapper.java:269)&#10;        at sun.nio.ch.EPollSelectorImpl.doSelect(EPollSelectorImpl.java:93)&#10;        at sun.nio.ch.SelectorImpl.lockAndDoSelect(SelectorImpl.java:86)&#10;        at sun.nio.ch.SelectorImpl.select(SelectorImpl.java:97)&#10;        at org.apache.hadoop.ipc.Server$Responder.doRunLoop(Server.java:1334)&#10;        at org.apache.hadoop.ipc.Server$Responder.run(Server.java:1317)&#10;&quot;metrics-hadoop-metrics2-reporter-106-thread-1&quot; daemon prio=5 tid=1905 timed_waiting&#10;java.lang.Thread.State: TIMED_WAITING&#10;        at sun.misc.Unsafe.park(Native Method)&#10;        at java.util.concurrent.locks.LockSupport.parkNanos(LockSupport.java:215)&#10;        at java.util.concurrent.locks.AbstractQueuedSynchronizer$ConditionObject.awaitNanos(AbstractQueuedSynchronizer.java:2078)&#10;        at java.util.concurrent.ScheduledThreadPoolExecutor$DelayedWorkQueue.take(ScheduledThreadPoolExecutor.java:1093)&#10;        at java.util.concurrent.ScheduledThreadPoolExecutor$DelayedWorkQueue.take(ScheduledThreadPoolExecutor.java:809)&#10;        at java.util.concurrent.ThreadPoolExecutor.getTask(ThreadPoolExecutor.java:1074)&#10;        at java.util.concurrent.ThreadPoolExecutor.runWorker(ThreadPoolExecutor.java:1134)&#10;        at java.util.concurrent.ThreadPoolExecutor$Worker.run(ThreadPoolExecutor.java:624)&#10;        at java.lang.Thread.run(Thread.java:748)&#10;&quot;pool-158-thread-39&quot;  prio=5 tid=1863 in Object.wait()&#10;java.lang.Thread.State: WAITING (on object monitor)&#10;        at sun.misc.Unsafe.park(Native Method)&#10;        at java.util.concurrent.locks.LockSupport.park(LockSupport.java:175)&#10;        at java.util.concurrent.locks.AbstractQueuedSynchronizer$ConditionObject.await(AbstractQueuedSynchronizer.java:2039)&#10;        at java.util.concurrent.ArrayBlockingQueue.take(ArrayBlockingQueue.java:403)&#10;        at java.util.concurrent.ThreadPoolExecutor.getTask(ThreadPoolExecutor.java:1074)&#10;        at java.util.concurrent.ThreadPoolExecutor.runWorker(ThreadPoolExecutor.java:1134)&#10;        at java.util.concurrent.ThreadPoolExecutor$Worker.run(ThreadPoolExecutor.java:624)&#10;        at java.lang.Thread.run(Thread.java:748)&#10;&quot;metrics-hadoop-metrics2-reporter-1-thread-1&quot; daemon prio=5 tid=703 timed_waiting&#10;java.lang.Thread.State: TIMED_WAITING&#10;        at sun.misc.Unsafe.park(Native Method)&#10;        at java.util.concurrent.locks.LockSupport.parkNanos(LockSupport.java:215)&#10;        at java.util.concurrent.locks.AbstractQueuedSynchronizer$ConditionObject.awaitNanos(AbstractQueuedSynchronizer.java:2078)&#10;        at java.util.concurrent.ScheduledThreadPoolExecutor$DelayedWorkQueue.take(ScheduledThreadPoolExecutor.java:1093)&#10;        at java.util.concurrent.ScheduledThreadPoolExecutor$DelayedWorkQueue.take(ScheduledThreadPoolExecutor.java:809)&#10;        at java.util.concurrent.ThreadPoolExecutor.getTask(ThreadPoolExecutor.java:1074)&#10;        at java.util.concurrent.ThreadPoolExecutor.runWorker(ThreadPoolExecutor.java:1134)&#10;        at java.util.concurrent.ThreadPoolExecutor$Worker.run(ThreadPoolExecutor.java:624)&#10;        at java.lang.Thread.run(Thread.java:748)&#10;&quot;IPC Server handler 14 on 38802&quot; daemon prio=5 tid=1125 timed_waiting&#10;java.lang.Thread.State: TIMED_WAITING&#10;        at sun.misc.Unsafe.park(Native Method)&#10;        at java.util.concurrent.locks.LockSupport.parkNanos(LockSupport.java:215)&#10;        at java.util.concurrent.locks.AbstractQueuedSynchronizer$ConditionObject.awaitNanos(AbstractQueuedSynchronizer.java:2078)&#10;        at java.util.concurrent.LinkedBlockingQueue.poll(LinkedBlockingQueue.java:467)&#10;        at org.apache.hadoop.ipc.CallQueueManager.take(CallQueueManager.java:288)&#10;        at org.apache.hadoop.ipc.Server$Handler.run(Server.java:2668)&#10;&quot;pool-158-thread-20&quot;  prio=5 tid=1844 in Object.wait()&#10;java.lang.Thread.State: WAITING (on object monitor)&#10;        at sun.misc.Unsafe.park(Native Method)&#10;        at java.util.concurrent.locks.LockSupport.park(LockSupport.java:175)&#10;        at java.util.concurrent.locks.AbstractQueuedSynchronizer$ConditionObject.await(AbstractQueuedSynchronizer.java:2039)&#10;        at java.util.concurrent.ArrayBlockingQueue.take(ArrayBlockingQueue.java:403)&#10;        at java.util.concurrent.ThreadPoolExecutor.getTask(ThreadPoolExecutor.java:1074)&#10;        at java.util.concurrent.ThreadPoolExecutor.runWorker(ThreadPoolExecutor.java:1134)&#10;        at java.util.concurrent.ThreadPoolExecutor$Worker.run(ThreadPoolExecutor.java:624)&#10;        at java.lang.Thread.run(Thread.java:748)&#10;&quot;IPC Server handler 0 on 38802&quot; daemon prio=5 tid=1111 timed_waiting&#10;java.lang.Thread.State: TIMED_WAITING&#10;        at sun.misc.Unsafe.park(Native Method)&#10;        at java.util.concurrent.locks.LockSupport.parkNanos(LockSupport.java:215)&#10;        at java.util.concurrent.locks.AbstractQueuedSynchronizer$ConditionObject.awaitNanos(AbstractQueuedSynchronizer.java:2078)&#10;        at java.util.concurrent.LinkedBlockingQueue.poll(LinkedBlockingQueue.java:467)&#10;        at org.apache.hadoop.ipc.CallQueueManager.take(CallQueueManager.java:288)&#10;        at org.apache.hadoop.ipc.Server$Handler.run(Server.java:2668)&#10;&quot;pool-148-thread-5&quot;  prio=5 tid=1751 in Object.wait()&#10;java.lang.Thread.State: WAITING (on object monitor)&#10;        at sun.misc.Unsafe.park(Native Method)&#10;        at java.util.concurrent.locks.LockSupport.park(LockSupport.java:175)&#10;        at java.util.concurrent.locks.AbstractQueuedSynchronizer$ConditionObject.await(AbstractQueuedSynchronizer.java:2039)&#10;        at java.util.concurrent.ArrayBlockingQueue.take(ArrayBlockingQueue.java:403)&#10;        at java.util.concurrent.ThreadPoolExecutor.getTask(ThreadPoolExecutor.java:1074)&#10;        at java.util.concurrent.ThreadPoolExecutor.runWorker(ThreadPoolExecutor.java:1134)&#10;        at java.util.concurrent.ThreadPoolExecutor$Worker.run(ThreadPoolExecutor.java:624)&#10;        at java.lang.Thread.run(Thread.java:748)&#10;&quot;Datanode ReportManager Thread - 2&quot; daemon prio=5 tid=1228 in Object.wait()&#10;java.lang.Thread.State: WAITING (on object monitor)&#10;        at sun.misc.Unsafe.park(Native Method)&#10;        at java.util.concurrent.locks.LockSupport.park(LockSupport.java:175)&#10;        at java.util.concurrent.locks.AbstractQueuedSynchronizer$ConditionObject.await(AbstractQueuedSynchronizer.java:2039)&#10;        at java.util.concurrent.ScheduledThreadPoolExecutor$DelayedWorkQueue.take(ScheduledThreadPoolExecutor.java:1088)&#10;        at java.util.concurrent.ScheduledThreadPoolExecutor$DelayedWorkQueue.take(ScheduledThreadPoolExecutor.java:809)&#10;        at java.util.concurrent.ThreadPoolExecutor.getTask(ThreadPoolExecutor.java:1074)&#10;        at java.util.concurrent.ThreadPoolExecutor.runWorker(ThreadPoolExecutor.java:1134)&#10;        at java.util.concurrent.ThreadPoolExecutor$Worker.run(ThreadPoolExecutor.java:624)&#10;        at java.lang.Thread.run(Thread.java:748)&#10;&quot;org.eclipse.jetty.server.session.HashSessionManager@39351d4dTimer&quot; daemon prio=5 tid=1205 timed_waiting&#10;java.lang.Thread.State: TIMED_WAITING&#10;        at sun.misc.Unsafe.park(Native Method)&#10;        at java.util.concurrent.locks.LockSupport.parkNanos(LockSupport.java:215)&#10;        at java.util.concurrent.locks.AbstractQueuedSynchronizer$ConditionObject.awaitNanos(AbstractQueuedSynchronizer.java:2078)&#10;        at java.util.concurrent.ScheduledThreadPoolExecutor$DelayedWorkQueue.take(ScheduledThreadPoolExecutor.java:1093)&#10;        at java.util.concurrent.ScheduledThreadPoolExecutor$DelayedWorkQueue.take(ScheduledThreadPoolExecutor.java:809)&#10;        at java.util.concurrent.ThreadPoolExecutor.getTask(ThreadPoolExecutor.java:1074)&#10;        at java.util.concurrent.ThreadPoolExecutor.runWorker(ThreadPoolExecutor.java:1134)&#10;        at java.util.concurrent.ThreadPoolExecutor$Worker.run(ThreadPoolExecutor.java:624)&#10;        at java.lang.Thread.run(Thread.java:748)&#10;&quot;IPC Server handler 9 on 45184&quot; daemon prio=5 tid=1183 timed_waiting&#10;java.lang.Thread.State: TIMED_WAITING&#10;        at sun.misc.Unsafe.park(Native Method)&#10;        at java.util.concurrent.locks.LockSupport.parkNanos(LockSupport.java:215)&#10;        at java.util.concurrent.locks.AbstractQueuedSynchronizer$ConditionObject.awaitNanos(AbstractQueuedSynchronizer.java:2078)&#10;        at java.util.concurrent.LinkedBlockingQueue.poll(LinkedBlockingQueue.java:467)&#10;        at org.apache.hadoop.ipc.CallQueueManager.take(CallQueueManager.java:288)&#10;        at org.apache.hadoop.ipc.Server$Handler.run(Server.java:2668)&#10;&quot;Datanode ReportManager Thread - 1&quot; daemon prio=5 tid=173 in Object.wait()&#10;java.lang.Thread.State: WAITING (on object monitor)&#10;        at sun.misc.Unsafe.park(Native Method)&#10;        at java.util.concurrent.locks.LockSupport.park(LockSupport.java:175)&#10;        at java.util.concurrent.locks.AbstractQueuedSynchronizer$ConditionObject.await(AbstractQueuedSynchronizer.java:2039)&#10;        at java.util.concurrent.ScheduledThreadPoolExecutor$DelayedWorkQueue.take(ScheduledThreadPoolExecutor.java:1088)&#10;        at java.util.concurrent.ScheduledThreadPoolExecutor$DelayedWorkQueue.take(ScheduledThreadPoolExecutor.java:809)&#10;        at java.util.concurrent.ThreadPoolExecutor.getTask(ThreadPoolExecutor.java:1074)&#10;        at java.util.concurrent.ThreadPoolExecutor.runWorker(ThreadPoolExecutor.java:1134)&#10;        at java.util.concurrent.ThreadPoolExecutor$Worker.run(ThreadPoolExecutor.java:624)&#10;        at java.lang.Thread.run(Thread.java:748)&#10;&quot;Datanode ReportManager Thread - 2&quot; daemon prio=5 tid=1663 in Object.wait()&#10;java.lang.Thread.State: WAITING (on object monitor)&#10;        at sun.misc.Unsafe.park(Native Method)&#10;        at java.util.concurrent.locks.LockSupport.park(LockSupport.java:175)&#10;        at java.util.concurrent.locks.AbstractQueuedSynchronizer$ConditionObject.await(AbstractQueuedSynchronizer.java:2039)&#10;        at java.util.concurrent.ScheduledThreadPoolExecutor$DelayedWorkQueue.take(ScheduledThreadPoolExecutor.java:1088)&#10;        at java.util.concurrent.ScheduledThreadPoolExecutor$DelayedWorkQueue.take(ScheduledThreadPoolExecutor.java:809)&#10;        at java.util.concurrent.ThreadPoolExecutor.getTask(ThreadPoolExecutor.java:1074)&#10;        at java.util.concurrent.ThreadPoolExecutor.runWorker(ThreadPoolExecutor.java:1134)&#10;        at java.util.concurrent.ThreadPoolExecutor$Worker.run(ThreadPoolExecutor.java:624)&#10;        at java.lang.Thread.run(Thread.java:748)&#10;&quot;qtp1025473693-1158&quot; daemon prio=5 tid=1158 timed_waiting&#10;java.lang.Thread.State: TIMED_WAITING&#10;        at sun.misc.Unsafe.park(Native Method)&#10;        at java.util.concurrent.locks.LockSupport.parkNanos(LockSupport.java:215)&#10;        at java.util.concurrent.locks.AbstractQueuedSynchronizer$ConditionObject.awaitNanos(AbstractQueuedSynchronizer.java:2078)&#10;        at org.eclipse.jetty.util.BlockingArrayQueue.poll(BlockingArrayQueue.java:392)&#10;        at org.eclipse.jetty.util.thread.QueuedThreadPool.idleJobPoll(QueuedThreadPool.java:563)&#10;        at org.eclipse.jetty.util.thread.QueuedThreadPool.access$800(QueuedThreadPool.java:48)&#10;        at org.eclipse.jetty.util.thread.QueuedThreadPool$2.run(QueuedThreadPool.java:626)&#10;        at java.lang.Thread.run(Thread.java:748)&#10;&quot;pool-158-thread-45&quot;  prio=5 tid=1870 in Object.wait()&#10;java.lang.Thread.State: WAITING (on object monitor)&#10;        at sun.misc.Unsafe.park(Native Method)&#10;        at java.util.concurrent.locks.LockSupport.park(LockSupport.java:175)&#10;        at java.util.concurrent.locks.AbstractQueuedSynchronizer$ConditionObject.await(AbstractQueuedSynchronizer.java:2039)&#10;        at java.util.concurrent.ArrayBlockingQueue.take(ArrayBlockingQueue.java:403)&#10;        at java.util.concurrent.ThreadPoolExecutor.getTask(ThreadPoolExecutor.java:1074)&#10;        at java.util.concurrent.ThreadPoolExecutor.runWorker(ThreadPoolExecutor.java:1134)&#10;        at java.util.concurrent.ThreadPoolExecutor$Worker.run(ThreadPoolExecutor.java:624)&#10;        at java.lang.Thread.run(Thread.java:748)&#10;&quot;pool-158-thread-55&quot;  prio=5 tid=1880 in Object.wait()&#10;java.lang.Thread.State: WAITING (on object monitor)&#10;        at sun.misc.Unsafe.park(Native Method)&#10;        at java.util.concurrent.locks.LockSupport.park(LockSupport.java:175)&#10;        at java.util.concurrent.locks.AbstractQueuedSynchronizer$ConditionObject.await(AbstractQueuedSynchronizer.java:2039)&#10;        at java.util.concurrent.ArrayBlockingQueue.take(ArrayBlockingQueue.java:403)&#10;        at java.util.concurrent.ThreadPoolExecutor.getTask(ThreadPoolExecutor.java:1074)&#10;        at java.util.concurrent.ThreadPoolExecutor.runWorker(ThreadPoolExecutor.java:1134)&#10;        at java.util.concurrent.ThreadPoolExecutor$Worker.run(ThreadPoolExecutor.java:624)&#10;        at java.lang.Thread.run(Thread.java:748)&#10;&quot;pool-158-thread-27&quot;  prio=5 tid=1851 in Object.wait()&#10;java.lang.Thread.State: WAITING (on object monitor)&#10;        at sun.misc.Unsafe.park(Native Method)&#10;        at java.util.concurrent.locks.LockSupport.park(LockSupport.java:175)&#10;        at java.util.concurrent.locks.AbstractQueuedSynchronizer$ConditionObject.await(AbstractQueuedSynchronizer.java:2039)&#10;        at java.util.concurrent.ArrayBlockingQueue.take(ArrayBlockingQueue.java:403)&#10;        at java.util.concurrent.ThreadPoolExecutor.getTask(ThreadPoolExecutor.java:1074)&#10;        at java.util.concurrent.ThreadPoolExecutor.runWorker(ThreadPoolExecutor.java:1134)&#10;        at java.util.concurrent.ThreadPoolExecutor$Worker.run(ThreadPoolExecutor.java:624)&#10;        at java.lang.Thread.run(Thread.java:748)&#10;&quot;qtp1570597614-1649&quot; daemon prio=5 tid=1649 timed_waiting&#10;java.lang.Thread.State: TIMED_WAITING&#10;        at sun.misc.Unsafe.park(Native Method)&#10;        at java.util.concurrent.locks.LockSupport.parkNanos(LockSupport.java:215)&#10;        at java.util.concurrent.locks.AbstractQueuedSynchronizer$ConditionObject.awaitNanos(AbstractQueuedSynchronizer.java:2078)&#10;        at org.eclipse.jetty.util.BlockingArrayQueue.poll(BlockingArrayQueue.java:392)&#10;        at org.eclipse.jetty.util.thread.QueuedThreadPool.idleJobPoll(QueuedThreadPool.java:563)&#10;        at org.eclipse.jetty.util.thread.QueuedThreadPool.access$800(QueuedThreadPool.java:48)&#10;        at org.eclipse.jetty.util.thread.QueuedThreadPool$2.run(QueuedThreadPool.java:626)&#10;        at java.lang.Thread.run(Thread.java:748)&#10;&quot;IPC Server handler 10 on 46609&quot; daemon prio=5 tid=1101 timed_waiting&#10;java.lang.Thread.State: TIMED_WAITING&#10;        at sun.misc.Unsafe.park(Native Method)&#10;        at java.util.concurrent.locks.LockSupport.parkNanos(LockSupport.java:215)&#10;        at java.util.concurrent.locks.AbstractQueuedSynchronizer$ConditionObject.awaitNanos(AbstractQueuedSynchronizer.java:2078)&#10;        at java.util.concurrent.LinkedBlockingQueue.poll(LinkedBlockingQueue.java:467)&#10;        at org.apache.hadoop.ipc.CallQueueManager.take(CallQueueManager.java:288)&#10;        at org.apache.hadoop.ipc.Server$Handler.run(Server.java:2668)&#10;&quot;metrics-hadoop-metrics2-reporter-94-thread-1&quot; daemon prio=5 tid=1525 timed_waiting&#10;java.lang.Thread.State: TIMED_WAITING&#10;        at sun.misc.Unsafe.park(Native Method)&#10;        at java.util.concurrent.locks.LockSupport.parkNanos(LockSupport.java:215)&#10;        at java.util.concurrent.locks.AbstractQueuedSynchronizer$ConditionObject.awaitNanos(AbstractQueuedSynchronizer.java:2078)&#10;        at java.util.concurrent.ScheduledThreadPoolExecutor$DelayedWorkQueue.take(ScheduledThreadPoolExecutor.java:1093)&#10;        at java.util.concurrent.ScheduledThreadPoolExecutor$DelayedWorkQueue.take(ScheduledThreadPoolExecutor.java:809)&#10;        at java.util.concurrent.ThreadPoolExecutor.getTask(ThreadPoolExecutor.java:1074)&#10;        at java.util.concurrent.ThreadPoolExecutor.runWorker(ThreadPoolExecutor.java:1134)&#10;        at java.util.concurrent.ThreadPoolExecutor$Worker.run(ThreadPoolExecutor.java:624)&#10;        at java.lang.Thread.run(Thread.java:748)&#10;&quot;pool-158-thread-60&quot;  prio=5 tid=1885 in Object.wait()&#10;java.lang.Thread.State: WAITING (on object monitor)&#10;        at sun.misc.Unsafe.park(Native Method)&#10;        at java.util.concurrent.locks.LockSupport.park(LockSupport.java:175)&#10;        at java.util.concurrent.locks.AbstractQueuedSynchronizer$ConditionObject.await(AbstractQueuedSynchronizer.java:2039)&#10;        at java.util.concurrent.ArrayBlockingQueue.take(ArrayBlockingQueue.java:403)&#10;        at java.util.concurrent.ThreadPoolExecutor.getTask(ThreadPoolExecutor.java:1074)&#10;        at java.util.concurrent.ThreadPoolExecutor.runWorker(ThreadPoolExecutor.java:1134)&#10;        at java.util.concurrent.ThreadPoolExecutor$Worker.run(ThreadPoolExecutor.java:624)&#10;        at java.lang.Thread.run(Thread.java:748)&#10;&quot;Thread-761&quot; daemon prio=5 tid=1823 timed_waiting&#10;java.lang.Thread.State: TIMED_WAITING&#10;        at sun.misc.Unsafe.park(Native Method)&#10;        at java.util.concurrent.locks.LockSupport.parkNanos(LockSupport.java:215)&#10;        at java.util.concurrent.locks.AbstractQueuedSynchronizer$ConditionObject.awaitNanos(AbstractQueuedSynchronizer.java:2078)&#10;        at java.util.concurrent.ArrayBlockingQueue.poll(ArrayBlockingQueue.java:418)&#10;        at org.apache.ratis.server.impl.LeaderState$EventQueue.poll(LeaderState.java:115)&#10;        at org.apache.ratis.server.impl.LeaderState$EventProcessor.run(LeaderState.java:467)&#10;&quot;pool-148-thread-58&quot;  prio=5 tid=1805 in Object.wait()&#10;java.lang.Thread.State: WAITING (on object monitor)&#10;        at sun.misc.Unsafe.park(Native Method)&#10;        at java.util.concurrent.locks.LockSupport.park(LockSupport.java:175)&#10;        at java.util.concurrent.locks.AbstractQueuedSynchronizer$ConditionObject.await(AbstractQueuedSynchronizer.java:2039)&#10;        at java.util.concurrent.ArrayBlockingQueue.take(ArrayBlockingQueue.java:403)&#10;        at java.util.concurrent.ThreadPoolExecutor.getTask(ThreadPoolExecutor.java:1074)&#10;        at java.util.concurrent.ThreadPoolExecutor.runWorker(ThreadPoolExecutor.java:1134)&#10;        at java.util.concurrent.ThreadPoolExecutor$Worker.run(ThreadPoolExecutor.java:624)&#10;        at java.lang.Thread.run(Thread.java:748)&#10;&quot;qtp1410488616-1200&quot; daemon prio=5 tid=1200 timed_waiting&#10;java.lang.Thread.State: TIMED_WAITING&#10;        at sun.misc.Unsafe.park(Native Method)&#10;        at java.util.concurrent.locks.LockSupport.parkNanos(LockSupport.java:215)&#10;        at java.util.concurrent.locks.AbstractQueuedSynchronizer$ConditionObject.awaitNanos(AbstractQueuedSynchronizer.java:2078)&#10;        at org.eclipse.jetty.util.BlockingArrayQueue.poll(BlockingArrayQueue.java:392)&#10;        at org.eclipse.jetty.util.thread.QueuedThreadPool.idleJobPoll(QueuedThreadPool.java:563)&#10;        at org.eclipse.jetty.util.thread.QueuedThreadPool.access$800(QueuedThreadPool.java:48)&#10;        at org.eclipse.jetty.util.thread.QueuedThreadPool$2.run(QueuedThreadPool.java:626)&#10;        at java.lang.Thread.run(Thread.java:748)&#10;&quot;pool-148-thread-47&quot;  prio=5 tid=1794 in Object.wait()&#10;java.lang.Thread.State: WAITING (on object monitor)&#10;        at sun.misc.Unsafe.park(Native Method)&#10;        at java.util.concurrent.locks.LockSupport.park(LockSupport.java:175)&#10;        at java.util.concurrent.locks.AbstractQueuedSynchronizer$ConditionObject.await(AbstractQueuedSynchronizer.java:2039)&#10;        at java.util.concurrent.ArrayBlockingQueue.take(ArrayBlockingQueue.java:403)&#10;        at java.util.concurrent.ThreadPoolExecutor.getTask(ThreadPoolExecutor.java:1074)&#10;        at java.util.concurrent.ThreadPoolExecutor.runWorker(ThreadPoolExecutor.java:1134)&#10;        at java.util.concurrent.ThreadPoolExecutor$Worker.run(ThreadPoolExecutor.java:624)&#10;        at java.lang.Thread.run(Thread.java:748)&#10;&quot;IPC Server handler 11 on 38131&quot; daemon prio=5 tid=1142 timed_waiting&#10;java.lang.Thread.State: TIMED_WAITING&#10;        at sun.misc.Unsafe.park(Native Method)&#10;        at java.util.concurrent.locks.LockSupport.parkNanos(LockSupport.java:215)&#10;        at java.util.concurrent.locks.AbstractQueuedSynchronizer$ConditionObject.awaitNanos(AbstractQueuedSynchronizer.java:2078)&#10;        at java.util.concurrent.LinkedBlockingQueue.poll(LinkedBlockingQueue.java:467)&#10;        at org.apache.hadoop.ipc.CallQueueManager.take(CallQueueManager.java:288)&#10;        at org.apache.hadoop.ipc.Server$Handler.run(Server.java:2668)&#10;&quot;metrics-hadoop-metrics2-reporter-90-thread-1&quot; daemon prio=5 tid=1509 timed_waiting&#10;java.lang.Thread.State: TIMED_WAITING&#10;        at sun.misc.Unsafe.park(Native Method)&#10;        at java.util.concurrent.locks.LockSupport.parkNanos(LockSupport.java:215)&#10;        at java.util.concurrent.locks.AbstractQueuedSynchronizer$ConditionObject.awaitNanos(AbstractQueuedSynchronizer.java:2078)&#10;        at java.util.concurrent.ScheduledThreadPoolExecutor$DelayedWorkQueue.take(ScheduledThreadPoolExecutor.java:1093)&#10;        at java.util.concurrent.ScheduledThreadPoolExecutor$DelayedWorkQueue.take(ScheduledThreadPoolExecutor.java:809)&#10;        at java.util.concurrent.ThreadPoolExecutor.getTask(ThreadPoolExecutor.java:1074)&#10;        at java.util.concurrent.ThreadPoolExecutor.runWorker(ThreadPoolExecutor.java:1134)&#10;        at java.util.concurrent.ThreadPoolExecutor$Worker.run(ThreadPoolExecutor.java:624)&#10;        at java.lang.Thread.run(Thread.java:748)&#10;&quot;pool-158-thread-54&quot;  prio=5 tid=1879 in Object.wait()&#10;java.lang.Thread.State: WAITING (on object monitor)&#10;        at sun.misc.Unsafe.park(Native Method)&#10;        at java.util.concurrent.locks.LockSupport.park(LockSupport.java:175)&#10;        at java.util.concurrent.locks.AbstractQueuedSynchronizer$ConditionObject.await(AbstractQueuedSynchronizer.java:2039)&#10;        at java.util.concurrent.ArrayBlockingQueue.take(ArrayBlockingQueue.java:403)&#10;        at java.util.concurrent.ThreadPoolExecutor.getTask(ThreadPoolExecutor.java:1074)&#10;        at java.util.concurrent.ThreadPoolExecutor.runWorker(ThreadPoolExecutor.java:1134)&#10;        at java.util.concurrent.ThreadPoolExecutor$Worker.run(ThreadPoolExecutor.java:624)&#10;        at java.lang.Thread.run(Thread.java:748)&#10;&quot;pool-138-thread-10&quot;  prio=5 tid=1681 in Object.wait()&#10;java.lang.Thread.State: WAITING (on object monitor)&#10;        at sun.misc.Unsafe.park(Native Method)&#10;        at java.util.concurrent.locks.LockSupport.park(LockSupport.java:175)&#10;        at java.util.concurrent.locks.AbstractQueuedSynchronizer$ConditionObject.await(AbstractQueuedSynchronizer.java:2039)&#10;        at java.util.concurrent.ArrayBlockingQueue.take(ArrayBlockingQueue.java:403)&#10;        at java.util.concurrent.ThreadPoolExecutor.getTask(ThreadPoolExecutor.java:1074)&#10;        at java.util.concurrent.ThreadPoolExecutor.runWorker(ThreadPoolExecutor.java:1134)&#10;        at java.util.concurrent.ThreadPoolExecutor$Worker.run(ThreadPoolExecutor.java:624)&#10;        at java.lang.Thread.run(Thread.java:748)&#10;&quot;metrics-hadoop-metrics2-reporter-33-thread-1&quot; daemon prio=5 tid=786 timed_waiting&#10;java.lang.Thread.State: TIMED_WAITING&#10;        at sun.misc.Unsafe.park(Native Method)&#10;        at java.util.concurrent.locks.LockSupport.parkNanos(LockSupport.java:215)&#10;        at java.util.concurrent.locks.AbstractQueuedSynchronizer$ConditionObject.awaitNanos(AbstractQueuedSynchronizer.java:2078)&#10;        at java.util.concurrent.ScheduledThreadPoolExecutor$DelayedWorkQueue.take(ScheduledThreadPoolExecutor.java:1093)&#10;        at java.util.concurrent.ScheduledThreadPoolExecutor$DelayedWorkQueue.take(ScheduledThreadPoolExecutor.java:809)&#10;        at java.util.concurrent.ThreadPoolExecutor.getTask(ThreadPoolExecutor.java:1074)&#10;        at java.util.concurrent.ThreadPoolExecutor.runWorker(ThreadPoolExecutor.java:1134)&#10;        at java.util.concurrent.ThreadPoolExecutor$Worker.run(ThreadPoolExecutor.java:624)&#10;        at java.lang.Thread.run(Thread.java:748)&#10;&quot;pool-138-thread-57&quot;  prio=5 tid=1728 in Object.wait()&#10;java.lang.Thread.State: WAITING (on object monitor)&#10;        at sun.misc.Unsafe.park(Native Method)&#10;        at java.util.concurrent.locks.LockSupport.park(LockSupport.java:175)&#10;        at java.util.concurrent.locks.AbstractQueuedSynchronizer$ConditionObject.await(AbstractQueuedSynchronizer.java:2039)&#10;        at java.util.concurrent.ArrayBlockingQueue.take(ArrayBlockingQueue.java:403)&#10;        at java.util.concurrent.ThreadPoolExecutor.getTask(ThreadPoolExecutor.java:1074)&#10;        at java.util.concurrent.ThreadPoolExecutor.runWorker(ThreadPoolExecutor.java:1134)&#10;        at java.util.concurrent.ThreadPoolExecutor$Worker.run(ThreadPoolExecutor.java:624)&#10;        at java.lang.Thread.run(Thread.java:748)&#10;&quot;qtp1025473693-1151&quot; daemon prio=5 tid=1151 runnable&#10;java.lang.Thread.State: RUNNABLE&#10;        at sun.nio.ch.EPollArrayWrapper.epollWait(Native Method)&#10;        at sun.nio.ch.EPollArrayWrapper.poll(EPollArrayWrapper.java:269)&#10;        at sun.nio.ch.EPollSelectorImpl.doSelect(EPollSelectorImpl.java:93)&#10;        at sun.nio.ch.SelectorImpl.lockAndDoSelect(SelectorImpl.java:86)&#10;        at sun.nio.ch.SelectorImpl.select(SelectorImpl.java:97)&#10;        at sun.nio.ch.SelectorImpl.select(SelectorImpl.java:101)&#10;        at org.eclipse.jetty.io.ManagedSelector$SelectorProducer.select(ManagedSelector.java:243)&#10;        at org.eclipse.jetty.io.ManagedSelector$SelectorProducer.produce(ManagedSelector.java:191)&#10;        at org.eclipse.jetty.util.thread.strategy.ExecuteProduceConsume.executeProduceConsume(ExecuteProduceConsume.java:249)&#10;        at org.eclipse.jetty.util.thread.strategy.ExecuteProduceConsume.produceConsume(ExecuteProduceConsume.java:148)&#10;        at org.eclipse.jetty.util.thread.strategy.ExecuteProduceConsume.execute(ExecuteProduceConsume.java:100)&#10;        at org.eclipse.jetty.io.ManagedSelector.run(ManagedSelector.java:147)&#10;        at org.eclipse.jetty.util.thread.QueuedThreadPool.runJob(QueuedThreadPool.java:671)&#10;        at org.eclipse.jetty.util.thread.QueuedThreadPool$2.run(QueuedThreadPool.java:589)&#10;        at java.lang.Thread.run(Thread.java:748)&#10;&quot;pool-138-thread-6&quot;  prio=5 tid=1677 in Object.wait()&#10;java.lang.Thread.State: WAITING (on object monitor)&#10;        at sun.misc.Unsafe.park(Native Method)&#10;        at java.util.concurrent.locks.LockSupport.park(LockSupport.java:175)&#10;        at java.util.concurrent.locks.AbstractQueuedSynchronizer$ConditionObject.await(AbstractQueuedSynchronizer.java:2039)&#10;        at java.util.concurrent.ArrayBlockingQueue.take(ArrayBlockingQueue.java:403)&#10;        at java.util.concurrent.ThreadPoolExecutor.getTask(ThreadPoolExecutor.java:1074)&#10;        at java.util.concurrent.ThreadPoolExecutor.runWorker(ThreadPoolExecutor.java:1134)&#10;        at java.util.concurrent.ThreadPoolExecutor$Worker.run(ThreadPoolExecutor.java:624)&#10;        at java.lang.Thread.run(Thread.java:748)&#10;&quot;pool-158-thread-33&quot;  prio=5 tid=1857 in Object.wait()&#10;java.lang.Thread.State: WAITING (on object monitor)&#10;        at sun.misc.Unsafe.park(Native Method)&#10;        at java.util.concurrent.locks.LockSupport.park(LockSupport.java:175)&#10;        at java.util.concurrent.locks.AbstractQueuedSynchronizer$ConditionObject.await(AbstractQueuedSynchronizer.java:2039)&#10;        at java.util.concurrent.ArrayBlockingQueue.take(ArrayBlockingQueue.java:403)&#10;        at java.util.concurrent.ThreadPoolExecutor.getTask(ThreadPoolExecutor.java:1074)&#10;        at java.util.concurrent.ThreadPoolExecutor.runWorker(ThreadPoolExecutor.java:1134)&#10;        at java.util.concurrent.ThreadPoolExecutor$Worker.run(ThreadPoolExecutor.java:624)&#10;        at java.lang.Thread.run(Thread.java:748)&#10;&quot;metrics-hadoop-metrics2-reporter-29-thread-1&quot; daemon prio=5 tid=770 timed_waiting&#10;java.lang.Thread.State: TIMED_WAITING&#10;        at sun.misc.Unsafe.park(Native Method)&#10;        at java.util.concurrent.locks.LockSupport.parkNanos(LockSupport.java:215)&#10;        at java.util.concurrent.locks.AbstractQueuedSynchronizer$ConditionObject.awaitNanos(AbstractQueuedSynchronizer.java:2078)&#10;        at java.util.concurrent.ScheduledThreadPoolExecutor$DelayedWorkQueue.take(ScheduledThreadPoolExecutor.java:1093)&#10;        at java.util.concurrent.ScheduledThreadPoolExecutor$DelayedWorkQueue.take(ScheduledThreadPoolExecutor.java:809)&#10;        at java.util.concurrent.ThreadPoolExecutor.getTask(ThreadPoolExecutor.java:1074)&#10;        at java.util.concurrent.ThreadPoolExecutor.runWorker(ThreadPoolExecutor.java:1134)&#10;        at java.util.concurrent.ThreadPoolExecutor$Worker.run(ThreadPoolExecutor.java:624)&#10;        at java.lang.Thread.run(Thread.java:748)&#10;&quot;pool-148-thread-52&quot;  prio=5 tid=1799 in Object.wait()&#10;java.lang.Thread.State: WAITING (on object monitor)&#10;        at sun.misc.Unsafe.park(Native Method)&#10;        at java.util.concurrent.locks.LockSupport.park(LockSupport.java:175)&#10;        at java.util.concurrent.locks.AbstractQueuedSynchronizer$ConditionObject.await(AbstractQueuedSynchronizer.java:2039)&#10;        at java.util.concurrent.ArrayBlockingQueue.take(ArrayBlockingQueue.java:403)&#10;        at java.util.concurrent.ThreadPoolExecutor.getTask(ThreadPoolExecutor.java:1074)&#10;        at java.util.concurrent.ThreadPoolExecutor.runWorker(ThreadPoolExecutor.java:1134)&#10;        at java.util.concurrent.ThreadPoolExecutor$Worker.run(ThreadPoolExecutor.java:624)&#10;        at java.lang.Thread.run(Thread.java:748)&#10;&quot;org.eclipse.jetty.server.session.HashSessionManager@587ff2d7Timer&quot; daemon prio=5 tid=1623 timed_waiting&#10;java.lang.Thread.State: TIMED_WAITING&#10;        at sun.misc.Unsafe.park(Native Method)&#10;        at java.util.concurrent.locks.LockSupport.parkNanos(LockSupport.java:215)&#10;        at java.util.concurrent.locks.AbstractQueuedSynchronizer$ConditionObject.awaitNanos(AbstractQueuedSynchronizer.java:2078)&#10;        at java.util.concurrent.ScheduledThreadPoolExecutor$DelayedWorkQueue.take(ScheduledThreadPoolExecutor.java:1093)&#10;        at java.util.concurrent.ScheduledThreadPoolExecutor$DelayedWorkQueue.take(ScheduledThreadPoolExecutor.java:809)&#10;        at java.util.concurrent.ThreadPoolExecutor.getTask(ThreadPoolExecutor.java:1074)&#10;        at java.util.concurrent.ThreadPoolExecutor.runWorker(ThreadPoolExecutor.java:1134)&#10;        at java.util.concurrent.ThreadPoolExecutor$Worker.run(ThreadPoolExecutor.java:624)&#10;        at java.lang.Thread.run(Thread.java:748)&#10;&quot;IPC Server handler 8 on 45184&quot; daemon prio=5 tid=1182 timed_waiting&#10;java.lang.Thread.State: TIMED_WAITING&#10;        at sun.misc.Unsafe.park(Native Method)&#10;        at java.util.concurrent.locks.LockSupport.parkNanos(LockSupport.java:215)&#10;        at java.util.concurrent.locks.AbstractQueuedSynchronizer$ConditionObject.awaitNanos(AbstractQueuedSynchronizer.java:2078)&#10;        at java.util.concurrent.LinkedBlockingQueue.poll(LinkedBlockingQueue.java:467)&#10;        at org.apache.hadoop.ipc.CallQueueManager.take(CallQueueManager.java:288)&#10;        at org.apache.hadoop.ipc.Server$Handler.run(Server.java:2668)&#10;&quot;pool-148-thread-3&quot;  prio=5 tid=1749 in Object.wait()&#10;java.lang.Thread.State: WAITING (on object monitor)&#10;        at sun.misc.Unsafe.park(Native Method)&#10;        at java.util.concurrent.locks.LockSupport.park(LockSupport.java:175)&#10;        at java.util.concurrent.locks.AbstractQueuedSynchronizer$ConditionObject.await(AbstractQueuedSynchronizer.java:2039)&#10;        at java.util.concurrent.ArrayBlockingQueue.take(ArrayBlockingQueue.java:403)&#10;        at java.util.concurrent.ThreadPoolExecutor.getTask(ThreadPoolExecutor.java:1074)&#10;        at java.util.concurrent.ThreadPoolExecutor.runWorker(ThreadPoolExecutor.java:1134)&#10;        at java.util.concurrent.ThreadPoolExecutor$Worker.run(ThreadPoolExecutor.java:624)&#10;        at java.lang.Thread.run(Thread.java:748)&#10;&quot;IPC Server handler 10 on 38802&quot; daemon prio=5 tid=1121 timed_waiting&#10;java.lang.Thread.State: TIMED_WAITING&#10;        at sun.misc.Unsafe.park(Native Method)&#10;        at java.util.concurrent.locks.LockSupport.parkNanos(LockSupport.java:215)&#10;        at java.util.concurrent.locks.AbstractQueuedSynchronizer$ConditionObject.awaitNanos(AbstractQueuedSynchronizer.java:2078)&#10;        at java.util.concurrent.LinkedBlockingQueue.poll(LinkedBlockingQueue.java:467)&#10;        at org.apache.hadoop.ipc.CallQueueManager.take(CallQueueManager.java:288)&#10;        at org.apache.hadoop.ipc.Server$Handler.run(Server.java:2668)&#10;&quot;org.eclipse.jetty.server.session.HashSessionManager@230b4e74Timer&quot; daemon prio=5 tid=1659 timed_waiting&#10;java.lang.Thread.State: TIMED_WAITING&#10;        at sun.misc.Unsafe.park(Native Method)&#10;        at java.util.concurrent.locks.LockSupport.parkNanos(LockSupport.java:215)&#10;        at java.util.concurrent.locks.AbstractQueuedSynchronizer$ConditionObject.awaitNanos(AbstractQueuedSynchronizer.java:2078)&#10;        at java.util.concurrent.ScheduledThreadPoolExecutor$DelayedWorkQueue.take(ScheduledThreadPoolExecutor.java:1093)&#10;        at java.util.concurrent.ScheduledThreadPoolExecutor$DelayedWorkQueue.take(ScheduledThreadPoolExecutor.java:809)&#10;        at java.util.concurrent.ThreadPoolExecutor.getTask(ThreadPoolExecutor.java:1074)&#10;        at java.util.concurrent.ThreadPoolExecutor.runWorker(ThreadPoolExecutor.java:1134)&#10;        at java.util.concurrent.ThreadPoolExecutor$Worker.run(ThreadPoolExecutor.java:624)&#10;        at java.lang.Thread.run(Thread.java:748)&#10;&quot;pool-159-thread-1&quot;  prio=5 tid=1644 in Object.wait()&#10;java.lang.Thread.State: WAITING (on object monitor)&#10;        at sun.misc.Unsafe.park(Native Method)&#10;        at java.util.concurrent.locks.LockSupport.park(LockSupport.java:175)&#10;        at java.util.concurrent.locks.AbstractQueuedSynchronizer$ConditionObject.await(AbstractQueuedSynchronizer.java:2039)&#10;        at java.util.concurrent.LinkedBlockingQueue.take(LinkedBlockingQueue.java:442)&#10;        at java.util.concurrent.ThreadPoolExecutor.getTask(ThreadPoolExecutor.java:1074)&#10;        at java.util.concurrent.ThreadPoolExecutor.runWorker(ThreadPoolExecutor.java:1134)&#10;        at java.util.concurrent.ThreadPoolExecutor$Worker.run(ThreadPoolExecutor.java:624)&#10;        at java.lang.Thread.run(Thread.java:748)&#10;&quot;qtp25266959-1591&quot; daemon prio=5 tid=1591 timed_waiting&#10;java.lang.Thread.State: TIMED_WAITING&#10;        at sun.misc.Unsafe.park(Native Method)&#10;        at java.util.concurrent.locks.LockSupport.parkNanos(LockSupport.java:215)&#10;        at java.util.concurrent.locks.AbstractQueuedSynchronizer$ConditionObject.awaitNanos(AbstractQueuedSynchronizer.java:2078)&#10;        at org.eclipse.jetty.util.BlockingArrayQueue.poll(BlockingArrayQueue.java:392)&#10;        at org.eclipse.jetty.util.thread.QueuedThreadPool.idleJobPoll(QueuedThreadPool.java:563)&#10;        at org.eclipse.jetty.util.thread.QueuedThreadPool.access$800(QueuedThreadPool.java:48)&#10;        at org.eclipse.jetty.util.thread.QueuedThreadPool$2.run(QueuedThreadPool.java:626)&#10;        at java.lang.Thread.run(Thread.java:748)&#10;&quot;IPC Server handler 13 on 45184&quot; daemon prio=5 tid=1187 timed_waiting&#10;java.lang.Thread.State: TIMED_WAITING&#10;        at sun.misc.Unsafe.park(Native Method)&#10;        at java.util.concurrent.locks.LockSupport.parkNanos(LockSupport.java:215)&#10;        at java.util.concurrent.locks.AbstractQueuedSynchronizer$ConditionObject.awaitNanos(AbstractQueuedSynchronizer.java:2078)&#10;        at java.util.concurrent.LinkedBlockingQueue.poll(LinkedBlockingQueue.java:467)&#10;        at org.apache.hadoop.ipc.CallQueueManager.take(CallQueueManager.java:288)&#10;        at org.apache.hadoop.ipc.Server$Handler.run(Server.java:2668)&#10;&quot;pool-158-thread-46&quot;  prio=5 tid=1871 in Object.wait()&#10;java.lang.Thread.State: WAITING (on object monitor)&#10;        at sun.misc.Unsafe.park(Native Method)&#10;        at java.util.concurrent.locks.LockSupport.park(LockSupport.java:175)&#10;        at java.util.concurrent.locks.AbstractQueuedSynchronizer$ConditionObject.await(AbstractQueuedSynchronizer.java:2039)&#10;        at java.util.concurrent.ArrayBlockingQueue.take(ArrayBlockingQueue.java:403)&#10;        at java.util.concurrent.ThreadPoolExecutor.getTask(ThreadPoolExecutor.java:1074)&#10;        at java.util.concurrent.ThreadPoolExecutor.runWorker(ThreadPoolExecutor.java:1134)&#10;        at java.util.concurrent.ThreadPoolExecutor$Worker.run(ThreadPoolExecutor.java:624)&#10;        at java.lang.Thread.run(Thread.java:748)&#10;&quot;Datanode ReportManager Thread - 1&quot; daemon prio=5 tid=254 in Object.wait()&#10;java.lang.Thread.State: WAITING (on object monitor)&#10;        at sun.misc.Unsafe.park(Native Method)&#10;        at java.util.concurrent.locks.LockSupport.park(LockSupport.java:175)&#10;        at java.util.concurrent.locks.AbstractQueuedSynchronizer$ConditionObject.await(AbstractQueuedSynchronizer.java:2039)&#10;        at java.util.concurrent.ScheduledThreadPoolExecutor$DelayedWorkQueue.take(ScheduledThreadPoolExecutor.java:1088)&#10;        at java.util.concurrent.ScheduledThreadPoolExecutor$DelayedWorkQueue.take(ScheduledThreadPoolExecutor.java:809)&#10;        at java.util.concurrent.ThreadPoolExecutor.getTask(ThreadPoolExecutor.java:1074)&#10;        at java.util.concurrent.ThreadPoolExecutor.runWorker(ThreadPoolExecutor.java:1134)&#10;        at java.util.concurrent.ThreadPoolExecutor$Worker.run(ThreadPoolExecutor.java:624)&#10;        at java.lang.Thread.run(Thread.java:748)&#10;&quot;main&quot;  prio=5 tid=1 timed_waiting&#10;java.lang.Thread.State: TIMED_WAITING&#10;        at java.lang.Object.wait(Native Method)&#10;        at java.lang.Thread.join(Thread.java:1260)&#10;        at org.junit.internal.runners.statements.FailOnTimeout.evaluateStatement(FailOnTimeout.java:26)&#10;        at org.junit.internal.runners.statements.FailOnTimeout.evaluate(FailOnTimeout.java:17)&#10;        at org.junit.internal.runners.statements.RunAfters.evaluate(RunAfters.java:27)&#10;        at org.junit.runners.ParentRunner.runLeaf(ParentRunner.java:271)&#10;        at org.junit.runners.BlockJUnit4ClassRunner.runChild(BlockJUnit4ClassRunner.java:70)&#10;        at org.junit.runners.BlockJUnit4ClassRunner.runChild(BlockJUnit4ClassRunner.java:50)&#10;        at org.junit.runners.ParentRunner$3.run(ParentRunner.java:238)&#10;        at org.junit.runners.ParentRunner$1.schedule(ParentRunner.java:63)&#10;        at org.junit.runners.ParentRunner.runChildren(ParentRunner.java:236)&#10;        at org.junit.runners.ParentRunner.access$000(ParentRunner.java:53)&#10;        at org.junit.runners.ParentRunner$2.evaluate(ParentRunner.java:229)&#10;        at org.junit.runners.ParentRunner.run(ParentRunner.java:309)&#10;        at org.apache.maven.surefire.junit4.JUnit4Provider.execute(JUnit4Provider.java:365)&#10;        at org.apache.maven.surefire.junit4.JUnit4Provider.executeWithRerun(JUnit4Provider.java:273)&#10;        at org.apache.maven.surefire.junit4.JUnit4Provider.executeTestSet(JUnit4Provider.java:238)&#10;        at org.apache.maven.surefire.junit4.JUnit4Provider.invoke(JUnit4Provider.java:159)&#10;        at org.apache.maven.surefire.booter.ForkedBooter.invokeProviderInSameClassLoader(ForkedBooter.java:384)&#10;        at org.apache.maven.surefire.booter.ForkedBooter.runSuitesInProcess(ForkedBooter.java:345)&#10;        at org.apache.maven.surefire.booter.ForkedBooter.execute(ForkedBooter.java:126)&#10;        at org.apache.maven.surefire.booter.ForkedBooter.main(ForkedBooter.java:418)&#10;&quot;qtp25266959-1590&quot; daemon prio=5 tid=1590 timed_waiting&#10;java.lang.Thread.State: TIMED_WAITING&#10;        at sun.misc.Unsafe.park(Native Method)&#10;        at java.util.concurrent.locks.LockSupport.parkNanos(LockSupport.java:215)&#10;        at java.util.concurrent.locks.AbstractQueuedSynchronizer$ConditionObject.awaitNanos(AbstractQueuedSynchronizer.java:2078)&#10;        at org.eclipse.jetty.util.BlockingArrayQueue.poll(BlockingArrayQueue.java:392)&#10;        at org.eclipse.jetty.util.thread.QueuedThreadPool.idleJobPoll(QueuedThreadPool.java:563)&#10;        at org.eclipse.jetty.util.thread.QueuedThreadPool.access$800(QueuedThreadPool.java:48)&#10;        at org.eclipse.jetty.util.thread.QueuedThreadPool$2.run(QueuedThreadPool.java:626)&#10;        at java.lang.Thread.run(Thread.java:748)&#10;&quot;metrics-hadoop-metrics2-reporter-78-thread-1&quot; daemon prio=5 tid=1031 timed_waiting&#10;java.lang.Thread.State: TIMED_WAITING&#10;        at sun.misc.Unsafe.park(Native Method)&#10;        at java.util.concurrent.locks.LockSupport.parkNanos(LockSupport.java:215)&#10;        at java.util.concurrent.locks.AbstractQueuedSynchronizer$ConditionObject.awaitNanos(AbstractQueuedSynchronizer.java:2078)&#10;        at java.util.concurrent.ScheduledThreadPoolExecutor$DelayedWorkQueue.take(ScheduledThreadPoolExecutor.java:1093)&#10;        at java.util.concurrent.ScheduledThreadPoolExecutor$DelayedWorkQueue.take(ScheduledThreadPoolExecutor.java:809)&#10;        at java.util.concurrent.ThreadPoolExecutor.getTask(ThreadPoolExecutor.java:1074)&#10;        at java.util.concurrent.ThreadPoolExecutor.runWorker(ThreadPoolExecutor.java:1134)&#10;        at java.util.concurrent.ThreadPoolExecutor$Worker.run(ThreadPoolExecutor.java:624)&#10;        at java.lang.Thread.run(Thread.java:748)&#10;&quot;pool-158-thread-21&quot;  prio=5 tid=1845 in Object.wait()&#10;java.lang.Thread.State: WAITING (on object monitor)&#10;        at sun.misc.Unsafe.park(Native Method)&#10;        at java.util.concurrent.locks.LockSupport.park(LockSupport.java:175)&#10;        at java.util.concurrent.locks.AbstractQueuedSynchronizer$ConditionObject.await(AbstractQueuedSynchronizer.java:2039)&#10;        at java.util.concurrent.ArrayBlockingQueue.take(ArrayBlockingQueue.java:403)&#10;        at java.util.concurrent.ThreadPoolExecutor.getTask(ThreadPoolExecutor.java:1074)&#10;        at java.util.concurrent.ThreadPoolExecutor.runWorker(ThreadPoolExecutor.java:1134)&#10;        at java.util.concurrent.ThreadPoolExecutor$Worker.run(ThreadPoolExecutor.java:624)&#10;        at java.lang.Thread.run(Thread.java:748)&#10;&quot;metrics-hadoop-metrics2-reporter-73-thread-1&quot; daemon prio=5 tid=1019 timed_waiting&#10;java.lang.Thread.State: TIMED_WAITING&#10;        at sun.misc.Unsafe.park(Native Method)&#10;        at java.util.concurrent.locks.LockSupport.parkNanos(LockSupport.java:215)&#10;        at java.util.concurrent.locks.AbstractQueuedSynchronizer$ConditionObject.awaitNanos(AbstractQueuedSynchronizer.java:2078)&#10;        at java.util.concurrent.ScheduledThreadPoolExecutor$DelayedWorkQueue.take(ScheduledThreadPoolExecutor.java:1093)&#10;        at java.util.concurrent.ScheduledThreadPoolExecutor$DelayedWorkQueue.take(ScheduledThreadPoolExecutor.java:809)&#10;        at java.util.concurrent.ThreadPoolExecutor.getTask(ThreadPoolExecutor.java:1074)&#10;        at java.util.concurrent.ThreadPoolExecutor.runWorker(ThreadPoolExecutor.java:1134)&#10;        at java.util.concurrent.ThreadPoolExecutor$Worker.run(ThreadPoolExecutor.java:624)&#10;        at java.lang.Thread.run(Thread.java:748)&#10;&quot;pool-148-thread-48&quot;  prio=5 tid=1795 in Object.wait()&#10;java.lang.Thread.State: WAITING (on object monitor)&#10;        at sun.misc.Unsafe.park(Native Method)&#10;        at java.util.concurrent.locks.LockSupport.park(LockSupport.java:175)&#10;        at java.util.concurrent.locks.AbstractQueuedSynchronizer$ConditionObject.await(AbstractQueuedSynchronizer.java:2039)&#10;        at java.util.concurrent.ArrayBlockingQueue.take(ArrayBlockingQueue.java:403)&#10;        at java.util.concurrent.ThreadPoolExecutor.getTask(ThreadPoolExecutor.java:1074)&#10;        at java.util.concurrent.ThreadPoolExecutor.runWorker(ThreadPoolExecutor.java:1134)&#10;        at java.util.concurrent.ThreadPoolExecutor$Worker.run(ThreadPoolExecutor.java:624)&#10;        at java.lang.Thread.run(Thread.java:748)&#10;&quot;pool-138-thread-56&quot;  prio=5 tid=1727 in Object.wait()&#10;java.lang.Thread.State: WAITING (on object monitor)&#10;        at sun.misc.Unsafe.park(Native Method)&#10;        at java.util.concurrent.locks.LockSupport.park(LockSupport.java:175)&#10;        at java.util.concurrent.locks.AbstractQueuedSynchronizer$ConditionObject.await(AbstractQueuedSynchronizer.java:2039)&#10;        at java.util.concurrent.ArrayBlockingQueue.take(ArrayBlockingQueue.java:403)&#10;        at java.util.concurrent.ThreadPoolExecutor.getTask(ThreadPoolExecutor.java:1074)&#10;        at java.util.concurrent.ThreadPoolExecutor.runWorker(ThreadPoolExecutor.java:1134)&#10;        at java.util.concurrent.ThreadPoolExecutor$Worker.run(ThreadPoolExecutor.java:624)&#10;        at java.lang.Thread.run(Thread.java:748)&#10;&quot;Datanode ReportManager Thread - 0&quot; daemon prio=5 tid=1253 timed_waiting&#10;java.lang.Thread.State: TIMED_WAITING&#10;        at sun.misc.Unsafe.park(Native Method)&#10;        at java.util.concurrent.locks.LockSupport.parkNanos(LockSupport.java:215)&#10;        at java.util.concurrent.locks.AbstractQueuedSynchronizer$ConditionObject.awaitNanos(AbstractQueuedSynchronizer.java:2078)&#10;        at java.util.concurrent.ScheduledThreadPoolExecutor$DelayedWorkQueue.take(ScheduledThreadPoolExecutor.java:1093)&#10;        at java.util.concurrent.ScheduledThreadPoolExecutor$DelayedWorkQueue.take(ScheduledThreadPoolExecutor.java:809)&#10;        at java.util.concurrent.ThreadPoolExecutor.getTask(ThreadPoolExecutor.java:1074)&#10;        at java.util.concurrent.ThreadPoolExecutor.runWorker(ThreadPoolExecutor.java:1134)&#10;        at java.util.concurrent.ThreadPoolExecutor$Worker.run(ThreadPoolExecutor.java:624)&#10;        at java.lang.Thread.run(Thread.java:748)&#10;&quot;Thread-2224&quot; daemon prio=5 tid=3377 timed_waiting&#10;java.lang.Thread.State: TIMED_WAITING&#10;        at java.lang.Thread.sleep(Native Method)&#10;        at org.apache.ratis.util.JavaUtils.sleep(JavaUtils.java:247)&#10;        at org.apache.ratis.server.impl.FollowerState.run(FollowerState.java:97)&#10;&quot;bc0bc980-c963-48ce-962e-85091c893131@group-1056DBF44000-SegmentedRaftLogWorker&quot;  prio=5 tid=1643 timed_waiting&#10;java.lang.Thread.State: TIMED_WAITING&#10;        at sun.misc.Unsafe.park(Native Method)&#10;        at java.util.concurrent.locks.LockSupport.parkNanos(LockSupport.java:215)&#10;        at java.util.concurrent.locks.AbstractQueuedSynchronizer$ConditionObject.awaitNanos(AbstractQueuedSynchronizer.java:2078)&#10;        at org.apache.ratis.util.DataBlockingQueue.poll(DataBlockingQueue.java:137)&#10;        at org.apache.ratis.server.raftlog.segmented.SegmentedRaftLogWorker.run(SegmentedRaftLogWorker.java:282)&#10;        at java.lang.Thread.run(Thread.java:748)&#10;&quot;pool-138-thread-22&quot;  prio=5 tid=1693 in Object.wait()&#10;java.lang.Thread.State: WAITING (on object monitor)&#10;        at sun.misc.Unsafe.park(Native Method)&#10;        at java.util.concurrent.locks.LockSupport.park(LockSupport.java:175)&#10;        at java.util.concurrent.locks.AbstractQueuedSynchronizer$ConditionObject.await(AbstractQueuedSynchronizer.java:2039)&#10;        at java.util.concurrent.ArrayBlockingQueue.take(ArrayBlockingQueue.java:403)&#10;        at java.util.concurrent.ThreadPoolExecutor.getTask(ThreadPoolExecutor.java:1074)&#10;        at java.util.concurrent.ThreadPoolExecutor.runWorker(ThreadPoolExecutor.java:1134)&#10;        at java.util.concurrent.ThreadPoolExecutor$Worker.run(ThreadPoolExecutor.java:624)&#10;        at java.lang.Thread.run(Thread.java:748)&#10;&quot;pool-148-thread-38&quot;  prio=5 tid=1785 in Object.wait()&#10;java.lang.Thread.State: WAITING (on object monitor)&#10;        at sun.misc.Unsafe.park(Native Method)&#10;        at java.util.concurrent.locks.LockSupport.park(LockSupport.java:175)&#10;        at java.util.concurrent.locks.AbstractQueuedSynchronizer$ConditionObject.await(AbstractQueuedSynchronizer.java:2039)&#10;        at java.util.concurrent.ArrayBlockingQueue.take(ArrayBlockingQueue.java:403)&#10;        at java.util.concurrent.ThreadPoolExecutor.getTask(ThreadPoolExecutor.java:1074)&#10;        at java.util.concurrent.ThreadPoolExecutor.runWorker(ThreadPoolExecutor.java:1134)&#10;        at java.util.concurrent.ThreadPoolExecutor$Worker.run(ThreadPoolExecutor.java:624)&#10;        at java.lang.Thread.run(Thread.java:748)&#10;&quot;metrics-hadoop-metrics2-reporter-36-thread-1&quot; daemon prio=5 tid=801 timed_waiting&#10;java.lang.Thread.State: TIMED_WAITING&#10;        at sun.misc.Unsafe.park(Native Method)&#10;        at java.util.concurrent.locks.LockSupport.parkNanos(LockSupport.java:215)&#10;        at java.util.concurrent.locks.AbstractQueuedSynchronizer$ConditionObject.awaitNanos(AbstractQueuedSynchronizer.java:2078)&#10;        at java.util.concurrent.ScheduledThreadPoolExecutor$DelayedWorkQueue.take(ScheduledThreadPoolExecutor.java:1093)&#10;        at java.util.concurrent.ScheduledThreadPoolExecutor$DelayedWorkQueue.take(ScheduledThreadPoolExecutor.java:809)&#10;        at java.util.concurrent.ThreadPoolExecutor.getTask(ThreadPoolExecutor.java:1074)&#10;        at java.util.concurrent.ThreadPoolExecutor.runWorker(ThreadPoolExecutor.java:1134)&#10;        at java.util.concurrent.ThreadPoolExecutor$Worker.run(ThreadPoolExecutor.java:624)&#10;        at java.lang.Thread.run(Thread.java:748)&#10;&quot;pool-158-thread-24&quot;  prio=5 tid=1848 in Object.wait()&#10;java.lang.Thread.State: WAITING (on object monitor)&#10;        at sun.misc.Unsafe.park(Native Method)&#10;        at java.util.concurrent.locks.LockSupport.park(LockSupport.java:175)&#10;        at java.util.concurrent.locks.AbstractQueuedSynchronizer$ConditionObject.await(AbstractQueuedSynchronizer.java:2039)&#10;        at java.util.concurrent.ArrayBlockingQueue.take(ArrayBlockingQueue.java:403)&#10;        at java.util.concurrent.ThreadPoolExecutor.getTask(ThreadPoolExecutor.java:1074)&#10;        at java.util.concurrent.ThreadPoolExecutor.runWorker(ThreadPoolExecutor.java:1134)&#10;        at java.util.concurrent.ThreadPoolExecutor$Worker.run(ThreadPoolExecutor.java:624)&#10;        at java.lang.Thread.run(Thread.java:748)&#10;&quot;metrics-hadoop-metrics2-reporter-22-thread-1&quot; daemon prio=5 tid=753 timed_waiting&#10;java.lang.Thread.State: TIMED_WAITING&#10;        at sun.misc.Unsafe.park(Native Method)&#10;        at java.util.concurrent.locks.LockSupport.parkNanos(LockSupport.java:215)&#10;        at java.util.concurrent.locks.AbstractQueuedSynchronizer$ConditionObject.awaitNanos(AbstractQueuedSynchronizer.java:2078)&#10;        at java.util.concurrent.ScheduledThreadPoolExecutor$DelayedWorkQueue.take(ScheduledThreadPoolExecutor.java:1093)&#10;        at java.util.concurrent.ScheduledThreadPoolExecutor$DelayedWorkQueue.take(ScheduledThreadPoolExecutor.java:809)&#10;        at java.util.concurrent.ThreadPoolExecutor.getTask(ThreadPoolExecutor.java:1074)&#10;        at java.util.concurrent.ThreadPoolExecutor.runWorker(ThreadPoolExecutor.java:1134)&#10;        at java.util.concurrent.ThreadPoolExecutor$Worker.run(ThreadPoolExecutor.java:624)&#10;        at java.lang.Thread.run(Thread.java:748)&#10;&quot;metrics-hadoop-metrics2-reporter-41-thread-1&quot; daemon prio=5 tid=811 timed_waiting&#10;java.lang.Thread.State: TIMED_WAITING&#10;        at sun.misc.Unsafe.park(Native Method)&#10;        at java.util.concurrent.locks.LockSupport.parkNanos(LockSupport.java:215)&#10;        at java.util.concurrent.locks.AbstractQueuedSynchronizer$ConditionObject.awaitNanos(AbstractQueuedSynchronizer.java:2078)&#10;        at java.util.concurrent.ScheduledThreadPoolExecutor$DelayedWorkQueue.take(ScheduledThreadPoolExecutor.java:1093)&#10;        at java.util.concurrent.ScheduledThreadPoolExecutor$DelayedWorkQueue.take(ScheduledThreadPoolExecutor.java:809)&#10;        at java.util.concurrent.ThreadPoolExecutor.getTask(ThreadPoolExecutor.java:1074)&#10;        at java.util.concurrent.ThreadPoolExecutor.runWorker(ThreadPoolExecutor.java:1134)&#10;        at java.util.concurrent.ThreadPoolExecutor$Worker.run(ThreadPoolExecutor.java:624)&#10;        at java.lang.Thread.run(Thread.java:748)&#10;&quot;IPC Server handler 0 on 38131&quot; daemon prio=5 tid=1131 timed_waiting&#10;java.lang.Thread.State: TIMED_WAITING&#10;        at sun.misc.Unsafe.park(Native Method)&#10;        at java.util.concurrent.locks.LockSupport.parkNanos(LockSupport.java:215)&#10;        at java.util.concurrent.locks.AbstractQueuedSynchronizer$ConditionObject.awaitNanos(AbstractQueuedSynchronizer.java:2078)&#10;        at java.util.concurrent.LinkedBlockingQueue.poll(LinkedBlockingQueue.java:467)&#10;        at org.apache.hadoop.ipc.CallQueueManager.take(CallQueueManager.java:288)&#10;        at org.apache.hadoop.ipc.Server$Handler.run(Server.java:2668)&#10;&quot;IPC Server handler 14 on 45184&quot; daemon prio=5 tid=1188 timed_waiting&#10;java.lang.Thread.State: TIMED_WAITING&#10;        at sun.misc.Unsafe.park(Native Method)&#10;        at java.util.concurrent.locks.LockSupport.parkNanos(LockSupport.java:215)&#10;        at java.util.concurrent.locks.AbstractQueuedSynchronizer$ConditionObject.awaitNanos(AbstractQueuedSynchronizer.java:2078)&#10;        at java.util.concurrent.LinkedBlockingQueue.poll(LinkedBlockingQueue.java:467)&#10;        at org.apache.hadoop.ipc.CallQueueManager.take(CallQueueManager.java:288)&#10;        at org.apache.hadoop.ipc.Server$Handler.run(Server.java:2668)&#10;&quot;IPC Server handler 10 on 38131&quot; daemon prio=5 tid=1141 timed_waiting&#10;java.lang.Thread.State: TIMED_WAITING&#10;        at sun.misc.Unsafe.park(Native Method)&#10;        at java.util.concurrent.locks.LockSupport.parkNanos(LockSupport.java:215)&#10;        at java.util.concurrent.locks.AbstractQueuedSynchronizer$ConditionObject.awaitNanos(AbstractQueuedSynchronizer.java:2078)&#10;        at java.util.concurrent.LinkedBlockingQueue.poll(LinkedBlockingQueue.java:467)&#10;        at org.apache.hadoop.ipc.CallQueueManager.take(CallQueueManager.java:288)&#10;        at org.apache.hadoop.ipc.Server$Handler.run(Server.java:2668)&#10;&quot;qtp25266959-1586-acceptor-0@330773a5-ServerConnector@5f585035{HTTP/1.1,[http/1.1]}{0.0.0.0:41305}&quot; daemon prio=3 tid=1586 runnable&#10;java.lang.Thread.State: RUNNABLE&#10;        at sun.nio.ch.ServerSocketChannelImpl.accept0(Native Method)&#10;        at sun.nio.ch.ServerSocketChannelImpl.accept(ServerSocketChannelImpl.java:422)&#10;        at sun.nio.ch.ServerSocketChannelImpl.accept(ServerSocketChannelImpl.java:250)&#10;        at org.eclipse.jetty.server.ServerConnector.accept(ServerConnector.java:397)&#10;        at org.eclipse.jetty.server.AbstractConnector$Acceptor.run(AbstractConnector.java:601)&#10;        at org.eclipse.jetty.util.thread.QueuedThreadPool.runJob(QueuedThreadPool.java:671)&#10;        at org.eclipse.jetty.util.thread.QueuedThreadPool$2.run(QueuedThreadPool.java:589)&#10;        at java.lang.Thread.run(Thread.java:748)&#10;&quot;IPC Server handler 12 on 45184&quot; daemon prio=5 tid=1186 timed_waiting&#10;java.lang.Thread.State: TIMED_WAITING&#10;        at sun.misc.Unsafe.park(Native Method)&#10;        at java.util.concurrent.locks.LockSupport.parkNanos(LockSupport.java:215)&#10;        at java.util.concurrent.locks.AbstractQueuedSynchronizer$ConditionObject.awaitNanos(AbstractQueuedSynchronizer.java:2078)&#10;        at java.util.concurrent.LinkedBlockingQueue.poll(LinkedBlockingQueue.java:467)&#10;        at org.apache.hadoop.ipc.CallQueueManager.take(CallQueueManager.java:288)&#10;        at org.apache.hadoop.ipc.Server$Handler.run(Server.java:2668)&#10;&quot;pool-158-thread-50&quot;  prio=5 tid=1875 in Object.wait()&#10;java.lang.Thread.State: WAITING (on object monitor)&#10;        at sun.misc.Unsafe.park(Native Method)&#10;        at java.util.concurrent.locks.LockSupport.park(LockSupport.java:175)&#10;        at java.util.concurrent.locks.AbstractQueuedSynchronizer$ConditionObject.await(AbstractQueuedSynchronizer.java:2039)&#10;        at java.util.concurrent.ArrayBlockingQueue.take(ArrayBlockingQueue.java:403)&#10;        at java.util.concurrent.ThreadPoolExecutor.getTask(ThreadPoolExecutor.java:1074)&#10;        at java.util.concurrent.ThreadPoolExecutor.runWorker(ThreadPoolExecutor.java:1134)&#10;        at java.util.concurrent.ThreadPoolExecutor$Worker.run(ThreadPoolExecutor.java:624)&#10;        at java.lang.Thread.run(Thread.java:748)&#10;&quot;Datanode ReportManager Thread - 2&quot; daemon prio=5 tid=228 in Object.wait()&#10;java.lang.Thread.State: WAITING (on object monitor)&#10;        at sun.misc.Unsafe.park(Native Method)&#10;        at java.util.concurrent.locks.LockSupport.park(LockSupport.java:175)&#10;        at java.util.concurrent.locks.AbstractQueuedSynchronizer$ConditionObject.await(AbstractQueuedSynchronizer.java:2039)&#10;        at java.util.concurrent.ScheduledThreadPoolExecutor$DelayedWorkQueue.take(ScheduledThreadPoolExecutor.java:1088)&#10;        at java.util.concurrent.ScheduledThreadPoolExecutor$DelayedWorkQueue.take(ScheduledThreadPoolExecutor.java:809)&#10;        at java.util.concurrent.ThreadPoolExecutor.getTask(ThreadPoolExecutor.java:1074)&#10;        at java.util.concurrent.ThreadPoolExecutor.runWorker(ThreadPoolExecutor.java:1134)&#10;        at java.util.concurrent.ThreadPoolExecutor$Worker.run(ThreadPoolExecutor.java:624)&#10;        at java.lang.Thread.run(Thread.java:748)&#10;&quot;qtp1410488616-1196-acceptor-0@1ca4e252-ServerConnector@2fd09fc1{HTTP/1.1,[http/1.1]}{0.0.0.0:38718}&quot; daemon prio=3 tid=1196 runnable&#10;java.lang.Thread.State: RUNNABLE&#10;        at sun.nio.ch.ServerSocketChannelImpl.accept0(Native Method)&#10;        at sun.nio.ch.ServerSocketChannelImpl.accept(ServerSocketChannelImpl.java:422)&#10;        at sun.nio.ch.ServerSocketChannelImpl.accept(ServerSocketChannelImpl.java:250)&#10;        at org.eclipse.jetty.server.ServerConnector.accept(ServerConnector.java:397)&#10;        at org.eclipse.jetty.server.AbstractConnector$Acceptor.run(AbstractConnector.java:601)&#10;        at org.eclipse.jetty.util.thread.QueuedThreadPool.runJob(QueuedThreadPool.java:671)&#10;        at org.eclipse.jetty.util.thread.QueuedThreadPool$2.run(QueuedThreadPool.java:589)&#10;        at java.lang.Thread.run(Thread.java:748)&#10;&quot;EventQueue-StaleNodeForStaleNodeHandler&quot; daemon prio=5 tid=1571 in Object.wait()&#10;java.lang.Thread.State: WAITING (on object monitor)&#10;        at sun.misc.Unsafe.park(Native Method)&#10;        at java.util.concurrent.locks.LockSupport.park(LockSupport.java:175)&#10;        at java.util.concurrent.locks.AbstractQueuedSynchronizer$ConditionObject.await(AbstractQueuedSynchronizer.java:2039)&#10;        at java.util.concurrent.LinkedBlockingQueue.take(LinkedBlockingQueue.java:442)&#10;        at java.util.concurrent.ThreadPoolExecutor.getTask(ThreadPoolExecutor.java:1074)&#10;        at java.util.concurrent.ThreadPoolExecutor.runWorker(ThreadPoolExecutor.java:1134)&#10;        at java.util.concurrent.ThreadPoolExecutor$Worker.run(ThreadPoolExecutor.java:624)&#10;        at java.lang.Thread.run(Thread.java:748)&#10;&quot;pool-148-thread-15&quot;  prio=5 tid=1761 in Object.wait()&#10;java.lang.Thread.State: WAITING (on object monitor)&#10;        at sun.misc.Unsafe.park(Native Method)&#10;        at java.util.concurrent.locks.LockSupport.park(LockSupport.java:175)&#10;        at java.util.concurrent.locks.AbstractQueuedSynchronizer$ConditionObject.await(AbstractQueuedSynchronizer.java:2039)&#10;        at java.util.concurrent.ArrayBlockingQueue.take(ArrayBlockingQueue.java:403)&#10;        at java.util.concurrent.ThreadPoolExecutor.getTask(ThreadPoolExecutor.java:1074)&#10;        at java.util.concurrent.ThreadPoolExecutor.runWorker(ThreadPoolExecutor.java:1134)&#10;        at java.util.concurrent.ThreadPoolExecutor$Worker.run(ThreadPoolExecutor.java:624)&#10;        at java.lang.Thread.run(Thread.java:748)&#10;&quot;IPC Server handler 19 on 46609&quot; daemon prio=5 tid=1110 timed_waiting&#10;java.lang.Thread.State: TIMED_WAITING&#10;        at sun.misc.Unsafe.park(Native Method)&#10;        at java.util.concurrent.locks.LockSupport.parkNanos(LockSupport.java:215)&#10;        at java.util.concurrent.locks.AbstractQueuedSynchronizer$ConditionObject.awaitNanos(AbstractQueuedSynchronizer.java:2078)&#10;        at java.util.concurrent.LinkedBlockingQueue.poll(LinkedBlockingQueue.java:467)&#10;        at org.apache.hadoop.ipc.CallQueueManager.take(CallQueueManager.java:288)&#10;        at org.apache.hadoop.ipc.Server$Handler.run(Server.java:2668)&#10;&quot;pool-138-thread-58&quot;  prio=5 tid=1729 in Object.wait()&#10;java.lang.Thread.State: WAITING (on object monitor)&#10;        at sun.misc.Unsafe.park(Native Method)&#10;        at java.util.concurrent.locks.LockSupport.park(LockSupport.java:175)&#10;        at java.util.concurrent.locks.AbstractQueuedSynchronizer$ConditionObject.await(AbstractQueuedSynchronizer.java:2039)&#10;        at java.util.concurrent.ArrayBlockingQueue.take(ArrayBlockingQueue.java:403)&#10;        at java.util.concurrent.ThreadPoolExecutor.getTask(ThreadPoolExecutor.java:1074)&#10;        at java.util.concurrent.ThreadPoolExecutor.runWorker(ThreadPoolExecutor.java:1134)&#10;        at java.util.concurrent.ThreadPoolExecutor$Worker.run(ThreadPoolExecutor.java:624)&#10;        at java.lang.Thread.run(Thread.java:748)&#10;&quot;46069bd9-45fc-4c82-823c-36f07a1bcff0@group-5AFFAA4212DA-SegmentedRaftLogWorker&quot;  prio=5 tid=1903 timed_waiting&#10;java.lang.Thread.State: TIMED_WAITING&#10;        at sun.misc.Unsafe.park(Native Method)&#10;        at java.util.concurrent.locks.LockSupport.parkNanos(LockSupport.java:215)&#10;        at java.util.concurrent.locks.AbstractQueuedSynchronizer$ConditionObject.awaitNanos(AbstractQueuedSynchronizer.java:2078)&#10;        at org.apache.ratis.util.DataBlockingQueue.poll(DataBlockingQueue.java:137)&#10;        at org.apache.ratis.server.raftlog.segmented.SegmentedRaftLogWorker.run(SegmentedRaftLogWorker.java:282)&#10;        at java.lang.Thread.run(Thread.java:748)&#10;&quot;qtp1570597614-1654&quot; daemon prio=5 tid=1654 timed_waiting&#10;java.lang.Thread.State: TIMED_WAITING&#10;        at sun.misc.Unsafe.park(Native Method)&#10;        at java.util.concurrent.locks.LockSupport.parkNanos(LockSupport.java:215)&#10;        at java.util.concurrent.locks.AbstractQueuedSynchronizer$ConditionObject.awaitNanos(AbstractQueuedSynchronizer.java:2078)&#10;        at org.eclipse.jetty.util.BlockingArrayQueue.poll(BlockingArrayQueue.java:392)&#10;        at org.eclipse.jetty.util.thread.QueuedThreadPool.idleJobPoll(QueuedThreadPool.java:563)&#10;        at org.eclipse.jetty.util.thread.QueuedThreadPool.access$800(QueuedThreadPool.java:48)&#10;        at org.eclipse.jetty.util.thread.QueuedThreadPool$2.run(QueuedThreadPool.java:626)&#10;        at java.lang.Thread.run(Thread.java:748)&#10;&quot;BlockDeletingService#0&quot; daemon prio=5 tid=1736 timed_waiting&#10;java.lang.Thread.State: TIMED_WAITING&#10;        at sun.misc.Unsafe.park(Native Method)&#10;        at java.util.concurrent.locks.LockSupport.parkNanos(LockSupport.java:215)&#10;        at java.util.concurrent.locks.AbstractQueuedSynchronizer$ConditionObject.awaitNanos(AbstractQueuedSynchronizer.java:2078)&#10;        at java.util.concurrent.ScheduledThreadPoolExecutor$DelayedWorkQueue.take(ScheduledThreadPoolExecutor.java:1093)&#10;        at java.util.concurrent.ScheduledThreadPoolExecutor$DelayedWorkQueue.take(ScheduledThreadPoolExecutor.java:809)&#10;        at java.util.concurrent.ThreadPoolExecutor.getTask(ThreadPoolExecutor.java:1074)&#10;        at java.util.concurrent.ThreadPoolExecutor.runWorker(ThreadPoolExecutor.java:1134)&#10;        at java.util.concurrent.ThreadPoolExecutor$Worker.run(ThreadPoolExecutor.java:624)&#10;        at java.lang.Thread.run(Thread.java:748)&#10;&quot;metrics-hadoop-metrics2-reporter-21-thread-1&quot; daemon prio=5 tid=750 timed_waiting&#10;java.lang.Thread.State: TIMED_WAITING&#10;        at sun.misc.Unsafe.park(Native Method)&#10;        at java.util.concurrent.locks.LockSupport.parkNanos(LockSupport.java:215)&#10;        at java.util.concurrent.locks.AbstractQueuedSynchronizer$ConditionObject.awaitNanos(AbstractQueuedSynchronizer.java:2078)&#10;        at java.util.concurrent.ScheduledThreadPoolExecutor$DelayedWorkQueue.take(ScheduledThreadPoolExecutor.java:1093)&#10;        at java.util.concurrent.ScheduledThreadPoolExecutor$DelayedWorkQueue.take(ScheduledThreadPoolExecutor.java:809)&#10;        at java.util.concurrent.ThreadPoolExecutor.getTask(ThreadPoolExecutor.java:1074)&#10;        at java.util.concurrent.ThreadPoolExecutor.runWorker(ThreadPoolExecutor.java:1134)&#10;        at java.util.concurrent.ThreadPoolExecutor$Worker.run(ThreadPoolExecutor.java:624)&#10;        at java.lang.Thread.run(Thread.java:748)&#10;&quot;metrics-hadoop-metrics2-reporter-38-thread-1&quot; daemon prio=5 tid=805 timed_waiting&#10;java.lang.Thread.State: TIMED_WAITING&#10;        at sun.misc.Unsafe.park(Native Method)&#10;        at java.util.concurrent.locks.LockSupport.parkNanos(LockSupport.java:215)&#10;        at java.util.concurrent.locks.AbstractQueuedSynchronizer$ConditionObject.awaitNanos(AbstractQueuedSynchronizer.java:2078)&#10;        at java.util.concurrent.ScheduledThreadPoolExecutor$DelayedWorkQueue.take(ScheduledThreadPoolExecutor.java:1093)&#10;        at java.util.concurrent.ScheduledThreadPoolExecutor$DelayedWorkQueue.take(ScheduledThreadPoolExecutor.java:809)&#10;        at java.util.concurrent.ThreadPoolExecutor.getTask(ThreadPoolExecutor.java:1074)&#10;        at java.util.concurrent.ThreadPoolExecutor.runWorker(ThreadPoolExecutor.java:1134)&#10;        at java.util.concurrent.ThreadPoolExecutor$Worker.run(ThreadPoolExecutor.java:624)&#10;        at java.lang.Thread.run(Thread.java:748)&#10;&quot;IPC Server handler 14 on 46609&quot; daemon prio=5 tid=1105 timed_waiting&#10;java.lang.Thread.State: TIMED_WAITING&#10;        at sun.misc.Unsafe.park(Native Method)&#10;        at java.util.concurrent.locks.LockSupport.parkNanos(LockSupport.java:215)&#10;        at java.util.concurrent.locks.AbstractQueuedSynchronizer$ConditionObject.awaitNanos(AbstractQueuedSynchronizer.java:2078)&#10;        at java.util.concurrent.LinkedBlockingQueue.poll(LinkedBlockingQueue.java:467)&#10;        at org.apache.hadoop.ipc.CallQueueManager.take(CallQueueManager.java:288)&#10;        at org.apache.hadoop.ipc.Server$Handler.run(Server.java:2668)&#10;&quot;Datanode ReportManager Thread - 3&quot; daemon prio=5 tid=229 timed_waiting&#10;java.lang.Thread.State: TIMED_WAITING&#10;        at sun.misc.Unsafe.park(Native Method)&#10;        at java.util.concurrent.locks.LockSupport.parkNanos(LockSupport.java:215)&#10;        at java.util.concurrent.locks.AbstractQueuedSynchronizer$ConditionObject.awaitNanos(AbstractQueuedSynchronizer.java:2078)&#10;        at java.util.concurrent.ScheduledThreadPoolExecutor$DelayedWorkQueue.take(ScheduledThreadPoolExecutor.java:1093)&#10;        at java.util.concurrent.ScheduledThreadPoolExecutor$DelayedWorkQueue.take(ScheduledThreadPoolExecutor.java:809)&#10;        at java.util.concurrent.ThreadPoolExecutor.getTask(ThreadPoolExecutor.java:1074)&#10;        at java.util.concurrent.ThreadPoolExecutor.runWorker(ThreadPoolExecutor.java:1134)&#10;        at java.util.concurrent.ThreadPoolExecutor$Worker.run(ThreadPoolExecutor.java:624)&#10;        at java.lang.Thread.run(Thread.java:748)&#10;&quot;IPC Server handler 16 on 38131&quot; daemon prio=5 tid=1147 timed_waiting&#10;java.lang.Thread.State: TIMED_WAITING&#10;        at sun.misc.Unsafe.park(Native Method)&#10;        at java.util.concurrent.locks.LockSupport.parkNanos(LockSupport.java:215)&#10;        at java.util.concurrent.locks.AbstractQueuedSynchronizer$ConditionObject.awaitNanos(AbstractQueuedSynchronizer.java:2078)&#10;        at java.util.concurrent.LinkedBlockingQueue.poll(LinkedBlockingQueue.java:467)&#10;        at org.apache.hadoop.ipc.CallQueueManager.take(CallQueueManager.java:288)&#10;        at org.apache.hadoop.ipc.Server$Handler.run(Server.java:2668)&#10;&quot;metrics-hadoop-metrics2-reporter-64-thread-1&quot; daemon prio=5 tid=983 timed_waiting&#10;java.lang.Thread.State: TIMED_WAITING&#10;        at sun.misc.Unsafe.park(Native Method)&#10;        at java.util.concurrent.locks.LockSupport.parkNanos(LockSupport.java:215)&#10;        at java.util.concurrent.locks.AbstractQueuedSynchronizer$ConditionObject.awaitNanos(AbstractQueuedSynchronizer.java:2078)&#10;        at java.util.concurrent.ScheduledThreadPoolExecutor$DelayedWorkQueue.take(ScheduledThreadPoolExecutor.java:1093)&#10;        at java.util.concurrent.ScheduledThreadPoolExecutor$DelayedWorkQueue.take(ScheduledThreadPoolExecutor.java:809)&#10;        at java.util.concurrent.ThreadPoolExecutor.getTask(ThreadPoolExecutor.java:1074)&#10;        at java.util.concurrent.ThreadPoolExecutor.runWorker(ThreadPoolExecutor.java:1134)&#10;        at java.util.concurrent.ThreadPoolExecutor$Worker.run(ThreadPoolExecutor.java:624)&#10;        at java.lang.Thread.run(Thread.java:748)&#10;&quot;metrics-hadoop-metrics2-reporter-16-thread-1&quot; daemon prio=5 tid=739 timed_waiting&#10;java.lang.Thread.State: TIMED_WAITING&#10;        at sun.misc.Unsafe.park(Native Method)&#10;        at java.util.concurrent.locks.LockSupport.parkNanos(LockSupport.java:215)&#10;        at java.util.concurrent.locks.AbstractQueuedSynchronizer$ConditionObject.awaitNanos(AbstractQueuedSynchronizer.java:2078)&#10;        at java.util.concurrent.ScheduledThreadPoolExecutor$DelayedWorkQueue.take(ScheduledThreadPoolExecutor.java:1093)&#10;        at java.util.concurrent.ScheduledThreadPoolExecutor$DelayedWorkQueue.take(ScheduledThreadPoolExecutor.java:809)&#10;        at java.util.concurrent.ThreadPoolExecutor.getTask(ThreadPoolExecutor.java:1074)&#10;        at java.util.concurrent.ThreadPoolExecutor.runWorker(ThreadPoolExecutor.java:1134)&#10;        at java.util.concurrent.ThreadPoolExecutor$Worker.run(ThreadPoolExecutor.java:624)&#10;        at java.lang.Thread.run(Thread.java:748)&#10;&quot;IPC Server handler 8 on 46609&quot; daemon prio=5 tid=1099 timed_waiting&#10;java.lang.Thread.State: TIMED_WAITING&#10;        at sun.misc.Unsafe.park(Native Method)&#10;        at java.util.concurrent.locks.LockSupport.parkNanos(LockSupport.java:215)&#10;        at java.util.concurrent.locks.AbstractQueuedSynchronizer$ConditionObject.awaitNanos(AbstractQueuedSynchronizer.java:2078)&#10;        at java.util.concurrent.LinkedBlockingQueue.poll(LinkedBlockingQueue.java:467)&#10;        at org.apache.hadoop.ipc.CallQueueManager.take(CallQueueManager.java:288)&#10;        at org.apache.hadoop.ipc.Server$Handler.run(Server.java:2668)&#10;&quot;qtp1410488616-1201&quot; daemon prio=5 tid=1201 timed_waiting&#10;java.lang.Thread.State: TIMED_WAITING&#10;        at sun.misc.Unsafe.park(Native Method)&#10;        at java.util.concurrent.locks.LockSupport.parkNanos(LockSupport.java:215)&#10;        at java.util.concurrent.locks.AbstractQueuedSynchronizer$ConditionObject.awaitNanos(AbstractQueuedSynchronizer.java:2078)&#10;        at org.eclipse.jetty.util.BlockingArrayQueue.poll(BlockingArrayQueue.java:392)&#10;        at org.eclipse.jetty.util.thread.QueuedThreadPool.idleJobPoll(QueuedThreadPool.java:563)&#10;        at org.eclipse.jetty.util.thread.QueuedThreadPool.access$800(QueuedThreadPool.java:48)&#10;        at org.eclipse.jetty.util.thread.QueuedThreadPool$2.run(QueuedThreadPool.java:626)&#10;        at java.lang.Thread.run(Thread.java:748)&#10;&quot;qtp1025473693-1157&quot; daemon prio=5 tid=1157 timed_waiting&#10;java.lang.Thread.State: TIMED_WAITING&#10;        at sun.misc.Unsafe.park(Native Method)&#10;        at java.util.concurrent.locks.LockSupport.parkNanos(LockSupport.java:215)&#10;        at java.util.concurrent.locks.AbstractQueuedSynchronizer$ConditionObject.awaitNanos(AbstractQueuedSynchronizer.java:2078)&#10;        at org.eclipse.jetty.util.BlockingArrayQueue.poll(BlockingArrayQueue.java:392)&#10;        at org.eclipse.jetty.util.thread.QueuedThreadPool.idleJobPoll(QueuedThreadPool.java:563)&#10;        at org.eclipse.jetty.util.thread.QueuedThreadPool.access$800(QueuedThreadPool.java:48)&#10;        at org.eclipse.jetty.util.thread.QueuedThreadPool$2.run(QueuedThreadPool.java:626)&#10;        at java.lang.Thread.run(Thread.java:748)&#10;&quot;IPC Server handler 5 on 38802&quot; daemon prio=5 tid=1116 timed_waiting&#10;java.lang.Thread.State: TIMED_WAITING&#10;        at sun.misc.Unsafe.park(Native Method)&#10;        at java.util.concurrent.locks.LockSupport.parkNanos(LockSupport.java:215)&#10;        at java.util.concurrent.locks.AbstractQueuedSynchronizer$ConditionObject.awaitNanos(AbstractQueuedSynchronizer.java:2078)&#10;        at java.util.concurrent.LinkedBlockingQueue.poll(LinkedBlockingQueue.java:467)&#10;        at org.apache.hadoop.ipc.CallQueueManager.take(CallQueueManager.java:288)&#10;        at org.apache.hadoop.ipc.Server$Handler.run(Server.java:2668)&#10;&quot;IPC Server handler 5 on 46609&quot; daemon prio=5 tid=1096 timed_waiting&#10;java.lang.Thread.State: TIMED_WAITING&#10;        at sun.misc.Unsafe.park(Native Method)&#10;        at java.util.concurrent.locks.LockSupport.parkNanos(LockSupport.java:215)&#10;        at java.util.concurrent.locks.AbstractQueuedSynchronizer$ConditionObject.awaitNanos(AbstractQueuedSynchronizer.java:2078)&#10;        at java.util.concurrent.LinkedBlockingQueue.poll(LinkedBlockingQueue.java:467)&#10;        at org.apache.hadoop.ipc.CallQueueManager.take(CallQueueManager.java:288)&#10;        at org.apache.hadoop.ipc.Server$Handler.run(Server.java:2668)&#10;&quot;org.apache.hadoop.util.JvmPauseMonitor$Monitor@51f1f8f8&quot; daemon prio=5 tid=1666 timed_waiting&#10;java.lang.Thread.State: TIMED_WAITING&#10;        at java.lang.Thread.sleep(Native Method)&#10;        at org.apache.hadoop.util.JvmPauseMonitor$Monitor.run(JvmPauseMonitor.java:192)&#10;        at java.lang.Thread.run(Thread.java:748)&#10;&quot;DataNode DiskChecker thread 0&quot; daemon prio=5 tid=1580 timed_waiting&#10;java.lang.Thread.State: TIMED_WAITING&#10;        at sun.misc.Unsafe.park(Native Method)&#10;        at java.util.concurrent.locks.LockSupport.parkNanos(LockSupport.java:215)&#10;        at java.util.concurrent.SynchronousQueue$TransferStack.awaitFulfill(SynchronousQueue.java:460)&#10;        at java.util.concurrent.SynchronousQueue$TransferStack.transfer(SynchronousQueue.java:362)&#10;        at java.util.concurrent.SynchronousQueue.poll(SynchronousQueue.java:941)&#10;        at java.util.concurrent.ThreadPoolExecutor.getTask(ThreadPoolExecutor.java:1073)&#10;        at java.util.concurrent.ThreadPoolExecutor.runWorker(ThreadPoolExecutor.java:1134)&#10;        at java.util.concurrent.ThreadPoolExecutor$Worker.run(ThreadPoolExecutor.java:624)&#10;        at java.lang.Thread.run(Thread.java:748)&#10;&quot;pool-158-thread-51&quot;  prio=5 tid=1876 in Object.wait()&#10;java.lang.Thread.State: WAITING (on object monitor)&#10;        at sun.misc.Unsafe.park(Native Method)&#10;        at java.util.concurrent.locks.LockSupport.park(LockSupport.java:175)&#10;        at java.util.concurrent.locks.AbstractQueuedSynchronizer$ConditionObject.await(AbstractQueuedSynchronizer.java:2039)&#10;        at java.util.concurrent.ArrayBlockingQueue.take(ArrayBlockingQueue.java:403)&#10;        at java.util.concurrent.ThreadPoolExecutor.getTask(ThreadPoolExecutor.java:1074)&#10;        at java.util.concurrent.ThreadPoolExecutor.runWorker(ThreadPoolExecutor.java:1134)&#10;        at java.util.concurrent.ThreadPoolExecutor$Worker.run(ThreadPoolExecutor.java:624)&#10;        at java.lang.Thread.run(Thread.java:748)&#10;&quot;IPC Server handler 18 on 38802&quot; daemon prio=5 tid=1129 timed_waiting&#10;java.lang.Thread.State: TIMED_WAITING&#10;        at sun.misc.Unsafe.park(Native Method)&#10;        at java.util.concurrent.locks.LockSupport.parkNanos(LockSupport.java:215)&#10;        at java.util.concurrent.locks.AbstractQueuedSynchronizer$ConditionObject.awaitNanos(AbstractQueuedSynchronizer.java:2078)&#10;        at java.util.concurrent.LinkedBlockingQueue.poll(LinkedBlockingQueue.java:467)&#10;        at org.apache.hadoop.ipc.CallQueueManager.take(CallQueueManager.java:288)&#10;        at org.apache.hadoop.ipc.Server$Handler.run(Server.java:2668)&#10;&quot;metrics-hadoop-metrics2-reporter-86-thread-1&quot; daemon prio=5 tid=1500 timed_waiting&#10;java.lang.Thread.State: TIMED_WAITING&#10;        at sun.misc.Unsafe.park(Native Method)&#10;        at java.util.concurrent.locks.LockSupport.parkNanos(LockSupport.java:215)&#10;        at java.util.concurrent.locks.AbstractQueuedSynchronizer$ConditionObject.awaitNanos(AbstractQueuedSynchronizer.java:2078)&#10;        at java.util.concurrent.ScheduledThreadPoolExecutor$DelayedWorkQueue.take(ScheduledThreadPoolExecutor.java:1093)&#10;        at java.util.concurrent.ScheduledThreadPoolExecutor$DelayedWorkQueue.take(ScheduledThreadPoolExecutor.java:809)&#10;        at java.util.concurrent.ThreadPoolExecutor.getTask(ThreadPoolExecutor.java:1074)&#10;        at java.util.concurrent.ThreadPoolExecutor.runWorker(ThreadPoolExecutor.java:1134)&#10;        at java.util.concurrent.ThreadPoolExecutor$Worker.run(ThreadPoolExecutor.java:624)&#10;        at java.lang.Thread.run(Thread.java:748)&#10;&quot;d612b743-bedc-4c3f-983e-e3329f8a2e6f@group-DDD6BF56D535-StateMachineUpdater&quot; daemon prio=5 tid=1658 in Object.wait()&#10;java.lang.Thread.State: WAITING (on object monitor)&#10;        at java.lang.Object.wait(Native Method)&#10;        at java.lang.Object.wait(Object.java:502)&#10;        at org.apache.ratis.server.impl.StateMachineUpdater.waitForCommit(StateMachineUpdater.java:194)&#10;        at org.apache.ratis.server.impl.StateMachineUpdater.run(StateMachineUpdater.java:159)&#10;        at java.lang.Thread.run(Thread.java:748)&#10;&quot;qtp1410488616-1197&quot; daemon prio=5 tid=1197 timed_waiting&#10;java.lang.Thread.State: TIMED_WAITING&#10;        at sun.misc.Unsafe.park(Native Method)&#10;        at java.util.concurrent.locks.LockSupport.parkNanos(LockSupport.java:215)&#10;        at java.util.concurrent.locks.AbstractQueuedSynchronizer$ConditionObject.awaitNanos(AbstractQueuedSynchronizer.java:2078)&#10;        at org.eclipse.jetty.util.BlockingArrayQueue.poll(BlockingArrayQueue.java:392)&#10;        at org.eclipse.jetty.util.thread.QueuedThreadPool.idleJobPoll(QueuedThreadPool.java:563)&#10;        at org.eclipse.jetty.util.thread.QueuedThreadPool.access$800(QueuedThreadPool.java:48)&#10;        at org.eclipse.jetty.util.thread.QueuedThreadPool$2.run(QueuedThreadPool.java:626)&#10;        at java.lang.Thread.run(Thread.java:748)&#10;&quot;metrics-hadoop-metrics2-reporter-84-thread-1&quot; daemon prio=5 tid=1494 timed_waiting&#10;java.lang.Thread.State: TIMED_WAITING&#10;        at sun.misc.Unsafe.park(Native Method)&#10;        at java.util.concurrent.locks.LockSupport.parkNanos(LockSupport.java:215)&#10;        at java.util.concurrent.locks.AbstractQueuedSynchronizer$ConditionObject.awaitNanos(AbstractQueuedSynchronizer.java:2078)&#10;        at java.util.concurrent.ScheduledThreadPoolExecutor$DelayedWorkQueue.take(ScheduledThreadPoolExecutor.java:1093)&#10;        at java.util.concurrent.ScheduledThreadPoolExecutor$DelayedWorkQueue.take(ScheduledThreadPoolExecutor.java:809)&#10;        at java.util.concurrent.ThreadPoolExecutor.getTask(ThreadPoolExecutor.java:1074)&#10;        at java.util.concurrent.ThreadPoolExecutor.runWorker(ThreadPoolExecutor.java:1134)&#10;        at java.util.concurrent.ThreadPoolExecutor$Worker.run(ThreadPoolExecutor.java:624)&#10;        at java.lang.Thread.run(Thread.java:748)&#10;&quot;IPC Server handler 6 on 46609&quot; daemon prio=5 tid=1097 timed_waiting&#10;java.lang.Thread.State: TIMED_WAITING&#10;        at sun.misc.Unsafe.park(Native Method)&#10;        at java.util.concurrent.locks.LockSupport.parkNanos(LockSupport.java:215)&#10;        at java.util.concurrent.locks.AbstractQueuedSynchronizer$ConditionObject.awaitNanos(AbstractQueuedSynchronizer.java:2078)&#10;        at java.util.concurrent.LinkedBlockingQueue.poll(LinkedBlockingQueue.java:467)&#10;        at org.apache.hadoop.ipc.CallQueueManager.take(CallQueueManager.java:288)&#10;        at org.apache.hadoop.ipc.Server$Handler.run(Server.java:2668)&#10;&quot;metrics-hadoop-metrics2-reporter-93-thread-1&quot; daemon prio=5 tid=1517 timed_waiting&#10;java.lang.Thread.State: TIMED_WAITING&#10;        at sun.misc.Unsafe.park(Native Method)&#10;        at java.util.concurrent.locks.LockSupport.parkNanos(LockSupport.java:215)&#10;        at java.util.concurrent.locks.AbstractQueuedSynchronizer$ConditionObject.awaitNanos(AbstractQueuedSynchronizer.java:2078)&#10;        at java.util.concurrent.ScheduledThreadPoolExecutor$DelayedWorkQueue.take(ScheduledThreadPoolExecutor.java:1093)&#10;        at java.util.concurrent.ScheduledThreadPoolExecutor$DelayedWorkQueue.take(ScheduledThreadPoolExecutor.java:809)&#10;        at java.util.concurrent.ThreadPoolExecutor.getTask(ThreadPoolExecutor.java:1074)&#10;        at java.util.concurrent.ThreadPoolExecutor.runWorker(ThreadPoolExecutor.java:1134)&#10;        at java.util.concurrent.ThreadPoolExecutor$Worker.run(ThreadPoolExecutor.java:624)&#10;        at java.lang.Thread.run(Thread.java:748)&#10;&quot;IPC Server handler 19 on 45184&quot; daemon prio=5 tid=1193 timed_waiting&#10;java.lang.Thread.State: TIMED_WAITING&#10;        at sun.misc.Unsafe.park(Native Method)&#10;        at java.util.concurrent.locks.LockSupport.parkNanos(LockSupport.java:215)&#10;        at java.util.concurrent.locks.AbstractQueuedSynchronizer$ConditionObject.awaitNanos(AbstractQueuedSynchronizer.java:2078)&#10;        at java.util.concurrent.LinkedBlockingQueue.poll(LinkedBlockingQueue.java:467)&#10;        at org.apache.hadoop.ipc.CallQueueManager.take(CallQueueManager.java:288)&#10;        at org.apache.hadoop.ipc.Server$Handler.run(Server.java:2668)&#10;&quot;ReplicationMonitor&quot; daemon prio=5 tid=1567 timed_waiting&#10;java.lang.Thread.State: TIMED_WAITING&#10;        at java.lang.Object.wait(Native Method)&#10;        at org.apache.hadoop.hdds.scm.container.ReplicationManager.run(ReplicationManager.java:229)&#10;        at org.apache.hadoop.hdds.scm.container.ReplicationManager$$Lambda$574/1035900766.run(Unknown Source)&#10;        at java.lang.Thread.run(Thread.java:748)&#10;&quot;IPC Server handler 18 on 46609&quot; daemon prio=5 tid=1109 timed_waiting&#10;java.lang.Thread.State: TIMED_WAITING&#10;        at sun.misc.Unsafe.park(Native Method)&#10;        at java.util.concurrent.locks.LockSupport.parkNanos(LockSupport.java:215)&#10;        at java.util.concurrent.locks.AbstractQueuedSynchronizer$ConditionObject.awaitNanos(AbstractQueuedSynchronizer.java:2078)&#10;        at java.util.concurrent.LinkedBlockingQueue.poll(LinkedBlockingQueue.java:467)&#10;        at org.apache.hadoop.ipc.CallQueueManager.take(CallQueueManager.java:288)&#10;        at org.apache.hadoop.ipc.Server$Handler.run(Server.java:2668)&#10;&quot;Reference Handler&quot; daemon prio=10 tid=2 in Object.wait()&#10;java.lang.Thread.State: WAITING (on object monitor)&#10;        at java.lang.Object.wait(Native Method)&#10;        at java.lang.Object.wait(Object.java:502)&#10;        at java.lang.ref.Reference.tryHandlePending(Reference.java:191)&#10;        at java.lang.ref.Reference$ReferenceHandler.run(Reference.java:153)&#10;&quot;IPC Parameter Sending Thread #0&quot; daemon prio=5 tid=106 timed_waiting&#10;java.lang.Thread.State: TIMED_WAITING&#10;        at sun.misc.Unsafe.park(Native Method)&#10;        at java.util.concurrent.locks.LockSupport.parkNanos(LockSupport.java:215)&#10;        at java.util.concurrent.SynchronousQueue$TransferStack.awaitFulfill(SynchronousQueue.java:460)&#10;        at java.util.concurrent.SynchronousQueue$TransferStack.transfer(SynchronousQueue.java:362)&#10;        at java.util.concurrent.SynchronousQueue.poll(SynchronousQueue.java:941)&#10;        at java.util.concurrent.ThreadPoolExecutor.getTask(ThreadPoolExecutor.java:1073)&#10;        at java.util.concurrent.ThreadPoolExecutor.runWorker(ThreadPoolExecutor.java:1134)&#10;        at java.util.concurrent.ThreadPoolExecutor$Worker.run(ThreadPoolExecutor.java:624)&#10;        at java.lang.Thread.run(Thread.java:748)&#10;&quot;pool-148-thread-53&quot;  prio=5 tid=1800 in Object.wait()&#10;java.lang.Thread.State: WAITING (on object monitor)&#10;        at sun.misc.Unsafe.park(Native Method)&#10;        at java.util.concurrent.locks.LockSupport.park(LockSupport.java:175)&#10;        at java.util.concurrent.locks.AbstractQueuedSynchronizer$ConditionObject.await(AbstractQueuedSynchronizer.java:2039)&#10;        at java.util.concurrent.ArrayBlockingQueue.take(ArrayBlockingQueue.java:403)&#10;        at java.util.concurrent.ThreadPoolExecutor.getTask(ThreadPoolExecutor.java:1074)&#10;        at java.util.concurrent.ThreadPoolExecutor.runWorker(ThreadPoolExecutor.java:1134)&#10;        at java.util.concurrent.ThreadPoolExecutor$Worker.run(ThreadPoolExecutor.java:624)&#10;        at java.lang.Thread.run(Thread.java:748)&#10;&quot;pool-148-thread-18&quot;  prio=5 tid=1764 in Object.wait()&#10;java.lang.Thread.State: WAITING (on object monitor)&#10;        at sun.misc.Unsafe.park(Native Method)&#10;        at java.util.concurrent.locks.LockSupport.park(LockSupport.java:175)&#10;        at java.util.concurrent.locks.AbstractQueuedSynchronizer$ConditionObject.await(AbstractQueuedSynchronizer.java:2039)&#10;        at java.util.concurrent.ArrayBlockingQueue.take(ArrayBlockingQueue.java:403)&#10;        at java.util.concurrent.ThreadPoolExecutor.getTask(ThreadPoolExecutor.java:1074)&#10;        at java.util.concurrent.ThreadPoolExecutor.runWorker(ThreadPoolExecutor.java:1134)&#10;        at java.util.concurrent.ThreadPoolExecutor$Worker.run(ThreadPoolExecutor.java:624)&#10;        at java.lang.Thread.run(Thread.java:748)&#10;&quot;Timer-2&quot;  prio=5 tid=1171 timed_waiting&#10;java.lang.Thread.State: TIMED_WAITING&#10;        at java.lang.Object.wait(Native Method)&#10;        at java.util.TimerThread.mainLoop(Timer.java:552)&#10;        at java.util.TimerThread.run(Timer.java:505)&#10;&quot;java.util.concurrent.ThreadPoolExecutor$Worker@57a6b399[State = -1, empty queue]&quot; daemon prio=5 tid=1967 timed_waiting&#10;java.lang.Thread.State: TIMED_WAITING&#10;        at sun.misc.Unsafe.park(Native Method)&#10;        at java.util.concurrent.locks.LockSupport.parkNanos(LockSupport.java:215)&#10;        at java.util.concurrent.locks.AbstractQueuedSynchronizer$ConditionObject.awaitNanos(AbstractQueuedSynchronizer.java:2078)&#10;        at java.util.concurrent.ScheduledThreadPoolExecutor$DelayedWorkQueue.take(ScheduledThreadPoolExecutor.java:1093)&#10;        at java.util.concurrent.ScheduledThreadPoolExecutor$DelayedWorkQueue.take(ScheduledThreadPoolExecutor.java:809)&#10;        at java.util.concurrent.ThreadPoolExecutor.getTask(ThreadPoolExecutor.java:1074)&#10;        at java.util.concurrent.ThreadPoolExecutor.runWorker(ThreadPoolExecutor.java:1134)&#10;        at java.util.concurrent.ThreadPoolExecutor$Worker.run(ThreadPoolExecutor.java:624)&#10;        at java.lang.Thread.run(Thread.java:748)&#10;&quot;Datanode ReportManager Thread - 0&quot; daemon prio=5 tid=1280 in Object.wait()&#10;java.lang.Thread.State: WAITING (on object monitor)&#10;        at sun.misc.Unsafe.park(Native Method)&#10;        at java.util.concurrent.locks.LockSupport.park(LockSupport.java:175)&#10;        at java.util.concurrent.locks.AbstractQueuedSynchronizer$ConditionObject.await(AbstractQueuedSynchronizer.java:2039)&#10;        at java.util.concurrent.ScheduledThreadPoolExecutor$DelayedWorkQueue.take(ScheduledThreadPoolExecutor.java:1088)&#10;        at java.util.concurrent.ScheduledThreadPoolExecutor$DelayedWorkQueue.take(ScheduledThreadPoolExecutor.java:809)&#10;        at java.util.concurrent.ThreadPoolExecutor.getTask(ThreadPoolExecutor.java:1074)&#10;        at java.util.concurrent.ThreadPoolExecutor.runWorker(ThreadPoolExecutor.java:1134)&#10;        at java.util.concurrent.ThreadPoolExecutor$Worker.run(ThreadPoolExecutor.java:624)&#10;        at java.lang.Thread.run(Thread.java:748)&#10;&quot;pool-138-thread-5&quot;  prio=5 tid=1676 in Object.wait()&#10;java.lang.Thread.State: WAITING (on object monitor)&#10;        at sun.misc.Unsafe.park(Native Method)&#10;        at java.util.concurrent.locks.LockSupport.park(LockSupport.java:175)&#10;        at java.util.concurrent.locks.AbstractQueuedSynchronizer$ConditionObject.await(AbstractQueuedSynchronizer.java:2039)&#10;        at java.util.concurrent.ArrayBlockingQueue.take(ArrayBlockingQueue.java:403)&#10;        at java.util.concurrent.ThreadPoolExecutor.getTask(ThreadPoolExecutor.java:1074)&#10;        at java.util.concurrent.ThreadPoolExecutor.runWorker(ThreadPoolExecutor.java:1134)&#10;        at java.util.concurrent.ThreadPoolExecutor$Worker.run(ThreadPoolExecutor.java:624)&#10;        at java.lang.Thread.run(Thread.java:748)&#10;&quot;DataNode DiskChecker thread 0&quot; daemon prio=5 tid=1608 timed_waiting&#10;java.lang.Thread.State: TIMED_WAITING&#10;        at sun.misc.Unsafe.park(Native Method)&#10;        at java.util.concurrent.locks.LockSupport.parkNanos(LockSupport.java:215)&#10;        at java.util.concurrent.SynchronousQueue$TransferStack.awaitFulfill(SynchronousQueue.java:460)&#10;        at java.util.concurrent.SynchronousQueue$TransferStack.transfer(SynchronousQueue.java:362)&#10;        at java.util.concurrent.SynchronousQueue.poll(SynchronousQueue.java:941)&#10;        at java.util.concurrent.ThreadPoolExecutor.getTask(ThreadPoolExecutor.java:1073)&#10;        at java.util.concurrent.ThreadPoolExecutor.runWorker(ThreadPoolExecutor.java:1134)&#10;        at java.util.concurrent.ThreadPoolExecutor$Worker.run(ThreadPoolExecutor.java:624)&#10;        at java.lang.Thread.run(Thread.java:748)&#10;&quot;IPC Server handler 3 on 38131&quot; daemon prio=5 tid=1134 timed_waiting&#10;java.lang.Thread.State: TIMED_WAITING&#10;        at sun.misc.Unsafe.park(Native Method)&#10;        at java.util.concurrent.locks.LockSupport.parkNanos(LockSupport.java:215)&#10;        at java.util.concurrent.locks.AbstractQueuedSynchronizer$ConditionObject.awaitNanos(AbstractQueuedSynchronizer.java:2078)&#10;        at java.util.concurrent.LinkedBlockingQueue.poll(LinkedBlockingQueue.java:467)&#10;        at org.apache.hadoop.ipc.CallQueueManager.take(CallQueueManager.java:288)&#10;        at org.apache.hadoop.ipc.Server$Handler.run(Server.java:2668)&#10;&quot;OMDoubleBufferFlushThread&quot; daemon prio=5 tid=1166 timed_waiting&#10;java.lang.Thread.State: TIMED_WAITING&#10;        at java.lang.Object.wait(Native Method)&#10;        at org.apache.hadoop.ozone.om.ratis.OzoneManagerDoubleBuffer.canFlush(OzoneManagerDoubleBuffer.java:322)&#10;        at org.apache.hadoop.ozone.om.ratis.OzoneManagerDoubleBuffer.flushTransactions(OzoneManagerDoubleBuffer.java:130)&#10;        at org.apache.hadoop.ozone.om.ratis.OzoneManagerDoubleBuffer$$Lambda$49/1145812390.run(Unknown Source)&#10;        at java.lang.Thread.run(Thread.java:748)&#10;&quot;Datanode ReportManager Thread - 1&quot; daemon prio=5 tid=1254 in Object.wait()&#10;java.lang.Thread.State: WAITING (on object monitor)&#10;        at sun.misc.Unsafe.park(Native Method)&#10;        at java.util.concurrent.locks.LockSupport.park(LockSupport.java:175)&#10;        at java.util.concurrent.locks.AbstractQueuedSynchronizer$ConditionObject.await(AbstractQueuedSynchronizer.java:2039)&#10;        at java.util.concurrent.ScheduledThreadPoolExecutor$DelayedWorkQueue.take(ScheduledThreadPoolExecutor.java:1088)&#10;        at java.util.concurrent.ScheduledThreadPoolExecutor$DelayedWorkQueue.take(ScheduledThreadPoolExecutor.java:809)&#10;        at java.util.concurrent.ThreadPoolExecutor.getTask(ThreadPoolExecutor.java:1074)&#10;        at java.util.concurrent.ThreadPoolExecutor.runWorker(ThreadPoolExecutor.java:1134)&#10;        at java.util.concurrent.ThreadPoolExecutor$Worker.run(ThreadPoolExecutor.java:624)&#10;        at java.lang.Thread.run(Thread.java:748)&#10;&quot;metrics-hadoop-metrics2-reporter-10-thread-1&quot; daemon prio=5 tid=725 timed_waiting&#10;java.lang.Thread.State: TIMED_WAITING&#10;        at sun.misc.Unsafe.park(Native Method)&#10;        at java.util.concurrent.locks.LockSupport.parkNanos(LockSupport.java:215)&#10;        at java.util.concurrent.locks.AbstractQueuedSynchronizer$ConditionObject.awaitNanos(AbstractQueuedSynchronizer.java:2078)&#10;        at java.util.concurrent.ScheduledThreadPoolExecutor$DelayedWorkQueue.take(ScheduledThreadPoolExecutor.java:1093)&#10;        at java.util.concurrent.ScheduledThreadPoolExecutor$DelayedWorkQueue.take(ScheduledThreadPoolExecutor.java:809)&#10;        at java.util.concurrent.ThreadPoolExecutor.getTask(ThreadPoolExecutor.java:1074)&#10;        at java.util.concurrent.ThreadPoolExecutor.runWorker(ThreadPoolExecutor.java:1134)&#10;        at java.util.concurrent.ThreadPoolExecutor$Worker.run(ThreadPoolExecutor.java:624)&#10;        at java.lang.Thread.run(Thread.java:748)&#10;&quot;metrics-hadoop-metrics2-reporter-77-thread-1&quot; daemon prio=5 tid=1028 timed_waiting&#10;java.lang.Thread.State: TIMED_WAITING&#10;        at sun.misc.Unsafe.park(Native Method)&#10;        at java.util.concurrent.locks.LockSupport.parkNanos(LockSupport.java:215)&#10;        at java.util.concurrent.locks.AbstractQueuedSynchronizer$ConditionObject.awaitNanos(AbstractQueuedSynchronizer.java:2078)&#10;        at java.util.concurrent.ScheduledThreadPoolExecutor$DelayedWorkQueue.take(ScheduledThreadPoolExecutor.java:1093)&#10;        at java.util.concurrent.ScheduledThreadPoolExecutor$DelayedWorkQueue.take(ScheduledThreadPoolExecutor.java:809)&#10;        at java.util.concurrent.ThreadPoolExecutor.getTask(ThreadPoolExecutor.java:1074)&#10;        at java.util.concurrent.ThreadPoolExecutor.runWorker(ThreadPoolExecutor.java:1134)&#10;        at java.util.concurrent.ThreadPoolExecutor$Worker.run(ThreadPoolExecutor.java:624)&#10;        at java.lang.Thread.run(Thread.java:748)&#10;&quot;IPC Server handler 8 on 38802&quot; daemon prio=5 tid=1119 timed_waiting&#10;java.lang.Thread.State: TIMED_WAITING&#10;        at sun.misc.Unsafe.park(Native Method)&#10;        at java.util.concurrent.locks.LockSupport.parkNanos(LockSupport.java:215)&#10;        at java.util.concurrent.locks.AbstractQueuedSynchronizer$ConditionObject.awaitNanos(AbstractQueuedSynchronizer.java:2078)&#10;        at java.util.concurrent.LinkedBlockingQueue.poll(LinkedBlockingQueue.java:467)&#10;        at org.apache.hadoop.ipc.CallQueueManager.take(CallQueueManager.java:288)&#10;        at org.apache.hadoop.ipc.Server$Handler.run(Server.java:2668)&#10;&quot;qtp734928767-1619&quot; daemon prio=5 tid=1619 timed_waiting&#10;java.lang.Thread.State: TIMED_WAITING&#10;        at sun.misc.Unsafe.park(Native Method)&#10;        at java.util.concurrent.locks.LockSupport.parkNanos(LockSupport.java:215)&#10;        at java.util.concurrent.locks.AbstractQueuedSynchronizer$ConditionObject.awaitNanos(AbstractQueuedSynchronizer.java:2078)&#10;        at org.eclipse.jetty.util.BlockingArrayQueue.poll(BlockingArrayQueue.java:392)&#10;        at org.eclipse.jetty.util.thread.QueuedThreadPool.idleJobPoll(QueuedThreadPool.java:563)&#10;        at org.eclipse.jetty.util.thread.QueuedThreadPool.access$800(QueuedThreadPool.java:48)&#10;        at org.eclipse.jetty.util.thread.QueuedThreadPool$2.run(QueuedThreadPool.java:626)&#10;        at java.lang.Thread.run(Thread.java:748)&#10;&quot;EventQueue-ContainerReportForContainerReportHandler&quot; daemon prio=5 tid=1477 in Object.wait()&#10;java.lang.Thread.State: WAITING (on object monitor)&#10;        at sun.misc.Unsafe.park(Native Method)&#10;        at java.util.concurrent.locks.LockSupport.park(LockSupport.java:175)&#10;        at java.util.concurrent.locks.AbstractQueuedSynchronizer$ConditionObject.await(AbstractQueuedSynchronizer.java:2039)&#10;        at java.util.concurrent.LinkedBlockingQueue.take(LinkedBlockingQueue.java:442)&#10;        at java.util.concurrent.ThreadPoolExecutor.getTask(ThreadPoolExecutor.java:1074)&#10;        at java.util.concurrent.ThreadPoolExecutor.runWorker(ThreadPoolExecutor.java:1134)&#10;        at java.util.concurrent.ThreadPoolExecutor$Worker.run(ThreadPoolExecutor.java:624)&#10;        at java.lang.Thread.run(Thread.java:748)&#10;&quot;org.eclipse.jetty.server.session.HashSessionManager@70e396a1Timer&quot; daemon prio=5 tid=1655 timed_waiting&#10;java.lang.Thread.State: TIMED_WAITING&#10;        at sun.misc.Unsafe.park(Native Method)&#10;        at java.util.concurrent.locks.LockSupport.parkNanos(LockSupport.java:215)&#10;        at java.util.concurrent.locks.AbstractQueuedSynchronizer$ConditionObject.awaitNanos(AbstractQueuedSynchronizer.java:2078)&#10;        at java.util.concurrent.ScheduledThreadPoolExecutor$DelayedWorkQueue.take(ScheduledThreadPoolExecutor.java:1093)&#10;        at java.util.concurrent.ScheduledThreadPoolExecutor$DelayedWorkQueue.take(ScheduledThreadPoolExecutor.java:809)&#10;        at java.util.concurrent.ThreadPoolExecutor.getTask(ThreadPoolExecutor.java:1074)&#10;        at java.util.concurrent.ThreadPoolExecutor.runWorker(ThreadPoolExecutor.java:1134)&#10;        at java.util.concurrent.ThreadPoolExecutor$Worker.run(ThreadPoolExecutor.java:624)&#10;        at java.lang.Thread.run(Thread.java:748)&#10;&quot;pool-158-thread-31&quot;  prio=5 tid=1855 in Object.wait()&#10;java.lang.Thread.State: WAITING (on object monitor)&#10;        at sun.misc.Unsafe.park(Native Method)&#10;        at java.util.concurrent.locks.LockSupport.park(LockSupport.java:175)&#10;        at java.util.concurrent.locks.AbstractQueuedSynchronizer$ConditionObject.await(AbstractQueuedSynchronizer.java:2039)&#10;        at java.util.concurrent.ArrayBlockingQueue.take(ArrayBlockingQueue.java:403)&#10;        at java.util.concurrent.ThreadPoolExecutor.getTask(ThreadPoolExecutor.java:1074)&#10;        at java.util.concurrent.ThreadPoolExecutor.runWorker(ThreadPoolExecutor.java:1134)&#10;        at java.util.concurrent.ThreadPoolExecutor$Worker.run(ThreadPoolExecutor.java:624)&#10;        at java.lang.Thread.run(Thread.java:748)&#10;&quot;metrics-hadoop-metrics2-reporter-45-thread-1&quot; daemon prio=5 tid=843 timed_waiting&#10;java.lang.Thread.State: TIMED_WAITING&#10;        at sun.misc.Unsafe.park(Native Method)&#10;        at java.util.concurrent.locks.LockSupport.parkNanos(LockSupport.java:215)&#10;        at java.util.concurrent.locks.AbstractQueuedSynchronizer$ConditionObject.awaitNanos(AbstractQueuedSynchronizer.java:2078)&#10;        at java.util.concurrent.ScheduledThreadPoolExecutor$DelayedWorkQueue.take(ScheduledThreadPoolExecutor.java:1093)&#10;        at java.util.concurrent.ScheduledThreadPoolExecutor$DelayedWorkQueue.take(ScheduledThreadPoolExecutor.java:809)&#10;        at java.util.concurrent.ThreadPoolExecutor.getTask(ThreadPoolExecutor.java:1074)&#10;        at java.util.concurrent.ThreadPoolExecutor.runWorker(ThreadPoolExecutor.java:1134)&#10;        at java.util.concurrent.ThreadPoolExecutor$Worker.run(ThreadPoolExecutor.java:624)&#10;        at java.lang.Thread.run(Thread.java:748)&#10;&quot;pool-138-thread-39&quot;  prio=5 tid=1710 in Object.wait()&#10;java.lang.Thread.State: WAITING (on object monitor)&#10;        at sun.misc.Unsafe.park(Native Method)&#10;        at java.util.concurrent.locks.LockSupport.park(LockSupport.java:175)&#10;        at java.util.concurrent.locks.AbstractQueuedSynchronizer$ConditionObject.await(AbstractQueuedSynchronizer.java:2039)&#10;        at java.util.concurrent.ArrayBlockingQueue.take(ArrayBlockingQueue.java:403)&#10;        at java.util.concurrent.ThreadPoolExecutor.getTask(ThreadPoolExecutor.java:1074)&#10;        at java.util.concurrent.ThreadPoolExecutor.runWorker(ThreadPoolExecutor.java:1134)&#10;        at java.util.concurrent.ThreadPoolExecutor$Worker.run(ThreadPoolExecutor.java:624)&#10;        at java.lang.Thread.run(Thread.java:748)&#10;&quot;metrics-hadoop-metrics2-reporter-19-thread-1&quot; daemon prio=5 tid=746 timed_waiting&#10;java.lang.Thread.State: TIMED_WAITING&#10;        at sun.misc.Unsafe.park(Native Method)&#10;        at java.util.concurrent.locks.LockSupport.parkNanos(LockSupport.java:215)&#10;        at java.util.concurrent.locks.AbstractQueuedSynchronizer$ConditionObject.awaitNanos(AbstractQueuedSynchronizer.java:2078)&#10;        at java.util.concurrent.ScheduledThreadPoolExecutor$DelayedWorkQueue.take(ScheduledThreadPoolExecutor.java:1093)&#10;        at java.util.concurrent.ScheduledThreadPoolExecutor$DelayedWorkQueue.take(ScheduledThreadPoolExecutor.java:809)&#10;        at java.util.concurrent.ThreadPoolExecutor.getTask(ThreadPoolExecutor.java:1074)&#10;        at java.util.concurrent.ThreadPoolExecutor.runWorker(ThreadPoolExecutor.java:1134)&#10;        at java.util.concurrent.ThreadPoolExecutor$Worker.run(ThreadPoolExecutor.java:624)&#10;        at java.lang.Thread.run(Thread.java:748)&#10;&quot;process reaper&quot; daemon prio=10 tid=10 timed_waiting&#10;java.lang.Thread.State: TIMED_WAITING&#10;        at sun.misc.Unsafe.park(Native Method)&#10;        at java.util.concurrent.locks.LockSupport.parkNanos(LockSupport.java:215)&#10;        at java.util.concurrent.SynchronousQueue$TransferStack.awaitFulfill(SynchronousQueue.java:460)&#10;        at java.util.concurrent.SynchronousQueue$TransferStack.transfer(SynchronousQueue.java:362)&#10;        at java.util.concurrent.SynchronousQueue.poll(SynchronousQueue.java:941)&#10;        at java.util.concurrent.ThreadPoolExecutor.getTask(ThreadPoolExecutor.java:1073)&#10;        at java.util.concurrent.ThreadPoolExecutor.runWorker(ThreadPoolExecutor.java:1134)&#10;        at java.util.concurrent.ThreadPoolExecutor$Worker.run(ThreadPoolExecutor.java:624)&#10;        at java.lang.Thread.run(Thread.java:748)&#10;&quot;pool-138-thread-48&quot;  prio=5 tid=1719 in Object.wait()&#10;java.lang.Thread.State: WAITING (on object monitor)&#10;        at sun.misc.Unsafe.park(Native Method)&#10;        at java.util.concurrent.locks.LockSupport.park(LockSupport.java:175)&#10;        at java.util.concurrent.locks.AbstractQueuedSynchronizer$ConditionObject.await(AbstractQueuedSynchronizer.java:2039)&#10;        at java.util.concurrent.ArrayBlockingQueue.take(ArrayBlockingQueue.java:403)&#10;        at java.util.concurrent.ThreadPoolExecutor.getTask(ThreadPoolExecutor.java:1074)&#10;        at java.util.concurrent.ThreadPoolExecutor.runWorker(ThreadPoolExecutor.java:1134)&#10;        at java.util.concurrent.ThreadPoolExecutor$Worker.run(ThreadPoolExecutor.java:624)&#10;        at java.lang.Thread.run(Thread.java:748)&#10;&quot;metrics-hadoop-metrics2-reporter-69-thread-1&quot; daemon prio=5 tid=996 timed_waiting&#10;java.lang.Thread.State: TIMED_WAITING&#10;        at sun.misc.Unsafe.park(Native Method)&#10;        at java.util.concurrent.locks.LockSupport.parkNanos(LockSupport.java:215)&#10;        at java.util.concurrent.locks.AbstractQueuedSynchronizer$ConditionObject.awaitNanos(AbstractQueuedSynchronizer.java:2078)&#10;        at java.util.concurrent.ScheduledThreadPoolExecutor$DelayedWorkQueue.take(ScheduledThreadPoolExecutor.java:1093)&#10;        at java.util.concurrent.ScheduledThreadPoolExecutor$DelayedWorkQueue.take(ScheduledThreadPoolExecutor.java:809)&#10;        at java.util.concurrent.ThreadPoolExecutor.getTask(ThreadPoolExecutor.java:1074)&#10;        at java.util.concurrent.ThreadPoolExecutor.runWorker(ThreadPoolExecutor.java:1134)&#10;        at java.util.concurrent.ThreadPoolExecutor$Worker.run(ThreadPoolExecutor.java:624)&#10;        at java.lang.Thread.run(Thread.java:748)&#10;&quot;BlockDeletingService#1&quot; daemon prio=5 tid=1811 in Object.wait()&#10;java.lang.Thread.State: WAITING (on object monitor)&#10;        at sun.misc.Unsafe.park(Native Method)&#10;        at java.util.concurrent.locks.LockSupport.park(LockSupport.java:175)&#10;        at java.util.concurrent.locks.AbstractQueuedSynchronizer$ConditionObject.await(AbstractQueuedSynchronizer.java:2039)&#10;        at java.util.concurrent.ScheduledThreadPoolExecutor$DelayedWorkQueue.take(ScheduledThreadPoolExecutor.java:1088)&#10;        at java.util.concurrent.ScheduledThreadPoolExecutor$DelayedWorkQueue.take(ScheduledThreadPoolExecutor.java:809)&#10;        at java.util.concurrent.ThreadPoolExecutor.getTask(ThreadPoolExecutor.java:1074)&#10;        at java.util.concurrent.ThreadPoolExecutor.runWorker(ThreadPoolExecutor.java:1134)&#10;        at java.util.concurrent.ThreadPoolExecutor$Worker.run(ThreadPoolExecutor.java:624)&#10;        at java.lang.Thread.run(Thread.java:748)&#10;&quot;metrics-hadoop-metrics2-reporter-88-thread-1&quot; daemon prio=5 tid=1504 timed_waiting&#10;java.lang.Thread.State: TIMED_WAITING&#10;        at sun.misc.Unsafe.park(Native Method)&#10;        at java.util.concurrent.locks.LockSupport.parkNanos(LockSupport.java:215)&#10;        at java.util.concurrent.locks.AbstractQueuedSynchronizer$ConditionObject.awaitNanos(AbstractQueuedSynchronizer.java:2078)&#10;        at java.util.concurrent.ScheduledThreadPoolExecutor$DelayedWorkQueue.take(ScheduledThreadPoolExecutor.java:1093)&#10;        at java.util.concurrent.ScheduledThreadPoolExecutor$DelayedWorkQueue.take(ScheduledThreadPoolExecutor.java:809)&#10;        at java.util.concurrent.ThreadPoolExecutor.getTask(ThreadPoolExecutor.java:1074)&#10;        at java.util.concurrent.ThreadPoolExecutor.runWorker(ThreadPoolExecutor.java:1134)&#10;        at java.util.concurrent.ThreadPoolExecutor$Worker.run(ThreadPoolExecutor.java:624)&#10;        at java.lang.Thread.run(Thread.java:748)&#10;&quot;IPC Server handler 3 on 45184&quot; daemon prio=5 tid=1176 timed_waiting&#10;java.lang.Thread.State: TIMED_WAITING&#10;        at sun.misc.Unsafe.park(Native Method)&#10;        at java.util.concurrent.locks.LockSupport.parkNanos(LockSupport.java:215)&#10;        at java.util.concurrent.locks.AbstractQueuedSynchronizer$ConditionObject.awaitNanos(AbstractQueuedSynchronizer.java:2078)&#10;        at java.util.concurrent.LinkedBlockingQueue.poll(LinkedBlockingQueue.java:467)&#10;        at org.apache.hadoop.ipc.CallQueueManager.take(CallQueueManager.java:288)&#10;        at org.apache.hadoop.ipc.Server$Handler.run(Server.java:2668)&#10;&quot;Datanode ReportManager Thread - 0&quot; daemon prio=5 tid=1661 timed_waiting&#10;java.lang.Thread.State: TIMED_WAITING&#10;        at sun.misc.Unsafe.park(Native Method)&#10;        at java.util.concurrent.locks.LockSupport.parkNanos(LockSupport.java:215)&#10;        at java.util.concurrent.locks.AbstractQueuedSynchronizer$ConditionObject.awaitNanos(AbstractQueuedSynchronizer.java:2078)&#10;        at java.util.concurrent.ScheduledThreadPoolExecutor$DelayedWorkQueue.take(ScheduledThreadPoolExecutor.java:1093)&#10;        at java.util.concurrent.ScheduledThreadPoolExecutor$DelayedWorkQueue.take(ScheduledThreadPoolExecutor.java:809)&#10;        at java.util.concurrent.ThreadPoolExecutor.getTask(ThreadPoolExecutor.java:1074)&#10;        at java.util.concurrent.ThreadPoolExecutor.runWorker(ThreadPoolExecutor.java:1134)&#10;        at java.util.concurrent.ThreadPoolExecutor$Worker.run(ThreadPoolExecutor.java:624)&#10;        at java.lang.Thread.run(Thread.java:748)&#10;&quot;metrics-hadoop-metrics2-reporter-35-thread-1&quot; daemon prio=5 tid=790 timed_waiting&#10;java.lang.Thread.State: TIMED_WAITING&#10;        at sun.misc.Unsafe.park(Native Method)&#10;        at java.util.concurrent.locks.LockSupport.parkNanos(LockSupport.java:215)&#10;        at java.util.concurrent.locks.AbstractQueuedSynchronizer$ConditionObject.awaitNanos(AbstractQueuedSynchronizer.java:2078)&#10;        at java.util.concurrent.ScheduledThreadPoolExecutor$DelayedWorkQueue.take(ScheduledThreadPoolExecutor.java:1093)&#10;        at java.util.concurrent.ScheduledThreadPoolExecutor$DelayedWorkQueue.take(ScheduledThreadPoolExecutor.java:809)&#10;        at java.util.concurrent.ThreadPoolExecutor.getTask(ThreadPoolExecutor.java:1074)&#10;        at java.util.concurrent.ThreadPoolExecutor.runWorker(ThreadPoolExecutor.java:1134)&#10;        at java.util.concurrent.ThreadPoolExecutor$Worker.run(ThreadPoolExecutor.java:624)&#10;        at java.lang.Thread.run(Thread.java:748)&#10;&quot;qtp734928767-1620&quot; daemon prio=5 tid=1620 timed_waiting&#10;java.lang.Thread.State: TIMED_WAITING&#10;        at sun.misc.Unsafe.park(Native Method)&#10;        at java.util.concurrent.locks.LockSupport.parkNanos(LockSupport.java:215)&#10;        at java.util.concurrent.locks.AbstractQueuedSynchronizer$ConditionObject.awaitNanos(AbstractQueuedSynchronizer.java:2078)&#10;        at org.eclipse.jetty.util.BlockingArrayQueue.poll(BlockingArrayQueue.java:392)&#10;        at org.eclipse.jetty.util.thread.QueuedThreadPool.idleJobPoll(QueuedThreadPool.java:563)&#10;        at org.eclipse.jetty.util.thread.QueuedThreadPool.access$800(QueuedThreadPool.java:48)&#10;        at org.eclipse.jetty.util.thread.QueuedThreadPool$2.run(QueuedThreadPool.java:626)&#10;        at java.lang.Thread.run(Thread.java:748)&#10;&quot;Timer for &apos;StorageContainerManager&apos; metrics system&quot; daemon prio=5 tid=1089 timed_waiting&#10;java.lang.Thread.State: TIMED_WAITING&#10;        at java.lang.Object.wait(Native Method)&#10;        at java.util.TimerThread.mainLoop(Timer.java:552)&#10;        at java.util.TimerThread.run(Timer.java:505)&#10;&quot;pool-138-thread-19&quot;  prio=5 tid=1690 in Object.wait()&#10;java.lang.Thread.State: WAITING (on object monitor)&#10;        at sun.misc.Unsafe.park(Native Method)&#10;        at java.util.concurrent.locks.LockSupport.park(LockSupport.java:175)&#10;        at java.util.concurrent.locks.AbstractQueuedSynchronizer$ConditionObject.await(AbstractQueuedSynchronizer.java:2039)&#10;        at java.util.concurrent.ArrayBlockingQueue.take(ArrayBlockingQueue.java:403)&#10;        at java.util.concurrent.ThreadPoolExecutor.getTask(ThreadPoolExecutor.java:1074)&#10;        at java.util.concurrent.ThreadPoolExecutor.runWorker(ThreadPoolExecutor.java:1134)&#10;        at java.util.concurrent.ThreadPoolExecutor$Worker.run(ThreadPoolExecutor.java:624)&#10;        at java.lang.Thread.run(Thread.java:748)&#10;&quot;IPC Server handler 5 on 38131&quot; daemon prio=5 tid=1136 timed_waiting&#10;java.lang.Thread.State: TIMED_WAITING&#10;        at sun.misc.Unsafe.park(Native Method)&#10;        at java.util.concurrent.locks.LockSupport.parkNanos(LockSupport.java:215)&#10;        at java.util.concurrent.locks.AbstractQueuedSynchronizer$ConditionObject.awaitNanos(AbstractQueuedSynchronizer.java:2078)&#10;        at java.util.concurrent.LinkedBlockingQueue.poll(LinkedBlockingQueue.java:467)&#10;        at org.apache.hadoop.ipc.CallQueueManager.take(CallQueueManager.java:288)&#10;        at org.apache.hadoop.ipc.Server$Handler.run(Server.java:2668)&#10;&quot;Thread-773&quot; daemon prio=5 tid=1895 timed_waiting&#10;java.lang.Thread.State: TIMED_WAITING&#10;        at sun.misc.Unsafe.park(Native Method)&#10;        at java.util.concurrent.locks.LockSupport.parkNanos(LockSupport.java:215)&#10;        at java.util.concurrent.locks.AbstractQueuedSynchronizer$ConditionObject.awaitNanos(AbstractQueuedSynchronizer.java:2078)&#10;        at java.util.concurrent.ArrayBlockingQueue.poll(ArrayBlockingQueue.java:418)&#10;        at org.apache.ratis.server.impl.LeaderState$EventQueue.poll(LeaderState.java:115)&#10;        at org.apache.ratis.server.impl.LeaderState$EventProcessor.run(LeaderState.java:467)&#10;&quot;SCMBlockDeletingService#0&quot; daemon prio=5 tid=1162 timed_waiting&#10;java.lang.Thread.State: TIMED_WAITING&#10;        at sun.misc.Unsafe.park(Native Method)&#10;        at java.util.concurrent.locks.LockSupport.parkNanos(LockSupport.java:215)&#10;        at java.util.concurrent.locks.AbstractQueuedSynchronizer$ConditionObject.awaitNanos(AbstractQueuedSynchronizer.java:2078)&#10;        at java.util.concurrent.ScheduledThreadPoolExecutor$DelayedWorkQueue.take(ScheduledThreadPoolExecutor.java:1093)&#10;        at java.util.concurrent.ScheduledThreadPoolExecutor$DelayedWorkQueue.take(ScheduledThreadPoolExecutor.java:809)&#10;        at java.util.concurrent.ThreadPoolExecutor.getTask(ThreadPoolExecutor.java:1074)&#10;        at java.util.concurrent.ThreadPoolExecutor.runWorker(ThreadPoolExecutor.java:1134)&#10;        at java.util.concurrent.ThreadPoolExecutor$Worker.run(ThreadPoolExecutor.java:624)&#10;        at java.lang.Thread.run(Thread.java:748)&#10;&quot;metrics-hadoop-metrics2-reporter-4-thread-1&quot; daemon prio=5 tid=709 timed_waiting&#10;java.lang.Thread.State: TIMED_WAITING&#10;        at sun.misc.Unsafe.park(Native Method)&#10;        at java.util.concurrent.locks.LockSupport.parkNanos(LockSupport.java:215)&#10;        at java.util.concurrent.locks.AbstractQueuedSynchronizer$ConditionObject.awaitNanos(AbstractQueuedSynchronizer.java:2078)&#10;        at java.util.concurrent.ScheduledThreadPoolExecutor$DelayedWorkQueue.take(ScheduledThreadPoolExecutor.java:1093)&#10;        at java.util.concurrent.ScheduledThreadPoolExecutor$DelayedWorkQueue.take(ScheduledThreadPoolExecutor.java:809)&#10;        at java.util.concurrent.ThreadPoolExecutor.getTask(ThreadPoolExecutor.java:1074)&#10;        at java.util.concurrent.ThreadPoolExecutor.runWorker(ThreadPoolExecutor.java:1134)&#10;        at java.util.concurrent.ThreadPoolExecutor$Worker.run(ThreadPoolExecutor.java:624)&#10;        at java.lang.Thread.run(Thread.java:748)&#10;&quot;pool-148-thread-45&quot;  prio=5 tid=1792 in Object.wait()&#10;java.lang.Thread.State: WAITING (on object monitor)&#10;        at sun.misc.Unsafe.park(Native Method)&#10;        at java.util.concurrent.locks.LockSupport.park(LockSupport.java:175)&#10;        at java.util.concurrent.locks.AbstractQueuedSynchronizer$ConditionObject.await(AbstractQueuedSynchronizer.java:2039)&#10;        at java.util.concurrent.ArrayBlockingQueue.take(ArrayBlockingQueue.java:403)&#10;        at java.util.concurrent.ThreadPoolExecutor.getTask(ThreadPoolExecutor.java:1074)&#10;        at java.util.concurrent.ThreadPoolExecutor.runWorker(ThreadPoolExecutor.java:1134)&#10;        at java.util.concurrent.ThreadPoolExecutor$Worker.run(ThreadPoolExecutor.java:624)&#10;        at java.lang.Thread.run(Thread.java:748)&#10;&quot;IPC Server handler 6 on 38802&quot; daemon prio=5 tid=1117 timed_waiting&#10;java.lang.Thread.State: TIMED_WAITING&#10;        at sun.misc.Unsafe.park(Native Method)&#10;        at java.util.concurrent.locks.LockSupport.parkNanos(LockSupport.java:215)&#10;        at java.util.concurrent.locks.AbstractQueuedSynchronizer$ConditionObject.awaitNanos(AbstractQueuedSynchronizer.java:2078)&#10;        at java.util.concurrent.LinkedBlockingQueue.poll(LinkedBlockingQueue.java:467)&#10;        at org.apache.hadoop.ipc.CallQueueManager.take(CallQueueManager.java:288)&#10;        at org.apache.hadoop.ipc.Server$Handler.run(Server.java:2668)&#10;&quot;pool-148-thread-40&quot;  prio=5 tid=1787 in Object.wait()&#10;java.lang.Thread.State: WAITING (on object monitor)&#10;        at sun.misc.Unsafe.park(Native Method)&#10;        at java.util.concurrent.locks.LockSupport.park(LockSupport.java:175)&#10;        at java.util.concurrent.locks.AbstractQueuedSynchronizer$ConditionObject.await(AbstractQueuedSynchronizer.java:2039)&#10;        at java.util.concurrent.ArrayBlockingQueue.take(ArrayBlockingQueue.java:403)&#10;        at java.util.concurrent.ThreadPoolExecutor.getTask(ThreadPoolExecutor.java:1074)&#10;        at java.util.concurrent.ThreadPoolExecutor.runWorker(ThreadPoolExecutor.java:1134)&#10;        at java.util.concurrent.ThreadPoolExecutor$Worker.run(ThreadPoolExecutor.java:624)&#10;        at java.lang.Thread.run(Thread.java:748)&#10;&quot;Datanode ReportManager Thread - 1&quot; daemon prio=5 tid=281 timed_waiting&#10;java.lang.Thread.State: TIMED_WAITING&#10;        at sun.misc.Unsafe.park(Native Method)&#10;        at java.util.concurrent.locks.LockSupport.parkNanos(LockSupport.java:215)&#10;        at java.util.concurrent.locks.AbstractQueuedSynchronizer$ConditionObject.awaitNanos(AbstractQueuedSynchronizer.java:2078)&#10;        at java.util.concurrent.ScheduledThreadPoolExecutor$DelayedWorkQueue.take(ScheduledThreadPoolExecutor.java:1093)&#10;        at java.util.concurrent.ScheduledThreadPoolExecutor$DelayedWorkQueue.take(ScheduledThreadPoolExecutor.java:809)&#10;        at java.util.concurrent.ThreadPoolExecutor.getTask(ThreadPoolExecutor.java:1074)&#10;        at java.util.concurrent.ThreadPoolExecutor.runWorker(ThreadPoolExecutor.java:1134)&#10;        at java.util.concurrent.ThreadPoolExecutor$Worker.run(ThreadPoolExecutor.java:624)&#10;        at java.lang.Thread.run(Thread.java:748)&#10;&quot;pool-138-thread-34&quot;  prio=5 tid=1705 in Object.wait()&#10;java.lang.Thread.State: WAITING (on object monitor)&#10;        at sun.misc.Unsafe.park(Native Method)&#10;        at java.util.concurrent.locks.LockSupport.park(LockSupport.java:175)&#10;        at java.util.concurrent.locks.AbstractQueuedSynchronizer$ConditionObject.await(AbstractQueuedSynchronizer.java:2039)&#10;        at java.util.concurrent.ArrayBlockingQueue.take(ArrayBlockingQueue.java:403)&#10;        at java.util.concurrent.ThreadPoolExecutor.getTask(ThreadPoolExecutor.java:1074)&#10;        at java.util.concurrent.ThreadPoolExecutor.runWorker(ThreadPoolExecutor.java:1134)&#10;        at java.util.concurrent.ThreadPoolExecutor$Worker.run(ThreadPoolExecutor.java:624)&#10;        at java.lang.Thread.run(Thread.java:748)&#10;&quot;IPC Server idle connection scanner for port 38131&quot; daemon prio=5 tid=1078 timed_waiting&#10;java.lang.Thread.State: TIMED_WAITING&#10;        at java.lang.Object.wait(Native Method)&#10;        at java.util.TimerThread.mainLoop(Timer.java:552)&#10;        at java.util.TimerThread.run(Timer.java:505)&#10;&quot;Datanode ReportManager Thread - 3&quot; daemon prio=5 tid=283 in Object.wait()&#10;java.lang.Thread.State: WAITING (on object monitor)&#10;        at sun.misc.Unsafe.park(Native Method)&#10;        at java.util.concurrent.locks.LockSupport.park(LockSupport.java:175)&#10;        at java.util.concurrent.locks.AbstractQueuedSynchronizer$ConditionObject.await(AbstractQueuedSynchronizer.java:2039)&#10;        at java.util.concurrent.ScheduledThreadPoolExecutor$DelayedWorkQueue.take(ScheduledThreadPoolExecutor.java:1088)&#10;        at java.util.concurrent.ScheduledThreadPoolExecutor$DelayedWorkQueue.take(ScheduledThreadPoolExecutor.java:809)&#10;        at java.util.concurrent.ThreadPoolExecutor.getTask(ThreadPoolExecutor.java:1074)&#10;        at java.util.concurrent.ThreadPoolExecutor.runWorker(ThreadPoolExecutor.java:1134)&#10;        at java.util.concurrent.ThreadPoolExecutor$Worker.run(ThreadPoolExecutor.java:624)&#10;        at java.lang.Thread.run(Thread.java:748)&#10;&quot;pool-138-thread-29&quot;  prio=5 tid=1700 in Object.wait()&#10;java.lang.Thread.State: WAITING (on object monitor)&#10;        at sun.misc.Unsafe.park(Native Method)&#10;        at java.util.concurrent.locks.LockSupport.park(LockSupport.java:175)&#10;        at java.util.concurrent.locks.AbstractQueuedSynchronizer$ConditionObject.await(AbstractQueuedSynchronizer.java:2039)&#10;        at java.util.concurrent.ArrayBlockingQueue.take(ArrayBlockingQueue.java:403)&#10;        at java.util.concurrent.ThreadPoolExecutor.getTask(ThreadPoolExecutor.java:1074)&#10;        at java.util.concurrent.ThreadPoolExecutor.runWorker(ThreadPoolExecutor.java:1134)&#10;        at java.util.concurrent.ThreadPoolExecutor$Worker.run(ThreadPoolExecutor.java:624)&#10;        at java.lang.Thread.run(Thread.java:748)&#10;&quot;pool-146-thread-1&quot; daemon prio=5 tid=1609 timed_waiting&#10;java.lang.Thread.State: TIMED_WAITING&#10;        at sun.misc.Unsafe.park(Native Method)&#10;        at java.util.concurrent.locks.LockSupport.parkNanos(LockSupport.java:215)&#10;        at java.util.concurrent.locks.AbstractQueuedSynchronizer$ConditionObject.awaitNanos(AbstractQueuedSynchronizer.java:2078)&#10;        at java.util.concurrent.ScheduledThreadPoolExecutor$DelayedWorkQueue.take(ScheduledThreadPoolExecutor.java:1093)&#10;        at java.util.concurrent.ScheduledThreadPoolExecutor$DelayedWorkQueue.take(ScheduledThreadPoolExecutor.java:809)&#10;        at java.util.concurrent.ThreadPoolExecutor.getTask(ThreadPoolExecutor.java:1074)&#10;        at java.util.concurrent.ThreadPoolExecutor.runWorker(ThreadPoolExecutor.java:1134)&#10;        at java.util.concurrent.ThreadPoolExecutor$Worker.run(ThreadPoolExecutor.java:624)&#10;        at java.lang.Thread.run(Thread.java:748)&#10;&quot;Datanode ReportManager Thread - 0&quot; daemon prio=5 tid=1226 in Object.wait()&#10;java.lang.Thread.State: WAITING (on object monitor)&#10;        at sun.misc.Unsafe.park(Native Method)&#10;        at java.util.concurrent.locks.LockSupport.park(LockSupport.java:175)&#10;        at java.util.concurrent.locks.AbstractQueuedSynchronizer$ConditionObject.await(AbstractQueuedSynchronizer.java:2039)&#10;        at java.util.concurrent.ScheduledThreadPoolExecutor$DelayedWorkQueue.take(ScheduledThreadPoolExecutor.java:1088)&#10;        at java.util.concurrent.ScheduledThreadPoolExecutor$DelayedWorkQueue.take(ScheduledThreadPoolExecutor.java:809)&#10;        at java.util.concurrent.ThreadPoolExecutor.getTask(ThreadPoolExecutor.java:1074)&#10;        at java.util.concurrent.ThreadPoolExecutor.runWorker(ThreadPoolExecutor.java:1134)&#10;        at java.util.concurrent.ThreadPoolExecutor$Worker.run(ThreadPoolExecutor.java:624)&#10;        at java.lang.Thread.run(Thread.java:748)&#10;&quot;pool-138-thread-51&quot;  prio=5 tid=1722 in Object.wait()&#10;java.lang.Thread.State: WAITING (on object monitor)&#10;        at sun.misc.Unsafe.park(Native Method)&#10;        at java.util.concurrent.locks.LockSupport.park(LockSupport.java:175)&#10;        at java.util.concurrent.locks.AbstractQueuedSynchronizer$ConditionObject.await(AbstractQueuedSynchronizer.java:2039)&#10;        at java.util.concurrent.ArrayBlockingQueue.take(ArrayBlockingQueue.java:403)&#10;        at java.util.concurrent.ThreadPoolExecutor.getTask(ThreadPoolExecutor.java:1074)&#10;        at java.util.concurrent.ThreadPoolExecutor.runWorker(ThreadPoolExecutor.java:1134)&#10;        at java.util.concurrent.ThreadPoolExecutor$Worker.run(ThreadPoolExecutor.java:624)&#10;        at java.lang.Thread.run(Thread.java:748)&#10;&quot;Datanode ReportManager Thread - 3&quot; daemon prio=5 tid=175 in Object.wait()&#10;java.lang.Thread.State: WAITING (on object monitor)&#10;        at sun.misc.Unsafe.park(Native Method)&#10;        at java.util.concurrent.locks.LockSupport.park(LockSupport.java:175)&#10;        at java.util.concurrent.locks.AbstractQueuedSynchronizer$ConditionObject.await(AbstractQueuedSynchronizer.java:2039)&#10;        at java.util.concurrent.ScheduledThreadPoolExecutor$DelayedWorkQueue.take(ScheduledThreadPoolExecutor.java:1088)&#10;        at java.util.concurrent.ScheduledThreadPoolExecutor$DelayedWorkQueue.take(ScheduledThreadPoolExecutor.java:809)&#10;        at java.util.concurrent.ThreadPoolExecutor.getTask(ThreadPoolExecutor.java:1074)&#10;        at java.util.concurrent.ThreadPoolExecutor.runWorker(ThreadPoolExecutor.java:1134)&#10;        at java.util.concurrent.ThreadPoolExecutor$Worker.run(ThreadPoolExecutor.java:624)&#10;        at java.lang.Thread.run(Thread.java:748)&#10;&quot;IPC Server handler 13 on 46609&quot; daemon prio=5 tid=1104 timed_waiting&#10;java.lang.Thread.State: TIMED_WAITING&#10;        at sun.misc.Unsafe.park(Native Method)&#10;        at java.util.concurrent.locks.LockSupport.parkNanos(LockSupport.java:215)&#10;        at java.util.concurrent.locks.AbstractQueuedSynchronizer$ConditionObject.awaitNanos(AbstractQueuedSynchronizer.java:2078)&#10;        at java.util.concurrent.LinkedBlockingQueue.poll(LinkedBlockingQueue.java:467)&#10;        at org.apache.hadoop.ipc.CallQueueManager.take(CallQueueManager.java:288)&#10;        at org.apache.hadoop.ipc.Server$Handler.run(Server.java:2668)&#10;&quot;qtp734928767-1617&quot; daemon prio=5 tid=1617 timed_waiting&#10;java.lang.Thread.State: TIMED_WAITING&#10;        at sun.misc.Unsafe.park(Native Method)&#10;        at java.util.concurrent.locks.LockSupport.parkNanos(LockSupport.java:215)&#10;        at java.util.concurrent.locks.AbstractQueuedSynchronizer$ConditionObject.awaitNanos(AbstractQueuedSynchronizer.java:2078)&#10;        at org.eclipse.jetty.util.BlockingArrayQueue.poll(BlockingArrayQueue.java:392)&#10;        at org.eclipse.jetty.util.thread.QueuedThreadPool.idleJobPoll(QueuedThreadPool.java:563)&#10;        at org.eclipse.jetty.util.thread.QueuedThreadPool.access$800(QueuedThreadPool.java:48)&#10;        at org.eclipse.jetty.util.thread.QueuedThreadPool$2.run(QueuedThreadPool.java:626)&#10;        at java.lang.Thread.run(Thread.java:748)&#10;&quot;IPC Server handler 1 on 38802&quot; daemon prio=5 tid=1112 timed_waiting&#10;java.lang.Thread.State: TIMED_WAITING&#10;        at sun.misc.Unsafe.park(Native Method)&#10;        at java.util.concurrent.locks.LockSupport.parkNanos(LockSupport.java:215)&#10;        at java.util.concurrent.locks.AbstractQueuedSynchronizer$ConditionObject.awaitNanos(AbstractQueuedSynchronizer.java:2078)&#10;        at java.util.concurrent.LinkedBlockingQueue.poll(LinkedBlockingQueue.java:467)&#10;        at org.apache.hadoop.ipc.CallQueueManager.take(CallQueueManager.java:288)&#10;        at org.apache.hadoop.ipc.Server$Handler.run(Server.java:2668)&#10;&quot;pool-138-thread-14&quot;  prio=5 tid=1685 in Object.wait()&#10;java.lang.Thread.State: WAITING (on object monitor)&#10;        at sun.misc.Unsafe.park(Native Method)&#10;        at java.util.concurrent.locks.LockSupport.park(LockSupport.java:175)&#10;        at java.util.concurrent.locks.AbstractQueuedSynchronizer$ConditionObject.await(AbstractQueuedSynchronizer.java:2039)&#10;        at java.util.concurrent.ArrayBlockingQueue.take(ArrayBlockingQueue.java:403)&#10;        at java.util.concurrent.ThreadPoolExecutor.getTask(ThreadPoolExecutor.java:1074)&#10;        at java.util.concurrent.ThreadPoolExecutor.runWorker(ThreadPoolExecutor.java:1134)&#10;        at java.util.concurrent.ThreadPoolExecutor$Worker.run(ThreadPoolExecutor.java:624)&#10;        at java.lang.Thread.run(Thread.java:748)&#10;&quot;IPC Server handler 11 on 45184&quot; daemon prio=5 tid=1185 timed_waiting&#10;java.lang.Thread.State: TIMED_WAITING&#10;        at sun.misc.Unsafe.park(Native Method)&#10;        at java.util.concurrent.locks.LockSupport.parkNanos(LockSupport.java:215)&#10;        at java.util.concurrent.locks.AbstractQueuedSynchronizer$ConditionObject.awaitNanos(AbstractQueuedSynchronizer.java:2078)&#10;        at java.util.concurrent.LinkedBlockingQueue.poll(LinkedBlockingQueue.java:467)&#10;        at org.apache.hadoop.ipc.CallQueueManager.take(CallQueueManager.java:288)&#10;        at org.apache.hadoop.ipc.Server$Handler.run(Server.java:2668)&#10;&quot;metrics-hadoop-metrics2-reporter-91-thread-1&quot; daemon prio=5 tid=1514 timed_waiting&#10;java.lang.Thread.State: TIMED_WAITING&#10;        at sun.misc.Unsafe.park(Native Method)&#10;        at java.util.concurrent.locks.LockSupport.parkNanos(LockSupport.java:215)&#10;        at java.util.concurrent.locks.AbstractQueuedSynchronizer$ConditionObject.awaitNanos(AbstractQueuedSynchronizer.java:2078)&#10;        at java.util.concurrent.ScheduledThreadPoolExecutor$DelayedWorkQueue.take(ScheduledThreadPoolExecutor.java:1093)&#10;        at java.util.concurrent.ScheduledThreadPoolExecutor$DelayedWorkQueue.take(ScheduledThreadPoolExecutor.java:809)&#10;        at java.util.concurrent.ThreadPoolExecutor.getTask(ThreadPoolExecutor.java:1074)&#10;        at java.util.concurrent.ThreadPoolExecutor.runWorker(ThreadPoolExecutor.java:1134)&#10;        at java.util.concurrent.ThreadPoolExecutor$Worker.run(ThreadPoolExecutor.java:624)&#10;        at java.lang.Thread.run(Thread.java:748)&#10;&quot;Datanode State Machine Thread - 0&quot; daemon prio=5 tid=1660 timed_waiting&#10;java.lang.Thread.State: TIMED_WAITING&#10;        at java.lang.Thread.sleep(Native Method)&#10;        at org.apache.hadoop.ozone.container.common.statemachine.DatanodeStateMachine.start(DatanodeStateMachine.java:191)&#10;        at org.apache.hadoop.ozone.container.common.statemachine.DatanodeStateMachine.lambda$startDaemon$0(DatanodeStateMachine.java:349)&#10;        at org.apache.hadoop.ozone.container.common.statemachine.DatanodeStateMachine$$Lambda$140/1584639477.run(Unknown Source)&#10;        at java.lang.Thread.run(Thread.java:748)&#10;&quot;pool-148-thread-57&quot;  prio=5 tid=1804 in Object.wait()&#10;java.lang.Thread.State: WAITING (on object monitor)&#10;        at sun.misc.Unsafe.park(Native Method)&#10;        at java.util.concurrent.locks.LockSupport.park(LockSupport.java:175)&#10;        at java.util.concurrent.locks.AbstractQueuedSynchronizer$ConditionObject.await(AbstractQueuedSynchronizer.java:2039)&#10;        at java.util.concurrent.ArrayBlockingQueue.take(ArrayBlockingQueue.java:403)&#10;        at java.util.concurrent.ThreadPoolExecutor.getTask(ThreadPoolExecutor.java:1074)&#10;        at java.util.concurrent.ThreadPoolExecutor.runWorker(ThreadPoolExecutor.java:1134)&#10;        at java.util.concurrent.ThreadPoolExecutor$Worker.run(ThreadPoolExecutor.java:624)&#10;        at java.lang.Thread.run(Thread.java:748)&#10;&quot;metrics-hadoop-metrics2-reporter-116-thread-1&quot; daemon prio=5 tid=1940 timed_waiting&#10;java.lang.Thread.State: TIMED_WAITING&#10;        at sun.misc.Unsafe.park(Native Method)&#10;        at java.util.concurrent.locks.LockSupport.parkNanos(LockSupport.java:215)&#10;        at java.util.concurrent.locks.AbstractQueuedSynchronizer$ConditionObject.awaitNanos(AbstractQueuedSynchronizer.java:2078)&#10;        at java.util.concurrent.ScheduledThreadPoolExecutor$DelayedWorkQueue.take(ScheduledThreadPoolExecutor.java:1093)&#10;        at java.util.concurrent.ScheduledThreadPoolExecutor$DelayedWorkQueue.take(ScheduledThreadPoolExecutor.java:809)&#10;        at java.util.concurrent.ThreadPoolExecutor.getTask(ThreadPoolExecutor.java:1074)&#10;        at java.util.concurrent.ThreadPoolExecutor.runWorker(ThreadPoolExecutor.java:1134)&#10;        at java.util.concurrent.ThreadPoolExecutor$Worker.run(ThreadPoolExecutor.java:624)&#10;        at java.lang.Thread.run(Thread.java:748)&#10;&quot;pool-138-thread-42&quot;  prio=5 tid=1713 in Object.wait()&#10;java.lang.Thread.State: WAITING (on object monitor)&#10;        at sun.misc.Unsafe.park(Native Method)&#10;        at java.util.concurrent.locks.LockSupport.park(LockSupport.java:175)&#10;        at java.util.concurrent.locks.AbstractQueuedSynchronizer$ConditionObject.await(AbstractQueuedSynchronizer.java:2039)&#10;        at java.util.concurrent.ArrayBlockingQueue.take(ArrayBlockingQueue.java:403)&#10;        at java.util.concurrent.ThreadPoolExecutor.getTask(ThreadPoolExecutor.java:1074)&#10;        at java.util.concurrent.ThreadPoolExecutor.runWorker(ThreadPoolExecutor.java:1134)&#10;        at java.util.concurrent.ThreadPoolExecutor$Worker.run(ThreadPoolExecutor.java:624)&#10;        at java.lang.Thread.run(Thread.java:748)&#10;&quot;pool-158-thread-11&quot;  prio=5 tid=1835 in Object.wait()&#10;java.lang.Thread.State: WAITING (on object monitor)&#10;        at sun.misc.Unsafe.park(Native Method)&#10;        at java.util.concurrent.locks.LockSupport.park(LockSupport.java:175)&#10;        at java.util.concurrent.locks.AbstractQueuedSynchronizer$ConditionObject.await(AbstractQueuedSynchronizer.java:2039)&#10;        at java.util.concurrent.ArrayBlockingQueue.take(ArrayBlockingQueue.java:403)&#10;        at java.util.concurrent.ThreadPoolExecutor.getTask(ThreadPoolExecutor.java:1074)&#10;        at java.util.concurrent.ThreadPoolExecutor.runWorker(ThreadPoolExecutor.java:1134)&#10;        at java.util.concurrent.ThreadPoolExecutor$Worker.run(ThreadPoolExecutor.java:624)&#10;        at java.lang.Thread.run(Thread.java:748)&#10;&quot;pool-148-thread-23&quot;  prio=5 tid=1770 in Object.wait()&#10;java.lang.Thread.State: WAITING (on object monitor)&#10;        at sun.misc.Unsafe.park(Native Method)&#10;        at java.util.concurrent.locks.LockSupport.park(LockSupport.java:175)&#10;        at java.util.concurrent.locks.AbstractQueuedSynchronizer$ConditionObject.await(AbstractQueuedSynchronizer.java:2039)&#10;        at java.util.concurrent.ArrayBlockingQueue.take(ArrayBlockingQueue.java:403)&#10;        at java.util.concurrent.ThreadPoolExecutor.getTask(ThreadPoolExecutor.java:1074)&#10;        at java.util.concurrent.ThreadPoolExecutor.runWorker(ThreadPoolExecutor.java:1134)&#10;        at java.util.concurrent.ThreadPoolExecutor$Worker.run(ThreadPoolExecutor.java:624)&#10;        at java.lang.Thread.run(Thread.java:748)&#10;&quot;Datanode ReportManager Thread - 1&quot; daemon prio=5 tid=1281 in Object.wait()&#10;java.lang.Thread.State: WAITING (on object monitor)&#10;        at sun.misc.Unsafe.park(Native Method)&#10;        at java.util.concurrent.locks.LockSupport.park(LockSupport.java:175)&#10;        at java.util.concurrent.locks.AbstractQueuedSynchronizer$ConditionObject.await(AbstractQueuedSynchronizer.java:2039)&#10;        at java.util.concurrent.ScheduledThreadPoolExecutor$DelayedWorkQueue.take(ScheduledThreadPoolExecutor.java:1088)&#10;        at java.util.concurrent.ScheduledThreadPoolExecutor$DelayedWorkQueue.take(ScheduledThreadPoolExecutor.java:809)&#10;        at java.util.concurrent.ThreadPoolExecutor.getTask(ThreadPoolExecutor.java:1074)&#10;        at java.util.concurrent.ThreadPoolExecutor.runWorker(ThreadPoolExecutor.java:1134)&#10;        at java.util.concurrent.ThreadPoolExecutor$Worker.run(ThreadPoolExecutor.java:624)&#10;        at java.lang.Thread.run(Thread.java:748)&#10;&quot;IPC Server handler 19 on 38802&quot; daemon prio=5 tid=1130 timed_waiting&#10;java.lang.Thread.State: TIMED_WAITING&#10;        at sun.misc.Unsafe.park(Native Method)&#10;        at java.util.concurrent.locks.LockSupport.parkNanos(LockSupport.java:215)&#10;        at java.util.concurrent.locks.AbstractQueuedSynchronizer$ConditionObject.awaitNanos(AbstractQueuedSynchronizer.java:2078)&#10;        at java.util.concurrent.LinkedBlockingQueue.poll(LinkedBlockingQueue.java:467)&#10;        at org.apache.hadoop.ipc.CallQueueManager.take(CallQueueManager.java:288)&#10;        at org.apache.hadoop.ipc.Server$Handler.run(Server.java:2668)&#10;&quot;metrics-hadoop-metrics2-reporter-58-thread-1&quot; daemon prio=5 tid=952 timed_waiting&#10;java.lang.Thread.State: TIMED_WAITING&#10;        at sun.misc.Unsafe.park(Native Method)&#10;        at java.util.concurrent.locks.LockSupport.parkNanos(LockSupport.java:215)&#10;        at java.util.concurrent.locks.AbstractQueuedSynchronizer$ConditionObject.awaitNanos(AbstractQueuedSynchronizer.java:2078)&#10;        at java.util.concurrent.ScheduledThreadPoolExecutor$DelayedWorkQueue.take(ScheduledThreadPoolExecutor.java:1093)&#10;        at java.util.concurrent.ScheduledThreadPoolExecutor$DelayedWorkQueue.take(ScheduledThreadPoolExecutor.java:809)&#10;        at java.util.concurrent.ThreadPoolExecutor.getTask(ThreadPoolExecutor.java:1074)&#10;        at java.util.concurrent.ThreadPoolExecutor.runWorker(ThreadPoolExecutor.java:1134)&#10;        at java.util.concurrent.ThreadPoolExecutor$Worker.run(ThreadPoolExecutor.java:624)&#10;        at java.lang.Thread.run(Thread.java:748)&#10;&quot;pool-148-thread-21&quot;  prio=5 tid=1768 in Object.wait()&#10;java.lang.Thread.State: WAITING (on object monitor)&#10;        at sun.misc.Unsafe.park(Native Method)&#10;        at java.util.concurrent.locks.LockSupport.park(LockSupport.java:175)&#10;        at java.util.concurrent.locks.AbstractQueuedSynchronizer$ConditionObject.await(AbstractQueuedSynchronizer.java:2039)&#10;        at java.util.concurrent.ArrayBlockingQueue.take(ArrayBlockingQueue.java:403)&#10;        at java.util.concurrent.ThreadPoolExecutor.getTask(ThreadPoolExecutor.java:1074)&#10;        at java.util.concurrent.ThreadPoolExecutor.runWorker(ThreadPoolExecutor.java:1134)&#10;        at java.util.concurrent.ThreadPoolExecutor$Worker.run(ThreadPoolExecutor.java:624)&#10;        at java.lang.Thread.run(Thread.java:748)&#10;&quot;pool-138-thread-16&quot;  prio=5 tid=1687 in Object.wait()&#10;java.lang.Thread.State: WAITING (on object monitor)&#10;        at sun.misc.Unsafe.park(Native Method)&#10;        at java.util.concurrent.locks.LockSupport.park(LockSupport.java:175)&#10;        at java.util.concurrent.locks.AbstractQueuedSynchronizer$ConditionObject.await(AbstractQueuedSynchronizer.java:2039)&#10;        at java.util.concurrent.ArrayBlockingQueue.take(ArrayBlockingQueue.java:403)&#10;        at java.util.concurrent.ThreadPoolExecutor.getTask(ThreadPoolExecutor.java:1074)&#10;        at java.util.concurrent.ThreadPoolExecutor.runWorker(ThreadPoolExecutor.java:1134)&#10;        at java.util.concurrent.ThreadPoolExecutor$Worker.run(ThreadPoolExecutor.java:624)&#10;        at java.lang.Thread.run(Thread.java:748)&#10;&quot;Datanode ReportManager Thread - 0&quot; daemon prio=5 tid=226 in Object.wait()&#10;java.lang.Thread.State: WAITING (on object monitor)&#10;        at sun.misc.Unsafe.park(Native Method)&#10;        at java.util.concurrent.locks.LockSupport.park(LockSupport.java:175)&#10;        at java.util.concurrent.locks.AbstractQueuedSynchronizer$ConditionObject.await(AbstractQueuedSynchronizer.java:2039)&#10;        at java.util.concurrent.ScheduledThreadPoolExecutor$DelayedWorkQueue.take(ScheduledThreadPoolExecutor.java:1088)&#10;        at java.util.concurrent.ScheduledThreadPoolExecutor$DelayedWorkQueue.take(ScheduledThreadPoolExecutor.java:809)&#10;        at java.util.concurrent.ThreadPoolExecutor.getTask(ThreadPoolExecutor.java:1074)&#10;        at java.util.concurrent.ThreadPoolExecutor.runWorker(ThreadPoolExecutor.java:1134)&#10;        at java.util.concurrent.ThreadPoolExecutor$Worker.run(ThreadPoolExecutor.java:624)&#10;        at java.lang.Thread.run(Thread.java:748)&#10;&quot;metrics-hadoop-metrics2-reporter-52-thread-1&quot; daemon prio=5 tid=860 timed_waiting&#10;java.lang.Thread.State: TIMED_WAITING&#10;        at sun.misc.Unsafe.park(Native Method)&#10;        at java.util.concurrent.locks.LockSupport.parkNanos(LockSupport.java:215)&#10;        at java.util.concurrent.locks.AbstractQueuedSynchronizer$ConditionObject.awaitNanos(AbstractQueuedSynchronizer.java:2078)&#10;        at java.util.concurrent.ScheduledThreadPoolExecutor$DelayedWorkQueue.take(ScheduledThreadPoolExecutor.java:1093)&#10;        at java.util.concurrent.ScheduledThreadPoolExecutor$DelayedWorkQueue.take(ScheduledThreadPoolExecutor.java:809)&#10;        at java.util.concurrent.ThreadPoolExecutor.getTask(ThreadPoolExecutor.java:1074)&#10;        at java.util.concurrent.ThreadPoolExecutor.runWorker(ThreadPoolExecutor.java:1134)&#10;        at java.util.concurrent.ThreadPoolExecutor$Worker.run(ThreadPoolExecutor.java:624)&#10;        at java.lang.Thread.run(Thread.java:748)&#10;&quot;Datanode State Machine Thread - 0&quot; daemon prio=5 tid=1603 timed_waiting&#10;java.lang.Thread.State: TIMED_WAITING&#10;        at sun.misc.Unsafe.park(Native Method)&#10;        at java.util.concurrent.locks.LockSupport.parkNanos(LockSupport.java:215)&#10;        at java.util.concurrent.SynchronousQueue$TransferStack.awaitFulfill(SynchronousQueue.java:460)&#10;        at java.util.concurrent.SynchronousQueue$TransferStack.transfer(SynchronousQueue.java:362)&#10;        at java.util.concurrent.SynchronousQueue.poll(SynchronousQueue.java:941)&#10;        at java.util.concurrent.ThreadPoolExecutor.getTask(ThreadPoolExecutor.java:1073)&#10;        at java.util.concurrent.ThreadPoolExecutor.runWorker(ThreadPoolExecutor.java:1134)&#10;        at java.util.concurrent.ThreadPoolExecutor$Worker.run(ThreadPoolExecutor.java:624)&#10;        at java.lang.Thread.run(Thread.java:748)&#10;&quot;metrics-hadoop-metrics2-reporter-17-thread-1&quot; daemon prio=5 tid=741 timed_waiting&#10;java.lang.Thread.State: TIMED_WAITING&#10;        at sun.misc.Unsafe.park(Native Method)&#10;        at java.util.concurrent.locks.LockSupport.parkNanos(LockSupport.java:215)&#10;        at java.util.concurrent.locks.AbstractQueuedSynchronizer$ConditionObject.awaitNanos(AbstractQueuedSynchronizer.java:2078)&#10;        at java.util.concurrent.ScheduledThreadPoolExecutor$DelayedWorkQueue.take(ScheduledThreadPoolExecutor.java:1093)&#10;        at java.util.concurrent.ScheduledThreadPoolExecutor$DelayedWorkQueue.take(ScheduledThreadPoolExecutor.java:809)&#10;        at java.util.concurrent.ThreadPoolExecutor.getTask(ThreadPoolExecutor.java:1074)&#10;        at java.util.concurrent.ThreadPoolExecutor.runWorker(ThreadPoolExecutor.java:1134)&#10;        at java.util.concurrent.ThreadPoolExecutor$Worker.run(ThreadPoolExecutor.java:624)&#10;        at java.lang.Thread.run(Thread.java:748)&#10;&quot;d612b743-bedc-4c3f-983e-e3329f8a2e6f@group-28ACFA97060E-SegmentedRaftLogWorker&quot;  prio=5 tid=1937 timed_waiting&#10;java.lang.Thread.State: TIMED_WAITING&#10;        at sun.misc.Unsafe.park(Native Method)&#10;        at java.util.concurrent.locks.LockSupport.parkNanos(LockSupport.java:215)&#10;        at java.util.concurrent.locks.AbstractQueuedSynchronizer$ConditionObject.awaitNanos(AbstractQueuedSynchronizer.java:2078)&#10;        at org.apache.ratis.util.DataBlockingQueue.poll(DataBlockingQueue.java:137)&#10;        at org.apache.ratis.server.raftlog.segmented.SegmentedRaftLogWorker.run(SegmentedRaftLogWorker.java:282)&#10;        at java.lang.Thread.run(Thread.java:748)&#10;&quot;IPC Server handler 15 on 38131&quot; daemon prio=5 tid=1146 timed_waiting&#10;java.lang.Thread.State: TIMED_WAITING&#10;        at sun.misc.Unsafe.park(Native Method)&#10;        at java.util.concurrent.locks.LockSupport.parkNanos(LockSupport.java:215)&#10;        at java.util.concurrent.locks.AbstractQueuedSynchronizer$ConditionObject.awaitNanos(AbstractQueuedSynchronizer.java:2078)&#10;        at java.util.concurrent.LinkedBlockingQueue.poll(LinkedBlockingQueue.java:467)&#10;        at org.apache.hadoop.ipc.CallQueueManager.take(CallQueueManager.java:288)&#10;        at org.apache.hadoop.ipc.Server$Handler.run(Server.java:2668)&#10;&quot;pool-138-thread-40&quot;  prio=5 tid=1711 in Object.wait()&#10;java.lang.Thread.State: WAITING (on object monitor)&#10;        at sun.misc.Unsafe.park(Native Method)&#10;        at java.util.concurrent.locks.LockSupport.park(LockSupport.java:175)&#10;        at java.util.concurrent.locks.AbstractQueuedSynchronizer$ConditionObject.await(AbstractQueuedSynchronizer.java:2039)&#10;        at java.util.concurrent.ArrayBlockingQueue.take(ArrayBlockingQueue.java:403)&#10;        at java.util.concurrent.ThreadPoolExecutor.getTask(ThreadPoolExecutor.java:1074)&#10;        at java.util.concurrent.ThreadPoolExecutor.runWorker(ThreadPoolExecutor.java:1134)&#10;        at java.util.concurrent.ThreadPoolExecutor$Worker.run(ThreadPoolExecutor.java:624)&#10;        at java.lang.Thread.run(Thread.java:748)&#10;&quot;metrics-hadoop-metrics2-reporter-24-thread-1&quot; daemon prio=5 tid=760 timed_waiting&#10;java.lang.Thread.State: TIMED_WAITING&#10;        at sun.misc.Unsafe.park(Native Method)&#10;        at java.util.concurrent.locks.LockSupport.parkNanos(LockSupport.java:215)&#10;        at java.util.concurrent.locks.AbstractQueuedSynchronizer$ConditionObject.awaitNanos(AbstractQueuedSynchronizer.java:2078)&#10;        at java.util.concurrent.ScheduledThreadPoolExecutor$DelayedWorkQueue.take(ScheduledThreadPoolExecutor.java:1093)&#10;        at java.util.concurrent.ScheduledThreadPoolExecutor$DelayedWorkQueue.take(ScheduledThreadPoolExecutor.java:809)&#10;        at java.util.concurrent.ThreadPoolExecutor.getTask(ThreadPoolExecutor.java:1074)&#10;        at java.util.concurrent.ThreadPoolExecutor.runWorker(ThreadPoolExecutor.java:1134)&#10;        at java.util.concurrent.ThreadPoolExecutor$Worker.run(ThreadPoolExecutor.java:624)&#10;        at java.lang.Thread.run(Thread.java:748)&#10;&quot;java.util.concurrent.ThreadPoolExecutor$Worker@2e12526d[State = -1, empty queue]&quot; daemon prio=5 tid=1968 timed_waiting&#10;java.lang.Thread.State: TIMED_WAITING&#10;        at sun.misc.Unsafe.park(Native Method)&#10;        at java.util.concurrent.locks.LockSupport.parkNanos(LockSupport.java:215)&#10;        at java.util.concurrent.locks.AbstractQueuedSynchronizer$ConditionObject.awaitNanos(AbstractQueuedSynchronizer.java:2078)&#10;        at java.util.concurrent.ScheduledThreadPoolExecutor$DelayedWorkQueue.take(ScheduledThreadPoolExecutor.java:1093)&#10;        at java.util.concurrent.ScheduledThreadPoolExecutor$DelayedWorkQueue.take(ScheduledThreadPoolExecutor.java:809)&#10;        at java.util.concurrent.ThreadPoolExecutor.getTask(ThreadPoolExecutor.java:1074)&#10;        at java.util.concurrent.ThreadPoolExecutor.runWorker(ThreadPoolExecutor.java:1134)&#10;        at java.util.concurrent.ThreadPoolExecutor$Worker.run(ThreadPoolExecutor.java:624)&#10;        at java.lang.Thread.run(Thread.java:748)&#10;&quot;pool-138-thread-23&quot;  prio=5 tid=1694 in Object.wait()&#10;java.lang.Thread.State: WAITING (on object monitor)&#10;        at sun.misc.Unsafe.park(Native Method)&#10;        at java.util.concurrent.locks.LockSupport.park(LockSupport.java:175)&#10;        at java.util.concurrent.locks.AbstractQueuedSynchronizer$ConditionObject.await(AbstractQueuedSynchronizer.java:2039)&#10;        at java.util.concurrent.ArrayBlockingQueue.take(ArrayBlockingQueue.java:403)&#10;        at java.util.concurrent.ThreadPoolExecutor.getTask(ThreadPoolExecutor.java:1074)&#10;        at java.util.concurrent.ThreadPoolExecutor.runWorker(ThreadPoolExecutor.java:1134)&#10;        at java.util.concurrent.ThreadPoolExecutor$Worker.run(ThreadPoolExecutor.java:624)&#10;        at java.lang.Thread.run(Thread.java:748)&#10;&quot;IPC Server handler 7 on 46609&quot; daemon prio=5 tid=1098 timed_waiting&#10;java.lang.Thread.State: TIMED_WAITING&#10;        at sun.misc.Unsafe.park(Native Method)&#10;        at java.util.concurrent.locks.LockSupport.parkNanos(LockSupport.java:215)&#10;        at java.util.concurrent.locks.AbstractQueuedSynchronizer$ConditionObject.awaitNanos(AbstractQueuedSynchronizer.java:2078)&#10;        at java.util.concurrent.LinkedBlockingQueue.poll(LinkedBlockingQueue.java:467)&#10;        at org.apache.hadoop.ipc.CallQueueManager.take(CallQueueManager.java:288)&#10;        at org.apache.hadoop.ipc.Server$Handler.run(Server.java:2668)&#10;&quot;IPC Server handler 0 on 46609&quot; daemon prio=5 tid=1091 timed_waiting&#10;java.lang.Thread.State: TIMED_WAITING&#10;        at sun.misc.Unsafe.park(Native Method)&#10;        at java.util.concurrent.locks.LockSupport.parkNanos(LockSupport.java:215)&#10;        at java.util.concurrent.locks.AbstractQueuedSynchronizer$ConditionObject.awaitNanos(AbstractQueuedSynchronizer.java:2078)&#10;        at java.util.concurrent.LinkedBlockingQueue.poll(LinkedBlockingQueue.java:467)&#10;        at org.apache.hadoop.ipc.CallQueueManager.take(CallQueueManager.java:288)&#10;        at org.apache.hadoop.ipc.Server$Handler.run(Server.java:2668)&#10;&quot;IPC Server listener on 38802&quot; daemon prio=5 tid=1080 runnable&#10;java.lang.Thread.State: RUNNABLE&#10;        at sun.nio.ch.EPollArrayWrapper.epollWait(Native Method)&#10;        at sun.nio.ch.EPollArrayWrapper.poll(EPollArrayWrapper.java:269)&#10;        at sun.nio.ch.EPollSelectorImpl.doSelect(EPollSelectorImpl.java:93)&#10;        at sun.nio.ch.SelectorImpl.lockAndDoSelect(SelectorImpl.java:86)&#10;        at sun.nio.ch.SelectorImpl.select(SelectorImpl.java:97)&#10;        at sun.nio.ch.SelectorImpl.select(SelectorImpl.java:101)&#10;        at org.apache.hadoop.ipc.Server$Listener.run(Server.java:1159)&#10;&quot;pool-158-thread-29&quot;  prio=5 tid=1853 in Object.wait()&#10;java.lang.Thread.State: WAITING (on object monitor)&#10;        at sun.misc.Unsafe.park(Native Method)&#10;        at java.util.concurrent.locks.LockSupport.park(LockSupport.java:175)&#10;        at java.util.concurrent.locks.AbstractQueuedSynchronizer$ConditionObject.await(AbstractQueuedSynchronizer.java:2039)&#10;        at java.util.concurrent.ArrayBlockingQueue.take(ArrayBlockingQueue.java:403)&#10;        at java.util.concurrent.ThreadPoolExecutor.getTask(ThreadPoolExecutor.java:1074)&#10;        at java.util.concurrent.ThreadPoolExecutor.runWorker(ThreadPoolExecutor.java:1134)&#10;        at java.util.concurrent.ThreadPoolExecutor$Worker.run(ThreadPoolExecutor.java:624)&#10;        at java.lang.Thread.run(Thread.java:748)&#10;&quot;metrics-hadoop-metrics2-reporter-57-thread-1&quot; daemon prio=5 tid=951 timed_waiting&#10;java.lang.Thread.State: TIMED_WAITING&#10;        at sun.misc.Unsafe.park(Native Method)&#10;        at java.util.concurrent.locks.LockSupport.parkNanos(LockSupport.java:215)&#10;        at java.util.concurrent.locks.AbstractQueuedSynchronizer$ConditionObject.awaitNanos(AbstractQueuedSynchronizer.java:2078)&#10;        at java.util.concurrent.ScheduledThreadPoolExecutor$DelayedWorkQueue.take(ScheduledThreadPoolExecutor.java:1093)&#10;        at java.util.concurrent.ScheduledThreadPoolExecutor$DelayedWorkQueue.take(ScheduledThreadPoolExecutor.java:809)&#10;        at java.util.concurrent.ThreadPoolExecutor.getTask(ThreadPoolExecutor.java:1074)&#10;        at java.util.concurrent.ThreadPoolExecutor.runWorker(ThreadPoolExecutor.java:1134)&#10;        at java.util.concurrent.ThreadPoolExecutor$Worker.run(ThreadPoolExecutor.java:624)&#10;        at java.lang.Thread.run(Thread.java:748)&#10;&quot;pool-158-thread-5&quot;  prio=5 tid=1829 in Object.wait()&#10;java.lang.Thread.State: WAITING (on object monitor)&#10;        at sun.misc.Unsafe.park(Native Method)&#10;        at java.util.concurrent.locks.LockSupport.park(LockSupport.java:175)&#10;        at java.util.concurrent.locks.AbstractQueuedSynchronizer$ConditionObject.await(AbstractQueuedSynchronizer.java:2039)&#10;        at java.util.concurrent.ArrayBlockingQueue.take(ArrayBlockingQueue.java:403)&#10;        at java.util.concurrent.ThreadPoolExecutor.getTask(ThreadPoolExecutor.java:1074)&#10;        at java.util.concurrent.ThreadPoolExecutor.runWorker(ThreadPoolExecutor.java:1134)&#10;        at java.util.concurrent.ThreadPoolExecutor$Worker.run(ThreadPoolExecutor.java:624)&#10;        at java.lang.Thread.run(Thread.java:748)&#10;&quot;IPC Server handler 9 on 46609&quot; daemon prio=5 tid=1100 timed_waiting&#10;java.lang.Thread.State: TIMED_WAITING&#10;        at sun.misc.Unsafe.park(Native Method)&#10;        at java.util.concurrent.locks.LockSupport.parkNanos(LockSupport.java:215)&#10;        at java.util.concurrent.locks.AbstractQueuedSynchronizer$ConditionObject.awaitNanos(AbstractQueuedSynchronizer.java:2078)&#10;        at java.util.concurrent.LinkedBlockingQueue.poll(LinkedBlockingQueue.java:467)&#10;        at org.apache.hadoop.ipc.CallQueueManager.take(CallQueueManager.java:288)&#10;        at org.apache.hadoop.ipc.Server$Handler.run(Server.java:2668)&#10;&quot;IPC Server handler 4 on 38802&quot; daemon prio=5 tid=1115 timed_waiting&#10;java.lang.Thread.State: TIMED_WAITING&#10;        at sun.misc.Unsafe.park(Native Method)&#10;        at java.util.concurrent.locks.LockSupport.parkNanos(LockSupport.java:215)&#10;        at java.util.concurrent.locks.AbstractQueuedSynchronizer$ConditionObject.awaitNanos(AbstractQueuedSynchronizer.java:2078)&#10;        at java.util.concurrent.LinkedBlockingQueue.poll(LinkedBlockingQueue.java:467)&#10;        at org.apache.hadoop.ipc.CallQueueManager.take(CallQueueManager.java:288)&#10;        at org.apache.hadoop.ipc.Server$Handler.run(Server.java:2668)&#10;&quot;metrics-hadoop-metrics2-reporter-48-thread-1&quot; daemon prio=5 tid=849 timed_waiting&#10;java.lang.Thread.State: TIMED_WAITING&#10;        at sun.misc.Unsafe.park(Native Method)&#10;        at java.util.concurrent.locks.LockSupport.parkNanos(LockSupport.java:215)&#10;        at java.util.concurrent.locks.AbstractQueuedSynchronizer$ConditionObject.awaitNanos(AbstractQueuedSynchronizer.java:2078)&#10;        at java.util.concurrent.ScheduledThreadPoolExecutor$DelayedWorkQueue.take(ScheduledThreadPoolExecutor.java:1093)&#10;        at java.util.concurrent.ScheduledThreadPoolExecutor$DelayedWorkQueue.take(ScheduledThreadPoolExecutor.java:809)&#10;        at java.util.concurrent.ThreadPoolExecutor.getTask(ThreadPoolExecutor.java:1074)&#10;        at java.util.concurrent.ThreadPoolExecutor.runWorker(ThreadPoolExecutor.java:1134)&#10;        at java.util.concurrent.ThreadPoolExecutor$Worker.run(ThreadPoolExecutor.java:624)&#10;        at java.lang.Thread.run(Thread.java:748)&#10;&quot;pool-158-thread-17&quot;  prio=5 tid=1841 in Object.wait()&#10;java.lang.Thread.State: WAITING (on object monitor)&#10;        at sun.misc.Unsafe.park(Native Method)&#10;        at java.util.concurrent.locks.LockSupport.park(LockSupport.java:175)&#10;        at java.util.concurrent.locks.AbstractQueuedSynchronizer$ConditionObject.await(AbstractQueuedSynchronizer.java:2039)&#10;        at java.util.concurrent.ArrayBlockingQueue.take(ArrayBlockingQueue.java:403)&#10;        at java.util.concurrent.ThreadPoolExecutor.getTask(ThreadPoolExecutor.java:1074)&#10;        at java.util.concurrent.ThreadPoolExecutor.runWorker(ThreadPoolExecutor.java:1134)&#10;        at java.util.concurrent.ThreadPoolExecutor$Worker.run(ThreadPoolExecutor.java:624)&#10;        at java.lang.Thread.run(Thread.java:748)&#10;&quot;pool-148-thread-13&quot;  prio=5 tid=1759 in Object.wait()&#10;java.lang.Thread.State: WAITING (on object monitor)&#10;        at sun.misc.Unsafe.park(Native Method)&#10;        at java.util.concurrent.locks.LockSupport.park(LockSupport.java:175)&#10;        at java.util.concurrent.locks.AbstractQueuedSynchronizer$ConditionObject.await(AbstractQueuedSynchronizer.java:2039)&#10;        at java.util.concurrent.ArrayBlockingQueue.take(ArrayBlockingQueue.java:403)&#10;        at java.util.concurrent.ThreadPoolExecutor.getTask(ThreadPoolExecutor.java:1074)&#10;        at java.util.concurrent.ThreadPoolExecutor.runWorker(ThreadPoolExecutor.java:1134)&#10;        at java.util.concurrent.ThreadPoolExecutor$Worker.run(ThreadPoolExecutor.java:624)&#10;        at java.lang.Thread.run(Thread.java:748)&#10;&quot;46069bd9-45fc-4c82-823c-36f07a1bcff0@group-EDF575672A97-StateMachineUpdater&quot; daemon prio=5 tid=1626 in Object.wait()&#10;java.lang.Thread.State: WAITING (on object monitor)&#10;        at java.lang.Object.wait(Native Method)&#10;        at java.lang.Object.wait(Object.java:502)&#10;        at org.apache.ratis.server.impl.StateMachineUpdater.waitForCommit(StateMachineUpdater.java:194)&#10;        at org.apache.ratis.server.impl.StateMachineUpdater.run(StateMachineUpdater.java:159)&#10;        at java.lang.Thread.run(Thread.java:748)&#10;&quot;IPC Server handler 18 on 45184&quot; daemon prio=5 tid=1192 timed_waiting&#10;java.lang.Thread.State: TIMED_WAITING&#10;        at sun.misc.Unsafe.park(Native Method)&#10;        at java.util.concurrent.locks.LockSupport.parkNanos(LockSupport.java:215)&#10;        at java.util.concurrent.locks.AbstractQueuedSynchronizer$ConditionObject.awaitNanos(AbstractQueuedSynchronizer.java:2078)&#10;        at java.util.concurrent.LinkedBlockingQueue.poll(LinkedBlockingQueue.java:467)&#10;        at org.apache.hadoop.ipc.CallQueueManager.take(CallQueueManager.java:288)&#10;        at org.apache.hadoop.ipc.Server$Handler.run(Server.java:2668)&#10;&quot;jaeger.RemoteReporter-QueueProcessor&quot; daemon prio=5 tid=148 in Object.wait()&#10;java.lang.Thread.State: WAITING (on object monitor)&#10;        at sun.misc.Unsafe.park(Native Method)&#10;        at java.util.concurrent.locks.LockSupport.park(LockSupport.java:175)&#10;        at java.util.concurrent.locks.AbstractQueuedSynchronizer$ConditionObject.await(AbstractQueuedSynchronizer.java:2039)&#10;        at java.util.concurrent.ArrayBlockingQueue.take(ArrayBlockingQueue.java:403)&#10;        at io.jaegertracing.internal.reporters.RemoteReporter$QueueProcessor.run(RemoteReporter.java:173)&#10;        at java.lang.Thread.run(Thread.java:748)&#10;&quot;Datanode ReportManager Thread - 1&quot; daemon prio=5 tid=308 timed_waiting&#10;java.lang.Thread.State: TIMED_WAITING&#10;        at sun.misc.Unsafe.park(Native Method)&#10;        at java.util.concurrent.locks.LockSupport.parkNanos(LockSupport.java:215)&#10;        at java.util.concurrent.locks.AbstractQueuedSynchronizer$ConditionObject.awaitNanos(AbstractQueuedSynchronizer.java:2078)&#10;        at java.util.concurrent.ScheduledThreadPoolExecutor$DelayedWorkQueue.take(ScheduledThreadPoolExecutor.java:1093)&#10;        at java.util.concurrent.ScheduledThreadPoolExecutor$DelayedWorkQueue.take(ScheduledThreadPoolExecutor.java:809)&#10;        at java.util.concurrent.ThreadPoolExecutor.getTask(ThreadPoolExecutor.java:1074)&#10;        at java.util.concurrent.ThreadPoolExecutor.runWorker(ThreadPoolExecutor.java:1134)&#10;        at java.util.concurrent.ThreadPoolExecutor$Worker.run(ThreadPoolExecutor.java:624)&#10;        at java.lang.Thread.run(Thread.java:748)&#10;&quot;metrics-hadoop-metrics2-reporter-65-thread-1&quot; daemon prio=5 tid=987 timed_waiting&#10;java.lang.Thread.State: TIMED_WAITING&#10;        at sun.misc.Unsafe.park(Native Method)&#10;        at java.util.concurrent.locks.LockSupport.parkNanos(LockSupport.java:215)&#10;        at java.util.concurrent.locks.AbstractQueuedSynchronizer$ConditionObject.awaitNanos(AbstractQueuedSynchronizer.java:2078)&#10;        at java.util.concurrent.ScheduledThreadPoolExecutor$DelayedWorkQueue.take(ScheduledThreadPoolExecutor.java:1093)&#10;        at java.util.concurrent.ScheduledThreadPoolExecutor$DelayedWorkQueue.take(ScheduledThreadPoolExecutor.java:809)&#10;        at java.util.concurrent.ThreadPoolExecutor.getTask(ThreadPoolExecutor.java:1074)&#10;        at java.util.concurrent.ThreadPoolExecutor.runWorker(ThreadPoolExecutor.java:1134)&#10;        at java.util.concurrent.ThreadPoolExecutor$Worker.run(ThreadPoolExecutor.java:624)&#10;        at java.lang.Thread.run(Thread.java:748)&#10;&quot;pool-158-thread-59&quot;  prio=5 tid=1884 in Object.wait()&#10;java.lang.Thread.State: WAITING (on object monitor)&#10;        at sun.misc.Unsafe.park(Native Method)&#10;        at java.util.concurrent.locks.LockSupport.park(LockSupport.java:175)&#10;        at java.util.concurrent.locks.AbstractQueuedSynchronizer$ConditionObject.await(AbstractQueuedSynchronizer.java:2039)&#10;        at java.util.concurrent.ArrayBlockingQueue.take(ArrayBlockingQueue.java:403)&#10;        at java.util.concurrent.ThreadPoolExecutor.getTask(ThreadPoolExecutor.java:1074)&#10;        at java.util.concurrent.ThreadPoolExecutor.runWorker(ThreadPoolExecutor.java:1134)&#10;        at java.util.concurrent.ThreadPoolExecutor$Worker.run(ThreadPoolExecutor.java:624)&#10;        at java.lang.Thread.run(Thread.java:748)&#10;&quot;pool-138-thread-3&quot;  prio=5 tid=1674 in Object.wait()&#10;java.lang.Thread.State: WAITING (on object monitor)&#10;        at sun.misc.Unsafe.park(Native Method)&#10;        at java.util.concurrent.locks.LockSupport.park(LockSupport.java:175)&#10;        at java.util.concurrent.locks.AbstractQueuedSynchronizer$ConditionObject.await(AbstractQueuedSynchronizer.java:2039)&#10;        at java.util.concurrent.ArrayBlockingQueue.take(ArrayBlockingQueue.java:403)&#10;        at java.util.concurrent.ThreadPoolExecutor.getTask(ThreadPoolExecutor.java:1074)&#10;        at java.util.concurrent.ThreadPoolExecutor.runWorker(ThreadPoolExecutor.java:1134)&#10;        at java.util.concurrent.ThreadPoolExecutor$Worker.run(ThreadPoolExecutor.java:624)&#10;        at java.lang.Thread.run(Thread.java:748)&#10;&quot;KeyDeletingService#1&quot; daemon prio=5 tid=1179 in Object.wait()&#10;java.lang.Thread.State: WAITING (on object monitor)&#10;        at sun.misc.Unsafe.park(Native Method)&#10;        at java.util.concurrent.locks.LockSupport.park(LockSupport.java:175)&#10;        at java.util.concurrent.locks.AbstractQueuedSynchronizer$ConditionObject.await(AbstractQueuedSynchronizer.java:2039)&#10;        at java.util.concurrent.ScheduledThreadPoolExecutor$DelayedWorkQueue.take(ScheduledThreadPoolExecutor.java:1088)&#10;        at java.util.concurrent.ScheduledThreadPoolExecutor$DelayedWorkQueue.take(ScheduledThreadPoolExecutor.java:809)&#10;        at java.util.concurrent.ThreadPoolExecutor.getTask(ThreadPoolExecutor.java:1074)&#10;        at java.util.concurrent.ThreadPoolExecutor.runWorker(ThreadPoolExecutor.java:1134)&#10;        at java.util.concurrent.ThreadPoolExecutor$Worker.run(ThreadPoolExecutor.java:624)&#10;        at java.lang.Thread.run(Thread.java:748)&#10;&quot;metrics-hadoop-metrics2-reporter-67-thread-1&quot; daemon prio=5 tid=989 timed_waiting&#10;java.lang.Thread.State: TIMED_WAITING&#10;        at sun.misc.Unsafe.park(Native Method)&#10;        at java.util.concurrent.locks.LockSupport.parkNanos(LockSupport.java:215)&#10;        at java.util.concurrent.locks.AbstractQueuedSynchronizer$ConditionObject.awaitNanos(AbstractQueuedSynchronizer.java:2078)&#10;        at java.util.concurrent.ScheduledThreadPoolExecutor$DelayedWorkQueue.take(ScheduledThreadPoolExecutor.java:1093)&#10;        at java.util.concurrent.ScheduledThreadPoolExecutor$DelayedWorkQueue.take(ScheduledThreadPoolExecutor.java:809)&#10;        at java.util.concurrent.ThreadPoolExecutor.getTask(ThreadPoolExecutor.java:1074)&#10;        at java.util.concurrent.ThreadPoolExecutor.runWorker(ThreadPoolExecutor.java:1134)&#10;        at java.util.concurrent.ThreadPoolExecutor$Worker.run(ThreadPoolExecutor.java:624)&#10;        at java.lang.Thread.run(Thread.java:748)&#10;&quot;pool-158-thread-18&quot;  prio=5 tid=1842 in Object.wait()&#10;java.lang.Thread.State: WAITING (on object monitor)&#10;        at sun.misc.Unsafe.park(Native Method)&#10;        at java.util.concurrent.locks.LockSupport.park(LockSupport.java:175)&#10;        at java.util.concurrent.locks.AbstractQueuedSynchronizer$ConditionObject.await(AbstractQueuedSynchronizer.java:2039)&#10;        at java.util.concurrent.ArrayBlockingQueue.take(ArrayBlockingQueue.java:403)&#10;        at java.util.concurrent.ThreadPoolExecutor.getTask(ThreadPoolExecutor.java:1074)&#10;        at java.util.concurrent.ThreadPoolExecutor.runWorker(ThreadPoolExecutor.java:1134)&#10;        at java.util.concurrent.ThreadPoolExecutor$Worker.run(ThreadPoolExecutor.java:624)&#10;        at java.lang.Thread.run(Thread.java:748)&#10;&quot;pool-148-thread-59&quot;  prio=5 tid=1806 in Object.wait()&#10;java.lang.Thread.State: WAITING (on object monitor)&#10;        at sun.misc.Unsafe.park(Native Method)&#10;        at java.util.concurrent.locks.LockSupport.park(LockSupport.java:175)&#10;        at java.util.concurrent.locks.AbstractQueuedSynchronizer$ConditionObject.await(AbstractQueuedSynchronizer.java:2039)&#10;        at java.util.concurrent.ArrayBlockingQueue.take(ArrayBlockingQueue.java:403)&#10;        at java.util.concurrent.ThreadPoolExecutor.getTask(ThreadPoolExecutor.java:1074)&#10;        at java.util.concurrent.ThreadPoolExecutor.runWorker(ThreadPoolExecutor.java:1134)&#10;        at java.util.concurrent.ThreadPoolExecutor$Worker.run(ThreadPoolExecutor.java:624)&#10;        at java.lang.Thread.run(Thread.java:748)&#10;&quot;pool-148-thread-37&quot;  prio=5 tid=1784 in Object.wait()&#10;java.lang.Thread.State: WAITING (on object monitor)&#10;        at sun.misc.Unsafe.park(Native Method)&#10;        at java.util.concurrent.locks.LockSupport.park(LockSupport.java:175)&#10;        at java.util.concurrent.locks.AbstractQueuedSynchronizer$ConditionObject.await(AbstractQueuedSynchronizer.java:2039)&#10;        at java.util.concurrent.ArrayBlockingQueue.take(ArrayBlockingQueue.java:403)&#10;        at java.util.concurrent.ThreadPoolExecutor.getTask(ThreadPoolExecutor.java:1074)&#10;        at java.util.concurrent.ThreadPoolExecutor.runWorker(ThreadPoolExecutor.java:1134)&#10;        at java.util.concurrent.ThreadPoolExecutor$Worker.run(ThreadPoolExecutor.java:624)&#10;        at java.lang.Thread.run(Thread.java:748)&#10;&quot;org.eclipse.jetty.server.session.HashSessionManager@19a32218Timer&quot; daemon prio=5 tid=1160 timed_waiting&#10;java.lang.Thread.State: TIMED_WAITING&#10;        at sun.misc.Unsafe.park(Native Method)&#10;        at java.util.concurrent.locks.LockSupport.parkNanos(LockSupport.java:215)&#10;        at java.util.concurrent.locks.AbstractQueuedSynchronizer$ConditionObject.awaitNanos(AbstractQueuedSynchronizer.java:2078)&#10;        at java.util.concurrent.ScheduledThreadPoolExecutor$DelayedWorkQueue.take(ScheduledThreadPoolExecutor.java:1093)&#10;        at java.util.concurrent.ScheduledThreadPoolExecutor$DelayedWorkQueue.take(ScheduledThreadPoolExecutor.java:809)&#10;        at java.util.concurrent.ThreadPoolExecutor.getTask(ThreadPoolExecutor.java:1074)&#10;        at java.util.concurrent.ThreadPoolExecutor.runWorker(ThreadPoolExecutor.java:1134)&#10;        at java.util.concurrent.ThreadPoolExecutor$Worker.run(ThreadPoolExecutor.java:624)&#10;        at java.lang.Thread.run(Thread.java:748)&#10;&quot;refreshUsed-/workdir/hadoop-ozone/integration-test/target/test-dir/MiniOzoneClusterImpl-d661fb9f-1fa9-4d83-aa41-108be3044330/datanode-1/data/containers&quot; daemon prio=5 tid=1607 timed_waiting&#10;java.lang.Thread.State: TIMED_WAITING&#10;        at java.lang.Thread.sleep(Native Method)&#10;        at org.apache.hadoop.fs.CachingGetSpaceUsed$RefreshThread.run(CachingGetSpaceUsed.java:179)&#10;        at java.lang.Thread.run(Thread.java:748)&#10;&quot;qtp1025473693-1154&quot; daemon prio=5 tid=1154 timed_waiting&#10;java.lang.Thread.State: TIMED_WAITING&#10;        at sun.misc.Unsafe.park(Native Method)&#10;        at java.util.concurrent.locks.LockSupport.parkNanos(LockSupport.java:215)&#10;        at java.util.concurrent.locks.AbstractQueuedSynchronizer$ConditionObject.awaitNanos(AbstractQueuedSynchronizer.java:2078)&#10;        at org.eclipse.jetty.util.BlockingArrayQueue.poll(BlockingArrayQueue.java:392)&#10;        at org.eclipse.jetty.util.thread.QueuedThreadPool.idleJobPoll(QueuedThreadPool.java:563)&#10;        at org.eclipse.jetty.util.thread.QueuedThreadPool.access$800(QueuedThreadPool.java:48)&#10;        at org.eclipse.jetty.util.thread.QueuedThreadPool$2.run(QueuedThreadPool.java:626)&#10;        at java.lang.Thread.run(Thread.java:748)&#10;&quot;pool-158-thread-7&quot;  prio=5 tid=1831 in Object.wait()&#10;java.lang.Thread.State: WAITING (on object monitor)&#10;        at sun.misc.Unsafe.park(Native Method)&#10;        at java.util.concurrent.locks.LockSupport.park(LockSupport.java:175)&#10;        at java.util.concurrent.locks.AbstractQueuedSynchronizer$ConditionObject.await(AbstractQueuedSynchronizer.java:2039)&#10;        at java.util.concurrent.ArrayBlockingQueue.take(ArrayBlockingQueue.java:403)&#10;        at java.util.concurrent.ThreadPoolExecutor.getTask(ThreadPoolExecutor.java:1074)&#10;        at java.util.concurrent.ThreadPoolExecutor.runWorker(ThreadPoolExecutor.java:1134)&#10;        at java.util.concurrent.ThreadPoolExecutor$Worker.run(ThreadPoolExecutor.java:624)&#10;        at java.lang.Thread.run(Thread.java:748)&#10;&quot;metrics-hadoop-metrics2-reporter-49-thread-1&quot; daemon prio=5 tid=851 timed_waiting&#10;java.lang.Thread.State: TIMED_WAITING&#10;        at sun.misc.Unsafe.park(Native Method)&#10;        at java.util.concurrent.locks.LockSupport.parkNanos(LockSupport.java:215)&#10;        at java.util.concurrent.locks.AbstractQueuedSynchronizer$ConditionObject.awaitNanos(AbstractQueuedSynchronizer.java:2078)&#10;        at java.util.concurrent.ScheduledThreadPoolExecutor$DelayedWorkQueue.take(ScheduledThreadPoolExecutor.java:1093)&#10;        at java.util.concurrent.ScheduledThreadPoolExecutor$DelayedWorkQueue.take(ScheduledThreadPoolExecutor.java:809)&#10;        at java.util.concurrent.ThreadPoolExecutor.getTask(ThreadPoolExecutor.java:1074)&#10;        at java.util.concurrent.ThreadPoolExecutor.runWorker(ThreadPoolExecutor.java:1134)&#10;        at java.util.concurrent.ThreadPoolExecutor$Worker.run(ThreadPoolExecutor.java:624)&#10;        at java.lang.Thread.run(Thread.java:748)&#10;&quot;Datanode ReportManager Thread - 1&quot; daemon prio=5 tid=1662 in Object.wait()&#10;java.lang.Thread.State: WAITING (on object monitor)&#10;        at sun.misc.Unsafe.park(Native Method)&#10;        at java.util.concurrent.locks.LockSupport.park(LockSupport.java:175)&#10;        at java.util.concurrent.locks.AbstractQueuedSynchronizer$ConditionObject.await(AbstractQueuedSynchronizer.java:2039)&#10;        at java.util.concurrent.ScheduledThreadPoolExecutor$DelayedWorkQueue.take(ScheduledThreadPoolExecutor.java:1088)&#10;        at java.util.concurrent.ScheduledThreadPoolExecutor$DelayedWorkQueue.take(ScheduledThreadPoolExecutor.java:809)&#10;        at java.util.concurrent.ThreadPoolExecutor.getTask(ThreadPoolExecutor.java:1074)&#10;        at java.util.concurrent.ThreadPoolExecutor.runWorker(ThreadPoolExecutor.java:1134)&#10;        at java.util.concurrent.ThreadPoolExecutor$Worker.run(ThreadPoolExecutor.java:624)&#10;        at java.lang.Thread.run(Thread.java:748)&#10;&quot;pool-148-thread-24&quot;  prio=5 tid=1771 in Object.wait()&#10;java.lang.Thread.State: WAITING (on object monitor)&#10;        at sun.misc.Unsafe.park(Native Method)&#10;        at java.util.concurrent.locks.LockSupport.park(LockSupport.java:175)&#10;        at java.util.concurrent.locks.AbstractQueuedSynchronizer$ConditionObject.await(AbstractQueuedSynchronizer.java:2039)&#10;        at java.util.concurrent.ArrayBlockingQueue.take(ArrayBlockingQueue.java:403)&#10;        at java.util.concurrent.ThreadPoolExecutor.getTask(ThreadPoolExecutor.java:1074)&#10;        at java.util.concurrent.ThreadPoolExecutor.runWorker(ThreadPoolExecutor.java:1134)&#10;        at java.util.concurrent.ThreadPoolExecutor$Worker.run(ThreadPoolExecutor.java:624)&#10;        at java.lang.Thread.run(Thread.java:748)&#10;&quot;pool-158-thread-25&quot;  prio=5 tid=1849 in Object.wait()&#10;java.lang.Thread.State: WAITING (on object monitor)&#10;        at sun.misc.Unsafe.park(Native Method)&#10;        at java.util.concurrent.locks.LockSupport.park(LockSupport.java:175)&#10;        at java.util.concurrent.locks.AbstractQueuedSynchronizer$ConditionObject.await(AbstractQueuedSynchronizer.java:2039)&#10;        at java.util.concurrent.ArrayBlockingQueue.take(ArrayBlockingQueue.java:403)&#10;        at java.util.concurrent.ThreadPoolExecutor.getTask(ThreadPoolExecutor.java:1074)&#10;        at java.util.concurrent.ThreadPoolExecutor.runWorker(ThreadPoolExecutor.java:1134)&#10;        at java.util.concurrent.ThreadPoolExecutor$Worker.run(ThreadPoolExecutor.java:624)&#10;        at java.lang.Thread.run(Thread.java:748)&#10;&quot;metrics-hadoop-metrics2-reporter-96-thread-1&quot; daemon prio=5 tid=1531 timed_waiting&#10;java.lang.Thread.State: TIMED_WAITING&#10;        at sun.misc.Unsafe.park(Native Method)&#10;        at java.util.concurrent.locks.LockSupport.parkNanos(LockSupport.java:215)&#10;        at java.util.concurrent.locks.AbstractQueuedSynchronizer$ConditionObject.awaitNanos(AbstractQueuedSynchronizer.java:2078)&#10;        at java.util.concurrent.ScheduledThreadPoolExecutor$DelayedWorkQueue.take(ScheduledThreadPoolExecutor.java:1093)&#10;        at java.util.concurrent.ScheduledThreadPoolExecutor$DelayedWorkQueue.take(ScheduledThreadPoolExecutor.java:809)&#10;        at java.util.concurrent.ThreadPoolExecutor.getTask(ThreadPoolExecutor.java:1074)&#10;        at java.util.concurrent.ThreadPoolExecutor.runWorker(ThreadPoolExecutor.java:1134)&#10;        at java.util.concurrent.ThreadPoolExecutor$Worker.run(ThreadPoolExecutor.java:624)&#10;        at java.lang.Thread.run(Thread.java:748)&#10;&quot;grpc-default-executor-1&quot; daemon prio=5 tid=1744 timed_waiting&#10;java.lang.Thread.State: TIMED_WAITING&#10;        at sun.misc.Unsafe.park(Native Method)&#10;        at java.util.concurrent.locks.LockSupport.parkNanos(LockSupport.java:215)&#10;        at java.util.concurrent.SynchronousQueue$TransferStack.awaitFulfill(SynchronousQueue.java:460)&#10;        at java.util.concurrent.SynchronousQueue$TransferStack.transfer(SynchronousQueue.java:362)&#10;        at java.util.concurrent.SynchronousQueue.poll(SynchronousQueue.java:941)&#10;        at java.util.concurrent.ThreadPoolExecutor.getTask(ThreadPoolExecutor.java:1073)&#10;        at java.util.concurrent.ThreadPoolExecutor.runWorker(ThreadPoolExecutor.java:1134)&#10;        at java.util.concurrent.ThreadPoolExecutor$Worker.run(ThreadPoolExecutor.java:624)&#10;        at java.lang.Thread.run(Thread.java:748)&#10;&quot;Socket Reader #1 for port 38802&quot;  prio=5 tid=1081 runnable&#10;java.lang.Thread.State: RUNNABLE&#10;        at sun.nio.ch.EPollArrayWrapper.epollWait(Native Method)&#10;        at sun.nio.ch.EPollArrayWrapper.poll(EPollArrayWrapper.java:269)&#10;        at sun.nio.ch.EPollSelectorImpl.doSelect(EPollSelectorImpl.java:93)&#10;        at sun.nio.ch.SelectorImpl.lockAndDoSelect(SelectorImpl.java:86)&#10;        at sun.nio.ch.SelectorImpl.select(SelectorImpl.java:97)&#10;        at sun.nio.ch.SelectorImpl.select(SelectorImpl.java:101)&#10;        at org.apache.hadoop.ipc.Server$Listener$Reader.doRunLoop(Server.java:1097)&#10;        at org.apache.hadoop.ipc.Server$Listener$Reader.run(Server.java:1076)&#10;&quot;metrics-hadoop-metrics2-reporter-119-thread-1&quot; daemon prio=5 tid=1946 timed_waiting&#10;java.lang.Thread.State: TIMED_WAITING&#10;        at sun.misc.Unsafe.park(Native Method)&#10;        at java.util.concurrent.locks.LockSupport.parkNanos(LockSupport.java:215)&#10;        at java.util.concurrent.locks.AbstractQueuedSynchronizer$ConditionObject.awaitNanos(AbstractQueuedSynchronizer.java:2078)&#10;        at java.util.concurrent.ScheduledThreadPoolExecutor$DelayedWorkQueue.take(ScheduledThreadPoolExecutor.java:1093)&#10;        at java.util.concurrent.ScheduledThreadPoolExecutor$DelayedWorkQueue.take(ScheduledThreadPoolExecutor.java:809)&#10;        at java.util.concurrent.ThreadPoolExecutor.getTask(ThreadPoolExecutor.java:1074)&#10;        at java.util.concurrent.ThreadPoolExecutor.runWorker(ThreadPoolExecutor.java:1134)&#10;        at java.util.concurrent.ThreadPoolExecutor$Worker.run(ThreadPoolExecutor.java:624)&#10;        at java.lang.Thread.run(Thread.java:748)&#10;&quot;pool-148-thread-32&quot;  prio=5 tid=1779 in Object.wait()&#10;java.lang.Thread.State: WAITING (on object monitor)&#10;        at sun.misc.Unsafe.park(Native Method)&#10;        at java.util.concurrent.locks.LockSupport.park(LockSupport.java:175)&#10;        at java.util.concurrent.locks.AbstractQueuedSynchronizer$ConditionObject.await(AbstractQueuedSynchronizer.java:2039)&#10;        at java.util.concurrent.ArrayBlockingQueue.take(ArrayBlockingQueue.java:403)&#10;        at java.util.concurrent.ThreadPoolExecutor.getTask(ThreadPoolExecutor.java:1074)&#10;        at java.util.concurrent.ThreadPoolExecutor.runWorker(ThreadPoolExecutor.java:1134)&#10;        at java.util.concurrent.ThreadPoolExecutor$Worker.run(ThreadPoolExecutor.java:624)&#10;        at java.lang.Thread.run(Thread.java:748)&#10;&quot;BlockDeletingService#1&quot; daemon prio=5 tid=1737 in Object.wait()&#10;java.lang.Thread.State: WAITING (on object monitor)&#10;        at sun.misc.Unsafe.park(Native Method)&#10;        at java.util.concurrent.locks.LockSupport.park(LockSupport.java:175)&#10;        at java.util.concurrent.locks.AbstractQueuedSynchronizer$ConditionObject.await(AbstractQueuedSynchronizer.java:2039)&#10;        at java.util.concurrent.ScheduledThreadPoolExecutor$DelayedWorkQueue.take(ScheduledThreadPoolExecutor.java:1088)&#10;        at java.util.concurrent.ScheduledThreadPoolExecutor$DelayedWorkQueue.take(ScheduledThreadPoolExecutor.java:809)&#10;        at java.util.concurrent.ThreadPoolExecutor.getTask(ThreadPoolExecutor.java:1074)&#10;        at java.util.concurrent.ThreadPoolExecutor.runWorker(ThreadPoolExecutor.java:1134)&#10;        at java.util.concurrent.ThreadPoolExecutor$Worker.run(ThreadPoolExecutor.java:624)&#10;        at java.lang.Thread.run(Thread.java:748)&#10;&quot;EventQueue-NodeRegistrationContainerReportForDataNodeSafeModeRule&quot; daemon prio=5 tid=1479 in Object.wait()&#10;java.lang.Thread.State: WAITING (on object monitor)&#10;        at sun.misc.Unsafe.park(Native Method)&#10;        at java.util.concurrent.locks.LockSupport.park(LockSupport.java:175)&#10;        at java.util.concurrent.locks.AbstractQueuedSynchronizer$ConditionObject.await(AbstractQueuedSynchronizer.java:2039)&#10;        at java.util.concurrent.LinkedBlockingQueue.take(LinkedBlockingQueue.java:442)&#10;        at java.util.concurrent.ThreadPoolExecutor.getTask(ThreadPoolExecutor.java:1074)&#10;        at java.util.concurrent.ThreadPoolExecutor.runWorker(ThreadPoolExecutor.java:1134)&#10;        at java.util.concurrent.ThreadPoolExecutor$Worker.run(ThreadPoolExecutor.java:624)&#10;        at java.lang.Thread.run(Thread.java:748)&#10;&quot;pool-158-thread-6&quot;  prio=5 tid=1830 in Object.wait()&#10;java.lang.Thread.State: WAITING (on object monitor)&#10;        at sun.misc.Unsafe.park(Native Method)&#10;        at java.util.concurrent.locks.LockSupport.park(LockSupport.java:175)&#10;        at java.util.concurrent.locks.AbstractQueuedSynchronizer$ConditionObject.await(AbstractQueuedSynchronizer.java:2039)&#10;        at java.util.concurrent.ArrayBlockingQueue.take(ArrayBlockingQueue.java:403)&#10;        at java.util.concurrent.ThreadPoolExecutor.getTask(ThreadPoolExecutor.java:1074)&#10;        at java.util.concurrent.ThreadPoolExecutor.runWorker(ThreadPoolExecutor.java:1134)&#10;        at java.util.concurrent.ThreadPoolExecutor$Worker.run(ThreadPoolExecutor.java:624)&#10;        at java.lang.Thread.run(Thread.java:748)&#10;&quot;Datanode State Machine Thread - 0&quot; daemon prio=5 tid=1636 timed_waiting&#10;java.lang.Thread.State: TIMED_WAITING&#10;        at sun.misc.Unsafe.park(Native Method)&#10;        at java.util.concurrent.locks.LockSupport.parkNanos(LockSupport.java:215)&#10;        at java.util.concurrent.SynchronousQueue$TransferStack.awaitFulfill(SynchronousQueue.java:460)&#10;        at java.util.concurrent.SynchronousQueue$TransferStack.transfer(SynchronousQueue.java:362)&#10;        at java.util.concurrent.SynchronousQueue.poll(SynchronousQueue.java:941)&#10;        at java.util.concurrent.ThreadPoolExecutor.getTask(ThreadPoolExecutor.java:1073)&#10;        at java.util.concurrent.ThreadPoolExecutor.runWorker(ThreadPoolExecutor.java:1134)&#10;        at java.util.concurrent.ThreadPoolExecutor$Worker.run(ThreadPoolExecutor.java:624)&#10;        at java.lang.Thread.run(Thread.java:748)&#10;&quot;Command processor thread&quot; daemon prio=5 tid=1634 timed_waiting&#10;java.lang.Thread.State: TIMED_WAITING&#10;        at java.lang.Thread.sleep(Native Method)&#10;        at org.apache.hadoop.ozone.container.common.statemachine.DatanodeStateMachine.lambda$initCommandHandlerThread$1(DatanodeStateMachine.java:439)&#10;        at org.apache.hadoop.ozone.container.common.statemachine.DatanodeStateMachine$$Lambda$141/1256566937.run(Unknown Source)&#10;        at java.lang.Thread.run(Thread.java:748)&#10;&quot;IPC Server handler 14 on 38131&quot; daemon prio=5 tid=1145 timed_waiting&#10;java.lang.Thread.State: TIMED_WAITING&#10;        at sun.misc.Unsafe.park(Native Method)&#10;        at java.util.concurrent.locks.LockSupport.parkNanos(LockSupport.java:215)&#10;        at java.util.concurrent.locks.AbstractQueuedSynchronizer$ConditionObject.awaitNanos(AbstractQueuedSynchronizer.java:2078)&#10;        at java.util.concurrent.LinkedBlockingQueue.poll(LinkedBlockingQueue.java:467)&#10;        at org.apache.hadoop.ipc.CallQueueManager.take(CallQueueManager.java:288)&#10;        at org.apache.hadoop.ipc.Server$Handler.run(Server.java:2668)&#10;&quot;pool-138-thread-44&quot;  prio=5 tid=1715 in Object.wait()&#10;java.lang.Thread.State: WAITING (on object monitor)&#10;        at sun.misc.Unsafe.park(Native Method)&#10;        at java.util.concurrent.locks.LockSupport.park(LockSupport.java:175)&#10;        at java.util.concurrent.locks.AbstractQueuedSynchronizer$ConditionObject.await(AbstractQueuedSynchronizer.java:2039)&#10;        at java.util.concurrent.ArrayBlockingQueue.take(ArrayBlockingQueue.java:403)&#10;        at java.util.concurrent.ThreadPoolExecutor.getTask(ThreadPoolExecutor.java:1074)&#10;        at java.util.concurrent.ThreadPoolExecutor.runWorker(ThreadPoolExecutor.java:1134)&#10;        at java.util.concurrent.ThreadPoolExecutor$Worker.run(ThreadPoolExecutor.java:624)&#10;        at java.lang.Thread.run(Thread.java:748)&#10;&quot;pool-148-thread-1&quot;  prio=5 tid=1747 in Object.wait()&#10;java.lang.Thread.State: WAITING (on object monitor)&#10;        at sun.misc.Unsafe.park(Native Method)&#10;        at java.util.concurrent.locks.LockSupport.park(LockSupport.java:175)&#10;        at java.util.concurrent.locks.AbstractQueuedSynchronizer$ConditionObject.await(AbstractQueuedSynchronizer.java:2039)&#10;        at java.util.concurrent.ArrayBlockingQueue.take(ArrayBlockingQueue.java:403)&#10;        at java.util.concurrent.ThreadPoolExecutor.getTask(ThreadPoolExecutor.java:1074)&#10;        at java.util.concurrent.ThreadPoolExecutor.runWorker(ThreadPoolExecutor.java:1134)&#10;        at java.util.concurrent.ThreadPoolExecutor$Worker.run(ThreadPoolExecutor.java:624)&#10;        at java.lang.Thread.run(Thread.java:748)&#10;&quot;metrics-hadoop-metrics2-reporter-120-thread-1&quot; daemon prio=5 tid=1948 timed_waiting&#10;java.lang.Thread.State: TIMED_WAITING&#10;        at sun.misc.Unsafe.park(Native Method)&#10;        at java.util.concurrent.locks.LockSupport.parkNanos(LockSupport.java:215)&#10;        at java.util.concurrent.locks.AbstractQueuedSynchronizer$ConditionObject.awaitNanos(AbstractQueuedSynchronizer.java:2078)&#10;        at java.util.concurrent.ScheduledThreadPoolExecutor$DelayedWorkQueue.take(ScheduledThreadPoolExecutor.java:1093)&#10;        at java.util.concurrent.ScheduledThreadPoolExecutor$DelayedWorkQueue.take(ScheduledThreadPoolExecutor.java:809)&#10;        at java.util.concurrent.ThreadPoolExecutor.getTask(ThreadPoolExecutor.java:1074)&#10;        at java.util.concurrent.ThreadPoolExecutor.runWorker(ThreadPoolExecutor.java:1134)&#10;        at java.util.concurrent.ThreadPoolExecutor$Worker.run(ThreadPoolExecutor.java:624)&#10;        at java.lang.Thread.run(Thread.java:748)&#10;&quot;metrics-hadoop-metrics2-reporter-112-thread-1&quot; daemon prio=5 tid=1922 timed_waiting&#10;java.lang.Thread.State: TIMED_WAITING&#10;        at sun.misc.Unsafe.park(Native Method)&#10;        at java.util.concurrent.locks.LockSupport.parkNanos(LockSupport.java:215)&#10;        at java.util.concurrent.locks.AbstractQueuedSynchronizer$ConditionObject.awaitNanos(AbstractQueuedSynchronizer.java:2078)&#10;        at java.util.concurrent.ScheduledThreadPoolExecutor$DelayedWorkQueue.take(ScheduledThreadPoolExecutor.java:1093)&#10;        at java.util.concurrent.ScheduledThreadPoolExecutor$DelayedWorkQueue.take(ScheduledThreadPoolExecutor.java:809)&#10;        at java.util.concurrent.ThreadPoolExecutor.getTask(ThreadPoolExecutor.java:1074)&#10;        at java.util.concurrent.ThreadPoolExecutor.runWorker(ThreadPoolExecutor.java:1134)&#10;        at java.util.concurrent.ThreadPoolExecutor$Worker.run(ThreadPoolExecutor.java:624)&#10;        at java.lang.Thread.run(Thread.java:748)&#10;&quot;pool-138-thread-49&quot;  prio=5 tid=1720 in Object.wait()&#10;java.lang.Thread.State: WAITING (on object monitor)&#10;        at sun.misc.Unsafe.park(Native Method)&#10;        at java.util.concurrent.locks.LockSupport.park(LockSupport.java:175)&#10;        at java.util.concurrent.locks.AbstractQueuedSynchronizer$ConditionObject.await(AbstractQueuedSynchronizer.java:2039)&#10;        at java.util.concurrent.ArrayBlockingQueue.take(ArrayBlockingQueue.java:403)&#10;        at java.util.concurrent.ThreadPoolExecutor.getTask(ThreadPoolExecutor.java:1074)&#10;        at java.util.concurrent.ThreadPoolExecutor.runWorker(ThreadPoolExecutor.java:1134)&#10;        at java.util.concurrent.ThreadPoolExecutor$Worker.run(ThreadPoolExecutor.java:624)&#10;        at java.lang.Thread.run(Thread.java:748)&#10;&quot;Datanode ReportManager Thread - 2&quot; daemon prio=5 tid=1282 in Object.wait()&#10;java.lang.Thread.State: WAITING (on object monitor)&#10;        at sun.misc.Unsafe.park(Native Method)&#10;        at java.util.concurrent.locks.LockSupport.park(LockSupport.java:175)&#10;        at java.util.concurrent.locks.AbstractQueuedSynchronizer$ConditionObject.await(AbstractQueuedSynchronizer.java:2039)&#10;        at java.util.concurrent.ScheduledThreadPoolExecutor$DelayedWorkQueue.take(ScheduledThreadPoolExecutor.java:1088)&#10;        at java.util.concurrent.ScheduledThreadPoolExecutor$DelayedWorkQueue.take(ScheduledThreadPoolExecutor.java:809)&#10;        at java.util.concurrent.ThreadPoolExecutor.getTask(ThreadPoolExecutor.java:1074)&#10;        at java.util.concurrent.ThreadPoolExecutor.runWorker(ThreadPoolExecutor.java:1134)&#10;        at java.util.concurrent.ThreadPoolExecutor$Worker.run(ThreadPoolExecutor.java:624)&#10;        at java.lang.Thread.run(Thread.java:748)&#10;&quot;pool-148-thread-33&quot;  prio=5 tid=1780 in Object.wait()&#10;java.lang.Thread.State: WAITING (on object monitor)&#10;        at sun.misc.Unsafe.park(Native Method)&#10;        at java.util.concurrent.locks.LockSupport.park(LockSupport.java:175)&#10;        at java.util.concurrent.locks.AbstractQueuedSynchronizer$ConditionObject.await(AbstractQueuedSynchronizer.java:2039)&#10;        at java.util.concurrent.ArrayBlockingQueue.take(ArrayBlockingQueue.java:403)&#10;        at java.util.concurrent.ThreadPoolExecutor.getTask(ThreadPoolExecutor.java:1074)&#10;        at java.util.concurrent.ThreadPoolExecutor.runWorker(ThreadPoolExecutor.java:1134)&#10;        at java.util.concurrent.ThreadPoolExecutor$Worker.run(ThreadPoolExecutor.java:624)&#10;        at java.lang.Thread.run(Thread.java:748)&#10;&quot;metrics-hadoop-metrics2-reporter-7-thread-1&quot; daemon prio=5 tid=719 timed_waiting&#10;java.lang.Thread.State: TIMED_WAITING&#10;        at sun.misc.Unsafe.park(Native Method)&#10;        at java.util.concurrent.locks.LockSupport.parkNanos(LockSupport.java:215)&#10;        at java.util.concurrent.locks.AbstractQueuedSynchronizer$ConditionObject.awaitNanos(AbstractQueuedSynchronizer.java:2078)&#10;        at java.util.concurrent.ScheduledThreadPoolExecutor$DelayedWorkQueue.take(ScheduledThreadPoolExecutor.java:1093)&#10;        at java.util.concurrent.ScheduledThreadPoolExecutor$DelayedWorkQueue.take(ScheduledThreadPoolExecutor.java:809)&#10;        at java.util.concurrent.ThreadPoolExecutor.getTask(ThreadPoolExecutor.java:1074)&#10;        at java.util.concurrent.ThreadPoolExecutor.runWorker(ThreadPoolExecutor.java:1134)&#10;        at java.util.concurrent.ThreadPoolExecutor$Worker.run(ThreadPoolExecutor.java:624)&#10;        at java.lang.Thread.run(Thread.java:748)&#10;&quot;IPC Server handler 9 on 38131&quot; daemon prio=5 tid=1140 timed_waiting&#10;java.lang.Thread.State: TIMED_WAITING&#10;        at sun.misc.Unsafe.park(Native Method)&#10;        at java.util.concurrent.locks.LockSupport.parkNanos(LockSupport.java:215)&#10;        at java.util.concurrent.locks.AbstractQueuedSynchronizer$ConditionObject.awaitNanos(AbstractQueuedSynchronizer.java:2078)&#10;        at java.util.concurrent.LinkedBlockingQueue.poll(LinkedBlockingQueue.java:467)&#10;        at org.apache.hadoop.ipc.CallQueueManager.take(CallQueueManager.java:288)&#10;        at org.apache.hadoop.ipc.Server$Handler.run(Server.java:2668)&#10;&quot;Datanode ReportManager Thread - 2&quot; daemon prio=5 tid=1599 in Object.wait()&#10;java.lang.Thread.State: WAITING (on object monitor)&#10;        at sun.misc.Unsafe.park(Native Method)&#10;        at java.util.concurrent.locks.LockSupport.park(LockSupport.java:175)&#10;        at java.util.concurrent.locks.AbstractQueuedSynchronizer$ConditionObject.await(AbstractQueuedSynchronizer.java:2039)&#10;        at java.util.concurrent.ScheduledThreadPoolExecutor$DelayedWorkQueue.take(ScheduledThreadPoolExecutor.java:1088)&#10;        at java.util.concurrent.ScheduledThreadPoolExecutor$DelayedWorkQueue.take(ScheduledThreadPoolExecutor.java:809)&#10;        at java.util.concurrent.ThreadPoolExecutor.getTask(ThreadPoolExecutor.java:1074)&#10;        at java.util.concurrent.ThreadPoolExecutor.runWorker(ThreadPoolExecutor.java:1134)&#10;        at java.util.concurrent.ThreadPoolExecutor$Worker.run(ThreadPoolExecutor.java:624)&#10;        at java.lang.Thread.run(Thread.java:748)&#10;&quot;qtp25266959-1588&quot; daemon prio=5 tid=1588 timed_waiting&#10;java.lang.Thread.State: TIMED_WAITING&#10;        at sun.misc.Unsafe.park(Native Method)&#10;        at java.util.concurrent.locks.LockSupport.parkNanos(LockSupport.java:215)&#10;        at java.util.concurrent.locks.AbstractQueuedSynchronizer$ConditionObject.awaitNanos(AbstractQueuedSynchronizer.java:2078)&#10;        at org.eclipse.jetty.util.BlockingArrayQueue.poll(BlockingArrayQueue.java:392)&#10;        at org.eclipse.jetty.util.thread.QueuedThreadPool.idleJobPoll(QueuedThreadPool.java:563)&#10;        at org.eclipse.jetty.util.thread.QueuedThreadPool.access$800(QueuedThreadPool.java:48)&#10;        at org.eclipse.jetty.util.thread.QueuedThreadPool$2.run(QueuedThreadPool.java:626)&#10;        at java.lang.Thread.run(Thread.java:748)&#10;&quot;jaeger.RemoteReporter-FlushTimer&quot; daemon prio=5 tid=149 timed_waiting&#10;java.lang.Thread.State: TIMED_WAITING&#10;        at java.lang.Object.wait(Native Method)&#10;        at java.util.TimerThread.mainLoop(Timer.java:552)&#10;        at java.util.TimerThread.run(Timer.java:505)&#10;&quot;qtp25266959-1587&quot; daemon prio=5 tid=1587 timed_waiting&#10;java.lang.Thread.State: TIMED_WAITING&#10;        at sun.misc.Unsafe.park(Native Method)&#10;        at java.util.concurrent.locks.LockSupport.parkNanos(LockSupport.java:215)&#10;        at java.util.concurrent.locks.AbstractQueuedSynchronizer$ConditionObject.awaitNanos(AbstractQueuedSynchronizer.java:2078)&#10;        at org.eclipse.jetty.util.BlockingArrayQueue.poll(BlockingArrayQueue.java:392)&#10;        at org.eclipse.jetty.util.thread.QueuedThreadPool.idleJobPoll(QueuedThreadPool.java:563)&#10;        at org.eclipse.jetty.util.thread.QueuedThreadPool.access$800(QueuedThreadPool.java:48)&#10;        at org.eclipse.jetty.util.thread.QueuedThreadPool$2.run(QueuedThreadPool.java:626)&#10;        at java.lang.Thread.run(Thread.java:748)&#10;&quot;Datanode ReportManager Thread - 2&quot; daemon prio=5 tid=309 in Object.wait()&#10;java.lang.Thread.State: WAITING (on object monitor)&#10;        at sun.misc.Unsafe.park(Native Method)&#10;        at java.util.concurrent.locks.LockSupport.park(LockSupport.java:175)&#10;        at java.util.concurrent.locks.AbstractQueuedSynchronizer$ConditionObject.await(AbstractQueuedSynchronizer.java:2039)&#10;        at java.util.concurrent.ScheduledThreadPoolExecutor$DelayedWorkQueue.take(ScheduledThreadPoolExecutor.java:1088)&#10;        at java.util.concurrent.ScheduledThreadPoolExecutor$DelayedWorkQueue.take(ScheduledThreadPoolExecutor.java:809)&#10;        at java.util.concurrent.ThreadPoolExecutor.getTask(ThreadPoolExecutor.java:1074)&#10;        at java.util.concurrent.ThreadPoolExecutor.runWorker(ThreadPoolExecutor.java:1134)&#10;        at java.util.concurrent.ThreadPoolExecutor$Worker.run(ThreadPoolExecutor.java:624)&#10;        at java.lang.Thread.run(Thread.java:748)&#10;&quot;IPC Server handler 6 on 38131&quot; daemon prio=5 tid=1137 timed_waiting&#10;java.lang.Thread.State: TIMED_WAITING&#10;        at sun.misc.Unsafe.park(Native Method)&#10;        at java.util.concurrent.locks.LockSupport.parkNanos(LockSupport.java:215)&#10;        at java.util.concurrent.locks.AbstractQueuedSynchronizer$ConditionObject.awaitNanos(AbstractQueuedSynchronizer.java:2078)&#10;        at java.util.concurrent.LinkedBlockingQueue.poll(LinkedBlockingQueue.java:467)&#10;        at org.apache.hadoop.ipc.CallQueueManager.take(CallQueueManager.java:288)&#10;        at org.apache.hadoop.ipc.Server$Handler.run(Server.java:2668)&#10;&quot;Datanode ReportManager Thread - 1&quot; daemon prio=5 tid=1598 timed_waiting&#10;java.lang.Thread.State: TIMED_WAITING&#10;        at sun.misc.Unsafe.park(Native Method)&#10;        at java.util.concurrent.locks.LockSupport.parkNanos(LockSupport.java:215)&#10;        at java.util.concurrent.locks.AbstractQueuedSynchronizer$ConditionObject.awaitNanos(AbstractQueuedSynchronizer.java:2078)&#10;        at java.util.concurrent.ScheduledThreadPoolExecutor$DelayedWorkQueue.take(ScheduledThreadPoolExecutor.java:1093)&#10;        at java.util.concurrent.ScheduledThreadPoolExecutor$DelayedWorkQueue.take(ScheduledThreadPoolExecutor.java:809)&#10;        at java.util.concurrent.ThreadPoolExecutor.getTask(ThreadPoolExecutor.java:1074)&#10;        at java.util.concurrent.ThreadPoolExecutor.runWorker(ThreadPoolExecutor.java:1134)&#10;        at java.util.concurrent.ThreadPoolExecutor$Worker.run(ThreadPoolExecutor.java:624)&#10;        at java.lang.Thread.run(Thread.java:748)&#10;&quot;pool-138-thread-17&quot;  prio=5 tid=1688 in Object.wait()&#10;java.lang.Thread.State: WAITING (on object monitor)&#10;        at sun.misc.Unsafe.park(Native Method)&#10;        at java.util.concurrent.locks.LockSupport.park(LockSupport.java:175)&#10;        at java.util.concurrent.locks.AbstractQueuedSynchronizer$ConditionObject.await(AbstractQueuedSynchronizer.java:2039)&#10;        at java.util.concurrent.ArrayBlockingQueue.take(ArrayBlockingQueue.java:403)&#10;        at java.util.concurrent.ThreadPoolExecutor.getTask(ThreadPoolExecutor.java:1074)&#10;        at java.util.concurrent.ThreadPoolExecutor.runWorker(ThreadPoolExecutor.java:1134)&#10;        at java.util.concurrent.ThreadPoolExecutor$Worker.run(ThreadPoolExecutor.java:624)&#10;        at java.lang.Thread.run(Thread.java:748)&#10;&quot;IPC Server listener on 45184&quot; daemon prio=5 tid=1167 runnable&#10;java.lang.Thread.State: RUNNABLE&#10;        at sun.nio.ch.EPollArrayWrapper.epollWait(Native Method)&#10;        at sun.nio.ch.EPollArrayWrapper.poll(EPollArrayWrapper.java:269)&#10;        at sun.nio.ch.EPollSelectorImpl.doSelect(EPollSelectorImpl.java:93)&#10;        at sun.nio.ch.SelectorImpl.lockAndDoSelect(SelectorImpl.java:86)&#10;        at sun.nio.ch.SelectorImpl.select(SelectorImpl.java:97)&#10;        at sun.nio.ch.SelectorImpl.select(SelectorImpl.java:101)&#10;        at org.apache.hadoop.ipc.Server$Listener.run(Server.java:1159)&#10;&quot;grpc-default-executor-2&quot; daemon prio=5 tid=1927 timed_waiting&#10;java.lang.Thread.State: TIMED_WAITING&#10;        at sun.misc.Unsafe.park(Native Method)&#10;        at java.util.concurrent.locks.LockSupport.parkNanos(LockSupport.java:215)&#10;        at java.util.concurrent.SynchronousQueue$TransferStack.awaitFulfill(SynchronousQueue.java:460)&#10;        at java.util.concurrent.SynchronousQueue$TransferStack.transfer(SynchronousQueue.java:362)&#10;        at java.util.concurrent.SynchronousQueue.poll(SynchronousQueue.java:941)&#10;        at java.util.concurrent.ThreadPoolExecutor.getTask(ThreadPoolExecutor.java:1073)&#10;        at java.util.concurrent.ThreadPoolExecutor.runWorker(ThreadPoolExecutor.java:1134)&#10;        at java.util.concurrent.ThreadPoolExecutor$Worker.run(ThreadPoolExecutor.java:624)&#10;        at java.lang.Thread.run(Thread.java:748)&#10;&quot;pool-158-thread-32&quot;  prio=5 tid=1856 in Object.wait()&#10;java.lang.Thread.State: WAITING (on object monitor)&#10;        at sun.misc.Unsafe.park(Native Method)&#10;        at java.util.concurrent.locks.LockSupport.park(LockSupport.java:175)&#10;        at java.util.concurrent.locks.AbstractQueuedSynchronizer$ConditionObject.await(AbstractQueuedSynchronizer.java:2039)&#10;        at java.util.concurrent.ArrayBlockingQueue.take(ArrayBlockingQueue.java:403)&#10;        at java.util.concurrent.ThreadPoolExecutor.getTask(ThreadPoolExecutor.java:1074)&#10;        at java.util.concurrent.ThreadPoolExecutor.runWorker(ThreadPoolExecutor.java:1134)&#10;        at java.util.concurrent.ThreadPoolExecutor$Worker.run(ThreadPoolExecutor.java:624)&#10;        at java.lang.Thread.run(Thread.java:748)&#10;&quot;metrics-hadoop-metrics2-reporter-83-thread-1&quot; daemon prio=5 tid=1493 timed_waiting&#10;java.lang.Thread.State: TIMED_WAITING&#10;        at sun.misc.Unsafe.park(Native Method)&#10;        at java.util.concurrent.locks.LockSupport.parkNanos(LockSupport.java:215)&#10;        at java.util.concurrent.locks.AbstractQueuedSynchronizer$ConditionObject.awaitNanos(AbstractQueuedSynchronizer.java:2078)&#10;        at java.util.concurrent.ScheduledThreadPoolExecutor$DelayedWorkQueue.take(ScheduledThreadPoolExecutor.java:1093)&#10;        at java.util.concurrent.ScheduledThreadPoolExecutor$DelayedWorkQueue.take(ScheduledThreadPoolExecutor.java:809)&#10;        at java.util.concurrent.ThreadPoolExecutor.getTask(ThreadPoolExecutor.java:1074)&#10;        at java.util.concurrent.ThreadPoolExecutor.runWorker(ThreadPoolExecutor.java:1134)&#10;        at java.util.concurrent.ThreadPoolExecutor$Worker.run(ThreadPoolExecutor.java:624)&#10;        at java.lang.Thread.run(Thread.java:748)&#10;&quot;Periodic HDDS volume checker&quot;  prio=5 tid=1606 timed_waiting&#10;java.lang.Thread.State: TIMED_WAITING&#10;        at sun.misc.Unsafe.park(Native Method)&#10;        at java.util.concurrent.locks.LockSupport.parkNanos(LockSupport.java:215)&#10;        at java.util.concurrent.locks.AbstractQueuedSynchronizer$ConditionObject.awaitNanos(AbstractQueuedSynchronizer.java:2078)&#10;        at java.util.concurrent.ScheduledThreadPoolExecutor$DelayedWorkQueue.take(ScheduledThreadPoolExecutor.java:1093)&#10;        at java.util.concurrent.ScheduledThreadPoolExecutor$DelayedWorkQueue.take(ScheduledThreadPoolExecutor.java:809)&#10;        at java.util.concurrent.ThreadPoolExecutor.getTask(ThreadPoolExecutor.java:1074)&#10;        at java.util.concurrent.ThreadPoolExecutor.runWorker(ThreadPoolExecutor.java:1134)&#10;        at java.util.concurrent.ThreadPoolExecutor$Worker.run(ThreadPoolExecutor.java:624)&#10;        at java.lang.Thread.run(Thread.java:748)&#10;&quot;pool-138-thread-47&quot;  prio=5 tid=1718 in Object.wait()&#10;java.lang.Thread.State: WAITING (on object monitor)&#10;        at sun.misc.Unsafe.park(Native Method)&#10;        at java.util.concurrent.locks.LockSupport.park(LockSupport.java:175)&#10;        at java.util.concurrent.locks.AbstractQueuedSynchronizer$ConditionObject.await(AbstractQueuedSynchronizer.java:2039)&#10;        at java.util.concurrent.ArrayBlockingQueue.take(ArrayBlockingQueue.java:403)&#10;        at java.util.concurrent.ThreadPoolExecutor.getTask(ThreadPoolExecutor.java:1074)&#10;        at java.util.concurrent.ThreadPoolExecutor.runWorker(ThreadPoolExecutor.java:1134)&#10;        at java.util.concurrent.ThreadPoolExecutor$Worker.run(ThreadPoolExecutor.java:624)&#10;        at java.lang.Thread.run(Thread.java:748)&#10;&quot;pool-158-thread-49&quot;  prio=5 tid=1874 in Object.wait()&#10;java.lang.Thread.State: WAITING (on object monitor)&#10;        at sun.misc.Unsafe.park(Native Method)&#10;        at java.util.concurrent.locks.LockSupport.park(LockSupport.java:175)&#10;        at java.util.concurrent.locks.AbstractQueuedSynchronizer$ConditionObject.await(AbstractQueuedSynchronizer.java:2039)&#10;        at java.util.concurrent.ArrayBlockingQueue.take(ArrayBlockingQueue.java:403)&#10;        at java.util.concurrent.ThreadPoolExecutor.getTask(ThreadPoolExecutor.java:1074)&#10;        at java.util.concurrent.ThreadPoolExecutor.runWorker(ThreadPoolExecutor.java:1134)&#10;        at java.util.concurrent.ThreadPoolExecutor$Worker.run(ThreadPoolExecutor.java:624)&#10;        at java.lang.Thread.run(Thread.java:748)&#10;&quot;metrics-hadoop-metrics2-reporter-110-thread-1&quot; daemon prio=5 tid=1917 timed_waiting&#10;java.lang.Thread.State: TIMED_WAITING&#10;        at sun.misc.Unsafe.park(Native Method)&#10;        at java.util.concurrent.locks.LockSupport.parkNanos(LockSupport.java:215)&#10;        at java.util.concurrent.locks.AbstractQueuedSynchronizer$ConditionObject.awaitNanos(AbstractQueuedSynchronizer.java:2078)&#10;        at java.util.concurrent.ScheduledThreadPoolExecutor$DelayedWorkQueue.take(ScheduledThreadPoolExecutor.java:1093)&#10;        at java.util.concurrent.ScheduledThreadPoolExecutor$DelayedWorkQueue.take(ScheduledThreadPoolExecutor.java:809)&#10;        at java.util.concurrent.ThreadPoolExecutor.getTask(ThreadPoolExecutor.java:1074)&#10;        at java.util.concurrent.ThreadPoolExecutor.runWorker(ThreadPoolExecutor.java:1134)&#10;        at java.util.concurrent.ThreadPoolExecutor$Worker.run(ThreadPoolExecutor.java:624)&#10;        at java.lang.Thread.run(Thread.java:748)&#10;&quot;EventQueue-NodeRegistrationContainerReportForContainerSafeModeRule&quot; daemon prio=5 tid=1478 in Object.wait()&#10;java.lang.Thread.State: WAITING (on object monitor)&#10;        at sun.misc.Unsafe.park(Native Method)&#10;        at java.util.concurrent.locks.LockSupport.park(LockSupport.java:175)&#10;        at java.util.concurrent.locks.AbstractQueuedSynchronizer$ConditionObject.await(AbstractQueuedSynchronizer.java:2039)&#10;        at java.util.concurrent.LinkedBlockingQueue.take(LinkedBlockingQueue.java:442)&#10;        at java.util.concurrent.ThreadPoolExecutor.getTask(ThreadPoolExecutor.java:1074)&#10;        at java.util.concurrent.ThreadPoolExecutor.runWorker(ThreadPoolExecutor.java:1134)&#10;        at java.util.concurrent.ThreadPoolExecutor$Worker.run(ThreadPoolExecutor.java:624)&#10;        at java.lang.Thread.run(Thread.java:748)&#10;&quot;metrics-hadoop-metrics2-reporter-68-thread-1&quot; daemon prio=5 tid=992 timed_waiting&#10;java.lang.Thread.State: TIMED_WAITING&#10;        at sun.misc.Unsafe.park(Native Method)&#10;        at java.util.concurrent.locks.LockSupport.parkNanos(LockSupport.java:215)&#10;        at java.util.concurrent.locks.AbstractQueuedSynchronizer$ConditionObject.awaitNanos(AbstractQueuedSynchronizer.java:2078)&#10;        at java.util.concurrent.ScheduledThreadPoolExecutor$DelayedWorkQueue.take(ScheduledThreadPoolExecutor.java:1093)&#10;        at java.util.concurrent.ScheduledThreadPoolExecutor$DelayedWorkQueue.take(ScheduledThreadPoolExecutor.java:809)&#10;        at java.util.concurrent.ThreadPoolExecutor.getTask(ThreadPoolExecutor.java:1074)&#10;        at java.util.concurrent.ThreadPoolExecutor.runWorker(ThreadPoolExecutor.java:1134)&#10;        at java.util.concurrent.ThreadPoolExecutor$Worker.run(ThreadPoolExecutor.java:624)&#10;        at java.lang.Thread.run(Thread.java:748)&#10;&quot;IPC Server handler 16 on 45184&quot; daemon prio=5 tid=1190 timed_waiting&#10;java.lang.Thread.State: TIMED_WAITING&#10;        at sun.misc.Unsafe.park(Native Method)&#10;        at java.util.concurrent.locks.LockSupport.parkNanos(LockSupport.java:215)&#10;        at java.util.concurrent.locks.AbstractQueuedSynchronizer$ConditionObject.awaitNanos(AbstractQueuedSynchronizer.java:2078)&#10;        at java.util.concurrent.LinkedBlockingQueue.poll(LinkedBlockingQueue.java:467)&#10;        at org.apache.hadoop.ipc.CallQueueManager.take(CallQueueManager.java:288)&#10;        at org.apache.hadoop.ipc.Server$Handler.run(Server.java:2668)&#10;&quot;IPC Server handler 3 on 46609&quot; daemon prio=5 tid=1094 timed_waiting&#10;java.lang.Thread.State: TIMED_WAITING&#10;        at sun.misc.Unsafe.park(Native Method)&#10;        at java.util.concurrent.locks.LockSupport.parkNanos(LockSupport.java:215)&#10;        at java.util.concurrent.locks.AbstractQueuedSynchronizer$ConditionObject.awaitNanos(AbstractQueuedSynchronizer.java:2078)&#10;        at java.util.concurrent.LinkedBlockingQueue.poll(LinkedBlockingQueue.java:467)&#10;        at org.apache.hadoop.ipc.CallQueueManager.take(CallQueueManager.java:288)&#10;        at org.apache.hadoop.ipc.Server$Handler.run(Server.java:2668)&#10;&quot;metrics-hadoop-metrics2-reporter-55-thread-1&quot; daemon prio=5 tid=944 timed_waiting&#10;java.lang.Thread.State: TIMED_WAITING&#10;        at sun.misc.Unsafe.park(Native Method)&#10;        at java.util.concurrent.locks.LockSupport.parkNanos(LockSupport.java:215)&#10;        at java.util.concurrent.locks.AbstractQueuedSynchronizer$ConditionObject.awaitNanos(AbstractQueuedSynchronizer.java:2078)&#10;        at java.util.concurrent.ScheduledThreadPoolExecutor$DelayedWorkQueue.take(ScheduledThreadPoolExecutor.java:1093)&#10;        at java.util.concurrent.ScheduledThreadPoolExecutor$DelayedWorkQueue.take(ScheduledThreadPoolExecutor.java:809)&#10;        at java.util.concurrent.ThreadPoolExecutor.getTask(ThreadPoolExecutor.java:1074)&#10;        at java.util.concurrent.ThreadPoolExecutor.runWorker(ThreadPoolExecutor.java:1134)&#10;        at java.util.concurrent.ThreadPoolExecutor$Worker.run(ThreadPoolExecutor.java:624)&#10;        at java.lang.Thread.run(Thread.java:748)&#10;&quot;metrics-hadoop-metrics2-reporter-30-thread-1&quot; daemon prio=5 tid=780 timed_waiting&#10;java.lang.Thread.State: TIMED_WAITING&#10;        at sun.misc.Unsafe.park(Native Method)&#10;        at java.util.concurrent.locks.LockSupport.parkNanos(LockSupport.java:215)&#10;        at java.util.concurrent.locks.AbstractQueuedSynchronizer$ConditionObject.awaitNanos(AbstractQueuedSynchronizer.java:2078)&#10;        at java.util.concurrent.ScheduledThreadPoolExecutor$DelayedWorkQueue.take(ScheduledThreadPoolExecutor.java:1093)&#10;        at java.util.concurrent.ScheduledThreadPoolExecutor$DelayedWorkQueue.take(ScheduledThreadPoolExecutor.java:809)&#10;        at java.util.concurrent.ThreadPoolExecutor.getTask(ThreadPoolExecutor.java:1074)&#10;        at java.util.concurrent.ThreadPoolExecutor.runWorker(ThreadPoolExecutor.java:1134)&#10;        at java.util.concurrent.ThreadPoolExecutor$Worker.run(ThreadPoolExecutor.java:624)&#10;        at java.lang.Thread.run(Thread.java:748)&#10;&quot;pool-138-thread-41&quot;  prio=5 tid=1712 in Object.wait()&#10;java.lang.Thread.State: WAITING (on object monitor)&#10;        at sun.misc.Unsafe.park(Native Method)&#10;        at java.util.concurrent.locks.LockSupport.park(LockSupport.java:175)&#10;        at java.util.concurrent.locks.AbstractQueuedSynchronizer$ConditionObject.await(AbstractQueuedSynchronizer.java:2039)&#10;        at java.util.concurrent.ArrayBlockingQueue.take(ArrayBlockingQueue.java:403)&#10;        at java.util.concurrent.ThreadPoolExecutor.getTask(ThreadPoolExecutor.java:1074)&#10;        at java.util.concurrent.ThreadPoolExecutor.runWorker(ThreadPoolExecutor.java:1134)&#10;        at java.util.concurrent.ThreadPoolExecutor$Worker.run(ThreadPoolExecutor.java:624)&#10;        at java.lang.Thread.run(Thread.java:748)&#10;&quot;IPC Server handler 4 on 45184&quot; daemon prio=5 tid=1177 timed_waiting&#10;java.lang.Thread.State: TIMED_WAITING&#10;        at sun.misc.Unsafe.park(Native Method)&#10;        at java.util.concurrent.locks.LockSupport.parkNanos(LockSupport.java:215)&#10;        at java.util.concurrent.locks.AbstractQueuedSynchronizer$ConditionObject.awaitNanos(AbstractQueuedSynchronizer.java:2078)&#10;        at java.util.concurrent.LinkedBlockingQueue.poll(LinkedBlockingQueue.java:467)&#10;        at org.apache.hadoop.ipc.CallQueueManager.take(CallQueueManager.java:288)&#10;        at org.apache.hadoop.ipc.Server$Handler.run(Server.java:2668)&#10;&quot;pool-158-thread-41&quot;  prio=5 tid=1865 in Object.wait()&#10;java.lang.Thread.State: WAITING (on object monitor)&#10;        at sun.misc.Unsafe.park(Native Method)&#10;        at java.util.concurrent.locks.LockSupport.park(LockSupport.java:175)&#10;        at java.util.concurrent.locks.AbstractQueuedSynchronizer$ConditionObject.await(AbstractQueuedSynchronizer.java:2039)&#10;        at java.util.concurrent.ArrayBlockingQueue.take(ArrayBlockingQueue.java:403)&#10;        at java.util.concurrent.ThreadPoolExecutor.getTask(ThreadPoolExecutor.java:1074)&#10;        at java.util.concurrent.ThreadPoolExecutor.runWorker(ThreadPoolExecutor.java:1134)&#10;        at java.util.concurrent.ThreadPoolExecutor$Worker.run(ThreadPoolExecutor.java:624)&#10;        at java.lang.Thread.run(Thread.java:748)&#10;&quot;metrics-hadoop-metrics2-reporter-51-thread-1&quot; daemon prio=5 tid=856 timed_waiting&#10;java.lang.Thread.State: TIMED_WAITING&#10;        at sun.misc.Unsafe.park(Native Method)&#10;        at java.util.concurrent.locks.LockSupport.parkNanos(LockSupport.java:215)&#10;        at java.util.concurrent.locks.AbstractQueuedSynchronizer$ConditionObject.awaitNanos(AbstractQueuedSynchronizer.java:2078)&#10;        at java.util.concurrent.ScheduledThreadPoolExecutor$DelayedWorkQueue.take(ScheduledThreadPoolExecutor.java:1093)&#10;        at java.util.concurrent.ScheduledThreadPoolExecutor$DelayedWorkQueue.take(ScheduledThreadPoolExecutor.java:809)&#10;        at java.util.concurrent.ThreadPoolExecutor.getTask(ThreadPoolExecutor.java:1074)&#10;        at java.util.concurrent.ThreadPoolExecutor.runWorker(ThreadPoolExecutor.java:1134)&#10;        at java.util.concurrent.ThreadPoolExecutor$Worker.run(ThreadPoolExecutor.java:624)&#10;        at java.lang.Thread.run(Thread.java:748)&#10;&quot;qtp734928767-1615&quot; daemon prio=5 tid=1615 runnable&#10;java.lang.Thread.State: RUNNABLE&#10;        at sun.nio.ch.EPollArrayWrapper.epollWait(Native Method)&#10;        at sun.nio.ch.EPollArrayWrapper.poll(EPollArrayWrapper.java:269)&#10;        at sun.nio.ch.EPollSelectorImpl.doSelect(EPollSelectorImpl.java:93)&#10;        at sun.nio.ch.SelectorImpl.lockAndDoSelect(SelectorImpl.java:86)&#10;        at sun.nio.ch.SelectorImpl.select(SelectorImpl.java:97)&#10;        at sun.nio.ch.SelectorImpl.select(SelectorImpl.java:101)&#10;        at org.eclipse.jetty.io.ManagedSelector$SelectorProducer.select(ManagedSelector.java:243)&#10;        at org.eclipse.jetty.io.ManagedSelector$SelectorProducer.produce(ManagedSelector.java:191)&#10;        at org.eclipse.jetty.util.thread.strategy.ExecuteProduceConsume.executeProduceConsume(ExecuteProduceConsume.java:249)&#10;        at org.eclipse.jetty.util.thread.strategy.ExecuteProduceConsume.produceConsume(ExecuteProduceConsume.java:148)&#10;        at org.eclipse.jetty.util.thread.strategy.ExecuteProduceConsume.execute(ExecuteProduceConsume.java:100)&#10;        at org.eclipse.jetty.io.ManagedSelector.run(ManagedSelector.java:147)&#10;        at org.eclipse.jetty.util.thread.QueuedThreadPool.runJob(QueuedThreadPool.java:671)&#10;        at org.eclipse.jetty.util.thread.QueuedThreadPool$2.run(QueuedThreadPool.java:589)&#10;        at java.lang.Thread.run(Thread.java:748)&#10;&quot;bc0bc980-c963-48ce-962e-85091c893131@group-65A7CFDAF5F6-StateMachineUpdater&quot; daemon prio=5 tid=1910 in Object.wait()&#10;java.lang.Thread.State: WAITING (on object monitor)&#10;        at java.lang.Object.wait(Native Method)&#10;        at java.lang.Object.wait(Object.java:502)&#10;        at org.apache.ratis.server.impl.StateMachineUpdater.waitForCommit(StateMachineUpdater.java:194)&#10;        at org.apache.ratis.server.impl.StateMachineUpdater.run(StateMachineUpdater.java:159)&#10;        at java.lang.Thread.run(Thread.java:748)&#10;&quot;pool-148-thread-11&quot;  prio=5 tid=1757 in Object.wait()&#10;java.lang.Thread.State: WAITING (on object monitor)&#10;        at sun.misc.Unsafe.park(Native Method)&#10;        at java.util.concurrent.locks.LockSupport.park(LockSupport.java:175)&#10;        at java.util.concurrent.locks.AbstractQueuedSynchronizer$ConditionObject.await(AbstractQueuedSynchronizer.java:2039)&#10;        at java.util.concurrent.ArrayBlockingQueue.take(ArrayBlockingQueue.java:403)&#10;        at java.util.concurrent.ThreadPoolExecutor.getTask(ThreadPoolExecutor.java:1074)&#10;        at java.util.concurrent.ThreadPoolExecutor.runWorker(ThreadPoolExecutor.java:1134)&#10;        at java.util.concurrent.ThreadPoolExecutor$Worker.run(ThreadPoolExecutor.java:624)&#10;        at java.lang.Thread.run(Thread.java:748)&#10;&quot;qtp734928767-1616&quot; daemon prio=5 tid=1616 timed_waiting&#10;java.lang.Thread.State: TIMED_WAITING&#10;        at sun.misc.Unsafe.park(Native Method)&#10;        at java.util.concurrent.locks.LockSupport.parkNanos(LockSupport.java:215)&#10;        at java.util.concurrent.locks.AbstractQueuedSynchronizer$ConditionObject.awaitNanos(AbstractQueuedSynchronizer.java:2078)&#10;        at org.eclipse.jetty.util.BlockingArrayQueue.poll(BlockingArrayQueue.java:392)&#10;        at org.eclipse.jetty.util.thread.QueuedThreadPool.idleJobPoll(QueuedThreadPool.java:563)&#10;        at org.eclipse.jetty.util.thread.QueuedThreadPool.access$800(QueuedThreadPool.java:48)&#10;        at org.eclipse.jetty.util.thread.QueuedThreadPool$2.run(QueuedThreadPool.java:626)&#10;        at java.lang.Thread.run(Thread.java:748)&#10;&quot;grpc-default-executor-0&quot; daemon prio=5 tid=1743 timed_waiting&#10;java.lang.Thread.State: TIMED_WAITING&#10;        at sun.misc.Unsafe.park(Native Method)&#10;        at java.util.concurrent.locks.LockSupport.parkNanos(LockSupport.java:215)&#10;        at java.util.concurrent.SynchronousQueue$TransferStack.awaitFulfill(SynchronousQueue.java:460)&#10;        at java.util.concurrent.SynchronousQueue$TransferStack.transfer(SynchronousQueue.java:362)&#10;        at java.util.concurrent.SynchronousQueue.poll(SynchronousQueue.java:941)&#10;        at java.util.concurrent.ThreadPoolExecutor.getTask(ThreadPoolExecutor.java:1073)&#10;        at java.util.concurrent.ThreadPoolExecutor.runWorker(ThreadPoolExecutor.java:1134)&#10;        at java.util.concurrent.ThreadPoolExecutor$Worker.run(ThreadPoolExecutor.java:624)&#10;        at java.lang.Thread.run(Thread.java:748)&#10;&quot;d612b743-bedc-4c3f-983e-e3329f8a2e6f@group-DDD6BF56D535-SegmentedRaftLogWorker&quot;  prio=5 tid=1657 timed_waiting&#10;java.lang.Thread.State: TIMED_WAITING&#10;        at sun.misc.Unsafe.park(Native Method)&#10;        at java.util.concurrent.locks.LockSupport.parkNanos(LockSupport.java:215)&#10;        at java.util.concurrent.locks.AbstractQueuedSynchronizer$ConditionObject.awaitNanos(AbstractQueuedSynchronizer.java:2078)&#10;        at org.apache.ratis.util.DataBlockingQueue.poll(DataBlockingQueue.java:137)&#10;        at org.apache.ratis.server.raftlog.segmented.SegmentedRaftLogWorker.run(SegmentedRaftLogWorker.java:282)&#10;        at java.lang.Thread.run(Thread.java:748)&#10;&quot;pool-148-thread-49&quot;  prio=5 tid=1796 in Object.wait()&#10;java.lang.Thread.State: WAITING (on object monitor)&#10;        at sun.misc.Unsafe.park(Native Method)&#10;        at java.util.concurrent.locks.LockSupport.park(LockSupport.java:175)&#10;        at java.util.concurrent.locks.AbstractQueuedSynchronizer$ConditionObject.await(AbstractQueuedSynchronizer.java:2039)&#10;        at java.util.concurrent.ArrayBlockingQueue.take(ArrayBlockingQueue.java:403)&#10;        at java.util.concurrent.ThreadPoolExecutor.getTask(ThreadPoolExecutor.java:1074)&#10;        at java.util.concurrent.ThreadPoolExecutor.runWorker(ThreadPoolExecutor.java:1134)&#10;        at java.util.concurrent.ThreadPoolExecutor$Worker.run(ThreadPoolExecutor.java:624)&#10;        at java.lang.Thread.run(Thread.java:748)&#10;&quot;pool-138-thread-21&quot;  prio=5 tid=1692 in Object.wait()&#10;java.lang.Thread.State: WAITING (on object monitor)&#10;        at sun.misc.Unsafe.park(Native Method)&#10;        at java.util.concurrent.locks.LockSupport.park(LockSupport.java:175)&#10;        at java.util.concurrent.locks.AbstractQueuedSynchronizer$ConditionObject.await(AbstractQueuedSynchronizer.java:2039)&#10;        at java.util.concurrent.ArrayBlockingQueue.take(ArrayBlockingQueue.java:403)&#10;        at java.util.concurrent.ThreadPoolExecutor.getTask(ThreadPoolExecutor.java:1074)&#10;        at java.util.concurrent.ThreadPoolExecutor.runWorker(ThreadPoolExecutor.java:1134)&#10;        at java.util.concurrent.ThreadPoolExecutor$Worker.run(ThreadPoolExecutor.java:624)&#10;        at java.lang.Thread.run(Thread.java:748)&#10;&quot;org.eclipse.jetty.server.session.HashSessionManager@7e6156e9Timer&quot; daemon prio=5 tid=1159 timed_waiting&#10;java.lang.Thread.State: TIMED_WAITING&#10;        at sun.misc.Unsafe.park(Native Method)&#10;        at java.util.concurrent.locks.LockSupport.parkNanos(LockSupport.java:215)&#10;        at java.util.concurrent.locks.AbstractQueuedSynchronizer$ConditionObject.awaitNanos(AbstractQueuedSynchronizer.java:2078)&#10;        at java.util.concurrent.ScheduledThreadPoolExecutor$DelayedWorkQueue.take(ScheduledThreadPoolExecutor.java:1093)&#10;        at java.util.concurrent.ScheduledThreadPoolExecutor$DelayedWorkQueue.take(ScheduledThreadPoolExecutor.java:809)&#10;        at java.util.concurrent.ThreadPoolExecutor.getTask(ThreadPoolExecutor.java:1074)&#10;        at java.util.concurrent.ThreadPoolExecutor.runWorker(ThreadPoolExecutor.java:1134)&#10;        at java.util.concurrent.ThreadPoolExecutor$Worker.run(ThreadPoolExecutor.java:624)&#10;        at java.lang.Thread.run(Thread.java:748)&#10;&quot;IPC Server handler 18 on 38131&quot; daemon prio=5 tid=1149 timed_waiting&#10;java.lang.Thread.State: TIMED_WAITING&#10;        at sun.misc.Unsafe.park(Native Method)&#10;        at java.util.concurrent.locks.LockSupport.parkNanos(LockSupport.java:215)&#10;        at java.util.concurrent.locks.AbstractQueuedSynchronizer$ConditionObject.awaitNanos(AbstractQueuedSynchronizer.java:2078)&#10;        at java.util.concurrent.LinkedBlockingQueue.poll(LinkedBlockingQueue.java:467)&#10;        at org.apache.hadoop.ipc.CallQueueManager.take(CallQueueManager.java:288)&#10;        at org.apache.hadoop.ipc.Server$Handler.run(Server.java:2668)&#10;&quot;metrics-hadoop-metrics2-reporter-31-thread-1&quot; daemon prio=5 tid=783 timed_waiting&#10;java.lang.Thread.State: TIMED_WAITING&#10;        at sun.misc.Unsafe.park(Native Method)&#10;        at java.util.concurrent.locks.LockSupport.parkNanos(LockSupport.java:215)&#10;        at java.util.concurrent.locks.AbstractQueuedSynchronizer$ConditionObject.awaitNanos(AbstractQueuedSynchronizer.java:2078)&#10;        at java.util.concurrent.ScheduledThreadPoolExecutor$DelayedWorkQueue.take(ScheduledThreadPoolExecutor.java:1093)&#10;        at java.util.concurrent.ScheduledThreadPoolExecutor$DelayedWorkQueue.take(ScheduledThreadPoolExecutor.java:809)&#10;        at java.util.concurrent.ThreadPoolExecutor.getTask(ThreadPoolExecutor.java:1074)&#10;        at java.util.concurrent.ThreadPoolExecutor.runWorker(ThreadPoolExecutor.java:1134)&#10;        at java.util.concurrent.ThreadPoolExecutor$Worker.run(ThreadPoolExecutor.java:624)&#10;        at java.lang.Thread.run(Thread.java:748)&#10;&quot;pool-158-thread-40&quot;  prio=5 tid=1864 in Object.wait()&#10;java.lang.Thread.State: WAITING (on object monitor)&#10;        at sun.misc.Unsafe.park(Native Method)&#10;        at java.util.concurrent.locks.LockSupport.park(LockSupport.java:175)&#10;        at java.util.concurrent.locks.AbstractQueuedSynchronizer$ConditionObject.await(AbstractQueuedSynchronizer.java:2039)&#10;        at java.util.concurrent.ArrayBlockingQueue.take(ArrayBlockingQueue.java:403)&#10;        at java.util.concurrent.ThreadPoolExecutor.getTask(ThreadPoolExecutor.java:1074)&#10;        at java.util.concurrent.ThreadPoolExecutor.runWorker(ThreadPoolExecutor.java:1134)&#10;        at java.util.concurrent.ThreadPoolExecutor$Worker.run(ThreadPoolExecutor.java:624)&#10;        at java.lang.Thread.run(Thread.java:748)&#10;&quot;pool-148-thread-27&quot;  prio=5 tid=1774 in Object.wait()&#10;java.lang.Thread.State: WAITING (on object monitor)&#10;        at sun.misc.Unsafe.park(Native Method)&#10;        at java.util.concurrent.locks.LockSupport.park(LockSupport.java:175)&#10;        at java.util.concurrent.locks.AbstractQueuedSynchronizer$ConditionObject.await(AbstractQueuedSynchronizer.java:2039)&#10;        at java.util.concurrent.ArrayBlockingQueue.take(ArrayBlockingQueue.java:403)&#10;        at java.util.concurrent.ThreadPoolExecutor.getTask(ThreadPoolExecutor.java:1074)&#10;        at java.util.concurrent.ThreadPoolExecutor.runWorker(ThreadPoolExecutor.java:1134)&#10;        at java.util.concurrent.ThreadPoolExecutor$Worker.run(ThreadPoolExecutor.java:624)&#10;        at java.lang.Thread.run(Thread.java:748)&#10;&quot;pool-148-thread-54&quot;  prio=5 tid=1801 in Object.wait()&#10;java.lang.Thread.State: WAITING (on object monitor)&#10;        at sun.misc.Unsafe.park(Native Method)&#10;        at java.util.concurrent.locks.LockSupport.park(LockSupport.java:175)&#10;        at java.util.concurrent.locks.AbstractQueuedSynchronizer$ConditionObject.await(AbstractQueuedSynchronizer.java:2039)&#10;        at java.util.concurrent.ArrayBlockingQueue.take(ArrayBlockingQueue.java:403)&#10;        at java.util.concurrent.ThreadPoolExecutor.getTask(ThreadPoolExecutor.java:1074)&#10;        at java.util.concurrent.ThreadPoolExecutor.runWorker(ThreadPoolExecutor.java:1134)&#10;        at java.util.concurrent.ThreadPoolExecutor$Worker.run(ThreadPoolExecutor.java:624)&#10;        at java.lang.Thread.run(Thread.java:748)&#10;&quot;metrics-hadoop-metrics2-reporter-15-thread-1&quot; daemon prio=5 tid=738 timed_waiting&#10;java.lang.Thread.State: TIMED_WAITING&#10;        at sun.misc.Unsafe.park(Native Method)&#10;        at java.util.concurrent.locks.LockSupport.parkNanos(LockSupport.java:215)&#10;        at java.util.concurrent.locks.AbstractQueuedSynchronizer$ConditionObject.awaitNanos(AbstractQueuedSynchronizer.java:2078)&#10;        at java.util.concurrent.ScheduledThreadPoolExecutor$DelayedWorkQueue.take(ScheduledThreadPoolExecutor.java:1093)&#10;        at java.util.concurrent.ScheduledThreadPoolExecutor$DelayedWorkQueue.take(ScheduledThreadPoolExecutor.java:809)&#10;        at java.util.concurrent.ThreadPoolExecutor.getTask(ThreadPoolExecutor.java:1074)&#10;        at java.util.concurrent.ThreadPoolExecutor.runWorker(ThreadPoolExecutor.java:1134)&#10;        at java.util.concurrent.ThreadPoolExecutor$Worker.run(ThreadPoolExecutor.java:624)&#10;        at java.lang.Thread.run(Thread.java:748)&#10;&quot;metrics-hadoop-metrics2-reporter-99-thread-1&quot; daemon prio=5 tid=1537 timed_waiting&#10;java.lang.Thread.State: TIMED_WAITING&#10;        at sun.misc.Unsafe.park(Native Method)&#10;        at java.util.concurrent.locks.LockSupport.parkNanos(LockSupport.java:215)&#10;        at java.util.concurrent.locks.AbstractQueuedSynchronizer$ConditionObject.awaitNanos(AbstractQueuedSynchronizer.java:2078)&#10;        at java.util.concurrent.ScheduledThreadPoolExecutor$DelayedWorkQueue.take(ScheduledThreadPoolExecutor.java:1093)&#10;        at java.util.concurrent.ScheduledThreadPoolExecutor$DelayedWorkQueue.take(ScheduledThreadPoolExecutor.java:809)&#10;        at java.util.concurrent.ThreadPoolExecutor.getTask(ThreadPoolExecutor.java:1074)&#10;        at java.util.concurrent.ThreadPoolExecutor.runWorker(ThreadPoolExecutor.java:1134)&#10;        at java.util.concurrent.ThreadPoolExecutor$Worker.run(ThreadPoolExecutor.java:624)&#10;        at java.lang.Thread.run(Thread.java:748)&#10;&quot;metrics-hadoop-metrics2-reporter-71-thread-1&quot; daemon prio=5 tid=1009 timed_waiting&#10;java.lang.Thread.State: TIMED_WAITING&#10;        at sun.misc.Unsafe.park(Native Method)&#10;        at java.util.concurrent.locks.LockSupport.parkNanos(LockSupport.java:215)&#10;        at java.util.concurrent.locks.AbstractQueuedSynchronizer$ConditionObject.awaitNanos(AbstractQueuedSynchronizer.java:2078)&#10;        at java.util.concurrent.ScheduledThreadPoolExecutor$DelayedWorkQueue.take(ScheduledThreadPoolExecutor.java:1093)&#10;        at java.util.concurrent.ScheduledThreadPoolExecutor$DelayedWorkQueue.take(ScheduledThreadPoolExecutor.java:809)&#10;        at java.util.concurrent.ThreadPoolExecutor.getTask(ThreadPoolExecutor.java:1074)&#10;        at java.util.concurrent.ThreadPoolExecutor.runWorker(ThreadPoolExecutor.java:1134)&#10;        at java.util.concurrent.ThreadPoolExecutor$Worker.run(ThreadPoolExecutor.java:624)&#10;        at java.lang.Thread.run(Thread.java:748)&#10;&quot;pool-148-thread-9&quot;  prio=5 tid=1755 in Object.wait()&#10;java.lang.Thread.State: WAITING (on object monitor)&#10;        at sun.misc.Unsafe.park(Native Method)&#10;        at java.util.concurrent.locks.LockSupport.park(LockSupport.java:175)&#10;        at java.util.concurrent.locks.AbstractQueuedSynchronizer$ConditionObject.await(AbstractQueuedSynchronizer.java:2039)&#10;        at java.util.concurrent.ArrayBlockingQueue.take(ArrayBlockingQueue.java:403)&#10;        at java.util.concurrent.ThreadPoolExecutor.getTask(ThreadPoolExecutor.java:1074)&#10;        at java.util.concurrent.ThreadPoolExecutor.runWorker(ThreadPoolExecutor.java:1134)&#10;        at java.util.concurrent.ThreadPoolExecutor$Worker.run(ThreadPoolExecutor.java:624)&#10;        at java.lang.Thread.run(Thread.java:748)&#10;&quot;pool-158-thread-56&quot;  prio=5 tid=1881 in Object.wait()&#10;java.lang.Thread.State: WAITING (on object monitor)&#10;        at sun.misc.Unsafe.park(Native Method)&#10;        at java.util.concurrent.locks.LockSupport.park(LockSupport.java:175)&#10;        at java.util.concurrent.locks.AbstractQueuedSynchronizer$ConditionObject.await(AbstractQueuedSynchronizer.java:2039)&#10;        at java.util.concurrent.ArrayBlockingQueue.take(ArrayBlockingQueue.java:403)&#10;        at java.util.concurrent.ThreadPoolExecutor.getTask(ThreadPoolExecutor.java:1074)&#10;        at java.util.concurrent.ThreadPoolExecutor.runWorker(ThreadPoolExecutor.java:1134)&#10;        at java.util.concurrent.ThreadPoolExecutor$Worker.run(ThreadPoolExecutor.java:624)&#10;        at java.lang.Thread.run(Thread.java:748)&#10;&quot;Datanode ReportManager Thread - 0&quot; daemon prio=5 tid=1630 timed_waiting&#10;java.lang.Thread.State: TIMED_WAITING&#10;        at sun.misc.Unsafe.park(Native Method)&#10;        at java.util.concurrent.locks.LockSupport.parkNanos(LockSupport.java:215)&#10;        at java.util.concurrent.locks.AbstractQueuedSynchronizer$ConditionObject.awaitNanos(AbstractQueuedSynchronizer.java:2078)&#10;        at java.util.concurrent.ScheduledThreadPoolExecutor$DelayedWorkQueue.take(ScheduledThreadPoolExecutor.java:1093)&#10;        at java.util.concurrent.ScheduledThreadPoolExecutor$DelayedWorkQueue.take(ScheduledThreadPoolExecutor.java:809)&#10;        at java.util.concurrent.ThreadPoolExecutor.getTask(ThreadPoolExecutor.java:1074)&#10;        at java.util.concurrent.ThreadPoolExecutor.runWorker(ThreadPoolExecutor.java:1134)&#10;        at java.util.concurrent.ThreadPoolExecutor$Worker.run(ThreadPoolExecutor.java:624)&#10;        at java.lang.Thread.run(Thread.java:748)&#10;&quot;d612b743-bedc-4c3f-983e-e3329f8a2e6f@group-9F7ECBB45DDD-SegmentedRaftLogWorker&quot;  prio=5 tid=1918 timed_waiting&#10;java.lang.Thread.State: TIMED_WAITING&#10;        at sun.misc.Unsafe.park(Native Method)&#10;        at java.util.concurrent.locks.LockSupport.parkNanos(LockSupport.java:215)&#10;        at java.util.concurrent.locks.AbstractQueuedSynchronizer$ConditionObject.awaitNanos(AbstractQueuedSynchronizer.java:2078)&#10;        at org.apache.ratis.util.DataBlockingQueue.poll(DataBlockingQueue.java:137)&#10;        at org.apache.ratis.server.raftlog.segmented.SegmentedRaftLogWorker.run(SegmentedRaftLogWorker.java:282)&#10;        at java.lang.Thread.run(Thread.java:748)&#10;&quot;Command processor thread&quot; daemon prio=5 tid=1665 timed_waiting&#10;java.lang.Thread.State: TIMED_WAITING&#10;        at java.lang.Thread.sleep(Native Method)&#10;        at org.apache.hadoop.ozone.container.common.statemachine.DatanodeStateMachine.lambda$initCommandHandlerThread$1(DatanodeStateMachine.java:439)&#10;        at org.apache.hadoop.ozone.container.common.statemachine.DatanodeStateMachine$$Lambda$141/1256566937.run(Unknown Source)&#10;        at java.lang.Thread.run(Thread.java:748)&#10;&quot;pool-158-thread-9&quot;  prio=5 tid=1833 in Object.wait()&#10;java.lang.Thread.State: WAITING (on object monitor)&#10;        at sun.misc.Unsafe.park(Native Method)&#10;        at java.util.concurrent.locks.LockSupport.park(LockSupport.java:175)&#10;        at java.util.concurrent.locks.AbstractQueuedSynchronizer$ConditionObject.await(AbstractQueuedSynchronizer.java:2039)&#10;        at java.util.concurrent.ArrayBlockingQueue.take(ArrayBlockingQueue.java:403)&#10;        at java.util.concurrent.ThreadPoolExecutor.getTask(ThreadPoolExecutor.java:1074)&#10;        at java.util.concurrent.ThreadPoolExecutor.runWorker(ThreadPoolExecutor.java:1134)&#10;        at java.util.concurrent.ThreadPoolExecutor$Worker.run(ThreadPoolExecutor.java:624)&#10;        at java.lang.Thread.run(Thread.java:748)&#10;&quot;metrics-hadoop-metrics2-reporter-50-thread-1&quot; daemon prio=5 tid=854 timed_waiting&#10;java.lang.Thread.State: TIMED_WAITING&#10;        at sun.misc.Unsafe.park(Native Method)&#10;        at java.util.concurrent.locks.LockSupport.parkNanos(LockSupport.java:215)&#10;        at java.util.concurrent.locks.AbstractQueuedSynchronizer$ConditionObject.awaitNanos(AbstractQueuedSynchronizer.java:2078)&#10;        at java.util.concurrent.ScheduledThreadPoolExecutor$DelayedWorkQueue.take(ScheduledThreadPoolExecutor.java:1093)&#10;        at java.util.concurrent.ScheduledThreadPoolExecutor$DelayedWorkQueue.take(ScheduledThreadPoolExecutor.java:809)&#10;        at java.util.concurrent.ThreadPoolExecutor.getTask(ThreadPoolExecutor.java:1074)&#10;        at java.util.concurrent.ThreadPoolExecutor.runWorker(ThreadPoolExecutor.java:1134)&#10;        at java.util.concurrent.ThreadPoolExecutor$Worker.run(ThreadPoolExecutor.java:624)&#10;        at java.lang.Thread.run(Thread.java:748)&#10;&quot;metrics-hadoop-metrics2-reporter-66-thread-1&quot; daemon prio=5 tid=990 timed_waiting&#10;java.lang.Thread.State: TIMED_WAITING&#10;        at sun.misc.Unsafe.park(Native Method)&#10;        at java.util.concurrent.locks.LockSupport.parkNanos(LockSupport.java:215)&#10;        at java.util.concurrent.locks.AbstractQueuedSynchronizer$ConditionObject.awaitNanos(AbstractQueuedSynchronizer.java:2078)&#10;        at java.util.concurrent.ScheduledThreadPoolExecutor$DelayedWorkQueue.take(ScheduledThreadPoolExecutor.java:1093)&#10;        at java.util.concurrent.ScheduledThreadPoolExecutor$DelayedWorkQueue.take(ScheduledThreadPoolExecutor.java:809)&#10;        at java.util.concurrent.ThreadPoolExecutor.getTask(ThreadPoolExecutor.java:1074)&#10;        at java.util.concurrent.ThreadPoolExecutor.runWorker(ThreadPoolExecutor.java:1134)&#10;        at java.util.concurrent.ThreadPoolExecutor$Worker.run(ThreadPoolExecutor.java:624)&#10;        at java.lang.Thread.run(Thread.java:748)&#10;&quot;pool-148-thread-10&quot;  prio=5 tid=1756 in Object.wait()&#10;java.lang.Thread.State: WAITING (on object monitor)&#10;        at sun.misc.Unsafe.park(Native Method)&#10;        at java.util.concurrent.locks.LockSupport.park(LockSupport.java:175)&#10;        at java.util.concurrent.locks.AbstractQueuedSynchronizer$ConditionObject.await(AbstractQueuedSynchronizer.java:2039)&#10;        at java.util.concurrent.ArrayBlockingQueue.take(ArrayBlockingQueue.java:403)&#10;        at java.util.concurrent.ThreadPoolExecutor.getTask(ThreadPoolExecutor.java:1074)&#10;        at java.util.concurrent.ThreadPoolExecutor.runWorker(ThreadPoolExecutor.java:1134)&#10;        at java.util.concurrent.ThreadPoolExecutor$Worker.run(ThreadPoolExecutor.java:624)&#10;        at java.lang.Thread.run(Thread.java:748)&#10;&quot;46069bd9-45fc-4c82-823c-36f07a1bcff0@group-EDF575672A97-SegmentedRaftLogWorker&quot;  prio=5 tid=1624 timed_waiting&#10;java.lang.Thread.State: TIMED_WAITING&#10;        at sun.misc.Unsafe.park(Native Method)&#10;        at java.util.concurrent.locks.LockSupport.parkNanos(LockSupport.java:215)&#10;        at java.util.concurrent.locks.AbstractQueuedSynchronizer$ConditionObject.awaitNanos(AbstractQueuedSynchronizer.java:2078)&#10;        at org.apache.ratis.util.DataBlockingQueue.poll(DataBlockingQueue.java:137)&#10;        at org.apache.ratis.server.raftlog.segmented.SegmentedRaftLogWorker.run(SegmentedRaftLogWorker.java:282)&#10;        at java.lang.Thread.run(Thread.java:748)&#10;&quot;IPC Client (1274846200) connection to /0.0.0.0:38131 from jenkins1000&quot; daemon prio=5 tid=1287 timed_waiting&#10;java.lang.Thread.State: TIMED_WAITING&#10;        at java.lang.Object.wait(Native Method)&#10;        at org.apache.hadoop.ipc.Client$Connection.waitForWork(Client.java:1024)&#10;        at org.apache.hadoop.ipc.Client$Connection.run(Client.java:1068)&#10;&quot;metrics-hadoop-metrics2-reporter-62-thread-1&quot; daemon prio=5 tid=968 timed_waiting&#10;java.lang.Thread.State: TIMED_WAITING&#10;        at sun.misc.Unsafe.park(Native Method)&#10;        at java.util.concurrent.locks.LockSupport.parkNanos(LockSupport.java:215)&#10;        at java.util.concurrent.locks.AbstractQueuedSynchronizer$ConditionObject.awaitNanos(AbstractQueuedSynchronizer.java:2078)&#10;        at java.util.concurrent.ScheduledThreadPoolExecutor$DelayedWorkQueue.take(ScheduledThreadPoolExecutor.java:1093)&#10;        at java.util.concurrent.ScheduledThreadPoolExecutor$DelayedWorkQueue.take(ScheduledThreadPoolExecutor.java:809)&#10;        at java.util.concurrent.ThreadPoolExecutor.getTask(ThreadPoolExecutor.java:1074)&#10;        at java.util.concurrent.ThreadPoolExecutor.runWorker(ThreadPoolExecutor.java:1134)&#10;        at java.util.concurrent.ThreadPoolExecutor$Worker.run(ThreadPoolExecutor.java:624)&#10;        at java.lang.Thread.run(Thread.java:748)&#10;&quot;metrics-hadoop-metrics2-reporter-117-thread-1&quot; daemon prio=5 tid=1941 timed_waiting&#10;java.lang.Thread.State: TIMED_WAITING&#10;        at sun.misc.Unsafe.park(Native Method)&#10;        at java.util.concurrent.locks.LockSupport.parkNanos(LockSupport.java:215)&#10;        at java.util.concurrent.locks.AbstractQueuedSynchronizer$ConditionObject.awaitNanos(AbstractQueuedSynchronizer.java:2078)&#10;        at java.util.concurrent.ScheduledThreadPoolExecutor$DelayedWorkQueue.take(ScheduledThreadPoolExecutor.java:1093)&#10;        at java.util.concurrent.ScheduledThreadPoolExecutor$DelayedWorkQueue.take(ScheduledThreadPoolExecutor.java:809)&#10;        at java.util.concurrent.ThreadPoolExecutor.getTask(ThreadPoolExecutor.java:1074)&#10;        at java.util.concurrent.ThreadPoolExecutor.runWorker(ThreadPoolExecutor.java:1134)&#10;        at java.util.concurrent.ThreadPoolExecutor$Worker.run(ThreadPoolExecutor.java:624)&#10;        at java.lang.Thread.run(Thread.java:748)&#10;&quot;IPC Server Responder&quot; daemon prio=5 tid=1083 runnable&#10;java.lang.Thread.State: RUNNABLE&#10;        at sun.nio.ch.EPollArrayWrapper.epollWait(Native Method)&#10;        at sun.nio.ch.EPollArrayWrapper.poll(EPollArrayWrapper.java:269)&#10;        at sun.nio.ch.EPollSelectorImpl.doSelect(EPollSelectorImpl.java:93)&#10;        at sun.nio.ch.SelectorImpl.lockAndDoSelect(SelectorImpl.java:86)&#10;        at sun.nio.ch.SelectorImpl.select(SelectorImpl.java:97)&#10;        at org.apache.hadoop.ipc.Server$Responder.doRunLoop(Server.java:1334)&#10;        at org.apache.hadoop.ipc.Server$Responder.run(Server.java:1317)&#10;&quot;metrics-hadoop-metrics2-reporter-103-thread-1&quot; daemon prio=5 tid=1553 timed_waiting&#10;java.lang.Thread.State: TIMED_WAITING&#10;        at sun.misc.Unsafe.park(Native Method)&#10;        at java.util.concurrent.locks.LockSupport.parkNanos(LockSupport.java:215)&#10;        at java.util.concurrent.locks.AbstractQueuedSynchronizer$ConditionObject.awaitNanos(AbstractQueuedSynchronizer.java:2078)&#10;        at java.util.concurrent.ScheduledThreadPoolExecutor$DelayedWorkQueue.take(ScheduledThreadPoolExecutor.java:1093)&#10;        at java.util.concurrent.ScheduledThreadPoolExecutor$DelayedWorkQueue.take(ScheduledThreadPoolExecutor.java:809)&#10;        at java.util.concurrent.ThreadPoolExecutor.getTask(ThreadPoolExecutor.java:1074)&#10;        at java.util.concurrent.ThreadPoolExecutor.runWorker(ThreadPoolExecutor.java:1134)&#10;        at java.util.concurrent.ThreadPoolExecutor$Worker.run(ThreadPoolExecutor.java:624)&#10;        at java.lang.Thread.run(Thread.java:748)&#10;&quot;metrics-hadoop-metrics2-reporter-6-thread-1&quot; daemon prio=5 tid=718 timed_waiting&#10;java.lang.Thread.State: TIMED_WAITING&#10;        at sun.misc.Unsafe.park(Native Method)&#10;        at java.util.concurrent.locks.LockSupport.parkNanos(LockSupport.java:215)&#10;        at java.util.concurrent.locks.AbstractQueuedSynchronizer$ConditionObject.awaitNanos(AbstractQueuedSynchronizer.java:2078)&#10;        at java.util.concurrent.ScheduledThreadPoolExecutor$DelayedWorkQueue.take(ScheduledThreadPoolExecutor.java:1093)&#10;        at java.util.concurrent.ScheduledThreadPoolExecutor$DelayedWorkQueue.take(ScheduledThreadPoolExecutor.java:809)&#10;        at java.util.concurrent.ThreadPoolExecutor.getTask(ThreadPoolExecutor.java:1074)&#10;        at java.util.concurrent.ThreadPoolExecutor.runWorker(ThreadPoolExecutor.java:1134)&#10;        at java.util.concurrent.ThreadPoolExecutor$Worker.run(ThreadPoolExecutor.java:624)&#10;        at java.lang.Thread.run(Thread.java:748)&#10;&quot;pool-138-thread-7&quot;  prio=5 tid=1678 in Object.wait()&#10;java.lang.Thread.State: WAITING (on object monitor)&#10;        at sun.misc.Unsafe.park(Native Method)&#10;        at java.util.concurrent.locks.LockSupport.park(LockSupport.java:175)&#10;        at java.util.concurrent.locks.AbstractQueuedSynchronizer$ConditionObject.await(AbstractQueuedSynchronizer.java:2039)&#10;        at java.util.concurrent.ArrayBlockingQueue.take(ArrayBlockingQueue.java:403)&#10;        at java.util.concurrent.ThreadPoolExecutor.getTask(ThreadPoolExecutor.java:1074)&#10;        at java.util.concurrent.ThreadPoolExecutor.runWorker(ThreadPoolExecutor.java:1134)&#10;        at java.util.concurrent.ThreadPoolExecutor$Worker.run(ThreadPoolExecutor.java:624)&#10;        at java.lang.Thread.run(Thread.java:748)&#10;&quot;pool-138-thread-60&quot;  prio=5 tid=1731 in Object.wait()&#10;java.lang.Thread.State: WAITING (on object monitor)&#10;        at sun.misc.Unsafe.park(Native Method)&#10;        at java.util.concurrent.locks.LockSupport.park(LockSupport.java:175)&#10;        at java.util.concurrent.locks.AbstractQueuedSynchronizer$ConditionObject.await(AbstractQueuedSynchronizer.java:2039)&#10;        at java.util.concurrent.ArrayBlockingQueue.take(ArrayBlockingQueue.java:403)&#10;        at java.util.concurrent.ThreadPoolExecutor.getTask(ThreadPoolExecutor.java:1074)&#10;        at java.util.concurrent.ThreadPoolExecutor.runWorker(ThreadPoolExecutor.java:1134)&#10;        at java.util.concurrent.ThreadPoolExecutor$Worker.run(ThreadPoolExecutor.java:624)&#10;        at java.lang.Thread.run(Thread.java:748)&#10;&quot;pool-149-thread-1&quot;  prio=5 tid=1611 in Object.wait()&#10;java.lang.Thread.State: WAITING (on object monitor)&#10;        at sun.misc.Unsafe.park(Native Method)&#10;        at java.util.concurrent.locks.LockSupport.park(LockSupport.java:175)&#10;        at java.util.concurrent.locks.AbstractQueuedSynchronizer$ConditionObject.await(AbstractQueuedSynchronizer.java:2039)&#10;        at java.util.concurrent.LinkedBlockingQueue.take(LinkedBlockingQueue.java:442)&#10;        at java.util.concurrent.ThreadPoolExecutor.getTask(ThreadPoolExecutor.java:1074)&#10;        at java.util.concurrent.ThreadPoolExecutor.runWorker(ThreadPoolExecutor.java:1134)&#10;        at java.util.concurrent.ThreadPoolExecutor$Worker.run(ThreadPoolExecutor.java:624)&#10;        at java.lang.Thread.run(Thread.java:748)&#10;&quot;org.apache.hadoop.util.JvmPauseMonitor$Monitor@5d5d5de4&quot; daemon prio=5 tid=1163 timed_waiting&#10;java.lang.Thread.State: TIMED_WAITING&#10;        at java.lang.Thread.sleep(Native Method)&#10;        at org.apache.hadoop.util.JvmPauseMonitor$Monitor.run(JvmPauseMonitor.java:192)&#10;        at java.lang.Thread.run(Thread.java:748)&#10;&quot;Socket Reader #1 for port 46609&quot;  prio=5 tid=1085 runnable&#10;java.lang.Thread.State: RUNNABLE&#10;        at sun.nio.ch.EPollArrayWrapper.epollWait(Native Method)&#10;        at sun.nio.ch.EPollArrayWrapper.poll(EPollArrayWrapper.java:269)&#10;        at sun.nio.ch.EPollSelectorImpl.doSelect(EPollSelectorImpl.java:93)&#10;        at sun.nio.ch.SelectorImpl.lockAndDoSelect(SelectorImpl.java:86)&#10;        at sun.nio.ch.SelectorImpl.select(SelectorImpl.java:97)&#10;        at sun.nio.ch.SelectorImpl.select(SelectorImpl.java:101)&#10;        at org.apache.hadoop.ipc.Server$Listener$Reader.doRunLoop(Server.java:1097)&#10;        at org.apache.hadoop.ipc.Server$Listener$Reader.run(Server.java:1076)&#10;&quot;metrics-hadoop-metrics2-reporter-108-thread-1&quot; daemon prio=5 tid=1911 timed_waiting&#10;java.lang.Thread.State: TIMED_WAITING&#10;        at sun.misc.Unsafe.park(Native Method)&#10;        at java.util.concurrent.locks.LockSupport.parkNanos(LockSupport.java:215)&#10;        at java.util.concurrent.locks.AbstractQueuedSynchronizer$ConditionObject.awaitNanos(AbstractQueuedSynchronizer.java:2078)&#10;        at java.util.concurrent.ScheduledThreadPoolExecutor$DelayedWorkQueue.take(ScheduledThreadPoolExecutor.java:1093)&#10;        at java.util.concurrent.ScheduledThreadPoolExecutor$DelayedWorkQueue.take(ScheduledThreadPoolExecutor.java:809)&#10;        at java.util.concurrent.ThreadPoolExecutor.getTask(ThreadPoolExecutor.java:1074)&#10;        at java.util.concurrent.ThreadPoolExecutor.runWorker(ThreadPoolExecutor.java:1134)&#10;        at java.util.concurrent.ThreadPoolExecutor$Worker.run(ThreadPoolExecutor.java:624)&#10;        at java.lang.Thread.run(Thread.java:748)&#10;&quot;pool-138-thread-15&quot;  prio=5 tid=1686 in Object.wait()&#10;java.lang.Thread.State: WAITING (on object monitor)&#10;        at sun.misc.Unsafe.park(Native Method)&#10;        at java.util.concurrent.locks.LockSupport.park(LockSupport.java:175)&#10;        at java.util.concurrent.locks.AbstractQueuedSynchronizer$ConditionObject.await(AbstractQueuedSynchronizer.java:2039)&#10;        at java.util.concurrent.ArrayBlockingQueue.take(ArrayBlockingQueue.java:403)&#10;        at java.util.concurrent.ThreadPoolExecutor.getTask(ThreadPoolExecutor.java:1074)&#10;        at java.util.concurrent.ThreadPoolExecutor.runWorker(ThreadPoolExecutor.java:1134)&#10;        at java.util.concurrent.ThreadPoolExecutor$Worker.run(ThreadPoolExecutor.java:624)&#10;        at java.lang.Thread.run(Thread.java:748)&#10;&quot;IPC Server handler 7 on 45184&quot; daemon prio=5 tid=1181 timed_waiting&#10;java.lang.Thread.State: TIMED_WAITING&#10;        at sun.misc.Unsafe.park(Native Method)&#10;        at java.util.concurrent.locks.LockSupport.parkNanos(LockSupport.java:215)&#10;        at java.util.concurrent.locks.AbstractQueuedSynchronizer$ConditionObject.awaitNanos(AbstractQueuedSynchronizer.java:2078)&#10;        at java.util.concurrent.LinkedBlockingQueue.poll(LinkedBlockingQueue.java:467)&#10;        at org.apache.hadoop.ipc.CallQueueManager.take(CallQueueManager.java:288)&#10;        at org.apache.hadoop.ipc.Server$Handler.run(Server.java:2668)&#10;&quot;d612b743-bedc-4c3f-983e-e3329f8a2e6f@group-9F7ECBB45DDD-StateMachineUpdater&quot; daemon prio=5 tid=1919 in Object.wait()&#10;java.lang.Thread.State: WAITING (on object monitor)&#10;        at java.lang.Object.wait(Native Method)&#10;        at java.lang.Object.wait(Object.java:502)&#10;        at org.apache.ratis.server.impl.StateMachineUpdater.waitForCommit(StateMachineUpdater.java:194)&#10;        at org.apache.ratis.server.impl.StateMachineUpdater.run(StateMachineUpdater.java:159)&#10;        at java.lang.Thread.run(Thread.java:748)&#10;&quot;pool-148-thread-8&quot;  prio=5 tid=1754 in Object.wait()&#10;java.lang.Thread.State: WAITING (on object monitor)&#10;        at sun.misc.Unsafe.park(Native Method)&#10;        at java.util.concurrent.locks.LockSupport.park(LockSupport.java:175)&#10;        at java.util.concurrent.locks.AbstractQueuedSynchronizer$ConditionObject.await(AbstractQueuedSynchronizer.java:2039)&#10;        at java.util.concurrent.ArrayBlockingQueue.take(ArrayBlockingQueue.java:403)&#10;        at java.util.concurrent.ThreadPoolExecutor.getTask(ThreadPoolExecutor.java:1074)&#10;        at java.util.concurrent.ThreadPoolExecutor.runWorker(ThreadPoolExecutor.java:1134)&#10;        at java.util.concurrent.ThreadPoolExecutor$Worker.run(ThreadPoolExecutor.java:624)&#10;        at java.lang.Thread.run(Thread.java:748)&#10;&quot;pool-148-thread-22&quot;  prio=5 tid=1769 in Object.wait()&#10;java.lang.Thread.State: WAITING (on object monitor)&#10;        at sun.misc.Unsafe.park(Native Method)&#10;        at java.util.concurrent.locks.LockSupport.park(LockSupport.java:175)&#10;        at java.util.concurrent.locks.AbstractQueuedSynchronizer$ConditionObject.await(AbstractQueuedSynchronizer.java:2039)&#10;        at java.util.concurrent.ArrayBlockingQueue.take(ArrayBlockingQueue.java:403)&#10;        at java.util.concurrent.ThreadPoolExecutor.getTask(ThreadPoolExecutor.java:1074)&#10;        at java.util.concurrent.ThreadPoolExecutor.runWorker(ThreadPoolExecutor.java:1134)&#10;        at java.util.concurrent.ThreadPoolExecutor$Worker.run(ThreadPoolExecutor.java:624)&#10;        at java.lang.Thread.run(Thread.java:748)&#10;&quot;refreshUsed-/workdir/hadoop-ozone/integration-test/target/test-dir/MiniOzoneClusterImpl-d661fb9f-1fa9-4d83-aa41-108be3044330/datanode-2/data/containers&quot; daemon prio=5 tid=1639 timed_waiting&#10;java.lang.Thread.State: TIMED_WAITING&#10;        at java.lang.Thread.sleep(Native Method)&#10;        at org.apache.hadoop.fs.CachingGetSpaceUsed$RefreshThread.run(CachingGetSpaceUsed.java:179)&#10;        at java.lang.Thread.run(Thread.java:748)&#10;&quot;Periodic HDDS volume checker&quot;  prio=5 tid=1638 timed_waiting&#10;java.lang.Thread.State: TIMED_WAITING&#10;        at sun.misc.Unsafe.park(Native Method)&#10;        at java.util.concurrent.locks.LockSupport.parkNanos(LockSupport.java:215)&#10;        at java.util.concurrent.locks.AbstractQueuedSynchronizer$ConditionObject.awaitNanos(AbstractQueuedSynchronizer.java:2078)&#10;        at java.util.concurrent.ScheduledThreadPoolExecutor$DelayedWorkQueue.take(ScheduledThreadPoolExecutor.java:1093)&#10;        at java.util.concurrent.ScheduledThreadPoolExecutor$DelayedWorkQueue.take(ScheduledThreadPoolExecutor.java:809)&#10;        at java.util.concurrent.ThreadPoolExecutor.getTask(ThreadPoolExecutor.java:1074)&#10;        at java.util.concurrent.ThreadPoolExecutor.runWorker(ThreadPoolExecutor.java:1134)&#10;        at java.util.concurrent.ThreadPoolExecutor$Worker.run(ThreadPoolExecutor.java:624)&#10;        at java.lang.Thread.run(Thread.java:748)&#10;&quot;pool-138-thread-50&quot;  prio=5 tid=1721 in Object.wait()&#10;java.lang.Thread.State: WAITING (on object monitor)&#10;        at sun.misc.Unsafe.park(Native Method)&#10;        at java.util.concurrent.locks.LockSupport.park(LockSupport.java:175)&#10;        at java.util.concurrent.locks.AbstractQueuedSynchronizer$ConditionObject.await(AbstractQueuedSynchronizer.java:2039)&#10;        at java.util.concurrent.ArrayBlockingQueue.take(ArrayBlockingQueue.java:403)&#10;        at java.util.concurrent.ThreadPoolExecutor.getTask(ThreadPoolExecutor.java:1074)&#10;        at java.util.concurrent.ThreadPoolExecutor.runWorker(ThreadPoolExecutor.java:1134)&#10;        at java.util.concurrent.ThreadPoolExecutor$Worker.run(ThreadPoolExecutor.java:624)&#10;        at java.lang.Thread.run(Thread.java:748)&#10;&quot;metrics-hadoop-metrics2-reporter-25-thread-1&quot; daemon prio=5 tid=763 timed_waiting&#10;java.lang.Thread.State: TIMED_WAITING&#10;        at sun.misc.Unsafe.park(Native Method)&#10;        at java.util.concurrent.locks.LockSupport.parkNanos(LockSupport.java:215)&#10;        at java.util.concurrent.locks.AbstractQueuedSynchronizer$ConditionObject.awaitNanos(AbstractQueuedSynchronizer.java:2078)&#10;        at java.util.concurrent.ScheduledThreadPoolExecutor$DelayedWorkQueue.take(ScheduledThreadPoolExecutor.java:1093)&#10;        at java.util.concurrent.ScheduledThreadPoolExecutor$DelayedWorkQueue.take(ScheduledThreadPoolExecutor.java:809)&#10;        at java.util.concurrent.ThreadPoolExecutor.getTask(ThreadPoolExecutor.java:1074)&#10;        at java.util.concurrent.ThreadPoolExecutor.runWorker(ThreadPoolExecutor.java:1134)&#10;        at java.util.concurrent.ThreadPoolExecutor$Worker.run(ThreadPoolExecutor.java:624)&#10;        at java.lang.Thread.run(Thread.java:748)&#10;&quot;metrics-hadoop-metrics2-reporter-39-thread-1&quot; daemon prio=5 tid=808 timed_waiting&#10;java.lang.Thread.State: TIMED_WAITING&#10;        at sun.misc.Unsafe.park(Native Method)&#10;        at java.util.concurrent.locks.LockSupport.parkNanos(LockSupport.java:215)&#10;        at java.util.concurrent.locks.AbstractQueuedSynchronizer$ConditionObject.awaitNanos(AbstractQueuedSynchronizer.java:2078)&#10;        at java.util.concurrent.ScheduledThreadPoolExecutor$DelayedWorkQueue.take(ScheduledThreadPoolExecutor.java:1093)&#10;        at java.util.concurrent.ScheduledThreadPoolExecutor$DelayedWorkQueue.take(ScheduledThreadPoolExecutor.java:809)&#10;        at java.util.concurrent.ThreadPoolExecutor.getTask(ThreadPoolExecutor.java:1074)&#10;        at java.util.concurrent.ThreadPoolExecutor.runWorker(ThreadPoolExecutor.java:1134)&#10;        at java.util.concurrent.ThreadPoolExecutor$Worker.run(ThreadPoolExecutor.java:624)&#10;        at java.lang.Thread.run(Thread.java:748)&#10;&quot;metrics-hadoop-metrics2-reporter-5-thread-1&quot; daemon prio=5 tid=714 timed_waiting&#10;java.lang.Thread.State: TIMED_WAITING&#10;        at sun.misc.Unsafe.park(Native Method)&#10;        at java.util.concurrent.locks.LockSupport.parkNanos(LockSupport.java:215)&#10;        at java.util.concurrent.locks.AbstractQueuedSynchronizer$ConditionObject.awaitNanos(AbstractQueuedSynchronizer.java:2078)&#10;        at java.util.concurrent.ScheduledThreadPoolExecutor$DelayedWorkQueue.take(ScheduledThreadPoolExecutor.java:1093)&#10;        at java.util.concurrent.ScheduledThreadPoolExecutor$DelayedWorkQueue.take(ScheduledThreadPoolExecutor.java:809)&#10;        at java.util.concurrent.ThreadPoolExecutor.getTask(ThreadPoolExecutor.java:1074)&#10;        at java.util.concurrent.ThreadPoolExecutor.runWorker(ThreadPoolExecutor.java:1134)&#10;        at java.util.concurrent.ThreadPoolExecutor$Worker.run(ThreadPoolExecutor.java:624)&#10;        at java.lang.Thread.run(Thread.java:748)&#10;&quot;IPC Server handler 8 on 38131&quot; daemon prio=5 tid=1139 timed_waiting&#10;java.lang.Thread.State: TIMED_WAITING&#10;        at sun.misc.Unsafe.park(Native Method)&#10;        at java.util.concurrent.locks.LockSupport.parkNanos(LockSupport.java:215)&#10;        at java.util.concurrent.locks.AbstractQueuedSynchronizer$ConditionObject.awaitNanos(AbstractQueuedSynchronizer.java:2078)&#10;        at java.util.concurrent.LinkedBlockingQueue.poll(LinkedBlockingQueue.java:467)&#10;        at org.apache.hadoop.ipc.CallQueueManager.take(CallQueueManager.java:288)&#10;        at org.apache.hadoop.ipc.Server$Handler.run(Server.java:2668)&#10;&quot;qtp1410488616-1198&quot; daemon prio=5 tid=1198 timed_waiting&#10;java.lang.Thread.State: TIMED_WAITING&#10;        at sun.misc.Unsafe.park(Native Method)&#10;        at java.util.concurrent.locks.LockSupport.parkNanos(LockSupport.java:215)&#10;        at java.util.concurrent.locks.AbstractQueuedSynchronizer$ConditionObject.awaitNanos(AbstractQueuedSynchronizer.java:2078)&#10;        at org.eclipse.jetty.util.BlockingArrayQueue.poll(BlockingArrayQueue.java:392)&#10;        at org.eclipse.jetty.util.thread.QueuedThreadPool.idleJobPoll(QueuedThreadPool.java:563)&#10;        at org.eclipse.jetty.util.thread.QueuedThreadPool.access$800(QueuedThreadPool.java:48)&#10;        at org.eclipse.jetty.util.thread.QueuedThreadPool$2.run(QueuedThreadPool.java:626)&#10;        at java.lang.Thread.run(Thread.java:748)&#10;&quot;qtp1025473693-1156&quot; daemon prio=5 tid=1156 timed_waiting&#10;java.lang.Thread.State: TIMED_WAITING&#10;        at sun.misc.Unsafe.park(Native Method)&#10;        at java.util.concurrent.locks.LockSupport.parkNanos(LockSupport.java:215)&#10;        at java.util.concurrent.locks.AbstractQueuedSynchronizer$ConditionObject.awaitNanos(AbstractQueuedSynchronizer.java:2078)&#10;        at org.eclipse.jetty.util.BlockingArrayQueue.poll(BlockingArrayQueue.java:392)&#10;        at org.eclipse.jetty.util.thread.QueuedThreadPool.idleJobPoll(QueuedThreadPool.java:563)&#10;        at org.eclipse.jetty.util.thread.QueuedThreadPool.access$800(QueuedThreadPool.java:48)&#10;        at org.eclipse.jetty.util.thread.QueuedThreadPool$2.run(QueuedThreadPool.java:626)&#10;        at java.lang.Thread.run(Thread.java:748)&#10;&quot;surefire-forkedjvm-ping-30s&quot; daemon prio=5 tid=9 timed_waiting&#10;java.lang.Thread.State: TIMED_WAITING&#10;        at sun.misc.Unsafe.park(Native Method)&#10;        at java.util.concurrent.locks.LockSupport.parkNanos(LockSupport.java:215)&#10;        at java.util.concurrent.locks.AbstractQueuedSynchronizer$ConditionObject.awaitNanos(AbstractQueuedSynchronizer.java:2078)&#10;        at java.util.concurrent.ScheduledThreadPoolExecutor$DelayedWorkQueue.take(ScheduledThreadPoolExecutor.java:1093)&#10;        at java.util.concurrent.ScheduledThreadPoolExecutor$DelayedWorkQueue.take(ScheduledThreadPoolExecutor.java:809)&#10;        at java.util.concurrent.ThreadPoolExecutor.getTask(ThreadPoolExecutor.java:1074)&#10;        at java.util.concurrent.ThreadPoolExecutor.runWorker(ThreadPoolExecutor.java:1134)&#10;        at java.util.concurrent.ThreadPoolExecutor$Worker.run(ThreadPoolExecutor.java:624)&#10;        at java.lang.Thread.run(Thread.java:748)&#10;&quot;Datanode ReportManager Thread - 2&quot; daemon prio=5 tid=255 timed_waiting&#10;java.lang.Thread.State: TIMED_WAITING&#10;        at sun.misc.Unsafe.park(Native Method)&#10;        at java.util.concurrent.locks.LockSupport.parkNanos(LockSupport.java:215)&#10;        at java.util.concurrent.locks.AbstractQueuedSynchronizer$ConditionObject.awaitNanos(AbstractQueuedSynchronizer.java:2078)&#10;        at java.util.concurrent.ScheduledThreadPoolExecutor$DelayedWorkQueue.take(ScheduledThreadPoolExecutor.java:1093)&#10;        at java.util.concurrent.ScheduledThreadPoolExecutor$DelayedWorkQueue.take(ScheduledThreadPoolExecutor.java:809)&#10;        at java.util.concurrent.ThreadPoolExecutor.getTask(ThreadPoolExecutor.java:1074)&#10;        at java.util.concurrent.ThreadPoolExecutor.runWorker(ThreadPoolExecutor.java:1134)&#10;        at java.util.concurrent.ThreadPoolExecutor$Worker.run(ThreadPoolExecutor.java:624)&#10;        at java.lang.Thread.run(Thread.java:748)&#10;&quot;pool-148-thread-42&quot;  prio=5 tid=1789 in Object.wait()&#10;java.lang.Thread.State: WAITING (on object monitor)&#10;        at sun.misc.Unsafe.park(Native Method)&#10;        at java.util.concurrent.locks.LockSupport.park(LockSupport.java:175)&#10;        at java.util.concurrent.locks.AbstractQueuedSynchronizer$ConditionObject.await(AbstractQueuedSynchronizer.java:2039)&#10;        at java.util.concurrent.ArrayBlockingQueue.take(ArrayBlockingQueue.java:403)&#10;        at java.util.concurrent.ThreadPoolExecutor.getTask(ThreadPoolExecutor.java:1074)&#10;        at java.util.concurrent.ThreadPoolExecutor.runWorker(ThreadPoolExecutor.java:1134)&#10;        at java.util.concurrent.ThreadPoolExecutor$Worker.run(ThreadPoolExecutor.java:624)&#10;        at java.lang.Thread.run(Thread.java:748)&#10;&quot;pool-148-thread-46&quot;  prio=5 tid=1793 in Object.wait()&#10;java.lang.Thread.State: WAITING (on object monitor)&#10;        at sun.misc.Unsafe.park(Native Method)&#10;        at java.util.concurrent.locks.LockSupport.park(LockSupport.java:175)&#10;        at java.util.concurrent.locks.AbstractQueuedSynchronizer$ConditionObject.await(AbstractQueuedSynchronizer.java:2039)&#10;        at java.util.concurrent.ArrayBlockingQueue.take(ArrayBlockingQueue.java:403)&#10;        at java.util.concurrent.ThreadPoolExecutor.getTask(ThreadPoolExecutor.java:1074)&#10;        at java.util.concurrent.ThreadPoolExecutor.runWorker(ThreadPoolExecutor.java:1134)&#10;        at java.util.concurrent.ThreadPoolExecutor$Worker.run(ThreadPoolExecutor.java:624)&#10;        at java.lang.Thread.run(Thread.java:748)&#10;&quot;metrics-hadoop-metrics2-reporter-107-thread-1&quot; daemon prio=5 tid=1907 timed_waiting&#10;java.lang.Thread.State: TIMED_WAITING&#10;        at sun.misc.Unsafe.park(Native Method)&#10;        at java.util.concurrent.locks.LockSupport.parkNanos(LockSupport.java:215)&#10;        at java.util.concurrent.locks.AbstractQueuedSynchronizer$ConditionObject.awaitNanos(AbstractQueuedSynchronizer.java:2078)&#10;        at java.util.concurrent.ScheduledThreadPoolExecutor$DelayedWorkQueue.take(ScheduledThreadPoolExecutor.java:1093)&#10;        at java.util.concurrent.ScheduledThreadPoolExecutor$DelayedWorkQueue.take(ScheduledThreadPoolExecutor.java:809)&#10;        at java.util.concurrent.ThreadPoolExecutor.getTask(ThreadPoolExecutor.java:1074)&#10;        at java.util.concurrent.ThreadPoolExecutor.runWorker(ThreadPoolExecutor.java:1134)&#10;        at java.util.concurrent.ThreadPoolExecutor$Worker.run(ThreadPoolExecutor.java:624)&#10;        at java.lang.Thread.run(Thread.java:748)&#10;&quot;Datanode ReportManager Thread - 2&quot; daemon prio=5 tid=282 in Object.wait()&#10;java.lang.Thread.State: WAITING (on object monitor)&#10;        at sun.misc.Unsafe.park(Native Method)&#10;        at java.util.concurrent.locks.LockSupport.park(LockSupport.java:175)&#10;        at java.util.concurrent.locks.AbstractQueuedSynchronizer$ConditionObject.await(AbstractQueuedSynchronizer.java:2039)&#10;        at java.util.concurrent.ScheduledThreadPoolExecutor$DelayedWorkQueue.take(ScheduledThreadPoolExecutor.java:1088)&#10;        at java.util.concurrent.ScheduledThreadPoolExecutor$DelayedWorkQueue.take(ScheduledThreadPoolExecutor.java:809)&#10;        at java.util.concurrent.ThreadPoolExecutor.getTask(ThreadPoolExecutor.java:1074)&#10;        at java.util.concurrent.ThreadPoolExecutor.runWorker(ThreadPoolExecutor.java:1134)&#10;        at java.util.concurrent.ThreadPoolExecutor$Worker.run(ThreadPoolExecutor.java:624)&#10;        at java.lang.Thread.run(Thread.java:748)&#10;&quot;pool-158-thread-37&quot;  prio=5 tid=1861 in Object.wait()&#10;java.lang.Thread.State: WAITING (on object monitor)&#10;        at sun.misc.Unsafe.park(Native Method)&#10;        at java.util.concurrent.locks.LockSupport.park(LockSupport.java:175)&#10;        at java.util.concurrent.locks.AbstractQueuedSynchronizer$ConditionObject.await(AbstractQueuedSynchronizer.java:2039)&#10;        at java.util.concurrent.ArrayBlockingQueue.take(ArrayBlockingQueue.java:403)&#10;        at java.util.concurrent.ThreadPoolExecutor.getTask(ThreadPoolExecutor.java:1074)&#10;        at java.util.concurrent.ThreadPoolExecutor.runWorker(ThreadPoolExecutor.java:1134)&#10;        at java.util.concurrent.ThreadPoolExecutor$Worker.run(ThreadPoolExecutor.java:624)&#10;        at java.lang.Thread.run(Thread.java:748)&#10;&quot;pool-138-thread-46&quot;  prio=5 tid=1717 in Object.wait()&#10;java.lang.Thread.State: WAITING (on object monitor)&#10;        at sun.misc.Unsafe.park(Native Method)&#10;        at java.util.concurrent.locks.LockSupport.park(LockSupport.java:175)&#10;        at java.util.concurrent.locks.AbstractQueuedSynchronizer$ConditionObject.await(AbstractQueuedSynchronizer.java:2039)&#10;        at java.util.concurrent.ArrayBlockingQueue.take(ArrayBlockingQueue.java:403)&#10;        at java.util.concurrent.ThreadPoolExecutor.getTask(ThreadPoolExecutor.java:1074)&#10;        at java.util.concurrent.ThreadPoolExecutor.runWorker(ThreadPoolExecutor.java:1134)&#10;        at java.util.concurrent.ThreadPoolExecutor$Worker.run(ThreadPoolExecutor.java:624)&#10;        at java.lang.Thread.run(Thread.java:748)&#10;&quot;qtp25266959-1589&quot; daemon prio=5 tid=1589 timed_waiting&#10;java.lang.Thread.State: TIMED_WAITING&#10;        at sun.misc.Unsafe.park(Native Method)&#10;        at java.util.concurrent.locks.LockSupport.parkNanos(LockSupport.java:215)&#10;        at java.util.concurrent.locks.AbstractQueuedSynchronizer$ConditionObject.awaitNanos(AbstractQueuedSynchronizer.java:2078)&#10;        at org.eclipse.jetty.util.BlockingArrayQueue.poll(BlockingArrayQueue.java:392)&#10;        at org.eclipse.jetty.util.thread.QueuedThreadPool.idleJobPoll(QueuedThreadPool.java:563)&#10;        at org.eclipse.jetty.util.thread.QueuedThreadPool.access$800(QueuedThreadPool.java:48)&#10;        at org.eclipse.jetty.util.thread.QueuedThreadPool$2.run(QueuedThreadPool.java:626)&#10;        at java.lang.Thread.run(Thread.java:748)&#10;&quot;pool-148-thread-2&quot;  prio=5 tid=1748 in Object.wait()&#10;java.lang.Thread.State: WAITING (on object monitor)&#10;        at sun.misc.Unsafe.park(Native Method)&#10;        at java.util.concurrent.locks.LockSupport.park(LockSupport.java:175)&#10;        at java.util.concurrent.locks.AbstractQueuedSynchronizer$ConditionObject.await(AbstractQueuedSynchronizer.java:2039)&#10;        at java.util.concurrent.ArrayBlockingQueue.take(ArrayBlockingQueue.java:403)&#10;        at java.util.concurrent.ThreadPoolExecutor.getTask(ThreadPoolExecutor.java:1074)&#10;        at java.util.concurrent.ThreadPoolExecutor.runWorker(ThreadPoolExecutor.java:1134)&#10;        at java.util.concurrent.ThreadPoolExecutor$Worker.run(ThreadPoolExecutor.java:624)&#10;        at java.lang.Thread.run(Thread.java:748)&#10;&quot;metrics-hadoop-metrics2-reporter-115-thread-1&quot; daemon prio=5 tid=1935 timed_waiting&#10;java.lang.Thread.State: TIMED_WAITING&#10;        at sun.misc.Unsafe.park(Native Method)&#10;        at java.util.concurrent.locks.LockSupport.parkNanos(LockSupport.java:215)&#10;        at java.util.concurrent.locks.AbstractQueuedSynchronizer$ConditionObject.awaitNanos(AbstractQueuedSynchronizer.java:2078)&#10;        at java.util.concurrent.ScheduledThreadPoolExecutor$DelayedWorkQueue.take(ScheduledThreadPoolExecutor.java:1093)&#10;        at java.util.concurrent.ScheduledThreadPoolExecutor$DelayedWorkQueue.take(ScheduledThreadPoolExecutor.java:809)&#10;        at java.util.concurrent.ThreadPoolExecutor.getTask(ThreadPoolExecutor.java:1074)&#10;        at java.util.concurrent.ThreadPoolExecutor.runWorker(ThreadPoolExecutor.java:1134)&#10;        at java.util.concurrent.ThreadPoolExecutor$Worker.run(ThreadPoolExecutor.java:624)&#10;        at java.lang.Thread.run(Thread.java:748)&#10;&quot;pool-158-thread-48&quot;  prio=5 tid=1873 in Object.wait()&#10;java.lang.Thread.State: WAITING (on object monitor)&#10;        at sun.misc.Unsafe.park(Native Method)&#10;        at java.util.concurrent.locks.LockSupport.park(LockSupport.java:175)&#10;        at java.util.concurrent.locks.AbstractQueuedSynchronizer$ConditionObject.await(AbstractQueuedSynchronizer.java:2039)&#10;        at java.util.concurrent.ArrayBlockingQueue.take(ArrayBlockingQueue.java:403)&#10;        at java.util.concurrent.ThreadPoolExecutor.getTask(ThreadPoolExecutor.java:1074)&#10;        at java.util.concurrent.ThreadPoolExecutor.runWorker(ThreadPoolExecutor.java:1134)&#10;        at java.util.concurrent.ThreadPoolExecutor$Worker.run(ThreadPoolExecutor.java:624)&#10;        at java.lang.Thread.run(Thread.java:748)&#10;&quot;bc0bc980-c963-48ce-962e-85091c893131@group-1056DBF44000-StateMachineUpdater&quot; daemon prio=5 tid=1645 in Object.wait()&#10;java.lang.Thread.State: WAITING (on object monitor)&#10;        at java.lang.Object.wait(Native Method)&#10;        at java.lang.Object.wait(Object.java:502)&#10;        at org.apache.ratis.server.impl.StateMachineUpdater.waitForCommit(StateMachineUpdater.java:194)&#10;        at org.apache.ratis.server.impl.StateMachineUpdater.run(StateMachineUpdater.java:159)&#10;        at java.lang.Thread.run(Thread.java:748)&#10;&quot;IPC Server handler 17 on 45184&quot; daemon prio=5 tid=1191 timed_waiting&#10;java.lang.Thread.State: TIMED_WAITING&#10;        at sun.misc.Unsafe.park(Native Method)&#10;        at java.util.concurrent.locks.LockSupport.parkNanos(LockSupport.java:215)&#10;        at java.util.concurrent.locks.AbstractQueuedSynchronizer$ConditionObject.awaitNanos(AbstractQueuedSynchronizer.java:2078)&#10;        at java.util.concurrent.LinkedBlockingQueue.poll(LinkedBlockingQueue.java:467)&#10;        at org.apache.hadoop.ipc.CallQueueManager.take(CallQueueManager.java:288)&#10;        at org.apache.hadoop.ipc.Server$Handler.run(Server.java:2668)&#10;&quot;pool-148-thread-41&quot;  prio=5 tid=1788 in Object.wait()&#10;java.lang.Thread.State: WAITING (on object monitor)&#10;        at sun.misc.Unsafe.park(Native Method)&#10;        at java.util.concurrent.locks.LockSupport.park(LockSupport.java:175)&#10;        at java.util.concurrent.locks.AbstractQueuedSynchronizer$ConditionObject.await(AbstractQueuedSynchronizer.java:2039)&#10;        at java.util.concurrent.ArrayBlockingQueue.take(ArrayBlockingQueue.java:403)&#10;        at java.util.concurrent.ThreadPoolExecutor.getTask(ThreadPoolExecutor.java:1074)&#10;        at java.util.concurrent.ThreadPoolExecutor.runWorker(ThreadPoolExecutor.java:1134)&#10;        at java.util.concurrent.ThreadPoolExecutor$Worker.run(ThreadPoolExecutor.java:624)&#10;        at java.lang.Thread.run(Thread.java:748)&#10;&quot;Datanode ReportManager Thread - 0&quot; daemon prio=5 tid=307 in Object.wait()&#10;java.lang.Thread.State: WAITING (on object monitor)&#10;        at sun.misc.Unsafe.park(Native Method)&#10;        at java.util.concurrent.locks.LockSupport.park(LockSupport.java:175)&#10;        at java.util.concurrent.locks.AbstractQueuedSynchronizer$ConditionObject.await(AbstractQueuedSynchronizer.java:2039)&#10;        at java.util.concurrent.ScheduledThreadPoolExecutor$DelayedWorkQueue.take(ScheduledThreadPoolExecutor.java:1088)&#10;        at java.util.concurrent.ScheduledThreadPoolExecutor$DelayedWorkQueue.take(ScheduledThreadPoolExecutor.java:809)&#10;        at java.util.concurrent.ThreadPoolExecutor.getTask(ThreadPoolExecutor.java:1074)&#10;        at java.util.concurrent.ThreadPoolExecutor.runWorker(ThreadPoolExecutor.java:1134)&#10;        at java.util.concurrent.ThreadPoolExecutor$Worker.run(ThreadPoolExecutor.java:624)&#10;        at java.lang.Thread.run(Thread.java:748)&#10;&quot;Datanode ReportManager Thread - 1&quot; daemon prio=5 tid=1631 in Object.wait()&#10;java.lang.Thread.State: WAITING (on object monitor)&#10;        at sun.misc.Unsafe.park(Native Method)&#10;        at java.util.concurrent.locks.LockSupport.park(LockSupport.java:175)&#10;        at java.util.concurrent.locks.AbstractQueuedSynchronizer$ConditionObject.await(AbstractQueuedSynchronizer.java:2039)&#10;        at java.util.concurrent.ScheduledThreadPoolExecutor$DelayedWorkQueue.take(ScheduledThreadPoolExecutor.java:1088)&#10;        at java.util.concurrent.ScheduledThreadPoolExecutor$DelayedWorkQueue.take(ScheduledThreadPoolExecutor.java:809)&#10;        at java.util.concurrent.ThreadPoolExecutor.getTask(ThreadPoolExecutor.java:1074)&#10;        at java.util.concurrent.ThreadPoolExecutor.runWorker(ThreadPoolExecutor.java:1134)&#10;        at java.util.concurrent.ThreadPoolExecutor$Worker.run(ThreadPoolExecutor.java:624)&#10;        at java.lang.Thread.run(Thread.java:748)&#10;&quot;metrics-hadoop-metrics2-reporter-43-thread-1&quot; daemon prio=5 tid=836 timed_waiting&#10;java.lang.Thread.State: TIMED_WAITING&#10;        at sun.misc.Unsafe.park(Native Method)&#10;        at java.util.concurrent.locks.LockSupport.parkNanos(LockSupport.java:215)&#10;        at java.util.concurrent.locks.AbstractQueuedSynchronizer$ConditionObject.awaitNanos(AbstractQueuedSynchronizer.java:2078)&#10;        at java.util.concurrent.ScheduledThreadPoolExecutor$DelayedWorkQueue.take(ScheduledThreadPoolExecutor.java:1093)&#10;        at java.util.concurrent.ScheduledThreadPoolExecutor$DelayedWorkQueue.take(ScheduledThreadPoolExecutor.java:809)&#10;        at java.util.concurrent.ThreadPoolExecutor.getTask(ThreadPoolExecutor.java:1074)&#10;        at java.util.concurrent.ThreadPoolExecutor.runWorker(ThreadPoolExecutor.java:1134)&#10;        at java.util.concurrent.ThreadPoolExecutor$Worker.run(ThreadPoolExecutor.java:624)&#10;        at java.lang.Thread.run(Thread.java:748)&#10;&quot;IPC Server Responder&quot; daemon prio=5 tid=1087 runnable&#10;java.lang.Thread.State: RUNNABLE&#10;        at sun.nio.ch.EPollArrayWrapper.epollWait(Native Method)&#10;        at sun.nio.ch.EPollArrayWrapper.poll(EPollArrayWrapper.java:269)&#10;        at sun.nio.ch.EPollSelectorImpl.doSelect(EPollSelectorImpl.java:93)&#10;        at sun.nio.ch.SelectorImpl.lockAndDoSelect(SelectorImpl.java:86)&#10;        at sun.nio.ch.SelectorImpl.select(SelectorImpl.java:97)&#10;        at org.apache.hadoop.ipc.Server$Responder.doRunLoop(Server.java:1334)&#10;        at org.apache.hadoop.ipc.Server$Responder.run(Server.java:1317)&#10;&quot;pool-158-thread-2&quot;  prio=5 tid=1826 in Object.wait()&#10;java.lang.Thread.State: WAITING (on object monitor)&#10;        at sun.misc.Unsafe.park(Native Method)&#10;        at java.util.concurrent.locks.LockSupport.park(LockSupport.java:175)&#10;        at java.util.concurrent.locks.AbstractQueuedSynchronizer$ConditionObject.await(AbstractQueuedSynchronizer.java:2039)&#10;        at java.util.concurrent.ArrayBlockingQueue.take(ArrayBlockingQueue.java:403)&#10;        at java.util.concurrent.ThreadPoolExecutor.getTask(ThreadPoolExecutor.java:1074)&#10;        at java.util.concurrent.ThreadPoolExecutor.runWorker(ThreadPoolExecutor.java:1134)&#10;        at java.util.concurrent.ThreadPoolExecutor$Worker.run(ThreadPoolExecutor.java:624)&#10;        at java.lang.Thread.run(Thread.java:748)&#10;&quot;pool-138-thread-52&quot;  prio=5 tid=1723 in Object.wait()&#10;java.lang.Thread.State: WAITING (on object monitor)&#10;        at sun.misc.Unsafe.park(Native Method)&#10;        at java.util.concurrent.locks.LockSupport.park(LockSupport.java:175)&#10;        at java.util.concurrent.locks.AbstractQueuedSynchronizer$ConditionObject.await(AbstractQueuedSynchronizer.java:2039)&#10;        at java.util.concurrent.ArrayBlockingQueue.take(ArrayBlockingQueue.java:403)&#10;        at java.util.concurrent.ThreadPoolExecutor.getTask(ThreadPoolExecutor.java:1074)&#10;        at java.util.concurrent.ThreadPoolExecutor.runWorker(ThreadPoolExecutor.java:1134)&#10;        at java.util.concurrent.ThreadPoolExecutor$Worker.run(ThreadPoolExecutor.java:624)&#10;        at java.lang.Thread.run(Thread.java:748)&#10;&quot;metrics-hadoop-metrics2-reporter-9-thread-1&quot; daemon prio=5 tid=722 timed_waiting&#10;java.lang.Thread.State: TIMED_WAITING&#10;        at sun.misc.Unsafe.park(Native Method)&#10;        at java.util.concurrent.locks.LockSupport.parkNanos(LockSupport.java:215)&#10;        at java.util.concurrent.locks.AbstractQueuedSynchronizer$ConditionObject.awaitNanos(AbstractQueuedSynchronizer.java:2078)&#10;        at java.util.concurrent.ScheduledThreadPoolExecutor$DelayedWorkQueue.take(ScheduledThreadPoolExecutor.java:1093)&#10;        at java.util.concurrent.ScheduledThreadPoolExecutor$DelayedWorkQueue.take(ScheduledThreadPoolExecutor.java:809)&#10;        at java.util.concurrent.ThreadPoolExecutor.getTask(ThreadPoolExecutor.java:1074)&#10;        at java.util.concurrent.ThreadPoolExecutor.runWorker(ThreadPoolExecutor.java:1134)&#10;        at java.util.concurrent.ThreadPoolExecutor$Worker.run(ThreadPoolExecutor.java:624)&#10;        at java.lang.Thread.run(Thread.java:748)&#10;&quot;metrics-hadoop-metrics2-reporter-87-thread-1&quot; daemon prio=5 tid=1503 timed_waiting&#10;java.lang.Thread.State: TIMED_WAITING&#10;        at sun.misc.Unsafe.park(Native Method)&#10;        at java.util.concurrent.locks.LockSupport.parkNanos(LockSupport.java:215)&#10;        at java.util.concurrent.locks.AbstractQueuedSynchronizer$ConditionObject.awaitNanos(AbstractQueuedSynchronizer.java:2078)&#10;        at java.util.concurrent.ScheduledThreadPoolExecutor$DelayedWorkQueue.take(ScheduledThreadPoolExecutor.java:1093)&#10;        at java.util.concurrent.ScheduledThreadPoolExecutor$DelayedWorkQueue.take(ScheduledThreadPoolExecutor.java:809)&#10;        at java.util.concurrent.ThreadPoolExecutor.getTask(ThreadPoolExecutor.java:1074)&#10;        at java.util.concurrent.ThreadPoolExecutor.runWorker(ThreadPoolExecutor.java:1134)&#10;        at java.util.concurrent.ThreadPoolExecutor$Worker.run(ThreadPoolExecutor.java:624)&#10;        at java.lang.Thread.run(Thread.java:748)&#10;&#10;" type="java.util.concurrent.TimeoutException">java.util.concurrent.TimeoutException: 
Timed out waiting for condition. Thread diagnostics:
Timestamp: 2019-10-16 08:42:32,625

"qtp1570597614-1651" daemon prio=5 tid=1651 timed_waiting
java.lang.Thread.State: TIMED_WAITING
        at sun.misc.Unsafe.park(Native Method)
        at java.util.concurrent.locks.LockSupport.parkNanos(LockSupport.java:215)
        at java.util.concurrent.locks.AbstractQueuedSynchronizer$ConditionObject.awaitNanos(AbstractQueuedSynchronizer.java:2078)
        at org.eclipse.jetty.util.BlockingArrayQueue.poll(BlockingArrayQueue.java:392)
        at org.eclipse.jetty.util.thread.QueuedThreadPool.idleJobPoll(QueuedThreadPool.java:563)
        at org.eclipse.jetty.util.thread.QueuedThreadPool.access$800(QueuedThreadPool.java:48)
        at org.eclipse.jetty.util.thread.QueuedThreadPool$2.run(QueuedThreadPool.java:626)
        at java.lang.Thread.run(Thread.java:748)
"metrics-hadoop-metrics2-reporter-23-thread-1" daemon prio=5 tid=757 timed_waiting
java.lang.Thread.State: TIMED_WAITING
        at sun.misc.Unsafe.park(Native Method)
        at java.util.concurrent.locks.LockSupport.parkNanos(LockSupport.java:215)
        at java.util.concurrent.locks.AbstractQueuedSynchronizer$ConditionObject.awaitNanos(AbstractQueuedSynchronizer.java:2078)
        at java.util.concurrent.ScheduledThreadPoolExecutor$DelayedWorkQueue.take(ScheduledThreadPoolExecutor.java:1093)
        at java.util.concurrent.ScheduledThreadPoolExecutor$DelayedWorkQueue.take(ScheduledThreadPoolExecutor.java:809)
        at java.util.concurrent.ThreadPoolExecutor.getTask(ThreadPoolExecutor.java:1074)
        at java.util.concurrent.ThreadPoolExecutor.runWorker(ThreadPoolExecutor.java:1134)
        at java.util.concurrent.ThreadPoolExecutor$Worker.run(ThreadPoolExecutor.java:624)
        at java.lang.Thread.run(Thread.java:748)
"IPC Server idle connection scanner for port 46609" daemon prio=5 tid=1086 timed_waiting
java.lang.Thread.State: TIMED_WAITING
        at java.lang.Object.wait(Native Method)
        at java.util.TimerThread.mainLoop(Timer.java:552)
        at java.util.TimerThread.run(Timer.java:505)
"Datanode ReportManager Thread - 3" daemon prio=5 tid=1633 in Object.wait()
java.lang.Thread.State: WAITING (on object monitor)
        at sun.misc.Unsafe.park(Native Method)
        at java.util.concurrent.locks.LockSupport.park(LockSupport.java:175)
        at java.util.concurrent.locks.AbstractQueuedSynchronizer$ConditionObject.await(AbstractQueuedSynchronizer.java:2039)
        at java.util.concurrent.ScheduledThreadPoolExecutor$DelayedWorkQueue.take(ScheduledThreadPoolExecutor.java:1088)
        at java.util.concurrent.ScheduledThreadPoolExecutor$DelayedWorkQueue.take(ScheduledThreadPoolExecutor.java:809)
        at java.util.concurrent.ThreadPoolExecutor.getTask(ThreadPoolExecutor.java:1074)
        at java.util.concurrent.ThreadPoolExecutor.runWorker(ThreadPoolExecutor.java:1134)
        at java.util.concurrent.ThreadPoolExecutor$Worker.run(ThreadPoolExecutor.java:624)
        at java.lang.Thread.run(Thread.java:748)
"pool-158-thread-14"  prio=5 tid=1838 in Object.wait()
java.lang.Thread.State: WAITING (on object monitor)
        at sun.misc.Unsafe.park(Native Method)
        at java.util.concurrent.locks.LockSupport.park(LockSupport.java:175)
        at java.util.concurrent.locks.AbstractQueuedSynchronizer$ConditionObject.await(AbstractQueuedSynchronizer.java:2039)
        at java.util.concurrent.ArrayBlockingQueue.take(ArrayBlockingQueue.java:403)
        at java.util.concurrent.ThreadPoolExecutor.getTask(ThreadPoolExecutor.java:1074)
        at java.util.concurrent.ThreadPoolExecutor.runWorker(ThreadPoolExecutor.java:1134)
        at java.util.concurrent.ThreadPoolExecutor$Worker.run(ThreadPoolExecutor.java:624)
        at java.lang.Thread.run(Thread.java:748)
"pool-158-thread-30"  prio=5 tid=1854 in Object.wait()
java.lang.Thread.State: WAITING (on object monitor)
        at sun.misc.Unsafe.park(Native Method)
        at java.util.concurrent.locks.LockSupport.park(LockSupport.java:175)
        at java.util.concurrent.locks.AbstractQueuedSynchronizer$ConditionObject.await(AbstractQueuedSynchronizer.java:2039)
        at java.util.concurrent.ArrayBlockingQueue.take(ArrayBlockingQueue.java:403)
        at java.util.concurrent.ThreadPoolExecutor.getTask(ThreadPoolExecutor.java:1074)
        at java.util.concurrent.ThreadPoolExecutor.runWorker(ThreadPoolExecutor.java:1134)
        at java.util.concurrent.ThreadPoolExecutor$Worker.run(ThreadPoolExecutor.java:624)
        at java.lang.Thread.run(Thread.java:748)
"metrics-hadoop-metrics2-reporter-82-thread-1" daemon prio=5 tid=1490 timed_waiting
java.lang.Thread.State: TIMED_WAITING
        at sun.misc.Unsafe.park(Native Method)
        at java.util.concurrent.locks.LockSupport.parkNanos(LockSupport.java:215)
        at java.util.concurrent.locks.AbstractQueuedSynchronizer$ConditionObject.awaitNanos(AbstractQueuedSynchronizer.java:2078)
        at java.util.concurrent.ScheduledThreadPoolExecutor$DelayedWorkQueue.take(ScheduledThreadPoolExecutor.java:1093)
        at java.util.concurrent.ScheduledThreadPoolExecutor$DelayedWorkQueue.take(ScheduledThreadPoolExecutor.java:809)
        at java.util.concurrent.ThreadPoolExecutor.getTask(ThreadPoolExecutor.java:1074)
        at java.util.concurrent.ThreadPoolExecutor.runWorker(ThreadPoolExecutor.java:1134)
        at java.util.concurrent.ThreadPoolExecutor$Worker.run(ThreadPoolExecutor.java:624)
        at java.lang.Thread.run(Thread.java:748)
"qtp1410488616-1199" daemon prio=5 tid=1199 timed_waiting
java.lang.Thread.State: TIMED_WAITING
        at sun.misc.Unsafe.park(Native Method)
        at java.util.concurrent.locks.LockSupport.parkNanos(LockSupport.java:215)
        at java.util.concurrent.locks.AbstractQueuedSynchronizer$ConditionObject.awaitNanos(AbstractQueuedSynchronizer.java:2078)
        at org.eclipse.jetty.util.BlockingArrayQueue.poll(BlockingArrayQueue.java:392)
        at org.eclipse.jetty.util.thread.QueuedThreadPool.idleJobPoll(QueuedThreadPool.java:563)
        at org.eclipse.jetty.util.thread.QueuedThreadPool.access$800(QueuedThreadPool.java:48)
        at org.eclipse.jetty.util.thread.QueuedThreadPool$2.run(QueuedThreadPool.java:626)
        at java.lang.Thread.run(Thread.java:748)
"metrics-hadoop-metrics2-reporter-26-thread-1" daemon prio=5 tid=764 timed_waiting
java.lang.Thread.State: TIMED_WAITING
        at sun.misc.Unsafe.park(Native Method)
        at java.util.concurrent.locks.LockSupport.parkNanos(LockSupport.java:215)
        at java.util.concurrent.locks.AbstractQueuedSynchronizer$ConditionObject.awaitNanos(AbstractQueuedSynchronizer.java:2078)
        at java.util.concurrent.ScheduledThreadPoolExecutor$DelayedWorkQueue.take(ScheduledThreadPoolExecutor.java:1093)
        at java.util.concurrent.ScheduledThreadPoolExecutor$DelayedWorkQueue.take(ScheduledThreadPoolExecutor.java:809)
        at java.util.concurrent.ThreadPoolExecutor.getTask(ThreadPoolExecutor.java:1074)
        at java.util.concurrent.ThreadPoolExecutor.runWorker(ThreadPoolExecutor.java:1134)
        at java.util.concurrent.ThreadPoolExecutor$Worker.run(ThreadPoolExecutor.java:624)
        at java.lang.Thread.run(Thread.java:748)
"metrics-hadoop-metrics2-reporter-89-thread-1" daemon prio=5 tid=1506 timed_waiting
java.lang.Thread.State: TIMED_WAITING
        at sun.misc.Unsafe.park(Native Method)
        at java.util.concurrent.locks.LockSupport.parkNanos(LockSupport.java:215)
        at java.util.concurrent.locks.AbstractQueuedSynchronizer$ConditionObject.awaitNanos(AbstractQueuedSynchronizer.java:2078)
        at java.util.concurrent.ScheduledThreadPoolExecutor$DelayedWorkQueue.take(ScheduledThreadPoolExecutor.java:1093)
        at java.util.concurrent.ScheduledThreadPoolExecutor$DelayedWorkQueue.take(ScheduledThreadPoolExecutor.java:809)
        at java.util.concurrent.ThreadPoolExecutor.getTask(ThreadPoolExecutor.java:1074)
        at java.util.concurrent.ThreadPoolExecutor.runWorker(ThreadPoolExecutor.java:1134)
        at java.util.concurrent.ThreadPoolExecutor$Worker.run(ThreadPoolExecutor.java:624)
        at java.lang.Thread.run(Thread.java:748)
"pool-148-thread-16"  prio=5 tid=1762 in Object.wait()
java.lang.Thread.State: WAITING (on object monitor)
        at sun.misc.Unsafe.park(Native Method)
        at java.util.concurrent.locks.LockSupport.park(LockSupport.java:175)
        at java.util.concurrent.locks.AbstractQueuedSynchronizer$ConditionObject.await(AbstractQueuedSynchronizer.java:2039)
        at java.util.concurrent.ArrayBlockingQueue.take(ArrayBlockingQueue.java:403)
        at java.util.concurrent.ThreadPoolExecutor.getTask(ThreadPoolExecutor.java:1074)
        at java.util.concurrent.ThreadPoolExecutor.runWorker(ThreadPoolExecutor.java:1134)
        at java.util.concurrent.ThreadPoolExecutor$Worker.run(ThreadPoolExecutor.java:624)
        at java.lang.Thread.run(Thread.java:748)
"metrics-hadoop-metrics2-reporter-76-thread-1" daemon prio=5 tid=1026 timed_waiting
java.lang.Thread.State: TIMED_WAITING
        at sun.misc.Unsafe.park(Native Method)
        at java.util.concurrent.locks.LockSupport.parkNanos(LockSupport.java:215)
        at java.util.concurrent.locks.AbstractQueuedSynchronizer$ConditionObject.awaitNanos(AbstractQueuedSynchronizer.java:2078)
        at java.util.concurrent.ScheduledThreadPoolExecutor$DelayedWorkQueue.take(ScheduledThreadPoolExecutor.java:1093)
        at java.util.concurrent.ScheduledThreadPoolExecutor$DelayedWorkQueue.take(ScheduledThreadPoolExecutor.java:809)
        at java.util.concurrent.ThreadPoolExecutor.getTask(ThreadPoolExecutor.java:1074)
        at java.util.concurrent.ThreadPoolExecutor.runWorker(ThreadPoolExecutor.java:1134)
        at java.util.concurrent.ThreadPoolExecutor$Worker.run(ThreadPoolExecutor.java:624)
        at java.lang.Thread.run(Thread.java:748)
"pool-138-thread-1"  prio=5 tid=1672 in Object.wait()
java.lang.Thread.State: WAITING (on object monitor)
        at sun.misc.Unsafe.park(Native Method)
        at java.util.concurrent.locks.LockSupport.park(LockSupport.java:175)
        at java.util.concurrent.locks.AbstractQueuedSynchronizer$ConditionObject.await(AbstractQueuedSynchronizer.java:2039)
        at java.util.concurrent.ArrayBlockingQueue.take(ArrayBlockingQueue.java:403)
        at java.util.concurrent.ThreadPoolExecutor.getTask(ThreadPoolExecutor.java:1074)
        at java.util.concurrent.ThreadPoolExecutor.runWorker(ThreadPoolExecutor.java:1134)
        at java.util.concurrent.ThreadPoolExecutor$Worker.run(ThreadPoolExecutor.java:624)
        at java.lang.Thread.run(Thread.java:748)
"pool-148-thread-26"  prio=5 tid=1773 in Object.wait()
java.lang.Thread.State: WAITING (on object monitor)
        at sun.misc.Unsafe.park(Native Method)
        at java.util.concurrent.locks.LockSupport.park(LockSupport.java:175)
        at java.util.concurrent.locks.AbstractQueuedSynchronizer$ConditionObject.await(AbstractQueuedSynchronizer.java:2039)
        at java.util.concurrent.ArrayBlockingQueue.take(ArrayBlockingQueue.java:403)
        at java.util.concurrent.ThreadPoolExecutor.getTask(ThreadPoolExecutor.java:1074)
        at java.util.concurrent.ThreadPoolExecutor.runWorker(ThreadPoolExecutor.java:1134)
        at java.util.concurrent.ThreadPoolExecutor$Worker.run(ThreadPoolExecutor.java:624)
        at java.lang.Thread.run(Thread.java:748)
"IPC Server handler 2 on 38802" daemon prio=5 tid=1113 timed_waiting
java.lang.Thread.State: TIMED_WAITING
        at sun.misc.Unsafe.park(Native Method)
        at java.util.concurrent.locks.LockSupport.parkNanos(LockSupport.java:215)
        at java.util.concurrent.locks.AbstractQueuedSynchronizer$ConditionObject.awaitNanos(AbstractQueuedSynchronizer.java:2078)
        at java.util.concurrent.LinkedBlockingQueue.poll(LinkedBlockingQueue.java:467)
        at org.apache.hadoop.ipc.CallQueueManager.take(CallQueueManager.java:288)
        at org.apache.hadoop.ipc.Server$Handler.run(Server.java:2668)
"metrics-hadoop-metrics2-reporter-54-thread-1" daemon prio=5 tid=864 timed_waiting
java.lang.Thread.State: TIMED_WAITING
        at sun.misc.Unsafe.park(Native Method)
        at java.util.concurrent.locks.LockSupport.parkNanos(LockSupport.java:215)
        at java.util.concurrent.locks.AbstractQueuedSynchronizer$ConditionObject.awaitNanos(AbstractQueuedSynchronizer.java:2078)
        at java.util.concurrent.ScheduledThreadPoolExecutor$DelayedWorkQueue.take(ScheduledThreadPoolExecutor.java:1093)
        at java.util.concurrent.ScheduledThreadPoolExecutor$DelayedWorkQueue.take(ScheduledThreadPoolExecutor.java:809)
        at java.util.concurrent.ThreadPoolExecutor.getTask(ThreadPoolExecutor.java:1074)
        at java.util.concurrent.ThreadPoolExecutor.runWorker(ThreadPoolExecutor.java:1134)
        at java.util.concurrent.ThreadPoolExecutor$Worker.run(ThreadPoolExecutor.java:624)
        at java.lang.Thread.run(Thread.java:748)
"IPC Server handler 17 on 46609" daemon prio=5 tid=1108 timed_waiting
java.lang.Thread.State: TIMED_WAITING
        at sun.misc.Unsafe.park(Native Method)
        at java.util.concurrent.locks.LockSupport.parkNanos(LockSupport.java:215)
        at java.util.concurrent.locks.AbstractQueuedSynchronizer$ConditionObject.awaitNanos(AbstractQueuedSynchronizer.java:2078)
        at java.util.concurrent.LinkedBlockingQueue.poll(LinkedBlockingQueue.java:467)
        at org.apache.hadoop.ipc.CallQueueManager.take(CallQueueManager.java:288)
        at org.apache.hadoop.ipc.Server$Handler.run(Server.java:2668)
"IPC Server handler 1 on 38131" daemon prio=5 tid=1132 timed_waiting
java.lang.Thread.State: TIMED_WAITING
        at sun.misc.Unsafe.park(Native Method)
        at java.util.concurrent.locks.LockSupport.parkNanos(LockSupport.java:215)
        at java.util.concurrent.locks.AbstractQueuedSynchronizer$ConditionObject.awaitNanos(AbstractQueuedSynchronizer.java:2078)
        at java.util.concurrent.LinkedBlockingQueue.poll(LinkedBlockingQueue.java:467)
        at org.apache.hadoop.ipc.CallQueueManager.take(CallQueueManager.java:288)
        at org.apache.hadoop.ipc.Server$Handler.run(Server.java:2668)
"pool-138-thread-20"  prio=5 tid=1691 in Object.wait()
java.lang.Thread.State: WAITING (on object monitor)
        at sun.misc.Unsafe.park(Native Method)
        at java.util.concurrent.locks.LockSupport.park(LockSupport.java:175)
        at java.util.concurrent.locks.AbstractQueuedSynchronizer$ConditionObject.await(AbstractQueuedSynchronizer.java:2039)
        at java.util.concurrent.ArrayBlockingQueue.take(ArrayBlockingQueue.java:403)
        at java.util.concurrent.ThreadPoolExecutor.getTask(ThreadPoolExecutor.java:1074)
        at java.util.concurrent.ThreadPoolExecutor.runWorker(ThreadPoolExecutor.java:1134)
        at java.util.concurrent.ThreadPoolExecutor$Worker.run(ThreadPoolExecutor.java:624)
        at java.lang.Thread.run(Thread.java:748)
"Datanode ReportManager Thread - 3" daemon prio=5 tid=1229 in Object.wait()
java.lang.Thread.State: WAITING (on object monitor)
        at sun.misc.Unsafe.park(Native Method)
        at java.util.concurrent.locks.LockSupport.park(LockSupport.java:175)
        at java.util.concurrent.locks.AbstractQueuedSynchronizer$ConditionObject.await(AbstractQueuedSynchronizer.java:2039)
        at java.util.concurrent.ScheduledThreadPoolExecutor$DelayedWorkQueue.take(ScheduledThreadPoolExecutor.java:1088)
        at java.util.concurrent.ScheduledThreadPoolExecutor$DelayedWorkQueue.take(ScheduledThreadPoolExecutor.java:809)
        at java.util.concurrent.ThreadPoolExecutor.getTask(ThreadPoolExecutor.java:1074)
        at java.util.concurrent.ThreadPoolExecutor.runWorker(ThreadPoolExecutor.java:1134)
        at java.util.concurrent.ThreadPoolExecutor$Worker.run(ThreadPoolExecutor.java:624)
        at java.lang.Thread.run(Thread.java:748)
"metrics-hadoop-metrics2-reporter-14-thread-1" daemon prio=5 tid=734 timed_waiting
java.lang.Thread.State: TIMED_WAITING
        at sun.misc.Unsafe.park(Native Method)
        at java.util.concurrent.locks.LockSupport.parkNanos(LockSupport.java:215)
        at java.util.concurrent.locks.AbstractQueuedSynchronizer$ConditionObject.awaitNanos(AbstractQueuedSynchronizer.java:2078)
        at java.util.concurrent.ScheduledThreadPoolExecutor$DelayedWorkQueue.take(ScheduledThreadPoolExecutor.java:1093)
        at java.util.concurrent.ScheduledThreadPoolExecutor$DelayedWorkQueue.take(ScheduledThreadPoolExecutor.java:809)
        at java.util.concurrent.ThreadPoolExecutor.getTask(ThreadPoolExecutor.java:1074)
        at java.util.concurrent.ThreadPoolExecutor.runWorker(ThreadPoolExecutor.java:1134)
        at java.util.concurrent.ThreadPoolExecutor$Worker.run(ThreadPoolExecutor.java:624)
        at java.lang.Thread.run(Thread.java:748)
"pool-158-thread-52"  prio=5 tid=1877 in Object.wait()
java.lang.Thread.State: WAITING (on object monitor)
        at sun.misc.Unsafe.park(Native Method)
        at java.util.concurrent.locks.LockSupport.park(LockSupport.java:175)
        at java.util.concurrent.locks.AbstractQueuedSynchronizer$ConditionObject.await(AbstractQueuedSynchronizer.java:2039)
        at java.util.concurrent.ArrayBlockingQueue.take(ArrayBlockingQueue.java:403)
        at java.util.concurrent.ThreadPoolExecutor.getTask(ThreadPoolExecutor.java:1074)
        at java.util.concurrent.ThreadPoolExecutor.runWorker(ThreadPoolExecutor.java:1134)
        at java.util.concurrent.ThreadPoolExecutor$Worker.run(ThreadPoolExecutor.java:624)
        at java.lang.Thread.run(Thread.java:748)
"Datanode ReportManager Thread - 2" daemon prio=5 tid=1255 in Object.wait()
java.lang.Thread.State: WAITING (on object monitor)
        at sun.misc.Unsafe.park(Native Method)
        at java.util.concurrent.locks.LockSupport.park(LockSupport.java:175)
        at java.util.concurrent.locks.AbstractQueuedSynchronizer$ConditionObject.await(AbstractQueuedSynchronizer.java:2039)
        at java.util.concurrent.ScheduledThreadPoolExecutor$DelayedWorkQueue.take(ScheduledThreadPoolExecutor.java:1088)
        at java.util.concurrent.ScheduledThreadPoolExecutor$DelayedWorkQueue.take(ScheduledThreadPoolExecutor.java:809)
        at java.util.concurrent.ThreadPoolExecutor.getTask(ThreadPoolExecutor.java:1074)
        at java.util.concurrent.ThreadPoolExecutor.runWorker(ThreadPoolExecutor.java:1134)
        at java.util.concurrent.ThreadPoolExecutor$Worker.run(ThreadPoolExecutor.java:624)
        at java.lang.Thread.run(Thread.java:748)
"pool-148-thread-31"  prio=5 tid=1778 in Object.wait()
java.lang.Thread.State: WAITING (on object monitor)
        at sun.misc.Unsafe.park(Native Method)
        at java.util.concurrent.locks.LockSupport.park(LockSupport.java:175)
        at java.util.concurrent.locks.AbstractQueuedSynchronizer$ConditionObject.await(AbstractQueuedSynchronizer.java:2039)
        at java.util.concurrent.ArrayBlockingQueue.take(ArrayBlockingQueue.java:403)
        at java.util.concurrent.ThreadPoolExecutor.getTask(ThreadPoolExecutor.java:1074)
        at java.util.concurrent.ThreadPoolExecutor.runWorker(ThreadPoolExecutor.java:1134)
        at java.util.concurrent.ThreadPoolExecutor$Worker.run(ThreadPoolExecutor.java:624)
        at java.lang.Thread.run(Thread.java:748)
"pool-138-thread-2"  prio=5 tid=1673 in Object.wait()
java.lang.Thread.State: WAITING (on object monitor)
        at sun.misc.Unsafe.park(Native Method)
        at java.util.concurrent.locks.LockSupport.park(LockSupport.java:175)
        at java.util.concurrent.locks.AbstractQueuedSynchronizer$ConditionObject.await(AbstractQueuedSynchronizer.java:2039)
        at java.util.concurrent.ArrayBlockingQueue.take(ArrayBlockingQueue.java:403)
        at java.util.concurrent.ThreadPoolExecutor.getTask(ThreadPoolExecutor.java:1074)
        at java.util.concurrent.ThreadPoolExecutor.runWorker(ThreadPoolExecutor.java:1134)
        at java.util.concurrent.ThreadPoolExecutor$Worker.run(ThreadPoolExecutor.java:624)
        at java.lang.Thread.run(Thread.java:748)
"org.eclipse.jetty.server.session.HashSessionManager@4defd423Timer" daemon prio=5 tid=1203 timed_waiting
java.lang.Thread.State: TIMED_WAITING
        at sun.misc.Unsafe.park(Native Method)
        at java.util.concurrent.locks.LockSupport.parkNanos(LockSupport.java:215)
        at java.util.concurrent.locks.AbstractQueuedSynchronizer$ConditionObject.awaitNanos(AbstractQueuedSynchronizer.java:2078)
        at java.util.concurrent.ScheduledThreadPoolExecutor$DelayedWorkQueue.take(ScheduledThreadPoolExecutor.java:1093)
        at java.util.concurrent.ScheduledThreadPoolExecutor$DelayedWorkQueue.take(ScheduledThreadPoolExecutor.java:809)
        at java.util.concurrent.ThreadPoolExecutor.getTask(ThreadPoolExecutor.java:1074)
        at java.util.concurrent.ThreadPoolExecutor.runWorker(ThreadPoolExecutor.java:1134)
        at java.util.concurrent.ThreadPoolExecutor$Worker.run(ThreadPoolExecutor.java:624)
        at java.lang.Thread.run(Thread.java:748)
"metrics-hadoop-metrics2-reporter-92-thread-1" daemon prio=5 tid=1515 timed_waiting
java.lang.Thread.State: TIMED_WAITING
        at sun.misc.Unsafe.park(Native Method)
        at java.util.concurrent.locks.LockSupport.parkNanos(LockSupport.java:215)
        at java.util.concurrent.locks.AbstractQueuedSynchronizer$ConditionObject.awaitNanos(AbstractQueuedSynchronizer.java:2078)
        at java.util.concurrent.ScheduledThreadPoolExecutor$DelayedWorkQueue.take(ScheduledThreadPoolExecutor.java:1093)
        at java.util.concurrent.ScheduledThreadPoolExecutor$DelayedWorkQueue.take(ScheduledThreadPoolExecutor.java:809)
        at java.util.concurrent.ThreadPoolExecutor.getTask(ThreadPoolExecutor.java:1074)
        at java.util.concurrent.ThreadPoolExecutor.runWorker(ThreadPoolExecutor.java:1134)
        at java.util.concurrent.ThreadPoolExecutor$Worker.run(ThreadPoolExecutor.java:624)
        at java.lang.Thread.run(Thread.java:748)
"metrics-hadoop-metrics2-reporter-32-thread-1" daemon prio=5 tid=784 timed_waiting
java.lang.Thread.State: TIMED_WAITING
        at sun.misc.Unsafe.park(Native Method)
        at java.util.concurrent.locks.LockSupport.parkNanos(LockSupport.java:215)
        at java.util.concurrent.locks.AbstractQueuedSynchronizer$ConditionObject.awaitNanos(AbstractQueuedSynchronizer.java:2078)
        at java.util.concurrent.ScheduledThreadPoolExecutor$DelayedWorkQueue.take(ScheduledThreadPoolExecutor.java:1093)
        at java.util.concurrent.ScheduledThreadPoolExecutor$DelayedWorkQueue.take(ScheduledThreadPoolExecutor.java:809)
        at java.util.concurrent.ThreadPoolExecutor.getTask(ThreadPoolExecutor.java:1074)
        at java.util.concurrent.ThreadPoolExecutor.runWorker(ThreadPoolExecutor.java:1134)
        at java.util.concurrent.ThreadPoolExecutor$Worker.run(ThreadPoolExecutor.java:624)
        at java.lang.Thread.run(Thread.java:748)
"Thread-791" daemon prio=5 tid=1928 timed_waiting
java.lang.Thread.State: TIMED_WAITING
        at sun.misc.Unsafe.park(Native Method)
        at java.util.concurrent.locks.LockSupport.parkNanos(LockSupport.java:215)
        at java.util.concurrent.locks.AbstractQueuedSynchronizer$ConditionObject.awaitNanos(AbstractQueuedSynchronizer.java:2078)
        at java.util.concurrent.ArrayBlockingQueue.poll(ArrayBlockingQueue.java:418)
        at org.apache.ratis.server.impl.LeaderState$EventQueue.poll(LeaderState.java:115)
        at org.apache.ratis.server.impl.LeaderState$EventProcessor.run(LeaderState.java:467)
"IPC Server handler 17 on 38802" daemon prio=5 tid=1128 timed_waiting
java.lang.Thread.State: TIMED_WAITING
        at sun.misc.Unsafe.park(Native Method)
        at java.util.concurrent.locks.LockSupport.parkNanos(LockSupport.java:215)
        at java.util.concurrent.locks.AbstractQueuedSynchronizer$ConditionObject.awaitNanos(AbstractQueuedSynchronizer.java:2078)
        at java.util.concurrent.LinkedBlockingQueue.poll(LinkedBlockingQueue.java:467)
        at org.apache.hadoop.ipc.CallQueueManager.take(CallQueueManager.java:288)
        at org.apache.hadoop.ipc.Server$Handler.run(Server.java:2668)
"metrics-hadoop-metrics2-reporter-59-thread-1" daemon prio=5 tid=956 timed_waiting
java.lang.Thread.State: TIMED_WAITING
        at sun.misc.Unsafe.park(Native Method)
        at java.util.concurrent.locks.LockSupport.parkNanos(LockSupport.java:215)
        at java.util.concurrent.locks.AbstractQueuedSynchronizer$ConditionObject.awaitNanos(AbstractQueuedSynchronizer.java:2078)
        at java.util.concurrent.ScheduledThreadPoolExecutor$DelayedWorkQueue.take(ScheduledThreadPoolExecutor.java:1093)
        at java.util.concurrent.ScheduledThreadPoolExecutor$DelayedWorkQueue.take(ScheduledThreadPoolExecutor.java:809)
        at java.util.concurrent.ThreadPoolExecutor.getTask(ThreadPoolExecutor.java:1074)
        at java.util.concurrent.ThreadPoolExecutor.runWorker(ThreadPoolExecutor.java:1134)
        at java.util.concurrent.ThreadPoolExecutor$Worker.run(ThreadPoolExecutor.java:624)
        at java.lang.Thread.run(Thread.java:748)
"Datanode ReportManager Thread - 0" daemon prio=5 tid=280 in Object.wait()
java.lang.Thread.State: WAITING (on object monitor)
        at sun.misc.Unsafe.park(Native Method)
        at java.util.concurrent.locks.LockSupport.park(LockSupport.java:175)
        at java.util.concurrent.locks.AbstractQueuedSynchronizer$ConditionObject.await(AbstractQueuedSynchronizer.java:2039)
        at java.util.concurrent.ScheduledThreadPoolExecutor$DelayedWorkQueue.take(ScheduledThreadPoolExecutor.java:1088)
        at java.util.concurrent.ScheduledThreadPoolExecutor$DelayedWorkQueue.take(ScheduledThreadPoolExecutor.java:809)
        at java.util.concurrent.ThreadPoolExecutor.getTask(ThreadPoolExecutor.java:1074)
        at java.util.concurrent.ThreadPoolExecutor.runWorker(ThreadPoolExecutor.java:1134)
        at java.util.concurrent.ThreadPoolExecutor$Worker.run(ThreadPoolExecutor.java:624)
        at java.lang.Thread.run(Thread.java:748)
"IPC Server listener on 46609" daemon prio=5 tid=1084 runnable
java.lang.Thread.State: RUNNABLE
        at sun.nio.ch.EPollArrayWrapper.epollWait(Native Method)
        at sun.nio.ch.EPollArrayWrapper.poll(EPollArrayWrapper.java:269)
        at sun.nio.ch.EPollSelectorImpl.doSelect(EPollSelectorImpl.java:93)
        at sun.nio.ch.SelectorImpl.lockAndDoSelect(SelectorImpl.java:86)
        at sun.nio.ch.SelectorImpl.select(SelectorImpl.java:97)
        at sun.nio.ch.SelectorImpl.select(SelectorImpl.java:101)
        at org.apache.hadoop.ipc.Server$Listener.run(Server.java:1159)
"pool-138-thread-53"  prio=5 tid=1724 in Object.wait()
java.lang.Thread.State: WAITING (on object monitor)
        at sun.misc.Unsafe.park(Native Method)
        at java.util.concurrent.locks.LockSupport.park(LockSupport.java:175)
        at java.util.concurrent.locks.AbstractQueuedSynchronizer$ConditionObject.await(AbstractQueuedSynchronizer.java:2039)
        at java.util.concurrent.ArrayBlockingQueue.take(ArrayBlockingQueue.java:403)
        at java.util.concurrent.ThreadPoolExecutor.getTask(ThreadPoolExecutor.java:1074)
        at java.util.concurrent.ThreadPoolExecutor.runWorker(ThreadPoolExecutor.java:1134)
        at java.util.concurrent.ThreadPoolExecutor$Worker.run(ThreadPoolExecutor.java:624)
        at java.lang.Thread.run(Thread.java:748)
"org.eclipse.jetty.server.session.HashSessionManager@25bf45adTimer" daemon prio=5 tid=1593 timed_waiting
java.lang.Thread.State: TIMED_WAITING
        at sun.misc.Unsafe.park(Native Method)
        at java.util.concurrent.locks.LockSupport.parkNanos(LockSupport.java:215)
        at java.util.concurrent.locks.AbstractQueuedSynchronizer$ConditionObject.awaitNanos(AbstractQueuedSynchronizer.java:2078)
        at java.util.concurrent.ScheduledThreadPoolExecutor$DelayedWorkQueue.take(ScheduledThreadPoolExecutor.java:1093)
        at java.util.concurrent.ScheduledThreadPoolExecutor$DelayedWorkQueue.take(ScheduledThreadPoolExecutor.java:809)
        at java.util.concurrent.ThreadPoolExecutor.getTask(ThreadPoolExecutor.java:1074)
        at java.util.concurrent.ThreadPoolExecutor.runWorker(ThreadPoolExecutor.java:1134)
        at java.util.concurrent.ThreadPoolExecutor$Worker.run(ThreadPoolExecutor.java:624)
        at java.lang.Thread.run(Thread.java:748)
"BlockDeletingService#0" daemon prio=5 tid=1888 timed_waiting
java.lang.Thread.State: TIMED_WAITING
        at sun.misc.Unsafe.park(Native Method)
        at java.util.concurrent.locks.LockSupport.parkNanos(LockSupport.java:215)
        at java.util.concurrent.locks.AbstractQueuedSynchronizer$ConditionObject.awaitNanos(AbstractQueuedSynchronizer.java:2078)
        at java.util.concurrent.ScheduledThreadPoolExecutor$DelayedWorkQueue.take(ScheduledThreadPoolExecutor.java:1093)
        at java.util.concurrent.ScheduledThreadPoolExecutor$DelayedWorkQueue.take(ScheduledThreadPoolExecutor.java:809)
        at java.util.concurrent.ThreadPoolExecutor.getTask(ThreadPoolExecutor.java:1074)
        at java.util.concurrent.ThreadPoolExecutor.runWorker(ThreadPoolExecutor.java:1134)
        at java.util.concurrent.ThreadPoolExecutor$Worker.run(ThreadPoolExecutor.java:624)
        at java.lang.Thread.run(Thread.java:748)
"pool-138-thread-35"  prio=5 tid=1706 in Object.wait()
java.lang.Thread.State: WAITING (on object monitor)
        at sun.misc.Unsafe.park(Native Method)
        at java.util.concurrent.locks.LockSupport.park(LockSupport.java:175)
        at java.util.concurrent.locks.AbstractQueuedSynchronizer$ConditionObject.await(AbstractQueuedSynchronizer.java:2039)
        at java.util.concurrent.ArrayBlockingQueue.take(ArrayBlockingQueue.java:403)
        at java.util.concurrent.ThreadPoolExecutor.getTask(ThreadPoolExecutor.java:1074)
        at java.util.concurrent.ThreadPoolExecutor.runWorker(ThreadPoolExecutor.java:1134)
        at java.util.concurrent.ThreadPoolExecutor$Worker.run(ThreadPoolExecutor.java:624)
        at java.lang.Thread.run(Thread.java:748)
"pool-138-thread-33"  prio=5 tid=1704 in Object.wait()
java.lang.Thread.State: WAITING (on object monitor)
        at sun.misc.Unsafe.park(Native Method)
        at java.util.concurrent.locks.LockSupport.park(LockSupport.java:175)
        at java.util.concurrent.locks.AbstractQueuedSynchronizer$ConditionObject.await(AbstractQueuedSynchronizer.java:2039)
        at java.util.concurrent.ArrayBlockingQueue.take(ArrayBlockingQueue.java:403)
        at java.util.concurrent.ThreadPoolExecutor.getTask(ThreadPoolExecutor.java:1074)
        at java.util.concurrent.ThreadPoolExecutor.runWorker(ThreadPoolExecutor.java:1134)
        at java.util.concurrent.ThreadPoolExecutor$Worker.run(ThreadPoolExecutor.java:624)
        at java.lang.Thread.run(Thread.java:748)
"pool-148-thread-34"  prio=5 tid=1781 in Object.wait()
java.lang.Thread.State: WAITING (on object monitor)
        at sun.misc.Unsafe.park(Native Method)
        at java.util.concurrent.locks.LockSupport.park(LockSupport.java:175)
        at java.util.concurrent.locks.AbstractQueuedSynchronizer$ConditionObject.await(AbstractQueuedSynchronizer.java:2039)
        at java.util.concurrent.ArrayBlockingQueue.take(ArrayBlockingQueue.java:403)
        at java.util.concurrent.ThreadPoolExecutor.getTask(ThreadPoolExecutor.java:1074)
        at java.util.concurrent.ThreadPoolExecutor.runWorker(ThreadPoolExecutor.java:1134)
        at java.util.concurrent.ThreadPoolExecutor$Worker.run(ThreadPoolExecutor.java:624)
        at java.lang.Thread.run(Thread.java:748)
"metrics-hadoop-metrics2-reporter-98-thread-1" daemon prio=5 tid=1536 timed_waiting
java.lang.Thread.State: TIMED_WAITING
        at sun.misc.Unsafe.park(Native Method)
        at java.util.concurrent.locks.LockSupport.parkNanos(LockSupport.java:215)
        at java.util.concurrent.locks.AbstractQueuedSynchronizer$ConditionObject.awaitNanos(AbstractQueuedSynchronizer.java:2078)
        at java.util.concurrent.ScheduledThreadPoolExecutor$DelayedWorkQueue.take(ScheduledThreadPoolExecutor.java:1093)
        at java.util.concurrent.ScheduledThreadPoolExecutor$DelayedWorkQueue.take(ScheduledThreadPoolExecutor.java:809)
        at java.util.concurrent.ThreadPoolExecutor.getTask(ThreadPoolExecutor.java:1074)
        at java.util.concurrent.ThreadPoolExecutor.runWorker(ThreadPoolExecutor.java:1134)
        at java.util.concurrent.ThreadPoolExecutor$Worker.run(ThreadPoolExecutor.java:624)
        at java.lang.Thread.run(Thread.java:748)
"metrics-hadoop-metrics2-reporter-28-thread-1" daemon prio=5 tid=768 timed_waiting
java.lang.Thread.State: TIMED_WAITING
        at sun.misc.Unsafe.park(Native Method)
        at java.util.concurrent.locks.LockSupport.parkNanos(LockSupport.java:215)
        at java.util.concurrent.locks.AbstractQueuedSynchronizer$ConditionObject.awaitNanos(AbstractQueuedSynchronizer.java:2078)
        at java.util.concurrent.ScheduledThreadPoolExecutor$DelayedWorkQueue.take(ScheduledThreadPoolExecutor.java:1093)
        at java.util.concurrent.ScheduledThreadPoolExecutor$DelayedWorkQueue.take(ScheduledThreadPoolExecutor.java:809)
        at java.util.concurrent.ThreadPoolExecutor.getTask(ThreadPoolExecutor.java:1074)
        at java.util.concurrent.ThreadPoolExecutor.runWorker(ThreadPoolExecutor.java:1134)
        at java.util.concurrent.ThreadPoolExecutor$Worker.run(ThreadPoolExecutor.java:624)
        at java.lang.Thread.run(Thread.java:748)
"metrics-hadoop-metrics2-reporter-47-thread-1" daemon prio=5 tid=848 timed_waiting
java.lang.Thread.State: TIMED_WAITING
        at sun.misc.Unsafe.park(Native Method)
        at java.util.concurrent.locks.LockSupport.parkNanos(LockSupport.java:215)
        at java.util.concurrent.locks.AbstractQueuedSynchronizer$ConditionObject.awaitNanos(AbstractQueuedSynchronizer.java:2078)
        at java.util.concurrent.ScheduledThreadPoolExecutor$DelayedWorkQueue.take(ScheduledThreadPoolExecutor.java:1093)
        at java.util.concurrent.ScheduledThreadPoolExecutor$DelayedWorkQueue.take(ScheduledThreadPoolExecutor.java:809)
        at java.util.concurrent.ThreadPoolExecutor.getTask(ThreadPoolExecutor.java:1074)
        at java.util.concurrent.ThreadPoolExecutor.runWorker(ThreadPoolExecutor.java:1134)
        at java.util.concurrent.ThreadPoolExecutor$Worker.run(ThreadPoolExecutor.java:624)
        at java.lang.Thread.run(Thread.java:748)
"EventQueue-SafemodestatusForSafeModeHandler" daemon prio=5 tid=1482 in Object.wait()
java.lang.Thread.State: WAITING (on object monitor)
        at sun.misc.Unsafe.park(Native Method)
        at java.util.concurrent.locks.LockSupport.park(LockSupport.java:175)
        at java.util.concurrent.locks.AbstractQueuedSynchronizer$ConditionObject.await(AbstractQueuedSynchronizer.java:2039)
        at java.util.concurrent.LinkedBlockingQueue.take(LinkedBlockingQueue.java:442)
        at java.util.concurrent.ThreadPoolExecutor.getTask(ThreadPoolExecutor.java:1074)
        at java.util.concurrent.ThreadPoolExecutor.runWorker(ThreadPoolExecutor.java:1134)
        at java.util.concurrent.ThreadPoolExecutor$Worker.run(ThreadPoolExecutor.java:624)
        at java.lang.Thread.run(Thread.java:748)
"pool-148-thread-7"  prio=5 tid=1753 in Object.wait()
java.lang.Thread.State: WAITING (on object monitor)
        at sun.misc.Unsafe.park(Native Method)
        at java.util.concurrent.locks.LockSupport.park(LockSupport.java:175)
        at java.util.concurrent.locks.AbstractQueuedSynchronizer$ConditionObject.await(AbstractQueuedSynchronizer.java:2039)
        at java.util.concurrent.ArrayBlockingQueue.take(ArrayBlockingQueue.java:403)
        at java.util.concurrent.ThreadPoolExecutor.getTask(ThreadPoolExecutor.java:1074)
        at java.util.concurrent.ThreadPoolExecutor.runWorker(ThreadPoolExecutor.java:1134)
        at java.util.concurrent.ThreadPoolExecutor$Worker.run(ThreadPoolExecutor.java:624)
        at java.lang.Thread.run(Thread.java:748)
"qtp1025473693-1152-acceptor-0@1e6551c0-ServerConnector@54e640d6{HTTP/1.1,[http/1.1]}{0.0.0.0:35486}" daemon prio=3 tid=1152 runnable
java.lang.Thread.State: RUNNABLE
        at sun.nio.ch.ServerSocketChannelImpl.accept0(Native Method)
        at sun.nio.ch.ServerSocketChannelImpl.accept(ServerSocketChannelImpl.java:422)
        at sun.nio.ch.ServerSocketChannelImpl.accept(ServerSocketChannelImpl.java:250)
        at org.eclipse.jetty.server.ServerConnector.accept(ServerConnector.java:397)
        at org.eclipse.jetty.server.AbstractConnector$Acceptor.run(AbstractConnector.java:601)
        at org.eclipse.jetty.util.thread.QueuedThreadPool.runJob(QueuedThreadPool.java:671)
        at org.eclipse.jetty.util.thread.QueuedThreadPool$2.run(QueuedThreadPool.java:589)
        at java.lang.Thread.run(Thread.java:748)
"pool-88-thread-1"  prio=5 tid=1088 timed_waiting
java.lang.Thread.State: TIMED_WAITING
        at sun.misc.Unsafe.park(Native Method)
        at java.util.concurrent.locks.LockSupport.parkNanos(LockSupport.java:215)
        at java.util.concurrent.locks.AbstractQueuedSynchronizer$ConditionObject.awaitNanos(AbstractQueuedSynchronizer.java:2078)
        at java.util.concurrent.ScheduledThreadPoolExecutor$DelayedWorkQueue.take(ScheduledThreadPoolExecutor.java:1093)
        at java.util.concurrent.ScheduledThreadPoolExecutor$DelayedWorkQueue.take(ScheduledThreadPoolExecutor.java:809)
        at java.util.concurrent.ThreadPoolExecutor.getTask(ThreadPoolExecutor.java:1074)
        at java.util.concurrent.ThreadPoolExecutor.runWorker(ThreadPoolExecutor.java:1134)
        at java.util.concurrent.ThreadPoolExecutor$Worker.run(ThreadPoolExecutor.java:624)
        at java.lang.Thread.run(Thread.java:748)
"metrics-hadoop-metrics2-reporter-8-thread-1" daemon prio=5 tid=721 timed_waiting
java.lang.Thread.State: TIMED_WAITING
        at sun.misc.Unsafe.park(Native Method)
        at java.util.concurrent.locks.LockSupport.parkNanos(LockSupport.java:215)
        at java.util.concurrent.locks.AbstractQueuedSynchronizer$ConditionObject.awaitNanos(AbstractQueuedSynchronizer.java:2078)
        at java.util.concurrent.ScheduledThreadPoolExecutor$DelayedWorkQueue.take(ScheduledThreadPoolExecutor.java:1093)
        at java.util.concurrent.ScheduledThreadPoolExecutor$DelayedWorkQueue.take(ScheduledThreadPoolExecutor.java:809)
        at java.util.concurrent.ThreadPoolExecutor.getTask(ThreadPoolExecutor.java:1074)
        at java.util.concurrent.ThreadPoolExecutor.runWorker(ThreadPoolExecutor.java:1134)
        at java.util.concurrent.ThreadPoolExecutor$Worker.run(ThreadPoolExecutor.java:624)
        at java.lang.Thread.run(Thread.java:748)
"RatisPipelineUtilsThread"  prio=5 tid=1476 timed_waiting
java.lang.Thread.State: TIMED_WAITING
        at sun.misc.Unsafe.park(Native Method)
        at java.util.concurrent.locks.LockSupport.parkNanos(LockSupport.java:215)
        at java.util.concurrent.locks.AbstractQueuedSynchronizer$ConditionObject.awaitNanos(AbstractQueuedSynchronizer.java:2078)
        at java.util.concurrent.ScheduledThreadPoolExecutor$DelayedWorkQueue.take(ScheduledThreadPoolExecutor.java:1093)
        at java.util.concurrent.ScheduledThreadPoolExecutor$DelayedWorkQueue.take(ScheduledThreadPoolExecutor.java:809)
        at java.util.concurrent.ThreadPoolExecutor.getTask(ThreadPoolExecutor.java:1074)
        at java.util.concurrent.ThreadPoolExecutor.runWorker(ThreadPoolExecutor.java:1134)
        at java.util.concurrent.ThreadPoolExecutor$Worker.run(ThreadPoolExecutor.java:624)
        at java.lang.Thread.run(Thread.java:748)
"metrics-hadoop-metrics2-reporter-20-thread-1" daemon prio=5 tid=749 timed_waiting
java.lang.Thread.State: TIMED_WAITING
        at sun.misc.Unsafe.park(Native Method)
        at java.util.concurrent.locks.LockSupport.parkNanos(LockSupport.java:215)
        at java.util.concurrent.locks.AbstractQueuedSynchronizer$ConditionObject.awaitNanos(AbstractQueuedSynchronizer.java:2078)
        at java.util.concurrent.ScheduledThreadPoolExecutor$DelayedWorkQueue.take(ScheduledThreadPoolExecutor.java:1093)
        at java.util.concurrent.ScheduledThreadPoolExecutor$DelayedWorkQueue.take(ScheduledThreadPoolExecutor.java:809)
        at java.util.concurrent.ThreadPoolExecutor.getTask(ThreadPoolExecutor.java:1074)
        at java.util.concurrent.ThreadPoolExecutor.runWorker(ThreadPoolExecutor.java:1134)
        at java.util.concurrent.ThreadPoolExecutor$Worker.run(ThreadPoolExecutor.java:624)
        at java.lang.Thread.run(Thread.java:748)
"IPC Server handler 3 on 38802" daemon prio=5 tid=1114 timed_waiting
java.lang.Thread.State: TIMED_WAITING
        at sun.misc.Unsafe.park(Native Method)
        at java.util.concurrent.locks.LockSupport.parkNanos(LockSupport.java:215)
        at java.util.concurrent.locks.AbstractQueuedSynchronizer$ConditionObject.awaitNanos(AbstractQueuedSynchronizer.java:2078)
        at java.util.concurrent.LinkedBlockingQueue.poll(LinkedBlockingQueue.java:467)
        at org.apache.hadoop.ipc.CallQueueManager.take(CallQueueManager.java:288)
        at org.apache.hadoop.ipc.Server$Handler.run(Server.java:2668)
"BlockDeletingService#1" daemon prio=5 tid=1889 in Object.wait()
java.lang.Thread.State: WAITING (on object monitor)
        at sun.misc.Unsafe.park(Native Method)
        at java.util.concurrent.locks.LockSupport.park(LockSupport.java:175)
        at java.util.concurrent.locks.AbstractQueuedSynchronizer$ConditionObject.await(AbstractQueuedSynchronizer.java:2039)
        at java.util.concurrent.ScheduledThreadPoolExecutor$DelayedWorkQueue.take(ScheduledThreadPoolExecutor.java:1088)
        at java.util.concurrent.ScheduledThreadPoolExecutor$DelayedWorkQueue.take(ScheduledThreadPoolExecutor.java:809)
        at java.util.concurrent.ThreadPoolExecutor.getTask(ThreadPoolExecutor.java:1074)
        at java.util.concurrent.ThreadPoolExecutor.runWorker(ThreadPoolExecutor.java:1134)
        at java.util.concurrent.ThreadPoolExecutor$Worker.run(ThreadPoolExecutor.java:624)
        at java.lang.Thread.run(Thread.java:748)
"IPC Server idle connection scanner for port 38802" daemon prio=5 tid=1082 timed_waiting
java.lang.Thread.State: TIMED_WAITING
        at java.lang.Object.wait(Native Method)
        at java.util.TimerThread.mainLoop(Timer.java:552)
        at java.util.TimerThread.run(Timer.java:505)
"metrics-hadoop-metrics2-reporter-11-thread-1" daemon prio=5 tid=728 timed_waiting
java.lang.Thread.State: TIMED_WAITING
        at sun.misc.Unsafe.park(Native Method)
        at java.util.concurrent.locks.LockSupport.parkNanos(LockSupport.java:215)
        at java.util.concurrent.locks.AbstractQueuedSynchronizer$ConditionObject.awaitNanos(AbstractQueuedSynchronizer.java:2078)
        at java.util.concurrent.ScheduledThreadPoolExecutor$DelayedWorkQueue.take(ScheduledThreadPoolExecutor.java:1093)
        at java.util.concurrent.ScheduledThreadPoolExecutor$DelayedWorkQueue.take(ScheduledThreadPoolExecutor.java:809)
        at java.util.concurrent.ThreadPoolExecutor.getTask(ThreadPoolExecutor.java:1074)
        at java.util.concurrent.ThreadPoolExecutor.runWorker(ThreadPoolExecutor.java:1134)
        at java.util.concurrent.ThreadPoolExecutor$Worker.run(ThreadPoolExecutor.java:624)
        at java.lang.Thread.run(Thread.java:748)
"metrics-hadoop-metrics2-reporter-13-thread-1" daemon prio=5 tid=731 timed_waiting
java.lang.Thread.State: TIMED_WAITING
        at sun.misc.Unsafe.park(Native Method)
        at java.util.concurrent.locks.LockSupport.parkNanos(LockSupport.java:215)
        at java.util.concurrent.locks.AbstractQueuedSynchronizer$ConditionObject.awaitNanos(AbstractQueuedSynchronizer.java:2078)
        at java.util.concurrent.ScheduledThreadPoolExecutor$DelayedWorkQueue.take(ScheduledThreadPoolExecutor.java:1093)
        at java.util.concurrent.ScheduledThreadPoolExecutor$DelayedWorkQueue.take(ScheduledThreadPoolExecutor.java:809)
        at java.util.concurrent.ThreadPoolExecutor.getTask(ThreadPoolExecutor.java:1074)
        at java.util.concurrent.ThreadPoolExecutor.runWorker(ThreadPoolExecutor.java:1134)
        at java.util.concurrent.ThreadPoolExecutor$Worker.run(ThreadPoolExecutor.java:624)
        at java.lang.Thread.run(Thread.java:748)
"pool-152-thread-1"  prio=5 tid=1612 timed_waiting
java.lang.Thread.State: TIMED_WAITING
        at sun.misc.Unsafe.park(Native Method)
        at java.util.concurrent.locks.LockSupport.parkNanos(LockSupport.java:215)
        at java.util.concurrent.locks.AbstractQueuedSynchronizer$ConditionObject.awaitNanos(AbstractQueuedSynchronizer.java:2078)
        at java.util.concurrent.ScheduledThreadPoolExecutor$DelayedWorkQueue.take(ScheduledThreadPoolExecutor.java:1093)
        at java.util.concurrent.ScheduledThreadPoolExecutor$DelayedWorkQueue.take(ScheduledThreadPoolExecutor.java:809)
        at java.util.concurrent.ThreadPoolExecutor.getTask(ThreadPoolExecutor.java:1074)
        at java.util.concurrent.ThreadPoolExecutor.runWorker(ThreadPoolExecutor.java:1134)
        at java.util.concurrent.ThreadPoolExecutor$Worker.run(ThreadPoolExecutor.java:624)
        at java.lang.Thread.run(Thread.java:748)
"Socket Reader #1 for port 45184"  prio=5 tid=1168 runnable
java.lang.Thread.State: RUNNABLE
        at sun.nio.ch.EPollArrayWrapper.epollWait(Native Method)
        at sun.nio.ch.EPollArrayWrapper.poll(EPollArrayWrapper.java:269)
        at sun.nio.ch.EPollSelectorImpl.doSelect(EPollSelectorImpl.java:93)
        at sun.nio.ch.SelectorImpl.lockAndDoSelect(SelectorImpl.java:86)
        at sun.nio.ch.SelectorImpl.select(SelectorImpl.java:97)
        at sun.nio.ch.SelectorImpl.select(SelectorImpl.java:101)
        at org.apache.hadoop.ipc.Server$Listener$Reader.doRunLoop(Server.java:1097)
        at org.apache.hadoop.ipc.Server$Listener$Reader.run(Server.java:1076)
"metrics-hadoop-metrics2-reporter-122-thread-1" daemon prio=5 tid=1964 timed_waiting
java.lang.Thread.State: TIMED_WAITING
        at sun.misc.Unsafe.park(Native Method)
        at java.util.concurrent.locks.LockSupport.parkNanos(LockSupport.java:215)
        at java.util.concurrent.locks.AbstractQueuedSynchronizer$ConditionObject.awaitNanos(AbstractQueuedSynchronizer.java:2078)
        at java.util.concurrent.ScheduledThreadPoolExecutor$DelayedWorkQueue.take(ScheduledThreadPoolExecutor.java:1093)
        at java.util.concurrent.ScheduledThreadPoolExecutor$DelayedWorkQueue.take(ScheduledThreadPoolExecutor.java:809)
        at java.util.concurrent.ThreadPoolExecutor.getTask(ThreadPoolExecutor.java:1074)
        at java.util.concurrent.ThreadPoolExecutor.runWorker(ThreadPoolExecutor.java:1134)
        at java.util.concurrent.ThreadPoolExecutor$Worker.run(ThreadPoolExecutor.java:624)
        at java.lang.Thread.run(Thread.java:748)
"Datanode ReportManager Thread - 2" daemon prio=5 tid=1632 in Object.wait()
java.lang.Thread.State: WAITING (on object monitor)
        at sun.misc.Unsafe.park(Native Method)
        at java.util.concurrent.locks.LockSupport.park(LockSupport.java:175)
        at java.util.concurrent.locks.AbstractQueuedSynchronizer$ConditionObject.await(AbstractQueuedSynchronizer.java:2039)
        at java.util.concurrent.ScheduledThreadPoolExecutor$DelayedWorkQueue.take(ScheduledThreadPoolExecutor.java:1088)
        at java.util.concurrent.ScheduledThreadPoolExecutor$DelayedWorkQueue.take(ScheduledThreadPoolExecutor.java:809)
        at java.util.concurrent.ThreadPoolExecutor.getTask(ThreadPoolExecutor.java:1074)
        at java.util.concurrent.ThreadPoolExecutor.runWorker(ThreadPoolExecutor.java:1134)
        at java.util.concurrent.ThreadPoolExecutor$Worker.run(ThreadPoolExecutor.java:624)
        at java.lang.Thread.run(Thread.java:748)
"IPC Server handler 10 on 45184" daemon prio=5 tid=1184 timed_waiting
java.lang.Thread.State: TIMED_WAITING
        at sun.misc.Unsafe.park(Native Method)
        at java.util.concurrent.locks.LockSupport.parkNanos(LockSupport.java:215)
        at java.util.concurrent.locks.AbstractQueuedSynchronizer$ConditionObject.awaitNanos(AbstractQueuedSynchronizer.java:2078)
        at java.util.concurrent.LinkedBlockingQueue.poll(LinkedBlockingQueue.java:467)
        at org.apache.hadoop.ipc.CallQueueManager.take(CallQueueManager.java:288)
        at org.apache.hadoop.ipc.Server$Handler.run(Server.java:2668)
"bc0bc980-c963-48ce-962e-85091c893131@group-65A7CFDAF5F6-SegmentedRaftLogWorker"  prio=5 tid=1909 timed_waiting
java.lang.Thread.State: TIMED_WAITING
        at sun.misc.Unsafe.park(Native Method)
        at java.util.concurrent.locks.LockSupport.parkNanos(LockSupport.java:215)
        at java.util.concurrent.locks.AbstractQueuedSynchronizer$ConditionObject.awaitNanos(AbstractQueuedSynchronizer.java:2078)
        at org.apache.ratis.util.DataBlockingQueue.poll(DataBlockingQueue.java:137)
        at org.apache.ratis.server.raftlog.segmented.SegmentedRaftLogWorker.run(SegmentedRaftLogWorker.java:282)
        at java.lang.Thread.run(Thread.java:748)
"pool-138-thread-32"  prio=5 tid=1703 in Object.wait()
java.lang.Thread.State: WAITING (on object monitor)
        at sun.misc.Unsafe.park(Native Method)
        at java.util.concurrent.locks.LockSupport.park(LockSupport.java:175)
        at java.util.concurrent.locks.AbstractQueuedSynchronizer$ConditionObject.await(AbstractQueuedSynchronizer.java:2039)
        at java.util.concurrent.ArrayBlockingQueue.take(ArrayBlockingQueue.java:403)
        at java.util.concurrent.ThreadPoolExecutor.getTask(ThreadPoolExecutor.java:1074)
        at java.util.concurrent.ThreadPoolExecutor.runWorker(ThreadPoolExecutor.java:1134)
        at java.util.concurrent.ThreadPoolExecutor$Worker.run(ThreadPoolExecutor.java:624)
        at java.lang.Thread.run(Thread.java:748)
"IPC Server handler 17 on 38131" daemon prio=5 tid=1148 timed_waiting
java.lang.Thread.State: TIMED_WAITING
        at sun.misc.Unsafe.park(Native Method)
        at java.util.concurrent.locks.LockSupport.parkNanos(LockSupport.java:215)
        at java.util.concurrent.locks.AbstractQueuedSynchronizer$ConditionObject.awaitNanos(AbstractQueuedSynchronizer.java:2078)
        at java.util.concurrent.LinkedBlockingQueue.poll(LinkedBlockingQueue.java:467)
        at org.apache.hadoop.ipc.CallQueueManager.take(CallQueueManager.java:288)
        at org.apache.hadoop.ipc.Server$Handler.run(Server.java:2668)
"pool-142-thread-1"  prio=5 tid=1584 timed_waiting
java.lang.Thread.State: TIMED_WAITING
        at sun.misc.Unsafe.park(Native Method)
        at java.util.concurrent.locks.LockSupport.parkNanos(LockSupport.java:215)
        at java.util.concurrent.locks.AbstractQueuedSynchronizer$ConditionObject.awaitNanos(AbstractQueuedSynchronizer.java:2078)
        at java.util.concurrent.ScheduledThreadPoolExecutor$DelayedWorkQueue.take(ScheduledThreadPoolExecutor.java:1093)
        at java.util.concurrent.ScheduledThreadPoolExecutor$DelayedWorkQueue.take(ScheduledThreadPoolExecutor.java:809)
        at java.util.concurrent.ThreadPoolExecutor.getTask(ThreadPoolExecutor.java:1074)
        at java.util.concurrent.ThreadPoolExecutor.runWorker(ThreadPoolExecutor.java:1134)
        at java.util.concurrent.ThreadPoolExecutor$Worker.run(ThreadPoolExecutor.java:624)
        at java.lang.Thread.run(Thread.java:748)
"org.eclipse.jetty.server.session.HashSessionManager@340705a5Timer" daemon prio=5 tid=1627 timed_waiting
java.lang.Thread.State: TIMED_WAITING
        at sun.misc.Unsafe.park(Native Method)
        at java.util.concurrent.locks.LockSupport.parkNanos(LockSupport.java:215)
        at java.util.concurrent.locks.AbstractQueuedSynchronizer$ConditionObject.awaitNanos(AbstractQueuedSynchronizer.java:2078)
        at java.util.concurrent.ScheduledThreadPoolExecutor$DelayedWorkQueue.take(ScheduledThreadPoolExecutor.java:1093)
        at java.util.concurrent.ScheduledThreadPoolExecutor$DelayedWorkQueue.take(ScheduledThreadPoolExecutor.java:809)
        at java.util.concurrent.ThreadPoolExecutor.getTask(ThreadPoolExecutor.java:1074)
        at java.util.concurrent.ThreadPoolExecutor.runWorker(ThreadPoolExecutor.java:1134)
        at java.util.concurrent.ThreadPoolExecutor$Worker.run(ThreadPoolExecutor.java:624)
        at java.lang.Thread.run(Thread.java:748)
"IPC Server handler 19 on 38131" daemon prio=5 tid=1150 timed_waiting
java.lang.Thread.State: TIMED_WAITING
        at sun.misc.Unsafe.park(Native Method)
        at java.util.concurrent.locks.LockSupport.parkNanos(LockSupport.java:215)
        at java.util.concurrent.locks.AbstractQueuedSynchronizer$ConditionObject.awaitNanos(AbstractQueuedSynchronizer.java:2078)
        at java.util.concurrent.LinkedBlockingQueue.poll(LinkedBlockingQueue.java:467)
        at org.apache.hadoop.ipc.CallQueueManager.take(CallQueueManager.java:288)
        at org.apache.hadoop.ipc.Server$Handler.run(Server.java:2668)
"pool-138-thread-36"  prio=5 tid=1707 in Object.wait()
java.lang.Thread.State: WAITING (on object monitor)
        at sun.misc.Unsafe.park(Native Method)
        at java.util.concurrent.locks.LockSupport.park(LockSupport.java:175)
        at java.util.concurrent.locks.AbstractQueuedSynchronizer$ConditionObject.await(AbstractQueuedSynchronizer.java:2039)
        at java.util.concurrent.ArrayBlockingQueue.take(ArrayBlockingQueue.java:403)
        at java.util.concurrent.ThreadPoolExecutor.getTask(ThreadPoolExecutor.java:1074)
        at java.util.concurrent.ThreadPoolExecutor.runWorker(ThreadPoolExecutor.java:1134)
        at java.util.concurrent.ThreadPoolExecutor$Worker.run(ThreadPoolExecutor.java:624)
        at java.lang.Thread.run(Thread.java:748)
"qtp1570597614-1648-acceptor-0@1de9b522-ServerConnector@4a76d03d{HTTP/1.1,[http/1.1]}{0.0.0.0:43830}" daemon prio=3 tid=1648 runnable
java.lang.Thread.State: RUNNABLE
        at sun.nio.ch.ServerSocketChannelImpl.accept0(Native Method)
        at sun.nio.ch.ServerSocketChannelImpl.accept(ServerSocketChannelImpl.java:422)
        at sun.nio.ch.ServerSocketChannelImpl.accept(ServerSocketChannelImpl.java:250)
        at org.eclipse.jetty.server.ServerConnector.accept(ServerConnector.java:397)
        at org.eclipse.jetty.server.AbstractConnector$Acceptor.run(AbstractConnector.java:601)
        at org.eclipse.jetty.util.thread.QueuedThreadPool.runJob(QueuedThreadPool.java:671)
        at org.eclipse.jetty.util.thread.QueuedThreadPool$2.run(QueuedThreadPool.java:589)
        at java.lang.Thread.run(Thread.java:748)
"IPC Server handler 4 on 46609" daemon prio=5 tid=1095 timed_waiting
java.lang.Thread.State: TIMED_WAITING
        at sun.misc.Unsafe.park(Native Method)
        at java.util.concurrent.locks.LockSupport.parkNanos(LockSupport.java:215)
        at java.util.concurrent.locks.AbstractQueuedSynchronizer$ConditionObject.awaitNanos(AbstractQueuedSynchronizer.java:2078)
        at java.util.concurrent.LinkedBlockingQueue.poll(LinkedBlockingQueue.java:467)
        at org.apache.hadoop.ipc.CallQueueManager.take(CallQueueManager.java:288)
        at org.apache.hadoop.ipc.Server$Handler.run(Server.java:2668)
"Finalizer" daemon prio=8 tid=3 in Object.wait()
java.lang.Thread.State: WAITING (on object monitor)
        at java.lang.Object.wait(Native Method)
        at java.lang.ref.ReferenceQueue.remove(ReferenceQueue.java:144)
        at java.lang.ref.ReferenceQueue.remove(ReferenceQueue.java:165)
        at java.lang.ref.Finalizer$FinalizerThread.run(Finalizer.java:216)
"qtp1570597614-1653" daemon prio=5 tid=1653 timed_waiting
java.lang.Thread.State: TIMED_WAITING
        at sun.misc.Unsafe.park(Native Method)
        at java.util.concurrent.locks.LockSupport.parkNanos(LockSupport.java:215)
        at java.util.concurrent.locks.AbstractQueuedSynchronizer$ConditionObject.awaitNanos(AbstractQueuedSynchronizer.java:2078)
        at org.eclipse.jetty.util.BlockingArrayQueue.poll(BlockingArrayQueue.java:392)
        at org.eclipse.jetty.util.thread.QueuedThreadPool.idleJobPoll(QueuedThreadPool.java:563)
        at org.eclipse.jetty.util.thread.QueuedThreadPool.access$800(QueuedThreadPool.java:48)
        at org.eclipse.jetty.util.thread.QueuedThreadPool$2.run(QueuedThreadPool.java:626)
        at java.lang.Thread.run(Thread.java:748)
"IPC Server handler 0 on 45184" daemon prio=5 tid=1173 timed_waiting
java.lang.Thread.State: TIMED_WAITING
        at sun.misc.Unsafe.park(Native Method)
        at java.util.concurrent.locks.LockSupport.parkNanos(LockSupport.java:215)
        at java.util.concurrent.locks.AbstractQueuedSynchronizer$ConditionObject.awaitNanos(AbstractQueuedSynchronizer.java:2078)
        at java.util.concurrent.LinkedBlockingQueue.poll(LinkedBlockingQueue.java:467)
        at org.apache.hadoop.ipc.CallQueueManager.take(CallQueueManager.java:288)
        at org.apache.hadoop.ipc.Server$Handler.run(Server.java:2668)
"IPC Server handler 12 on 38802" daemon prio=5 tid=1123 timed_waiting
java.lang.Thread.State: TIMED_WAITING
        at sun.misc.Unsafe.park(Native Method)
        at java.util.concurrent.locks.LockSupport.parkNanos(LockSupport.java:215)
        at java.util.concurrent.locks.AbstractQueuedSynchronizer$ConditionObject.awaitNanos(AbstractQueuedSynchronizer.java:2078)
        at java.util.concurrent.LinkedBlockingQueue.poll(LinkedBlockingQueue.java:467)
        at org.apache.hadoop.ipc.CallQueueManager.take(CallQueueManager.java:288)
        at org.apache.hadoop.ipc.Server$Handler.run(Server.java:2668)
"metrics-hadoop-metrics2-reporter-123-thread-1" daemon prio=5 tid=1966 timed_waiting
java.lang.Thread.State: TIMED_WAITING
        at sun.misc.Unsafe.park(Native Method)
        at java.util.concurrent.locks.LockSupport.parkNanos(LockSupport.java:215)
        at java.util.concurrent.locks.AbstractQueuedSynchronizer$ConditionObject.awaitNanos(AbstractQueuedSynchronizer.java:2078)
        at java.util.concurrent.ScheduledThreadPoolExecutor$DelayedWorkQueue.take(ScheduledThreadPoolExecutor.java:1093)
        at java.util.concurrent.ScheduledThreadPoolExecutor$DelayedWorkQueue.take(ScheduledThreadPoolExecutor.java:809)
        at java.util.concurrent.ThreadPoolExecutor.getTask(ThreadPoolExecutor.java:1074)
        at java.util.concurrent.ThreadPoolExecutor.runWorker(ThreadPoolExecutor.java:1134)
        at java.util.concurrent.ThreadPoolExecutor$Worker.run(ThreadPoolExecutor.java:624)
        at java.lang.Thread.run(Thread.java:748)
"qtp1570597614-1650" daemon prio=5 tid=1650 timed_waiting
java.lang.Thread.State: TIMED_WAITING
        at sun.misc.Unsafe.park(Native Method)
        at java.util.concurrent.locks.LockSupport.parkNanos(LockSupport.java:215)
        at java.util.concurrent.locks.AbstractQueuedSynchronizer$ConditionObject.awaitNanos(AbstractQueuedSynchronizer.java:2078)
        at org.eclipse.jetty.util.BlockingArrayQueue.poll(BlockingArrayQueue.java:392)
        at org.eclipse.jetty.util.thread.QueuedThreadPool.idleJobPoll(QueuedThreadPool.java:563)
        at org.eclipse.jetty.util.thread.QueuedThreadPool.access$800(QueuedThreadPool.java:48)
        at org.eclipse.jetty.util.thread.QueuedThreadPool$2.run(QueuedThreadPool.java:626)
        at java.lang.Thread.run(Thread.java:748)
"IPC Server handler 15 on 45184" daemon prio=5 tid=1189 timed_waiting
java.lang.Thread.State: TIMED_WAITING
        at sun.misc.Unsafe.park(Native Method)
        at java.util.concurrent.locks.LockSupport.parkNanos(LockSupport.java:215)
        at java.util.concurrent.locks.AbstractQueuedSynchronizer$ConditionObject.awaitNanos(AbstractQueuedSynchronizer.java:2078)
        at java.util.concurrent.LinkedBlockingQueue.poll(LinkedBlockingQueue.java:467)
        at org.apache.hadoop.ipc.CallQueueManager.take(CallQueueManager.java:288)
        at org.apache.hadoop.ipc.Server$Handler.run(Server.java:2668)
"d612b743-bedc-4c3f-983e-e3329f8a2e6f@group-28ACFA97060E-StateMachineUpdater" daemon prio=5 tid=1942 in Object.wait()
java.lang.Thread.State: WAITING (on object monitor)
        at java.lang.Object.wait(Native Method)
        at java.lang.Object.wait(Object.java:502)
        at org.apache.ratis.server.impl.StateMachineUpdater.waitForCommit(StateMachineUpdater.java:194)
        at org.apache.ratis.server.impl.StateMachineUpdater.run(StateMachineUpdater.java:159)
        at java.lang.Thread.run(Thread.java:748)
"IPC Server handler 6 on 45184" daemon prio=5 tid=1180 timed_waiting
java.lang.Thread.State: TIMED_WAITING
        at sun.misc.Unsafe.park(Native Method)
        at java.util.concurrent.locks.LockSupport.parkNanos(LockSupport.java:215)
        at java.util.concurrent.locks.AbstractQueuedSynchronizer$ConditionObject.awaitNanos(AbstractQueuedSynchronizer.java:2078)
        at java.util.concurrent.LinkedBlockingQueue.poll(LinkedBlockingQueue.java:467)
        at org.apache.hadoop.ipc.CallQueueManager.take(CallQueueManager.java:288)
        at org.apache.hadoop.ipc.Server$Handler.run(Server.java:2668)
"Thread-2226" daemon prio=5 tid=3379 timed_waiting
java.lang.Thread.State: TIMED_WAITING
        at java.lang.Thread.sleep(Native Method)
        at org.apache.ratis.util.JavaUtils.sleep(JavaUtils.java:247)
        at org.apache.ratis.server.impl.FollowerState.run(FollowerState.java:97)
"pool-148-thread-36"  prio=5 tid=1783 in Object.wait()
java.lang.Thread.State: WAITING (on object monitor)
        at sun.misc.Unsafe.park(Native Method)
        at java.util.concurrent.locks.LockSupport.park(LockSupport.java:175)
        at java.util.concurrent.locks.AbstractQueuedSynchronizer$ConditionObject.await(AbstractQueuedSynchronizer.java:2039)
        at java.util.concurrent.ArrayBlockingQueue.take(ArrayBlockingQueue.java:403)
        at java.util.concurrent.ThreadPoolExecutor.getTask(ThreadPoolExecutor.java:1074)
        at java.util.concurrent.ThreadPoolExecutor.runWorker(ThreadPoolExecutor.java:1134)
        at java.util.concurrent.ThreadPoolExecutor$Worker.run(ThreadPoolExecutor.java:624)
        at java.lang.Thread.run(Thread.java:748)
"metrics-hadoop-metrics2-reporter-104-thread-1" daemon prio=5 tid=1555 timed_waiting
java.lang.Thread.State: TIMED_WAITING
        at sun.misc.Unsafe.park(Native Method)
        at java.util.concurrent.locks.LockSupport.parkNanos(LockSupport.java:215)
        at java.util.concurrent.locks.AbstractQueuedSynchronizer$ConditionObject.awaitNanos(AbstractQueuedSynchronizer.java:2078)
        at java.util.concurrent.ScheduledThreadPoolExecutor$DelayedWorkQueue.take(ScheduledThreadPoolExecutor.java:1093)
        at java.util.concurrent.ScheduledThreadPoolExecutor$DelayedWorkQueue.take(ScheduledThreadPoolExecutor.java:809)
        at java.util.concurrent.ThreadPoolExecutor.getTask(ThreadPoolExecutor.java:1074)
        at java.util.concurrent.ThreadPoolExecutor.runWorker(ThreadPoolExecutor.java:1134)
        at java.util.concurrent.ThreadPoolExecutor$Worker.run(ThreadPoolExecutor.java:624)
        at java.lang.Thread.run(Thread.java:748)
"BlockDeletingService#0" daemon prio=5 tid=1810 timed_waiting
java.lang.Thread.State: TIMED_WAITING
        at sun.misc.Unsafe.park(Native Method)
        at java.util.concurrent.locks.LockSupport.parkNanos(LockSupport.java:215)
        at java.util.concurrent.locks.AbstractQueuedSynchronizer$ConditionObject.awaitNanos(AbstractQueuedSynchronizer.java:2078)
        at java.util.concurrent.ScheduledThreadPoolExecutor$DelayedWorkQueue.take(ScheduledThreadPoolExecutor.java:1093)
        at java.util.concurrent.ScheduledThreadPoolExecutor$DelayedWorkQueue.take(ScheduledThreadPoolExecutor.java:809)
        at java.util.concurrent.ThreadPoolExecutor.getTask(ThreadPoolExecutor.java:1074)
        at java.util.concurrent.ThreadPoolExecutor.runWorker(ThreadPoolExecutor.java:1134)
        at java.util.concurrent.ThreadPoolExecutor$Worker.run(ThreadPoolExecutor.java:624)
        at java.lang.Thread.run(Thread.java:748)
"pool-148-thread-55"  prio=5 tid=1802 in Object.wait()
java.lang.Thread.State: WAITING (on object monitor)
        at sun.misc.Unsafe.park(Native Method)
        at java.util.concurrent.locks.LockSupport.park(LockSupport.java:175)
        at java.util.concurrent.locks.AbstractQueuedSynchronizer$ConditionObject.await(AbstractQueuedSynchronizer.java:2039)
        at java.util.concurrent.ArrayBlockingQueue.take(ArrayBlockingQueue.java:403)
        at java.util.concurrent.ThreadPoolExecutor.getTask(ThreadPoolExecutor.java:1074)
        at java.util.concurrent.ThreadPoolExecutor.runWorker(ThreadPoolExecutor.java:1134)
        at java.util.concurrent.ThreadPoolExecutor$Worker.run(ThreadPoolExecutor.java:624)
        at java.lang.Thread.run(Thread.java:748)
"pool-138-thread-38"  prio=5 tid=1709 in Object.wait()
java.lang.Thread.State: WAITING (on object monitor)
        at sun.misc.Unsafe.park(Native Method)
        at java.util.concurrent.locks.LockSupport.park(LockSupport.java:175)
        at java.util.concurrent.locks.AbstractQueuedSynchronizer$ConditionObject.await(AbstractQueuedSynchronizer.java:2039)
        at java.util.concurrent.ArrayBlockingQueue.take(ArrayBlockingQueue.java:403)
        at java.util.concurrent.ThreadPoolExecutor.getTask(ThreadPoolExecutor.java:1074)
        at java.util.concurrent.ThreadPoolExecutor.runWorker(ThreadPoolExecutor.java:1134)
        at java.util.concurrent.ThreadPoolExecutor$Worker.run(ThreadPoolExecutor.java:624)
        at java.lang.Thread.run(Thread.java:748)
"metrics-hadoop-metrics2-reporter-105-thread-1" daemon prio=5 tid=1562 timed_waiting
java.lang.Thread.State: TIMED_WAITING
        at sun.misc.Unsafe.park(Native Method)
        at java.util.concurrent.locks.LockSupport.parkNanos(LockSupport.java:215)
        at java.util.concurrent.locks.AbstractQueuedSynchronizer$ConditionObject.awaitNanos(AbstractQueuedSynchronizer.java:2078)
        at java.util.concurrent.ScheduledThreadPoolExecutor$DelayedWorkQueue.take(ScheduledThreadPoolExecutor.java:1093)
        at java.util.concurrent.ScheduledThreadPoolExecutor$DelayedWorkQueue.take(ScheduledThreadPoolExecutor.java:809)
        at java.util.concurrent.ThreadPoolExecutor.getTask(ThreadPoolExecutor.java:1074)
        at java.util.concurrent.ThreadPoolExecutor.runWorker(ThreadPoolExecutor.java:1134)
        at java.util.concurrent.ThreadPoolExecutor$Worker.run(ThreadPoolExecutor.java:624)
        at java.lang.Thread.run(Thread.java:748)
"qtp25266959-1585" daemon prio=5 tid=1585 runnable
java.lang.Thread.State: RUNNABLE
        at sun.nio.ch.EPollArrayWrapper.epollWait(Native Method)
        at sun.nio.ch.EPollArrayWrapper.poll(EPollArrayWrapper.java:269)
        at sun.nio.ch.EPollSelectorImpl.doSelect(EPollSelectorImpl.java:93)
        at sun.nio.ch.SelectorImpl.lockAndDoSelect(SelectorImpl.java:86)
        at sun.nio.ch.SelectorImpl.select(SelectorImpl.java:97)
        at sun.nio.ch.SelectorImpl.select(SelectorImpl.java:101)
        at org.eclipse.jetty.io.ManagedSelector$SelectorProducer.select(ManagedSelector.java:243)
        at org.eclipse.jetty.io.ManagedSelector$SelectorProducer.produce(ManagedSelector.java:191)
        at org.eclipse.jetty.util.thread.strategy.ExecuteProduceConsume.executeProduceConsume(ExecuteProduceConsume.java:249)
        at org.eclipse.jetty.util.thread.strategy.ExecuteProduceConsume.produceConsume(ExecuteProduceConsume.java:148)
        at org.eclipse.jetty.util.thread.strategy.ExecuteProduceConsume.execute(ExecuteProduceConsume.java:100)
        at org.eclipse.jetty.io.ManagedSelector.run(ManagedSelector.java:147)
        at org.eclipse.jetty.util.thread.QueuedThreadPool.runJob(QueuedThreadPool.java:671)
        at org.eclipse.jetty.util.thread.QueuedThreadPool$2.run(QueuedThreadPool.java:589)
        at java.lang.Thread.run(Thread.java:748)
"metrics-hadoop-metrics2-reporter-37-thread-1" daemon prio=5 tid=802 timed_waiting
java.lang.Thread.State: TIMED_WAITING
        at sun.misc.Unsafe.park(Native Method)
        at java.util.concurrent.locks.LockSupport.parkNanos(LockSupport.java:215)
        at java.util.concurrent.locks.AbstractQueuedSynchronizer$ConditionObject.awaitNanos(AbstractQueuedSynchronizer.java:2078)
        at java.util.concurrent.ScheduledThreadPoolExecutor$DelayedWorkQueue.take(ScheduledThreadPoolExecutor.java:1093)
        at java.util.concurrent.ScheduledThreadPoolExecutor$DelayedWorkQueue.take(ScheduledThreadPoolExecutor.java:809)
        at java.util.concurrent.ThreadPoolExecutor.getTask(ThreadPoolExecutor.java:1074)
        at java.util.concurrent.ThreadPoolExecutor.runWorker(ThreadPoolExecutor.java:1134)
        at java.util.concurrent.ThreadPoolExecutor$Worker.run(ThreadPoolExecutor.java:624)
        at java.lang.Thread.run(Thread.java:748)
"metrics-hadoop-metrics2-reporter-27-thread-1" daemon prio=5 tid=767 timed_waiting
java.lang.Thread.State: TIMED_WAITING
        at sun.misc.Unsafe.park(Native Method)
        at java.util.concurrent.locks.LockSupport.parkNanos(LockSupport.java:215)
        at java.util.concurrent.locks.AbstractQueuedSynchronizer$ConditionObject.awaitNanos(AbstractQueuedSynchronizer.java:2078)
        at java.util.concurrent.ScheduledThreadPoolExecutor$DelayedWorkQueue.take(ScheduledThreadPoolExecutor.java:1093)
        at java.util.concurrent.ScheduledThreadPoolExecutor$DelayedWorkQueue.take(ScheduledThreadPoolExecutor.java:809)
        at java.util.concurrent.ThreadPoolExecutor.getTask(ThreadPoolExecutor.java:1074)
        at java.util.concurrent.ThreadPoolExecutor.runWorker(ThreadPoolExecutor.java:1134)
        at java.util.concurrent.ThreadPoolExecutor$Worker.run(ThreadPoolExecutor.java:624)
        at java.lang.Thread.run(Thread.java:748)
"DataNode DiskChecker thread 0" daemon prio=5 tid=1640 timed_waiting
java.lang.Thread.State: TIMED_WAITING
        at sun.misc.Unsafe.park(Native Method)
        at java.util.concurrent.locks.LockSupport.parkNanos(LockSupport.java:215)
        at java.util.concurrent.SynchronousQueue$TransferStack.awaitFulfill(SynchronousQueue.java:460)
        at java.util.concurrent.SynchronousQueue$TransferStack.transfer(SynchronousQueue.java:362)
        at java.util.concurrent.SynchronousQueue.poll(SynchronousQueue.java:941)
        at java.util.concurrent.ThreadPoolExecutor.getTask(ThreadPoolExecutor.java:1073)
        at java.util.concurrent.ThreadPoolExecutor.runWorker(ThreadPoolExecutor.java:1134)
        at java.util.concurrent.ThreadPoolExecutor$Worker.run(ThreadPoolExecutor.java:624)
        at java.lang.Thread.run(Thread.java:748)
"pool-158-thread-13"  prio=5 tid=1837 in Object.wait()
java.lang.Thread.State: WAITING (on object monitor)
        at sun.misc.Unsafe.park(Native Method)
        at java.util.concurrent.locks.LockSupport.park(LockSupport.java:175)
        at java.util.concurrent.locks.AbstractQueuedSynchronizer$ConditionObject.await(AbstractQueuedSynchronizer.java:2039)
        at java.util.concurrent.ArrayBlockingQueue.take(ArrayBlockingQueue.java:403)
        at java.util.concurrent.ThreadPoolExecutor.getTask(ThreadPoolExecutor.java:1074)
        at java.util.concurrent.ThreadPoolExecutor.runWorker(ThreadPoolExecutor.java:1134)
        at java.util.concurrent.ThreadPoolExecutor$Worker.run(ThreadPoolExecutor.java:624)
        at java.lang.Thread.run(Thread.java:748)
"pool-138-thread-24"  prio=5 tid=1695 in Object.wait()
java.lang.Thread.State: WAITING (on object monitor)
        at sun.misc.Unsafe.park(Native Method)
        at java.util.concurrent.locks.LockSupport.park(LockSupport.java:175)
        at java.util.concurrent.locks.AbstractQueuedSynchronizer$ConditionObject.await(AbstractQueuedSynchronizer.java:2039)
        at java.util.concurrent.ArrayBlockingQueue.take(ArrayBlockingQueue.java:403)
        at java.util.concurrent.ThreadPoolExecutor.getTask(ThreadPoolExecutor.java:1074)
        at java.util.concurrent.ThreadPoolExecutor.runWorker(ThreadPoolExecutor.java:1134)
        at java.util.concurrent.ThreadPoolExecutor$Worker.run(ThreadPoolExecutor.java:624)
        at java.lang.Thread.run(Thread.java:748)
"IPC Server handler 12 on 38131" daemon prio=5 tid=1143 timed_waiting
java.lang.Thread.State: TIMED_WAITING
        at sun.misc.Unsafe.park(Native Method)
        at java.util.concurrent.locks.LockSupport.parkNanos(LockSupport.java:215)
        at java.util.concurrent.locks.AbstractQueuedSynchronizer$ConditionObject.awaitNanos(AbstractQueuedSynchronizer.java:2078)
        at java.util.concurrent.LinkedBlockingQueue.poll(LinkedBlockingQueue.java:467)
        at org.apache.hadoop.ipc.CallQueueManager.take(CallQueueManager.java:288)
        at org.apache.hadoop.ipc.Server$Handler.run(Server.java:2668)
"Datanode State Machine Thread - 0" daemon prio=5 tid=1629 timed_waiting
java.lang.Thread.State: TIMED_WAITING
        at java.lang.Thread.sleep(Native Method)
        at org.apache.hadoop.ozone.container.common.statemachine.DatanodeStateMachine.start(DatanodeStateMachine.java:191)
        at org.apache.hadoop.ozone.container.common.statemachine.DatanodeStateMachine.lambda$startDaemon$0(DatanodeStateMachine.java:349)
        at org.apache.hadoop.ozone.container.common.statemachine.DatanodeStateMachine$$Lambda$140/1584639477.run(Unknown Source)
        at java.lang.Thread.run(Thread.java:748)
"metrics-hadoop-metrics2-reporter-42-thread-1" daemon prio=5 tid=823 timed_waiting
java.lang.Thread.State: TIMED_WAITING
        at sun.misc.Unsafe.park(Native Method)
        at java.util.concurrent.locks.LockSupport.parkNanos(LockSupport.java:215)
        at java.util.concurrent.locks.AbstractQueuedSynchronizer$ConditionObject.awaitNanos(AbstractQueuedSynchronizer.java:2078)
        at java.util.concurrent.ScheduledThreadPoolExecutor$DelayedWorkQueue.take(ScheduledThreadPoolExecutor.java:1093)
        at java.util.concurrent.ScheduledThreadPoolExecutor$DelayedWorkQueue.take(ScheduledThreadPoolExecutor.java:809)
        at java.util.concurrent.ThreadPoolExecutor.getTask(ThreadPoolExecutor.java:1074)
        at java.util.concurrent.ThreadPoolExecutor.runWorker(ThreadPoolExecutor.java:1134)
        at java.util.concurrent.ThreadPoolExecutor$Worker.run(ThreadPoolExecutor.java:624)
        at java.lang.Thread.run(Thread.java:748)
"pool-138-thread-9"  prio=5 tid=1680 in Object.wait()
java.lang.Thread.State: WAITING (on object monitor)
        at sun.misc.Unsafe.park(Native Method)
        at java.util.concurrent.locks.LockSupport.park(LockSupport.java:175)
        at java.util.concurrent.locks.AbstractQueuedSynchronizer$ConditionObject.await(AbstractQueuedSynchronizer.java:2039)
        at java.util.concurrent.ArrayBlockingQueue.take(ArrayBlockingQueue.java:403)
        at java.util.concurrent.ThreadPoolExecutor.getTask(ThreadPoolExecutor.java:1074)
        at java.util.concurrent.ThreadPoolExecutor.runWorker(ThreadPoolExecutor.java:1134)
        at java.util.concurrent.ThreadPoolExecutor$Worker.run(ThreadPoolExecutor.java:624)
        at java.lang.Thread.run(Thread.java:748)
"pool-148-thread-29"  prio=5 tid=1776 in Object.wait()
java.lang.Thread.State: WAITING (on object monitor)
        at sun.misc.Unsafe.park(Native Method)
        at java.util.concurrent.locks.LockSupport.park(LockSupport.java:175)
        at java.util.concurrent.locks.AbstractQueuedSynchronizer$ConditionObject.await(AbstractQueuedSynchronizer.java:2039)
        at java.util.concurrent.ArrayBlockingQueue.take(ArrayBlockingQueue.java:403)
        at java.util.concurrent.ThreadPoolExecutor.getTask(ThreadPoolExecutor.java:1074)
        at java.util.concurrent.ThreadPoolExecutor.runWorker(ThreadPoolExecutor.java:1134)
        at java.util.concurrent.ThreadPoolExecutor$Worker.run(ThreadPoolExecutor.java:624)
        at java.lang.Thread.run(Thread.java:748)
"metrics-hadoop-metrics2-reporter-12-thread-1" daemon prio=5 tid=729 timed_waiting
java.lang.Thread.State: TIMED_WAITING
        at sun.misc.Unsafe.park(Native Method)
        at java.util.concurrent.locks.LockSupport.parkNanos(LockSupport.java:215)
        at java.util.concurrent.locks.AbstractQueuedSynchronizer$ConditionObject.awaitNanos(AbstractQueuedSynchronizer.java:2078)
        at java.util.concurrent.ScheduledThreadPoolExecutor$DelayedWorkQueue.take(ScheduledThreadPoolExecutor.java:1093)
        at java.util.concurrent.ScheduledThreadPoolExecutor$DelayedWorkQueue.take(ScheduledThreadPoolExecutor.java:809)
        at java.util.concurrent.ThreadPoolExecutor.getTask(ThreadPoolExecutor.java:1074)
        at java.util.concurrent.ThreadPoolExecutor.runWorker(ThreadPoolExecutor.java:1134)
        at java.util.concurrent.ThreadPoolExecutor$Worker.run(ThreadPoolExecutor.java:624)
        at java.lang.Thread.run(Thread.java:748)
"pool-148-thread-28"  prio=5 tid=1775 in Object.wait()
java.lang.Thread.State: WAITING (on object monitor)
        at sun.misc.Unsafe.park(Native Method)
        at java.util.concurrent.locks.LockSupport.park(LockSupport.java:175)
        at java.util.concurrent.locks.AbstractQueuedSynchronizer$ConditionObject.await(AbstractQueuedSynchronizer.java:2039)
        at java.util.concurrent.ArrayBlockingQueue.take(ArrayBlockingQueue.java:403)
        at java.util.concurrent.ThreadPoolExecutor.getTask(ThreadPoolExecutor.java:1074)
        at java.util.concurrent.ThreadPoolExecutor.runWorker(ThreadPoolExecutor.java:1134)
        at java.util.concurrent.ThreadPoolExecutor$Worker.run(ThreadPoolExecutor.java:624)
        at java.lang.Thread.run(Thread.java:748)
"IPC Server handler 12 on 46609" daemon prio=5 tid=1103 timed_waiting
java.lang.Thread.State: TIMED_WAITING
        at sun.misc.Unsafe.park(Native Method)
        at java.util.concurrent.locks.LockSupport.parkNanos(LockSupport.java:215)
        at java.util.concurrent.locks.AbstractQueuedSynchronizer$ConditionObject.awaitNanos(AbstractQueuedSynchronizer.java:2078)
        at java.util.concurrent.LinkedBlockingQueue.poll(LinkedBlockingQueue.java:467)
        at org.apache.hadoop.ipc.CallQueueManager.take(CallQueueManager.java:288)
        at org.apache.hadoop.ipc.Server$Handler.run(Server.java:2668)
"Datanode ReportManager Thread - 3" daemon prio=5 tid=256 in Object.wait()
java.lang.Thread.State: WAITING (on object monitor)
        at sun.misc.Unsafe.park(Native Method)
        at java.util.concurrent.locks.LockSupport.park(LockSupport.java:175)
        at java.util.concurrent.locks.AbstractQueuedSynchronizer$ConditionObject.await(AbstractQueuedSynchronizer.java:2039)
        at java.util.concurrent.ScheduledThreadPoolExecutor$DelayedWorkQueue.take(ScheduledThreadPoolExecutor.java:1088)
        at java.util.concurrent.ScheduledThreadPoolExecutor$DelayedWorkQueue.take(ScheduledThreadPoolExecutor.java:809)
        at java.util.concurrent.ThreadPoolExecutor.getTask(ThreadPoolExecutor.java:1074)
        at java.util.concurrent.ThreadPoolExecutor.runWorker(ThreadPoolExecutor.java:1134)
        at java.util.concurrent.ThreadPoolExecutor$Worker.run(ThreadPoolExecutor.java:624)
        at java.lang.Thread.run(Thread.java:748)
"pool-139-thread-1"  prio=5 tid=1583 in Object.wait()
java.lang.Thread.State: WAITING (on object monitor)
        at sun.misc.Unsafe.park(Native Method)
        at java.util.concurrent.locks.LockSupport.park(LockSupport.java:175)
        at java.util.concurrent.locks.AbstractQueuedSynchronizer$ConditionObject.await(AbstractQueuedSynchronizer.java:2039)
        at java.util.concurrent.LinkedBlockingQueue.take(LinkedBlockingQueue.java:442)
        at java.util.concurrent.ThreadPoolExecutor.getTask(ThreadPoolExecutor.java:1074)
        at java.util.concurrent.ThreadPoolExecutor.runWorker(ThreadPoolExecutor.java:1134)
        at java.util.concurrent.ThreadPoolExecutor$Worker.run(ThreadPoolExecutor.java:624)
        at java.lang.Thread.run(Thread.java:748)
"pool-158-thread-42"  prio=5 tid=1866 in Object.wait()
java.lang.Thread.State: WAITING (on object monitor)
        at sun.misc.Unsafe.park(Native Method)
        at java.util.concurrent.locks.LockSupport.park(LockSupport.java:175)
        at java.util.concurrent.locks.AbstractQueuedSynchronizer$ConditionObject.await(AbstractQueuedSynchronizer.java:2039)
        at java.util.concurrent.ArrayBlockingQueue.take(ArrayBlockingQueue.java:403)
        at java.util.concurrent.ThreadPoolExecutor.getTask(ThreadPoolExecutor.java:1074)
        at java.util.concurrent.ThreadPoolExecutor.runWorker(ThreadPoolExecutor.java:1134)
        at java.util.concurrent.ThreadPoolExecutor$Worker.run(ThreadPoolExecutor.java:624)
        at java.lang.Thread.run(Thread.java:748)
"pool-158-thread-15"  prio=5 tid=1839 in Object.wait()
java.lang.Thread.State: WAITING (on object monitor)
        at sun.misc.Unsafe.park(Native Method)
        at java.util.concurrent.locks.LockSupport.park(LockSupport.java:175)
        at java.util.concurrent.locks.AbstractQueuedSynchronizer$ConditionObject.await(AbstractQueuedSynchronizer.java:2039)
        at java.util.concurrent.ArrayBlockingQueue.take(ArrayBlockingQueue.java:403)
        at java.util.concurrent.ThreadPoolExecutor.getTask(ThreadPoolExecutor.java:1074)
        at java.util.concurrent.ThreadPoolExecutor.runWorker(ThreadPoolExecutor.java:1134)
        at java.util.concurrent.ThreadPoolExecutor$Worker.run(ThreadPoolExecutor.java:624)
        at java.lang.Thread.run(Thread.java:748)
"Thread-2225" daemon prio=5 tid=3378 timed_waiting
java.lang.Thread.State: TIMED_WAITING
        at java.lang.Thread.sleep(Native Method)
        at org.apache.ratis.util.JavaUtils.sleep(JavaUtils.java:247)
        at org.apache.ratis.server.impl.FollowerState.run(FollowerState.java:97)
"qtp1410488616-1202" daemon prio=5 tid=1202 timed_waiting
java.lang.Thread.State: TIMED_WAITING
        at sun.misc.Unsafe.park(Native Method)
        at java.util.concurrent.locks.LockSupport.parkNanos(LockSupport.java:215)
        at java.util.concurrent.locks.AbstractQueuedSynchronizer$ConditionObject.awaitNanos(AbstractQueuedSynchronizer.java:2078)
        at org.eclipse.jetty.util.BlockingArrayQueue.poll(BlockingArrayQueue.java:392)
        at org.eclipse.jetty.util.thread.QueuedThreadPool.idleJobPoll(QueuedThreadPool.java:563)
        at org.eclipse.jetty.util.thread.QueuedThreadPool.access$800(QueuedThreadPool.java:48)
        at org.eclipse.jetty.util.thread.QueuedThreadPool$2.run(QueuedThreadPool.java:626)
        at java.lang.Thread.run(Thread.java:748)
"pool-158-thread-10"  prio=5 tid=1834 in Object.wait()
java.lang.Thread.State: WAITING (on object monitor)
        at sun.misc.Unsafe.park(Native Method)
        at java.util.concurrent.locks.LockSupport.park(LockSupport.java:175)
        at java.util.concurrent.locks.AbstractQueuedSynchronizer$ConditionObject.await(AbstractQueuedSynchronizer.java:2039)
        at java.util.concurrent.ArrayBlockingQueue.take(ArrayBlockingQueue.java:403)
        at java.util.concurrent.ThreadPoolExecutor.getTask(ThreadPoolExecutor.java:1074)
        at java.util.concurrent.ThreadPoolExecutor.runWorker(ThreadPoolExecutor.java:1134)
        at java.util.concurrent.ThreadPoolExecutor$Worker.run(ThreadPoolExecutor.java:624)
        at java.lang.Thread.run(Thread.java:748)
"IPC Server Responder" daemon prio=5 tid=1170 runnable
java.lang.Thread.State: RUNNABLE
        at sun.nio.ch.EPollArrayWrapper.epollWait(Native Method)
        at sun.nio.ch.EPollArrayWrapper.poll(EPollArrayWrapper.java:269)
        at sun.nio.ch.EPollSelectorImpl.doSelect(EPollSelectorImpl.java:93)
        at sun.nio.ch.SelectorImpl.lockAndDoSelect(SelectorImpl.java:86)
        at sun.nio.ch.SelectorImpl.select(SelectorImpl.java:97)
        at org.apache.hadoop.ipc.Server$Responder.doRunLoop(Server.java:1334)
        at org.apache.hadoop.ipc.Server$Responder.run(Server.java:1317)
"org.apache.hadoop.util.JvmPauseMonitor$Monitor@5d8de1ea" daemon prio=5 tid=1602 timed_waiting
java.lang.Thread.State: TIMED_WAITING
        at java.lang.Thread.sleep(Native Method)
        at org.apache.hadoop.util.JvmPauseMonitor$Monitor.run(JvmPauseMonitor.java:192)
        at java.lang.Thread.run(Thread.java:748)
"pool-148-thread-17"  prio=5 tid=1763 in Object.wait()
java.lang.Thread.State: WAITING (on object monitor)
        at sun.misc.Unsafe.park(Native Method)
        at java.util.concurrent.locks.LockSupport.park(LockSupport.java:175)
        at java.util.concurrent.locks.AbstractQueuedSynchronizer$ConditionObject.await(AbstractQueuedSynchronizer.java:2039)
        at java.util.concurrent.ArrayBlockingQueue.take(ArrayBlockingQueue.java:403)
        at java.util.concurrent.ThreadPoolExecutor.getTask(ThreadPoolExecutor.java:1074)
        at java.util.concurrent.ThreadPoolExecutor.runWorker(ThreadPoolExecutor.java:1134)
        at java.util.concurrent.ThreadPoolExecutor$Worker.run(ThreadPoolExecutor.java:624)
        at java.lang.Thread.run(Thread.java:748)
"pool-138-thread-59"  prio=5 tid=1730 in Object.wait()
java.lang.Thread.State: WAITING (on object monitor)
        at sun.misc.Unsafe.park(Native Method)
        at java.util.concurrent.locks.LockSupport.park(LockSupport.java:175)
        at java.util.concurrent.locks.AbstractQueuedSynchronizer$ConditionObject.await(AbstractQueuedSynchronizer.java:2039)
        at java.util.concurrent.ArrayBlockingQueue.take(ArrayBlockingQueue.java:403)
        at java.util.concurrent.ThreadPoolExecutor.getTask(ThreadPoolExecutor.java:1074)
        at java.util.concurrent.ThreadPoolExecutor.runWorker(ThreadPoolExecutor.java:1134)
        at java.util.concurrent.ThreadPoolExecutor$Worker.run(ThreadPoolExecutor.java:624)
        at java.lang.Thread.run(Thread.java:748)
"pool-101-thread-1"  prio=5 tid=1194 timed_waiting
java.lang.Thread.State: TIMED_WAITING
        at sun.misc.Unsafe.park(Native Method)
        at java.util.concurrent.locks.LockSupport.parkNanos(LockSupport.java:215)
        at java.util.concurrent.locks.AbstractQueuedSynchronizer$ConditionObject.awaitNanos(AbstractQueuedSynchronizer.java:2078)
        at java.util.concurrent.ScheduledThreadPoolExecutor$DelayedWorkQueue.take(ScheduledThreadPoolExecutor.java:1093)
        at java.util.concurrent.ScheduledThreadPoolExecutor$DelayedWorkQueue.take(ScheduledThreadPoolExecutor.java:809)
        at java.util.concurrent.ThreadPoolExecutor.getTask(ThreadPoolExecutor.java:1074)
        at java.util.concurrent.ThreadPoolExecutor.runWorker(ThreadPoolExecutor.java:1134)
        at java.util.concurrent.ThreadPoolExecutor$Worker.run(ThreadPoolExecutor.java:624)
        at java.lang.Thread.run(Thread.java:748)
"pool-148-thread-51"  prio=5 tid=1798 in Object.wait()
java.lang.Thread.State: WAITING (on object monitor)
        at sun.misc.Unsafe.park(Native Method)
        at java.util.concurrent.locks.LockSupport.park(LockSupport.java:175)
        at java.util.concurrent.locks.AbstractQueuedSynchronizer$ConditionObject.await(AbstractQueuedSynchronizer.java:2039)
        at java.util.concurrent.ArrayBlockingQueue.take(ArrayBlockingQueue.java:403)
        at java.util.concurrent.ThreadPoolExecutor.getTask(ThreadPoolExecutor.java:1074)
        at java.util.concurrent.ThreadPoolExecutor.runWorker(ThreadPoolExecutor.java:1134)
        at java.util.concurrent.ThreadPoolExecutor$Worker.run(ThreadPoolExecutor.java:624)
        at java.lang.Thread.run(Thread.java:748)
"metrics-hadoop-metrics2-reporter-53-thread-1" daemon prio=5 tid=862 timed_waiting
java.lang.Thread.State: TIMED_WAITING
        at sun.misc.Unsafe.park(Native Method)
        at java.util.concurrent.locks.LockSupport.parkNanos(LockSupport.java:215)
        at java.util.concurrent.locks.AbstractQueuedSynchronizer$ConditionObject.awaitNanos(AbstractQueuedSynchronizer.java:2078)
        at java.util.concurrent.ScheduledThreadPoolExecutor$DelayedWorkQueue.take(ScheduledThreadPoolExecutor.java:1093)
        at java.util.concurrent.ScheduledThreadPoolExecutor$DelayedWorkQueue.take(ScheduledThreadPoolExecutor.java:809)
        at java.util.concurrent.ThreadPoolExecutor.getTask(ThreadPoolExecutor.java:1074)
        at java.util.concurrent.ThreadPoolExecutor.runWorker(ThreadPoolExecutor.java:1134)
        at java.util.concurrent.ThreadPoolExecutor$Worker.run(ThreadPoolExecutor.java:624)
        at java.lang.Thread.run(Thread.java:748)
"pool-138-thread-26"  prio=5 tid=1697 in Object.wait()
java.lang.Thread.State: WAITING (on object monitor)
        at sun.misc.Unsafe.park(Native Method)
        at java.util.concurrent.locks.LockSupport.park(LockSupport.java:175)
        at java.util.concurrent.locks.AbstractQueuedSynchronizer$ConditionObject.await(AbstractQueuedSynchronizer.java:2039)
        at java.util.concurrent.ArrayBlockingQueue.take(ArrayBlockingQueue.java:403)
        at java.util.concurrent.ThreadPoolExecutor.getTask(ThreadPoolExecutor.java:1074)
        at java.util.concurrent.ThreadPoolExecutor.runWorker(ThreadPoolExecutor.java:1134)
        at java.util.concurrent.ThreadPoolExecutor$Worker.run(ThreadPoolExecutor.java:624)
        at java.lang.Thread.run(Thread.java:748)
"Datanode ReportManager Thread - 3" daemon prio=5 tid=1256 in Object.wait()
java.lang.Thread.State: WAITING (on object monitor)
        at sun.misc.Unsafe.park(Native Method)
        at java.util.concurrent.locks.LockSupport.park(LockSupport.java:175)
        at java.util.concurrent.locks.AbstractQueuedSynchronizer$ConditionObject.await(AbstractQueuedSynchronizer.java:2039)
        at java.util.concurrent.ScheduledThreadPoolExecutor$DelayedWorkQueue.take(ScheduledThreadPoolExecutor.java:1088)
        at java.util.concurrent.ScheduledThreadPoolExecutor$DelayedWorkQueue.take(ScheduledThreadPoolExecutor.java:809)
        at java.util.concurrent.ThreadPoolExecutor.getTask(ThreadPoolExecutor.java:1074)
        at java.util.concurrent.ThreadPoolExecutor.runWorker(ThreadPoolExecutor.java:1134)
        at java.util.concurrent.ThreadPoolExecutor$Worker.run(ThreadPoolExecutor.java:624)
        at java.lang.Thread.run(Thread.java:748)
"metrics-hadoop-metrics2-reporter-3-thread-1" daemon prio=5 tid=707 timed_waiting
java.lang.Thread.State: TIMED_WAITING
        at sun.misc.Unsafe.park(Native Method)
        at java.util.concurrent.locks.LockSupport.parkNanos(LockSupport.java:215)
        at java.util.concurrent.locks.AbstractQueuedSynchronizer$ConditionObject.awaitNanos(AbstractQueuedSynchronizer.java:2078)
        at java.util.concurrent.ScheduledThreadPoolExecutor$DelayedWorkQueue.take(ScheduledThreadPoolExecutor.java:1093)
        at java.util.concurrent.ScheduledThreadPoolExecutor$DelayedWorkQueue.take(ScheduledThreadPoolExecutor.java:809)
        at java.util.concurrent.ThreadPoolExecutor.getTask(ThreadPoolExecutor.java:1074)
        at java.util.concurrent.ThreadPoolExecutor.runWorker(ThreadPoolExecutor.java:1134)
        at java.util.concurrent.ThreadPoolExecutor$Worker.run(ThreadPoolExecutor.java:624)
        at java.lang.Thread.run(Thread.java:748)
"46069bd9-45fc-4c82-823c-36f07a1bcff0@group-28ACFA97060E-SegmentedRaftLogWorker"  prio=5 tid=1936 timed_waiting
java.lang.Thread.State: TIMED_WAITING
        at sun.misc.Unsafe.park(Native Method)
        at java.util.concurrent.locks.LockSupport.parkNanos(LockSupport.java:215)
        at java.util.concurrent.locks.AbstractQueuedSynchronizer$ConditionObject.awaitNanos(AbstractQueuedSynchronizer.java:2078)
        at org.apache.ratis.util.DataBlockingQueue.poll(DataBlockingQueue.java:137)
        at org.apache.ratis.server.raftlog.segmented.SegmentedRaftLogWorker.run(SegmentedRaftLogWorker.java:282)
        at java.lang.Thread.run(Thread.java:748)
"pool-138-thread-55"  prio=5 tid=1726 in Object.wait()
java.lang.Thread.State: WAITING (on object monitor)
        at sun.misc.Unsafe.park(Native Method)
        at java.util.concurrent.locks.LockSupport.park(LockSupport.java:175)
        at java.util.concurrent.locks.AbstractQueuedSynchronizer$ConditionObject.await(AbstractQueuedSynchronizer.java:2039)
        at java.util.concurrent.ArrayBlockingQueue.take(ArrayBlockingQueue.java:403)
        at java.util.concurrent.ThreadPoolExecutor.getTask(ThreadPoolExecutor.java:1074)
        at java.util.concurrent.ThreadPoolExecutor.runWorker(ThreadPoolExecutor.java:1134)
        at java.util.concurrent.ThreadPoolExecutor$Worker.run(ThreadPoolExecutor.java:624)
        at java.lang.Thread.run(Thread.java:748)
"IPC Server handler 2 on 38131" daemon prio=5 tid=1133 timed_waiting
java.lang.Thread.State: TIMED_WAITING
        at sun.misc.Unsafe.park(Native Method)
        at java.util.concurrent.locks.LockSupport.parkNanos(LockSupport.java:215)
        at java.util.concurrent.locks.AbstractQueuedSynchronizer$ConditionObject.awaitNanos(AbstractQueuedSynchronizer.java:2078)
        at java.util.concurrent.LinkedBlockingQueue.poll(LinkedBlockingQueue.java:467)
        at org.apache.hadoop.ipc.CallQueueManager.take(CallQueueManager.java:288)
        at org.apache.hadoop.ipc.Server$Handler.run(Server.java:2668)
"metrics-hadoop-metrics2-reporter-102-thread-1" daemon prio=5 tid=1551 timed_waiting
java.lang.Thread.State: TIMED_WAITING
        at sun.misc.Unsafe.park(Native Method)
        at java.util.concurrent.locks.LockSupport.parkNanos(LockSupport.java:215)
        at java.util.concurrent.locks.AbstractQueuedSynchronizer$ConditionObject.awaitNanos(AbstractQueuedSynchronizer.java:2078)
        at java.util.concurrent.ScheduledThreadPoolExecutor$DelayedWorkQueue.take(ScheduledThreadPoolExecutor.java:1093)
        at java.util.concurrent.ScheduledThreadPoolExecutor$DelayedWorkQueue.take(ScheduledThreadPoolExecutor.java:809)
        at java.util.concurrent.ThreadPoolExecutor.getTask(ThreadPoolExecutor.java:1074)
        at java.util.concurrent.ThreadPoolExecutor.runWorker(ThreadPoolExecutor.java:1134)
        at java.util.concurrent.ThreadPoolExecutor$Worker.run(ThreadPoolExecutor.java:624)
        at java.lang.Thread.run(Thread.java:748)
"Signal Dispatcher" daemon prio=9 tid=4 runnable
java.lang.Thread.State: RUNNABLE
"Datanode ReportManager Thread - 1" daemon prio=5 tid=1227 timed_waiting
java.lang.Thread.State: TIMED_WAITING
        at sun.misc.Unsafe.park(Native Method)
        at java.util.concurrent.locks.LockSupport.parkNanos(LockSupport.java:215)
        at java.util.concurrent.locks.AbstractQueuedSynchronizer$ConditionObject.awaitNanos(AbstractQueuedSynchronizer.java:2078)
        at java.util.concurrent.ScheduledThreadPoolExecutor$DelayedWorkQueue.take(ScheduledThreadPoolExecutor.java:1093)
        at java.util.concurrent.ScheduledThreadPoolExecutor$DelayedWorkQueue.take(ScheduledThreadPoolExecutor.java:809)
        at java.util.concurrent.ThreadPoolExecutor.getTask(ThreadPoolExecutor.java:1074)
        at java.util.concurrent.ThreadPoolExecutor.runWorker(ThreadPoolExecutor.java:1134)
        at java.util.concurrent.ThreadPoolExecutor$Worker.run(ThreadPoolExecutor.java:624)
        at java.lang.Thread.run(Thread.java:748)
"metrics-hadoop-metrics2-reporter-70-thread-1" daemon prio=5 tid=1007 timed_waiting
java.lang.Thread.State: TIMED_WAITING
        at sun.misc.Unsafe.park(Native Method)
        at java.util.concurrent.locks.LockSupport.parkNanos(LockSupport.java:215)
        at java.util.concurrent.locks.AbstractQueuedSynchronizer$ConditionObject.awaitNanos(AbstractQueuedSynchronizer.java:2078)
        at java.util.concurrent.ScheduledThreadPoolExecutor$DelayedWorkQueue.take(ScheduledThreadPoolExecutor.java:1093)
        at java.util.concurrent.ScheduledThreadPoolExecutor$DelayedWorkQueue.take(ScheduledThreadPoolExecutor.java:809)
        at java.util.concurrent.ThreadPoolExecutor.getTask(ThreadPoolExecutor.java:1074)
        at java.util.concurrent.ThreadPoolExecutor.runWorker(ThreadPoolExecutor.java:1134)
        at java.util.concurrent.ThreadPoolExecutor$Worker.run(ThreadPoolExecutor.java:624)
        at java.lang.Thread.run(Thread.java:748)
"pool-158-thread-38"  prio=5 tid=1862 in Object.wait()
java.lang.Thread.State: WAITING (on object monitor)
        at sun.misc.Unsafe.park(Native Method)
        at java.util.concurrent.locks.LockSupport.park(LockSupport.java:175)
        at java.util.concurrent.locks.AbstractQueuedSynchronizer$ConditionObject.await(AbstractQueuedSynchronizer.java:2039)
        at java.util.concurrent.ArrayBlockingQueue.take(ArrayBlockingQueue.java:403)
        at java.util.concurrent.ThreadPoolExecutor.getTask(ThreadPoolExecutor.java:1074)
        at java.util.concurrent.ThreadPoolExecutor.runWorker(ThreadPoolExecutor.java:1134)
        at java.util.concurrent.ThreadPoolExecutor$Worker.run(ThreadPoolExecutor.java:624)
        at java.lang.Thread.run(Thread.java:748)
"pool-158-thread-1"  prio=5 tid=1825 in Object.wait()
java.lang.Thread.State: WAITING (on object monitor)
        at sun.misc.Unsafe.park(Native Method)
        at java.util.concurrent.locks.LockSupport.park(LockSupport.java:175)
        at java.util.concurrent.locks.AbstractQueuedSynchronizer$ConditionObject.await(AbstractQueuedSynchronizer.java:2039)
        at java.util.concurrent.ArrayBlockingQueue.take(ArrayBlockingQueue.java:403)
        at java.util.concurrent.ThreadPoolExecutor.getTask(ThreadPoolExecutor.java:1074)
        at java.util.concurrent.ThreadPoolExecutor.runWorker(ThreadPoolExecutor.java:1134)
        at java.util.concurrent.ThreadPoolExecutor$Worker.run(ThreadPoolExecutor.java:624)
        at java.lang.Thread.run(Thread.java:748)
"pool-138-thread-31"  prio=5 tid=1702 in Object.wait()
java.lang.Thread.State: WAITING (on object monitor)
        at sun.misc.Unsafe.park(Native Method)
        at java.util.concurrent.locks.LockSupport.park(LockSupport.java:175)
        at java.util.concurrent.locks.AbstractQueuedSynchronizer$ConditionObject.await(AbstractQueuedSynchronizer.java:2039)
        at java.util.concurrent.ArrayBlockingQueue.take(ArrayBlockingQueue.java:403)
        at java.util.concurrent.ThreadPoolExecutor.getTask(ThreadPoolExecutor.java:1074)
        at java.util.concurrent.ThreadPoolExecutor.runWorker(ThreadPoolExecutor.java:1134)
        at java.util.concurrent.ThreadPoolExecutor$Worker.run(ThreadPoolExecutor.java:624)
        at java.lang.Thread.run(Thread.java:748)
"IPC Server handler 1 on 45184" daemon prio=5 tid=1174 timed_waiting
java.lang.Thread.State: TIMED_WAITING
        at sun.misc.Unsafe.park(Native Method)
        at java.util.concurrent.locks.LockSupport.parkNanos(LockSupport.java:215)
        at java.util.concurrent.locks.AbstractQueuedSynchronizer$ConditionObject.awaitNanos(AbstractQueuedSynchronizer.java:2078)
        at java.util.concurrent.LinkedBlockingQueue.poll(LinkedBlockingQueue.java:467)
        at org.apache.hadoop.ipc.CallQueueManager.take(CallQueueManager.java:288)
        at org.apache.hadoop.ipc.Server$Handler.run(Server.java:2668)
"IPC Server handler 13 on 38802" daemon prio=5 tid=1124 timed_waiting
java.lang.Thread.State: TIMED_WAITING
        at sun.misc.Unsafe.park(Native Method)
        at java.util.concurrent.locks.LockSupport.parkNanos(LockSupport.java:215)
        at java.util.concurrent.locks.AbstractQueuedSynchronizer$ConditionObject.awaitNanos(AbstractQueuedSynchronizer.java:2078)
        at java.util.concurrent.LinkedBlockingQueue.poll(LinkedBlockingQueue.java:467)
        at org.apache.hadoop.ipc.CallQueueManager.take(CallQueueManager.java:288)
        at org.apache.hadoop.ipc.Server$Handler.run(Server.java:2668)
"pool-148-thread-12"  prio=5 tid=1758 in Object.wait()
java.lang.Thread.State: WAITING (on object monitor)
        at sun.misc.Unsafe.park(Native Method)
        at java.util.concurrent.locks.LockSupport.park(LockSupport.java:175)
        at java.util.concurrent.locks.AbstractQueuedSynchronizer$ConditionObject.await(AbstractQueuedSynchronizer.java:2039)
        at java.util.concurrent.ArrayBlockingQueue.take(ArrayBlockingQueue.java:403)
        at java.util.concurrent.ThreadPoolExecutor.getTask(ThreadPoolExecutor.java:1074)
        at java.util.concurrent.ThreadPoolExecutor.runWorker(ThreadPoolExecutor.java:1134)
        at java.util.concurrent.ThreadPoolExecutor$Worker.run(ThreadPoolExecutor.java:624)
        at java.lang.Thread.run(Thread.java:748)
"pool-138-thread-30"  prio=5 tid=1701 in Object.wait()
java.lang.Thread.State: WAITING (on object monitor)
        at sun.misc.Unsafe.park(Native Method)
        at java.util.concurrent.locks.LockSupport.park(LockSupport.java:175)
        at java.util.concurrent.locks.AbstractQueuedSynchronizer$ConditionObject.await(AbstractQueuedSynchronizer.java:2039)
        at java.util.concurrent.ArrayBlockingQueue.take(ArrayBlockingQueue.java:403)
        at java.util.concurrent.ThreadPoolExecutor.getTask(ThreadPoolExecutor.java:1074)
        at java.util.concurrent.ThreadPoolExecutor.runWorker(ThreadPoolExecutor.java:1134)
        at java.util.concurrent.ThreadPoolExecutor$Worker.run(ThreadPoolExecutor.java:624)
        at java.lang.Thread.run(Thread.java:748)
"java.util.concurrent.ThreadPoolExecutor$Worker@6f7558a0[State = -1, empty queue]" daemon prio=5 tid=1558 timed_waiting
java.lang.Thread.State: TIMED_WAITING
        at sun.misc.Unsafe.park(Native Method)
        at java.util.concurrent.locks.LockSupport.parkNanos(LockSupport.java:215)
        at java.util.concurrent.locks.AbstractQueuedSynchronizer$ConditionObject.awaitNanos(AbstractQueuedSynchronizer.java:2078)
        at java.util.concurrent.ScheduledThreadPoolExecutor$DelayedWorkQueue.take(ScheduledThreadPoolExecutor.java:1093)
        at java.util.concurrent.ScheduledThreadPoolExecutor$DelayedWorkQueue.take(ScheduledThreadPoolExecutor.java:809)
        at java.util.concurrent.ThreadPoolExecutor.getTask(ThreadPoolExecutor.java:1074)
        at java.util.concurrent.ThreadPoolExecutor.runWorker(ThreadPoolExecutor.java:1134)
        at java.util.concurrent.ThreadPoolExecutor$Worker.run(ThreadPoolExecutor.java:624)
        at java.lang.Thread.run(Thread.java:748)
"surefire-forkedjvm-command-thread" daemon prio=5 tid=8 runnable
java.lang.Thread.State: RUNNABLE
        at java.io.FileInputStream.readBytes(Native Method)
        at java.io.FileInputStream.read(FileInputStream.java:255)
        at java.io.BufferedInputStream.fill(BufferedInputStream.java:246)
        at java.io.BufferedInputStream.read(BufferedInputStream.java:265)
        at java.io.DataInputStream.readInt(DataInputStream.java:387)
        at org.apache.maven.surefire.booter.MasterProcessCommand.decode(MasterProcessCommand.java:115)
        at org.apache.maven.surefire.booter.CommandReader$CommandRunnable.run(CommandReader.java:390)
        at java.lang.Thread.run(Thread.java:748)
"pool-158-thread-22"  prio=5 tid=1846 in Object.wait()
java.lang.Thread.State: WAITING (on object monitor)
        at sun.misc.Unsafe.park(Native Method)
        at java.util.concurrent.locks.LockSupport.park(LockSupport.java:175)
        at java.util.concurrent.locks.AbstractQueuedSynchronizer$ConditionObject.await(AbstractQueuedSynchronizer.java:2039)
        at java.util.concurrent.ArrayBlockingQueue.take(ArrayBlockingQueue.java:403)
        at java.util.concurrent.ThreadPoolExecutor.getTask(ThreadPoolExecutor.java:1074)
        at java.util.concurrent.ThreadPoolExecutor.runWorker(ThreadPoolExecutor.java:1134)
        at java.util.concurrent.ThreadPoolExecutor$Worker.run(ThreadPoolExecutor.java:624)
        at java.lang.Thread.run(Thread.java:748)
"Datanode ReportManager Thread - 3" daemon prio=5 tid=310 in Object.wait()
java.lang.Thread.State: WAITING (on object monitor)
        at sun.misc.Unsafe.park(Native Method)
        at java.util.concurrent.locks.LockSupport.park(LockSupport.java:175)
        at java.util.concurrent.locks.AbstractQueuedSynchronizer$ConditionObject.await(AbstractQueuedSynchronizer.java:2039)
        at java.util.concurrent.ScheduledThreadPoolExecutor$DelayedWorkQueue.take(ScheduledThreadPoolExecutor.java:1088)
        at java.util.concurrent.ScheduledThreadPoolExecutor$DelayedWorkQueue.take(ScheduledThreadPoolExecutor.java:809)
        at java.util.concurrent.ThreadPoolExecutor.getTask(ThreadPoolExecutor.java:1074)
        at java.util.concurrent.ThreadPoolExecutor.runWorker(ThreadPoolExecutor.java:1134)
        at java.util.concurrent.ThreadPoolExecutor$Worker.run(ThreadPoolExecutor.java:624)
        at java.lang.Thread.run(Thread.java:748)
"org.eclipse.jetty.server.session.HashSessionManager@72e8bf01Timer" daemon prio=5 tid=1594 timed_waiting
java.lang.Thread.State: TIMED_WAITING
        at sun.misc.Unsafe.park(Native Method)
        at java.util.concurrent.locks.LockSupport.parkNanos(LockSupport.java:215)
        at java.util.concurrent.locks.AbstractQueuedSynchronizer$ConditionObject.awaitNanos(AbstractQueuedSynchronizer.java:2078)
        at java.util.concurrent.ScheduledThreadPoolExecutor$DelayedWorkQueue.take(ScheduledThreadPoolExecutor.java:1093)
        at java.util.concurrent.ScheduledThreadPoolExecutor$DelayedWorkQueue.take(ScheduledThreadPoolExecutor.java:809)
        at java.util.concurrent.ThreadPoolExecutor.getTask(ThreadPoolExecutor.java:1074)
        at java.util.concurrent.ThreadPoolExecutor.runWorker(ThreadPoolExecutor.java:1134)
        at java.util.concurrent.ThreadPoolExecutor$Worker.run(ThreadPoolExecutor.java:624)
        at java.lang.Thread.run(Thread.java:748)
"IPC Server listener on 38131" daemon prio=5 tid=1076 runnable
java.lang.Thread.State: RUNNABLE
        at sun.nio.ch.EPollArrayWrapper.epollWait(Native Method)
        at sun.nio.ch.EPollArrayWrapper.poll(EPollArrayWrapper.java:269)
        at sun.nio.ch.EPollSelectorImpl.doSelect(EPollSelectorImpl.java:93)
        at sun.nio.ch.SelectorImpl.lockAndDoSelect(SelectorImpl.java:86)
        at sun.nio.ch.SelectorImpl.select(SelectorImpl.java:97)
        at sun.nio.ch.SelectorImpl.select(SelectorImpl.java:101)
        at org.apache.hadoop.ipc.Server$Listener.run(Server.java:1159)
"qtp25266959-1592" daemon prio=5 tid=1592 timed_waiting
java.lang.Thread.State: TIMED_WAITING
        at sun.misc.Unsafe.park(Native Method)
        at java.util.concurrent.locks.LockSupport.parkNanos(LockSupport.java:215)
        at java.util.concurrent.locks.AbstractQueuedSynchronizer$ConditionObject.awaitNanos(AbstractQueuedSynchronizer.java:2078)
        at org.eclipse.jetty.util.BlockingArrayQueue.poll(BlockingArrayQueue.java:392)
        at org.eclipse.jetty.util.thread.QueuedThreadPool.idleJobPoll(QueuedThreadPool.java:563)
        at org.eclipse.jetty.util.thread.QueuedThreadPool.access$800(QueuedThreadPool.java:48)
        at org.eclipse.jetty.util.thread.QueuedThreadPool$2.run(QueuedThreadPool.java:626)
        at java.lang.Thread.run(Thread.java:748)
"IPC Server handler 16 on 46609" daemon prio=5 tid=1107 timed_waiting
java.lang.Thread.State: TIMED_WAITING
        at sun.misc.Unsafe.park(Native Method)
        at java.util.concurrent.locks.LockSupport.parkNanos(LockSupport.java:215)
        at java.util.concurrent.locks.AbstractQueuedSynchronizer$ConditionObject.awaitNanos(AbstractQueuedSynchronizer.java:2078)
        at java.util.concurrent.LinkedBlockingQueue.poll(LinkedBlockingQueue.java:467)
        at org.apache.hadoop.ipc.CallQueueManager.take(CallQueueManager.java:288)
        at org.apache.hadoop.ipc.Server$Handler.run(Server.java:2668)
"metrics-hadoop-metrics2-reporter-74-thread-1" daemon prio=5 tid=1022 timed_waiting
java.lang.Thread.State: TIMED_WAITING
        at sun.misc.Unsafe.park(Native Method)
        at java.util.concurrent.locks.LockSupport.parkNanos(LockSupport.java:215)
        at java.util.concurrent.locks.AbstractQueuedSynchronizer$ConditionObject.awaitNanos(AbstractQueuedSynchronizer.java:2078)
        at java.util.concurrent.ScheduledThreadPoolExecutor$DelayedWorkQueue.take(ScheduledThreadPoolExecutor.java:1093)
        at java.util.concurrent.ScheduledThreadPoolExecutor$DelayedWorkQueue.take(ScheduledThreadPoolExecutor.java:809)
        at java.util.concurrent.ThreadPoolExecutor.getTask(ThreadPoolExecutor.java:1074)
        at java.util.concurrent.ThreadPoolExecutor.runWorker(ThreadPoolExecutor.java:1134)
        at java.util.concurrent.ThreadPoolExecutor$Worker.run(ThreadPoolExecutor.java:624)
        at java.lang.Thread.run(Thread.java:748)
"metrics-hadoop-metrics2-reporter-34-thread-1" daemon prio=5 tid=789 timed_waiting
java.lang.Thread.State: TIMED_WAITING
        at sun.misc.Unsafe.park(Native Method)
        at java.util.concurrent.locks.LockSupport.parkNanos(LockSupport.java:215)
        at java.util.concurrent.locks.AbstractQueuedSynchronizer$ConditionObject.awaitNanos(AbstractQueuedSynchronizer.java:2078)
        at java.util.concurrent.ScheduledThreadPoolExecutor$DelayedWorkQueue.take(ScheduledThreadPoolExecutor.java:1093)
        at java.util.concurrent.ScheduledThreadPoolExecutor$DelayedWorkQueue.take(ScheduledThreadPoolExecutor.java:809)
        at java.util.concurrent.ThreadPoolExecutor.getTask(ThreadPoolExecutor.java:1074)
        at java.util.concurrent.ThreadPoolExecutor.runWorker(ThreadPoolExecutor.java:1134)
        at java.util.concurrent.ThreadPoolExecutor$Worker.run(ThreadPoolExecutor.java:624)
        at java.lang.Thread.run(Thread.java:748)
"pool-148-thread-30"  prio=5 tid=1777 in Object.wait()
java.lang.Thread.State: WAITING (on object monitor)
        at sun.misc.Unsafe.park(Native Method)
        at java.util.concurrent.locks.LockSupport.park(LockSupport.java:175)
        at java.util.concurrent.locks.AbstractQueuedSynchronizer$ConditionObject.await(AbstractQueuedSynchronizer.java:2039)
        at java.util.concurrent.ArrayBlockingQueue.take(ArrayBlockingQueue.java:403)
        at java.util.concurrent.ThreadPoolExecutor.getTask(ThreadPoolExecutor.java:1074)
        at java.util.concurrent.ThreadPoolExecutor.runWorker(ThreadPoolExecutor.java:1134)
        at java.util.concurrent.ThreadPoolExecutor$Worker.run(ThreadPoolExecutor.java:624)
        at java.lang.Thread.run(Thread.java:748)
"Datanode ReportManager Thread - 2" daemon prio=5 tid=174 timed_waiting
java.lang.Thread.State: TIMED_WAITING
        at sun.misc.Unsafe.park(Native Method)
        at java.util.concurrent.locks.LockSupport.parkNanos(LockSupport.java:215)
        at java.util.concurrent.locks.AbstractQueuedSynchronizer$ConditionObject.awaitNanos(AbstractQueuedSynchronizer.java:2078)
        at java.util.concurrent.ScheduledThreadPoolExecutor$DelayedWorkQueue.take(ScheduledThreadPoolExecutor.java:1093)
        at java.util.concurrent.ScheduledThreadPoolExecutor$DelayedWorkQueue.take(ScheduledThreadPoolExecutor.java:809)
        at java.util.concurrent.ThreadPoolExecutor.getTask(ThreadPoolExecutor.java:1074)
        at java.util.concurrent.ThreadPoolExecutor.runWorker(ThreadPoolExecutor.java:1134)
        at java.util.concurrent.ThreadPoolExecutor$Worker.run(ThreadPoolExecutor.java:624)
        at java.lang.Thread.run(Thread.java:748)
"pool-158-thread-12"  prio=5 tid=1836 in Object.wait()
java.lang.Thread.State: WAITING (on object monitor)
        at sun.misc.Unsafe.park(Native Method)
        at java.util.concurrent.locks.LockSupport.park(LockSupport.java:175)
        at java.util.concurrent.locks.AbstractQueuedSynchronizer$ConditionObject.await(AbstractQueuedSynchronizer.java:2039)
        at java.util.concurrent.ArrayBlockingQueue.take(ArrayBlockingQueue.java:403)
        at java.util.concurrent.ThreadPoolExecutor.getTask(ThreadPoolExecutor.java:1074)
        at java.util.concurrent.ThreadPoolExecutor.runWorker(ThreadPoolExecutor.java:1134)
        at java.util.concurrent.ThreadPoolExecutor$Worker.run(ThreadPoolExecutor.java:624)
        at java.lang.Thread.run(Thread.java:748)
"pool-148-thread-4"  prio=5 tid=1750 in Object.wait()
java.lang.Thread.State: WAITING (on object monitor)
        at sun.misc.Unsafe.park(Native Method)
        at java.util.concurrent.locks.LockSupport.park(LockSupport.java:175)
        at java.util.concurrent.locks.AbstractQueuedSynchronizer$ConditionObject.await(AbstractQueuedSynchronizer.java:2039)
        at java.util.concurrent.ArrayBlockingQueue.take(ArrayBlockingQueue.java:403)
        at java.util.concurrent.ThreadPoolExecutor.getTask(ThreadPoolExecutor.java:1074)
        at java.util.concurrent.ThreadPoolExecutor.runWorker(ThreadPoolExecutor.java:1134)
        at java.util.concurrent.ThreadPoolExecutor$Worker.run(ThreadPoolExecutor.java:624)
        at java.lang.Thread.run(Thread.java:748)
"pool-138-thread-13"  prio=5 tid=1684 in Object.wait()
java.lang.Thread.State: WAITING (on object monitor)
        at sun.misc.Unsafe.park(Native Method)
        at java.util.concurrent.locks.LockSupport.park(LockSupport.java:175)
        at java.util.concurrent.locks.AbstractQueuedSynchronizer$ConditionObject.await(AbstractQueuedSynchronizer.java:2039)
        at java.util.concurrent.ArrayBlockingQueue.take(ArrayBlockingQueue.java:403)
        at java.util.concurrent.ThreadPoolExecutor.getTask(ThreadPoolExecutor.java:1074)
        at java.util.concurrent.ThreadPoolExecutor.runWorker(ThreadPoolExecutor.java:1134)
        at java.util.concurrent.ThreadPoolExecutor$Worker.run(ThreadPoolExecutor.java:624)
        at java.lang.Thread.run(Thread.java:748)
"metrics-hadoop-metrics2-reporter-97-thread-1" daemon prio=5 tid=1534 timed_waiting
java.lang.Thread.State: TIMED_WAITING
        at sun.misc.Unsafe.park(Native Method)
        at java.util.concurrent.locks.LockSupport.parkNanos(LockSupport.java:215)
        at java.util.concurrent.locks.AbstractQueuedSynchronizer$ConditionObject.awaitNanos(AbstractQueuedSynchronizer.java:2078)
        at java.util.concurrent.ScheduledThreadPoolExecutor$DelayedWorkQueue.take(ScheduledThreadPoolExecutor.java:1093)
        at java.util.concurrent.ScheduledThreadPoolExecutor$DelayedWorkQueue.take(ScheduledThreadPoolExecutor.java:809)
        at java.util.concurrent.ThreadPoolExecutor.getTask(ThreadPoolExecutor.java:1074)
        at java.util.concurrent.ThreadPoolExecutor.runWorker(ThreadPoolExecutor.java:1134)
        at java.util.concurrent.ThreadPoolExecutor$Worker.run(ThreadPoolExecutor.java:624)
        at java.lang.Thread.run(Thread.java:748)
"metrics-hadoop-metrics2-reporter-61-thread-1" daemon prio=5 tid=966 timed_waiting
java.lang.Thread.State: TIMED_WAITING
        at sun.misc.Unsafe.park(Native Method)
        at java.util.concurrent.locks.LockSupport.parkNanos(LockSupport.java:215)
        at java.util.concurrent.locks.AbstractQueuedSynchronizer$ConditionObject.awaitNanos(AbstractQueuedSynchronizer.java:2078)
        at java.util.concurrent.ScheduledThreadPoolExecutor$DelayedWorkQueue.take(ScheduledThreadPoolExecutor.java:1093)
        at java.util.concurrent.ScheduledThreadPoolExecutor$DelayedWorkQueue.take(ScheduledThreadPoolExecutor.java:809)
        at java.util.concurrent.ThreadPoolExecutor.getTask(ThreadPoolExecutor.java:1074)
        at java.util.concurrent.ThreadPoolExecutor.runWorker(ThreadPoolExecutor.java:1134)
        at java.util.concurrent.ThreadPoolExecutor$Worker.run(ThreadPoolExecutor.java:624)
        at java.lang.Thread.run(Thread.java:748)
"KeyDeletingService#0" daemon prio=5 tid=1172 timed_waiting
java.lang.Thread.State: TIMED_WAITING
        at sun.misc.Unsafe.park(Native Method)
        at java.util.concurrent.locks.LockSupport.parkNanos(LockSupport.java:215)
        at java.util.concurrent.locks.AbstractQueuedSynchronizer$ConditionObject.awaitNanos(AbstractQueuedSynchronizer.java:2078)
        at java.util.concurrent.ScheduledThreadPoolExecutor$DelayedWorkQueue.take(ScheduledThreadPoolExecutor.java:1093)
        at java.util.concurrent.ScheduledThreadPoolExecutor$DelayedWorkQueue.take(ScheduledThreadPoolExecutor.java:809)
        at java.util.concurrent.ThreadPoolExecutor.getTask(ThreadPoolExecutor.java:1074)
        at java.util.concurrent.ThreadPoolExecutor.runWorker(ThreadPoolExecutor.java:1134)
        at java.util.concurrent.ThreadPoolExecutor$Worker.run(ThreadPoolExecutor.java:624)
        at java.lang.Thread.run(Thread.java:748)
"Datanode State Machine Thread - 0" daemon prio=5 tid=1667 timed_waiting
java.lang.Thread.State: TIMED_WAITING
        at sun.misc.Unsafe.park(Native Method)
        at java.util.concurrent.locks.LockSupport.parkNanos(LockSupport.java:215)
        at java.util.concurrent.SynchronousQueue$TransferStack.awaitFulfill(SynchronousQueue.java:460)
        at java.util.concurrent.SynchronousQueue$TransferStack.transfer(SynchronousQueue.java:362)
        at java.util.concurrent.SynchronousQueue.poll(SynchronousQueue.java:941)
        at java.util.concurrent.ThreadPoolExecutor.getTask(ThreadPoolExecutor.java:1073)
        at java.util.concurrent.ThreadPoolExecutor.runWorker(ThreadPoolExecutor.java:1134)
        at java.util.concurrent.ThreadPoolExecutor$Worker.run(ThreadPoolExecutor.java:624)
        at java.lang.Thread.run(Thread.java:748)
"Socket Reader #1 for port 38131"  prio=5 tid=1077 runnable
java.lang.Thread.State: RUNNABLE
        at sun.nio.ch.EPollArrayWrapper.epollWait(Native Method)
        at sun.nio.ch.EPollArrayWrapper.poll(EPollArrayWrapper.java:269)
        at sun.nio.ch.EPollSelectorImpl.doSelect(EPollSelectorImpl.java:93)
        at sun.nio.ch.SelectorImpl.lockAndDoSelect(SelectorImpl.java:86)
        at sun.nio.ch.SelectorImpl.select(SelectorImpl.java:97)
        at sun.nio.ch.SelectorImpl.select(SelectorImpl.java:101)
        at org.apache.hadoop.ipc.Server$Listener$Reader.doRunLoop(Server.java:1097)
        at org.apache.hadoop.ipc.Server$Listener$Reader.run(Server.java:1076)
"metrics-hadoop-metrics2-reporter-109-thread-1" daemon prio=5 tid=1913 timed_waiting
java.lang.Thread.State: TIMED_WAITING
        at sun.misc.Unsafe.park(Native Method)
        at java.util.concurrent.locks.LockSupport.parkNanos(LockSupport.java:215)
        at java.util.concurrent.locks.AbstractQueuedSynchronizer$ConditionObject.awaitNanos(AbstractQueuedSynchronizer.java:2078)
        at java.util.concurrent.ScheduledThreadPoolExecutor$DelayedWorkQueue.take(ScheduledThreadPoolExecutor.java:1093)
        at java.util.concurrent.ScheduledThreadPoolExecutor$DelayedWorkQueue.take(ScheduledThreadPoolExecutor.java:809)
        at java.util.concurrent.ThreadPoolExecutor.getTask(ThreadPoolExecutor.java:1074)
        at java.util.concurrent.ThreadPoolExecutor.runWorker(ThreadPoolExecutor.java:1134)
        at java.util.concurrent.ThreadPoolExecutor$Worker.run(ThreadPoolExecutor.java:624)
        at java.lang.Thread.run(Thread.java:748)
"IPC Server handler 4 on 38131" daemon prio=5 tid=1135 timed_waiting
java.lang.Thread.State: TIMED_WAITING
        at sun.misc.Unsafe.park(Native Method)
        at java.util.concurrent.locks.LockSupport.parkNanos(LockSupport.java:215)
        at java.util.concurrent.locks.AbstractQueuedSynchronizer$ConditionObject.awaitNanos(AbstractQueuedSynchronizer.java:2078)
        at java.util.concurrent.LinkedBlockingQueue.poll(LinkedBlockingQueue.java:467)
        at org.apache.hadoop.ipc.CallQueueManager.take(CallQueueManager.java:288)
        at org.apache.hadoop.ipc.Server$Handler.run(Server.java:2668)
"SCMBlockDeletingService#1" daemon prio=5 tid=1164 in Object.wait()
java.lang.Thread.State: WAITING (on object monitor)
        at sun.misc.Unsafe.park(Native Method)
        at java.util.concurrent.locks.LockSupport.park(LockSupport.java:175)
        at java.util.concurrent.locks.AbstractQueuedSynchronizer$ConditionObject.await(AbstractQueuedSynchronizer.java:2039)
        at java.util.concurrent.ScheduledThreadPoolExecutor$DelayedWorkQueue.take(ScheduledThreadPoolExecutor.java:1088)
        at java.util.concurrent.ScheduledThreadPoolExecutor$DelayedWorkQueue.take(ScheduledThreadPoolExecutor.java:809)
        at java.util.concurrent.ThreadPoolExecutor.getTask(ThreadPoolExecutor.java:1074)
        at java.util.concurrent.ThreadPoolExecutor.runWorker(ThreadPoolExecutor.java:1134)
        at java.util.concurrent.ThreadPoolExecutor$Worker.run(ThreadPoolExecutor.java:624)
        at java.lang.Thread.run(Thread.java:748)
"CommandWatcher-LeaseManager#LeaseMonitor" daemon prio=5 tid=1090 timed_waiting
java.lang.Thread.State: TIMED_WAITING
        at java.lang.Thread.sleep(Native Method)
        at org.apache.hadoop.ozone.lease.LeaseManager$LeaseMonitor.run(LeaseManager.java:234)
        at java.lang.Thread.run(Thread.java:748)
"qtp1570597614-1652" daemon prio=5 tid=1652 timed_waiting
java.lang.Thread.State: TIMED_WAITING
        at sun.misc.Unsafe.park(Native Method)
        at java.util.concurrent.locks.LockSupport.parkNanos(LockSupport.java:215)
        at java.util.concurrent.locks.AbstractQueuedSynchronizer$ConditionObject.awaitNanos(AbstractQueuedSynchronizer.java:2078)
        at org.eclipse.jetty.util.BlockingArrayQueue.poll(BlockingArrayQueue.java:392)
        at org.eclipse.jetty.util.thread.QueuedThreadPool.idleJobPoll(QueuedThreadPool.java:563)
        at org.eclipse.jetty.util.thread.QueuedThreadPool.access$800(QueuedThreadPool.java:48)
        at org.eclipse.jetty.util.thread.QueuedThreadPool$2.run(QueuedThreadPool.java:626)
        at java.lang.Thread.run(Thread.java:748)
"Thread-786" daemon prio=5 tid=1916 timed_waiting
java.lang.Thread.State: TIMED_WAITING
        at sun.misc.Unsafe.park(Native Method)
        at java.util.concurrent.locks.LockSupport.parkNanos(LockSupport.java:215)
        at java.util.concurrent.locks.AbstractQueuedSynchronizer$ConditionObject.awaitNanos(AbstractQueuedSynchronizer.java:2078)
        at java.util.concurrent.ArrayBlockingQueue.poll(ArrayBlockingQueue.java:418)
        at org.apache.ratis.server.impl.LeaderState$EventQueue.poll(LeaderState.java:115)
        at org.apache.ratis.server.impl.LeaderState$EventProcessor.run(LeaderState.java:467)
"refreshUsed-/workdir/hadoop-ozone/integration-test/target/test-dir/MiniOzoneClusterImpl-d661fb9f-1fa9-4d83-aa41-108be3044330/datanode-0/data/containers" daemon prio=5 tid=1579 timed_waiting
java.lang.Thread.State: TIMED_WAITING
        at java.lang.Thread.sleep(Native Method)
        at org.apache.hadoop.fs.CachingGetSpaceUsed$RefreshThread.run(CachingGetSpaceUsed.java:179)
        at java.lang.Thread.run(Thread.java:748)
"metrics-hadoop-metrics2-reporter-95-thread-1" daemon prio=5 tid=1526 timed_waiting
java.lang.Thread.State: TIMED_WAITING
        at sun.misc.Unsafe.park(Native Method)
        at java.util.concurrent.locks.LockSupport.parkNanos(LockSupport.java:215)
        at java.util.concurrent.locks.AbstractQueuedSynchronizer$ConditionObject.awaitNanos(AbstractQueuedSynchronizer.java:2078)
        at java.util.concurrent.ScheduledThreadPoolExecutor$DelayedWorkQueue.take(ScheduledThreadPoolExecutor.java:1093)
        at java.util.concurrent.ScheduledThreadPoolExecutor$DelayedWorkQueue.take(ScheduledThreadPoolExecutor.java:809)
        at java.util.concurrent.ThreadPoolExecutor.getTask(ThreadPoolExecutor.java:1074)
        at java.util.concurrent.ThreadPoolExecutor.runWorker(ThreadPoolExecutor.java:1134)
        at java.util.concurrent.ThreadPoolExecutor$Worker.run(ThreadPoolExecutor.java:624)
        at java.lang.Thread.run(Thread.java:748)
"pool-136-thread-1" daemon prio=5 tid=1581 timed_waiting
java.lang.Thread.State: TIMED_WAITING
        at sun.misc.Unsafe.park(Native Method)
        at java.util.concurrent.locks.LockSupport.parkNanos(LockSupport.java:215)
        at java.util.concurrent.locks.AbstractQueuedSynchronizer$ConditionObject.awaitNanos(AbstractQueuedSynchronizer.java:2078)
        at java.util.concurrent.ScheduledThreadPoolExecutor$DelayedWorkQueue.take(ScheduledThreadPoolExecutor.java:1093)
        at java.util.concurrent.ScheduledThreadPoolExecutor$DelayedWorkQueue.take(ScheduledThreadPoolExecutor.java:809)
        at java.util.concurrent.ThreadPoolExecutor.getTask(ThreadPoolExecutor.java:1074)
        at java.util.concurrent.ThreadPoolExecutor.runWorker(ThreadPoolExecutor.java:1134)
        at java.util.concurrent.ThreadPoolExecutor$Worker.run(ThreadPoolExecutor.java:624)
        at java.lang.Thread.run(Thread.java:748)
"IPC Server handler 15 on 38802" daemon prio=5 tid=1126 timed_waiting
java.lang.Thread.State: TIMED_WAITING
        at sun.misc.Unsafe.park(Native Method)
        at java.util.concurrent.locks.LockSupport.parkNanos(LockSupport.java:215)
        at java.util.concurrent.locks.AbstractQueuedSynchronizer$ConditionObject.awaitNanos(AbstractQueuedSynchronizer.java:2078)
        at java.util.concurrent.LinkedBlockingQueue.poll(LinkedBlockingQueue.java:467)
        at org.apache.hadoop.ipc.CallQueueManager.take(CallQueueManager.java:288)
        at org.apache.hadoop.ipc.Server$Handler.run(Server.java:2668)
"bc0bc980-c963-48ce-962e-85091c893131@group-28ACFA97060E-StateMachineUpdater" daemon prio=5 tid=1934 in Object.wait()
java.lang.Thread.State: WAITING (on object monitor)
        at java.lang.Object.wait(Native Method)
        at java.lang.Object.wait(Object.java:502)
        at org.apache.ratis.server.impl.StateMachineUpdater.waitForCommit(StateMachineUpdater.java:194)
        at org.apache.ratis.server.impl.StateMachineUpdater.run(StateMachineUpdater.java:159)
        at java.lang.Thread.run(Thread.java:748)
"IPC Server handler 16 on 38802" daemon prio=5 tid=1127 timed_waiting
java.lang.Thread.State: TIMED_WAITING
        at sun.misc.Unsafe.park(Native Method)
        at java.util.concurrent.locks.LockSupport.parkNanos(LockSupport.java:215)
        at java.util.concurrent.locks.AbstractQueuedSynchronizer$ConditionObject.awaitNanos(AbstractQueuedSynchronizer.java:2078)
        at java.util.concurrent.LinkedBlockingQueue.poll(LinkedBlockingQueue.java:467)
        at org.apache.hadoop.ipc.CallQueueManager.take(CallQueueManager.java:288)
        at org.apache.hadoop.ipc.Server$Handler.run(Server.java:2668)
"pool-158-thread-26"  prio=5 tid=1850 in Object.wait()
java.lang.Thread.State: WAITING (on object monitor)
        at sun.misc.Unsafe.park(Native Method)
        at java.util.concurrent.locks.LockSupport.park(LockSupport.java:175)
        at java.util.concurrent.locks.AbstractQueuedSynchronizer$ConditionObject.await(AbstractQueuedSynchronizer.java:2039)
        at java.util.concurrent.ArrayBlockingQueue.take(ArrayBlockingQueue.java:403)
        at java.util.concurrent.ThreadPoolExecutor.getTask(ThreadPoolExecutor.java:1074)
        at java.util.concurrent.ThreadPoolExecutor.runWorker(ThreadPoolExecutor.java:1134)
        at java.util.concurrent.ThreadPoolExecutor$Worker.run(ThreadPoolExecutor.java:624)
        at java.lang.Thread.run(Thread.java:748)
"pool-158-thread-43"  prio=5 tid=1867 in Object.wait()
java.lang.Thread.State: WAITING (on object monitor)
        at sun.misc.Unsafe.park(Native Method)
        at java.util.concurrent.locks.LockSupport.park(LockSupport.java:175)
        at java.util.concurrent.locks.AbstractQueuedSynchronizer$ConditionObject.await(AbstractQueuedSynchronizer.java:2039)
        at java.util.concurrent.ArrayBlockingQueue.take(ArrayBlockingQueue.java:403)
        at java.util.concurrent.ThreadPoolExecutor.getTask(ThreadPoolExecutor.java:1074)
        at java.util.concurrent.ThreadPoolExecutor.runWorker(ThreadPoolExecutor.java:1134)
        at java.util.concurrent.ThreadPoolExecutor$Worker.run(ThreadPoolExecutor.java:624)
        at java.lang.Thread.run(Thread.java:748)
"pool-148-thread-39"  prio=5 tid=1786 in Object.wait()
java.lang.Thread.State: WAITING (on object monitor)
        at sun.misc.Unsafe.park(Native Method)
        at java.util.concurrent.locks.LockSupport.park(LockSupport.java:175)
        at java.util.concurrent.locks.AbstractQueuedSynchronizer$ConditionObject.await(AbstractQueuedSynchronizer.java:2039)
        at java.util.concurrent.ArrayBlockingQueue.take(ArrayBlockingQueue.java:403)
        at java.util.concurrent.ThreadPoolExecutor.getTask(ThreadPoolExecutor.java:1074)
        at java.util.concurrent.ThreadPoolExecutor.runWorker(ThreadPoolExecutor.java:1134)
        at java.util.concurrent.ThreadPoolExecutor$Worker.run(ThreadPoolExecutor.java:624)
        at java.lang.Thread.run(Thread.java:748)
"metrics-hadoop-metrics2-reporter-111-thread-1" daemon prio=5 tid=1920 timed_waiting
java.lang.Thread.State: TIMED_WAITING
        at sun.misc.Unsafe.park(Native Method)
        at java.util.concurrent.locks.LockSupport.parkNanos(LockSupport.java:215)
        at java.util.concurrent.locks.AbstractQueuedSynchronizer$ConditionObject.awaitNanos(AbstractQueuedSynchronizer.java:2078)
        at java.util.concurrent.ScheduledThreadPoolExecutor$DelayedWorkQueue.take(ScheduledThreadPoolExecutor.java:1093)
        at java.util.concurrent.ScheduledThreadPoolExecutor$DelayedWorkQueue.take(ScheduledThreadPoolExecutor.java:809)
        at java.util.concurrent.ThreadPoolExecutor.getTask(ThreadPoolExecutor.java:1074)
        at java.util.concurrent.ThreadPoolExecutor.runWorker(ThreadPoolExecutor.java:1134)
        at java.util.concurrent.ThreadPoolExecutor$Worker.run(ThreadPoolExecutor.java:624)
        at java.lang.Thread.run(Thread.java:748)
"IPC Server handler 9 on 38802" daemon prio=5 tid=1120 timed_waiting
java.lang.Thread.State: TIMED_WAITING
        at sun.misc.Unsafe.park(Native Method)
        at java.util.concurrent.locks.LockSupport.parkNanos(LockSupport.java:215)
        at java.util.concurrent.locks.AbstractQueuedSynchronizer$ConditionObject.awaitNanos(AbstractQueuedSynchronizer.java:2078)
        at java.util.concurrent.LinkedBlockingQueue.poll(LinkedBlockingQueue.java:467)
        at org.apache.hadoop.ipc.CallQueueManager.take(CallQueueManager.java:288)
        at org.apache.hadoop.ipc.Server$Handler.run(Server.java:2668)
"qtp734928767-1618" daemon prio=5 tid=1618 timed_waiting
java.lang.Thread.State: TIMED_WAITING
        at sun.misc.Unsafe.park(Native Method)
        at java.util.concurrent.locks.LockSupport.parkNanos(LockSupport.java:215)
        at java.util.concurrent.locks.AbstractQueuedSynchronizer$ConditionObject.awaitNanos(AbstractQueuedSynchronizer.java:2078)
        at org.eclipse.jetty.util.BlockingArrayQueue.poll(BlockingArrayQueue.java:392)
        at org.eclipse.jetty.util.thread.QueuedThreadPool.idleJobPoll(QueuedThreadPool.java:563)
        at org.eclipse.jetty.util.thread.QueuedThreadPool.access$800(QueuedThreadPool.java:48)
        at org.eclipse.jetty.util.thread.QueuedThreadPool$2.run(QueuedThreadPool.java:626)
        at java.lang.Thread.run(Thread.java:748)
"bc0bc980-c963-48ce-962e-85091c893131@group-28ACFA97060E-SegmentedRaftLogWorker"  prio=5 tid=1933 timed_waiting
java.lang.Thread.State: TIMED_WAITING
        at sun.misc.Unsafe.park(Native Method)
        at java.util.concurrent.locks.LockSupport.parkNanos(LockSupport.java:215)
        at java.util.concurrent.locks.AbstractQueuedSynchronizer$ConditionObject.awaitNanos(AbstractQueuedSynchronizer.java:2078)
        at org.apache.ratis.util.DataBlockingQueue.poll(DataBlockingQueue.java:137)
        at org.apache.ratis.server.raftlog.segmented.SegmentedRaftLogWorker.run(SegmentedRaftLogWorker.java:282)
        at java.lang.Thread.run(Thread.java:748)
"pool-158-thread-16"  prio=5 tid=1840 in Object.wait()
java.lang.Thread.State: WAITING (on object monitor)
        at sun.misc.Unsafe.park(Native Method)
        at java.util.concurrent.locks.LockSupport.park(LockSupport.java:175)
        at java.util.concurrent.locks.AbstractQueuedSynchronizer$ConditionObject.await(AbstractQueuedSynchronizer.java:2039)
        at java.util.concurrent.ArrayBlockingQueue.take(ArrayBlockingQueue.java:403)
        at java.util.concurrent.ThreadPoolExecutor.getTask(ThreadPoolExecutor.java:1074)
        at java.util.concurrent.ThreadPoolExecutor.runWorker(ThreadPoolExecutor.java:1134)
        at java.util.concurrent.ThreadPoolExecutor$Worker.run(ThreadPoolExecutor.java:624)
        at java.lang.Thread.run(Thread.java:748)
"pool-148-thread-14"  prio=5 tid=1760 in Object.wait()
java.lang.Thread.State: WAITING (on object monitor)
        at sun.misc.Unsafe.park(Native Method)
        at java.util.concurrent.locks.LockSupport.park(LockSupport.java:175)
        at java.util.concurrent.locks.AbstractQueuedSynchronizer$ConditionObject.await(AbstractQueuedSynchronizer.java:2039)
        at java.util.concurrent.ArrayBlockingQueue.take(ArrayBlockingQueue.java:403)
        at java.util.concurrent.ThreadPoolExecutor.getTask(ThreadPoolExecutor.java:1074)
        at java.util.concurrent.ThreadPoolExecutor.runWorker(ThreadPoolExecutor.java:1134)
        at java.util.concurrent.ThreadPoolExecutor$Worker.run(ThreadPoolExecutor.java:624)
        at java.lang.Thread.run(Thread.java:748)
"Command processor thread" daemon prio=5 tid=1601 timed_waiting
java.lang.Thread.State: TIMED_WAITING
        at java.lang.Thread.sleep(Native Method)
        at org.apache.hadoop.ozone.container.common.statemachine.DatanodeStateMachine.lambda$initCommandHandlerThread$1(DatanodeStateMachine.java:439)
        at org.apache.hadoop.ozone.container.common.statemachine.DatanodeStateMachine$$Lambda$141/1256566937.run(Unknown Source)
        at java.lang.Thread.run(Thread.java:748)
"Datanode ReportManager Thread - 1" daemon prio=5 tid=227 in Object.wait()
java.lang.Thread.State: WAITING (on object monitor)
        at sun.misc.Unsafe.park(Native Method)
        at java.util.concurrent.locks.LockSupport.park(LockSupport.java:175)
        at java.util.concurrent.locks.AbstractQueuedSynchronizer$ConditionObject.await(AbstractQueuedSynchronizer.java:2039)
        at java.util.concurrent.ScheduledThreadPoolExecutor$DelayedWorkQueue.take(ScheduledThreadPoolExecutor.java:1088)
        at java.util.concurrent.ScheduledThreadPoolExecutor$DelayedWorkQueue.take(ScheduledThreadPoolExecutor.java:809)
        at java.util.concurrent.ThreadPoolExecutor.getTask(ThreadPoolExecutor.java:1074)
        at java.util.concurrent.ThreadPoolExecutor.runWorker(ThreadPoolExecutor.java:1134)
        at java.util.concurrent.ThreadPoolExecutor$Worker.run(ThreadPoolExecutor.java:624)
        at java.lang.Thread.run(Thread.java:748)
"pool-148-thread-6"  prio=5 tid=1752 in Object.wait()
java.lang.Thread.State: WAITING (on object monitor)
        at sun.misc.Unsafe.park(Native Method)
        at java.util.concurrent.locks.LockSupport.park(LockSupport.java:175)
        at java.util.concurrent.locks.AbstractQueuedSynchronizer$ConditionObject.await(AbstractQueuedSynchronizer.java:2039)
        at java.util.concurrent.ArrayBlockingQueue.take(ArrayBlockingQueue.java:403)
        at java.util.concurrent.ThreadPoolExecutor.getTask(ThreadPoolExecutor.java:1074)
        at java.util.concurrent.ThreadPoolExecutor.runWorker(ThreadPoolExecutor.java:1134)
        at java.util.concurrent.ThreadPoolExecutor$Worker.run(ThreadPoolExecutor.java:624)
        at java.lang.Thread.run(Thread.java:748)
"metrics-hadoop-metrics2-reporter-114-thread-1" daemon prio=5 tid=1932 timed_waiting
java.lang.Thread.State: TIMED_WAITING
        at sun.misc.Unsafe.park(Native Method)
        at java.util.concurrent.locks.LockSupport.parkNanos(LockSupport.java:215)
        at java.util.concurrent.locks.AbstractQueuedSynchronizer$ConditionObject.awaitNanos(AbstractQueuedSynchronizer.java:2078)
        at java.util.concurrent.ScheduledThreadPoolExecutor$DelayedWorkQueue.take(ScheduledThreadPoolExecutor.java:1093)
        at java.util.concurrent.ScheduledThreadPoolExecutor$DelayedWorkQueue.take(ScheduledThreadPoolExecutor.java:809)
        at java.util.concurrent.ThreadPoolExecutor.getTask(ThreadPoolExecutor.java:1074)
        at java.util.concurrent.ThreadPoolExecutor.runWorker(ThreadPoolExecutor.java:1134)
        at java.util.concurrent.ThreadPoolExecutor$Worker.run(ThreadPoolExecutor.java:624)
        at java.lang.Thread.run(Thread.java:748)
"pool-158-thread-35"  prio=5 tid=1859 in Object.wait()
java.lang.Thread.State: WAITING (on object monitor)
        at sun.misc.Unsafe.park(Native Method)
        at java.util.concurrent.locks.LockSupport.park(LockSupport.java:175)
        at java.util.concurrent.locks.AbstractQueuedSynchronizer$ConditionObject.await(AbstractQueuedSynchronizer.java:2039)
        at java.util.concurrent.ArrayBlockingQueue.take(ArrayBlockingQueue.java:403)
        at java.util.concurrent.ThreadPoolExecutor.getTask(ThreadPoolExecutor.java:1074)
        at java.util.concurrent.ThreadPoolExecutor.runWorker(ThreadPoolExecutor.java:1134)
        at java.util.concurrent.ThreadPoolExecutor$Worker.run(ThreadPoolExecutor.java:624)
        at java.lang.Thread.run(Thread.java:748)
"pool-158-thread-28"  prio=5 tid=1852 in Object.wait()
java.lang.Thread.State: WAITING (on object monitor)
        at sun.misc.Unsafe.park(Native Method)
        at java.util.concurrent.locks.LockSupport.park(LockSupport.java:175)
        at java.util.concurrent.locks.AbstractQueuedSynchronizer$ConditionObject.await(AbstractQueuedSynchronizer.java:2039)
        at java.util.concurrent.ArrayBlockingQueue.take(ArrayBlockingQueue.java:403)
        at java.util.concurrent.ThreadPoolExecutor.getTask(ThreadPoolExecutor.java:1074)
        at java.util.concurrent.ThreadPoolExecutor.runWorker(ThreadPoolExecutor.java:1134)
        at java.util.concurrent.ThreadPoolExecutor$Worker.run(ThreadPoolExecutor.java:624)
        at java.lang.Thread.run(Thread.java:748)
"org.eclipse.jetty.server.session.HashSessionManager@689977e4Timer" daemon prio=5 tid=1161 timed_waiting
java.lang.Thread.State: TIMED_WAITING
        at sun.misc.Unsafe.park(Native Method)
        at java.util.concurrent.locks.LockSupport.parkNanos(LockSupport.java:215)
        at java.util.concurrent.locks.AbstractQueuedSynchronizer$ConditionObject.awaitNanos(AbstractQueuedSynchronizer.java:2078)
        at java.util.concurrent.ScheduledThreadPoolExecutor$DelayedWorkQueue.take(ScheduledThreadPoolExecutor.java:1093)
        at java.util.concurrent.ScheduledThreadPoolExecutor$DelayedWorkQueue.take(ScheduledThreadPoolExecutor.java:809)
        at java.util.concurrent.ThreadPoolExecutor.getTask(ThreadPoolExecutor.java:1074)
        at java.util.concurrent.ThreadPoolExecutor.runWorker(ThreadPoolExecutor.java:1134)
        at java.util.concurrent.ThreadPoolExecutor$Worker.run(ThreadPoolExecutor.java:624)
        at java.lang.Thread.run(Thread.java:748)
"metrics-hadoop-metrics2-reporter-79-thread-1" daemon prio=5 tid=1048 timed_waiting
java.lang.Thread.State: TIMED_WAITING
        at sun.misc.Unsafe.park(Native Method)
        at java.util.concurrent.locks.LockSupport.parkNanos(LockSupport.java:215)
        at java.util.concurrent.locks.AbstractQueuedSynchronizer$ConditionObject.awaitNanos(AbstractQueuedSynchronizer.java:2078)
        at java.util.concurrent.ScheduledThreadPoolExecutor$DelayedWorkQueue.take(ScheduledThreadPoolExecutor.java:1093)
        at java.util.concurrent.ScheduledThreadPoolExecutor$DelayedWorkQueue.take(ScheduledThreadPoolExecutor.java:809)
        at java.util.concurrent.ThreadPoolExecutor.getTask(ThreadPoolExecutor.java:1074)
        at java.util.concurrent.ThreadPoolExecutor.runWorker(ThreadPoolExecutor.java:1134)
        at java.util.concurrent.ThreadPoolExecutor$Worker.run(ThreadPoolExecutor.java:624)
        at java.lang.Thread.run(Thread.java:748)
"pool-158-thread-36"  prio=5 tid=1860 in Object.wait()
java.lang.Thread.State: WAITING (on object monitor)
        at sun.misc.Unsafe.park(Native Method)
        at java.util.concurrent.locks.LockSupport.park(LockSupport.java:175)
        at java.util.concurrent.locks.AbstractQueuedSynchronizer$ConditionObject.await(AbstractQueuedSynchronizer.java:2039)
        at java.util.concurrent.ArrayBlockingQueue.take(ArrayBlockingQueue.java:403)
        at java.util.concurrent.ThreadPoolExecutor.getTask(ThreadPoolExecutor.java:1074)
        at java.util.concurrent.ThreadPoolExecutor.runWorker(ThreadPoolExecutor.java:1134)
        at java.util.concurrent.ThreadPoolExecutor$Worker.run(ThreadPoolExecutor.java:624)
        at java.lang.Thread.run(Thread.java:748)
"pool-148-thread-56"  prio=5 tid=1803 in Object.wait()
java.lang.Thread.State: WAITING (on object monitor)
        at sun.misc.Unsafe.park(Native Method)
        at java.util.concurrent.locks.LockSupport.park(LockSupport.java:175)
        at java.util.concurrent.locks.AbstractQueuedSynchronizer$ConditionObject.await(AbstractQueuedSynchronizer.java:2039)
        at java.util.concurrent.ArrayBlockingQueue.take(ArrayBlockingQueue.java:403)
        at java.util.concurrent.ThreadPoolExecutor.getTask(ThreadPoolExecutor.java:1074)
        at java.util.concurrent.ThreadPoolExecutor.runWorker(ThreadPoolExecutor.java:1134)
        at java.util.concurrent.ThreadPoolExecutor$Worker.run(ThreadPoolExecutor.java:624)
        at java.lang.Thread.run(Thread.java:748)
"pool-148-thread-20"  prio=5 tid=1767 in Object.wait()
java.lang.Thread.State: WAITING (on object monitor)
        at sun.misc.Unsafe.park(Native Method)
        at java.util.concurrent.locks.LockSupport.park(LockSupport.java:175)
        at java.util.concurrent.locks.AbstractQueuedSynchronizer$ConditionObject.await(AbstractQueuedSynchronizer.java:2039)
        at java.util.concurrent.ArrayBlockingQueue.take(ArrayBlockingQueue.java:403)
        at java.util.concurrent.ThreadPoolExecutor.getTask(ThreadPoolExecutor.java:1074)
        at java.util.concurrent.ThreadPoolExecutor.runWorker(ThreadPoolExecutor.java:1134)
        at java.util.concurrent.ThreadPoolExecutor$Worker.run(ThreadPoolExecutor.java:624)
        at java.lang.Thread.run(Thread.java:748)
"metrics-hadoop-metrics2-reporter-60-thread-1" daemon prio=5 tid=957 timed_waiting
java.lang.Thread.State: TIMED_WAITING
        at sun.misc.Unsafe.park(Native Method)
        at java.util.concurrent.locks.LockSupport.parkNanos(LockSupport.java:215)
        at java.util.concurrent.locks.AbstractQueuedSynchronizer$ConditionObject.awaitNanos(AbstractQueuedSynchronizer.java:2078)
        at java.util.concurrent.ScheduledThreadPoolExecutor$DelayedWorkQueue.take(ScheduledThreadPoolExecutor.java:1093)
        at java.util.concurrent.ScheduledThreadPoolExecutor$DelayedWorkQueue.take(ScheduledThreadPoolExecutor.java:809)
        at java.util.concurrent.ThreadPoolExecutor.getTask(ThreadPoolExecutor.java:1074)
        at java.util.concurrent.ThreadPoolExecutor.runWorker(ThreadPoolExecutor.java:1134)
        at java.util.concurrent.ThreadPoolExecutor$Worker.run(ThreadPoolExecutor.java:624)
        at java.lang.Thread.run(Thread.java:748)
"metrics-hadoop-metrics2-reporter-18-thread-1" daemon prio=5 tid=744 timed_waiting
java.lang.Thread.State: TIMED_WAITING
        at sun.misc.Unsafe.park(Native Method)
        at java.util.concurrent.locks.LockSupport.parkNanos(LockSupport.java:215)
        at java.util.concurrent.locks.AbstractQueuedSynchronizer$ConditionObject.awaitNanos(AbstractQueuedSynchronizer.java:2078)
        at java.util.concurrent.ScheduledThreadPoolExecutor$DelayedWorkQueue.take(ScheduledThreadPoolExecutor.java:1093)
        at java.util.concurrent.ScheduledThreadPoolExecutor$DelayedWorkQueue.take(ScheduledThreadPoolExecutor.java:809)
        at java.util.concurrent.ThreadPoolExecutor.getTask(ThreadPoolExecutor.java:1074)
        at java.util.concurrent.ThreadPoolExecutor.runWorker(ThreadPoolExecutor.java:1134)
        at java.util.concurrent.ThreadPoolExecutor$Worker.run(ThreadPoolExecutor.java:624)
        at java.lang.Thread.run(Thread.java:748)
"metrics-hadoop-metrics2-reporter-80-thread-1" daemon prio=5 tid=1050 timed_waiting
java.lang.Thread.State: TIMED_WAITING
        at sun.misc.Unsafe.park(Native Method)
        at java.util.concurrent.locks.LockSupport.parkNanos(LockSupport.java:215)
        at java.util.concurrent.locks.AbstractQueuedSynchronizer$ConditionObject.awaitNanos(AbstractQueuedSynchronizer.java:2078)
        at java.util.concurrent.ScheduledThreadPoolExecutor$DelayedWorkQueue.take(ScheduledThreadPoolExecutor.java:1093)
        at java.util.concurrent.ScheduledThreadPoolExecutor$DelayedWorkQueue.take(ScheduledThreadPoolExecutor.java:809)
        at java.util.concurrent.ThreadPoolExecutor.getTask(ThreadPoolExecutor.java:1074)
        at java.util.concurrent.ThreadPoolExecutor.runWorker(ThreadPoolExecutor.java:1134)
        at java.util.concurrent.ThreadPoolExecutor$Worker.run(ThreadPoolExecutor.java:624)
        at java.lang.Thread.run(Thread.java:748)
"pool-156-thread-1" daemon prio=5 tid=1641 timed_waiting
java.lang.Thread.State: TIMED_WAITING
        at sun.misc.Unsafe.park(Native Method)
        at java.util.concurrent.locks.LockSupport.parkNanos(LockSupport.java:215)
        at java.util.concurrent.locks.AbstractQueuedSynchronizer$ConditionObject.awaitNanos(AbstractQueuedSynchronizer.java:2078)
        at java.util.concurrent.ScheduledThreadPoolExecutor$DelayedWorkQueue.take(ScheduledThreadPoolExecutor.java:1093)
        at java.util.concurrent.ScheduledThreadPoolExecutor$DelayedWorkQueue.take(ScheduledThreadPoolExecutor.java:809)
        at java.util.concurrent.ThreadPoolExecutor.getTask(ThreadPoolExecutor.java:1074)
        at java.util.concurrent.ThreadPoolExecutor.runWorker(ThreadPoolExecutor.java:1134)
        at java.util.concurrent.ThreadPoolExecutor$Worker.run(ThreadPoolExecutor.java:624)
        at java.lang.Thread.run(Thread.java:748)
"org.eclipse.jetty.server.session.HashSessionManager@4f21e818Timer" daemon prio=5 tid=1622 timed_waiting
java.lang.Thread.State: TIMED_WAITING
        at sun.misc.Unsafe.park(Native Method)
        at java.util.concurrent.locks.LockSupport.parkNanos(LockSupport.java:215)
        at java.util.concurrent.locks.AbstractQueuedSynchronizer$ConditionObject.awaitNanos(AbstractQueuedSynchronizer.java:2078)
        at java.util.concurrent.ScheduledThreadPoolExecutor$DelayedWorkQueue.take(ScheduledThreadPoolExecutor.java:1093)
        at java.util.concurrent.ScheduledThreadPoolExecutor$DelayedWorkQueue.take(ScheduledThreadPoolExecutor.java:809)
        at java.util.concurrent.ThreadPoolExecutor.getTask(ThreadPoolExecutor.java:1074)
        at java.util.concurrent.ThreadPoolExecutor.runWorker(ThreadPoolExecutor.java:1134)
        at java.util.concurrent.ThreadPoolExecutor$Worker.run(ThreadPoolExecutor.java:624)
        at java.lang.Thread.run(Thread.java:748)
"metrics-hadoop-metrics2-reporter-44-thread-1" daemon prio=5 tid=837 timed_waiting
java.lang.Thread.State: TIMED_WAITING
        at sun.misc.Unsafe.park(Native Method)
        at java.util.concurrent.locks.LockSupport.parkNanos(LockSupport.java:215)
        at java.util.concurrent.locks.AbstractQueuedSynchronizer$ConditionObject.awaitNanos(AbstractQueuedSynchronizer.java:2078)
        at java.util.concurrent.ScheduledThreadPoolExecutor$DelayedWorkQueue.take(ScheduledThreadPoolExecutor.java:1093)
        at java.util.concurrent.ScheduledThreadPoolExecutor$DelayedWorkQueue.take(ScheduledThreadPoolExecutor.java:809)
        at java.util.concurrent.ThreadPoolExecutor.getTask(ThreadPoolExecutor.java:1074)
        at java.util.concurrent.ThreadPoolExecutor.runWorker(ThreadPoolExecutor.java:1134)
        at java.util.concurrent.ThreadPoolExecutor$Worker.run(ThreadPoolExecutor.java:624)
        at java.lang.Thread.run(Thread.java:748)
"grpc-default-executor-3" daemon prio=5 tid=1957 timed_waiting
java.lang.Thread.State: TIMED_WAITING
        at sun.misc.Unsafe.park(Native Method)
        at java.util.concurrent.locks.LockSupport.parkNanos(LockSupport.java:215)
        at java.util.concurrent.SynchronousQueue$TransferStack.awaitFulfill(SynchronousQueue.java:460)
        at java.util.concurrent.SynchronousQueue$TransferStack.transfer(SynchronousQueue.java:362)
        at java.util.concurrent.SynchronousQueue.poll(SynchronousQueue.java:941)
        at java.util.concurrent.ThreadPoolExecutor.getTask(ThreadPoolExecutor.java:1073)
        at java.util.concurrent.ThreadPoolExecutor.runWorker(ThreadPoolExecutor.java:1134)
        at java.util.concurrent.ThreadPoolExecutor$Worker.run(ThreadPoolExecutor.java:624)
        at java.lang.Thread.run(Thread.java:748)
"IPC Server handler 11 on 46609" daemon prio=5 tid=1102 timed_waiting
java.lang.Thread.State: TIMED_WAITING
        at sun.misc.Unsafe.park(Native Method)
        at java.util.concurrent.locks.LockSupport.parkNanos(LockSupport.java:215)
        at java.util.concurrent.locks.AbstractQueuedSynchronizer$ConditionObject.awaitNanos(AbstractQueuedSynchronizer.java:2078)
        at java.util.concurrent.LinkedBlockingQueue.poll(LinkedBlockingQueue.java:467)
        at org.apache.hadoop.ipc.CallQueueManager.take(CallQueueManager.java:288)
        at org.apache.hadoop.ipc.Server$Handler.run(Server.java:2668)
"metrics-hadoop-metrics2-reporter-75-thread-1" daemon prio=5 tid=1025 timed_waiting
java.lang.Thread.State: TIMED_WAITING
        at sun.misc.Unsafe.park(Native Method)
        at java.util.concurrent.locks.LockSupport.parkNanos(LockSupport.java:215)
        at java.util.concurrent.locks.AbstractQueuedSynchronizer$ConditionObject.awaitNanos(AbstractQueuedSynchronizer.java:2078)
        at java.util.concurrent.ScheduledThreadPoolExecutor$DelayedWorkQueue.take(ScheduledThreadPoolExecutor.java:1093)
        at java.util.concurrent.ScheduledThreadPoolExecutor$DelayedWorkQueue.take(ScheduledThreadPoolExecutor.java:809)
        at java.util.concurrent.ThreadPoolExecutor.getTask(ThreadPoolExecutor.java:1074)
        at java.util.concurrent.ThreadPoolExecutor.runWorker(ThreadPoolExecutor.java:1134)
        at java.util.concurrent.ThreadPoolExecutor$Worker.run(ThreadPoolExecutor.java:624)
        at java.lang.Thread.run(Thread.java:748)
"IPC Server idle connection scanner for port 45184" daemon prio=5 tid=1169 timed_waiting
java.lang.Thread.State: TIMED_WAITING
        at java.lang.Object.wait(Native Method)
        at java.util.TimerThread.mainLoop(Timer.java:552)
        at java.util.TimerThread.run(Timer.java:505)
"grpc-default-worker-ELG-7-4" daemon prio=5 tid=1746 runnable
java.lang.Thread.State: RUNNABLE
        at sun.nio.ch.EPollArrayWrapper.epollWait(Native Method)
        at sun.nio.ch.EPollArrayWrapper.poll(EPollArrayWrapper.java:269)
        at sun.nio.ch.EPollSelectorImpl.doSelect(EPollSelectorImpl.java:93)
        at sun.nio.ch.SelectorImpl.lockAndDoSelect(SelectorImpl.java:86)
        at sun.nio.ch.SelectorImpl.select(SelectorImpl.java:97)
        at org.apache.ratis.thirdparty.io.netty.channel.nio.SelectedSelectionKeySetSelector.select(SelectedSelectionKeySetSelector.java:62)
        at org.apache.ratis.thirdparty.io.netty.channel.nio.NioEventLoop.select(NioEventLoop.java:753)
        at org.apache.ratis.thirdparty.io.netty.channel.nio.NioEventLoop.run(NioEventLoop.java:408)
        at org.apache.ratis.thirdparty.io.netty.util.concurrent.SingleThreadEventExecutor$5.run(SingleThreadEventExecutor.java:897)
        at org.apache.ratis.thirdparty.io.netty.util.concurrent.FastThreadLocalRunnable.run(FastThreadLocalRunnable.java:30)
        at java.lang.Thread.run(Thread.java:748)
"pool-138-thread-45"  prio=5 tid=1716 in Object.wait()
java.lang.Thread.State: WAITING (on object monitor)
        at sun.misc.Unsafe.park(Native Method)
        at java.util.concurrent.locks.LockSupport.park(LockSupport.java:175)
        at java.util.concurrent.locks.AbstractQueuedSynchronizer$ConditionObject.await(AbstractQueuedSynchronizer.java:2039)
        at java.util.concurrent.ArrayBlockingQueue.take(ArrayBlockingQueue.java:403)
        at java.util.concurrent.ThreadPoolExecutor.getTask(ThreadPoolExecutor.java:1074)
        at java.util.concurrent.ThreadPoolExecutor.runWorker(ThreadPoolExecutor.java:1134)
        at java.util.concurrent.ThreadPoolExecutor$Worker.run(ThreadPoolExecutor.java:624)
        at java.lang.Thread.run(Thread.java:748)
"pool-148-thread-35"  prio=5 tid=1782 in Object.wait()
java.lang.Thread.State: WAITING (on object monitor)
        at sun.misc.Unsafe.park(Native Method)
        at java.util.concurrent.locks.LockSupport.park(LockSupport.java:175)
        at java.util.concurrent.locks.AbstractQueuedSynchronizer$ConditionObject.await(AbstractQueuedSynchronizer.java:2039)
        at java.util.concurrent.ArrayBlockingQueue.take(ArrayBlockingQueue.java:403)
        at java.util.concurrent.ThreadPoolExecutor.getTask(ThreadPoolExecutor.java:1074)
        at java.util.concurrent.ThreadPoolExecutor.runWorker(ThreadPoolExecutor.java:1134)
        at java.util.concurrent.ThreadPoolExecutor$Worker.run(ThreadPoolExecutor.java:624)
        at java.lang.Thread.run(Thread.java:748)
"pool-158-thread-3"  prio=5 tid=1827 in Object.wait()
java.lang.Thread.State: WAITING (on object monitor)
        at sun.misc.Unsafe.park(Native Method)
        at java.util.concurrent.locks.LockSupport.park(LockSupport.java:175)
        at java.util.concurrent.locks.AbstractQueuedSynchronizer$ConditionObject.await(AbstractQueuedSynchronizer.java:2039)
        at java.util.concurrent.ArrayBlockingQueue.take(ArrayBlockingQueue.java:403)
        at java.util.concurrent.ThreadPoolExecutor.getTask(ThreadPoolExecutor.java:1074)
        at java.util.concurrent.ThreadPoolExecutor.runWorker(ThreadPoolExecutor.java:1134)
        at java.util.concurrent.ThreadPoolExecutor$Worker.run(ThreadPoolExecutor.java:624)
        at java.lang.Thread.run(Thread.java:748)
"pool-138-thread-25"  prio=5 tid=1696 in Object.wait()
java.lang.Thread.State: WAITING (on object monitor)
        at sun.misc.Unsafe.park(Native Method)
        at java.util.concurrent.locks.LockSupport.park(LockSupport.java:175)
        at java.util.concurrent.locks.AbstractQueuedSynchronizer$ConditionObject.await(AbstractQueuedSynchronizer.java:2039)
        at java.util.concurrent.ArrayBlockingQueue.take(ArrayBlockingQueue.java:403)
        at java.util.concurrent.ThreadPoolExecutor.getTask(ThreadPoolExecutor.java:1074)
        at java.util.concurrent.ThreadPoolExecutor.runWorker(ThreadPoolExecutor.java:1134)
        at java.util.concurrent.ThreadPoolExecutor$Worker.run(ThreadPoolExecutor.java:624)
        at java.lang.Thread.run(Thread.java:748)
"pool-138-thread-18"  prio=5 tid=1689 in Object.wait()
java.lang.Thread.State: WAITING (on object monitor)
        at sun.misc.Unsafe.park(Native Method)
        at java.util.concurrent.locks.LockSupport.park(LockSupport.java:175)
        at java.util.concurrent.locks.AbstractQueuedSynchronizer$ConditionObject.await(AbstractQueuedSynchronizer.java:2039)
        at java.util.concurrent.ArrayBlockingQueue.take(ArrayBlockingQueue.java:403)
        at java.util.concurrent.ThreadPoolExecutor.getTask(ThreadPoolExecutor.java:1074)
        at java.util.concurrent.ThreadPoolExecutor.runWorker(ThreadPoolExecutor.java:1134)
        at java.util.concurrent.ThreadPoolExecutor$Worker.run(ThreadPoolExecutor.java:624)
        at java.lang.Thread.run(Thread.java:748)
"grpc-default-boss-ELG-6-1" daemon prio=5 tid=1735 runnable
java.lang.Thread.State: RUNNABLE
        at sun.nio.ch.EPollArrayWrapper.epollWait(Native Method)
        at sun.nio.ch.EPollArrayWrapper.poll(EPollArrayWrapper.java:269)
        at sun.nio.ch.EPollSelectorImpl.doSelect(EPollSelectorImpl.java:93)
        at sun.nio.ch.SelectorImpl.lockAndDoSelect(SelectorImpl.java:86)
        at sun.nio.ch.SelectorImpl.select(SelectorImpl.java:97)
        at org.apache.ratis.thirdparty.io.netty.channel.nio.SelectedSelectionKeySetSelector.select(SelectedSelectionKeySetSelector.java:62)
        at org.apache.ratis.thirdparty.io.netty.channel.nio.NioEventLoop.select(NioEventLoop.java:753)
        at org.apache.ratis.thirdparty.io.netty.channel.nio.NioEventLoop.run(NioEventLoop.java:408)
        at org.apache.ratis.thirdparty.io.netty.util.concurrent.SingleThreadEventExecutor$5.run(SingleThreadEventExecutor.java:897)
        at org.apache.ratis.thirdparty.io.netty.util.concurrent.FastThreadLocalRunnable.run(FastThreadLocalRunnable.java:30)
        at java.lang.Thread.run(Thread.java:748)
"pool-138-thread-54"  prio=5 tid=1725 in Object.wait()
java.lang.Thread.State: WAITING (on object monitor)
        at sun.misc.Unsafe.park(Native Method)
        at java.util.concurrent.locks.LockSupport.park(LockSupport.java:175)
        at java.util.concurrent.locks.AbstractQueuedSynchronizer$ConditionObject.await(AbstractQueuedSynchronizer.java:2039)
        at java.util.concurrent.ArrayBlockingQueue.take(ArrayBlockingQueue.java:403)
        at java.util.concurrent.ThreadPoolExecutor.getTask(ThreadPoolExecutor.java:1074)
        at java.util.concurrent.ThreadPoolExecutor.runWorker(ThreadPoolExecutor.java:1134)
        at java.util.concurrent.ThreadPoolExecutor$Worker.run(ThreadPoolExecutor.java:624)
        at java.lang.Thread.run(Thread.java:748)
"Datanode ReportManager Thread - 3" daemon prio=5 tid=1600 in Object.wait()
java.lang.Thread.State: WAITING (on object monitor)
        at sun.misc.Unsafe.park(Native Method)
        at java.util.concurrent.locks.LockSupport.park(LockSupport.java:175)
        at java.util.concurrent.locks.AbstractQueuedSynchronizer$ConditionObject.await(AbstractQueuedSynchronizer.java:2039)
        at java.util.concurrent.ScheduledThreadPoolExecutor$DelayedWorkQueue.take(ScheduledThreadPoolExecutor.java:1088)
        at java.util.concurrent.ScheduledThreadPoolExecutor$DelayedWorkQueue.take(ScheduledThreadPoolExecutor.java:809)
        at java.util.concurrent.ThreadPoolExecutor.getTask(ThreadPoolExecutor.java:1074)
        at java.util.concurrent.ThreadPoolExecutor.runWorker(ThreadPoolExecutor.java:1134)
        at java.util.concurrent.ThreadPoolExecutor$Worker.run(ThreadPoolExecutor.java:624)
        at java.lang.Thread.run(Thread.java:748)
"46069bd9-45fc-4c82-823c-36f07a1bcff0@group-28ACFA97060E-StateMachineUpdater" daemon prio=5 tid=1939 in Object.wait()
java.lang.Thread.State: WAITING (on object monitor)
        at java.lang.Object.wait(Native Method)
        at java.lang.Object.wait(Object.java:502)
        at org.apache.ratis.server.impl.StateMachineUpdater.waitForCommit(StateMachineUpdater.java:194)
        at org.apache.ratis.server.impl.StateMachineUpdater.run(StateMachineUpdater.java:159)
        at java.lang.Thread.run(Thread.java:748)
"Datanode ReportManager Thread - 0" daemon prio=5 tid=172 in Object.wait()
java.lang.Thread.State: WAITING (on object monitor)
        at sun.misc.Unsafe.park(Native Method)
        at java.util.concurrent.locks.LockSupport.park(LockSupport.java:175)
        at java.util.concurrent.locks.AbstractQueuedSynchronizer$ConditionObject.await(AbstractQueuedSynchronizer.java:2039)
        at java.util.concurrent.ScheduledThreadPoolExecutor$DelayedWorkQueue.take(ScheduledThreadPoolExecutor.java:1088)
        at java.util.concurrent.ScheduledThreadPoolExecutor$DelayedWorkQueue.take(ScheduledThreadPoolExecutor.java:809)
        at java.util.concurrent.ThreadPoolExecutor.getTask(ThreadPoolExecutor.java:1074)
        at java.util.concurrent.ThreadPoolExecutor.runWorker(ThreadPoolExecutor.java:1134)
        at java.util.concurrent.ThreadPoolExecutor$Worker.run(ThreadPoolExecutor.java:624)
        at java.lang.Thread.run(Thread.java:748)
"IPC Server handler 2 on 46609" daemon prio=5 tid=1093 timed_waiting
java.lang.Thread.State: TIMED_WAITING
        at sun.misc.Unsafe.park(Native Method)
        at java.util.concurrent.locks.LockSupport.parkNanos(LockSupport.java:215)
        at java.util.concurrent.locks.AbstractQueuedSynchronizer$ConditionObject.awaitNanos(AbstractQueuedSynchronizer.java:2078)
        at java.util.concurrent.LinkedBlockingQueue.poll(LinkedBlockingQueue.java:467)
        at org.apache.hadoop.ipc.CallQueueManager.take(CallQueueManager.java:288)
        at org.apache.hadoop.ipc.Server$Handler.run(Server.java:2668)
"SCM Heartbeat Processing Thread - 0" daemon prio=5 tid=1075 timed_waiting
java.lang.Thread.State: TIMED_WAITING
        at sun.misc.Unsafe.park(Native Method)
        at java.util.concurrent.locks.LockSupport.parkNanos(LockSupport.java:215)
        at java.util.concurrent.locks.AbstractQueuedSynchronizer$ConditionObject.awaitNanos(AbstractQueuedSynchronizer.java:2078)
        at java.util.concurrent.ScheduledThreadPoolExecutor$DelayedWorkQueue.take(ScheduledThreadPoolExecutor.java:1093)
        at java.util.concurrent.ScheduledThreadPoolExecutor$DelayedWorkQueue.take(ScheduledThreadPoolExecutor.java:809)
        at java.util.concurrent.ThreadPoolExecutor.getTask(ThreadPoolExecutor.java:1074)
        at java.util.concurrent.ThreadPoolExecutor.runWorker(ThreadPoolExecutor.java:1134)
        at java.util.concurrent.ThreadPoolExecutor$Worker.run(ThreadPoolExecutor.java:624)
        at java.lang.Thread.run(Thread.java:748)
"pool-158-thread-4"  prio=5 tid=1828 in Object.wait()
java.lang.Thread.State: WAITING (on object monitor)
        at sun.misc.Unsafe.park(Native Method)
        at java.util.concurrent.locks.LockSupport.park(LockSupport.java:175)
        at java.util.concurrent.locks.AbstractQueuedSynchronizer$ConditionObject.await(AbstractQueuedSynchronizer.java:2039)
        at java.util.concurrent.ArrayBlockingQueue.take(ArrayBlockingQueue.java:403)
        at java.util.concurrent.ThreadPoolExecutor.getTask(ThreadPoolExecutor.java:1074)
        at java.util.concurrent.ThreadPoolExecutor.runWorker(ThreadPoolExecutor.java:1134)
        at java.util.concurrent.ThreadPoolExecutor$Worker.run(ThreadPoolExecutor.java:624)
        at java.lang.Thread.run(Thread.java:748)
"metrics-hadoop-metrics2-reporter-40-thread-1" daemon prio=5 tid=809 timed_waiting
java.lang.Thread.State: TIMED_WAITING
        at sun.misc.Unsafe.park(Native Method)
        at java.util.concurrent.locks.LockSupport.parkNanos(LockSupport.java:215)
        at java.util.concurrent.locks.AbstractQueuedSynchronizer$ConditionObject.awaitNanos(AbstractQueuedSynchronizer.java:2078)
        at java.util.concurrent.ScheduledThreadPoolExecutor$DelayedWorkQueue.take(ScheduledThreadPoolExecutor.java:1093)
        at java.util.concurrent.ScheduledThreadPoolExecutor$DelayedWorkQueue.take(ScheduledThreadPoolExecutor.java:809)
        at java.util.concurrent.ThreadPoolExecutor.getTask(ThreadPoolExecutor.java:1074)
        at java.util.concurrent.ThreadPoolExecutor.runWorker(ThreadPoolExecutor.java:1134)
        at java.util.concurrent.ThreadPoolExecutor$Worker.run(ThreadPoolExecutor.java:624)
        at java.lang.Thread.run(Thread.java:748)
"pool-138-thread-11"  prio=5 tid=1682 in Object.wait()
java.lang.Thread.State: WAITING (on object monitor)
        at sun.misc.Unsafe.park(Native Method)
        at java.util.concurrent.locks.LockSupport.park(LockSupport.java:175)
        at java.util.concurrent.locks.AbstractQueuedSynchronizer$ConditionObject.await(AbstractQueuedSynchronizer.java:2039)
        at java.util.concurrent.ArrayBlockingQueue.take(ArrayBlockingQueue.java:403)
        at java.util.concurrent.ThreadPoolExecutor.getTask(ThreadPoolExecutor.java:1074)
        at java.util.concurrent.ThreadPoolExecutor.runWorker(ThreadPoolExecutor.java:1134)
        at java.util.concurrent.ThreadPoolExecutor$Worker.run(ThreadPoolExecutor.java:624)
        at java.lang.Thread.run(Thread.java:748)
"pool-148-thread-43"  prio=5 tid=1790 in Object.wait()
java.lang.Thread.State: WAITING (on object monitor)
        at sun.misc.Unsafe.park(Native Method)
        at java.util.concurrent.locks.LockSupport.park(LockSupport.java:175)
        at java.util.concurrent.locks.AbstractQueuedSynchronizer$ConditionObject.await(AbstractQueuedSynchronizer.java:2039)
        at java.util.concurrent.ArrayBlockingQueue.take(ArrayBlockingQueue.java:403)
        at java.util.concurrent.ThreadPoolExecutor.getTask(ThreadPoolExecutor.java:1074)
        at java.util.concurrent.ThreadPoolExecutor.runWorker(ThreadPoolExecutor.java:1134)
        at java.util.concurrent.ThreadPoolExecutor$Worker.run(ThreadPoolExecutor.java:624)
        at java.lang.Thread.run(Thread.java:748)
"metrics-hadoop-metrics2-reporter-113-thread-1" daemon prio=5 tid=1929 timed_waiting
java.lang.Thread.State: TIMED_WAITING
        at sun.misc.Unsafe.park(Native Method)
        at java.util.concurrent.locks.LockSupport.parkNanos(LockSupport.java:215)
        at java.util.concurrent.locks.AbstractQueuedSynchronizer$ConditionObject.awaitNanos(AbstractQueuedSynchronizer.java:2078)
        at java.util.concurrent.ScheduledThreadPoolExecutor$DelayedWorkQueue.take(ScheduledThreadPoolExecutor.java:1093)
        at java.util.concurrent.ScheduledThreadPoolExecutor$DelayedWorkQueue.take(ScheduledThreadPoolExecutor.java:809)
        at java.util.concurrent.ThreadPoolExecutor.getTask(ThreadPoolExecutor.java:1074)
        at java.util.concurrent.ThreadPoolExecutor.runWorker(ThreadPoolExecutor.java:1134)
        at java.util.concurrent.ThreadPoolExecutor$Worker.run(ThreadPoolExecutor.java:624)
        at java.lang.Thread.run(Thread.java:748)
"pool-158-thread-44"  prio=5 tid=1869 in Object.wait()
java.lang.Thread.State: WAITING (on object monitor)
        at sun.misc.Unsafe.park(Native Method)
        at java.util.concurrent.locks.LockSupport.park(LockSupport.java:175)
        at java.util.concurrent.locks.AbstractQueuedSynchronizer$ConditionObject.await(AbstractQueuedSynchronizer.java:2039)
        at java.util.concurrent.ArrayBlockingQueue.take(ArrayBlockingQueue.java:403)
        at java.util.concurrent.ThreadPoolExecutor.getTask(ThreadPoolExecutor.java:1074)
        at java.util.concurrent.ThreadPoolExecutor.runWorker(ThreadPoolExecutor.java:1134)
        at java.util.concurrent.ThreadPoolExecutor$Worker.run(ThreadPoolExecutor.java:624)
        at java.lang.Thread.run(Thread.java:748)
"org.eclipse.jetty.server.session.HashSessionManager@1fa5a883Timer" daemon prio=5 tid=1595 timed_waiting
java.lang.Thread.State: TIMED_WAITING
        at sun.misc.Unsafe.park(Native Method)
        at java.util.concurrent.locks.LockSupport.parkNanos(LockSupport.java:215)
        at java.util.concurrent.locks.AbstractQueuedSynchronizer$ConditionObject.awaitNanos(AbstractQueuedSynchronizer.java:2078)
        at java.util.concurrent.ScheduledThreadPoolExecutor$DelayedWorkQueue.take(ScheduledThreadPoolExecutor.java:1093)
        at java.util.concurrent.ScheduledThreadPoolExecutor$DelayedWorkQueue.take(ScheduledThreadPoolExecutor.java:809)
        at java.util.concurrent.ThreadPoolExecutor.getTask(ThreadPoolExecutor.java:1074)
        at java.util.concurrent.ThreadPoolExecutor.runWorker(ThreadPoolExecutor.java:1134)
        at java.util.concurrent.ThreadPoolExecutor$Worker.run(ThreadPoolExecutor.java:624)
        at java.lang.Thread.run(Thread.java:748)
"EventQueue-NonHealthyToHealthyNodeForNonHealthyToHealthyNodeHandler" daemon prio=5 tid=1900 in Object.wait()
java.lang.Thread.State: WAITING (on object monitor)
        at sun.misc.Unsafe.park(Native Method)
        at java.util.concurrent.locks.LockSupport.park(LockSupport.java:175)
        at java.util.concurrent.locks.AbstractQueuedSynchronizer$ConditionObject.await(AbstractQueuedSynchronizer.java:2039)
        at java.util.concurrent.LinkedBlockingQueue.take(LinkedBlockingQueue.java:442)
        at java.util.concurrent.ThreadPoolExecutor.getTask(ThreadPoolExecutor.java:1074)
        at java.util.concurrent.ThreadPoolExecutor.runWorker(ThreadPoolExecutor.java:1134)
        at java.util.concurrent.ThreadPoolExecutor$Worker.run(ThreadPoolExecutor.java:624)
        at java.lang.Thread.run(Thread.java:748)
"metrics-hadoop-metrics2-reporter-2-thread-1" daemon prio=5 tid=706 timed_waiting
java.lang.Thread.State: TIMED_WAITING
        at sun.misc.Unsafe.park(Native Method)
        at java.util.concurrent.locks.LockSupport.parkNanos(LockSupport.java:215)
        at java.util.concurrent.locks.AbstractQueuedSynchronizer$ConditionObject.awaitNanos(AbstractQueuedSynchronizer.java:2078)
        at java.util.concurrent.ScheduledThreadPoolExecutor$DelayedWorkQueue.take(ScheduledThreadPoolExecutor.java:1093)
        at java.util.concurrent.ScheduledThreadPoolExecutor$DelayedWorkQueue.take(ScheduledThreadPoolExecutor.java:809)
        at java.util.concurrent.ThreadPoolExecutor.getTask(ThreadPoolExecutor.java:1074)
        at java.util.concurrent.ThreadPoolExecutor.runWorker(ThreadPoolExecutor.java:1134)
        at java.util.concurrent.ThreadPoolExecutor$Worker.run(ThreadPoolExecutor.java:624)
        at java.lang.Thread.run(Thread.java:748)
"grpc-default-worker-ELG-7-3" daemon prio=5 tid=1745 runnable
java.lang.Thread.State: RUNNABLE
        at sun.nio.ch.EPollArrayWrapper.epollWait(Native Method)
        at sun.nio.ch.EPollArrayWrapper.poll(EPollArrayWrapper.java:269)
        at sun.nio.ch.EPollSelectorImpl.doSelect(EPollSelectorImpl.java:93)
        at sun.nio.ch.SelectorImpl.lockAndDoSelect(SelectorImpl.java:86)
        at sun.nio.ch.SelectorImpl.select(SelectorImpl.java:97)
        at org.apache.ratis.thirdparty.io.netty.channel.nio.SelectedSelectionKeySetSelector.select(SelectedSelectionKeySetSelector.java:62)
        at org.apache.ratis.thirdparty.io.netty.channel.nio.NioEventLoop.select(NioEventLoop.java:753)
        at org.apache.ratis.thirdparty.io.netty.channel.nio.NioEventLoop.run(NioEventLoop.java:408)
        at org.apache.ratis.thirdparty.io.netty.util.concurrent.SingleThreadEventExecutor$5.run(SingleThreadEventExecutor.java:897)
        at org.apache.ratis.thirdparty.io.netty.util.concurrent.FastThreadLocalRunnable.run(FastThreadLocalRunnable.java:30)
        at java.lang.Thread.run(Thread.java:748)
"IPC Server handler 7 on 38131" daemon prio=5 tid=1138 timed_waiting
java.lang.Thread.State: TIMED_WAITING
        at sun.misc.Unsafe.park(Native Method)
        at java.util.concurrent.locks.LockSupport.parkNanos(LockSupport.java:215)
        at java.util.concurrent.locks.AbstractQueuedSynchronizer$ConditionObject.awaitNanos(AbstractQueuedSynchronizer.java:2078)
        at java.util.concurrent.LinkedBlockingQueue.poll(LinkedBlockingQueue.java:467)
        at org.apache.hadoop.ipc.CallQueueManager.take(CallQueueManager.java:288)
        at org.apache.hadoop.ipc.Server$Handler.run(Server.java:2668)
"pool-158-thread-8"  prio=5 tid=1832 in Object.wait()
java.lang.Thread.State: WAITING (on object monitor)
        at sun.misc.Unsafe.park(Native Method)
        at java.util.concurrent.locks.LockSupport.park(LockSupport.java:175)
        at java.util.concurrent.locks.AbstractQueuedSynchronizer$ConditionObject.await(AbstractQueuedSynchronizer.java:2039)
        at java.util.concurrent.ArrayBlockingQueue.take(ArrayBlockingQueue.java:403)
        at java.util.concurrent.ThreadPoolExecutor.getTask(ThreadPoolExecutor.java:1074)
        at java.util.concurrent.ThreadPoolExecutor.runWorker(ThreadPoolExecutor.java:1134)
        at java.util.concurrent.ThreadPoolExecutor$Worker.run(ThreadPoolExecutor.java:624)
        at java.lang.Thread.run(Thread.java:748)
"pool-138-thread-27"  prio=5 tid=1698 in Object.wait()
java.lang.Thread.State: WAITING (on object monitor)
        at sun.misc.Unsafe.park(Native Method)
        at java.util.concurrent.locks.LockSupport.park(LockSupport.java:175)
        at java.util.concurrent.locks.AbstractQueuedSynchronizer$ConditionObject.await(AbstractQueuedSynchronizer.java:2039)
        at java.util.concurrent.ArrayBlockingQueue.take(ArrayBlockingQueue.java:403)
        at java.util.concurrent.ThreadPoolExecutor.getTask(ThreadPoolExecutor.java:1074)
        at java.util.concurrent.ThreadPoolExecutor.runWorker(ThreadPoolExecutor.java:1134)
        at java.util.concurrent.ThreadPoolExecutor$Worker.run(ThreadPoolExecutor.java:624)
        at java.lang.Thread.run(Thread.java:748)
"pool-138-thread-28"  prio=5 tid=1699 in Object.wait()
java.lang.Thread.State: WAITING (on object monitor)
        at sun.misc.Unsafe.park(Native Method)
        at java.util.concurrent.locks.LockSupport.park(LockSupport.java:175)
        at java.util.concurrent.locks.AbstractQueuedSynchronizer$ConditionObject.await(AbstractQueuedSynchronizer.java:2039)
        at java.util.concurrent.ArrayBlockingQueue.take(ArrayBlockingQueue.java:403)
        at java.util.concurrent.ThreadPoolExecutor.getTask(ThreadPoolExecutor.java:1074)
        at java.util.concurrent.ThreadPoolExecutor.runWorker(ThreadPoolExecutor.java:1134)
        at java.util.concurrent.ThreadPoolExecutor$Worker.run(ThreadPoolExecutor.java:624)
        at java.lang.Thread.run(Thread.java:748)
"pool-138-thread-12"  prio=5 tid=1683 in Object.wait()
java.lang.Thread.State: WAITING (on object monitor)
        at sun.misc.Unsafe.park(Native Method)
        at java.util.concurrent.locks.LockSupport.park(LockSupport.java:175)
        at java.util.concurrent.locks.AbstractQueuedSynchronizer$ConditionObject.await(AbstractQueuedSynchronizer.java:2039)
        at java.util.concurrent.ArrayBlockingQueue.take(ArrayBlockingQueue.java:403)
        at java.util.concurrent.ThreadPoolExecutor.getTask(ThreadPoolExecutor.java:1074)
        at java.util.concurrent.ThreadPoolExecutor.runWorker(ThreadPoolExecutor.java:1134)
        at java.util.concurrent.ThreadPoolExecutor$Worker.run(ThreadPoolExecutor.java:624)
        at java.lang.Thread.run(Thread.java:748)
"Datanode ReportManager Thread - 3" daemon prio=5 tid=1664 in Object.wait()
java.lang.Thread.State: WAITING (on object monitor)
        at sun.misc.Unsafe.park(Native Method)
        at java.util.concurrent.locks.LockSupport.park(LockSupport.java:175)
        at java.util.concurrent.locks.AbstractQueuedSynchronizer$ConditionObject.await(AbstractQueuedSynchronizer.java:2039)
        at java.util.concurrent.ScheduledThreadPoolExecutor$DelayedWorkQueue.take(ScheduledThreadPoolExecutor.java:1088)
        at java.util.concurrent.ScheduledThreadPoolExecutor$DelayedWorkQueue.take(ScheduledThreadPoolExecutor.java:809)
        at java.util.concurrent.ThreadPoolExecutor.getTask(ThreadPoolExecutor.java:1074)
        at java.util.concurrent.ThreadPoolExecutor.runWorker(ThreadPoolExecutor.java:1134)
        at java.util.concurrent.ThreadPoolExecutor$Worker.run(ThreadPoolExecutor.java:624)
        at java.lang.Thread.run(Thread.java:748)
"Thread-477"  prio=5 tid=1074 runnable
java.lang.Thread.State: RUNNABLE
        at java.lang.Thread.dumpThreads(Native Method)
        at java.lang.Thread.getAllStackTraces(Thread.java:1610)
        at org.apache.hadoop.test.TimedOutTestsListener.buildThreadDump(TimedOutTestsListener.java:87)
        at org.apache.hadoop.test.TimedOutTestsListener.buildThreadDiagnosticString(TimedOutTestsListener.java:73)
        at org.apache.hadoop.test.GenericTestUtils.waitFor(GenericTestUtils.java:389)
        at org.apache.hadoop.hdds.scm.pipeline.TestRatisPipelineCreateAndDestroy.waitForPipelines(TestRatisPipelineCreateAndDestroy.java:126)
        at org.apache.hadoop.hdds.scm.pipeline.TestRatisPipelineCreateAndDestroy.testPipelineCreationOnNodeRestart(TestRatisPipelineCreateAndDestroy.java:121)
        at sun.reflect.NativeMethodAccessorImpl.invoke0(Native Method)
        at sun.reflect.NativeMethodAccessorImpl.invoke(NativeMethodAccessorImpl.java:62)
        at sun.reflect.DelegatingMethodAccessorImpl.invoke(DelegatingMethodAccessorImpl.java:43)
        at java.lang.reflect.Method.invoke(Method.java:498)
        at org.junit.runners.model.FrameworkMethod$1.runReflectiveCall(FrameworkMethod.java:47)
        at org.junit.internal.runners.model.ReflectiveCallable.run(ReflectiveCallable.java:12)
        at org.junit.runners.model.FrameworkMethod.invokeExplosively(FrameworkMethod.java:44)
        at org.junit.internal.runners.statements.InvokeMethod.evaluate(InvokeMethod.java:17)
        at org.junit.internal.runners.statements.FailOnTimeout$StatementThread.run(FailOnTimeout.java:74)
"metrics-hadoop-metrics2-reporter-118-thread-1" daemon prio=5 tid=1943 timed_waiting
java.lang.Thread.State: TIMED_WAITING
        at sun.misc.Unsafe.park(Native Method)
        at java.util.concurrent.locks.LockSupport.parkNanos(LockSupport.java:215)
        at java.util.concurrent.locks.AbstractQueuedSynchronizer$ConditionObject.awaitNanos(AbstractQueuedSynchronizer.java:2078)
        at java.util.concurrent.ScheduledThreadPoolExecutor$DelayedWorkQueue.take(ScheduledThreadPoolExecutor.java:1093)
        at java.util.concurrent.ScheduledThreadPoolExecutor$DelayedWorkQueue.take(ScheduledThreadPoolExecutor.java:809)
        at java.util.concurrent.ThreadPoolExecutor.getTask(ThreadPoolExecutor.java:1074)
        at java.util.concurrent.ThreadPoolExecutor.runWorker(ThreadPoolExecutor.java:1134)
        at java.util.concurrent.ThreadPoolExecutor$Worker.run(ThreadPoolExecutor.java:624)
        at java.lang.Thread.run(Thread.java:748)
"EventQueue-NewNodeForNewNodeHandler" daemon prio=5 tid=1475 in Object.wait()
java.lang.Thread.State: WAITING (on object monitor)
        at sun.misc.Unsafe.park(Native Method)
        at java.util.concurrent.locks.LockSupport.park(LockSupport.java:175)
        at java.util.concurrent.locks.AbstractQueuedSynchronizer$ConditionObject.await(AbstractQueuedSynchronizer.java:2039)
        at java.util.concurrent.LinkedBlockingQueue.take(LinkedBlockingQueue.java:442)
        at java.util.concurrent.ThreadPoolExecutor.getTask(ThreadPoolExecutor.java:1074)
        at java.util.concurrent.ThreadPoolExecutor.runWorker(ThreadPoolExecutor.java:1134)
        at java.util.concurrent.ThreadPoolExecutor$Worker.run(ThreadPoolExecutor.java:624)
        at java.lang.Thread.run(Thread.java:748)
"qtp734928767-1621" daemon prio=5 tid=1621 timed_waiting
java.lang.Thread.State: TIMED_WAITING
        at sun.misc.Unsafe.park(Native Method)
        at java.util.concurrent.locks.LockSupport.parkNanos(LockSupport.java:215)
        at java.util.concurrent.locks.AbstractQueuedSynchronizer$ConditionObject.awaitNanos(AbstractQueuedSynchronizer.java:2078)
        at org.eclipse.jetty.util.BlockingArrayQueue.poll(BlockingArrayQueue.java:392)
        at org.eclipse.jetty.util.thread.QueuedThreadPool.idleJobPoll(QueuedThreadPool.java:563)
        at org.eclipse.jetty.util.thread.QueuedThreadPool.access$800(QueuedThreadPool.java:48)
        at org.eclipse.jetty.util.thread.QueuedThreadPool$2.run(QueuedThreadPool.java:626)
        at java.lang.Thread.run(Thread.java:748)
"metrics-hadoop-metrics2-reporter-56-thread-1" daemon prio=5 tid=950 timed_waiting
java.lang.Thread.State: TIMED_WAITING
        at sun.misc.Unsafe.park(Native Method)
        at java.util.concurrent.locks.LockSupport.parkNanos(LockSupport.java:215)
        at java.util.concurrent.locks.AbstractQueuedSynchronizer$ConditionObject.awaitNanos(AbstractQueuedSynchronizer.java:2078)
        at java.util.concurrent.ScheduledThreadPoolExecutor$DelayedWorkQueue.take(ScheduledThreadPoolExecutor.java:1093)
        at java.util.concurrent.ScheduledThreadPoolExecutor$DelayedWorkQueue.take(ScheduledThreadPoolExecutor.java:809)
        at java.util.concurrent.ThreadPoolExecutor.getTask(ThreadPoolExecutor.java:1074)
        at java.util.concurrent.ThreadPoolExecutor.runWorker(ThreadPoolExecutor.java:1134)
        at java.util.concurrent.ThreadPoolExecutor$Worker.run(ThreadPoolExecutor.java:624)
        at java.lang.Thread.run(Thread.java:748)
"qtp734928767-1614-acceptor-0@13713c1e-ServerConnector@6d77bced{HTTP/1.1,[http/1.1]}{0.0.0.0:35026}" daemon prio=3 tid=1614 runnable
java.lang.Thread.State: RUNNABLE
        at sun.nio.ch.ServerSocketChannelImpl.accept0(Native Method)
        at sun.nio.ch.ServerSocketChannelImpl.accept(ServerSocketChannelImpl.java:422)
        at sun.nio.ch.ServerSocketChannelImpl.accept(ServerSocketChannelImpl.java:250)
        at org.eclipse.jetty.server.ServerConnector.accept(ServerConnector.java:397)
        at org.eclipse.jetty.server.AbstractConnector$Acceptor.run(AbstractConnector.java:601)
        at org.eclipse.jetty.util.thread.QueuedThreadPool.runJob(QueuedThreadPool.java:671)
        at org.eclipse.jetty.util.thread.QueuedThreadPool$2.run(QueuedThreadPool.java:589)
        at java.lang.Thread.run(Thread.java:748)
"grpc-default-executor-4" daemon prio=5 tid=1973 timed_waiting
java.lang.Thread.State: TIMED_WAITING
        at sun.misc.Unsafe.park(Native Method)
        at java.util.concurrent.locks.LockSupport.parkNanos(LockSupport.java:215)
        at java.util.concurrent.SynchronousQueue$TransferStack.awaitFulfill(SynchronousQueue.java:460)
        at java.util.concurrent.SynchronousQueue$TransferStack.transfer(SynchronousQueue.java:362)
        at java.util.concurrent.SynchronousQueue.poll(SynchronousQueue.java:941)
        at java.util.concurrent.ThreadPoolExecutor.getTask(ThreadPoolExecutor.java:1073)
        at java.util.concurrent.ThreadPoolExecutor.runWorker(ThreadPoolExecutor.java:1134)
        at java.util.concurrent.ThreadPoolExecutor$Worker.run(ThreadPoolExecutor.java:624)
        at java.lang.Thread.run(Thread.java:748)
"metrics-hadoop-metrics2-reporter-121-thread-1" daemon prio=5 tid=1962 timed_waiting
java.lang.Thread.State: TIMED_WAITING
        at sun.misc.Unsafe.park(Native Method)
        at java.util.concurrent.locks.LockSupport.parkNanos(LockSupport.java:215)
        at java.util.concurrent.locks.AbstractQueuedSynchronizer$ConditionObject.awaitNanos(AbstractQueuedSynchronizer.java:2078)
        at java.util.concurrent.ScheduledThreadPoolExecutor$DelayedWorkQueue.take(ScheduledThreadPoolExecutor.java:1093)
        at java.util.concurrent.ScheduledThreadPoolExecutor$DelayedWorkQueue.take(ScheduledThreadPoolExecutor.java:809)
        at java.util.concurrent.ThreadPoolExecutor.getTask(ThreadPoolExecutor.java:1074)
        at java.util.concurrent.ThreadPoolExecutor.runWorker(ThreadPoolExecutor.java:1134)
        at java.util.concurrent.ThreadPoolExecutor$Worker.run(ThreadPoolExecutor.java:624)
        at java.lang.Thread.run(Thread.java:748)
"EventQueue-PipelineReportForPipelineReportHandler" daemon prio=5 tid=1480 in Object.wait()
java.lang.Thread.State: WAITING (on object monitor)
        at sun.misc.Unsafe.park(Native Method)
        at java.util.concurrent.locks.LockSupport.park(LockSupport.java:175)
        at java.util.concurrent.locks.AbstractQueuedSynchronizer$ConditionObject.await(AbstractQueuedSynchronizer.java:2039)
        at java.util.concurrent.LinkedBlockingQueue.take(LinkedBlockingQueue.java:442)
        at java.util.concurrent.ThreadPoolExecutor.getTask(ThreadPoolExecutor.java:1074)
        at java.util.concurrent.ThreadPoolExecutor.runWorker(ThreadPoolExecutor.java:1134)
        at java.util.concurrent.ThreadPoolExecutor$Worker.run(ThreadPoolExecutor.java:624)
        at java.lang.Thread.run(Thread.java:748)
"pool-138-thread-43"  prio=5 tid=1714 in Object.wait()
java.lang.Thread.State: WAITING (on object monitor)
        at sun.misc.Unsafe.park(Native Method)
        at java.util.concurrent.locks.LockSupport.park(LockSupport.java:175)
        at java.util.concurrent.locks.AbstractQueuedSynchronizer$ConditionObject.await(AbstractQueuedSynchronizer.java:2039)
        at java.util.concurrent.ArrayBlockingQueue.take(ArrayBlockingQueue.java:403)
        at java.util.concurrent.ThreadPoolExecutor.getTask(ThreadPoolExecutor.java:1074)
        at java.util.concurrent.ThreadPoolExecutor.runWorker(ThreadPoolExecutor.java:1134)
        at java.util.concurrent.ThreadPoolExecutor$Worker.run(ThreadPoolExecutor.java:624)
        at java.lang.Thread.run(Thread.java:748)
"qtp1025473693-1153" daemon prio=5 tid=1153 timed_waiting
java.lang.Thread.State: TIMED_WAITING
        at sun.misc.Unsafe.park(Native Method)
        at java.util.concurrent.locks.LockSupport.parkNanos(LockSupport.java:215)
        at java.util.concurrent.locks.AbstractQueuedSynchronizer$ConditionObject.awaitNanos(AbstractQueuedSynchronizer.java:2078)
        at org.eclipse.jetty.util.BlockingArrayQueue.poll(BlockingArrayQueue.java:392)
        at org.eclipse.jetty.util.thread.QueuedThreadPool.idleJobPoll(QueuedThreadPool.java:563)
        at org.eclipse.jetty.util.thread.QueuedThreadPool.access$800(QueuedThreadPool.java:48)
        at org.eclipse.jetty.util.thread.QueuedThreadPool$2.run(QueuedThreadPool.java:626)
        at java.lang.Thread.run(Thread.java:748)
"IPC Server handler 13 on 38131" daemon prio=5 tid=1144 timed_waiting
java.lang.Thread.State: TIMED_WAITING
        at sun.misc.Unsafe.park(Native Method)
        at java.util.concurrent.locks.LockSupport.parkNanos(LockSupport.java:215)
        at java.util.concurrent.locks.AbstractQueuedSynchronizer$ConditionObject.awaitNanos(AbstractQueuedSynchronizer.java:2078)
        at java.util.concurrent.LinkedBlockingQueue.poll(LinkedBlockingQueue.java:467)
        at org.apache.hadoop.ipc.CallQueueManager.take(CallQueueManager.java:288)
        at org.apache.hadoop.ipc.Server$Handler.run(Server.java:2668)
"pool-158-thread-47"  prio=5 tid=1872 in Object.wait()
java.lang.Thread.State: WAITING (on object monitor)
        at sun.misc.Unsafe.park(Native Method)
        at java.util.concurrent.locks.LockSupport.park(LockSupport.java:175)
        at java.util.concurrent.locks.AbstractQueuedSynchronizer$ConditionObject.await(AbstractQueuedSynchronizer.java:2039)
        at java.util.concurrent.ArrayBlockingQueue.take(ArrayBlockingQueue.java:403)
        at java.util.concurrent.ThreadPoolExecutor.getTask(ThreadPoolExecutor.java:1074)
        at java.util.concurrent.ThreadPoolExecutor.runWorker(ThreadPoolExecutor.java:1134)
        at java.util.concurrent.ThreadPoolExecutor$Worker.run(ThreadPoolExecutor.java:624)
        at java.lang.Thread.run(Thread.java:748)
"pool-158-thread-34"  prio=5 tid=1858 in Object.wait()
java.lang.Thread.State: WAITING (on object monitor)
        at sun.misc.Unsafe.park(Native Method)
        at java.util.concurrent.locks.LockSupport.park(LockSupport.java:175)
        at java.util.concurrent.locks.AbstractQueuedSynchronizer$ConditionObject.await(AbstractQueuedSynchronizer.java:2039)
        at java.util.concurrent.ArrayBlockingQueue.take(ArrayBlockingQueue.java:403)
        at java.util.concurrent.ThreadPoolExecutor.getTask(ThreadPoolExecutor.java:1074)
        at java.util.concurrent.ThreadPoolExecutor.runWorker(ThreadPoolExecutor.java:1134)
        at java.util.concurrent.ThreadPoolExecutor$Worker.run(ThreadPoolExecutor.java:624)
        at java.lang.Thread.run(Thread.java:748)
"pool-138-thread-4"  prio=5 tid=1675 in Object.wait()
java.lang.Thread.State: WAITING (on object monitor)
        at sun.misc.Unsafe.park(Native Method)
        at java.util.concurrent.locks.LockSupport.park(LockSupport.java:175)
        at java.util.concurrent.locks.AbstractQueuedSynchronizer$ConditionObject.await(AbstractQueuedSynchronizer.java:2039)
        at java.util.concurrent.ArrayBlockingQueue.take(ArrayBlockingQueue.java:403)
        at java.util.concurrent.ThreadPoolExecutor.getTask(ThreadPoolExecutor.java:1074)
        at java.util.concurrent.ThreadPoolExecutor.runWorker(ThreadPoolExecutor.java:1134)
        at java.util.concurrent.ThreadPoolExecutor$Worker.run(ThreadPoolExecutor.java:624)
        at java.lang.Thread.run(Thread.java:748)
"Datanode State Machine Thread - 0" daemon prio=5 tid=1596 timed_waiting
java.lang.Thread.State: TIMED_WAITING
        at java.lang.Thread.sleep(Native Method)
        at org.apache.hadoop.ozone.container.common.statemachine.DatanodeStateMachine.start(DatanodeStateMachine.java:191)
        at org.apache.hadoop.ozone.container.common.statemachine.DatanodeStateMachine.lambda$startDaemon$0(DatanodeStateMachine.java:349)
        at org.apache.hadoop.ozone.container.common.statemachine.DatanodeStateMachine$$Lambda$140/1584639477.run(Unknown Source)
        at java.lang.Thread.run(Thread.java:748)
"pool-138-thread-37"  prio=5 tid=1708 in Object.wait()
java.lang.Thread.State: WAITING (on object monitor)
        at sun.misc.Unsafe.park(Native Method)
        at java.util.concurrent.locks.LockSupport.park(LockSupport.java:175)
        at java.util.concurrent.locks.AbstractQueuedSynchronizer$ConditionObject.await(AbstractQueuedSynchronizer.java:2039)
        at java.util.concurrent.ArrayBlockingQueue.take(ArrayBlockingQueue.java:403)
        at java.util.concurrent.ThreadPoolExecutor.getTask(ThreadPoolExecutor.java:1074)
        at java.util.concurrent.ThreadPoolExecutor.runWorker(ThreadPoolExecutor.java:1134)
        at java.util.concurrent.ThreadPoolExecutor$Worker.run(ThreadPoolExecutor.java:624)
        at java.lang.Thread.run(Thread.java:748)
"IPC Server handler 11 on 38802" daemon prio=5 tid=1122 timed_waiting
java.lang.Thread.State: TIMED_WAITING
        at sun.misc.Unsafe.park(Native Method)
        at java.util.concurrent.locks.LockSupport.parkNanos(LockSupport.java:215)
        at java.util.concurrent.locks.AbstractQueuedSynchronizer$ConditionObject.awaitNanos(AbstractQueuedSynchronizer.java:2078)
        at java.util.concurrent.LinkedBlockingQueue.poll(LinkedBlockingQueue.java:467)
        at org.apache.hadoop.ipc.CallQueueManager.take(CallQueueManager.java:288)
        at org.apache.hadoop.ipc.Server$Handler.run(Server.java:2668)
"46069bd9-45fc-4c82-823c-36f07a1bcff0@group-5AFFAA4212DA-StateMachineUpdater" daemon prio=5 tid=1904 in Object.wait()
java.lang.Thread.State: WAITING (on object monitor)
        at java.lang.Object.wait(Native Method)
        at java.lang.Object.wait(Object.java:502)
        at org.apache.ratis.server.impl.StateMachineUpdater.waitForCommit(StateMachineUpdater.java:194)
        at org.apache.ratis.server.impl.StateMachineUpdater.run(StateMachineUpdater.java:159)
        at java.lang.Thread.run(Thread.java:748)
"Thread-758" daemon prio=5 tid=1820 timed_waiting
java.lang.Thread.State: TIMED_WAITING
        at sun.misc.Unsafe.park(Native Method)
        at java.util.concurrent.locks.LockSupport.parkNanos(LockSupport.java:215)
        at java.util.concurrent.locks.AbstractQueuedSynchronizer$ConditionObject.awaitNanos(AbstractQueuedSynchronizer.java:2078)
        at java.util.concurrent.ArrayBlockingQueue.poll(ArrayBlockingQueue.java:418)
        at org.apache.ratis.server.impl.LeaderState$EventQueue.poll(LeaderState.java:115)
        at org.apache.ratis.server.impl.LeaderState$EventProcessor.run(LeaderState.java:467)
"IPC Server handler 2 on 45184" daemon prio=5 tid=1175 timed_waiting
java.lang.Thread.State: TIMED_WAITING
        at sun.misc.Unsafe.park(Native Method)
        at java.util.concurrent.locks.LockSupport.parkNanos(LockSupport.java:215)
        at java.util.concurrent.locks.AbstractQueuedSynchronizer$ConditionObject.awaitNanos(AbstractQueuedSynchronizer.java:2078)
        at java.util.concurrent.LinkedBlockingQueue.poll(LinkedBlockingQueue.java:467)
        at org.apache.hadoop.ipc.CallQueueManager.take(CallQueueManager.java:288)
        at org.apache.hadoop.ipc.Server$Handler.run(Server.java:2668)
"org.apache.hadoop.util.JvmPauseMonitor$Monitor@6a9c4adb" daemon prio=5 tid=1635 timed_waiting
java.lang.Thread.State: TIMED_WAITING
        at java.lang.Thread.sleep(Native Method)
        at org.apache.hadoop.util.JvmPauseMonitor$Monitor.run(JvmPauseMonitor.java:192)
        at java.lang.Thread.run(Thread.java:748)
"pool-158-thread-58"  prio=5 tid=1883 in Object.wait()
java.lang.Thread.State: WAITING (on object monitor)
        at sun.misc.Unsafe.park(Native Method)
        at java.util.concurrent.locks.LockSupport.park(LockSupport.java:175)
        at java.util.concurrent.locks.AbstractQueuedSynchronizer$ConditionObject.await(AbstractQueuedSynchronizer.java:2039)
        at java.util.concurrent.ArrayBlockingQueue.take(ArrayBlockingQueue.java:403)
        at java.util.concurrent.ThreadPoolExecutor.getTask(ThreadPoolExecutor.java:1074)
        at java.util.concurrent.ThreadPoolExecutor.runWorker(ThreadPoolExecutor.java:1134)
        at java.util.concurrent.ThreadPoolExecutor$Worker.run(ThreadPoolExecutor.java:624)
        at java.lang.Thread.run(Thread.java:748)
"pool-148-thread-19"  prio=5 tid=1765 in Object.wait()
java.lang.Thread.State: WAITING (on object monitor)
        at sun.misc.Unsafe.park(Native Method)
        at java.util.concurrent.locks.LockSupport.park(LockSupport.java:175)
        at java.util.concurrent.locks.AbstractQueuedSynchronizer$ConditionObject.await(AbstractQueuedSynchronizer.java:2039)
        at java.util.concurrent.ArrayBlockingQueue.take(ArrayBlockingQueue.java:403)
        at java.util.concurrent.ThreadPoolExecutor.getTask(ThreadPoolExecutor.java:1074)
        at java.util.concurrent.ThreadPoolExecutor.runWorker(ThreadPoolExecutor.java:1134)
        at java.util.concurrent.ThreadPoolExecutor$Worker.run(ThreadPoolExecutor.java:624)
        at java.lang.Thread.run(Thread.java:748)
"org.eclipse.jetty.server.session.HashSessionManager@75ee47bbTimer" daemon prio=5 tid=1656 timed_waiting
java.lang.Thread.State: TIMED_WAITING
        at sun.misc.Unsafe.park(Native Method)
        at java.util.concurrent.locks.LockSupport.parkNanos(LockSupport.java:215)
        at java.util.concurrent.locks.AbstractQueuedSynchronizer$ConditionObject.awaitNanos(AbstractQueuedSynchronizer.java:2078)
        at java.util.concurrent.ScheduledThreadPoolExecutor$DelayedWorkQueue.take(ScheduledThreadPoolExecutor.java:1093)
        at java.util.concurrent.ScheduledThreadPoolExecutor$DelayedWorkQueue.take(ScheduledThreadPoolExecutor.java:809)
        at java.util.concurrent.ThreadPoolExecutor.getTask(ThreadPoolExecutor.java:1074)
        at java.util.concurrent.ThreadPoolExecutor.runWorker(ThreadPoolExecutor.java:1134)
        at java.util.concurrent.ThreadPoolExecutor$Worker.run(ThreadPoolExecutor.java:624)
        at java.lang.Thread.run(Thread.java:748)
"Timer-1" daemon prio=5 tid=150 timed_waiting
java.lang.Thread.State: TIMED_WAITING
        at java.lang.Object.wait(Native Method)
        at java.util.TimerThread.mainLoop(Timer.java:552)
        at java.util.TimerThread.run(Timer.java:505)
"metrics-hadoop-metrics2-reporter-63-thread-1" daemon prio=5 tid=970 timed_waiting
java.lang.Thread.State: TIMED_WAITING
        at sun.misc.Unsafe.park(Native Method)
        at java.util.concurrent.locks.LockSupport.parkNanos(LockSupport.java:215)
        at java.util.concurrent.locks.AbstractQueuedSynchronizer$ConditionObject.awaitNanos(AbstractQueuedSynchronizer.java:2078)
        at java.util.concurrent.ScheduledThreadPoolExecutor$DelayedWorkQueue.take(ScheduledThreadPoolExecutor.java:1093)
        at java.util.concurrent.ScheduledThreadPoolExecutor$DelayedWorkQueue.take(ScheduledThreadPoolExecutor.java:809)
        at java.util.concurrent.ThreadPoolExecutor.getTask(ThreadPoolExecutor.java:1074)
        at java.util.concurrent.ThreadPoolExecutor.runWorker(ThreadPoolExecutor.java:1134)
        at java.util.concurrent.ThreadPoolExecutor$Worker.run(ThreadPoolExecutor.java:624)
        at java.lang.Thread.run(Thread.java:748)
"qtp1570597614-1647" daemon prio=5 tid=1647 runnable
java.lang.Thread.State: RUNNABLE
        at sun.nio.ch.EPollArrayWrapper.epollWait(Native Method)
        at sun.nio.ch.EPollArrayWrapper.poll(EPollArrayWrapper.java:269)
        at sun.nio.ch.EPollSelectorImpl.doSelect(EPollSelectorImpl.java:93)
        at sun.nio.ch.SelectorImpl.lockAndDoSelect(SelectorImpl.java:86)
        at sun.nio.ch.SelectorImpl.select(SelectorImpl.java:97)
        at sun.nio.ch.SelectorImpl.select(SelectorImpl.java:101)
        at org.eclipse.jetty.io.ManagedSelector$SelectorProducer.select(ManagedSelector.java:243)
        at org.eclipse.jetty.io.ManagedSelector$SelectorProducer.produce(ManagedSelector.java:191)
        at org.eclipse.jetty.util.thread.strategy.ExecuteProduceConsume.executeProduceConsume(ExecuteProduceConsume.java:249)
        at org.eclipse.jetty.util.thread.strategy.ExecuteProduceConsume.produceConsume(ExecuteProduceConsume.java:148)
        at org.eclipse.jetty.util.thread.strategy.ExecuteProduceConsume.execute(ExecuteProduceConsume.java:100)
        at org.eclipse.jetty.io.ManagedSelector.run(ManagedSelector.java:147)
        at org.eclipse.jetty.util.thread.QueuedThreadPool.runJob(QueuedThreadPool.java:671)
        at org.eclipse.jetty.util.thread.QueuedThreadPool$2.run(QueuedThreadPool.java:589)
        at java.lang.Thread.run(Thread.java:748)
"Periodic HDDS volume checker"  prio=5 tid=1578 timed_waiting
java.lang.Thread.State: TIMED_WAITING
        at sun.misc.Unsafe.park(Native Method)
        at java.util.concurrent.locks.LockSupport.parkNanos(LockSupport.java:215)
        at java.util.concurrent.locks.AbstractQueuedSynchronizer$ConditionObject.awaitNanos(AbstractQueuedSynchronizer.java:2078)
        at java.util.concurrent.ScheduledThreadPoolExecutor$DelayedWorkQueue.take(ScheduledThreadPoolExecutor.java:1093)
        at java.util.concurrent.ScheduledThreadPoolExecutor$DelayedWorkQueue.take(ScheduledThreadPoolExecutor.java:809)
        at java.util.concurrent.ThreadPoolExecutor.getTask(ThreadPoolExecutor.java:1074)
        at java.util.concurrent.ThreadPoolExecutor.runWorker(ThreadPoolExecutor.java:1134)
        at java.util.concurrent.ThreadPoolExecutor$Worker.run(ThreadPoolExecutor.java:624)
        at java.lang.Thread.run(Thread.java:748)
"IPC Server handler 1 on 46609" daemon prio=5 tid=1092 timed_waiting
java.lang.Thread.State: TIMED_WAITING
        at sun.misc.Unsafe.park(Native Method)
        at java.util.concurrent.locks.LockSupport.parkNanos(LockSupport.java:215)
        at java.util.concurrent.locks.AbstractQueuedSynchronizer$ConditionObject.awaitNanos(AbstractQueuedSynchronizer.java:2078)
        at java.util.concurrent.LinkedBlockingQueue.poll(LinkedBlockingQueue.java:467)
        at org.apache.hadoop.ipc.CallQueueManager.take(CallQueueManager.java:288)
        at org.apache.hadoop.ipc.Server$Handler.run(Server.java:2668)
"metrics-hadoop-metrics2-reporter-46-thread-1" daemon prio=5 tid=845 timed_waiting
java.lang.Thread.State: TIMED_WAITING
        at sun.misc.Unsafe.park(Native Method)
        at java.util.concurrent.locks.LockSupport.parkNanos(LockSupport.java:215)
        at java.util.concurrent.locks.AbstractQueuedSynchronizer$ConditionObject.awaitNanos(AbstractQueuedSynchronizer.java:2078)
        at java.util.concurrent.ScheduledThreadPoolExecutor$DelayedWorkQueue.take(ScheduledThreadPoolExecutor.java:1093)
        at java.util.concurrent.ScheduledThreadPoolExecutor$DelayedWorkQueue.take(ScheduledThreadPoolExecutor.java:809)
        at java.util.concurrent.ThreadPoolExecutor.getTask(ThreadPoolExecutor.java:1074)
        at java.util.concurrent.ThreadPoolExecutor.runWorker(ThreadPoolExecutor.java:1134)
        at java.util.concurrent.ThreadPoolExecutor$Worker.run(ThreadPoolExecutor.java:624)
        at java.lang.Thread.run(Thread.java:748)
"Thread-793" daemon prio=5 tid=1931 timed_waiting
java.lang.Thread.State: TIMED_WAITING
        at sun.misc.Unsafe.park(Native Method)
        at java.util.concurrent.locks.LockSupport.parkNanos(LockSupport.java:215)
        at java.util.concurrent.locks.AbstractQueuedSynchronizer$ConditionObject.awaitNanos(AbstractQueuedSynchronizer.java:2078)
        at java.util.concurrent.ArrayBlockingQueue.poll(ArrayBlockingQueue.java:418)
        at org.apache.ratis.server.impl.LeaderState$EventQueue.poll(LeaderState.java:115)
        at org.apache.ratis.server.impl.LeaderState$EventProcessor.run(LeaderState.java:467)
"grpc-default-worker-ELG-7-1" daemon prio=5 tid=1741 runnable
java.lang.Thread.State: RUNNABLE
        at sun.nio.ch.EPollArrayWrapper.epollWait(Native Method)
        at sun.nio.ch.EPollArrayWrapper.poll(EPollArrayWrapper.java:269)
        at sun.nio.ch.EPollSelectorImpl.doSelect(EPollSelectorImpl.java:93)
        at sun.nio.ch.SelectorImpl.lockAndDoSelect(SelectorImpl.java:86)
        at sun.nio.ch.SelectorImpl.select(SelectorImpl.java:97)
        at org.apache.ratis.thirdparty.io.netty.channel.nio.SelectedSelectionKeySetSelector.select(SelectedSelectionKeySetSelector.java:62)
        at org.apache.ratis.thirdparty.io.netty.channel.nio.NioEventLoop.select(NioEventLoop.java:753)
        at org.apache.ratis.thirdparty.io.netty.channel.nio.NioEventLoop.run(NioEventLoop.java:408)
        at org.apache.ratis.thirdparty.io.netty.util.concurrent.SingleThreadEventExecutor$5.run(SingleThreadEventExecutor.java:897)
        at org.apache.ratis.thirdparty.io.netty.util.concurrent.FastThreadLocalRunnable.run(FastThreadLocalRunnable.java:30)
        at java.lang.Thread.run(Thread.java:748)
"qtp1410488616-1195" daemon prio=5 tid=1195 runnable
java.lang.Thread.State: RUNNABLE
        at sun.nio.ch.EPollArrayWrapper.epollWait(Native Method)
        at sun.nio.ch.EPollArrayWrapper.poll(EPollArrayWrapper.java:269)
        at sun.nio.ch.EPollSelectorImpl.doSelect(EPollSelectorImpl.java:93)
        at sun.nio.ch.SelectorImpl.lockAndDoSelect(SelectorImpl.java:86)
        at sun.nio.ch.SelectorImpl.select(SelectorImpl.java:97)
        at sun.nio.ch.SelectorImpl.select(SelectorImpl.java:101)
        at org.eclipse.jetty.io.ManagedSelector$SelectorProducer.select(ManagedSelector.java:243)
        at org.eclipse.jetty.io.ManagedSelector$SelectorProducer.produce(ManagedSelector.java:191)
        at org.eclipse.jetty.util.thread.strategy.ExecuteProduceConsume.executeProduceConsume(ExecuteProduceConsume.java:249)
        at org.eclipse.jetty.util.thread.strategy.ExecuteProduceConsume.produceConsume(ExecuteProduceConsume.java:148)
        at org.eclipse.jetty.util.thread.strategy.ExecuteProduceConsume.execute(ExecuteProduceConsume.java:100)
        at org.eclipse.jetty.io.ManagedSelector.run(ManagedSelector.java:147)
        at org.eclipse.jetty.util.thread.QueuedThreadPool.runJob(QueuedThreadPool.java:671)
        at org.eclipse.jetty.util.thread.QueuedThreadPool$2.run(QueuedThreadPool.java:589)
        at java.lang.Thread.run(Thread.java:748)
"org.eclipse.jetty.server.session.HashSessionManager@13467790Timer" daemon prio=5 tid=1204 timed_waiting
java.lang.Thread.State: TIMED_WAITING
        at sun.misc.Unsafe.park(Native Method)
        at java.util.concurrent.locks.LockSupport.parkNanos(LockSupport.java:215)
        at java.util.concurrent.locks.AbstractQueuedSynchronizer$ConditionObject.awaitNanos(AbstractQueuedSynchronizer.java:2078)
        at java.util.concurrent.ScheduledThreadPoolExecutor$DelayedWorkQueue.take(ScheduledThreadPoolExecutor.java:1093)
        at java.util.concurrent.ScheduledThreadPoolExecutor$DelayedWorkQueue.take(ScheduledThreadPoolExecutor.java:809)
        at java.util.concurrent.ThreadPoolExecutor.getTask(ThreadPoolExecutor.java:1074)
        at java.util.concurrent.ThreadPoolExecutor.runWorker(ThreadPoolExecutor.java:1134)
        at java.util.concurrent.ThreadPoolExecutor$Worker.run(ThreadPoolExecutor.java:624)
        at java.lang.Thread.run(Thread.java:748)
"IPC Server handler 7 on 38802" daemon prio=5 tid=1118 timed_waiting
java.lang.Thread.State: TIMED_WAITING
        at sun.misc.Unsafe.park(Native Method)
        at java.util.concurrent.locks.LockSupport.parkNanos(LockSupport.java:215)
        at java.util.concurrent.locks.AbstractQueuedSynchronizer$ConditionObject.awaitNanos(AbstractQueuedSynchronizer.java:2078)
        at java.util.concurrent.LinkedBlockingQueue.poll(LinkedBlockingQueue.java:467)
        at org.apache.hadoop.ipc.CallQueueManager.take(CallQueueManager.java:288)
        at org.apache.hadoop.ipc.Server$Handler.run(Server.java:2668)
"qtp1025473693-1155" daemon prio=5 tid=1155 timed_waiting
java.lang.Thread.State: TIMED_WAITING
        at sun.misc.Unsafe.park(Native Method)
        at java.util.concurrent.locks.LockSupport.parkNanos(LockSupport.java:215)
        at java.util.concurrent.locks.AbstractQueuedSynchronizer$ConditionObject.awaitNanos(AbstractQueuedSynchronizer.java:2078)
        at org.eclipse.jetty.util.BlockingArrayQueue.poll(BlockingArrayQueue.java:392)
        at org.eclipse.jetty.util.thread.QueuedThreadPool.idleJobPoll(QueuedThreadPool.java:563)
        at org.eclipse.jetty.util.thread.QueuedThreadPool.access$800(QueuedThreadPool.java:48)
        at org.eclipse.jetty.util.thread.QueuedThreadPool$2.run(QueuedThreadPool.java:626)
        at java.lang.Thread.run(Thread.java:748)
"pool-148-thread-25"  prio=5 tid=1772 in Object.wait()
java.lang.Thread.State: WAITING (on object monitor)
        at sun.misc.Unsafe.park(Native Method)
        at java.util.concurrent.locks.LockSupport.park(LockSupport.java:175)
        at java.util.concurrent.locks.AbstractQueuedSynchronizer$ConditionObject.await(AbstractQueuedSynchronizer.java:2039)
        at java.util.concurrent.ArrayBlockingQueue.take(ArrayBlockingQueue.java:403)
        at java.util.concurrent.ThreadPoolExecutor.getTask(ThreadPoolExecutor.java:1074)
        at java.util.concurrent.ThreadPoolExecutor.runWorker(ThreadPoolExecutor.java:1134)
        at java.util.concurrent.ThreadPoolExecutor$Worker.run(ThreadPoolExecutor.java:624)
        at java.lang.Thread.run(Thread.java:748)
"pool-162-thread-1"  prio=5 tid=1646 timed_waiting
java.lang.Thread.State: TIMED_WAITING
        at sun.misc.Unsafe.park(Native Method)
        at java.util.concurrent.locks.LockSupport.parkNanos(LockSupport.java:215)
        at java.util.concurrent.locks.AbstractQueuedSynchronizer$ConditionObject.awaitNanos(AbstractQueuedSynchronizer.java:2078)
        at java.util.concurrent.ScheduledThreadPoolExecutor$DelayedWorkQueue.take(ScheduledThreadPoolExecutor.java:1093)
        at java.util.concurrent.ScheduledThreadPoolExecutor$DelayedWorkQueue.take(ScheduledThreadPoolExecutor.java:809)
        at java.util.concurrent.ThreadPoolExecutor.getTask(ThreadPoolExecutor.java:1074)
        at java.util.concurrent.ThreadPoolExecutor.runWorker(ThreadPoolExecutor.java:1134)
        at java.util.concurrent.ThreadPoolExecutor$Worker.run(ThreadPoolExecutor.java:624)
        at java.lang.Thread.run(Thread.java:748)
"IPC Server handler 5 on 45184" daemon prio=5 tid=1178 timed_waiting
java.lang.Thread.State: TIMED_WAITING
        at sun.misc.Unsafe.park(Native Method)
        at java.util.concurrent.locks.LockSupport.parkNanos(LockSupport.java:215)
        at java.util.concurrent.locks.AbstractQueuedSynchronizer$ConditionObject.awaitNanos(AbstractQueuedSynchronizer.java:2078)
        at java.util.concurrent.LinkedBlockingQueue.poll(LinkedBlockingQueue.java:467)
        at org.apache.hadoop.ipc.CallQueueManager.take(CallQueueManager.java:288)
        at org.apache.hadoop.ipc.Server$Handler.run(Server.java:2668)
"pool-148-thread-60"  prio=5 tid=1807 in Object.wait()
java.lang.Thread.State: WAITING (on object monitor)
        at sun.misc.Unsafe.park(Native Method)
        at java.util.concurrent.locks.LockSupport.park(LockSupport.java:175)
        at java.util.concurrent.locks.AbstractQueuedSynchronizer$ConditionObject.await(AbstractQueuedSynchronizer.java:2039)
        at java.util.concurrent.ArrayBlockingQueue.take(ArrayBlockingQueue.java:403)
        at java.util.concurrent.ThreadPoolExecutor.getTask(ThreadPoolExecutor.java:1074)
        at java.util.concurrent.ThreadPoolExecutor.runWorker(ThreadPoolExecutor.java:1134)
        at java.util.concurrent.ThreadPoolExecutor$Worker.run(ThreadPoolExecutor.java:624)
        at java.lang.Thread.run(Thread.java:748)
"metrics-hadoop-metrics2-reporter-101-thread-1" daemon prio=5 tid=1543 timed_waiting
java.lang.Thread.State: TIMED_WAITING
        at sun.misc.Unsafe.park(Native Method)
        at java.util.concurrent.locks.LockSupport.parkNanos(LockSupport.java:215)
        at java.util.concurrent.locks.AbstractQueuedSynchronizer$ConditionObject.awaitNanos(AbstractQueuedSynchronizer.java:2078)
        at java.util.concurrent.ScheduledThreadPoolExecutor$DelayedWorkQueue.take(ScheduledThreadPoolExecutor.java:1093)
        at java.util.concurrent.ScheduledThreadPoolExecutor$DelayedWorkQueue.take(ScheduledThreadPoolExecutor.java:809)
        at java.util.concurrent.ThreadPoolExecutor.getTask(ThreadPoolExecutor.java:1074)
        at java.util.concurrent.ThreadPoolExecutor.runWorker(ThreadPoolExecutor.java:1134)
        at java.util.concurrent.ThreadPoolExecutor$Worker.run(ThreadPoolExecutor.java:624)
        at java.lang.Thread.run(Thread.java:748)
"pool-148-thread-50"  prio=5 tid=1797 in Object.wait()
java.lang.Thread.State: WAITING (on object monitor)
        at sun.misc.Unsafe.park(Native Method)
        at java.util.concurrent.locks.LockSupport.park(LockSupport.java:175)
        at java.util.concurrent.locks.AbstractQueuedSynchronizer$ConditionObject.await(AbstractQueuedSynchronizer.java:2039)
        at java.util.concurrent.ArrayBlockingQueue.take(ArrayBlockingQueue.java:403)
        at java.util.concurrent.ThreadPoolExecutor.getTask(ThreadPoolExecutor.java:1074)
        at java.util.concurrent.ThreadPoolExecutor.runWorker(ThreadPoolExecutor.java:1134)
        at java.util.concurrent.ThreadPoolExecutor$Worker.run(ThreadPoolExecutor.java:624)
        at java.lang.Thread.run(Thread.java:748)
"pool-158-thread-53"  prio=5 tid=1878 in Object.wait()
java.lang.Thread.State: WAITING (on object monitor)
        at sun.misc.Unsafe.park(Native Method)
        at java.util.concurrent.locks.LockSupport.park(LockSupport.java:175)
        at java.util.concurrent.locks.AbstractQueuedSynchronizer$ConditionObject.await(AbstractQueuedSynchronizer.java:2039)
        at java.util.concurrent.ArrayBlockingQueue.take(ArrayBlockingQueue.java:403)
        at java.util.concurrent.ThreadPoolExecutor.getTask(ThreadPoolExecutor.java:1074)
        at java.util.concurrent.ThreadPoolExecutor.runWorker(ThreadPoolExecutor.java:1134)
        at java.util.concurrent.ThreadPoolExecutor$Worker.run(ThreadPoolExecutor.java:624)
        at java.lang.Thread.run(Thread.java:748)
"pool-158-thread-23"  prio=5 tid=1847 in Object.wait()
java.lang.Thread.State: WAITING (on object monitor)
        at sun.misc.Unsafe.park(Native Method)
        at java.util.concurrent.locks.LockSupport.park(LockSupport.java:175)
        at java.util.concurrent.locks.AbstractQueuedSynchronizer$ConditionObject.await(AbstractQueuedSynchronizer.java:2039)
        at java.util.concurrent.ArrayBlockingQueue.take(ArrayBlockingQueue.java:403)
        at java.util.concurrent.ThreadPoolExecutor.getTask(ThreadPoolExecutor.java:1074)
        at java.util.concurrent.ThreadPoolExecutor.runWorker(ThreadPoolExecutor.java:1134)
        at java.util.concurrent.ThreadPoolExecutor$Worker.run(ThreadPoolExecutor.java:624)
        at java.lang.Thread.run(Thread.java:748)
"IPC Server handler 15 on 46609" daemon prio=5 tid=1106 timed_waiting
java.lang.Thread.State: TIMED_WAITING
        at sun.misc.Unsafe.park(Native Method)
        at java.util.concurrent.locks.LockSupport.parkNanos(LockSupport.java:215)
        at java.util.concurrent.locks.AbstractQueuedSynchronizer$ConditionObject.awaitNanos(AbstractQueuedSynchronizer.java:2078)
        at java.util.concurrent.LinkedBlockingQueue.poll(LinkedBlockingQueue.java:467)
        at org.apache.hadoop.ipc.CallQueueManager.take(CallQueueManager.java:288)
        at org.apache.hadoop.ipc.Server$Handler.run(Server.java:2668)
"metrics-hadoop-metrics2-reporter-100-thread-1" daemon prio=5 tid=1539 timed_waiting
java.lang.Thread.State: TIMED_WAITING
        at sun.misc.Unsafe.park(Native Method)
        at java.util.concurrent.locks.LockSupport.parkNanos(LockSupport.java:215)
        at java.util.concurrent.locks.AbstractQueuedSynchronizer$ConditionObject.awaitNanos(AbstractQueuedSynchronizer.java:2078)
        at java.util.concurrent.ScheduledThreadPoolExecutor$DelayedWorkQueue.take(ScheduledThreadPoolExecutor.java:1093)
        at java.util.concurrent.ScheduledThreadPoolExecutor$DelayedWorkQueue.take(ScheduledThreadPoolExecutor.java:809)
        at java.util.concurrent.ThreadPoolExecutor.getTask(ThreadPoolExecutor.java:1074)
        at java.util.concurrent.ThreadPoolExecutor.runWorker(ThreadPoolExecutor.java:1134)
        at java.util.concurrent.ThreadPoolExecutor$Worker.run(ThreadPoolExecutor.java:624)
        at java.lang.Thread.run(Thread.java:748)
"pool-138-thread-8"  prio=5 tid=1679 in Object.wait()
java.lang.Thread.State: WAITING (on object monitor)
        at sun.misc.Unsafe.park(Native Method)
        at java.util.concurrent.locks.LockSupport.park(LockSupport.java:175)
        at java.util.concurrent.locks.AbstractQueuedSynchronizer$ConditionObject.await(AbstractQueuedSynchronizer.java:2039)
        at java.util.concurrent.ArrayBlockingQueue.take(ArrayBlockingQueue.java:403)
        at java.util.concurrent.ThreadPoolExecutor.getTask(ThreadPoolExecutor.java:1074)
        at java.util.concurrent.ThreadPoolExecutor.runWorker(ThreadPoolExecutor.java:1134)
        at java.util.concurrent.ThreadPoolExecutor$Worker.run(ThreadPoolExecutor.java:624)
        at java.lang.Thread.run(Thread.java:748)
"Datanode ReportManager Thread - 3" daemon prio=5 tid=1283 timed_waiting
java.lang.Thread.State: TIMED_WAITING
        at sun.misc.Unsafe.park(Native Method)
        at java.util.concurrent.locks.LockSupport.parkNanos(LockSupport.java:215)
        at java.util.concurrent.locks.AbstractQueuedSynchronizer$ConditionObject.awaitNanos(AbstractQueuedSynchronizer.java:2078)
        at java.util.concurrent.ScheduledThreadPoolExecutor$DelayedWorkQueue.take(ScheduledThreadPoolExecutor.java:1093)
        at java.util.concurrent.ScheduledThreadPoolExecutor$DelayedWorkQueue.take(ScheduledThreadPoolExecutor.java:809)
        at java.util.concurrent.ThreadPoolExecutor.getTask(ThreadPoolExecutor.java:1074)
        at java.util.concurrent.ThreadPoolExecutor.runWorker(ThreadPoolExecutor.java:1134)
        at java.util.concurrent.ThreadPoolExecutor$Worker.run(ThreadPoolExecutor.java:624)
        at java.lang.Thread.run(Thread.java:748)
"Datanode ReportManager Thread - 0" daemon prio=5 tid=1597 in Object.wait()
java.lang.Thread.State: WAITING (on object monitor)
        at sun.misc.Unsafe.park(Native Method)
        at java.util.concurrent.locks.LockSupport.park(LockSupport.java:175)
        at java.util.concurrent.locks.AbstractQueuedSynchronizer$ConditionObject.await(AbstractQueuedSynchronizer.java:2039)
        at java.util.concurrent.ScheduledThreadPoolExecutor$DelayedWorkQueue.take(ScheduledThreadPoolExecutor.java:1088)
        at java.util.concurrent.ScheduledThreadPoolExecutor$DelayedWorkQueue.take(ScheduledThreadPoolExecutor.java:809)
        at java.util.concurrent.ThreadPoolExecutor.getTask(ThreadPoolExecutor.java:1074)
        at java.util.concurrent.ThreadPoolExecutor.runWorker(ThreadPoolExecutor.java:1134)
        at java.util.concurrent.ThreadPoolExecutor$Worker.run(ThreadPoolExecutor.java:624)
        at java.lang.Thread.run(Thread.java:748)
"java.util.concurrent.ThreadPoolExecutor$Worker@1300bda0[State = -1, empty queue]" daemon prio=5 tid=1557 timed_waiting
java.lang.Thread.State: TIMED_WAITING
        at sun.misc.Unsafe.park(Native Method)
        at java.util.concurrent.locks.LockSupport.parkNanos(LockSupport.java:215)
        at java.util.concurrent.locks.AbstractQueuedSynchronizer$ConditionObject.awaitNanos(AbstractQueuedSynchronizer.java:2078)
        at java.util.concurrent.ScheduledThreadPoolExecutor$DelayedWorkQueue.take(ScheduledThreadPoolExecutor.java:1093)
        at java.util.concurrent.ScheduledThreadPoolExecutor$DelayedWorkQueue.take(ScheduledThreadPoolExecutor.java:809)
        at java.util.concurrent.ThreadPoolExecutor.getTask(ThreadPoolExecutor.java:1074)
        at java.util.concurrent.ThreadPoolExecutor.runWorker(ThreadPoolExecutor.java:1134)
        at java.util.concurrent.ThreadPoolExecutor$Worker.run(ThreadPoolExecutor.java:624)
        at java.lang.Thread.run(Thread.java:748)
"pool-148-thread-44"  prio=5 tid=1791 in Object.wait()
java.lang.Thread.State: WAITING (on object monitor)
        at sun.misc.Unsafe.park(Native Method)
        at java.util.concurrent.locks.LockSupport.park(LockSupport.java:175)
        at java.util.concurrent.locks.AbstractQueuedSynchronizer$ConditionObject.await(AbstractQueuedSynchronizer.java:2039)
        at java.util.concurrent.ArrayBlockingQueue.take(ArrayBlockingQueue.java:403)
        at java.util.concurrent.ThreadPoolExecutor.getTask(ThreadPoolExecutor.java:1074)
        at java.util.concurrent.ThreadPoolExecutor.runWorker(ThreadPoolExecutor.java:1134)
        at java.util.concurrent.ThreadPoolExecutor$Worker.run(ThreadPoolExecutor.java:624)
        at java.lang.Thread.run(Thread.java:748)
"pool-158-thread-19"  prio=5 tid=1843 in Object.wait()
java.lang.Thread.State: WAITING (on object monitor)
        at sun.misc.Unsafe.park(Native Method)
        at java.util.concurrent.locks.LockSupport.park(LockSupport.java:175)
        at java.util.concurrent.locks.AbstractQueuedSynchronizer$ConditionObject.await(AbstractQueuedSynchronizer.java:2039)
        at java.util.concurrent.ArrayBlockingQueue.take(ArrayBlockingQueue.java:403)
        at java.util.concurrent.ThreadPoolExecutor.getTask(ThreadPoolExecutor.java:1074)
        at java.util.concurrent.ThreadPoolExecutor.runWorker(ThreadPoolExecutor.java:1134)
        at java.util.concurrent.ThreadPoolExecutor$Worker.run(ThreadPoolExecutor.java:624)
        at java.lang.Thread.run(Thread.java:748)
"metrics-hadoop-metrics2-reporter-81-thread-1" daemon prio=5 tid=1052 timed_waiting
java.lang.Thread.State: TIMED_WAITING
        at sun.misc.Unsafe.park(Native Method)
        at java.util.concurrent.locks.LockSupport.parkNanos(LockSupport.java:215)
        at java.util.concurrent.locks.AbstractQueuedSynchronizer$ConditionObject.awaitNanos(AbstractQueuedSynchronizer.java:2078)
        at java.util.concurrent.ScheduledThreadPoolExecutor$DelayedWorkQueue.take(ScheduledThreadPoolExecutor.java:1093)
        at java.util.concurrent.ScheduledThreadPoolExecutor$DelayedWorkQueue.take(ScheduledThreadPoolExecutor.java:809)
        at java.util.concurrent.ThreadPoolExecutor.getTask(ThreadPoolExecutor.java:1074)
        at java.util.concurrent.ThreadPoolExecutor.runWorker(ThreadPoolExecutor.java:1134)
        at java.util.concurrent.ThreadPoolExecutor$Worker.run(ThreadPoolExecutor.java:624)
        at java.lang.Thread.run(Thread.java:748)
"pool-158-thread-57"  prio=5 tid=1882 in Object.wait()
java.lang.Thread.State: WAITING (on object monitor)
        at sun.misc.Unsafe.park(Native Method)
        at java.util.concurrent.locks.LockSupport.park(LockSupport.java:175)
        at java.util.concurrent.locks.AbstractQueuedSynchronizer$ConditionObject.await(AbstractQueuedSynchronizer.java:2039)
        at java.util.concurrent.ArrayBlockingQueue.take(ArrayBlockingQueue.java:403)
        at java.util.concurrent.ThreadPoolExecutor.getTask(ThreadPoolExecutor.java:1074)
        at java.util.concurrent.ThreadPoolExecutor.runWorker(ThreadPoolExecutor.java:1134)
        at java.util.concurrent.ThreadPoolExecutor$Worker.run(ThreadPoolExecutor.java:624)
        at java.lang.Thread.run(Thread.java:748)
"grpc-default-worker-ELG-7-2" daemon prio=5 tid=1742 runnable
java.lang.Thread.State: RUNNABLE
        at sun.nio.ch.EPollArrayWrapper.epollWait(Native Method)
        at sun.nio.ch.EPollArrayWrapper.poll(EPollArrayWrapper.java:269)
        at sun.nio.ch.EPollSelectorImpl.doSelect(EPollSelectorImpl.java:93)
        at sun.nio.ch.SelectorImpl.lockAndDoSelect(SelectorImpl.java:86)
        at sun.nio.ch.SelectorImpl.select(SelectorImpl.java:97)
        at org.apache.ratis.thirdparty.io.netty.channel.nio.SelectedSelectionKeySetSelector.select(SelectedSelectionKeySetSelector.java:62)
        at org.apache.ratis.thirdparty.io.netty.channel.nio.NioEventLoop.select(NioEventLoop.java:753)
        at org.apache.ratis.thirdparty.io.netty.channel.nio.NioEventLoop.run(NioEventLoop.java:408)
        at org.apache.ratis.thirdparty.io.netty.util.concurrent.SingleThreadEventExecutor$5.run(SingleThreadEventExecutor.java:897)
        at org.apache.ratis.thirdparty.io.netty.util.concurrent.FastThreadLocalRunnable.run(FastThreadLocalRunnable.java:30)
        at java.lang.Thread.run(Thread.java:748)
"metrics-hadoop-metrics2-reporter-72-thread-1" daemon prio=5 tid=1011 timed_waiting
java.lang.Thread.State: TIMED_WAITING
        at sun.misc.Unsafe.park(Native Method)
        at java.util.concurrent.locks.LockSupport.parkNanos(LockSupport.java:215)
        at java.util.concurrent.locks.AbstractQueuedSynchronizer$ConditionObject.awaitNanos(AbstractQueuedSynchronizer.java:2078)
        at java.util.concurrent.ScheduledThreadPoolExecutor$DelayedWorkQueue.take(ScheduledThreadPoolExecutor.java:1093)
        at java.util.concurrent.ScheduledThreadPoolExecutor$DelayedWorkQueue.take(ScheduledThreadPoolExecutor.java:809)
        at java.util.concurrent.ThreadPoolExecutor.getTask(ThreadPoolExecutor.java:1074)
        at java.util.concurrent.ThreadPoolExecutor.runWorker(ThreadPoolExecutor.java:1134)
        at java.util.concurrent.ThreadPoolExecutor$Worker.run(ThreadPoolExecutor.java:624)
        at java.lang.Thread.run(Thread.java:748)
"Datanode ReportManager Thread - 0" daemon prio=5 tid=253 in Object.wait()
java.lang.Thread.State: WAITING (on object monitor)
        at sun.misc.Unsafe.park(Native Method)
        at java.util.concurrent.locks.LockSupport.park(LockSupport.java:175)
        at java.util.concurrent.locks.AbstractQueuedSynchronizer$ConditionObject.await(AbstractQueuedSynchronizer.java:2039)
        at java.util.concurrent.ScheduledThreadPoolExecutor$DelayedWorkQueue.take(ScheduledThreadPoolExecutor.java:1088)
        at java.util.concurrent.ScheduledThreadPoolExecutor$DelayedWorkQueue.take(ScheduledThreadPoolExecutor.java:809)
        at java.util.concurrent.ThreadPoolExecutor.getTask(ThreadPoolExecutor.java:1074)
        at java.util.concurrent.ThreadPoolExecutor.runWorker(ThreadPoolExecutor.java:1134)
        at java.util.concurrent.ThreadPoolExecutor$Worker.run(ThreadPoolExecutor.java:624)
        at java.lang.Thread.run(Thread.java:748)
"metrics-hadoop-metrics2-reporter-85-thread-1" daemon prio=5 tid=1496 timed_waiting
java.lang.Thread.State: TIMED_WAITING
        at sun.misc.Unsafe.park(Native Method)
        at java.util.concurrent.locks.LockSupport.parkNanos(LockSupport.java:215)
        at java.util.concurrent.locks.AbstractQueuedSynchronizer$ConditionObject.awaitNanos(AbstractQueuedSynchronizer.java:2078)
        at java.util.concurrent.ScheduledThreadPoolExecutor$DelayedWorkQueue.take(ScheduledThreadPoolExecutor.java:1093)
        at java.util.concurrent.ScheduledThreadPoolExecutor$DelayedWorkQueue.take(ScheduledThreadPoolExecutor.java:809)
        at java.util.concurrent.ThreadPoolExecutor.getTask(ThreadPoolExecutor.java:1074)
        at java.util.concurrent.ThreadPoolExecutor.runWorker(ThreadPoolExecutor.java:1134)
        at java.util.concurrent.ThreadPoolExecutor$Worker.run(ThreadPoolExecutor.java:624)
        at java.lang.Thread.run(Thread.java:748)
"IPC Server Responder" daemon prio=5 tid=1079 runnable
java.lang.Thread.State: RUNNABLE
        at sun.nio.ch.EPollArrayWrapper.epollWait(Native Method)
        at sun.nio.ch.EPollArrayWrapper.poll(EPollArrayWrapper.java:269)
        at sun.nio.ch.EPollSelectorImpl.doSelect(EPollSelectorImpl.java:93)
        at sun.nio.ch.SelectorImpl.lockAndDoSelect(SelectorImpl.java:86)
        at sun.nio.ch.SelectorImpl.select(SelectorImpl.java:97)
        at org.apache.hadoop.ipc.Server$Responder.doRunLoop(Server.java:1334)
        at org.apache.hadoop.ipc.Server$Responder.run(Server.java:1317)
"metrics-hadoop-metrics2-reporter-106-thread-1" daemon prio=5 tid=1905 timed_waiting
java.lang.Thread.State: TIMED_WAITING
        at sun.misc.Unsafe.park(Native Method)
        at java.util.concurrent.locks.LockSupport.parkNanos(LockSupport.java:215)
        at java.util.concurrent.locks.AbstractQueuedSynchronizer$ConditionObject.awaitNanos(AbstractQueuedSynchronizer.java:2078)
        at java.util.concurrent.ScheduledThreadPoolExecutor$DelayedWorkQueue.take(ScheduledThreadPoolExecutor.java:1093)
        at java.util.concurrent.ScheduledThreadPoolExecutor$DelayedWorkQueue.take(ScheduledThreadPoolExecutor.java:809)
        at java.util.concurrent.ThreadPoolExecutor.getTask(ThreadPoolExecutor.java:1074)
        at java.util.concurrent.ThreadPoolExecutor.runWorker(ThreadPoolExecutor.java:1134)
        at java.util.concurrent.ThreadPoolExecutor$Worker.run(ThreadPoolExecutor.java:624)
        at java.lang.Thread.run(Thread.java:748)
"pool-158-thread-39"  prio=5 tid=1863 in Object.wait()
java.lang.Thread.State: WAITING (on object monitor)
        at sun.misc.Unsafe.park(Native Method)
        at java.util.concurrent.locks.LockSupport.park(LockSupport.java:175)
        at java.util.concurrent.locks.AbstractQueuedSynchronizer$ConditionObject.await(AbstractQueuedSynchronizer.java:2039)
        at java.util.concurrent.ArrayBlockingQueue.take(ArrayBlockingQueue.java:403)
        at java.util.concurrent.ThreadPoolExecutor.getTask(ThreadPoolExecutor.java:1074)
        at java.util.concurrent.ThreadPoolExecutor.runWorker(ThreadPoolExecutor.java:1134)
        at java.util.concurrent.ThreadPoolExecutor$Worker.run(ThreadPoolExecutor.java:624)
        at java.lang.Thread.run(Thread.java:748)
"metrics-hadoop-metrics2-reporter-1-thread-1" daemon prio=5 tid=703 timed_waiting
java.lang.Thread.State: TIMED_WAITING
        at sun.misc.Unsafe.park(Native Method)
        at java.util.concurrent.locks.LockSupport.parkNanos(LockSupport.java:215)
        at java.util.concurrent.locks.AbstractQueuedSynchronizer$ConditionObject.awaitNanos(AbstractQueuedSynchronizer.java:2078)
        at java.util.concurrent.ScheduledThreadPoolExecutor$DelayedWorkQueue.take(ScheduledThreadPoolExecutor.java:1093)
        at java.util.concurrent.ScheduledThreadPoolExecutor$DelayedWorkQueue.take(ScheduledThreadPoolExecutor.java:809)
        at java.util.concurrent.ThreadPoolExecutor.getTask(ThreadPoolExecutor.java:1074)
        at java.util.concurrent.ThreadPoolExecutor.runWorker(ThreadPoolExecutor.java:1134)
        at java.util.concurrent.ThreadPoolExecutor$Worker.run(ThreadPoolExecutor.java:624)
        at java.lang.Thread.run(Thread.java:748)
"IPC Server handler 14 on 38802" daemon prio=5 tid=1125 timed_waiting
java.lang.Thread.State: TIMED_WAITING
        at sun.misc.Unsafe.park(Native Method)
        at java.util.concurrent.locks.LockSupport.parkNanos(LockSupport.java:215)
        at java.util.concurrent.locks.AbstractQueuedSynchronizer$ConditionObject.awaitNanos(AbstractQueuedSynchronizer.java:2078)
        at java.util.concurrent.LinkedBlockingQueue.poll(LinkedBlockingQueue.java:467)
        at org.apache.hadoop.ipc.CallQueueManager.take(CallQueueManager.java:288)
        at org.apache.hadoop.ipc.Server$Handler.run(Server.java:2668)
"pool-158-thread-20"  prio=5 tid=1844 in Object.wait()
java.lang.Thread.State: WAITING (on object monitor)
        at sun.misc.Unsafe.park(Native Method)
        at java.util.concurrent.locks.LockSupport.park(LockSupport.java:175)
        at java.util.concurrent.locks.AbstractQueuedSynchronizer$ConditionObject.await(AbstractQueuedSynchronizer.java:2039)
        at java.util.concurrent.ArrayBlockingQueue.take(ArrayBlockingQueue.java:403)
        at java.util.concurrent.ThreadPoolExecutor.getTask(ThreadPoolExecutor.java:1074)
        at java.util.concurrent.ThreadPoolExecutor.runWorker(ThreadPoolExecutor.java:1134)
        at java.util.concurrent.ThreadPoolExecutor$Worker.run(ThreadPoolExecutor.java:624)
        at java.lang.Thread.run(Thread.java:748)
"IPC Server handler 0 on 38802" daemon prio=5 tid=1111 timed_waiting
java.lang.Thread.State: TIMED_WAITING
        at sun.misc.Unsafe.park(Native Method)
        at java.util.concurrent.locks.LockSupport.parkNanos(LockSupport.java:215)
        at java.util.concurrent.locks.AbstractQueuedSynchronizer$ConditionObject.awaitNanos(AbstractQueuedSynchronizer.java:2078)
        at java.util.concurrent.LinkedBlockingQueue.poll(LinkedBlockingQueue.java:467)
        at org.apache.hadoop.ipc.CallQueueManager.take(CallQueueManager.java:288)
        at org.apache.hadoop.ipc.Server$Handler.run(Server.java:2668)
"pool-148-thread-5"  prio=5 tid=1751 in Object.wait()
java.lang.Thread.State: WAITING (on object monitor)
        at sun.misc.Unsafe.park(Native Method)
        at java.util.concurrent.locks.LockSupport.park(LockSupport.java:175)
        at java.util.concurrent.locks.AbstractQueuedSynchronizer$ConditionObject.await(AbstractQueuedSynchronizer.java:2039)
        at java.util.concurrent.ArrayBlockingQueue.take(ArrayBlockingQueue.java:403)
        at java.util.concurrent.ThreadPoolExecutor.getTask(ThreadPoolExecutor.java:1074)
        at java.util.concurrent.ThreadPoolExecutor.runWorker(ThreadPoolExecutor.java:1134)
        at java.util.concurrent.ThreadPoolExecutor$Worker.run(ThreadPoolExecutor.java:624)
        at java.lang.Thread.run(Thread.java:748)
"Datanode ReportManager Thread - 2" daemon prio=5 tid=1228 in Object.wait()
java.lang.Thread.State: WAITING (on object monitor)
        at sun.misc.Unsafe.park(Native Method)
        at java.util.concurrent.locks.LockSupport.park(LockSupport.java:175)
        at java.util.concurrent.locks.AbstractQueuedSynchronizer$ConditionObject.await(AbstractQueuedSynchronizer.java:2039)
        at java.util.concurrent.ScheduledThreadPoolExecutor$DelayedWorkQueue.take(ScheduledThreadPoolExecutor.java:1088)
        at java.util.concurrent.ScheduledThreadPoolExecutor$DelayedWorkQueue.take(ScheduledThreadPoolExecutor.java:809)
        at java.util.concurrent.ThreadPoolExecutor.getTask(ThreadPoolExecutor.java:1074)
        at java.util.concurrent.ThreadPoolExecutor.runWorker(ThreadPoolExecutor.java:1134)
        at java.util.concurrent.ThreadPoolExecutor$Worker.run(ThreadPoolExecutor.java:624)
        at java.lang.Thread.run(Thread.java:748)
"org.eclipse.jetty.server.session.HashSessionManager@39351d4dTimer" daemon prio=5 tid=1205 timed_waiting
java.lang.Thread.State: TIMED_WAITING
        at sun.misc.Unsafe.park(Native Method)
        at java.util.concurrent.locks.LockSupport.parkNanos(LockSupport.java:215)
        at java.util.concurrent.locks.AbstractQueuedSynchronizer$ConditionObject.awaitNanos(AbstractQueuedSynchronizer.java:2078)
        at java.util.concurrent.ScheduledThreadPoolExecutor$DelayedWorkQueue.take(ScheduledThreadPoolExecutor.java:1093)
        at java.util.concurrent.ScheduledThreadPoolExecutor$DelayedWorkQueue.take(ScheduledThreadPoolExecutor.java:809)
        at java.util.concurrent.ThreadPoolExecutor.getTask(ThreadPoolExecutor.java:1074)
        at java.util.concurrent.ThreadPoolExecutor.runWorker(ThreadPoolExecutor.java:1134)
        at java.util.concurrent.ThreadPoolExecutor$Worker.run(ThreadPoolExecutor.java:624)
        at java.lang.Thread.run(Thread.java:748)
"IPC Server handler 9 on 45184" daemon prio=5 tid=1183 timed_waiting
java.lang.Thread.State: TIMED_WAITING
        at sun.misc.Unsafe.park(Native Method)
        at java.util.concurrent.locks.LockSupport.parkNanos(LockSupport.java:215)
        at java.util.concurrent.locks.AbstractQueuedSynchronizer$ConditionObject.awaitNanos(AbstractQueuedSynchronizer.java:2078)
        at java.util.concurrent.LinkedBlockingQueue.poll(LinkedBlockingQueue.java:467)
        at org.apache.hadoop.ipc.CallQueueManager.take(CallQueueManager.java:288)
        at org.apache.hadoop.ipc.Server$Handler.run(Server.java:2668)
"Datanode ReportManager Thread - 1" daemon prio=5 tid=173 in Object.wait()
java.lang.Thread.State: WAITING (on object monitor)
        at sun.misc.Unsafe.park(Native Method)
        at java.util.concurrent.locks.LockSupport.park(LockSupport.java:175)
        at java.util.concurrent.locks.AbstractQueuedSynchronizer$ConditionObject.await(AbstractQueuedSynchronizer.java:2039)
        at java.util.concurrent.ScheduledThreadPoolExecutor$DelayedWorkQueue.take(ScheduledThreadPoolExecutor.java:1088)
        at java.util.concurrent.ScheduledThreadPoolExecutor$DelayedWorkQueue.take(ScheduledThreadPoolExecutor.java:809)
        at java.util.concurrent.ThreadPoolExecutor.getTask(ThreadPoolExecutor.java:1074)
        at java.util.concurrent.ThreadPoolExecutor.runWorker(ThreadPoolExecutor.java:1134)
        at java.util.concurrent.ThreadPoolExecutor$Worker.run(ThreadPoolExecutor.java:624)
        at java.lang.Thread.run(Thread.java:748)
"Datanode ReportManager Thread - 2" daemon prio=5 tid=1663 in Object.wait()
java.lang.Thread.State: WAITING (on object monitor)
        at sun.misc.Unsafe.park(Native Method)
        at java.util.concurrent.locks.LockSupport.park(LockSupport.java:175)
        at java.util.concurrent.locks.AbstractQueuedSynchronizer$ConditionObject.await(AbstractQueuedSynchronizer.java:2039)
        at java.util.concurrent.ScheduledThreadPoolExecutor$DelayedWorkQueue.take(ScheduledThreadPoolExecutor.java:1088)
        at java.util.concurrent.ScheduledThreadPoolExecutor$DelayedWorkQueue.take(ScheduledThreadPoolExecutor.java:809)
        at java.util.concurrent.ThreadPoolExecutor.getTask(ThreadPoolExecutor.java:1074)
        at java.util.concurrent.ThreadPoolExecutor.runWorker(ThreadPoolExecutor.java:1134)
        at java.util.concurrent.ThreadPoolExecutor$Worker.run(ThreadPoolExecutor.java:624)
        at java.lang.Thread.run(Thread.java:748)
"qtp1025473693-1158" daemon prio=5 tid=1158 timed_waiting
java.lang.Thread.State: TIMED_WAITING
        at sun.misc.Unsafe.park(Native Method)
        at java.util.concurrent.locks.LockSupport.parkNanos(LockSupport.java:215)
        at java.util.concurrent.locks.AbstractQueuedSynchronizer$ConditionObject.awaitNanos(AbstractQueuedSynchronizer.java:2078)
        at org.eclipse.jetty.util.BlockingArrayQueue.poll(BlockingArrayQueue.java:392)
        at org.eclipse.jetty.util.thread.QueuedThreadPool.idleJobPoll(QueuedThreadPool.java:563)
        at org.eclipse.jetty.util.thread.QueuedThreadPool.access$800(QueuedThreadPool.java:48)
        at org.eclipse.jetty.util.thread.QueuedThreadPool$2.run(QueuedThreadPool.java:626)
        at java.lang.Thread.run(Thread.java:748)
"pool-158-thread-45"  prio=5 tid=1870 in Object.wait()
java.lang.Thread.State: WAITING (on object monitor)
        at sun.misc.Unsafe.park(Native Method)
        at java.util.concurrent.locks.LockSupport.park(LockSupport.java:175)
        at java.util.concurrent.locks.AbstractQueuedSynchronizer$ConditionObject.await(AbstractQueuedSynchronizer.java:2039)
        at java.util.concurrent.ArrayBlockingQueue.take(ArrayBlockingQueue.java:403)
        at java.util.concurrent.ThreadPoolExecutor.getTask(ThreadPoolExecutor.java:1074)
        at java.util.concurrent.ThreadPoolExecutor.runWorker(ThreadPoolExecutor.java:1134)
        at java.util.concurrent.ThreadPoolExecutor$Worker.run(ThreadPoolExecutor.java:624)
        at java.lang.Thread.run(Thread.java:748)
"pool-158-thread-55"  prio=5 tid=1880 in Object.wait()
java.lang.Thread.State: WAITING (on object monitor)
        at sun.misc.Unsafe.park(Native Method)
        at java.util.concurrent.locks.LockSupport.park(LockSupport.java:175)
        at java.util.concurrent.locks.AbstractQueuedSynchronizer$ConditionObject.await(AbstractQueuedSynchronizer.java:2039)
        at java.util.concurrent.ArrayBlockingQueue.take(ArrayBlockingQueue.java:403)
        at java.util.concurrent.ThreadPoolExecutor.getTask(ThreadPoolExecutor.java:1074)
        at java.util.concurrent.ThreadPoolExecutor.runWorker(ThreadPoolExecutor.java:1134)
        at java.util.concurrent.ThreadPoolExecutor$Worker.run(ThreadPoolExecutor.java:624)
        at java.lang.Thread.run(Thread.java:748)
"pool-158-thread-27"  prio=5 tid=1851 in Object.wait()
java.lang.Thread.State: WAITING (on object monitor)
        at sun.misc.Unsafe.park(Native Method)
        at java.util.concurrent.locks.LockSupport.park(LockSupport.java:175)
        at java.util.concurrent.locks.AbstractQueuedSynchronizer$ConditionObject.await(AbstractQueuedSynchronizer.java:2039)
        at java.util.concurrent.ArrayBlockingQueue.take(ArrayBlockingQueue.java:403)
        at java.util.concurrent.ThreadPoolExecutor.getTask(ThreadPoolExecutor.java:1074)
        at java.util.concurrent.ThreadPoolExecutor.runWorker(ThreadPoolExecutor.java:1134)
        at java.util.concurrent.ThreadPoolExecutor$Worker.run(ThreadPoolExecutor.java:624)
        at java.lang.Thread.run(Thread.java:748)
"qtp1570597614-1649" daemon prio=5 tid=1649 timed_waiting
java.lang.Thread.State: TIMED_WAITING
        at sun.misc.Unsafe.park(Native Method)
        at java.util.concurrent.locks.LockSupport.parkNanos(LockSupport.java:215)
        at java.util.concurrent.locks.AbstractQueuedSynchronizer$ConditionObject.awaitNanos(AbstractQueuedSynchronizer.java:2078)
        at org.eclipse.jetty.util.BlockingArrayQueue.poll(BlockingArrayQueue.java:392)
        at org.eclipse.jetty.util.thread.QueuedThreadPool.idleJobPoll(QueuedThreadPool.java:563)
        at org.eclipse.jetty.util.thread.QueuedThreadPool.access$800(QueuedThreadPool.java:48)
        at org.eclipse.jetty.util.thread.QueuedThreadPool$2.run(QueuedThreadPool.java:626)
        at java.lang.Thread.run(Thread.java:748)
"IPC Server handler 10 on 46609" daemon prio=5 tid=1101 timed_waiting
java.lang.Thread.State: TIMED_WAITING
        at sun.misc.Unsafe.park(Native Method)
        at java.util.concurrent.locks.LockSupport.parkNanos(LockSupport.java:215)
        at java.util.concurrent.locks.AbstractQueuedSynchronizer$ConditionObject.awaitNanos(AbstractQueuedSynchronizer.java:2078)
        at java.util.concurrent.LinkedBlockingQueue.poll(LinkedBlockingQueue.java:467)
        at org.apache.hadoop.ipc.CallQueueManager.take(CallQueueManager.java:288)
        at org.apache.hadoop.ipc.Server$Handler.run(Server.java:2668)
"metrics-hadoop-metrics2-reporter-94-thread-1" daemon prio=5 tid=1525 timed_waiting
java.lang.Thread.State: TIMED_WAITING
        at sun.misc.Unsafe.park(Native Method)
        at java.util.concurrent.locks.LockSupport.parkNanos(LockSupport.java:215)
        at java.util.concurrent.locks.AbstractQueuedSynchronizer$ConditionObject.awaitNanos(AbstractQueuedSynchronizer.java:2078)
        at java.util.concurrent.ScheduledThreadPoolExecutor$DelayedWorkQueue.take(ScheduledThreadPoolExecutor.java:1093)
        at java.util.concurrent.ScheduledThreadPoolExecutor$DelayedWorkQueue.take(ScheduledThreadPoolExecutor.java:809)
        at java.util.concurrent.ThreadPoolExecutor.getTask(ThreadPoolExecutor.java:1074)
        at java.util.concurrent.ThreadPoolExecutor.runWorker(ThreadPoolExecutor.java:1134)
        at java.util.concurrent.ThreadPoolExecutor$Worker.run(ThreadPoolExecutor.java:624)
        at java.lang.Thread.run(Thread.java:748)
"pool-158-thread-60"  prio=5 tid=1885 in Object.wait()
java.lang.Thread.State: WAITING (on object monitor)
        at sun.misc.Unsafe.park(Native Method)
        at java.util.concurrent.locks.LockSupport.park(LockSupport.java:175)
        at java.util.concurrent.locks.AbstractQueuedSynchronizer$ConditionObject.await(AbstractQueuedSynchronizer.java:2039)
        at java.util.concurrent.ArrayBlockingQueue.take(ArrayBlockingQueue.java:403)
        at java.util.concurrent.ThreadPoolExecutor.getTask(ThreadPoolExecutor.java:1074)
        at java.util.concurrent.ThreadPoolExecutor.runWorker(ThreadPoolExecutor.java:1134)
        at java.util.concurrent.ThreadPoolExecutor$Worker.run(ThreadPoolExecutor.java:624)
        at java.lang.Thread.run(Thread.java:748)
"Thread-761" daemon prio=5 tid=1823 timed_waiting
java.lang.Thread.State: TIMED_WAITING
        at sun.misc.Unsafe.park(Native Method)
        at java.util.concurrent.locks.LockSupport.parkNanos(LockSupport.java:215)
        at java.util.concurrent.locks.AbstractQueuedSynchronizer$ConditionObject.awaitNanos(AbstractQueuedSynchronizer.java:2078)
        at java.util.concurrent.ArrayBlockingQueue.poll(ArrayBlockingQueue.java:418)
        at org.apache.ratis.server.impl.LeaderState$EventQueue.poll(LeaderState.java:115)
        at org.apache.ratis.server.impl.LeaderState$EventProcessor.run(LeaderState.java:467)
"pool-148-thread-58"  prio=5 tid=1805 in Object.wait()
java.lang.Thread.State: WAITING (on object monitor)
        at sun.misc.Unsafe.park(Native Method)
        at java.util.concurrent.locks.LockSupport.park(LockSupport.java:175)
        at java.util.concurrent.locks.AbstractQueuedSynchronizer$ConditionObject.await(AbstractQueuedSynchronizer.java:2039)
        at java.util.concurrent.ArrayBlockingQueue.take(ArrayBlockingQueue.java:403)
        at java.util.concurrent.ThreadPoolExecutor.getTask(ThreadPoolExecutor.java:1074)
        at java.util.concurrent.ThreadPoolExecutor.runWorker(ThreadPoolExecutor.java:1134)
        at java.util.concurrent.ThreadPoolExecutor$Worker.run(ThreadPoolExecutor.java:624)
        at java.lang.Thread.run(Thread.java:748)
"qtp1410488616-1200" daemon prio=5 tid=1200 timed_waiting
java.lang.Thread.State: TIMED_WAITING
        at sun.misc.Unsafe.park(Native Method)
        at java.util.concurrent.locks.LockSupport.parkNanos(LockSupport.java:215)
        at java.util.concurrent.locks.AbstractQueuedSynchronizer$ConditionObject.awaitNanos(AbstractQueuedSynchronizer.java:2078)
        at org.eclipse.jetty.util.BlockingArrayQueue.poll(BlockingArrayQueue.java:392)
        at org.eclipse.jetty.util.thread.QueuedThreadPool.idleJobPoll(QueuedThreadPool.java:563)
        at org.eclipse.jetty.util.thread.QueuedThreadPool.access$800(QueuedThreadPool.java:48)
        at org.eclipse.jetty.util.thread.QueuedThreadPool$2.run(QueuedThreadPool.java:626)
        at java.lang.Thread.run(Thread.java:748)
"pool-148-thread-47"  prio=5 tid=1794 in Object.wait()
java.lang.Thread.State: WAITING (on object monitor)
        at sun.misc.Unsafe.park(Native Method)
        at java.util.concurrent.locks.LockSupport.park(LockSupport.java:175)
        at java.util.concurrent.locks.AbstractQueuedSynchronizer$ConditionObject.await(AbstractQueuedSynchronizer.java:2039)
        at java.util.concurrent.ArrayBlockingQueue.take(ArrayBlockingQueue.java:403)
        at java.util.concurrent.ThreadPoolExecutor.getTask(ThreadPoolExecutor.java:1074)
        at java.util.concurrent.ThreadPoolExecutor.runWorker(ThreadPoolExecutor.java:1134)
        at java.util.concurrent.ThreadPoolExecutor$Worker.run(ThreadPoolExecutor.java:624)
        at java.lang.Thread.run(Thread.java:748)
"IPC Server handler 11 on 38131" daemon prio=5 tid=1142 timed_waiting
java.lang.Thread.State: TIMED_WAITING
        at sun.misc.Unsafe.park(Native Method)
        at java.util.concurrent.locks.LockSupport.parkNanos(LockSupport.java:215)
        at java.util.concurrent.locks.AbstractQueuedSynchronizer$ConditionObject.awaitNanos(AbstractQueuedSynchronizer.java:2078)
        at java.util.concurrent.LinkedBlockingQueue.poll(LinkedBlockingQueue.java:467)
        at org.apache.hadoop.ipc.CallQueueManager.take(CallQueueManager.java:288)
        at org.apache.hadoop.ipc.Server$Handler.run(Server.java:2668)
"metrics-hadoop-metrics2-reporter-90-thread-1" daemon prio=5 tid=1509 timed_waiting
java.lang.Thread.State: TIMED_WAITING
        at sun.misc.Unsafe.park(Native Method)
        at java.util.concurrent.locks.LockSupport.parkNanos(LockSupport.java:215)
        at java.util.concurrent.locks.AbstractQueuedSynchronizer$ConditionObject.awaitNanos(AbstractQueuedSynchronizer.java:2078)
        at java.util.concurrent.ScheduledThreadPoolExecutor$DelayedWorkQueue.take(ScheduledThreadPoolExecutor.java:1093)
        at java.util.concurrent.ScheduledThreadPoolExecutor$DelayedWorkQueue.take(ScheduledThreadPoolExecutor.java:809)
        at java.util.concurrent.ThreadPoolExecutor.getTask(ThreadPoolExecutor.java:1074)
        at java.util.concurrent.ThreadPoolExecutor.runWorker(ThreadPoolExecutor.java:1134)
        at java.util.concurrent.ThreadPoolExecutor$Worker.run(ThreadPoolExecutor.java:624)
        at java.lang.Thread.run(Thread.java:748)
"pool-158-thread-54"  prio=5 tid=1879 in Object.wait()
java.lang.Thread.State: WAITING (on object monitor)
        at sun.misc.Unsafe.park(Native Method)
        at java.util.concurrent.locks.LockSupport.park(LockSupport.java:175)
        at java.util.concurrent.locks.AbstractQueuedSynchronizer$ConditionObject.await(AbstractQueuedSynchronizer.java:2039)
        at java.util.concurrent.ArrayBlockingQueue.take(ArrayBlockingQueue.java:403)
        at java.util.concurrent.ThreadPoolExecutor.getTask(ThreadPoolExecutor.java:1074)
        at java.util.concurrent.ThreadPoolExecutor.runWorker(ThreadPoolExecutor.java:1134)
        at java.util.concurrent.ThreadPoolExecutor$Worker.run(ThreadPoolExecutor.java:624)
        at java.lang.Thread.run(Thread.java:748)
"pool-138-thread-10"  prio=5 tid=1681 in Object.wait()
java.lang.Thread.State: WAITING (on object monitor)
        at sun.misc.Unsafe.park(Native Method)
        at java.util.concurrent.locks.LockSupport.park(LockSupport.java:175)
        at java.util.concurrent.locks.AbstractQueuedSynchronizer$ConditionObject.await(AbstractQueuedSynchronizer.java:2039)
        at java.util.concurrent.ArrayBlockingQueue.take(ArrayBlockingQueue.java:403)
        at java.util.concurrent.ThreadPoolExecutor.getTask(ThreadPoolExecutor.java:1074)
        at java.util.concurrent.ThreadPoolExecutor.runWorker(ThreadPoolExecutor.java:1134)
        at java.util.concurrent.ThreadPoolExecutor$Worker.run(ThreadPoolExecutor.java:624)
        at java.lang.Thread.run(Thread.java:748)
"metrics-hadoop-metrics2-reporter-33-thread-1" daemon prio=5 tid=786 timed_waiting
java.lang.Thread.State: TIMED_WAITING
        at sun.misc.Unsafe.park(Native Method)
        at java.util.concurrent.locks.LockSupport.parkNanos(LockSupport.java:215)
        at java.util.concurrent.locks.AbstractQueuedSynchronizer$ConditionObject.awaitNanos(AbstractQueuedSynchronizer.java:2078)
        at java.util.concurrent.ScheduledThreadPoolExecutor$DelayedWorkQueue.take(ScheduledThreadPoolExecutor.java:1093)
        at java.util.concurrent.ScheduledThreadPoolExecutor$DelayedWorkQueue.take(ScheduledThreadPoolExecutor.java:809)
        at java.util.concurrent.ThreadPoolExecutor.getTask(ThreadPoolExecutor.java:1074)
        at java.util.concurrent.ThreadPoolExecutor.runWorker(ThreadPoolExecutor.java:1134)
        at java.util.concurrent.ThreadPoolExecutor$Worker.run(ThreadPoolExecutor.java:624)
        at java.lang.Thread.run(Thread.java:748)
"pool-138-thread-57"  prio=5 tid=1728 in Object.wait()
java.lang.Thread.State: WAITING (on object monitor)
        at sun.misc.Unsafe.park(Native Method)
        at java.util.concurrent.locks.LockSupport.park(LockSupport.java:175)
        at java.util.concurrent.locks.AbstractQueuedSynchronizer$ConditionObject.await(AbstractQueuedSynchronizer.java:2039)
        at java.util.concurrent.ArrayBlockingQueue.take(ArrayBlockingQueue.java:403)
        at java.util.concurrent.ThreadPoolExecutor.getTask(ThreadPoolExecutor.java:1074)
        at java.util.concurrent.ThreadPoolExecutor.runWorker(ThreadPoolExecutor.java:1134)
        at java.util.concurrent.ThreadPoolExecutor$Worker.run(ThreadPoolExecutor.java:624)
        at java.lang.Thread.run(Thread.java:748)
"qtp1025473693-1151" daemon prio=5 tid=1151 runnable
java.lang.Thread.State: RUNNABLE
        at sun.nio.ch.EPollArrayWrapper.epollWait(Native Method)
        at sun.nio.ch.EPollArrayWrapper.poll(EPollArrayWrapper.java:269)
        at sun.nio.ch.EPollSelectorImpl.doSelect(EPollSelectorImpl.java:93)
        at sun.nio.ch.SelectorImpl.lockAndDoSelect(SelectorImpl.java:86)
        at sun.nio.ch.SelectorImpl.select(SelectorImpl.java:97)
        at sun.nio.ch.SelectorImpl.select(SelectorImpl.java:101)
        at org.eclipse.jetty.io.ManagedSelector$SelectorProducer.select(ManagedSelector.java:243)
        at org.eclipse.jetty.io.ManagedSelector$SelectorProducer.produce(ManagedSelector.java:191)
        at org.eclipse.jetty.util.thread.strategy.ExecuteProduceConsume.executeProduceConsume(ExecuteProduceConsume.java:249)
        at org.eclipse.jetty.util.thread.strategy.ExecuteProduceConsume.produceConsume(ExecuteProduceConsume.java:148)
        at org.eclipse.jetty.util.thread.strategy.ExecuteProduceConsume.execute(ExecuteProduceConsume.java:100)
        at org.eclipse.jetty.io.ManagedSelector.run(ManagedSelector.java:147)
        at org.eclipse.jetty.util.thread.QueuedThreadPool.runJob(QueuedThreadPool.java:671)
        at org.eclipse.jetty.util.thread.QueuedThreadPool$2.run(QueuedThreadPool.java:589)
        at java.lang.Thread.run(Thread.java:748)
"pool-138-thread-6"  prio=5 tid=1677 in Object.wait()
java.lang.Thread.State: WAITING (on object monitor)
        at sun.misc.Unsafe.park(Native Method)
        at java.util.concurrent.locks.LockSupport.park(LockSupport.java:175)
        at java.util.concurrent.locks.AbstractQueuedSynchronizer$ConditionObject.await(AbstractQueuedSynchronizer.java:2039)
        at java.util.concurrent.ArrayBlockingQueue.take(ArrayBlockingQueue.java:403)
        at java.util.concurrent.ThreadPoolExecutor.getTask(ThreadPoolExecutor.java:1074)
        at java.util.concurrent.ThreadPoolExecutor.runWorker(ThreadPoolExecutor.java:1134)
        at java.util.concurrent.ThreadPoolExecutor$Worker.run(ThreadPoolExecutor.java:624)
        at java.lang.Thread.run(Thread.java:748)
"pool-158-thread-33"  prio=5 tid=1857 in Object.wait()
java.lang.Thread.State: WAITING (on object monitor)
        at sun.misc.Unsafe.park(Native Method)
        at java.util.concurrent.locks.LockSupport.park(LockSupport.java:175)
        at java.util.concurrent.locks.AbstractQueuedSynchronizer$ConditionObject.await(AbstractQueuedSynchronizer.java:2039)
        at java.util.concurrent.ArrayBlockingQueue.take(ArrayBlockingQueue.java:403)
        at java.util.concurrent.ThreadPoolExecutor.getTask(ThreadPoolExecutor.java:1074)
        at java.util.concurrent.ThreadPoolExecutor.runWorker(ThreadPoolExecutor.java:1134)
        at java.util.concurrent.ThreadPoolExecutor$Worker.run(ThreadPoolExecutor.java:624)
        at java.lang.Thread.run(Thread.java:748)
"metrics-hadoop-metrics2-reporter-29-thread-1" daemon prio=5 tid=770 timed_waiting
java.lang.Thread.State: TIMED_WAITING
        at sun.misc.Unsafe.park(Native Method)
        at java.util.concurrent.locks.LockSupport.parkNanos(LockSupport.java:215)
        at java.util.concurrent.locks.AbstractQueuedSynchronizer$ConditionObject.awaitNanos(AbstractQueuedSynchronizer.java:2078)
        at java.util.concurrent.ScheduledThreadPoolExecutor$DelayedWorkQueue.take(ScheduledThreadPoolExecutor.java:1093)
        at java.util.concurrent.ScheduledThreadPoolExecutor$DelayedWorkQueue.take(ScheduledThreadPoolExecutor.java:809)
        at java.util.concurrent.ThreadPoolExecutor.getTask(ThreadPoolExecutor.java:1074)
        at java.util.concurrent.ThreadPoolExecutor.runWorker(ThreadPoolExecutor.java:1134)
        at java.util.concurrent.ThreadPoolExecutor$Worker.run(ThreadPoolExecutor.java:624)
        at java.lang.Thread.run(Thread.java:748)
"pool-148-thread-52"  prio=5 tid=1799 in Object.wait()
java.lang.Thread.State: WAITING (on object monitor)
        at sun.misc.Unsafe.park(Native Method)
        at java.util.concurrent.locks.LockSupport.park(LockSupport.java:175)
        at java.util.concurrent.locks.AbstractQueuedSynchronizer$ConditionObject.await(AbstractQueuedSynchronizer.java:2039)
        at java.util.concurrent.ArrayBlockingQueue.take(ArrayBlockingQueue.java:403)
        at java.util.concurrent.ThreadPoolExecutor.getTask(ThreadPoolExecutor.java:1074)
        at java.util.concurrent.ThreadPoolExecutor.runWorker(ThreadPoolExecutor.java:1134)
        at java.util.concurrent.ThreadPoolExecutor$Worker.run(ThreadPoolExecutor.java:624)
        at java.lang.Thread.run(Thread.java:748)
"org.eclipse.jetty.server.session.HashSessionManager@587ff2d7Timer" daemon prio=5 tid=1623 timed_waiting
java.lang.Thread.State: TIMED_WAITING
        at sun.misc.Unsafe.park(Native Method)
        at java.util.concurrent.locks.LockSupport.parkNanos(LockSupport.java:215)
        at java.util.concurrent.locks.AbstractQueuedSynchronizer$ConditionObject.awaitNanos(AbstractQueuedSynchronizer.java:2078)
        at java.util.concurrent.ScheduledThreadPoolExecutor$DelayedWorkQueue.take(ScheduledThreadPoolExecutor.java:1093)
        at java.util.concurrent.ScheduledThreadPoolExecutor$DelayedWorkQueue.take(ScheduledThreadPoolExecutor.java:809)
        at java.util.concurrent.ThreadPoolExecutor.getTask(ThreadPoolExecutor.java:1074)
        at java.util.concurrent.ThreadPoolExecutor.runWorker(ThreadPoolExecutor.java:1134)
        at java.util.concurrent.ThreadPoolExecutor$Worker.run(ThreadPoolExecutor.java:624)
        at java.lang.Thread.run(Thread.java:748)
"IPC Server handler 8 on 45184" daemon prio=5 tid=1182 timed_waiting
java.lang.Thread.State: TIMED_WAITING
        at sun.misc.Unsafe.park(Native Method)
        at java.util.concurrent.locks.LockSupport.parkNanos(LockSupport.java:215)
        at java.util.concurrent.locks.AbstractQueuedSynchronizer$ConditionObject.awaitNanos(AbstractQueuedSynchronizer.java:2078)
        at java.util.concurrent.LinkedBlockingQueue.poll(LinkedBlockingQueue.java:467)
        at org.apache.hadoop.ipc.CallQueueManager.take(CallQueueManager.java:288)
        at org.apache.hadoop.ipc.Server$Handler.run(Server.java:2668)
"pool-148-thread-3"  prio=5 tid=1749 in Object.wait()
java.lang.Thread.State: WAITING (on object monitor)
        at sun.misc.Unsafe.park(Native Method)
        at java.util.concurrent.locks.LockSupport.park(LockSupport.java:175)
        at java.util.concurrent.locks.AbstractQueuedSynchronizer$ConditionObject.await(AbstractQueuedSynchronizer.java:2039)
        at java.util.concurrent.ArrayBlockingQueue.take(ArrayBlockingQueue.java:403)
        at java.util.concurrent.ThreadPoolExecutor.getTask(ThreadPoolExecutor.java:1074)
        at java.util.concurrent.ThreadPoolExecutor.runWorker(ThreadPoolExecutor.java:1134)
        at java.util.concurrent.ThreadPoolExecutor$Worker.run(ThreadPoolExecutor.java:624)
        at java.lang.Thread.run(Thread.java:748)
"IPC Server handler 10 on 38802" daemon prio=5 tid=1121 timed_waiting
java.lang.Thread.State: TIMED_WAITING
        at sun.misc.Unsafe.park(Native Method)
        at java.util.concurrent.locks.LockSupport.parkNanos(LockSupport.java:215)
        at java.util.concurrent.locks.AbstractQueuedSynchronizer$ConditionObject.awaitNanos(AbstractQueuedSynchronizer.java:2078)
        at java.util.concurrent.LinkedBlockingQueue.poll(LinkedBlockingQueue.java:467)
        at org.apache.hadoop.ipc.CallQueueManager.take(CallQueueManager.java:288)
        at org.apache.hadoop.ipc.Server$Handler.run(Server.java:2668)
"org.eclipse.jetty.server.session.HashSessionManager@230b4e74Timer" daemon prio=5 tid=1659 timed_waiting
java.lang.Thread.State: TIMED_WAITING
        at sun.misc.Unsafe.park(Native Method)
        at java.util.concurrent.locks.LockSupport.parkNanos(LockSupport.java:215)
        at java.util.concurrent.locks.AbstractQueuedSynchronizer$ConditionObject.awaitNanos(AbstractQueuedSynchronizer.java:2078)
        at java.util.concurrent.ScheduledThreadPoolExecutor$DelayedWorkQueue.take(ScheduledThreadPoolExecutor.java:1093)
        at java.util.concurrent.ScheduledThreadPoolExecutor$DelayedWorkQueue.take(ScheduledThreadPoolExecutor.java:809)
        at java.util.concurrent.ThreadPoolExecutor.getTask(ThreadPoolExecutor.java:1074)
        at java.util.concurrent.ThreadPoolExecutor.runWorker(ThreadPoolExecutor.java:1134)
        at java.util.concurrent.ThreadPoolExecutor$Worker.run(ThreadPoolExecutor.java:624)
        at java.lang.Thread.run(Thread.java:748)
"pool-159-thread-1"  prio=5 tid=1644 in Object.wait()
java.lang.Thread.State: WAITING (on object monitor)
        at sun.misc.Unsafe.park(Native Method)
        at java.util.concurrent.locks.LockSupport.park(LockSupport.java:175)
        at java.util.concurrent.locks.AbstractQueuedSynchronizer$ConditionObject.await(AbstractQueuedSynchronizer.java:2039)
        at java.util.concurrent.LinkedBlockingQueue.take(LinkedBlockingQueue.java:442)
        at java.util.concurrent.ThreadPoolExecutor.getTask(ThreadPoolExecutor.java:1074)
        at java.util.concurrent.ThreadPoolExecutor.runWorker(ThreadPoolExecutor.java:1134)
        at java.util.concurrent.ThreadPoolExecutor$Worker.run(ThreadPoolExecutor.java:624)
        at java.lang.Thread.run(Thread.java:748)
"qtp25266959-1591" daemon prio=5 tid=1591 timed_waiting
java.lang.Thread.State: TIMED_WAITING
        at sun.misc.Unsafe.park(Native Method)
        at java.util.concurrent.locks.LockSupport.parkNanos(LockSupport.java:215)
        at java.util.concurrent.locks.AbstractQueuedSynchronizer$ConditionObject.awaitNanos(AbstractQueuedSynchronizer.java:2078)
        at org.eclipse.jetty.util.BlockingArrayQueue.poll(BlockingArrayQueue.java:392)
        at org.eclipse.jetty.util.thread.QueuedThreadPool.idleJobPoll(QueuedThreadPool.java:563)
        at org.eclipse.jetty.util.thread.QueuedThreadPool.access$800(QueuedThreadPool.java:48)
        at org.eclipse.jetty.util.thread.QueuedThreadPool$2.run(QueuedThreadPool.java:626)
        at java.lang.Thread.run(Thread.java:748)
"IPC Server handler 13 on 45184" daemon prio=5 tid=1187 timed_waiting
java.lang.Thread.State: TIMED_WAITING
        at sun.misc.Unsafe.park(Native Method)
        at java.util.concurrent.locks.LockSupport.parkNanos(LockSupport.java:215)
        at java.util.concurrent.locks.AbstractQueuedSynchronizer$ConditionObject.awaitNanos(AbstractQueuedSynchronizer.java:2078)
        at java.util.concurrent.LinkedBlockingQueue.poll(LinkedBlockingQueue.java:467)
        at org.apache.hadoop.ipc.CallQueueManager.take(CallQueueManager.java:288)
        at org.apache.hadoop.ipc.Server$Handler.run(Server.java:2668)
"pool-158-thread-46"  prio=5 tid=1871 in Object.wait()
java.lang.Thread.State: WAITING (on object monitor)
        at sun.misc.Unsafe.park(Native Method)
        at java.util.concurrent.locks.LockSupport.park(LockSupport.java:175)
        at java.util.concurrent.locks.AbstractQueuedSynchronizer$ConditionObject.await(AbstractQueuedSynchronizer.java:2039)
        at java.util.concurrent.ArrayBlockingQueue.take(ArrayBlockingQueue.java:403)
        at java.util.concurrent.ThreadPoolExecutor.getTask(ThreadPoolExecutor.java:1074)
        at java.util.concurrent.ThreadPoolExecutor.runWorker(ThreadPoolExecutor.java:1134)
        at java.util.concurrent.ThreadPoolExecutor$Worker.run(ThreadPoolExecutor.java:624)
        at java.lang.Thread.run(Thread.java:748)
"Datanode ReportManager Thread - 1" daemon prio=5 tid=254 in Object.wait()
java.lang.Thread.State: WAITING (on object monitor)
        at sun.misc.Unsafe.park(Native Method)
        at java.util.concurrent.locks.LockSupport.park(LockSupport.java:175)
        at java.util.concurrent.locks.AbstractQueuedSynchronizer$ConditionObject.await(AbstractQueuedSynchronizer.java:2039)
        at java.util.concurrent.ScheduledThreadPoolExecutor$DelayedWorkQueue.take(ScheduledThreadPoolExecutor.java:1088)
        at java.util.concurrent.ScheduledThreadPoolExecutor$DelayedWorkQueue.take(ScheduledThreadPoolExecutor.java:809)
        at java.util.concurrent.ThreadPoolExecutor.getTask(ThreadPoolExecutor.java:1074)
        at java.util.concurrent.ThreadPoolExecutor.runWorker(ThreadPoolExecutor.java:1134)
        at java.util.concurrent.ThreadPoolExecutor$Worker.run(ThreadPoolExecutor.java:624)
        at java.lang.Thread.run(Thread.java:748)
"main"  prio=5 tid=1 timed_waiting
java.lang.Thread.State: TIMED_WAITING
        at java.lang.Object.wait(Native Method)
        at java.lang.Thread.join(Thread.java:1260)
        at org.junit.internal.runners.statements.FailOnTimeout.evaluateStatement(FailOnTimeout.java:26)
        at org.junit.internal.runners.statements.FailOnTimeout.evaluate(FailOnTimeout.java:17)
        at org.junit.internal.runners.statements.RunAfters.evaluate(RunAfters.java:27)
        at org.junit.runners.ParentRunner.runLeaf(ParentRunner.java:271)
        at org.junit.runners.BlockJUnit4ClassRunner.runChild(BlockJUnit4ClassRunner.java:70)
        at org.junit.runners.BlockJUnit4ClassRunner.runChild(BlockJUnit4ClassRunner.java:50)
        at org.junit.runners.ParentRunner$3.run(ParentRunner.java:238)
        at org.junit.runners.ParentRunner$1.schedule(ParentRunner.java:63)
        at org.junit.runners.ParentRunner.runChildren(ParentRunner.java:236)
        at org.junit.runners.ParentRunner.access$000(ParentRunner.java:53)
        at org.junit.runners.ParentRunner$2.evaluate(ParentRunner.java:229)
        at org.junit.runners.ParentRunner.run(ParentRunner.java:309)
        at org.apache.maven.surefire.junit4.JUnit4Provider.execute(JUnit4Provider.java:365)
        at org.apache.maven.surefire.junit4.JUnit4Provider.executeWithRerun(JUnit4Provider.java:273)
        at org.apache.maven.surefire.junit4.JUnit4Provider.executeTestSet(JUnit4Provider.java:238)
        at org.apache.maven.surefire.junit4.JUnit4Provider.invoke(JUnit4Provider.java:159)
        at org.apache.maven.surefire.booter.ForkedBooter.invokeProviderInSameClassLoader(ForkedBooter.java:384)
        at org.apache.maven.surefire.booter.ForkedBooter.runSuitesInProcess(ForkedBooter.java:345)
        at org.apache.maven.surefire.booter.ForkedBooter.execute(ForkedBooter.java:126)
        at org.apache.maven.surefire.booter.ForkedBooter.main(ForkedBooter.java:418)
"qtp25266959-1590" daemon prio=5 tid=1590 timed_waiting
java.lang.Thread.State: TIMED_WAITING
        at sun.misc.Unsafe.park(Native Method)
        at java.util.concurrent.locks.LockSupport.parkNanos(LockSupport.java:215)
        at java.util.concurrent.locks.AbstractQueuedSynchronizer$ConditionObject.awaitNanos(AbstractQueuedSynchronizer.java:2078)
        at org.eclipse.jetty.util.BlockingArrayQueue.poll(BlockingArrayQueue.java:392)
        at org.eclipse.jetty.util.thread.QueuedThreadPool.idleJobPoll(QueuedThreadPool.java:563)
        at org.eclipse.jetty.util.thread.QueuedThreadPool.access$800(QueuedThreadPool.java:48)
        at org.eclipse.jetty.util.thread.QueuedThreadPool$2.run(QueuedThreadPool.java:626)
        at java.lang.Thread.run(Thread.java:748)
"metrics-hadoop-metrics2-reporter-78-thread-1" daemon prio=5 tid=1031 timed_waiting
java.lang.Thread.State: TIMED_WAITING
        at sun.misc.Unsafe.park(Native Method)
        at java.util.concurrent.locks.LockSupport.parkNanos(LockSupport.java:215)
        at java.util.concurrent.locks.AbstractQueuedSynchronizer$ConditionObject.awaitNanos(AbstractQueuedSynchronizer.java:2078)
        at java.util.concurrent.ScheduledThreadPoolExecutor$DelayedWorkQueue.take(ScheduledThreadPoolExecutor.java:1093)
        at java.util.concurrent.ScheduledThreadPoolExecutor$DelayedWorkQueue.take(ScheduledThreadPoolExecutor.java:809)
        at java.util.concurrent.ThreadPoolExecutor.getTask(ThreadPoolExecutor.java:1074)
        at java.util.concurrent.ThreadPoolExecutor.runWorker(ThreadPoolExecutor.java:1134)
        at java.util.concurrent.ThreadPoolExecutor$Worker.run(ThreadPoolExecutor.java:624)
        at java.lang.Thread.run(Thread.java:748)
"pool-158-thread-21"  prio=5 tid=1845 in Object.wait()
java.lang.Thread.State: WAITING (on object monitor)
        at sun.misc.Unsafe.park(Native Method)
        at java.util.concurrent.locks.LockSupport.park(LockSupport.java:175)
        at java.util.concurrent.locks.AbstractQueuedSynchronizer$ConditionObject.await(AbstractQueuedSynchronizer.java:2039)
        at java.util.concurrent.ArrayBlockingQueue.take(ArrayBlockingQueue.java:403)
        at java.util.concurrent.ThreadPoolExecutor.getTask(ThreadPoolExecutor.java:1074)
        at java.util.concurrent.ThreadPoolExecutor.runWorker(ThreadPoolExecutor.java:1134)
        at java.util.concurrent.ThreadPoolExecutor$Worker.run(ThreadPoolExecutor.java:624)
        at java.lang.Thread.run(Thread.java:748)
"metrics-hadoop-metrics2-reporter-73-thread-1" daemon prio=5 tid=1019 timed_waiting
java.lang.Thread.State: TIMED_WAITING
        at sun.misc.Unsafe.park(Native Method)
        at java.util.concurrent.locks.LockSupport.parkNanos(LockSupport.java:215)
        at java.util.concurrent.locks.AbstractQueuedSynchronizer$ConditionObject.awaitNanos(AbstractQueuedSynchronizer.java:2078)
        at java.util.concurrent.ScheduledThreadPoolExecutor$DelayedWorkQueue.take(ScheduledThreadPoolExecutor.java:1093)
        at java.util.concurrent.ScheduledThreadPoolExecutor$DelayedWorkQueue.take(ScheduledThreadPoolExecutor.java:809)
        at java.util.concurrent.ThreadPoolExecutor.getTask(ThreadPoolExecutor.java:1074)
        at java.util.concurrent.ThreadPoolExecutor.runWorker(ThreadPoolExecutor.java:1134)
        at java.util.concurrent.ThreadPoolExecutor$Worker.run(ThreadPoolExecutor.java:624)
        at java.lang.Thread.run(Thread.java:748)
"pool-148-thread-48"  prio=5 tid=1795 in Object.wait()
java.lang.Thread.State: WAITING (on object monitor)
        at sun.misc.Unsafe.park(Native Method)
        at java.util.concurrent.locks.LockSupport.park(LockSupport.java:175)
        at java.util.concurrent.locks.AbstractQueuedSynchronizer$ConditionObject.await(AbstractQueuedSynchronizer.java:2039)
        at java.util.concurrent.ArrayBlockingQueue.take(ArrayBlockingQueue.java:403)
        at java.util.concurrent.ThreadPoolExecutor.getTask(ThreadPoolExecutor.java:1074)
        at java.util.concurrent.ThreadPoolExecutor.runWorker(ThreadPoolExecutor.java:1134)
        at java.util.concurrent.ThreadPoolExecutor$Worker.run(ThreadPoolExecutor.java:624)
        at java.lang.Thread.run(Thread.java:748)
"pool-138-thread-56"  prio=5 tid=1727 in Object.wait()
java.lang.Thread.State: WAITING (on object monitor)
        at sun.misc.Unsafe.park(Native Method)
        at java.util.concurrent.locks.LockSupport.park(LockSupport.java:175)
        at java.util.concurrent.locks.AbstractQueuedSynchronizer$ConditionObject.await(AbstractQueuedSynchronizer.java:2039)
        at java.util.concurrent.ArrayBlockingQueue.take(ArrayBlockingQueue.java:403)
        at java.util.concurrent.ThreadPoolExecutor.getTask(ThreadPoolExecutor.java:1074)
        at java.util.concurrent.ThreadPoolExecutor.runWorker(ThreadPoolExecutor.java:1134)
        at java.util.concurrent.ThreadPoolExecutor$Worker.run(ThreadPoolExecutor.java:624)
        at java.lang.Thread.run(Thread.java:748)
"Datanode ReportManager Thread - 0" daemon prio=5 tid=1253 timed_waiting
java.lang.Thread.State: TIMED_WAITING
        at sun.misc.Unsafe.park(Native Method)
        at java.util.concurrent.locks.LockSupport.parkNanos(LockSupport.java:215)
        at java.util.concurrent.locks.AbstractQueuedSynchronizer$ConditionObject.awaitNanos(AbstractQueuedSynchronizer.java:2078)
        at java.util.concurrent.ScheduledThreadPoolExecutor$DelayedWorkQueue.take(ScheduledThreadPoolExecutor.java:1093)
        at java.util.concurrent.ScheduledThreadPoolExecutor$DelayedWorkQueue.take(ScheduledThreadPoolExecutor.java:809)
        at java.util.concurrent.ThreadPoolExecutor.getTask(ThreadPoolExecutor.java:1074)
        at java.util.concurrent.ThreadPoolExecutor.runWorker(ThreadPoolExecutor.java:1134)
        at java.util.concurrent.ThreadPoolExecutor$Worker.run(ThreadPoolExecutor.java:624)
        at java.lang.Thread.run(Thread.java:748)
"Thread-2224" daemon prio=5 tid=3377 timed_waiting
java.lang.Thread.State: TIMED_WAITING
        at java.lang.Thread.sleep(Native Method)
        at org.apache.ratis.util.JavaUtils.sleep(JavaUtils.java:247)
        at org.apache.ratis.server.impl.FollowerState.run(FollowerState.java:97)
"bc0bc980-c963-48ce-962e-85091c893131@group-1056DBF44000-SegmentedRaftLogWorker"  prio=5 tid=1643 timed_waiting
java.lang.Thread.State: TIMED_WAITING
        at sun.misc.Unsafe.park(Native Method)
        at java.util.concurrent.locks.LockSupport.parkNanos(LockSupport.java:215)
        at java.util.concurrent.locks.AbstractQueuedSynchronizer$ConditionObject.awaitNanos(AbstractQueuedSynchronizer.java:2078)
        at org.apache.ratis.util.DataBlockingQueue.poll(DataBlockingQueue.java:137)
        at org.apache.ratis.server.raftlog.segmented.SegmentedRaftLogWorker.run(SegmentedRaftLogWorker.java:282)
        at java.lang.Thread.run(Thread.java:748)
"pool-138-thread-22"  prio=5 tid=1693 in Object.wait()
java.lang.Thread.State: WAITING (on object monitor)
        at sun.misc.Unsafe.park(Native Method)
        at java.util.concurrent.locks.LockSupport.park(LockSupport.java:175)
        at java.util.concurrent.locks.AbstractQueuedSynchronizer$ConditionObject.await(AbstractQueuedSynchronizer.java:2039)
        at java.util.concurrent.ArrayBlockingQueue.take(ArrayBlockingQueue.java:403)
        at java.util.concurrent.ThreadPoolExecutor.getTask(ThreadPoolExecutor.java:1074)
        at java.util.concurrent.ThreadPoolExecutor.runWorker(ThreadPoolExecutor.java:1134)
        at java.util.concurrent.ThreadPoolExecutor$Worker.run(ThreadPoolExecutor.java:624)
        at java.lang.Thread.run(Thread.java:748)
"pool-148-thread-38"  prio=5 tid=1785 in Object.wait()
java.lang.Thread.State: WAITING (on object monitor)
        at sun.misc.Unsafe.park(Native Method)
        at java.util.concurrent.locks.LockSupport.park(LockSupport.java:175)
        at java.util.concurrent.locks.AbstractQueuedSynchronizer$ConditionObject.await(AbstractQueuedSynchronizer.java:2039)
        at java.util.concurrent.ArrayBlockingQueue.take(ArrayBlockingQueue.java:403)
        at java.util.concurrent.ThreadPoolExecutor.getTask(ThreadPoolExecutor.java:1074)
        at java.util.concurrent.ThreadPoolExecutor.runWorker(ThreadPoolExecutor.java:1134)
        at java.util.concurrent.ThreadPoolExecutor$Worker.run(ThreadPoolExecutor.java:624)
        at java.lang.Thread.run(Thread.java:748)
"metrics-hadoop-metrics2-reporter-36-thread-1" daemon prio=5 tid=801 timed_waiting
java.lang.Thread.State: TIMED_WAITING
        at sun.misc.Unsafe.park(Native Method)
        at java.util.concurrent.locks.LockSupport.parkNanos(LockSupport.java:215)
        at java.util.concurrent.locks.AbstractQueuedSynchronizer$ConditionObject.awaitNanos(AbstractQueuedSynchronizer.java:2078)
        at java.util.concurrent.ScheduledThreadPoolExecutor$DelayedWorkQueue.take(ScheduledThreadPoolExecutor.java:1093)
        at java.util.concurrent.ScheduledThreadPoolExecutor$DelayedWorkQueue.take(ScheduledThreadPoolExecutor.java:809)
        at java.util.concurrent.ThreadPoolExecutor.getTask(ThreadPoolExecutor.java:1074)
        at java.util.concurrent.ThreadPoolExecutor.runWorker(ThreadPoolExecutor.java:1134)
        at java.util.concurrent.ThreadPoolExecutor$Worker.run(ThreadPoolExecutor.java:624)
        at java.lang.Thread.run(Thread.java:748)
"pool-158-thread-24"  prio=5 tid=1848 in Object.wait()
java.lang.Thread.State: WAITING (on object monitor)
        at sun.misc.Unsafe.park(Native Method)
        at java.util.concurrent.locks.LockSupport.park(LockSupport.java:175)
        at java.util.concurrent.locks.AbstractQueuedSynchronizer$ConditionObject.await(AbstractQueuedSynchronizer.java:2039)
        at java.util.concurrent.ArrayBlockingQueue.take(ArrayBlockingQueue.java:403)
        at java.util.concurrent.ThreadPoolExecutor.getTask(ThreadPoolExecutor.java:1074)
        at java.util.concurrent.ThreadPoolExecutor.runWorker(ThreadPoolExecutor.java:1134)
        at java.util.concurrent.ThreadPoolExecutor$Worker.run(ThreadPoolExecutor.java:624)
        at java.lang.Thread.run(Thread.java:748)
"metrics-hadoop-metrics2-reporter-22-thread-1" daemon prio=5 tid=753 timed_waiting
java.lang.Thread.State: TIMED_WAITING
        at sun.misc.Unsafe.park(Native Method)
        at java.util.concurrent.locks.LockSupport.parkNanos(LockSupport.java:215)
        at java.util.concurrent.locks.AbstractQueuedSynchronizer$ConditionObject.awaitNanos(AbstractQueuedSynchronizer.java:2078)
        at java.util.concurrent.ScheduledThreadPoolExecutor$DelayedWorkQueue.take(ScheduledThreadPoolExecutor.java:1093)
        at java.util.concurrent.ScheduledThreadPoolExecutor$DelayedWorkQueue.take(ScheduledThreadPoolExecutor.java:809)
        at java.util.concurrent.ThreadPoolExecutor.getTask(ThreadPoolExecutor.java:1074)
        at java.util.concurrent.ThreadPoolExecutor.runWorker(ThreadPoolExecutor.java:1134)
        at java.util.concurrent.ThreadPoolExecutor$Worker.run(ThreadPoolExecutor.java:624)
        at java.lang.Thread.run(Thread.java:748)
"metrics-hadoop-metrics2-reporter-41-thread-1" daemon prio=5 tid=811 timed_waiting
java.lang.Thread.State: TIMED_WAITING
        at sun.misc.Unsafe.park(Native Method)
        at java.util.concurrent.locks.LockSupport.parkNanos(LockSupport.java:215)
        at java.util.concurrent.locks.AbstractQueuedSynchronizer$ConditionObject.awaitNanos(AbstractQueuedSynchronizer.java:2078)
        at java.util.concurrent.ScheduledThreadPoolExecutor$DelayedWorkQueue.take(ScheduledThreadPoolExecutor.java:1093)
        at java.util.concurrent.ScheduledThreadPoolExecutor$DelayedWorkQueue.take(ScheduledThreadPoolExecutor.java:809)
        at java.util.concurrent.ThreadPoolExecutor.getTask(ThreadPoolExecutor.java:1074)
        at java.util.concurrent.ThreadPoolExecutor.runWorker(ThreadPoolExecutor.java:1134)
        at java.util.concurrent.ThreadPoolExecutor$Worker.run(ThreadPoolExecutor.java:624)
        at java.lang.Thread.run(Thread.java:748)
"IPC Server handler 0 on 38131" daemon prio=5 tid=1131 timed_waiting
java.lang.Thread.State: TIMED_WAITING
        at sun.misc.Unsafe.park(Native Method)
        at java.util.concurrent.locks.LockSupport.parkNanos(LockSupport.java:215)
        at java.util.concurrent.locks.AbstractQueuedSynchronizer$ConditionObject.awaitNanos(AbstractQueuedSynchronizer.java:2078)
        at java.util.concurrent.LinkedBlockingQueue.poll(LinkedBlockingQueue.java:467)
        at org.apache.hadoop.ipc.CallQueueManager.take(CallQueueManager.java:288)
        at org.apache.hadoop.ipc.Server$Handler.run(Server.java:2668)
"IPC Server handler 14 on 45184" daemon prio=5 tid=1188 timed_waiting
java.lang.Thread.State: TIMED_WAITING
        at sun.misc.Unsafe.park(Native Method)
        at java.util.concurrent.locks.LockSupport.parkNanos(LockSupport.java:215)
        at java.util.concurrent.locks.AbstractQueuedSynchronizer$ConditionObject.awaitNanos(AbstractQueuedSynchronizer.java:2078)
        at java.util.concurrent.LinkedBlockingQueue.poll(LinkedBlockingQueue.java:467)
        at org.apache.hadoop.ipc.CallQueueManager.take(CallQueueManager.java:288)
        at org.apache.hadoop.ipc.Server$Handler.run(Server.java:2668)
"IPC Server handler 10 on 38131" daemon prio=5 tid=1141 timed_waiting
java.lang.Thread.State: TIMED_WAITING
        at sun.misc.Unsafe.park(Native Method)
        at java.util.concurrent.locks.LockSupport.parkNanos(LockSupport.java:215)
        at java.util.concurrent.locks.AbstractQueuedSynchronizer$ConditionObject.awaitNanos(AbstractQueuedSynchronizer.java:2078)
        at java.util.concurrent.LinkedBlockingQueue.poll(LinkedBlockingQueue.java:467)
        at org.apache.hadoop.ipc.CallQueueManager.take(CallQueueManager.java:288)
        at org.apache.hadoop.ipc.Server$Handler.run(Server.java:2668)
"qtp25266959-1586-acceptor-0@330773a5-ServerConnector@5f585035{HTTP/1.1,[http/1.1]}{0.0.0.0:41305}" daemon prio=3 tid=1586 runnable
java.lang.Thread.State: RUNNABLE
        at sun.nio.ch.ServerSocketChannelImpl.accept0(Native Method)
        at sun.nio.ch.ServerSocketChannelImpl.accept(ServerSocketChannelImpl.java:422)
        at sun.nio.ch.ServerSocketChannelImpl.accept(ServerSocketChannelImpl.java:250)
        at org.eclipse.jetty.server.ServerConnector.accept(ServerConnector.java:397)
        at org.eclipse.jetty.server.AbstractConnector$Acceptor.run(AbstractConnector.java:601)
        at org.eclipse.jetty.util.thread.QueuedThreadPool.runJob(QueuedThreadPool.java:671)
        at org.eclipse.jetty.util.thread.QueuedThreadPool$2.run(QueuedThreadPool.java:589)
        at java.lang.Thread.run(Thread.java:748)
"IPC Server handler 12 on 45184" daemon prio=5 tid=1186 timed_waiting
java.lang.Thread.State: TIMED_WAITING
        at sun.misc.Unsafe.park(Native Method)
        at java.util.concurrent.locks.LockSupport.parkNanos(LockSupport.java:215)
        at java.util.concurrent.locks.AbstractQueuedSynchronizer$ConditionObject.awaitNanos(AbstractQueuedSynchronizer.java:2078)
        at java.util.concurrent.LinkedBlockingQueue.poll(LinkedBlockingQueue.java:467)
        at org.apache.hadoop.ipc.CallQueueManager.take(CallQueueManager.java:288)
        at org.apache.hadoop.ipc.Server$Handler.run(Server.java:2668)
"pool-158-thread-50"  prio=5 tid=1875 in Object.wait()
java.lang.Thread.State: WAITING (on object monitor)
        at sun.misc.Unsafe.park(Native Method)
        at java.util.concurrent.locks.LockSupport.park(LockSupport.java:175)
        at java.util.concurrent.locks.AbstractQueuedSynchronizer$ConditionObject.await(AbstractQueuedSynchronizer.java:2039)
        at java.util.concurrent.ArrayBlockingQueue.take(ArrayBlockingQueue.java:403)
        at java.util.concurrent.ThreadPoolExecutor.getTask(ThreadPoolExecutor.java:1074)
        at java.util.concurrent.ThreadPoolExecutor.runWorker(ThreadPoolExecutor.java:1134)
        at java.util.concurrent.ThreadPoolExecutor$Worker.run(ThreadPoolExecutor.java:624)
        at java.lang.Thread.run(Thread.java:748)
"Datanode ReportManager Thread - 2" daemon prio=5 tid=228 in Object.wait()
java.lang.Thread.State: WAITING (on object monitor)
        at sun.misc.Unsafe.park(Native Method)
        at java.util.concurrent.locks.LockSupport.park(LockSupport.java:175)
        at java.util.concurrent.locks.AbstractQueuedSynchronizer$ConditionObject.await(AbstractQueuedSynchronizer.java:2039)
        at java.util.concurrent.ScheduledThreadPoolExecutor$DelayedWorkQueue.take(ScheduledThreadPoolExecutor.java:1088)
        at java.util.concurrent.ScheduledThreadPoolExecutor$DelayedWorkQueue.take(ScheduledThreadPoolExecutor.java:809)
        at java.util.concurrent.ThreadPoolExecutor.getTask(ThreadPoolExecutor.java:1074)
        at java.util.concurrent.ThreadPoolExecutor.runWorker(ThreadPoolExecutor.java:1134)
        at java.util.concurrent.ThreadPoolExecutor$Worker.run(ThreadPoolExecutor.java:624)
        at java.lang.Thread.run(Thread.java:748)
"qtp1410488616-1196-acceptor-0@1ca4e252-ServerConnector@2fd09fc1{HTTP/1.1,[http/1.1]}{0.0.0.0:38718}" daemon prio=3 tid=1196 runnable
java.lang.Thread.State: RUNNABLE
        at sun.nio.ch.ServerSocketChannelImpl.accept0(Native Method)
        at sun.nio.ch.ServerSocketChannelImpl.accept(ServerSocketChannelImpl.java:422)
        at sun.nio.ch.ServerSocketChannelImpl.accept(ServerSocketChannelImpl.java:250)
        at org.eclipse.jetty.server.ServerConnector.accept(ServerConnector.java:397)
        at org.eclipse.jetty.server.AbstractConnector$Acceptor.run(AbstractConnector.java:601)
        at org.eclipse.jetty.util.thread.QueuedThreadPool.runJob(QueuedThreadPool.java:671)
        at org.eclipse.jetty.util.thread.QueuedThreadPool$2.run(QueuedThreadPool.java:589)
        at java.lang.Thread.run(Thread.java:748)
"EventQueue-StaleNodeForStaleNodeHandler" daemon prio=5 tid=1571 in Object.wait()
java.lang.Thread.State: WAITING (on object monitor)
        at sun.misc.Unsafe.park(Native Method)
        at java.util.concurrent.locks.LockSupport.park(LockSupport.java:175)
        at java.util.concurrent.locks.AbstractQueuedSynchronizer$ConditionObject.await(AbstractQueuedSynchronizer.java:2039)
        at java.util.concurrent.LinkedBlockingQueue.take(LinkedBlockingQueue.java:442)
        at java.util.concurrent.ThreadPoolExecutor.getTask(ThreadPoolExecutor.java:1074)
        at java.util.concurrent.ThreadPoolExecutor.runWorker(ThreadPoolExecutor.java:1134)
        at java.util.concurrent.ThreadPoolExecutor$Worker.run(ThreadPoolExecutor.java:624)
        at java.lang.Thread.run(Thread.java:748)
"pool-148-thread-15"  prio=5 tid=1761 in Object.wait()
java.lang.Thread.State: WAITING (on object monitor)
        at sun.misc.Unsafe.park(Native Method)
        at java.util.concurrent.locks.LockSupport.park(LockSupport.java:175)
        at java.util.concurrent.locks.AbstractQueuedSynchronizer$ConditionObject.await(AbstractQueuedSynchronizer.java:2039)
        at java.util.concurrent.ArrayBlockingQueue.take(ArrayBlockingQueue.java:403)
        at java.util.concurrent.ThreadPoolExecutor.getTask(ThreadPoolExecutor.java:1074)
        at java.util.concurrent.ThreadPoolExecutor.runWorker(ThreadPoolExecutor.java:1134)
        at java.util.concurrent.ThreadPoolExecutor$Worker.run(ThreadPoolExecutor.java:624)
        at java.lang.Thread.run(Thread.java:748)
"IPC Server handler 19 on 46609" daemon prio=5 tid=1110 timed_waiting
java.lang.Thread.State: TIMED_WAITING
        at sun.misc.Unsafe.park(Native Method)
        at java.util.concurrent.locks.LockSupport.parkNanos(LockSupport.java:215)
        at java.util.concurrent.locks.AbstractQueuedSynchronizer$ConditionObject.awaitNanos(AbstractQueuedSynchronizer.java:2078)
        at java.util.concurrent.LinkedBlockingQueue.poll(LinkedBlockingQueue.java:467)
        at org.apache.hadoop.ipc.CallQueueManager.take(CallQueueManager.java:288)
        at org.apache.hadoop.ipc.Server$Handler.run(Server.java:2668)
"pool-138-thread-58"  prio=5 tid=1729 in Object.wait()
java.lang.Thread.State: WAITING (on object monitor)
        at sun.misc.Unsafe.park(Native Method)
        at java.util.concurrent.locks.LockSupport.park(LockSupport.java:175)
        at java.util.concurrent.locks.AbstractQueuedSynchronizer$ConditionObject.await(AbstractQueuedSynchronizer.java:2039)
        at java.util.concurrent.ArrayBlockingQueue.take(ArrayBlockingQueue.java:403)
        at java.util.concurrent.ThreadPoolExecutor.getTask(ThreadPoolExecutor.java:1074)
        at java.util.concurrent.ThreadPoolExecutor.runWorker(ThreadPoolExecutor.java:1134)
        at java.util.concurrent.ThreadPoolExecutor$Worker.run(ThreadPoolExecutor.java:624)
        at java.lang.Thread.run(Thread.java:748)
"46069bd9-45fc-4c82-823c-36f07a1bcff0@group-5AFFAA4212DA-SegmentedRaftLogWorker"  prio=5 tid=1903 timed_waiting
java.lang.Thread.State: TIMED_WAITING
        at sun.misc.Unsafe.park(Native Method)
        at java.util.concurrent.locks.LockSupport.parkNanos(LockSupport.java:215)
        at java.util.concurrent.locks.AbstractQueuedSynchronizer$ConditionObject.awaitNanos(AbstractQueuedSynchronizer.java:2078)
        at org.apache.ratis.util.DataBlockingQueue.poll(DataBlockingQueue.java:137)
        at org.apache.ratis.server.raftlog.segmented.SegmentedRaftLogWorker.run(SegmentedRaftLogWorker.java:282)
        at java.lang.Thread.run(Thread.java:748)
"qtp1570597614-1654" daemon prio=5 tid=1654 timed_waiting
java.lang.Thread.State: TIMED_WAITING
        at sun.misc.Unsafe.park(Native Method)
        at java.util.concurrent.locks.LockSupport.parkNanos(LockSupport.java:215)
        at java.util.concurrent.locks.AbstractQueuedSynchronizer$ConditionObject.awaitNanos(AbstractQueuedSynchronizer.java:2078)
        at org.eclipse.jetty.util.BlockingArrayQueue.poll(BlockingArrayQueue.java:392)
        at org.eclipse.jetty.util.thread.QueuedThreadPool.idleJobPoll(QueuedThreadPool.java:563)
        at org.eclipse.jetty.util.thread.QueuedThreadPool.access$800(QueuedThreadPool.java:48)
        at org.eclipse.jetty.util.thread.QueuedThreadPool$2.run(QueuedThreadPool.java:626)
        at java.lang.Thread.run(Thread.java:748)
"BlockDeletingService#0" daemon prio=5 tid=1736 timed_waiting
java.lang.Thread.State: TIMED_WAITING
        at sun.misc.Unsafe.park(Native Method)
        at java.util.concurrent.locks.LockSupport.parkNanos(LockSupport.java:215)
        at java.util.concurrent.locks.AbstractQueuedSynchronizer$ConditionObject.awaitNanos(AbstractQueuedSynchronizer.java:2078)
        at java.util.concurrent.ScheduledThreadPoolExecutor$DelayedWorkQueue.take(ScheduledThreadPoolExecutor.java:1093)
        at java.util.concurrent.ScheduledThreadPoolExecutor$DelayedWorkQueue.take(ScheduledThreadPoolExecutor.java:809)
        at java.util.concurrent.ThreadPoolExecutor.getTask(ThreadPoolExecutor.java:1074)
        at java.util.concurrent.ThreadPoolExecutor.runWorker(ThreadPoolExecutor.java:1134)
        at java.util.concurrent.ThreadPoolExecutor$Worker.run(ThreadPoolExecutor.java:624)
        at java.lang.Thread.run(Thread.java:748)
"metrics-hadoop-metrics2-reporter-21-thread-1" daemon prio=5 tid=750 timed_waiting
java.lang.Thread.State: TIMED_WAITING
        at sun.misc.Unsafe.park(Native Method)
        at java.util.concurrent.locks.LockSupport.parkNanos(LockSupport.java:215)
        at java.util.concurrent.locks.AbstractQueuedSynchronizer$ConditionObject.awaitNanos(AbstractQueuedSynchronizer.java:2078)
        at java.util.concurrent.ScheduledThreadPoolExecutor$DelayedWorkQueue.take(ScheduledThreadPoolExecutor.java:1093)
        at java.util.concurrent.ScheduledThreadPoolExecutor$DelayedWorkQueue.take(ScheduledThreadPoolExecutor.java:809)
        at java.util.concurrent.ThreadPoolExecutor.getTask(ThreadPoolExecutor.java:1074)
        at java.util.concurrent.ThreadPoolExecutor.runWorker(ThreadPoolExecutor.java:1134)
        at java.util.concurrent.ThreadPoolExecutor$Worker.run(ThreadPoolExecutor.java:624)
        at java.lang.Thread.run(Thread.java:748)
"metrics-hadoop-metrics2-reporter-38-thread-1" daemon prio=5 tid=805 timed_waiting
java.lang.Thread.State: TIMED_WAITING
        at sun.misc.Unsafe.park(Native Method)
        at java.util.concurrent.locks.LockSupport.parkNanos(LockSupport.java:215)
        at java.util.concurrent.locks.AbstractQueuedSynchronizer$ConditionObject.awaitNanos(AbstractQueuedSynchronizer.java:2078)
        at java.util.concurrent.ScheduledThreadPoolExecutor$DelayedWorkQueue.take(ScheduledThreadPoolExecutor.java:1093)
        at java.util.concurrent.ScheduledThreadPoolExecutor$DelayedWorkQueue.take(ScheduledThreadPoolExecutor.java:809)
        at java.util.concurrent.ThreadPoolExecutor.getTask(ThreadPoolExecutor.java:1074)
        at java.util.concurrent.ThreadPoolExecutor.runWorker(ThreadPoolExecutor.java:1134)
        at java.util.concurrent.ThreadPoolExecutor$Worker.run(ThreadPoolExecutor.java:624)
        at java.lang.Thread.run(Thread.java:748)
"IPC Server handler 14 on 46609" daemon prio=5 tid=1105 timed_waiting
java.lang.Thread.State: TIMED_WAITING
        at sun.misc.Unsafe.park(Native Method)
        at java.util.concurrent.locks.LockSupport.parkNanos(LockSupport.java:215)
        at java.util.concurrent.locks.AbstractQueuedSynchronizer$ConditionObject.awaitNanos(AbstractQueuedSynchronizer.java:2078)
        at java.util.concurrent.LinkedBlockingQueue.poll(LinkedBlockingQueue.java:467)
        at org.apache.hadoop.ipc.CallQueueManager.take(CallQueueManager.java:288)
        at org.apache.hadoop.ipc.Server$Handler.run(Server.java:2668)
"Datanode ReportManager Thread - 3" daemon prio=5 tid=229 timed_waiting
java.lang.Thread.State: TIMED_WAITING
        at sun.misc.Unsafe.park(Native Method)
        at java.util.concurrent.locks.LockSupport.parkNanos(LockSupport.java:215)
        at java.util.concurrent.locks.AbstractQueuedSynchronizer$ConditionObject.awaitNanos(AbstractQueuedSynchronizer.java:2078)
        at java.util.concurrent.ScheduledThreadPoolExecutor$DelayedWorkQueue.take(ScheduledThreadPoolExecutor.java:1093)
        at java.util.concurrent.ScheduledThreadPoolExecutor$DelayedWorkQueue.take(ScheduledThreadPoolExecutor.java:809)
        at java.util.concurrent.ThreadPoolExecutor.getTask(ThreadPoolExecutor.java:1074)
        at java.util.concurrent.ThreadPoolExecutor.runWorker(ThreadPoolExecutor.java:1134)
        at java.util.concurrent.ThreadPoolExecutor$Worker.run(ThreadPoolExecutor.java:624)
        at java.lang.Thread.run(Thread.java:748)
"IPC Server handler 16 on 38131" daemon prio=5 tid=1147 timed_waiting
java.lang.Thread.State: TIMED_WAITING
        at sun.misc.Unsafe.park(Native Method)
        at java.util.concurrent.locks.LockSupport.parkNanos(LockSupport.java:215)
        at java.util.concurrent.locks.AbstractQueuedSynchronizer$ConditionObject.awaitNanos(AbstractQueuedSynchronizer.java:2078)
        at java.util.concurrent.LinkedBlockingQueue.poll(LinkedBlockingQueue.java:467)
        at org.apache.hadoop.ipc.CallQueueManager.take(CallQueueManager.java:288)
        at org.apache.hadoop.ipc.Server$Handler.run(Server.java:2668)
"metrics-hadoop-metrics2-reporter-64-thread-1" daemon prio=5 tid=983 timed_waiting
java.lang.Thread.State: TIMED_WAITING
        at sun.misc.Unsafe.park(Native Method)
        at java.util.concurrent.locks.LockSupport.parkNanos(LockSupport.java:215)
        at java.util.concurrent.locks.AbstractQueuedSynchronizer$ConditionObject.awaitNanos(AbstractQueuedSynchronizer.java:2078)
        at java.util.concurrent.ScheduledThreadPoolExecutor$DelayedWorkQueue.take(ScheduledThreadPoolExecutor.java:1093)
        at java.util.concurrent.ScheduledThreadPoolExecutor$DelayedWorkQueue.take(ScheduledThreadPoolExecutor.java:809)
        at java.util.concurrent.ThreadPoolExecutor.getTask(ThreadPoolExecutor.java:1074)
        at java.util.concurrent.ThreadPoolExecutor.runWorker(ThreadPoolExecutor.java:1134)
        at java.util.concurrent.ThreadPoolExecutor$Worker.run(ThreadPoolExecutor.java:624)
        at java.lang.Thread.run(Thread.java:748)
"metrics-hadoop-metrics2-reporter-16-thread-1" daemon prio=5 tid=739 timed_waiting
java.lang.Thread.State: TIMED_WAITING
        at sun.misc.Unsafe.park(Native Method)
        at java.util.concurrent.locks.LockSupport.parkNanos(LockSupport.java:215)
        at java.util.concurrent.locks.AbstractQueuedSynchronizer$ConditionObject.awaitNanos(AbstractQueuedSynchronizer.java:2078)
        at java.util.concurrent.ScheduledThreadPoolExecutor$DelayedWorkQueue.take(ScheduledThreadPoolExecutor.java:1093)
        at java.util.concurrent.ScheduledThreadPoolExecutor$DelayedWorkQueue.take(ScheduledThreadPoolExecutor.java:809)
        at java.util.concurrent.ThreadPoolExecutor.getTask(ThreadPoolExecutor.java:1074)
        at java.util.concurrent.ThreadPoolExecutor.runWorker(ThreadPoolExecutor.java:1134)
        at java.util.concurrent.ThreadPoolExecutor$Worker.run(ThreadPoolExecutor.java:624)
        at java.lang.Thread.run(Thread.java:748)
"IPC Server handler 8 on 46609" daemon prio=5 tid=1099 timed_waiting
java.lang.Thread.State: TIMED_WAITING
        at sun.misc.Unsafe.park(Native Method)
        at java.util.concurrent.locks.LockSupport.parkNanos(LockSupport.java:215)
        at java.util.concurrent.locks.AbstractQueuedSynchronizer$ConditionObject.awaitNanos(AbstractQueuedSynchronizer.java:2078)
        at java.util.concurrent.LinkedBlockingQueue.poll(LinkedBlockingQueue.java:467)
        at org.apache.hadoop.ipc.CallQueueManager.take(CallQueueManager.java:288)
        at org.apache.hadoop.ipc.Server$Handler.run(Server.java:2668)
"qtp1410488616-1201" daemon prio=5 tid=1201 timed_waiting
java.lang.Thread.State: TIMED_WAITING
        at sun.misc.Unsafe.park(Native Method)
        at java.util.concurrent.locks.LockSupport.parkNanos(LockSupport.java:215)
        at java.util.concurrent.locks.AbstractQueuedSynchronizer$ConditionObject.awaitNanos(AbstractQueuedSynchronizer.java:2078)
        at org.eclipse.jetty.util.BlockingArrayQueue.poll(BlockingArrayQueue.java:392)
        at org.eclipse.jetty.util.thread.QueuedThreadPool.idleJobPoll(QueuedThreadPool.java:563)
        at org.eclipse.jetty.util.thread.QueuedThreadPool.access$800(QueuedThreadPool.java:48)
        at org.eclipse.jetty.util.thread.QueuedThreadPool$2.run(QueuedThreadPool.java:626)
        at java.lang.Thread.run(Thread.java:748)
"qtp1025473693-1157" daemon prio=5 tid=1157 timed_waiting
java.lang.Thread.State: TIMED_WAITING
        at sun.misc.Unsafe.park(Native Method)
        at java.util.concurrent.locks.LockSupport.parkNanos(LockSupport.java:215)
        at java.util.concurrent.locks.AbstractQueuedSynchronizer$ConditionObject.awaitNanos(AbstractQueuedSynchronizer.java:2078)
        at org.eclipse.jetty.util.BlockingArrayQueue.poll(BlockingArrayQueue.java:392)
        at org.eclipse.jetty.util.thread.QueuedThreadPool.idleJobPoll(QueuedThreadPool.java:563)
        at org.eclipse.jetty.util.thread.QueuedThreadPool.access$800(QueuedThreadPool.java:48)
        at org.eclipse.jetty.util.thread.QueuedThreadPool$2.run(QueuedThreadPool.java:626)
        at java.lang.Thread.run(Thread.java:748)
"IPC Server handler 5 on 38802" daemon prio=5 tid=1116 timed_waiting
java.lang.Thread.State: TIMED_WAITING
        at sun.misc.Unsafe.park(Native Method)
        at java.util.concurrent.locks.LockSupport.parkNanos(LockSupport.java:215)
        at java.util.concurrent.locks.AbstractQueuedSynchronizer$ConditionObject.awaitNanos(AbstractQueuedSynchronizer.java:2078)
        at java.util.concurrent.LinkedBlockingQueue.poll(LinkedBlockingQueue.java:467)
        at org.apache.hadoop.ipc.CallQueueManager.take(CallQueueManager.java:288)
        at org.apache.hadoop.ipc.Server$Handler.run(Server.java:2668)
"IPC Server handler 5 on 46609" daemon prio=5 tid=1096 timed_waiting
java.lang.Thread.State: TIMED_WAITING
        at sun.misc.Unsafe.park(Native Method)
        at java.util.concurrent.locks.LockSupport.parkNanos(LockSupport.java:215)
        at java.util.concurrent.locks.AbstractQueuedSynchronizer$ConditionObject.awaitNanos(AbstractQueuedSynchronizer.java:2078)
        at java.util.concurrent.LinkedBlockingQueue.poll(LinkedBlockingQueue.java:467)
        at org.apache.hadoop.ipc.CallQueueManager.take(CallQueueManager.java:288)
        at org.apache.hadoop.ipc.Server$Handler.run(Server.java:2668)
"org.apache.hadoop.util.JvmPauseMonitor$Monitor@51f1f8f8" daemon prio=5 tid=1666 timed_waiting
java.lang.Thread.State: TIMED_WAITING
        at java.lang.Thread.sleep(Native Method)
        at org.apache.hadoop.util.JvmPauseMonitor$Monitor.run(JvmPauseMonitor.java:192)
        at java.lang.Thread.run(Thread.java:748)
"DataNode DiskChecker thread 0" daemon prio=5 tid=1580 timed_waiting
java.lang.Thread.State: TIMED_WAITING
        at sun.misc.Unsafe.park(Native Method)
        at java.util.concurrent.locks.LockSupport.parkNanos(LockSupport.java:215)
        at java.util.concurrent.SynchronousQueue$TransferStack.awaitFulfill(SynchronousQueue.java:460)
        at java.util.concurrent.SynchronousQueue$TransferStack.transfer(SynchronousQueue.java:362)
        at java.util.concurrent.SynchronousQueue.poll(SynchronousQueue.java:941)
        at java.util.concurrent.ThreadPoolExecutor.getTask(ThreadPoolExecutor.java:1073)
        at java.util.concurrent.ThreadPoolExecutor.runWorker(ThreadPoolExecutor.java:1134)
        at java.util.concurrent.ThreadPoolExecutor$Worker.run(ThreadPoolExecutor.java:624)
        at java.lang.Thread.run(Thread.java:748)
"pool-158-thread-51"  prio=5 tid=1876 in Object.wait()
java.lang.Thread.State: WAITING (on object monitor)
        at sun.misc.Unsafe.park(Native Method)
        at java.util.concurrent.locks.LockSupport.park(LockSupport.java:175)
        at java.util.concurrent.locks.AbstractQueuedSynchronizer$ConditionObject.await(AbstractQueuedSynchronizer.java:2039)
        at java.util.concurrent.ArrayBlockingQueue.take(ArrayBlockingQueue.java:403)
        at java.util.concurrent.ThreadPoolExecutor.getTask(ThreadPoolExecutor.java:1074)
        at java.util.concurrent.ThreadPoolExecutor.runWorker(ThreadPoolExecutor.java:1134)
        at java.util.concurrent.ThreadPoolExecutor$Worker.run(ThreadPoolExecutor.java:624)
        at java.lang.Thread.run(Thread.java:748)
"IPC Server handler 18 on 38802" daemon prio=5 tid=1129 timed_waiting
java.lang.Thread.State: TIMED_WAITING
        at sun.misc.Unsafe.park(Native Method)
        at java.util.concurrent.locks.LockSupport.parkNanos(LockSupport.java:215)
        at java.util.concurrent.locks.AbstractQueuedSynchronizer$ConditionObject.awaitNanos(AbstractQueuedSynchronizer.java:2078)
        at java.util.concurrent.LinkedBlockingQueue.poll(LinkedBlockingQueue.java:467)
        at org.apache.hadoop.ipc.CallQueueManager.take(CallQueueManager.java:288)
        at org.apache.hadoop.ipc.Server$Handler.run(Server.java:2668)
"metrics-hadoop-metrics2-reporter-86-thread-1" daemon prio=5 tid=1500 timed_waiting
java.lang.Thread.State: TIMED_WAITING
        at sun.misc.Unsafe.park(Native Method)
        at java.util.concurrent.locks.LockSupport.parkNanos(LockSupport.java:215)
        at java.util.concurrent.locks.AbstractQueuedSynchronizer$ConditionObject.awaitNanos(AbstractQueuedSynchronizer.java:2078)
        at java.util.concurrent.ScheduledThreadPoolExecutor$DelayedWorkQueue.take(ScheduledThreadPoolExecutor.java:1093)
        at java.util.concurrent.ScheduledThreadPoolExecutor$DelayedWorkQueue.take(ScheduledThreadPoolExecutor.java:809)
        at java.util.concurrent.ThreadPoolExecutor.getTask(ThreadPoolExecutor.java:1074)
        at java.util.concurrent.ThreadPoolExecutor.runWorker(ThreadPoolExecutor.java:1134)
        at java.util.concurrent.ThreadPoolExecutor$Worker.run(ThreadPoolExecutor.java:624)
        at java.lang.Thread.run(Thread.java:748)
"d612b743-bedc-4c3f-983e-e3329f8a2e6f@group-DDD6BF56D535-StateMachineUpdater" daemon prio=5 tid=1658 in Object.wait()
java.lang.Thread.State: WAITING (on object monitor)
        at java.lang.Object.wait(Native Method)
        at java.lang.Object.wait(Object.java:502)
        at org.apache.ratis.server.impl.StateMachineUpdater.waitForCommit(StateMachineUpdater.java:194)
        at org.apache.ratis.server.impl.StateMachineUpdater.run(StateMachineUpdater.java:159)
        at java.lang.Thread.run(Thread.java:748)
"qtp1410488616-1197" daemon prio=5 tid=1197 timed_waiting
java.lang.Thread.State: TIMED_WAITING
        at sun.misc.Unsafe.park(Native Method)
        at java.util.concurrent.locks.LockSupport.parkNanos(LockSupport.java:215)
        at java.util.concurrent.locks.AbstractQueuedSynchronizer$ConditionObject.awaitNanos(AbstractQueuedSynchronizer.java:2078)
        at org.eclipse.jetty.util.BlockingArrayQueue.poll(BlockingArrayQueue.java:392)
        at org.eclipse.jetty.util.thread.QueuedThreadPool.idleJobPoll(QueuedThreadPool.java:563)
        at org.eclipse.jetty.util.thread.QueuedThreadPool.access$800(QueuedThreadPool.java:48)
        at org.eclipse.jetty.util.thread.QueuedThreadPool$2.run(QueuedThreadPool.java:626)
        at java.lang.Thread.run(Thread.java:748)
"metrics-hadoop-metrics2-reporter-84-thread-1" daemon prio=5 tid=1494 timed_waiting
java.lang.Thread.State: TIMED_WAITING
        at sun.misc.Unsafe.park(Native Method)
        at java.util.concurrent.locks.LockSupport.parkNanos(LockSupport.java:215)
        at java.util.concurrent.locks.AbstractQueuedSynchronizer$ConditionObject.awaitNanos(AbstractQueuedSynchronizer.java:2078)
        at java.util.concurrent.ScheduledThreadPoolExecutor$DelayedWorkQueue.take(ScheduledThreadPoolExecutor.java:1093)
        at java.util.concurrent.ScheduledThreadPoolExecutor$DelayedWorkQueue.take(ScheduledThreadPoolExecutor.java:809)
        at java.util.concurrent.ThreadPoolExecutor.getTask(ThreadPoolExecutor.java:1074)
        at java.util.concurrent.ThreadPoolExecutor.runWorker(ThreadPoolExecutor.java:1134)
        at java.util.concurrent.ThreadPoolExecutor$Worker.run(ThreadPoolExecutor.java:624)
        at java.lang.Thread.run(Thread.java:748)
"IPC Server handler 6 on 46609" daemon prio=5 tid=1097 timed_waiting
java.lang.Thread.State: TIMED_WAITING
        at sun.misc.Unsafe.park(Native Method)
        at java.util.concurrent.locks.LockSupport.parkNanos(LockSupport.java:215)
        at java.util.concurrent.locks.AbstractQueuedSynchronizer$ConditionObject.awaitNanos(AbstractQueuedSynchronizer.java:2078)
        at java.util.concurrent.LinkedBlockingQueue.poll(LinkedBlockingQueue.java:467)
        at org.apache.hadoop.ipc.CallQueueManager.take(CallQueueManager.java:288)
        at org.apache.hadoop.ipc.Server$Handler.run(Server.java:2668)
"metrics-hadoop-metrics2-reporter-93-thread-1" daemon prio=5 tid=1517 timed_waiting
java.lang.Thread.State: TIMED_WAITING
        at sun.misc.Unsafe.park(Native Method)
        at java.util.concurrent.locks.LockSupport.parkNanos(LockSupport.java:215)
        at java.util.concurrent.locks.AbstractQueuedSynchronizer$ConditionObject.awaitNanos(AbstractQueuedSynchronizer.java:2078)
        at java.util.concurrent.ScheduledThreadPoolExecutor$DelayedWorkQueue.take(ScheduledThreadPoolExecutor.java:1093)
        at java.util.concurrent.ScheduledThreadPoolExecutor$DelayedWorkQueue.take(ScheduledThreadPoolExecutor.java:809)
        at java.util.concurrent.ThreadPoolExecutor.getTask(ThreadPoolExecutor.java:1074)
        at java.util.concurrent.ThreadPoolExecutor.runWorker(ThreadPoolExecutor.java:1134)
        at java.util.concurrent.ThreadPoolExecutor$Worker.run(ThreadPoolExecutor.java:624)
        at java.lang.Thread.run(Thread.java:748)
"IPC Server handler 19 on 45184" daemon prio=5 tid=1193 timed_waiting
java.lang.Thread.State: TIMED_WAITING
        at sun.misc.Unsafe.park(Native Method)
        at java.util.concurrent.locks.LockSupport.parkNanos(LockSupport.java:215)
        at java.util.concurrent.locks.AbstractQueuedSynchronizer$ConditionObject.awaitNanos(AbstractQueuedSynchronizer.java:2078)
        at java.util.concurrent.LinkedBlockingQueue.poll(LinkedBlockingQueue.java:467)
        at org.apache.hadoop.ipc.CallQueueManager.take(CallQueueManager.java:288)
        at org.apache.hadoop.ipc.Server$Handler.run(Server.java:2668)
"ReplicationMonitor" daemon prio=5 tid=1567 timed_waiting
java.lang.Thread.State: TIMED_WAITING
        at java.lang.Object.wait(Native Method)
        at org.apache.hadoop.hdds.scm.container.ReplicationManager.run(ReplicationManager.java:229)
        at org.apache.hadoop.hdds.scm.container.ReplicationManager$$Lambda$574/1035900766.run(Unknown Source)
        at java.lang.Thread.run(Thread.java:748)
"IPC Server handler 18 on 46609" daemon prio=5 tid=1109 timed_waiting
java.lang.Thread.State: TIMED_WAITING
        at sun.misc.Unsafe.park(Native Method)
        at java.util.concurrent.locks.LockSupport.parkNanos(LockSupport.java:215)
        at java.util.concurrent.locks.AbstractQueuedSynchronizer$ConditionObject.awaitNanos(AbstractQueuedSynchronizer.java:2078)
        at java.util.concurrent.LinkedBlockingQueue.poll(LinkedBlockingQueue.java:467)
        at org.apache.hadoop.ipc.CallQueueManager.take(CallQueueManager.java:288)
        at org.apache.hadoop.ipc.Server$Handler.run(Server.java:2668)
"Reference Handler" daemon prio=10 tid=2 in Object.wait()
java.lang.Thread.State: WAITING (on object monitor)
        at java.lang.Object.wait(Native Method)
        at java.lang.Object.wait(Object.java:502)
        at java.lang.ref.Reference.tryHandlePending(Reference.java:191)
        at java.lang.ref.Reference$ReferenceHandler.run(Reference.java:153)
"IPC Parameter Sending Thread #0" daemon prio=5 tid=106 timed_waiting
java.lang.Thread.State: TIMED_WAITING
        at sun.misc.Unsafe.park(Native Method)
        at java.util.concurrent.locks.LockSupport.parkNanos(LockSupport.java:215)
        at java.util.concurrent.SynchronousQueue$TransferStack.awaitFulfill(SynchronousQueue.java:460)
        at java.util.concurrent.SynchronousQueue$TransferStack.transfer(SynchronousQueue.java:362)
        at java.util.concurrent.SynchronousQueue.poll(SynchronousQueue.java:941)
        at java.util.concurrent.ThreadPoolExecutor.getTask(ThreadPoolExecutor.java:1073)
        at java.util.concurrent.ThreadPoolExecutor.runWorker(ThreadPoolExecutor.java:1134)
        at java.util.concurrent.ThreadPoolExecutor$Worker.run(ThreadPoolExecutor.java:624)
        at java.lang.Thread.run(Thread.java:748)
"pool-148-thread-53"  prio=5 tid=1800 in Object.wait()
java.lang.Thread.State: WAITING (on object monitor)
        at sun.misc.Unsafe.park(Native Method)
        at java.util.concurrent.locks.LockSupport.park(LockSupport.java:175)
        at java.util.concurrent.locks.AbstractQueuedSynchronizer$ConditionObject.await(AbstractQueuedSynchronizer.java:2039)
        at java.util.concurrent.ArrayBlockingQueue.take(ArrayBlockingQueue.java:403)
        at java.util.concurrent.ThreadPoolExecutor.getTask(ThreadPoolExecutor.java:1074)
        at java.util.concurrent.ThreadPoolExecutor.runWorker(ThreadPoolExecutor.java:1134)
        at java.util.concurrent.ThreadPoolExecutor$Worker.run(ThreadPoolExecutor.java:624)
        at java.lang.Thread.run(Thread.java:748)
"pool-148-thread-18"  prio=5 tid=1764 in Object.wait()
java.lang.Thread.State: WAITING (on object monitor)
        at sun.misc.Unsafe.park(Native Method)
        at java.util.concurrent.locks.LockSupport.park(LockSupport.java:175)
        at java.util.concurrent.locks.AbstractQueuedSynchronizer$ConditionObject.await(AbstractQueuedSynchronizer.java:2039)
        at java.util.concurrent.ArrayBlockingQueue.take(ArrayBlockingQueue.java:403)
        at java.util.concurrent.ThreadPoolExecutor.getTask(ThreadPoolExecutor.java:1074)
        at java.util.concurrent.ThreadPoolExecutor.runWorker(ThreadPoolExecutor.java:1134)
        at java.util.concurrent.ThreadPoolExecutor$Worker.run(ThreadPoolExecutor.java:624)
        at java.lang.Thread.run(Thread.java:748)
"Timer-2"  prio=5 tid=1171 timed_waiting
java.lang.Thread.State: TIMED_WAITING
        at java.lang.Object.wait(Native Method)
        at java.util.TimerThread.mainLoop(Timer.java:552)
        at java.util.TimerThread.run(Timer.java:505)
"java.util.concurrent.ThreadPoolExecutor$Worker@57a6b399[State = -1, empty queue]" daemon prio=5 tid=1967 timed_waiting
java.lang.Thread.State: TIMED_WAITING
        at sun.misc.Unsafe.park(Native Method)
        at java.util.concurrent.locks.LockSupport.parkNanos(LockSupport.java:215)
        at java.util.concurrent.locks.AbstractQueuedSynchronizer$ConditionObject.awaitNanos(AbstractQueuedSynchronizer.java:2078)
        at java.util.concurrent.ScheduledThreadPoolExecutor$DelayedWorkQueue.take(ScheduledThreadPoolExecutor.java:1093)
        at java.util.concurrent.ScheduledThreadPoolExecutor$DelayedWorkQueue.take(ScheduledThreadPoolExecutor.java:809)
        at java.util.concurrent.ThreadPoolExecutor.getTask(ThreadPoolExecutor.java:1074)
        at java.util.concurrent.ThreadPoolExecutor.runWorker(ThreadPoolExecutor.java:1134)
        at java.util.concurrent.ThreadPoolExecutor$Worker.run(ThreadPoolExecutor.java:624)
        at java.lang.Thread.run(Thread.java:748)
"Datanode ReportManager Thread - 0" daemon prio=5 tid=1280 in Object.wait()
java.lang.Thread.State: WAITING (on object monitor)
        at sun.misc.Unsafe.park(Native Method)
        at java.util.concurrent.locks.LockSupport.park(LockSupport.java:175)
        at java.util.concurrent.locks.AbstractQueuedSynchronizer$ConditionObject.await(AbstractQueuedSynchronizer.java:2039)
        at java.util.concurrent.ScheduledThreadPoolExecutor$DelayedWorkQueue.take(ScheduledThreadPoolExecutor.java:1088)
        at java.util.concurrent.ScheduledThreadPoolExecutor$DelayedWorkQueue.take(ScheduledThreadPoolExecutor.java:809)
        at java.util.concurrent.ThreadPoolExecutor.getTask(ThreadPoolExecutor.java:1074)
        at java.util.concurrent.ThreadPoolExecutor.runWorker(ThreadPoolExecutor.java:1134)
        at java.util.concurrent.ThreadPoolExecutor$Worker.run(ThreadPoolExecutor.java:624)
        at java.lang.Thread.run(Thread.java:748)
"pool-138-thread-5"  prio=5 tid=1676 in Object.wait()
java.lang.Thread.State: WAITING (on object monitor)
        at sun.misc.Unsafe.park(Native Method)
        at java.util.concurrent.locks.LockSupport.park(LockSupport.java:175)
        at java.util.concurrent.locks.AbstractQueuedSynchronizer$ConditionObject.await(AbstractQueuedSynchronizer.java:2039)
        at java.util.concurrent.ArrayBlockingQueue.take(ArrayBlockingQueue.java:403)
        at java.util.concurrent.ThreadPoolExecutor.getTask(ThreadPoolExecutor.java:1074)
        at java.util.concurrent.ThreadPoolExecutor.runWorker(ThreadPoolExecutor.java:1134)
        at java.util.concurrent.ThreadPoolExecutor$Worker.run(ThreadPoolExecutor.java:624)
        at java.lang.Thread.run(Thread.java:748)
"DataNode DiskChecker thread 0" daemon prio=5 tid=1608 timed_waiting
java.lang.Thread.State: TIMED_WAITING
        at sun.misc.Unsafe.park(Native Method)
        at java.util.concurrent.locks.LockSupport.parkNanos(LockSupport.java:215)
        at java.util.concurrent.SynchronousQueue$TransferStack.awaitFulfill(SynchronousQueue.java:460)
        at java.util.concurrent.SynchronousQueue$TransferStack.transfer(SynchronousQueue.java:362)
        at java.util.concurrent.SynchronousQueue.poll(SynchronousQueue.java:941)
        at java.util.concurrent.ThreadPoolExecutor.getTask(ThreadPoolExecutor.java:1073)
        at java.util.concurrent.ThreadPoolExecutor.runWorker(ThreadPoolExecutor.java:1134)
        at java.util.concurrent.ThreadPoolExecutor$Worker.run(ThreadPoolExecutor.java:624)
        at java.lang.Thread.run(Thread.java:748)
"IPC Server handler 3 on 38131" daemon prio=5 tid=1134 timed_waiting
java.lang.Thread.State: TIMED_WAITING
        at sun.misc.Unsafe.park(Native Method)
        at java.util.concurrent.locks.LockSupport.parkNanos(LockSupport.java:215)
        at java.util.concurrent.locks.AbstractQueuedSynchronizer$ConditionObject.awaitNanos(AbstractQueuedSynchronizer.java:2078)
        at java.util.concurrent.LinkedBlockingQueue.poll(LinkedBlockingQueue.java:467)
        at org.apache.hadoop.ipc.CallQueueManager.take(CallQueueManager.java:288)
        at org.apache.hadoop.ipc.Server$Handler.run(Server.java:2668)
"OMDoubleBufferFlushThread" daemon prio=5 tid=1166 timed_waiting
java.lang.Thread.State: TIMED_WAITING
        at java.lang.Object.wait(Native Method)
        at org.apache.hadoop.ozone.om.ratis.OzoneManagerDoubleBuffer.canFlush(OzoneManagerDoubleBuffer.java:322)
        at org.apache.hadoop.ozone.om.ratis.OzoneManagerDoubleBuffer.flushTransactions(OzoneManagerDoubleBuffer.java:130)
        at org.apache.hadoop.ozone.om.ratis.OzoneManagerDoubleBuffer$$Lambda$49/1145812390.run(Unknown Source)
        at java.lang.Thread.run(Thread.java:748)
"Datanode ReportManager Thread - 1" daemon prio=5 tid=1254 in Object.wait()
java.lang.Thread.State: WAITING (on object monitor)
        at sun.misc.Unsafe.park(Native Method)
        at java.util.concurrent.locks.LockSupport.park(LockSupport.java:175)
        at java.util.concurrent.locks.AbstractQueuedSynchronizer$ConditionObject.await(AbstractQueuedSynchronizer.java:2039)
        at java.util.concurrent.ScheduledThreadPoolExecutor$DelayedWorkQueue.take(ScheduledThreadPoolExecutor.java:1088)
        at java.util.concurrent.ScheduledThreadPoolExecutor$DelayedWorkQueue.take(ScheduledThreadPoolExecutor.java:809)
        at java.util.concurrent.ThreadPoolExecutor.getTask(ThreadPoolExecutor.java:1074)
        at java.util.concurrent.ThreadPoolExecutor.runWorker(ThreadPoolExecutor.java:1134)
        at java.util.concurrent.ThreadPoolExecutor$Worker.run(ThreadPoolExecutor.java:624)
        at java.lang.Thread.run(Thread.java:748)
"metrics-hadoop-metrics2-reporter-10-thread-1" daemon prio=5 tid=725 timed_waiting
java.lang.Thread.State: TIMED_WAITING
        at sun.misc.Unsafe.park(Native Method)
        at java.util.concurrent.locks.LockSupport.parkNanos(LockSupport.java:215)
        at java.util.concurrent.locks.AbstractQueuedSynchronizer$ConditionObject.awaitNanos(AbstractQueuedSynchronizer.java:2078)
        at java.util.concurrent.ScheduledThreadPoolExecutor$DelayedWorkQueue.take(ScheduledThreadPoolExecutor.java:1093)
        at java.util.concurrent.ScheduledThreadPoolExecutor$DelayedWorkQueue.take(ScheduledThreadPoolExecutor.java:809)
        at java.util.concurrent.ThreadPoolExecutor.getTask(ThreadPoolExecutor.java:1074)
        at java.util.concurrent.ThreadPoolExecutor.runWorker(ThreadPoolExecutor.java:1134)
        at java.util.concurrent.ThreadPoolExecutor$Worker.run(ThreadPoolExecutor.java:624)
        at java.lang.Thread.run(Thread.java:748)
"metrics-hadoop-metrics2-reporter-77-thread-1" daemon prio=5 tid=1028 timed_waiting
java.lang.Thread.State: TIMED_WAITING
        at sun.misc.Unsafe.park(Native Method)
        at java.util.concurrent.locks.LockSupport.parkNanos(LockSupport.java:215)
        at java.util.concurrent.locks.AbstractQueuedSynchronizer$ConditionObject.awaitNanos(AbstractQueuedSynchronizer.java:2078)
        at java.util.concurrent.ScheduledThreadPoolExecutor$DelayedWorkQueue.take(ScheduledThreadPoolExecutor.java:1093)
        at java.util.concurrent.ScheduledThreadPoolExecutor$DelayedWorkQueue.take(ScheduledThreadPoolExecutor.java:809)
        at java.util.concurrent.ThreadPoolExecutor.getTask(ThreadPoolExecutor.java:1074)
        at java.util.concurrent.ThreadPoolExecutor.runWorker(ThreadPoolExecutor.java:1134)
        at java.util.concurrent.ThreadPoolExecutor$Worker.run(ThreadPoolExecutor.java:624)
        at java.lang.Thread.run(Thread.java:748)
"IPC Server handler 8 on 38802" daemon prio=5 tid=1119 timed_waiting
java.lang.Thread.State: TIMED_WAITING
        at sun.misc.Unsafe.park(Native Method)
        at java.util.concurrent.locks.LockSupport.parkNanos(LockSupport.java:215)
        at java.util.concurrent.locks.AbstractQueuedSynchronizer$ConditionObject.awaitNanos(AbstractQueuedSynchronizer.java:2078)
        at java.util.concurrent.LinkedBlockingQueue.poll(LinkedBlockingQueue.java:467)
        at org.apache.hadoop.ipc.CallQueueManager.take(CallQueueManager.java:288)
        at org.apache.hadoop.ipc.Server$Handler.run(Server.java:2668)
"qtp734928767-1619" daemon prio=5 tid=1619 timed_waiting
java.lang.Thread.State: TIMED_WAITING
        at sun.misc.Unsafe.park(Native Method)
        at java.util.concurrent.locks.LockSupport.parkNanos(LockSupport.java:215)
        at java.util.concurrent.locks.AbstractQueuedSynchronizer$ConditionObject.awaitNanos(AbstractQueuedSynchronizer.java:2078)
        at org.eclipse.jetty.util.BlockingArrayQueue.poll(BlockingArrayQueue.java:392)
        at org.eclipse.jetty.util.thread.QueuedThreadPool.idleJobPoll(QueuedThreadPool.java:563)
        at org.eclipse.jetty.util.thread.QueuedThreadPool.access$800(QueuedThreadPool.java:48)
        at org.eclipse.jetty.util.thread.QueuedThreadPool$2.run(QueuedThreadPool.java:626)
        at java.lang.Thread.run(Thread.java:748)
"EventQueue-ContainerReportForContainerReportHandler" daemon prio=5 tid=1477 in Object.wait()
java.lang.Thread.State: WAITING (on object monitor)
        at sun.misc.Unsafe.park(Native Method)
        at java.util.concurrent.locks.LockSupport.park(LockSupport.java:175)
        at java.util.concurrent.locks.AbstractQueuedSynchronizer$ConditionObject.await(AbstractQueuedSynchronizer.java:2039)
        at java.util.concurrent.LinkedBlockingQueue.take(LinkedBlockingQueue.java:442)
        at java.util.concurrent.ThreadPoolExecutor.getTask(ThreadPoolExecutor.java:1074)
        at java.util.concurrent.ThreadPoolExecutor.runWorker(ThreadPoolExecutor.java:1134)
        at java.util.concurrent.ThreadPoolExecutor$Worker.run(ThreadPoolExecutor.java:624)
        at java.lang.Thread.run(Thread.java:748)
"org.eclipse.jetty.server.session.HashSessionManager@70e396a1Timer" daemon prio=5 tid=1655 timed_waiting
java.lang.Thread.State: TIMED_WAITING
        at sun.misc.Unsafe.park(Native Method)
        at java.util.concurrent.locks.LockSupport.parkNanos(LockSupport.java:215)
        at java.util.concurrent.locks.AbstractQueuedSynchronizer$ConditionObject.awaitNanos(AbstractQueuedSynchronizer.java:2078)
        at java.util.concurrent.ScheduledThreadPoolExecutor$DelayedWorkQueue.take(ScheduledThreadPoolExecutor.java:1093)
        at java.util.concurrent.ScheduledThreadPoolExecutor$DelayedWorkQueue.take(ScheduledThreadPoolExecutor.java:809)
        at java.util.concurrent.ThreadPoolExecutor.getTask(ThreadPoolExecutor.java:1074)
        at java.util.concurrent.ThreadPoolExecutor.runWorker(ThreadPoolExecutor.java:1134)
        at java.util.concurrent.ThreadPoolExecutor$Worker.run(ThreadPoolExecutor.java:624)
        at java.lang.Thread.run(Thread.java:748)
"pool-158-thread-31"  prio=5 tid=1855 in Object.wait()
java.lang.Thread.State: WAITING (on object monitor)
        at sun.misc.Unsafe.park(Native Method)
        at java.util.concurrent.locks.LockSupport.park(LockSupport.java:175)
        at java.util.concurrent.locks.AbstractQueuedSynchronizer$ConditionObject.await(AbstractQueuedSynchronizer.java:2039)
        at java.util.concurrent.ArrayBlockingQueue.take(ArrayBlockingQueue.java:403)
        at java.util.concurrent.ThreadPoolExecutor.getTask(ThreadPoolExecutor.java:1074)
        at java.util.concurrent.ThreadPoolExecutor.runWorker(ThreadPoolExecutor.java:1134)
        at java.util.concurrent.ThreadPoolExecutor$Worker.run(ThreadPoolExecutor.java:624)
        at java.lang.Thread.run(Thread.java:748)
"metrics-hadoop-metrics2-reporter-45-thread-1" daemon prio=5 tid=843 timed_waiting
java.lang.Thread.State: TIMED_WAITING
        at sun.misc.Unsafe.park(Native Method)
        at java.util.concurrent.locks.LockSupport.parkNanos(LockSupport.java:215)
        at java.util.concurrent.locks.AbstractQueuedSynchronizer$ConditionObject.awaitNanos(AbstractQueuedSynchronizer.java:2078)
        at java.util.concurrent.ScheduledThreadPoolExecutor$DelayedWorkQueue.take(ScheduledThreadPoolExecutor.java:1093)
        at java.util.concurrent.ScheduledThreadPoolExecutor$DelayedWorkQueue.take(ScheduledThreadPoolExecutor.java:809)
        at java.util.concurrent.ThreadPoolExecutor.getTask(ThreadPoolExecutor.java:1074)
        at java.util.concurrent.ThreadPoolExecutor.runWorker(ThreadPoolExecutor.java:1134)
        at java.util.concurrent.ThreadPoolExecutor$Worker.run(ThreadPoolExecutor.java:624)
        at java.lang.Thread.run(Thread.java:748)
"pool-138-thread-39"  prio=5 tid=1710 in Object.wait()
java.lang.Thread.State: WAITING (on object monitor)
        at sun.misc.Unsafe.park(Native Method)
        at java.util.concurrent.locks.LockSupport.park(LockSupport.java:175)
        at java.util.concurrent.locks.AbstractQueuedSynchronizer$ConditionObject.await(AbstractQueuedSynchronizer.java:2039)
        at java.util.concurrent.ArrayBlockingQueue.take(ArrayBlockingQueue.java:403)
        at java.util.concurrent.ThreadPoolExecutor.getTask(ThreadPoolExecutor.java:1074)
        at java.util.concurrent.ThreadPoolExecutor.runWorker(ThreadPoolExecutor.java:1134)
        at java.util.concurrent.ThreadPoolExecutor$Worker.run(ThreadPoolExecutor.java:624)
        at java.lang.Thread.run(Thread.java:748)
"metrics-hadoop-metrics2-reporter-19-thread-1" daemon prio=5 tid=746 timed_waiting
java.lang.Thread.State: TIMED_WAITING
        at sun.misc.Unsafe.park(Native Method)
        at java.util.concurrent.locks.LockSupport.parkNanos(LockSupport.java:215)
        at java.util.concurrent.locks.AbstractQueuedSynchronizer$ConditionObject.awaitNanos(AbstractQueuedSynchronizer.java:2078)
        at java.util.concurrent.ScheduledThreadPoolExecutor$DelayedWorkQueue.take(ScheduledThreadPoolExecutor.java:1093)
        at java.util.concurrent.ScheduledThreadPoolExecutor$DelayedWorkQueue.take(ScheduledThreadPoolExecutor.java:809)
        at java.util.concurrent.ThreadPoolExecutor.getTask(ThreadPoolExecutor.java:1074)
        at java.util.concurrent.ThreadPoolExecutor.runWorker(ThreadPoolExecutor.java:1134)
        at java.util.concurrent.ThreadPoolExecutor$Worker.run(ThreadPoolExecutor.java:624)
        at java.lang.Thread.run(Thread.java:748)
"process reaper" daemon prio=10 tid=10 timed_waiting
java.lang.Thread.State: TIMED_WAITING
        at sun.misc.Unsafe.park(Native Method)
        at java.util.concurrent.locks.LockSupport.parkNanos(LockSupport.java:215)
        at java.util.concurrent.SynchronousQueue$TransferStack.awaitFulfill(SynchronousQueue.java:460)
        at java.util.concurrent.SynchronousQueue$TransferStack.transfer(SynchronousQueue.java:362)
        at java.util.concurrent.SynchronousQueue.poll(SynchronousQueue.java:941)
        at java.util.concurrent.ThreadPoolExecutor.getTask(ThreadPoolExecutor.java:1073)
        at java.util.concurrent.ThreadPoolExecutor.runWorker(ThreadPoolExecutor.java:1134)
        at java.util.concurrent.ThreadPoolExecutor$Worker.run(ThreadPoolExecutor.java:624)
        at java.lang.Thread.run(Thread.java:748)
"pool-138-thread-48"  prio=5 tid=1719 in Object.wait()
java.lang.Thread.State: WAITING (on object monitor)
        at sun.misc.Unsafe.park(Native Method)
        at java.util.concurrent.locks.LockSupport.park(LockSupport.java:175)
        at java.util.concurrent.locks.AbstractQueuedSynchronizer$ConditionObject.await(AbstractQueuedSynchronizer.java:2039)
        at java.util.concurrent.ArrayBlockingQueue.take(ArrayBlockingQueue.java:403)
        at java.util.concurrent.ThreadPoolExecutor.getTask(ThreadPoolExecutor.java:1074)
        at java.util.concurrent.ThreadPoolExecutor.runWorker(ThreadPoolExecutor.java:1134)
        at java.util.concurrent.ThreadPoolExecutor$Worker.run(ThreadPoolExecutor.java:624)
        at java.lang.Thread.run(Thread.java:748)
"metrics-hadoop-metrics2-reporter-69-thread-1" daemon prio=5 tid=996 timed_waiting
java.lang.Thread.State: TIMED_WAITING
        at sun.misc.Unsafe.park(Native Method)
        at java.util.concurrent.locks.LockSupport.parkNanos(LockSupport.java:215)
        at java.util.concurrent.locks.AbstractQueuedSynchronizer$ConditionObject.awaitNanos(AbstractQueuedSynchronizer.java:2078)
        at java.util.concurrent.ScheduledThreadPoolExecutor$DelayedWorkQueue.take(ScheduledThreadPoolExecutor.java:1093)
        at java.util.concurrent.ScheduledThreadPoolExecutor$DelayedWorkQueue.take(ScheduledThreadPoolExecutor.java:809)
        at java.util.concurrent.ThreadPoolExecutor.getTask(ThreadPoolExecutor.java:1074)
        at java.util.concurrent.ThreadPoolExecutor.runWorker(ThreadPoolExecutor.java:1134)
        at java.util.concurrent.ThreadPoolExecutor$Worker.run(ThreadPoolExecutor.java:624)
        at java.lang.Thread.run(Thread.java:748)
"BlockDeletingService#1" daemon prio=5 tid=1811 in Object.wait()
java.lang.Thread.State: WAITING (on object monitor)
        at sun.misc.Unsafe.park(Native Method)
        at java.util.concurrent.locks.LockSupport.park(LockSupport.java:175)
        at java.util.concurrent.locks.AbstractQueuedSynchronizer$ConditionObject.await(AbstractQueuedSynchronizer.java:2039)
        at java.util.concurrent.ScheduledThreadPoolExecutor$DelayedWorkQueue.take(ScheduledThreadPoolExecutor.java:1088)
        at java.util.concurrent.ScheduledThreadPoolExecutor$DelayedWorkQueue.take(ScheduledThreadPoolExecutor.java:809)
        at java.util.concurrent.ThreadPoolExecutor.getTask(ThreadPoolExecutor.java:1074)
        at java.util.concurrent.ThreadPoolExecutor.runWorker(ThreadPoolExecutor.java:1134)
        at java.util.concurrent.ThreadPoolExecutor$Worker.run(ThreadPoolExecutor.java:624)
        at java.lang.Thread.run(Thread.java:748)
"metrics-hadoop-metrics2-reporter-88-thread-1" daemon prio=5 tid=1504 timed_waiting
java.lang.Thread.State: TIMED_WAITING
        at sun.misc.Unsafe.park(Native Method)
        at java.util.concurrent.locks.LockSupport.parkNanos(LockSupport.java:215)
        at java.util.concurrent.locks.AbstractQueuedSynchronizer$ConditionObject.awaitNanos(AbstractQueuedSynchronizer.java:2078)
        at java.util.concurrent.ScheduledThreadPoolExecutor$DelayedWorkQueue.take(ScheduledThreadPoolExecutor.java:1093)
        at java.util.concurrent.ScheduledThreadPoolExecutor$DelayedWorkQueue.take(ScheduledThreadPoolExecutor.java:809)
        at java.util.concurrent.ThreadPoolExecutor.getTask(ThreadPoolExecutor.java:1074)
        at java.util.concurrent.ThreadPoolExecutor.runWorker(ThreadPoolExecutor.java:1134)
        at java.util.concurrent.ThreadPoolExecutor$Worker.run(ThreadPoolExecutor.java:624)
        at java.lang.Thread.run(Thread.java:748)
"IPC Server handler 3 on 45184" daemon prio=5 tid=1176 timed_waiting
java.lang.Thread.State: TIMED_WAITING
        at sun.misc.Unsafe.park(Native Method)
        at java.util.concurrent.locks.LockSupport.parkNanos(LockSupport.java:215)
        at java.util.concurrent.locks.AbstractQueuedSynchronizer$ConditionObject.awaitNanos(AbstractQueuedSynchronizer.java:2078)
        at java.util.concurrent.LinkedBlockingQueue.poll(LinkedBlockingQueue.java:467)
        at org.apache.hadoop.ipc.CallQueueManager.take(CallQueueManager.java:288)
        at org.apache.hadoop.ipc.Server$Handler.run(Server.java:2668)
"Datanode ReportManager Thread - 0" daemon prio=5 tid=1661 timed_waiting
java.lang.Thread.State: TIMED_WAITING
        at sun.misc.Unsafe.park(Native Method)
        at java.util.concurrent.locks.LockSupport.parkNanos(LockSupport.java:215)
        at java.util.concurrent.locks.AbstractQueuedSynchronizer$ConditionObject.awaitNanos(AbstractQueuedSynchronizer.java:2078)
        at java.util.concurrent.ScheduledThreadPoolExecutor$DelayedWorkQueue.take(ScheduledThreadPoolExecutor.java:1093)
        at java.util.concurrent.ScheduledThreadPoolExecutor$DelayedWorkQueue.take(ScheduledThreadPoolExecutor.java:809)
        at java.util.concurrent.ThreadPoolExecutor.getTask(ThreadPoolExecutor.java:1074)
        at java.util.concurrent.ThreadPoolExecutor.runWorker(ThreadPoolExecutor.java:1134)
        at java.util.concurrent.ThreadPoolExecutor$Worker.run(ThreadPoolExecutor.java:624)
        at java.lang.Thread.run(Thread.java:748)
"metrics-hadoop-metrics2-reporter-35-thread-1" daemon prio=5 tid=790 timed_waiting
java.lang.Thread.State: TIMED_WAITING
        at sun.misc.Unsafe.park(Native Method)
        at java.util.concurrent.locks.LockSupport.parkNanos(LockSupport.java:215)
        at java.util.concurrent.locks.AbstractQueuedSynchronizer$ConditionObject.awaitNanos(AbstractQueuedSynchronizer.java:2078)
        at java.util.concurrent.ScheduledThreadPoolExecutor$DelayedWorkQueue.take(ScheduledThreadPoolExecutor.java:1093)
        at java.util.concurrent.ScheduledThreadPoolExecutor$DelayedWorkQueue.take(ScheduledThreadPoolExecutor.java:809)
        at java.util.concurrent.ThreadPoolExecutor.getTask(ThreadPoolExecutor.java:1074)
        at java.util.concurrent.ThreadPoolExecutor.runWorker(ThreadPoolExecutor.java:1134)
        at java.util.concurrent.ThreadPoolExecutor$Worker.run(ThreadPoolExecutor.java:624)
        at java.lang.Thread.run(Thread.java:748)
"qtp734928767-1620" daemon prio=5 tid=1620 timed_waiting
java.lang.Thread.State: TIMED_WAITING
        at sun.misc.Unsafe.park(Native Method)
        at java.util.concurrent.locks.LockSupport.parkNanos(LockSupport.java:215)
        at java.util.concurrent.locks.AbstractQueuedSynchronizer$ConditionObject.awaitNanos(AbstractQueuedSynchronizer.java:2078)
        at org.eclipse.jetty.util.BlockingArrayQueue.poll(BlockingArrayQueue.java:392)
        at org.eclipse.jetty.util.thread.QueuedThreadPool.idleJobPoll(QueuedThreadPool.java:563)
        at org.eclipse.jetty.util.thread.QueuedThreadPool.access$800(QueuedThreadPool.java:48)
        at org.eclipse.jetty.util.thread.QueuedThreadPool$2.run(QueuedThreadPool.java:626)
        at java.lang.Thread.run(Thread.java:748)
"Timer for 'StorageContainerManager' metrics system" daemon prio=5 tid=1089 timed_waiting
java.lang.Thread.State: TIMED_WAITING
        at java.lang.Object.wait(Native Method)
        at java.util.TimerThread.mainLoop(Timer.java:552)
        at java.util.TimerThread.run(Timer.java:505)
"pool-138-thread-19"  prio=5 tid=1690 in Object.wait()
java.lang.Thread.State: WAITING (on object monitor)
        at sun.misc.Unsafe.park(Native Method)
        at java.util.concurrent.locks.LockSupport.park(LockSupport.java:175)
        at java.util.concurrent.locks.AbstractQueuedSynchronizer$ConditionObject.await(AbstractQueuedSynchronizer.java:2039)
        at java.util.concurrent.ArrayBlockingQueue.take(ArrayBlockingQueue.java:403)
        at java.util.concurrent.ThreadPoolExecutor.getTask(ThreadPoolExecutor.java:1074)
        at java.util.concurrent.ThreadPoolExecutor.runWorker(ThreadPoolExecutor.java:1134)
        at java.util.concurrent.ThreadPoolExecutor$Worker.run(ThreadPoolExecutor.java:624)
        at java.lang.Thread.run(Thread.java:748)
"IPC Server handler 5 on 38131" daemon prio=5 tid=1136 timed_waiting
java.lang.Thread.State: TIMED_WAITING
        at sun.misc.Unsafe.park(Native Method)
        at java.util.concurrent.locks.LockSupport.parkNanos(LockSupport.java:215)
        at java.util.concurrent.locks.AbstractQueuedSynchronizer$ConditionObject.awaitNanos(AbstractQueuedSynchronizer.java:2078)
        at java.util.concurrent.LinkedBlockingQueue.poll(LinkedBlockingQueue.java:467)
        at org.apache.hadoop.ipc.CallQueueManager.take(CallQueueManager.java:288)
        at org.apache.hadoop.ipc.Server$Handler.run(Server.java:2668)
"Thread-773" daemon prio=5 tid=1895 timed_waiting
java.lang.Thread.State: TIMED_WAITING
        at sun.misc.Unsafe.park(Native Method)
        at java.util.concurrent.locks.LockSupport.parkNanos(LockSupport.java:215)
        at java.util.concurrent.locks.AbstractQueuedSynchronizer$ConditionObject.awaitNanos(AbstractQueuedSynchronizer.java:2078)
        at java.util.concurrent.ArrayBlockingQueue.poll(ArrayBlockingQueue.java:418)
        at org.apache.ratis.server.impl.LeaderState$EventQueue.poll(LeaderState.java:115)
        at org.apache.ratis.server.impl.LeaderState$EventProcessor.run(LeaderState.java:467)
"SCMBlockDeletingService#0" daemon prio=5 tid=1162 timed_waiting
java.lang.Thread.State: TIMED_WAITING
        at sun.misc.Unsafe.park(Native Method)
        at java.util.concurrent.locks.LockSupport.parkNanos(LockSupport.java:215)
        at java.util.concurrent.locks.AbstractQueuedSynchronizer$ConditionObject.awaitNanos(AbstractQueuedSynchronizer.java:2078)
        at java.util.concurrent.ScheduledThreadPoolExecutor$DelayedWorkQueue.take(ScheduledThreadPoolExecutor.java:1093)
        at java.util.concurrent.ScheduledThreadPoolExecutor$DelayedWorkQueue.take(ScheduledThreadPoolExecutor.java:809)
        at java.util.concurrent.ThreadPoolExecutor.getTask(ThreadPoolExecutor.java:1074)
        at java.util.concurrent.ThreadPoolExecutor.runWorker(ThreadPoolExecutor.java:1134)
        at java.util.concurrent.ThreadPoolExecutor$Worker.run(ThreadPoolExecutor.java:624)
        at java.lang.Thread.run(Thread.java:748)
"metrics-hadoop-metrics2-reporter-4-thread-1" daemon prio=5 tid=709 timed_waiting
java.lang.Thread.State: TIMED_WAITING
        at sun.misc.Unsafe.park(Native Method)
        at java.util.concurrent.locks.LockSupport.parkNanos(LockSupport.java:215)
        at java.util.concurrent.locks.AbstractQueuedSynchronizer$ConditionObject.awaitNanos(AbstractQueuedSynchronizer.java:2078)
        at java.util.concurrent.ScheduledThreadPoolExecutor$DelayedWorkQueue.take(ScheduledThreadPoolExecutor.java:1093)
        at java.util.concurrent.ScheduledThreadPoolExecutor$DelayedWorkQueue.take(ScheduledThreadPoolExecutor.java:809)
        at java.util.concurrent.ThreadPoolExecutor.getTask(ThreadPoolExecutor.java:1074)
        at java.util.concurrent.ThreadPoolExecutor.runWorker(ThreadPoolExecutor.java:1134)
        at java.util.concurrent.ThreadPoolExecutor$Worker.run(ThreadPoolExecutor.java:624)
        at java.lang.Thread.run(Thread.java:748)
"pool-148-thread-45"  prio=5 tid=1792 in Object.wait()
java.lang.Thread.State: WAITING (on object monitor)
        at sun.misc.Unsafe.park(Native Method)
        at java.util.concurrent.locks.LockSupport.park(LockSupport.java:175)
        at java.util.concurrent.locks.AbstractQueuedSynchronizer$ConditionObject.await(AbstractQueuedSynchronizer.java:2039)
        at java.util.concurrent.ArrayBlockingQueue.take(ArrayBlockingQueue.java:403)
        at java.util.concurrent.ThreadPoolExecutor.getTask(ThreadPoolExecutor.java:1074)
        at java.util.concurrent.ThreadPoolExecutor.runWorker(ThreadPoolExecutor.java:1134)
        at java.util.concurrent.ThreadPoolExecutor$Worker.run(ThreadPoolExecutor.java:624)
        at java.lang.Thread.run(Thread.java:748)
"IPC Server handler 6 on 38802" daemon prio=5 tid=1117 timed_waiting
java.lang.Thread.State: TIMED_WAITING
        at sun.misc.Unsafe.park(Native Method)
        at java.util.concurrent.locks.LockSupport.parkNanos(LockSupport.java:215)
        at java.util.concurrent.locks.AbstractQueuedSynchronizer$ConditionObject.awaitNanos(AbstractQueuedSynchronizer.java:2078)
        at java.util.concurrent.LinkedBlockingQueue.poll(LinkedBlockingQueue.java:467)
        at org.apache.hadoop.ipc.CallQueueManager.take(CallQueueManager.java:288)
        at org.apache.hadoop.ipc.Server$Handler.run(Server.java:2668)
"pool-148-thread-40"  prio=5 tid=1787 in Object.wait()
java.lang.Thread.State: WAITING (on object monitor)
        at sun.misc.Unsafe.park(Native Method)
        at java.util.concurrent.locks.LockSupport.park(LockSupport.java:175)
        at java.util.concurrent.locks.AbstractQueuedSynchronizer$ConditionObject.await(AbstractQueuedSynchronizer.java:2039)
        at java.util.concurrent.ArrayBlockingQueue.take(ArrayBlockingQueue.java:403)
        at java.util.concurrent.ThreadPoolExecutor.getTask(ThreadPoolExecutor.java:1074)
        at java.util.concurrent.ThreadPoolExecutor.runWorker(ThreadPoolExecutor.java:1134)
        at java.util.concurrent.ThreadPoolExecutor$Worker.run(ThreadPoolExecutor.java:624)
        at java.lang.Thread.run(Thread.java:748)
"Datanode ReportManager Thread - 1" daemon prio=5 tid=281 timed_waiting
java.lang.Thread.State: TIMED_WAITING
        at sun.misc.Unsafe.park(Native Method)
        at java.util.concurrent.locks.LockSupport.parkNanos(LockSupport.java:215)
        at java.util.concurrent.locks.AbstractQueuedSynchronizer$ConditionObject.awaitNanos(AbstractQueuedSynchronizer.java:2078)
        at java.util.concurrent.ScheduledThreadPoolExecutor$DelayedWorkQueue.take(ScheduledThreadPoolExecutor.java:1093)
        at java.util.concurrent.ScheduledThreadPoolExecutor$DelayedWorkQueue.take(ScheduledThreadPoolExecutor.java:809)
        at java.util.concurrent.ThreadPoolExecutor.getTask(ThreadPoolExecutor.java:1074)
        at java.util.concurrent.ThreadPoolExecutor.runWorker(ThreadPoolExecutor.java:1134)
        at java.util.concurrent.ThreadPoolExecutor$Worker.run(ThreadPoolExecutor.java:624)
        at java.lang.Thread.run(Thread.java:748)
"pool-138-thread-34"  prio=5 tid=1705 in Object.wait()
java.lang.Thread.State: WAITING (on object monitor)
        at sun.misc.Unsafe.park(Native Method)
        at java.util.concurrent.locks.LockSupport.park(LockSupport.java:175)
        at java.util.concurrent.locks.AbstractQueuedSynchronizer$ConditionObject.await(AbstractQueuedSynchronizer.java:2039)
        at java.util.concurrent.ArrayBlockingQueue.take(ArrayBlockingQueue.java:403)
        at java.util.concurrent.ThreadPoolExecutor.getTask(ThreadPoolExecutor.java:1074)
        at java.util.concurrent.ThreadPoolExecutor.runWorker(ThreadPoolExecutor.java:1134)
        at java.util.concurrent.ThreadPoolExecutor$Worker.run(ThreadPoolExecutor.java:624)
        at java.lang.Thread.run(Thread.java:748)
"IPC Server idle connection scanner for port 38131" daemon prio=5 tid=1078 timed_waiting
java.lang.Thread.State: TIMED_WAITING
        at java.lang.Object.wait(Native Method)
        at java.util.TimerThread.mainLoop(Timer.java:552)
        at java.util.TimerThread.run(Timer.java:505)
"Datanode ReportManager Thread - 3" daemon prio=5 tid=283 in Object.wait()
java.lang.Thread.State: WAITING (on object monitor)
        at sun.misc.Unsafe.park(Native Method)
        at java.util.concurrent.locks.LockSupport.park(LockSupport.java:175)
        at java.util.concurrent.locks.AbstractQueuedSynchronizer$ConditionObject.await(AbstractQueuedSynchronizer.java:2039)
        at java.util.concurrent.ScheduledThreadPoolExecutor$DelayedWorkQueue.take(ScheduledThreadPoolExecutor.java:1088)
        at java.util.concurrent.ScheduledThreadPoolExecutor$DelayedWorkQueue.take(ScheduledThreadPoolExecutor.java:809)
        at java.util.concurrent.ThreadPoolExecutor.getTask(ThreadPoolExecutor.java:1074)
        at java.util.concurrent.ThreadPoolExecutor.runWorker(ThreadPoolExecutor.java:1134)
        at java.util.concurrent.ThreadPoolExecutor$Worker.run(ThreadPoolExecutor.java:624)
        at java.lang.Thread.run(Thread.java:748)
"pool-138-thread-29"  prio=5 tid=1700 in Object.wait()
java.lang.Thread.State: WAITING (on object monitor)
        at sun.misc.Unsafe.park(Native Method)
        at java.util.concurrent.locks.LockSupport.park(LockSupport.java:175)
        at java.util.concurrent.locks.AbstractQueuedSynchronizer$ConditionObject.await(AbstractQueuedSynchronizer.java:2039)
        at java.util.concurrent.ArrayBlockingQueue.take(ArrayBlockingQueue.java:403)
        at java.util.concurrent.ThreadPoolExecutor.getTask(ThreadPoolExecutor.java:1074)
        at java.util.concurrent.ThreadPoolExecutor.runWorker(ThreadPoolExecutor.java:1134)
        at java.util.concurrent.ThreadPoolExecutor$Worker.run(ThreadPoolExecutor.java:624)
        at java.lang.Thread.run(Thread.java:748)
"pool-146-thread-1" daemon prio=5 tid=1609 timed_waiting
java.lang.Thread.State: TIMED_WAITING
        at sun.misc.Unsafe.park(Native Method)
        at java.util.concurrent.locks.LockSupport.parkNanos(LockSupport.java:215)
        at java.util.concurrent.locks.AbstractQueuedSynchronizer$ConditionObject.awaitNanos(AbstractQueuedSynchronizer.java:2078)
        at java.util.concurrent.ScheduledThreadPoolExecutor$DelayedWorkQueue.take(ScheduledThreadPoolExecutor.java:1093)
        at java.util.concurrent.ScheduledThreadPoolExecutor$DelayedWorkQueue.take(ScheduledThreadPoolExecutor.java:809)
        at java.util.concurrent.ThreadPoolExecutor.getTask(ThreadPoolExecutor.java:1074)
        at java.util.concurrent.ThreadPoolExecutor.runWorker(ThreadPoolExecutor.java:1134)
        at java.util.concurrent.ThreadPoolExecutor$Worker.run(ThreadPoolExecutor.java:624)
        at java.lang.Thread.run(Thread.java:748)
"Datanode ReportManager Thread - 0" daemon prio=5 tid=1226 in Object.wait()
java.lang.Thread.State: WAITING (on object monitor)
        at sun.misc.Unsafe.park(Native Method)
        at java.util.concurrent.locks.LockSupport.park(LockSupport.java:175)
        at java.util.concurrent.locks.AbstractQueuedSynchronizer$ConditionObject.await(AbstractQueuedSynchronizer.java:2039)
        at java.util.concurrent.ScheduledThreadPoolExecutor$DelayedWorkQueue.take(ScheduledThreadPoolExecutor.java:1088)
        at java.util.concurrent.ScheduledThreadPoolExecutor$DelayedWorkQueue.take(ScheduledThreadPoolExecutor.java:809)
        at java.util.concurrent.ThreadPoolExecutor.getTask(ThreadPoolExecutor.java:1074)
        at java.util.concurrent.ThreadPoolExecutor.runWorker(ThreadPoolExecutor.java:1134)
        at java.util.concurrent.ThreadPoolExecutor$Worker.run(ThreadPoolExecutor.java:624)
        at java.lang.Thread.run(Thread.java:748)
"pool-138-thread-51"  prio=5 tid=1722 in Object.wait()
java.lang.Thread.State: WAITING (on object monitor)
        at sun.misc.Unsafe.park(Native Method)
        at java.util.concurrent.locks.LockSupport.park(LockSupport.java:175)
        at java.util.concurrent.locks.AbstractQueuedSynchronizer$ConditionObject.await(AbstractQueuedSynchronizer.java:2039)
        at java.util.concurrent.ArrayBlockingQueue.take(ArrayBlockingQueue.java:403)
        at java.util.concurrent.ThreadPoolExecutor.getTask(ThreadPoolExecutor.java:1074)
        at java.util.concurrent.ThreadPoolExecutor.runWorker(ThreadPoolExecutor.java:1134)
        at java.util.concurrent.ThreadPoolExecutor$Worker.run(ThreadPoolExecutor.java:624)
        at java.lang.Thread.run(Thread.java:748)
"Datanode ReportManager Thread - 3" daemon prio=5 tid=175 in Object.wait()
java.lang.Thread.State: WAITING (on object monitor)
        at sun.misc.Unsafe.park(Native Method)
        at java.util.concurrent.locks.LockSupport.park(LockSupport.java:175)
        at java.util.concurrent.locks.AbstractQueuedSynchronizer$ConditionObject.await(AbstractQueuedSynchronizer.java:2039)
        at java.util.concurrent.ScheduledThreadPoolExecutor$DelayedWorkQueue.take(ScheduledThreadPoolExecutor.java:1088)
        at java.util.concurrent.ScheduledThreadPoolExecutor$DelayedWorkQueue.take(ScheduledThreadPoolExecutor.java:809)
        at java.util.concurrent.ThreadPoolExecutor.getTask(ThreadPoolExecutor.java:1074)
        at java.util.concurrent.ThreadPoolExecutor.runWorker(ThreadPoolExecutor.java:1134)
        at java.util.concurrent.ThreadPoolExecutor$Worker.run(ThreadPoolExecutor.java:624)
        at java.lang.Thread.run(Thread.java:748)
"IPC Server handler 13 on 46609" daemon prio=5 tid=1104 timed_waiting
java.lang.Thread.State: TIMED_WAITING
        at sun.misc.Unsafe.park(Native Method)
        at java.util.concurrent.locks.LockSupport.parkNanos(LockSupport.java:215)
        at java.util.concurrent.locks.AbstractQueuedSynchronizer$ConditionObject.awaitNanos(AbstractQueuedSynchronizer.java:2078)
        at java.util.concurrent.LinkedBlockingQueue.poll(LinkedBlockingQueue.java:467)
        at org.apache.hadoop.ipc.CallQueueManager.take(CallQueueManager.java:288)
        at org.apache.hadoop.ipc.Server$Handler.run(Server.java:2668)
"qtp734928767-1617" daemon prio=5 tid=1617 timed_waiting
java.lang.Thread.State: TIMED_WAITING
        at sun.misc.Unsafe.park(Native Method)
        at java.util.concurrent.locks.LockSupport.parkNanos(LockSupport.java:215)
        at java.util.concurrent.locks.AbstractQueuedSynchronizer$ConditionObject.awaitNanos(AbstractQueuedSynchronizer.java:2078)
        at org.eclipse.jetty.util.BlockingArrayQueue.poll(BlockingArrayQueue.java:392)
        at org.eclipse.jetty.util.thread.QueuedThreadPool.idleJobPoll(QueuedThreadPool.java:563)
        at org.eclipse.jetty.util.thread.QueuedThreadPool.access$800(QueuedThreadPool.java:48)
        at org.eclipse.jetty.util.thread.QueuedThreadPool$2.run(QueuedThreadPool.java:626)
        at java.lang.Thread.run(Thread.java:748)
"IPC Server handler 1 on 38802" daemon prio=5 tid=1112 timed_waiting
java.lang.Thread.State: TIMED_WAITING
        at sun.misc.Unsafe.park(Native Method)
        at java.util.concurrent.locks.LockSupport.parkNanos(LockSupport.java:215)
        at java.util.concurrent.locks.AbstractQueuedSynchronizer$ConditionObject.awaitNanos(AbstractQueuedSynchronizer.java:2078)
        at java.util.concurrent.LinkedBlockingQueue.poll(LinkedBlockingQueue.java:467)
        at org.apache.hadoop.ipc.CallQueueManager.take(CallQueueManager.java:288)
        at org.apache.hadoop.ipc.Server$Handler.run(Server.java:2668)
"pool-138-thread-14"  prio=5 tid=1685 in Object.wait()
java.lang.Thread.State: WAITING (on object monitor)
        at sun.misc.Unsafe.park(Native Method)
        at java.util.concurrent.locks.LockSupport.park(LockSupport.java:175)
        at java.util.concurrent.locks.AbstractQueuedSynchronizer$ConditionObject.await(AbstractQueuedSynchronizer.java:2039)
        at java.util.concurrent.ArrayBlockingQueue.take(ArrayBlockingQueue.java:403)
        at java.util.concurrent.ThreadPoolExecutor.getTask(ThreadPoolExecutor.java:1074)
        at java.util.concurrent.ThreadPoolExecutor.runWorker(ThreadPoolExecutor.java:1134)
        at java.util.concurrent.ThreadPoolExecutor$Worker.run(ThreadPoolExecutor.java:624)
        at java.lang.Thread.run(Thread.java:748)
"IPC Server handler 11 on 45184" daemon prio=5 tid=1185 timed_waiting
java.lang.Thread.State: TIMED_WAITING
        at sun.misc.Unsafe.park(Native Method)
        at java.util.concurrent.locks.LockSupport.parkNanos(LockSupport.java:215)
        at java.util.concurrent.locks.AbstractQueuedSynchronizer$ConditionObject.awaitNanos(AbstractQueuedSynchronizer.java:2078)
        at java.util.concurrent.LinkedBlockingQueue.poll(LinkedBlockingQueue.java:467)
        at org.apache.hadoop.ipc.CallQueueManager.take(CallQueueManager.java:288)
        at org.apache.hadoop.ipc.Server$Handler.run(Server.java:2668)
"metrics-hadoop-metrics2-reporter-91-thread-1" daemon prio=5 tid=1514 timed_waiting
java.lang.Thread.State: TIMED_WAITING
        at sun.misc.Unsafe.park(Native Method)
        at java.util.concurrent.locks.LockSupport.parkNanos(LockSupport.java:215)
        at java.util.concurrent.locks.AbstractQueuedSynchronizer$ConditionObject.awaitNanos(AbstractQueuedSynchronizer.java:2078)
        at java.util.concurrent.ScheduledThreadPoolExecutor$DelayedWorkQueue.take(ScheduledThreadPoolExecutor.java:1093)
        at java.util.concurrent.ScheduledThreadPoolExecutor$DelayedWorkQueue.take(ScheduledThreadPoolExecutor.java:809)
        at java.util.concurrent.ThreadPoolExecutor.getTask(ThreadPoolExecutor.java:1074)
        at java.util.concurrent.ThreadPoolExecutor.runWorker(ThreadPoolExecutor.java:1134)
        at java.util.concurrent.ThreadPoolExecutor$Worker.run(ThreadPoolExecutor.java:624)
        at java.lang.Thread.run(Thread.java:748)
"Datanode State Machine Thread - 0" daemon prio=5 tid=1660 timed_waiting
java.lang.Thread.State: TIMED_WAITING
        at java.lang.Thread.sleep(Native Method)
        at org.apache.hadoop.ozone.container.common.statemachine.DatanodeStateMachine.start(DatanodeStateMachine.java:191)
        at org.apache.hadoop.ozone.container.common.statemachine.DatanodeStateMachine.lambda$startDaemon$0(DatanodeStateMachine.java:349)
        at org.apache.hadoop.ozone.container.common.statemachine.DatanodeStateMachine$$Lambda$140/1584639477.run(Unknown Source)
        at java.lang.Thread.run(Thread.java:748)
"pool-148-thread-57"  prio=5 tid=1804 in Object.wait()
java.lang.Thread.State: WAITING (on object monitor)
        at sun.misc.Unsafe.park(Native Method)
        at java.util.concurrent.locks.LockSupport.park(LockSupport.java:175)
        at java.util.concurrent.locks.AbstractQueuedSynchronizer$ConditionObject.await(AbstractQueuedSynchronizer.java:2039)
        at java.util.concurrent.ArrayBlockingQueue.take(ArrayBlockingQueue.java:403)
        at java.util.concurrent.ThreadPoolExecutor.getTask(ThreadPoolExecutor.java:1074)
        at java.util.concurrent.ThreadPoolExecutor.runWorker(ThreadPoolExecutor.java:1134)
        at java.util.concurrent.ThreadPoolExecutor$Worker.run(ThreadPoolExecutor.java:624)
        at java.lang.Thread.run(Thread.java:748)
"metrics-hadoop-metrics2-reporter-116-thread-1" daemon prio=5 tid=1940 timed_waiting
java.lang.Thread.State: TIMED_WAITING
        at sun.misc.Unsafe.park(Native Method)
        at java.util.concurrent.locks.LockSupport.parkNanos(LockSupport.java:215)
        at java.util.concurrent.locks.AbstractQueuedSynchronizer$ConditionObject.awaitNanos(AbstractQueuedSynchronizer.java:2078)
        at java.util.concurrent.ScheduledThreadPoolExecutor$DelayedWorkQueue.take(ScheduledThreadPoolExecutor.java:1093)
        at java.util.concurrent.ScheduledThreadPoolExecutor$DelayedWorkQueue.take(ScheduledThreadPoolExecutor.java:809)
        at java.util.concurrent.ThreadPoolExecutor.getTask(ThreadPoolExecutor.java:1074)
        at java.util.concurrent.ThreadPoolExecutor.runWorker(ThreadPoolExecutor.java:1134)
        at java.util.concurrent.ThreadPoolExecutor$Worker.run(ThreadPoolExecutor.java:624)
        at java.lang.Thread.run(Thread.java:748)
"pool-138-thread-42"  prio=5 tid=1713 in Object.wait()
java.lang.Thread.State: WAITING (on object monitor)
        at sun.misc.Unsafe.park(Native Method)
        at java.util.concurrent.locks.LockSupport.park(LockSupport.java:175)
        at java.util.concurrent.locks.AbstractQueuedSynchronizer$ConditionObject.await(AbstractQueuedSynchronizer.java:2039)
        at java.util.concurrent.ArrayBlockingQueue.take(ArrayBlockingQueue.java:403)
        at java.util.concurrent.ThreadPoolExecutor.getTask(ThreadPoolExecutor.java:1074)
        at java.util.concurrent.ThreadPoolExecutor.runWorker(ThreadPoolExecutor.java:1134)
        at java.util.concurrent.ThreadPoolExecutor$Worker.run(ThreadPoolExecutor.java:624)
        at java.lang.Thread.run(Thread.java:748)
"pool-158-thread-11"  prio=5 tid=1835 in Object.wait()
java.lang.Thread.State: WAITING (on object monitor)
        at sun.misc.Unsafe.park(Native Method)
        at java.util.concurrent.locks.LockSupport.park(LockSupport.java:175)
        at java.util.concurrent.locks.AbstractQueuedSynchronizer$ConditionObject.await(AbstractQueuedSynchronizer.java:2039)
        at java.util.concurrent.ArrayBlockingQueue.take(ArrayBlockingQueue.java:403)
        at java.util.concurrent.ThreadPoolExecutor.getTask(ThreadPoolExecutor.java:1074)
        at java.util.concurrent.ThreadPoolExecutor.runWorker(ThreadPoolExecutor.java:1134)
        at java.util.concurrent.ThreadPoolExecutor$Worker.run(ThreadPoolExecutor.java:624)
        at java.lang.Thread.run(Thread.java:748)
"pool-148-thread-23"  prio=5 tid=1770 in Object.wait()
java.lang.Thread.State: WAITING (on object monitor)
        at sun.misc.Unsafe.park(Native Method)
        at java.util.concurrent.locks.LockSupport.park(LockSupport.java:175)
        at java.util.concurrent.locks.AbstractQueuedSynchronizer$ConditionObject.await(AbstractQueuedSynchronizer.java:2039)
        at java.util.concurrent.ArrayBlockingQueue.take(ArrayBlockingQueue.java:403)
        at java.util.concurrent.ThreadPoolExecutor.getTask(ThreadPoolExecutor.java:1074)
        at java.util.concurrent.ThreadPoolExecutor.runWorker(ThreadPoolExecutor.java:1134)
        at java.util.concurrent.ThreadPoolExecutor$Worker.run(ThreadPoolExecutor.java:624)
        at java.lang.Thread.run(Thread.java:748)
"Datanode ReportManager Thread - 1" daemon prio=5 tid=1281 in Object.wait()
java.lang.Thread.State: WAITING (on object monitor)
        at sun.misc.Unsafe.park(Native Method)
        at java.util.concurrent.locks.LockSupport.park(LockSupport.java:175)
        at java.util.concurrent.locks.AbstractQueuedSynchronizer$ConditionObject.await(AbstractQueuedSynchronizer.java:2039)
        at java.util.concurrent.ScheduledThreadPoolExecutor$DelayedWorkQueue.take(ScheduledThreadPoolExecutor.java:1088)
        at java.util.concurrent.ScheduledThreadPoolExecutor$DelayedWorkQueue.take(ScheduledThreadPoolExecutor.java:809)
        at java.util.concurrent.ThreadPoolExecutor.getTask(ThreadPoolExecutor.java:1074)
        at java.util.concurrent.ThreadPoolExecutor.runWorker(ThreadPoolExecutor.java:1134)
        at java.util.concurrent.ThreadPoolExecutor$Worker.run(ThreadPoolExecutor.java:624)
        at java.lang.Thread.run(Thread.java:748)
"IPC Server handler 19 on 38802" daemon prio=5 tid=1130 timed_waiting
java.lang.Thread.State: TIMED_WAITING
        at sun.misc.Unsafe.park(Native Method)
        at java.util.concurrent.locks.LockSupport.parkNanos(LockSupport.java:215)
        at java.util.concurrent.locks.AbstractQueuedSynchronizer$ConditionObject.awaitNanos(AbstractQueuedSynchronizer.java:2078)
        at java.util.concurrent.LinkedBlockingQueue.poll(LinkedBlockingQueue.java:467)
        at org.apache.hadoop.ipc.CallQueueManager.take(CallQueueManager.java:288)
        at org.apache.hadoop.ipc.Server$Handler.run(Server.java:2668)
"metrics-hadoop-metrics2-reporter-58-thread-1" daemon prio=5 tid=952 timed_waiting
java.lang.Thread.State: TIMED_WAITING
        at sun.misc.Unsafe.park(Native Method)
        at java.util.concurrent.locks.LockSupport.parkNanos(LockSupport.java:215)
        at java.util.concurrent.locks.AbstractQueuedSynchronizer$ConditionObject.awaitNanos(AbstractQueuedSynchronizer.java:2078)
        at java.util.concurrent.ScheduledThreadPoolExecutor$DelayedWorkQueue.take(ScheduledThreadPoolExecutor.java:1093)
        at java.util.concurrent.ScheduledThreadPoolExecutor$DelayedWorkQueue.take(ScheduledThreadPoolExecutor.java:809)
        at java.util.concurrent.ThreadPoolExecutor.getTask(ThreadPoolExecutor.java:1074)
        at java.util.concurrent.ThreadPoolExecutor.runWorker(ThreadPoolExecutor.java:1134)
        at java.util.concurrent.ThreadPoolExecutor$Worker.run(ThreadPoolExecutor.java:624)
        at java.lang.Thread.run(Thread.java:748)
"pool-148-thread-21"  prio=5 tid=1768 in Object.wait()
java.lang.Thread.State: WAITING (on object monitor)
        at sun.misc.Unsafe.park(Native Method)
        at java.util.concurrent.locks.LockSupport.park(LockSupport.java:175)
        at java.util.concurrent.locks.AbstractQueuedSynchronizer$ConditionObject.await(AbstractQueuedSynchronizer.java:2039)
        at java.util.concurrent.ArrayBlockingQueue.take(ArrayBlockingQueue.java:403)
        at java.util.concurrent.ThreadPoolExecutor.getTask(ThreadPoolExecutor.java:1074)
        at java.util.concurrent.ThreadPoolExecutor.runWorker(ThreadPoolExecutor.java:1134)
        at java.util.concurrent.ThreadPoolExecutor$Worker.run(ThreadPoolExecutor.java:624)
        at java.lang.Thread.run(Thread.java:748)
"pool-138-thread-16"  prio=5 tid=1687 in Object.wait()
java.lang.Thread.State: WAITING (on object monitor)
        at sun.misc.Unsafe.park(Native Method)
        at java.util.concurrent.locks.LockSupport.park(LockSupport.java:175)
        at java.util.concurrent.locks.AbstractQueuedSynchronizer$ConditionObject.await(AbstractQueuedSynchronizer.java:2039)
        at java.util.concurrent.ArrayBlockingQueue.take(ArrayBlockingQueue.java:403)
        at java.util.concurrent.ThreadPoolExecutor.getTask(ThreadPoolExecutor.java:1074)
        at java.util.concurrent.ThreadPoolExecutor.runWorker(ThreadPoolExecutor.java:1134)
        at java.util.concurrent.ThreadPoolExecutor$Worker.run(ThreadPoolExecutor.java:624)
        at java.lang.Thread.run(Thread.java:748)
"Datanode ReportManager Thread - 0" daemon prio=5 tid=226 in Object.wait()
java.lang.Thread.State: WAITING (on object monitor)
        at sun.misc.Unsafe.park(Native Method)
        at java.util.concurrent.locks.LockSupport.park(LockSupport.java:175)
        at java.util.concurrent.locks.AbstractQueuedSynchronizer$ConditionObject.await(AbstractQueuedSynchronizer.java:2039)
        at java.util.concurrent.ScheduledThreadPoolExecutor$DelayedWorkQueue.take(ScheduledThreadPoolExecutor.java:1088)
        at java.util.concurrent.ScheduledThreadPoolExecutor$DelayedWorkQueue.take(ScheduledThreadPoolExecutor.java:809)
        at java.util.concurrent.ThreadPoolExecutor.getTask(ThreadPoolExecutor.java:1074)
        at java.util.concurrent.ThreadPoolExecutor.runWorker(ThreadPoolExecutor.java:1134)
        at java.util.concurrent.ThreadPoolExecutor$Worker.run(ThreadPoolExecutor.java:624)
        at java.lang.Thread.run(Thread.java:748)
"metrics-hadoop-metrics2-reporter-52-thread-1" daemon prio=5 tid=860 timed_waiting
java.lang.Thread.State: TIMED_WAITING
        at sun.misc.Unsafe.park(Native Method)
        at java.util.concurrent.locks.LockSupport.parkNanos(LockSupport.java:215)
        at java.util.concurrent.locks.AbstractQueuedSynchronizer$ConditionObject.awaitNanos(AbstractQueuedSynchronizer.java:2078)
        at java.util.concurrent.ScheduledThreadPoolExecutor$DelayedWorkQueue.take(ScheduledThreadPoolExecutor.java:1093)
        at java.util.concurrent.ScheduledThreadPoolExecutor$DelayedWorkQueue.take(ScheduledThreadPoolExecutor.java:809)
        at java.util.concurrent.ThreadPoolExecutor.getTask(ThreadPoolExecutor.java:1074)
        at java.util.concurrent.ThreadPoolExecutor.runWorker(ThreadPoolExecutor.java:1134)
        at java.util.concurrent.ThreadPoolExecutor$Worker.run(ThreadPoolExecutor.java:624)
        at java.lang.Thread.run(Thread.java:748)
"Datanode State Machine Thread - 0" daemon prio=5 tid=1603 timed_waiting
java.lang.Thread.State: TIMED_WAITING
        at sun.misc.Unsafe.park(Native Method)
        at java.util.concurrent.locks.LockSupport.parkNanos(LockSupport.java:215)
        at java.util.concurrent.SynchronousQueue$TransferStack.awaitFulfill(SynchronousQueue.java:460)
        at java.util.concurrent.SynchronousQueue$TransferStack.transfer(SynchronousQueue.java:362)
        at java.util.concurrent.SynchronousQueue.poll(SynchronousQueue.java:941)
        at java.util.concurrent.ThreadPoolExecutor.getTask(ThreadPoolExecutor.java:1073)
        at java.util.concurrent.ThreadPoolExecutor.runWorker(ThreadPoolExecutor.java:1134)
        at java.util.concurrent.ThreadPoolExecutor$Worker.run(ThreadPoolExecutor.java:624)
        at java.lang.Thread.run(Thread.java:748)
"metrics-hadoop-metrics2-reporter-17-thread-1" daemon prio=5 tid=741 timed_waiting
java.lang.Thread.State: TIMED_WAITING
        at sun.misc.Unsafe.park(Native Method)
        at java.util.concurrent.locks.LockSupport.parkNanos(LockSupport.java:215)
        at java.util.concurrent.locks.AbstractQueuedSynchronizer$ConditionObject.awaitNanos(AbstractQueuedSynchronizer.java:2078)
        at java.util.concurrent.ScheduledThreadPoolExecutor$DelayedWorkQueue.take(ScheduledThreadPoolExecutor.java:1093)
        at java.util.concurrent.ScheduledThreadPoolExecutor$DelayedWorkQueue.take(ScheduledThreadPoolExecutor.java:809)
        at java.util.concurrent.ThreadPoolExecutor.getTask(ThreadPoolExecutor.java:1074)
        at java.util.concurrent.ThreadPoolExecutor.runWorker(ThreadPoolExecutor.java:1134)
        at java.util.concurrent.ThreadPoolExecutor$Worker.run(ThreadPoolExecutor.java:624)
        at java.lang.Thread.run(Thread.java:748)
"d612b743-bedc-4c3f-983e-e3329f8a2e6f@group-28ACFA97060E-SegmentedRaftLogWorker"  prio=5 tid=1937 timed_waiting
java.lang.Thread.State: TIMED_WAITING
        at sun.misc.Unsafe.park(Native Method)
        at java.util.concurrent.locks.LockSupport.parkNanos(LockSupport.java:215)
        at java.util.concurrent.locks.AbstractQueuedSynchronizer$ConditionObject.awaitNanos(AbstractQueuedSynchronizer.java:2078)
        at org.apache.ratis.util.DataBlockingQueue.poll(DataBlockingQueue.java:137)
        at org.apache.ratis.server.raftlog.segmented.SegmentedRaftLogWorker.run(SegmentedRaftLogWorker.java:282)
        at java.lang.Thread.run(Thread.java:748)
"IPC Server handler 15 on 38131" daemon prio=5 tid=1146 timed_waiting
java.lang.Thread.State: TIMED_WAITING
        at sun.misc.Unsafe.park(Native Method)
        at java.util.concurrent.locks.LockSupport.parkNanos(LockSupport.java:215)
        at java.util.concurrent.locks.AbstractQueuedSynchronizer$ConditionObject.awaitNanos(AbstractQueuedSynchronizer.java:2078)
        at java.util.concurrent.LinkedBlockingQueue.poll(LinkedBlockingQueue.java:467)
        at org.apache.hadoop.ipc.CallQueueManager.take(CallQueueManager.java:288)
        at org.apache.hadoop.ipc.Server$Handler.run(Server.java:2668)
"pool-138-thread-40"  prio=5 tid=1711 in Object.wait()
java.lang.Thread.State: WAITING (on object monitor)
        at sun.misc.Unsafe.park(Native Method)
        at java.util.concurrent.locks.LockSupport.park(LockSupport.java:175)
        at java.util.concurrent.locks.AbstractQueuedSynchronizer$ConditionObject.await(AbstractQueuedSynchronizer.java:2039)
        at java.util.concurrent.ArrayBlockingQueue.take(ArrayBlockingQueue.java:403)
        at java.util.concurrent.ThreadPoolExecutor.getTask(ThreadPoolExecutor.java:1074)
        at java.util.concurrent.ThreadPoolExecutor.runWorker(ThreadPoolExecutor.java:1134)
        at java.util.concurrent.ThreadPoolExecutor$Worker.run(ThreadPoolExecutor.java:624)
        at java.lang.Thread.run(Thread.java:748)
"metrics-hadoop-metrics2-reporter-24-thread-1" daemon prio=5 tid=760 timed_waiting
java.lang.Thread.State: TIMED_WAITING
        at sun.misc.Unsafe.park(Native Method)
        at java.util.concurrent.locks.LockSupport.parkNanos(LockSupport.java:215)
        at java.util.concurrent.locks.AbstractQueuedSynchronizer$ConditionObject.awaitNanos(AbstractQueuedSynchronizer.java:2078)
        at java.util.concurrent.ScheduledThreadPoolExecutor$DelayedWorkQueue.take(ScheduledThreadPoolExecutor.java:1093)
        at java.util.concurrent.ScheduledThreadPoolExecutor$DelayedWorkQueue.take(ScheduledThreadPoolExecutor.java:809)
        at java.util.concurrent.ThreadPoolExecutor.getTask(ThreadPoolExecutor.java:1074)
        at java.util.concurrent.ThreadPoolExecutor.runWorker(ThreadPoolExecutor.java:1134)
        at java.util.concurrent.ThreadPoolExecutor$Worker.run(ThreadPoolExecutor.java:624)
        at java.lang.Thread.run(Thread.java:748)
"java.util.concurrent.ThreadPoolExecutor$Worker@2e12526d[State = -1, empty queue]" daemon prio=5 tid=1968 timed_waiting
java.lang.Thread.State: TIMED_WAITING
        at sun.misc.Unsafe.park(Native Method)
        at java.util.concurrent.locks.LockSupport.parkNanos(LockSupport.java:215)
        at java.util.concurrent.locks.AbstractQueuedSynchronizer$ConditionObject.awaitNanos(AbstractQueuedSynchronizer.java:2078)
        at java.util.concurrent.ScheduledThreadPoolExecutor$DelayedWorkQueue.take(ScheduledThreadPoolExecutor.java:1093)
        at java.util.concurrent.ScheduledThreadPoolExecutor$DelayedWorkQueue.take(ScheduledThreadPoolExecutor.java:809)
        at java.util.concurrent.ThreadPoolExecutor.getTask(ThreadPoolExecutor.java:1074)
        at java.util.concurrent.ThreadPoolExecutor.runWorker(ThreadPoolExecutor.java:1134)
        at java.util.concurrent.ThreadPoolExecutor$Worker.run(ThreadPoolExecutor.java:624)
        at java.lang.Thread.run(Thread.java:748)
"pool-138-thread-23"  prio=5 tid=1694 in Object.wait()
java.lang.Thread.State: WAITING (on object monitor)
        at sun.misc.Unsafe.park(Native Method)
        at java.util.concurrent.locks.LockSupport.park(LockSupport.java:175)
        at java.util.concurrent.locks.AbstractQueuedSynchronizer$ConditionObject.await(AbstractQueuedSynchronizer.java:2039)
        at java.util.concurrent.ArrayBlockingQueue.take(ArrayBlockingQueue.java:403)
        at java.util.concurrent.ThreadPoolExecutor.getTask(ThreadPoolExecutor.java:1074)
        at java.util.concurrent.ThreadPoolExecutor.runWorker(ThreadPoolExecutor.java:1134)
        at java.util.concurrent.ThreadPoolExecutor$Worker.run(ThreadPoolExecutor.java:624)
        at java.lang.Thread.run(Thread.java:748)
"IPC Server handler 7 on 46609" daemon prio=5 tid=1098 timed_waiting
java.lang.Thread.State: TIMED_WAITING
        at sun.misc.Unsafe.park(Native Method)
        at java.util.concurrent.locks.LockSupport.parkNanos(LockSupport.java:215)
        at java.util.concurrent.locks.AbstractQueuedSynchronizer$ConditionObject.awaitNanos(AbstractQueuedSynchronizer.java:2078)
        at java.util.concurrent.LinkedBlockingQueue.poll(LinkedBlockingQueue.java:467)
        at org.apache.hadoop.ipc.CallQueueManager.take(CallQueueManager.java:288)
        at org.apache.hadoop.ipc.Server$Handler.run(Server.java:2668)
"IPC Server handler 0 on 46609" daemon prio=5 tid=1091 timed_waiting
java.lang.Thread.State: TIMED_WAITING
        at sun.misc.Unsafe.park(Native Method)
        at java.util.concurrent.locks.LockSupport.parkNanos(LockSupport.java:215)
        at java.util.concurrent.locks.AbstractQueuedSynchronizer$ConditionObject.awaitNanos(AbstractQueuedSynchronizer.java:2078)
        at java.util.concurrent.LinkedBlockingQueue.poll(LinkedBlockingQueue.java:467)
        at org.apache.hadoop.ipc.CallQueueManager.take(CallQueueManager.java:288)
        at org.apache.hadoop.ipc.Server$Handler.run(Server.java:2668)
"IPC Server listener on 38802" daemon prio=5 tid=1080 runnable
java.lang.Thread.State: RUNNABLE
        at sun.nio.ch.EPollArrayWrapper.epollWait(Native Method)
        at sun.nio.ch.EPollArrayWrapper.poll(EPollArrayWrapper.java:269)
        at sun.nio.ch.EPollSelectorImpl.doSelect(EPollSelectorImpl.java:93)
        at sun.nio.ch.SelectorImpl.lockAndDoSelect(SelectorImpl.java:86)
        at sun.nio.ch.SelectorImpl.select(SelectorImpl.java:97)
        at sun.nio.ch.SelectorImpl.select(SelectorImpl.java:101)
        at org.apache.hadoop.ipc.Server$Listener.run(Server.java:1159)
"pool-158-thread-29"  prio=5 tid=1853 in Object.wait()
java.lang.Thread.State: WAITING (on object monitor)
        at sun.misc.Unsafe.park(Native Method)
        at java.util.concurrent.locks.LockSupport.park(LockSupport.java:175)
        at java.util.concurrent.locks.AbstractQueuedSynchronizer$ConditionObject.await(AbstractQueuedSynchronizer.java:2039)
        at java.util.concurrent.ArrayBlockingQueue.take(ArrayBlockingQueue.java:403)
        at java.util.concurrent.ThreadPoolExecutor.getTask(ThreadPoolExecutor.java:1074)
        at java.util.concurrent.ThreadPoolExecutor.runWorker(ThreadPoolExecutor.java:1134)
        at java.util.concurrent.ThreadPoolExecutor$Worker.run(ThreadPoolExecutor.java:624)
        at java.lang.Thread.run(Thread.java:748)
"metrics-hadoop-metrics2-reporter-57-thread-1" daemon prio=5 tid=951 timed_waiting
java.lang.Thread.State: TIMED_WAITING
        at sun.misc.Unsafe.park(Native Method)
        at java.util.concurrent.locks.LockSupport.parkNanos(LockSupport.java:215)
        at java.util.concurrent.locks.AbstractQueuedSynchronizer$ConditionObject.awaitNanos(AbstractQueuedSynchronizer.java:2078)
        at java.util.concurrent.ScheduledThreadPoolExecutor$DelayedWorkQueue.take(ScheduledThreadPoolExecutor.java:1093)
        at java.util.concurrent.ScheduledThreadPoolExecutor$DelayedWorkQueue.take(ScheduledThreadPoolExecutor.java:809)
        at java.util.concurrent.ThreadPoolExecutor.getTask(ThreadPoolExecutor.java:1074)
        at java.util.concurrent.ThreadPoolExecutor.runWorker(ThreadPoolExecutor.java:1134)
        at java.util.concurrent.ThreadPoolExecutor$Worker.run(ThreadPoolExecutor.java:624)
        at java.lang.Thread.run(Thread.java:748)
"pool-158-thread-5"  prio=5 tid=1829 in Object.wait()
java.lang.Thread.State: WAITING (on object monitor)
        at sun.misc.Unsafe.park(Native Method)
        at java.util.concurrent.locks.LockSupport.park(LockSupport.java:175)
        at java.util.concurrent.locks.AbstractQueuedSynchronizer$ConditionObject.await(AbstractQueuedSynchronizer.java:2039)
        at java.util.concurrent.ArrayBlockingQueue.take(ArrayBlockingQueue.java:403)
        at java.util.concurrent.ThreadPoolExecutor.getTask(ThreadPoolExecutor.java:1074)
        at java.util.concurrent.ThreadPoolExecutor.runWorker(ThreadPoolExecutor.java:1134)
        at java.util.concurrent.ThreadPoolExecutor$Worker.run(ThreadPoolExecutor.java:624)
        at java.lang.Thread.run(Thread.java:748)
"IPC Server handler 9 on 46609" daemon prio=5 tid=1100 timed_waiting
java.lang.Thread.State: TIMED_WAITING
        at sun.misc.Unsafe.park(Native Method)
        at java.util.concurrent.locks.LockSupport.parkNanos(LockSupport.java:215)
        at java.util.concurrent.locks.AbstractQueuedSynchronizer$ConditionObject.awaitNanos(AbstractQueuedSynchronizer.java:2078)
        at java.util.concurrent.LinkedBlockingQueue.poll(LinkedBlockingQueue.java:467)
        at org.apache.hadoop.ipc.CallQueueManager.take(CallQueueManager.java:288)
        at org.apache.hadoop.ipc.Server$Handler.run(Server.java:2668)
"IPC Server handler 4 on 38802" daemon prio=5 tid=1115 timed_waiting
java.lang.Thread.State: TIMED_WAITING
        at sun.misc.Unsafe.park(Native Method)
        at java.util.concurrent.locks.LockSupport.parkNanos(LockSupport.java:215)
        at java.util.concurrent.locks.AbstractQueuedSynchronizer$ConditionObject.awaitNanos(AbstractQueuedSynchronizer.java:2078)
        at java.util.concurrent.LinkedBlockingQueue.poll(LinkedBlockingQueue.java:467)
        at org.apache.hadoop.ipc.CallQueueManager.take(CallQueueManager.java:288)
        at org.apache.hadoop.ipc.Server$Handler.run(Server.java:2668)
"metrics-hadoop-metrics2-reporter-48-thread-1" daemon prio=5 tid=849 timed_waiting
java.lang.Thread.State: TIMED_WAITING
        at sun.misc.Unsafe.park(Native Method)
        at java.util.concurrent.locks.LockSupport.parkNanos(LockSupport.java:215)
        at java.util.concurrent.locks.AbstractQueuedSynchronizer$ConditionObject.awaitNanos(AbstractQueuedSynchronizer.java:2078)
        at java.util.concurrent.ScheduledThreadPoolExecutor$DelayedWorkQueue.take(ScheduledThreadPoolExecutor.java:1093)
        at java.util.concurrent.ScheduledThreadPoolExecutor$DelayedWorkQueue.take(ScheduledThreadPoolExecutor.java:809)
        at java.util.concurrent.ThreadPoolExecutor.getTask(ThreadPoolExecutor.java:1074)
        at java.util.concurrent.ThreadPoolExecutor.runWorker(ThreadPoolExecutor.java:1134)
        at java.util.concurrent.ThreadPoolExecutor$Worker.run(ThreadPoolExecutor.java:624)
        at java.lang.Thread.run(Thread.java:748)
"pool-158-thread-17"  prio=5 tid=1841 in Object.wait()
java.lang.Thread.State: WAITING (on object monitor)
        at sun.misc.Unsafe.park(Native Method)
        at java.util.concurrent.locks.LockSupport.park(LockSupport.java:175)
        at java.util.concurrent.locks.AbstractQueuedSynchronizer$ConditionObject.await(AbstractQueuedSynchronizer.java:2039)
        at java.util.concurrent.ArrayBlockingQueue.take(ArrayBlockingQueue.java:403)
        at java.util.concurrent.ThreadPoolExecutor.getTask(ThreadPoolExecutor.java:1074)
        at java.util.concurrent.ThreadPoolExecutor.runWorker(ThreadPoolExecutor.java:1134)
        at java.util.concurrent.ThreadPoolExecutor$Worker.run(ThreadPoolExecutor.java:624)
        at java.lang.Thread.run(Thread.java:748)
"pool-148-thread-13"  prio=5 tid=1759 in Object.wait()
java.lang.Thread.State: WAITING (on object monitor)
        at sun.misc.Unsafe.park(Native Method)
        at java.util.concurrent.locks.LockSupport.park(LockSupport.java:175)
        at java.util.concurrent.locks.AbstractQueuedSynchronizer$ConditionObject.await(AbstractQueuedSynchronizer.java:2039)
        at java.util.concurrent.ArrayBlockingQueue.take(ArrayBlockingQueue.java:403)
        at java.util.concurrent.ThreadPoolExecutor.getTask(ThreadPoolExecutor.java:1074)
        at java.util.concurrent.ThreadPoolExecutor.runWorker(ThreadPoolExecutor.java:1134)
        at java.util.concurrent.ThreadPoolExecutor$Worker.run(ThreadPoolExecutor.java:624)
        at java.lang.Thread.run(Thread.java:748)
"46069bd9-45fc-4c82-823c-36f07a1bcff0@group-EDF575672A97-StateMachineUpdater" daemon prio=5 tid=1626 in Object.wait()
java.lang.Thread.State: WAITING (on object monitor)
        at java.lang.Object.wait(Native Method)
        at java.lang.Object.wait(Object.java:502)
        at org.apache.ratis.server.impl.StateMachineUpdater.waitForCommit(StateMachineUpdater.java:194)
        at org.apache.ratis.server.impl.StateMachineUpdater.run(StateMachineUpdater.java:159)
        at java.lang.Thread.run(Thread.java:748)
"IPC Server handler 18 on 45184" daemon prio=5 tid=1192 timed_waiting
java.lang.Thread.State: TIMED_WAITING
        at sun.misc.Unsafe.park(Native Method)
        at java.util.concurrent.locks.LockSupport.parkNanos(LockSupport.java:215)
        at java.util.concurrent.locks.AbstractQueuedSynchronizer$ConditionObject.awaitNanos(AbstractQueuedSynchronizer.java:2078)
        at java.util.concurrent.LinkedBlockingQueue.poll(LinkedBlockingQueue.java:467)
        at org.apache.hadoop.ipc.CallQueueManager.take(CallQueueManager.java:288)
        at org.apache.hadoop.ipc.Server$Handler.run(Server.java:2668)
"jaeger.RemoteReporter-QueueProcessor" daemon prio=5 tid=148 in Object.wait()
java.lang.Thread.State: WAITING (on object monitor)
        at sun.misc.Unsafe.park(Native Method)
        at java.util.concurrent.locks.LockSupport.park(LockSupport.java:175)
        at java.util.concurrent.locks.AbstractQueuedSynchronizer$ConditionObject.await(AbstractQueuedSynchronizer.java:2039)
        at java.util.concurrent.ArrayBlockingQueue.take(ArrayBlockingQueue.java:403)
        at io.jaegertracing.internal.reporters.RemoteReporter$QueueProcessor.run(RemoteReporter.java:173)
        at java.lang.Thread.run(Thread.java:748)
"Datanode ReportManager Thread - 1" daemon prio=5 tid=308 timed_waiting
java.lang.Thread.State: TIMED_WAITING
        at sun.misc.Unsafe.park(Native Method)
        at java.util.concurrent.locks.LockSupport.parkNanos(LockSupport.java:215)
        at java.util.concurrent.locks.AbstractQueuedSynchronizer$ConditionObject.awaitNanos(AbstractQueuedSynchronizer.java:2078)
        at java.util.concurrent.ScheduledThreadPoolExecutor$DelayedWorkQueue.take(ScheduledThreadPoolExecutor.java:1093)
        at java.util.concurrent.ScheduledThreadPoolExecutor$DelayedWorkQueue.take(ScheduledThreadPoolExecutor.java:809)
        at java.util.concurrent.ThreadPoolExecutor.getTask(ThreadPoolExecutor.java:1074)
        at java.util.concurrent.ThreadPoolExecutor.runWorker(ThreadPoolExecutor.java:1134)
        at java.util.concurrent.ThreadPoolExecutor$Worker.run(ThreadPoolExecutor.java:624)
        at java.lang.Thread.run(Thread.java:748)
"metrics-hadoop-metrics2-reporter-65-thread-1" daemon prio=5 tid=987 timed_waiting
java.lang.Thread.State: TIMED_WAITING
        at sun.misc.Unsafe.park(Native Method)
        at java.util.concurrent.locks.LockSupport.parkNanos(LockSupport.java:215)
        at java.util.concurrent.locks.AbstractQueuedSynchronizer$ConditionObject.awaitNanos(AbstractQueuedSynchronizer.java:2078)
        at java.util.concurrent.ScheduledThreadPoolExecutor$DelayedWorkQueue.take(ScheduledThreadPoolExecutor.java:1093)
        at java.util.concurrent.ScheduledThreadPoolExecutor$DelayedWorkQueue.take(ScheduledThreadPoolExecutor.java:809)
        at java.util.concurrent.ThreadPoolExecutor.getTask(ThreadPoolExecutor.java:1074)
        at java.util.concurrent.ThreadPoolExecutor.runWorker(ThreadPoolExecutor.java:1134)
        at java.util.concurrent.ThreadPoolExecutor$Worker.run(ThreadPoolExecutor.java:624)
        at java.lang.Thread.run(Thread.java:748)
"pool-158-thread-59"  prio=5 tid=1884 in Object.wait()
java.lang.Thread.State: WAITING (on object monitor)
        at sun.misc.Unsafe.park(Native Method)
        at java.util.concurrent.locks.LockSupport.park(LockSupport.java:175)
        at java.util.concurrent.locks.AbstractQueuedSynchronizer$ConditionObject.await(AbstractQueuedSynchronizer.java:2039)
        at java.util.concurrent.ArrayBlockingQueue.take(ArrayBlockingQueue.java:403)
        at java.util.concurrent.ThreadPoolExecutor.getTask(ThreadPoolExecutor.java:1074)
        at java.util.concurrent.ThreadPoolExecutor.runWorker(ThreadPoolExecutor.java:1134)
        at java.util.concurrent.ThreadPoolExecutor$Worker.run(ThreadPoolExecutor.java:624)
        at java.lang.Thread.run(Thread.java:748)
"pool-138-thread-3"  prio=5 tid=1674 in Object.wait()
java.lang.Thread.State: WAITING (on object monitor)
        at sun.misc.Unsafe.park(Native Method)
        at java.util.concurrent.locks.LockSupport.park(LockSupport.java:175)
        at java.util.concurrent.locks.AbstractQueuedSynchronizer$ConditionObject.await(AbstractQueuedSynchronizer.java:2039)
        at java.util.concurrent.ArrayBlockingQueue.take(ArrayBlockingQueue.java:403)
        at java.util.concurrent.ThreadPoolExecutor.getTask(ThreadPoolExecutor.java:1074)
        at java.util.concurrent.ThreadPoolExecutor.runWorker(ThreadPoolExecutor.java:1134)
        at java.util.concurrent.ThreadPoolExecutor$Worker.run(ThreadPoolExecutor.java:624)
        at java.lang.Thread.run(Thread.java:748)
"KeyDeletingService#1" daemon prio=5 tid=1179 in Object.wait()
java.lang.Thread.State: WAITING (on object monitor)
        at sun.misc.Unsafe.park(Native Method)
        at java.util.concurrent.locks.LockSupport.park(LockSupport.java:175)
        at java.util.concurrent.locks.AbstractQueuedSynchronizer$ConditionObject.await(AbstractQueuedSynchronizer.java:2039)
        at java.util.concurrent.ScheduledThreadPoolExecutor$DelayedWorkQueue.take(ScheduledThreadPoolExecutor.java:1088)
        at java.util.concurrent.ScheduledThreadPoolExecutor$DelayedWorkQueue.take(ScheduledThreadPoolExecutor.java:809)
        at java.util.concurrent.ThreadPoolExecutor.getTask(ThreadPoolExecutor.java:1074)
        at java.util.concurrent.ThreadPoolExecutor.runWorker(ThreadPoolExecutor.java:1134)
        at java.util.concurrent.ThreadPoolExecutor$Worker.run(ThreadPoolExecutor.java:624)
        at java.lang.Thread.run(Thread.java:748)
"metrics-hadoop-metrics2-reporter-67-thread-1" daemon prio=5 tid=989 timed_waiting
java.lang.Thread.State: TIMED_WAITING
        at sun.misc.Unsafe.park(Native Method)
        at java.util.concurrent.locks.LockSupport.parkNanos(LockSupport.java:215)
        at java.util.concurrent.locks.AbstractQueuedSynchronizer$ConditionObject.awaitNanos(AbstractQueuedSynchronizer.java:2078)
        at java.util.concurrent.ScheduledThreadPoolExecutor$DelayedWorkQueue.take(ScheduledThreadPoolExecutor.java:1093)
        at java.util.concurrent.ScheduledThreadPoolExecutor$DelayedWorkQueue.take(ScheduledThreadPoolExecutor.java:809)
        at java.util.concurrent.ThreadPoolExecutor.getTask(ThreadPoolExecutor.java:1074)
        at java.util.concurrent.ThreadPoolExecutor.runWorker(ThreadPoolExecutor.java:1134)
        at java.util.concurrent.ThreadPoolExecutor$Worker.run(ThreadPoolExecutor.java:624)
        at java.lang.Thread.run(Thread.java:748)
"pool-158-thread-18"  prio=5 tid=1842 in Object.wait()
java.lang.Thread.State: WAITING (on object monitor)
        at sun.misc.Unsafe.park(Native Method)
        at java.util.concurrent.locks.LockSupport.park(LockSupport.java:175)
        at java.util.concurrent.locks.AbstractQueuedSynchronizer$ConditionObject.await(AbstractQueuedSynchronizer.java:2039)
        at java.util.concurrent.ArrayBlockingQueue.take(ArrayBlockingQueue.java:403)
        at java.util.concurrent.ThreadPoolExecutor.getTask(ThreadPoolExecutor.java:1074)
        at java.util.concurrent.ThreadPoolExecutor.runWorker(ThreadPoolExecutor.java:1134)
        at java.util.concurrent.ThreadPoolExecutor$Worker.run(ThreadPoolExecutor.java:624)
        at java.lang.Thread.run(Thread.java:748)
"pool-148-thread-59"  prio=5 tid=1806 in Object.wait()
java.lang.Thread.State: WAITING (on object monitor)
        at sun.misc.Unsafe.park(Native Method)
        at java.util.concurrent.locks.LockSupport.park(LockSupport.java:175)
        at java.util.concurrent.locks.AbstractQueuedSynchronizer$ConditionObject.await(AbstractQueuedSynchronizer.java:2039)
        at java.util.concurrent.ArrayBlockingQueue.take(ArrayBlockingQueue.java:403)
        at java.util.concurrent.ThreadPoolExecutor.getTask(ThreadPoolExecutor.java:1074)
        at java.util.concurrent.ThreadPoolExecutor.runWorker(ThreadPoolExecutor.java:1134)
        at java.util.concurrent.ThreadPoolExecutor$Worker.run(ThreadPoolExecutor.java:624)
        at java.lang.Thread.run(Thread.java:748)
"pool-148-thread-37"  prio=5 tid=1784 in Object.wait()
java.lang.Thread.State: WAITING (on object monitor)
        at sun.misc.Unsafe.park(Native Method)
        at java.util.concurrent.locks.LockSupport.park(LockSupport.java:175)
        at java.util.concurrent.locks.AbstractQueuedSynchronizer$ConditionObject.await(AbstractQueuedSynchronizer.java:2039)
        at java.util.concurrent.ArrayBlockingQueue.take(ArrayBlockingQueue.java:403)
        at java.util.concurrent.ThreadPoolExecutor.getTask(ThreadPoolExecutor.java:1074)
        at java.util.concurrent.ThreadPoolExecutor.runWorker(ThreadPoolExecutor.java:1134)
        at java.util.concurrent.ThreadPoolExecutor$Worker.run(ThreadPoolExecutor.java:624)
        at java.lang.Thread.run(Thread.java:748)
"org.eclipse.jetty.server.session.HashSessionManager@19a32218Timer" daemon prio=5 tid=1160 timed_waiting
java.lang.Thread.State: TIMED_WAITING
        at sun.misc.Unsafe.park(Native Method)
        at java.util.concurrent.locks.LockSupport.parkNanos(LockSupport.java:215)
        at java.util.concurrent.locks.AbstractQueuedSynchronizer$ConditionObject.awaitNanos(AbstractQueuedSynchronizer.java:2078)
        at java.util.concurrent.ScheduledThreadPoolExecutor$DelayedWorkQueue.take(ScheduledThreadPoolExecutor.java:1093)
        at java.util.concurrent.ScheduledThreadPoolExecutor$DelayedWorkQueue.take(ScheduledThreadPoolExecutor.java:809)
        at java.util.concurrent.ThreadPoolExecutor.getTask(ThreadPoolExecutor.java:1074)
        at java.util.concurrent.ThreadPoolExecutor.runWorker(ThreadPoolExecutor.java:1134)
        at java.util.concurrent.ThreadPoolExecutor$Worker.run(ThreadPoolExecutor.java:624)
        at java.lang.Thread.run(Thread.java:748)
"refreshUsed-/workdir/hadoop-ozone/integration-test/target/test-dir/MiniOzoneClusterImpl-d661fb9f-1fa9-4d83-aa41-108be3044330/datanode-1/data/containers" daemon prio=5 tid=1607 timed_waiting
java.lang.Thread.State: TIMED_WAITING
        at java.lang.Thread.sleep(Native Method)
        at org.apache.hadoop.fs.CachingGetSpaceUsed$RefreshThread.run(CachingGetSpaceUsed.java:179)
        at java.lang.Thread.run(Thread.java:748)
"qtp1025473693-1154" daemon prio=5 tid=1154 timed_waiting
java.lang.Thread.State: TIMED_WAITING
        at sun.misc.Unsafe.park(Native Method)
        at java.util.concurrent.locks.LockSupport.parkNanos(LockSupport.java:215)
        at java.util.concurrent.locks.AbstractQueuedSynchronizer$ConditionObject.awaitNanos(AbstractQueuedSynchronizer.java:2078)
        at org.eclipse.jetty.util.BlockingArrayQueue.poll(BlockingArrayQueue.java:392)
        at org.eclipse.jetty.util.thread.QueuedThreadPool.idleJobPoll(QueuedThreadPool.java:563)
        at org.eclipse.jetty.util.thread.QueuedThreadPool.access$800(QueuedThreadPool.java:48)
        at org.eclipse.jetty.util.thread.QueuedThreadPool$2.run(QueuedThreadPool.java:626)
        at java.lang.Thread.run(Thread.java:748)
"pool-158-thread-7"  prio=5 tid=1831 in Object.wait()
java.lang.Thread.State: WAITING (on object monitor)
        at sun.misc.Unsafe.park(Native Method)
        at java.util.concurrent.locks.LockSupport.park(LockSupport.java:175)
        at java.util.concurrent.locks.AbstractQueuedSynchronizer$ConditionObject.await(AbstractQueuedSynchronizer.java:2039)
        at java.util.concurrent.ArrayBlockingQueue.take(ArrayBlockingQueue.java:403)
        at java.util.concurrent.ThreadPoolExecutor.getTask(ThreadPoolExecutor.java:1074)
        at java.util.concurrent.ThreadPoolExecutor.runWorker(ThreadPoolExecutor.java:1134)
        at java.util.concurrent.ThreadPoolExecutor$Worker.run(ThreadPoolExecutor.java:624)
        at java.lang.Thread.run(Thread.java:748)
"metrics-hadoop-metrics2-reporter-49-thread-1" daemon prio=5 tid=851 timed_waiting
java.lang.Thread.State: TIMED_WAITING
        at sun.misc.Unsafe.park(Native Method)
        at java.util.concurrent.locks.LockSupport.parkNanos(LockSupport.java:215)
        at java.util.concurrent.locks.AbstractQueuedSynchronizer$ConditionObject.awaitNanos(AbstractQueuedSynchronizer.java:2078)
        at java.util.concurrent.ScheduledThreadPoolExecutor$DelayedWorkQueue.take(ScheduledThreadPoolExecutor.java:1093)
        at java.util.concurrent.ScheduledThreadPoolExecutor$DelayedWorkQueue.take(ScheduledThreadPoolExecutor.java:809)
        at java.util.concurrent.ThreadPoolExecutor.getTask(ThreadPoolExecutor.java:1074)
        at java.util.concurrent.ThreadPoolExecutor.runWorker(ThreadPoolExecutor.java:1134)
        at java.util.concurrent.ThreadPoolExecutor$Worker.run(ThreadPoolExecutor.java:624)
        at java.lang.Thread.run(Thread.java:748)
"Datanode ReportManager Thread - 1" daemon prio=5 tid=1662 in Object.wait()
java.lang.Thread.State: WAITING (on object monitor)
        at sun.misc.Unsafe.park(Native Method)
        at java.util.concurrent.locks.LockSupport.park(LockSupport.java:175)
        at java.util.concurrent.locks.AbstractQueuedSynchronizer$ConditionObject.await(AbstractQueuedSynchronizer.java:2039)
        at java.util.concurrent.ScheduledThreadPoolExecutor$DelayedWorkQueue.take(ScheduledThreadPoolExecutor.java:1088)
        at java.util.concurrent.ScheduledThreadPoolExecutor$DelayedWorkQueue.take(ScheduledThreadPoolExecutor.java:809)
        at java.util.concurrent.ThreadPoolExecutor.getTask(ThreadPoolExecutor.java:1074)
        at java.util.concurrent.ThreadPoolExecutor.runWorker(ThreadPoolExecutor.java:1134)
        at java.util.concurrent.ThreadPoolExecutor$Worker.run(ThreadPoolExecutor.java:624)
        at java.lang.Thread.run(Thread.java:748)
"pool-148-thread-24"  prio=5 tid=1771 in Object.wait()
java.lang.Thread.State: WAITING (on object monitor)
        at sun.misc.Unsafe.park(Native Method)
        at java.util.concurrent.locks.LockSupport.park(LockSupport.java:175)
        at java.util.concurrent.locks.AbstractQueuedSynchronizer$ConditionObject.await(AbstractQueuedSynchronizer.java:2039)
        at java.util.concurrent.ArrayBlockingQueue.take(ArrayBlockingQueue.java:403)
        at java.util.concurrent.ThreadPoolExecutor.getTask(ThreadPoolExecutor.java:1074)
        at java.util.concurrent.ThreadPoolExecutor.runWorker(ThreadPoolExecutor.java:1134)
        at java.util.concurrent.ThreadPoolExecutor$Worker.run(ThreadPoolExecutor.java:624)
        at java.lang.Thread.run(Thread.java:748)
"pool-158-thread-25"  prio=5 tid=1849 in Object.wait()
java.lang.Thread.State: WAITING (on object monitor)
        at sun.misc.Unsafe.park(Native Method)
        at java.util.concurrent.locks.LockSupport.park(LockSupport.java:175)
        at java.util.concurrent.locks.AbstractQueuedSynchronizer$ConditionObject.await(AbstractQueuedSynchronizer.java:2039)
        at java.util.concurrent.ArrayBlockingQueue.take(ArrayBlockingQueue.java:403)
        at java.util.concurrent.ThreadPoolExecutor.getTask(ThreadPoolExecutor.java:1074)
        at java.util.concurrent.ThreadPoolExecutor.runWorker(ThreadPoolExecutor.java:1134)
        at java.util.concurrent.ThreadPoolExecutor$Worker.run(ThreadPoolExecutor.java:624)
        at java.lang.Thread.run(Thread.java:748)
"metrics-hadoop-metrics2-reporter-96-thread-1" daemon prio=5 tid=1531 timed_waiting
java.lang.Thread.State: TIMED_WAITING
        at sun.misc.Unsafe.park(Native Method)
        at java.util.concurrent.locks.LockSupport.parkNanos(LockSupport.java:215)
        at java.util.concurrent.locks.AbstractQueuedSynchronizer$ConditionObject.awaitNanos(AbstractQueuedSynchronizer.java:2078)
        at java.util.concurrent.ScheduledThreadPoolExecutor$DelayedWorkQueue.take(ScheduledThreadPoolExecutor.java:1093)
        at java.util.concurrent.ScheduledThreadPoolExecutor$DelayedWorkQueue.take(ScheduledThreadPoolExecutor.java:809)
        at java.util.concurrent.ThreadPoolExecutor.getTask(ThreadPoolExecutor.java:1074)
        at java.util.concurrent.ThreadPoolExecutor.runWorker(ThreadPoolExecutor.java:1134)
        at java.util.concurrent.ThreadPoolExecutor$Worker.run(ThreadPoolExecutor.java:624)
        at java.lang.Thread.run(Thread.java:748)
"grpc-default-executor-1" daemon prio=5 tid=1744 timed_waiting
java.lang.Thread.State: TIMED_WAITING
        at sun.misc.Unsafe.park(Native Method)
        at java.util.concurrent.locks.LockSupport.parkNanos(LockSupport.java:215)
        at java.util.concurrent.SynchronousQueue$TransferStack.awaitFulfill(SynchronousQueue.java:460)
        at java.util.concurrent.SynchronousQueue$TransferStack.transfer(SynchronousQueue.java:362)
        at java.util.concurrent.SynchronousQueue.poll(SynchronousQueue.java:941)
        at java.util.concurrent.ThreadPoolExecutor.getTask(ThreadPoolExecutor.java:1073)
        at java.util.concurrent.ThreadPoolExecutor.runWorker(ThreadPoolExecutor.java:1134)
        at java.util.concurrent.ThreadPoolExecutor$Worker.run(ThreadPoolExecutor.java:624)
        at java.lang.Thread.run(Thread.java:748)
"Socket Reader #1 for port 38802"  prio=5 tid=1081 runnable
java.lang.Thread.State: RUNNABLE
        at sun.nio.ch.EPollArrayWrapper.epollWait(Native Method)
        at sun.nio.ch.EPollArrayWrapper.poll(EPollArrayWrapper.java:269)
        at sun.nio.ch.EPollSelectorImpl.doSelect(EPollSelectorImpl.java:93)
        at sun.nio.ch.SelectorImpl.lockAndDoSelect(SelectorImpl.java:86)
        at sun.nio.ch.SelectorImpl.select(SelectorImpl.java:97)
        at sun.nio.ch.SelectorImpl.select(SelectorImpl.java:101)
        at org.apache.hadoop.ipc.Server$Listener$Reader.doRunLoop(Server.java:1097)
        at org.apache.hadoop.ipc.Server$Listener$Reader.run(Server.java:1076)
"metrics-hadoop-metrics2-reporter-119-thread-1" daemon prio=5 tid=1946 timed_waiting
java.lang.Thread.State: TIMED_WAITING
        at sun.misc.Unsafe.park(Native Method)
        at java.util.concurrent.locks.LockSupport.parkNanos(LockSupport.java:215)
        at java.util.concurrent.locks.AbstractQueuedSynchronizer$ConditionObject.awaitNanos(AbstractQueuedSynchronizer.java:2078)
        at java.util.concurrent.ScheduledThreadPoolExecutor$DelayedWorkQueue.take(ScheduledThreadPoolExecutor.java:1093)
        at java.util.concurrent.ScheduledThreadPoolExecutor$DelayedWorkQueue.take(ScheduledThreadPoolExecutor.java:809)
        at java.util.concurrent.ThreadPoolExecutor.getTask(ThreadPoolExecutor.java:1074)
        at java.util.concurrent.ThreadPoolExecutor.runWorker(ThreadPoolExecutor.java:1134)
        at java.util.concurrent.ThreadPoolExecutor$Worker.run(ThreadPoolExecutor.java:624)
        at java.lang.Thread.run(Thread.java:748)
"pool-148-thread-32"  prio=5 tid=1779 in Object.wait()
java.lang.Thread.State: WAITING (on object monitor)
        at sun.misc.Unsafe.park(Native Method)
        at java.util.concurrent.locks.LockSupport.park(LockSupport.java:175)
        at java.util.concurrent.locks.AbstractQueuedSynchronizer$ConditionObject.await(AbstractQueuedSynchronizer.java:2039)
        at java.util.concurrent.ArrayBlockingQueue.take(ArrayBlockingQueue.java:403)
        at java.util.concurrent.ThreadPoolExecutor.getTask(ThreadPoolExecutor.java:1074)
        at java.util.concurrent.ThreadPoolExecutor.runWorker(ThreadPoolExecutor.java:1134)
        at java.util.concurrent.ThreadPoolExecutor$Worker.run(ThreadPoolExecutor.java:624)
        at java.lang.Thread.run(Thread.java:748)
"BlockDeletingService#1" daemon prio=5 tid=1737 in Object.wait()
java.lang.Thread.State: WAITING (on object monitor)
        at sun.misc.Unsafe.park(Native Method)
        at java.util.concurrent.locks.LockSupport.park(LockSupport.java:175)
        at java.util.concurrent.locks.AbstractQueuedSynchronizer$ConditionObject.await(AbstractQueuedSynchronizer.java:2039)
        at java.util.concurrent.ScheduledThreadPoolExecutor$DelayedWorkQueue.take(ScheduledThreadPoolExecutor.java:1088)
        at java.util.concurrent.ScheduledThreadPoolExecutor$DelayedWorkQueue.take(ScheduledThreadPoolExecutor.java:809)
        at java.util.concurrent.ThreadPoolExecutor.getTask(ThreadPoolExecutor.java:1074)
        at java.util.concurrent.ThreadPoolExecutor.runWorker(ThreadPoolExecutor.java:1134)
        at java.util.concurrent.ThreadPoolExecutor$Worker.run(ThreadPoolExecutor.java:624)
        at java.lang.Thread.run(Thread.java:748)
"EventQueue-NodeRegistrationContainerReportForDataNodeSafeModeRule" daemon prio=5 tid=1479 in Object.wait()
java.lang.Thread.State: WAITING (on object monitor)
        at sun.misc.Unsafe.park(Native Method)
        at java.util.concurrent.locks.LockSupport.park(LockSupport.java:175)
        at java.util.concurrent.locks.AbstractQueuedSynchronizer$ConditionObject.await(AbstractQueuedSynchronizer.java:2039)
        at java.util.concurrent.LinkedBlockingQueue.take(LinkedBlockingQueue.java:442)
        at java.util.concurrent.ThreadPoolExecutor.getTask(ThreadPoolExecutor.java:1074)
        at java.util.concurrent.ThreadPoolExecutor.runWorker(ThreadPoolExecutor.java:1134)
        at java.util.concurrent.ThreadPoolExecutor$Worker.run(ThreadPoolExecutor.java:624)
        at java.lang.Thread.run(Thread.java:748)
"pool-158-thread-6"  prio=5 tid=1830 in Object.wait()
java.lang.Thread.State: WAITING (on object monitor)
        at sun.misc.Unsafe.park(Native Method)
        at java.util.concurrent.locks.LockSupport.park(LockSupport.java:175)
        at java.util.concurrent.locks.AbstractQueuedSynchronizer$ConditionObject.await(AbstractQueuedSynchronizer.java:2039)
        at java.util.concurrent.ArrayBlockingQueue.take(ArrayBlockingQueue.java:403)
        at java.util.concurrent.ThreadPoolExecutor.getTask(ThreadPoolExecutor.java:1074)
        at java.util.concurrent.ThreadPoolExecutor.runWorker(ThreadPoolExecutor.java:1134)
        at java.util.concurrent.ThreadPoolExecutor$Worker.run(ThreadPoolExecutor.java:624)
        at java.lang.Thread.run(Thread.java:748)
"Datanode State Machine Thread - 0" daemon prio=5 tid=1636 timed_waiting
java.lang.Thread.State: TIMED_WAITING
        at sun.misc.Unsafe.park(Native Method)
        at java.util.concurrent.locks.LockSupport.parkNanos(LockSupport.java:215)
        at java.util.concurrent.SynchronousQueue$TransferStack.awaitFulfill(SynchronousQueue.java:460)
        at java.util.concurrent.SynchronousQueue$TransferStack.transfer(SynchronousQueue.java:362)
        at java.util.concurrent.SynchronousQueue.poll(SynchronousQueue.java:941)
        at java.util.concurrent.ThreadPoolExecutor.getTask(ThreadPoolExecutor.java:1073)
        at java.util.concurrent.ThreadPoolExecutor.runWorker(ThreadPoolExecutor.java:1134)
        at java.util.concurrent.ThreadPoolExecutor$Worker.run(ThreadPoolExecutor.java:624)
        at java.lang.Thread.run(Thread.java:748)
"Command processor thread" daemon prio=5 tid=1634 timed_waiting
java.lang.Thread.State: TIMED_WAITING
        at java.lang.Thread.sleep(Native Method)
        at org.apache.hadoop.ozone.container.common.statemachine.DatanodeStateMachine.lambda$initCommandHandlerThread$1(DatanodeStateMachine.java:439)
        at org.apache.hadoop.ozone.container.common.statemachine.DatanodeStateMachine$$Lambda$141/1256566937.run(Unknown Source)
        at java.lang.Thread.run(Thread.java:748)
"IPC Server handler 14 on 38131" daemon prio=5 tid=1145 timed_waiting
java.lang.Thread.State: TIMED_WAITING
        at sun.misc.Unsafe.park(Native Method)
        at java.util.concurrent.locks.LockSupport.parkNanos(LockSupport.java:215)
        at java.util.concurrent.locks.AbstractQueuedSynchronizer$ConditionObject.awaitNanos(AbstractQueuedSynchronizer.java:2078)
        at java.util.concurrent.LinkedBlockingQueue.poll(LinkedBlockingQueue.java:467)
        at org.apache.hadoop.ipc.CallQueueManager.take(CallQueueManager.java:288)
        at org.apache.hadoop.ipc.Server$Handler.run(Server.java:2668)
"pool-138-thread-44"  prio=5 tid=1715 in Object.wait()
java.lang.Thread.State: WAITING (on object monitor)
        at sun.misc.Unsafe.park(Native Method)
        at java.util.concurrent.locks.LockSupport.park(LockSupport.java:175)
        at java.util.concurrent.locks.AbstractQueuedSynchronizer$ConditionObject.await(AbstractQueuedSynchronizer.java:2039)
        at java.util.concurrent.ArrayBlockingQueue.take(ArrayBlockingQueue.java:403)
        at java.util.concurrent.ThreadPoolExecutor.getTask(ThreadPoolExecutor.java:1074)
        at java.util.concurrent.ThreadPoolExecutor.runWorker(ThreadPoolExecutor.java:1134)
        at java.util.concurrent.ThreadPoolExecutor$Worker.run(ThreadPoolExecutor.java:624)
        at java.lang.Thread.run(Thread.java:748)
"pool-148-thread-1"  prio=5 tid=1747 in Object.wait()
java.lang.Thread.State: WAITING (on object monitor)
        at sun.misc.Unsafe.park(Native Method)
        at java.util.concurrent.locks.LockSupport.park(LockSupport.java:175)
        at java.util.concurrent.locks.AbstractQueuedSynchronizer$ConditionObject.await(AbstractQueuedSynchronizer.java:2039)
        at java.util.concurrent.ArrayBlockingQueue.take(ArrayBlockingQueue.java:403)
        at java.util.concurrent.ThreadPoolExecutor.getTask(ThreadPoolExecutor.java:1074)
        at java.util.concurrent.ThreadPoolExecutor.runWorker(ThreadPoolExecutor.java:1134)
        at java.util.concurrent.ThreadPoolExecutor$Worker.run(ThreadPoolExecutor.java:624)
        at java.lang.Thread.run(Thread.java:748)
"metrics-hadoop-metrics2-reporter-120-thread-1" daemon prio=5 tid=1948 timed_waiting
java.lang.Thread.State: TIMED_WAITING
        at sun.misc.Unsafe.park(Native Method)
        at java.util.concurrent.locks.LockSupport.parkNanos(LockSupport.java:215)
        at java.util.concurrent.locks.AbstractQueuedSynchronizer$ConditionObject.awaitNanos(AbstractQueuedSynchronizer.java:2078)
        at java.util.concurrent.ScheduledThreadPoolExecutor$DelayedWorkQueue.take(ScheduledThreadPoolExecutor.java:1093)
        at java.util.concurrent.ScheduledThreadPoolExecutor$DelayedWorkQueue.take(ScheduledThreadPoolExecutor.java:809)
        at java.util.concurrent.ThreadPoolExecutor.getTask(ThreadPoolExecutor.java:1074)
        at java.util.concurrent.ThreadPoolExecutor.runWorker(ThreadPoolExecutor.java:1134)
        at java.util.concurrent.ThreadPoolExecutor$Worker.run(ThreadPoolExecutor.java:624)
        at java.lang.Thread.run(Thread.java:748)
"metrics-hadoop-metrics2-reporter-112-thread-1" daemon prio=5 tid=1922 timed_waiting
java.lang.Thread.State: TIMED_WAITING
        at sun.misc.Unsafe.park(Native Method)
        at java.util.concurrent.locks.LockSupport.parkNanos(LockSupport.java:215)
        at java.util.concurrent.locks.AbstractQueuedSynchronizer$ConditionObject.awaitNanos(AbstractQueuedSynchronizer.java:2078)
        at java.util.concurrent.ScheduledThreadPoolExecutor$DelayedWorkQueue.take(ScheduledThreadPoolExecutor.java:1093)
        at java.util.concurrent.ScheduledThreadPoolExecutor$DelayedWorkQueue.take(ScheduledThreadPoolExecutor.java:809)
        at java.util.concurrent.ThreadPoolExecutor.getTask(ThreadPoolExecutor.java:1074)
        at java.util.concurrent.ThreadPoolExecutor.runWorker(ThreadPoolExecutor.java:1134)
        at java.util.concurrent.ThreadPoolExecutor$Worker.run(ThreadPoolExecutor.java:624)
        at java.lang.Thread.run(Thread.java:748)
"pool-138-thread-49"  prio=5 tid=1720 in Object.wait()
java.lang.Thread.State: WAITING (on object monitor)
        at sun.misc.Unsafe.park(Native Method)
        at java.util.concurrent.locks.LockSupport.park(LockSupport.java:175)
        at java.util.concurrent.locks.AbstractQueuedSynchronizer$ConditionObject.await(AbstractQueuedSynchronizer.java:2039)
        at java.util.concurrent.ArrayBlockingQueue.take(ArrayBlockingQueue.java:403)
        at java.util.concurrent.ThreadPoolExecutor.getTask(ThreadPoolExecutor.java:1074)
        at java.util.concurrent.ThreadPoolExecutor.runWorker(ThreadPoolExecutor.java:1134)
        at java.util.concurrent.ThreadPoolExecutor$Worker.run(ThreadPoolExecutor.java:624)
        at java.lang.Thread.run(Thread.java:748)
"Datanode ReportManager Thread - 2" daemon prio=5 tid=1282 in Object.wait()
java.lang.Thread.State: WAITING (on object monitor)
        at sun.misc.Unsafe.park(Native Method)
        at java.util.concurrent.locks.LockSupport.park(LockSupport.java:175)
        at java.util.concurrent.locks.AbstractQueuedSynchronizer$ConditionObject.await(AbstractQueuedSynchronizer.java:2039)
        at java.util.concurrent.ScheduledThreadPoolExecutor$DelayedWorkQueue.take(ScheduledThreadPoolExecutor.java:1088)
        at java.util.concurrent.ScheduledThreadPoolExecutor$DelayedWorkQueue.take(ScheduledThreadPoolExecutor.java:809)
        at java.util.concurrent.ThreadPoolExecutor.getTask(ThreadPoolExecutor.java:1074)
        at java.util.concurrent.ThreadPoolExecutor.runWorker(ThreadPoolExecutor.java:1134)
        at java.util.concurrent.ThreadPoolExecutor$Worker.run(ThreadPoolExecutor.java:624)
        at java.lang.Thread.run(Thread.java:748)
"pool-148-thread-33"  prio=5 tid=1780 in Object.wait()
java.lang.Thread.State: WAITING (on object monitor)
        at sun.misc.Unsafe.park(Native Method)
        at java.util.concurrent.locks.LockSupport.park(LockSupport.java:175)
        at java.util.concurrent.locks.AbstractQueuedSynchronizer$ConditionObject.await(AbstractQueuedSynchronizer.java:2039)
        at java.util.concurrent.ArrayBlockingQueue.take(ArrayBlockingQueue.java:403)
        at java.util.concurrent.ThreadPoolExecutor.getTask(ThreadPoolExecutor.java:1074)
        at java.util.concurrent.ThreadPoolExecutor.runWorker(ThreadPoolExecutor.java:1134)
        at java.util.concurrent.ThreadPoolExecutor$Worker.run(ThreadPoolExecutor.java:624)
        at java.lang.Thread.run(Thread.java:748)
"metrics-hadoop-metrics2-reporter-7-thread-1" daemon prio=5 tid=719 timed_waiting
java.lang.Thread.State: TIMED_WAITING
        at sun.misc.Unsafe.park(Native Method)
        at java.util.concurrent.locks.LockSupport.parkNanos(LockSupport.java:215)
        at java.util.concurrent.locks.AbstractQueuedSynchronizer$ConditionObject.awaitNanos(AbstractQueuedSynchronizer.java:2078)
        at java.util.concurrent.ScheduledThreadPoolExecutor$DelayedWorkQueue.take(ScheduledThreadPoolExecutor.java:1093)
        at java.util.concurrent.ScheduledThreadPoolExecutor$DelayedWorkQueue.take(ScheduledThreadPoolExecutor.java:809)
        at java.util.concurrent.ThreadPoolExecutor.getTask(ThreadPoolExecutor.java:1074)
        at java.util.concurrent.ThreadPoolExecutor.runWorker(ThreadPoolExecutor.java:1134)
        at java.util.concurrent.ThreadPoolExecutor$Worker.run(ThreadPoolExecutor.java:624)
        at java.lang.Thread.run(Thread.java:748)
"IPC Server handler 9 on 38131" daemon prio=5 tid=1140 timed_waiting
java.lang.Thread.State: TIMED_WAITING
        at sun.misc.Unsafe.park(Native Method)
        at java.util.concurrent.locks.LockSupport.parkNanos(LockSupport.java:215)
        at java.util.concurrent.locks.AbstractQueuedSynchronizer$ConditionObject.awaitNanos(AbstractQueuedSynchronizer.java:2078)
        at java.util.concurrent.LinkedBlockingQueue.poll(LinkedBlockingQueue.java:467)
        at org.apache.hadoop.ipc.CallQueueManager.take(CallQueueManager.java:288)
        at org.apache.hadoop.ipc.Server$Handler.run(Server.java:2668)
"Datanode ReportManager Thread - 2" daemon prio=5 tid=1599 in Object.wait()
java.lang.Thread.State: WAITING (on object monitor)
        at sun.misc.Unsafe.park(Native Method)
        at java.util.concurrent.locks.LockSupport.park(LockSupport.java:175)
        at java.util.concurrent.locks.AbstractQueuedSynchronizer$ConditionObject.await(AbstractQueuedSynchronizer.java:2039)
        at java.util.concurrent.ScheduledThreadPoolExecutor$DelayedWorkQueue.take(ScheduledThreadPoolExecutor.java:1088)
        at java.util.concurrent.ScheduledThreadPoolExecutor$DelayedWorkQueue.take(ScheduledThreadPoolExecutor.java:809)
        at java.util.concurrent.ThreadPoolExecutor.getTask(ThreadPoolExecutor.java:1074)
        at java.util.concurrent.ThreadPoolExecutor.runWorker(ThreadPoolExecutor.java:1134)
        at java.util.concurrent.ThreadPoolExecutor$Worker.run(ThreadPoolExecutor.java:624)
        at java.lang.Thread.run(Thread.java:748)
"qtp25266959-1588" daemon prio=5 tid=1588 timed_waiting
java.lang.Thread.State: TIMED_WAITING
        at sun.misc.Unsafe.park(Native Method)
        at java.util.concurrent.locks.LockSupport.parkNanos(LockSupport.java:215)
        at java.util.concurrent.locks.AbstractQueuedSynchronizer$ConditionObject.awaitNanos(AbstractQueuedSynchronizer.java:2078)
        at org.eclipse.jetty.util.BlockingArrayQueue.poll(BlockingArrayQueue.java:392)
        at org.eclipse.jetty.util.thread.QueuedThreadPool.idleJobPoll(QueuedThreadPool.java:563)
        at org.eclipse.jetty.util.thread.QueuedThreadPool.access$800(QueuedThreadPool.java:48)
        at org.eclipse.jetty.util.thread.QueuedThreadPool$2.run(QueuedThreadPool.java:626)
        at java.lang.Thread.run(Thread.java:748)
"jaeger.RemoteReporter-FlushTimer" daemon prio=5 tid=149 timed_waiting
java.lang.Thread.State: TIMED_WAITING
        at java.lang.Object.wait(Native Method)
        at java.util.TimerThread.mainLoop(Timer.java:552)
        at java.util.TimerThread.run(Timer.java:505)
"qtp25266959-1587" daemon prio=5 tid=1587 timed_waiting
java.lang.Thread.State: TIMED_WAITING
        at sun.misc.Unsafe.park(Native Method)
        at java.util.concurrent.locks.LockSupport.parkNanos(LockSupport.java:215)
        at java.util.concurrent.locks.AbstractQueuedSynchronizer$ConditionObject.awaitNanos(AbstractQueuedSynchronizer.java:2078)
        at org.eclipse.jetty.util.BlockingArrayQueue.poll(BlockingArrayQueue.java:392)
        at org.eclipse.jetty.util.thread.QueuedThreadPool.idleJobPoll(QueuedThreadPool.java:563)
        at org.eclipse.jetty.util.thread.QueuedThreadPool.access$800(QueuedThreadPool.java:48)
        at org.eclipse.jetty.util.thread.QueuedThreadPool$2.run(QueuedThreadPool.java:626)
        at java.lang.Thread.run(Thread.java:748)
"Datanode ReportManager Thread - 2" daemon prio=5 tid=309 in Object.wait()
java.lang.Thread.State: WAITING (on object monitor)
        at sun.misc.Unsafe.park(Native Method)
        at java.util.concurrent.locks.LockSupport.park(LockSupport.java:175)
        at java.util.concurrent.locks.AbstractQueuedSynchronizer$ConditionObject.await(AbstractQueuedSynchronizer.java:2039)
        at java.util.concurrent.ScheduledThreadPoolExecutor$DelayedWorkQueue.take(ScheduledThreadPoolExecutor.java:1088)
        at java.util.concurrent.ScheduledThreadPoolExecutor$DelayedWorkQueue.take(ScheduledThreadPoolExecutor.java:809)
        at java.util.concurrent.ThreadPoolExecutor.getTask(ThreadPoolExecutor.java:1074)
        at java.util.concurrent.ThreadPoolExecutor.runWorker(ThreadPoolExecutor.java:1134)
        at java.util.concurrent.ThreadPoolExecutor$Worker.run(ThreadPoolExecutor.java:624)
        at java.lang.Thread.run(Thread.java:748)
"IPC Server handler 6 on 38131" daemon prio=5 tid=1137 timed_waiting
java.lang.Thread.State: TIMED_WAITING
        at sun.misc.Unsafe.park(Native Method)
        at java.util.concurrent.locks.LockSupport.parkNanos(LockSupport.java:215)
        at java.util.concurrent.locks.AbstractQueuedSynchronizer$ConditionObject.awaitNanos(AbstractQueuedSynchronizer.java:2078)
        at java.util.concurrent.LinkedBlockingQueue.poll(LinkedBlockingQueue.java:467)
        at org.apache.hadoop.ipc.CallQueueManager.take(CallQueueManager.java:288)
        at org.apache.hadoop.ipc.Server$Handler.run(Server.java:2668)
"Datanode ReportManager Thread - 1" daemon prio=5 tid=1598 timed_waiting
java.lang.Thread.State: TIMED_WAITING
        at sun.misc.Unsafe.park(Native Method)
        at java.util.concurrent.locks.LockSupport.parkNanos(LockSupport.java:215)
        at java.util.concurrent.locks.AbstractQueuedSynchronizer$ConditionObject.awaitNanos(AbstractQueuedSynchronizer.java:2078)
        at java.util.concurrent.ScheduledThreadPoolExecutor$DelayedWorkQueue.take(ScheduledThreadPoolExecutor.java:1093)
        at java.util.concurrent.ScheduledThreadPoolExecutor$DelayedWorkQueue.take(ScheduledThreadPoolExecutor.java:809)
        at java.util.concurrent.ThreadPoolExecutor.getTask(ThreadPoolExecutor.java:1074)
        at java.util.concurrent.ThreadPoolExecutor.runWorker(ThreadPoolExecutor.java:1134)
        at java.util.concurrent.ThreadPoolExecutor$Worker.run(ThreadPoolExecutor.java:624)
        at java.lang.Thread.run(Thread.java:748)
"pool-138-thread-17"  prio=5 tid=1688 in Object.wait()
java.lang.Thread.State: WAITING (on object monitor)
        at sun.misc.Unsafe.park(Native Method)
        at java.util.concurrent.locks.LockSupport.park(LockSupport.java:175)
        at java.util.concurrent.locks.AbstractQueuedSynchronizer$ConditionObject.await(AbstractQueuedSynchronizer.java:2039)
        at java.util.concurrent.ArrayBlockingQueue.take(ArrayBlockingQueue.java:403)
        at java.util.concurrent.ThreadPoolExecutor.getTask(ThreadPoolExecutor.java:1074)
        at java.util.concurrent.ThreadPoolExecutor.runWorker(ThreadPoolExecutor.java:1134)
        at java.util.concurrent.ThreadPoolExecutor$Worker.run(ThreadPoolExecutor.java:624)
        at java.lang.Thread.run(Thread.java:748)
"IPC Server listener on 45184" daemon prio=5 tid=1167 runnable
java.lang.Thread.State: RUNNABLE
        at sun.nio.ch.EPollArrayWrapper.epollWait(Native Method)
        at sun.nio.ch.EPollArrayWrapper.poll(EPollArrayWrapper.java:269)
        at sun.nio.ch.EPollSelectorImpl.doSelect(EPollSelectorImpl.java:93)
        at sun.nio.ch.SelectorImpl.lockAndDoSelect(SelectorImpl.java:86)
        at sun.nio.ch.SelectorImpl.select(SelectorImpl.java:97)
        at sun.nio.ch.SelectorImpl.select(SelectorImpl.java:101)
        at org.apache.hadoop.ipc.Server$Listener.run(Server.java:1159)
"grpc-default-executor-2" daemon prio=5 tid=1927 timed_waiting
java.lang.Thread.State: TIMED_WAITING
        at sun.misc.Unsafe.park(Native Method)
        at java.util.concurrent.locks.LockSupport.parkNanos(LockSupport.java:215)
        at java.util.concurrent.SynchronousQueue$TransferStack.awaitFulfill(SynchronousQueue.java:460)
        at java.util.concurrent.SynchronousQueue$TransferStack.transfer(SynchronousQueue.java:362)
        at java.util.concurrent.SynchronousQueue.poll(SynchronousQueue.java:941)
        at java.util.concurrent.ThreadPoolExecutor.getTask(ThreadPoolExecutor.java:1073)
        at java.util.concurrent.ThreadPoolExecutor.runWorker(ThreadPoolExecutor.java:1134)
        at java.util.concurrent.ThreadPoolExecutor$Worker.run(ThreadPoolExecutor.java:624)
        at java.lang.Thread.run(Thread.java:748)
"pool-158-thread-32"  prio=5 tid=1856 in Object.wait()
java.lang.Thread.State: WAITING (on object monitor)
        at sun.misc.Unsafe.park(Native Method)
        at java.util.concurrent.locks.LockSupport.park(LockSupport.java:175)
        at java.util.concurrent.locks.AbstractQueuedSynchronizer$ConditionObject.await(AbstractQueuedSynchronizer.java:2039)
        at java.util.concurrent.ArrayBlockingQueue.take(ArrayBlockingQueue.java:403)
        at java.util.concurrent.ThreadPoolExecutor.getTask(ThreadPoolExecutor.java:1074)
        at java.util.concurrent.ThreadPoolExecutor.runWorker(ThreadPoolExecutor.java:1134)
        at java.util.concurrent.ThreadPoolExecutor$Worker.run(ThreadPoolExecutor.java:624)
        at java.lang.Thread.run(Thread.java:748)
"metrics-hadoop-metrics2-reporter-83-thread-1" daemon prio=5 tid=1493 timed_waiting
java.lang.Thread.State: TIMED_WAITING
        at sun.misc.Unsafe.park(Native Method)
        at java.util.concurrent.locks.LockSupport.parkNanos(LockSupport.java:215)
        at java.util.concurrent.locks.AbstractQueuedSynchronizer$ConditionObject.awaitNanos(AbstractQueuedSynchronizer.java:2078)
        at java.util.concurrent.ScheduledThreadPoolExecutor$DelayedWorkQueue.take(ScheduledThreadPoolExecutor.java:1093)
        at java.util.concurrent.ScheduledThreadPoolExecutor$DelayedWorkQueue.take(ScheduledThreadPoolExecutor.java:809)
        at java.util.concurrent.ThreadPoolExecutor.getTask(ThreadPoolExecutor.java:1074)
        at java.util.concurrent.ThreadPoolExecutor.runWorker(ThreadPoolExecutor.java:1134)
        at java.util.concurrent.ThreadPoolExecutor$Worker.run(ThreadPoolExecutor.java:624)
        at java.lang.Thread.run(Thread.java:748)
"Periodic HDDS volume checker"  prio=5 tid=1606 timed_waiting
java.lang.Thread.State: TIMED_WAITING
        at sun.misc.Unsafe.park(Native Method)
        at java.util.concurrent.locks.LockSupport.parkNanos(LockSupport.java:215)
        at java.util.concurrent.locks.AbstractQueuedSynchronizer$ConditionObject.awaitNanos(AbstractQueuedSynchronizer.java:2078)
        at java.util.concurrent.ScheduledThreadPoolExecutor$DelayedWorkQueue.take(ScheduledThreadPoolExecutor.java:1093)
        at java.util.concurrent.ScheduledThreadPoolExecutor$DelayedWorkQueue.take(ScheduledThreadPoolExecutor.java:809)
        at java.util.concurrent.ThreadPoolExecutor.getTask(ThreadPoolExecutor.java:1074)
        at java.util.concurrent.ThreadPoolExecutor.runWorker(ThreadPoolExecutor.java:1134)
        at java.util.concurrent.ThreadPoolExecutor$Worker.run(ThreadPoolExecutor.java:624)
        at java.lang.Thread.run(Thread.java:748)
"pool-138-thread-47"  prio=5 tid=1718 in Object.wait()
java.lang.Thread.State: WAITING (on object monitor)
        at sun.misc.Unsafe.park(Native Method)
        at java.util.concurrent.locks.LockSupport.park(LockSupport.java:175)
        at java.util.concurrent.locks.AbstractQueuedSynchronizer$ConditionObject.await(AbstractQueuedSynchronizer.java:2039)
        at java.util.concurrent.ArrayBlockingQueue.take(ArrayBlockingQueue.java:403)
        at java.util.concurrent.ThreadPoolExecutor.getTask(ThreadPoolExecutor.java:1074)
        at java.util.concurrent.ThreadPoolExecutor.runWorker(ThreadPoolExecutor.java:1134)
        at java.util.concurrent.ThreadPoolExecutor$Worker.run(ThreadPoolExecutor.java:624)
        at java.lang.Thread.run(Thread.java:748)
"pool-158-thread-49"  prio=5 tid=1874 in Object.wait()
java.lang.Thread.State: WAITING (on object monitor)
        at sun.misc.Unsafe.park(Native Method)
        at java.util.concurrent.locks.LockSupport.park(LockSupport.java:175)
        at java.util.concurrent.locks.AbstractQueuedSynchronizer$ConditionObject.await(AbstractQueuedSynchronizer.java:2039)
        at java.util.concurrent.ArrayBlockingQueue.take(ArrayBlockingQueue.java:403)
        at java.util.concurrent.ThreadPoolExecutor.getTask(ThreadPoolExecutor.java:1074)
        at java.util.concurrent.ThreadPoolExecutor.runWorker(ThreadPoolExecutor.java:1134)
        at java.util.concurrent.ThreadPoolExecutor$Worker.run(ThreadPoolExecutor.java:624)
        at java.lang.Thread.run(Thread.java:748)
"metrics-hadoop-metrics2-reporter-110-thread-1" daemon prio=5 tid=1917 timed_waiting
java.lang.Thread.State: TIMED_WAITING
        at sun.misc.Unsafe.park(Native Method)
        at java.util.concurrent.locks.LockSupport.parkNanos(LockSupport.java:215)
        at java.util.concurrent.locks.AbstractQueuedSynchronizer$ConditionObject.awaitNanos(AbstractQueuedSynchronizer.java:2078)
        at java.util.concurrent.ScheduledThreadPoolExecutor$DelayedWorkQueue.take(ScheduledThreadPoolExecutor.java:1093)
        at java.util.concurrent.ScheduledThreadPoolExecutor$DelayedWorkQueue.take(ScheduledThreadPoolExecutor.java:809)
        at java.util.concurrent.ThreadPoolExecutor.getTask(ThreadPoolExecutor.java:1074)
        at java.util.concurrent.ThreadPoolExecutor.runWorker(ThreadPoolExecutor.java:1134)
        at java.util.concurrent.ThreadPoolExecutor$Worker.run(ThreadPoolExecutor.java:624)
        at java.lang.Thread.run(Thread.java:748)
"EventQueue-NodeRegistrationContainerReportForContainerSafeModeRule" daemon prio=5 tid=1478 in Object.wait()
java.lang.Thread.State: WAITING (on object monitor)
        at sun.misc.Unsafe.park(Native Method)
        at java.util.concurrent.locks.LockSupport.park(LockSupport.java:175)
        at java.util.concurrent.locks.AbstractQueuedSynchronizer$ConditionObject.await(AbstractQueuedSynchronizer.java:2039)
        at java.util.concurrent.LinkedBlockingQueue.take(LinkedBlockingQueue.java:442)
        at java.util.concurrent.ThreadPoolExecutor.getTask(ThreadPoolExecutor.java:1074)
        at java.util.concurrent.ThreadPoolExecutor.runWorker(ThreadPoolExecutor.java:1134)
        at java.util.concurrent.ThreadPoolExecutor$Worker.run(ThreadPoolExecutor.java:624)
        at java.lang.Thread.run(Thread.java:748)
"metrics-hadoop-metrics2-reporter-68-thread-1" daemon prio=5 tid=992 timed_waiting
java.lang.Thread.State: TIMED_WAITING
        at sun.misc.Unsafe.park(Native Method)
        at java.util.concurrent.locks.LockSupport.parkNanos(LockSupport.java:215)
        at java.util.concurrent.locks.AbstractQueuedSynchronizer$ConditionObject.awaitNanos(AbstractQueuedSynchronizer.java:2078)
        at java.util.concurrent.ScheduledThreadPoolExecutor$DelayedWorkQueue.take(ScheduledThreadPoolExecutor.java:1093)
        at java.util.concurrent.ScheduledThreadPoolExecutor$DelayedWorkQueue.take(ScheduledThreadPoolExecutor.java:809)
        at java.util.concurrent.ThreadPoolExecutor.getTask(ThreadPoolExecutor.java:1074)
        at java.util.concurrent.ThreadPoolExecutor.runWorker(ThreadPoolExecutor.java:1134)
        at java.util.concurrent.ThreadPoolExecutor$Worker.run(ThreadPoolExecutor.java:624)
        at java.lang.Thread.run(Thread.java:748)
"IPC Server handler 16 on 45184" daemon prio=5 tid=1190 timed_waiting
java.lang.Thread.State: TIMED_WAITING
        at sun.misc.Unsafe.park(Native Method)
        at java.util.concurrent.locks.LockSupport.parkNanos(LockSupport.java:215)
        at java.util.concurrent.locks.AbstractQueuedSynchronizer$ConditionObject.awaitNanos(AbstractQueuedSynchronizer.java:2078)
        at java.util.concurrent.LinkedBlockingQueue.poll(LinkedBlockingQueue.java:467)
        at org.apache.hadoop.ipc.CallQueueManager.take(CallQueueManager.java:288)
        at org.apache.hadoop.ipc.Server$Handler.run(Server.java:2668)
"IPC Server handler 3 on 46609" daemon prio=5 tid=1094 timed_waiting
java.lang.Thread.State: TIMED_WAITING
        at sun.misc.Unsafe.park(Native Method)
        at java.util.concurrent.locks.LockSupport.parkNanos(LockSupport.java:215)
        at java.util.concurrent.locks.AbstractQueuedSynchronizer$ConditionObject.awaitNanos(AbstractQueuedSynchronizer.java:2078)
        at java.util.concurrent.LinkedBlockingQueue.poll(LinkedBlockingQueue.java:467)
        at org.apache.hadoop.ipc.CallQueueManager.take(CallQueueManager.java:288)
        at org.apache.hadoop.ipc.Server$Handler.run(Server.java:2668)
"metrics-hadoop-metrics2-reporter-55-thread-1" daemon prio=5 tid=944 timed_waiting
java.lang.Thread.State: TIMED_WAITING
        at sun.misc.Unsafe.park(Native Method)
        at java.util.concurrent.locks.LockSupport.parkNanos(LockSupport.java:215)
        at java.util.concurrent.locks.AbstractQueuedSynchronizer$ConditionObject.awaitNanos(AbstractQueuedSynchronizer.java:2078)
        at java.util.concurrent.ScheduledThreadPoolExecutor$DelayedWorkQueue.take(ScheduledThreadPoolExecutor.java:1093)
        at java.util.concurrent.ScheduledThreadPoolExecutor$DelayedWorkQueue.take(ScheduledThreadPoolExecutor.java:809)
        at java.util.concurrent.ThreadPoolExecutor.getTask(ThreadPoolExecutor.java:1074)
        at java.util.concurrent.ThreadPoolExecutor.runWorker(ThreadPoolExecutor.java:1134)
        at java.util.concurrent.ThreadPoolExecutor$Worker.run(ThreadPoolExecutor.java:624)
        at java.lang.Thread.run(Thread.java:748)
"metrics-hadoop-metrics2-reporter-30-thread-1" daemon prio=5 tid=780 timed_waiting
java.lang.Thread.State: TIMED_WAITING
        at sun.misc.Unsafe.park(Native Method)
        at java.util.concurrent.locks.LockSupport.parkNanos(LockSupport.java:215)
        at java.util.concurrent.locks.AbstractQueuedSynchronizer$ConditionObject.awaitNanos(AbstractQueuedSynchronizer.java:2078)
        at java.util.concurrent.ScheduledThreadPoolExecutor$DelayedWorkQueue.take(ScheduledThreadPoolExecutor.java:1093)
        at java.util.concurrent.ScheduledThreadPoolExecutor$DelayedWorkQueue.take(ScheduledThreadPoolExecutor.java:809)
        at java.util.concurrent.ThreadPoolExecutor.getTask(ThreadPoolExecutor.java:1074)
        at java.util.concurrent.ThreadPoolExecutor.runWorker(ThreadPoolExecutor.java:1134)
        at java.util.concurrent.ThreadPoolExecutor$Worker.run(ThreadPoolExecutor.java:624)
        at java.lang.Thread.run(Thread.java:748)
"pool-138-thread-41"  prio=5 tid=1712 in Object.wait()
java.lang.Thread.State: WAITING (on object monitor)
        at sun.misc.Unsafe.park(Native Method)
        at java.util.concurrent.locks.LockSupport.park(LockSupport.java:175)
        at java.util.concurrent.locks.AbstractQueuedSynchronizer$ConditionObject.await(AbstractQueuedSynchronizer.java:2039)
        at java.util.concurrent.ArrayBlockingQueue.take(ArrayBlockingQueue.java:403)
        at java.util.concurrent.ThreadPoolExecutor.getTask(ThreadPoolExecutor.java:1074)
        at java.util.concurrent.ThreadPoolExecutor.runWorker(ThreadPoolExecutor.java:1134)
        at java.util.concurrent.ThreadPoolExecutor$Worker.run(ThreadPoolExecutor.java:624)
        at java.lang.Thread.run(Thread.java:748)
"IPC Server handler 4 on 45184" daemon prio=5 tid=1177 timed_waiting
java.lang.Thread.State: TIMED_WAITING
        at sun.misc.Unsafe.park(Native Method)
        at java.util.concurrent.locks.LockSupport.parkNanos(LockSupport.java:215)
        at java.util.concurrent.locks.AbstractQueuedSynchronizer$ConditionObject.awaitNanos(AbstractQueuedSynchronizer.java:2078)
        at java.util.concurrent.LinkedBlockingQueue.poll(LinkedBlockingQueue.java:467)
        at org.apache.hadoop.ipc.CallQueueManager.take(CallQueueManager.java:288)
        at org.apache.hadoop.ipc.Server$Handler.run(Server.java:2668)
"pool-158-thread-41"  prio=5 tid=1865 in Object.wait()
java.lang.Thread.State: WAITING (on object monitor)
        at sun.misc.Unsafe.park(Native Method)
        at java.util.concurrent.locks.LockSupport.park(LockSupport.java:175)
        at java.util.concurrent.locks.AbstractQueuedSynchronizer$ConditionObject.await(AbstractQueuedSynchronizer.java:2039)
        at java.util.concurrent.ArrayBlockingQueue.take(ArrayBlockingQueue.java:403)
        at java.util.concurrent.ThreadPoolExecutor.getTask(ThreadPoolExecutor.java:1074)
        at java.util.concurrent.ThreadPoolExecutor.runWorker(ThreadPoolExecutor.java:1134)
        at java.util.concurrent.ThreadPoolExecutor$Worker.run(ThreadPoolExecutor.java:624)
        at java.lang.Thread.run(Thread.java:748)
"metrics-hadoop-metrics2-reporter-51-thread-1" daemon prio=5 tid=856 timed_waiting
java.lang.Thread.State: TIMED_WAITING
        at sun.misc.Unsafe.park(Native Method)
        at java.util.concurrent.locks.LockSupport.parkNanos(LockSupport.java:215)
        at java.util.concurrent.locks.AbstractQueuedSynchronizer$ConditionObject.awaitNanos(AbstractQueuedSynchronizer.java:2078)
        at java.util.concurrent.ScheduledThreadPoolExecutor$DelayedWorkQueue.take(ScheduledThreadPoolExecutor.java:1093)
        at java.util.concurrent.ScheduledThreadPoolExecutor$DelayedWorkQueue.take(ScheduledThreadPoolExecutor.java:809)
        at java.util.concurrent.ThreadPoolExecutor.getTask(ThreadPoolExecutor.java:1074)
        at java.util.concurrent.ThreadPoolExecutor.runWorker(ThreadPoolExecutor.java:1134)
        at java.util.concurrent.ThreadPoolExecutor$Worker.run(ThreadPoolExecutor.java:624)
        at java.lang.Thread.run(Thread.java:748)
"qtp734928767-1615" daemon prio=5 tid=1615 runnable
java.lang.Thread.State: RUNNABLE
        at sun.nio.ch.EPollArrayWrapper.epollWait(Native Method)
        at sun.nio.ch.EPollArrayWrapper.poll(EPollArrayWrapper.java:269)
        at sun.nio.ch.EPollSelectorImpl.doSelect(EPollSelectorImpl.java:93)
        at sun.nio.ch.SelectorImpl.lockAndDoSelect(SelectorImpl.java:86)
        at sun.nio.ch.SelectorImpl.select(SelectorImpl.java:97)
        at sun.nio.ch.SelectorImpl.select(SelectorImpl.java:101)
        at org.eclipse.jetty.io.ManagedSelector$SelectorProducer.select(ManagedSelector.java:243)
        at org.eclipse.jetty.io.ManagedSelector$SelectorProducer.produce(ManagedSelector.java:191)
        at org.eclipse.jetty.util.thread.strategy.ExecuteProduceConsume.executeProduceConsume(ExecuteProduceConsume.java:249)
        at org.eclipse.jetty.util.thread.strategy.ExecuteProduceConsume.produceConsume(ExecuteProduceConsume.java:148)
        at org.eclipse.jetty.util.thread.strategy.ExecuteProduceConsume.execute(ExecuteProduceConsume.java:100)
        at org.eclipse.jetty.io.ManagedSelector.run(ManagedSelector.java:147)
        at org.eclipse.jetty.util.thread.QueuedThreadPool.runJob(QueuedThreadPool.java:671)
        at org.eclipse.jetty.util.thread.QueuedThreadPool$2.run(QueuedThreadPool.java:589)
        at java.lang.Thread.run(Thread.java:748)
"bc0bc980-c963-48ce-962e-85091c893131@group-65A7CFDAF5F6-StateMachineUpdater" daemon prio=5 tid=1910 in Object.wait()
java.lang.Thread.State: WAITING (on object monitor)
        at java.lang.Object.wait(Native Method)
        at java.lang.Object.wait(Object.java:502)
        at org.apache.ratis.server.impl.StateMachineUpdater.waitForCommit(StateMachineUpdater.java:194)
        at org.apache.ratis.server.impl.StateMachineUpdater.run(StateMachineUpdater.java:159)
        at java.lang.Thread.run(Thread.java:748)
"pool-148-thread-11"  prio=5 tid=1757 in Object.wait()
java.lang.Thread.State: WAITING (on object monitor)
        at sun.misc.Unsafe.park(Native Method)
        at java.util.concurrent.locks.LockSupport.park(LockSupport.java:175)
        at java.util.concurrent.locks.AbstractQueuedSynchronizer$ConditionObject.await(AbstractQueuedSynchronizer.java:2039)
        at java.util.concurrent.ArrayBlockingQueue.take(ArrayBlockingQueue.java:403)
        at java.util.concurrent.ThreadPoolExecutor.getTask(ThreadPoolExecutor.java:1074)
        at java.util.concurrent.ThreadPoolExecutor.runWorker(ThreadPoolExecutor.java:1134)
        at java.util.concurrent.ThreadPoolExecutor$Worker.run(ThreadPoolExecutor.java:624)
        at java.lang.Thread.run(Thread.java:748)
"qtp734928767-1616" daemon prio=5 tid=1616 timed_waiting
java.lang.Thread.State: TIMED_WAITING
        at sun.misc.Unsafe.park(Native Method)
        at java.util.concurrent.locks.LockSupport.parkNanos(LockSupport.java:215)
        at java.util.concurrent.locks.AbstractQueuedSynchronizer$ConditionObject.awaitNanos(AbstractQueuedSynchronizer.java:2078)
        at org.eclipse.jetty.util.BlockingArrayQueue.poll(BlockingArrayQueue.java:392)
        at org.eclipse.jetty.util.thread.QueuedThreadPool.idleJobPoll(QueuedThreadPool.java:563)
        at org.eclipse.jetty.util.thread.QueuedThreadPool.access$800(QueuedThreadPool.java:48)
        at org.eclipse.jetty.util.thread.QueuedThreadPool$2.run(QueuedThreadPool.java:626)
        at java.lang.Thread.run(Thread.java:748)
"grpc-default-executor-0" daemon prio=5 tid=1743 timed_waiting
java.lang.Thread.State: TIMED_WAITING
        at sun.misc.Unsafe.park(Native Method)
        at java.util.concurrent.locks.LockSupport.parkNanos(LockSupport.java:215)
        at java.util.concurrent.SynchronousQueue$TransferStack.awaitFulfill(SynchronousQueue.java:460)
        at java.util.concurrent.SynchronousQueue$TransferStack.transfer(SynchronousQueue.java:362)
        at java.util.concurrent.SynchronousQueue.poll(SynchronousQueue.java:941)
        at java.util.concurrent.ThreadPoolExecutor.getTask(ThreadPoolExecutor.java:1073)
        at java.util.concurrent.ThreadPoolExecutor.runWorker(ThreadPoolExecutor.java:1134)
        at java.util.concurrent.ThreadPoolExecutor$Worker.run(ThreadPoolExecutor.java:624)
        at java.lang.Thread.run(Thread.java:748)
"d612b743-bedc-4c3f-983e-e3329f8a2e6f@group-DDD6BF56D535-SegmentedRaftLogWorker"  prio=5 tid=1657 timed_waiting
java.lang.Thread.State: TIMED_WAITING
        at sun.misc.Unsafe.park(Native Method)
        at java.util.concurrent.locks.LockSupport.parkNanos(LockSupport.java:215)
        at java.util.concurrent.locks.AbstractQueuedSynchronizer$ConditionObject.awaitNanos(AbstractQueuedSynchronizer.java:2078)
        at org.apache.ratis.util.DataBlockingQueue.poll(DataBlockingQueue.java:137)
        at org.apache.ratis.server.raftlog.segmented.SegmentedRaftLogWorker.run(SegmentedRaftLogWorker.java:282)
        at java.lang.Thread.run(Thread.java:748)
"pool-148-thread-49"  prio=5 tid=1796 in Object.wait()
java.lang.Thread.State: WAITING (on object monitor)
        at sun.misc.Unsafe.park(Native Method)
        at java.util.concurrent.locks.LockSupport.park(LockSupport.java:175)
        at java.util.concurrent.locks.AbstractQueuedSynchronizer$ConditionObject.await(AbstractQueuedSynchronizer.java:2039)
        at java.util.concurrent.ArrayBlockingQueue.take(ArrayBlockingQueue.java:403)
        at java.util.concurrent.ThreadPoolExecutor.getTask(ThreadPoolExecutor.java:1074)
        at java.util.concurrent.ThreadPoolExecutor.runWorker(ThreadPoolExecutor.java:1134)
        at java.util.concurrent.ThreadPoolExecutor$Worker.run(ThreadPoolExecutor.java:624)
        at java.lang.Thread.run(Thread.java:748)
"pool-138-thread-21"  prio=5 tid=1692 in Object.wait()
java.lang.Thread.State: WAITING (on object monitor)
        at sun.misc.Unsafe.park(Native Method)
        at java.util.concurrent.locks.LockSupport.park(LockSupport.java:175)
        at java.util.concurrent.locks.AbstractQueuedSynchronizer$ConditionObject.await(AbstractQueuedSynchronizer.java:2039)
        at java.util.concurrent.ArrayBlockingQueue.take(ArrayBlockingQueue.java:403)
        at java.util.concurrent.ThreadPoolExecutor.getTask(ThreadPoolExecutor.java:1074)
        at java.util.concurrent.ThreadPoolExecutor.runWorker(ThreadPoolExecutor.java:1134)
        at java.util.concurrent.ThreadPoolExecutor$Worker.run(ThreadPoolExecutor.java:624)
        at java.lang.Thread.run(Thread.java:748)
"org.eclipse.jetty.server.session.HashSessionManager@7e6156e9Timer" daemon prio=5 tid=1159 timed_waiting
java.lang.Thread.State: TIMED_WAITING
        at sun.misc.Unsafe.park(Native Method)
        at java.util.concurrent.locks.LockSupport.parkNanos(LockSupport.java:215)
        at java.util.concurrent.locks.AbstractQueuedSynchronizer$ConditionObject.awaitNanos(AbstractQueuedSynchronizer.java:2078)
        at java.util.concurrent.ScheduledThreadPoolExecutor$DelayedWorkQueue.take(ScheduledThreadPoolExecutor.java:1093)
        at java.util.concurrent.ScheduledThreadPoolExecutor$DelayedWorkQueue.take(ScheduledThreadPoolExecutor.java:809)
        at java.util.concurrent.ThreadPoolExecutor.getTask(ThreadPoolExecutor.java:1074)
        at java.util.concurrent.ThreadPoolExecutor.runWorker(ThreadPoolExecutor.java:1134)
        at java.util.concurrent.ThreadPoolExecutor$Worker.run(ThreadPoolExecutor.java:624)
        at java.lang.Thread.run(Thread.java:748)
"IPC Server handler 18 on 38131" daemon prio=5 tid=1149 timed_waiting
java.lang.Thread.State: TIMED_WAITING
        at sun.misc.Unsafe.park(Native Method)
        at java.util.concurrent.locks.LockSupport.parkNanos(LockSupport.java:215)
        at java.util.concurrent.locks.AbstractQueuedSynchronizer$ConditionObject.awaitNanos(AbstractQueuedSynchronizer.java:2078)
        at java.util.concurrent.LinkedBlockingQueue.poll(LinkedBlockingQueue.java:467)
        at org.apache.hadoop.ipc.CallQueueManager.take(CallQueueManager.java:288)
        at org.apache.hadoop.ipc.Server$Handler.run(Server.java:2668)
"metrics-hadoop-metrics2-reporter-31-thread-1" daemon prio=5 tid=783 timed_waiting
java.lang.Thread.State: TIMED_WAITING
        at sun.misc.Unsafe.park(Native Method)
        at java.util.concurrent.locks.LockSupport.parkNanos(LockSupport.java:215)
        at java.util.concurrent.locks.AbstractQueuedSynchronizer$ConditionObject.awaitNanos(AbstractQueuedSynchronizer.java:2078)
        at java.util.concurrent.ScheduledThreadPoolExecutor$DelayedWorkQueue.take(ScheduledThreadPoolExecutor.java:1093)
        at java.util.concurrent.ScheduledThreadPoolExecutor$DelayedWorkQueue.take(ScheduledThreadPoolExecutor.java:809)
        at java.util.concurrent.ThreadPoolExecutor.getTask(ThreadPoolExecutor.java:1074)
        at java.util.concurrent.ThreadPoolExecutor.runWorker(ThreadPoolExecutor.java:1134)
        at java.util.concurrent.ThreadPoolExecutor$Worker.run(ThreadPoolExecutor.java:624)
        at java.lang.Thread.run(Thread.java:748)
"pool-158-thread-40"  prio=5 tid=1864 in Object.wait()
java.lang.Thread.State: WAITING (on object monitor)
        at sun.misc.Unsafe.park(Native Method)
        at java.util.concurrent.locks.LockSupport.park(LockSupport.java:175)
        at java.util.concurrent.locks.AbstractQueuedSynchronizer$ConditionObject.await(AbstractQueuedSynchronizer.java:2039)
        at java.util.concurrent.ArrayBlockingQueue.take(ArrayBlockingQueue.java:403)
        at java.util.concurrent.ThreadPoolExecutor.getTask(ThreadPoolExecutor.java:1074)
        at java.util.concurrent.ThreadPoolExecutor.runWorker(ThreadPoolExecutor.java:1134)
        at java.util.concurrent.ThreadPoolExecutor$Worker.run(ThreadPoolExecutor.java:624)
        at java.lang.Thread.run(Thread.java:748)
"pool-148-thread-27"  prio=5 tid=1774 in Object.wait()
java.lang.Thread.State: WAITING (on object monitor)
        at sun.misc.Unsafe.park(Native Method)
        at java.util.concurrent.locks.LockSupport.park(LockSupport.java:175)
        at java.util.concurrent.locks.AbstractQueuedSynchronizer$ConditionObject.await(AbstractQueuedSynchronizer.java:2039)
        at java.util.concurrent.ArrayBlockingQueue.take(ArrayBlockingQueue.java:403)
        at java.util.concurrent.ThreadPoolExecutor.getTask(ThreadPoolExecutor.java:1074)
        at java.util.concurrent.ThreadPoolExecutor.runWorker(ThreadPoolExecutor.java:1134)
        at java.util.concurrent.ThreadPoolExecutor$Worker.run(ThreadPoolExecutor.java:624)
        at java.lang.Thread.run(Thread.java:748)
"pool-148-thread-54"  prio=5 tid=1801 in Object.wait()
java.lang.Thread.State: WAITING (on object monitor)
        at sun.misc.Unsafe.park(Native Method)
        at java.util.concurrent.locks.LockSupport.park(LockSupport.java:175)
        at java.util.concurrent.locks.AbstractQueuedSynchronizer$ConditionObject.await(AbstractQueuedSynchronizer.java:2039)
        at java.util.concurrent.ArrayBlockingQueue.take(ArrayBlockingQueue.java:403)
        at java.util.concurrent.ThreadPoolExecutor.getTask(ThreadPoolExecutor.java:1074)
        at java.util.concurrent.ThreadPoolExecutor.runWorker(ThreadPoolExecutor.java:1134)
        at java.util.concurrent.ThreadPoolExecutor$Worker.run(ThreadPoolExecutor.java:624)
        at java.lang.Thread.run(Thread.java:748)
"metrics-hadoop-metrics2-reporter-15-thread-1" daemon prio=5 tid=738 timed_waiting
java.lang.Thread.State: TIMED_WAITING
        at sun.misc.Unsafe.park(Native Method)
        at java.util.concurrent.locks.LockSupport.parkNanos(LockSupport.java:215)
        at java.util.concurrent.locks.AbstractQueuedSynchronizer$ConditionObject.awaitNanos(AbstractQueuedSynchronizer.java:2078)
        at java.util.concurrent.ScheduledThreadPoolExecutor$DelayedWorkQueue.take(ScheduledThreadPoolExecutor.java:1093)
        at java.util.concurrent.ScheduledThreadPoolExecutor$DelayedWorkQueue.take(ScheduledThreadPoolExecutor.java:809)
        at java.util.concurrent.ThreadPoolExecutor.getTask(ThreadPoolExecutor.java:1074)
        at java.util.concurrent.ThreadPoolExecutor.runWorker(ThreadPoolExecutor.java:1134)
        at java.util.concurrent.ThreadPoolExecutor$Worker.run(ThreadPoolExecutor.java:624)
        at java.lang.Thread.run(Thread.java:748)
"metrics-hadoop-metrics2-reporter-99-thread-1" daemon prio=5 tid=1537 timed_waiting
java.lang.Thread.State: TIMED_WAITING
        at sun.misc.Unsafe.park(Native Method)
        at java.util.concurrent.locks.LockSupport.parkNanos(LockSupport.java:215)
        at java.util.concurrent.locks.AbstractQueuedSynchronizer$ConditionObject.awaitNanos(AbstractQueuedSynchronizer.java:2078)
        at java.util.concurrent.ScheduledThreadPoolExecutor$DelayedWorkQueue.take(ScheduledThreadPoolExecutor.java:1093)
        at java.util.concurrent.ScheduledThreadPoolExecutor$DelayedWorkQueue.take(ScheduledThreadPoolExecutor.java:809)
        at java.util.concurrent.ThreadPoolExecutor.getTask(ThreadPoolExecutor.java:1074)
        at java.util.concurrent.ThreadPoolExecutor.runWorker(ThreadPoolExecutor.java:1134)
        at java.util.concurrent.ThreadPoolExecutor$Worker.run(ThreadPoolExecutor.java:624)
        at java.lang.Thread.run(Thread.java:748)
"metrics-hadoop-metrics2-reporter-71-thread-1" daemon prio=5 tid=1009 timed_waiting
java.lang.Thread.State: TIMED_WAITING
        at sun.misc.Unsafe.park(Native Method)
        at java.util.concurrent.locks.LockSupport.parkNanos(LockSupport.java:215)
        at java.util.concurrent.locks.AbstractQueuedSynchronizer$ConditionObject.awaitNanos(AbstractQueuedSynchronizer.java:2078)
        at java.util.concurrent.ScheduledThreadPoolExecutor$DelayedWorkQueue.take(ScheduledThreadPoolExecutor.java:1093)
        at java.util.concurrent.ScheduledThreadPoolExecutor$DelayedWorkQueue.take(ScheduledThreadPoolExecutor.java:809)
        at java.util.concurrent.ThreadPoolExecutor.getTask(ThreadPoolExecutor.java:1074)
        at java.util.concurrent.ThreadPoolExecutor.runWorker(ThreadPoolExecutor.java:1134)
        at java.util.concurrent.ThreadPoolExecutor$Worker.run(ThreadPoolExecutor.java:624)
        at java.lang.Thread.run(Thread.java:748)
"pool-148-thread-9"  prio=5 tid=1755 in Object.wait()
java.lang.Thread.State: WAITING (on object monitor)
        at sun.misc.Unsafe.park(Native Method)
        at java.util.concurrent.locks.LockSupport.park(LockSupport.java:175)
        at java.util.concurrent.locks.AbstractQueuedSynchronizer$ConditionObject.await(AbstractQueuedSynchronizer.java:2039)
        at java.util.concurrent.ArrayBlockingQueue.take(ArrayBlockingQueue.java:403)
        at java.util.concurrent.ThreadPoolExecutor.getTask(ThreadPoolExecutor.java:1074)
        at java.util.concurrent.ThreadPoolExecutor.runWorker(ThreadPoolExecutor.java:1134)
        at java.util.concurrent.ThreadPoolExecutor$Worker.run(ThreadPoolExecutor.java:624)
        at java.lang.Thread.run(Thread.java:748)
"pool-158-thread-56"  prio=5 tid=1881 in Object.wait()
java.lang.Thread.State: WAITING (on object monitor)
        at sun.misc.Unsafe.park(Native Method)
        at java.util.concurrent.locks.LockSupport.park(LockSupport.java:175)
        at java.util.concurrent.locks.AbstractQueuedSynchronizer$ConditionObject.await(AbstractQueuedSynchronizer.java:2039)
        at java.util.concurrent.ArrayBlockingQueue.take(ArrayBlockingQueue.java:403)
        at java.util.concurrent.ThreadPoolExecutor.getTask(ThreadPoolExecutor.java:1074)
        at java.util.concurrent.ThreadPoolExecutor.runWorker(ThreadPoolExecutor.java:1134)
        at java.util.concurrent.ThreadPoolExecutor$Worker.run(ThreadPoolExecutor.java:624)
        at java.lang.Thread.run(Thread.java:748)
"Datanode ReportManager Thread - 0" daemon prio=5 tid=1630 timed_waiting
java.lang.Thread.State: TIMED_WAITING
        at sun.misc.Unsafe.park(Native Method)
        at java.util.concurrent.locks.LockSupport.parkNanos(LockSupport.java:215)
        at java.util.concurrent.locks.AbstractQueuedSynchronizer$ConditionObject.awaitNanos(AbstractQueuedSynchronizer.java:2078)
        at java.util.concurrent.ScheduledThreadPoolExecutor$DelayedWorkQueue.take(ScheduledThreadPoolExecutor.java:1093)
        at java.util.concurrent.ScheduledThreadPoolExecutor$DelayedWorkQueue.take(ScheduledThreadPoolExecutor.java:809)
        at java.util.concurrent.ThreadPoolExecutor.getTask(ThreadPoolExecutor.java:1074)
        at java.util.concurrent.ThreadPoolExecutor.runWorker(ThreadPoolExecutor.java:1134)
        at java.util.concurrent.ThreadPoolExecutor$Worker.run(ThreadPoolExecutor.java:624)
        at java.lang.Thread.run(Thread.java:748)
"d612b743-bedc-4c3f-983e-e3329f8a2e6f@group-9F7ECBB45DDD-SegmentedRaftLogWorker"  prio=5 tid=1918 timed_waiting
java.lang.Thread.State: TIMED_WAITING
        at sun.misc.Unsafe.park(Native Method)
        at java.util.concurrent.locks.LockSupport.parkNanos(LockSupport.java:215)
        at java.util.concurrent.locks.AbstractQueuedSynchronizer$ConditionObject.awaitNanos(AbstractQueuedSynchronizer.java:2078)
        at org.apache.ratis.util.DataBlockingQueue.poll(DataBlockingQueue.java:137)
        at org.apache.ratis.server.raftlog.segmented.SegmentedRaftLogWorker.run(SegmentedRaftLogWorker.java:282)
        at java.lang.Thread.run(Thread.java:748)
"Command processor thread" daemon prio=5 tid=1665 timed_waiting
java.lang.Thread.State: TIMED_WAITING
        at java.lang.Thread.sleep(Native Method)
        at org.apache.hadoop.ozone.container.common.statemachine.DatanodeStateMachine.lambda$initCommandHandlerThread$1(DatanodeStateMachine.java:439)
        at org.apache.hadoop.ozone.container.common.statemachine.DatanodeStateMachine$$Lambda$141/1256566937.run(Unknown Source)
        at java.lang.Thread.run(Thread.java:748)
"pool-158-thread-9"  prio=5 tid=1833 in Object.wait()
java.lang.Thread.State: WAITING (on object monitor)
        at sun.misc.Unsafe.park(Native Method)
        at java.util.concurrent.locks.LockSupport.park(LockSupport.java:175)
        at java.util.concurrent.locks.AbstractQueuedSynchronizer$ConditionObject.await(AbstractQueuedSynchronizer.java:2039)
        at java.util.concurrent.ArrayBlockingQueue.take(ArrayBlockingQueue.java:403)
        at java.util.concurrent.ThreadPoolExecutor.getTask(ThreadPoolExecutor.java:1074)
        at java.util.concurrent.ThreadPoolExecutor.runWorker(ThreadPoolExecutor.java:1134)
        at java.util.concurrent.ThreadPoolExecutor$Worker.run(ThreadPoolExecutor.java:624)
        at java.lang.Thread.run(Thread.java:748)
"metrics-hadoop-metrics2-reporter-50-thread-1" daemon prio=5 tid=854 timed_waiting
java.lang.Thread.State: TIMED_WAITING
        at sun.misc.Unsafe.park(Native Method)
        at java.util.concurrent.locks.LockSupport.parkNanos(LockSupport.java:215)
        at java.util.concurrent.locks.AbstractQueuedSynchronizer$ConditionObject.awaitNanos(AbstractQueuedSynchronizer.java:2078)
        at java.util.concurrent.ScheduledThreadPoolExecutor$DelayedWorkQueue.take(ScheduledThreadPoolExecutor.java:1093)
        at java.util.concurrent.ScheduledThreadPoolExecutor$DelayedWorkQueue.take(ScheduledThreadPoolExecutor.java:809)
        at java.util.concurrent.ThreadPoolExecutor.getTask(ThreadPoolExecutor.java:1074)
        at java.util.concurrent.ThreadPoolExecutor.runWorker(ThreadPoolExecutor.java:1134)
        at java.util.concurrent.ThreadPoolExecutor$Worker.run(ThreadPoolExecutor.java:624)
        at java.lang.Thread.run(Thread.java:748)
"metrics-hadoop-metrics2-reporter-66-thread-1" daemon prio=5 tid=990 timed_waiting
java.lang.Thread.State: TIMED_WAITING
        at sun.misc.Unsafe.park(Native Method)
        at java.util.concurrent.locks.LockSupport.parkNanos(LockSupport.java:215)
        at java.util.concurrent.locks.AbstractQueuedSynchronizer$ConditionObject.awaitNanos(AbstractQueuedSynchronizer.java:2078)
        at java.util.concurrent.ScheduledThreadPoolExecutor$DelayedWorkQueue.take(ScheduledThreadPoolExecutor.java:1093)
        at java.util.concurrent.ScheduledThreadPoolExecutor$DelayedWorkQueue.take(ScheduledThreadPoolExecutor.java:809)
        at java.util.concurrent.ThreadPoolExecutor.getTask(ThreadPoolExecutor.java:1074)
        at java.util.concurrent.ThreadPoolExecutor.runWorker(ThreadPoolExecutor.java:1134)
        at java.util.concurrent.ThreadPoolExecutor$Worker.run(ThreadPoolExecutor.java:624)
        at java.lang.Thread.run(Thread.java:748)
"pool-148-thread-10"  prio=5 tid=1756 in Object.wait()
java.lang.Thread.State: WAITING (on object monitor)
        at sun.misc.Unsafe.park(Native Method)
        at java.util.concurrent.locks.LockSupport.park(LockSupport.java:175)
        at java.util.concurrent.locks.AbstractQueuedSynchronizer$ConditionObject.await(AbstractQueuedSynchronizer.java:2039)
        at java.util.concurrent.ArrayBlockingQueue.take(ArrayBlockingQueue.java:403)
        at java.util.concurrent.ThreadPoolExecutor.getTask(ThreadPoolExecutor.java:1074)
        at java.util.concurrent.ThreadPoolExecutor.runWorker(ThreadPoolExecutor.java:1134)
        at java.util.concurrent.ThreadPoolExecutor$Worker.run(ThreadPoolExecutor.java:624)
        at java.lang.Thread.run(Thread.java:748)
"46069bd9-45fc-4c82-823c-36f07a1bcff0@group-EDF575672A97-SegmentedRaftLogWorker"  prio=5 tid=1624 timed_waiting
java.lang.Thread.State: TIMED_WAITING
        at sun.misc.Unsafe.park(Native Method)
        at java.util.concurrent.locks.LockSupport.parkNanos(LockSupport.java:215)
        at java.util.concurrent.locks.AbstractQueuedSynchronizer$ConditionObject.awaitNanos(AbstractQueuedSynchronizer.java:2078)
        at org.apache.ratis.util.DataBlockingQueue.poll(DataBlockingQueue.java:137)
        at org.apache.ratis.server.raftlog.segmented.SegmentedRaftLogWorker.run(SegmentedRaftLogWorker.java:282)
        at java.lang.Thread.run(Thread.java:748)
"IPC Client (1274846200) connection to /0.0.0.0:38131 from jenkins1000" daemon prio=5 tid=1287 timed_waiting
java.lang.Thread.State: TIMED_WAITING
        at java.lang.Object.wait(Native Method)
        at org.apache.hadoop.ipc.Client$Connection.waitForWork(Client.java:1024)
        at org.apache.hadoop.ipc.Client$Connection.run(Client.java:1068)
"metrics-hadoop-metrics2-reporter-62-thread-1" daemon prio=5 tid=968 timed_waiting
java.lang.Thread.State: TIMED_WAITING
        at sun.misc.Unsafe.park(Native Method)
        at java.util.concurrent.locks.LockSupport.parkNanos(LockSupport.java:215)
        at java.util.concurrent.locks.AbstractQueuedSynchronizer$ConditionObject.awaitNanos(AbstractQueuedSynchronizer.java:2078)
        at java.util.concurrent.ScheduledThreadPoolExecutor$DelayedWorkQueue.take(ScheduledThreadPoolExecutor.java:1093)
        at java.util.concurrent.ScheduledThreadPoolExecutor$DelayedWorkQueue.take(ScheduledThreadPoolExecutor.java:809)
        at java.util.concurrent.ThreadPoolExecutor.getTask(ThreadPoolExecutor.java:1074)
        at java.util.concurrent.ThreadPoolExecutor.runWorker(ThreadPoolExecutor.java:1134)
        at java.util.concurrent.ThreadPoolExecutor$Worker.run(ThreadPoolExecutor.java:624)
        at java.lang.Thread.run(Thread.java:748)
"metrics-hadoop-metrics2-reporter-117-thread-1" daemon prio=5 tid=1941 timed_waiting
java.lang.Thread.State: TIMED_WAITING
        at sun.misc.Unsafe.park(Native Method)
        at java.util.concurrent.locks.LockSupport.parkNanos(LockSupport.java:215)
        at java.util.concurrent.locks.AbstractQueuedSynchronizer$ConditionObject.awaitNanos(AbstractQueuedSynchronizer.java:2078)
        at java.util.concurrent.ScheduledThreadPoolExecutor$DelayedWorkQueue.take(ScheduledThreadPoolExecutor.java:1093)
        at java.util.concurrent.ScheduledThreadPoolExecutor$DelayedWorkQueue.take(ScheduledThreadPoolExecutor.java:809)
        at java.util.concurrent.ThreadPoolExecutor.getTask(ThreadPoolExecutor.java:1074)
        at java.util.concurrent.ThreadPoolExecutor.runWorker(ThreadPoolExecutor.java:1134)
        at java.util.concurrent.ThreadPoolExecutor$Worker.run(ThreadPoolExecutor.java:624)
        at java.lang.Thread.run(Thread.java:748)
"IPC Server Responder" daemon prio=5 tid=1083 runnable
java.lang.Thread.State: RUNNABLE
        at sun.nio.ch.EPollArrayWrapper.epollWait(Native Method)
        at sun.nio.ch.EPollArrayWrapper.poll(EPollArrayWrapper.java:269)
        at sun.nio.ch.EPollSelectorImpl.doSelect(EPollSelectorImpl.java:93)
        at sun.nio.ch.SelectorImpl.lockAndDoSelect(SelectorImpl.java:86)
        at sun.nio.ch.SelectorImpl.select(SelectorImpl.java:97)
        at org.apache.hadoop.ipc.Server$Responder.doRunLoop(Server.java:1334)
        at org.apache.hadoop.ipc.Server$Responder.run(Server.java:1317)
"metrics-hadoop-metrics2-reporter-103-thread-1" daemon prio=5 tid=1553 timed_waiting
java.lang.Thread.State: TIMED_WAITING
        at sun.misc.Unsafe.park(Native Method)
        at java.util.concurrent.locks.LockSupport.parkNanos(LockSupport.java:215)
        at java.util.concurrent.locks.AbstractQueuedSynchronizer$ConditionObject.awaitNanos(AbstractQueuedSynchronizer.java:2078)
        at java.util.concurrent.ScheduledThreadPoolExecutor$DelayedWorkQueue.take(ScheduledThreadPoolExecutor.java:1093)
        at java.util.concurrent.ScheduledThreadPoolExecutor$DelayedWorkQueue.take(ScheduledThreadPoolExecutor.java:809)
        at java.util.concurrent.ThreadPoolExecutor.getTask(ThreadPoolExecutor.java:1074)
        at java.util.concurrent.ThreadPoolExecutor.runWorker(ThreadPoolExecutor.java:1134)
        at java.util.concurrent.ThreadPoolExecutor$Worker.run(ThreadPoolExecutor.java:624)
        at java.lang.Thread.run(Thread.java:748)
"metrics-hadoop-metrics2-reporter-6-thread-1" daemon prio=5 tid=718 timed_waiting
java.lang.Thread.State: TIMED_WAITING
        at sun.misc.Unsafe.park(Native Method)
        at java.util.concurrent.locks.LockSupport.parkNanos(LockSupport.java:215)
        at java.util.concurrent.locks.AbstractQueuedSynchronizer$ConditionObject.awaitNanos(AbstractQueuedSynchronizer.java:2078)
        at java.util.concurrent.ScheduledThreadPoolExecutor$DelayedWorkQueue.take(ScheduledThreadPoolExecutor.java:1093)
        at java.util.concurrent.ScheduledThreadPoolExecutor$DelayedWorkQueue.take(ScheduledThreadPoolExecutor.java:809)
        at java.util.concurrent.ThreadPoolExecutor.getTask(ThreadPoolExecutor.java:1074)
        at java.util.concurrent.ThreadPoolExecutor.runWorker(ThreadPoolExecutor.java:1134)
        at java.util.concurrent.ThreadPoolExecutor$Worker.run(ThreadPoolExecutor.java:624)
        at java.lang.Thread.run(Thread.java:748)
"pool-138-thread-7"  prio=5 tid=1678 in Object.wait()
java.lang.Thread.State: WAITING (on object monitor)
        at sun.misc.Unsafe.park(Native Method)
        at java.util.concurrent.locks.LockSupport.park(LockSupport.java:175)
        at java.util.concurrent.locks.AbstractQueuedSynchronizer$ConditionObject.await(AbstractQueuedSynchronizer.java:2039)
        at java.util.concurrent.ArrayBlockingQueue.take(ArrayBlockingQueue.java:403)
        at java.util.concurrent.ThreadPoolExecutor.getTask(ThreadPoolExecutor.java:1074)
        at java.util.concurrent.ThreadPoolExecutor.runWorker(ThreadPoolExecutor.java:1134)
        at java.util.concurrent.ThreadPoolExecutor$Worker.run(ThreadPoolExecutor.java:624)
        at java.lang.Thread.run(Thread.java:748)
"pool-138-thread-60"  prio=5 tid=1731 in Object.wait()
java.lang.Thread.State: WAITING (on object monitor)
        at sun.misc.Unsafe.park(Native Method)
        at java.util.concurrent.locks.LockSupport.park(LockSupport.java:175)
        at java.util.concurrent.locks.AbstractQueuedSynchronizer$ConditionObject.await(AbstractQueuedSynchronizer.java:2039)
        at java.util.concurrent.ArrayBlockingQueue.take(ArrayBlockingQueue.java:403)
        at java.util.concurrent.ThreadPoolExecutor.getTask(ThreadPoolExecutor.java:1074)
        at java.util.concurrent.ThreadPoolExecutor.runWorker(ThreadPoolExecutor.java:1134)
        at java.util.concurrent.ThreadPoolExecutor$Worker.run(ThreadPoolExecutor.java:624)
        at java.lang.Thread.run(Thread.java:748)
"pool-149-thread-1"  prio=5 tid=1611 in Object.wait()
java.lang.Thread.State: WAITING (on object monitor)
        at sun.misc.Unsafe.park(Native Method)
        at java.util.concurrent.locks.LockSupport.park(LockSupport.java:175)
        at java.util.concurrent.locks.AbstractQueuedSynchronizer$ConditionObject.await(AbstractQueuedSynchronizer.java:2039)
        at java.util.concurrent.LinkedBlockingQueue.take(LinkedBlockingQueue.java:442)
        at java.util.concurrent.ThreadPoolExecutor.getTask(ThreadPoolExecutor.java:1074)
        at java.util.concurrent.ThreadPoolExecutor.runWorker(ThreadPoolExecutor.java:1134)
        at java.util.concurrent.ThreadPoolExecutor$Worker.run(ThreadPoolExecutor.java:624)
        at java.lang.Thread.run(Thread.java:748)
"org.apache.hadoop.util.JvmPauseMonitor$Monitor@5d5d5de4" daemon prio=5 tid=1163 timed_waiting
java.lang.Thread.State: TIMED_WAITING
        at java.lang.Thread.sleep(Native Method)
        at org.apache.hadoop.util.JvmPauseMonitor$Monitor.run(JvmPauseMonitor.java:192)
        at java.lang.Thread.run(Thread.java:748)
"Socket Reader #1 for port 46609"  prio=5 tid=1085 runnable
java.lang.Thread.State: RUNNABLE
        at sun.nio.ch.EPollArrayWrapper.epollWait(Native Method)
        at sun.nio.ch.EPollArrayWrapper.poll(EPollArrayWrapper.java:269)
        at sun.nio.ch.EPollSelectorImpl.doSelect(EPollSelectorImpl.java:93)
        at sun.nio.ch.SelectorImpl.lockAndDoSelect(SelectorImpl.java:86)
        at sun.nio.ch.SelectorImpl.select(SelectorImpl.java:97)
        at sun.nio.ch.SelectorImpl.select(SelectorImpl.java:101)
        at org.apache.hadoop.ipc.Server$Listener$Reader.doRunLoop(Server.java:1097)
        at org.apache.hadoop.ipc.Server$Listener$Reader.run(Server.java:1076)
"metrics-hadoop-metrics2-reporter-108-thread-1" daemon prio=5 tid=1911 timed_waiting
java.lang.Thread.State: TIMED_WAITING
        at sun.misc.Unsafe.park(Native Method)
        at java.util.concurrent.locks.LockSupport.parkNanos(LockSupport.java:215)
        at java.util.concurrent.locks.AbstractQueuedSynchronizer$ConditionObject.awaitNanos(AbstractQueuedSynchronizer.java:2078)
        at java.util.concurrent.ScheduledThreadPoolExecutor$DelayedWorkQueue.take(ScheduledThreadPoolExecutor.java:1093)
        at java.util.concurrent.ScheduledThreadPoolExecutor$DelayedWorkQueue.take(ScheduledThreadPoolExecutor.java:809)
        at java.util.concurrent.ThreadPoolExecutor.getTask(ThreadPoolExecutor.java:1074)
        at java.util.concurrent.ThreadPoolExecutor.runWorker(ThreadPoolExecutor.java:1134)
        at java.util.concurrent.ThreadPoolExecutor$Worker.run(ThreadPoolExecutor.java:624)
        at java.lang.Thread.run(Thread.java:748)
"pool-138-thread-15"  prio=5 tid=1686 in Object.wait()
java.lang.Thread.State: WAITING (on object monitor)
        at sun.misc.Unsafe.park(Native Method)
        at java.util.concurrent.locks.LockSupport.park(LockSupport.java:175)
        at java.util.concurrent.locks.AbstractQueuedSynchronizer$ConditionObject.await(AbstractQueuedSynchronizer.java:2039)
        at java.util.concurrent.ArrayBlockingQueue.take(ArrayBlockingQueue.java:403)
        at java.util.concurrent.ThreadPoolExecutor.getTask(ThreadPoolExecutor.java:1074)
        at java.util.concurrent.ThreadPoolExecutor.runWorker(ThreadPoolExecutor.java:1134)
        at java.util.concurrent.ThreadPoolExecutor$Worker.run(ThreadPoolExecutor.java:624)
        at java.lang.Thread.run(Thread.java:748)
"IPC Server handler 7 on 45184" daemon prio=5 tid=1181 timed_waiting
java.lang.Thread.State: TIMED_WAITING
        at sun.misc.Unsafe.park(Native Method)
        at java.util.concurrent.locks.LockSupport.parkNanos(LockSupport.java:215)
        at java.util.concurrent.locks.AbstractQueuedSynchronizer$ConditionObject.awaitNanos(AbstractQueuedSynchronizer.java:2078)
        at java.util.concurrent.LinkedBlockingQueue.poll(LinkedBlockingQueue.java:467)
        at org.apache.hadoop.ipc.CallQueueManager.take(CallQueueManager.java:288)
        at org.apache.hadoop.ipc.Server$Handler.run(Server.java:2668)
"d612b743-bedc-4c3f-983e-e3329f8a2e6f@group-9F7ECBB45DDD-StateMachineUpdater" daemon prio=5 tid=1919 in Object.wait()
java.lang.Thread.State: WAITING (on object monitor)
        at java.lang.Object.wait(Native Method)
        at java.lang.Object.wait(Object.java:502)
        at org.apache.ratis.server.impl.StateMachineUpdater.waitForCommit(StateMachineUpdater.java:194)
        at org.apache.ratis.server.impl.StateMachineUpdater.run(StateMachineUpdater.java:159)
        at java.lang.Thread.run(Thread.java:748)
"pool-148-thread-8"  prio=5 tid=1754 in Object.wait()
java.lang.Thread.State: WAITING (on object monitor)
        at sun.misc.Unsafe.park(Native Method)
        at java.util.concurrent.locks.LockSupport.park(LockSupport.java:175)
        at java.util.concurrent.locks.AbstractQueuedSynchronizer$ConditionObject.await(AbstractQueuedSynchronizer.java:2039)
        at java.util.concurrent.ArrayBlockingQueue.take(ArrayBlockingQueue.java:403)
        at java.util.concurrent.ThreadPoolExecutor.getTask(ThreadPoolExecutor.java:1074)
        at java.util.concurrent.ThreadPoolExecutor.runWorker(ThreadPoolExecutor.java:1134)
        at java.util.concurrent.ThreadPoolExecutor$Worker.run(ThreadPoolExecutor.java:624)
        at java.lang.Thread.run(Thread.java:748)
"pool-148-thread-22"  prio=5 tid=1769 in Object.wait()
java.lang.Thread.State: WAITING (on object monitor)
        at sun.misc.Unsafe.park(Native Method)
        at java.util.concurrent.locks.LockSupport.park(LockSupport.java:175)
        at java.util.concurrent.locks.AbstractQueuedSynchronizer$ConditionObject.await(AbstractQueuedSynchronizer.java:2039)
        at java.util.concurrent.ArrayBlockingQueue.take(ArrayBlockingQueue.java:403)
        at java.util.concurrent.ThreadPoolExecutor.getTask(ThreadPoolExecutor.java:1074)
        at java.util.concurrent.ThreadPoolExecutor.runWorker(ThreadPoolExecutor.java:1134)
        at java.util.concurrent.ThreadPoolExecutor$Worker.run(ThreadPoolExecutor.java:624)
        at java.lang.Thread.run(Thread.java:748)
"refreshUsed-/workdir/hadoop-ozone/integration-test/target/test-dir/MiniOzoneClusterImpl-d661fb9f-1fa9-4d83-aa41-108be3044330/datanode-2/data/containers" daemon prio=5 tid=1639 timed_waiting
java.lang.Thread.State: TIMED_WAITING
        at java.lang.Thread.sleep(Native Method)
        at org.apache.hadoop.fs.CachingGetSpaceUsed$RefreshThread.run(CachingGetSpaceUsed.java:179)
        at java.lang.Thread.run(Thread.java:748)
"Periodic HDDS volume checker"  prio=5 tid=1638 timed_waiting
java.lang.Thread.State: TIMED_WAITING
        at sun.misc.Unsafe.park(Native Method)
        at java.util.concurrent.locks.LockSupport.parkNanos(LockSupport.java:215)
        at java.util.concurrent.locks.AbstractQueuedSynchronizer$ConditionObject.awaitNanos(AbstractQueuedSynchronizer.java:2078)
        at java.util.concurrent.ScheduledThreadPoolExecutor$DelayedWorkQueue.take(ScheduledThreadPoolExecutor.java:1093)
        at java.util.concurrent.ScheduledThreadPoolExecutor$DelayedWorkQueue.take(ScheduledThreadPoolExecutor.java:809)
        at java.util.concurrent.ThreadPoolExecutor.getTask(ThreadPoolExecutor.java:1074)
        at java.util.concurrent.ThreadPoolExecutor.runWorker(ThreadPoolExecutor.java:1134)
        at java.util.concurrent.ThreadPoolExecutor$Worker.run(ThreadPoolExecutor.java:624)
        at java.lang.Thread.run(Thread.java:748)
"pool-138-thread-50"  prio=5 tid=1721 in Object.wait()
java.lang.Thread.State: WAITING (on object monitor)
        at sun.misc.Unsafe.park(Native Method)
        at java.util.concurrent.locks.LockSupport.park(LockSupport.java:175)
        at java.util.concurrent.locks.AbstractQueuedSynchronizer$ConditionObject.await(AbstractQueuedSynchronizer.java:2039)
        at java.util.concurrent.ArrayBlockingQueue.take(ArrayBlockingQueue.java:403)
        at java.util.concurrent.ThreadPoolExecutor.getTask(ThreadPoolExecutor.java:1074)
        at java.util.concurrent.ThreadPoolExecutor.runWorker(ThreadPoolExecutor.java:1134)
        at java.util.concurrent.ThreadPoolExecutor$Worker.run(ThreadPoolExecutor.java:624)
        at java.lang.Thread.run(Thread.java:748)
"metrics-hadoop-metrics2-reporter-25-thread-1" daemon prio=5 tid=763 timed_waiting
java.lang.Thread.State: TIMED_WAITING
        at sun.misc.Unsafe.park(Native Method)
        at java.util.concurrent.locks.LockSupport.parkNanos(LockSupport.java:215)
        at java.util.concurrent.locks.AbstractQueuedSynchronizer$ConditionObject.awaitNanos(AbstractQueuedSynchronizer.java:2078)
        at java.util.concurrent.ScheduledThreadPoolExecutor$DelayedWorkQueue.take(ScheduledThreadPoolExecutor.java:1093)
        at java.util.concurrent.ScheduledThreadPoolExecutor$DelayedWorkQueue.take(ScheduledThreadPoolExecutor.java:809)
        at java.util.concurrent.ThreadPoolExecutor.getTask(ThreadPoolExecutor.java:1074)
        at java.util.concurrent.ThreadPoolExecutor.runWorker(ThreadPoolExecutor.java:1134)
        at java.util.concurrent.ThreadPoolExecutor$Worker.run(ThreadPoolExecutor.java:624)
        at java.lang.Thread.run(Thread.java:748)
"metrics-hadoop-metrics2-reporter-39-thread-1" daemon prio=5 tid=808 timed_waiting
java.lang.Thread.State: TIMED_WAITING
        at sun.misc.Unsafe.park(Native Method)
        at java.util.concurrent.locks.LockSupport.parkNanos(LockSupport.java:215)
        at java.util.concurrent.locks.AbstractQueuedSynchronizer$ConditionObject.awaitNanos(AbstractQueuedSynchronizer.java:2078)
        at java.util.concurrent.ScheduledThreadPoolExecutor$DelayedWorkQueue.take(ScheduledThreadPoolExecutor.java:1093)
        at java.util.concurrent.ScheduledThreadPoolExecutor$DelayedWorkQueue.take(ScheduledThreadPoolExecutor.java:809)
        at java.util.concurrent.ThreadPoolExecutor.getTask(ThreadPoolExecutor.java:1074)
        at java.util.concurrent.ThreadPoolExecutor.runWorker(ThreadPoolExecutor.java:1134)
        at java.util.concurrent.ThreadPoolExecutor$Worker.run(ThreadPoolExecutor.java:624)
        at java.lang.Thread.run(Thread.java:748)
"metrics-hadoop-metrics2-reporter-5-thread-1" daemon prio=5 tid=714 timed_waiting
java.lang.Thread.State: TIMED_WAITING
        at sun.misc.Unsafe.park(Native Method)
        at java.util.concurrent.locks.LockSupport.parkNanos(LockSupport.java:215)
        at java.util.concurrent.locks.AbstractQueuedSynchronizer$ConditionObject.awaitNanos(AbstractQueuedSynchronizer.java:2078)
        at java.util.concurrent.ScheduledThreadPoolExecutor$DelayedWorkQueue.take(ScheduledThreadPoolExecutor.java:1093)
        at java.util.concurrent.ScheduledThreadPoolExecutor$DelayedWorkQueue.take(ScheduledThreadPoolExecutor.java:809)
        at java.util.concurrent.ThreadPoolExecutor.getTask(ThreadPoolExecutor.java:1074)
        at java.util.concurrent.ThreadPoolExecutor.runWorker(ThreadPoolExecutor.java:1134)
        at java.util.concurrent.ThreadPoolExecutor$Worker.run(ThreadPoolExecutor.java:624)
        at java.lang.Thread.run(Thread.java:748)
"IPC Server handler 8 on 38131" daemon prio=5 tid=1139 timed_waiting
java.lang.Thread.State: TIMED_WAITING
        at sun.misc.Unsafe.park(Native Method)
        at java.util.concurrent.locks.LockSupport.parkNanos(LockSupport.java:215)
        at java.util.concurrent.locks.AbstractQueuedSynchronizer$ConditionObject.awaitNanos(AbstractQueuedSynchronizer.java:2078)
        at java.util.concurrent.LinkedBlockingQueue.poll(LinkedBlockingQueue.java:467)
        at org.apache.hadoop.ipc.CallQueueManager.take(CallQueueManager.java:288)
        at org.apache.hadoop.ipc.Server$Handler.run(Server.java:2668)
"qtp1410488616-1198" daemon prio=5 tid=1198 timed_waiting
java.lang.Thread.State: TIMED_WAITING
        at sun.misc.Unsafe.park(Native Method)
        at java.util.concurrent.locks.LockSupport.parkNanos(LockSupport.java:215)
        at java.util.concurrent.locks.AbstractQueuedSynchronizer$ConditionObject.awaitNanos(AbstractQueuedSynchronizer.java:2078)
        at org.eclipse.jetty.util.BlockingArrayQueue.poll(BlockingArrayQueue.java:392)
        at org.eclipse.jetty.util.thread.QueuedThreadPool.idleJobPoll(QueuedThreadPool.java:563)
        at org.eclipse.jetty.util.thread.QueuedThreadPool.access$800(QueuedThreadPool.java:48)
        at org.eclipse.jetty.util.thread.QueuedThreadPool$2.run(QueuedThreadPool.java:626)
        at java.lang.Thread.run(Thread.java:748)
"qtp1025473693-1156" daemon prio=5 tid=1156 timed_waiting
java.lang.Thread.State: TIMED_WAITING
        at sun.misc.Unsafe.park(Native Method)
        at java.util.concurrent.locks.LockSupport.parkNanos(LockSupport.java:215)
        at java.util.concurrent.locks.AbstractQueuedSynchronizer$ConditionObject.awaitNanos(AbstractQueuedSynchronizer.java:2078)
        at org.eclipse.jetty.util.BlockingArrayQueue.poll(BlockingArrayQueue.java:392)
        at org.eclipse.jetty.util.thread.QueuedThreadPool.idleJobPoll(QueuedThreadPool.java:563)
        at org.eclipse.jetty.util.thread.QueuedThreadPool.access$800(QueuedThreadPool.java:48)
        at org.eclipse.jetty.util.thread.QueuedThreadPool$2.run(QueuedThreadPool.java:626)
        at java.lang.Thread.run(Thread.java:748)
"surefire-forkedjvm-ping-30s" daemon prio=5 tid=9 timed_waiting
java.lang.Thread.State: TIMED_WAITING
        at sun.misc.Unsafe.park(Native Method)
        at java.util.concurrent.locks.LockSupport.parkNanos(LockSupport.java:215)
        at java.util.concurrent.locks.AbstractQueuedSynchronizer$ConditionObject.awaitNanos(AbstractQueuedSynchronizer.java:2078)
        at java.util.concurrent.ScheduledThreadPoolExecutor$DelayedWorkQueue.take(ScheduledThreadPoolExecutor.java:1093)
        at java.util.concurrent.ScheduledThreadPoolExecutor$DelayedWorkQueue.take(ScheduledThreadPoolExecutor.java:809)
        at java.util.concurrent.ThreadPoolExecutor.getTask(ThreadPoolExecutor.java:1074)
        at java.util.concurrent.ThreadPoolExecutor.runWorker(ThreadPoolExecutor.java:1134)
        at java.util.concurrent.ThreadPoolExecutor$Worker.run(ThreadPoolExecutor.java:624)
        at java.lang.Thread.run(Thread.java:748)
"Datanode ReportManager Thread - 2" daemon prio=5 tid=255 timed_waiting
java.lang.Thread.State: TIMED_WAITING
        at sun.misc.Unsafe.park(Native Method)
        at java.util.concurrent.locks.LockSupport.parkNanos(LockSupport.java:215)
        at java.util.concurrent.locks.AbstractQueuedSynchronizer$ConditionObject.awaitNanos(AbstractQueuedSynchronizer.java:2078)
        at java.util.concurrent.ScheduledThreadPoolExecutor$DelayedWorkQueue.take(ScheduledThreadPoolExecutor.java:1093)
        at java.util.concurrent.ScheduledThreadPoolExecutor$DelayedWorkQueue.take(ScheduledThreadPoolExecutor.java:809)
        at java.util.concurrent.ThreadPoolExecutor.getTask(ThreadPoolExecutor.java:1074)
        at java.util.concurrent.ThreadPoolExecutor.runWorker(ThreadPoolExecutor.java:1134)
        at java.util.concurrent.ThreadPoolExecutor$Worker.run(ThreadPoolExecutor.java:624)
        at java.lang.Thread.run(Thread.java:748)
"pool-148-thread-42"  prio=5 tid=1789 in Object.wait()
java.lang.Thread.State: WAITING (on object monitor)
        at sun.misc.Unsafe.park(Native Method)
        at java.util.concurrent.locks.LockSupport.park(LockSupport.java:175)
        at java.util.concurrent.locks.AbstractQueuedSynchronizer$ConditionObject.await(AbstractQueuedSynchronizer.java:2039)
        at java.util.concurrent.ArrayBlockingQueue.take(ArrayBlockingQueue.java:403)
        at java.util.concurrent.ThreadPoolExecutor.getTask(ThreadPoolExecutor.java:1074)
        at java.util.concurrent.ThreadPoolExecutor.runWorker(ThreadPoolExecutor.java:1134)
        at java.util.concurrent.ThreadPoolExecutor$Worker.run(ThreadPoolExecutor.java:624)
        at java.lang.Thread.run(Thread.java:748)
"pool-148-thread-46"  prio=5 tid=1793 in Object.wait()
java.lang.Thread.State: WAITING (on object monitor)
        at sun.misc.Unsafe.park(Native Method)
        at java.util.concurrent.locks.LockSupport.park(LockSupport.java:175)
        at java.util.concurrent.locks.AbstractQueuedSynchronizer$ConditionObject.await(AbstractQueuedSynchronizer.java:2039)
        at java.util.concurrent.ArrayBlockingQueue.take(ArrayBlockingQueue.java:403)
        at java.util.concurrent.ThreadPoolExecutor.getTask(ThreadPoolExecutor.java:1074)
        at java.util.concurrent.ThreadPoolExecutor.runWorker(ThreadPoolExecutor.java:1134)
        at java.util.concurrent.ThreadPoolExecutor$Worker.run(ThreadPoolExecutor.java:624)
        at java.lang.Thread.run(Thread.java:748)
"metrics-hadoop-metrics2-reporter-107-thread-1" daemon prio=5 tid=1907 timed_waiting
java.lang.Thread.State: TIMED_WAITING
        at sun.misc.Unsafe.park(Native Method)
        at java.util.concurrent.locks.LockSupport.parkNanos(LockSupport.java:215)
        at java.util.concurrent.locks.AbstractQueuedSynchronizer$ConditionObject.awaitNanos(AbstractQueuedSynchronizer.java:2078)
        at java.util.concurrent.ScheduledThreadPoolExecutor$DelayedWorkQueue.take(ScheduledThreadPoolExecutor.java:1093)
        at java.util.concurrent.ScheduledThreadPoolExecutor$DelayedWorkQueue.take(ScheduledThreadPoolExecutor.java:809)
        at java.util.concurrent.ThreadPoolExecutor.getTask(ThreadPoolExecutor.java:1074)
        at java.util.concurrent.ThreadPoolExecutor.runWorker(ThreadPoolExecutor.java:1134)
        at java.util.concurrent.ThreadPoolExecutor$Worker.run(ThreadPoolExecutor.java:624)
        at java.lang.Thread.run(Thread.java:748)
"Datanode ReportManager Thread - 2" daemon prio=5 tid=282 in Object.wait()
java.lang.Thread.State: WAITING (on object monitor)
        at sun.misc.Unsafe.park(Native Method)
        at java.util.concurrent.locks.LockSupport.park(LockSupport.java:175)
        at java.util.concurrent.locks.AbstractQueuedSynchronizer$ConditionObject.await(AbstractQueuedSynchronizer.java:2039)
        at java.util.concurrent.ScheduledThreadPoolExecutor$DelayedWorkQueue.take(ScheduledThreadPoolExecutor.java:1088)
        at java.util.concurrent.ScheduledThreadPoolExecutor$DelayedWorkQueue.take(ScheduledThreadPoolExecutor.java:809)
        at java.util.concurrent.ThreadPoolExecutor.getTask(ThreadPoolExecutor.java:1074)
        at java.util.concurrent.ThreadPoolExecutor.runWorker(ThreadPoolExecutor.java:1134)
        at java.util.concurrent.ThreadPoolExecutor$Worker.run(ThreadPoolExecutor.java:624)
        at java.lang.Thread.run(Thread.java:748)
"pool-158-thread-37"  prio=5 tid=1861 in Object.wait()
java.lang.Thread.State: WAITING (on object monitor)
        at sun.misc.Unsafe.park(Native Method)
        at java.util.concurrent.locks.LockSupport.park(LockSupport.java:175)
        at java.util.concurrent.locks.AbstractQueuedSynchronizer$ConditionObject.await(AbstractQueuedSynchronizer.java:2039)
        at java.util.concurrent.ArrayBlockingQueue.take(ArrayBlockingQueue.java:403)
        at java.util.concurrent.ThreadPoolExecutor.getTask(ThreadPoolExecutor.java:1074)
        at java.util.concurrent.ThreadPoolExecutor.runWorker(ThreadPoolExecutor.java:1134)
        at java.util.concurrent.ThreadPoolExecutor$Worker.run(ThreadPoolExecutor.java:624)
        at java.lang.Thread.run(Thread.java:748)
"pool-138-thread-46"  prio=5 tid=1717 in Object.wait()
java.lang.Thread.State: WAITING (on object monitor)
        at sun.misc.Unsafe.park(Native Method)
        at java.util.concurrent.locks.LockSupport.park(LockSupport.java:175)
        at java.util.concurrent.locks.AbstractQueuedSynchronizer$ConditionObject.await(AbstractQueuedSynchronizer.java:2039)
        at java.util.concurrent.ArrayBlockingQueue.take(ArrayBlockingQueue.java:403)
        at java.util.concurrent.ThreadPoolExecutor.getTask(ThreadPoolExecutor.java:1074)
        at java.util.concurrent.ThreadPoolExecutor.runWorker(ThreadPoolExecutor.java:1134)
        at java.util.concurrent.ThreadPoolExecutor$Worker.run(ThreadPoolExecutor.java:624)
        at java.lang.Thread.run(Thread.java:748)
"qtp25266959-1589" daemon prio=5 tid=1589 timed_waiting
java.lang.Thread.State: TIMED_WAITING
        at sun.misc.Unsafe.park(Native Method)
        at java.util.concurrent.locks.LockSupport.parkNanos(LockSupport.java:215)
        at java.util.concurrent.locks.AbstractQueuedSynchronizer$ConditionObject.awaitNanos(AbstractQueuedSynchronizer.java:2078)
        at org.eclipse.jetty.util.BlockingArrayQueue.poll(BlockingArrayQueue.java:392)
        at org.eclipse.jetty.util.thread.QueuedThreadPool.idleJobPoll(QueuedThreadPool.java:563)
        at org.eclipse.jetty.util.thread.QueuedThreadPool.access$800(QueuedThreadPool.java:48)
        at org.eclipse.jetty.util.thread.QueuedThreadPool$2.run(QueuedThreadPool.java:626)
        at java.lang.Thread.run(Thread.java:748)
"pool-148-thread-2"  prio=5 tid=1748 in Object.wait()
java.lang.Thread.State: WAITING (on object monitor)
        at sun.misc.Unsafe.park(Native Method)
        at java.util.concurrent.locks.LockSupport.park(LockSupport.java:175)
        at java.util.concurrent.locks.AbstractQueuedSynchronizer$ConditionObject.await(AbstractQueuedSynchronizer.java:2039)
        at java.util.concurrent.ArrayBlockingQueue.take(ArrayBlockingQueue.java:403)
        at java.util.concurrent.ThreadPoolExecutor.getTask(ThreadPoolExecutor.java:1074)
        at java.util.concurrent.ThreadPoolExecutor.runWorker(ThreadPoolExecutor.java:1134)
        at java.util.concurrent.ThreadPoolExecutor$Worker.run(ThreadPoolExecutor.java:624)
        at java.lang.Thread.run(Thread.java:748)
"metrics-hadoop-metrics2-reporter-115-thread-1" daemon prio=5 tid=1935 timed_waiting
java.lang.Thread.State: TIMED_WAITING
        at sun.misc.Unsafe.park(Native Method)
        at java.util.concurrent.locks.LockSupport.parkNanos(LockSupport.java:215)
        at java.util.concurrent.locks.AbstractQueuedSynchronizer$ConditionObject.awaitNanos(AbstractQueuedSynchronizer.java:2078)
        at java.util.concurrent.ScheduledThreadPoolExecutor$DelayedWorkQueue.take(ScheduledThreadPoolExecutor.java:1093)
        at java.util.concurrent.ScheduledThreadPoolExecutor$DelayedWorkQueue.take(ScheduledThreadPoolExecutor.java:809)
        at java.util.concurrent.ThreadPoolExecutor.getTask(ThreadPoolExecutor.java:1074)
        at java.util.concurrent.ThreadPoolExecutor.runWorker(ThreadPoolExecutor.java:1134)
        at java.util.concurrent.ThreadPoolExecutor$Worker.run(ThreadPoolExecutor.java:624)
        at java.lang.Thread.run(Thread.java:748)
"pool-158-thread-48"  prio=5 tid=1873 in Object.wait()
java.lang.Thread.State: WAITING (on object monitor)
        at sun.misc.Unsafe.park(Native Method)
        at java.util.concurrent.locks.LockSupport.park(LockSupport.java:175)
        at java.util.concurrent.locks.AbstractQueuedSynchronizer$ConditionObject.await(AbstractQueuedSynchronizer.java:2039)
        at java.util.concurrent.ArrayBlockingQueue.take(ArrayBlockingQueue.java:403)
        at java.util.concurrent.ThreadPoolExecutor.getTask(ThreadPoolExecutor.java:1074)
        at java.util.concurrent.ThreadPoolExecutor.runWorker(ThreadPoolExecutor.java:1134)
        at java.util.concurrent.ThreadPoolExecutor$Worker.run(ThreadPoolExecutor.java:624)
        at java.lang.Thread.run(Thread.java:748)
"bc0bc980-c963-48ce-962e-85091c893131@group-1056DBF44000-StateMachineUpdater" daemon prio=5 tid=1645 in Object.wait()
java.lang.Thread.State: WAITING (on object monitor)
        at java.lang.Object.wait(Native Method)
        at java.lang.Object.wait(Object.java:502)
        at org.apache.ratis.server.impl.StateMachineUpdater.waitForCommit(StateMachineUpdater.java:194)
        at org.apache.ratis.server.impl.StateMachineUpdater.run(StateMachineUpdater.java:159)
        at java.lang.Thread.run(Thread.java:748)
"IPC Server handler 17 on 45184" daemon prio=5 tid=1191 timed_waiting
java.lang.Thread.State: TIMED_WAITING
        at sun.misc.Unsafe.park(Native Method)
        at java.util.concurrent.locks.LockSupport.parkNanos(LockSupport.java:215)
        at java.util.concurrent.locks.AbstractQueuedSynchronizer$ConditionObject.awaitNanos(AbstractQueuedSynchronizer.java:2078)
        at java.util.concurrent.LinkedBlockingQueue.poll(LinkedBlockingQueue.java:467)
        at org.apache.hadoop.ipc.CallQueueManager.take(CallQueueManager.java:288)
        at org.apache.hadoop.ipc.Server$Handler.run(Server.java:2668)
"pool-148-thread-41"  prio=5 tid=1788 in Object.wait()
java.lang.Thread.State: WAITING (on object monitor)
        at sun.misc.Unsafe.park(Native Method)
        at java.util.concurrent.locks.LockSupport.park(LockSupport.java:175)
        at java.util.concurrent.locks.AbstractQueuedSynchronizer$ConditionObject.await(AbstractQueuedSynchronizer.java:2039)
        at java.util.concurrent.ArrayBlockingQueue.take(ArrayBlockingQueue.java:403)
        at java.util.concurrent.ThreadPoolExecutor.getTask(ThreadPoolExecutor.java:1074)
        at java.util.concurrent.ThreadPoolExecutor.runWorker(ThreadPoolExecutor.java:1134)
        at java.util.concurrent.ThreadPoolExecutor$Worker.run(ThreadPoolExecutor.java:624)
        at java.lang.Thread.run(Thread.java:748)
"Datanode ReportManager Thread - 0" daemon prio=5 tid=307 in Object.wait()
java.lang.Thread.State: WAITING (on object monitor)
        at sun.misc.Unsafe.park(Native Method)
        at java.util.concurrent.locks.LockSupport.park(LockSupport.java:175)
        at java.util.concurrent.locks.AbstractQueuedSynchronizer$ConditionObject.await(AbstractQueuedSynchronizer.java:2039)
        at java.util.concurrent.ScheduledThreadPoolExecutor$DelayedWorkQueue.take(ScheduledThreadPoolExecutor.java:1088)
        at java.util.concurrent.ScheduledThreadPoolExecutor$DelayedWorkQueue.take(ScheduledThreadPoolExecutor.java:809)
        at java.util.concurrent.ThreadPoolExecutor.getTask(ThreadPoolExecutor.java:1074)
        at java.util.concurrent.ThreadPoolExecutor.runWorker(ThreadPoolExecutor.java:1134)
        at java.util.concurrent.ThreadPoolExecutor$Worker.run(ThreadPoolExecutor.java:624)
        at java.lang.Thread.run(Thread.java:748)
"Datanode ReportManager Thread - 1" daemon prio=5 tid=1631 in Object.wait()
java.lang.Thread.State: WAITING (on object monitor)
        at sun.misc.Unsafe.park(Native Method)
        at java.util.concurrent.locks.LockSupport.park(LockSupport.java:175)
        at java.util.concurrent.locks.AbstractQueuedSynchronizer$ConditionObject.await(AbstractQueuedSynchronizer.java:2039)
        at java.util.concurrent.ScheduledThreadPoolExecutor$DelayedWorkQueue.take(ScheduledThreadPoolExecutor.java:1088)
        at java.util.concurrent.ScheduledThreadPoolExecutor$DelayedWorkQueue.take(ScheduledThreadPoolExecutor.java:809)
        at java.util.concurrent.ThreadPoolExecutor.getTask(ThreadPoolExecutor.java:1074)
        at java.util.concurrent.ThreadPoolExecutor.runWorker(ThreadPoolExecutor.java:1134)
        at java.util.concurrent.ThreadPoolExecutor$Worker.run(ThreadPoolExecutor.java:624)
        at java.lang.Thread.run(Thread.java:748)
"metrics-hadoop-metrics2-reporter-43-thread-1" daemon prio=5 tid=836 timed_waiting
java.lang.Thread.State: TIMED_WAITING
        at sun.misc.Unsafe.park(Native Method)
        at java.util.concurrent.locks.LockSupport.parkNanos(LockSupport.java:215)
        at java.util.concurrent.locks.AbstractQueuedSynchronizer$ConditionObject.awaitNanos(AbstractQueuedSynchronizer.java:2078)
        at java.util.concurrent.ScheduledThreadPoolExecutor$DelayedWorkQueue.take(ScheduledThreadPoolExecutor.java:1093)
        at java.util.concurrent.ScheduledThreadPoolExecutor$DelayedWorkQueue.take(ScheduledThreadPoolExecutor.java:809)
        at java.util.concurrent.ThreadPoolExecutor.getTask(ThreadPoolExecutor.java:1074)
        at java.util.concurrent.ThreadPoolExecutor.runWorker(ThreadPoolExecutor.java:1134)
        at java.util.concurrent.ThreadPoolExecutor$Worker.run(ThreadPoolExecutor.java:624)
        at java.lang.Thread.run(Thread.java:748)
"IPC Server Responder" daemon prio=5 tid=1087 runnable
java.lang.Thread.State: RUNNABLE
        at sun.nio.ch.EPollArrayWrapper.epollWait(Native Method)
        at sun.nio.ch.EPollArrayWrapper.poll(EPollArrayWrapper.java:269)
        at sun.nio.ch.EPollSelectorImpl.doSelect(EPollSelectorImpl.java:93)
        at sun.nio.ch.SelectorImpl.lockAndDoSelect(SelectorImpl.java:86)
        at sun.nio.ch.SelectorImpl.select(SelectorImpl.java:97)
        at org.apache.hadoop.ipc.Server$Responder.doRunLoop(Server.java:1334)
        at org.apache.hadoop.ipc.Server$Responder.run(Server.java:1317)
"pool-158-thread-2"  prio=5 tid=1826 in Object.wait()
java.lang.Thread.State: WAITING (on object monitor)
        at sun.misc.Unsafe.park(Native Method)
        at java.util.concurrent.locks.LockSupport.park(LockSupport.java:175)
        at java.util.concurrent.locks.AbstractQueuedSynchronizer$ConditionObject.await(AbstractQueuedSynchronizer.java:2039)
        at java.util.concurrent.ArrayBlockingQueue.take(ArrayBlockingQueue.java:403)
        at java.util.concurrent.ThreadPoolExecutor.getTask(ThreadPoolExecutor.java:1074)
        at java.util.concurrent.ThreadPoolExecutor.runWorker(ThreadPoolExecutor.java:1134)
        at java.util.concurrent.ThreadPoolExecutor$Worker.run(ThreadPoolExecutor.java:624)
        at java.lang.Thread.run(Thread.java:748)
"pool-138-thread-52"  prio=5 tid=1723 in Object.wait()
java.lang.Thread.State: WAITING (on object monitor)
        at sun.misc.Unsafe.park(Native Method)
        at java.util.concurrent.locks.LockSupport.park(LockSupport.java:175)
        at java.util.concurrent.locks.AbstractQueuedSynchronizer$ConditionObject.await(AbstractQueuedSynchronizer.java:2039)
        at java.util.concurrent.ArrayBlockingQueue.take(ArrayBlockingQueue.java:403)
        at java.util.concurrent.ThreadPoolExecutor.getTask(ThreadPoolExecutor.java:1074)
        at java.util.concurrent.ThreadPoolExecutor.runWorker(ThreadPoolExecutor.java:1134)
        at java.util.concurrent.ThreadPoolExecutor$Worker.run(ThreadPoolExecutor.java:624)
        at java.lang.Thread.run(Thread.java:748)
"metrics-hadoop-metrics2-reporter-9-thread-1" daemon prio=5 tid=722 timed_waiting
java.lang.Thread.State: TIMED_WAITING
        at sun.misc.Unsafe.park(Native Method)
        at java.util.concurrent.locks.LockSupport.parkNanos(LockSupport.java:215)
        at java.util.concurrent.locks.AbstractQueuedSynchronizer$ConditionObject.awaitNanos(AbstractQueuedSynchronizer.java:2078)
        at java.util.concurrent.ScheduledThreadPoolExecutor$DelayedWorkQueue.take(ScheduledThreadPoolExecutor.java:1093)
        at java.util.concurrent.ScheduledThreadPoolExecutor$DelayedWorkQueue.take(ScheduledThreadPoolExecutor.java:809)
        at java.util.concurrent.ThreadPoolExecutor.getTask(ThreadPoolExecutor.java:1074)
        at java.util.concurrent.ThreadPoolExecutor.runWorker(ThreadPoolExecutor.java:1134)
        at java.util.concurrent.ThreadPoolExecutor$Worker.run(ThreadPoolExecutor.java:624)
        at java.lang.Thread.run(Thread.java:748)
"metrics-hadoop-metrics2-reporter-87-thread-1" daemon prio=5 tid=1503 timed_waiting
java.lang.Thread.State: TIMED_WAITING
        at sun.misc.Unsafe.park(Native Method)
        at java.util.concurrent.locks.LockSupport.parkNanos(LockSupport.java:215)
        at java.util.concurrent.locks.AbstractQueuedSynchronizer$ConditionObject.awaitNanos(AbstractQueuedSynchronizer.java:2078)
        at java.util.concurrent.ScheduledThreadPoolExecutor$DelayedWorkQueue.take(ScheduledThreadPoolExecutor.java:1093)
        at java.util.concurrent.ScheduledThreadPoolExecutor$DelayedWorkQueue.take(ScheduledThreadPoolExecutor.java:809)
        at java.util.concurrent.ThreadPoolExecutor.getTask(ThreadPoolExecutor.java:1074)
        at java.util.concurrent.ThreadPoolExecutor.runWorker(ThreadPoolExecutor.java:1134)
        at java.util.concurrent.ThreadPoolExecutor$Worker.run(ThreadPoolExecutor.java:624)
        at java.lang.Thread.run(Thread.java:748)


	at org.apache.hadoop.test.GenericTestUtils.waitFor(GenericTestUtils.java:389)
	at org.apache.hadoop.hdds.scm.pipeline.TestRatisPipelineCreateAndDestroy.waitForPipelines(TestRatisPipelineCreateAndDestroy.java:126)
	at org.apache.hadoop.hdds.scm.pipeline.TestRatisPipelineCreateAndDestroy.testPipelineCreationOnNodeRestart(TestRatisPipelineCreateAndDestroy.java:121)
	at sun.reflect.NativeMethodAccessorImpl.invoke0(Native Method)
	at sun.reflect.NativeMethodAccessorImpl.invoke(NativeMethodAccessorImpl.java:62)
	at sun.reflect.DelegatingMethodAccessorImpl.invoke(DelegatingMethodAccessorImpl.java:43)
	at java.lang.reflect.Method.invoke(Method.java:498)
	at org.junit.runners.model.FrameworkMethod$1.runReflectiveCall(FrameworkMethod.java:47)
	at org.junit.internal.runners.model.ReflectiveCallable.run(ReflectiveCallable.java:12)
	at org.junit.runners.model.FrameworkMethod.invokeExplosively(FrameworkMethod.java:44)
	at org.junit.internal.runners.statements.InvokeMethod.evaluate(InvokeMethod.java:17)
	at org.junit.internal.runners.statements.FailOnTimeout$StatementThread.run(FailOnTimeout.java:74)
</error>
    <system-out><![CDATA[2019-10-16 20:41:30,864 [Thread-477] WARN  server.ServerUtils (ServerUtils.java:getScmDbDir(145)) - ozone.scm.db.dirs is not configured. We recommend adding this setting. Falling back to ozone.metadata.dirs instead.
2019-10-16 20:41:30,921 [Thread-477] WARN  server.ServerUtils (ServerUtils.java:getScmDbDir(145)) - ozone.scm.db.dirs is not configured. We recommend adding this setting. Falling back to ozone.metadata.dirs instead.
2019-10-16 20:41:30,923 [Thread-477] WARN  server.ServerUtils (ServerUtils.java:getScmDbDir(145)) - ozone.scm.db.dirs is not configured. We recommend adding this setting. Falling back to ozone.metadata.dirs instead.
2019-10-16 20:41:30,925 [Thread-477] INFO  db.DBStoreBuilder (DBStoreBuilder.java:addTable(117)) - using custom profile for table: deletedBlocks
2019-10-16 20:41:30,925 [Thread-477] INFO  db.DBStoreBuilder (DBStoreBuilder.java:processTables(168)) - Using default column profile:DBProfile.DISK for Table:deletedBlocks
2019-10-16 20:41:30,925 [Thread-477] INFO  db.DBStoreBuilder (DBStoreBuilder.java:addTable(117)) - using custom profile for table: validCerts
2019-10-16 20:41:30,925 [Thread-477] INFO  db.DBStoreBuilder (DBStoreBuilder.java:processTables(168)) - Using default column profile:DBProfile.DISK for Table:validCerts
2019-10-16 20:41:30,926 [Thread-477] INFO  db.DBStoreBuilder (DBStoreBuilder.java:addTable(117)) - using custom profile for table: revokedCerts
2019-10-16 20:41:30,926 [Thread-477] INFO  db.DBStoreBuilder (DBStoreBuilder.java:processTables(168)) - Using default column profile:DBProfile.DISK for Table:revokedCerts
2019-10-16 20:41:30,926 [Thread-477] INFO  db.DBStoreBuilder (DBStoreBuilder.java:addTable(117)) - using custom profile for table: default
2019-10-16 20:41:30,926 [Thread-477] INFO  db.DBStoreBuilder (DBStoreBuilder.java:processTables(174)) - Using default column profile:DBProfile.DISK for Table:default
2019-10-16 20:41:30,927 [Thread-477] INFO  db.DBStoreBuilder (DBStoreBuilder.java:getDbProfile(205)) - Using default options. DBProfile.DISK
2019-10-16 20:41:31,039 [Thread-477] INFO  net.NodeSchemaLoader (NodeSchemaLoader.java:loadSchemaFromFile(125)) - Loading file from sun.misc.CompoundEnumeration@656bccb9
2019-10-16 20:41:31,040 [Thread-477] INFO  net.NodeSchemaLoader (NodeSchemaLoader.java:loadSchema(171)) - Loading network topology layer schema file
2019-10-16 20:41:31,050 [Thread-477] INFO  node.SCMNodeManager (SCMNodeManager.java:<init>(116)) - Entering startup safe mode.
2019-10-16 20:41:31,052 [Thread-477] INFO  algorithms.ContainerPlacementPolicyFactory (ContainerPlacementPolicyFactory.java:getPolicy(57)) - Create container placement policy of type org.apache.hadoop.hdds.scm.container.placement.algorithms.SCMContainerPlacementRandom
2019-10-16 20:41:31,052 [Thread-477] WARN  server.ServerUtils (ServerUtils.java:getScmDbDir(145)) - ozone.scm.db.dirs is not configured. We recommend adding this setting. Falling back to ozone.metadata.dirs instead.
2019-10-16 20:41:31,072 [Thread-477] INFO  pipeline.SCMPipelineManager (SCMPipelineManager.java:initializePipelineState(132)) - No pipeline exists in current db
2019-10-16 20:41:31,072 [Thread-477] WARN  server.ServerUtils (ServerUtils.java:getScmDbDir(145)) - ozone.scm.db.dirs is not configured. We recommend adding this setting. Falling back to ozone.metadata.dirs instead.
2019-10-16 20:41:31,126 [Thread-477] WARN  events.EventQueue (EventQueue.java:fireEvent(183)) - No event handler registered for event TypedEvent{payloadType=SafeModeStatus, name='SafeModeStatus'}
2019-10-16 20:41:31,128 [Thread-477] INFO  ipc.CallQueueManager (CallQueueManager.java:<init>(84)) - Using callQueue: class java.util.concurrent.LinkedBlockingQueue, queueCapacity: 2000, scheduler: class org.apache.hadoop.ipc.DefaultRpcScheduler, ipcBackoff: false.
2019-10-16 20:41:31,129 [Socket Reader #1 for port 38131] INFO  ipc.Server (Server.java:run(1074)) - Starting Socket Reader #1 for port 38131
2019-10-16 20:41:31,132 [Thread-477] INFO  ipc.CallQueueManager (CallQueueManager.java:<init>(84)) - Using callQueue: class java.util.concurrent.LinkedBlockingQueue, queueCapacity: 2000, scheduler: class org.apache.hadoop.ipc.DefaultRpcScheduler, ipcBackoff: false.
2019-10-16 20:41:31,133 [Socket Reader #1 for port 38802] INFO  ipc.Server (Server.java:run(1074)) - Starting Socket Reader #1 for port 38802
2019-10-16 20:41:31,134 [Thread-477] INFO  ipc.CallQueueManager (CallQueueManager.java:<init>(84)) - Using callQueue: class java.util.concurrent.LinkedBlockingQueue, queueCapacity: 2000, scheduler: class org.apache.hadoop.ipc.DefaultRpcScheduler, ipcBackoff: false.
2019-10-16 20:41:31,135 [Socket Reader #1 for port 46609] INFO  ipc.Server (Server.java:run(1074)) - Starting Socket Reader #1 for port 46609
2019-10-16 20:41:31,138 [Thread-477] INFO  hdfs.DFSUtil (DFSUtil.java:httpServerTemplateForNNAndJN(1641)) - Starting Web-server for scm at: http://0.0.0.0:0
2019-10-16 20:41:31,141 [Thread-477] INFO  server.AuthenticationFilter (AuthenticationFilter.java:constructSecretProvider(240)) - Unable to initialize FileSignerSecretProvider, falling back to use random secrets.
2019-10-16 20:41:31,142 [Thread-477] WARN  http.HttpRequestLog (HttpRequestLog.java:getRequestLog(97)) - Jetty request log can only be enabled using Log4j
2019-10-16 20:41:31,145 [Thread-477] INFO  http.HttpServer2 (HttpServer2.java:addGlobalFilter(975)) - Added global filter 'safety' (class=org.apache.hadoop.http.HttpServer2$QuotingInputFilter)
2019-10-16 20:41:31,145 [Thread-477] INFO  http.HttpServer2 (HttpServer2.java:addFilter(948)) - Added filter static_user_filter (class=org.apache.hadoop.http.lib.StaticUserWebFilter$StaticUserFilter) to context scm
2019-10-16 20:41:31,146 [Thread-477] INFO  http.HttpServer2 (HttpServer2.java:addFilter(958)) - Added filter static_user_filter (class=org.apache.hadoop.http.lib.StaticUserWebFilter$StaticUserFilter) to context static
2019-10-16 20:41:31,146 [Thread-477] INFO  http.HttpServer2 (HttpServer2.java:addFilter(958)) - Added filter static_user_filter (class=org.apache.hadoop.http.lib.StaticUserWebFilter$StaticUserFilter) to context logs
2019-10-16 20:41:31,149 [Thread-477] INFO  server.StorageContainerManager (StorageContainerManager.java:start(772)) - StorageContainerLocationProtocol RPC server is listening at /0.0.0.0:46609
2019-10-16 20:41:31,152 [Thread-477] WARN  impl.MetricsConfig (MetricsConfig.java:loadFirst(134)) - Cannot locate configuration: tried hadoop-metrics2-storagecontainermanager.properties,hadoop-metrics2.properties
2019-10-16 20:41:31,154 [Thread-477] INFO  impl.MetricsSystemImpl (MetricsSystemImpl.java:startTimer(374)) - Scheduled Metric snapshot period at 10 second(s).
2019-10-16 20:41:31,154 [Thread-477] INFO  impl.MetricsSystemImpl (MetricsSystemImpl.java:start(191)) - StorageContainerManager metrics system started
2019-10-16 20:41:31,205 [Thread-477] WARN  impl.MetricsSystemImpl (MetricsSystemImpl.java:register(276)) - Sink prometheus already exists!
2019-10-16 20:41:31,209 [Thread-477] INFO  server.SCMClientProtocolServer (SCMClientProtocolServer.java:start(159)) - RPC server for Client  is listening at /0.0.0.0:46609
2019-10-16 20:41:31,210 [IPC Server Responder] INFO  ipc.Server (Server.java:run(1314)) - IPC Server Responder: starting
2019-10-16 20:41:31,210 [IPC Server listener on 46609] INFO  ipc.Server (Server.java:run(1153)) - IPC Server listener on 46609: starting
2019-10-16 20:41:31,213 [Thread-477] INFO  server.StorageContainerManager (StorageContainerManager.java:start(782)) - ScmBlockLocationProtocol RPC server is listening at /0.0.0.0:38802
2019-10-16 20:41:31,214 [Thread-477] INFO  server.SCMBlockProtocolServer (SCMBlockProtocolServer.java:start(146)) - RPC server for Block Protocol is listening at /0.0.0.0:38802
2019-10-16 20:41:31,214 [IPC Server Responder] INFO  ipc.Server (Server.java:run(1314)) - IPC Server Responder: starting
2019-10-16 20:41:31,214 [IPC Server listener on 38802] INFO  ipc.Server (Server.java:run(1153)) - IPC Server listener on 38802: starting
2019-10-16 20:41:31,218 [Thread-477] INFO  server.StorageContainerManager (StorageContainerManager.java:start(786)) - ScmDatanodeProtocl RPC server is listening at /0.0.0.0:38131
2019-10-16 20:41:31,218 [Thread-477] INFO  server.SCMDatanodeProtocolServer (SCMDatanodeProtocolServer.java:start(169)) - RPC server for DataNodes is listening at /0.0.0.0:38131
2019-10-16 20:41:31,219 [IPC Server Responder] INFO  ipc.Server (Server.java:run(1314)) - IPC Server Responder: starting
2019-10-16 20:41:31,219 [IPC Server listener on 38131] INFO  ipc.Server (Server.java:run(1153)) - IPC Server listener on 38131: starting
2019-10-16 20:41:31,223 [Thread-477] INFO  http.HttpServer2 (HttpServer2.java:bindListener(1191)) - Jetty bound to port 35486
2019-10-16 20:41:31,223 [Thread-477] INFO  server.Server (Server.java:doStart(351)) - jetty-9.3.25.v20180904, build timestamp: 2018-09-04T21:11:46Z, git hash: 3ce520221d0240229c862b122d2b06c12a625732
2019-10-16 20:41:31,225 [Thread-477] INFO  handler.ContextHandler (ContextHandler.java:doStart(781)) - Started o.e.j.s.ServletContextHandler@35cd11f1{/logs,file:///workdir/hadoop-ozone/integration-test/target/log,AVAILABLE}
2019-10-16 20:41:31,226 [Thread-477] INFO  handler.ContextHandler (ContextHandler.java:doStart(781)) - Started o.e.j.s.ServletContextHandler@16c67ef1{/static,file:///workdir/hadoop-ozone/integration-test/target/test-classes/webapps/static,AVAILABLE}
2019-10-16 20:41:31,230 [Thread-477] INFO  handler.ContextHandler (ContextHandler.java:doStart(781)) - Started o.e.j.w.WebAppContext@6daddc8b{/,file:///workdir/hadoop-ozone/integration-test/target/test-classes/webapps/scm/,AVAILABLE}{/scm}
2019-10-16 20:41:31,231 [Thread-477] INFO  server.AbstractConnector (AbstractConnector.java:doStart(278)) - Started ServerConnector@54e640d6{HTTP/1.1,[http/1.1]}{0.0.0.0:35486}
2019-10-16 20:41:31,231 [Thread-477] INFO  server.Server (Server.java:doStart(419)) - Started @29857ms
2019-10-16 20:41:31,231 [Thread-477] WARN  impl.MetricsSystemImpl (MetricsSystemImpl.java:register(276)) - Sink prometheus already exists!
2019-10-16 20:41:31,234 [Thread-477] INFO  server.BaseHttpServer (BaseHttpServer.java:updateConnectorAddress(215)) - HTTP server of SCM is listening at http://0.0.0.0:35486
2019-10-16 20:41:31,235 [Thread-477] WARN  server.ServerUtils (ServerUtils.java:getDBPath(222)) - ozone.om.db.dirs is not configured. We recommend adding this setting. Falling back to ozone.metadata.dirs instead.
2019-10-16 20:41:31,235 [org.apache.hadoop.util.JvmPauseMonitor$Monitor@5d5d5de4] INFO  util.JvmPauseMonitor (JvmPauseMonitor.java:run(188)) - Starting JVM pause monitor
2019-10-16 20:41:31,248 [Thread-477] INFO  ha.OMHANodeDetails (OMHANodeDetails.java:loadOMHAConfig(190)) - Configuration either no ozone.om.address set. Falling back to the default OM address /127.0.0.1:0
2019-10-16 20:41:31,248 [Thread-477] INFO  ha.OMHANodeDetails (OMHANodeDetails.java:getOMNodeDetails(220)) - OM Service ID is not set. Setting it to the default ID: omServiceIdDefault
2019-10-16 20:41:31,248 [Thread-477] WARN  server.ServerUtils (ServerUtils.java:getDBPath(222)) - ozone.om.db.dirs is not configured. We recommend adding this setting. Falling back to ozone.metadata.dirs instead.
2019-10-16 20:41:31,249 [Thread-477] WARN  server.ServerUtils (ServerUtils.java:getDBPath(222)) - ozone.om.db.dirs is not configured. We recommend adding this setting. Falling back to ozone.metadata.dirs instead.
2019-10-16 20:41:31,260 [Thread-477] WARN  server.ServerUtils (ServerUtils.java:getDBPath(222)) - ozone.om.db.dirs is not configured. We recommend adding this setting. Falling back to ozone.metadata.dirs instead.
2019-10-16 20:41:31,260 [Thread-477] INFO  db.DBStoreBuilder (DBStoreBuilder.java:addTable(117)) - using custom profile for table: userTable
2019-10-16 20:41:31,260 [Thread-477] INFO  db.DBStoreBuilder (DBStoreBuilder.java:processTables(168)) - Using default column profile:DBProfile.DISK for Table:userTable
2019-10-16 20:41:31,260 [Thread-477] INFO  db.DBStoreBuilder (DBStoreBuilder.java:addTable(117)) - using custom profile for table: volumeTable
2019-10-16 20:41:31,261 [Thread-477] INFO  db.DBStoreBuilder (DBStoreBuilder.java:processTables(168)) - Using default column profile:DBProfile.DISK for Table:volumeTable
2019-10-16 20:41:31,261 [Thread-477] INFO  db.DBStoreBuilder (DBStoreBuilder.java:addTable(117)) - using custom profile for table: bucketTable
2019-10-16 20:41:31,261 [Thread-477] INFO  db.DBStoreBuilder (DBStoreBuilder.java:processTables(168)) - Using default column profile:DBProfile.DISK for Table:bucketTable
2019-10-16 20:41:31,261 [Thread-477] INFO  db.DBStoreBuilder (DBStoreBuilder.java:addTable(117)) - using custom profile for table: keyTable
2019-10-16 20:41:31,261 [Thread-477] INFO  db.DBStoreBuilder (DBStoreBuilder.java:processTables(168)) - Using default column profile:DBProfile.DISK for Table:keyTable
2019-10-16 20:41:31,261 [Thread-477] INFO  db.DBStoreBuilder (DBStoreBuilder.java:addTable(117)) - using custom profile for table: deletedTable
2019-10-16 20:41:31,261 [Thread-477] INFO  db.DBStoreBuilder (DBStoreBuilder.java:processTables(168)) - Using default column profile:DBProfile.DISK for Table:deletedTable
2019-10-16 20:41:31,261 [Thread-477] INFO  db.DBStoreBuilder (DBStoreBuilder.java:addTable(117)) - using custom profile for table: openKeyTable
2019-10-16 20:41:31,261 [Thread-477] INFO  db.DBStoreBuilder (DBStoreBuilder.java:processTables(168)) - Using default column profile:DBProfile.DISK for Table:openKeyTable
2019-10-16 20:41:31,262 [Thread-477] INFO  db.DBStoreBuilder (DBStoreBuilder.java:addTable(117)) - using custom profile for table: s3Table
2019-10-16 20:41:31,262 [Thread-477] INFO  db.DBStoreBuilder (DBStoreBuilder.java:processTables(168)) - Using default column profile:DBProfile.DISK for Table:s3Table
2019-10-16 20:41:31,262 [Thread-477] INFO  db.DBStoreBuilder (DBStoreBuilder.java:addTable(117)) - using custom profile for table: multipartInfoTable
2019-10-16 20:41:31,262 [Thread-477] INFO  db.DBStoreBuilder (DBStoreBuilder.java:processTables(168)) - Using default column profile:DBProfile.DISK for Table:multipartInfoTable
2019-10-16 20:41:31,262 [Thread-477] INFO  db.DBStoreBuilder (DBStoreBuilder.java:addTable(117)) - using custom profile for table: dTokenTable
2019-10-16 20:41:31,262 [Thread-477] INFO  db.DBStoreBuilder (DBStoreBuilder.java:processTables(168)) - Using default column profile:DBProfile.DISK for Table:dTokenTable
2019-10-16 20:41:31,262 [Thread-477] INFO  db.DBStoreBuilder (DBStoreBuilder.java:addTable(117)) - using custom profile for table: s3SecretTable
2019-10-16 20:41:31,262 [Thread-477] INFO  db.DBStoreBuilder (DBStoreBuilder.java:processTables(168)) - Using default column profile:DBProfile.DISK for Table:s3SecretTable
2019-10-16 20:41:31,263 [Thread-477] INFO  db.DBStoreBuilder (DBStoreBuilder.java:addTable(117)) - using custom profile for table: prefixTable
2019-10-16 20:41:31,263 [Thread-477] INFO  db.DBStoreBuilder (DBStoreBuilder.java:processTables(168)) - Using default column profile:DBProfile.DISK for Table:prefixTable
2019-10-16 20:41:31,263 [Thread-477] INFO  db.DBStoreBuilder (DBStoreBuilder.java:addTable(117)) - using custom profile for table: default
2019-10-16 20:41:31,263 [Thread-477] INFO  db.DBStoreBuilder (DBStoreBuilder.java:processTables(174)) - Using default column profile:DBProfile.DISK for Table:default
2019-10-16 20:41:31,263 [Thread-477] INFO  db.DBStoreBuilder (DBStoreBuilder.java:getDbProfile(205)) - Using default options. DBProfile.DISK
2019-10-16 20:41:31,779 [Thread-477] INFO  ipc.CallQueueManager (CallQueueManager.java:<init>(84)) - Using callQueue: class java.util.concurrent.LinkedBlockingQueue, queueCapacity: 2000, scheduler: class org.apache.hadoop.ipc.DefaultRpcScheduler, ipcBackoff: false.
2019-10-16 20:41:31,780 [Socket Reader #1 for port 45184] INFO  ipc.Server (Server.java:run(1074)) - Starting Socket Reader #1 for port 45184
2019-10-16 20:41:31,796 [Thread-477] INFO  om.OzoneManager (OzoneManager.java:start(1071)) - OzoneManager RPC server is listening at localhost/127.0.0.1:45184
2019-10-16 20:41:31,796 [Thread-477] INFO  impl.MetricsSystemImpl (MetricsSystemImpl.java:init(158)) - OzoneManager metrics system started (again)
2019-10-16 20:41:31,797 [IPC Server Responder] INFO  ipc.Server (Server.java:run(1314)) - IPC Server Responder: starting
2019-10-16 20:41:31,798 [IPC Server listener on 45184] INFO  ipc.Server (Server.java:run(1153)) - IPC Server listener on 45184: starting
2019-10-16 20:41:31,803 [Thread-477] INFO  hdfs.DFSUtil (DFSUtil.java:httpServerTemplateForNNAndJN(1641)) - Starting Web-server for ozoneManager at: http://0.0.0.0:0
2019-10-16 20:41:31,804 [Thread-477] INFO  server.AuthenticationFilter (AuthenticationFilter.java:constructSecretProvider(240)) - Unable to initialize FileSignerSecretProvider, falling back to use random secrets.
2019-10-16 20:41:31,805 [Thread-477] WARN  http.HttpRequestLog (HttpRequestLog.java:getRequestLog(97)) - Jetty request log can only be enabled using Log4j
2019-10-16 20:41:31,806 [Thread-477] INFO  http.HttpServer2 (HttpServer2.java:addGlobalFilter(975)) - Added global filter 'safety' (class=org.apache.hadoop.http.HttpServer2$QuotingInputFilter)
2019-10-16 20:41:31,806 [Thread-477] INFO  http.HttpServer2 (HttpServer2.java:addFilter(948)) - Added filter static_user_filter (class=org.apache.hadoop.http.lib.StaticUserWebFilter$StaticUserFilter) to context ozoneManager
2019-10-16 20:41:31,806 [Thread-477] INFO  http.HttpServer2 (HttpServer2.java:addFilter(958)) - Added filter static_user_filter (class=org.apache.hadoop.http.lib.StaticUserWebFilter$StaticUserFilter) to context logs
2019-10-16 20:41:31,806 [Thread-477] INFO  http.HttpServer2 (HttpServer2.java:addFilter(958)) - Added filter static_user_filter (class=org.apache.hadoop.http.lib.StaticUserWebFilter$StaticUserFilter) to context static
2019-10-16 20:41:31,807 [Thread-477] INFO  http.HttpServer2 (HttpServer2.java:bindListener(1191)) - Jetty bound to port 38718
2019-10-16 20:41:31,807 [Thread-477] INFO  server.Server (Server.java:doStart(351)) - jetty-9.3.25.v20180904, build timestamp: 2018-09-04T21:11:46Z, git hash: 3ce520221d0240229c862b122d2b06c12a625732
2019-10-16 20:41:31,809 [Thread-477] INFO  handler.ContextHandler (ContextHandler.java:doStart(781)) - Started o.e.j.s.ServletContextHandler@6d05348c{/logs,file:///workdir/hadoop-ozone/integration-test/target/log,AVAILABLE}
2019-10-16 20:41:31,809 [Thread-477] INFO  handler.ContextHandler (ContextHandler.java:doStart(781)) - Started o.e.j.s.ServletContextHandler@4e7083d{/static,file:///workdir/hadoop-ozone/integration-test/target/test-classes/webapps/static,AVAILABLE}
2019-10-16 20:41:31,813 [Thread-477] INFO  handler.ContextHandler (ContextHandler.java:doStart(781)) - Started o.e.j.w.WebAppContext@4ec65aa5{/,file:///workdir/hadoop-ozone/integration-test/target/test-classes/webapps/ozoneManager/,AVAILABLE}{/ozoneManager}
2019-10-16 20:41:31,813 [Thread-477] INFO  server.AbstractConnector (AbstractConnector.java:doStart(278)) - Started ServerConnector@2fd09fc1{HTTP/1.1,[http/1.1]}{0.0.0.0:38718}
2019-10-16 20:41:31,814 [Thread-477] INFO  server.Server (Server.java:doStart(419)) - Started @30439ms
2019-10-16 20:41:31,814 [Thread-477] WARN  impl.MetricsSystemImpl (MetricsSystemImpl.java:register(276)) - Sink prometheus already exists!
2019-10-16 20:41:31,815 [Thread-477] INFO  server.BaseHttpServer (BaseHttpServer.java:updateConnectorAddress(215)) - HTTP server of OZONEMANAGER is listening at http://0.0.0.0:38718
2019-10-16 20:41:31,825 [Thread-477] INFO  impl.MetricsSystemImpl (MetricsSystemImpl.java:init(158)) - HddsDatanode metrics system started (again)
2019-10-16 20:41:31,827 [Thread-477] INFO  ozone.HddsDatanodeService (HddsDatanodeService.java:start(184)) - HddsDatanodeService host:pr-hdds-1868-qdb9g-714931517 ip:192.168.157.254
2019-10-16 20:41:31,835 [Thread-477] INFO  volume.HddsVolume (HddsVolume.java:<init>(176)) - Creating Volume: /workdir/hadoop-ozone/integration-test/target/test-dir/MiniOzoneClusterImpl-d661fb9f-1fa9-4d83-aa41-108be3044330/datanode-0/data/containers/hdds of  storage type : DISK and capacity : 1482555576320
2019-10-16 20:41:31,836 [Thread-477] INFO  volume.VolumeSet (VolumeSet.java:initializeVolumeSet(170)) - Added Volume : /workdir/hadoop-ozone/integration-test/target/test-dir/MiniOzoneClusterImpl-d661fb9f-1fa9-4d83-aa41-108be3044330/datanode-0/data/containers/hdds to VolumeSet
2019-10-16 20:41:31,836 [Thread-477] INFO  volume.ThrottledAsyncChecker (ThrottledAsyncChecker.java:schedule(141)) - Scheduling a check for /workdir/hadoop-ozone/integration-test/target/test-dir/MiniOzoneClusterImpl-d661fb9f-1fa9-4d83-aa41-108be3044330/datanode-0/data/containers/hdds
2019-10-16 20:41:31,836 [Thread-477] INFO  volume.HddsVolumeChecker (HddsVolumeChecker.java:checkAllVolumes(204)) - Scheduled health check for volume /workdir/hadoop-ozone/integration-test/target/test-dir/MiniOzoneClusterImpl-d661fb9f-1fa9-4d83-aa41-108be3044330/datanode-0/data/containers/hdds
2019-10-16 20:41:31,848 [Thread-477] INFO  impl.RaftServerProxy (ConfUtils.java:logGet(43)) - raft.rpc.type = GRPC (default)
2019-10-16 20:41:31,848 [Thread-477] INFO  grpc.GrpcFactory (GrpcFactory.java:checkPooledByteBufAllocatorUseCacheForAllThreads(45)) - PERFORMANCE WARNING: useCacheForAllThreads is true that may cause Netty to create a lot garbage objects and, as a result, trigger GC.
	It is recommended to disable useCacheForAllThreads by setting -Dorg.apache.ratis.thirdparty.io.netty.allocator.useCacheForAllThreads=false in command line.
2019-10-16 20:41:31,848 [Thread-477] INFO  grpc.GrpcConfigKeys$Server (ConfUtils.java:logGet(43)) - raft.grpc.server.port = 0 (default)
2019-10-16 20:41:31,848 [Thread-477] INFO  server.GrpcService (ConfUtils.java:logGet(43)) - raft.grpc.message.size.max = 33570816 (custom)
2019-10-16 20:41:31,848 [Thread-477] INFO  server.RaftServerConfigKeys (ConfUtils.java:logGet(43)) - raft.server.log.appender.buffer.byte-limit = 33554432 (custom)
2019-10-16 20:41:31,849 [Thread-477] INFO  server.GrpcService (ConfUtils.java:logGet(43)) - raft.grpc.flow.control.window = 1MB (=1048576) (default)
2019-10-16 20:41:31,849 [Thread-477] INFO  server.RaftServerConfigKeys (ConfUtils.java:logGet(43)) - raft.server.rpc.request.timeout = 3000ms (default)
2019-10-16 20:41:31,849 [Thread-477] INFO  server.RaftServerConfigKeys (ConfUtils.java:logGet(43)) - raft.server.storage.dir = [/workdir/hadoop-ozone/integration-test/target/test-dir/MiniOzoneClusterImpl-d661fb9f-1fa9-4d83-aa41-108be3044330/datanode-0/data/ratis] (custom)
2019-10-16 20:41:31,851 [Thread-477] INFO  hdfs.DFSUtil (DFSUtil.java:httpServerTemplateForNNAndJN(1641)) - Starting Web-server for hddsDatanode at: http://0.0.0.0:0
2019-10-16 20:41:31,852 [Thread-477] INFO  server.AuthenticationFilter (AuthenticationFilter.java:constructSecretProvider(240)) - Unable to initialize FileSignerSecretProvider, falling back to use random secrets.
2019-10-16 20:41:31,852 [Thread-477] WARN  http.HttpRequestLog (HttpRequestLog.java:getRequestLog(97)) - Jetty request log can only be enabled using Log4j
2019-10-16 20:41:31,854 [Thread-477] INFO  http.HttpServer2 (HttpServer2.java:addGlobalFilter(975)) - Added global filter 'safety' (class=org.apache.hadoop.http.HttpServer2$QuotingInputFilter)
2019-10-16 20:41:31,854 [Thread-477] INFO  http.HttpServer2 (HttpServer2.java:addFilter(948)) - Added filter static_user_filter (class=org.apache.hadoop.http.lib.StaticUserWebFilter$StaticUserFilter) to context hddsDatanode
2019-10-16 20:41:31,854 [Thread-477] INFO  http.HttpServer2 (HttpServer2.java:addFilter(958)) - Added filter static_user_filter (class=org.apache.hadoop.http.lib.StaticUserWebFilter$StaticUserFilter) to context logs
2019-10-16 20:41:31,854 [Thread-477] INFO  http.HttpServer2 (HttpServer2.java:addFilter(958)) - Added filter static_user_filter (class=org.apache.hadoop.http.lib.StaticUserWebFilter$StaticUserFilter) to context static
2019-10-16 20:41:31,855 [Thread-477] INFO  http.HttpServer2 (HttpServer2.java:bindListener(1191)) - Jetty bound to port 41305
2019-10-16 20:41:31,855 [Thread-477] INFO  server.Server (Server.java:doStart(351)) - jetty-9.3.25.v20180904, build timestamp: 2018-09-04T21:11:46Z, git hash: 3ce520221d0240229c862b122d2b06c12a625732
2019-10-16 20:41:31,856 [Thread-477] INFO  handler.ContextHandler (ContextHandler.java:doStart(781)) - Started o.e.j.s.ServletContextHandler@428118d9{/logs,file:///workdir/hadoop-ozone/integration-test/target/log,AVAILABLE}
2019-10-16 20:41:31,857 [Thread-477] INFO  handler.ContextHandler (ContextHandler.java:doStart(781)) - Started o.e.j.s.ServletContextHandler@3aab9811{/static,jar:file:/home/user/.m2/repository/org/apache/hadoop/hadoop-hdds-container-service/0.5.0-SNAPSHOT/hadoop-hdds-container-service-0.5.0-SNAPSHOT.jar!/webapps/static,AVAILABLE}
2019-10-16 20:41:31,884 [Thread-477] INFO  handler.ContextHandler (ContextHandler.java:doStart(781)) - Started o.e.j.w.WebAppContext@474ea27f{/,file:///tmp/jetty-0.0.0.0-41305-hddsDatanode-_-any-8615793922834503528.dir/webapp/,AVAILABLE}{/hddsDatanode}
2019-10-16 20:41:31,885 [Thread-477] INFO  server.AbstractConnector (AbstractConnector.java:doStart(278)) - Started ServerConnector@5d4fa314{HTTP/1.1,[http/1.1]}{0.0.0.0:41305}
2019-10-16 20:41:31,886 [Thread-477] INFO  server.Server (Server.java:doStart(419)) - Started @30511ms
2019-10-16 20:41:31,886 [Thread-477] WARN  impl.MetricsSystemImpl (MetricsSystemImpl.java:register(276)) - Sink prometheus already exists!
2019-10-16 20:41:31,887 [Thread-477] INFO  server.BaseHttpServer (BaseHttpServer.java:updateConnectorAddress(215)) - HTTP server of HDDSDATANODE is listening at http://0.0.0.0:41305
2019-10-16 20:41:31,887 [Thread-477] INFO  impl.MetricsSystemImpl (MetricsSystemImpl.java:init(158)) - HddsDatanode metrics system started (again)
2019-10-16 20:41:31,890 [Thread-477] INFO  ozone.HddsDatanodeService (HddsDatanodeService.java:start(184)) - HddsDatanodeService host:pr-hdds-1868-qdb9g-714931517 ip:192.168.157.254
2019-10-16 20:41:31,891 [org.apache.hadoop.util.JvmPauseMonitor$Monitor@5aa29ef6] INFO  util.JvmPauseMonitor (JvmPauseMonitor.java:run(188)) - Starting JVM pause monitor
2019-10-16 20:41:31,894 [Datanode State Machine Thread - 0] INFO  datanode.InitDatanodeState (InitDatanodeState.java:persistContainerDatanodeDetails(140)) - DatanodeDetails is persisted to /workdir/hadoop-ozone/integration-test/target/test-dir/MiniOzoneClusterImpl-d661fb9f-1fa9-4d83-aa41-108be3044330/datanode-0/meta/datanode.id
2019-10-16 20:41:31,897 [Thread-477] INFO  volume.HddsVolume (HddsVolume.java:<init>(176)) - Creating Volume: /workdir/hadoop-ozone/integration-test/target/test-dir/MiniOzoneClusterImpl-d661fb9f-1fa9-4d83-aa41-108be3044330/datanode-1/data/containers/hdds of  storage type : DISK and capacity : 1482555576320
2019-10-16 20:41:31,898 [Thread-477] INFO  volume.VolumeSet (VolumeSet.java:initializeVolumeSet(170)) - Added Volume : /workdir/hadoop-ozone/integration-test/target/test-dir/MiniOzoneClusterImpl-d661fb9f-1fa9-4d83-aa41-108be3044330/datanode-1/data/containers/hdds to VolumeSet
2019-10-16 20:41:31,898 [Thread-477] INFO  volume.ThrottledAsyncChecker (ThrottledAsyncChecker.java:schedule(141)) - Scheduling a check for /workdir/hadoop-ozone/integration-test/target/test-dir/MiniOzoneClusterImpl-d661fb9f-1fa9-4d83-aa41-108be3044330/datanode-1/data/containers/hdds
2019-10-16 20:41:31,898 [Thread-477] INFO  volume.HddsVolumeChecker (HddsVolumeChecker.java:checkAllVolumes(204)) - Scheduled health check for volume /workdir/hadoop-ozone/integration-test/target/test-dir/MiniOzoneClusterImpl-d661fb9f-1fa9-4d83-aa41-108be3044330/datanode-1/data/containers/hdds
2019-10-16 20:41:31,911 [Thread-477] INFO  impl.RaftServerProxy (ConfUtils.java:logGet(43)) - raft.rpc.type = GRPC (default)
2019-10-16 20:41:31,911 [Thread-477] INFO  grpc.GrpcFactory (GrpcFactory.java:checkPooledByteBufAllocatorUseCacheForAllThreads(45)) - PERFORMANCE WARNING: useCacheForAllThreads is true that may cause Netty to create a lot garbage objects and, as a result, trigger GC.
	It is recommended to disable useCacheForAllThreads by setting -Dorg.apache.ratis.thirdparty.io.netty.allocator.useCacheForAllThreads=false in command line.
2019-10-16 20:41:31,912 [Thread-477] INFO  grpc.GrpcConfigKeys$Server (ConfUtils.java:logGet(43)) - raft.grpc.server.port = 0 (default)
2019-10-16 20:41:31,912 [Thread-477] INFO  server.GrpcService (ConfUtils.java:logGet(43)) - raft.grpc.message.size.max = 33570816 (custom)
2019-10-16 20:41:31,912 [Thread-477] INFO  server.RaftServerConfigKeys (ConfUtils.java:logGet(43)) - raft.server.log.appender.buffer.byte-limit = 33554432 (custom)
2019-10-16 20:41:31,912 [Thread-477] INFO  server.GrpcService (ConfUtils.java:logGet(43)) - raft.grpc.flow.control.window = 1MB (=1048576) (default)
2019-10-16 20:41:31,912 [Thread-477] INFO  server.RaftServerConfigKeys (ConfUtils.java:logGet(43)) - raft.server.rpc.request.timeout = 3000ms (default)
2019-10-16 20:41:31,913 [Thread-477] INFO  server.RaftServerConfigKeys (ConfUtils.java:logGet(43)) - raft.server.storage.dir = [/workdir/hadoop-ozone/integration-test/target/test-dir/MiniOzoneClusterImpl-d661fb9f-1fa9-4d83-aa41-108be3044330/datanode-1/data/ratis] (custom)
2019-10-16 20:41:31,914 [Thread-477] INFO  hdfs.DFSUtil (DFSUtil.java:httpServerTemplateForNNAndJN(1641)) - Starting Web-server for hddsDatanode at: http://0.0.0.0:0
2019-10-16 20:41:31,916 [Thread-477] INFO  server.AuthenticationFilter (AuthenticationFilter.java:constructSecretProvider(240)) - Unable to initialize FileSignerSecretProvider, falling back to use random secrets.
2019-10-16 20:41:31,916 [Thread-477] WARN  http.HttpRequestLog (HttpRequestLog.java:getRequestLog(97)) - Jetty request log can only be enabled using Log4j
2019-10-16 20:41:31,917 [Thread-477] INFO  http.HttpServer2 (HttpServer2.java:addGlobalFilter(975)) - Added global filter 'safety' (class=org.apache.hadoop.http.HttpServer2$QuotingInputFilter)
2019-10-16 20:41:31,918 [Thread-477] INFO  http.HttpServer2 (HttpServer2.java:addFilter(948)) - Added filter static_user_filter (class=org.apache.hadoop.http.lib.StaticUserWebFilter$StaticUserFilter) to context hddsDatanode
2019-10-16 20:41:31,918 [Thread-477] INFO  http.HttpServer2 (HttpServer2.java:addFilter(958)) - Added filter static_user_filter (class=org.apache.hadoop.http.lib.StaticUserWebFilter$StaticUserFilter) to context logs
2019-10-16 20:41:31,918 [Thread-477] INFO  http.HttpServer2 (HttpServer2.java:addFilter(958)) - Added filter static_user_filter (class=org.apache.hadoop.http.lib.StaticUserWebFilter$StaticUserFilter) to context static
2019-10-16 20:41:31,919 [Thread-477] INFO  http.HttpServer2 (HttpServer2.java:bindListener(1191)) - Jetty bound to port 35026
2019-10-16 20:41:31,919 [Thread-477] INFO  server.Server (Server.java:doStart(351)) - jetty-9.3.25.v20180904, build timestamp: 2018-09-04T21:11:46Z, git hash: 3ce520221d0240229c862b122d2b06c12a625732
2019-10-16 20:41:31,920 [Thread-477] INFO  handler.ContextHandler (ContextHandler.java:doStart(781)) - Started o.e.j.s.ServletContextHandler@3877e652{/logs,file:///workdir/hadoop-ozone/integration-test/target/log,AVAILABLE}
2019-10-16 20:41:31,921 [Thread-477] INFO  handler.ContextHandler (ContextHandler.java:doStart(781)) - Started o.e.j.s.ServletContextHandler@2118014f{/static,jar:file:/home/user/.m2/repository/org/apache/hadoop/hadoop-hdds-container-service/0.5.0-SNAPSHOT/hadoop-hdds-container-service-0.5.0-SNAPSHOT.jar!/webapps/static,AVAILABLE}
2019-10-16 20:41:31,950 [Thread-477] INFO  handler.ContextHandler (ContextHandler.java:doStart(781)) - Started o.e.j.w.WebAppContext@77ff18d3{/,file:///tmp/jetty-0.0.0.0-35026-hddsDatanode-_-any-9029642656683052868.dir/webapp/,AVAILABLE}{/hddsDatanode}
2019-10-16 20:41:31,950 [Thread-477] INFO  server.AbstractConnector (AbstractConnector.java:doStart(278)) - Started ServerConnector@3607f653{HTTP/1.1,[http/1.1]}{0.0.0.0:35026}
2019-10-16 20:41:31,951 [Thread-477] INFO  server.Server (Server.java:doStart(419)) - Started @30577ms
2019-10-16 20:41:31,951 [Thread-477] WARN  impl.MetricsSystemImpl (MetricsSystemImpl.java:register(276)) - Sink prometheus already exists!
2019-10-16 20:41:31,952 [Thread-477] INFO  server.BaseHttpServer (BaseHttpServer.java:updateConnectorAddress(215)) - HTTP server of HDDSDATANODE is listening at http://0.0.0.0:35026
2019-10-16 20:41:31,952 [Thread-477] INFO  impl.MetricsSystemImpl (MetricsSystemImpl.java:init(158)) - HddsDatanode metrics system started (again)
2019-10-16 20:41:31,955 [Thread-477] INFO  ozone.HddsDatanodeService (HddsDatanodeService.java:start(184)) - HddsDatanodeService host:pr-hdds-1868-qdb9g-714931517 ip:192.168.157.254
2019-10-16 20:41:31,956 [org.apache.hadoop.util.JvmPauseMonitor$Monitor@2c907a8f] INFO  util.JvmPauseMonitor (JvmPauseMonitor.java:run(188)) - Starting JVM pause monitor
2019-10-16 20:41:31,958 [Datanode State Machine Thread - 0] INFO  datanode.InitDatanodeState (InitDatanodeState.java:persistContainerDatanodeDetails(140)) - DatanodeDetails is persisted to /workdir/hadoop-ozone/integration-test/target/test-dir/MiniOzoneClusterImpl-d661fb9f-1fa9-4d83-aa41-108be3044330/datanode-1/meta/datanode.id
2019-10-16 20:41:31,962 [Thread-477] INFO  volume.HddsVolume (HddsVolume.java:<init>(176)) - Creating Volume: /workdir/hadoop-ozone/integration-test/target/test-dir/MiniOzoneClusterImpl-d661fb9f-1fa9-4d83-aa41-108be3044330/datanode-2/data/containers/hdds of  storage type : DISK and capacity : 1482555576320
2019-10-16 20:41:31,962 [Thread-477] INFO  volume.VolumeSet (VolumeSet.java:initializeVolumeSet(170)) - Added Volume : /workdir/hadoop-ozone/integration-test/target/test-dir/MiniOzoneClusterImpl-d661fb9f-1fa9-4d83-aa41-108be3044330/datanode-2/data/containers/hdds to VolumeSet
2019-10-16 20:41:31,963 [Thread-477] INFO  volume.ThrottledAsyncChecker (ThrottledAsyncChecker.java:schedule(141)) - Scheduling a check for /workdir/hadoop-ozone/integration-test/target/test-dir/MiniOzoneClusterImpl-d661fb9f-1fa9-4d83-aa41-108be3044330/datanode-2/data/containers/hdds
2019-10-16 20:41:31,963 [Thread-477] INFO  volume.HddsVolumeChecker (HddsVolumeChecker.java:checkAllVolumes(204)) - Scheduled health check for volume /workdir/hadoop-ozone/integration-test/target/test-dir/MiniOzoneClusterImpl-d661fb9f-1fa9-4d83-aa41-108be3044330/datanode-2/data/containers/hdds
2019-10-16 20:41:31,981 [Thread-477] INFO  impl.RaftServerProxy (ConfUtils.java:logGet(43)) - raft.rpc.type = GRPC (default)
2019-10-16 20:41:31,981 [Thread-477] INFO  grpc.GrpcFactory (GrpcFactory.java:checkPooledByteBufAllocatorUseCacheForAllThreads(45)) - PERFORMANCE WARNING: useCacheForAllThreads is true that may cause Netty to create a lot garbage objects and, as a result, trigger GC.
	It is recommended to disable useCacheForAllThreads by setting -Dorg.apache.ratis.thirdparty.io.netty.allocator.useCacheForAllThreads=false in command line.
2019-10-16 20:41:31,981 [Thread-477] INFO  grpc.GrpcConfigKeys$Server (ConfUtils.java:logGet(43)) - raft.grpc.server.port = 0 (default)
2019-10-16 20:41:31,981 [Thread-477] INFO  server.GrpcService (ConfUtils.java:logGet(43)) - raft.grpc.message.size.max = 33570816 (custom)
2019-10-16 20:41:31,982 [Thread-477] INFO  server.RaftServerConfigKeys (ConfUtils.java:logGet(43)) - raft.server.log.appender.buffer.byte-limit = 33554432 (custom)
2019-10-16 20:41:31,982 [Thread-477] INFO  server.GrpcService (ConfUtils.java:logGet(43)) - raft.grpc.flow.control.window = 1MB (=1048576) (default)
2019-10-16 20:41:31,982 [Thread-477] INFO  server.RaftServerConfigKeys (ConfUtils.java:logGet(43)) - raft.server.rpc.request.timeout = 3000ms (default)
2019-10-16 20:41:31,982 [Thread-477] INFO  server.RaftServerConfigKeys (ConfUtils.java:logGet(43)) - raft.server.storage.dir = [/workdir/hadoop-ozone/integration-test/target/test-dir/MiniOzoneClusterImpl-d661fb9f-1fa9-4d83-aa41-108be3044330/datanode-2/data/ratis] (custom)
2019-10-16 20:41:31,984 [Thread-477] INFO  hdfs.DFSUtil (DFSUtil.java:httpServerTemplateForNNAndJN(1641)) - Starting Web-server for hddsDatanode at: http://0.0.0.0:0
2019-10-16 20:41:31,986 [Thread-477] INFO  server.AuthenticationFilter (AuthenticationFilter.java:constructSecretProvider(240)) - Unable to initialize FileSignerSecretProvider, falling back to use random secrets.
2019-10-16 20:41:31,986 [Thread-477] WARN  http.HttpRequestLog (HttpRequestLog.java:getRequestLog(97)) - Jetty request log can only be enabled using Log4j
2019-10-16 20:41:31,987 [Thread-477] INFO  http.HttpServer2 (HttpServer2.java:addGlobalFilter(975)) - Added global filter 'safety' (class=org.apache.hadoop.http.HttpServer2$QuotingInputFilter)
2019-10-16 20:41:31,988 [Thread-477] INFO  http.HttpServer2 (HttpServer2.java:addFilter(948)) - Added filter static_user_filter (class=org.apache.hadoop.http.lib.StaticUserWebFilter$StaticUserFilter) to context hddsDatanode
2019-10-16 20:41:31,988 [Thread-477] INFO  http.HttpServer2 (HttpServer2.java:addFilter(958)) - Added filter static_user_filter (class=org.apache.hadoop.http.lib.StaticUserWebFilter$StaticUserFilter) to context logs
2019-10-16 20:41:31,988 [Thread-477] INFO  http.HttpServer2 (HttpServer2.java:addFilter(958)) - Added filter static_user_filter (class=org.apache.hadoop.http.lib.StaticUserWebFilter$StaticUserFilter) to context static
2019-10-16 20:41:31,989 [Thread-477] INFO  http.HttpServer2 (HttpServer2.java:bindListener(1191)) - Jetty bound to port 43830
2019-10-16 20:41:31,989 [Thread-477] INFO  server.Server (Server.java:doStart(351)) - jetty-9.3.25.v20180904, build timestamp: 2018-09-04T21:11:46Z, git hash: 3ce520221d0240229c862b122d2b06c12a625732
2019-10-16 20:41:31,990 [Thread-477] INFO  handler.ContextHandler (ContextHandler.java:doStart(781)) - Started o.e.j.s.ServletContextHandler@458e3210{/logs,file:///workdir/hadoop-ozone/integration-test/target/log,AVAILABLE}
2019-10-16 20:41:31,991 [Thread-477] INFO  handler.ContextHandler (ContextHandler.java:doStart(781)) - Started o.e.j.s.ServletContextHandler@5734522a{/static,jar:file:/home/user/.m2/repository/org/apache/hadoop/hadoop-hdds-container-service/0.5.0-SNAPSHOT/hadoop-hdds-container-service-0.5.0-SNAPSHOT.jar!/webapps/static,AVAILABLE}
2019-10-16 20:41:32,020 [Thread-477] INFO  handler.ContextHandler (ContextHandler.java:doStart(781)) - Started o.e.j.w.WebAppContext@5c9ea629{/,file:///tmp/jetty-0.0.0.0-43830-hddsDatanode-_-any-1354890354485875299.dir/webapp/,AVAILABLE}{/hddsDatanode}
2019-10-16 20:41:32,020 [Thread-477] INFO  server.AbstractConnector (AbstractConnector.java:doStart(278)) - Started ServerConnector@47922ebc{HTTP/1.1,[http/1.1]}{0.0.0.0:43830}
2019-10-16 20:41:32,021 [Thread-477] INFO  server.Server (Server.java:doStart(419)) - Started @30646ms
2019-10-16 20:41:32,021 [Thread-477] WARN  impl.MetricsSystemImpl (MetricsSystemImpl.java:register(276)) - Sink prometheus already exists!
2019-10-16 20:41:32,022 [Thread-477] INFO  server.BaseHttpServer (BaseHttpServer.java:updateConnectorAddress(215)) - HTTP server of HDDSDATANODE is listening at http://0.0.0.0:43830
2019-10-16 20:41:32,022 [Thread-477] INFO  ozone.MiniOzoneClusterImpl (MiniOzoneClusterImpl.java:lambda$waitForClusterToBeReady$2(172)) - Waiting for cluster to be ready. Got 0 of 3 DN Heartbeats.
2019-10-16 20:41:32,024 [org.apache.hadoop.util.JvmPauseMonitor$Monitor@3c977046] INFO  util.JvmPauseMonitor (JvmPauseMonitor.java:run(188)) - Starting JVM pause monitor
2019-10-16 20:41:32,027 [Datanode State Machine Thread - 0] INFO  datanode.InitDatanodeState (InitDatanodeState.java:persistContainerDatanodeDetails(140)) - DatanodeDetails is persisted to /workdir/hadoop-ozone/integration-test/target/test-dir/MiniOzoneClusterImpl-d661fb9f-1fa9-4d83-aa41-108be3044330/datanode-2/meta/datanode.id
2019-10-16 20:41:32,419 [java.util.concurrent.ThreadPoolExecutor$Worker@3c4e50e[State = -1, empty queue]] WARN  server.GrpcLogAppender (GrpcLogAppender.java:timeoutAppendRequest(209)) - e17ebc27-dc71-4088-ba28-f3b14a3ad1b3@group-8E94F70C20F6->62761cc2-c310-4ccf-90ed-1e072273e085-GrpcLogAppender: appendEntries Timeout, request=e17ebc27-dc71-4088-ba28-f3b14a3ad1b3->62761cc2-c310-4ccf-90ed-1e072273e085#7-t1, previous=(t:1, i:0), leaderCommit=0, initializing? false, entries: <empty>
2019-10-16 20:41:32,419 [java.util.concurrent.ThreadPoolExecutor$Worker@37387e0b[State = -1, empty queue]] WARN  server.GrpcLogAppender (GrpcLogAppender.java:timeoutAppendRequest(209)) - e17ebc27-dc71-4088-ba28-f3b14a3ad1b3@group-8E94F70C20F6->8d6d629b-03f0-47e1-9d8d-44d25d87c346-GrpcLogAppender: appendEntries Timeout, request=e17ebc27-dc71-4088-ba28-f3b14a3ad1b3->8d6d629b-03f0-47e1-9d8d-44d25d87c346#7-t1, previous=(t:1, i:0), leaderCommit=0, initializing? false, entries: <empty>
2019-10-16 20:41:32,590 [java.util.concurrent.ThreadPoolExecutor$Worker@569a48c8[State = -1, empty queue]] WARN  server.GrpcLogAppender (GrpcLogAppender.java:timeoutAppendRequest(209)) - 9c4acb87-8d57-4ed7-a066-22b6f439d77f@group-FB747A7C5DBB->0c612bf3-8483-4380-8a8d-e7fc50209a0b-GrpcLogAppender: appendEntries Timeout, request=9c4acb87-8d57-4ed7-a066-22b6f439d77f->0c612bf3-8483-4380-8a8d-e7fc50209a0b#7-t2, previous=(t:2, i:0), leaderCommit=0, initializing? false, entries: <empty>
2019-10-16 20:41:32,590 [java.util.concurrent.ThreadPoolExecutor$Worker@70bbdf75[State = -1, empty queue]] WARN  server.GrpcLogAppender (GrpcLogAppender.java:timeoutAppendRequest(209)) - 9c4acb87-8d57-4ed7-a066-22b6f439d77f@group-FB747A7C5DBB->2edb01b6-d197-4713-a257-a7bad923d189-GrpcLogAppender: appendEntries Timeout, request=9c4acb87-8d57-4ed7-a066-22b6f439d77f->2edb01b6-d197-4713-a257-a7bad923d189#7-t2, previous=(t:2, i:0), leaderCommit=0, initializing? false, entries: <empty>
2019-10-16 20:41:33,023 [Thread-477] INFO  ozone.MiniOzoneClusterImpl (MiniOzoneClusterImpl.java:lambda$waitForClusterToBeReady$2(172)) - Waiting for cluster to be ready. Got 0 of 3 DN Heartbeats.
2019-10-16 20:41:34,015 [Datanode State Machine Thread - 0] INFO  ozoneimpl.OzoneContainer (OzoneContainer.java:start(213)) - Attempting to start container services.
2019-10-16 20:41:34,015 [Datanode State Machine Thread - 0] INFO  ozoneimpl.OzoneContainer (OzoneContainer.java:start(213)) - Attempting to start container services.
2019-10-16 20:41:34,016 [Datanode State Machine Thread - 0] INFO  ozoneimpl.OzoneContainer (OzoneContainer.java:startContainerScrub(177)) - Background container scanner has been disabled.
2019-10-16 20:41:34,018 [Datanode State Machine Thread - 0] INFO  ozoneimpl.OzoneContainer (OzoneContainer.java:startContainerScrub(177)) - Background container scanner has been disabled.
2019-10-16 20:41:34,018 [Datanode State Machine Thread - 0] INFO  ratis.XceiverServerRatis (XceiverServerRatis.java:start(425)) - Starting XceiverServerRatis bc0bc980-c963-48ce-962e-85091c893131 at port 0
2019-10-16 20:41:34,018 [Datanode State Machine Thread - 0] INFO  ratis.XceiverServerRatis (XceiverServerRatis.java:start(425)) - Starting XceiverServerRatis 46069bd9-45fc-4c82-823c-36f07a1bcff0 at port 0
2019-10-16 20:41:34,024 [Thread-477] INFO  ozone.MiniOzoneClusterImpl (MiniOzoneClusterImpl.java:lambda$waitForClusterToBeReady$2(172)) - Waiting for cluster to be ready. Got 0 of 3 DN Heartbeats.
2019-10-16 20:41:34,031 [Datanode State Machine Thread - 0] INFO  ozoneimpl.OzoneContainer (OzoneContainer.java:start(213)) - Attempting to start container services.
2019-10-16 20:41:34,034 [Datanode State Machine Thread - 0] INFO  ozoneimpl.OzoneContainer (OzoneContainer.java:startContainerScrub(177)) - Background container scanner has been disabled.
2019-10-16 20:41:34,034 [Datanode State Machine Thread - 0] INFO  ratis.XceiverServerRatis (XceiverServerRatis.java:start(425)) - Starting XceiverServerRatis d612b743-bedc-4c3f-983e-e3329f8a2e6f at port 0
2019-10-16 20:41:34,037 [Datanode State Machine Thread - 0] INFO  impl.RaftServerProxy (RaftServerProxy.java:lambda$start$3(299)) - bc0bc980-c963-48ce-962e-85091c893131: start RPC server
2019-10-16 20:41:34,037 [Datanode State Machine Thread - 0] INFO  impl.RaftServerProxy (RaftServerProxy.java:lambda$start$3(299)) - 46069bd9-45fc-4c82-823c-36f07a1bcff0: start RPC server
2019-10-16 20:41:34,040 [Datanode State Machine Thread - 0] INFO  server.GrpcService (GrpcService.java:startImpl(158)) - bc0bc980-c963-48ce-962e-85091c893131: GrpcService started, listening on 0.0.0.0/0.0.0.0:46787
2019-10-16 20:41:34,040 [Datanode State Machine Thread - 0] INFO  server.GrpcService (GrpcService.java:startImpl(158)) - 46069bd9-45fc-4c82-823c-36f07a1bcff0: GrpcService started, listening on 0.0.0.0/0.0.0.0:34001
2019-10-16 20:41:34,040 [Datanode State Machine Thread - 0] INFO  ratis.XceiverServerRatis (XceiverServerRatis.java:start(435)) - XceiverServerRatis bc0bc980-c963-48ce-962e-85091c893131 is started using port 46787
2019-10-16 20:41:34,040 [Datanode State Machine Thread - 0] INFO  ratis.XceiverServerRatis (XceiverServerRatis.java:start(435)) - XceiverServerRatis 46069bd9-45fc-4c82-823c-36f07a1bcff0 is started using port 34001
2019-10-16 20:41:34,041 [Datanode State Machine Thread - 0] INFO  server.XceiverServerGrpc (XceiverServerGrpc.java:start(149)) - XceiverServerGrpc bc0bc980-c963-48ce-962e-85091c893131 is started using port 36464
2019-10-16 20:41:34,041 [Datanode State Machine Thread - 0] INFO  server.XceiverServerGrpc (XceiverServerGrpc.java:start(149)) - XceiverServerGrpc 46069bd9-45fc-4c82-823c-36f07a1bcff0 is started using port 40766
2019-10-16 20:41:34,046 [Datanode State Machine Thread - 0] INFO  impl.RaftServerProxy (RaftServerProxy.java:lambda$start$3(299)) - d612b743-bedc-4c3f-983e-e3329f8a2e6f: start RPC server
2019-10-16 20:41:34,047 [Datanode State Machine Thread - 0] INFO  server.GrpcService (GrpcService.java:startImpl(158)) - d612b743-bedc-4c3f-983e-e3329f8a2e6f: GrpcService started, listening on 0.0.0.0/0.0.0.0:44523
2019-10-16 20:41:34,047 [Datanode State Machine Thread - 0] INFO  ratis.XceiverServerRatis (XceiverServerRatis.java:start(435)) - XceiverServerRatis d612b743-bedc-4c3f-983e-e3329f8a2e6f is started using port 44523
2019-10-16 20:41:34,048 [Datanode State Machine Thread - 0] INFO  server.XceiverServerGrpc (XceiverServerGrpc.java:start(149)) - XceiverServerGrpc d612b743-bedc-4c3f-983e-e3329f8a2e6f is started using port 42883
2019-10-16 20:41:35,024 [Thread-477] INFO  ozone.MiniOzoneClusterImpl (MiniOzoneClusterImpl.java:lambda$waitForClusterToBeReady$2(172)) - Waiting for cluster to be ready. Got 0 of 3 DN Heartbeats.
2019-10-16 20:41:35,895 [IPC Server handler 0 on 38131] INFO  net.NetworkTopology (NetworkTopologyImpl.java:add(111)) - Added a new node: /default-rack/46069bd9-45fc-4c82-823c-36f07a1bcff0
2019-10-16 20:41:35,896 [IPC Server handler 0 on 38131] INFO  node.SCMNodeManager (SCMNodeManager.java:register(268)) - Registered Data node : 46069bd9-45fc-4c82-823c-36f07a1bcff0{ip: 192.168.157.254, host: pr-hdds-1868-qdb9g-714931517, networkLocation: /default-rack, certSerialId: null}
2019-10-16 20:41:35,899 [EventQueue-NodeRegistrationContainerReportForDataNodeSafeModeRule] INFO  safemode.SCMSafeModeManager (DataNodeSafeModeRule.java:process(71)) - SCM in safe mode. 1 DataNodes registered, 1 required.
2019-10-16 20:41:35,901 [EventQueue-NodeRegistrationContainerReportForDataNodeSafeModeRule] INFO  safemode.SCMSafeModeManager (SCMSafeModeManager.java:validateSafeModeExitRules(177)) - ScmSafeModeManager, all rules are successfully validated
2019-10-16 20:41:35,901 [EventQueue-NodeRegistrationContainerReportForDataNodeSafeModeRule] INFO  safemode.SCMSafeModeManager (SCMSafeModeManager.java:exitSafeMode(193)) - SCM exiting safe mode.
2019-10-16 20:41:35,910 [grpc-default-executor-0] INFO  impl.RaftServerProxy (RaftServerProxy.java:addNew(89)) - 46069bd9-45fc-4c82-823c-36f07a1bcff0: addNew group-EDF575672A97:[46069bd9-45fc-4c82-823c-36f07a1bcff0:192.168.157.254:34001] returns group-EDF575672A97:java.util.concurrent.CompletableFuture@2847b20a[Not completed]
2019-10-16 20:41:35,912 [pool-107-thread-1] INFO  impl.RaftServerImpl (RaftServerImpl.java:<init>(104)) - 46069bd9-45fc-4c82-823c-36f07a1bcff0: new RaftServerImpl for group-EDF575672A97:[46069bd9-45fc-4c82-823c-36f07a1bcff0:192.168.157.254:34001] with ContainerStateMachine:uninitialized
2019-10-16 20:41:35,913 [pool-107-thread-1] INFO  server.RaftServerConfigKeys (ConfUtils.java:logGet(43)) - raft.server.rpc.timeout.min = 5s (custom)
2019-10-16 20:41:35,913 [pool-107-thread-1] INFO  server.RaftServerConfigKeys (ConfUtils.java:logGet(43)) - raft.server.rpc.timeout.max = 5200ms (custom)
2019-10-16 20:41:35,913 [pool-107-thread-1] INFO  server.RaftServerConfigKeys (ConfUtils.java:logGet(43)) - raft.server.rpcslowness.timeout = 120s (custom)
2019-10-16 20:41:35,913 [pool-107-thread-1] INFO  server.RaftServerConfigKeys (ConfUtils.java:logGet(43)) - raft.server.sleep.deviation.threshold = 300 (default)
2019-10-16 20:41:35,914 [pool-107-thread-1] INFO  server.RaftServerConfigKeys (ConfUtils.java:logGet(43)) - raft.server.log.appender.install.snapshot.enabled = false (custom)
2019-10-16 20:41:35,914 [pool-107-thread-1] INFO  impl.RaftServerImpl (ServerState.java:<init>(103)) - 46069bd9-45fc-4c82-823c-36f07a1bcff0@group-EDF575672A97: ConfigurationManager, init=-1: [46069bd9-45fc-4c82-823c-36f07a1bcff0:192.168.157.254:34001], old=null, confs=<EMPTY_MAP>
2019-10-16 20:41:35,914 [pool-107-thread-1] INFO  server.RaftServerConfigKeys (ConfUtils.java:logGet(43)) - raft.server.storage.dir = [/workdir/hadoop-ozone/integration-test/target/test-dir/MiniOzoneClusterImpl-d661fb9f-1fa9-4d83-aa41-108be3044330/datanode-0/data/ratis] (custom)
2019-10-16 20:41:35,914 [pool-107-thread-1] INFO  server.RaftServerConfigKeys (ConfUtils.java:logGet(43)) - raft.server.log.corruption.policy = EXCEPTION (default)
2019-10-16 20:41:35,915 [pool-107-thread-1] INFO  storage.RaftStorageDirectory (RaftStorageDirectory.java:analyzeStorage(246)) - The storage directory /workdir/hadoop-ozone/integration-test/target/test-dir/MiniOzoneClusterImpl-d661fb9f-1fa9-4d83-aa41-108be3044330/datanode-0/data/ratis/be16f341-41b2-4563-8bb2-edf575672a97 does not exist. Creating ...
2019-10-16 20:41:35,928 [pool-107-thread-1] INFO  storage.RaftStorageDirectory (RaftStorageDirectory.java:tryLock(328)) - Lock on /workdir/hadoop-ozone/integration-test/target/test-dir/MiniOzoneClusterImpl-d661fb9f-1fa9-4d83-aa41-108be3044330/datanode-0/data/ratis/be16f341-41b2-4563-8bb2-edf575672a97/in_use.lock acquired by nodename 8368@pr-hdds-1868-qdb9g-714931517
2019-10-16 20:41:35,941 [pool-107-thread-1] INFO  storage.RaftStorage (RaftStorage.java:format(84)) - Storage directory /workdir/hadoop-ozone/integration-test/target/test-dir/MiniOzoneClusterImpl-d661fb9f-1fa9-4d83-aa41-108be3044330/datanode-0/data/ratis/be16f341-41b2-4563-8bb2-edf575672a97 has been successfully formatted.
2019-10-16 20:41:35,941 [pool-107-thread-1] INFO  ratis.ContainerStateMachine (ContainerStateMachine.java:loadSnapshot(233)) - group-EDF575672A97: The snapshot info is null. Setting the last applied indexto:(t:0, i:~)
2019-10-16 20:41:35,942 [pool-107-thread-1] INFO  server.RaftServerConfigKeys (ConfUtils.java:logGet(43)) - raft.server.notification.no-leader.timeout = 120s (custom)
2019-10-16 20:41:35,942 [pool-107-thread-1] INFO  server.RaftServerConfigKeys (ConfUtils.java:logGet(43)) - raft.server.log.use.memory = false (default)
2019-10-16 20:41:35,942 [pool-107-thread-1] INFO  server.RaftServerConfigKeys (ConfUtils.java:logGet(43)) - raft.server.log.purge.gap = 1000000 (custom)
2019-10-16 20:41:35,942 [pool-107-thread-1] INFO  server.RaftServerConfigKeys (ConfUtils.java:logGet(43)) - raft.server.log.appender.buffer.byte-limit = 33554432 (custom)
2019-10-16 20:41:35,942 [pool-107-thread-1] INFO  server.RaftServerConfigKeys (ConfUtils.java:logGet(43)) - raft.server.log.segment.size.max = 1048576 (custom)
2019-10-16 20:41:35,945 [pool-107-thread-1] INFO  server.RaftServerConfigKeys (ConfUtils.java:logGet(43)) - raft.server.log.segment.cache.num.max = 2 (custom)
2019-10-16 20:41:35,945 [pool-107-thread-1] INFO  segmented.SegmentedRaftLogWorker (SegmentedRaftLogWorker.java:<init>(173)) - new 46069bd9-45fc-4c82-823c-36f07a1bcff0@group-EDF575672A97-SegmentedRaftLogWorker for RaftStorage:Storage Directory /workdir/hadoop-ozone/integration-test/target/test-dir/MiniOzoneClusterImpl-d661fb9f-1fa9-4d83-aa41-108be3044330/datanode-0/data/ratis/be16f341-41b2-4563-8bb2-edf575672a97
2019-10-16 20:41:35,945 [pool-107-thread-1] INFO  server.RaftServerConfigKeys (ConfUtils.java:logGet(43)) - raft.server.log.queue.byte-limit = 2147483647 (custom)
2019-10-16 20:41:35,945 [pool-107-thread-1] INFO  server.RaftServerConfigKeys (ConfUtils.java:logGet(43)) - raft.server.log.queue.element-limit = 1024 (custom)
2019-10-16 20:41:35,945 [pool-107-thread-1] INFO  server.RaftServerConfigKeys (ConfUtils.java:logGet(43)) - raft.server.log.segment.size.max = 1048576 (custom)
2019-10-16 20:41:35,945 [pool-107-thread-1] INFO  server.RaftServerConfigKeys (ConfUtils.java:logGet(43)) - raft.server.log.preallocated.size = 16384 (custom)
2019-10-16 20:41:35,946 [pool-107-thread-1] INFO  server.RaftServerConfigKeys (ConfUtils.java:logGet(43)) - raft.server.log.write.buffer.size = 33554432 (custom)
2019-10-16 20:41:35,946 [pool-107-thread-1] INFO  server.RaftServerConfigKeys (ConfUtils.java:logGet(43)) - raft.server.log.force.sync.num = 128 (default)
2019-10-16 20:41:35,946 [pool-107-thread-1] INFO  server.RaftServerConfigKeys (ConfUtils.java:logGet(43)) - raft.server.log.statemachine.data.sync = true (default)
2019-10-16 20:41:35,946 [pool-107-thread-1] INFO  server.RaftServerConfigKeys (ConfUtils.java:logGet(43)) - raft.server.log.statemachine.data.sync.timeout = 10s (default)
2019-10-16 20:41:35,946 [pool-107-thread-1] INFO  server.RaftServerConfigKeys (ConfUtils.java:logGet(43)) - raft.server.log.statemachine.data.sync.timeout.retry = -1 (default)
2019-10-16 20:41:35,947 [pool-107-thread-1] INFO  server.RaftServerConfigKeys (ConfUtils.java:logGet(43)) - raft.server.log.statemachine.data.caching.enabled = true (custom)
2019-10-16 20:41:35,947 [pool-107-thread-1] INFO  segmented.SegmentedRaftLogWorker (SegmentedRaftLogWorker.java:lambda$new$0(128)) - 46069bd9-45fc-4c82-823c-36f07a1bcff0@group-EDF575672A97-SegmentedRaftLogWorker: flushIndex: setUnconditionally 0 -> -1
2019-10-16 20:41:35,947 [pool-107-thread-1] INFO  server.RaftServerConfigKeys (ConfUtils.java:logGet(43)) - raft.server.snapshot.auto.trigger.enabled = true (custom)
2019-10-16 20:41:35,947 [pool-107-thread-1] INFO  server.RaftServerConfigKeys (ConfUtils.java:logGet(43)) - raft.server.snapshot.auto.trigger.threshold = 10000 (custom)
2019-10-16 20:41:35,948 [pool-107-thread-1] INFO  server.RaftServerConfigKeys (ConfUtils.java:logGet(43)) - raft.server.snapshot.retention.file.num = 5 (custom)
2019-10-16 20:41:35,948 [pool-107-thread-1] INFO  server.RaftServerConfigKeys (ConfUtils.java:logGet(43)) - raft.server.retrycache.expirytime = 600000ms (custom)
2019-10-16 20:41:35,952 [pool-107-thread-1] INFO  impl.RaftServerImpl (RaftServerImpl.java:start(195)) - 46069bd9-45fc-4c82-823c-36f07a1bcff0@group-EDF575672A97: start as a follower, conf=-1: [46069bd9-45fc-4c82-823c-36f07a1bcff0:192.168.157.254:34001], old=null
2019-10-16 20:41:35,952 [pool-107-thread-1] INFO  impl.RaftServerImpl (RaftServerImpl.java:setRole(184)) - 46069bd9-45fc-4c82-823c-36f07a1bcff0@group-EDF575672A97: changes role from      null to FOLLOWER at term 0 for startAsFollower
2019-10-16 20:41:35,953 [pool-107-thread-1] INFO  impl.RoleInfo (RoleInfo.java:updateAndGet(143)) - 46069bd9-45fc-4c82-823c-36f07a1bcff0: start FollowerState
2019-10-16 20:41:35,953 [pool-107-thread-1] INFO  util.JmxRegister (JmxRegister.java:tryRegister(44)) - Successfully registered JMX Bean with object name Ratis:service=RaftServer,group=group-EDF575672A97,id=46069bd9-45fc-4c82-823c-36f07a1bcff0
2019-10-16 20:41:35,958 [IPC Server handler 1 on 38131] INFO  net.NetworkTopology (NetworkTopologyImpl.java:add(111)) - Added a new node: /default-rack/bc0bc980-c963-48ce-962e-85091c893131
2019-10-16 20:41:35,959 [IPC Server handler 1 on 38131] INFO  node.SCMNodeManager (SCMNodeManager.java:register(268)) - Registered Data node : bc0bc980-c963-48ce-962e-85091c893131{ip: 192.168.157.254, host: pr-hdds-1868-qdb9g-714931517, networkLocation: /default-rack, certSerialId: null}
2019-10-16 20:41:35,969 [RatisPipelineUtilsThread] INFO  pipeline.PipelineStateManager (PipelineStateManager.java:addPipeline(57)) - Created pipeline Pipeline[ Id: be16f341-41b2-4563-8bb2-edf575672a97, Nodes: 46069bd9-45fc-4c82-823c-36f07a1bcff0{ip: 192.168.157.254, host: pr-hdds-1868-qdb9g-714931517, networkLocation: /default-rack, certSerialId: null}, Type:RATIS, Factor:ONE, State:ALLOCATED]
2019-10-16 20:41:35,977 [grpc-default-executor-0] INFO  impl.RaftServerProxy (RaftServerProxy.java:addNew(89)) - bc0bc980-c963-48ce-962e-85091c893131: addNew group-1056DBF44000:[bc0bc980-c963-48ce-962e-85091c893131:192.168.157.254:46787] returns group-1056DBF44000:java.util.concurrent.CompletableFuture@5d2a6308[Not completed]
2019-10-16 20:41:35,979 [pool-117-thread-1] INFO  impl.RaftServerImpl (RaftServerImpl.java:<init>(104)) - bc0bc980-c963-48ce-962e-85091c893131: new RaftServerImpl for group-1056DBF44000:[bc0bc980-c963-48ce-962e-85091c893131:192.168.157.254:46787] with ContainerStateMachine:uninitialized
2019-10-16 20:41:35,980 [pool-117-thread-1] INFO  server.RaftServerConfigKeys (ConfUtils.java:logGet(43)) - raft.server.rpc.timeout.min = 5s (custom)
2019-10-16 20:41:35,981 [pool-117-thread-1] INFO  server.RaftServerConfigKeys (ConfUtils.java:logGet(43)) - raft.server.rpc.timeout.max = 5200ms (custom)
2019-10-16 20:41:35,981 [pool-117-thread-1] INFO  server.RaftServerConfigKeys (ConfUtils.java:logGet(43)) - raft.server.rpcslowness.timeout = 120s (custom)
2019-10-16 20:41:35,981 [pool-117-thread-1] INFO  server.RaftServerConfigKeys (ConfUtils.java:logGet(43)) - raft.server.sleep.deviation.threshold = 300 (default)
2019-10-16 20:41:35,981 [pool-117-thread-1] INFO  server.RaftServerConfigKeys (ConfUtils.java:logGet(43)) - raft.server.log.appender.install.snapshot.enabled = false (custom)
2019-10-16 20:41:35,981 [pool-117-thread-1] INFO  impl.RaftServerImpl (ServerState.java:<init>(103)) - bc0bc980-c963-48ce-962e-85091c893131@group-1056DBF44000: ConfigurationManager, init=-1: [bc0bc980-c963-48ce-962e-85091c893131:192.168.157.254:46787], old=null, confs=<EMPTY_MAP>
2019-10-16 20:41:35,981 [pool-117-thread-1] INFO  server.RaftServerConfigKeys (ConfUtils.java:logGet(43)) - raft.server.storage.dir = [/workdir/hadoop-ozone/integration-test/target/test-dir/MiniOzoneClusterImpl-d661fb9f-1fa9-4d83-aa41-108be3044330/datanode-1/data/ratis] (custom)
2019-10-16 20:41:35,982 [pool-117-thread-1] INFO  server.RaftServerConfigKeys (ConfUtils.java:logGet(43)) - raft.server.log.corruption.policy = EXCEPTION (default)
2019-10-16 20:41:35,982 [pool-117-thread-1] INFO  storage.RaftStorageDirectory (RaftStorageDirectory.java:analyzeStorage(246)) - The storage directory /workdir/hadoop-ozone/integration-test/target/test-dir/MiniOzoneClusterImpl-d661fb9f-1fa9-4d83-aa41-108be3044330/datanode-1/data/ratis/6b472680-a40c-41ab-8cc4-1056dbf44000 does not exist. Creating ...
2019-10-16 20:41:35,996 [pool-117-thread-1] INFO  storage.RaftStorageDirectory (RaftStorageDirectory.java:tryLock(328)) - Lock on /workdir/hadoop-ozone/integration-test/target/test-dir/MiniOzoneClusterImpl-d661fb9f-1fa9-4d83-aa41-108be3044330/datanode-1/data/ratis/6b472680-a40c-41ab-8cc4-1056dbf44000/in_use.lock acquired by nodename 8368@pr-hdds-1868-qdb9g-714931517
2019-10-16 20:41:36,008 [pool-117-thread-1] INFO  storage.RaftStorage (RaftStorage.java:format(84)) - Storage directory /workdir/hadoop-ozone/integration-test/target/test-dir/MiniOzoneClusterImpl-d661fb9f-1fa9-4d83-aa41-108be3044330/datanode-1/data/ratis/6b472680-a40c-41ab-8cc4-1056dbf44000 has been successfully formatted.
2019-10-16 20:41:36,008 [pool-117-thread-1] INFO  ratis.ContainerStateMachine (ContainerStateMachine.java:loadSnapshot(233)) - group-1056DBF44000: The snapshot info is null. Setting the last applied indexto:(t:0, i:~)
2019-10-16 20:41:36,009 [pool-117-thread-1] INFO  server.RaftServerConfigKeys (ConfUtils.java:logGet(43)) - raft.server.notification.no-leader.timeout = 120s (custom)
2019-10-16 20:41:36,009 [pool-117-thread-1] INFO  server.RaftServerConfigKeys (ConfUtils.java:logGet(43)) - raft.server.log.use.memory = false (default)
2019-10-16 20:41:36,009 [pool-117-thread-1] INFO  server.RaftServerConfigKeys (ConfUtils.java:logGet(43)) - raft.server.log.purge.gap = 1000000 (custom)
2019-10-16 20:41:36,009 [pool-117-thread-1] INFO  server.RaftServerConfigKeys (ConfUtils.java:logGet(43)) - raft.server.log.appender.buffer.byte-limit = 33554432 (custom)
2019-10-16 20:41:36,009 [pool-117-thread-1] INFO  server.RaftServerConfigKeys (ConfUtils.java:logGet(43)) - raft.server.log.segment.size.max = 1048576 (custom)
2019-10-16 20:41:36,011 [pool-117-thread-1] INFO  server.RaftServerConfigKeys (ConfUtils.java:logGet(43)) - raft.server.log.segment.cache.num.max = 2 (custom)
2019-10-16 20:41:36,011 [pool-117-thread-1] INFO  segmented.SegmentedRaftLogWorker (SegmentedRaftLogWorker.java:<init>(173)) - new bc0bc980-c963-48ce-962e-85091c893131@group-1056DBF44000-SegmentedRaftLogWorker for RaftStorage:Storage Directory /workdir/hadoop-ozone/integration-test/target/test-dir/MiniOzoneClusterImpl-d661fb9f-1fa9-4d83-aa41-108be3044330/datanode-1/data/ratis/6b472680-a40c-41ab-8cc4-1056dbf44000
2019-10-16 20:41:36,011 [pool-117-thread-1] INFO  server.RaftServerConfigKeys (ConfUtils.java:logGet(43)) - raft.server.log.queue.byte-limit = 2147483647 (custom)
2019-10-16 20:41:36,011 [pool-117-thread-1] INFO  server.RaftServerConfigKeys (ConfUtils.java:logGet(43)) - raft.server.log.queue.element-limit = 1024 (custom)
2019-10-16 20:41:36,012 [pool-117-thread-1] INFO  server.RaftServerConfigKeys (ConfUtils.java:logGet(43)) - raft.server.log.segment.size.max = 1048576 (custom)
2019-10-16 20:41:36,012 [pool-117-thread-1] INFO  server.RaftServerConfigKeys (ConfUtils.java:logGet(43)) - raft.server.log.preallocated.size = 16384 (custom)
2019-10-16 20:41:36,012 [pool-117-thread-1] INFO  server.RaftServerConfigKeys (ConfUtils.java:logGet(43)) - raft.server.log.write.buffer.size = 33554432 (custom)
2019-10-16 20:41:36,012 [pool-117-thread-1] INFO  server.RaftServerConfigKeys (ConfUtils.java:logGet(43)) - raft.server.log.force.sync.num = 128 (default)
2019-10-16 20:41:36,012 [pool-117-thread-1] INFO  server.RaftServerConfigKeys (ConfUtils.java:logGet(43)) - raft.server.log.statemachine.data.sync = true (default)
2019-10-16 20:41:36,012 [pool-117-thread-1] INFO  server.RaftServerConfigKeys (ConfUtils.java:logGet(43)) - raft.server.log.statemachine.data.sync.timeout = 10s (default)
2019-10-16 20:41:36,012 [pool-117-thread-1] INFO  server.RaftServerConfigKeys (ConfUtils.java:logGet(43)) - raft.server.log.statemachine.data.sync.timeout.retry = -1 (default)
2019-10-16 20:41:36,013 [pool-117-thread-1] INFO  server.RaftServerConfigKeys (ConfUtils.java:logGet(43)) - raft.server.log.statemachine.data.caching.enabled = true (custom)
2019-10-16 20:41:36,013 [pool-117-thread-1] INFO  segmented.SegmentedRaftLogWorker (SegmentedRaftLogWorker.java:lambda$new$0(128)) - bc0bc980-c963-48ce-962e-85091c893131@group-1056DBF44000-SegmentedRaftLogWorker: flushIndex: setUnconditionally 0 -> -1
2019-10-16 20:41:36,013 [pool-117-thread-1] INFO  server.RaftServerConfigKeys (ConfUtils.java:logGet(43)) - raft.server.snapshot.auto.trigger.enabled = true (custom)
2019-10-16 20:41:36,013 [pool-117-thread-1] INFO  server.RaftServerConfigKeys (ConfUtils.java:logGet(43)) - raft.server.snapshot.auto.trigger.threshold = 10000 (custom)
2019-10-16 20:41:36,013 [pool-117-thread-1] INFO  server.RaftServerConfigKeys (ConfUtils.java:logGet(43)) - raft.server.snapshot.retention.file.num = 5 (custom)
2019-10-16 20:41:36,014 [pool-117-thread-1] INFO  server.RaftServerConfigKeys (ConfUtils.java:logGet(43)) - raft.server.retrycache.expirytime = 600000ms (custom)
2019-10-16 20:41:36,017 [pool-117-thread-1] INFO  impl.RaftServerImpl (RaftServerImpl.java:start(195)) - bc0bc980-c963-48ce-962e-85091c893131@group-1056DBF44000: start as a follower, conf=-1: [bc0bc980-c963-48ce-962e-85091c893131:192.168.157.254:46787], old=null
2019-10-16 20:41:36,017 [pool-117-thread-1] INFO  impl.RaftServerImpl (RaftServerImpl.java:setRole(184)) - bc0bc980-c963-48ce-962e-85091c893131@group-1056DBF44000: changes role from      null to FOLLOWER at term 0 for startAsFollower
2019-10-16 20:41:36,017 [pool-117-thread-1] INFO  impl.RoleInfo (RoleInfo.java:updateAndGet(143)) - bc0bc980-c963-48ce-962e-85091c893131: start FollowerState
2019-10-16 20:41:36,017 [pool-117-thread-1] INFO  util.JmxRegister (JmxRegister.java:tryRegister(44)) - Successfully registered JMX Bean with object name Ratis:service=RaftServer,group=group-1056DBF44000,id=bc0bc980-c963-48ce-962e-85091c893131
2019-10-16 20:41:36,021 [RatisPipelineUtilsThread] INFO  pipeline.PipelineStateManager (PipelineStateManager.java:addPipeline(57)) - Created pipeline Pipeline[ Id: 6b472680-a40c-41ab-8cc4-1056dbf44000, Nodes: bc0bc980-c963-48ce-962e-85091c893131{ip: 192.168.157.254, host: pr-hdds-1868-qdb9g-714931517, networkLocation: /default-rack, certSerialId: null}, Type:RATIS, Factor:ONE, State:ALLOCATED]
2019-10-16 20:41:36,024 [Thread-477] INFO  ozone.MiniOzoneClusterImpl (MiniOzoneClusterImpl.java:lambda$waitForClusterToBeReady$2(164)) - Waiting for 2 number of pipelines out of 2, to report a leader.
2019-10-16 20:41:36,026 [IPC Server handler 3 on 38131] INFO  net.NetworkTopology (NetworkTopologyImpl.java:add(111)) - Added a new node: /default-rack/d612b743-bedc-4c3f-983e-e3329f8a2e6f
2019-10-16 20:41:36,026 [IPC Server handler 3 on 38131] INFO  node.SCMNodeManager (SCMNodeManager.java:register(268)) - Registered Data node : d612b743-bedc-4c3f-983e-e3329f8a2e6f{ip: 192.168.157.254, host: pr-hdds-1868-qdb9g-714931517, networkLocation: /default-rack, certSerialId: null}
2019-10-16 20:41:36,034 [grpc-default-executor-0] INFO  impl.RaftServerProxy (RaftServerProxy.java:addNew(89)) - d612b743-bedc-4c3f-983e-e3329f8a2e6f: addNew group-DDD6BF56D535:[d612b743-bedc-4c3f-983e-e3329f8a2e6f:192.168.157.254:44523] returns group-DDD6BF56D535:java.util.concurrent.CompletableFuture@48921650[Not completed]
2019-10-16 20:41:36,035 [pool-127-thread-1] INFO  impl.RaftServerImpl (RaftServerImpl.java:<init>(104)) - d612b743-bedc-4c3f-983e-e3329f8a2e6f: new RaftServerImpl for group-DDD6BF56D535:[d612b743-bedc-4c3f-983e-e3329f8a2e6f:192.168.157.254:44523] with ContainerStateMachine:uninitialized
2019-10-16 20:41:36,036 [pool-127-thread-1] INFO  server.RaftServerConfigKeys (ConfUtils.java:logGet(43)) - raft.server.rpc.timeout.min = 5s (custom)
2019-10-16 20:41:36,036 [pool-127-thread-1] INFO  server.RaftServerConfigKeys (ConfUtils.java:logGet(43)) - raft.server.rpc.timeout.max = 5200ms (custom)
2019-10-16 20:41:36,036 [pool-127-thread-1] INFO  server.RaftServerConfigKeys (ConfUtils.java:logGet(43)) - raft.server.rpcslowness.timeout = 120s (custom)
2019-10-16 20:41:36,036 [pool-127-thread-1] INFO  server.RaftServerConfigKeys (ConfUtils.java:logGet(43)) - raft.server.sleep.deviation.threshold = 300 (default)
2019-10-16 20:41:36,036 [pool-127-thread-1] INFO  server.RaftServerConfigKeys (ConfUtils.java:logGet(43)) - raft.server.log.appender.install.snapshot.enabled = false (custom)
2019-10-16 20:41:36,036 [pool-127-thread-1] INFO  impl.RaftServerImpl (ServerState.java:<init>(103)) - d612b743-bedc-4c3f-983e-e3329f8a2e6f@group-DDD6BF56D535: ConfigurationManager, init=-1: [d612b743-bedc-4c3f-983e-e3329f8a2e6f:192.168.157.254:44523], old=null, confs=<EMPTY_MAP>
2019-10-16 20:41:36,036 [pool-127-thread-1] INFO  server.RaftServerConfigKeys (ConfUtils.java:logGet(43)) - raft.server.storage.dir = [/workdir/hadoop-ozone/integration-test/target/test-dir/MiniOzoneClusterImpl-d661fb9f-1fa9-4d83-aa41-108be3044330/datanode-2/data/ratis] (custom)
2019-10-16 20:41:36,037 [pool-127-thread-1] INFO  server.RaftServerConfigKeys (ConfUtils.java:logGet(43)) - raft.server.log.corruption.policy = EXCEPTION (default)
2019-10-16 20:41:36,037 [pool-127-thread-1] INFO  storage.RaftStorageDirectory (RaftStorageDirectory.java:analyzeStorage(246)) - The storage directory /workdir/hadoop-ozone/integration-test/target/test-dir/MiniOzoneClusterImpl-d661fb9f-1fa9-4d83-aa41-108be3044330/datanode-2/data/ratis/36eb93fc-bcf8-4b0b-a0c0-ddd6bf56d535 does not exist. Creating ...
2019-10-16 20:41:36,069 [pool-127-thread-1] INFO  storage.RaftStorageDirectory (RaftStorageDirectory.java:tryLock(328)) - Lock on /workdir/hadoop-ozone/integration-test/target/test-dir/MiniOzoneClusterImpl-d661fb9f-1fa9-4d83-aa41-108be3044330/datanode-2/data/ratis/36eb93fc-bcf8-4b0b-a0c0-ddd6bf56d535/in_use.lock acquired by nodename 8368@pr-hdds-1868-qdb9g-714931517
2019-10-16 20:41:36,095 [pool-127-thread-1] INFO  storage.RaftStorage (RaftStorage.java:format(84)) - Storage directory /workdir/hadoop-ozone/integration-test/target/test-dir/MiniOzoneClusterImpl-d661fb9f-1fa9-4d83-aa41-108be3044330/datanode-2/data/ratis/36eb93fc-bcf8-4b0b-a0c0-ddd6bf56d535 has been successfully formatted.
2019-10-16 20:41:36,095 [pool-127-thread-1] INFO  ratis.ContainerStateMachine (ContainerStateMachine.java:loadSnapshot(233)) - group-DDD6BF56D535: The snapshot info is null. Setting the last applied indexto:(t:0, i:~)
2019-10-16 20:41:36,095 [pool-127-thread-1] INFO  server.RaftServerConfigKeys (ConfUtils.java:logGet(43)) - raft.server.notification.no-leader.timeout = 120s (custom)
2019-10-16 20:41:36,095 [pool-127-thread-1] INFO  server.RaftServerConfigKeys (ConfUtils.java:logGet(43)) - raft.server.log.use.memory = false (default)
2019-10-16 20:41:36,096 [pool-127-thread-1] INFO  server.RaftServerConfigKeys (ConfUtils.java:logGet(43)) - raft.server.log.purge.gap = 1000000 (custom)
2019-10-16 20:41:36,096 [pool-127-thread-1] INFO  server.RaftServerConfigKeys (ConfUtils.java:logGet(43)) - raft.server.log.appender.buffer.byte-limit = 33554432 (custom)
2019-10-16 20:41:36,096 [pool-127-thread-1] INFO  server.RaftServerConfigKeys (ConfUtils.java:logGet(43)) - raft.server.log.segment.size.max = 1048576 (custom)
2019-10-16 20:41:36,096 [Thread-651] INFO  impl.FollowerState (FollowerState.java:run(108)) - 46069bd9-45fc-4c82-823c-36f07a1bcff0@group-EDF575672A97-FollowerState: change to CANDIDATE, lastRpcTime:143ms, electionTimeout:143ms
2019-10-16 20:41:36,096 [Thread-651] INFO  impl.RoleInfo (RoleInfo.java:shutdownFollowerState(121)) - 46069bd9-45fc-4c82-823c-36f07a1bcff0: shutdown FollowerState
2019-10-16 20:41:36,096 [Thread-654] INFO  impl.FollowerState (FollowerState.java:run(108)) - bc0bc980-c963-48ce-962e-85091c893131@group-1056DBF44000-FollowerState: change to CANDIDATE, lastRpcTime:79ms, electionTimeout:79ms
2019-10-16 20:41:36,096 [Thread-651] INFO  impl.RaftServerImpl (RaftServerImpl.java:setRole(184)) - 46069bd9-45fc-4c82-823c-36f07a1bcff0@group-EDF575672A97: changes role from  FOLLOWER to CANDIDATE at term 0 for changeToCandidate
2019-10-16 20:41:36,097 [Thread-654] INFO  impl.RoleInfo (RoleInfo.java:shutdownFollowerState(121)) - bc0bc980-c963-48ce-962e-85091c893131: shutdown FollowerState
2019-10-16 20:41:36,097 [Thread-651] INFO  impl.RoleInfo (RoleInfo.java:updateAndGet(143)) - 46069bd9-45fc-4c82-823c-36f07a1bcff0: start LeaderElection
2019-10-16 20:41:36,097 [Thread-654] INFO  impl.RaftServerImpl (RaftServerImpl.java:setRole(184)) - bc0bc980-c963-48ce-962e-85091c893131@group-1056DBF44000: changes role from  FOLLOWER to CANDIDATE at term 0 for changeToCandidate
2019-10-16 20:41:36,097 [Thread-654] INFO  impl.RoleInfo (RoleInfo.java:updateAndGet(143)) - bc0bc980-c963-48ce-962e-85091c893131: start LeaderElection
2019-10-16 20:41:36,099 [pool-127-thread-1] INFO  server.RaftServerConfigKeys (ConfUtils.java:logGet(43)) - raft.server.log.segment.cache.num.max = 2 (custom)
2019-10-16 20:41:36,100 [pool-127-thread-1] INFO  segmented.SegmentedRaftLogWorker (SegmentedRaftLogWorker.java:<init>(173)) - new d612b743-bedc-4c3f-983e-e3329f8a2e6f@group-DDD6BF56D535-SegmentedRaftLogWorker for RaftStorage:Storage Directory /workdir/hadoop-ozone/integration-test/target/test-dir/MiniOzoneClusterImpl-d661fb9f-1fa9-4d83-aa41-108be3044330/datanode-2/data/ratis/36eb93fc-bcf8-4b0b-a0c0-ddd6bf56d535
2019-10-16 20:41:36,101 [pool-127-thread-1] INFO  server.RaftServerConfigKeys (ConfUtils.java:logGet(43)) - raft.server.log.queue.byte-limit = 2147483647 (custom)
2019-10-16 20:41:36,101 [pool-127-thread-1] INFO  server.RaftServerConfigKeys (ConfUtils.java:logGet(43)) - raft.server.log.queue.element-limit = 1024 (custom)
2019-10-16 20:41:36,101 [pool-127-thread-1] INFO  server.RaftServerConfigKeys (ConfUtils.java:logGet(43)) - raft.server.log.segment.size.max = 1048576 (custom)
2019-10-16 20:41:36,101 [pool-127-thread-1] INFO  server.RaftServerConfigKeys (ConfUtils.java:logGet(43)) - raft.server.log.preallocated.size = 16384 (custom)
2019-10-16 20:41:36,101 [pool-127-thread-1] INFO  server.RaftServerConfigKeys (ConfUtils.java:logGet(43)) - raft.server.log.write.buffer.size = 33554432 (custom)
2019-10-16 20:41:36,101 [pool-127-thread-1] INFO  server.RaftServerConfigKeys (ConfUtils.java:logGet(43)) - raft.server.log.force.sync.num = 128 (default)
2019-10-16 20:41:36,101 [pool-127-thread-1] INFO  server.RaftServerConfigKeys (ConfUtils.java:logGet(43)) - raft.server.log.statemachine.data.sync = true (default)
2019-10-16 20:41:36,101 [pool-127-thread-1] INFO  server.RaftServerConfigKeys (ConfUtils.java:logGet(43)) - raft.server.log.statemachine.data.sync.timeout = 10s (default)
2019-10-16 20:41:36,101 [pool-127-thread-1] INFO  server.RaftServerConfigKeys (ConfUtils.java:logGet(43)) - raft.server.log.statemachine.data.sync.timeout.retry = -1 (default)
2019-10-16 20:41:36,102 [pool-127-thread-1] INFO  server.RaftServerConfigKeys (ConfUtils.java:logGet(43)) - raft.server.log.statemachine.data.caching.enabled = true (custom)
2019-10-16 20:41:36,102 [pool-127-thread-1] INFO  segmented.SegmentedRaftLogWorker (SegmentedRaftLogWorker.java:lambda$new$0(128)) - d612b743-bedc-4c3f-983e-e3329f8a2e6f@group-DDD6BF56D535-SegmentedRaftLogWorker: flushIndex: setUnconditionally 0 -> -1
2019-10-16 20:41:36,102 [pool-127-thread-1] INFO  server.RaftServerConfigKeys (ConfUtils.java:logGet(43)) - raft.server.snapshot.auto.trigger.enabled = true (custom)
2019-10-16 20:41:36,102 [pool-127-thread-1] INFO  server.RaftServerConfigKeys (ConfUtils.java:logGet(43)) - raft.server.snapshot.auto.trigger.threshold = 10000 (custom)
2019-10-16 20:41:36,102 [pool-127-thread-1] INFO  server.RaftServerConfigKeys (ConfUtils.java:logGet(43)) - raft.server.snapshot.retention.file.num = 5 (custom)
2019-10-16 20:41:36,102 [pool-127-thread-1] INFO  server.RaftServerConfigKeys (ConfUtils.java:logGet(43)) - raft.server.retrycache.expirytime = 600000ms (custom)
2019-10-16 20:41:36,105 [pool-127-thread-1] INFO  impl.RaftServerImpl (RaftServerImpl.java:start(195)) - d612b743-bedc-4c3f-983e-e3329f8a2e6f@group-DDD6BF56D535: start as a follower, conf=-1: [d612b743-bedc-4c3f-983e-e3329f8a2e6f:192.168.157.254:44523], old=null
2019-10-16 20:41:36,105 [pool-127-thread-1] INFO  impl.RaftServerImpl (RaftServerImpl.java:setRole(184)) - d612b743-bedc-4c3f-983e-e3329f8a2e6f@group-DDD6BF56D535: changes role from      null to FOLLOWER at term 0 for startAsFollower
2019-10-16 20:41:36,105 [pool-127-thread-1] INFO  impl.RoleInfo (RoleInfo.java:updateAndGet(143)) - d612b743-bedc-4c3f-983e-e3329f8a2e6f: start FollowerState
2019-10-16 20:41:36,105 [pool-127-thread-1] INFO  util.JmxRegister (JmxRegister.java:tryRegister(44)) - Successfully registered JMX Bean with object name Ratis:service=RaftServer,group=group-DDD6BF56D535,id=d612b743-bedc-4c3f-983e-e3329f8a2e6f
2019-10-16 20:41:36,109 [RatisPipelineUtilsThread] INFO  pipeline.PipelineStateManager (PipelineStateManager.java:addPipeline(57)) - Created pipeline Pipeline[ Id: 36eb93fc-bcf8-4b0b-a0c0-ddd6bf56d535, Nodes: d612b743-bedc-4c3f-983e-e3329f8a2e6f{ip: 192.168.157.254, host: pr-hdds-1868-qdb9g-714931517, networkLocation: /default-rack, certSerialId: null}, Type:RATIS, Factor:ONE, State:ALLOCATED]
2019-10-16 20:41:36,112 [bc0bc980-c963-48ce-962e-85091c893131@group-1056DBF44000-LeaderElection25] INFO  impl.LeaderElection (LeaderElection.java:askForVotes(178)) - bc0bc980-c963-48ce-962e-85091c893131@group-1056DBF44000-LeaderElection25: begin an election at term 1 for -1: [bc0bc980-c963-48ce-962e-85091c893131:192.168.157.254:46787], old=null
2019-10-16 20:41:36,112 [46069bd9-45fc-4c82-823c-36f07a1bcff0@group-EDF575672A97-LeaderElection24] INFO  impl.LeaderElection (LeaderElection.java:askForVotes(178)) - 46069bd9-45fc-4c82-823c-36f07a1bcff0@group-EDF575672A97-LeaderElection24: begin an election at term 1 for -1: [46069bd9-45fc-4c82-823c-36f07a1bcff0:192.168.157.254:34001], old=null
2019-10-16 20:41:36,112 [bc0bc980-c963-48ce-962e-85091c893131@group-1056DBF44000-LeaderElection25] INFO  impl.RoleInfo (RoleInfo.java:shutdownLeaderElection(134)) - bc0bc980-c963-48ce-962e-85091c893131: shutdown LeaderElection
2019-10-16 20:41:36,112 [46069bd9-45fc-4c82-823c-36f07a1bcff0@group-EDF575672A97-LeaderElection24] INFO  impl.RoleInfo (RoleInfo.java:shutdownLeaderElection(134)) - 46069bd9-45fc-4c82-823c-36f07a1bcff0: shutdown LeaderElection
2019-10-16 20:41:36,113 [bc0bc980-c963-48ce-962e-85091c893131@group-1056DBF44000-LeaderElection25] INFO  impl.RaftServerImpl (RaftServerImpl.java:setRole(184)) - bc0bc980-c963-48ce-962e-85091c893131@group-1056DBF44000: changes role from CANDIDATE to LEADER at term 1 for changeToLeader
2019-10-16 20:41:36,113 [46069bd9-45fc-4c82-823c-36f07a1bcff0@group-EDF575672A97-LeaderElection24] INFO  impl.RaftServerImpl (RaftServerImpl.java:setRole(184)) - 46069bd9-45fc-4c82-823c-36f07a1bcff0@group-EDF575672A97: changes role from CANDIDATE to LEADER at term 1 for changeToLeader
2019-10-16 20:41:36,113 [bc0bc980-c963-48ce-962e-85091c893131@group-1056DBF44000-LeaderElection25] INFO  ratis.XceiverServerRatis (XceiverServerRatis.java:handleLeaderChangedNotification(700)) - Leader change notification received for group: group-1056DBF44000 with new leaderId: bc0bc980-c963-48ce-962e-85091c893131
2019-10-16 20:41:36,113 [46069bd9-45fc-4c82-823c-36f07a1bcff0@group-EDF575672A97-LeaderElection24] INFO  ratis.XceiverServerRatis (XceiverServerRatis.java:handleLeaderChangedNotification(700)) - Leader change notification received for group: group-EDF575672A97 with new leaderId: 46069bd9-45fc-4c82-823c-36f07a1bcff0
2019-10-16 20:41:36,113 [bc0bc980-c963-48ce-962e-85091c893131@group-1056DBF44000-LeaderElection25] INFO  impl.RaftServerImpl (ServerState.java:setLeader(256)) - bc0bc980-c963-48ce-962e-85091c893131@group-1056DBF44000: change Leader from null to bc0bc980-c963-48ce-962e-85091c893131 at term 1 for becomeLeader, leader elected after 104ms
2019-10-16 20:41:36,113 [46069bd9-45fc-4c82-823c-36f07a1bcff0@group-EDF575672A97-LeaderElection24] INFO  impl.RaftServerImpl (ServerState.java:setLeader(256)) - 46069bd9-45fc-4c82-823c-36f07a1bcff0@group-EDF575672A97: change Leader from null to 46069bd9-45fc-4c82-823c-36f07a1bcff0 at term 1 for becomeLeader, leader elected after 171ms
2019-10-16 20:41:36,113 [bc0bc980-c963-48ce-962e-85091c893131@group-1056DBF44000-LeaderElection25] INFO  server.RaftServerConfigKeys (ConfUtils.java:logGet(43)) - raft.server.staging.catchup.gap = 1000 (default)
2019-10-16 20:41:36,114 [46069bd9-45fc-4c82-823c-36f07a1bcff0@group-EDF575672A97-LeaderElection24] INFO  server.RaftServerConfigKeys (ConfUtils.java:logGet(43)) - raft.server.staging.catchup.gap = 1000 (default)
2019-10-16 20:41:36,116 [bc0bc980-c963-48ce-962e-85091c893131@group-1056DBF44000-LeaderElection25] INFO  server.RaftServerConfigKeys (ConfUtils.java:logGet(43)) - raft.server.rpc.sleep.time = 25ms (default)
2019-10-16 20:41:36,116 [46069bd9-45fc-4c82-823c-36f07a1bcff0@group-EDF575672A97-LeaderElection24] INFO  server.RaftServerConfigKeys (ConfUtils.java:logGet(43)) - raft.server.rpc.sleep.time = 25ms (default)
2019-10-16 20:41:36,116 [bc0bc980-c963-48ce-962e-85091c893131@group-1056DBF44000-LeaderElection25] INFO  server.RaftServerConfigKeys (ConfUtils.java:logGet(43)) - raft.server.write.element-limit = 4096 (default)
2019-10-16 20:41:36,116 [46069bd9-45fc-4c82-823c-36f07a1bcff0@group-EDF575672A97-LeaderElection24] INFO  server.RaftServerConfigKeys (ConfUtils.java:logGet(43)) - raft.server.write.element-limit = 4096 (default)
2019-10-16 20:41:36,117 [bc0bc980-c963-48ce-962e-85091c893131@group-1056DBF44000-LeaderElection25] INFO  server.RaftServerConfigKeys (ConfUtils.java:logGet(43)) - raft.server.watch.timeout = 10s (default)
2019-10-16 20:41:36,117 [46069bd9-45fc-4c82-823c-36f07a1bcff0@group-EDF575672A97-LeaderElection24] INFO  server.RaftServerConfigKeys (ConfUtils.java:logGet(43)) - raft.server.watch.timeout = 10s (default)
2019-10-16 20:41:36,117 [bc0bc980-c963-48ce-962e-85091c893131@group-1056DBF44000-LeaderElection25] INFO  server.RaftServerConfigKeys (ConfUtils.java:logGet(43)) - raft.server.watch.timeout.denomination = 1s (default)
2019-10-16 20:41:36,119 [46069bd9-45fc-4c82-823c-36f07a1bcff0@group-EDF575672A97-LeaderElection24] INFO  server.RaftServerConfigKeys (ConfUtils.java:logGet(43)) - raft.server.watch.timeout.denomination = 1s (default)
2019-10-16 20:41:36,124 [bc0bc980-c963-48ce-962e-85091c893131@group-1056DBF44000-LeaderElection25] INFO  server.RaftServerConfigKeys (ConfUtils.java:logGet(43)) - raft.server.watch.element-limit = 65536 (default)
2019-10-16 20:41:36,124 [46069bd9-45fc-4c82-823c-36f07a1bcff0@group-EDF575672A97-LeaderElection24] INFO  server.RaftServerConfigKeys (ConfUtils.java:logGet(43)) - raft.server.watch.element-limit = 65536 (default)
2019-10-16 20:41:36,127 [grpc-default-executor-1] INFO  impl.RaftServerProxy (RaftServerProxy.java:addNew(89)) - 46069bd9-45fc-4c82-823c-36f07a1bcff0: addNew group-746BA78DFDB7:[46069bd9-45fc-4c82-823c-36f07a1bcff0:192.168.157.254:34001, bc0bc980-c963-48ce-962e-85091c893131:192.168.157.254:46787, d612b743-bedc-4c3f-983e-e3329f8a2e6f:192.168.157.254:44523] returns group-746BA78DFDB7:java.util.concurrent.CompletableFuture@794b3613[Not completed]
2019-10-16 20:41:36,127 [grpc-default-executor-2] INFO  impl.RaftServerProxy (RaftServerProxy.java:addNew(89)) - bc0bc980-c963-48ce-962e-85091c893131: addNew group-746BA78DFDB7:[46069bd9-45fc-4c82-823c-36f07a1bcff0:192.168.157.254:34001, bc0bc980-c963-48ce-962e-85091c893131:192.168.157.254:46787, d612b743-bedc-4c3f-983e-e3329f8a2e6f:192.168.157.254:44523] returns group-746BA78DFDB7:java.util.concurrent.CompletableFuture@4264ca75[Not completed]
2019-10-16 20:41:36,128 [grpc-default-executor-0] INFO  impl.RaftServerProxy (RaftServerProxy.java:addNew(89)) - d612b743-bedc-4c3f-983e-e3329f8a2e6f: addNew group-746BA78DFDB7:[46069bd9-45fc-4c82-823c-36f07a1bcff0:192.168.157.254:34001, bc0bc980-c963-48ce-962e-85091c893131:192.168.157.254:46787, d612b743-bedc-4c3f-983e-e3329f8a2e6f:192.168.157.254:44523] returns group-746BA78DFDB7:java.util.concurrent.CompletableFuture@3440e7da[Not completed]
2019-10-16 20:41:36,128 [bc0bc980-c963-48ce-962e-85091c893131@group-1056DBF44000-LeaderElection25] INFO  impl.RoleInfo (RoleInfo.java:updateAndGet(143)) - bc0bc980-c963-48ce-962e-85091c893131: start LeaderState
2019-10-16 20:41:36,128 [46069bd9-45fc-4c82-823c-36f07a1bcff0@group-EDF575672A97-LeaderElection24] INFO  impl.RoleInfo (RoleInfo.java:updateAndGet(143)) - 46069bd9-45fc-4c82-823c-36f07a1bcff0: start LeaderState
2019-10-16 20:41:36,128 [bc0bc980-c963-48ce-962e-85091c893131@group-1056DBF44000-LeaderElection25] INFO  segmented.SegmentedRaftLogWorker (SegmentedRaftLogWorker.java:startLogSegment(385)) - bc0bc980-c963-48ce-962e-85091c893131@group-1056DBF44000-SegmentedRaftLogWorker: Starting segment from index:0
2019-10-16 20:41:36,128 [46069bd9-45fc-4c82-823c-36f07a1bcff0@group-EDF575672A97-LeaderElection24] INFO  segmented.SegmentedRaftLogWorker (SegmentedRaftLogWorker.java:startLogSegment(385)) - 46069bd9-45fc-4c82-823c-36f07a1bcff0@group-EDF575672A97-SegmentedRaftLogWorker: Starting segment from index:0
2019-10-16 20:41:36,129 [pool-117-thread-1] INFO  impl.RaftServerImpl (RaftServerImpl.java:<init>(104)) - bc0bc980-c963-48ce-962e-85091c893131: new RaftServerImpl for group-746BA78DFDB7:[46069bd9-45fc-4c82-823c-36f07a1bcff0:192.168.157.254:34001, bc0bc980-c963-48ce-962e-85091c893131:192.168.157.254:46787, d612b743-bedc-4c3f-983e-e3329f8a2e6f:192.168.157.254:44523] with ContainerStateMachine:uninitialized
2019-10-16 20:41:36,129 [pool-117-thread-1] INFO  server.RaftServerConfigKeys (ConfUtils.java:logGet(43)) - raft.server.rpc.timeout.min = 5s (custom)
2019-10-16 20:41:36,129 [pool-117-thread-1] INFO  server.RaftServerConfigKeys (ConfUtils.java:logGet(43)) - raft.server.rpc.timeout.max = 5200ms (custom)
2019-10-16 20:41:36,129 [bc0bc980-c963-48ce-962e-85091c893131@group-1056DBF44000-LeaderElection25] INFO  impl.RaftServerImpl (ServerState.java:setRaftConf(357)) - bc0bc980-c963-48ce-962e-85091c893131@group-1056DBF44000: set configuration 0: [bc0bc980-c963-48ce-962e-85091c893131:192.168.157.254:46787], old=null at 0
2019-10-16 20:41:36,129 [pool-127-thread-1] INFO  impl.RaftServerImpl (RaftServerImpl.java:<init>(104)) - d612b743-bedc-4c3f-983e-e3329f8a2e6f: new RaftServerImpl for group-746BA78DFDB7:[46069bd9-45fc-4c82-823c-36f07a1bcff0:192.168.157.254:34001, bc0bc980-c963-48ce-962e-85091c893131:192.168.157.254:46787, d612b743-bedc-4c3f-983e-e3329f8a2e6f:192.168.157.254:44523] with ContainerStateMachine:uninitialized
2019-10-16 20:41:36,129 [46069bd9-45fc-4c82-823c-36f07a1bcff0@group-EDF575672A97-LeaderElection24] INFO  impl.RaftServerImpl (ServerState.java:setRaftConf(357)) - 46069bd9-45fc-4c82-823c-36f07a1bcff0@group-EDF575672A97: set configuration 0: [46069bd9-45fc-4c82-823c-36f07a1bcff0:192.168.157.254:34001], old=null at 0
2019-10-16 20:41:36,129 [pool-117-thread-1] INFO  server.RaftServerConfigKeys (ConfUtils.java:logGet(43)) - raft.server.rpcslowness.timeout = 120s (custom)
2019-10-16 20:41:36,129 [pool-127-thread-1] INFO  server.RaftServerConfigKeys (ConfUtils.java:logGet(43)) - raft.server.rpc.timeout.min = 5s (custom)
2019-10-16 20:41:36,129 [pool-117-thread-1] INFO  server.RaftServerConfigKeys (ConfUtils.java:logGet(43)) - raft.server.sleep.deviation.threshold = 300 (default)
2019-10-16 20:41:36,129 [pool-107-thread-1] INFO  impl.RaftServerImpl (RaftServerImpl.java:<init>(104)) - 46069bd9-45fc-4c82-823c-36f07a1bcff0: new RaftServerImpl for group-746BA78DFDB7:[46069bd9-45fc-4c82-823c-36f07a1bcff0:192.168.157.254:34001, bc0bc980-c963-48ce-962e-85091c893131:192.168.157.254:46787, d612b743-bedc-4c3f-983e-e3329f8a2e6f:192.168.157.254:44523] with ContainerStateMachine:uninitialized
2019-10-16 20:41:36,129 [pool-127-thread-1] INFO  server.RaftServerConfigKeys (ConfUtils.java:logGet(43)) - raft.server.rpc.timeout.max = 5200ms (custom)
2019-10-16 20:41:36,130 [pool-107-thread-1] INFO  server.RaftServerConfigKeys (ConfUtils.java:logGet(43)) - raft.server.rpc.timeout.min = 5s (custom)
2019-10-16 20:41:36,130 [pool-127-thread-1] INFO  server.RaftServerConfigKeys (ConfUtils.java:logGet(43)) - raft.server.rpcslowness.timeout = 120s (custom)
2019-10-16 20:41:36,129 [pool-117-thread-1] INFO  server.RaftServerConfigKeys (ConfUtils.java:logGet(43)) - raft.server.log.appender.install.snapshot.enabled = false (custom)
2019-10-16 20:41:36,130 [pool-127-thread-1] INFO  server.RaftServerConfigKeys (ConfUtils.java:logGet(43)) - raft.server.sleep.deviation.threshold = 300 (default)
2019-10-16 20:41:36,130 [pool-107-thread-1] INFO  server.RaftServerConfigKeys (ConfUtils.java:logGet(43)) - raft.server.rpc.timeout.max = 5200ms (custom)
2019-10-16 20:41:36,130 [pool-127-thread-1] INFO  server.RaftServerConfigKeys (ConfUtils.java:logGet(43)) - raft.server.log.appender.install.snapshot.enabled = false (custom)
2019-10-16 20:41:36,130 [pool-117-thread-1] INFO  impl.RaftServerImpl (ServerState.java:<init>(103)) - bc0bc980-c963-48ce-962e-85091c893131@group-746BA78DFDB7: ConfigurationManager, init=-1: [46069bd9-45fc-4c82-823c-36f07a1bcff0:192.168.157.254:34001, bc0bc980-c963-48ce-962e-85091c893131:192.168.157.254:46787, d612b743-bedc-4c3f-983e-e3329f8a2e6f:192.168.157.254:44523], old=null, confs=<EMPTY_MAP>
2019-10-16 20:41:36,130 [pool-127-thread-1] INFO  impl.RaftServerImpl (ServerState.java:<init>(103)) - d612b743-bedc-4c3f-983e-e3329f8a2e6f@group-746BA78DFDB7: ConfigurationManager, init=-1: [46069bd9-45fc-4c82-823c-36f07a1bcff0:192.168.157.254:34001, bc0bc980-c963-48ce-962e-85091c893131:192.168.157.254:46787, d612b743-bedc-4c3f-983e-e3329f8a2e6f:192.168.157.254:44523], old=null, confs=<EMPTY_MAP>
2019-10-16 20:41:36,130 [pool-107-thread-1] INFO  server.RaftServerConfigKeys (ConfUtils.java:logGet(43)) - raft.server.rpcslowness.timeout = 120s (custom)
2019-10-16 20:41:36,130 [pool-127-thread-1] INFO  server.RaftServerConfigKeys (ConfUtils.java:logGet(43)) - raft.server.storage.dir = [/workdir/hadoop-ozone/integration-test/target/test-dir/MiniOzoneClusterImpl-d661fb9f-1fa9-4d83-aa41-108be3044330/datanode-2/data/ratis] (custom)
2019-10-16 20:41:36,130 [pool-117-thread-1] INFO  server.RaftServerConfigKeys (ConfUtils.java:logGet(43)) - raft.server.storage.dir = [/workdir/hadoop-ozone/integration-test/target/test-dir/MiniOzoneClusterImpl-d661fb9f-1fa9-4d83-aa41-108be3044330/datanode-1/data/ratis] (custom)
2019-10-16 20:41:36,131 [pool-107-thread-1] INFO  server.RaftServerConfigKeys (ConfUtils.java:logGet(43)) - raft.server.sleep.deviation.threshold = 300 (default)
2019-10-16 20:41:36,131 [pool-117-thread-1] INFO  server.RaftServerConfigKeys (ConfUtils.java:logGet(43)) - raft.server.log.corruption.policy = EXCEPTION (default)
2019-10-16 20:41:36,131 [pool-127-thread-1] INFO  server.RaftServerConfigKeys (ConfUtils.java:logGet(43)) - raft.server.log.corruption.policy = EXCEPTION (default)
2019-10-16 20:41:36,131 [pool-107-thread-1] INFO  server.RaftServerConfigKeys (ConfUtils.java:logGet(43)) - raft.server.log.appender.install.snapshot.enabled = false (custom)
2019-10-16 20:41:36,131 [pool-127-thread-1] INFO  storage.RaftStorageDirectory (RaftStorageDirectory.java:analyzeStorage(246)) - The storage directory /workdir/hadoop-ozone/integration-test/target/test-dir/MiniOzoneClusterImpl-d661fb9f-1fa9-4d83-aa41-108be3044330/datanode-2/data/ratis/888a940e-7763-41f4-8926-746ba78dfdb7 does not exist. Creating ...
2019-10-16 20:41:36,131 [pool-117-thread-1] INFO  storage.RaftStorageDirectory (RaftStorageDirectory.java:analyzeStorage(246)) - The storage directory /workdir/hadoop-ozone/integration-test/target/test-dir/MiniOzoneClusterImpl-d661fb9f-1fa9-4d83-aa41-108be3044330/datanode-1/data/ratis/888a940e-7763-41f4-8926-746ba78dfdb7 does not exist. Creating ...
2019-10-16 20:41:36,131 [pool-107-thread-1] INFO  impl.RaftServerImpl (ServerState.java:<init>(103)) - 46069bd9-45fc-4c82-823c-36f07a1bcff0@group-746BA78DFDB7: ConfigurationManager, init=-1: [46069bd9-45fc-4c82-823c-36f07a1bcff0:192.168.157.254:34001, bc0bc980-c963-48ce-962e-85091c893131:192.168.157.254:46787, d612b743-bedc-4c3f-983e-e3329f8a2e6f:192.168.157.254:44523], old=null, confs=<EMPTY_MAP>
2019-10-16 20:41:36,131 [pool-107-thread-1] INFO  server.RaftServerConfigKeys (ConfUtils.java:logGet(43)) - raft.server.storage.dir = [/workdir/hadoop-ozone/integration-test/target/test-dir/MiniOzoneClusterImpl-d661fb9f-1fa9-4d83-aa41-108be3044330/datanode-0/data/ratis] (custom)
2019-10-16 20:41:36,132 [pool-107-thread-1] INFO  server.RaftServerConfigKeys (ConfUtils.java:logGet(43)) - raft.server.log.corruption.policy = EXCEPTION (default)
2019-10-16 20:41:36,132 [pool-107-thread-1] INFO  storage.RaftStorageDirectory (RaftStorageDirectory.java:analyzeStorage(246)) - The storage directory /workdir/hadoop-ozone/integration-test/target/test-dir/MiniOzoneClusterImpl-d661fb9f-1fa9-4d83-aa41-108be3044330/datanode-0/data/ratis/888a940e-7763-41f4-8926-746ba78dfdb7 does not exist. Creating ...
2019-10-16 20:41:36,145 [pool-107-thread-1] INFO  storage.RaftStorageDirectory (RaftStorageDirectory.java:tryLock(328)) - Lock on /workdir/hadoop-ozone/integration-test/target/test-dir/MiniOzoneClusterImpl-d661fb9f-1fa9-4d83-aa41-108be3044330/datanode-0/data/ratis/888a940e-7763-41f4-8926-746ba78dfdb7/in_use.lock acquired by nodename 8368@pr-hdds-1868-qdb9g-714931517
2019-10-16 20:41:36,145 [pool-127-thread-1] INFO  storage.RaftStorageDirectory (RaftStorageDirectory.java:tryLock(328)) - Lock on /workdir/hadoop-ozone/integration-test/target/test-dir/MiniOzoneClusterImpl-d661fb9f-1fa9-4d83-aa41-108be3044330/datanode-2/data/ratis/888a940e-7763-41f4-8926-746ba78dfdb7/in_use.lock acquired by nodename 8368@pr-hdds-1868-qdb9g-714931517
2019-10-16 20:41:36,145 [pool-117-thread-1] INFO  storage.RaftStorageDirectory (RaftStorageDirectory.java:tryLock(328)) - Lock on /workdir/hadoop-ozone/integration-test/target/test-dir/MiniOzoneClusterImpl-d661fb9f-1fa9-4d83-aa41-108be3044330/datanode-1/data/ratis/888a940e-7763-41f4-8926-746ba78dfdb7/in_use.lock acquired by nodename 8368@pr-hdds-1868-qdb9g-714931517
2019-10-16 20:41:36,159 [pool-127-thread-1] INFO  storage.RaftStorage (RaftStorage.java:format(84)) - Storage directory /workdir/hadoop-ozone/integration-test/target/test-dir/MiniOzoneClusterImpl-d661fb9f-1fa9-4d83-aa41-108be3044330/datanode-2/data/ratis/888a940e-7763-41f4-8926-746ba78dfdb7 has been successfully formatted.
2019-10-16 20:41:36,159 [46069bd9-45fc-4c82-823c-36f07a1bcff0@group-EDF575672A97-SegmentedRaftLogWorker] INFO  segmented.SegmentedRaftLogWorker (SegmentedRaftLogWorker.java:execute(576)) - 46069bd9-45fc-4c82-823c-36f07a1bcff0@group-EDF575672A97-SegmentedRaftLogWorker: created new log segment /workdir/hadoop-ozone/integration-test/target/test-dir/MiniOzoneClusterImpl-d661fb9f-1fa9-4d83-aa41-108be3044330/datanode-0/data/ratis/be16f341-41b2-4563-8bb2-edf575672a97/current/log_inprogress_0
2019-10-16 20:41:36,159 [pool-107-thread-1] INFO  storage.RaftStorage (RaftStorage.java:format(84)) - Storage directory /workdir/hadoop-ozone/integration-test/target/test-dir/MiniOzoneClusterImpl-d661fb9f-1fa9-4d83-aa41-108be3044330/datanode-0/data/ratis/888a940e-7763-41f4-8926-746ba78dfdb7 has been successfully formatted.
2019-10-16 20:41:36,159 [pool-117-thread-1] INFO  storage.RaftStorage (RaftStorage.java:format(84)) - Storage directory /workdir/hadoop-ozone/integration-test/target/test-dir/MiniOzoneClusterImpl-d661fb9f-1fa9-4d83-aa41-108be3044330/datanode-1/data/ratis/888a940e-7763-41f4-8926-746ba78dfdb7 has been successfully formatted.
2019-10-16 20:41:36,159 [pool-127-thread-1] INFO  ratis.ContainerStateMachine (ContainerStateMachine.java:loadSnapshot(233)) - group-746BA78DFDB7: The snapshot info is null. Setting the last applied indexto:(t:0, i:~)
2019-10-16 20:41:36,159 [pool-107-thread-1] INFO  ratis.ContainerStateMachine (ContainerStateMachine.java:loadSnapshot(233)) - group-746BA78DFDB7: The snapshot info is null. Setting the last applied indexto:(t:0, i:~)
2019-10-16 20:41:36,160 [pool-127-thread-1] INFO  server.RaftServerConfigKeys (ConfUtils.java:logGet(43)) - raft.server.notification.no-leader.timeout = 120s (custom)
2019-10-16 20:41:36,160 [pool-107-thread-1] INFO  server.RaftServerConfigKeys (ConfUtils.java:logGet(43)) - raft.server.notification.no-leader.timeout = 120s (custom)
2019-10-16 20:41:36,160 [pool-127-thread-1] INFO  server.RaftServerConfigKeys (ConfUtils.java:logGet(43)) - raft.server.log.use.memory = false (default)
2019-10-16 20:41:36,160 [pool-107-thread-1] INFO  server.RaftServerConfigKeys (ConfUtils.java:logGet(43)) - raft.server.log.use.memory = false (default)
2019-10-16 20:41:36,160 [pool-127-thread-1] INFO  server.RaftServerConfigKeys (ConfUtils.java:logGet(43)) - raft.server.log.purge.gap = 1000000 (custom)
2019-10-16 20:41:36,160 [pool-107-thread-1] INFO  server.RaftServerConfigKeys (ConfUtils.java:logGet(43)) - raft.server.log.purge.gap = 1000000 (custom)
2019-10-16 20:41:36,160 [pool-117-thread-1] INFO  ratis.ContainerStateMachine (ContainerStateMachine.java:loadSnapshot(233)) - group-746BA78DFDB7: The snapshot info is null. Setting the last applied indexto:(t:0, i:~)
2019-10-16 20:41:36,160 [pool-127-thread-1] INFO  server.RaftServerConfigKeys (ConfUtils.java:logGet(43)) - raft.server.log.appender.buffer.byte-limit = 33554432 (custom)
2019-10-16 20:41:36,160 [pool-117-thread-1] INFO  server.RaftServerConfigKeys (ConfUtils.java:logGet(43)) - raft.server.notification.no-leader.timeout = 120s (custom)
2019-10-16 20:41:36,160 [pool-107-thread-1] INFO  server.RaftServerConfigKeys (ConfUtils.java:logGet(43)) - raft.server.log.appender.buffer.byte-limit = 33554432 (custom)
2019-10-16 20:41:36,160 [pool-117-thread-1] INFO  server.RaftServerConfigKeys (ConfUtils.java:logGet(43)) - raft.server.log.use.memory = false (default)
2019-10-16 20:41:36,160 [pool-127-thread-1] INFO  server.RaftServerConfigKeys (ConfUtils.java:logGet(43)) - raft.server.log.segment.size.max = 1048576 (custom)
2019-10-16 20:41:36,161 [pool-117-thread-1] INFO  server.RaftServerConfigKeys (ConfUtils.java:logGet(43)) - raft.server.log.purge.gap = 1000000 (custom)
2019-10-16 20:41:36,161 [pool-107-thread-1] INFO  server.RaftServerConfigKeys (ConfUtils.java:logGet(43)) - raft.server.log.segment.size.max = 1048576 (custom)
2019-10-16 20:41:36,161 [pool-117-thread-1] INFO  server.RaftServerConfigKeys (ConfUtils.java:logGet(43)) - raft.server.log.appender.buffer.byte-limit = 33554432 (custom)
2019-10-16 20:41:36,161 [pool-127-thread-1] INFO  server.RaftServerConfigKeys (ConfUtils.java:logGet(43)) - raft.server.log.segment.cache.num.max = 2 (custom)
2019-10-16 20:41:36,161 [pool-117-thread-1] INFO  server.RaftServerConfigKeys (ConfUtils.java:logGet(43)) - raft.server.log.segment.size.max = 1048576 (custom)
2019-10-16 20:41:36,161 [pool-107-thread-1] INFO  server.RaftServerConfigKeys (ConfUtils.java:logGet(43)) - raft.server.log.segment.cache.num.max = 2 (custom)
2019-10-16 20:41:36,161 [pool-117-thread-1] INFO  server.RaftServerConfigKeys (ConfUtils.java:logGet(43)) - raft.server.log.segment.cache.num.max = 2 (custom)
2019-10-16 20:41:36,161 [pool-127-thread-1] INFO  segmented.SegmentedRaftLogWorker (SegmentedRaftLogWorker.java:<init>(173)) - new d612b743-bedc-4c3f-983e-e3329f8a2e6f@group-746BA78DFDB7-SegmentedRaftLogWorker for RaftStorage:Storage Directory /workdir/hadoop-ozone/integration-test/target/test-dir/MiniOzoneClusterImpl-d661fb9f-1fa9-4d83-aa41-108be3044330/datanode-2/data/ratis/888a940e-7763-41f4-8926-746ba78dfdb7
2019-10-16 20:41:36,161 [pool-117-thread-1] INFO  segmented.SegmentedRaftLogWorker (SegmentedRaftLogWorker.java:<init>(173)) - new bc0bc980-c963-48ce-962e-85091c893131@group-746BA78DFDB7-SegmentedRaftLogWorker for RaftStorage:Storage Directory /workdir/hadoop-ozone/integration-test/target/test-dir/MiniOzoneClusterImpl-d661fb9f-1fa9-4d83-aa41-108be3044330/datanode-1/data/ratis/888a940e-7763-41f4-8926-746ba78dfdb7
2019-10-16 20:41:36,161 [pool-107-thread-1] INFO  segmented.SegmentedRaftLogWorker (SegmentedRaftLogWorker.java:<init>(173)) - new 46069bd9-45fc-4c82-823c-36f07a1bcff0@group-746BA78DFDB7-SegmentedRaftLogWorker for RaftStorage:Storage Directory /workdir/hadoop-ozone/integration-test/target/test-dir/MiniOzoneClusterImpl-d661fb9f-1fa9-4d83-aa41-108be3044330/datanode-0/data/ratis/888a940e-7763-41f4-8926-746ba78dfdb7
2019-10-16 20:41:36,162 [bc0bc980-c963-48ce-962e-85091c893131@group-1056DBF44000-SegmentedRaftLogWorker] INFO  segmented.SegmentedRaftLogWorker (SegmentedRaftLogWorker.java:execute(576)) - bc0bc980-c963-48ce-962e-85091c893131@group-1056DBF44000-SegmentedRaftLogWorker: created new log segment /workdir/hadoop-ozone/integration-test/target/test-dir/MiniOzoneClusterImpl-d661fb9f-1fa9-4d83-aa41-108be3044330/datanode-1/data/ratis/6b472680-a40c-41ab-8cc4-1056dbf44000/current/log_inprogress_0
2019-10-16 20:41:36,161 [pool-117-thread-1] INFO  server.RaftServerConfigKeys (ConfUtils.java:logGet(43)) - raft.server.log.queue.byte-limit = 2147483647 (custom)
2019-10-16 20:41:36,161 [pool-127-thread-1] INFO  server.RaftServerConfigKeys (ConfUtils.java:logGet(43)) - raft.server.log.queue.byte-limit = 2147483647 (custom)
2019-10-16 20:41:36,162 [pool-117-thread-1] INFO  server.RaftServerConfigKeys (ConfUtils.java:logGet(43)) - raft.server.log.queue.element-limit = 1024 (custom)
2019-10-16 20:41:36,162 [pool-107-thread-1] INFO  server.RaftServerConfigKeys (ConfUtils.java:logGet(43)) - raft.server.log.queue.byte-limit = 2147483647 (custom)
2019-10-16 20:41:36,162 [pool-117-thread-1] INFO  server.RaftServerConfigKeys (ConfUtils.java:logGet(43)) - raft.server.log.segment.size.max = 1048576 (custom)
2019-10-16 20:41:36,162 [pool-127-thread-1] INFO  server.RaftServerConfigKeys (ConfUtils.java:logGet(43)) - raft.server.log.queue.element-limit = 1024 (custom)
2019-10-16 20:41:36,162 [pool-117-thread-1] INFO  server.RaftServerConfigKeys (ConfUtils.java:logGet(43)) - raft.server.log.preallocated.size = 16384 (custom)
2019-10-16 20:41:36,162 [pool-107-thread-1] INFO  server.RaftServerConfigKeys (ConfUtils.java:logGet(43)) - raft.server.log.queue.element-limit = 1024 (custom)
2019-10-16 20:41:36,162 [pool-117-thread-1] INFO  server.RaftServerConfigKeys (ConfUtils.java:logGet(43)) - raft.server.log.write.buffer.size = 33554432 (custom)
2019-10-16 20:41:36,162 [pool-127-thread-1] INFO  server.RaftServerConfigKeys (ConfUtils.java:logGet(43)) - raft.server.log.segment.size.max = 1048576 (custom)
2019-10-16 20:41:36,162 [pool-117-thread-1] INFO  server.RaftServerConfigKeys (ConfUtils.java:logGet(43)) - raft.server.log.force.sync.num = 128 (default)
2019-10-16 20:41:36,162 [pool-107-thread-1] INFO  server.RaftServerConfigKeys (ConfUtils.java:logGet(43)) - raft.server.log.segment.size.max = 1048576 (custom)
2019-10-16 20:41:36,163 [pool-117-thread-1] INFO  server.RaftServerConfigKeys (ConfUtils.java:logGet(43)) - raft.server.log.statemachine.data.sync = true (default)
2019-10-16 20:41:36,163 [pool-127-thread-1] INFO  server.RaftServerConfigKeys (ConfUtils.java:logGet(43)) - raft.server.log.preallocated.size = 16384 (custom)
2019-10-16 20:41:36,163 [pool-117-thread-1] INFO  server.RaftServerConfigKeys (ConfUtils.java:logGet(43)) - raft.server.log.statemachine.data.sync.timeout = 10s (default)
2019-10-16 20:41:36,163 [pool-107-thread-1] INFO  server.RaftServerConfigKeys (ConfUtils.java:logGet(43)) - raft.server.log.preallocated.size = 16384 (custom)
2019-10-16 20:41:36,163 [pool-117-thread-1] INFO  server.RaftServerConfigKeys (ConfUtils.java:logGet(43)) - raft.server.log.statemachine.data.sync.timeout.retry = -1 (default)
2019-10-16 20:41:36,163 [pool-127-thread-1] INFO  server.RaftServerConfigKeys (ConfUtils.java:logGet(43)) - raft.server.log.write.buffer.size = 33554432 (custom)
2019-10-16 20:41:36,163 [pool-107-thread-1] INFO  server.RaftServerConfigKeys (ConfUtils.java:logGet(43)) - raft.server.log.write.buffer.size = 33554432 (custom)
2019-10-16 20:41:36,163 [pool-117-thread-1] INFO  server.RaftServerConfigKeys (ConfUtils.java:logGet(43)) - raft.server.log.statemachine.data.caching.enabled = true (custom)
2019-10-16 20:41:36,163 [pool-127-thread-1] INFO  server.RaftServerConfigKeys (ConfUtils.java:logGet(43)) - raft.server.log.force.sync.num = 128 (default)
2019-10-16 20:41:36,163 [pool-107-thread-1] INFO  server.RaftServerConfigKeys (ConfUtils.java:logGet(43)) - raft.server.log.force.sync.num = 128 (default)
2019-10-16 20:41:36,163 [pool-117-thread-1] INFO  segmented.SegmentedRaftLogWorker (SegmentedRaftLogWorker.java:lambda$new$0(128)) - bc0bc980-c963-48ce-962e-85091c893131@group-746BA78DFDB7-SegmentedRaftLogWorker: flushIndex: setUnconditionally 0 -> -1
2019-10-16 20:41:36,163 [pool-127-thread-1] INFO  server.RaftServerConfigKeys (ConfUtils.java:logGet(43)) - raft.server.log.statemachine.data.sync = true (default)
2019-10-16 20:41:36,164 [pool-107-thread-1] INFO  server.RaftServerConfigKeys (ConfUtils.java:logGet(43)) - raft.server.log.statemachine.data.sync = true (default)
2019-10-16 20:41:36,164 [pool-117-thread-1] INFO  server.RaftServerConfigKeys (ConfUtils.java:logGet(43)) - raft.server.snapshot.auto.trigger.enabled = true (custom)
2019-10-16 20:41:36,164 [pool-127-thread-1] INFO  server.RaftServerConfigKeys (ConfUtils.java:logGet(43)) - raft.server.log.statemachine.data.sync.timeout = 10s (default)
2019-10-16 20:41:36,164 [pool-117-thread-1] INFO  server.RaftServerConfigKeys (ConfUtils.java:logGet(43)) - raft.server.snapshot.auto.trigger.threshold = 10000 (custom)
2019-10-16 20:41:36,164 [pool-107-thread-1] INFO  server.RaftServerConfigKeys (ConfUtils.java:logGet(43)) - raft.server.log.statemachine.data.sync.timeout = 10s (default)
2019-10-16 20:41:36,164 [pool-117-thread-1] INFO  server.RaftServerConfigKeys (ConfUtils.java:logGet(43)) - raft.server.snapshot.retention.file.num = 5 (custom)
2019-10-16 20:41:36,164 [pool-127-thread-1] INFO  server.RaftServerConfigKeys (ConfUtils.java:logGet(43)) - raft.server.log.statemachine.data.sync.timeout.retry = -1 (default)
2019-10-16 20:41:36,164 [pool-117-thread-1] INFO  server.RaftServerConfigKeys (ConfUtils.java:logGet(43)) - raft.server.retrycache.expirytime = 600000ms (custom)
2019-10-16 20:41:36,164 [pool-107-thread-1] INFO  server.RaftServerConfigKeys (ConfUtils.java:logGet(43)) - raft.server.log.statemachine.data.sync.timeout.retry = -1 (default)
2019-10-16 20:41:36,164 [pool-127-thread-1] INFO  server.RaftServerConfigKeys (ConfUtils.java:logGet(43)) - raft.server.log.statemachine.data.caching.enabled = true (custom)
2019-10-16 20:41:36,165 [pool-107-thread-1] INFO  server.RaftServerConfigKeys (ConfUtils.java:logGet(43)) - raft.server.log.statemachine.data.caching.enabled = true (custom)
2019-10-16 20:41:36,165 [pool-127-thread-1] INFO  segmented.SegmentedRaftLogWorker (SegmentedRaftLogWorker.java:lambda$new$0(128)) - d612b743-bedc-4c3f-983e-e3329f8a2e6f@group-746BA78DFDB7-SegmentedRaftLogWorker: flushIndex: setUnconditionally 0 -> -1
2019-10-16 20:41:36,165 [pool-107-thread-1] INFO  segmented.SegmentedRaftLogWorker (SegmentedRaftLogWorker.java:lambda$new$0(128)) - 46069bd9-45fc-4c82-823c-36f07a1bcff0@group-746BA78DFDB7-SegmentedRaftLogWorker: flushIndex: setUnconditionally 0 -> -1
2019-10-16 20:41:36,165 [pool-127-thread-1] INFO  server.RaftServerConfigKeys (ConfUtils.java:logGet(43)) - raft.server.snapshot.auto.trigger.enabled = true (custom)
2019-10-16 20:41:36,165 [pool-127-thread-1] INFO  server.RaftServerConfigKeys (ConfUtils.java:logGet(43)) - raft.server.snapshot.auto.trigger.threshold = 10000 (custom)
2019-10-16 20:41:36,165 [pool-127-thread-1] INFO  server.RaftServerConfigKeys (ConfUtils.java:logGet(43)) - raft.server.snapshot.retention.file.num = 5 (custom)
2019-10-16 20:41:36,165 [pool-107-thread-1] INFO  server.RaftServerConfigKeys (ConfUtils.java:logGet(43)) - raft.server.snapshot.auto.trigger.enabled = true (custom)
2019-10-16 20:41:36,165 [pool-127-thread-1] INFO  server.RaftServerConfigKeys (ConfUtils.java:logGet(43)) - raft.server.retrycache.expirytime = 600000ms (custom)
2019-10-16 20:41:36,165 [pool-107-thread-1] INFO  server.RaftServerConfigKeys (ConfUtils.java:logGet(43)) - raft.server.snapshot.auto.trigger.threshold = 10000 (custom)
2019-10-16 20:41:36,165 [pool-107-thread-1] INFO  server.RaftServerConfigKeys (ConfUtils.java:logGet(43)) - raft.server.snapshot.retention.file.num = 5 (custom)
2019-10-16 20:41:36,166 [pool-107-thread-1] INFO  server.RaftServerConfigKeys (ConfUtils.java:logGet(43)) - raft.server.retrycache.expirytime = 600000ms (custom)
2019-10-16 20:41:36,166 [pool-117-thread-1] INFO  impl.RaftServerImpl (RaftServerImpl.java:start(195)) - bc0bc980-c963-48ce-962e-85091c893131@group-746BA78DFDB7: start as a follower, conf=-1: [46069bd9-45fc-4c82-823c-36f07a1bcff0:192.168.157.254:34001, bc0bc980-c963-48ce-962e-85091c893131:192.168.157.254:46787, d612b743-bedc-4c3f-983e-e3329f8a2e6f:192.168.157.254:44523], old=null
2019-10-16 20:41:36,166 [pool-117-thread-1] INFO  impl.RaftServerImpl (RaftServerImpl.java:setRole(184)) - bc0bc980-c963-48ce-962e-85091c893131@group-746BA78DFDB7: changes role from      null to FOLLOWER at term 0 for startAsFollower
2019-10-16 20:41:36,166 [pool-117-thread-1] INFO  impl.RoleInfo (RoleInfo.java:updateAndGet(143)) - bc0bc980-c963-48ce-962e-85091c893131: start FollowerState
2019-10-16 20:41:36,166 [pool-117-thread-1] INFO  util.JmxRegister (JmxRegister.java:tryRegister(44)) - Successfully registered JMX Bean with object name Ratis:service=RaftServer,group=group-746BA78DFDB7,id=bc0bc980-c963-48ce-962e-85091c893131
2019-10-16 20:41:36,167 [pool-127-thread-1] INFO  impl.RaftServerImpl (RaftServerImpl.java:start(195)) - d612b743-bedc-4c3f-983e-e3329f8a2e6f@group-746BA78DFDB7: start as a follower, conf=-1: [46069bd9-45fc-4c82-823c-36f07a1bcff0:192.168.157.254:34001, bc0bc980-c963-48ce-962e-85091c893131:192.168.157.254:46787, d612b743-bedc-4c3f-983e-e3329f8a2e6f:192.168.157.254:44523], old=null
2019-10-16 20:41:36,167 [pool-127-thread-1] INFO  impl.RaftServerImpl (RaftServerImpl.java:setRole(184)) - d612b743-bedc-4c3f-983e-e3329f8a2e6f@group-746BA78DFDB7: changes role from      null to FOLLOWER at term 0 for startAsFollower
2019-10-16 20:41:36,167 [pool-127-thread-1] INFO  impl.RoleInfo (RoleInfo.java:updateAndGet(143)) - d612b743-bedc-4c3f-983e-e3329f8a2e6f: start FollowerState
2019-10-16 20:41:36,167 [pool-127-thread-1] INFO  util.JmxRegister (JmxRegister.java:tryRegister(44)) - Successfully registered JMX Bean with object name Ratis:service=RaftServer,group=group-746BA78DFDB7,id=d612b743-bedc-4c3f-983e-e3329f8a2e6f
2019-10-16 20:41:36,168 [pool-107-thread-1] INFO  impl.RaftServerImpl (RaftServerImpl.java:start(195)) - 46069bd9-45fc-4c82-823c-36f07a1bcff0@group-746BA78DFDB7: start as a follower, conf=-1: [46069bd9-45fc-4c82-823c-36f07a1bcff0:192.168.157.254:34001, bc0bc980-c963-48ce-962e-85091c893131:192.168.157.254:46787, d612b743-bedc-4c3f-983e-e3329f8a2e6f:192.168.157.254:44523], old=null
2019-10-16 20:41:36,168 [pool-107-thread-1] INFO  impl.RaftServerImpl (RaftServerImpl.java:setRole(184)) - 46069bd9-45fc-4c82-823c-36f07a1bcff0@group-746BA78DFDB7: changes role from      null to FOLLOWER at term 0 for startAsFollower
2019-10-16 20:41:36,168 [pool-107-thread-1] INFO  impl.RoleInfo (RoleInfo.java:updateAndGet(143)) - 46069bd9-45fc-4c82-823c-36f07a1bcff0: start FollowerState
2019-10-16 20:41:36,169 [pool-107-thread-1] INFO  util.JmxRegister (JmxRegister.java:tryRegister(44)) - Successfully registered JMX Bean with object name Ratis:service=RaftServer,group=group-746BA78DFDB7,id=46069bd9-45fc-4c82-823c-36f07a1bcff0
2019-10-16 20:41:36,172 [RatisPipelineUtilsThread] INFO  pipeline.PipelineStateManager (PipelineStateManager.java:addPipeline(57)) - Created pipeline Pipeline[ Id: 888a940e-7763-41f4-8926-746ba78dfdb7, Nodes: 46069bd9-45fc-4c82-823c-36f07a1bcff0{ip: 192.168.157.254, host: pr-hdds-1868-qdb9g-714931517, networkLocation: /default-rack, certSerialId: null}bc0bc980-c963-48ce-962e-85091c893131{ip: 192.168.157.254, host: pr-hdds-1868-qdb9g-714931517, networkLocation: /default-rack, certSerialId: null}d612b743-bedc-4c3f-983e-e3329f8a2e6f{ip: 192.168.157.254, host: pr-hdds-1868-qdb9g-714931517, networkLocation: /default-rack, certSerialId: null}, Type:RATIS, Factor:THREE, State:ALLOCATED]
2019-10-16 20:41:36,174 [EventQueue-PipelineReportForPipelineReportHandler] INFO  pipeline.PipelineReportHandler (PipelineReportHandler.java:processPipelineReport(119)) - Pipeline PipelineID=6b472680-a40c-41ab-8cc4-1056dbf44000 reported by bc0bc980-c963-48ce-962e-85091c893131{ip: 192.168.157.254, host: pr-hdds-1868-qdb9g-714931517, networkLocation: /default-rack, certSerialId: null} with leaderId bc0bc980-c963-48ce-962e-85091c893131
2019-10-16 20:41:36,175 [EventQueue-PipelineReportForPipelineReportHandler] INFO  pipeline.PipelineStateManager (PipelineStateManager.java:openPipeline(136)) - Pipeline Pipeline[ Id: 6b472680-a40c-41ab-8cc4-1056dbf44000, Nodes: bc0bc980-c963-48ce-962e-85091c893131{ip: 192.168.157.254, host: pr-hdds-1868-qdb9g-714931517, networkLocation: /default-rack, certSerialId: null}, Type:RATIS, Factor:ONE, State:OPEN] moved to OPEN state
2019-10-16 20:41:36,175 [EventQueue-PipelineReportForPipelineReportHandler] INFO  pipeline.PipelineReportHandler (PipelineReportHandler.java:processPipelineReport(119)) - Pipeline PipelineID=be16f341-41b2-4563-8bb2-edf575672a97 reported by 46069bd9-45fc-4c82-823c-36f07a1bcff0{ip: 192.168.157.254, host: pr-hdds-1868-qdb9g-714931517, networkLocation: /default-rack, certSerialId: null} with leaderId 46069bd9-45fc-4c82-823c-36f07a1bcff0
2019-10-16 20:41:36,175 [EventQueue-PipelineReportForPipelineReportHandler] INFO  pipeline.PipelineStateManager (PipelineStateManager.java:openPipeline(136)) - Pipeline Pipeline[ Id: be16f341-41b2-4563-8bb2-edf575672a97, Nodes: 46069bd9-45fc-4c82-823c-36f07a1bcff0{ip: 192.168.157.254, host: pr-hdds-1868-qdb9g-714931517, networkLocation: /default-rack, certSerialId: null}, Type:RATIS, Factor:ONE, State:OPEN] moved to OPEN state
2019-10-16 20:41:36,205 [Thread-667] INFO  impl.FollowerState (FollowerState.java:run(108)) - d612b743-bedc-4c3f-983e-e3329f8a2e6f@group-746BA78DFDB7-FollowerState: change to CANDIDATE, lastRpcTime:38ms, electionTimeout:38ms
2019-10-16 20:41:36,205 [Thread-667] INFO  impl.RoleInfo (RoleInfo.java:shutdownFollowerState(121)) - d612b743-bedc-4c3f-983e-e3329f8a2e6f: shutdown FollowerState
2019-10-16 20:41:36,205 [Thread-667] INFO  impl.RaftServerImpl (RaftServerImpl.java:setRole(184)) - d612b743-bedc-4c3f-983e-e3329f8a2e6f@group-746BA78DFDB7: changes role from  FOLLOWER to CANDIDATE at term 0 for changeToCandidate
2019-10-16 20:41:36,206 [Thread-667] INFO  impl.RoleInfo (RoleInfo.java:updateAndGet(143)) - d612b743-bedc-4c3f-983e-e3329f8a2e6f: start LeaderElection
2019-10-16 20:41:36,222 [d612b743-bedc-4c3f-983e-e3329f8a2e6f@group-746BA78DFDB7-LeaderElection26] INFO  impl.LeaderElection (LeaderElection.java:askForVotes(178)) - d612b743-bedc-4c3f-983e-e3329f8a2e6f@group-746BA78DFDB7-LeaderElection26: begin an election at term 1 for -1: [46069bd9-45fc-4c82-823c-36f07a1bcff0:192.168.157.254:34001, bc0bc980-c963-48ce-962e-85091c893131:192.168.157.254:46787, d612b743-bedc-4c3f-983e-e3329f8a2e6f:192.168.157.254:44523], old=null
2019-10-16 20:41:36,228 [grpc-default-executor-0] INFO  impl.RaftServerImpl (RaftServerImpl.java:setRole(184)) - bc0bc980-c963-48ce-962e-85091c893131@group-746BA78DFDB7: changes role from  FOLLOWER to FOLLOWER at term 1 for recognizeCandidate:d612b743-bedc-4c3f-983e-e3329f8a2e6f
2019-10-16 20:41:36,228 [grpc-default-executor-2] INFO  impl.RaftServerImpl (RaftServerImpl.java:setRole(184)) - 46069bd9-45fc-4c82-823c-36f07a1bcff0@group-746BA78DFDB7: changes role from  FOLLOWER to FOLLOWER at term 1 for recognizeCandidate:d612b743-bedc-4c3f-983e-e3329f8a2e6f
2019-10-16 20:41:36,228 [grpc-default-executor-0] INFO  impl.RoleInfo (RoleInfo.java:shutdownFollowerState(121)) - bc0bc980-c963-48ce-962e-85091c893131: shutdown FollowerState
2019-10-16 20:41:36,228 [grpc-default-executor-2] INFO  impl.RoleInfo (RoleInfo.java:shutdownFollowerState(121)) - 46069bd9-45fc-4c82-823c-36f07a1bcff0: shutdown FollowerState
2019-10-16 20:41:36,229 [Thread-666] INFO  impl.FollowerState (FollowerState.java:run(117)) - bc0bc980-c963-48ce-962e-85091c893131@group-746BA78DFDB7-FollowerState was interrupted: java.lang.InterruptedException: sleep interrupted
2019-10-16 20:41:36,229 [grpc-default-executor-0] INFO  impl.RoleInfo (RoleInfo.java:updateAndGet(143)) - bc0bc980-c963-48ce-962e-85091c893131: start FollowerState
2019-10-16 20:41:36,229 [Thread-668] INFO  impl.FollowerState (FollowerState.java:run(117)) - 46069bd9-45fc-4c82-823c-36f07a1bcff0@group-746BA78DFDB7-FollowerState was interrupted: java.lang.InterruptedException: sleep interrupted
2019-10-16 20:41:36,229 [grpc-default-executor-2] INFO  impl.RoleInfo (RoleInfo.java:updateAndGet(143)) - 46069bd9-45fc-4c82-823c-36f07a1bcff0: start FollowerState
2019-10-16 20:41:36,238 [d612b743-bedc-4c3f-983e-e3329f8a2e6f@group-746BA78DFDB7-LeaderElection26] INFO  impl.LeaderElection (LeaderElection.java:logAndReturn(56)) - d612b743-bedc-4c3f-983e-e3329f8a2e6f@group-746BA78DFDB7-LeaderElection26: Election PASSED; received 1 response(s) [d612b743-bedc-4c3f-983e-e3329f8a2e6f<-46069bd9-45fc-4c82-823c-36f07a1bcff0#0:OK-t1] and 0 exception(s); d612b743-bedc-4c3f-983e-e3329f8a2e6f@group-746BA78DFDB7:t1, leader=null, voted=d612b743-bedc-4c3f-983e-e3329f8a2e6f, raftlog=d612b743-bedc-4c3f-983e-e3329f8a2e6f@group-746BA78DFDB7-SegmentedRaftLog:OPENED:c-1,f-1,i0, conf=-1: [46069bd9-45fc-4c82-823c-36f07a1bcff0:192.168.157.254:34001, bc0bc980-c963-48ce-962e-85091c893131:192.168.157.254:46787, d612b743-bedc-4c3f-983e-e3329f8a2e6f:192.168.157.254:44523], old=null
2019-10-16 20:41:36,238 [d612b743-bedc-4c3f-983e-e3329f8a2e6f@group-746BA78DFDB7-LeaderElection26] INFO  impl.RoleInfo (RoleInfo.java:shutdownLeaderElection(134)) - d612b743-bedc-4c3f-983e-e3329f8a2e6f: shutdown LeaderElection
2019-10-16 20:41:36,238 [d612b743-bedc-4c3f-983e-e3329f8a2e6f@group-746BA78DFDB7-LeaderElection26] INFO  impl.RaftServerImpl (RaftServerImpl.java:setRole(184)) - d612b743-bedc-4c3f-983e-e3329f8a2e6f@group-746BA78DFDB7: changes role from CANDIDATE to LEADER at term 1 for changeToLeader
2019-10-16 20:41:36,238 [d612b743-bedc-4c3f-983e-e3329f8a2e6f@group-746BA78DFDB7-LeaderElection26] INFO  ratis.XceiverServerRatis (XceiverServerRatis.java:handleLeaderChangedNotification(700)) - Leader change notification received for group: group-746BA78DFDB7 with new leaderId: d612b743-bedc-4c3f-983e-e3329f8a2e6f
2019-10-16 20:41:36,238 [d612b743-bedc-4c3f-983e-e3329f8a2e6f@group-746BA78DFDB7-LeaderElection26] INFO  impl.RaftServerImpl (ServerState.java:setLeader(256)) - d612b743-bedc-4c3f-983e-e3329f8a2e6f@group-746BA78DFDB7: change Leader from null to d612b743-bedc-4c3f-983e-e3329f8a2e6f at term 1 for becomeLeader, leader elected after 78ms
2019-10-16 20:41:36,239 [d612b743-bedc-4c3f-983e-e3329f8a2e6f@group-746BA78DFDB7-LeaderElection26] INFO  server.RaftServerConfigKeys (ConfUtils.java:logGet(43)) - raft.server.staging.catchup.gap = 1000 (default)
2019-10-16 20:41:36,239 [d612b743-bedc-4c3f-983e-e3329f8a2e6f@group-746BA78DFDB7-LeaderElection26] INFO  server.RaftServerConfigKeys (ConfUtils.java:logGet(43)) - raft.server.rpc.sleep.time = 25ms (default)
2019-10-16 20:41:36,243 [d612b743-bedc-4c3f-983e-e3329f8a2e6f@group-746BA78DFDB7-LeaderElection26] INFO  server.RaftServerConfigKeys (ConfUtils.java:logGet(43)) - raft.server.write.element-limit = 4096 (default)
2019-10-16 20:41:36,244 [d612b743-bedc-4c3f-983e-e3329f8a2e6f@group-746BA78DFDB7-LeaderElection26] INFO  server.RaftServerConfigKeys (ConfUtils.java:logGet(43)) - raft.server.watch.timeout = 10s (default)
2019-10-16 20:41:36,244 [d612b743-bedc-4c3f-983e-e3329f8a2e6f@group-746BA78DFDB7-LeaderElection26] INFO  server.RaftServerConfigKeys (ConfUtils.java:logGet(43)) - raft.server.watch.timeout.denomination = 1s (default)
2019-10-16 20:41:36,244 [d612b743-bedc-4c3f-983e-e3329f8a2e6f@group-746BA78DFDB7-LeaderElection26] INFO  server.RaftServerConfigKeys (ConfUtils.java:logGet(43)) - raft.server.watch.element-limit = 65536 (default)
2019-10-16 20:41:36,244 [EventQueue-PipelineReportForPipelineReportHandler] INFO  pipeline.PipelineReportHandler (PipelineReportHandler.java:processPipelineReport(119)) - Pipeline PipelineID=36eb93fc-bcf8-4b0b-a0c0-ddd6bf56d535 reported by d612b743-bedc-4c3f-983e-e3329f8a2e6f{ip: 192.168.157.254, host: pr-hdds-1868-qdb9g-714931517, networkLocation: /default-rack, certSerialId: null} with leaderId 
2019-10-16 20:41:36,245 [EventQueue-PipelineReportForPipelineReportHandler] INFO  pipeline.PipelineStateManager (PipelineStateManager.java:openPipeline(136)) - Pipeline Pipeline[ Id: 36eb93fc-bcf8-4b0b-a0c0-ddd6bf56d535, Nodes: d612b743-bedc-4c3f-983e-e3329f8a2e6f{ip: 192.168.157.254, host: pr-hdds-1868-qdb9g-714931517, networkLocation: /default-rack, certSerialId: null}, Type:RATIS, Factor:ONE, State:OPEN] moved to OPEN state
2019-10-16 20:41:36,245 [EventQueue-PipelineReportForPipelineReportHandler] INFO  pipeline.PipelineReportHandler (PipelineReportHandler.java:processPipelineReport(119)) - Pipeline PipelineID=888a940e-7763-41f4-8926-746ba78dfdb7 reported by d612b743-bedc-4c3f-983e-e3329f8a2e6f{ip: 192.168.157.254, host: pr-hdds-1868-qdb9g-714931517, networkLocation: /default-rack, certSerialId: null} with leaderId d612b743-bedc-4c3f-983e-e3329f8a2e6f
2019-10-16 20:41:36,246 [d612b743-bedc-4c3f-983e-e3329f8a2e6f@group-746BA78DFDB7-LeaderElection26] INFO  server.RaftServerConfigKeys (ConfUtils.java:logGet(43)) - raft.server.log.appender.snapshot.chunk.size.max = 16MB (=16777216) (default)
2019-10-16 20:41:36,247 [d612b743-bedc-4c3f-983e-e3329f8a2e6f@group-746BA78DFDB7-LeaderElection26] INFO  server.RaftServerConfigKeys (ConfUtils.java:logGet(43)) - raft.server.log.appender.buffer.byte-limit = 33554432 (custom)
2019-10-16 20:41:36,247 [d612b743-bedc-4c3f-983e-e3329f8a2e6f@group-746BA78DFDB7-LeaderElection26] INFO  server.RaftServerConfigKeys (ConfUtils.java:logGet(43)) - raft.server.log.appender.buffer.element-limit = 1 (custom)
2019-10-16 20:41:36,247 [d612b743-bedc-4c3f-983e-e3329f8a2e6f@group-746BA78DFDB7-LeaderElection26] INFO  grpc.GrpcConfigKeys$Server (ConfUtils.java:logGet(43)) - raft.grpc.server.leader.outstanding.appends.max = 128 (default)
2019-10-16 20:41:36,247 [d612b743-bedc-4c3f-983e-e3329f8a2e6f@group-746BA78DFDB7-LeaderElection26] INFO  server.RaftServerConfigKeys (ConfUtils.java:logGet(43)) - raft.server.rpc.request.timeout = 3000ms (default)
2019-10-16 20:41:36,247 [d612b743-bedc-4c3f-983e-e3329f8a2e6f@group-746BA78DFDB7-LeaderElection26] INFO  server.RaftServerConfigKeys (ConfUtils.java:logGet(43)) - raft.server.log.appender.install.snapshot.enabled = false (custom)
2019-10-16 20:41:36,249 [d612b743-bedc-4c3f-983e-e3329f8a2e6f@group-746BA78DFDB7-LeaderElection26] INFO  server.RaftServerConfigKeys (ConfUtils.java:logGet(43)) - raft.server.log.appender.snapshot.chunk.size.max = 16MB (=16777216) (default)
2019-10-16 20:41:36,249 [d612b743-bedc-4c3f-983e-e3329f8a2e6f@group-746BA78DFDB7-LeaderElection26] INFO  server.RaftServerConfigKeys (ConfUtils.java:logGet(43)) - raft.server.log.appender.buffer.byte-limit = 33554432 (custom)
2019-10-16 20:41:36,250 [d612b743-bedc-4c3f-983e-e3329f8a2e6f@group-746BA78DFDB7-LeaderElection26] INFO  server.RaftServerConfigKeys (ConfUtils.java:logGet(43)) - raft.server.log.appender.buffer.element-limit = 1 (custom)
2019-10-16 20:41:36,250 [d612b743-bedc-4c3f-983e-e3329f8a2e6f@group-746BA78DFDB7-LeaderElection26] INFO  grpc.GrpcConfigKeys$Server (ConfUtils.java:logGet(43)) - raft.grpc.server.leader.outstanding.appends.max = 128 (default)
2019-10-16 20:41:36,250 [d612b743-bedc-4c3f-983e-e3329f8a2e6f@group-746BA78DFDB7-LeaderElection26] INFO  server.RaftServerConfigKeys (ConfUtils.java:logGet(43)) - raft.server.rpc.request.timeout = 3000ms (default)
2019-10-16 20:41:36,250 [d612b743-bedc-4c3f-983e-e3329f8a2e6f@group-746BA78DFDB7-LeaderElection26] INFO  server.RaftServerConfigKeys (ConfUtils.java:logGet(43)) - raft.server.log.appender.install.snapshot.enabled = false (custom)
2019-10-16 20:41:36,252 [d612b743-bedc-4c3f-983e-e3329f8a2e6f@group-746BA78DFDB7-LeaderElection26] INFO  impl.RoleInfo (RoleInfo.java:updateAndGet(143)) - d612b743-bedc-4c3f-983e-e3329f8a2e6f: start LeaderState
2019-10-16 20:41:36,253 [d612b743-bedc-4c3f-983e-e3329f8a2e6f@group-746BA78DFDB7-LeaderElection26] INFO  segmented.SegmentedRaftLogWorker (SegmentedRaftLogWorker.java:startLogSegment(385)) - d612b743-bedc-4c3f-983e-e3329f8a2e6f@group-746BA78DFDB7-SegmentedRaftLogWorker: Starting segment from index:0
2019-10-16 20:41:36,253 [d612b743-bedc-4c3f-983e-e3329f8a2e6f@group-746BA78DFDB7-LeaderElection26] INFO  impl.RaftServerImpl (ServerState.java:setRaftConf(357)) - d612b743-bedc-4c3f-983e-e3329f8a2e6f@group-746BA78DFDB7: set configuration 0: [46069bd9-45fc-4c82-823c-36f07a1bcff0:192.168.157.254:34001, bc0bc980-c963-48ce-962e-85091c893131:192.168.157.254:46787, d612b743-bedc-4c3f-983e-e3329f8a2e6f:192.168.157.254:44523], old=null at 0
2019-10-16 20:41:36,283 [Thread-659] INFO  impl.FollowerState (FollowerState.java:run(108)) - d612b743-bedc-4c3f-983e-e3329f8a2e6f@group-DDD6BF56D535-FollowerState: change to CANDIDATE, lastRpcTime:178ms, electionTimeout:164ms
2019-10-16 20:41:36,284 [Thread-659] INFO  impl.RoleInfo (RoleInfo.java:shutdownFollowerState(121)) - d612b743-bedc-4c3f-983e-e3329f8a2e6f: shutdown FollowerState
2019-10-16 20:41:36,284 [Thread-659] INFO  impl.RaftServerImpl (RaftServerImpl.java:setRole(184)) - d612b743-bedc-4c3f-983e-e3329f8a2e6f@group-DDD6BF56D535: changes role from  FOLLOWER to CANDIDATE at term 0 for changeToCandidate
2019-10-16 20:41:36,284 [Thread-659] INFO  impl.RoleInfo (RoleInfo.java:updateAndGet(143)) - d612b743-bedc-4c3f-983e-e3329f8a2e6f: start LeaderElection
2019-10-16 20:41:36,289 [grpc-default-executor-0] INFO  ratis.XceiverServerRatis (XceiverServerRatis.java:handleLeaderChangedNotification(700)) - Leader change notification received for group: group-746BA78DFDB7 with new leaderId: d612b743-bedc-4c3f-983e-e3329f8a2e6f
2019-10-16 20:41:36,289 [grpc-default-executor-2] INFO  ratis.XceiverServerRatis (XceiverServerRatis.java:handleLeaderChangedNotification(700)) - Leader change notification received for group: group-746BA78DFDB7 with new leaderId: d612b743-bedc-4c3f-983e-e3329f8a2e6f
2019-10-16 20:41:36,290 [grpc-default-executor-0] INFO  impl.RaftServerImpl (ServerState.java:setLeader(256)) - 46069bd9-45fc-4c82-823c-36f07a1bcff0@group-746BA78DFDB7: change Leader from null to d612b743-bedc-4c3f-983e-e3329f8a2e6f at term 1 for appendEntries, leader elected after 129ms
2019-10-16 20:41:36,290 [grpc-default-executor-2] INFO  impl.RaftServerImpl (ServerState.java:setLeader(256)) - bc0bc980-c963-48ce-962e-85091c893131@group-746BA78DFDB7: change Leader from null to d612b743-bedc-4c3f-983e-e3329f8a2e6f at term 1 for appendEntries, leader elected after 129ms
2019-10-16 20:41:36,291 [EventQueue-PipelineReportForPipelineReportHandler] INFO  pipeline.PipelineReportHandler (PipelineReportHandler.java:processPipelineReport(119)) - Pipeline PipelineID=888a940e-7763-41f4-8926-746ba78dfdb7 reported by 46069bd9-45fc-4c82-823c-36f07a1bcff0{ip: 192.168.157.254, host: pr-hdds-1868-qdb9g-714931517, networkLocation: /default-rack, certSerialId: null} with leaderId d612b743-bedc-4c3f-983e-e3329f8a2e6f
2019-10-16 20:41:36,292 [EventQueue-PipelineReportForPipelineReportHandler] INFO  pipeline.PipelineReportHandler (PipelineReportHandler.java:processPipelineReport(119)) - Pipeline PipelineID=888a940e-7763-41f4-8926-746ba78dfdb7 reported by bc0bc980-c963-48ce-962e-85091c893131{ip: 192.168.157.254, host: pr-hdds-1868-qdb9g-714931517, networkLocation: /default-rack, certSerialId: null} with leaderId d612b743-bedc-4c3f-983e-e3329f8a2e6f
2019-10-16 20:41:36,292 [EventQueue-PipelineReportForPipelineReportHandler] INFO  pipeline.PipelineStateManager (PipelineStateManager.java:openPipeline(136)) - Pipeline Pipeline[ Id: 888a940e-7763-41f4-8926-746ba78dfdb7, Nodes: 46069bd9-45fc-4c82-823c-36f07a1bcff0{ip: 192.168.157.254, host: pr-hdds-1868-qdb9g-714931517, networkLocation: /default-rack, certSerialId: null}bc0bc980-c963-48ce-962e-85091c893131{ip: 192.168.157.254, host: pr-hdds-1868-qdb9g-714931517, networkLocation: /default-rack, certSerialId: null}d612b743-bedc-4c3f-983e-e3329f8a2e6f{ip: 192.168.157.254, host: pr-hdds-1868-qdb9g-714931517, networkLocation: /default-rack, certSerialId: null}, Type:RATIS, Factor:THREE, State:OPEN] moved to OPEN state
2019-10-16 20:41:36,293 [grpc-default-executor-2] INFO  impl.RaftServerImpl (ServerState.java:setRaftConf(357)) - 46069bd9-45fc-4c82-823c-36f07a1bcff0@group-746BA78DFDB7: set configuration 0: [46069bd9-45fc-4c82-823c-36f07a1bcff0:192.168.157.254:34001, bc0bc980-c963-48ce-962e-85091c893131:192.168.157.254:46787, d612b743-bedc-4c3f-983e-e3329f8a2e6f:192.168.157.254:44523], old=null at 0
2019-10-16 20:41:36,293 [grpc-default-executor-0] INFO  impl.RaftServerImpl (ServerState.java:setRaftConf(357)) - bc0bc980-c963-48ce-962e-85091c893131@group-746BA78DFDB7: set configuration 0: [46069bd9-45fc-4c82-823c-36f07a1bcff0:192.168.157.254:34001, bc0bc980-c963-48ce-962e-85091c893131:192.168.157.254:46787, d612b743-bedc-4c3f-983e-e3329f8a2e6f:192.168.157.254:44523], old=null at 0
2019-10-16 20:41:36,294 [grpc-default-executor-2] INFO  segmented.SegmentedRaftLogWorker (SegmentedRaftLogWorker.java:startLogSegment(385)) - 46069bd9-45fc-4c82-823c-36f07a1bcff0@group-746BA78DFDB7-SegmentedRaftLogWorker: Starting segment from index:0
2019-10-16 20:41:36,294 [grpc-default-executor-0] INFO  segmented.SegmentedRaftLogWorker (SegmentedRaftLogWorker.java:startLogSegment(385)) - bc0bc980-c963-48ce-962e-85091c893131@group-746BA78DFDB7-SegmentedRaftLogWorker: Starting segment from index:0
2019-10-16 20:41:36,297 [d612b743-bedc-4c3f-983e-e3329f8a2e6f@group-746BA78DFDB7-SegmentedRaftLogWorker] INFO  segmented.SegmentedRaftLogWorker (SegmentedRaftLogWorker.java:execute(576)) - d612b743-bedc-4c3f-983e-e3329f8a2e6f@group-746BA78DFDB7-SegmentedRaftLogWorker: created new log segment /workdir/hadoop-ozone/integration-test/target/test-dir/MiniOzoneClusterImpl-d661fb9f-1fa9-4d83-aa41-108be3044330/datanode-2/data/ratis/888a940e-7763-41f4-8926-746ba78dfdb7/current/log_inprogress_0
2019-10-16 20:41:36,297 [d612b743-bedc-4c3f-983e-e3329f8a2e6f@group-DDD6BF56D535-LeaderElection27] INFO  impl.LeaderElection (LeaderElection.java:askForVotes(178)) - d612b743-bedc-4c3f-983e-e3329f8a2e6f@group-DDD6BF56D535-LeaderElection27: begin an election at term 1 for -1: [d612b743-bedc-4c3f-983e-e3329f8a2e6f:192.168.157.254:44523], old=null
2019-10-16 20:41:36,297 [d612b743-bedc-4c3f-983e-e3329f8a2e6f@group-DDD6BF56D535-LeaderElection27] INFO  impl.RoleInfo (RoleInfo.java:shutdownLeaderElection(134)) - d612b743-bedc-4c3f-983e-e3329f8a2e6f: shutdown LeaderElection
2019-10-16 20:41:36,297 [d612b743-bedc-4c3f-983e-e3329f8a2e6f@group-DDD6BF56D535-LeaderElection27] INFO  impl.RaftServerImpl (RaftServerImpl.java:setRole(184)) - d612b743-bedc-4c3f-983e-e3329f8a2e6f@group-DDD6BF56D535: changes role from CANDIDATE to LEADER at term 1 for changeToLeader
2019-10-16 20:41:36,297 [d612b743-bedc-4c3f-983e-e3329f8a2e6f@group-DDD6BF56D535-LeaderElection27] INFO  ratis.XceiverServerRatis (XceiverServerRatis.java:handleLeaderChangedNotification(700)) - Leader change notification received for group: group-DDD6BF56D535 with new leaderId: d612b743-bedc-4c3f-983e-e3329f8a2e6f
2019-10-16 20:41:36,332 [d612b743-bedc-4c3f-983e-e3329f8a2e6f@group-DDD6BF56D535-LeaderElection27] INFO  impl.RaftServerImpl (ServerState.java:setLeader(256)) - d612b743-bedc-4c3f-983e-e3329f8a2e6f@group-DDD6BF56D535: change Leader from null to d612b743-bedc-4c3f-983e-e3329f8a2e6f at term 1 for becomeLeader, leader elected after 201ms
2019-10-16 20:41:36,332 [d612b743-bedc-4c3f-983e-e3329f8a2e6f@group-DDD6BF56D535-LeaderElection27] INFO  server.RaftServerConfigKeys (ConfUtils.java:logGet(43)) - raft.server.staging.catchup.gap = 1000 (default)
2019-10-16 20:41:36,332 [d612b743-bedc-4c3f-983e-e3329f8a2e6f@group-DDD6BF56D535-LeaderElection27] INFO  server.RaftServerConfigKeys (ConfUtils.java:logGet(43)) - raft.server.rpc.sleep.time = 25ms (default)
2019-10-16 20:41:36,332 [d612b743-bedc-4c3f-983e-e3329f8a2e6f@group-DDD6BF56D535-LeaderElection27] INFO  server.RaftServerConfigKeys (ConfUtils.java:logGet(43)) - raft.server.write.element-limit = 4096 (default)
2019-10-16 20:41:36,332 [d612b743-bedc-4c3f-983e-e3329f8a2e6f@group-DDD6BF56D535-LeaderElection27] INFO  server.RaftServerConfigKeys (ConfUtils.java:logGet(43)) - raft.server.watch.timeout = 10s (default)
2019-10-16 20:41:36,333 [d612b743-bedc-4c3f-983e-e3329f8a2e6f@group-DDD6BF56D535-LeaderElection27] INFO  server.RaftServerConfigKeys (ConfUtils.java:logGet(43)) - raft.server.watch.timeout.denomination = 1s (default)
2019-10-16 20:41:36,333 [d612b743-bedc-4c3f-983e-e3329f8a2e6f@group-DDD6BF56D535-LeaderElection27] INFO  server.RaftServerConfigKeys (ConfUtils.java:logGet(43)) - raft.server.watch.element-limit = 65536 (default)
2019-10-16 20:41:36,335 [d612b743-bedc-4c3f-983e-e3329f8a2e6f@group-DDD6BF56D535-LeaderElection27] INFO  impl.RoleInfo (RoleInfo.java:updateAndGet(143)) - d612b743-bedc-4c3f-983e-e3329f8a2e6f: start LeaderState
2019-10-16 20:41:36,335 [d612b743-bedc-4c3f-983e-e3329f8a2e6f@group-DDD6BF56D535-LeaderElection27] INFO  segmented.SegmentedRaftLogWorker (SegmentedRaftLogWorker.java:startLogSegment(385)) - d612b743-bedc-4c3f-983e-e3329f8a2e6f@group-DDD6BF56D535-SegmentedRaftLogWorker: Starting segment from index:0
2019-10-16 20:41:36,336 [d612b743-bedc-4c3f-983e-e3329f8a2e6f@group-DDD6BF56D535-LeaderElection27] INFO  impl.RaftServerImpl (ServerState.java:setRaftConf(357)) - d612b743-bedc-4c3f-983e-e3329f8a2e6f@group-DDD6BF56D535: set configuration 0: [d612b743-bedc-4c3f-983e-e3329f8a2e6f:192.168.157.254:44523], old=null at 0
2019-10-16 20:41:36,344 [bc0bc980-c963-48ce-962e-85091c893131@group-746BA78DFDB7-SegmentedRaftLogWorker] INFO  segmented.SegmentedRaftLogWorker (SegmentedRaftLogWorker.java:execute(576)) - bc0bc980-c963-48ce-962e-85091c893131@group-746BA78DFDB7-SegmentedRaftLogWorker: created new log segment /workdir/hadoop-ozone/integration-test/target/test-dir/MiniOzoneClusterImpl-d661fb9f-1fa9-4d83-aa41-108be3044330/datanode-1/data/ratis/888a940e-7763-41f4-8926-746ba78dfdb7/current/log_inprogress_0
2019-10-16 20:41:36,344 [46069bd9-45fc-4c82-823c-36f07a1bcff0@group-746BA78DFDB7-SegmentedRaftLogWorker] INFO  segmented.SegmentedRaftLogWorker (SegmentedRaftLogWorker.java:execute(576)) - 46069bd9-45fc-4c82-823c-36f07a1bcff0@group-746BA78DFDB7-SegmentedRaftLogWorker: created new log segment /workdir/hadoop-ozone/integration-test/target/test-dir/MiniOzoneClusterImpl-d661fb9f-1fa9-4d83-aa41-108be3044330/datanode-0/data/ratis/888a940e-7763-41f4-8926-746ba78dfdb7/current/log_inprogress_0
2019-10-16 20:41:36,389 [d612b743-bedc-4c3f-983e-e3329f8a2e6f@group-DDD6BF56D535-SegmentedRaftLogWorker] INFO  segmented.SegmentedRaftLogWorker (SegmentedRaftLogWorker.java:execute(576)) - d612b743-bedc-4c3f-983e-e3329f8a2e6f@group-DDD6BF56D535-SegmentedRaftLogWorker: created new log segment /workdir/hadoop-ozone/integration-test/target/test-dir/MiniOzoneClusterImpl-d661fb9f-1fa9-4d83-aa41-108be3044330/datanode-2/data/ratis/36eb93fc-bcf8-4b0b-a0c0-ddd6bf56d535/current/log_inprogress_0
2019-10-16 20:41:37,025 [Thread-477] INFO  ozone.MiniOzoneClusterImpl (MiniOzoneClusterImpl.java:lambda$waitForClusterToBeReady$2(172)) - Cluster is ready. Got 3 of 3 DN Heartbeats.
2019-10-16 20:41:37,290 [Datanode State Machine Thread - 0] INFO  statemachine.DatanodeStateMachine (DatanodeStateMachine.java:lambda$startDaemon$0(350)) - Ozone container server started.
2019-10-16 20:41:38,902 [Thread-649] INFO  container.ReplicationManager (ReplicationManager.java:start(162)) - Starting Replication Monitor Thread.
2019-10-16 20:41:38,905 [ReplicationMonitor] INFO  container.ReplicationManager (ReplicationManager.java:run(225)) - Replication Monitor Thread took 0 milliseconds for processing 0 containers.
2019-10-16 20:41:42,026 [Thread-477] INFO  ozoneimpl.OzoneContainer (OzoneContainer.java:stop(227)) - Attempting to stop container services.
2019-10-16 20:41:42,027 [Thread-477] INFO  impl.RaftServerProxy (RaftServerProxy.java:lambda$close$4(314)) - 46069bd9-45fc-4c82-823c-36f07a1bcff0: close
2019-10-16 20:41:42,027 [Thread-477] INFO  impl.RaftServerImpl (RaftServerImpl.java:lambda$shutdown$3(261)) - 46069bd9-45fc-4c82-823c-36f07a1bcff0@group-EDF575672A97: shutdown
2019-10-16 20:41:42,027 [Thread-477] INFO  util.JmxRegister (JmxRegister.java:unregister(73)) - Successfully un-registered JMX Bean with object name Ratis:service=RaftServer,group=group-EDF575672A97,id=46069bd9-45fc-4c82-823c-36f07a1bcff0
2019-10-16 20:41:42,028 [Thread-477] INFO  impl.RoleInfo (RoleInfo.java:shutdownLeaderState(104)) - 46069bd9-45fc-4c82-823c-36f07a1bcff0: shutdown LeaderState
2019-10-16 20:41:42,028 [Thread-477] INFO  impl.PendingRequests (PendingRequests.java:sendNotLeaderResponses(202)) - 46069bd9-45fc-4c82-823c-36f07a1bcff0@group-EDF575672A97-PendingRequests: sendNotLeaderResponses
2019-10-16 20:41:42,028 [Thread-477] INFO  impl.StateMachineUpdater (StateMachineUpdater.java:stopAndJoin(136)) - 46069bd9-45fc-4c82-823c-36f07a1bcff0@group-EDF575672A97-StateMachineUpdater: set stopIndex = 0
2019-10-16 20:41:42,029 [Thread-477] INFO  impl.RaftServerImpl (ServerState.java:close(388)) - 46069bd9-45fc-4c82-823c-36f07a1bcff0@group-EDF575672A97: closes. applyIndex: 0
2019-10-16 20:41:42,029 [46069bd9-45fc-4c82-823c-36f07a1bcff0@group-EDF575672A97-SegmentedRaftLogWorker] INFO  segmented.SegmentedRaftLogWorker (SegmentedRaftLogWorker.java:run(316)) - 46069bd9-45fc-4c82-823c-36f07a1bcff0@group-EDF575672A97-SegmentedRaftLogWorker was interrupted, exiting. There are 0 tasks remaining in the queue.
2019-10-16 20:41:42,032 [Thread-477] INFO  segmented.SegmentedRaftLogWorker (SegmentedRaftLogWorker.java:close(224)) - 46069bd9-45fc-4c82-823c-36f07a1bcff0@group-EDF575672A97-SegmentedRaftLogWorker close()
2019-10-16 20:41:42,035 [Thread-477] INFO  impl.RaftServerImpl (RaftServerImpl.java:lambda$shutdown$3(261)) - 46069bd9-45fc-4c82-823c-36f07a1bcff0@group-746BA78DFDB7: shutdown
2019-10-16 20:41:42,035 [Thread-477] INFO  util.JmxRegister (JmxRegister.java:unregister(73)) - Successfully un-registered JMX Bean with object name Ratis:service=RaftServer,group=group-746BA78DFDB7,id=46069bd9-45fc-4c82-823c-36f07a1bcff0
2019-10-16 20:41:42,035 [Thread-477] INFO  impl.RoleInfo (RoleInfo.java:shutdownFollowerState(121)) - 46069bd9-45fc-4c82-823c-36f07a1bcff0: shutdown FollowerState
2019-10-16 20:41:42,035 [Thread-477] INFO  impl.StateMachineUpdater (StateMachineUpdater.java:stopAndJoin(136)) - 46069bd9-45fc-4c82-823c-36f07a1bcff0@group-746BA78DFDB7-StateMachineUpdater: set stopIndex = 0
2019-10-16 20:41:42,035 [Thread-676] INFO  impl.FollowerState (FollowerState.java:run(117)) - 46069bd9-45fc-4c82-823c-36f07a1bcff0@group-746BA78DFDB7-FollowerState was interrupted: java.lang.InterruptedException: sleep interrupted
2019-10-16 20:41:42,036 [Thread-477] INFO  impl.RaftServerImpl (ServerState.java:close(388)) - 46069bd9-45fc-4c82-823c-36f07a1bcff0@group-746BA78DFDB7: closes. applyIndex: 0
2019-10-16 20:41:42,036 [46069bd9-45fc-4c82-823c-36f07a1bcff0@group-746BA78DFDB7-SegmentedRaftLogWorker] INFO  segmented.SegmentedRaftLogWorker (SegmentedRaftLogWorker.java:run(316)) - 46069bd9-45fc-4c82-823c-36f07a1bcff0@group-746BA78DFDB7-SegmentedRaftLogWorker was interrupted, exiting. There are 0 tasks remaining in the queue.
2019-10-16 20:41:42,037 [Thread-477] INFO  segmented.SegmentedRaftLogWorker (SegmentedRaftLogWorker.java:close(224)) - 46069bd9-45fc-4c82-823c-36f07a1bcff0@group-746BA78DFDB7-SegmentedRaftLogWorker close()
2019-10-16 20:41:42,040 [Thread-477] INFO  server.GrpcService (GrpcService.java:closeImpl(164)) - 46069bd9-45fc-4c82-823c-36f07a1bcff0: shutdown server with port 34001 now
2019-10-16 20:41:42,042 [grpc-default-executor-0] WARN  server.GrpcServerProtocolService (LogUtils.java:warn(134)) - 46069bd9-45fc-4c82-823c-36f07a1bcff0: installSnapshot onError, lastRequest: d612b743-bedc-4c3f-983e-e3329f8a2e6f->46069bd9-45fc-4c82-823c-36f07a1bcff0#3-t1, previous=(t:1, i:0), leaderCommit=0, initializing? false, entries: <empty>: org.apache.ratis.thirdparty.io.grpc.StatusRuntimeException: CANCELLED: cancelled before receiving half close
2019-10-16 20:41:42,042 [Thread-477] INFO  server.GrpcService (GrpcService.java:closeImpl(172)) - 46069bd9-45fc-4c82-823c-36f07a1bcff0: shutdown server with port 34001 successfully
2019-10-16 20:41:42,042 [grpc-default-executor-1] WARN  server.GrpcLogAppender (LogUtils.java:warn(134)) - d612b743-bedc-4c3f-983e-e3329f8a2e6f@group-746BA78DFDB7->46069bd9-45fc-4c82-823c-36f07a1bcff0-AppendLogResponseHandler: Failed appendEntries: org.apache.ratis.thirdparty.io.grpc.StatusRuntimeException: CANCELLED: HTTP/2 error code: CANCEL
Received Rst Stream
2019-10-16 20:41:42,046 [refreshUsed-/workdir/hadoop-ozone/integration-test/target/test-dir/MiniOzoneClusterImpl-d661fb9f-1fa9-4d83-aa41-108be3044330/datanode-0/data/containers] WARN  fs.CachingGetSpaceUsed (CachingGetSpaceUsed.java:run(183)) - Thread Interrupted waiting to refresh disk information: sleep interrupted
2019-10-16 20:41:42,052 [EventQueue-StaleNodeForStaleNodeHandler] INFO  node.StaleNodeHandler (StaleNodeHandler.java:onMessage(58)) - Datanode 46069bd9-45fc-4c82-823c-36f07a1bcff0{ip: 192.168.157.254, host: pr-hdds-1868-qdb9g-714931517, networkLocation: /default-rack, certSerialId: null} moved to stale state. Finalizing its pipelines [PipelineID=be16f341-41b2-4563-8bb2-edf575672a97, PipelineID=888a940e-7763-41f4-8926-746ba78dfdb7]
2019-10-16 20:41:42,053 [EventQueue-StaleNodeForStaleNodeHandler] INFO  pipeline.SCMPipelineManager (SCMPipelineManager.java:finalizeAndDestroyPipeline(315)) - destroying pipeline:Pipeline[ Id: be16f341-41b2-4563-8bb2-edf575672a97, Nodes: 46069bd9-45fc-4c82-823c-36f07a1bcff0{ip: 192.168.157.254, host: pr-hdds-1868-qdb9g-714931517, networkLocation: /default-rack, certSerialId: null}, Type:RATIS, Factor:ONE, State:OPEN]
2019-10-16 20:41:42,053 [EventQueue-StaleNodeForStaleNodeHandler] INFO  pipeline.PipelineStateManager (PipelineStateManager.java:finalizePipeline(123)) - Pipeline Pipeline[ Id: be16f341-41b2-4563-8bb2-edf575672a97, Nodes: 46069bd9-45fc-4c82-823c-36f07a1bcff0{ip: 192.168.157.254, host: pr-hdds-1868-qdb9g-714931517, networkLocation: /default-rack, certSerialId: null}, Type:RATIS, Factor:ONE, State:CLOSED] moved to CLOSED state
2019-10-16 20:41:42,054 [EventQueue-StaleNodeForStaleNodeHandler] INFO  pipeline.SCMPipelineManager (SCMPipelineManager.java:finalizeAndDestroyPipeline(315)) - destroying pipeline:Pipeline[ Id: 888a940e-7763-41f4-8926-746ba78dfdb7, Nodes: 46069bd9-45fc-4c82-823c-36f07a1bcff0{ip: 192.168.157.254, host: pr-hdds-1868-qdb9g-714931517, networkLocation: /default-rack, certSerialId: null}bc0bc980-c963-48ce-962e-85091c893131{ip: 192.168.157.254, host: pr-hdds-1868-qdb9g-714931517, networkLocation: /default-rack, certSerialId: null}d612b743-bedc-4c3f-983e-e3329f8a2e6f{ip: 192.168.157.254, host: pr-hdds-1868-qdb9g-714931517, networkLocation: /default-rack, certSerialId: null}, Type:RATIS, Factor:THREE, State:OPEN]
2019-10-16 20:41:42,055 [EventQueue-StaleNodeForStaleNodeHandler] INFO  pipeline.PipelineStateManager (PipelineStateManager.java:finalizePipeline(123)) - Pipeline Pipeline[ Id: 888a940e-7763-41f4-8926-746ba78dfdb7, Nodes: 46069bd9-45fc-4c82-823c-36f07a1bcff0{ip: 192.168.157.254, host: pr-hdds-1868-qdb9g-714931517, networkLocation: /default-rack, certSerialId: null}bc0bc980-c963-48ce-962e-85091c893131{ip: 192.168.157.254, host: pr-hdds-1868-qdb9g-714931517, networkLocation: /default-rack, certSerialId: null}d612b743-bedc-4c3f-983e-e3329f8a2e6f{ip: 192.168.157.254, host: pr-hdds-1868-qdb9g-714931517, networkLocation: /default-rack, certSerialId: null}, Type:RATIS, Factor:THREE, State:CLOSED] moved to CLOSED state
2019-10-16 20:41:42,058 [Thread-477] INFO  utils.BackgroundService (BackgroundService.java:shutdown(151)) - Shutting down service BlockDeletingService
2019-10-16 20:41:42,061 [Thread-477] INFO  statemachine.DatanodeStateMachine (DatanodeStateMachine.java:stopDaemon(395)) - Ozone container server stopped.
2019-10-16 20:41:42,062 [Thread-477] INFO  handler.ContextHandler (ContextHandler.java:doStop(910)) - Stopped o.e.j.w.WebAppContext@474ea27f{/,null,UNAVAILABLE}{/hddsDatanode}
2019-10-16 20:41:42,063 [Thread-477] INFO  server.AbstractConnector (AbstractConnector.java:doStop(318)) - Stopped ServerConnector@5d4fa314{HTTP/1.1,[http/1.1]}{0.0.0.0:0}
2019-10-16 20:41:42,063 [Thread-477] INFO  handler.ContextHandler (ContextHandler.java:doStop(910)) - Stopped o.e.j.s.ServletContextHandler@3aab9811{/static,jar:file:/home/user/.m2/repository/org/apache/hadoop/hadoop-hdds-container-service/0.5.0-SNAPSHOT/hadoop-hdds-container-service-0.5.0-SNAPSHOT.jar!/webapps/static,UNAVAILABLE}
2019-10-16 20:41:42,063 [Thread-477] INFO  handler.ContextHandler (ContextHandler.java:doStop(910)) - Stopped o.e.j.s.ServletContextHandler@428118d9{/logs,file:///workdir/hadoop-ozone/integration-test/target/log,UNAVAILABLE}
2019-10-16 20:41:42,293 [Datanode State Machine Thread - 0] INFO  statemachine.DatanodeStateMachine (DatanodeStateMachine.java:lambda$startDaemon$0(350)) - Ozone container server started.
2019-10-16 20:41:46,867 [java.util.concurrent.ThreadPoolExecutor$Worker@1300bda0[State = -1, empty queue]] WARN  server.GrpcLogAppender (GrpcLogAppender.java:timeoutAppendRequest(209)) - d612b743-bedc-4c3f-983e-e3329f8a2e6f@group-746BA78DFDB7->46069bd9-45fc-4c82-823c-36f07a1bcff0-GrpcLogAppender: appendEntries Timeout, request=d612b743-bedc-4c3f-983e-e3329f8a2e6f->46069bd9-45fc-4c82-823c-36f07a1bcff0#4-t1, previous=(t:1, i:0), leaderCommit=0, initializing? false, entries: <empty>
2019-10-16 20:41:47,053 [EventQueue-StaleNodeForStaleNodeHandler] INFO  node.StaleNodeHandler (StaleNodeHandler.java:onMessage(58)) - Datanode bc0bc980-c963-48ce-962e-85091c893131{ip: 192.168.157.254, host: pr-hdds-1868-qdb9g-714931517, networkLocation: /default-rack, certSerialId: null} moved to stale state. Finalizing its pipelines [PipelineID=888a940e-7763-41f4-8926-746ba78dfdb7, PipelineID=6b472680-a40c-41ab-8cc4-1056dbf44000]
2019-10-16 20:41:47,054 [EventQueue-StaleNodeForStaleNodeHandler] INFO  pipeline.SCMPipelineManager (SCMPipelineManager.java:finalizeAndDestroyPipeline(315)) - destroying pipeline:Pipeline[ Id: 888a940e-7763-41f4-8926-746ba78dfdb7, Nodes: 46069bd9-45fc-4c82-823c-36f07a1bcff0{ip: 192.168.157.254, host: pr-hdds-1868-qdb9g-714931517, networkLocation: /default-rack, certSerialId: null}bc0bc980-c963-48ce-962e-85091c893131{ip: 192.168.157.254, host: pr-hdds-1868-qdb9g-714931517, networkLocation: /default-rack, certSerialId: null}d612b743-bedc-4c3f-983e-e3329f8a2e6f{ip: 192.168.157.254, host: pr-hdds-1868-qdb9g-714931517, networkLocation: /default-rack, certSerialId: null}, Type:RATIS, Factor:THREE, State:CLOSED]
2019-10-16 20:41:47,054 [EventQueue-StaleNodeForStaleNodeHandler] INFO  pipeline.SCMPipelineManager (SCMPipelineManager.java:finalizeAndDestroyPipeline(315)) - destroying pipeline:Pipeline[ Id: 6b472680-a40c-41ab-8cc4-1056dbf44000, Nodes: bc0bc980-c963-48ce-962e-85091c893131{ip: 192.168.157.254, host: pr-hdds-1868-qdb9g-714931517, networkLocation: /default-rack, certSerialId: null}, Type:RATIS, Factor:ONE, State:OPEN]
2019-10-16 20:41:47,054 [EventQueue-StaleNodeForStaleNodeHandler] INFO  pipeline.PipelineStateManager (PipelineStateManager.java:finalizePipeline(123)) - Pipeline Pipeline[ Id: 6b472680-a40c-41ab-8cc4-1056dbf44000, Nodes: bc0bc980-c963-48ce-962e-85091c893131{ip: 192.168.157.254, host: pr-hdds-1868-qdb9g-714931517, networkLocation: /default-rack, certSerialId: null}, Type:RATIS, Factor:ONE, State:CLOSED] moved to CLOSED state
2019-10-16 20:41:47,065 [Thread-477] INFO  ozoneimpl.OzoneContainer (OzoneContainer.java:stop(227)) - Attempting to stop container services.
2019-10-16 20:41:47,065 [Thread-477] INFO  impl.RaftServerProxy (RaftServerProxy.java:lambda$close$4(314)) - bc0bc980-c963-48ce-962e-85091c893131: close
2019-10-16 20:41:47,065 [Thread-477] INFO  impl.RaftServerImpl (RaftServerImpl.java:lambda$shutdown$3(261)) - bc0bc980-c963-48ce-962e-85091c893131@group-746BA78DFDB7: shutdown
2019-10-16 20:41:47,066 [Thread-477] INFO  util.JmxRegister (JmxRegister.java:unregister(73)) - Successfully un-registered JMX Bean with object name Ratis:service=RaftServer,group=group-746BA78DFDB7,id=bc0bc980-c963-48ce-962e-85091c893131
2019-10-16 20:41:47,066 [Thread-477] INFO  impl.RoleInfo (RoleInfo.java:shutdownFollowerState(121)) - bc0bc980-c963-48ce-962e-85091c893131: shutdown FollowerState
2019-10-16 20:41:47,066 [Thread-477] INFO  impl.StateMachineUpdater (StateMachineUpdater.java:stopAndJoin(136)) - bc0bc980-c963-48ce-962e-85091c893131@group-746BA78DFDB7-StateMachineUpdater: set stopIndex = 0
2019-10-16 20:41:47,066 [Thread-675] INFO  impl.FollowerState (FollowerState.java:run(117)) - bc0bc980-c963-48ce-962e-85091c893131@group-746BA78DFDB7-FollowerState was interrupted: java.lang.InterruptedException: sleep interrupted
2019-10-16 20:41:47,066 [Thread-477] INFO  impl.RaftServerImpl (ServerState.java:close(388)) - bc0bc980-c963-48ce-962e-85091c893131@group-746BA78DFDB7: closes. applyIndex: 0
2019-10-16 20:41:47,067 [bc0bc980-c963-48ce-962e-85091c893131@group-746BA78DFDB7-SegmentedRaftLogWorker] INFO  segmented.SegmentedRaftLogWorker (SegmentedRaftLogWorker.java:run(316)) - bc0bc980-c963-48ce-962e-85091c893131@group-746BA78DFDB7-SegmentedRaftLogWorker was interrupted, exiting. There are 0 tasks remaining in the queue.
2019-10-16 20:41:47,068 [Thread-477] INFO  segmented.SegmentedRaftLogWorker (SegmentedRaftLogWorker.java:close(224)) - bc0bc980-c963-48ce-962e-85091c893131@group-746BA78DFDB7-SegmentedRaftLogWorker close()
2019-10-16 20:41:47,070 [Thread-477] INFO  impl.RaftServerImpl (RaftServerImpl.java:lambda$shutdown$3(261)) - bc0bc980-c963-48ce-962e-85091c893131@group-1056DBF44000: shutdown
2019-10-16 20:41:47,070 [Thread-477] INFO  util.JmxRegister (JmxRegister.java:unregister(73)) - Successfully un-registered JMX Bean with object name Ratis:service=RaftServer,group=group-1056DBF44000,id=bc0bc980-c963-48ce-962e-85091c893131
2019-10-16 20:41:47,070 [Thread-477] INFO  impl.RoleInfo (RoleInfo.java:shutdownLeaderState(104)) - bc0bc980-c963-48ce-962e-85091c893131: shutdown LeaderState
2019-10-16 20:41:47,071 [Thread-477] INFO  impl.PendingRequests (PendingRequests.java:sendNotLeaderResponses(202)) - bc0bc980-c963-48ce-962e-85091c893131@group-1056DBF44000-PendingRequests: sendNotLeaderResponses
2019-10-16 20:41:47,071 [Thread-477] INFO  impl.StateMachineUpdater (StateMachineUpdater.java:stopAndJoin(136)) - bc0bc980-c963-48ce-962e-85091c893131@group-1056DBF44000-StateMachineUpdater: set stopIndex = 0
2019-10-16 20:41:47,071 [Thread-477] INFO  impl.RaftServerImpl (ServerState.java:close(388)) - bc0bc980-c963-48ce-962e-85091c893131@group-1056DBF44000: closes. applyIndex: 0
2019-10-16 20:41:47,072 [bc0bc980-c963-48ce-962e-85091c893131@group-1056DBF44000-SegmentedRaftLogWorker] INFO  segmented.SegmentedRaftLogWorker (SegmentedRaftLogWorker.java:run(316)) - bc0bc980-c963-48ce-962e-85091c893131@group-1056DBF44000-SegmentedRaftLogWorker was interrupted, exiting. There are 0 tasks remaining in the queue.
2019-10-16 20:41:47,072 [Thread-477] INFO  segmented.SegmentedRaftLogWorker (SegmentedRaftLogWorker.java:close(224)) - bc0bc980-c963-48ce-962e-85091c893131@group-1056DBF44000-SegmentedRaftLogWorker close()
2019-10-16 20:41:47,074 [Thread-477] INFO  server.GrpcService (GrpcService.java:closeImpl(164)) - bc0bc980-c963-48ce-962e-85091c893131: shutdown server with port 46787 now
2019-10-16 20:41:47,075 [grpc-default-executor-0] WARN  server.GrpcServerProtocolService (LogUtils.java:warn(134)) - bc0bc980-c963-48ce-962e-85091c893131: installSnapshot onError, lastRequest: d612b743-bedc-4c3f-983e-e3329f8a2e6f->bc0bc980-c963-48ce-962e-85091c893131#5-t1, previous=(t:1, i:0), leaderCommit=0, initializing? false, entries: <empty>: org.apache.ratis.thirdparty.io.grpc.StatusRuntimeException: CANCELLED: cancelled before receiving half close
2019-10-16 20:41:47,075 [Thread-477] INFO  server.GrpcService (GrpcService.java:closeImpl(172)) - bc0bc980-c963-48ce-962e-85091c893131: shutdown server with port 46787 successfully
2019-10-16 20:41:47,075 [grpc-default-executor-2] WARN  server.GrpcLogAppender (LogUtils.java:warn(134)) - d612b743-bedc-4c3f-983e-e3329f8a2e6f@group-746BA78DFDB7->bc0bc980-c963-48ce-962e-85091c893131-AppendLogResponseHandler: Failed appendEntries: org.apache.ratis.thirdparty.io.grpc.StatusRuntimeException: CANCELLED: HTTP/2 error code: CANCEL
Received Rst Stream
2019-10-16 20:41:47,077 [refreshUsed-/workdir/hadoop-ozone/integration-test/target/test-dir/MiniOzoneClusterImpl-d661fb9f-1fa9-4d83-aa41-108be3044330/datanode-1/data/containers] WARN  fs.CachingGetSpaceUsed (CachingGetSpaceUsed.java:run(183)) - Thread Interrupted waiting to refresh disk information: sleep interrupted
2019-10-16 20:41:47,092 [Thread-477] INFO  utils.BackgroundService (BackgroundService.java:shutdown(151)) - Shutting down service BlockDeletingService
2019-10-16 20:41:47,095 [Thread-477] INFO  statemachine.DatanodeStateMachine (DatanodeStateMachine.java:stopDaemon(395)) - Ozone container server stopped.
2019-10-16 20:41:47,095 [Thread-477] INFO  handler.ContextHandler (ContextHandler.java:doStop(910)) - Stopped o.e.j.w.WebAppContext@77ff18d3{/,null,UNAVAILABLE}{/hddsDatanode}
2019-10-16 20:41:47,096 [Thread-477] INFO  server.AbstractConnector (AbstractConnector.java:doStop(318)) - Stopped ServerConnector@3607f653{HTTP/1.1,[http/1.1]}{0.0.0.0:0}
2019-10-16 20:41:47,096 [Thread-477] INFO  handler.ContextHandler (ContextHandler.java:doStop(910)) - Stopped o.e.j.s.ServletContextHandler@2118014f{/static,jar:file:/home/user/.m2/repository/org/apache/hadoop/hadoop-hdds-container-service/0.5.0-SNAPSHOT/hadoop-hdds-container-service-0.5.0-SNAPSHOT.jar!/webapps/static,UNAVAILABLE}
2019-10-16 20:41:47,097 [Thread-477] INFO  handler.ContextHandler (ContextHandler.java:doStop(910)) - Stopped o.e.j.s.ServletContextHandler@3877e652{/logs,file:///workdir/hadoop-ozone/integration-test/target/log,UNAVAILABLE}
2019-10-16 20:41:47,334 [Datanode State Machine Thread - 0] INFO  statemachine.DatanodeStateMachine (DatanodeStateMachine.java:lambda$startDaemon$0(350)) - Ozone container server started.
2019-10-16 20:41:49,368 [java.util.concurrent.ThreadPoolExecutor$Worker@1300bda0[State = -1, empty queue]] WARN  server.GrpcLogAppender (GrpcLogAppender.java:timeoutAppendRequest(209)) - d612b743-bedc-4c3f-983e-e3329f8a2e6f@group-746BA78DFDB7->46069bd9-45fc-4c82-823c-36f07a1bcff0-GrpcLogAppender: appendEntries Timeout, request=d612b743-bedc-4c3f-983e-e3329f8a2e6f->46069bd9-45fc-4c82-823c-36f07a1bcff0#5-t1, previous=(t:1, i:0), leaderCommit=0, initializing? false, entries: <empty>
2019-10-16 20:41:51,869 [java.util.concurrent.ThreadPoolExecutor$Worker@1300bda0[State = -1, empty queue]] WARN  server.GrpcLogAppender (GrpcLogAppender.java:timeoutAppendRequest(209)) - d612b743-bedc-4c3f-983e-e3329f8a2e6f@group-746BA78DFDB7->46069bd9-45fc-4c82-823c-36f07a1bcff0-GrpcLogAppender: appendEntries Timeout, request=d612b743-bedc-4c3f-983e-e3329f8a2e6f->46069bd9-45fc-4c82-823c-36f07a1bcff0#6-t1, previous=(t:1, i:0), leaderCommit=0, initializing? false, entries: <empty>
2019-10-16 20:41:51,875 [java.util.concurrent.ThreadPoolExecutor$Worker@6f7558a0[State = -1, empty queue]] WARN  server.GrpcLogAppender (GrpcLogAppender.java:timeoutAppendRequest(209)) - d612b743-bedc-4c3f-983e-e3329f8a2e6f@group-746BA78DFDB7->bc0bc980-c963-48ce-962e-85091c893131-GrpcLogAppender: appendEntries Timeout, request=d612b743-bedc-4c3f-983e-e3329f8a2e6f->bc0bc980-c963-48ce-962e-85091c893131#6-t1, previous=(t:1, i:0), leaderCommit=0, initializing? false, entries: <empty>
2019-10-16 20:41:52,054 [EventQueue-StaleNodeForStaleNodeHandler] INFO  node.StaleNodeHandler (StaleNodeHandler.java:onMessage(58)) - Datanode d612b743-bedc-4c3f-983e-e3329f8a2e6f{ip: 192.168.157.254, host: pr-hdds-1868-qdb9g-714931517, networkLocation: /default-rack, certSerialId: null} moved to stale state. Finalizing its pipelines [PipelineID=36eb93fc-bcf8-4b0b-a0c0-ddd6bf56d535, PipelineID=888a940e-7763-41f4-8926-746ba78dfdb7]
2019-10-16 20:41:52,055 [EventQueue-StaleNodeForStaleNodeHandler] INFO  pipeline.SCMPipelineManager (SCMPipelineManager.java:finalizeAndDestroyPipeline(315)) - destroying pipeline:Pipeline[ Id: 36eb93fc-bcf8-4b0b-a0c0-ddd6bf56d535, Nodes: d612b743-bedc-4c3f-983e-e3329f8a2e6f{ip: 192.168.157.254, host: pr-hdds-1868-qdb9g-714931517, networkLocation: /default-rack, certSerialId: null}, Type:RATIS, Factor:ONE, State:OPEN]
2019-10-16 20:41:52,055 [EventQueue-StaleNodeForStaleNodeHandler] INFO  pipeline.PipelineStateManager (PipelineStateManager.java:finalizePipeline(123)) - Pipeline Pipeline[ Id: 36eb93fc-bcf8-4b0b-a0c0-ddd6bf56d535, Nodes: d612b743-bedc-4c3f-983e-e3329f8a2e6f{ip: 192.168.157.254, host: pr-hdds-1868-qdb9g-714931517, networkLocation: /default-rack, certSerialId: null}, Type:RATIS, Factor:ONE, State:CLOSED] moved to CLOSED state
2019-10-16 20:41:52,055 [EventQueue-StaleNodeForStaleNodeHandler] INFO  pipeline.SCMPipelineManager (SCMPipelineManager.java:finalizeAndDestroyPipeline(315)) - destroying pipeline:Pipeline[ Id: 888a940e-7763-41f4-8926-746ba78dfdb7, Nodes: 46069bd9-45fc-4c82-823c-36f07a1bcff0{ip: 192.168.157.254, host: pr-hdds-1868-qdb9g-714931517, networkLocation: /default-rack, certSerialId: null}bc0bc980-c963-48ce-962e-85091c893131{ip: 192.168.157.254, host: pr-hdds-1868-qdb9g-714931517, networkLocation: /default-rack, certSerialId: null}d612b743-bedc-4c3f-983e-e3329f8a2e6f{ip: 192.168.157.254, host: pr-hdds-1868-qdb9g-714931517, networkLocation: /default-rack, certSerialId: null}, Type:RATIS, Factor:THREE, State:CLOSED]
2019-10-16 20:41:52,098 [Thread-477] INFO  ozoneimpl.OzoneContainer (OzoneContainer.java:stop(227)) - Attempting to stop container services.
2019-10-16 20:41:52,098 [Thread-477] INFO  impl.RaftServerProxy (RaftServerProxy.java:lambda$close$4(314)) - d612b743-bedc-4c3f-983e-e3329f8a2e6f: close
2019-10-16 20:41:52,099 [Thread-477] INFO  impl.RaftServerImpl (RaftServerImpl.java:lambda$shutdown$3(261)) - d612b743-bedc-4c3f-983e-e3329f8a2e6f@group-DDD6BF56D535: shutdown
2019-10-16 20:41:52,099 [Thread-477] INFO  util.JmxRegister (JmxRegister.java:unregister(73)) - Successfully un-registered JMX Bean with object name Ratis:service=RaftServer,group=group-DDD6BF56D535,id=d612b743-bedc-4c3f-983e-e3329f8a2e6f
2019-10-16 20:41:52,099 [Thread-477] INFO  impl.RoleInfo (RoleInfo.java:shutdownLeaderState(104)) - d612b743-bedc-4c3f-983e-e3329f8a2e6f: shutdown LeaderState
2019-10-16 20:41:52,100 [Thread-477] INFO  impl.PendingRequests (PendingRequests.java:sendNotLeaderResponses(202)) - d612b743-bedc-4c3f-983e-e3329f8a2e6f@group-DDD6BF56D535-PendingRequests: sendNotLeaderResponses
2019-10-16 20:41:52,100 [Thread-477] INFO  impl.StateMachineUpdater (StateMachineUpdater.java:stopAndJoin(136)) - d612b743-bedc-4c3f-983e-e3329f8a2e6f@group-DDD6BF56D535-StateMachineUpdater: set stopIndex = 0
2019-10-16 20:41:52,101 [Thread-477] INFO  impl.RaftServerImpl (ServerState.java:close(388)) - d612b743-bedc-4c3f-983e-e3329f8a2e6f@group-DDD6BF56D535: closes. applyIndex: 0
2019-10-16 20:41:52,101 [d612b743-bedc-4c3f-983e-e3329f8a2e6f@group-DDD6BF56D535-SegmentedRaftLogWorker] INFO  segmented.SegmentedRaftLogWorker (SegmentedRaftLogWorker.java:run(316)) - d612b743-bedc-4c3f-983e-e3329f8a2e6f@group-DDD6BF56D535-SegmentedRaftLogWorker was interrupted, exiting. There are 0 tasks remaining in the queue.
2019-10-16 20:41:52,103 [Thread-477] INFO  segmented.SegmentedRaftLogWorker (SegmentedRaftLogWorker.java:close(224)) - d612b743-bedc-4c3f-983e-e3329f8a2e6f@group-DDD6BF56D535-SegmentedRaftLogWorker close()
2019-10-16 20:41:52,104 [Thread-477] INFO  impl.RaftServerImpl (RaftServerImpl.java:lambda$shutdown$3(261)) - d612b743-bedc-4c3f-983e-e3329f8a2e6f@group-746BA78DFDB7: shutdown
2019-10-16 20:41:52,105 [Thread-477] INFO  util.JmxRegister (JmxRegister.java:unregister(73)) - Successfully un-registered JMX Bean with object name Ratis:service=RaftServer,group=group-746BA78DFDB7,id=d612b743-bedc-4c3f-983e-e3329f8a2e6f
2019-10-16 20:41:52,105 [Thread-477] INFO  impl.RoleInfo (RoleInfo.java:shutdownLeaderState(104)) - d612b743-bedc-4c3f-983e-e3329f8a2e6f: shutdown LeaderState
2019-10-16 20:41:52,107 [org.apache.ratis.server.impl.LogAppender$AppenderDaemon$$Lambda$430/56808429@21304eb1] WARN  server.GrpcLogAppender (GrpcLogAppender.java:mayWait(149)) - d612b743-bedc-4c3f-983e-e3329f8a2e6f@group-746BA78DFDB7->46069bd9-45fc-4c82-823c-36f07a1bcff0-GrpcLogAppender: Wait interrupted by java.lang.InterruptedException
2019-10-16 20:41:52,107 [org.apache.ratis.server.impl.LogAppender$AppenderDaemon$$Lambda$430/56808429@10dba8ca] WARN  server.GrpcLogAppender (GrpcLogAppender.java:mayWait(149)) - d612b743-bedc-4c3f-983e-e3329f8a2e6f@group-746BA78DFDB7->bc0bc980-c963-48ce-962e-85091c893131-GrpcLogAppender: Wait interrupted by java.lang.InterruptedException
2019-10-16 20:41:52,107 [Thread-477] INFO  impl.PendingRequests (PendingRequests.java:sendNotLeaderResponses(202)) - d612b743-bedc-4c3f-983e-e3329f8a2e6f@group-746BA78DFDB7-PendingRequests: sendNotLeaderResponses
2019-10-16 20:41:52,107 [Thread-477] INFO  impl.StateMachineUpdater (StateMachineUpdater.java:stopAndJoin(136)) - d612b743-bedc-4c3f-983e-e3329f8a2e6f@group-746BA78DFDB7-StateMachineUpdater: set stopIndex = 0
2019-10-16 20:41:52,107 [Thread-477] INFO  impl.RaftServerImpl (ServerState.java:close(388)) - d612b743-bedc-4c3f-983e-e3329f8a2e6f@group-746BA78DFDB7: closes. applyIndex: 0
2019-10-16 20:41:52,108 [d612b743-bedc-4c3f-983e-e3329f8a2e6f@group-746BA78DFDB7-SegmentedRaftLogWorker] INFO  segmented.SegmentedRaftLogWorker (SegmentedRaftLogWorker.java:run(316)) - d612b743-bedc-4c3f-983e-e3329f8a2e6f@group-746BA78DFDB7-SegmentedRaftLogWorker was interrupted, exiting. There are 0 tasks remaining in the queue.
2019-10-16 20:41:52,109 [Thread-477] INFO  segmented.SegmentedRaftLogWorker (SegmentedRaftLogWorker.java:close(224)) - d612b743-bedc-4c3f-983e-e3329f8a2e6f@group-746BA78DFDB7-SegmentedRaftLogWorker close()
2019-10-16 20:41:52,111 [Thread-477] INFO  server.GrpcService (GrpcService.java:closeImpl(164)) - d612b743-bedc-4c3f-983e-e3329f8a2e6f: shutdown server with port 44523 now
2019-10-16 20:41:52,113 [Thread-477] INFO  server.GrpcService (GrpcService.java:closeImpl(172)) - d612b743-bedc-4c3f-983e-e3329f8a2e6f: shutdown server with port 44523 successfully
2019-10-16 20:41:52,115 [refreshUsed-/workdir/hadoop-ozone/integration-test/target/test-dir/MiniOzoneClusterImpl-d661fb9f-1fa9-4d83-aa41-108be3044330/datanode-2/data/containers] WARN  fs.CachingGetSpaceUsed (CachingGetSpaceUsed.java:run(183)) - Thread Interrupted waiting to refresh disk information: sleep interrupted
2019-10-16 20:41:52,135 [Thread-477] INFO  utils.BackgroundService (BackgroundService.java:shutdown(151)) - Shutting down service BlockDeletingService
2019-10-16 20:41:52,137 [Thread-477] INFO  statemachine.DatanodeStateMachine (DatanodeStateMachine.java:stopDaemon(395)) - Ozone container server stopped.
2019-10-16 20:41:52,138 [Thread-477] INFO  handler.ContextHandler (ContextHandler.java:doStop(910)) - Stopped o.e.j.w.WebAppContext@5c9ea629{/,null,UNAVAILABLE}{/hddsDatanode}
2019-10-16 20:41:52,139 [Thread-477] INFO  server.AbstractConnector (AbstractConnector.java:doStop(318)) - Stopped ServerConnector@47922ebc{HTTP/1.1,[http/1.1]}{0.0.0.0:0}
2019-10-16 20:41:52,139 [Thread-477] INFO  handler.ContextHandler (ContextHandler.java:doStop(910)) - Stopped o.e.j.s.ServletContextHandler@5734522a{/static,jar:file:/home/user/.m2/repository/org/apache/hadoop/hadoop-hdds-container-service/0.5.0-SNAPSHOT/hadoop-hdds-container-service-0.5.0-SNAPSHOT.jar!/webapps/static,UNAVAILABLE}
2019-10-16 20:41:52,139 [Thread-477] INFO  handler.ContextHandler (ContextHandler.java:doStop(910)) - Stopped o.e.j.s.ServletContextHandler@458e3210{/logs,file:///workdir/hadoop-ozone/integration-test/target/log,UNAVAILABLE}
2019-10-16 20:41:52,143 [Thread-477] INFO  impl.MetricsSystemImpl (MetricsSystemImpl.java:init(158)) - HddsDatanode metrics system started (again)
2019-10-16 20:41:52,187 [Thread-477] INFO  ozone.HddsDatanodeService (HddsDatanodeService.java:start(184)) - HddsDatanodeService host:pr-hdds-1868-qdb9g-714931517 ip:192.168.157.254
2019-10-16 20:41:52,208 [Thread-477] INFO  volume.VolumeUsage (VolumeUsage.java:loadScmUsed(144)) - Cached ScmUsed found for /workdir/hadoop-ozone/integration-test/target/test-dir/MiniOzoneClusterImpl-d661fb9f-1fa9-4d83-aa41-108be3044330/datanode-0/data/containers : 4096 
2019-10-16 20:41:52,208 [Thread-477] INFO  volume.HddsVolume (HddsVolume.java:<init>(176)) - Creating Volume: /workdir/hadoop-ozone/integration-test/target/test-dir/MiniOzoneClusterImpl-d661fb9f-1fa9-4d83-aa41-108be3044330/datanode-0/data/containers/hdds of  storage type : DISK and capacity : 1482555576320
2019-10-16 20:41:52,209 [Thread-477] INFO  volume.VolumeSet (VolumeSet.java:initializeVolumeSet(170)) - Added Volume : /workdir/hadoop-ozone/integration-test/target/test-dir/MiniOzoneClusterImpl-d661fb9f-1fa9-4d83-aa41-108be3044330/datanode-0/data/containers/hdds to VolumeSet
2019-10-16 20:41:52,209 [Thread-477] INFO  volume.ThrottledAsyncChecker (ThrottledAsyncChecker.java:schedule(141)) - Scheduling a check for /workdir/hadoop-ozone/integration-test/target/test-dir/MiniOzoneClusterImpl-d661fb9f-1fa9-4d83-aa41-108be3044330/datanode-0/data/containers/hdds
2019-10-16 20:41:52,209 [Thread-477] INFO  volume.HddsVolumeChecker (HddsVolumeChecker.java:checkAllVolumes(204)) - Scheduled health check for volume /workdir/hadoop-ozone/integration-test/target/test-dir/MiniOzoneClusterImpl-d661fb9f-1fa9-4d83-aa41-108be3044330/datanode-0/data/containers/hdds
2019-10-16 20:41:52,229 [Thread-477] INFO  impl.RaftServerProxy (ConfUtils.java:logGet(43)) - raft.rpc.type = GRPC (default)
2019-10-16 20:41:52,229 [Thread-477] INFO  grpc.GrpcFactory (GrpcFactory.java:checkPooledByteBufAllocatorUseCacheForAllThreads(45)) - PERFORMANCE WARNING: useCacheForAllThreads is true that may cause Netty to create a lot garbage objects and, as a result, trigger GC.
	It is recommended to disable useCacheForAllThreads by setting -Dorg.apache.ratis.thirdparty.io.netty.allocator.useCacheForAllThreads=false in command line.
2019-10-16 20:41:52,229 [Thread-477] INFO  grpc.GrpcConfigKeys$Server (ConfUtils.java:logGet(43)) - raft.grpc.server.port = 34001 (custom)
2019-10-16 20:41:52,229 [Thread-477] INFO  server.GrpcService (ConfUtils.java:logGet(43)) - raft.grpc.message.size.max = 33570816 (custom)
2019-10-16 20:41:52,229 [Thread-477] INFO  server.RaftServerConfigKeys (ConfUtils.java:logGet(43)) - raft.server.log.appender.buffer.byte-limit = 33554432 (custom)
2019-10-16 20:41:52,230 [Thread-477] INFO  server.GrpcService (ConfUtils.java:logGet(43)) - raft.grpc.flow.control.window = 1MB (=1048576) (default)
2019-10-16 20:41:52,230 [Thread-477] INFO  server.RaftServerConfigKeys (ConfUtils.java:logGet(43)) - raft.server.rpc.request.timeout = 3000ms (default)
2019-10-16 20:41:52,230 [Thread-477] INFO  server.RaftServerConfigKeys (ConfUtils.java:logGet(43)) - raft.server.storage.dir = [/workdir/hadoop-ozone/integration-test/target/test-dir/MiniOzoneClusterImpl-d661fb9f-1fa9-4d83-aa41-108be3044330/datanode-0/data/ratis] (custom)
2019-10-16 20:41:52,231 [Thread-477] INFO  impl.RaftServerProxy (RaftServerProxy.java:lambda$null$0(191)) - 46069bd9-45fc-4c82-823c-36f07a1bcff0: found a subdirectory /workdir/hadoop-ozone/integration-test/target/test-dir/MiniOzoneClusterImpl-d661fb9f-1fa9-4d83-aa41-108be3044330/datanode-0/data/ratis/888a940e-7763-41f4-8926-746ba78dfdb7
2019-10-16 20:41:52,232 [Thread-477] INFO  impl.RaftServerProxy (RaftServerProxy.java:addNew(89)) - 46069bd9-45fc-4c82-823c-36f07a1bcff0: addNew group-746BA78DFDB7:[] returns group-746BA78DFDB7:java.util.concurrent.CompletableFuture@5176d33c[Not completed]
2019-10-16 20:41:52,232 [Thread-477] INFO  impl.RaftServerProxy (RaftServerProxy.java:lambda$null$0(191)) - 46069bd9-45fc-4c82-823c-36f07a1bcff0: found a subdirectory /workdir/hadoop-ozone/integration-test/target/test-dir/MiniOzoneClusterImpl-d661fb9f-1fa9-4d83-aa41-108be3044330/datanode-0/data/ratis/be16f341-41b2-4563-8bb2-edf575672a97
2019-10-16 20:41:52,232 [Thread-477] INFO  impl.RaftServerProxy (RaftServerProxy.java:addNew(89)) - 46069bd9-45fc-4c82-823c-36f07a1bcff0: addNew group-EDF575672A97:[] returns group-EDF575672A97:java.util.concurrent.CompletableFuture@5aa9c0f4[Not completed]
2019-10-16 20:41:52,235 [Thread-477] INFO  hdfs.DFSUtil (DFSUtil.java:httpServerTemplateForNNAndJN(1641)) - Starting Web-server for hddsDatanode at: http://0.0.0.0:41305
2019-10-16 20:41:52,235 [pool-139-thread-1] INFO  impl.RaftServerImpl (RaftServerImpl.java:<init>(104)) - 46069bd9-45fc-4c82-823c-36f07a1bcff0: new RaftServerImpl for group-746BA78DFDB7:[] with ContainerStateMachine:uninitialized
2019-10-16 20:41:52,236 [pool-139-thread-1] INFO  server.RaftServerConfigKeys (ConfUtils.java:logGet(43)) - raft.server.rpc.timeout.min = 5s (custom)
2019-10-16 20:41:52,236 [pool-139-thread-1] INFO  server.RaftServerConfigKeys (ConfUtils.java:logGet(43)) - raft.server.rpc.timeout.max = 5200ms (custom)
2019-10-16 20:41:52,236 [pool-139-thread-1] INFO  server.RaftServerConfigKeys (ConfUtils.java:logGet(43)) - raft.server.rpcslowness.timeout = 120s (custom)
2019-10-16 20:41:52,237 [pool-139-thread-1] INFO  server.RaftServerConfigKeys (ConfUtils.java:logGet(43)) - raft.server.sleep.deviation.threshold = 300 (default)
2019-10-16 20:41:52,237 [pool-139-thread-1] INFO  server.RaftServerConfigKeys (ConfUtils.java:logGet(43)) - raft.server.log.appender.install.snapshot.enabled = false (custom)
2019-10-16 20:41:52,237 [pool-139-thread-1] INFO  impl.RaftServerImpl (ServerState.java:<init>(103)) - 46069bd9-45fc-4c82-823c-36f07a1bcff0@group-746BA78DFDB7: ConfigurationManager, init=-1: [], old=null, confs=<EMPTY_MAP>
2019-10-16 20:41:52,237 [Thread-477] INFO  server.AuthenticationFilter (AuthenticationFilter.java:constructSecretProvider(240)) - Unable to initialize FileSignerSecretProvider, falling back to use random secrets.
2019-10-16 20:41:52,237 [pool-139-thread-1] INFO  server.RaftServerConfigKeys (ConfUtils.java:logGet(43)) - raft.server.storage.dir = [/workdir/hadoop-ozone/integration-test/target/test-dir/MiniOzoneClusterImpl-d661fb9f-1fa9-4d83-aa41-108be3044330/datanode-0/data/ratis] (custom)
2019-10-16 20:41:52,238 [Thread-477] WARN  http.HttpRequestLog (HttpRequestLog.java:getRequestLog(97)) - Jetty request log can only be enabled using Log4j
2019-10-16 20:41:52,238 [pool-139-thread-1] INFO  server.RaftServerConfigKeys (ConfUtils.java:logGet(43)) - raft.server.log.corruption.policy = EXCEPTION (default)
2019-10-16 20:41:52,239 [Thread-477] INFO  http.HttpServer2 (HttpServer2.java:addGlobalFilter(975)) - Added global filter 'safety' (class=org.apache.hadoop.http.HttpServer2$QuotingInputFilter)
2019-10-16 20:41:52,240 [Thread-477] INFO  http.HttpServer2 (HttpServer2.java:addFilter(948)) - Added filter static_user_filter (class=org.apache.hadoop.http.lib.StaticUserWebFilter$StaticUserFilter) to context hddsDatanode
2019-10-16 20:41:52,240 [Thread-477] INFO  http.HttpServer2 (HttpServer2.java:addFilter(958)) - Added filter static_user_filter (class=org.apache.hadoop.http.lib.StaticUserWebFilter$StaticUserFilter) to context static
2019-10-16 20:41:52,240 [Thread-477] INFO  http.HttpServer2 (HttpServer2.java:addFilter(958)) - Added filter static_user_filter (class=org.apache.hadoop.http.lib.StaticUserWebFilter$StaticUserFilter) to context logs
2019-10-16 20:41:52,241 [Thread-477] INFO  http.HttpServer2 (HttpServer2.java:bindListener(1191)) - Jetty bound to port 41305
2019-10-16 20:41:52,241 [Thread-477] INFO  server.Server (Server.java:doStart(351)) - jetty-9.3.25.v20180904, build timestamp: 2018-09-04T21:11:46Z, git hash: 3ce520221d0240229c862b122d2b06c12a625732
2019-10-16 20:41:52,243 [Thread-477] INFO  handler.ContextHandler (ContextHandler.java:doStart(781)) - Started o.e.j.s.ServletContextHandler@3d7aadb{/logs,file:///workdir/hadoop-ozone/integration-test/target/log,AVAILABLE}
2019-10-16 20:41:52,243 [Thread-477] INFO  handler.ContextHandler (ContextHandler.java:doStart(781)) - Started o.e.j.s.ServletContextHandler@41bdede7{/static,jar:file:/home/user/.m2/repository/org/apache/hadoop/hadoop-hdds-container-service/0.5.0-SNAPSHOT/hadoop-hdds-container-service-0.5.0-SNAPSHOT.jar!/webapps/static,AVAILABLE}
2019-10-16 20:41:52,274 [Thread-477] INFO  handler.ContextHandler (ContextHandler.java:doStart(781)) - Started o.e.j.w.WebAppContext@67b3adc4{/,file:///tmp/jetty-0.0.0.0-41305-hddsDatanode-_-any-3969126279711798180.dir/webapp/,AVAILABLE}{/hddsDatanode}
2019-10-16 20:41:52,274 [pool-139-thread-1] INFO  storage.RaftStorageDirectory (RaftStorageDirectory.java:tryLock(328)) - Lock on /workdir/hadoop-ozone/integration-test/target/test-dir/MiniOzoneClusterImpl-d661fb9f-1fa9-4d83-aa41-108be3044330/datanode-0/data/ratis/888a940e-7763-41f4-8926-746ba78dfdb7/in_use.lock acquired by nodename 8368@pr-hdds-1868-qdb9g-714931517
2019-10-16 20:41:52,274 [Thread-477] INFO  server.AbstractConnector (AbstractConnector.java:doStart(278)) - Started ServerConnector@5f585035{HTTP/1.1,[http/1.1]}{0.0.0.0:41305}
2019-10-16 20:41:52,275 [Thread-477] INFO  server.Server (Server.java:doStart(419)) - Started @50901ms
2019-10-16 20:41:52,275 [Thread-477] WARN  impl.MetricsSystemImpl (MetricsSystemImpl.java:register(276)) - Sink prometheus already exists!
2019-10-16 20:41:52,276 [Thread-477] INFO  server.BaseHttpServer (BaseHttpServer.java:updateConnectorAddress(215)) - HTTP server of HDDSDATANODE is listening at http://0.0.0.0:41305
2019-10-16 20:41:52,277 [pool-139-thread-1] INFO  ratis.ContainerStateMachine (ContainerStateMachine.java:loadSnapshot(233)) - group-746BA78DFDB7: The snapshot info is null. Setting the last applied indexto:(t:0, i:~)
2019-10-16 20:41:52,278 [pool-139-thread-1] INFO  server.RaftServerConfigKeys (ConfUtils.java:logGet(43)) - raft.server.notification.no-leader.timeout = 120s (custom)
2019-10-16 20:41:52,278 [pool-139-thread-1] INFO  server.RaftServerConfigKeys (ConfUtils.java:logGet(43)) - raft.server.log.use.memory = false (default)
2019-10-16 20:41:52,278 [pool-139-thread-1] INFO  server.RaftServerConfigKeys (ConfUtils.java:logGet(43)) - raft.server.log.purge.gap = 1000000 (custom)
2019-10-16 20:41:52,278 [org.apache.hadoop.util.JvmPauseMonitor$Monitor@5d8de1ea] INFO  util.JvmPauseMonitor (JvmPauseMonitor.java:run(188)) - Starting JVM pause monitor
2019-10-16 20:41:52,279 [pool-139-thread-1] INFO  server.RaftServerConfigKeys (ConfUtils.java:logGet(43)) - raft.server.log.appender.buffer.byte-limit = 33554432 (custom)
2019-10-16 20:41:52,279 [Thread-477] INFO  impl.MetricsSystemImpl (MetricsSystemImpl.java:init(158)) - HddsDatanode metrics system started (again)
2019-10-16 20:41:52,279 [pool-139-thread-1] INFO  server.RaftServerConfigKeys (ConfUtils.java:logGet(43)) - raft.server.log.segment.size.max = 1048576 (custom)
2019-10-16 20:41:52,279 [pool-139-thread-1] INFO  server.RaftServerConfigKeys (ConfUtils.java:logGet(43)) - raft.server.log.segment.cache.num.max = 2 (custom)
2019-10-16 20:41:52,279 [pool-139-thread-1] INFO  segmented.SegmentedRaftLogWorker (SegmentedRaftLogWorker.java:<init>(173)) - new 46069bd9-45fc-4c82-823c-36f07a1bcff0@group-746BA78DFDB7-SegmentedRaftLogWorker for RaftStorage:Storage Directory /workdir/hadoop-ozone/integration-test/target/test-dir/MiniOzoneClusterImpl-d661fb9f-1fa9-4d83-aa41-108be3044330/datanode-0/data/ratis/888a940e-7763-41f4-8926-746ba78dfdb7
2019-10-16 20:41:52,279 [pool-139-thread-1] INFO  server.RaftServerConfigKeys (ConfUtils.java:logGet(43)) - raft.server.log.queue.byte-limit = 2147483647 (custom)
2019-10-16 20:41:52,280 [pool-139-thread-1] INFO  server.RaftServerConfigKeys (ConfUtils.java:logGet(43)) - raft.server.log.queue.element-limit = 1024 (custom)
2019-10-16 20:41:52,280 [pool-139-thread-1] INFO  server.RaftServerConfigKeys (ConfUtils.java:logGet(43)) - raft.server.log.segment.size.max = 1048576 (custom)
2019-10-16 20:41:52,280 [pool-139-thread-1] INFO  server.RaftServerConfigKeys (ConfUtils.java:logGet(43)) - raft.server.log.preallocated.size = 16384 (custom)
2019-10-16 20:41:52,280 [pool-139-thread-1] INFO  server.RaftServerConfigKeys (ConfUtils.java:logGet(43)) - raft.server.log.write.buffer.size = 33554432 (custom)
2019-10-16 20:41:52,280 [pool-139-thread-1] INFO  server.RaftServerConfigKeys (ConfUtils.java:logGet(43)) - raft.server.log.force.sync.num = 128 (default)
2019-10-16 20:41:52,280 [pool-139-thread-1] INFO  server.RaftServerConfigKeys (ConfUtils.java:logGet(43)) - raft.server.log.statemachine.data.sync = true (default)
2019-10-16 20:41:52,280 [pool-139-thread-1] INFO  server.RaftServerConfigKeys (ConfUtils.java:logGet(43)) - raft.server.log.statemachine.data.sync.timeout = 10s (default)
2019-10-16 20:41:52,281 [pool-139-thread-1] INFO  server.RaftServerConfigKeys (ConfUtils.java:logGet(43)) - raft.server.log.statemachine.data.sync.timeout.retry = -1 (default)
2019-10-16 20:41:52,281 [pool-139-thread-1] INFO  server.RaftServerConfigKeys (ConfUtils.java:logGet(43)) - raft.server.log.statemachine.data.caching.enabled = true (custom)
2019-10-16 20:41:52,283 [Thread-477] INFO  ozone.HddsDatanodeService (HddsDatanodeService.java:start(184)) - HddsDatanodeService host:pr-hdds-1868-qdb9g-714931517 ip:192.168.157.254
2019-10-16 20:41:52,285 [Thread-477] INFO  volume.VolumeUsage (VolumeUsage.java:loadScmUsed(144)) - Cached ScmUsed found for /workdir/hadoop-ozone/integration-test/target/test-dir/MiniOzoneClusterImpl-d661fb9f-1fa9-4d83-aa41-108be3044330/datanode-1/data/containers : 4096 
2019-10-16 20:41:52,286 [Thread-477] INFO  volume.HddsVolume (HddsVolume.java:<init>(176)) - Creating Volume: /workdir/hadoop-ozone/integration-test/target/test-dir/MiniOzoneClusterImpl-d661fb9f-1fa9-4d83-aa41-108be3044330/datanode-1/data/containers/hdds of  storage type : DISK and capacity : 1482555576320
2019-10-16 20:41:52,286 [Thread-477] INFO  volume.VolumeSet (VolumeSet.java:initializeVolumeSet(170)) - Added Volume : /workdir/hadoop-ozone/integration-test/target/test-dir/MiniOzoneClusterImpl-d661fb9f-1fa9-4d83-aa41-108be3044330/datanode-1/data/containers/hdds to VolumeSet
2019-10-16 20:41:52,286 [Thread-477] INFO  volume.ThrottledAsyncChecker (ThrottledAsyncChecker.java:schedule(141)) - Scheduling a check for /workdir/hadoop-ozone/integration-test/target/test-dir/MiniOzoneClusterImpl-d661fb9f-1fa9-4d83-aa41-108be3044330/datanode-1/data/containers/hdds
2019-10-16 20:41:52,287 [Thread-477] INFO  volume.HddsVolumeChecker (HddsVolumeChecker.java:checkAllVolumes(204)) - Scheduled health check for volume /workdir/hadoop-ozone/integration-test/target/test-dir/MiniOzoneClusterImpl-d661fb9f-1fa9-4d83-aa41-108be3044330/datanode-1/data/containers/hdds
2019-10-16 20:41:52,291 [pool-139-thread-1] INFO  impl.RaftServerImpl (ServerState.java:setRaftConf(357)) - 46069bd9-45fc-4c82-823c-36f07a1bcff0@group-746BA78DFDB7: set configuration 0: [46069bd9-45fc-4c82-823c-36f07a1bcff0:192.168.157.254:34001, bc0bc980-c963-48ce-962e-85091c893131:192.168.157.254:46787, d612b743-bedc-4c3f-983e-e3329f8a2e6f:192.168.157.254:44523], old=null at 0
2019-10-16 20:41:52,292 [pool-139-thread-1] INFO  segmented.LogSegment (LogSegment.java:loadSegment(140)) - Successfully read 1 entries from segment file /workdir/hadoop-ozone/integration-test/target/test-dir/MiniOzoneClusterImpl-d661fb9f-1fa9-4d83-aa41-108be3044330/datanode-0/data/ratis/888a940e-7763-41f4-8926-746ba78dfdb7/current/log_inprogress_0
2019-10-16 20:41:52,292 [pool-139-thread-1] INFO  segmented.SegmentedRaftLogWorker (SegmentedRaftLogWorker.java:lambda$new$0(128)) - 46069bd9-45fc-4c82-823c-36f07a1bcff0@group-746BA78DFDB7-SegmentedRaftLogWorker: flushIndex: setUnconditionally 0 -> 0
2019-10-16 20:41:52,303 [Thread-477] INFO  impl.RaftServerProxy (ConfUtils.java:logGet(43)) - raft.rpc.type = GRPC (default)
2019-10-16 20:41:52,303 [Thread-477] INFO  grpc.GrpcFactory (GrpcFactory.java:checkPooledByteBufAllocatorUseCacheForAllThreads(45)) - PERFORMANCE WARNING: useCacheForAllThreads is true that may cause Netty to create a lot garbage objects and, as a result, trigger GC.
	It is recommended to disable useCacheForAllThreads by setting -Dorg.apache.ratis.thirdparty.io.netty.allocator.useCacheForAllThreads=false in command line.
2019-10-16 20:41:52,303 [Thread-477] INFO  grpc.GrpcConfigKeys$Server (ConfUtils.java:logGet(43)) - raft.grpc.server.port = 46787 (custom)
2019-10-16 20:41:52,303 [Thread-477] INFO  server.GrpcService (ConfUtils.java:logGet(43)) - raft.grpc.message.size.max = 33570816 (custom)
2019-10-16 20:41:52,303 [Thread-477] INFO  server.RaftServerConfigKeys (ConfUtils.java:logGet(43)) - raft.server.log.appender.buffer.byte-limit = 33554432 (custom)
2019-10-16 20:41:52,303 [Thread-477] INFO  server.GrpcService (ConfUtils.java:logGet(43)) - raft.grpc.flow.control.window = 1MB (=1048576) (default)
2019-10-16 20:41:52,303 [Thread-477] INFO  server.RaftServerConfigKeys (ConfUtils.java:logGet(43)) - raft.server.rpc.request.timeout = 3000ms (default)
2019-10-16 20:41:52,304 [Thread-477] INFO  server.RaftServerConfigKeys (ConfUtils.java:logGet(43)) - raft.server.storage.dir = [/workdir/hadoop-ozone/integration-test/target/test-dir/MiniOzoneClusterImpl-d661fb9f-1fa9-4d83-aa41-108be3044330/datanode-1/data/ratis] (custom)
2019-10-16 20:41:52,304 [Thread-477] INFO  impl.RaftServerProxy (RaftServerProxy.java:lambda$null$0(191)) - bc0bc980-c963-48ce-962e-85091c893131: found a subdirectory /workdir/hadoop-ozone/integration-test/target/test-dir/MiniOzoneClusterImpl-d661fb9f-1fa9-4d83-aa41-108be3044330/datanode-1/data/ratis/888a940e-7763-41f4-8926-746ba78dfdb7
2019-10-16 20:41:52,305 [Thread-477] INFO  impl.RaftServerProxy (RaftServerProxy.java:addNew(89)) - bc0bc980-c963-48ce-962e-85091c893131: addNew group-746BA78DFDB7:[] returns group-746BA78DFDB7:java.util.concurrent.CompletableFuture@35cb1e94[Not completed]
2019-10-16 20:41:52,305 [Thread-477] INFO  impl.RaftServerProxy (RaftServerProxy.java:lambda$null$0(191)) - bc0bc980-c963-48ce-962e-85091c893131: found a subdirectory /workdir/hadoop-ozone/integration-test/target/test-dir/MiniOzoneClusterImpl-d661fb9f-1fa9-4d83-aa41-108be3044330/datanode-1/data/ratis/6b472680-a40c-41ab-8cc4-1056dbf44000
2019-10-16 20:41:52,305 [Thread-477] INFO  impl.RaftServerProxy (RaftServerProxy.java:addNew(89)) - bc0bc980-c963-48ce-962e-85091c893131: addNew group-1056DBF44000:[] returns group-1056DBF44000:java.util.concurrent.CompletableFuture@3d884f5a[Not completed]
2019-10-16 20:41:52,322 [Thread-477] INFO  hdfs.DFSUtil (DFSUtil.java:httpServerTemplateForNNAndJN(1641)) - Starting Web-server for hddsDatanode at: http://0.0.0.0:35026
2019-10-16 20:41:52,322 [pool-149-thread-1] INFO  impl.RaftServerImpl (RaftServerImpl.java:<init>(104)) - bc0bc980-c963-48ce-962e-85091c893131: new RaftServerImpl for group-746BA78DFDB7:[] with ContainerStateMachine:uninitialized
2019-10-16 20:41:52,322 [pool-139-thread-1] INFO  server.RaftServerConfigKeys (ConfUtils.java:logGet(43)) - raft.server.snapshot.auto.trigger.enabled = true (custom)
2019-10-16 20:41:52,323 [pool-149-thread-1] INFO  server.RaftServerConfigKeys (ConfUtils.java:logGet(43)) - raft.server.rpc.timeout.min = 5s (custom)
2019-10-16 20:41:52,323 [pool-139-thread-1] INFO  server.RaftServerConfigKeys (ConfUtils.java:logGet(43)) - raft.server.snapshot.auto.trigger.threshold = 10000 (custom)
2019-10-16 20:41:52,324 [Thread-477] INFO  server.AuthenticationFilter (AuthenticationFilter.java:constructSecretProvider(240)) - Unable to initialize FileSignerSecretProvider, falling back to use random secrets.
2019-10-16 20:41:52,323 [pool-149-thread-1] INFO  server.RaftServerConfigKeys (ConfUtils.java:logGet(43)) - raft.server.rpc.timeout.max = 5200ms (custom)
2019-10-16 20:41:52,324 [pool-139-thread-1] INFO  server.RaftServerConfigKeys (ConfUtils.java:logGet(43)) - raft.server.snapshot.retention.file.num = 5 (custom)
2019-10-16 20:41:52,325 [pool-149-thread-1] INFO  server.RaftServerConfigKeys (ConfUtils.java:logGet(43)) - raft.server.rpcslowness.timeout = 120s (custom)
2019-10-16 20:41:52,325 [Thread-477] WARN  http.HttpRequestLog (HttpRequestLog.java:getRequestLog(97)) - Jetty request log can only be enabled using Log4j
2019-10-16 20:41:52,325 [pool-139-thread-1] INFO  server.RaftServerConfigKeys (ConfUtils.java:logGet(43)) - raft.server.retrycache.expirytime = 600000ms (custom)
2019-10-16 20:41:52,325 [pool-149-thread-1] INFO  server.RaftServerConfigKeys (ConfUtils.java:logGet(43)) - raft.server.sleep.deviation.threshold = 300 (default)
2019-10-16 20:41:52,325 [pool-149-thread-1] INFO  server.RaftServerConfigKeys (ConfUtils.java:logGet(43)) - raft.server.log.appender.install.snapshot.enabled = false (custom)
2019-10-16 20:41:52,325 [pool-149-thread-1] INFO  impl.RaftServerImpl (ServerState.java:<init>(103)) - bc0bc980-c963-48ce-962e-85091c893131@group-746BA78DFDB7: ConfigurationManager, init=-1: [], old=null, confs=<EMPTY_MAP>
2019-10-16 20:41:52,326 [pool-149-thread-1] INFO  server.RaftServerConfigKeys (ConfUtils.java:logGet(43)) - raft.server.storage.dir = [/workdir/hadoop-ozone/integration-test/target/test-dir/MiniOzoneClusterImpl-d661fb9f-1fa9-4d83-aa41-108be3044330/datanode-1/data/ratis] (custom)
2019-10-16 20:41:52,326 [pool-149-thread-1] INFO  server.RaftServerConfigKeys (ConfUtils.java:logGet(43)) - raft.server.log.corruption.policy = EXCEPTION (default)
2019-10-16 20:41:52,326 [Thread-477] INFO  http.HttpServer2 (HttpServer2.java:addGlobalFilter(975)) - Added global filter 'safety' (class=org.apache.hadoop.http.HttpServer2$QuotingInputFilter)
2019-10-16 20:41:52,327 [pool-139-thread-1] INFO  impl.RaftServerImpl (RaftServerImpl.java:<init>(104)) - 46069bd9-45fc-4c82-823c-36f07a1bcff0: new RaftServerImpl for group-EDF575672A97:[] with ContainerStateMachine:uninitialized
2019-10-16 20:41:52,327 [pool-139-thread-1] INFO  server.RaftServerConfigKeys (ConfUtils.java:logGet(43)) - raft.server.rpc.timeout.min = 5s (custom)
2019-10-16 20:41:52,327 [pool-139-thread-1] INFO  server.RaftServerConfigKeys (ConfUtils.java:logGet(43)) - raft.server.rpc.timeout.max = 5200ms (custom)
2019-10-16 20:41:52,327 [pool-139-thread-1] INFO  server.RaftServerConfigKeys (ConfUtils.java:logGet(43)) - raft.server.rpcslowness.timeout = 120s (custom)
2019-10-16 20:41:52,327 [pool-139-thread-1] INFO  server.RaftServerConfigKeys (ConfUtils.java:logGet(43)) - raft.server.sleep.deviation.threshold = 300 (default)
2019-10-16 20:41:52,327 [Thread-477] INFO  http.HttpServer2 (HttpServer2.java:addFilter(948)) - Added filter static_user_filter (class=org.apache.hadoop.http.lib.StaticUserWebFilter$StaticUserFilter) to context hddsDatanode
2019-10-16 20:41:52,327 [pool-139-thread-1] INFO  server.RaftServerConfigKeys (ConfUtils.java:logGet(43)) - raft.server.log.appender.install.snapshot.enabled = false (custom)
2019-10-16 20:41:52,327 [Thread-477] INFO  http.HttpServer2 (HttpServer2.java:addFilter(958)) - Added filter static_user_filter (class=org.apache.hadoop.http.lib.StaticUserWebFilter$StaticUserFilter) to context logs
2019-10-16 20:41:52,328 [pool-139-thread-1] INFO  impl.RaftServerImpl (ServerState.java:<init>(103)) - 46069bd9-45fc-4c82-823c-36f07a1bcff0@group-EDF575672A97: ConfigurationManager, init=-1: [], old=null, confs=<EMPTY_MAP>
2019-10-16 20:41:52,328 [Thread-477] INFO  http.HttpServer2 (HttpServer2.java:addFilter(958)) - Added filter static_user_filter (class=org.apache.hadoop.http.lib.StaticUserWebFilter$StaticUserFilter) to context static
2019-10-16 20:41:52,328 [pool-139-thread-1] INFO  server.RaftServerConfigKeys (ConfUtils.java:logGet(43)) - raft.server.storage.dir = [/workdir/hadoop-ozone/integration-test/target/test-dir/MiniOzoneClusterImpl-d661fb9f-1fa9-4d83-aa41-108be3044330/datanode-0/data/ratis] (custom)
2019-10-16 20:41:52,328 [pool-139-thread-1] INFO  server.RaftServerConfigKeys (ConfUtils.java:logGet(43)) - raft.server.log.corruption.policy = EXCEPTION (default)
2019-10-16 20:41:52,329 [Thread-477] INFO  http.HttpServer2 (HttpServer2.java:bindListener(1191)) - Jetty bound to port 35026
2019-10-16 20:41:52,329 [Thread-477] INFO  server.Server (Server.java:doStart(351)) - jetty-9.3.25.v20180904, build timestamp: 2018-09-04T21:11:46Z, git hash: 3ce520221d0240229c862b122d2b06c12a625732
2019-10-16 20:41:52,330 [Thread-477] INFO  handler.ContextHandler (ContextHandler.java:doStart(781)) - Started o.e.j.s.ServletContextHandler@6c2216b3{/logs,file:///workdir/hadoop-ozone/integration-test/target/log,AVAILABLE}
2019-10-16 20:41:52,331 [Thread-477] INFO  handler.ContextHandler (ContextHandler.java:doStart(781)) - Started o.e.j.s.ServletContextHandler@7813f2ac{/static,jar:file:/home/user/.m2/repository/org/apache/hadoop/hadoop-hdds-container-service/0.5.0-SNAPSHOT/hadoop-hdds-container-service-0.5.0-SNAPSHOT.jar!/webapps/static,AVAILABLE}
2019-10-16 20:41:52,341 [pool-149-thread-1] INFO  storage.RaftStorageDirectory (RaftStorageDirectory.java:tryLock(328)) - Lock on /workdir/hadoop-ozone/integration-test/target/test-dir/MiniOzoneClusterImpl-d661fb9f-1fa9-4d83-aa41-108be3044330/datanode-1/data/ratis/888a940e-7763-41f4-8926-746ba78dfdb7/in_use.lock acquired by nodename 8368@pr-hdds-1868-qdb9g-714931517
2019-10-16 20:41:52,341 [pool-139-thread-1] INFO  storage.RaftStorageDirectory (RaftStorageDirectory.java:tryLock(328)) - Lock on /workdir/hadoop-ozone/integration-test/target/test-dir/MiniOzoneClusterImpl-d661fb9f-1fa9-4d83-aa41-108be3044330/datanode-0/data/ratis/be16f341-41b2-4563-8bb2-edf575672a97/in_use.lock acquired by nodename 8368@pr-hdds-1868-qdb9g-714931517
2019-10-16 20:41:52,342 [pool-139-thread-1] INFO  ratis.ContainerStateMachine (ContainerStateMachine.java:loadSnapshot(233)) - group-EDF575672A97: The snapshot info is null. Setting the last applied indexto:(t:0, i:~)
2019-10-16 20:41:52,342 [pool-149-thread-1] INFO  ratis.ContainerStateMachine (ContainerStateMachine.java:loadSnapshot(233)) - group-746BA78DFDB7: The snapshot info is null. Setting the last applied indexto:(t:0, i:~)
2019-10-16 20:41:52,342 [pool-139-thread-1] INFO  server.RaftServerConfigKeys (ConfUtils.java:logGet(43)) - raft.server.notification.no-leader.timeout = 120s (custom)
2019-10-16 20:41:52,342 [pool-139-thread-1] INFO  server.RaftServerConfigKeys (ConfUtils.java:logGet(43)) - raft.server.log.use.memory = false (default)
2019-10-16 20:41:52,342 [pool-149-thread-1] INFO  server.RaftServerConfigKeys (ConfUtils.java:logGet(43)) - raft.server.notification.no-leader.timeout = 120s (custom)
2019-10-16 20:41:52,342 [pool-139-thread-1] INFO  server.RaftServerConfigKeys (ConfUtils.java:logGet(43)) - raft.server.log.purge.gap = 1000000 (custom)
2019-10-16 20:41:52,342 [pool-149-thread-1] INFO  server.RaftServerConfigKeys (ConfUtils.java:logGet(43)) - raft.server.log.use.memory = false (default)
2019-10-16 20:41:52,342 [pool-139-thread-1] INFO  server.RaftServerConfigKeys (ConfUtils.java:logGet(43)) - raft.server.log.appender.buffer.byte-limit = 33554432 (custom)
2019-10-16 20:41:52,342 [pool-149-thread-1] INFO  server.RaftServerConfigKeys (ConfUtils.java:logGet(43)) - raft.server.log.purge.gap = 1000000 (custom)
2019-10-16 20:41:52,342 [pool-139-thread-1] INFO  server.RaftServerConfigKeys (ConfUtils.java:logGet(43)) - raft.server.log.segment.size.max = 1048576 (custom)
2019-10-16 20:41:52,343 [pool-149-thread-1] INFO  server.RaftServerConfigKeys (ConfUtils.java:logGet(43)) - raft.server.log.appender.buffer.byte-limit = 33554432 (custom)
2019-10-16 20:41:52,343 [pool-139-thread-1] INFO  server.RaftServerConfigKeys (ConfUtils.java:logGet(43)) - raft.server.log.segment.cache.num.max = 2 (custom)
2019-10-16 20:41:52,343 [pool-149-thread-1] INFO  server.RaftServerConfigKeys (ConfUtils.java:logGet(43)) - raft.server.log.segment.size.max = 1048576 (custom)
2019-10-16 20:41:52,343 [pool-139-thread-1] INFO  segmented.SegmentedRaftLogWorker (SegmentedRaftLogWorker.java:<init>(173)) - new 46069bd9-45fc-4c82-823c-36f07a1bcff0@group-EDF575672A97-SegmentedRaftLogWorker for RaftStorage:Storage Directory /workdir/hadoop-ozone/integration-test/target/test-dir/MiniOzoneClusterImpl-d661fb9f-1fa9-4d83-aa41-108be3044330/datanode-0/data/ratis/be16f341-41b2-4563-8bb2-edf575672a97
2019-10-16 20:41:52,343 [pool-149-thread-1] INFO  server.RaftServerConfigKeys (ConfUtils.java:logGet(43)) - raft.server.log.segment.cache.num.max = 2 (custom)
2019-10-16 20:41:52,343 [pool-139-thread-1] INFO  server.RaftServerConfigKeys (ConfUtils.java:logGet(43)) - raft.server.log.queue.byte-limit = 2147483647 (custom)
2019-10-16 20:41:52,343 [pool-149-thread-1] INFO  segmented.SegmentedRaftLogWorker (SegmentedRaftLogWorker.java:<init>(173)) - new bc0bc980-c963-48ce-962e-85091c893131@group-746BA78DFDB7-SegmentedRaftLogWorker for RaftStorage:Storage Directory /workdir/hadoop-ozone/integration-test/target/test-dir/MiniOzoneClusterImpl-d661fb9f-1fa9-4d83-aa41-108be3044330/datanode-1/data/ratis/888a940e-7763-41f4-8926-746ba78dfdb7
2019-10-16 20:41:52,343 [pool-139-thread-1] INFO  server.RaftServerConfigKeys (ConfUtils.java:logGet(43)) - raft.server.log.queue.element-limit = 1024 (custom)
2019-10-16 20:41:52,343 [pool-149-thread-1] INFO  server.RaftServerConfigKeys (ConfUtils.java:logGet(43)) - raft.server.log.queue.byte-limit = 2147483647 (custom)
2019-10-16 20:41:52,343 [pool-139-thread-1] INFO  server.RaftServerConfigKeys (ConfUtils.java:logGet(43)) - raft.server.log.segment.size.max = 1048576 (custom)
2019-10-16 20:41:52,344 [pool-149-thread-1] INFO  server.RaftServerConfigKeys (ConfUtils.java:logGet(43)) - raft.server.log.queue.element-limit = 1024 (custom)
2019-10-16 20:41:52,344 [pool-139-thread-1] INFO  server.RaftServerConfigKeys (ConfUtils.java:logGet(43)) - raft.server.log.preallocated.size = 16384 (custom)
2019-10-16 20:41:52,344 [pool-149-thread-1] INFO  server.RaftServerConfigKeys (ConfUtils.java:logGet(43)) - raft.server.log.segment.size.max = 1048576 (custom)
2019-10-16 20:41:52,344 [pool-139-thread-1] INFO  server.RaftServerConfigKeys (ConfUtils.java:logGet(43)) - raft.server.log.write.buffer.size = 33554432 (custom)
2019-10-16 20:41:52,344 [pool-149-thread-1] INFO  server.RaftServerConfigKeys (ConfUtils.java:logGet(43)) - raft.server.log.preallocated.size = 16384 (custom)
2019-10-16 20:41:52,344 [pool-139-thread-1] INFO  server.RaftServerConfigKeys (ConfUtils.java:logGet(43)) - raft.server.log.force.sync.num = 128 (default)
2019-10-16 20:41:52,344 [pool-149-thread-1] INFO  server.RaftServerConfigKeys (ConfUtils.java:logGet(43)) - raft.server.log.write.buffer.size = 33554432 (custom)
2019-10-16 20:41:52,344 [pool-139-thread-1] INFO  server.RaftServerConfigKeys (ConfUtils.java:logGet(43)) - raft.server.log.statemachine.data.sync = true (default)
2019-10-16 20:41:52,344 [pool-149-thread-1] INFO  server.RaftServerConfigKeys (ConfUtils.java:logGet(43)) - raft.server.log.force.sync.num = 128 (default)
2019-10-16 20:41:52,344 [pool-139-thread-1] INFO  server.RaftServerConfigKeys (ConfUtils.java:logGet(43)) - raft.server.log.statemachine.data.sync.timeout = 10s (default)
2019-10-16 20:41:52,344 [pool-149-thread-1] INFO  server.RaftServerConfigKeys (ConfUtils.java:logGet(43)) - raft.server.log.statemachine.data.sync = true (default)
2019-10-16 20:41:52,345 [pool-139-thread-1] INFO  server.RaftServerConfigKeys (ConfUtils.java:logGet(43)) - raft.server.log.statemachine.data.sync.timeout.retry = -1 (default)
2019-10-16 20:41:52,345 [pool-149-thread-1] INFO  server.RaftServerConfigKeys (ConfUtils.java:logGet(43)) - raft.server.log.statemachine.data.sync.timeout = 10s (default)
2019-10-16 20:41:52,345 [pool-139-thread-1] INFO  server.RaftServerConfigKeys (ConfUtils.java:logGet(43)) - raft.server.log.statemachine.data.caching.enabled = true (custom)
2019-10-16 20:41:52,345 [pool-149-thread-1] INFO  server.RaftServerConfigKeys (ConfUtils.java:logGet(43)) - raft.server.log.statemachine.data.sync.timeout.retry = -1 (default)
2019-10-16 20:41:52,345 [pool-149-thread-1] INFO  server.RaftServerConfigKeys (ConfUtils.java:logGet(43)) - raft.server.log.statemachine.data.caching.enabled = true (custom)
2019-10-16 20:41:52,346 [pool-139-thread-1] INFO  impl.RaftServerImpl (ServerState.java:setRaftConf(357)) - 46069bd9-45fc-4c82-823c-36f07a1bcff0@group-EDF575672A97: set configuration 0: [46069bd9-45fc-4c82-823c-36f07a1bcff0:192.168.157.254:34001], old=null at 0
2019-10-16 20:41:52,346 [pool-139-thread-1] INFO  segmented.LogSegment (LogSegment.java:loadSegment(140)) - Successfully read 1 entries from segment file /workdir/hadoop-ozone/integration-test/target/test-dir/MiniOzoneClusterImpl-d661fb9f-1fa9-4d83-aa41-108be3044330/datanode-0/data/ratis/be16f341-41b2-4563-8bb2-edf575672a97/current/log_inprogress_0
2019-10-16 20:41:52,346 [pool-139-thread-1] INFO  segmented.SegmentedRaftLogWorker (SegmentedRaftLogWorker.java:lambda$new$0(128)) - 46069bd9-45fc-4c82-823c-36f07a1bcff0@group-EDF575672A97-SegmentedRaftLogWorker: flushIndex: setUnconditionally 0 -> 0
2019-10-16 20:41:52,346 [pool-149-thread-1] INFO  impl.RaftServerImpl (ServerState.java:setRaftConf(357)) - bc0bc980-c963-48ce-962e-85091c893131@group-746BA78DFDB7: set configuration 0: [46069bd9-45fc-4c82-823c-36f07a1bcff0:192.168.157.254:34001, bc0bc980-c963-48ce-962e-85091c893131:192.168.157.254:46787, d612b743-bedc-4c3f-983e-e3329f8a2e6f:192.168.157.254:44523], old=null at 0
2019-10-16 20:41:52,346 [pool-149-thread-1] INFO  segmented.LogSegment (LogSegment.java:loadSegment(140)) - Successfully read 1 entries from segment file /workdir/hadoop-ozone/integration-test/target/test-dir/MiniOzoneClusterImpl-d661fb9f-1fa9-4d83-aa41-108be3044330/datanode-1/data/ratis/888a940e-7763-41f4-8926-746ba78dfdb7/current/log_inprogress_0
2019-10-16 20:41:52,374 [pool-139-thread-1] INFO  server.RaftServerConfigKeys (ConfUtils.java:logGet(43)) - raft.server.snapshot.auto.trigger.enabled = true (custom)
2019-10-16 20:41:52,374 [pool-149-thread-1] INFO  segmented.SegmentedRaftLogWorker (SegmentedRaftLogWorker.java:lambda$new$0(128)) - bc0bc980-c963-48ce-962e-85091c893131@group-746BA78DFDB7-SegmentedRaftLogWorker: flushIndex: setUnconditionally 0 -> 0
2019-10-16 20:41:52,374 [pool-139-thread-1] INFO  server.RaftServerConfigKeys (ConfUtils.java:logGet(43)) - raft.server.snapshot.auto.trigger.threshold = 10000 (custom)
2019-10-16 20:41:52,374 [pool-139-thread-1] INFO  server.RaftServerConfigKeys (ConfUtils.java:logGet(43)) - raft.server.snapshot.retention.file.num = 5 (custom)
2019-10-16 20:41:52,374 [pool-139-thread-1] INFO  server.RaftServerConfigKeys (ConfUtils.java:logGet(43)) - raft.server.retrycache.expirytime = 600000ms (custom)
2019-10-16 20:41:52,388 [Thread-477] INFO  handler.ContextHandler (ContextHandler.java:doStart(781)) - Started o.e.j.w.WebAppContext@33c2ed78{/,file:///tmp/jetty-0.0.0.0-35026-hddsDatanode-_-any-90595432606270941.dir/webapp/,AVAILABLE}{/hddsDatanode}
2019-10-16 20:41:52,389 [Thread-477] INFO  server.AbstractConnector (AbstractConnector.java:doStart(278)) - Started ServerConnector@6d77bced{HTTP/1.1,[http/1.1]}{0.0.0.0:35026}
2019-10-16 20:41:52,410 [pool-149-thread-1] INFO  server.RaftServerConfigKeys (ConfUtils.java:logGet(43)) - raft.server.snapshot.auto.trigger.enabled = true (custom)
2019-10-16 20:41:52,410 [pool-149-thread-1] INFO  server.RaftServerConfigKeys (ConfUtils.java:logGet(43)) - raft.server.snapshot.auto.trigger.threshold = 10000 (custom)
2019-10-16 20:41:52,410 [Thread-477] INFO  server.Server (Server.java:doStart(419)) - Started @51035ms
2019-10-16 20:41:52,410 [pool-149-thread-1] INFO  server.RaftServerConfigKeys (ConfUtils.java:logGet(43)) - raft.server.snapshot.retention.file.num = 5 (custom)
2019-10-16 20:41:52,410 [Thread-477] WARN  impl.MetricsSystemImpl (MetricsSystemImpl.java:register(276)) - Sink prometheus already exists!
2019-10-16 20:41:52,411 [pool-149-thread-1] INFO  server.RaftServerConfigKeys (ConfUtils.java:logGet(43)) - raft.server.retrycache.expirytime = 600000ms (custom)
2019-10-16 20:41:52,412 [Thread-477] INFO  server.BaseHttpServer (BaseHttpServer.java:updateConnectorAddress(215)) - HTTP server of HDDSDATANODE is listening at http://0.0.0.0:35026
2019-10-16 20:41:52,413 [pool-149-thread-1] INFO  impl.RaftServerImpl (RaftServerImpl.java:<init>(104)) - bc0bc980-c963-48ce-962e-85091c893131: new RaftServerImpl for group-1056DBF44000:[] with ContainerStateMachine:uninitialized
2019-10-16 20:41:52,413 [pool-149-thread-1] INFO  server.RaftServerConfigKeys (ConfUtils.java:logGet(43)) - raft.server.rpc.timeout.min = 5s (custom)
2019-10-16 20:41:52,413 [pool-149-thread-1] INFO  server.RaftServerConfigKeys (ConfUtils.java:logGet(43)) - raft.server.rpc.timeout.max = 5200ms (custom)
2019-10-16 20:41:52,413 [pool-149-thread-1] INFO  server.RaftServerConfigKeys (ConfUtils.java:logGet(43)) - raft.server.rpcslowness.timeout = 120s (custom)
2019-10-16 20:41:52,413 [org.apache.hadoop.util.JvmPauseMonitor$Monitor@6a9c4adb] INFO  util.JvmPauseMonitor (JvmPauseMonitor.java:run(188)) - Starting JVM pause monitor
2019-10-16 20:41:52,413 [pool-149-thread-1] INFO  server.RaftServerConfigKeys (ConfUtils.java:logGet(43)) - raft.server.sleep.deviation.threshold = 300 (default)
2019-10-16 20:41:52,413 [pool-149-thread-1] INFO  server.RaftServerConfigKeys (ConfUtils.java:logGet(43)) - raft.server.log.appender.install.snapshot.enabled = false (custom)
2019-10-16 20:41:52,414 [Thread-477] INFO  impl.MetricsSystemImpl (MetricsSystemImpl.java:init(158)) - HddsDatanode metrics system started (again)
2019-10-16 20:41:52,414 [pool-149-thread-1] INFO  impl.RaftServerImpl (ServerState.java:<init>(103)) - bc0bc980-c963-48ce-962e-85091c893131@group-1056DBF44000: ConfigurationManager, init=-1: [], old=null, confs=<EMPTY_MAP>
2019-10-16 20:41:52,414 [pool-149-thread-1] INFO  server.RaftServerConfigKeys (ConfUtils.java:logGet(43)) - raft.server.storage.dir = [/workdir/hadoop-ozone/integration-test/target/test-dir/MiniOzoneClusterImpl-d661fb9f-1fa9-4d83-aa41-108be3044330/datanode-1/data/ratis] (custom)
2019-10-16 20:41:52,414 [pool-149-thread-1] INFO  server.RaftServerConfigKeys (ConfUtils.java:logGet(43)) - raft.server.log.corruption.policy = EXCEPTION (default)
2019-10-16 20:41:52,418 [Thread-477] INFO  ozone.HddsDatanodeService (HddsDatanodeService.java:start(184)) - HddsDatanodeService host:pr-hdds-1868-qdb9g-714931517 ip:192.168.157.254
2019-10-16 20:41:52,421 [Thread-477] INFO  volume.VolumeUsage (VolumeUsage.java:loadScmUsed(144)) - Cached ScmUsed found for /workdir/hadoop-ozone/integration-test/target/test-dir/MiniOzoneClusterImpl-d661fb9f-1fa9-4d83-aa41-108be3044330/datanode-2/data/containers : 4096 
2019-10-16 20:41:52,421 [Thread-477] INFO  volume.HddsVolume (HddsVolume.java:<init>(176)) - Creating Volume: /workdir/hadoop-ozone/integration-test/target/test-dir/MiniOzoneClusterImpl-d661fb9f-1fa9-4d83-aa41-108be3044330/datanode-2/data/containers/hdds of  storage type : DISK and capacity : 1482555576320
2019-10-16 20:41:52,421 [Thread-477] INFO  volume.VolumeSet (VolumeSet.java:initializeVolumeSet(170)) - Added Volume : /workdir/hadoop-ozone/integration-test/target/test-dir/MiniOzoneClusterImpl-d661fb9f-1fa9-4d83-aa41-108be3044330/datanode-2/data/containers/hdds to VolumeSet
2019-10-16 20:41:52,421 [Thread-477] INFO  volume.ThrottledAsyncChecker (ThrottledAsyncChecker.java:schedule(141)) - Scheduling a check for /workdir/hadoop-ozone/integration-test/target/test-dir/MiniOzoneClusterImpl-d661fb9f-1fa9-4d83-aa41-108be3044330/datanode-2/data/containers/hdds
2019-10-16 20:41:52,422 [Thread-477] INFO  volume.HddsVolumeChecker (HddsVolumeChecker.java:checkAllVolumes(204)) - Scheduled health check for volume /workdir/hadoop-ozone/integration-test/target/test-dir/MiniOzoneClusterImpl-d661fb9f-1fa9-4d83-aa41-108be3044330/datanode-2/data/containers/hdds
2019-10-16 20:41:52,433 [pool-149-thread-1] INFO  storage.RaftStorageDirectory (RaftStorageDirectory.java:tryLock(328)) - Lock on /workdir/hadoop-ozone/integration-test/target/test-dir/MiniOzoneClusterImpl-d661fb9f-1fa9-4d83-aa41-108be3044330/datanode-1/data/ratis/6b472680-a40c-41ab-8cc4-1056dbf44000/in_use.lock acquired by nodename 8368@pr-hdds-1868-qdb9g-714931517
2019-10-16 20:41:52,434 [pool-149-thread-1] INFO  ratis.ContainerStateMachine (ContainerStateMachine.java:loadSnapshot(233)) - group-1056DBF44000: The snapshot info is null. Setting the last applied indexto:(t:0, i:~)
2019-10-16 20:41:52,434 [pool-149-thread-1] INFO  server.RaftServerConfigKeys (ConfUtils.java:logGet(43)) - raft.server.notification.no-leader.timeout = 120s (custom)
2019-10-16 20:41:52,434 [pool-149-thread-1] INFO  server.RaftServerConfigKeys (ConfUtils.java:logGet(43)) - raft.server.log.use.memory = false (default)
2019-10-16 20:41:52,434 [pool-149-thread-1] INFO  server.RaftServerConfigKeys (ConfUtils.java:logGet(43)) - raft.server.log.purge.gap = 1000000 (custom)
2019-10-16 20:41:52,435 [pool-149-thread-1] INFO  server.RaftServerConfigKeys (ConfUtils.java:logGet(43)) - raft.server.log.appender.buffer.byte-limit = 33554432 (custom)
2019-10-16 20:41:52,435 [pool-149-thread-1] INFO  server.RaftServerConfigKeys (ConfUtils.java:logGet(43)) - raft.server.log.segment.size.max = 1048576 (custom)
2019-10-16 20:41:52,435 [pool-149-thread-1] INFO  server.RaftServerConfigKeys (ConfUtils.java:logGet(43)) - raft.server.log.segment.cache.num.max = 2 (custom)
2019-10-16 20:41:52,435 [pool-149-thread-1] INFO  segmented.SegmentedRaftLogWorker (SegmentedRaftLogWorker.java:<init>(173)) - new bc0bc980-c963-48ce-962e-85091c893131@group-1056DBF44000-SegmentedRaftLogWorker for RaftStorage:Storage Directory /workdir/hadoop-ozone/integration-test/target/test-dir/MiniOzoneClusterImpl-d661fb9f-1fa9-4d83-aa41-108be3044330/datanode-1/data/ratis/6b472680-a40c-41ab-8cc4-1056dbf44000
2019-10-16 20:41:52,436 [pool-149-thread-1] INFO  server.RaftServerConfigKeys (ConfUtils.java:logGet(43)) - raft.server.log.queue.byte-limit = 2147483647 (custom)
2019-10-16 20:41:52,436 [pool-149-thread-1] INFO  server.RaftServerConfigKeys (ConfUtils.java:logGet(43)) - raft.server.log.queue.element-limit = 1024 (custom)
2019-10-16 20:41:52,436 [pool-149-thread-1] INFO  server.RaftServerConfigKeys (ConfUtils.java:logGet(43)) - raft.server.log.segment.size.max = 1048576 (custom)
2019-10-16 20:41:52,436 [pool-149-thread-1] INFO  server.RaftServerConfigKeys (ConfUtils.java:logGet(43)) - raft.server.log.preallocated.size = 16384 (custom)
2019-10-16 20:41:52,436 [pool-149-thread-1] INFO  server.RaftServerConfigKeys (ConfUtils.java:logGet(43)) - raft.server.log.write.buffer.size = 33554432 (custom)
2019-10-16 20:41:52,437 [pool-149-thread-1] INFO  server.RaftServerConfigKeys (ConfUtils.java:logGet(43)) - raft.server.log.force.sync.num = 128 (default)
2019-10-16 20:41:52,437 [pool-149-thread-1] INFO  server.RaftServerConfigKeys (ConfUtils.java:logGet(43)) - raft.server.log.statemachine.data.sync = true (default)
2019-10-16 20:41:52,437 [pool-149-thread-1] INFO  server.RaftServerConfigKeys (ConfUtils.java:logGet(43)) - raft.server.log.statemachine.data.sync.timeout = 10s (default)
2019-10-16 20:41:52,437 [pool-149-thread-1] INFO  server.RaftServerConfigKeys (ConfUtils.java:logGet(43)) - raft.server.log.statemachine.data.sync.timeout.retry = -1 (default)
2019-10-16 20:41:52,437 [Thread-477] INFO  impl.RaftServerProxy (ConfUtils.java:logGet(43)) - raft.rpc.type = GRPC (default)
2019-10-16 20:41:52,438 [pool-149-thread-1] INFO  server.RaftServerConfigKeys (ConfUtils.java:logGet(43)) - raft.server.log.statemachine.data.caching.enabled = true (custom)
2019-10-16 20:41:52,438 [Thread-477] INFO  grpc.GrpcFactory (GrpcFactory.java:checkPooledByteBufAllocatorUseCacheForAllThreads(45)) - PERFORMANCE WARNING: useCacheForAllThreads is true that may cause Netty to create a lot garbage objects and, as a result, trigger GC.
	It is recommended to disable useCacheForAllThreads by setting -Dorg.apache.ratis.thirdparty.io.netty.allocator.useCacheForAllThreads=false in command line.
2019-10-16 20:41:52,438 [Thread-477] INFO  grpc.GrpcConfigKeys$Server (ConfUtils.java:logGet(43)) - raft.grpc.server.port = 44523 (custom)
2019-10-16 20:41:52,438 [Thread-477] INFO  server.GrpcService (ConfUtils.java:logGet(43)) - raft.grpc.message.size.max = 33570816 (custom)
2019-10-16 20:41:52,438 [Thread-477] INFO  server.RaftServerConfigKeys (ConfUtils.java:logGet(43)) - raft.server.log.appender.buffer.byte-limit = 33554432 (custom)
2019-10-16 20:41:52,438 [Thread-477] INFO  server.GrpcService (ConfUtils.java:logGet(43)) - raft.grpc.flow.control.window = 1MB (=1048576) (default)
2019-10-16 20:41:52,438 [Thread-477] INFO  server.RaftServerConfigKeys (ConfUtils.java:logGet(43)) - raft.server.rpc.request.timeout = 3000ms (default)
2019-10-16 20:41:52,439 [pool-149-thread-1] INFO  impl.RaftServerImpl (ServerState.java:setRaftConf(357)) - bc0bc980-c963-48ce-962e-85091c893131@group-1056DBF44000: set configuration 0: [bc0bc980-c963-48ce-962e-85091c893131:192.168.157.254:46787], old=null at 0
2019-10-16 20:41:52,439 [Thread-477] INFO  server.RaftServerConfigKeys (ConfUtils.java:logGet(43)) - raft.server.storage.dir = [/workdir/hadoop-ozone/integration-test/target/test-dir/MiniOzoneClusterImpl-d661fb9f-1fa9-4d83-aa41-108be3044330/datanode-2/data/ratis] (custom)
2019-10-16 20:41:52,439 [pool-149-thread-1] INFO  segmented.LogSegment (LogSegment.java:loadSegment(140)) - Successfully read 1 entries from segment file /workdir/hadoop-ozone/integration-test/target/test-dir/MiniOzoneClusterImpl-d661fb9f-1fa9-4d83-aa41-108be3044330/datanode-1/data/ratis/6b472680-a40c-41ab-8cc4-1056dbf44000/current/log_inprogress_0
2019-10-16 20:41:52,439 [Thread-477] INFO  impl.RaftServerProxy (RaftServerProxy.java:lambda$null$0(191)) - d612b743-bedc-4c3f-983e-e3329f8a2e6f: found a subdirectory /workdir/hadoop-ozone/integration-test/target/test-dir/MiniOzoneClusterImpl-d661fb9f-1fa9-4d83-aa41-108be3044330/datanode-2/data/ratis/36eb93fc-bcf8-4b0b-a0c0-ddd6bf56d535
2019-10-16 20:41:52,439 [pool-149-thread-1] INFO  segmented.SegmentedRaftLogWorker (SegmentedRaftLogWorker.java:lambda$new$0(128)) - bc0bc980-c963-48ce-962e-85091c893131@group-1056DBF44000-SegmentedRaftLogWorker: flushIndex: setUnconditionally 0 -> 0
2019-10-16 20:41:52,439 [Thread-477] INFO  impl.RaftServerProxy (RaftServerProxy.java:addNew(89)) - d612b743-bedc-4c3f-983e-e3329f8a2e6f: addNew group-DDD6BF56D535:[] returns group-DDD6BF56D535:java.util.concurrent.CompletableFuture@5ef1a12f[Not completed]
2019-10-16 20:41:52,440 [Thread-477] INFO  impl.RaftServerProxy (RaftServerProxy.java:lambda$null$0(191)) - d612b743-bedc-4c3f-983e-e3329f8a2e6f: found a subdirectory /workdir/hadoop-ozone/integration-test/target/test-dir/MiniOzoneClusterImpl-d661fb9f-1fa9-4d83-aa41-108be3044330/datanode-2/data/ratis/888a940e-7763-41f4-8926-746ba78dfdb7
2019-10-16 20:41:52,440 [Thread-477] INFO  impl.RaftServerProxy (RaftServerProxy.java:addNew(89)) - d612b743-bedc-4c3f-983e-e3329f8a2e6f: addNew group-746BA78DFDB7:[] returns group-746BA78DFDB7:java.util.concurrent.CompletableFuture@13f95ee8[Not completed]
2019-10-16 20:41:52,474 [pool-159-thread-1] INFO  impl.RaftServerImpl (RaftServerImpl.java:<init>(104)) - d612b743-bedc-4c3f-983e-e3329f8a2e6f: new RaftServerImpl for group-DDD6BF56D535:[] with ContainerStateMachine:uninitialized
2019-10-16 20:41:52,483 [pool-159-thread-1] INFO  server.RaftServerConfigKeys (ConfUtils.java:logGet(43)) - raft.server.rpc.timeout.min = 5s (custom)
2019-10-16 20:41:52,483 [pool-149-thread-1] INFO  server.RaftServerConfigKeys (ConfUtils.java:logGet(43)) - raft.server.snapshot.auto.trigger.enabled = true (custom)
2019-10-16 20:41:52,483 [pool-159-thread-1] INFO  server.RaftServerConfigKeys (ConfUtils.java:logGet(43)) - raft.server.rpc.timeout.max = 5200ms (custom)
2019-10-16 20:41:52,483 [pool-149-thread-1] INFO  server.RaftServerConfigKeys (ConfUtils.java:logGet(43)) - raft.server.snapshot.auto.trigger.threshold = 10000 (custom)
2019-10-16 20:41:52,483 [pool-159-thread-1] INFO  server.RaftServerConfigKeys (ConfUtils.java:logGet(43)) - raft.server.rpcslowness.timeout = 120s (custom)
2019-10-16 20:41:52,483 [pool-149-thread-1] INFO  server.RaftServerConfigKeys (ConfUtils.java:logGet(43)) - raft.server.snapshot.retention.file.num = 5 (custom)
2019-10-16 20:41:52,483 [pool-159-thread-1] INFO  server.RaftServerConfigKeys (ConfUtils.java:logGet(43)) - raft.server.sleep.deviation.threshold = 300 (default)
2019-10-16 20:41:52,484 [pool-159-thread-1] INFO  server.RaftServerConfigKeys (ConfUtils.java:logGet(43)) - raft.server.log.appender.install.snapshot.enabled = false (custom)
2019-10-16 20:41:52,484 [pool-149-thread-1] INFO  server.RaftServerConfigKeys (ConfUtils.java:logGet(43)) - raft.server.retrycache.expirytime = 600000ms (custom)
2019-10-16 20:41:52,484 [pool-159-thread-1] INFO  impl.RaftServerImpl (ServerState.java:<init>(103)) - d612b743-bedc-4c3f-983e-e3329f8a2e6f@group-DDD6BF56D535: ConfigurationManager, init=-1: [], old=null, confs=<EMPTY_MAP>
2019-10-16 20:41:52,484 [pool-159-thread-1] INFO  server.RaftServerConfigKeys (ConfUtils.java:logGet(43)) - raft.server.storage.dir = [/workdir/hadoop-ozone/integration-test/target/test-dir/MiniOzoneClusterImpl-d661fb9f-1fa9-4d83-aa41-108be3044330/datanode-2/data/ratis] (custom)
2019-10-16 20:41:52,484 [Thread-477] INFO  hdfs.DFSUtil (DFSUtil.java:httpServerTemplateForNNAndJN(1641)) - Starting Web-server for hddsDatanode at: http://0.0.0.0:43830
2019-10-16 20:41:52,484 [pool-159-thread-1] INFO  server.RaftServerConfigKeys (ConfUtils.java:logGet(43)) - raft.server.log.corruption.policy = EXCEPTION (default)
2019-10-16 20:41:52,487 [Thread-477] INFO  server.AuthenticationFilter (AuthenticationFilter.java:constructSecretProvider(240)) - Unable to initialize FileSignerSecretProvider, falling back to use random secrets.
2019-10-16 20:41:52,488 [Thread-477] WARN  http.HttpRequestLog (HttpRequestLog.java:getRequestLog(97)) - Jetty request log can only be enabled using Log4j
2019-10-16 20:41:52,490 [Thread-477] INFO  http.HttpServer2 (HttpServer2.java:addGlobalFilter(975)) - Added global filter 'safety' (class=org.apache.hadoop.http.HttpServer2$QuotingInputFilter)
2019-10-16 20:41:52,491 [Thread-477] INFO  http.HttpServer2 (HttpServer2.java:addFilter(948)) - Added filter static_user_filter (class=org.apache.hadoop.http.lib.StaticUserWebFilter$StaticUserFilter) to context hddsDatanode
2019-10-16 20:41:52,491 [Thread-477] INFO  http.HttpServer2 (HttpServer2.java:addFilter(958)) - Added filter static_user_filter (class=org.apache.hadoop.http.lib.StaticUserWebFilter$StaticUserFilter) to context logs
2019-10-16 20:41:52,492 [Thread-477] INFO  http.HttpServer2 (HttpServer2.java:addFilter(958)) - Added filter static_user_filter (class=org.apache.hadoop.http.lib.StaticUserWebFilter$StaticUserFilter) to context static
2019-10-16 20:41:52,493 [Thread-477] INFO  http.HttpServer2 (HttpServer2.java:bindListener(1191)) - Jetty bound to port 43830
2019-10-16 20:41:52,493 [Thread-477] INFO  server.Server (Server.java:doStart(351)) - jetty-9.3.25.v20180904, build timestamp: 2018-09-04T21:11:46Z, git hash: 3ce520221d0240229c862b122d2b06c12a625732
2019-10-16 20:41:52,496 [Thread-477] INFO  handler.ContextHandler (ContextHandler.java:doStart(781)) - Started o.e.j.s.ServletContextHandler@4c5464c4{/logs,file:///workdir/hadoop-ozone/integration-test/target/log,AVAILABLE}
2019-10-16 20:41:52,496 [Thread-477] INFO  handler.ContextHandler (ContextHandler.java:doStart(781)) - Started o.e.j.s.ServletContextHandler@6b730fc5{/static,jar:file:/home/user/.m2/repository/org/apache/hadoop/hadoop-hdds-container-service/0.5.0-SNAPSHOT/hadoop-hdds-container-service-0.5.0-SNAPSHOT.jar!/webapps/static,AVAILABLE}
2019-10-16 20:41:52,509 [pool-159-thread-1] INFO  storage.RaftStorageDirectory (RaftStorageDirectory.java:tryLock(328)) - Lock on /workdir/hadoop-ozone/integration-test/target/test-dir/MiniOzoneClusterImpl-d661fb9f-1fa9-4d83-aa41-108be3044330/datanode-2/data/ratis/36eb93fc-bcf8-4b0b-a0c0-ddd6bf56d535/in_use.lock acquired by nodename 8368@pr-hdds-1868-qdb9g-714931517
2019-10-16 20:41:52,510 [pool-159-thread-1] INFO  ratis.ContainerStateMachine (ContainerStateMachine.java:loadSnapshot(233)) - group-DDD6BF56D535: The snapshot info is null. Setting the last applied indexto:(t:0, i:~)
2019-10-16 20:41:52,510 [pool-159-thread-1] INFO  server.RaftServerConfigKeys (ConfUtils.java:logGet(43)) - raft.server.notification.no-leader.timeout = 120s (custom)
2019-10-16 20:41:52,510 [pool-159-thread-1] INFO  server.RaftServerConfigKeys (ConfUtils.java:logGet(43)) - raft.server.log.use.memory = false (default)
2019-10-16 20:41:52,510 [pool-159-thread-1] INFO  server.RaftServerConfigKeys (ConfUtils.java:logGet(43)) - raft.server.log.purge.gap = 1000000 (custom)
2019-10-16 20:41:52,510 [pool-159-thread-1] INFO  server.RaftServerConfigKeys (ConfUtils.java:logGet(43)) - raft.server.log.appender.buffer.byte-limit = 33554432 (custom)
2019-10-16 20:41:52,510 [pool-159-thread-1] INFO  server.RaftServerConfigKeys (ConfUtils.java:logGet(43)) - raft.server.log.segment.size.max = 1048576 (custom)
2019-10-16 20:41:52,510 [pool-159-thread-1] INFO  server.RaftServerConfigKeys (ConfUtils.java:logGet(43)) - raft.server.log.segment.cache.num.max = 2 (custom)
2019-10-16 20:41:52,511 [pool-159-thread-1] INFO  segmented.SegmentedRaftLogWorker (SegmentedRaftLogWorker.java:<init>(173)) - new d612b743-bedc-4c3f-983e-e3329f8a2e6f@group-DDD6BF56D535-SegmentedRaftLogWorker for RaftStorage:Storage Directory /workdir/hadoop-ozone/integration-test/target/test-dir/MiniOzoneClusterImpl-d661fb9f-1fa9-4d83-aa41-108be3044330/datanode-2/data/ratis/36eb93fc-bcf8-4b0b-a0c0-ddd6bf56d535
2019-10-16 20:41:52,511 [pool-159-thread-1] INFO  server.RaftServerConfigKeys (ConfUtils.java:logGet(43)) - raft.server.log.queue.byte-limit = 2147483647 (custom)
2019-10-16 20:41:52,511 [pool-159-thread-1] INFO  server.RaftServerConfigKeys (ConfUtils.java:logGet(43)) - raft.server.log.queue.element-limit = 1024 (custom)
2019-10-16 20:41:52,511 [pool-159-thread-1] INFO  server.RaftServerConfigKeys (ConfUtils.java:logGet(43)) - raft.server.log.segment.size.max = 1048576 (custom)
2019-10-16 20:41:52,511 [pool-159-thread-1] INFO  server.RaftServerConfigKeys (ConfUtils.java:logGet(43)) - raft.server.log.preallocated.size = 16384 (custom)
2019-10-16 20:41:52,511 [pool-159-thread-1] INFO  server.RaftServerConfigKeys (ConfUtils.java:logGet(43)) - raft.server.log.write.buffer.size = 33554432 (custom)
2019-10-16 20:41:52,511 [pool-159-thread-1] INFO  server.RaftServerConfigKeys (ConfUtils.java:logGet(43)) - raft.server.log.force.sync.num = 128 (default)
2019-10-16 20:41:52,511 [pool-159-thread-1] INFO  server.RaftServerConfigKeys (ConfUtils.java:logGet(43)) - raft.server.log.statemachine.data.sync = true (default)
2019-10-16 20:41:52,511 [pool-159-thread-1] INFO  server.RaftServerConfigKeys (ConfUtils.java:logGet(43)) - raft.server.log.statemachine.data.sync.timeout = 10s (default)
2019-10-16 20:41:52,511 [pool-159-thread-1] INFO  server.RaftServerConfigKeys (ConfUtils.java:logGet(43)) - raft.server.log.statemachine.data.sync.timeout.retry = -1 (default)
2019-10-16 20:41:52,512 [pool-159-thread-1] INFO  server.RaftServerConfigKeys (ConfUtils.java:logGet(43)) - raft.server.log.statemachine.data.caching.enabled = true (custom)
2019-10-16 20:41:52,512 [pool-159-thread-1] INFO  impl.RaftServerImpl (ServerState.java:setRaftConf(357)) - d612b743-bedc-4c3f-983e-e3329f8a2e6f@group-DDD6BF56D535: set configuration 0: [d612b743-bedc-4c3f-983e-e3329f8a2e6f:192.168.157.254:44523], old=null at 0
2019-10-16 20:41:52,512 [pool-159-thread-1] INFO  segmented.LogSegment (LogSegment.java:loadSegment(140)) - Successfully read 1 entries from segment file /workdir/hadoop-ozone/integration-test/target/test-dir/MiniOzoneClusterImpl-d661fb9f-1fa9-4d83-aa41-108be3044330/datanode-2/data/ratis/36eb93fc-bcf8-4b0b-a0c0-ddd6bf56d535/current/log_inprogress_0
2019-10-16 20:41:52,513 [pool-159-thread-1] INFO  segmented.SegmentedRaftLogWorker (SegmentedRaftLogWorker.java:lambda$new$0(128)) - d612b743-bedc-4c3f-983e-e3329f8a2e6f@group-DDD6BF56D535-SegmentedRaftLogWorker: flushIndex: setUnconditionally 0 -> 0
2019-10-16 20:41:52,538 [pool-159-thread-1] INFO  server.RaftServerConfigKeys (ConfUtils.java:logGet(43)) - raft.server.snapshot.auto.trigger.enabled = true (custom)
2019-10-16 20:41:52,538 [pool-159-thread-1] INFO  server.RaftServerConfigKeys (ConfUtils.java:logGet(43)) - raft.server.snapshot.auto.trigger.threshold = 10000 (custom)
2019-10-16 20:41:52,538 [pool-159-thread-1] INFO  server.RaftServerConfigKeys (ConfUtils.java:logGet(43)) - raft.server.snapshot.retention.file.num = 5 (custom)
2019-10-16 20:41:52,538 [pool-159-thread-1] INFO  server.RaftServerConfigKeys (ConfUtils.java:logGet(43)) - raft.server.retrycache.expirytime = 600000ms (custom)
2019-10-16 20:41:52,540 [pool-159-thread-1] INFO  impl.RaftServerImpl (RaftServerImpl.java:<init>(104)) - d612b743-bedc-4c3f-983e-e3329f8a2e6f: new RaftServerImpl for group-746BA78DFDB7:[] with ContainerStateMachine:uninitialized
2019-10-16 20:41:52,540 [pool-159-thread-1] INFO  server.RaftServerConfigKeys (ConfUtils.java:logGet(43)) - raft.server.rpc.timeout.min = 5s (custom)
2019-10-16 20:41:52,540 [pool-159-thread-1] INFO  server.RaftServerConfigKeys (ConfUtils.java:logGet(43)) - raft.server.rpc.timeout.max = 5200ms (custom)
2019-10-16 20:41:52,540 [pool-159-thread-1] INFO  server.RaftServerConfigKeys (ConfUtils.java:logGet(43)) - raft.server.rpcslowness.timeout = 120s (custom)
2019-10-16 20:41:52,540 [pool-159-thread-1] INFO  server.RaftServerConfigKeys (ConfUtils.java:logGet(43)) - raft.server.sleep.deviation.threshold = 300 (default)
2019-10-16 20:41:52,540 [pool-159-thread-1] INFO  server.RaftServerConfigKeys (ConfUtils.java:logGet(43)) - raft.server.log.appender.install.snapshot.enabled = false (custom)
2019-10-16 20:41:52,540 [pool-159-thread-1] INFO  impl.RaftServerImpl (ServerState.java:<init>(103)) - d612b743-bedc-4c3f-983e-e3329f8a2e6f@group-746BA78DFDB7: ConfigurationManager, init=-1: [], old=null, confs=<EMPTY_MAP>
2019-10-16 20:41:52,540 [pool-159-thread-1] INFO  server.RaftServerConfigKeys (ConfUtils.java:logGet(43)) - raft.server.storage.dir = [/workdir/hadoop-ozone/integration-test/target/test-dir/MiniOzoneClusterImpl-d661fb9f-1fa9-4d83-aa41-108be3044330/datanode-2/data/ratis] (custom)
2019-10-16 20:41:52,540 [pool-159-thread-1] INFO  server.RaftServerConfigKeys (ConfUtils.java:logGet(43)) - raft.server.log.corruption.policy = EXCEPTION (default)
2019-10-16 20:41:52,541 [Thread-477] INFO  handler.ContextHandler (ContextHandler.java:doStart(781)) - Started o.e.j.w.WebAppContext@508477a1{/,file:///tmp/jetty-0.0.0.0-43830-hddsDatanode-_-any-6525840862093089915.dir/webapp/,AVAILABLE}{/hddsDatanode}
2019-10-16 20:41:52,542 [Thread-477] INFO  server.AbstractConnector (AbstractConnector.java:doStart(278)) - Started ServerConnector@4a76d03d{HTTP/1.1,[http/1.1]}{0.0.0.0:43830}
2019-10-16 20:41:52,543 [Thread-477] INFO  server.Server (Server.java:doStart(419)) - Started @51168ms
2019-10-16 20:41:52,543 [Thread-477] WARN  impl.MetricsSystemImpl (MetricsSystemImpl.java:register(276)) - Sink prometheus already exists!
2019-10-16 20:41:52,544 [Thread-477] INFO  server.BaseHttpServer (BaseHttpServer.java:updateConnectorAddress(215)) - HTTP server of HDDSDATANODE is listening at http://0.0.0.0:43830
2019-10-16 20:41:52,545 [Thread-477] INFO  pipeline.SCMPipelineManager (SCMPipelineManager.java:finalizeAndDestroyPipeline(315)) - destroying pipeline:Pipeline[ Id: 888a940e-7763-41f4-8926-746ba78dfdb7, Nodes: 46069bd9-45fc-4c82-823c-36f07a1bcff0{ip: 192.168.157.254, host: pr-hdds-1868-qdb9g-714931517, networkLocation: /default-rack, certSerialId: null}bc0bc980-c963-48ce-962e-85091c893131{ip: 192.168.157.254, host: pr-hdds-1868-qdb9g-714931517, networkLocation: /default-rack, certSerialId: null}d612b743-bedc-4c3f-983e-e3329f8a2e6f{ip: 192.168.157.254, host: pr-hdds-1868-qdb9g-714931517, networkLocation: /default-rack, certSerialId: null}, Type:RATIS, Factor:THREE, State:OPEN]
2019-10-16 20:41:52,546 [org.apache.hadoop.util.JvmPauseMonitor$Monitor@51f1f8f8] INFO  util.JvmPauseMonitor (JvmPauseMonitor.java:run(188)) - Starting JVM pause monitor
2019-10-16 20:41:52,553 [pool-159-thread-1] INFO  storage.RaftStorageDirectory (RaftStorageDirectory.java:tryLock(328)) - Lock on /workdir/hadoop-ozone/integration-test/target/test-dir/MiniOzoneClusterImpl-d661fb9f-1fa9-4d83-aa41-108be3044330/datanode-2/data/ratis/888a940e-7763-41f4-8926-746ba78dfdb7/in_use.lock acquired by nodename 8368@pr-hdds-1868-qdb9g-714931517
2019-10-16 20:41:52,553 [pool-159-thread-1] INFO  ratis.ContainerStateMachine (ContainerStateMachine.java:loadSnapshot(233)) - group-746BA78DFDB7: The snapshot info is null. Setting the last applied indexto:(t:0, i:~)
2019-10-16 20:41:52,554 [pool-159-thread-1] INFO  server.RaftServerConfigKeys (ConfUtils.java:logGet(43)) - raft.server.notification.no-leader.timeout = 120s (custom)
2019-10-16 20:41:52,554 [pool-159-thread-1] INFO  server.RaftServerConfigKeys (ConfUtils.java:logGet(43)) - raft.server.log.use.memory = false (default)
2019-10-16 20:41:52,554 [pool-159-thread-1] INFO  server.RaftServerConfigKeys (ConfUtils.java:logGet(43)) - raft.server.log.purge.gap = 1000000 (custom)
2019-10-16 20:41:52,554 [pool-159-thread-1] INFO  server.RaftServerConfigKeys (ConfUtils.java:logGet(43)) - raft.server.log.appender.buffer.byte-limit = 33554432 (custom)
2019-10-16 20:41:52,554 [pool-159-thread-1] INFO  server.RaftServerConfigKeys (ConfUtils.java:logGet(43)) - raft.server.log.segment.size.max = 1048576 (custom)
2019-10-16 20:41:52,554 [pool-159-thread-1] INFO  server.RaftServerConfigKeys (ConfUtils.java:logGet(43)) - raft.server.log.segment.cache.num.max = 2 (custom)
2019-10-16 20:41:52,554 [pool-159-thread-1] INFO  segmented.SegmentedRaftLogWorker (SegmentedRaftLogWorker.java:<init>(173)) - new d612b743-bedc-4c3f-983e-e3329f8a2e6f@group-746BA78DFDB7-SegmentedRaftLogWorker for RaftStorage:Storage Directory /workdir/hadoop-ozone/integration-test/target/test-dir/MiniOzoneClusterImpl-d661fb9f-1fa9-4d83-aa41-108be3044330/datanode-2/data/ratis/888a940e-7763-41f4-8926-746ba78dfdb7
2019-10-16 20:41:52,554 [pool-159-thread-1] INFO  server.RaftServerConfigKeys (ConfUtils.java:logGet(43)) - raft.server.log.queue.byte-limit = 2147483647 (custom)
2019-10-16 20:41:52,554 [pool-159-thread-1] INFO  server.RaftServerConfigKeys (ConfUtils.java:logGet(43)) - raft.server.log.queue.element-limit = 1024 (custom)
2019-10-16 20:41:52,555 [pool-159-thread-1] INFO  server.RaftServerConfigKeys (ConfUtils.java:logGet(43)) - raft.server.log.segment.size.max = 1048576 (custom)
2019-10-16 20:41:52,555 [pool-159-thread-1] INFO  server.RaftServerConfigKeys (ConfUtils.java:logGet(43)) - raft.server.log.preallocated.size = 16384 (custom)
2019-10-16 20:41:52,555 [pool-159-thread-1] INFO  server.RaftServerConfigKeys (ConfUtils.java:logGet(43)) - raft.server.log.write.buffer.size = 33554432 (custom)
2019-10-16 20:41:52,555 [pool-159-thread-1] INFO  server.RaftServerConfigKeys (ConfUtils.java:logGet(43)) - raft.server.log.force.sync.num = 128 (default)
2019-10-16 20:41:52,555 [pool-159-thread-1] INFO  server.RaftServerConfigKeys (ConfUtils.java:logGet(43)) - raft.server.log.statemachine.data.sync = true (default)
2019-10-16 20:41:52,555 [pool-159-thread-1] INFO  server.RaftServerConfigKeys (ConfUtils.java:logGet(43)) - raft.server.log.statemachine.data.sync.timeout = 10s (default)
2019-10-16 20:41:52,555 [pool-159-thread-1] INFO  server.RaftServerConfigKeys (ConfUtils.java:logGet(43)) - raft.server.log.statemachine.data.sync.timeout.retry = -1 (default)
2019-10-16 20:41:52,555 [pool-159-thread-1] INFO  server.RaftServerConfigKeys (ConfUtils.java:logGet(43)) - raft.server.log.statemachine.data.caching.enabled = true (custom)
2019-10-16 20:41:52,556 [pool-159-thread-1] INFO  impl.RaftServerImpl (ServerState.java:setRaftConf(357)) - d612b743-bedc-4c3f-983e-e3329f8a2e6f@group-746BA78DFDB7: set configuration 0: [46069bd9-45fc-4c82-823c-36f07a1bcff0:192.168.157.254:34001, bc0bc980-c963-48ce-962e-85091c893131:192.168.157.254:46787, d612b743-bedc-4c3f-983e-e3329f8a2e6f:192.168.157.254:44523], old=null at 0
2019-10-16 20:41:52,556 [pool-159-thread-1] INFO  segmented.LogSegment (LogSegment.java:loadSegment(140)) - Successfully read 1 entries from segment file /workdir/hadoop-ozone/integration-test/target/test-dir/MiniOzoneClusterImpl-d661fb9f-1fa9-4d83-aa41-108be3044330/datanode-2/data/ratis/888a940e-7763-41f4-8926-746ba78dfdb7/current/log_inprogress_0
2019-10-16 20:41:52,556 [pool-159-thread-1] INFO  segmented.SegmentedRaftLogWorker (SegmentedRaftLogWorker.java:lambda$new$0(128)) - d612b743-bedc-4c3f-983e-e3329f8a2e6f@group-746BA78DFDB7-SegmentedRaftLogWorker: flushIndex: setUnconditionally 0 -> 0
2019-10-16 20:41:52,559 [Thread-477] WARN  pipeline.RatisPipelineUtils (RatisPipelineUtils.java:destroyPipeline(69)) - Pipeline destroy failed for pipeline=PipelineID=888a940e-7763-41f4-8926-746ba78dfdb7 dn=46069bd9-45fc-4c82-823c-36f07a1bcff0{ip: 192.168.157.254, host: pr-hdds-1868-qdb9g-714931517, networkLocation: /default-rack, certSerialId: null}
2019-10-16 20:41:52,562 [Thread-477] WARN  pipeline.RatisPipelineUtils (RatisPipelineUtils.java:destroyPipeline(69)) - Pipeline destroy failed for pipeline=PipelineID=888a940e-7763-41f4-8926-746ba78dfdb7 dn=bc0bc980-c963-48ce-962e-85091c893131{ip: 192.168.157.254, host: pr-hdds-1868-qdb9g-714931517, networkLocation: /default-rack, certSerialId: null}
2019-10-16 20:41:52,565 [Thread-477] WARN  pipeline.RatisPipelineUtils (RatisPipelineUtils.java:destroyPipeline(69)) - Pipeline destroy failed for pipeline=PipelineID=888a940e-7763-41f4-8926-746ba78dfdb7 dn=d612b743-bedc-4c3f-983e-e3329f8a2e6f{ip: 192.168.157.254, host: pr-hdds-1868-qdb9g-714931517, networkLocation: /default-rack, certSerialId: null}
2019-10-16 20:41:52,565 [Thread-477] INFO  pipeline.PipelineStateManager (PipelineStateManager.java:removePipeline(108)) - Pipeline Pipeline[ Id: 888a940e-7763-41f4-8926-746ba78dfdb7, Nodes: 46069bd9-45fc-4c82-823c-36f07a1bcff0{ip: 192.168.157.254, host: pr-hdds-1868-qdb9g-714931517, networkLocation: /default-rack, certSerialId: null}bc0bc980-c963-48ce-962e-85091c893131{ip: 192.168.157.254, host: pr-hdds-1868-qdb9g-714931517, networkLocation: /default-rack, certSerialId: null}d612b743-bedc-4c3f-983e-e3329f8a2e6f{ip: 192.168.157.254, host: pr-hdds-1868-qdb9g-714931517, networkLocation: /default-rack, certSerialId: null}, Type:RATIS, Factor:THREE, State:CLOSED] removed from db
2019-10-16 20:41:52,581 [pool-159-thread-1] INFO  server.RaftServerConfigKeys (ConfUtils.java:logGet(43)) - raft.server.snapshot.auto.trigger.enabled = true (custom)
2019-10-16 20:41:52,581 [pool-159-thread-1] INFO  server.RaftServerConfigKeys (ConfUtils.java:logGet(43)) - raft.server.snapshot.auto.trigger.threshold = 10000 (custom)
2019-10-16 20:41:52,581 [pool-159-thread-1] INFO  server.RaftServerConfigKeys (ConfUtils.java:logGet(43)) - raft.server.snapshot.retention.file.num = 5 (custom)
2019-10-16 20:41:52,582 [pool-159-thread-1] INFO  server.RaftServerConfigKeys (ConfUtils.java:logGet(43)) - raft.server.retrycache.expirytime = 600000ms (custom)
2019-10-16 20:41:54,281 [Datanode State Machine Thread - 0] INFO  ozoneimpl.OzoneContainer (OzoneContainer.java:start(213)) - Attempting to start container services.
2019-10-16 20:41:54,281 [Datanode State Machine Thread - 0] INFO  ozoneimpl.OzoneContainer (OzoneContainer.java:startContainerScrub(177)) - Background container scanner has been disabled.
2019-10-16 20:41:54,281 [Datanode State Machine Thread - 0] INFO  ratis.XceiverServerRatis (XceiverServerRatis.java:start(425)) - Starting XceiverServerRatis 46069bd9-45fc-4c82-823c-36f07a1bcff0 at port 34001
2019-10-16 20:41:54,290 [Datanode State Machine Thread - 0] INFO  impl.RaftServerImpl (RaftServerImpl.java:start(195)) - 46069bd9-45fc-4c82-823c-36f07a1bcff0@group-746BA78DFDB7: start as a follower, conf=0: [46069bd9-45fc-4c82-823c-36f07a1bcff0:192.168.157.254:34001, bc0bc980-c963-48ce-962e-85091c893131:192.168.157.254:46787, d612b743-bedc-4c3f-983e-e3329f8a2e6f:192.168.157.254:44523], old=null
2019-10-16 20:41:54,291 [ForkJoinPool.commonPool-worker-0] INFO  impl.RaftServerImpl (RaftServerImpl.java:start(195)) - 46069bd9-45fc-4c82-823c-36f07a1bcff0@group-EDF575672A97: start as a follower, conf=0: [46069bd9-45fc-4c82-823c-36f07a1bcff0:192.168.157.254:34001], old=null
2019-10-16 20:41:54,291 [Datanode State Machine Thread - 0] INFO  impl.RaftServerImpl (RaftServerImpl.java:setRole(184)) - 46069bd9-45fc-4c82-823c-36f07a1bcff0@group-746BA78DFDB7: changes role from      null to FOLLOWER at term 1 for startAsFollower
2019-10-16 20:41:54,291 [ForkJoinPool.commonPool-worker-0] INFO  impl.RaftServerImpl (RaftServerImpl.java:setRole(184)) - 46069bd9-45fc-4c82-823c-36f07a1bcff0@group-EDF575672A97: changes role from      null to FOLLOWER at term 1 for startAsFollower
2019-10-16 20:41:54,291 [Datanode State Machine Thread - 0] INFO  impl.RoleInfo (RoleInfo.java:updateAndGet(143)) - 46069bd9-45fc-4c82-823c-36f07a1bcff0: start FollowerState
2019-10-16 20:41:54,291 [ForkJoinPool.commonPool-worker-0] INFO  impl.RoleInfo (RoleInfo.java:updateAndGet(143)) - 46069bd9-45fc-4c82-823c-36f07a1bcff0: start FollowerState
2019-10-16 20:41:54,292 [Datanode State Machine Thread - 0] INFO  util.JmxRegister (JmxRegister.java:tryRegister(44)) - Successfully registered JMX Bean with object name Ratis:service=RaftServer,group=group-746BA78DFDB7,id=46069bd9-45fc-4c82-823c-36f07a1bcff0
2019-10-16 20:41:54,292 [ForkJoinPool.commonPool-worker-0] INFO  util.JmxRegister (JmxRegister.java:tryRegister(44)) - Successfully registered JMX Bean with object name Ratis:service=RaftServer,group=group-EDF575672A97,id=46069bd9-45fc-4c82-823c-36f07a1bcff0
2019-10-16 20:41:54,292 [Datanode State Machine Thread - 0] INFO  impl.RaftServerProxy (RaftServerProxy.java:lambda$start$3(299)) - 46069bd9-45fc-4c82-823c-36f07a1bcff0: start RPC server
2019-10-16 20:41:54,298 [Datanode State Machine Thread - 0] INFO  server.GrpcService (GrpcService.java:startImpl(158)) - 46069bd9-45fc-4c82-823c-36f07a1bcff0: GrpcService started, listening on 0.0.0.0/0.0.0.0:34001
2019-10-16 20:41:54,370 [Thread-738] INFO  impl.FollowerState (FollowerState.java:run(108)) - 46069bd9-45fc-4c82-823c-36f07a1bcff0@group-746BA78DFDB7-FollowerState: change to CANDIDATE, lastRpcTime:78ms, electionTimeout:78ms
2019-10-16 20:41:54,370 [Thread-738] INFO  impl.RoleInfo (RoleInfo.java:shutdownFollowerState(121)) - 46069bd9-45fc-4c82-823c-36f07a1bcff0: shutdown FollowerState
2019-10-16 20:41:54,370 [Thread-738] INFO  impl.RaftServerImpl (RaftServerImpl.java:setRole(184)) - 46069bd9-45fc-4c82-823c-36f07a1bcff0@group-746BA78DFDB7: changes role from  FOLLOWER to CANDIDATE at term 1 for changeToCandidate
2019-10-16 20:41:54,370 [java.util.concurrent.ThreadPoolExecutor$Worker@1300bda0[State = -1, empty queue]] WARN  server.GrpcLogAppender (GrpcLogAppender.java:timeoutAppendRequest(209)) - d612b743-bedc-4c3f-983e-e3329f8a2e6f@group-746BA78DFDB7->46069bd9-45fc-4c82-823c-36f07a1bcff0-GrpcLogAppender: appendEntries Timeout, request=d612b743-bedc-4c3f-983e-e3329f8a2e6f->46069bd9-45fc-4c82-823c-36f07a1bcff0#7-t1, previous=(t:1, i:0), leaderCommit=0, initializing? false, entries: <empty>
2019-10-16 20:41:54,370 [Thread-738] INFO  impl.RoleInfo (RoleInfo.java:updateAndGet(143)) - 46069bd9-45fc-4c82-823c-36f07a1bcff0: start LeaderElection
2019-10-16 20:41:54,376 [java.util.concurrent.ThreadPoolExecutor$Worker@6f7558a0[State = -1, empty queue]] WARN  server.GrpcLogAppender (GrpcLogAppender.java:timeoutAppendRequest(209)) - d612b743-bedc-4c3f-983e-e3329f8a2e6f@group-746BA78DFDB7->bc0bc980-c963-48ce-962e-85091c893131-GrpcLogAppender: appendEntries Timeout, request=d612b743-bedc-4c3f-983e-e3329f8a2e6f->bc0bc980-c963-48ce-962e-85091c893131#7-t1, previous=(t:1, i:0), leaderCommit=0, initializing? false, entries: <empty>
2019-10-16 20:41:54,405 [46069bd9-45fc-4c82-823c-36f07a1bcff0@group-746BA78DFDB7-LeaderElection28] INFO  impl.LeaderElection (LeaderElection.java:askForVotes(178)) - 46069bd9-45fc-4c82-823c-36f07a1bcff0@group-746BA78DFDB7-LeaderElection28: begin an election at term 2 for 0: [46069bd9-45fc-4c82-823c-36f07a1bcff0:192.168.157.254:34001, bc0bc980-c963-48ce-962e-85091c893131:192.168.157.254:46787, d612b743-bedc-4c3f-983e-e3329f8a2e6f:192.168.157.254:44523], old=null
2019-10-16 20:41:54,411 [46069bd9-45fc-4c82-823c-36f07a1bcff0@group-746BA78DFDB7-LeaderElection28] INFO  impl.LeaderElection (LogUtils.java:infoOrTrace(149)) - 46069bd9-45fc-4c82-823c-36f07a1bcff0@group-746BA78DFDB7-LeaderElection28 got exception when requesting votes: {}
java.util.concurrent.ExecutionException: org.apache.ratis.thirdparty.io.grpc.StatusRuntimeException: UNAVAILABLE: io exception
	at java.util.concurrent.FutureTask.report(FutureTask.java:122)
	at java.util.concurrent.FutureTask.get(FutureTask.java:192)
	at org.apache.ratis.server.impl.LeaderElection.waitForResults(LeaderElection.java:259)
	at org.apache.ratis.server.impl.LeaderElection.askForVotes(LeaderElection.java:197)
	at org.apache.ratis.server.impl.LeaderElection.run(LeaderElection.java:133)
	at java.lang.Thread.run(Thread.java:748)
Caused by: org.apache.ratis.thirdparty.io.grpc.StatusRuntimeException: UNAVAILABLE: io exception
	at org.apache.ratis.thirdparty.io.grpc.stub.ClientCalls.toStatusRuntimeException(ClientCalls.java:233)
	at org.apache.ratis.thirdparty.io.grpc.stub.ClientCalls.getUnchecked(ClientCalls.java:214)
	at org.apache.ratis.thirdparty.io.grpc.stub.ClientCalls.blockingUnaryCall(ClientCalls.java:139)
	at org.apache.ratis.proto.grpc.RaftServerProtocolServiceGrpc$RaftServerProtocolServiceBlockingStub.requestVote(RaftServerProtocolServiceGrpc.java:265)
	at org.apache.ratis.grpc.server.GrpcServerProtocolClient.requestVote(GrpcServerProtocolClient.java:99)
	at org.apache.ratis.grpc.server.GrpcService.requestVote(GrpcService.java:204)
	at org.apache.ratis.server.impl.LeaderElection.lambda$submitRequests$1(LeaderElection.java:234)
	at java.util.concurrent.FutureTask.run(FutureTask.java:266)
	at java.util.concurrent.Executors$RunnableAdapter.call(Executors.java:511)
	at java.util.concurrent.FutureTask.run(FutureTask.java:266)
	at java.util.concurrent.ThreadPoolExecutor.runWorker(ThreadPoolExecutor.java:1149)
	at java.util.concurrent.ThreadPoolExecutor$Worker.run(ThreadPoolExecutor.java:624)
	... 1 more
Caused by: org.apache.ratis.thirdparty.io.netty.channel.AbstractChannel$AnnotatedConnectException: Connection refused: /192.168.157.254:46787
	at sun.nio.ch.SocketChannelImpl.checkConnect(Native Method)
	at sun.nio.ch.SocketChannelImpl.finishConnect(SocketChannelImpl.java:717)
	at org.apache.ratis.thirdparty.io.netty.channel.socket.nio.NioSocketChannel.doFinishConnect(NioSocketChannel.java:327)
	at org.apache.ratis.thirdparty.io.netty.channel.nio.AbstractNioChannel$AbstractNioUnsafe.finishConnect(AbstractNioChannel.java:340)
	at org.apache.ratis.thirdparty.io.netty.channel.nio.NioEventLoop.processSelectedKey(NioEventLoop.java:632)
	at org.apache.ratis.thirdparty.io.netty.channel.nio.NioEventLoop.processSelectedKeysOptimized(NioEventLoop.java:579)
	at org.apache.ratis.thirdparty.io.netty.channel.nio.NioEventLoop.processSelectedKeys(NioEventLoop.java:496)
	at org.apache.ratis.thirdparty.io.netty.channel.nio.NioEventLoop.run(NioEventLoop.java:458)
	at org.apache.ratis.thirdparty.io.netty.util.concurrent.SingleThreadEventExecutor$5.run(SingleThreadEventExecutor.java:897)
	at org.apache.ratis.thirdparty.io.netty.util.concurrent.FastThreadLocalRunnable.run(FastThreadLocalRunnable.java:30)
	... 1 more
Caused by: java.net.ConnectException: Connection refused
	... 11 more
2019-10-16 20:41:54,415 [46069bd9-45fc-4c82-823c-36f07a1bcff0@group-746BA78DFDB7-LeaderElection28] INFO  impl.LeaderElection (LogUtils.java:infoOrTrace(149)) - 46069bd9-45fc-4c82-823c-36f07a1bcff0@group-746BA78DFDB7-LeaderElection28 got exception when requesting votes: {}
java.util.concurrent.ExecutionException: org.apache.ratis.thirdparty.io.grpc.StatusRuntimeException: UNAVAILABLE: io exception
	at java.util.concurrent.FutureTask.report(FutureTask.java:122)
	at java.util.concurrent.FutureTask.get(FutureTask.java:192)
	at org.apache.ratis.server.impl.LeaderElection.waitForResults(LeaderElection.java:259)
	at org.apache.ratis.server.impl.LeaderElection.askForVotes(LeaderElection.java:197)
	at org.apache.ratis.server.impl.LeaderElection.run(LeaderElection.java:133)
	at java.lang.Thread.run(Thread.java:748)
Caused by: org.apache.ratis.thirdparty.io.grpc.StatusRuntimeException: UNAVAILABLE: io exception
	at org.apache.ratis.thirdparty.io.grpc.stub.ClientCalls.toStatusRuntimeException(ClientCalls.java:233)
	at org.apache.ratis.thirdparty.io.grpc.stub.ClientCalls.getUnchecked(ClientCalls.java:214)
	at org.apache.ratis.thirdparty.io.grpc.stub.ClientCalls.blockingUnaryCall(ClientCalls.java:139)
	at org.apache.ratis.proto.grpc.RaftServerProtocolServiceGrpc$RaftServerProtocolServiceBlockingStub.requestVote(RaftServerProtocolServiceGrpc.java:265)
	at org.apache.ratis.grpc.server.GrpcServerProtocolClient.requestVote(GrpcServerProtocolClient.java:99)
	at org.apache.ratis.grpc.server.GrpcService.requestVote(GrpcService.java:204)
	at org.apache.ratis.server.impl.LeaderElection.lambda$submitRequests$1(LeaderElection.java:234)
	at java.util.concurrent.FutureTask.run(FutureTask.java:266)
	at java.util.concurrent.Executors$RunnableAdapter.call(Executors.java:511)
	at java.util.concurrent.FutureTask.run(FutureTask.java:266)
	at java.util.concurrent.ThreadPoolExecutor.runWorker(ThreadPoolExecutor.java:1149)
	at java.util.concurrent.ThreadPoolExecutor$Worker.run(ThreadPoolExecutor.java:624)
	... 1 more
Caused by: org.apache.ratis.thirdparty.io.netty.channel.AbstractChannel$AnnotatedConnectException: Connection refused: /192.168.157.254:44523
	at sun.nio.ch.SocketChannelImpl.checkConnect(Native Method)
	at sun.nio.ch.SocketChannelImpl.finishConnect(SocketChannelImpl.java:717)
	at org.apache.ratis.thirdparty.io.netty.channel.socket.nio.NioSocketChannel.doFinishConnect(NioSocketChannel.java:327)
	at org.apache.ratis.thirdparty.io.netty.channel.nio.AbstractNioChannel$AbstractNioUnsafe.finishConnect(AbstractNioChannel.java:340)
	at org.apache.ratis.thirdparty.io.netty.channel.nio.NioEventLoop.processSelectedKey(NioEventLoop.java:632)
	at org.apache.ratis.thirdparty.io.netty.channel.nio.NioEventLoop.processSelectedKeysOptimized(NioEventLoop.java:579)
	at org.apache.ratis.thirdparty.io.netty.channel.nio.NioEventLoop.processSelectedKeys(NioEventLoop.java:496)
	at org.apache.ratis.thirdparty.io.netty.channel.nio.NioEventLoop.run(NioEventLoop.java:458)
	at org.apache.ratis.thirdparty.io.netty.util.concurrent.SingleThreadEventExecutor$5.run(SingleThreadEventExecutor.java:897)
	at org.apache.ratis.thirdparty.io.netty.util.concurrent.FastThreadLocalRunnable.run(FastThreadLocalRunnable.java:30)
	... 1 more
Caused by: java.net.ConnectException: Connection refused
	... 11 more
2019-10-16 20:41:54,416 [46069bd9-45fc-4c82-823c-36f07a1bcff0@group-746BA78DFDB7-LeaderElection28] INFO  impl.LeaderElection (LeaderElection.java:logAndReturn(56)) - 46069bd9-45fc-4c82-823c-36f07a1bcff0@group-746BA78DFDB7-LeaderElection28: Election REJECTED; received 0 response(s) [] and 2 exception(s); 46069bd9-45fc-4c82-823c-36f07a1bcff0@group-746BA78DFDB7:t2, leader=null, voted=46069bd9-45fc-4c82-823c-36f07a1bcff0, raftlog=46069bd9-45fc-4c82-823c-36f07a1bcff0@group-746BA78DFDB7-SegmentedRaftLog:OPENED:c-1,f0,i0, conf=0: [46069bd9-45fc-4c82-823c-36f07a1bcff0:192.168.157.254:34001, bc0bc980-c963-48ce-962e-85091c893131:192.168.157.254:46787, d612b743-bedc-4c3f-983e-e3329f8a2e6f:192.168.157.254:44523], old=null
2019-10-16 20:41:54,416 [Datanode State Machine Thread - 0] INFO  ozoneimpl.OzoneContainer (OzoneContainer.java:start(213)) - Attempting to start container services.
2019-10-16 20:41:54,417 [Datanode State Machine Thread - 0] INFO  ozoneimpl.OzoneContainer (OzoneContainer.java:startContainerScrub(177)) - Background container scanner has been disabled.
2019-10-16 20:41:54,417 [Datanode State Machine Thread - 0] INFO  ratis.XceiverServerRatis (XceiverServerRatis.java:start(425)) - Starting XceiverServerRatis bc0bc980-c963-48ce-962e-85091c893131 at port 46787
2019-10-16 20:41:54,417 [46069bd9-45fc-4c82-823c-36f07a1bcff0@group-746BA78DFDB7-LeaderElection28] INFO  impl.LeaderElection (LogUtils.java:infoOrTrace(149)) -   Exception 0: {}
java.util.concurrent.ExecutionException: org.apache.ratis.thirdparty.io.grpc.StatusRuntimeException: UNAVAILABLE: io exception
	at java.util.concurrent.FutureTask.report(FutureTask.java:122)
	at java.util.concurrent.FutureTask.get(FutureTask.java:192)
	at org.apache.ratis.server.impl.LeaderElection.waitForResults(LeaderElection.java:259)
	at org.apache.ratis.server.impl.LeaderElection.askForVotes(LeaderElection.java:197)
	at org.apache.ratis.server.impl.LeaderElection.run(LeaderElection.java:133)
	at java.lang.Thread.run(Thread.java:748)
Caused by: org.apache.ratis.thirdparty.io.grpc.StatusRuntimeException: UNAVAILABLE: io exception
	at org.apache.ratis.thirdparty.io.grpc.stub.ClientCalls.toStatusRuntimeException(ClientCalls.java:233)
	at org.apache.ratis.thirdparty.io.grpc.stub.ClientCalls.getUnchecked(ClientCalls.java:214)
	at org.apache.ratis.thirdparty.io.grpc.stub.ClientCalls.blockingUnaryCall(ClientCalls.java:139)
	at org.apache.ratis.proto.grpc.RaftServerProtocolServiceGrpc$RaftServerProtocolServiceBlockingStub.requestVote(RaftServerProtocolServiceGrpc.java:265)
	at org.apache.ratis.grpc.server.GrpcServerProtocolClient.requestVote(GrpcServerProtocolClient.java:99)
	at org.apache.ratis.grpc.server.GrpcService.requestVote(GrpcService.java:204)
	at org.apache.ratis.server.impl.LeaderElection.lambda$submitRequests$1(LeaderElection.java:234)
	at java.util.concurrent.FutureTask.run(FutureTask.java:266)
	at java.util.concurrent.Executors$RunnableAdapter.call(Executors.java:511)
	at java.util.concurrent.FutureTask.run(FutureTask.java:266)
	at java.util.concurrent.ThreadPoolExecutor.runWorker(ThreadPoolExecutor.java:1149)
	at java.util.concurrent.ThreadPoolExecutor$Worker.run(ThreadPoolExecutor.java:624)
	... 1 more
Caused by: org.apache.ratis.thirdparty.io.netty.channel.AbstractChannel$AnnotatedConnectException: Connection refused: /192.168.157.254:46787
	at sun.nio.ch.SocketChannelImpl.checkConnect(Native Method)
	at sun.nio.ch.SocketChannelImpl.finishConnect(SocketChannelImpl.java:717)
	at org.apache.ratis.thirdparty.io.netty.channel.socket.nio.NioSocketChannel.doFinishConnect(NioSocketChannel.java:327)
	at org.apache.ratis.thirdparty.io.netty.channel.nio.AbstractNioChannel$AbstractNioUnsafe.finishConnect(AbstractNioChannel.java:340)
	at org.apache.ratis.thirdparty.io.netty.channel.nio.NioEventLoop.processSelectedKey(NioEventLoop.java:632)
	at org.apache.ratis.thirdparty.io.netty.channel.nio.NioEventLoop.processSelectedKeysOptimized(NioEventLoop.java:579)
	at org.apache.ratis.thirdparty.io.netty.channel.nio.NioEventLoop.processSelectedKeys(NioEventLoop.java:496)
	at org.apache.ratis.thirdparty.io.netty.channel.nio.NioEventLoop.run(NioEventLoop.java:458)
	at org.apache.ratis.thirdparty.io.netty.util.concurrent.SingleThreadEventExecutor$5.run(SingleThreadEventExecutor.java:897)
	at org.apache.ratis.thirdparty.io.netty.util.concurrent.FastThreadLocalRunnable.run(FastThreadLocalRunnable.java:30)
	... 1 more
Caused by: java.net.ConnectException: Connection refused
	... 11 more
2019-10-16 20:41:54,418 [46069bd9-45fc-4c82-823c-36f07a1bcff0@group-746BA78DFDB7-LeaderElection28] INFO  impl.LeaderElection (LogUtils.java:infoOrTrace(149)) -   Exception 1: {}
java.util.concurrent.ExecutionException: org.apache.ratis.thirdparty.io.grpc.StatusRuntimeException: UNAVAILABLE: io exception
	at java.util.concurrent.FutureTask.report(FutureTask.java:122)
	at java.util.concurrent.FutureTask.get(FutureTask.java:192)
	at org.apache.ratis.server.impl.LeaderElection.waitForResults(LeaderElection.java:259)
	at org.apache.ratis.server.impl.LeaderElection.askForVotes(LeaderElection.java:197)
	at org.apache.ratis.server.impl.LeaderElection.run(LeaderElection.java:133)
	at java.lang.Thread.run(Thread.java:748)
Caused by: org.apache.ratis.thirdparty.io.grpc.StatusRuntimeException: UNAVAILABLE: io exception
	at org.apache.ratis.thirdparty.io.grpc.stub.ClientCalls.toStatusRuntimeException(ClientCalls.java:233)
	at org.apache.ratis.thirdparty.io.grpc.stub.ClientCalls.getUnchecked(ClientCalls.java:214)
	at org.apache.ratis.thirdparty.io.grpc.stub.ClientCalls.blockingUnaryCall(ClientCalls.java:139)
	at org.apache.ratis.proto.grpc.RaftServerProtocolServiceGrpc$RaftServerProtocolServiceBlockingStub.requestVote(RaftServerProtocolServiceGrpc.java:265)
	at org.apache.ratis.grpc.server.GrpcServerProtocolClient.requestVote(GrpcServerProtocolClient.java:99)
	at org.apache.ratis.grpc.server.GrpcService.requestVote(GrpcService.java:204)
	at org.apache.ratis.server.impl.LeaderElection.lambda$submitRequests$1(LeaderElection.java:234)
	at java.util.concurrent.FutureTask.run(FutureTask.java:266)
	at java.util.concurrent.Executors$RunnableAdapter.call(Executors.java:511)
	at java.util.concurrent.FutureTask.run(FutureTask.java:266)
	at java.util.concurrent.ThreadPoolExecutor.runWorker(ThreadPoolExecutor.java:1149)
	at java.util.concurrent.ThreadPoolExecutor$Worker.run(ThreadPoolExecutor.java:624)
	... 1 more
Caused by: org.apache.ratis.thirdparty.io.netty.channel.AbstractChannel$AnnotatedConnectException: Connection refused: /192.168.157.254:44523
	at sun.nio.ch.SocketChannelImpl.checkConnect(Native Method)
	at sun.nio.ch.SocketChannelImpl.finishConnect(SocketChannelImpl.java:717)
	at org.apache.ratis.thirdparty.io.netty.channel.socket.nio.NioSocketChannel.doFinishConnect(NioSocketChannel.java:327)
	at org.apache.ratis.thirdparty.io.netty.channel.nio.AbstractNioChannel$AbstractNioUnsafe.finishConnect(AbstractNioChannel.java:340)
	at org.apache.ratis.thirdparty.io.netty.channel.nio.NioEventLoop.processSelectedKey(NioEventLoop.java:632)
	at org.apache.ratis.thirdparty.io.netty.channel.nio.NioEventLoop.processSelectedKeysOptimized(NioEventLoop.java:579)
	at org.apache.ratis.thirdparty.io.netty.channel.nio.NioEventLoop.processSelectedKeys(NioEventLoop.java:496)
	at org.apache.ratis.thirdparty.io.netty.channel.nio.NioEventLoop.run(NioEventLoop.java:458)
	at org.apache.ratis.thirdparty.io.netty.util.concurrent.SingleThreadEventExecutor$5.run(SingleThreadEventExecutor.java:897)
	at org.apache.ratis.thirdparty.io.netty.util.concurrent.FastThreadLocalRunnable.run(FastThreadLocalRunnable.java:30)
	... 1 more
Caused by: java.net.ConnectException: Connection refused
	... 11 more
2019-10-16 20:41:54,419 [46069bd9-45fc-4c82-823c-36f07a1bcff0@group-746BA78DFDB7-LeaderElection28] INFO  impl.RaftServerImpl (RaftServerImpl.java:setRole(184)) - 46069bd9-45fc-4c82-823c-36f07a1bcff0@group-746BA78DFDB7: changes role from CANDIDATE to FOLLOWER at term 2 for DISCOVERED_A_NEW_TERM
2019-10-16 20:41:54,419 [46069bd9-45fc-4c82-823c-36f07a1bcff0@group-746BA78DFDB7-LeaderElection28] INFO  impl.RoleInfo (RoleInfo.java:shutdownLeaderElection(134)) - 46069bd9-45fc-4c82-823c-36f07a1bcff0: shutdown LeaderElection
2019-10-16 20:41:54,419 [46069bd9-45fc-4c82-823c-36f07a1bcff0@group-746BA78DFDB7-LeaderElection28] INFO  impl.RoleInfo (RoleInfo.java:updateAndGet(143)) - 46069bd9-45fc-4c82-823c-36f07a1bcff0: start FollowerState
2019-10-16 20:41:54,425 [Datanode State Machine Thread - 0] INFO  impl.RaftServerImpl (RaftServerImpl.java:start(195)) - bc0bc980-c963-48ce-962e-85091c893131@group-1056DBF44000: start as a follower, conf=0: [bc0bc980-c963-48ce-962e-85091c893131:192.168.157.254:46787], old=null
2019-10-16 20:41:54,426 [ForkJoinPool.commonPool-worker-0] INFO  impl.RaftServerImpl (RaftServerImpl.java:start(195)) - bc0bc980-c963-48ce-962e-85091c893131@group-746BA78DFDB7: start as a follower, conf=0: [46069bd9-45fc-4c82-823c-36f07a1bcff0:192.168.157.254:34001, bc0bc980-c963-48ce-962e-85091c893131:192.168.157.254:46787, d612b743-bedc-4c3f-983e-e3329f8a2e6f:192.168.157.254:44523], old=null
2019-10-16 20:41:54,426 [Datanode State Machine Thread - 0] INFO  impl.RaftServerImpl (RaftServerImpl.java:setRole(184)) - bc0bc980-c963-48ce-962e-85091c893131@group-1056DBF44000: changes role from      null to FOLLOWER at term 1 for startAsFollower
2019-10-16 20:41:54,426 [ForkJoinPool.commonPool-worker-0] INFO  impl.RaftServerImpl (RaftServerImpl.java:setRole(184)) - bc0bc980-c963-48ce-962e-85091c893131@group-746BA78DFDB7: changes role from      null to FOLLOWER at term 1 for startAsFollower
2019-10-16 20:41:54,427 [Datanode State Machine Thread - 0] INFO  impl.RoleInfo (RoleInfo.java:updateAndGet(143)) - bc0bc980-c963-48ce-962e-85091c893131: start FollowerState
2019-10-16 20:41:54,427 [ForkJoinPool.commonPool-worker-0] INFO  impl.RoleInfo (RoleInfo.java:updateAndGet(143)) - bc0bc980-c963-48ce-962e-85091c893131: start FollowerState
2019-10-16 20:41:54,427 [Datanode State Machine Thread - 0] INFO  util.JmxRegister (JmxRegister.java:tryRegister(44)) - Successfully registered JMX Bean with object name Ratis:service=RaftServer,group=group-1056DBF44000,id=bc0bc980-c963-48ce-962e-85091c893131
2019-10-16 20:41:54,427 [ForkJoinPool.commonPool-worker-0] INFO  util.JmxRegister (JmxRegister.java:tryRegister(44)) - Successfully registered JMX Bean with object name Ratis:service=RaftServer,group=group-746BA78DFDB7,id=bc0bc980-c963-48ce-962e-85091c893131
2019-10-16 20:41:54,428 [Datanode State Machine Thread - 0] INFO  impl.RaftServerProxy (RaftServerProxy.java:lambda$start$3(299)) - bc0bc980-c963-48ce-962e-85091c893131: start RPC server
2019-10-16 20:41:54,428 [Datanode State Machine Thread - 0] INFO  server.GrpcService (GrpcService.java:startImpl(158)) - bc0bc980-c963-48ce-962e-85091c893131: GrpcService started, listening on 0.0.0.0/0.0.0.0:46787
2019-10-16 20:41:54,467 [Thread-745] INFO  impl.FollowerState (FollowerState.java:run(108)) - 46069bd9-45fc-4c82-823c-36f07a1bcff0@group-746BA78DFDB7-FollowerState: change to CANDIDATE, lastRpcTime:47ms, electionTimeout:47ms
2019-10-16 20:41:54,467 [Thread-745] INFO  impl.RoleInfo (RoleInfo.java:shutdownFollowerState(121)) - 46069bd9-45fc-4c82-823c-36f07a1bcff0: shutdown FollowerState
2019-10-16 20:41:54,467 [Thread-745] INFO  impl.RaftServerImpl (RaftServerImpl.java:setRole(184)) - 46069bd9-45fc-4c82-823c-36f07a1bcff0@group-746BA78DFDB7: changes role from  FOLLOWER to CANDIDATE at term 2 for changeToCandidate
2019-10-16 20:41:54,467 [Thread-745] INFO  impl.RoleInfo (RoleInfo.java:updateAndGet(143)) - 46069bd9-45fc-4c82-823c-36f07a1bcff0: start LeaderElection
2019-10-16 20:41:54,474 [Thread-747] INFO  impl.FollowerState (FollowerState.java:run(108)) - bc0bc980-c963-48ce-962e-85091c893131@group-746BA78DFDB7-FollowerState: change to CANDIDATE, lastRpcTime:47ms, electionTimeout:47ms
2019-10-16 20:41:54,475 [Thread-747] INFO  impl.RoleInfo (RoleInfo.java:shutdownFollowerState(121)) - bc0bc980-c963-48ce-962e-85091c893131: shutdown FollowerState
2019-10-16 20:41:54,475 [Thread-747] INFO  impl.RaftServerImpl (RaftServerImpl.java:setRole(184)) - bc0bc980-c963-48ce-962e-85091c893131@group-746BA78DFDB7: changes role from  FOLLOWER to CANDIDATE at term 1 for changeToCandidate
2019-10-16 20:41:54,475 [Thread-747] INFO  impl.RoleInfo (RoleInfo.java:updateAndGet(143)) - bc0bc980-c963-48ce-962e-85091c893131: start LeaderElection
2019-10-16 20:41:54,478 [Thread-739] INFO  impl.FollowerState (FollowerState.java:run(108)) - 46069bd9-45fc-4c82-823c-36f07a1bcff0@group-EDF575672A97-FollowerState: change to CANDIDATE, lastRpcTime:186ms, electionTimeout:186ms
2019-10-16 20:41:54,478 [Thread-739] INFO  impl.RoleInfo (RoleInfo.java:shutdownFollowerState(121)) - 46069bd9-45fc-4c82-823c-36f07a1bcff0: shutdown FollowerState
2019-10-16 20:41:54,478 [Thread-739] INFO  impl.RaftServerImpl (RaftServerImpl.java:setRole(184)) - 46069bd9-45fc-4c82-823c-36f07a1bcff0@group-EDF575672A97: changes role from  FOLLOWER to CANDIDATE at term 1 for changeToCandidate
2019-10-16 20:41:54,478 [Thread-739] INFO  impl.RoleInfo (RoleInfo.java:updateAndGet(143)) - 46069bd9-45fc-4c82-823c-36f07a1bcff0: start LeaderElection
2019-10-16 20:41:54,483 [bc0bc980-c963-48ce-962e-85091c893131@group-746BA78DFDB7-LeaderElection30] INFO  impl.LeaderElection (LeaderElection.java:askForVotes(178)) - bc0bc980-c963-48ce-962e-85091c893131@group-746BA78DFDB7-LeaderElection30: begin an election at term 2 for 0: [46069bd9-45fc-4c82-823c-36f07a1bcff0:192.168.157.254:34001, bc0bc980-c963-48ce-962e-85091c893131:192.168.157.254:46787, d612b743-bedc-4c3f-983e-e3329f8a2e6f:192.168.157.254:44523], old=null
2019-10-16 20:41:54,483 [46069bd9-45fc-4c82-823c-36f07a1bcff0@group-746BA78DFDB7-LeaderElection29] INFO  impl.LeaderElection (LeaderElection.java:askForVotes(178)) - 46069bd9-45fc-4c82-823c-36f07a1bcff0@group-746BA78DFDB7-LeaderElection29: begin an election at term 3 for 0: [46069bd9-45fc-4c82-823c-36f07a1bcff0:192.168.157.254:34001, bc0bc980-c963-48ce-962e-85091c893131:192.168.157.254:46787, d612b743-bedc-4c3f-983e-e3329f8a2e6f:192.168.157.254:44523], old=null
2019-10-16 20:41:54,485 [46069bd9-45fc-4c82-823c-36f07a1bcff0@group-746BA78DFDB7-LeaderElection29] INFO  impl.LeaderElection (LogUtils.java:infoOrTrace(149)) - 46069bd9-45fc-4c82-823c-36f07a1bcff0@group-746BA78DFDB7-LeaderElection29 got exception when requesting votes: {}
java.util.concurrent.ExecutionException: org.apache.ratis.thirdparty.io.grpc.StatusRuntimeException: UNAVAILABLE: io exception
	at java.util.concurrent.FutureTask.report(FutureTask.java:122)
	at java.util.concurrent.FutureTask.get(FutureTask.java:192)
	at org.apache.ratis.server.impl.LeaderElection.waitForResults(LeaderElection.java:259)
	at org.apache.ratis.server.impl.LeaderElection.askForVotes(LeaderElection.java:197)
	at org.apache.ratis.server.impl.LeaderElection.run(LeaderElection.java:133)
	at java.lang.Thread.run(Thread.java:748)
Caused by: org.apache.ratis.thirdparty.io.grpc.StatusRuntimeException: UNAVAILABLE: io exception
	at org.apache.ratis.thirdparty.io.grpc.stub.ClientCalls.toStatusRuntimeException(ClientCalls.java:233)
	at org.apache.ratis.thirdparty.io.grpc.stub.ClientCalls.getUnchecked(ClientCalls.java:214)
	at org.apache.ratis.thirdparty.io.grpc.stub.ClientCalls.blockingUnaryCall(ClientCalls.java:139)
	at org.apache.ratis.proto.grpc.RaftServerProtocolServiceGrpc$RaftServerProtocolServiceBlockingStub.requestVote(RaftServerProtocolServiceGrpc.java:265)
	at org.apache.ratis.grpc.server.GrpcServerProtocolClient.requestVote(GrpcServerProtocolClient.java:99)
	at org.apache.ratis.grpc.server.GrpcService.requestVote(GrpcService.java:204)
	at org.apache.ratis.server.impl.LeaderElection.lambda$submitRequests$1(LeaderElection.java:234)
	at java.util.concurrent.FutureTask.run(FutureTask.java:266)
	at java.util.concurrent.Executors$RunnableAdapter.call(Executors.java:511)
	at java.util.concurrent.FutureTask.run(FutureTask.java:266)
	at java.util.concurrent.ThreadPoolExecutor.runWorker(ThreadPoolExecutor.java:1149)
	at java.util.concurrent.ThreadPoolExecutor$Worker.run(ThreadPoolExecutor.java:624)
	... 1 more
Caused by: org.apache.ratis.thirdparty.io.netty.channel.AbstractChannel$AnnotatedConnectException: Connection refused: /192.168.157.254:46787
	at sun.nio.ch.SocketChannelImpl.checkConnect(Native Method)
	at sun.nio.ch.SocketChannelImpl.finishConnect(SocketChannelImpl.java:717)
	at org.apache.ratis.thirdparty.io.netty.channel.socket.nio.NioSocketChannel.doFinishConnect(NioSocketChannel.java:327)
	at org.apache.ratis.thirdparty.io.netty.channel.nio.AbstractNioChannel$AbstractNioUnsafe.finishConnect(AbstractNioChannel.java:340)
	at org.apache.ratis.thirdparty.io.netty.channel.nio.NioEventLoop.processSelectedKey(NioEventLoop.java:632)
	at org.apache.ratis.thirdparty.io.netty.channel.nio.NioEventLoop.processSelectedKeysOptimized(NioEventLoop.java:579)
	at org.apache.ratis.thirdparty.io.netty.channel.nio.NioEventLoop.processSelectedKeys(NioEventLoop.java:496)
	at org.apache.ratis.thirdparty.io.netty.channel.nio.NioEventLoop.run(NioEventLoop.java:458)
	at org.apache.ratis.thirdparty.io.netty.util.concurrent.SingleThreadEventExecutor$5.run(SingleThreadEventExecutor.java:897)
	at org.apache.ratis.thirdparty.io.netty.util.concurrent.FastThreadLocalRunnable.run(FastThreadLocalRunnable.java:30)
	... 1 more
Caused by: java.net.ConnectException: Connection refused
	... 11 more
2019-10-16 20:41:54,486 [46069bd9-45fc-4c82-823c-36f07a1bcff0@group-EDF575672A97-LeaderElection31] INFO  impl.LeaderElection (LeaderElection.java:askForVotes(178)) - 46069bd9-45fc-4c82-823c-36f07a1bcff0@group-EDF575672A97-LeaderElection31: begin an election at term 2 for 0: [46069bd9-45fc-4c82-823c-36f07a1bcff0:192.168.157.254:34001], old=null
2019-10-16 20:41:54,486 [46069bd9-45fc-4c82-823c-36f07a1bcff0@group-746BA78DFDB7-LeaderElection29] INFO  impl.LeaderElection (LogUtils.java:infoOrTrace(149)) - 46069bd9-45fc-4c82-823c-36f07a1bcff0@group-746BA78DFDB7-LeaderElection29 got exception when requesting votes: {}
java.util.concurrent.ExecutionException: org.apache.ratis.thirdparty.io.grpc.StatusRuntimeException: UNAVAILABLE: io exception
	at java.util.concurrent.FutureTask.report(FutureTask.java:122)
	at java.util.concurrent.FutureTask.get(FutureTask.java:192)
	at org.apache.ratis.server.impl.LeaderElection.waitForResults(LeaderElection.java:259)
	at org.apache.ratis.server.impl.LeaderElection.askForVotes(LeaderElection.java:197)
	at org.apache.ratis.server.impl.LeaderElection.run(LeaderElection.java:133)
	at java.lang.Thread.run(Thread.java:748)
Caused by: org.apache.ratis.thirdparty.io.grpc.StatusRuntimeException: UNAVAILABLE: io exception
	at org.apache.ratis.thirdparty.io.grpc.stub.ClientCalls.toStatusRuntimeException(ClientCalls.java:233)
	at org.apache.ratis.thirdparty.io.grpc.stub.ClientCalls.getUnchecked(ClientCalls.java:214)
	at org.apache.ratis.thirdparty.io.grpc.stub.ClientCalls.blockingUnaryCall(ClientCalls.java:139)
	at org.apache.ratis.proto.grpc.RaftServerProtocolServiceGrpc$RaftServerProtocolServiceBlockingStub.requestVote(RaftServerProtocolServiceGrpc.java:265)
	at org.apache.ratis.grpc.server.GrpcServerProtocolClient.requestVote(GrpcServerProtocolClient.java:99)
	at org.apache.ratis.grpc.server.GrpcService.requestVote(GrpcService.java:204)
	at org.apache.ratis.server.impl.LeaderElection.lambda$submitRequests$1(LeaderElection.java:234)
	at java.util.concurrent.FutureTask.run(FutureTask.java:266)
	at java.util.concurrent.Executors$RunnableAdapter.call(Executors.java:511)
	at java.util.concurrent.FutureTask.run(FutureTask.java:266)
	at java.util.concurrent.ThreadPoolExecutor.runWorker(ThreadPoolExecutor.java:1149)
	at java.util.concurrent.ThreadPoolExecutor$Worker.run(ThreadPoolExecutor.java:624)
	... 1 more
Caused by: org.apache.ratis.thirdparty.io.netty.channel.AbstractChannel$AnnotatedConnectException: Connection refused: /192.168.157.254:44523
	at sun.nio.ch.SocketChannelImpl.checkConnect(Native Method)
	at sun.nio.ch.SocketChannelImpl.finishConnect(SocketChannelImpl.java:717)
	at org.apache.ratis.thirdparty.io.netty.channel.socket.nio.NioSocketChannel.doFinishConnect(NioSocketChannel.java:327)
	at org.apache.ratis.thirdparty.io.netty.channel.nio.AbstractNioChannel$AbstractNioUnsafe.finishConnect(AbstractNioChannel.java:340)
	at org.apache.ratis.thirdparty.io.netty.channel.nio.NioEventLoop.processSelectedKey(NioEventLoop.java:632)
	at org.apache.ratis.thirdparty.io.netty.channel.nio.NioEventLoop.processSelectedKeysOptimized(NioEventLoop.java:579)
	at org.apache.ratis.thirdparty.io.netty.channel.nio.NioEventLoop.processSelectedKeys(NioEventLoop.java:496)
	at org.apache.ratis.thirdparty.io.netty.channel.nio.NioEventLoop.run(NioEventLoop.java:458)
	at org.apache.ratis.thirdparty.io.netty.util.concurrent.SingleThreadEventExecutor$5.run(SingleThreadEventExecutor.java:897)
	at org.apache.ratis.thirdparty.io.netty.util.concurrent.FastThreadLocalRunnable.run(FastThreadLocalRunnable.java:30)
	... 1 more
Caused by: java.net.ConnectException: Connection refused
	... 11 more
2019-10-16 20:41:54,486 [46069bd9-45fc-4c82-823c-36f07a1bcff0@group-EDF575672A97-LeaderElection31] INFO  impl.RoleInfo (RoleInfo.java:shutdownLeaderElection(134)) - 46069bd9-45fc-4c82-823c-36f07a1bcff0: shutdown LeaderElection
2019-10-16 20:41:54,488 [46069bd9-45fc-4c82-823c-36f07a1bcff0@group-746BA78DFDB7-LeaderElection29] INFO  impl.LeaderElection (LeaderElection.java:logAndReturn(56)) - 46069bd9-45fc-4c82-823c-36f07a1bcff0@group-746BA78DFDB7-LeaderElection29: Election REJECTED; received 0 response(s) [] and 2 exception(s); 46069bd9-45fc-4c82-823c-36f07a1bcff0@group-746BA78DFDB7:t3, leader=null, voted=46069bd9-45fc-4c82-823c-36f07a1bcff0, raftlog=46069bd9-45fc-4c82-823c-36f07a1bcff0@group-746BA78DFDB7-SegmentedRaftLog:OPENED:c-1,f0,i0, conf=0: [46069bd9-45fc-4c82-823c-36f07a1bcff0:192.168.157.254:34001, bc0bc980-c963-48ce-962e-85091c893131:192.168.157.254:46787, d612b743-bedc-4c3f-983e-e3329f8a2e6f:192.168.157.254:44523], old=null
2019-10-16 20:41:54,488 [bc0bc980-c963-48ce-962e-85091c893131@group-746BA78DFDB7-LeaderElection30] INFO  impl.LeaderElection (LogUtils.java:infoOrTrace(149)) - bc0bc980-c963-48ce-962e-85091c893131@group-746BA78DFDB7-LeaderElection30 got exception when requesting votes: {}
java.util.concurrent.ExecutionException: org.apache.ratis.thirdparty.io.grpc.StatusRuntimeException: UNAVAILABLE: io exception
	at java.util.concurrent.FutureTask.report(FutureTask.java:122)
	at java.util.concurrent.FutureTask.get(FutureTask.java:192)
	at org.apache.ratis.server.impl.LeaderElection.waitForResults(LeaderElection.java:259)
	at org.apache.ratis.server.impl.LeaderElection.askForVotes(LeaderElection.java:197)
	at org.apache.ratis.server.impl.LeaderElection.run(LeaderElection.java:133)
	at java.lang.Thread.run(Thread.java:748)
Caused by: org.apache.ratis.thirdparty.io.grpc.StatusRuntimeException: UNAVAILABLE: io exception
	at org.apache.ratis.thirdparty.io.grpc.stub.ClientCalls.toStatusRuntimeException(ClientCalls.java:233)
	at org.apache.ratis.thirdparty.io.grpc.stub.ClientCalls.getUnchecked(ClientCalls.java:214)
	at org.apache.ratis.thirdparty.io.grpc.stub.ClientCalls.blockingUnaryCall(ClientCalls.java:139)
	at org.apache.ratis.proto.grpc.RaftServerProtocolServiceGrpc$RaftServerProtocolServiceBlockingStub.requestVote(RaftServerProtocolServiceGrpc.java:265)
	at org.apache.ratis.grpc.server.GrpcServerProtocolClient.requestVote(GrpcServerProtocolClient.java:99)
	at org.apache.ratis.grpc.server.GrpcService.requestVote(GrpcService.java:204)
	at org.apache.ratis.server.impl.LeaderElection.lambda$submitRequests$1(LeaderElection.java:234)
	at java.util.concurrent.FutureTask.run(FutureTask.java:266)
	at java.util.concurrent.Executors$RunnableAdapter.call(Executors.java:511)
	at java.util.concurrent.FutureTask.run(FutureTask.java:266)
	at java.util.concurrent.ThreadPoolExecutor.runWorker(ThreadPoolExecutor.java:1149)
	at java.util.concurrent.ThreadPoolExecutor$Worker.run(ThreadPoolExecutor.java:624)
	... 1 more
Caused by: org.apache.ratis.thirdparty.io.netty.channel.AbstractChannel$AnnotatedConnectException: Connection refused: /192.168.157.254:44523
	at sun.nio.ch.SocketChannelImpl.checkConnect(Native Method)
	at sun.nio.ch.SocketChannelImpl.finishConnect(SocketChannelImpl.java:717)
	at org.apache.ratis.thirdparty.io.netty.channel.socket.nio.NioSocketChannel.doFinishConnect(NioSocketChannel.java:327)
	at org.apache.ratis.thirdparty.io.netty.channel.nio.AbstractNioChannel$AbstractNioUnsafe.finishConnect(AbstractNioChannel.java:340)
	at org.apache.ratis.thirdparty.io.netty.channel.nio.NioEventLoop.processSelectedKey(NioEventLoop.java:632)
	at org.apache.ratis.thirdparty.io.netty.channel.nio.NioEventLoop.processSelectedKeysOptimized(NioEventLoop.java:579)
	at org.apache.ratis.thirdparty.io.netty.channel.nio.NioEventLoop.processSelectedKeys(NioEventLoop.java:496)
	at org.apache.ratis.thirdparty.io.netty.channel.nio.NioEventLoop.run(NioEventLoop.java:458)
	at org.apache.ratis.thirdparty.io.netty.util.concurrent.SingleThreadEventExecutor$5.run(SingleThreadEventExecutor.java:897)
	at org.apache.ratis.thirdparty.io.netty.util.concurrent.FastThreadLocalRunnable.run(FastThreadLocalRunnable.java:30)
	... 1 more
Caused by: java.net.ConnectException: Connection refused
	... 11 more
2019-10-16 20:41:54,488 [46069bd9-45fc-4c82-823c-36f07a1bcff0@group-EDF575672A97-LeaderElection31] INFO  impl.RaftServerImpl (RaftServerImpl.java:setRole(184)) - 46069bd9-45fc-4c82-823c-36f07a1bcff0@group-EDF575672A97: changes role from CANDIDATE to LEADER at term 2 for changeToLeader
2019-10-16 20:41:54,492 [46069bd9-45fc-4c82-823c-36f07a1bcff0@group-EDF575672A97-LeaderElection31] INFO  ratis.XceiverServerRatis (XceiverServerRatis.java:handleLeaderChangedNotification(700)) - Leader change notification received for group: group-EDF575672A97 with new leaderId: 46069bd9-45fc-4c82-823c-36f07a1bcff0
2019-10-16 20:41:54,488 [46069bd9-45fc-4c82-823c-36f07a1bcff0@group-746BA78DFDB7-LeaderElection29] INFO  impl.LeaderElection (LogUtils.java:infoOrTrace(149)) -   Exception 0: {}
java.util.concurrent.ExecutionException: org.apache.ratis.thirdparty.io.grpc.StatusRuntimeException: UNAVAILABLE: io exception
	at java.util.concurrent.FutureTask.report(FutureTask.java:122)
	at java.util.concurrent.FutureTask.get(FutureTask.java:192)
	at org.apache.ratis.server.impl.LeaderElection.waitForResults(LeaderElection.java:259)
	at org.apache.ratis.server.impl.LeaderElection.askForVotes(LeaderElection.java:197)
	at org.apache.ratis.server.impl.LeaderElection.run(LeaderElection.java:133)
	at java.lang.Thread.run(Thread.java:748)
Caused by: org.apache.ratis.thirdparty.io.grpc.StatusRuntimeException: UNAVAILABLE: io exception
	at org.apache.ratis.thirdparty.io.grpc.stub.ClientCalls.toStatusRuntimeException(ClientCalls.java:233)
	at org.apache.ratis.thirdparty.io.grpc.stub.ClientCalls.getUnchecked(ClientCalls.java:214)
	at org.apache.ratis.thirdparty.io.grpc.stub.ClientCalls.blockingUnaryCall(ClientCalls.java:139)
	at org.apache.ratis.proto.grpc.RaftServerProtocolServiceGrpc$RaftServerProtocolServiceBlockingStub.requestVote(RaftServerProtocolServiceGrpc.java:265)
	at org.apache.ratis.grpc.server.GrpcServerProtocolClient.requestVote(GrpcServerProtocolClient.java:99)
	at org.apache.ratis.grpc.server.GrpcService.requestVote(GrpcService.java:204)
	at org.apache.ratis.server.impl.LeaderElection.lambda$submitRequests$1(LeaderElection.java:234)
	at java.util.concurrent.FutureTask.run(FutureTask.java:266)
	at java.util.concurrent.Executors$RunnableAdapter.call(Executors.java:511)
	at java.util.concurrent.FutureTask.run(FutureTask.java:266)
	at java.util.concurrent.ThreadPoolExecutor.runWorker(ThreadPoolExecutor.java:1149)
	at java.util.concurrent.ThreadPoolExecutor$Worker.run(ThreadPoolExecutor.java:624)
	... 1 more
Caused by: org.apache.ratis.thirdparty.io.netty.channel.AbstractChannel$AnnotatedConnectException: Connection refused: /192.168.157.254:46787
	at sun.nio.ch.SocketChannelImpl.checkConnect(Native Method)
	at sun.nio.ch.SocketChannelImpl.finishConnect(SocketChannelImpl.java:717)
	at org.apache.ratis.thirdparty.io.netty.channel.socket.nio.NioSocketChannel.doFinishConnect(NioSocketChannel.java:327)
	at org.apache.ratis.thirdparty.io.netty.channel.nio.AbstractNioChannel$AbstractNioUnsafe.finishConnect(AbstractNioChannel.java:340)
	at org.apache.ratis.thirdparty.io.netty.channel.nio.NioEventLoop.processSelectedKey(NioEventLoop.java:632)
	at org.apache.ratis.thirdparty.io.netty.channel.nio.NioEventLoop.processSelectedKeysOptimized(NioEventLoop.java:579)
	at org.apache.ratis.thirdparty.io.netty.channel.nio.NioEventLoop.processSelectedKeys(NioEventLoop.java:496)
	at org.apache.ratis.thirdparty.io.netty.channel.nio.NioEventLoop.run(NioEventLoop.java:458)
	at org.apache.ratis.thirdparty.io.netty.util.concurrent.SingleThreadEventExecutor$5.run(SingleThreadEventExecutor.java:897)
	at org.apache.ratis.thirdparty.io.netty.util.concurrent.FastThreadLocalRunnable.run(FastThreadLocalRunnable.java:30)
	... 1 more
Caused by: java.net.ConnectException: Connection refused
	... 11 more
2019-10-16 20:41:54,493 [46069bd9-45fc-4c82-823c-36f07a1bcff0@group-746BA78DFDB7-LeaderElection29] INFO  impl.LeaderElection (LogUtils.java:infoOrTrace(149)) -   Exception 1: {}
java.util.concurrent.ExecutionException: org.apache.ratis.thirdparty.io.grpc.StatusRuntimeException: UNAVAILABLE: io exception
	at java.util.concurrent.FutureTask.report(FutureTask.java:122)
	at java.util.concurrent.FutureTask.get(FutureTask.java:192)
	at org.apache.ratis.server.impl.LeaderElection.waitForResults(LeaderElection.java:259)
	at org.apache.ratis.server.impl.LeaderElection.askForVotes(LeaderElection.java:197)
	at org.apache.ratis.server.impl.LeaderElection.run(LeaderElection.java:133)
	at java.lang.Thread.run(Thread.java:748)
Caused by: org.apache.ratis.thirdparty.io.grpc.StatusRuntimeException: UNAVAILABLE: io exception
	at org.apache.ratis.thirdparty.io.grpc.stub.ClientCalls.toStatusRuntimeException(ClientCalls.java:233)
	at org.apache.ratis.thirdparty.io.grpc.stub.ClientCalls.getUnchecked(ClientCalls.java:214)
	at org.apache.ratis.thirdparty.io.grpc.stub.ClientCalls.blockingUnaryCall(ClientCalls.java:139)
	at org.apache.ratis.proto.grpc.RaftServerProtocolServiceGrpc$RaftServerProtocolServiceBlockingStub.requestVote(RaftServerProtocolServiceGrpc.java:265)
	at org.apache.ratis.grpc.server.GrpcServerProtocolClient.requestVote(GrpcServerProtocolClient.java:99)
	at org.apache.ratis.grpc.server.GrpcService.requestVote(GrpcService.java:204)
	at org.apache.ratis.server.impl.LeaderElection.lambda$submitRequests$1(LeaderElection.java:234)
	at java.util.concurrent.FutureTask.run(FutureTask.java:266)
	at java.util.concurrent.Executors$RunnableAdapter.call(Executors.java:511)
	at java.util.concurrent.FutureTask.run(FutureTask.java:266)
	at java.util.concurrent.ThreadPoolExecutor.runWorker(ThreadPoolExecutor.java:1149)
	at java.util.concurrent.ThreadPoolExecutor$Worker.run(ThreadPoolExecutor.java:624)
	... 1 more
Caused by: org.apache.ratis.thirdparty.io.netty.channel.AbstractChannel$AnnotatedConnectException: Connection refused: /192.168.157.254:44523
	at sun.nio.ch.SocketChannelImpl.checkConnect(Native Method)
	at sun.nio.ch.SocketChannelImpl.finishConnect(SocketChannelImpl.java:717)
	at org.apache.ratis.thirdparty.io.netty.channel.socket.nio.NioSocketChannel.doFinishConnect(NioSocketChannel.java:327)
	at org.apache.ratis.thirdparty.io.netty.channel.nio.AbstractNioChannel$AbstractNioUnsafe.finishConnect(AbstractNioChannel.java:340)
	at org.apache.ratis.thirdparty.io.netty.channel.nio.NioEventLoop.processSelectedKey(NioEventLoop.java:632)
	at org.apache.ratis.thirdparty.io.netty.channel.nio.NioEventLoop.processSelectedKeysOptimized(NioEventLoop.java:579)
	at org.apache.ratis.thirdparty.io.netty.channel.nio.NioEventLoop.processSelectedKeys(NioEventLoop.java:496)
	at org.apache.ratis.thirdparty.io.netty.channel.nio.NioEventLoop.run(NioEventLoop.java:458)
	at org.apache.ratis.thirdparty.io.netty.util.concurrent.SingleThreadEventExecutor$5.run(SingleThreadEventExecutor.java:897)
	at org.apache.ratis.thirdparty.io.netty.util.concurrent.FastThreadLocalRunnable.run(FastThreadLocalRunnable.java:30)
	... 1 more
Caused by: java.net.ConnectException: Connection refused
	... 11 more
2019-10-16 20:41:54,493 [46069bd9-45fc-4c82-823c-36f07a1bcff0@group-EDF575672A97-LeaderElection31] INFO  impl.RaftServerImpl (ServerState.java:setLeader(256)) - 46069bd9-45fc-4c82-823c-36f07a1bcff0@group-EDF575672A97: change Leader from null to 46069bd9-45fc-4c82-823c-36f07a1bcff0 at term 2 for becomeLeader, leader elected after 2150ms
2019-10-16 20:41:54,494 [46069bd9-45fc-4c82-823c-36f07a1bcff0@group-746BA78DFDB7-LeaderElection29] INFO  impl.RaftServerImpl (RaftServerImpl.java:setRole(184)) - 46069bd9-45fc-4c82-823c-36f07a1bcff0@group-746BA78DFDB7: changes role from CANDIDATE to FOLLOWER at term 3 for DISCOVERED_A_NEW_TERM
2019-10-16 20:41:54,494 [46069bd9-45fc-4c82-823c-36f07a1bcff0@group-EDF575672A97-LeaderElection31] INFO  server.RaftServerConfigKeys (ConfUtils.java:logGet(43)) - raft.server.staging.catchup.gap = 1000 (default)
2019-10-16 20:41:54,495 [46069bd9-45fc-4c82-823c-36f07a1bcff0@group-746BA78DFDB7-LeaderElection29] INFO  impl.RoleInfo (RoleInfo.java:shutdownLeaderElection(134)) - 46069bd9-45fc-4c82-823c-36f07a1bcff0: shutdown LeaderElection
2019-10-16 20:41:54,495 [46069bd9-45fc-4c82-823c-36f07a1bcff0@group-EDF575672A97-LeaderElection31] INFO  server.RaftServerConfigKeys (ConfUtils.java:logGet(43)) - raft.server.rpc.sleep.time = 25ms (default)
2019-10-16 20:41:54,495 [46069bd9-45fc-4c82-823c-36f07a1bcff0@group-746BA78DFDB7-LeaderElection29] INFO  impl.RoleInfo (RoleInfo.java:updateAndGet(143)) - 46069bd9-45fc-4c82-823c-36f07a1bcff0: start FollowerState
2019-10-16 20:41:54,495 [46069bd9-45fc-4c82-823c-36f07a1bcff0@group-EDF575672A97-LeaderElection31] INFO  server.RaftServerConfigKeys (ConfUtils.java:logGet(43)) - raft.server.write.element-limit = 4096 (default)
2019-10-16 20:41:54,496 [46069bd9-45fc-4c82-823c-36f07a1bcff0@group-EDF575672A97-LeaderElection31] INFO  server.RaftServerConfigKeys (ConfUtils.java:logGet(43)) - raft.server.watch.timeout = 10s (default)
2019-10-16 20:41:54,496 [46069bd9-45fc-4c82-823c-36f07a1bcff0@group-EDF575672A97-LeaderElection31] INFO  server.RaftServerConfigKeys (ConfUtils.java:logGet(43)) - raft.server.watch.timeout.denomination = 1s (default)
2019-10-16 20:41:54,496 [46069bd9-45fc-4c82-823c-36f07a1bcff0@group-EDF575672A97-LeaderElection31] INFO  server.RaftServerConfigKeys (ConfUtils.java:logGet(43)) - raft.server.watch.element-limit = 65536 (default)
2019-10-16 20:41:54,496 [46069bd9-45fc-4c82-823c-36f07a1bcff0@group-EDF575672A97-LeaderElection31] INFO  impl.RoleInfo (RoleInfo.java:updateAndGet(143)) - 46069bd9-45fc-4c82-823c-36f07a1bcff0: start LeaderState
2019-10-16 20:41:54,498 [46069bd9-45fc-4c82-823c-36f07a1bcff0@group-EDF575672A97-LeaderElection31] INFO  segmented.SegmentedRaftLogWorker (SegmentedRaftLogWorker.java:rollLogSegment(390)) - 46069bd9-45fc-4c82-823c-36f07a1bcff0@group-EDF575672A97-SegmentedRaftLogWorker: Rolling segment log-0_0 to index:0
2019-10-16 20:41:54,500 [bc0bc980-c963-48ce-962e-85091c893131@group-746BA78DFDB7-LeaderElection30] INFO  impl.LeaderElection (LeaderElection.java:logAndReturn(56)) - bc0bc980-c963-48ce-962e-85091c893131@group-746BA78DFDB7-LeaderElection30: Election DISCOVERED_A_NEW_TERM; received 1 response(s) [bc0bc980-c963-48ce-962e-85091c893131<-46069bd9-45fc-4c82-823c-36f07a1bcff0#0:FAIL-t3] and 1 exception(s); bc0bc980-c963-48ce-962e-85091c893131@group-746BA78DFDB7:t2, leader=null, voted=bc0bc980-c963-48ce-962e-85091c893131, raftlog=bc0bc980-c963-48ce-962e-85091c893131@group-746BA78DFDB7-SegmentedRaftLog:OPENED:c-1,f0,i0, conf=0: [46069bd9-45fc-4c82-823c-36f07a1bcff0:192.168.157.254:34001, bc0bc980-c963-48ce-962e-85091c893131:192.168.157.254:46787, d612b743-bedc-4c3f-983e-e3329f8a2e6f:192.168.157.254:44523], old=null
2019-10-16 20:41:54,501 [Thread-746] INFO  impl.FollowerState (FollowerState.java:run(108)) - bc0bc980-c963-48ce-962e-85091c893131@group-1056DBF44000-FollowerState: change to CANDIDATE, lastRpcTime:74ms, electionTimeout:73ms
2019-10-16 20:41:54,500 [46069bd9-45fc-4c82-823c-36f07a1bcff0@group-EDF575672A97-LeaderElection31] INFO  impl.RaftServerImpl (ServerState.java:setRaftConf(357)) - 46069bd9-45fc-4c82-823c-36f07a1bcff0@group-EDF575672A97: set configuration 1: [46069bd9-45fc-4c82-823c-36f07a1bcff0:192.168.157.254:34001], old=null at 1
2019-10-16 20:41:54,502 [Thread-746] INFO  impl.RoleInfo (RoleInfo.java:shutdownFollowerState(121)) - bc0bc980-c963-48ce-962e-85091c893131: shutdown FollowerState
2019-10-16 20:41:54,502 [Thread-746] INFO  impl.RaftServerImpl (RaftServerImpl.java:setRole(184)) - bc0bc980-c963-48ce-962e-85091c893131@group-1056DBF44000: changes role from  FOLLOWER to CANDIDATE at term 1 for changeToCandidate
2019-10-16 20:41:54,502 [bc0bc980-c963-48ce-962e-85091c893131@group-746BA78DFDB7-LeaderElection30] INFO  impl.LeaderElection (LogUtils.java:infoOrTrace(149)) -   Exception 0: {}
java.util.concurrent.ExecutionException: org.apache.ratis.thirdparty.io.grpc.StatusRuntimeException: UNAVAILABLE: io exception
	at java.util.concurrent.FutureTask.report(FutureTask.java:122)
	at java.util.concurrent.FutureTask.get(FutureTask.java:192)
	at org.apache.ratis.server.impl.LeaderElection.waitForResults(LeaderElection.java:259)
	at org.apache.ratis.server.impl.LeaderElection.askForVotes(LeaderElection.java:197)
	at org.apache.ratis.server.impl.LeaderElection.run(LeaderElection.java:133)
	at java.lang.Thread.run(Thread.java:748)
Caused by: org.apache.ratis.thirdparty.io.grpc.StatusRuntimeException: UNAVAILABLE: io exception
	at org.apache.ratis.thirdparty.io.grpc.stub.ClientCalls.toStatusRuntimeException(ClientCalls.java:233)
	at org.apache.ratis.thirdparty.io.grpc.stub.ClientCalls.getUnchecked(ClientCalls.java:214)
	at org.apache.ratis.thirdparty.io.grpc.stub.ClientCalls.blockingUnaryCall(ClientCalls.java:139)
	at org.apache.ratis.proto.grpc.RaftServerProtocolServiceGrpc$RaftServerProtocolServiceBlockingStub.requestVote(RaftServerProtocolServiceGrpc.java:265)
	at org.apache.ratis.grpc.server.GrpcServerProtocolClient.requestVote(GrpcServerProtocolClient.java:99)
	at org.apache.ratis.grpc.server.GrpcService.requestVote(GrpcService.java:204)
	at org.apache.ratis.server.impl.LeaderElection.lambda$submitRequests$1(LeaderElection.java:234)
	at java.util.concurrent.FutureTask.run(FutureTask.java:266)
	at java.util.concurrent.Executors$RunnableAdapter.call(Executors.java:511)
	at java.util.concurrent.FutureTask.run(FutureTask.java:266)
	at java.util.concurrent.ThreadPoolExecutor.runWorker(ThreadPoolExecutor.java:1149)
	at java.util.concurrent.ThreadPoolExecutor$Worker.run(ThreadPoolExecutor.java:624)
	... 1 more
Caused by: org.apache.ratis.thirdparty.io.netty.channel.AbstractChannel$AnnotatedConnectException: Connection refused: /192.168.157.254:44523
	at sun.nio.ch.SocketChannelImpl.checkConnect(Native Method)
	at sun.nio.ch.SocketChannelImpl.finishConnect(SocketChannelImpl.java:717)
	at org.apache.ratis.thirdparty.io.netty.channel.socket.nio.NioSocketChannel.doFinishConnect(NioSocketChannel.java:327)
	at org.apache.ratis.thirdparty.io.netty.channel.nio.AbstractNioChannel$AbstractNioUnsafe.finishConnect(AbstractNioChannel.java:340)
	at org.apache.ratis.thirdparty.io.netty.channel.nio.NioEventLoop.processSelectedKey(NioEventLoop.java:632)
	at org.apache.ratis.thirdparty.io.netty.channel.nio.NioEventLoop.processSelectedKeysOptimized(NioEventLoop.java:579)
	at org.apache.ratis.thirdparty.io.netty.channel.nio.NioEventLoop.processSelectedKeys(NioEventLoop.java:496)
	at org.apache.ratis.thirdparty.io.netty.channel.nio.NioEventLoop.run(NioEventLoop.java:458)
	at org.apache.ratis.thirdparty.io.netty.util.concurrent.SingleThreadEventExecutor$5.run(SingleThreadEventExecutor.java:897)
	at org.apache.ratis.thirdparty.io.netty.util.concurrent.FastThreadLocalRunnable.run(FastThreadLocalRunnable.java:30)
	... 1 more
Caused by: java.net.ConnectException: Connection refused
	... 11 more
2019-10-16 20:41:54,502 [Thread-746] INFO  impl.RoleInfo (RoleInfo.java:updateAndGet(143)) - bc0bc980-c963-48ce-962e-85091c893131: start LeaderElection
2019-10-16 20:41:54,502 [46069bd9-45fc-4c82-823c-36f07a1bcff0@group-EDF575672A97-SegmentedRaftLogWorker] INFO  segmented.SegmentedRaftLogWorker (SegmentedRaftLogWorker.java:execute(533)) - 46069bd9-45fc-4c82-823c-36f07a1bcff0@group-EDF575672A97-SegmentedRaftLogWorker: Rolled log segment from /workdir/hadoop-ozone/integration-test/target/test-dir/MiniOzoneClusterImpl-d661fb9f-1fa9-4d83-aa41-108be3044330/datanode-0/data/ratis/be16f341-41b2-4563-8bb2-edf575672a97/current/log_inprogress_0 to /workdir/hadoop-ozone/integration-test/target/test-dir/MiniOzoneClusterImpl-d661fb9f-1fa9-4d83-aa41-108be3044330/datanode-0/data/ratis/be16f341-41b2-4563-8bb2-edf575672a97/current/log_0-0
2019-10-16 20:41:54,504 [bc0bc980-c963-48ce-962e-85091c893131@group-746BA78DFDB7-LeaderElection30] INFO  impl.RaftServerImpl (RaftServerImpl.java:setRole(184)) - bc0bc980-c963-48ce-962e-85091c893131@group-746BA78DFDB7: changes role from CANDIDATE to FOLLOWER at term 3 for DISCOVERED_A_NEW_TERM
2019-10-16 20:41:54,506 [bc0bc980-c963-48ce-962e-85091c893131@group-746BA78DFDB7-LeaderElection30] INFO  impl.RoleInfo (RoleInfo.java:shutdownLeaderElection(134)) - bc0bc980-c963-48ce-962e-85091c893131: shutdown LeaderElection
2019-10-16 20:41:54,506 [bc0bc980-c963-48ce-962e-85091c893131@group-746BA78DFDB7-LeaderElection30] INFO  impl.RoleInfo (RoleInfo.java:updateAndGet(143)) - bc0bc980-c963-48ce-962e-85091c893131: start FollowerState
2019-10-16 20:41:54,507 [grpc-default-executor-1] INFO  impl.RaftServerProxy (RaftServerProxy.java:remove(95)) - 46069bd9-45fc-4c82-823c-36f07a1bcff0: remove  FOLLOWER 46069bd9-45fc-4c82-823c-36f07a1bcff0@group-746BA78DFDB7:t3, leader=null, voted=46069bd9-45fc-4c82-823c-36f07a1bcff0, raftlog=46069bd9-45fc-4c82-823c-36f07a1bcff0@group-746BA78DFDB7-SegmentedRaftLog:OPENED:c-1,f0,i0, conf=0: [46069bd9-45fc-4c82-823c-36f07a1bcff0:192.168.157.254:34001, bc0bc980-c963-48ce-962e-85091c893131:192.168.157.254:46787, d612b743-bedc-4c3f-983e-e3329f8a2e6f:192.168.157.254:44523], old=null RUNNING
2019-10-16 20:41:54,507 [grpc-default-executor-1] INFO  impl.RaftServerImpl (RaftServerImpl.java:lambda$shutdown$3(261)) - 46069bd9-45fc-4c82-823c-36f07a1bcff0@group-746BA78DFDB7: shutdown
2019-10-16 20:41:54,508 [grpc-default-executor-1] INFO  util.JmxRegister (JmxRegister.java:unregister(73)) - Successfully un-registered JMX Bean with object name Ratis:service=RaftServer,group=group-746BA78DFDB7,id=46069bd9-45fc-4c82-823c-36f07a1bcff0
2019-10-16 20:41:54,508 [grpc-default-executor-1] INFO  impl.RoleInfo (RoleInfo.java:shutdownFollowerState(121)) - 46069bd9-45fc-4c82-823c-36f07a1bcff0: shutdown FollowerState
2019-10-16 20:41:54,508 [grpc-default-executor-1] INFO  impl.StateMachineUpdater (StateMachineUpdater.java:stopAndJoin(136)) - 46069bd9-45fc-4c82-823c-36f07a1bcff0@group-746BA78DFDB7-StateMachineUpdater: set stopIndex = -1
2019-10-16 20:41:54,508 [Thread-757] INFO  impl.FollowerState (FollowerState.java:run(117)) - 46069bd9-45fc-4c82-823c-36f07a1bcff0@group-746BA78DFDB7-FollowerState was interrupted: java.lang.InterruptedException: sleep interrupted
2019-10-16 20:41:54,508 [grpc-default-executor-1] INFO  impl.RaftServerImpl (ServerState.java:close(388)) - 46069bd9-45fc-4c82-823c-36f07a1bcff0@group-746BA78DFDB7: closes. applyIndex: -1
2019-10-16 20:41:54,508 [46069bd9-45fc-4c82-823c-36f07a1bcff0@group-746BA78DFDB7-SegmentedRaftLogWorker] INFO  segmented.SegmentedRaftLogWorker (SegmentedRaftLogWorker.java:run(316)) - 46069bd9-45fc-4c82-823c-36f07a1bcff0@group-746BA78DFDB7-SegmentedRaftLogWorker was interrupted, exiting. There are 0 tasks remaining in the queue.
2019-10-16 20:41:54,528 [grpc-default-executor-1] INFO  segmented.SegmentedRaftLogWorker (SegmentedRaftLogWorker.java:close(224)) - 46069bd9-45fc-4c82-823c-36f07a1bcff0@group-746BA78DFDB7-SegmentedRaftLogWorker close()
2019-10-16 20:41:54,528 [bc0bc980-c963-48ce-962e-85091c893131@group-1056DBF44000-LeaderElection32] INFO  impl.LeaderElection (LeaderElection.java:askForVotes(178)) - bc0bc980-c963-48ce-962e-85091c893131@group-1056DBF44000-LeaderElection32: begin an election at term 2 for 0: [bc0bc980-c963-48ce-962e-85091c893131:192.168.157.254:46787], old=null
2019-10-16 20:41:54,530 [bc0bc980-c963-48ce-962e-85091c893131@group-1056DBF44000-LeaderElection32] INFO  impl.RoleInfo (RoleInfo.java:shutdownLeaderElection(134)) - bc0bc980-c963-48ce-962e-85091c893131: shutdown LeaderElection
2019-10-16 20:41:54,530 [bc0bc980-c963-48ce-962e-85091c893131@group-1056DBF44000-LeaderElection32] INFO  impl.RaftServerImpl (RaftServerImpl.java:setRole(184)) - bc0bc980-c963-48ce-962e-85091c893131@group-1056DBF44000: changes role from CANDIDATE to LEADER at term 2 for changeToLeader
2019-10-16 20:41:54,530 [bc0bc980-c963-48ce-962e-85091c893131@group-1056DBF44000-LeaderElection32] INFO  ratis.XceiverServerRatis (XceiverServerRatis.java:handleLeaderChangedNotification(700)) - Leader change notification received for group: group-1056DBF44000 with new leaderId: bc0bc980-c963-48ce-962e-85091c893131
2019-10-16 20:41:54,530 [bc0bc980-c963-48ce-962e-85091c893131@group-1056DBF44000-LeaderElection32] INFO  impl.RaftServerImpl (ServerState.java:setLeader(256)) - bc0bc980-c963-48ce-962e-85091c893131@group-1056DBF44000: change Leader from null to bc0bc980-c963-48ce-962e-85091c893131 at term 2 for becomeLeader, leader elected after 2096ms
2019-10-16 20:41:54,531 [bc0bc980-c963-48ce-962e-85091c893131@group-1056DBF44000-LeaderElection32] INFO  server.RaftServerConfigKeys (ConfUtils.java:logGet(43)) - raft.server.staging.catchup.gap = 1000 (default)
2019-10-16 20:41:54,531 [bc0bc980-c963-48ce-962e-85091c893131@group-1056DBF44000-LeaderElection32] INFO  server.RaftServerConfigKeys (ConfUtils.java:logGet(43)) - raft.server.rpc.sleep.time = 25ms (default)
2019-10-16 20:41:54,531 [bc0bc980-c963-48ce-962e-85091c893131@group-1056DBF44000-LeaderElection32] INFO  server.RaftServerConfigKeys (ConfUtils.java:logGet(43)) - raft.server.write.element-limit = 4096 (default)
2019-10-16 20:41:54,531 [bc0bc980-c963-48ce-962e-85091c893131@group-1056DBF44000-LeaderElection32] INFO  server.RaftServerConfigKeys (ConfUtils.java:logGet(43)) - raft.server.watch.timeout = 10s (default)
2019-10-16 20:41:54,531 [bc0bc980-c963-48ce-962e-85091c893131@group-1056DBF44000-LeaderElection32] INFO  server.RaftServerConfigKeys (ConfUtils.java:logGet(43)) - raft.server.watch.timeout.denomination = 1s (default)
2019-10-16 20:41:54,531 [bc0bc980-c963-48ce-962e-85091c893131@group-1056DBF44000-LeaderElection32] INFO  server.RaftServerConfigKeys (ConfUtils.java:logGet(43)) - raft.server.watch.element-limit = 65536 (default)
2019-10-16 20:41:54,532 [bc0bc980-c963-48ce-962e-85091c893131@group-1056DBF44000-LeaderElection32] INFO  impl.RoleInfo (RoleInfo.java:updateAndGet(143)) - bc0bc980-c963-48ce-962e-85091c893131: start LeaderState
2019-10-16 20:41:54,532 [bc0bc980-c963-48ce-962e-85091c893131@group-1056DBF44000-LeaderElection32] INFO  segmented.SegmentedRaftLogWorker (SegmentedRaftLogWorker.java:rollLogSegment(390)) - bc0bc980-c963-48ce-962e-85091c893131@group-1056DBF44000-SegmentedRaftLogWorker: Rolling segment log-0_0 to index:0
2019-10-16 20:41:54,533 [bc0bc980-c963-48ce-962e-85091c893131@group-1056DBF44000-LeaderElection32] INFO  impl.RaftServerImpl (ServerState.java:setRaftConf(357)) - bc0bc980-c963-48ce-962e-85091c893131@group-1056DBF44000: set configuration 1: [bc0bc980-c963-48ce-962e-85091c893131:192.168.157.254:46787], old=null at 1
2019-10-16 20:41:54,533 [bc0bc980-c963-48ce-962e-85091c893131@group-1056DBF44000-SegmentedRaftLogWorker] INFO  segmented.SegmentedRaftLogWorker (SegmentedRaftLogWorker.java:execute(533)) - bc0bc980-c963-48ce-962e-85091c893131@group-1056DBF44000-SegmentedRaftLogWorker: Rolled log segment from /workdir/hadoop-ozone/integration-test/target/test-dir/MiniOzoneClusterImpl-d661fb9f-1fa9-4d83-aa41-108be3044330/datanode-1/data/ratis/6b472680-a40c-41ab-8cc4-1056dbf44000/current/log_inprogress_0 to /workdir/hadoop-ozone/integration-test/target/test-dir/MiniOzoneClusterImpl-d661fb9f-1fa9-4d83-aa41-108be3044330/datanode-1/data/ratis/6b472680-a40c-41ab-8cc4-1056dbf44000/current/log_0-0
2019-10-16 20:41:54,539 [grpc-default-executor-1] INFO  impl.RaftServerProxy (RaftServerProxy.java:remove(95)) - bc0bc980-c963-48ce-962e-85091c893131: remove  FOLLOWER bc0bc980-c963-48ce-962e-85091c893131@group-746BA78DFDB7:t3, leader=null, voted=null, raftlog=bc0bc980-c963-48ce-962e-85091c893131@group-746BA78DFDB7-SegmentedRaftLog:OPENED:c-1,f0,i0, conf=0: [46069bd9-45fc-4c82-823c-36f07a1bcff0:192.168.157.254:34001, bc0bc980-c963-48ce-962e-85091c893131:192.168.157.254:46787, d612b743-bedc-4c3f-983e-e3329f8a2e6f:192.168.157.254:44523], old=null RUNNING
2019-10-16 20:41:54,539 [grpc-default-executor-1] INFO  impl.RaftServerImpl (RaftServerImpl.java:lambda$shutdown$3(261)) - bc0bc980-c963-48ce-962e-85091c893131@group-746BA78DFDB7: shutdown
2019-10-16 20:41:54,540 [grpc-default-executor-1] INFO  util.JmxRegister (JmxRegister.java:unregister(73)) - Successfully un-registered JMX Bean with object name Ratis:service=RaftServer,group=group-746BA78DFDB7,id=bc0bc980-c963-48ce-962e-85091c893131
2019-10-16 20:41:54,540 [grpc-default-executor-1] INFO  impl.RoleInfo (RoleInfo.java:shutdownFollowerState(121)) - bc0bc980-c963-48ce-962e-85091c893131: shutdown FollowerState
2019-10-16 20:41:54,540 [grpc-default-executor-1] INFO  impl.StateMachineUpdater (StateMachineUpdater.java:stopAndJoin(136)) - bc0bc980-c963-48ce-962e-85091c893131@group-746BA78DFDB7-StateMachineUpdater: set stopIndex = -1
2019-10-16 20:41:54,540 [Thread-760] INFO  impl.FollowerState (FollowerState.java:run(117)) - bc0bc980-c963-48ce-962e-85091c893131@group-746BA78DFDB7-FollowerState was interrupted: java.lang.InterruptedException: sleep interrupted
2019-10-16 20:41:54,540 [grpc-default-executor-1] INFO  impl.RaftServerImpl (ServerState.java:close(388)) - bc0bc980-c963-48ce-962e-85091c893131@group-746BA78DFDB7: closes. applyIndex: -1
2019-10-16 20:41:54,541 [bc0bc980-c963-48ce-962e-85091c893131@group-746BA78DFDB7-SegmentedRaftLogWorker] INFO  segmented.SegmentedRaftLogWorker (SegmentedRaftLogWorker.java:run(316)) - bc0bc980-c963-48ce-962e-85091c893131@group-746BA78DFDB7-SegmentedRaftLogWorker was interrupted, exiting. There are 0 tasks remaining in the queue.
2019-10-16 20:41:54,562 [grpc-default-executor-1] INFO  segmented.SegmentedRaftLogWorker (SegmentedRaftLogWorker.java:close(224)) - bc0bc980-c963-48ce-962e-85091c893131@group-746BA78DFDB7-SegmentedRaftLogWorker close()
2019-10-16 20:41:54,565 [Datanode State Machine Thread - 0] INFO  ozoneimpl.OzoneContainer (OzoneContainer.java:start(213)) - Attempting to start container services.
2019-10-16 20:41:54,565 [Datanode State Machine Thread - 0] INFO  ozoneimpl.OzoneContainer (OzoneContainer.java:startContainerScrub(177)) - Background container scanner has been disabled.
2019-10-16 20:41:54,566 [Datanode State Machine Thread - 0] INFO  ratis.XceiverServerRatis (XceiverServerRatis.java:start(425)) - Starting XceiverServerRatis d612b743-bedc-4c3f-983e-e3329f8a2e6f at port 44523
2019-10-16 20:41:54,573 [ForkJoinPool.commonPool-worker-0] INFO  impl.RaftServerImpl (RaftServerImpl.java:start(195)) - d612b743-bedc-4c3f-983e-e3329f8a2e6f@group-DDD6BF56D535: start as a follower, conf=0: [d612b743-bedc-4c3f-983e-e3329f8a2e6f:192.168.157.254:44523], old=null
2019-10-16 20:41:54,573 [Datanode State Machine Thread - 0] INFO  impl.RaftServerImpl (RaftServerImpl.java:start(195)) - d612b743-bedc-4c3f-983e-e3329f8a2e6f@group-746BA78DFDB7: start as a follower, conf=0: [46069bd9-45fc-4c82-823c-36f07a1bcff0:192.168.157.254:34001, bc0bc980-c963-48ce-962e-85091c893131:192.168.157.254:46787, d612b743-bedc-4c3f-983e-e3329f8a2e6f:192.168.157.254:44523], old=null
2019-10-16 20:41:54,573 [ForkJoinPool.commonPool-worker-0] INFO  impl.RaftServerImpl (RaftServerImpl.java:setRole(184)) - d612b743-bedc-4c3f-983e-e3329f8a2e6f@group-DDD6BF56D535: changes role from      null to FOLLOWER at term 1 for startAsFollower
2019-10-16 20:41:54,573 [Datanode State Machine Thread - 0] INFO  impl.RaftServerImpl (RaftServerImpl.java:setRole(184)) - d612b743-bedc-4c3f-983e-e3329f8a2e6f@group-746BA78DFDB7: changes role from      null to FOLLOWER at term 1 for startAsFollower
2019-10-16 20:41:54,573 [ForkJoinPool.commonPool-worker-0] INFO  impl.RoleInfo (RoleInfo.java:updateAndGet(143)) - d612b743-bedc-4c3f-983e-e3329f8a2e6f: start FollowerState
2019-10-16 20:41:54,574 [Datanode State Machine Thread - 0] INFO  impl.RoleInfo (RoleInfo.java:updateAndGet(143)) - d612b743-bedc-4c3f-983e-e3329f8a2e6f: start FollowerState
2019-10-16 20:41:54,574 [ForkJoinPool.commonPool-worker-0] INFO  util.JmxRegister (JmxRegister.java:tryRegister(44)) - Successfully registered JMX Bean with object name Ratis:service=RaftServer,group=group-DDD6BF56D535,id=d612b743-bedc-4c3f-983e-e3329f8a2e6f
2019-10-16 20:41:54,574 [Datanode State Machine Thread - 0] INFO  util.JmxRegister (JmxRegister.java:tryRegister(44)) - Successfully registered JMX Bean with object name Ratis:service=RaftServer,group=group-746BA78DFDB7,id=d612b743-bedc-4c3f-983e-e3329f8a2e6f
2019-10-16 20:41:54,574 [Datanode State Machine Thread - 0] INFO  impl.RaftServerProxy (RaftServerProxy.java:lambda$start$3(299)) - d612b743-bedc-4c3f-983e-e3329f8a2e6f: start RPC server
2019-10-16 20:41:54,575 [Datanode State Machine Thread - 0] INFO  server.GrpcService (GrpcService.java:startImpl(158)) - d612b743-bedc-4c3f-983e-e3329f8a2e6f: GrpcService started, listening on 0.0.0.0/0.0.0.0:44523
2019-10-16 20:41:54,594 [46069bd9-45fc-4c82-823c-36f07a1bcff0@group-EDF575672A97-SegmentedRaftLogWorker] INFO  segmented.SegmentedRaftLogWorker (SegmentedRaftLogWorker.java:execute(576)) - 46069bd9-45fc-4c82-823c-36f07a1bcff0@group-EDF575672A97-SegmentedRaftLogWorker: created new log segment /workdir/hadoop-ozone/integration-test/target/test-dir/MiniOzoneClusterImpl-d661fb9f-1fa9-4d83-aa41-108be3044330/datanode-0/data/ratis/be16f341-41b2-4563-8bb2-edf575672a97/current/log_inprogress_1
2019-10-16 20:41:54,647 [bc0bc980-c963-48ce-962e-85091c893131@group-1056DBF44000-SegmentedRaftLogWorker] INFO  segmented.SegmentedRaftLogWorker (SegmentedRaftLogWorker.java:execute(576)) - bc0bc980-c963-48ce-962e-85091c893131@group-1056DBF44000-SegmentedRaftLogWorker: created new log segment /workdir/hadoop-ozone/integration-test/target/test-dir/MiniOzoneClusterImpl-d661fb9f-1fa9-4d83-aa41-108be3044330/datanode-1/data/ratis/6b472680-a40c-41ab-8cc4-1056dbf44000/current/log_inprogress_1
2019-10-16 20:41:54,667 [Thread-765] INFO  impl.FollowerState (FollowerState.java:run(108)) - d612b743-bedc-4c3f-983e-e3329f8a2e6f@group-746BA78DFDB7-FollowerState: change to CANDIDATE, lastRpcTime:93ms, electionTimeout:93ms
2019-10-16 20:41:54,667 [Thread-765] INFO  impl.RoleInfo (RoleInfo.java:shutdownFollowerState(121)) - d612b743-bedc-4c3f-983e-e3329f8a2e6f: shutdown FollowerState
2019-10-16 20:41:54,667 [Thread-765] INFO  impl.RaftServerImpl (RaftServerImpl.java:setRole(184)) - d612b743-bedc-4c3f-983e-e3329f8a2e6f@group-746BA78DFDB7: changes role from  FOLLOWER to CANDIDATE at term 1 for changeToCandidate
2019-10-16 20:41:54,667 [Thread-765] INFO  impl.RoleInfo (RoleInfo.java:updateAndGet(143)) - d612b743-bedc-4c3f-983e-e3329f8a2e6f: start LeaderElection
2019-10-16 20:41:54,682 [d612b743-bedc-4c3f-983e-e3329f8a2e6f@group-746BA78DFDB7-LeaderElection33] INFO  impl.LeaderElection (LeaderElection.java:askForVotes(178)) - d612b743-bedc-4c3f-983e-e3329f8a2e6f@group-746BA78DFDB7-LeaderElection33: begin an election at term 2 for 0: [46069bd9-45fc-4c82-823c-36f07a1bcff0:192.168.157.254:34001, bc0bc980-c963-48ce-962e-85091c893131:192.168.157.254:46787, d612b743-bedc-4c3f-983e-e3329f8a2e6f:192.168.157.254:44523], old=null
2019-10-16 20:41:54,692 [grpc-default-executor-1] WARN  server.GrpcServerProtocolService (LogUtils.java:warn(136)) - bc0bc980-c963-48ce-962e-85091c893131: Failed requestVote d612b743-bedc-4c3f-983e-e3329f8a2e6f->bc0bc980-c963-48ce-962e-85091c893131#0
org.apache.ratis.protocol.GroupMismatchException: bc0bc980-c963-48ce-962e-85091c893131: group-746BA78DFDB7 not found.
	at org.apache.ratis.server.impl.RaftServerProxy$ImplMap.get(RaftServerProxy.java:122)
	at org.apache.ratis.server.impl.RaftServerProxy.getImplFuture(RaftServerProxy.java:269)
	at org.apache.ratis.server.impl.RaftServerProxy.getImpl(RaftServerProxy.java:278)
	at org.apache.ratis.server.impl.RaftServerProxy.getImpl(RaftServerProxy.java:273)
	at org.apache.ratis.server.impl.RaftServerProxy.requestVote(RaftServerProxy.java:443)
	at org.apache.ratis.grpc.server.GrpcServerProtocolService.requestVote(GrpcServerProtocolService.java:142)
	at org.apache.ratis.proto.grpc.RaftServerProtocolServiceGrpc$MethodHandlers.invoke(RaftServerProtocolServiceGrpc.java:319)
	at org.apache.ratis.thirdparty.io.grpc.stub.ServerCalls$UnaryServerCallHandler$UnaryServerCallListener.onHalfClose(ServerCalls.java:171)
	at org.apache.ratis.thirdparty.io.grpc.internal.ServerCallImpl$ServerStreamListenerImpl.halfClosed(ServerCallImpl.java:283)
	at org.apache.ratis.thirdparty.io.grpc.internal.ServerImpl$JumpToApplicationThreadServerStreamListener$1HalfClosed.runInContext(ServerImpl.java:710)
	at org.apache.ratis.thirdparty.io.grpc.internal.ContextRunnable.run(ContextRunnable.java:37)
	at org.apache.ratis.thirdparty.io.grpc.internal.SerializingExecutor.run(SerializingExecutor.java:123)
	at java.util.concurrent.ThreadPoolExecutor.runWorker(ThreadPoolExecutor.java:1149)
	at java.util.concurrent.ThreadPoolExecutor$Worker.run(ThreadPoolExecutor.java:624)
	at java.lang.Thread.run(Thread.java:748)
2019-10-16 20:41:54,692 [grpc-default-executor-0] WARN  server.GrpcServerProtocolService (LogUtils.java:warn(136)) - 46069bd9-45fc-4c82-823c-36f07a1bcff0: Failed requestVote d612b743-bedc-4c3f-983e-e3329f8a2e6f->46069bd9-45fc-4c82-823c-36f07a1bcff0#0
org.apache.ratis.protocol.GroupMismatchException: 46069bd9-45fc-4c82-823c-36f07a1bcff0: group-746BA78DFDB7 not found.
	at org.apache.ratis.server.impl.RaftServerProxy$ImplMap.get(RaftServerProxy.java:122)
	at org.apache.ratis.server.impl.RaftServerProxy.getImplFuture(RaftServerProxy.java:269)
	at org.apache.ratis.server.impl.RaftServerProxy.getImpl(RaftServerProxy.java:278)
	at org.apache.ratis.server.impl.RaftServerProxy.getImpl(RaftServerProxy.java:273)
	at org.apache.ratis.server.impl.RaftServerProxy.requestVote(RaftServerProxy.java:443)
	at org.apache.ratis.grpc.server.GrpcServerProtocolService.requestVote(GrpcServerProtocolService.java:142)
	at org.apache.ratis.proto.grpc.RaftServerProtocolServiceGrpc$MethodHandlers.invoke(RaftServerProtocolServiceGrpc.java:319)
	at org.apache.ratis.thirdparty.io.grpc.stub.ServerCalls$UnaryServerCallHandler$UnaryServerCallListener.onHalfClose(ServerCalls.java:171)
	at org.apache.ratis.thirdparty.io.grpc.internal.ServerCallImpl$ServerStreamListenerImpl.halfClosed(ServerCallImpl.java:283)
	at org.apache.ratis.thirdparty.io.grpc.internal.ServerImpl$JumpToApplicationThreadServerStreamListener$1HalfClosed.runInContext(ServerImpl.java:710)
	at org.apache.ratis.thirdparty.io.grpc.internal.ContextRunnable.run(ContextRunnable.java:37)
	at org.apache.ratis.thirdparty.io.grpc.internal.SerializingExecutor.run(SerializingExecutor.java:123)
	at java.util.concurrent.ThreadPoolExecutor.runWorker(ThreadPoolExecutor.java:1149)
	at java.util.concurrent.ThreadPoolExecutor$Worker.run(ThreadPoolExecutor.java:624)
	at java.lang.Thread.run(Thread.java:748)
2019-10-16 20:41:54,709 [Thread-764] INFO  impl.FollowerState (FollowerState.java:run(108)) - d612b743-bedc-4c3f-983e-e3329f8a2e6f@group-DDD6BF56D535-FollowerState: change to CANDIDATE, lastRpcTime:135ms, electionTimeout:135ms
2019-10-16 20:41:54,709 [Thread-764] INFO  impl.RoleInfo (RoleInfo.java:shutdownFollowerState(121)) - d612b743-bedc-4c3f-983e-e3329f8a2e6f: shutdown FollowerState
2019-10-16 20:41:54,709 [Thread-764] INFO  impl.RaftServerImpl (RaftServerImpl.java:setRole(184)) - d612b743-bedc-4c3f-983e-e3329f8a2e6f@group-DDD6BF56D535: changes role from  FOLLOWER to CANDIDATE at term 1 for changeToCandidate
2019-10-16 20:41:54,709 [Thread-764] INFO  impl.RoleInfo (RoleInfo.java:updateAndGet(143)) - d612b743-bedc-4c3f-983e-e3329f8a2e6f: start LeaderElection
2019-10-16 20:41:54,725 [d612b743-bedc-4c3f-983e-e3329f8a2e6f@group-746BA78DFDB7-LeaderElection33] INFO  impl.LeaderElection (LogUtils.java:infoOrTrace(149)) - d612b743-bedc-4c3f-983e-e3329f8a2e6f@group-746BA78DFDB7-LeaderElection33 got exception when requesting votes: {}
java.util.concurrent.ExecutionException: org.apache.ratis.thirdparty.io.grpc.StatusRuntimeException: INTERNAL: bc0bc980-c963-48ce-962e-85091c893131: group-746BA78DFDB7 not found.
	at java.util.concurrent.FutureTask.report(FutureTask.java:122)
	at java.util.concurrent.FutureTask.get(FutureTask.java:192)
	at org.apache.ratis.server.impl.LeaderElection.waitForResults(LeaderElection.java:259)
	at org.apache.ratis.server.impl.LeaderElection.askForVotes(LeaderElection.java:197)
	at org.apache.ratis.server.impl.LeaderElection.run(LeaderElection.java:133)
	at java.lang.Thread.run(Thread.java:748)
Caused by: org.apache.ratis.thirdparty.io.grpc.StatusRuntimeException: INTERNAL: bc0bc980-c963-48ce-962e-85091c893131: group-746BA78DFDB7 not found.
	at org.apache.ratis.thirdparty.io.grpc.stub.ClientCalls.toStatusRuntimeException(ClientCalls.java:233)
	at org.apache.ratis.thirdparty.io.grpc.stub.ClientCalls.getUnchecked(ClientCalls.java:214)
	at org.apache.ratis.thirdparty.io.grpc.stub.ClientCalls.blockingUnaryCall(ClientCalls.java:139)
	at org.apache.ratis.proto.grpc.RaftServerProtocolServiceGrpc$RaftServerProtocolServiceBlockingStub.requestVote(RaftServerProtocolServiceGrpc.java:265)
	at org.apache.ratis.grpc.server.GrpcServerProtocolClient.requestVote(GrpcServerProtocolClient.java:99)
	at org.apache.ratis.grpc.server.GrpcService.requestVote(GrpcService.java:204)
	at org.apache.ratis.server.impl.LeaderElection.lambda$submitRequests$1(LeaderElection.java:234)
	at java.util.concurrent.FutureTask.run(FutureTask.java:266)
	at java.util.concurrent.Executors$RunnableAdapter.call(Executors.java:511)
	at java.util.concurrent.FutureTask.run(FutureTask.java:266)
	at java.util.concurrent.ThreadPoolExecutor.runWorker(ThreadPoolExecutor.java:1149)
	at java.util.concurrent.ThreadPoolExecutor$Worker.run(ThreadPoolExecutor.java:624)
	... 1 more
2019-10-16 20:41:54,726 [d612b743-bedc-4c3f-983e-e3329f8a2e6f@group-746BA78DFDB7-LeaderElection33] INFO  impl.LeaderElection (LogUtils.java:infoOrTrace(149)) - d612b743-bedc-4c3f-983e-e3329f8a2e6f@group-746BA78DFDB7-LeaderElection33 got exception when requesting votes: {}
java.util.concurrent.ExecutionException: org.apache.ratis.thirdparty.io.grpc.StatusRuntimeException: INTERNAL: 46069bd9-45fc-4c82-823c-36f07a1bcff0: group-746BA78DFDB7 not found.
	at java.util.concurrent.FutureTask.report(FutureTask.java:122)
	at java.util.concurrent.FutureTask.get(FutureTask.java:192)
	at org.apache.ratis.server.impl.LeaderElection.waitForResults(LeaderElection.java:259)
	at org.apache.ratis.server.impl.LeaderElection.askForVotes(LeaderElection.java:197)
	at org.apache.ratis.server.impl.LeaderElection.run(LeaderElection.java:133)
	at java.lang.Thread.run(Thread.java:748)
Caused by: org.apache.ratis.thirdparty.io.grpc.StatusRuntimeException: INTERNAL: 46069bd9-45fc-4c82-823c-36f07a1bcff0: group-746BA78DFDB7 not found.
	at org.apache.ratis.thirdparty.io.grpc.stub.ClientCalls.toStatusRuntimeException(ClientCalls.java:233)
	at org.apache.ratis.thirdparty.io.grpc.stub.ClientCalls.getUnchecked(ClientCalls.java:214)
	at org.apache.ratis.thirdparty.io.grpc.stub.ClientCalls.blockingUnaryCall(ClientCalls.java:139)
	at org.apache.ratis.proto.grpc.RaftServerProtocolServiceGrpc$RaftServerProtocolServiceBlockingStub.requestVote(RaftServerProtocolServiceGrpc.java:265)
	at org.apache.ratis.grpc.server.GrpcServerProtocolClient.requestVote(GrpcServerProtocolClient.java:99)
	at org.apache.ratis.grpc.server.GrpcService.requestVote(GrpcService.java:204)
	at org.apache.ratis.server.impl.LeaderElection.lambda$submitRequests$1(LeaderElection.java:234)
	at java.util.concurrent.FutureTask.run(FutureTask.java:266)
	at java.util.concurrent.Executors$RunnableAdapter.call(Executors.java:511)
	at java.util.concurrent.FutureTask.run(FutureTask.java:266)
	at java.util.concurrent.ThreadPoolExecutor.runWorker(ThreadPoolExecutor.java:1149)
	at java.util.concurrent.ThreadPoolExecutor$Worker.run(ThreadPoolExecutor.java:624)
	... 1 more
2019-10-16 20:41:54,728 [d612b743-bedc-4c3f-983e-e3329f8a2e6f@group-746BA78DFDB7-LeaderElection33] INFO  impl.LeaderElection (LeaderElection.java:logAndReturn(56)) - d612b743-bedc-4c3f-983e-e3329f8a2e6f@group-746BA78DFDB7-LeaderElection33: Election REJECTED; received 0 response(s) [] and 2 exception(s); d612b743-bedc-4c3f-983e-e3329f8a2e6f@group-746BA78DFDB7:t2, leader=null, voted=d612b743-bedc-4c3f-983e-e3329f8a2e6f, raftlog=d612b743-bedc-4c3f-983e-e3329f8a2e6f@group-746BA78DFDB7-SegmentedRaftLog:OPENED:c-1,f0,i0, conf=0: [46069bd9-45fc-4c82-823c-36f07a1bcff0:192.168.157.254:34001, bc0bc980-c963-48ce-962e-85091c893131:192.168.157.254:46787, d612b743-bedc-4c3f-983e-e3329f8a2e6f:192.168.157.254:44523], old=null
2019-10-16 20:41:54,728 [d612b743-bedc-4c3f-983e-e3329f8a2e6f@group-746BA78DFDB7-LeaderElection33] INFO  impl.LeaderElection (LogUtils.java:infoOrTrace(149)) -   Exception 0: {}
java.util.concurrent.ExecutionException: org.apache.ratis.thirdparty.io.grpc.StatusRuntimeException: INTERNAL: bc0bc980-c963-48ce-962e-85091c893131: group-746BA78DFDB7 not found.
	at java.util.concurrent.FutureTask.report(FutureTask.java:122)
	at java.util.concurrent.FutureTask.get(FutureTask.java:192)
	at org.apache.ratis.server.impl.LeaderElection.waitForResults(LeaderElection.java:259)
	at org.apache.ratis.server.impl.LeaderElection.askForVotes(LeaderElection.java:197)
	at org.apache.ratis.server.impl.LeaderElection.run(LeaderElection.java:133)
	at java.lang.Thread.run(Thread.java:748)
Caused by: org.apache.ratis.thirdparty.io.grpc.StatusRuntimeException: INTERNAL: bc0bc980-c963-48ce-962e-85091c893131: group-746BA78DFDB7 not found.
	at org.apache.ratis.thirdparty.io.grpc.stub.ClientCalls.toStatusRuntimeException(ClientCalls.java:233)
	at org.apache.ratis.thirdparty.io.grpc.stub.ClientCalls.getUnchecked(ClientCalls.java:214)
	at org.apache.ratis.thirdparty.io.grpc.stub.ClientCalls.blockingUnaryCall(ClientCalls.java:139)
	at org.apache.ratis.proto.grpc.RaftServerProtocolServiceGrpc$RaftServerProtocolServiceBlockingStub.requestVote(RaftServerProtocolServiceGrpc.java:265)
	at org.apache.ratis.grpc.server.GrpcServerProtocolClient.requestVote(GrpcServerProtocolClient.java:99)
	at org.apache.ratis.grpc.server.GrpcService.requestVote(GrpcService.java:204)
	at org.apache.ratis.server.impl.LeaderElection.lambda$submitRequests$1(LeaderElection.java:234)
	at java.util.concurrent.FutureTask.run(FutureTask.java:266)
	at java.util.concurrent.Executors$RunnableAdapter.call(Executors.java:511)
	at java.util.concurrent.FutureTask.run(FutureTask.java:266)
	at java.util.concurrent.ThreadPoolExecutor.runWorker(ThreadPoolExecutor.java:1149)
	at java.util.concurrent.ThreadPoolExecutor$Worker.run(ThreadPoolExecutor.java:624)
	... 1 more
2019-10-16 20:41:54,728 [d612b743-bedc-4c3f-983e-e3329f8a2e6f@group-746BA78DFDB7-LeaderElection33] INFO  impl.LeaderElection (LogUtils.java:infoOrTrace(149)) -   Exception 1: {}
java.util.concurrent.ExecutionException: org.apache.ratis.thirdparty.io.grpc.StatusRuntimeException: INTERNAL: 46069bd9-45fc-4c82-823c-36f07a1bcff0: group-746BA78DFDB7 not found.
	at java.util.concurrent.FutureTask.report(FutureTask.java:122)
	at java.util.concurrent.FutureTask.get(FutureTask.java:192)
	at org.apache.ratis.server.impl.LeaderElection.waitForResults(LeaderElection.java:259)
	at org.apache.ratis.server.impl.LeaderElection.askForVotes(LeaderElection.java:197)
	at org.apache.ratis.server.impl.LeaderElection.run(LeaderElection.java:133)
	at java.lang.Thread.run(Thread.java:748)
Caused by: org.apache.ratis.thirdparty.io.grpc.StatusRuntimeException: INTERNAL: 46069bd9-45fc-4c82-823c-36f07a1bcff0: group-746BA78DFDB7 not found.
	at org.apache.ratis.thirdparty.io.grpc.stub.ClientCalls.toStatusRuntimeException(ClientCalls.java:233)
	at org.apache.ratis.thirdparty.io.grpc.stub.ClientCalls.getUnchecked(ClientCalls.java:214)
	at org.apache.ratis.thirdparty.io.grpc.stub.ClientCalls.blockingUnaryCall(ClientCalls.java:139)
	at org.apache.ratis.proto.grpc.RaftServerProtocolServiceGrpc$RaftServerProtocolServiceBlockingStub.requestVote(RaftServerProtocolServiceGrpc.java:265)
	at org.apache.ratis.grpc.server.GrpcServerProtocolClient.requestVote(GrpcServerProtocolClient.java:99)
	at org.apache.ratis.grpc.server.GrpcService.requestVote(GrpcService.java:204)
	at org.apache.ratis.server.impl.LeaderElection.lambda$submitRequests$1(LeaderElection.java:234)
	at java.util.concurrent.FutureTask.run(FutureTask.java:266)
	at java.util.concurrent.Executors$RunnableAdapter.call(Executors.java:511)
	at java.util.concurrent.FutureTask.run(FutureTask.java:266)
	at java.util.concurrent.ThreadPoolExecutor.runWorker(ThreadPoolExecutor.java:1149)
	at java.util.concurrent.ThreadPoolExecutor$Worker.run(ThreadPoolExecutor.java:624)
	... 1 more
2019-10-16 20:41:54,728 [d612b743-bedc-4c3f-983e-e3329f8a2e6f@group-746BA78DFDB7-LeaderElection33] INFO  impl.RaftServerImpl (RaftServerImpl.java:setRole(184)) - d612b743-bedc-4c3f-983e-e3329f8a2e6f@group-746BA78DFDB7: changes role from CANDIDATE to FOLLOWER at term 2 for DISCOVERED_A_NEW_TERM
2019-10-16 20:41:54,728 [d612b743-bedc-4c3f-983e-e3329f8a2e6f@group-746BA78DFDB7-LeaderElection33] INFO  impl.RoleInfo (RoleInfo.java:shutdownLeaderElection(134)) - d612b743-bedc-4c3f-983e-e3329f8a2e6f: shutdown LeaderElection
2019-10-16 20:41:54,728 [d612b743-bedc-4c3f-983e-e3329f8a2e6f@group-746BA78DFDB7-LeaderElection33] INFO  impl.RoleInfo (RoleInfo.java:updateAndGet(143)) - d612b743-bedc-4c3f-983e-e3329f8a2e6f: start FollowerState
2019-10-16 20:41:54,737 [d612b743-bedc-4c3f-983e-e3329f8a2e6f@group-DDD6BF56D535-LeaderElection34] INFO  impl.LeaderElection (LeaderElection.java:askForVotes(178)) - d612b743-bedc-4c3f-983e-e3329f8a2e6f@group-DDD6BF56D535-LeaderElection34: begin an election at term 2 for 0: [d612b743-bedc-4c3f-983e-e3329f8a2e6f:192.168.157.254:44523], old=null
2019-10-16 20:41:54,737 [d612b743-bedc-4c3f-983e-e3329f8a2e6f@group-DDD6BF56D535-LeaderElection34] INFO  impl.RoleInfo (RoleInfo.java:shutdownLeaderElection(134)) - d612b743-bedc-4c3f-983e-e3329f8a2e6f: shutdown LeaderElection
2019-10-16 20:41:54,737 [d612b743-bedc-4c3f-983e-e3329f8a2e6f@group-DDD6BF56D535-LeaderElection34] INFO  impl.RaftServerImpl (RaftServerImpl.java:setRole(184)) - d612b743-bedc-4c3f-983e-e3329f8a2e6f@group-DDD6BF56D535: changes role from CANDIDATE to LEADER at term 2 for changeToLeader
2019-10-16 20:41:54,737 [d612b743-bedc-4c3f-983e-e3329f8a2e6f@group-DDD6BF56D535-LeaderElection34] INFO  ratis.XceiverServerRatis (XceiverServerRatis.java:handleLeaderChangedNotification(700)) - Leader change notification received for group: group-DDD6BF56D535 with new leaderId: d612b743-bedc-4c3f-983e-e3329f8a2e6f
2019-10-16 20:41:54,737 [d612b743-bedc-4c3f-983e-e3329f8a2e6f@group-DDD6BF56D535-LeaderElection34] INFO  impl.RaftServerImpl (ServerState.java:setLeader(256)) - d612b743-bedc-4c3f-983e-e3329f8a2e6f@group-DDD6BF56D535: change Leader from null to d612b743-bedc-4c3f-983e-e3329f8a2e6f at term 2 for becomeLeader, leader elected after 2227ms
2019-10-16 20:41:54,738 [d612b743-bedc-4c3f-983e-e3329f8a2e6f@group-DDD6BF56D535-LeaderElection34] INFO  server.RaftServerConfigKeys (ConfUtils.java:logGet(43)) - raft.server.staging.catchup.gap = 1000 (default)
2019-10-16 20:41:54,738 [d612b743-bedc-4c3f-983e-e3329f8a2e6f@group-DDD6BF56D535-LeaderElection34] INFO  server.RaftServerConfigKeys (ConfUtils.java:logGet(43)) - raft.server.rpc.sleep.time = 25ms (default)
2019-10-16 20:41:54,739 [d612b743-bedc-4c3f-983e-e3329f8a2e6f@group-DDD6BF56D535-LeaderElection34] INFO  server.RaftServerConfigKeys (ConfUtils.java:logGet(43)) - raft.server.write.element-limit = 4096 (default)
2019-10-16 20:41:54,739 [d612b743-bedc-4c3f-983e-e3329f8a2e6f@group-DDD6BF56D535-LeaderElection34] INFO  server.RaftServerConfigKeys (ConfUtils.java:logGet(43)) - raft.server.watch.timeout = 10s (default)
2019-10-16 20:41:54,739 [d612b743-bedc-4c3f-983e-e3329f8a2e6f@group-DDD6BF56D535-LeaderElection34] INFO  server.RaftServerConfigKeys (ConfUtils.java:logGet(43)) - raft.server.watch.timeout.denomination = 1s (default)
2019-10-16 20:41:54,739 [d612b743-bedc-4c3f-983e-e3329f8a2e6f@group-DDD6BF56D535-LeaderElection34] INFO  server.RaftServerConfigKeys (ConfUtils.java:logGet(43)) - raft.server.watch.element-limit = 65536 (default)
2019-10-16 20:41:54,740 [d612b743-bedc-4c3f-983e-e3329f8a2e6f@group-DDD6BF56D535-LeaderElection34] INFO  impl.RoleInfo (RoleInfo.java:updateAndGet(143)) - d612b743-bedc-4c3f-983e-e3329f8a2e6f: start LeaderState
2019-10-16 20:41:54,740 [d612b743-bedc-4c3f-983e-e3329f8a2e6f@group-DDD6BF56D535-LeaderElection34] INFO  segmented.SegmentedRaftLogWorker (SegmentedRaftLogWorker.java:rollLogSegment(390)) - d612b743-bedc-4c3f-983e-e3329f8a2e6f@group-DDD6BF56D535-SegmentedRaftLogWorker: Rolling segment log-0_0 to index:0
2019-10-16 20:41:54,741 [d612b743-bedc-4c3f-983e-e3329f8a2e6f@group-DDD6BF56D535-LeaderElection34] INFO  impl.RaftServerImpl (ServerState.java:setRaftConf(357)) - d612b743-bedc-4c3f-983e-e3329f8a2e6f@group-DDD6BF56D535: set configuration 1: [d612b743-bedc-4c3f-983e-e3329f8a2e6f:192.168.157.254:44523], old=null at 1
2019-10-16 20:41:54,741 [d612b743-bedc-4c3f-983e-e3329f8a2e6f@group-DDD6BF56D535-SegmentedRaftLogWorker] INFO  segmented.SegmentedRaftLogWorker (SegmentedRaftLogWorker.java:execute(533)) - d612b743-bedc-4c3f-983e-e3329f8a2e6f@group-DDD6BF56D535-SegmentedRaftLogWorker: Rolled log segment from /workdir/hadoop-ozone/integration-test/target/test-dir/MiniOzoneClusterImpl-d661fb9f-1fa9-4d83-aa41-108be3044330/datanode-2/data/ratis/36eb93fc-bcf8-4b0b-a0c0-ddd6bf56d535/current/log_inprogress_0 to /workdir/hadoop-ozone/integration-test/target/test-dir/MiniOzoneClusterImpl-d661fb9f-1fa9-4d83-aa41-108be3044330/datanode-2/data/ratis/36eb93fc-bcf8-4b0b-a0c0-ddd6bf56d535/current/log_0-0
2019-10-16 20:41:54,745 [grpc-default-executor-1] INFO  impl.RaftServerProxy (RaftServerProxy.java:remove(95)) - d612b743-bedc-4c3f-983e-e3329f8a2e6f: remove  FOLLOWER d612b743-bedc-4c3f-983e-e3329f8a2e6f@group-746BA78DFDB7:t2, leader=null, voted=d612b743-bedc-4c3f-983e-e3329f8a2e6f, raftlog=d612b743-bedc-4c3f-983e-e3329f8a2e6f@group-746BA78DFDB7-SegmentedRaftLog:OPENED:c-1,f0,i0, conf=0: [46069bd9-45fc-4c82-823c-36f07a1bcff0:192.168.157.254:34001, bc0bc980-c963-48ce-962e-85091c893131:192.168.157.254:46787, d612b743-bedc-4c3f-983e-e3329f8a2e6f:192.168.157.254:44523], old=null RUNNING
2019-10-16 20:41:54,745 [grpc-default-executor-1] INFO  impl.RaftServerImpl (RaftServerImpl.java:lambda$shutdown$3(261)) - d612b743-bedc-4c3f-983e-e3329f8a2e6f@group-746BA78DFDB7: shutdown
2019-10-16 20:41:54,745 [grpc-default-executor-1] INFO  util.JmxRegister (JmxRegister.java:unregister(73)) - Successfully un-registered JMX Bean with object name Ratis:service=RaftServer,group=group-746BA78DFDB7,id=d612b743-bedc-4c3f-983e-e3329f8a2e6f
2019-10-16 20:41:54,745 [grpc-default-executor-1] INFO  impl.RoleInfo (RoleInfo.java:shutdownFollowerState(121)) - d612b743-bedc-4c3f-983e-e3329f8a2e6f: shutdown FollowerState
2019-10-16 20:41:54,746 [grpc-default-executor-1] INFO  impl.StateMachineUpdater (StateMachineUpdater.java:stopAndJoin(136)) - d612b743-bedc-4c3f-983e-e3329f8a2e6f@group-746BA78DFDB7-StateMachineUpdater: set stopIndex = -1
2019-10-16 20:41:54,746 [Thread-772] INFO  impl.FollowerState (FollowerState.java:run(117)) - d612b743-bedc-4c3f-983e-e3329f8a2e6f@group-746BA78DFDB7-FollowerState was interrupted: java.lang.InterruptedException: sleep interrupted
2019-10-16 20:41:54,746 [grpc-default-executor-1] INFO  impl.RaftServerImpl (ServerState.java:close(388)) - d612b743-bedc-4c3f-983e-e3329f8a2e6f@group-746BA78DFDB7: closes. applyIndex: -1
2019-10-16 20:41:54,746 [d612b743-bedc-4c3f-983e-e3329f8a2e6f@group-746BA78DFDB7-SegmentedRaftLogWorker] INFO  segmented.SegmentedRaftLogWorker (SegmentedRaftLogWorker.java:run(316)) - d612b743-bedc-4c3f-983e-e3329f8a2e6f@group-746BA78DFDB7-SegmentedRaftLogWorker was interrupted, exiting. There are 0 tasks remaining in the queue.
2019-10-16 20:41:54,766 [grpc-default-executor-1] INFO  segmented.SegmentedRaftLogWorker (SegmentedRaftLogWorker.java:close(224)) - d612b743-bedc-4c3f-983e-e3329f8a2e6f@group-746BA78DFDB7-SegmentedRaftLogWorker close()
2019-10-16 20:41:54,793 [d612b743-bedc-4c3f-983e-e3329f8a2e6f@group-DDD6BF56D535-SegmentedRaftLogWorker] INFO  segmented.SegmentedRaftLogWorker (SegmentedRaftLogWorker.java:execute(576)) - d612b743-bedc-4c3f-983e-e3329f8a2e6f@group-DDD6BF56D535-SegmentedRaftLogWorker: created new log segment /workdir/hadoop-ozone/integration-test/target/test-dir/MiniOzoneClusterImpl-d661fb9f-1fa9-4d83-aa41-108be3044330/datanode-2/data/ratis/36eb93fc-bcf8-4b0b-a0c0-ddd6bf56d535/current/log_inprogress_1
2019-10-16 20:41:56,508 [grpc-default-executor-1] INFO  impl.RaftServerProxy (RaftServerProxy.java:remove(95)) - 46069bd9-45fc-4c82-823c-36f07a1bcff0: remove group-746BA78DFDB7:null
2019-10-16 20:41:56,527 [EventQueue-PipelineReportForPipelineReportHandler] ERROR pipeline.PipelineReportHandler (PipelineReportHandler.java:onMessage(88)) - Could not process pipeline report=pipelineID {
  id: "888a940e-7763-41f4-8926-746ba78dfdb7"
}
leaderID: ""
 from dn=46069bd9-45fc-4c82-823c-36f07a1bcff0{ip: 192.168.157.254, host: pr-hdds-1868-qdb9g-714931517, networkLocation: /default-rack, certSerialId: null} {}
org.apache.ratis.protocol.GroupMismatchException: 46069bd9-45fc-4c82-823c-36f07a1bcff0: Group group-746BA78DFDB7 not found.
	at org.apache.ratis.server.impl.RaftServerProxy.groupRemoveAsync(RaftServerProxy.java:402)
	at org.apache.ratis.server.impl.RaftServerProxy.groupManagementAsync(RaftServerProxy.java:367)
	at org.apache.ratis.grpc.server.GrpcAdminProtocolService.lambda$groupManagement$0(GrpcAdminProtocolService.java:42)
	at org.apache.ratis.grpc.GrpcUtil.asyncCall(GrpcUtil.java:140)
	at org.apache.ratis.grpc.server.GrpcAdminProtocolService.groupManagement(GrpcAdminProtocolService.java:42)
	at org.apache.ratis.proto.grpc.AdminProtocolServiceGrpc$MethodHandlers.invoke(AdminProtocolServiceGrpc.java:361)
	at org.apache.ratis.thirdparty.io.grpc.stub.ServerCalls$UnaryServerCallHandler$UnaryServerCallListener.onHalfClose(ServerCalls.java:171)
	at org.apache.ratis.thirdparty.io.grpc.internal.ServerCallImpl$ServerStreamListenerImpl.halfClosed(ServerCallImpl.java:283)
	at org.apache.ratis.thirdparty.io.grpc.internal.ServerImpl$JumpToApplicationThreadServerStreamListener$1HalfClosed.runInContext(ServerImpl.java:710)
	at org.apache.ratis.thirdparty.io.grpc.internal.ContextRunnable.run(ContextRunnable.java:37)
	at org.apache.ratis.thirdparty.io.grpc.internal.SerializingExecutor.run(SerializingExecutor.java:123)
	at java.util.concurrent.ThreadPoolExecutor.runWorker(ThreadPoolExecutor.java:1149)
	at java.util.concurrent.ThreadPoolExecutor$Worker.run(ThreadPoolExecutor.java:624)
	at java.lang.Thread.run(Thread.java:748)
2019-10-16 20:41:56,538 [grpc-default-executor-1] INFO  impl.RaftServerProxy (RaftServerProxy.java:remove(95)) - bc0bc980-c963-48ce-962e-85091c893131: remove group-746BA78DFDB7:null
2019-10-16 20:41:56,545 [EventQueue-PipelineReportForPipelineReportHandler] ERROR pipeline.PipelineReportHandler (PipelineReportHandler.java:onMessage(88)) - Could not process pipeline report=pipelineID {
  id: "888a940e-7763-41f4-8926-746ba78dfdb7"
}
leaderID: ""
 from dn=bc0bc980-c963-48ce-962e-85091c893131{ip: 192.168.157.254, host: pr-hdds-1868-qdb9g-714931517, networkLocation: /default-rack, certSerialId: null} {}
org.apache.ratis.protocol.GroupMismatchException: bc0bc980-c963-48ce-962e-85091c893131: Group group-746BA78DFDB7 not found.
	at org.apache.ratis.server.impl.RaftServerProxy.groupRemoveAsync(RaftServerProxy.java:402)
	at org.apache.ratis.server.impl.RaftServerProxy.groupManagementAsync(RaftServerProxy.java:367)
	at org.apache.ratis.grpc.server.GrpcAdminProtocolService.lambda$groupManagement$0(GrpcAdminProtocolService.java:42)
	at org.apache.ratis.grpc.GrpcUtil.asyncCall(GrpcUtil.java:140)
	at org.apache.ratis.grpc.server.GrpcAdminProtocolService.groupManagement(GrpcAdminProtocolService.java:42)
	at org.apache.ratis.proto.grpc.AdminProtocolServiceGrpc$MethodHandlers.invoke(AdminProtocolServiceGrpc.java:361)
	at org.apache.ratis.thirdparty.io.grpc.stub.ServerCalls$UnaryServerCallHandler$UnaryServerCallListener.onHalfClose(ServerCalls.java:171)
	at org.apache.ratis.thirdparty.io.grpc.internal.ServerCallImpl$ServerStreamListenerImpl.halfClosed(ServerCallImpl.java:283)
	at org.apache.ratis.thirdparty.io.grpc.internal.ServerImpl$JumpToApplicationThreadServerStreamListener$1HalfClosed.runInContext(ServerImpl.java:710)
	at org.apache.ratis.thirdparty.io.grpc.internal.ContextRunnable.run(ContextRunnable.java:37)
	at org.apache.ratis.thirdparty.io.grpc.internal.SerializingExecutor.run(SerializingExecutor.java:123)
	at java.util.concurrent.ThreadPoolExecutor.runWorker(ThreadPoolExecutor.java:1149)
	at java.util.concurrent.ThreadPoolExecutor$Worker.run(ThreadPoolExecutor.java:624)
	at java.lang.Thread.run(Thread.java:748)
2019-10-16 20:41:56,747 [grpc-default-executor-1] INFO  impl.RaftServerProxy (RaftServerProxy.java:remove(95)) - d612b743-bedc-4c3f-983e-e3329f8a2e6f: remove group-746BA78DFDB7:null
2019-10-16 20:41:56,756 [EventQueue-PipelineReportForPipelineReportHandler] ERROR pipeline.PipelineReportHandler (PipelineReportHandler.java:onMessage(88)) - Could not process pipeline report=pipelineID {
  id: "888a940e-7763-41f4-8926-746ba78dfdb7"
}
leaderID: ""
 from dn=d612b743-bedc-4c3f-983e-e3329f8a2e6f{ip: 192.168.157.254, host: pr-hdds-1868-qdb9g-714931517, networkLocation: /default-rack, certSerialId: null} {}
org.apache.ratis.protocol.GroupMismatchException: d612b743-bedc-4c3f-983e-e3329f8a2e6f: Group group-746BA78DFDB7 not found.
	at org.apache.ratis.server.impl.RaftServerProxy.groupRemoveAsync(RaftServerProxy.java:402)
	at org.apache.ratis.server.impl.RaftServerProxy.groupManagementAsync(RaftServerProxy.java:367)
	at org.apache.ratis.grpc.server.GrpcAdminProtocolService.lambda$groupManagement$0(GrpcAdminProtocolService.java:42)
	at org.apache.ratis.grpc.GrpcUtil.asyncCall(GrpcUtil.java:140)
	at org.apache.ratis.grpc.server.GrpcAdminProtocolService.groupManagement(GrpcAdminProtocolService.java:42)
	at org.apache.ratis.proto.grpc.AdminProtocolServiceGrpc$MethodHandlers.invoke(AdminProtocolServiceGrpc.java:361)
	at org.apache.ratis.thirdparty.io.grpc.stub.ServerCalls$UnaryServerCallHandler$UnaryServerCallListener.onHalfClose(ServerCalls.java:171)
	at org.apache.ratis.thirdparty.io.grpc.internal.ServerCallImpl$ServerStreamListenerImpl.halfClosed(ServerCallImpl.java:283)
	at org.apache.ratis.thirdparty.io.grpc.internal.ServerImpl$JumpToApplicationThreadServerStreamListener$1HalfClosed.runInContext(ServerImpl.java:710)
	at org.apache.ratis.thirdparty.io.grpc.internal.ContextRunnable.run(ContextRunnable.java:37)
	at org.apache.ratis.thirdparty.io.grpc.internal.SerializingExecutor.run(SerializingExecutor.java:123)
	at java.util.concurrent.ThreadPoolExecutor.runWorker(ThreadPoolExecutor.java:1149)
	at java.util.concurrent.ThreadPoolExecutor$Worker.run(ThreadPoolExecutor.java:624)
	at java.lang.Thread.run(Thread.java:748)
2019-10-16 20:41:57,066 [grpc-default-executor-1] INFO  impl.RaftServerProxy (RaftServerProxy.java:addNew(89)) - 46069bd9-45fc-4c82-823c-36f07a1bcff0: addNew group-5AFFAA4212DA:[46069bd9-45fc-4c82-823c-36f07a1bcff0:192.168.157.254:34001] returns group-5AFFAA4212DA:java.util.concurrent.CompletableFuture@2ca86168[Not completed]
2019-10-16 20:41:57,067 [pool-139-thread-1] INFO  impl.RaftServerImpl (RaftServerImpl.java:<init>(104)) - 46069bd9-45fc-4c82-823c-36f07a1bcff0: new RaftServerImpl for group-5AFFAA4212DA:[46069bd9-45fc-4c82-823c-36f07a1bcff0:192.168.157.254:34001] with ContainerStateMachine:uninitialized
2019-10-16 20:41:57,067 [pool-139-thread-1] INFO  server.RaftServerConfigKeys (ConfUtils.java:logGet(43)) - raft.server.rpc.timeout.min = 5s (custom)
2019-10-16 20:41:57,067 [pool-139-thread-1] INFO  server.RaftServerConfigKeys (ConfUtils.java:logGet(43)) - raft.server.rpc.timeout.max = 5200ms (custom)
2019-10-16 20:41:57,067 [pool-139-thread-1] INFO  server.RaftServerConfigKeys (ConfUtils.java:logGet(43)) - raft.server.rpcslowness.timeout = 120s (custom)
2019-10-16 20:41:57,068 [pool-139-thread-1] INFO  server.RaftServerConfigKeys (ConfUtils.java:logGet(43)) - raft.server.sleep.deviation.threshold = 300 (default)
2019-10-16 20:41:57,068 [pool-139-thread-1] INFO  server.RaftServerConfigKeys (ConfUtils.java:logGet(43)) - raft.server.log.appender.install.snapshot.enabled = false (custom)
2019-10-16 20:41:57,068 [pool-139-thread-1] INFO  impl.RaftServerImpl (ServerState.java:<init>(103)) - 46069bd9-45fc-4c82-823c-36f07a1bcff0@group-5AFFAA4212DA: ConfigurationManager, init=-1: [46069bd9-45fc-4c82-823c-36f07a1bcff0:192.168.157.254:34001], old=null, confs=<EMPTY_MAP>
2019-10-16 20:41:57,068 [pool-139-thread-1] INFO  server.RaftServerConfigKeys (ConfUtils.java:logGet(43)) - raft.server.storage.dir = [/workdir/hadoop-ozone/integration-test/target/test-dir/MiniOzoneClusterImpl-d661fb9f-1fa9-4d83-aa41-108be3044330/datanode-0/data/ratis] (custom)
2019-10-16 20:41:57,068 [pool-139-thread-1] INFO  server.RaftServerConfigKeys (ConfUtils.java:logGet(43)) - raft.server.log.corruption.policy = EXCEPTION (default)
2019-10-16 20:41:57,068 [pool-139-thread-1] INFO  storage.RaftStorageDirectory (RaftStorageDirectory.java:analyzeStorage(246)) - The storage directory /workdir/hadoop-ozone/integration-test/target/test-dir/MiniOzoneClusterImpl-d661fb9f-1fa9-4d83-aa41-108be3044330/datanode-0/data/ratis/608467e8-605b-4d2a-a293-5affaa4212da does not exist. Creating ...
2019-10-16 20:41:57,082 [pool-139-thread-1] INFO  storage.RaftStorageDirectory (RaftStorageDirectory.java:tryLock(328)) - Lock on /workdir/hadoop-ozone/integration-test/target/test-dir/MiniOzoneClusterImpl-d661fb9f-1fa9-4d83-aa41-108be3044330/datanode-0/data/ratis/608467e8-605b-4d2a-a293-5affaa4212da/in_use.lock acquired by nodename 8368@pr-hdds-1868-qdb9g-714931517
2019-10-16 20:41:57,095 [pool-139-thread-1] INFO  storage.RaftStorage (RaftStorage.java:format(84)) - Storage directory /workdir/hadoop-ozone/integration-test/target/test-dir/MiniOzoneClusterImpl-d661fb9f-1fa9-4d83-aa41-108be3044330/datanode-0/data/ratis/608467e8-605b-4d2a-a293-5affaa4212da has been successfully formatted.
2019-10-16 20:41:57,095 [pool-139-thread-1] INFO  ratis.ContainerStateMachine (ContainerStateMachine.java:loadSnapshot(233)) - group-5AFFAA4212DA: The snapshot info is null. Setting the last applied indexto:(t:0, i:~)
2019-10-16 20:41:57,095 [pool-139-thread-1] INFO  server.RaftServerConfigKeys (ConfUtils.java:logGet(43)) - raft.server.notification.no-leader.timeout = 120s (custom)
2019-10-16 20:41:57,096 [pool-139-thread-1] INFO  server.RaftServerConfigKeys (ConfUtils.java:logGet(43)) - raft.server.log.use.memory = false (default)
2019-10-16 20:41:57,096 [pool-139-thread-1] INFO  server.RaftServerConfigKeys (ConfUtils.java:logGet(43)) - raft.server.log.purge.gap = 1000000 (custom)
2019-10-16 20:41:57,096 [pool-139-thread-1] INFO  server.RaftServerConfigKeys (ConfUtils.java:logGet(43)) - raft.server.log.appender.buffer.byte-limit = 33554432 (custom)
2019-10-16 20:41:57,096 [pool-139-thread-1] INFO  server.RaftServerConfigKeys (ConfUtils.java:logGet(43)) - raft.server.log.segment.size.max = 1048576 (custom)
2019-10-16 20:41:57,096 [pool-139-thread-1] INFO  server.RaftServerConfigKeys (ConfUtils.java:logGet(43)) - raft.server.log.segment.cache.num.max = 2 (custom)
2019-10-16 20:41:57,096 [pool-139-thread-1] INFO  segmented.SegmentedRaftLogWorker (SegmentedRaftLogWorker.java:<init>(173)) - new 46069bd9-45fc-4c82-823c-36f07a1bcff0@group-5AFFAA4212DA-SegmentedRaftLogWorker for RaftStorage:Storage Directory /workdir/hadoop-ozone/integration-test/target/test-dir/MiniOzoneClusterImpl-d661fb9f-1fa9-4d83-aa41-108be3044330/datanode-0/data/ratis/608467e8-605b-4d2a-a293-5affaa4212da
2019-10-16 20:41:57,096 [pool-139-thread-1] INFO  server.RaftServerConfigKeys (ConfUtils.java:logGet(43)) - raft.server.log.queue.byte-limit = 2147483647 (custom)
2019-10-16 20:41:57,096 [pool-139-thread-1] INFO  server.RaftServerConfigKeys (ConfUtils.java:logGet(43)) - raft.server.log.queue.element-limit = 1024 (custom)
2019-10-16 20:41:57,096 [pool-139-thread-1] INFO  server.RaftServerConfigKeys (ConfUtils.java:logGet(43)) - raft.server.log.segment.size.max = 1048576 (custom)
2019-10-16 20:41:57,096 [pool-139-thread-1] INFO  server.RaftServerConfigKeys (ConfUtils.java:logGet(43)) - raft.server.log.preallocated.size = 16384 (custom)
2019-10-16 20:41:57,097 [pool-139-thread-1] INFO  server.RaftServerConfigKeys (ConfUtils.java:logGet(43)) - raft.server.log.write.buffer.size = 33554432 (custom)
2019-10-16 20:41:57,097 [pool-139-thread-1] INFO  server.RaftServerConfigKeys (ConfUtils.java:logGet(43)) - raft.server.log.force.sync.num = 128 (default)
2019-10-16 20:41:57,097 [pool-139-thread-1] INFO  server.RaftServerConfigKeys (ConfUtils.java:logGet(43)) - raft.server.log.statemachine.data.sync = true (default)
2019-10-16 20:41:57,097 [pool-139-thread-1] INFO  server.RaftServerConfigKeys (ConfUtils.java:logGet(43)) - raft.server.log.statemachine.data.sync.timeout = 10s (default)
2019-10-16 20:41:57,097 [pool-139-thread-1] INFO  server.RaftServerConfigKeys (ConfUtils.java:logGet(43)) - raft.server.log.statemachine.data.sync.timeout.retry = -1 (default)
2019-10-16 20:41:57,097 [pool-139-thread-1] INFO  server.RaftServerConfigKeys (ConfUtils.java:logGet(43)) - raft.server.log.statemachine.data.caching.enabled = true (custom)
2019-10-16 20:41:57,097 [pool-139-thread-1] INFO  segmented.SegmentedRaftLogWorker (SegmentedRaftLogWorker.java:lambda$new$0(128)) - 46069bd9-45fc-4c82-823c-36f07a1bcff0@group-5AFFAA4212DA-SegmentedRaftLogWorker: flushIndex: setUnconditionally 0 -> -1
2019-10-16 20:41:57,098 [pool-139-thread-1] INFO  server.RaftServerConfigKeys (ConfUtils.java:logGet(43)) - raft.server.snapshot.auto.trigger.enabled = true (custom)
2019-10-16 20:41:57,098 [pool-139-thread-1] INFO  server.RaftServerConfigKeys (ConfUtils.java:logGet(43)) - raft.server.snapshot.auto.trigger.threshold = 10000 (custom)
2019-10-16 20:41:57,098 [pool-139-thread-1] INFO  server.RaftServerConfigKeys (ConfUtils.java:logGet(43)) - raft.server.snapshot.retention.file.num = 5 (custom)
2019-10-16 20:41:57,098 [pool-139-thread-1] INFO  server.RaftServerConfigKeys (ConfUtils.java:logGet(43)) - raft.server.retrycache.expirytime = 600000ms (custom)
2019-10-16 20:41:57,099 [pool-139-thread-1] INFO  impl.RaftServerImpl (RaftServerImpl.java:start(195)) - 46069bd9-45fc-4c82-823c-36f07a1bcff0@group-5AFFAA4212DA: start as a follower, conf=-1: [46069bd9-45fc-4c82-823c-36f07a1bcff0:192.168.157.254:34001], old=null
2019-10-16 20:41:57,099 [pool-139-thread-1] INFO  impl.RaftServerImpl (RaftServerImpl.java:setRole(184)) - 46069bd9-45fc-4c82-823c-36f07a1bcff0@group-5AFFAA4212DA: changes role from      null to FOLLOWER at term 0 for startAsFollower
2019-10-16 20:41:57,100 [pool-139-thread-1] INFO  impl.RoleInfo (RoleInfo.java:updateAndGet(143)) - 46069bd9-45fc-4c82-823c-36f07a1bcff0: start FollowerState
2019-10-16 20:41:57,100 [pool-139-thread-1] INFO  util.JmxRegister (JmxRegister.java:tryRegister(44)) - Successfully registered JMX Bean with object name Ratis:service=RaftServer,group=group-5AFFAA4212DA,id=46069bd9-45fc-4c82-823c-36f07a1bcff0
2019-10-16 20:41:57,105 [RatisPipelineUtilsThread] INFO  pipeline.PipelineStateManager (PipelineStateManager.java:addPipeline(57)) - Created pipeline Pipeline[ Id: 608467e8-605b-4d2a-a293-5affaa4212da, Nodes: 46069bd9-45fc-4c82-823c-36f07a1bcff0{ip: 192.168.157.254, host: pr-hdds-1868-qdb9g-714931517, networkLocation: /default-rack, certSerialId: null}, Type:RATIS, Factor:ONE, State:ALLOCATED]
2019-10-16 20:41:57,110 [grpc-default-executor-1] INFO  impl.RaftServerProxy (RaftServerProxy.java:addNew(89)) - bc0bc980-c963-48ce-962e-85091c893131: addNew group-65A7CFDAF5F6:[bc0bc980-c963-48ce-962e-85091c893131:192.168.157.254:46787] returns group-65A7CFDAF5F6:java.util.concurrent.CompletableFuture@5a91b350[Not completed]
2019-10-16 20:41:57,112 [pool-149-thread-1] INFO  impl.RaftServerImpl (RaftServerImpl.java:<init>(104)) - bc0bc980-c963-48ce-962e-85091c893131: new RaftServerImpl for group-65A7CFDAF5F6:[bc0bc980-c963-48ce-962e-85091c893131:192.168.157.254:46787] with ContainerStateMachine:uninitialized
2019-10-16 20:41:57,112 [pool-149-thread-1] INFO  server.RaftServerConfigKeys (ConfUtils.java:logGet(43)) - raft.server.rpc.timeout.min = 5s (custom)
2019-10-16 20:41:57,113 [pool-149-thread-1] INFO  server.RaftServerConfigKeys (ConfUtils.java:logGet(43)) - raft.server.rpc.timeout.max = 5200ms (custom)
2019-10-16 20:41:57,113 [pool-149-thread-1] INFO  server.RaftServerConfigKeys (ConfUtils.java:logGet(43)) - raft.server.rpcslowness.timeout = 120s (custom)
2019-10-16 20:41:57,113 [pool-149-thread-1] INFO  server.RaftServerConfigKeys (ConfUtils.java:logGet(43)) - raft.server.sleep.deviation.threshold = 300 (default)
2019-10-16 20:41:57,113 [pool-149-thread-1] INFO  server.RaftServerConfigKeys (ConfUtils.java:logGet(43)) - raft.server.log.appender.install.snapshot.enabled = false (custom)
2019-10-16 20:41:57,114 [pool-149-thread-1] INFO  impl.RaftServerImpl (ServerState.java:<init>(103)) - bc0bc980-c963-48ce-962e-85091c893131@group-65A7CFDAF5F6: ConfigurationManager, init=-1: [bc0bc980-c963-48ce-962e-85091c893131:192.168.157.254:46787], old=null, confs=<EMPTY_MAP>
2019-10-16 20:41:57,114 [pool-149-thread-1] INFO  server.RaftServerConfigKeys (ConfUtils.java:logGet(43)) - raft.server.storage.dir = [/workdir/hadoop-ozone/integration-test/target/test-dir/MiniOzoneClusterImpl-d661fb9f-1fa9-4d83-aa41-108be3044330/datanode-1/data/ratis] (custom)
2019-10-16 20:41:57,114 [pool-149-thread-1] INFO  server.RaftServerConfigKeys (ConfUtils.java:logGet(43)) - raft.server.log.corruption.policy = EXCEPTION (default)
2019-10-16 20:41:57,114 [pool-149-thread-1] INFO  storage.RaftStorageDirectory (RaftStorageDirectory.java:analyzeStorage(246)) - The storage directory /workdir/hadoop-ozone/integration-test/target/test-dir/MiniOzoneClusterImpl-d661fb9f-1fa9-4d83-aa41-108be3044330/datanode-1/data/ratis/63af8a7e-6524-4d0c-8bec-65a7cfdaf5f6 does not exist. Creating ...
2019-10-16 20:41:57,163 [pool-149-thread-1] INFO  storage.RaftStorageDirectory (RaftStorageDirectory.java:tryLock(328)) - Lock on /workdir/hadoop-ozone/integration-test/target/test-dir/MiniOzoneClusterImpl-d661fb9f-1fa9-4d83-aa41-108be3044330/datanode-1/data/ratis/63af8a7e-6524-4d0c-8bec-65a7cfdaf5f6/in_use.lock acquired by nodename 8368@pr-hdds-1868-qdb9g-714931517
2019-10-16 20:41:57,178 [pool-149-thread-1] INFO  storage.RaftStorage (RaftStorage.java:format(84)) - Storage directory /workdir/hadoop-ozone/integration-test/target/test-dir/MiniOzoneClusterImpl-d661fb9f-1fa9-4d83-aa41-108be3044330/datanode-1/data/ratis/63af8a7e-6524-4d0c-8bec-65a7cfdaf5f6 has been successfully formatted.
2019-10-16 20:41:57,178 [pool-149-thread-1] INFO  ratis.ContainerStateMachine (ContainerStateMachine.java:loadSnapshot(233)) - group-65A7CFDAF5F6: The snapshot info is null. Setting the last applied indexto:(t:0, i:~)
2019-10-16 20:41:57,179 [pool-149-thread-1] INFO  server.RaftServerConfigKeys (ConfUtils.java:logGet(43)) - raft.server.notification.no-leader.timeout = 120s (custom)
2019-10-16 20:41:57,179 [pool-149-thread-1] INFO  server.RaftServerConfigKeys (ConfUtils.java:logGet(43)) - raft.server.log.use.memory = false (default)
2019-10-16 20:41:57,179 [pool-149-thread-1] INFO  server.RaftServerConfigKeys (ConfUtils.java:logGet(43)) - raft.server.log.purge.gap = 1000000 (custom)
2019-10-16 20:41:57,179 [pool-149-thread-1] INFO  server.RaftServerConfigKeys (ConfUtils.java:logGet(43)) - raft.server.log.appender.buffer.byte-limit = 33554432 (custom)
2019-10-16 20:41:57,179 [pool-149-thread-1] INFO  server.RaftServerConfigKeys (ConfUtils.java:logGet(43)) - raft.server.log.segment.size.max = 1048576 (custom)
2019-10-16 20:41:57,179 [pool-149-thread-1] INFO  server.RaftServerConfigKeys (ConfUtils.java:logGet(43)) - raft.server.log.segment.cache.num.max = 2 (custom)
2019-10-16 20:41:57,180 [pool-149-thread-1] INFO  segmented.SegmentedRaftLogWorker (SegmentedRaftLogWorker.java:<init>(173)) - new bc0bc980-c963-48ce-962e-85091c893131@group-65A7CFDAF5F6-SegmentedRaftLogWorker for RaftStorage:Storage Directory /workdir/hadoop-ozone/integration-test/target/test-dir/MiniOzoneClusterImpl-d661fb9f-1fa9-4d83-aa41-108be3044330/datanode-1/data/ratis/63af8a7e-6524-4d0c-8bec-65a7cfdaf5f6
2019-10-16 20:41:57,180 [pool-149-thread-1] INFO  server.RaftServerConfigKeys (ConfUtils.java:logGet(43)) - raft.server.log.queue.byte-limit = 2147483647 (custom)
2019-10-16 20:41:57,180 [pool-149-thread-1] INFO  server.RaftServerConfigKeys (ConfUtils.java:logGet(43)) - raft.server.log.queue.element-limit = 1024 (custom)
2019-10-16 20:41:57,180 [pool-149-thread-1] INFO  server.RaftServerConfigKeys (ConfUtils.java:logGet(43)) - raft.server.log.segment.size.max = 1048576 (custom)
2019-10-16 20:41:57,180 [pool-149-thread-1] INFO  server.RaftServerConfigKeys (ConfUtils.java:logGet(43)) - raft.server.log.preallocated.size = 16384 (custom)
2019-10-16 20:41:57,180 [pool-149-thread-1] INFO  server.RaftServerConfigKeys (ConfUtils.java:logGet(43)) - raft.server.log.write.buffer.size = 33554432 (custom)
2019-10-16 20:41:57,181 [pool-149-thread-1] INFO  server.RaftServerConfigKeys (ConfUtils.java:logGet(43)) - raft.server.log.force.sync.num = 128 (default)
2019-10-16 20:41:57,181 [pool-149-thread-1] INFO  server.RaftServerConfigKeys (ConfUtils.java:logGet(43)) - raft.server.log.statemachine.data.sync = true (default)
2019-10-16 20:41:57,181 [pool-149-thread-1] INFO  server.RaftServerConfigKeys (ConfUtils.java:logGet(43)) - raft.server.log.statemachine.data.sync.timeout = 10s (default)
2019-10-16 20:41:57,181 [pool-149-thread-1] INFO  server.RaftServerConfigKeys (ConfUtils.java:logGet(43)) - raft.server.log.statemachine.data.sync.timeout.retry = -1 (default)
2019-10-16 20:41:57,181 [pool-149-thread-1] INFO  server.RaftServerConfigKeys (ConfUtils.java:logGet(43)) - raft.server.log.statemachine.data.caching.enabled = true (custom)
2019-10-16 20:41:57,182 [pool-149-thread-1] INFO  segmented.SegmentedRaftLogWorker (SegmentedRaftLogWorker.java:lambda$new$0(128)) - bc0bc980-c963-48ce-962e-85091c893131@group-65A7CFDAF5F6-SegmentedRaftLogWorker: flushIndex: setUnconditionally 0 -> -1
2019-10-16 20:41:57,182 [pool-149-thread-1] INFO  server.RaftServerConfigKeys (ConfUtils.java:logGet(43)) - raft.server.snapshot.auto.trigger.enabled = true (custom)
2019-10-16 20:41:57,182 [pool-149-thread-1] INFO  server.RaftServerConfigKeys (ConfUtils.java:logGet(43)) - raft.server.snapshot.auto.trigger.threshold = 10000 (custom)
2019-10-16 20:41:57,183 [pool-149-thread-1] INFO  server.RaftServerConfigKeys (ConfUtils.java:logGet(43)) - raft.server.snapshot.retention.file.num = 5 (custom)
2019-10-16 20:41:57,183 [pool-149-thread-1] INFO  server.RaftServerConfigKeys (ConfUtils.java:logGet(43)) - raft.server.retrycache.expirytime = 600000ms (custom)
2019-10-16 20:41:57,186 [pool-149-thread-1] INFO  impl.RaftServerImpl (RaftServerImpl.java:start(195)) - bc0bc980-c963-48ce-962e-85091c893131@group-65A7CFDAF5F6: start as a follower, conf=-1: [bc0bc980-c963-48ce-962e-85091c893131:192.168.157.254:46787], old=null
2019-10-16 20:41:57,187 [pool-149-thread-1] INFO  impl.RaftServerImpl (RaftServerImpl.java:setRole(184)) - bc0bc980-c963-48ce-962e-85091c893131@group-65A7CFDAF5F6: changes role from      null to FOLLOWER at term 0 for startAsFollower
2019-10-16 20:41:57,187 [pool-149-thread-1] INFO  impl.RoleInfo (RoleInfo.java:updateAndGet(143)) - bc0bc980-c963-48ce-962e-85091c893131: start FollowerState
2019-10-16 20:41:57,188 [pool-149-thread-1] INFO  util.JmxRegister (JmxRegister.java:tryRegister(44)) - Successfully registered JMX Bean with object name Ratis:service=RaftServer,group=group-65A7CFDAF5F6,id=bc0bc980-c963-48ce-962e-85091c893131
2019-10-16 20:41:57,194 [RatisPipelineUtilsThread] INFO  pipeline.PipelineStateManager (PipelineStateManager.java:addPipeline(57)) - Created pipeline Pipeline[ Id: 63af8a7e-6524-4d0c-8bec-65a7cfdaf5f6, Nodes: bc0bc980-c963-48ce-962e-85091c893131{ip: 192.168.157.254, host: pr-hdds-1868-qdb9g-714931517, networkLocation: /default-rack, certSerialId: null}, Type:RATIS, Factor:ONE, State:ALLOCATED]
2019-10-16 20:41:57,199 [grpc-default-executor-1] INFO  impl.RaftServerProxy (RaftServerProxy.java:addNew(89)) - d612b743-bedc-4c3f-983e-e3329f8a2e6f: addNew group-9F7ECBB45DDD:[d612b743-bedc-4c3f-983e-e3329f8a2e6f:192.168.157.254:44523] returns group-9F7ECBB45DDD:java.util.concurrent.CompletableFuture@31a6dec8[Not completed]
2019-10-16 20:41:57,201 [pool-159-thread-1] INFO  impl.RaftServerImpl (RaftServerImpl.java:<init>(104)) - d612b743-bedc-4c3f-983e-e3329f8a2e6f: new RaftServerImpl for group-9F7ECBB45DDD:[d612b743-bedc-4c3f-983e-e3329f8a2e6f:192.168.157.254:44523] with ContainerStateMachine:uninitialized
2019-10-16 20:41:57,201 [pool-159-thread-1] INFO  server.RaftServerConfigKeys (ConfUtils.java:logGet(43)) - raft.server.rpc.timeout.min = 5s (custom)
2019-10-16 20:41:57,201 [pool-159-thread-1] INFO  server.RaftServerConfigKeys (ConfUtils.java:logGet(43)) - raft.server.rpc.timeout.max = 5200ms (custom)
2019-10-16 20:41:57,201 [pool-159-thread-1] INFO  server.RaftServerConfigKeys (ConfUtils.java:logGet(43)) - raft.server.rpcslowness.timeout = 120s (custom)
2019-10-16 20:41:57,203 [pool-159-thread-1] INFO  server.RaftServerConfigKeys (ConfUtils.java:logGet(43)) - raft.server.sleep.deviation.threshold = 300 (default)
2019-10-16 20:41:57,203 [pool-159-thread-1] INFO  server.RaftServerConfigKeys (ConfUtils.java:logGet(43)) - raft.server.log.appender.install.snapshot.enabled = false (custom)
2019-10-16 20:41:57,203 [pool-159-thread-1] INFO  impl.RaftServerImpl (ServerState.java:<init>(103)) - d612b743-bedc-4c3f-983e-e3329f8a2e6f@group-9F7ECBB45DDD: ConfigurationManager, init=-1: [d612b743-bedc-4c3f-983e-e3329f8a2e6f:192.168.157.254:44523], old=null, confs=<EMPTY_MAP>
2019-10-16 20:41:57,203 [pool-159-thread-1] INFO  server.RaftServerConfigKeys (ConfUtils.java:logGet(43)) - raft.server.storage.dir = [/workdir/hadoop-ozone/integration-test/target/test-dir/MiniOzoneClusterImpl-d661fb9f-1fa9-4d83-aa41-108be3044330/datanode-2/data/ratis] (custom)
2019-10-16 20:41:57,204 [pool-159-thread-1] INFO  server.RaftServerConfigKeys (ConfUtils.java:logGet(43)) - raft.server.log.corruption.policy = EXCEPTION (default)
2019-10-16 20:41:57,204 [pool-159-thread-1] INFO  storage.RaftStorageDirectory (RaftStorageDirectory.java:analyzeStorage(246)) - The storage directory /workdir/hadoop-ozone/integration-test/target/test-dir/MiniOzoneClusterImpl-d661fb9f-1fa9-4d83-aa41-108be3044330/datanode-2/data/ratis/92579588-2043-4440-b5f8-9f7ecbb45ddd does not exist. Creating ...
2019-10-16 20:41:57,230 [Thread-780] INFO  impl.FollowerState (FollowerState.java:run(108)) - 46069bd9-45fc-4c82-823c-36f07a1bcff0@group-5AFFAA4212DA-FollowerState: change to CANDIDATE, lastRpcTime:130ms, electionTimeout:130ms
2019-10-16 20:41:57,230 [pool-159-thread-1] INFO  storage.RaftStorageDirectory (RaftStorageDirectory.java:tryLock(328)) - Lock on /workdir/hadoop-ozone/integration-test/target/test-dir/MiniOzoneClusterImpl-d661fb9f-1fa9-4d83-aa41-108be3044330/datanode-2/data/ratis/92579588-2043-4440-b5f8-9f7ecbb45ddd/in_use.lock acquired by nodename 8368@pr-hdds-1868-qdb9g-714931517
2019-10-16 20:41:57,230 [Thread-780] INFO  impl.RoleInfo (RoleInfo.java:shutdownFollowerState(121)) - 46069bd9-45fc-4c82-823c-36f07a1bcff0: shutdown FollowerState
2019-10-16 20:41:57,230 [Thread-780] INFO  impl.RaftServerImpl (RaftServerImpl.java:setRole(184)) - 46069bd9-45fc-4c82-823c-36f07a1bcff0@group-5AFFAA4212DA: changes role from  FOLLOWER to CANDIDATE at term 0 for changeToCandidate
2019-10-16 20:41:57,230 [Thread-780] INFO  impl.RoleInfo (RoleInfo.java:updateAndGet(143)) - 46069bd9-45fc-4c82-823c-36f07a1bcff0: start LeaderElection
2019-10-16 20:41:57,265 [pool-159-thread-1] INFO  storage.RaftStorage (RaftStorage.java:format(84)) - Storage directory /workdir/hadoop-ozone/integration-test/target/test-dir/MiniOzoneClusterImpl-d661fb9f-1fa9-4d83-aa41-108be3044330/datanode-2/data/ratis/92579588-2043-4440-b5f8-9f7ecbb45ddd has been successfully formatted.
2019-10-16 20:41:57,265 [46069bd9-45fc-4c82-823c-36f07a1bcff0@group-5AFFAA4212DA-LeaderElection35] INFO  impl.LeaderElection (LeaderElection.java:askForVotes(178)) - 46069bd9-45fc-4c82-823c-36f07a1bcff0@group-5AFFAA4212DA-LeaderElection35: begin an election at term 1 for -1: [46069bd9-45fc-4c82-823c-36f07a1bcff0:192.168.157.254:34001], old=null
2019-10-16 20:41:57,265 [pool-159-thread-1] INFO  ratis.ContainerStateMachine (ContainerStateMachine.java:loadSnapshot(233)) - group-9F7ECBB45DDD: The snapshot info is null. Setting the last applied indexto:(t:0, i:~)
2019-10-16 20:41:57,265 [46069bd9-45fc-4c82-823c-36f07a1bcff0@group-5AFFAA4212DA-LeaderElection35] INFO  impl.RoleInfo (RoleInfo.java:shutdownLeaderElection(134)) - 46069bd9-45fc-4c82-823c-36f07a1bcff0: shutdown LeaderElection
2019-10-16 20:41:57,265 [pool-159-thread-1] INFO  server.RaftServerConfigKeys (ConfUtils.java:logGet(43)) - raft.server.notification.no-leader.timeout = 120s (custom)
2019-10-16 20:41:57,265 [46069bd9-45fc-4c82-823c-36f07a1bcff0@group-5AFFAA4212DA-LeaderElection35] INFO  impl.RaftServerImpl (RaftServerImpl.java:setRole(184)) - 46069bd9-45fc-4c82-823c-36f07a1bcff0@group-5AFFAA4212DA: changes role from CANDIDATE to LEADER at term 1 for changeToLeader
2019-10-16 20:41:57,266 [pool-159-thread-1] INFO  server.RaftServerConfigKeys (ConfUtils.java:logGet(43)) - raft.server.log.use.memory = false (default)
2019-10-16 20:41:57,266 [46069bd9-45fc-4c82-823c-36f07a1bcff0@group-5AFFAA4212DA-LeaderElection35] INFO  ratis.XceiverServerRatis (XceiverServerRatis.java:handleLeaderChangedNotification(700)) - Leader change notification received for group: group-5AFFAA4212DA with new leaderId: 46069bd9-45fc-4c82-823c-36f07a1bcff0
2019-10-16 20:41:57,266 [pool-159-thread-1] INFO  server.RaftServerConfigKeys (ConfUtils.java:logGet(43)) - raft.server.log.purge.gap = 1000000 (custom)
2019-10-16 20:41:57,266 [46069bd9-45fc-4c82-823c-36f07a1bcff0@group-5AFFAA4212DA-LeaderElection35] INFO  impl.RaftServerImpl (ServerState.java:setLeader(256)) - 46069bd9-45fc-4c82-823c-36f07a1bcff0@group-5AFFAA4212DA: change Leader from null to 46069bd9-45fc-4c82-823c-36f07a1bcff0 at term 1 for becomeLeader, leader elected after 170ms
2019-10-16 20:41:57,266 [pool-159-thread-1] INFO  server.RaftServerConfigKeys (ConfUtils.java:logGet(43)) - raft.server.log.appender.buffer.byte-limit = 33554432 (custom)
2019-10-16 20:41:57,266 [46069bd9-45fc-4c82-823c-36f07a1bcff0@group-5AFFAA4212DA-LeaderElection35] INFO  server.RaftServerConfigKeys (ConfUtils.java:logGet(43)) - raft.server.staging.catchup.gap = 1000 (default)
2019-10-16 20:41:57,266 [pool-159-thread-1] INFO  server.RaftServerConfigKeys (ConfUtils.java:logGet(43)) - raft.server.log.segment.size.max = 1048576 (custom)
2019-10-16 20:41:57,267 [46069bd9-45fc-4c82-823c-36f07a1bcff0@group-5AFFAA4212DA-LeaderElection35] INFO  server.RaftServerConfigKeys (ConfUtils.java:logGet(43)) - raft.server.rpc.sleep.time = 25ms (default)
2019-10-16 20:41:57,267 [pool-159-thread-1] INFO  server.RaftServerConfigKeys (ConfUtils.java:logGet(43)) - raft.server.log.segment.cache.num.max = 2 (custom)
2019-10-16 20:41:57,267 [46069bd9-45fc-4c82-823c-36f07a1bcff0@group-5AFFAA4212DA-LeaderElection35] INFO  server.RaftServerConfigKeys (ConfUtils.java:logGet(43)) - raft.server.write.element-limit = 4096 (default)
2019-10-16 20:41:57,267 [pool-159-thread-1] INFO  segmented.SegmentedRaftLogWorker (SegmentedRaftLogWorker.java:<init>(173)) - new d612b743-bedc-4c3f-983e-e3329f8a2e6f@group-9F7ECBB45DDD-SegmentedRaftLogWorker for RaftStorage:Storage Directory /workdir/hadoop-ozone/integration-test/target/test-dir/MiniOzoneClusterImpl-d661fb9f-1fa9-4d83-aa41-108be3044330/datanode-2/data/ratis/92579588-2043-4440-b5f8-9f7ecbb45ddd
2019-10-16 20:41:57,267 [46069bd9-45fc-4c82-823c-36f07a1bcff0@group-5AFFAA4212DA-LeaderElection35] INFO  server.RaftServerConfigKeys (ConfUtils.java:logGet(43)) - raft.server.watch.timeout = 10s (default)
2019-10-16 20:41:57,267 [pool-159-thread-1] INFO  server.RaftServerConfigKeys (ConfUtils.java:logGet(43)) - raft.server.log.queue.byte-limit = 2147483647 (custom)
2019-10-16 20:41:57,268 [46069bd9-45fc-4c82-823c-36f07a1bcff0@group-5AFFAA4212DA-LeaderElection35] INFO  server.RaftServerConfigKeys (ConfUtils.java:logGet(43)) - raft.server.watch.timeout.denomination = 1s (default)
2019-10-16 20:41:57,268 [pool-159-thread-1] INFO  server.RaftServerConfigKeys (ConfUtils.java:logGet(43)) - raft.server.log.queue.element-limit = 1024 (custom)
2019-10-16 20:41:57,268 [46069bd9-45fc-4c82-823c-36f07a1bcff0@group-5AFFAA4212DA-LeaderElection35] INFO  server.RaftServerConfigKeys (ConfUtils.java:logGet(43)) - raft.server.watch.element-limit = 65536 (default)
2019-10-16 20:41:57,268 [pool-159-thread-1] INFO  server.RaftServerConfigKeys (ConfUtils.java:logGet(43)) - raft.server.log.segment.size.max = 1048576 (custom)
2019-10-16 20:41:57,268 [pool-159-thread-1] INFO  server.RaftServerConfigKeys (ConfUtils.java:logGet(43)) - raft.server.log.preallocated.size = 16384 (custom)
2019-10-16 20:41:57,268 [pool-159-thread-1] INFO  server.RaftServerConfigKeys (ConfUtils.java:logGet(43)) - raft.server.log.write.buffer.size = 33554432 (custom)
2019-10-16 20:41:57,269 [pool-159-thread-1] INFO  server.RaftServerConfigKeys (ConfUtils.java:logGet(43)) - raft.server.log.force.sync.num = 128 (default)
2019-10-16 20:41:57,269 [pool-159-thread-1] INFO  server.RaftServerConfigKeys (ConfUtils.java:logGet(43)) - raft.server.log.statemachine.data.sync = true (default)
2019-10-16 20:41:57,269 [pool-159-thread-1] INFO  server.RaftServerConfigKeys (ConfUtils.java:logGet(43)) - raft.server.log.statemachine.data.sync.timeout = 10s (default)
2019-10-16 20:41:57,269 [pool-159-thread-1] INFO  server.RaftServerConfigKeys (ConfUtils.java:logGet(43)) - raft.server.log.statemachine.data.sync.timeout.retry = -1 (default)
2019-10-16 20:41:57,269 [pool-159-thread-1] INFO  server.RaftServerConfigKeys (ConfUtils.java:logGet(43)) - raft.server.log.statemachine.data.caching.enabled = true (custom)
2019-10-16 20:41:57,270 [pool-159-thread-1] INFO  segmented.SegmentedRaftLogWorker (SegmentedRaftLogWorker.java:lambda$new$0(128)) - d612b743-bedc-4c3f-983e-e3329f8a2e6f@group-9F7ECBB45DDD-SegmentedRaftLogWorker: flushIndex: setUnconditionally 0 -> -1
2019-10-16 20:41:57,270 [pool-159-thread-1] INFO  server.RaftServerConfigKeys (ConfUtils.java:logGet(43)) - raft.server.snapshot.auto.trigger.enabled = true (custom)
2019-10-16 20:41:57,270 [pool-159-thread-1] INFO  server.RaftServerConfigKeys (ConfUtils.java:logGet(43)) - raft.server.snapshot.auto.trigger.threshold = 10000 (custom)
2019-10-16 20:41:57,270 [pool-159-thread-1] INFO  server.RaftServerConfigKeys (ConfUtils.java:logGet(43)) - raft.server.snapshot.retention.file.num = 5 (custom)
2019-10-16 20:41:57,271 [46069bd9-45fc-4c82-823c-36f07a1bcff0@group-5AFFAA4212DA-LeaderElection35] INFO  impl.RoleInfo (RoleInfo.java:updateAndGet(143)) - 46069bd9-45fc-4c82-823c-36f07a1bcff0: start LeaderState
2019-10-16 20:41:57,271 [pool-159-thread-1] INFO  server.RaftServerConfigKeys (ConfUtils.java:logGet(43)) - raft.server.retrycache.expirytime = 600000ms (custom)
2019-10-16 20:41:57,271 [46069bd9-45fc-4c82-823c-36f07a1bcff0@group-5AFFAA4212DA-LeaderElection35] INFO  segmented.SegmentedRaftLogWorker (SegmentedRaftLogWorker.java:startLogSegment(385)) - 46069bd9-45fc-4c82-823c-36f07a1bcff0@group-5AFFAA4212DA-SegmentedRaftLogWorker: Starting segment from index:0
2019-10-16 20:41:57,272 [46069bd9-45fc-4c82-823c-36f07a1bcff0@group-5AFFAA4212DA-LeaderElection35] INFO  impl.RaftServerImpl (ServerState.java:setRaftConf(357)) - 46069bd9-45fc-4c82-823c-36f07a1bcff0@group-5AFFAA4212DA: set configuration 0: [46069bd9-45fc-4c82-823c-36f07a1bcff0:192.168.157.254:34001], old=null at 0
2019-10-16 20:41:57,273 [pool-159-thread-1] INFO  impl.RaftServerImpl (RaftServerImpl.java:start(195)) - d612b743-bedc-4c3f-983e-e3329f8a2e6f@group-9F7ECBB45DDD: start as a follower, conf=-1: [d612b743-bedc-4c3f-983e-e3329f8a2e6f:192.168.157.254:44523], old=null
2019-10-16 20:41:57,273 [pool-159-thread-1] INFO  impl.RaftServerImpl (RaftServerImpl.java:setRole(184)) - d612b743-bedc-4c3f-983e-e3329f8a2e6f@group-9F7ECBB45DDD: changes role from      null to FOLLOWER at term 0 for startAsFollower
2019-10-16 20:41:57,273 [pool-159-thread-1] INFO  impl.RoleInfo (RoleInfo.java:updateAndGet(143)) - d612b743-bedc-4c3f-983e-e3329f8a2e6f: start FollowerState
2019-10-16 20:41:57,273 [pool-159-thread-1] INFO  util.JmxRegister (JmxRegister.java:tryRegister(44)) - Successfully registered JMX Bean with object name Ratis:service=RaftServer,group=group-9F7ECBB45DDD,id=d612b743-bedc-4c3f-983e-e3329f8a2e6f
2019-10-16 20:41:57,279 [RatisPipelineUtilsThread] INFO  pipeline.PipelineStateManager (PipelineStateManager.java:addPipeline(57)) - Created pipeline Pipeline[ Id: 92579588-2043-4440-b5f8-9f7ecbb45ddd, Nodes: d612b743-bedc-4c3f-983e-e3329f8a2e6f{ip: 192.168.157.254, host: pr-hdds-1868-qdb9g-714931517, networkLocation: /default-rack, certSerialId: null}, Type:RATIS, Factor:ONE, State:ALLOCATED]
2019-10-16 20:41:57,305 [Thread-788] INFO  impl.FollowerState (FollowerState.java:run(108)) - d612b743-bedc-4c3f-983e-e3329f8a2e6f@group-9F7ECBB45DDD-FollowerState: change to CANDIDATE, lastRpcTime:31ms, electionTimeout:22ms
2019-10-16 20:41:57,306 [Thread-788] INFO  impl.RoleInfo (RoleInfo.java:shutdownFollowerState(121)) - d612b743-bedc-4c3f-983e-e3329f8a2e6f: shutdown FollowerState
2019-10-16 20:41:57,306 [Thread-788] INFO  impl.RaftServerImpl (RaftServerImpl.java:setRole(184)) - d612b743-bedc-4c3f-983e-e3329f8a2e6f@group-9F7ECBB45DDD: changes role from  FOLLOWER to CANDIDATE at term 0 for changeToCandidate
2019-10-16 20:41:57,306 [Thread-788] INFO  impl.RoleInfo (RoleInfo.java:updateAndGet(143)) - d612b743-bedc-4c3f-983e-e3329f8a2e6f: start LeaderElection
2019-10-16 20:41:57,322 [grpc-default-executor-0] INFO  impl.RaftServerProxy (RaftServerProxy.java:addNew(89)) - d612b743-bedc-4c3f-983e-e3329f8a2e6f: addNew group-28ACFA97060E:[46069bd9-45fc-4c82-823c-36f07a1bcff0:192.168.157.254:34001, bc0bc980-c963-48ce-962e-85091c893131:192.168.157.254:46787, d612b743-bedc-4c3f-983e-e3329f8a2e6f:192.168.157.254:44523] returns group-28ACFA97060E:java.util.concurrent.CompletableFuture@5ea71528[Not completed]
2019-10-16 20:41:57,322 [grpc-default-executor-1] INFO  impl.RaftServerProxy (RaftServerProxy.java:addNew(89)) - 46069bd9-45fc-4c82-823c-36f07a1bcff0: addNew group-28ACFA97060E:[46069bd9-45fc-4c82-823c-36f07a1bcff0:192.168.157.254:34001, bc0bc980-c963-48ce-962e-85091c893131:192.168.157.254:46787, d612b743-bedc-4c3f-983e-e3329f8a2e6f:192.168.157.254:44523] returns group-28ACFA97060E:java.util.concurrent.CompletableFuture@56fc3708[Not completed]
2019-10-16 20:41:57,322 [grpc-default-executor-2] INFO  impl.RaftServerProxy (RaftServerProxy.java:addNew(89)) - bc0bc980-c963-48ce-962e-85091c893131: addNew group-28ACFA97060E:[46069bd9-45fc-4c82-823c-36f07a1bcff0:192.168.157.254:34001, bc0bc980-c963-48ce-962e-85091c893131:192.168.157.254:46787, d612b743-bedc-4c3f-983e-e3329f8a2e6f:192.168.157.254:44523] returns group-28ACFA97060E:java.util.concurrent.CompletableFuture@367f7e31[Not completed]
2019-10-16 20:41:57,323 [pool-139-thread-1] INFO  impl.RaftServerImpl (RaftServerImpl.java:<init>(104)) - 46069bd9-45fc-4c82-823c-36f07a1bcff0: new RaftServerImpl for group-28ACFA97060E:[46069bd9-45fc-4c82-823c-36f07a1bcff0:192.168.157.254:34001, bc0bc980-c963-48ce-962e-85091c893131:192.168.157.254:46787, d612b743-bedc-4c3f-983e-e3329f8a2e6f:192.168.157.254:44523] with ContainerStateMachine:uninitialized
2019-10-16 20:41:57,324 [pool-139-thread-1] INFO  server.RaftServerConfigKeys (ConfUtils.java:logGet(43)) - raft.server.rpc.timeout.min = 5s (custom)
2019-10-16 20:41:57,324 [pool-139-thread-1] INFO  server.RaftServerConfigKeys (ConfUtils.java:logGet(43)) - raft.server.rpc.timeout.max = 5200ms (custom)
2019-10-16 20:41:57,324 [pool-139-thread-1] INFO  server.RaftServerConfigKeys (ConfUtils.java:logGet(43)) - raft.server.rpcslowness.timeout = 120s (custom)
2019-10-16 20:41:57,324 [pool-139-thread-1] INFO  server.RaftServerConfigKeys (ConfUtils.java:logGet(43)) - raft.server.sleep.deviation.threshold = 300 (default)
2019-10-16 20:41:57,324 [pool-139-thread-1] INFO  server.RaftServerConfigKeys (ConfUtils.java:logGet(43)) - raft.server.log.appender.install.snapshot.enabled = false (custom)
2019-10-16 20:41:57,324 [pool-139-thread-1] INFO  impl.RaftServerImpl (ServerState.java:<init>(103)) - 46069bd9-45fc-4c82-823c-36f07a1bcff0@group-28ACFA97060E: ConfigurationManager, init=-1: [46069bd9-45fc-4c82-823c-36f07a1bcff0:192.168.157.254:34001, bc0bc980-c963-48ce-962e-85091c893131:192.168.157.254:46787, d612b743-bedc-4c3f-983e-e3329f8a2e6f:192.168.157.254:44523], old=null, confs=<EMPTY_MAP>
2019-10-16 20:41:57,324 [pool-159-thread-1] INFO  impl.RaftServerImpl (RaftServerImpl.java:<init>(104)) - d612b743-bedc-4c3f-983e-e3329f8a2e6f: new RaftServerImpl for group-28ACFA97060E:[46069bd9-45fc-4c82-823c-36f07a1bcff0:192.168.157.254:34001, bc0bc980-c963-48ce-962e-85091c893131:192.168.157.254:46787, d612b743-bedc-4c3f-983e-e3329f8a2e6f:192.168.157.254:44523] with ContainerStateMachine:uninitialized
2019-10-16 20:41:57,324 [pool-139-thread-1] INFO  server.RaftServerConfigKeys (ConfUtils.java:logGet(43)) - raft.server.storage.dir = [/workdir/hadoop-ozone/integration-test/target/test-dir/MiniOzoneClusterImpl-d661fb9f-1fa9-4d83-aa41-108be3044330/datanode-0/data/ratis] (custom)
2019-10-16 20:41:57,325 [pool-159-thread-1] INFO  server.RaftServerConfigKeys (ConfUtils.java:logGet(43)) - raft.server.rpc.timeout.min = 5s (custom)
2019-10-16 20:41:57,325 [pool-159-thread-1] INFO  server.RaftServerConfigKeys (ConfUtils.java:logGet(43)) - raft.server.rpc.timeout.max = 5200ms (custom)
2019-10-16 20:41:57,325 [pool-139-thread-1] INFO  server.RaftServerConfigKeys (ConfUtils.java:logGet(43)) - raft.server.log.corruption.policy = EXCEPTION (default)
2019-10-16 20:41:57,325 [pool-159-thread-1] INFO  server.RaftServerConfigKeys (ConfUtils.java:logGet(43)) - raft.server.rpcslowness.timeout = 120s (custom)
2019-10-16 20:41:57,325 [pool-139-thread-1] INFO  storage.RaftStorageDirectory (RaftStorageDirectory.java:analyzeStorage(246)) - The storage directory /workdir/hadoop-ozone/integration-test/target/test-dir/MiniOzoneClusterImpl-d661fb9f-1fa9-4d83-aa41-108be3044330/datanode-0/data/ratis/1024d099-6934-46d9-9041-28acfa97060e does not exist. Creating ...
2019-10-16 20:41:57,325 [pool-159-thread-1] INFO  server.RaftServerConfigKeys (ConfUtils.java:logGet(43)) - raft.server.sleep.deviation.threshold = 300 (default)
2019-10-16 20:41:57,325 [pool-159-thread-1] INFO  server.RaftServerConfigKeys (ConfUtils.java:logGet(43)) - raft.server.log.appender.install.snapshot.enabled = false (custom)
2019-10-16 20:41:57,326 [pool-149-thread-1] INFO  impl.RaftServerImpl (RaftServerImpl.java:<init>(104)) - bc0bc980-c963-48ce-962e-85091c893131: new RaftServerImpl for group-28ACFA97060E:[46069bd9-45fc-4c82-823c-36f07a1bcff0:192.168.157.254:34001, bc0bc980-c963-48ce-962e-85091c893131:192.168.157.254:46787, d612b743-bedc-4c3f-983e-e3329f8a2e6f:192.168.157.254:44523] with ContainerStateMachine:uninitialized
2019-10-16 20:41:57,326 [pool-159-thread-1] INFO  impl.RaftServerImpl (ServerState.java:<init>(103)) - d612b743-bedc-4c3f-983e-e3329f8a2e6f@group-28ACFA97060E: ConfigurationManager, init=-1: [46069bd9-45fc-4c82-823c-36f07a1bcff0:192.168.157.254:34001, bc0bc980-c963-48ce-962e-85091c893131:192.168.157.254:46787, d612b743-bedc-4c3f-983e-e3329f8a2e6f:192.168.157.254:44523], old=null, confs=<EMPTY_MAP>
2019-10-16 20:41:57,326 [pool-149-thread-1] INFO  server.RaftServerConfigKeys (ConfUtils.java:logGet(43)) - raft.server.rpc.timeout.min = 5s (custom)
2019-10-16 20:41:57,326 [pool-159-thread-1] INFO  server.RaftServerConfigKeys (ConfUtils.java:logGet(43)) - raft.server.storage.dir = [/workdir/hadoop-ozone/integration-test/target/test-dir/MiniOzoneClusterImpl-d661fb9f-1fa9-4d83-aa41-108be3044330/datanode-2/data/ratis] (custom)
2019-10-16 20:41:57,326 [pool-149-thread-1] INFO  server.RaftServerConfigKeys (ConfUtils.java:logGet(43)) - raft.server.rpc.timeout.max = 5200ms (custom)
2019-10-16 20:41:57,326 [pool-149-thread-1] INFO  server.RaftServerConfigKeys (ConfUtils.java:logGet(43)) - raft.server.rpcslowness.timeout = 120s (custom)
2019-10-16 20:41:57,326 [pool-159-thread-1] INFO  server.RaftServerConfigKeys (ConfUtils.java:logGet(43)) - raft.server.log.corruption.policy = EXCEPTION (default)
2019-10-16 20:41:57,326 [pool-149-thread-1] INFO  server.RaftServerConfigKeys (ConfUtils.java:logGet(43)) - raft.server.sleep.deviation.threshold = 300 (default)
2019-10-16 20:41:57,327 [pool-149-thread-1] INFO  server.RaftServerConfigKeys (ConfUtils.java:logGet(43)) - raft.server.log.appender.install.snapshot.enabled = false (custom)
2019-10-16 20:41:57,327 [pool-159-thread-1] INFO  storage.RaftStorageDirectory (RaftStorageDirectory.java:analyzeStorage(246)) - The storage directory /workdir/hadoop-ozone/integration-test/target/test-dir/MiniOzoneClusterImpl-d661fb9f-1fa9-4d83-aa41-108be3044330/datanode-2/data/ratis/1024d099-6934-46d9-9041-28acfa97060e does not exist. Creating ...
2019-10-16 20:41:57,327 [pool-149-thread-1] INFO  impl.RaftServerImpl (ServerState.java:<init>(103)) - bc0bc980-c963-48ce-962e-85091c893131@group-28ACFA97060E: ConfigurationManager, init=-1: [46069bd9-45fc-4c82-823c-36f07a1bcff0:192.168.157.254:34001, bc0bc980-c963-48ce-962e-85091c893131:192.168.157.254:46787, d612b743-bedc-4c3f-983e-e3329f8a2e6f:192.168.157.254:44523], old=null, confs=<EMPTY_MAP>
2019-10-16 20:41:57,327 [pool-149-thread-1] INFO  server.RaftServerConfigKeys (ConfUtils.java:logGet(43)) - raft.server.storage.dir = [/workdir/hadoop-ozone/integration-test/target/test-dir/MiniOzoneClusterImpl-d661fb9f-1fa9-4d83-aa41-108be3044330/datanode-1/data/ratis] (custom)
2019-10-16 20:41:57,327 [pool-149-thread-1] INFO  server.RaftServerConfigKeys (ConfUtils.java:logGet(43)) - raft.server.log.corruption.policy = EXCEPTION (default)
2019-10-16 20:41:57,327 [pool-149-thread-1] INFO  storage.RaftStorageDirectory (RaftStorageDirectory.java:analyzeStorage(246)) - The storage directory /workdir/hadoop-ozone/integration-test/target/test-dir/MiniOzoneClusterImpl-d661fb9f-1fa9-4d83-aa41-108be3044330/datanode-1/data/ratis/1024d099-6934-46d9-9041-28acfa97060e does not exist. Creating ...
2019-10-16 20:41:57,336 [46069bd9-45fc-4c82-823c-36f07a1bcff0@group-5AFFAA4212DA-SegmentedRaftLogWorker] INFO  segmented.SegmentedRaftLogWorker (SegmentedRaftLogWorker.java:execute(576)) - 46069bd9-45fc-4c82-823c-36f07a1bcff0@group-5AFFAA4212DA-SegmentedRaftLogWorker: created new log segment /workdir/hadoop-ozone/integration-test/target/test-dir/MiniOzoneClusterImpl-d661fb9f-1fa9-4d83-aa41-108be3044330/datanode-0/data/ratis/608467e8-605b-4d2a-a293-5affaa4212da/current/log_inprogress_0
2019-10-16 20:41:57,336 [d612b743-bedc-4c3f-983e-e3329f8a2e6f@group-9F7ECBB45DDD-LeaderElection36] INFO  impl.LeaderElection (LeaderElection.java:askForVotes(178)) - d612b743-bedc-4c3f-983e-e3329f8a2e6f@group-9F7ECBB45DDD-LeaderElection36: begin an election at term 1 for -1: [d612b743-bedc-4c3f-983e-e3329f8a2e6f:192.168.157.254:44523], old=null
2019-10-16 20:41:57,336 [d612b743-bedc-4c3f-983e-e3329f8a2e6f@group-9F7ECBB45DDD-LeaderElection36] INFO  impl.RoleInfo (RoleInfo.java:shutdownLeaderElection(134)) - d612b743-bedc-4c3f-983e-e3329f8a2e6f: shutdown LeaderElection
2019-10-16 20:41:57,337 [d612b743-bedc-4c3f-983e-e3329f8a2e6f@group-9F7ECBB45DDD-LeaderElection36] INFO  impl.RaftServerImpl (RaftServerImpl.java:setRole(184)) - d612b743-bedc-4c3f-983e-e3329f8a2e6f@group-9F7ECBB45DDD: changes role from CANDIDATE to LEADER at term 1 for changeToLeader
2019-10-16 20:41:57,337 [d612b743-bedc-4c3f-983e-e3329f8a2e6f@group-9F7ECBB45DDD-LeaderElection36] INFO  ratis.XceiverServerRatis (XceiverServerRatis.java:handleLeaderChangedNotification(700)) - Leader change notification received for group: group-9F7ECBB45DDD with new leaderId: d612b743-bedc-4c3f-983e-e3329f8a2e6f
2019-10-16 20:41:57,337 [d612b743-bedc-4c3f-983e-e3329f8a2e6f@group-9F7ECBB45DDD-LeaderElection36] INFO  impl.RaftServerImpl (ServerState.java:setLeader(256)) - d612b743-bedc-4c3f-983e-e3329f8a2e6f@group-9F7ECBB45DDD: change Leader from null to d612b743-bedc-4c3f-983e-e3329f8a2e6f at term 1 for becomeLeader, leader elected after 71ms
2019-10-16 20:41:57,337 [d612b743-bedc-4c3f-983e-e3329f8a2e6f@group-9F7ECBB45DDD-LeaderElection36] INFO  server.RaftServerConfigKeys (ConfUtils.java:logGet(43)) - raft.server.staging.catchup.gap = 1000 (default)
2019-10-16 20:41:57,337 [d612b743-bedc-4c3f-983e-e3329f8a2e6f@group-9F7ECBB45DDD-LeaderElection36] INFO  server.RaftServerConfigKeys (ConfUtils.java:logGet(43)) - raft.server.rpc.sleep.time = 25ms (default)
2019-10-16 20:41:57,338 [d612b743-bedc-4c3f-983e-e3329f8a2e6f@group-9F7ECBB45DDD-LeaderElection36] INFO  server.RaftServerConfigKeys (ConfUtils.java:logGet(43)) - raft.server.write.element-limit = 4096 (default)
2019-10-16 20:41:57,338 [d612b743-bedc-4c3f-983e-e3329f8a2e6f@group-9F7ECBB45DDD-LeaderElection36] INFO  server.RaftServerConfigKeys (ConfUtils.java:logGet(43)) - raft.server.watch.timeout = 10s (default)
2019-10-16 20:41:57,338 [d612b743-bedc-4c3f-983e-e3329f8a2e6f@group-9F7ECBB45DDD-LeaderElection36] INFO  server.RaftServerConfigKeys (ConfUtils.java:logGet(43)) - raft.server.watch.timeout.denomination = 1s (default)
2019-10-16 20:41:57,338 [d612b743-bedc-4c3f-983e-e3329f8a2e6f@group-9F7ECBB45DDD-LeaderElection36] INFO  server.RaftServerConfigKeys (ConfUtils.java:logGet(43)) - raft.server.watch.element-limit = 65536 (default)
2019-10-16 20:41:57,341 [d612b743-bedc-4c3f-983e-e3329f8a2e6f@group-9F7ECBB45DDD-LeaderElection36] INFO  impl.RoleInfo (RoleInfo.java:updateAndGet(143)) - d612b743-bedc-4c3f-983e-e3329f8a2e6f: start LeaderState
2019-10-16 20:41:57,341 [d612b743-bedc-4c3f-983e-e3329f8a2e6f@group-9F7ECBB45DDD-LeaderElection36] INFO  segmented.SegmentedRaftLogWorker (SegmentedRaftLogWorker.java:startLogSegment(385)) - d612b743-bedc-4c3f-983e-e3329f8a2e6f@group-9F7ECBB45DDD-SegmentedRaftLogWorker: Starting segment from index:0
2019-10-16 20:41:57,342 [d612b743-bedc-4c3f-983e-e3329f8a2e6f@group-9F7ECBB45DDD-LeaderElection36] INFO  impl.RaftServerImpl (ServerState.java:setRaftConf(357)) - d612b743-bedc-4c3f-983e-e3329f8a2e6f@group-9F7ECBB45DDD: set configuration 0: [d612b743-bedc-4c3f-983e-e3329f8a2e6f:192.168.157.254:44523], old=null at 0
2019-10-16 20:41:57,363 [Thread-783] INFO  impl.FollowerState (FollowerState.java:run(108)) - bc0bc980-c963-48ce-962e-85091c893131@group-65A7CFDAF5F6-FollowerState: change to CANDIDATE, lastRpcTime:175ms, electionTimeout:175ms
2019-10-16 20:41:57,363 [Thread-783] INFO  impl.RoleInfo (RoleInfo.java:shutdownFollowerState(121)) - bc0bc980-c963-48ce-962e-85091c893131: shutdown FollowerState
2019-10-16 20:41:57,363 [Thread-783] INFO  impl.RaftServerImpl (RaftServerImpl.java:setRole(184)) - bc0bc980-c963-48ce-962e-85091c893131@group-65A7CFDAF5F6: changes role from  FOLLOWER to CANDIDATE at term 0 for changeToCandidate
2019-10-16 20:41:57,363 [Thread-783] INFO  impl.RoleInfo (RoleInfo.java:updateAndGet(143)) - bc0bc980-c963-48ce-962e-85091c893131: start LeaderElection
2019-10-16 20:41:57,384 [pool-149-thread-1] INFO  storage.RaftStorageDirectory (RaftStorageDirectory.java:tryLock(328)) - Lock on /workdir/hadoop-ozone/integration-test/target/test-dir/MiniOzoneClusterImpl-d661fb9f-1fa9-4d83-aa41-108be3044330/datanode-1/data/ratis/1024d099-6934-46d9-9041-28acfa97060e/in_use.lock acquired by nodename 8368@pr-hdds-1868-qdb9g-714931517
2019-10-16 20:41:57,384 [pool-159-thread-1] INFO  storage.RaftStorageDirectory (RaftStorageDirectory.java:tryLock(328)) - Lock on /workdir/hadoop-ozone/integration-test/target/test-dir/MiniOzoneClusterImpl-d661fb9f-1fa9-4d83-aa41-108be3044330/datanode-2/data/ratis/1024d099-6934-46d9-9041-28acfa97060e/in_use.lock acquired by nodename 8368@pr-hdds-1868-qdb9g-714931517
2019-10-16 20:41:57,384 [pool-139-thread-1] INFO  storage.RaftStorageDirectory (RaftStorageDirectory.java:tryLock(328)) - Lock on /workdir/hadoop-ozone/integration-test/target/test-dir/MiniOzoneClusterImpl-d661fb9f-1fa9-4d83-aa41-108be3044330/datanode-0/data/ratis/1024d099-6934-46d9-9041-28acfa97060e/in_use.lock acquired by nodename 8368@pr-hdds-1868-qdb9g-714931517
2019-10-16 20:41:57,398 [d612b743-bedc-4c3f-983e-e3329f8a2e6f@group-9F7ECBB45DDD-SegmentedRaftLogWorker] INFO  segmented.SegmentedRaftLogWorker (SegmentedRaftLogWorker.java:execute(576)) - d612b743-bedc-4c3f-983e-e3329f8a2e6f@group-9F7ECBB45DDD-SegmentedRaftLogWorker: created new log segment /workdir/hadoop-ozone/integration-test/target/test-dir/MiniOzoneClusterImpl-d661fb9f-1fa9-4d83-aa41-108be3044330/datanode-2/data/ratis/92579588-2043-4440-b5f8-9f7ecbb45ddd/current/log_inprogress_0
2019-10-16 20:41:57,398 [bc0bc980-c963-48ce-962e-85091c893131@group-65A7CFDAF5F6-LeaderElection37] INFO  impl.LeaderElection (LeaderElection.java:askForVotes(178)) - bc0bc980-c963-48ce-962e-85091c893131@group-65A7CFDAF5F6-LeaderElection37: begin an election at term 1 for -1: [bc0bc980-c963-48ce-962e-85091c893131:192.168.157.254:46787], old=null
2019-10-16 20:41:57,398 [pool-139-thread-1] INFO  storage.RaftStorage (RaftStorage.java:format(84)) - Storage directory /workdir/hadoop-ozone/integration-test/target/test-dir/MiniOzoneClusterImpl-d661fb9f-1fa9-4d83-aa41-108be3044330/datanode-0/data/ratis/1024d099-6934-46d9-9041-28acfa97060e has been successfully formatted.
2019-10-16 20:41:57,398 [pool-159-thread-1] INFO  storage.RaftStorage (RaftStorage.java:format(84)) - Storage directory /workdir/hadoop-ozone/integration-test/target/test-dir/MiniOzoneClusterImpl-d661fb9f-1fa9-4d83-aa41-108be3044330/datanode-2/data/ratis/1024d099-6934-46d9-9041-28acfa97060e has been successfully formatted.
2019-10-16 20:41:57,398 [pool-149-thread-1] INFO  storage.RaftStorage (RaftStorage.java:format(84)) - Storage directory /workdir/hadoop-ozone/integration-test/target/test-dir/MiniOzoneClusterImpl-d661fb9f-1fa9-4d83-aa41-108be3044330/datanode-1/data/ratis/1024d099-6934-46d9-9041-28acfa97060e has been successfully formatted.
2019-10-16 20:41:57,398 [bc0bc980-c963-48ce-962e-85091c893131@group-65A7CFDAF5F6-LeaderElection37] INFO  impl.RoleInfo (RoleInfo.java:shutdownLeaderElection(134)) - bc0bc980-c963-48ce-962e-85091c893131: shutdown LeaderElection
2019-10-16 20:41:57,399 [bc0bc980-c963-48ce-962e-85091c893131@group-65A7CFDAF5F6-LeaderElection37] INFO  impl.RaftServerImpl (RaftServerImpl.java:setRole(184)) - bc0bc980-c963-48ce-962e-85091c893131@group-65A7CFDAF5F6: changes role from CANDIDATE to LEADER at term 1 for changeToLeader
2019-10-16 20:41:57,399 [bc0bc980-c963-48ce-962e-85091c893131@group-65A7CFDAF5F6-LeaderElection37] INFO  ratis.XceiverServerRatis (XceiverServerRatis.java:handleLeaderChangedNotification(700)) - Leader change notification received for group: group-65A7CFDAF5F6 with new leaderId: bc0bc980-c963-48ce-962e-85091c893131
2019-10-16 20:41:57,399 [bc0bc980-c963-48ce-962e-85091c893131@group-65A7CFDAF5F6-LeaderElection37] INFO  impl.RaftServerImpl (ServerState.java:setLeader(256)) - bc0bc980-c963-48ce-962e-85091c893131@group-65A7CFDAF5F6: change Leader from null to bc0bc980-c963-48ce-962e-85091c893131 at term 1 for becomeLeader, leader elected after 220ms
2019-10-16 20:41:57,399 [bc0bc980-c963-48ce-962e-85091c893131@group-65A7CFDAF5F6-LeaderElection37] INFO  server.RaftServerConfigKeys (ConfUtils.java:logGet(43)) - raft.server.staging.catchup.gap = 1000 (default)
2019-10-16 20:41:57,399 [bc0bc980-c963-48ce-962e-85091c893131@group-65A7CFDAF5F6-LeaderElection37] INFO  server.RaftServerConfigKeys (ConfUtils.java:logGet(43)) - raft.server.rpc.sleep.time = 25ms (default)
2019-10-16 20:41:57,399 [pool-139-thread-1] INFO  ratis.ContainerStateMachine (ContainerStateMachine.java:loadSnapshot(233)) - group-28ACFA97060E: The snapshot info is null. Setting the last applied indexto:(t:0, i:~)
2019-10-16 20:41:57,399 [pool-149-thread-1] INFO  ratis.ContainerStateMachine (ContainerStateMachine.java:loadSnapshot(233)) - group-28ACFA97060E: The snapshot info is null. Setting the last applied indexto:(t:0, i:~)
2019-10-16 20:41:57,399 [pool-159-thread-1] INFO  ratis.ContainerStateMachine (ContainerStateMachine.java:loadSnapshot(233)) - group-28ACFA97060E: The snapshot info is null. Setting the last applied indexto:(t:0, i:~)
2019-10-16 20:41:57,400 [pool-149-thread-1] INFO  server.RaftServerConfigKeys (ConfUtils.java:logGet(43)) - raft.server.notification.no-leader.timeout = 120s (custom)
2019-10-16 20:41:57,400 [pool-139-thread-1] INFO  server.RaftServerConfigKeys (ConfUtils.java:logGet(43)) - raft.server.notification.no-leader.timeout = 120s (custom)
2019-10-16 20:41:57,399 [bc0bc980-c963-48ce-962e-85091c893131@group-65A7CFDAF5F6-LeaderElection37] INFO  server.RaftServerConfigKeys (ConfUtils.java:logGet(43)) - raft.server.write.element-limit = 4096 (default)
2019-10-16 20:41:57,400 [pool-139-thread-1] INFO  server.RaftServerConfigKeys (ConfUtils.java:logGet(43)) - raft.server.log.use.memory = false (default)
2019-10-16 20:41:57,400 [pool-149-thread-1] INFO  server.RaftServerConfigKeys (ConfUtils.java:logGet(43)) - raft.server.log.use.memory = false (default)
2019-10-16 20:41:57,400 [pool-159-thread-1] INFO  server.RaftServerConfigKeys (ConfUtils.java:logGet(43)) - raft.server.notification.no-leader.timeout = 120s (custom)
2019-10-16 20:41:57,400 [pool-149-thread-1] INFO  server.RaftServerConfigKeys (ConfUtils.java:logGet(43)) - raft.server.log.purge.gap = 1000000 (custom)
2019-10-16 20:41:57,400 [pool-139-thread-1] INFO  server.RaftServerConfigKeys (ConfUtils.java:logGet(43)) - raft.server.log.purge.gap = 1000000 (custom)
2019-10-16 20:41:57,400 [bc0bc980-c963-48ce-962e-85091c893131@group-65A7CFDAF5F6-LeaderElection37] INFO  server.RaftServerConfigKeys (ConfUtils.java:logGet(43)) - raft.server.watch.timeout = 10s (default)
2019-10-16 20:41:57,401 [pool-139-thread-1] INFO  server.RaftServerConfigKeys (ConfUtils.java:logGet(43)) - raft.server.log.appender.buffer.byte-limit = 33554432 (custom)
2019-10-16 20:41:57,401 [pool-149-thread-1] INFO  server.RaftServerConfigKeys (ConfUtils.java:logGet(43)) - raft.server.log.appender.buffer.byte-limit = 33554432 (custom)
2019-10-16 20:41:57,400 [pool-159-thread-1] INFO  server.RaftServerConfigKeys (ConfUtils.java:logGet(43)) - raft.server.log.use.memory = false (default)
2019-10-16 20:41:57,401 [pool-149-thread-1] INFO  server.RaftServerConfigKeys (ConfUtils.java:logGet(43)) - raft.server.log.segment.size.max = 1048576 (custom)
2019-10-16 20:41:57,401 [pool-139-thread-1] INFO  server.RaftServerConfigKeys (ConfUtils.java:logGet(43)) - raft.server.log.segment.size.max = 1048576 (custom)
2019-10-16 20:41:57,401 [bc0bc980-c963-48ce-962e-85091c893131@group-65A7CFDAF5F6-LeaderElection37] INFO  server.RaftServerConfigKeys (ConfUtils.java:logGet(43)) - raft.server.watch.timeout.denomination = 1s (default)
2019-10-16 20:41:57,401 [pool-139-thread-1] INFO  server.RaftServerConfigKeys (ConfUtils.java:logGet(43)) - raft.server.log.segment.cache.num.max = 2 (custom)
2019-10-16 20:41:57,401 [pool-149-thread-1] INFO  server.RaftServerConfigKeys (ConfUtils.java:logGet(43)) - raft.server.log.segment.cache.num.max = 2 (custom)
2019-10-16 20:41:57,402 [pool-149-thread-1] INFO  segmented.SegmentedRaftLogWorker (SegmentedRaftLogWorker.java:<init>(173)) - new bc0bc980-c963-48ce-962e-85091c893131@group-28ACFA97060E-SegmentedRaftLogWorker for RaftStorage:Storage Directory /workdir/hadoop-ozone/integration-test/target/test-dir/MiniOzoneClusterImpl-d661fb9f-1fa9-4d83-aa41-108be3044330/datanode-1/data/ratis/1024d099-6934-46d9-9041-28acfa97060e
2019-10-16 20:41:57,401 [pool-159-thread-1] INFO  server.RaftServerConfigKeys (ConfUtils.java:logGet(43)) - raft.server.log.purge.gap = 1000000 (custom)
2019-10-16 20:41:57,402 [pool-149-thread-1] INFO  server.RaftServerConfigKeys (ConfUtils.java:logGet(43)) - raft.server.log.queue.byte-limit = 2147483647 (custom)
2019-10-16 20:41:57,402 [pool-139-thread-1] INFO  segmented.SegmentedRaftLogWorker (SegmentedRaftLogWorker.java:<init>(173)) - new 46069bd9-45fc-4c82-823c-36f07a1bcff0@group-28ACFA97060E-SegmentedRaftLogWorker for RaftStorage:Storage Directory /workdir/hadoop-ozone/integration-test/target/test-dir/MiniOzoneClusterImpl-d661fb9f-1fa9-4d83-aa41-108be3044330/datanode-0/data/ratis/1024d099-6934-46d9-9041-28acfa97060e
2019-10-16 20:41:57,402 [bc0bc980-c963-48ce-962e-85091c893131@group-65A7CFDAF5F6-LeaderElection37] INFO  server.RaftServerConfigKeys (ConfUtils.java:logGet(43)) - raft.server.watch.element-limit = 65536 (default)
2019-10-16 20:41:57,402 [pool-139-thread-1] INFO  server.RaftServerConfigKeys (ConfUtils.java:logGet(43)) - raft.server.log.queue.byte-limit = 2147483647 (custom)
2019-10-16 20:41:57,402 [pool-149-thread-1] INFO  server.RaftServerConfigKeys (ConfUtils.java:logGet(43)) - raft.server.log.queue.element-limit = 1024 (custom)
2019-10-16 20:41:57,402 [pool-159-thread-1] INFO  server.RaftServerConfigKeys (ConfUtils.java:logGet(43)) - raft.server.log.appender.buffer.byte-limit = 33554432 (custom)
2019-10-16 20:41:57,403 [pool-149-thread-1] INFO  server.RaftServerConfigKeys (ConfUtils.java:logGet(43)) - raft.server.log.segment.size.max = 1048576 (custom)
2019-10-16 20:41:57,402 [pool-139-thread-1] INFO  server.RaftServerConfigKeys (ConfUtils.java:logGet(43)) - raft.server.log.queue.element-limit = 1024 (custom)
2019-10-16 20:41:57,403 [pool-149-thread-1] INFO  server.RaftServerConfigKeys (ConfUtils.java:logGet(43)) - raft.server.log.preallocated.size = 16384 (custom)
2019-10-16 20:41:57,403 [pool-159-thread-1] INFO  server.RaftServerConfigKeys (ConfUtils.java:logGet(43)) - raft.server.log.segment.size.max = 1048576 (custom)
2019-10-16 20:41:57,403 [pool-149-thread-1] INFO  server.RaftServerConfigKeys (ConfUtils.java:logGet(43)) - raft.server.log.write.buffer.size = 33554432 (custom)
2019-10-16 20:41:57,403 [pool-139-thread-1] INFO  server.RaftServerConfigKeys (ConfUtils.java:logGet(43)) - raft.server.log.segment.size.max = 1048576 (custom)
2019-10-16 20:41:57,403 [pool-149-thread-1] INFO  server.RaftServerConfigKeys (ConfUtils.java:logGet(43)) - raft.server.log.force.sync.num = 128 (default)
2019-10-16 20:41:57,403 [pool-149-thread-1] INFO  server.RaftServerConfigKeys (ConfUtils.java:logGet(43)) - raft.server.log.statemachine.data.sync = true (default)
2019-10-16 20:41:57,403 [pool-159-thread-1] INFO  server.RaftServerConfigKeys (ConfUtils.java:logGet(43)) - raft.server.log.segment.cache.num.max = 2 (custom)
2019-10-16 20:41:57,404 [pool-149-thread-1] INFO  server.RaftServerConfigKeys (ConfUtils.java:logGet(43)) - raft.server.log.statemachine.data.sync.timeout = 10s (default)
2019-10-16 20:41:57,403 [pool-139-thread-1] INFO  server.RaftServerConfigKeys (ConfUtils.java:logGet(43)) - raft.server.log.preallocated.size = 16384 (custom)
2019-10-16 20:41:57,404 [pool-149-thread-1] INFO  server.RaftServerConfigKeys (ConfUtils.java:logGet(43)) - raft.server.log.statemachine.data.sync.timeout.retry = -1 (default)
2019-10-16 20:41:57,404 [pool-159-thread-1] INFO  segmented.SegmentedRaftLogWorker (SegmentedRaftLogWorker.java:<init>(173)) - new d612b743-bedc-4c3f-983e-e3329f8a2e6f@group-28ACFA97060E-SegmentedRaftLogWorker for RaftStorage:Storage Directory /workdir/hadoop-ozone/integration-test/target/test-dir/MiniOzoneClusterImpl-d661fb9f-1fa9-4d83-aa41-108be3044330/datanode-2/data/ratis/1024d099-6934-46d9-9041-28acfa97060e
2019-10-16 20:41:57,404 [pool-149-thread-1] INFO  server.RaftServerConfigKeys (ConfUtils.java:logGet(43)) - raft.server.log.statemachine.data.caching.enabled = true (custom)
2019-10-16 20:41:57,404 [bc0bc980-c963-48ce-962e-85091c893131@group-65A7CFDAF5F6-LeaderElection37] INFO  impl.RoleInfo (RoleInfo.java:updateAndGet(143)) - bc0bc980-c963-48ce-962e-85091c893131: start LeaderState
2019-10-16 20:41:57,404 [pool-139-thread-1] INFO  server.RaftServerConfigKeys (ConfUtils.java:logGet(43)) - raft.server.log.write.buffer.size = 33554432 (custom)
2019-10-16 20:41:57,404 [bc0bc980-c963-48ce-962e-85091c893131@group-65A7CFDAF5F6-LeaderElection37] INFO  segmented.SegmentedRaftLogWorker (SegmentedRaftLogWorker.java:startLogSegment(385)) - bc0bc980-c963-48ce-962e-85091c893131@group-65A7CFDAF5F6-SegmentedRaftLogWorker: Starting segment from index:0
2019-10-16 20:41:57,404 [pool-149-thread-1] INFO  segmented.SegmentedRaftLogWorker (SegmentedRaftLogWorker.java:lambda$new$0(128)) - bc0bc980-c963-48ce-962e-85091c893131@group-28ACFA97060E-SegmentedRaftLogWorker: flushIndex: setUnconditionally 0 -> -1
2019-10-16 20:41:57,404 [pool-159-thread-1] INFO  server.RaftServerConfigKeys (ConfUtils.java:logGet(43)) - raft.server.log.queue.byte-limit = 2147483647 (custom)
2019-10-16 20:41:57,404 [pool-139-thread-1] INFO  server.RaftServerConfigKeys (ConfUtils.java:logGet(43)) - raft.server.log.force.sync.num = 128 (default)
2019-10-16 20:41:57,405 [pool-149-thread-1] INFO  server.RaftServerConfigKeys (ConfUtils.java:logGet(43)) - raft.server.snapshot.auto.trigger.enabled = true (custom)
2019-10-16 20:41:57,405 [pool-159-thread-1] INFO  server.RaftServerConfigKeys (ConfUtils.java:logGet(43)) - raft.server.log.queue.element-limit = 1024 (custom)
2019-10-16 20:41:57,405 [pool-149-thread-1] INFO  server.RaftServerConfigKeys (ConfUtils.java:logGet(43)) - raft.server.snapshot.auto.trigger.threshold = 10000 (custom)
2019-10-16 20:41:57,405 [bc0bc980-c963-48ce-962e-85091c893131@group-65A7CFDAF5F6-LeaderElection37] INFO  impl.RaftServerImpl (ServerState.java:setRaftConf(357)) - bc0bc980-c963-48ce-962e-85091c893131@group-65A7CFDAF5F6: set configuration 0: [bc0bc980-c963-48ce-962e-85091c893131:192.168.157.254:46787], old=null at 0
2019-10-16 20:41:57,405 [pool-139-thread-1] INFO  server.RaftServerConfigKeys (ConfUtils.java:logGet(43)) - raft.server.log.statemachine.data.sync = true (default)
2019-10-16 20:41:57,405 [pool-149-thread-1] INFO  server.RaftServerConfigKeys (ConfUtils.java:logGet(43)) - raft.server.snapshot.retention.file.num = 5 (custom)
2019-10-16 20:41:57,405 [pool-159-thread-1] INFO  server.RaftServerConfigKeys (ConfUtils.java:logGet(43)) - raft.server.log.segment.size.max = 1048576 (custom)
2019-10-16 20:41:57,406 [pool-149-thread-1] INFO  server.RaftServerConfigKeys (ConfUtils.java:logGet(43)) - raft.server.retrycache.expirytime = 600000ms (custom)
2019-10-16 20:41:57,405 [pool-139-thread-1] INFO  server.RaftServerConfigKeys (ConfUtils.java:logGet(43)) - raft.server.log.statemachine.data.sync.timeout = 10s (default)
2019-10-16 20:41:57,406 [pool-159-thread-1] INFO  server.RaftServerConfigKeys (ConfUtils.java:logGet(43)) - raft.server.log.preallocated.size = 16384 (custom)
2019-10-16 20:41:57,406 [pool-139-thread-1] INFO  server.RaftServerConfigKeys (ConfUtils.java:logGet(43)) - raft.server.log.statemachine.data.sync.timeout.retry = -1 (default)
2019-10-16 20:41:57,406 [pool-159-thread-1] INFO  server.RaftServerConfigKeys (ConfUtils.java:logGet(43)) - raft.server.log.write.buffer.size = 33554432 (custom)
2019-10-16 20:41:57,406 [pool-139-thread-1] INFO  server.RaftServerConfigKeys (ConfUtils.java:logGet(43)) - raft.server.log.statemachine.data.caching.enabled = true (custom)
2019-10-16 20:41:57,406 [pool-159-thread-1] INFO  server.RaftServerConfigKeys (ConfUtils.java:logGet(43)) - raft.server.log.force.sync.num = 128 (default)
2019-10-16 20:41:57,407 [pool-159-thread-1] INFO  server.RaftServerConfigKeys (ConfUtils.java:logGet(43)) - raft.server.log.statemachine.data.sync = true (default)
2019-10-16 20:41:57,407 [pool-139-thread-1] INFO  segmented.SegmentedRaftLogWorker (SegmentedRaftLogWorker.java:lambda$new$0(128)) - 46069bd9-45fc-4c82-823c-36f07a1bcff0@group-28ACFA97060E-SegmentedRaftLogWorker: flushIndex: setUnconditionally 0 -> -1
2019-10-16 20:41:57,407 [pool-159-thread-1] INFO  server.RaftServerConfigKeys (ConfUtils.java:logGet(43)) - raft.server.log.statemachine.data.sync.timeout = 10s (default)
2019-10-16 20:41:57,407 [pool-149-thread-1] INFO  impl.RaftServerImpl (RaftServerImpl.java:start(195)) - bc0bc980-c963-48ce-962e-85091c893131@group-28ACFA97060E: start as a follower, conf=-1: [46069bd9-45fc-4c82-823c-36f07a1bcff0:192.168.157.254:34001, bc0bc980-c963-48ce-962e-85091c893131:192.168.157.254:46787, d612b743-bedc-4c3f-983e-e3329f8a2e6f:192.168.157.254:44523], old=null
2019-10-16 20:41:57,407 [pool-139-thread-1] INFO  server.RaftServerConfigKeys (ConfUtils.java:logGet(43)) - raft.server.snapshot.auto.trigger.enabled = true (custom)
2019-10-16 20:41:57,407 [pool-159-thread-1] INFO  server.RaftServerConfigKeys (ConfUtils.java:logGet(43)) - raft.server.log.statemachine.data.sync.timeout.retry = -1 (default)
2019-10-16 20:41:57,407 [pool-139-thread-1] INFO  server.RaftServerConfigKeys (ConfUtils.java:logGet(43)) - raft.server.snapshot.auto.trigger.threshold = 10000 (custom)
2019-10-16 20:41:57,407 [pool-149-thread-1] INFO  impl.RaftServerImpl (RaftServerImpl.java:setRole(184)) - bc0bc980-c963-48ce-962e-85091c893131@group-28ACFA97060E: changes role from      null to FOLLOWER at term 0 for startAsFollower
2019-10-16 20:41:57,407 [pool-139-thread-1] INFO  server.RaftServerConfigKeys (ConfUtils.java:logGet(43)) - raft.server.snapshot.retention.file.num = 5 (custom)
2019-10-16 20:41:57,407 [pool-159-thread-1] INFO  server.RaftServerConfigKeys (ConfUtils.java:logGet(43)) - raft.server.log.statemachine.data.caching.enabled = true (custom)
2019-10-16 20:41:57,408 [pool-139-thread-1] INFO  server.RaftServerConfigKeys (ConfUtils.java:logGet(43)) - raft.server.retrycache.expirytime = 600000ms (custom)
2019-10-16 20:41:57,407 [pool-149-thread-1] INFO  impl.RoleInfo (RoleInfo.java:updateAndGet(143)) - bc0bc980-c963-48ce-962e-85091c893131: start FollowerState
2019-10-16 20:41:57,408 [pool-159-thread-1] INFO  segmented.SegmentedRaftLogWorker (SegmentedRaftLogWorker.java:lambda$new$0(128)) - d612b743-bedc-4c3f-983e-e3329f8a2e6f@group-28ACFA97060E-SegmentedRaftLogWorker: flushIndex: setUnconditionally 0 -> -1
2019-10-16 20:41:57,408 [pool-149-thread-1] INFO  util.JmxRegister (JmxRegister.java:tryRegister(44)) - Successfully registered JMX Bean with object name Ratis:service=RaftServer,group=group-28ACFA97060E,id=bc0bc980-c963-48ce-962e-85091c893131
2019-10-16 20:41:57,408 [pool-159-thread-1] INFO  server.RaftServerConfigKeys (ConfUtils.java:logGet(43)) - raft.server.snapshot.auto.trigger.enabled = true (custom)
2019-10-16 20:41:57,408 [pool-159-thread-1] INFO  server.RaftServerConfigKeys (ConfUtils.java:logGet(43)) - raft.server.snapshot.auto.trigger.threshold = 10000 (custom)
2019-10-16 20:41:57,409 [pool-159-thread-1] INFO  server.RaftServerConfigKeys (ConfUtils.java:logGet(43)) - raft.server.snapshot.retention.file.num = 5 (custom)
2019-10-16 20:41:57,409 [pool-159-thread-1] INFO  server.RaftServerConfigKeys (ConfUtils.java:logGet(43)) - raft.server.retrycache.expirytime = 600000ms (custom)
2019-10-16 20:41:57,411 [pool-139-thread-1] INFO  impl.RaftServerImpl (RaftServerImpl.java:start(195)) - 46069bd9-45fc-4c82-823c-36f07a1bcff0@group-28ACFA97060E: start as a follower, conf=-1: [46069bd9-45fc-4c82-823c-36f07a1bcff0:192.168.157.254:34001, bc0bc980-c963-48ce-962e-85091c893131:192.168.157.254:46787, d612b743-bedc-4c3f-983e-e3329f8a2e6f:192.168.157.254:44523], old=null
2019-10-16 20:41:57,411 [pool-139-thread-1] INFO  impl.RaftServerImpl (RaftServerImpl.java:setRole(184)) - 46069bd9-45fc-4c82-823c-36f07a1bcff0@group-28ACFA97060E: changes role from      null to FOLLOWER at term 0 for startAsFollower
2019-10-16 20:41:57,411 [pool-139-thread-1] INFO  impl.RoleInfo (RoleInfo.java:updateAndGet(143)) - 46069bd9-45fc-4c82-823c-36f07a1bcff0: start FollowerState
2019-10-16 20:41:57,411 [pool-139-thread-1] INFO  util.JmxRegister (JmxRegister.java:tryRegister(44)) - Successfully registered JMX Bean with object name Ratis:service=RaftServer,group=group-28ACFA97060E,id=46069bd9-45fc-4c82-823c-36f07a1bcff0
2019-10-16 20:41:57,412 [pool-159-thread-1] INFO  impl.RaftServerImpl (RaftServerImpl.java:start(195)) - d612b743-bedc-4c3f-983e-e3329f8a2e6f@group-28ACFA97060E: start as a follower, conf=-1: [46069bd9-45fc-4c82-823c-36f07a1bcff0:192.168.157.254:34001, bc0bc980-c963-48ce-962e-85091c893131:192.168.157.254:46787, d612b743-bedc-4c3f-983e-e3329f8a2e6f:192.168.157.254:44523], old=null
2019-10-16 20:41:57,412 [pool-159-thread-1] INFO  impl.RaftServerImpl (RaftServerImpl.java:setRole(184)) - d612b743-bedc-4c3f-983e-e3329f8a2e6f@group-28ACFA97060E: changes role from      null to FOLLOWER at term 0 for startAsFollower
2019-10-16 20:41:57,412 [pool-159-thread-1] INFO  impl.RoleInfo (RoleInfo.java:updateAndGet(143)) - d612b743-bedc-4c3f-983e-e3329f8a2e6f: start FollowerState
2019-10-16 20:41:57,412 [pool-159-thread-1] INFO  util.JmxRegister (JmxRegister.java:tryRegister(44)) - Successfully registered JMX Bean with object name Ratis:service=RaftServer,group=group-28ACFA97060E,id=d612b743-bedc-4c3f-983e-e3329f8a2e6f
2019-10-16 20:41:57,416 [RatisPipelineUtilsThread] INFO  pipeline.PipelineStateManager (PipelineStateManager.java:addPipeline(57)) - Created pipeline Pipeline[ Id: 1024d099-6934-46d9-9041-28acfa97060e, Nodes: 46069bd9-45fc-4c82-823c-36f07a1bcff0{ip: 192.168.157.254, host: pr-hdds-1868-qdb9g-714931517, networkLocation: /default-rack, certSerialId: null}bc0bc980-c963-48ce-962e-85091c893131{ip: 192.168.157.254, host: pr-hdds-1868-qdb9g-714931517, networkLocation: /default-rack, certSerialId: null}d612b743-bedc-4c3f-983e-e3329f8a2e6f{ip: 192.168.157.254, host: pr-hdds-1868-qdb9g-714931517, networkLocation: /default-rack, certSerialId: null}, Type:RATIS, Factor:THREE, State:ALLOCATED]
2019-10-16 20:41:57,417 [EventQueue-PipelineReportForPipelineReportHandler] INFO  pipeline.PipelineReportHandler (PipelineReportHandler.java:processPipelineReport(119)) - Pipeline PipelineID=608467e8-605b-4d2a-a293-5affaa4212da reported by 46069bd9-45fc-4c82-823c-36f07a1bcff0{ip: 192.168.157.254, host: pr-hdds-1868-qdb9g-714931517, networkLocation: /default-rack, certSerialId: null} with leaderId 46069bd9-45fc-4c82-823c-36f07a1bcff0
2019-10-16 20:41:57,417 [EventQueue-PipelineReportForPipelineReportHandler] INFO  pipeline.PipelineStateManager (PipelineStateManager.java:openPipeline(136)) - Pipeline Pipeline[ Id: 608467e8-605b-4d2a-a293-5affaa4212da, Nodes: 46069bd9-45fc-4c82-823c-36f07a1bcff0{ip: 192.168.157.254, host: pr-hdds-1868-qdb9g-714931517, networkLocation: /default-rack, certSerialId: null}, Type:RATIS, Factor:ONE, State:OPEN] moved to OPEN state
2019-10-16 20:41:57,417 [EventQueue-PipelineReportForPipelineReportHandler] INFO  pipeline.PipelineReportHandler (PipelineReportHandler.java:processPipelineReport(119)) - Pipeline PipelineID=92579588-2043-4440-b5f8-9f7ecbb45ddd reported by d612b743-bedc-4c3f-983e-e3329f8a2e6f{ip: 192.168.157.254, host: pr-hdds-1868-qdb9g-714931517, networkLocation: /default-rack, certSerialId: null} with leaderId d612b743-bedc-4c3f-983e-e3329f8a2e6f
2019-10-16 20:41:57,418 [EventQueue-PipelineReportForPipelineReportHandler] INFO  pipeline.PipelineStateManager (PipelineStateManager.java:openPipeline(136)) - Pipeline Pipeline[ Id: 92579588-2043-4440-b5f8-9f7ecbb45ddd, Nodes: d612b743-bedc-4c3f-983e-e3329f8a2e6f{ip: 192.168.157.254, host: pr-hdds-1868-qdb9g-714931517, networkLocation: /default-rack, certSerialId: null}, Type:RATIS, Factor:ONE, State:OPEN] moved to OPEN state
2019-10-16 20:41:57,418 [EventQueue-PipelineReportForPipelineReportHandler] INFO  pipeline.PipelineReportHandler (PipelineReportHandler.java:processPipelineReport(119)) - Pipeline PipelineID=1024d099-6934-46d9-9041-28acfa97060e reported by d612b743-bedc-4c3f-983e-e3329f8a2e6f{ip: 192.168.157.254, host: pr-hdds-1868-qdb9g-714931517, networkLocation: /default-rack, certSerialId: null} with leaderId 
2019-10-16 20:41:57,418 [EventQueue-PipelineReportForPipelineReportHandler] INFO  pipeline.PipelineReportHandler (PipelineReportHandler.java:processPipelineReport(119)) - Pipeline PipelineID=1024d099-6934-46d9-9041-28acfa97060e reported by bc0bc980-c963-48ce-962e-85091c893131{ip: 192.168.157.254, host: pr-hdds-1868-qdb9g-714931517, networkLocation: /default-rack, certSerialId: null} with leaderId 
2019-10-16 20:41:57,418 [EventQueue-PipelineReportForPipelineReportHandler] INFO  pipeline.PipelineReportHandler (PipelineReportHandler.java:processPipelineReport(119)) - Pipeline PipelineID=63af8a7e-6524-4d0c-8bec-65a7cfdaf5f6 reported by bc0bc980-c963-48ce-962e-85091c893131{ip: 192.168.157.254, host: pr-hdds-1868-qdb9g-714931517, networkLocation: /default-rack, certSerialId: null} with leaderId bc0bc980-c963-48ce-962e-85091c893131
2019-10-16 20:41:57,418 [EventQueue-PipelineReportForPipelineReportHandler] INFO  pipeline.PipelineStateManager (PipelineStateManager.java:openPipeline(136)) - Pipeline Pipeline[ Id: 63af8a7e-6524-4d0c-8bec-65a7cfdaf5f6, Nodes: bc0bc980-c963-48ce-962e-85091c893131{ip: 192.168.157.254, host: pr-hdds-1868-qdb9g-714931517, networkLocation: /default-rack, certSerialId: null}, Type:RATIS, Factor:ONE, State:OPEN] moved to OPEN state
2019-10-16 20:41:57,479 [bc0bc980-c963-48ce-962e-85091c893131@group-65A7CFDAF5F6-SegmentedRaftLogWorker] INFO  segmented.SegmentedRaftLogWorker (SegmentedRaftLogWorker.java:execute(576)) - bc0bc980-c963-48ce-962e-85091c893131@group-65A7CFDAF5F6-SegmentedRaftLogWorker: created new log segment /workdir/hadoop-ozone/integration-test/target/test-dir/MiniOzoneClusterImpl-d661fb9f-1fa9-4d83-aa41-108be3044330/datanode-1/data/ratis/63af8a7e-6524-4d0c-8bec-65a7cfdaf5f6/current/log_inprogress_0
2019-10-16 20:41:57,487 [Thread-798] INFO  impl.FollowerState (FollowerState.java:run(108)) - 46069bd9-45fc-4c82-823c-36f07a1bcff0@group-28ACFA97060E-FollowerState: change to CANDIDATE, lastRpcTime:76ms, electionTimeout:76ms
2019-10-16 20:41:57,488 [Thread-798] INFO  impl.RoleInfo (RoleInfo.java:shutdownFollowerState(121)) - 46069bd9-45fc-4c82-823c-36f07a1bcff0: shutdown FollowerState
2019-10-16 20:41:57,488 [Thread-798] INFO  impl.RaftServerImpl (RaftServerImpl.java:setRole(184)) - 46069bd9-45fc-4c82-823c-36f07a1bcff0@group-28ACFA97060E: changes role from  FOLLOWER to CANDIDATE at term 0 for changeToCandidate
2019-10-16 20:41:57,488 [Thread-798] INFO  impl.RoleInfo (RoleInfo.java:updateAndGet(143)) - 46069bd9-45fc-4c82-823c-36f07a1bcff0: start LeaderElection
2019-10-16 20:41:57,497 [Thread-800] INFO  impl.FollowerState (FollowerState.java:run(108)) - d612b743-bedc-4c3f-983e-e3329f8a2e6f@group-28ACFA97060E-FollowerState: change to CANDIDATE, lastRpcTime:85ms, electionTimeout:85ms
2019-10-16 20:41:57,498 [Thread-800] INFO  impl.RoleInfo (RoleInfo.java:shutdownFollowerState(121)) - d612b743-bedc-4c3f-983e-e3329f8a2e6f: shutdown FollowerState
2019-10-16 20:41:57,498 [Thread-800] INFO  impl.RaftServerImpl (RaftServerImpl.java:setRole(184)) - d612b743-bedc-4c3f-983e-e3329f8a2e6f@group-28ACFA97060E: changes role from  FOLLOWER to CANDIDATE at term 0 for changeToCandidate
2019-10-16 20:41:57,498 [Thread-800] INFO  impl.RoleInfo (RoleInfo.java:updateAndGet(143)) - d612b743-bedc-4c3f-983e-e3329f8a2e6f: start LeaderElection
2019-10-16 20:41:57,542 [46069bd9-45fc-4c82-823c-36f07a1bcff0@group-28ACFA97060E-LeaderElection38] INFO  impl.LeaderElection (LeaderElection.java:askForVotes(178)) - 46069bd9-45fc-4c82-823c-36f07a1bcff0@group-28ACFA97060E-LeaderElection38: begin an election at term 1 for -1: [46069bd9-45fc-4c82-823c-36f07a1bcff0:192.168.157.254:34001, bc0bc980-c963-48ce-962e-85091c893131:192.168.157.254:46787, d612b743-bedc-4c3f-983e-e3329f8a2e6f:192.168.157.254:44523], old=null
2019-10-16 20:41:57,543 [d612b743-bedc-4c3f-983e-e3329f8a2e6f@group-28ACFA97060E-LeaderElection39] INFO  impl.LeaderElection (LeaderElection.java:askForVotes(178)) - d612b743-bedc-4c3f-983e-e3329f8a2e6f@group-28ACFA97060E-LeaderElection39: begin an election at term 1 for -1: [46069bd9-45fc-4c82-823c-36f07a1bcff0:192.168.157.254:34001, bc0bc980-c963-48ce-962e-85091c893131:192.168.157.254:46787, d612b743-bedc-4c3f-983e-e3329f8a2e6f:192.168.157.254:44523], old=null
2019-10-16 20:41:57,548 [grpc-default-executor-0] INFO  impl.RaftServerImpl (RaftServerImpl.java:setRole(184)) - bc0bc980-c963-48ce-962e-85091c893131@group-28ACFA97060E: changes role from  FOLLOWER to FOLLOWER at term 1 for recognizeCandidate:46069bd9-45fc-4c82-823c-36f07a1bcff0
2019-10-16 20:41:57,549 [grpc-default-executor-0] INFO  impl.RoleInfo (RoleInfo.java:shutdownFollowerState(121)) - bc0bc980-c963-48ce-962e-85091c893131: shutdown FollowerState
2019-10-16 20:41:57,549 [grpc-default-executor-0] INFO  impl.RoleInfo (RoleInfo.java:updateAndGet(143)) - bc0bc980-c963-48ce-962e-85091c893131: start FollowerState
2019-10-16 20:41:57,549 [Thread-795] INFO  impl.FollowerState (FollowerState.java:run(117)) - bc0bc980-c963-48ce-962e-85091c893131@group-28ACFA97060E-FollowerState was interrupted: java.lang.InterruptedException: sleep interrupted
2019-10-16 20:41:57,561 [Thread-809] INFO  impl.FollowerState (FollowerState.java:run(108)) - bc0bc980-c963-48ce-962e-85091c893131@group-28ACFA97060E-FollowerState: change to CANDIDATE, lastRpcTime:12ms, electionTimeout:1ms
2019-10-16 20:41:57,561 [Thread-809] INFO  impl.RoleInfo (RoleInfo.java:shutdownFollowerState(121)) - bc0bc980-c963-48ce-962e-85091c893131: shutdown FollowerState
2019-10-16 20:41:57,561 [Thread-809] INFO  impl.RaftServerImpl (RaftServerImpl.java:setRole(184)) - bc0bc980-c963-48ce-962e-85091c893131@group-28ACFA97060E: changes role from  FOLLOWER to CANDIDATE at term 1 for changeToCandidate
2019-10-16 20:41:57,561 [Thread-809] INFO  impl.RoleInfo (RoleInfo.java:updateAndGet(143)) - bc0bc980-c963-48ce-962e-85091c893131: start LeaderElection
2019-10-16 20:41:57,562 [46069bd9-45fc-4c82-823c-36f07a1bcff0@group-28ACFA97060E-LeaderElection38] INFO  impl.LeaderElection (LeaderElection.java:logAndReturn(56)) - 46069bd9-45fc-4c82-823c-36f07a1bcff0@group-28ACFA97060E-LeaderElection38: Election PASSED; received 2 response(s) [46069bd9-45fc-4c82-823c-36f07a1bcff0<-bc0bc980-c963-48ce-962e-85091c893131#0:OK-t1, 46069bd9-45fc-4c82-823c-36f07a1bcff0<-d612b743-bedc-4c3f-983e-e3329f8a2e6f#0:FAIL-t1] and 0 exception(s); 46069bd9-45fc-4c82-823c-36f07a1bcff0@group-28ACFA97060E:t1, leader=null, voted=46069bd9-45fc-4c82-823c-36f07a1bcff0, raftlog=46069bd9-45fc-4c82-823c-36f07a1bcff0@group-28ACFA97060E-SegmentedRaftLog:OPENED:c-1,f-1,i0, conf=-1: [46069bd9-45fc-4c82-823c-36f07a1bcff0:192.168.157.254:34001, bc0bc980-c963-48ce-962e-85091c893131:192.168.157.254:46787, d612b743-bedc-4c3f-983e-e3329f8a2e6f:192.168.157.254:44523], old=null
2019-10-16 20:41:57,563 [46069bd9-45fc-4c82-823c-36f07a1bcff0@group-28ACFA97060E-LeaderElection38] INFO  impl.RoleInfo (RoleInfo.java:shutdownLeaderElection(134)) - 46069bd9-45fc-4c82-823c-36f07a1bcff0: shutdown LeaderElection
2019-10-16 20:41:57,563 [46069bd9-45fc-4c82-823c-36f07a1bcff0@group-28ACFA97060E-LeaderElection38] INFO  impl.RaftServerImpl (RaftServerImpl.java:setRole(184)) - 46069bd9-45fc-4c82-823c-36f07a1bcff0@group-28ACFA97060E: changes role from CANDIDATE to LEADER at term 1 for changeToLeader
2019-10-16 20:41:57,563 [46069bd9-45fc-4c82-823c-36f07a1bcff0@group-28ACFA97060E-LeaderElection38] INFO  ratis.XceiverServerRatis (XceiverServerRatis.java:handleLeaderChangedNotification(700)) - Leader change notification received for group: group-28ACFA97060E with new leaderId: 46069bd9-45fc-4c82-823c-36f07a1bcff0
2019-10-16 20:41:57,563 [d612b743-bedc-4c3f-983e-e3329f8a2e6f@group-28ACFA97060E-LeaderElection39] INFO  impl.LeaderElection (LeaderElection.java:logAndReturn(56)) - d612b743-bedc-4c3f-983e-e3329f8a2e6f@group-28ACFA97060E-LeaderElection39: Election REJECTED; received 2 response(s) [d612b743-bedc-4c3f-983e-e3329f8a2e6f<-46069bd9-45fc-4c82-823c-36f07a1bcff0#0:FAIL-t1, d612b743-bedc-4c3f-983e-e3329f8a2e6f<-bc0bc980-c963-48ce-962e-85091c893131#0:FAIL-t1] and 0 exception(s); d612b743-bedc-4c3f-983e-e3329f8a2e6f@group-28ACFA97060E:t1, leader=null, voted=d612b743-bedc-4c3f-983e-e3329f8a2e6f, raftlog=d612b743-bedc-4c3f-983e-e3329f8a2e6f@group-28ACFA97060E-SegmentedRaftLog:OPENED:c-1,f-1,i0, conf=-1: [46069bd9-45fc-4c82-823c-36f07a1bcff0:192.168.157.254:34001, bc0bc980-c963-48ce-962e-85091c893131:192.168.157.254:46787, d612b743-bedc-4c3f-983e-e3329f8a2e6f:192.168.157.254:44523], old=null
2019-10-16 20:41:57,563 [46069bd9-45fc-4c82-823c-36f07a1bcff0@group-28ACFA97060E-LeaderElection38] INFO  impl.RaftServerImpl (ServerState.java:setLeader(256)) - 46069bd9-45fc-4c82-823c-36f07a1bcff0@group-28ACFA97060E: change Leader from null to 46069bd9-45fc-4c82-823c-36f07a1bcff0 at term 1 for becomeLeader, leader elected after 163ms
2019-10-16 20:41:57,563 [d612b743-bedc-4c3f-983e-e3329f8a2e6f@group-28ACFA97060E-LeaderElection39] INFO  impl.RaftServerImpl (RaftServerImpl.java:setRole(184)) - d612b743-bedc-4c3f-983e-e3329f8a2e6f@group-28ACFA97060E: changes role from CANDIDATE to FOLLOWER at term 1 for DISCOVERED_A_NEW_TERM
2019-10-16 20:41:57,563 [46069bd9-45fc-4c82-823c-36f07a1bcff0@group-28ACFA97060E-LeaderElection38] INFO  server.RaftServerConfigKeys (ConfUtils.java:logGet(43)) - raft.server.staging.catchup.gap = 1000 (default)
2019-10-16 20:41:57,563 [d612b743-bedc-4c3f-983e-e3329f8a2e6f@group-28ACFA97060E-LeaderElection39] INFO  impl.RoleInfo (RoleInfo.java:shutdownLeaderElection(134)) - d612b743-bedc-4c3f-983e-e3329f8a2e6f: shutdown LeaderElection
2019-10-16 20:41:57,564 [46069bd9-45fc-4c82-823c-36f07a1bcff0@group-28ACFA97060E-LeaderElection38] INFO  server.RaftServerConfigKeys (ConfUtils.java:logGet(43)) - raft.server.rpc.sleep.time = 25ms (default)
2019-10-16 20:41:57,564 [d612b743-bedc-4c3f-983e-e3329f8a2e6f@group-28ACFA97060E-LeaderElection39] INFO  impl.RoleInfo (RoleInfo.java:updateAndGet(143)) - d612b743-bedc-4c3f-983e-e3329f8a2e6f: start FollowerState
2019-10-16 20:41:57,564 [46069bd9-45fc-4c82-823c-36f07a1bcff0@group-28ACFA97060E-LeaderElection38] INFO  server.RaftServerConfigKeys (ConfUtils.java:logGet(43)) - raft.server.write.element-limit = 4096 (default)
2019-10-16 20:41:57,564 [46069bd9-45fc-4c82-823c-36f07a1bcff0@group-28ACFA97060E-LeaderElection38] INFO  server.RaftServerConfigKeys (ConfUtils.java:logGet(43)) - raft.server.watch.timeout = 10s (default)
2019-10-16 20:41:57,564 [46069bd9-45fc-4c82-823c-36f07a1bcff0@group-28ACFA97060E-LeaderElection38] INFO  server.RaftServerConfigKeys (ConfUtils.java:logGet(43)) - raft.server.watch.timeout.denomination = 1s (default)
2019-10-16 20:41:57,564 [46069bd9-45fc-4c82-823c-36f07a1bcff0@group-28ACFA97060E-LeaderElection38] INFO  server.RaftServerConfigKeys (ConfUtils.java:logGet(43)) - raft.server.watch.element-limit = 65536 (default)
2019-10-16 20:41:57,565 [EventQueue-PipelineReportForPipelineReportHandler] INFO  pipeline.PipelineReportHandler (PipelineReportHandler.java:processPipelineReport(119)) - Pipeline PipelineID=1024d099-6934-46d9-9041-28acfa97060e reported by 46069bd9-45fc-4c82-823c-36f07a1bcff0{ip: 192.168.157.254, host: pr-hdds-1868-qdb9g-714931517, networkLocation: /default-rack, certSerialId: null} with leaderId 46069bd9-45fc-4c82-823c-36f07a1bcff0
2019-10-16 20:41:57,567 [46069bd9-45fc-4c82-823c-36f07a1bcff0@group-28ACFA97060E-LeaderElection38] INFO  server.RaftServerConfigKeys (ConfUtils.java:logGet(43)) - raft.server.log.appender.snapshot.chunk.size.max = 16MB (=16777216) (default)
2019-10-16 20:41:57,567 [46069bd9-45fc-4c82-823c-36f07a1bcff0@group-28ACFA97060E-LeaderElection38] INFO  server.RaftServerConfigKeys (ConfUtils.java:logGet(43)) - raft.server.log.appender.buffer.byte-limit = 33554432 (custom)
2019-10-16 20:41:57,567 [46069bd9-45fc-4c82-823c-36f07a1bcff0@group-28ACFA97060E-LeaderElection38] INFO  server.RaftServerConfigKeys (ConfUtils.java:logGet(43)) - raft.server.log.appender.buffer.element-limit = 1 (custom)
2019-10-16 20:41:57,567 [46069bd9-45fc-4c82-823c-36f07a1bcff0@group-28ACFA97060E-LeaderElection38] INFO  grpc.GrpcConfigKeys$Server (ConfUtils.java:logGet(43)) - raft.grpc.server.leader.outstanding.appends.max = 128 (default)
2019-10-16 20:41:57,568 [46069bd9-45fc-4c82-823c-36f07a1bcff0@group-28ACFA97060E-LeaderElection38] INFO  server.RaftServerConfigKeys (ConfUtils.java:logGet(43)) - raft.server.rpc.request.timeout = 3000ms (default)
2019-10-16 20:41:57,568 [46069bd9-45fc-4c82-823c-36f07a1bcff0@group-28ACFA97060E-LeaderElection38] INFO  server.RaftServerConfigKeys (ConfUtils.java:logGet(43)) - raft.server.log.appender.install.snapshot.enabled = false (custom)
2019-10-16 20:41:57,569 [46069bd9-45fc-4c82-823c-36f07a1bcff0@group-28ACFA97060E-LeaderElection38] INFO  server.RaftServerConfigKeys (ConfUtils.java:logGet(43)) - raft.server.log.appender.snapshot.chunk.size.max = 16MB (=16777216) (default)
2019-10-16 20:41:57,570 [46069bd9-45fc-4c82-823c-36f07a1bcff0@group-28ACFA97060E-LeaderElection38] INFO  server.RaftServerConfigKeys (ConfUtils.java:logGet(43)) - raft.server.log.appender.buffer.byte-limit = 33554432 (custom)
2019-10-16 20:41:57,570 [46069bd9-45fc-4c82-823c-36f07a1bcff0@group-28ACFA97060E-LeaderElection38] INFO  server.RaftServerConfigKeys (ConfUtils.java:logGet(43)) - raft.server.log.appender.buffer.element-limit = 1 (custom)
2019-10-16 20:41:57,570 [46069bd9-45fc-4c82-823c-36f07a1bcff0@group-28ACFA97060E-LeaderElection38] INFO  grpc.GrpcConfigKeys$Server (ConfUtils.java:logGet(43)) - raft.grpc.server.leader.outstanding.appends.max = 128 (default)
2019-10-16 20:41:57,570 [46069bd9-45fc-4c82-823c-36f07a1bcff0@group-28ACFA97060E-LeaderElection38] INFO  server.RaftServerConfigKeys (ConfUtils.java:logGet(43)) - raft.server.rpc.request.timeout = 3000ms (default)
2019-10-16 20:41:57,570 [46069bd9-45fc-4c82-823c-36f07a1bcff0@group-28ACFA97060E-LeaderElection38] INFO  server.RaftServerConfigKeys (ConfUtils.java:logGet(43)) - raft.server.log.appender.install.snapshot.enabled = false (custom)
2019-10-16 20:41:57,572 [46069bd9-45fc-4c82-823c-36f07a1bcff0@group-28ACFA97060E-LeaderElection38] INFO  impl.RoleInfo (RoleInfo.java:updateAndGet(143)) - 46069bd9-45fc-4c82-823c-36f07a1bcff0: start LeaderState
2019-10-16 20:41:57,572 [46069bd9-45fc-4c82-823c-36f07a1bcff0@group-28ACFA97060E-LeaderElection38] INFO  segmented.SegmentedRaftLogWorker (SegmentedRaftLogWorker.java:startLogSegment(385)) - 46069bd9-45fc-4c82-823c-36f07a1bcff0@group-28ACFA97060E-SegmentedRaftLogWorker: Starting segment from index:0
2019-10-16 20:41:57,573 [46069bd9-45fc-4c82-823c-36f07a1bcff0@group-28ACFA97060E-LeaderElection38] INFO  impl.RaftServerImpl (ServerState.java:setRaftConf(357)) - 46069bd9-45fc-4c82-823c-36f07a1bcff0@group-28ACFA97060E: set configuration 0: [46069bd9-45fc-4c82-823c-36f07a1bcff0:192.168.157.254:34001, bc0bc980-c963-48ce-962e-85091c893131:192.168.157.254:46787, d612b743-bedc-4c3f-983e-e3329f8a2e6f:192.168.157.254:44523], old=null at 0
2019-10-16 20:41:57,575 [grpc-default-executor-3] INFO  ratis.XceiverServerRatis (XceiverServerRatis.java:handleLeaderChangedNotification(700)) - Leader change notification received for group: group-28ACFA97060E with new leaderId: 46069bd9-45fc-4c82-823c-36f07a1bcff0
2019-10-16 20:41:57,575 [grpc-default-executor-3] INFO  impl.RaftServerImpl (ServerState.java:setLeader(256)) - d612b743-bedc-4c3f-983e-e3329f8a2e6f@group-28ACFA97060E: change Leader from null to 46069bd9-45fc-4c82-823c-36f07a1bcff0 at term 1 for appendEntries, leader elected after 175ms
2019-10-16 20:41:57,577 [EventQueue-PipelineReportForPipelineReportHandler] INFO  pipeline.PipelineReportHandler (PipelineReportHandler.java:processPipelineReport(119)) - Pipeline PipelineID=1024d099-6934-46d9-9041-28acfa97060e reported by d612b743-bedc-4c3f-983e-e3329f8a2e6f{ip: 192.168.157.254, host: pr-hdds-1868-qdb9g-714931517, networkLocation: /default-rack, certSerialId: null} with leaderId 46069bd9-45fc-4c82-823c-36f07a1bcff0
2019-10-16 20:41:57,579 [grpc-default-executor-3] INFO  impl.RaftServerImpl (ServerState.java:setRaftConf(357)) - d612b743-bedc-4c3f-983e-e3329f8a2e6f@group-28ACFA97060E: set configuration 0: [46069bd9-45fc-4c82-823c-36f07a1bcff0:192.168.157.254:34001, bc0bc980-c963-48ce-962e-85091c893131:192.168.157.254:46787, d612b743-bedc-4c3f-983e-e3329f8a2e6f:192.168.157.254:44523], old=null at 0
2019-10-16 20:41:57,579 [grpc-default-executor-3] INFO  segmented.SegmentedRaftLogWorker (SegmentedRaftLogWorker.java:startLogSegment(385)) - d612b743-bedc-4c3f-983e-e3329f8a2e6f@group-28ACFA97060E-SegmentedRaftLogWorker: Starting segment from index:0
2019-10-16 20:41:57,630 [bc0bc980-c963-48ce-962e-85091c893131@group-28ACFA97060E-LeaderElection40] INFO  impl.LeaderElection (LeaderElection.java:askForVotes(178)) - bc0bc980-c963-48ce-962e-85091c893131@group-28ACFA97060E-LeaderElection40: begin an election at term 2 for -1: [46069bd9-45fc-4c82-823c-36f07a1bcff0:192.168.157.254:34001, bc0bc980-c963-48ce-962e-85091c893131:192.168.157.254:46787, d612b743-bedc-4c3f-983e-e3329f8a2e6f:192.168.157.254:44523], old=null
2019-10-16 20:41:57,632 [Thread-812] INFO  impl.RaftServerImpl (ServerState.java:setLeader(256)) - 46069bd9-45fc-4c82-823c-36f07a1bcff0@group-28ACFA97060E: change Leader from 46069bd9-45fc-4c82-823c-36f07a1bcff0 to null at term 2 for updateCurrentTerm
2019-10-16 20:41:57,632 [Thread-812] INFO  impl.RaftServerImpl (RaftServerImpl.java:setRole(184)) - 46069bd9-45fc-4c82-823c-36f07a1bcff0@group-28ACFA97060E: changes role from    LEADER to FOLLOWER at term 2 for stepDown
2019-10-16 20:41:57,632 [Thread-812] INFO  impl.RoleInfo (RoleInfo.java:shutdownLeaderState(104)) - 46069bd9-45fc-4c82-823c-36f07a1bcff0: shutdown LeaderState
2019-10-16 20:41:57,653 [org.apache.ratis.server.impl.LogAppender$AppenderDaemon$$Lambda$430/56808429@41b25cd0] WARN  server.GrpcLogAppender (GrpcLogAppender.java:mayWait(149)) - 46069bd9-45fc-4c82-823c-36f07a1bcff0@group-28ACFA97060E->d612b743-bedc-4c3f-983e-e3329f8a2e6f-GrpcLogAppender: Wait interrupted by java.lang.InterruptedException
2019-10-16 20:41:57,653 [Thread-812] INFO  impl.PendingRequests (PendingRequests.java:sendNotLeaderResponses(202)) - 46069bd9-45fc-4c82-823c-36f07a1bcff0@group-28ACFA97060E-PendingRequests: sendNotLeaderResponses
2019-10-16 20:41:57,653 [org.apache.ratis.server.impl.LogAppender$AppenderDaemon$$Lambda$430/56808429@7088cb94] WARN  server.GrpcLogAppender (GrpcLogAppender.java:mayWait(149)) - 46069bd9-45fc-4c82-823c-36f07a1bcff0@group-28ACFA97060E->bc0bc980-c963-48ce-962e-85091c893131-GrpcLogAppender: Wait interrupted by java.lang.InterruptedException
2019-10-16 20:41:57,653 [Thread-812] INFO  impl.RoleInfo (RoleInfo.java:updateAndGet(143)) - 46069bd9-45fc-4c82-823c-36f07a1bcff0: start FollowerState
2019-10-16 20:41:57,654 [grpc-default-executor-3] INFO  server.GrpcServerProtocolService (GrpcServerProtocolService.java:onCompleted(113)) - d612b743-bedc-4c3f-983e-e3329f8a2e6f: Completed APPEND_ENTRIES, lastRequest: 46069bd9-45fc-4c82-823c-36f07a1bcff0->d612b743-bedc-4c3f-983e-e3329f8a2e6f#1-t1, previous=(t:0, i:0), leaderCommit=-1, initializing? false, entries: size=1, first=(t:1, i:0), CONFIGURATIONENTRY
2019-10-16 20:41:57,654 [grpc-default-executor-2] INFO  impl.RaftServerImpl (ServerState.java:setLeader(256)) - d612b743-bedc-4c3f-983e-e3329f8a2e6f@group-28ACFA97060E: change Leader from 46069bd9-45fc-4c82-823c-36f07a1bcff0 to null at term 2 for updateCurrentTerm
2019-10-16 20:41:57,654 [grpc-default-executor-1] INFO  server.GrpcServerProtocolService (GrpcServerProtocolService.java:onCompleted(113)) - bc0bc980-c963-48ce-962e-85091c893131: Completed APPEND_ENTRIES, lastRequest: 46069bd9-45fc-4c82-823c-36f07a1bcff0->bc0bc980-c963-48ce-962e-85091c893131#0-t1, previous=(t:0, i:0), leaderCommit=-1, initializing? false, entries: <empty>
2019-10-16 20:41:57,654 [grpc-default-executor-2] INFO  impl.RaftServerImpl (RaftServerImpl.java:setRole(184)) - d612b743-bedc-4c3f-983e-e3329f8a2e6f@group-28ACFA97060E: changes role from  FOLLOWER to FOLLOWER at term 2 for recognizeCandidate:bc0bc980-c963-48ce-962e-85091c893131
2019-10-16 20:41:57,656 [grpc-default-executor-3] INFO  server.GrpcLogAppender (GrpcLogAppender.java:onCompleted(308)) - 46069bd9-45fc-4c82-823c-36f07a1bcff0@group-28ACFA97060E->d612b743-bedc-4c3f-983e-e3329f8a2e6f-AppendLogResponseHandler: follower responses appendEntries COMPLETED
2019-10-16 20:41:57,656 [grpc-default-executor-2] INFO  impl.RoleInfo (RoleInfo.java:shutdownFollowerState(121)) - d612b743-bedc-4c3f-983e-e3329f8a2e6f: shutdown FollowerState
2019-10-16 20:41:57,657 [Thread-811] INFO  impl.FollowerState (FollowerState.java:run(117)) - d612b743-bedc-4c3f-983e-e3329f8a2e6f@group-28ACFA97060E-FollowerState was interrupted: java.lang.InterruptedException: sleep interrupted
2019-10-16 20:41:57,657 [grpc-default-executor-2] INFO  impl.RoleInfo (RoleInfo.java:updateAndGet(143)) - d612b743-bedc-4c3f-983e-e3329f8a2e6f: start FollowerState
2019-10-16 20:41:57,657 [grpc-default-executor-4] INFO  server.GrpcLogAppender (GrpcLogAppender.java:onCompleted(308)) - 46069bd9-45fc-4c82-823c-36f07a1bcff0@group-28ACFA97060E->bc0bc980-c963-48ce-962e-85091c893131-AppendLogResponseHandler: follower responses appendEntries COMPLETED
2019-10-16 20:41:57,657 [grpc-default-executor-3] INFO  impl.FollowerInfo (FollowerInfo.java:lambda$new$0(51)) - 46069bd9-45fc-4c82-823c-36f07a1bcff0@group-28ACFA97060E->d612b743-bedc-4c3f-983e-e3329f8a2e6f: nextIndex: updateUnconditionally 1 -> 0
2019-10-16 20:41:57,662 [grpc-default-executor-4] INFO  impl.FollowerInfo (FollowerInfo.java:lambda$new$0(51)) - 46069bd9-45fc-4c82-823c-36f07a1bcff0@group-28ACFA97060E->bc0bc980-c963-48ce-962e-85091c893131: nextIndex: updateUnconditionally 0 -> 0
2019-10-16 20:41:57,680 [46069bd9-45fc-4c82-823c-36f07a1bcff0@group-28ACFA97060E-SegmentedRaftLogWorker] INFO  segmented.SegmentedRaftLogWorker (SegmentedRaftLogWorker.java:execute(576)) - 46069bd9-45fc-4c82-823c-36f07a1bcff0@group-28ACFA97060E-SegmentedRaftLogWorker: created new log segment /workdir/hadoop-ozone/integration-test/target/test-dir/MiniOzoneClusterImpl-d661fb9f-1fa9-4d83-aa41-108be3044330/datanode-0/data/ratis/1024d099-6934-46d9-9041-28acfa97060e/current/log_inprogress_0
2019-10-16 20:41:57,680 [d612b743-bedc-4c3f-983e-e3329f8a2e6f@group-28ACFA97060E-SegmentedRaftLogWorker] INFO  segmented.SegmentedRaftLogWorker (SegmentedRaftLogWorker.java:execute(576)) - d612b743-bedc-4c3f-983e-e3329f8a2e6f@group-28ACFA97060E-SegmentedRaftLogWorker: created new log segment /workdir/hadoop-ozone/integration-test/target/test-dir/MiniOzoneClusterImpl-d661fb9f-1fa9-4d83-aa41-108be3044330/datanode-2/data/ratis/1024d099-6934-46d9-9041-28acfa97060e/current/log_inprogress_0
2019-10-16 20:41:57,681 [grpc-default-executor-0] INFO  impl.RaftServerImpl (RaftServerImpl.java:setRole(184)) - 46069bd9-45fc-4c82-823c-36f07a1bcff0@group-28ACFA97060E: changes role from  FOLLOWER to FOLLOWER at term 2 for recognizeCandidate:bc0bc980-c963-48ce-962e-85091c893131
2019-10-16 20:41:57,681 [grpc-default-executor-0] INFO  impl.RoleInfo (RoleInfo.java:shutdownFollowerState(121)) - 46069bd9-45fc-4c82-823c-36f07a1bcff0: shutdown FollowerState
2019-10-16 20:41:57,682 [grpc-default-executor-0] INFO  impl.RoleInfo (RoleInfo.java:updateAndGet(143)) - 46069bd9-45fc-4c82-823c-36f07a1bcff0: start FollowerState
2019-10-16 20:41:57,682 [Thread-820] INFO  impl.FollowerState (FollowerState.java:run(117)) - 46069bd9-45fc-4c82-823c-36f07a1bcff0@group-28ACFA97060E-FollowerState was interrupted: java.lang.InterruptedException: sleep interrupted
2019-10-16 20:41:57,683 [bc0bc980-c963-48ce-962e-85091c893131@group-28ACFA97060E-LeaderElection40] INFO  impl.LeaderElection (LeaderElection.java:logAndReturn(56)) - bc0bc980-c963-48ce-962e-85091c893131@group-28ACFA97060E-LeaderElection40: Election REJECTED; received 2 response(s) [bc0bc980-c963-48ce-962e-85091c893131<-46069bd9-45fc-4c82-823c-36f07a1bcff0#0:FAIL-t2, bc0bc980-c963-48ce-962e-85091c893131<-d612b743-bedc-4c3f-983e-e3329f8a2e6f#0:FAIL-t2] and 0 exception(s); bc0bc980-c963-48ce-962e-85091c893131@group-28ACFA97060E:t2, leader=null, voted=bc0bc980-c963-48ce-962e-85091c893131, raftlog=bc0bc980-c963-48ce-962e-85091c893131@group-28ACFA97060E-SegmentedRaftLog:OPENED:c-1,f-1,i0, conf=-1: [46069bd9-45fc-4c82-823c-36f07a1bcff0:192.168.157.254:34001, bc0bc980-c963-48ce-962e-85091c893131:192.168.157.254:46787, d612b743-bedc-4c3f-983e-e3329f8a2e6f:192.168.157.254:44523], old=null
2019-10-16 20:41:57,683 [bc0bc980-c963-48ce-962e-85091c893131@group-28ACFA97060E-LeaderElection40] INFO  impl.RaftServerImpl (RaftServerImpl.java:setRole(184)) - bc0bc980-c963-48ce-962e-85091c893131@group-28ACFA97060E: changes role from CANDIDATE to FOLLOWER at term 2 for DISCOVERED_A_NEW_TERM
2019-10-16 20:41:57,683 [bc0bc980-c963-48ce-962e-85091c893131@group-28ACFA97060E-LeaderElection40] INFO  impl.RoleInfo (RoleInfo.java:shutdownLeaderElection(134)) - bc0bc980-c963-48ce-962e-85091c893131: shutdown LeaderElection
2019-10-16 20:41:57,683 [bc0bc980-c963-48ce-962e-85091c893131@group-28ACFA97060E-LeaderElection40] INFO  impl.RoleInfo (RoleInfo.java:updateAndGet(143)) - bc0bc980-c963-48ce-962e-85091c893131: start FollowerState
2019-10-16 20:41:57,728 [Thread-823] INFO  impl.FollowerState (FollowerState.java:run(108)) - bc0bc980-c963-48ce-962e-85091c893131@group-28ACFA97060E-FollowerState: change to CANDIDATE, lastRpcTime:44ms, electionTimeout:44ms
2019-10-16 20:41:57,728 [Thread-823] INFO  impl.RoleInfo (RoleInfo.java:shutdownFollowerState(121)) - bc0bc980-c963-48ce-962e-85091c893131: shutdown FollowerState
2019-10-16 20:41:57,728 [Thread-823] INFO  impl.RaftServerImpl (RaftServerImpl.java:setRole(184)) - bc0bc980-c963-48ce-962e-85091c893131@group-28ACFA97060E: changes role from  FOLLOWER to CANDIDATE at term 2 for changeToCandidate
2019-10-16 20:41:57,728 [Thread-823] INFO  impl.RoleInfo (RoleInfo.java:updateAndGet(143)) - bc0bc980-c963-48ce-962e-85091c893131: start LeaderElection
2019-10-16 20:41:57,748 [bc0bc980-c963-48ce-962e-85091c893131@group-28ACFA97060E-LeaderElection41] INFO  impl.LeaderElection (LeaderElection.java:askForVotes(178)) - bc0bc980-c963-48ce-962e-85091c893131@group-28ACFA97060E-LeaderElection41: begin an election at term 3 for -1: [46069bd9-45fc-4c82-823c-36f07a1bcff0:192.168.157.254:34001, bc0bc980-c963-48ce-962e-85091c893131:192.168.157.254:46787, d612b743-bedc-4c3f-983e-e3329f8a2e6f:192.168.157.254:44523], old=null
2019-10-16 20:41:57,751 [grpc-default-executor-2] INFO  impl.RaftServerImpl (RaftServerImpl.java:setRole(184)) - d612b743-bedc-4c3f-983e-e3329f8a2e6f@group-28ACFA97060E: changes role from  FOLLOWER to FOLLOWER at term 3 for recognizeCandidate:bc0bc980-c963-48ce-962e-85091c893131
2019-10-16 20:41:57,751 [grpc-default-executor-0] INFO  impl.RaftServerImpl (RaftServerImpl.java:setRole(184)) - 46069bd9-45fc-4c82-823c-36f07a1bcff0@group-28ACFA97060E: changes role from  FOLLOWER to FOLLOWER at term 3 for recognizeCandidate:bc0bc980-c963-48ce-962e-85091c893131
2019-10-16 20:41:57,751 [grpc-default-executor-2] INFO  impl.RoleInfo (RoleInfo.java:shutdownFollowerState(121)) - d612b743-bedc-4c3f-983e-e3329f8a2e6f: shutdown FollowerState
2019-10-16 20:41:57,751 [grpc-default-executor-0] INFO  impl.RoleInfo (RoleInfo.java:shutdownFollowerState(121)) - 46069bd9-45fc-4c82-823c-36f07a1bcff0: shutdown FollowerState
2019-10-16 20:41:57,751 [Thread-821] INFO  impl.FollowerState (FollowerState.java:run(117)) - d612b743-bedc-4c3f-983e-e3329f8a2e6f@group-28ACFA97060E-FollowerState was interrupted: java.lang.InterruptedException: sleep interrupted
2019-10-16 20:41:57,751 [grpc-default-executor-2] INFO  impl.RoleInfo (RoleInfo.java:updateAndGet(143)) - d612b743-bedc-4c3f-983e-e3329f8a2e6f: start FollowerState
2019-10-16 20:41:57,751 [Thread-822] INFO  impl.FollowerState (FollowerState.java:run(117)) - 46069bd9-45fc-4c82-823c-36f07a1bcff0@group-28ACFA97060E-FollowerState was interrupted: java.lang.InterruptedException: sleep interrupted
2019-10-16 20:41:57,751 [grpc-default-executor-0] INFO  impl.RoleInfo (RoleInfo.java:updateAndGet(143)) - 46069bd9-45fc-4c82-823c-36f07a1bcff0: start FollowerState
2019-10-16 20:41:57,765 [bc0bc980-c963-48ce-962e-85091c893131@group-28ACFA97060E-LeaderElection41] INFO  impl.LeaderElection (LeaderElection.java:logAndReturn(56)) - bc0bc980-c963-48ce-962e-85091c893131@group-28ACFA97060E-LeaderElection41: Election REJECTED; received 2 response(s) [bc0bc980-c963-48ce-962e-85091c893131<-46069bd9-45fc-4c82-823c-36f07a1bcff0#0:FAIL-t3, bc0bc980-c963-48ce-962e-85091c893131<-d612b743-bedc-4c3f-983e-e3329f8a2e6f#0:FAIL-t3] and 0 exception(s); bc0bc980-c963-48ce-962e-85091c893131@group-28ACFA97060E:t3, leader=null, voted=bc0bc980-c963-48ce-962e-85091c893131, raftlog=bc0bc980-c963-48ce-962e-85091c893131@group-28ACFA97060E-SegmentedRaftLog:OPENED:c-1,f-1,i0, conf=-1: [46069bd9-45fc-4c82-823c-36f07a1bcff0:192.168.157.254:34001, bc0bc980-c963-48ce-962e-85091c893131:192.168.157.254:46787, d612b743-bedc-4c3f-983e-e3329f8a2e6f:192.168.157.254:44523], old=null
2019-10-16 20:41:57,766 [bc0bc980-c963-48ce-962e-85091c893131@group-28ACFA97060E-LeaderElection41] INFO  impl.RaftServerImpl (RaftServerImpl.java:setRole(184)) - bc0bc980-c963-48ce-962e-85091c893131@group-28ACFA97060E: changes role from CANDIDATE to FOLLOWER at term 3 for DISCOVERED_A_NEW_TERM
2019-10-16 20:41:57,766 [bc0bc980-c963-48ce-962e-85091c893131@group-28ACFA97060E-LeaderElection41] INFO  impl.RoleInfo (RoleInfo.java:shutdownLeaderElection(134)) - bc0bc980-c963-48ce-962e-85091c893131: shutdown LeaderElection
2019-10-16 20:41:57,766 [bc0bc980-c963-48ce-962e-85091c893131@group-28ACFA97060E-LeaderElection41] INFO  impl.RoleInfo (RoleInfo.java:updateAndGet(143)) - bc0bc980-c963-48ce-962e-85091c893131: start FollowerState
2019-10-16 20:41:57,886 [Thread-830] INFO  impl.FollowerState (FollowerState.java:run(108)) - bc0bc980-c963-48ce-962e-85091c893131@group-28ACFA97060E-FollowerState: change to CANDIDATE, lastRpcTime:120ms, electionTimeout:120ms
2019-10-16 20:41:57,887 [Thread-830] INFO  impl.RoleInfo (RoleInfo.java:shutdownFollowerState(121)) - bc0bc980-c963-48ce-962e-85091c893131: shutdown FollowerState
2019-10-16 20:41:57,887 [Thread-830] INFO  impl.RaftServerImpl (RaftServerImpl.java:setRole(184)) - bc0bc980-c963-48ce-962e-85091c893131@group-28ACFA97060E: changes role from  FOLLOWER to CANDIDATE at term 3 for changeToCandidate
2019-10-16 20:41:57,887 [Thread-830] INFO  impl.RoleInfo (RoleInfo.java:updateAndGet(143)) - bc0bc980-c963-48ce-962e-85091c893131: start LeaderElection
2019-10-16 20:41:57,905 [bc0bc980-c963-48ce-962e-85091c893131@group-28ACFA97060E-LeaderElection42] INFO  impl.LeaderElection (LeaderElection.java:askForVotes(178)) - bc0bc980-c963-48ce-962e-85091c893131@group-28ACFA97060E-LeaderElection42: begin an election at term 4 for -1: [46069bd9-45fc-4c82-823c-36f07a1bcff0:192.168.157.254:34001, bc0bc980-c963-48ce-962e-85091c893131:192.168.157.254:46787, d612b743-bedc-4c3f-983e-e3329f8a2e6f:192.168.157.254:44523], old=null
2019-10-16 20:41:57,908 [grpc-default-executor-0] INFO  impl.RaftServerImpl (RaftServerImpl.java:setRole(184)) - 46069bd9-45fc-4c82-823c-36f07a1bcff0@group-28ACFA97060E: changes role from  FOLLOWER to FOLLOWER at term 4 for recognizeCandidate:bc0bc980-c963-48ce-962e-85091c893131
2019-10-16 20:41:57,908 [grpc-default-executor-2] INFO  impl.RaftServerImpl (RaftServerImpl.java:setRole(184)) - d612b743-bedc-4c3f-983e-e3329f8a2e6f@group-28ACFA97060E: changes role from  FOLLOWER to FOLLOWER at term 4 for recognizeCandidate:bc0bc980-c963-48ce-962e-85091c893131
2019-10-16 20:41:57,908 [grpc-default-executor-0] INFO  impl.RoleInfo (RoleInfo.java:shutdownFollowerState(121)) - 46069bd9-45fc-4c82-823c-36f07a1bcff0: shutdown FollowerState
2019-10-16 20:41:57,908 [grpc-default-executor-2] INFO  impl.RoleInfo (RoleInfo.java:shutdownFollowerState(121)) - d612b743-bedc-4c3f-983e-e3329f8a2e6f: shutdown FollowerState
2019-10-16 20:41:57,908 [Thread-829] INFO  impl.FollowerState (FollowerState.java:run(117)) - 46069bd9-45fc-4c82-823c-36f07a1bcff0@group-28ACFA97060E-FollowerState was interrupted: java.lang.InterruptedException: sleep interrupted
2019-10-16 20:41:57,909 [grpc-default-executor-2] INFO  impl.RoleInfo (RoleInfo.java:updateAndGet(143)) - d612b743-bedc-4c3f-983e-e3329f8a2e6f: start FollowerState
2019-10-16 20:41:57,908 [grpc-default-executor-0] INFO  impl.RoleInfo (RoleInfo.java:updateAndGet(143)) - 46069bd9-45fc-4c82-823c-36f07a1bcff0: start FollowerState
2019-10-16 20:41:57,909 [Thread-828] INFO  impl.FollowerState (FollowerState.java:run(117)) - d612b743-bedc-4c3f-983e-e3329f8a2e6f@group-28ACFA97060E-FollowerState was interrupted: java.lang.InterruptedException: sleep interrupted
2019-10-16 20:41:57,946 [bc0bc980-c963-48ce-962e-85091c893131@group-28ACFA97060E-LeaderElection42] INFO  impl.LeaderElection (LeaderElection.java:logAndReturn(56)) - bc0bc980-c963-48ce-962e-85091c893131@group-28ACFA97060E-LeaderElection42: Election REJECTED; received 2 response(s) [bc0bc980-c963-48ce-962e-85091c893131<-46069bd9-45fc-4c82-823c-36f07a1bcff0#0:FAIL-t4, bc0bc980-c963-48ce-962e-85091c893131<-d612b743-bedc-4c3f-983e-e3329f8a2e6f#0:FAIL-t4] and 0 exception(s); bc0bc980-c963-48ce-962e-85091c893131@group-28ACFA97060E:t4, leader=null, voted=bc0bc980-c963-48ce-962e-85091c893131, raftlog=bc0bc980-c963-48ce-962e-85091c893131@group-28ACFA97060E-SegmentedRaftLog:OPENED:c-1,f-1,i0, conf=-1: [46069bd9-45fc-4c82-823c-36f07a1bcff0:192.168.157.254:34001, bc0bc980-c963-48ce-962e-85091c893131:192.168.157.254:46787, d612b743-bedc-4c3f-983e-e3329f8a2e6f:192.168.157.254:44523], old=null
2019-10-16 20:41:57,946 [bc0bc980-c963-48ce-962e-85091c893131@group-28ACFA97060E-LeaderElection42] INFO  impl.RaftServerImpl (RaftServerImpl.java:setRole(184)) - bc0bc980-c963-48ce-962e-85091c893131@group-28ACFA97060E: changes role from CANDIDATE to FOLLOWER at term 4 for DISCOVERED_A_NEW_TERM
2019-10-16 20:41:57,946 [bc0bc980-c963-48ce-962e-85091c893131@group-28ACFA97060E-LeaderElection42] INFO  impl.RoleInfo (RoleInfo.java:shutdownLeaderElection(134)) - bc0bc980-c963-48ce-962e-85091c893131: shutdown LeaderElection
2019-10-16 20:41:57,946 [bc0bc980-c963-48ce-962e-85091c893131@group-28ACFA97060E-LeaderElection42] INFO  impl.RoleInfo (RoleInfo.java:updateAndGet(143)) - bc0bc980-c963-48ce-962e-85091c893131: start FollowerState
2019-10-16 20:41:58,101 [Thread-836] INFO  impl.FollowerState (FollowerState.java:run(108)) - bc0bc980-c963-48ce-962e-85091c893131@group-28ACFA97060E-FollowerState: change to CANDIDATE, lastRpcTime:154ms, electionTimeout:154ms
2019-10-16 20:41:58,101 [Thread-836] INFO  impl.RoleInfo (RoleInfo.java:shutdownFollowerState(121)) - bc0bc980-c963-48ce-962e-85091c893131: shutdown FollowerState
2019-10-16 20:41:58,101 [Thread-836] INFO  impl.RaftServerImpl (RaftServerImpl.java:setRole(184)) - bc0bc980-c963-48ce-962e-85091c893131@group-28ACFA97060E: changes role from  FOLLOWER to CANDIDATE at term 4 for changeToCandidate
2019-10-16 20:41:58,101 [Thread-836] INFO  impl.RoleInfo (RoleInfo.java:updateAndGet(143)) - bc0bc980-c963-48ce-962e-85091c893131: start LeaderElection
2019-10-16 20:41:58,130 [bc0bc980-c963-48ce-962e-85091c893131@group-28ACFA97060E-LeaderElection43] INFO  impl.LeaderElection (LeaderElection.java:askForVotes(178)) - bc0bc980-c963-48ce-962e-85091c893131@group-28ACFA97060E-LeaderElection43: begin an election at term 5 for -1: [46069bd9-45fc-4c82-823c-36f07a1bcff0:192.168.157.254:34001, bc0bc980-c963-48ce-962e-85091c893131:192.168.157.254:46787, d612b743-bedc-4c3f-983e-e3329f8a2e6f:192.168.157.254:44523], old=null
2019-10-16 20:41:58,133 [grpc-default-executor-0] INFO  impl.RaftServerImpl (RaftServerImpl.java:setRole(184)) - 46069bd9-45fc-4c82-823c-36f07a1bcff0@group-28ACFA97060E: changes role from  FOLLOWER to FOLLOWER at term 5 for recognizeCandidate:bc0bc980-c963-48ce-962e-85091c893131
2019-10-16 20:41:58,134 [grpc-default-executor-0] INFO  impl.RoleInfo (RoleInfo.java:shutdownFollowerState(121)) - 46069bd9-45fc-4c82-823c-36f07a1bcff0: shutdown FollowerState
2019-10-16 20:41:58,134 [grpc-default-executor-0] INFO  impl.RoleInfo (RoleInfo.java:updateAndGet(143)) - 46069bd9-45fc-4c82-823c-36f07a1bcff0: start FollowerState
2019-10-16 20:41:58,134 [Thread-834] INFO  impl.FollowerState (FollowerState.java:run(117)) - 46069bd9-45fc-4c82-823c-36f07a1bcff0@group-28ACFA97060E-FollowerState was interrupted: java.lang.InterruptedException: sleep interrupted
2019-10-16 20:41:58,134 [grpc-default-executor-2] INFO  impl.RaftServerImpl (RaftServerImpl.java:setRole(184)) - d612b743-bedc-4c3f-983e-e3329f8a2e6f@group-28ACFA97060E: changes role from  FOLLOWER to FOLLOWER at term 5 for recognizeCandidate:bc0bc980-c963-48ce-962e-85091c893131
2019-10-16 20:41:58,134 [grpc-default-executor-2] INFO  impl.RoleInfo (RoleInfo.java:shutdownFollowerState(121)) - d612b743-bedc-4c3f-983e-e3329f8a2e6f: shutdown FollowerState
2019-10-16 20:41:58,134 [bc0bc980-c963-48ce-962e-85091c893131@group-28ACFA97060E-LeaderElection43] INFO  impl.LeaderElection (LeaderElection.java:logAndReturn(56)) - bc0bc980-c963-48ce-962e-85091c893131@group-28ACFA97060E-LeaderElection43: Election TIMEOUT; received 0 response(s) [] and 0 exception(s); bc0bc980-c963-48ce-962e-85091c893131@group-28ACFA97060E:t5, leader=null, voted=bc0bc980-c963-48ce-962e-85091c893131, raftlog=bc0bc980-c963-48ce-962e-85091c893131@group-28ACFA97060E-SegmentedRaftLog:OPENED:c-1,f-1,i0, conf=-1: [46069bd9-45fc-4c82-823c-36f07a1bcff0:192.168.157.254:34001, bc0bc980-c963-48ce-962e-85091c893131:192.168.157.254:46787, d612b743-bedc-4c3f-983e-e3329f8a2e6f:192.168.157.254:44523], old=null
2019-10-16 20:41:58,134 [Thread-835] INFO  impl.FollowerState (FollowerState.java:run(117)) - d612b743-bedc-4c3f-983e-e3329f8a2e6f@group-28ACFA97060E-FollowerState was interrupted: java.lang.InterruptedException: sleep interrupted
2019-10-16 20:41:58,134 [grpc-default-executor-2] INFO  impl.RoleInfo (RoleInfo.java:updateAndGet(143)) - d612b743-bedc-4c3f-983e-e3329f8a2e6f: start FollowerState
2019-10-16 20:41:58,170 [bc0bc980-c963-48ce-962e-85091c893131@group-28ACFA97060E-LeaderElection43] INFO  impl.LeaderElection (LeaderElection.java:askForVotes(178)) - bc0bc980-c963-48ce-962e-85091c893131@group-28ACFA97060E-LeaderElection43: begin an election at term 6 for -1: [46069bd9-45fc-4c82-823c-36f07a1bcff0:192.168.157.254:34001, bc0bc980-c963-48ce-962e-85091c893131:192.168.157.254:46787, d612b743-bedc-4c3f-983e-e3329f8a2e6f:192.168.157.254:44523], old=null
2019-10-16 20:41:58,172 [grpc-default-executor-2] INFO  impl.RaftServerImpl (RaftServerImpl.java:setRole(184)) - d612b743-bedc-4c3f-983e-e3329f8a2e6f@group-28ACFA97060E: changes role from  FOLLOWER to FOLLOWER at term 6 for recognizeCandidate:bc0bc980-c963-48ce-962e-85091c893131
2019-10-16 20:41:58,173 [grpc-default-executor-2] INFO  impl.RoleInfo (RoleInfo.java:shutdownFollowerState(121)) - d612b743-bedc-4c3f-983e-e3329f8a2e6f: shutdown FollowerState
2019-10-16 20:41:58,173 [grpc-default-executor-2] INFO  impl.RoleInfo (RoleInfo.java:updateAndGet(143)) - d612b743-bedc-4c3f-983e-e3329f8a2e6f: start FollowerState
2019-10-16 20:41:58,173 [Thread-841] INFO  impl.FollowerState (FollowerState.java:run(117)) - d612b743-bedc-4c3f-983e-e3329f8a2e6f@group-28ACFA97060E-FollowerState was interrupted: java.lang.InterruptedException: sleep interrupted
2019-10-16 20:41:58,173 [grpc-default-executor-0] INFO  impl.RaftServerImpl (RaftServerImpl.java:setRole(184)) - 46069bd9-45fc-4c82-823c-36f07a1bcff0@group-28ACFA97060E: changes role from  FOLLOWER to FOLLOWER at term 6 for recognizeCandidate:bc0bc980-c963-48ce-962e-85091c893131
2019-10-16 20:41:58,173 [grpc-default-executor-0] INFO  impl.RoleInfo (RoleInfo.java:shutdownFollowerState(121)) - 46069bd9-45fc-4c82-823c-36f07a1bcff0: shutdown FollowerState
2019-10-16 20:41:58,174 [grpc-default-executor-0] INFO  impl.RoleInfo (RoleInfo.java:updateAndGet(143)) - 46069bd9-45fc-4c82-823c-36f07a1bcff0: start FollowerState
2019-10-16 20:41:58,174 [Thread-840] INFO  impl.FollowerState (FollowerState.java:run(117)) - 46069bd9-45fc-4c82-823c-36f07a1bcff0@group-28ACFA97060E-FollowerState was interrupted: java.lang.InterruptedException: sleep interrupted
2019-10-16 20:41:58,187 [bc0bc980-c963-48ce-962e-85091c893131@group-28ACFA97060E-LeaderElection43] INFO  impl.LeaderElection (LeaderElection.java:logAndReturn(56)) - bc0bc980-c963-48ce-962e-85091c893131@group-28ACFA97060E-LeaderElection43: Election REJECTED; received 2 response(s) [bc0bc980-c963-48ce-962e-85091c893131<-46069bd9-45fc-4c82-823c-36f07a1bcff0#0:FAIL-t6, bc0bc980-c963-48ce-962e-85091c893131<-d612b743-bedc-4c3f-983e-e3329f8a2e6f#0:FAIL-t6] and 0 exception(s); bc0bc980-c963-48ce-962e-85091c893131@group-28ACFA97060E:t6, leader=null, voted=bc0bc980-c963-48ce-962e-85091c893131, raftlog=bc0bc980-c963-48ce-962e-85091c893131@group-28ACFA97060E-SegmentedRaftLog:OPENED:c-1,f-1,i0, conf=-1: [46069bd9-45fc-4c82-823c-36f07a1bcff0:192.168.157.254:34001, bc0bc980-c963-48ce-962e-85091c893131:192.168.157.254:46787, d612b743-bedc-4c3f-983e-e3329f8a2e6f:192.168.157.254:44523], old=null
2019-10-16 20:41:58,187 [bc0bc980-c963-48ce-962e-85091c893131@group-28ACFA97060E-LeaderElection43] INFO  impl.RaftServerImpl (RaftServerImpl.java:setRole(184)) - bc0bc980-c963-48ce-962e-85091c893131@group-28ACFA97060E: changes role from CANDIDATE to FOLLOWER at term 6 for DISCOVERED_A_NEW_TERM
2019-10-16 20:41:58,187 [bc0bc980-c963-48ce-962e-85091c893131@group-28ACFA97060E-LeaderElection43] INFO  impl.RoleInfo (RoleInfo.java:shutdownLeaderElection(134)) - bc0bc980-c963-48ce-962e-85091c893131: shutdown LeaderElection
2019-10-16 20:41:58,188 [bc0bc980-c963-48ce-962e-85091c893131@group-28ACFA97060E-LeaderElection43] INFO  impl.RoleInfo (RoleInfo.java:updateAndGet(143)) - bc0bc980-c963-48ce-962e-85091c893131: start FollowerState
2019-10-16 20:41:58,199 [Thread-846] INFO  impl.FollowerState (FollowerState.java:run(108)) - bc0bc980-c963-48ce-962e-85091c893131@group-28ACFA97060E-FollowerState: change to CANDIDATE, lastRpcTime:11ms, electionTimeout:11ms
2019-10-16 20:41:58,199 [Thread-846] INFO  impl.RoleInfo (RoleInfo.java:shutdownFollowerState(121)) - bc0bc980-c963-48ce-962e-85091c893131: shutdown FollowerState
2019-10-16 20:41:58,199 [Thread-846] INFO  impl.RaftServerImpl (RaftServerImpl.java:setRole(184)) - bc0bc980-c963-48ce-962e-85091c893131@group-28ACFA97060E: changes role from  FOLLOWER to CANDIDATE at term 6 for changeToCandidate
2019-10-16 20:41:58,200 [Thread-846] INFO  impl.RoleInfo (RoleInfo.java:updateAndGet(143)) - bc0bc980-c963-48ce-962e-85091c893131: start LeaderElection
2019-10-16 20:41:58,245 [bc0bc980-c963-48ce-962e-85091c893131@group-28ACFA97060E-LeaderElection44] INFO  impl.LeaderElection (LeaderElection.java:askForVotes(178)) - bc0bc980-c963-48ce-962e-85091c893131@group-28ACFA97060E-LeaderElection44: begin an election at term 7 for -1: [46069bd9-45fc-4c82-823c-36f07a1bcff0:192.168.157.254:34001, bc0bc980-c963-48ce-962e-85091c893131:192.168.157.254:46787, d612b743-bedc-4c3f-983e-e3329f8a2e6f:192.168.157.254:44523], old=null
2019-10-16 20:41:58,249 [grpc-default-executor-0] INFO  impl.RaftServerImpl (RaftServerImpl.java:setRole(184)) - d612b743-bedc-4c3f-983e-e3329f8a2e6f@group-28ACFA97060E: changes role from  FOLLOWER to FOLLOWER at term 7 for recognizeCandidate:bc0bc980-c963-48ce-962e-85091c893131
2019-10-16 20:41:58,249 [grpc-default-executor-0] INFO  impl.RoleInfo (RoleInfo.java:shutdownFollowerState(121)) - d612b743-bedc-4c3f-983e-e3329f8a2e6f: shutdown FollowerState
2019-10-16 20:41:58,250 [grpc-default-executor-0] INFO  impl.RoleInfo (RoleInfo.java:updateAndGet(143)) - d612b743-bedc-4c3f-983e-e3329f8a2e6f: start FollowerState
2019-10-16 20:41:58,250 [Thread-844] INFO  impl.FollowerState (FollowerState.java:run(117)) - d612b743-bedc-4c3f-983e-e3329f8a2e6f@group-28ACFA97060E-FollowerState was interrupted: java.lang.InterruptedException: sleep interrupted
2019-10-16 20:41:58,250 [grpc-default-executor-2] INFO  impl.RaftServerImpl (RaftServerImpl.java:setRole(184)) - 46069bd9-45fc-4c82-823c-36f07a1bcff0@group-28ACFA97060E: changes role from  FOLLOWER to FOLLOWER at term 7 for recognizeCandidate:bc0bc980-c963-48ce-962e-85091c893131
2019-10-16 20:41:58,250 [grpc-default-executor-2] INFO  impl.RoleInfo (RoleInfo.java:shutdownFollowerState(121)) - 46069bd9-45fc-4c82-823c-36f07a1bcff0: shutdown FollowerState
2019-10-16 20:41:58,250 [grpc-default-executor-2] INFO  impl.RoleInfo (RoleInfo.java:updateAndGet(143)) - 46069bd9-45fc-4c82-823c-36f07a1bcff0: start FollowerState
2019-10-16 20:41:58,250 [Thread-845] INFO  impl.FollowerState (FollowerState.java:run(117)) - 46069bd9-45fc-4c82-823c-36f07a1bcff0@group-28ACFA97060E-FollowerState was interrupted: java.lang.InterruptedException: sleep interrupted
2019-10-16 20:41:58,269 [bc0bc980-c963-48ce-962e-85091c893131@group-28ACFA97060E-LeaderElection44] INFO  impl.LeaderElection (LeaderElection.java:logAndReturn(56)) - bc0bc980-c963-48ce-962e-85091c893131@group-28ACFA97060E-LeaderElection44: Election REJECTED; received 2 response(s) [bc0bc980-c963-48ce-962e-85091c893131<-46069bd9-45fc-4c82-823c-36f07a1bcff0#0:FAIL-t7, bc0bc980-c963-48ce-962e-85091c893131<-d612b743-bedc-4c3f-983e-e3329f8a2e6f#0:FAIL-t7] and 0 exception(s); bc0bc980-c963-48ce-962e-85091c893131@group-28ACFA97060E:t7, leader=null, voted=bc0bc980-c963-48ce-962e-85091c893131, raftlog=bc0bc980-c963-48ce-962e-85091c893131@group-28ACFA97060E-SegmentedRaftLog:OPENED:c-1,f-1,i0, conf=-1: [46069bd9-45fc-4c82-823c-36f07a1bcff0:192.168.157.254:34001, bc0bc980-c963-48ce-962e-85091c893131:192.168.157.254:46787, d612b743-bedc-4c3f-983e-e3329f8a2e6f:192.168.157.254:44523], old=null
2019-10-16 20:41:58,269 [bc0bc980-c963-48ce-962e-85091c893131@group-28ACFA97060E-LeaderElection44] INFO  impl.RaftServerImpl (RaftServerImpl.java:setRole(184)) - bc0bc980-c963-48ce-962e-85091c893131@group-28ACFA97060E: changes role from CANDIDATE to FOLLOWER at term 7 for DISCOVERED_A_NEW_TERM
2019-10-16 20:41:58,270 [bc0bc980-c963-48ce-962e-85091c893131@group-28ACFA97060E-LeaderElection44] INFO  impl.RoleInfo (RoleInfo.java:shutdownLeaderElection(134)) - bc0bc980-c963-48ce-962e-85091c893131: shutdown LeaderElection
2019-10-16 20:41:58,270 [bc0bc980-c963-48ce-962e-85091c893131@group-28ACFA97060E-LeaderElection44] INFO  impl.RoleInfo (RoleInfo.java:updateAndGet(143)) - bc0bc980-c963-48ce-962e-85091c893131: start FollowerState
2019-10-16 20:41:58,440 [Thread-852] INFO  impl.FollowerState (FollowerState.java:run(108)) - bc0bc980-c963-48ce-962e-85091c893131@group-28ACFA97060E-FollowerState: change to CANDIDATE, lastRpcTime:170ms, electionTimeout:170ms
2019-10-16 20:41:58,440 [Thread-852] INFO  impl.RoleInfo (RoleInfo.java:shutdownFollowerState(121)) - bc0bc980-c963-48ce-962e-85091c893131: shutdown FollowerState
2019-10-16 20:41:58,441 [Thread-852] INFO  impl.RaftServerImpl (RaftServerImpl.java:setRole(184)) - bc0bc980-c963-48ce-962e-85091c893131@group-28ACFA97060E: changes role from  FOLLOWER to CANDIDATE at term 7 for changeToCandidate
2019-10-16 20:41:58,441 [Thread-852] INFO  impl.RoleInfo (RoleInfo.java:updateAndGet(143)) - bc0bc980-c963-48ce-962e-85091c893131: start LeaderElection
2019-10-16 20:41:58,457 [bc0bc980-c963-48ce-962e-85091c893131@group-28ACFA97060E-LeaderElection45] INFO  impl.LeaderElection (LeaderElection.java:askForVotes(178)) - bc0bc980-c963-48ce-962e-85091c893131@group-28ACFA97060E-LeaderElection45: begin an election at term 8 for -1: [46069bd9-45fc-4c82-823c-36f07a1bcff0:192.168.157.254:34001, bc0bc980-c963-48ce-962e-85091c893131:192.168.157.254:46787, d612b743-bedc-4c3f-983e-e3329f8a2e6f:192.168.157.254:44523], old=null
2019-10-16 20:41:58,460 [grpc-default-executor-0] INFO  impl.RaftServerImpl (RaftServerImpl.java:setRole(184)) - d612b743-bedc-4c3f-983e-e3329f8a2e6f@group-28ACFA97060E: changes role from  FOLLOWER to FOLLOWER at term 8 for recognizeCandidate:bc0bc980-c963-48ce-962e-85091c893131
2019-10-16 20:41:58,460 [grpc-default-executor-0] INFO  impl.RoleInfo (RoleInfo.java:shutdownFollowerState(121)) - d612b743-bedc-4c3f-983e-e3329f8a2e6f: shutdown FollowerState
2019-10-16 20:41:58,460 [grpc-default-executor-0] INFO  impl.RoleInfo (RoleInfo.java:updateAndGet(143)) - d612b743-bedc-4c3f-983e-e3329f8a2e6f: start FollowerState
2019-10-16 20:41:58,460 [Thread-850] INFO  impl.FollowerState (FollowerState.java:run(117)) - d612b743-bedc-4c3f-983e-e3329f8a2e6f@group-28ACFA97060E-FollowerState was interrupted: java.lang.InterruptedException: sleep interrupted
2019-10-16 20:41:58,461 [grpc-default-executor-2] INFO  impl.RaftServerImpl (RaftServerImpl.java:setRole(184)) - 46069bd9-45fc-4c82-823c-36f07a1bcff0@group-28ACFA97060E: changes role from  FOLLOWER to FOLLOWER at term 8 for recognizeCandidate:bc0bc980-c963-48ce-962e-85091c893131
2019-10-16 20:41:58,461 [grpc-default-executor-2] INFO  impl.RoleInfo (RoleInfo.java:shutdownFollowerState(121)) - 46069bd9-45fc-4c82-823c-36f07a1bcff0: shutdown FollowerState
2019-10-16 20:41:58,461 [grpc-default-executor-2] INFO  impl.RoleInfo (RoleInfo.java:updateAndGet(143)) - 46069bd9-45fc-4c82-823c-36f07a1bcff0: start FollowerState
2019-10-16 20:41:58,461 [Thread-851] INFO  impl.FollowerState (FollowerState.java:run(117)) - 46069bd9-45fc-4c82-823c-36f07a1bcff0@group-28ACFA97060E-FollowerState was interrupted: java.lang.InterruptedException: sleep interrupted
2019-10-16 20:41:58,468 [bc0bc980-c963-48ce-962e-85091c893131@group-28ACFA97060E-LeaderElection45] INFO  impl.LeaderElection (LeaderElection.java:logAndReturn(56)) - bc0bc980-c963-48ce-962e-85091c893131@group-28ACFA97060E-LeaderElection45: Election REJECTED; received 2 response(s) [bc0bc980-c963-48ce-962e-85091c893131<-46069bd9-45fc-4c82-823c-36f07a1bcff0#0:FAIL-t8, bc0bc980-c963-48ce-962e-85091c893131<-d612b743-bedc-4c3f-983e-e3329f8a2e6f#0:FAIL-t8] and 0 exception(s); bc0bc980-c963-48ce-962e-85091c893131@group-28ACFA97060E:t8, leader=null, voted=bc0bc980-c963-48ce-962e-85091c893131, raftlog=bc0bc980-c963-48ce-962e-85091c893131@group-28ACFA97060E-SegmentedRaftLog:OPENED:c-1,f-1,i0, conf=-1: [46069bd9-45fc-4c82-823c-36f07a1bcff0:192.168.157.254:34001, bc0bc980-c963-48ce-962e-85091c893131:192.168.157.254:46787, d612b743-bedc-4c3f-983e-e3329f8a2e6f:192.168.157.254:44523], old=null
2019-10-16 20:41:58,468 [bc0bc980-c963-48ce-962e-85091c893131@group-28ACFA97060E-LeaderElection45] INFO  impl.RaftServerImpl (RaftServerImpl.java:setRole(184)) - bc0bc980-c963-48ce-962e-85091c893131@group-28ACFA97060E: changes role from CANDIDATE to FOLLOWER at term 8 for DISCOVERED_A_NEW_TERM
2019-10-16 20:41:58,469 [bc0bc980-c963-48ce-962e-85091c893131@group-28ACFA97060E-LeaderElection45] INFO  impl.RoleInfo (RoleInfo.java:shutdownLeaderElection(134)) - bc0bc980-c963-48ce-962e-85091c893131: shutdown LeaderElection
2019-10-16 20:41:58,469 [bc0bc980-c963-48ce-962e-85091c893131@group-28ACFA97060E-LeaderElection45] INFO  impl.RoleInfo (RoleInfo.java:updateAndGet(143)) - bc0bc980-c963-48ce-962e-85091c893131: start FollowerState
2019-10-16 20:41:58,588 [Thread-858] INFO  impl.FollowerState (FollowerState.java:run(108)) - bc0bc980-c963-48ce-962e-85091c893131@group-28ACFA97060E-FollowerState: change to CANDIDATE, lastRpcTime:119ms, electionTimeout:119ms
2019-10-16 20:41:58,588 [Thread-858] INFO  impl.RoleInfo (RoleInfo.java:shutdownFollowerState(121)) - bc0bc980-c963-48ce-962e-85091c893131: shutdown FollowerState
2019-10-16 20:41:58,588 [Thread-858] INFO  impl.RaftServerImpl (RaftServerImpl.java:setRole(184)) - bc0bc980-c963-48ce-962e-85091c893131@group-28ACFA97060E: changes role from  FOLLOWER to CANDIDATE at term 8 for changeToCandidate
2019-10-16 20:41:58,589 [Thread-858] INFO  impl.RoleInfo (RoleInfo.java:updateAndGet(143)) - bc0bc980-c963-48ce-962e-85091c893131: start LeaderElection
2019-10-16 20:41:58,603 [bc0bc980-c963-48ce-962e-85091c893131@group-28ACFA97060E-LeaderElection46] INFO  impl.LeaderElection (LeaderElection.java:askForVotes(178)) - bc0bc980-c963-48ce-962e-85091c893131@group-28ACFA97060E-LeaderElection46: begin an election at term 9 for -1: [46069bd9-45fc-4c82-823c-36f07a1bcff0:192.168.157.254:34001, bc0bc980-c963-48ce-962e-85091c893131:192.168.157.254:46787, d612b743-bedc-4c3f-983e-e3329f8a2e6f:192.168.157.254:44523], old=null
2019-10-16 20:41:58,608 [grpc-default-executor-2] INFO  impl.RaftServerImpl (RaftServerImpl.java:setRole(184)) - d612b743-bedc-4c3f-983e-e3329f8a2e6f@group-28ACFA97060E: changes role from  FOLLOWER to FOLLOWER at term 9 for recognizeCandidate:bc0bc980-c963-48ce-962e-85091c893131
2019-10-16 20:41:58,608 [grpc-default-executor-0] INFO  impl.RaftServerImpl (RaftServerImpl.java:setRole(184)) - 46069bd9-45fc-4c82-823c-36f07a1bcff0@group-28ACFA97060E: changes role from  FOLLOWER to FOLLOWER at term 9 for recognizeCandidate:bc0bc980-c963-48ce-962e-85091c893131
2019-10-16 20:41:58,608 [grpc-default-executor-2] INFO  impl.RoleInfo (RoleInfo.java:shutdownFollowerState(121)) - d612b743-bedc-4c3f-983e-e3329f8a2e6f: shutdown FollowerState
2019-10-16 20:41:58,608 [grpc-default-executor-0] INFO  impl.RoleInfo (RoleInfo.java:shutdownFollowerState(121)) - 46069bd9-45fc-4c82-823c-36f07a1bcff0: shutdown FollowerState
2019-10-16 20:41:58,608 [grpc-default-executor-2] INFO  impl.RoleInfo (RoleInfo.java:updateAndGet(143)) - d612b743-bedc-4c3f-983e-e3329f8a2e6f: start FollowerState
2019-10-16 20:41:58,608 [Thread-856] INFO  impl.FollowerState (FollowerState.java:run(117)) - d612b743-bedc-4c3f-983e-e3329f8a2e6f@group-28ACFA97060E-FollowerState was interrupted: java.lang.InterruptedException: sleep interrupted
2019-10-16 20:41:58,609 [Thread-857] INFO  impl.FollowerState (FollowerState.java:run(117)) - 46069bd9-45fc-4c82-823c-36f07a1bcff0@group-28ACFA97060E-FollowerState was interrupted: java.lang.InterruptedException: sleep interrupted
2019-10-16 20:41:58,609 [grpc-default-executor-0] INFO  impl.RoleInfo (RoleInfo.java:updateAndGet(143)) - 46069bd9-45fc-4c82-823c-36f07a1bcff0: start FollowerState
2019-10-16 20:41:58,671 [bc0bc980-c963-48ce-962e-85091c893131@group-28ACFA97060E-LeaderElection46] INFO  impl.LeaderElection (LeaderElection.java:logAndReturn(56)) - bc0bc980-c963-48ce-962e-85091c893131@group-28ACFA97060E-LeaderElection46: Election REJECTED; received 2 response(s) [bc0bc980-c963-48ce-962e-85091c893131<-46069bd9-45fc-4c82-823c-36f07a1bcff0#0:FAIL-t9, bc0bc980-c963-48ce-962e-85091c893131<-d612b743-bedc-4c3f-983e-e3329f8a2e6f#0:FAIL-t9] and 0 exception(s); bc0bc980-c963-48ce-962e-85091c893131@group-28ACFA97060E:t9, leader=null, voted=bc0bc980-c963-48ce-962e-85091c893131, raftlog=bc0bc980-c963-48ce-962e-85091c893131@group-28ACFA97060E-SegmentedRaftLog:OPENED:c-1,f-1,i0, conf=-1: [46069bd9-45fc-4c82-823c-36f07a1bcff0:192.168.157.254:34001, bc0bc980-c963-48ce-962e-85091c893131:192.168.157.254:46787, d612b743-bedc-4c3f-983e-e3329f8a2e6f:192.168.157.254:44523], old=null
2019-10-16 20:41:58,671 [bc0bc980-c963-48ce-962e-85091c893131@group-28ACFA97060E-LeaderElection46] INFO  impl.RaftServerImpl (RaftServerImpl.java:setRole(184)) - bc0bc980-c963-48ce-962e-85091c893131@group-28ACFA97060E: changes role from CANDIDATE to FOLLOWER at term 9 for DISCOVERED_A_NEW_TERM
2019-10-16 20:41:58,672 [bc0bc980-c963-48ce-962e-85091c893131@group-28ACFA97060E-LeaderElection46] INFO  impl.RoleInfo (RoleInfo.java:shutdownLeaderElection(134)) - bc0bc980-c963-48ce-962e-85091c893131: shutdown LeaderElection
2019-10-16 20:41:58,672 [bc0bc980-c963-48ce-962e-85091c893131@group-28ACFA97060E-LeaderElection46] INFO  impl.RoleInfo (RoleInfo.java:updateAndGet(143)) - bc0bc980-c963-48ce-962e-85091c893131: start FollowerState
2019-10-16 20:41:58,732 [Thread-864] INFO  impl.FollowerState (FollowerState.java:run(108)) - bc0bc980-c963-48ce-962e-85091c893131@group-28ACFA97060E-FollowerState: change to CANDIDATE, lastRpcTime:60ms, electionTimeout:60ms
2019-10-16 20:41:58,733 [Thread-864] INFO  impl.RoleInfo (RoleInfo.java:shutdownFollowerState(121)) - bc0bc980-c963-48ce-962e-85091c893131: shutdown FollowerState
2019-10-16 20:41:58,733 [Thread-864] INFO  impl.RaftServerImpl (RaftServerImpl.java:setRole(184)) - bc0bc980-c963-48ce-962e-85091c893131@group-28ACFA97060E: changes role from  FOLLOWER to CANDIDATE at term 9 for changeToCandidate
2019-10-16 20:41:58,733 [Thread-864] INFO  impl.RoleInfo (RoleInfo.java:updateAndGet(143)) - bc0bc980-c963-48ce-962e-85091c893131: start LeaderElection
2019-10-16 20:41:58,776 [bc0bc980-c963-48ce-962e-85091c893131@group-28ACFA97060E-LeaderElection47] INFO  impl.LeaderElection (LeaderElection.java:askForVotes(178)) - bc0bc980-c963-48ce-962e-85091c893131@group-28ACFA97060E-LeaderElection47: begin an election at term 10 for -1: [46069bd9-45fc-4c82-823c-36f07a1bcff0:192.168.157.254:34001, bc0bc980-c963-48ce-962e-85091c893131:192.168.157.254:46787, d612b743-bedc-4c3f-983e-e3329f8a2e6f:192.168.157.254:44523], old=null
2019-10-16 20:41:58,779 [grpc-default-executor-0] INFO  impl.RaftServerImpl (RaftServerImpl.java:setRole(184)) - d612b743-bedc-4c3f-983e-e3329f8a2e6f@group-28ACFA97060E: changes role from  FOLLOWER to FOLLOWER at term 10 for recognizeCandidate:bc0bc980-c963-48ce-962e-85091c893131
2019-10-16 20:41:58,779 [grpc-default-executor-2] INFO  impl.RaftServerImpl (RaftServerImpl.java:setRole(184)) - 46069bd9-45fc-4c82-823c-36f07a1bcff0@group-28ACFA97060E: changes role from  FOLLOWER to FOLLOWER at term 10 for recognizeCandidate:bc0bc980-c963-48ce-962e-85091c893131
2019-10-16 20:41:58,780 [grpc-default-executor-0] INFO  impl.RoleInfo (RoleInfo.java:shutdownFollowerState(121)) - d612b743-bedc-4c3f-983e-e3329f8a2e6f: shutdown FollowerState
2019-10-16 20:41:58,780 [grpc-default-executor-2] INFO  impl.RoleInfo (RoleInfo.java:shutdownFollowerState(121)) - 46069bd9-45fc-4c82-823c-36f07a1bcff0: shutdown FollowerState
2019-10-16 20:41:58,780 [Thread-862] INFO  impl.FollowerState (FollowerState.java:run(117)) - d612b743-bedc-4c3f-983e-e3329f8a2e6f@group-28ACFA97060E-FollowerState was interrupted: java.lang.InterruptedException: sleep interrupted
2019-10-16 20:41:58,780 [grpc-default-executor-0] INFO  impl.RoleInfo (RoleInfo.java:updateAndGet(143)) - d612b743-bedc-4c3f-983e-e3329f8a2e6f: start FollowerState
2019-10-16 20:41:58,780 [grpc-default-executor-2] INFO  impl.RoleInfo (RoleInfo.java:updateAndGet(143)) - 46069bd9-45fc-4c82-823c-36f07a1bcff0: start FollowerState
2019-10-16 20:41:58,780 [Thread-863] INFO  impl.FollowerState (FollowerState.java:run(117)) - 46069bd9-45fc-4c82-823c-36f07a1bcff0@group-28ACFA97060E-FollowerState was interrupted: java.lang.InterruptedException: sleep interrupted
2019-10-16 20:41:58,830 [bc0bc980-c963-48ce-962e-85091c893131@group-28ACFA97060E-LeaderElection47] INFO  impl.LeaderElection (LeaderElection.java:logAndReturn(56)) - bc0bc980-c963-48ce-962e-85091c893131@group-28ACFA97060E-LeaderElection47: Election REJECTED; received 2 response(s) [bc0bc980-c963-48ce-962e-85091c893131<-46069bd9-45fc-4c82-823c-36f07a1bcff0#0:FAIL-t10, bc0bc980-c963-48ce-962e-85091c893131<-d612b743-bedc-4c3f-983e-e3329f8a2e6f#0:FAIL-t10] and 0 exception(s); bc0bc980-c963-48ce-962e-85091c893131@group-28ACFA97060E:t10, leader=null, voted=bc0bc980-c963-48ce-962e-85091c893131, raftlog=bc0bc980-c963-48ce-962e-85091c893131@group-28ACFA97060E-SegmentedRaftLog:OPENED:c-1,f-1,i0, conf=-1: [46069bd9-45fc-4c82-823c-36f07a1bcff0:192.168.157.254:34001, bc0bc980-c963-48ce-962e-85091c893131:192.168.157.254:46787, d612b743-bedc-4c3f-983e-e3329f8a2e6f:192.168.157.254:44523], old=null
2019-10-16 20:41:58,830 [bc0bc980-c963-48ce-962e-85091c893131@group-28ACFA97060E-LeaderElection47] INFO  impl.RaftServerImpl (RaftServerImpl.java:setRole(184)) - bc0bc980-c963-48ce-962e-85091c893131@group-28ACFA97060E: changes role from CANDIDATE to FOLLOWER at term 10 for DISCOVERED_A_NEW_TERM
2019-10-16 20:41:58,830 [bc0bc980-c963-48ce-962e-85091c893131@group-28ACFA97060E-LeaderElection47] INFO  impl.RoleInfo (RoleInfo.java:shutdownLeaderElection(134)) - bc0bc980-c963-48ce-962e-85091c893131: shutdown LeaderElection
2019-10-16 20:41:58,830 [bc0bc980-c963-48ce-962e-85091c893131@group-28ACFA97060E-LeaderElection47] INFO  impl.RoleInfo (RoleInfo.java:updateAndGet(143)) - bc0bc980-c963-48ce-962e-85091c893131: start FollowerState
2019-10-16 20:41:58,975 [Thread-870] INFO  impl.FollowerState (FollowerState.java:run(108)) - bc0bc980-c963-48ce-962e-85091c893131@group-28ACFA97060E-FollowerState: change to CANDIDATE, lastRpcTime:144ms, electionTimeout:144ms
2019-10-16 20:41:58,975 [Thread-870] INFO  impl.RoleInfo (RoleInfo.java:shutdownFollowerState(121)) - bc0bc980-c963-48ce-962e-85091c893131: shutdown FollowerState
2019-10-16 20:41:58,975 [Thread-870] INFO  impl.RaftServerImpl (RaftServerImpl.java:setRole(184)) - bc0bc980-c963-48ce-962e-85091c893131@group-28ACFA97060E: changes role from  FOLLOWER to CANDIDATE at term 10 for changeToCandidate
2019-10-16 20:41:58,975 [Thread-870] INFO  impl.RoleInfo (RoleInfo.java:updateAndGet(143)) - bc0bc980-c963-48ce-962e-85091c893131: start LeaderElection
2019-10-16 20:41:58,989 [bc0bc980-c963-48ce-962e-85091c893131@group-28ACFA97060E-LeaderElection48] INFO  impl.LeaderElection (LeaderElection.java:askForVotes(178)) - bc0bc980-c963-48ce-962e-85091c893131@group-28ACFA97060E-LeaderElection48: begin an election at term 11 for -1: [46069bd9-45fc-4c82-823c-36f07a1bcff0:192.168.157.254:34001, bc0bc980-c963-48ce-962e-85091c893131:192.168.157.254:46787, d612b743-bedc-4c3f-983e-e3329f8a2e6f:192.168.157.254:44523], old=null
2019-10-16 20:41:58,993 [grpc-default-executor-0] INFO  impl.RaftServerImpl (RaftServerImpl.java:setRole(184)) - d612b743-bedc-4c3f-983e-e3329f8a2e6f@group-28ACFA97060E: changes role from  FOLLOWER to FOLLOWER at term 11 for recognizeCandidate:bc0bc980-c963-48ce-962e-85091c893131
2019-10-16 20:41:58,993 [grpc-default-executor-2] INFO  impl.RaftServerImpl (RaftServerImpl.java:setRole(184)) - 46069bd9-45fc-4c82-823c-36f07a1bcff0@group-28ACFA97060E: changes role from  FOLLOWER to FOLLOWER at term 11 for recognizeCandidate:bc0bc980-c963-48ce-962e-85091c893131
2019-10-16 20:41:58,993 [grpc-default-executor-0] INFO  impl.RoleInfo (RoleInfo.java:shutdownFollowerState(121)) - d612b743-bedc-4c3f-983e-e3329f8a2e6f: shutdown FollowerState
2019-10-16 20:41:58,993 [grpc-default-executor-2] INFO  impl.RoleInfo (RoleInfo.java:shutdownFollowerState(121)) - 46069bd9-45fc-4c82-823c-36f07a1bcff0: shutdown FollowerState
2019-10-16 20:41:58,993 [Thread-868] INFO  impl.FollowerState (FollowerState.java:run(117)) - d612b743-bedc-4c3f-983e-e3329f8a2e6f@group-28ACFA97060E-FollowerState was interrupted: java.lang.InterruptedException: sleep interrupted
2019-10-16 20:41:58,993 [grpc-default-executor-0] INFO  impl.RoleInfo (RoleInfo.java:updateAndGet(143)) - d612b743-bedc-4c3f-983e-e3329f8a2e6f: start FollowerState
2019-10-16 20:41:58,993 [Thread-869] INFO  impl.FollowerState (FollowerState.java:run(117)) - 46069bd9-45fc-4c82-823c-36f07a1bcff0@group-28ACFA97060E-FollowerState was interrupted: java.lang.InterruptedException: sleep interrupted
2019-10-16 20:41:58,993 [grpc-default-executor-2] INFO  impl.RoleInfo (RoleInfo.java:updateAndGet(143)) - 46069bd9-45fc-4c82-823c-36f07a1bcff0: start FollowerState
2019-10-16 20:41:59,010 [bc0bc980-c963-48ce-962e-85091c893131@group-28ACFA97060E-LeaderElection48] INFO  impl.LeaderElection (LeaderElection.java:logAndReturn(56)) - bc0bc980-c963-48ce-962e-85091c893131@group-28ACFA97060E-LeaderElection48: Election REJECTED; received 2 response(s) [bc0bc980-c963-48ce-962e-85091c893131<-46069bd9-45fc-4c82-823c-36f07a1bcff0#0:FAIL-t11, bc0bc980-c963-48ce-962e-85091c893131<-d612b743-bedc-4c3f-983e-e3329f8a2e6f#0:FAIL-t11] and 0 exception(s); bc0bc980-c963-48ce-962e-85091c893131@group-28ACFA97060E:t11, leader=null, voted=bc0bc980-c963-48ce-962e-85091c893131, raftlog=bc0bc980-c963-48ce-962e-85091c893131@group-28ACFA97060E-SegmentedRaftLog:OPENED:c-1,f-1,i0, conf=-1: [46069bd9-45fc-4c82-823c-36f07a1bcff0:192.168.157.254:34001, bc0bc980-c963-48ce-962e-85091c893131:192.168.157.254:46787, d612b743-bedc-4c3f-983e-e3329f8a2e6f:192.168.157.254:44523], old=null
2019-10-16 20:41:59,011 [bc0bc980-c963-48ce-962e-85091c893131@group-28ACFA97060E-LeaderElection48] INFO  impl.RaftServerImpl (RaftServerImpl.java:setRole(184)) - bc0bc980-c963-48ce-962e-85091c893131@group-28ACFA97060E: changes role from CANDIDATE to FOLLOWER at term 11 for DISCOVERED_A_NEW_TERM
2019-10-16 20:41:59,011 [bc0bc980-c963-48ce-962e-85091c893131@group-28ACFA97060E-LeaderElection48] INFO  impl.RoleInfo (RoleInfo.java:shutdownLeaderElection(134)) - bc0bc980-c963-48ce-962e-85091c893131: shutdown LeaderElection
2019-10-16 20:41:59,011 [bc0bc980-c963-48ce-962e-85091c893131@group-28ACFA97060E-LeaderElection48] INFO  impl.RoleInfo (RoleInfo.java:updateAndGet(143)) - bc0bc980-c963-48ce-962e-85091c893131: start FollowerState
2019-10-16 20:41:59,175 [Thread-876] INFO  impl.FollowerState (FollowerState.java:run(108)) - bc0bc980-c963-48ce-962e-85091c893131@group-28ACFA97060E-FollowerState: change to CANDIDATE, lastRpcTime:163ms, electionTimeout:163ms
2019-10-16 20:41:59,175 [Thread-876] INFO  impl.RoleInfo (RoleInfo.java:shutdownFollowerState(121)) - bc0bc980-c963-48ce-962e-85091c893131: shutdown FollowerState
2019-10-16 20:41:59,175 [Thread-876] INFO  impl.RaftServerImpl (RaftServerImpl.java:setRole(184)) - bc0bc980-c963-48ce-962e-85091c893131@group-28ACFA97060E: changes role from  FOLLOWER to CANDIDATE at term 11 for changeToCandidate
2019-10-16 20:41:59,175 [Thread-876] INFO  impl.RoleInfo (RoleInfo.java:updateAndGet(143)) - bc0bc980-c963-48ce-962e-85091c893131: start LeaderElection
2019-10-16 20:41:59,190 [bc0bc980-c963-48ce-962e-85091c893131@group-28ACFA97060E-LeaderElection49] INFO  impl.LeaderElection (LeaderElection.java:askForVotes(178)) - bc0bc980-c963-48ce-962e-85091c893131@group-28ACFA97060E-LeaderElection49: begin an election at term 12 for -1: [46069bd9-45fc-4c82-823c-36f07a1bcff0:192.168.157.254:34001, bc0bc980-c963-48ce-962e-85091c893131:192.168.157.254:46787, d612b743-bedc-4c3f-983e-e3329f8a2e6f:192.168.157.254:44523], old=null
2019-10-16 20:41:59,193 [grpc-default-executor-0] INFO  impl.RaftServerImpl (RaftServerImpl.java:setRole(184)) - 46069bd9-45fc-4c82-823c-36f07a1bcff0@group-28ACFA97060E: changes role from  FOLLOWER to FOLLOWER at term 12 for recognizeCandidate:bc0bc980-c963-48ce-962e-85091c893131
2019-10-16 20:41:59,193 [grpc-default-executor-0] INFO  impl.RoleInfo (RoleInfo.java:shutdownFollowerState(121)) - 46069bd9-45fc-4c82-823c-36f07a1bcff0: shutdown FollowerState
2019-10-16 20:41:59,193 [grpc-default-executor-2] INFO  impl.RaftServerImpl (RaftServerImpl.java:setRole(184)) - d612b743-bedc-4c3f-983e-e3329f8a2e6f@group-28ACFA97060E: changes role from  FOLLOWER to FOLLOWER at term 12 for recognizeCandidate:bc0bc980-c963-48ce-962e-85091c893131
2019-10-16 20:41:59,194 [grpc-default-executor-2] INFO  impl.RoleInfo (RoleInfo.java:shutdownFollowerState(121)) - d612b743-bedc-4c3f-983e-e3329f8a2e6f: shutdown FollowerState
2019-10-16 20:41:59,193 [Thread-875] INFO  impl.FollowerState (FollowerState.java:run(117)) - 46069bd9-45fc-4c82-823c-36f07a1bcff0@group-28ACFA97060E-FollowerState was interrupted: java.lang.InterruptedException: sleep interrupted
2019-10-16 20:41:59,193 [grpc-default-executor-0] INFO  impl.RoleInfo (RoleInfo.java:updateAndGet(143)) - 46069bd9-45fc-4c82-823c-36f07a1bcff0: start FollowerState
2019-10-16 20:41:59,194 [Thread-874] INFO  impl.FollowerState (FollowerState.java:run(117)) - d612b743-bedc-4c3f-983e-e3329f8a2e6f@group-28ACFA97060E-FollowerState was interrupted: java.lang.InterruptedException: sleep interrupted
2019-10-16 20:41:59,194 [grpc-default-executor-2] INFO  impl.RoleInfo (RoleInfo.java:updateAndGet(143)) - d612b743-bedc-4c3f-983e-e3329f8a2e6f: start FollowerState
2019-10-16 20:41:59,212 [bc0bc980-c963-48ce-962e-85091c893131@group-28ACFA97060E-LeaderElection49] INFO  impl.LeaderElection (LeaderElection.java:logAndReturn(56)) - bc0bc980-c963-48ce-962e-85091c893131@group-28ACFA97060E-LeaderElection49: Election REJECTED; received 2 response(s) [bc0bc980-c963-48ce-962e-85091c893131<-46069bd9-45fc-4c82-823c-36f07a1bcff0#0:FAIL-t12, bc0bc980-c963-48ce-962e-85091c893131<-d612b743-bedc-4c3f-983e-e3329f8a2e6f#0:FAIL-t12] and 0 exception(s); bc0bc980-c963-48ce-962e-85091c893131@group-28ACFA97060E:t12, leader=null, voted=bc0bc980-c963-48ce-962e-85091c893131, raftlog=bc0bc980-c963-48ce-962e-85091c893131@group-28ACFA97060E-SegmentedRaftLog:OPENED:c-1,f-1,i0, conf=-1: [46069bd9-45fc-4c82-823c-36f07a1bcff0:192.168.157.254:34001, bc0bc980-c963-48ce-962e-85091c893131:192.168.157.254:46787, d612b743-bedc-4c3f-983e-e3329f8a2e6f:192.168.157.254:44523], old=null
2019-10-16 20:41:59,213 [bc0bc980-c963-48ce-962e-85091c893131@group-28ACFA97060E-LeaderElection49] INFO  impl.RaftServerImpl (RaftServerImpl.java:setRole(184)) - bc0bc980-c963-48ce-962e-85091c893131@group-28ACFA97060E: changes role from CANDIDATE to FOLLOWER at term 12 for DISCOVERED_A_NEW_TERM
2019-10-16 20:41:59,213 [bc0bc980-c963-48ce-962e-85091c893131@group-28ACFA97060E-LeaderElection49] INFO  impl.RoleInfo (RoleInfo.java:shutdownLeaderElection(134)) - bc0bc980-c963-48ce-962e-85091c893131: shutdown LeaderElection
2019-10-16 20:41:59,213 [bc0bc980-c963-48ce-962e-85091c893131@group-28ACFA97060E-LeaderElection49] INFO  impl.RoleInfo (RoleInfo.java:updateAndGet(143)) - bc0bc980-c963-48ce-962e-85091c893131: start FollowerState
2019-10-16 20:41:59,302 [Thread-882] INFO  impl.FollowerState (FollowerState.java:run(108)) - bc0bc980-c963-48ce-962e-85091c893131@group-28ACFA97060E-FollowerState: change to CANDIDATE, lastRpcTime:89ms, electionTimeout:89ms
2019-10-16 20:41:59,302 [Thread-882] INFO  impl.RoleInfo (RoleInfo.java:shutdownFollowerState(121)) - bc0bc980-c963-48ce-962e-85091c893131: shutdown FollowerState
2019-10-16 20:41:59,303 [Thread-882] INFO  impl.RaftServerImpl (RaftServerImpl.java:setRole(184)) - bc0bc980-c963-48ce-962e-85091c893131@group-28ACFA97060E: changes role from  FOLLOWER to CANDIDATE at term 12 for changeToCandidate
2019-10-16 20:41:59,303 [Thread-882] INFO  impl.RoleInfo (RoleInfo.java:updateAndGet(143)) - bc0bc980-c963-48ce-962e-85091c893131: start LeaderElection
2019-10-16 20:41:59,317 [bc0bc980-c963-48ce-962e-85091c893131@group-28ACFA97060E-LeaderElection50] INFO  impl.LeaderElection (LeaderElection.java:askForVotes(178)) - bc0bc980-c963-48ce-962e-85091c893131@group-28ACFA97060E-LeaderElection50: begin an election at term 13 for -1: [46069bd9-45fc-4c82-823c-36f07a1bcff0:192.168.157.254:34001, bc0bc980-c963-48ce-962e-85091c893131:192.168.157.254:46787, d612b743-bedc-4c3f-983e-e3329f8a2e6f:192.168.157.254:44523], old=null
2019-10-16 20:41:59,320 [grpc-default-executor-2] INFO  impl.RaftServerImpl (RaftServerImpl.java:setRole(184)) - 46069bd9-45fc-4c82-823c-36f07a1bcff0@group-28ACFA97060E: changes role from  FOLLOWER to FOLLOWER at term 13 for recognizeCandidate:bc0bc980-c963-48ce-962e-85091c893131
2019-10-16 20:41:59,320 [grpc-default-executor-0] INFO  impl.RaftServerImpl (RaftServerImpl.java:setRole(184)) - d612b743-bedc-4c3f-983e-e3329f8a2e6f@group-28ACFA97060E: changes role from  FOLLOWER to FOLLOWER at term 13 for recognizeCandidate:bc0bc980-c963-48ce-962e-85091c893131
2019-10-16 20:41:59,320 [grpc-default-executor-2] INFO  impl.RoleInfo (RoleInfo.java:shutdownFollowerState(121)) - 46069bd9-45fc-4c82-823c-36f07a1bcff0: shutdown FollowerState
2019-10-16 20:41:59,320 [grpc-default-executor-0] INFO  impl.RoleInfo (RoleInfo.java:shutdownFollowerState(121)) - d612b743-bedc-4c3f-983e-e3329f8a2e6f: shutdown FollowerState
2019-10-16 20:41:59,320 [grpc-default-executor-2] INFO  impl.RoleInfo (RoleInfo.java:updateAndGet(143)) - 46069bd9-45fc-4c82-823c-36f07a1bcff0: start FollowerState
2019-10-16 20:41:59,320 [Thread-880] INFO  impl.FollowerState (FollowerState.java:run(117)) - 46069bd9-45fc-4c82-823c-36f07a1bcff0@group-28ACFA97060E-FollowerState was interrupted: java.lang.InterruptedException: sleep interrupted
2019-10-16 20:41:59,320 [Thread-881] INFO  impl.FollowerState (FollowerState.java:run(117)) - d612b743-bedc-4c3f-983e-e3329f8a2e6f@group-28ACFA97060E-FollowerState was interrupted: java.lang.InterruptedException: sleep interrupted
2019-10-16 20:41:59,320 [grpc-default-executor-0] INFO  impl.RoleInfo (RoleInfo.java:updateAndGet(143)) - d612b743-bedc-4c3f-983e-e3329f8a2e6f: start FollowerState
2019-10-16 20:41:59,411 [bc0bc980-c963-48ce-962e-85091c893131@group-28ACFA97060E-LeaderElection50] INFO  impl.LeaderElection (LeaderElection.java:logAndReturn(56)) - bc0bc980-c963-48ce-962e-85091c893131@group-28ACFA97060E-LeaderElection50: Election REJECTED; received 2 response(s) [bc0bc980-c963-48ce-962e-85091c893131<-46069bd9-45fc-4c82-823c-36f07a1bcff0#0:FAIL-t13, bc0bc980-c963-48ce-962e-85091c893131<-d612b743-bedc-4c3f-983e-e3329f8a2e6f#0:FAIL-t13] and 0 exception(s); bc0bc980-c963-48ce-962e-85091c893131@group-28ACFA97060E:t13, leader=null, voted=bc0bc980-c963-48ce-962e-85091c893131, raftlog=bc0bc980-c963-48ce-962e-85091c893131@group-28ACFA97060E-SegmentedRaftLog:OPENED:c-1,f-1,i0, conf=-1: [46069bd9-45fc-4c82-823c-36f07a1bcff0:192.168.157.254:34001, bc0bc980-c963-48ce-962e-85091c893131:192.168.157.254:46787, d612b743-bedc-4c3f-983e-e3329f8a2e6f:192.168.157.254:44523], old=null
2019-10-16 20:41:59,411 [bc0bc980-c963-48ce-962e-85091c893131@group-28ACFA97060E-LeaderElection50] INFO  impl.RaftServerImpl (RaftServerImpl.java:setRole(184)) - bc0bc980-c963-48ce-962e-85091c893131@group-28ACFA97060E: changes role from CANDIDATE to FOLLOWER at term 13 for DISCOVERED_A_NEW_TERM
2019-10-16 20:41:59,411 [bc0bc980-c963-48ce-962e-85091c893131@group-28ACFA97060E-LeaderElection50] INFO  impl.RoleInfo (RoleInfo.java:shutdownLeaderElection(134)) - bc0bc980-c963-48ce-962e-85091c893131: shutdown LeaderElection
2019-10-16 20:41:59,411 [bc0bc980-c963-48ce-962e-85091c893131@group-28ACFA97060E-LeaderElection50] INFO  impl.RoleInfo (RoleInfo.java:updateAndGet(143)) - bc0bc980-c963-48ce-962e-85091c893131: start FollowerState
2019-10-16 20:41:59,440 [Thread-888] INFO  impl.FollowerState (FollowerState.java:run(108)) - bc0bc980-c963-48ce-962e-85091c893131@group-28ACFA97060E-FollowerState: change to CANDIDATE, lastRpcTime:28ms, electionTimeout:28ms
2019-10-16 20:41:59,440 [Thread-888] INFO  impl.RoleInfo (RoleInfo.java:shutdownFollowerState(121)) - bc0bc980-c963-48ce-962e-85091c893131: shutdown FollowerState
2019-10-16 20:41:59,440 [Thread-888] INFO  impl.RaftServerImpl (RaftServerImpl.java:setRole(184)) - bc0bc980-c963-48ce-962e-85091c893131@group-28ACFA97060E: changes role from  FOLLOWER to CANDIDATE at term 13 for changeToCandidate
2019-10-16 20:41:59,440 [Thread-888] INFO  impl.RoleInfo (RoleInfo.java:updateAndGet(143)) - bc0bc980-c963-48ce-962e-85091c893131: start LeaderElection
2019-10-16 20:41:59,454 [bc0bc980-c963-48ce-962e-85091c893131@group-28ACFA97060E-LeaderElection51] INFO  impl.LeaderElection (LeaderElection.java:askForVotes(178)) - bc0bc980-c963-48ce-962e-85091c893131@group-28ACFA97060E-LeaderElection51: begin an election at term 14 for -1: [46069bd9-45fc-4c82-823c-36f07a1bcff0:192.168.157.254:34001, bc0bc980-c963-48ce-962e-85091c893131:192.168.157.254:46787, d612b743-bedc-4c3f-983e-e3329f8a2e6f:192.168.157.254:44523], old=null
2019-10-16 20:41:59,457 [grpc-default-executor-2] INFO  impl.RaftServerImpl (RaftServerImpl.java:setRole(184)) - 46069bd9-45fc-4c82-823c-36f07a1bcff0@group-28ACFA97060E: changes role from  FOLLOWER to FOLLOWER at term 14 for recognizeCandidate:bc0bc980-c963-48ce-962e-85091c893131
2019-10-16 20:41:59,457 [grpc-default-executor-2] INFO  impl.RoleInfo (RoleInfo.java:shutdownFollowerState(121)) - 46069bd9-45fc-4c82-823c-36f07a1bcff0: shutdown FollowerState
2019-10-16 20:41:59,458 [grpc-default-executor-0] INFO  impl.RaftServerImpl (RaftServerImpl.java:setRole(184)) - d612b743-bedc-4c3f-983e-e3329f8a2e6f@group-28ACFA97060E: changes role from  FOLLOWER to FOLLOWER at term 14 for recognizeCandidate:bc0bc980-c963-48ce-962e-85091c893131
2019-10-16 20:41:59,458 [Thread-886] INFO  impl.FollowerState (FollowerState.java:run(117)) - 46069bd9-45fc-4c82-823c-36f07a1bcff0@group-28ACFA97060E-FollowerState was interrupted: java.lang.InterruptedException: sleep interrupted
2019-10-16 20:41:59,458 [grpc-default-executor-2] INFO  impl.RoleInfo (RoleInfo.java:updateAndGet(143)) - 46069bd9-45fc-4c82-823c-36f07a1bcff0: start FollowerState
2019-10-16 20:41:59,458 [grpc-default-executor-0] INFO  impl.RoleInfo (RoleInfo.java:shutdownFollowerState(121)) - d612b743-bedc-4c3f-983e-e3329f8a2e6f: shutdown FollowerState
2019-10-16 20:41:59,458 [grpc-default-executor-0] INFO  impl.RoleInfo (RoleInfo.java:updateAndGet(143)) - d612b743-bedc-4c3f-983e-e3329f8a2e6f: start FollowerState
2019-10-16 20:41:59,458 [Thread-887] INFO  impl.FollowerState (FollowerState.java:run(117)) - d612b743-bedc-4c3f-983e-e3329f8a2e6f@group-28ACFA97060E-FollowerState was interrupted: java.lang.InterruptedException: sleep interrupted
2019-10-16 20:41:59,474 [bc0bc980-c963-48ce-962e-85091c893131@group-28ACFA97060E-LeaderElection51] INFO  impl.LeaderElection (LeaderElection.java:logAndReturn(56)) - bc0bc980-c963-48ce-962e-85091c893131@group-28ACFA97060E-LeaderElection51: Election REJECTED; received 2 response(s) [bc0bc980-c963-48ce-962e-85091c893131<-46069bd9-45fc-4c82-823c-36f07a1bcff0#0:FAIL-t14, bc0bc980-c963-48ce-962e-85091c893131<-d612b743-bedc-4c3f-983e-e3329f8a2e6f#0:FAIL-t14] and 0 exception(s); bc0bc980-c963-48ce-962e-85091c893131@group-28ACFA97060E:t14, leader=null, voted=bc0bc980-c963-48ce-962e-85091c893131, raftlog=bc0bc980-c963-48ce-962e-85091c893131@group-28ACFA97060E-SegmentedRaftLog:OPENED:c-1,f-1,i0, conf=-1: [46069bd9-45fc-4c82-823c-36f07a1bcff0:192.168.157.254:34001, bc0bc980-c963-48ce-962e-85091c893131:192.168.157.254:46787, d612b743-bedc-4c3f-983e-e3329f8a2e6f:192.168.157.254:44523], old=null
2019-10-16 20:41:59,474 [bc0bc980-c963-48ce-962e-85091c893131@group-28ACFA97060E-LeaderElection51] INFO  impl.RaftServerImpl (RaftServerImpl.java:setRole(184)) - bc0bc980-c963-48ce-962e-85091c893131@group-28ACFA97060E: changes role from CANDIDATE to FOLLOWER at term 14 for DISCOVERED_A_NEW_TERM
2019-10-16 20:41:59,474 [bc0bc980-c963-48ce-962e-85091c893131@group-28ACFA97060E-LeaderElection51] INFO  impl.RoleInfo (RoleInfo.java:shutdownLeaderElection(134)) - bc0bc980-c963-48ce-962e-85091c893131: shutdown LeaderElection
2019-10-16 20:41:59,474 [bc0bc980-c963-48ce-962e-85091c893131@group-28ACFA97060E-LeaderElection51] INFO  impl.RoleInfo (RoleInfo.java:updateAndGet(143)) - bc0bc980-c963-48ce-962e-85091c893131: start FollowerState
2019-10-16 20:41:59,674 [Thread-894] INFO  impl.FollowerState (FollowerState.java:run(108)) - bc0bc980-c963-48ce-962e-85091c893131@group-28ACFA97060E-FollowerState: change to CANDIDATE, lastRpcTime:199ms, electionTimeout:199ms
2019-10-16 20:41:59,674 [Thread-894] INFO  impl.RoleInfo (RoleInfo.java:shutdownFollowerState(121)) - bc0bc980-c963-48ce-962e-85091c893131: shutdown FollowerState
2019-10-16 20:41:59,674 [Thread-894] INFO  impl.RaftServerImpl (RaftServerImpl.java:setRole(184)) - bc0bc980-c963-48ce-962e-85091c893131@group-28ACFA97060E: changes role from  FOLLOWER to CANDIDATE at term 14 for changeToCandidate
2019-10-16 20:41:59,675 [Thread-894] INFO  impl.RoleInfo (RoleInfo.java:updateAndGet(143)) - bc0bc980-c963-48ce-962e-85091c893131: start LeaderElection
2019-10-16 20:41:59,690 [bc0bc980-c963-48ce-962e-85091c893131@group-28ACFA97060E-LeaderElection52] INFO  impl.LeaderElection (LeaderElection.java:askForVotes(178)) - bc0bc980-c963-48ce-962e-85091c893131@group-28ACFA97060E-LeaderElection52: begin an election at term 15 for -1: [46069bd9-45fc-4c82-823c-36f07a1bcff0:192.168.157.254:34001, bc0bc980-c963-48ce-962e-85091c893131:192.168.157.254:46787, d612b743-bedc-4c3f-983e-e3329f8a2e6f:192.168.157.254:44523], old=null
2019-10-16 20:41:59,693 [grpc-default-executor-2] INFO  impl.RaftServerImpl (RaftServerImpl.java:setRole(184)) - 46069bd9-45fc-4c82-823c-36f07a1bcff0@group-28ACFA97060E: changes role from  FOLLOWER to FOLLOWER at term 15 for recognizeCandidate:bc0bc980-c963-48ce-962e-85091c893131
2019-10-16 20:41:59,693 [grpc-default-executor-0] INFO  impl.RaftServerImpl (RaftServerImpl.java:setRole(184)) - d612b743-bedc-4c3f-983e-e3329f8a2e6f@group-28ACFA97060E: changes role from  FOLLOWER to FOLLOWER at term 15 for recognizeCandidate:bc0bc980-c963-48ce-962e-85091c893131
2019-10-16 20:41:59,693 [grpc-default-executor-2] INFO  impl.RoleInfo (RoleInfo.java:shutdownFollowerState(121)) - 46069bd9-45fc-4c82-823c-36f07a1bcff0: shutdown FollowerState
2019-10-16 20:41:59,693 [grpc-default-executor-0] INFO  impl.RoleInfo (RoleInfo.java:shutdownFollowerState(121)) - d612b743-bedc-4c3f-983e-e3329f8a2e6f: shutdown FollowerState
2019-10-16 20:41:59,693 [grpc-default-executor-2] INFO  impl.RoleInfo (RoleInfo.java:updateAndGet(143)) - 46069bd9-45fc-4c82-823c-36f07a1bcff0: start FollowerState
2019-10-16 20:41:59,693 [Thread-893] INFO  impl.FollowerState (FollowerState.java:run(117)) - d612b743-bedc-4c3f-983e-e3329f8a2e6f@group-28ACFA97060E-FollowerState was interrupted: java.lang.InterruptedException: sleep interrupted
2019-10-16 20:41:59,693 [grpc-default-executor-0] INFO  impl.RoleInfo (RoleInfo.java:updateAndGet(143)) - d612b743-bedc-4c3f-983e-e3329f8a2e6f: start FollowerState
2019-10-16 20:41:59,693 [Thread-892] INFO  impl.FollowerState (FollowerState.java:run(117)) - 46069bd9-45fc-4c82-823c-36f07a1bcff0@group-28ACFA97060E-FollowerState was interrupted: java.lang.InterruptedException: sleep interrupted
2019-10-16 20:41:59,706 [bc0bc980-c963-48ce-962e-85091c893131@group-28ACFA97060E-LeaderElection52] INFO  impl.LeaderElection (LeaderElection.java:logAndReturn(56)) - bc0bc980-c963-48ce-962e-85091c893131@group-28ACFA97060E-LeaderElection52: Election TIMEOUT; received 0 response(s) [] and 0 exception(s); bc0bc980-c963-48ce-962e-85091c893131@group-28ACFA97060E:t15, leader=null, voted=bc0bc980-c963-48ce-962e-85091c893131, raftlog=bc0bc980-c963-48ce-962e-85091c893131@group-28ACFA97060E-SegmentedRaftLog:OPENED:c-1,f-1,i0, conf=-1: [46069bd9-45fc-4c82-823c-36f07a1bcff0:192.168.157.254:34001, bc0bc980-c963-48ce-962e-85091c893131:192.168.157.254:46787, d612b743-bedc-4c3f-983e-e3329f8a2e6f:192.168.157.254:44523], old=null
2019-10-16 20:41:59,711 [bc0bc980-c963-48ce-962e-85091c893131@group-28ACFA97060E-LeaderElection52] INFO  impl.LeaderElection (LeaderElection.java:askForVotes(178)) - bc0bc980-c963-48ce-962e-85091c893131@group-28ACFA97060E-LeaderElection52: begin an election at term 16 for -1: [46069bd9-45fc-4c82-823c-36f07a1bcff0:192.168.157.254:34001, bc0bc980-c963-48ce-962e-85091c893131:192.168.157.254:46787, d612b743-bedc-4c3f-983e-e3329f8a2e6f:192.168.157.254:44523], old=null
2019-10-16 20:41:59,713 [grpc-default-executor-0] INFO  impl.RaftServerImpl (RaftServerImpl.java:setRole(184)) - 46069bd9-45fc-4c82-823c-36f07a1bcff0@group-28ACFA97060E: changes role from  FOLLOWER to FOLLOWER at term 16 for recognizeCandidate:bc0bc980-c963-48ce-962e-85091c893131
2019-10-16 20:41:59,713 [grpc-default-executor-0] INFO  impl.RoleInfo (RoleInfo.java:shutdownFollowerState(121)) - 46069bd9-45fc-4c82-823c-36f07a1bcff0: shutdown FollowerState
2019-10-16 20:41:59,713 [grpc-default-executor-2] INFO  impl.RaftServerImpl (RaftServerImpl.java:setRole(184)) - d612b743-bedc-4c3f-983e-e3329f8a2e6f@group-28ACFA97060E: changes role from  FOLLOWER to FOLLOWER at term 16 for recognizeCandidate:bc0bc980-c963-48ce-962e-85091c893131
2019-10-16 20:41:59,713 [Thread-898] INFO  impl.FollowerState (FollowerState.java:run(117)) - 46069bd9-45fc-4c82-823c-36f07a1bcff0@group-28ACFA97060E-FollowerState was interrupted: java.lang.InterruptedException: sleep interrupted
2019-10-16 20:41:59,713 [grpc-default-executor-0] INFO  impl.RoleInfo (RoleInfo.java:updateAndGet(143)) - 46069bd9-45fc-4c82-823c-36f07a1bcff0: start FollowerState
2019-10-16 20:41:59,713 [grpc-default-executor-2] INFO  impl.RoleInfo (RoleInfo.java:shutdownFollowerState(121)) - d612b743-bedc-4c3f-983e-e3329f8a2e6f: shutdown FollowerState
2019-10-16 20:41:59,714 [grpc-default-executor-2] INFO  impl.RoleInfo (RoleInfo.java:updateAndGet(143)) - d612b743-bedc-4c3f-983e-e3329f8a2e6f: start FollowerState
2019-10-16 20:41:59,714 [Thread-899] INFO  impl.FollowerState (FollowerState.java:run(117)) - d612b743-bedc-4c3f-983e-e3329f8a2e6f@group-28ACFA97060E-FollowerState was interrupted: java.lang.InterruptedException: sleep interrupted
2019-10-16 20:41:59,734 [bc0bc980-c963-48ce-962e-85091c893131@group-28ACFA97060E-LeaderElection52] INFO  impl.LeaderElection (LeaderElection.java:logAndReturn(56)) - bc0bc980-c963-48ce-962e-85091c893131@group-28ACFA97060E-LeaderElection52: Election REJECTED; received 2 response(s) [bc0bc980-c963-48ce-962e-85091c893131<-46069bd9-45fc-4c82-823c-36f07a1bcff0#0:FAIL-t16, bc0bc980-c963-48ce-962e-85091c893131<-d612b743-bedc-4c3f-983e-e3329f8a2e6f#0:FAIL-t16] and 0 exception(s); bc0bc980-c963-48ce-962e-85091c893131@group-28ACFA97060E:t16, leader=null, voted=bc0bc980-c963-48ce-962e-85091c893131, raftlog=bc0bc980-c963-48ce-962e-85091c893131@group-28ACFA97060E-SegmentedRaftLog:OPENED:c-1,f-1,i0, conf=-1: [46069bd9-45fc-4c82-823c-36f07a1bcff0:192.168.157.254:34001, bc0bc980-c963-48ce-962e-85091c893131:192.168.157.254:46787, d612b743-bedc-4c3f-983e-e3329f8a2e6f:192.168.157.254:44523], old=null
2019-10-16 20:41:59,734 [bc0bc980-c963-48ce-962e-85091c893131@group-28ACFA97060E-LeaderElection52] INFO  impl.RaftServerImpl (RaftServerImpl.java:setRole(184)) - bc0bc980-c963-48ce-962e-85091c893131@group-28ACFA97060E: changes role from CANDIDATE to FOLLOWER at term 16 for DISCOVERED_A_NEW_TERM
2019-10-16 20:41:59,734 [bc0bc980-c963-48ce-962e-85091c893131@group-28ACFA97060E-LeaderElection52] INFO  impl.RoleInfo (RoleInfo.java:shutdownLeaderElection(134)) - bc0bc980-c963-48ce-962e-85091c893131: shutdown LeaderElection
2019-10-16 20:41:59,734 [bc0bc980-c963-48ce-962e-85091c893131@group-28ACFA97060E-LeaderElection52] INFO  impl.RoleInfo (RoleInfo.java:updateAndGet(143)) - bc0bc980-c963-48ce-962e-85091c893131: start FollowerState
2019-10-16 20:41:59,830 [Thread-904] INFO  impl.FollowerState (FollowerState.java:run(108)) - bc0bc980-c963-48ce-962e-85091c893131@group-28ACFA97060E-FollowerState: change to CANDIDATE, lastRpcTime:96ms, electionTimeout:96ms
2019-10-16 20:41:59,831 [Thread-904] INFO  impl.RoleInfo (RoleInfo.java:shutdownFollowerState(121)) - bc0bc980-c963-48ce-962e-85091c893131: shutdown FollowerState
2019-10-16 20:41:59,831 [Thread-904] INFO  impl.RaftServerImpl (RaftServerImpl.java:setRole(184)) - bc0bc980-c963-48ce-962e-85091c893131@group-28ACFA97060E: changes role from  FOLLOWER to CANDIDATE at term 16 for changeToCandidate
2019-10-16 20:41:59,831 [Thread-904] INFO  impl.RoleInfo (RoleInfo.java:updateAndGet(143)) - bc0bc980-c963-48ce-962e-85091c893131: start LeaderElection
2019-10-16 20:41:59,847 [bc0bc980-c963-48ce-962e-85091c893131@group-28ACFA97060E-LeaderElection53] INFO  impl.LeaderElection (LeaderElection.java:askForVotes(178)) - bc0bc980-c963-48ce-962e-85091c893131@group-28ACFA97060E-LeaderElection53: begin an election at term 17 for -1: [46069bd9-45fc-4c82-823c-36f07a1bcff0:192.168.157.254:34001, bc0bc980-c963-48ce-962e-85091c893131:192.168.157.254:46787, d612b743-bedc-4c3f-983e-e3329f8a2e6f:192.168.157.254:44523], old=null
2019-10-16 20:41:59,850 [grpc-default-executor-0] INFO  impl.RaftServerImpl (RaftServerImpl.java:setRole(184)) - d612b743-bedc-4c3f-983e-e3329f8a2e6f@group-28ACFA97060E: changes role from  FOLLOWER to FOLLOWER at term 17 for recognizeCandidate:bc0bc980-c963-48ce-962e-85091c893131
2019-10-16 20:41:59,850 [grpc-default-executor-2] INFO  impl.RaftServerImpl (RaftServerImpl.java:setRole(184)) - 46069bd9-45fc-4c82-823c-36f07a1bcff0@group-28ACFA97060E: changes role from  FOLLOWER to FOLLOWER at term 17 for recognizeCandidate:bc0bc980-c963-48ce-962e-85091c893131
2019-10-16 20:41:59,850 [grpc-default-executor-0] INFO  impl.RoleInfo (RoleInfo.java:shutdownFollowerState(121)) - d612b743-bedc-4c3f-983e-e3329f8a2e6f: shutdown FollowerState
2019-10-16 20:41:59,850 [grpc-default-executor-2] INFO  impl.RoleInfo (RoleInfo.java:shutdownFollowerState(121)) - 46069bd9-45fc-4c82-823c-36f07a1bcff0: shutdown FollowerState
2019-10-16 20:41:59,850 [Thread-903] INFO  impl.FollowerState (FollowerState.java:run(117)) - d612b743-bedc-4c3f-983e-e3329f8a2e6f@group-28ACFA97060E-FollowerState was interrupted: java.lang.InterruptedException: sleep interrupted
2019-10-16 20:41:59,850 [grpc-default-executor-0] INFO  impl.RoleInfo (RoleInfo.java:updateAndGet(143)) - d612b743-bedc-4c3f-983e-e3329f8a2e6f: start FollowerState
2019-10-16 20:41:59,851 [grpc-default-executor-2] INFO  impl.RoleInfo (RoleInfo.java:updateAndGet(143)) - 46069bd9-45fc-4c82-823c-36f07a1bcff0: start FollowerState
2019-10-16 20:41:59,851 [Thread-902] INFO  impl.FollowerState (FollowerState.java:run(117)) - 46069bd9-45fc-4c82-823c-36f07a1bcff0@group-28ACFA97060E-FollowerState was interrupted: java.lang.InterruptedException: sleep interrupted
2019-10-16 20:41:59,884 [bc0bc980-c963-48ce-962e-85091c893131@group-28ACFA97060E-LeaderElection53] INFO  impl.LeaderElection (LeaderElection.java:logAndReturn(56)) - bc0bc980-c963-48ce-962e-85091c893131@group-28ACFA97060E-LeaderElection53: Election REJECTED; received 2 response(s) [bc0bc980-c963-48ce-962e-85091c893131<-46069bd9-45fc-4c82-823c-36f07a1bcff0#0:FAIL-t17, bc0bc980-c963-48ce-962e-85091c893131<-d612b743-bedc-4c3f-983e-e3329f8a2e6f#0:FAIL-t17] and 0 exception(s); bc0bc980-c963-48ce-962e-85091c893131@group-28ACFA97060E:t17, leader=null, voted=bc0bc980-c963-48ce-962e-85091c893131, raftlog=bc0bc980-c963-48ce-962e-85091c893131@group-28ACFA97060E-SegmentedRaftLog:OPENED:c-1,f-1,i0, conf=-1: [46069bd9-45fc-4c82-823c-36f07a1bcff0:192.168.157.254:34001, bc0bc980-c963-48ce-962e-85091c893131:192.168.157.254:46787, d612b743-bedc-4c3f-983e-e3329f8a2e6f:192.168.157.254:44523], old=null
2019-10-16 20:41:59,885 [bc0bc980-c963-48ce-962e-85091c893131@group-28ACFA97060E-LeaderElection53] INFO  impl.RaftServerImpl (RaftServerImpl.java:setRole(184)) - bc0bc980-c963-48ce-962e-85091c893131@group-28ACFA97060E: changes role from CANDIDATE to FOLLOWER at term 17 for DISCOVERED_A_NEW_TERM
2019-10-16 20:41:59,885 [bc0bc980-c963-48ce-962e-85091c893131@group-28ACFA97060E-LeaderElection53] INFO  impl.RoleInfo (RoleInfo.java:shutdownLeaderElection(134)) - bc0bc980-c963-48ce-962e-85091c893131: shutdown LeaderElection
2019-10-16 20:41:59,885 [bc0bc980-c963-48ce-962e-85091c893131@group-28ACFA97060E-LeaderElection53] INFO  impl.RoleInfo (RoleInfo.java:updateAndGet(143)) - bc0bc980-c963-48ce-962e-85091c893131: start FollowerState
2019-10-16 20:41:59,912 [Thread-910] INFO  impl.FollowerState (FollowerState.java:run(108)) - bc0bc980-c963-48ce-962e-85091c893131@group-28ACFA97060E-FollowerState: change to CANDIDATE, lastRpcTime:27ms, electionTimeout:27ms
2019-10-16 20:41:59,913 [Thread-910] INFO  impl.RoleInfo (RoleInfo.java:shutdownFollowerState(121)) - bc0bc980-c963-48ce-962e-85091c893131: shutdown FollowerState
2019-10-16 20:41:59,913 [Thread-910] INFO  impl.RaftServerImpl (RaftServerImpl.java:setRole(184)) - bc0bc980-c963-48ce-962e-85091c893131@group-28ACFA97060E: changes role from  FOLLOWER to CANDIDATE at term 17 for changeToCandidate
2019-10-16 20:41:59,913 [Thread-910] INFO  impl.RoleInfo (RoleInfo.java:updateAndGet(143)) - bc0bc980-c963-48ce-962e-85091c893131: start LeaderElection
2019-10-16 20:41:59,927 [bc0bc980-c963-48ce-962e-85091c893131@group-28ACFA97060E-LeaderElection54] INFO  impl.LeaderElection (LeaderElection.java:askForVotes(178)) - bc0bc980-c963-48ce-962e-85091c893131@group-28ACFA97060E-LeaderElection54: begin an election at term 18 for -1: [46069bd9-45fc-4c82-823c-36f07a1bcff0:192.168.157.254:34001, bc0bc980-c963-48ce-962e-85091c893131:192.168.157.254:46787, d612b743-bedc-4c3f-983e-e3329f8a2e6f:192.168.157.254:44523], old=null
2019-10-16 20:41:59,930 [grpc-default-executor-2] INFO  impl.RaftServerImpl (RaftServerImpl.java:setRole(184)) - 46069bd9-45fc-4c82-823c-36f07a1bcff0@group-28ACFA97060E: changes role from  FOLLOWER to FOLLOWER at term 18 for recognizeCandidate:bc0bc980-c963-48ce-962e-85091c893131
2019-10-16 20:41:59,930 [grpc-default-executor-0] INFO  impl.RaftServerImpl (RaftServerImpl.java:setRole(184)) - d612b743-bedc-4c3f-983e-e3329f8a2e6f@group-28ACFA97060E: changes role from  FOLLOWER to FOLLOWER at term 18 for recognizeCandidate:bc0bc980-c963-48ce-962e-85091c893131
2019-10-16 20:41:59,930 [grpc-default-executor-2] INFO  impl.RoleInfo (RoleInfo.java:shutdownFollowerState(121)) - 46069bd9-45fc-4c82-823c-36f07a1bcff0: shutdown FollowerState
2019-10-16 20:41:59,930 [grpc-default-executor-0] INFO  impl.RoleInfo (RoleInfo.java:shutdownFollowerState(121)) - d612b743-bedc-4c3f-983e-e3329f8a2e6f: shutdown FollowerState
2019-10-16 20:41:59,930 [grpc-default-executor-2] INFO  impl.RoleInfo (RoleInfo.java:updateAndGet(143)) - 46069bd9-45fc-4c82-823c-36f07a1bcff0: start FollowerState
2019-10-16 20:41:59,931 [Thread-908] INFO  impl.FollowerState (FollowerState.java:run(117)) - d612b743-bedc-4c3f-983e-e3329f8a2e6f@group-28ACFA97060E-FollowerState was interrupted: java.lang.InterruptedException: sleep interrupted
2019-10-16 20:41:59,930 [Thread-909] INFO  impl.FollowerState (FollowerState.java:run(117)) - 46069bd9-45fc-4c82-823c-36f07a1bcff0@group-28ACFA97060E-FollowerState was interrupted: java.lang.InterruptedException: sleep interrupted
2019-10-16 20:41:59,931 [grpc-default-executor-0] INFO  impl.RoleInfo (RoleInfo.java:updateAndGet(143)) - d612b743-bedc-4c3f-983e-e3329f8a2e6f: start FollowerState
2019-10-16 20:41:59,957 [bc0bc980-c963-48ce-962e-85091c893131@group-28ACFA97060E-LeaderElection54] INFO  impl.LeaderElection (LeaderElection.java:logAndReturn(56)) - bc0bc980-c963-48ce-962e-85091c893131@group-28ACFA97060E-LeaderElection54: Election REJECTED; received 2 response(s) [bc0bc980-c963-48ce-962e-85091c893131<-46069bd9-45fc-4c82-823c-36f07a1bcff0#0:FAIL-t18, bc0bc980-c963-48ce-962e-85091c893131<-d612b743-bedc-4c3f-983e-e3329f8a2e6f#0:FAIL-t18] and 0 exception(s); bc0bc980-c963-48ce-962e-85091c893131@group-28ACFA97060E:t18, leader=null, voted=bc0bc980-c963-48ce-962e-85091c893131, raftlog=bc0bc980-c963-48ce-962e-85091c893131@group-28ACFA97060E-SegmentedRaftLog:OPENED:c-1,f-1,i0, conf=-1: [46069bd9-45fc-4c82-823c-36f07a1bcff0:192.168.157.254:34001, bc0bc980-c963-48ce-962e-85091c893131:192.168.157.254:46787, d612b743-bedc-4c3f-983e-e3329f8a2e6f:192.168.157.254:44523], old=null
2019-10-16 20:41:59,957 [bc0bc980-c963-48ce-962e-85091c893131@group-28ACFA97060E-LeaderElection54] INFO  impl.RaftServerImpl (RaftServerImpl.java:setRole(184)) - bc0bc980-c963-48ce-962e-85091c893131@group-28ACFA97060E: changes role from CANDIDATE to FOLLOWER at term 18 for DISCOVERED_A_NEW_TERM
2019-10-16 20:41:59,957 [bc0bc980-c963-48ce-962e-85091c893131@group-28ACFA97060E-LeaderElection54] INFO  impl.RoleInfo (RoleInfo.java:shutdownLeaderElection(134)) - bc0bc980-c963-48ce-962e-85091c893131: shutdown LeaderElection
2019-10-16 20:41:59,957 [bc0bc980-c963-48ce-962e-85091c893131@group-28ACFA97060E-LeaderElection54] INFO  impl.RoleInfo (RoleInfo.java:updateAndGet(143)) - bc0bc980-c963-48ce-962e-85091c893131: start FollowerState
2019-10-16 20:42:00,057 [Thread-916] INFO  impl.FollowerState (FollowerState.java:run(108)) - bc0bc980-c963-48ce-962e-85091c893131@group-28ACFA97060E-FollowerState: change to CANDIDATE, lastRpcTime:99ms, electionTimeout:99ms
2019-10-16 20:42:00,057 [Thread-916] INFO  impl.RoleInfo (RoleInfo.java:shutdownFollowerState(121)) - bc0bc980-c963-48ce-962e-85091c893131: shutdown FollowerState
2019-10-16 20:42:00,057 [Thread-916] INFO  impl.RaftServerImpl (RaftServerImpl.java:setRole(184)) - bc0bc980-c963-48ce-962e-85091c893131@group-28ACFA97060E: changes role from  FOLLOWER to CANDIDATE at term 18 for changeToCandidate
2019-10-16 20:42:00,057 [Thread-916] INFO  impl.RoleInfo (RoleInfo.java:updateAndGet(143)) - bc0bc980-c963-48ce-962e-85091c893131: start LeaderElection
2019-10-16 20:42:00,093 [bc0bc980-c963-48ce-962e-85091c893131@group-28ACFA97060E-LeaderElection55] INFO  impl.LeaderElection (LeaderElection.java:askForVotes(178)) - bc0bc980-c963-48ce-962e-85091c893131@group-28ACFA97060E-LeaderElection55: begin an election at term 19 for -1: [46069bd9-45fc-4c82-823c-36f07a1bcff0:192.168.157.254:34001, bc0bc980-c963-48ce-962e-85091c893131:192.168.157.254:46787, d612b743-bedc-4c3f-983e-e3329f8a2e6f:192.168.157.254:44523], old=null
2019-10-16 20:42:00,095 [grpc-default-executor-0] INFO  impl.RaftServerImpl (RaftServerImpl.java:setRole(184)) - 46069bd9-45fc-4c82-823c-36f07a1bcff0@group-28ACFA97060E: changes role from  FOLLOWER to FOLLOWER at term 19 for recognizeCandidate:bc0bc980-c963-48ce-962e-85091c893131
2019-10-16 20:42:00,095 [grpc-default-executor-0] INFO  impl.RoleInfo (RoleInfo.java:shutdownFollowerState(121)) - 46069bd9-45fc-4c82-823c-36f07a1bcff0: shutdown FollowerState
2019-10-16 20:42:00,096 [grpc-default-executor-2] INFO  impl.RaftServerImpl (RaftServerImpl.java:setRole(184)) - d612b743-bedc-4c3f-983e-e3329f8a2e6f@group-28ACFA97060E: changes role from  FOLLOWER to FOLLOWER at term 19 for recognizeCandidate:bc0bc980-c963-48ce-962e-85091c893131
2019-10-16 20:42:00,096 [Thread-914] INFO  impl.FollowerState (FollowerState.java:run(117)) - 46069bd9-45fc-4c82-823c-36f07a1bcff0@group-28ACFA97060E-FollowerState was interrupted: java.lang.InterruptedException: sleep interrupted
2019-10-16 20:42:00,096 [grpc-default-executor-0] INFO  impl.RoleInfo (RoleInfo.java:updateAndGet(143)) - 46069bd9-45fc-4c82-823c-36f07a1bcff0: start FollowerState
2019-10-16 20:42:00,096 [grpc-default-executor-2] INFO  impl.RoleInfo (RoleInfo.java:shutdownFollowerState(121)) - d612b743-bedc-4c3f-983e-e3329f8a2e6f: shutdown FollowerState
2019-10-16 20:42:00,096 [Thread-915] INFO  impl.FollowerState (FollowerState.java:run(117)) - d612b743-bedc-4c3f-983e-e3329f8a2e6f@group-28ACFA97060E-FollowerState was interrupted: java.lang.InterruptedException: sleep interrupted
2019-10-16 20:42:00,096 [grpc-default-executor-2] INFO  impl.RoleInfo (RoleInfo.java:updateAndGet(143)) - d612b743-bedc-4c3f-983e-e3329f8a2e6f: start FollowerState
2019-10-16 20:42:00,113 [bc0bc980-c963-48ce-962e-85091c893131@group-28ACFA97060E-LeaderElection55] INFO  impl.LeaderElection (LeaderElection.java:logAndReturn(56)) - bc0bc980-c963-48ce-962e-85091c893131@group-28ACFA97060E-LeaderElection55: Election REJECTED; received 2 response(s) [bc0bc980-c963-48ce-962e-85091c893131<-46069bd9-45fc-4c82-823c-36f07a1bcff0#0:FAIL-t19, bc0bc980-c963-48ce-962e-85091c893131<-d612b743-bedc-4c3f-983e-e3329f8a2e6f#0:FAIL-t19] and 0 exception(s); bc0bc980-c963-48ce-962e-85091c893131@group-28ACFA97060E:t19, leader=null, voted=bc0bc980-c963-48ce-962e-85091c893131, raftlog=bc0bc980-c963-48ce-962e-85091c893131@group-28ACFA97060E-SegmentedRaftLog:OPENED:c-1,f-1,i0, conf=-1: [46069bd9-45fc-4c82-823c-36f07a1bcff0:192.168.157.254:34001, bc0bc980-c963-48ce-962e-85091c893131:192.168.157.254:46787, d612b743-bedc-4c3f-983e-e3329f8a2e6f:192.168.157.254:44523], old=null
2019-10-16 20:42:00,113 [bc0bc980-c963-48ce-962e-85091c893131@group-28ACFA97060E-LeaderElection55] INFO  impl.RaftServerImpl (RaftServerImpl.java:setRole(184)) - bc0bc980-c963-48ce-962e-85091c893131@group-28ACFA97060E: changes role from CANDIDATE to FOLLOWER at term 19 for DISCOVERED_A_NEW_TERM
2019-10-16 20:42:00,114 [bc0bc980-c963-48ce-962e-85091c893131@group-28ACFA97060E-LeaderElection55] INFO  impl.RoleInfo (RoleInfo.java:shutdownLeaderElection(134)) - bc0bc980-c963-48ce-962e-85091c893131: shutdown LeaderElection
2019-10-16 20:42:00,114 [bc0bc980-c963-48ce-962e-85091c893131@group-28ACFA97060E-LeaderElection55] INFO  impl.RoleInfo (RoleInfo.java:updateAndGet(143)) - bc0bc980-c963-48ce-962e-85091c893131: start FollowerState
2019-10-16 20:42:00,282 [Thread-922] INFO  impl.FollowerState (FollowerState.java:run(108)) - bc0bc980-c963-48ce-962e-85091c893131@group-28ACFA97060E-FollowerState: change to CANDIDATE, lastRpcTime:168ms, electionTimeout:168ms
2019-10-16 20:42:00,282 [Thread-922] INFO  impl.RoleInfo (RoleInfo.java:shutdownFollowerState(121)) - bc0bc980-c963-48ce-962e-85091c893131: shutdown FollowerState
2019-10-16 20:42:00,283 [Thread-922] INFO  impl.RaftServerImpl (RaftServerImpl.java:setRole(184)) - bc0bc980-c963-48ce-962e-85091c893131@group-28ACFA97060E: changes role from  FOLLOWER to CANDIDATE at term 19 for changeToCandidate
2019-10-16 20:42:00,283 [Thread-922] INFO  impl.RoleInfo (RoleInfo.java:updateAndGet(143)) - bc0bc980-c963-48ce-962e-85091c893131: start LeaderElection
2019-10-16 20:42:00,318 [bc0bc980-c963-48ce-962e-85091c893131@group-28ACFA97060E-LeaderElection56] INFO  impl.LeaderElection (LeaderElection.java:askForVotes(178)) - bc0bc980-c963-48ce-962e-85091c893131@group-28ACFA97060E-LeaderElection56: begin an election at term 20 for -1: [46069bd9-45fc-4c82-823c-36f07a1bcff0:192.168.157.254:34001, bc0bc980-c963-48ce-962e-85091c893131:192.168.157.254:46787, d612b743-bedc-4c3f-983e-e3329f8a2e6f:192.168.157.254:44523], old=null
2019-10-16 20:42:00,321 [grpc-default-executor-0] INFO  impl.RaftServerImpl (RaftServerImpl.java:setRole(184)) - 46069bd9-45fc-4c82-823c-36f07a1bcff0@group-28ACFA97060E: changes role from  FOLLOWER to FOLLOWER at term 20 for recognizeCandidate:bc0bc980-c963-48ce-962e-85091c893131
2019-10-16 20:42:00,321 [grpc-default-executor-0] INFO  impl.RoleInfo (RoleInfo.java:shutdownFollowerState(121)) - 46069bd9-45fc-4c82-823c-36f07a1bcff0: shutdown FollowerState
2019-10-16 20:42:00,322 [grpc-default-executor-2] INFO  impl.RaftServerImpl (RaftServerImpl.java:setRole(184)) - d612b743-bedc-4c3f-983e-e3329f8a2e6f@group-28ACFA97060E: changes role from  FOLLOWER to FOLLOWER at term 20 for recognizeCandidate:bc0bc980-c963-48ce-962e-85091c893131
2019-10-16 20:42:00,322 [Thread-920] INFO  impl.FollowerState (FollowerState.java:run(117)) - 46069bd9-45fc-4c82-823c-36f07a1bcff0@group-28ACFA97060E-FollowerState was interrupted: java.lang.InterruptedException: sleep interrupted
2019-10-16 20:42:00,322 [grpc-default-executor-0] INFO  impl.RoleInfo (RoleInfo.java:updateAndGet(143)) - 46069bd9-45fc-4c82-823c-36f07a1bcff0: start FollowerState
2019-10-16 20:42:00,322 [grpc-default-executor-2] INFO  impl.RoleInfo (RoleInfo.java:shutdownFollowerState(121)) - d612b743-bedc-4c3f-983e-e3329f8a2e6f: shutdown FollowerState
2019-10-16 20:42:00,322 [grpc-default-executor-2] INFO  impl.RoleInfo (RoleInfo.java:updateAndGet(143)) - d612b743-bedc-4c3f-983e-e3329f8a2e6f: start FollowerState
2019-10-16 20:42:00,323 [Thread-921] INFO  impl.FollowerState (FollowerState.java:run(117)) - d612b743-bedc-4c3f-983e-e3329f8a2e6f@group-28ACFA97060E-FollowerState was interrupted: java.lang.InterruptedException: sleep interrupted
2019-10-16 20:42:00,337 [bc0bc980-c963-48ce-962e-85091c893131@group-28ACFA97060E-LeaderElection56] INFO  impl.LeaderElection (LeaderElection.java:logAndReturn(56)) - bc0bc980-c963-48ce-962e-85091c893131@group-28ACFA97060E-LeaderElection56: Election REJECTED; received 2 response(s) [bc0bc980-c963-48ce-962e-85091c893131<-46069bd9-45fc-4c82-823c-36f07a1bcff0#0:FAIL-t20, bc0bc980-c963-48ce-962e-85091c893131<-d612b743-bedc-4c3f-983e-e3329f8a2e6f#0:FAIL-t20] and 0 exception(s); bc0bc980-c963-48ce-962e-85091c893131@group-28ACFA97060E:t20, leader=null, voted=bc0bc980-c963-48ce-962e-85091c893131, raftlog=bc0bc980-c963-48ce-962e-85091c893131@group-28ACFA97060E-SegmentedRaftLog:OPENED:c-1,f-1,i0, conf=-1: [46069bd9-45fc-4c82-823c-36f07a1bcff0:192.168.157.254:34001, bc0bc980-c963-48ce-962e-85091c893131:192.168.157.254:46787, d612b743-bedc-4c3f-983e-e3329f8a2e6f:192.168.157.254:44523], old=null
2019-10-16 20:42:00,337 [bc0bc980-c963-48ce-962e-85091c893131@group-28ACFA97060E-LeaderElection56] INFO  impl.RaftServerImpl (RaftServerImpl.java:setRole(184)) - bc0bc980-c963-48ce-962e-85091c893131@group-28ACFA97060E: changes role from CANDIDATE to FOLLOWER at term 20 for DISCOVERED_A_NEW_TERM
2019-10-16 20:42:00,337 [bc0bc980-c963-48ce-962e-85091c893131@group-28ACFA97060E-LeaderElection56] INFO  impl.RoleInfo (RoleInfo.java:shutdownLeaderElection(134)) - bc0bc980-c963-48ce-962e-85091c893131: shutdown LeaderElection
2019-10-16 20:42:00,338 [bc0bc980-c963-48ce-962e-85091c893131@group-28ACFA97060E-LeaderElection56] INFO  impl.RoleInfo (RoleInfo.java:updateAndGet(143)) - bc0bc980-c963-48ce-962e-85091c893131: start FollowerState
2019-10-16 20:42:00,477 [Thread-928] INFO  impl.FollowerState (FollowerState.java:run(108)) - bc0bc980-c963-48ce-962e-85091c893131@group-28ACFA97060E-FollowerState: change to CANDIDATE, lastRpcTime:139ms, electionTimeout:139ms
2019-10-16 20:42:00,477 [Thread-928] INFO  impl.RoleInfo (RoleInfo.java:shutdownFollowerState(121)) - bc0bc980-c963-48ce-962e-85091c893131: shutdown FollowerState
2019-10-16 20:42:00,477 [Thread-928] INFO  impl.RaftServerImpl (RaftServerImpl.java:setRole(184)) - bc0bc980-c963-48ce-962e-85091c893131@group-28ACFA97060E: changes role from  FOLLOWER to CANDIDATE at term 20 for changeToCandidate
2019-10-16 20:42:00,478 [Thread-928] INFO  impl.RoleInfo (RoleInfo.java:updateAndGet(143)) - bc0bc980-c963-48ce-962e-85091c893131: start LeaderElection
2019-10-16 20:42:00,517 [bc0bc980-c963-48ce-962e-85091c893131@group-28ACFA97060E-LeaderElection57] INFO  impl.LeaderElection (LeaderElection.java:askForVotes(178)) - bc0bc980-c963-48ce-962e-85091c893131@group-28ACFA97060E-LeaderElection57: begin an election at term 21 for -1: [46069bd9-45fc-4c82-823c-36f07a1bcff0:192.168.157.254:34001, bc0bc980-c963-48ce-962e-85091c893131:192.168.157.254:46787, d612b743-bedc-4c3f-983e-e3329f8a2e6f:192.168.157.254:44523], old=null
2019-10-16 20:42:00,520 [grpc-default-executor-0] INFO  impl.RaftServerImpl (RaftServerImpl.java:setRole(184)) - d612b743-bedc-4c3f-983e-e3329f8a2e6f@group-28ACFA97060E: changes role from  FOLLOWER to FOLLOWER at term 21 for recognizeCandidate:bc0bc980-c963-48ce-962e-85091c893131
2019-10-16 20:42:00,520 [grpc-default-executor-2] INFO  impl.RaftServerImpl (RaftServerImpl.java:setRole(184)) - 46069bd9-45fc-4c82-823c-36f07a1bcff0@group-28ACFA97060E: changes role from  FOLLOWER to FOLLOWER at term 21 for recognizeCandidate:bc0bc980-c963-48ce-962e-85091c893131
2019-10-16 20:42:00,520 [grpc-default-executor-0] INFO  impl.RoleInfo (RoleInfo.java:shutdownFollowerState(121)) - d612b743-bedc-4c3f-983e-e3329f8a2e6f: shutdown FollowerState
2019-10-16 20:42:00,520 [grpc-default-executor-2] INFO  impl.RoleInfo (RoleInfo.java:shutdownFollowerState(121)) - 46069bd9-45fc-4c82-823c-36f07a1bcff0: shutdown FollowerState
2019-10-16 20:42:00,521 [grpc-default-executor-0] INFO  impl.RoleInfo (RoleInfo.java:updateAndGet(143)) - d612b743-bedc-4c3f-983e-e3329f8a2e6f: start FollowerState
2019-10-16 20:42:00,521 [Thread-927] INFO  impl.FollowerState (FollowerState.java:run(117)) - d612b743-bedc-4c3f-983e-e3329f8a2e6f@group-28ACFA97060E-FollowerState was interrupted: java.lang.InterruptedException: sleep interrupted
2019-10-16 20:42:00,521 [grpc-default-executor-2] INFO  impl.RoleInfo (RoleInfo.java:updateAndGet(143)) - 46069bd9-45fc-4c82-823c-36f07a1bcff0: start FollowerState
2019-10-16 20:42:00,521 [Thread-926] INFO  impl.FollowerState (FollowerState.java:run(117)) - 46069bd9-45fc-4c82-823c-36f07a1bcff0@group-28ACFA97060E-FollowerState was interrupted: java.lang.InterruptedException: sleep interrupted
2019-10-16 20:42:00,590 [bc0bc980-c963-48ce-962e-85091c893131@group-28ACFA97060E-LeaderElection57] INFO  impl.LeaderElection (LeaderElection.java:logAndReturn(56)) - bc0bc980-c963-48ce-962e-85091c893131@group-28ACFA97060E-LeaderElection57: Election REJECTED; received 2 response(s) [bc0bc980-c963-48ce-962e-85091c893131<-46069bd9-45fc-4c82-823c-36f07a1bcff0#0:FAIL-t21, bc0bc980-c963-48ce-962e-85091c893131<-d612b743-bedc-4c3f-983e-e3329f8a2e6f#0:FAIL-t21] and 0 exception(s); bc0bc980-c963-48ce-962e-85091c893131@group-28ACFA97060E:t21, leader=null, voted=bc0bc980-c963-48ce-962e-85091c893131, raftlog=bc0bc980-c963-48ce-962e-85091c893131@group-28ACFA97060E-SegmentedRaftLog:OPENED:c-1,f-1,i0, conf=-1: [46069bd9-45fc-4c82-823c-36f07a1bcff0:192.168.157.254:34001, bc0bc980-c963-48ce-962e-85091c893131:192.168.157.254:46787, d612b743-bedc-4c3f-983e-e3329f8a2e6f:192.168.157.254:44523], old=null
2019-10-16 20:42:00,590 [bc0bc980-c963-48ce-962e-85091c893131@group-28ACFA97060E-LeaderElection57] INFO  impl.RaftServerImpl (RaftServerImpl.java:setRole(184)) - bc0bc980-c963-48ce-962e-85091c893131@group-28ACFA97060E: changes role from CANDIDATE to FOLLOWER at term 21 for DISCOVERED_A_NEW_TERM
2019-10-16 20:42:00,590 [bc0bc980-c963-48ce-962e-85091c893131@group-28ACFA97060E-LeaderElection57] INFO  impl.RoleInfo (RoleInfo.java:shutdownLeaderElection(134)) - bc0bc980-c963-48ce-962e-85091c893131: shutdown LeaderElection
2019-10-16 20:42:00,590 [bc0bc980-c963-48ce-962e-85091c893131@group-28ACFA97060E-LeaderElection57] INFO  impl.RoleInfo (RoleInfo.java:updateAndGet(143)) - bc0bc980-c963-48ce-962e-85091c893131: start FollowerState
2019-10-16 20:42:00,785 [Thread-934] INFO  impl.FollowerState (FollowerState.java:run(108)) - bc0bc980-c963-48ce-962e-85091c893131@group-28ACFA97060E-FollowerState: change to CANDIDATE, lastRpcTime:194ms, electionTimeout:194ms
2019-10-16 20:42:00,785 [Thread-934] INFO  impl.RoleInfo (RoleInfo.java:shutdownFollowerState(121)) - bc0bc980-c963-48ce-962e-85091c893131: shutdown FollowerState
2019-10-16 20:42:00,785 [Thread-934] INFO  impl.RaftServerImpl (RaftServerImpl.java:setRole(184)) - bc0bc980-c963-48ce-962e-85091c893131@group-28ACFA97060E: changes role from  FOLLOWER to CANDIDATE at term 21 for changeToCandidate
2019-10-16 20:42:00,785 [Thread-934] INFO  impl.RoleInfo (RoleInfo.java:updateAndGet(143)) - bc0bc980-c963-48ce-962e-85091c893131: start LeaderElection
2019-10-16 20:42:00,801 [bc0bc980-c963-48ce-962e-85091c893131@group-28ACFA97060E-LeaderElection58] INFO  impl.LeaderElection (LeaderElection.java:askForVotes(178)) - bc0bc980-c963-48ce-962e-85091c893131@group-28ACFA97060E-LeaderElection58: begin an election at term 22 for -1: [46069bd9-45fc-4c82-823c-36f07a1bcff0:192.168.157.254:34001, bc0bc980-c963-48ce-962e-85091c893131:192.168.157.254:46787, d612b743-bedc-4c3f-983e-e3329f8a2e6f:192.168.157.254:44523], old=null
2019-10-16 20:42:00,804 [grpc-default-executor-2] INFO  impl.RaftServerImpl (RaftServerImpl.java:setRole(184)) - 46069bd9-45fc-4c82-823c-36f07a1bcff0@group-28ACFA97060E: changes role from  FOLLOWER to FOLLOWER at term 22 for recognizeCandidate:bc0bc980-c963-48ce-962e-85091c893131
2019-10-16 20:42:00,804 [grpc-default-executor-2] INFO  impl.RoleInfo (RoleInfo.java:shutdownFollowerState(121)) - 46069bd9-45fc-4c82-823c-36f07a1bcff0: shutdown FollowerState
2019-10-16 20:42:00,804 [grpc-default-executor-0] INFO  impl.RaftServerImpl (RaftServerImpl.java:setRole(184)) - d612b743-bedc-4c3f-983e-e3329f8a2e6f@group-28ACFA97060E: changes role from  FOLLOWER to FOLLOWER at term 22 for recognizeCandidate:bc0bc980-c963-48ce-962e-85091c893131
2019-10-16 20:42:00,805 [grpc-default-executor-2] INFO  impl.RoleInfo (RoleInfo.java:updateAndGet(143)) - 46069bd9-45fc-4c82-823c-36f07a1bcff0: start FollowerState
2019-10-16 20:42:00,805 [Thread-933] INFO  impl.FollowerState (FollowerState.java:run(117)) - 46069bd9-45fc-4c82-823c-36f07a1bcff0@group-28ACFA97060E-FollowerState was interrupted: java.lang.InterruptedException: sleep interrupted
2019-10-16 20:42:00,805 [grpc-default-executor-0] INFO  impl.RoleInfo (RoleInfo.java:shutdownFollowerState(121)) - d612b743-bedc-4c3f-983e-e3329f8a2e6f: shutdown FollowerState
2019-10-16 20:42:00,805 [grpc-default-executor-0] INFO  impl.RoleInfo (RoleInfo.java:updateAndGet(143)) - d612b743-bedc-4c3f-983e-e3329f8a2e6f: start FollowerState
2019-10-16 20:42:00,805 [Thread-932] INFO  impl.FollowerState (FollowerState.java:run(117)) - d612b743-bedc-4c3f-983e-e3329f8a2e6f@group-28ACFA97060E-FollowerState was interrupted: java.lang.InterruptedException: sleep interrupted
2019-10-16 20:42:00,837 [bc0bc980-c963-48ce-962e-85091c893131@group-28ACFA97060E-LeaderElection58] INFO  impl.LeaderElection (LeaderElection.java:logAndReturn(56)) - bc0bc980-c963-48ce-962e-85091c893131@group-28ACFA97060E-LeaderElection58: Election REJECTED; received 2 response(s) [bc0bc980-c963-48ce-962e-85091c893131<-46069bd9-45fc-4c82-823c-36f07a1bcff0#0:FAIL-t22, bc0bc980-c963-48ce-962e-85091c893131<-d612b743-bedc-4c3f-983e-e3329f8a2e6f#0:FAIL-t22] and 0 exception(s); bc0bc980-c963-48ce-962e-85091c893131@group-28ACFA97060E:t22, leader=null, voted=bc0bc980-c963-48ce-962e-85091c893131, raftlog=bc0bc980-c963-48ce-962e-85091c893131@group-28ACFA97060E-SegmentedRaftLog:OPENED:c-1,f-1,i0, conf=-1: [46069bd9-45fc-4c82-823c-36f07a1bcff0:192.168.157.254:34001, bc0bc980-c963-48ce-962e-85091c893131:192.168.157.254:46787, d612b743-bedc-4c3f-983e-e3329f8a2e6f:192.168.157.254:44523], old=null
2019-10-16 20:42:00,837 [bc0bc980-c963-48ce-962e-85091c893131@group-28ACFA97060E-LeaderElection58] INFO  impl.RaftServerImpl (RaftServerImpl.java:setRole(184)) - bc0bc980-c963-48ce-962e-85091c893131@group-28ACFA97060E: changes role from CANDIDATE to FOLLOWER at term 22 for DISCOVERED_A_NEW_TERM
2019-10-16 20:42:00,837 [bc0bc980-c963-48ce-962e-85091c893131@group-28ACFA97060E-LeaderElection58] INFO  impl.RoleInfo (RoleInfo.java:shutdownLeaderElection(134)) - bc0bc980-c963-48ce-962e-85091c893131: shutdown LeaderElection
2019-10-16 20:42:00,837 [bc0bc980-c963-48ce-962e-85091c893131@group-28ACFA97060E-LeaderElection58] INFO  impl.RoleInfo (RoleInfo.java:updateAndGet(143)) - bc0bc980-c963-48ce-962e-85091c893131: start FollowerState
2019-10-16 20:42:00,965 [Thread-940] INFO  impl.FollowerState (FollowerState.java:run(108)) - bc0bc980-c963-48ce-962e-85091c893131@group-28ACFA97060E-FollowerState: change to CANDIDATE, lastRpcTime:127ms, electionTimeout:127ms
2019-10-16 20:42:00,965 [Thread-940] INFO  impl.RoleInfo (RoleInfo.java:shutdownFollowerState(121)) - bc0bc980-c963-48ce-962e-85091c893131: shutdown FollowerState
2019-10-16 20:42:00,965 [Thread-940] INFO  impl.RaftServerImpl (RaftServerImpl.java:setRole(184)) - bc0bc980-c963-48ce-962e-85091c893131@group-28ACFA97060E: changes role from  FOLLOWER to CANDIDATE at term 22 for changeToCandidate
2019-10-16 20:42:00,965 [Thread-940] INFO  impl.RoleInfo (RoleInfo.java:updateAndGet(143)) - bc0bc980-c963-48ce-962e-85091c893131: start LeaderElection
2019-10-16 20:42:01,017 [bc0bc980-c963-48ce-962e-85091c893131@group-28ACFA97060E-LeaderElection59] INFO  impl.LeaderElection (LeaderElection.java:askForVotes(178)) - bc0bc980-c963-48ce-962e-85091c893131@group-28ACFA97060E-LeaderElection59: begin an election at term 23 for -1: [46069bd9-45fc-4c82-823c-36f07a1bcff0:192.168.157.254:34001, bc0bc980-c963-48ce-962e-85091c893131:192.168.157.254:46787, d612b743-bedc-4c3f-983e-e3329f8a2e6f:192.168.157.254:44523], old=null
2019-10-16 20:42:01,020 [grpc-default-executor-0] INFO  impl.RaftServerImpl (RaftServerImpl.java:setRole(184)) - d612b743-bedc-4c3f-983e-e3329f8a2e6f@group-28ACFA97060E: changes role from  FOLLOWER to FOLLOWER at term 23 for recognizeCandidate:bc0bc980-c963-48ce-962e-85091c893131
2019-10-16 20:42:01,020 [grpc-default-executor-0] INFO  impl.RoleInfo (RoleInfo.java:shutdownFollowerState(121)) - d612b743-bedc-4c3f-983e-e3329f8a2e6f: shutdown FollowerState
2019-10-16 20:42:01,020 [grpc-default-executor-0] INFO  impl.RoleInfo (RoleInfo.java:updateAndGet(143)) - d612b743-bedc-4c3f-983e-e3329f8a2e6f: start FollowerState
2019-10-16 20:42:01,020 [Thread-939] INFO  impl.FollowerState (FollowerState.java:run(117)) - d612b743-bedc-4c3f-983e-e3329f8a2e6f@group-28ACFA97060E-FollowerState was interrupted: java.lang.InterruptedException: sleep interrupted
2019-10-16 20:42:01,020 [grpc-default-executor-2] INFO  impl.RaftServerImpl (RaftServerImpl.java:setRole(184)) - 46069bd9-45fc-4c82-823c-36f07a1bcff0@group-28ACFA97060E: changes role from  FOLLOWER to FOLLOWER at term 23 for recognizeCandidate:bc0bc980-c963-48ce-962e-85091c893131
2019-10-16 20:42:01,021 [grpc-default-executor-2] INFO  impl.RoleInfo (RoleInfo.java:shutdownFollowerState(121)) - 46069bd9-45fc-4c82-823c-36f07a1bcff0: shutdown FollowerState
2019-10-16 20:42:01,021 [Thread-938] INFO  impl.FollowerState (FollowerState.java:run(117)) - 46069bd9-45fc-4c82-823c-36f07a1bcff0@group-28ACFA97060E-FollowerState was interrupted: java.lang.InterruptedException: sleep interrupted
2019-10-16 20:42:01,021 [grpc-default-executor-2] INFO  impl.RoleInfo (RoleInfo.java:updateAndGet(143)) - 46069bd9-45fc-4c82-823c-36f07a1bcff0: start FollowerState
2019-10-16 20:42:01,093 [bc0bc980-c963-48ce-962e-85091c893131@group-28ACFA97060E-LeaderElection59] INFO  impl.LeaderElection (LeaderElection.java:logAndReturn(56)) - bc0bc980-c963-48ce-962e-85091c893131@group-28ACFA97060E-LeaderElection59: Election REJECTED; received 2 response(s) [bc0bc980-c963-48ce-962e-85091c893131<-46069bd9-45fc-4c82-823c-36f07a1bcff0#0:FAIL-t23, bc0bc980-c963-48ce-962e-85091c893131<-d612b743-bedc-4c3f-983e-e3329f8a2e6f#0:FAIL-t23] and 0 exception(s); bc0bc980-c963-48ce-962e-85091c893131@group-28ACFA97060E:t23, leader=null, voted=bc0bc980-c963-48ce-962e-85091c893131, raftlog=bc0bc980-c963-48ce-962e-85091c893131@group-28ACFA97060E-SegmentedRaftLog:OPENED:c-1,f-1,i0, conf=-1: [46069bd9-45fc-4c82-823c-36f07a1bcff0:192.168.157.254:34001, bc0bc980-c963-48ce-962e-85091c893131:192.168.157.254:46787, d612b743-bedc-4c3f-983e-e3329f8a2e6f:192.168.157.254:44523], old=null
2019-10-16 20:42:01,093 [bc0bc980-c963-48ce-962e-85091c893131@group-28ACFA97060E-LeaderElection59] INFO  impl.RaftServerImpl (RaftServerImpl.java:setRole(184)) - bc0bc980-c963-48ce-962e-85091c893131@group-28ACFA97060E: changes role from CANDIDATE to FOLLOWER at term 23 for DISCOVERED_A_NEW_TERM
2019-10-16 20:42:01,093 [bc0bc980-c963-48ce-962e-85091c893131@group-28ACFA97060E-LeaderElection59] INFO  impl.RoleInfo (RoleInfo.java:shutdownLeaderElection(134)) - bc0bc980-c963-48ce-962e-85091c893131: shutdown LeaderElection
2019-10-16 20:42:01,094 [bc0bc980-c963-48ce-962e-85091c893131@group-28ACFA97060E-LeaderElection59] INFO  impl.RoleInfo (RoleInfo.java:updateAndGet(143)) - bc0bc980-c963-48ce-962e-85091c893131: start FollowerState
2019-10-16 20:42:01,102 [Thread-946] INFO  impl.FollowerState (FollowerState.java:run(108)) - bc0bc980-c963-48ce-962e-85091c893131@group-28ACFA97060E-FollowerState: change to CANDIDATE, lastRpcTime:8ms, electionTimeout:8ms
2019-10-16 20:42:01,102 [Thread-946] INFO  impl.RoleInfo (RoleInfo.java:shutdownFollowerState(121)) - bc0bc980-c963-48ce-962e-85091c893131: shutdown FollowerState
2019-10-16 20:42:01,102 [Thread-946] INFO  impl.RaftServerImpl (RaftServerImpl.java:setRole(184)) - bc0bc980-c963-48ce-962e-85091c893131@group-28ACFA97060E: changes role from  FOLLOWER to CANDIDATE at term 23 for changeToCandidate
2019-10-16 20:42:01,102 [Thread-946] INFO  impl.RoleInfo (RoleInfo.java:updateAndGet(143)) - bc0bc980-c963-48ce-962e-85091c893131: start LeaderElection
2019-10-16 20:42:01,137 [bc0bc980-c963-48ce-962e-85091c893131@group-28ACFA97060E-LeaderElection60] INFO  impl.LeaderElection (LeaderElection.java:askForVotes(178)) - bc0bc980-c963-48ce-962e-85091c893131@group-28ACFA97060E-LeaderElection60: begin an election at term 24 for -1: [46069bd9-45fc-4c82-823c-36f07a1bcff0:192.168.157.254:34001, bc0bc980-c963-48ce-962e-85091c893131:192.168.157.254:46787, d612b743-bedc-4c3f-983e-e3329f8a2e6f:192.168.157.254:44523], old=null
2019-10-16 20:42:01,140 [grpc-default-executor-2] INFO  impl.RaftServerImpl (RaftServerImpl.java:setRole(184)) - 46069bd9-45fc-4c82-823c-36f07a1bcff0@group-28ACFA97060E: changes role from  FOLLOWER to FOLLOWER at term 24 for recognizeCandidate:bc0bc980-c963-48ce-962e-85091c893131
2019-10-16 20:42:01,140 [grpc-default-executor-0] INFO  impl.RaftServerImpl (RaftServerImpl.java:setRole(184)) - d612b743-bedc-4c3f-983e-e3329f8a2e6f@group-28ACFA97060E: changes role from  FOLLOWER to FOLLOWER at term 24 for recognizeCandidate:bc0bc980-c963-48ce-962e-85091c893131
2019-10-16 20:42:01,141 [grpc-default-executor-2] INFO  impl.RoleInfo (RoleInfo.java:shutdownFollowerState(121)) - 46069bd9-45fc-4c82-823c-36f07a1bcff0: shutdown FollowerState
2019-10-16 20:42:01,141 [grpc-default-executor-0] INFO  impl.RoleInfo (RoleInfo.java:shutdownFollowerState(121)) - d612b743-bedc-4c3f-983e-e3329f8a2e6f: shutdown FollowerState
2019-10-16 20:42:01,141 [Thread-945] INFO  impl.FollowerState (FollowerState.java:run(117)) - 46069bd9-45fc-4c82-823c-36f07a1bcff0@group-28ACFA97060E-FollowerState was interrupted: java.lang.InterruptedException: sleep interrupted
2019-10-16 20:42:01,141 [grpc-default-executor-2] INFO  impl.RoleInfo (RoleInfo.java:updateAndGet(143)) - 46069bd9-45fc-4c82-823c-36f07a1bcff0: start FollowerState
2019-10-16 20:42:01,141 [Thread-944] INFO  impl.FollowerState (FollowerState.java:run(117)) - d612b743-bedc-4c3f-983e-e3329f8a2e6f@group-28ACFA97060E-FollowerState was interrupted: java.lang.InterruptedException: sleep interrupted
2019-10-16 20:42:01,141 [grpc-default-executor-0] INFO  impl.RoleInfo (RoleInfo.java:updateAndGet(143)) - d612b743-bedc-4c3f-983e-e3329f8a2e6f: start FollowerState
2019-10-16 20:42:01,206 [bc0bc980-c963-48ce-962e-85091c893131@group-28ACFA97060E-LeaderElection60] INFO  impl.LeaderElection (LeaderElection.java:logAndReturn(56)) - bc0bc980-c963-48ce-962e-85091c893131@group-28ACFA97060E-LeaderElection60: Election REJECTED; received 2 response(s) [bc0bc980-c963-48ce-962e-85091c893131<-46069bd9-45fc-4c82-823c-36f07a1bcff0#0:FAIL-t24, bc0bc980-c963-48ce-962e-85091c893131<-d612b743-bedc-4c3f-983e-e3329f8a2e6f#0:FAIL-t24] and 0 exception(s); bc0bc980-c963-48ce-962e-85091c893131@group-28ACFA97060E:t24, leader=null, voted=bc0bc980-c963-48ce-962e-85091c893131, raftlog=bc0bc980-c963-48ce-962e-85091c893131@group-28ACFA97060E-SegmentedRaftLog:OPENED:c-1,f-1,i0, conf=-1: [46069bd9-45fc-4c82-823c-36f07a1bcff0:192.168.157.254:34001, bc0bc980-c963-48ce-962e-85091c893131:192.168.157.254:46787, d612b743-bedc-4c3f-983e-e3329f8a2e6f:192.168.157.254:44523], old=null
2019-10-16 20:42:01,206 [bc0bc980-c963-48ce-962e-85091c893131@group-28ACFA97060E-LeaderElection60] INFO  impl.RaftServerImpl (RaftServerImpl.java:setRole(184)) - bc0bc980-c963-48ce-962e-85091c893131@group-28ACFA97060E: changes role from CANDIDATE to FOLLOWER at term 24 for DISCOVERED_A_NEW_TERM
2019-10-16 20:42:01,207 [bc0bc980-c963-48ce-962e-85091c893131@group-28ACFA97060E-LeaderElection60] INFO  impl.RoleInfo (RoleInfo.java:shutdownLeaderElection(134)) - bc0bc980-c963-48ce-962e-85091c893131: shutdown LeaderElection
2019-10-16 20:42:01,207 [bc0bc980-c963-48ce-962e-85091c893131@group-28ACFA97060E-LeaderElection60] INFO  impl.RoleInfo (RoleInfo.java:updateAndGet(143)) - bc0bc980-c963-48ce-962e-85091c893131: start FollowerState
2019-10-16 20:42:01,296 [Thread-952] INFO  impl.FollowerState (FollowerState.java:run(108)) - bc0bc980-c963-48ce-962e-85091c893131@group-28ACFA97060E-FollowerState: change to CANDIDATE, lastRpcTime:89ms, electionTimeout:89ms
2019-10-16 20:42:01,296 [Thread-952] INFO  impl.RoleInfo (RoleInfo.java:shutdownFollowerState(121)) - bc0bc980-c963-48ce-962e-85091c893131: shutdown FollowerState
2019-10-16 20:42:01,296 [Thread-952] INFO  impl.RaftServerImpl (RaftServerImpl.java:setRole(184)) - bc0bc980-c963-48ce-962e-85091c893131@group-28ACFA97060E: changes role from  FOLLOWER to CANDIDATE at term 24 for changeToCandidate
2019-10-16 20:42:01,297 [Thread-952] INFO  impl.RoleInfo (RoleInfo.java:updateAndGet(143)) - bc0bc980-c963-48ce-962e-85091c893131: start LeaderElection
2019-10-16 20:42:01,328 [bc0bc980-c963-48ce-962e-85091c893131@group-28ACFA97060E-LeaderElection61] INFO  impl.LeaderElection (LeaderElection.java:askForVotes(178)) - bc0bc980-c963-48ce-962e-85091c893131@group-28ACFA97060E-LeaderElection61: begin an election at term 25 for -1: [46069bd9-45fc-4c82-823c-36f07a1bcff0:192.168.157.254:34001, bc0bc980-c963-48ce-962e-85091c893131:192.168.157.254:46787, d612b743-bedc-4c3f-983e-e3329f8a2e6f:192.168.157.254:44523], old=null
2019-10-16 20:42:01,331 [grpc-default-executor-2] INFO  impl.RaftServerImpl (RaftServerImpl.java:setRole(184)) - 46069bd9-45fc-4c82-823c-36f07a1bcff0@group-28ACFA97060E: changes role from  FOLLOWER to FOLLOWER at term 25 for recognizeCandidate:bc0bc980-c963-48ce-962e-85091c893131
2019-10-16 20:42:01,331 [grpc-default-executor-2] INFO  impl.RoleInfo (RoleInfo.java:shutdownFollowerState(121)) - 46069bd9-45fc-4c82-823c-36f07a1bcff0: shutdown FollowerState
2019-10-16 20:42:01,331 [grpc-default-executor-0] INFO  impl.RaftServerImpl (RaftServerImpl.java:setRole(184)) - d612b743-bedc-4c3f-983e-e3329f8a2e6f@group-28ACFA97060E: changes role from  FOLLOWER to FOLLOWER at term 25 for recognizeCandidate:bc0bc980-c963-48ce-962e-85091c893131
2019-10-16 20:42:01,332 [grpc-default-executor-2] INFO  impl.RoleInfo (RoleInfo.java:updateAndGet(143)) - 46069bd9-45fc-4c82-823c-36f07a1bcff0: start FollowerState
2019-10-16 20:42:01,332 [Thread-950] INFO  impl.FollowerState (FollowerState.java:run(117)) - 46069bd9-45fc-4c82-823c-36f07a1bcff0@group-28ACFA97060E-FollowerState was interrupted: java.lang.InterruptedException: sleep interrupted
2019-10-16 20:42:01,332 [grpc-default-executor-0] INFO  impl.RoleInfo (RoleInfo.java:shutdownFollowerState(121)) - d612b743-bedc-4c3f-983e-e3329f8a2e6f: shutdown FollowerState
2019-10-16 20:42:01,332 [grpc-default-executor-0] INFO  impl.RoleInfo (RoleInfo.java:updateAndGet(143)) - d612b743-bedc-4c3f-983e-e3329f8a2e6f: start FollowerState
2019-10-16 20:42:01,332 [Thread-951] INFO  impl.FollowerState (FollowerState.java:run(117)) - d612b743-bedc-4c3f-983e-e3329f8a2e6f@group-28ACFA97060E-FollowerState was interrupted: java.lang.InterruptedException: sleep interrupted
2019-10-16 20:42:01,377 [bc0bc980-c963-48ce-962e-85091c893131@group-28ACFA97060E-LeaderElection61] INFO  impl.LeaderElection (LeaderElection.java:logAndReturn(56)) - bc0bc980-c963-48ce-962e-85091c893131@group-28ACFA97060E-LeaderElection61: Election REJECTED; received 2 response(s) [bc0bc980-c963-48ce-962e-85091c893131<-46069bd9-45fc-4c82-823c-36f07a1bcff0#0:FAIL-t25, bc0bc980-c963-48ce-962e-85091c893131<-d612b743-bedc-4c3f-983e-e3329f8a2e6f#0:FAIL-t25] and 0 exception(s); bc0bc980-c963-48ce-962e-85091c893131@group-28ACFA97060E:t25, leader=null, voted=bc0bc980-c963-48ce-962e-85091c893131, raftlog=bc0bc980-c963-48ce-962e-85091c893131@group-28ACFA97060E-SegmentedRaftLog:OPENED:c-1,f-1,i0, conf=-1: [46069bd9-45fc-4c82-823c-36f07a1bcff0:192.168.157.254:34001, bc0bc980-c963-48ce-962e-85091c893131:192.168.157.254:46787, d612b743-bedc-4c3f-983e-e3329f8a2e6f:192.168.157.254:44523], old=null
2019-10-16 20:42:01,377 [bc0bc980-c963-48ce-962e-85091c893131@group-28ACFA97060E-LeaderElection61] INFO  impl.RaftServerImpl (RaftServerImpl.java:setRole(184)) - bc0bc980-c963-48ce-962e-85091c893131@group-28ACFA97060E: changes role from CANDIDATE to FOLLOWER at term 25 for DISCOVERED_A_NEW_TERM
2019-10-16 20:42:01,377 [bc0bc980-c963-48ce-962e-85091c893131@group-28ACFA97060E-LeaderElection61] INFO  impl.RoleInfo (RoleInfo.java:shutdownLeaderElection(134)) - bc0bc980-c963-48ce-962e-85091c893131: shutdown LeaderElection
2019-10-16 20:42:01,377 [bc0bc980-c963-48ce-962e-85091c893131@group-28ACFA97060E-LeaderElection61] INFO  impl.RoleInfo (RoleInfo.java:updateAndGet(143)) - bc0bc980-c963-48ce-962e-85091c893131: start FollowerState
2019-10-16 20:42:01,407 [Thread-958] INFO  impl.FollowerState (FollowerState.java:run(108)) - bc0bc980-c963-48ce-962e-85091c893131@group-28ACFA97060E-FollowerState: change to CANDIDATE, lastRpcTime:29ms, electionTimeout:29ms
2019-10-16 20:42:01,407 [Thread-958] INFO  impl.RoleInfo (RoleInfo.java:shutdownFollowerState(121)) - bc0bc980-c963-48ce-962e-85091c893131: shutdown FollowerState
2019-10-16 20:42:01,407 [Thread-958] INFO  impl.RaftServerImpl (RaftServerImpl.java:setRole(184)) - bc0bc980-c963-48ce-962e-85091c893131@group-28ACFA97060E: changes role from  FOLLOWER to CANDIDATE at term 25 for changeToCandidate
2019-10-16 20:42:01,407 [Thread-958] INFO  impl.RoleInfo (RoleInfo.java:updateAndGet(143)) - bc0bc980-c963-48ce-962e-85091c893131: start LeaderElection
2019-10-16 20:42:01,424 [bc0bc980-c963-48ce-962e-85091c893131@group-28ACFA97060E-LeaderElection62] INFO  impl.LeaderElection (LeaderElection.java:askForVotes(178)) - bc0bc980-c963-48ce-962e-85091c893131@group-28ACFA97060E-LeaderElection62: begin an election at term 26 for -1: [46069bd9-45fc-4c82-823c-36f07a1bcff0:192.168.157.254:34001, bc0bc980-c963-48ce-962e-85091c893131:192.168.157.254:46787, d612b743-bedc-4c3f-983e-e3329f8a2e6f:192.168.157.254:44523], old=null
2019-10-16 20:42:01,427 [grpc-default-executor-0] INFO  impl.RaftServerImpl (RaftServerImpl.java:setRole(184)) - 46069bd9-45fc-4c82-823c-36f07a1bcff0@group-28ACFA97060E: changes role from  FOLLOWER to FOLLOWER at term 26 for recognizeCandidate:bc0bc980-c963-48ce-962e-85091c893131
2019-10-16 20:42:01,427 [grpc-default-executor-0] INFO  impl.RoleInfo (RoleInfo.java:shutdownFollowerState(121)) - 46069bd9-45fc-4c82-823c-36f07a1bcff0: shutdown FollowerState
2019-10-16 20:42:01,427 [grpc-default-executor-2] INFO  impl.RaftServerImpl (RaftServerImpl.java:setRole(184)) - d612b743-bedc-4c3f-983e-e3329f8a2e6f@group-28ACFA97060E: changes role from  FOLLOWER to FOLLOWER at term 26 for recognizeCandidate:bc0bc980-c963-48ce-962e-85091c893131
2019-10-16 20:42:01,427 [grpc-default-executor-2] INFO  impl.RoleInfo (RoleInfo.java:shutdownFollowerState(121)) - d612b743-bedc-4c3f-983e-e3329f8a2e6f: shutdown FollowerState
2019-10-16 20:42:01,427 [Thread-956] INFO  impl.FollowerState (FollowerState.java:run(117)) - 46069bd9-45fc-4c82-823c-36f07a1bcff0@group-28ACFA97060E-FollowerState was interrupted: java.lang.InterruptedException: sleep interrupted
2019-10-16 20:42:01,427 [grpc-default-executor-0] INFO  impl.RoleInfo (RoleInfo.java:updateAndGet(143)) - 46069bd9-45fc-4c82-823c-36f07a1bcff0: start FollowerState
2019-10-16 20:42:01,427 [Thread-957] INFO  impl.FollowerState (FollowerState.java:run(117)) - d612b743-bedc-4c3f-983e-e3329f8a2e6f@group-28ACFA97060E-FollowerState was interrupted: java.lang.InterruptedException: sleep interrupted
2019-10-16 20:42:01,427 [grpc-default-executor-2] INFO  impl.RoleInfo (RoleInfo.java:updateAndGet(143)) - d612b743-bedc-4c3f-983e-e3329f8a2e6f: start FollowerState
2019-10-16 20:42:01,435 [bc0bc980-c963-48ce-962e-85091c893131@group-28ACFA97060E-LeaderElection62] INFO  impl.LeaderElection (LeaderElection.java:logAndReturn(56)) - bc0bc980-c963-48ce-962e-85091c893131@group-28ACFA97060E-LeaderElection62: Election TIMEOUT; received 0 response(s) [] and 0 exception(s); bc0bc980-c963-48ce-962e-85091c893131@group-28ACFA97060E:t26, leader=null, voted=bc0bc980-c963-48ce-962e-85091c893131, raftlog=bc0bc980-c963-48ce-962e-85091c893131@group-28ACFA97060E-SegmentedRaftLog:OPENED:c-1,f-1,i0, conf=-1: [46069bd9-45fc-4c82-823c-36f07a1bcff0:192.168.157.254:34001, bc0bc980-c963-48ce-962e-85091c893131:192.168.157.254:46787, d612b743-bedc-4c3f-983e-e3329f8a2e6f:192.168.157.254:44523], old=null
2019-10-16 20:42:01,477 [bc0bc980-c963-48ce-962e-85091c893131@group-28ACFA97060E-LeaderElection62] INFO  impl.LeaderElection (LeaderElection.java:askForVotes(178)) - bc0bc980-c963-48ce-962e-85091c893131@group-28ACFA97060E-LeaderElection62: begin an election at term 27 for -1: [46069bd9-45fc-4c82-823c-36f07a1bcff0:192.168.157.254:34001, bc0bc980-c963-48ce-962e-85091c893131:192.168.157.254:46787, d612b743-bedc-4c3f-983e-e3329f8a2e6f:192.168.157.254:44523], old=null
2019-10-16 20:42:01,480 [grpc-default-executor-2] INFO  impl.RaftServerImpl (RaftServerImpl.java:setRole(184)) - d612b743-bedc-4c3f-983e-e3329f8a2e6f@group-28ACFA97060E: changes role from  FOLLOWER to FOLLOWER at term 27 for recognizeCandidate:bc0bc980-c963-48ce-962e-85091c893131
2019-10-16 20:42:01,480 [grpc-default-executor-2] INFO  impl.RoleInfo (RoleInfo.java:shutdownFollowerState(121)) - d612b743-bedc-4c3f-983e-e3329f8a2e6f: shutdown FollowerState
2019-10-16 20:42:01,480 [Thread-963] INFO  impl.FollowerState (FollowerState.java:run(117)) - d612b743-bedc-4c3f-983e-e3329f8a2e6f@group-28ACFA97060E-FollowerState was interrupted: java.lang.InterruptedException: sleep interrupted
2019-10-16 20:42:01,480 [grpc-default-executor-2] INFO  impl.RoleInfo (RoleInfo.java:updateAndGet(143)) - d612b743-bedc-4c3f-983e-e3329f8a2e6f: start FollowerState
2019-10-16 20:42:01,480 [grpc-default-executor-0] INFO  impl.RaftServerImpl (RaftServerImpl.java:setRole(184)) - 46069bd9-45fc-4c82-823c-36f07a1bcff0@group-28ACFA97060E: changes role from  FOLLOWER to FOLLOWER at term 27 for recognizeCandidate:bc0bc980-c963-48ce-962e-85091c893131
2019-10-16 20:42:01,480 [grpc-default-executor-0] INFO  impl.RoleInfo (RoleInfo.java:shutdownFollowerState(121)) - 46069bd9-45fc-4c82-823c-36f07a1bcff0: shutdown FollowerState
2019-10-16 20:42:01,480 [grpc-default-executor-0] INFO  impl.RoleInfo (RoleInfo.java:updateAndGet(143)) - 46069bd9-45fc-4c82-823c-36f07a1bcff0: start FollowerState
2019-10-16 20:42:01,480 [Thread-962] INFO  impl.FollowerState (FollowerState.java:run(117)) - 46069bd9-45fc-4c82-823c-36f07a1bcff0@group-28ACFA97060E-FollowerState was interrupted: java.lang.InterruptedException: sleep interrupted
2019-10-16 20:42:01,536 [bc0bc980-c963-48ce-962e-85091c893131@group-28ACFA97060E-LeaderElection62] INFO  impl.LeaderElection (LeaderElection.java:logAndReturn(56)) - bc0bc980-c963-48ce-962e-85091c893131@group-28ACFA97060E-LeaderElection62: Election TIMEOUT; received 0 response(s) [] and 0 exception(s); bc0bc980-c963-48ce-962e-85091c893131@group-28ACFA97060E:t27, leader=null, voted=bc0bc980-c963-48ce-962e-85091c893131, raftlog=bc0bc980-c963-48ce-962e-85091c893131@group-28ACFA97060E-SegmentedRaftLog:OPENED:c-1,f-1,i0, conf=-1: [46069bd9-45fc-4c82-823c-36f07a1bcff0:192.168.157.254:34001, bc0bc980-c963-48ce-962e-85091c893131:192.168.157.254:46787, d612b743-bedc-4c3f-983e-e3329f8a2e6f:192.168.157.254:44523], old=null
2019-10-16 20:42:01,583 [bc0bc980-c963-48ce-962e-85091c893131@group-28ACFA97060E-LeaderElection62] INFO  impl.LeaderElection (LeaderElection.java:askForVotes(178)) - bc0bc980-c963-48ce-962e-85091c893131@group-28ACFA97060E-LeaderElection62: begin an election at term 28 for -1: [46069bd9-45fc-4c82-823c-36f07a1bcff0:192.168.157.254:34001, bc0bc980-c963-48ce-962e-85091c893131:192.168.157.254:46787, d612b743-bedc-4c3f-983e-e3329f8a2e6f:192.168.157.254:44523], old=null
2019-10-16 20:42:01,585 [grpc-default-executor-0] INFO  impl.RaftServerImpl (RaftServerImpl.java:setRole(184)) - 46069bd9-45fc-4c82-823c-36f07a1bcff0@group-28ACFA97060E: changes role from  FOLLOWER to FOLLOWER at term 28 for recognizeCandidate:bc0bc980-c963-48ce-962e-85091c893131
2019-10-16 20:42:01,586 [grpc-default-executor-0] INFO  impl.RoleInfo (RoleInfo.java:shutdownFollowerState(121)) - 46069bd9-45fc-4c82-823c-36f07a1bcff0: shutdown FollowerState
2019-10-16 20:42:01,586 [grpc-default-executor-2] INFO  impl.RaftServerImpl (RaftServerImpl.java:setRole(184)) - d612b743-bedc-4c3f-983e-e3329f8a2e6f@group-28ACFA97060E: changes role from  FOLLOWER to FOLLOWER at term 28 for recognizeCandidate:bc0bc980-c963-48ce-962e-85091c893131
2019-10-16 20:42:01,586 [grpc-default-executor-2] INFO  impl.RoleInfo (RoleInfo.java:shutdownFollowerState(121)) - d612b743-bedc-4c3f-983e-e3329f8a2e6f: shutdown FollowerState
2019-10-16 20:42:01,586 [Thread-967] INFO  impl.FollowerState (FollowerState.java:run(117)) - 46069bd9-45fc-4c82-823c-36f07a1bcff0@group-28ACFA97060E-FollowerState was interrupted: java.lang.InterruptedException: sleep interrupted
2019-10-16 20:42:01,586 [grpc-default-executor-0] INFO  impl.RoleInfo (RoleInfo.java:updateAndGet(143)) - 46069bd9-45fc-4c82-823c-36f07a1bcff0: start FollowerState
2019-10-16 20:42:01,586 [Thread-966] INFO  impl.FollowerState (FollowerState.java:run(117)) - d612b743-bedc-4c3f-983e-e3329f8a2e6f@group-28ACFA97060E-FollowerState was interrupted: java.lang.InterruptedException: sleep interrupted
2019-10-16 20:42:01,586 [grpc-default-executor-2] INFO  impl.RoleInfo (RoleInfo.java:updateAndGet(143)) - d612b743-bedc-4c3f-983e-e3329f8a2e6f: start FollowerState
2019-10-16 20:42:01,665 [bc0bc980-c963-48ce-962e-85091c893131@group-28ACFA97060E-LeaderElection62] INFO  impl.LeaderElection (LeaderElection.java:logAndReturn(56)) - bc0bc980-c963-48ce-962e-85091c893131@group-28ACFA97060E-LeaderElection62: Election TIMEOUT; received 0 response(s) [] and 0 exception(s); bc0bc980-c963-48ce-962e-85091c893131@group-28ACFA97060E:t28, leader=null, voted=bc0bc980-c963-48ce-962e-85091c893131, raftlog=bc0bc980-c963-48ce-962e-85091c893131@group-28ACFA97060E-SegmentedRaftLog:OPENED:c-1,f-1,i0, conf=-1: [46069bd9-45fc-4c82-823c-36f07a1bcff0:192.168.157.254:34001, bc0bc980-c963-48ce-962e-85091c893131:192.168.157.254:46787, d612b743-bedc-4c3f-983e-e3329f8a2e6f:192.168.157.254:44523], old=null
2019-10-16 20:42:01,676 [bc0bc980-c963-48ce-962e-85091c893131@group-28ACFA97060E-LeaderElection62] INFO  impl.LeaderElection (LeaderElection.java:askForVotes(178)) - bc0bc980-c963-48ce-962e-85091c893131@group-28ACFA97060E-LeaderElection62: begin an election at term 29 for -1: [46069bd9-45fc-4c82-823c-36f07a1bcff0:192.168.157.254:34001, bc0bc980-c963-48ce-962e-85091c893131:192.168.157.254:46787, d612b743-bedc-4c3f-983e-e3329f8a2e6f:192.168.157.254:44523], old=null
2019-10-16 20:42:01,679 [grpc-default-executor-2] INFO  impl.RaftServerImpl (RaftServerImpl.java:setRole(184)) - 46069bd9-45fc-4c82-823c-36f07a1bcff0@group-28ACFA97060E: changes role from  FOLLOWER to FOLLOWER at term 29 for recognizeCandidate:bc0bc980-c963-48ce-962e-85091c893131
2019-10-16 20:42:01,679 [grpc-default-executor-2] INFO  impl.RoleInfo (RoleInfo.java:shutdownFollowerState(121)) - 46069bd9-45fc-4c82-823c-36f07a1bcff0: shutdown FollowerState
2019-10-16 20:42:01,679 [grpc-default-executor-0] INFO  impl.RaftServerImpl (RaftServerImpl.java:setRole(184)) - d612b743-bedc-4c3f-983e-e3329f8a2e6f@group-28ACFA97060E: changes role from  FOLLOWER to FOLLOWER at term 29 for recognizeCandidate:bc0bc980-c963-48ce-962e-85091c893131
2019-10-16 20:42:01,679 [Thread-970] INFO  impl.FollowerState (FollowerState.java:run(117)) - 46069bd9-45fc-4c82-823c-36f07a1bcff0@group-28ACFA97060E-FollowerState was interrupted: java.lang.InterruptedException: sleep interrupted
2019-10-16 20:42:01,679 [grpc-default-executor-2] INFO  impl.RoleInfo (RoleInfo.java:updateAndGet(143)) - 46069bd9-45fc-4c82-823c-36f07a1bcff0: start FollowerState
2019-10-16 20:42:01,679 [grpc-default-executor-0] INFO  impl.RoleInfo (RoleInfo.java:shutdownFollowerState(121)) - d612b743-bedc-4c3f-983e-e3329f8a2e6f: shutdown FollowerState
2019-10-16 20:42:01,680 [grpc-default-executor-0] INFO  impl.RoleInfo (RoleInfo.java:updateAndGet(143)) - d612b743-bedc-4c3f-983e-e3329f8a2e6f: start FollowerState
2019-10-16 20:42:01,680 [Thread-971] INFO  impl.FollowerState (FollowerState.java:run(117)) - d612b743-bedc-4c3f-983e-e3329f8a2e6f@group-28ACFA97060E-FollowerState was interrupted: java.lang.InterruptedException: sleep interrupted
2019-10-16 20:42:01,729 [bc0bc980-c963-48ce-962e-85091c893131@group-28ACFA97060E-LeaderElection62] INFO  impl.LeaderElection (LeaderElection.java:logAndReturn(56)) - bc0bc980-c963-48ce-962e-85091c893131@group-28ACFA97060E-LeaderElection62: Election REJECTED; received 2 response(s) [bc0bc980-c963-48ce-962e-85091c893131<-46069bd9-45fc-4c82-823c-36f07a1bcff0#0:FAIL-t29, bc0bc980-c963-48ce-962e-85091c893131<-d612b743-bedc-4c3f-983e-e3329f8a2e6f#0:FAIL-t29] and 0 exception(s); bc0bc980-c963-48ce-962e-85091c893131@group-28ACFA97060E:t29, leader=null, voted=bc0bc980-c963-48ce-962e-85091c893131, raftlog=bc0bc980-c963-48ce-962e-85091c893131@group-28ACFA97060E-SegmentedRaftLog:OPENED:c-1,f-1,i0, conf=-1: [46069bd9-45fc-4c82-823c-36f07a1bcff0:192.168.157.254:34001, bc0bc980-c963-48ce-962e-85091c893131:192.168.157.254:46787, d612b743-bedc-4c3f-983e-e3329f8a2e6f:192.168.157.254:44523], old=null
2019-10-16 20:42:01,729 [bc0bc980-c963-48ce-962e-85091c893131@group-28ACFA97060E-LeaderElection62] INFO  impl.RaftServerImpl (RaftServerImpl.java:setRole(184)) - bc0bc980-c963-48ce-962e-85091c893131@group-28ACFA97060E: changes role from CANDIDATE to FOLLOWER at term 29 for DISCOVERED_A_NEW_TERM
2019-10-16 20:42:01,730 [bc0bc980-c963-48ce-962e-85091c893131@group-28ACFA97060E-LeaderElection62] INFO  impl.RoleInfo (RoleInfo.java:shutdownLeaderElection(134)) - bc0bc980-c963-48ce-962e-85091c893131: shutdown LeaderElection
2019-10-16 20:42:01,730 [bc0bc980-c963-48ce-962e-85091c893131@group-28ACFA97060E-LeaderElection62] INFO  impl.RoleInfo (RoleInfo.java:updateAndGet(143)) - bc0bc980-c963-48ce-962e-85091c893131: start FollowerState
2019-10-16 20:42:01,889 [Thread-976] INFO  impl.FollowerState (FollowerState.java:run(108)) - bc0bc980-c963-48ce-962e-85091c893131@group-28ACFA97060E-FollowerState: change to CANDIDATE, lastRpcTime:159ms, electionTimeout:159ms
2019-10-16 20:42:01,889 [Thread-976] INFO  impl.RoleInfo (RoleInfo.java:shutdownFollowerState(121)) - bc0bc980-c963-48ce-962e-85091c893131: shutdown FollowerState
2019-10-16 20:42:01,889 [Thread-976] INFO  impl.RaftServerImpl (RaftServerImpl.java:setRole(184)) - bc0bc980-c963-48ce-962e-85091c893131@group-28ACFA97060E: changes role from  FOLLOWER to CANDIDATE at term 29 for changeToCandidate
2019-10-16 20:42:01,890 [Thread-976] INFO  impl.RoleInfo (RoleInfo.java:updateAndGet(143)) - bc0bc980-c963-48ce-962e-85091c893131: start LeaderElection
2019-10-16 20:42:01,905 [bc0bc980-c963-48ce-962e-85091c893131@group-28ACFA97060E-LeaderElection63] INFO  impl.LeaderElection (LeaderElection.java:askForVotes(178)) - bc0bc980-c963-48ce-962e-85091c893131@group-28ACFA97060E-LeaderElection63: begin an election at term 30 for -1: [46069bd9-45fc-4c82-823c-36f07a1bcff0:192.168.157.254:34001, bc0bc980-c963-48ce-962e-85091c893131:192.168.157.254:46787, d612b743-bedc-4c3f-983e-e3329f8a2e6f:192.168.157.254:44523], old=null
2019-10-16 20:42:01,908 [grpc-default-executor-2] INFO  impl.RaftServerImpl (RaftServerImpl.java:setRole(184)) - 46069bd9-45fc-4c82-823c-36f07a1bcff0@group-28ACFA97060E: changes role from  FOLLOWER to FOLLOWER at term 30 for recognizeCandidate:bc0bc980-c963-48ce-962e-85091c893131
2019-10-16 20:42:01,908 [grpc-default-executor-2] INFO  impl.RoleInfo (RoleInfo.java:shutdownFollowerState(121)) - 46069bd9-45fc-4c82-823c-36f07a1bcff0: shutdown FollowerState
2019-10-16 20:42:01,908 [grpc-default-executor-0] INFO  impl.RaftServerImpl (RaftServerImpl.java:setRole(184)) - d612b743-bedc-4c3f-983e-e3329f8a2e6f@group-28ACFA97060E: changes role from  FOLLOWER to FOLLOWER at term 30 for recognizeCandidate:bc0bc980-c963-48ce-962e-85091c893131
2019-10-16 20:42:01,908 [grpc-default-executor-2] INFO  impl.RoleInfo (RoleInfo.java:updateAndGet(143)) - 46069bd9-45fc-4c82-823c-36f07a1bcff0: start FollowerState
2019-10-16 20:42:01,908 [Thread-974] INFO  impl.FollowerState (FollowerState.java:run(117)) - 46069bd9-45fc-4c82-823c-36f07a1bcff0@group-28ACFA97060E-FollowerState was interrupted: java.lang.InterruptedException: sleep interrupted
2019-10-16 20:42:01,908 [grpc-default-executor-0] INFO  impl.RoleInfo (RoleInfo.java:shutdownFollowerState(121)) - d612b743-bedc-4c3f-983e-e3329f8a2e6f: shutdown FollowerState
2019-10-16 20:42:01,909 [grpc-default-executor-0] INFO  impl.RoleInfo (RoleInfo.java:updateAndGet(143)) - d612b743-bedc-4c3f-983e-e3329f8a2e6f: start FollowerState
2019-10-16 20:42:01,909 [Thread-975] INFO  impl.FollowerState (FollowerState.java:run(117)) - d612b743-bedc-4c3f-983e-e3329f8a2e6f@group-28ACFA97060E-FollowerState was interrupted: java.lang.InterruptedException: sleep interrupted
2019-10-16 20:42:01,935 [bc0bc980-c963-48ce-962e-85091c893131@group-28ACFA97060E-LeaderElection63] INFO  impl.LeaderElection (LeaderElection.java:logAndReturn(56)) - bc0bc980-c963-48ce-962e-85091c893131@group-28ACFA97060E-LeaderElection63: Election REJECTED; received 2 response(s) [bc0bc980-c963-48ce-962e-85091c893131<-46069bd9-45fc-4c82-823c-36f07a1bcff0#0:FAIL-t30, bc0bc980-c963-48ce-962e-85091c893131<-d612b743-bedc-4c3f-983e-e3329f8a2e6f#0:FAIL-t30] and 0 exception(s); bc0bc980-c963-48ce-962e-85091c893131@group-28ACFA97060E:t30, leader=null, voted=bc0bc980-c963-48ce-962e-85091c893131, raftlog=bc0bc980-c963-48ce-962e-85091c893131@group-28ACFA97060E-SegmentedRaftLog:OPENED:c-1,f-1,i0, conf=-1: [46069bd9-45fc-4c82-823c-36f07a1bcff0:192.168.157.254:34001, bc0bc980-c963-48ce-962e-85091c893131:192.168.157.254:46787, d612b743-bedc-4c3f-983e-e3329f8a2e6f:192.168.157.254:44523], old=null
2019-10-16 20:42:01,935 [bc0bc980-c963-48ce-962e-85091c893131@group-28ACFA97060E-LeaderElection63] INFO  impl.RaftServerImpl (RaftServerImpl.java:setRole(184)) - bc0bc980-c963-48ce-962e-85091c893131@group-28ACFA97060E: changes role from CANDIDATE to FOLLOWER at term 30 for DISCOVERED_A_NEW_TERM
2019-10-16 20:42:01,935 [bc0bc980-c963-48ce-962e-85091c893131@group-28ACFA97060E-LeaderElection63] INFO  impl.RoleInfo (RoleInfo.java:shutdownLeaderElection(134)) - bc0bc980-c963-48ce-962e-85091c893131: shutdown LeaderElection
2019-10-16 20:42:01,936 [bc0bc980-c963-48ce-962e-85091c893131@group-28ACFA97060E-LeaderElection63] INFO  impl.RoleInfo (RoleInfo.java:updateAndGet(143)) - bc0bc980-c963-48ce-962e-85091c893131: start FollowerState
2019-10-16 20:42:02,098 [Thread-982] INFO  impl.FollowerState (FollowerState.java:run(108)) - bc0bc980-c963-48ce-962e-85091c893131@group-28ACFA97060E-FollowerState: change to CANDIDATE, lastRpcTime:162ms, electionTimeout:162ms
2019-10-16 20:42:02,098 [Thread-982] INFO  impl.RoleInfo (RoleInfo.java:shutdownFollowerState(121)) - bc0bc980-c963-48ce-962e-85091c893131: shutdown FollowerState
2019-10-16 20:42:02,099 [Thread-982] INFO  impl.RaftServerImpl (RaftServerImpl.java:setRole(184)) - bc0bc980-c963-48ce-962e-85091c893131@group-28ACFA97060E: changes role from  FOLLOWER to CANDIDATE at term 30 for changeToCandidate
2019-10-16 20:42:02,099 [Thread-982] INFO  impl.RoleInfo (RoleInfo.java:updateAndGet(143)) - bc0bc980-c963-48ce-962e-85091c893131: start LeaderElection
2019-10-16 20:42:02,140 [bc0bc980-c963-48ce-962e-85091c893131@group-28ACFA97060E-LeaderElection64] INFO  impl.LeaderElection (LeaderElection.java:askForVotes(178)) - bc0bc980-c963-48ce-962e-85091c893131@group-28ACFA97060E-LeaderElection64: begin an election at term 31 for -1: [46069bd9-45fc-4c82-823c-36f07a1bcff0:192.168.157.254:34001, bc0bc980-c963-48ce-962e-85091c893131:192.168.157.254:46787, d612b743-bedc-4c3f-983e-e3329f8a2e6f:192.168.157.254:44523], old=null
2019-10-16 20:42:02,143 [grpc-default-executor-0] INFO  impl.RaftServerImpl (RaftServerImpl.java:setRole(184)) - 46069bd9-45fc-4c82-823c-36f07a1bcff0@group-28ACFA97060E: changes role from  FOLLOWER to FOLLOWER at term 31 for recognizeCandidate:bc0bc980-c963-48ce-962e-85091c893131
2019-10-16 20:42:02,143 [grpc-default-executor-0] INFO  impl.RoleInfo (RoleInfo.java:shutdownFollowerState(121)) - 46069bd9-45fc-4c82-823c-36f07a1bcff0: shutdown FollowerState
2019-10-16 20:42:02,143 [grpc-default-executor-2] INFO  impl.RaftServerImpl (RaftServerImpl.java:setRole(184)) - d612b743-bedc-4c3f-983e-e3329f8a2e6f@group-28ACFA97060E: changes role from  FOLLOWER to FOLLOWER at term 31 for recognizeCandidate:bc0bc980-c963-48ce-962e-85091c893131
2019-10-16 20:42:02,144 [Thread-980] INFO  impl.FollowerState (FollowerState.java:run(117)) - 46069bd9-45fc-4c82-823c-36f07a1bcff0@group-28ACFA97060E-FollowerState was interrupted: java.lang.InterruptedException: sleep interrupted
2019-10-16 20:42:02,143 [grpc-default-executor-0] INFO  impl.RoleInfo (RoleInfo.java:updateAndGet(143)) - 46069bd9-45fc-4c82-823c-36f07a1bcff0: start FollowerState
2019-10-16 20:42:02,144 [grpc-default-executor-2] INFO  impl.RoleInfo (RoleInfo.java:shutdownFollowerState(121)) - d612b743-bedc-4c3f-983e-e3329f8a2e6f: shutdown FollowerState
2019-10-16 20:42:02,144 [grpc-default-executor-2] INFO  impl.RoleInfo (RoleInfo.java:updateAndGet(143)) - d612b743-bedc-4c3f-983e-e3329f8a2e6f: start FollowerState
2019-10-16 20:42:02,144 [Thread-981] INFO  impl.FollowerState (FollowerState.java:run(117)) - d612b743-bedc-4c3f-983e-e3329f8a2e6f@group-28ACFA97060E-FollowerState was interrupted: java.lang.InterruptedException: sleep interrupted
2019-10-16 20:42:02,181 [bc0bc980-c963-48ce-962e-85091c893131@group-28ACFA97060E-LeaderElection64] INFO  impl.LeaderElection (LeaderElection.java:logAndReturn(56)) - bc0bc980-c963-48ce-962e-85091c893131@group-28ACFA97060E-LeaderElection64: Election REJECTED; received 2 response(s) [bc0bc980-c963-48ce-962e-85091c893131<-46069bd9-45fc-4c82-823c-36f07a1bcff0#0:FAIL-t31, bc0bc980-c963-48ce-962e-85091c893131<-d612b743-bedc-4c3f-983e-e3329f8a2e6f#0:FAIL-t31] and 0 exception(s); bc0bc980-c963-48ce-962e-85091c893131@group-28ACFA97060E:t31, leader=null, voted=bc0bc980-c963-48ce-962e-85091c893131, raftlog=bc0bc980-c963-48ce-962e-85091c893131@group-28ACFA97060E-SegmentedRaftLog:OPENED:c-1,f-1,i0, conf=-1: [46069bd9-45fc-4c82-823c-36f07a1bcff0:192.168.157.254:34001, bc0bc980-c963-48ce-962e-85091c893131:192.168.157.254:46787, d612b743-bedc-4c3f-983e-e3329f8a2e6f:192.168.157.254:44523], old=null
2019-10-16 20:42:02,181 [bc0bc980-c963-48ce-962e-85091c893131@group-28ACFA97060E-LeaderElection64] INFO  impl.RaftServerImpl (RaftServerImpl.java:setRole(184)) - bc0bc980-c963-48ce-962e-85091c893131@group-28ACFA97060E: changes role from CANDIDATE to FOLLOWER at term 31 for DISCOVERED_A_NEW_TERM
2019-10-16 20:42:02,181 [bc0bc980-c963-48ce-962e-85091c893131@group-28ACFA97060E-LeaderElection64] INFO  impl.RoleInfo (RoleInfo.java:shutdownLeaderElection(134)) - bc0bc980-c963-48ce-962e-85091c893131: shutdown LeaderElection
2019-10-16 20:42:02,182 [bc0bc980-c963-48ce-962e-85091c893131@group-28ACFA97060E-LeaderElection64] INFO  impl.RoleInfo (RoleInfo.java:updateAndGet(143)) - bc0bc980-c963-48ce-962e-85091c893131: start FollowerState
2019-10-16 20:42:02,286 [Thread-988] INFO  impl.FollowerState (FollowerState.java:run(108)) - bc0bc980-c963-48ce-962e-85091c893131@group-28ACFA97060E-FollowerState: change to CANDIDATE, lastRpcTime:104ms, electionTimeout:104ms
2019-10-16 20:42:02,286 [Thread-988] INFO  impl.RoleInfo (RoleInfo.java:shutdownFollowerState(121)) - bc0bc980-c963-48ce-962e-85091c893131: shutdown FollowerState
2019-10-16 20:42:02,287 [Thread-988] INFO  impl.RaftServerImpl (RaftServerImpl.java:setRole(184)) - bc0bc980-c963-48ce-962e-85091c893131@group-28ACFA97060E: changes role from  FOLLOWER to CANDIDATE at term 31 for changeToCandidate
2019-10-16 20:42:02,287 [Thread-988] INFO  impl.RoleInfo (RoleInfo.java:updateAndGet(143)) - bc0bc980-c963-48ce-962e-85091c893131: start LeaderElection
2019-10-16 20:42:02,313 [bc0bc980-c963-48ce-962e-85091c893131@group-28ACFA97060E-LeaderElection65] INFO  impl.LeaderElection (LeaderElection.java:askForVotes(178)) - bc0bc980-c963-48ce-962e-85091c893131@group-28ACFA97060E-LeaderElection65: begin an election at term 32 for -1: [46069bd9-45fc-4c82-823c-36f07a1bcff0:192.168.157.254:34001, bc0bc980-c963-48ce-962e-85091c893131:192.168.157.254:46787, d612b743-bedc-4c3f-983e-e3329f8a2e6f:192.168.157.254:44523], old=null
2019-10-16 20:42:02,317 [grpc-default-executor-2] INFO  impl.RaftServerImpl (RaftServerImpl.java:setRole(184)) - d612b743-bedc-4c3f-983e-e3329f8a2e6f@group-28ACFA97060E: changes role from  FOLLOWER to FOLLOWER at term 32 for recognizeCandidate:bc0bc980-c963-48ce-962e-85091c893131
2019-10-16 20:42:02,318 [grpc-default-executor-0] INFO  impl.RaftServerImpl (RaftServerImpl.java:setRole(184)) - 46069bd9-45fc-4c82-823c-36f07a1bcff0@group-28ACFA97060E: changes role from  FOLLOWER to FOLLOWER at term 32 for recognizeCandidate:bc0bc980-c963-48ce-962e-85091c893131
2019-10-16 20:42:02,318 [grpc-default-executor-2] INFO  impl.RoleInfo (RoleInfo.java:shutdownFollowerState(121)) - d612b743-bedc-4c3f-983e-e3329f8a2e6f: shutdown FollowerState
2019-10-16 20:42:02,318 [grpc-default-executor-0] INFO  impl.RoleInfo (RoleInfo.java:shutdownFollowerState(121)) - 46069bd9-45fc-4c82-823c-36f07a1bcff0: shutdown FollowerState
2019-10-16 20:42:02,318 [grpc-default-executor-2] INFO  impl.RoleInfo (RoleInfo.java:updateAndGet(143)) - d612b743-bedc-4c3f-983e-e3329f8a2e6f: start FollowerState
2019-10-16 20:42:02,318 [Thread-987] INFO  impl.FollowerState (FollowerState.java:run(117)) - d612b743-bedc-4c3f-983e-e3329f8a2e6f@group-28ACFA97060E-FollowerState was interrupted: java.lang.InterruptedException: sleep interrupted
2019-10-16 20:42:02,318 [Thread-986] INFO  impl.FollowerState (FollowerState.java:run(117)) - 46069bd9-45fc-4c82-823c-36f07a1bcff0@group-28ACFA97060E-FollowerState was interrupted: java.lang.InterruptedException: sleep interrupted
2019-10-16 20:42:02,318 [grpc-default-executor-0] INFO  impl.RoleInfo (RoleInfo.java:updateAndGet(143)) - 46069bd9-45fc-4c82-823c-36f07a1bcff0: start FollowerState
2019-10-16 20:42:02,332 [bc0bc980-c963-48ce-962e-85091c893131@group-28ACFA97060E-LeaderElection65] INFO  impl.LeaderElection (LeaderElection.java:logAndReturn(56)) - bc0bc980-c963-48ce-962e-85091c893131@group-28ACFA97060E-LeaderElection65: Election REJECTED; received 2 response(s) [bc0bc980-c963-48ce-962e-85091c893131<-46069bd9-45fc-4c82-823c-36f07a1bcff0#0:FAIL-t32, bc0bc980-c963-48ce-962e-85091c893131<-d612b743-bedc-4c3f-983e-e3329f8a2e6f#0:FAIL-t32] and 0 exception(s); bc0bc980-c963-48ce-962e-85091c893131@group-28ACFA97060E:t32, leader=null, voted=bc0bc980-c963-48ce-962e-85091c893131, raftlog=bc0bc980-c963-48ce-962e-85091c893131@group-28ACFA97060E-SegmentedRaftLog:OPENED:c-1,f-1,i0, conf=-1: [46069bd9-45fc-4c82-823c-36f07a1bcff0:192.168.157.254:34001, bc0bc980-c963-48ce-962e-85091c893131:192.168.157.254:46787, d612b743-bedc-4c3f-983e-e3329f8a2e6f:192.168.157.254:44523], old=null
2019-10-16 20:42:02,333 [bc0bc980-c963-48ce-962e-85091c893131@group-28ACFA97060E-LeaderElection65] INFO  impl.RaftServerImpl (RaftServerImpl.java:setRole(184)) - bc0bc980-c963-48ce-962e-85091c893131@group-28ACFA97060E: changes role from CANDIDATE to FOLLOWER at term 32 for DISCOVERED_A_NEW_TERM
2019-10-16 20:42:02,333 [bc0bc980-c963-48ce-962e-85091c893131@group-28ACFA97060E-LeaderElection65] INFO  impl.RoleInfo (RoleInfo.java:shutdownLeaderElection(134)) - bc0bc980-c963-48ce-962e-85091c893131: shutdown LeaderElection
2019-10-16 20:42:02,333 [bc0bc980-c963-48ce-962e-85091c893131@group-28ACFA97060E-LeaderElection65] INFO  impl.RoleInfo (RoleInfo.java:updateAndGet(143)) - bc0bc980-c963-48ce-962e-85091c893131: start FollowerState
2019-10-16 20:42:02,525 [Thread-994] INFO  impl.FollowerState (FollowerState.java:run(108)) - bc0bc980-c963-48ce-962e-85091c893131@group-28ACFA97060E-FollowerState: change to CANDIDATE, lastRpcTime:192ms, electionTimeout:192ms
2019-10-16 20:42:02,526 [Thread-994] INFO  impl.RoleInfo (RoleInfo.java:shutdownFollowerState(121)) - bc0bc980-c963-48ce-962e-85091c893131: shutdown FollowerState
2019-10-16 20:42:02,526 [Thread-994] INFO  impl.RaftServerImpl (RaftServerImpl.java:setRole(184)) - bc0bc980-c963-48ce-962e-85091c893131@group-28ACFA97060E: changes role from  FOLLOWER to CANDIDATE at term 32 for changeToCandidate
2019-10-16 20:42:02,526 [Thread-994] INFO  impl.RoleInfo (RoleInfo.java:updateAndGet(143)) - bc0bc980-c963-48ce-962e-85091c893131: start LeaderElection
2019-10-16 20:42:02,596 [bc0bc980-c963-48ce-962e-85091c893131@group-28ACFA97060E-LeaderElection66] INFO  impl.LeaderElection (LeaderElection.java:askForVotes(178)) - bc0bc980-c963-48ce-962e-85091c893131@group-28ACFA97060E-LeaderElection66: begin an election at term 33 for -1: [46069bd9-45fc-4c82-823c-36f07a1bcff0:192.168.157.254:34001, bc0bc980-c963-48ce-962e-85091c893131:192.168.157.254:46787, d612b743-bedc-4c3f-983e-e3329f8a2e6f:192.168.157.254:44523], old=null
2019-10-16 20:42:02,605 [grpc-default-executor-0] INFO  impl.RaftServerImpl (RaftServerImpl.java:setRole(184)) - 46069bd9-45fc-4c82-823c-36f07a1bcff0@group-28ACFA97060E: changes role from  FOLLOWER to FOLLOWER at term 33 for recognizeCandidate:bc0bc980-c963-48ce-962e-85091c893131
2019-10-16 20:42:02,605 [grpc-default-executor-2] INFO  impl.RaftServerImpl (RaftServerImpl.java:setRole(184)) - d612b743-bedc-4c3f-983e-e3329f8a2e6f@group-28ACFA97060E: changes role from  FOLLOWER to FOLLOWER at term 33 for recognizeCandidate:bc0bc980-c963-48ce-962e-85091c893131
2019-10-16 20:42:02,605 [grpc-default-executor-0] INFO  impl.RoleInfo (RoleInfo.java:shutdownFollowerState(121)) - 46069bd9-45fc-4c82-823c-36f07a1bcff0: shutdown FollowerState
2019-10-16 20:42:02,606 [grpc-default-executor-2] INFO  impl.RoleInfo (RoleInfo.java:shutdownFollowerState(121)) - d612b743-bedc-4c3f-983e-e3329f8a2e6f: shutdown FollowerState
2019-10-16 20:42:02,606 [Thread-993] INFO  impl.FollowerState (FollowerState.java:run(117)) - 46069bd9-45fc-4c82-823c-36f07a1bcff0@group-28ACFA97060E-FollowerState was interrupted: java.lang.InterruptedException: sleep interrupted
2019-10-16 20:42:02,606 [grpc-default-executor-0] INFO  impl.RoleInfo (RoleInfo.java:updateAndGet(143)) - 46069bd9-45fc-4c82-823c-36f07a1bcff0: start FollowerState
2019-10-16 20:42:02,606 [grpc-default-executor-2] INFO  impl.RoleInfo (RoleInfo.java:updateAndGet(143)) - d612b743-bedc-4c3f-983e-e3329f8a2e6f: start FollowerState
2019-10-16 20:42:02,606 [Thread-992] INFO  impl.FollowerState (FollowerState.java:run(117)) - d612b743-bedc-4c3f-983e-e3329f8a2e6f@group-28ACFA97060E-FollowerState was interrupted: java.lang.InterruptedException: sleep interrupted
2019-10-16 20:42:02,615 [bc0bc980-c963-48ce-962e-85091c893131@group-28ACFA97060E-LeaderElection66] INFO  impl.LeaderElection (LeaderElection.java:logAndReturn(56)) - bc0bc980-c963-48ce-962e-85091c893131@group-28ACFA97060E-LeaderElection66: Election TIMEOUT; received 0 response(s) [] and 0 exception(s); bc0bc980-c963-48ce-962e-85091c893131@group-28ACFA97060E:t33, leader=null, voted=bc0bc980-c963-48ce-962e-85091c893131, raftlog=bc0bc980-c963-48ce-962e-85091c893131@group-28ACFA97060E-SegmentedRaftLog:OPENED:c-1,f-1,i0, conf=-1: [46069bd9-45fc-4c82-823c-36f07a1bcff0:192.168.157.254:34001, bc0bc980-c963-48ce-962e-85091c893131:192.168.157.254:46787, d612b743-bedc-4c3f-983e-e3329f8a2e6f:192.168.157.254:44523], old=null
2019-10-16 20:42:02,648 [bc0bc980-c963-48ce-962e-85091c893131@group-28ACFA97060E-LeaderElection66] INFO  impl.LeaderElection (LeaderElection.java:askForVotes(178)) - bc0bc980-c963-48ce-962e-85091c893131@group-28ACFA97060E-LeaderElection66: begin an election at term 34 for -1: [46069bd9-45fc-4c82-823c-36f07a1bcff0:192.168.157.254:34001, bc0bc980-c963-48ce-962e-85091c893131:192.168.157.254:46787, d612b743-bedc-4c3f-983e-e3329f8a2e6f:192.168.157.254:44523], old=null
2019-10-16 20:42:02,650 [grpc-default-executor-0] INFO  impl.RaftServerImpl (RaftServerImpl.java:setRole(184)) - 46069bd9-45fc-4c82-823c-36f07a1bcff0@group-28ACFA97060E: changes role from  FOLLOWER to FOLLOWER at term 34 for recognizeCandidate:bc0bc980-c963-48ce-962e-85091c893131
2019-10-16 20:42:02,650 [grpc-default-executor-0] INFO  impl.RoleInfo (RoleInfo.java:shutdownFollowerState(121)) - 46069bd9-45fc-4c82-823c-36f07a1bcff0: shutdown FollowerState
2019-10-16 20:42:02,650 [grpc-default-executor-0] INFO  impl.RoleInfo (RoleInfo.java:updateAndGet(143)) - 46069bd9-45fc-4c82-823c-36f07a1bcff0: start FollowerState
2019-10-16 20:42:02,650 [grpc-default-executor-2] INFO  impl.RaftServerImpl (RaftServerImpl.java:setRole(184)) - d612b743-bedc-4c3f-983e-e3329f8a2e6f@group-28ACFA97060E: changes role from  FOLLOWER to FOLLOWER at term 34 for recognizeCandidate:bc0bc980-c963-48ce-962e-85091c893131
2019-10-16 20:42:02,650 [Thread-998] INFO  impl.FollowerState (FollowerState.java:run(117)) - 46069bd9-45fc-4c82-823c-36f07a1bcff0@group-28ACFA97060E-FollowerState was interrupted: java.lang.InterruptedException: sleep interrupted
2019-10-16 20:42:02,651 [grpc-default-executor-2] INFO  impl.RoleInfo (RoleInfo.java:shutdownFollowerState(121)) - d612b743-bedc-4c3f-983e-e3329f8a2e6f: shutdown FollowerState
2019-10-16 20:42:02,651 [grpc-default-executor-2] INFO  impl.RoleInfo (RoleInfo.java:updateAndGet(143)) - d612b743-bedc-4c3f-983e-e3329f8a2e6f: start FollowerState
2019-10-16 20:42:02,651 [Thread-999] INFO  impl.FollowerState (FollowerState.java:run(117)) - d612b743-bedc-4c3f-983e-e3329f8a2e6f@group-28ACFA97060E-FollowerState was interrupted: java.lang.InterruptedException: sleep interrupted
2019-10-16 20:42:02,697 [bc0bc980-c963-48ce-962e-85091c893131@group-28ACFA97060E-LeaderElection66] INFO  impl.LeaderElection (LeaderElection.java:logAndReturn(56)) - bc0bc980-c963-48ce-962e-85091c893131@group-28ACFA97060E-LeaderElection66: Election REJECTED; received 2 response(s) [bc0bc980-c963-48ce-962e-85091c893131<-46069bd9-45fc-4c82-823c-36f07a1bcff0#0:FAIL-t34, bc0bc980-c963-48ce-962e-85091c893131<-d612b743-bedc-4c3f-983e-e3329f8a2e6f#0:FAIL-t34] and 0 exception(s); bc0bc980-c963-48ce-962e-85091c893131@group-28ACFA97060E:t34, leader=null, voted=bc0bc980-c963-48ce-962e-85091c893131, raftlog=bc0bc980-c963-48ce-962e-85091c893131@group-28ACFA97060E-SegmentedRaftLog:OPENED:c-1,f-1,i0, conf=-1: [46069bd9-45fc-4c82-823c-36f07a1bcff0:192.168.157.254:34001, bc0bc980-c963-48ce-962e-85091c893131:192.168.157.254:46787, d612b743-bedc-4c3f-983e-e3329f8a2e6f:192.168.157.254:44523], old=null
2019-10-16 20:42:02,697 [bc0bc980-c963-48ce-962e-85091c893131@group-28ACFA97060E-LeaderElection66] INFO  impl.RaftServerImpl (RaftServerImpl.java:setRole(184)) - bc0bc980-c963-48ce-962e-85091c893131@group-28ACFA97060E: changes role from CANDIDATE to FOLLOWER at term 34 for DISCOVERED_A_NEW_TERM
2019-10-16 20:42:02,697 [bc0bc980-c963-48ce-962e-85091c893131@group-28ACFA97060E-LeaderElection66] INFO  impl.RoleInfo (RoleInfo.java:shutdownLeaderElection(134)) - bc0bc980-c963-48ce-962e-85091c893131: shutdown LeaderElection
2019-10-16 20:42:02,697 [bc0bc980-c963-48ce-962e-85091c893131@group-28ACFA97060E-LeaderElection66] INFO  impl.RoleInfo (RoleInfo.java:updateAndGet(143)) - bc0bc980-c963-48ce-962e-85091c893131: start FollowerState
2019-10-16 20:42:02,801 [Thread-1004] INFO  impl.FollowerState (FollowerState.java:run(108)) - bc0bc980-c963-48ce-962e-85091c893131@group-28ACFA97060E-FollowerState: change to CANDIDATE, lastRpcTime:103ms, electionTimeout:103ms
2019-10-16 20:42:02,801 [Thread-1004] INFO  impl.RoleInfo (RoleInfo.java:shutdownFollowerState(121)) - bc0bc980-c963-48ce-962e-85091c893131: shutdown FollowerState
2019-10-16 20:42:02,801 [Thread-1004] INFO  impl.RaftServerImpl (RaftServerImpl.java:setRole(184)) - bc0bc980-c963-48ce-962e-85091c893131@group-28ACFA97060E: changes role from  FOLLOWER to CANDIDATE at term 34 for changeToCandidate
2019-10-16 20:42:02,802 [Thread-1004] INFO  impl.RoleInfo (RoleInfo.java:updateAndGet(143)) - bc0bc980-c963-48ce-962e-85091c893131: start LeaderElection
2019-10-16 20:42:02,816 [bc0bc980-c963-48ce-962e-85091c893131@group-28ACFA97060E-LeaderElection67] INFO  impl.LeaderElection (LeaderElection.java:askForVotes(178)) - bc0bc980-c963-48ce-962e-85091c893131@group-28ACFA97060E-LeaderElection67: begin an election at term 35 for -1: [46069bd9-45fc-4c82-823c-36f07a1bcff0:192.168.157.254:34001, bc0bc980-c963-48ce-962e-85091c893131:192.168.157.254:46787, d612b743-bedc-4c3f-983e-e3329f8a2e6f:192.168.157.254:44523], old=null
2019-10-16 20:42:02,820 [grpc-default-executor-0] INFO  impl.RaftServerImpl (RaftServerImpl.java:setRole(184)) - 46069bd9-45fc-4c82-823c-36f07a1bcff0@group-28ACFA97060E: changes role from  FOLLOWER to FOLLOWER at term 35 for recognizeCandidate:bc0bc980-c963-48ce-962e-85091c893131
2019-10-16 20:42:02,820 [grpc-default-executor-0] INFO  impl.RoleInfo (RoleInfo.java:shutdownFollowerState(121)) - 46069bd9-45fc-4c82-823c-36f07a1bcff0: shutdown FollowerState
2019-10-16 20:42:02,820 [grpc-default-executor-2] INFO  impl.RaftServerImpl (RaftServerImpl.java:setRole(184)) - d612b743-bedc-4c3f-983e-e3329f8a2e6f@group-28ACFA97060E: changes role from  FOLLOWER to FOLLOWER at term 35 for recognizeCandidate:bc0bc980-c963-48ce-962e-85091c893131
2019-10-16 20:42:02,820 [Thread-1002] INFO  impl.FollowerState (FollowerState.java:run(117)) - 46069bd9-45fc-4c82-823c-36f07a1bcff0@group-28ACFA97060E-FollowerState was interrupted: java.lang.InterruptedException: sleep interrupted
2019-10-16 20:42:02,820 [grpc-default-executor-0] INFO  impl.RoleInfo (RoleInfo.java:updateAndGet(143)) - 46069bd9-45fc-4c82-823c-36f07a1bcff0: start FollowerState
2019-10-16 20:42:02,820 [grpc-default-executor-2] INFO  impl.RoleInfo (RoleInfo.java:shutdownFollowerState(121)) - d612b743-bedc-4c3f-983e-e3329f8a2e6f: shutdown FollowerState
2019-10-16 20:42:02,821 [grpc-default-executor-2] INFO  impl.RoleInfo (RoleInfo.java:updateAndGet(143)) - d612b743-bedc-4c3f-983e-e3329f8a2e6f: start FollowerState
2019-10-16 20:42:02,821 [Thread-1003] INFO  impl.FollowerState (FollowerState.java:run(117)) - d612b743-bedc-4c3f-983e-e3329f8a2e6f@group-28ACFA97060E-FollowerState was interrupted: java.lang.InterruptedException: sleep interrupted
2019-10-16 20:42:02,855 [bc0bc980-c963-48ce-962e-85091c893131@group-28ACFA97060E-LeaderElection67] INFO  impl.LeaderElection (LeaderElection.java:logAndReturn(56)) - bc0bc980-c963-48ce-962e-85091c893131@group-28ACFA97060E-LeaderElection67: Election REJECTED; received 2 response(s) [bc0bc980-c963-48ce-962e-85091c893131<-46069bd9-45fc-4c82-823c-36f07a1bcff0#0:FAIL-t35, bc0bc980-c963-48ce-962e-85091c893131<-d612b743-bedc-4c3f-983e-e3329f8a2e6f#0:FAIL-t35] and 0 exception(s); bc0bc980-c963-48ce-962e-85091c893131@group-28ACFA97060E:t35, leader=null, voted=bc0bc980-c963-48ce-962e-85091c893131, raftlog=bc0bc980-c963-48ce-962e-85091c893131@group-28ACFA97060E-SegmentedRaftLog:OPENED:c-1,f-1,i0, conf=-1: [46069bd9-45fc-4c82-823c-36f07a1bcff0:192.168.157.254:34001, bc0bc980-c963-48ce-962e-85091c893131:192.168.157.254:46787, d612b743-bedc-4c3f-983e-e3329f8a2e6f:192.168.157.254:44523], old=null
2019-10-16 20:42:02,855 [bc0bc980-c963-48ce-962e-85091c893131@group-28ACFA97060E-LeaderElection67] INFO  impl.RaftServerImpl (RaftServerImpl.java:setRole(184)) - bc0bc980-c963-48ce-962e-85091c893131@group-28ACFA97060E: changes role from CANDIDATE to FOLLOWER at term 35 for DISCOVERED_A_NEW_TERM
2019-10-16 20:42:02,855 [bc0bc980-c963-48ce-962e-85091c893131@group-28ACFA97060E-LeaderElection67] INFO  impl.RoleInfo (RoleInfo.java:shutdownLeaderElection(134)) - bc0bc980-c963-48ce-962e-85091c893131: shutdown LeaderElection
2019-10-16 20:42:02,855 [bc0bc980-c963-48ce-962e-85091c893131@group-28ACFA97060E-LeaderElection67] INFO  impl.RoleInfo (RoleInfo.java:updateAndGet(143)) - bc0bc980-c963-48ce-962e-85091c893131: start FollowerState
2019-10-16 20:42:02,873 [Thread-1010] INFO  impl.FollowerState (FollowerState.java:run(108)) - bc0bc980-c963-48ce-962e-85091c893131@group-28ACFA97060E-FollowerState: change to CANDIDATE, lastRpcTime:17ms, electionTimeout:17ms
2019-10-16 20:42:02,873 [Thread-1010] INFO  impl.RoleInfo (RoleInfo.java:shutdownFollowerState(121)) - bc0bc980-c963-48ce-962e-85091c893131: shutdown FollowerState
2019-10-16 20:42:02,874 [Thread-1010] INFO  impl.RaftServerImpl (RaftServerImpl.java:setRole(184)) - bc0bc980-c963-48ce-962e-85091c893131@group-28ACFA97060E: changes role from  FOLLOWER to CANDIDATE at term 35 for changeToCandidate
2019-10-16 20:42:02,874 [Thread-1010] INFO  impl.RoleInfo (RoleInfo.java:updateAndGet(143)) - bc0bc980-c963-48ce-962e-85091c893131: start LeaderElection
2019-10-16 20:42:02,937 [bc0bc980-c963-48ce-962e-85091c893131@group-28ACFA97060E-LeaderElection68] INFO  impl.LeaderElection (LeaderElection.java:askForVotes(178)) - bc0bc980-c963-48ce-962e-85091c893131@group-28ACFA97060E-LeaderElection68: begin an election at term 36 for -1: [46069bd9-45fc-4c82-823c-36f07a1bcff0:192.168.157.254:34001, bc0bc980-c963-48ce-962e-85091c893131:192.168.157.254:46787, d612b743-bedc-4c3f-983e-e3329f8a2e6f:192.168.157.254:44523], old=null
2019-10-16 20:42:02,939 [grpc-default-executor-0] INFO  impl.RaftServerImpl (RaftServerImpl.java:setRole(184)) - 46069bd9-45fc-4c82-823c-36f07a1bcff0@group-28ACFA97060E: changes role from  FOLLOWER to FOLLOWER at term 36 for recognizeCandidate:bc0bc980-c963-48ce-962e-85091c893131
2019-10-16 20:42:02,940 [grpc-default-executor-0] INFO  impl.RoleInfo (RoleInfo.java:shutdownFollowerState(121)) - 46069bd9-45fc-4c82-823c-36f07a1bcff0: shutdown FollowerState
2019-10-16 20:42:02,940 [grpc-default-executor-0] INFO  impl.RoleInfo (RoleInfo.java:updateAndGet(143)) - 46069bd9-45fc-4c82-823c-36f07a1bcff0: start FollowerState
2019-10-16 20:42:02,940 [Thread-1008] INFO  impl.FollowerState (FollowerState.java:run(117)) - 46069bd9-45fc-4c82-823c-36f07a1bcff0@group-28ACFA97060E-FollowerState was interrupted: java.lang.InterruptedException: sleep interrupted
2019-10-16 20:42:02,940 [grpc-default-executor-2] INFO  impl.RaftServerImpl (RaftServerImpl.java:setRole(184)) - d612b743-bedc-4c3f-983e-e3329f8a2e6f@group-28ACFA97060E: changes role from  FOLLOWER to FOLLOWER at term 36 for recognizeCandidate:bc0bc980-c963-48ce-962e-85091c893131
2019-10-16 20:42:02,940 [grpc-default-executor-2] INFO  impl.RoleInfo (RoleInfo.java:shutdownFollowerState(121)) - d612b743-bedc-4c3f-983e-e3329f8a2e6f: shutdown FollowerState
2019-10-16 20:42:02,940 [grpc-default-executor-2] INFO  impl.RoleInfo (RoleInfo.java:updateAndGet(143)) - d612b743-bedc-4c3f-983e-e3329f8a2e6f: start FollowerState
2019-10-16 20:42:02,940 [Thread-1009] INFO  impl.FollowerState (FollowerState.java:run(117)) - d612b743-bedc-4c3f-983e-e3329f8a2e6f@group-28ACFA97060E-FollowerState was interrupted: java.lang.InterruptedException: sleep interrupted
2019-10-16 20:42:02,947 [bc0bc980-c963-48ce-962e-85091c893131@group-28ACFA97060E-LeaderElection68] INFO  impl.LeaderElection (LeaderElection.java:logAndReturn(56)) - bc0bc980-c963-48ce-962e-85091c893131@group-28ACFA97060E-LeaderElection68: Election TIMEOUT; received 0 response(s) [] and 0 exception(s); bc0bc980-c963-48ce-962e-85091c893131@group-28ACFA97060E:t36, leader=null, voted=bc0bc980-c963-48ce-962e-85091c893131, raftlog=bc0bc980-c963-48ce-962e-85091c893131@group-28ACFA97060E-SegmentedRaftLog:OPENED:c-1,f-1,i0, conf=-1: [46069bd9-45fc-4c82-823c-36f07a1bcff0:192.168.157.254:34001, bc0bc980-c963-48ce-962e-85091c893131:192.168.157.254:46787, d612b743-bedc-4c3f-983e-e3329f8a2e6f:192.168.157.254:44523], old=null
2019-10-16 20:42:02,978 [bc0bc980-c963-48ce-962e-85091c893131@group-28ACFA97060E-LeaderElection68] INFO  impl.LeaderElection (LeaderElection.java:askForVotes(178)) - bc0bc980-c963-48ce-962e-85091c893131@group-28ACFA97060E-LeaderElection68: begin an election at term 37 for -1: [46069bd9-45fc-4c82-823c-36f07a1bcff0:192.168.157.254:34001, bc0bc980-c963-48ce-962e-85091c893131:192.168.157.254:46787, d612b743-bedc-4c3f-983e-e3329f8a2e6f:192.168.157.254:44523], old=null
2019-10-16 20:42:02,981 [grpc-default-executor-2] INFO  impl.RaftServerImpl (RaftServerImpl.java:setRole(184)) - d612b743-bedc-4c3f-983e-e3329f8a2e6f@group-28ACFA97060E: changes role from  FOLLOWER to FOLLOWER at term 37 for recognizeCandidate:bc0bc980-c963-48ce-962e-85091c893131
2019-10-16 20:42:02,981 [grpc-default-executor-0] INFO  impl.RaftServerImpl (RaftServerImpl.java:setRole(184)) - 46069bd9-45fc-4c82-823c-36f07a1bcff0@group-28ACFA97060E: changes role from  FOLLOWER to FOLLOWER at term 37 for recognizeCandidate:bc0bc980-c963-48ce-962e-85091c893131
2019-10-16 20:42:02,981 [grpc-default-executor-0] INFO  impl.RoleInfo (RoleInfo.java:shutdownFollowerState(121)) - 46069bd9-45fc-4c82-823c-36f07a1bcff0: shutdown FollowerState
2019-10-16 20:42:02,981 [grpc-default-executor-2] INFO  impl.RoleInfo (RoleInfo.java:shutdownFollowerState(121)) - d612b743-bedc-4c3f-983e-e3329f8a2e6f: shutdown FollowerState
2019-10-16 20:42:02,981 [Thread-1014] INFO  impl.FollowerState (FollowerState.java:run(117)) - 46069bd9-45fc-4c82-823c-36f07a1bcff0@group-28ACFA97060E-FollowerState was interrupted: java.lang.InterruptedException: sleep interrupted
2019-10-16 20:42:02,981 [grpc-default-executor-0] INFO  impl.RoleInfo (RoleInfo.java:updateAndGet(143)) - 46069bd9-45fc-4c82-823c-36f07a1bcff0: start FollowerState
2019-10-16 20:42:02,982 [Thread-1015] INFO  impl.FollowerState (FollowerState.java:run(117)) - d612b743-bedc-4c3f-983e-e3329f8a2e6f@group-28ACFA97060E-FollowerState was interrupted: java.lang.InterruptedException: sleep interrupted
2019-10-16 20:42:02,982 [grpc-default-executor-2] INFO  impl.RoleInfo (RoleInfo.java:updateAndGet(143)) - d612b743-bedc-4c3f-983e-e3329f8a2e6f: start FollowerState
2019-10-16 20:42:03,012 [bc0bc980-c963-48ce-962e-85091c893131@group-28ACFA97060E-LeaderElection68] INFO  impl.LeaderElection (LeaderElection.java:logAndReturn(56)) - bc0bc980-c963-48ce-962e-85091c893131@group-28ACFA97060E-LeaderElection68: Election REJECTED; received 2 response(s) [bc0bc980-c963-48ce-962e-85091c893131<-46069bd9-45fc-4c82-823c-36f07a1bcff0#0:FAIL-t37, bc0bc980-c963-48ce-962e-85091c893131<-d612b743-bedc-4c3f-983e-e3329f8a2e6f#0:FAIL-t37] and 0 exception(s); bc0bc980-c963-48ce-962e-85091c893131@group-28ACFA97060E:t37, leader=null, voted=bc0bc980-c963-48ce-962e-85091c893131, raftlog=bc0bc980-c963-48ce-962e-85091c893131@group-28ACFA97060E-SegmentedRaftLog:OPENED:c-1,f-1,i0, conf=-1: [46069bd9-45fc-4c82-823c-36f07a1bcff0:192.168.157.254:34001, bc0bc980-c963-48ce-962e-85091c893131:192.168.157.254:46787, d612b743-bedc-4c3f-983e-e3329f8a2e6f:192.168.157.254:44523], old=null
2019-10-16 20:42:03,013 [bc0bc980-c963-48ce-962e-85091c893131@group-28ACFA97060E-LeaderElection68] INFO  impl.RaftServerImpl (RaftServerImpl.java:setRole(184)) - bc0bc980-c963-48ce-962e-85091c893131@group-28ACFA97060E: changes role from CANDIDATE to FOLLOWER at term 37 for DISCOVERED_A_NEW_TERM
2019-10-16 20:42:03,013 [bc0bc980-c963-48ce-962e-85091c893131@group-28ACFA97060E-LeaderElection68] INFO  impl.RoleInfo (RoleInfo.java:shutdownLeaderElection(134)) - bc0bc980-c963-48ce-962e-85091c893131: shutdown LeaderElection
2019-10-16 20:42:03,013 [bc0bc980-c963-48ce-962e-85091c893131@group-28ACFA97060E-LeaderElection68] INFO  impl.RoleInfo (RoleInfo.java:updateAndGet(143)) - bc0bc980-c963-48ce-962e-85091c893131: start FollowerState
2019-10-16 20:42:03,150 [Thread-1020] INFO  impl.FollowerState (FollowerState.java:run(108)) - bc0bc980-c963-48ce-962e-85091c893131@group-28ACFA97060E-FollowerState: change to CANDIDATE, lastRpcTime:136ms, electionTimeout:136ms
2019-10-16 20:42:03,150 [Thread-1020] INFO  impl.RoleInfo (RoleInfo.java:shutdownFollowerState(121)) - bc0bc980-c963-48ce-962e-85091c893131: shutdown FollowerState
2019-10-16 20:42:03,150 [Thread-1020] INFO  impl.RaftServerImpl (RaftServerImpl.java:setRole(184)) - bc0bc980-c963-48ce-962e-85091c893131@group-28ACFA97060E: changes role from  FOLLOWER to CANDIDATE at term 37 for changeToCandidate
2019-10-16 20:42:03,150 [Thread-1020] INFO  impl.RoleInfo (RoleInfo.java:updateAndGet(143)) - bc0bc980-c963-48ce-962e-85091c893131: start LeaderElection
2019-10-16 20:42:03,193 [bc0bc980-c963-48ce-962e-85091c893131@group-28ACFA97060E-LeaderElection69] INFO  impl.LeaderElection (LeaderElection.java:askForVotes(178)) - bc0bc980-c963-48ce-962e-85091c893131@group-28ACFA97060E-LeaderElection69: begin an election at term 38 for -1: [46069bd9-45fc-4c82-823c-36f07a1bcff0:192.168.157.254:34001, bc0bc980-c963-48ce-962e-85091c893131:192.168.157.254:46787, d612b743-bedc-4c3f-983e-e3329f8a2e6f:192.168.157.254:44523], old=null
2019-10-16 20:42:03,196 [grpc-default-executor-2] INFO  impl.RaftServerImpl (RaftServerImpl.java:setRole(184)) - 46069bd9-45fc-4c82-823c-36f07a1bcff0@group-28ACFA97060E: changes role from  FOLLOWER to FOLLOWER at term 38 for recognizeCandidate:bc0bc980-c963-48ce-962e-85091c893131
2019-10-16 20:42:03,196 [grpc-default-executor-2] INFO  impl.RoleInfo (RoleInfo.java:shutdownFollowerState(121)) - 46069bd9-45fc-4c82-823c-36f07a1bcff0: shutdown FollowerState
2019-10-16 20:42:03,196 [grpc-default-executor-2] INFO  impl.RoleInfo (RoleInfo.java:updateAndGet(143)) - 46069bd9-45fc-4c82-823c-36f07a1bcff0: start FollowerState
2019-10-16 20:42:03,196 [grpc-default-executor-0] INFO  impl.RaftServerImpl (RaftServerImpl.java:setRole(184)) - d612b743-bedc-4c3f-983e-e3329f8a2e6f@group-28ACFA97060E: changes role from  FOLLOWER to FOLLOWER at term 38 for recognizeCandidate:bc0bc980-c963-48ce-962e-85091c893131
2019-10-16 20:42:03,197 [grpc-default-executor-0] INFO  impl.RoleInfo (RoleInfo.java:shutdownFollowerState(121)) - d612b743-bedc-4c3f-983e-e3329f8a2e6f: shutdown FollowerState
2019-10-16 20:42:03,196 [Thread-1018] INFO  impl.FollowerState (FollowerState.java:run(117)) - 46069bd9-45fc-4c82-823c-36f07a1bcff0@group-28ACFA97060E-FollowerState was interrupted: java.lang.InterruptedException: sleep interrupted
2019-10-16 20:42:03,197 [Thread-1019] INFO  impl.FollowerState (FollowerState.java:run(117)) - d612b743-bedc-4c3f-983e-e3329f8a2e6f@group-28ACFA97060E-FollowerState was interrupted: java.lang.InterruptedException: sleep interrupted
2019-10-16 20:42:03,197 [grpc-default-executor-0] INFO  impl.RoleInfo (RoleInfo.java:updateAndGet(143)) - d612b743-bedc-4c3f-983e-e3329f8a2e6f: start FollowerState
2019-10-16 20:42:03,222 [bc0bc980-c963-48ce-962e-85091c893131@group-28ACFA97060E-LeaderElection69] INFO  impl.LeaderElection (LeaderElection.java:logAndReturn(56)) - bc0bc980-c963-48ce-962e-85091c893131@group-28ACFA97060E-LeaderElection69: Election REJECTED; received 2 response(s) [bc0bc980-c963-48ce-962e-85091c893131<-46069bd9-45fc-4c82-823c-36f07a1bcff0#0:FAIL-t38, bc0bc980-c963-48ce-962e-85091c893131<-d612b743-bedc-4c3f-983e-e3329f8a2e6f#0:FAIL-t38] and 0 exception(s); bc0bc980-c963-48ce-962e-85091c893131@group-28ACFA97060E:t38, leader=null, voted=bc0bc980-c963-48ce-962e-85091c893131, raftlog=bc0bc980-c963-48ce-962e-85091c893131@group-28ACFA97060E-SegmentedRaftLog:OPENED:c-1,f-1,i0, conf=-1: [46069bd9-45fc-4c82-823c-36f07a1bcff0:192.168.157.254:34001, bc0bc980-c963-48ce-962e-85091c893131:192.168.157.254:46787, d612b743-bedc-4c3f-983e-e3329f8a2e6f:192.168.157.254:44523], old=null
2019-10-16 20:42:03,222 [bc0bc980-c963-48ce-962e-85091c893131@group-28ACFA97060E-LeaderElection69] INFO  impl.RaftServerImpl (RaftServerImpl.java:setRole(184)) - bc0bc980-c963-48ce-962e-85091c893131@group-28ACFA97060E: changes role from CANDIDATE to FOLLOWER at term 38 for DISCOVERED_A_NEW_TERM
2019-10-16 20:42:03,223 [bc0bc980-c963-48ce-962e-85091c893131@group-28ACFA97060E-LeaderElection69] INFO  impl.RoleInfo (RoleInfo.java:shutdownLeaderElection(134)) - bc0bc980-c963-48ce-962e-85091c893131: shutdown LeaderElection
2019-10-16 20:42:03,223 [bc0bc980-c963-48ce-962e-85091c893131@group-28ACFA97060E-LeaderElection69] INFO  impl.RoleInfo (RoleInfo.java:updateAndGet(143)) - bc0bc980-c963-48ce-962e-85091c893131: start FollowerState
2019-10-16 20:42:03,341 [Thread-1026] INFO  impl.FollowerState (FollowerState.java:run(108)) - bc0bc980-c963-48ce-962e-85091c893131@group-28ACFA97060E-FollowerState: change to CANDIDATE, lastRpcTime:118ms, electionTimeout:118ms
2019-10-16 20:42:03,341 [Thread-1026] INFO  impl.RoleInfo (RoleInfo.java:shutdownFollowerState(121)) - bc0bc980-c963-48ce-962e-85091c893131: shutdown FollowerState
2019-10-16 20:42:03,342 [Thread-1026] INFO  impl.RaftServerImpl (RaftServerImpl.java:setRole(184)) - bc0bc980-c963-48ce-962e-85091c893131@group-28ACFA97060E: changes role from  FOLLOWER to CANDIDATE at term 38 for changeToCandidate
2019-10-16 20:42:03,342 [Thread-1026] INFO  impl.RoleInfo (RoleInfo.java:updateAndGet(143)) - bc0bc980-c963-48ce-962e-85091c893131: start LeaderElection
2019-10-16 20:42:03,391 [bc0bc980-c963-48ce-962e-85091c893131@group-28ACFA97060E-LeaderElection70] INFO  impl.LeaderElection (LeaderElection.java:askForVotes(178)) - bc0bc980-c963-48ce-962e-85091c893131@group-28ACFA97060E-LeaderElection70: begin an election at term 39 for -1: [46069bd9-45fc-4c82-823c-36f07a1bcff0:192.168.157.254:34001, bc0bc980-c963-48ce-962e-85091c893131:192.168.157.254:46787, d612b743-bedc-4c3f-983e-e3329f8a2e6f:192.168.157.254:44523], old=null
2019-10-16 20:42:03,394 [grpc-default-executor-2] INFO  impl.RaftServerImpl (RaftServerImpl.java:setRole(184)) - 46069bd9-45fc-4c82-823c-36f07a1bcff0@group-28ACFA97060E: changes role from  FOLLOWER to FOLLOWER at term 39 for recognizeCandidate:bc0bc980-c963-48ce-962e-85091c893131
2019-10-16 20:42:03,394 [grpc-default-executor-2] INFO  impl.RoleInfo (RoleInfo.java:shutdownFollowerState(121)) - 46069bd9-45fc-4c82-823c-36f07a1bcff0: shutdown FollowerState
2019-10-16 20:42:03,394 [grpc-default-executor-2] INFO  impl.RoleInfo (RoleInfo.java:updateAndGet(143)) - 46069bd9-45fc-4c82-823c-36f07a1bcff0: start FollowerState
2019-10-16 20:42:03,394 [Thread-1024] INFO  impl.FollowerState (FollowerState.java:run(117)) - 46069bd9-45fc-4c82-823c-36f07a1bcff0@group-28ACFA97060E-FollowerState was interrupted: java.lang.InterruptedException: sleep interrupted
2019-10-16 20:42:03,394 [grpc-default-executor-0] INFO  impl.RaftServerImpl (RaftServerImpl.java:setRole(184)) - d612b743-bedc-4c3f-983e-e3329f8a2e6f@group-28ACFA97060E: changes role from  FOLLOWER to FOLLOWER at term 39 for recognizeCandidate:bc0bc980-c963-48ce-962e-85091c893131
2019-10-16 20:42:03,395 [grpc-default-executor-0] INFO  impl.RoleInfo (RoleInfo.java:shutdownFollowerState(121)) - d612b743-bedc-4c3f-983e-e3329f8a2e6f: shutdown FollowerState
2019-10-16 20:42:03,395 [grpc-default-executor-0] INFO  impl.RoleInfo (RoleInfo.java:updateAndGet(143)) - d612b743-bedc-4c3f-983e-e3329f8a2e6f: start FollowerState
2019-10-16 20:42:03,395 [Thread-1025] INFO  impl.FollowerState (FollowerState.java:run(117)) - d612b743-bedc-4c3f-983e-e3329f8a2e6f@group-28ACFA97060E-FollowerState was interrupted: java.lang.InterruptedException: sleep interrupted
2019-10-16 20:42:03,409 [bc0bc980-c963-48ce-962e-85091c893131@group-28ACFA97060E-LeaderElection70] INFO  impl.LeaderElection (LeaderElection.java:logAndReturn(56)) - bc0bc980-c963-48ce-962e-85091c893131@group-28ACFA97060E-LeaderElection70: Election REJECTED; received 2 response(s) [bc0bc980-c963-48ce-962e-85091c893131<-46069bd9-45fc-4c82-823c-36f07a1bcff0#0:FAIL-t39, bc0bc980-c963-48ce-962e-85091c893131<-d612b743-bedc-4c3f-983e-e3329f8a2e6f#0:FAIL-t39] and 0 exception(s); bc0bc980-c963-48ce-962e-85091c893131@group-28ACFA97060E:t39, leader=null, voted=bc0bc980-c963-48ce-962e-85091c893131, raftlog=bc0bc980-c963-48ce-962e-85091c893131@group-28ACFA97060E-SegmentedRaftLog:OPENED:c-1,f-1,i0, conf=-1: [46069bd9-45fc-4c82-823c-36f07a1bcff0:192.168.157.254:34001, bc0bc980-c963-48ce-962e-85091c893131:192.168.157.254:46787, d612b743-bedc-4c3f-983e-e3329f8a2e6f:192.168.157.254:44523], old=null
2019-10-16 20:42:03,409 [bc0bc980-c963-48ce-962e-85091c893131@group-28ACFA97060E-LeaderElection70] INFO  impl.RaftServerImpl (RaftServerImpl.java:setRole(184)) - bc0bc980-c963-48ce-962e-85091c893131@group-28ACFA97060E: changes role from CANDIDATE to FOLLOWER at term 39 for DISCOVERED_A_NEW_TERM
2019-10-16 20:42:03,409 [bc0bc980-c963-48ce-962e-85091c893131@group-28ACFA97060E-LeaderElection70] INFO  impl.RoleInfo (RoleInfo.java:shutdownLeaderElection(134)) - bc0bc980-c963-48ce-962e-85091c893131: shutdown LeaderElection
2019-10-16 20:42:03,409 [bc0bc980-c963-48ce-962e-85091c893131@group-28ACFA97060E-LeaderElection70] INFO  impl.RoleInfo (RoleInfo.java:updateAndGet(143)) - bc0bc980-c963-48ce-962e-85091c893131: start FollowerState
2019-10-16 20:42:03,463 [Thread-1032] INFO  impl.FollowerState (FollowerState.java:run(108)) - bc0bc980-c963-48ce-962e-85091c893131@group-28ACFA97060E-FollowerState: change to CANDIDATE, lastRpcTime:53ms, electionTimeout:53ms
2019-10-16 20:42:03,463 [Thread-1032] INFO  impl.RoleInfo (RoleInfo.java:shutdownFollowerState(121)) - bc0bc980-c963-48ce-962e-85091c893131: shutdown FollowerState
2019-10-16 20:42:03,463 [Thread-1032] INFO  impl.RaftServerImpl (RaftServerImpl.java:setRole(184)) - bc0bc980-c963-48ce-962e-85091c893131@group-28ACFA97060E: changes role from  FOLLOWER to CANDIDATE at term 39 for changeToCandidate
2019-10-16 20:42:03,463 [Thread-1032] INFO  impl.RoleInfo (RoleInfo.java:updateAndGet(143)) - bc0bc980-c963-48ce-962e-85091c893131: start LeaderElection
2019-10-16 20:42:03,477 [bc0bc980-c963-48ce-962e-85091c893131@group-28ACFA97060E-LeaderElection71] INFO  impl.LeaderElection (LeaderElection.java:askForVotes(178)) - bc0bc980-c963-48ce-962e-85091c893131@group-28ACFA97060E-LeaderElection71: begin an election at term 40 for -1: [46069bd9-45fc-4c82-823c-36f07a1bcff0:192.168.157.254:34001, bc0bc980-c963-48ce-962e-85091c893131:192.168.157.254:46787, d612b743-bedc-4c3f-983e-e3329f8a2e6f:192.168.157.254:44523], old=null
2019-10-16 20:42:03,479 [grpc-default-executor-0] INFO  impl.RaftServerImpl (RaftServerImpl.java:setRole(184)) - 46069bd9-45fc-4c82-823c-36f07a1bcff0@group-28ACFA97060E: changes role from  FOLLOWER to FOLLOWER at term 40 for recognizeCandidate:bc0bc980-c963-48ce-962e-85091c893131
2019-10-16 20:42:03,479 [grpc-default-executor-0] INFO  impl.RoleInfo (RoleInfo.java:shutdownFollowerState(121)) - 46069bd9-45fc-4c82-823c-36f07a1bcff0: shutdown FollowerState
2019-10-16 20:42:03,479 [grpc-default-executor-2] INFO  impl.RaftServerImpl (RaftServerImpl.java:setRole(184)) - d612b743-bedc-4c3f-983e-e3329f8a2e6f@group-28ACFA97060E: changes role from  FOLLOWER to FOLLOWER at term 40 for recognizeCandidate:bc0bc980-c963-48ce-962e-85091c893131
2019-10-16 20:42:03,480 [Thread-1030] INFO  impl.FollowerState (FollowerState.java:run(117)) - 46069bd9-45fc-4c82-823c-36f07a1bcff0@group-28ACFA97060E-FollowerState was interrupted: java.lang.InterruptedException: sleep interrupted
2019-10-16 20:42:03,480 [grpc-default-executor-2] INFO  impl.RoleInfo (RoleInfo.java:shutdownFollowerState(121)) - d612b743-bedc-4c3f-983e-e3329f8a2e6f: shutdown FollowerState
2019-10-16 20:42:03,480 [grpc-default-executor-0] INFO  impl.RoleInfo (RoleInfo.java:updateAndGet(143)) - 46069bd9-45fc-4c82-823c-36f07a1bcff0: start FollowerState
2019-10-16 20:42:03,480 [Thread-1031] INFO  impl.FollowerState (FollowerState.java:run(117)) - d612b743-bedc-4c3f-983e-e3329f8a2e6f@group-28ACFA97060E-FollowerState was interrupted: java.lang.InterruptedException: sleep interrupted
2019-10-16 20:42:03,480 [grpc-default-executor-2] INFO  impl.RoleInfo (RoleInfo.java:updateAndGet(143)) - d612b743-bedc-4c3f-983e-e3329f8a2e6f: start FollowerState
2019-10-16 20:42:03,495 [bc0bc980-c963-48ce-962e-85091c893131@group-28ACFA97060E-LeaderElection71] INFO  impl.LeaderElection (LeaderElection.java:logAndReturn(56)) - bc0bc980-c963-48ce-962e-85091c893131@group-28ACFA97060E-LeaderElection71: Election REJECTED; received 2 response(s) [bc0bc980-c963-48ce-962e-85091c893131<-46069bd9-45fc-4c82-823c-36f07a1bcff0#0:FAIL-t40, bc0bc980-c963-48ce-962e-85091c893131<-d612b743-bedc-4c3f-983e-e3329f8a2e6f#0:FAIL-t40] and 0 exception(s); bc0bc980-c963-48ce-962e-85091c893131@group-28ACFA97060E:t40, leader=null, voted=bc0bc980-c963-48ce-962e-85091c893131, raftlog=bc0bc980-c963-48ce-962e-85091c893131@group-28ACFA97060E-SegmentedRaftLog:OPENED:c-1,f-1,i0, conf=-1: [46069bd9-45fc-4c82-823c-36f07a1bcff0:192.168.157.254:34001, bc0bc980-c963-48ce-962e-85091c893131:192.168.157.254:46787, d612b743-bedc-4c3f-983e-e3329f8a2e6f:192.168.157.254:44523], old=null
2019-10-16 20:42:03,496 [bc0bc980-c963-48ce-962e-85091c893131@group-28ACFA97060E-LeaderElection71] INFO  impl.RaftServerImpl (RaftServerImpl.java:setRole(184)) - bc0bc980-c963-48ce-962e-85091c893131@group-28ACFA97060E: changes role from CANDIDATE to FOLLOWER at term 40 for DISCOVERED_A_NEW_TERM
2019-10-16 20:42:03,496 [bc0bc980-c963-48ce-962e-85091c893131@group-28ACFA97060E-LeaderElection71] INFO  impl.RoleInfo (RoleInfo.java:shutdownLeaderElection(134)) - bc0bc980-c963-48ce-962e-85091c893131: shutdown LeaderElection
2019-10-16 20:42:03,496 [bc0bc980-c963-48ce-962e-85091c893131@group-28ACFA97060E-LeaderElection71] INFO  impl.RoleInfo (RoleInfo.java:updateAndGet(143)) - bc0bc980-c963-48ce-962e-85091c893131: start FollowerState
2019-10-16 20:42:03,556 [Thread-1038] INFO  impl.FollowerState (FollowerState.java:run(108)) - bc0bc980-c963-48ce-962e-85091c893131@group-28ACFA97060E-FollowerState: change to CANDIDATE, lastRpcTime:60ms, electionTimeout:60ms
2019-10-16 20:42:03,556 [Thread-1038] INFO  impl.RoleInfo (RoleInfo.java:shutdownFollowerState(121)) - bc0bc980-c963-48ce-962e-85091c893131: shutdown FollowerState
2019-10-16 20:42:03,556 [Thread-1038] INFO  impl.RaftServerImpl (RaftServerImpl.java:setRole(184)) - bc0bc980-c963-48ce-962e-85091c893131@group-28ACFA97060E: changes role from  FOLLOWER to CANDIDATE at term 40 for changeToCandidate
2019-10-16 20:42:03,557 [Thread-1038] INFO  impl.RoleInfo (RoleInfo.java:updateAndGet(143)) - bc0bc980-c963-48ce-962e-85091c893131: start LeaderElection
2019-10-16 20:42:03,582 [bc0bc980-c963-48ce-962e-85091c893131@group-28ACFA97060E-LeaderElection72] INFO  impl.LeaderElection (LeaderElection.java:askForVotes(178)) - bc0bc980-c963-48ce-962e-85091c893131@group-28ACFA97060E-LeaderElection72: begin an election at term 41 for -1: [46069bd9-45fc-4c82-823c-36f07a1bcff0:192.168.157.254:34001, bc0bc980-c963-48ce-962e-85091c893131:192.168.157.254:46787, d612b743-bedc-4c3f-983e-e3329f8a2e6f:192.168.157.254:44523], old=null
2019-10-16 20:42:03,584 [grpc-default-executor-2] INFO  impl.RaftServerImpl (RaftServerImpl.java:setRole(184)) - 46069bd9-45fc-4c82-823c-36f07a1bcff0@group-28ACFA97060E: changes role from  FOLLOWER to FOLLOWER at term 41 for recognizeCandidate:bc0bc980-c963-48ce-962e-85091c893131
2019-10-16 20:42:03,584 [grpc-default-executor-2] INFO  impl.RoleInfo (RoleInfo.java:shutdownFollowerState(121)) - 46069bd9-45fc-4c82-823c-36f07a1bcff0: shutdown FollowerState
2019-10-16 20:42:03,585 [grpc-default-executor-0] INFO  impl.RaftServerImpl (RaftServerImpl.java:setRole(184)) - d612b743-bedc-4c3f-983e-e3329f8a2e6f@group-28ACFA97060E: changes role from  FOLLOWER to FOLLOWER at term 41 for recognizeCandidate:bc0bc980-c963-48ce-962e-85091c893131
2019-10-16 20:42:03,585 [Thread-1036] INFO  impl.FollowerState (FollowerState.java:run(117)) - 46069bd9-45fc-4c82-823c-36f07a1bcff0@group-28ACFA97060E-FollowerState was interrupted: java.lang.InterruptedException: sleep interrupted
2019-10-16 20:42:03,585 [grpc-default-executor-2] INFO  impl.RoleInfo (RoleInfo.java:updateAndGet(143)) - 46069bd9-45fc-4c82-823c-36f07a1bcff0: start FollowerState
2019-10-16 20:42:03,585 [grpc-default-executor-0] INFO  impl.RoleInfo (RoleInfo.java:shutdownFollowerState(121)) - d612b743-bedc-4c3f-983e-e3329f8a2e6f: shutdown FollowerState
2019-10-16 20:42:03,585 [grpc-default-executor-0] INFO  impl.RoleInfo (RoleInfo.java:updateAndGet(143)) - d612b743-bedc-4c3f-983e-e3329f8a2e6f: start FollowerState
2019-10-16 20:42:03,586 [Thread-1037] INFO  impl.FollowerState (FollowerState.java:run(117)) - d612b743-bedc-4c3f-983e-e3329f8a2e6f@group-28ACFA97060E-FollowerState was interrupted: java.lang.InterruptedException: sleep interrupted
2019-10-16 20:42:03,605 [bc0bc980-c963-48ce-962e-85091c893131@group-28ACFA97060E-LeaderElection72] INFO  impl.LeaderElection (LeaderElection.java:logAndReturn(56)) - bc0bc980-c963-48ce-962e-85091c893131@group-28ACFA97060E-LeaderElection72: Election TIMEOUT; received 0 response(s) [] and 0 exception(s); bc0bc980-c963-48ce-962e-85091c893131@group-28ACFA97060E:t41, leader=null, voted=bc0bc980-c963-48ce-962e-85091c893131, raftlog=bc0bc980-c963-48ce-962e-85091c893131@group-28ACFA97060E-SegmentedRaftLog:OPENED:c-1,f-1,i0, conf=-1: [46069bd9-45fc-4c82-823c-36f07a1bcff0:192.168.157.254:34001, bc0bc980-c963-48ce-962e-85091c893131:192.168.157.254:46787, d612b743-bedc-4c3f-983e-e3329f8a2e6f:192.168.157.254:44523], old=null
2019-10-16 20:42:03,657 [bc0bc980-c963-48ce-962e-85091c893131@group-28ACFA97060E-LeaderElection72] INFO  impl.LeaderElection (LeaderElection.java:askForVotes(178)) - bc0bc980-c963-48ce-962e-85091c893131@group-28ACFA97060E-LeaderElection72: begin an election at term 42 for -1: [46069bd9-45fc-4c82-823c-36f07a1bcff0:192.168.157.254:34001, bc0bc980-c963-48ce-962e-85091c893131:192.168.157.254:46787, d612b743-bedc-4c3f-983e-e3329f8a2e6f:192.168.157.254:44523], old=null
2019-10-16 20:42:03,659 [grpc-default-executor-0] INFO  impl.RaftServerImpl (RaftServerImpl.java:setRole(184)) - 46069bd9-45fc-4c82-823c-36f07a1bcff0@group-28ACFA97060E: changes role from  FOLLOWER to FOLLOWER at term 42 for recognizeCandidate:bc0bc980-c963-48ce-962e-85091c893131
2019-10-16 20:42:03,659 [grpc-default-executor-0] INFO  impl.RoleInfo (RoleInfo.java:shutdownFollowerState(121)) - 46069bd9-45fc-4c82-823c-36f07a1bcff0: shutdown FollowerState
2019-10-16 20:42:03,659 [grpc-default-executor-0] INFO  impl.RoleInfo (RoleInfo.java:updateAndGet(143)) - 46069bd9-45fc-4c82-823c-36f07a1bcff0: start FollowerState
2019-10-16 20:42:03,659 [Thread-1042] INFO  impl.FollowerState (FollowerState.java:run(117)) - 46069bd9-45fc-4c82-823c-36f07a1bcff0@group-28ACFA97060E-FollowerState was interrupted: java.lang.InterruptedException: sleep interrupted
2019-10-16 20:42:03,660 [grpc-default-executor-2] INFO  impl.RaftServerImpl (RaftServerImpl.java:setRole(184)) - d612b743-bedc-4c3f-983e-e3329f8a2e6f@group-28ACFA97060E: changes role from  FOLLOWER to FOLLOWER at term 42 for recognizeCandidate:bc0bc980-c963-48ce-962e-85091c893131
2019-10-16 20:42:03,660 [grpc-default-executor-2] INFO  impl.RoleInfo (RoleInfo.java:shutdownFollowerState(121)) - d612b743-bedc-4c3f-983e-e3329f8a2e6f: shutdown FollowerState
2019-10-16 20:42:03,660 [grpc-default-executor-2] INFO  impl.RoleInfo (RoleInfo.java:updateAndGet(143)) - d612b743-bedc-4c3f-983e-e3329f8a2e6f: start FollowerState
2019-10-16 20:42:03,660 [Thread-1043] INFO  impl.FollowerState (FollowerState.java:run(117)) - d612b743-bedc-4c3f-983e-e3329f8a2e6f@group-28ACFA97060E-FollowerState was interrupted: java.lang.InterruptedException: sleep interrupted
2019-10-16 20:42:03,677 [bc0bc980-c963-48ce-962e-85091c893131@group-28ACFA97060E-LeaderElection72] INFO  impl.LeaderElection (LeaderElection.java:logAndReturn(56)) - bc0bc980-c963-48ce-962e-85091c893131@group-28ACFA97060E-LeaderElection72: Election REJECTED; received 2 response(s) [bc0bc980-c963-48ce-962e-85091c893131<-46069bd9-45fc-4c82-823c-36f07a1bcff0#0:FAIL-t42, bc0bc980-c963-48ce-962e-85091c893131<-d612b743-bedc-4c3f-983e-e3329f8a2e6f#0:FAIL-t42] and 0 exception(s); bc0bc980-c963-48ce-962e-85091c893131@group-28ACFA97060E:t42, leader=null, voted=bc0bc980-c963-48ce-962e-85091c893131, raftlog=bc0bc980-c963-48ce-962e-85091c893131@group-28ACFA97060E-SegmentedRaftLog:OPENED:c-1,f-1,i0, conf=-1: [46069bd9-45fc-4c82-823c-36f07a1bcff0:192.168.157.254:34001, bc0bc980-c963-48ce-962e-85091c893131:192.168.157.254:46787, d612b743-bedc-4c3f-983e-e3329f8a2e6f:192.168.157.254:44523], old=null
2019-10-16 20:42:03,677 [bc0bc980-c963-48ce-962e-85091c893131@group-28ACFA97060E-LeaderElection72] INFO  impl.RaftServerImpl (RaftServerImpl.java:setRole(184)) - bc0bc980-c963-48ce-962e-85091c893131@group-28ACFA97060E: changes role from CANDIDATE to FOLLOWER at term 42 for DISCOVERED_A_NEW_TERM
2019-10-16 20:42:03,678 [bc0bc980-c963-48ce-962e-85091c893131@group-28ACFA97060E-LeaderElection72] INFO  impl.RoleInfo (RoleInfo.java:shutdownLeaderElection(134)) - bc0bc980-c963-48ce-962e-85091c893131: shutdown LeaderElection
2019-10-16 20:42:03,678 [bc0bc980-c963-48ce-962e-85091c893131@group-28ACFA97060E-LeaderElection72] INFO  impl.RoleInfo (RoleInfo.java:updateAndGet(143)) - bc0bc980-c963-48ce-962e-85091c893131: start FollowerState
2019-10-16 20:42:03,742 [Thread-1048] INFO  impl.FollowerState (FollowerState.java:run(108)) - bc0bc980-c963-48ce-962e-85091c893131@group-28ACFA97060E-FollowerState: change to CANDIDATE, lastRpcTime:64ms, electionTimeout:64ms
2019-10-16 20:42:03,742 [Thread-1048] INFO  impl.RoleInfo (RoleInfo.java:shutdownFollowerState(121)) - bc0bc980-c963-48ce-962e-85091c893131: shutdown FollowerState
2019-10-16 20:42:03,743 [Thread-1048] INFO  impl.RaftServerImpl (RaftServerImpl.java:setRole(184)) - bc0bc980-c963-48ce-962e-85091c893131@group-28ACFA97060E: changes role from  FOLLOWER to CANDIDATE at term 42 for changeToCandidate
2019-10-16 20:42:03,743 [Thread-1048] INFO  impl.RoleInfo (RoleInfo.java:updateAndGet(143)) - bc0bc980-c963-48ce-962e-85091c893131: start LeaderElection
2019-10-16 20:42:03,778 [bc0bc980-c963-48ce-962e-85091c893131@group-28ACFA97060E-LeaderElection73] INFO  impl.LeaderElection (LeaderElection.java:askForVotes(178)) - bc0bc980-c963-48ce-962e-85091c893131@group-28ACFA97060E-LeaderElection73: begin an election at term 43 for -1: [46069bd9-45fc-4c82-823c-36f07a1bcff0:192.168.157.254:34001, bc0bc980-c963-48ce-962e-85091c893131:192.168.157.254:46787, d612b743-bedc-4c3f-983e-e3329f8a2e6f:192.168.157.254:44523], old=null
2019-10-16 20:42:03,780 [grpc-default-executor-0] INFO  impl.RaftServerImpl (RaftServerImpl.java:setRole(184)) - 46069bd9-45fc-4c82-823c-36f07a1bcff0@group-28ACFA97060E: changes role from  FOLLOWER to FOLLOWER at term 43 for recognizeCandidate:bc0bc980-c963-48ce-962e-85091c893131
2019-10-16 20:42:03,781 [grpc-default-executor-0] INFO  impl.RoleInfo (RoleInfo.java:shutdownFollowerState(121)) - 46069bd9-45fc-4c82-823c-36f07a1bcff0: shutdown FollowerState
2019-10-16 20:42:03,781 [grpc-default-executor-0] INFO  impl.RoleInfo (RoleInfo.java:updateAndGet(143)) - 46069bd9-45fc-4c82-823c-36f07a1bcff0: start FollowerState
2019-10-16 20:42:03,781 [Thread-1046] INFO  impl.FollowerState (FollowerState.java:run(117)) - 46069bd9-45fc-4c82-823c-36f07a1bcff0@group-28ACFA97060E-FollowerState was interrupted: java.lang.InterruptedException: sleep interrupted
2019-10-16 20:42:03,781 [grpc-default-executor-2] INFO  impl.RaftServerImpl (RaftServerImpl.java:setRole(184)) - d612b743-bedc-4c3f-983e-e3329f8a2e6f@group-28ACFA97060E: changes role from  FOLLOWER to FOLLOWER at term 43 for recognizeCandidate:bc0bc980-c963-48ce-962e-85091c893131
2019-10-16 20:42:03,781 [grpc-default-executor-2] INFO  impl.RoleInfo (RoleInfo.java:shutdownFollowerState(121)) - d612b743-bedc-4c3f-983e-e3329f8a2e6f: shutdown FollowerState
2019-10-16 20:42:03,782 [Thread-1047] INFO  impl.FollowerState (FollowerState.java:run(117)) - d612b743-bedc-4c3f-983e-e3329f8a2e6f@group-28ACFA97060E-FollowerState was interrupted: java.lang.InterruptedException: sleep interrupted
2019-10-16 20:42:03,782 [grpc-default-executor-2] INFO  impl.RoleInfo (RoleInfo.java:updateAndGet(143)) - d612b743-bedc-4c3f-983e-e3329f8a2e6f: start FollowerState
2019-10-16 20:42:03,838 [bc0bc980-c963-48ce-962e-85091c893131@group-28ACFA97060E-LeaderElection73] INFO  impl.LeaderElection (LeaderElection.java:logAndReturn(56)) - bc0bc980-c963-48ce-962e-85091c893131@group-28ACFA97060E-LeaderElection73: Election REJECTED; received 2 response(s) [bc0bc980-c963-48ce-962e-85091c893131<-46069bd9-45fc-4c82-823c-36f07a1bcff0#0:FAIL-t43, bc0bc980-c963-48ce-962e-85091c893131<-d612b743-bedc-4c3f-983e-e3329f8a2e6f#0:FAIL-t43] and 0 exception(s); bc0bc980-c963-48ce-962e-85091c893131@group-28ACFA97060E:t43, leader=null, voted=bc0bc980-c963-48ce-962e-85091c893131, raftlog=bc0bc980-c963-48ce-962e-85091c893131@group-28ACFA97060E-SegmentedRaftLog:OPENED:c-1,f-1,i0, conf=-1: [46069bd9-45fc-4c82-823c-36f07a1bcff0:192.168.157.254:34001, bc0bc980-c963-48ce-962e-85091c893131:192.168.157.254:46787, d612b743-bedc-4c3f-983e-e3329f8a2e6f:192.168.157.254:44523], old=null
2019-10-16 20:42:03,838 [bc0bc980-c963-48ce-962e-85091c893131@group-28ACFA97060E-LeaderElection73] INFO  impl.RaftServerImpl (RaftServerImpl.java:setRole(184)) - bc0bc980-c963-48ce-962e-85091c893131@group-28ACFA97060E: changes role from CANDIDATE to FOLLOWER at term 43 for DISCOVERED_A_NEW_TERM
2019-10-16 20:42:03,839 [bc0bc980-c963-48ce-962e-85091c893131@group-28ACFA97060E-LeaderElection73] INFO  impl.RoleInfo (RoleInfo.java:shutdownLeaderElection(134)) - bc0bc980-c963-48ce-962e-85091c893131: shutdown LeaderElection
2019-10-16 20:42:03,839 [bc0bc980-c963-48ce-962e-85091c893131@group-28ACFA97060E-LeaderElection73] INFO  impl.RoleInfo (RoleInfo.java:updateAndGet(143)) - bc0bc980-c963-48ce-962e-85091c893131: start FollowerState
2019-10-16 20:42:03,922 [Thread-1054] INFO  impl.FollowerState (FollowerState.java:run(108)) - bc0bc980-c963-48ce-962e-85091c893131@group-28ACFA97060E-FollowerState: change to CANDIDATE, lastRpcTime:83ms, electionTimeout:83ms
2019-10-16 20:42:03,922 [Thread-1054] INFO  impl.RoleInfo (RoleInfo.java:shutdownFollowerState(121)) - bc0bc980-c963-48ce-962e-85091c893131: shutdown FollowerState
2019-10-16 20:42:03,923 [Thread-1054] INFO  impl.RaftServerImpl (RaftServerImpl.java:setRole(184)) - bc0bc980-c963-48ce-962e-85091c893131@group-28ACFA97060E: changes role from  FOLLOWER to CANDIDATE at term 43 for changeToCandidate
2019-10-16 20:42:03,923 [Thread-1054] INFO  impl.RoleInfo (RoleInfo.java:updateAndGet(143)) - bc0bc980-c963-48ce-962e-85091c893131: start LeaderElection
2019-10-16 20:42:03,971 [bc0bc980-c963-48ce-962e-85091c893131@group-28ACFA97060E-LeaderElection74] INFO  impl.LeaderElection (LeaderElection.java:askForVotes(178)) - bc0bc980-c963-48ce-962e-85091c893131@group-28ACFA97060E-LeaderElection74: begin an election at term 44 for -1: [46069bd9-45fc-4c82-823c-36f07a1bcff0:192.168.157.254:34001, bc0bc980-c963-48ce-962e-85091c893131:192.168.157.254:46787, d612b743-bedc-4c3f-983e-e3329f8a2e6f:192.168.157.254:44523], old=null
2019-10-16 20:42:03,973 [grpc-default-executor-2] INFO  impl.RaftServerImpl (RaftServerImpl.java:setRole(184)) - 46069bd9-45fc-4c82-823c-36f07a1bcff0@group-28ACFA97060E: changes role from  FOLLOWER to FOLLOWER at term 44 for recognizeCandidate:bc0bc980-c963-48ce-962e-85091c893131
2019-10-16 20:42:03,974 [grpc-default-executor-2] INFO  impl.RoleInfo (RoleInfo.java:shutdownFollowerState(121)) - 46069bd9-45fc-4c82-823c-36f07a1bcff0: shutdown FollowerState
2019-10-16 20:42:03,974 [grpc-default-executor-2] INFO  impl.RoleInfo (RoleInfo.java:updateAndGet(143)) - 46069bd9-45fc-4c82-823c-36f07a1bcff0: start FollowerState
2019-10-16 20:42:03,974 [grpc-default-executor-0] INFO  impl.RaftServerImpl (RaftServerImpl.java:setRole(184)) - d612b743-bedc-4c3f-983e-e3329f8a2e6f@group-28ACFA97060E: changes role from  FOLLOWER to FOLLOWER at term 44 for recognizeCandidate:bc0bc980-c963-48ce-962e-85091c893131
2019-10-16 20:42:03,974 [Thread-1052] INFO  impl.FollowerState (FollowerState.java:run(117)) - 46069bd9-45fc-4c82-823c-36f07a1bcff0@group-28ACFA97060E-FollowerState was interrupted: java.lang.InterruptedException: sleep interrupted
2019-10-16 20:42:03,974 [grpc-default-executor-0] INFO  impl.RoleInfo (RoleInfo.java:shutdownFollowerState(121)) - d612b743-bedc-4c3f-983e-e3329f8a2e6f: shutdown FollowerState
2019-10-16 20:42:03,975 [grpc-default-executor-0] INFO  impl.RoleInfo (RoleInfo.java:updateAndGet(143)) - d612b743-bedc-4c3f-983e-e3329f8a2e6f: start FollowerState
2019-10-16 20:42:03,975 [Thread-1053] INFO  impl.FollowerState (FollowerState.java:run(117)) - d612b743-bedc-4c3f-983e-e3329f8a2e6f@group-28ACFA97060E-FollowerState was interrupted: java.lang.InterruptedException: sleep interrupted
2019-10-16 20:42:03,989 [bc0bc980-c963-48ce-962e-85091c893131@group-28ACFA97060E-LeaderElection74] INFO  impl.LeaderElection (LeaderElection.java:logAndReturn(56)) - bc0bc980-c963-48ce-962e-85091c893131@group-28ACFA97060E-LeaderElection74: Election REJECTED; received 2 response(s) [bc0bc980-c963-48ce-962e-85091c893131<-46069bd9-45fc-4c82-823c-36f07a1bcff0#0:FAIL-t44, bc0bc980-c963-48ce-962e-85091c893131<-d612b743-bedc-4c3f-983e-e3329f8a2e6f#0:FAIL-t44] and 0 exception(s); bc0bc980-c963-48ce-962e-85091c893131@group-28ACFA97060E:t44, leader=null, voted=bc0bc980-c963-48ce-962e-85091c893131, raftlog=bc0bc980-c963-48ce-962e-85091c893131@group-28ACFA97060E-SegmentedRaftLog:OPENED:c-1,f-1,i0, conf=-1: [46069bd9-45fc-4c82-823c-36f07a1bcff0:192.168.157.254:34001, bc0bc980-c963-48ce-962e-85091c893131:192.168.157.254:46787, d612b743-bedc-4c3f-983e-e3329f8a2e6f:192.168.157.254:44523], old=null
2019-10-16 20:42:03,989 [bc0bc980-c963-48ce-962e-85091c893131@group-28ACFA97060E-LeaderElection74] INFO  impl.RaftServerImpl (RaftServerImpl.java:setRole(184)) - bc0bc980-c963-48ce-962e-85091c893131@group-28ACFA97060E: changes role from CANDIDATE to FOLLOWER at term 44 for DISCOVERED_A_NEW_TERM
2019-10-16 20:42:03,989 [bc0bc980-c963-48ce-962e-85091c893131@group-28ACFA97060E-LeaderElection74] INFO  impl.RoleInfo (RoleInfo.java:shutdownLeaderElection(134)) - bc0bc980-c963-48ce-962e-85091c893131: shutdown LeaderElection
2019-10-16 20:42:03,989 [bc0bc980-c963-48ce-962e-85091c893131@group-28ACFA97060E-LeaderElection74] INFO  impl.RoleInfo (RoleInfo.java:updateAndGet(143)) - bc0bc980-c963-48ce-962e-85091c893131: start FollowerState
2019-10-16 20:42:04,121 [Thread-1060] INFO  impl.FollowerState (FollowerState.java:run(108)) - bc0bc980-c963-48ce-962e-85091c893131@group-28ACFA97060E-FollowerState: change to CANDIDATE, lastRpcTime:131ms, electionTimeout:131ms
2019-10-16 20:42:04,121 [Thread-1060] INFO  impl.RoleInfo (RoleInfo.java:shutdownFollowerState(121)) - bc0bc980-c963-48ce-962e-85091c893131: shutdown FollowerState
2019-10-16 20:42:04,121 [Thread-1060] INFO  impl.RaftServerImpl (RaftServerImpl.java:setRole(184)) - bc0bc980-c963-48ce-962e-85091c893131@group-28ACFA97060E: changes role from  FOLLOWER to CANDIDATE at term 44 for changeToCandidate
2019-10-16 20:42:04,121 [Thread-1060] INFO  impl.RoleInfo (RoleInfo.java:updateAndGet(143)) - bc0bc980-c963-48ce-962e-85091c893131: start LeaderElection
2019-10-16 20:42:04,158 [bc0bc980-c963-48ce-962e-85091c893131@group-28ACFA97060E-LeaderElection75] INFO  impl.LeaderElection (LeaderElection.java:askForVotes(178)) - bc0bc980-c963-48ce-962e-85091c893131@group-28ACFA97060E-LeaderElection75: begin an election at term 45 for -1: [46069bd9-45fc-4c82-823c-36f07a1bcff0:192.168.157.254:34001, bc0bc980-c963-48ce-962e-85091c893131:192.168.157.254:46787, d612b743-bedc-4c3f-983e-e3329f8a2e6f:192.168.157.254:44523], old=null
2019-10-16 20:42:04,159 [bc0bc980-c963-48ce-962e-85091c893131@group-28ACFA97060E-LeaderElection75] INFO  impl.LeaderElection (LeaderElection.java:logAndReturn(56)) - bc0bc980-c963-48ce-962e-85091c893131@group-28ACFA97060E-LeaderElection75: Election TIMEOUT; received 0 response(s) [] and 0 exception(s); bc0bc980-c963-48ce-962e-85091c893131@group-28ACFA97060E:t45, leader=null, voted=bc0bc980-c963-48ce-962e-85091c893131, raftlog=bc0bc980-c963-48ce-962e-85091c893131@group-28ACFA97060E-SegmentedRaftLog:OPENED:c-1,f-1,i0, conf=-1: [46069bd9-45fc-4c82-823c-36f07a1bcff0:192.168.157.254:34001, bc0bc980-c963-48ce-962e-85091c893131:192.168.157.254:46787, d612b743-bedc-4c3f-983e-e3329f8a2e6f:192.168.157.254:44523], old=null
2019-10-16 20:42:04,161 [grpc-default-executor-0] INFO  impl.RaftServerImpl (RaftServerImpl.java:setRole(184)) - d612b743-bedc-4c3f-983e-e3329f8a2e6f@group-28ACFA97060E: changes role from  FOLLOWER to FOLLOWER at term 45 for recognizeCandidate:bc0bc980-c963-48ce-962e-85091c893131
2019-10-16 20:42:04,161 [grpc-default-executor-0] INFO  impl.RoleInfo (RoleInfo.java:shutdownFollowerState(121)) - d612b743-bedc-4c3f-983e-e3329f8a2e6f: shutdown FollowerState
2019-10-16 20:42:04,161 [grpc-default-executor-2] INFO  impl.RaftServerImpl (RaftServerImpl.java:setRole(184)) - 46069bd9-45fc-4c82-823c-36f07a1bcff0@group-28ACFA97060E: changes role from  FOLLOWER to FOLLOWER at term 45 for recognizeCandidate:bc0bc980-c963-48ce-962e-85091c893131
2019-10-16 20:42:04,161 [grpc-default-executor-0] INFO  impl.RoleInfo (RoleInfo.java:updateAndGet(143)) - d612b743-bedc-4c3f-983e-e3329f8a2e6f: start FollowerState
2019-10-16 20:42:04,161 [Thread-1059] INFO  impl.FollowerState (FollowerState.java:run(117)) - d612b743-bedc-4c3f-983e-e3329f8a2e6f@group-28ACFA97060E-FollowerState was interrupted: java.lang.InterruptedException: sleep interrupted
2019-10-16 20:42:04,161 [grpc-default-executor-2] INFO  impl.RoleInfo (RoleInfo.java:shutdownFollowerState(121)) - 46069bd9-45fc-4c82-823c-36f07a1bcff0: shutdown FollowerState
2019-10-16 20:42:04,162 [grpc-default-executor-2] INFO  impl.RoleInfo (RoleInfo.java:updateAndGet(143)) - 46069bd9-45fc-4c82-823c-36f07a1bcff0: start FollowerState
2019-10-16 20:42:04,162 [Thread-1058] INFO  impl.FollowerState (FollowerState.java:run(117)) - 46069bd9-45fc-4c82-823c-36f07a1bcff0@group-28ACFA97060E-FollowerState was interrupted: java.lang.InterruptedException: sleep interrupted
2019-10-16 20:42:04,179 [bc0bc980-c963-48ce-962e-85091c893131@group-28ACFA97060E-LeaderElection75] INFO  impl.LeaderElection (LeaderElection.java:askForVotes(178)) - bc0bc980-c963-48ce-962e-85091c893131@group-28ACFA97060E-LeaderElection75: begin an election at term 46 for -1: [46069bd9-45fc-4c82-823c-36f07a1bcff0:192.168.157.254:34001, bc0bc980-c963-48ce-962e-85091c893131:192.168.157.254:46787, d612b743-bedc-4c3f-983e-e3329f8a2e6f:192.168.157.254:44523], old=null
2019-10-16 20:42:04,181 [grpc-default-executor-2] INFO  impl.RaftServerImpl (RaftServerImpl.java:setRole(184)) - 46069bd9-45fc-4c82-823c-36f07a1bcff0@group-28ACFA97060E: changes role from  FOLLOWER to FOLLOWER at term 46 for recognizeCandidate:bc0bc980-c963-48ce-962e-85091c893131
2019-10-16 20:42:04,181 [grpc-default-executor-0] INFO  impl.RaftServerImpl (RaftServerImpl.java:setRole(184)) - d612b743-bedc-4c3f-983e-e3329f8a2e6f@group-28ACFA97060E: changes role from  FOLLOWER to FOLLOWER at term 46 for recognizeCandidate:bc0bc980-c963-48ce-962e-85091c893131
2019-10-16 20:42:04,181 [grpc-default-executor-2] INFO  impl.RoleInfo (RoleInfo.java:shutdownFollowerState(121)) - 46069bd9-45fc-4c82-823c-36f07a1bcff0: shutdown FollowerState
2019-10-16 20:42:04,181 [grpc-default-executor-0] INFO  impl.RoleInfo (RoleInfo.java:shutdownFollowerState(121)) - d612b743-bedc-4c3f-983e-e3329f8a2e6f: shutdown FollowerState
2019-10-16 20:42:04,181 [grpc-default-executor-2] INFO  impl.RoleInfo (RoleInfo.java:updateAndGet(143)) - 46069bd9-45fc-4c82-823c-36f07a1bcff0: start FollowerState
2019-10-16 20:42:04,181 [Thread-1065] INFO  impl.FollowerState (FollowerState.java:run(117)) - 46069bd9-45fc-4c82-823c-36f07a1bcff0@group-28ACFA97060E-FollowerState was interrupted: java.lang.InterruptedException: sleep interrupted
2019-10-16 20:42:04,182 [Thread-1064] INFO  impl.FollowerState (FollowerState.java:run(117)) - d612b743-bedc-4c3f-983e-e3329f8a2e6f@group-28ACFA97060E-FollowerState was interrupted: java.lang.InterruptedException: sleep interrupted
2019-10-16 20:42:04,182 [grpc-default-executor-0] INFO  impl.RoleInfo (RoleInfo.java:updateAndGet(143)) - d612b743-bedc-4c3f-983e-e3329f8a2e6f: start FollowerState
2019-10-16 20:42:04,251 [bc0bc980-c963-48ce-962e-85091c893131@group-28ACFA97060E-LeaderElection75] INFO  impl.LeaderElection (LeaderElection.java:logAndReturn(56)) - bc0bc980-c963-48ce-962e-85091c893131@group-28ACFA97060E-LeaderElection75: Election REJECTED; received 2 response(s) [bc0bc980-c963-48ce-962e-85091c893131<-46069bd9-45fc-4c82-823c-36f07a1bcff0#0:FAIL-t46, bc0bc980-c963-48ce-962e-85091c893131<-d612b743-bedc-4c3f-983e-e3329f8a2e6f#0:FAIL-t46] and 0 exception(s); bc0bc980-c963-48ce-962e-85091c893131@group-28ACFA97060E:t46, leader=null, voted=bc0bc980-c963-48ce-962e-85091c893131, raftlog=bc0bc980-c963-48ce-962e-85091c893131@group-28ACFA97060E-SegmentedRaftLog:OPENED:c-1,f-1,i0, conf=-1: [46069bd9-45fc-4c82-823c-36f07a1bcff0:192.168.157.254:34001, bc0bc980-c963-48ce-962e-85091c893131:192.168.157.254:46787, d612b743-bedc-4c3f-983e-e3329f8a2e6f:192.168.157.254:44523], old=null
2019-10-16 20:42:04,252 [bc0bc980-c963-48ce-962e-85091c893131@group-28ACFA97060E-LeaderElection75] INFO  impl.RaftServerImpl (RaftServerImpl.java:setRole(184)) - bc0bc980-c963-48ce-962e-85091c893131@group-28ACFA97060E: changes role from CANDIDATE to FOLLOWER at term 46 for DISCOVERED_A_NEW_TERM
2019-10-16 20:42:04,252 [bc0bc980-c963-48ce-962e-85091c893131@group-28ACFA97060E-LeaderElection75] INFO  impl.RoleInfo (RoleInfo.java:shutdownLeaderElection(134)) - bc0bc980-c963-48ce-962e-85091c893131: shutdown LeaderElection
2019-10-16 20:42:04,252 [bc0bc980-c963-48ce-962e-85091c893131@group-28ACFA97060E-LeaderElection75] INFO  impl.RoleInfo (RoleInfo.java:updateAndGet(143)) - bc0bc980-c963-48ce-962e-85091c893131: start FollowerState
2019-10-16 20:42:04,334 [Thread-1070] INFO  impl.FollowerState (FollowerState.java:run(108)) - bc0bc980-c963-48ce-962e-85091c893131@group-28ACFA97060E-FollowerState: change to CANDIDATE, lastRpcTime:81ms, electionTimeout:81ms
2019-10-16 20:42:04,334 [Thread-1070] INFO  impl.RoleInfo (RoleInfo.java:shutdownFollowerState(121)) - bc0bc980-c963-48ce-962e-85091c893131: shutdown FollowerState
2019-10-16 20:42:04,334 [Thread-1070] INFO  impl.RaftServerImpl (RaftServerImpl.java:setRole(184)) - bc0bc980-c963-48ce-962e-85091c893131@group-28ACFA97060E: changes role from  FOLLOWER to CANDIDATE at term 46 for changeToCandidate
2019-10-16 20:42:04,334 [Thread-1070] INFO  impl.RoleInfo (RoleInfo.java:updateAndGet(143)) - bc0bc980-c963-48ce-962e-85091c893131: start LeaderElection
2019-10-16 20:42:04,385 [bc0bc980-c963-48ce-962e-85091c893131@group-28ACFA97060E-LeaderElection76] INFO  impl.LeaderElection (LeaderElection.java:askForVotes(178)) - bc0bc980-c963-48ce-962e-85091c893131@group-28ACFA97060E-LeaderElection76: begin an election at term 47 for -1: [46069bd9-45fc-4c82-823c-36f07a1bcff0:192.168.157.254:34001, bc0bc980-c963-48ce-962e-85091c893131:192.168.157.254:46787, d612b743-bedc-4c3f-983e-e3329f8a2e6f:192.168.157.254:44523], old=null
2019-10-16 20:42:04,387 [grpc-default-executor-2] INFO  impl.RaftServerImpl (RaftServerImpl.java:setRole(184)) - 46069bd9-45fc-4c82-823c-36f07a1bcff0@group-28ACFA97060E: changes role from  FOLLOWER to FOLLOWER at term 47 for recognizeCandidate:bc0bc980-c963-48ce-962e-85091c893131
2019-10-16 20:42:04,387 [grpc-default-executor-2] INFO  impl.RoleInfo (RoleInfo.java:shutdownFollowerState(121)) - 46069bd9-45fc-4c82-823c-36f07a1bcff0: shutdown FollowerState
2019-10-16 20:42:04,387 [grpc-default-executor-2] INFO  impl.RoleInfo (RoleInfo.java:updateAndGet(143)) - 46069bd9-45fc-4c82-823c-36f07a1bcff0: start FollowerState
2019-10-16 20:42:04,388 [Thread-1068] INFO  impl.FollowerState (FollowerState.java:run(117)) - 46069bd9-45fc-4c82-823c-36f07a1bcff0@group-28ACFA97060E-FollowerState was interrupted: java.lang.InterruptedException: sleep interrupted
2019-10-16 20:42:04,388 [grpc-default-executor-0] INFO  impl.RaftServerImpl (RaftServerImpl.java:setRole(184)) - d612b743-bedc-4c3f-983e-e3329f8a2e6f@group-28ACFA97060E: changes role from  FOLLOWER to FOLLOWER at term 47 for recognizeCandidate:bc0bc980-c963-48ce-962e-85091c893131
2019-10-16 20:42:04,388 [grpc-default-executor-0] INFO  impl.RoleInfo (RoleInfo.java:shutdownFollowerState(121)) - d612b743-bedc-4c3f-983e-e3329f8a2e6f: shutdown FollowerState
2019-10-16 20:42:04,388 [grpc-default-executor-0] INFO  impl.RoleInfo (RoleInfo.java:updateAndGet(143)) - d612b743-bedc-4c3f-983e-e3329f8a2e6f: start FollowerState
2019-10-16 20:42:04,388 [Thread-1069] INFO  impl.FollowerState (FollowerState.java:run(117)) - d612b743-bedc-4c3f-983e-e3329f8a2e6f@group-28ACFA97060E-FollowerState was interrupted: java.lang.InterruptedException: sleep interrupted
2019-10-16 20:42:04,445 [bc0bc980-c963-48ce-962e-85091c893131@group-28ACFA97060E-LeaderElection76] INFO  impl.LeaderElection (LeaderElection.java:logAndReturn(56)) - bc0bc980-c963-48ce-962e-85091c893131@group-28ACFA97060E-LeaderElection76: Election REJECTED; received 2 response(s) [bc0bc980-c963-48ce-962e-85091c893131<-46069bd9-45fc-4c82-823c-36f07a1bcff0#0:FAIL-t47, bc0bc980-c963-48ce-962e-85091c893131<-d612b743-bedc-4c3f-983e-e3329f8a2e6f#0:FAIL-t47] and 0 exception(s); bc0bc980-c963-48ce-962e-85091c893131@group-28ACFA97060E:t47, leader=null, voted=bc0bc980-c963-48ce-962e-85091c893131, raftlog=bc0bc980-c963-48ce-962e-85091c893131@group-28ACFA97060E-SegmentedRaftLog:OPENED:c-1,f-1,i0, conf=-1: [46069bd9-45fc-4c82-823c-36f07a1bcff0:192.168.157.254:34001, bc0bc980-c963-48ce-962e-85091c893131:192.168.157.254:46787, d612b743-bedc-4c3f-983e-e3329f8a2e6f:192.168.157.254:44523], old=null
2019-10-16 20:42:04,445 [bc0bc980-c963-48ce-962e-85091c893131@group-28ACFA97060E-LeaderElection76] INFO  impl.RaftServerImpl (RaftServerImpl.java:setRole(184)) - bc0bc980-c963-48ce-962e-85091c893131@group-28ACFA97060E: changes role from CANDIDATE to FOLLOWER at term 47 for DISCOVERED_A_NEW_TERM
2019-10-16 20:42:04,445 [bc0bc980-c963-48ce-962e-85091c893131@group-28ACFA97060E-LeaderElection76] INFO  impl.RoleInfo (RoleInfo.java:shutdownLeaderElection(134)) - bc0bc980-c963-48ce-962e-85091c893131: shutdown LeaderElection
2019-10-16 20:42:04,446 [bc0bc980-c963-48ce-962e-85091c893131@group-28ACFA97060E-LeaderElection76] INFO  impl.RoleInfo (RoleInfo.java:updateAndGet(143)) - bc0bc980-c963-48ce-962e-85091c893131: start FollowerState
2019-10-16 20:42:04,538 [Thread-1076] INFO  impl.FollowerState (FollowerState.java:run(108)) - bc0bc980-c963-48ce-962e-85091c893131@group-28ACFA97060E-FollowerState: change to CANDIDATE, lastRpcTime:92ms, electionTimeout:92ms
2019-10-16 20:42:04,538 [Thread-1076] INFO  impl.RoleInfo (RoleInfo.java:shutdownFollowerState(121)) - bc0bc980-c963-48ce-962e-85091c893131: shutdown FollowerState
2019-10-16 20:42:04,538 [Thread-1076] INFO  impl.RaftServerImpl (RaftServerImpl.java:setRole(184)) - bc0bc980-c963-48ce-962e-85091c893131@group-28ACFA97060E: changes role from  FOLLOWER to CANDIDATE at term 47 for changeToCandidate
2019-10-16 20:42:04,538 [Thread-1076] INFO  impl.RoleInfo (RoleInfo.java:updateAndGet(143)) - bc0bc980-c963-48ce-962e-85091c893131: start LeaderElection
2019-10-16 20:42:04,552 [bc0bc980-c963-48ce-962e-85091c893131@group-28ACFA97060E-LeaderElection77] INFO  impl.LeaderElection (LeaderElection.java:askForVotes(178)) - bc0bc980-c963-48ce-962e-85091c893131@group-28ACFA97060E-LeaderElection77: begin an election at term 48 for -1: [46069bd9-45fc-4c82-823c-36f07a1bcff0:192.168.157.254:34001, bc0bc980-c963-48ce-962e-85091c893131:192.168.157.254:46787, d612b743-bedc-4c3f-983e-e3329f8a2e6f:192.168.157.254:44523], old=null
2019-10-16 20:42:04,554 [grpc-default-executor-0] INFO  impl.RaftServerImpl (RaftServerImpl.java:setRole(184)) - 46069bd9-45fc-4c82-823c-36f07a1bcff0@group-28ACFA97060E: changes role from  FOLLOWER to FOLLOWER at term 48 for recognizeCandidate:bc0bc980-c963-48ce-962e-85091c893131
2019-10-16 20:42:04,555 [grpc-default-executor-0] INFO  impl.RoleInfo (RoleInfo.java:shutdownFollowerState(121)) - 46069bd9-45fc-4c82-823c-36f07a1bcff0: shutdown FollowerState
2019-10-16 20:42:04,555 [grpc-default-executor-0] INFO  impl.RoleInfo (RoleInfo.java:updateAndGet(143)) - 46069bd9-45fc-4c82-823c-36f07a1bcff0: start FollowerState
2019-10-16 20:42:04,555 [Thread-1074] INFO  impl.FollowerState (FollowerState.java:run(117)) - 46069bd9-45fc-4c82-823c-36f07a1bcff0@group-28ACFA97060E-FollowerState was interrupted: java.lang.InterruptedException: sleep interrupted
2019-10-16 20:42:04,555 [grpc-default-executor-2] INFO  impl.RaftServerImpl (RaftServerImpl.java:setRole(184)) - d612b743-bedc-4c3f-983e-e3329f8a2e6f@group-28ACFA97060E: changes role from  FOLLOWER to FOLLOWER at term 48 for recognizeCandidate:bc0bc980-c963-48ce-962e-85091c893131
2019-10-16 20:42:04,555 [grpc-default-executor-2] INFO  impl.RoleInfo (RoleInfo.java:shutdownFollowerState(121)) - d612b743-bedc-4c3f-983e-e3329f8a2e6f: shutdown FollowerState
2019-10-16 20:42:04,556 [grpc-default-executor-2] INFO  impl.RoleInfo (RoleInfo.java:updateAndGet(143)) - d612b743-bedc-4c3f-983e-e3329f8a2e6f: start FollowerState
2019-10-16 20:42:04,556 [Thread-1075] INFO  impl.FollowerState (FollowerState.java:run(117)) - d612b743-bedc-4c3f-983e-e3329f8a2e6f@group-28ACFA97060E-FollowerState was interrupted: java.lang.InterruptedException: sleep interrupted
2019-10-16 20:42:04,579 [bc0bc980-c963-48ce-962e-85091c893131@group-28ACFA97060E-LeaderElection77] INFO  impl.LeaderElection (LeaderElection.java:logAndReturn(56)) - bc0bc980-c963-48ce-962e-85091c893131@group-28ACFA97060E-LeaderElection77: Election TIMEOUT; received 0 response(s) [] and 0 exception(s); bc0bc980-c963-48ce-962e-85091c893131@group-28ACFA97060E:t48, leader=null, voted=bc0bc980-c963-48ce-962e-85091c893131, raftlog=bc0bc980-c963-48ce-962e-85091c893131@group-28ACFA97060E-SegmentedRaftLog:OPENED:c-1,f-1,i0, conf=-1: [46069bd9-45fc-4c82-823c-36f07a1bcff0:192.168.157.254:34001, bc0bc980-c963-48ce-962e-85091c893131:192.168.157.254:46787, d612b743-bedc-4c3f-983e-e3329f8a2e6f:192.168.157.254:44523], old=null
2019-10-16 20:42:04,642 [bc0bc980-c963-48ce-962e-85091c893131@group-28ACFA97060E-LeaderElection77] INFO  impl.LeaderElection (LeaderElection.java:askForVotes(178)) - bc0bc980-c963-48ce-962e-85091c893131@group-28ACFA97060E-LeaderElection77: begin an election at term 49 for -1: [46069bd9-45fc-4c82-823c-36f07a1bcff0:192.168.157.254:34001, bc0bc980-c963-48ce-962e-85091c893131:192.168.157.254:46787, d612b743-bedc-4c3f-983e-e3329f8a2e6f:192.168.157.254:44523], old=null
2019-10-16 20:42:04,644 [grpc-default-executor-2] INFO  impl.RaftServerImpl (RaftServerImpl.java:setRole(184)) - 46069bd9-45fc-4c82-823c-36f07a1bcff0@group-28ACFA97060E: changes role from  FOLLOWER to FOLLOWER at term 49 for recognizeCandidate:bc0bc980-c963-48ce-962e-85091c893131
2019-10-16 20:42:04,644 [grpc-default-executor-2] INFO  impl.RoleInfo (RoleInfo.java:shutdownFollowerState(121)) - 46069bd9-45fc-4c82-823c-36f07a1bcff0: shutdown FollowerState
2019-10-16 20:42:04,644 [grpc-default-executor-2] INFO  impl.RoleInfo (RoleInfo.java:updateAndGet(143)) - 46069bd9-45fc-4c82-823c-36f07a1bcff0: start FollowerState
2019-10-16 20:42:04,644 [Thread-1080] INFO  impl.FollowerState (FollowerState.java:run(117)) - 46069bd9-45fc-4c82-823c-36f07a1bcff0@group-28ACFA97060E-FollowerState was interrupted: java.lang.InterruptedException: sleep interrupted
2019-10-16 20:42:04,644 [grpc-default-executor-0] INFO  impl.RaftServerImpl (RaftServerImpl.java:setRole(184)) - d612b743-bedc-4c3f-983e-e3329f8a2e6f@group-28ACFA97060E: changes role from  FOLLOWER to FOLLOWER at term 49 for recognizeCandidate:bc0bc980-c963-48ce-962e-85091c893131
2019-10-16 20:42:04,645 [grpc-default-executor-0] INFO  impl.RoleInfo (RoleInfo.java:shutdownFollowerState(121)) - d612b743-bedc-4c3f-983e-e3329f8a2e6f: shutdown FollowerState
2019-10-16 20:42:04,645 [grpc-default-executor-0] INFO  impl.RoleInfo (RoleInfo.java:updateAndGet(143)) - d612b743-bedc-4c3f-983e-e3329f8a2e6f: start FollowerState
2019-10-16 20:42:04,645 [Thread-1081] INFO  impl.FollowerState (FollowerState.java:run(117)) - d612b743-bedc-4c3f-983e-e3329f8a2e6f@group-28ACFA97060E-FollowerState was interrupted: java.lang.InterruptedException: sleep interrupted
2019-10-16 20:42:04,662 [bc0bc980-c963-48ce-962e-85091c893131@group-28ACFA97060E-LeaderElection77] INFO  impl.LeaderElection (LeaderElection.java:logAndReturn(56)) - bc0bc980-c963-48ce-962e-85091c893131@group-28ACFA97060E-LeaderElection77: Election REJECTED; received 2 response(s) [bc0bc980-c963-48ce-962e-85091c893131<-46069bd9-45fc-4c82-823c-36f07a1bcff0#0:FAIL-t49, bc0bc980-c963-48ce-962e-85091c893131<-d612b743-bedc-4c3f-983e-e3329f8a2e6f#0:FAIL-t49] and 0 exception(s); bc0bc980-c963-48ce-962e-85091c893131@group-28ACFA97060E:t49, leader=null, voted=bc0bc980-c963-48ce-962e-85091c893131, raftlog=bc0bc980-c963-48ce-962e-85091c893131@group-28ACFA97060E-SegmentedRaftLog:OPENED:c-1,f-1,i0, conf=-1: [46069bd9-45fc-4c82-823c-36f07a1bcff0:192.168.157.254:34001, bc0bc980-c963-48ce-962e-85091c893131:192.168.157.254:46787, d612b743-bedc-4c3f-983e-e3329f8a2e6f:192.168.157.254:44523], old=null
2019-10-16 20:42:04,662 [bc0bc980-c963-48ce-962e-85091c893131@group-28ACFA97060E-LeaderElection77] INFO  impl.RaftServerImpl (RaftServerImpl.java:setRole(184)) - bc0bc980-c963-48ce-962e-85091c893131@group-28ACFA97060E: changes role from CANDIDATE to FOLLOWER at term 49 for DISCOVERED_A_NEW_TERM
2019-10-16 20:42:04,663 [bc0bc980-c963-48ce-962e-85091c893131@group-28ACFA97060E-LeaderElection77] INFO  impl.RoleInfo (RoleInfo.java:shutdownLeaderElection(134)) - bc0bc980-c963-48ce-962e-85091c893131: shutdown LeaderElection
2019-10-16 20:42:04,663 [bc0bc980-c963-48ce-962e-85091c893131@group-28ACFA97060E-LeaderElection77] INFO  impl.RoleInfo (RoleInfo.java:updateAndGet(143)) - bc0bc980-c963-48ce-962e-85091c893131: start FollowerState
2019-10-16 20:42:04,710 [Thread-1086] INFO  impl.FollowerState (FollowerState.java:run(108)) - bc0bc980-c963-48ce-962e-85091c893131@group-28ACFA97060E-FollowerState: change to CANDIDATE, lastRpcTime:47ms, electionTimeout:47ms
2019-10-16 20:42:04,710 [Thread-1086] INFO  impl.RoleInfo (RoleInfo.java:shutdownFollowerState(121)) - bc0bc980-c963-48ce-962e-85091c893131: shutdown FollowerState
2019-10-16 20:42:04,710 [Thread-1086] INFO  impl.RaftServerImpl (RaftServerImpl.java:setRole(184)) - bc0bc980-c963-48ce-962e-85091c893131@group-28ACFA97060E: changes role from  FOLLOWER to CANDIDATE at term 49 for changeToCandidate
2019-10-16 20:42:04,711 [Thread-1086] INFO  impl.RoleInfo (RoleInfo.java:updateAndGet(143)) - bc0bc980-c963-48ce-962e-85091c893131: start LeaderElection
2019-10-16 20:42:04,756 [bc0bc980-c963-48ce-962e-85091c893131@group-28ACFA97060E-LeaderElection78] INFO  impl.LeaderElection (LeaderElection.java:askForVotes(178)) - bc0bc980-c963-48ce-962e-85091c893131@group-28ACFA97060E-LeaderElection78: begin an election at term 50 for -1: [46069bd9-45fc-4c82-823c-36f07a1bcff0:192.168.157.254:34001, bc0bc980-c963-48ce-962e-85091c893131:192.168.157.254:46787, d612b743-bedc-4c3f-983e-e3329f8a2e6f:192.168.157.254:44523], old=null
2019-10-16 20:42:04,759 [grpc-default-executor-0] INFO  impl.RaftServerImpl (RaftServerImpl.java:setRole(184)) - 46069bd9-45fc-4c82-823c-36f07a1bcff0@group-28ACFA97060E: changes role from  FOLLOWER to FOLLOWER at term 50 for recognizeCandidate:bc0bc980-c963-48ce-962e-85091c893131
2019-10-16 20:42:04,759 [grpc-default-executor-0] INFO  impl.RoleInfo (RoleInfo.java:shutdownFollowerState(121)) - 46069bd9-45fc-4c82-823c-36f07a1bcff0: shutdown FollowerState
2019-10-16 20:42:04,759 [grpc-default-executor-0] INFO  impl.RoleInfo (RoleInfo.java:updateAndGet(143)) - 46069bd9-45fc-4c82-823c-36f07a1bcff0: start FollowerState
2019-10-16 20:42:04,759 [Thread-1084] INFO  impl.FollowerState (FollowerState.java:run(117)) - 46069bd9-45fc-4c82-823c-36f07a1bcff0@group-28ACFA97060E-FollowerState was interrupted: java.lang.InterruptedException: sleep interrupted
2019-10-16 20:42:04,759 [grpc-default-executor-2] INFO  impl.RaftServerImpl (RaftServerImpl.java:setRole(184)) - d612b743-bedc-4c3f-983e-e3329f8a2e6f@group-28ACFA97060E: changes role from  FOLLOWER to FOLLOWER at term 50 for recognizeCandidate:bc0bc980-c963-48ce-962e-85091c893131
2019-10-16 20:42:04,760 [grpc-default-executor-2] INFO  impl.RoleInfo (RoleInfo.java:shutdownFollowerState(121)) - d612b743-bedc-4c3f-983e-e3329f8a2e6f: shutdown FollowerState
2019-10-16 20:42:04,760 [grpc-default-executor-2] INFO  impl.RoleInfo (RoleInfo.java:updateAndGet(143)) - d612b743-bedc-4c3f-983e-e3329f8a2e6f: start FollowerState
2019-10-16 20:42:04,760 [Thread-1085] INFO  impl.FollowerState (FollowerState.java:run(117)) - d612b743-bedc-4c3f-983e-e3329f8a2e6f@group-28ACFA97060E-FollowerState was interrupted: java.lang.InterruptedException: sleep interrupted
2019-10-16 20:42:04,822 [bc0bc980-c963-48ce-962e-85091c893131@group-28ACFA97060E-LeaderElection78] INFO  impl.LeaderElection (LeaderElection.java:logAndReturn(56)) - bc0bc980-c963-48ce-962e-85091c893131@group-28ACFA97060E-LeaderElection78: Election REJECTED; received 2 response(s) [bc0bc980-c963-48ce-962e-85091c893131<-46069bd9-45fc-4c82-823c-36f07a1bcff0#0:FAIL-t50, bc0bc980-c963-48ce-962e-85091c893131<-d612b743-bedc-4c3f-983e-e3329f8a2e6f#0:FAIL-t50] and 0 exception(s); bc0bc980-c963-48ce-962e-85091c893131@group-28ACFA97060E:t50, leader=null, voted=bc0bc980-c963-48ce-962e-85091c893131, raftlog=bc0bc980-c963-48ce-962e-85091c893131@group-28ACFA97060E-SegmentedRaftLog:OPENED:c-1,f-1,i0, conf=-1: [46069bd9-45fc-4c82-823c-36f07a1bcff0:192.168.157.254:34001, bc0bc980-c963-48ce-962e-85091c893131:192.168.157.254:46787, d612b743-bedc-4c3f-983e-e3329f8a2e6f:192.168.157.254:44523], old=null
2019-10-16 20:42:04,822 [bc0bc980-c963-48ce-962e-85091c893131@group-28ACFA97060E-LeaderElection78] INFO  impl.RaftServerImpl (RaftServerImpl.java:setRole(184)) - bc0bc980-c963-48ce-962e-85091c893131@group-28ACFA97060E: changes role from CANDIDATE to FOLLOWER at term 50 for DISCOVERED_A_NEW_TERM
2019-10-16 20:42:04,822 [bc0bc980-c963-48ce-962e-85091c893131@group-28ACFA97060E-LeaderElection78] INFO  impl.RoleInfo (RoleInfo.java:shutdownLeaderElection(134)) - bc0bc980-c963-48ce-962e-85091c893131: shutdown LeaderElection
2019-10-16 20:42:04,822 [bc0bc980-c963-48ce-962e-85091c893131@group-28ACFA97060E-LeaderElection78] INFO  impl.RoleInfo (RoleInfo.java:updateAndGet(143)) - bc0bc980-c963-48ce-962e-85091c893131: start FollowerState
2019-10-16 20:42:05,021 [Thread-1092] INFO  impl.FollowerState (FollowerState.java:run(108)) - bc0bc980-c963-48ce-962e-85091c893131@group-28ACFA97060E-FollowerState: change to CANDIDATE, lastRpcTime:198ms, electionTimeout:198ms
2019-10-16 20:42:05,021 [Thread-1092] INFO  impl.RoleInfo (RoleInfo.java:shutdownFollowerState(121)) - bc0bc980-c963-48ce-962e-85091c893131: shutdown FollowerState
2019-10-16 20:42:05,021 [Thread-1092] INFO  impl.RaftServerImpl (RaftServerImpl.java:setRole(184)) - bc0bc980-c963-48ce-962e-85091c893131@group-28ACFA97060E: changes role from  FOLLOWER to CANDIDATE at term 50 for changeToCandidate
2019-10-16 20:42:05,022 [Thread-1092] INFO  impl.RoleInfo (RoleInfo.java:updateAndGet(143)) - bc0bc980-c963-48ce-962e-85091c893131: start LeaderElection
2019-10-16 20:42:05,039 [bc0bc980-c963-48ce-962e-85091c893131@group-28ACFA97060E-LeaderElection79] INFO  impl.LeaderElection (LeaderElection.java:askForVotes(178)) - bc0bc980-c963-48ce-962e-85091c893131@group-28ACFA97060E-LeaderElection79: begin an election at term 51 for -1: [46069bd9-45fc-4c82-823c-36f07a1bcff0:192.168.157.254:34001, bc0bc980-c963-48ce-962e-85091c893131:192.168.157.254:46787, d612b743-bedc-4c3f-983e-e3329f8a2e6f:192.168.157.254:44523], old=null
2019-10-16 20:42:05,042 [grpc-default-executor-2] INFO  impl.RaftServerImpl (RaftServerImpl.java:setRole(184)) - d612b743-bedc-4c3f-983e-e3329f8a2e6f@group-28ACFA97060E: changes role from  FOLLOWER to FOLLOWER at term 51 for recognizeCandidate:bc0bc980-c963-48ce-962e-85091c893131
2019-10-16 20:42:05,042 [grpc-default-executor-0] INFO  impl.RaftServerImpl (RaftServerImpl.java:setRole(184)) - 46069bd9-45fc-4c82-823c-36f07a1bcff0@group-28ACFA97060E: changes role from  FOLLOWER to FOLLOWER at term 51 for recognizeCandidate:bc0bc980-c963-48ce-962e-85091c893131
2019-10-16 20:42:05,042 [grpc-default-executor-2] INFO  impl.RoleInfo (RoleInfo.java:shutdownFollowerState(121)) - d612b743-bedc-4c3f-983e-e3329f8a2e6f: shutdown FollowerState
2019-10-16 20:42:05,042 [grpc-default-executor-0] INFO  impl.RoleInfo (RoleInfo.java:shutdownFollowerState(121)) - 46069bd9-45fc-4c82-823c-36f07a1bcff0: shutdown FollowerState
2019-10-16 20:42:05,042 [grpc-default-executor-2] INFO  impl.RoleInfo (RoleInfo.java:updateAndGet(143)) - d612b743-bedc-4c3f-983e-e3329f8a2e6f: start FollowerState
2019-10-16 20:42:05,043 [grpc-default-executor-0] INFO  impl.RoleInfo (RoleInfo.java:updateAndGet(143)) - 46069bd9-45fc-4c82-823c-36f07a1bcff0: start FollowerState
2019-10-16 20:42:05,043 [Thread-1090] INFO  impl.FollowerState (FollowerState.java:run(117)) - 46069bd9-45fc-4c82-823c-36f07a1bcff0@group-28ACFA97060E-FollowerState was interrupted: java.lang.InterruptedException: sleep interrupted
2019-10-16 20:42:05,043 [Thread-1091] INFO  impl.FollowerState (FollowerState.java:run(117)) - d612b743-bedc-4c3f-983e-e3329f8a2e6f@group-28ACFA97060E-FollowerState was interrupted: java.lang.InterruptedException: sleep interrupted
2019-10-16 20:42:05,060 [bc0bc980-c963-48ce-962e-85091c893131@group-28ACFA97060E-LeaderElection79] INFO  impl.LeaderElection (LeaderElection.java:logAndReturn(56)) - bc0bc980-c963-48ce-962e-85091c893131@group-28ACFA97060E-LeaderElection79: Election REJECTED; received 2 response(s) [bc0bc980-c963-48ce-962e-85091c893131<-46069bd9-45fc-4c82-823c-36f07a1bcff0#0:FAIL-t51, bc0bc980-c963-48ce-962e-85091c893131<-d612b743-bedc-4c3f-983e-e3329f8a2e6f#0:FAIL-t51] and 0 exception(s); bc0bc980-c963-48ce-962e-85091c893131@group-28ACFA97060E:t51, leader=null, voted=bc0bc980-c963-48ce-962e-85091c893131, raftlog=bc0bc980-c963-48ce-962e-85091c893131@group-28ACFA97060E-SegmentedRaftLog:OPENED:c-1,f-1,i0, conf=-1: [46069bd9-45fc-4c82-823c-36f07a1bcff0:192.168.157.254:34001, bc0bc980-c963-48ce-962e-85091c893131:192.168.157.254:46787, d612b743-bedc-4c3f-983e-e3329f8a2e6f:192.168.157.254:44523], old=null
2019-10-16 20:42:05,061 [bc0bc980-c963-48ce-962e-85091c893131@group-28ACFA97060E-LeaderElection79] INFO  impl.RaftServerImpl (RaftServerImpl.java:setRole(184)) - bc0bc980-c963-48ce-962e-85091c893131@group-28ACFA97060E: changes role from CANDIDATE to FOLLOWER at term 51 for DISCOVERED_A_NEW_TERM
2019-10-16 20:42:05,061 [bc0bc980-c963-48ce-962e-85091c893131@group-28ACFA97060E-LeaderElection79] INFO  impl.RoleInfo (RoleInfo.java:shutdownLeaderElection(134)) - bc0bc980-c963-48ce-962e-85091c893131: shutdown LeaderElection
2019-10-16 20:42:05,061 [bc0bc980-c963-48ce-962e-85091c893131@group-28ACFA97060E-LeaderElection79] INFO  impl.RoleInfo (RoleInfo.java:updateAndGet(143)) - bc0bc980-c963-48ce-962e-85091c893131: start FollowerState
2019-10-16 20:42:05,074 [Thread-1098] INFO  impl.FollowerState (FollowerState.java:run(108)) - bc0bc980-c963-48ce-962e-85091c893131@group-28ACFA97060E-FollowerState: change to CANDIDATE, lastRpcTime:13ms, electionTimeout:13ms
2019-10-16 20:42:05,075 [Thread-1098] INFO  impl.RoleInfo (RoleInfo.java:shutdownFollowerState(121)) - bc0bc980-c963-48ce-962e-85091c893131: shutdown FollowerState
2019-10-16 20:42:05,075 [Thread-1098] INFO  impl.RaftServerImpl (RaftServerImpl.java:setRole(184)) - bc0bc980-c963-48ce-962e-85091c893131@group-28ACFA97060E: changes role from  FOLLOWER to CANDIDATE at term 51 for changeToCandidate
2019-10-16 20:42:05,075 [Thread-1098] INFO  impl.RoleInfo (RoleInfo.java:updateAndGet(143)) - bc0bc980-c963-48ce-962e-85091c893131: start LeaderElection
2019-10-16 20:42:05,089 [bc0bc980-c963-48ce-962e-85091c893131@group-28ACFA97060E-LeaderElection80] INFO  impl.LeaderElection (LeaderElection.java:askForVotes(178)) - bc0bc980-c963-48ce-962e-85091c893131@group-28ACFA97060E-LeaderElection80: begin an election at term 52 for -1: [46069bd9-45fc-4c82-823c-36f07a1bcff0:192.168.157.254:34001, bc0bc980-c963-48ce-962e-85091c893131:192.168.157.254:46787, d612b743-bedc-4c3f-983e-e3329f8a2e6f:192.168.157.254:44523], old=null
2019-10-16 20:42:05,092 [grpc-default-executor-0] INFO  impl.RaftServerImpl (RaftServerImpl.java:setRole(184)) - 46069bd9-45fc-4c82-823c-36f07a1bcff0@group-28ACFA97060E: changes role from  FOLLOWER to FOLLOWER at term 52 for recognizeCandidate:bc0bc980-c963-48ce-962e-85091c893131
2019-10-16 20:42:05,092 [grpc-default-executor-0] INFO  impl.RoleInfo (RoleInfo.java:shutdownFollowerState(121)) - 46069bd9-45fc-4c82-823c-36f07a1bcff0: shutdown FollowerState
2019-10-16 20:42:05,092 [grpc-default-executor-0] INFO  impl.RoleInfo (RoleInfo.java:updateAndGet(143)) - 46069bd9-45fc-4c82-823c-36f07a1bcff0: start FollowerState
2019-10-16 20:42:05,093 [Thread-1097] INFO  impl.FollowerState (FollowerState.java:run(117)) - 46069bd9-45fc-4c82-823c-36f07a1bcff0@group-28ACFA97060E-FollowerState was interrupted: java.lang.InterruptedException: sleep interrupted
2019-10-16 20:42:05,093 [grpc-default-executor-2] INFO  impl.RaftServerImpl (RaftServerImpl.java:setRole(184)) - d612b743-bedc-4c3f-983e-e3329f8a2e6f@group-28ACFA97060E: changes role from  FOLLOWER to FOLLOWER at term 52 for recognizeCandidate:bc0bc980-c963-48ce-962e-85091c893131
2019-10-16 20:42:05,093 [grpc-default-executor-2] INFO  impl.RoleInfo (RoleInfo.java:shutdownFollowerState(121)) - d612b743-bedc-4c3f-983e-e3329f8a2e6f: shutdown FollowerState
2019-10-16 20:42:05,093 [grpc-default-executor-2] INFO  impl.RoleInfo (RoleInfo.java:updateAndGet(143)) - d612b743-bedc-4c3f-983e-e3329f8a2e6f: start FollowerState
2019-10-16 20:42:05,093 [Thread-1096] INFO  impl.FollowerState (FollowerState.java:run(117)) - d612b743-bedc-4c3f-983e-e3329f8a2e6f@group-28ACFA97060E-FollowerState was interrupted: java.lang.InterruptedException: sleep interrupted
2019-10-16 20:42:05,122 [bc0bc980-c963-48ce-962e-85091c893131@group-28ACFA97060E-LeaderElection80] INFO  impl.LeaderElection (LeaderElection.java:logAndReturn(56)) - bc0bc980-c963-48ce-962e-85091c893131@group-28ACFA97060E-LeaderElection80: Election REJECTED; received 2 response(s) [bc0bc980-c963-48ce-962e-85091c893131<-46069bd9-45fc-4c82-823c-36f07a1bcff0#0:FAIL-t52, bc0bc980-c963-48ce-962e-85091c893131<-d612b743-bedc-4c3f-983e-e3329f8a2e6f#0:FAIL-t52] and 0 exception(s); bc0bc980-c963-48ce-962e-85091c893131@group-28ACFA97060E:t52, leader=null, voted=bc0bc980-c963-48ce-962e-85091c893131, raftlog=bc0bc980-c963-48ce-962e-85091c893131@group-28ACFA97060E-SegmentedRaftLog:OPENED:c-1,f-1,i0, conf=-1: [46069bd9-45fc-4c82-823c-36f07a1bcff0:192.168.157.254:34001, bc0bc980-c963-48ce-962e-85091c893131:192.168.157.254:46787, d612b743-bedc-4c3f-983e-e3329f8a2e6f:192.168.157.254:44523], old=null
2019-10-16 20:42:05,122 [bc0bc980-c963-48ce-962e-85091c893131@group-28ACFA97060E-LeaderElection80] INFO  impl.RaftServerImpl (RaftServerImpl.java:setRole(184)) - bc0bc980-c963-48ce-962e-85091c893131@group-28ACFA97060E: changes role from CANDIDATE to FOLLOWER at term 52 for DISCOVERED_A_NEW_TERM
2019-10-16 20:42:05,122 [bc0bc980-c963-48ce-962e-85091c893131@group-28ACFA97060E-LeaderElection80] INFO  impl.RoleInfo (RoleInfo.java:shutdownLeaderElection(134)) - bc0bc980-c963-48ce-962e-85091c893131: shutdown LeaderElection
2019-10-16 20:42:05,122 [bc0bc980-c963-48ce-962e-85091c893131@group-28ACFA97060E-LeaderElection80] INFO  impl.RoleInfo (RoleInfo.java:updateAndGet(143)) - bc0bc980-c963-48ce-962e-85091c893131: start FollowerState
2019-10-16 20:42:05,298 [Thread-1104] INFO  impl.FollowerState (FollowerState.java:run(108)) - bc0bc980-c963-48ce-962e-85091c893131@group-28ACFA97060E-FollowerState: change to CANDIDATE, lastRpcTime:175ms, electionTimeout:175ms
2019-10-16 20:42:05,298 [Thread-1104] INFO  impl.RoleInfo (RoleInfo.java:shutdownFollowerState(121)) - bc0bc980-c963-48ce-962e-85091c893131: shutdown FollowerState
2019-10-16 20:42:05,298 [Thread-1104] INFO  impl.RaftServerImpl (RaftServerImpl.java:setRole(184)) - bc0bc980-c963-48ce-962e-85091c893131@group-28ACFA97060E: changes role from  FOLLOWER to CANDIDATE at term 52 for changeToCandidate
2019-10-16 20:42:05,298 [Thread-1104] INFO  impl.RoleInfo (RoleInfo.java:updateAndGet(143)) - bc0bc980-c963-48ce-962e-85091c893131: start LeaderElection
2019-10-16 20:42:05,324 [bc0bc980-c963-48ce-962e-85091c893131@group-28ACFA97060E-LeaderElection81] INFO  impl.LeaderElection (LeaderElection.java:askForVotes(178)) - bc0bc980-c963-48ce-962e-85091c893131@group-28ACFA97060E-LeaderElection81: begin an election at term 53 for -1: [46069bd9-45fc-4c82-823c-36f07a1bcff0:192.168.157.254:34001, bc0bc980-c963-48ce-962e-85091c893131:192.168.157.254:46787, d612b743-bedc-4c3f-983e-e3329f8a2e6f:192.168.157.254:44523], old=null
2019-10-16 20:42:05,327 [grpc-default-executor-2] INFO  impl.RaftServerImpl (RaftServerImpl.java:setRole(184)) - 46069bd9-45fc-4c82-823c-36f07a1bcff0@group-28ACFA97060E: changes role from  FOLLOWER to FOLLOWER at term 53 for recognizeCandidate:bc0bc980-c963-48ce-962e-85091c893131
2019-10-16 20:42:05,327 [grpc-default-executor-2] INFO  impl.RoleInfo (RoleInfo.java:shutdownFollowerState(121)) - 46069bd9-45fc-4c82-823c-36f07a1bcff0: shutdown FollowerState
2019-10-16 20:42:05,327 [grpc-default-executor-0] INFO  impl.RaftServerImpl (RaftServerImpl.java:setRole(184)) - d612b743-bedc-4c3f-983e-e3329f8a2e6f@group-28ACFA97060E: changes role from  FOLLOWER to FOLLOWER at term 53 for recognizeCandidate:bc0bc980-c963-48ce-962e-85091c893131
2019-10-16 20:42:05,327 [Thread-1102] INFO  impl.FollowerState (FollowerState.java:run(117)) - 46069bd9-45fc-4c82-823c-36f07a1bcff0@group-28ACFA97060E-FollowerState was interrupted: java.lang.InterruptedException: sleep interrupted
2019-10-16 20:42:05,327 [grpc-default-executor-2] INFO  impl.RoleInfo (RoleInfo.java:updateAndGet(143)) - 46069bd9-45fc-4c82-823c-36f07a1bcff0: start FollowerState
2019-10-16 20:42:05,327 [grpc-default-executor-0] INFO  impl.RoleInfo (RoleInfo.java:shutdownFollowerState(121)) - d612b743-bedc-4c3f-983e-e3329f8a2e6f: shutdown FollowerState
2019-10-16 20:42:05,328 [Thread-1103] INFO  impl.FollowerState (FollowerState.java:run(117)) - d612b743-bedc-4c3f-983e-e3329f8a2e6f@group-28ACFA97060E-FollowerState was interrupted: java.lang.InterruptedException: sleep interrupted
2019-10-16 20:42:05,328 [grpc-default-executor-0] INFO  impl.RoleInfo (RoleInfo.java:updateAndGet(143)) - d612b743-bedc-4c3f-983e-e3329f8a2e6f: start FollowerState
2019-10-16 20:42:05,361 [bc0bc980-c963-48ce-962e-85091c893131@group-28ACFA97060E-LeaderElection81] INFO  impl.LeaderElection (LeaderElection.java:logAndReturn(56)) - bc0bc980-c963-48ce-962e-85091c893131@group-28ACFA97060E-LeaderElection81: Election TIMEOUT; received 0 response(s) [] and 0 exception(s); bc0bc980-c963-48ce-962e-85091c893131@group-28ACFA97060E:t53, leader=null, voted=bc0bc980-c963-48ce-962e-85091c893131, raftlog=bc0bc980-c963-48ce-962e-85091c893131@group-28ACFA97060E-SegmentedRaftLog:OPENED:c-1,f-1,i0, conf=-1: [46069bd9-45fc-4c82-823c-36f07a1bcff0:192.168.157.254:34001, bc0bc980-c963-48ce-962e-85091c893131:192.168.157.254:46787, d612b743-bedc-4c3f-983e-e3329f8a2e6f:192.168.157.254:44523], old=null
2019-10-16 20:42:05,408 [bc0bc980-c963-48ce-962e-85091c893131@group-28ACFA97060E-LeaderElection81] INFO  impl.LeaderElection (LeaderElection.java:askForVotes(178)) - bc0bc980-c963-48ce-962e-85091c893131@group-28ACFA97060E-LeaderElection81: begin an election at term 54 for -1: [46069bd9-45fc-4c82-823c-36f07a1bcff0:192.168.157.254:34001, bc0bc980-c963-48ce-962e-85091c893131:192.168.157.254:46787, d612b743-bedc-4c3f-983e-e3329f8a2e6f:192.168.157.254:44523], old=null
2019-10-16 20:42:05,410 [grpc-default-executor-2] INFO  impl.RaftServerImpl (RaftServerImpl.java:setRole(184)) - 46069bd9-45fc-4c82-823c-36f07a1bcff0@group-28ACFA97060E: changes role from  FOLLOWER to FOLLOWER at term 54 for recognizeCandidate:bc0bc980-c963-48ce-962e-85091c893131
2019-10-16 20:42:05,411 [grpc-default-executor-2] INFO  impl.RoleInfo (RoleInfo.java:shutdownFollowerState(121)) - 46069bd9-45fc-4c82-823c-36f07a1bcff0: shutdown FollowerState
2019-10-16 20:42:05,411 [grpc-default-executor-2] INFO  impl.RoleInfo (RoleInfo.java:updateAndGet(143)) - 46069bd9-45fc-4c82-823c-36f07a1bcff0: start FollowerState
2019-10-16 20:42:05,411 [Thread-1108] INFO  impl.FollowerState (FollowerState.java:run(117)) - 46069bd9-45fc-4c82-823c-36f07a1bcff0@group-28ACFA97060E-FollowerState was interrupted: java.lang.InterruptedException: sleep interrupted
2019-10-16 20:42:05,411 [grpc-default-executor-0] INFO  impl.RaftServerImpl (RaftServerImpl.java:setRole(184)) - d612b743-bedc-4c3f-983e-e3329f8a2e6f@group-28ACFA97060E: changes role from  FOLLOWER to FOLLOWER at term 54 for recognizeCandidate:bc0bc980-c963-48ce-962e-85091c893131
2019-10-16 20:42:05,411 [grpc-default-executor-0] INFO  impl.RoleInfo (RoleInfo.java:shutdownFollowerState(121)) - d612b743-bedc-4c3f-983e-e3329f8a2e6f: shutdown FollowerState
2019-10-16 20:42:05,412 [grpc-default-executor-0] INFO  impl.RoleInfo (RoleInfo.java:updateAndGet(143)) - d612b743-bedc-4c3f-983e-e3329f8a2e6f: start FollowerState
2019-10-16 20:42:05,412 [Thread-1109] INFO  impl.FollowerState (FollowerState.java:run(117)) - d612b743-bedc-4c3f-983e-e3329f8a2e6f@group-28ACFA97060E-FollowerState was interrupted: java.lang.InterruptedException: sleep interrupted
2019-10-16 20:42:05,428 [bc0bc980-c963-48ce-962e-85091c893131@group-28ACFA97060E-LeaderElection81] INFO  impl.LeaderElection (LeaderElection.java:logAndReturn(56)) - bc0bc980-c963-48ce-962e-85091c893131@group-28ACFA97060E-LeaderElection81: Election REJECTED; received 2 response(s) [bc0bc980-c963-48ce-962e-85091c893131<-46069bd9-45fc-4c82-823c-36f07a1bcff0#0:FAIL-t54, bc0bc980-c963-48ce-962e-85091c893131<-d612b743-bedc-4c3f-983e-e3329f8a2e6f#0:FAIL-t54] and 0 exception(s); bc0bc980-c963-48ce-962e-85091c893131@group-28ACFA97060E:t54, leader=null, voted=bc0bc980-c963-48ce-962e-85091c893131, raftlog=bc0bc980-c963-48ce-962e-85091c893131@group-28ACFA97060E-SegmentedRaftLog:OPENED:c-1,f-1,i0, conf=-1: [46069bd9-45fc-4c82-823c-36f07a1bcff0:192.168.157.254:34001, bc0bc980-c963-48ce-962e-85091c893131:192.168.157.254:46787, d612b743-bedc-4c3f-983e-e3329f8a2e6f:192.168.157.254:44523], old=null
2019-10-16 20:42:05,430 [bc0bc980-c963-48ce-962e-85091c893131@group-28ACFA97060E-LeaderElection81] INFO  impl.RaftServerImpl (RaftServerImpl.java:setRole(184)) - bc0bc980-c963-48ce-962e-85091c893131@group-28ACFA97060E: changes role from CANDIDATE to FOLLOWER at term 54 for DISCOVERED_A_NEW_TERM
2019-10-16 20:42:05,430 [bc0bc980-c963-48ce-962e-85091c893131@group-28ACFA97060E-LeaderElection81] INFO  impl.RoleInfo (RoleInfo.java:shutdownLeaderElection(134)) - bc0bc980-c963-48ce-962e-85091c893131: shutdown LeaderElection
2019-10-16 20:42:05,430 [bc0bc980-c963-48ce-962e-85091c893131@group-28ACFA97060E-LeaderElection81] INFO  impl.RoleInfo (RoleInfo.java:updateAndGet(143)) - bc0bc980-c963-48ce-962e-85091c893131: start FollowerState
2019-10-16 20:42:05,616 [Thread-1114] INFO  impl.FollowerState (FollowerState.java:run(108)) - bc0bc980-c963-48ce-962e-85091c893131@group-28ACFA97060E-FollowerState: change to CANDIDATE, lastRpcTime:186ms, electionTimeout:186ms
2019-10-16 20:42:05,616 [Thread-1114] INFO  impl.RoleInfo (RoleInfo.java:shutdownFollowerState(121)) - bc0bc980-c963-48ce-962e-85091c893131: shutdown FollowerState
2019-10-16 20:42:05,617 [Thread-1114] INFO  impl.RaftServerImpl (RaftServerImpl.java:setRole(184)) - bc0bc980-c963-48ce-962e-85091c893131@group-28ACFA97060E: changes role from  FOLLOWER to CANDIDATE at term 54 for changeToCandidate
2019-10-16 20:42:05,617 [Thread-1114] INFO  impl.RoleInfo (RoleInfo.java:updateAndGet(143)) - bc0bc980-c963-48ce-962e-85091c893131: start LeaderElection
2019-10-16 20:42:05,682 [bc0bc980-c963-48ce-962e-85091c893131@group-28ACFA97060E-LeaderElection82] INFO  impl.LeaderElection (LeaderElection.java:askForVotes(178)) - bc0bc980-c963-48ce-962e-85091c893131@group-28ACFA97060E-LeaderElection82: begin an election at term 55 for -1: [46069bd9-45fc-4c82-823c-36f07a1bcff0:192.168.157.254:34001, bc0bc980-c963-48ce-962e-85091c893131:192.168.157.254:46787, d612b743-bedc-4c3f-983e-e3329f8a2e6f:192.168.157.254:44523], old=null
2019-10-16 20:42:05,684 [grpc-default-executor-0] INFO  impl.RaftServerImpl (RaftServerImpl.java:setRole(184)) - 46069bd9-45fc-4c82-823c-36f07a1bcff0@group-28ACFA97060E: changes role from  FOLLOWER to FOLLOWER at term 55 for recognizeCandidate:bc0bc980-c963-48ce-962e-85091c893131
2019-10-16 20:42:05,684 [grpc-default-executor-0] INFO  impl.RoleInfo (RoleInfo.java:shutdownFollowerState(121)) - 46069bd9-45fc-4c82-823c-36f07a1bcff0: shutdown FollowerState
2019-10-16 20:42:05,685 [grpc-default-executor-0] INFO  impl.RoleInfo (RoleInfo.java:updateAndGet(143)) - 46069bd9-45fc-4c82-823c-36f07a1bcff0: start FollowerState
2019-10-16 20:42:05,685 [Thread-1112] INFO  impl.FollowerState (FollowerState.java:run(117)) - 46069bd9-45fc-4c82-823c-36f07a1bcff0@group-28ACFA97060E-FollowerState was interrupted: java.lang.InterruptedException: sleep interrupted
2019-10-16 20:42:05,685 [grpc-default-executor-2] INFO  impl.RaftServerImpl (RaftServerImpl.java:setRole(184)) - d612b743-bedc-4c3f-983e-e3329f8a2e6f@group-28ACFA97060E: changes role from  FOLLOWER to FOLLOWER at term 55 for recognizeCandidate:bc0bc980-c963-48ce-962e-85091c893131
2019-10-16 20:42:05,685 [grpc-default-executor-2] INFO  impl.RoleInfo (RoleInfo.java:shutdownFollowerState(121)) - d612b743-bedc-4c3f-983e-e3329f8a2e6f: shutdown FollowerState
2019-10-16 20:42:05,685 [Thread-1113] INFO  impl.FollowerState (FollowerState.java:run(117)) - d612b743-bedc-4c3f-983e-e3329f8a2e6f@group-28ACFA97060E-FollowerState was interrupted: java.lang.InterruptedException: sleep interrupted
2019-10-16 20:42:05,685 [grpc-default-executor-2] INFO  impl.RoleInfo (RoleInfo.java:updateAndGet(143)) - d612b743-bedc-4c3f-983e-e3329f8a2e6f: start FollowerState
2019-10-16 20:42:05,735 [bc0bc980-c963-48ce-962e-85091c893131@group-28ACFA97060E-LeaderElection82] INFO  impl.LeaderElection (LeaderElection.java:logAndReturn(56)) - bc0bc980-c963-48ce-962e-85091c893131@group-28ACFA97060E-LeaderElection82: Election REJECTED; received 2 response(s) [bc0bc980-c963-48ce-962e-85091c893131<-46069bd9-45fc-4c82-823c-36f07a1bcff0#0:FAIL-t55, bc0bc980-c963-48ce-962e-85091c893131<-d612b743-bedc-4c3f-983e-e3329f8a2e6f#0:FAIL-t55] and 0 exception(s); bc0bc980-c963-48ce-962e-85091c893131@group-28ACFA97060E:t55, leader=null, voted=bc0bc980-c963-48ce-962e-85091c893131, raftlog=bc0bc980-c963-48ce-962e-85091c893131@group-28ACFA97060E-SegmentedRaftLog:OPENED:c-1,f-1,i0, conf=-1: [46069bd9-45fc-4c82-823c-36f07a1bcff0:192.168.157.254:34001, bc0bc980-c963-48ce-962e-85091c893131:192.168.157.254:46787, d612b743-bedc-4c3f-983e-e3329f8a2e6f:192.168.157.254:44523], old=null
2019-10-16 20:42:05,735 [bc0bc980-c963-48ce-962e-85091c893131@group-28ACFA97060E-LeaderElection82] INFO  impl.RaftServerImpl (RaftServerImpl.java:setRole(184)) - bc0bc980-c963-48ce-962e-85091c893131@group-28ACFA97060E: changes role from CANDIDATE to FOLLOWER at term 55 for DISCOVERED_A_NEW_TERM
2019-10-16 20:42:05,735 [bc0bc980-c963-48ce-962e-85091c893131@group-28ACFA97060E-LeaderElection82] INFO  impl.RoleInfo (RoleInfo.java:shutdownLeaderElection(134)) - bc0bc980-c963-48ce-962e-85091c893131: shutdown LeaderElection
2019-10-16 20:42:05,735 [bc0bc980-c963-48ce-962e-85091c893131@group-28ACFA97060E-LeaderElection82] INFO  impl.RoleInfo (RoleInfo.java:updateAndGet(143)) - bc0bc980-c963-48ce-962e-85091c893131: start FollowerState
2019-10-16 20:42:05,841 [Thread-1120] INFO  impl.FollowerState (FollowerState.java:run(108)) - bc0bc980-c963-48ce-962e-85091c893131@group-28ACFA97060E-FollowerState: change to CANDIDATE, lastRpcTime:105ms, electionTimeout:105ms
2019-10-16 20:42:05,841 [Thread-1120] INFO  impl.RoleInfo (RoleInfo.java:shutdownFollowerState(121)) - bc0bc980-c963-48ce-962e-85091c893131: shutdown FollowerState
2019-10-16 20:42:05,841 [Thread-1120] INFO  impl.RaftServerImpl (RaftServerImpl.java:setRole(184)) - bc0bc980-c963-48ce-962e-85091c893131@group-28ACFA97060E: changes role from  FOLLOWER to CANDIDATE at term 55 for changeToCandidate
2019-10-16 20:42:05,841 [Thread-1120] INFO  impl.RoleInfo (RoleInfo.java:updateAndGet(143)) - bc0bc980-c963-48ce-962e-85091c893131: start LeaderElection
2019-10-16 20:42:05,891 [bc0bc980-c963-48ce-962e-85091c893131@group-28ACFA97060E-LeaderElection83] INFO  impl.LeaderElection (LeaderElection.java:askForVotes(178)) - bc0bc980-c963-48ce-962e-85091c893131@group-28ACFA97060E-LeaderElection83: begin an election at term 56 for -1: [46069bd9-45fc-4c82-823c-36f07a1bcff0:192.168.157.254:34001, bc0bc980-c963-48ce-962e-85091c893131:192.168.157.254:46787, d612b743-bedc-4c3f-983e-e3329f8a2e6f:192.168.157.254:44523], old=null
2019-10-16 20:42:05,893 [grpc-default-executor-0] INFO  impl.RaftServerImpl (RaftServerImpl.java:setRole(184)) - 46069bd9-45fc-4c82-823c-36f07a1bcff0@group-28ACFA97060E: changes role from  FOLLOWER to FOLLOWER at term 56 for recognizeCandidate:bc0bc980-c963-48ce-962e-85091c893131
2019-10-16 20:42:05,894 [grpc-default-executor-0] INFO  impl.RoleInfo (RoleInfo.java:shutdownFollowerState(121)) - 46069bd9-45fc-4c82-823c-36f07a1bcff0: shutdown FollowerState
2019-10-16 20:42:05,894 [grpc-default-executor-0] INFO  impl.RoleInfo (RoleInfo.java:updateAndGet(143)) - 46069bd9-45fc-4c82-823c-36f07a1bcff0: start FollowerState
2019-10-16 20:42:05,894 [grpc-default-executor-2] INFO  impl.RaftServerImpl (RaftServerImpl.java:setRole(184)) - d612b743-bedc-4c3f-983e-e3329f8a2e6f@group-28ACFA97060E: changes role from  FOLLOWER to FOLLOWER at term 56 for recognizeCandidate:bc0bc980-c963-48ce-962e-85091c893131
2019-10-16 20:42:05,894 [grpc-default-executor-2] INFO  impl.RoleInfo (RoleInfo.java:shutdownFollowerState(121)) - d612b743-bedc-4c3f-983e-e3329f8a2e6f: shutdown FollowerState
2019-10-16 20:42:05,894 [Thread-1118] INFO  impl.FollowerState (FollowerState.java:run(117)) - 46069bd9-45fc-4c82-823c-36f07a1bcff0@group-28ACFA97060E-FollowerState was interrupted: java.lang.InterruptedException: sleep interrupted
2019-10-16 20:42:05,894 [Thread-1119] INFO  impl.FollowerState (FollowerState.java:run(117)) - d612b743-bedc-4c3f-983e-e3329f8a2e6f@group-28ACFA97060E-FollowerState was interrupted: java.lang.InterruptedException: sleep interrupted
2019-10-16 20:42:05,894 [grpc-default-executor-2] INFO  impl.RoleInfo (RoleInfo.java:updateAndGet(143)) - d612b743-bedc-4c3f-983e-e3329f8a2e6f: start FollowerState
2019-10-16 20:42:05,935 [bc0bc980-c963-48ce-962e-85091c893131@group-28ACFA97060E-LeaderElection83] INFO  impl.LeaderElection (LeaderElection.java:logAndReturn(56)) - bc0bc980-c963-48ce-962e-85091c893131@group-28ACFA97060E-LeaderElection83: Election TIMEOUT; received 0 response(s) [] and 0 exception(s); bc0bc980-c963-48ce-962e-85091c893131@group-28ACFA97060E:t56, leader=null, voted=bc0bc980-c963-48ce-962e-85091c893131, raftlog=bc0bc980-c963-48ce-962e-85091c893131@group-28ACFA97060E-SegmentedRaftLog:OPENED:c-1,f-1,i0, conf=-1: [46069bd9-45fc-4c82-823c-36f07a1bcff0:192.168.157.254:34001, bc0bc980-c963-48ce-962e-85091c893131:192.168.157.254:46787, d612b743-bedc-4c3f-983e-e3329f8a2e6f:192.168.157.254:44523], old=null
2019-10-16 20:42:05,963 [bc0bc980-c963-48ce-962e-85091c893131@group-28ACFA97060E-LeaderElection83] INFO  impl.LeaderElection (LeaderElection.java:askForVotes(178)) - bc0bc980-c963-48ce-962e-85091c893131@group-28ACFA97060E-LeaderElection83: begin an election at term 57 for -1: [46069bd9-45fc-4c82-823c-36f07a1bcff0:192.168.157.254:34001, bc0bc980-c963-48ce-962e-85091c893131:192.168.157.254:46787, d612b743-bedc-4c3f-983e-e3329f8a2e6f:192.168.157.254:44523], old=null
2019-10-16 20:42:05,965 [grpc-default-executor-2] INFO  impl.RaftServerImpl (RaftServerImpl.java:setRole(184)) - 46069bd9-45fc-4c82-823c-36f07a1bcff0@group-28ACFA97060E: changes role from  FOLLOWER to FOLLOWER at term 57 for recognizeCandidate:bc0bc980-c963-48ce-962e-85091c893131
2019-10-16 20:42:05,965 [grpc-default-executor-2] INFO  impl.RoleInfo (RoleInfo.java:shutdownFollowerState(121)) - 46069bd9-45fc-4c82-823c-36f07a1bcff0: shutdown FollowerState
2019-10-16 20:42:05,966 [grpc-default-executor-2] INFO  impl.RoleInfo (RoleInfo.java:updateAndGet(143)) - 46069bd9-45fc-4c82-823c-36f07a1bcff0: start FollowerState
2019-10-16 20:42:05,966 [grpc-default-executor-0] INFO  impl.RaftServerImpl (RaftServerImpl.java:setRole(184)) - d612b743-bedc-4c3f-983e-e3329f8a2e6f@group-28ACFA97060E: changes role from  FOLLOWER to FOLLOWER at term 57 for recognizeCandidate:bc0bc980-c963-48ce-962e-85091c893131
2019-10-16 20:42:05,966 [grpc-default-executor-0] INFO  impl.RoleInfo (RoleInfo.java:shutdownFollowerState(121)) - d612b743-bedc-4c3f-983e-e3329f8a2e6f: shutdown FollowerState
2019-10-16 20:42:05,966 [Thread-1124] INFO  impl.FollowerState (FollowerState.java:run(117)) - 46069bd9-45fc-4c82-823c-36f07a1bcff0@group-28ACFA97060E-FollowerState was interrupted: java.lang.InterruptedException: sleep interrupted
2019-10-16 20:42:05,966 [Thread-1125] INFO  impl.FollowerState (FollowerState.java:run(117)) - d612b743-bedc-4c3f-983e-e3329f8a2e6f@group-28ACFA97060E-FollowerState was interrupted: java.lang.InterruptedException: sleep interrupted
2019-10-16 20:42:05,966 [grpc-default-executor-0] INFO  impl.RoleInfo (RoleInfo.java:updateAndGet(143)) - d612b743-bedc-4c3f-983e-e3329f8a2e6f: start FollowerState
2019-10-16 20:42:06,045 [bc0bc980-c963-48ce-962e-85091c893131@group-28ACFA97060E-LeaderElection83] INFO  impl.LeaderElection (LeaderElection.java:logAndReturn(56)) - bc0bc980-c963-48ce-962e-85091c893131@group-28ACFA97060E-LeaderElection83: Election REJECTED; received 2 response(s) [bc0bc980-c963-48ce-962e-85091c893131<-46069bd9-45fc-4c82-823c-36f07a1bcff0#0:FAIL-t57, bc0bc980-c963-48ce-962e-85091c893131<-d612b743-bedc-4c3f-983e-e3329f8a2e6f#0:FAIL-t57] and 0 exception(s); bc0bc980-c963-48ce-962e-85091c893131@group-28ACFA97060E:t57, leader=null, voted=bc0bc980-c963-48ce-962e-85091c893131, raftlog=bc0bc980-c963-48ce-962e-85091c893131@group-28ACFA97060E-SegmentedRaftLog:OPENED:c-1,f-1,i0, conf=-1: [46069bd9-45fc-4c82-823c-36f07a1bcff0:192.168.157.254:34001, bc0bc980-c963-48ce-962e-85091c893131:192.168.157.254:46787, d612b743-bedc-4c3f-983e-e3329f8a2e6f:192.168.157.254:44523], old=null
2019-10-16 20:42:06,045 [bc0bc980-c963-48ce-962e-85091c893131@group-28ACFA97060E-LeaderElection83] INFO  impl.RaftServerImpl (RaftServerImpl.java:setRole(184)) - bc0bc980-c963-48ce-962e-85091c893131@group-28ACFA97060E: changes role from CANDIDATE to FOLLOWER at term 57 for DISCOVERED_A_NEW_TERM
2019-10-16 20:42:06,045 [bc0bc980-c963-48ce-962e-85091c893131@group-28ACFA97060E-LeaderElection83] INFO  impl.RoleInfo (RoleInfo.java:shutdownLeaderElection(134)) - bc0bc980-c963-48ce-962e-85091c893131: shutdown LeaderElection
2019-10-16 20:42:06,045 [bc0bc980-c963-48ce-962e-85091c893131@group-28ACFA97060E-LeaderElection83] INFO  impl.RoleInfo (RoleInfo.java:updateAndGet(143)) - bc0bc980-c963-48ce-962e-85091c893131: start FollowerState
2019-10-16 20:42:06,170 [Thread-1130] INFO  impl.FollowerState (FollowerState.java:run(108)) - bc0bc980-c963-48ce-962e-85091c893131@group-28ACFA97060E-FollowerState: change to CANDIDATE, lastRpcTime:124ms, electionTimeout:124ms
2019-10-16 20:42:06,170 [Thread-1130] INFO  impl.RoleInfo (RoleInfo.java:shutdownFollowerState(121)) - bc0bc980-c963-48ce-962e-85091c893131: shutdown FollowerState
2019-10-16 20:42:06,170 [Thread-1130] INFO  impl.RaftServerImpl (RaftServerImpl.java:setRole(184)) - bc0bc980-c963-48ce-962e-85091c893131@group-28ACFA97060E: changes role from  FOLLOWER to CANDIDATE at term 57 for changeToCandidate
2019-10-16 20:42:06,170 [Thread-1130] INFO  impl.RoleInfo (RoleInfo.java:updateAndGet(143)) - bc0bc980-c963-48ce-962e-85091c893131: start LeaderElection
2019-10-16 20:42:06,212 [bc0bc980-c963-48ce-962e-85091c893131@group-28ACFA97060E-LeaderElection84] INFO  impl.LeaderElection (LeaderElection.java:askForVotes(178)) - bc0bc980-c963-48ce-962e-85091c893131@group-28ACFA97060E-LeaderElection84: begin an election at term 58 for -1: [46069bd9-45fc-4c82-823c-36f07a1bcff0:192.168.157.254:34001, bc0bc980-c963-48ce-962e-85091c893131:192.168.157.254:46787, d612b743-bedc-4c3f-983e-e3329f8a2e6f:192.168.157.254:44523], old=null
2019-10-16 20:42:06,216 [grpc-default-executor-2] INFO  impl.RaftServerImpl (RaftServerImpl.java:setRole(184)) - d612b743-bedc-4c3f-983e-e3329f8a2e6f@group-28ACFA97060E: changes role from  FOLLOWER to FOLLOWER at term 58 for recognizeCandidate:bc0bc980-c963-48ce-962e-85091c893131
2019-10-16 20:42:06,216 [grpc-default-executor-0] INFO  impl.RaftServerImpl (RaftServerImpl.java:setRole(184)) - 46069bd9-45fc-4c82-823c-36f07a1bcff0@group-28ACFA97060E: changes role from  FOLLOWER to FOLLOWER at term 58 for recognizeCandidate:bc0bc980-c963-48ce-962e-85091c893131
2019-10-16 20:42:06,216 [grpc-default-executor-0] INFO  impl.RoleInfo (RoleInfo.java:shutdownFollowerState(121)) - 46069bd9-45fc-4c82-823c-36f07a1bcff0: shutdown FollowerState
2019-10-16 20:42:06,216 [grpc-default-executor-2] INFO  impl.RoleInfo (RoleInfo.java:shutdownFollowerState(121)) - d612b743-bedc-4c3f-983e-e3329f8a2e6f: shutdown FollowerState
2019-10-16 20:42:06,216 [Thread-1128] INFO  impl.FollowerState (FollowerState.java:run(117)) - 46069bd9-45fc-4c82-823c-36f07a1bcff0@group-28ACFA97060E-FollowerState was interrupted: java.lang.InterruptedException: sleep interrupted
2019-10-16 20:42:06,216 [Thread-1129] INFO  impl.FollowerState (FollowerState.java:run(117)) - d612b743-bedc-4c3f-983e-e3329f8a2e6f@group-28ACFA97060E-FollowerState was interrupted: java.lang.InterruptedException: sleep interrupted
2019-10-16 20:42:06,216 [grpc-default-executor-0] INFO  impl.RoleInfo (RoleInfo.java:updateAndGet(143)) - 46069bd9-45fc-4c82-823c-36f07a1bcff0: start FollowerState
2019-10-16 20:42:06,216 [grpc-default-executor-2] INFO  impl.RoleInfo (RoleInfo.java:updateAndGet(143)) - d612b743-bedc-4c3f-983e-e3329f8a2e6f: start FollowerState
2019-10-16 20:42:06,244 [bc0bc980-c963-48ce-962e-85091c893131@group-28ACFA97060E-LeaderElection84] INFO  impl.LeaderElection (LeaderElection.java:logAndReturn(56)) - bc0bc980-c963-48ce-962e-85091c893131@group-28ACFA97060E-LeaderElection84: Election REJECTED; received 2 response(s) [bc0bc980-c963-48ce-962e-85091c893131<-46069bd9-45fc-4c82-823c-36f07a1bcff0#0:FAIL-t58, bc0bc980-c963-48ce-962e-85091c893131<-d612b743-bedc-4c3f-983e-e3329f8a2e6f#0:FAIL-t58] and 0 exception(s); bc0bc980-c963-48ce-962e-85091c893131@group-28ACFA97060E:t58, leader=null, voted=bc0bc980-c963-48ce-962e-85091c893131, raftlog=bc0bc980-c963-48ce-962e-85091c893131@group-28ACFA97060E-SegmentedRaftLog:OPENED:c-1,f-1,i0, conf=-1: [46069bd9-45fc-4c82-823c-36f07a1bcff0:192.168.157.254:34001, bc0bc980-c963-48ce-962e-85091c893131:192.168.157.254:46787, d612b743-bedc-4c3f-983e-e3329f8a2e6f:192.168.157.254:44523], old=null
2019-10-16 20:42:06,244 [bc0bc980-c963-48ce-962e-85091c893131@group-28ACFA97060E-LeaderElection84] INFO  impl.RaftServerImpl (RaftServerImpl.java:setRole(184)) - bc0bc980-c963-48ce-962e-85091c893131@group-28ACFA97060E: changes role from CANDIDATE to FOLLOWER at term 58 for DISCOVERED_A_NEW_TERM
2019-10-16 20:42:06,244 [bc0bc980-c963-48ce-962e-85091c893131@group-28ACFA97060E-LeaderElection84] INFO  impl.RoleInfo (RoleInfo.java:shutdownLeaderElection(134)) - bc0bc980-c963-48ce-962e-85091c893131: shutdown LeaderElection
2019-10-16 20:42:06,244 [bc0bc980-c963-48ce-962e-85091c893131@group-28ACFA97060E-LeaderElection84] INFO  impl.RoleInfo (RoleInfo.java:updateAndGet(143)) - bc0bc980-c963-48ce-962e-85091c893131: start FollowerState
2019-10-16 20:42:06,332 [Thread-1136] INFO  impl.FollowerState (FollowerState.java:run(108)) - bc0bc980-c963-48ce-962e-85091c893131@group-28ACFA97060E-FollowerState: change to CANDIDATE, lastRpcTime:87ms, electionTimeout:87ms
2019-10-16 20:42:06,332 [Thread-1136] INFO  impl.RoleInfo (RoleInfo.java:shutdownFollowerState(121)) - bc0bc980-c963-48ce-962e-85091c893131: shutdown FollowerState
2019-10-16 20:42:06,332 [Thread-1136] INFO  impl.RaftServerImpl (RaftServerImpl.java:setRole(184)) - bc0bc980-c963-48ce-962e-85091c893131@group-28ACFA97060E: changes role from  FOLLOWER to CANDIDATE at term 58 for changeToCandidate
2019-10-16 20:42:06,332 [Thread-1136] INFO  impl.RoleInfo (RoleInfo.java:updateAndGet(143)) - bc0bc980-c963-48ce-962e-85091c893131: start LeaderElection
2019-10-16 20:42:06,341 [bc0bc980-c963-48ce-962e-85091c893131@group-28ACFA97060E-LeaderElection85] INFO  impl.LeaderElection (LeaderElection.java:askForVotes(178)) - bc0bc980-c963-48ce-962e-85091c893131@group-28ACFA97060E-LeaderElection85: begin an election at term 59 for -1: [46069bd9-45fc-4c82-823c-36f07a1bcff0:192.168.157.254:34001, bc0bc980-c963-48ce-962e-85091c893131:192.168.157.254:46787, d612b743-bedc-4c3f-983e-e3329f8a2e6f:192.168.157.254:44523], old=null
2019-10-16 20:42:06,343 [grpc-default-executor-2] INFO  impl.RaftServerImpl (RaftServerImpl.java:setRole(184)) - 46069bd9-45fc-4c82-823c-36f07a1bcff0@group-28ACFA97060E: changes role from  FOLLOWER to FOLLOWER at term 59 for recognizeCandidate:bc0bc980-c963-48ce-962e-85091c893131
2019-10-16 20:42:06,343 [grpc-default-executor-2] INFO  impl.RoleInfo (RoleInfo.java:shutdownFollowerState(121)) - 46069bd9-45fc-4c82-823c-36f07a1bcff0: shutdown FollowerState
2019-10-16 20:42:06,343 [grpc-default-executor-0] INFO  impl.RaftServerImpl (RaftServerImpl.java:setRole(184)) - d612b743-bedc-4c3f-983e-e3329f8a2e6f@group-28ACFA97060E: changes role from  FOLLOWER to FOLLOWER at term 59 for recognizeCandidate:bc0bc980-c963-48ce-962e-85091c893131
2019-10-16 20:42:06,343 [grpc-default-executor-2] INFO  impl.RoleInfo (RoleInfo.java:updateAndGet(143)) - 46069bd9-45fc-4c82-823c-36f07a1bcff0: start FollowerState
2019-10-16 20:42:06,343 [Thread-1134] INFO  impl.FollowerState (FollowerState.java:run(117)) - 46069bd9-45fc-4c82-823c-36f07a1bcff0@group-28ACFA97060E-FollowerState was interrupted: java.lang.InterruptedException: sleep interrupted
2019-10-16 20:42:06,344 [grpc-default-executor-0] INFO  impl.RoleInfo (RoleInfo.java:shutdownFollowerState(121)) - d612b743-bedc-4c3f-983e-e3329f8a2e6f: shutdown FollowerState
2019-10-16 20:42:06,344 [grpc-default-executor-0] INFO  impl.RoleInfo (RoleInfo.java:updateAndGet(143)) - d612b743-bedc-4c3f-983e-e3329f8a2e6f: start FollowerState
2019-10-16 20:42:06,344 [Thread-1135] INFO  impl.FollowerState (FollowerState.java:run(117)) - d612b743-bedc-4c3f-983e-e3329f8a2e6f@group-28ACFA97060E-FollowerState was interrupted: java.lang.InterruptedException: sleep interrupted
2019-10-16 20:42:06,357 [bc0bc980-c963-48ce-962e-85091c893131@group-28ACFA97060E-LeaderElection85] INFO  impl.LeaderElection (LeaderElection.java:logAndReturn(56)) - bc0bc980-c963-48ce-962e-85091c893131@group-28ACFA97060E-LeaderElection85: Election REJECTED; received 2 response(s) [bc0bc980-c963-48ce-962e-85091c893131<-46069bd9-45fc-4c82-823c-36f07a1bcff0#0:FAIL-t59, bc0bc980-c963-48ce-962e-85091c893131<-d612b743-bedc-4c3f-983e-e3329f8a2e6f#0:FAIL-t59] and 0 exception(s); bc0bc980-c963-48ce-962e-85091c893131@group-28ACFA97060E:t59, leader=null, voted=bc0bc980-c963-48ce-962e-85091c893131, raftlog=bc0bc980-c963-48ce-962e-85091c893131@group-28ACFA97060E-SegmentedRaftLog:OPENED:c-1,f-1,i0, conf=-1: [46069bd9-45fc-4c82-823c-36f07a1bcff0:192.168.157.254:34001, bc0bc980-c963-48ce-962e-85091c893131:192.168.157.254:46787, d612b743-bedc-4c3f-983e-e3329f8a2e6f:192.168.157.254:44523], old=null
2019-10-16 20:42:06,357 [bc0bc980-c963-48ce-962e-85091c893131@group-28ACFA97060E-LeaderElection85] INFO  impl.RaftServerImpl (RaftServerImpl.java:setRole(184)) - bc0bc980-c963-48ce-962e-85091c893131@group-28ACFA97060E: changes role from CANDIDATE to FOLLOWER at term 59 for DISCOVERED_A_NEW_TERM
2019-10-16 20:42:06,358 [bc0bc980-c963-48ce-962e-85091c893131@group-28ACFA97060E-LeaderElection85] INFO  impl.RoleInfo (RoleInfo.java:shutdownLeaderElection(134)) - bc0bc980-c963-48ce-962e-85091c893131: shutdown LeaderElection
2019-10-16 20:42:06,358 [bc0bc980-c963-48ce-962e-85091c893131@group-28ACFA97060E-LeaderElection85] INFO  impl.RoleInfo (RoleInfo.java:updateAndGet(143)) - bc0bc980-c963-48ce-962e-85091c893131: start FollowerState
2019-10-16 20:42:06,359 [Thread-1142] INFO  impl.FollowerState (FollowerState.java:run(108)) - bc0bc980-c963-48ce-962e-85091c893131@group-28ACFA97060E-FollowerState: change to CANDIDATE, lastRpcTime:1ms, electionTimeout:1ms
2019-10-16 20:42:06,359 [Thread-1142] INFO  impl.RoleInfo (RoleInfo.java:shutdownFollowerState(121)) - bc0bc980-c963-48ce-962e-85091c893131: shutdown FollowerState
2019-10-16 20:42:06,360 [Thread-1142] INFO  impl.RaftServerImpl (RaftServerImpl.java:setRole(184)) - bc0bc980-c963-48ce-962e-85091c893131@group-28ACFA97060E: changes role from  FOLLOWER to CANDIDATE at term 59 for changeToCandidate
2019-10-16 20:42:06,360 [Thread-1142] INFO  impl.RoleInfo (RoleInfo.java:updateAndGet(143)) - bc0bc980-c963-48ce-962e-85091c893131: start LeaderElection
2019-10-16 20:42:06,386 [bc0bc980-c963-48ce-962e-85091c893131@group-28ACFA97060E-LeaderElection86] INFO  impl.LeaderElection (LeaderElection.java:askForVotes(178)) - bc0bc980-c963-48ce-962e-85091c893131@group-28ACFA97060E-LeaderElection86: begin an election at term 60 for -1: [46069bd9-45fc-4c82-823c-36f07a1bcff0:192.168.157.254:34001, bc0bc980-c963-48ce-962e-85091c893131:192.168.157.254:46787, d612b743-bedc-4c3f-983e-e3329f8a2e6f:192.168.157.254:44523], old=null
2019-10-16 20:42:06,388 [grpc-default-executor-0] INFO  impl.RaftServerImpl (RaftServerImpl.java:setRole(184)) - d612b743-bedc-4c3f-983e-e3329f8a2e6f@group-28ACFA97060E: changes role from  FOLLOWER to FOLLOWER at term 60 for recognizeCandidate:bc0bc980-c963-48ce-962e-85091c893131
2019-10-16 20:42:06,388 [grpc-default-executor-0] INFO  impl.RoleInfo (RoleInfo.java:shutdownFollowerState(121)) - d612b743-bedc-4c3f-983e-e3329f8a2e6f: shutdown FollowerState
2019-10-16 20:42:06,388 [grpc-default-executor-2] INFO  impl.RaftServerImpl (RaftServerImpl.java:setRole(184)) - 46069bd9-45fc-4c82-823c-36f07a1bcff0@group-28ACFA97060E: changes role from  FOLLOWER to FOLLOWER at term 60 for recognizeCandidate:bc0bc980-c963-48ce-962e-85091c893131
2019-10-16 20:42:06,389 [Thread-1141] INFO  impl.FollowerState (FollowerState.java:run(117)) - d612b743-bedc-4c3f-983e-e3329f8a2e6f@group-28ACFA97060E-FollowerState was interrupted: java.lang.InterruptedException: sleep interrupted
2019-10-16 20:42:06,389 [grpc-default-executor-0] INFO  impl.RoleInfo (RoleInfo.java:updateAndGet(143)) - d612b743-bedc-4c3f-983e-e3329f8a2e6f: start FollowerState
2019-10-16 20:42:06,389 [grpc-default-executor-2] INFO  impl.RoleInfo (RoleInfo.java:shutdownFollowerState(121)) - 46069bd9-45fc-4c82-823c-36f07a1bcff0: shutdown FollowerState
2019-10-16 20:42:06,389 [Thread-1140] INFO  impl.FollowerState (FollowerState.java:run(117)) - 46069bd9-45fc-4c82-823c-36f07a1bcff0@group-28ACFA97060E-FollowerState was interrupted: java.lang.InterruptedException: sleep interrupted
2019-10-16 20:42:06,389 [grpc-default-executor-2] INFO  impl.RoleInfo (RoleInfo.java:updateAndGet(143)) - 46069bd9-45fc-4c82-823c-36f07a1bcff0: start FollowerState
2019-10-16 20:42:06,432 [bc0bc980-c963-48ce-962e-85091c893131@group-28ACFA97060E-LeaderElection86] INFO  impl.LeaderElection (LeaderElection.java:logAndReturn(56)) - bc0bc980-c963-48ce-962e-85091c893131@group-28ACFA97060E-LeaderElection86: Election REJECTED; received 2 response(s) [bc0bc980-c963-48ce-962e-85091c893131<-46069bd9-45fc-4c82-823c-36f07a1bcff0#0:FAIL-t60, bc0bc980-c963-48ce-962e-85091c893131<-d612b743-bedc-4c3f-983e-e3329f8a2e6f#0:FAIL-t60] and 0 exception(s); bc0bc980-c963-48ce-962e-85091c893131@group-28ACFA97060E:t60, leader=null, voted=bc0bc980-c963-48ce-962e-85091c893131, raftlog=bc0bc980-c963-48ce-962e-85091c893131@group-28ACFA97060E-SegmentedRaftLog:OPENED:c-1,f-1,i0, conf=-1: [46069bd9-45fc-4c82-823c-36f07a1bcff0:192.168.157.254:34001, bc0bc980-c963-48ce-962e-85091c893131:192.168.157.254:46787, d612b743-bedc-4c3f-983e-e3329f8a2e6f:192.168.157.254:44523], old=null
2019-10-16 20:42:06,432 [bc0bc980-c963-48ce-962e-85091c893131@group-28ACFA97060E-LeaderElection86] INFO  impl.RaftServerImpl (RaftServerImpl.java:setRole(184)) - bc0bc980-c963-48ce-962e-85091c893131@group-28ACFA97060E: changes role from CANDIDATE to FOLLOWER at term 60 for DISCOVERED_A_NEW_TERM
2019-10-16 20:42:06,433 [bc0bc980-c963-48ce-962e-85091c893131@group-28ACFA97060E-LeaderElection86] INFO  impl.RoleInfo (RoleInfo.java:shutdownLeaderElection(134)) - bc0bc980-c963-48ce-962e-85091c893131: shutdown LeaderElection
2019-10-16 20:42:06,433 [bc0bc980-c963-48ce-962e-85091c893131@group-28ACFA97060E-LeaderElection86] INFO  impl.RoleInfo (RoleInfo.java:updateAndGet(143)) - bc0bc980-c963-48ce-962e-85091c893131: start FollowerState
2019-10-16 20:42:06,496 [Thread-1148] INFO  impl.FollowerState (FollowerState.java:run(108)) - bc0bc980-c963-48ce-962e-85091c893131@group-28ACFA97060E-FollowerState: change to CANDIDATE, lastRpcTime:63ms, electionTimeout:63ms
2019-10-16 20:42:06,496 [Thread-1148] INFO  impl.RoleInfo (RoleInfo.java:shutdownFollowerState(121)) - bc0bc980-c963-48ce-962e-85091c893131: shutdown FollowerState
2019-10-16 20:42:06,497 [Thread-1148] INFO  impl.RaftServerImpl (RaftServerImpl.java:setRole(184)) - bc0bc980-c963-48ce-962e-85091c893131@group-28ACFA97060E: changes role from  FOLLOWER to CANDIDATE at term 60 for changeToCandidate
2019-10-16 20:42:06,497 [Thread-1148] INFO  impl.RoleInfo (RoleInfo.java:updateAndGet(143)) - bc0bc980-c963-48ce-962e-85091c893131: start LeaderElection
2019-10-16 20:42:06,525 [bc0bc980-c963-48ce-962e-85091c893131@group-28ACFA97060E-LeaderElection87] INFO  impl.LeaderElection (LeaderElection.java:askForVotes(178)) - bc0bc980-c963-48ce-962e-85091c893131@group-28ACFA97060E-LeaderElection87: begin an election at term 61 for -1: [46069bd9-45fc-4c82-823c-36f07a1bcff0:192.168.157.254:34001, bc0bc980-c963-48ce-962e-85091c893131:192.168.157.254:46787, d612b743-bedc-4c3f-983e-e3329f8a2e6f:192.168.157.254:44523], old=null
2019-10-16 20:42:06,527 [grpc-default-executor-2] INFO  impl.RaftServerImpl (RaftServerImpl.java:setRole(184)) - 46069bd9-45fc-4c82-823c-36f07a1bcff0@group-28ACFA97060E: changes role from  FOLLOWER to FOLLOWER at term 61 for recognizeCandidate:bc0bc980-c963-48ce-962e-85091c893131
2019-10-16 20:42:06,527 [grpc-default-executor-2] INFO  impl.RoleInfo (RoleInfo.java:shutdownFollowerState(121)) - 46069bd9-45fc-4c82-823c-36f07a1bcff0: shutdown FollowerState
2019-10-16 20:42:06,528 [grpc-default-executor-0] INFO  impl.RaftServerImpl (RaftServerImpl.java:setRole(184)) - d612b743-bedc-4c3f-983e-e3329f8a2e6f@group-28ACFA97060E: changes role from  FOLLOWER to FOLLOWER at term 61 for recognizeCandidate:bc0bc980-c963-48ce-962e-85091c893131
2019-10-16 20:42:06,528 [grpc-default-executor-2] INFO  impl.RoleInfo (RoleInfo.java:updateAndGet(143)) - 46069bd9-45fc-4c82-823c-36f07a1bcff0: start FollowerState
2019-10-16 20:42:06,528 [Thread-1147] INFO  impl.FollowerState (FollowerState.java:run(117)) - 46069bd9-45fc-4c82-823c-36f07a1bcff0@group-28ACFA97060E-FollowerState was interrupted: java.lang.InterruptedException: sleep interrupted
2019-10-16 20:42:06,528 [grpc-default-executor-0] INFO  impl.RoleInfo (RoleInfo.java:shutdownFollowerState(121)) - d612b743-bedc-4c3f-983e-e3329f8a2e6f: shutdown FollowerState
2019-10-16 20:42:06,528 [grpc-default-executor-0] INFO  impl.RoleInfo (RoleInfo.java:updateAndGet(143)) - d612b743-bedc-4c3f-983e-e3329f8a2e6f: start FollowerState
2019-10-16 20:42:06,528 [Thread-1146] INFO  impl.FollowerState (FollowerState.java:run(117)) - d612b743-bedc-4c3f-983e-e3329f8a2e6f@group-28ACFA97060E-FollowerState was interrupted: java.lang.InterruptedException: sleep interrupted
2019-10-16 20:42:06,574 [bc0bc980-c963-48ce-962e-85091c893131@group-28ACFA97060E-LeaderElection87] INFO  impl.LeaderElection (LeaderElection.java:logAndReturn(56)) - bc0bc980-c963-48ce-962e-85091c893131@group-28ACFA97060E-LeaderElection87: Election REJECTED; received 2 response(s) [bc0bc980-c963-48ce-962e-85091c893131<-46069bd9-45fc-4c82-823c-36f07a1bcff0#0:FAIL-t61, bc0bc980-c963-48ce-962e-85091c893131<-d612b743-bedc-4c3f-983e-e3329f8a2e6f#0:FAIL-t61] and 0 exception(s); bc0bc980-c963-48ce-962e-85091c893131@group-28ACFA97060E:t61, leader=null, voted=bc0bc980-c963-48ce-962e-85091c893131, raftlog=bc0bc980-c963-48ce-962e-85091c893131@group-28ACFA97060E-SegmentedRaftLog:OPENED:c-1,f-1,i0, conf=-1: [46069bd9-45fc-4c82-823c-36f07a1bcff0:192.168.157.254:34001, bc0bc980-c963-48ce-962e-85091c893131:192.168.157.254:46787, d612b743-bedc-4c3f-983e-e3329f8a2e6f:192.168.157.254:44523], old=null
2019-10-16 20:42:06,574 [bc0bc980-c963-48ce-962e-85091c893131@group-28ACFA97060E-LeaderElection87] INFO  impl.RaftServerImpl (RaftServerImpl.java:setRole(184)) - bc0bc980-c963-48ce-962e-85091c893131@group-28ACFA97060E: changes role from CANDIDATE to FOLLOWER at term 61 for DISCOVERED_A_NEW_TERM
2019-10-16 20:42:06,574 [bc0bc980-c963-48ce-962e-85091c893131@group-28ACFA97060E-LeaderElection87] INFO  impl.RoleInfo (RoleInfo.java:shutdownLeaderElection(134)) - bc0bc980-c963-48ce-962e-85091c893131: shutdown LeaderElection
2019-10-16 20:42:06,575 [bc0bc980-c963-48ce-962e-85091c893131@group-28ACFA97060E-LeaderElection87] INFO  impl.RoleInfo (RoleInfo.java:updateAndGet(143)) - bc0bc980-c963-48ce-962e-85091c893131: start FollowerState
2019-10-16 20:42:06,631 [Thread-1154] INFO  impl.FollowerState (FollowerState.java:run(108)) - bc0bc980-c963-48ce-962e-85091c893131@group-28ACFA97060E-FollowerState: change to CANDIDATE, lastRpcTime:56ms, electionTimeout:56ms
2019-10-16 20:42:06,631 [Thread-1154] INFO  impl.RoleInfo (RoleInfo.java:shutdownFollowerState(121)) - bc0bc980-c963-48ce-962e-85091c893131: shutdown FollowerState
2019-10-16 20:42:06,631 [Thread-1154] INFO  impl.RaftServerImpl (RaftServerImpl.java:setRole(184)) - bc0bc980-c963-48ce-962e-85091c893131@group-28ACFA97060E: changes role from  FOLLOWER to CANDIDATE at term 61 for changeToCandidate
2019-10-16 20:42:06,632 [Thread-1154] INFO  impl.RoleInfo (RoleInfo.java:updateAndGet(143)) - bc0bc980-c963-48ce-962e-85091c893131: start LeaderElection
2019-10-16 20:42:06,651 [bc0bc980-c963-48ce-962e-85091c893131@group-28ACFA97060E-LeaderElection88] INFO  impl.LeaderElection (LeaderElection.java:askForVotes(178)) - bc0bc980-c963-48ce-962e-85091c893131@group-28ACFA97060E-LeaderElection88: begin an election at term 62 for -1: [46069bd9-45fc-4c82-823c-36f07a1bcff0:192.168.157.254:34001, bc0bc980-c963-48ce-962e-85091c893131:192.168.157.254:46787, d612b743-bedc-4c3f-983e-e3329f8a2e6f:192.168.157.254:44523], old=null
2019-10-16 20:42:06,653 [grpc-default-executor-0] INFO  impl.RaftServerImpl (RaftServerImpl.java:setRole(184)) - 46069bd9-45fc-4c82-823c-36f07a1bcff0@group-28ACFA97060E: changes role from  FOLLOWER to FOLLOWER at term 62 for recognizeCandidate:bc0bc980-c963-48ce-962e-85091c893131
2019-10-16 20:42:06,654 [grpc-default-executor-0] INFO  impl.RoleInfo (RoleInfo.java:shutdownFollowerState(121)) - 46069bd9-45fc-4c82-823c-36f07a1bcff0: shutdown FollowerState
2019-10-16 20:42:06,654 [grpc-default-executor-2] INFO  impl.RaftServerImpl (RaftServerImpl.java:setRole(184)) - d612b743-bedc-4c3f-983e-e3329f8a2e6f@group-28ACFA97060E: changes role from  FOLLOWER to FOLLOWER at term 62 for recognizeCandidate:bc0bc980-c963-48ce-962e-85091c893131
2019-10-16 20:42:06,654 [grpc-default-executor-0] INFO  impl.RoleInfo (RoleInfo.java:updateAndGet(143)) - 46069bd9-45fc-4c82-823c-36f07a1bcff0: start FollowerState
2019-10-16 20:42:06,654 [Thread-1152] INFO  impl.FollowerState (FollowerState.java:run(117)) - 46069bd9-45fc-4c82-823c-36f07a1bcff0@group-28ACFA97060E-FollowerState was interrupted: java.lang.InterruptedException: sleep interrupted
2019-10-16 20:42:06,654 [grpc-default-executor-2] INFO  impl.RoleInfo (RoleInfo.java:shutdownFollowerState(121)) - d612b743-bedc-4c3f-983e-e3329f8a2e6f: shutdown FollowerState
2019-10-16 20:42:06,654 [grpc-default-executor-2] INFO  impl.RoleInfo (RoleInfo.java:updateAndGet(143)) - d612b743-bedc-4c3f-983e-e3329f8a2e6f: start FollowerState
2019-10-16 20:42:06,654 [Thread-1153] INFO  impl.FollowerState (FollowerState.java:run(117)) - d612b743-bedc-4c3f-983e-e3329f8a2e6f@group-28ACFA97060E-FollowerState was interrupted: java.lang.InterruptedException: sleep interrupted
2019-10-16 20:42:06,678 [bc0bc980-c963-48ce-962e-85091c893131@group-28ACFA97060E-LeaderElection88] INFO  impl.LeaderElection (LeaderElection.java:logAndReturn(56)) - bc0bc980-c963-48ce-962e-85091c893131@group-28ACFA97060E-LeaderElection88: Election REJECTED; received 2 response(s) [bc0bc980-c963-48ce-962e-85091c893131<-46069bd9-45fc-4c82-823c-36f07a1bcff0#0:FAIL-t62, bc0bc980-c963-48ce-962e-85091c893131<-d612b743-bedc-4c3f-983e-e3329f8a2e6f#0:FAIL-t62] and 0 exception(s); bc0bc980-c963-48ce-962e-85091c893131@group-28ACFA97060E:t62, leader=null, voted=bc0bc980-c963-48ce-962e-85091c893131, raftlog=bc0bc980-c963-48ce-962e-85091c893131@group-28ACFA97060E-SegmentedRaftLog:OPENED:c-1,f-1,i0, conf=-1: [46069bd9-45fc-4c82-823c-36f07a1bcff0:192.168.157.254:34001, bc0bc980-c963-48ce-962e-85091c893131:192.168.157.254:46787, d612b743-bedc-4c3f-983e-e3329f8a2e6f:192.168.157.254:44523], old=null
2019-10-16 20:42:06,678 [bc0bc980-c963-48ce-962e-85091c893131@group-28ACFA97060E-LeaderElection88] INFO  impl.RaftServerImpl (RaftServerImpl.java:setRole(184)) - bc0bc980-c963-48ce-962e-85091c893131@group-28ACFA97060E: changes role from CANDIDATE to FOLLOWER at term 62 for DISCOVERED_A_NEW_TERM
2019-10-16 20:42:06,678 [bc0bc980-c963-48ce-962e-85091c893131@group-28ACFA97060E-LeaderElection88] INFO  impl.RoleInfo (RoleInfo.java:shutdownLeaderElection(134)) - bc0bc980-c963-48ce-962e-85091c893131: shutdown LeaderElection
2019-10-16 20:42:06,678 [bc0bc980-c963-48ce-962e-85091c893131@group-28ACFA97060E-LeaderElection88] INFO  impl.RoleInfo (RoleInfo.java:updateAndGet(143)) - bc0bc980-c963-48ce-962e-85091c893131: start FollowerState
2019-10-16 20:42:06,798 [Thread-1160] INFO  impl.FollowerState (FollowerState.java:run(108)) - bc0bc980-c963-48ce-962e-85091c893131@group-28ACFA97060E-FollowerState: change to CANDIDATE, lastRpcTime:119ms, electionTimeout:119ms
2019-10-16 20:42:06,798 [Thread-1160] INFO  impl.RoleInfo (RoleInfo.java:shutdownFollowerState(121)) - bc0bc980-c963-48ce-962e-85091c893131: shutdown FollowerState
2019-10-16 20:42:06,798 [Thread-1160] INFO  impl.RaftServerImpl (RaftServerImpl.java:setRole(184)) - bc0bc980-c963-48ce-962e-85091c893131@group-28ACFA97060E: changes role from  FOLLOWER to CANDIDATE at term 62 for changeToCandidate
2019-10-16 20:42:06,798 [Thread-1160] INFO  impl.RoleInfo (RoleInfo.java:updateAndGet(143)) - bc0bc980-c963-48ce-962e-85091c893131: start LeaderElection
2019-10-16 20:42:06,812 [bc0bc980-c963-48ce-962e-85091c893131@group-28ACFA97060E-LeaderElection89] INFO  impl.LeaderElection (LeaderElection.java:askForVotes(178)) - bc0bc980-c963-48ce-962e-85091c893131@group-28ACFA97060E-LeaderElection89: begin an election at term 63 for -1: [46069bd9-45fc-4c82-823c-36f07a1bcff0:192.168.157.254:34001, bc0bc980-c963-48ce-962e-85091c893131:192.168.157.254:46787, d612b743-bedc-4c3f-983e-e3329f8a2e6f:192.168.157.254:44523], old=null
2019-10-16 20:42:06,814 [grpc-default-executor-2] INFO  impl.RaftServerImpl (RaftServerImpl.java:setRole(184)) - d612b743-bedc-4c3f-983e-e3329f8a2e6f@group-28ACFA97060E: changes role from  FOLLOWER to FOLLOWER at term 63 for recognizeCandidate:bc0bc980-c963-48ce-962e-85091c893131
2019-10-16 20:42:06,814 [grpc-default-executor-2] INFO  impl.RoleInfo (RoleInfo.java:shutdownFollowerState(121)) - d612b743-bedc-4c3f-983e-e3329f8a2e6f: shutdown FollowerState
2019-10-16 20:42:06,814 [grpc-default-executor-2] INFO  impl.RoleInfo (RoleInfo.java:updateAndGet(143)) - d612b743-bedc-4c3f-983e-e3329f8a2e6f: start FollowerState
2019-10-16 20:42:06,814 [grpc-default-executor-0] INFO  impl.RaftServerImpl (RaftServerImpl.java:setRole(184)) - 46069bd9-45fc-4c82-823c-36f07a1bcff0@group-28ACFA97060E: changes role from  FOLLOWER to FOLLOWER at term 63 for recognizeCandidate:bc0bc980-c963-48ce-962e-85091c893131
2019-10-16 20:42:06,814 [Thread-1159] INFO  impl.FollowerState (FollowerState.java:run(117)) - d612b743-bedc-4c3f-983e-e3329f8a2e6f@group-28ACFA97060E-FollowerState was interrupted: java.lang.InterruptedException: sleep interrupted
2019-10-16 20:42:06,815 [grpc-default-executor-0] INFO  impl.RoleInfo (RoleInfo.java:shutdownFollowerState(121)) - 46069bd9-45fc-4c82-823c-36f07a1bcff0: shutdown FollowerState
2019-10-16 20:42:06,815 [grpc-default-executor-0] INFO  impl.RoleInfo (RoleInfo.java:updateAndGet(143)) - 46069bd9-45fc-4c82-823c-36f07a1bcff0: start FollowerState
2019-10-16 20:42:06,815 [Thread-1158] INFO  impl.FollowerState (FollowerState.java:run(117)) - 46069bd9-45fc-4c82-823c-36f07a1bcff0@group-28ACFA97060E-FollowerState was interrupted: java.lang.InterruptedException: sleep interrupted
2019-10-16 20:42:06,831 [bc0bc980-c963-48ce-962e-85091c893131@group-28ACFA97060E-LeaderElection89] INFO  impl.LeaderElection (LeaderElection.java:logAndReturn(56)) - bc0bc980-c963-48ce-962e-85091c893131@group-28ACFA97060E-LeaderElection89: Election REJECTED; received 2 response(s) [bc0bc980-c963-48ce-962e-85091c893131<-46069bd9-45fc-4c82-823c-36f07a1bcff0#0:FAIL-t63, bc0bc980-c963-48ce-962e-85091c893131<-d612b743-bedc-4c3f-983e-e3329f8a2e6f#0:FAIL-t63] and 0 exception(s); bc0bc980-c963-48ce-962e-85091c893131@group-28ACFA97060E:t63, leader=null, voted=bc0bc980-c963-48ce-962e-85091c893131, raftlog=bc0bc980-c963-48ce-962e-85091c893131@group-28ACFA97060E-SegmentedRaftLog:OPENED:c-1,f-1,i0, conf=-1: [46069bd9-45fc-4c82-823c-36f07a1bcff0:192.168.157.254:34001, bc0bc980-c963-48ce-962e-85091c893131:192.168.157.254:46787, d612b743-bedc-4c3f-983e-e3329f8a2e6f:192.168.157.254:44523], old=null
2019-10-16 20:42:06,831 [bc0bc980-c963-48ce-962e-85091c893131@group-28ACFA97060E-LeaderElection89] INFO  impl.RaftServerImpl (RaftServerImpl.java:setRole(184)) - bc0bc980-c963-48ce-962e-85091c893131@group-28ACFA97060E: changes role from CANDIDATE to FOLLOWER at term 63 for DISCOVERED_A_NEW_TERM
2019-10-16 20:42:06,831 [bc0bc980-c963-48ce-962e-85091c893131@group-28ACFA97060E-LeaderElection89] INFO  impl.RoleInfo (RoleInfo.java:shutdownLeaderElection(134)) - bc0bc980-c963-48ce-962e-85091c893131: shutdown LeaderElection
2019-10-16 20:42:06,831 [bc0bc980-c963-48ce-962e-85091c893131@group-28ACFA97060E-LeaderElection89] INFO  impl.RoleInfo (RoleInfo.java:updateAndGet(143)) - bc0bc980-c963-48ce-962e-85091c893131: start FollowerState
2019-10-16 20:42:07,003 [Thread-1166] INFO  impl.FollowerState (FollowerState.java:run(108)) - bc0bc980-c963-48ce-962e-85091c893131@group-28ACFA97060E-FollowerState: change to CANDIDATE, lastRpcTime:171ms, electionTimeout:171ms
2019-10-16 20:42:07,003 [Thread-1166] INFO  impl.RoleInfo (RoleInfo.java:shutdownFollowerState(121)) - bc0bc980-c963-48ce-962e-85091c893131: shutdown FollowerState
2019-10-16 20:42:07,003 [Thread-1166] INFO  impl.RaftServerImpl (RaftServerImpl.java:setRole(184)) - bc0bc980-c963-48ce-962e-85091c893131@group-28ACFA97060E: changes role from  FOLLOWER to CANDIDATE at term 63 for changeToCandidate
2019-10-16 20:42:07,003 [Thread-1166] INFO  impl.RoleInfo (RoleInfo.java:updateAndGet(143)) - bc0bc980-c963-48ce-962e-85091c893131: start LeaderElection
2019-10-16 20:42:07,017 [bc0bc980-c963-48ce-962e-85091c893131@group-28ACFA97060E-LeaderElection90] INFO  impl.LeaderElection (LeaderElection.java:askForVotes(178)) - bc0bc980-c963-48ce-962e-85091c893131@group-28ACFA97060E-LeaderElection90: begin an election at term 64 for -1: [46069bd9-45fc-4c82-823c-36f07a1bcff0:192.168.157.254:34001, bc0bc980-c963-48ce-962e-85091c893131:192.168.157.254:46787, d612b743-bedc-4c3f-983e-e3329f8a2e6f:192.168.157.254:44523], old=null
2019-10-16 20:42:07,019 [grpc-default-executor-2] INFO  impl.RaftServerImpl (RaftServerImpl.java:setRole(184)) - 46069bd9-45fc-4c82-823c-36f07a1bcff0@group-28ACFA97060E: changes role from  FOLLOWER to FOLLOWER at term 64 for recognizeCandidate:bc0bc980-c963-48ce-962e-85091c893131
2019-10-16 20:42:07,019 [grpc-default-executor-2] INFO  impl.RoleInfo (RoleInfo.java:shutdownFollowerState(121)) - 46069bd9-45fc-4c82-823c-36f07a1bcff0: shutdown FollowerState
2019-10-16 20:42:07,019 [grpc-default-executor-2] INFO  impl.RoleInfo (RoleInfo.java:updateAndGet(143)) - 46069bd9-45fc-4c82-823c-36f07a1bcff0: start FollowerState
2019-10-16 20:42:07,019 [Thread-1165] INFO  impl.FollowerState (FollowerState.java:run(117)) - 46069bd9-45fc-4c82-823c-36f07a1bcff0@group-28ACFA97060E-FollowerState was interrupted: java.lang.InterruptedException: sleep interrupted
2019-10-16 20:42:07,019 [grpc-default-executor-0] INFO  impl.RaftServerImpl (RaftServerImpl.java:setRole(184)) - d612b743-bedc-4c3f-983e-e3329f8a2e6f@group-28ACFA97060E: changes role from  FOLLOWER to FOLLOWER at term 64 for recognizeCandidate:bc0bc980-c963-48ce-962e-85091c893131
2019-10-16 20:42:07,020 [grpc-default-executor-0] INFO  impl.RoleInfo (RoleInfo.java:shutdownFollowerState(121)) - d612b743-bedc-4c3f-983e-e3329f8a2e6f: shutdown FollowerState
2019-10-16 20:42:07,020 [grpc-default-executor-0] INFO  impl.RoleInfo (RoleInfo.java:updateAndGet(143)) - d612b743-bedc-4c3f-983e-e3329f8a2e6f: start FollowerState
2019-10-16 20:42:07,020 [Thread-1164] INFO  impl.FollowerState (FollowerState.java:run(117)) - d612b743-bedc-4c3f-983e-e3329f8a2e6f@group-28ACFA97060E-FollowerState was interrupted: java.lang.InterruptedException: sleep interrupted
2019-10-16 20:42:07,038 [bc0bc980-c963-48ce-962e-85091c893131@group-28ACFA97060E-LeaderElection90] INFO  impl.LeaderElection (LeaderElection.java:logAndReturn(56)) - bc0bc980-c963-48ce-962e-85091c893131@group-28ACFA97060E-LeaderElection90: Election REJECTED; received 2 response(s) [bc0bc980-c963-48ce-962e-85091c893131<-46069bd9-45fc-4c82-823c-36f07a1bcff0#0:FAIL-t64, bc0bc980-c963-48ce-962e-85091c893131<-d612b743-bedc-4c3f-983e-e3329f8a2e6f#0:FAIL-t64] and 0 exception(s); bc0bc980-c963-48ce-962e-85091c893131@group-28ACFA97060E:t64, leader=null, voted=bc0bc980-c963-48ce-962e-85091c893131, raftlog=bc0bc980-c963-48ce-962e-85091c893131@group-28ACFA97060E-SegmentedRaftLog:OPENED:c-1,f-1,i0, conf=-1: [46069bd9-45fc-4c82-823c-36f07a1bcff0:192.168.157.254:34001, bc0bc980-c963-48ce-962e-85091c893131:192.168.157.254:46787, d612b743-bedc-4c3f-983e-e3329f8a2e6f:192.168.157.254:44523], old=null
2019-10-16 20:42:07,038 [bc0bc980-c963-48ce-962e-85091c893131@group-28ACFA97060E-LeaderElection90] INFO  impl.RaftServerImpl (RaftServerImpl.java:setRole(184)) - bc0bc980-c963-48ce-962e-85091c893131@group-28ACFA97060E: changes role from CANDIDATE to FOLLOWER at term 64 for DISCOVERED_A_NEW_TERM
2019-10-16 20:42:07,038 [bc0bc980-c963-48ce-962e-85091c893131@group-28ACFA97060E-LeaderElection90] INFO  impl.RoleInfo (RoleInfo.java:shutdownLeaderElection(134)) - bc0bc980-c963-48ce-962e-85091c893131: shutdown LeaderElection
2019-10-16 20:42:07,038 [bc0bc980-c963-48ce-962e-85091c893131@group-28ACFA97060E-LeaderElection90] INFO  impl.RoleInfo (RoleInfo.java:updateAndGet(143)) - bc0bc980-c963-48ce-962e-85091c893131: start FollowerState
2019-10-16 20:42:07,215 [Thread-1172] INFO  impl.FollowerState (FollowerState.java:run(108)) - bc0bc980-c963-48ce-962e-85091c893131@group-28ACFA97060E-FollowerState: change to CANDIDATE, lastRpcTime:177ms, electionTimeout:177ms
2019-10-16 20:42:07,216 [Thread-1172] INFO  impl.RoleInfo (RoleInfo.java:shutdownFollowerState(121)) - bc0bc980-c963-48ce-962e-85091c893131: shutdown FollowerState
2019-10-16 20:42:07,216 [Thread-1172] INFO  impl.RaftServerImpl (RaftServerImpl.java:setRole(184)) - bc0bc980-c963-48ce-962e-85091c893131@group-28ACFA97060E: changes role from  FOLLOWER to CANDIDATE at term 64 for changeToCandidate
2019-10-16 20:42:07,216 [Thread-1172] INFO  impl.RoleInfo (RoleInfo.java:updateAndGet(143)) - bc0bc980-c963-48ce-962e-85091c893131: start LeaderElection
2019-10-16 20:42:07,231 [bc0bc980-c963-48ce-962e-85091c893131@group-28ACFA97060E-LeaderElection91] INFO  impl.LeaderElection (LeaderElection.java:askForVotes(178)) - bc0bc980-c963-48ce-962e-85091c893131@group-28ACFA97060E-LeaderElection91: begin an election at term 65 for -1: [46069bd9-45fc-4c82-823c-36f07a1bcff0:192.168.157.254:34001, bc0bc980-c963-48ce-962e-85091c893131:192.168.157.254:46787, d612b743-bedc-4c3f-983e-e3329f8a2e6f:192.168.157.254:44523], old=null
2019-10-16 20:42:07,233 [grpc-default-executor-0] INFO  impl.RaftServerImpl (RaftServerImpl.java:setRole(184)) - 46069bd9-45fc-4c82-823c-36f07a1bcff0@group-28ACFA97060E: changes role from  FOLLOWER to FOLLOWER at term 65 for recognizeCandidate:bc0bc980-c963-48ce-962e-85091c893131
2019-10-16 20:42:07,234 [grpc-default-executor-0] INFO  impl.RoleInfo (RoleInfo.java:shutdownFollowerState(121)) - 46069bd9-45fc-4c82-823c-36f07a1bcff0: shutdown FollowerState
2019-10-16 20:42:07,234 [grpc-default-executor-0] INFO  impl.RoleInfo (RoleInfo.java:updateAndGet(143)) - 46069bd9-45fc-4c82-823c-36f07a1bcff0: start FollowerState
2019-10-16 20:42:07,234 [Thread-1170] INFO  impl.FollowerState (FollowerState.java:run(117)) - 46069bd9-45fc-4c82-823c-36f07a1bcff0@group-28ACFA97060E-FollowerState was interrupted: java.lang.InterruptedException: sleep interrupted
2019-10-16 20:42:07,234 [grpc-default-executor-2] INFO  impl.RaftServerImpl (RaftServerImpl.java:setRole(184)) - d612b743-bedc-4c3f-983e-e3329f8a2e6f@group-28ACFA97060E: changes role from  FOLLOWER to FOLLOWER at term 65 for recognizeCandidate:bc0bc980-c963-48ce-962e-85091c893131
2019-10-16 20:42:07,234 [grpc-default-executor-2] INFO  impl.RoleInfo (RoleInfo.java:shutdownFollowerState(121)) - d612b743-bedc-4c3f-983e-e3329f8a2e6f: shutdown FollowerState
2019-10-16 20:42:07,234 [grpc-default-executor-2] INFO  impl.RoleInfo (RoleInfo.java:updateAndGet(143)) - d612b743-bedc-4c3f-983e-e3329f8a2e6f: start FollowerState
2019-10-16 20:42:07,235 [Thread-1171] INFO  impl.FollowerState (FollowerState.java:run(117)) - d612b743-bedc-4c3f-983e-e3329f8a2e6f@group-28ACFA97060E-FollowerState was interrupted: java.lang.InterruptedException: sleep interrupted
2019-10-16 20:42:07,257 [bc0bc980-c963-48ce-962e-85091c893131@group-28ACFA97060E-LeaderElection91] INFO  impl.LeaderElection (LeaderElection.java:logAndReturn(56)) - bc0bc980-c963-48ce-962e-85091c893131@group-28ACFA97060E-LeaderElection91: Election TIMEOUT; received 0 response(s) [] and 0 exception(s); bc0bc980-c963-48ce-962e-85091c893131@group-28ACFA97060E:t65, leader=null, voted=bc0bc980-c963-48ce-962e-85091c893131, raftlog=bc0bc980-c963-48ce-962e-85091c893131@group-28ACFA97060E-SegmentedRaftLog:OPENED:c-1,f-1,i0, conf=-1: [46069bd9-45fc-4c82-823c-36f07a1bcff0:192.168.157.254:34001, bc0bc980-c963-48ce-962e-85091c893131:192.168.157.254:46787, d612b743-bedc-4c3f-983e-e3329f8a2e6f:192.168.157.254:44523], old=null
2019-10-16 20:42:07,288 [bc0bc980-c963-48ce-962e-85091c893131@group-28ACFA97060E-LeaderElection91] INFO  impl.LeaderElection (LeaderElection.java:askForVotes(178)) - bc0bc980-c963-48ce-962e-85091c893131@group-28ACFA97060E-LeaderElection91: begin an election at term 66 for -1: [46069bd9-45fc-4c82-823c-36f07a1bcff0:192.168.157.254:34001, bc0bc980-c963-48ce-962e-85091c893131:192.168.157.254:46787, d612b743-bedc-4c3f-983e-e3329f8a2e6f:192.168.157.254:44523], old=null
2019-10-16 20:42:07,290 [grpc-default-executor-0] INFO  impl.RaftServerImpl (RaftServerImpl.java:setRole(184)) - 46069bd9-45fc-4c82-823c-36f07a1bcff0@group-28ACFA97060E: changes role from  FOLLOWER to FOLLOWER at term 66 for recognizeCandidate:bc0bc980-c963-48ce-962e-85091c893131
2019-10-16 20:42:07,290 [grpc-default-executor-0] INFO  impl.RoleInfo (RoleInfo.java:shutdownFollowerState(121)) - 46069bd9-45fc-4c82-823c-36f07a1bcff0: shutdown FollowerState
2019-10-16 20:42:07,290 [grpc-default-executor-2] INFO  impl.RaftServerImpl (RaftServerImpl.java:setRole(184)) - d612b743-bedc-4c3f-983e-e3329f8a2e6f@group-28ACFA97060E: changes role from  FOLLOWER to FOLLOWER at term 66 for recognizeCandidate:bc0bc980-c963-48ce-962e-85091c893131
2019-10-16 20:42:07,290 [grpc-default-executor-0] INFO  impl.RoleInfo (RoleInfo.java:updateAndGet(143)) - 46069bd9-45fc-4c82-823c-36f07a1bcff0: start FollowerState
2019-10-16 20:42:07,290 [Thread-1176] INFO  impl.FollowerState (FollowerState.java:run(117)) - 46069bd9-45fc-4c82-823c-36f07a1bcff0@group-28ACFA97060E-FollowerState was interrupted: java.lang.InterruptedException: sleep interrupted
2019-10-16 20:42:07,290 [grpc-default-executor-2] INFO  impl.RoleInfo (RoleInfo.java:shutdownFollowerState(121)) - d612b743-bedc-4c3f-983e-e3329f8a2e6f: shutdown FollowerState
2019-10-16 20:42:07,291 [grpc-default-executor-2] INFO  impl.RoleInfo (RoleInfo.java:updateAndGet(143)) - d612b743-bedc-4c3f-983e-e3329f8a2e6f: start FollowerState
2019-10-16 20:42:07,291 [Thread-1177] INFO  impl.FollowerState (FollowerState.java:run(117)) - d612b743-bedc-4c3f-983e-e3329f8a2e6f@group-28ACFA97060E-FollowerState was interrupted: java.lang.InterruptedException: sleep interrupted
2019-10-16 20:42:07,305 [bc0bc980-c963-48ce-962e-85091c893131@group-28ACFA97060E-LeaderElection91] INFO  impl.LeaderElection (LeaderElection.java:logAndReturn(56)) - bc0bc980-c963-48ce-962e-85091c893131@group-28ACFA97060E-LeaderElection91: Election REJECTED; received 2 response(s) [bc0bc980-c963-48ce-962e-85091c893131<-46069bd9-45fc-4c82-823c-36f07a1bcff0#0:FAIL-t66, bc0bc980-c963-48ce-962e-85091c893131<-d612b743-bedc-4c3f-983e-e3329f8a2e6f#0:FAIL-t66] and 0 exception(s); bc0bc980-c963-48ce-962e-85091c893131@group-28ACFA97060E:t66, leader=null, voted=bc0bc980-c963-48ce-962e-85091c893131, raftlog=bc0bc980-c963-48ce-962e-85091c893131@group-28ACFA97060E-SegmentedRaftLog:OPENED:c-1,f-1,i0, conf=-1: [46069bd9-45fc-4c82-823c-36f07a1bcff0:192.168.157.254:34001, bc0bc980-c963-48ce-962e-85091c893131:192.168.157.254:46787, d612b743-bedc-4c3f-983e-e3329f8a2e6f:192.168.157.254:44523], old=null
2019-10-16 20:42:07,305 [bc0bc980-c963-48ce-962e-85091c893131@group-28ACFA97060E-LeaderElection91] INFO  impl.RaftServerImpl (RaftServerImpl.java:setRole(184)) - bc0bc980-c963-48ce-962e-85091c893131@group-28ACFA97060E: changes role from CANDIDATE to FOLLOWER at term 66 for DISCOVERED_A_NEW_TERM
2019-10-16 20:42:07,306 [bc0bc980-c963-48ce-962e-85091c893131@group-28ACFA97060E-LeaderElection91] INFO  impl.RoleInfo (RoleInfo.java:shutdownLeaderElection(134)) - bc0bc980-c963-48ce-962e-85091c893131: shutdown LeaderElection
2019-10-16 20:42:07,306 [bc0bc980-c963-48ce-962e-85091c893131@group-28ACFA97060E-LeaderElection91] INFO  impl.RoleInfo (RoleInfo.java:updateAndGet(143)) - bc0bc980-c963-48ce-962e-85091c893131: start FollowerState
2019-10-16 20:42:07,464 [Thread-1182] INFO  impl.FollowerState (FollowerState.java:run(108)) - bc0bc980-c963-48ce-962e-85091c893131@group-28ACFA97060E-FollowerState: change to CANDIDATE, lastRpcTime:158ms, electionTimeout:158ms
2019-10-16 20:42:07,464 [Thread-1182] INFO  impl.RoleInfo (RoleInfo.java:shutdownFollowerState(121)) - bc0bc980-c963-48ce-962e-85091c893131: shutdown FollowerState
2019-10-16 20:42:07,464 [Thread-1182] INFO  impl.RaftServerImpl (RaftServerImpl.java:setRole(184)) - bc0bc980-c963-48ce-962e-85091c893131@group-28ACFA97060E: changes role from  FOLLOWER to CANDIDATE at term 66 for changeToCandidate
2019-10-16 20:42:07,465 [Thread-1182] INFO  impl.RoleInfo (RoleInfo.java:updateAndGet(143)) - bc0bc980-c963-48ce-962e-85091c893131: start LeaderElection
2019-10-16 20:42:07,492 [bc0bc980-c963-48ce-962e-85091c893131@group-28ACFA97060E-LeaderElection92] INFO  impl.LeaderElection (LeaderElection.java:askForVotes(178)) - bc0bc980-c963-48ce-962e-85091c893131@group-28ACFA97060E-LeaderElection92: begin an election at term 67 for -1: [46069bd9-45fc-4c82-823c-36f07a1bcff0:192.168.157.254:34001, bc0bc980-c963-48ce-962e-85091c893131:192.168.157.254:46787, d612b743-bedc-4c3f-983e-e3329f8a2e6f:192.168.157.254:44523], old=null
2019-10-16 20:42:07,495 [grpc-default-executor-2] INFO  impl.RaftServerImpl (RaftServerImpl.java:setRole(184)) - 46069bd9-45fc-4c82-823c-36f07a1bcff0@group-28ACFA97060E: changes role from  FOLLOWER to FOLLOWER at term 67 for recognizeCandidate:bc0bc980-c963-48ce-962e-85091c893131
2019-10-16 20:42:07,495 [grpc-default-executor-2] INFO  impl.RoleInfo (RoleInfo.java:shutdownFollowerState(121)) - 46069bd9-45fc-4c82-823c-36f07a1bcff0: shutdown FollowerState
2019-10-16 20:42:07,495 [grpc-default-executor-0] INFO  impl.RaftServerImpl (RaftServerImpl.java:setRole(184)) - d612b743-bedc-4c3f-983e-e3329f8a2e6f@group-28ACFA97060E: changes role from  FOLLOWER to FOLLOWER at term 67 for recognizeCandidate:bc0bc980-c963-48ce-962e-85091c893131
2019-10-16 20:42:07,495 [Thread-1180] INFO  impl.FollowerState (FollowerState.java:run(117)) - 46069bd9-45fc-4c82-823c-36f07a1bcff0@group-28ACFA97060E-FollowerState was interrupted: java.lang.InterruptedException: sleep interrupted
2019-10-16 20:42:07,495 [grpc-default-executor-0] INFO  impl.RoleInfo (RoleInfo.java:shutdownFollowerState(121)) - d612b743-bedc-4c3f-983e-e3329f8a2e6f: shutdown FollowerState
2019-10-16 20:42:07,495 [grpc-default-executor-2] INFO  impl.RoleInfo (RoleInfo.java:updateAndGet(143)) - 46069bd9-45fc-4c82-823c-36f07a1bcff0: start FollowerState
2019-10-16 20:42:07,495 [Thread-1181] INFO  impl.FollowerState (FollowerState.java:run(117)) - d612b743-bedc-4c3f-983e-e3329f8a2e6f@group-28ACFA97060E-FollowerState was interrupted: java.lang.InterruptedException: sleep interrupted
2019-10-16 20:42:07,495 [grpc-default-executor-0] INFO  impl.RoleInfo (RoleInfo.java:updateAndGet(143)) - d612b743-bedc-4c3f-983e-e3329f8a2e6f: start FollowerState
2019-10-16 20:42:07,532 [bc0bc980-c963-48ce-962e-85091c893131@group-28ACFA97060E-LeaderElection92] INFO  impl.LeaderElection (LeaderElection.java:logAndReturn(56)) - bc0bc980-c963-48ce-962e-85091c893131@group-28ACFA97060E-LeaderElection92: Election REJECTED; received 2 response(s) [bc0bc980-c963-48ce-962e-85091c893131<-46069bd9-45fc-4c82-823c-36f07a1bcff0#0:FAIL-t67, bc0bc980-c963-48ce-962e-85091c893131<-d612b743-bedc-4c3f-983e-e3329f8a2e6f#0:FAIL-t67] and 0 exception(s); bc0bc980-c963-48ce-962e-85091c893131@group-28ACFA97060E:t67, leader=null, voted=bc0bc980-c963-48ce-962e-85091c893131, raftlog=bc0bc980-c963-48ce-962e-85091c893131@group-28ACFA97060E-SegmentedRaftLog:OPENED:c-1,f-1,i0, conf=-1: [46069bd9-45fc-4c82-823c-36f07a1bcff0:192.168.157.254:34001, bc0bc980-c963-48ce-962e-85091c893131:192.168.157.254:46787, d612b743-bedc-4c3f-983e-e3329f8a2e6f:192.168.157.254:44523], old=null
2019-10-16 20:42:07,533 [bc0bc980-c963-48ce-962e-85091c893131@group-28ACFA97060E-LeaderElection92] INFO  impl.RaftServerImpl (RaftServerImpl.java:setRole(184)) - bc0bc980-c963-48ce-962e-85091c893131@group-28ACFA97060E: changes role from CANDIDATE to FOLLOWER at term 67 for DISCOVERED_A_NEW_TERM
2019-10-16 20:42:07,533 [bc0bc980-c963-48ce-962e-85091c893131@group-28ACFA97060E-LeaderElection92] INFO  impl.RoleInfo (RoleInfo.java:shutdownLeaderElection(134)) - bc0bc980-c963-48ce-962e-85091c893131: shutdown LeaderElection
2019-10-16 20:42:07,533 [bc0bc980-c963-48ce-962e-85091c893131@group-28ACFA97060E-LeaderElection92] INFO  impl.RoleInfo (RoleInfo.java:updateAndGet(143)) - bc0bc980-c963-48ce-962e-85091c893131: start FollowerState
2019-10-16 20:42:07,682 [Thread-1188] INFO  impl.FollowerState (FollowerState.java:run(108)) - bc0bc980-c963-48ce-962e-85091c893131@group-28ACFA97060E-FollowerState: change to CANDIDATE, lastRpcTime:149ms, electionTimeout:149ms
2019-10-16 20:42:07,683 [Thread-1188] INFO  impl.RoleInfo (RoleInfo.java:shutdownFollowerState(121)) - bc0bc980-c963-48ce-962e-85091c893131: shutdown FollowerState
2019-10-16 20:42:07,683 [Thread-1188] INFO  impl.RaftServerImpl (RaftServerImpl.java:setRole(184)) - bc0bc980-c963-48ce-962e-85091c893131@group-28ACFA97060E: changes role from  FOLLOWER to CANDIDATE at term 67 for changeToCandidate
2019-10-16 20:42:07,683 [Thread-1188] INFO  impl.RoleInfo (RoleInfo.java:updateAndGet(143)) - bc0bc980-c963-48ce-962e-85091c893131: start LeaderElection
2019-10-16 20:42:07,709 [bc0bc980-c963-48ce-962e-85091c893131@group-28ACFA97060E-LeaderElection93] INFO  impl.LeaderElection (LeaderElection.java:askForVotes(178)) - bc0bc980-c963-48ce-962e-85091c893131@group-28ACFA97060E-LeaderElection93: begin an election at term 68 for -1: [46069bd9-45fc-4c82-823c-36f07a1bcff0:192.168.157.254:34001, bc0bc980-c963-48ce-962e-85091c893131:192.168.157.254:46787, d612b743-bedc-4c3f-983e-e3329f8a2e6f:192.168.157.254:44523], old=null
2019-10-16 20:42:07,712 [grpc-default-executor-0] INFO  impl.RaftServerImpl (RaftServerImpl.java:setRole(184)) - 46069bd9-45fc-4c82-823c-36f07a1bcff0@group-28ACFA97060E: changes role from  FOLLOWER to FOLLOWER at term 68 for recognizeCandidate:bc0bc980-c963-48ce-962e-85091c893131
2019-10-16 20:42:07,712 [grpc-default-executor-2] INFO  impl.RaftServerImpl (RaftServerImpl.java:setRole(184)) - d612b743-bedc-4c3f-983e-e3329f8a2e6f@group-28ACFA97060E: changes role from  FOLLOWER to FOLLOWER at term 68 for recognizeCandidate:bc0bc980-c963-48ce-962e-85091c893131
2019-10-16 20:42:07,712 [grpc-default-executor-0] INFO  impl.RoleInfo (RoleInfo.java:shutdownFollowerState(121)) - 46069bd9-45fc-4c82-823c-36f07a1bcff0: shutdown FollowerState
2019-10-16 20:42:07,712 [grpc-default-executor-2] INFO  impl.RoleInfo (RoleInfo.java:shutdownFollowerState(121)) - d612b743-bedc-4c3f-983e-e3329f8a2e6f: shutdown FollowerState
2019-10-16 20:42:07,713 [grpc-default-executor-0] INFO  impl.RoleInfo (RoleInfo.java:updateAndGet(143)) - 46069bd9-45fc-4c82-823c-36f07a1bcff0: start FollowerState
2019-10-16 20:42:07,713 [Thread-1187] INFO  impl.FollowerState (FollowerState.java:run(117)) - d612b743-bedc-4c3f-983e-e3329f8a2e6f@group-28ACFA97060E-FollowerState was interrupted: java.lang.InterruptedException: sleep interrupted
2019-10-16 20:42:07,713 [grpc-default-executor-2] INFO  impl.RoleInfo (RoleInfo.java:updateAndGet(143)) - d612b743-bedc-4c3f-983e-e3329f8a2e6f: start FollowerState
2019-10-16 20:42:07,713 [Thread-1186] INFO  impl.FollowerState (FollowerState.java:run(117)) - 46069bd9-45fc-4c82-823c-36f07a1bcff0@group-28ACFA97060E-FollowerState was interrupted: java.lang.InterruptedException: sleep interrupted
2019-10-16 20:42:07,724 [bc0bc980-c963-48ce-962e-85091c893131@group-28ACFA97060E-LeaderElection93] INFO  impl.LeaderElection (LeaderElection.java:logAndReturn(56)) - bc0bc980-c963-48ce-962e-85091c893131@group-28ACFA97060E-LeaderElection93: Election TIMEOUT; received 0 response(s) [] and 0 exception(s); bc0bc980-c963-48ce-962e-85091c893131@group-28ACFA97060E:t68, leader=null, voted=bc0bc980-c963-48ce-962e-85091c893131, raftlog=bc0bc980-c963-48ce-962e-85091c893131@group-28ACFA97060E-SegmentedRaftLog:OPENED:c-1,f-1,i0, conf=-1: [46069bd9-45fc-4c82-823c-36f07a1bcff0:192.168.157.254:34001, bc0bc980-c963-48ce-962e-85091c893131:192.168.157.254:46787, d612b743-bedc-4c3f-983e-e3329f8a2e6f:192.168.157.254:44523], old=null
2019-10-16 20:42:07,739 [bc0bc980-c963-48ce-962e-85091c893131@group-28ACFA97060E-LeaderElection93] INFO  impl.LeaderElection (LeaderElection.java:askForVotes(178)) - bc0bc980-c963-48ce-962e-85091c893131@group-28ACFA97060E-LeaderElection93: begin an election at term 69 for -1: [46069bd9-45fc-4c82-823c-36f07a1bcff0:192.168.157.254:34001, bc0bc980-c963-48ce-962e-85091c893131:192.168.157.254:46787, d612b743-bedc-4c3f-983e-e3329f8a2e6f:192.168.157.254:44523], old=null
2019-10-16 20:42:07,742 [grpc-default-executor-2] INFO  impl.RaftServerImpl (RaftServerImpl.java:setRole(184)) - 46069bd9-45fc-4c82-823c-36f07a1bcff0@group-28ACFA97060E: changes role from  FOLLOWER to FOLLOWER at term 69 for recognizeCandidate:bc0bc980-c963-48ce-962e-85091c893131
2019-10-16 20:42:07,742 [grpc-default-executor-2] INFO  impl.RoleInfo (RoleInfo.java:shutdownFollowerState(121)) - 46069bd9-45fc-4c82-823c-36f07a1bcff0: shutdown FollowerState
2019-10-16 20:42:07,742 [grpc-default-executor-2] INFO  impl.RoleInfo (RoleInfo.java:updateAndGet(143)) - 46069bd9-45fc-4c82-823c-36f07a1bcff0: start FollowerState
2019-10-16 20:42:07,742 [Thread-1192] INFO  impl.FollowerState (FollowerState.java:run(117)) - 46069bd9-45fc-4c82-823c-36f07a1bcff0@group-28ACFA97060E-FollowerState was interrupted: java.lang.InterruptedException: sleep interrupted
2019-10-16 20:42:07,742 [grpc-default-executor-0] INFO  impl.RaftServerImpl (RaftServerImpl.java:setRole(184)) - d612b743-bedc-4c3f-983e-e3329f8a2e6f@group-28ACFA97060E: changes role from  FOLLOWER to FOLLOWER at term 69 for recognizeCandidate:bc0bc980-c963-48ce-962e-85091c893131
2019-10-16 20:42:07,743 [grpc-default-executor-0] INFO  impl.RoleInfo (RoleInfo.java:shutdownFollowerState(121)) - d612b743-bedc-4c3f-983e-e3329f8a2e6f: shutdown FollowerState
2019-10-16 20:42:07,743 [grpc-default-executor-0] INFO  impl.RoleInfo (RoleInfo.java:updateAndGet(143)) - d612b743-bedc-4c3f-983e-e3329f8a2e6f: start FollowerState
2019-10-16 20:42:07,743 [Thread-1193] INFO  impl.FollowerState (FollowerState.java:run(117)) - d612b743-bedc-4c3f-983e-e3329f8a2e6f@group-28ACFA97060E-FollowerState was interrupted: java.lang.InterruptedException: sleep interrupted
2019-10-16 20:42:07,774 [bc0bc980-c963-48ce-962e-85091c893131@group-28ACFA97060E-LeaderElection93] INFO  impl.LeaderElection (LeaderElection.java:logAndReturn(56)) - bc0bc980-c963-48ce-962e-85091c893131@group-28ACFA97060E-LeaderElection93: Election REJECTED; received 2 response(s) [bc0bc980-c963-48ce-962e-85091c893131<-46069bd9-45fc-4c82-823c-36f07a1bcff0#0:FAIL-t69, bc0bc980-c963-48ce-962e-85091c893131<-d612b743-bedc-4c3f-983e-e3329f8a2e6f#0:FAIL-t69] and 0 exception(s); bc0bc980-c963-48ce-962e-85091c893131@group-28ACFA97060E:t69, leader=null, voted=bc0bc980-c963-48ce-962e-85091c893131, raftlog=bc0bc980-c963-48ce-962e-85091c893131@group-28ACFA97060E-SegmentedRaftLog:OPENED:c-1,f-1,i0, conf=-1: [46069bd9-45fc-4c82-823c-36f07a1bcff0:192.168.157.254:34001, bc0bc980-c963-48ce-962e-85091c893131:192.168.157.254:46787, d612b743-bedc-4c3f-983e-e3329f8a2e6f:192.168.157.254:44523], old=null
2019-10-16 20:42:07,775 [bc0bc980-c963-48ce-962e-85091c893131@group-28ACFA97060E-LeaderElection93] INFO  impl.RaftServerImpl (RaftServerImpl.java:setRole(184)) - bc0bc980-c963-48ce-962e-85091c893131@group-28ACFA97060E: changes role from CANDIDATE to FOLLOWER at term 69 for DISCOVERED_A_NEW_TERM
2019-10-16 20:42:07,775 [bc0bc980-c963-48ce-962e-85091c893131@group-28ACFA97060E-LeaderElection93] INFO  impl.RoleInfo (RoleInfo.java:shutdownLeaderElection(134)) - bc0bc980-c963-48ce-962e-85091c893131: shutdown LeaderElection
2019-10-16 20:42:07,775 [bc0bc980-c963-48ce-962e-85091c893131@group-28ACFA97060E-LeaderElection93] INFO  impl.RoleInfo (RoleInfo.java:updateAndGet(143)) - bc0bc980-c963-48ce-962e-85091c893131: start FollowerState
2019-10-16 20:42:07,852 [Thread-1198] INFO  impl.FollowerState (FollowerState.java:run(108)) - bc0bc980-c963-48ce-962e-85091c893131@group-28ACFA97060E-FollowerState: change to CANDIDATE, lastRpcTime:77ms, electionTimeout:77ms
2019-10-16 20:42:07,853 [Thread-1198] INFO  impl.RoleInfo (RoleInfo.java:shutdownFollowerState(121)) - bc0bc980-c963-48ce-962e-85091c893131: shutdown FollowerState
2019-10-16 20:42:07,853 [Thread-1198] INFO  impl.RaftServerImpl (RaftServerImpl.java:setRole(184)) - bc0bc980-c963-48ce-962e-85091c893131@group-28ACFA97060E: changes role from  FOLLOWER to CANDIDATE at term 69 for changeToCandidate
2019-10-16 20:42:07,853 [Thread-1198] INFO  impl.RoleInfo (RoleInfo.java:updateAndGet(143)) - bc0bc980-c963-48ce-962e-85091c893131: start LeaderElection
2019-10-16 20:42:07,861 [bc0bc980-c963-48ce-962e-85091c893131@group-28ACFA97060E-LeaderElection94] INFO  impl.LeaderElection (LeaderElection.java:askForVotes(178)) - bc0bc980-c963-48ce-962e-85091c893131@group-28ACFA97060E-LeaderElection94: begin an election at term 70 for -1: [46069bd9-45fc-4c82-823c-36f07a1bcff0:192.168.157.254:34001, bc0bc980-c963-48ce-962e-85091c893131:192.168.157.254:46787, d612b743-bedc-4c3f-983e-e3329f8a2e6f:192.168.157.254:44523], old=null
2019-10-16 20:42:07,864 [grpc-default-executor-0] INFO  impl.RaftServerImpl (RaftServerImpl.java:setRole(184)) - 46069bd9-45fc-4c82-823c-36f07a1bcff0@group-28ACFA97060E: changes role from  FOLLOWER to FOLLOWER at term 70 for recognizeCandidate:bc0bc980-c963-48ce-962e-85091c893131
2019-10-16 20:42:07,864 [grpc-default-executor-2] INFO  impl.RaftServerImpl (RaftServerImpl.java:setRole(184)) - d612b743-bedc-4c3f-983e-e3329f8a2e6f@group-28ACFA97060E: changes role from  FOLLOWER to FOLLOWER at term 70 for recognizeCandidate:bc0bc980-c963-48ce-962e-85091c893131
2019-10-16 20:42:07,864 [grpc-default-executor-0] INFO  impl.RoleInfo (RoleInfo.java:shutdownFollowerState(121)) - 46069bd9-45fc-4c82-823c-36f07a1bcff0: shutdown FollowerState
2019-10-16 20:42:07,864 [grpc-default-executor-2] INFO  impl.RoleInfo (RoleInfo.java:shutdownFollowerState(121)) - d612b743-bedc-4c3f-983e-e3329f8a2e6f: shutdown FollowerState
2019-10-16 20:42:07,864 [grpc-default-executor-0] INFO  impl.RoleInfo (RoleInfo.java:updateAndGet(143)) - 46069bd9-45fc-4c82-823c-36f07a1bcff0: start FollowerState
2019-10-16 20:42:07,864 [Thread-1197] INFO  impl.FollowerState (FollowerState.java:run(117)) - d612b743-bedc-4c3f-983e-e3329f8a2e6f@group-28ACFA97060E-FollowerState was interrupted: java.lang.InterruptedException: sleep interrupted
2019-10-16 20:42:07,864 [grpc-default-executor-2] INFO  impl.RoleInfo (RoleInfo.java:updateAndGet(143)) - d612b743-bedc-4c3f-983e-e3329f8a2e6f: start FollowerState
2019-10-16 20:42:07,864 [Thread-1196] INFO  impl.FollowerState (FollowerState.java:run(117)) - 46069bd9-45fc-4c82-823c-36f07a1bcff0@group-28ACFA97060E-FollowerState was interrupted: java.lang.InterruptedException: sleep interrupted
2019-10-16 20:42:07,891 [bc0bc980-c963-48ce-962e-85091c893131@group-28ACFA97060E-LeaderElection94] INFO  impl.LeaderElection (LeaderElection.java:logAndReturn(56)) - bc0bc980-c963-48ce-962e-85091c893131@group-28ACFA97060E-LeaderElection94: Election REJECTED; received 2 response(s) [bc0bc980-c963-48ce-962e-85091c893131<-46069bd9-45fc-4c82-823c-36f07a1bcff0#0:FAIL-t70, bc0bc980-c963-48ce-962e-85091c893131<-d612b743-bedc-4c3f-983e-e3329f8a2e6f#0:FAIL-t70] and 0 exception(s); bc0bc980-c963-48ce-962e-85091c893131@group-28ACFA97060E:t70, leader=null, voted=bc0bc980-c963-48ce-962e-85091c893131, raftlog=bc0bc980-c963-48ce-962e-85091c893131@group-28ACFA97060E-SegmentedRaftLog:OPENED:c-1,f-1,i0, conf=-1: [46069bd9-45fc-4c82-823c-36f07a1bcff0:192.168.157.254:34001, bc0bc980-c963-48ce-962e-85091c893131:192.168.157.254:46787, d612b743-bedc-4c3f-983e-e3329f8a2e6f:192.168.157.254:44523], old=null
2019-10-16 20:42:07,891 [bc0bc980-c963-48ce-962e-85091c893131@group-28ACFA97060E-LeaderElection94] INFO  impl.RaftServerImpl (RaftServerImpl.java:setRole(184)) - bc0bc980-c963-48ce-962e-85091c893131@group-28ACFA97060E: changes role from CANDIDATE to FOLLOWER at term 70 for DISCOVERED_A_NEW_TERM
2019-10-16 20:42:07,891 [bc0bc980-c963-48ce-962e-85091c893131@group-28ACFA97060E-LeaderElection94] INFO  impl.RoleInfo (RoleInfo.java:shutdownLeaderElection(134)) - bc0bc980-c963-48ce-962e-85091c893131: shutdown LeaderElection
2019-10-16 20:42:07,891 [bc0bc980-c963-48ce-962e-85091c893131@group-28ACFA97060E-LeaderElection94] INFO  impl.RoleInfo (RoleInfo.java:updateAndGet(143)) - bc0bc980-c963-48ce-962e-85091c893131: start FollowerState
2019-10-16 20:42:07,914 [Thread-1204] INFO  impl.FollowerState (FollowerState.java:run(108)) - bc0bc980-c963-48ce-962e-85091c893131@group-28ACFA97060E-FollowerState: change to CANDIDATE, lastRpcTime:22ms, electionTimeout:22ms
2019-10-16 20:42:07,914 [Thread-1204] INFO  impl.RoleInfo (RoleInfo.java:shutdownFollowerState(121)) - bc0bc980-c963-48ce-962e-85091c893131: shutdown FollowerState
2019-10-16 20:42:07,914 [Thread-1204] INFO  impl.RaftServerImpl (RaftServerImpl.java:setRole(184)) - bc0bc980-c963-48ce-962e-85091c893131@group-28ACFA97060E: changes role from  FOLLOWER to CANDIDATE at term 70 for changeToCandidate
2019-10-16 20:42:07,914 [Thread-1204] INFO  impl.RoleInfo (RoleInfo.java:updateAndGet(143)) - bc0bc980-c963-48ce-962e-85091c893131: start LeaderElection
2019-10-16 20:42:07,934 [bc0bc980-c963-48ce-962e-85091c893131@group-28ACFA97060E-LeaderElection95] INFO  impl.LeaderElection (LeaderElection.java:askForVotes(178)) - bc0bc980-c963-48ce-962e-85091c893131@group-28ACFA97060E-LeaderElection95: begin an election at term 71 for -1: [46069bd9-45fc-4c82-823c-36f07a1bcff0:192.168.157.254:34001, bc0bc980-c963-48ce-962e-85091c893131:192.168.157.254:46787, d612b743-bedc-4c3f-983e-e3329f8a2e6f:192.168.157.254:44523], old=null
2019-10-16 20:42:07,937 [grpc-default-executor-2] INFO  impl.RaftServerImpl (RaftServerImpl.java:setRole(184)) - 46069bd9-45fc-4c82-823c-36f07a1bcff0@group-28ACFA97060E: changes role from  FOLLOWER to FOLLOWER at term 71 for recognizeCandidate:bc0bc980-c963-48ce-962e-85091c893131
2019-10-16 20:42:07,937 [grpc-default-executor-2] INFO  impl.RoleInfo (RoleInfo.java:shutdownFollowerState(121)) - 46069bd9-45fc-4c82-823c-36f07a1bcff0: shutdown FollowerState
2019-10-16 20:42:07,937 [grpc-default-executor-0] INFO  impl.RaftServerImpl (RaftServerImpl.java:setRole(184)) - d612b743-bedc-4c3f-983e-e3329f8a2e6f@group-28ACFA97060E: changes role from  FOLLOWER to FOLLOWER at term 71 for recognizeCandidate:bc0bc980-c963-48ce-962e-85091c893131
2019-10-16 20:42:07,937 [grpc-default-executor-2] INFO  impl.RoleInfo (RoleInfo.java:updateAndGet(143)) - 46069bd9-45fc-4c82-823c-36f07a1bcff0: start FollowerState
2019-10-16 20:42:07,937 [Thread-1202] INFO  impl.FollowerState (FollowerState.java:run(117)) - 46069bd9-45fc-4c82-823c-36f07a1bcff0@group-28ACFA97060E-FollowerState was interrupted: java.lang.InterruptedException: sleep interrupted
2019-10-16 20:42:07,937 [grpc-default-executor-0] INFO  impl.RoleInfo (RoleInfo.java:shutdownFollowerState(121)) - d612b743-bedc-4c3f-983e-e3329f8a2e6f: shutdown FollowerState
2019-10-16 20:42:07,938 [grpc-default-executor-0] INFO  impl.RoleInfo (RoleInfo.java:updateAndGet(143)) - d612b743-bedc-4c3f-983e-e3329f8a2e6f: start FollowerState
2019-10-16 20:42:07,938 [Thread-1203] INFO  impl.FollowerState (FollowerState.java:run(117)) - d612b743-bedc-4c3f-983e-e3329f8a2e6f@group-28ACFA97060E-FollowerState was interrupted: java.lang.InterruptedException: sleep interrupted
2019-10-16 20:42:07,952 [bc0bc980-c963-48ce-962e-85091c893131@group-28ACFA97060E-LeaderElection95] INFO  impl.LeaderElection (LeaderElection.java:logAndReturn(56)) - bc0bc980-c963-48ce-962e-85091c893131@group-28ACFA97060E-LeaderElection95: Election REJECTED; received 2 response(s) [bc0bc980-c963-48ce-962e-85091c893131<-46069bd9-45fc-4c82-823c-36f07a1bcff0#0:FAIL-t71, bc0bc980-c963-48ce-962e-85091c893131<-d612b743-bedc-4c3f-983e-e3329f8a2e6f#0:FAIL-t71] and 0 exception(s); bc0bc980-c963-48ce-962e-85091c893131@group-28ACFA97060E:t71, leader=null, voted=bc0bc980-c963-48ce-962e-85091c893131, raftlog=bc0bc980-c963-48ce-962e-85091c893131@group-28ACFA97060E-SegmentedRaftLog:OPENED:c-1,f-1,i0, conf=-1: [46069bd9-45fc-4c82-823c-36f07a1bcff0:192.168.157.254:34001, bc0bc980-c963-48ce-962e-85091c893131:192.168.157.254:46787, d612b743-bedc-4c3f-983e-e3329f8a2e6f:192.168.157.254:44523], old=null
2019-10-16 20:42:07,952 [bc0bc980-c963-48ce-962e-85091c893131@group-28ACFA97060E-LeaderElection95] INFO  impl.RaftServerImpl (RaftServerImpl.java:setRole(184)) - bc0bc980-c963-48ce-962e-85091c893131@group-28ACFA97060E: changes role from CANDIDATE to FOLLOWER at term 71 for DISCOVERED_A_NEW_TERM
2019-10-16 20:42:07,952 [bc0bc980-c963-48ce-962e-85091c893131@group-28ACFA97060E-LeaderElection95] INFO  impl.RoleInfo (RoleInfo.java:shutdownLeaderElection(134)) - bc0bc980-c963-48ce-962e-85091c893131: shutdown LeaderElection
2019-10-16 20:42:07,952 [bc0bc980-c963-48ce-962e-85091c893131@group-28ACFA97060E-LeaderElection95] INFO  impl.RoleInfo (RoleInfo.java:updateAndGet(143)) - bc0bc980-c963-48ce-962e-85091c893131: start FollowerState
2019-10-16 20:42:08,096 [Thread-1210] INFO  impl.FollowerState (FollowerState.java:run(108)) - bc0bc980-c963-48ce-962e-85091c893131@group-28ACFA97060E-FollowerState: change to CANDIDATE, lastRpcTime:143ms, electionTimeout:143ms
2019-10-16 20:42:08,096 [Thread-1210] INFO  impl.RoleInfo (RoleInfo.java:shutdownFollowerState(121)) - bc0bc980-c963-48ce-962e-85091c893131: shutdown FollowerState
2019-10-16 20:42:08,096 [Thread-1210] INFO  impl.RaftServerImpl (RaftServerImpl.java:setRole(184)) - bc0bc980-c963-48ce-962e-85091c893131@group-28ACFA97060E: changes role from  FOLLOWER to CANDIDATE at term 71 for changeToCandidate
2019-10-16 20:42:08,096 [Thread-1210] INFO  impl.RoleInfo (RoleInfo.java:updateAndGet(143)) - bc0bc980-c963-48ce-962e-85091c893131: start LeaderElection
2019-10-16 20:42:08,148 [bc0bc980-c963-48ce-962e-85091c893131@group-28ACFA97060E-LeaderElection96] INFO  impl.LeaderElection (LeaderElection.java:askForVotes(178)) - bc0bc980-c963-48ce-962e-85091c893131@group-28ACFA97060E-LeaderElection96: begin an election at term 72 for -1: [46069bd9-45fc-4c82-823c-36f07a1bcff0:192.168.157.254:34001, bc0bc980-c963-48ce-962e-85091c893131:192.168.157.254:46787, d612b743-bedc-4c3f-983e-e3329f8a2e6f:192.168.157.254:44523], old=null
2019-10-16 20:42:08,151 [grpc-default-executor-2] INFO  impl.RaftServerImpl (RaftServerImpl.java:setRole(184)) - 46069bd9-45fc-4c82-823c-36f07a1bcff0@group-28ACFA97060E: changes role from  FOLLOWER to FOLLOWER at term 72 for recognizeCandidate:bc0bc980-c963-48ce-962e-85091c893131
2019-10-16 20:42:08,151 [grpc-default-executor-2] INFO  impl.RoleInfo (RoleInfo.java:shutdownFollowerState(121)) - 46069bd9-45fc-4c82-823c-36f07a1bcff0: shutdown FollowerState
2019-10-16 20:42:08,151 [grpc-default-executor-2] INFO  impl.RoleInfo (RoleInfo.java:updateAndGet(143)) - 46069bd9-45fc-4c82-823c-36f07a1bcff0: start FollowerState
2019-10-16 20:42:08,151 [Thread-1208] INFO  impl.FollowerState (FollowerState.java:run(117)) - 46069bd9-45fc-4c82-823c-36f07a1bcff0@group-28ACFA97060E-FollowerState was interrupted: java.lang.InterruptedException: sleep interrupted
2019-10-16 20:42:08,151 [grpc-default-executor-0] INFO  impl.RaftServerImpl (RaftServerImpl.java:setRole(184)) - d612b743-bedc-4c3f-983e-e3329f8a2e6f@group-28ACFA97060E: changes role from  FOLLOWER to FOLLOWER at term 72 for recognizeCandidate:bc0bc980-c963-48ce-962e-85091c893131
2019-10-16 20:42:08,151 [grpc-default-executor-0] INFO  impl.RoleInfo (RoleInfo.java:shutdownFollowerState(121)) - d612b743-bedc-4c3f-983e-e3329f8a2e6f: shutdown FollowerState
2019-10-16 20:42:08,152 [grpc-default-executor-0] INFO  impl.RoleInfo (RoleInfo.java:updateAndGet(143)) - d612b743-bedc-4c3f-983e-e3329f8a2e6f: start FollowerState
2019-10-16 20:42:08,152 [Thread-1209] INFO  impl.FollowerState (FollowerState.java:run(117)) - d612b743-bedc-4c3f-983e-e3329f8a2e6f@group-28ACFA97060E-FollowerState was interrupted: java.lang.InterruptedException: sleep interrupted
2019-10-16 20:42:08,188 [bc0bc980-c963-48ce-962e-85091c893131@group-28ACFA97060E-LeaderElection96] INFO  impl.LeaderElection (LeaderElection.java:logAndReturn(56)) - bc0bc980-c963-48ce-962e-85091c893131@group-28ACFA97060E-LeaderElection96: Election REJECTED; received 2 response(s) [bc0bc980-c963-48ce-962e-85091c893131<-46069bd9-45fc-4c82-823c-36f07a1bcff0#0:FAIL-t72, bc0bc980-c963-48ce-962e-85091c893131<-d612b743-bedc-4c3f-983e-e3329f8a2e6f#0:FAIL-t72] and 0 exception(s); bc0bc980-c963-48ce-962e-85091c893131@group-28ACFA97060E:t72, leader=null, voted=bc0bc980-c963-48ce-962e-85091c893131, raftlog=bc0bc980-c963-48ce-962e-85091c893131@group-28ACFA97060E-SegmentedRaftLog:OPENED:c-1,f-1,i0, conf=-1: [46069bd9-45fc-4c82-823c-36f07a1bcff0:192.168.157.254:34001, bc0bc980-c963-48ce-962e-85091c893131:192.168.157.254:46787, d612b743-bedc-4c3f-983e-e3329f8a2e6f:192.168.157.254:44523], old=null
2019-10-16 20:42:08,189 [bc0bc980-c963-48ce-962e-85091c893131@group-28ACFA97060E-LeaderElection96] INFO  impl.RaftServerImpl (RaftServerImpl.java:setRole(184)) - bc0bc980-c963-48ce-962e-85091c893131@group-28ACFA97060E: changes role from CANDIDATE to FOLLOWER at term 72 for DISCOVERED_A_NEW_TERM
2019-10-16 20:42:08,189 [bc0bc980-c963-48ce-962e-85091c893131@group-28ACFA97060E-LeaderElection96] INFO  impl.RoleInfo (RoleInfo.java:shutdownLeaderElection(134)) - bc0bc980-c963-48ce-962e-85091c893131: shutdown LeaderElection
2019-10-16 20:42:08,189 [bc0bc980-c963-48ce-962e-85091c893131@group-28ACFA97060E-LeaderElection96] INFO  impl.RoleInfo (RoleInfo.java:updateAndGet(143)) - bc0bc980-c963-48ce-962e-85091c893131: start FollowerState
2019-10-16 20:42:08,282 [Thread-1216] INFO  impl.FollowerState (FollowerState.java:run(108)) - bc0bc980-c963-48ce-962e-85091c893131@group-28ACFA97060E-FollowerState: change to CANDIDATE, lastRpcTime:93ms, electionTimeout:93ms
2019-10-16 20:42:08,283 [Thread-1216] INFO  impl.RoleInfo (RoleInfo.java:shutdownFollowerState(121)) - bc0bc980-c963-48ce-962e-85091c893131: shutdown FollowerState
2019-10-16 20:42:08,283 [Thread-1216] INFO  impl.RaftServerImpl (RaftServerImpl.java:setRole(184)) - bc0bc980-c963-48ce-962e-85091c893131@group-28ACFA97060E: changes role from  FOLLOWER to CANDIDATE at term 72 for changeToCandidate
2019-10-16 20:42:08,283 [Thread-1216] INFO  impl.RoleInfo (RoleInfo.java:updateAndGet(143)) - bc0bc980-c963-48ce-962e-85091c893131: start LeaderElection
2019-10-16 20:42:08,346 [bc0bc980-c963-48ce-962e-85091c893131@group-28ACFA97060E-LeaderElection97] INFO  impl.LeaderElection (LeaderElection.java:askForVotes(178)) - bc0bc980-c963-48ce-962e-85091c893131@group-28ACFA97060E-LeaderElection97: begin an election at term 73 for -1: [46069bd9-45fc-4c82-823c-36f07a1bcff0:192.168.157.254:34001, bc0bc980-c963-48ce-962e-85091c893131:192.168.157.254:46787, d612b743-bedc-4c3f-983e-e3329f8a2e6f:192.168.157.254:44523], old=null
2019-10-16 20:42:08,349 [grpc-default-executor-2] INFO  impl.RaftServerImpl (RaftServerImpl.java:setRole(184)) - 46069bd9-45fc-4c82-823c-36f07a1bcff0@group-28ACFA97060E: changes role from  FOLLOWER to FOLLOWER at term 73 for recognizeCandidate:bc0bc980-c963-48ce-962e-85091c893131
2019-10-16 20:42:08,349 [grpc-default-executor-2] INFO  impl.RoleInfo (RoleInfo.java:shutdownFollowerState(121)) - 46069bd9-45fc-4c82-823c-36f07a1bcff0: shutdown FollowerState
2019-10-16 20:42:08,350 [grpc-default-executor-0] INFO  impl.RaftServerImpl (RaftServerImpl.java:setRole(184)) - d612b743-bedc-4c3f-983e-e3329f8a2e6f@group-28ACFA97060E: changes role from  FOLLOWER to FOLLOWER at term 73 for recognizeCandidate:bc0bc980-c963-48ce-962e-85091c893131
2019-10-16 20:42:08,350 [Thread-1214] INFO  impl.FollowerState (FollowerState.java:run(117)) - 46069bd9-45fc-4c82-823c-36f07a1bcff0@group-28ACFA97060E-FollowerState was interrupted: java.lang.InterruptedException: sleep interrupted
2019-10-16 20:42:08,350 [grpc-default-executor-0] INFO  impl.RoleInfo (RoleInfo.java:shutdownFollowerState(121)) - d612b743-bedc-4c3f-983e-e3329f8a2e6f: shutdown FollowerState
2019-10-16 20:42:08,350 [grpc-default-executor-2] INFO  impl.RoleInfo (RoleInfo.java:updateAndGet(143)) - 46069bd9-45fc-4c82-823c-36f07a1bcff0: start FollowerState
2019-10-16 20:42:08,350 [Thread-1215] INFO  impl.FollowerState (FollowerState.java:run(117)) - d612b743-bedc-4c3f-983e-e3329f8a2e6f@group-28ACFA97060E-FollowerState was interrupted: java.lang.InterruptedException: sleep interrupted
2019-10-16 20:42:08,350 [grpc-default-executor-0] INFO  impl.RoleInfo (RoleInfo.java:updateAndGet(143)) - d612b743-bedc-4c3f-983e-e3329f8a2e6f: start FollowerState
2019-10-16 20:42:08,364 [bc0bc980-c963-48ce-962e-85091c893131@group-28ACFA97060E-LeaderElection97] INFO  impl.LeaderElection (LeaderElection.java:logAndReturn(56)) - bc0bc980-c963-48ce-962e-85091c893131@group-28ACFA97060E-LeaderElection97: Election REJECTED; received 2 response(s) [bc0bc980-c963-48ce-962e-85091c893131<-46069bd9-45fc-4c82-823c-36f07a1bcff0#0:FAIL-t73, bc0bc980-c963-48ce-962e-85091c893131<-d612b743-bedc-4c3f-983e-e3329f8a2e6f#0:FAIL-t73] and 0 exception(s); bc0bc980-c963-48ce-962e-85091c893131@group-28ACFA97060E:t73, leader=null, voted=bc0bc980-c963-48ce-962e-85091c893131, raftlog=bc0bc980-c963-48ce-962e-85091c893131@group-28ACFA97060E-SegmentedRaftLog:OPENED:c-1,f-1,i0, conf=-1: [46069bd9-45fc-4c82-823c-36f07a1bcff0:192.168.157.254:34001, bc0bc980-c963-48ce-962e-85091c893131:192.168.157.254:46787, d612b743-bedc-4c3f-983e-e3329f8a2e6f:192.168.157.254:44523], old=null
2019-10-16 20:42:08,364 [bc0bc980-c963-48ce-962e-85091c893131@group-28ACFA97060E-LeaderElection97] INFO  impl.RaftServerImpl (RaftServerImpl.java:setRole(184)) - bc0bc980-c963-48ce-962e-85091c893131@group-28ACFA97060E: changes role from CANDIDATE to FOLLOWER at term 73 for DISCOVERED_A_NEW_TERM
2019-10-16 20:42:08,365 [bc0bc980-c963-48ce-962e-85091c893131@group-28ACFA97060E-LeaderElection97] INFO  impl.RoleInfo (RoleInfo.java:shutdownLeaderElection(134)) - bc0bc980-c963-48ce-962e-85091c893131: shutdown LeaderElection
2019-10-16 20:42:08,365 [bc0bc980-c963-48ce-962e-85091c893131@group-28ACFA97060E-LeaderElection97] INFO  impl.RoleInfo (RoleInfo.java:updateAndGet(143)) - bc0bc980-c963-48ce-962e-85091c893131: start FollowerState
2019-10-16 20:42:08,559 [Thread-1222] INFO  impl.FollowerState (FollowerState.java:run(108)) - bc0bc980-c963-48ce-962e-85091c893131@group-28ACFA97060E-FollowerState: change to CANDIDATE, lastRpcTime:194ms, electionTimeout:194ms
2019-10-16 20:42:08,559 [Thread-1222] INFO  impl.RoleInfo (RoleInfo.java:shutdownFollowerState(121)) - bc0bc980-c963-48ce-962e-85091c893131: shutdown FollowerState
2019-10-16 20:42:08,560 [Thread-1222] INFO  impl.RaftServerImpl (RaftServerImpl.java:setRole(184)) - bc0bc980-c963-48ce-962e-85091c893131@group-28ACFA97060E: changes role from  FOLLOWER to CANDIDATE at term 73 for changeToCandidate
2019-10-16 20:42:08,560 [Thread-1222] INFO  impl.RoleInfo (RoleInfo.java:updateAndGet(143)) - bc0bc980-c963-48ce-962e-85091c893131: start LeaderElection
2019-10-16 20:42:08,574 [bc0bc980-c963-48ce-962e-85091c893131@group-28ACFA97060E-LeaderElection98] INFO  impl.LeaderElection (LeaderElection.java:askForVotes(178)) - bc0bc980-c963-48ce-962e-85091c893131@group-28ACFA97060E-LeaderElection98: begin an election at term 74 for -1: [46069bd9-45fc-4c82-823c-36f07a1bcff0:192.168.157.254:34001, bc0bc980-c963-48ce-962e-85091c893131:192.168.157.254:46787, d612b743-bedc-4c3f-983e-e3329f8a2e6f:192.168.157.254:44523], old=null
2019-10-16 20:42:08,578 [grpc-default-executor-2] INFO  impl.RaftServerImpl (RaftServerImpl.java:setRole(184)) - 46069bd9-45fc-4c82-823c-36f07a1bcff0@group-28ACFA97060E: changes role from  FOLLOWER to FOLLOWER at term 74 for recognizeCandidate:bc0bc980-c963-48ce-962e-85091c893131
2019-10-16 20:42:08,578 [grpc-default-executor-0] INFO  impl.RaftServerImpl (RaftServerImpl.java:setRole(184)) - d612b743-bedc-4c3f-983e-e3329f8a2e6f@group-28ACFA97060E: changes role from  FOLLOWER to FOLLOWER at term 74 for recognizeCandidate:bc0bc980-c963-48ce-962e-85091c893131
2019-10-16 20:42:08,578 [grpc-default-executor-2] INFO  impl.RoleInfo (RoleInfo.java:shutdownFollowerState(121)) - 46069bd9-45fc-4c82-823c-36f07a1bcff0: shutdown FollowerState
2019-10-16 20:42:08,578 [grpc-default-executor-0] INFO  impl.RoleInfo (RoleInfo.java:shutdownFollowerState(121)) - d612b743-bedc-4c3f-983e-e3329f8a2e6f: shutdown FollowerState
2019-10-16 20:42:08,578 [grpc-default-executor-2] INFO  impl.RoleInfo (RoleInfo.java:updateAndGet(143)) - 46069bd9-45fc-4c82-823c-36f07a1bcff0: start FollowerState
2019-10-16 20:42:08,579 [Thread-1220] INFO  impl.FollowerState (FollowerState.java:run(117)) - 46069bd9-45fc-4c82-823c-36f07a1bcff0@group-28ACFA97060E-FollowerState was interrupted: java.lang.InterruptedException: sleep interrupted
2019-10-16 20:42:08,579 [grpc-default-executor-0] INFO  impl.RoleInfo (RoleInfo.java:updateAndGet(143)) - d612b743-bedc-4c3f-983e-e3329f8a2e6f: start FollowerState
2019-10-16 20:42:08,579 [Thread-1221] INFO  impl.FollowerState (FollowerState.java:run(117)) - d612b743-bedc-4c3f-983e-e3329f8a2e6f@group-28ACFA97060E-FollowerState was interrupted: java.lang.InterruptedException: sleep interrupted
2019-10-16 20:42:08,598 [bc0bc980-c963-48ce-962e-85091c893131@group-28ACFA97060E-LeaderElection98] INFO  impl.LeaderElection (LeaderElection.java:logAndReturn(56)) - bc0bc980-c963-48ce-962e-85091c893131@group-28ACFA97060E-LeaderElection98: Election REJECTED; received 2 response(s) [bc0bc980-c963-48ce-962e-85091c893131<-46069bd9-45fc-4c82-823c-36f07a1bcff0#0:FAIL-t74, bc0bc980-c963-48ce-962e-85091c893131<-d612b743-bedc-4c3f-983e-e3329f8a2e6f#0:FAIL-t74] and 0 exception(s); bc0bc980-c963-48ce-962e-85091c893131@group-28ACFA97060E:t74, leader=null, voted=bc0bc980-c963-48ce-962e-85091c893131, raftlog=bc0bc980-c963-48ce-962e-85091c893131@group-28ACFA97060E-SegmentedRaftLog:OPENED:c-1,f-1,i0, conf=-1: [46069bd9-45fc-4c82-823c-36f07a1bcff0:192.168.157.254:34001, bc0bc980-c963-48ce-962e-85091c893131:192.168.157.254:46787, d612b743-bedc-4c3f-983e-e3329f8a2e6f:192.168.157.254:44523], old=null
2019-10-16 20:42:08,598 [bc0bc980-c963-48ce-962e-85091c893131@group-28ACFA97060E-LeaderElection98] INFO  impl.RaftServerImpl (RaftServerImpl.java:setRole(184)) - bc0bc980-c963-48ce-962e-85091c893131@group-28ACFA97060E: changes role from CANDIDATE to FOLLOWER at term 74 for DISCOVERED_A_NEW_TERM
2019-10-16 20:42:08,598 [bc0bc980-c963-48ce-962e-85091c893131@group-28ACFA97060E-LeaderElection98] INFO  impl.RoleInfo (RoleInfo.java:shutdownLeaderElection(134)) - bc0bc980-c963-48ce-962e-85091c893131: shutdown LeaderElection
2019-10-16 20:42:08,598 [bc0bc980-c963-48ce-962e-85091c893131@group-28ACFA97060E-LeaderElection98] INFO  impl.RoleInfo (RoleInfo.java:updateAndGet(143)) - bc0bc980-c963-48ce-962e-85091c893131: start FollowerState
2019-10-16 20:42:08,749 [Thread-1228] INFO  impl.FollowerState (FollowerState.java:run(108)) - bc0bc980-c963-48ce-962e-85091c893131@group-28ACFA97060E-FollowerState: change to CANDIDATE, lastRpcTime:151ms, electionTimeout:151ms
2019-10-16 20:42:08,750 [Thread-1228] INFO  impl.RoleInfo (RoleInfo.java:shutdownFollowerState(121)) - bc0bc980-c963-48ce-962e-85091c893131: shutdown FollowerState
2019-10-16 20:42:08,750 [Thread-1228] INFO  impl.RaftServerImpl (RaftServerImpl.java:setRole(184)) - bc0bc980-c963-48ce-962e-85091c893131@group-28ACFA97060E: changes role from  FOLLOWER to CANDIDATE at term 74 for changeToCandidate
2019-10-16 20:42:08,750 [Thread-1228] INFO  impl.RoleInfo (RoleInfo.java:updateAndGet(143)) - bc0bc980-c963-48ce-962e-85091c893131: start LeaderElection
2019-10-16 20:42:08,781 [bc0bc980-c963-48ce-962e-85091c893131@group-28ACFA97060E-LeaderElection99] INFO  impl.LeaderElection (LeaderElection.java:askForVotes(178)) - bc0bc980-c963-48ce-962e-85091c893131@group-28ACFA97060E-LeaderElection99: begin an election at term 75 for -1: [46069bd9-45fc-4c82-823c-36f07a1bcff0:192.168.157.254:34001, bc0bc980-c963-48ce-962e-85091c893131:192.168.157.254:46787, d612b743-bedc-4c3f-983e-e3329f8a2e6f:192.168.157.254:44523], old=null
2019-10-16 20:42:08,784 [grpc-default-executor-2] INFO  impl.RaftServerImpl (RaftServerImpl.java:setRole(184)) - d612b743-bedc-4c3f-983e-e3329f8a2e6f@group-28ACFA97060E: changes role from  FOLLOWER to FOLLOWER at term 75 for recognizeCandidate:bc0bc980-c963-48ce-962e-85091c893131
2019-10-16 20:42:08,784 [grpc-default-executor-2] INFO  impl.RoleInfo (RoleInfo.java:shutdownFollowerState(121)) - d612b743-bedc-4c3f-983e-e3329f8a2e6f: shutdown FollowerState
2019-10-16 20:42:08,784 [grpc-default-executor-0] INFO  impl.RaftServerImpl (RaftServerImpl.java:setRole(184)) - 46069bd9-45fc-4c82-823c-36f07a1bcff0@group-28ACFA97060E: changes role from  FOLLOWER to FOLLOWER at term 75 for recognizeCandidate:bc0bc980-c963-48ce-962e-85091c893131
2019-10-16 20:42:08,784 [Thread-1227] INFO  impl.FollowerState (FollowerState.java:run(117)) - d612b743-bedc-4c3f-983e-e3329f8a2e6f@group-28ACFA97060E-FollowerState was interrupted: java.lang.InterruptedException: sleep interrupted
2019-10-16 20:42:08,784 [grpc-default-executor-2] INFO  impl.RoleInfo (RoleInfo.java:updateAndGet(143)) - d612b743-bedc-4c3f-983e-e3329f8a2e6f: start FollowerState
2019-10-16 20:42:08,784 [grpc-default-executor-0] INFO  impl.RoleInfo (RoleInfo.java:shutdownFollowerState(121)) - 46069bd9-45fc-4c82-823c-36f07a1bcff0: shutdown FollowerState
2019-10-16 20:42:08,785 [grpc-default-executor-0] INFO  impl.RoleInfo (RoleInfo.java:updateAndGet(143)) - 46069bd9-45fc-4c82-823c-36f07a1bcff0: start FollowerState
2019-10-16 20:42:08,785 [Thread-1226] INFO  impl.FollowerState (FollowerState.java:run(117)) - 46069bd9-45fc-4c82-823c-36f07a1bcff0@group-28ACFA97060E-FollowerState was interrupted: java.lang.InterruptedException: sleep interrupted
2019-10-16 20:42:08,819 [bc0bc980-c963-48ce-962e-85091c893131@group-28ACFA97060E-LeaderElection99] INFO  impl.LeaderElection (LeaderElection.java:logAndReturn(56)) - bc0bc980-c963-48ce-962e-85091c893131@group-28ACFA97060E-LeaderElection99: Election REJECTED; received 2 response(s) [bc0bc980-c963-48ce-962e-85091c893131<-46069bd9-45fc-4c82-823c-36f07a1bcff0#0:FAIL-t75, bc0bc980-c963-48ce-962e-85091c893131<-d612b743-bedc-4c3f-983e-e3329f8a2e6f#0:FAIL-t75] and 0 exception(s); bc0bc980-c963-48ce-962e-85091c893131@group-28ACFA97060E:t75, leader=null, voted=bc0bc980-c963-48ce-962e-85091c893131, raftlog=bc0bc980-c963-48ce-962e-85091c893131@group-28ACFA97060E-SegmentedRaftLog:OPENED:c-1,f-1,i0, conf=-1: [46069bd9-45fc-4c82-823c-36f07a1bcff0:192.168.157.254:34001, bc0bc980-c963-48ce-962e-85091c893131:192.168.157.254:46787, d612b743-bedc-4c3f-983e-e3329f8a2e6f:192.168.157.254:44523], old=null
2019-10-16 20:42:08,819 [bc0bc980-c963-48ce-962e-85091c893131@group-28ACFA97060E-LeaderElection99] INFO  impl.RaftServerImpl (RaftServerImpl.java:setRole(184)) - bc0bc980-c963-48ce-962e-85091c893131@group-28ACFA97060E: changes role from CANDIDATE to FOLLOWER at term 75 for DISCOVERED_A_NEW_TERM
2019-10-16 20:42:08,819 [bc0bc980-c963-48ce-962e-85091c893131@group-28ACFA97060E-LeaderElection99] INFO  impl.RoleInfo (RoleInfo.java:shutdownLeaderElection(134)) - bc0bc980-c963-48ce-962e-85091c893131: shutdown LeaderElection
2019-10-16 20:42:08,820 [bc0bc980-c963-48ce-962e-85091c893131@group-28ACFA97060E-LeaderElection99] INFO  impl.RoleInfo (RoleInfo.java:updateAndGet(143)) - bc0bc980-c963-48ce-962e-85091c893131: start FollowerState
2019-10-16 20:42:09,002 [Thread-1234] INFO  impl.FollowerState (FollowerState.java:run(108)) - bc0bc980-c963-48ce-962e-85091c893131@group-28ACFA97060E-FollowerState: change to CANDIDATE, lastRpcTime:182ms, electionTimeout:182ms
2019-10-16 20:42:09,002 [Thread-1234] INFO  impl.RoleInfo (RoleInfo.java:shutdownFollowerState(121)) - bc0bc980-c963-48ce-962e-85091c893131: shutdown FollowerState
2019-10-16 20:42:09,002 [Thread-1234] INFO  impl.RaftServerImpl (RaftServerImpl.java:setRole(184)) - bc0bc980-c963-48ce-962e-85091c893131@group-28ACFA97060E: changes role from  FOLLOWER to CANDIDATE at term 75 for changeToCandidate
2019-10-16 20:42:09,003 [Thread-1234] INFO  impl.RoleInfo (RoleInfo.java:updateAndGet(143)) - bc0bc980-c963-48ce-962e-85091c893131: start LeaderElection
2019-10-16 20:42:09,009 [bc0bc980-c963-48ce-962e-85091c893131@group-28ACFA97060E-LeaderElection100] INFO  impl.LeaderElection (LeaderElection.java:askForVotes(178)) - bc0bc980-c963-48ce-962e-85091c893131@group-28ACFA97060E-LeaderElection100: begin an election at term 76 for -1: [46069bd9-45fc-4c82-823c-36f07a1bcff0:192.168.157.254:34001, bc0bc980-c963-48ce-962e-85091c893131:192.168.157.254:46787, d612b743-bedc-4c3f-983e-e3329f8a2e6f:192.168.157.254:44523], old=null
2019-10-16 20:42:09,013 [grpc-default-executor-2] INFO  impl.RaftServerImpl (RaftServerImpl.java:setRole(184)) - 46069bd9-45fc-4c82-823c-36f07a1bcff0@group-28ACFA97060E: changes role from  FOLLOWER to FOLLOWER at term 76 for recognizeCandidate:bc0bc980-c963-48ce-962e-85091c893131
2019-10-16 20:42:09,013 [grpc-default-executor-0] INFO  impl.RaftServerImpl (RaftServerImpl.java:setRole(184)) - d612b743-bedc-4c3f-983e-e3329f8a2e6f@group-28ACFA97060E: changes role from  FOLLOWER to FOLLOWER at term 76 for recognizeCandidate:bc0bc980-c963-48ce-962e-85091c893131
2019-10-16 20:42:09,014 [grpc-default-executor-0] INFO  impl.RoleInfo (RoleInfo.java:shutdownFollowerState(121)) - d612b743-bedc-4c3f-983e-e3329f8a2e6f: shutdown FollowerState
2019-10-16 20:42:09,014 [grpc-default-executor-2] INFO  impl.RoleInfo (RoleInfo.java:shutdownFollowerState(121)) - 46069bd9-45fc-4c82-823c-36f07a1bcff0: shutdown FollowerState
2019-10-16 20:42:09,014 [grpc-default-executor-0] INFO  impl.RoleInfo (RoleInfo.java:updateAndGet(143)) - d612b743-bedc-4c3f-983e-e3329f8a2e6f: start FollowerState
2019-10-16 20:42:09,014 [Thread-1233] INFO  impl.FollowerState (FollowerState.java:run(117)) - 46069bd9-45fc-4c82-823c-36f07a1bcff0@group-28ACFA97060E-FollowerState was interrupted: java.lang.InterruptedException: sleep interrupted
2019-10-16 20:42:09,014 [Thread-1232] INFO  impl.FollowerState (FollowerState.java:run(117)) - d612b743-bedc-4c3f-983e-e3329f8a2e6f@group-28ACFA97060E-FollowerState was interrupted: java.lang.InterruptedException: sleep interrupted
2019-10-16 20:42:09,014 [grpc-default-executor-2] INFO  impl.RoleInfo (RoleInfo.java:updateAndGet(143)) - 46069bd9-45fc-4c82-823c-36f07a1bcff0: start FollowerState
2019-10-16 20:42:09,043 [bc0bc980-c963-48ce-962e-85091c893131@group-28ACFA97060E-LeaderElection100] INFO  impl.LeaderElection (LeaderElection.java:logAndReturn(56)) - bc0bc980-c963-48ce-962e-85091c893131@group-28ACFA97060E-LeaderElection100: Election REJECTED; received 2 response(s) [bc0bc980-c963-48ce-962e-85091c893131<-46069bd9-45fc-4c82-823c-36f07a1bcff0#0:FAIL-t76, bc0bc980-c963-48ce-962e-85091c893131<-d612b743-bedc-4c3f-983e-e3329f8a2e6f#0:FAIL-t76] and 0 exception(s); bc0bc980-c963-48ce-962e-85091c893131@group-28ACFA97060E:t76, leader=null, voted=bc0bc980-c963-48ce-962e-85091c893131, raftlog=bc0bc980-c963-48ce-962e-85091c893131@group-28ACFA97060E-SegmentedRaftLog:OPENED:c-1,f-1,i0, conf=-1: [46069bd9-45fc-4c82-823c-36f07a1bcff0:192.168.157.254:34001, bc0bc980-c963-48ce-962e-85091c893131:192.168.157.254:46787, d612b743-bedc-4c3f-983e-e3329f8a2e6f:192.168.157.254:44523], old=null
2019-10-16 20:42:09,043 [bc0bc980-c963-48ce-962e-85091c893131@group-28ACFA97060E-LeaderElection100] INFO  impl.RaftServerImpl (RaftServerImpl.java:setRole(184)) - bc0bc980-c963-48ce-962e-85091c893131@group-28ACFA97060E: changes role from CANDIDATE to FOLLOWER at term 76 for DISCOVERED_A_NEW_TERM
2019-10-16 20:42:09,043 [bc0bc980-c963-48ce-962e-85091c893131@group-28ACFA97060E-LeaderElection100] INFO  impl.RoleInfo (RoleInfo.java:shutdownLeaderElection(134)) - bc0bc980-c963-48ce-962e-85091c893131: shutdown LeaderElection
2019-10-16 20:42:09,043 [bc0bc980-c963-48ce-962e-85091c893131@group-28ACFA97060E-LeaderElection100] INFO  impl.RoleInfo (RoleInfo.java:updateAndGet(143)) - bc0bc980-c963-48ce-962e-85091c893131: start FollowerState
2019-10-16 20:42:09,160 [Thread-1240] INFO  impl.FollowerState (FollowerState.java:run(108)) - bc0bc980-c963-48ce-962e-85091c893131@group-28ACFA97060E-FollowerState: change to CANDIDATE, lastRpcTime:116ms, electionTimeout:116ms
2019-10-16 20:42:09,160 [Thread-1240] INFO  impl.RoleInfo (RoleInfo.java:shutdownFollowerState(121)) - bc0bc980-c963-48ce-962e-85091c893131: shutdown FollowerState
2019-10-16 20:42:09,160 [Thread-1240] INFO  impl.RaftServerImpl (RaftServerImpl.java:setRole(184)) - bc0bc980-c963-48ce-962e-85091c893131@group-28ACFA97060E: changes role from  FOLLOWER to CANDIDATE at term 76 for changeToCandidate
2019-10-16 20:42:09,160 [Thread-1240] INFO  impl.RoleInfo (RoleInfo.java:updateAndGet(143)) - bc0bc980-c963-48ce-962e-85091c893131: start LeaderElection
2019-10-16 20:42:09,179 [bc0bc980-c963-48ce-962e-85091c893131@group-28ACFA97060E-LeaderElection101] INFO  impl.LeaderElection (LeaderElection.java:askForVotes(178)) - bc0bc980-c963-48ce-962e-85091c893131@group-28ACFA97060E-LeaderElection101: begin an election at term 77 for -1: [46069bd9-45fc-4c82-823c-36f07a1bcff0:192.168.157.254:34001, bc0bc980-c963-48ce-962e-85091c893131:192.168.157.254:46787, d612b743-bedc-4c3f-983e-e3329f8a2e6f:192.168.157.254:44523], old=null
2019-10-16 20:42:09,182 [grpc-default-executor-2] INFO  impl.RaftServerImpl (RaftServerImpl.java:setRole(184)) - d612b743-bedc-4c3f-983e-e3329f8a2e6f@group-28ACFA97060E: changes role from  FOLLOWER to FOLLOWER at term 77 for recognizeCandidate:bc0bc980-c963-48ce-962e-85091c893131
2019-10-16 20:42:09,182 [grpc-default-executor-0] INFO  impl.RaftServerImpl (RaftServerImpl.java:setRole(184)) - 46069bd9-45fc-4c82-823c-36f07a1bcff0@group-28ACFA97060E: changes role from  FOLLOWER to FOLLOWER at term 77 for recognizeCandidate:bc0bc980-c963-48ce-962e-85091c893131
2019-10-16 20:42:09,182 [grpc-default-executor-2] INFO  impl.RoleInfo (RoleInfo.java:shutdownFollowerState(121)) - d612b743-bedc-4c3f-983e-e3329f8a2e6f: shutdown FollowerState
2019-10-16 20:42:09,182 [grpc-default-executor-0] INFO  impl.RoleInfo (RoleInfo.java:shutdownFollowerState(121)) - 46069bd9-45fc-4c82-823c-36f07a1bcff0: shutdown FollowerState
2019-10-16 20:42:09,183 [Thread-1238] INFO  impl.FollowerState (FollowerState.java:run(117)) - d612b743-bedc-4c3f-983e-e3329f8a2e6f@group-28ACFA97060E-FollowerState was interrupted: java.lang.InterruptedException: sleep interrupted
2019-10-16 20:42:09,183 [grpc-default-executor-2] INFO  impl.RoleInfo (RoleInfo.java:updateAndGet(143)) - d612b743-bedc-4c3f-983e-e3329f8a2e6f: start FollowerState
2019-10-16 20:42:09,183 [Thread-1239] INFO  impl.FollowerState (FollowerState.java:run(117)) - 46069bd9-45fc-4c82-823c-36f07a1bcff0@group-28ACFA97060E-FollowerState was interrupted: java.lang.InterruptedException: sleep interrupted
2019-10-16 20:42:09,183 [grpc-default-executor-0] INFO  impl.RoleInfo (RoleInfo.java:updateAndGet(143)) - 46069bd9-45fc-4c82-823c-36f07a1bcff0: start FollowerState
2019-10-16 20:42:09,197 [bc0bc980-c963-48ce-962e-85091c893131@group-28ACFA97060E-LeaderElection101] INFO  impl.LeaderElection (LeaderElection.java:logAndReturn(56)) - bc0bc980-c963-48ce-962e-85091c893131@group-28ACFA97060E-LeaderElection101: Election REJECTED; received 2 response(s) [bc0bc980-c963-48ce-962e-85091c893131<-46069bd9-45fc-4c82-823c-36f07a1bcff0#0:FAIL-t77, bc0bc980-c963-48ce-962e-85091c893131<-d612b743-bedc-4c3f-983e-e3329f8a2e6f#0:FAIL-t77] and 0 exception(s); bc0bc980-c963-48ce-962e-85091c893131@group-28ACFA97060E:t77, leader=null, voted=bc0bc980-c963-48ce-962e-85091c893131, raftlog=bc0bc980-c963-48ce-962e-85091c893131@group-28ACFA97060E-SegmentedRaftLog:OPENED:c-1,f-1,i0, conf=-1: [46069bd9-45fc-4c82-823c-36f07a1bcff0:192.168.157.254:34001, bc0bc980-c963-48ce-962e-85091c893131:192.168.157.254:46787, d612b743-bedc-4c3f-983e-e3329f8a2e6f:192.168.157.254:44523], old=null
2019-10-16 20:42:09,198 [bc0bc980-c963-48ce-962e-85091c893131@group-28ACFA97060E-LeaderElection101] INFO  impl.RaftServerImpl (RaftServerImpl.java:setRole(184)) - bc0bc980-c963-48ce-962e-85091c893131@group-28ACFA97060E: changes role from CANDIDATE to FOLLOWER at term 77 for DISCOVERED_A_NEW_TERM
2019-10-16 20:42:09,198 [bc0bc980-c963-48ce-962e-85091c893131@group-28ACFA97060E-LeaderElection101] INFO  impl.RoleInfo (RoleInfo.java:shutdownLeaderElection(134)) - bc0bc980-c963-48ce-962e-85091c893131: shutdown LeaderElection
2019-10-16 20:42:09,198 [bc0bc980-c963-48ce-962e-85091c893131@group-28ACFA97060E-LeaderElection101] INFO  impl.RoleInfo (RoleInfo.java:updateAndGet(143)) - bc0bc980-c963-48ce-962e-85091c893131: start FollowerState
2019-10-16 20:42:09,268 [Thread-1246] INFO  impl.FollowerState (FollowerState.java:run(108)) - bc0bc980-c963-48ce-962e-85091c893131@group-28ACFA97060E-FollowerState: change to CANDIDATE, lastRpcTime:70ms, electionTimeout:70ms
2019-10-16 20:42:09,268 [Thread-1246] INFO  impl.RoleInfo (RoleInfo.java:shutdownFollowerState(121)) - bc0bc980-c963-48ce-962e-85091c893131: shutdown FollowerState
2019-10-16 20:42:09,268 [Thread-1246] INFO  impl.RaftServerImpl (RaftServerImpl.java:setRole(184)) - bc0bc980-c963-48ce-962e-85091c893131@group-28ACFA97060E: changes role from  FOLLOWER to CANDIDATE at term 77 for changeToCandidate
2019-10-16 20:42:09,269 [Thread-1246] INFO  impl.RoleInfo (RoleInfo.java:updateAndGet(143)) - bc0bc980-c963-48ce-962e-85091c893131: start LeaderElection
2019-10-16 20:42:09,295 [bc0bc980-c963-48ce-962e-85091c893131@group-28ACFA97060E-LeaderElection102] INFO  impl.LeaderElection (LeaderElection.java:askForVotes(178)) - bc0bc980-c963-48ce-962e-85091c893131@group-28ACFA97060E-LeaderElection102: begin an election at term 78 for -1: [46069bd9-45fc-4c82-823c-36f07a1bcff0:192.168.157.254:34001, bc0bc980-c963-48ce-962e-85091c893131:192.168.157.254:46787, d612b743-bedc-4c3f-983e-e3329f8a2e6f:192.168.157.254:44523], old=null
2019-10-16 20:42:09,297 [grpc-default-executor-0] INFO  impl.RaftServerImpl (RaftServerImpl.java:setRole(184)) - 46069bd9-45fc-4c82-823c-36f07a1bcff0@group-28ACFA97060E: changes role from  FOLLOWER to FOLLOWER at term 78 for recognizeCandidate:bc0bc980-c963-48ce-962e-85091c893131
2019-10-16 20:42:09,297 [grpc-default-executor-0] INFO  impl.RoleInfo (RoleInfo.java:shutdownFollowerState(121)) - 46069bd9-45fc-4c82-823c-36f07a1bcff0: shutdown FollowerState
2019-10-16 20:42:09,297 [grpc-default-executor-2] INFO  impl.RaftServerImpl (RaftServerImpl.java:setRole(184)) - d612b743-bedc-4c3f-983e-e3329f8a2e6f@group-28ACFA97060E: changes role from  FOLLOWER to FOLLOWER at term 78 for recognizeCandidate:bc0bc980-c963-48ce-962e-85091c893131
2019-10-16 20:42:09,297 [Thread-1245] INFO  impl.FollowerState (FollowerState.java:run(117)) - 46069bd9-45fc-4c82-823c-36f07a1bcff0@group-28ACFA97060E-FollowerState was interrupted: java.lang.InterruptedException: sleep interrupted
2019-10-16 20:42:09,297 [grpc-default-executor-0] INFO  impl.RoleInfo (RoleInfo.java:updateAndGet(143)) - 46069bd9-45fc-4c82-823c-36f07a1bcff0: start FollowerState
2019-10-16 20:42:09,297 [grpc-default-executor-2] INFO  impl.RoleInfo (RoleInfo.java:shutdownFollowerState(121)) - d612b743-bedc-4c3f-983e-e3329f8a2e6f: shutdown FollowerState
2019-10-16 20:42:09,298 [grpc-default-executor-2] INFO  impl.RoleInfo (RoleInfo.java:updateAndGet(143)) - d612b743-bedc-4c3f-983e-e3329f8a2e6f: start FollowerState
2019-10-16 20:42:09,298 [Thread-1244] INFO  impl.FollowerState (FollowerState.java:run(117)) - d612b743-bedc-4c3f-983e-e3329f8a2e6f@group-28ACFA97060E-FollowerState was interrupted: java.lang.InterruptedException: sleep interrupted
2019-10-16 20:42:09,328 [bc0bc980-c963-48ce-962e-85091c893131@group-28ACFA97060E-LeaderElection102] INFO  impl.LeaderElection (LeaderElection.java:logAndReturn(56)) - bc0bc980-c963-48ce-962e-85091c893131@group-28ACFA97060E-LeaderElection102: Election REJECTED; received 2 response(s) [bc0bc980-c963-48ce-962e-85091c893131<-46069bd9-45fc-4c82-823c-36f07a1bcff0#0:FAIL-t78, bc0bc980-c963-48ce-962e-85091c893131<-d612b743-bedc-4c3f-983e-e3329f8a2e6f#0:FAIL-t78] and 0 exception(s); bc0bc980-c963-48ce-962e-85091c893131@group-28ACFA97060E:t78, leader=null, voted=bc0bc980-c963-48ce-962e-85091c893131, raftlog=bc0bc980-c963-48ce-962e-85091c893131@group-28ACFA97060E-SegmentedRaftLog:OPENED:c-1,f-1,i0, conf=-1: [46069bd9-45fc-4c82-823c-36f07a1bcff0:192.168.157.254:34001, bc0bc980-c963-48ce-962e-85091c893131:192.168.157.254:46787, d612b743-bedc-4c3f-983e-e3329f8a2e6f:192.168.157.254:44523], old=null
2019-10-16 20:42:09,328 [bc0bc980-c963-48ce-962e-85091c893131@group-28ACFA97060E-LeaderElection102] INFO  impl.RaftServerImpl (RaftServerImpl.java:setRole(184)) - bc0bc980-c963-48ce-962e-85091c893131@group-28ACFA97060E: changes role from CANDIDATE to FOLLOWER at term 78 for DISCOVERED_A_NEW_TERM
2019-10-16 20:42:09,328 [bc0bc980-c963-48ce-962e-85091c893131@group-28ACFA97060E-LeaderElection102] INFO  impl.RoleInfo (RoleInfo.java:shutdownLeaderElection(134)) - bc0bc980-c963-48ce-962e-85091c893131: shutdown LeaderElection
2019-10-16 20:42:09,328 [bc0bc980-c963-48ce-962e-85091c893131@group-28ACFA97060E-LeaderElection102] INFO  impl.RoleInfo (RoleInfo.java:updateAndGet(143)) - bc0bc980-c963-48ce-962e-85091c893131: start FollowerState
2019-10-16 20:42:09,478 [Thread-1252] INFO  impl.FollowerState (FollowerState.java:run(108)) - bc0bc980-c963-48ce-962e-85091c893131@group-28ACFA97060E-FollowerState: change to CANDIDATE, lastRpcTime:150ms, electionTimeout:150ms
2019-10-16 20:42:09,479 [Thread-1252] INFO  impl.RoleInfo (RoleInfo.java:shutdownFollowerState(121)) - bc0bc980-c963-48ce-962e-85091c893131: shutdown FollowerState
2019-10-16 20:42:09,479 [Thread-1252] INFO  impl.RaftServerImpl (RaftServerImpl.java:setRole(184)) - bc0bc980-c963-48ce-962e-85091c893131@group-28ACFA97060E: changes role from  FOLLOWER to CANDIDATE at term 78 for changeToCandidate
2019-10-16 20:42:09,479 [Thread-1252] INFO  impl.RoleInfo (RoleInfo.java:updateAndGet(143)) - bc0bc980-c963-48ce-962e-85091c893131: start LeaderElection
2019-10-16 20:42:09,493 [bc0bc980-c963-48ce-962e-85091c893131@group-28ACFA97060E-LeaderElection103] INFO  impl.LeaderElection (LeaderElection.java:askForVotes(178)) - bc0bc980-c963-48ce-962e-85091c893131@group-28ACFA97060E-LeaderElection103: begin an election at term 79 for -1: [46069bd9-45fc-4c82-823c-36f07a1bcff0:192.168.157.254:34001, bc0bc980-c963-48ce-962e-85091c893131:192.168.157.254:46787, d612b743-bedc-4c3f-983e-e3329f8a2e6f:192.168.157.254:44523], old=null
2019-10-16 20:42:09,663 [bc0bc980-c963-48ce-962e-85091c893131@group-28ACFA97060E-LeaderElection103] INFO  impl.LeaderElection (LeaderElection.java:logAndReturn(56)) - bc0bc980-c963-48ce-962e-85091c893131@group-28ACFA97060E-LeaderElection103: Election TIMEOUT; received 0 response(s) [] and 0 exception(s); bc0bc980-c963-48ce-962e-85091c893131@group-28ACFA97060E:t79, leader=null, voted=bc0bc980-c963-48ce-962e-85091c893131, raftlog=bc0bc980-c963-48ce-962e-85091c893131@group-28ACFA97060E-SegmentedRaftLog:OPENED:c-1,f-1,i0, conf=-1: [46069bd9-45fc-4c82-823c-36f07a1bcff0:192.168.157.254:34001, bc0bc980-c963-48ce-962e-85091c893131:192.168.157.254:46787, d612b743-bedc-4c3f-983e-e3329f8a2e6f:192.168.157.254:44523], old=null
2019-10-16 20:42:09,673 [grpc-default-executor-0] INFO  impl.RaftServerImpl (RaftServerImpl.java:setRole(184)) - 46069bd9-45fc-4c82-823c-36f07a1bcff0@group-28ACFA97060E: changes role from  FOLLOWER to FOLLOWER at term 79 for recognizeCandidate:bc0bc980-c963-48ce-962e-85091c893131
2019-10-16 20:42:09,694 [grpc-default-executor-0] INFO  impl.RoleInfo (RoleInfo.java:shutdownFollowerState(121)) - 46069bd9-45fc-4c82-823c-36f07a1bcff0: shutdown FollowerState
2019-10-16 20:42:09,698 [grpc-default-executor-0] INFO  impl.RoleInfo (RoleInfo.java:updateAndGet(143)) - 46069bd9-45fc-4c82-823c-36f07a1bcff0: start FollowerState
2019-10-16 20:42:09,714 [grpc-default-executor-2] INFO  impl.RaftServerImpl (RaftServerImpl.java:setRole(184)) - d612b743-bedc-4c3f-983e-e3329f8a2e6f@group-28ACFA97060E: changes role from  FOLLOWER to FOLLOWER at term 79 for recognizeCandidate:bc0bc980-c963-48ce-962e-85091c893131
2019-10-16 20:42:09,724 [grpc-default-executor-2] INFO  impl.RoleInfo (RoleInfo.java:shutdownFollowerState(121)) - d612b743-bedc-4c3f-983e-e3329f8a2e6f: shutdown FollowerState
2019-10-16 20:42:09,728 [Thread-1250] INFO  impl.FollowerState (FollowerState.java:run(117)) - 46069bd9-45fc-4c82-823c-36f07a1bcff0@group-28ACFA97060E-FollowerState was interrupted: java.lang.InterruptedException: sleep interrupted
2019-10-16 20:42:09,728 [grpc-default-executor-2] INFO  impl.RoleInfo (RoleInfo.java:updateAndGet(143)) - d612b743-bedc-4c3f-983e-e3329f8a2e6f: start FollowerState
2019-10-16 20:42:09,745 [Thread-1251] INFO  impl.FollowerState (FollowerState.java:run(117)) - d612b743-bedc-4c3f-983e-e3329f8a2e6f@group-28ACFA97060E-FollowerState was interrupted: java.lang.InterruptedException: sleep interrupted
2019-10-16 20:42:09,776 [bc0bc980-c963-48ce-962e-85091c893131@group-28ACFA97060E-LeaderElection103] INFO  impl.LeaderElection (LeaderElection.java:askForVotes(178)) - bc0bc980-c963-48ce-962e-85091c893131@group-28ACFA97060E-LeaderElection103: begin an election at term 80 for -1: [46069bd9-45fc-4c82-823c-36f07a1bcff0:192.168.157.254:34001, bc0bc980-c963-48ce-962e-85091c893131:192.168.157.254:46787, d612b743-bedc-4c3f-983e-e3329f8a2e6f:192.168.157.254:44523], old=null
2019-10-16 20:42:09,795 [grpc-default-executor-2] INFO  impl.RaftServerImpl (RaftServerImpl.java:setRole(184)) - d612b743-bedc-4c3f-983e-e3329f8a2e6f@group-28ACFA97060E: changes role from  FOLLOWER to FOLLOWER at term 80 for recognizeCandidate:bc0bc980-c963-48ce-962e-85091c893131
2019-10-16 20:42:09,795 [grpc-default-executor-2] INFO  impl.RoleInfo (RoleInfo.java:shutdownFollowerState(121)) - d612b743-bedc-4c3f-983e-e3329f8a2e6f: shutdown FollowerState
2019-10-16 20:42:09,795 [grpc-default-executor-2] INFO  impl.RoleInfo (RoleInfo.java:updateAndGet(143)) - d612b743-bedc-4c3f-983e-e3329f8a2e6f: start FollowerState
2019-10-16 20:42:09,795 [Thread-1257] INFO  impl.FollowerState (FollowerState.java:run(117)) - d612b743-bedc-4c3f-983e-e3329f8a2e6f@group-28ACFA97060E-FollowerState was interrupted: java.lang.InterruptedException: sleep interrupted
2019-10-16 20:42:09,796 [grpc-default-executor-0] INFO  impl.RaftServerImpl (RaftServerImpl.java:setRole(184)) - 46069bd9-45fc-4c82-823c-36f07a1bcff0@group-28ACFA97060E: changes role from  FOLLOWER to FOLLOWER at term 80 for recognizeCandidate:bc0bc980-c963-48ce-962e-85091c893131
2019-10-16 20:42:09,796 [grpc-default-executor-0] INFO  impl.RoleInfo (RoleInfo.java:shutdownFollowerState(121)) - 46069bd9-45fc-4c82-823c-36f07a1bcff0: shutdown FollowerState
2019-10-16 20:42:09,796 [grpc-default-executor-0] INFO  impl.RoleInfo (RoleInfo.java:updateAndGet(143)) - 46069bd9-45fc-4c82-823c-36f07a1bcff0: start FollowerState
2019-10-16 20:42:09,796 [Thread-1256] INFO  impl.FollowerState (FollowerState.java:run(117)) - 46069bd9-45fc-4c82-823c-36f07a1bcff0@group-28ACFA97060E-FollowerState was interrupted: java.lang.InterruptedException: sleep interrupted
2019-10-16 20:42:09,835 [bc0bc980-c963-48ce-962e-85091c893131@group-28ACFA97060E-LeaderElection103] INFO  impl.LeaderElection (LeaderElection.java:logAndReturn(56)) - bc0bc980-c963-48ce-962e-85091c893131@group-28ACFA97060E-LeaderElection103: Election REJECTED; received 2 response(s) [bc0bc980-c963-48ce-962e-85091c893131<-46069bd9-45fc-4c82-823c-36f07a1bcff0#0:FAIL-t80, bc0bc980-c963-48ce-962e-85091c893131<-d612b743-bedc-4c3f-983e-e3329f8a2e6f#0:FAIL-t80] and 0 exception(s); bc0bc980-c963-48ce-962e-85091c893131@group-28ACFA97060E:t80, leader=null, voted=bc0bc980-c963-48ce-962e-85091c893131, raftlog=bc0bc980-c963-48ce-962e-85091c893131@group-28ACFA97060E-SegmentedRaftLog:OPENED:c-1,f-1,i0, conf=-1: [46069bd9-45fc-4c82-823c-36f07a1bcff0:192.168.157.254:34001, bc0bc980-c963-48ce-962e-85091c893131:192.168.157.254:46787, d612b743-bedc-4c3f-983e-e3329f8a2e6f:192.168.157.254:44523], old=null
2019-10-16 20:42:09,835 [bc0bc980-c963-48ce-962e-85091c893131@group-28ACFA97060E-LeaderElection103] INFO  impl.RaftServerImpl (RaftServerImpl.java:setRole(184)) - bc0bc980-c963-48ce-962e-85091c893131@group-28ACFA97060E: changes role from CANDIDATE to FOLLOWER at term 80 for DISCOVERED_A_NEW_TERM
2019-10-16 20:42:09,836 [bc0bc980-c963-48ce-962e-85091c893131@group-28ACFA97060E-LeaderElection103] INFO  impl.RoleInfo (RoleInfo.java:shutdownLeaderElection(134)) - bc0bc980-c963-48ce-962e-85091c893131: shutdown LeaderElection
2019-10-16 20:42:09,836 [bc0bc980-c963-48ce-962e-85091c893131@group-28ACFA97060E-LeaderElection103] INFO  impl.RoleInfo (RoleInfo.java:updateAndGet(143)) - bc0bc980-c963-48ce-962e-85091c893131: start FollowerState
2019-10-16 20:42:10,021 [Thread-1262] INFO  impl.FollowerState (FollowerState.java:run(108)) - bc0bc980-c963-48ce-962e-85091c893131@group-28ACFA97060E-FollowerState: change to CANDIDATE, lastRpcTime:185ms, electionTimeout:185ms
2019-10-16 20:42:10,021 [Thread-1262] INFO  impl.RoleInfo (RoleInfo.java:shutdownFollowerState(121)) - bc0bc980-c963-48ce-962e-85091c893131: shutdown FollowerState
2019-10-16 20:42:10,021 [Thread-1262] INFO  impl.RaftServerImpl (RaftServerImpl.java:setRole(184)) - bc0bc980-c963-48ce-962e-85091c893131@group-28ACFA97060E: changes role from  FOLLOWER to CANDIDATE at term 80 for changeToCandidate
2019-10-16 20:42:10,021 [Thread-1262] INFO  impl.RoleInfo (RoleInfo.java:updateAndGet(143)) - bc0bc980-c963-48ce-962e-85091c893131: start LeaderElection
2019-10-16 20:42:10,036 [bc0bc980-c963-48ce-962e-85091c893131@group-28ACFA97060E-LeaderElection104] INFO  impl.LeaderElection (LeaderElection.java:askForVotes(178)) - bc0bc980-c963-48ce-962e-85091c893131@group-28ACFA97060E-LeaderElection104: begin an election at term 81 for -1: [46069bd9-45fc-4c82-823c-36f07a1bcff0:192.168.157.254:34001, bc0bc980-c963-48ce-962e-85091c893131:192.168.157.254:46787, d612b743-bedc-4c3f-983e-e3329f8a2e6f:192.168.157.254:44523], old=null
2019-10-16 20:42:10,039 [grpc-default-executor-2] INFO  impl.RaftServerImpl (RaftServerImpl.java:setRole(184)) - 46069bd9-45fc-4c82-823c-36f07a1bcff0@group-28ACFA97060E: changes role from  FOLLOWER to FOLLOWER at term 81 for recognizeCandidate:bc0bc980-c963-48ce-962e-85091c893131
2019-10-16 20:42:10,039 [grpc-default-executor-2] INFO  impl.RoleInfo (RoleInfo.java:shutdownFollowerState(121)) - 46069bd9-45fc-4c82-823c-36f07a1bcff0: shutdown FollowerState
2019-10-16 20:42:10,039 [grpc-default-executor-0] INFO  impl.RaftServerImpl (RaftServerImpl.java:setRole(184)) - d612b743-bedc-4c3f-983e-e3329f8a2e6f@group-28ACFA97060E: changes role from  FOLLOWER to FOLLOWER at term 81 for recognizeCandidate:bc0bc980-c963-48ce-962e-85091c893131
2019-10-16 20:42:10,039 [Thread-1261] INFO  impl.FollowerState (FollowerState.java:run(117)) - 46069bd9-45fc-4c82-823c-36f07a1bcff0@group-28ACFA97060E-FollowerState was interrupted: java.lang.InterruptedException: sleep interrupted
2019-10-16 20:42:10,039 [grpc-default-executor-2] INFO  impl.RoleInfo (RoleInfo.java:updateAndGet(143)) - 46069bd9-45fc-4c82-823c-36f07a1bcff0: start FollowerState
2019-10-16 20:42:10,039 [grpc-default-executor-0] INFO  impl.RoleInfo (RoleInfo.java:shutdownFollowerState(121)) - d612b743-bedc-4c3f-983e-e3329f8a2e6f: shutdown FollowerState
2019-10-16 20:42:10,039 [grpc-default-executor-0] INFO  impl.RoleInfo (RoleInfo.java:updateAndGet(143)) - d612b743-bedc-4c3f-983e-e3329f8a2e6f: start FollowerState
2019-10-16 20:42:10,040 [Thread-1260] INFO  impl.FollowerState (FollowerState.java:run(117)) - d612b743-bedc-4c3f-983e-e3329f8a2e6f@group-28ACFA97060E-FollowerState was interrupted: java.lang.InterruptedException: sleep interrupted
2019-10-16 20:42:10,058 [bc0bc980-c963-48ce-962e-85091c893131@group-28ACFA97060E-LeaderElection104] INFO  impl.LeaderElection (LeaderElection.java:logAndReturn(56)) - bc0bc980-c963-48ce-962e-85091c893131@group-28ACFA97060E-LeaderElection104: Election REJECTED; received 2 response(s) [bc0bc980-c963-48ce-962e-85091c893131<-46069bd9-45fc-4c82-823c-36f07a1bcff0#0:FAIL-t81, bc0bc980-c963-48ce-962e-85091c893131<-d612b743-bedc-4c3f-983e-e3329f8a2e6f#0:FAIL-t81] and 0 exception(s); bc0bc980-c963-48ce-962e-85091c893131@group-28ACFA97060E:t81, leader=null, voted=bc0bc980-c963-48ce-962e-85091c893131, raftlog=bc0bc980-c963-48ce-962e-85091c893131@group-28ACFA97060E-SegmentedRaftLog:OPENED:c-1,f-1,i0, conf=-1: [46069bd9-45fc-4c82-823c-36f07a1bcff0:192.168.157.254:34001, bc0bc980-c963-48ce-962e-85091c893131:192.168.157.254:46787, d612b743-bedc-4c3f-983e-e3329f8a2e6f:192.168.157.254:44523], old=null
2019-10-16 20:42:10,058 [bc0bc980-c963-48ce-962e-85091c893131@group-28ACFA97060E-LeaderElection104] INFO  impl.RaftServerImpl (RaftServerImpl.java:setRole(184)) - bc0bc980-c963-48ce-962e-85091c893131@group-28ACFA97060E: changes role from CANDIDATE to FOLLOWER at term 81 for DISCOVERED_A_NEW_TERM
2019-10-16 20:42:10,058 [bc0bc980-c963-48ce-962e-85091c893131@group-28ACFA97060E-LeaderElection104] INFO  impl.RoleInfo (RoleInfo.java:shutdownLeaderElection(134)) - bc0bc980-c963-48ce-962e-85091c893131: shutdown LeaderElection
2019-10-16 20:42:10,058 [bc0bc980-c963-48ce-962e-85091c893131@group-28ACFA97060E-LeaderElection104] INFO  impl.RoleInfo (RoleInfo.java:updateAndGet(143)) - bc0bc980-c963-48ce-962e-85091c893131: start FollowerState
2019-10-16 20:42:10,229 [Thread-1268] INFO  impl.FollowerState (FollowerState.java:run(108)) - bc0bc980-c963-48ce-962e-85091c893131@group-28ACFA97060E-FollowerState: change to CANDIDATE, lastRpcTime:170ms, electionTimeout:170ms
2019-10-16 20:42:10,229 [Thread-1268] INFO  impl.RoleInfo (RoleInfo.java:shutdownFollowerState(121)) - bc0bc980-c963-48ce-962e-85091c893131: shutdown FollowerState
2019-10-16 20:42:10,229 [Thread-1268] INFO  impl.RaftServerImpl (RaftServerImpl.java:setRole(184)) - bc0bc980-c963-48ce-962e-85091c893131@group-28ACFA97060E: changes role from  FOLLOWER to CANDIDATE at term 81 for changeToCandidate
2019-10-16 20:42:10,229 [Thread-1268] INFO  impl.RoleInfo (RoleInfo.java:updateAndGet(143)) - bc0bc980-c963-48ce-962e-85091c893131: start LeaderElection
2019-10-16 20:42:10,264 [bc0bc980-c963-48ce-962e-85091c893131@group-28ACFA97060E-LeaderElection105] INFO  impl.LeaderElection (LeaderElection.java:askForVotes(178)) - bc0bc980-c963-48ce-962e-85091c893131@group-28ACFA97060E-LeaderElection105: begin an election at term 82 for -1: [46069bd9-45fc-4c82-823c-36f07a1bcff0:192.168.157.254:34001, bc0bc980-c963-48ce-962e-85091c893131:192.168.157.254:46787, d612b743-bedc-4c3f-983e-e3329f8a2e6f:192.168.157.254:44523], old=null
2019-10-16 20:42:10,266 [grpc-default-executor-2] INFO  impl.RaftServerImpl (RaftServerImpl.java:setRole(184)) - 46069bd9-45fc-4c82-823c-36f07a1bcff0@group-28ACFA97060E: changes role from  FOLLOWER to FOLLOWER at term 82 for recognizeCandidate:bc0bc980-c963-48ce-962e-85091c893131
2019-10-16 20:42:10,266 [grpc-default-executor-0] INFO  impl.RaftServerImpl (RaftServerImpl.java:setRole(184)) - d612b743-bedc-4c3f-983e-e3329f8a2e6f@group-28ACFA97060E: changes role from  FOLLOWER to FOLLOWER at term 82 for recognizeCandidate:bc0bc980-c963-48ce-962e-85091c893131
2019-10-16 20:42:10,267 [grpc-default-executor-2] INFO  impl.RoleInfo (RoleInfo.java:shutdownFollowerState(121)) - 46069bd9-45fc-4c82-823c-36f07a1bcff0: shutdown FollowerState
2019-10-16 20:42:10,267 [grpc-default-executor-0] INFO  impl.RoleInfo (RoleInfo.java:shutdownFollowerState(121)) - d612b743-bedc-4c3f-983e-e3329f8a2e6f: shutdown FollowerState
2019-10-16 20:42:10,267 [Thread-1266] INFO  impl.FollowerState (FollowerState.java:run(117)) - 46069bd9-45fc-4c82-823c-36f07a1bcff0@group-28ACFA97060E-FollowerState was interrupted: java.lang.InterruptedException: sleep interrupted
2019-10-16 20:42:10,267 [grpc-default-executor-2] INFO  impl.RoleInfo (RoleInfo.java:updateAndGet(143)) - 46069bd9-45fc-4c82-823c-36f07a1bcff0: start FollowerState
2019-10-16 20:42:10,267 [Thread-1267] INFO  impl.FollowerState (FollowerState.java:run(117)) - d612b743-bedc-4c3f-983e-e3329f8a2e6f@group-28ACFA97060E-FollowerState was interrupted: java.lang.InterruptedException: sleep interrupted
2019-10-16 20:42:10,267 [grpc-default-executor-0] INFO  impl.RoleInfo (RoleInfo.java:updateAndGet(143)) - d612b743-bedc-4c3f-983e-e3329f8a2e6f: start FollowerState
2019-10-16 20:42:10,295 [bc0bc980-c963-48ce-962e-85091c893131@group-28ACFA97060E-LeaderElection105] INFO  impl.LeaderElection (LeaderElection.java:logAndReturn(56)) - bc0bc980-c963-48ce-962e-85091c893131@group-28ACFA97060E-LeaderElection105: Election REJECTED; received 2 response(s) [bc0bc980-c963-48ce-962e-85091c893131<-46069bd9-45fc-4c82-823c-36f07a1bcff0#0:FAIL-t82, bc0bc980-c963-48ce-962e-85091c893131<-d612b743-bedc-4c3f-983e-e3329f8a2e6f#0:FAIL-t82] and 0 exception(s); bc0bc980-c963-48ce-962e-85091c893131@group-28ACFA97060E:t82, leader=null, voted=bc0bc980-c963-48ce-962e-85091c893131, raftlog=bc0bc980-c963-48ce-962e-85091c893131@group-28ACFA97060E-SegmentedRaftLog:OPENED:c-1,f-1,i0, conf=-1: [46069bd9-45fc-4c82-823c-36f07a1bcff0:192.168.157.254:34001, bc0bc980-c963-48ce-962e-85091c893131:192.168.157.254:46787, d612b743-bedc-4c3f-983e-e3329f8a2e6f:192.168.157.254:44523], old=null
2019-10-16 20:42:10,295 [bc0bc980-c963-48ce-962e-85091c893131@group-28ACFA97060E-LeaderElection105] INFO  impl.RaftServerImpl (RaftServerImpl.java:setRole(184)) - bc0bc980-c963-48ce-962e-85091c893131@group-28ACFA97060E: changes role from CANDIDATE to FOLLOWER at term 82 for DISCOVERED_A_NEW_TERM
2019-10-16 20:42:10,295 [bc0bc980-c963-48ce-962e-85091c893131@group-28ACFA97060E-LeaderElection105] INFO  impl.RoleInfo (RoleInfo.java:shutdownLeaderElection(134)) - bc0bc980-c963-48ce-962e-85091c893131: shutdown LeaderElection
2019-10-16 20:42:10,295 [bc0bc980-c963-48ce-962e-85091c893131@group-28ACFA97060E-LeaderElection105] INFO  impl.RoleInfo (RoleInfo.java:updateAndGet(143)) - bc0bc980-c963-48ce-962e-85091c893131: start FollowerState
2019-10-16 20:42:10,326 [Thread-1274] INFO  impl.FollowerState (FollowerState.java:run(108)) - bc0bc980-c963-48ce-962e-85091c893131@group-28ACFA97060E-FollowerState: change to CANDIDATE, lastRpcTime:30ms, electionTimeout:30ms
2019-10-16 20:42:10,326 [Thread-1274] INFO  impl.RoleInfo (RoleInfo.java:shutdownFollowerState(121)) - bc0bc980-c963-48ce-962e-85091c893131: shutdown FollowerState
2019-10-16 20:42:10,326 [Thread-1274] INFO  impl.RaftServerImpl (RaftServerImpl.java:setRole(184)) - bc0bc980-c963-48ce-962e-85091c893131@group-28ACFA97060E: changes role from  FOLLOWER to CANDIDATE at term 82 for changeToCandidate
2019-10-16 20:42:10,326 [Thread-1274] INFO  impl.RoleInfo (RoleInfo.java:updateAndGet(143)) - bc0bc980-c963-48ce-962e-85091c893131: start LeaderElection
2019-10-16 20:42:10,362 [bc0bc980-c963-48ce-962e-85091c893131@group-28ACFA97060E-LeaderElection106] INFO  impl.LeaderElection (LeaderElection.java:askForVotes(178)) - bc0bc980-c963-48ce-962e-85091c893131@group-28ACFA97060E-LeaderElection106: begin an election at term 83 for -1: [46069bd9-45fc-4c82-823c-36f07a1bcff0:192.168.157.254:34001, bc0bc980-c963-48ce-962e-85091c893131:192.168.157.254:46787, d612b743-bedc-4c3f-983e-e3329f8a2e6f:192.168.157.254:44523], old=null
2019-10-16 20:42:10,364 [grpc-default-executor-2] INFO  impl.RaftServerImpl (RaftServerImpl.java:setRole(184)) - 46069bd9-45fc-4c82-823c-36f07a1bcff0@group-28ACFA97060E: changes role from  FOLLOWER to FOLLOWER at term 83 for recognizeCandidate:bc0bc980-c963-48ce-962e-85091c893131
2019-10-16 20:42:10,364 [grpc-default-executor-2] INFO  impl.RoleInfo (RoleInfo.java:shutdownFollowerState(121)) - 46069bd9-45fc-4c82-823c-36f07a1bcff0: shutdown FollowerState
2019-10-16 20:42:10,364 [grpc-default-executor-2] INFO  impl.RoleInfo (RoleInfo.java:updateAndGet(143)) - 46069bd9-45fc-4c82-823c-36f07a1bcff0: start FollowerState
2019-10-16 20:42:10,364 [Thread-1272] INFO  impl.FollowerState (FollowerState.java:run(117)) - 46069bd9-45fc-4c82-823c-36f07a1bcff0@group-28ACFA97060E-FollowerState was interrupted: java.lang.InterruptedException: sleep interrupted
2019-10-16 20:42:10,364 [grpc-default-executor-0] INFO  impl.RaftServerImpl (RaftServerImpl.java:setRole(184)) - d612b743-bedc-4c3f-983e-e3329f8a2e6f@group-28ACFA97060E: changes role from  FOLLOWER to FOLLOWER at term 83 for recognizeCandidate:bc0bc980-c963-48ce-962e-85091c893131
2019-10-16 20:42:10,365 [grpc-default-executor-0] INFO  impl.RoleInfo (RoleInfo.java:shutdownFollowerState(121)) - d612b743-bedc-4c3f-983e-e3329f8a2e6f: shutdown FollowerState
2019-10-16 20:42:10,365 [grpc-default-executor-0] INFO  impl.RoleInfo (RoleInfo.java:updateAndGet(143)) - d612b743-bedc-4c3f-983e-e3329f8a2e6f: start FollowerState
2019-10-16 20:42:10,365 [Thread-1273] INFO  impl.FollowerState (FollowerState.java:run(117)) - d612b743-bedc-4c3f-983e-e3329f8a2e6f@group-28ACFA97060E-FollowerState was interrupted: java.lang.InterruptedException: sleep interrupted
2019-10-16 20:42:10,417 [bc0bc980-c963-48ce-962e-85091c893131@group-28ACFA97060E-LeaderElection106] INFO  impl.LeaderElection (LeaderElection.java:logAndReturn(56)) - bc0bc980-c963-48ce-962e-85091c893131@group-28ACFA97060E-LeaderElection106: Election REJECTED; received 2 response(s) [bc0bc980-c963-48ce-962e-85091c893131<-46069bd9-45fc-4c82-823c-36f07a1bcff0#0:FAIL-t83, bc0bc980-c963-48ce-962e-85091c893131<-d612b743-bedc-4c3f-983e-e3329f8a2e6f#0:FAIL-t83] and 0 exception(s); bc0bc980-c963-48ce-962e-85091c893131@group-28ACFA97060E:t83, leader=null, voted=bc0bc980-c963-48ce-962e-85091c893131, raftlog=bc0bc980-c963-48ce-962e-85091c893131@group-28ACFA97060E-SegmentedRaftLog:OPENED:c-1,f-1,i0, conf=-1: [46069bd9-45fc-4c82-823c-36f07a1bcff0:192.168.157.254:34001, bc0bc980-c963-48ce-962e-85091c893131:192.168.157.254:46787, d612b743-bedc-4c3f-983e-e3329f8a2e6f:192.168.157.254:44523], old=null
2019-10-16 20:42:10,417 [bc0bc980-c963-48ce-962e-85091c893131@group-28ACFA97060E-LeaderElection106] INFO  impl.RaftServerImpl (RaftServerImpl.java:setRole(184)) - bc0bc980-c963-48ce-962e-85091c893131@group-28ACFA97060E: changes role from CANDIDATE to FOLLOWER at term 83 for DISCOVERED_A_NEW_TERM
2019-10-16 20:42:10,417 [bc0bc980-c963-48ce-962e-85091c893131@group-28ACFA97060E-LeaderElection106] INFO  impl.RoleInfo (RoleInfo.java:shutdownLeaderElection(134)) - bc0bc980-c963-48ce-962e-85091c893131: shutdown LeaderElection
2019-10-16 20:42:10,417 [bc0bc980-c963-48ce-962e-85091c893131@group-28ACFA97060E-LeaderElection106] INFO  impl.RoleInfo (RoleInfo.java:updateAndGet(143)) - bc0bc980-c963-48ce-962e-85091c893131: start FollowerState
2019-10-16 20:42:10,444 [Thread-1280] INFO  impl.FollowerState (FollowerState.java:run(108)) - bc0bc980-c963-48ce-962e-85091c893131@group-28ACFA97060E-FollowerState: change to CANDIDATE, lastRpcTime:26ms, electionTimeout:26ms
2019-10-16 20:42:10,444 [Thread-1280] INFO  impl.RoleInfo (RoleInfo.java:shutdownFollowerState(121)) - bc0bc980-c963-48ce-962e-85091c893131: shutdown FollowerState
2019-10-16 20:42:10,444 [Thread-1280] INFO  impl.RaftServerImpl (RaftServerImpl.java:setRole(184)) - bc0bc980-c963-48ce-962e-85091c893131@group-28ACFA97060E: changes role from  FOLLOWER to CANDIDATE at term 83 for changeToCandidate
2019-10-16 20:42:10,444 [Thread-1280] INFO  impl.RoleInfo (RoleInfo.java:updateAndGet(143)) - bc0bc980-c963-48ce-962e-85091c893131: start LeaderElection
2019-10-16 20:42:10,485 [bc0bc980-c963-48ce-962e-85091c893131@group-28ACFA97060E-LeaderElection107] INFO  impl.LeaderElection (LeaderElection.java:askForVotes(178)) - bc0bc980-c963-48ce-962e-85091c893131@group-28ACFA97060E-LeaderElection107: begin an election at term 84 for -1: [46069bd9-45fc-4c82-823c-36f07a1bcff0:192.168.157.254:34001, bc0bc980-c963-48ce-962e-85091c893131:192.168.157.254:46787, d612b743-bedc-4c3f-983e-e3329f8a2e6f:192.168.157.254:44523], old=null
2019-10-16 20:42:10,488 [grpc-default-executor-0] INFO  impl.RaftServerImpl (RaftServerImpl.java:setRole(184)) - 46069bd9-45fc-4c82-823c-36f07a1bcff0@group-28ACFA97060E: changes role from  FOLLOWER to FOLLOWER at term 84 for recognizeCandidate:bc0bc980-c963-48ce-962e-85091c893131
2019-10-16 20:42:10,488 [grpc-default-executor-0] INFO  impl.RoleInfo (RoleInfo.java:shutdownFollowerState(121)) - 46069bd9-45fc-4c82-823c-36f07a1bcff0: shutdown FollowerState
2019-10-16 20:42:10,488 [grpc-default-executor-0] INFO  impl.RoleInfo (RoleInfo.java:updateAndGet(143)) - 46069bd9-45fc-4c82-823c-36f07a1bcff0: start FollowerState
2019-10-16 20:42:10,488 [Thread-1278] INFO  impl.FollowerState (FollowerState.java:run(117)) - 46069bd9-45fc-4c82-823c-36f07a1bcff0@group-28ACFA97060E-FollowerState was interrupted: java.lang.InterruptedException: sleep interrupted
2019-10-16 20:42:10,488 [grpc-default-executor-2] INFO  impl.RaftServerImpl (RaftServerImpl.java:setRole(184)) - d612b743-bedc-4c3f-983e-e3329f8a2e6f@group-28ACFA97060E: changes role from  FOLLOWER to FOLLOWER at term 84 for recognizeCandidate:bc0bc980-c963-48ce-962e-85091c893131
2019-10-16 20:42:10,488 [grpc-default-executor-2] INFO  impl.RoleInfo (RoleInfo.java:shutdownFollowerState(121)) - d612b743-bedc-4c3f-983e-e3329f8a2e6f: shutdown FollowerState
2019-10-16 20:42:10,489 [grpc-default-executor-2] INFO  impl.RoleInfo (RoleInfo.java:updateAndGet(143)) - d612b743-bedc-4c3f-983e-e3329f8a2e6f: start FollowerState
2019-10-16 20:42:10,489 [Thread-1279] INFO  impl.FollowerState (FollowerState.java:run(117)) - d612b743-bedc-4c3f-983e-e3329f8a2e6f@group-28ACFA97060E-FollowerState was interrupted: java.lang.InterruptedException: sleep interrupted
2019-10-16 20:42:10,515 [bc0bc980-c963-48ce-962e-85091c893131@group-28ACFA97060E-LeaderElection107] INFO  impl.LeaderElection (LeaderElection.java:logAndReturn(56)) - bc0bc980-c963-48ce-962e-85091c893131@group-28ACFA97060E-LeaderElection107: Election REJECTED; received 2 response(s) [bc0bc980-c963-48ce-962e-85091c893131<-46069bd9-45fc-4c82-823c-36f07a1bcff0#0:FAIL-t84, bc0bc980-c963-48ce-962e-85091c893131<-d612b743-bedc-4c3f-983e-e3329f8a2e6f#0:FAIL-t84] and 0 exception(s); bc0bc980-c963-48ce-962e-85091c893131@group-28ACFA97060E:t84, leader=null, voted=bc0bc980-c963-48ce-962e-85091c893131, raftlog=bc0bc980-c963-48ce-962e-85091c893131@group-28ACFA97060E-SegmentedRaftLog:OPENED:c-1,f-1,i0, conf=-1: [46069bd9-45fc-4c82-823c-36f07a1bcff0:192.168.157.254:34001, bc0bc980-c963-48ce-962e-85091c893131:192.168.157.254:46787, d612b743-bedc-4c3f-983e-e3329f8a2e6f:192.168.157.254:44523], old=null
2019-10-16 20:42:10,515 [bc0bc980-c963-48ce-962e-85091c893131@group-28ACFA97060E-LeaderElection107] INFO  impl.RaftServerImpl (RaftServerImpl.java:setRole(184)) - bc0bc980-c963-48ce-962e-85091c893131@group-28ACFA97060E: changes role from CANDIDATE to FOLLOWER at term 84 for DISCOVERED_A_NEW_TERM
2019-10-16 20:42:10,515 [bc0bc980-c963-48ce-962e-85091c893131@group-28ACFA97060E-LeaderElection107] INFO  impl.RoleInfo (RoleInfo.java:shutdownLeaderElection(134)) - bc0bc980-c963-48ce-962e-85091c893131: shutdown LeaderElection
2019-10-16 20:42:10,515 [bc0bc980-c963-48ce-962e-85091c893131@group-28ACFA97060E-LeaderElection107] INFO  impl.RoleInfo (RoleInfo.java:updateAndGet(143)) - bc0bc980-c963-48ce-962e-85091c893131: start FollowerState
2019-10-16 20:42:10,570 [Thread-1286] INFO  impl.FollowerState (FollowerState.java:run(108)) - bc0bc980-c963-48ce-962e-85091c893131@group-28ACFA97060E-FollowerState: change to CANDIDATE, lastRpcTime:54ms, electionTimeout:54ms
2019-10-16 20:42:10,570 [Thread-1286] INFO  impl.RoleInfo (RoleInfo.java:shutdownFollowerState(121)) - bc0bc980-c963-48ce-962e-85091c893131: shutdown FollowerState
2019-10-16 20:42:10,570 [Thread-1286] INFO  impl.RaftServerImpl (RaftServerImpl.java:setRole(184)) - bc0bc980-c963-48ce-962e-85091c893131@group-28ACFA97060E: changes role from  FOLLOWER to CANDIDATE at term 84 for changeToCandidate
2019-10-16 20:42:10,570 [Thread-1286] INFO  impl.RoleInfo (RoleInfo.java:updateAndGet(143)) - bc0bc980-c963-48ce-962e-85091c893131: start LeaderElection
2019-10-16 20:42:10,585 [bc0bc980-c963-48ce-962e-85091c893131@group-28ACFA97060E-LeaderElection108] INFO  impl.LeaderElection (LeaderElection.java:askForVotes(178)) - bc0bc980-c963-48ce-962e-85091c893131@group-28ACFA97060E-LeaderElection108: begin an election at term 85 for -1: [46069bd9-45fc-4c82-823c-36f07a1bcff0:192.168.157.254:34001, bc0bc980-c963-48ce-962e-85091c893131:192.168.157.254:46787, d612b743-bedc-4c3f-983e-e3329f8a2e6f:192.168.157.254:44523], old=null
2019-10-16 20:42:10,587 [grpc-default-executor-0] INFO  impl.RaftServerImpl (RaftServerImpl.java:setRole(184)) - 46069bd9-45fc-4c82-823c-36f07a1bcff0@group-28ACFA97060E: changes role from  FOLLOWER to FOLLOWER at term 85 for recognizeCandidate:bc0bc980-c963-48ce-962e-85091c893131
2019-10-16 20:42:10,587 [grpc-default-executor-0] INFO  impl.RoleInfo (RoleInfo.java:shutdownFollowerState(121)) - 46069bd9-45fc-4c82-823c-36f07a1bcff0: shutdown FollowerState
2019-10-16 20:42:10,588 [grpc-default-executor-2] INFO  impl.RaftServerImpl (RaftServerImpl.java:setRole(184)) - d612b743-bedc-4c3f-983e-e3329f8a2e6f@group-28ACFA97060E: changes role from  FOLLOWER to FOLLOWER at term 85 for recognizeCandidate:bc0bc980-c963-48ce-962e-85091c893131
2019-10-16 20:42:10,588 [grpc-default-executor-2] INFO  impl.RoleInfo (RoleInfo.java:shutdownFollowerState(121)) - d612b743-bedc-4c3f-983e-e3329f8a2e6f: shutdown FollowerState
2019-10-16 20:42:10,588 [Thread-1284] INFO  impl.FollowerState (FollowerState.java:run(117)) - 46069bd9-45fc-4c82-823c-36f07a1bcff0@group-28ACFA97060E-FollowerState was interrupted: java.lang.InterruptedException: sleep interrupted
2019-10-16 20:42:10,588 [grpc-default-executor-0] INFO  impl.RoleInfo (RoleInfo.java:updateAndGet(143)) - 46069bd9-45fc-4c82-823c-36f07a1bcff0: start FollowerState
2019-10-16 20:42:10,588 [Thread-1285] INFO  impl.FollowerState (FollowerState.java:run(117)) - d612b743-bedc-4c3f-983e-e3329f8a2e6f@group-28ACFA97060E-FollowerState was interrupted: java.lang.InterruptedException: sleep interrupted
2019-10-16 20:42:10,588 [grpc-default-executor-2] INFO  impl.RoleInfo (RoleInfo.java:updateAndGet(143)) - d612b743-bedc-4c3f-983e-e3329f8a2e6f: start FollowerState
2019-10-16 20:42:10,604 [bc0bc980-c963-48ce-962e-85091c893131@group-28ACFA97060E-LeaderElection108] INFO  impl.LeaderElection (LeaderElection.java:logAndReturn(56)) - bc0bc980-c963-48ce-962e-85091c893131@group-28ACFA97060E-LeaderElection108: Election REJECTED; received 2 response(s) [bc0bc980-c963-48ce-962e-85091c893131<-46069bd9-45fc-4c82-823c-36f07a1bcff0#0:FAIL-t85, bc0bc980-c963-48ce-962e-85091c893131<-d612b743-bedc-4c3f-983e-e3329f8a2e6f#0:FAIL-t85] and 0 exception(s); bc0bc980-c963-48ce-962e-85091c893131@group-28ACFA97060E:t85, leader=null, voted=bc0bc980-c963-48ce-962e-85091c893131, raftlog=bc0bc980-c963-48ce-962e-85091c893131@group-28ACFA97060E-SegmentedRaftLog:OPENED:c-1,f-1,i0, conf=-1: [46069bd9-45fc-4c82-823c-36f07a1bcff0:192.168.157.254:34001, bc0bc980-c963-48ce-962e-85091c893131:192.168.157.254:46787, d612b743-bedc-4c3f-983e-e3329f8a2e6f:192.168.157.254:44523], old=null
2019-10-16 20:42:10,604 [bc0bc980-c963-48ce-962e-85091c893131@group-28ACFA97060E-LeaderElection108] INFO  impl.RaftServerImpl (RaftServerImpl.java:setRole(184)) - bc0bc980-c963-48ce-962e-85091c893131@group-28ACFA97060E: changes role from CANDIDATE to FOLLOWER at term 85 for DISCOVERED_A_NEW_TERM
2019-10-16 20:42:10,604 [bc0bc980-c963-48ce-962e-85091c893131@group-28ACFA97060E-LeaderElection108] INFO  impl.RoleInfo (RoleInfo.java:shutdownLeaderElection(134)) - bc0bc980-c963-48ce-962e-85091c893131: shutdown LeaderElection
2019-10-16 20:42:10,604 [bc0bc980-c963-48ce-962e-85091c893131@group-28ACFA97060E-LeaderElection108] INFO  impl.RoleInfo (RoleInfo.java:updateAndGet(143)) - bc0bc980-c963-48ce-962e-85091c893131: start FollowerState
2019-10-16 20:42:10,757 [Thread-1292] INFO  impl.FollowerState (FollowerState.java:run(108)) - bc0bc980-c963-48ce-962e-85091c893131@group-28ACFA97060E-FollowerState: change to CANDIDATE, lastRpcTime:152ms, electionTimeout:152ms
2019-10-16 20:42:10,757 [Thread-1292] INFO  impl.RoleInfo (RoleInfo.java:shutdownFollowerState(121)) - bc0bc980-c963-48ce-962e-85091c893131: shutdown FollowerState
2019-10-16 20:42:10,757 [Thread-1292] INFO  impl.RaftServerImpl (RaftServerImpl.java:setRole(184)) - bc0bc980-c963-48ce-962e-85091c893131@group-28ACFA97060E: changes role from  FOLLOWER to CANDIDATE at term 85 for changeToCandidate
2019-10-16 20:42:10,757 [Thread-1292] INFO  impl.RoleInfo (RoleInfo.java:updateAndGet(143)) - bc0bc980-c963-48ce-962e-85091c893131: start LeaderElection
2019-10-16 20:42:10,771 [bc0bc980-c963-48ce-962e-85091c893131@group-28ACFA97060E-LeaderElection109] INFO  impl.LeaderElection (LeaderElection.java:askForVotes(178)) - bc0bc980-c963-48ce-962e-85091c893131@group-28ACFA97060E-LeaderElection109: begin an election at term 86 for -1: [46069bd9-45fc-4c82-823c-36f07a1bcff0:192.168.157.254:34001, bc0bc980-c963-48ce-962e-85091c893131:192.168.157.254:46787, d612b743-bedc-4c3f-983e-e3329f8a2e6f:192.168.157.254:44523], old=null
2019-10-16 20:42:10,773 [grpc-default-executor-0] INFO  impl.RaftServerImpl (RaftServerImpl.java:setRole(184)) - 46069bd9-45fc-4c82-823c-36f07a1bcff0@group-28ACFA97060E: changes role from  FOLLOWER to FOLLOWER at term 86 for recognizeCandidate:bc0bc980-c963-48ce-962e-85091c893131
2019-10-16 20:42:10,774 [grpc-default-executor-0] INFO  impl.RoleInfo (RoleInfo.java:shutdownFollowerState(121)) - 46069bd9-45fc-4c82-823c-36f07a1bcff0: shutdown FollowerState
2019-10-16 20:42:10,774 [grpc-default-executor-0] INFO  impl.RoleInfo (RoleInfo.java:updateAndGet(143)) - 46069bd9-45fc-4c82-823c-36f07a1bcff0: start FollowerState
2019-10-16 20:42:10,774 [Thread-1290] INFO  impl.FollowerState (FollowerState.java:run(117)) - 46069bd9-45fc-4c82-823c-36f07a1bcff0@group-28ACFA97060E-FollowerState was interrupted: java.lang.InterruptedException: sleep interrupted
2019-10-16 20:42:10,774 [grpc-default-executor-2] INFO  impl.RaftServerImpl (RaftServerImpl.java:setRole(184)) - d612b743-bedc-4c3f-983e-e3329f8a2e6f@group-28ACFA97060E: changes role from  FOLLOWER to FOLLOWER at term 86 for recognizeCandidate:bc0bc980-c963-48ce-962e-85091c893131
2019-10-16 20:42:10,774 [grpc-default-executor-2] INFO  impl.RoleInfo (RoleInfo.java:shutdownFollowerState(121)) - d612b743-bedc-4c3f-983e-e3329f8a2e6f: shutdown FollowerState
2019-10-16 20:42:10,774 [grpc-default-executor-2] INFO  impl.RoleInfo (RoleInfo.java:updateAndGet(143)) - d612b743-bedc-4c3f-983e-e3329f8a2e6f: start FollowerState
2019-10-16 20:42:10,774 [Thread-1291] INFO  impl.FollowerState (FollowerState.java:run(117)) - d612b743-bedc-4c3f-983e-e3329f8a2e6f@group-28ACFA97060E-FollowerState was interrupted: java.lang.InterruptedException: sleep interrupted
2019-10-16 20:42:10,790 [bc0bc980-c963-48ce-962e-85091c893131@group-28ACFA97060E-LeaderElection109] INFO  impl.LeaderElection (LeaderElection.java:logAndReturn(56)) - bc0bc980-c963-48ce-962e-85091c893131@group-28ACFA97060E-LeaderElection109: Election REJECTED; received 2 response(s) [bc0bc980-c963-48ce-962e-85091c893131<-46069bd9-45fc-4c82-823c-36f07a1bcff0#0:FAIL-t86, bc0bc980-c963-48ce-962e-85091c893131<-d612b743-bedc-4c3f-983e-e3329f8a2e6f#0:FAIL-t86] and 0 exception(s); bc0bc980-c963-48ce-962e-85091c893131@group-28ACFA97060E:t86, leader=null, voted=bc0bc980-c963-48ce-962e-85091c893131, raftlog=bc0bc980-c963-48ce-962e-85091c893131@group-28ACFA97060E-SegmentedRaftLog:OPENED:c-1,f-1,i0, conf=-1: [46069bd9-45fc-4c82-823c-36f07a1bcff0:192.168.157.254:34001, bc0bc980-c963-48ce-962e-85091c893131:192.168.157.254:46787, d612b743-bedc-4c3f-983e-e3329f8a2e6f:192.168.157.254:44523], old=null
2019-10-16 20:42:10,790 [bc0bc980-c963-48ce-962e-85091c893131@group-28ACFA97060E-LeaderElection109] INFO  impl.RaftServerImpl (RaftServerImpl.java:setRole(184)) - bc0bc980-c963-48ce-962e-85091c893131@group-28ACFA97060E: changes role from CANDIDATE to FOLLOWER at term 86 for DISCOVERED_A_NEW_TERM
2019-10-16 20:42:10,791 [bc0bc980-c963-48ce-962e-85091c893131@group-28ACFA97060E-LeaderElection109] INFO  impl.RoleInfo (RoleInfo.java:shutdownLeaderElection(134)) - bc0bc980-c963-48ce-962e-85091c893131: shutdown LeaderElection
2019-10-16 20:42:10,791 [bc0bc980-c963-48ce-962e-85091c893131@group-28ACFA97060E-LeaderElection109] INFO  impl.RoleInfo (RoleInfo.java:updateAndGet(143)) - bc0bc980-c963-48ce-962e-85091c893131: start FollowerState
2019-10-16 20:42:10,888 [Thread-1298] INFO  impl.FollowerState (FollowerState.java:run(108)) - bc0bc980-c963-48ce-962e-85091c893131@group-28ACFA97060E-FollowerState: change to CANDIDATE, lastRpcTime:97ms, electionTimeout:97ms
2019-10-16 20:42:10,888 [Thread-1298] INFO  impl.RoleInfo (RoleInfo.java:shutdownFollowerState(121)) - bc0bc980-c963-48ce-962e-85091c893131: shutdown FollowerState
2019-10-16 20:42:10,888 [Thread-1298] INFO  impl.RaftServerImpl (RaftServerImpl.java:setRole(184)) - bc0bc980-c963-48ce-962e-85091c893131@group-28ACFA97060E: changes role from  FOLLOWER to CANDIDATE at term 86 for changeToCandidate
2019-10-16 20:42:10,889 [Thread-1298] INFO  impl.RoleInfo (RoleInfo.java:updateAndGet(143)) - bc0bc980-c963-48ce-962e-85091c893131: start LeaderElection
2019-10-16 20:42:10,956 [bc0bc980-c963-48ce-962e-85091c893131@group-28ACFA97060E-LeaderElection110] INFO  impl.LeaderElection (LeaderElection.java:askForVotes(178)) - bc0bc980-c963-48ce-962e-85091c893131@group-28ACFA97060E-LeaderElection110: begin an election at term 87 for -1: [46069bd9-45fc-4c82-823c-36f07a1bcff0:192.168.157.254:34001, bc0bc980-c963-48ce-962e-85091c893131:192.168.157.254:46787, d612b743-bedc-4c3f-983e-e3329f8a2e6f:192.168.157.254:44523], old=null
2019-10-16 20:42:10,958 [grpc-default-executor-2] INFO  impl.RaftServerImpl (RaftServerImpl.java:setRole(184)) - 46069bd9-45fc-4c82-823c-36f07a1bcff0@group-28ACFA97060E: changes role from  FOLLOWER to FOLLOWER at term 87 for recognizeCandidate:bc0bc980-c963-48ce-962e-85091c893131
2019-10-16 20:42:10,958 [grpc-default-executor-0] INFO  impl.RaftServerImpl (RaftServerImpl.java:setRole(184)) - d612b743-bedc-4c3f-983e-e3329f8a2e6f@group-28ACFA97060E: changes role from  FOLLOWER to FOLLOWER at term 87 for recognizeCandidate:bc0bc980-c963-48ce-962e-85091c893131
2019-10-16 20:42:10,958 [grpc-default-executor-2] INFO  impl.RoleInfo (RoleInfo.java:shutdownFollowerState(121)) - 46069bd9-45fc-4c82-823c-36f07a1bcff0: shutdown FollowerState
2019-10-16 20:42:10,958 [grpc-default-executor-0] INFO  impl.RoleInfo (RoleInfo.java:shutdownFollowerState(121)) - d612b743-bedc-4c3f-983e-e3329f8a2e6f: shutdown FollowerState
2019-10-16 20:42:10,959 [grpc-default-executor-2] INFO  impl.RoleInfo (RoleInfo.java:updateAndGet(143)) - 46069bd9-45fc-4c82-823c-36f07a1bcff0: start FollowerState
2019-10-16 20:42:10,959 [Thread-1297] INFO  impl.FollowerState (FollowerState.java:run(117)) - d612b743-bedc-4c3f-983e-e3329f8a2e6f@group-28ACFA97060E-FollowerState was interrupted: java.lang.InterruptedException: sleep interrupted
2019-10-16 20:42:10,959 [grpc-default-executor-0] INFO  impl.RoleInfo (RoleInfo.java:updateAndGet(143)) - d612b743-bedc-4c3f-983e-e3329f8a2e6f: start FollowerState
2019-10-16 20:42:10,959 [Thread-1296] INFO  impl.FollowerState (FollowerState.java:run(117)) - 46069bd9-45fc-4c82-823c-36f07a1bcff0@group-28ACFA97060E-FollowerState was interrupted: java.lang.InterruptedException: sleep interrupted
2019-10-16 20:42:10,998 [bc0bc980-c963-48ce-962e-85091c893131@group-28ACFA97060E-LeaderElection110] INFO  impl.LeaderElection (LeaderElection.java:logAndReturn(56)) - bc0bc980-c963-48ce-962e-85091c893131@group-28ACFA97060E-LeaderElection110: Election REJECTED; received 2 response(s) [bc0bc980-c963-48ce-962e-85091c893131<-46069bd9-45fc-4c82-823c-36f07a1bcff0#0:FAIL-t87, bc0bc980-c963-48ce-962e-85091c893131<-d612b743-bedc-4c3f-983e-e3329f8a2e6f#0:FAIL-t87] and 0 exception(s); bc0bc980-c963-48ce-962e-85091c893131@group-28ACFA97060E:t87, leader=null, voted=bc0bc980-c963-48ce-962e-85091c893131, raftlog=bc0bc980-c963-48ce-962e-85091c893131@group-28ACFA97060E-SegmentedRaftLog:OPENED:c-1,f-1,i0, conf=-1: [46069bd9-45fc-4c82-823c-36f07a1bcff0:192.168.157.254:34001, bc0bc980-c963-48ce-962e-85091c893131:192.168.157.254:46787, d612b743-bedc-4c3f-983e-e3329f8a2e6f:192.168.157.254:44523], old=null
2019-10-16 20:42:10,998 [bc0bc980-c963-48ce-962e-85091c893131@group-28ACFA97060E-LeaderElection110] INFO  impl.RaftServerImpl (RaftServerImpl.java:setRole(184)) - bc0bc980-c963-48ce-962e-85091c893131@group-28ACFA97060E: changes role from CANDIDATE to FOLLOWER at term 87 for DISCOVERED_A_NEW_TERM
2019-10-16 20:42:10,998 [bc0bc980-c963-48ce-962e-85091c893131@group-28ACFA97060E-LeaderElection110] INFO  impl.RoleInfo (RoleInfo.java:shutdownLeaderElection(134)) - bc0bc980-c963-48ce-962e-85091c893131: shutdown LeaderElection
2019-10-16 20:42:10,998 [bc0bc980-c963-48ce-962e-85091c893131@group-28ACFA97060E-LeaderElection110] INFO  impl.RoleInfo (RoleInfo.java:updateAndGet(143)) - bc0bc980-c963-48ce-962e-85091c893131: start FollowerState
2019-10-16 20:42:11,124 [Thread-1304] INFO  impl.FollowerState (FollowerState.java:run(108)) - bc0bc980-c963-48ce-962e-85091c893131@group-28ACFA97060E-FollowerState: change to CANDIDATE, lastRpcTime:125ms, electionTimeout:125ms
2019-10-16 20:42:11,124 [Thread-1304] INFO  impl.RoleInfo (RoleInfo.java:shutdownFollowerState(121)) - bc0bc980-c963-48ce-962e-85091c893131: shutdown FollowerState
2019-10-16 20:42:11,124 [Thread-1304] INFO  impl.RaftServerImpl (RaftServerImpl.java:setRole(184)) - bc0bc980-c963-48ce-962e-85091c893131@group-28ACFA97060E: changes role from  FOLLOWER to CANDIDATE at term 87 for changeToCandidate
2019-10-16 20:42:11,124 [Thread-1304] INFO  impl.RoleInfo (RoleInfo.java:updateAndGet(143)) - bc0bc980-c963-48ce-962e-85091c893131: start LeaderElection
2019-10-16 20:42:11,162 [bc0bc980-c963-48ce-962e-85091c893131@group-28ACFA97060E-LeaderElection111] INFO  impl.LeaderElection (LeaderElection.java:askForVotes(178)) - bc0bc980-c963-48ce-962e-85091c893131@group-28ACFA97060E-LeaderElection111: begin an election at term 88 for -1: [46069bd9-45fc-4c82-823c-36f07a1bcff0:192.168.157.254:34001, bc0bc980-c963-48ce-962e-85091c893131:192.168.157.254:46787, d612b743-bedc-4c3f-983e-e3329f8a2e6f:192.168.157.254:44523], old=null
2019-10-16 20:42:11,165 [grpc-default-executor-2] INFO  impl.RaftServerImpl (RaftServerImpl.java:setRole(184)) - 46069bd9-45fc-4c82-823c-36f07a1bcff0@group-28ACFA97060E: changes role from  FOLLOWER to FOLLOWER at term 88 for recognizeCandidate:bc0bc980-c963-48ce-962e-85091c893131
2019-10-16 20:42:11,165 [grpc-default-executor-2] INFO  impl.RoleInfo (RoleInfo.java:shutdownFollowerState(121)) - 46069bd9-45fc-4c82-823c-36f07a1bcff0: shutdown FollowerState
2019-10-16 20:42:11,165 [grpc-default-executor-0] INFO  impl.RaftServerImpl (RaftServerImpl.java:setRole(184)) - d612b743-bedc-4c3f-983e-e3329f8a2e6f@group-28ACFA97060E: changes role from  FOLLOWER to FOLLOWER at term 88 for recognizeCandidate:bc0bc980-c963-48ce-962e-85091c893131
2019-10-16 20:42:11,165 [Thread-1302] INFO  impl.FollowerState (FollowerState.java:run(117)) - 46069bd9-45fc-4c82-823c-36f07a1bcff0@group-28ACFA97060E-FollowerState was interrupted: java.lang.InterruptedException: sleep interrupted
2019-10-16 20:42:11,165 [grpc-default-executor-2] INFO  impl.RoleInfo (RoleInfo.java:updateAndGet(143)) - 46069bd9-45fc-4c82-823c-36f07a1bcff0: start FollowerState
2019-10-16 20:42:11,166 [grpc-default-executor-0] INFO  impl.RoleInfo (RoleInfo.java:shutdownFollowerState(121)) - d612b743-bedc-4c3f-983e-e3329f8a2e6f: shutdown FollowerState
2019-10-16 20:42:11,166 [grpc-default-executor-0] INFO  impl.RoleInfo (RoleInfo.java:updateAndGet(143)) - d612b743-bedc-4c3f-983e-e3329f8a2e6f: start FollowerState
2019-10-16 20:42:11,166 [Thread-1303] INFO  impl.FollowerState (FollowerState.java:run(117)) - d612b743-bedc-4c3f-983e-e3329f8a2e6f@group-28ACFA97060E-FollowerState was interrupted: java.lang.InterruptedException: sleep interrupted
2019-10-16 20:42:11,182 [bc0bc980-c963-48ce-962e-85091c893131@group-28ACFA97060E-LeaderElection111] INFO  impl.LeaderElection (LeaderElection.java:logAndReturn(56)) - bc0bc980-c963-48ce-962e-85091c893131@group-28ACFA97060E-LeaderElection111: Election REJECTED; received 2 response(s) [bc0bc980-c963-48ce-962e-85091c893131<-46069bd9-45fc-4c82-823c-36f07a1bcff0#0:FAIL-t88, bc0bc980-c963-48ce-962e-85091c893131<-d612b743-bedc-4c3f-983e-e3329f8a2e6f#0:FAIL-t88] and 0 exception(s); bc0bc980-c963-48ce-962e-85091c893131@group-28ACFA97060E:t88, leader=null, voted=bc0bc980-c963-48ce-962e-85091c893131, raftlog=bc0bc980-c963-48ce-962e-85091c893131@group-28ACFA97060E-SegmentedRaftLog:OPENED:c-1,f-1,i0, conf=-1: [46069bd9-45fc-4c82-823c-36f07a1bcff0:192.168.157.254:34001, bc0bc980-c963-48ce-962e-85091c893131:192.168.157.254:46787, d612b743-bedc-4c3f-983e-e3329f8a2e6f:192.168.157.254:44523], old=null
2019-10-16 20:42:11,182 [bc0bc980-c963-48ce-962e-85091c893131@group-28ACFA97060E-LeaderElection111] INFO  impl.RaftServerImpl (RaftServerImpl.java:setRole(184)) - bc0bc980-c963-48ce-962e-85091c893131@group-28ACFA97060E: changes role from CANDIDATE to FOLLOWER at term 88 for DISCOVERED_A_NEW_TERM
2019-10-16 20:42:11,182 [bc0bc980-c963-48ce-962e-85091c893131@group-28ACFA97060E-LeaderElection111] INFO  impl.RoleInfo (RoleInfo.java:shutdownLeaderElection(134)) - bc0bc980-c963-48ce-962e-85091c893131: shutdown LeaderElection
2019-10-16 20:42:11,183 [bc0bc980-c963-48ce-962e-85091c893131@group-28ACFA97060E-LeaderElection111] INFO  impl.RoleInfo (RoleInfo.java:updateAndGet(143)) - bc0bc980-c963-48ce-962e-85091c893131: start FollowerState
2019-10-16 20:42:11,268 [Thread-1310] INFO  impl.FollowerState (FollowerState.java:run(108)) - bc0bc980-c963-48ce-962e-85091c893131@group-28ACFA97060E-FollowerState: change to CANDIDATE, lastRpcTime:85ms, electionTimeout:85ms
2019-10-16 20:42:11,268 [Thread-1310] INFO  impl.RoleInfo (RoleInfo.java:shutdownFollowerState(121)) - bc0bc980-c963-48ce-962e-85091c893131: shutdown FollowerState
2019-10-16 20:42:11,268 [Thread-1310] INFO  impl.RaftServerImpl (RaftServerImpl.java:setRole(184)) - bc0bc980-c963-48ce-962e-85091c893131@group-28ACFA97060E: changes role from  FOLLOWER to CANDIDATE at term 88 for changeToCandidate
2019-10-16 20:42:11,268 [Thread-1310] INFO  impl.RoleInfo (RoleInfo.java:updateAndGet(143)) - bc0bc980-c963-48ce-962e-85091c893131: start LeaderElection
2019-10-16 20:42:11,281 [bc0bc980-c963-48ce-962e-85091c893131@group-28ACFA97060E-LeaderElection112] INFO  impl.LeaderElection (LeaderElection.java:askForVotes(178)) - bc0bc980-c963-48ce-962e-85091c893131@group-28ACFA97060E-LeaderElection112: begin an election at term 89 for -1: [46069bd9-45fc-4c82-823c-36f07a1bcff0:192.168.157.254:34001, bc0bc980-c963-48ce-962e-85091c893131:192.168.157.254:46787, d612b743-bedc-4c3f-983e-e3329f8a2e6f:192.168.157.254:44523], old=null
2019-10-16 20:42:11,283 [grpc-default-executor-2] INFO  impl.RaftServerImpl (RaftServerImpl.java:setRole(184)) - 46069bd9-45fc-4c82-823c-36f07a1bcff0@group-28ACFA97060E: changes role from  FOLLOWER to FOLLOWER at term 89 for recognizeCandidate:bc0bc980-c963-48ce-962e-85091c893131
2019-10-16 20:42:11,283 [grpc-default-executor-2] INFO  impl.RoleInfo (RoleInfo.java:shutdownFollowerState(121)) - 46069bd9-45fc-4c82-823c-36f07a1bcff0: shutdown FollowerState
2019-10-16 20:42:11,284 [grpc-default-executor-0] INFO  impl.RaftServerImpl (RaftServerImpl.java:setRole(184)) - d612b743-bedc-4c3f-983e-e3329f8a2e6f@group-28ACFA97060E: changes role from  FOLLOWER to FOLLOWER at term 89 for recognizeCandidate:bc0bc980-c963-48ce-962e-85091c893131
2019-10-16 20:42:11,284 [grpc-default-executor-0] INFO  impl.RoleInfo (RoleInfo.java:shutdownFollowerState(121)) - d612b743-bedc-4c3f-983e-e3329f8a2e6f: shutdown FollowerState
2019-10-16 20:42:11,284 [Thread-1308] INFO  impl.FollowerState (FollowerState.java:run(117)) - 46069bd9-45fc-4c82-823c-36f07a1bcff0@group-28ACFA97060E-FollowerState was interrupted: java.lang.InterruptedException: sleep interrupted
2019-10-16 20:42:11,284 [grpc-default-executor-2] INFO  impl.RoleInfo (RoleInfo.java:updateAndGet(143)) - 46069bd9-45fc-4c82-823c-36f07a1bcff0: start FollowerState
2019-10-16 20:42:11,284 [Thread-1309] INFO  impl.FollowerState (FollowerState.java:run(117)) - d612b743-bedc-4c3f-983e-e3329f8a2e6f@group-28ACFA97060E-FollowerState was interrupted: java.lang.InterruptedException: sleep interrupted
2019-10-16 20:42:11,284 [grpc-default-executor-0] INFO  impl.RoleInfo (RoleInfo.java:updateAndGet(143)) - d612b743-bedc-4c3f-983e-e3329f8a2e6f: start FollowerState
2019-10-16 20:42:11,299 [bc0bc980-c963-48ce-962e-85091c893131@group-28ACFA97060E-LeaderElection112] INFO  impl.LeaderElection (LeaderElection.java:logAndReturn(56)) - bc0bc980-c963-48ce-962e-85091c893131@group-28ACFA97060E-LeaderElection112: Election REJECTED; received 2 response(s) [bc0bc980-c963-48ce-962e-85091c893131<-46069bd9-45fc-4c82-823c-36f07a1bcff0#0:FAIL-t89, bc0bc980-c963-48ce-962e-85091c893131<-d612b743-bedc-4c3f-983e-e3329f8a2e6f#0:FAIL-t89] and 0 exception(s); bc0bc980-c963-48ce-962e-85091c893131@group-28ACFA97060E:t89, leader=null, voted=bc0bc980-c963-48ce-962e-85091c893131, raftlog=bc0bc980-c963-48ce-962e-85091c893131@group-28ACFA97060E-SegmentedRaftLog:OPENED:c-1,f-1,i0, conf=-1: [46069bd9-45fc-4c82-823c-36f07a1bcff0:192.168.157.254:34001, bc0bc980-c963-48ce-962e-85091c893131:192.168.157.254:46787, d612b743-bedc-4c3f-983e-e3329f8a2e6f:192.168.157.254:44523], old=null
2019-10-16 20:42:11,299 [bc0bc980-c963-48ce-962e-85091c893131@group-28ACFA97060E-LeaderElection112] INFO  impl.RaftServerImpl (RaftServerImpl.java:setRole(184)) - bc0bc980-c963-48ce-962e-85091c893131@group-28ACFA97060E: changes role from CANDIDATE to FOLLOWER at term 89 for DISCOVERED_A_NEW_TERM
2019-10-16 20:42:11,300 [bc0bc980-c963-48ce-962e-85091c893131@group-28ACFA97060E-LeaderElection112] INFO  impl.RoleInfo (RoleInfo.java:shutdownLeaderElection(134)) - bc0bc980-c963-48ce-962e-85091c893131: shutdown LeaderElection
2019-10-16 20:42:11,300 [bc0bc980-c963-48ce-962e-85091c893131@group-28ACFA97060E-LeaderElection112] INFO  impl.RoleInfo (RoleInfo.java:updateAndGet(143)) - bc0bc980-c963-48ce-962e-85091c893131: start FollowerState
2019-10-16 20:42:11,309 [Thread-1316] INFO  impl.FollowerState (FollowerState.java:run(108)) - bc0bc980-c963-48ce-962e-85091c893131@group-28ACFA97060E-FollowerState: change to CANDIDATE, lastRpcTime:9ms, electionTimeout:9ms
2019-10-16 20:42:11,309 [Thread-1316] INFO  impl.RoleInfo (RoleInfo.java:shutdownFollowerState(121)) - bc0bc980-c963-48ce-962e-85091c893131: shutdown FollowerState
2019-10-16 20:42:11,309 [Thread-1316] INFO  impl.RaftServerImpl (RaftServerImpl.java:setRole(184)) - bc0bc980-c963-48ce-962e-85091c893131@group-28ACFA97060E: changes role from  FOLLOWER to CANDIDATE at term 89 for changeToCandidate
2019-10-16 20:42:11,309 [Thread-1316] INFO  impl.RoleInfo (RoleInfo.java:updateAndGet(143)) - bc0bc980-c963-48ce-962e-85091c893131: start LeaderElection
2019-10-16 20:42:11,357 [bc0bc980-c963-48ce-962e-85091c893131@group-28ACFA97060E-LeaderElection113] INFO  impl.LeaderElection (LeaderElection.java:askForVotes(178)) - bc0bc980-c963-48ce-962e-85091c893131@group-28ACFA97060E-LeaderElection113: begin an election at term 90 for -1: [46069bd9-45fc-4c82-823c-36f07a1bcff0:192.168.157.254:34001, bc0bc980-c963-48ce-962e-85091c893131:192.168.157.254:46787, d612b743-bedc-4c3f-983e-e3329f8a2e6f:192.168.157.254:44523], old=null
2019-10-16 20:42:11,359 [grpc-default-executor-2] INFO  impl.RaftServerImpl (RaftServerImpl.java:setRole(184)) - d612b743-bedc-4c3f-983e-e3329f8a2e6f@group-28ACFA97060E: changes role from  FOLLOWER to FOLLOWER at term 90 for recognizeCandidate:bc0bc980-c963-48ce-962e-85091c893131
2019-10-16 20:42:11,359 [grpc-default-executor-0] INFO  impl.RaftServerImpl (RaftServerImpl.java:setRole(184)) - 46069bd9-45fc-4c82-823c-36f07a1bcff0@group-28ACFA97060E: changes role from  FOLLOWER to FOLLOWER at term 90 for recognizeCandidate:bc0bc980-c963-48ce-962e-85091c893131
2019-10-16 20:42:11,359 [grpc-default-executor-0] INFO  impl.RoleInfo (RoleInfo.java:shutdownFollowerState(121)) - 46069bd9-45fc-4c82-823c-36f07a1bcff0: shutdown FollowerState
2019-10-16 20:42:11,359 [grpc-default-executor-2] INFO  impl.RoleInfo (RoleInfo.java:shutdownFollowerState(121)) - d612b743-bedc-4c3f-983e-e3329f8a2e6f: shutdown FollowerState
2019-10-16 20:42:11,359 [Thread-1314] INFO  impl.FollowerState (FollowerState.java:run(117)) - 46069bd9-45fc-4c82-823c-36f07a1bcff0@group-28ACFA97060E-FollowerState was interrupted: java.lang.InterruptedException: sleep interrupted
2019-10-16 20:42:11,359 [grpc-default-executor-0] INFO  impl.RoleInfo (RoleInfo.java:updateAndGet(143)) - 46069bd9-45fc-4c82-823c-36f07a1bcff0: start FollowerState
2019-10-16 20:42:11,360 [Thread-1315] INFO  impl.FollowerState (FollowerState.java:run(117)) - d612b743-bedc-4c3f-983e-e3329f8a2e6f@group-28ACFA97060E-FollowerState was interrupted: java.lang.InterruptedException: sleep interrupted
2019-10-16 20:42:11,359 [grpc-default-executor-2] INFO  impl.RoleInfo (RoleInfo.java:updateAndGet(143)) - d612b743-bedc-4c3f-983e-e3329f8a2e6f: start FollowerState
2019-10-16 20:42:11,416 [bc0bc980-c963-48ce-962e-85091c893131@group-28ACFA97060E-LeaderElection113] INFO  impl.LeaderElection (LeaderElection.java:logAndReturn(56)) - bc0bc980-c963-48ce-962e-85091c893131@group-28ACFA97060E-LeaderElection113: Election TIMEOUT; received 0 response(s) [] and 0 exception(s); bc0bc980-c963-48ce-962e-85091c893131@group-28ACFA97060E:t90, leader=null, voted=bc0bc980-c963-48ce-962e-85091c893131, raftlog=bc0bc980-c963-48ce-962e-85091c893131@group-28ACFA97060E-SegmentedRaftLog:OPENED:c-1,f-1,i0, conf=-1: [46069bd9-45fc-4c82-823c-36f07a1bcff0:192.168.157.254:34001, bc0bc980-c963-48ce-962e-85091c893131:192.168.157.254:46787, d612b743-bedc-4c3f-983e-e3329f8a2e6f:192.168.157.254:44523], old=null
2019-10-16 20:42:11,474 [bc0bc980-c963-48ce-962e-85091c893131@group-28ACFA97060E-LeaderElection113] INFO  impl.LeaderElection (LeaderElection.java:askForVotes(178)) - bc0bc980-c963-48ce-962e-85091c893131@group-28ACFA97060E-LeaderElection113: begin an election at term 91 for -1: [46069bd9-45fc-4c82-823c-36f07a1bcff0:192.168.157.254:34001, bc0bc980-c963-48ce-962e-85091c893131:192.168.157.254:46787, d612b743-bedc-4c3f-983e-e3329f8a2e6f:192.168.157.254:44523], old=null
2019-10-16 20:42:11,476 [grpc-default-executor-2] INFO  impl.RaftServerImpl (RaftServerImpl.java:setRole(184)) - 46069bd9-45fc-4c82-823c-36f07a1bcff0@group-28ACFA97060E: changes role from  FOLLOWER to FOLLOWER at term 91 for recognizeCandidate:bc0bc980-c963-48ce-962e-85091c893131
2019-10-16 20:42:11,476 [grpc-default-executor-2] INFO  impl.RoleInfo (RoleInfo.java:shutdownFollowerState(121)) - 46069bd9-45fc-4c82-823c-36f07a1bcff0: shutdown FollowerState
2019-10-16 20:42:11,477 [grpc-default-executor-0] INFO  impl.RaftServerImpl (RaftServerImpl.java:setRole(184)) - d612b743-bedc-4c3f-983e-e3329f8a2e6f@group-28ACFA97060E: changes role from  FOLLOWER to FOLLOWER at term 91 for recognizeCandidate:bc0bc980-c963-48ce-962e-85091c893131
2019-10-16 20:42:11,477 [Thread-1320] INFO  impl.FollowerState (FollowerState.java:run(117)) - 46069bd9-45fc-4c82-823c-36f07a1bcff0@group-28ACFA97060E-FollowerState was interrupted: java.lang.InterruptedException: sleep interrupted
2019-10-16 20:42:11,477 [grpc-default-executor-2] INFO  impl.RoleInfo (RoleInfo.java:updateAndGet(143)) - 46069bd9-45fc-4c82-823c-36f07a1bcff0: start FollowerState
2019-10-16 20:42:11,477 [grpc-default-executor-0] INFO  impl.RoleInfo (RoleInfo.java:shutdownFollowerState(121)) - d612b743-bedc-4c3f-983e-e3329f8a2e6f: shutdown FollowerState
2019-10-16 20:42:11,477 [grpc-default-executor-0] INFO  impl.RoleInfo (RoleInfo.java:updateAndGet(143)) - d612b743-bedc-4c3f-983e-e3329f8a2e6f: start FollowerState
2019-10-16 20:42:11,477 [Thread-1321] INFO  impl.FollowerState (FollowerState.java:run(117)) - d612b743-bedc-4c3f-983e-e3329f8a2e6f@group-28ACFA97060E-FollowerState was interrupted: java.lang.InterruptedException: sleep interrupted
2019-10-16 20:42:11,530 [bc0bc980-c963-48ce-962e-85091c893131@group-28ACFA97060E-LeaderElection113] INFO  impl.LeaderElection (LeaderElection.java:logAndReturn(56)) - bc0bc980-c963-48ce-962e-85091c893131@group-28ACFA97060E-LeaderElection113: Election REJECTED; received 2 response(s) [bc0bc980-c963-48ce-962e-85091c893131<-46069bd9-45fc-4c82-823c-36f07a1bcff0#0:FAIL-t91, bc0bc980-c963-48ce-962e-85091c893131<-d612b743-bedc-4c3f-983e-e3329f8a2e6f#0:FAIL-t91] and 0 exception(s); bc0bc980-c963-48ce-962e-85091c893131@group-28ACFA97060E:t91, leader=null, voted=bc0bc980-c963-48ce-962e-85091c893131, raftlog=bc0bc980-c963-48ce-962e-85091c893131@group-28ACFA97060E-SegmentedRaftLog:OPENED:c-1,f-1,i0, conf=-1: [46069bd9-45fc-4c82-823c-36f07a1bcff0:192.168.157.254:34001, bc0bc980-c963-48ce-962e-85091c893131:192.168.157.254:46787, d612b743-bedc-4c3f-983e-e3329f8a2e6f:192.168.157.254:44523], old=null
2019-10-16 20:42:11,530 [bc0bc980-c963-48ce-962e-85091c893131@group-28ACFA97060E-LeaderElection113] INFO  impl.RaftServerImpl (RaftServerImpl.java:setRole(184)) - bc0bc980-c963-48ce-962e-85091c893131@group-28ACFA97060E: changes role from CANDIDATE to FOLLOWER at term 91 for DISCOVERED_A_NEW_TERM
2019-10-16 20:42:11,530 [bc0bc980-c963-48ce-962e-85091c893131@group-28ACFA97060E-LeaderElection113] INFO  impl.RoleInfo (RoleInfo.java:shutdownLeaderElection(134)) - bc0bc980-c963-48ce-962e-85091c893131: shutdown LeaderElection
2019-10-16 20:42:11,530 [bc0bc980-c963-48ce-962e-85091c893131@group-28ACFA97060E-LeaderElection113] INFO  impl.RoleInfo (RoleInfo.java:updateAndGet(143)) - bc0bc980-c963-48ce-962e-85091c893131: start FollowerState
2019-10-16 20:42:11,611 [Thread-1326] INFO  impl.FollowerState (FollowerState.java:run(108)) - bc0bc980-c963-48ce-962e-85091c893131@group-28ACFA97060E-FollowerState: change to CANDIDATE, lastRpcTime:81ms, electionTimeout:81ms
2019-10-16 20:42:11,612 [Thread-1326] INFO  impl.RoleInfo (RoleInfo.java:shutdownFollowerState(121)) - bc0bc980-c963-48ce-962e-85091c893131: shutdown FollowerState
2019-10-16 20:42:11,612 [Thread-1326] INFO  impl.RaftServerImpl (RaftServerImpl.java:setRole(184)) - bc0bc980-c963-48ce-962e-85091c893131@group-28ACFA97060E: changes role from  FOLLOWER to CANDIDATE at term 91 for changeToCandidate
2019-10-16 20:42:11,612 [Thread-1326] INFO  impl.RoleInfo (RoleInfo.java:updateAndGet(143)) - bc0bc980-c963-48ce-962e-85091c893131: start LeaderElection
2019-10-16 20:42:11,626 [bc0bc980-c963-48ce-962e-85091c893131@group-28ACFA97060E-LeaderElection114] INFO  impl.LeaderElection (LeaderElection.java:askForVotes(178)) - bc0bc980-c963-48ce-962e-85091c893131@group-28ACFA97060E-LeaderElection114: begin an election at term 92 for -1: [46069bd9-45fc-4c82-823c-36f07a1bcff0:192.168.157.254:34001, bc0bc980-c963-48ce-962e-85091c893131:192.168.157.254:46787, d612b743-bedc-4c3f-983e-e3329f8a2e6f:192.168.157.254:44523], old=null
2019-10-16 20:42:11,628 [grpc-default-executor-2] INFO  impl.RaftServerImpl (RaftServerImpl.java:setRole(184)) - 46069bd9-45fc-4c82-823c-36f07a1bcff0@group-28ACFA97060E: changes role from  FOLLOWER to FOLLOWER at term 92 for recognizeCandidate:bc0bc980-c963-48ce-962e-85091c893131
2019-10-16 20:42:11,628 [grpc-default-executor-2] INFO  impl.RoleInfo (RoleInfo.java:shutdownFollowerState(121)) - 46069bd9-45fc-4c82-823c-36f07a1bcff0: shutdown FollowerState
2019-10-16 20:42:11,628 [grpc-default-executor-0] INFO  impl.RaftServerImpl (RaftServerImpl.java:setRole(184)) - d612b743-bedc-4c3f-983e-e3329f8a2e6f@group-28ACFA97060E: changes role from  FOLLOWER to FOLLOWER at term 92 for recognizeCandidate:bc0bc980-c963-48ce-962e-85091c893131
2019-10-16 20:42:11,629 [Thread-1324] INFO  impl.FollowerState (FollowerState.java:run(117)) - 46069bd9-45fc-4c82-823c-36f07a1bcff0@group-28ACFA97060E-FollowerState was interrupted: java.lang.InterruptedException: sleep interrupted
2019-10-16 20:42:11,628 [grpc-default-executor-2] INFO  impl.RoleInfo (RoleInfo.java:updateAndGet(143)) - 46069bd9-45fc-4c82-823c-36f07a1bcff0: start FollowerState
2019-10-16 20:42:11,629 [grpc-default-executor-0] INFO  impl.RoleInfo (RoleInfo.java:shutdownFollowerState(121)) - d612b743-bedc-4c3f-983e-e3329f8a2e6f: shutdown FollowerState
2019-10-16 20:42:11,629 [grpc-default-executor-0] INFO  impl.RoleInfo (RoleInfo.java:updateAndGet(143)) - d612b743-bedc-4c3f-983e-e3329f8a2e6f: start FollowerState
2019-10-16 20:42:11,629 [Thread-1325] INFO  impl.FollowerState (FollowerState.java:run(117)) - d612b743-bedc-4c3f-983e-e3329f8a2e6f@group-28ACFA97060E-FollowerState was interrupted: java.lang.InterruptedException: sleep interrupted
2019-10-16 20:42:11,670 [bc0bc980-c963-48ce-962e-85091c893131@group-28ACFA97060E-LeaderElection114] INFO  impl.LeaderElection (LeaderElection.java:logAndReturn(56)) - bc0bc980-c963-48ce-962e-85091c893131@group-28ACFA97060E-LeaderElection114: Election REJECTED; received 2 response(s) [bc0bc980-c963-48ce-962e-85091c893131<-46069bd9-45fc-4c82-823c-36f07a1bcff0#0:FAIL-t92, bc0bc980-c963-48ce-962e-85091c893131<-d612b743-bedc-4c3f-983e-e3329f8a2e6f#0:FAIL-t92] and 0 exception(s); bc0bc980-c963-48ce-962e-85091c893131@group-28ACFA97060E:t92, leader=null, voted=bc0bc980-c963-48ce-962e-85091c893131, raftlog=bc0bc980-c963-48ce-962e-85091c893131@group-28ACFA97060E-SegmentedRaftLog:OPENED:c-1,f-1,i0, conf=-1: [46069bd9-45fc-4c82-823c-36f07a1bcff0:192.168.157.254:34001, bc0bc980-c963-48ce-962e-85091c893131:192.168.157.254:46787, d612b743-bedc-4c3f-983e-e3329f8a2e6f:192.168.157.254:44523], old=null
2019-10-16 20:42:11,670 [bc0bc980-c963-48ce-962e-85091c893131@group-28ACFA97060E-LeaderElection114] INFO  impl.RaftServerImpl (RaftServerImpl.java:setRole(184)) - bc0bc980-c963-48ce-962e-85091c893131@group-28ACFA97060E: changes role from CANDIDATE to FOLLOWER at term 92 for DISCOVERED_A_NEW_TERM
2019-10-16 20:42:11,670 [bc0bc980-c963-48ce-962e-85091c893131@group-28ACFA97060E-LeaderElection114] INFO  impl.RoleInfo (RoleInfo.java:shutdownLeaderElection(134)) - bc0bc980-c963-48ce-962e-85091c893131: shutdown LeaderElection
2019-10-16 20:42:11,670 [bc0bc980-c963-48ce-962e-85091c893131@group-28ACFA97060E-LeaderElection114] INFO  impl.RoleInfo (RoleInfo.java:updateAndGet(143)) - bc0bc980-c963-48ce-962e-85091c893131: start FollowerState
2019-10-16 20:42:11,682 [Thread-1332] INFO  impl.FollowerState (FollowerState.java:run(108)) - bc0bc980-c963-48ce-962e-85091c893131@group-28ACFA97060E-FollowerState: change to CANDIDATE, lastRpcTime:11ms, electionTimeout:11ms
2019-10-16 20:42:11,682 [Thread-1332] INFO  impl.RoleInfo (RoleInfo.java:shutdownFollowerState(121)) - bc0bc980-c963-48ce-962e-85091c893131: shutdown FollowerState
2019-10-16 20:42:11,682 [Thread-1332] INFO  impl.RaftServerImpl (RaftServerImpl.java:setRole(184)) - bc0bc980-c963-48ce-962e-85091c893131@group-28ACFA97060E: changes role from  FOLLOWER to CANDIDATE at term 92 for changeToCandidate
2019-10-16 20:42:11,682 [Thread-1332] INFO  impl.RoleInfo (RoleInfo.java:updateAndGet(143)) - bc0bc980-c963-48ce-962e-85091c893131: start LeaderElection
2019-10-16 20:42:11,687 [bc0bc980-c963-48ce-962e-85091c893131@group-28ACFA97060E-LeaderElection115] INFO  impl.LeaderElection (LeaderElection.java:askForVotes(178)) - bc0bc980-c963-48ce-962e-85091c893131@group-28ACFA97060E-LeaderElection115: begin an election at term 93 for -1: [46069bd9-45fc-4c82-823c-36f07a1bcff0:192.168.157.254:34001, bc0bc980-c963-48ce-962e-85091c893131:192.168.157.254:46787, d612b743-bedc-4c3f-983e-e3329f8a2e6f:192.168.157.254:44523], old=null
2019-10-16 20:42:11,689 [grpc-default-executor-0] INFO  impl.RaftServerImpl (RaftServerImpl.java:setRole(184)) - 46069bd9-45fc-4c82-823c-36f07a1bcff0@group-28ACFA97060E: changes role from  FOLLOWER to FOLLOWER at term 93 for recognizeCandidate:bc0bc980-c963-48ce-962e-85091c893131
2019-10-16 20:42:11,689 [grpc-default-executor-0] INFO  impl.RoleInfo (RoleInfo.java:shutdownFollowerState(121)) - 46069bd9-45fc-4c82-823c-36f07a1bcff0: shutdown FollowerState
2019-10-16 20:42:11,690 [grpc-default-executor-0] INFO  impl.RoleInfo (RoleInfo.java:updateAndGet(143)) - 46069bd9-45fc-4c82-823c-36f07a1bcff0: start FollowerState
2019-10-16 20:42:11,690 [Thread-1330] INFO  impl.FollowerState (FollowerState.java:run(117)) - 46069bd9-45fc-4c82-823c-36f07a1bcff0@group-28ACFA97060E-FollowerState was interrupted: java.lang.InterruptedException: sleep interrupted
2019-10-16 20:42:11,690 [grpc-default-executor-2] INFO  impl.RaftServerImpl (RaftServerImpl.java:setRole(184)) - d612b743-bedc-4c3f-983e-e3329f8a2e6f@group-28ACFA97060E: changes role from  FOLLOWER to FOLLOWER at term 93 for recognizeCandidate:bc0bc980-c963-48ce-962e-85091c893131
2019-10-16 20:42:11,690 [grpc-default-executor-2] INFO  impl.RoleInfo (RoleInfo.java:shutdownFollowerState(121)) - d612b743-bedc-4c3f-983e-e3329f8a2e6f: shutdown FollowerState
2019-10-16 20:42:11,690 [grpc-default-executor-2] INFO  impl.RoleInfo (RoleInfo.java:updateAndGet(143)) - d612b743-bedc-4c3f-983e-e3329f8a2e6f: start FollowerState
2019-10-16 20:42:11,690 [Thread-1331] INFO  impl.FollowerState (FollowerState.java:run(117)) - d612b743-bedc-4c3f-983e-e3329f8a2e6f@group-28ACFA97060E-FollowerState was interrupted: java.lang.InterruptedException: sleep interrupted
2019-10-16 20:42:11,721 [bc0bc980-c963-48ce-962e-85091c893131@group-28ACFA97060E-LeaderElection115] INFO  impl.LeaderElection (LeaderElection.java:logAndReturn(56)) - bc0bc980-c963-48ce-962e-85091c893131@group-28ACFA97060E-LeaderElection115: Election REJECTED; received 2 response(s) [bc0bc980-c963-48ce-962e-85091c893131<-46069bd9-45fc-4c82-823c-36f07a1bcff0#0:FAIL-t93, bc0bc980-c963-48ce-962e-85091c893131<-d612b743-bedc-4c3f-983e-e3329f8a2e6f#0:FAIL-t93] and 0 exception(s); bc0bc980-c963-48ce-962e-85091c893131@group-28ACFA97060E:t93, leader=null, voted=bc0bc980-c963-48ce-962e-85091c893131, raftlog=bc0bc980-c963-48ce-962e-85091c893131@group-28ACFA97060E-SegmentedRaftLog:OPENED:c-1,f-1,i0, conf=-1: [46069bd9-45fc-4c82-823c-36f07a1bcff0:192.168.157.254:34001, bc0bc980-c963-48ce-962e-85091c893131:192.168.157.254:46787, d612b743-bedc-4c3f-983e-e3329f8a2e6f:192.168.157.254:44523], old=null
2019-10-16 20:42:11,721 [bc0bc980-c963-48ce-962e-85091c893131@group-28ACFA97060E-LeaderElection115] INFO  impl.RaftServerImpl (RaftServerImpl.java:setRole(184)) - bc0bc980-c963-48ce-962e-85091c893131@group-28ACFA97060E: changes role from CANDIDATE to FOLLOWER at term 93 for DISCOVERED_A_NEW_TERM
2019-10-16 20:42:11,721 [bc0bc980-c963-48ce-962e-85091c893131@group-28ACFA97060E-LeaderElection115] INFO  impl.RoleInfo (RoleInfo.java:shutdownLeaderElection(134)) - bc0bc980-c963-48ce-962e-85091c893131: shutdown LeaderElection
2019-10-16 20:42:11,721 [bc0bc980-c963-48ce-962e-85091c893131@group-28ACFA97060E-LeaderElection115] INFO  impl.RoleInfo (RoleInfo.java:updateAndGet(143)) - bc0bc980-c963-48ce-962e-85091c893131: start FollowerState
2019-10-16 20:42:11,897 [Thread-1338] INFO  impl.FollowerState (FollowerState.java:run(108)) - bc0bc980-c963-48ce-962e-85091c893131@group-28ACFA97060E-FollowerState: change to CANDIDATE, lastRpcTime:175ms, electionTimeout:175ms
2019-10-16 20:42:11,897 [Thread-1338] INFO  impl.RoleInfo (RoleInfo.java:shutdownFollowerState(121)) - bc0bc980-c963-48ce-962e-85091c893131: shutdown FollowerState
2019-10-16 20:42:11,897 [Thread-1338] INFO  impl.RaftServerImpl (RaftServerImpl.java:setRole(184)) - bc0bc980-c963-48ce-962e-85091c893131@group-28ACFA97060E: changes role from  FOLLOWER to CANDIDATE at term 93 for changeToCandidate
2019-10-16 20:42:11,897 [Thread-1338] INFO  impl.RoleInfo (RoleInfo.java:updateAndGet(143)) - bc0bc980-c963-48ce-962e-85091c893131: start LeaderElection
2019-10-16 20:42:11,943 [bc0bc980-c963-48ce-962e-85091c893131@group-28ACFA97060E-LeaderElection116] INFO  impl.LeaderElection (LeaderElection.java:askForVotes(178)) - bc0bc980-c963-48ce-962e-85091c893131@group-28ACFA97060E-LeaderElection116: begin an election at term 94 for -1: [46069bd9-45fc-4c82-823c-36f07a1bcff0:192.168.157.254:34001, bc0bc980-c963-48ce-962e-85091c893131:192.168.157.254:46787, d612b743-bedc-4c3f-983e-e3329f8a2e6f:192.168.157.254:44523], old=null
2019-10-16 20:42:11,946 [grpc-default-executor-2] INFO  impl.RaftServerImpl (RaftServerImpl.java:setRole(184)) - 46069bd9-45fc-4c82-823c-36f07a1bcff0@group-28ACFA97060E: changes role from  FOLLOWER to FOLLOWER at term 94 for recognizeCandidate:bc0bc980-c963-48ce-962e-85091c893131
2019-10-16 20:42:11,947 [grpc-default-executor-2] INFO  impl.RoleInfo (RoleInfo.java:shutdownFollowerState(121)) - 46069bd9-45fc-4c82-823c-36f07a1bcff0: shutdown FollowerState
2019-10-16 20:42:11,947 [grpc-default-executor-2] INFO  impl.RoleInfo (RoleInfo.java:updateAndGet(143)) - 46069bd9-45fc-4c82-823c-36f07a1bcff0: start FollowerState
2019-10-16 20:42:11,947 [grpc-default-executor-0] INFO  impl.RaftServerImpl (RaftServerImpl.java:setRole(184)) - d612b743-bedc-4c3f-983e-e3329f8a2e6f@group-28ACFA97060E: changes role from  FOLLOWER to FOLLOWER at term 94 for recognizeCandidate:bc0bc980-c963-48ce-962e-85091c893131
2019-10-16 20:42:11,947 [grpc-default-executor-0] INFO  impl.RoleInfo (RoleInfo.java:shutdownFollowerState(121)) - d612b743-bedc-4c3f-983e-e3329f8a2e6f: shutdown FollowerState
2019-10-16 20:42:11,947 [Thread-1336] INFO  impl.FollowerState (FollowerState.java:run(117)) - 46069bd9-45fc-4c82-823c-36f07a1bcff0@group-28ACFA97060E-FollowerState was interrupted: java.lang.InterruptedException: sleep interrupted
2019-10-16 20:42:11,947 [grpc-default-executor-0] INFO  impl.RoleInfo (RoleInfo.java:updateAndGet(143)) - d612b743-bedc-4c3f-983e-e3329f8a2e6f: start FollowerState
2019-10-16 20:42:11,948 [Thread-1337] INFO  impl.FollowerState (FollowerState.java:run(117)) - d612b743-bedc-4c3f-983e-e3329f8a2e6f@group-28ACFA97060E-FollowerState was interrupted: java.lang.InterruptedException: sleep interrupted
2019-10-16 20:42:11,989 [bc0bc980-c963-48ce-962e-85091c893131@group-28ACFA97060E-LeaderElection116] INFO  impl.LeaderElection (LeaderElection.java:logAndReturn(56)) - bc0bc980-c963-48ce-962e-85091c893131@group-28ACFA97060E-LeaderElection116: Election REJECTED; received 2 response(s) [bc0bc980-c963-48ce-962e-85091c893131<-46069bd9-45fc-4c82-823c-36f07a1bcff0#0:FAIL-t94, bc0bc980-c963-48ce-962e-85091c893131<-d612b743-bedc-4c3f-983e-e3329f8a2e6f#0:FAIL-t94] and 0 exception(s); bc0bc980-c963-48ce-962e-85091c893131@group-28ACFA97060E:t94, leader=null, voted=bc0bc980-c963-48ce-962e-85091c893131, raftlog=bc0bc980-c963-48ce-962e-85091c893131@group-28ACFA97060E-SegmentedRaftLog:OPENED:c-1,f-1,i0, conf=-1: [46069bd9-45fc-4c82-823c-36f07a1bcff0:192.168.157.254:34001, bc0bc980-c963-48ce-962e-85091c893131:192.168.157.254:46787, d612b743-bedc-4c3f-983e-e3329f8a2e6f:192.168.157.254:44523], old=null
2019-10-16 20:42:11,989 [bc0bc980-c963-48ce-962e-85091c893131@group-28ACFA97060E-LeaderElection116] INFO  impl.RaftServerImpl (RaftServerImpl.java:setRole(184)) - bc0bc980-c963-48ce-962e-85091c893131@group-28ACFA97060E: changes role from CANDIDATE to FOLLOWER at term 94 for DISCOVERED_A_NEW_TERM
2019-10-16 20:42:11,990 [bc0bc980-c963-48ce-962e-85091c893131@group-28ACFA97060E-LeaderElection116] INFO  impl.RoleInfo (RoleInfo.java:shutdownLeaderElection(134)) - bc0bc980-c963-48ce-962e-85091c893131: shutdown LeaderElection
2019-10-16 20:42:11,990 [bc0bc980-c963-48ce-962e-85091c893131@group-28ACFA97060E-LeaderElection116] INFO  impl.RoleInfo (RoleInfo.java:updateAndGet(143)) - bc0bc980-c963-48ce-962e-85091c893131: start FollowerState
2019-10-16 20:42:11,999 [Thread-1344] INFO  impl.FollowerState (FollowerState.java:run(108)) - bc0bc980-c963-48ce-962e-85091c893131@group-28ACFA97060E-FollowerState: change to CANDIDATE, lastRpcTime:9ms, electionTimeout:9ms
2019-10-16 20:42:11,999 [Thread-1344] INFO  impl.RoleInfo (RoleInfo.java:shutdownFollowerState(121)) - bc0bc980-c963-48ce-962e-85091c893131: shutdown FollowerState
2019-10-16 20:42:11,999 [Thread-1344] INFO  impl.RaftServerImpl (RaftServerImpl.java:setRole(184)) - bc0bc980-c963-48ce-962e-85091c893131@group-28ACFA97060E: changes role from  FOLLOWER to CANDIDATE at term 94 for changeToCandidate
2019-10-16 20:42:12,000 [Thread-1344] INFO  impl.RoleInfo (RoleInfo.java:updateAndGet(143)) - bc0bc980-c963-48ce-962e-85091c893131: start LeaderElection
2019-10-16 20:42:12,047 [bc0bc980-c963-48ce-962e-85091c893131@group-28ACFA97060E-LeaderElection117] INFO  impl.LeaderElection (LeaderElection.java:askForVotes(178)) - bc0bc980-c963-48ce-962e-85091c893131@group-28ACFA97060E-LeaderElection117: begin an election at term 95 for -1: [46069bd9-45fc-4c82-823c-36f07a1bcff0:192.168.157.254:34001, bc0bc980-c963-48ce-962e-85091c893131:192.168.157.254:46787, d612b743-bedc-4c3f-983e-e3329f8a2e6f:192.168.157.254:44523], old=null
2019-10-16 20:42:12,049 [grpc-default-executor-0] INFO  impl.RaftServerImpl (RaftServerImpl.java:setRole(184)) - d612b743-bedc-4c3f-983e-e3329f8a2e6f@group-28ACFA97060E: changes role from  FOLLOWER to FOLLOWER at term 95 for recognizeCandidate:bc0bc980-c963-48ce-962e-85091c893131
2019-10-16 20:42:12,050 [grpc-default-executor-0] INFO  impl.RoleInfo (RoleInfo.java:shutdownFollowerState(121)) - d612b743-bedc-4c3f-983e-e3329f8a2e6f: shutdown FollowerState
2019-10-16 20:42:12,050 [grpc-default-executor-2] INFO  impl.RaftServerImpl (RaftServerImpl.java:setRole(184)) - 46069bd9-45fc-4c82-823c-36f07a1bcff0@group-28ACFA97060E: changes role from  FOLLOWER to FOLLOWER at term 95 for recognizeCandidate:bc0bc980-c963-48ce-962e-85091c893131
2019-10-16 20:42:12,050 [Thread-1343] INFO  impl.FollowerState (FollowerState.java:run(117)) - d612b743-bedc-4c3f-983e-e3329f8a2e6f@group-28ACFA97060E-FollowerState was interrupted: java.lang.InterruptedException: sleep interrupted
2019-10-16 20:42:12,050 [grpc-default-executor-0] INFO  impl.RoleInfo (RoleInfo.java:updateAndGet(143)) - d612b743-bedc-4c3f-983e-e3329f8a2e6f: start FollowerState
2019-10-16 20:42:12,050 [grpc-default-executor-2] INFO  impl.RoleInfo (RoleInfo.java:shutdownFollowerState(121)) - 46069bd9-45fc-4c82-823c-36f07a1bcff0: shutdown FollowerState
2019-10-16 20:42:12,050 [grpc-default-executor-2] INFO  impl.RoleInfo (RoleInfo.java:updateAndGet(143)) - 46069bd9-45fc-4c82-823c-36f07a1bcff0: start FollowerState
2019-10-16 20:42:12,051 [Thread-1342] INFO  impl.FollowerState (FollowerState.java:run(117)) - 46069bd9-45fc-4c82-823c-36f07a1bcff0@group-28ACFA97060E-FollowerState was interrupted: java.lang.InterruptedException: sleep interrupted
2019-10-16 20:42:12,099 [bc0bc980-c963-48ce-962e-85091c893131@group-28ACFA97060E-LeaderElection117] INFO  impl.LeaderElection (LeaderElection.java:logAndReturn(56)) - bc0bc980-c963-48ce-962e-85091c893131@group-28ACFA97060E-LeaderElection117: Election REJECTED; received 2 response(s) [bc0bc980-c963-48ce-962e-85091c893131<-46069bd9-45fc-4c82-823c-36f07a1bcff0#0:FAIL-t95, bc0bc980-c963-48ce-962e-85091c893131<-d612b743-bedc-4c3f-983e-e3329f8a2e6f#0:FAIL-t95] and 0 exception(s); bc0bc980-c963-48ce-962e-85091c893131@group-28ACFA97060E:t95, leader=null, voted=bc0bc980-c963-48ce-962e-85091c893131, raftlog=bc0bc980-c963-48ce-962e-85091c893131@group-28ACFA97060E-SegmentedRaftLog:OPENED:c-1,f-1,i0, conf=-1: [46069bd9-45fc-4c82-823c-36f07a1bcff0:192.168.157.254:34001, bc0bc980-c963-48ce-962e-85091c893131:192.168.157.254:46787, d612b743-bedc-4c3f-983e-e3329f8a2e6f:192.168.157.254:44523], old=null
2019-10-16 20:42:12,099 [bc0bc980-c963-48ce-962e-85091c893131@group-28ACFA97060E-LeaderElection117] INFO  impl.RaftServerImpl (RaftServerImpl.java:setRole(184)) - bc0bc980-c963-48ce-962e-85091c893131@group-28ACFA97060E: changes role from CANDIDATE to FOLLOWER at term 95 for DISCOVERED_A_NEW_TERM
2019-10-16 20:42:12,099 [bc0bc980-c963-48ce-962e-85091c893131@group-28ACFA97060E-LeaderElection117] INFO  impl.RoleInfo (RoleInfo.java:shutdownLeaderElection(134)) - bc0bc980-c963-48ce-962e-85091c893131: shutdown LeaderElection
2019-10-16 20:42:12,100 [bc0bc980-c963-48ce-962e-85091c893131@group-28ACFA97060E-LeaderElection117] INFO  impl.RoleInfo (RoleInfo.java:updateAndGet(143)) - bc0bc980-c963-48ce-962e-85091c893131: start FollowerState
2019-10-16 20:42:12,259 [Thread-1350] INFO  impl.FollowerState (FollowerState.java:run(108)) - bc0bc980-c963-48ce-962e-85091c893131@group-28ACFA97060E-FollowerState: change to CANDIDATE, lastRpcTime:159ms, electionTimeout:159ms
2019-10-16 20:42:12,259 [Thread-1350] INFO  impl.RoleInfo (RoleInfo.java:shutdownFollowerState(121)) - bc0bc980-c963-48ce-962e-85091c893131: shutdown FollowerState
2019-10-16 20:42:12,259 [Thread-1350] INFO  impl.RaftServerImpl (RaftServerImpl.java:setRole(184)) - bc0bc980-c963-48ce-962e-85091c893131@group-28ACFA97060E: changes role from  FOLLOWER to CANDIDATE at term 95 for changeToCandidate
2019-10-16 20:42:12,259 [Thread-1350] INFO  impl.RoleInfo (RoleInfo.java:updateAndGet(143)) - bc0bc980-c963-48ce-962e-85091c893131: start LeaderElection
2019-10-16 20:42:12,264 [bc0bc980-c963-48ce-962e-85091c893131@group-28ACFA97060E-LeaderElection118] INFO  impl.LeaderElection (LeaderElection.java:askForVotes(178)) - bc0bc980-c963-48ce-962e-85091c893131@group-28ACFA97060E-LeaderElection118: begin an election at term 96 for -1: [46069bd9-45fc-4c82-823c-36f07a1bcff0:192.168.157.254:34001, bc0bc980-c963-48ce-962e-85091c893131:192.168.157.254:46787, d612b743-bedc-4c3f-983e-e3329f8a2e6f:192.168.157.254:44523], old=null
2019-10-16 20:42:12,267 [grpc-default-executor-0] INFO  impl.RaftServerImpl (RaftServerImpl.java:setRole(184)) - 46069bd9-45fc-4c82-823c-36f07a1bcff0@group-28ACFA97060E: changes role from  FOLLOWER to FOLLOWER at term 96 for recognizeCandidate:bc0bc980-c963-48ce-962e-85091c893131
2019-10-16 20:42:12,267 [grpc-default-executor-2] INFO  impl.RaftServerImpl (RaftServerImpl.java:setRole(184)) - d612b743-bedc-4c3f-983e-e3329f8a2e6f@group-28ACFA97060E: changes role from  FOLLOWER to FOLLOWER at term 96 for recognizeCandidate:bc0bc980-c963-48ce-962e-85091c893131
2019-10-16 20:42:12,267 [grpc-default-executor-2] INFO  impl.RoleInfo (RoleInfo.java:shutdownFollowerState(121)) - d612b743-bedc-4c3f-983e-e3329f8a2e6f: shutdown FollowerState
2019-10-16 20:42:12,267 [grpc-default-executor-0] INFO  impl.RoleInfo (RoleInfo.java:shutdownFollowerState(121)) - 46069bd9-45fc-4c82-823c-36f07a1bcff0: shutdown FollowerState
2019-10-16 20:42:12,268 [Thread-1348] INFO  impl.FollowerState (FollowerState.java:run(117)) - d612b743-bedc-4c3f-983e-e3329f8a2e6f@group-28ACFA97060E-FollowerState was interrupted: java.lang.InterruptedException: sleep interrupted
2019-10-16 20:42:12,268 [grpc-default-executor-2] INFO  impl.RoleInfo (RoleInfo.java:updateAndGet(143)) - d612b743-bedc-4c3f-983e-e3329f8a2e6f: start FollowerState
2019-10-16 20:42:12,268 [Thread-1349] INFO  impl.FollowerState (FollowerState.java:run(117)) - 46069bd9-45fc-4c82-823c-36f07a1bcff0@group-28ACFA97060E-FollowerState was interrupted: java.lang.InterruptedException: sleep interrupted
2019-10-16 20:42:12,268 [grpc-default-executor-0] INFO  impl.RoleInfo (RoleInfo.java:updateAndGet(143)) - 46069bd9-45fc-4c82-823c-36f07a1bcff0: start FollowerState
2019-10-16 20:42:12,281 [bc0bc980-c963-48ce-962e-85091c893131@group-28ACFA97060E-LeaderElection118] INFO  impl.LeaderElection (LeaderElection.java:logAndReturn(56)) - bc0bc980-c963-48ce-962e-85091c893131@group-28ACFA97060E-LeaderElection118: Election REJECTED; received 2 response(s) [bc0bc980-c963-48ce-962e-85091c893131<-46069bd9-45fc-4c82-823c-36f07a1bcff0#0:FAIL-t96, bc0bc980-c963-48ce-962e-85091c893131<-d612b743-bedc-4c3f-983e-e3329f8a2e6f#0:FAIL-t96] and 0 exception(s); bc0bc980-c963-48ce-962e-85091c893131@group-28ACFA97060E:t96, leader=null, voted=bc0bc980-c963-48ce-962e-85091c893131, raftlog=bc0bc980-c963-48ce-962e-85091c893131@group-28ACFA97060E-SegmentedRaftLog:OPENED:c-1,f-1,i0, conf=-1: [46069bd9-45fc-4c82-823c-36f07a1bcff0:192.168.157.254:34001, bc0bc980-c963-48ce-962e-85091c893131:192.168.157.254:46787, d612b743-bedc-4c3f-983e-e3329f8a2e6f:192.168.157.254:44523], old=null
2019-10-16 20:42:12,281 [bc0bc980-c963-48ce-962e-85091c893131@group-28ACFA97060E-LeaderElection118] INFO  impl.RaftServerImpl (RaftServerImpl.java:setRole(184)) - bc0bc980-c963-48ce-962e-85091c893131@group-28ACFA97060E: changes role from CANDIDATE to FOLLOWER at term 96 for DISCOVERED_A_NEW_TERM
2019-10-16 20:42:12,281 [bc0bc980-c963-48ce-962e-85091c893131@group-28ACFA97060E-LeaderElection118] INFO  impl.RoleInfo (RoleInfo.java:shutdownLeaderElection(134)) - bc0bc980-c963-48ce-962e-85091c893131: shutdown LeaderElection
2019-10-16 20:42:12,281 [bc0bc980-c963-48ce-962e-85091c893131@group-28ACFA97060E-LeaderElection118] INFO  impl.RoleInfo (RoleInfo.java:updateAndGet(143)) - bc0bc980-c963-48ce-962e-85091c893131: start FollowerState
2019-10-16 20:42:12,307 [Thread-1356] INFO  impl.FollowerState (FollowerState.java:run(108)) - bc0bc980-c963-48ce-962e-85091c893131@group-28ACFA97060E-FollowerState: change to CANDIDATE, lastRpcTime:25ms, electionTimeout:25ms
2019-10-16 20:42:12,307 [Thread-1356] INFO  impl.RoleInfo (RoleInfo.java:shutdownFollowerState(121)) - bc0bc980-c963-48ce-962e-85091c893131: shutdown FollowerState
2019-10-16 20:42:12,307 [Thread-1356] INFO  impl.RaftServerImpl (RaftServerImpl.java:setRole(184)) - bc0bc980-c963-48ce-962e-85091c893131@group-28ACFA97060E: changes role from  FOLLOWER to CANDIDATE at term 96 for changeToCandidate
2019-10-16 20:42:12,307 [Thread-1356] INFO  impl.RoleInfo (RoleInfo.java:updateAndGet(143)) - bc0bc980-c963-48ce-962e-85091c893131: start LeaderElection
2019-10-16 20:42:12,321 [bc0bc980-c963-48ce-962e-85091c893131@group-28ACFA97060E-LeaderElection119] INFO  impl.LeaderElection (LeaderElection.java:askForVotes(178)) - bc0bc980-c963-48ce-962e-85091c893131@group-28ACFA97060E-LeaderElection119: begin an election at term 97 for -1: [46069bd9-45fc-4c82-823c-36f07a1bcff0:192.168.157.254:34001, bc0bc980-c963-48ce-962e-85091c893131:192.168.157.254:46787, d612b743-bedc-4c3f-983e-e3329f8a2e6f:192.168.157.254:44523], old=null
2019-10-16 20:42:12,323 [grpc-default-executor-0] INFO  impl.RaftServerImpl (RaftServerImpl.java:setRole(184)) - 46069bd9-45fc-4c82-823c-36f07a1bcff0@group-28ACFA97060E: changes role from  FOLLOWER to FOLLOWER at term 97 for recognizeCandidate:bc0bc980-c963-48ce-962e-85091c893131
2019-10-16 20:42:12,323 [grpc-default-executor-0] INFO  impl.RoleInfo (RoleInfo.java:shutdownFollowerState(121)) - 46069bd9-45fc-4c82-823c-36f07a1bcff0: shutdown FollowerState
2019-10-16 20:42:12,324 [grpc-default-executor-2] INFO  impl.RaftServerImpl (RaftServerImpl.java:setRole(184)) - d612b743-bedc-4c3f-983e-e3329f8a2e6f@group-28ACFA97060E: changes role from  FOLLOWER to FOLLOWER at term 97 for recognizeCandidate:bc0bc980-c963-48ce-962e-85091c893131
2019-10-16 20:42:12,324 [Thread-1355] INFO  impl.FollowerState (FollowerState.java:run(117)) - 46069bd9-45fc-4c82-823c-36f07a1bcff0@group-28ACFA97060E-FollowerState was interrupted: java.lang.InterruptedException: sleep interrupted
2019-10-16 20:42:12,324 [grpc-default-executor-0] INFO  impl.RoleInfo (RoleInfo.java:updateAndGet(143)) - 46069bd9-45fc-4c82-823c-36f07a1bcff0: start FollowerState
2019-10-16 20:42:12,324 [grpc-default-executor-2] INFO  impl.RoleInfo (RoleInfo.java:shutdownFollowerState(121)) - d612b743-bedc-4c3f-983e-e3329f8a2e6f: shutdown FollowerState
2019-10-16 20:42:12,324 [grpc-default-executor-2] INFO  impl.RoleInfo (RoleInfo.java:updateAndGet(143)) - d612b743-bedc-4c3f-983e-e3329f8a2e6f: start FollowerState
2019-10-16 20:42:12,324 [Thread-1354] INFO  impl.FollowerState (FollowerState.java:run(117)) - d612b743-bedc-4c3f-983e-e3329f8a2e6f@group-28ACFA97060E-FollowerState was interrupted: java.lang.InterruptedException: sleep interrupted
2019-10-16 20:42:12,339 [bc0bc980-c963-48ce-962e-85091c893131@group-28ACFA97060E-LeaderElection119] INFO  impl.LeaderElection (LeaderElection.java:logAndReturn(56)) - bc0bc980-c963-48ce-962e-85091c893131@group-28ACFA97060E-LeaderElection119: Election REJECTED; received 2 response(s) [bc0bc980-c963-48ce-962e-85091c893131<-46069bd9-45fc-4c82-823c-36f07a1bcff0#0:FAIL-t97, bc0bc980-c963-48ce-962e-85091c893131<-d612b743-bedc-4c3f-983e-e3329f8a2e6f#0:FAIL-t97] and 0 exception(s); bc0bc980-c963-48ce-962e-85091c893131@group-28ACFA97060E:t97, leader=null, voted=bc0bc980-c963-48ce-962e-85091c893131, raftlog=bc0bc980-c963-48ce-962e-85091c893131@group-28ACFA97060E-SegmentedRaftLog:OPENED:c-1,f-1,i0, conf=-1: [46069bd9-45fc-4c82-823c-36f07a1bcff0:192.168.157.254:34001, bc0bc980-c963-48ce-962e-85091c893131:192.168.157.254:46787, d612b743-bedc-4c3f-983e-e3329f8a2e6f:192.168.157.254:44523], old=null
2019-10-16 20:42:12,339 [bc0bc980-c963-48ce-962e-85091c893131@group-28ACFA97060E-LeaderElection119] INFO  impl.RaftServerImpl (RaftServerImpl.java:setRole(184)) - bc0bc980-c963-48ce-962e-85091c893131@group-28ACFA97060E: changes role from CANDIDATE to FOLLOWER at term 97 for DISCOVERED_A_NEW_TERM
2019-10-16 20:42:12,339 [bc0bc980-c963-48ce-962e-85091c893131@group-28ACFA97060E-LeaderElection119] INFO  impl.RoleInfo (RoleInfo.java:shutdownLeaderElection(134)) - bc0bc980-c963-48ce-962e-85091c893131: shutdown LeaderElection
2019-10-16 20:42:12,339 [bc0bc980-c963-48ce-962e-85091c893131@group-28ACFA97060E-LeaderElection119] INFO  impl.RoleInfo (RoleInfo.java:updateAndGet(143)) - bc0bc980-c963-48ce-962e-85091c893131: start FollowerState
2019-10-16 20:42:12,477 [Thread-1362] INFO  impl.FollowerState (FollowerState.java:run(108)) - bc0bc980-c963-48ce-962e-85091c893131@group-28ACFA97060E-FollowerState: change to CANDIDATE, lastRpcTime:137ms, electionTimeout:137ms
2019-10-16 20:42:12,477 [Thread-1362] INFO  impl.RoleInfo (RoleInfo.java:shutdownFollowerState(121)) - bc0bc980-c963-48ce-962e-85091c893131: shutdown FollowerState
2019-10-16 20:42:12,477 [Thread-1362] INFO  impl.RaftServerImpl (RaftServerImpl.java:setRole(184)) - bc0bc980-c963-48ce-962e-85091c893131@group-28ACFA97060E: changes role from  FOLLOWER to CANDIDATE at term 97 for changeToCandidate
2019-10-16 20:42:12,477 [Thread-1362] INFO  impl.RoleInfo (RoleInfo.java:updateAndGet(143)) - bc0bc980-c963-48ce-962e-85091c893131: start LeaderElection
2019-10-16 20:42:12,484 [bc0bc980-c963-48ce-962e-85091c893131@group-28ACFA97060E-LeaderElection120] INFO  impl.LeaderElection (LeaderElection.java:askForVotes(178)) - bc0bc980-c963-48ce-962e-85091c893131@group-28ACFA97060E-LeaderElection120: begin an election at term 98 for -1: [46069bd9-45fc-4c82-823c-36f07a1bcff0:192.168.157.254:34001, bc0bc980-c963-48ce-962e-85091c893131:192.168.157.254:46787, d612b743-bedc-4c3f-983e-e3329f8a2e6f:192.168.157.254:44523], old=null
2019-10-16 20:42:12,487 [grpc-default-executor-2] INFO  impl.RaftServerImpl (RaftServerImpl.java:setRole(184)) - 46069bd9-45fc-4c82-823c-36f07a1bcff0@group-28ACFA97060E: changes role from  FOLLOWER to FOLLOWER at term 98 for recognizeCandidate:bc0bc980-c963-48ce-962e-85091c893131
2019-10-16 20:42:12,487 [grpc-default-executor-2] INFO  impl.RoleInfo (RoleInfo.java:shutdownFollowerState(121)) - 46069bd9-45fc-4c82-823c-36f07a1bcff0: shutdown FollowerState
2019-10-16 20:42:12,487 [grpc-default-executor-0] INFO  impl.RaftServerImpl (RaftServerImpl.java:setRole(184)) - d612b743-bedc-4c3f-983e-e3329f8a2e6f@group-28ACFA97060E: changes role from  FOLLOWER to FOLLOWER at term 98 for recognizeCandidate:bc0bc980-c963-48ce-962e-85091c893131
2019-10-16 20:42:12,488 [Thread-1360] INFO  impl.FollowerState (FollowerState.java:run(117)) - 46069bd9-45fc-4c82-823c-36f07a1bcff0@group-28ACFA97060E-FollowerState was interrupted: java.lang.InterruptedException: sleep interrupted
2019-10-16 20:42:12,488 [grpc-default-executor-2] INFO  impl.RoleInfo (RoleInfo.java:updateAndGet(143)) - 46069bd9-45fc-4c82-823c-36f07a1bcff0: start FollowerState
2019-10-16 20:42:12,488 [grpc-default-executor-0] INFO  impl.RoleInfo (RoleInfo.java:shutdownFollowerState(121)) - d612b743-bedc-4c3f-983e-e3329f8a2e6f: shutdown FollowerState
2019-10-16 20:42:12,488 [grpc-default-executor-0] INFO  impl.RoleInfo (RoleInfo.java:updateAndGet(143)) - d612b743-bedc-4c3f-983e-e3329f8a2e6f: start FollowerState
2019-10-16 20:42:12,489 [Thread-1361] INFO  impl.FollowerState (FollowerState.java:run(117)) - d612b743-bedc-4c3f-983e-e3329f8a2e6f@group-28ACFA97060E-FollowerState was interrupted: java.lang.InterruptedException: sleep interrupted
2019-10-16 20:42:12,540 [bc0bc980-c963-48ce-962e-85091c893131@group-28ACFA97060E-LeaderElection120] INFO  impl.LeaderElection (LeaderElection.java:logAndReturn(56)) - bc0bc980-c963-48ce-962e-85091c893131@group-28ACFA97060E-LeaderElection120: Election REJECTED; received 2 response(s) [bc0bc980-c963-48ce-962e-85091c893131<-46069bd9-45fc-4c82-823c-36f07a1bcff0#0:FAIL-t98, bc0bc980-c963-48ce-962e-85091c893131<-d612b743-bedc-4c3f-983e-e3329f8a2e6f#0:FAIL-t98] and 0 exception(s); bc0bc980-c963-48ce-962e-85091c893131@group-28ACFA97060E:t98, leader=null, voted=bc0bc980-c963-48ce-962e-85091c893131, raftlog=bc0bc980-c963-48ce-962e-85091c893131@group-28ACFA97060E-SegmentedRaftLog:OPENED:c-1,f-1,i0, conf=-1: [46069bd9-45fc-4c82-823c-36f07a1bcff0:192.168.157.254:34001, bc0bc980-c963-48ce-962e-85091c893131:192.168.157.254:46787, d612b743-bedc-4c3f-983e-e3329f8a2e6f:192.168.157.254:44523], old=null
2019-10-16 20:42:12,541 [bc0bc980-c963-48ce-962e-85091c893131@group-28ACFA97060E-LeaderElection120] INFO  impl.RaftServerImpl (RaftServerImpl.java:setRole(184)) - bc0bc980-c963-48ce-962e-85091c893131@group-28ACFA97060E: changes role from CANDIDATE to FOLLOWER at term 98 for DISCOVERED_A_NEW_TERM
2019-10-16 20:42:12,541 [bc0bc980-c963-48ce-962e-85091c893131@group-28ACFA97060E-LeaderElection120] INFO  impl.RoleInfo (RoleInfo.java:shutdownLeaderElection(134)) - bc0bc980-c963-48ce-962e-85091c893131: shutdown LeaderElection
2019-10-16 20:42:12,541 [bc0bc980-c963-48ce-962e-85091c893131@group-28ACFA97060E-LeaderElection120] INFO  impl.RoleInfo (RoleInfo.java:updateAndGet(143)) - bc0bc980-c963-48ce-962e-85091c893131: start FollowerState
2019-10-16 20:42:12,737 [Thread-1368] INFO  impl.FollowerState (FollowerState.java:run(108)) - bc0bc980-c963-48ce-962e-85091c893131@group-28ACFA97060E-FollowerState: change to CANDIDATE, lastRpcTime:196ms, electionTimeout:196ms
2019-10-16 20:42:12,738 [Thread-1368] INFO  impl.RoleInfo (RoleInfo.java:shutdownFollowerState(121)) - bc0bc980-c963-48ce-962e-85091c893131: shutdown FollowerState
2019-10-16 20:42:12,738 [Thread-1368] INFO  impl.RaftServerImpl (RaftServerImpl.java:setRole(184)) - bc0bc980-c963-48ce-962e-85091c893131@group-28ACFA97060E: changes role from  FOLLOWER to CANDIDATE at term 98 for changeToCandidate
2019-10-16 20:42:12,738 [Thread-1368] INFO  impl.RoleInfo (RoleInfo.java:updateAndGet(143)) - bc0bc980-c963-48ce-962e-85091c893131: start LeaderElection
2019-10-16 20:42:12,753 [bc0bc980-c963-48ce-962e-85091c893131@group-28ACFA97060E-LeaderElection121] INFO  impl.LeaderElection (LeaderElection.java:askForVotes(178)) - bc0bc980-c963-48ce-962e-85091c893131@group-28ACFA97060E-LeaderElection121: begin an election at term 99 for -1: [46069bd9-45fc-4c82-823c-36f07a1bcff0:192.168.157.254:34001, bc0bc980-c963-48ce-962e-85091c893131:192.168.157.254:46787, d612b743-bedc-4c3f-983e-e3329f8a2e6f:192.168.157.254:44523], old=null
2019-10-16 20:42:12,757 [grpc-default-executor-2] INFO  impl.RaftServerImpl (RaftServerImpl.java:setRole(184)) - d612b743-bedc-4c3f-983e-e3329f8a2e6f@group-28ACFA97060E: changes role from  FOLLOWER to FOLLOWER at term 99 for recognizeCandidate:bc0bc980-c963-48ce-962e-85091c893131
2019-10-16 20:42:12,757 [grpc-default-executor-2] INFO  impl.RoleInfo (RoleInfo.java:shutdownFollowerState(121)) - d612b743-bedc-4c3f-983e-e3329f8a2e6f: shutdown FollowerState
2019-10-16 20:42:12,757 [grpc-default-executor-0] INFO  impl.RaftServerImpl (RaftServerImpl.java:setRole(184)) - 46069bd9-45fc-4c82-823c-36f07a1bcff0@group-28ACFA97060E: changes role from  FOLLOWER to FOLLOWER at term 99 for recognizeCandidate:bc0bc980-c963-48ce-962e-85091c893131
2019-10-16 20:42:12,757 [grpc-default-executor-2] INFO  impl.RoleInfo (RoleInfo.java:updateAndGet(143)) - d612b743-bedc-4c3f-983e-e3329f8a2e6f: start FollowerState
2019-10-16 20:42:12,757 [Thread-1367] INFO  impl.FollowerState (FollowerState.java:run(117)) - d612b743-bedc-4c3f-983e-e3329f8a2e6f@group-28ACFA97060E-FollowerState was interrupted: java.lang.InterruptedException: sleep interrupted
2019-10-16 20:42:12,757 [grpc-default-executor-0] INFO  impl.RoleInfo (RoleInfo.java:shutdownFollowerState(121)) - 46069bd9-45fc-4c82-823c-36f07a1bcff0: shutdown FollowerState
2019-10-16 20:42:12,758 [grpc-default-executor-0] INFO  impl.RoleInfo (RoleInfo.java:updateAndGet(143)) - 46069bd9-45fc-4c82-823c-36f07a1bcff0: start FollowerState
2019-10-16 20:42:12,758 [Thread-1366] INFO  impl.FollowerState (FollowerState.java:run(117)) - 46069bd9-45fc-4c82-823c-36f07a1bcff0@group-28ACFA97060E-FollowerState was interrupted: java.lang.InterruptedException: sleep interrupted
2019-10-16 20:42:12,772 [bc0bc980-c963-48ce-962e-85091c893131@group-28ACFA97060E-LeaderElection121] INFO  impl.LeaderElection (LeaderElection.java:logAndReturn(56)) - bc0bc980-c963-48ce-962e-85091c893131@group-28ACFA97060E-LeaderElection121: Election TIMEOUT; received 0 response(s) [] and 0 exception(s); bc0bc980-c963-48ce-962e-85091c893131@group-28ACFA97060E:t99, leader=null, voted=bc0bc980-c963-48ce-962e-85091c893131, raftlog=bc0bc980-c963-48ce-962e-85091c893131@group-28ACFA97060E-SegmentedRaftLog:OPENED:c-1,f-1,i0, conf=-1: [46069bd9-45fc-4c82-823c-36f07a1bcff0:192.168.157.254:34001, bc0bc980-c963-48ce-962e-85091c893131:192.168.157.254:46787, d612b743-bedc-4c3f-983e-e3329f8a2e6f:192.168.157.254:44523], old=null
2019-10-16 20:42:12,821 [bc0bc980-c963-48ce-962e-85091c893131@group-28ACFA97060E-LeaderElection121] INFO  impl.LeaderElection (LeaderElection.java:askForVotes(178)) - bc0bc980-c963-48ce-962e-85091c893131@group-28ACFA97060E-LeaderElection121: begin an election at term 100 for -1: [46069bd9-45fc-4c82-823c-36f07a1bcff0:192.168.157.254:34001, bc0bc980-c963-48ce-962e-85091c893131:192.168.157.254:46787, d612b743-bedc-4c3f-983e-e3329f8a2e6f:192.168.157.254:44523], old=null
2019-10-16 20:42:12,824 [grpc-default-executor-0] INFO  impl.RaftServerImpl (RaftServerImpl.java:setRole(184)) - 46069bd9-45fc-4c82-823c-36f07a1bcff0@group-28ACFA97060E: changes role from  FOLLOWER to FOLLOWER at term 100 for recognizeCandidate:bc0bc980-c963-48ce-962e-85091c893131
2019-10-16 20:42:12,824 [grpc-default-executor-0] INFO  impl.RoleInfo (RoleInfo.java:shutdownFollowerState(121)) - 46069bd9-45fc-4c82-823c-36f07a1bcff0: shutdown FollowerState
2019-10-16 20:42:12,824 [grpc-default-executor-0] INFO  impl.RoleInfo (RoleInfo.java:updateAndGet(143)) - 46069bd9-45fc-4c82-823c-36f07a1bcff0: start FollowerState
2019-10-16 20:42:12,824 [Thread-1373] INFO  impl.FollowerState (FollowerState.java:run(117)) - 46069bd9-45fc-4c82-823c-36f07a1bcff0@group-28ACFA97060E-FollowerState was interrupted: java.lang.InterruptedException: sleep interrupted
2019-10-16 20:42:12,825 [grpc-default-executor-2] INFO  impl.RaftServerImpl (RaftServerImpl.java:setRole(184)) - d612b743-bedc-4c3f-983e-e3329f8a2e6f@group-28ACFA97060E: changes role from  FOLLOWER to FOLLOWER at term 100 for recognizeCandidate:bc0bc980-c963-48ce-962e-85091c893131
2019-10-16 20:42:12,825 [grpc-default-executor-2] INFO  impl.RoleInfo (RoleInfo.java:shutdownFollowerState(121)) - d612b743-bedc-4c3f-983e-e3329f8a2e6f: shutdown FollowerState
2019-10-16 20:42:12,825 [grpc-default-executor-2] INFO  impl.RoleInfo (RoleInfo.java:updateAndGet(143)) - d612b743-bedc-4c3f-983e-e3329f8a2e6f: start FollowerState
2019-10-16 20:42:12,825 [Thread-1372] INFO  impl.FollowerState (FollowerState.java:run(117)) - d612b743-bedc-4c3f-983e-e3329f8a2e6f@group-28ACFA97060E-FollowerState was interrupted: java.lang.InterruptedException: sleep interrupted
2019-10-16 20:42:12,901 [bc0bc980-c963-48ce-962e-85091c893131@group-28ACFA97060E-LeaderElection121] INFO  impl.LeaderElection (LeaderElection.java:logAndReturn(56)) - bc0bc980-c963-48ce-962e-85091c893131@group-28ACFA97060E-LeaderElection121: Election REJECTED; received 2 response(s) [bc0bc980-c963-48ce-962e-85091c893131<-46069bd9-45fc-4c82-823c-36f07a1bcff0#0:FAIL-t100, bc0bc980-c963-48ce-962e-85091c893131<-d612b743-bedc-4c3f-983e-e3329f8a2e6f#0:FAIL-t100] and 0 exception(s); bc0bc980-c963-48ce-962e-85091c893131@group-28ACFA97060E:t100, leader=null, voted=bc0bc980-c963-48ce-962e-85091c893131, raftlog=bc0bc980-c963-48ce-962e-85091c893131@group-28ACFA97060E-SegmentedRaftLog:OPENED:c-1,f-1,i0, conf=-1: [46069bd9-45fc-4c82-823c-36f07a1bcff0:192.168.157.254:34001, bc0bc980-c963-48ce-962e-85091c893131:192.168.157.254:46787, d612b743-bedc-4c3f-983e-e3329f8a2e6f:192.168.157.254:44523], old=null
2019-10-16 20:42:12,902 [bc0bc980-c963-48ce-962e-85091c893131@group-28ACFA97060E-LeaderElection121] INFO  impl.RaftServerImpl (RaftServerImpl.java:setRole(184)) - bc0bc980-c963-48ce-962e-85091c893131@group-28ACFA97060E: changes role from CANDIDATE to FOLLOWER at term 100 for DISCOVERED_A_NEW_TERM
2019-10-16 20:42:12,902 [bc0bc980-c963-48ce-962e-85091c893131@group-28ACFA97060E-LeaderElection121] INFO  impl.RoleInfo (RoleInfo.java:shutdownLeaderElection(134)) - bc0bc980-c963-48ce-962e-85091c893131: shutdown LeaderElection
2019-10-16 20:42:12,902 [bc0bc980-c963-48ce-962e-85091c893131@group-28ACFA97060E-LeaderElection121] INFO  impl.RoleInfo (RoleInfo.java:updateAndGet(143)) - bc0bc980-c963-48ce-962e-85091c893131: start FollowerState
2019-10-16 20:42:12,953 [Thread-1378] INFO  impl.FollowerState (FollowerState.java:run(108)) - bc0bc980-c963-48ce-962e-85091c893131@group-28ACFA97060E-FollowerState: change to CANDIDATE, lastRpcTime:51ms, electionTimeout:51ms
2019-10-16 20:42:12,954 [Thread-1378] INFO  impl.RoleInfo (RoleInfo.java:shutdownFollowerState(121)) - bc0bc980-c963-48ce-962e-85091c893131: shutdown FollowerState
2019-10-16 20:42:12,954 [Thread-1378] INFO  impl.RaftServerImpl (RaftServerImpl.java:setRole(184)) - bc0bc980-c963-48ce-962e-85091c893131@group-28ACFA97060E: changes role from  FOLLOWER to CANDIDATE at term 100 for changeToCandidate
2019-10-16 20:42:12,954 [Thread-1378] INFO  impl.RoleInfo (RoleInfo.java:updateAndGet(143)) - bc0bc980-c963-48ce-962e-85091c893131: start LeaderElection
2019-10-16 20:42:12,973 [bc0bc980-c963-48ce-962e-85091c893131@group-28ACFA97060E-LeaderElection122] INFO  impl.LeaderElection (LeaderElection.java:askForVotes(178)) - bc0bc980-c963-48ce-962e-85091c893131@group-28ACFA97060E-LeaderElection122: begin an election at term 101 for -1: [46069bd9-45fc-4c82-823c-36f07a1bcff0:192.168.157.254:34001, bc0bc980-c963-48ce-962e-85091c893131:192.168.157.254:46787, d612b743-bedc-4c3f-983e-e3329f8a2e6f:192.168.157.254:44523], old=null
2019-10-16 20:42:12,976 [grpc-default-executor-2] INFO  impl.RaftServerImpl (RaftServerImpl.java:setRole(184)) - 46069bd9-45fc-4c82-823c-36f07a1bcff0@group-28ACFA97060E: changes role from  FOLLOWER to FOLLOWER at term 101 for recognizeCandidate:bc0bc980-c963-48ce-962e-85091c893131
2019-10-16 20:42:12,976 [grpc-default-executor-2] INFO  impl.RoleInfo (RoleInfo.java:shutdownFollowerState(121)) - 46069bd9-45fc-4c82-823c-36f07a1bcff0: shutdown FollowerState
2019-10-16 20:42:12,976 [grpc-default-executor-2] INFO  impl.RoleInfo (RoleInfo.java:updateAndGet(143)) - 46069bd9-45fc-4c82-823c-36f07a1bcff0: start FollowerState
2019-10-16 20:42:12,976 [Thread-1376] INFO  impl.FollowerState (FollowerState.java:run(117)) - 46069bd9-45fc-4c82-823c-36f07a1bcff0@group-28ACFA97060E-FollowerState was interrupted: java.lang.InterruptedException: sleep interrupted
2019-10-16 20:42:12,976 [grpc-default-executor-0] INFO  impl.RaftServerImpl (RaftServerImpl.java:setRole(184)) - d612b743-bedc-4c3f-983e-e3329f8a2e6f@group-28ACFA97060E: changes role from  FOLLOWER to FOLLOWER at term 101 for recognizeCandidate:bc0bc980-c963-48ce-962e-85091c893131
2019-10-16 20:42:12,976 [grpc-default-executor-0] INFO  impl.RoleInfo (RoleInfo.java:shutdownFollowerState(121)) - d612b743-bedc-4c3f-983e-e3329f8a2e6f: shutdown FollowerState
2019-10-16 20:42:12,977 [grpc-default-executor-0] INFO  impl.RoleInfo (RoleInfo.java:updateAndGet(143)) - d612b743-bedc-4c3f-983e-e3329f8a2e6f: start FollowerState
2019-10-16 20:42:12,977 [Thread-1377] INFO  impl.FollowerState (FollowerState.java:run(117)) - d612b743-bedc-4c3f-983e-e3329f8a2e6f@group-28ACFA97060E-FollowerState was interrupted: java.lang.InterruptedException: sleep interrupted
2019-10-16 20:42:12,987 [bc0bc980-c963-48ce-962e-85091c893131@group-28ACFA97060E-LeaderElection122] INFO  impl.LeaderElection (LeaderElection.java:logAndReturn(56)) - bc0bc980-c963-48ce-962e-85091c893131@group-28ACFA97060E-LeaderElection122: Election REJECTED; received 2 response(s) [bc0bc980-c963-48ce-962e-85091c893131<-46069bd9-45fc-4c82-823c-36f07a1bcff0#0:FAIL-t101, bc0bc980-c963-48ce-962e-85091c893131<-d612b743-bedc-4c3f-983e-e3329f8a2e6f#0:FAIL-t101] and 0 exception(s); bc0bc980-c963-48ce-962e-85091c893131@group-28ACFA97060E:t101, leader=null, voted=bc0bc980-c963-48ce-962e-85091c893131, raftlog=bc0bc980-c963-48ce-962e-85091c893131@group-28ACFA97060E-SegmentedRaftLog:OPENED:c-1,f-1,i0, conf=-1: [46069bd9-45fc-4c82-823c-36f07a1bcff0:192.168.157.254:34001, bc0bc980-c963-48ce-962e-85091c893131:192.168.157.254:46787, d612b743-bedc-4c3f-983e-e3329f8a2e6f:192.168.157.254:44523], old=null
2019-10-16 20:42:12,987 [bc0bc980-c963-48ce-962e-85091c893131@group-28ACFA97060E-LeaderElection122] INFO  impl.RaftServerImpl (RaftServerImpl.java:setRole(184)) - bc0bc980-c963-48ce-962e-85091c893131@group-28ACFA97060E: changes role from CANDIDATE to FOLLOWER at term 101 for DISCOVERED_A_NEW_TERM
2019-10-16 20:42:12,987 [bc0bc980-c963-48ce-962e-85091c893131@group-28ACFA97060E-LeaderElection122] INFO  impl.RoleInfo (RoleInfo.java:shutdownLeaderElection(134)) - bc0bc980-c963-48ce-962e-85091c893131: shutdown LeaderElection
2019-10-16 20:42:12,987 [bc0bc980-c963-48ce-962e-85091c893131@group-28ACFA97060E-LeaderElection122] INFO  impl.RoleInfo (RoleInfo.java:updateAndGet(143)) - bc0bc980-c963-48ce-962e-85091c893131: start FollowerState
2019-10-16 20:42:13,035 [Thread-1384] INFO  impl.FollowerState (FollowerState.java:run(108)) - bc0bc980-c963-48ce-962e-85091c893131@group-28ACFA97060E-FollowerState: change to CANDIDATE, lastRpcTime:48ms, electionTimeout:48ms
2019-10-16 20:42:13,036 [Thread-1384] INFO  impl.RoleInfo (RoleInfo.java:shutdownFollowerState(121)) - bc0bc980-c963-48ce-962e-85091c893131: shutdown FollowerState
2019-10-16 20:42:13,036 [Thread-1384] INFO  impl.RaftServerImpl (RaftServerImpl.java:setRole(184)) - bc0bc980-c963-48ce-962e-85091c893131@group-28ACFA97060E: changes role from  FOLLOWER to CANDIDATE at term 101 for changeToCandidate
2019-10-16 20:42:13,036 [Thread-1384] INFO  impl.RoleInfo (RoleInfo.java:updateAndGet(143)) - bc0bc980-c963-48ce-962e-85091c893131: start LeaderElection
2019-10-16 20:42:13,050 [bc0bc980-c963-48ce-962e-85091c893131@group-28ACFA97060E-LeaderElection123] INFO  impl.LeaderElection (LeaderElection.java:askForVotes(178)) - bc0bc980-c963-48ce-962e-85091c893131@group-28ACFA97060E-LeaderElection123: begin an election at term 102 for -1: [46069bd9-45fc-4c82-823c-36f07a1bcff0:192.168.157.254:34001, bc0bc980-c963-48ce-962e-85091c893131:192.168.157.254:46787, d612b743-bedc-4c3f-983e-e3329f8a2e6f:192.168.157.254:44523], old=null
2019-10-16 20:42:13,053 [grpc-default-executor-0] INFO  impl.RaftServerImpl (RaftServerImpl.java:setRole(184)) - 46069bd9-45fc-4c82-823c-36f07a1bcff0@group-28ACFA97060E: changes role from  FOLLOWER to FOLLOWER at term 102 for recognizeCandidate:bc0bc980-c963-48ce-962e-85091c893131
2019-10-16 20:42:13,053 [grpc-default-executor-2] INFO  impl.RaftServerImpl (RaftServerImpl.java:setRole(184)) - d612b743-bedc-4c3f-983e-e3329f8a2e6f@group-28ACFA97060E: changes role from  FOLLOWER to FOLLOWER at term 102 for recognizeCandidate:bc0bc980-c963-48ce-962e-85091c893131
2019-10-16 20:42:13,053 [grpc-default-executor-0] INFO  impl.RoleInfo (RoleInfo.java:shutdownFollowerState(121)) - 46069bd9-45fc-4c82-823c-36f07a1bcff0: shutdown FollowerState
2019-10-16 20:42:13,054 [grpc-default-executor-2] INFO  impl.RoleInfo (RoleInfo.java:shutdownFollowerState(121)) - d612b743-bedc-4c3f-983e-e3329f8a2e6f: shutdown FollowerState
2019-10-16 20:42:13,054 [Thread-1382] INFO  impl.FollowerState (FollowerState.java:run(117)) - 46069bd9-45fc-4c82-823c-36f07a1bcff0@group-28ACFA97060E-FollowerState was interrupted: java.lang.InterruptedException: sleep interrupted
2019-10-16 20:42:13,054 [grpc-default-executor-2] INFO  impl.RoleInfo (RoleInfo.java:updateAndGet(143)) - d612b743-bedc-4c3f-983e-e3329f8a2e6f: start FollowerState
2019-10-16 20:42:13,054 [grpc-default-executor-0] INFO  impl.RoleInfo (RoleInfo.java:updateAndGet(143)) - 46069bd9-45fc-4c82-823c-36f07a1bcff0: start FollowerState
2019-10-16 20:42:13,054 [Thread-1383] INFO  impl.FollowerState (FollowerState.java:run(117)) - d612b743-bedc-4c3f-983e-e3329f8a2e6f@group-28ACFA97060E-FollowerState was interrupted: java.lang.InterruptedException: sleep interrupted
2019-10-16 20:42:13,111 [bc0bc980-c963-48ce-962e-85091c893131@group-28ACFA97060E-LeaderElection123] INFO  impl.LeaderElection (LeaderElection.java:logAndReturn(56)) - bc0bc980-c963-48ce-962e-85091c893131@group-28ACFA97060E-LeaderElection123: Election REJECTED; received 2 response(s) [bc0bc980-c963-48ce-962e-85091c893131<-46069bd9-45fc-4c82-823c-36f07a1bcff0#0:FAIL-t102, bc0bc980-c963-48ce-962e-85091c893131<-d612b743-bedc-4c3f-983e-e3329f8a2e6f#0:FAIL-t102] and 0 exception(s); bc0bc980-c963-48ce-962e-85091c893131@group-28ACFA97060E:t102, leader=null, voted=bc0bc980-c963-48ce-962e-85091c893131, raftlog=bc0bc980-c963-48ce-962e-85091c893131@group-28ACFA97060E-SegmentedRaftLog:OPENED:c-1,f-1,i0, conf=-1: [46069bd9-45fc-4c82-823c-36f07a1bcff0:192.168.157.254:34001, bc0bc980-c963-48ce-962e-85091c893131:192.168.157.254:46787, d612b743-bedc-4c3f-983e-e3329f8a2e6f:192.168.157.254:44523], old=null
2019-10-16 20:42:13,111 [bc0bc980-c963-48ce-962e-85091c893131@group-28ACFA97060E-LeaderElection123] INFO  impl.RaftServerImpl (RaftServerImpl.java:setRole(184)) - bc0bc980-c963-48ce-962e-85091c893131@group-28ACFA97060E: changes role from CANDIDATE to FOLLOWER at term 102 for DISCOVERED_A_NEW_TERM
2019-10-16 20:42:13,111 [bc0bc980-c963-48ce-962e-85091c893131@group-28ACFA97060E-LeaderElection123] INFO  impl.RoleInfo (RoleInfo.java:shutdownLeaderElection(134)) - bc0bc980-c963-48ce-962e-85091c893131: shutdown LeaderElection
2019-10-16 20:42:13,111 [bc0bc980-c963-48ce-962e-85091c893131@group-28ACFA97060E-LeaderElection123] INFO  impl.RoleInfo (RoleInfo.java:updateAndGet(143)) - bc0bc980-c963-48ce-962e-85091c893131: start FollowerState
2019-10-16 20:42:13,116 [Thread-1390] INFO  impl.FollowerState (FollowerState.java:run(108)) - bc0bc980-c963-48ce-962e-85091c893131@group-28ACFA97060E-FollowerState: change to CANDIDATE, lastRpcTime:4ms, electionTimeout:4ms
2019-10-16 20:42:13,116 [Thread-1390] INFO  impl.RoleInfo (RoleInfo.java:shutdownFollowerState(121)) - bc0bc980-c963-48ce-962e-85091c893131: shutdown FollowerState
2019-10-16 20:42:13,116 [Thread-1390] INFO  impl.RaftServerImpl (RaftServerImpl.java:setRole(184)) - bc0bc980-c963-48ce-962e-85091c893131@group-28ACFA97060E: changes role from  FOLLOWER to CANDIDATE at term 102 for changeToCandidate
2019-10-16 20:42:13,116 [Thread-1390] INFO  impl.RoleInfo (RoleInfo.java:updateAndGet(143)) - bc0bc980-c963-48ce-962e-85091c893131: start LeaderElection
2019-10-16 20:42:13,130 [bc0bc980-c963-48ce-962e-85091c893131@group-28ACFA97060E-LeaderElection124] INFO  impl.LeaderElection (LeaderElection.java:askForVotes(178)) - bc0bc980-c963-48ce-962e-85091c893131@group-28ACFA97060E-LeaderElection124: begin an election at term 103 for -1: [46069bd9-45fc-4c82-823c-36f07a1bcff0:192.168.157.254:34001, bc0bc980-c963-48ce-962e-85091c893131:192.168.157.254:46787, d612b743-bedc-4c3f-983e-e3329f8a2e6f:192.168.157.254:44523], old=null
2019-10-16 20:42:13,132 [grpc-default-executor-2] INFO  impl.RaftServerImpl (RaftServerImpl.java:setRole(184)) - d612b743-bedc-4c3f-983e-e3329f8a2e6f@group-28ACFA97060E: changes role from  FOLLOWER to FOLLOWER at term 103 for recognizeCandidate:bc0bc980-c963-48ce-962e-85091c893131
2019-10-16 20:42:13,132 [grpc-default-executor-0] INFO  impl.RaftServerImpl (RaftServerImpl.java:setRole(184)) - 46069bd9-45fc-4c82-823c-36f07a1bcff0@group-28ACFA97060E: changes role from  FOLLOWER to FOLLOWER at term 103 for recognizeCandidate:bc0bc980-c963-48ce-962e-85091c893131
2019-10-16 20:42:13,132 [grpc-default-executor-0] INFO  impl.RoleInfo (RoleInfo.java:shutdownFollowerState(121)) - 46069bd9-45fc-4c82-823c-36f07a1bcff0: shutdown FollowerState
2019-10-16 20:42:13,132 [grpc-default-executor-2] INFO  impl.RoleInfo (RoleInfo.java:shutdownFollowerState(121)) - d612b743-bedc-4c3f-983e-e3329f8a2e6f: shutdown FollowerState
2019-10-16 20:42:13,133 [Thread-1388] INFO  impl.FollowerState (FollowerState.java:run(117)) - 46069bd9-45fc-4c82-823c-36f07a1bcff0@group-28ACFA97060E-FollowerState was interrupted: java.lang.InterruptedException: sleep interrupted
2019-10-16 20:42:13,133 [grpc-default-executor-0] INFO  impl.RoleInfo (RoleInfo.java:updateAndGet(143)) - 46069bd9-45fc-4c82-823c-36f07a1bcff0: start FollowerState
2019-10-16 20:42:13,133 [Thread-1389] INFO  impl.FollowerState (FollowerState.java:run(117)) - d612b743-bedc-4c3f-983e-e3329f8a2e6f@group-28ACFA97060E-FollowerState was interrupted: java.lang.InterruptedException: sleep interrupted
2019-10-16 20:42:13,133 [grpc-default-executor-2] INFO  impl.RoleInfo (RoleInfo.java:updateAndGet(143)) - d612b743-bedc-4c3f-983e-e3329f8a2e6f: start FollowerState
2019-10-16 20:42:13,164 [bc0bc980-c963-48ce-962e-85091c893131@group-28ACFA97060E-LeaderElection124] INFO  impl.LeaderElection (LeaderElection.java:logAndReturn(56)) - bc0bc980-c963-48ce-962e-85091c893131@group-28ACFA97060E-LeaderElection124: Election TIMEOUT; received 1 response(s) [bc0bc980-c963-48ce-962e-85091c893131<-d612b743-bedc-4c3f-983e-e3329f8a2e6f#0:FAIL-t103] and 0 exception(s); bc0bc980-c963-48ce-962e-85091c893131@group-28ACFA97060E:t103, leader=null, voted=bc0bc980-c963-48ce-962e-85091c893131, raftlog=bc0bc980-c963-48ce-962e-85091c893131@group-28ACFA97060E-SegmentedRaftLog:OPENED:c-1,f-1,i0, conf=-1: [46069bd9-45fc-4c82-823c-36f07a1bcff0:192.168.157.254:34001, bc0bc980-c963-48ce-962e-85091c893131:192.168.157.254:46787, d612b743-bedc-4c3f-983e-e3329f8a2e6f:192.168.157.254:44523], old=null
2019-10-16 20:42:13,238 [bc0bc980-c963-48ce-962e-85091c893131@group-28ACFA97060E-LeaderElection124] INFO  impl.LeaderElection (LeaderElection.java:askForVotes(178)) - bc0bc980-c963-48ce-962e-85091c893131@group-28ACFA97060E-LeaderElection124: begin an election at term 104 for -1: [46069bd9-45fc-4c82-823c-36f07a1bcff0:192.168.157.254:34001, bc0bc980-c963-48ce-962e-85091c893131:192.168.157.254:46787, d612b743-bedc-4c3f-983e-e3329f8a2e6f:192.168.157.254:44523], old=null
2019-10-16 20:42:13,240 [grpc-default-executor-2] INFO  impl.RaftServerImpl (RaftServerImpl.java:setRole(184)) - d612b743-bedc-4c3f-983e-e3329f8a2e6f@group-28ACFA97060E: changes role from  FOLLOWER to FOLLOWER at term 104 for recognizeCandidate:bc0bc980-c963-48ce-962e-85091c893131
2019-10-16 20:42:13,240 [grpc-default-executor-2] INFO  impl.RoleInfo (RoleInfo.java:shutdownFollowerState(121)) - d612b743-bedc-4c3f-983e-e3329f8a2e6f: shutdown FollowerState
2019-10-16 20:42:13,240 [grpc-default-executor-0] INFO  impl.RaftServerImpl (RaftServerImpl.java:setRole(184)) - 46069bd9-45fc-4c82-823c-36f07a1bcff0@group-28ACFA97060E: changes role from  FOLLOWER to FOLLOWER at term 104 for recognizeCandidate:bc0bc980-c963-48ce-962e-85091c893131
2019-10-16 20:42:13,240 [Thread-1395] INFO  impl.FollowerState (FollowerState.java:run(117)) - d612b743-bedc-4c3f-983e-e3329f8a2e6f@group-28ACFA97060E-FollowerState was interrupted: java.lang.InterruptedException: sleep interrupted
2019-10-16 20:42:13,240 [grpc-default-executor-2] INFO  impl.RoleInfo (RoleInfo.java:updateAndGet(143)) - d612b743-bedc-4c3f-983e-e3329f8a2e6f: start FollowerState
2019-10-16 20:42:13,240 [grpc-default-executor-0] INFO  impl.RoleInfo (RoleInfo.java:shutdownFollowerState(121)) - 46069bd9-45fc-4c82-823c-36f07a1bcff0: shutdown FollowerState
2019-10-16 20:42:13,241 [grpc-default-executor-0] INFO  impl.RoleInfo (RoleInfo.java:updateAndGet(143)) - 46069bd9-45fc-4c82-823c-36f07a1bcff0: start FollowerState
2019-10-16 20:42:13,241 [Thread-1394] INFO  impl.FollowerState (FollowerState.java:run(117)) - 46069bd9-45fc-4c82-823c-36f07a1bcff0@group-28ACFA97060E-FollowerState was interrupted: java.lang.InterruptedException: sleep interrupted
2019-10-16 20:42:13,252 [bc0bc980-c963-48ce-962e-85091c893131@group-28ACFA97060E-LeaderElection124] INFO  impl.LeaderElection (LeaderElection.java:logAndReturn(56)) - bc0bc980-c963-48ce-962e-85091c893131@group-28ACFA97060E-LeaderElection124: Election REJECTED; received 2 response(s) [bc0bc980-c963-48ce-962e-85091c893131<-46069bd9-45fc-4c82-823c-36f07a1bcff0#0:FAIL-t104, bc0bc980-c963-48ce-962e-85091c893131<-d612b743-bedc-4c3f-983e-e3329f8a2e6f#0:FAIL-t104] and 0 exception(s); bc0bc980-c963-48ce-962e-85091c893131@group-28ACFA97060E:t104, leader=null, voted=bc0bc980-c963-48ce-962e-85091c893131, raftlog=bc0bc980-c963-48ce-962e-85091c893131@group-28ACFA97060E-SegmentedRaftLog:OPENED:c-1,f-1,i0, conf=-1: [46069bd9-45fc-4c82-823c-36f07a1bcff0:192.168.157.254:34001, bc0bc980-c963-48ce-962e-85091c893131:192.168.157.254:46787, d612b743-bedc-4c3f-983e-e3329f8a2e6f:192.168.157.254:44523], old=null
2019-10-16 20:42:13,252 [bc0bc980-c963-48ce-962e-85091c893131@group-28ACFA97060E-LeaderElection124] INFO  impl.RaftServerImpl (RaftServerImpl.java:setRole(184)) - bc0bc980-c963-48ce-962e-85091c893131@group-28ACFA97060E: changes role from CANDIDATE to FOLLOWER at term 104 for DISCOVERED_A_NEW_TERM
2019-10-16 20:42:13,252 [bc0bc980-c963-48ce-962e-85091c893131@group-28ACFA97060E-LeaderElection124] INFO  impl.RoleInfo (RoleInfo.java:shutdownLeaderElection(134)) - bc0bc980-c963-48ce-962e-85091c893131: shutdown LeaderElection
2019-10-16 20:42:13,253 [bc0bc980-c963-48ce-962e-85091c893131@group-28ACFA97060E-LeaderElection124] INFO  impl.RoleInfo (RoleInfo.java:updateAndGet(143)) - bc0bc980-c963-48ce-962e-85091c893131: start FollowerState
2019-10-16 20:42:13,256 [Thread-1400] INFO  impl.FollowerState (FollowerState.java:run(108)) - bc0bc980-c963-48ce-962e-85091c893131@group-28ACFA97060E-FollowerState: change to CANDIDATE, lastRpcTime:3ms, electionTimeout:3ms
2019-10-16 20:42:13,256 [Thread-1400] INFO  impl.RoleInfo (RoleInfo.java:shutdownFollowerState(121)) - bc0bc980-c963-48ce-962e-85091c893131: shutdown FollowerState
2019-10-16 20:42:13,256 [Thread-1400] INFO  impl.RaftServerImpl (RaftServerImpl.java:setRole(184)) - bc0bc980-c963-48ce-962e-85091c893131@group-28ACFA97060E: changes role from  FOLLOWER to CANDIDATE at term 104 for changeToCandidate
2019-10-16 20:42:13,256 [Thread-1400] INFO  impl.RoleInfo (RoleInfo.java:updateAndGet(143)) - bc0bc980-c963-48ce-962e-85091c893131: start LeaderElection
2019-10-16 20:42:13,263 [bc0bc980-c963-48ce-962e-85091c893131@group-28ACFA97060E-LeaderElection125] INFO  impl.LeaderElection (LeaderElection.java:askForVotes(178)) - bc0bc980-c963-48ce-962e-85091c893131@group-28ACFA97060E-LeaderElection125: begin an election at term 105 for -1: [46069bd9-45fc-4c82-823c-36f07a1bcff0:192.168.157.254:34001, bc0bc980-c963-48ce-962e-85091c893131:192.168.157.254:46787, d612b743-bedc-4c3f-983e-e3329f8a2e6f:192.168.157.254:44523], old=null
2019-10-16 20:42:13,266 [grpc-default-executor-0] INFO  impl.RaftServerImpl (RaftServerImpl.java:setRole(184)) - 46069bd9-45fc-4c82-823c-36f07a1bcff0@group-28ACFA97060E: changes role from  FOLLOWER to FOLLOWER at term 105 for recognizeCandidate:bc0bc980-c963-48ce-962e-85091c893131
2019-10-16 20:42:13,266 [grpc-default-executor-0] INFO  impl.RoleInfo (RoleInfo.java:shutdownFollowerState(121)) - 46069bd9-45fc-4c82-823c-36f07a1bcff0: shutdown FollowerState
2019-10-16 20:42:13,266 [grpc-default-executor-0] INFO  impl.RoleInfo (RoleInfo.java:updateAndGet(143)) - 46069bd9-45fc-4c82-823c-36f07a1bcff0: start FollowerState
2019-10-16 20:42:13,266 [grpc-default-executor-2] INFO  impl.RaftServerImpl (RaftServerImpl.java:setRole(184)) - d612b743-bedc-4c3f-983e-e3329f8a2e6f@group-28ACFA97060E: changes role from  FOLLOWER to FOLLOWER at term 105 for recognizeCandidate:bc0bc980-c963-48ce-962e-85091c893131
2019-10-16 20:42:13,266 [Thread-1399] INFO  impl.FollowerState (FollowerState.java:run(117)) - 46069bd9-45fc-4c82-823c-36f07a1bcff0@group-28ACFA97060E-FollowerState was interrupted: java.lang.InterruptedException: sleep interrupted
2019-10-16 20:42:13,266 [grpc-default-executor-2] INFO  impl.RoleInfo (RoleInfo.java:shutdownFollowerState(121)) - d612b743-bedc-4c3f-983e-e3329f8a2e6f: shutdown FollowerState
2019-10-16 20:42:13,267 [grpc-default-executor-2] INFO  impl.RoleInfo (RoleInfo.java:updateAndGet(143)) - d612b743-bedc-4c3f-983e-e3329f8a2e6f: start FollowerState
2019-10-16 20:42:13,267 [Thread-1398] INFO  impl.FollowerState (FollowerState.java:run(117)) - d612b743-bedc-4c3f-983e-e3329f8a2e6f@group-28ACFA97060E-FollowerState was interrupted: java.lang.InterruptedException: sleep interrupted
2019-10-16 20:42:13,274 [bc0bc980-c963-48ce-962e-85091c893131@group-28ACFA97060E-LeaderElection125] INFO  impl.LeaderElection (LeaderElection.java:logAndReturn(56)) - bc0bc980-c963-48ce-962e-85091c893131@group-28ACFA97060E-LeaderElection125: Election TIMEOUT; received 0 response(s) [] and 0 exception(s); bc0bc980-c963-48ce-962e-85091c893131@group-28ACFA97060E:t105, leader=null, voted=bc0bc980-c963-48ce-962e-85091c893131, raftlog=bc0bc980-c963-48ce-962e-85091c893131@group-28ACFA97060E-SegmentedRaftLog:OPENED:c-1,f-1,i0, conf=-1: [46069bd9-45fc-4c82-823c-36f07a1bcff0:192.168.157.254:34001, bc0bc980-c963-48ce-962e-85091c893131:192.168.157.254:46787, d612b743-bedc-4c3f-983e-e3329f8a2e6f:192.168.157.254:44523], old=null
2019-10-16 20:42:13,304 [bc0bc980-c963-48ce-962e-85091c893131@group-28ACFA97060E-LeaderElection125] INFO  impl.LeaderElection (LeaderElection.java:askForVotes(178)) - bc0bc980-c963-48ce-962e-85091c893131@group-28ACFA97060E-LeaderElection125: begin an election at term 106 for -1: [46069bd9-45fc-4c82-823c-36f07a1bcff0:192.168.157.254:34001, bc0bc980-c963-48ce-962e-85091c893131:192.168.157.254:46787, d612b743-bedc-4c3f-983e-e3329f8a2e6f:192.168.157.254:44523], old=null
2019-10-16 20:42:13,306 [grpc-default-executor-0] INFO  impl.RaftServerImpl (RaftServerImpl.java:setRole(184)) - 46069bd9-45fc-4c82-823c-36f07a1bcff0@group-28ACFA97060E: changes role from  FOLLOWER to FOLLOWER at term 106 for recognizeCandidate:bc0bc980-c963-48ce-962e-85091c893131
2019-10-16 20:42:13,306 [grpc-default-executor-0] INFO  impl.RoleInfo (RoleInfo.java:shutdownFollowerState(121)) - 46069bd9-45fc-4c82-823c-36f07a1bcff0: shutdown FollowerState
2019-10-16 20:42:13,306 [grpc-default-executor-2] INFO  impl.RaftServerImpl (RaftServerImpl.java:setRole(184)) - d612b743-bedc-4c3f-983e-e3329f8a2e6f@group-28ACFA97060E: changes role from  FOLLOWER to FOLLOWER at term 106 for recognizeCandidate:bc0bc980-c963-48ce-962e-85091c893131
2019-10-16 20:42:13,306 [Thread-1404] INFO  impl.FollowerState (FollowerState.java:run(117)) - 46069bd9-45fc-4c82-823c-36f07a1bcff0@group-28ACFA97060E-FollowerState was interrupted: java.lang.InterruptedException: sleep interrupted
2019-10-16 20:42:13,306 [grpc-default-executor-0] INFO  impl.RoleInfo (RoleInfo.java:updateAndGet(143)) - 46069bd9-45fc-4c82-823c-36f07a1bcff0: start FollowerState
2019-10-16 20:42:13,307 [grpc-default-executor-2] INFO  impl.RoleInfo (RoleInfo.java:shutdownFollowerState(121)) - d612b743-bedc-4c3f-983e-e3329f8a2e6f: shutdown FollowerState
2019-10-16 20:42:13,307 [grpc-default-executor-2] INFO  impl.RoleInfo (RoleInfo.java:updateAndGet(143)) - d612b743-bedc-4c3f-983e-e3329f8a2e6f: start FollowerState
2019-10-16 20:42:13,307 [Thread-1405] INFO  impl.FollowerState (FollowerState.java:run(117)) - d612b743-bedc-4c3f-983e-e3329f8a2e6f@group-28ACFA97060E-FollowerState was interrupted: java.lang.InterruptedException: sleep interrupted
2019-10-16 20:42:13,332 [bc0bc980-c963-48ce-962e-85091c893131@group-28ACFA97060E-LeaderElection125] INFO  impl.LeaderElection (LeaderElection.java:logAndReturn(56)) - bc0bc980-c963-48ce-962e-85091c893131@group-28ACFA97060E-LeaderElection125: Election REJECTED; received 2 response(s) [bc0bc980-c963-48ce-962e-85091c893131<-46069bd9-45fc-4c82-823c-36f07a1bcff0#0:FAIL-t106, bc0bc980-c963-48ce-962e-85091c893131<-d612b743-bedc-4c3f-983e-e3329f8a2e6f#0:FAIL-t106] and 0 exception(s); bc0bc980-c963-48ce-962e-85091c893131@group-28ACFA97060E:t106, leader=null, voted=bc0bc980-c963-48ce-962e-85091c893131, raftlog=bc0bc980-c963-48ce-962e-85091c893131@group-28ACFA97060E-SegmentedRaftLog:OPENED:c-1,f-1,i0, conf=-1: [46069bd9-45fc-4c82-823c-36f07a1bcff0:192.168.157.254:34001, bc0bc980-c963-48ce-962e-85091c893131:192.168.157.254:46787, d612b743-bedc-4c3f-983e-e3329f8a2e6f:192.168.157.254:44523], old=null
2019-10-16 20:42:13,333 [bc0bc980-c963-48ce-962e-85091c893131@group-28ACFA97060E-LeaderElection125] INFO  impl.RaftServerImpl (RaftServerImpl.java:setRole(184)) - bc0bc980-c963-48ce-962e-85091c893131@group-28ACFA97060E: changes role from CANDIDATE to FOLLOWER at term 106 for DISCOVERED_A_NEW_TERM
2019-10-16 20:42:13,333 [bc0bc980-c963-48ce-962e-85091c893131@group-28ACFA97060E-LeaderElection125] INFO  impl.RoleInfo (RoleInfo.java:shutdownLeaderElection(134)) - bc0bc980-c963-48ce-962e-85091c893131: shutdown LeaderElection
2019-10-16 20:42:13,333 [bc0bc980-c963-48ce-962e-85091c893131@group-28ACFA97060E-LeaderElection125] INFO  impl.RoleInfo (RoleInfo.java:updateAndGet(143)) - bc0bc980-c963-48ce-962e-85091c893131: start FollowerState
2019-10-16 20:42:13,502 [Thread-1410] INFO  impl.FollowerState (FollowerState.java:run(108)) - bc0bc980-c963-48ce-962e-85091c893131@group-28ACFA97060E-FollowerState: change to CANDIDATE, lastRpcTime:169ms, electionTimeout:169ms
2019-10-16 20:42:13,502 [Thread-1410] INFO  impl.RoleInfo (RoleInfo.java:shutdownFollowerState(121)) - bc0bc980-c963-48ce-962e-85091c893131: shutdown FollowerState
2019-10-16 20:42:13,503 [Thread-1410] INFO  impl.RaftServerImpl (RaftServerImpl.java:setRole(184)) - bc0bc980-c963-48ce-962e-85091c893131@group-28ACFA97060E: changes role from  FOLLOWER to CANDIDATE at term 106 for changeToCandidate
2019-10-16 20:42:13,503 [Thread-1410] INFO  impl.RoleInfo (RoleInfo.java:updateAndGet(143)) - bc0bc980-c963-48ce-962e-85091c893131: start LeaderElection
2019-10-16 20:42:13,517 [bc0bc980-c963-48ce-962e-85091c893131@group-28ACFA97060E-LeaderElection126] INFO  impl.LeaderElection (LeaderElection.java:askForVotes(178)) - bc0bc980-c963-48ce-962e-85091c893131@group-28ACFA97060E-LeaderElection126: begin an election at term 107 for -1: [46069bd9-45fc-4c82-823c-36f07a1bcff0:192.168.157.254:34001, bc0bc980-c963-48ce-962e-85091c893131:192.168.157.254:46787, d612b743-bedc-4c3f-983e-e3329f8a2e6f:192.168.157.254:44523], old=null
2019-10-16 20:42:13,519 [grpc-default-executor-0] INFO  impl.RaftServerImpl (RaftServerImpl.java:setRole(184)) - 46069bd9-45fc-4c82-823c-36f07a1bcff0@group-28ACFA97060E: changes role from  FOLLOWER to FOLLOWER at term 107 for recognizeCandidate:bc0bc980-c963-48ce-962e-85091c893131
2019-10-16 20:42:13,519 [grpc-default-executor-0] INFO  impl.RoleInfo (RoleInfo.java:shutdownFollowerState(121)) - 46069bd9-45fc-4c82-823c-36f07a1bcff0: shutdown FollowerState
2019-10-16 20:42:13,519 [grpc-default-executor-0] INFO  impl.RoleInfo (RoleInfo.java:updateAndGet(143)) - 46069bd9-45fc-4c82-823c-36f07a1bcff0: start FollowerState
2019-10-16 20:42:13,519 [Thread-1408] INFO  impl.FollowerState (FollowerState.java:run(117)) - 46069bd9-45fc-4c82-823c-36f07a1bcff0@group-28ACFA97060E-FollowerState was interrupted: java.lang.InterruptedException: sleep interrupted
2019-10-16 20:42:13,520 [grpc-default-executor-2] INFO  impl.RaftServerImpl (RaftServerImpl.java:setRole(184)) - d612b743-bedc-4c3f-983e-e3329f8a2e6f@group-28ACFA97060E: changes role from  FOLLOWER to FOLLOWER at term 107 for recognizeCandidate:bc0bc980-c963-48ce-962e-85091c893131
2019-10-16 20:42:13,520 [grpc-default-executor-2] INFO  impl.RoleInfo (RoleInfo.java:shutdownFollowerState(121)) - d612b743-bedc-4c3f-983e-e3329f8a2e6f: shutdown FollowerState
2019-10-16 20:42:13,520 [Thread-1409] INFO  impl.FollowerState (FollowerState.java:run(117)) - d612b743-bedc-4c3f-983e-e3329f8a2e6f@group-28ACFA97060E-FollowerState was interrupted: java.lang.InterruptedException: sleep interrupted
2019-10-16 20:42:13,520 [grpc-default-executor-2] INFO  impl.RoleInfo (RoleInfo.java:updateAndGet(143)) - d612b743-bedc-4c3f-983e-e3329f8a2e6f: start FollowerState
2019-10-16 20:42:13,531 [bc0bc980-c963-48ce-962e-85091c893131@group-28ACFA97060E-LeaderElection126] INFO  impl.LeaderElection (LeaderElection.java:logAndReturn(56)) - bc0bc980-c963-48ce-962e-85091c893131@group-28ACFA97060E-LeaderElection126: Election REJECTED; received 2 response(s) [bc0bc980-c963-48ce-962e-85091c893131<-46069bd9-45fc-4c82-823c-36f07a1bcff0#0:FAIL-t107, bc0bc980-c963-48ce-962e-85091c893131<-d612b743-bedc-4c3f-983e-e3329f8a2e6f#0:FAIL-t107] and 0 exception(s); bc0bc980-c963-48ce-962e-85091c893131@group-28ACFA97060E:t107, leader=null, voted=bc0bc980-c963-48ce-962e-85091c893131, raftlog=bc0bc980-c963-48ce-962e-85091c893131@group-28ACFA97060E-SegmentedRaftLog:OPENED:c-1,f-1,i0, conf=-1: [46069bd9-45fc-4c82-823c-36f07a1bcff0:192.168.157.254:34001, bc0bc980-c963-48ce-962e-85091c893131:192.168.157.254:46787, d612b743-bedc-4c3f-983e-e3329f8a2e6f:192.168.157.254:44523], old=null
2019-10-16 20:42:13,531 [bc0bc980-c963-48ce-962e-85091c893131@group-28ACFA97060E-LeaderElection126] INFO  impl.RaftServerImpl (RaftServerImpl.java:setRole(184)) - bc0bc980-c963-48ce-962e-85091c893131@group-28ACFA97060E: changes role from CANDIDATE to FOLLOWER at term 107 for DISCOVERED_A_NEW_TERM
2019-10-16 20:42:13,531 [bc0bc980-c963-48ce-962e-85091c893131@group-28ACFA97060E-LeaderElection126] INFO  impl.RoleInfo (RoleInfo.java:shutdownLeaderElection(134)) - bc0bc980-c963-48ce-962e-85091c893131: shutdown LeaderElection
2019-10-16 20:42:13,531 [bc0bc980-c963-48ce-962e-85091c893131@group-28ACFA97060E-LeaderElection126] INFO  impl.RoleInfo (RoleInfo.java:updateAndGet(143)) - bc0bc980-c963-48ce-962e-85091c893131: start FollowerState
2019-10-16 20:42:13,636 [Thread-1416] INFO  impl.FollowerState (FollowerState.java:run(108)) - bc0bc980-c963-48ce-962e-85091c893131@group-28ACFA97060E-FollowerState: change to CANDIDATE, lastRpcTime:104ms, electionTimeout:104ms
2019-10-16 20:42:13,636 [Thread-1416] INFO  impl.RoleInfo (RoleInfo.java:shutdownFollowerState(121)) - bc0bc980-c963-48ce-962e-85091c893131: shutdown FollowerState
2019-10-16 20:42:13,636 [Thread-1416] INFO  impl.RaftServerImpl (RaftServerImpl.java:setRole(184)) - bc0bc980-c963-48ce-962e-85091c893131@group-28ACFA97060E: changes role from  FOLLOWER to CANDIDATE at term 107 for changeToCandidate
2019-10-16 20:42:13,636 [Thread-1416] INFO  impl.RoleInfo (RoleInfo.java:updateAndGet(143)) - bc0bc980-c963-48ce-962e-85091c893131: start LeaderElection
2019-10-16 20:42:13,640 [bc0bc980-c963-48ce-962e-85091c893131@group-28ACFA97060E-LeaderElection127] INFO  impl.LeaderElection (LeaderElection.java:askForVotes(178)) - bc0bc980-c963-48ce-962e-85091c893131@group-28ACFA97060E-LeaderElection127: begin an election at term 108 for -1: [46069bd9-45fc-4c82-823c-36f07a1bcff0:192.168.157.254:34001, bc0bc980-c963-48ce-962e-85091c893131:192.168.157.254:46787, d612b743-bedc-4c3f-983e-e3329f8a2e6f:192.168.157.254:44523], old=null
2019-10-16 20:42:13,643 [grpc-default-executor-2] INFO  impl.RaftServerImpl (RaftServerImpl.java:setRole(184)) - 46069bd9-45fc-4c82-823c-36f07a1bcff0@group-28ACFA97060E: changes role from  FOLLOWER to FOLLOWER at term 108 for recognizeCandidate:bc0bc980-c963-48ce-962e-85091c893131
2019-10-16 20:42:13,643 [grpc-default-executor-0] INFO  impl.RaftServerImpl (RaftServerImpl.java:setRole(184)) - d612b743-bedc-4c3f-983e-e3329f8a2e6f@group-28ACFA97060E: changes role from  FOLLOWER to FOLLOWER at term 108 for recognizeCandidate:bc0bc980-c963-48ce-962e-85091c893131
2019-10-16 20:42:13,643 [grpc-default-executor-2] INFO  impl.RoleInfo (RoleInfo.java:shutdownFollowerState(121)) - 46069bd9-45fc-4c82-823c-36f07a1bcff0: shutdown FollowerState
2019-10-16 20:42:13,643 [grpc-default-executor-0] INFO  impl.RoleInfo (RoleInfo.java:shutdownFollowerState(121)) - d612b743-bedc-4c3f-983e-e3329f8a2e6f: shutdown FollowerState
2019-10-16 20:42:13,644 [grpc-default-executor-2] INFO  impl.RoleInfo (RoleInfo.java:updateAndGet(143)) - 46069bd9-45fc-4c82-823c-36f07a1bcff0: start FollowerState
2019-10-16 20:42:13,644 [Thread-1414] INFO  impl.FollowerState (FollowerState.java:run(117)) - 46069bd9-45fc-4c82-823c-36f07a1bcff0@group-28ACFA97060E-FollowerState was interrupted: java.lang.InterruptedException: sleep interrupted
2019-10-16 20:42:13,644 [Thread-1415] INFO  impl.FollowerState (FollowerState.java:run(117)) - d612b743-bedc-4c3f-983e-e3329f8a2e6f@group-28ACFA97060E-FollowerState was interrupted: java.lang.InterruptedException: sleep interrupted
2019-10-16 20:42:13,644 [grpc-default-executor-0] INFO  impl.RoleInfo (RoleInfo.java:updateAndGet(143)) - d612b743-bedc-4c3f-983e-e3329f8a2e6f: start FollowerState
2019-10-16 20:42:13,655 [bc0bc980-c963-48ce-962e-85091c893131@group-28ACFA97060E-LeaderElection127] INFO  impl.LeaderElection (LeaderElection.java:logAndReturn(56)) - bc0bc980-c963-48ce-962e-85091c893131@group-28ACFA97060E-LeaderElection127: Election REJECTED; received 2 response(s) [bc0bc980-c963-48ce-962e-85091c893131<-46069bd9-45fc-4c82-823c-36f07a1bcff0#0:FAIL-t108, bc0bc980-c963-48ce-962e-85091c893131<-d612b743-bedc-4c3f-983e-e3329f8a2e6f#0:FAIL-t108] and 0 exception(s); bc0bc980-c963-48ce-962e-85091c893131@group-28ACFA97060E:t108, leader=null, voted=bc0bc980-c963-48ce-962e-85091c893131, raftlog=bc0bc980-c963-48ce-962e-85091c893131@group-28ACFA97060E-SegmentedRaftLog:OPENED:c-1,f-1,i0, conf=-1: [46069bd9-45fc-4c82-823c-36f07a1bcff0:192.168.157.254:34001, bc0bc980-c963-48ce-962e-85091c893131:192.168.157.254:46787, d612b743-bedc-4c3f-983e-e3329f8a2e6f:192.168.157.254:44523], old=null
2019-10-16 20:42:13,655 [bc0bc980-c963-48ce-962e-85091c893131@group-28ACFA97060E-LeaderElection127] INFO  impl.RaftServerImpl (RaftServerImpl.java:setRole(184)) - bc0bc980-c963-48ce-962e-85091c893131@group-28ACFA97060E: changes role from CANDIDATE to FOLLOWER at term 108 for DISCOVERED_A_NEW_TERM
2019-10-16 20:42:13,655 [bc0bc980-c963-48ce-962e-85091c893131@group-28ACFA97060E-LeaderElection127] INFO  impl.RoleInfo (RoleInfo.java:shutdownLeaderElection(134)) - bc0bc980-c963-48ce-962e-85091c893131: shutdown LeaderElection
2019-10-16 20:42:13,656 [bc0bc980-c963-48ce-962e-85091c893131@group-28ACFA97060E-LeaderElection127] INFO  impl.RoleInfo (RoleInfo.java:updateAndGet(143)) - bc0bc980-c963-48ce-962e-85091c893131: start FollowerState
2019-10-16 20:42:13,743 [Thread-1422] INFO  impl.FollowerState (FollowerState.java:run(108)) - bc0bc980-c963-48ce-962e-85091c893131@group-28ACFA97060E-FollowerState: change to CANDIDATE, lastRpcTime:87ms, electionTimeout:87ms
2019-10-16 20:42:13,743 [Thread-1422] INFO  impl.RoleInfo (RoleInfo.java:shutdownFollowerState(121)) - bc0bc980-c963-48ce-962e-85091c893131: shutdown FollowerState
2019-10-16 20:42:13,743 [Thread-1422] INFO  impl.RaftServerImpl (RaftServerImpl.java:setRole(184)) - bc0bc980-c963-48ce-962e-85091c893131@group-28ACFA97060E: changes role from  FOLLOWER to CANDIDATE at term 108 for changeToCandidate
2019-10-16 20:42:13,743 [Thread-1422] INFO  impl.RoleInfo (RoleInfo.java:updateAndGet(143)) - bc0bc980-c963-48ce-962e-85091c893131: start LeaderElection
2019-10-16 20:42:13,757 [bc0bc980-c963-48ce-962e-85091c893131@group-28ACFA97060E-LeaderElection128] INFO  impl.LeaderElection (LeaderElection.java:askForVotes(178)) - bc0bc980-c963-48ce-962e-85091c893131@group-28ACFA97060E-LeaderElection128: begin an election at term 109 for -1: [46069bd9-45fc-4c82-823c-36f07a1bcff0:192.168.157.254:34001, bc0bc980-c963-48ce-962e-85091c893131:192.168.157.254:46787, d612b743-bedc-4c3f-983e-e3329f8a2e6f:192.168.157.254:44523], old=null
2019-10-16 20:42:13,760 [grpc-default-executor-0] INFO  impl.RaftServerImpl (RaftServerImpl.java:setRole(184)) - 46069bd9-45fc-4c82-823c-36f07a1bcff0@group-28ACFA97060E: changes role from  FOLLOWER to FOLLOWER at term 109 for recognizeCandidate:bc0bc980-c963-48ce-962e-85091c893131
2019-10-16 20:42:13,760 [grpc-default-executor-0] INFO  impl.RoleInfo (RoleInfo.java:shutdownFollowerState(121)) - 46069bd9-45fc-4c82-823c-36f07a1bcff0: shutdown FollowerState
2019-10-16 20:42:13,760 [grpc-default-executor-2] INFO  impl.RaftServerImpl (RaftServerImpl.java:setRole(184)) - d612b743-bedc-4c3f-983e-e3329f8a2e6f@group-28ACFA97060E: changes role from  FOLLOWER to FOLLOWER at term 109 for recognizeCandidate:bc0bc980-c963-48ce-962e-85091c893131
2019-10-16 20:42:13,760 [Thread-1420] INFO  impl.FollowerState (FollowerState.java:run(117)) - 46069bd9-45fc-4c82-823c-36f07a1bcff0@group-28ACFA97060E-FollowerState was interrupted: java.lang.InterruptedException: sleep interrupted
2019-10-16 20:42:13,760 [grpc-default-executor-0] INFO  impl.RoleInfo (RoleInfo.java:updateAndGet(143)) - 46069bd9-45fc-4c82-823c-36f07a1bcff0: start FollowerState
2019-10-16 20:42:13,761 [grpc-default-executor-2] INFO  impl.RoleInfo (RoleInfo.java:shutdownFollowerState(121)) - d612b743-bedc-4c3f-983e-e3329f8a2e6f: shutdown FollowerState
2019-10-16 20:42:13,761 [Thread-1421] INFO  impl.FollowerState (FollowerState.java:run(117)) - d612b743-bedc-4c3f-983e-e3329f8a2e6f@group-28ACFA97060E-FollowerState was interrupted: java.lang.InterruptedException: sleep interrupted
2019-10-16 20:42:13,761 [grpc-default-executor-2] INFO  impl.RoleInfo (RoleInfo.java:updateAndGet(143)) - d612b743-bedc-4c3f-983e-e3329f8a2e6f: start FollowerState
2019-10-16 20:42:13,775 [bc0bc980-c963-48ce-962e-85091c893131@group-28ACFA97060E-LeaderElection128] INFO  impl.LeaderElection (LeaderElection.java:logAndReturn(56)) - bc0bc980-c963-48ce-962e-85091c893131@group-28ACFA97060E-LeaderElection128: Election REJECTED; received 2 response(s) [bc0bc980-c963-48ce-962e-85091c893131<-46069bd9-45fc-4c82-823c-36f07a1bcff0#0:FAIL-t109, bc0bc980-c963-48ce-962e-85091c893131<-d612b743-bedc-4c3f-983e-e3329f8a2e6f#0:FAIL-t109] and 0 exception(s); bc0bc980-c963-48ce-962e-85091c893131@group-28ACFA97060E:t109, leader=null, voted=bc0bc980-c963-48ce-962e-85091c893131, raftlog=bc0bc980-c963-48ce-962e-85091c893131@group-28ACFA97060E-SegmentedRaftLog:OPENED:c-1,f-1,i0, conf=-1: [46069bd9-45fc-4c82-823c-36f07a1bcff0:192.168.157.254:34001, bc0bc980-c963-48ce-962e-85091c893131:192.168.157.254:46787, d612b743-bedc-4c3f-983e-e3329f8a2e6f:192.168.157.254:44523], old=null
2019-10-16 20:42:13,776 [bc0bc980-c963-48ce-962e-85091c893131@group-28ACFA97060E-LeaderElection128] INFO  impl.RaftServerImpl (RaftServerImpl.java:setRole(184)) - bc0bc980-c963-48ce-962e-85091c893131@group-28ACFA97060E: changes role from CANDIDATE to FOLLOWER at term 109 for DISCOVERED_A_NEW_TERM
2019-10-16 20:42:13,776 [bc0bc980-c963-48ce-962e-85091c893131@group-28ACFA97060E-LeaderElection128] INFO  impl.RoleInfo (RoleInfo.java:shutdownLeaderElection(134)) - bc0bc980-c963-48ce-962e-85091c893131: shutdown LeaderElection
2019-10-16 20:42:13,776 [bc0bc980-c963-48ce-962e-85091c893131@group-28ACFA97060E-LeaderElection128] INFO  impl.RoleInfo (RoleInfo.java:updateAndGet(143)) - bc0bc980-c963-48ce-962e-85091c893131: start FollowerState
2019-10-16 20:42:13,918 [Thread-1428] INFO  impl.FollowerState (FollowerState.java:run(108)) - bc0bc980-c963-48ce-962e-85091c893131@group-28ACFA97060E-FollowerState: change to CANDIDATE, lastRpcTime:142ms, electionTimeout:142ms
2019-10-16 20:42:13,919 [Thread-1428] INFO  impl.RoleInfo (RoleInfo.java:shutdownFollowerState(121)) - bc0bc980-c963-48ce-962e-85091c893131: shutdown FollowerState
2019-10-16 20:42:13,919 [Thread-1428] INFO  impl.RaftServerImpl (RaftServerImpl.java:setRole(184)) - bc0bc980-c963-48ce-962e-85091c893131@group-28ACFA97060E: changes role from  FOLLOWER to CANDIDATE at term 109 for changeToCandidate
2019-10-16 20:42:13,919 [Thread-1428] INFO  impl.RoleInfo (RoleInfo.java:updateAndGet(143)) - bc0bc980-c963-48ce-962e-85091c893131: start LeaderElection
2019-10-16 20:42:13,932 [bc0bc980-c963-48ce-962e-85091c893131@group-28ACFA97060E-LeaderElection129] INFO  impl.LeaderElection (LeaderElection.java:askForVotes(178)) - bc0bc980-c963-48ce-962e-85091c893131@group-28ACFA97060E-LeaderElection129: begin an election at term 110 for -1: [46069bd9-45fc-4c82-823c-36f07a1bcff0:192.168.157.254:34001, bc0bc980-c963-48ce-962e-85091c893131:192.168.157.254:46787, d612b743-bedc-4c3f-983e-e3329f8a2e6f:192.168.157.254:44523], old=null
2019-10-16 20:42:13,934 [grpc-default-executor-0] INFO  impl.RaftServerImpl (RaftServerImpl.java:setRole(184)) - 46069bd9-45fc-4c82-823c-36f07a1bcff0@group-28ACFA97060E: changes role from  FOLLOWER to FOLLOWER at term 110 for recognizeCandidate:bc0bc980-c963-48ce-962e-85091c893131
2019-10-16 20:42:13,934 [grpc-default-executor-0] INFO  impl.RoleInfo (RoleInfo.java:shutdownFollowerState(121)) - 46069bd9-45fc-4c82-823c-36f07a1bcff0: shutdown FollowerState
2019-10-16 20:42:13,934 [grpc-default-executor-0] INFO  impl.RoleInfo (RoleInfo.java:updateAndGet(143)) - 46069bd9-45fc-4c82-823c-36f07a1bcff0: start FollowerState
2019-10-16 20:42:13,934 [grpc-default-executor-2] INFO  impl.RaftServerImpl (RaftServerImpl.java:setRole(184)) - d612b743-bedc-4c3f-983e-e3329f8a2e6f@group-28ACFA97060E: changes role from  FOLLOWER to FOLLOWER at term 110 for recognizeCandidate:bc0bc980-c963-48ce-962e-85091c893131
2019-10-16 20:42:13,934 [Thread-1426] INFO  impl.FollowerState (FollowerState.java:run(117)) - 46069bd9-45fc-4c82-823c-36f07a1bcff0@group-28ACFA97060E-FollowerState was interrupted: java.lang.InterruptedException: sleep interrupted
2019-10-16 20:42:13,935 [grpc-default-executor-2] INFO  impl.RoleInfo (RoleInfo.java:shutdownFollowerState(121)) - d612b743-bedc-4c3f-983e-e3329f8a2e6f: shutdown FollowerState
2019-10-16 20:42:13,935 [grpc-default-executor-2] INFO  impl.RoleInfo (RoleInfo.java:updateAndGet(143)) - d612b743-bedc-4c3f-983e-e3329f8a2e6f: start FollowerState
2019-10-16 20:42:13,935 [Thread-1427] INFO  impl.FollowerState (FollowerState.java:run(117)) - d612b743-bedc-4c3f-983e-e3329f8a2e6f@group-28ACFA97060E-FollowerState was interrupted: java.lang.InterruptedException: sleep interrupted
2019-10-16 20:42:13,953 [bc0bc980-c963-48ce-962e-85091c893131@group-28ACFA97060E-LeaderElection129] INFO  impl.LeaderElection (LeaderElection.java:logAndReturn(56)) - bc0bc980-c963-48ce-962e-85091c893131@group-28ACFA97060E-LeaderElection129: Election REJECTED; received 2 response(s) [bc0bc980-c963-48ce-962e-85091c893131<-46069bd9-45fc-4c82-823c-36f07a1bcff0#0:FAIL-t110, bc0bc980-c963-48ce-962e-85091c893131<-d612b743-bedc-4c3f-983e-e3329f8a2e6f#0:FAIL-t110] and 0 exception(s); bc0bc980-c963-48ce-962e-85091c893131@group-28ACFA97060E:t110, leader=null, voted=bc0bc980-c963-48ce-962e-85091c893131, raftlog=bc0bc980-c963-48ce-962e-85091c893131@group-28ACFA97060E-SegmentedRaftLog:OPENED:c-1,f-1,i0, conf=-1: [46069bd9-45fc-4c82-823c-36f07a1bcff0:192.168.157.254:34001, bc0bc980-c963-48ce-962e-85091c893131:192.168.157.254:46787, d612b743-bedc-4c3f-983e-e3329f8a2e6f:192.168.157.254:44523], old=null
2019-10-16 20:42:13,953 [bc0bc980-c963-48ce-962e-85091c893131@group-28ACFA97060E-LeaderElection129] INFO  impl.RaftServerImpl (RaftServerImpl.java:setRole(184)) - bc0bc980-c963-48ce-962e-85091c893131@group-28ACFA97060E: changes role from CANDIDATE to FOLLOWER at term 110 for DISCOVERED_A_NEW_TERM
2019-10-16 20:42:13,953 [bc0bc980-c963-48ce-962e-85091c893131@group-28ACFA97060E-LeaderElection129] INFO  impl.RoleInfo (RoleInfo.java:shutdownLeaderElection(134)) - bc0bc980-c963-48ce-962e-85091c893131: shutdown LeaderElection
2019-10-16 20:42:13,954 [bc0bc980-c963-48ce-962e-85091c893131@group-28ACFA97060E-LeaderElection129] INFO  impl.RoleInfo (RoleInfo.java:updateAndGet(143)) - bc0bc980-c963-48ce-962e-85091c893131: start FollowerState
2019-10-16 20:42:13,964 [Thread-1434] INFO  impl.FollowerState (FollowerState.java:run(108)) - bc0bc980-c963-48ce-962e-85091c893131@group-28ACFA97060E-FollowerState: change to CANDIDATE, lastRpcTime:10ms, electionTimeout:10ms
2019-10-16 20:42:13,964 [Thread-1434] INFO  impl.RoleInfo (RoleInfo.java:shutdownFollowerState(121)) - bc0bc980-c963-48ce-962e-85091c893131: shutdown FollowerState
2019-10-16 20:42:13,964 [Thread-1434] INFO  impl.RaftServerImpl (RaftServerImpl.java:setRole(184)) - bc0bc980-c963-48ce-962e-85091c893131@group-28ACFA97060E: changes role from  FOLLOWER to CANDIDATE at term 110 for changeToCandidate
2019-10-16 20:42:13,964 [Thread-1434] INFO  impl.RoleInfo (RoleInfo.java:updateAndGet(143)) - bc0bc980-c963-48ce-962e-85091c893131: start LeaderElection
2019-10-16 20:42:13,990 [bc0bc980-c963-48ce-962e-85091c893131@group-28ACFA97060E-LeaderElection130] INFO  impl.LeaderElection (LeaderElection.java:askForVotes(178)) - bc0bc980-c963-48ce-962e-85091c893131@group-28ACFA97060E-LeaderElection130: begin an election at term 111 for -1: [46069bd9-45fc-4c82-823c-36f07a1bcff0:192.168.157.254:34001, bc0bc980-c963-48ce-962e-85091c893131:192.168.157.254:46787, d612b743-bedc-4c3f-983e-e3329f8a2e6f:192.168.157.254:44523], old=null
2019-10-16 20:42:13,991 [grpc-default-executor-2] INFO  impl.RaftServerImpl (RaftServerImpl.java:setRole(184)) - 46069bd9-45fc-4c82-823c-36f07a1bcff0@group-28ACFA97060E: changes role from  FOLLOWER to FOLLOWER at term 111 for recognizeCandidate:bc0bc980-c963-48ce-962e-85091c893131
2019-10-16 20:42:13,992 [grpc-default-executor-2] INFO  impl.RoleInfo (RoleInfo.java:shutdownFollowerState(121)) - 46069bd9-45fc-4c82-823c-36f07a1bcff0: shutdown FollowerState
2019-10-16 20:42:13,992 [grpc-default-executor-2] INFO  impl.RoleInfo (RoleInfo.java:updateAndGet(143)) - 46069bd9-45fc-4c82-823c-36f07a1bcff0: start FollowerState
2019-10-16 20:42:13,992 [Thread-1432] INFO  impl.FollowerState (FollowerState.java:run(117)) - 46069bd9-45fc-4c82-823c-36f07a1bcff0@group-28ACFA97060E-FollowerState was interrupted: java.lang.InterruptedException: sleep interrupted
2019-10-16 20:42:13,992 [grpc-default-executor-0] INFO  impl.RaftServerImpl (RaftServerImpl.java:setRole(184)) - d612b743-bedc-4c3f-983e-e3329f8a2e6f@group-28ACFA97060E: changes role from  FOLLOWER to FOLLOWER at term 111 for recognizeCandidate:bc0bc980-c963-48ce-962e-85091c893131
2019-10-16 20:42:13,992 [grpc-default-executor-0] INFO  impl.RoleInfo (RoleInfo.java:shutdownFollowerState(121)) - d612b743-bedc-4c3f-983e-e3329f8a2e6f: shutdown FollowerState
2019-10-16 20:42:13,992 [grpc-default-executor-0] INFO  impl.RoleInfo (RoleInfo.java:updateAndGet(143)) - d612b743-bedc-4c3f-983e-e3329f8a2e6f: start FollowerState
2019-10-16 20:42:13,992 [Thread-1433] INFO  impl.FollowerState (FollowerState.java:run(117)) - d612b743-bedc-4c3f-983e-e3329f8a2e6f@group-28ACFA97060E-FollowerState was interrupted: java.lang.InterruptedException: sleep interrupted
2019-10-16 20:42:14,006 [bc0bc980-c963-48ce-962e-85091c893131@group-28ACFA97060E-LeaderElection130] INFO  impl.LeaderElection (LeaderElection.java:logAndReturn(56)) - bc0bc980-c963-48ce-962e-85091c893131@group-28ACFA97060E-LeaderElection130: Election REJECTED; received 2 response(s) [bc0bc980-c963-48ce-962e-85091c893131<-46069bd9-45fc-4c82-823c-36f07a1bcff0#0:FAIL-t111, bc0bc980-c963-48ce-962e-85091c893131<-d612b743-bedc-4c3f-983e-e3329f8a2e6f#0:FAIL-t111] and 0 exception(s); bc0bc980-c963-48ce-962e-85091c893131@group-28ACFA97060E:t111, leader=null, voted=bc0bc980-c963-48ce-962e-85091c893131, raftlog=bc0bc980-c963-48ce-962e-85091c893131@group-28ACFA97060E-SegmentedRaftLog:OPENED:c-1,f-1,i0, conf=-1: [46069bd9-45fc-4c82-823c-36f07a1bcff0:192.168.157.254:34001, bc0bc980-c963-48ce-962e-85091c893131:192.168.157.254:46787, d612b743-bedc-4c3f-983e-e3329f8a2e6f:192.168.157.254:44523], old=null
2019-10-16 20:42:14,006 [bc0bc980-c963-48ce-962e-85091c893131@group-28ACFA97060E-LeaderElection130] INFO  impl.RaftServerImpl (RaftServerImpl.java:setRole(184)) - bc0bc980-c963-48ce-962e-85091c893131@group-28ACFA97060E: changes role from CANDIDATE to FOLLOWER at term 111 for DISCOVERED_A_NEW_TERM
2019-10-16 20:42:14,006 [bc0bc980-c963-48ce-962e-85091c893131@group-28ACFA97060E-LeaderElection130] INFO  impl.RoleInfo (RoleInfo.java:shutdownLeaderElection(134)) - bc0bc980-c963-48ce-962e-85091c893131: shutdown LeaderElection
2019-10-16 20:42:14,006 [bc0bc980-c963-48ce-962e-85091c893131@group-28ACFA97060E-LeaderElection130] INFO  impl.RoleInfo (RoleInfo.java:updateAndGet(143)) - bc0bc980-c963-48ce-962e-85091c893131: start FollowerState
2019-10-16 20:42:14,179 [Thread-1440] INFO  impl.FollowerState (FollowerState.java:run(108)) - bc0bc980-c963-48ce-962e-85091c893131@group-28ACFA97060E-FollowerState: change to CANDIDATE, lastRpcTime:172ms, electionTimeout:172ms
2019-10-16 20:42:14,179 [Thread-1440] INFO  impl.RoleInfo (RoleInfo.java:shutdownFollowerState(121)) - bc0bc980-c963-48ce-962e-85091c893131: shutdown FollowerState
2019-10-16 20:42:14,179 [Thread-1440] INFO  impl.RaftServerImpl (RaftServerImpl.java:setRole(184)) - bc0bc980-c963-48ce-962e-85091c893131@group-28ACFA97060E: changes role from  FOLLOWER to CANDIDATE at term 111 for changeToCandidate
2019-10-16 20:42:14,179 [Thread-1440] INFO  impl.RoleInfo (RoleInfo.java:updateAndGet(143)) - bc0bc980-c963-48ce-962e-85091c893131: start LeaderElection
2019-10-16 20:42:14,183 [bc0bc980-c963-48ce-962e-85091c893131@group-28ACFA97060E-LeaderElection131] INFO  impl.LeaderElection (LeaderElection.java:askForVotes(178)) - bc0bc980-c963-48ce-962e-85091c893131@group-28ACFA97060E-LeaderElection131: begin an election at term 112 for -1: [46069bd9-45fc-4c82-823c-36f07a1bcff0:192.168.157.254:34001, bc0bc980-c963-48ce-962e-85091c893131:192.168.157.254:46787, d612b743-bedc-4c3f-983e-e3329f8a2e6f:192.168.157.254:44523], old=null
2019-10-16 20:42:14,185 [grpc-default-executor-0] INFO  impl.RaftServerImpl (RaftServerImpl.java:setRole(184)) - 46069bd9-45fc-4c82-823c-36f07a1bcff0@group-28ACFA97060E: changes role from  FOLLOWER to FOLLOWER at term 112 for recognizeCandidate:bc0bc980-c963-48ce-962e-85091c893131
2019-10-16 20:42:14,185 [grpc-default-executor-0] INFO  impl.RoleInfo (RoleInfo.java:shutdownFollowerState(121)) - 46069bd9-45fc-4c82-823c-36f07a1bcff0: shutdown FollowerState
2019-10-16 20:42:14,185 [grpc-default-executor-2] INFO  impl.RaftServerImpl (RaftServerImpl.java:setRole(184)) - d612b743-bedc-4c3f-983e-e3329f8a2e6f@group-28ACFA97060E: changes role from  FOLLOWER to FOLLOWER at term 112 for recognizeCandidate:bc0bc980-c963-48ce-962e-85091c893131
2019-10-16 20:42:14,186 [Thread-1438] INFO  impl.FollowerState (FollowerState.java:run(117)) - 46069bd9-45fc-4c82-823c-36f07a1bcff0@group-28ACFA97060E-FollowerState was interrupted: java.lang.InterruptedException: sleep interrupted
2019-10-16 20:42:14,185 [grpc-default-executor-0] INFO  impl.RoleInfo (RoleInfo.java:updateAndGet(143)) - 46069bd9-45fc-4c82-823c-36f07a1bcff0: start FollowerState
2019-10-16 20:42:14,186 [grpc-default-executor-2] INFO  impl.RoleInfo (RoleInfo.java:shutdownFollowerState(121)) - d612b743-bedc-4c3f-983e-e3329f8a2e6f: shutdown FollowerState
2019-10-16 20:42:14,186 [Thread-1439] INFO  impl.FollowerState (FollowerState.java:run(117)) - d612b743-bedc-4c3f-983e-e3329f8a2e6f@group-28ACFA97060E-FollowerState was interrupted: java.lang.InterruptedException: sleep interrupted
2019-10-16 20:42:14,186 [grpc-default-executor-2] INFO  impl.RoleInfo (RoleInfo.java:updateAndGet(143)) - d612b743-bedc-4c3f-983e-e3329f8a2e6f: start FollowerState
2019-10-16 20:42:14,204 [bc0bc980-c963-48ce-962e-85091c893131@group-28ACFA97060E-LeaderElection131] INFO  impl.LeaderElection (LeaderElection.java:logAndReturn(56)) - bc0bc980-c963-48ce-962e-85091c893131@group-28ACFA97060E-LeaderElection131: Election REJECTED; received 2 response(s) [bc0bc980-c963-48ce-962e-85091c893131<-46069bd9-45fc-4c82-823c-36f07a1bcff0#0:FAIL-t112, bc0bc980-c963-48ce-962e-85091c893131<-d612b743-bedc-4c3f-983e-e3329f8a2e6f#0:FAIL-t112] and 0 exception(s); bc0bc980-c963-48ce-962e-85091c893131@group-28ACFA97060E:t112, leader=null, voted=bc0bc980-c963-48ce-962e-85091c893131, raftlog=bc0bc980-c963-48ce-962e-85091c893131@group-28ACFA97060E-SegmentedRaftLog:OPENED:c-1,f-1,i0, conf=-1: [46069bd9-45fc-4c82-823c-36f07a1bcff0:192.168.157.254:34001, bc0bc980-c963-48ce-962e-85091c893131:192.168.157.254:46787, d612b743-bedc-4c3f-983e-e3329f8a2e6f:192.168.157.254:44523], old=null
2019-10-16 20:42:14,205 [bc0bc980-c963-48ce-962e-85091c893131@group-28ACFA97060E-LeaderElection131] INFO  impl.RaftServerImpl (RaftServerImpl.java:setRole(184)) - bc0bc980-c963-48ce-962e-85091c893131@group-28ACFA97060E: changes role from CANDIDATE to FOLLOWER at term 112 for DISCOVERED_A_NEW_TERM
2019-10-16 20:42:14,205 [bc0bc980-c963-48ce-962e-85091c893131@group-28ACFA97060E-LeaderElection131] INFO  impl.RoleInfo (RoleInfo.java:shutdownLeaderElection(134)) - bc0bc980-c963-48ce-962e-85091c893131: shutdown LeaderElection
2019-10-16 20:42:14,205 [bc0bc980-c963-48ce-962e-85091c893131@group-28ACFA97060E-LeaderElection131] INFO  impl.RoleInfo (RoleInfo.java:updateAndGet(143)) - bc0bc980-c963-48ce-962e-85091c893131: start FollowerState
2019-10-16 20:42:14,399 [Thread-1446] INFO  impl.FollowerState (FollowerState.java:run(108)) - bc0bc980-c963-48ce-962e-85091c893131@group-28ACFA97060E-FollowerState: change to CANDIDATE, lastRpcTime:194ms, electionTimeout:194ms
2019-10-16 20:42:14,399 [Thread-1446] INFO  impl.RoleInfo (RoleInfo.java:shutdownFollowerState(121)) - bc0bc980-c963-48ce-962e-85091c893131: shutdown FollowerState
2019-10-16 20:42:14,400 [Thread-1446] INFO  impl.RaftServerImpl (RaftServerImpl.java:setRole(184)) - bc0bc980-c963-48ce-962e-85091c893131@group-28ACFA97060E: changes role from  FOLLOWER to CANDIDATE at term 112 for changeToCandidate
2019-10-16 20:42:14,400 [Thread-1446] INFO  impl.RoleInfo (RoleInfo.java:updateAndGet(143)) - bc0bc980-c963-48ce-962e-85091c893131: start LeaderElection
2019-10-16 20:42:14,405 [bc0bc980-c963-48ce-962e-85091c893131@group-28ACFA97060E-LeaderElection132] INFO  impl.LeaderElection (LeaderElection.java:askForVotes(178)) - bc0bc980-c963-48ce-962e-85091c893131@group-28ACFA97060E-LeaderElection132: begin an election at term 113 for -1: [46069bd9-45fc-4c82-823c-36f07a1bcff0:192.168.157.254:34001, bc0bc980-c963-48ce-962e-85091c893131:192.168.157.254:46787, d612b743-bedc-4c3f-983e-e3329f8a2e6f:192.168.157.254:44523], old=null
2019-10-16 20:42:14,408 [grpc-default-executor-2] INFO  impl.RaftServerImpl (RaftServerImpl.java:setRole(184)) - 46069bd9-45fc-4c82-823c-36f07a1bcff0@group-28ACFA97060E: changes role from  FOLLOWER to FOLLOWER at term 113 for recognizeCandidate:bc0bc980-c963-48ce-962e-85091c893131
2019-10-16 20:42:14,408 [grpc-default-executor-2] INFO  impl.RoleInfo (RoleInfo.java:shutdownFollowerState(121)) - 46069bd9-45fc-4c82-823c-36f07a1bcff0: shutdown FollowerState
2019-10-16 20:42:14,408 [grpc-default-executor-0] INFO  impl.RaftServerImpl (RaftServerImpl.java:setRole(184)) - d612b743-bedc-4c3f-983e-e3329f8a2e6f@group-28ACFA97060E: changes role from  FOLLOWER to FOLLOWER at term 113 for recognizeCandidate:bc0bc980-c963-48ce-962e-85091c893131
2019-10-16 20:42:14,408 [Thread-1444] INFO  impl.FollowerState (FollowerState.java:run(117)) - 46069bd9-45fc-4c82-823c-36f07a1bcff0@group-28ACFA97060E-FollowerState was interrupted: java.lang.InterruptedException: sleep interrupted
2019-10-16 20:42:14,408 [grpc-default-executor-2] INFO  impl.RoleInfo (RoleInfo.java:updateAndGet(143)) - 46069bd9-45fc-4c82-823c-36f07a1bcff0: start FollowerState
2019-10-16 20:42:14,408 [grpc-default-executor-0] INFO  impl.RoleInfo (RoleInfo.java:shutdownFollowerState(121)) - d612b743-bedc-4c3f-983e-e3329f8a2e6f: shutdown FollowerState
2019-10-16 20:42:14,409 [grpc-default-executor-0] INFO  impl.RoleInfo (RoleInfo.java:updateAndGet(143)) - d612b743-bedc-4c3f-983e-e3329f8a2e6f: start FollowerState
2019-10-16 20:42:14,409 [Thread-1445] INFO  impl.FollowerState (FollowerState.java:run(117)) - d612b743-bedc-4c3f-983e-e3329f8a2e6f@group-28ACFA97060E-FollowerState was interrupted: java.lang.InterruptedException: sleep interrupted
2019-10-16 20:42:14,420 [bc0bc980-c963-48ce-962e-85091c893131@group-28ACFA97060E-LeaderElection132] INFO  impl.LeaderElection (LeaderElection.java:logAndReturn(56)) - bc0bc980-c963-48ce-962e-85091c893131@group-28ACFA97060E-LeaderElection132: Election REJECTED; received 2 response(s) [bc0bc980-c963-48ce-962e-85091c893131<-46069bd9-45fc-4c82-823c-36f07a1bcff0#0:FAIL-t113, bc0bc980-c963-48ce-962e-85091c893131<-d612b743-bedc-4c3f-983e-e3329f8a2e6f#0:FAIL-t113] and 0 exception(s); bc0bc980-c963-48ce-962e-85091c893131@group-28ACFA97060E:t113, leader=null, voted=bc0bc980-c963-48ce-962e-85091c893131, raftlog=bc0bc980-c963-48ce-962e-85091c893131@group-28ACFA97060E-SegmentedRaftLog:OPENED:c-1,f-1,i0, conf=-1: [46069bd9-45fc-4c82-823c-36f07a1bcff0:192.168.157.254:34001, bc0bc980-c963-48ce-962e-85091c893131:192.168.157.254:46787, d612b743-bedc-4c3f-983e-e3329f8a2e6f:192.168.157.254:44523], old=null
2019-10-16 20:42:14,420 [bc0bc980-c963-48ce-962e-85091c893131@group-28ACFA97060E-LeaderElection132] INFO  impl.RaftServerImpl (RaftServerImpl.java:setRole(184)) - bc0bc980-c963-48ce-962e-85091c893131@group-28ACFA97060E: changes role from CANDIDATE to FOLLOWER at term 113 for DISCOVERED_A_NEW_TERM
2019-10-16 20:42:14,420 [bc0bc980-c963-48ce-962e-85091c893131@group-28ACFA97060E-LeaderElection132] INFO  impl.RoleInfo (RoleInfo.java:shutdownLeaderElection(134)) - bc0bc980-c963-48ce-962e-85091c893131: shutdown LeaderElection
2019-10-16 20:42:14,420 [bc0bc980-c963-48ce-962e-85091c893131@group-28ACFA97060E-LeaderElection132] INFO  impl.RoleInfo (RoleInfo.java:updateAndGet(143)) - bc0bc980-c963-48ce-962e-85091c893131: start FollowerState
2019-10-16 20:42:14,467 [Thread-1452] INFO  impl.FollowerState (FollowerState.java:run(108)) - bc0bc980-c963-48ce-962e-85091c893131@group-28ACFA97060E-FollowerState: change to CANDIDATE, lastRpcTime:46ms, electionTimeout:46ms
2019-10-16 20:42:14,467 [Thread-1452] INFO  impl.RoleInfo (RoleInfo.java:shutdownFollowerState(121)) - bc0bc980-c963-48ce-962e-85091c893131: shutdown FollowerState
2019-10-16 20:42:14,467 [Thread-1452] INFO  impl.RaftServerImpl (RaftServerImpl.java:setRole(184)) - bc0bc980-c963-48ce-962e-85091c893131@group-28ACFA97060E: changes role from  FOLLOWER to CANDIDATE at term 113 for changeToCandidate
2019-10-16 20:42:14,467 [Thread-1452] INFO  impl.RoleInfo (RoleInfo.java:updateAndGet(143)) - bc0bc980-c963-48ce-962e-85091c893131: start LeaderElection
2019-10-16 20:42:14,480 [bc0bc980-c963-48ce-962e-85091c893131@group-28ACFA97060E-LeaderElection133] INFO  impl.LeaderElection (LeaderElection.java:askForVotes(178)) - bc0bc980-c963-48ce-962e-85091c893131@group-28ACFA97060E-LeaderElection133: begin an election at term 114 for -1: [46069bd9-45fc-4c82-823c-36f07a1bcff0:192.168.157.254:34001, bc0bc980-c963-48ce-962e-85091c893131:192.168.157.254:46787, d612b743-bedc-4c3f-983e-e3329f8a2e6f:192.168.157.254:44523], old=null
2019-10-16 20:42:14,483 [grpc-default-executor-2] INFO  impl.RaftServerImpl (RaftServerImpl.java:setRole(184)) - 46069bd9-45fc-4c82-823c-36f07a1bcff0@group-28ACFA97060E: changes role from  FOLLOWER to FOLLOWER at term 114 for recognizeCandidate:bc0bc980-c963-48ce-962e-85091c893131
2019-10-16 20:42:14,483 [grpc-default-executor-2] INFO  impl.RoleInfo (RoleInfo.java:shutdownFollowerState(121)) - 46069bd9-45fc-4c82-823c-36f07a1bcff0: shutdown FollowerState
2019-10-16 20:42:14,483 [grpc-default-executor-2] INFO  impl.RoleInfo (RoleInfo.java:updateAndGet(143)) - 46069bd9-45fc-4c82-823c-36f07a1bcff0: start FollowerState
2019-10-16 20:42:14,483 [Thread-1450] INFO  impl.FollowerState (FollowerState.java:run(117)) - 46069bd9-45fc-4c82-823c-36f07a1bcff0@group-28ACFA97060E-FollowerState was interrupted: java.lang.InterruptedException: sleep interrupted
2019-10-16 20:42:14,483 [grpc-default-executor-0] INFO  impl.RaftServerImpl (RaftServerImpl.java:setRole(184)) - d612b743-bedc-4c3f-983e-e3329f8a2e6f@group-28ACFA97060E: changes role from  FOLLOWER to FOLLOWER at term 114 for recognizeCandidate:bc0bc980-c963-48ce-962e-85091c893131
2019-10-16 20:42:14,483 [grpc-default-executor-0] INFO  impl.RoleInfo (RoleInfo.java:shutdownFollowerState(121)) - d612b743-bedc-4c3f-983e-e3329f8a2e6f: shutdown FollowerState
2019-10-16 20:42:14,483 [grpc-default-executor-0] INFO  impl.RoleInfo (RoleInfo.java:updateAndGet(143)) - d612b743-bedc-4c3f-983e-e3329f8a2e6f: start FollowerState
2019-10-16 20:42:14,483 [Thread-1451] INFO  impl.FollowerState (FollowerState.java:run(117)) - d612b743-bedc-4c3f-983e-e3329f8a2e6f@group-28ACFA97060E-FollowerState was interrupted: java.lang.InterruptedException: sleep interrupted
2019-10-16 20:42:14,503 [bc0bc980-c963-48ce-962e-85091c893131@group-28ACFA97060E-LeaderElection133] INFO  impl.LeaderElection (LeaderElection.java:logAndReturn(56)) - bc0bc980-c963-48ce-962e-85091c893131@group-28ACFA97060E-LeaderElection133: Election REJECTED; received 2 response(s) [bc0bc980-c963-48ce-962e-85091c893131<-46069bd9-45fc-4c82-823c-36f07a1bcff0#0:FAIL-t114, bc0bc980-c963-48ce-962e-85091c893131<-d612b743-bedc-4c3f-983e-e3329f8a2e6f#0:FAIL-t114] and 0 exception(s); bc0bc980-c963-48ce-962e-85091c893131@group-28ACFA97060E:t114, leader=null, voted=bc0bc980-c963-48ce-962e-85091c893131, raftlog=bc0bc980-c963-48ce-962e-85091c893131@group-28ACFA97060E-SegmentedRaftLog:OPENED:c-1,f-1,i0, conf=-1: [46069bd9-45fc-4c82-823c-36f07a1bcff0:192.168.157.254:34001, bc0bc980-c963-48ce-962e-85091c893131:192.168.157.254:46787, d612b743-bedc-4c3f-983e-e3329f8a2e6f:192.168.157.254:44523], old=null
2019-10-16 20:42:14,503 [bc0bc980-c963-48ce-962e-85091c893131@group-28ACFA97060E-LeaderElection133] INFO  impl.RaftServerImpl (RaftServerImpl.java:setRole(184)) - bc0bc980-c963-48ce-962e-85091c893131@group-28ACFA97060E: changes role from CANDIDATE to FOLLOWER at term 114 for DISCOVERED_A_NEW_TERM
2019-10-16 20:42:14,503 [bc0bc980-c963-48ce-962e-85091c893131@group-28ACFA97060E-LeaderElection133] INFO  impl.RoleInfo (RoleInfo.java:shutdownLeaderElection(134)) - bc0bc980-c963-48ce-962e-85091c893131: shutdown LeaderElection
2019-10-16 20:42:14,503 [bc0bc980-c963-48ce-962e-85091c893131@group-28ACFA97060E-LeaderElection133] INFO  impl.RoleInfo (RoleInfo.java:updateAndGet(143)) - bc0bc980-c963-48ce-962e-85091c893131: start FollowerState
2019-10-16 20:42:14,505 [Thread-1458] INFO  impl.FollowerState (FollowerState.java:run(108)) - bc0bc980-c963-48ce-962e-85091c893131@group-28ACFA97060E-FollowerState: change to CANDIDATE, lastRpcTime:1ms, electionTimeout:1ms
2019-10-16 20:42:14,505 [Thread-1458] INFO  impl.RoleInfo (RoleInfo.java:shutdownFollowerState(121)) - bc0bc980-c963-48ce-962e-85091c893131: shutdown FollowerState
2019-10-16 20:42:14,505 [Thread-1458] INFO  impl.RaftServerImpl (RaftServerImpl.java:setRole(184)) - bc0bc980-c963-48ce-962e-85091c893131@group-28ACFA97060E: changes role from  FOLLOWER to CANDIDATE at term 114 for changeToCandidate
2019-10-16 20:42:14,505 [Thread-1458] INFO  impl.RoleInfo (RoleInfo.java:updateAndGet(143)) - bc0bc980-c963-48ce-962e-85091c893131: start LeaderElection
2019-10-16 20:42:14,525 [bc0bc980-c963-48ce-962e-85091c893131@group-28ACFA97060E-LeaderElection134] INFO  impl.LeaderElection (LeaderElection.java:askForVotes(178)) - bc0bc980-c963-48ce-962e-85091c893131@group-28ACFA97060E-LeaderElection134: begin an election at term 115 for -1: [46069bd9-45fc-4c82-823c-36f07a1bcff0:192.168.157.254:34001, bc0bc980-c963-48ce-962e-85091c893131:192.168.157.254:46787, d612b743-bedc-4c3f-983e-e3329f8a2e6f:192.168.157.254:44523], old=null
2019-10-16 20:42:14,526 [grpc-default-executor-0] INFO  impl.RaftServerImpl (RaftServerImpl.java:setRole(184)) - 46069bd9-45fc-4c82-823c-36f07a1bcff0@group-28ACFA97060E: changes role from  FOLLOWER to FOLLOWER at term 115 for recognizeCandidate:bc0bc980-c963-48ce-962e-85091c893131
2019-10-16 20:42:14,527 [grpc-default-executor-0] INFO  impl.RoleInfo (RoleInfo.java:shutdownFollowerState(121)) - 46069bd9-45fc-4c82-823c-36f07a1bcff0: shutdown FollowerState
2019-10-16 20:42:14,527 [grpc-default-executor-2] INFO  impl.RaftServerImpl (RaftServerImpl.java:setRole(184)) - d612b743-bedc-4c3f-983e-e3329f8a2e6f@group-28ACFA97060E: changes role from  FOLLOWER to FOLLOWER at term 115 for recognizeCandidate:bc0bc980-c963-48ce-962e-85091c893131
2019-10-16 20:42:14,527 [Thread-1456] INFO  impl.FollowerState (FollowerState.java:run(117)) - 46069bd9-45fc-4c82-823c-36f07a1bcff0@group-28ACFA97060E-FollowerState was interrupted: java.lang.InterruptedException: sleep interrupted
2019-10-16 20:42:14,527 [grpc-default-executor-0] INFO  impl.RoleInfo (RoleInfo.java:updateAndGet(143)) - 46069bd9-45fc-4c82-823c-36f07a1bcff0: start FollowerState
2019-10-16 20:42:14,527 [grpc-default-executor-2] INFO  impl.RoleInfo (RoleInfo.java:shutdownFollowerState(121)) - d612b743-bedc-4c3f-983e-e3329f8a2e6f: shutdown FollowerState
2019-10-16 20:42:14,527 [grpc-default-executor-2] INFO  impl.RoleInfo (RoleInfo.java:updateAndGet(143)) - d612b743-bedc-4c3f-983e-e3329f8a2e6f: start FollowerState
2019-10-16 20:42:14,527 [Thread-1457] INFO  impl.FollowerState (FollowerState.java:run(117)) - d612b743-bedc-4c3f-983e-e3329f8a2e6f@group-28ACFA97060E-FollowerState was interrupted: java.lang.InterruptedException: sleep interrupted
2019-10-16 20:42:14,542 [bc0bc980-c963-48ce-962e-85091c893131@group-28ACFA97060E-LeaderElection134] INFO  impl.LeaderElection (LeaderElection.java:logAndReturn(56)) - bc0bc980-c963-48ce-962e-85091c893131@group-28ACFA97060E-LeaderElection134: Election REJECTED; received 2 response(s) [bc0bc980-c963-48ce-962e-85091c893131<-46069bd9-45fc-4c82-823c-36f07a1bcff0#0:FAIL-t115, bc0bc980-c963-48ce-962e-85091c893131<-d612b743-bedc-4c3f-983e-e3329f8a2e6f#0:FAIL-t115] and 0 exception(s); bc0bc980-c963-48ce-962e-85091c893131@group-28ACFA97060E:t115, leader=null, voted=bc0bc980-c963-48ce-962e-85091c893131, raftlog=bc0bc980-c963-48ce-962e-85091c893131@group-28ACFA97060E-SegmentedRaftLog:OPENED:c-1,f-1,i0, conf=-1: [46069bd9-45fc-4c82-823c-36f07a1bcff0:192.168.157.254:34001, bc0bc980-c963-48ce-962e-85091c893131:192.168.157.254:46787, d612b743-bedc-4c3f-983e-e3329f8a2e6f:192.168.157.254:44523], old=null
2019-10-16 20:42:14,542 [bc0bc980-c963-48ce-962e-85091c893131@group-28ACFA97060E-LeaderElection134] INFO  impl.RaftServerImpl (RaftServerImpl.java:setRole(184)) - bc0bc980-c963-48ce-962e-85091c893131@group-28ACFA97060E: changes role from CANDIDATE to FOLLOWER at term 115 for DISCOVERED_A_NEW_TERM
2019-10-16 20:42:14,542 [bc0bc980-c963-48ce-962e-85091c893131@group-28ACFA97060E-LeaderElection134] INFO  impl.RoleInfo (RoleInfo.java:shutdownLeaderElection(134)) - bc0bc980-c963-48ce-962e-85091c893131: shutdown LeaderElection
2019-10-16 20:42:14,542 [bc0bc980-c963-48ce-962e-85091c893131@group-28ACFA97060E-LeaderElection134] INFO  impl.RoleInfo (RoleInfo.java:updateAndGet(143)) - bc0bc980-c963-48ce-962e-85091c893131: start FollowerState
2019-10-16 20:42:14,691 [Thread-1464] INFO  impl.FollowerState (FollowerState.java:run(108)) - bc0bc980-c963-48ce-962e-85091c893131@group-28ACFA97060E-FollowerState: change to CANDIDATE, lastRpcTime:148ms, electionTimeout:148ms
2019-10-16 20:42:14,691 [Thread-1464] INFO  impl.RoleInfo (RoleInfo.java:shutdownFollowerState(121)) - bc0bc980-c963-48ce-962e-85091c893131: shutdown FollowerState
2019-10-16 20:42:14,691 [Thread-1464] INFO  impl.RaftServerImpl (RaftServerImpl.java:setRole(184)) - bc0bc980-c963-48ce-962e-85091c893131@group-28ACFA97060E: changes role from  FOLLOWER to CANDIDATE at term 115 for changeToCandidate
2019-10-16 20:42:14,691 [Thread-1464] INFO  impl.RoleInfo (RoleInfo.java:updateAndGet(143)) - bc0bc980-c963-48ce-962e-85091c893131: start LeaderElection
2019-10-16 20:42:14,707 [bc0bc980-c963-48ce-962e-85091c893131@group-28ACFA97060E-LeaderElection135] INFO  impl.LeaderElection (LeaderElection.java:askForVotes(178)) - bc0bc980-c963-48ce-962e-85091c893131@group-28ACFA97060E-LeaderElection135: begin an election at term 116 for -1: [46069bd9-45fc-4c82-823c-36f07a1bcff0:192.168.157.254:34001, bc0bc980-c963-48ce-962e-85091c893131:192.168.157.254:46787, d612b743-bedc-4c3f-983e-e3329f8a2e6f:192.168.157.254:44523], old=null
2019-10-16 20:42:14,709 [grpc-default-executor-2] INFO  impl.RaftServerImpl (RaftServerImpl.java:setRole(184)) - 46069bd9-45fc-4c82-823c-36f07a1bcff0@group-28ACFA97060E: changes role from  FOLLOWER to FOLLOWER at term 116 for recognizeCandidate:bc0bc980-c963-48ce-962e-85091c893131
2019-10-16 20:42:14,709 [grpc-default-executor-2] INFO  impl.RoleInfo (RoleInfo.java:shutdownFollowerState(121)) - 46069bd9-45fc-4c82-823c-36f07a1bcff0: shutdown FollowerState
2019-10-16 20:42:14,709 [grpc-default-executor-2] INFO  impl.RoleInfo (RoleInfo.java:updateAndGet(143)) - 46069bd9-45fc-4c82-823c-36f07a1bcff0: start FollowerState
2019-10-16 20:42:14,709 [Thread-1462] INFO  impl.FollowerState (FollowerState.java:run(117)) - 46069bd9-45fc-4c82-823c-36f07a1bcff0@group-28ACFA97060E-FollowerState was interrupted: java.lang.InterruptedException: sleep interrupted
2019-10-16 20:42:14,710 [grpc-default-executor-0] INFO  impl.RaftServerImpl (RaftServerImpl.java:setRole(184)) - d612b743-bedc-4c3f-983e-e3329f8a2e6f@group-28ACFA97060E: changes role from  FOLLOWER to FOLLOWER at term 116 for recognizeCandidate:bc0bc980-c963-48ce-962e-85091c893131
2019-10-16 20:42:14,710 [grpc-default-executor-0] INFO  impl.RoleInfo (RoleInfo.java:shutdownFollowerState(121)) - d612b743-bedc-4c3f-983e-e3329f8a2e6f: shutdown FollowerState
2019-10-16 20:42:14,710 [grpc-default-executor-0] INFO  impl.RoleInfo (RoleInfo.java:updateAndGet(143)) - d612b743-bedc-4c3f-983e-e3329f8a2e6f: start FollowerState
2019-10-16 20:42:14,710 [Thread-1463] INFO  impl.FollowerState (FollowerState.java:run(117)) - d612b743-bedc-4c3f-983e-e3329f8a2e6f@group-28ACFA97060E-FollowerState was interrupted: java.lang.InterruptedException: sleep interrupted
2019-10-16 20:42:14,736 [bc0bc980-c963-48ce-962e-85091c893131@group-28ACFA97060E-LeaderElection135] INFO  impl.LeaderElection (LeaderElection.java:logAndReturn(56)) - bc0bc980-c963-48ce-962e-85091c893131@group-28ACFA97060E-LeaderElection135: Election REJECTED; received 2 response(s) [bc0bc980-c963-48ce-962e-85091c893131<-46069bd9-45fc-4c82-823c-36f07a1bcff0#0:FAIL-t116, bc0bc980-c963-48ce-962e-85091c893131<-d612b743-bedc-4c3f-983e-e3329f8a2e6f#0:FAIL-t116] and 0 exception(s); bc0bc980-c963-48ce-962e-85091c893131@group-28ACFA97060E:t116, leader=null, voted=bc0bc980-c963-48ce-962e-85091c893131, raftlog=bc0bc980-c963-48ce-962e-85091c893131@group-28ACFA97060E-SegmentedRaftLog:OPENED:c-1,f-1,i0, conf=-1: [46069bd9-45fc-4c82-823c-36f07a1bcff0:192.168.157.254:34001, bc0bc980-c963-48ce-962e-85091c893131:192.168.157.254:46787, d612b743-bedc-4c3f-983e-e3329f8a2e6f:192.168.157.254:44523], old=null
2019-10-16 20:42:14,736 [bc0bc980-c963-48ce-962e-85091c893131@group-28ACFA97060E-LeaderElection135] INFO  impl.RaftServerImpl (RaftServerImpl.java:setRole(184)) - bc0bc980-c963-48ce-962e-85091c893131@group-28ACFA97060E: changes role from CANDIDATE to FOLLOWER at term 116 for DISCOVERED_A_NEW_TERM
2019-10-16 20:42:14,736 [bc0bc980-c963-48ce-962e-85091c893131@group-28ACFA97060E-LeaderElection135] INFO  impl.RoleInfo (RoleInfo.java:shutdownLeaderElection(134)) - bc0bc980-c963-48ce-962e-85091c893131: shutdown LeaderElection
2019-10-16 20:42:14,736 [bc0bc980-c963-48ce-962e-85091c893131@group-28ACFA97060E-LeaderElection135] INFO  impl.RoleInfo (RoleInfo.java:updateAndGet(143)) - bc0bc980-c963-48ce-962e-85091c893131: start FollowerState
2019-10-16 20:42:14,736 [Thread-1470] INFO  impl.FollowerState (FollowerState.java:run(108)) - bc0bc980-c963-48ce-962e-85091c893131@group-28ACFA97060E-FollowerState: change to CANDIDATE, lastRpcTime:0ms, electionTimeout:0ms
2019-10-16 20:42:14,737 [Thread-1470] INFO  impl.RoleInfo (RoleInfo.java:shutdownFollowerState(121)) - bc0bc980-c963-48ce-962e-85091c893131: shutdown FollowerState
2019-10-16 20:42:14,737 [Thread-1470] INFO  impl.RaftServerImpl (RaftServerImpl.java:setRole(184)) - bc0bc980-c963-48ce-962e-85091c893131@group-28ACFA97060E: changes role from  FOLLOWER to CANDIDATE at term 116 for changeToCandidate
2019-10-16 20:42:14,737 [Thread-1470] INFO  impl.RoleInfo (RoleInfo.java:updateAndGet(143)) - bc0bc980-c963-48ce-962e-85091c893131: start LeaderElection
2019-10-16 20:42:14,752 [bc0bc980-c963-48ce-962e-85091c893131@group-28ACFA97060E-LeaderElection136] INFO  impl.LeaderElection (LeaderElection.java:askForVotes(178)) - bc0bc980-c963-48ce-962e-85091c893131@group-28ACFA97060E-LeaderElection136: begin an election at term 117 for -1: [46069bd9-45fc-4c82-823c-36f07a1bcff0:192.168.157.254:34001, bc0bc980-c963-48ce-962e-85091c893131:192.168.157.254:46787, d612b743-bedc-4c3f-983e-e3329f8a2e6f:192.168.157.254:44523], old=null
2019-10-16 20:42:14,754 [grpc-default-executor-2] INFO  impl.RaftServerImpl (RaftServerImpl.java:setRole(184)) - 46069bd9-45fc-4c82-823c-36f07a1bcff0@group-28ACFA97060E: changes role from  FOLLOWER to FOLLOWER at term 117 for recognizeCandidate:bc0bc980-c963-48ce-962e-85091c893131
2019-10-16 20:42:14,754 [grpc-default-executor-2] INFO  impl.RoleInfo (RoleInfo.java:shutdownFollowerState(121)) - 46069bd9-45fc-4c82-823c-36f07a1bcff0: shutdown FollowerState
2019-10-16 20:42:14,754 [grpc-default-executor-0] INFO  impl.RaftServerImpl (RaftServerImpl.java:setRole(184)) - d612b743-bedc-4c3f-983e-e3329f8a2e6f@group-28ACFA97060E: changes role from  FOLLOWER to FOLLOWER at term 117 for recognizeCandidate:bc0bc980-c963-48ce-962e-85091c893131
2019-10-16 20:42:14,754 [grpc-default-executor-0] INFO  impl.RoleInfo (RoleInfo.java:shutdownFollowerState(121)) - d612b743-bedc-4c3f-983e-e3329f8a2e6f: shutdown FollowerState
2019-10-16 20:42:14,754 [Thread-1468] INFO  impl.FollowerState (FollowerState.java:run(117)) - 46069bd9-45fc-4c82-823c-36f07a1bcff0@group-28ACFA97060E-FollowerState was interrupted: java.lang.InterruptedException: sleep interrupted
2019-10-16 20:42:14,754 [grpc-default-executor-2] INFO  impl.RoleInfo (RoleInfo.java:updateAndGet(143)) - 46069bd9-45fc-4c82-823c-36f07a1bcff0: start FollowerState
2019-10-16 20:42:14,754 [Thread-1469] INFO  impl.FollowerState (FollowerState.java:run(117)) - d612b743-bedc-4c3f-983e-e3329f8a2e6f@group-28ACFA97060E-FollowerState was interrupted: java.lang.InterruptedException: sleep interrupted
2019-10-16 20:42:14,754 [grpc-default-executor-0] INFO  impl.RoleInfo (RoleInfo.java:updateAndGet(143)) - d612b743-bedc-4c3f-983e-e3329f8a2e6f: start FollowerState
2019-10-16 20:42:14,775 [bc0bc980-c963-48ce-962e-85091c893131@group-28ACFA97060E-LeaderElection136] INFO  impl.LeaderElection (LeaderElection.java:logAndReturn(56)) - bc0bc980-c963-48ce-962e-85091c893131@group-28ACFA97060E-LeaderElection136: Election REJECTED; received 2 response(s) [bc0bc980-c963-48ce-962e-85091c893131<-46069bd9-45fc-4c82-823c-36f07a1bcff0#0:FAIL-t117, bc0bc980-c963-48ce-962e-85091c893131<-d612b743-bedc-4c3f-983e-e3329f8a2e6f#0:FAIL-t117] and 0 exception(s); bc0bc980-c963-48ce-962e-85091c893131@group-28ACFA97060E:t117, leader=null, voted=bc0bc980-c963-48ce-962e-85091c893131, raftlog=bc0bc980-c963-48ce-962e-85091c893131@group-28ACFA97060E-SegmentedRaftLog:OPENED:c-1,f-1,i0, conf=-1: [46069bd9-45fc-4c82-823c-36f07a1bcff0:192.168.157.254:34001, bc0bc980-c963-48ce-962e-85091c893131:192.168.157.254:46787, d612b743-bedc-4c3f-983e-e3329f8a2e6f:192.168.157.254:44523], old=null
2019-10-16 20:42:14,775 [bc0bc980-c963-48ce-962e-85091c893131@group-28ACFA97060E-LeaderElection136] INFO  impl.RaftServerImpl (RaftServerImpl.java:setRole(184)) - bc0bc980-c963-48ce-962e-85091c893131@group-28ACFA97060E: changes role from CANDIDATE to FOLLOWER at term 117 for DISCOVERED_A_NEW_TERM
2019-10-16 20:42:14,775 [bc0bc980-c963-48ce-962e-85091c893131@group-28ACFA97060E-LeaderElection136] INFO  impl.RoleInfo (RoleInfo.java:shutdownLeaderElection(134)) - bc0bc980-c963-48ce-962e-85091c893131: shutdown LeaderElection
2019-10-16 20:42:14,775 [bc0bc980-c963-48ce-962e-85091c893131@group-28ACFA97060E-LeaderElection136] INFO  impl.RoleInfo (RoleInfo.java:updateAndGet(143)) - bc0bc980-c963-48ce-962e-85091c893131: start FollowerState
2019-10-16 20:42:14,958 [Thread-1476] INFO  impl.FollowerState (FollowerState.java:run(108)) - bc0bc980-c963-48ce-962e-85091c893131@group-28ACFA97060E-FollowerState: change to CANDIDATE, lastRpcTime:183ms, electionTimeout:183ms
2019-10-16 20:42:14,959 [Thread-1476] INFO  impl.RoleInfo (RoleInfo.java:shutdownFollowerState(121)) - bc0bc980-c963-48ce-962e-85091c893131: shutdown FollowerState
2019-10-16 20:42:14,959 [Thread-1476] INFO  impl.RaftServerImpl (RaftServerImpl.java:setRole(184)) - bc0bc980-c963-48ce-962e-85091c893131@group-28ACFA97060E: changes role from  FOLLOWER to CANDIDATE at term 117 for changeToCandidate
2019-10-16 20:42:14,959 [Thread-1476] INFO  impl.RoleInfo (RoleInfo.java:updateAndGet(143)) - bc0bc980-c963-48ce-962e-85091c893131: start LeaderElection
2019-10-16 20:42:14,972 [bc0bc980-c963-48ce-962e-85091c893131@group-28ACFA97060E-LeaderElection137] INFO  impl.LeaderElection (LeaderElection.java:askForVotes(178)) - bc0bc980-c963-48ce-962e-85091c893131@group-28ACFA97060E-LeaderElection137: begin an election at term 118 for -1: [46069bd9-45fc-4c82-823c-36f07a1bcff0:192.168.157.254:34001, bc0bc980-c963-48ce-962e-85091c893131:192.168.157.254:46787, d612b743-bedc-4c3f-983e-e3329f8a2e6f:192.168.157.254:44523], old=null
2019-10-16 20:42:14,975 [grpc-default-executor-2] INFO  impl.RaftServerImpl (RaftServerImpl.java:setRole(184)) - 46069bd9-45fc-4c82-823c-36f07a1bcff0@group-28ACFA97060E: changes role from  FOLLOWER to FOLLOWER at term 118 for recognizeCandidate:bc0bc980-c963-48ce-962e-85091c893131
2019-10-16 20:42:14,975 [grpc-default-executor-0] INFO  impl.RaftServerImpl (RaftServerImpl.java:setRole(184)) - d612b743-bedc-4c3f-983e-e3329f8a2e6f@group-28ACFA97060E: changes role from  FOLLOWER to FOLLOWER at term 118 for recognizeCandidate:bc0bc980-c963-48ce-962e-85091c893131
2019-10-16 20:42:14,976 [grpc-default-executor-0] INFO  impl.RoleInfo (RoleInfo.java:shutdownFollowerState(121)) - d612b743-bedc-4c3f-983e-e3329f8a2e6f: shutdown FollowerState
2019-10-16 20:42:14,976 [grpc-default-executor-2] INFO  impl.RoleInfo (RoleInfo.java:shutdownFollowerState(121)) - 46069bd9-45fc-4c82-823c-36f07a1bcff0: shutdown FollowerState
2019-10-16 20:42:14,976 [Thread-1475] INFO  impl.FollowerState (FollowerState.java:run(117)) - d612b743-bedc-4c3f-983e-e3329f8a2e6f@group-28ACFA97060E-FollowerState was interrupted: java.lang.InterruptedException: sleep interrupted
2019-10-16 20:42:14,976 [grpc-default-executor-0] INFO  impl.RoleInfo (RoleInfo.java:updateAndGet(143)) - d612b743-bedc-4c3f-983e-e3329f8a2e6f: start FollowerState
2019-10-16 20:42:14,976 [Thread-1474] INFO  impl.FollowerState (FollowerState.java:run(117)) - 46069bd9-45fc-4c82-823c-36f07a1bcff0@group-28ACFA97060E-FollowerState was interrupted: java.lang.InterruptedException: sleep interrupted
2019-10-16 20:42:14,976 [grpc-default-executor-2] INFO  impl.RoleInfo (RoleInfo.java:updateAndGet(143)) - 46069bd9-45fc-4c82-823c-36f07a1bcff0: start FollowerState
2019-10-16 20:42:15,016 [bc0bc980-c963-48ce-962e-85091c893131@group-28ACFA97060E-LeaderElection137] INFO  impl.LeaderElection (LeaderElection.java:logAndReturn(56)) - bc0bc980-c963-48ce-962e-85091c893131@group-28ACFA97060E-LeaderElection137: Election REJECTED; received 2 response(s) [bc0bc980-c963-48ce-962e-85091c893131<-46069bd9-45fc-4c82-823c-36f07a1bcff0#0:FAIL-t118, bc0bc980-c963-48ce-962e-85091c893131<-d612b743-bedc-4c3f-983e-e3329f8a2e6f#0:FAIL-t118] and 0 exception(s); bc0bc980-c963-48ce-962e-85091c893131@group-28ACFA97060E:t118, leader=null, voted=bc0bc980-c963-48ce-962e-85091c893131, raftlog=bc0bc980-c963-48ce-962e-85091c893131@group-28ACFA97060E-SegmentedRaftLog:OPENED:c-1,f-1,i0, conf=-1: [46069bd9-45fc-4c82-823c-36f07a1bcff0:192.168.157.254:34001, bc0bc980-c963-48ce-962e-85091c893131:192.168.157.254:46787, d612b743-bedc-4c3f-983e-e3329f8a2e6f:192.168.157.254:44523], old=null
2019-10-16 20:42:15,016 [bc0bc980-c963-48ce-962e-85091c893131@group-28ACFA97060E-LeaderElection137] INFO  impl.RaftServerImpl (RaftServerImpl.java:setRole(184)) - bc0bc980-c963-48ce-962e-85091c893131@group-28ACFA97060E: changes role from CANDIDATE to FOLLOWER at term 118 for DISCOVERED_A_NEW_TERM
2019-10-16 20:42:15,016 [bc0bc980-c963-48ce-962e-85091c893131@group-28ACFA97060E-LeaderElection137] INFO  impl.RoleInfo (RoleInfo.java:shutdownLeaderElection(134)) - bc0bc980-c963-48ce-962e-85091c893131: shutdown LeaderElection
2019-10-16 20:42:15,016 [bc0bc980-c963-48ce-962e-85091c893131@group-28ACFA97060E-LeaderElection137] INFO  impl.RoleInfo (RoleInfo.java:updateAndGet(143)) - bc0bc980-c963-48ce-962e-85091c893131: start FollowerState
2019-10-16 20:42:15,107 [Thread-1482] INFO  impl.FollowerState (FollowerState.java:run(108)) - bc0bc980-c963-48ce-962e-85091c893131@group-28ACFA97060E-FollowerState: change to CANDIDATE, lastRpcTime:91ms, electionTimeout:91ms
2019-10-16 20:42:15,108 [Thread-1482] INFO  impl.RoleInfo (RoleInfo.java:shutdownFollowerState(121)) - bc0bc980-c963-48ce-962e-85091c893131: shutdown FollowerState
2019-10-16 20:42:15,108 [Thread-1482] INFO  impl.RaftServerImpl (RaftServerImpl.java:setRole(184)) - bc0bc980-c963-48ce-962e-85091c893131@group-28ACFA97060E: changes role from  FOLLOWER to CANDIDATE at term 118 for changeToCandidate
2019-10-16 20:42:15,108 [Thread-1482] INFO  impl.RoleInfo (RoleInfo.java:updateAndGet(143)) - bc0bc980-c963-48ce-962e-85091c893131: start LeaderElection
2019-10-16 20:42:15,121 [bc0bc980-c963-48ce-962e-85091c893131@group-28ACFA97060E-LeaderElection138] INFO  impl.LeaderElection (LeaderElection.java:askForVotes(178)) - bc0bc980-c963-48ce-962e-85091c893131@group-28ACFA97060E-LeaderElection138: begin an election at term 119 for -1: [46069bd9-45fc-4c82-823c-36f07a1bcff0:192.168.157.254:34001, bc0bc980-c963-48ce-962e-85091c893131:192.168.157.254:46787, d612b743-bedc-4c3f-983e-e3329f8a2e6f:192.168.157.254:44523], old=null
2019-10-16 20:42:15,123 [grpc-default-executor-0] INFO  impl.RaftServerImpl (RaftServerImpl.java:setRole(184)) - 46069bd9-45fc-4c82-823c-36f07a1bcff0@group-28ACFA97060E: changes role from  FOLLOWER to FOLLOWER at term 119 for recognizeCandidate:bc0bc980-c963-48ce-962e-85091c893131
2019-10-16 20:42:15,123 [grpc-default-executor-0] INFO  impl.RoleInfo (RoleInfo.java:shutdownFollowerState(121)) - 46069bd9-45fc-4c82-823c-36f07a1bcff0: shutdown FollowerState
2019-10-16 20:42:15,123 [grpc-default-executor-0] INFO  impl.RoleInfo (RoleInfo.java:updateAndGet(143)) - 46069bd9-45fc-4c82-823c-36f07a1bcff0: start FollowerState
2019-10-16 20:42:15,123 [grpc-default-executor-2] INFO  impl.RaftServerImpl (RaftServerImpl.java:setRole(184)) - d612b743-bedc-4c3f-983e-e3329f8a2e6f@group-28ACFA97060E: changes role from  FOLLOWER to FOLLOWER at term 119 for recognizeCandidate:bc0bc980-c963-48ce-962e-85091c893131
2019-10-16 20:42:15,123 [grpc-default-executor-2] INFO  impl.RoleInfo (RoleInfo.java:shutdownFollowerState(121)) - d612b743-bedc-4c3f-983e-e3329f8a2e6f: shutdown FollowerState
2019-10-16 20:42:15,123 [Thread-1481] INFO  impl.FollowerState (FollowerState.java:run(117)) - 46069bd9-45fc-4c82-823c-36f07a1bcff0@group-28ACFA97060E-FollowerState was interrupted: java.lang.InterruptedException: sleep interrupted
2019-10-16 20:42:15,124 [grpc-default-executor-2] INFO  impl.RoleInfo (RoleInfo.java:updateAndGet(143)) - d612b743-bedc-4c3f-983e-e3329f8a2e6f: start FollowerState
2019-10-16 20:42:15,124 [Thread-1480] INFO  impl.FollowerState (FollowerState.java:run(117)) - d612b743-bedc-4c3f-983e-e3329f8a2e6f@group-28ACFA97060E-FollowerState was interrupted: java.lang.InterruptedException: sleep interrupted
2019-10-16 20:42:15,138 [bc0bc980-c963-48ce-962e-85091c893131@group-28ACFA97060E-LeaderElection138] INFO  impl.LeaderElection (LeaderElection.java:logAndReturn(56)) - bc0bc980-c963-48ce-962e-85091c893131@group-28ACFA97060E-LeaderElection138: Election REJECTED; received 2 response(s) [bc0bc980-c963-48ce-962e-85091c893131<-46069bd9-45fc-4c82-823c-36f07a1bcff0#0:FAIL-t119, bc0bc980-c963-48ce-962e-85091c893131<-d612b743-bedc-4c3f-983e-e3329f8a2e6f#0:FAIL-t119] and 0 exception(s); bc0bc980-c963-48ce-962e-85091c893131@group-28ACFA97060E:t119, leader=null, voted=bc0bc980-c963-48ce-962e-85091c893131, raftlog=bc0bc980-c963-48ce-962e-85091c893131@group-28ACFA97060E-SegmentedRaftLog:OPENED:c-1,f-1,i0, conf=-1: [46069bd9-45fc-4c82-823c-36f07a1bcff0:192.168.157.254:34001, bc0bc980-c963-48ce-962e-85091c893131:192.168.157.254:46787, d612b743-bedc-4c3f-983e-e3329f8a2e6f:192.168.157.254:44523], old=null
2019-10-16 20:42:15,138 [bc0bc980-c963-48ce-962e-85091c893131@group-28ACFA97060E-LeaderElection138] INFO  impl.RaftServerImpl (RaftServerImpl.java:setRole(184)) - bc0bc980-c963-48ce-962e-85091c893131@group-28ACFA97060E: changes role from CANDIDATE to FOLLOWER at term 119 for DISCOVERED_A_NEW_TERM
2019-10-16 20:42:15,138 [bc0bc980-c963-48ce-962e-85091c893131@group-28ACFA97060E-LeaderElection138] INFO  impl.RoleInfo (RoleInfo.java:shutdownLeaderElection(134)) - bc0bc980-c963-48ce-962e-85091c893131: shutdown LeaderElection
2019-10-16 20:42:15,138 [bc0bc980-c963-48ce-962e-85091c893131@group-28ACFA97060E-LeaderElection138] INFO  impl.RoleInfo (RoleInfo.java:updateAndGet(143)) - bc0bc980-c963-48ce-962e-85091c893131: start FollowerState
2019-10-16 20:42:15,196 [Thread-1488] INFO  impl.FollowerState (FollowerState.java:run(108)) - bc0bc980-c963-48ce-962e-85091c893131@group-28ACFA97060E-FollowerState: change to CANDIDATE, lastRpcTime:57ms, electionTimeout:57ms
2019-10-16 20:42:15,196 [Thread-1488] INFO  impl.RoleInfo (RoleInfo.java:shutdownFollowerState(121)) - bc0bc980-c963-48ce-962e-85091c893131: shutdown FollowerState
2019-10-16 20:42:15,196 [Thread-1488] INFO  impl.RaftServerImpl (RaftServerImpl.java:setRole(184)) - bc0bc980-c963-48ce-962e-85091c893131@group-28ACFA97060E: changes role from  FOLLOWER to CANDIDATE at term 119 for changeToCandidate
2019-10-16 20:42:15,196 [Thread-1488] INFO  impl.RoleInfo (RoleInfo.java:updateAndGet(143)) - bc0bc980-c963-48ce-962e-85091c893131: start LeaderElection
2019-10-16 20:42:15,209 [bc0bc980-c963-48ce-962e-85091c893131@group-28ACFA97060E-LeaderElection139] INFO  impl.LeaderElection (LeaderElection.java:askForVotes(178)) - bc0bc980-c963-48ce-962e-85091c893131@group-28ACFA97060E-LeaderElection139: begin an election at term 120 for -1: [46069bd9-45fc-4c82-823c-36f07a1bcff0:192.168.157.254:34001, bc0bc980-c963-48ce-962e-85091c893131:192.168.157.254:46787, d612b743-bedc-4c3f-983e-e3329f8a2e6f:192.168.157.254:44523], old=null
2019-10-16 20:42:15,211 [grpc-default-executor-2] INFO  impl.RaftServerImpl (RaftServerImpl.java:setRole(184)) - 46069bd9-45fc-4c82-823c-36f07a1bcff0@group-28ACFA97060E: changes role from  FOLLOWER to FOLLOWER at term 120 for recognizeCandidate:bc0bc980-c963-48ce-962e-85091c893131
2019-10-16 20:42:15,211 [grpc-default-executor-0] INFO  impl.RaftServerImpl (RaftServerImpl.java:setRole(184)) - d612b743-bedc-4c3f-983e-e3329f8a2e6f@group-28ACFA97060E: changes role from  FOLLOWER to FOLLOWER at term 120 for recognizeCandidate:bc0bc980-c963-48ce-962e-85091c893131
2019-10-16 20:42:15,211 [grpc-default-executor-0] INFO  impl.RoleInfo (RoleInfo.java:shutdownFollowerState(121)) - d612b743-bedc-4c3f-983e-e3329f8a2e6f: shutdown FollowerState
2019-10-16 20:42:15,211 [grpc-default-executor-2] INFO  impl.RoleInfo (RoleInfo.java:shutdownFollowerState(121)) - 46069bd9-45fc-4c82-823c-36f07a1bcff0: shutdown FollowerState
2019-10-16 20:42:15,211 [Thread-1487] INFO  impl.FollowerState (FollowerState.java:run(117)) - d612b743-bedc-4c3f-983e-e3329f8a2e6f@group-28ACFA97060E-FollowerState was interrupted: java.lang.InterruptedException: sleep interrupted
2019-10-16 20:42:15,211 [grpc-default-executor-0] INFO  impl.RoleInfo (RoleInfo.java:updateAndGet(143)) - d612b743-bedc-4c3f-983e-e3329f8a2e6f: start FollowerState
2019-10-16 20:42:15,211 [grpc-default-executor-2] INFO  impl.RoleInfo (RoleInfo.java:updateAndGet(143)) - 46069bd9-45fc-4c82-823c-36f07a1bcff0: start FollowerState
2019-10-16 20:42:15,211 [Thread-1486] INFO  impl.FollowerState (FollowerState.java:run(117)) - 46069bd9-45fc-4c82-823c-36f07a1bcff0@group-28ACFA97060E-FollowerState was interrupted: java.lang.InterruptedException: sleep interrupted
2019-10-16 20:42:15,226 [bc0bc980-c963-48ce-962e-85091c893131@group-28ACFA97060E-LeaderElection139] INFO  impl.LeaderElection (LeaderElection.java:logAndReturn(56)) - bc0bc980-c963-48ce-962e-85091c893131@group-28ACFA97060E-LeaderElection139: Election REJECTED; received 2 response(s) [bc0bc980-c963-48ce-962e-85091c893131<-46069bd9-45fc-4c82-823c-36f07a1bcff0#0:FAIL-t120, bc0bc980-c963-48ce-962e-85091c893131<-d612b743-bedc-4c3f-983e-e3329f8a2e6f#0:FAIL-t120] and 0 exception(s); bc0bc980-c963-48ce-962e-85091c893131@group-28ACFA97060E:t120, leader=null, voted=bc0bc980-c963-48ce-962e-85091c893131, raftlog=bc0bc980-c963-48ce-962e-85091c893131@group-28ACFA97060E-SegmentedRaftLog:OPENED:c-1,f-1,i0, conf=-1: [46069bd9-45fc-4c82-823c-36f07a1bcff0:192.168.157.254:34001, bc0bc980-c963-48ce-962e-85091c893131:192.168.157.254:46787, d612b743-bedc-4c3f-983e-e3329f8a2e6f:192.168.157.254:44523], old=null
2019-10-16 20:42:15,226 [bc0bc980-c963-48ce-962e-85091c893131@group-28ACFA97060E-LeaderElection139] INFO  impl.RaftServerImpl (RaftServerImpl.java:setRole(184)) - bc0bc980-c963-48ce-962e-85091c893131@group-28ACFA97060E: changes role from CANDIDATE to FOLLOWER at term 120 for DISCOVERED_A_NEW_TERM
2019-10-16 20:42:15,226 [bc0bc980-c963-48ce-962e-85091c893131@group-28ACFA97060E-LeaderElection139] INFO  impl.RoleInfo (RoleInfo.java:shutdownLeaderElection(134)) - bc0bc980-c963-48ce-962e-85091c893131: shutdown LeaderElection
2019-10-16 20:42:15,226 [bc0bc980-c963-48ce-962e-85091c893131@group-28ACFA97060E-LeaderElection139] INFO  impl.RoleInfo (RoleInfo.java:updateAndGet(143)) - bc0bc980-c963-48ce-962e-85091c893131: start FollowerState
2019-10-16 20:42:15,382 [Thread-1494] INFO  impl.FollowerState (FollowerState.java:run(108)) - bc0bc980-c963-48ce-962e-85091c893131@group-28ACFA97060E-FollowerState: change to CANDIDATE, lastRpcTime:155ms, electionTimeout:155ms
2019-10-16 20:42:15,382 [Thread-1494] INFO  impl.RoleInfo (RoleInfo.java:shutdownFollowerState(121)) - bc0bc980-c963-48ce-962e-85091c893131: shutdown FollowerState
2019-10-16 20:42:15,382 [Thread-1494] INFO  impl.RaftServerImpl (RaftServerImpl.java:setRole(184)) - bc0bc980-c963-48ce-962e-85091c893131@group-28ACFA97060E: changes role from  FOLLOWER to CANDIDATE at term 120 for changeToCandidate
2019-10-16 20:42:15,382 [Thread-1494] INFO  impl.RoleInfo (RoleInfo.java:updateAndGet(143)) - bc0bc980-c963-48ce-962e-85091c893131: start LeaderElection
2019-10-16 20:42:15,397 [bc0bc980-c963-48ce-962e-85091c893131@group-28ACFA97060E-LeaderElection140] INFO  impl.LeaderElection (LeaderElection.java:askForVotes(178)) - bc0bc980-c963-48ce-962e-85091c893131@group-28ACFA97060E-LeaderElection140: begin an election at term 121 for -1: [46069bd9-45fc-4c82-823c-36f07a1bcff0:192.168.157.254:34001, bc0bc980-c963-48ce-962e-85091c893131:192.168.157.254:46787, d612b743-bedc-4c3f-983e-e3329f8a2e6f:192.168.157.254:44523], old=null
2019-10-16 20:42:15,398 [grpc-default-executor-0] INFO  impl.RaftServerImpl (RaftServerImpl.java:setRole(184)) - 46069bd9-45fc-4c82-823c-36f07a1bcff0@group-28ACFA97060E: changes role from  FOLLOWER to FOLLOWER at term 121 for recognizeCandidate:bc0bc980-c963-48ce-962e-85091c893131
2019-10-16 20:42:15,399 [grpc-default-executor-0] INFO  impl.RoleInfo (RoleInfo.java:shutdownFollowerState(121)) - 46069bd9-45fc-4c82-823c-36f07a1bcff0: shutdown FollowerState
2019-10-16 20:42:15,399 [grpc-default-executor-2] INFO  impl.RaftServerImpl (RaftServerImpl.java:setRole(184)) - d612b743-bedc-4c3f-983e-e3329f8a2e6f@group-28ACFA97060E: changes role from  FOLLOWER to FOLLOWER at term 121 for recognizeCandidate:bc0bc980-c963-48ce-962e-85091c893131
2019-10-16 20:42:15,399 [Thread-1493] INFO  impl.FollowerState (FollowerState.java:run(117)) - 46069bd9-45fc-4c82-823c-36f07a1bcff0@group-28ACFA97060E-FollowerState was interrupted: java.lang.InterruptedException: sleep interrupted
2019-10-16 20:42:15,399 [grpc-default-executor-0] INFO  impl.RoleInfo (RoleInfo.java:updateAndGet(143)) - 46069bd9-45fc-4c82-823c-36f07a1bcff0: start FollowerState
2019-10-16 20:42:15,399 [grpc-default-executor-2] INFO  impl.RoleInfo (RoleInfo.java:shutdownFollowerState(121)) - d612b743-bedc-4c3f-983e-e3329f8a2e6f: shutdown FollowerState
2019-10-16 20:42:15,399 [grpc-default-executor-2] INFO  impl.RoleInfo (RoleInfo.java:updateAndGet(143)) - d612b743-bedc-4c3f-983e-e3329f8a2e6f: start FollowerState
2019-10-16 20:42:15,399 [Thread-1492] INFO  impl.FollowerState (FollowerState.java:run(117)) - d612b743-bedc-4c3f-983e-e3329f8a2e6f@group-28ACFA97060E-FollowerState was interrupted: java.lang.InterruptedException: sleep interrupted
2019-10-16 20:42:15,425 [bc0bc980-c963-48ce-962e-85091c893131@group-28ACFA97060E-LeaderElection140] INFO  impl.LeaderElection (LeaderElection.java:logAndReturn(56)) - bc0bc980-c963-48ce-962e-85091c893131@group-28ACFA97060E-LeaderElection140: Election REJECTED; received 2 response(s) [bc0bc980-c963-48ce-962e-85091c893131<-46069bd9-45fc-4c82-823c-36f07a1bcff0#0:FAIL-t121, bc0bc980-c963-48ce-962e-85091c893131<-d612b743-bedc-4c3f-983e-e3329f8a2e6f#0:FAIL-t121] and 0 exception(s); bc0bc980-c963-48ce-962e-85091c893131@group-28ACFA97060E:t121, leader=null, voted=bc0bc980-c963-48ce-962e-85091c893131, raftlog=bc0bc980-c963-48ce-962e-85091c893131@group-28ACFA97060E-SegmentedRaftLog:OPENED:c-1,f-1,i0, conf=-1: [46069bd9-45fc-4c82-823c-36f07a1bcff0:192.168.157.254:34001, bc0bc980-c963-48ce-962e-85091c893131:192.168.157.254:46787, d612b743-bedc-4c3f-983e-e3329f8a2e6f:192.168.157.254:44523], old=null
2019-10-16 20:42:15,425 [bc0bc980-c963-48ce-962e-85091c893131@group-28ACFA97060E-LeaderElection140] INFO  impl.RaftServerImpl (RaftServerImpl.java:setRole(184)) - bc0bc980-c963-48ce-962e-85091c893131@group-28ACFA97060E: changes role from CANDIDATE to FOLLOWER at term 121 for DISCOVERED_A_NEW_TERM
2019-10-16 20:42:15,425 [bc0bc980-c963-48ce-962e-85091c893131@group-28ACFA97060E-LeaderElection140] INFO  impl.RoleInfo (RoleInfo.java:shutdownLeaderElection(134)) - bc0bc980-c963-48ce-962e-85091c893131: shutdown LeaderElection
2019-10-16 20:42:15,425 [bc0bc980-c963-48ce-962e-85091c893131@group-28ACFA97060E-LeaderElection140] INFO  impl.RoleInfo (RoleInfo.java:updateAndGet(143)) - bc0bc980-c963-48ce-962e-85091c893131: start FollowerState
2019-10-16 20:42:15,520 [Thread-1500] INFO  impl.FollowerState (FollowerState.java:run(108)) - bc0bc980-c963-48ce-962e-85091c893131@group-28ACFA97060E-FollowerState: change to CANDIDATE, lastRpcTime:94ms, electionTimeout:94ms
2019-10-16 20:42:15,520 [Thread-1500] INFO  impl.RoleInfo (RoleInfo.java:shutdownFollowerState(121)) - bc0bc980-c963-48ce-962e-85091c893131: shutdown FollowerState
2019-10-16 20:42:15,520 [Thread-1500] INFO  impl.RaftServerImpl (RaftServerImpl.java:setRole(184)) - bc0bc980-c963-48ce-962e-85091c893131@group-28ACFA97060E: changes role from  FOLLOWER to CANDIDATE at term 121 for changeToCandidate
2019-10-16 20:42:15,520 [Thread-1500] INFO  impl.RoleInfo (RoleInfo.java:updateAndGet(143)) - bc0bc980-c963-48ce-962e-85091c893131: start LeaderElection
2019-10-16 20:42:15,527 [bc0bc980-c963-48ce-962e-85091c893131@group-28ACFA97060E-LeaderElection141] INFO  impl.LeaderElection (LeaderElection.java:askForVotes(178)) - bc0bc980-c963-48ce-962e-85091c893131@group-28ACFA97060E-LeaderElection141: begin an election at term 122 for -1: [46069bd9-45fc-4c82-823c-36f07a1bcff0:192.168.157.254:34001, bc0bc980-c963-48ce-962e-85091c893131:192.168.157.254:46787, d612b743-bedc-4c3f-983e-e3329f8a2e6f:192.168.157.254:44523], old=null
2019-10-16 20:42:15,529 [grpc-default-executor-2] INFO  impl.RaftServerImpl (RaftServerImpl.java:setRole(184)) - 46069bd9-45fc-4c82-823c-36f07a1bcff0@group-28ACFA97060E: changes role from  FOLLOWER to FOLLOWER at term 122 for recognizeCandidate:bc0bc980-c963-48ce-962e-85091c893131
2019-10-16 20:42:15,529 [grpc-default-executor-2] INFO  impl.RoleInfo (RoleInfo.java:shutdownFollowerState(121)) - 46069bd9-45fc-4c82-823c-36f07a1bcff0: shutdown FollowerState
2019-10-16 20:42:15,530 [grpc-default-executor-0] INFO  impl.RaftServerImpl (RaftServerImpl.java:setRole(184)) - d612b743-bedc-4c3f-983e-e3329f8a2e6f@group-28ACFA97060E: changes role from  FOLLOWER to FOLLOWER at term 122 for recognizeCandidate:bc0bc980-c963-48ce-962e-85091c893131
2019-10-16 20:42:15,530 [Thread-1498] INFO  impl.FollowerState (FollowerState.java:run(117)) - 46069bd9-45fc-4c82-823c-36f07a1bcff0@group-28ACFA97060E-FollowerState was interrupted: java.lang.InterruptedException: sleep interrupted
2019-10-16 20:42:15,530 [grpc-default-executor-2] INFO  impl.RoleInfo (RoleInfo.java:updateAndGet(143)) - 46069bd9-45fc-4c82-823c-36f07a1bcff0: start FollowerState
2019-10-16 20:42:15,530 [grpc-default-executor-0] INFO  impl.RoleInfo (RoleInfo.java:shutdownFollowerState(121)) - d612b743-bedc-4c3f-983e-e3329f8a2e6f: shutdown FollowerState
2019-10-16 20:42:15,530 [grpc-default-executor-0] INFO  impl.RoleInfo (RoleInfo.java:updateAndGet(143)) - d612b743-bedc-4c3f-983e-e3329f8a2e6f: start FollowerState
2019-10-16 20:42:15,530 [Thread-1499] INFO  impl.FollowerState (FollowerState.java:run(117)) - d612b743-bedc-4c3f-983e-e3329f8a2e6f@group-28ACFA97060E-FollowerState was interrupted: java.lang.InterruptedException: sleep interrupted
2019-10-16 20:42:15,545 [bc0bc980-c963-48ce-962e-85091c893131@group-28ACFA97060E-LeaderElection141] INFO  impl.LeaderElection (LeaderElection.java:logAndReturn(56)) - bc0bc980-c963-48ce-962e-85091c893131@group-28ACFA97060E-LeaderElection141: Election REJECTED; received 2 response(s) [bc0bc980-c963-48ce-962e-85091c893131<-46069bd9-45fc-4c82-823c-36f07a1bcff0#0:FAIL-t122, bc0bc980-c963-48ce-962e-85091c893131<-d612b743-bedc-4c3f-983e-e3329f8a2e6f#0:FAIL-t122] and 0 exception(s); bc0bc980-c963-48ce-962e-85091c893131@group-28ACFA97060E:t122, leader=null, voted=bc0bc980-c963-48ce-962e-85091c893131, raftlog=bc0bc980-c963-48ce-962e-85091c893131@group-28ACFA97060E-SegmentedRaftLog:OPENED:c-1,f-1,i0, conf=-1: [46069bd9-45fc-4c82-823c-36f07a1bcff0:192.168.157.254:34001, bc0bc980-c963-48ce-962e-85091c893131:192.168.157.254:46787, d612b743-bedc-4c3f-983e-e3329f8a2e6f:192.168.157.254:44523], old=null
2019-10-16 20:42:15,545 [bc0bc980-c963-48ce-962e-85091c893131@group-28ACFA97060E-LeaderElection141] INFO  impl.RaftServerImpl (RaftServerImpl.java:setRole(184)) - bc0bc980-c963-48ce-962e-85091c893131@group-28ACFA97060E: changes role from CANDIDATE to FOLLOWER at term 122 for DISCOVERED_A_NEW_TERM
2019-10-16 20:42:15,545 [bc0bc980-c963-48ce-962e-85091c893131@group-28ACFA97060E-LeaderElection141] INFO  impl.RoleInfo (RoleInfo.java:shutdownLeaderElection(134)) - bc0bc980-c963-48ce-962e-85091c893131: shutdown LeaderElection
2019-10-16 20:42:15,545 [bc0bc980-c963-48ce-962e-85091c893131@group-28ACFA97060E-LeaderElection141] INFO  impl.RoleInfo (RoleInfo.java:updateAndGet(143)) - bc0bc980-c963-48ce-962e-85091c893131: start FollowerState
2019-10-16 20:42:15,713 [Thread-1506] INFO  impl.FollowerState (FollowerState.java:run(108)) - bc0bc980-c963-48ce-962e-85091c893131@group-28ACFA97060E-FollowerState: change to CANDIDATE, lastRpcTime:168ms, electionTimeout:168ms
2019-10-16 20:42:15,713 [Thread-1506] INFO  impl.RoleInfo (RoleInfo.java:shutdownFollowerState(121)) - bc0bc980-c963-48ce-962e-85091c893131: shutdown FollowerState
2019-10-16 20:42:15,713 [Thread-1506] INFO  impl.RaftServerImpl (RaftServerImpl.java:setRole(184)) - bc0bc980-c963-48ce-962e-85091c893131@group-28ACFA97060E: changes role from  FOLLOWER to CANDIDATE at term 122 for changeToCandidate
2019-10-16 20:42:15,714 [Thread-1506] INFO  impl.RoleInfo (RoleInfo.java:updateAndGet(143)) - bc0bc980-c963-48ce-962e-85091c893131: start LeaderElection
2019-10-16 20:42:15,733 [bc0bc980-c963-48ce-962e-85091c893131@group-28ACFA97060E-LeaderElection142] INFO  impl.LeaderElection (LeaderElection.java:askForVotes(178)) - bc0bc980-c963-48ce-962e-85091c893131@group-28ACFA97060E-LeaderElection142: begin an election at term 123 for -1: [46069bd9-45fc-4c82-823c-36f07a1bcff0:192.168.157.254:34001, bc0bc980-c963-48ce-962e-85091c893131:192.168.157.254:46787, d612b743-bedc-4c3f-983e-e3329f8a2e6f:192.168.157.254:44523], old=null
2019-10-16 20:42:15,735 [grpc-default-executor-0] INFO  impl.RaftServerImpl (RaftServerImpl.java:setRole(184)) - d612b743-bedc-4c3f-983e-e3329f8a2e6f@group-28ACFA97060E: changes role from  FOLLOWER to FOLLOWER at term 123 for recognizeCandidate:bc0bc980-c963-48ce-962e-85091c893131
2019-10-16 20:42:15,735 [grpc-default-executor-2] INFO  impl.RaftServerImpl (RaftServerImpl.java:setRole(184)) - 46069bd9-45fc-4c82-823c-36f07a1bcff0@group-28ACFA97060E: changes role from  FOLLOWER to FOLLOWER at term 123 for recognizeCandidate:bc0bc980-c963-48ce-962e-85091c893131
2019-10-16 20:42:15,735 [grpc-default-executor-0] INFO  impl.RoleInfo (RoleInfo.java:shutdownFollowerState(121)) - d612b743-bedc-4c3f-983e-e3329f8a2e6f: shutdown FollowerState
2019-10-16 20:42:15,735 [grpc-default-executor-2] INFO  impl.RoleInfo (RoleInfo.java:shutdownFollowerState(121)) - 46069bd9-45fc-4c82-823c-36f07a1bcff0: shutdown FollowerState
2019-10-16 20:42:15,736 [Thread-1505] INFO  impl.FollowerState (FollowerState.java:run(117)) - d612b743-bedc-4c3f-983e-e3329f8a2e6f@group-28ACFA97060E-FollowerState was interrupted: java.lang.InterruptedException: sleep interrupted
2019-10-16 20:42:15,736 [grpc-default-executor-0] INFO  impl.RoleInfo (RoleInfo.java:updateAndGet(143)) - d612b743-bedc-4c3f-983e-e3329f8a2e6f: start FollowerState
2019-10-16 20:42:15,736 [Thread-1504] INFO  impl.FollowerState (FollowerState.java:run(117)) - 46069bd9-45fc-4c82-823c-36f07a1bcff0@group-28ACFA97060E-FollowerState was interrupted: java.lang.InterruptedException: sleep interrupted
2019-10-16 20:42:15,736 [grpc-default-executor-2] INFO  impl.RoleInfo (RoleInfo.java:updateAndGet(143)) - 46069bd9-45fc-4c82-823c-36f07a1bcff0: start FollowerState
2019-10-16 20:42:15,756 [bc0bc980-c963-48ce-962e-85091c893131@group-28ACFA97060E-LeaderElection142] INFO  impl.LeaderElection (LeaderElection.java:logAndReturn(56)) - bc0bc980-c963-48ce-962e-85091c893131@group-28ACFA97060E-LeaderElection142: Election REJECTED; received 2 response(s) [bc0bc980-c963-48ce-962e-85091c893131<-46069bd9-45fc-4c82-823c-36f07a1bcff0#0:FAIL-t123, bc0bc980-c963-48ce-962e-85091c893131<-d612b743-bedc-4c3f-983e-e3329f8a2e6f#0:FAIL-t123] and 0 exception(s); bc0bc980-c963-48ce-962e-85091c893131@group-28ACFA97060E:t123, leader=null, voted=bc0bc980-c963-48ce-962e-85091c893131, raftlog=bc0bc980-c963-48ce-962e-85091c893131@group-28ACFA97060E-SegmentedRaftLog:OPENED:c-1,f-1,i0, conf=-1: [46069bd9-45fc-4c82-823c-36f07a1bcff0:192.168.157.254:34001, bc0bc980-c963-48ce-962e-85091c893131:192.168.157.254:46787, d612b743-bedc-4c3f-983e-e3329f8a2e6f:192.168.157.254:44523], old=null
2019-10-16 20:42:15,756 [bc0bc980-c963-48ce-962e-85091c893131@group-28ACFA97060E-LeaderElection142] INFO  impl.RaftServerImpl (RaftServerImpl.java:setRole(184)) - bc0bc980-c963-48ce-962e-85091c893131@group-28ACFA97060E: changes role from CANDIDATE to FOLLOWER at term 123 for DISCOVERED_A_NEW_TERM
2019-10-16 20:42:15,756 [bc0bc980-c963-48ce-962e-85091c893131@group-28ACFA97060E-LeaderElection142] INFO  impl.RoleInfo (RoleInfo.java:shutdownLeaderElection(134)) - bc0bc980-c963-48ce-962e-85091c893131: shutdown LeaderElection
2019-10-16 20:42:15,756 [bc0bc980-c963-48ce-962e-85091c893131@group-28ACFA97060E-LeaderElection142] INFO  impl.RoleInfo (RoleInfo.java:updateAndGet(143)) - bc0bc980-c963-48ce-962e-85091c893131: start FollowerState
2019-10-16 20:42:15,832 [Thread-1512] INFO  impl.FollowerState (FollowerState.java:run(108)) - bc0bc980-c963-48ce-962e-85091c893131@group-28ACFA97060E-FollowerState: change to CANDIDATE, lastRpcTime:75ms, electionTimeout:75ms
2019-10-16 20:42:15,832 [Thread-1512] INFO  impl.RoleInfo (RoleInfo.java:shutdownFollowerState(121)) - bc0bc980-c963-48ce-962e-85091c893131: shutdown FollowerState
2019-10-16 20:42:15,832 [Thread-1512] INFO  impl.RaftServerImpl (RaftServerImpl.java:setRole(184)) - bc0bc980-c963-48ce-962e-85091c893131@group-28ACFA97060E: changes role from  FOLLOWER to CANDIDATE at term 123 for changeToCandidate
2019-10-16 20:42:15,832 [Thread-1512] INFO  impl.RoleInfo (RoleInfo.java:updateAndGet(143)) - bc0bc980-c963-48ce-962e-85091c893131: start LeaderElection
2019-10-16 20:42:15,847 [bc0bc980-c963-48ce-962e-85091c893131@group-28ACFA97060E-LeaderElection143] INFO  impl.LeaderElection (LeaderElection.java:askForVotes(178)) - bc0bc980-c963-48ce-962e-85091c893131@group-28ACFA97060E-LeaderElection143: begin an election at term 124 for -1: [46069bd9-45fc-4c82-823c-36f07a1bcff0:192.168.157.254:34001, bc0bc980-c963-48ce-962e-85091c893131:192.168.157.254:46787, d612b743-bedc-4c3f-983e-e3329f8a2e6f:192.168.157.254:44523], old=null
2019-10-16 20:42:15,848 [grpc-default-executor-0] INFO  impl.RaftServerImpl (RaftServerImpl.java:setRole(184)) - 46069bd9-45fc-4c82-823c-36f07a1bcff0@group-28ACFA97060E: changes role from  FOLLOWER to FOLLOWER at term 124 for recognizeCandidate:bc0bc980-c963-48ce-962e-85091c893131
2019-10-16 20:42:15,848 [grpc-default-executor-0] INFO  impl.RoleInfo (RoleInfo.java:shutdownFollowerState(121)) - 46069bd9-45fc-4c82-823c-36f07a1bcff0: shutdown FollowerState
2019-10-16 20:42:15,849 [grpc-default-executor-2] INFO  impl.RaftServerImpl (RaftServerImpl.java:setRole(184)) - d612b743-bedc-4c3f-983e-e3329f8a2e6f@group-28ACFA97060E: changes role from  FOLLOWER to FOLLOWER at term 124 for recognizeCandidate:bc0bc980-c963-48ce-962e-85091c893131
2019-10-16 20:42:15,849 [grpc-default-executor-0] INFO  impl.RoleInfo (RoleInfo.java:updateAndGet(143)) - 46069bd9-45fc-4c82-823c-36f07a1bcff0: start FollowerState
2019-10-16 20:42:15,849 [Thread-1511] INFO  impl.FollowerState (FollowerState.java:run(117)) - 46069bd9-45fc-4c82-823c-36f07a1bcff0@group-28ACFA97060E-FollowerState was interrupted: java.lang.InterruptedException: sleep interrupted
2019-10-16 20:42:15,849 [grpc-default-executor-2] INFO  impl.RoleInfo (RoleInfo.java:shutdownFollowerState(121)) - d612b743-bedc-4c3f-983e-e3329f8a2e6f: shutdown FollowerState
2019-10-16 20:42:15,849 [grpc-default-executor-2] INFO  impl.RoleInfo (RoleInfo.java:updateAndGet(143)) - d612b743-bedc-4c3f-983e-e3329f8a2e6f: start FollowerState
2019-10-16 20:42:15,849 [Thread-1510] INFO  impl.FollowerState (FollowerState.java:run(117)) - d612b743-bedc-4c3f-983e-e3329f8a2e6f@group-28ACFA97060E-FollowerState was interrupted: java.lang.InterruptedException: sleep interrupted
2019-10-16 20:42:15,863 [bc0bc980-c963-48ce-962e-85091c893131@group-28ACFA97060E-LeaderElection143] INFO  impl.LeaderElection (LeaderElection.java:logAndReturn(56)) - bc0bc980-c963-48ce-962e-85091c893131@group-28ACFA97060E-LeaderElection143: Election REJECTED; received 2 response(s) [bc0bc980-c963-48ce-962e-85091c893131<-46069bd9-45fc-4c82-823c-36f07a1bcff0#0:FAIL-t124, bc0bc980-c963-48ce-962e-85091c893131<-d612b743-bedc-4c3f-983e-e3329f8a2e6f#0:FAIL-t124] and 0 exception(s); bc0bc980-c963-48ce-962e-85091c893131@group-28ACFA97060E:t124, leader=null, voted=bc0bc980-c963-48ce-962e-85091c893131, raftlog=bc0bc980-c963-48ce-962e-85091c893131@group-28ACFA97060E-SegmentedRaftLog:OPENED:c-1,f-1,i0, conf=-1: [46069bd9-45fc-4c82-823c-36f07a1bcff0:192.168.157.254:34001, bc0bc980-c963-48ce-962e-85091c893131:192.168.157.254:46787, d612b743-bedc-4c3f-983e-e3329f8a2e6f:192.168.157.254:44523], old=null
2019-10-16 20:42:15,863 [bc0bc980-c963-48ce-962e-85091c893131@group-28ACFA97060E-LeaderElection143] INFO  impl.RaftServerImpl (RaftServerImpl.java:setRole(184)) - bc0bc980-c963-48ce-962e-85091c893131@group-28ACFA97060E: changes role from CANDIDATE to FOLLOWER at term 124 for DISCOVERED_A_NEW_TERM
2019-10-16 20:42:15,863 [bc0bc980-c963-48ce-962e-85091c893131@group-28ACFA97060E-LeaderElection143] INFO  impl.RoleInfo (RoleInfo.java:shutdownLeaderElection(134)) - bc0bc980-c963-48ce-962e-85091c893131: shutdown LeaderElection
2019-10-16 20:42:15,863 [bc0bc980-c963-48ce-962e-85091c893131@group-28ACFA97060E-LeaderElection143] INFO  impl.RoleInfo (RoleInfo.java:updateAndGet(143)) - bc0bc980-c963-48ce-962e-85091c893131: start FollowerState
2019-10-16 20:42:15,932 [Thread-1518] INFO  impl.FollowerState (FollowerState.java:run(108)) - bc0bc980-c963-48ce-962e-85091c893131@group-28ACFA97060E-FollowerState: change to CANDIDATE, lastRpcTime:68ms, electionTimeout:68ms
2019-10-16 20:42:15,932 [Thread-1518] INFO  impl.RoleInfo (RoleInfo.java:shutdownFollowerState(121)) - bc0bc980-c963-48ce-962e-85091c893131: shutdown FollowerState
2019-10-16 20:42:15,932 [Thread-1518] INFO  impl.RaftServerImpl (RaftServerImpl.java:setRole(184)) - bc0bc980-c963-48ce-962e-85091c893131@group-28ACFA97060E: changes role from  FOLLOWER to CANDIDATE at term 124 for changeToCandidate
2019-10-16 20:42:15,932 [Thread-1518] INFO  impl.RoleInfo (RoleInfo.java:updateAndGet(143)) - bc0bc980-c963-48ce-962e-85091c893131: start LeaderElection
2019-10-16 20:42:15,947 [bc0bc980-c963-48ce-962e-85091c893131@group-28ACFA97060E-LeaderElection144] INFO  impl.LeaderElection (LeaderElection.java:askForVotes(178)) - bc0bc980-c963-48ce-962e-85091c893131@group-28ACFA97060E-LeaderElection144: begin an election at term 125 for -1: [46069bd9-45fc-4c82-823c-36f07a1bcff0:192.168.157.254:34001, bc0bc980-c963-48ce-962e-85091c893131:192.168.157.254:46787, d612b743-bedc-4c3f-983e-e3329f8a2e6f:192.168.157.254:44523], old=null
2019-10-16 20:42:15,948 [grpc-default-executor-0] INFO  impl.RaftServerImpl (RaftServerImpl.java:setRole(184)) - 46069bd9-45fc-4c82-823c-36f07a1bcff0@group-28ACFA97060E: changes role from  FOLLOWER to FOLLOWER at term 125 for recognizeCandidate:bc0bc980-c963-48ce-962e-85091c893131
2019-10-16 20:42:15,949 [grpc-default-executor-0] INFO  impl.RoleInfo (RoleInfo.java:shutdownFollowerState(121)) - 46069bd9-45fc-4c82-823c-36f07a1bcff0: shutdown FollowerState
2019-10-16 20:42:15,949 [grpc-default-executor-2] INFO  impl.RaftServerImpl (RaftServerImpl.java:setRole(184)) - d612b743-bedc-4c3f-983e-e3329f8a2e6f@group-28ACFA97060E: changes role from  FOLLOWER to FOLLOWER at term 125 for recognizeCandidate:bc0bc980-c963-48ce-962e-85091c893131
2019-10-16 20:42:15,949 [Thread-1516] INFO  impl.FollowerState (FollowerState.java:run(117)) - 46069bd9-45fc-4c82-823c-36f07a1bcff0@group-28ACFA97060E-FollowerState was interrupted: java.lang.InterruptedException: sleep interrupted
2019-10-16 20:42:15,949 [grpc-default-executor-0] INFO  impl.RoleInfo (RoleInfo.java:updateAndGet(143)) - 46069bd9-45fc-4c82-823c-36f07a1bcff0: start FollowerState
2019-10-16 20:42:15,949 [grpc-default-executor-2] INFO  impl.RoleInfo (RoleInfo.java:shutdownFollowerState(121)) - d612b743-bedc-4c3f-983e-e3329f8a2e6f: shutdown FollowerState
2019-10-16 20:42:15,949 [Thread-1517] INFO  impl.FollowerState (FollowerState.java:run(117)) - d612b743-bedc-4c3f-983e-e3329f8a2e6f@group-28ACFA97060E-FollowerState was interrupted: java.lang.InterruptedException: sleep interrupted
2019-10-16 20:42:15,949 [grpc-default-executor-2] INFO  impl.RoleInfo (RoleInfo.java:updateAndGet(143)) - d612b743-bedc-4c3f-983e-e3329f8a2e6f: start FollowerState
2019-10-16 20:42:15,964 [bc0bc980-c963-48ce-962e-85091c893131@group-28ACFA97060E-LeaderElection144] INFO  impl.LeaderElection (LeaderElection.java:logAndReturn(56)) - bc0bc980-c963-48ce-962e-85091c893131@group-28ACFA97060E-LeaderElection144: Election REJECTED; received 2 response(s) [bc0bc980-c963-48ce-962e-85091c893131<-46069bd9-45fc-4c82-823c-36f07a1bcff0#0:FAIL-t125, bc0bc980-c963-48ce-962e-85091c893131<-d612b743-bedc-4c3f-983e-e3329f8a2e6f#0:FAIL-t125] and 0 exception(s); bc0bc980-c963-48ce-962e-85091c893131@group-28ACFA97060E:t125, leader=null, voted=bc0bc980-c963-48ce-962e-85091c893131, raftlog=bc0bc980-c963-48ce-962e-85091c893131@group-28ACFA97060E-SegmentedRaftLog:OPENED:c-1,f-1,i0, conf=-1: [46069bd9-45fc-4c82-823c-36f07a1bcff0:192.168.157.254:34001, bc0bc980-c963-48ce-962e-85091c893131:192.168.157.254:46787, d612b743-bedc-4c3f-983e-e3329f8a2e6f:192.168.157.254:44523], old=null
2019-10-16 20:42:15,964 [bc0bc980-c963-48ce-962e-85091c893131@group-28ACFA97060E-LeaderElection144] INFO  impl.RaftServerImpl (RaftServerImpl.java:setRole(184)) - bc0bc980-c963-48ce-962e-85091c893131@group-28ACFA97060E: changes role from CANDIDATE to FOLLOWER at term 125 for DISCOVERED_A_NEW_TERM
2019-10-16 20:42:15,964 [bc0bc980-c963-48ce-962e-85091c893131@group-28ACFA97060E-LeaderElection144] INFO  impl.RoleInfo (RoleInfo.java:shutdownLeaderElection(134)) - bc0bc980-c963-48ce-962e-85091c893131: shutdown LeaderElection
2019-10-16 20:42:15,964 [bc0bc980-c963-48ce-962e-85091c893131@group-28ACFA97060E-LeaderElection144] INFO  impl.RoleInfo (RoleInfo.java:updateAndGet(143)) - bc0bc980-c963-48ce-962e-85091c893131: start FollowerState
2019-10-16 20:42:16,018 [Thread-1524] INFO  impl.FollowerState (FollowerState.java:run(108)) - bc0bc980-c963-48ce-962e-85091c893131@group-28ACFA97060E-FollowerState: change to CANDIDATE, lastRpcTime:53ms, electionTimeout:53ms
2019-10-16 20:42:16,018 [Thread-1524] INFO  impl.RoleInfo (RoleInfo.java:shutdownFollowerState(121)) - bc0bc980-c963-48ce-962e-85091c893131: shutdown FollowerState
2019-10-16 20:42:16,018 [Thread-1524] INFO  impl.RaftServerImpl (RaftServerImpl.java:setRole(184)) - bc0bc980-c963-48ce-962e-85091c893131@group-28ACFA97060E: changes role from  FOLLOWER to CANDIDATE at term 125 for changeToCandidate
2019-10-16 20:42:16,018 [Thread-1524] INFO  impl.RoleInfo (RoleInfo.java:updateAndGet(143)) - bc0bc980-c963-48ce-962e-85091c893131: start LeaderElection
2019-10-16 20:42:16,031 [bc0bc980-c963-48ce-962e-85091c893131@group-28ACFA97060E-LeaderElection145] INFO  impl.LeaderElection (LeaderElection.java:askForVotes(178)) - bc0bc980-c963-48ce-962e-85091c893131@group-28ACFA97060E-LeaderElection145: begin an election at term 126 for -1: [46069bd9-45fc-4c82-823c-36f07a1bcff0:192.168.157.254:34001, bc0bc980-c963-48ce-962e-85091c893131:192.168.157.254:46787, d612b743-bedc-4c3f-983e-e3329f8a2e6f:192.168.157.254:44523], old=null
2019-10-16 20:42:16,033 [grpc-default-executor-2] INFO  impl.RaftServerImpl (RaftServerImpl.java:setRole(184)) - 46069bd9-45fc-4c82-823c-36f07a1bcff0@group-28ACFA97060E: changes role from  FOLLOWER to FOLLOWER at term 126 for recognizeCandidate:bc0bc980-c963-48ce-962e-85091c893131
2019-10-16 20:42:16,033 [grpc-default-executor-2] INFO  impl.RoleInfo (RoleInfo.java:shutdownFollowerState(121)) - 46069bd9-45fc-4c82-823c-36f07a1bcff0: shutdown FollowerState
2019-10-16 20:42:16,033 [grpc-default-executor-2] INFO  impl.RoleInfo (RoleInfo.java:updateAndGet(143)) - 46069bd9-45fc-4c82-823c-36f07a1bcff0: start FollowerState
2019-10-16 20:42:16,033 [Thread-1522] INFO  impl.FollowerState (FollowerState.java:run(117)) - 46069bd9-45fc-4c82-823c-36f07a1bcff0@group-28ACFA97060E-FollowerState was interrupted: java.lang.InterruptedException: sleep interrupted
2019-10-16 20:42:16,033 [grpc-default-executor-0] INFO  impl.RaftServerImpl (RaftServerImpl.java:setRole(184)) - d612b743-bedc-4c3f-983e-e3329f8a2e6f@group-28ACFA97060E: changes role from  FOLLOWER to FOLLOWER at term 126 for recognizeCandidate:bc0bc980-c963-48ce-962e-85091c893131
2019-10-16 20:42:16,033 [grpc-default-executor-0] INFO  impl.RoleInfo (RoleInfo.java:shutdownFollowerState(121)) - d612b743-bedc-4c3f-983e-e3329f8a2e6f: shutdown FollowerState
2019-10-16 20:42:16,034 [grpc-default-executor-0] INFO  impl.RoleInfo (RoleInfo.java:updateAndGet(143)) - d612b743-bedc-4c3f-983e-e3329f8a2e6f: start FollowerState
2019-10-16 20:42:16,034 [Thread-1523] INFO  impl.FollowerState (FollowerState.java:run(117)) - d612b743-bedc-4c3f-983e-e3329f8a2e6f@group-28ACFA97060E-FollowerState was interrupted: java.lang.InterruptedException: sleep interrupted
2019-10-16 20:42:16,049 [bc0bc980-c963-48ce-962e-85091c893131@group-28ACFA97060E-LeaderElection145] INFO  impl.LeaderElection (LeaderElection.java:logAndReturn(56)) - bc0bc980-c963-48ce-962e-85091c893131@group-28ACFA97060E-LeaderElection145: Election REJECTED; received 2 response(s) [bc0bc980-c963-48ce-962e-85091c893131<-46069bd9-45fc-4c82-823c-36f07a1bcff0#0:FAIL-t126, bc0bc980-c963-48ce-962e-85091c893131<-d612b743-bedc-4c3f-983e-e3329f8a2e6f#0:FAIL-t126] and 0 exception(s); bc0bc980-c963-48ce-962e-85091c893131@group-28ACFA97060E:t126, leader=null, voted=bc0bc980-c963-48ce-962e-85091c893131, raftlog=bc0bc980-c963-48ce-962e-85091c893131@group-28ACFA97060E-SegmentedRaftLog:OPENED:c-1,f-1,i0, conf=-1: [46069bd9-45fc-4c82-823c-36f07a1bcff0:192.168.157.254:34001, bc0bc980-c963-48ce-962e-85091c893131:192.168.157.254:46787, d612b743-bedc-4c3f-983e-e3329f8a2e6f:192.168.157.254:44523], old=null
2019-10-16 20:42:16,049 [bc0bc980-c963-48ce-962e-85091c893131@group-28ACFA97060E-LeaderElection145] INFO  impl.RaftServerImpl (RaftServerImpl.java:setRole(184)) - bc0bc980-c963-48ce-962e-85091c893131@group-28ACFA97060E: changes role from CANDIDATE to FOLLOWER at term 126 for DISCOVERED_A_NEW_TERM
2019-10-16 20:42:16,049 [bc0bc980-c963-48ce-962e-85091c893131@group-28ACFA97060E-LeaderElection145] INFO  impl.RoleInfo (RoleInfo.java:shutdownLeaderElection(134)) - bc0bc980-c963-48ce-962e-85091c893131: shutdown LeaderElection
2019-10-16 20:42:16,049 [bc0bc980-c963-48ce-962e-85091c893131@group-28ACFA97060E-LeaderElection145] INFO  impl.RoleInfo (RoleInfo.java:updateAndGet(143)) - bc0bc980-c963-48ce-962e-85091c893131: start FollowerState
2019-10-16 20:42:16,110 [Thread-1530] INFO  impl.FollowerState (FollowerState.java:run(108)) - bc0bc980-c963-48ce-962e-85091c893131@group-28ACFA97060E-FollowerState: change to CANDIDATE, lastRpcTime:60ms, electionTimeout:60ms
2019-10-16 20:42:16,110 [Thread-1530] INFO  impl.RoleInfo (RoleInfo.java:shutdownFollowerState(121)) - bc0bc980-c963-48ce-962e-85091c893131: shutdown FollowerState
2019-10-16 20:42:16,110 [Thread-1530] INFO  impl.RaftServerImpl (RaftServerImpl.java:setRole(184)) - bc0bc980-c963-48ce-962e-85091c893131@group-28ACFA97060E: changes role from  FOLLOWER to CANDIDATE at term 126 for changeToCandidate
2019-10-16 20:42:16,110 [Thread-1530] INFO  impl.RoleInfo (RoleInfo.java:updateAndGet(143)) - bc0bc980-c963-48ce-962e-85091c893131: start LeaderElection
2019-10-16 20:42:16,123 [bc0bc980-c963-48ce-962e-85091c893131@group-28ACFA97060E-LeaderElection146] INFO  impl.LeaderElection (LeaderElection.java:askForVotes(178)) - bc0bc980-c963-48ce-962e-85091c893131@group-28ACFA97060E-LeaderElection146: begin an election at term 127 for -1: [46069bd9-45fc-4c82-823c-36f07a1bcff0:192.168.157.254:34001, bc0bc980-c963-48ce-962e-85091c893131:192.168.157.254:46787, d612b743-bedc-4c3f-983e-e3329f8a2e6f:192.168.157.254:44523], old=null
2019-10-16 20:42:16,125 [grpc-default-executor-0] INFO  impl.RaftServerImpl (RaftServerImpl.java:setRole(184)) - d612b743-bedc-4c3f-983e-e3329f8a2e6f@group-28ACFA97060E: changes role from  FOLLOWER to FOLLOWER at term 127 for recognizeCandidate:bc0bc980-c963-48ce-962e-85091c893131
2019-10-16 20:42:16,125 [grpc-default-executor-0] INFO  impl.RoleInfo (RoleInfo.java:shutdownFollowerState(121)) - d612b743-bedc-4c3f-983e-e3329f8a2e6f: shutdown FollowerState
2019-10-16 20:42:16,125 [grpc-default-executor-0] INFO  impl.RoleInfo (RoleInfo.java:updateAndGet(143)) - d612b743-bedc-4c3f-983e-e3329f8a2e6f: start FollowerState
2019-10-16 20:42:16,125 [Thread-1529] INFO  impl.FollowerState (FollowerState.java:run(117)) - d612b743-bedc-4c3f-983e-e3329f8a2e6f@group-28ACFA97060E-FollowerState was interrupted: java.lang.InterruptedException: sleep interrupted
2019-10-16 20:42:16,125 [grpc-default-executor-2] INFO  impl.RaftServerImpl (RaftServerImpl.java:setRole(184)) - 46069bd9-45fc-4c82-823c-36f07a1bcff0@group-28ACFA97060E: changes role from  FOLLOWER to FOLLOWER at term 127 for recognizeCandidate:bc0bc980-c963-48ce-962e-85091c893131
2019-10-16 20:42:16,126 [grpc-default-executor-2] INFO  impl.RoleInfo (RoleInfo.java:shutdownFollowerState(121)) - 46069bd9-45fc-4c82-823c-36f07a1bcff0: shutdown FollowerState
2019-10-16 20:42:16,126 [grpc-default-executor-2] INFO  impl.RoleInfo (RoleInfo.java:updateAndGet(143)) - 46069bd9-45fc-4c82-823c-36f07a1bcff0: start FollowerState
2019-10-16 20:42:16,126 [Thread-1528] INFO  impl.FollowerState (FollowerState.java:run(117)) - 46069bd9-45fc-4c82-823c-36f07a1bcff0@group-28ACFA97060E-FollowerState was interrupted: java.lang.InterruptedException: sleep interrupted
2019-10-16 20:42:16,140 [bc0bc980-c963-48ce-962e-85091c893131@group-28ACFA97060E-LeaderElection146] INFO  impl.LeaderElection (LeaderElection.java:logAndReturn(56)) - bc0bc980-c963-48ce-962e-85091c893131@group-28ACFA97060E-LeaderElection146: Election TIMEOUT; received 0 response(s) [] and 0 exception(s); bc0bc980-c963-48ce-962e-85091c893131@group-28ACFA97060E:t127, leader=null, voted=bc0bc980-c963-48ce-962e-85091c893131, raftlog=bc0bc980-c963-48ce-962e-85091c893131@group-28ACFA97060E-SegmentedRaftLog:OPENED:c-1,f-1,i0, conf=-1: [46069bd9-45fc-4c82-823c-36f07a1bcff0:192.168.157.254:34001, bc0bc980-c963-48ce-962e-85091c893131:192.168.157.254:46787, d612b743-bedc-4c3f-983e-e3329f8a2e6f:192.168.157.254:44523], old=null
2019-10-16 20:42:16,144 [bc0bc980-c963-48ce-962e-85091c893131@group-28ACFA97060E-LeaderElection146] INFO  impl.LeaderElection (LeaderElection.java:askForVotes(178)) - bc0bc980-c963-48ce-962e-85091c893131@group-28ACFA97060E-LeaderElection146: begin an election at term 128 for -1: [46069bd9-45fc-4c82-823c-36f07a1bcff0:192.168.157.254:34001, bc0bc980-c963-48ce-962e-85091c893131:192.168.157.254:46787, d612b743-bedc-4c3f-983e-e3329f8a2e6f:192.168.157.254:44523], old=null
2019-10-16 20:42:16,146 [grpc-default-executor-0] INFO  impl.RaftServerImpl (RaftServerImpl.java:setRole(184)) - 46069bd9-45fc-4c82-823c-36f07a1bcff0@group-28ACFA97060E: changes role from  FOLLOWER to FOLLOWER at term 128 for recognizeCandidate:bc0bc980-c963-48ce-962e-85091c893131
2019-10-16 20:42:16,146 [grpc-default-executor-2] INFO  impl.RaftServerImpl (RaftServerImpl.java:setRole(184)) - d612b743-bedc-4c3f-983e-e3329f8a2e6f@group-28ACFA97060E: changes role from  FOLLOWER to FOLLOWER at term 128 for recognizeCandidate:bc0bc980-c963-48ce-962e-85091c893131
2019-10-16 20:42:16,146 [grpc-default-executor-0] INFO  impl.RoleInfo (RoleInfo.java:shutdownFollowerState(121)) - 46069bd9-45fc-4c82-823c-36f07a1bcff0: shutdown FollowerState
2019-10-16 20:42:16,146 [grpc-default-executor-2] INFO  impl.RoleInfo (RoleInfo.java:shutdownFollowerState(121)) - d612b743-bedc-4c3f-983e-e3329f8a2e6f: shutdown FollowerState
2019-10-16 20:42:16,146 [grpc-default-executor-0] INFO  impl.RoleInfo (RoleInfo.java:updateAndGet(143)) - 46069bd9-45fc-4c82-823c-36f07a1bcff0: start FollowerState
2019-10-16 20:42:16,146 [Thread-1535] INFO  impl.FollowerState (FollowerState.java:run(117)) - 46069bd9-45fc-4c82-823c-36f07a1bcff0@group-28ACFA97060E-FollowerState was interrupted: java.lang.InterruptedException: sleep interrupted
2019-10-16 20:42:16,146 [Thread-1534] INFO  impl.FollowerState (FollowerState.java:run(117)) - d612b743-bedc-4c3f-983e-e3329f8a2e6f@group-28ACFA97060E-FollowerState was interrupted: java.lang.InterruptedException: sleep interrupted
2019-10-16 20:42:16,146 [grpc-default-executor-2] INFO  impl.RoleInfo (RoleInfo.java:updateAndGet(143)) - d612b743-bedc-4c3f-983e-e3329f8a2e6f: start FollowerState
2019-10-16 20:42:16,161 [bc0bc980-c963-48ce-962e-85091c893131@group-28ACFA97060E-LeaderElection146] INFO  impl.LeaderElection (LeaderElection.java:logAndReturn(56)) - bc0bc980-c963-48ce-962e-85091c893131@group-28ACFA97060E-LeaderElection146: Election REJECTED; received 2 response(s) [bc0bc980-c963-48ce-962e-85091c893131<-46069bd9-45fc-4c82-823c-36f07a1bcff0#0:FAIL-t128, bc0bc980-c963-48ce-962e-85091c893131<-d612b743-bedc-4c3f-983e-e3329f8a2e6f#0:FAIL-t128] and 0 exception(s); bc0bc980-c963-48ce-962e-85091c893131@group-28ACFA97060E:t128, leader=null, voted=bc0bc980-c963-48ce-962e-85091c893131, raftlog=bc0bc980-c963-48ce-962e-85091c893131@group-28ACFA97060E-SegmentedRaftLog:OPENED:c-1,f-1,i0, conf=-1: [46069bd9-45fc-4c82-823c-36f07a1bcff0:192.168.157.254:34001, bc0bc980-c963-48ce-962e-85091c893131:192.168.157.254:46787, d612b743-bedc-4c3f-983e-e3329f8a2e6f:192.168.157.254:44523], old=null
2019-10-16 20:42:16,161 [bc0bc980-c963-48ce-962e-85091c893131@group-28ACFA97060E-LeaderElection146] INFO  impl.RaftServerImpl (RaftServerImpl.java:setRole(184)) - bc0bc980-c963-48ce-962e-85091c893131@group-28ACFA97060E: changes role from CANDIDATE to FOLLOWER at term 128 for DISCOVERED_A_NEW_TERM
2019-10-16 20:42:16,161 [bc0bc980-c963-48ce-962e-85091c893131@group-28ACFA97060E-LeaderElection146] INFO  impl.RoleInfo (RoleInfo.java:shutdownLeaderElection(134)) - bc0bc980-c963-48ce-962e-85091c893131: shutdown LeaderElection
2019-10-16 20:42:16,161 [bc0bc980-c963-48ce-962e-85091c893131@group-28ACFA97060E-LeaderElection146] INFO  impl.RoleInfo (RoleInfo.java:updateAndGet(143)) - bc0bc980-c963-48ce-962e-85091c893131: start FollowerState
2019-10-16 20:42:16,287 [Thread-1540] INFO  impl.FollowerState (FollowerState.java:run(108)) - bc0bc980-c963-48ce-962e-85091c893131@group-28ACFA97060E-FollowerState: change to CANDIDATE, lastRpcTime:126ms, electionTimeout:126ms
2019-10-16 20:42:16,288 [Thread-1540] INFO  impl.RoleInfo (RoleInfo.java:shutdownFollowerState(121)) - bc0bc980-c963-48ce-962e-85091c893131: shutdown FollowerState
2019-10-16 20:42:16,288 [Thread-1540] INFO  impl.RaftServerImpl (RaftServerImpl.java:setRole(184)) - bc0bc980-c963-48ce-962e-85091c893131@group-28ACFA97060E: changes role from  FOLLOWER to CANDIDATE at term 128 for changeToCandidate
2019-10-16 20:42:16,288 [Thread-1540] INFO  impl.RoleInfo (RoleInfo.java:updateAndGet(143)) - bc0bc980-c963-48ce-962e-85091c893131: start LeaderElection
2019-10-16 20:42:16,327 [bc0bc980-c963-48ce-962e-85091c893131@group-28ACFA97060E-LeaderElection147] INFO  impl.LeaderElection (LeaderElection.java:askForVotes(178)) - bc0bc980-c963-48ce-962e-85091c893131@group-28ACFA97060E-LeaderElection147: begin an election at term 129 for -1: [46069bd9-45fc-4c82-823c-36f07a1bcff0:192.168.157.254:34001, bc0bc980-c963-48ce-962e-85091c893131:192.168.157.254:46787, d612b743-bedc-4c3f-983e-e3329f8a2e6f:192.168.157.254:44523], old=null
2019-10-16 20:42:16,330 [grpc-default-executor-2] INFO  impl.RaftServerImpl (RaftServerImpl.java:setRole(184)) - 46069bd9-45fc-4c82-823c-36f07a1bcff0@group-28ACFA97060E: changes role from  FOLLOWER to FOLLOWER at term 129 for recognizeCandidate:bc0bc980-c963-48ce-962e-85091c893131
2019-10-16 20:42:16,330 [grpc-default-executor-2] INFO  impl.RoleInfo (RoleInfo.java:shutdownFollowerState(121)) - 46069bd9-45fc-4c82-823c-36f07a1bcff0: shutdown FollowerState
2019-10-16 20:42:16,330 [grpc-default-executor-2] INFO  impl.RoleInfo (RoleInfo.java:updateAndGet(143)) - 46069bd9-45fc-4c82-823c-36f07a1bcff0: start FollowerState
2019-10-16 20:42:16,330 [grpc-default-executor-0] INFO  impl.RaftServerImpl (RaftServerImpl.java:setRole(184)) - d612b743-bedc-4c3f-983e-e3329f8a2e6f@group-28ACFA97060E: changes role from  FOLLOWER to FOLLOWER at term 129 for recognizeCandidate:bc0bc980-c963-48ce-962e-85091c893131
2019-10-16 20:42:16,330 [grpc-default-executor-0] INFO  impl.RoleInfo (RoleInfo.java:shutdownFollowerState(121)) - d612b743-bedc-4c3f-983e-e3329f8a2e6f: shutdown FollowerState
2019-10-16 20:42:16,330 [Thread-1538] INFO  impl.FollowerState (FollowerState.java:run(117)) - 46069bd9-45fc-4c82-823c-36f07a1bcff0@group-28ACFA97060E-FollowerState was interrupted: java.lang.InterruptedException: sleep interrupted
2019-10-16 20:42:16,330 [Thread-1539] INFO  impl.FollowerState (FollowerState.java:run(117)) - d612b743-bedc-4c3f-983e-e3329f8a2e6f@group-28ACFA97060E-FollowerState was interrupted: java.lang.InterruptedException: sleep interrupted
2019-10-16 20:42:16,330 [grpc-default-executor-0] INFO  impl.RoleInfo (RoleInfo.java:updateAndGet(143)) - d612b743-bedc-4c3f-983e-e3329f8a2e6f: start FollowerState
2019-10-16 20:42:16,345 [bc0bc980-c963-48ce-962e-85091c893131@group-28ACFA97060E-LeaderElection147] INFO  impl.LeaderElection (LeaderElection.java:logAndReturn(56)) - bc0bc980-c963-48ce-962e-85091c893131@group-28ACFA97060E-LeaderElection147: Election REJECTED; received 2 response(s) [bc0bc980-c963-48ce-962e-85091c893131<-46069bd9-45fc-4c82-823c-36f07a1bcff0#0:FAIL-t129, bc0bc980-c963-48ce-962e-85091c893131<-d612b743-bedc-4c3f-983e-e3329f8a2e6f#0:FAIL-t129] and 0 exception(s); bc0bc980-c963-48ce-962e-85091c893131@group-28ACFA97060E:t129, leader=null, voted=bc0bc980-c963-48ce-962e-85091c893131, raftlog=bc0bc980-c963-48ce-962e-85091c893131@group-28ACFA97060E-SegmentedRaftLog:OPENED:c-1,f-1,i0, conf=-1: [46069bd9-45fc-4c82-823c-36f07a1bcff0:192.168.157.254:34001, bc0bc980-c963-48ce-962e-85091c893131:192.168.157.254:46787, d612b743-bedc-4c3f-983e-e3329f8a2e6f:192.168.157.254:44523], old=null
2019-10-16 20:42:16,345 [bc0bc980-c963-48ce-962e-85091c893131@group-28ACFA97060E-LeaderElection147] INFO  impl.RaftServerImpl (RaftServerImpl.java:setRole(184)) - bc0bc980-c963-48ce-962e-85091c893131@group-28ACFA97060E: changes role from CANDIDATE to FOLLOWER at term 129 for DISCOVERED_A_NEW_TERM
2019-10-16 20:42:16,345 [bc0bc980-c963-48ce-962e-85091c893131@group-28ACFA97060E-LeaderElection147] INFO  impl.RoleInfo (RoleInfo.java:shutdownLeaderElection(134)) - bc0bc980-c963-48ce-962e-85091c893131: shutdown LeaderElection
2019-10-16 20:42:16,345 [bc0bc980-c963-48ce-962e-85091c893131@group-28ACFA97060E-LeaderElection147] INFO  impl.RoleInfo (RoleInfo.java:updateAndGet(143)) - bc0bc980-c963-48ce-962e-85091c893131: start FollowerState
2019-10-16 20:42:16,388 [Thread-1546] INFO  impl.FollowerState (FollowerState.java:run(108)) - bc0bc980-c963-48ce-962e-85091c893131@group-28ACFA97060E-FollowerState: change to CANDIDATE, lastRpcTime:43ms, electionTimeout:43ms
2019-10-16 20:42:16,389 [Thread-1546] INFO  impl.RoleInfo (RoleInfo.java:shutdownFollowerState(121)) - bc0bc980-c963-48ce-962e-85091c893131: shutdown FollowerState
2019-10-16 20:42:16,389 [Thread-1546] INFO  impl.RaftServerImpl (RaftServerImpl.java:setRole(184)) - bc0bc980-c963-48ce-962e-85091c893131@group-28ACFA97060E: changes role from  FOLLOWER to CANDIDATE at term 129 for changeToCandidate
2019-10-16 20:42:16,389 [Thread-1546] INFO  impl.RoleInfo (RoleInfo.java:updateAndGet(143)) - bc0bc980-c963-48ce-962e-85091c893131: start LeaderElection
2019-10-16 20:42:16,394 [bc0bc980-c963-48ce-962e-85091c893131@group-28ACFA97060E-LeaderElection148] INFO  impl.LeaderElection (LeaderElection.java:askForVotes(178)) - bc0bc980-c963-48ce-962e-85091c893131@group-28ACFA97060E-LeaderElection148: begin an election at term 130 for -1: [46069bd9-45fc-4c82-823c-36f07a1bcff0:192.168.157.254:34001, bc0bc980-c963-48ce-962e-85091c893131:192.168.157.254:46787, d612b743-bedc-4c3f-983e-e3329f8a2e6f:192.168.157.254:44523], old=null
2019-10-16 20:42:16,396 [grpc-default-executor-2] INFO  impl.RaftServerImpl (RaftServerImpl.java:setRole(184)) - 46069bd9-45fc-4c82-823c-36f07a1bcff0@group-28ACFA97060E: changes role from  FOLLOWER to FOLLOWER at term 130 for recognizeCandidate:bc0bc980-c963-48ce-962e-85091c893131
2019-10-16 20:42:16,396 [grpc-default-executor-2] INFO  impl.RoleInfo (RoleInfo.java:shutdownFollowerState(121)) - 46069bd9-45fc-4c82-823c-36f07a1bcff0: shutdown FollowerState
2019-10-16 20:42:16,397 [grpc-default-executor-0] INFO  impl.RaftServerImpl (RaftServerImpl.java:setRole(184)) - d612b743-bedc-4c3f-983e-e3329f8a2e6f@group-28ACFA97060E: changes role from  FOLLOWER to FOLLOWER at term 130 for recognizeCandidate:bc0bc980-c963-48ce-962e-85091c893131
2019-10-16 20:42:16,397 [Thread-1544] INFO  impl.FollowerState (FollowerState.java:run(117)) - 46069bd9-45fc-4c82-823c-36f07a1bcff0@group-28ACFA97060E-FollowerState was interrupted: java.lang.InterruptedException: sleep interrupted
2019-10-16 20:42:16,397 [grpc-default-executor-2] INFO  impl.RoleInfo (RoleInfo.java:updateAndGet(143)) - 46069bd9-45fc-4c82-823c-36f07a1bcff0: start FollowerState
2019-10-16 20:42:16,397 [grpc-default-executor-0] INFO  impl.RoleInfo (RoleInfo.java:shutdownFollowerState(121)) - d612b743-bedc-4c3f-983e-e3329f8a2e6f: shutdown FollowerState
2019-10-16 20:42:16,397 [grpc-default-executor-0] INFO  impl.RoleInfo (RoleInfo.java:updateAndGet(143)) - d612b743-bedc-4c3f-983e-e3329f8a2e6f: start FollowerState
2019-10-16 20:42:16,397 [Thread-1545] INFO  impl.FollowerState (FollowerState.java:run(117)) - d612b743-bedc-4c3f-983e-e3329f8a2e6f@group-28ACFA97060E-FollowerState was interrupted: java.lang.InterruptedException: sleep interrupted
2019-10-16 20:42:16,415 [bc0bc980-c963-48ce-962e-85091c893131@group-28ACFA97060E-LeaderElection148] INFO  impl.LeaderElection (LeaderElection.java:logAndReturn(56)) - bc0bc980-c963-48ce-962e-85091c893131@group-28ACFA97060E-LeaderElection148: Election TIMEOUT; received 0 response(s) [] and 0 exception(s); bc0bc980-c963-48ce-962e-85091c893131@group-28ACFA97060E:t130, leader=null, voted=bc0bc980-c963-48ce-962e-85091c893131, raftlog=bc0bc980-c963-48ce-962e-85091c893131@group-28ACFA97060E-SegmentedRaftLog:OPENED:c-1,f-1,i0, conf=-1: [46069bd9-45fc-4c82-823c-36f07a1bcff0:192.168.157.254:34001, bc0bc980-c963-48ce-962e-85091c893131:192.168.157.254:46787, d612b743-bedc-4c3f-983e-e3329f8a2e6f:192.168.157.254:44523], old=null
2019-10-16 20:42:16,424 [bc0bc980-c963-48ce-962e-85091c893131@group-28ACFA97060E-LeaderElection148] INFO  impl.LeaderElection (LeaderElection.java:askForVotes(178)) - bc0bc980-c963-48ce-962e-85091c893131@group-28ACFA97060E-LeaderElection148: begin an election at term 131 for -1: [46069bd9-45fc-4c82-823c-36f07a1bcff0:192.168.157.254:34001, bc0bc980-c963-48ce-962e-85091c893131:192.168.157.254:46787, d612b743-bedc-4c3f-983e-e3329f8a2e6f:192.168.157.254:44523], old=null
2019-10-16 20:42:16,426 [grpc-default-executor-0] INFO  impl.RaftServerImpl (RaftServerImpl.java:setRole(184)) - 46069bd9-45fc-4c82-823c-36f07a1bcff0@group-28ACFA97060E: changes role from  FOLLOWER to FOLLOWER at term 131 for recognizeCandidate:bc0bc980-c963-48ce-962e-85091c893131
2019-10-16 20:42:16,426 [grpc-default-executor-0] INFO  impl.RoleInfo (RoleInfo.java:shutdownFollowerState(121)) - 46069bd9-45fc-4c82-823c-36f07a1bcff0: shutdown FollowerState
2019-10-16 20:42:16,426 [grpc-default-executor-0] INFO  impl.RoleInfo (RoleInfo.java:updateAndGet(143)) - 46069bd9-45fc-4c82-823c-36f07a1bcff0: start FollowerState
2019-10-16 20:42:16,426 [grpc-default-executor-2] INFO  impl.RaftServerImpl (RaftServerImpl.java:setRole(184)) - d612b743-bedc-4c3f-983e-e3329f8a2e6f@group-28ACFA97060E: changes role from  FOLLOWER to FOLLOWER at term 131 for recognizeCandidate:bc0bc980-c963-48ce-962e-85091c893131
2019-10-16 20:42:16,426 [Thread-1550] INFO  impl.FollowerState (FollowerState.java:run(117)) - 46069bd9-45fc-4c82-823c-36f07a1bcff0@group-28ACFA97060E-FollowerState was interrupted: java.lang.InterruptedException: sleep interrupted
2019-10-16 20:42:16,427 [grpc-default-executor-2] INFO  impl.RoleInfo (RoleInfo.java:shutdownFollowerState(121)) - d612b743-bedc-4c3f-983e-e3329f8a2e6f: shutdown FollowerState
2019-10-16 20:42:16,427 [grpc-default-executor-2] INFO  impl.RoleInfo (RoleInfo.java:updateAndGet(143)) - d612b743-bedc-4c3f-983e-e3329f8a2e6f: start FollowerState
2019-10-16 20:42:16,427 [Thread-1551] INFO  impl.FollowerState (FollowerState.java:run(117)) - d612b743-bedc-4c3f-983e-e3329f8a2e6f@group-28ACFA97060E-FollowerState was interrupted: java.lang.InterruptedException: sleep interrupted
2019-10-16 20:42:16,452 [bc0bc980-c963-48ce-962e-85091c893131@group-28ACFA97060E-LeaderElection148] INFO  impl.LeaderElection (LeaderElection.java:logAndReturn(56)) - bc0bc980-c963-48ce-962e-85091c893131@group-28ACFA97060E-LeaderElection148: Election REJECTED; received 2 response(s) [bc0bc980-c963-48ce-962e-85091c893131<-46069bd9-45fc-4c82-823c-36f07a1bcff0#0:FAIL-t131, bc0bc980-c963-48ce-962e-85091c893131<-d612b743-bedc-4c3f-983e-e3329f8a2e6f#0:FAIL-t131] and 0 exception(s); bc0bc980-c963-48ce-962e-85091c893131@group-28ACFA97060E:t131, leader=null, voted=bc0bc980-c963-48ce-962e-85091c893131, raftlog=bc0bc980-c963-48ce-962e-85091c893131@group-28ACFA97060E-SegmentedRaftLog:OPENED:c-1,f-1,i0, conf=-1: [46069bd9-45fc-4c82-823c-36f07a1bcff0:192.168.157.254:34001, bc0bc980-c963-48ce-962e-85091c893131:192.168.157.254:46787, d612b743-bedc-4c3f-983e-e3329f8a2e6f:192.168.157.254:44523], old=null
2019-10-16 20:42:16,452 [bc0bc980-c963-48ce-962e-85091c893131@group-28ACFA97060E-LeaderElection148] INFO  impl.RaftServerImpl (RaftServerImpl.java:setRole(184)) - bc0bc980-c963-48ce-962e-85091c893131@group-28ACFA97060E: changes role from CANDIDATE to FOLLOWER at term 131 for DISCOVERED_A_NEW_TERM
2019-10-16 20:42:16,452 [bc0bc980-c963-48ce-962e-85091c893131@group-28ACFA97060E-LeaderElection148] INFO  impl.RoleInfo (RoleInfo.java:shutdownLeaderElection(134)) - bc0bc980-c963-48ce-962e-85091c893131: shutdown LeaderElection
2019-10-16 20:42:16,452 [bc0bc980-c963-48ce-962e-85091c893131@group-28ACFA97060E-LeaderElection148] INFO  impl.RoleInfo (RoleInfo.java:updateAndGet(143)) - bc0bc980-c963-48ce-962e-85091c893131: start FollowerState
2019-10-16 20:42:16,637 [Thread-1556] INFO  impl.FollowerState (FollowerState.java:run(108)) - bc0bc980-c963-48ce-962e-85091c893131@group-28ACFA97060E-FollowerState: change to CANDIDATE, lastRpcTime:184ms, electionTimeout:184ms
2019-10-16 20:42:16,637 [Thread-1556] INFO  impl.RoleInfo (RoleInfo.java:shutdownFollowerState(121)) - bc0bc980-c963-48ce-962e-85091c893131: shutdown FollowerState
2019-10-16 20:42:16,637 [Thread-1556] INFO  impl.RaftServerImpl (RaftServerImpl.java:setRole(184)) - bc0bc980-c963-48ce-962e-85091c893131@group-28ACFA97060E: changes role from  FOLLOWER to CANDIDATE at term 131 for changeToCandidate
2019-10-16 20:42:16,638 [Thread-1556] INFO  impl.RoleInfo (RoleInfo.java:updateAndGet(143)) - bc0bc980-c963-48ce-962e-85091c893131: start LeaderElection
2019-10-16 20:42:16,649 [bc0bc980-c963-48ce-962e-85091c893131@group-28ACFA97060E-LeaderElection149] INFO  impl.LeaderElection (LeaderElection.java:askForVotes(178)) - bc0bc980-c963-48ce-962e-85091c893131@group-28ACFA97060E-LeaderElection149: begin an election at term 132 for -1: [46069bd9-45fc-4c82-823c-36f07a1bcff0:192.168.157.254:34001, bc0bc980-c963-48ce-962e-85091c893131:192.168.157.254:46787, d612b743-bedc-4c3f-983e-e3329f8a2e6f:192.168.157.254:44523], old=null
2019-10-16 20:42:16,651 [grpc-default-executor-2] INFO  impl.RaftServerImpl (RaftServerImpl.java:setRole(184)) - 46069bd9-45fc-4c82-823c-36f07a1bcff0@group-28ACFA97060E: changes role from  FOLLOWER to FOLLOWER at term 132 for recognizeCandidate:bc0bc980-c963-48ce-962e-85091c893131
2019-10-16 20:42:16,651 [grpc-default-executor-2] INFO  impl.RoleInfo (RoleInfo.java:shutdownFollowerState(121)) - 46069bd9-45fc-4c82-823c-36f07a1bcff0: shutdown FollowerState
2019-10-16 20:42:16,651 [grpc-default-executor-0] INFO  impl.RaftServerImpl (RaftServerImpl.java:setRole(184)) - d612b743-bedc-4c3f-983e-e3329f8a2e6f@group-28ACFA97060E: changes role from  FOLLOWER to FOLLOWER at term 132 for recognizeCandidate:bc0bc980-c963-48ce-962e-85091c893131
2019-10-16 20:42:16,651 [Thread-1554] INFO  impl.FollowerState (FollowerState.java:run(117)) - 46069bd9-45fc-4c82-823c-36f07a1bcff0@group-28ACFA97060E-FollowerState was interrupted: java.lang.InterruptedException: sleep interrupted
2019-10-16 20:42:16,651 [grpc-default-executor-2] INFO  impl.RoleInfo (RoleInfo.java:updateAndGet(143)) - 46069bd9-45fc-4c82-823c-36f07a1bcff0: start FollowerState
2019-10-16 20:42:16,652 [grpc-default-executor-0] INFO  impl.RoleInfo (RoleInfo.java:shutdownFollowerState(121)) - d612b743-bedc-4c3f-983e-e3329f8a2e6f: shutdown FollowerState
2019-10-16 20:42:16,652 [grpc-default-executor-0] INFO  impl.RoleInfo (RoleInfo.java:updateAndGet(143)) - d612b743-bedc-4c3f-983e-e3329f8a2e6f: start FollowerState
2019-10-16 20:42:16,652 [Thread-1555] INFO  impl.FollowerState (FollowerState.java:run(117)) - d612b743-bedc-4c3f-983e-e3329f8a2e6f@group-28ACFA97060E-FollowerState was interrupted: java.lang.InterruptedException: sleep interrupted
2019-10-16 20:42:16,666 [bc0bc980-c963-48ce-962e-85091c893131@group-28ACFA97060E-LeaderElection149] INFO  impl.LeaderElection (LeaderElection.java:logAndReturn(56)) - bc0bc980-c963-48ce-962e-85091c893131@group-28ACFA97060E-LeaderElection149: Election REJECTED; received 2 response(s) [bc0bc980-c963-48ce-962e-85091c893131<-46069bd9-45fc-4c82-823c-36f07a1bcff0#0:FAIL-t132, bc0bc980-c963-48ce-962e-85091c893131<-d612b743-bedc-4c3f-983e-e3329f8a2e6f#0:FAIL-t132] and 0 exception(s); bc0bc980-c963-48ce-962e-85091c893131@group-28ACFA97060E:t132, leader=null, voted=bc0bc980-c963-48ce-962e-85091c893131, raftlog=bc0bc980-c963-48ce-962e-85091c893131@group-28ACFA97060E-SegmentedRaftLog:OPENED:c-1,f-1,i0, conf=-1: [46069bd9-45fc-4c82-823c-36f07a1bcff0:192.168.157.254:34001, bc0bc980-c963-48ce-962e-85091c893131:192.168.157.254:46787, d612b743-bedc-4c3f-983e-e3329f8a2e6f:192.168.157.254:44523], old=null
2019-10-16 20:42:16,666 [bc0bc980-c963-48ce-962e-85091c893131@group-28ACFA97060E-LeaderElection149] INFO  impl.RaftServerImpl (RaftServerImpl.java:setRole(184)) - bc0bc980-c963-48ce-962e-85091c893131@group-28ACFA97060E: changes role from CANDIDATE to FOLLOWER at term 132 for DISCOVERED_A_NEW_TERM
2019-10-16 20:42:16,666 [bc0bc980-c963-48ce-962e-85091c893131@group-28ACFA97060E-LeaderElection149] INFO  impl.RoleInfo (RoleInfo.java:shutdownLeaderElection(134)) - bc0bc980-c963-48ce-962e-85091c893131: shutdown LeaderElection
2019-10-16 20:42:16,666 [bc0bc980-c963-48ce-962e-85091c893131@group-28ACFA97060E-LeaderElection149] INFO  impl.RoleInfo (RoleInfo.java:updateAndGet(143)) - bc0bc980-c963-48ce-962e-85091c893131: start FollowerState
2019-10-16 20:42:16,783 [Thread-1562] INFO  impl.FollowerState (FollowerState.java:run(108)) - bc0bc980-c963-48ce-962e-85091c893131@group-28ACFA97060E-FollowerState: change to CANDIDATE, lastRpcTime:116ms, electionTimeout:116ms
2019-10-16 20:42:16,783 [Thread-1562] INFO  impl.RoleInfo (RoleInfo.java:shutdownFollowerState(121)) - bc0bc980-c963-48ce-962e-85091c893131: shutdown FollowerState
2019-10-16 20:42:16,783 [Thread-1562] INFO  impl.RaftServerImpl (RaftServerImpl.java:setRole(184)) - bc0bc980-c963-48ce-962e-85091c893131@group-28ACFA97060E: changes role from  FOLLOWER to CANDIDATE at term 132 for changeToCandidate
2019-10-16 20:42:16,783 [Thread-1562] INFO  impl.RoleInfo (RoleInfo.java:updateAndGet(143)) - bc0bc980-c963-48ce-962e-85091c893131: start LeaderElection
2019-10-16 20:42:16,798 [bc0bc980-c963-48ce-962e-85091c893131@group-28ACFA97060E-LeaderElection150] INFO  impl.LeaderElection (LeaderElection.java:askForVotes(178)) - bc0bc980-c963-48ce-962e-85091c893131@group-28ACFA97060E-LeaderElection150: begin an election at term 133 for -1: [46069bd9-45fc-4c82-823c-36f07a1bcff0:192.168.157.254:34001, bc0bc980-c963-48ce-962e-85091c893131:192.168.157.254:46787, d612b743-bedc-4c3f-983e-e3329f8a2e6f:192.168.157.254:44523], old=null
2019-10-16 20:42:16,800 [grpc-default-executor-2] INFO  impl.RaftServerImpl (RaftServerImpl.java:setRole(184)) - 46069bd9-45fc-4c82-823c-36f07a1bcff0@group-28ACFA97060E: changes role from  FOLLOWER to FOLLOWER at term 133 for recognizeCandidate:bc0bc980-c963-48ce-962e-85091c893131
2019-10-16 20:42:16,800 [grpc-default-executor-2] INFO  impl.RoleInfo (RoleInfo.java:shutdownFollowerState(121)) - 46069bd9-45fc-4c82-823c-36f07a1bcff0: shutdown FollowerState
2019-10-16 20:42:16,800 [grpc-default-executor-2] INFO  impl.RoleInfo (RoleInfo.java:updateAndGet(143)) - 46069bd9-45fc-4c82-823c-36f07a1bcff0: start FollowerState
2019-10-16 20:42:16,800 [grpc-default-executor-0] INFO  impl.RaftServerImpl (RaftServerImpl.java:setRole(184)) - d612b743-bedc-4c3f-983e-e3329f8a2e6f@group-28ACFA97060E: changes role from  FOLLOWER to FOLLOWER at term 133 for recognizeCandidate:bc0bc980-c963-48ce-962e-85091c893131
2019-10-16 20:42:16,801 [grpc-default-executor-0] INFO  impl.RoleInfo (RoleInfo.java:shutdownFollowerState(121)) - d612b743-bedc-4c3f-983e-e3329f8a2e6f: shutdown FollowerState
2019-10-16 20:42:16,800 [Thread-1560] INFO  impl.FollowerState (FollowerState.java:run(117)) - 46069bd9-45fc-4c82-823c-36f07a1bcff0@group-28ACFA97060E-FollowerState was interrupted: java.lang.InterruptedException: sleep interrupted
2019-10-16 20:42:16,801 [Thread-1561] INFO  impl.FollowerState (FollowerState.java:run(117)) - d612b743-bedc-4c3f-983e-e3329f8a2e6f@group-28ACFA97060E-FollowerState was interrupted: java.lang.InterruptedException: sleep interrupted
2019-10-16 20:42:16,801 [grpc-default-executor-0] INFO  impl.RoleInfo (RoleInfo.java:updateAndGet(143)) - d612b743-bedc-4c3f-983e-e3329f8a2e6f: start FollowerState
2019-10-16 20:42:16,816 [bc0bc980-c963-48ce-962e-85091c893131@group-28ACFA97060E-LeaderElection150] INFO  impl.LeaderElection (LeaderElection.java:logAndReturn(56)) - bc0bc980-c963-48ce-962e-85091c893131@group-28ACFA97060E-LeaderElection150: Election REJECTED; received 2 response(s) [bc0bc980-c963-48ce-962e-85091c893131<-46069bd9-45fc-4c82-823c-36f07a1bcff0#0:FAIL-t133, bc0bc980-c963-48ce-962e-85091c893131<-d612b743-bedc-4c3f-983e-e3329f8a2e6f#0:FAIL-t133] and 0 exception(s); bc0bc980-c963-48ce-962e-85091c893131@group-28ACFA97060E:t133, leader=null, voted=bc0bc980-c963-48ce-962e-85091c893131, raftlog=bc0bc980-c963-48ce-962e-85091c893131@group-28ACFA97060E-SegmentedRaftLog:OPENED:c-1,f-1,i0, conf=-1: [46069bd9-45fc-4c82-823c-36f07a1bcff0:192.168.157.254:34001, bc0bc980-c963-48ce-962e-85091c893131:192.168.157.254:46787, d612b743-bedc-4c3f-983e-e3329f8a2e6f:192.168.157.254:44523], old=null
2019-10-16 20:42:16,816 [bc0bc980-c963-48ce-962e-85091c893131@group-28ACFA97060E-LeaderElection150] INFO  impl.RaftServerImpl (RaftServerImpl.java:setRole(184)) - bc0bc980-c963-48ce-962e-85091c893131@group-28ACFA97060E: changes role from CANDIDATE to FOLLOWER at term 133 for DISCOVERED_A_NEW_TERM
2019-10-16 20:42:16,816 [bc0bc980-c963-48ce-962e-85091c893131@group-28ACFA97060E-LeaderElection150] INFO  impl.RoleInfo (RoleInfo.java:shutdownLeaderElection(134)) - bc0bc980-c963-48ce-962e-85091c893131: shutdown LeaderElection
2019-10-16 20:42:16,816 [bc0bc980-c963-48ce-962e-85091c893131@group-28ACFA97060E-LeaderElection150] INFO  impl.RoleInfo (RoleInfo.java:updateAndGet(143)) - bc0bc980-c963-48ce-962e-85091c893131: start FollowerState
2019-10-16 20:42:16,831 [Thread-1568] INFO  impl.FollowerState (FollowerState.java:run(108)) - bc0bc980-c963-48ce-962e-85091c893131@group-28ACFA97060E-FollowerState: change to CANDIDATE, lastRpcTime:15ms, electionTimeout:15ms
2019-10-16 20:42:16,831 [Thread-1568] INFO  impl.RoleInfo (RoleInfo.java:shutdownFollowerState(121)) - bc0bc980-c963-48ce-962e-85091c893131: shutdown FollowerState
2019-10-16 20:42:16,831 [Thread-1568] INFO  impl.RaftServerImpl (RaftServerImpl.java:setRole(184)) - bc0bc980-c963-48ce-962e-85091c893131@group-28ACFA97060E: changes role from  FOLLOWER to CANDIDATE at term 133 for changeToCandidate
2019-10-16 20:42:16,832 [Thread-1568] INFO  impl.RoleInfo (RoleInfo.java:updateAndGet(143)) - bc0bc980-c963-48ce-962e-85091c893131: start LeaderElection
2019-10-16 20:42:16,845 [bc0bc980-c963-48ce-962e-85091c893131@group-28ACFA97060E-LeaderElection151] INFO  impl.LeaderElection (LeaderElection.java:askForVotes(178)) - bc0bc980-c963-48ce-962e-85091c893131@group-28ACFA97060E-LeaderElection151: begin an election at term 134 for -1: [46069bd9-45fc-4c82-823c-36f07a1bcff0:192.168.157.254:34001, bc0bc980-c963-48ce-962e-85091c893131:192.168.157.254:46787, d612b743-bedc-4c3f-983e-e3329f8a2e6f:192.168.157.254:44523], old=null
2019-10-16 20:42:16,846 [grpc-default-executor-2] INFO  impl.RaftServerImpl (RaftServerImpl.java:setRole(184)) - 46069bd9-45fc-4c82-823c-36f07a1bcff0@group-28ACFA97060E: changes role from  FOLLOWER to FOLLOWER at term 134 for recognizeCandidate:bc0bc980-c963-48ce-962e-85091c893131
2019-10-16 20:42:16,846 [grpc-default-executor-2] INFO  impl.RoleInfo (RoleInfo.java:shutdownFollowerState(121)) - 46069bd9-45fc-4c82-823c-36f07a1bcff0: shutdown FollowerState
2019-10-16 20:42:16,847 [grpc-default-executor-2] INFO  impl.RoleInfo (RoleInfo.java:updateAndGet(143)) - 46069bd9-45fc-4c82-823c-36f07a1bcff0: start FollowerState
2019-10-16 20:42:16,847 [grpc-default-executor-0] INFO  impl.RaftServerImpl (RaftServerImpl.java:setRole(184)) - d612b743-bedc-4c3f-983e-e3329f8a2e6f@group-28ACFA97060E: changes role from  FOLLOWER to FOLLOWER at term 134 for recognizeCandidate:bc0bc980-c963-48ce-962e-85091c893131
2019-10-16 20:42:16,847 [grpc-default-executor-0] INFO  impl.RoleInfo (RoleInfo.java:shutdownFollowerState(121)) - d612b743-bedc-4c3f-983e-e3329f8a2e6f: shutdown FollowerState
2019-10-16 20:42:16,847 [Thread-1566] INFO  impl.FollowerState (FollowerState.java:run(117)) - 46069bd9-45fc-4c82-823c-36f07a1bcff0@group-28ACFA97060E-FollowerState was interrupted: java.lang.InterruptedException: sleep interrupted
2019-10-16 20:42:16,847 [Thread-1567] INFO  impl.FollowerState (FollowerState.java:run(117)) - d612b743-bedc-4c3f-983e-e3329f8a2e6f@group-28ACFA97060E-FollowerState was interrupted: java.lang.InterruptedException: sleep interrupted
2019-10-16 20:42:16,847 [grpc-default-executor-0] INFO  impl.RoleInfo (RoleInfo.java:updateAndGet(143)) - d612b743-bedc-4c3f-983e-e3329f8a2e6f: start FollowerState
2019-10-16 20:42:16,863 [bc0bc980-c963-48ce-962e-85091c893131@group-28ACFA97060E-LeaderElection151] INFO  impl.LeaderElection (LeaderElection.java:logAndReturn(56)) - bc0bc980-c963-48ce-962e-85091c893131@group-28ACFA97060E-LeaderElection151: Election REJECTED; received 2 response(s) [bc0bc980-c963-48ce-962e-85091c893131<-46069bd9-45fc-4c82-823c-36f07a1bcff0#0:FAIL-t134, bc0bc980-c963-48ce-962e-85091c893131<-d612b743-bedc-4c3f-983e-e3329f8a2e6f#0:FAIL-t134] and 0 exception(s); bc0bc980-c963-48ce-962e-85091c893131@group-28ACFA97060E:t134, leader=null, voted=bc0bc980-c963-48ce-962e-85091c893131, raftlog=bc0bc980-c963-48ce-962e-85091c893131@group-28ACFA97060E-SegmentedRaftLog:OPENED:c-1,f-1,i0, conf=-1: [46069bd9-45fc-4c82-823c-36f07a1bcff0:192.168.157.254:34001, bc0bc980-c963-48ce-962e-85091c893131:192.168.157.254:46787, d612b743-bedc-4c3f-983e-e3329f8a2e6f:192.168.157.254:44523], old=null
2019-10-16 20:42:16,863 [bc0bc980-c963-48ce-962e-85091c893131@group-28ACFA97060E-LeaderElection151] INFO  impl.RaftServerImpl (RaftServerImpl.java:setRole(184)) - bc0bc980-c963-48ce-962e-85091c893131@group-28ACFA97060E: changes role from CANDIDATE to FOLLOWER at term 134 for DISCOVERED_A_NEW_TERM
2019-10-16 20:42:16,863 [bc0bc980-c963-48ce-962e-85091c893131@group-28ACFA97060E-LeaderElection151] INFO  impl.RoleInfo (RoleInfo.java:shutdownLeaderElection(134)) - bc0bc980-c963-48ce-962e-85091c893131: shutdown LeaderElection
2019-10-16 20:42:16,863 [bc0bc980-c963-48ce-962e-85091c893131@group-28ACFA97060E-LeaderElection151] INFO  impl.RoleInfo (RoleInfo.java:updateAndGet(143)) - bc0bc980-c963-48ce-962e-85091c893131: start FollowerState
2019-10-16 20:42:16,911 [Thread-1574] INFO  impl.FollowerState (FollowerState.java:run(108)) - bc0bc980-c963-48ce-962e-85091c893131@group-28ACFA97060E-FollowerState: change to CANDIDATE, lastRpcTime:48ms, electionTimeout:48ms
2019-10-16 20:42:16,912 [Thread-1574] INFO  impl.RoleInfo (RoleInfo.java:shutdownFollowerState(121)) - bc0bc980-c963-48ce-962e-85091c893131: shutdown FollowerState
2019-10-16 20:42:16,912 [Thread-1574] INFO  impl.RaftServerImpl (RaftServerImpl.java:setRole(184)) - bc0bc980-c963-48ce-962e-85091c893131@group-28ACFA97060E: changes role from  FOLLOWER to CANDIDATE at term 134 for changeToCandidate
2019-10-16 20:42:16,912 [Thread-1574] INFO  impl.RoleInfo (RoleInfo.java:updateAndGet(143)) - bc0bc980-c963-48ce-962e-85091c893131: start LeaderElection
2019-10-16 20:42:16,916 [bc0bc980-c963-48ce-962e-85091c893131@group-28ACFA97060E-LeaderElection152] INFO  impl.LeaderElection (LeaderElection.java:askForVotes(178)) - bc0bc980-c963-48ce-962e-85091c893131@group-28ACFA97060E-LeaderElection152: begin an election at term 135 for -1: [46069bd9-45fc-4c82-823c-36f07a1bcff0:192.168.157.254:34001, bc0bc980-c963-48ce-962e-85091c893131:192.168.157.254:46787, d612b743-bedc-4c3f-983e-e3329f8a2e6f:192.168.157.254:44523], old=null
2019-10-16 20:42:16,918 [grpc-default-executor-0] INFO  impl.RaftServerImpl (RaftServerImpl.java:setRole(184)) - 46069bd9-45fc-4c82-823c-36f07a1bcff0@group-28ACFA97060E: changes role from  FOLLOWER to FOLLOWER at term 135 for recognizeCandidate:bc0bc980-c963-48ce-962e-85091c893131
2019-10-16 20:42:16,918 [grpc-default-executor-2] INFO  impl.RaftServerImpl (RaftServerImpl.java:setRole(184)) - d612b743-bedc-4c3f-983e-e3329f8a2e6f@group-28ACFA97060E: changes role from  FOLLOWER to FOLLOWER at term 135 for recognizeCandidate:bc0bc980-c963-48ce-962e-85091c893131
2019-10-16 20:42:16,918 [grpc-default-executor-0] INFO  impl.RoleInfo (RoleInfo.java:shutdownFollowerState(121)) - 46069bd9-45fc-4c82-823c-36f07a1bcff0: shutdown FollowerState
2019-10-16 20:42:16,918 [grpc-default-executor-2] INFO  impl.RoleInfo (RoleInfo.java:shutdownFollowerState(121)) - d612b743-bedc-4c3f-983e-e3329f8a2e6f: shutdown FollowerState
2019-10-16 20:42:16,919 [Thread-1572] INFO  impl.FollowerState (FollowerState.java:run(117)) - 46069bd9-45fc-4c82-823c-36f07a1bcff0@group-28ACFA97060E-FollowerState was interrupted: java.lang.InterruptedException: sleep interrupted
2019-10-16 20:42:16,919 [Thread-1573] INFO  impl.FollowerState (FollowerState.java:run(117)) - d612b743-bedc-4c3f-983e-e3329f8a2e6f@group-28ACFA97060E-FollowerState was interrupted: java.lang.InterruptedException: sleep interrupted
2019-10-16 20:42:16,919 [grpc-default-executor-0] INFO  impl.RoleInfo (RoleInfo.java:updateAndGet(143)) - 46069bd9-45fc-4c82-823c-36f07a1bcff0: start FollowerState
2019-10-16 20:42:16,919 [grpc-default-executor-2] INFO  impl.RoleInfo (RoleInfo.java:updateAndGet(143)) - d612b743-bedc-4c3f-983e-e3329f8a2e6f: start FollowerState
2019-10-16 20:42:16,923 [bc0bc980-c963-48ce-962e-85091c893131@group-28ACFA97060E-LeaderElection152] INFO  impl.LeaderElection (LeaderElection.java:logAndReturn(56)) - bc0bc980-c963-48ce-962e-85091c893131@group-28ACFA97060E-LeaderElection152: Election REJECTED; received 2 response(s) [bc0bc980-c963-48ce-962e-85091c893131<-46069bd9-45fc-4c82-823c-36f07a1bcff0#0:FAIL-t135, bc0bc980-c963-48ce-962e-85091c893131<-d612b743-bedc-4c3f-983e-e3329f8a2e6f#0:FAIL-t135] and 0 exception(s); bc0bc980-c963-48ce-962e-85091c893131@group-28ACFA97060E:t135, leader=null, voted=bc0bc980-c963-48ce-962e-85091c893131, raftlog=bc0bc980-c963-48ce-962e-85091c893131@group-28ACFA97060E-SegmentedRaftLog:OPENED:c-1,f-1,i0, conf=-1: [46069bd9-45fc-4c82-823c-36f07a1bcff0:192.168.157.254:34001, bc0bc980-c963-48ce-962e-85091c893131:192.168.157.254:46787, d612b743-bedc-4c3f-983e-e3329f8a2e6f:192.168.157.254:44523], old=null
2019-10-16 20:42:16,923 [bc0bc980-c963-48ce-962e-85091c893131@group-28ACFA97060E-LeaderElection152] INFO  impl.RaftServerImpl (RaftServerImpl.java:setRole(184)) - bc0bc980-c963-48ce-962e-85091c893131@group-28ACFA97060E: changes role from CANDIDATE to FOLLOWER at term 135 for DISCOVERED_A_NEW_TERM
2019-10-16 20:42:16,924 [bc0bc980-c963-48ce-962e-85091c893131@group-28ACFA97060E-LeaderElection152] INFO  impl.RoleInfo (RoleInfo.java:shutdownLeaderElection(134)) - bc0bc980-c963-48ce-962e-85091c893131: shutdown LeaderElection
2019-10-16 20:42:16,924 [bc0bc980-c963-48ce-962e-85091c893131@group-28ACFA97060E-LeaderElection152] INFO  impl.RoleInfo (RoleInfo.java:updateAndGet(143)) - bc0bc980-c963-48ce-962e-85091c893131: start FollowerState
2019-10-16 20:42:17,022 [Thread-1580] INFO  impl.FollowerState (FollowerState.java:run(108)) - bc0bc980-c963-48ce-962e-85091c893131@group-28ACFA97060E-FollowerState: change to CANDIDATE, lastRpcTime:98ms, electionTimeout:98ms
2019-10-16 20:42:17,022 [Thread-1580] INFO  impl.RoleInfo (RoleInfo.java:shutdownFollowerState(121)) - bc0bc980-c963-48ce-962e-85091c893131: shutdown FollowerState
2019-10-16 20:42:17,022 [Thread-1580] INFO  impl.RaftServerImpl (RaftServerImpl.java:setRole(184)) - bc0bc980-c963-48ce-962e-85091c893131@group-28ACFA97060E: changes role from  FOLLOWER to CANDIDATE at term 135 for changeToCandidate
2019-10-16 20:42:17,022 [Thread-1580] INFO  impl.RoleInfo (RoleInfo.java:updateAndGet(143)) - bc0bc980-c963-48ce-962e-85091c893131: start LeaderElection
2019-10-16 20:42:17,037 [bc0bc980-c963-48ce-962e-85091c893131@group-28ACFA97060E-LeaderElection153] INFO  impl.LeaderElection (LeaderElection.java:askForVotes(178)) - bc0bc980-c963-48ce-962e-85091c893131@group-28ACFA97060E-LeaderElection153: begin an election at term 136 for -1: [46069bd9-45fc-4c82-823c-36f07a1bcff0:192.168.157.254:34001, bc0bc980-c963-48ce-962e-85091c893131:192.168.157.254:46787, d612b743-bedc-4c3f-983e-e3329f8a2e6f:192.168.157.254:44523], old=null
2019-10-16 20:42:17,040 [grpc-default-executor-2] INFO  impl.RaftServerImpl (RaftServerImpl.java:setRole(184)) - d612b743-bedc-4c3f-983e-e3329f8a2e6f@group-28ACFA97060E: changes role from  FOLLOWER to FOLLOWER at term 136 for recognizeCandidate:bc0bc980-c963-48ce-962e-85091c893131
2019-10-16 20:42:17,040 [grpc-default-executor-0] INFO  impl.RaftServerImpl (RaftServerImpl.java:setRole(184)) - 46069bd9-45fc-4c82-823c-36f07a1bcff0@group-28ACFA97060E: changes role from  FOLLOWER to FOLLOWER at term 136 for recognizeCandidate:bc0bc980-c963-48ce-962e-85091c893131
2019-10-16 20:42:17,040 [grpc-default-executor-2] INFO  impl.RoleInfo (RoleInfo.java:shutdownFollowerState(121)) - d612b743-bedc-4c3f-983e-e3329f8a2e6f: shutdown FollowerState
2019-10-16 20:42:17,041 [grpc-default-executor-0] INFO  impl.RoleInfo (RoleInfo.java:shutdownFollowerState(121)) - 46069bd9-45fc-4c82-823c-36f07a1bcff0: shutdown FollowerState
2019-10-16 20:42:17,041 [Thread-1579] INFO  impl.FollowerState (FollowerState.java:run(117)) - d612b743-bedc-4c3f-983e-e3329f8a2e6f@group-28ACFA97060E-FollowerState was interrupted: java.lang.InterruptedException: sleep interrupted
2019-10-16 20:42:17,041 [Thread-1578] INFO  impl.FollowerState (FollowerState.java:run(117)) - 46069bd9-45fc-4c82-823c-36f07a1bcff0@group-28ACFA97060E-FollowerState was interrupted: java.lang.InterruptedException: sleep interrupted
2019-10-16 20:42:17,041 [grpc-default-executor-2] INFO  impl.RoleInfo (RoleInfo.java:updateAndGet(143)) - d612b743-bedc-4c3f-983e-e3329f8a2e6f: start FollowerState
2019-10-16 20:42:17,041 [grpc-default-executor-0] INFO  impl.RoleInfo (RoleInfo.java:updateAndGet(143)) - 46069bd9-45fc-4c82-823c-36f07a1bcff0: start FollowerState
2019-10-16 20:42:17,067 [bc0bc980-c963-48ce-962e-85091c893131@group-28ACFA97060E-LeaderElection153] INFO  impl.LeaderElection (LeaderElection.java:logAndReturn(56)) - bc0bc980-c963-48ce-962e-85091c893131@group-28ACFA97060E-LeaderElection153: Election REJECTED; received 2 response(s) [bc0bc980-c963-48ce-962e-85091c893131<-46069bd9-45fc-4c82-823c-36f07a1bcff0#0:FAIL-t136, bc0bc980-c963-48ce-962e-85091c893131<-d612b743-bedc-4c3f-983e-e3329f8a2e6f#0:FAIL-t136] and 0 exception(s); bc0bc980-c963-48ce-962e-85091c893131@group-28ACFA97060E:t136, leader=null, voted=bc0bc980-c963-48ce-962e-85091c893131, raftlog=bc0bc980-c963-48ce-962e-85091c893131@group-28ACFA97060E-SegmentedRaftLog:OPENED:c-1,f-1,i0, conf=-1: [46069bd9-45fc-4c82-823c-36f07a1bcff0:192.168.157.254:34001, bc0bc980-c963-48ce-962e-85091c893131:192.168.157.254:46787, d612b743-bedc-4c3f-983e-e3329f8a2e6f:192.168.157.254:44523], old=null
2019-10-16 20:42:17,067 [bc0bc980-c963-48ce-962e-85091c893131@group-28ACFA97060E-LeaderElection153] INFO  impl.RaftServerImpl (RaftServerImpl.java:setRole(184)) - bc0bc980-c963-48ce-962e-85091c893131@group-28ACFA97060E: changes role from CANDIDATE to FOLLOWER at term 136 for DISCOVERED_A_NEW_TERM
2019-10-16 20:42:17,067 [bc0bc980-c963-48ce-962e-85091c893131@group-28ACFA97060E-LeaderElection153] INFO  impl.RoleInfo (RoleInfo.java:shutdownLeaderElection(134)) - bc0bc980-c963-48ce-962e-85091c893131: shutdown LeaderElection
2019-10-16 20:42:17,067 [bc0bc980-c963-48ce-962e-85091c893131@group-28ACFA97060E-LeaderElection153] INFO  impl.RoleInfo (RoleInfo.java:updateAndGet(143)) - bc0bc980-c963-48ce-962e-85091c893131: start FollowerState
2019-10-16 20:42:17,199 [Thread-1586] INFO  impl.FollowerState (FollowerState.java:run(108)) - bc0bc980-c963-48ce-962e-85091c893131@group-28ACFA97060E-FollowerState: change to CANDIDATE, lastRpcTime:131ms, electionTimeout:131ms
2019-10-16 20:42:17,199 [Thread-1586] INFO  impl.RoleInfo (RoleInfo.java:shutdownFollowerState(121)) - bc0bc980-c963-48ce-962e-85091c893131: shutdown FollowerState
2019-10-16 20:42:17,199 [Thread-1586] INFO  impl.RaftServerImpl (RaftServerImpl.java:setRole(184)) - bc0bc980-c963-48ce-962e-85091c893131@group-28ACFA97060E: changes role from  FOLLOWER to CANDIDATE at term 136 for changeToCandidate
2019-10-16 20:42:17,199 [Thread-1586] INFO  impl.RoleInfo (RoleInfo.java:updateAndGet(143)) - bc0bc980-c963-48ce-962e-85091c893131: start LeaderElection
2019-10-16 20:42:17,213 [bc0bc980-c963-48ce-962e-85091c893131@group-28ACFA97060E-LeaderElection154] INFO  impl.LeaderElection (LeaderElection.java:askForVotes(178)) - bc0bc980-c963-48ce-962e-85091c893131@group-28ACFA97060E-LeaderElection154: begin an election at term 137 for -1: [46069bd9-45fc-4c82-823c-36f07a1bcff0:192.168.157.254:34001, bc0bc980-c963-48ce-962e-85091c893131:192.168.157.254:46787, d612b743-bedc-4c3f-983e-e3329f8a2e6f:192.168.157.254:44523], old=null
2019-10-16 20:42:17,215 [grpc-default-executor-2] INFO  impl.RaftServerImpl (RaftServerImpl.java:setRole(184)) - 46069bd9-45fc-4c82-823c-36f07a1bcff0@group-28ACFA97060E: changes role from  FOLLOWER to FOLLOWER at term 137 for recognizeCandidate:bc0bc980-c963-48ce-962e-85091c893131
2019-10-16 20:42:17,216 [grpc-default-executor-2] INFO  impl.RoleInfo (RoleInfo.java:shutdownFollowerState(121)) - 46069bd9-45fc-4c82-823c-36f07a1bcff0: shutdown FollowerState
2019-10-16 20:42:17,216 [grpc-default-executor-0] INFO  impl.RaftServerImpl (RaftServerImpl.java:setRole(184)) - d612b743-bedc-4c3f-983e-e3329f8a2e6f@group-28ACFA97060E: changes role from  FOLLOWER to FOLLOWER at term 137 for recognizeCandidate:bc0bc980-c963-48ce-962e-85091c893131
2019-10-16 20:42:17,216 [Thread-1585] INFO  impl.FollowerState (FollowerState.java:run(117)) - 46069bd9-45fc-4c82-823c-36f07a1bcff0@group-28ACFA97060E-FollowerState was interrupted: java.lang.InterruptedException: sleep interrupted
2019-10-16 20:42:17,216 [grpc-default-executor-2] INFO  impl.RoleInfo (RoleInfo.java:updateAndGet(143)) - 46069bd9-45fc-4c82-823c-36f07a1bcff0: start FollowerState
2019-10-16 20:42:17,216 [grpc-default-executor-0] INFO  impl.RoleInfo (RoleInfo.java:shutdownFollowerState(121)) - d612b743-bedc-4c3f-983e-e3329f8a2e6f: shutdown FollowerState
2019-10-16 20:42:17,216 [grpc-default-executor-0] INFO  impl.RoleInfo (RoleInfo.java:updateAndGet(143)) - d612b743-bedc-4c3f-983e-e3329f8a2e6f: start FollowerState
2019-10-16 20:42:17,216 [Thread-1584] INFO  impl.FollowerState (FollowerState.java:run(117)) - d612b743-bedc-4c3f-983e-e3329f8a2e6f@group-28ACFA97060E-FollowerState was interrupted: java.lang.InterruptedException: sleep interrupted
2019-10-16 20:42:17,243 [bc0bc980-c963-48ce-962e-85091c893131@group-28ACFA97060E-LeaderElection154] INFO  impl.LeaderElection (LeaderElection.java:logAndReturn(56)) - bc0bc980-c963-48ce-962e-85091c893131@group-28ACFA97060E-LeaderElection154: Election REJECTED; received 2 response(s) [bc0bc980-c963-48ce-962e-85091c893131<-46069bd9-45fc-4c82-823c-36f07a1bcff0#0:FAIL-t137, bc0bc980-c963-48ce-962e-85091c893131<-d612b743-bedc-4c3f-983e-e3329f8a2e6f#0:FAIL-t137] and 0 exception(s); bc0bc980-c963-48ce-962e-85091c893131@group-28ACFA97060E:t137, leader=null, voted=bc0bc980-c963-48ce-962e-85091c893131, raftlog=bc0bc980-c963-48ce-962e-85091c893131@group-28ACFA97060E-SegmentedRaftLog:OPENED:c-1,f-1,i0, conf=-1: [46069bd9-45fc-4c82-823c-36f07a1bcff0:192.168.157.254:34001, bc0bc980-c963-48ce-962e-85091c893131:192.168.157.254:46787, d612b743-bedc-4c3f-983e-e3329f8a2e6f:192.168.157.254:44523], old=null
2019-10-16 20:42:17,243 [bc0bc980-c963-48ce-962e-85091c893131@group-28ACFA97060E-LeaderElection154] INFO  impl.RaftServerImpl (RaftServerImpl.java:setRole(184)) - bc0bc980-c963-48ce-962e-85091c893131@group-28ACFA97060E: changes role from CANDIDATE to FOLLOWER at term 137 for DISCOVERED_A_NEW_TERM
2019-10-16 20:42:17,243 [bc0bc980-c963-48ce-962e-85091c893131@group-28ACFA97060E-LeaderElection154] INFO  impl.RoleInfo (RoleInfo.java:shutdownLeaderElection(134)) - bc0bc980-c963-48ce-962e-85091c893131: shutdown LeaderElection
2019-10-16 20:42:17,243 [bc0bc980-c963-48ce-962e-85091c893131@group-28ACFA97060E-LeaderElection154] INFO  impl.RoleInfo (RoleInfo.java:updateAndGet(143)) - bc0bc980-c963-48ce-962e-85091c893131: start FollowerState
2019-10-16 20:42:17,326 [Thread-1592] INFO  impl.FollowerState (FollowerState.java:run(108)) - bc0bc980-c963-48ce-962e-85091c893131@group-28ACFA97060E-FollowerState: change to CANDIDATE, lastRpcTime:82ms, electionTimeout:82ms
2019-10-16 20:42:17,326 [Thread-1592] INFO  impl.RoleInfo (RoleInfo.java:shutdownFollowerState(121)) - bc0bc980-c963-48ce-962e-85091c893131: shutdown FollowerState
2019-10-16 20:42:17,326 [Thread-1592] INFO  impl.RaftServerImpl (RaftServerImpl.java:setRole(184)) - bc0bc980-c963-48ce-962e-85091c893131@group-28ACFA97060E: changes role from  FOLLOWER to CANDIDATE at term 137 for changeToCandidate
2019-10-16 20:42:17,326 [Thread-1592] INFO  impl.RoleInfo (RoleInfo.java:updateAndGet(143)) - bc0bc980-c963-48ce-962e-85091c893131: start LeaderElection
2019-10-16 20:42:17,339 [bc0bc980-c963-48ce-962e-85091c893131@group-28ACFA97060E-LeaderElection155] INFO  impl.LeaderElection (LeaderElection.java:askForVotes(178)) - bc0bc980-c963-48ce-962e-85091c893131@group-28ACFA97060E-LeaderElection155: begin an election at term 138 for -1: [46069bd9-45fc-4c82-823c-36f07a1bcff0:192.168.157.254:34001, bc0bc980-c963-48ce-962e-85091c893131:192.168.157.254:46787, d612b743-bedc-4c3f-983e-e3329f8a2e6f:192.168.157.254:44523], old=null
2019-10-16 20:42:17,342 [grpc-default-executor-2] INFO  impl.RaftServerImpl (RaftServerImpl.java:setRole(184)) - 46069bd9-45fc-4c82-823c-36f07a1bcff0@group-28ACFA97060E: changes role from  FOLLOWER to FOLLOWER at term 138 for recognizeCandidate:bc0bc980-c963-48ce-962e-85091c893131
2019-10-16 20:42:17,342 [grpc-default-executor-2] INFO  impl.RoleInfo (RoleInfo.java:shutdownFollowerState(121)) - 46069bd9-45fc-4c82-823c-36f07a1bcff0: shutdown FollowerState
2019-10-16 20:42:17,342 [grpc-default-executor-0] INFO  impl.RaftServerImpl (RaftServerImpl.java:setRole(184)) - d612b743-bedc-4c3f-983e-e3329f8a2e6f@group-28ACFA97060E: changes role from  FOLLOWER to FOLLOWER at term 138 for recognizeCandidate:bc0bc980-c963-48ce-962e-85091c893131
2019-10-16 20:42:17,342 [grpc-default-executor-0] INFO  impl.RoleInfo (RoleInfo.java:shutdownFollowerState(121)) - d612b743-bedc-4c3f-983e-e3329f8a2e6f: shutdown FollowerState
2019-10-16 20:42:17,342 [Thread-1590] INFO  impl.FollowerState (FollowerState.java:run(117)) - 46069bd9-45fc-4c82-823c-36f07a1bcff0@group-28ACFA97060E-FollowerState was interrupted: java.lang.InterruptedException: sleep interrupted
2019-10-16 20:42:17,342 [grpc-default-executor-2] INFO  impl.RoleInfo (RoleInfo.java:updateAndGet(143)) - 46069bd9-45fc-4c82-823c-36f07a1bcff0: start FollowerState
2019-10-16 20:42:17,342 [Thread-1591] INFO  impl.FollowerState (FollowerState.java:run(117)) - d612b743-bedc-4c3f-983e-e3329f8a2e6f@group-28ACFA97060E-FollowerState was interrupted: java.lang.InterruptedException: sleep interrupted
2019-10-16 20:42:17,342 [grpc-default-executor-0] INFO  impl.RoleInfo (RoleInfo.java:updateAndGet(143)) - d612b743-bedc-4c3f-983e-e3329f8a2e6f: start FollowerState
2019-10-16 20:42:17,356 [bc0bc980-c963-48ce-962e-85091c893131@group-28ACFA97060E-LeaderElection155] INFO  impl.LeaderElection (LeaderElection.java:logAndReturn(56)) - bc0bc980-c963-48ce-962e-85091c893131@group-28ACFA97060E-LeaderElection155: Election REJECTED; received 2 response(s) [bc0bc980-c963-48ce-962e-85091c893131<-46069bd9-45fc-4c82-823c-36f07a1bcff0#0:FAIL-t138, bc0bc980-c963-48ce-962e-85091c893131<-d612b743-bedc-4c3f-983e-e3329f8a2e6f#0:FAIL-t138] and 0 exception(s); bc0bc980-c963-48ce-962e-85091c893131@group-28ACFA97060E:t138, leader=null, voted=bc0bc980-c963-48ce-962e-85091c893131, raftlog=bc0bc980-c963-48ce-962e-85091c893131@group-28ACFA97060E-SegmentedRaftLog:OPENED:c-1,f-1,i0, conf=-1: [46069bd9-45fc-4c82-823c-36f07a1bcff0:192.168.157.254:34001, bc0bc980-c963-48ce-962e-85091c893131:192.168.157.254:46787, d612b743-bedc-4c3f-983e-e3329f8a2e6f:192.168.157.254:44523], old=null
2019-10-16 20:42:17,357 [bc0bc980-c963-48ce-962e-85091c893131@group-28ACFA97060E-LeaderElection155] INFO  impl.RaftServerImpl (RaftServerImpl.java:setRole(184)) - bc0bc980-c963-48ce-962e-85091c893131@group-28ACFA97060E: changes role from CANDIDATE to FOLLOWER at term 138 for DISCOVERED_A_NEW_TERM
2019-10-16 20:42:17,357 [bc0bc980-c963-48ce-962e-85091c893131@group-28ACFA97060E-LeaderElection155] INFO  impl.RoleInfo (RoleInfo.java:shutdownLeaderElection(134)) - bc0bc980-c963-48ce-962e-85091c893131: shutdown LeaderElection
2019-10-16 20:42:17,357 [bc0bc980-c963-48ce-962e-85091c893131@group-28ACFA97060E-LeaderElection155] INFO  impl.RoleInfo (RoleInfo.java:updateAndGet(143)) - bc0bc980-c963-48ce-962e-85091c893131: start FollowerState
2019-10-16 20:42:17,557 [Thread-1598] INFO  impl.FollowerState (FollowerState.java:run(108)) - bc0bc980-c963-48ce-962e-85091c893131@group-28ACFA97060E-FollowerState: change to CANDIDATE, lastRpcTime:200ms, electionTimeout:200ms
2019-10-16 20:42:17,557 [Thread-1598] INFO  impl.RoleInfo (RoleInfo.java:shutdownFollowerState(121)) - bc0bc980-c963-48ce-962e-85091c893131: shutdown FollowerState
2019-10-16 20:42:17,557 [Thread-1598] INFO  impl.RaftServerImpl (RaftServerImpl.java:setRole(184)) - bc0bc980-c963-48ce-962e-85091c893131@group-28ACFA97060E: changes role from  FOLLOWER to CANDIDATE at term 138 for changeToCandidate
2019-10-16 20:42:17,558 [Thread-1598] INFO  impl.RoleInfo (RoleInfo.java:updateAndGet(143)) - bc0bc980-c963-48ce-962e-85091c893131: start LeaderElection
2019-10-16 20:42:17,571 [bc0bc980-c963-48ce-962e-85091c893131@group-28ACFA97060E-LeaderElection156] INFO  impl.LeaderElection (LeaderElection.java:askForVotes(178)) - bc0bc980-c963-48ce-962e-85091c893131@group-28ACFA97060E-LeaderElection156: begin an election at term 139 for -1: [46069bd9-45fc-4c82-823c-36f07a1bcff0:192.168.157.254:34001, bc0bc980-c963-48ce-962e-85091c893131:192.168.157.254:46787, d612b743-bedc-4c3f-983e-e3329f8a2e6f:192.168.157.254:44523], old=null
2019-10-16 20:42:17,574 [grpc-default-executor-2] INFO  impl.RaftServerImpl (RaftServerImpl.java:setRole(184)) - 46069bd9-45fc-4c82-823c-36f07a1bcff0@group-28ACFA97060E: changes role from  FOLLOWER to FOLLOWER at term 139 for recognizeCandidate:bc0bc980-c963-48ce-962e-85091c893131
2019-10-16 20:42:17,574 [grpc-default-executor-0] INFO  impl.RaftServerImpl (RaftServerImpl.java:setRole(184)) - d612b743-bedc-4c3f-983e-e3329f8a2e6f@group-28ACFA97060E: changes role from  FOLLOWER to FOLLOWER at term 139 for recognizeCandidate:bc0bc980-c963-48ce-962e-85091c893131
2019-10-16 20:42:17,574 [grpc-default-executor-2] INFO  impl.RoleInfo (RoleInfo.java:shutdownFollowerState(121)) - 46069bd9-45fc-4c82-823c-36f07a1bcff0: shutdown FollowerState
2019-10-16 20:42:17,574 [grpc-default-executor-0] INFO  impl.RoleInfo (RoleInfo.java:shutdownFollowerState(121)) - d612b743-bedc-4c3f-983e-e3329f8a2e6f: shutdown FollowerState
2019-10-16 20:42:17,574 [grpc-default-executor-2] INFO  impl.RoleInfo (RoleInfo.java:updateAndGet(143)) - 46069bd9-45fc-4c82-823c-36f07a1bcff0: start FollowerState
2019-10-16 20:42:17,574 [Thread-1596] INFO  impl.FollowerState (FollowerState.java:run(117)) - 46069bd9-45fc-4c82-823c-36f07a1bcff0@group-28ACFA97060E-FollowerState was interrupted: java.lang.InterruptedException: sleep interrupted
2019-10-16 20:42:17,575 [Thread-1597] INFO  impl.FollowerState (FollowerState.java:run(117)) - d612b743-bedc-4c3f-983e-e3329f8a2e6f@group-28ACFA97060E-FollowerState was interrupted: java.lang.InterruptedException: sleep interrupted
2019-10-16 20:42:17,575 [grpc-default-executor-0] INFO  impl.RoleInfo (RoleInfo.java:updateAndGet(143)) - d612b743-bedc-4c3f-983e-e3329f8a2e6f: start FollowerState
2019-10-16 20:42:17,594 [bc0bc980-c963-48ce-962e-85091c893131@group-28ACFA97060E-LeaderElection156] INFO  impl.LeaderElection (LeaderElection.java:logAndReturn(56)) - bc0bc980-c963-48ce-962e-85091c893131@group-28ACFA97060E-LeaderElection156: Election TIMEOUT; received 0 response(s) [] and 0 exception(s); bc0bc980-c963-48ce-962e-85091c893131@group-28ACFA97060E:t139, leader=null, voted=bc0bc980-c963-48ce-962e-85091c893131, raftlog=bc0bc980-c963-48ce-962e-85091c893131@group-28ACFA97060E-SegmentedRaftLog:OPENED:c-1,f-1,i0, conf=-1: [46069bd9-45fc-4c82-823c-36f07a1bcff0:192.168.157.254:34001, bc0bc980-c963-48ce-962e-85091c893131:192.168.157.254:46787, d612b743-bedc-4c3f-983e-e3329f8a2e6f:192.168.157.254:44523], old=null
2019-10-16 20:42:17,610 [bc0bc980-c963-48ce-962e-85091c893131@group-28ACFA97060E-LeaderElection156] INFO  impl.LeaderElection (LeaderElection.java:askForVotes(178)) - bc0bc980-c963-48ce-962e-85091c893131@group-28ACFA97060E-LeaderElection156: begin an election at term 140 for -1: [46069bd9-45fc-4c82-823c-36f07a1bcff0:192.168.157.254:34001, bc0bc980-c963-48ce-962e-85091c893131:192.168.157.254:46787, d612b743-bedc-4c3f-983e-e3329f8a2e6f:192.168.157.254:44523], old=null
2019-10-16 20:42:17,611 [grpc-default-executor-0] INFO  impl.RaftServerImpl (RaftServerImpl.java:setRole(184)) - 46069bd9-45fc-4c82-823c-36f07a1bcff0@group-28ACFA97060E: changes role from  FOLLOWER to FOLLOWER at term 140 for recognizeCandidate:bc0bc980-c963-48ce-962e-85091c893131
2019-10-16 20:42:17,611 [grpc-default-executor-0] INFO  impl.RoleInfo (RoleInfo.java:shutdownFollowerState(121)) - 46069bd9-45fc-4c82-823c-36f07a1bcff0: shutdown FollowerState
2019-10-16 20:42:17,611 [grpc-default-executor-0] INFO  impl.RoleInfo (RoleInfo.java:updateAndGet(143)) - 46069bd9-45fc-4c82-823c-36f07a1bcff0: start FollowerState
2019-10-16 20:42:17,611 [Thread-1602] INFO  impl.FollowerState (FollowerState.java:run(117)) - 46069bd9-45fc-4c82-823c-36f07a1bcff0@group-28ACFA97060E-FollowerState was interrupted: java.lang.InterruptedException: sleep interrupted
2019-10-16 20:42:17,612 [grpc-default-executor-2] INFO  impl.RaftServerImpl (RaftServerImpl.java:setRole(184)) - d612b743-bedc-4c3f-983e-e3329f8a2e6f@group-28ACFA97060E: changes role from  FOLLOWER to FOLLOWER at term 140 for recognizeCandidate:bc0bc980-c963-48ce-962e-85091c893131
2019-10-16 20:42:17,612 [grpc-default-executor-2] INFO  impl.RoleInfo (RoleInfo.java:shutdownFollowerState(121)) - d612b743-bedc-4c3f-983e-e3329f8a2e6f: shutdown FollowerState
2019-10-16 20:42:17,612 [Thread-1603] INFO  impl.FollowerState (FollowerState.java:run(117)) - d612b743-bedc-4c3f-983e-e3329f8a2e6f@group-28ACFA97060E-FollowerState was interrupted: java.lang.InterruptedException: sleep interrupted
2019-10-16 20:42:17,612 [grpc-default-executor-2] INFO  impl.RoleInfo (RoleInfo.java:updateAndGet(143)) - d612b743-bedc-4c3f-983e-e3329f8a2e6f: start FollowerState
2019-10-16 20:42:17,638 [bc0bc980-c963-48ce-962e-85091c893131@group-28ACFA97060E-LeaderElection156] INFO  impl.LeaderElection (LeaderElection.java:logAndReturn(56)) - bc0bc980-c963-48ce-962e-85091c893131@group-28ACFA97060E-LeaderElection156: Election REJECTED; received 2 response(s) [bc0bc980-c963-48ce-962e-85091c893131<-46069bd9-45fc-4c82-823c-36f07a1bcff0#0:FAIL-t140, bc0bc980-c963-48ce-962e-85091c893131<-d612b743-bedc-4c3f-983e-e3329f8a2e6f#0:FAIL-t140] and 0 exception(s); bc0bc980-c963-48ce-962e-85091c893131@group-28ACFA97060E:t140, leader=null, voted=bc0bc980-c963-48ce-962e-85091c893131, raftlog=bc0bc980-c963-48ce-962e-85091c893131@group-28ACFA97060E-SegmentedRaftLog:OPENED:c-1,f-1,i0, conf=-1: [46069bd9-45fc-4c82-823c-36f07a1bcff0:192.168.157.254:34001, bc0bc980-c963-48ce-962e-85091c893131:192.168.157.254:46787, d612b743-bedc-4c3f-983e-e3329f8a2e6f:192.168.157.254:44523], old=null
2019-10-16 20:42:17,638 [bc0bc980-c963-48ce-962e-85091c893131@group-28ACFA97060E-LeaderElection156] INFO  impl.RaftServerImpl (RaftServerImpl.java:setRole(184)) - bc0bc980-c963-48ce-962e-85091c893131@group-28ACFA97060E: changes role from CANDIDATE to FOLLOWER at term 140 for DISCOVERED_A_NEW_TERM
2019-10-16 20:42:17,638 [bc0bc980-c963-48ce-962e-85091c893131@group-28ACFA97060E-LeaderElection156] INFO  impl.RoleInfo (RoleInfo.java:shutdownLeaderElection(134)) - bc0bc980-c963-48ce-962e-85091c893131: shutdown LeaderElection
2019-10-16 20:42:17,638 [bc0bc980-c963-48ce-962e-85091c893131@group-28ACFA97060E-LeaderElection156] INFO  impl.RoleInfo (RoleInfo.java:updateAndGet(143)) - bc0bc980-c963-48ce-962e-85091c893131: start FollowerState
2019-10-16 20:42:17,832 [Thread-1608] INFO  impl.FollowerState (FollowerState.java:run(108)) - bc0bc980-c963-48ce-962e-85091c893131@group-28ACFA97060E-FollowerState: change to CANDIDATE, lastRpcTime:193ms, electionTimeout:193ms
2019-10-16 20:42:17,832 [Thread-1608] INFO  impl.RoleInfo (RoleInfo.java:shutdownFollowerState(121)) - bc0bc980-c963-48ce-962e-85091c893131: shutdown FollowerState
2019-10-16 20:42:17,832 [Thread-1608] INFO  impl.RaftServerImpl (RaftServerImpl.java:setRole(184)) - bc0bc980-c963-48ce-962e-85091c893131@group-28ACFA97060E: changes role from  FOLLOWER to CANDIDATE at term 140 for changeToCandidate
2019-10-16 20:42:17,832 [Thread-1608] INFO  impl.RoleInfo (RoleInfo.java:updateAndGet(143)) - bc0bc980-c963-48ce-962e-85091c893131: start LeaderElection
2019-10-16 20:42:17,845 [bc0bc980-c963-48ce-962e-85091c893131@group-28ACFA97060E-LeaderElection157] INFO  impl.LeaderElection (LeaderElection.java:askForVotes(178)) - bc0bc980-c963-48ce-962e-85091c893131@group-28ACFA97060E-LeaderElection157: begin an election at term 141 for -1: [46069bd9-45fc-4c82-823c-36f07a1bcff0:192.168.157.254:34001, bc0bc980-c963-48ce-962e-85091c893131:192.168.157.254:46787, d612b743-bedc-4c3f-983e-e3329f8a2e6f:192.168.157.254:44523], old=null
2019-10-16 20:42:17,847 [grpc-default-executor-2] INFO  impl.RaftServerImpl (RaftServerImpl.java:setRole(184)) - 46069bd9-45fc-4c82-823c-36f07a1bcff0@group-28ACFA97060E: changes role from  FOLLOWER to FOLLOWER at term 141 for recognizeCandidate:bc0bc980-c963-48ce-962e-85091c893131
2019-10-16 20:42:17,848 [grpc-default-executor-2] INFO  impl.RoleInfo (RoleInfo.java:shutdownFollowerState(121)) - 46069bd9-45fc-4c82-823c-36f07a1bcff0: shutdown FollowerState
2019-10-16 20:42:17,848 [grpc-default-executor-2] INFO  impl.RoleInfo (RoleInfo.java:updateAndGet(143)) - 46069bd9-45fc-4c82-823c-36f07a1bcff0: start FollowerState
2019-10-16 20:42:17,848 [Thread-1606] INFO  impl.FollowerState (FollowerState.java:run(117)) - 46069bd9-45fc-4c82-823c-36f07a1bcff0@group-28ACFA97060E-FollowerState was interrupted: java.lang.InterruptedException: sleep interrupted
2019-10-16 20:42:17,848 [grpc-default-executor-0] INFO  impl.RaftServerImpl (RaftServerImpl.java:setRole(184)) - d612b743-bedc-4c3f-983e-e3329f8a2e6f@group-28ACFA97060E: changes role from  FOLLOWER to FOLLOWER at term 141 for recognizeCandidate:bc0bc980-c963-48ce-962e-85091c893131
2019-10-16 20:42:17,848 [grpc-default-executor-0] INFO  impl.RoleInfo (RoleInfo.java:shutdownFollowerState(121)) - d612b743-bedc-4c3f-983e-e3329f8a2e6f: shutdown FollowerState
2019-10-16 20:42:17,848 [grpc-default-executor-0] INFO  impl.RoleInfo (RoleInfo.java:updateAndGet(143)) - d612b743-bedc-4c3f-983e-e3329f8a2e6f: start FollowerState
2019-10-16 20:42:17,848 [Thread-1607] INFO  impl.FollowerState (FollowerState.java:run(117)) - d612b743-bedc-4c3f-983e-e3329f8a2e6f@group-28ACFA97060E-FollowerState was interrupted: java.lang.InterruptedException: sleep interrupted
2019-10-16 20:42:17,874 [bc0bc980-c963-48ce-962e-85091c893131@group-28ACFA97060E-LeaderElection157] INFO  impl.LeaderElection (LeaderElection.java:logAndReturn(56)) - bc0bc980-c963-48ce-962e-85091c893131@group-28ACFA97060E-LeaderElection157: Election REJECTED; received 2 response(s) [bc0bc980-c963-48ce-962e-85091c893131<-46069bd9-45fc-4c82-823c-36f07a1bcff0#0:FAIL-t141, bc0bc980-c963-48ce-962e-85091c893131<-d612b743-bedc-4c3f-983e-e3329f8a2e6f#0:FAIL-t141] and 0 exception(s); bc0bc980-c963-48ce-962e-85091c893131@group-28ACFA97060E:t141, leader=null, voted=bc0bc980-c963-48ce-962e-85091c893131, raftlog=bc0bc980-c963-48ce-962e-85091c893131@group-28ACFA97060E-SegmentedRaftLog:OPENED:c-1,f-1,i0, conf=-1: [46069bd9-45fc-4c82-823c-36f07a1bcff0:192.168.157.254:34001, bc0bc980-c963-48ce-962e-85091c893131:192.168.157.254:46787, d612b743-bedc-4c3f-983e-e3329f8a2e6f:192.168.157.254:44523], old=null
2019-10-16 20:42:17,874 [bc0bc980-c963-48ce-962e-85091c893131@group-28ACFA97060E-LeaderElection157] INFO  impl.RaftServerImpl (RaftServerImpl.java:setRole(184)) - bc0bc980-c963-48ce-962e-85091c893131@group-28ACFA97060E: changes role from CANDIDATE to FOLLOWER at term 141 for DISCOVERED_A_NEW_TERM
2019-10-16 20:42:17,875 [bc0bc980-c963-48ce-962e-85091c893131@group-28ACFA97060E-LeaderElection157] INFO  impl.RoleInfo (RoleInfo.java:shutdownLeaderElection(134)) - bc0bc980-c963-48ce-962e-85091c893131: shutdown LeaderElection
2019-10-16 20:42:17,875 [bc0bc980-c963-48ce-962e-85091c893131@group-28ACFA97060E-LeaderElection157] INFO  impl.RoleInfo (RoleInfo.java:updateAndGet(143)) - bc0bc980-c963-48ce-962e-85091c893131: start FollowerState
2019-10-16 20:42:18,054 [Thread-1614] INFO  impl.FollowerState (FollowerState.java:run(108)) - bc0bc980-c963-48ce-962e-85091c893131@group-28ACFA97060E-FollowerState: change to CANDIDATE, lastRpcTime:179ms, electionTimeout:179ms
2019-10-16 20:42:18,054 [Thread-1614] INFO  impl.RoleInfo (RoleInfo.java:shutdownFollowerState(121)) - bc0bc980-c963-48ce-962e-85091c893131: shutdown FollowerState
2019-10-16 20:42:18,054 [Thread-1614] INFO  impl.RaftServerImpl (RaftServerImpl.java:setRole(184)) - bc0bc980-c963-48ce-962e-85091c893131@group-28ACFA97060E: changes role from  FOLLOWER to CANDIDATE at term 141 for changeToCandidate
2019-10-16 20:42:18,055 [Thread-1614] INFO  impl.RoleInfo (RoleInfo.java:updateAndGet(143)) - bc0bc980-c963-48ce-962e-85091c893131: start LeaderElection
2019-10-16 20:42:18,068 [bc0bc980-c963-48ce-962e-85091c893131@group-28ACFA97060E-LeaderElection158] INFO  impl.LeaderElection (LeaderElection.java:askForVotes(178)) - bc0bc980-c963-48ce-962e-85091c893131@group-28ACFA97060E-LeaderElection158: begin an election at term 142 for -1: [46069bd9-45fc-4c82-823c-36f07a1bcff0:192.168.157.254:34001, bc0bc980-c963-48ce-962e-85091c893131:192.168.157.254:46787, d612b743-bedc-4c3f-983e-e3329f8a2e6f:192.168.157.254:44523], old=null
2019-10-16 20:42:18,070 [grpc-default-executor-0] INFO  impl.RaftServerImpl (RaftServerImpl.java:setRole(184)) - 46069bd9-45fc-4c82-823c-36f07a1bcff0@group-28ACFA97060E: changes role from  FOLLOWER to FOLLOWER at term 142 for recognizeCandidate:bc0bc980-c963-48ce-962e-85091c893131
2019-10-16 20:42:18,071 [grpc-default-executor-2] INFO  impl.RaftServerImpl (RaftServerImpl.java:setRole(184)) - d612b743-bedc-4c3f-983e-e3329f8a2e6f@group-28ACFA97060E: changes role from  FOLLOWER to FOLLOWER at term 142 for recognizeCandidate:bc0bc980-c963-48ce-962e-85091c893131
2019-10-16 20:42:18,071 [grpc-default-executor-0] INFO  impl.RoleInfo (RoleInfo.java:shutdownFollowerState(121)) - 46069bd9-45fc-4c82-823c-36f07a1bcff0: shutdown FollowerState
2019-10-16 20:42:18,071 [grpc-default-executor-2] INFO  impl.RoleInfo (RoleInfo.java:shutdownFollowerState(121)) - d612b743-bedc-4c3f-983e-e3329f8a2e6f: shutdown FollowerState
2019-10-16 20:42:18,071 [Thread-1612] INFO  impl.FollowerState (FollowerState.java:run(117)) - 46069bd9-45fc-4c82-823c-36f07a1bcff0@group-28ACFA97060E-FollowerState was interrupted: java.lang.InterruptedException: sleep interrupted
2019-10-16 20:42:18,071 [grpc-default-executor-0] INFO  impl.RoleInfo (RoleInfo.java:updateAndGet(143)) - 46069bd9-45fc-4c82-823c-36f07a1bcff0: start FollowerState
2019-10-16 20:42:18,071 [Thread-1613] INFO  impl.FollowerState (FollowerState.java:run(117)) - d612b743-bedc-4c3f-983e-e3329f8a2e6f@group-28ACFA97060E-FollowerState was interrupted: java.lang.InterruptedException: sleep interrupted
2019-10-16 20:42:18,071 [grpc-default-executor-2] INFO  impl.RoleInfo (RoleInfo.java:updateAndGet(143)) - d612b743-bedc-4c3f-983e-e3329f8a2e6f: start FollowerState
2019-10-16 20:42:18,088 [bc0bc980-c963-48ce-962e-85091c893131@group-28ACFA97060E-LeaderElection158] INFO  impl.LeaderElection (LeaderElection.java:logAndReturn(56)) - bc0bc980-c963-48ce-962e-85091c893131@group-28ACFA97060E-LeaderElection158: Election REJECTED; received 2 response(s) [bc0bc980-c963-48ce-962e-85091c893131<-46069bd9-45fc-4c82-823c-36f07a1bcff0#0:FAIL-t142, bc0bc980-c963-48ce-962e-85091c893131<-d612b743-bedc-4c3f-983e-e3329f8a2e6f#0:FAIL-t142] and 0 exception(s); bc0bc980-c963-48ce-962e-85091c893131@group-28ACFA97060E:t142, leader=null, voted=bc0bc980-c963-48ce-962e-85091c893131, raftlog=bc0bc980-c963-48ce-962e-85091c893131@group-28ACFA97060E-SegmentedRaftLog:OPENED:c-1,f-1,i0, conf=-1: [46069bd9-45fc-4c82-823c-36f07a1bcff0:192.168.157.254:34001, bc0bc980-c963-48ce-962e-85091c893131:192.168.157.254:46787, d612b743-bedc-4c3f-983e-e3329f8a2e6f:192.168.157.254:44523], old=null
2019-10-16 20:42:18,088 [bc0bc980-c963-48ce-962e-85091c893131@group-28ACFA97060E-LeaderElection158] INFO  impl.RaftServerImpl (RaftServerImpl.java:setRole(184)) - bc0bc980-c963-48ce-962e-85091c893131@group-28ACFA97060E: changes role from CANDIDATE to FOLLOWER at term 142 for DISCOVERED_A_NEW_TERM
2019-10-16 20:42:18,088 [bc0bc980-c963-48ce-962e-85091c893131@group-28ACFA97060E-LeaderElection158] INFO  impl.RoleInfo (RoleInfo.java:shutdownLeaderElection(134)) - bc0bc980-c963-48ce-962e-85091c893131: shutdown LeaderElection
2019-10-16 20:42:18,088 [bc0bc980-c963-48ce-962e-85091c893131@group-28ACFA97060E-LeaderElection158] INFO  impl.RoleInfo (RoleInfo.java:updateAndGet(143)) - bc0bc980-c963-48ce-962e-85091c893131: start FollowerState
2019-10-16 20:42:18,104 [Thread-1620] INFO  impl.FollowerState (FollowerState.java:run(108)) - bc0bc980-c963-48ce-962e-85091c893131@group-28ACFA97060E-FollowerState: change to CANDIDATE, lastRpcTime:16ms, electionTimeout:16ms
2019-10-16 20:42:18,104 [Thread-1620] INFO  impl.RoleInfo (RoleInfo.java:shutdownFollowerState(121)) - bc0bc980-c963-48ce-962e-85091c893131: shutdown FollowerState
2019-10-16 20:42:18,104 [Thread-1620] INFO  impl.RaftServerImpl (RaftServerImpl.java:setRole(184)) - bc0bc980-c963-48ce-962e-85091c893131@group-28ACFA97060E: changes role from  FOLLOWER to CANDIDATE at term 142 for changeToCandidate
2019-10-16 20:42:18,105 [Thread-1620] INFO  impl.RoleInfo (RoleInfo.java:updateAndGet(143)) - bc0bc980-c963-48ce-962e-85091c893131: start LeaderElection
2019-10-16 20:42:18,117 [bc0bc980-c963-48ce-962e-85091c893131@group-28ACFA97060E-LeaderElection159] INFO  impl.LeaderElection (LeaderElection.java:askForVotes(178)) - bc0bc980-c963-48ce-962e-85091c893131@group-28ACFA97060E-LeaderElection159: begin an election at term 143 for -1: [46069bd9-45fc-4c82-823c-36f07a1bcff0:192.168.157.254:34001, bc0bc980-c963-48ce-962e-85091c893131:192.168.157.254:46787, d612b743-bedc-4c3f-983e-e3329f8a2e6f:192.168.157.254:44523], old=null
2019-10-16 20:42:18,119 [grpc-default-executor-0] INFO  impl.RaftServerImpl (RaftServerImpl.java:setRole(184)) - 46069bd9-45fc-4c82-823c-36f07a1bcff0@group-28ACFA97060E: changes role from  FOLLOWER to FOLLOWER at term 143 for recognizeCandidate:bc0bc980-c963-48ce-962e-85091c893131
2019-10-16 20:42:18,119 [grpc-default-executor-0] INFO  impl.RoleInfo (RoleInfo.java:shutdownFollowerState(121)) - 46069bd9-45fc-4c82-823c-36f07a1bcff0: shutdown FollowerState
2019-10-16 20:42:18,119 [grpc-default-executor-0] INFO  impl.RoleInfo (RoleInfo.java:updateAndGet(143)) - 46069bd9-45fc-4c82-823c-36f07a1bcff0: start FollowerState
2019-10-16 20:42:18,119 [grpc-default-executor-2] INFO  impl.RaftServerImpl (RaftServerImpl.java:setRole(184)) - d612b743-bedc-4c3f-983e-e3329f8a2e6f@group-28ACFA97060E: changes role from  FOLLOWER to FOLLOWER at term 143 for recognizeCandidate:bc0bc980-c963-48ce-962e-85091c893131
2019-10-16 20:42:18,119 [Thread-1618] INFO  impl.FollowerState (FollowerState.java:run(117)) - 46069bd9-45fc-4c82-823c-36f07a1bcff0@group-28ACFA97060E-FollowerState was interrupted: java.lang.InterruptedException: sleep interrupted
2019-10-16 20:42:18,119 [grpc-default-executor-2] INFO  impl.RoleInfo (RoleInfo.java:shutdownFollowerState(121)) - d612b743-bedc-4c3f-983e-e3329f8a2e6f: shutdown FollowerState
2019-10-16 20:42:18,119 [grpc-default-executor-2] INFO  impl.RoleInfo (RoleInfo.java:updateAndGet(143)) - d612b743-bedc-4c3f-983e-e3329f8a2e6f: start FollowerState
2019-10-16 20:42:18,119 [Thread-1619] INFO  impl.FollowerState (FollowerState.java:run(117)) - d612b743-bedc-4c3f-983e-e3329f8a2e6f@group-28ACFA97060E-FollowerState was interrupted: java.lang.InterruptedException: sleep interrupted
2019-10-16 20:42:18,169 [bc0bc980-c963-48ce-962e-85091c893131@group-28ACFA97060E-LeaderElection159] INFO  impl.LeaderElection (LeaderElection.java:logAndReturn(56)) - bc0bc980-c963-48ce-962e-85091c893131@group-28ACFA97060E-LeaderElection159: Election REJECTED; received 2 response(s) [bc0bc980-c963-48ce-962e-85091c893131<-46069bd9-45fc-4c82-823c-36f07a1bcff0#0:FAIL-t143, bc0bc980-c963-48ce-962e-85091c893131<-d612b743-bedc-4c3f-983e-e3329f8a2e6f#0:FAIL-t143] and 0 exception(s); bc0bc980-c963-48ce-962e-85091c893131@group-28ACFA97060E:t143, leader=null, voted=bc0bc980-c963-48ce-962e-85091c893131, raftlog=bc0bc980-c963-48ce-962e-85091c893131@group-28ACFA97060E-SegmentedRaftLog:OPENED:c-1,f-1,i0, conf=-1: [46069bd9-45fc-4c82-823c-36f07a1bcff0:192.168.157.254:34001, bc0bc980-c963-48ce-962e-85091c893131:192.168.157.254:46787, d612b743-bedc-4c3f-983e-e3329f8a2e6f:192.168.157.254:44523], old=null
2019-10-16 20:42:18,170 [bc0bc980-c963-48ce-962e-85091c893131@group-28ACFA97060E-LeaderElection159] INFO  impl.RaftServerImpl (RaftServerImpl.java:setRole(184)) - bc0bc980-c963-48ce-962e-85091c893131@group-28ACFA97060E: changes role from CANDIDATE to FOLLOWER at term 143 for DISCOVERED_A_NEW_TERM
2019-10-16 20:42:18,170 [bc0bc980-c963-48ce-962e-85091c893131@group-28ACFA97060E-LeaderElection159] INFO  impl.RoleInfo (RoleInfo.java:shutdownLeaderElection(134)) - bc0bc980-c963-48ce-962e-85091c893131: shutdown LeaderElection
2019-10-16 20:42:18,170 [bc0bc980-c963-48ce-962e-85091c893131@group-28ACFA97060E-LeaderElection159] INFO  impl.RoleInfo (RoleInfo.java:updateAndGet(143)) - bc0bc980-c963-48ce-962e-85091c893131: start FollowerState
2019-10-16 20:42:18,332 [Thread-1626] INFO  impl.FollowerState (FollowerState.java:run(108)) - bc0bc980-c963-48ce-962e-85091c893131@group-28ACFA97060E-FollowerState: change to CANDIDATE, lastRpcTime:161ms, electionTimeout:161ms
2019-10-16 20:42:18,332 [Thread-1626] INFO  impl.RoleInfo (RoleInfo.java:shutdownFollowerState(121)) - bc0bc980-c963-48ce-962e-85091c893131: shutdown FollowerState
2019-10-16 20:42:18,332 [Thread-1626] INFO  impl.RaftServerImpl (RaftServerImpl.java:setRole(184)) - bc0bc980-c963-48ce-962e-85091c893131@group-28ACFA97060E: changes role from  FOLLOWER to CANDIDATE at term 143 for changeToCandidate
2019-10-16 20:42:18,332 [Thread-1626] INFO  impl.RoleInfo (RoleInfo.java:updateAndGet(143)) - bc0bc980-c963-48ce-962e-85091c893131: start LeaderElection
2019-10-16 20:42:18,346 [bc0bc980-c963-48ce-962e-85091c893131@group-28ACFA97060E-LeaderElection160] INFO  impl.LeaderElection (LeaderElection.java:askForVotes(178)) - bc0bc980-c963-48ce-962e-85091c893131@group-28ACFA97060E-LeaderElection160: begin an election at term 144 for -1: [46069bd9-45fc-4c82-823c-36f07a1bcff0:192.168.157.254:34001, bc0bc980-c963-48ce-962e-85091c893131:192.168.157.254:46787, d612b743-bedc-4c3f-983e-e3329f8a2e6f:192.168.157.254:44523], old=null
2019-10-16 20:42:18,348 [grpc-default-executor-0] INFO  impl.RaftServerImpl (RaftServerImpl.java:setRole(184)) - 46069bd9-45fc-4c82-823c-36f07a1bcff0@group-28ACFA97060E: changes role from  FOLLOWER to FOLLOWER at term 144 for recognizeCandidate:bc0bc980-c963-48ce-962e-85091c893131
2019-10-16 20:42:18,348 [grpc-default-executor-0] INFO  impl.RoleInfo (RoleInfo.java:shutdownFollowerState(121)) - 46069bd9-45fc-4c82-823c-36f07a1bcff0: shutdown FollowerState
2019-10-16 20:42:18,349 [grpc-default-executor-2] INFO  impl.RaftServerImpl (RaftServerImpl.java:setRole(184)) - d612b743-bedc-4c3f-983e-e3329f8a2e6f@group-28ACFA97060E: changes role from  FOLLOWER to FOLLOWER at term 144 for recognizeCandidate:bc0bc980-c963-48ce-962e-85091c893131
2019-10-16 20:42:18,349 [Thread-1624] INFO  impl.FollowerState (FollowerState.java:run(117)) - 46069bd9-45fc-4c82-823c-36f07a1bcff0@group-28ACFA97060E-FollowerState was interrupted: java.lang.InterruptedException: sleep interrupted
2019-10-16 20:42:18,349 [grpc-default-executor-0] INFO  impl.RoleInfo (RoleInfo.java:updateAndGet(143)) - 46069bd9-45fc-4c82-823c-36f07a1bcff0: start FollowerState
2019-10-16 20:42:18,349 [grpc-default-executor-2] INFO  impl.RoleInfo (RoleInfo.java:shutdownFollowerState(121)) - d612b743-bedc-4c3f-983e-e3329f8a2e6f: shutdown FollowerState
2019-10-16 20:42:18,349 [Thread-1625] INFO  impl.FollowerState (FollowerState.java:run(117)) - d612b743-bedc-4c3f-983e-e3329f8a2e6f@group-28ACFA97060E-FollowerState was interrupted: java.lang.InterruptedException: sleep interrupted
2019-10-16 20:42:18,349 [grpc-default-executor-2] INFO  impl.RoleInfo (RoleInfo.java:updateAndGet(143)) - d612b743-bedc-4c3f-983e-e3329f8a2e6f: start FollowerState
2019-10-16 20:42:18,375 [bc0bc980-c963-48ce-962e-85091c893131@group-28ACFA97060E-LeaderElection160] INFO  impl.LeaderElection (LeaderElection.java:logAndReturn(56)) - bc0bc980-c963-48ce-962e-85091c893131@group-28ACFA97060E-LeaderElection160: Election REJECTED; received 2 response(s) [bc0bc980-c963-48ce-962e-85091c893131<-46069bd9-45fc-4c82-823c-36f07a1bcff0#0:FAIL-t144, bc0bc980-c963-48ce-962e-85091c893131<-d612b743-bedc-4c3f-983e-e3329f8a2e6f#0:FAIL-t144] and 0 exception(s); bc0bc980-c963-48ce-962e-85091c893131@group-28ACFA97060E:t144, leader=null, voted=bc0bc980-c963-48ce-962e-85091c893131, raftlog=bc0bc980-c963-48ce-962e-85091c893131@group-28ACFA97060E-SegmentedRaftLog:OPENED:c-1,f-1,i0, conf=-1: [46069bd9-45fc-4c82-823c-36f07a1bcff0:192.168.157.254:34001, bc0bc980-c963-48ce-962e-85091c893131:192.168.157.254:46787, d612b743-bedc-4c3f-983e-e3329f8a2e6f:192.168.157.254:44523], old=null
2019-10-16 20:42:18,376 [bc0bc980-c963-48ce-962e-85091c893131@group-28ACFA97060E-LeaderElection160] INFO  impl.RaftServerImpl (RaftServerImpl.java:setRole(184)) - bc0bc980-c963-48ce-962e-85091c893131@group-28ACFA97060E: changes role from CANDIDATE to FOLLOWER at term 144 for DISCOVERED_A_NEW_TERM
2019-10-16 20:42:18,376 [bc0bc980-c963-48ce-962e-85091c893131@group-28ACFA97060E-LeaderElection160] INFO  impl.RoleInfo (RoleInfo.java:shutdownLeaderElection(134)) - bc0bc980-c963-48ce-962e-85091c893131: shutdown LeaderElection
2019-10-16 20:42:18,376 [bc0bc980-c963-48ce-962e-85091c893131@group-28ACFA97060E-LeaderElection160] INFO  impl.RoleInfo (RoleInfo.java:updateAndGet(143)) - bc0bc980-c963-48ce-962e-85091c893131: start FollowerState
2019-10-16 20:42:18,482 [Thread-1632] INFO  impl.FollowerState (FollowerState.java:run(108)) - bc0bc980-c963-48ce-962e-85091c893131@group-28ACFA97060E-FollowerState: change to CANDIDATE, lastRpcTime:106ms, electionTimeout:106ms
2019-10-16 20:42:18,482 [Thread-1632] INFO  impl.RoleInfo (RoleInfo.java:shutdownFollowerState(121)) - bc0bc980-c963-48ce-962e-85091c893131: shutdown FollowerState
2019-10-16 20:42:18,483 [Thread-1632] INFO  impl.RaftServerImpl (RaftServerImpl.java:setRole(184)) - bc0bc980-c963-48ce-962e-85091c893131@group-28ACFA97060E: changes role from  FOLLOWER to CANDIDATE at term 144 for changeToCandidate
2019-10-16 20:42:18,483 [Thread-1632] INFO  impl.RoleInfo (RoleInfo.java:updateAndGet(143)) - bc0bc980-c963-48ce-962e-85091c893131: start LeaderElection
2019-10-16 20:42:18,514 [bc0bc980-c963-48ce-962e-85091c893131@group-28ACFA97060E-LeaderElection161] INFO  impl.LeaderElection (LeaderElection.java:askForVotes(178)) - bc0bc980-c963-48ce-962e-85091c893131@group-28ACFA97060E-LeaderElection161: begin an election at term 145 for -1: [46069bd9-45fc-4c82-823c-36f07a1bcff0:192.168.157.254:34001, bc0bc980-c963-48ce-962e-85091c893131:192.168.157.254:46787, d612b743-bedc-4c3f-983e-e3329f8a2e6f:192.168.157.254:44523], old=null
2019-10-16 20:42:18,516 [grpc-default-executor-2] INFO  impl.RaftServerImpl (RaftServerImpl.java:setRole(184)) - 46069bd9-45fc-4c82-823c-36f07a1bcff0@group-28ACFA97060E: changes role from  FOLLOWER to FOLLOWER at term 145 for recognizeCandidate:bc0bc980-c963-48ce-962e-85091c893131
2019-10-16 20:42:18,516 [grpc-default-executor-2] INFO  impl.RoleInfo (RoleInfo.java:shutdownFollowerState(121)) - 46069bd9-45fc-4c82-823c-36f07a1bcff0: shutdown FollowerState
2019-10-16 20:42:18,516 [grpc-default-executor-0] INFO  impl.RaftServerImpl (RaftServerImpl.java:setRole(184)) - d612b743-bedc-4c3f-983e-e3329f8a2e6f@group-28ACFA97060E: changes role from  FOLLOWER to FOLLOWER at term 145 for recognizeCandidate:bc0bc980-c963-48ce-962e-85091c893131
2019-10-16 20:42:18,516 [Thread-1630] INFO  impl.FollowerState (FollowerState.java:run(117)) - 46069bd9-45fc-4c82-823c-36f07a1bcff0@group-28ACFA97060E-FollowerState was interrupted: java.lang.InterruptedException: sleep interrupted
2019-10-16 20:42:18,516 [grpc-default-executor-2] INFO  impl.RoleInfo (RoleInfo.java:updateAndGet(143)) - 46069bd9-45fc-4c82-823c-36f07a1bcff0: start FollowerState
2019-10-16 20:42:18,516 [grpc-default-executor-0] INFO  impl.RoleInfo (RoleInfo.java:shutdownFollowerState(121)) - d612b743-bedc-4c3f-983e-e3329f8a2e6f: shutdown FollowerState
2019-10-16 20:42:18,516 [grpc-default-executor-0] INFO  impl.RoleInfo (RoleInfo.java:updateAndGet(143)) - d612b743-bedc-4c3f-983e-e3329f8a2e6f: start FollowerState
2019-10-16 20:42:18,517 [Thread-1631] INFO  impl.FollowerState (FollowerState.java:run(117)) - d612b743-bedc-4c3f-983e-e3329f8a2e6f@group-28ACFA97060E-FollowerState was interrupted: java.lang.InterruptedException: sleep interrupted
2019-10-16 20:42:18,523 [bc0bc980-c963-48ce-962e-85091c893131@group-28ACFA97060E-LeaderElection161] INFO  impl.LeaderElection (LeaderElection.java:logAndReturn(56)) - bc0bc980-c963-48ce-962e-85091c893131@group-28ACFA97060E-LeaderElection161: Election TIMEOUT; received 0 response(s) [] and 0 exception(s); bc0bc980-c963-48ce-962e-85091c893131@group-28ACFA97060E:t145, leader=null, voted=bc0bc980-c963-48ce-962e-85091c893131, raftlog=bc0bc980-c963-48ce-962e-85091c893131@group-28ACFA97060E-SegmentedRaftLog:OPENED:c-1,f-1,i0, conf=-1: [46069bd9-45fc-4c82-823c-36f07a1bcff0:192.168.157.254:34001, bc0bc980-c963-48ce-962e-85091c893131:192.168.157.254:46787, d612b743-bedc-4c3f-983e-e3329f8a2e6f:192.168.157.254:44523], old=null
2019-10-16 20:42:18,530 [bc0bc980-c963-48ce-962e-85091c893131@group-28ACFA97060E-LeaderElection161] INFO  impl.LeaderElection (LeaderElection.java:askForVotes(178)) - bc0bc980-c963-48ce-962e-85091c893131@group-28ACFA97060E-LeaderElection161: begin an election at term 146 for -1: [46069bd9-45fc-4c82-823c-36f07a1bcff0:192.168.157.254:34001, bc0bc980-c963-48ce-962e-85091c893131:192.168.157.254:46787, d612b743-bedc-4c3f-983e-e3329f8a2e6f:192.168.157.254:44523], old=null
2019-10-16 20:42:18,531 [grpc-default-executor-0] INFO  impl.RaftServerImpl (RaftServerImpl.java:setRole(184)) - 46069bd9-45fc-4c82-823c-36f07a1bcff0@group-28ACFA97060E: changes role from  FOLLOWER to FOLLOWER at term 146 for recognizeCandidate:bc0bc980-c963-48ce-962e-85091c893131
2019-10-16 20:42:18,531 [grpc-default-executor-0] INFO  impl.RoleInfo (RoleInfo.java:shutdownFollowerState(121)) - 46069bd9-45fc-4c82-823c-36f07a1bcff0: shutdown FollowerState
2019-10-16 20:42:18,531 [grpc-default-executor-0] INFO  impl.RoleInfo (RoleInfo.java:updateAndGet(143)) - 46069bd9-45fc-4c82-823c-36f07a1bcff0: start FollowerState
2019-10-16 20:42:18,531 [grpc-default-executor-2] INFO  impl.RaftServerImpl (RaftServerImpl.java:setRole(184)) - d612b743-bedc-4c3f-983e-e3329f8a2e6f@group-28ACFA97060E: changes role from  FOLLOWER to FOLLOWER at term 146 for recognizeCandidate:bc0bc980-c963-48ce-962e-85091c893131
2019-10-16 20:42:18,532 [grpc-default-executor-2] INFO  impl.RoleInfo (RoleInfo.java:shutdownFollowerState(121)) - d612b743-bedc-4c3f-983e-e3329f8a2e6f: shutdown FollowerState
2019-10-16 20:42:18,531 [Thread-1636] INFO  impl.FollowerState (FollowerState.java:run(117)) - 46069bd9-45fc-4c82-823c-36f07a1bcff0@group-28ACFA97060E-FollowerState was interrupted: java.lang.InterruptedException: sleep interrupted
2019-10-16 20:42:18,532 [Thread-1637] INFO  impl.FollowerState (FollowerState.java:run(117)) - d612b743-bedc-4c3f-983e-e3329f8a2e6f@group-28ACFA97060E-FollowerState was interrupted: java.lang.InterruptedException: sleep interrupted
2019-10-16 20:42:18,532 [grpc-default-executor-2] INFO  impl.RoleInfo (RoleInfo.java:updateAndGet(143)) - d612b743-bedc-4c3f-983e-e3329f8a2e6f: start FollowerState
2019-10-16 20:42:18,547 [bc0bc980-c963-48ce-962e-85091c893131@group-28ACFA97060E-LeaderElection161] INFO  impl.LeaderElection (LeaderElection.java:logAndReturn(56)) - bc0bc980-c963-48ce-962e-85091c893131@group-28ACFA97060E-LeaderElection161: Election REJECTED; received 2 response(s) [bc0bc980-c963-48ce-962e-85091c893131<-46069bd9-45fc-4c82-823c-36f07a1bcff0#0:FAIL-t146, bc0bc980-c963-48ce-962e-85091c893131<-d612b743-bedc-4c3f-983e-e3329f8a2e6f#0:FAIL-t146] and 0 exception(s); bc0bc980-c963-48ce-962e-85091c893131@group-28ACFA97060E:t146, leader=null, voted=bc0bc980-c963-48ce-962e-85091c893131, raftlog=bc0bc980-c963-48ce-962e-85091c893131@group-28ACFA97060E-SegmentedRaftLog:OPENED:c-1,f-1,i0, conf=-1: [46069bd9-45fc-4c82-823c-36f07a1bcff0:192.168.157.254:34001, bc0bc980-c963-48ce-962e-85091c893131:192.168.157.254:46787, d612b743-bedc-4c3f-983e-e3329f8a2e6f:192.168.157.254:44523], old=null
2019-10-16 20:42:18,547 [bc0bc980-c963-48ce-962e-85091c893131@group-28ACFA97060E-LeaderElection161] INFO  impl.RaftServerImpl (RaftServerImpl.java:setRole(184)) - bc0bc980-c963-48ce-962e-85091c893131@group-28ACFA97060E: changes role from CANDIDATE to FOLLOWER at term 146 for DISCOVERED_A_NEW_TERM
2019-10-16 20:42:18,547 [bc0bc980-c963-48ce-962e-85091c893131@group-28ACFA97060E-LeaderElection161] INFO  impl.RoleInfo (RoleInfo.java:shutdownLeaderElection(134)) - bc0bc980-c963-48ce-962e-85091c893131: shutdown LeaderElection
2019-10-16 20:42:18,547 [bc0bc980-c963-48ce-962e-85091c893131@group-28ACFA97060E-LeaderElection161] INFO  impl.RoleInfo (RoleInfo.java:updateAndGet(143)) - bc0bc980-c963-48ce-962e-85091c893131: start FollowerState
2019-10-16 20:42:18,567 [Thread-1642] INFO  impl.FollowerState (FollowerState.java:run(108)) - bc0bc980-c963-48ce-962e-85091c893131@group-28ACFA97060E-FollowerState: change to CANDIDATE, lastRpcTime:20ms, electionTimeout:20ms
2019-10-16 20:42:18,568 [Thread-1642] INFO  impl.RoleInfo (RoleInfo.java:shutdownFollowerState(121)) - bc0bc980-c963-48ce-962e-85091c893131: shutdown FollowerState
2019-10-16 20:42:18,568 [Thread-1642] INFO  impl.RaftServerImpl (RaftServerImpl.java:setRole(184)) - bc0bc980-c963-48ce-962e-85091c893131@group-28ACFA97060E: changes role from  FOLLOWER to CANDIDATE at term 146 for changeToCandidate
2019-10-16 20:42:18,568 [Thread-1642] INFO  impl.RoleInfo (RoleInfo.java:updateAndGet(143)) - bc0bc980-c963-48ce-962e-85091c893131: start LeaderElection
2019-10-16 20:42:18,593 [bc0bc980-c963-48ce-962e-85091c893131@group-28ACFA97060E-LeaderElection162] INFO  impl.LeaderElection (LeaderElection.java:askForVotes(178)) - bc0bc980-c963-48ce-962e-85091c893131@group-28ACFA97060E-LeaderElection162: begin an election at term 147 for -1: [46069bd9-45fc-4c82-823c-36f07a1bcff0:192.168.157.254:34001, bc0bc980-c963-48ce-962e-85091c893131:192.168.157.254:46787, d612b743-bedc-4c3f-983e-e3329f8a2e6f:192.168.157.254:44523], old=null
2019-10-16 20:42:18,595 [grpc-default-executor-2] INFO  impl.RaftServerImpl (RaftServerImpl.java:setRole(184)) - 46069bd9-45fc-4c82-823c-36f07a1bcff0@group-28ACFA97060E: changes role from  FOLLOWER to FOLLOWER at term 147 for recognizeCandidate:bc0bc980-c963-48ce-962e-85091c893131
2019-10-16 20:42:18,595 [grpc-default-executor-2] INFO  impl.RoleInfo (RoleInfo.java:shutdownFollowerState(121)) - 46069bd9-45fc-4c82-823c-36f07a1bcff0: shutdown FollowerState
2019-10-16 20:42:18,595 [grpc-default-executor-0] INFO  impl.RaftServerImpl (RaftServerImpl.java:setRole(184)) - d612b743-bedc-4c3f-983e-e3329f8a2e6f@group-28ACFA97060E: changes role from  FOLLOWER to FOLLOWER at term 147 for recognizeCandidate:bc0bc980-c963-48ce-962e-85091c893131
2019-10-16 20:42:18,596 [Thread-1640] INFO  impl.FollowerState (FollowerState.java:run(117)) - 46069bd9-45fc-4c82-823c-36f07a1bcff0@group-28ACFA97060E-FollowerState was interrupted: java.lang.InterruptedException: sleep interrupted
2019-10-16 20:42:18,596 [grpc-default-executor-2] INFO  impl.RoleInfo (RoleInfo.java:updateAndGet(143)) - 46069bd9-45fc-4c82-823c-36f07a1bcff0: start FollowerState
2019-10-16 20:42:18,596 [grpc-default-executor-0] INFO  impl.RoleInfo (RoleInfo.java:shutdownFollowerState(121)) - d612b743-bedc-4c3f-983e-e3329f8a2e6f: shutdown FollowerState
2019-10-16 20:42:18,596 [grpc-default-executor-0] INFO  impl.RoleInfo (RoleInfo.java:updateAndGet(143)) - d612b743-bedc-4c3f-983e-e3329f8a2e6f: start FollowerState
2019-10-16 20:42:18,596 [Thread-1641] INFO  impl.FollowerState (FollowerState.java:run(117)) - d612b743-bedc-4c3f-983e-e3329f8a2e6f@group-28ACFA97060E-FollowerState was interrupted: java.lang.InterruptedException: sleep interrupted
2019-10-16 20:42:18,609 [bc0bc980-c963-48ce-962e-85091c893131@group-28ACFA97060E-LeaderElection162] INFO  impl.LeaderElection (LeaderElection.java:logAndReturn(56)) - bc0bc980-c963-48ce-962e-85091c893131@group-28ACFA97060E-LeaderElection162: Election REJECTED; received 2 response(s) [bc0bc980-c963-48ce-962e-85091c893131<-46069bd9-45fc-4c82-823c-36f07a1bcff0#0:FAIL-t147, bc0bc980-c963-48ce-962e-85091c893131<-d612b743-bedc-4c3f-983e-e3329f8a2e6f#0:FAIL-t147] and 0 exception(s); bc0bc980-c963-48ce-962e-85091c893131@group-28ACFA97060E:t147, leader=null, voted=bc0bc980-c963-48ce-962e-85091c893131, raftlog=bc0bc980-c963-48ce-962e-85091c893131@group-28ACFA97060E-SegmentedRaftLog:OPENED:c-1,f-1,i0, conf=-1: [46069bd9-45fc-4c82-823c-36f07a1bcff0:192.168.157.254:34001, bc0bc980-c963-48ce-962e-85091c893131:192.168.157.254:46787, d612b743-bedc-4c3f-983e-e3329f8a2e6f:192.168.157.254:44523], old=null
2019-10-16 20:42:18,609 [bc0bc980-c963-48ce-962e-85091c893131@group-28ACFA97060E-LeaderElection162] INFO  impl.RaftServerImpl (RaftServerImpl.java:setRole(184)) - bc0bc980-c963-48ce-962e-85091c893131@group-28ACFA97060E: changes role from CANDIDATE to FOLLOWER at term 147 for DISCOVERED_A_NEW_TERM
2019-10-16 20:42:18,609 [bc0bc980-c963-48ce-962e-85091c893131@group-28ACFA97060E-LeaderElection162] INFO  impl.RoleInfo (RoleInfo.java:shutdownLeaderElection(134)) - bc0bc980-c963-48ce-962e-85091c893131: shutdown LeaderElection
2019-10-16 20:42:18,609 [bc0bc980-c963-48ce-962e-85091c893131@group-28ACFA97060E-LeaderElection162] INFO  impl.RoleInfo (RoleInfo.java:updateAndGet(143)) - bc0bc980-c963-48ce-962e-85091c893131: start FollowerState
2019-10-16 20:42:18,692 [Thread-1648] INFO  impl.FollowerState (FollowerState.java:run(108)) - bc0bc980-c963-48ce-962e-85091c893131@group-28ACFA97060E-FollowerState: change to CANDIDATE, lastRpcTime:82ms, electionTimeout:82ms
2019-10-16 20:42:18,692 [Thread-1648] INFO  impl.RoleInfo (RoleInfo.java:shutdownFollowerState(121)) - bc0bc980-c963-48ce-962e-85091c893131: shutdown FollowerState
2019-10-16 20:42:18,692 [Thread-1648] INFO  impl.RaftServerImpl (RaftServerImpl.java:setRole(184)) - bc0bc980-c963-48ce-962e-85091c893131@group-28ACFA97060E: changes role from  FOLLOWER to CANDIDATE at term 147 for changeToCandidate
2019-10-16 20:42:18,692 [Thread-1648] INFO  impl.RoleInfo (RoleInfo.java:updateAndGet(143)) - bc0bc980-c963-48ce-962e-85091c893131: start LeaderElection
2019-10-16 20:42:18,707 [bc0bc980-c963-48ce-962e-85091c893131@group-28ACFA97060E-LeaderElection163] INFO  impl.LeaderElection (LeaderElection.java:askForVotes(178)) - bc0bc980-c963-48ce-962e-85091c893131@group-28ACFA97060E-LeaderElection163: begin an election at term 148 for -1: [46069bd9-45fc-4c82-823c-36f07a1bcff0:192.168.157.254:34001, bc0bc980-c963-48ce-962e-85091c893131:192.168.157.254:46787, d612b743-bedc-4c3f-983e-e3329f8a2e6f:192.168.157.254:44523], old=null
2019-10-16 20:42:18,709 [grpc-default-executor-0] INFO  impl.RaftServerImpl (RaftServerImpl.java:setRole(184)) - d612b743-bedc-4c3f-983e-e3329f8a2e6f@group-28ACFA97060E: changes role from  FOLLOWER to FOLLOWER at term 148 for recognizeCandidate:bc0bc980-c963-48ce-962e-85091c893131
2019-10-16 20:42:18,709 [grpc-default-executor-2] INFO  impl.RaftServerImpl (RaftServerImpl.java:setRole(184)) - 46069bd9-45fc-4c82-823c-36f07a1bcff0@group-28ACFA97060E: changes role from  FOLLOWER to FOLLOWER at term 148 for recognizeCandidate:bc0bc980-c963-48ce-962e-85091c893131
2019-10-16 20:42:18,709 [grpc-default-executor-0] INFO  impl.RoleInfo (RoleInfo.java:shutdownFollowerState(121)) - d612b743-bedc-4c3f-983e-e3329f8a2e6f: shutdown FollowerState
2019-10-16 20:42:18,709 [grpc-default-executor-2] INFO  impl.RoleInfo (RoleInfo.java:shutdownFollowerState(121)) - 46069bd9-45fc-4c82-823c-36f07a1bcff0: shutdown FollowerState
2019-10-16 20:42:18,710 [Thread-1647] INFO  impl.FollowerState (FollowerState.java:run(117)) - d612b743-bedc-4c3f-983e-e3329f8a2e6f@group-28ACFA97060E-FollowerState was interrupted: java.lang.InterruptedException: sleep interrupted
2019-10-16 20:42:18,710 [Thread-1646] INFO  impl.FollowerState (FollowerState.java:run(117)) - 46069bd9-45fc-4c82-823c-36f07a1bcff0@group-28ACFA97060E-FollowerState was interrupted: java.lang.InterruptedException: sleep interrupted
2019-10-16 20:42:18,709 [grpc-default-executor-0] INFO  impl.RoleInfo (RoleInfo.java:updateAndGet(143)) - d612b743-bedc-4c3f-983e-e3329f8a2e6f: start FollowerState
2019-10-16 20:42:18,710 [grpc-default-executor-2] INFO  impl.RoleInfo (RoleInfo.java:updateAndGet(143)) - 46069bd9-45fc-4c82-823c-36f07a1bcff0: start FollowerState
2019-10-16 20:42:18,727 [bc0bc980-c963-48ce-962e-85091c893131@group-28ACFA97060E-LeaderElection163] INFO  impl.LeaderElection (LeaderElection.java:logAndReturn(56)) - bc0bc980-c963-48ce-962e-85091c893131@group-28ACFA97060E-LeaderElection163: Election REJECTED; received 2 response(s) [bc0bc980-c963-48ce-962e-85091c893131<-46069bd9-45fc-4c82-823c-36f07a1bcff0#0:FAIL-t148, bc0bc980-c963-48ce-962e-85091c893131<-d612b743-bedc-4c3f-983e-e3329f8a2e6f#0:FAIL-t148] and 0 exception(s); bc0bc980-c963-48ce-962e-85091c893131@group-28ACFA97060E:t148, leader=null, voted=bc0bc980-c963-48ce-962e-85091c893131, raftlog=bc0bc980-c963-48ce-962e-85091c893131@group-28ACFA97060E-SegmentedRaftLog:OPENED:c-1,f-1,i0, conf=-1: [46069bd9-45fc-4c82-823c-36f07a1bcff0:192.168.157.254:34001, bc0bc980-c963-48ce-962e-85091c893131:192.168.157.254:46787, d612b743-bedc-4c3f-983e-e3329f8a2e6f:192.168.157.254:44523], old=null
2019-10-16 20:42:18,727 [bc0bc980-c963-48ce-962e-85091c893131@group-28ACFA97060E-LeaderElection163] INFO  impl.RaftServerImpl (RaftServerImpl.java:setRole(184)) - bc0bc980-c963-48ce-962e-85091c893131@group-28ACFA97060E: changes role from CANDIDATE to FOLLOWER at term 148 for DISCOVERED_A_NEW_TERM
2019-10-16 20:42:18,727 [bc0bc980-c963-48ce-962e-85091c893131@group-28ACFA97060E-LeaderElection163] INFO  impl.RoleInfo (RoleInfo.java:shutdownLeaderElection(134)) - bc0bc980-c963-48ce-962e-85091c893131: shutdown LeaderElection
2019-10-16 20:42:18,727 [bc0bc980-c963-48ce-962e-85091c893131@group-28ACFA97060E-LeaderElection163] INFO  impl.RoleInfo (RoleInfo.java:updateAndGet(143)) - bc0bc980-c963-48ce-962e-85091c893131: start FollowerState
2019-10-16 20:42:18,908 [Thread-1654] INFO  impl.FollowerState (FollowerState.java:run(108)) - bc0bc980-c963-48ce-962e-85091c893131@group-28ACFA97060E-FollowerState: change to CANDIDATE, lastRpcTime:180ms, electionTimeout:180ms
2019-10-16 20:42:18,908 [Thread-1654] INFO  impl.RoleInfo (RoleInfo.java:shutdownFollowerState(121)) - bc0bc980-c963-48ce-962e-85091c893131: shutdown FollowerState
2019-10-16 20:42:18,908 [Thread-1654] INFO  impl.RaftServerImpl (RaftServerImpl.java:setRole(184)) - bc0bc980-c963-48ce-962e-85091c893131@group-28ACFA97060E: changes role from  FOLLOWER to CANDIDATE at term 148 for changeToCandidate
2019-10-16 20:42:18,908 [Thread-1654] INFO  impl.RoleInfo (RoleInfo.java:updateAndGet(143)) - bc0bc980-c963-48ce-962e-85091c893131: start LeaderElection
2019-10-16 20:42:18,923 [bc0bc980-c963-48ce-962e-85091c893131@group-28ACFA97060E-LeaderElection164] INFO  impl.LeaderElection (LeaderElection.java:askForVotes(178)) - bc0bc980-c963-48ce-962e-85091c893131@group-28ACFA97060E-LeaderElection164: begin an election at term 149 for -1: [46069bd9-45fc-4c82-823c-36f07a1bcff0:192.168.157.254:34001, bc0bc980-c963-48ce-962e-85091c893131:192.168.157.254:46787, d612b743-bedc-4c3f-983e-e3329f8a2e6f:192.168.157.254:44523], old=null
2019-10-16 20:42:18,927 [grpc-default-executor-2] INFO  impl.RaftServerImpl (RaftServerImpl.java:setRole(184)) - 46069bd9-45fc-4c82-823c-36f07a1bcff0@group-28ACFA97060E: changes role from  FOLLOWER to FOLLOWER at term 149 for recognizeCandidate:bc0bc980-c963-48ce-962e-85091c893131
2019-10-16 20:42:18,927 [grpc-default-executor-0] INFO  impl.RaftServerImpl (RaftServerImpl.java:setRole(184)) - d612b743-bedc-4c3f-983e-e3329f8a2e6f@group-28ACFA97060E: changes role from  FOLLOWER to FOLLOWER at term 149 for recognizeCandidate:bc0bc980-c963-48ce-962e-85091c893131
2019-10-16 20:42:18,928 [grpc-default-executor-2] INFO  impl.RoleInfo (RoleInfo.java:shutdownFollowerState(121)) - 46069bd9-45fc-4c82-823c-36f07a1bcff0: shutdown FollowerState
2019-10-16 20:42:18,928 [grpc-default-executor-0] INFO  impl.RoleInfo (RoleInfo.java:shutdownFollowerState(121)) - d612b743-bedc-4c3f-983e-e3329f8a2e6f: shutdown FollowerState
2019-10-16 20:42:18,928 [Thread-1653] INFO  impl.FollowerState (FollowerState.java:run(117)) - 46069bd9-45fc-4c82-823c-36f07a1bcff0@group-28ACFA97060E-FollowerState was interrupted: java.lang.InterruptedException: sleep interrupted
2019-10-16 20:42:18,928 [grpc-default-executor-2] INFO  impl.RoleInfo (RoleInfo.java:updateAndGet(143)) - 46069bd9-45fc-4c82-823c-36f07a1bcff0: start FollowerState
2019-10-16 20:42:18,928 [Thread-1652] INFO  impl.FollowerState (FollowerState.java:run(117)) - d612b743-bedc-4c3f-983e-e3329f8a2e6f@group-28ACFA97060E-FollowerState was interrupted: java.lang.InterruptedException: sleep interrupted
2019-10-16 20:42:18,928 [grpc-default-executor-0] INFO  impl.RoleInfo (RoleInfo.java:updateAndGet(143)) - d612b743-bedc-4c3f-983e-e3329f8a2e6f: start FollowerState
2019-10-16 20:42:18,955 [bc0bc980-c963-48ce-962e-85091c893131@group-28ACFA97060E-LeaderElection164] INFO  impl.LeaderElection (LeaderElection.java:logAndReturn(56)) - bc0bc980-c963-48ce-962e-85091c893131@group-28ACFA97060E-LeaderElection164: Election REJECTED; received 2 response(s) [bc0bc980-c963-48ce-962e-85091c893131<-46069bd9-45fc-4c82-823c-36f07a1bcff0#0:FAIL-t149, bc0bc980-c963-48ce-962e-85091c893131<-d612b743-bedc-4c3f-983e-e3329f8a2e6f#0:FAIL-t149] and 0 exception(s); bc0bc980-c963-48ce-962e-85091c893131@group-28ACFA97060E:t149, leader=null, voted=bc0bc980-c963-48ce-962e-85091c893131, raftlog=bc0bc980-c963-48ce-962e-85091c893131@group-28ACFA97060E-SegmentedRaftLog:OPENED:c-1,f-1,i0, conf=-1: [46069bd9-45fc-4c82-823c-36f07a1bcff0:192.168.157.254:34001, bc0bc980-c963-48ce-962e-85091c893131:192.168.157.254:46787, d612b743-bedc-4c3f-983e-e3329f8a2e6f:192.168.157.254:44523], old=null
2019-10-16 20:42:18,955 [bc0bc980-c963-48ce-962e-85091c893131@group-28ACFA97060E-LeaderElection164] INFO  impl.RaftServerImpl (RaftServerImpl.java:setRole(184)) - bc0bc980-c963-48ce-962e-85091c893131@group-28ACFA97060E: changes role from CANDIDATE to FOLLOWER at term 149 for DISCOVERED_A_NEW_TERM
2019-10-16 20:42:18,955 [bc0bc980-c963-48ce-962e-85091c893131@group-28ACFA97060E-LeaderElection164] INFO  impl.RoleInfo (RoleInfo.java:shutdownLeaderElection(134)) - bc0bc980-c963-48ce-962e-85091c893131: shutdown LeaderElection
2019-10-16 20:42:18,956 [bc0bc980-c963-48ce-962e-85091c893131@group-28ACFA97060E-LeaderElection164] INFO  impl.RoleInfo (RoleInfo.java:updateAndGet(143)) - bc0bc980-c963-48ce-962e-85091c893131: start FollowerState
2019-10-16 20:42:19,105 [Thread-1660] INFO  impl.FollowerState (FollowerState.java:run(108)) - bc0bc980-c963-48ce-962e-85091c893131@group-28ACFA97060E-FollowerState: change to CANDIDATE, lastRpcTime:149ms, electionTimeout:149ms
2019-10-16 20:42:19,105 [Thread-1660] INFO  impl.RoleInfo (RoleInfo.java:shutdownFollowerState(121)) - bc0bc980-c963-48ce-962e-85091c893131: shutdown FollowerState
2019-10-16 20:42:19,105 [Thread-1660] INFO  impl.RaftServerImpl (RaftServerImpl.java:setRole(184)) - bc0bc980-c963-48ce-962e-85091c893131@group-28ACFA97060E: changes role from  FOLLOWER to CANDIDATE at term 149 for changeToCandidate
2019-10-16 20:42:19,106 [Thread-1660] INFO  impl.RoleInfo (RoleInfo.java:updateAndGet(143)) - bc0bc980-c963-48ce-962e-85091c893131: start LeaderElection
2019-10-16 20:42:19,119 [bc0bc980-c963-48ce-962e-85091c893131@group-28ACFA97060E-LeaderElection165] INFO  impl.LeaderElection (LeaderElection.java:askForVotes(178)) - bc0bc980-c963-48ce-962e-85091c893131@group-28ACFA97060E-LeaderElection165: begin an election at term 150 for -1: [46069bd9-45fc-4c82-823c-36f07a1bcff0:192.168.157.254:34001, bc0bc980-c963-48ce-962e-85091c893131:192.168.157.254:46787, d612b743-bedc-4c3f-983e-e3329f8a2e6f:192.168.157.254:44523], old=null
2019-10-16 20:42:19,121 [grpc-default-executor-0] INFO  impl.RaftServerImpl (RaftServerImpl.java:setRole(184)) - 46069bd9-45fc-4c82-823c-36f07a1bcff0@group-28ACFA97060E: changes role from  FOLLOWER to FOLLOWER at term 150 for recognizeCandidate:bc0bc980-c963-48ce-962e-85091c893131
2019-10-16 20:42:19,121 [grpc-default-executor-2] INFO  impl.RaftServerImpl (RaftServerImpl.java:setRole(184)) - d612b743-bedc-4c3f-983e-e3329f8a2e6f@group-28ACFA97060E: changes role from  FOLLOWER to FOLLOWER at term 150 for recognizeCandidate:bc0bc980-c963-48ce-962e-85091c893131
2019-10-16 20:42:19,121 [grpc-default-executor-2] INFO  impl.RoleInfo (RoleInfo.java:shutdownFollowerState(121)) - d612b743-bedc-4c3f-983e-e3329f8a2e6f: shutdown FollowerState
2019-10-16 20:42:19,121 [grpc-default-executor-0] INFO  impl.RoleInfo (RoleInfo.java:shutdownFollowerState(121)) - 46069bd9-45fc-4c82-823c-36f07a1bcff0: shutdown FollowerState
2019-10-16 20:42:19,121 [Thread-1659] INFO  impl.FollowerState (FollowerState.java:run(117)) - d612b743-bedc-4c3f-983e-e3329f8a2e6f@group-28ACFA97060E-FollowerState was interrupted: java.lang.InterruptedException: sleep interrupted
2019-10-16 20:42:19,121 [grpc-default-executor-2] INFO  impl.RoleInfo (RoleInfo.java:updateAndGet(143)) - d612b743-bedc-4c3f-983e-e3329f8a2e6f: start FollowerState
2019-10-16 20:42:19,122 [Thread-1658] INFO  impl.FollowerState (FollowerState.java:run(117)) - 46069bd9-45fc-4c82-823c-36f07a1bcff0@group-28ACFA97060E-FollowerState was interrupted: java.lang.InterruptedException: sleep interrupted
2019-10-16 20:42:19,122 [grpc-default-executor-0] INFO  impl.RoleInfo (RoleInfo.java:updateAndGet(143)) - 46069bd9-45fc-4c82-823c-36f07a1bcff0: start FollowerState
2019-10-16 20:42:19,138 [bc0bc980-c963-48ce-962e-85091c893131@group-28ACFA97060E-LeaderElection165] INFO  impl.LeaderElection (LeaderElection.java:logAndReturn(56)) - bc0bc980-c963-48ce-962e-85091c893131@group-28ACFA97060E-LeaderElection165: Election REJECTED; received 2 response(s) [bc0bc980-c963-48ce-962e-85091c893131<-46069bd9-45fc-4c82-823c-36f07a1bcff0#0:FAIL-t150, bc0bc980-c963-48ce-962e-85091c893131<-d612b743-bedc-4c3f-983e-e3329f8a2e6f#0:FAIL-t150] and 0 exception(s); bc0bc980-c963-48ce-962e-85091c893131@group-28ACFA97060E:t150, leader=null, voted=bc0bc980-c963-48ce-962e-85091c893131, raftlog=bc0bc980-c963-48ce-962e-85091c893131@group-28ACFA97060E-SegmentedRaftLog:OPENED:c-1,f-1,i0, conf=-1: [46069bd9-45fc-4c82-823c-36f07a1bcff0:192.168.157.254:34001, bc0bc980-c963-48ce-962e-85091c893131:192.168.157.254:46787, d612b743-bedc-4c3f-983e-e3329f8a2e6f:192.168.157.254:44523], old=null
2019-10-16 20:42:19,138 [bc0bc980-c963-48ce-962e-85091c893131@group-28ACFA97060E-LeaderElection165] INFO  impl.RaftServerImpl (RaftServerImpl.java:setRole(184)) - bc0bc980-c963-48ce-962e-85091c893131@group-28ACFA97060E: changes role from CANDIDATE to FOLLOWER at term 150 for DISCOVERED_A_NEW_TERM
2019-10-16 20:42:19,138 [bc0bc980-c963-48ce-962e-85091c893131@group-28ACFA97060E-LeaderElection165] INFO  impl.RoleInfo (RoleInfo.java:shutdownLeaderElection(134)) - bc0bc980-c963-48ce-962e-85091c893131: shutdown LeaderElection
2019-10-16 20:42:19,138 [bc0bc980-c963-48ce-962e-85091c893131@group-28ACFA97060E-LeaderElection165] INFO  impl.RoleInfo (RoleInfo.java:updateAndGet(143)) - bc0bc980-c963-48ce-962e-85091c893131: start FollowerState
2019-10-16 20:42:19,234 [Thread-1666] INFO  impl.FollowerState (FollowerState.java:run(108)) - bc0bc980-c963-48ce-962e-85091c893131@group-28ACFA97060E-FollowerState: change to CANDIDATE, lastRpcTime:96ms, electionTimeout:96ms
2019-10-16 20:42:19,235 [Thread-1666] INFO  impl.RoleInfo (RoleInfo.java:shutdownFollowerState(121)) - bc0bc980-c963-48ce-962e-85091c893131: shutdown FollowerState
2019-10-16 20:42:19,235 [Thread-1666] INFO  impl.RaftServerImpl (RaftServerImpl.java:setRole(184)) - bc0bc980-c963-48ce-962e-85091c893131@group-28ACFA97060E: changes role from  FOLLOWER to CANDIDATE at term 150 for changeToCandidate
2019-10-16 20:42:19,235 [Thread-1666] INFO  impl.RoleInfo (RoleInfo.java:updateAndGet(143)) - bc0bc980-c963-48ce-962e-85091c893131: start LeaderElection
2019-10-16 20:42:19,255 [bc0bc980-c963-48ce-962e-85091c893131@group-28ACFA97060E-LeaderElection166] INFO  impl.LeaderElection (LeaderElection.java:askForVotes(178)) - bc0bc980-c963-48ce-962e-85091c893131@group-28ACFA97060E-LeaderElection166: begin an election at term 151 for -1: [46069bd9-45fc-4c82-823c-36f07a1bcff0:192.168.157.254:34001, bc0bc980-c963-48ce-962e-85091c893131:192.168.157.254:46787, d612b743-bedc-4c3f-983e-e3329f8a2e6f:192.168.157.254:44523], old=null
2019-10-16 20:42:19,257 [grpc-default-executor-0] INFO  impl.RaftServerImpl (RaftServerImpl.java:setRole(184)) - d612b743-bedc-4c3f-983e-e3329f8a2e6f@group-28ACFA97060E: changes role from  FOLLOWER to FOLLOWER at term 151 for recognizeCandidate:bc0bc980-c963-48ce-962e-85091c893131
2019-10-16 20:42:19,257 [grpc-default-executor-0] INFO  impl.RoleInfo (RoleInfo.java:shutdownFollowerState(121)) - d612b743-bedc-4c3f-983e-e3329f8a2e6f: shutdown FollowerState
2019-10-16 20:42:19,257 [grpc-default-executor-2] INFO  impl.RaftServerImpl (RaftServerImpl.java:setRole(184)) - 46069bd9-45fc-4c82-823c-36f07a1bcff0@group-28ACFA97060E: changes role from  FOLLOWER to FOLLOWER at term 151 for recognizeCandidate:bc0bc980-c963-48ce-962e-85091c893131
2019-10-16 20:42:19,257 [Thread-1664] INFO  impl.FollowerState (FollowerState.java:run(117)) - d612b743-bedc-4c3f-983e-e3329f8a2e6f@group-28ACFA97060E-FollowerState was interrupted: java.lang.InterruptedException: sleep interrupted
2019-10-16 20:42:19,257 [grpc-default-executor-0] INFO  impl.RoleInfo (RoleInfo.java:updateAndGet(143)) - d612b743-bedc-4c3f-983e-e3329f8a2e6f: start FollowerState
2019-10-16 20:42:19,257 [grpc-default-executor-2] INFO  impl.RoleInfo (RoleInfo.java:shutdownFollowerState(121)) - 46069bd9-45fc-4c82-823c-36f07a1bcff0: shutdown FollowerState
2019-10-16 20:42:19,258 [grpc-default-executor-2] INFO  impl.RoleInfo (RoleInfo.java:updateAndGet(143)) - 46069bd9-45fc-4c82-823c-36f07a1bcff0: start FollowerState
2019-10-16 20:42:19,258 [Thread-1665] INFO  impl.FollowerState (FollowerState.java:run(117)) - 46069bd9-45fc-4c82-823c-36f07a1bcff0@group-28ACFA97060E-FollowerState was interrupted: java.lang.InterruptedException: sleep interrupted
2019-10-16 20:42:19,283 [bc0bc980-c963-48ce-962e-85091c893131@group-28ACFA97060E-LeaderElection166] INFO  impl.LeaderElection (LeaderElection.java:logAndReturn(56)) - bc0bc980-c963-48ce-962e-85091c893131@group-28ACFA97060E-LeaderElection166: Election REJECTED; received 2 response(s) [bc0bc980-c963-48ce-962e-85091c893131<-46069bd9-45fc-4c82-823c-36f07a1bcff0#0:FAIL-t151, bc0bc980-c963-48ce-962e-85091c893131<-d612b743-bedc-4c3f-983e-e3329f8a2e6f#0:FAIL-t151] and 0 exception(s); bc0bc980-c963-48ce-962e-85091c893131@group-28ACFA97060E:t151, leader=null, voted=bc0bc980-c963-48ce-962e-85091c893131, raftlog=bc0bc980-c963-48ce-962e-85091c893131@group-28ACFA97060E-SegmentedRaftLog:OPENED:c-1,f-1,i0, conf=-1: [46069bd9-45fc-4c82-823c-36f07a1bcff0:192.168.157.254:34001, bc0bc980-c963-48ce-962e-85091c893131:192.168.157.254:46787, d612b743-bedc-4c3f-983e-e3329f8a2e6f:192.168.157.254:44523], old=null
2019-10-16 20:42:19,283 [bc0bc980-c963-48ce-962e-85091c893131@group-28ACFA97060E-LeaderElection166] INFO  impl.RaftServerImpl (RaftServerImpl.java:setRole(184)) - bc0bc980-c963-48ce-962e-85091c893131@group-28ACFA97060E: changes role from CANDIDATE to FOLLOWER at term 151 for DISCOVERED_A_NEW_TERM
2019-10-16 20:42:19,283 [bc0bc980-c963-48ce-962e-85091c893131@group-28ACFA97060E-LeaderElection166] INFO  impl.RoleInfo (RoleInfo.java:shutdownLeaderElection(134)) - bc0bc980-c963-48ce-962e-85091c893131: shutdown LeaderElection
2019-10-16 20:42:19,283 [bc0bc980-c963-48ce-962e-85091c893131@group-28ACFA97060E-LeaderElection166] INFO  impl.RoleInfo (RoleInfo.java:updateAndGet(143)) - bc0bc980-c963-48ce-962e-85091c893131: start FollowerState
2019-10-16 20:42:19,364 [Thread-1672] INFO  impl.FollowerState (FollowerState.java:run(108)) - bc0bc980-c963-48ce-962e-85091c893131@group-28ACFA97060E-FollowerState: change to CANDIDATE, lastRpcTime:80ms, electionTimeout:80ms
2019-10-16 20:42:19,364 [Thread-1672] INFO  impl.RoleInfo (RoleInfo.java:shutdownFollowerState(121)) - bc0bc980-c963-48ce-962e-85091c893131: shutdown FollowerState
2019-10-16 20:42:19,364 [Thread-1672] INFO  impl.RaftServerImpl (RaftServerImpl.java:setRole(184)) - bc0bc980-c963-48ce-962e-85091c893131@group-28ACFA97060E: changes role from  FOLLOWER to CANDIDATE at term 151 for changeToCandidate
2019-10-16 20:42:19,364 [Thread-1672] INFO  impl.RoleInfo (RoleInfo.java:updateAndGet(143)) - bc0bc980-c963-48ce-962e-85091c893131: start LeaderElection
2019-10-16 20:42:19,379 [bc0bc980-c963-48ce-962e-85091c893131@group-28ACFA97060E-LeaderElection167] INFO  impl.LeaderElection (LeaderElection.java:askForVotes(178)) - bc0bc980-c963-48ce-962e-85091c893131@group-28ACFA97060E-LeaderElection167: begin an election at term 152 for -1: [46069bd9-45fc-4c82-823c-36f07a1bcff0:192.168.157.254:34001, bc0bc980-c963-48ce-962e-85091c893131:192.168.157.254:46787, d612b743-bedc-4c3f-983e-e3329f8a2e6f:192.168.157.254:44523], old=null
2019-10-16 20:42:19,381 [grpc-default-executor-2] INFO  impl.RaftServerImpl (RaftServerImpl.java:setRole(184)) - 46069bd9-45fc-4c82-823c-36f07a1bcff0@group-28ACFA97060E: changes role from  FOLLOWER to FOLLOWER at term 152 for recognizeCandidate:bc0bc980-c963-48ce-962e-85091c893131
2019-10-16 20:42:19,381 [grpc-default-executor-0] INFO  impl.RaftServerImpl (RaftServerImpl.java:setRole(184)) - d612b743-bedc-4c3f-983e-e3329f8a2e6f@group-28ACFA97060E: changes role from  FOLLOWER to FOLLOWER at term 152 for recognizeCandidate:bc0bc980-c963-48ce-962e-85091c893131
2019-10-16 20:42:19,381 [grpc-default-executor-0] INFO  impl.RoleInfo (RoleInfo.java:shutdownFollowerState(121)) - d612b743-bedc-4c3f-983e-e3329f8a2e6f: shutdown FollowerState
2019-10-16 20:42:19,381 [grpc-default-executor-2] INFO  impl.RoleInfo (RoleInfo.java:shutdownFollowerState(121)) - 46069bd9-45fc-4c82-823c-36f07a1bcff0: shutdown FollowerState
2019-10-16 20:42:19,382 [Thread-1670] INFO  impl.FollowerState (FollowerState.java:run(117)) - d612b743-bedc-4c3f-983e-e3329f8a2e6f@group-28ACFA97060E-FollowerState was interrupted: java.lang.InterruptedException: sleep interrupted
2019-10-16 20:42:19,381 [grpc-default-executor-0] INFO  impl.RoleInfo (RoleInfo.java:updateAndGet(143)) - d612b743-bedc-4c3f-983e-e3329f8a2e6f: start FollowerState
2019-10-16 20:42:19,382 [Thread-1671] INFO  impl.FollowerState (FollowerState.java:run(117)) - 46069bd9-45fc-4c82-823c-36f07a1bcff0@group-28ACFA97060E-FollowerState was interrupted: java.lang.InterruptedException: sleep interrupted
2019-10-16 20:42:19,382 [grpc-default-executor-2] INFO  impl.RoleInfo (RoleInfo.java:updateAndGet(143)) - 46069bd9-45fc-4c82-823c-36f07a1bcff0: start FollowerState
2019-10-16 20:42:19,404 [bc0bc980-c963-48ce-962e-85091c893131@group-28ACFA97060E-LeaderElection167] INFO  impl.LeaderElection (LeaderElection.java:logAndReturn(56)) - bc0bc980-c963-48ce-962e-85091c893131@group-28ACFA97060E-LeaderElection167: Election REJECTED; received 2 response(s) [bc0bc980-c963-48ce-962e-85091c893131<-46069bd9-45fc-4c82-823c-36f07a1bcff0#0:FAIL-t152, bc0bc980-c963-48ce-962e-85091c893131<-d612b743-bedc-4c3f-983e-e3329f8a2e6f#0:FAIL-t152] and 0 exception(s); bc0bc980-c963-48ce-962e-85091c893131@group-28ACFA97060E:t152, leader=null, voted=bc0bc980-c963-48ce-962e-85091c893131, raftlog=bc0bc980-c963-48ce-962e-85091c893131@group-28ACFA97060E-SegmentedRaftLog:OPENED:c-1,f-1,i0, conf=-1: [46069bd9-45fc-4c82-823c-36f07a1bcff0:192.168.157.254:34001, bc0bc980-c963-48ce-962e-85091c893131:192.168.157.254:46787, d612b743-bedc-4c3f-983e-e3329f8a2e6f:192.168.157.254:44523], old=null
2019-10-16 20:42:19,404 [bc0bc980-c963-48ce-962e-85091c893131@group-28ACFA97060E-LeaderElection167] INFO  impl.RaftServerImpl (RaftServerImpl.java:setRole(184)) - bc0bc980-c963-48ce-962e-85091c893131@group-28ACFA97060E: changes role from CANDIDATE to FOLLOWER at term 152 for DISCOVERED_A_NEW_TERM
2019-10-16 20:42:19,405 [bc0bc980-c963-48ce-962e-85091c893131@group-28ACFA97060E-LeaderElection167] INFO  impl.RoleInfo (RoleInfo.java:shutdownLeaderElection(134)) - bc0bc980-c963-48ce-962e-85091c893131: shutdown LeaderElection
2019-10-16 20:42:19,405 [bc0bc980-c963-48ce-962e-85091c893131@group-28ACFA97060E-LeaderElection167] INFO  impl.RoleInfo (RoleInfo.java:updateAndGet(143)) - bc0bc980-c963-48ce-962e-85091c893131: start FollowerState
2019-10-16 20:42:19,484 [Thread-1678] INFO  impl.FollowerState (FollowerState.java:run(108)) - bc0bc980-c963-48ce-962e-85091c893131@group-28ACFA97060E-FollowerState: change to CANDIDATE, lastRpcTime:79ms, electionTimeout:79ms
2019-10-16 20:42:19,484 [Thread-1678] INFO  impl.RoleInfo (RoleInfo.java:shutdownFollowerState(121)) - bc0bc980-c963-48ce-962e-85091c893131: shutdown FollowerState
2019-10-16 20:42:19,484 [Thread-1678] INFO  impl.RaftServerImpl (RaftServerImpl.java:setRole(184)) - bc0bc980-c963-48ce-962e-85091c893131@group-28ACFA97060E: changes role from  FOLLOWER to CANDIDATE at term 152 for changeToCandidate
2019-10-16 20:42:19,484 [Thread-1678] INFO  impl.RoleInfo (RoleInfo.java:updateAndGet(143)) - bc0bc980-c963-48ce-962e-85091c893131: start LeaderElection
2019-10-16 20:42:19,498 [bc0bc980-c963-48ce-962e-85091c893131@group-28ACFA97060E-LeaderElection168] INFO  impl.LeaderElection (LeaderElection.java:askForVotes(178)) - bc0bc980-c963-48ce-962e-85091c893131@group-28ACFA97060E-LeaderElection168: begin an election at term 153 for -1: [46069bd9-45fc-4c82-823c-36f07a1bcff0:192.168.157.254:34001, bc0bc980-c963-48ce-962e-85091c893131:192.168.157.254:46787, d612b743-bedc-4c3f-983e-e3329f8a2e6f:192.168.157.254:44523], old=null
2019-10-16 20:42:19,500 [grpc-default-executor-2] INFO  impl.RaftServerImpl (RaftServerImpl.java:setRole(184)) - 46069bd9-45fc-4c82-823c-36f07a1bcff0@group-28ACFA97060E: changes role from  FOLLOWER to FOLLOWER at term 153 for recognizeCandidate:bc0bc980-c963-48ce-962e-85091c893131
2019-10-16 20:42:19,500 [grpc-default-executor-2] INFO  impl.RoleInfo (RoleInfo.java:shutdownFollowerState(121)) - 46069bd9-45fc-4c82-823c-36f07a1bcff0: shutdown FollowerState
2019-10-16 20:42:19,500 [grpc-default-executor-0] INFO  impl.RaftServerImpl (RaftServerImpl.java:setRole(184)) - d612b743-bedc-4c3f-983e-e3329f8a2e6f@group-28ACFA97060E: changes role from  FOLLOWER to FOLLOWER at term 153 for recognizeCandidate:bc0bc980-c963-48ce-962e-85091c893131
2019-10-16 20:42:19,500 [grpc-default-executor-2] INFO  impl.RoleInfo (RoleInfo.java:updateAndGet(143)) - 46069bd9-45fc-4c82-823c-36f07a1bcff0: start FollowerState
2019-10-16 20:42:19,500 [Thread-1677] INFO  impl.FollowerState (FollowerState.java:run(117)) - 46069bd9-45fc-4c82-823c-36f07a1bcff0@group-28ACFA97060E-FollowerState was interrupted: java.lang.InterruptedException: sleep interrupted
2019-10-16 20:42:19,500 [grpc-default-executor-0] INFO  impl.RoleInfo (RoleInfo.java:shutdownFollowerState(121)) - d612b743-bedc-4c3f-983e-e3329f8a2e6f: shutdown FollowerState
2019-10-16 20:42:19,501 [grpc-default-executor-0] INFO  impl.RoleInfo (RoleInfo.java:updateAndGet(143)) - d612b743-bedc-4c3f-983e-e3329f8a2e6f: start FollowerState
2019-10-16 20:42:19,501 [Thread-1676] INFO  impl.FollowerState (FollowerState.java:run(117)) - d612b743-bedc-4c3f-983e-e3329f8a2e6f@group-28ACFA97060E-FollowerState was interrupted: java.lang.InterruptedException: sleep interrupted
2019-10-16 20:42:19,515 [bc0bc980-c963-48ce-962e-85091c893131@group-28ACFA97060E-LeaderElection168] INFO  impl.LeaderElection (LeaderElection.java:logAndReturn(56)) - bc0bc980-c963-48ce-962e-85091c893131@group-28ACFA97060E-LeaderElection168: Election REJECTED; received 2 response(s) [bc0bc980-c963-48ce-962e-85091c893131<-46069bd9-45fc-4c82-823c-36f07a1bcff0#0:FAIL-t153, bc0bc980-c963-48ce-962e-85091c893131<-d612b743-bedc-4c3f-983e-e3329f8a2e6f#0:FAIL-t153] and 0 exception(s); bc0bc980-c963-48ce-962e-85091c893131@group-28ACFA97060E:t153, leader=null, voted=bc0bc980-c963-48ce-962e-85091c893131, raftlog=bc0bc980-c963-48ce-962e-85091c893131@group-28ACFA97060E-SegmentedRaftLog:OPENED:c-1,f-1,i0, conf=-1: [46069bd9-45fc-4c82-823c-36f07a1bcff0:192.168.157.254:34001, bc0bc980-c963-48ce-962e-85091c893131:192.168.157.254:46787, d612b743-bedc-4c3f-983e-e3329f8a2e6f:192.168.157.254:44523], old=null
2019-10-16 20:42:19,515 [bc0bc980-c963-48ce-962e-85091c893131@group-28ACFA97060E-LeaderElection168] INFO  impl.RaftServerImpl (RaftServerImpl.java:setRole(184)) - bc0bc980-c963-48ce-962e-85091c893131@group-28ACFA97060E: changes role from CANDIDATE to FOLLOWER at term 153 for DISCOVERED_A_NEW_TERM
2019-10-16 20:42:19,515 [bc0bc980-c963-48ce-962e-85091c893131@group-28ACFA97060E-LeaderElection168] INFO  impl.RoleInfo (RoleInfo.java:shutdownLeaderElection(134)) - bc0bc980-c963-48ce-962e-85091c893131: shutdown LeaderElection
2019-10-16 20:42:19,515 [bc0bc980-c963-48ce-962e-85091c893131@group-28ACFA97060E-LeaderElection168] INFO  impl.RoleInfo (RoleInfo.java:updateAndGet(143)) - bc0bc980-c963-48ce-962e-85091c893131: start FollowerState
2019-10-16 20:42:19,654 [Thread-1684] INFO  impl.FollowerState (FollowerState.java:run(108)) - bc0bc980-c963-48ce-962e-85091c893131@group-28ACFA97060E-FollowerState: change to CANDIDATE, lastRpcTime:139ms, electionTimeout:139ms
2019-10-16 20:42:19,655 [Thread-1684] INFO  impl.RoleInfo (RoleInfo.java:shutdownFollowerState(121)) - bc0bc980-c963-48ce-962e-85091c893131: shutdown FollowerState
2019-10-16 20:42:19,655 [Thread-1684] INFO  impl.RaftServerImpl (RaftServerImpl.java:setRole(184)) - bc0bc980-c963-48ce-962e-85091c893131@group-28ACFA97060E: changes role from  FOLLOWER to CANDIDATE at term 153 for changeToCandidate
2019-10-16 20:42:19,655 [Thread-1684] INFO  impl.RoleInfo (RoleInfo.java:updateAndGet(143)) - bc0bc980-c963-48ce-962e-85091c893131: start LeaderElection
2019-10-16 20:42:19,666 [bc0bc980-c963-48ce-962e-85091c893131@group-28ACFA97060E-LeaderElection169] INFO  impl.LeaderElection (LeaderElection.java:askForVotes(178)) - bc0bc980-c963-48ce-962e-85091c893131@group-28ACFA97060E-LeaderElection169: begin an election at term 154 for -1: [46069bd9-45fc-4c82-823c-36f07a1bcff0:192.168.157.254:34001, bc0bc980-c963-48ce-962e-85091c893131:192.168.157.254:46787, d612b743-bedc-4c3f-983e-e3329f8a2e6f:192.168.157.254:44523], old=null
2019-10-16 20:42:19,676 [grpc-default-executor-2] INFO  impl.RaftServerImpl (RaftServerImpl.java:setRole(184)) - 46069bd9-45fc-4c82-823c-36f07a1bcff0@group-28ACFA97060E: changes role from  FOLLOWER to FOLLOWER at term 154 for recognizeCandidate:bc0bc980-c963-48ce-962e-85091c893131
2019-10-16 20:42:19,676 [grpc-default-executor-0] INFO  impl.RaftServerImpl (RaftServerImpl.java:setRole(184)) - d612b743-bedc-4c3f-983e-e3329f8a2e6f@group-28ACFA97060E: changes role from  FOLLOWER to FOLLOWER at term 154 for recognizeCandidate:bc0bc980-c963-48ce-962e-85091c893131
2019-10-16 20:42:19,677 [grpc-default-executor-2] INFO  impl.RoleInfo (RoleInfo.java:shutdownFollowerState(121)) - 46069bd9-45fc-4c82-823c-36f07a1bcff0: shutdown FollowerState
2019-10-16 20:42:19,677 [grpc-default-executor-0] INFO  impl.RoleInfo (RoleInfo.java:shutdownFollowerState(121)) - d612b743-bedc-4c3f-983e-e3329f8a2e6f: shutdown FollowerState
2019-10-16 20:42:19,677 [grpc-default-executor-0] INFO  impl.RoleInfo (RoleInfo.java:updateAndGet(143)) - d612b743-bedc-4c3f-983e-e3329f8a2e6f: start FollowerState
2019-10-16 20:42:19,677 [grpc-default-executor-2] INFO  impl.RoleInfo (RoleInfo.java:updateAndGet(143)) - 46069bd9-45fc-4c82-823c-36f07a1bcff0: start FollowerState
2019-10-16 20:42:19,677 [Thread-1683] INFO  impl.FollowerState (FollowerState.java:run(117)) - d612b743-bedc-4c3f-983e-e3329f8a2e6f@group-28ACFA97060E-FollowerState was interrupted: java.lang.InterruptedException: sleep interrupted
2019-10-16 20:42:19,677 [Thread-1682] INFO  impl.FollowerState (FollowerState.java:run(117)) - 46069bd9-45fc-4c82-823c-36f07a1bcff0@group-28ACFA97060E-FollowerState was interrupted: java.lang.InterruptedException: sleep interrupted
2019-10-16 20:42:19,694 [bc0bc980-c963-48ce-962e-85091c893131@group-28ACFA97060E-LeaderElection169] INFO  impl.LeaderElection (LeaderElection.java:logAndReturn(56)) - bc0bc980-c963-48ce-962e-85091c893131@group-28ACFA97060E-LeaderElection169: Election REJECTED; received 2 response(s) [bc0bc980-c963-48ce-962e-85091c893131<-46069bd9-45fc-4c82-823c-36f07a1bcff0#0:FAIL-t154, bc0bc980-c963-48ce-962e-85091c893131<-d612b743-bedc-4c3f-983e-e3329f8a2e6f#0:FAIL-t154] and 0 exception(s); bc0bc980-c963-48ce-962e-85091c893131@group-28ACFA97060E:t154, leader=null, voted=bc0bc980-c963-48ce-962e-85091c893131, raftlog=bc0bc980-c963-48ce-962e-85091c893131@group-28ACFA97060E-SegmentedRaftLog:OPENED:c-1,f-1,i0, conf=-1: [46069bd9-45fc-4c82-823c-36f07a1bcff0:192.168.157.254:34001, bc0bc980-c963-48ce-962e-85091c893131:192.168.157.254:46787, d612b743-bedc-4c3f-983e-e3329f8a2e6f:192.168.157.254:44523], old=null
2019-10-16 20:42:19,695 [bc0bc980-c963-48ce-962e-85091c893131@group-28ACFA97060E-LeaderElection169] INFO  impl.RaftServerImpl (RaftServerImpl.java:setRole(184)) - bc0bc980-c963-48ce-962e-85091c893131@group-28ACFA97060E: changes role from CANDIDATE to FOLLOWER at term 154 for DISCOVERED_A_NEW_TERM
2019-10-16 20:42:19,695 [bc0bc980-c963-48ce-962e-85091c893131@group-28ACFA97060E-LeaderElection169] INFO  impl.RoleInfo (RoleInfo.java:shutdownLeaderElection(134)) - bc0bc980-c963-48ce-962e-85091c893131: shutdown LeaderElection
2019-10-16 20:42:19,695 [bc0bc980-c963-48ce-962e-85091c893131@group-28ACFA97060E-LeaderElection169] INFO  impl.RoleInfo (RoleInfo.java:updateAndGet(143)) - bc0bc980-c963-48ce-962e-85091c893131: start FollowerState
2019-10-16 20:42:19,894 [Thread-1690] INFO  impl.FollowerState (FollowerState.java:run(108)) - bc0bc980-c963-48ce-962e-85091c893131@group-28ACFA97060E-FollowerState: change to CANDIDATE, lastRpcTime:199ms, electionTimeout:199ms
2019-10-16 20:42:19,895 [Thread-1690] INFO  impl.RoleInfo (RoleInfo.java:shutdownFollowerState(121)) - bc0bc980-c963-48ce-962e-85091c893131: shutdown FollowerState
2019-10-16 20:42:19,895 [Thread-1690] INFO  impl.RaftServerImpl (RaftServerImpl.java:setRole(184)) - bc0bc980-c963-48ce-962e-85091c893131@group-28ACFA97060E: changes role from  FOLLOWER to CANDIDATE at term 154 for changeToCandidate
2019-10-16 20:42:19,895 [Thread-1690] INFO  impl.RoleInfo (RoleInfo.java:updateAndGet(143)) - bc0bc980-c963-48ce-962e-85091c893131: start LeaderElection
2019-10-16 20:42:19,965 [bc0bc980-c963-48ce-962e-85091c893131@group-28ACFA97060E-LeaderElection170] INFO  impl.LeaderElection (LeaderElection.java:askForVotes(178)) - bc0bc980-c963-48ce-962e-85091c893131@group-28ACFA97060E-LeaderElection170: begin an election at term 155 for -1: [46069bd9-45fc-4c82-823c-36f07a1bcff0:192.168.157.254:34001, bc0bc980-c963-48ce-962e-85091c893131:192.168.157.254:46787, d612b743-bedc-4c3f-983e-e3329f8a2e6f:192.168.157.254:44523], old=null
2019-10-16 20:42:19,968 [grpc-default-executor-0] INFO  impl.RaftServerImpl (RaftServerImpl.java:setRole(184)) - 46069bd9-45fc-4c82-823c-36f07a1bcff0@group-28ACFA97060E: changes role from  FOLLOWER to FOLLOWER at term 155 for recognizeCandidate:bc0bc980-c963-48ce-962e-85091c893131
2019-10-16 20:42:19,968 [grpc-default-executor-2] INFO  impl.RaftServerImpl (RaftServerImpl.java:setRole(184)) - d612b743-bedc-4c3f-983e-e3329f8a2e6f@group-28ACFA97060E: changes role from  FOLLOWER to FOLLOWER at term 155 for recognizeCandidate:bc0bc980-c963-48ce-962e-85091c893131
2019-10-16 20:42:19,969 [grpc-default-executor-0] INFO  impl.RoleInfo (RoleInfo.java:shutdownFollowerState(121)) - 46069bd9-45fc-4c82-823c-36f07a1bcff0: shutdown FollowerState
2019-10-16 20:42:19,969 [grpc-default-executor-2] INFO  impl.RoleInfo (RoleInfo.java:shutdownFollowerState(121)) - d612b743-bedc-4c3f-983e-e3329f8a2e6f: shutdown FollowerState
2019-10-16 20:42:19,969 [grpc-default-executor-0] INFO  impl.RoleInfo (RoleInfo.java:updateAndGet(143)) - 46069bd9-45fc-4c82-823c-36f07a1bcff0: start FollowerState
2019-10-16 20:42:19,969 [Thread-1689] INFO  impl.FollowerState (FollowerState.java:run(117)) - d612b743-bedc-4c3f-983e-e3329f8a2e6f@group-28ACFA97060E-FollowerState was interrupted: java.lang.InterruptedException: sleep interrupted
2019-10-16 20:42:19,969 [grpc-default-executor-2] INFO  impl.RoleInfo (RoleInfo.java:updateAndGet(143)) - d612b743-bedc-4c3f-983e-e3329f8a2e6f: start FollowerState
2019-10-16 20:42:19,969 [Thread-1688] INFO  impl.FollowerState (FollowerState.java:run(117)) - 46069bd9-45fc-4c82-823c-36f07a1bcff0@group-28ACFA97060E-FollowerState was interrupted: java.lang.InterruptedException: sleep interrupted
2019-10-16 20:42:19,983 [bc0bc980-c963-48ce-962e-85091c893131@group-28ACFA97060E-LeaderElection170] INFO  impl.LeaderElection (LeaderElection.java:logAndReturn(56)) - bc0bc980-c963-48ce-962e-85091c893131@group-28ACFA97060E-LeaderElection170: Election REJECTED; received 2 response(s) [bc0bc980-c963-48ce-962e-85091c893131<-46069bd9-45fc-4c82-823c-36f07a1bcff0#0:FAIL-t155, bc0bc980-c963-48ce-962e-85091c893131<-d612b743-bedc-4c3f-983e-e3329f8a2e6f#0:FAIL-t155] and 0 exception(s); bc0bc980-c963-48ce-962e-85091c893131@group-28ACFA97060E:t155, leader=null, voted=bc0bc980-c963-48ce-962e-85091c893131, raftlog=bc0bc980-c963-48ce-962e-85091c893131@group-28ACFA97060E-SegmentedRaftLog:OPENED:c-1,f-1,i0, conf=-1: [46069bd9-45fc-4c82-823c-36f07a1bcff0:192.168.157.254:34001, bc0bc980-c963-48ce-962e-85091c893131:192.168.157.254:46787, d612b743-bedc-4c3f-983e-e3329f8a2e6f:192.168.157.254:44523], old=null
2019-10-16 20:42:19,983 [bc0bc980-c963-48ce-962e-85091c893131@group-28ACFA97060E-LeaderElection170] INFO  impl.RaftServerImpl (RaftServerImpl.java:setRole(184)) - bc0bc980-c963-48ce-962e-85091c893131@group-28ACFA97060E: changes role from CANDIDATE to FOLLOWER at term 155 for DISCOVERED_A_NEW_TERM
2019-10-16 20:42:19,983 [bc0bc980-c963-48ce-962e-85091c893131@group-28ACFA97060E-LeaderElection170] INFO  impl.RoleInfo (RoleInfo.java:shutdownLeaderElection(134)) - bc0bc980-c963-48ce-962e-85091c893131: shutdown LeaderElection
2019-10-16 20:42:19,984 [bc0bc980-c963-48ce-962e-85091c893131@group-28ACFA97060E-LeaderElection170] INFO  impl.RoleInfo (RoleInfo.java:updateAndGet(143)) - bc0bc980-c963-48ce-962e-85091c893131: start FollowerState
2019-10-16 20:42:20,110 [Thread-1696] INFO  impl.FollowerState (FollowerState.java:run(108)) - bc0bc980-c963-48ce-962e-85091c893131@group-28ACFA97060E-FollowerState: change to CANDIDATE, lastRpcTime:126ms, electionTimeout:126ms
2019-10-16 20:42:20,110 [Thread-1696] INFO  impl.RoleInfo (RoleInfo.java:shutdownFollowerState(121)) - bc0bc980-c963-48ce-962e-85091c893131: shutdown FollowerState
2019-10-16 20:42:20,110 [Thread-1696] INFO  impl.RaftServerImpl (RaftServerImpl.java:setRole(184)) - bc0bc980-c963-48ce-962e-85091c893131@group-28ACFA97060E: changes role from  FOLLOWER to CANDIDATE at term 155 for changeToCandidate
2019-10-16 20:42:20,110 [Thread-1696] INFO  impl.RoleInfo (RoleInfo.java:updateAndGet(143)) - bc0bc980-c963-48ce-962e-85091c893131: start LeaderElection
2019-10-16 20:42:20,125 [bc0bc980-c963-48ce-962e-85091c893131@group-28ACFA97060E-LeaderElection171] INFO  impl.LeaderElection (LeaderElection.java:askForVotes(178)) - bc0bc980-c963-48ce-962e-85091c893131@group-28ACFA97060E-LeaderElection171: begin an election at term 156 for -1: [46069bd9-45fc-4c82-823c-36f07a1bcff0:192.168.157.254:34001, bc0bc980-c963-48ce-962e-85091c893131:192.168.157.254:46787, d612b743-bedc-4c3f-983e-e3329f8a2e6f:192.168.157.254:44523], old=null
2019-10-16 20:42:20,127 [grpc-default-executor-2] INFO  impl.RaftServerImpl (RaftServerImpl.java:setRole(184)) - 46069bd9-45fc-4c82-823c-36f07a1bcff0@group-28ACFA97060E: changes role from  FOLLOWER to FOLLOWER at term 156 for recognizeCandidate:bc0bc980-c963-48ce-962e-85091c893131
2019-10-16 20:42:20,127 [grpc-default-executor-2] INFO  impl.RoleInfo (RoleInfo.java:shutdownFollowerState(121)) - 46069bd9-45fc-4c82-823c-36f07a1bcff0: shutdown FollowerState
2019-10-16 20:42:20,127 [grpc-default-executor-0] INFO  impl.RaftServerImpl (RaftServerImpl.java:setRole(184)) - d612b743-bedc-4c3f-983e-e3329f8a2e6f@group-28ACFA97060E: changes role from  FOLLOWER to FOLLOWER at term 156 for recognizeCandidate:bc0bc980-c963-48ce-962e-85091c893131
2019-10-16 20:42:20,127 [grpc-default-executor-2] INFO  impl.RoleInfo (RoleInfo.java:updateAndGet(143)) - 46069bd9-45fc-4c82-823c-36f07a1bcff0: start FollowerState
2019-10-16 20:42:20,127 [Thread-1694] INFO  impl.FollowerState (FollowerState.java:run(117)) - 46069bd9-45fc-4c82-823c-36f07a1bcff0@group-28ACFA97060E-FollowerState was interrupted: java.lang.InterruptedException: sleep interrupted
2019-10-16 20:42:20,127 [grpc-default-executor-0] INFO  impl.RoleInfo (RoleInfo.java:shutdownFollowerState(121)) - d612b743-bedc-4c3f-983e-e3329f8a2e6f: shutdown FollowerState
2019-10-16 20:42:20,128 [grpc-default-executor-0] INFO  impl.RoleInfo (RoleInfo.java:updateAndGet(143)) - d612b743-bedc-4c3f-983e-e3329f8a2e6f: start FollowerState
2019-10-16 20:42:20,128 [Thread-1695] INFO  impl.FollowerState (FollowerState.java:run(117)) - d612b743-bedc-4c3f-983e-e3329f8a2e6f@group-28ACFA97060E-FollowerState was interrupted: java.lang.InterruptedException: sleep interrupted
2019-10-16 20:42:20,173 [bc0bc980-c963-48ce-962e-85091c893131@group-28ACFA97060E-LeaderElection171] INFO  impl.LeaderElection (LeaderElection.java:logAndReturn(56)) - bc0bc980-c963-48ce-962e-85091c893131@group-28ACFA97060E-LeaderElection171: Election REJECTED; received 2 response(s) [bc0bc980-c963-48ce-962e-85091c893131<-46069bd9-45fc-4c82-823c-36f07a1bcff0#0:FAIL-t156, bc0bc980-c963-48ce-962e-85091c893131<-d612b743-bedc-4c3f-983e-e3329f8a2e6f#0:FAIL-t156] and 0 exception(s); bc0bc980-c963-48ce-962e-85091c893131@group-28ACFA97060E:t156, leader=null, voted=bc0bc980-c963-48ce-962e-85091c893131, raftlog=bc0bc980-c963-48ce-962e-85091c893131@group-28ACFA97060E-SegmentedRaftLog:OPENED:c-1,f-1,i0, conf=-1: [46069bd9-45fc-4c82-823c-36f07a1bcff0:192.168.157.254:34001, bc0bc980-c963-48ce-962e-85091c893131:192.168.157.254:46787, d612b743-bedc-4c3f-983e-e3329f8a2e6f:192.168.157.254:44523], old=null
2019-10-16 20:42:20,173 [bc0bc980-c963-48ce-962e-85091c893131@group-28ACFA97060E-LeaderElection171] INFO  impl.RaftServerImpl (RaftServerImpl.java:setRole(184)) - bc0bc980-c963-48ce-962e-85091c893131@group-28ACFA97060E: changes role from CANDIDATE to FOLLOWER at term 156 for DISCOVERED_A_NEW_TERM
2019-10-16 20:42:20,173 [bc0bc980-c963-48ce-962e-85091c893131@group-28ACFA97060E-LeaderElection171] INFO  impl.RoleInfo (RoleInfo.java:shutdownLeaderElection(134)) - bc0bc980-c963-48ce-962e-85091c893131: shutdown LeaderElection
2019-10-16 20:42:20,173 [bc0bc980-c963-48ce-962e-85091c893131@group-28ACFA97060E-LeaderElection171] INFO  impl.RoleInfo (RoleInfo.java:updateAndGet(143)) - bc0bc980-c963-48ce-962e-85091c893131: start FollowerState
2019-10-16 20:42:20,342 [Thread-1702] INFO  impl.FollowerState (FollowerState.java:run(108)) - bc0bc980-c963-48ce-962e-85091c893131@group-28ACFA97060E-FollowerState: change to CANDIDATE, lastRpcTime:168ms, electionTimeout:168ms
2019-10-16 20:42:20,342 [Thread-1702] INFO  impl.RoleInfo (RoleInfo.java:shutdownFollowerState(121)) - bc0bc980-c963-48ce-962e-85091c893131: shutdown FollowerState
2019-10-16 20:42:20,342 [Thread-1702] INFO  impl.RaftServerImpl (RaftServerImpl.java:setRole(184)) - bc0bc980-c963-48ce-962e-85091c893131@group-28ACFA97060E: changes role from  FOLLOWER to CANDIDATE at term 156 for changeToCandidate
2019-10-16 20:42:20,342 [Thread-1702] INFO  impl.RoleInfo (RoleInfo.java:updateAndGet(143)) - bc0bc980-c963-48ce-962e-85091c893131: start LeaderElection
2019-10-16 20:42:20,361 [bc0bc980-c963-48ce-962e-85091c893131@group-28ACFA97060E-LeaderElection172] INFO  impl.LeaderElection (LeaderElection.java:askForVotes(178)) - bc0bc980-c963-48ce-962e-85091c893131@group-28ACFA97060E-LeaderElection172: begin an election at term 157 for -1: [46069bd9-45fc-4c82-823c-36f07a1bcff0:192.168.157.254:34001, bc0bc980-c963-48ce-962e-85091c893131:192.168.157.254:46787, d612b743-bedc-4c3f-983e-e3329f8a2e6f:192.168.157.254:44523], old=null
2019-10-16 20:42:20,363 [grpc-default-executor-2] INFO  impl.RaftServerImpl (RaftServerImpl.java:setRole(184)) - 46069bd9-45fc-4c82-823c-36f07a1bcff0@group-28ACFA97060E: changes role from  FOLLOWER to FOLLOWER at term 157 for recognizeCandidate:bc0bc980-c963-48ce-962e-85091c893131
2019-10-16 20:42:20,363 [grpc-default-executor-2] INFO  impl.RoleInfo (RoleInfo.java:shutdownFollowerState(121)) - 46069bd9-45fc-4c82-823c-36f07a1bcff0: shutdown FollowerState
2019-10-16 20:42:20,363 [grpc-default-executor-0] INFO  impl.RaftServerImpl (RaftServerImpl.java:setRole(184)) - d612b743-bedc-4c3f-983e-e3329f8a2e6f@group-28ACFA97060E: changes role from  FOLLOWER to FOLLOWER at term 157 for recognizeCandidate:bc0bc980-c963-48ce-962e-85091c893131
2019-10-16 20:42:20,363 [Thread-1700] INFO  impl.FollowerState (FollowerState.java:run(117)) - 46069bd9-45fc-4c82-823c-36f07a1bcff0@group-28ACFA97060E-FollowerState was interrupted: java.lang.InterruptedException: sleep interrupted
2019-10-16 20:42:20,363 [grpc-default-executor-2] INFO  impl.RoleInfo (RoleInfo.java:updateAndGet(143)) - 46069bd9-45fc-4c82-823c-36f07a1bcff0: start FollowerState
2019-10-16 20:42:20,364 [grpc-default-executor-0] INFO  impl.RoleInfo (RoleInfo.java:shutdownFollowerState(121)) - d612b743-bedc-4c3f-983e-e3329f8a2e6f: shutdown FollowerState
2019-10-16 20:42:20,364 [grpc-default-executor-0] INFO  impl.RoleInfo (RoleInfo.java:updateAndGet(143)) - d612b743-bedc-4c3f-983e-e3329f8a2e6f: start FollowerState
2019-10-16 20:42:20,364 [Thread-1701] INFO  impl.FollowerState (FollowerState.java:run(117)) - d612b743-bedc-4c3f-983e-e3329f8a2e6f@group-28ACFA97060E-FollowerState was interrupted: java.lang.InterruptedException: sleep interrupted
2019-10-16 20:42:20,378 [bc0bc980-c963-48ce-962e-85091c893131@group-28ACFA97060E-LeaderElection172] INFO  impl.LeaderElection (LeaderElection.java:logAndReturn(56)) - bc0bc980-c963-48ce-962e-85091c893131@group-28ACFA97060E-LeaderElection172: Election REJECTED; received 2 response(s) [bc0bc980-c963-48ce-962e-85091c893131<-46069bd9-45fc-4c82-823c-36f07a1bcff0#0:FAIL-t157, bc0bc980-c963-48ce-962e-85091c893131<-d612b743-bedc-4c3f-983e-e3329f8a2e6f#0:FAIL-t157] and 0 exception(s); bc0bc980-c963-48ce-962e-85091c893131@group-28ACFA97060E:t157, leader=null, voted=bc0bc980-c963-48ce-962e-85091c893131, raftlog=bc0bc980-c963-48ce-962e-85091c893131@group-28ACFA97060E-SegmentedRaftLog:OPENED:c-1,f-1,i0, conf=-1: [46069bd9-45fc-4c82-823c-36f07a1bcff0:192.168.157.254:34001, bc0bc980-c963-48ce-962e-85091c893131:192.168.157.254:46787, d612b743-bedc-4c3f-983e-e3329f8a2e6f:192.168.157.254:44523], old=null
2019-10-16 20:42:20,378 [bc0bc980-c963-48ce-962e-85091c893131@group-28ACFA97060E-LeaderElection172] INFO  impl.RaftServerImpl (RaftServerImpl.java:setRole(184)) - bc0bc980-c963-48ce-962e-85091c893131@group-28ACFA97060E: changes role from CANDIDATE to FOLLOWER at term 157 for DISCOVERED_A_NEW_TERM
2019-10-16 20:42:20,378 [bc0bc980-c963-48ce-962e-85091c893131@group-28ACFA97060E-LeaderElection172] INFO  impl.RoleInfo (RoleInfo.java:shutdownLeaderElection(134)) - bc0bc980-c963-48ce-962e-85091c893131: shutdown LeaderElection
2019-10-16 20:42:20,378 [bc0bc980-c963-48ce-962e-85091c893131@group-28ACFA97060E-LeaderElection172] INFO  impl.RoleInfo (RoleInfo.java:updateAndGet(143)) - bc0bc980-c963-48ce-962e-85091c893131: start FollowerState
2019-10-16 20:42:20,557 [Thread-1708] INFO  impl.FollowerState (FollowerState.java:run(108)) - bc0bc980-c963-48ce-962e-85091c893131@group-28ACFA97060E-FollowerState: change to CANDIDATE, lastRpcTime:179ms, electionTimeout:179ms
2019-10-16 20:42:20,558 [Thread-1708] INFO  impl.RoleInfo (RoleInfo.java:shutdownFollowerState(121)) - bc0bc980-c963-48ce-962e-85091c893131: shutdown FollowerState
2019-10-16 20:42:20,558 [Thread-1708] INFO  impl.RaftServerImpl (RaftServerImpl.java:setRole(184)) - bc0bc980-c963-48ce-962e-85091c893131@group-28ACFA97060E: changes role from  FOLLOWER to CANDIDATE at term 157 for changeToCandidate
2019-10-16 20:42:20,558 [Thread-1708] INFO  impl.RoleInfo (RoleInfo.java:updateAndGet(143)) - bc0bc980-c963-48ce-962e-85091c893131: start LeaderElection
2019-10-16 20:42:20,573 [bc0bc980-c963-48ce-962e-85091c893131@group-28ACFA97060E-LeaderElection173] INFO  impl.LeaderElection (LeaderElection.java:askForVotes(178)) - bc0bc980-c963-48ce-962e-85091c893131@group-28ACFA97060E-LeaderElection173: begin an election at term 158 for -1: [46069bd9-45fc-4c82-823c-36f07a1bcff0:192.168.157.254:34001, bc0bc980-c963-48ce-962e-85091c893131:192.168.157.254:46787, d612b743-bedc-4c3f-983e-e3329f8a2e6f:192.168.157.254:44523], old=null
2019-10-16 20:42:20,575 [grpc-default-executor-0] INFO  impl.RaftServerImpl (RaftServerImpl.java:setRole(184)) - 46069bd9-45fc-4c82-823c-36f07a1bcff0@group-28ACFA97060E: changes role from  FOLLOWER to FOLLOWER at term 158 for recognizeCandidate:bc0bc980-c963-48ce-962e-85091c893131
2019-10-16 20:42:20,575 [grpc-default-executor-0] INFO  impl.RoleInfo (RoleInfo.java:shutdownFollowerState(121)) - 46069bd9-45fc-4c82-823c-36f07a1bcff0: shutdown FollowerState
2019-10-16 20:42:20,575 [grpc-default-executor-2] INFO  impl.RaftServerImpl (RaftServerImpl.java:setRole(184)) - d612b743-bedc-4c3f-983e-e3329f8a2e6f@group-28ACFA97060E: changes role from  FOLLOWER to FOLLOWER at term 158 for recognizeCandidate:bc0bc980-c963-48ce-962e-85091c893131
2019-10-16 20:42:20,575 [grpc-default-executor-2] INFO  impl.RoleInfo (RoleInfo.java:shutdownFollowerState(121)) - d612b743-bedc-4c3f-983e-e3329f8a2e6f: shutdown FollowerState
2019-10-16 20:42:20,575 [Thread-1706] INFO  impl.FollowerState (FollowerState.java:run(117)) - 46069bd9-45fc-4c82-823c-36f07a1bcff0@group-28ACFA97060E-FollowerState was interrupted: java.lang.InterruptedException: sleep interrupted
2019-10-16 20:42:20,575 [grpc-default-executor-0] INFO  impl.RoleInfo (RoleInfo.java:updateAndGet(143)) - 46069bd9-45fc-4c82-823c-36f07a1bcff0: start FollowerState
2019-10-16 20:42:20,576 [Thread-1707] INFO  impl.FollowerState (FollowerState.java:run(117)) - d612b743-bedc-4c3f-983e-e3329f8a2e6f@group-28ACFA97060E-FollowerState was interrupted: java.lang.InterruptedException: sleep interrupted
2019-10-16 20:42:20,575 [grpc-default-executor-2] INFO  impl.RoleInfo (RoleInfo.java:updateAndGet(143)) - d612b743-bedc-4c3f-983e-e3329f8a2e6f: start FollowerState
2019-10-16 20:42:20,601 [bc0bc980-c963-48ce-962e-85091c893131@group-28ACFA97060E-LeaderElection173] INFO  impl.LeaderElection (LeaderElection.java:logAndReturn(56)) - bc0bc980-c963-48ce-962e-85091c893131@group-28ACFA97060E-LeaderElection173: Election REJECTED; received 2 response(s) [bc0bc980-c963-48ce-962e-85091c893131<-46069bd9-45fc-4c82-823c-36f07a1bcff0#0:FAIL-t158, bc0bc980-c963-48ce-962e-85091c893131<-d612b743-bedc-4c3f-983e-e3329f8a2e6f#0:FAIL-t158] and 0 exception(s); bc0bc980-c963-48ce-962e-85091c893131@group-28ACFA97060E:t158, leader=null, voted=bc0bc980-c963-48ce-962e-85091c893131, raftlog=bc0bc980-c963-48ce-962e-85091c893131@group-28ACFA97060E-SegmentedRaftLog:OPENED:c-1,f-1,i0, conf=-1: [46069bd9-45fc-4c82-823c-36f07a1bcff0:192.168.157.254:34001, bc0bc980-c963-48ce-962e-85091c893131:192.168.157.254:46787, d612b743-bedc-4c3f-983e-e3329f8a2e6f:192.168.157.254:44523], old=null
2019-10-16 20:42:20,601 [bc0bc980-c963-48ce-962e-85091c893131@group-28ACFA97060E-LeaderElection173] INFO  impl.RaftServerImpl (RaftServerImpl.java:setRole(184)) - bc0bc980-c963-48ce-962e-85091c893131@group-28ACFA97060E: changes role from CANDIDATE to FOLLOWER at term 158 for DISCOVERED_A_NEW_TERM
2019-10-16 20:42:20,601 [bc0bc980-c963-48ce-962e-85091c893131@group-28ACFA97060E-LeaderElection173] INFO  impl.RoleInfo (RoleInfo.java:shutdownLeaderElection(134)) - bc0bc980-c963-48ce-962e-85091c893131: shutdown LeaderElection
2019-10-16 20:42:20,601 [bc0bc980-c963-48ce-962e-85091c893131@group-28ACFA97060E-LeaderElection173] INFO  impl.RoleInfo (RoleInfo.java:updateAndGet(143)) - bc0bc980-c963-48ce-962e-85091c893131: start FollowerState
2019-10-16 20:42:20,739 [Thread-1714] INFO  impl.FollowerState (FollowerState.java:run(108)) - bc0bc980-c963-48ce-962e-85091c893131@group-28ACFA97060E-FollowerState: change to CANDIDATE, lastRpcTime:137ms, electionTimeout:137ms
2019-10-16 20:42:20,739 [Thread-1714] INFO  impl.RoleInfo (RoleInfo.java:shutdownFollowerState(121)) - bc0bc980-c963-48ce-962e-85091c893131: shutdown FollowerState
2019-10-16 20:42:20,739 [Thread-1714] INFO  impl.RaftServerImpl (RaftServerImpl.java:setRole(184)) - bc0bc980-c963-48ce-962e-85091c893131@group-28ACFA97060E: changes role from  FOLLOWER to CANDIDATE at term 158 for changeToCandidate
2019-10-16 20:42:20,739 [Thread-1714] INFO  impl.RoleInfo (RoleInfo.java:updateAndGet(143)) - bc0bc980-c963-48ce-962e-85091c893131: start LeaderElection
2019-10-16 20:42:20,754 [bc0bc980-c963-48ce-962e-85091c893131@group-28ACFA97060E-LeaderElection174] INFO  impl.LeaderElection (LeaderElection.java:askForVotes(178)) - bc0bc980-c963-48ce-962e-85091c893131@group-28ACFA97060E-LeaderElection174: begin an election at term 159 for -1: [46069bd9-45fc-4c82-823c-36f07a1bcff0:192.168.157.254:34001, bc0bc980-c963-48ce-962e-85091c893131:192.168.157.254:46787, d612b743-bedc-4c3f-983e-e3329f8a2e6f:192.168.157.254:44523], old=null
2019-10-16 20:42:20,756 [grpc-default-executor-0] INFO  impl.RaftServerImpl (RaftServerImpl.java:setRole(184)) - d612b743-bedc-4c3f-983e-e3329f8a2e6f@group-28ACFA97060E: changes role from  FOLLOWER to FOLLOWER at term 159 for recognizeCandidate:bc0bc980-c963-48ce-962e-85091c893131
2019-10-16 20:42:20,756 [grpc-default-executor-0] INFO  impl.RoleInfo (RoleInfo.java:shutdownFollowerState(121)) - d612b743-bedc-4c3f-983e-e3329f8a2e6f: shutdown FollowerState
2019-10-16 20:42:20,756 [grpc-default-executor-2] INFO  impl.RaftServerImpl (RaftServerImpl.java:setRole(184)) - 46069bd9-45fc-4c82-823c-36f07a1bcff0@group-28ACFA97060E: changes role from  FOLLOWER to FOLLOWER at term 159 for recognizeCandidate:bc0bc980-c963-48ce-962e-85091c893131
2019-10-16 20:42:20,756 [grpc-default-executor-2] INFO  impl.RoleInfo (RoleInfo.java:shutdownFollowerState(121)) - 46069bd9-45fc-4c82-823c-36f07a1bcff0: shutdown FollowerState
2019-10-16 20:42:20,756 [Thread-1713] INFO  impl.FollowerState (FollowerState.java:run(117)) - d612b743-bedc-4c3f-983e-e3329f8a2e6f@group-28ACFA97060E-FollowerState was interrupted: java.lang.InterruptedException: sleep interrupted
2019-10-16 20:42:20,756 [grpc-default-executor-0] INFO  impl.RoleInfo (RoleInfo.java:updateAndGet(143)) - d612b743-bedc-4c3f-983e-e3329f8a2e6f: start FollowerState
2019-10-16 20:42:20,757 [Thread-1712] INFO  impl.FollowerState (FollowerState.java:run(117)) - 46069bd9-45fc-4c82-823c-36f07a1bcff0@group-28ACFA97060E-FollowerState was interrupted: java.lang.InterruptedException: sleep interrupted
2019-10-16 20:42:20,757 [grpc-default-executor-2] INFO  impl.RoleInfo (RoleInfo.java:updateAndGet(143)) - 46069bd9-45fc-4c82-823c-36f07a1bcff0: start FollowerState
2019-10-16 20:42:20,784 [bc0bc980-c963-48ce-962e-85091c893131@group-28ACFA97060E-LeaderElection174] INFO  impl.LeaderElection (LeaderElection.java:logAndReturn(56)) - bc0bc980-c963-48ce-962e-85091c893131@group-28ACFA97060E-LeaderElection174: Election REJECTED; received 2 response(s) [bc0bc980-c963-48ce-962e-85091c893131<-46069bd9-45fc-4c82-823c-36f07a1bcff0#0:FAIL-t159, bc0bc980-c963-48ce-962e-85091c893131<-d612b743-bedc-4c3f-983e-e3329f8a2e6f#0:FAIL-t159] and 0 exception(s); bc0bc980-c963-48ce-962e-85091c893131@group-28ACFA97060E:t159, leader=null, voted=bc0bc980-c963-48ce-962e-85091c893131, raftlog=bc0bc980-c963-48ce-962e-85091c893131@group-28ACFA97060E-SegmentedRaftLog:OPENED:c-1,f-1,i0, conf=-1: [46069bd9-45fc-4c82-823c-36f07a1bcff0:192.168.157.254:34001, bc0bc980-c963-48ce-962e-85091c893131:192.168.157.254:46787, d612b743-bedc-4c3f-983e-e3329f8a2e6f:192.168.157.254:44523], old=null
2019-10-16 20:42:20,784 [bc0bc980-c963-48ce-962e-85091c893131@group-28ACFA97060E-LeaderElection174] INFO  impl.RaftServerImpl (RaftServerImpl.java:setRole(184)) - bc0bc980-c963-48ce-962e-85091c893131@group-28ACFA97060E: changes role from CANDIDATE to FOLLOWER at term 159 for DISCOVERED_A_NEW_TERM
2019-10-16 20:42:20,784 [bc0bc980-c963-48ce-962e-85091c893131@group-28ACFA97060E-LeaderElection174] INFO  impl.RoleInfo (RoleInfo.java:shutdownLeaderElection(134)) - bc0bc980-c963-48ce-962e-85091c893131: shutdown LeaderElection
2019-10-16 20:42:20,784 [bc0bc980-c963-48ce-962e-85091c893131@group-28ACFA97060E-LeaderElection174] INFO  impl.RoleInfo (RoleInfo.java:updateAndGet(143)) - bc0bc980-c963-48ce-962e-85091c893131: start FollowerState
2019-10-16 20:42:20,921 [Thread-1720] INFO  impl.FollowerState (FollowerState.java:run(108)) - bc0bc980-c963-48ce-962e-85091c893131@group-28ACFA97060E-FollowerState: change to CANDIDATE, lastRpcTime:137ms, electionTimeout:137ms
2019-10-16 20:42:20,922 [Thread-1720] INFO  impl.RoleInfo (RoleInfo.java:shutdownFollowerState(121)) - bc0bc980-c963-48ce-962e-85091c893131: shutdown FollowerState
2019-10-16 20:42:20,922 [Thread-1720] INFO  impl.RaftServerImpl (RaftServerImpl.java:setRole(184)) - bc0bc980-c963-48ce-962e-85091c893131@group-28ACFA97060E: changes role from  FOLLOWER to CANDIDATE at term 159 for changeToCandidate
2019-10-16 20:42:20,922 [Thread-1720] INFO  impl.RoleInfo (RoleInfo.java:updateAndGet(143)) - bc0bc980-c963-48ce-962e-85091c893131: start LeaderElection
2019-10-16 20:42:20,935 [bc0bc980-c963-48ce-962e-85091c893131@group-28ACFA97060E-LeaderElection175] INFO  impl.LeaderElection (LeaderElection.java:askForVotes(178)) - bc0bc980-c963-48ce-962e-85091c893131@group-28ACFA97060E-LeaderElection175: begin an election at term 160 for -1: [46069bd9-45fc-4c82-823c-36f07a1bcff0:192.168.157.254:34001, bc0bc980-c963-48ce-962e-85091c893131:192.168.157.254:46787, d612b743-bedc-4c3f-983e-e3329f8a2e6f:192.168.157.254:44523], old=null
2019-10-16 20:42:20,937 [grpc-default-executor-0] INFO  impl.RaftServerImpl (RaftServerImpl.java:setRole(184)) - 46069bd9-45fc-4c82-823c-36f07a1bcff0@group-28ACFA97060E: changes role from  FOLLOWER to FOLLOWER at term 160 for recognizeCandidate:bc0bc980-c963-48ce-962e-85091c893131
2019-10-16 20:42:20,937 [grpc-default-executor-0] INFO  impl.RoleInfo (RoleInfo.java:shutdownFollowerState(121)) - 46069bd9-45fc-4c82-823c-36f07a1bcff0: shutdown FollowerState
2019-10-16 20:42:20,937 [grpc-default-executor-2] INFO  impl.RaftServerImpl (RaftServerImpl.java:setRole(184)) - d612b743-bedc-4c3f-983e-e3329f8a2e6f@group-28ACFA97060E: changes role from  FOLLOWER to FOLLOWER at term 160 for recognizeCandidate:bc0bc980-c963-48ce-962e-85091c893131
2019-10-16 20:42:20,937 [Thread-1719] INFO  impl.FollowerState (FollowerState.java:run(117)) - 46069bd9-45fc-4c82-823c-36f07a1bcff0@group-28ACFA97060E-FollowerState was interrupted: java.lang.InterruptedException: sleep interrupted
2019-10-16 20:42:20,937 [grpc-default-executor-0] INFO  impl.RoleInfo (RoleInfo.java:updateAndGet(143)) - 46069bd9-45fc-4c82-823c-36f07a1bcff0: start FollowerState
2019-10-16 20:42:20,937 [grpc-default-executor-2] INFO  impl.RoleInfo (RoleInfo.java:shutdownFollowerState(121)) - d612b743-bedc-4c3f-983e-e3329f8a2e6f: shutdown FollowerState
2019-10-16 20:42:20,938 [Thread-1718] INFO  impl.FollowerState (FollowerState.java:run(117)) - d612b743-bedc-4c3f-983e-e3329f8a2e6f@group-28ACFA97060E-FollowerState was interrupted: java.lang.InterruptedException: sleep interrupted
2019-10-16 20:42:20,938 [grpc-default-executor-2] INFO  impl.RoleInfo (RoleInfo.java:updateAndGet(143)) - d612b743-bedc-4c3f-983e-e3329f8a2e6f: start FollowerState
2019-10-16 20:42:20,954 [bc0bc980-c963-48ce-962e-85091c893131@group-28ACFA97060E-LeaderElection175] INFO  impl.LeaderElection (LeaderElection.java:logAndReturn(56)) - bc0bc980-c963-48ce-962e-85091c893131@group-28ACFA97060E-LeaderElection175: Election REJECTED; received 2 response(s) [bc0bc980-c963-48ce-962e-85091c893131<-46069bd9-45fc-4c82-823c-36f07a1bcff0#0:FAIL-t160, bc0bc980-c963-48ce-962e-85091c893131<-d612b743-bedc-4c3f-983e-e3329f8a2e6f#0:FAIL-t160] and 0 exception(s); bc0bc980-c963-48ce-962e-85091c893131@group-28ACFA97060E:t160, leader=null, voted=bc0bc980-c963-48ce-962e-85091c893131, raftlog=bc0bc980-c963-48ce-962e-85091c893131@group-28ACFA97060E-SegmentedRaftLog:OPENED:c-1,f-1,i0, conf=-1: [46069bd9-45fc-4c82-823c-36f07a1bcff0:192.168.157.254:34001, bc0bc980-c963-48ce-962e-85091c893131:192.168.157.254:46787, d612b743-bedc-4c3f-983e-e3329f8a2e6f:192.168.157.254:44523], old=null
2019-10-16 20:42:20,954 [bc0bc980-c963-48ce-962e-85091c893131@group-28ACFA97060E-LeaderElection175] INFO  impl.RaftServerImpl (RaftServerImpl.java:setRole(184)) - bc0bc980-c963-48ce-962e-85091c893131@group-28ACFA97060E: changes role from CANDIDATE to FOLLOWER at term 160 for DISCOVERED_A_NEW_TERM
2019-10-16 20:42:20,955 [bc0bc980-c963-48ce-962e-85091c893131@group-28ACFA97060E-LeaderElection175] INFO  impl.RoleInfo (RoleInfo.java:shutdownLeaderElection(134)) - bc0bc980-c963-48ce-962e-85091c893131: shutdown LeaderElection
2019-10-16 20:42:20,955 [bc0bc980-c963-48ce-962e-85091c893131@group-28ACFA97060E-LeaderElection175] INFO  impl.RoleInfo (RoleInfo.java:updateAndGet(143)) - bc0bc980-c963-48ce-962e-85091c893131: start FollowerState
2019-10-16 20:42:21,046 [Thread-1726] INFO  impl.FollowerState (FollowerState.java:run(108)) - bc0bc980-c963-48ce-962e-85091c893131@group-28ACFA97060E-FollowerState: change to CANDIDATE, lastRpcTime:91ms, electionTimeout:91ms
2019-10-16 20:42:21,046 [Thread-1726] INFO  impl.RoleInfo (RoleInfo.java:shutdownFollowerState(121)) - bc0bc980-c963-48ce-962e-85091c893131: shutdown FollowerState
2019-10-16 20:42:21,046 [Thread-1726] INFO  impl.RaftServerImpl (RaftServerImpl.java:setRole(184)) - bc0bc980-c963-48ce-962e-85091c893131@group-28ACFA97060E: changes role from  FOLLOWER to CANDIDATE at term 160 for changeToCandidate
2019-10-16 20:42:21,047 [Thread-1726] INFO  impl.RoleInfo (RoleInfo.java:updateAndGet(143)) - bc0bc980-c963-48ce-962e-85091c893131: start LeaderElection
2019-10-16 20:42:21,073 [bc0bc980-c963-48ce-962e-85091c893131@group-28ACFA97060E-LeaderElection176] INFO  impl.LeaderElection (LeaderElection.java:askForVotes(178)) - bc0bc980-c963-48ce-962e-85091c893131@group-28ACFA97060E-LeaderElection176: begin an election at term 161 for -1: [46069bd9-45fc-4c82-823c-36f07a1bcff0:192.168.157.254:34001, bc0bc980-c963-48ce-962e-85091c893131:192.168.157.254:46787, d612b743-bedc-4c3f-983e-e3329f8a2e6f:192.168.157.254:44523], old=null
2019-10-16 20:42:21,075 [grpc-default-executor-0] INFO  impl.RaftServerImpl (RaftServerImpl.java:setRole(184)) - d612b743-bedc-4c3f-983e-e3329f8a2e6f@group-28ACFA97060E: changes role from  FOLLOWER to FOLLOWER at term 161 for recognizeCandidate:bc0bc980-c963-48ce-962e-85091c893131
2019-10-16 20:42:21,075 [grpc-default-executor-2] INFO  impl.RaftServerImpl (RaftServerImpl.java:setRole(184)) - 46069bd9-45fc-4c82-823c-36f07a1bcff0@group-28ACFA97060E: changes role from  FOLLOWER to FOLLOWER at term 161 for recognizeCandidate:bc0bc980-c963-48ce-962e-85091c893131
2019-10-16 20:42:21,075 [grpc-default-executor-0] INFO  impl.RoleInfo (RoleInfo.java:shutdownFollowerState(121)) - d612b743-bedc-4c3f-983e-e3329f8a2e6f: shutdown FollowerState
2019-10-16 20:42:21,075 [grpc-default-executor-2] INFO  impl.RoleInfo (RoleInfo.java:shutdownFollowerState(121)) - 46069bd9-45fc-4c82-823c-36f07a1bcff0: shutdown FollowerState
2019-10-16 20:42:21,075 [grpc-default-executor-0] INFO  impl.RoleInfo (RoleInfo.java:updateAndGet(143)) - d612b743-bedc-4c3f-983e-e3329f8a2e6f: start FollowerState
2019-10-16 20:42:21,075 [Thread-1724] INFO  impl.FollowerState (FollowerState.java:run(117)) - 46069bd9-45fc-4c82-823c-36f07a1bcff0@group-28ACFA97060E-FollowerState was interrupted: java.lang.InterruptedException: sleep interrupted
2019-10-16 20:42:21,075 [grpc-default-executor-2] INFO  impl.RoleInfo (RoleInfo.java:updateAndGet(143)) - 46069bd9-45fc-4c82-823c-36f07a1bcff0: start FollowerState
2019-10-16 20:42:21,075 [Thread-1725] INFO  impl.FollowerState (FollowerState.java:run(117)) - d612b743-bedc-4c3f-983e-e3329f8a2e6f@group-28ACFA97060E-FollowerState was interrupted: java.lang.InterruptedException: sleep interrupted
2019-10-16 20:42:21,090 [bc0bc980-c963-48ce-962e-85091c893131@group-28ACFA97060E-LeaderElection176] INFO  impl.LeaderElection (LeaderElection.java:logAndReturn(56)) - bc0bc980-c963-48ce-962e-85091c893131@group-28ACFA97060E-LeaderElection176: Election REJECTED; received 2 response(s) [bc0bc980-c963-48ce-962e-85091c893131<-46069bd9-45fc-4c82-823c-36f07a1bcff0#0:FAIL-t161, bc0bc980-c963-48ce-962e-85091c893131<-d612b743-bedc-4c3f-983e-e3329f8a2e6f#0:FAIL-t161] and 0 exception(s); bc0bc980-c963-48ce-962e-85091c893131@group-28ACFA97060E:t161, leader=null, voted=bc0bc980-c963-48ce-962e-85091c893131, raftlog=bc0bc980-c963-48ce-962e-85091c893131@group-28ACFA97060E-SegmentedRaftLog:OPENED:c-1,f-1,i0, conf=-1: [46069bd9-45fc-4c82-823c-36f07a1bcff0:192.168.157.254:34001, bc0bc980-c963-48ce-962e-85091c893131:192.168.157.254:46787, d612b743-bedc-4c3f-983e-e3329f8a2e6f:192.168.157.254:44523], old=null
2019-10-16 20:42:21,090 [bc0bc980-c963-48ce-962e-85091c893131@group-28ACFA97060E-LeaderElection176] INFO  impl.RaftServerImpl (RaftServerImpl.java:setRole(184)) - bc0bc980-c963-48ce-962e-85091c893131@group-28ACFA97060E: changes role from CANDIDATE to FOLLOWER at term 161 for DISCOVERED_A_NEW_TERM
2019-10-16 20:42:21,090 [bc0bc980-c963-48ce-962e-85091c893131@group-28ACFA97060E-LeaderElection176] INFO  impl.RoleInfo (RoleInfo.java:shutdownLeaderElection(134)) - bc0bc980-c963-48ce-962e-85091c893131: shutdown LeaderElection
2019-10-16 20:42:21,090 [bc0bc980-c963-48ce-962e-85091c893131@group-28ACFA97060E-LeaderElection176] INFO  impl.RoleInfo (RoleInfo.java:updateAndGet(143)) - bc0bc980-c963-48ce-962e-85091c893131: start FollowerState
2019-10-16 20:42:21,248 [Thread-1732] INFO  impl.FollowerState (FollowerState.java:run(108)) - bc0bc980-c963-48ce-962e-85091c893131@group-28ACFA97060E-FollowerState: change to CANDIDATE, lastRpcTime:157ms, electionTimeout:157ms
2019-10-16 20:42:21,248 [Thread-1732] INFO  impl.RoleInfo (RoleInfo.java:shutdownFollowerState(121)) - bc0bc980-c963-48ce-962e-85091c893131: shutdown FollowerState
2019-10-16 20:42:21,248 [Thread-1732] INFO  impl.RaftServerImpl (RaftServerImpl.java:setRole(184)) - bc0bc980-c963-48ce-962e-85091c893131@group-28ACFA97060E: changes role from  FOLLOWER to CANDIDATE at term 161 for changeToCandidate
2019-10-16 20:42:21,248 [Thread-1732] INFO  impl.RoleInfo (RoleInfo.java:updateAndGet(143)) - bc0bc980-c963-48ce-962e-85091c893131: start LeaderElection
2019-10-16 20:42:21,259 [bc0bc980-c963-48ce-962e-85091c893131@group-28ACFA97060E-LeaderElection177] INFO  impl.LeaderElection (LeaderElection.java:askForVotes(178)) - bc0bc980-c963-48ce-962e-85091c893131@group-28ACFA97060E-LeaderElection177: begin an election at term 162 for -1: [46069bd9-45fc-4c82-823c-36f07a1bcff0:192.168.157.254:34001, bc0bc980-c963-48ce-962e-85091c893131:192.168.157.254:46787, d612b743-bedc-4c3f-983e-e3329f8a2e6f:192.168.157.254:44523], old=null
2019-10-16 20:42:21,261 [grpc-default-executor-0] INFO  impl.RaftServerImpl (RaftServerImpl.java:setRole(184)) - 46069bd9-45fc-4c82-823c-36f07a1bcff0@group-28ACFA97060E: changes role from  FOLLOWER to FOLLOWER at term 162 for recognizeCandidate:bc0bc980-c963-48ce-962e-85091c893131
2019-10-16 20:42:21,261 [grpc-default-executor-2] INFO  impl.RaftServerImpl (RaftServerImpl.java:setRole(184)) - d612b743-bedc-4c3f-983e-e3329f8a2e6f@group-28ACFA97060E: changes role from  FOLLOWER to FOLLOWER at term 162 for recognizeCandidate:bc0bc980-c963-48ce-962e-85091c893131
2019-10-16 20:42:21,261 [grpc-default-executor-0] INFO  impl.RoleInfo (RoleInfo.java:shutdownFollowerState(121)) - 46069bd9-45fc-4c82-823c-36f07a1bcff0: shutdown FollowerState
2019-10-16 20:42:21,261 [grpc-default-executor-2] INFO  impl.RoleInfo (RoleInfo.java:shutdownFollowerState(121)) - d612b743-bedc-4c3f-983e-e3329f8a2e6f: shutdown FollowerState
2019-10-16 20:42:21,261 [Thread-1731] INFO  impl.FollowerState (FollowerState.java:run(117)) - 46069bd9-45fc-4c82-823c-36f07a1bcff0@group-28ACFA97060E-FollowerState was interrupted: java.lang.InterruptedException: sleep interrupted
2019-10-16 20:42:21,261 [grpc-default-executor-0] INFO  impl.RoleInfo (RoleInfo.java:updateAndGet(143)) - 46069bd9-45fc-4c82-823c-36f07a1bcff0: start FollowerState
2019-10-16 20:42:21,261 [grpc-default-executor-2] INFO  impl.RoleInfo (RoleInfo.java:updateAndGet(143)) - d612b743-bedc-4c3f-983e-e3329f8a2e6f: start FollowerState
2019-10-16 20:42:21,261 [Thread-1730] INFO  impl.FollowerState (FollowerState.java:run(117)) - d612b743-bedc-4c3f-983e-e3329f8a2e6f@group-28ACFA97060E-FollowerState was interrupted: java.lang.InterruptedException: sleep interrupted
2019-10-16 20:42:21,288 [bc0bc980-c963-48ce-962e-85091c893131@group-28ACFA97060E-LeaderElection177] INFO  impl.LeaderElection (LeaderElection.java:logAndReturn(56)) - bc0bc980-c963-48ce-962e-85091c893131@group-28ACFA97060E-LeaderElection177: Election REJECTED; received 2 response(s) [bc0bc980-c963-48ce-962e-85091c893131<-46069bd9-45fc-4c82-823c-36f07a1bcff0#0:FAIL-t162, bc0bc980-c963-48ce-962e-85091c893131<-d612b743-bedc-4c3f-983e-e3329f8a2e6f#0:FAIL-t162] and 0 exception(s); bc0bc980-c963-48ce-962e-85091c893131@group-28ACFA97060E:t162, leader=null, voted=bc0bc980-c963-48ce-962e-85091c893131, raftlog=bc0bc980-c963-48ce-962e-85091c893131@group-28ACFA97060E-SegmentedRaftLog:OPENED:c-1,f-1,i0, conf=-1: [46069bd9-45fc-4c82-823c-36f07a1bcff0:192.168.157.254:34001, bc0bc980-c963-48ce-962e-85091c893131:192.168.157.254:46787, d612b743-bedc-4c3f-983e-e3329f8a2e6f:192.168.157.254:44523], old=null
2019-10-16 20:42:21,288 [bc0bc980-c963-48ce-962e-85091c893131@group-28ACFA97060E-LeaderElection177] INFO  impl.RaftServerImpl (RaftServerImpl.java:setRole(184)) - bc0bc980-c963-48ce-962e-85091c893131@group-28ACFA97060E: changes role from CANDIDATE to FOLLOWER at term 162 for DISCOVERED_A_NEW_TERM
2019-10-16 20:42:21,288 [bc0bc980-c963-48ce-962e-85091c893131@group-28ACFA97060E-LeaderElection177] INFO  impl.RoleInfo (RoleInfo.java:shutdownLeaderElection(134)) - bc0bc980-c963-48ce-962e-85091c893131: shutdown LeaderElection
2019-10-16 20:42:21,288 [bc0bc980-c963-48ce-962e-85091c893131@group-28ACFA97060E-LeaderElection177] INFO  impl.RoleInfo (RoleInfo.java:updateAndGet(143)) - bc0bc980-c963-48ce-962e-85091c893131: start FollowerState
2019-10-16 20:42:21,358 [Thread-1738] INFO  impl.FollowerState (FollowerState.java:run(108)) - bc0bc980-c963-48ce-962e-85091c893131@group-28ACFA97060E-FollowerState: change to CANDIDATE, lastRpcTime:70ms, electionTimeout:70ms
2019-10-16 20:42:21,359 [Thread-1738] INFO  impl.RoleInfo (RoleInfo.java:shutdownFollowerState(121)) - bc0bc980-c963-48ce-962e-85091c893131: shutdown FollowerState
2019-10-16 20:42:21,359 [Thread-1738] INFO  impl.RaftServerImpl (RaftServerImpl.java:setRole(184)) - bc0bc980-c963-48ce-962e-85091c893131@group-28ACFA97060E: changes role from  FOLLOWER to CANDIDATE at term 162 for changeToCandidate
2019-10-16 20:42:21,359 [Thread-1738] INFO  impl.RoleInfo (RoleInfo.java:updateAndGet(143)) - bc0bc980-c963-48ce-962e-85091c893131: start LeaderElection
2019-10-16 20:42:21,374 [bc0bc980-c963-48ce-962e-85091c893131@group-28ACFA97060E-LeaderElection178] INFO  impl.LeaderElection (LeaderElection.java:askForVotes(178)) - bc0bc980-c963-48ce-962e-85091c893131@group-28ACFA97060E-LeaderElection178: begin an election at term 163 for -1: [46069bd9-45fc-4c82-823c-36f07a1bcff0:192.168.157.254:34001, bc0bc980-c963-48ce-962e-85091c893131:192.168.157.254:46787, d612b743-bedc-4c3f-983e-e3329f8a2e6f:192.168.157.254:44523], old=null
2019-10-16 20:42:21,376 [grpc-default-executor-0] INFO  impl.RaftServerImpl (RaftServerImpl.java:setRole(184)) - 46069bd9-45fc-4c82-823c-36f07a1bcff0@group-28ACFA97060E: changes role from  FOLLOWER to FOLLOWER at term 163 for recognizeCandidate:bc0bc980-c963-48ce-962e-85091c893131
2019-10-16 20:42:21,376 [grpc-default-executor-0] INFO  impl.RoleInfo (RoleInfo.java:shutdownFollowerState(121)) - 46069bd9-45fc-4c82-823c-36f07a1bcff0: shutdown FollowerState
2019-10-16 20:42:21,376 [grpc-default-executor-0] INFO  impl.RoleInfo (RoleInfo.java:updateAndGet(143)) - 46069bd9-45fc-4c82-823c-36f07a1bcff0: start FollowerState
2019-10-16 20:42:21,376 [Thread-1736] INFO  impl.FollowerState (FollowerState.java:run(117)) - 46069bd9-45fc-4c82-823c-36f07a1bcff0@group-28ACFA97060E-FollowerState was interrupted: java.lang.InterruptedException: sleep interrupted
2019-10-16 20:42:21,376 [grpc-default-executor-2] INFO  impl.RaftServerImpl (RaftServerImpl.java:setRole(184)) - d612b743-bedc-4c3f-983e-e3329f8a2e6f@group-28ACFA97060E: changes role from  FOLLOWER to FOLLOWER at term 163 for recognizeCandidate:bc0bc980-c963-48ce-962e-85091c893131
2019-10-16 20:42:21,377 [grpc-default-executor-2] INFO  impl.RoleInfo (RoleInfo.java:shutdownFollowerState(121)) - d612b743-bedc-4c3f-983e-e3329f8a2e6f: shutdown FollowerState
2019-10-16 20:42:21,377 [Thread-1737] INFO  impl.FollowerState (FollowerState.java:run(117)) - d612b743-bedc-4c3f-983e-e3329f8a2e6f@group-28ACFA97060E-FollowerState was interrupted: java.lang.InterruptedException: sleep interrupted
2019-10-16 20:42:21,377 [grpc-default-executor-2] INFO  impl.RoleInfo (RoleInfo.java:updateAndGet(143)) - d612b743-bedc-4c3f-983e-e3329f8a2e6f: start FollowerState
2019-10-16 20:42:21,402 [bc0bc980-c963-48ce-962e-85091c893131@group-28ACFA97060E-LeaderElection178] INFO  impl.LeaderElection (LeaderElection.java:logAndReturn(56)) - bc0bc980-c963-48ce-962e-85091c893131@group-28ACFA97060E-LeaderElection178: Election REJECTED; received 2 response(s) [bc0bc980-c963-48ce-962e-85091c893131<-46069bd9-45fc-4c82-823c-36f07a1bcff0#0:FAIL-t163, bc0bc980-c963-48ce-962e-85091c893131<-d612b743-bedc-4c3f-983e-e3329f8a2e6f#0:FAIL-t163] and 0 exception(s); bc0bc980-c963-48ce-962e-85091c893131@group-28ACFA97060E:t163, leader=null, voted=bc0bc980-c963-48ce-962e-85091c893131, raftlog=bc0bc980-c963-48ce-962e-85091c893131@group-28ACFA97060E-SegmentedRaftLog:OPENED:c-1,f-1,i0, conf=-1: [46069bd9-45fc-4c82-823c-36f07a1bcff0:192.168.157.254:34001, bc0bc980-c963-48ce-962e-85091c893131:192.168.157.254:46787, d612b743-bedc-4c3f-983e-e3329f8a2e6f:192.168.157.254:44523], old=null
2019-10-16 20:42:21,402 [bc0bc980-c963-48ce-962e-85091c893131@group-28ACFA97060E-LeaderElection178] INFO  impl.RaftServerImpl (RaftServerImpl.java:setRole(184)) - bc0bc980-c963-48ce-962e-85091c893131@group-28ACFA97060E: changes role from CANDIDATE to FOLLOWER at term 163 for DISCOVERED_A_NEW_TERM
2019-10-16 20:42:21,403 [bc0bc980-c963-48ce-962e-85091c893131@group-28ACFA97060E-LeaderElection178] INFO  impl.RoleInfo (RoleInfo.java:shutdownLeaderElection(134)) - bc0bc980-c963-48ce-962e-85091c893131: shutdown LeaderElection
2019-10-16 20:42:21,403 [bc0bc980-c963-48ce-962e-85091c893131@group-28ACFA97060E-LeaderElection178] INFO  impl.RoleInfo (RoleInfo.java:updateAndGet(143)) - bc0bc980-c963-48ce-962e-85091c893131: start FollowerState
2019-10-16 20:42:21,580 [Thread-1744] INFO  impl.FollowerState (FollowerState.java:run(108)) - bc0bc980-c963-48ce-962e-85091c893131@group-28ACFA97060E-FollowerState: change to CANDIDATE, lastRpcTime:177ms, electionTimeout:177ms
2019-10-16 20:42:21,580 [Thread-1744] INFO  impl.RoleInfo (RoleInfo.java:shutdownFollowerState(121)) - bc0bc980-c963-48ce-962e-85091c893131: shutdown FollowerState
2019-10-16 20:42:21,580 [Thread-1744] INFO  impl.RaftServerImpl (RaftServerImpl.java:setRole(184)) - bc0bc980-c963-48ce-962e-85091c893131@group-28ACFA97060E: changes role from  FOLLOWER to CANDIDATE at term 163 for changeToCandidate
2019-10-16 20:42:21,580 [Thread-1744] INFO  impl.RoleInfo (RoleInfo.java:updateAndGet(143)) - bc0bc980-c963-48ce-962e-85091c893131: start LeaderElection
2019-10-16 20:42:21,594 [bc0bc980-c963-48ce-962e-85091c893131@group-28ACFA97060E-LeaderElection179] INFO  impl.LeaderElection (LeaderElection.java:askForVotes(178)) - bc0bc980-c963-48ce-962e-85091c893131@group-28ACFA97060E-LeaderElection179: begin an election at term 164 for -1: [46069bd9-45fc-4c82-823c-36f07a1bcff0:192.168.157.254:34001, bc0bc980-c963-48ce-962e-85091c893131:192.168.157.254:46787, d612b743-bedc-4c3f-983e-e3329f8a2e6f:192.168.157.254:44523], old=null
2019-10-16 20:42:21,596 [grpc-default-executor-0] INFO  impl.RaftServerImpl (RaftServerImpl.java:setRole(184)) - 46069bd9-45fc-4c82-823c-36f07a1bcff0@group-28ACFA97060E: changes role from  FOLLOWER to FOLLOWER at term 164 for recognizeCandidate:bc0bc980-c963-48ce-962e-85091c893131
2019-10-16 20:42:21,596 [grpc-default-executor-0] INFO  impl.RoleInfo (RoleInfo.java:shutdownFollowerState(121)) - 46069bd9-45fc-4c82-823c-36f07a1bcff0: shutdown FollowerState
2019-10-16 20:42:21,596 [grpc-default-executor-0] INFO  impl.RoleInfo (RoleInfo.java:updateAndGet(143)) - 46069bd9-45fc-4c82-823c-36f07a1bcff0: start FollowerState
2019-10-16 20:42:21,596 [grpc-default-executor-2] INFO  impl.RaftServerImpl (RaftServerImpl.java:setRole(184)) - d612b743-bedc-4c3f-983e-e3329f8a2e6f@group-28ACFA97060E: changes role from  FOLLOWER to FOLLOWER at term 164 for recognizeCandidate:bc0bc980-c963-48ce-962e-85091c893131
2019-10-16 20:42:21,596 [grpc-default-executor-2] INFO  impl.RoleInfo (RoleInfo.java:shutdownFollowerState(121)) - d612b743-bedc-4c3f-983e-e3329f8a2e6f: shutdown FollowerState
2019-10-16 20:42:21,596 [Thread-1742] INFO  impl.FollowerState (FollowerState.java:run(117)) - 46069bd9-45fc-4c82-823c-36f07a1bcff0@group-28ACFA97060E-FollowerState was interrupted: java.lang.InterruptedException: sleep interrupted
2019-10-16 20:42:21,596 [Thread-1743] INFO  impl.FollowerState (FollowerState.java:run(117)) - d612b743-bedc-4c3f-983e-e3329f8a2e6f@group-28ACFA97060E-FollowerState was interrupted: java.lang.InterruptedException: sleep interrupted
2019-10-16 20:42:21,596 [grpc-default-executor-2] INFO  impl.RoleInfo (RoleInfo.java:updateAndGet(143)) - d612b743-bedc-4c3f-983e-e3329f8a2e6f: start FollowerState
2019-10-16 20:42:21,610 [bc0bc980-c963-48ce-962e-85091c893131@group-28ACFA97060E-LeaderElection179] INFO  impl.LeaderElection (LeaderElection.java:logAndReturn(56)) - bc0bc980-c963-48ce-962e-85091c893131@group-28ACFA97060E-LeaderElection179: Election TIMEOUT; received 0 response(s) [] and 0 exception(s); bc0bc980-c963-48ce-962e-85091c893131@group-28ACFA97060E:t164, leader=null, voted=bc0bc980-c963-48ce-962e-85091c893131, raftlog=bc0bc980-c963-48ce-962e-85091c893131@group-28ACFA97060E-SegmentedRaftLog:OPENED:c-1,f-1,i0, conf=-1: [46069bd9-45fc-4c82-823c-36f07a1bcff0:192.168.157.254:34001, bc0bc980-c963-48ce-962e-85091c893131:192.168.157.254:46787, d612b743-bedc-4c3f-983e-e3329f8a2e6f:192.168.157.254:44523], old=null
2019-10-16 20:42:21,623 [bc0bc980-c963-48ce-962e-85091c893131@group-28ACFA97060E-LeaderElection179] INFO  impl.LeaderElection (LeaderElection.java:askForVotes(178)) - bc0bc980-c963-48ce-962e-85091c893131@group-28ACFA97060E-LeaderElection179: begin an election at term 165 for -1: [46069bd9-45fc-4c82-823c-36f07a1bcff0:192.168.157.254:34001, bc0bc980-c963-48ce-962e-85091c893131:192.168.157.254:46787, d612b743-bedc-4c3f-983e-e3329f8a2e6f:192.168.157.254:44523], old=null
2019-10-16 20:42:21,624 [grpc-default-executor-0] INFO  impl.RaftServerImpl (RaftServerImpl.java:setRole(184)) - 46069bd9-45fc-4c82-823c-36f07a1bcff0@group-28ACFA97060E: changes role from  FOLLOWER to FOLLOWER at term 165 for recognizeCandidate:bc0bc980-c963-48ce-962e-85091c893131
2019-10-16 20:42:21,625 [grpc-default-executor-0] INFO  impl.RoleInfo (RoleInfo.java:shutdownFollowerState(121)) - 46069bd9-45fc-4c82-823c-36f07a1bcff0: shutdown FollowerState
2019-10-16 20:42:21,625 [grpc-default-executor-0] INFO  impl.RoleInfo (RoleInfo.java:updateAndGet(143)) - 46069bd9-45fc-4c82-823c-36f07a1bcff0: start FollowerState
2019-10-16 20:42:21,625 [grpc-default-executor-2] INFO  impl.RaftServerImpl (RaftServerImpl.java:setRole(184)) - d612b743-bedc-4c3f-983e-e3329f8a2e6f@group-28ACFA97060E: changes role from  FOLLOWER to FOLLOWER at term 165 for recognizeCandidate:bc0bc980-c963-48ce-962e-85091c893131
2019-10-16 20:42:21,625 [grpc-default-executor-2] INFO  impl.RoleInfo (RoleInfo.java:shutdownFollowerState(121)) - d612b743-bedc-4c3f-983e-e3329f8a2e6f: shutdown FollowerState
2019-10-16 20:42:21,625 [Thread-1748] INFO  impl.FollowerState (FollowerState.java:run(117)) - 46069bd9-45fc-4c82-823c-36f07a1bcff0@group-28ACFA97060E-FollowerState was interrupted: java.lang.InterruptedException: sleep interrupted
2019-10-16 20:42:21,625 [Thread-1749] INFO  impl.FollowerState (FollowerState.java:run(117)) - d612b743-bedc-4c3f-983e-e3329f8a2e6f@group-28ACFA97060E-FollowerState was interrupted: java.lang.InterruptedException: sleep interrupted
2019-10-16 20:42:21,625 [grpc-default-executor-2] INFO  impl.RoleInfo (RoleInfo.java:updateAndGet(143)) - d612b743-bedc-4c3f-983e-e3329f8a2e6f: start FollowerState
2019-10-16 20:42:21,651 [bc0bc980-c963-48ce-962e-85091c893131@group-28ACFA97060E-LeaderElection179] INFO  impl.LeaderElection (LeaderElection.java:logAndReturn(56)) - bc0bc980-c963-48ce-962e-85091c893131@group-28ACFA97060E-LeaderElection179: Election REJECTED; received 2 response(s) [bc0bc980-c963-48ce-962e-85091c893131<-46069bd9-45fc-4c82-823c-36f07a1bcff0#0:FAIL-t165, bc0bc980-c963-48ce-962e-85091c893131<-d612b743-bedc-4c3f-983e-e3329f8a2e6f#0:FAIL-t165] and 0 exception(s); bc0bc980-c963-48ce-962e-85091c893131@group-28ACFA97060E:t165, leader=null, voted=bc0bc980-c963-48ce-962e-85091c893131, raftlog=bc0bc980-c963-48ce-962e-85091c893131@group-28ACFA97060E-SegmentedRaftLog:OPENED:c-1,f-1,i0, conf=-1: [46069bd9-45fc-4c82-823c-36f07a1bcff0:192.168.157.254:34001, bc0bc980-c963-48ce-962e-85091c893131:192.168.157.254:46787, d612b743-bedc-4c3f-983e-e3329f8a2e6f:192.168.157.254:44523], old=null
2019-10-16 20:42:21,651 [bc0bc980-c963-48ce-962e-85091c893131@group-28ACFA97060E-LeaderElection179] INFO  impl.RaftServerImpl (RaftServerImpl.java:setRole(184)) - bc0bc980-c963-48ce-962e-85091c893131@group-28ACFA97060E: changes role from CANDIDATE to FOLLOWER at term 165 for DISCOVERED_A_NEW_TERM
2019-10-16 20:42:21,651 [bc0bc980-c963-48ce-962e-85091c893131@group-28ACFA97060E-LeaderElection179] INFO  impl.RoleInfo (RoleInfo.java:shutdownLeaderElection(134)) - bc0bc980-c963-48ce-962e-85091c893131: shutdown LeaderElection
2019-10-16 20:42:21,651 [bc0bc980-c963-48ce-962e-85091c893131@group-28ACFA97060E-LeaderElection179] INFO  impl.RoleInfo (RoleInfo.java:updateAndGet(143)) - bc0bc980-c963-48ce-962e-85091c893131: start FollowerState
2019-10-16 20:42:21,743 [Thread-1754] INFO  impl.FollowerState (FollowerState.java:run(108)) - bc0bc980-c963-48ce-962e-85091c893131@group-28ACFA97060E-FollowerState: change to CANDIDATE, lastRpcTime:92ms, electionTimeout:92ms
2019-10-16 20:42:21,744 [Thread-1754] INFO  impl.RoleInfo (RoleInfo.java:shutdownFollowerState(121)) - bc0bc980-c963-48ce-962e-85091c893131: shutdown FollowerState
2019-10-16 20:42:21,744 [Thread-1754] INFO  impl.RaftServerImpl (RaftServerImpl.java:setRole(184)) - bc0bc980-c963-48ce-962e-85091c893131@group-28ACFA97060E: changes role from  FOLLOWER to CANDIDATE at term 165 for changeToCandidate
2019-10-16 20:42:21,744 [Thread-1754] INFO  impl.RoleInfo (RoleInfo.java:updateAndGet(143)) - bc0bc980-c963-48ce-962e-85091c893131: start LeaderElection
2019-10-16 20:42:21,757 [bc0bc980-c963-48ce-962e-85091c893131@group-28ACFA97060E-LeaderElection180] INFO  impl.LeaderElection (LeaderElection.java:askForVotes(178)) - bc0bc980-c963-48ce-962e-85091c893131@group-28ACFA97060E-LeaderElection180: begin an election at term 166 for -1: [46069bd9-45fc-4c82-823c-36f07a1bcff0:192.168.157.254:34001, bc0bc980-c963-48ce-962e-85091c893131:192.168.157.254:46787, d612b743-bedc-4c3f-983e-e3329f8a2e6f:192.168.157.254:44523], old=null
2019-10-16 20:42:21,759 [grpc-default-executor-2] INFO  impl.RaftServerImpl (RaftServerImpl.java:setRole(184)) - 46069bd9-45fc-4c82-823c-36f07a1bcff0@group-28ACFA97060E: changes role from  FOLLOWER to FOLLOWER at term 166 for recognizeCandidate:bc0bc980-c963-48ce-962e-85091c893131
2019-10-16 20:42:21,759 [grpc-default-executor-2] INFO  impl.RoleInfo (RoleInfo.java:shutdownFollowerState(121)) - 46069bd9-45fc-4c82-823c-36f07a1bcff0: shutdown FollowerState
2019-10-16 20:42:21,759 [grpc-default-executor-0] INFO  impl.RaftServerImpl (RaftServerImpl.java:setRole(184)) - d612b743-bedc-4c3f-983e-e3329f8a2e6f@group-28ACFA97060E: changes role from  FOLLOWER to FOLLOWER at term 166 for recognizeCandidate:bc0bc980-c963-48ce-962e-85091c893131
2019-10-16 20:42:21,759 [Thread-1752] INFO  impl.FollowerState (FollowerState.java:run(117)) - 46069bd9-45fc-4c82-823c-36f07a1bcff0@group-28ACFA97060E-FollowerState was interrupted: java.lang.InterruptedException: sleep interrupted
2019-10-16 20:42:21,759 [grpc-default-executor-2] INFO  impl.RoleInfo (RoleInfo.java:updateAndGet(143)) - 46069bd9-45fc-4c82-823c-36f07a1bcff0: start FollowerState
2019-10-16 20:42:21,759 [grpc-default-executor-0] INFO  impl.RoleInfo (RoleInfo.java:shutdownFollowerState(121)) - d612b743-bedc-4c3f-983e-e3329f8a2e6f: shutdown FollowerState
2019-10-16 20:42:21,760 [grpc-default-executor-0] INFO  impl.RoleInfo (RoleInfo.java:updateAndGet(143)) - d612b743-bedc-4c3f-983e-e3329f8a2e6f: start FollowerState
2019-10-16 20:42:21,760 [Thread-1753] INFO  impl.FollowerState (FollowerState.java:run(117)) - d612b743-bedc-4c3f-983e-e3329f8a2e6f@group-28ACFA97060E-FollowerState was interrupted: java.lang.InterruptedException: sleep interrupted
2019-10-16 20:42:21,773 [bc0bc980-c963-48ce-962e-85091c893131@group-28ACFA97060E-LeaderElection180] INFO  impl.LeaderElection (LeaderElection.java:logAndReturn(56)) - bc0bc980-c963-48ce-962e-85091c893131@group-28ACFA97060E-LeaderElection180: Election REJECTED; received 2 response(s) [bc0bc980-c963-48ce-962e-85091c893131<-46069bd9-45fc-4c82-823c-36f07a1bcff0#0:FAIL-t166, bc0bc980-c963-48ce-962e-85091c893131<-d612b743-bedc-4c3f-983e-e3329f8a2e6f#0:FAIL-t166] and 0 exception(s); bc0bc980-c963-48ce-962e-85091c893131@group-28ACFA97060E:t166, leader=null, voted=bc0bc980-c963-48ce-962e-85091c893131, raftlog=bc0bc980-c963-48ce-962e-85091c893131@group-28ACFA97060E-SegmentedRaftLog:OPENED:c-1,f-1,i0, conf=-1: [46069bd9-45fc-4c82-823c-36f07a1bcff0:192.168.157.254:34001, bc0bc980-c963-48ce-962e-85091c893131:192.168.157.254:46787, d612b743-bedc-4c3f-983e-e3329f8a2e6f:192.168.157.254:44523], old=null
2019-10-16 20:42:21,774 [bc0bc980-c963-48ce-962e-85091c893131@group-28ACFA97060E-LeaderElection180] INFO  impl.RaftServerImpl (RaftServerImpl.java:setRole(184)) - bc0bc980-c963-48ce-962e-85091c893131@group-28ACFA97060E: changes role from CANDIDATE to FOLLOWER at term 166 for DISCOVERED_A_NEW_TERM
2019-10-16 20:42:21,774 [bc0bc980-c963-48ce-962e-85091c893131@group-28ACFA97060E-LeaderElection180] INFO  impl.RoleInfo (RoleInfo.java:shutdownLeaderElection(134)) - bc0bc980-c963-48ce-962e-85091c893131: shutdown LeaderElection
2019-10-16 20:42:21,774 [bc0bc980-c963-48ce-962e-85091c893131@group-28ACFA97060E-LeaderElection180] INFO  impl.RoleInfo (RoleInfo.java:updateAndGet(143)) - bc0bc980-c963-48ce-962e-85091c893131: start FollowerState
2019-10-16 20:42:21,846 [Thread-1760] INFO  impl.FollowerState (FollowerState.java:run(108)) - bc0bc980-c963-48ce-962e-85091c893131@group-28ACFA97060E-FollowerState: change to CANDIDATE, lastRpcTime:72ms, electionTimeout:72ms
2019-10-16 20:42:21,846 [Thread-1760] INFO  impl.RoleInfo (RoleInfo.java:shutdownFollowerState(121)) - bc0bc980-c963-48ce-962e-85091c893131: shutdown FollowerState
2019-10-16 20:42:21,846 [Thread-1760] INFO  impl.RaftServerImpl (RaftServerImpl.java:setRole(184)) - bc0bc980-c963-48ce-962e-85091c893131@group-28ACFA97060E: changes role from  FOLLOWER to CANDIDATE at term 166 for changeToCandidate
2019-10-16 20:42:21,846 [Thread-1760] INFO  impl.RoleInfo (RoleInfo.java:updateAndGet(143)) - bc0bc980-c963-48ce-962e-85091c893131: start LeaderElection
2019-10-16 20:42:21,861 [bc0bc980-c963-48ce-962e-85091c893131@group-28ACFA97060E-LeaderElection181] INFO  impl.LeaderElection (LeaderElection.java:askForVotes(178)) - bc0bc980-c963-48ce-962e-85091c893131@group-28ACFA97060E-LeaderElection181: begin an election at term 167 for -1: [46069bd9-45fc-4c82-823c-36f07a1bcff0:192.168.157.254:34001, bc0bc980-c963-48ce-962e-85091c893131:192.168.157.254:46787, d612b743-bedc-4c3f-983e-e3329f8a2e6f:192.168.157.254:44523], old=null
2019-10-16 20:42:21,863 [grpc-default-executor-2] INFO  impl.RaftServerImpl (RaftServerImpl.java:setRole(184)) - 46069bd9-45fc-4c82-823c-36f07a1bcff0@group-28ACFA97060E: changes role from  FOLLOWER to FOLLOWER at term 167 for recognizeCandidate:bc0bc980-c963-48ce-962e-85091c893131
2019-10-16 20:42:21,863 [grpc-default-executor-0] INFO  impl.RaftServerImpl (RaftServerImpl.java:setRole(184)) - d612b743-bedc-4c3f-983e-e3329f8a2e6f@group-28ACFA97060E: changes role from  FOLLOWER to FOLLOWER at term 167 for recognizeCandidate:bc0bc980-c963-48ce-962e-85091c893131
2019-10-16 20:42:21,863 [grpc-default-executor-2] INFO  impl.RoleInfo (RoleInfo.java:shutdownFollowerState(121)) - 46069bd9-45fc-4c82-823c-36f07a1bcff0: shutdown FollowerState
2019-10-16 20:42:21,863 [grpc-default-executor-0] INFO  impl.RoleInfo (RoleInfo.java:shutdownFollowerState(121)) - d612b743-bedc-4c3f-983e-e3329f8a2e6f: shutdown FollowerState
2019-10-16 20:42:21,863 [Thread-1758] INFO  impl.FollowerState (FollowerState.java:run(117)) - 46069bd9-45fc-4c82-823c-36f07a1bcff0@group-28ACFA97060E-FollowerState was interrupted: java.lang.InterruptedException: sleep interrupted
2019-10-16 20:42:21,863 [grpc-default-executor-2] INFO  impl.RoleInfo (RoleInfo.java:updateAndGet(143)) - 46069bd9-45fc-4c82-823c-36f07a1bcff0: start FollowerState
2019-10-16 20:42:21,864 [Thread-1759] INFO  impl.FollowerState (FollowerState.java:run(117)) - d612b743-bedc-4c3f-983e-e3329f8a2e6f@group-28ACFA97060E-FollowerState was interrupted: java.lang.InterruptedException: sleep interrupted
2019-10-16 20:42:21,864 [grpc-default-executor-0] INFO  impl.RoleInfo (RoleInfo.java:updateAndGet(143)) - d612b743-bedc-4c3f-983e-e3329f8a2e6f: start FollowerState
2019-10-16 20:42:21,868 [bc0bc980-c963-48ce-962e-85091c893131@group-28ACFA97060E-LeaderElection181] INFO  impl.LeaderElection (LeaderElection.java:logAndReturn(56)) - bc0bc980-c963-48ce-962e-85091c893131@group-28ACFA97060E-LeaderElection181: Election TIMEOUT; received 0 response(s) [] and 0 exception(s); bc0bc980-c963-48ce-962e-85091c893131@group-28ACFA97060E:t167, leader=null, voted=bc0bc980-c963-48ce-962e-85091c893131, raftlog=bc0bc980-c963-48ce-962e-85091c893131@group-28ACFA97060E-SegmentedRaftLog:OPENED:c-1,f-1,i0, conf=-1: [46069bd9-45fc-4c82-823c-36f07a1bcff0:192.168.157.254:34001, bc0bc980-c963-48ce-962e-85091c893131:192.168.157.254:46787, d612b743-bedc-4c3f-983e-e3329f8a2e6f:192.168.157.254:44523], old=null
2019-10-16 20:42:21,889 [bc0bc980-c963-48ce-962e-85091c893131@group-28ACFA97060E-LeaderElection181] INFO  impl.LeaderElection (LeaderElection.java:askForVotes(178)) - bc0bc980-c963-48ce-962e-85091c893131@group-28ACFA97060E-LeaderElection181: begin an election at term 168 for -1: [46069bd9-45fc-4c82-823c-36f07a1bcff0:192.168.157.254:34001, bc0bc980-c963-48ce-962e-85091c893131:192.168.157.254:46787, d612b743-bedc-4c3f-983e-e3329f8a2e6f:192.168.157.254:44523], old=null
2019-10-16 20:42:21,891 [grpc-default-executor-2] INFO  impl.RaftServerImpl (RaftServerImpl.java:setRole(184)) - d612b743-bedc-4c3f-983e-e3329f8a2e6f@group-28ACFA97060E: changes role from  FOLLOWER to FOLLOWER at term 168 for recognizeCandidate:bc0bc980-c963-48ce-962e-85091c893131
2019-10-16 20:42:21,891 [grpc-default-executor-2] INFO  impl.RoleInfo (RoleInfo.java:shutdownFollowerState(121)) - d612b743-bedc-4c3f-983e-e3329f8a2e6f: shutdown FollowerState
2019-10-16 20:42:21,891 [grpc-default-executor-0] INFO  impl.RaftServerImpl (RaftServerImpl.java:setRole(184)) - 46069bd9-45fc-4c82-823c-36f07a1bcff0@group-28ACFA97060E: changes role from  FOLLOWER to FOLLOWER at term 168 for recognizeCandidate:bc0bc980-c963-48ce-962e-85091c893131
2019-10-16 20:42:21,891 [grpc-default-executor-0] INFO  impl.RoleInfo (RoleInfo.java:shutdownFollowerState(121)) - 46069bd9-45fc-4c82-823c-36f07a1bcff0: shutdown FollowerState
2019-10-16 20:42:21,891 [Thread-1765] INFO  impl.FollowerState (FollowerState.java:run(117)) - d612b743-bedc-4c3f-983e-e3329f8a2e6f@group-28ACFA97060E-FollowerState was interrupted: java.lang.InterruptedException: sleep interrupted
2019-10-16 20:42:21,891 [grpc-default-executor-2] INFO  impl.RoleInfo (RoleInfo.java:updateAndGet(143)) - d612b743-bedc-4c3f-983e-e3329f8a2e6f: start FollowerState
2019-10-16 20:42:21,891 [Thread-1764] INFO  impl.FollowerState (FollowerState.java:run(117)) - 46069bd9-45fc-4c82-823c-36f07a1bcff0@group-28ACFA97060E-FollowerState was interrupted: java.lang.InterruptedException: sleep interrupted
2019-10-16 20:42:21,891 [grpc-default-executor-0] INFO  impl.RoleInfo (RoleInfo.java:updateAndGet(143)) - 46069bd9-45fc-4c82-823c-36f07a1bcff0: start FollowerState
2019-10-16 20:42:21,893 [bc0bc980-c963-48ce-962e-85091c893131@group-28ACFA97060E-LeaderElection181] INFO  impl.LeaderElection (LeaderElection.java:logAndReturn(56)) - bc0bc980-c963-48ce-962e-85091c893131@group-28ACFA97060E-LeaderElection181: Election TIMEOUT; received 0 response(s) [] and 0 exception(s); bc0bc980-c963-48ce-962e-85091c893131@group-28ACFA97060E:t168, leader=null, voted=bc0bc980-c963-48ce-962e-85091c893131, raftlog=bc0bc980-c963-48ce-962e-85091c893131@group-28ACFA97060E-SegmentedRaftLog:OPENED:c-1,f-1,i0, conf=-1: [46069bd9-45fc-4c82-823c-36f07a1bcff0:192.168.157.254:34001, bc0bc980-c963-48ce-962e-85091c893131:192.168.157.254:46787, d612b743-bedc-4c3f-983e-e3329f8a2e6f:192.168.157.254:44523], old=null
2019-10-16 20:42:21,916 [bc0bc980-c963-48ce-962e-85091c893131@group-28ACFA97060E-LeaderElection181] INFO  impl.LeaderElection (LeaderElection.java:askForVotes(178)) - bc0bc980-c963-48ce-962e-85091c893131@group-28ACFA97060E-LeaderElection181: begin an election at term 169 for -1: [46069bd9-45fc-4c82-823c-36f07a1bcff0:192.168.157.254:34001, bc0bc980-c963-48ce-962e-85091c893131:192.168.157.254:46787, d612b743-bedc-4c3f-983e-e3329f8a2e6f:192.168.157.254:44523], old=null
2019-10-16 20:42:22,313 [grpc-default-executor-2] INFO  impl.RaftServerImpl (RaftServerImpl.java:setRole(184)) - d612b743-bedc-4c3f-983e-e3329f8a2e6f@group-28ACFA97060E: changes role from  FOLLOWER to FOLLOWER at term 169 for recognizeCandidate:bc0bc980-c963-48ce-962e-85091c893131
2019-10-16 20:42:22,313 [grpc-default-executor-0] INFO  impl.RaftServerImpl (RaftServerImpl.java:setRole(184)) - 46069bd9-45fc-4c82-823c-36f07a1bcff0@group-28ACFA97060E: changes role from  FOLLOWER to FOLLOWER at term 169 for recognizeCandidate:bc0bc980-c963-48ce-962e-85091c893131
2019-10-16 20:42:22,313 [grpc-default-executor-2] INFO  impl.RoleInfo (RoleInfo.java:shutdownFollowerState(121)) - d612b743-bedc-4c3f-983e-e3329f8a2e6f: shutdown FollowerState
2019-10-16 20:42:22,313 [grpc-default-executor-0] INFO  impl.RoleInfo (RoleInfo.java:shutdownFollowerState(121)) - 46069bd9-45fc-4c82-823c-36f07a1bcff0: shutdown FollowerState
2019-10-16 20:42:22,313 [Thread-1768] INFO  impl.FollowerState (FollowerState.java:run(117)) - d612b743-bedc-4c3f-983e-e3329f8a2e6f@group-28ACFA97060E-FollowerState was interrupted: java.lang.InterruptedException: sleep interrupted
2019-10-16 20:42:22,313 [grpc-default-executor-2] INFO  impl.RoleInfo (RoleInfo.java:updateAndGet(143)) - d612b743-bedc-4c3f-983e-e3329f8a2e6f: start FollowerState
2019-10-16 20:42:22,314 [Thread-1769] INFO  impl.FollowerState (FollowerState.java:run(117)) - 46069bd9-45fc-4c82-823c-36f07a1bcff0@group-28ACFA97060E-FollowerState was interrupted: java.lang.InterruptedException: sleep interrupted
2019-10-16 20:42:22,314 [grpc-default-executor-0] INFO  impl.RoleInfo (RoleInfo.java:updateAndGet(143)) - 46069bd9-45fc-4c82-823c-36f07a1bcff0: start FollowerState
2019-10-16 20:42:22,323 [bc0bc980-c963-48ce-962e-85091c893131@group-28ACFA97060E-LeaderElection181] INFO  impl.LeaderElection (LeaderElection.java:logAndReturn(56)) - bc0bc980-c963-48ce-962e-85091c893131@group-28ACFA97060E-LeaderElection181: Election REJECTED; received 2 response(s) [bc0bc980-c963-48ce-962e-85091c893131<-46069bd9-45fc-4c82-823c-36f07a1bcff0#0:FAIL-t169, bc0bc980-c963-48ce-962e-85091c893131<-d612b743-bedc-4c3f-983e-e3329f8a2e6f#0:FAIL-t169] and 0 exception(s); bc0bc980-c963-48ce-962e-85091c893131@group-28ACFA97060E:t169, leader=null, voted=bc0bc980-c963-48ce-962e-85091c893131, raftlog=bc0bc980-c963-48ce-962e-85091c893131@group-28ACFA97060E-SegmentedRaftLog:OPENED:c-1,f-1,i0, conf=-1: [46069bd9-45fc-4c82-823c-36f07a1bcff0:192.168.157.254:34001, bc0bc980-c963-48ce-962e-85091c893131:192.168.157.254:46787, d612b743-bedc-4c3f-983e-e3329f8a2e6f:192.168.157.254:44523], old=null
2019-10-16 20:42:22,323 [bc0bc980-c963-48ce-962e-85091c893131@group-28ACFA97060E-LeaderElection181] INFO  impl.RaftServerImpl (RaftServerImpl.java:setRole(184)) - bc0bc980-c963-48ce-962e-85091c893131@group-28ACFA97060E: changes role from CANDIDATE to FOLLOWER at term 169 for DISCOVERED_A_NEW_TERM
2019-10-16 20:42:22,323 [bc0bc980-c963-48ce-962e-85091c893131@group-28ACFA97060E-LeaderElection181] INFO  impl.RoleInfo (RoleInfo.java:shutdownLeaderElection(134)) - bc0bc980-c963-48ce-962e-85091c893131: shutdown LeaderElection
2019-10-16 20:42:22,323 [bc0bc980-c963-48ce-962e-85091c893131@group-28ACFA97060E-LeaderElection181] INFO  impl.RoleInfo (RoleInfo.java:updateAndGet(143)) - bc0bc980-c963-48ce-962e-85091c893131: start FollowerState
2019-10-16 20:42:22,349 [Thread-1774] INFO  impl.FollowerState (FollowerState.java:run(108)) - bc0bc980-c963-48ce-962e-85091c893131@group-28ACFA97060E-FollowerState: change to CANDIDATE, lastRpcTime:26ms, electionTimeout:26ms
2019-10-16 20:42:22,350 [Thread-1774] INFO  impl.RoleInfo (RoleInfo.java:shutdownFollowerState(121)) - bc0bc980-c963-48ce-962e-85091c893131: shutdown FollowerState
2019-10-16 20:42:22,350 [Thread-1774] INFO  impl.RaftServerImpl (RaftServerImpl.java:setRole(184)) - bc0bc980-c963-48ce-962e-85091c893131@group-28ACFA97060E: changes role from  FOLLOWER to CANDIDATE at term 169 for changeToCandidate
2019-10-16 20:42:22,350 [Thread-1774] INFO  impl.RoleInfo (RoleInfo.java:updateAndGet(143)) - bc0bc980-c963-48ce-962e-85091c893131: start LeaderElection
2019-10-16 20:42:22,363 [bc0bc980-c963-48ce-962e-85091c893131@group-28ACFA97060E-LeaderElection182] INFO  impl.LeaderElection (LeaderElection.java:askForVotes(178)) - bc0bc980-c963-48ce-962e-85091c893131@group-28ACFA97060E-LeaderElection182: begin an election at term 170 for -1: [46069bd9-45fc-4c82-823c-36f07a1bcff0:192.168.157.254:34001, bc0bc980-c963-48ce-962e-85091c893131:192.168.157.254:46787, d612b743-bedc-4c3f-983e-e3329f8a2e6f:192.168.157.254:44523], old=null
2019-10-16 20:42:22,364 [grpc-default-executor-0] INFO  impl.RaftServerImpl (RaftServerImpl.java:setRole(184)) - 46069bd9-45fc-4c82-823c-36f07a1bcff0@group-28ACFA97060E: changes role from  FOLLOWER to FOLLOWER at term 170 for recognizeCandidate:bc0bc980-c963-48ce-962e-85091c893131
2019-10-16 20:42:22,365 [grpc-default-executor-0] INFO  impl.RoleInfo (RoleInfo.java:shutdownFollowerState(121)) - 46069bd9-45fc-4c82-823c-36f07a1bcff0: shutdown FollowerState
2019-10-16 20:42:22,365 [grpc-default-executor-2] INFO  impl.RaftServerImpl (RaftServerImpl.java:setRole(184)) - d612b743-bedc-4c3f-983e-e3329f8a2e6f@group-28ACFA97060E: changes role from  FOLLOWER to FOLLOWER at term 170 for recognizeCandidate:bc0bc980-c963-48ce-962e-85091c893131
2019-10-16 20:42:22,365 [Thread-1773] INFO  impl.FollowerState (FollowerState.java:run(117)) - 46069bd9-45fc-4c82-823c-36f07a1bcff0@group-28ACFA97060E-FollowerState was interrupted: java.lang.InterruptedException: sleep interrupted
2019-10-16 20:42:22,365 [grpc-default-executor-0] INFO  impl.RoleInfo (RoleInfo.java:updateAndGet(143)) - 46069bd9-45fc-4c82-823c-36f07a1bcff0: start FollowerState
2019-10-16 20:42:22,365 [grpc-default-executor-2] INFO  impl.RoleInfo (RoleInfo.java:shutdownFollowerState(121)) - d612b743-bedc-4c3f-983e-e3329f8a2e6f: shutdown FollowerState
2019-10-16 20:42:22,365 [Thread-1772] INFO  impl.FollowerState (FollowerState.java:run(117)) - d612b743-bedc-4c3f-983e-e3329f8a2e6f@group-28ACFA97060E-FollowerState was interrupted: java.lang.InterruptedException: sleep interrupted
2019-10-16 20:42:22,365 [grpc-default-executor-2] INFO  impl.RoleInfo (RoleInfo.java:updateAndGet(143)) - d612b743-bedc-4c3f-983e-e3329f8a2e6f: start FollowerState
2019-10-16 20:42:22,401 [bc0bc980-c963-48ce-962e-85091c893131@group-28ACFA97060E-LeaderElection182] INFO  impl.LeaderElection (LeaderElection.java:logAndReturn(56)) - bc0bc980-c963-48ce-962e-85091c893131@group-28ACFA97060E-LeaderElection182: Election REJECTED; received 2 response(s) [bc0bc980-c963-48ce-962e-85091c893131<-46069bd9-45fc-4c82-823c-36f07a1bcff0#0:FAIL-t170, bc0bc980-c963-48ce-962e-85091c893131<-d612b743-bedc-4c3f-983e-e3329f8a2e6f#0:FAIL-t170] and 0 exception(s); bc0bc980-c963-48ce-962e-85091c893131@group-28ACFA97060E:t170, leader=null, voted=bc0bc980-c963-48ce-962e-85091c893131, raftlog=bc0bc980-c963-48ce-962e-85091c893131@group-28ACFA97060E-SegmentedRaftLog:OPENED:c-1,f-1,i0, conf=-1: [46069bd9-45fc-4c82-823c-36f07a1bcff0:192.168.157.254:34001, bc0bc980-c963-48ce-962e-85091c893131:192.168.157.254:46787, d612b743-bedc-4c3f-983e-e3329f8a2e6f:192.168.157.254:44523], old=null
2019-10-16 20:42:22,401 [bc0bc980-c963-48ce-962e-85091c893131@group-28ACFA97060E-LeaderElection182] INFO  impl.RaftServerImpl (RaftServerImpl.java:setRole(184)) - bc0bc980-c963-48ce-962e-85091c893131@group-28ACFA97060E: changes role from CANDIDATE to FOLLOWER at term 170 for DISCOVERED_A_NEW_TERM
2019-10-16 20:42:22,401 [bc0bc980-c963-48ce-962e-85091c893131@group-28ACFA97060E-LeaderElection182] INFO  impl.RoleInfo (RoleInfo.java:shutdownLeaderElection(134)) - bc0bc980-c963-48ce-962e-85091c893131: shutdown LeaderElection
2019-10-16 20:42:22,401 [bc0bc980-c963-48ce-962e-85091c893131@group-28ACFA97060E-LeaderElection182] INFO  impl.RoleInfo (RoleInfo.java:updateAndGet(143)) - bc0bc980-c963-48ce-962e-85091c893131: start FollowerState
2019-10-16 20:42:22,544 [Thread-1780] INFO  impl.FollowerState (FollowerState.java:run(108)) - bc0bc980-c963-48ce-962e-85091c893131@group-28ACFA97060E-FollowerState: change to CANDIDATE, lastRpcTime:143ms, electionTimeout:143ms
2019-10-16 20:42:22,545 [Thread-1780] INFO  impl.RoleInfo (RoleInfo.java:shutdownFollowerState(121)) - bc0bc980-c963-48ce-962e-85091c893131: shutdown FollowerState
2019-10-16 20:42:22,545 [Thread-1780] INFO  impl.RaftServerImpl (RaftServerImpl.java:setRole(184)) - bc0bc980-c963-48ce-962e-85091c893131@group-28ACFA97060E: changes role from  FOLLOWER to CANDIDATE at term 170 for changeToCandidate
2019-10-16 20:42:22,545 [Thread-1780] INFO  impl.RoleInfo (RoleInfo.java:updateAndGet(143)) - bc0bc980-c963-48ce-962e-85091c893131: start LeaderElection
2019-10-16 20:42:22,551 [bc0bc980-c963-48ce-962e-85091c893131@group-28ACFA97060E-LeaderElection183] INFO  impl.LeaderElection (LeaderElection.java:askForVotes(178)) - bc0bc980-c963-48ce-962e-85091c893131@group-28ACFA97060E-LeaderElection183: begin an election at term 171 for -1: [46069bd9-45fc-4c82-823c-36f07a1bcff0:192.168.157.254:34001, bc0bc980-c963-48ce-962e-85091c893131:192.168.157.254:46787, d612b743-bedc-4c3f-983e-e3329f8a2e6f:192.168.157.254:44523], old=null
2019-10-16 20:42:22,554 [grpc-default-executor-2] INFO  impl.RaftServerImpl (RaftServerImpl.java:setRole(184)) - 46069bd9-45fc-4c82-823c-36f07a1bcff0@group-28ACFA97060E: changes role from  FOLLOWER to FOLLOWER at term 171 for recognizeCandidate:bc0bc980-c963-48ce-962e-85091c893131
2019-10-16 20:42:22,554 [grpc-default-executor-0] INFO  impl.RaftServerImpl (RaftServerImpl.java:setRole(184)) - d612b743-bedc-4c3f-983e-e3329f8a2e6f@group-28ACFA97060E: changes role from  FOLLOWER to FOLLOWER at term 171 for recognizeCandidate:bc0bc980-c963-48ce-962e-85091c893131
2019-10-16 20:42:22,554 [grpc-default-executor-2] INFO  impl.RoleInfo (RoleInfo.java:shutdownFollowerState(121)) - 46069bd9-45fc-4c82-823c-36f07a1bcff0: shutdown FollowerState
2019-10-16 20:42:22,554 [grpc-default-executor-0] INFO  impl.RoleInfo (RoleInfo.java:shutdownFollowerState(121)) - d612b743-bedc-4c3f-983e-e3329f8a2e6f: shutdown FollowerState
2019-10-16 20:42:22,554 [grpc-default-executor-2] INFO  impl.RoleInfo (RoleInfo.java:updateAndGet(143)) - 46069bd9-45fc-4c82-823c-36f07a1bcff0: start FollowerState
2019-10-16 20:42:22,554 [Thread-1778] INFO  impl.FollowerState (FollowerState.java:run(117)) - 46069bd9-45fc-4c82-823c-36f07a1bcff0@group-28ACFA97060E-FollowerState was interrupted: java.lang.InterruptedException: sleep interrupted
2019-10-16 20:42:22,555 [Thread-1779] INFO  impl.FollowerState (FollowerState.java:run(117)) - d612b743-bedc-4c3f-983e-e3329f8a2e6f@group-28ACFA97060E-FollowerState was interrupted: java.lang.InterruptedException: sleep interrupted
2019-10-16 20:42:22,555 [grpc-default-executor-0] INFO  impl.RoleInfo (RoleInfo.java:updateAndGet(143)) - d612b743-bedc-4c3f-983e-e3329f8a2e6f: start FollowerState
2019-10-16 20:42:22,569 [bc0bc980-c963-48ce-962e-85091c893131@group-28ACFA97060E-LeaderElection183] INFO  impl.LeaderElection (LeaderElection.java:logAndReturn(56)) - bc0bc980-c963-48ce-962e-85091c893131@group-28ACFA97060E-LeaderElection183: Election REJECTED; received 2 response(s) [bc0bc980-c963-48ce-962e-85091c893131<-46069bd9-45fc-4c82-823c-36f07a1bcff0#0:FAIL-t171, bc0bc980-c963-48ce-962e-85091c893131<-d612b743-bedc-4c3f-983e-e3329f8a2e6f#0:FAIL-t171] and 0 exception(s); bc0bc980-c963-48ce-962e-85091c893131@group-28ACFA97060E:t171, leader=null, voted=bc0bc980-c963-48ce-962e-85091c893131, raftlog=bc0bc980-c963-48ce-962e-85091c893131@group-28ACFA97060E-SegmentedRaftLog:OPENED:c-1,f-1,i0, conf=-1: [46069bd9-45fc-4c82-823c-36f07a1bcff0:192.168.157.254:34001, bc0bc980-c963-48ce-962e-85091c893131:192.168.157.254:46787, d612b743-bedc-4c3f-983e-e3329f8a2e6f:192.168.157.254:44523], old=null
2019-10-16 20:42:22,569 [bc0bc980-c963-48ce-962e-85091c893131@group-28ACFA97060E-LeaderElection183] INFO  impl.RaftServerImpl (RaftServerImpl.java:setRole(184)) - bc0bc980-c963-48ce-962e-85091c893131@group-28ACFA97060E: changes role from CANDIDATE to FOLLOWER at term 171 for DISCOVERED_A_NEW_TERM
2019-10-16 20:42:22,569 [bc0bc980-c963-48ce-962e-85091c893131@group-28ACFA97060E-LeaderElection183] INFO  impl.RoleInfo (RoleInfo.java:shutdownLeaderElection(134)) - bc0bc980-c963-48ce-962e-85091c893131: shutdown LeaderElection
2019-10-16 20:42:22,569 [bc0bc980-c963-48ce-962e-85091c893131@group-28ACFA97060E-LeaderElection183] INFO  impl.RoleInfo (RoleInfo.java:updateAndGet(143)) - bc0bc980-c963-48ce-962e-85091c893131: start FollowerState
2019-10-16 20:42:22,614 [Thread-1786] INFO  impl.FollowerState (FollowerState.java:run(108)) - bc0bc980-c963-48ce-962e-85091c893131@group-28ACFA97060E-FollowerState: change to CANDIDATE, lastRpcTime:44ms, electionTimeout:44ms
2019-10-16 20:42:22,614 [Thread-1786] INFO  impl.RoleInfo (RoleInfo.java:shutdownFollowerState(121)) - bc0bc980-c963-48ce-962e-85091c893131: shutdown FollowerState
2019-10-16 20:42:22,614 [Thread-1786] INFO  impl.RaftServerImpl (RaftServerImpl.java:setRole(184)) - bc0bc980-c963-48ce-962e-85091c893131@group-28ACFA97060E: changes role from  FOLLOWER to CANDIDATE at term 171 for changeToCandidate
2019-10-16 20:42:22,614 [Thread-1786] INFO  impl.RoleInfo (RoleInfo.java:updateAndGet(143)) - bc0bc980-c963-48ce-962e-85091c893131: start LeaderElection
2019-10-16 20:42:22,640 [bc0bc980-c963-48ce-962e-85091c893131@group-28ACFA97060E-LeaderElection184] INFO  impl.LeaderElection (LeaderElection.java:askForVotes(178)) - bc0bc980-c963-48ce-962e-85091c893131@group-28ACFA97060E-LeaderElection184: begin an election at term 172 for -1: [46069bd9-45fc-4c82-823c-36f07a1bcff0:192.168.157.254:34001, bc0bc980-c963-48ce-962e-85091c893131:192.168.157.254:46787, d612b743-bedc-4c3f-983e-e3329f8a2e6f:192.168.157.254:44523], old=null
2019-10-16 20:42:22,642 [grpc-default-executor-0] INFO  impl.RaftServerImpl (RaftServerImpl.java:setRole(184)) - 46069bd9-45fc-4c82-823c-36f07a1bcff0@group-28ACFA97060E: changes role from  FOLLOWER to FOLLOWER at term 172 for recognizeCandidate:bc0bc980-c963-48ce-962e-85091c893131
2019-10-16 20:42:22,642 [grpc-default-executor-0] INFO  impl.RoleInfo (RoleInfo.java:shutdownFollowerState(121)) - 46069bd9-45fc-4c82-823c-36f07a1bcff0: shutdown FollowerState
2019-10-16 20:42:22,642 [grpc-default-executor-0] INFO  impl.RoleInfo (RoleInfo.java:updateAndGet(143)) - 46069bd9-45fc-4c82-823c-36f07a1bcff0: start FollowerState
2019-10-16 20:42:22,642 [Thread-1784] INFO  impl.FollowerState (FollowerState.java:run(117)) - 46069bd9-45fc-4c82-823c-36f07a1bcff0@group-28ACFA97060E-FollowerState was interrupted: java.lang.InterruptedException: sleep interrupted
2019-10-16 20:42:22,642 [grpc-default-executor-2] INFO  impl.RaftServerImpl (RaftServerImpl.java:setRole(184)) - d612b743-bedc-4c3f-983e-e3329f8a2e6f@group-28ACFA97060E: changes role from  FOLLOWER to FOLLOWER at term 172 for recognizeCandidate:bc0bc980-c963-48ce-962e-85091c893131
2019-10-16 20:42:22,643 [grpc-default-executor-2] INFO  impl.RoleInfo (RoleInfo.java:shutdownFollowerState(121)) - d612b743-bedc-4c3f-983e-e3329f8a2e6f: shutdown FollowerState
2019-10-16 20:42:22,643 [grpc-default-executor-2] INFO  impl.RoleInfo (RoleInfo.java:updateAndGet(143)) - d612b743-bedc-4c3f-983e-e3329f8a2e6f: start FollowerState
2019-10-16 20:42:22,643 [Thread-1785] INFO  impl.FollowerState (FollowerState.java:run(117)) - d612b743-bedc-4c3f-983e-e3329f8a2e6f@group-28ACFA97060E-FollowerState was interrupted: java.lang.InterruptedException: sleep interrupted
2019-10-16 20:42:22,656 [bc0bc980-c963-48ce-962e-85091c893131@group-28ACFA97060E-LeaderElection184] INFO  impl.LeaderElection (LeaderElection.java:logAndReturn(56)) - bc0bc980-c963-48ce-962e-85091c893131@group-28ACFA97060E-LeaderElection184: Election REJECTED; received 2 response(s) [bc0bc980-c963-48ce-962e-85091c893131<-46069bd9-45fc-4c82-823c-36f07a1bcff0#0:FAIL-t172, bc0bc980-c963-48ce-962e-85091c893131<-d612b743-bedc-4c3f-983e-e3329f8a2e6f#0:FAIL-t172] and 0 exception(s); bc0bc980-c963-48ce-962e-85091c893131@group-28ACFA97060E:t172, leader=null, voted=bc0bc980-c963-48ce-962e-85091c893131, raftlog=bc0bc980-c963-48ce-962e-85091c893131@group-28ACFA97060E-SegmentedRaftLog:OPENED:c-1,f-1,i0, conf=-1: [46069bd9-45fc-4c82-823c-36f07a1bcff0:192.168.157.254:34001, bc0bc980-c963-48ce-962e-85091c893131:192.168.157.254:46787, d612b743-bedc-4c3f-983e-e3329f8a2e6f:192.168.157.254:44523], old=null
2019-10-16 20:42:22,657 [bc0bc980-c963-48ce-962e-85091c893131@group-28ACFA97060E-LeaderElection184] INFO  impl.RaftServerImpl (RaftServerImpl.java:setRole(184)) - bc0bc980-c963-48ce-962e-85091c893131@group-28ACFA97060E: changes role from CANDIDATE to FOLLOWER at term 172 for DISCOVERED_A_NEW_TERM
2019-10-16 20:42:22,657 [bc0bc980-c963-48ce-962e-85091c893131@group-28ACFA97060E-LeaderElection184] INFO  impl.RoleInfo (RoleInfo.java:shutdownLeaderElection(134)) - bc0bc980-c963-48ce-962e-85091c893131: shutdown LeaderElection
2019-10-16 20:42:22,657 [bc0bc980-c963-48ce-962e-85091c893131@group-28ACFA97060E-LeaderElection184] INFO  impl.RoleInfo (RoleInfo.java:updateAndGet(143)) - bc0bc980-c963-48ce-962e-85091c893131: start FollowerState
2019-10-16 20:42:22,670 [Thread-1792] INFO  impl.FollowerState (FollowerState.java:run(108)) - bc0bc980-c963-48ce-962e-85091c893131@group-28ACFA97060E-FollowerState: change to CANDIDATE, lastRpcTime:13ms, electionTimeout:13ms
2019-10-16 20:42:22,670 [Thread-1792] INFO  impl.RoleInfo (RoleInfo.java:shutdownFollowerState(121)) - bc0bc980-c963-48ce-962e-85091c893131: shutdown FollowerState
2019-10-16 20:42:22,671 [Thread-1792] INFO  impl.RaftServerImpl (RaftServerImpl.java:setRole(184)) - bc0bc980-c963-48ce-962e-85091c893131@group-28ACFA97060E: changes role from  FOLLOWER to CANDIDATE at term 172 for changeToCandidate
2019-10-16 20:42:22,671 [Thread-1792] INFO  impl.RoleInfo (RoleInfo.java:updateAndGet(143)) - bc0bc980-c963-48ce-962e-85091c893131: start LeaderElection
2019-10-16 20:42:22,684 [bc0bc980-c963-48ce-962e-85091c893131@group-28ACFA97060E-LeaderElection185] INFO  impl.LeaderElection (LeaderElection.java:askForVotes(178)) - bc0bc980-c963-48ce-962e-85091c893131@group-28ACFA97060E-LeaderElection185: begin an election at term 173 for -1: [46069bd9-45fc-4c82-823c-36f07a1bcff0:192.168.157.254:34001, bc0bc980-c963-48ce-962e-85091c893131:192.168.157.254:46787, d612b743-bedc-4c3f-983e-e3329f8a2e6f:192.168.157.254:44523], old=null
2019-10-16 20:42:22,685 [grpc-default-executor-2] INFO  impl.RaftServerImpl (RaftServerImpl.java:setRole(184)) - 46069bd9-45fc-4c82-823c-36f07a1bcff0@group-28ACFA97060E: changes role from  FOLLOWER to FOLLOWER at term 173 for recognizeCandidate:bc0bc980-c963-48ce-962e-85091c893131
2019-10-16 20:42:22,685 [grpc-default-executor-2] INFO  impl.RoleInfo (RoleInfo.java:shutdownFollowerState(121)) - 46069bd9-45fc-4c82-823c-36f07a1bcff0: shutdown FollowerState
2019-10-16 20:42:22,685 [grpc-default-executor-2] INFO  impl.RoleInfo (RoleInfo.java:updateAndGet(143)) - 46069bd9-45fc-4c82-823c-36f07a1bcff0: start FollowerState
2019-10-16 20:42:22,685 [grpc-default-executor-0] INFO  impl.RaftServerImpl (RaftServerImpl.java:setRole(184)) - d612b743-bedc-4c3f-983e-e3329f8a2e6f@group-28ACFA97060E: changes role from  FOLLOWER to FOLLOWER at term 173 for recognizeCandidate:bc0bc980-c963-48ce-962e-85091c893131
2019-10-16 20:42:22,686 [grpc-default-executor-0] INFO  impl.RoleInfo (RoleInfo.java:shutdownFollowerState(121)) - d612b743-bedc-4c3f-983e-e3329f8a2e6f: shutdown FollowerState
2019-10-16 20:42:22,685 [Thread-1790] INFO  impl.FollowerState (FollowerState.java:run(117)) - 46069bd9-45fc-4c82-823c-36f07a1bcff0@group-28ACFA97060E-FollowerState was interrupted: java.lang.InterruptedException: sleep interrupted
2019-10-16 20:42:22,686 [Thread-1791] INFO  impl.FollowerState (FollowerState.java:run(117)) - d612b743-bedc-4c3f-983e-e3329f8a2e6f@group-28ACFA97060E-FollowerState was interrupted: java.lang.InterruptedException: sleep interrupted
2019-10-16 20:42:22,686 [grpc-default-executor-0] INFO  impl.RoleInfo (RoleInfo.java:updateAndGet(143)) - d612b743-bedc-4c3f-983e-e3329f8a2e6f: start FollowerState
2019-10-16 20:42:22,711 [bc0bc980-c963-48ce-962e-85091c893131@group-28ACFA97060E-LeaderElection185] INFO  impl.LeaderElection (LeaderElection.java:logAndReturn(56)) - bc0bc980-c963-48ce-962e-85091c893131@group-28ACFA97060E-LeaderElection185: Election REJECTED; received 2 response(s) [bc0bc980-c963-48ce-962e-85091c893131<-46069bd9-45fc-4c82-823c-36f07a1bcff0#0:FAIL-t173, bc0bc980-c963-48ce-962e-85091c893131<-d612b743-bedc-4c3f-983e-e3329f8a2e6f#0:FAIL-t173] and 0 exception(s); bc0bc980-c963-48ce-962e-85091c893131@group-28ACFA97060E:t173, leader=null, voted=bc0bc980-c963-48ce-962e-85091c893131, raftlog=bc0bc980-c963-48ce-962e-85091c893131@group-28ACFA97060E-SegmentedRaftLog:OPENED:c-1,f-1,i0, conf=-1: [46069bd9-45fc-4c82-823c-36f07a1bcff0:192.168.157.254:34001, bc0bc980-c963-48ce-962e-85091c893131:192.168.157.254:46787, d612b743-bedc-4c3f-983e-e3329f8a2e6f:192.168.157.254:44523], old=null
2019-10-16 20:42:22,711 [bc0bc980-c963-48ce-962e-85091c893131@group-28ACFA97060E-LeaderElection185] INFO  impl.RaftServerImpl (RaftServerImpl.java:setRole(184)) - bc0bc980-c963-48ce-962e-85091c893131@group-28ACFA97060E: changes role from CANDIDATE to FOLLOWER at term 173 for DISCOVERED_A_NEW_TERM
2019-10-16 20:42:22,711 [bc0bc980-c963-48ce-962e-85091c893131@group-28ACFA97060E-LeaderElection185] INFO  impl.RoleInfo (RoleInfo.java:shutdownLeaderElection(134)) - bc0bc980-c963-48ce-962e-85091c893131: shutdown LeaderElection
2019-10-16 20:42:22,711 [bc0bc980-c963-48ce-962e-85091c893131@group-28ACFA97060E-LeaderElection185] INFO  impl.RoleInfo (RoleInfo.java:updateAndGet(143)) - bc0bc980-c963-48ce-962e-85091c893131: start FollowerState
2019-10-16 20:42:22,766 [Thread-1798] INFO  impl.FollowerState (FollowerState.java:run(108)) - bc0bc980-c963-48ce-962e-85091c893131@group-28ACFA97060E-FollowerState: change to CANDIDATE, lastRpcTime:54ms, electionTimeout:54ms
2019-10-16 20:42:22,766 [Thread-1798] INFO  impl.RoleInfo (RoleInfo.java:shutdownFollowerState(121)) - bc0bc980-c963-48ce-962e-85091c893131: shutdown FollowerState
2019-10-16 20:42:22,766 [Thread-1798] INFO  impl.RaftServerImpl (RaftServerImpl.java:setRole(184)) - bc0bc980-c963-48ce-962e-85091c893131@group-28ACFA97060E: changes role from  FOLLOWER to CANDIDATE at term 173 for changeToCandidate
2019-10-16 20:42:22,766 [Thread-1798] INFO  impl.RoleInfo (RoleInfo.java:updateAndGet(143)) - bc0bc980-c963-48ce-962e-85091c893131: start LeaderElection
2019-10-16 20:42:22,779 [bc0bc980-c963-48ce-962e-85091c893131@group-28ACFA97060E-LeaderElection186] INFO  impl.LeaderElection (LeaderElection.java:askForVotes(178)) - bc0bc980-c963-48ce-962e-85091c893131@group-28ACFA97060E-LeaderElection186: begin an election at term 174 for -1: [46069bd9-45fc-4c82-823c-36f07a1bcff0:192.168.157.254:34001, bc0bc980-c963-48ce-962e-85091c893131:192.168.157.254:46787, d612b743-bedc-4c3f-983e-e3329f8a2e6f:192.168.157.254:44523], old=null
2019-10-16 20:42:22,780 [grpc-default-executor-2] INFO  impl.RaftServerImpl (RaftServerImpl.java:setRole(184)) - d612b743-bedc-4c3f-983e-e3329f8a2e6f@group-28ACFA97060E: changes role from  FOLLOWER to FOLLOWER at term 174 for recognizeCandidate:bc0bc980-c963-48ce-962e-85091c893131
2019-10-16 20:42:22,780 [grpc-default-executor-2] INFO  impl.RoleInfo (RoleInfo.java:shutdownFollowerState(121)) - d612b743-bedc-4c3f-983e-e3329f8a2e6f: shutdown FollowerState
2019-10-16 20:42:22,780 [grpc-default-executor-2] INFO  impl.RoleInfo (RoleInfo.java:updateAndGet(143)) - d612b743-bedc-4c3f-983e-e3329f8a2e6f: start FollowerState
2019-10-16 20:42:22,780 [Thread-1797] INFO  impl.FollowerState (FollowerState.java:run(117)) - d612b743-bedc-4c3f-983e-e3329f8a2e6f@group-28ACFA97060E-FollowerState was interrupted: java.lang.InterruptedException: sleep interrupted
2019-10-16 20:42:22,781 [grpc-default-executor-0] INFO  impl.RaftServerImpl (RaftServerImpl.java:setRole(184)) - 46069bd9-45fc-4c82-823c-36f07a1bcff0@group-28ACFA97060E: changes role from  FOLLOWER to FOLLOWER at term 174 for recognizeCandidate:bc0bc980-c963-48ce-962e-85091c893131
2019-10-16 20:42:22,781 [grpc-default-executor-0] INFO  impl.RoleInfo (RoleInfo.java:shutdownFollowerState(121)) - 46069bd9-45fc-4c82-823c-36f07a1bcff0: shutdown FollowerState
2019-10-16 20:42:22,781 [grpc-default-executor-0] INFO  impl.RoleInfo (RoleInfo.java:updateAndGet(143)) - 46069bd9-45fc-4c82-823c-36f07a1bcff0: start FollowerState
2019-10-16 20:42:22,781 [Thread-1796] INFO  impl.FollowerState (FollowerState.java:run(117)) - 46069bd9-45fc-4c82-823c-36f07a1bcff0@group-28ACFA97060E-FollowerState was interrupted: java.lang.InterruptedException: sleep interrupted
2019-10-16 20:42:22,801 [bc0bc980-c963-48ce-962e-85091c893131@group-28ACFA97060E-LeaderElection186] INFO  impl.LeaderElection (LeaderElection.java:logAndReturn(56)) - bc0bc980-c963-48ce-962e-85091c893131@group-28ACFA97060E-LeaderElection186: Election REJECTED; received 2 response(s) [bc0bc980-c963-48ce-962e-85091c893131<-46069bd9-45fc-4c82-823c-36f07a1bcff0#0:FAIL-t174, bc0bc980-c963-48ce-962e-85091c893131<-d612b743-bedc-4c3f-983e-e3329f8a2e6f#0:FAIL-t174] and 0 exception(s); bc0bc980-c963-48ce-962e-85091c893131@group-28ACFA97060E:t174, leader=null, voted=bc0bc980-c963-48ce-962e-85091c893131, raftlog=bc0bc980-c963-48ce-962e-85091c893131@group-28ACFA97060E-SegmentedRaftLog:OPENED:c-1,f-1,i0, conf=-1: [46069bd9-45fc-4c82-823c-36f07a1bcff0:192.168.157.254:34001, bc0bc980-c963-48ce-962e-85091c893131:192.168.157.254:46787, d612b743-bedc-4c3f-983e-e3329f8a2e6f:192.168.157.254:44523], old=null
2019-10-16 20:42:22,801 [bc0bc980-c963-48ce-962e-85091c893131@group-28ACFA97060E-LeaderElection186] INFO  impl.RaftServerImpl (RaftServerImpl.java:setRole(184)) - bc0bc980-c963-48ce-962e-85091c893131@group-28ACFA97060E: changes role from CANDIDATE to FOLLOWER at term 174 for DISCOVERED_A_NEW_TERM
2019-10-16 20:42:22,801 [bc0bc980-c963-48ce-962e-85091c893131@group-28ACFA97060E-LeaderElection186] INFO  impl.RoleInfo (RoleInfo.java:shutdownLeaderElection(134)) - bc0bc980-c963-48ce-962e-85091c893131: shutdown LeaderElection
2019-10-16 20:42:22,801 [bc0bc980-c963-48ce-962e-85091c893131@group-28ACFA97060E-LeaderElection186] INFO  impl.RoleInfo (RoleInfo.java:updateAndGet(143)) - bc0bc980-c963-48ce-962e-85091c893131: start FollowerState
2019-10-16 20:42:22,849 [Thread-1804] INFO  impl.FollowerState (FollowerState.java:run(108)) - bc0bc980-c963-48ce-962e-85091c893131@group-28ACFA97060E-FollowerState: change to CANDIDATE, lastRpcTime:47ms, electionTimeout:47ms
2019-10-16 20:42:22,849 [Thread-1804] INFO  impl.RoleInfo (RoleInfo.java:shutdownFollowerState(121)) - bc0bc980-c963-48ce-962e-85091c893131: shutdown FollowerState
2019-10-16 20:42:22,849 [Thread-1804] INFO  impl.RaftServerImpl (RaftServerImpl.java:setRole(184)) - bc0bc980-c963-48ce-962e-85091c893131@group-28ACFA97060E: changes role from  FOLLOWER to CANDIDATE at term 174 for changeToCandidate
2019-10-16 20:42:22,849 [Thread-1804] INFO  impl.RoleInfo (RoleInfo.java:updateAndGet(143)) - bc0bc980-c963-48ce-962e-85091c893131: start LeaderElection
2019-10-16 20:42:22,862 [bc0bc980-c963-48ce-962e-85091c893131@group-28ACFA97060E-LeaderElection187] INFO  impl.LeaderElection (LeaderElection.java:askForVotes(178)) - bc0bc980-c963-48ce-962e-85091c893131@group-28ACFA97060E-LeaderElection187: begin an election at term 175 for -1: [46069bd9-45fc-4c82-823c-36f07a1bcff0:192.168.157.254:34001, bc0bc980-c963-48ce-962e-85091c893131:192.168.157.254:46787, d612b743-bedc-4c3f-983e-e3329f8a2e6f:192.168.157.254:44523], old=null
2019-10-16 20:42:22,864 [grpc-default-executor-2] INFO  impl.RaftServerImpl (RaftServerImpl.java:setRole(184)) - d612b743-bedc-4c3f-983e-e3329f8a2e6f@group-28ACFA97060E: changes role from  FOLLOWER to FOLLOWER at term 175 for recognizeCandidate:bc0bc980-c963-48ce-962e-85091c893131
2019-10-16 20:42:22,864 [grpc-default-executor-0] INFO  impl.RaftServerImpl (RaftServerImpl.java:setRole(184)) - 46069bd9-45fc-4c82-823c-36f07a1bcff0@group-28ACFA97060E: changes role from  FOLLOWER to FOLLOWER at term 175 for recognizeCandidate:bc0bc980-c963-48ce-962e-85091c893131
2019-10-16 20:42:22,864 [grpc-default-executor-2] INFO  impl.RoleInfo (RoleInfo.java:shutdownFollowerState(121)) - d612b743-bedc-4c3f-983e-e3329f8a2e6f: shutdown FollowerState
2019-10-16 20:42:22,864 [grpc-default-executor-0] INFO  impl.RoleInfo (RoleInfo.java:shutdownFollowerState(121)) - 46069bd9-45fc-4c82-823c-36f07a1bcff0: shutdown FollowerState
2019-10-16 20:42:22,864 [grpc-default-executor-2] INFO  impl.RoleInfo (RoleInfo.java:updateAndGet(143)) - d612b743-bedc-4c3f-983e-e3329f8a2e6f: start FollowerState
2019-10-16 20:42:22,864 [Thread-1802] INFO  impl.FollowerState (FollowerState.java:run(117)) - d612b743-bedc-4c3f-983e-e3329f8a2e6f@group-28ACFA97060E-FollowerState was interrupted: java.lang.InterruptedException: sleep interrupted
2019-10-16 20:42:22,865 [grpc-default-executor-0] INFO  impl.RoleInfo (RoleInfo.java:updateAndGet(143)) - 46069bd9-45fc-4c82-823c-36f07a1bcff0: start FollowerState
2019-10-16 20:42:22,865 [Thread-1803] INFO  impl.FollowerState (FollowerState.java:run(117)) - 46069bd9-45fc-4c82-823c-36f07a1bcff0@group-28ACFA97060E-FollowerState was interrupted: java.lang.InterruptedException: sleep interrupted
2019-10-16 20:42:22,880 [bc0bc980-c963-48ce-962e-85091c893131@group-28ACFA97060E-LeaderElection187] INFO  impl.LeaderElection (LeaderElection.java:logAndReturn(56)) - bc0bc980-c963-48ce-962e-85091c893131@group-28ACFA97060E-LeaderElection187: Election REJECTED; received 2 response(s) [bc0bc980-c963-48ce-962e-85091c893131<-46069bd9-45fc-4c82-823c-36f07a1bcff0#0:FAIL-t175, bc0bc980-c963-48ce-962e-85091c893131<-d612b743-bedc-4c3f-983e-e3329f8a2e6f#0:FAIL-t175] and 0 exception(s); bc0bc980-c963-48ce-962e-85091c893131@group-28ACFA97060E:t175, leader=null, voted=bc0bc980-c963-48ce-962e-85091c893131, raftlog=bc0bc980-c963-48ce-962e-85091c893131@group-28ACFA97060E-SegmentedRaftLog:OPENED:c-1,f-1,i0, conf=-1: [46069bd9-45fc-4c82-823c-36f07a1bcff0:192.168.157.254:34001, bc0bc980-c963-48ce-962e-85091c893131:192.168.157.254:46787, d612b743-bedc-4c3f-983e-e3329f8a2e6f:192.168.157.254:44523], old=null
2019-10-16 20:42:22,880 [bc0bc980-c963-48ce-962e-85091c893131@group-28ACFA97060E-LeaderElection187] INFO  impl.RaftServerImpl (RaftServerImpl.java:setRole(184)) - bc0bc980-c963-48ce-962e-85091c893131@group-28ACFA97060E: changes role from CANDIDATE to FOLLOWER at term 175 for DISCOVERED_A_NEW_TERM
2019-10-16 20:42:22,880 [bc0bc980-c963-48ce-962e-85091c893131@group-28ACFA97060E-LeaderElection187] INFO  impl.RoleInfo (RoleInfo.java:shutdownLeaderElection(134)) - bc0bc980-c963-48ce-962e-85091c893131: shutdown LeaderElection
2019-10-16 20:42:22,880 [bc0bc980-c963-48ce-962e-85091c893131@group-28ACFA97060E-LeaderElection187] INFO  impl.RoleInfo (RoleInfo.java:updateAndGet(143)) - bc0bc980-c963-48ce-962e-85091c893131: start FollowerState
2019-10-16 20:42:22,935 [Thread-1810] INFO  impl.FollowerState (FollowerState.java:run(108)) - bc0bc980-c963-48ce-962e-85091c893131@group-28ACFA97060E-FollowerState: change to CANDIDATE, lastRpcTime:55ms, electionTimeout:55ms
2019-10-16 20:42:22,935 [Thread-1810] INFO  impl.RoleInfo (RoleInfo.java:shutdownFollowerState(121)) - bc0bc980-c963-48ce-962e-85091c893131: shutdown FollowerState
2019-10-16 20:42:22,935 [Thread-1810] INFO  impl.RaftServerImpl (RaftServerImpl.java:setRole(184)) - bc0bc980-c963-48ce-962e-85091c893131@group-28ACFA97060E: changes role from  FOLLOWER to CANDIDATE at term 175 for changeToCandidate
2019-10-16 20:42:22,936 [Thread-1810] INFO  impl.RoleInfo (RoleInfo.java:updateAndGet(143)) - bc0bc980-c963-48ce-962e-85091c893131: start LeaderElection
2019-10-16 20:42:22,957 [bc0bc980-c963-48ce-962e-85091c893131@group-28ACFA97060E-LeaderElection188] INFO  impl.LeaderElection (LeaderElection.java:askForVotes(178)) - bc0bc980-c963-48ce-962e-85091c893131@group-28ACFA97060E-LeaderElection188: begin an election at term 176 for -1: [46069bd9-45fc-4c82-823c-36f07a1bcff0:192.168.157.254:34001, bc0bc980-c963-48ce-962e-85091c893131:192.168.157.254:46787, d612b743-bedc-4c3f-983e-e3329f8a2e6f:192.168.157.254:44523], old=null
2019-10-16 20:42:22,959 [grpc-default-executor-2] INFO  impl.RaftServerImpl (RaftServerImpl.java:setRole(184)) - 46069bd9-45fc-4c82-823c-36f07a1bcff0@group-28ACFA97060E: changes role from  FOLLOWER to FOLLOWER at term 176 for recognizeCandidate:bc0bc980-c963-48ce-962e-85091c893131
2019-10-16 20:42:22,959 [grpc-default-executor-2] INFO  impl.RoleInfo (RoleInfo.java:shutdownFollowerState(121)) - 46069bd9-45fc-4c82-823c-36f07a1bcff0: shutdown FollowerState
2019-10-16 20:42:22,959 [grpc-default-executor-0] INFO  impl.RaftServerImpl (RaftServerImpl.java:setRole(184)) - d612b743-bedc-4c3f-983e-e3329f8a2e6f@group-28ACFA97060E: changes role from  FOLLOWER to FOLLOWER at term 176 for recognizeCandidate:bc0bc980-c963-48ce-962e-85091c893131
2019-10-16 20:42:22,959 [Thread-1809] INFO  impl.FollowerState (FollowerState.java:run(117)) - 46069bd9-45fc-4c82-823c-36f07a1bcff0@group-28ACFA97060E-FollowerState was interrupted: java.lang.InterruptedException: sleep interrupted
2019-10-16 20:42:22,959 [grpc-default-executor-2] INFO  impl.RoleInfo (RoleInfo.java:updateAndGet(143)) - 46069bd9-45fc-4c82-823c-36f07a1bcff0: start FollowerState
2019-10-16 20:42:22,959 [grpc-default-executor-0] INFO  impl.RoleInfo (RoleInfo.java:shutdownFollowerState(121)) - d612b743-bedc-4c3f-983e-e3329f8a2e6f: shutdown FollowerState
2019-10-16 20:42:22,960 [Thread-1808] INFO  impl.FollowerState (FollowerState.java:run(117)) - d612b743-bedc-4c3f-983e-e3329f8a2e6f@group-28ACFA97060E-FollowerState was interrupted: java.lang.InterruptedException: sleep interrupted
2019-10-16 20:42:22,960 [grpc-default-executor-0] INFO  impl.RoleInfo (RoleInfo.java:updateAndGet(143)) - d612b743-bedc-4c3f-983e-e3329f8a2e6f: start FollowerState
2019-10-16 20:42:22,985 [bc0bc980-c963-48ce-962e-85091c893131@group-28ACFA97060E-LeaderElection188] INFO  impl.LeaderElection (LeaderElection.java:logAndReturn(56)) - bc0bc980-c963-48ce-962e-85091c893131@group-28ACFA97060E-LeaderElection188: Election REJECTED; received 2 response(s) [bc0bc980-c963-48ce-962e-85091c893131<-46069bd9-45fc-4c82-823c-36f07a1bcff0#0:FAIL-t176, bc0bc980-c963-48ce-962e-85091c893131<-d612b743-bedc-4c3f-983e-e3329f8a2e6f#0:FAIL-t176] and 0 exception(s); bc0bc980-c963-48ce-962e-85091c893131@group-28ACFA97060E:t176, leader=null, voted=bc0bc980-c963-48ce-962e-85091c893131, raftlog=bc0bc980-c963-48ce-962e-85091c893131@group-28ACFA97060E-SegmentedRaftLog:OPENED:c-1,f-1,i0, conf=-1: [46069bd9-45fc-4c82-823c-36f07a1bcff0:192.168.157.254:34001, bc0bc980-c963-48ce-962e-85091c893131:192.168.157.254:46787, d612b743-bedc-4c3f-983e-e3329f8a2e6f:192.168.157.254:44523], old=null
2019-10-16 20:42:22,985 [bc0bc980-c963-48ce-962e-85091c893131@group-28ACFA97060E-LeaderElection188] INFO  impl.RaftServerImpl (RaftServerImpl.java:setRole(184)) - bc0bc980-c963-48ce-962e-85091c893131@group-28ACFA97060E: changes role from CANDIDATE to FOLLOWER at term 176 for DISCOVERED_A_NEW_TERM
2019-10-16 20:42:22,985 [bc0bc980-c963-48ce-962e-85091c893131@group-28ACFA97060E-LeaderElection188] INFO  impl.RoleInfo (RoleInfo.java:shutdownLeaderElection(134)) - bc0bc980-c963-48ce-962e-85091c893131: shutdown LeaderElection
2019-10-16 20:42:22,986 [bc0bc980-c963-48ce-962e-85091c893131@group-28ACFA97060E-LeaderElection188] INFO  impl.RoleInfo (RoleInfo.java:updateAndGet(143)) - bc0bc980-c963-48ce-962e-85091c893131: start FollowerState
2019-10-16 20:42:23,158 [Thread-1816] INFO  impl.FollowerState (FollowerState.java:run(108)) - bc0bc980-c963-48ce-962e-85091c893131@group-28ACFA97060E-FollowerState: change to CANDIDATE, lastRpcTime:172ms, electionTimeout:172ms
2019-10-16 20:42:23,158 [Thread-1816] INFO  impl.RoleInfo (RoleInfo.java:shutdownFollowerState(121)) - bc0bc980-c963-48ce-962e-85091c893131: shutdown FollowerState
2019-10-16 20:42:23,158 [Thread-1816] INFO  impl.RaftServerImpl (RaftServerImpl.java:setRole(184)) - bc0bc980-c963-48ce-962e-85091c893131@group-28ACFA97060E: changes role from  FOLLOWER to CANDIDATE at term 176 for changeToCandidate
2019-10-16 20:42:23,159 [Thread-1816] INFO  impl.RoleInfo (RoleInfo.java:updateAndGet(143)) - bc0bc980-c963-48ce-962e-85091c893131: start LeaderElection
2019-10-16 20:42:23,172 [bc0bc980-c963-48ce-962e-85091c893131@group-28ACFA97060E-LeaderElection189] INFO  impl.LeaderElection (LeaderElection.java:askForVotes(178)) - bc0bc980-c963-48ce-962e-85091c893131@group-28ACFA97060E-LeaderElection189: begin an election at term 177 for -1: [46069bd9-45fc-4c82-823c-36f07a1bcff0:192.168.157.254:34001, bc0bc980-c963-48ce-962e-85091c893131:192.168.157.254:46787, d612b743-bedc-4c3f-983e-e3329f8a2e6f:192.168.157.254:44523], old=null
2019-10-16 20:42:23,174 [grpc-default-executor-0] INFO  impl.RaftServerImpl (RaftServerImpl.java:setRole(184)) - 46069bd9-45fc-4c82-823c-36f07a1bcff0@group-28ACFA97060E: changes role from  FOLLOWER to FOLLOWER at term 177 for recognizeCandidate:bc0bc980-c963-48ce-962e-85091c893131
2019-10-16 20:42:23,174 [grpc-default-executor-0] INFO  impl.RoleInfo (RoleInfo.java:shutdownFollowerState(121)) - 46069bd9-45fc-4c82-823c-36f07a1bcff0: shutdown FollowerState
2019-10-16 20:42:23,174 [grpc-default-executor-2] INFO  impl.RaftServerImpl (RaftServerImpl.java:setRole(184)) - d612b743-bedc-4c3f-983e-e3329f8a2e6f@group-28ACFA97060E: changes role from  FOLLOWER to FOLLOWER at term 177 for recognizeCandidate:bc0bc980-c963-48ce-962e-85091c893131
2019-10-16 20:42:23,174 [grpc-default-executor-2] INFO  impl.RoleInfo (RoleInfo.java:shutdownFollowerState(121)) - d612b743-bedc-4c3f-983e-e3329f8a2e6f: shutdown FollowerState
2019-10-16 20:42:23,174 [Thread-1814] INFO  impl.FollowerState (FollowerState.java:run(117)) - 46069bd9-45fc-4c82-823c-36f07a1bcff0@group-28ACFA97060E-FollowerState was interrupted: java.lang.InterruptedException: sleep interrupted
2019-10-16 20:42:23,174 [grpc-default-executor-0] INFO  impl.RoleInfo (RoleInfo.java:updateAndGet(143)) - 46069bd9-45fc-4c82-823c-36f07a1bcff0: start FollowerState
2019-10-16 20:42:23,175 [Thread-1815] INFO  impl.FollowerState (FollowerState.java:run(117)) - d612b743-bedc-4c3f-983e-e3329f8a2e6f@group-28ACFA97060E-FollowerState was interrupted: java.lang.InterruptedException: sleep interrupted
2019-10-16 20:42:23,175 [grpc-default-executor-2] INFO  impl.RoleInfo (RoleInfo.java:updateAndGet(143)) - d612b743-bedc-4c3f-983e-e3329f8a2e6f: start FollowerState
2019-10-16 20:42:23,201 [bc0bc980-c963-48ce-962e-85091c893131@group-28ACFA97060E-LeaderElection189] INFO  impl.LeaderElection (LeaderElection.java:logAndReturn(56)) - bc0bc980-c963-48ce-962e-85091c893131@group-28ACFA97060E-LeaderElection189: Election REJECTED; received 2 response(s) [bc0bc980-c963-48ce-962e-85091c893131<-46069bd9-45fc-4c82-823c-36f07a1bcff0#0:FAIL-t177, bc0bc980-c963-48ce-962e-85091c893131<-d612b743-bedc-4c3f-983e-e3329f8a2e6f#0:FAIL-t177] and 0 exception(s); bc0bc980-c963-48ce-962e-85091c893131@group-28ACFA97060E:t177, leader=null, voted=bc0bc980-c963-48ce-962e-85091c893131, raftlog=bc0bc980-c963-48ce-962e-85091c893131@group-28ACFA97060E-SegmentedRaftLog:OPENED:c-1,f-1,i0, conf=-1: [46069bd9-45fc-4c82-823c-36f07a1bcff0:192.168.157.254:34001, bc0bc980-c963-48ce-962e-85091c893131:192.168.157.254:46787, d612b743-bedc-4c3f-983e-e3329f8a2e6f:192.168.157.254:44523], old=null
2019-10-16 20:42:23,201 [bc0bc980-c963-48ce-962e-85091c893131@group-28ACFA97060E-LeaderElection189] INFO  impl.RaftServerImpl (RaftServerImpl.java:setRole(184)) - bc0bc980-c963-48ce-962e-85091c893131@group-28ACFA97060E: changes role from CANDIDATE to FOLLOWER at term 177 for DISCOVERED_A_NEW_TERM
2019-10-16 20:42:23,201 [bc0bc980-c963-48ce-962e-85091c893131@group-28ACFA97060E-LeaderElection189] INFO  impl.RoleInfo (RoleInfo.java:shutdownLeaderElection(134)) - bc0bc980-c963-48ce-962e-85091c893131: shutdown LeaderElection
2019-10-16 20:42:23,201 [bc0bc980-c963-48ce-962e-85091c893131@group-28ACFA97060E-LeaderElection189] INFO  impl.RoleInfo (RoleInfo.java:updateAndGet(143)) - bc0bc980-c963-48ce-962e-85091c893131: start FollowerState
2019-10-16 20:42:23,283 [Thread-1822] INFO  impl.FollowerState (FollowerState.java:run(108)) - bc0bc980-c963-48ce-962e-85091c893131@group-28ACFA97060E-FollowerState: change to CANDIDATE, lastRpcTime:81ms, electionTimeout:81ms
2019-10-16 20:42:23,283 [Thread-1822] INFO  impl.RoleInfo (RoleInfo.java:shutdownFollowerState(121)) - bc0bc980-c963-48ce-962e-85091c893131: shutdown FollowerState
2019-10-16 20:42:23,283 [Thread-1822] INFO  impl.RaftServerImpl (RaftServerImpl.java:setRole(184)) - bc0bc980-c963-48ce-962e-85091c893131@group-28ACFA97060E: changes role from  FOLLOWER to CANDIDATE at term 177 for changeToCandidate
2019-10-16 20:42:23,283 [Thread-1822] INFO  impl.RoleInfo (RoleInfo.java:updateAndGet(143)) - bc0bc980-c963-48ce-962e-85091c893131: start LeaderElection
2019-10-16 20:42:23,308 [bc0bc980-c963-48ce-962e-85091c893131@group-28ACFA97060E-LeaderElection190] INFO  impl.LeaderElection (LeaderElection.java:askForVotes(178)) - bc0bc980-c963-48ce-962e-85091c893131@group-28ACFA97060E-LeaderElection190: begin an election at term 178 for -1: [46069bd9-45fc-4c82-823c-36f07a1bcff0:192.168.157.254:34001, bc0bc980-c963-48ce-962e-85091c893131:192.168.157.254:46787, d612b743-bedc-4c3f-983e-e3329f8a2e6f:192.168.157.254:44523], old=null
2019-10-16 20:42:23,310 [grpc-default-executor-0] INFO  impl.RaftServerImpl (RaftServerImpl.java:setRole(184)) - 46069bd9-45fc-4c82-823c-36f07a1bcff0@group-28ACFA97060E: changes role from  FOLLOWER to FOLLOWER at term 178 for recognizeCandidate:bc0bc980-c963-48ce-962e-85091c893131
2019-10-16 20:42:23,310 [grpc-default-executor-0] INFO  impl.RoleInfo (RoleInfo.java:shutdownFollowerState(121)) - 46069bd9-45fc-4c82-823c-36f07a1bcff0: shutdown FollowerState
2019-10-16 20:42:23,310 [grpc-default-executor-0] INFO  impl.RoleInfo (RoleInfo.java:updateAndGet(143)) - 46069bd9-45fc-4c82-823c-36f07a1bcff0: start FollowerState
2019-10-16 20:42:23,310 [Thread-1820] INFO  impl.FollowerState (FollowerState.java:run(117)) - 46069bd9-45fc-4c82-823c-36f07a1bcff0@group-28ACFA97060E-FollowerState was interrupted: java.lang.InterruptedException: sleep interrupted
2019-10-16 20:42:23,310 [grpc-default-executor-2] INFO  impl.RaftServerImpl (RaftServerImpl.java:setRole(184)) - d612b743-bedc-4c3f-983e-e3329f8a2e6f@group-28ACFA97060E: changes role from  FOLLOWER to FOLLOWER at term 178 for recognizeCandidate:bc0bc980-c963-48ce-962e-85091c893131
2019-10-16 20:42:23,310 [grpc-default-executor-2] INFO  impl.RoleInfo (RoleInfo.java:shutdownFollowerState(121)) - d612b743-bedc-4c3f-983e-e3329f8a2e6f: shutdown FollowerState
2019-10-16 20:42:23,310 [grpc-default-executor-2] INFO  impl.RoleInfo (RoleInfo.java:updateAndGet(143)) - d612b743-bedc-4c3f-983e-e3329f8a2e6f: start FollowerState
2019-10-16 20:42:23,311 [Thread-1821] INFO  impl.FollowerState (FollowerState.java:run(117)) - d612b743-bedc-4c3f-983e-e3329f8a2e6f@group-28ACFA97060E-FollowerState was interrupted: java.lang.InterruptedException: sleep interrupted
2019-10-16 20:42:23,343 [bc0bc980-c963-48ce-962e-85091c893131@group-28ACFA97060E-LeaderElection190] INFO  impl.LeaderElection (LeaderElection.java:logAndReturn(56)) - bc0bc980-c963-48ce-962e-85091c893131@group-28ACFA97060E-LeaderElection190: Election REJECTED; received 2 response(s) [bc0bc980-c963-48ce-962e-85091c893131<-46069bd9-45fc-4c82-823c-36f07a1bcff0#0:FAIL-t178, bc0bc980-c963-48ce-962e-85091c893131<-d612b743-bedc-4c3f-983e-e3329f8a2e6f#0:FAIL-t178] and 0 exception(s); bc0bc980-c963-48ce-962e-85091c893131@group-28ACFA97060E:t178, leader=null, voted=bc0bc980-c963-48ce-962e-85091c893131, raftlog=bc0bc980-c963-48ce-962e-85091c893131@group-28ACFA97060E-SegmentedRaftLog:OPENED:c-1,f-1,i0, conf=-1: [46069bd9-45fc-4c82-823c-36f07a1bcff0:192.168.157.254:34001, bc0bc980-c963-48ce-962e-85091c893131:192.168.157.254:46787, d612b743-bedc-4c3f-983e-e3329f8a2e6f:192.168.157.254:44523], old=null
2019-10-16 20:42:23,343 [bc0bc980-c963-48ce-962e-85091c893131@group-28ACFA97060E-LeaderElection190] INFO  impl.RaftServerImpl (RaftServerImpl.java:setRole(184)) - bc0bc980-c963-48ce-962e-85091c893131@group-28ACFA97060E: changes role from CANDIDATE to FOLLOWER at term 178 for DISCOVERED_A_NEW_TERM
2019-10-16 20:42:23,343 [bc0bc980-c963-48ce-962e-85091c893131@group-28ACFA97060E-LeaderElection190] INFO  impl.RoleInfo (RoleInfo.java:shutdownLeaderElection(134)) - bc0bc980-c963-48ce-962e-85091c893131: shutdown LeaderElection
2019-10-16 20:42:23,343 [bc0bc980-c963-48ce-962e-85091c893131@group-28ACFA97060E-LeaderElection190] INFO  impl.RoleInfo (RoleInfo.java:updateAndGet(143)) - bc0bc980-c963-48ce-962e-85091c893131: start FollowerState
2019-10-16 20:42:23,427 [Thread-1828] INFO  impl.FollowerState (FollowerState.java:run(108)) - bc0bc980-c963-48ce-962e-85091c893131@group-28ACFA97060E-FollowerState: change to CANDIDATE, lastRpcTime:84ms, electionTimeout:84ms
2019-10-16 20:42:23,428 [Thread-1828] INFO  impl.RoleInfo (RoleInfo.java:shutdownFollowerState(121)) - bc0bc980-c963-48ce-962e-85091c893131: shutdown FollowerState
2019-10-16 20:42:23,428 [Thread-1828] INFO  impl.RaftServerImpl (RaftServerImpl.java:setRole(184)) - bc0bc980-c963-48ce-962e-85091c893131@group-28ACFA97060E: changes role from  FOLLOWER to CANDIDATE at term 178 for changeToCandidate
2019-10-16 20:42:23,428 [Thread-1828] INFO  impl.RoleInfo (RoleInfo.java:updateAndGet(143)) - bc0bc980-c963-48ce-962e-85091c893131: start LeaderElection
2019-10-16 20:42:23,437 [bc0bc980-c963-48ce-962e-85091c893131@group-28ACFA97060E-LeaderElection191] INFO  impl.LeaderElection (LeaderElection.java:askForVotes(178)) - bc0bc980-c963-48ce-962e-85091c893131@group-28ACFA97060E-LeaderElection191: begin an election at term 179 for -1: [46069bd9-45fc-4c82-823c-36f07a1bcff0:192.168.157.254:34001, bc0bc980-c963-48ce-962e-85091c893131:192.168.157.254:46787, d612b743-bedc-4c3f-983e-e3329f8a2e6f:192.168.157.254:44523], old=null
2019-10-16 20:42:23,438 [grpc-default-executor-2] INFO  impl.RaftServerImpl (RaftServerImpl.java:setRole(184)) - 46069bd9-45fc-4c82-823c-36f07a1bcff0@group-28ACFA97060E: changes role from  FOLLOWER to FOLLOWER at term 179 for recognizeCandidate:bc0bc980-c963-48ce-962e-85091c893131
2019-10-16 20:42:23,439 [grpc-default-executor-2] INFO  impl.RoleInfo (RoleInfo.java:shutdownFollowerState(121)) - 46069bd9-45fc-4c82-823c-36f07a1bcff0: shutdown FollowerState
2019-10-16 20:42:23,439 [grpc-default-executor-0] INFO  impl.RaftServerImpl (RaftServerImpl.java:setRole(184)) - d612b743-bedc-4c3f-983e-e3329f8a2e6f@group-28ACFA97060E: changes role from  FOLLOWER to FOLLOWER at term 179 for recognizeCandidate:bc0bc980-c963-48ce-962e-85091c893131
2019-10-16 20:42:23,439 [Thread-1826] INFO  impl.FollowerState (FollowerState.java:run(117)) - 46069bd9-45fc-4c82-823c-36f07a1bcff0@group-28ACFA97060E-FollowerState was interrupted: java.lang.InterruptedException: sleep interrupted
2019-10-16 20:42:23,439 [grpc-default-executor-2] INFO  impl.RoleInfo (RoleInfo.java:updateAndGet(143)) - 46069bd9-45fc-4c82-823c-36f07a1bcff0: start FollowerState
2019-10-16 20:42:23,439 [grpc-default-executor-0] INFO  impl.RoleInfo (RoleInfo.java:shutdownFollowerState(121)) - d612b743-bedc-4c3f-983e-e3329f8a2e6f: shutdown FollowerState
2019-10-16 20:42:23,439 [grpc-default-executor-0] INFO  impl.RoleInfo (RoleInfo.java:updateAndGet(143)) - d612b743-bedc-4c3f-983e-e3329f8a2e6f: start FollowerState
2019-10-16 20:42:23,439 [Thread-1827] INFO  impl.FollowerState (FollowerState.java:run(117)) - d612b743-bedc-4c3f-983e-e3329f8a2e6f@group-28ACFA97060E-FollowerState was interrupted: java.lang.InterruptedException: sleep interrupted
2019-10-16 20:42:23,453 [bc0bc980-c963-48ce-962e-85091c893131@group-28ACFA97060E-LeaderElection191] INFO  impl.LeaderElection (LeaderElection.java:logAndReturn(56)) - bc0bc980-c963-48ce-962e-85091c893131@group-28ACFA97060E-LeaderElection191: Election REJECTED; received 2 response(s) [bc0bc980-c963-48ce-962e-85091c893131<-46069bd9-45fc-4c82-823c-36f07a1bcff0#0:FAIL-t179, bc0bc980-c963-48ce-962e-85091c893131<-d612b743-bedc-4c3f-983e-e3329f8a2e6f#0:FAIL-t179] and 0 exception(s); bc0bc980-c963-48ce-962e-85091c893131@group-28ACFA97060E:t179, leader=null, voted=bc0bc980-c963-48ce-962e-85091c893131, raftlog=bc0bc980-c963-48ce-962e-85091c893131@group-28ACFA97060E-SegmentedRaftLog:OPENED:c-1,f-1,i0, conf=-1: [46069bd9-45fc-4c82-823c-36f07a1bcff0:192.168.157.254:34001, bc0bc980-c963-48ce-962e-85091c893131:192.168.157.254:46787, d612b743-bedc-4c3f-983e-e3329f8a2e6f:192.168.157.254:44523], old=null
2019-10-16 20:42:23,453 [bc0bc980-c963-48ce-962e-85091c893131@group-28ACFA97060E-LeaderElection191] INFO  impl.RaftServerImpl (RaftServerImpl.java:setRole(184)) - bc0bc980-c963-48ce-962e-85091c893131@group-28ACFA97060E: changes role from CANDIDATE to FOLLOWER at term 179 for DISCOVERED_A_NEW_TERM
2019-10-16 20:42:23,454 [bc0bc980-c963-48ce-962e-85091c893131@group-28ACFA97060E-LeaderElection191] INFO  impl.RoleInfo (RoleInfo.java:shutdownLeaderElection(134)) - bc0bc980-c963-48ce-962e-85091c893131: shutdown LeaderElection
2019-10-16 20:42:23,454 [bc0bc980-c963-48ce-962e-85091c893131@group-28ACFA97060E-LeaderElection191] INFO  impl.RoleInfo (RoleInfo.java:updateAndGet(143)) - bc0bc980-c963-48ce-962e-85091c893131: start FollowerState
2019-10-16 20:42:23,467 [Thread-1834] INFO  impl.FollowerState (FollowerState.java:run(108)) - bc0bc980-c963-48ce-962e-85091c893131@group-28ACFA97060E-FollowerState: change to CANDIDATE, lastRpcTime:13ms, electionTimeout:13ms
2019-10-16 20:42:23,467 [Thread-1834] INFO  impl.RoleInfo (RoleInfo.java:shutdownFollowerState(121)) - bc0bc980-c963-48ce-962e-85091c893131: shutdown FollowerState
2019-10-16 20:42:23,468 [Thread-1834] INFO  impl.RaftServerImpl (RaftServerImpl.java:setRole(184)) - bc0bc980-c963-48ce-962e-85091c893131@group-28ACFA97060E: changes role from  FOLLOWER to CANDIDATE at term 179 for changeToCandidate
2019-10-16 20:42:23,468 [Thread-1834] INFO  impl.RoleInfo (RoleInfo.java:updateAndGet(143)) - bc0bc980-c963-48ce-962e-85091c893131: start LeaderElection
2019-10-16 20:42:23,480 [bc0bc980-c963-48ce-962e-85091c893131@group-28ACFA97060E-LeaderElection192] INFO  impl.LeaderElection (LeaderElection.java:askForVotes(178)) - bc0bc980-c963-48ce-962e-85091c893131@group-28ACFA97060E-LeaderElection192: begin an election at term 180 for -1: [46069bd9-45fc-4c82-823c-36f07a1bcff0:192.168.157.254:34001, bc0bc980-c963-48ce-962e-85091c893131:192.168.157.254:46787, d612b743-bedc-4c3f-983e-e3329f8a2e6f:192.168.157.254:44523], old=null
2019-10-16 20:42:23,482 [grpc-default-executor-0] INFO  impl.RaftServerImpl (RaftServerImpl.java:setRole(184)) - 46069bd9-45fc-4c82-823c-36f07a1bcff0@group-28ACFA97060E: changes role from  FOLLOWER to FOLLOWER at term 180 for recognizeCandidate:bc0bc980-c963-48ce-962e-85091c893131
2019-10-16 20:42:23,482 [grpc-default-executor-0] INFO  impl.RoleInfo (RoleInfo.java:shutdownFollowerState(121)) - 46069bd9-45fc-4c82-823c-36f07a1bcff0: shutdown FollowerState
2019-10-16 20:42:23,482 [grpc-default-executor-0] INFO  impl.RoleInfo (RoleInfo.java:updateAndGet(143)) - 46069bd9-45fc-4c82-823c-36f07a1bcff0: start FollowerState
2019-10-16 20:42:23,482 [Thread-1832] INFO  impl.FollowerState (FollowerState.java:run(117)) - 46069bd9-45fc-4c82-823c-36f07a1bcff0@group-28ACFA97060E-FollowerState was interrupted: java.lang.InterruptedException: sleep interrupted
2019-10-16 20:42:23,482 [grpc-default-executor-2] INFO  impl.RaftServerImpl (RaftServerImpl.java:setRole(184)) - d612b743-bedc-4c3f-983e-e3329f8a2e6f@group-28ACFA97060E: changes role from  FOLLOWER to FOLLOWER at term 180 for recognizeCandidate:bc0bc980-c963-48ce-962e-85091c893131
2019-10-16 20:42:23,482 [grpc-default-executor-2] INFO  impl.RoleInfo (RoleInfo.java:shutdownFollowerState(121)) - d612b743-bedc-4c3f-983e-e3329f8a2e6f: shutdown FollowerState
2019-10-16 20:42:23,483 [grpc-default-executor-2] INFO  impl.RoleInfo (RoleInfo.java:updateAndGet(143)) - d612b743-bedc-4c3f-983e-e3329f8a2e6f: start FollowerState
2019-10-16 20:42:23,483 [Thread-1833] INFO  impl.FollowerState (FollowerState.java:run(117)) - d612b743-bedc-4c3f-983e-e3329f8a2e6f@group-28ACFA97060E-FollowerState was interrupted: java.lang.InterruptedException: sleep interrupted
2019-10-16 20:42:23,497 [bc0bc980-c963-48ce-962e-85091c893131@group-28ACFA97060E-LeaderElection192] INFO  impl.LeaderElection (LeaderElection.java:logAndReturn(56)) - bc0bc980-c963-48ce-962e-85091c893131@group-28ACFA97060E-LeaderElection192: Election REJECTED; received 2 response(s) [bc0bc980-c963-48ce-962e-85091c893131<-46069bd9-45fc-4c82-823c-36f07a1bcff0#0:FAIL-t180, bc0bc980-c963-48ce-962e-85091c893131<-d612b743-bedc-4c3f-983e-e3329f8a2e6f#0:FAIL-t180] and 0 exception(s); bc0bc980-c963-48ce-962e-85091c893131@group-28ACFA97060E:t180, leader=null, voted=bc0bc980-c963-48ce-962e-85091c893131, raftlog=bc0bc980-c963-48ce-962e-85091c893131@group-28ACFA97060E-SegmentedRaftLog:OPENED:c-1,f-1,i0, conf=-1: [46069bd9-45fc-4c82-823c-36f07a1bcff0:192.168.157.254:34001, bc0bc980-c963-48ce-962e-85091c893131:192.168.157.254:46787, d612b743-bedc-4c3f-983e-e3329f8a2e6f:192.168.157.254:44523], old=null
2019-10-16 20:42:23,497 [bc0bc980-c963-48ce-962e-85091c893131@group-28ACFA97060E-LeaderElection192] INFO  impl.RaftServerImpl (RaftServerImpl.java:setRole(184)) - bc0bc980-c963-48ce-962e-85091c893131@group-28ACFA97060E: changes role from CANDIDATE to FOLLOWER at term 180 for DISCOVERED_A_NEW_TERM
2019-10-16 20:42:23,497 [bc0bc980-c963-48ce-962e-85091c893131@group-28ACFA97060E-LeaderElection192] INFO  impl.RoleInfo (RoleInfo.java:shutdownLeaderElection(134)) - bc0bc980-c963-48ce-962e-85091c893131: shutdown LeaderElection
2019-10-16 20:42:23,497 [bc0bc980-c963-48ce-962e-85091c893131@group-28ACFA97060E-LeaderElection192] INFO  impl.RoleInfo (RoleInfo.java:updateAndGet(143)) - bc0bc980-c963-48ce-962e-85091c893131: start FollowerState
2019-10-16 20:42:23,559 [Thread-1840] INFO  impl.FollowerState (FollowerState.java:run(108)) - bc0bc980-c963-48ce-962e-85091c893131@group-28ACFA97060E-FollowerState: change to CANDIDATE, lastRpcTime:62ms, electionTimeout:62ms
2019-10-16 20:42:23,560 [Thread-1840] INFO  impl.RoleInfo (RoleInfo.java:shutdownFollowerState(121)) - bc0bc980-c963-48ce-962e-85091c893131: shutdown FollowerState
2019-10-16 20:42:23,560 [Thread-1840] INFO  impl.RaftServerImpl (RaftServerImpl.java:setRole(184)) - bc0bc980-c963-48ce-962e-85091c893131@group-28ACFA97060E: changes role from  FOLLOWER to CANDIDATE at term 180 for changeToCandidate
2019-10-16 20:42:23,560 [Thread-1840] INFO  impl.RoleInfo (RoleInfo.java:updateAndGet(143)) - bc0bc980-c963-48ce-962e-85091c893131: start LeaderElection
2019-10-16 20:42:23,586 [bc0bc980-c963-48ce-962e-85091c893131@group-28ACFA97060E-LeaderElection193] INFO  impl.LeaderElection (LeaderElection.java:askForVotes(178)) - bc0bc980-c963-48ce-962e-85091c893131@group-28ACFA97060E-LeaderElection193: begin an election at term 181 for -1: [46069bd9-45fc-4c82-823c-36f07a1bcff0:192.168.157.254:34001, bc0bc980-c963-48ce-962e-85091c893131:192.168.157.254:46787, d612b743-bedc-4c3f-983e-e3329f8a2e6f:192.168.157.254:44523], old=null
2019-10-16 20:42:23,587 [grpc-default-executor-0] INFO  impl.RaftServerImpl (RaftServerImpl.java:setRole(184)) - 46069bd9-45fc-4c82-823c-36f07a1bcff0@group-28ACFA97060E: changes role from  FOLLOWER to FOLLOWER at term 181 for recognizeCandidate:bc0bc980-c963-48ce-962e-85091c893131
2019-10-16 20:42:23,587 [grpc-default-executor-0] INFO  impl.RoleInfo (RoleInfo.java:shutdownFollowerState(121)) - 46069bd9-45fc-4c82-823c-36f07a1bcff0: shutdown FollowerState
2019-10-16 20:42:23,587 [grpc-default-executor-2] INFO  impl.RaftServerImpl (RaftServerImpl.java:setRole(184)) - d612b743-bedc-4c3f-983e-e3329f8a2e6f@group-28ACFA97060E: changes role from  FOLLOWER to FOLLOWER at term 181 for recognizeCandidate:bc0bc980-c963-48ce-962e-85091c893131
2019-10-16 20:42:23,588 [Thread-1838] INFO  impl.FollowerState (FollowerState.java:run(117)) - 46069bd9-45fc-4c82-823c-36f07a1bcff0@group-28ACFA97060E-FollowerState was interrupted: java.lang.InterruptedException: sleep interrupted
2019-10-16 20:42:23,587 [grpc-default-executor-0] INFO  impl.RoleInfo (RoleInfo.java:updateAndGet(143)) - 46069bd9-45fc-4c82-823c-36f07a1bcff0: start FollowerState
2019-10-16 20:42:23,588 [grpc-default-executor-2] INFO  impl.RoleInfo (RoleInfo.java:shutdownFollowerState(121)) - d612b743-bedc-4c3f-983e-e3329f8a2e6f: shutdown FollowerState
2019-10-16 20:42:23,588 [grpc-default-executor-2] INFO  impl.RoleInfo (RoleInfo.java:updateAndGet(143)) - d612b743-bedc-4c3f-983e-e3329f8a2e6f: start FollowerState
2019-10-16 20:42:23,588 [Thread-1839] INFO  impl.FollowerState (FollowerState.java:run(117)) - d612b743-bedc-4c3f-983e-e3329f8a2e6f@group-28ACFA97060E-FollowerState was interrupted: java.lang.InterruptedException: sleep interrupted
2019-10-16 20:42:23,591 [bc0bc980-c963-48ce-962e-85091c893131@group-28ACFA97060E-LeaderElection193] INFO  impl.LeaderElection (LeaderElection.java:logAndReturn(56)) - bc0bc980-c963-48ce-962e-85091c893131@group-28ACFA97060E-LeaderElection193: Election TIMEOUT; received 0 response(s) [] and 0 exception(s); bc0bc980-c963-48ce-962e-85091c893131@group-28ACFA97060E:t181, leader=null, voted=bc0bc980-c963-48ce-962e-85091c893131, raftlog=bc0bc980-c963-48ce-962e-85091c893131@group-28ACFA97060E-SegmentedRaftLog:OPENED:c-1,f-1,i0, conf=-1: [46069bd9-45fc-4c82-823c-36f07a1bcff0:192.168.157.254:34001, bc0bc980-c963-48ce-962e-85091c893131:192.168.157.254:46787, d612b743-bedc-4c3f-983e-e3329f8a2e6f:192.168.157.254:44523], old=null
2019-10-16 20:42:23,598 [bc0bc980-c963-48ce-962e-85091c893131@group-28ACFA97060E-LeaderElection193] INFO  impl.LeaderElection (LeaderElection.java:askForVotes(178)) - bc0bc980-c963-48ce-962e-85091c893131@group-28ACFA97060E-LeaderElection193: begin an election at term 182 for -1: [46069bd9-45fc-4c82-823c-36f07a1bcff0:192.168.157.254:34001, bc0bc980-c963-48ce-962e-85091c893131:192.168.157.254:46787, d612b743-bedc-4c3f-983e-e3329f8a2e6f:192.168.157.254:44523], old=null
2019-10-16 20:42:23,599 [grpc-default-executor-0] INFO  impl.RaftServerImpl (RaftServerImpl.java:setRole(184)) - 46069bd9-45fc-4c82-823c-36f07a1bcff0@group-28ACFA97060E: changes role from  FOLLOWER to FOLLOWER at term 182 for recognizeCandidate:bc0bc980-c963-48ce-962e-85091c893131
2019-10-16 20:42:23,599 [grpc-default-executor-0] INFO  impl.RoleInfo (RoleInfo.java:shutdownFollowerState(121)) - 46069bd9-45fc-4c82-823c-36f07a1bcff0: shutdown FollowerState
2019-10-16 20:42:23,599 [grpc-default-executor-0] INFO  impl.RoleInfo (RoleInfo.java:updateAndGet(143)) - 46069bd9-45fc-4c82-823c-36f07a1bcff0: start FollowerState
2019-10-16 20:42:23,599 [grpc-default-executor-2] INFO  impl.RaftServerImpl (RaftServerImpl.java:setRole(184)) - d612b743-bedc-4c3f-983e-e3329f8a2e6f@group-28ACFA97060E: changes role from  FOLLOWER to FOLLOWER at term 182 for recognizeCandidate:bc0bc980-c963-48ce-962e-85091c893131
2019-10-16 20:42:23,599 [Thread-1844] INFO  impl.FollowerState (FollowerState.java:run(117)) - 46069bd9-45fc-4c82-823c-36f07a1bcff0@group-28ACFA97060E-FollowerState was interrupted: java.lang.InterruptedException: sleep interrupted
2019-10-16 20:42:23,600 [grpc-default-executor-2] INFO  impl.RoleInfo (RoleInfo.java:shutdownFollowerState(121)) - d612b743-bedc-4c3f-983e-e3329f8a2e6f: shutdown FollowerState
2019-10-16 20:42:23,600 [Thread-1845] INFO  impl.FollowerState (FollowerState.java:run(117)) - d612b743-bedc-4c3f-983e-e3329f8a2e6f@group-28ACFA97060E-FollowerState was interrupted: java.lang.InterruptedException: sleep interrupted
2019-10-16 20:42:23,600 [grpc-default-executor-2] INFO  impl.RoleInfo (RoleInfo.java:updateAndGet(143)) - d612b743-bedc-4c3f-983e-e3329f8a2e6f: start FollowerState
2019-10-16 20:42:23,625 [bc0bc980-c963-48ce-962e-85091c893131@group-28ACFA97060E-LeaderElection193] INFO  impl.LeaderElection (LeaderElection.java:logAndReturn(56)) - bc0bc980-c963-48ce-962e-85091c893131@group-28ACFA97060E-LeaderElection193: Election REJECTED; received 2 response(s) [bc0bc980-c963-48ce-962e-85091c893131<-46069bd9-45fc-4c82-823c-36f07a1bcff0#0:FAIL-t182, bc0bc980-c963-48ce-962e-85091c893131<-d612b743-bedc-4c3f-983e-e3329f8a2e6f#0:FAIL-t182] and 0 exception(s); bc0bc980-c963-48ce-962e-85091c893131@group-28ACFA97060E:t182, leader=null, voted=bc0bc980-c963-48ce-962e-85091c893131, raftlog=bc0bc980-c963-48ce-962e-85091c893131@group-28ACFA97060E-SegmentedRaftLog:OPENED:c-1,f-1,i0, conf=-1: [46069bd9-45fc-4c82-823c-36f07a1bcff0:192.168.157.254:34001, bc0bc980-c963-48ce-962e-85091c893131:192.168.157.254:46787, d612b743-bedc-4c3f-983e-e3329f8a2e6f:192.168.157.254:44523], old=null
2019-10-16 20:42:23,625 [bc0bc980-c963-48ce-962e-85091c893131@group-28ACFA97060E-LeaderElection193] INFO  impl.RaftServerImpl (RaftServerImpl.java:setRole(184)) - bc0bc980-c963-48ce-962e-85091c893131@group-28ACFA97060E: changes role from CANDIDATE to FOLLOWER at term 182 for DISCOVERED_A_NEW_TERM
2019-10-16 20:42:23,625 [bc0bc980-c963-48ce-962e-85091c893131@group-28ACFA97060E-LeaderElection193] INFO  impl.RoleInfo (RoleInfo.java:shutdownLeaderElection(134)) - bc0bc980-c963-48ce-962e-85091c893131: shutdown LeaderElection
2019-10-16 20:42:23,626 [bc0bc980-c963-48ce-962e-85091c893131@group-28ACFA97060E-LeaderElection193] INFO  impl.RoleInfo (RoleInfo.java:updateAndGet(143)) - bc0bc980-c963-48ce-962e-85091c893131: start FollowerState
2019-10-16 20:42:23,803 [Thread-1850] INFO  impl.FollowerState (FollowerState.java:run(108)) - bc0bc980-c963-48ce-962e-85091c893131@group-28ACFA97060E-FollowerState: change to CANDIDATE, lastRpcTime:177ms, electionTimeout:177ms
2019-10-16 20:42:23,803 [Thread-1850] INFO  impl.RoleInfo (RoleInfo.java:shutdownFollowerState(121)) - bc0bc980-c963-48ce-962e-85091c893131: shutdown FollowerState
2019-10-16 20:42:23,803 [Thread-1850] INFO  impl.RaftServerImpl (RaftServerImpl.java:setRole(184)) - bc0bc980-c963-48ce-962e-85091c893131@group-28ACFA97060E: changes role from  FOLLOWER to CANDIDATE at term 182 for changeToCandidate
2019-10-16 20:42:23,803 [Thread-1850] INFO  impl.RoleInfo (RoleInfo.java:updateAndGet(143)) - bc0bc980-c963-48ce-962e-85091c893131: start LeaderElection
2019-10-16 20:42:23,815 [bc0bc980-c963-48ce-962e-85091c893131@group-28ACFA97060E-LeaderElection194] INFO  impl.LeaderElection (LeaderElection.java:askForVotes(178)) - bc0bc980-c963-48ce-962e-85091c893131@group-28ACFA97060E-LeaderElection194: begin an election at term 183 for -1: [46069bd9-45fc-4c82-823c-36f07a1bcff0:192.168.157.254:34001, bc0bc980-c963-48ce-962e-85091c893131:192.168.157.254:46787, d612b743-bedc-4c3f-983e-e3329f8a2e6f:192.168.157.254:44523], old=null
2019-10-16 20:42:23,817 [grpc-default-executor-0] INFO  impl.RaftServerImpl (RaftServerImpl.java:setRole(184)) - 46069bd9-45fc-4c82-823c-36f07a1bcff0@group-28ACFA97060E: changes role from  FOLLOWER to FOLLOWER at term 183 for recognizeCandidate:bc0bc980-c963-48ce-962e-85091c893131
2019-10-16 20:42:23,817 [grpc-default-executor-0] INFO  impl.RoleInfo (RoleInfo.java:shutdownFollowerState(121)) - 46069bd9-45fc-4c82-823c-36f07a1bcff0: shutdown FollowerState
2019-10-16 20:42:23,817 [grpc-default-executor-2] INFO  impl.RaftServerImpl (RaftServerImpl.java:setRole(184)) - d612b743-bedc-4c3f-983e-e3329f8a2e6f@group-28ACFA97060E: changes role from  FOLLOWER to FOLLOWER at term 183 for recognizeCandidate:bc0bc980-c963-48ce-962e-85091c893131
2019-10-16 20:42:23,817 [grpc-default-executor-2] INFO  impl.RoleInfo (RoleInfo.java:shutdownFollowerState(121)) - d612b743-bedc-4c3f-983e-e3329f8a2e6f: shutdown FollowerState
2019-10-16 20:42:23,817 [Thread-1848] INFO  impl.FollowerState (FollowerState.java:run(117)) - 46069bd9-45fc-4c82-823c-36f07a1bcff0@group-28ACFA97060E-FollowerState was interrupted: java.lang.InterruptedException: sleep interrupted
2019-10-16 20:42:23,817 [grpc-default-executor-0] INFO  impl.RoleInfo (RoleInfo.java:updateAndGet(143)) - 46069bd9-45fc-4c82-823c-36f07a1bcff0: start FollowerState
2019-10-16 20:42:23,817 [grpc-default-executor-2] INFO  impl.RoleInfo (RoleInfo.java:updateAndGet(143)) - d612b743-bedc-4c3f-983e-e3329f8a2e6f: start FollowerState
2019-10-16 20:42:23,817 [Thread-1849] INFO  impl.FollowerState (FollowerState.java:run(117)) - d612b743-bedc-4c3f-983e-e3329f8a2e6f@group-28ACFA97060E-FollowerState was interrupted: java.lang.InterruptedException: sleep interrupted
2019-10-16 20:42:23,848 [bc0bc980-c963-48ce-962e-85091c893131@group-28ACFA97060E-LeaderElection194] INFO  impl.LeaderElection (LeaderElection.java:logAndReturn(56)) - bc0bc980-c963-48ce-962e-85091c893131@group-28ACFA97060E-LeaderElection194: Election REJECTED; received 2 response(s) [bc0bc980-c963-48ce-962e-85091c893131<-46069bd9-45fc-4c82-823c-36f07a1bcff0#0:FAIL-t183, bc0bc980-c963-48ce-962e-85091c893131<-d612b743-bedc-4c3f-983e-e3329f8a2e6f#0:FAIL-t183] and 0 exception(s); bc0bc980-c963-48ce-962e-85091c893131@group-28ACFA97060E:t183, leader=null, voted=bc0bc980-c963-48ce-962e-85091c893131, raftlog=bc0bc980-c963-48ce-962e-85091c893131@group-28ACFA97060E-SegmentedRaftLog:OPENED:c-1,f-1,i0, conf=-1: [46069bd9-45fc-4c82-823c-36f07a1bcff0:192.168.157.254:34001, bc0bc980-c963-48ce-962e-85091c893131:192.168.157.254:46787, d612b743-bedc-4c3f-983e-e3329f8a2e6f:192.168.157.254:44523], old=null
2019-10-16 20:42:23,848 [bc0bc980-c963-48ce-962e-85091c893131@group-28ACFA97060E-LeaderElection194] INFO  impl.RaftServerImpl (RaftServerImpl.java:setRole(184)) - bc0bc980-c963-48ce-962e-85091c893131@group-28ACFA97060E: changes role from CANDIDATE to FOLLOWER at term 183 for DISCOVERED_A_NEW_TERM
2019-10-16 20:42:23,848 [bc0bc980-c963-48ce-962e-85091c893131@group-28ACFA97060E-LeaderElection194] INFO  impl.RoleInfo (RoleInfo.java:shutdownLeaderElection(134)) - bc0bc980-c963-48ce-962e-85091c893131: shutdown LeaderElection
2019-10-16 20:42:23,849 [bc0bc980-c963-48ce-962e-85091c893131@group-28ACFA97060E-LeaderElection194] INFO  impl.RoleInfo (RoleInfo.java:updateAndGet(143)) - bc0bc980-c963-48ce-962e-85091c893131: start FollowerState
2019-10-16 20:42:23,968 [Thread-1856] INFO  impl.FollowerState (FollowerState.java:run(108)) - bc0bc980-c963-48ce-962e-85091c893131@group-28ACFA97060E-FollowerState: change to CANDIDATE, lastRpcTime:119ms, electionTimeout:119ms
2019-10-16 20:42:23,968 [Thread-1856] INFO  impl.RoleInfo (RoleInfo.java:shutdownFollowerState(121)) - bc0bc980-c963-48ce-962e-85091c893131: shutdown FollowerState
2019-10-16 20:42:23,968 [Thread-1856] INFO  impl.RaftServerImpl (RaftServerImpl.java:setRole(184)) - bc0bc980-c963-48ce-962e-85091c893131@group-28ACFA97060E: changes role from  FOLLOWER to CANDIDATE at term 183 for changeToCandidate
2019-10-16 20:42:23,969 [Thread-1856] INFO  impl.RoleInfo (RoleInfo.java:updateAndGet(143)) - bc0bc980-c963-48ce-962e-85091c893131: start LeaderElection
2019-10-16 20:42:23,976 [bc0bc980-c963-48ce-962e-85091c893131@group-28ACFA97060E-LeaderElection195] INFO  impl.LeaderElection (LeaderElection.java:askForVotes(178)) - bc0bc980-c963-48ce-962e-85091c893131@group-28ACFA97060E-LeaderElection195: begin an election at term 184 for -1: [46069bd9-45fc-4c82-823c-36f07a1bcff0:192.168.157.254:34001, bc0bc980-c963-48ce-962e-85091c893131:192.168.157.254:46787, d612b743-bedc-4c3f-983e-e3329f8a2e6f:192.168.157.254:44523], old=null
2019-10-16 20:42:23,978 [grpc-default-executor-2] INFO  impl.RaftServerImpl (RaftServerImpl.java:setRole(184)) - 46069bd9-45fc-4c82-823c-36f07a1bcff0@group-28ACFA97060E: changes role from  FOLLOWER to FOLLOWER at term 184 for recognizeCandidate:bc0bc980-c963-48ce-962e-85091c893131
2019-10-16 20:42:23,978 [grpc-default-executor-0] INFO  impl.RaftServerImpl (RaftServerImpl.java:setRole(184)) - d612b743-bedc-4c3f-983e-e3329f8a2e6f@group-28ACFA97060E: changes role from  FOLLOWER to FOLLOWER at term 184 for recognizeCandidate:bc0bc980-c963-48ce-962e-85091c893131
2019-10-16 20:42:23,979 [grpc-default-executor-2] INFO  impl.RoleInfo (RoleInfo.java:shutdownFollowerState(121)) - 46069bd9-45fc-4c82-823c-36f07a1bcff0: shutdown FollowerState
2019-10-16 20:42:23,979 [grpc-default-executor-0] INFO  impl.RoleInfo (RoleInfo.java:shutdownFollowerState(121)) - d612b743-bedc-4c3f-983e-e3329f8a2e6f: shutdown FollowerState
2019-10-16 20:42:23,979 [grpc-default-executor-2] INFO  impl.RoleInfo (RoleInfo.java:updateAndGet(143)) - 46069bd9-45fc-4c82-823c-36f07a1bcff0: start FollowerState
2019-10-16 20:42:23,979 [Thread-1854] INFO  impl.FollowerState (FollowerState.java:run(117)) - 46069bd9-45fc-4c82-823c-36f07a1bcff0@group-28ACFA97060E-FollowerState was interrupted: java.lang.InterruptedException: sleep interrupted
2019-10-16 20:42:23,979 [Thread-1855] INFO  impl.FollowerState (FollowerState.java:run(117)) - d612b743-bedc-4c3f-983e-e3329f8a2e6f@group-28ACFA97060E-FollowerState was interrupted: java.lang.InterruptedException: sleep interrupted
2019-10-16 20:42:23,979 [grpc-default-executor-0] INFO  impl.RoleInfo (RoleInfo.java:updateAndGet(143)) - d612b743-bedc-4c3f-983e-e3329f8a2e6f: start FollowerState
2019-10-16 20:42:23,984 [bc0bc980-c963-48ce-962e-85091c893131@group-28ACFA97060E-LeaderElection195] INFO  impl.LeaderElection (LeaderElection.java:logAndReturn(56)) - bc0bc980-c963-48ce-962e-85091c893131@group-28ACFA97060E-LeaderElection195: Election REJECTED; received 2 response(s) [bc0bc980-c963-48ce-962e-85091c893131<-46069bd9-45fc-4c82-823c-36f07a1bcff0#0:FAIL-t184, bc0bc980-c963-48ce-962e-85091c893131<-d612b743-bedc-4c3f-983e-e3329f8a2e6f#0:FAIL-t184] and 0 exception(s); bc0bc980-c963-48ce-962e-85091c893131@group-28ACFA97060E:t184, leader=null, voted=bc0bc980-c963-48ce-962e-85091c893131, raftlog=bc0bc980-c963-48ce-962e-85091c893131@group-28ACFA97060E-SegmentedRaftLog:OPENED:c-1,f-1,i0, conf=-1: [46069bd9-45fc-4c82-823c-36f07a1bcff0:192.168.157.254:34001, bc0bc980-c963-48ce-962e-85091c893131:192.168.157.254:46787, d612b743-bedc-4c3f-983e-e3329f8a2e6f:192.168.157.254:44523], old=null
2019-10-16 20:42:23,984 [bc0bc980-c963-48ce-962e-85091c893131@group-28ACFA97060E-LeaderElection195] INFO  impl.RaftServerImpl (RaftServerImpl.java:setRole(184)) - bc0bc980-c963-48ce-962e-85091c893131@group-28ACFA97060E: changes role from CANDIDATE to FOLLOWER at term 184 for DISCOVERED_A_NEW_TERM
2019-10-16 20:42:23,984 [bc0bc980-c963-48ce-962e-85091c893131@group-28ACFA97060E-LeaderElection195] INFO  impl.RoleInfo (RoleInfo.java:shutdownLeaderElection(134)) - bc0bc980-c963-48ce-962e-85091c893131: shutdown LeaderElection
2019-10-16 20:42:23,984 [bc0bc980-c963-48ce-962e-85091c893131@group-28ACFA97060E-LeaderElection195] INFO  impl.RoleInfo (RoleInfo.java:updateAndGet(143)) - bc0bc980-c963-48ce-962e-85091c893131: start FollowerState
2019-10-16 20:42:24,150 [Thread-1862] INFO  impl.FollowerState (FollowerState.java:run(108)) - bc0bc980-c963-48ce-962e-85091c893131@group-28ACFA97060E-FollowerState: change to CANDIDATE, lastRpcTime:166ms, electionTimeout:166ms
2019-10-16 20:42:24,151 [Thread-1862] INFO  impl.RoleInfo (RoleInfo.java:shutdownFollowerState(121)) - bc0bc980-c963-48ce-962e-85091c893131: shutdown FollowerState
2019-10-16 20:42:24,151 [Thread-1862] INFO  impl.RaftServerImpl (RaftServerImpl.java:setRole(184)) - bc0bc980-c963-48ce-962e-85091c893131@group-28ACFA97060E: changes role from  FOLLOWER to CANDIDATE at term 184 for changeToCandidate
2019-10-16 20:42:24,151 [Thread-1862] INFO  impl.RoleInfo (RoleInfo.java:updateAndGet(143)) - bc0bc980-c963-48ce-962e-85091c893131: start LeaderElection
2019-10-16 20:42:24,166 [bc0bc980-c963-48ce-962e-85091c893131@group-28ACFA97060E-LeaderElection196] INFO  impl.LeaderElection (LeaderElection.java:askForVotes(178)) - bc0bc980-c963-48ce-962e-85091c893131@group-28ACFA97060E-LeaderElection196: begin an election at term 185 for -1: [46069bd9-45fc-4c82-823c-36f07a1bcff0:192.168.157.254:34001, bc0bc980-c963-48ce-962e-85091c893131:192.168.157.254:46787, d612b743-bedc-4c3f-983e-e3329f8a2e6f:192.168.157.254:44523], old=null
2019-10-16 20:42:24,168 [grpc-default-executor-2] INFO  impl.RaftServerImpl (RaftServerImpl.java:setRole(184)) - 46069bd9-45fc-4c82-823c-36f07a1bcff0@group-28ACFA97060E: changes role from  FOLLOWER to FOLLOWER at term 185 for recognizeCandidate:bc0bc980-c963-48ce-962e-85091c893131
2019-10-16 20:42:24,168 [grpc-default-executor-0] INFO  impl.RaftServerImpl (RaftServerImpl.java:setRole(184)) - d612b743-bedc-4c3f-983e-e3329f8a2e6f@group-28ACFA97060E: changes role from  FOLLOWER to FOLLOWER at term 185 for recognizeCandidate:bc0bc980-c963-48ce-962e-85091c893131
2019-10-16 20:42:24,168 [grpc-default-executor-2] INFO  impl.RoleInfo (RoleInfo.java:shutdownFollowerState(121)) - 46069bd9-45fc-4c82-823c-36f07a1bcff0: shutdown FollowerState
2019-10-16 20:42:24,168 [grpc-default-executor-0] INFO  impl.RoleInfo (RoleInfo.java:shutdownFollowerState(121)) - d612b743-bedc-4c3f-983e-e3329f8a2e6f: shutdown FollowerState
2019-10-16 20:42:24,168 [Thread-1860] INFO  impl.FollowerState (FollowerState.java:run(117)) - 46069bd9-45fc-4c82-823c-36f07a1bcff0@group-28ACFA97060E-FollowerState was interrupted: java.lang.InterruptedException: sleep interrupted
2019-10-16 20:42:24,168 [grpc-default-executor-2] INFO  impl.RoleInfo (RoleInfo.java:updateAndGet(143)) - 46069bd9-45fc-4c82-823c-36f07a1bcff0: start FollowerState
2019-10-16 20:42:24,169 [Thread-1861] INFO  impl.FollowerState (FollowerState.java:run(117)) - d612b743-bedc-4c3f-983e-e3329f8a2e6f@group-28ACFA97060E-FollowerState was interrupted: java.lang.InterruptedException: sleep interrupted
2019-10-16 20:42:24,168 [grpc-default-executor-0] INFO  impl.RoleInfo (RoleInfo.java:updateAndGet(143)) - d612b743-bedc-4c3f-983e-e3329f8a2e6f: start FollowerState
2019-10-16 20:42:24,183 [bc0bc980-c963-48ce-962e-85091c893131@group-28ACFA97060E-LeaderElection196] INFO  impl.LeaderElection (LeaderElection.java:logAndReturn(56)) - bc0bc980-c963-48ce-962e-85091c893131@group-28ACFA97060E-LeaderElection196: Election REJECTED; received 2 response(s) [bc0bc980-c963-48ce-962e-85091c893131<-46069bd9-45fc-4c82-823c-36f07a1bcff0#0:FAIL-t185, bc0bc980-c963-48ce-962e-85091c893131<-d612b743-bedc-4c3f-983e-e3329f8a2e6f#0:FAIL-t185] and 0 exception(s); bc0bc980-c963-48ce-962e-85091c893131@group-28ACFA97060E:t185, leader=null, voted=bc0bc980-c963-48ce-962e-85091c893131, raftlog=bc0bc980-c963-48ce-962e-85091c893131@group-28ACFA97060E-SegmentedRaftLog:OPENED:c-1,f-1,i0, conf=-1: [46069bd9-45fc-4c82-823c-36f07a1bcff0:192.168.157.254:34001, bc0bc980-c963-48ce-962e-85091c893131:192.168.157.254:46787, d612b743-bedc-4c3f-983e-e3329f8a2e6f:192.168.157.254:44523], old=null
2019-10-16 20:42:24,183 [bc0bc980-c963-48ce-962e-85091c893131@group-28ACFA97060E-LeaderElection196] INFO  impl.RaftServerImpl (RaftServerImpl.java:setRole(184)) - bc0bc980-c963-48ce-962e-85091c893131@group-28ACFA97060E: changes role from CANDIDATE to FOLLOWER at term 185 for DISCOVERED_A_NEW_TERM
2019-10-16 20:42:24,183 [bc0bc980-c963-48ce-962e-85091c893131@group-28ACFA97060E-LeaderElection196] INFO  impl.RoleInfo (RoleInfo.java:shutdownLeaderElection(134)) - bc0bc980-c963-48ce-962e-85091c893131: shutdown LeaderElection
2019-10-16 20:42:24,183 [bc0bc980-c963-48ce-962e-85091c893131@group-28ACFA97060E-LeaderElection196] INFO  impl.RoleInfo (RoleInfo.java:updateAndGet(143)) - bc0bc980-c963-48ce-962e-85091c893131: start FollowerState
2019-10-16 20:42:24,306 [Thread-1868] INFO  impl.FollowerState (FollowerState.java:run(108)) - bc0bc980-c963-48ce-962e-85091c893131@group-28ACFA97060E-FollowerState: change to CANDIDATE, lastRpcTime:122ms, electionTimeout:122ms
2019-10-16 20:42:24,306 [Thread-1868] INFO  impl.RoleInfo (RoleInfo.java:shutdownFollowerState(121)) - bc0bc980-c963-48ce-962e-85091c893131: shutdown FollowerState
2019-10-16 20:42:24,306 [Thread-1868] INFO  impl.RaftServerImpl (RaftServerImpl.java:setRole(184)) - bc0bc980-c963-48ce-962e-85091c893131@group-28ACFA97060E: changes role from  FOLLOWER to CANDIDATE at term 185 for changeToCandidate
2019-10-16 20:42:24,306 [Thread-1868] INFO  impl.RoleInfo (RoleInfo.java:updateAndGet(143)) - bc0bc980-c963-48ce-962e-85091c893131: start LeaderElection
2019-10-16 20:42:24,321 [bc0bc980-c963-48ce-962e-85091c893131@group-28ACFA97060E-LeaderElection197] INFO  impl.LeaderElection (LeaderElection.java:askForVotes(178)) - bc0bc980-c963-48ce-962e-85091c893131@group-28ACFA97060E-LeaderElection197: begin an election at term 186 for -1: [46069bd9-45fc-4c82-823c-36f07a1bcff0:192.168.157.254:34001, bc0bc980-c963-48ce-962e-85091c893131:192.168.157.254:46787, d612b743-bedc-4c3f-983e-e3329f8a2e6f:192.168.157.254:44523], old=null
2019-10-16 20:42:24,323 [grpc-default-executor-2] INFO  impl.RaftServerImpl (RaftServerImpl.java:setRole(184)) - 46069bd9-45fc-4c82-823c-36f07a1bcff0@group-28ACFA97060E: changes role from  FOLLOWER to FOLLOWER at term 186 for recognizeCandidate:bc0bc980-c963-48ce-962e-85091c893131
2019-10-16 20:42:24,323 [grpc-default-executor-0] INFO  impl.RaftServerImpl (RaftServerImpl.java:setRole(184)) - d612b743-bedc-4c3f-983e-e3329f8a2e6f@group-28ACFA97060E: changes role from  FOLLOWER to FOLLOWER at term 186 for recognizeCandidate:bc0bc980-c963-48ce-962e-85091c893131
2019-10-16 20:42:24,323 [grpc-default-executor-2] INFO  impl.RoleInfo (RoleInfo.java:shutdownFollowerState(121)) - 46069bd9-45fc-4c82-823c-36f07a1bcff0: shutdown FollowerState
2019-10-16 20:42:24,323 [grpc-default-executor-0] INFO  impl.RoleInfo (RoleInfo.java:shutdownFollowerState(121)) - d612b743-bedc-4c3f-983e-e3329f8a2e6f: shutdown FollowerState
2019-10-16 20:42:24,323 [grpc-default-executor-0] INFO  impl.RoleInfo (RoleInfo.java:updateAndGet(143)) - d612b743-bedc-4c3f-983e-e3329f8a2e6f: start FollowerState
2019-10-16 20:42:24,323 [Thread-1866] INFO  impl.FollowerState (FollowerState.java:run(117)) - 46069bd9-45fc-4c82-823c-36f07a1bcff0@group-28ACFA97060E-FollowerState was interrupted: java.lang.InterruptedException: sleep interrupted
2019-10-16 20:42:24,323 [grpc-default-executor-2] INFO  impl.RoleInfo (RoleInfo.java:updateAndGet(143)) - 46069bd9-45fc-4c82-823c-36f07a1bcff0: start FollowerState
2019-10-16 20:42:24,324 [Thread-1867] INFO  impl.FollowerState (FollowerState.java:run(117)) - d612b743-bedc-4c3f-983e-e3329f8a2e6f@group-28ACFA97060E-FollowerState was interrupted: java.lang.InterruptedException: sleep interrupted
2019-10-16 20:42:24,347 [bc0bc980-c963-48ce-962e-85091c893131@group-28ACFA97060E-LeaderElection197] INFO  impl.LeaderElection (LeaderElection.java:logAndReturn(56)) - bc0bc980-c963-48ce-962e-85091c893131@group-28ACFA97060E-LeaderElection197: Election REJECTED; received 2 response(s) [bc0bc980-c963-48ce-962e-85091c893131<-46069bd9-45fc-4c82-823c-36f07a1bcff0#0:FAIL-t186, bc0bc980-c963-48ce-962e-85091c893131<-d612b743-bedc-4c3f-983e-e3329f8a2e6f#0:FAIL-t186] and 0 exception(s); bc0bc980-c963-48ce-962e-85091c893131@group-28ACFA97060E:t186, leader=null, voted=bc0bc980-c963-48ce-962e-85091c893131, raftlog=bc0bc980-c963-48ce-962e-85091c893131@group-28ACFA97060E-SegmentedRaftLog:OPENED:c-1,f-1,i0, conf=-1: [46069bd9-45fc-4c82-823c-36f07a1bcff0:192.168.157.254:34001, bc0bc980-c963-48ce-962e-85091c893131:192.168.157.254:46787, d612b743-bedc-4c3f-983e-e3329f8a2e6f:192.168.157.254:44523], old=null
2019-10-16 20:42:24,347 [bc0bc980-c963-48ce-962e-85091c893131@group-28ACFA97060E-LeaderElection197] INFO  impl.RaftServerImpl (RaftServerImpl.java:setRole(184)) - bc0bc980-c963-48ce-962e-85091c893131@group-28ACFA97060E: changes role from CANDIDATE to FOLLOWER at term 186 for DISCOVERED_A_NEW_TERM
2019-10-16 20:42:24,347 [bc0bc980-c963-48ce-962e-85091c893131@group-28ACFA97060E-LeaderElection197] INFO  impl.RoleInfo (RoleInfo.java:shutdownLeaderElection(134)) - bc0bc980-c963-48ce-962e-85091c893131: shutdown LeaderElection
2019-10-16 20:42:24,347 [bc0bc980-c963-48ce-962e-85091c893131@group-28ACFA97060E-LeaderElection197] INFO  impl.RoleInfo (RoleInfo.java:updateAndGet(143)) - bc0bc980-c963-48ce-962e-85091c893131: start FollowerState
2019-10-16 20:42:24,521 [Thread-1874] INFO  impl.FollowerState (FollowerState.java:run(108)) - bc0bc980-c963-48ce-962e-85091c893131@group-28ACFA97060E-FollowerState: change to CANDIDATE, lastRpcTime:174ms, electionTimeout:174ms
2019-10-16 20:42:24,522 [Thread-1874] INFO  impl.RoleInfo (RoleInfo.java:shutdownFollowerState(121)) - bc0bc980-c963-48ce-962e-85091c893131: shutdown FollowerState
2019-10-16 20:42:24,522 [Thread-1874] INFO  impl.RaftServerImpl (RaftServerImpl.java:setRole(184)) - bc0bc980-c963-48ce-962e-85091c893131@group-28ACFA97060E: changes role from  FOLLOWER to CANDIDATE at term 186 for changeToCandidate
2019-10-16 20:42:24,522 [Thread-1874] INFO  impl.RoleInfo (RoleInfo.java:updateAndGet(143)) - bc0bc980-c963-48ce-962e-85091c893131: start LeaderElection
2019-10-16 20:42:24,537 [bc0bc980-c963-48ce-962e-85091c893131@group-28ACFA97060E-LeaderElection198] INFO  impl.LeaderElection (LeaderElection.java:askForVotes(178)) - bc0bc980-c963-48ce-962e-85091c893131@group-28ACFA97060E-LeaderElection198: begin an election at term 187 for -1: [46069bd9-45fc-4c82-823c-36f07a1bcff0:192.168.157.254:34001, bc0bc980-c963-48ce-962e-85091c893131:192.168.157.254:46787, d612b743-bedc-4c3f-983e-e3329f8a2e6f:192.168.157.254:44523], old=null
2019-10-16 20:42:24,539 [grpc-default-executor-2] INFO  impl.RaftServerImpl (RaftServerImpl.java:setRole(184)) - 46069bd9-45fc-4c82-823c-36f07a1bcff0@group-28ACFA97060E: changes role from  FOLLOWER to FOLLOWER at term 187 for recognizeCandidate:bc0bc980-c963-48ce-962e-85091c893131
2019-10-16 20:42:24,539 [grpc-default-executor-0] INFO  impl.RaftServerImpl (RaftServerImpl.java:setRole(184)) - d612b743-bedc-4c3f-983e-e3329f8a2e6f@group-28ACFA97060E: changes role from  FOLLOWER to FOLLOWER at term 187 for recognizeCandidate:bc0bc980-c963-48ce-962e-85091c893131
2019-10-16 20:42:24,539 [grpc-default-executor-0] INFO  impl.RoleInfo (RoleInfo.java:shutdownFollowerState(121)) - d612b743-bedc-4c3f-983e-e3329f8a2e6f: shutdown FollowerState
2019-10-16 20:42:24,539 [grpc-default-executor-2] INFO  impl.RoleInfo (RoleInfo.java:shutdownFollowerState(121)) - 46069bd9-45fc-4c82-823c-36f07a1bcff0: shutdown FollowerState
2019-10-16 20:42:24,539 [Thread-1873] INFO  impl.FollowerState (FollowerState.java:run(117)) - d612b743-bedc-4c3f-983e-e3329f8a2e6f@group-28ACFA97060E-FollowerState was interrupted: java.lang.InterruptedException: sleep interrupted
2019-10-16 20:42:24,539 [grpc-default-executor-0] INFO  impl.RoleInfo (RoleInfo.java:updateAndGet(143)) - d612b743-bedc-4c3f-983e-e3329f8a2e6f: start FollowerState
2019-10-16 20:42:24,539 [Thread-1872] INFO  impl.FollowerState (FollowerState.java:run(117)) - 46069bd9-45fc-4c82-823c-36f07a1bcff0@group-28ACFA97060E-FollowerState was interrupted: java.lang.InterruptedException: sleep interrupted
2019-10-16 20:42:24,539 [grpc-default-executor-2] INFO  impl.RoleInfo (RoleInfo.java:updateAndGet(143)) - 46069bd9-45fc-4c82-823c-36f07a1bcff0: start FollowerState
2019-10-16 20:42:24,567 [bc0bc980-c963-48ce-962e-85091c893131@group-28ACFA97060E-LeaderElection198] INFO  impl.LeaderElection (LeaderElection.java:logAndReturn(56)) - bc0bc980-c963-48ce-962e-85091c893131@group-28ACFA97060E-LeaderElection198: Election REJECTED; received 2 response(s) [bc0bc980-c963-48ce-962e-85091c893131<-46069bd9-45fc-4c82-823c-36f07a1bcff0#0:FAIL-t187, bc0bc980-c963-48ce-962e-85091c893131<-d612b743-bedc-4c3f-983e-e3329f8a2e6f#0:FAIL-t187] and 0 exception(s); bc0bc980-c963-48ce-962e-85091c893131@group-28ACFA97060E:t187, leader=null, voted=bc0bc980-c963-48ce-962e-85091c893131, raftlog=bc0bc980-c963-48ce-962e-85091c893131@group-28ACFA97060E-SegmentedRaftLog:OPENED:c-1,f-1,i0, conf=-1: [46069bd9-45fc-4c82-823c-36f07a1bcff0:192.168.157.254:34001, bc0bc980-c963-48ce-962e-85091c893131:192.168.157.254:46787, d612b743-bedc-4c3f-983e-e3329f8a2e6f:192.168.157.254:44523], old=null
2019-10-16 20:42:24,567 [bc0bc980-c963-48ce-962e-85091c893131@group-28ACFA97060E-LeaderElection198] INFO  impl.RaftServerImpl (RaftServerImpl.java:setRole(184)) - bc0bc980-c963-48ce-962e-85091c893131@group-28ACFA97060E: changes role from CANDIDATE to FOLLOWER at term 187 for DISCOVERED_A_NEW_TERM
2019-10-16 20:42:24,567 [bc0bc980-c963-48ce-962e-85091c893131@group-28ACFA97060E-LeaderElection198] INFO  impl.RoleInfo (RoleInfo.java:shutdownLeaderElection(134)) - bc0bc980-c963-48ce-962e-85091c893131: shutdown LeaderElection
2019-10-16 20:42:24,567 [bc0bc980-c963-48ce-962e-85091c893131@group-28ACFA97060E-LeaderElection198] INFO  impl.RoleInfo (RoleInfo.java:updateAndGet(143)) - bc0bc980-c963-48ce-962e-85091c893131: start FollowerState
2019-10-16 20:42:24,567 [Thread-1880] INFO  impl.FollowerState (FollowerState.java:run(108)) - bc0bc980-c963-48ce-962e-85091c893131@group-28ACFA97060E-FollowerState: change to CANDIDATE, lastRpcTime:0ms, electionTimeout:0ms
2019-10-16 20:42:24,568 [Thread-1880] INFO  impl.RoleInfo (RoleInfo.java:shutdownFollowerState(121)) - bc0bc980-c963-48ce-962e-85091c893131: shutdown FollowerState
2019-10-16 20:42:24,568 [Thread-1880] INFO  impl.RaftServerImpl (RaftServerImpl.java:setRole(184)) - bc0bc980-c963-48ce-962e-85091c893131@group-28ACFA97060E: changes role from  FOLLOWER to CANDIDATE at term 187 for changeToCandidate
2019-10-16 20:42:24,568 [Thread-1880] INFO  impl.RoleInfo (RoleInfo.java:updateAndGet(143)) - bc0bc980-c963-48ce-962e-85091c893131: start LeaderElection
2019-10-16 20:42:24,581 [bc0bc980-c963-48ce-962e-85091c893131@group-28ACFA97060E-LeaderElection199] INFO  impl.LeaderElection (LeaderElection.java:askForVotes(178)) - bc0bc980-c963-48ce-962e-85091c893131@group-28ACFA97060E-LeaderElection199: begin an election at term 188 for -1: [46069bd9-45fc-4c82-823c-36f07a1bcff0:192.168.157.254:34001, bc0bc980-c963-48ce-962e-85091c893131:192.168.157.254:46787, d612b743-bedc-4c3f-983e-e3329f8a2e6f:192.168.157.254:44523], old=null
2019-10-16 20:42:24,582 [grpc-default-executor-2] INFO  impl.RaftServerImpl (RaftServerImpl.java:setRole(184)) - 46069bd9-45fc-4c82-823c-36f07a1bcff0@group-28ACFA97060E: changes role from  FOLLOWER to FOLLOWER at term 188 for recognizeCandidate:bc0bc980-c963-48ce-962e-85091c893131
2019-10-16 20:42:24,582 [grpc-default-executor-2] INFO  impl.RoleInfo (RoleInfo.java:shutdownFollowerState(121)) - 46069bd9-45fc-4c82-823c-36f07a1bcff0: shutdown FollowerState
2019-10-16 20:42:24,583 [grpc-default-executor-2] INFO  impl.RoleInfo (RoleInfo.java:updateAndGet(143)) - 46069bd9-45fc-4c82-823c-36f07a1bcff0: start FollowerState
2019-10-16 20:42:24,583 [Thread-1879] INFO  impl.FollowerState (FollowerState.java:run(117)) - 46069bd9-45fc-4c82-823c-36f07a1bcff0@group-28ACFA97060E-FollowerState was interrupted: java.lang.InterruptedException: sleep interrupted
2019-10-16 20:42:24,583 [grpc-default-executor-0] INFO  impl.RaftServerImpl (RaftServerImpl.java:setRole(184)) - d612b743-bedc-4c3f-983e-e3329f8a2e6f@group-28ACFA97060E: changes role from  FOLLOWER to FOLLOWER at term 188 for recognizeCandidate:bc0bc980-c963-48ce-962e-85091c893131
2019-10-16 20:42:24,583 [grpc-default-executor-0] INFO  impl.RoleInfo (RoleInfo.java:shutdownFollowerState(121)) - d612b743-bedc-4c3f-983e-e3329f8a2e6f: shutdown FollowerState
2019-10-16 20:42:24,583 [grpc-default-executor-0] INFO  impl.RoleInfo (RoleInfo.java:updateAndGet(143)) - d612b743-bedc-4c3f-983e-e3329f8a2e6f: start FollowerState
2019-10-16 20:42:24,583 [Thread-1878] INFO  impl.FollowerState (FollowerState.java:run(117)) - d612b743-bedc-4c3f-983e-e3329f8a2e6f@group-28ACFA97060E-FollowerState was interrupted: java.lang.InterruptedException: sleep interrupted
2019-10-16 20:42:24,606 [bc0bc980-c963-48ce-962e-85091c893131@group-28ACFA97060E-LeaderElection199] INFO  impl.LeaderElection (LeaderElection.java:logAndReturn(56)) - bc0bc980-c963-48ce-962e-85091c893131@group-28ACFA97060E-LeaderElection199: Election REJECTED; received 2 response(s) [bc0bc980-c963-48ce-962e-85091c893131<-46069bd9-45fc-4c82-823c-36f07a1bcff0#0:FAIL-t188, bc0bc980-c963-48ce-962e-85091c893131<-d612b743-bedc-4c3f-983e-e3329f8a2e6f#0:FAIL-t188] and 0 exception(s); bc0bc980-c963-48ce-962e-85091c893131@group-28ACFA97060E:t188, leader=null, voted=bc0bc980-c963-48ce-962e-85091c893131, raftlog=bc0bc980-c963-48ce-962e-85091c893131@group-28ACFA97060E-SegmentedRaftLog:OPENED:c-1,f-1,i0, conf=-1: [46069bd9-45fc-4c82-823c-36f07a1bcff0:192.168.157.254:34001, bc0bc980-c963-48ce-962e-85091c893131:192.168.157.254:46787, d612b743-bedc-4c3f-983e-e3329f8a2e6f:192.168.157.254:44523], old=null
2019-10-16 20:42:24,606 [bc0bc980-c963-48ce-962e-85091c893131@group-28ACFA97060E-LeaderElection199] INFO  impl.RaftServerImpl (RaftServerImpl.java:setRole(184)) - bc0bc980-c963-48ce-962e-85091c893131@group-28ACFA97060E: changes role from CANDIDATE to FOLLOWER at term 188 for DISCOVERED_A_NEW_TERM
2019-10-16 20:42:24,606 [bc0bc980-c963-48ce-962e-85091c893131@group-28ACFA97060E-LeaderElection199] INFO  impl.RoleInfo (RoleInfo.java:shutdownLeaderElection(134)) - bc0bc980-c963-48ce-962e-85091c893131: shutdown LeaderElection
2019-10-16 20:42:24,606 [bc0bc980-c963-48ce-962e-85091c893131@group-28ACFA97060E-LeaderElection199] INFO  impl.RoleInfo (RoleInfo.java:updateAndGet(143)) - bc0bc980-c963-48ce-962e-85091c893131: start FollowerState
2019-10-16 20:42:24,748 [Thread-1886] INFO  impl.FollowerState (FollowerState.java:run(108)) - bc0bc980-c963-48ce-962e-85091c893131@group-28ACFA97060E-FollowerState: change to CANDIDATE, lastRpcTime:142ms, electionTimeout:142ms
2019-10-16 20:42:24,749 [Thread-1886] INFO  impl.RoleInfo (RoleInfo.java:shutdownFollowerState(121)) - bc0bc980-c963-48ce-962e-85091c893131: shutdown FollowerState
2019-10-16 20:42:24,749 [Thread-1886] INFO  impl.RaftServerImpl (RaftServerImpl.java:setRole(184)) - bc0bc980-c963-48ce-962e-85091c893131@group-28ACFA97060E: changes role from  FOLLOWER to CANDIDATE at term 188 for changeToCandidate
2019-10-16 20:42:24,749 [Thread-1886] INFO  impl.RoleInfo (RoleInfo.java:updateAndGet(143)) - bc0bc980-c963-48ce-962e-85091c893131: start LeaderElection
2019-10-16 20:42:24,763 [bc0bc980-c963-48ce-962e-85091c893131@group-28ACFA97060E-LeaderElection200] INFO  impl.LeaderElection (LeaderElection.java:askForVotes(178)) - bc0bc980-c963-48ce-962e-85091c893131@group-28ACFA97060E-LeaderElection200: begin an election at term 189 for -1: [46069bd9-45fc-4c82-823c-36f07a1bcff0:192.168.157.254:34001, bc0bc980-c963-48ce-962e-85091c893131:192.168.157.254:46787, d612b743-bedc-4c3f-983e-e3329f8a2e6f:192.168.157.254:44523], old=null
2019-10-16 20:42:24,765 [grpc-default-executor-0] INFO  impl.RaftServerImpl (RaftServerImpl.java:setRole(184)) - 46069bd9-45fc-4c82-823c-36f07a1bcff0@group-28ACFA97060E: changes role from  FOLLOWER to FOLLOWER at term 189 for recognizeCandidate:bc0bc980-c963-48ce-962e-85091c893131
2019-10-16 20:42:24,765 [grpc-default-executor-0] INFO  impl.RoleInfo (RoleInfo.java:shutdownFollowerState(121)) - 46069bd9-45fc-4c82-823c-36f07a1bcff0: shutdown FollowerState
2019-10-16 20:42:24,765 [grpc-default-executor-2] INFO  impl.RaftServerImpl (RaftServerImpl.java:setRole(184)) - d612b743-bedc-4c3f-983e-e3329f8a2e6f@group-28ACFA97060E: changes role from  FOLLOWER to FOLLOWER at term 189 for recognizeCandidate:bc0bc980-c963-48ce-962e-85091c893131
2019-10-16 20:42:24,765 [Thread-1884] INFO  impl.FollowerState (FollowerState.java:run(117)) - 46069bd9-45fc-4c82-823c-36f07a1bcff0@group-28ACFA97060E-FollowerState was interrupted: java.lang.InterruptedException: sleep interrupted
2019-10-16 20:42:24,765 [grpc-default-executor-0] INFO  impl.RoleInfo (RoleInfo.java:updateAndGet(143)) - 46069bd9-45fc-4c82-823c-36f07a1bcff0: start FollowerState
2019-10-16 20:42:24,765 [grpc-default-executor-2] INFO  impl.RoleInfo (RoleInfo.java:shutdownFollowerState(121)) - d612b743-bedc-4c3f-983e-e3329f8a2e6f: shutdown FollowerState
2019-10-16 20:42:24,766 [grpc-default-executor-2] INFO  impl.RoleInfo (RoleInfo.java:updateAndGet(143)) - d612b743-bedc-4c3f-983e-e3329f8a2e6f: start FollowerState
2019-10-16 20:42:24,766 [Thread-1885] INFO  impl.FollowerState (FollowerState.java:run(117)) - d612b743-bedc-4c3f-983e-e3329f8a2e6f@group-28ACFA97060E-FollowerState was interrupted: java.lang.InterruptedException: sleep interrupted
2019-10-16 20:42:24,792 [bc0bc980-c963-48ce-962e-85091c893131@group-28ACFA97060E-LeaderElection200] INFO  impl.LeaderElection (LeaderElection.java:logAndReturn(56)) - bc0bc980-c963-48ce-962e-85091c893131@group-28ACFA97060E-LeaderElection200: Election REJECTED; received 2 response(s) [bc0bc980-c963-48ce-962e-85091c893131<-46069bd9-45fc-4c82-823c-36f07a1bcff0#0:FAIL-t189, bc0bc980-c963-48ce-962e-85091c893131<-d612b743-bedc-4c3f-983e-e3329f8a2e6f#0:FAIL-t189] and 0 exception(s); bc0bc980-c963-48ce-962e-85091c893131@group-28ACFA97060E:t189, leader=null, voted=bc0bc980-c963-48ce-962e-85091c893131, raftlog=bc0bc980-c963-48ce-962e-85091c893131@group-28ACFA97060E-SegmentedRaftLog:OPENED:c-1,f-1,i0, conf=-1: [46069bd9-45fc-4c82-823c-36f07a1bcff0:192.168.157.254:34001, bc0bc980-c963-48ce-962e-85091c893131:192.168.157.254:46787, d612b743-bedc-4c3f-983e-e3329f8a2e6f:192.168.157.254:44523], old=null
2019-10-16 20:42:24,792 [bc0bc980-c963-48ce-962e-85091c893131@group-28ACFA97060E-LeaderElection200] INFO  impl.RaftServerImpl (RaftServerImpl.java:setRole(184)) - bc0bc980-c963-48ce-962e-85091c893131@group-28ACFA97060E: changes role from CANDIDATE to FOLLOWER at term 189 for DISCOVERED_A_NEW_TERM
2019-10-16 20:42:24,792 [bc0bc980-c963-48ce-962e-85091c893131@group-28ACFA97060E-LeaderElection200] INFO  impl.RoleInfo (RoleInfo.java:shutdownLeaderElection(134)) - bc0bc980-c963-48ce-962e-85091c893131: shutdown LeaderElection
2019-10-16 20:42:24,792 [bc0bc980-c963-48ce-962e-85091c893131@group-28ACFA97060E-LeaderElection200] INFO  impl.RoleInfo (RoleInfo.java:updateAndGet(143)) - bc0bc980-c963-48ce-962e-85091c893131: start FollowerState
2019-10-16 20:42:24,815 [Thread-1892] INFO  impl.FollowerState (FollowerState.java:run(108)) - bc0bc980-c963-48ce-962e-85091c893131@group-28ACFA97060E-FollowerState: change to CANDIDATE, lastRpcTime:22ms, electionTimeout:22ms
2019-10-16 20:42:24,815 [Thread-1892] INFO  impl.RoleInfo (RoleInfo.java:shutdownFollowerState(121)) - bc0bc980-c963-48ce-962e-85091c893131: shutdown FollowerState
2019-10-16 20:42:24,815 [Thread-1892] INFO  impl.RaftServerImpl (RaftServerImpl.java:setRole(184)) - bc0bc980-c963-48ce-962e-85091c893131@group-28ACFA97060E: changes role from  FOLLOWER to CANDIDATE at term 189 for changeToCandidate
2019-10-16 20:42:24,815 [Thread-1892] INFO  impl.RoleInfo (RoleInfo.java:updateAndGet(143)) - bc0bc980-c963-48ce-962e-85091c893131: start LeaderElection
2019-10-16 20:42:24,828 [bc0bc980-c963-48ce-962e-85091c893131@group-28ACFA97060E-LeaderElection201] INFO  impl.LeaderElection (LeaderElection.java:askForVotes(178)) - bc0bc980-c963-48ce-962e-85091c893131@group-28ACFA97060E-LeaderElection201: begin an election at term 190 for -1: [46069bd9-45fc-4c82-823c-36f07a1bcff0:192.168.157.254:34001, bc0bc980-c963-48ce-962e-85091c893131:192.168.157.254:46787, d612b743-bedc-4c3f-983e-e3329f8a2e6f:192.168.157.254:44523], old=null
2019-10-16 20:42:24,830 [grpc-default-executor-2] INFO  impl.RaftServerImpl (RaftServerImpl.java:setRole(184)) - 46069bd9-45fc-4c82-823c-36f07a1bcff0@group-28ACFA97060E: changes role from  FOLLOWER to FOLLOWER at term 190 for recognizeCandidate:bc0bc980-c963-48ce-962e-85091c893131
2019-10-16 20:42:24,830 [grpc-default-executor-0] INFO  impl.RaftServerImpl (RaftServerImpl.java:setRole(184)) - d612b743-bedc-4c3f-983e-e3329f8a2e6f@group-28ACFA97060E: changes role from  FOLLOWER to FOLLOWER at term 190 for recognizeCandidate:bc0bc980-c963-48ce-962e-85091c893131
2019-10-16 20:42:24,830 [grpc-default-executor-0] INFO  impl.RoleInfo (RoleInfo.java:shutdownFollowerState(121)) - d612b743-bedc-4c3f-983e-e3329f8a2e6f: shutdown FollowerState
2019-10-16 20:42:24,830 [grpc-default-executor-2] INFO  impl.RoleInfo (RoleInfo.java:shutdownFollowerState(121)) - 46069bd9-45fc-4c82-823c-36f07a1bcff0: shutdown FollowerState
2019-10-16 20:42:24,830 [Thread-1891] INFO  impl.FollowerState (FollowerState.java:run(117)) - d612b743-bedc-4c3f-983e-e3329f8a2e6f@group-28ACFA97060E-FollowerState was interrupted: java.lang.InterruptedException: sleep interrupted
2019-10-16 20:42:24,830 [grpc-default-executor-0] INFO  impl.RoleInfo (RoleInfo.java:updateAndGet(143)) - d612b743-bedc-4c3f-983e-e3329f8a2e6f: start FollowerState
2019-10-16 20:42:24,830 [Thread-1890] INFO  impl.FollowerState (FollowerState.java:run(117)) - 46069bd9-45fc-4c82-823c-36f07a1bcff0@group-28ACFA97060E-FollowerState was interrupted: java.lang.InterruptedException: sleep interrupted
2019-10-16 20:42:24,830 [grpc-default-executor-2] INFO  impl.RoleInfo (RoleInfo.java:updateAndGet(143)) - 46069bd9-45fc-4c82-823c-36f07a1bcff0: start FollowerState
2019-10-16 20:42:24,856 [bc0bc980-c963-48ce-962e-85091c893131@group-28ACFA97060E-LeaderElection201] INFO  impl.LeaderElection (LeaderElection.java:logAndReturn(56)) - bc0bc980-c963-48ce-962e-85091c893131@group-28ACFA97060E-LeaderElection201: Election REJECTED; received 2 response(s) [bc0bc980-c963-48ce-962e-85091c893131<-46069bd9-45fc-4c82-823c-36f07a1bcff0#0:FAIL-t190, bc0bc980-c963-48ce-962e-85091c893131<-d612b743-bedc-4c3f-983e-e3329f8a2e6f#0:FAIL-t190] and 0 exception(s); bc0bc980-c963-48ce-962e-85091c893131@group-28ACFA97060E:t190, leader=null, voted=bc0bc980-c963-48ce-962e-85091c893131, raftlog=bc0bc980-c963-48ce-962e-85091c893131@group-28ACFA97060E-SegmentedRaftLog:OPENED:c-1,f-1,i0, conf=-1: [46069bd9-45fc-4c82-823c-36f07a1bcff0:192.168.157.254:34001, bc0bc980-c963-48ce-962e-85091c893131:192.168.157.254:46787, d612b743-bedc-4c3f-983e-e3329f8a2e6f:192.168.157.254:44523], old=null
2019-10-16 20:42:24,856 [bc0bc980-c963-48ce-962e-85091c893131@group-28ACFA97060E-LeaderElection201] INFO  impl.RaftServerImpl (RaftServerImpl.java:setRole(184)) - bc0bc980-c963-48ce-962e-85091c893131@group-28ACFA97060E: changes role from CANDIDATE to FOLLOWER at term 190 for DISCOVERED_A_NEW_TERM
2019-10-16 20:42:24,856 [bc0bc980-c963-48ce-962e-85091c893131@group-28ACFA97060E-LeaderElection201] INFO  impl.RoleInfo (RoleInfo.java:shutdownLeaderElection(134)) - bc0bc980-c963-48ce-962e-85091c893131: shutdown LeaderElection
2019-10-16 20:42:24,857 [bc0bc980-c963-48ce-962e-85091c893131@group-28ACFA97060E-LeaderElection201] INFO  impl.RoleInfo (RoleInfo.java:updateAndGet(143)) - bc0bc980-c963-48ce-962e-85091c893131: start FollowerState
2019-10-16 20:42:24,993 [Thread-1898] INFO  impl.FollowerState (FollowerState.java:run(108)) - bc0bc980-c963-48ce-962e-85091c893131@group-28ACFA97060E-FollowerState: change to CANDIDATE, lastRpcTime:136ms, electionTimeout:136ms
2019-10-16 20:42:24,993 [Thread-1898] INFO  impl.RoleInfo (RoleInfo.java:shutdownFollowerState(121)) - bc0bc980-c963-48ce-962e-85091c893131: shutdown FollowerState
2019-10-16 20:42:24,993 [Thread-1898] INFO  impl.RaftServerImpl (RaftServerImpl.java:setRole(184)) - bc0bc980-c963-48ce-962e-85091c893131@group-28ACFA97060E: changes role from  FOLLOWER to CANDIDATE at term 190 for changeToCandidate
2019-10-16 20:42:24,993 [Thread-1898] INFO  impl.RoleInfo (RoleInfo.java:updateAndGet(143)) - bc0bc980-c963-48ce-962e-85091c893131: start LeaderElection
2019-10-16 20:42:25,008 [bc0bc980-c963-48ce-962e-85091c893131@group-28ACFA97060E-LeaderElection202] INFO  impl.LeaderElection (LeaderElection.java:askForVotes(178)) - bc0bc980-c963-48ce-962e-85091c893131@group-28ACFA97060E-LeaderElection202: begin an election at term 191 for -1: [46069bd9-45fc-4c82-823c-36f07a1bcff0:192.168.157.254:34001, bc0bc980-c963-48ce-962e-85091c893131:192.168.157.254:46787, d612b743-bedc-4c3f-983e-e3329f8a2e6f:192.168.157.254:44523], old=null
2019-10-16 20:42:25,010 [grpc-default-executor-2] INFO  impl.RaftServerImpl (RaftServerImpl.java:setRole(184)) - 46069bd9-45fc-4c82-823c-36f07a1bcff0@group-28ACFA97060E: changes role from  FOLLOWER to FOLLOWER at term 191 for recognizeCandidate:bc0bc980-c963-48ce-962e-85091c893131
2019-10-16 20:42:25,010 [grpc-default-executor-2] INFO  impl.RoleInfo (RoleInfo.java:shutdownFollowerState(121)) - 46069bd9-45fc-4c82-823c-36f07a1bcff0: shutdown FollowerState
2019-10-16 20:42:25,010 [grpc-default-executor-0] INFO  impl.RaftServerImpl (RaftServerImpl.java:setRole(184)) - d612b743-bedc-4c3f-983e-e3329f8a2e6f@group-28ACFA97060E: changes role from  FOLLOWER to FOLLOWER at term 191 for recognizeCandidate:bc0bc980-c963-48ce-962e-85091c893131
2019-10-16 20:42:25,010 [grpc-default-executor-2] INFO  impl.RoleInfo (RoleInfo.java:updateAndGet(143)) - 46069bd9-45fc-4c82-823c-36f07a1bcff0: start FollowerState
2019-10-16 20:42:25,010 [Thread-1897] INFO  impl.FollowerState (FollowerState.java:run(117)) - 46069bd9-45fc-4c82-823c-36f07a1bcff0@group-28ACFA97060E-FollowerState was interrupted: java.lang.InterruptedException: sleep interrupted
2019-10-16 20:42:25,010 [grpc-default-executor-0] INFO  impl.RoleInfo (RoleInfo.java:shutdownFollowerState(121)) - d612b743-bedc-4c3f-983e-e3329f8a2e6f: shutdown FollowerState
2019-10-16 20:42:25,011 [grpc-default-executor-0] INFO  impl.RoleInfo (RoleInfo.java:updateAndGet(143)) - d612b743-bedc-4c3f-983e-e3329f8a2e6f: start FollowerState
2019-10-16 20:42:25,011 [Thread-1896] INFO  impl.FollowerState (FollowerState.java:run(117)) - d612b743-bedc-4c3f-983e-e3329f8a2e6f@group-28ACFA97060E-FollowerState was interrupted: java.lang.InterruptedException: sleep interrupted
2019-10-16 20:42:25,037 [bc0bc980-c963-48ce-962e-85091c893131@group-28ACFA97060E-LeaderElection202] INFO  impl.LeaderElection (LeaderElection.java:logAndReturn(56)) - bc0bc980-c963-48ce-962e-85091c893131@group-28ACFA97060E-LeaderElection202: Election REJECTED; received 2 response(s) [bc0bc980-c963-48ce-962e-85091c893131<-46069bd9-45fc-4c82-823c-36f07a1bcff0#0:FAIL-t191, bc0bc980-c963-48ce-962e-85091c893131<-d612b743-bedc-4c3f-983e-e3329f8a2e6f#0:FAIL-t191] and 0 exception(s); bc0bc980-c963-48ce-962e-85091c893131@group-28ACFA97060E:t191, leader=null, voted=bc0bc980-c963-48ce-962e-85091c893131, raftlog=bc0bc980-c963-48ce-962e-85091c893131@group-28ACFA97060E-SegmentedRaftLog:OPENED:c-1,f-1,i0, conf=-1: [46069bd9-45fc-4c82-823c-36f07a1bcff0:192.168.157.254:34001, bc0bc980-c963-48ce-962e-85091c893131:192.168.157.254:46787, d612b743-bedc-4c3f-983e-e3329f8a2e6f:192.168.157.254:44523], old=null
2019-10-16 20:42:25,037 [bc0bc980-c963-48ce-962e-85091c893131@group-28ACFA97060E-LeaderElection202] INFO  impl.RaftServerImpl (RaftServerImpl.java:setRole(184)) - bc0bc980-c963-48ce-962e-85091c893131@group-28ACFA97060E: changes role from CANDIDATE to FOLLOWER at term 191 for DISCOVERED_A_NEW_TERM
2019-10-16 20:42:25,037 [bc0bc980-c963-48ce-962e-85091c893131@group-28ACFA97060E-LeaderElection202] INFO  impl.RoleInfo (RoleInfo.java:shutdownLeaderElection(134)) - bc0bc980-c963-48ce-962e-85091c893131: shutdown LeaderElection
2019-10-16 20:42:25,037 [bc0bc980-c963-48ce-962e-85091c893131@group-28ACFA97060E-LeaderElection202] INFO  impl.RoleInfo (RoleInfo.java:updateAndGet(143)) - bc0bc980-c963-48ce-962e-85091c893131: start FollowerState
2019-10-16 20:42:25,177 [Thread-1904] INFO  impl.FollowerState (FollowerState.java:run(108)) - bc0bc980-c963-48ce-962e-85091c893131@group-28ACFA97060E-FollowerState: change to CANDIDATE, lastRpcTime:139ms, electionTimeout:139ms
2019-10-16 20:42:25,177 [Thread-1904] INFO  impl.RoleInfo (RoleInfo.java:shutdownFollowerState(121)) - bc0bc980-c963-48ce-962e-85091c893131: shutdown FollowerState
2019-10-16 20:42:25,177 [Thread-1904] INFO  impl.RaftServerImpl (RaftServerImpl.java:setRole(184)) - bc0bc980-c963-48ce-962e-85091c893131@group-28ACFA97060E: changes role from  FOLLOWER to CANDIDATE at term 191 for changeToCandidate
2019-10-16 20:42:25,177 [Thread-1904] INFO  impl.RoleInfo (RoleInfo.java:updateAndGet(143)) - bc0bc980-c963-48ce-962e-85091c893131: start LeaderElection
2019-10-16 20:42:25,191 [bc0bc980-c963-48ce-962e-85091c893131@group-28ACFA97060E-LeaderElection203] INFO  impl.LeaderElection (LeaderElection.java:askForVotes(178)) - bc0bc980-c963-48ce-962e-85091c893131@group-28ACFA97060E-LeaderElection203: begin an election at term 192 for -1: [46069bd9-45fc-4c82-823c-36f07a1bcff0:192.168.157.254:34001, bc0bc980-c963-48ce-962e-85091c893131:192.168.157.254:46787, d612b743-bedc-4c3f-983e-e3329f8a2e6f:192.168.157.254:44523], old=null
2019-10-16 20:42:25,193 [grpc-default-executor-2] INFO  impl.RaftServerImpl (RaftServerImpl.java:setRole(184)) - 46069bd9-45fc-4c82-823c-36f07a1bcff0@group-28ACFA97060E: changes role from  FOLLOWER to FOLLOWER at term 192 for recognizeCandidate:bc0bc980-c963-48ce-962e-85091c893131
2019-10-16 20:42:25,193 [grpc-default-executor-2] INFO  impl.RoleInfo (RoleInfo.java:shutdownFollowerState(121)) - 46069bd9-45fc-4c82-823c-36f07a1bcff0: shutdown FollowerState
2019-10-16 20:42:25,193 [grpc-default-executor-0] INFO  impl.RaftServerImpl (RaftServerImpl.java:setRole(184)) - d612b743-bedc-4c3f-983e-e3329f8a2e6f@group-28ACFA97060E: changes role from  FOLLOWER to FOLLOWER at term 192 for recognizeCandidate:bc0bc980-c963-48ce-962e-85091c893131
2019-10-16 20:42:25,194 [grpc-default-executor-0] INFO  impl.RoleInfo (RoleInfo.java:shutdownFollowerState(121)) - d612b743-bedc-4c3f-983e-e3329f8a2e6f: shutdown FollowerState
2019-10-16 20:42:25,194 [Thread-1902] INFO  impl.FollowerState (FollowerState.java:run(117)) - 46069bd9-45fc-4c82-823c-36f07a1bcff0@group-28ACFA97060E-FollowerState was interrupted: java.lang.InterruptedException: sleep interrupted
2019-10-16 20:42:25,194 [grpc-default-executor-2] INFO  impl.RoleInfo (RoleInfo.java:updateAndGet(143)) - 46069bd9-45fc-4c82-823c-36f07a1bcff0: start FollowerState
2019-10-16 20:42:25,194 [Thread-1903] INFO  impl.FollowerState (FollowerState.java:run(117)) - d612b743-bedc-4c3f-983e-e3329f8a2e6f@group-28ACFA97060E-FollowerState was interrupted: java.lang.InterruptedException: sleep interrupted
2019-10-16 20:42:25,194 [grpc-default-executor-0] INFO  impl.RoleInfo (RoleInfo.java:updateAndGet(143)) - d612b743-bedc-4c3f-983e-e3329f8a2e6f: start FollowerState
2019-10-16 20:42:25,208 [bc0bc980-c963-48ce-962e-85091c893131@group-28ACFA97060E-LeaderElection203] INFO  impl.LeaderElection (LeaderElection.java:logAndReturn(56)) - bc0bc980-c963-48ce-962e-85091c893131@group-28ACFA97060E-LeaderElection203: Election REJECTED; received 2 response(s) [bc0bc980-c963-48ce-962e-85091c893131<-46069bd9-45fc-4c82-823c-36f07a1bcff0#0:FAIL-t192, bc0bc980-c963-48ce-962e-85091c893131<-d612b743-bedc-4c3f-983e-e3329f8a2e6f#0:FAIL-t192] and 0 exception(s); bc0bc980-c963-48ce-962e-85091c893131@group-28ACFA97060E:t192, leader=null, voted=bc0bc980-c963-48ce-962e-85091c893131, raftlog=bc0bc980-c963-48ce-962e-85091c893131@group-28ACFA97060E-SegmentedRaftLog:OPENED:c-1,f-1,i0, conf=-1: [46069bd9-45fc-4c82-823c-36f07a1bcff0:192.168.157.254:34001, bc0bc980-c963-48ce-962e-85091c893131:192.168.157.254:46787, d612b743-bedc-4c3f-983e-e3329f8a2e6f:192.168.157.254:44523], old=null
2019-10-16 20:42:25,208 [bc0bc980-c963-48ce-962e-85091c893131@group-28ACFA97060E-LeaderElection203] INFO  impl.RaftServerImpl (RaftServerImpl.java:setRole(184)) - bc0bc980-c963-48ce-962e-85091c893131@group-28ACFA97060E: changes role from CANDIDATE to FOLLOWER at term 192 for DISCOVERED_A_NEW_TERM
2019-10-16 20:42:25,208 [bc0bc980-c963-48ce-962e-85091c893131@group-28ACFA97060E-LeaderElection203] INFO  impl.RoleInfo (RoleInfo.java:shutdownLeaderElection(134)) - bc0bc980-c963-48ce-962e-85091c893131: shutdown LeaderElection
2019-10-16 20:42:25,208 [bc0bc980-c963-48ce-962e-85091c893131@group-28ACFA97060E-LeaderElection203] INFO  impl.RoleInfo (RoleInfo.java:updateAndGet(143)) - bc0bc980-c963-48ce-962e-85091c893131: start FollowerState
2019-10-16 20:42:25,409 [Thread-1910] INFO  impl.FollowerState (FollowerState.java:run(108)) - bc0bc980-c963-48ce-962e-85091c893131@group-28ACFA97060E-FollowerState: change to CANDIDATE, lastRpcTime:200ms, electionTimeout:200ms
2019-10-16 20:42:25,409 [Thread-1910] INFO  impl.RoleInfo (RoleInfo.java:shutdownFollowerState(121)) - bc0bc980-c963-48ce-962e-85091c893131: shutdown FollowerState
2019-10-16 20:42:25,409 [Thread-1910] INFO  impl.RaftServerImpl (RaftServerImpl.java:setRole(184)) - bc0bc980-c963-48ce-962e-85091c893131@group-28ACFA97060E: changes role from  FOLLOWER to CANDIDATE at term 192 for changeToCandidate
2019-10-16 20:42:25,409 [Thread-1910] INFO  impl.RoleInfo (RoleInfo.java:updateAndGet(143)) - bc0bc980-c963-48ce-962e-85091c893131: start LeaderElection
2019-10-16 20:42:25,428 [bc0bc980-c963-48ce-962e-85091c893131@group-28ACFA97060E-LeaderElection204] INFO  impl.LeaderElection (LeaderElection.java:askForVotes(178)) - bc0bc980-c963-48ce-962e-85091c893131@group-28ACFA97060E-LeaderElection204: begin an election at term 193 for -1: [46069bd9-45fc-4c82-823c-36f07a1bcff0:192.168.157.254:34001, bc0bc980-c963-48ce-962e-85091c893131:192.168.157.254:46787, d612b743-bedc-4c3f-983e-e3329f8a2e6f:192.168.157.254:44523], old=null
2019-10-16 20:42:25,429 [grpc-default-executor-2] INFO  impl.RaftServerImpl (RaftServerImpl.java:setRole(184)) - 46069bd9-45fc-4c82-823c-36f07a1bcff0@group-28ACFA97060E: changes role from  FOLLOWER to FOLLOWER at term 193 for recognizeCandidate:bc0bc980-c963-48ce-962e-85091c893131
2019-10-16 20:42:25,430 [grpc-default-executor-2] INFO  impl.RoleInfo (RoleInfo.java:shutdownFollowerState(121)) - 46069bd9-45fc-4c82-823c-36f07a1bcff0: shutdown FollowerState
2019-10-16 20:42:25,430 [grpc-default-executor-0] INFO  impl.RaftServerImpl (RaftServerImpl.java:setRole(184)) - d612b743-bedc-4c3f-983e-e3329f8a2e6f@group-28ACFA97060E: changes role from  FOLLOWER to FOLLOWER at term 193 for recognizeCandidate:bc0bc980-c963-48ce-962e-85091c893131
2019-10-16 20:42:25,430 [Thread-1908] INFO  impl.FollowerState (FollowerState.java:run(117)) - 46069bd9-45fc-4c82-823c-36f07a1bcff0@group-28ACFA97060E-FollowerState was interrupted: java.lang.InterruptedException: sleep interrupted
2019-10-16 20:42:25,430 [grpc-default-executor-2] INFO  impl.RoleInfo (RoleInfo.java:updateAndGet(143)) - 46069bd9-45fc-4c82-823c-36f07a1bcff0: start FollowerState
2019-10-16 20:42:25,430 [grpc-default-executor-0] INFO  impl.RoleInfo (RoleInfo.java:shutdownFollowerState(121)) - d612b743-bedc-4c3f-983e-e3329f8a2e6f: shutdown FollowerState
2019-10-16 20:42:25,430 [grpc-default-executor-0] INFO  impl.RoleInfo (RoleInfo.java:updateAndGet(143)) - d612b743-bedc-4c3f-983e-e3329f8a2e6f: start FollowerState
2019-10-16 20:42:25,430 [Thread-1909] INFO  impl.FollowerState (FollowerState.java:run(117)) - d612b743-bedc-4c3f-983e-e3329f8a2e6f@group-28ACFA97060E-FollowerState was interrupted: java.lang.InterruptedException: sleep interrupted
2019-10-16 20:42:25,446 [bc0bc980-c963-48ce-962e-85091c893131@group-28ACFA97060E-LeaderElection204] INFO  impl.LeaderElection (LeaderElection.java:logAndReturn(56)) - bc0bc980-c963-48ce-962e-85091c893131@group-28ACFA97060E-LeaderElection204: Election REJECTED; received 2 response(s) [bc0bc980-c963-48ce-962e-85091c893131<-46069bd9-45fc-4c82-823c-36f07a1bcff0#0:FAIL-t193, bc0bc980-c963-48ce-962e-85091c893131<-d612b743-bedc-4c3f-983e-e3329f8a2e6f#0:FAIL-t193] and 0 exception(s); bc0bc980-c963-48ce-962e-85091c893131@group-28ACFA97060E:t193, leader=null, voted=bc0bc980-c963-48ce-962e-85091c893131, raftlog=bc0bc980-c963-48ce-962e-85091c893131@group-28ACFA97060E-SegmentedRaftLog:OPENED:c-1,f-1,i0, conf=-1: [46069bd9-45fc-4c82-823c-36f07a1bcff0:192.168.157.254:34001, bc0bc980-c963-48ce-962e-85091c893131:192.168.157.254:46787, d612b743-bedc-4c3f-983e-e3329f8a2e6f:192.168.157.254:44523], old=null
2019-10-16 20:42:25,446 [bc0bc980-c963-48ce-962e-85091c893131@group-28ACFA97060E-LeaderElection204] INFO  impl.RaftServerImpl (RaftServerImpl.java:setRole(184)) - bc0bc980-c963-48ce-962e-85091c893131@group-28ACFA97060E: changes role from CANDIDATE to FOLLOWER at term 193 for DISCOVERED_A_NEW_TERM
2019-10-16 20:42:25,446 [bc0bc980-c963-48ce-962e-85091c893131@group-28ACFA97060E-LeaderElection204] INFO  impl.RoleInfo (RoleInfo.java:shutdownLeaderElection(134)) - bc0bc980-c963-48ce-962e-85091c893131: shutdown LeaderElection
2019-10-16 20:42:25,446 [bc0bc980-c963-48ce-962e-85091c893131@group-28ACFA97060E-LeaderElection204] INFO  impl.RoleInfo (RoleInfo.java:updateAndGet(143)) - bc0bc980-c963-48ce-962e-85091c893131: start FollowerState
2019-10-16 20:42:25,467 [Thread-1916] INFO  impl.FollowerState (FollowerState.java:run(108)) - bc0bc980-c963-48ce-962e-85091c893131@group-28ACFA97060E-FollowerState: change to CANDIDATE, lastRpcTime:20ms, electionTimeout:20ms
2019-10-16 20:42:25,467 [Thread-1916] INFO  impl.RoleInfo (RoleInfo.java:shutdownFollowerState(121)) - bc0bc980-c963-48ce-962e-85091c893131: shutdown FollowerState
2019-10-16 20:42:25,467 [Thread-1916] INFO  impl.RaftServerImpl (RaftServerImpl.java:setRole(184)) - bc0bc980-c963-48ce-962e-85091c893131@group-28ACFA97060E: changes role from  FOLLOWER to CANDIDATE at term 193 for changeToCandidate
2019-10-16 20:42:25,467 [Thread-1916] INFO  impl.RoleInfo (RoleInfo.java:updateAndGet(143)) - bc0bc980-c963-48ce-962e-85091c893131: start LeaderElection
2019-10-16 20:42:25,473 [bc0bc980-c963-48ce-962e-85091c893131@group-28ACFA97060E-LeaderElection205] INFO  impl.LeaderElection (LeaderElection.java:askForVotes(178)) - bc0bc980-c963-48ce-962e-85091c893131@group-28ACFA97060E-LeaderElection205: begin an election at term 194 for -1: [46069bd9-45fc-4c82-823c-36f07a1bcff0:192.168.157.254:34001, bc0bc980-c963-48ce-962e-85091c893131:192.168.157.254:46787, d612b743-bedc-4c3f-983e-e3329f8a2e6f:192.168.157.254:44523], old=null
2019-10-16 20:42:25,475 [grpc-default-executor-0] INFO  impl.RaftServerImpl (RaftServerImpl.java:setRole(184)) - 46069bd9-45fc-4c82-823c-36f07a1bcff0@group-28ACFA97060E: changes role from  FOLLOWER to FOLLOWER at term 194 for recognizeCandidate:bc0bc980-c963-48ce-962e-85091c893131
2019-10-16 20:42:25,475 [grpc-default-executor-0] INFO  impl.RoleInfo (RoleInfo.java:shutdownFollowerState(121)) - 46069bd9-45fc-4c82-823c-36f07a1bcff0: shutdown FollowerState
2019-10-16 20:42:25,475 [grpc-default-executor-2] INFO  impl.RaftServerImpl (RaftServerImpl.java:setRole(184)) - d612b743-bedc-4c3f-983e-e3329f8a2e6f@group-28ACFA97060E: changes role from  FOLLOWER to FOLLOWER at term 194 for recognizeCandidate:bc0bc980-c963-48ce-962e-85091c893131
2019-10-16 20:42:25,475 [Thread-1914] INFO  impl.FollowerState (FollowerState.java:run(117)) - 46069bd9-45fc-4c82-823c-36f07a1bcff0@group-28ACFA97060E-FollowerState was interrupted: java.lang.InterruptedException: sleep interrupted
2019-10-16 20:42:25,475 [grpc-default-executor-0] INFO  impl.RoleInfo (RoleInfo.java:updateAndGet(143)) - 46069bd9-45fc-4c82-823c-36f07a1bcff0: start FollowerState
2019-10-16 20:42:25,475 [grpc-default-executor-2] INFO  impl.RoleInfo (RoleInfo.java:shutdownFollowerState(121)) - d612b743-bedc-4c3f-983e-e3329f8a2e6f: shutdown FollowerState
2019-10-16 20:42:25,476 [grpc-default-executor-2] INFO  impl.RoleInfo (RoleInfo.java:updateAndGet(143)) - d612b743-bedc-4c3f-983e-e3329f8a2e6f: start FollowerState
2019-10-16 20:42:25,476 [Thread-1915] INFO  impl.FollowerState (FollowerState.java:run(117)) - d612b743-bedc-4c3f-983e-e3329f8a2e6f@group-28ACFA97060E-FollowerState was interrupted: java.lang.InterruptedException: sleep interrupted
2019-10-16 20:42:25,494 [bc0bc980-c963-48ce-962e-85091c893131@group-28ACFA97060E-LeaderElection205] INFO  impl.LeaderElection (LeaderElection.java:logAndReturn(56)) - bc0bc980-c963-48ce-962e-85091c893131@group-28ACFA97060E-LeaderElection205: Election REJECTED; received 2 response(s) [bc0bc980-c963-48ce-962e-85091c893131<-46069bd9-45fc-4c82-823c-36f07a1bcff0#0:FAIL-t194, bc0bc980-c963-48ce-962e-85091c893131<-d612b743-bedc-4c3f-983e-e3329f8a2e6f#0:FAIL-t194] and 0 exception(s); bc0bc980-c963-48ce-962e-85091c893131@group-28ACFA97060E:t194, leader=null, voted=bc0bc980-c963-48ce-962e-85091c893131, raftlog=bc0bc980-c963-48ce-962e-85091c893131@group-28ACFA97060E-SegmentedRaftLog:OPENED:c-1,f-1,i0, conf=-1: [46069bd9-45fc-4c82-823c-36f07a1bcff0:192.168.157.254:34001, bc0bc980-c963-48ce-962e-85091c893131:192.168.157.254:46787, d612b743-bedc-4c3f-983e-e3329f8a2e6f:192.168.157.254:44523], old=null
2019-10-16 20:42:25,494 [bc0bc980-c963-48ce-962e-85091c893131@group-28ACFA97060E-LeaderElection205] INFO  impl.RaftServerImpl (RaftServerImpl.java:setRole(184)) - bc0bc980-c963-48ce-962e-85091c893131@group-28ACFA97060E: changes role from CANDIDATE to FOLLOWER at term 194 for DISCOVERED_A_NEW_TERM
2019-10-16 20:42:25,494 [bc0bc980-c963-48ce-962e-85091c893131@group-28ACFA97060E-LeaderElection205] INFO  impl.RoleInfo (RoleInfo.java:shutdownLeaderElection(134)) - bc0bc980-c963-48ce-962e-85091c893131: shutdown LeaderElection
2019-10-16 20:42:25,495 [bc0bc980-c963-48ce-962e-85091c893131@group-28ACFA97060E-LeaderElection205] INFO  impl.RoleInfo (RoleInfo.java:updateAndGet(143)) - bc0bc980-c963-48ce-962e-85091c893131: start FollowerState
2019-10-16 20:42:25,510 [Thread-1922] INFO  impl.FollowerState (FollowerState.java:run(108)) - bc0bc980-c963-48ce-962e-85091c893131@group-28ACFA97060E-FollowerState: change to CANDIDATE, lastRpcTime:15ms, electionTimeout:15ms
2019-10-16 20:42:25,510 [Thread-1922] INFO  impl.RoleInfo (RoleInfo.java:shutdownFollowerState(121)) - bc0bc980-c963-48ce-962e-85091c893131: shutdown FollowerState
2019-10-16 20:42:25,510 [Thread-1922] INFO  impl.RaftServerImpl (RaftServerImpl.java:setRole(184)) - bc0bc980-c963-48ce-962e-85091c893131@group-28ACFA97060E: changes role from  FOLLOWER to CANDIDATE at term 194 for changeToCandidate
2019-10-16 20:42:25,510 [Thread-1922] INFO  impl.RoleInfo (RoleInfo.java:updateAndGet(143)) - bc0bc980-c963-48ce-962e-85091c893131: start LeaderElection
2019-10-16 20:42:25,516 [bc0bc980-c963-48ce-962e-85091c893131@group-28ACFA97060E-LeaderElection206] INFO  impl.LeaderElection (LeaderElection.java:askForVotes(178)) - bc0bc980-c963-48ce-962e-85091c893131@group-28ACFA97060E-LeaderElection206: begin an election at term 195 for -1: [46069bd9-45fc-4c82-823c-36f07a1bcff0:192.168.157.254:34001, bc0bc980-c963-48ce-962e-85091c893131:192.168.157.254:46787, d612b743-bedc-4c3f-983e-e3329f8a2e6f:192.168.157.254:44523], old=null
2019-10-16 20:42:25,518 [grpc-default-executor-0] INFO  impl.RaftServerImpl (RaftServerImpl.java:setRole(184)) - 46069bd9-45fc-4c82-823c-36f07a1bcff0@group-28ACFA97060E: changes role from  FOLLOWER to FOLLOWER at term 195 for recognizeCandidate:bc0bc980-c963-48ce-962e-85091c893131
2019-10-16 20:42:25,518 [grpc-default-executor-0] INFO  impl.RoleInfo (RoleInfo.java:shutdownFollowerState(121)) - 46069bd9-45fc-4c82-823c-36f07a1bcff0: shutdown FollowerState
2019-10-16 20:42:25,518 [grpc-default-executor-2] INFO  impl.RaftServerImpl (RaftServerImpl.java:setRole(184)) - d612b743-bedc-4c3f-983e-e3329f8a2e6f@group-28ACFA97060E: changes role from  FOLLOWER to FOLLOWER at term 195 for recognizeCandidate:bc0bc980-c963-48ce-962e-85091c893131
2019-10-16 20:42:25,518 [Thread-1920] INFO  impl.FollowerState (FollowerState.java:run(117)) - 46069bd9-45fc-4c82-823c-36f07a1bcff0@group-28ACFA97060E-FollowerState was interrupted: java.lang.InterruptedException: sleep interrupted
2019-10-16 20:42:25,518 [grpc-default-executor-0] INFO  impl.RoleInfo (RoleInfo.java:updateAndGet(143)) - 46069bd9-45fc-4c82-823c-36f07a1bcff0: start FollowerState
2019-10-16 20:42:25,518 [grpc-default-executor-2] INFO  impl.RoleInfo (RoleInfo.java:shutdownFollowerState(121)) - d612b743-bedc-4c3f-983e-e3329f8a2e6f: shutdown FollowerState
2019-10-16 20:42:25,519 [Thread-1921] INFO  impl.FollowerState (FollowerState.java:run(117)) - d612b743-bedc-4c3f-983e-e3329f8a2e6f@group-28ACFA97060E-FollowerState was interrupted: java.lang.InterruptedException: sleep interrupted
2019-10-16 20:42:25,519 [grpc-default-executor-2] INFO  impl.RoleInfo (RoleInfo.java:updateAndGet(143)) - d612b743-bedc-4c3f-983e-e3329f8a2e6f: start FollowerState
2019-10-16 20:42:25,537 [bc0bc980-c963-48ce-962e-85091c893131@group-28ACFA97060E-LeaderElection206] INFO  impl.LeaderElection (LeaderElection.java:logAndReturn(56)) - bc0bc980-c963-48ce-962e-85091c893131@group-28ACFA97060E-LeaderElection206: Election REJECTED; received 2 response(s) [bc0bc980-c963-48ce-962e-85091c893131<-46069bd9-45fc-4c82-823c-36f07a1bcff0#0:FAIL-t195, bc0bc980-c963-48ce-962e-85091c893131<-d612b743-bedc-4c3f-983e-e3329f8a2e6f#0:FAIL-t195] and 0 exception(s); bc0bc980-c963-48ce-962e-85091c893131@group-28ACFA97060E:t195, leader=null, voted=bc0bc980-c963-48ce-962e-85091c893131, raftlog=bc0bc980-c963-48ce-962e-85091c893131@group-28ACFA97060E-SegmentedRaftLog:OPENED:c-1,f-1,i0, conf=-1: [46069bd9-45fc-4c82-823c-36f07a1bcff0:192.168.157.254:34001, bc0bc980-c963-48ce-962e-85091c893131:192.168.157.254:46787, d612b743-bedc-4c3f-983e-e3329f8a2e6f:192.168.157.254:44523], old=null
2019-10-16 20:42:25,537 [bc0bc980-c963-48ce-962e-85091c893131@group-28ACFA97060E-LeaderElection206] INFO  impl.RaftServerImpl (RaftServerImpl.java:setRole(184)) - bc0bc980-c963-48ce-962e-85091c893131@group-28ACFA97060E: changes role from CANDIDATE to FOLLOWER at term 195 for DISCOVERED_A_NEW_TERM
2019-10-16 20:42:25,537 [bc0bc980-c963-48ce-962e-85091c893131@group-28ACFA97060E-LeaderElection206] INFO  impl.RoleInfo (RoleInfo.java:shutdownLeaderElection(134)) - bc0bc980-c963-48ce-962e-85091c893131: shutdown LeaderElection
2019-10-16 20:42:25,537 [bc0bc980-c963-48ce-962e-85091c893131@group-28ACFA97060E-LeaderElection206] INFO  impl.RoleInfo (RoleInfo.java:updateAndGet(143)) - bc0bc980-c963-48ce-962e-85091c893131: start FollowerState
2019-10-16 20:42:25,569 [Thread-1928] INFO  impl.FollowerState (FollowerState.java:run(108)) - bc0bc980-c963-48ce-962e-85091c893131@group-28ACFA97060E-FollowerState: change to CANDIDATE, lastRpcTime:31ms, electionTimeout:31ms
2019-10-16 20:42:25,569 [Thread-1928] INFO  impl.RoleInfo (RoleInfo.java:shutdownFollowerState(121)) - bc0bc980-c963-48ce-962e-85091c893131: shutdown FollowerState
2019-10-16 20:42:25,569 [Thread-1928] INFO  impl.RaftServerImpl (RaftServerImpl.java:setRole(184)) - bc0bc980-c963-48ce-962e-85091c893131@group-28ACFA97060E: changes role from  FOLLOWER to CANDIDATE at term 195 for changeToCandidate
2019-10-16 20:42:25,569 [Thread-1928] INFO  impl.RoleInfo (RoleInfo.java:updateAndGet(143)) - bc0bc980-c963-48ce-962e-85091c893131: start LeaderElection
2019-10-16 20:42:25,588 [bc0bc980-c963-48ce-962e-85091c893131@group-28ACFA97060E-LeaderElection207] INFO  impl.LeaderElection (LeaderElection.java:askForVotes(178)) - bc0bc980-c963-48ce-962e-85091c893131@group-28ACFA97060E-LeaderElection207: begin an election at term 196 for -1: [46069bd9-45fc-4c82-823c-36f07a1bcff0:192.168.157.254:34001, bc0bc980-c963-48ce-962e-85091c893131:192.168.157.254:46787, d612b743-bedc-4c3f-983e-e3329f8a2e6f:192.168.157.254:44523], old=null
2019-10-16 20:42:25,590 [grpc-default-executor-0] INFO  impl.RaftServerImpl (RaftServerImpl.java:setRole(184)) - d612b743-bedc-4c3f-983e-e3329f8a2e6f@group-28ACFA97060E: changes role from  FOLLOWER to FOLLOWER at term 196 for recognizeCandidate:bc0bc980-c963-48ce-962e-85091c893131
2019-10-16 20:42:25,590 [grpc-default-executor-2] INFO  impl.RaftServerImpl (RaftServerImpl.java:setRole(184)) - 46069bd9-45fc-4c82-823c-36f07a1bcff0@group-28ACFA97060E: changes role from  FOLLOWER to FOLLOWER at term 196 for recognizeCandidate:bc0bc980-c963-48ce-962e-85091c893131
2019-10-16 20:42:25,591 [grpc-default-executor-0] INFO  impl.RoleInfo (RoleInfo.java:shutdownFollowerState(121)) - d612b743-bedc-4c3f-983e-e3329f8a2e6f: shutdown FollowerState
2019-10-16 20:42:25,591 [grpc-default-executor-2] INFO  impl.RoleInfo (RoleInfo.java:shutdownFollowerState(121)) - 46069bd9-45fc-4c82-823c-36f07a1bcff0: shutdown FollowerState
2019-10-16 20:42:25,591 [Thread-1927] INFO  impl.FollowerState (FollowerState.java:run(117)) - d612b743-bedc-4c3f-983e-e3329f8a2e6f@group-28ACFA97060E-FollowerState was interrupted: java.lang.InterruptedException: sleep interrupted
2019-10-16 20:42:25,591 [grpc-default-executor-0] INFO  impl.RoleInfo (RoleInfo.java:updateAndGet(143)) - d612b743-bedc-4c3f-983e-e3329f8a2e6f: start FollowerState
2019-10-16 20:42:25,591 [grpc-default-executor-2] INFO  impl.RoleInfo (RoleInfo.java:updateAndGet(143)) - 46069bd9-45fc-4c82-823c-36f07a1bcff0: start FollowerState
2019-10-16 20:42:25,591 [Thread-1926] INFO  impl.FollowerState (FollowerState.java:run(117)) - 46069bd9-45fc-4c82-823c-36f07a1bcff0@group-28ACFA97060E-FollowerState was interrupted: java.lang.InterruptedException: sleep interrupted
2019-10-16 20:42:25,625 [bc0bc980-c963-48ce-962e-85091c893131@group-28ACFA97060E-LeaderElection207] INFO  impl.LeaderElection (LeaderElection.java:logAndReturn(56)) - bc0bc980-c963-48ce-962e-85091c893131@group-28ACFA97060E-LeaderElection207: Election REJECTED; received 2 response(s) [bc0bc980-c963-48ce-962e-85091c893131<-46069bd9-45fc-4c82-823c-36f07a1bcff0#0:FAIL-t196, bc0bc980-c963-48ce-962e-85091c893131<-d612b743-bedc-4c3f-983e-e3329f8a2e6f#0:FAIL-t196] and 0 exception(s); bc0bc980-c963-48ce-962e-85091c893131@group-28ACFA97060E:t196, leader=null, voted=bc0bc980-c963-48ce-962e-85091c893131, raftlog=bc0bc980-c963-48ce-962e-85091c893131@group-28ACFA97060E-SegmentedRaftLog:OPENED:c-1,f-1,i0, conf=-1: [46069bd9-45fc-4c82-823c-36f07a1bcff0:192.168.157.254:34001, bc0bc980-c963-48ce-962e-85091c893131:192.168.157.254:46787, d612b743-bedc-4c3f-983e-e3329f8a2e6f:192.168.157.254:44523], old=null
2019-10-16 20:42:25,626 [bc0bc980-c963-48ce-962e-85091c893131@group-28ACFA97060E-LeaderElection207] INFO  impl.RaftServerImpl (RaftServerImpl.java:setRole(184)) - bc0bc980-c963-48ce-962e-85091c893131@group-28ACFA97060E: changes role from CANDIDATE to FOLLOWER at term 196 for DISCOVERED_A_NEW_TERM
2019-10-16 20:42:25,626 [bc0bc980-c963-48ce-962e-85091c893131@group-28ACFA97060E-LeaderElection207] INFO  impl.RoleInfo (RoleInfo.java:shutdownLeaderElection(134)) - bc0bc980-c963-48ce-962e-85091c893131: shutdown LeaderElection
2019-10-16 20:42:25,626 [bc0bc980-c963-48ce-962e-85091c893131@group-28ACFA97060E-LeaderElection207] INFO  impl.RoleInfo (RoleInfo.java:updateAndGet(143)) - bc0bc980-c963-48ce-962e-85091c893131: start FollowerState
2019-10-16 20:42:25,683 [Thread-1934] INFO  impl.FollowerState (FollowerState.java:run(108)) - bc0bc980-c963-48ce-962e-85091c893131@group-28ACFA97060E-FollowerState: change to CANDIDATE, lastRpcTime:57ms, electionTimeout:57ms
2019-10-16 20:42:25,683 [Thread-1934] INFO  impl.RoleInfo (RoleInfo.java:shutdownFollowerState(121)) - bc0bc980-c963-48ce-962e-85091c893131: shutdown FollowerState
2019-10-16 20:42:25,684 [Thread-1934] INFO  impl.RaftServerImpl (RaftServerImpl.java:setRole(184)) - bc0bc980-c963-48ce-962e-85091c893131@group-28ACFA97060E: changes role from  FOLLOWER to CANDIDATE at term 196 for changeToCandidate
2019-10-16 20:42:25,684 [Thread-1934] INFO  impl.RoleInfo (RoleInfo.java:updateAndGet(143)) - bc0bc980-c963-48ce-962e-85091c893131: start LeaderElection
2019-10-16 20:42:25,711 [bc0bc980-c963-48ce-962e-85091c893131@group-28ACFA97060E-LeaderElection208] INFO  impl.LeaderElection (LeaderElection.java:askForVotes(178)) - bc0bc980-c963-48ce-962e-85091c893131@group-28ACFA97060E-LeaderElection208: begin an election at term 197 for -1: [46069bd9-45fc-4c82-823c-36f07a1bcff0:192.168.157.254:34001, bc0bc980-c963-48ce-962e-85091c893131:192.168.157.254:46787, d612b743-bedc-4c3f-983e-e3329f8a2e6f:192.168.157.254:44523], old=null
2019-10-16 20:42:25,713 [grpc-default-executor-0] INFO  impl.RaftServerImpl (RaftServerImpl.java:setRole(184)) - 46069bd9-45fc-4c82-823c-36f07a1bcff0@group-28ACFA97060E: changes role from  FOLLOWER to FOLLOWER at term 197 for recognizeCandidate:bc0bc980-c963-48ce-962e-85091c893131
2019-10-16 20:42:25,713 [grpc-default-executor-0] INFO  impl.RoleInfo (RoleInfo.java:shutdownFollowerState(121)) - 46069bd9-45fc-4c82-823c-36f07a1bcff0: shutdown FollowerState
2019-10-16 20:42:25,713 [grpc-default-executor-2] INFO  impl.RaftServerImpl (RaftServerImpl.java:setRole(184)) - d612b743-bedc-4c3f-983e-e3329f8a2e6f@group-28ACFA97060E: changes role from  FOLLOWER to FOLLOWER at term 197 for recognizeCandidate:bc0bc980-c963-48ce-962e-85091c893131
2019-10-16 20:42:25,713 [grpc-default-executor-2] INFO  impl.RoleInfo (RoleInfo.java:shutdownFollowerState(121)) - d612b743-bedc-4c3f-983e-e3329f8a2e6f: shutdown FollowerState
2019-10-16 20:42:25,713 [Thread-1933] INFO  impl.FollowerState (FollowerState.java:run(117)) - 46069bd9-45fc-4c82-823c-36f07a1bcff0@group-28ACFA97060E-FollowerState was interrupted: java.lang.InterruptedException: sleep interrupted
2019-10-16 20:42:25,713 [grpc-default-executor-0] INFO  impl.RoleInfo (RoleInfo.java:updateAndGet(143)) - 46069bd9-45fc-4c82-823c-36f07a1bcff0: start FollowerState
2019-10-16 20:42:25,713 [Thread-1932] INFO  impl.FollowerState (FollowerState.java:run(117)) - d612b743-bedc-4c3f-983e-e3329f8a2e6f@group-28ACFA97060E-FollowerState was interrupted: java.lang.InterruptedException: sleep interrupted
2019-10-16 20:42:25,713 [grpc-default-executor-2] INFO  impl.RoleInfo (RoleInfo.java:updateAndGet(143)) - d612b743-bedc-4c3f-983e-e3329f8a2e6f: start FollowerState
2019-10-16 20:42:25,728 [bc0bc980-c963-48ce-962e-85091c893131@group-28ACFA97060E-LeaderElection208] INFO  impl.LeaderElection (LeaderElection.java:logAndReturn(56)) - bc0bc980-c963-48ce-962e-85091c893131@group-28ACFA97060E-LeaderElection208: Election REJECTED; received 2 response(s) [bc0bc980-c963-48ce-962e-85091c893131<-46069bd9-45fc-4c82-823c-36f07a1bcff0#0:FAIL-t197, bc0bc980-c963-48ce-962e-85091c893131<-d612b743-bedc-4c3f-983e-e3329f8a2e6f#0:FAIL-t197] and 0 exception(s); bc0bc980-c963-48ce-962e-85091c893131@group-28ACFA97060E:t197, leader=null, voted=bc0bc980-c963-48ce-962e-85091c893131, raftlog=bc0bc980-c963-48ce-962e-85091c893131@group-28ACFA97060E-SegmentedRaftLog:OPENED:c-1,f-1,i0, conf=-1: [46069bd9-45fc-4c82-823c-36f07a1bcff0:192.168.157.254:34001, bc0bc980-c963-48ce-962e-85091c893131:192.168.157.254:46787, d612b743-bedc-4c3f-983e-e3329f8a2e6f:192.168.157.254:44523], old=null
2019-10-16 20:42:25,728 [bc0bc980-c963-48ce-962e-85091c893131@group-28ACFA97060E-LeaderElection208] INFO  impl.RaftServerImpl (RaftServerImpl.java:setRole(184)) - bc0bc980-c963-48ce-962e-85091c893131@group-28ACFA97060E: changes role from CANDIDATE to FOLLOWER at term 197 for DISCOVERED_A_NEW_TERM
2019-10-16 20:42:25,728 [bc0bc980-c963-48ce-962e-85091c893131@group-28ACFA97060E-LeaderElection208] INFO  impl.RoleInfo (RoleInfo.java:shutdownLeaderElection(134)) - bc0bc980-c963-48ce-962e-85091c893131: shutdown LeaderElection
2019-10-16 20:42:25,728 [bc0bc980-c963-48ce-962e-85091c893131@group-28ACFA97060E-LeaderElection208] INFO  impl.RoleInfo (RoleInfo.java:updateAndGet(143)) - bc0bc980-c963-48ce-962e-85091c893131: start FollowerState
2019-10-16 20:42:25,839 [Thread-1940] INFO  impl.FollowerState (FollowerState.java:run(108)) - bc0bc980-c963-48ce-962e-85091c893131@group-28ACFA97060E-FollowerState: change to CANDIDATE, lastRpcTime:110ms, electionTimeout:110ms
2019-10-16 20:42:25,839 [Thread-1940] INFO  impl.RoleInfo (RoleInfo.java:shutdownFollowerState(121)) - bc0bc980-c963-48ce-962e-85091c893131: shutdown FollowerState
2019-10-16 20:42:25,839 [Thread-1940] INFO  impl.RaftServerImpl (RaftServerImpl.java:setRole(184)) - bc0bc980-c963-48ce-962e-85091c893131@group-28ACFA97060E: changes role from  FOLLOWER to CANDIDATE at term 197 for changeToCandidate
2019-10-16 20:42:25,839 [Thread-1940] INFO  impl.RoleInfo (RoleInfo.java:updateAndGet(143)) - bc0bc980-c963-48ce-962e-85091c893131: start LeaderElection
2019-10-16 20:42:25,853 [bc0bc980-c963-48ce-962e-85091c893131@group-28ACFA97060E-LeaderElection209] INFO  impl.LeaderElection (LeaderElection.java:askForVotes(178)) - bc0bc980-c963-48ce-962e-85091c893131@group-28ACFA97060E-LeaderElection209: begin an election at term 198 for -1: [46069bd9-45fc-4c82-823c-36f07a1bcff0:192.168.157.254:34001, bc0bc980-c963-48ce-962e-85091c893131:192.168.157.254:46787, d612b743-bedc-4c3f-983e-e3329f8a2e6f:192.168.157.254:44523], old=null
2019-10-16 20:42:25,855 [grpc-default-executor-2] INFO  impl.RaftServerImpl (RaftServerImpl.java:setRole(184)) - 46069bd9-45fc-4c82-823c-36f07a1bcff0@group-28ACFA97060E: changes role from  FOLLOWER to FOLLOWER at term 198 for recognizeCandidate:bc0bc980-c963-48ce-962e-85091c893131
2019-10-16 20:42:25,855 [grpc-default-executor-0] INFO  impl.RaftServerImpl (RaftServerImpl.java:setRole(184)) - d612b743-bedc-4c3f-983e-e3329f8a2e6f@group-28ACFA97060E: changes role from  FOLLOWER to FOLLOWER at term 198 for recognizeCandidate:bc0bc980-c963-48ce-962e-85091c893131
2019-10-16 20:42:25,855 [grpc-default-executor-2] INFO  impl.RoleInfo (RoleInfo.java:shutdownFollowerState(121)) - 46069bd9-45fc-4c82-823c-36f07a1bcff0: shutdown FollowerState
2019-10-16 20:42:25,855 [grpc-default-executor-0] INFO  impl.RoleInfo (RoleInfo.java:shutdownFollowerState(121)) - d612b743-bedc-4c3f-983e-e3329f8a2e6f: shutdown FollowerState
2019-10-16 20:42:25,855 [grpc-default-executor-2] INFO  impl.RoleInfo (RoleInfo.java:updateAndGet(143)) - 46069bd9-45fc-4c82-823c-36f07a1bcff0: start FollowerState
2019-10-16 20:42:25,855 [Thread-1938] INFO  impl.FollowerState (FollowerState.java:run(117)) - 46069bd9-45fc-4c82-823c-36f07a1bcff0@group-28ACFA97060E-FollowerState was interrupted: java.lang.InterruptedException: sleep interrupted
2019-10-16 20:42:25,855 [Thread-1939] INFO  impl.FollowerState (FollowerState.java:run(117)) - d612b743-bedc-4c3f-983e-e3329f8a2e6f@group-28ACFA97060E-FollowerState was interrupted: java.lang.InterruptedException: sleep interrupted
2019-10-16 20:42:25,855 [grpc-default-executor-0] INFO  impl.RoleInfo (RoleInfo.java:updateAndGet(143)) - d612b743-bedc-4c3f-983e-e3329f8a2e6f: start FollowerState
2019-10-16 20:42:25,858 [bc0bc980-c963-48ce-962e-85091c893131@group-28ACFA97060E-LeaderElection209] INFO  impl.LeaderElection (LeaderElection.java:logAndReturn(56)) - bc0bc980-c963-48ce-962e-85091c893131@group-28ACFA97060E-LeaderElection209: Election TIMEOUT; received 0 response(s) [] and 0 exception(s); bc0bc980-c963-48ce-962e-85091c893131@group-28ACFA97060E:t198, leader=null, voted=bc0bc980-c963-48ce-962e-85091c893131, raftlog=bc0bc980-c963-48ce-962e-85091c893131@group-28ACFA97060E-SegmentedRaftLog:OPENED:c-1,f-1,i0, conf=-1: [46069bd9-45fc-4c82-823c-36f07a1bcff0:192.168.157.254:34001, bc0bc980-c963-48ce-962e-85091c893131:192.168.157.254:46787, d612b743-bedc-4c3f-983e-e3329f8a2e6f:192.168.157.254:44523], old=null
2019-10-16 20:42:25,880 [bc0bc980-c963-48ce-962e-85091c893131@group-28ACFA97060E-LeaderElection209] INFO  impl.LeaderElection (LeaderElection.java:askForVotes(178)) - bc0bc980-c963-48ce-962e-85091c893131@group-28ACFA97060E-LeaderElection209: begin an election at term 199 for -1: [46069bd9-45fc-4c82-823c-36f07a1bcff0:192.168.157.254:34001, bc0bc980-c963-48ce-962e-85091c893131:192.168.157.254:46787, d612b743-bedc-4c3f-983e-e3329f8a2e6f:192.168.157.254:44523], old=null
2019-10-16 20:42:25,881 [bc0bc980-c963-48ce-962e-85091c893131@group-28ACFA97060E-LeaderElection209] INFO  impl.LeaderElection (LeaderElection.java:logAndReturn(56)) - bc0bc980-c963-48ce-962e-85091c893131@group-28ACFA97060E-LeaderElection209: Election TIMEOUT; received 0 response(s) [] and 0 exception(s); bc0bc980-c963-48ce-962e-85091c893131@group-28ACFA97060E:t199, leader=null, voted=bc0bc980-c963-48ce-962e-85091c893131, raftlog=bc0bc980-c963-48ce-962e-85091c893131@group-28ACFA97060E-SegmentedRaftLog:OPENED:c-1,f-1,i0, conf=-1: [46069bd9-45fc-4c82-823c-36f07a1bcff0:192.168.157.254:34001, bc0bc980-c963-48ce-962e-85091c893131:192.168.157.254:46787, d612b743-bedc-4c3f-983e-e3329f8a2e6f:192.168.157.254:44523], old=null
2019-10-16 20:42:25,883 [grpc-default-executor-2] INFO  impl.RaftServerImpl (RaftServerImpl.java:setRole(184)) - d612b743-bedc-4c3f-983e-e3329f8a2e6f@group-28ACFA97060E: changes role from  FOLLOWER to FOLLOWER at term 199 for recognizeCandidate:bc0bc980-c963-48ce-962e-85091c893131
2019-10-16 20:42:25,883 [grpc-default-executor-0] INFO  impl.RaftServerImpl (RaftServerImpl.java:setRole(184)) - 46069bd9-45fc-4c82-823c-36f07a1bcff0@group-28ACFA97060E: changes role from  FOLLOWER to FOLLOWER at term 199 for recognizeCandidate:bc0bc980-c963-48ce-962e-85091c893131
2019-10-16 20:42:25,883 [grpc-default-executor-2] INFO  impl.RoleInfo (RoleInfo.java:shutdownFollowerState(121)) - d612b743-bedc-4c3f-983e-e3329f8a2e6f: shutdown FollowerState
2019-10-16 20:42:25,883 [grpc-default-executor-0] INFO  impl.RoleInfo (RoleInfo.java:shutdownFollowerState(121)) - 46069bd9-45fc-4c82-823c-36f07a1bcff0: shutdown FollowerState
2019-10-16 20:42:25,883 [Thread-1945] INFO  impl.FollowerState (FollowerState.java:run(117)) - d612b743-bedc-4c3f-983e-e3329f8a2e6f@group-28ACFA97060E-FollowerState was interrupted: java.lang.InterruptedException: sleep interrupted
2019-10-16 20:42:25,883 [grpc-default-executor-2] INFO  impl.RoleInfo (RoleInfo.java:updateAndGet(143)) - d612b743-bedc-4c3f-983e-e3329f8a2e6f: start FollowerState
2019-10-16 20:42:25,883 [Thread-1944] INFO  impl.FollowerState (FollowerState.java:run(117)) - 46069bd9-45fc-4c82-823c-36f07a1bcff0@group-28ACFA97060E-FollowerState was interrupted: java.lang.InterruptedException: sleep interrupted
2019-10-16 20:42:25,883 [grpc-default-executor-0] INFO  impl.RoleInfo (RoleInfo.java:updateAndGet(143)) - 46069bd9-45fc-4c82-823c-36f07a1bcff0: start FollowerState
2019-10-16 20:42:25,906 [bc0bc980-c963-48ce-962e-85091c893131@group-28ACFA97060E-LeaderElection209] INFO  impl.LeaderElection (LeaderElection.java:askForVotes(178)) - bc0bc980-c963-48ce-962e-85091c893131@group-28ACFA97060E-LeaderElection209: begin an election at term 200 for -1: [46069bd9-45fc-4c82-823c-36f07a1bcff0:192.168.157.254:34001, bc0bc980-c963-48ce-962e-85091c893131:192.168.157.254:46787, d612b743-bedc-4c3f-983e-e3329f8a2e6f:192.168.157.254:44523], old=null
2019-10-16 20:42:25,909 [grpc-default-executor-2] INFO  impl.RaftServerImpl (RaftServerImpl.java:setRole(184)) - 46069bd9-45fc-4c82-823c-36f07a1bcff0@group-28ACFA97060E: changes role from  FOLLOWER to FOLLOWER at term 200 for recognizeCandidate:bc0bc980-c963-48ce-962e-85091c893131
2019-10-16 20:42:25,909 [grpc-default-executor-2] INFO  impl.RoleInfo (RoleInfo.java:shutdownFollowerState(121)) - 46069bd9-45fc-4c82-823c-36f07a1bcff0: shutdown FollowerState
2019-10-16 20:42:25,909 [grpc-default-executor-0] INFO  impl.RaftServerImpl (RaftServerImpl.java:setRole(184)) - d612b743-bedc-4c3f-983e-e3329f8a2e6f@group-28ACFA97060E: changes role from  FOLLOWER to FOLLOWER at term 200 for recognizeCandidate:bc0bc980-c963-48ce-962e-85091c893131
2019-10-16 20:42:25,909 [Thread-1949] INFO  impl.FollowerState (FollowerState.java:run(117)) - 46069bd9-45fc-4c82-823c-36f07a1bcff0@group-28ACFA97060E-FollowerState was interrupted: java.lang.InterruptedException: sleep interrupted
2019-10-16 20:42:25,909 [grpc-default-executor-2] INFO  impl.RoleInfo (RoleInfo.java:updateAndGet(143)) - 46069bd9-45fc-4c82-823c-36f07a1bcff0: start FollowerState
2019-10-16 20:42:25,909 [grpc-default-executor-0] INFO  impl.RoleInfo (RoleInfo.java:shutdownFollowerState(121)) - d612b743-bedc-4c3f-983e-e3329f8a2e6f: shutdown FollowerState
2019-10-16 20:42:25,909 [grpc-default-executor-0] INFO  impl.RoleInfo (RoleInfo.java:updateAndGet(143)) - d612b743-bedc-4c3f-983e-e3329f8a2e6f: start FollowerState
2019-10-16 20:42:25,909 [Thread-1948] INFO  impl.FollowerState (FollowerState.java:run(117)) - d612b743-bedc-4c3f-983e-e3329f8a2e6f@group-28ACFA97060E-FollowerState was interrupted: java.lang.InterruptedException: sleep interrupted
2019-10-16 20:42:25,935 [bc0bc980-c963-48ce-962e-85091c893131@group-28ACFA97060E-LeaderElection209] INFO  impl.LeaderElection (LeaderElection.java:logAndReturn(56)) - bc0bc980-c963-48ce-962e-85091c893131@group-28ACFA97060E-LeaderElection209: Election REJECTED; received 2 response(s) [bc0bc980-c963-48ce-962e-85091c893131<-46069bd9-45fc-4c82-823c-36f07a1bcff0#0:FAIL-t200, bc0bc980-c963-48ce-962e-85091c893131<-d612b743-bedc-4c3f-983e-e3329f8a2e6f#0:FAIL-t200] and 0 exception(s); bc0bc980-c963-48ce-962e-85091c893131@group-28ACFA97060E:t200, leader=null, voted=bc0bc980-c963-48ce-962e-85091c893131, raftlog=bc0bc980-c963-48ce-962e-85091c893131@group-28ACFA97060E-SegmentedRaftLog:OPENED:c-1,f-1,i0, conf=-1: [46069bd9-45fc-4c82-823c-36f07a1bcff0:192.168.157.254:34001, bc0bc980-c963-48ce-962e-85091c893131:192.168.157.254:46787, d612b743-bedc-4c3f-983e-e3329f8a2e6f:192.168.157.254:44523], old=null
2019-10-16 20:42:25,935 [bc0bc980-c963-48ce-962e-85091c893131@group-28ACFA97060E-LeaderElection209] INFO  impl.RaftServerImpl (RaftServerImpl.java:setRole(184)) - bc0bc980-c963-48ce-962e-85091c893131@group-28ACFA97060E: changes role from CANDIDATE to FOLLOWER at term 200 for DISCOVERED_A_NEW_TERM
2019-10-16 20:42:25,935 [bc0bc980-c963-48ce-962e-85091c893131@group-28ACFA97060E-LeaderElection209] INFO  impl.RoleInfo (RoleInfo.java:shutdownLeaderElection(134)) - bc0bc980-c963-48ce-962e-85091c893131: shutdown LeaderElection
2019-10-16 20:42:25,935 [bc0bc980-c963-48ce-962e-85091c893131@group-28ACFA97060E-LeaderElection209] INFO  impl.RoleInfo (RoleInfo.java:updateAndGet(143)) - bc0bc980-c963-48ce-962e-85091c893131: start FollowerState
2019-10-16 20:42:26,103 [Thread-1954] INFO  impl.FollowerState (FollowerState.java:run(108)) - bc0bc980-c963-48ce-962e-85091c893131@group-28ACFA97060E-FollowerState: change to CANDIDATE, lastRpcTime:167ms, electionTimeout:167ms
2019-10-16 20:42:26,103 [Thread-1954] INFO  impl.RoleInfo (RoleInfo.java:shutdownFollowerState(121)) - bc0bc980-c963-48ce-962e-85091c893131: shutdown FollowerState
2019-10-16 20:42:26,103 [Thread-1954] INFO  impl.RaftServerImpl (RaftServerImpl.java:setRole(184)) - bc0bc980-c963-48ce-962e-85091c893131@group-28ACFA97060E: changes role from  FOLLOWER to CANDIDATE at term 200 for changeToCandidate
2019-10-16 20:42:26,103 [Thread-1954] INFO  impl.RoleInfo (RoleInfo.java:updateAndGet(143)) - bc0bc980-c963-48ce-962e-85091c893131: start LeaderElection
2019-10-16 20:42:26,129 [bc0bc980-c963-48ce-962e-85091c893131@group-28ACFA97060E-LeaderElection210] INFO  impl.LeaderElection (LeaderElection.java:askForVotes(178)) - bc0bc980-c963-48ce-962e-85091c893131@group-28ACFA97060E-LeaderElection210: begin an election at term 201 for -1: [46069bd9-45fc-4c82-823c-36f07a1bcff0:192.168.157.254:34001, bc0bc980-c963-48ce-962e-85091c893131:192.168.157.254:46787, d612b743-bedc-4c3f-983e-e3329f8a2e6f:192.168.157.254:44523], old=null
2019-10-16 20:42:26,131 [grpc-default-executor-2] INFO  impl.RaftServerImpl (RaftServerImpl.java:setRole(184)) - 46069bd9-45fc-4c82-823c-36f07a1bcff0@group-28ACFA97060E: changes role from  FOLLOWER to FOLLOWER at term 201 for recognizeCandidate:bc0bc980-c963-48ce-962e-85091c893131
2019-10-16 20:42:26,131 [grpc-default-executor-0] INFO  impl.RaftServerImpl (RaftServerImpl.java:setRole(184)) - d612b743-bedc-4c3f-983e-e3329f8a2e6f@group-28ACFA97060E: changes role from  FOLLOWER to FOLLOWER at term 201 for recognizeCandidate:bc0bc980-c963-48ce-962e-85091c893131
2019-10-16 20:42:26,131 [grpc-default-executor-2] INFO  impl.RoleInfo (RoleInfo.java:shutdownFollowerState(121)) - 46069bd9-45fc-4c82-823c-36f07a1bcff0: shutdown FollowerState
2019-10-16 20:42:26,131 [grpc-default-executor-0] INFO  impl.RoleInfo (RoleInfo.java:shutdownFollowerState(121)) - d612b743-bedc-4c3f-983e-e3329f8a2e6f: shutdown FollowerState
2019-10-16 20:42:26,131 [Thread-1952] INFO  impl.FollowerState (FollowerState.java:run(117)) - 46069bd9-45fc-4c82-823c-36f07a1bcff0@group-28ACFA97060E-FollowerState was interrupted: java.lang.InterruptedException: sleep interrupted
2019-10-16 20:42:26,131 [grpc-default-executor-2] INFO  impl.RoleInfo (RoleInfo.java:updateAndGet(143)) - 46069bd9-45fc-4c82-823c-36f07a1bcff0: start FollowerState
2019-10-16 20:42:26,132 [Thread-1953] INFO  impl.FollowerState (FollowerState.java:run(117)) - d612b743-bedc-4c3f-983e-e3329f8a2e6f@group-28ACFA97060E-FollowerState was interrupted: java.lang.InterruptedException: sleep interrupted
2019-10-16 20:42:26,132 [grpc-default-executor-0] INFO  impl.RoleInfo (RoleInfo.java:updateAndGet(143)) - d612b743-bedc-4c3f-983e-e3329f8a2e6f: start FollowerState
2019-10-16 20:42:26,146 [bc0bc980-c963-48ce-962e-85091c893131@group-28ACFA97060E-LeaderElection210] INFO  impl.LeaderElection (LeaderElection.java:logAndReturn(56)) - bc0bc980-c963-48ce-962e-85091c893131@group-28ACFA97060E-LeaderElection210: Election REJECTED; received 2 response(s) [bc0bc980-c963-48ce-962e-85091c893131<-46069bd9-45fc-4c82-823c-36f07a1bcff0#0:FAIL-t201, bc0bc980-c963-48ce-962e-85091c893131<-d612b743-bedc-4c3f-983e-e3329f8a2e6f#0:FAIL-t201] and 0 exception(s); bc0bc980-c963-48ce-962e-85091c893131@group-28ACFA97060E:t201, leader=null, voted=bc0bc980-c963-48ce-962e-85091c893131, raftlog=bc0bc980-c963-48ce-962e-85091c893131@group-28ACFA97060E-SegmentedRaftLog:OPENED:c-1,f-1,i0, conf=-1: [46069bd9-45fc-4c82-823c-36f07a1bcff0:192.168.157.254:34001, bc0bc980-c963-48ce-962e-85091c893131:192.168.157.254:46787, d612b743-bedc-4c3f-983e-e3329f8a2e6f:192.168.157.254:44523], old=null
2019-10-16 20:42:26,146 [bc0bc980-c963-48ce-962e-85091c893131@group-28ACFA97060E-LeaderElection210] INFO  impl.RaftServerImpl (RaftServerImpl.java:setRole(184)) - bc0bc980-c963-48ce-962e-85091c893131@group-28ACFA97060E: changes role from CANDIDATE to FOLLOWER at term 201 for DISCOVERED_A_NEW_TERM
2019-10-16 20:42:26,146 [bc0bc980-c963-48ce-962e-85091c893131@group-28ACFA97060E-LeaderElection210] INFO  impl.RoleInfo (RoleInfo.java:shutdownLeaderElection(134)) - bc0bc980-c963-48ce-962e-85091c893131: shutdown LeaderElection
2019-10-16 20:42:26,146 [bc0bc980-c963-48ce-962e-85091c893131@group-28ACFA97060E-LeaderElection210] INFO  impl.RoleInfo (RoleInfo.java:updateAndGet(143)) - bc0bc980-c963-48ce-962e-85091c893131: start FollowerState
2019-10-16 20:42:26,248 [Thread-1960] INFO  impl.FollowerState (FollowerState.java:run(108)) - bc0bc980-c963-48ce-962e-85091c893131@group-28ACFA97060E-FollowerState: change to CANDIDATE, lastRpcTime:102ms, electionTimeout:102ms
2019-10-16 20:42:26,249 [Thread-1960] INFO  impl.RoleInfo (RoleInfo.java:shutdownFollowerState(121)) - bc0bc980-c963-48ce-962e-85091c893131: shutdown FollowerState
2019-10-16 20:42:26,249 [Thread-1960] INFO  impl.RaftServerImpl (RaftServerImpl.java:setRole(184)) - bc0bc980-c963-48ce-962e-85091c893131@group-28ACFA97060E: changes role from  FOLLOWER to CANDIDATE at term 201 for changeToCandidate
2019-10-16 20:42:26,249 [Thread-1960] INFO  impl.RoleInfo (RoleInfo.java:updateAndGet(143)) - bc0bc980-c963-48ce-962e-85091c893131: start LeaderElection
2019-10-16 20:42:26,262 [bc0bc980-c963-48ce-962e-85091c893131@group-28ACFA97060E-LeaderElection211] INFO  impl.LeaderElection (LeaderElection.java:askForVotes(178)) - bc0bc980-c963-48ce-962e-85091c893131@group-28ACFA97060E-LeaderElection211: begin an election at term 202 for -1: [46069bd9-45fc-4c82-823c-36f07a1bcff0:192.168.157.254:34001, bc0bc980-c963-48ce-962e-85091c893131:192.168.157.254:46787, d612b743-bedc-4c3f-983e-e3329f8a2e6f:192.168.157.254:44523], old=null
2019-10-16 20:42:26,264 [grpc-default-executor-0] INFO  impl.RaftServerImpl (RaftServerImpl.java:setRole(184)) - 46069bd9-45fc-4c82-823c-36f07a1bcff0@group-28ACFA97060E: changes role from  FOLLOWER to FOLLOWER at term 202 for recognizeCandidate:bc0bc980-c963-48ce-962e-85091c893131
2019-10-16 20:42:26,264 [grpc-default-executor-0] INFO  impl.RoleInfo (RoleInfo.java:shutdownFollowerState(121)) - 46069bd9-45fc-4c82-823c-36f07a1bcff0: shutdown FollowerState
2019-10-16 20:42:26,264 [grpc-default-executor-2] INFO  impl.RaftServerImpl (RaftServerImpl.java:setRole(184)) - d612b743-bedc-4c3f-983e-e3329f8a2e6f@group-28ACFA97060E: changes role from  FOLLOWER to FOLLOWER at term 202 for recognizeCandidate:bc0bc980-c963-48ce-962e-85091c893131
2019-10-16 20:42:26,264 [grpc-default-executor-2] INFO  impl.RoleInfo (RoleInfo.java:shutdownFollowerState(121)) - d612b743-bedc-4c3f-983e-e3329f8a2e6f: shutdown FollowerState
2019-10-16 20:42:26,264 [Thread-1958] INFO  impl.FollowerState (FollowerState.java:run(117)) - 46069bd9-45fc-4c82-823c-36f07a1bcff0@group-28ACFA97060E-FollowerState was interrupted: java.lang.InterruptedException: sleep interrupted
2019-10-16 20:42:26,264 [grpc-default-executor-0] INFO  impl.RoleInfo (RoleInfo.java:updateAndGet(143)) - 46069bd9-45fc-4c82-823c-36f07a1bcff0: start FollowerState
2019-10-16 20:42:26,264 [grpc-default-executor-2] INFO  impl.RoleInfo (RoleInfo.java:updateAndGet(143)) - d612b743-bedc-4c3f-983e-e3329f8a2e6f: start FollowerState
2019-10-16 20:42:26,264 [Thread-1959] INFO  impl.FollowerState (FollowerState.java:run(117)) - d612b743-bedc-4c3f-983e-e3329f8a2e6f@group-28ACFA97060E-FollowerState was interrupted: java.lang.InterruptedException: sleep interrupted
2019-10-16 20:42:26,287 [bc0bc980-c963-48ce-962e-85091c893131@group-28ACFA97060E-LeaderElection211] INFO  impl.LeaderElection (LeaderElection.java:logAndReturn(56)) - bc0bc980-c963-48ce-962e-85091c893131@group-28ACFA97060E-LeaderElection211: Election REJECTED; received 2 response(s) [bc0bc980-c963-48ce-962e-85091c893131<-46069bd9-45fc-4c82-823c-36f07a1bcff0#0:FAIL-t202, bc0bc980-c963-48ce-962e-85091c893131<-d612b743-bedc-4c3f-983e-e3329f8a2e6f#0:FAIL-t202] and 0 exception(s); bc0bc980-c963-48ce-962e-85091c893131@group-28ACFA97060E:t202, leader=null, voted=bc0bc980-c963-48ce-962e-85091c893131, raftlog=bc0bc980-c963-48ce-962e-85091c893131@group-28ACFA97060E-SegmentedRaftLog:OPENED:c-1,f-1,i0, conf=-1: [46069bd9-45fc-4c82-823c-36f07a1bcff0:192.168.157.254:34001, bc0bc980-c963-48ce-962e-85091c893131:192.168.157.254:46787, d612b743-bedc-4c3f-983e-e3329f8a2e6f:192.168.157.254:44523], old=null
2019-10-16 20:42:26,287 [bc0bc980-c963-48ce-962e-85091c893131@group-28ACFA97060E-LeaderElection211] INFO  impl.RaftServerImpl (RaftServerImpl.java:setRole(184)) - bc0bc980-c963-48ce-962e-85091c893131@group-28ACFA97060E: changes role from CANDIDATE to FOLLOWER at term 202 for DISCOVERED_A_NEW_TERM
2019-10-16 20:42:26,287 [bc0bc980-c963-48ce-962e-85091c893131@group-28ACFA97060E-LeaderElection211] INFO  impl.RoleInfo (RoleInfo.java:shutdownLeaderElection(134)) - bc0bc980-c963-48ce-962e-85091c893131: shutdown LeaderElection
2019-10-16 20:42:26,287 [bc0bc980-c963-48ce-962e-85091c893131@group-28ACFA97060E-LeaderElection211] INFO  impl.RoleInfo (RoleInfo.java:updateAndGet(143)) - bc0bc980-c963-48ce-962e-85091c893131: start FollowerState
2019-10-16 20:42:26,392 [Thread-1966] INFO  impl.FollowerState (FollowerState.java:run(108)) - bc0bc980-c963-48ce-962e-85091c893131@group-28ACFA97060E-FollowerState: change to CANDIDATE, lastRpcTime:104ms, electionTimeout:104ms
2019-10-16 20:42:26,392 [Thread-1966] INFO  impl.RoleInfo (RoleInfo.java:shutdownFollowerState(121)) - bc0bc980-c963-48ce-962e-85091c893131: shutdown FollowerState
2019-10-16 20:42:26,392 [Thread-1966] INFO  impl.RaftServerImpl (RaftServerImpl.java:setRole(184)) - bc0bc980-c963-48ce-962e-85091c893131@group-28ACFA97060E: changes role from  FOLLOWER to CANDIDATE at term 202 for changeToCandidate
2019-10-16 20:42:26,392 [Thread-1966] INFO  impl.RoleInfo (RoleInfo.java:updateAndGet(143)) - bc0bc980-c963-48ce-962e-85091c893131: start LeaderElection
2019-10-16 20:42:26,418 [bc0bc980-c963-48ce-962e-85091c893131@group-28ACFA97060E-LeaderElection212] INFO  impl.LeaderElection (LeaderElection.java:askForVotes(178)) - bc0bc980-c963-48ce-962e-85091c893131@group-28ACFA97060E-LeaderElection212: begin an election at term 203 for -1: [46069bd9-45fc-4c82-823c-36f07a1bcff0:192.168.157.254:34001, bc0bc980-c963-48ce-962e-85091c893131:192.168.157.254:46787, d612b743-bedc-4c3f-983e-e3329f8a2e6f:192.168.157.254:44523], old=null
2019-10-16 20:42:26,420 [grpc-default-executor-0] INFO  impl.RaftServerImpl (RaftServerImpl.java:setRole(184)) - 46069bd9-45fc-4c82-823c-36f07a1bcff0@group-28ACFA97060E: changes role from  FOLLOWER to FOLLOWER at term 203 for recognizeCandidate:bc0bc980-c963-48ce-962e-85091c893131
2019-10-16 20:42:26,420 [grpc-default-executor-2] INFO  impl.RaftServerImpl (RaftServerImpl.java:setRole(184)) - d612b743-bedc-4c3f-983e-e3329f8a2e6f@group-28ACFA97060E: changes role from  FOLLOWER to FOLLOWER at term 203 for recognizeCandidate:bc0bc980-c963-48ce-962e-85091c893131
2019-10-16 20:42:26,420 [grpc-default-executor-0] INFO  impl.RoleInfo (RoleInfo.java:shutdownFollowerState(121)) - 46069bd9-45fc-4c82-823c-36f07a1bcff0: shutdown FollowerState
2019-10-16 20:42:26,420 [grpc-default-executor-2] INFO  impl.RoleInfo (RoleInfo.java:shutdownFollowerState(121)) - d612b743-bedc-4c3f-983e-e3329f8a2e6f: shutdown FollowerState
2019-10-16 20:42:26,420 [grpc-default-executor-0] INFO  impl.RoleInfo (RoleInfo.java:updateAndGet(143)) - 46069bd9-45fc-4c82-823c-36f07a1bcff0: start FollowerState
2019-10-16 20:42:26,420 [Thread-1964] INFO  impl.FollowerState (FollowerState.java:run(117)) - 46069bd9-45fc-4c82-823c-36f07a1bcff0@group-28ACFA97060E-FollowerState was interrupted: java.lang.InterruptedException: sleep interrupted
2019-10-16 20:42:26,420 [grpc-default-executor-2] INFO  impl.RoleInfo (RoleInfo.java:updateAndGet(143)) - d612b743-bedc-4c3f-983e-e3329f8a2e6f: start FollowerState
2019-10-16 20:42:26,420 [Thread-1965] INFO  impl.FollowerState (FollowerState.java:run(117)) - d612b743-bedc-4c3f-983e-e3329f8a2e6f@group-28ACFA97060E-FollowerState was interrupted: java.lang.InterruptedException: sleep interrupted
2019-10-16 20:42:26,433 [bc0bc980-c963-48ce-962e-85091c893131@group-28ACFA97060E-LeaderElection212] INFO  impl.LeaderElection (LeaderElection.java:logAndReturn(56)) - bc0bc980-c963-48ce-962e-85091c893131@group-28ACFA97060E-LeaderElection212: Election REJECTED; received 2 response(s) [bc0bc980-c963-48ce-962e-85091c893131<-46069bd9-45fc-4c82-823c-36f07a1bcff0#0:FAIL-t203, bc0bc980-c963-48ce-962e-85091c893131<-d612b743-bedc-4c3f-983e-e3329f8a2e6f#0:FAIL-t203] and 0 exception(s); bc0bc980-c963-48ce-962e-85091c893131@group-28ACFA97060E:t203, leader=null, voted=bc0bc980-c963-48ce-962e-85091c893131, raftlog=bc0bc980-c963-48ce-962e-85091c893131@group-28ACFA97060E-SegmentedRaftLog:OPENED:c-1,f-1,i0, conf=-1: [46069bd9-45fc-4c82-823c-36f07a1bcff0:192.168.157.254:34001, bc0bc980-c963-48ce-962e-85091c893131:192.168.157.254:46787, d612b743-bedc-4c3f-983e-e3329f8a2e6f:192.168.157.254:44523], old=null
2019-10-16 20:42:26,434 [bc0bc980-c963-48ce-962e-85091c893131@group-28ACFA97060E-LeaderElection212] INFO  impl.RaftServerImpl (RaftServerImpl.java:setRole(184)) - bc0bc980-c963-48ce-962e-85091c893131@group-28ACFA97060E: changes role from CANDIDATE to FOLLOWER at term 203 for DISCOVERED_A_NEW_TERM
2019-10-16 20:42:26,434 [bc0bc980-c963-48ce-962e-85091c893131@group-28ACFA97060E-LeaderElection212] INFO  impl.RoleInfo (RoleInfo.java:shutdownLeaderElection(134)) - bc0bc980-c963-48ce-962e-85091c893131: shutdown LeaderElection
2019-10-16 20:42:26,434 [bc0bc980-c963-48ce-962e-85091c893131@group-28ACFA97060E-LeaderElection212] INFO  impl.RoleInfo (RoleInfo.java:updateAndGet(143)) - bc0bc980-c963-48ce-962e-85091c893131: start FollowerState
2019-10-16 20:42:26,631 [Thread-1972] INFO  impl.FollowerState (FollowerState.java:run(108)) - bc0bc980-c963-48ce-962e-85091c893131@group-28ACFA97060E-FollowerState: change to CANDIDATE, lastRpcTime:197ms, electionTimeout:197ms
2019-10-16 20:42:26,632 [Thread-1972] INFO  impl.RoleInfo (RoleInfo.java:shutdownFollowerState(121)) - bc0bc980-c963-48ce-962e-85091c893131: shutdown FollowerState
2019-10-16 20:42:26,632 [Thread-1972] INFO  impl.RaftServerImpl (RaftServerImpl.java:setRole(184)) - bc0bc980-c963-48ce-962e-85091c893131@group-28ACFA97060E: changes role from  FOLLOWER to CANDIDATE at term 203 for changeToCandidate
2019-10-16 20:42:26,632 [Thread-1972] INFO  impl.RoleInfo (RoleInfo.java:updateAndGet(143)) - bc0bc980-c963-48ce-962e-85091c893131: start LeaderElection
2019-10-16 20:42:26,646 [bc0bc980-c963-48ce-962e-85091c893131@group-28ACFA97060E-LeaderElection213] INFO  impl.LeaderElection (LeaderElection.java:askForVotes(178)) - bc0bc980-c963-48ce-962e-85091c893131@group-28ACFA97060E-LeaderElection213: begin an election at term 204 for -1: [46069bd9-45fc-4c82-823c-36f07a1bcff0:192.168.157.254:34001, bc0bc980-c963-48ce-962e-85091c893131:192.168.157.254:46787, d612b743-bedc-4c3f-983e-e3329f8a2e6f:192.168.157.254:44523], old=null
2019-10-16 20:42:26,648 [grpc-default-executor-0] INFO  impl.RaftServerImpl (RaftServerImpl.java:setRole(184)) - 46069bd9-45fc-4c82-823c-36f07a1bcff0@group-28ACFA97060E: changes role from  FOLLOWER to FOLLOWER at term 204 for recognizeCandidate:bc0bc980-c963-48ce-962e-85091c893131
2019-10-16 20:42:26,648 [grpc-default-executor-2] INFO  impl.RaftServerImpl (RaftServerImpl.java:setRole(184)) - d612b743-bedc-4c3f-983e-e3329f8a2e6f@group-28ACFA97060E: changes role from  FOLLOWER to FOLLOWER at term 204 for recognizeCandidate:bc0bc980-c963-48ce-962e-85091c893131
2019-10-16 20:42:26,648 [grpc-default-executor-2] INFO  impl.RoleInfo (RoleInfo.java:shutdownFollowerState(121)) - d612b743-bedc-4c3f-983e-e3329f8a2e6f: shutdown FollowerState
2019-10-16 20:42:26,648 [grpc-default-executor-0] INFO  impl.RoleInfo (RoleInfo.java:shutdownFollowerState(121)) - 46069bd9-45fc-4c82-823c-36f07a1bcff0: shutdown FollowerState
2019-10-16 20:42:26,648 [Thread-1971] INFO  impl.FollowerState (FollowerState.java:run(117)) - d612b743-bedc-4c3f-983e-e3329f8a2e6f@group-28ACFA97060E-FollowerState was interrupted: java.lang.InterruptedException: sleep interrupted
2019-10-16 20:42:26,648 [grpc-default-executor-2] INFO  impl.RoleInfo (RoleInfo.java:updateAndGet(143)) - d612b743-bedc-4c3f-983e-e3329f8a2e6f: start FollowerState
2019-10-16 20:42:26,649 [Thread-1970] INFO  impl.FollowerState (FollowerState.java:run(117)) - 46069bd9-45fc-4c82-823c-36f07a1bcff0@group-28ACFA97060E-FollowerState was interrupted: java.lang.InterruptedException: sleep interrupted
2019-10-16 20:42:26,648 [grpc-default-executor-0] INFO  impl.RoleInfo (RoleInfo.java:updateAndGet(143)) - 46069bd9-45fc-4c82-823c-36f07a1bcff0: start FollowerState
2019-10-16 20:42:26,675 [bc0bc980-c963-48ce-962e-85091c893131@group-28ACFA97060E-LeaderElection213] INFO  impl.LeaderElection (LeaderElection.java:logAndReturn(56)) - bc0bc980-c963-48ce-962e-85091c893131@group-28ACFA97060E-LeaderElection213: Election REJECTED; received 2 response(s) [bc0bc980-c963-48ce-962e-85091c893131<-46069bd9-45fc-4c82-823c-36f07a1bcff0#0:FAIL-t204, bc0bc980-c963-48ce-962e-85091c893131<-d612b743-bedc-4c3f-983e-e3329f8a2e6f#0:FAIL-t204] and 0 exception(s); bc0bc980-c963-48ce-962e-85091c893131@group-28ACFA97060E:t204, leader=null, voted=bc0bc980-c963-48ce-962e-85091c893131, raftlog=bc0bc980-c963-48ce-962e-85091c893131@group-28ACFA97060E-SegmentedRaftLog:OPENED:c-1,f-1,i0, conf=-1: [46069bd9-45fc-4c82-823c-36f07a1bcff0:192.168.157.254:34001, bc0bc980-c963-48ce-962e-85091c893131:192.168.157.254:46787, d612b743-bedc-4c3f-983e-e3329f8a2e6f:192.168.157.254:44523], old=null
2019-10-16 20:42:26,675 [bc0bc980-c963-48ce-962e-85091c893131@group-28ACFA97060E-LeaderElection213] INFO  impl.RaftServerImpl (RaftServerImpl.java:setRole(184)) - bc0bc980-c963-48ce-962e-85091c893131@group-28ACFA97060E: changes role from CANDIDATE to FOLLOWER at term 204 for DISCOVERED_A_NEW_TERM
2019-10-16 20:42:26,675 [bc0bc980-c963-48ce-962e-85091c893131@group-28ACFA97060E-LeaderElection213] INFO  impl.RoleInfo (RoleInfo.java:shutdownLeaderElection(134)) - bc0bc980-c963-48ce-962e-85091c893131: shutdown LeaderElection
2019-10-16 20:42:26,675 [bc0bc980-c963-48ce-962e-85091c893131@group-28ACFA97060E-LeaderElection213] INFO  impl.RoleInfo (RoleInfo.java:updateAndGet(143)) - bc0bc980-c963-48ce-962e-85091c893131: start FollowerState
2019-10-16 20:42:26,729 [Thread-1978] INFO  impl.FollowerState (FollowerState.java:run(108)) - bc0bc980-c963-48ce-962e-85091c893131@group-28ACFA97060E-FollowerState: change to CANDIDATE, lastRpcTime:54ms, electionTimeout:54ms
2019-10-16 20:42:26,729 [Thread-1978] INFO  impl.RoleInfo (RoleInfo.java:shutdownFollowerState(121)) - bc0bc980-c963-48ce-962e-85091c893131: shutdown FollowerState
2019-10-16 20:42:26,730 [Thread-1978] INFO  impl.RaftServerImpl (RaftServerImpl.java:setRole(184)) - bc0bc980-c963-48ce-962e-85091c893131@group-28ACFA97060E: changes role from  FOLLOWER to CANDIDATE at term 204 for changeToCandidate
2019-10-16 20:42:26,730 [Thread-1978] INFO  impl.RoleInfo (RoleInfo.java:updateAndGet(143)) - bc0bc980-c963-48ce-962e-85091c893131: start LeaderElection
2019-10-16 20:42:26,754 [bc0bc980-c963-48ce-962e-85091c893131@group-28ACFA97060E-LeaderElection214] INFO  impl.LeaderElection (LeaderElection.java:askForVotes(178)) - bc0bc980-c963-48ce-962e-85091c893131@group-28ACFA97060E-LeaderElection214: begin an election at term 205 for -1: [46069bd9-45fc-4c82-823c-36f07a1bcff0:192.168.157.254:34001, bc0bc980-c963-48ce-962e-85091c893131:192.168.157.254:46787, d612b743-bedc-4c3f-983e-e3329f8a2e6f:192.168.157.254:44523], old=null
2019-10-16 20:42:26,755 [grpc-default-executor-0] INFO  impl.RaftServerImpl (RaftServerImpl.java:setRole(184)) - 46069bd9-45fc-4c82-823c-36f07a1bcff0@group-28ACFA97060E: changes role from  FOLLOWER to FOLLOWER at term 205 for recognizeCandidate:bc0bc980-c963-48ce-962e-85091c893131
2019-10-16 20:42:26,755 [grpc-default-executor-0] INFO  impl.RoleInfo (RoleInfo.java:shutdownFollowerState(121)) - 46069bd9-45fc-4c82-823c-36f07a1bcff0: shutdown FollowerState
2019-10-16 20:42:26,755 [grpc-default-executor-2] INFO  impl.RaftServerImpl (RaftServerImpl.java:setRole(184)) - d612b743-bedc-4c3f-983e-e3329f8a2e6f@group-28ACFA97060E: changes role from  FOLLOWER to FOLLOWER at term 205 for recognizeCandidate:bc0bc980-c963-48ce-962e-85091c893131
2019-10-16 20:42:26,755 [grpc-default-executor-2] INFO  impl.RoleInfo (RoleInfo.java:shutdownFollowerState(121)) - d612b743-bedc-4c3f-983e-e3329f8a2e6f: shutdown FollowerState
2019-10-16 20:42:26,755 [Thread-1977] INFO  impl.FollowerState (FollowerState.java:run(117)) - 46069bd9-45fc-4c82-823c-36f07a1bcff0@group-28ACFA97060E-FollowerState was interrupted: java.lang.InterruptedException: sleep interrupted
2019-10-16 20:42:26,755 [grpc-default-executor-0] INFO  impl.RoleInfo (RoleInfo.java:updateAndGet(143)) - 46069bd9-45fc-4c82-823c-36f07a1bcff0: start FollowerState
2019-10-16 20:42:26,756 [Thread-1976] INFO  impl.FollowerState (FollowerState.java:run(117)) - d612b743-bedc-4c3f-983e-e3329f8a2e6f@group-28ACFA97060E-FollowerState was interrupted: java.lang.InterruptedException: sleep interrupted
2019-10-16 20:42:26,756 [grpc-default-executor-2] INFO  impl.RoleInfo (RoleInfo.java:updateAndGet(143)) - d612b743-bedc-4c3f-983e-e3329f8a2e6f: start FollowerState
2019-10-16 20:42:26,775 [bc0bc980-c963-48ce-962e-85091c893131@group-28ACFA97060E-LeaderElection214] INFO  impl.LeaderElection (LeaderElection.java:logAndReturn(56)) - bc0bc980-c963-48ce-962e-85091c893131@group-28ACFA97060E-LeaderElection214: Election REJECTED; received 2 response(s) [bc0bc980-c963-48ce-962e-85091c893131<-46069bd9-45fc-4c82-823c-36f07a1bcff0#0:FAIL-t205, bc0bc980-c963-48ce-962e-85091c893131<-d612b743-bedc-4c3f-983e-e3329f8a2e6f#0:FAIL-t205] and 0 exception(s); bc0bc980-c963-48ce-962e-85091c893131@group-28ACFA97060E:t205, leader=null, voted=bc0bc980-c963-48ce-962e-85091c893131, raftlog=bc0bc980-c963-48ce-962e-85091c893131@group-28ACFA97060E-SegmentedRaftLog:OPENED:c-1,f-1,i0, conf=-1: [46069bd9-45fc-4c82-823c-36f07a1bcff0:192.168.157.254:34001, bc0bc980-c963-48ce-962e-85091c893131:192.168.157.254:46787, d612b743-bedc-4c3f-983e-e3329f8a2e6f:192.168.157.254:44523], old=null
2019-10-16 20:42:26,775 [bc0bc980-c963-48ce-962e-85091c893131@group-28ACFA97060E-LeaderElection214] INFO  impl.RaftServerImpl (RaftServerImpl.java:setRole(184)) - bc0bc980-c963-48ce-962e-85091c893131@group-28ACFA97060E: changes role from CANDIDATE to FOLLOWER at term 205 for DISCOVERED_A_NEW_TERM
2019-10-16 20:42:26,775 [bc0bc980-c963-48ce-962e-85091c893131@group-28ACFA97060E-LeaderElection214] INFO  impl.RoleInfo (RoleInfo.java:shutdownLeaderElection(134)) - bc0bc980-c963-48ce-962e-85091c893131: shutdown LeaderElection
2019-10-16 20:42:26,775 [bc0bc980-c963-48ce-962e-85091c893131@group-28ACFA97060E-LeaderElection214] INFO  impl.RoleInfo (RoleInfo.java:updateAndGet(143)) - bc0bc980-c963-48ce-962e-85091c893131: start FollowerState
2019-10-16 20:42:26,783 [Thread-1984] INFO  impl.FollowerState (FollowerState.java:run(108)) - bc0bc980-c963-48ce-962e-85091c893131@group-28ACFA97060E-FollowerState: change to CANDIDATE, lastRpcTime:8ms, electionTimeout:8ms
2019-10-16 20:42:26,783 [Thread-1984] INFO  impl.RoleInfo (RoleInfo.java:shutdownFollowerState(121)) - bc0bc980-c963-48ce-962e-85091c893131: shutdown FollowerState
2019-10-16 20:42:26,783 [Thread-1984] INFO  impl.RaftServerImpl (RaftServerImpl.java:setRole(184)) - bc0bc980-c963-48ce-962e-85091c893131@group-28ACFA97060E: changes role from  FOLLOWER to CANDIDATE at term 205 for changeToCandidate
2019-10-16 20:42:26,784 [Thread-1984] INFO  impl.RoleInfo (RoleInfo.java:updateAndGet(143)) - bc0bc980-c963-48ce-962e-85091c893131: start LeaderElection
2019-10-16 20:42:26,797 [bc0bc980-c963-48ce-962e-85091c893131@group-28ACFA97060E-LeaderElection215] INFO  impl.LeaderElection (LeaderElection.java:askForVotes(178)) - bc0bc980-c963-48ce-962e-85091c893131@group-28ACFA97060E-LeaderElection215: begin an election at term 206 for -1: [46069bd9-45fc-4c82-823c-36f07a1bcff0:192.168.157.254:34001, bc0bc980-c963-48ce-962e-85091c893131:192.168.157.254:46787, d612b743-bedc-4c3f-983e-e3329f8a2e6f:192.168.157.254:44523], old=null
2019-10-16 20:42:26,798 [grpc-default-executor-2] INFO  impl.RaftServerImpl (RaftServerImpl.java:setRole(184)) - 46069bd9-45fc-4c82-823c-36f07a1bcff0@group-28ACFA97060E: changes role from  FOLLOWER to FOLLOWER at term 206 for recognizeCandidate:bc0bc980-c963-48ce-962e-85091c893131
2019-10-16 20:42:26,798 [grpc-default-executor-2] INFO  impl.RoleInfo (RoleInfo.java:shutdownFollowerState(121)) - 46069bd9-45fc-4c82-823c-36f07a1bcff0: shutdown FollowerState
2019-10-16 20:42:26,798 [grpc-default-executor-0] INFO  impl.RaftServerImpl (RaftServerImpl.java:setRole(184)) - d612b743-bedc-4c3f-983e-e3329f8a2e6f@group-28ACFA97060E: changes role from  FOLLOWER to FOLLOWER at term 206 for recognizeCandidate:bc0bc980-c963-48ce-962e-85091c893131
2019-10-16 20:42:26,798 [Thread-1982] INFO  impl.FollowerState (FollowerState.java:run(117)) - 46069bd9-45fc-4c82-823c-36f07a1bcff0@group-28ACFA97060E-FollowerState was interrupted: java.lang.InterruptedException: sleep interrupted
2019-10-16 20:42:26,798 [grpc-default-executor-2] INFO  impl.RoleInfo (RoleInfo.java:updateAndGet(143)) - 46069bd9-45fc-4c82-823c-36f07a1bcff0: start FollowerState
2019-10-16 20:42:26,798 [grpc-default-executor-0] INFO  impl.RoleInfo (RoleInfo.java:shutdownFollowerState(121)) - d612b743-bedc-4c3f-983e-e3329f8a2e6f: shutdown FollowerState
2019-10-16 20:42:26,799 [grpc-default-executor-0] INFO  impl.RoleInfo (RoleInfo.java:updateAndGet(143)) - d612b743-bedc-4c3f-983e-e3329f8a2e6f: start FollowerState
2019-10-16 20:42:26,799 [Thread-1983] INFO  impl.FollowerState (FollowerState.java:run(117)) - d612b743-bedc-4c3f-983e-e3329f8a2e6f@group-28ACFA97060E-FollowerState was interrupted: java.lang.InterruptedException: sleep interrupted
2019-10-16 20:42:26,813 [bc0bc980-c963-48ce-962e-85091c893131@group-28ACFA97060E-LeaderElection215] INFO  impl.LeaderElection (LeaderElection.java:logAndReturn(56)) - bc0bc980-c963-48ce-962e-85091c893131@group-28ACFA97060E-LeaderElection215: Election REJECTED; received 2 response(s) [bc0bc980-c963-48ce-962e-85091c893131<-46069bd9-45fc-4c82-823c-36f07a1bcff0#0:FAIL-t206, bc0bc980-c963-48ce-962e-85091c893131<-d612b743-bedc-4c3f-983e-e3329f8a2e6f#0:FAIL-t206] and 0 exception(s); bc0bc980-c963-48ce-962e-85091c893131@group-28ACFA97060E:t206, leader=null, voted=bc0bc980-c963-48ce-962e-85091c893131, raftlog=bc0bc980-c963-48ce-962e-85091c893131@group-28ACFA97060E-SegmentedRaftLog:OPENED:c-1,f-1,i0, conf=-1: [46069bd9-45fc-4c82-823c-36f07a1bcff0:192.168.157.254:34001, bc0bc980-c963-48ce-962e-85091c893131:192.168.157.254:46787, d612b743-bedc-4c3f-983e-e3329f8a2e6f:192.168.157.254:44523], old=null
2019-10-16 20:42:26,813 [bc0bc980-c963-48ce-962e-85091c893131@group-28ACFA97060E-LeaderElection215] INFO  impl.RaftServerImpl (RaftServerImpl.java:setRole(184)) - bc0bc980-c963-48ce-962e-85091c893131@group-28ACFA97060E: changes role from CANDIDATE to FOLLOWER at term 206 for DISCOVERED_A_NEW_TERM
2019-10-16 20:42:26,813 [bc0bc980-c963-48ce-962e-85091c893131@group-28ACFA97060E-LeaderElection215] INFO  impl.RoleInfo (RoleInfo.java:shutdownLeaderElection(134)) - bc0bc980-c963-48ce-962e-85091c893131: shutdown LeaderElection
2019-10-16 20:42:26,813 [bc0bc980-c963-48ce-962e-85091c893131@group-28ACFA97060E-LeaderElection215] INFO  impl.RoleInfo (RoleInfo.java:updateAndGet(143)) - bc0bc980-c963-48ce-962e-85091c893131: start FollowerState
2019-10-16 20:42:26,924 [Thread-1990] INFO  impl.FollowerState (FollowerState.java:run(108)) - bc0bc980-c963-48ce-962e-85091c893131@group-28ACFA97060E-FollowerState: change to CANDIDATE, lastRpcTime:111ms, electionTimeout:111ms
2019-10-16 20:42:26,924 [Thread-1990] INFO  impl.RoleInfo (RoleInfo.java:shutdownFollowerState(121)) - bc0bc980-c963-48ce-962e-85091c893131: shutdown FollowerState
2019-10-16 20:42:26,924 [Thread-1990] INFO  impl.RaftServerImpl (RaftServerImpl.java:setRole(184)) - bc0bc980-c963-48ce-962e-85091c893131@group-28ACFA97060E: changes role from  FOLLOWER to CANDIDATE at term 206 for changeToCandidate
2019-10-16 20:42:26,925 [Thread-1990] INFO  impl.RoleInfo (RoleInfo.java:updateAndGet(143)) - bc0bc980-c963-48ce-962e-85091c893131: start LeaderElection
2019-10-16 20:42:26,939 [bc0bc980-c963-48ce-962e-85091c893131@group-28ACFA97060E-LeaderElection216] INFO  impl.LeaderElection (LeaderElection.java:askForVotes(178)) - bc0bc980-c963-48ce-962e-85091c893131@group-28ACFA97060E-LeaderElection216: begin an election at term 207 for -1: [46069bd9-45fc-4c82-823c-36f07a1bcff0:192.168.157.254:34001, bc0bc980-c963-48ce-962e-85091c893131:192.168.157.254:46787, d612b743-bedc-4c3f-983e-e3329f8a2e6f:192.168.157.254:44523], old=null
2019-10-16 20:42:26,941 [grpc-default-executor-2] INFO  impl.RaftServerImpl (RaftServerImpl.java:setRole(184)) - 46069bd9-45fc-4c82-823c-36f07a1bcff0@group-28ACFA97060E: changes role from  FOLLOWER to FOLLOWER at term 207 for recognizeCandidate:bc0bc980-c963-48ce-962e-85091c893131
2019-10-16 20:42:26,941 [grpc-default-executor-0] INFO  impl.RaftServerImpl (RaftServerImpl.java:setRole(184)) - d612b743-bedc-4c3f-983e-e3329f8a2e6f@group-28ACFA97060E: changes role from  FOLLOWER to FOLLOWER at term 207 for recognizeCandidate:bc0bc980-c963-48ce-962e-85091c893131
2019-10-16 20:42:26,941 [grpc-default-executor-0] INFO  impl.RoleInfo (RoleInfo.java:shutdownFollowerState(121)) - d612b743-bedc-4c3f-983e-e3329f8a2e6f: shutdown FollowerState
2019-10-16 20:42:26,941 [grpc-default-executor-2] INFO  impl.RoleInfo (RoleInfo.java:shutdownFollowerState(121)) - 46069bd9-45fc-4c82-823c-36f07a1bcff0: shutdown FollowerState
2019-10-16 20:42:26,941 [Thread-1989] INFO  impl.FollowerState (FollowerState.java:run(117)) - d612b743-bedc-4c3f-983e-e3329f8a2e6f@group-28ACFA97060E-FollowerState was interrupted: java.lang.InterruptedException: sleep interrupted
2019-10-16 20:42:26,941 [grpc-default-executor-0] INFO  impl.RoleInfo (RoleInfo.java:updateAndGet(143)) - d612b743-bedc-4c3f-983e-e3329f8a2e6f: start FollowerState
2019-10-16 20:42:26,941 [Thread-1988] INFO  impl.FollowerState (FollowerState.java:run(117)) - 46069bd9-45fc-4c82-823c-36f07a1bcff0@group-28ACFA97060E-FollowerState was interrupted: java.lang.InterruptedException: sleep interrupted
2019-10-16 20:42:26,941 [grpc-default-executor-2] INFO  impl.RoleInfo (RoleInfo.java:updateAndGet(143)) - 46069bd9-45fc-4c82-823c-36f07a1bcff0: start FollowerState
2019-10-16 20:42:26,965 [bc0bc980-c963-48ce-962e-85091c893131@group-28ACFA97060E-LeaderElection216] INFO  impl.LeaderElection (LeaderElection.java:logAndReturn(56)) - bc0bc980-c963-48ce-962e-85091c893131@group-28ACFA97060E-LeaderElection216: Election REJECTED; received 2 response(s) [bc0bc980-c963-48ce-962e-85091c893131<-46069bd9-45fc-4c82-823c-36f07a1bcff0#0:FAIL-t207, bc0bc980-c963-48ce-962e-85091c893131<-d612b743-bedc-4c3f-983e-e3329f8a2e6f#0:FAIL-t207] and 0 exception(s); bc0bc980-c963-48ce-962e-85091c893131@group-28ACFA97060E:t207, leader=null, voted=bc0bc980-c963-48ce-962e-85091c893131, raftlog=bc0bc980-c963-48ce-962e-85091c893131@group-28ACFA97060E-SegmentedRaftLog:OPENED:c-1,f-1,i0, conf=-1: [46069bd9-45fc-4c82-823c-36f07a1bcff0:192.168.157.254:34001, bc0bc980-c963-48ce-962e-85091c893131:192.168.157.254:46787, d612b743-bedc-4c3f-983e-e3329f8a2e6f:192.168.157.254:44523], old=null
2019-10-16 20:42:26,965 [bc0bc980-c963-48ce-962e-85091c893131@group-28ACFA97060E-LeaderElection216] INFO  impl.RaftServerImpl (RaftServerImpl.java:setRole(184)) - bc0bc980-c963-48ce-962e-85091c893131@group-28ACFA97060E: changes role from CANDIDATE to FOLLOWER at term 207 for DISCOVERED_A_NEW_TERM
2019-10-16 20:42:26,965 [bc0bc980-c963-48ce-962e-85091c893131@group-28ACFA97060E-LeaderElection216] INFO  impl.RoleInfo (RoleInfo.java:shutdownLeaderElection(134)) - bc0bc980-c963-48ce-962e-85091c893131: shutdown LeaderElection
2019-10-16 20:42:26,965 [bc0bc980-c963-48ce-962e-85091c893131@group-28ACFA97060E-LeaderElection216] INFO  impl.RoleInfo (RoleInfo.java:updateAndGet(143)) - bc0bc980-c963-48ce-962e-85091c893131: start FollowerState
2019-10-16 20:42:27,067 [Thread-1996] INFO  impl.FollowerState (FollowerState.java:run(108)) - bc0bc980-c963-48ce-962e-85091c893131@group-28ACFA97060E-FollowerState: change to CANDIDATE, lastRpcTime:101ms, electionTimeout:101ms
2019-10-16 20:42:27,067 [Thread-1996] INFO  impl.RoleInfo (RoleInfo.java:shutdownFollowerState(121)) - bc0bc980-c963-48ce-962e-85091c893131: shutdown FollowerState
2019-10-16 20:42:27,067 [Thread-1996] INFO  impl.RaftServerImpl (RaftServerImpl.java:setRole(184)) - bc0bc980-c963-48ce-962e-85091c893131@group-28ACFA97060E: changes role from  FOLLOWER to CANDIDATE at term 207 for changeToCandidate
2019-10-16 20:42:27,067 [Thread-1996] INFO  impl.RoleInfo (RoleInfo.java:updateAndGet(143)) - bc0bc980-c963-48ce-962e-85091c893131: start LeaderElection
2019-10-16 20:42:27,093 [bc0bc980-c963-48ce-962e-85091c893131@group-28ACFA97060E-LeaderElection217] INFO  impl.LeaderElection (LeaderElection.java:askForVotes(178)) - bc0bc980-c963-48ce-962e-85091c893131@group-28ACFA97060E-LeaderElection217: begin an election at term 208 for -1: [46069bd9-45fc-4c82-823c-36f07a1bcff0:192.168.157.254:34001, bc0bc980-c963-48ce-962e-85091c893131:192.168.157.254:46787, d612b743-bedc-4c3f-983e-e3329f8a2e6f:192.168.157.254:44523], old=null
2019-10-16 20:42:27,095 [grpc-default-executor-0] INFO  impl.RaftServerImpl (RaftServerImpl.java:setRole(184)) - 46069bd9-45fc-4c82-823c-36f07a1bcff0@group-28ACFA97060E: changes role from  FOLLOWER to FOLLOWER at term 208 for recognizeCandidate:bc0bc980-c963-48ce-962e-85091c893131
2019-10-16 20:42:27,095 [grpc-default-executor-2] INFO  impl.RaftServerImpl (RaftServerImpl.java:setRole(184)) - d612b743-bedc-4c3f-983e-e3329f8a2e6f@group-28ACFA97060E: changes role from  FOLLOWER to FOLLOWER at term 208 for recognizeCandidate:bc0bc980-c963-48ce-962e-85091c893131
2019-10-16 20:42:27,095 [grpc-default-executor-0] INFO  impl.RoleInfo (RoleInfo.java:shutdownFollowerState(121)) - 46069bd9-45fc-4c82-823c-36f07a1bcff0: shutdown FollowerState
2019-10-16 20:42:27,096 [grpc-default-executor-2] INFO  impl.RoleInfo (RoleInfo.java:shutdownFollowerState(121)) - d612b743-bedc-4c3f-983e-e3329f8a2e6f: shutdown FollowerState
2019-10-16 20:42:27,096 [Thread-1995] INFO  impl.FollowerState (FollowerState.java:run(117)) - 46069bd9-45fc-4c82-823c-36f07a1bcff0@group-28ACFA97060E-FollowerState was interrupted: java.lang.InterruptedException: sleep interrupted
2019-10-16 20:42:27,096 [grpc-default-executor-0] INFO  impl.RoleInfo (RoleInfo.java:updateAndGet(143)) - 46069bd9-45fc-4c82-823c-36f07a1bcff0: start FollowerState
2019-10-16 20:42:27,096 [Thread-1994] INFO  impl.FollowerState (FollowerState.java:run(117)) - d612b743-bedc-4c3f-983e-e3329f8a2e6f@group-28ACFA97060E-FollowerState was interrupted: java.lang.InterruptedException: sleep interrupted
2019-10-16 20:42:27,096 [grpc-default-executor-2] INFO  impl.RoleInfo (RoleInfo.java:updateAndGet(143)) - d612b743-bedc-4c3f-983e-e3329f8a2e6f: start FollowerState
2019-10-16 20:42:27,122 [bc0bc980-c963-48ce-962e-85091c893131@group-28ACFA97060E-LeaderElection217] INFO  impl.LeaderElection (LeaderElection.java:logAndReturn(56)) - bc0bc980-c963-48ce-962e-85091c893131@group-28ACFA97060E-LeaderElection217: Election REJECTED; received 2 response(s) [bc0bc980-c963-48ce-962e-85091c893131<-46069bd9-45fc-4c82-823c-36f07a1bcff0#0:FAIL-t208, bc0bc980-c963-48ce-962e-85091c893131<-d612b743-bedc-4c3f-983e-e3329f8a2e6f#0:FAIL-t208] and 0 exception(s); bc0bc980-c963-48ce-962e-85091c893131@group-28ACFA97060E:t208, leader=null, voted=bc0bc980-c963-48ce-962e-85091c893131, raftlog=bc0bc980-c963-48ce-962e-85091c893131@group-28ACFA97060E-SegmentedRaftLog:OPENED:c-1,f-1,i0, conf=-1: [46069bd9-45fc-4c82-823c-36f07a1bcff0:192.168.157.254:34001, bc0bc980-c963-48ce-962e-85091c893131:192.168.157.254:46787, d612b743-bedc-4c3f-983e-e3329f8a2e6f:192.168.157.254:44523], old=null
2019-10-16 20:42:27,122 [bc0bc980-c963-48ce-962e-85091c893131@group-28ACFA97060E-LeaderElection217] INFO  impl.RaftServerImpl (RaftServerImpl.java:setRole(184)) - bc0bc980-c963-48ce-962e-85091c893131@group-28ACFA97060E: changes role from CANDIDATE to FOLLOWER at term 208 for DISCOVERED_A_NEW_TERM
2019-10-16 20:42:27,122 [bc0bc980-c963-48ce-962e-85091c893131@group-28ACFA97060E-LeaderElection217] INFO  impl.RoleInfo (RoleInfo.java:shutdownLeaderElection(134)) - bc0bc980-c963-48ce-962e-85091c893131: shutdown LeaderElection
2019-10-16 20:42:27,122 [bc0bc980-c963-48ce-962e-85091c893131@group-28ACFA97060E-LeaderElection217] INFO  impl.RoleInfo (RoleInfo.java:updateAndGet(143)) - bc0bc980-c963-48ce-962e-85091c893131: start FollowerState
2019-10-16 20:42:27,156 [Thread-2002] INFO  impl.FollowerState (FollowerState.java:run(108)) - bc0bc980-c963-48ce-962e-85091c893131@group-28ACFA97060E-FollowerState: change to CANDIDATE, lastRpcTime:33ms, electionTimeout:33ms
2019-10-16 20:42:27,156 [Thread-2002] INFO  impl.RoleInfo (RoleInfo.java:shutdownFollowerState(121)) - bc0bc980-c963-48ce-962e-85091c893131: shutdown FollowerState
2019-10-16 20:42:27,156 [Thread-2002] INFO  impl.RaftServerImpl (RaftServerImpl.java:setRole(184)) - bc0bc980-c963-48ce-962e-85091c893131@group-28ACFA97060E: changes role from  FOLLOWER to CANDIDATE at term 208 for changeToCandidate
2019-10-16 20:42:27,156 [Thread-2002] INFO  impl.RoleInfo (RoleInfo.java:updateAndGet(143)) - bc0bc980-c963-48ce-962e-85091c893131: start LeaderElection
2019-10-16 20:42:27,169 [bc0bc980-c963-48ce-962e-85091c893131@group-28ACFA97060E-LeaderElection218] INFO  impl.LeaderElection (LeaderElection.java:askForVotes(178)) - bc0bc980-c963-48ce-962e-85091c893131@group-28ACFA97060E-LeaderElection218: begin an election at term 209 for -1: [46069bd9-45fc-4c82-823c-36f07a1bcff0:192.168.157.254:34001, bc0bc980-c963-48ce-962e-85091c893131:192.168.157.254:46787, d612b743-bedc-4c3f-983e-e3329f8a2e6f:192.168.157.254:44523], old=null
2019-10-16 20:42:27,170 [grpc-default-executor-0] INFO  impl.RaftServerImpl (RaftServerImpl.java:setRole(184)) - 46069bd9-45fc-4c82-823c-36f07a1bcff0@group-28ACFA97060E: changes role from  FOLLOWER to FOLLOWER at term 209 for recognizeCandidate:bc0bc980-c963-48ce-962e-85091c893131
2019-10-16 20:42:27,170 [grpc-default-executor-0] INFO  impl.RoleInfo (RoleInfo.java:shutdownFollowerState(121)) - 46069bd9-45fc-4c82-823c-36f07a1bcff0: shutdown FollowerState
2019-10-16 20:42:27,170 [grpc-default-executor-2] INFO  impl.RaftServerImpl (RaftServerImpl.java:setRole(184)) - d612b743-bedc-4c3f-983e-e3329f8a2e6f@group-28ACFA97060E: changes role from  FOLLOWER to FOLLOWER at term 209 for recognizeCandidate:bc0bc980-c963-48ce-962e-85091c893131
2019-10-16 20:42:27,170 [Thread-2000] INFO  impl.FollowerState (FollowerState.java:run(117)) - 46069bd9-45fc-4c82-823c-36f07a1bcff0@group-28ACFA97060E-FollowerState was interrupted: java.lang.InterruptedException: sleep interrupted
2019-10-16 20:42:27,170 [grpc-default-executor-0] INFO  impl.RoleInfo (RoleInfo.java:updateAndGet(143)) - 46069bd9-45fc-4c82-823c-36f07a1bcff0: start FollowerState
2019-10-16 20:42:27,171 [grpc-default-executor-2] INFO  impl.RoleInfo (RoleInfo.java:shutdownFollowerState(121)) - d612b743-bedc-4c3f-983e-e3329f8a2e6f: shutdown FollowerState
2019-10-16 20:42:27,171 [Thread-2001] INFO  impl.FollowerState (FollowerState.java:run(117)) - d612b743-bedc-4c3f-983e-e3329f8a2e6f@group-28ACFA97060E-FollowerState was interrupted: java.lang.InterruptedException: sleep interrupted
2019-10-16 20:42:27,171 [grpc-default-executor-2] INFO  impl.RoleInfo (RoleInfo.java:updateAndGet(143)) - d612b743-bedc-4c3f-983e-e3329f8a2e6f: start FollowerState
2019-10-16 20:42:27,196 [bc0bc980-c963-48ce-962e-85091c893131@group-28ACFA97060E-LeaderElection218] INFO  impl.LeaderElection (LeaderElection.java:logAndReturn(56)) - bc0bc980-c963-48ce-962e-85091c893131@group-28ACFA97060E-LeaderElection218: Election REJECTED; received 2 response(s) [bc0bc980-c963-48ce-962e-85091c893131<-46069bd9-45fc-4c82-823c-36f07a1bcff0#0:FAIL-t209, bc0bc980-c963-48ce-962e-85091c893131<-d612b743-bedc-4c3f-983e-e3329f8a2e6f#0:FAIL-t209] and 0 exception(s); bc0bc980-c963-48ce-962e-85091c893131@group-28ACFA97060E:t209, leader=null, voted=bc0bc980-c963-48ce-962e-85091c893131, raftlog=bc0bc980-c963-48ce-962e-85091c893131@group-28ACFA97060E-SegmentedRaftLog:OPENED:c-1,f-1,i0, conf=-1: [46069bd9-45fc-4c82-823c-36f07a1bcff0:192.168.157.254:34001, bc0bc980-c963-48ce-962e-85091c893131:192.168.157.254:46787, d612b743-bedc-4c3f-983e-e3329f8a2e6f:192.168.157.254:44523], old=null
2019-10-16 20:42:27,196 [bc0bc980-c963-48ce-962e-85091c893131@group-28ACFA97060E-LeaderElection218] INFO  impl.RaftServerImpl (RaftServerImpl.java:setRole(184)) - bc0bc980-c963-48ce-962e-85091c893131@group-28ACFA97060E: changes role from CANDIDATE to FOLLOWER at term 209 for DISCOVERED_A_NEW_TERM
2019-10-16 20:42:27,196 [bc0bc980-c963-48ce-962e-85091c893131@group-28ACFA97060E-LeaderElection218] INFO  impl.RoleInfo (RoleInfo.java:shutdownLeaderElection(134)) - bc0bc980-c963-48ce-962e-85091c893131: shutdown LeaderElection
2019-10-16 20:42:27,196 [bc0bc980-c963-48ce-962e-85091c893131@group-28ACFA97060E-LeaderElection218] INFO  impl.RoleInfo (RoleInfo.java:updateAndGet(143)) - bc0bc980-c963-48ce-962e-85091c893131: start FollowerState
2019-10-16 20:42:27,359 [Thread-2008] INFO  impl.FollowerState (FollowerState.java:run(108)) - bc0bc980-c963-48ce-962e-85091c893131@group-28ACFA97060E-FollowerState: change to CANDIDATE, lastRpcTime:162ms, electionTimeout:162ms
2019-10-16 20:42:27,359 [Thread-2008] INFO  impl.RoleInfo (RoleInfo.java:shutdownFollowerState(121)) - bc0bc980-c963-48ce-962e-85091c893131: shutdown FollowerState
2019-10-16 20:42:27,359 [Thread-2008] INFO  impl.RaftServerImpl (RaftServerImpl.java:setRole(184)) - bc0bc980-c963-48ce-962e-85091c893131@group-28ACFA97060E: changes role from  FOLLOWER to CANDIDATE at term 209 for changeToCandidate
2019-10-16 20:42:27,359 [Thread-2008] INFO  impl.RoleInfo (RoleInfo.java:updateAndGet(143)) - bc0bc980-c963-48ce-962e-85091c893131: start LeaderElection
2019-10-16 20:42:27,373 [bc0bc980-c963-48ce-962e-85091c893131@group-28ACFA97060E-LeaderElection219] INFO  impl.LeaderElection (LeaderElection.java:askForVotes(178)) - bc0bc980-c963-48ce-962e-85091c893131@group-28ACFA97060E-LeaderElection219: begin an election at term 210 for -1: [46069bd9-45fc-4c82-823c-36f07a1bcff0:192.168.157.254:34001, bc0bc980-c963-48ce-962e-85091c893131:192.168.157.254:46787, d612b743-bedc-4c3f-983e-e3329f8a2e6f:192.168.157.254:44523], old=null
2019-10-16 20:42:27,374 [grpc-default-executor-2] INFO  impl.RaftServerImpl (RaftServerImpl.java:setRole(184)) - 46069bd9-45fc-4c82-823c-36f07a1bcff0@group-28ACFA97060E: changes role from  FOLLOWER to FOLLOWER at term 210 for recognizeCandidate:bc0bc980-c963-48ce-962e-85091c893131
2019-10-16 20:42:27,375 [grpc-default-executor-2] INFO  impl.RoleInfo (RoleInfo.java:shutdownFollowerState(121)) - 46069bd9-45fc-4c82-823c-36f07a1bcff0: shutdown FollowerState
2019-10-16 20:42:27,375 [grpc-default-executor-2] INFO  impl.RoleInfo (RoleInfo.java:updateAndGet(143)) - 46069bd9-45fc-4c82-823c-36f07a1bcff0: start FollowerState
2019-10-16 20:42:27,375 [Thread-2006] INFO  impl.FollowerState (FollowerState.java:run(117)) - 46069bd9-45fc-4c82-823c-36f07a1bcff0@group-28ACFA97060E-FollowerState was interrupted: java.lang.InterruptedException: sleep interrupted
2019-10-16 20:42:27,375 [grpc-default-executor-0] INFO  impl.RaftServerImpl (RaftServerImpl.java:setRole(184)) - d612b743-bedc-4c3f-983e-e3329f8a2e6f@group-28ACFA97060E: changes role from  FOLLOWER to FOLLOWER at term 210 for recognizeCandidate:bc0bc980-c963-48ce-962e-85091c893131
2019-10-16 20:42:27,375 [grpc-default-executor-0] INFO  impl.RoleInfo (RoleInfo.java:shutdownFollowerState(121)) - d612b743-bedc-4c3f-983e-e3329f8a2e6f: shutdown FollowerState
2019-10-16 20:42:27,375 [grpc-default-executor-0] INFO  impl.RoleInfo (RoleInfo.java:updateAndGet(143)) - d612b743-bedc-4c3f-983e-e3329f8a2e6f: start FollowerState
2019-10-16 20:42:27,375 [Thread-2007] INFO  impl.FollowerState (FollowerState.java:run(117)) - d612b743-bedc-4c3f-983e-e3329f8a2e6f@group-28ACFA97060E-FollowerState was interrupted: java.lang.InterruptedException: sleep interrupted
2019-10-16 20:42:27,401 [bc0bc980-c963-48ce-962e-85091c893131@group-28ACFA97060E-LeaderElection219] INFO  impl.LeaderElection (LeaderElection.java:logAndReturn(56)) - bc0bc980-c963-48ce-962e-85091c893131@group-28ACFA97060E-LeaderElection219: Election REJECTED; received 2 response(s) [bc0bc980-c963-48ce-962e-85091c893131<-46069bd9-45fc-4c82-823c-36f07a1bcff0#0:FAIL-t210, bc0bc980-c963-48ce-962e-85091c893131<-d612b743-bedc-4c3f-983e-e3329f8a2e6f#0:FAIL-t210] and 0 exception(s); bc0bc980-c963-48ce-962e-85091c893131@group-28ACFA97060E:t210, leader=null, voted=bc0bc980-c963-48ce-962e-85091c893131, raftlog=bc0bc980-c963-48ce-962e-85091c893131@group-28ACFA97060E-SegmentedRaftLog:OPENED:c-1,f-1,i0, conf=-1: [46069bd9-45fc-4c82-823c-36f07a1bcff0:192.168.157.254:34001, bc0bc980-c963-48ce-962e-85091c893131:192.168.157.254:46787, d612b743-bedc-4c3f-983e-e3329f8a2e6f:192.168.157.254:44523], old=null
2019-10-16 20:42:27,401 [bc0bc980-c963-48ce-962e-85091c893131@group-28ACFA97060E-LeaderElection219] INFO  impl.RaftServerImpl (RaftServerImpl.java:setRole(184)) - bc0bc980-c963-48ce-962e-85091c893131@group-28ACFA97060E: changes role from CANDIDATE to FOLLOWER at term 210 for DISCOVERED_A_NEW_TERM
2019-10-16 20:42:27,401 [bc0bc980-c963-48ce-962e-85091c893131@group-28ACFA97060E-LeaderElection219] INFO  impl.RoleInfo (RoleInfo.java:shutdownLeaderElection(134)) - bc0bc980-c963-48ce-962e-85091c893131: shutdown LeaderElection
2019-10-16 20:42:27,401 [bc0bc980-c963-48ce-962e-85091c893131@group-28ACFA97060E-LeaderElection219] INFO  impl.RoleInfo (RoleInfo.java:updateAndGet(143)) - bc0bc980-c963-48ce-962e-85091c893131: start FollowerState
2019-10-16 20:42:27,481 [Thread-2014] INFO  impl.FollowerState (FollowerState.java:run(108)) - bc0bc980-c963-48ce-962e-85091c893131@group-28ACFA97060E-FollowerState: change to CANDIDATE, lastRpcTime:80ms, electionTimeout:80ms
2019-10-16 20:42:27,481 [Thread-2014] INFO  impl.RoleInfo (RoleInfo.java:shutdownFollowerState(121)) - bc0bc980-c963-48ce-962e-85091c893131: shutdown FollowerState
2019-10-16 20:42:27,482 [Thread-2014] INFO  impl.RaftServerImpl (RaftServerImpl.java:setRole(184)) - bc0bc980-c963-48ce-962e-85091c893131@group-28ACFA97060E: changes role from  FOLLOWER to CANDIDATE at term 210 for changeToCandidate
2019-10-16 20:42:27,482 [Thread-2014] INFO  impl.RoleInfo (RoleInfo.java:updateAndGet(143)) - bc0bc980-c963-48ce-962e-85091c893131: start LeaderElection
2019-10-16 20:42:27,504 [bc0bc980-c963-48ce-962e-85091c893131@group-28ACFA97060E-LeaderElection220] INFO  impl.LeaderElection (LeaderElection.java:askForVotes(178)) - bc0bc980-c963-48ce-962e-85091c893131@group-28ACFA97060E-LeaderElection220: begin an election at term 211 for -1: [46069bd9-45fc-4c82-823c-36f07a1bcff0:192.168.157.254:34001, bc0bc980-c963-48ce-962e-85091c893131:192.168.157.254:46787, d612b743-bedc-4c3f-983e-e3329f8a2e6f:192.168.157.254:44523], old=null
2019-10-16 20:42:27,506 [grpc-default-executor-0] INFO  impl.RaftServerImpl (RaftServerImpl.java:setRole(184)) - 46069bd9-45fc-4c82-823c-36f07a1bcff0@group-28ACFA97060E: changes role from  FOLLOWER to FOLLOWER at term 211 for recognizeCandidate:bc0bc980-c963-48ce-962e-85091c893131
2019-10-16 20:42:27,506 [grpc-default-executor-0] INFO  impl.RoleInfo (RoleInfo.java:shutdownFollowerState(121)) - 46069bd9-45fc-4c82-823c-36f07a1bcff0: shutdown FollowerState
2019-10-16 20:42:27,506 [grpc-default-executor-0] INFO  impl.RoleInfo (RoleInfo.java:updateAndGet(143)) - 46069bd9-45fc-4c82-823c-36f07a1bcff0: start FollowerState
2019-10-16 20:42:27,506 [grpc-default-executor-2] INFO  impl.RaftServerImpl (RaftServerImpl.java:setRole(184)) - d612b743-bedc-4c3f-983e-e3329f8a2e6f@group-28ACFA97060E: changes role from  FOLLOWER to FOLLOWER at term 211 for recognizeCandidate:bc0bc980-c963-48ce-962e-85091c893131
2019-10-16 20:42:27,506 [Thread-2012] INFO  impl.FollowerState (FollowerState.java:run(117)) - 46069bd9-45fc-4c82-823c-36f07a1bcff0@group-28ACFA97060E-FollowerState was interrupted: java.lang.InterruptedException: sleep interrupted
2019-10-16 20:42:27,506 [grpc-default-executor-2] INFO  impl.RoleInfo (RoleInfo.java:shutdownFollowerState(121)) - d612b743-bedc-4c3f-983e-e3329f8a2e6f: shutdown FollowerState
2019-10-16 20:42:27,507 [grpc-default-executor-2] INFO  impl.RoleInfo (RoleInfo.java:updateAndGet(143)) - d612b743-bedc-4c3f-983e-e3329f8a2e6f: start FollowerState
2019-10-16 20:42:27,507 [Thread-2013] INFO  impl.FollowerState (FollowerState.java:run(117)) - d612b743-bedc-4c3f-983e-e3329f8a2e6f@group-28ACFA97060E-FollowerState was interrupted: java.lang.InterruptedException: sleep interrupted
2019-10-16 20:42:27,532 [bc0bc980-c963-48ce-962e-85091c893131@group-28ACFA97060E-LeaderElection220] INFO  impl.LeaderElection (LeaderElection.java:logAndReturn(56)) - bc0bc980-c963-48ce-962e-85091c893131@group-28ACFA97060E-LeaderElection220: Election REJECTED; received 2 response(s) [bc0bc980-c963-48ce-962e-85091c893131<-46069bd9-45fc-4c82-823c-36f07a1bcff0#0:FAIL-t211, bc0bc980-c963-48ce-962e-85091c893131<-d612b743-bedc-4c3f-983e-e3329f8a2e6f#0:FAIL-t211] and 0 exception(s); bc0bc980-c963-48ce-962e-85091c893131@group-28ACFA97060E:t211, leader=null, voted=bc0bc980-c963-48ce-962e-85091c893131, raftlog=bc0bc980-c963-48ce-962e-85091c893131@group-28ACFA97060E-SegmentedRaftLog:OPENED:c-1,f-1,i0, conf=-1: [46069bd9-45fc-4c82-823c-36f07a1bcff0:192.168.157.254:34001, bc0bc980-c963-48ce-962e-85091c893131:192.168.157.254:46787, d612b743-bedc-4c3f-983e-e3329f8a2e6f:192.168.157.254:44523], old=null
2019-10-16 20:42:27,533 [bc0bc980-c963-48ce-962e-85091c893131@group-28ACFA97060E-LeaderElection220] INFO  impl.RaftServerImpl (RaftServerImpl.java:setRole(184)) - bc0bc980-c963-48ce-962e-85091c893131@group-28ACFA97060E: changes role from CANDIDATE to FOLLOWER at term 211 for DISCOVERED_A_NEW_TERM
2019-10-16 20:42:27,533 [bc0bc980-c963-48ce-962e-85091c893131@group-28ACFA97060E-LeaderElection220] INFO  impl.RoleInfo (RoleInfo.java:shutdownLeaderElection(134)) - bc0bc980-c963-48ce-962e-85091c893131: shutdown LeaderElection
2019-10-16 20:42:27,533 [bc0bc980-c963-48ce-962e-85091c893131@group-28ACFA97060E-LeaderElection220] INFO  impl.RoleInfo (RoleInfo.java:updateAndGet(143)) - bc0bc980-c963-48ce-962e-85091c893131: start FollowerState
2019-10-16 20:42:27,554 [Thread-2020] INFO  impl.FollowerState (FollowerState.java:run(108)) - bc0bc980-c963-48ce-962e-85091c893131@group-28ACFA97060E-FollowerState: change to CANDIDATE, lastRpcTime:21ms, electionTimeout:21ms
2019-10-16 20:42:27,554 [Thread-2020] INFO  impl.RoleInfo (RoleInfo.java:shutdownFollowerState(121)) - bc0bc980-c963-48ce-962e-85091c893131: shutdown FollowerState
2019-10-16 20:42:27,554 [Thread-2020] INFO  impl.RaftServerImpl (RaftServerImpl.java:setRole(184)) - bc0bc980-c963-48ce-962e-85091c893131@group-28ACFA97060E: changes role from  FOLLOWER to CANDIDATE at term 211 for changeToCandidate
2019-10-16 20:42:27,554 [Thread-2020] INFO  impl.RoleInfo (RoleInfo.java:updateAndGet(143)) - bc0bc980-c963-48ce-962e-85091c893131: start LeaderElection
2019-10-16 20:42:27,568 [bc0bc980-c963-48ce-962e-85091c893131@group-28ACFA97060E-LeaderElection221] INFO  impl.LeaderElection (LeaderElection.java:askForVotes(178)) - bc0bc980-c963-48ce-962e-85091c893131@group-28ACFA97060E-LeaderElection221: begin an election at term 212 for -1: [46069bd9-45fc-4c82-823c-36f07a1bcff0:192.168.157.254:34001, bc0bc980-c963-48ce-962e-85091c893131:192.168.157.254:46787, d612b743-bedc-4c3f-983e-e3329f8a2e6f:192.168.157.254:44523], old=null
2019-10-16 20:42:27,569 [grpc-default-executor-0] INFO  impl.RaftServerImpl (RaftServerImpl.java:setRole(184)) - 46069bd9-45fc-4c82-823c-36f07a1bcff0@group-28ACFA97060E: changes role from  FOLLOWER to FOLLOWER at term 212 for recognizeCandidate:bc0bc980-c963-48ce-962e-85091c893131
2019-10-16 20:42:27,569 [grpc-default-executor-0] INFO  impl.RoleInfo (RoleInfo.java:shutdownFollowerState(121)) - 46069bd9-45fc-4c82-823c-36f07a1bcff0: shutdown FollowerState
2019-10-16 20:42:27,569 [grpc-default-executor-0] INFO  impl.RoleInfo (RoleInfo.java:updateAndGet(143)) - 46069bd9-45fc-4c82-823c-36f07a1bcff0: start FollowerState
2019-10-16 20:42:27,569 [Thread-2018] INFO  impl.FollowerState (FollowerState.java:run(117)) - 46069bd9-45fc-4c82-823c-36f07a1bcff0@group-28ACFA97060E-FollowerState was interrupted: java.lang.InterruptedException: sleep interrupted
2019-10-16 20:42:27,569 [grpc-default-executor-2] INFO  impl.RaftServerImpl (RaftServerImpl.java:setRole(184)) - d612b743-bedc-4c3f-983e-e3329f8a2e6f@group-28ACFA97060E: changes role from  FOLLOWER to FOLLOWER at term 212 for recognizeCandidate:bc0bc980-c963-48ce-962e-85091c893131
2019-10-16 20:42:27,570 [grpc-default-executor-2] INFO  impl.RoleInfo (RoleInfo.java:shutdownFollowerState(121)) - d612b743-bedc-4c3f-983e-e3329f8a2e6f: shutdown FollowerState
2019-10-16 20:42:27,570 [grpc-default-executor-2] INFO  impl.RoleInfo (RoleInfo.java:updateAndGet(143)) - d612b743-bedc-4c3f-983e-e3329f8a2e6f: start FollowerState
2019-10-16 20:42:27,570 [Thread-2019] INFO  impl.FollowerState (FollowerState.java:run(117)) - d612b743-bedc-4c3f-983e-e3329f8a2e6f@group-28ACFA97060E-FollowerState was interrupted: java.lang.InterruptedException: sleep interrupted
2019-10-16 20:42:27,602 [bc0bc980-c963-48ce-962e-85091c893131@group-28ACFA97060E-LeaderElection221] INFO  impl.LeaderElection (LeaderElection.java:logAndReturn(56)) - bc0bc980-c963-48ce-962e-85091c893131@group-28ACFA97060E-LeaderElection221: Election REJECTED; received 2 response(s) [bc0bc980-c963-48ce-962e-85091c893131<-46069bd9-45fc-4c82-823c-36f07a1bcff0#0:FAIL-t212, bc0bc980-c963-48ce-962e-85091c893131<-d612b743-bedc-4c3f-983e-e3329f8a2e6f#0:FAIL-t212] and 0 exception(s); bc0bc980-c963-48ce-962e-85091c893131@group-28ACFA97060E:t212, leader=null, voted=bc0bc980-c963-48ce-962e-85091c893131, raftlog=bc0bc980-c963-48ce-962e-85091c893131@group-28ACFA97060E-SegmentedRaftLog:OPENED:c-1,f-1,i0, conf=-1: [46069bd9-45fc-4c82-823c-36f07a1bcff0:192.168.157.254:34001, bc0bc980-c963-48ce-962e-85091c893131:192.168.157.254:46787, d612b743-bedc-4c3f-983e-e3329f8a2e6f:192.168.157.254:44523], old=null
2019-10-16 20:42:27,602 [bc0bc980-c963-48ce-962e-85091c893131@group-28ACFA97060E-LeaderElection221] INFO  impl.RaftServerImpl (RaftServerImpl.java:setRole(184)) - bc0bc980-c963-48ce-962e-85091c893131@group-28ACFA97060E: changes role from CANDIDATE to FOLLOWER at term 212 for DISCOVERED_A_NEW_TERM
2019-10-16 20:42:27,602 [bc0bc980-c963-48ce-962e-85091c893131@group-28ACFA97060E-LeaderElection221] INFO  impl.RoleInfo (RoleInfo.java:shutdownLeaderElection(134)) - bc0bc980-c963-48ce-962e-85091c893131: shutdown LeaderElection
2019-10-16 20:42:27,602 [bc0bc980-c963-48ce-962e-85091c893131@group-28ACFA97060E-LeaderElection221] INFO  impl.RoleInfo (RoleInfo.java:updateAndGet(143)) - bc0bc980-c963-48ce-962e-85091c893131: start FollowerState
2019-10-16 20:42:27,729 [Thread-2026] INFO  impl.FollowerState (FollowerState.java:run(108)) - bc0bc980-c963-48ce-962e-85091c893131@group-28ACFA97060E-FollowerState: change to CANDIDATE, lastRpcTime:126ms, electionTimeout:126ms
2019-10-16 20:42:27,729 [Thread-2026] INFO  impl.RoleInfo (RoleInfo.java:shutdownFollowerState(121)) - bc0bc980-c963-48ce-962e-85091c893131: shutdown FollowerState
2019-10-16 20:42:27,729 [Thread-2026] INFO  impl.RaftServerImpl (RaftServerImpl.java:setRole(184)) - bc0bc980-c963-48ce-962e-85091c893131@group-28ACFA97060E: changes role from  FOLLOWER to CANDIDATE at term 212 for changeToCandidate
2019-10-16 20:42:27,729 [Thread-2026] INFO  impl.RoleInfo (RoleInfo.java:updateAndGet(143)) - bc0bc980-c963-48ce-962e-85091c893131: start LeaderElection
2019-10-16 20:42:27,743 [bc0bc980-c963-48ce-962e-85091c893131@group-28ACFA97060E-LeaderElection222] INFO  impl.LeaderElection (LeaderElection.java:askForVotes(178)) - bc0bc980-c963-48ce-962e-85091c893131@group-28ACFA97060E-LeaderElection222: begin an election at term 213 for -1: [46069bd9-45fc-4c82-823c-36f07a1bcff0:192.168.157.254:34001, bc0bc980-c963-48ce-962e-85091c893131:192.168.157.254:46787, d612b743-bedc-4c3f-983e-e3329f8a2e6f:192.168.157.254:44523], old=null
2019-10-16 20:42:27,745 [grpc-default-executor-2] INFO  impl.RaftServerImpl (RaftServerImpl.java:setRole(184)) - 46069bd9-45fc-4c82-823c-36f07a1bcff0@group-28ACFA97060E: changes role from  FOLLOWER to FOLLOWER at term 213 for recognizeCandidate:bc0bc980-c963-48ce-962e-85091c893131
2019-10-16 20:42:27,745 [grpc-default-executor-0] INFO  impl.RaftServerImpl (RaftServerImpl.java:setRole(184)) - d612b743-bedc-4c3f-983e-e3329f8a2e6f@group-28ACFA97060E: changes role from  FOLLOWER to FOLLOWER at term 213 for recognizeCandidate:bc0bc980-c963-48ce-962e-85091c893131
2019-10-16 20:42:27,745 [grpc-default-executor-0] INFO  impl.RoleInfo (RoleInfo.java:shutdownFollowerState(121)) - d612b743-bedc-4c3f-983e-e3329f8a2e6f: shutdown FollowerState
2019-10-16 20:42:27,745 [grpc-default-executor-2] INFO  impl.RoleInfo (RoleInfo.java:shutdownFollowerState(121)) - 46069bd9-45fc-4c82-823c-36f07a1bcff0: shutdown FollowerState
2019-10-16 20:42:27,745 [Thread-2025] INFO  impl.FollowerState (FollowerState.java:run(117)) - d612b743-bedc-4c3f-983e-e3329f8a2e6f@group-28ACFA97060E-FollowerState was interrupted: java.lang.InterruptedException: sleep interrupted
2019-10-16 20:42:27,745 [grpc-default-executor-0] INFO  impl.RoleInfo (RoleInfo.java:updateAndGet(143)) - d612b743-bedc-4c3f-983e-e3329f8a2e6f: start FollowerState
2019-10-16 20:42:27,745 [grpc-default-executor-2] INFO  impl.RoleInfo (RoleInfo.java:updateAndGet(143)) - 46069bd9-45fc-4c82-823c-36f07a1bcff0: start FollowerState
2019-10-16 20:42:27,745 [Thread-2024] INFO  impl.FollowerState (FollowerState.java:run(117)) - 46069bd9-45fc-4c82-823c-36f07a1bcff0@group-28ACFA97060E-FollowerState was interrupted: java.lang.InterruptedException: sleep interrupted
2019-10-16 20:42:27,771 [bc0bc980-c963-48ce-962e-85091c893131@group-28ACFA97060E-LeaderElection222] INFO  impl.LeaderElection (LeaderElection.java:logAndReturn(56)) - bc0bc980-c963-48ce-962e-85091c893131@group-28ACFA97060E-LeaderElection222: Election REJECTED; received 2 response(s) [bc0bc980-c963-48ce-962e-85091c893131<-46069bd9-45fc-4c82-823c-36f07a1bcff0#0:FAIL-t213, bc0bc980-c963-48ce-962e-85091c893131<-d612b743-bedc-4c3f-983e-e3329f8a2e6f#0:FAIL-t213] and 0 exception(s); bc0bc980-c963-48ce-962e-85091c893131@group-28ACFA97060E:t213, leader=null, voted=bc0bc980-c963-48ce-962e-85091c893131, raftlog=bc0bc980-c963-48ce-962e-85091c893131@group-28ACFA97060E-SegmentedRaftLog:OPENED:c-1,f-1,i0, conf=-1: [46069bd9-45fc-4c82-823c-36f07a1bcff0:192.168.157.254:34001, bc0bc980-c963-48ce-962e-85091c893131:192.168.157.254:46787, d612b743-bedc-4c3f-983e-e3329f8a2e6f:192.168.157.254:44523], old=null
2019-10-16 20:42:27,771 [bc0bc980-c963-48ce-962e-85091c893131@group-28ACFA97060E-LeaderElection222] INFO  impl.RaftServerImpl (RaftServerImpl.java:setRole(184)) - bc0bc980-c963-48ce-962e-85091c893131@group-28ACFA97060E: changes role from CANDIDATE to FOLLOWER at term 213 for DISCOVERED_A_NEW_TERM
2019-10-16 20:42:27,771 [bc0bc980-c963-48ce-962e-85091c893131@group-28ACFA97060E-LeaderElection222] INFO  impl.RoleInfo (RoleInfo.java:shutdownLeaderElection(134)) - bc0bc980-c963-48ce-962e-85091c893131: shutdown LeaderElection
2019-10-16 20:42:27,772 [bc0bc980-c963-48ce-962e-85091c893131@group-28ACFA97060E-LeaderElection222] INFO  impl.RoleInfo (RoleInfo.java:updateAndGet(143)) - bc0bc980-c963-48ce-962e-85091c893131: start FollowerState
2019-10-16 20:42:27,935 [Thread-2032] INFO  impl.FollowerState (FollowerState.java:run(108)) - bc0bc980-c963-48ce-962e-85091c893131@group-28ACFA97060E-FollowerState: change to CANDIDATE, lastRpcTime:163ms, electionTimeout:163ms
2019-10-16 20:42:27,935 [Thread-2032] INFO  impl.RoleInfo (RoleInfo.java:shutdownFollowerState(121)) - bc0bc980-c963-48ce-962e-85091c893131: shutdown FollowerState
2019-10-16 20:42:27,935 [Thread-2032] INFO  impl.RaftServerImpl (RaftServerImpl.java:setRole(184)) - bc0bc980-c963-48ce-962e-85091c893131@group-28ACFA97060E: changes role from  FOLLOWER to CANDIDATE at term 213 for changeToCandidate
2019-10-16 20:42:27,935 [Thread-2032] INFO  impl.RoleInfo (RoleInfo.java:updateAndGet(143)) - bc0bc980-c963-48ce-962e-85091c893131: start LeaderElection
2019-10-16 20:42:27,950 [bc0bc980-c963-48ce-962e-85091c893131@group-28ACFA97060E-LeaderElection223] INFO  impl.LeaderElection (LeaderElection.java:askForVotes(178)) - bc0bc980-c963-48ce-962e-85091c893131@group-28ACFA97060E-LeaderElection223: begin an election at term 214 for -1: [46069bd9-45fc-4c82-823c-36f07a1bcff0:192.168.157.254:34001, bc0bc980-c963-48ce-962e-85091c893131:192.168.157.254:46787, d612b743-bedc-4c3f-983e-e3329f8a2e6f:192.168.157.254:44523], old=null
2019-10-16 20:42:27,951 [grpc-default-executor-0] INFO  impl.RaftServerImpl (RaftServerImpl.java:setRole(184)) - 46069bd9-45fc-4c82-823c-36f07a1bcff0@group-28ACFA97060E: changes role from  FOLLOWER to FOLLOWER at term 214 for recognizeCandidate:bc0bc980-c963-48ce-962e-85091c893131
2019-10-16 20:42:27,952 [grpc-default-executor-0] INFO  impl.RoleInfo (RoleInfo.java:shutdownFollowerState(121)) - 46069bd9-45fc-4c82-823c-36f07a1bcff0: shutdown FollowerState
2019-10-16 20:42:27,952 [grpc-default-executor-2] INFO  impl.RaftServerImpl (RaftServerImpl.java:setRole(184)) - d612b743-bedc-4c3f-983e-e3329f8a2e6f@group-28ACFA97060E: changes role from  FOLLOWER to FOLLOWER at term 214 for recognizeCandidate:bc0bc980-c963-48ce-962e-85091c893131
2019-10-16 20:42:27,952 [Thread-2031] INFO  impl.FollowerState (FollowerState.java:run(117)) - 46069bd9-45fc-4c82-823c-36f07a1bcff0@group-28ACFA97060E-FollowerState was interrupted: java.lang.InterruptedException: sleep interrupted
2019-10-16 20:42:27,952 [grpc-default-executor-0] INFO  impl.RoleInfo (RoleInfo.java:updateAndGet(143)) - 46069bd9-45fc-4c82-823c-36f07a1bcff0: start FollowerState
2019-10-16 20:42:27,952 [grpc-default-executor-2] INFO  impl.RoleInfo (RoleInfo.java:shutdownFollowerState(121)) - d612b743-bedc-4c3f-983e-e3329f8a2e6f: shutdown FollowerState
2019-10-16 20:42:27,952 [grpc-default-executor-2] INFO  impl.RoleInfo (RoleInfo.java:updateAndGet(143)) - d612b743-bedc-4c3f-983e-e3329f8a2e6f: start FollowerState
2019-10-16 20:42:27,952 [Thread-2030] INFO  impl.FollowerState (FollowerState.java:run(117)) - d612b743-bedc-4c3f-983e-e3329f8a2e6f@group-28ACFA97060E-FollowerState was interrupted: java.lang.InterruptedException: sleep interrupted
2019-10-16 20:42:27,965 [bc0bc980-c963-48ce-962e-85091c893131@group-28ACFA97060E-LeaderElection223] INFO  impl.LeaderElection (LeaderElection.java:logAndReturn(56)) - bc0bc980-c963-48ce-962e-85091c893131@group-28ACFA97060E-LeaderElection223: Election REJECTED; received 2 response(s) [bc0bc980-c963-48ce-962e-85091c893131<-46069bd9-45fc-4c82-823c-36f07a1bcff0#0:FAIL-t214, bc0bc980-c963-48ce-962e-85091c893131<-d612b743-bedc-4c3f-983e-e3329f8a2e6f#0:FAIL-t214] and 0 exception(s); bc0bc980-c963-48ce-962e-85091c893131@group-28ACFA97060E:t214, leader=null, voted=bc0bc980-c963-48ce-962e-85091c893131, raftlog=bc0bc980-c963-48ce-962e-85091c893131@group-28ACFA97060E-SegmentedRaftLog:OPENED:c-1,f-1,i0, conf=-1: [46069bd9-45fc-4c82-823c-36f07a1bcff0:192.168.157.254:34001, bc0bc980-c963-48ce-962e-85091c893131:192.168.157.254:46787, d612b743-bedc-4c3f-983e-e3329f8a2e6f:192.168.157.254:44523], old=null
2019-10-16 20:42:27,966 [bc0bc980-c963-48ce-962e-85091c893131@group-28ACFA97060E-LeaderElection223] INFO  impl.RaftServerImpl (RaftServerImpl.java:setRole(184)) - bc0bc980-c963-48ce-962e-85091c893131@group-28ACFA97060E: changes role from CANDIDATE to FOLLOWER at term 214 for DISCOVERED_A_NEW_TERM
2019-10-16 20:42:27,966 [bc0bc980-c963-48ce-962e-85091c893131@group-28ACFA97060E-LeaderElection223] INFO  impl.RoleInfo (RoleInfo.java:shutdownLeaderElection(134)) - bc0bc980-c963-48ce-962e-85091c893131: shutdown LeaderElection
2019-10-16 20:42:27,966 [bc0bc980-c963-48ce-962e-85091c893131@group-28ACFA97060E-LeaderElection223] INFO  impl.RoleInfo (RoleInfo.java:updateAndGet(143)) - bc0bc980-c963-48ce-962e-85091c893131: start FollowerState
2019-10-16 20:42:28,005 [Thread-2038] INFO  impl.FollowerState (FollowerState.java:run(108)) - bc0bc980-c963-48ce-962e-85091c893131@group-28ACFA97060E-FollowerState: change to CANDIDATE, lastRpcTime:39ms, electionTimeout:39ms
2019-10-16 20:42:28,006 [Thread-2038] INFO  impl.RoleInfo (RoleInfo.java:shutdownFollowerState(121)) - bc0bc980-c963-48ce-962e-85091c893131: shutdown FollowerState
2019-10-16 20:42:28,006 [Thread-2038] INFO  impl.RaftServerImpl (RaftServerImpl.java:setRole(184)) - bc0bc980-c963-48ce-962e-85091c893131@group-28ACFA97060E: changes role from  FOLLOWER to CANDIDATE at term 214 for changeToCandidate
2019-10-16 20:42:28,006 [Thread-2038] INFO  impl.RoleInfo (RoleInfo.java:updateAndGet(143)) - bc0bc980-c963-48ce-962e-85091c893131: start LeaderElection
2019-10-16 20:42:28,022 [bc0bc980-c963-48ce-962e-85091c893131@group-28ACFA97060E-LeaderElection224] INFO  impl.LeaderElection (LeaderElection.java:askForVotes(178)) - bc0bc980-c963-48ce-962e-85091c893131@group-28ACFA97060E-LeaderElection224: begin an election at term 215 for -1: [46069bd9-45fc-4c82-823c-36f07a1bcff0:192.168.157.254:34001, bc0bc980-c963-48ce-962e-85091c893131:192.168.157.254:46787, d612b743-bedc-4c3f-983e-e3329f8a2e6f:192.168.157.254:44523], old=null
2019-10-16 20:42:28,025 [grpc-default-executor-2] INFO  impl.RaftServerImpl (RaftServerImpl.java:setRole(184)) - 46069bd9-45fc-4c82-823c-36f07a1bcff0@group-28ACFA97060E: changes role from  FOLLOWER to FOLLOWER at term 215 for recognizeCandidate:bc0bc980-c963-48ce-962e-85091c893131
2019-10-16 20:42:28,025 [grpc-default-executor-2] INFO  impl.RoleInfo (RoleInfo.java:shutdownFollowerState(121)) - 46069bd9-45fc-4c82-823c-36f07a1bcff0: shutdown FollowerState
2019-10-16 20:42:28,025 [grpc-default-executor-2] INFO  impl.RoleInfo (RoleInfo.java:updateAndGet(143)) - 46069bd9-45fc-4c82-823c-36f07a1bcff0: start FollowerState
2019-10-16 20:42:28,025 [Thread-2036] INFO  impl.FollowerState (FollowerState.java:run(117)) - 46069bd9-45fc-4c82-823c-36f07a1bcff0@group-28ACFA97060E-FollowerState was interrupted: java.lang.InterruptedException: sleep interrupted
2019-10-16 20:42:28,025 [grpc-default-executor-0] INFO  impl.RaftServerImpl (RaftServerImpl.java:setRole(184)) - d612b743-bedc-4c3f-983e-e3329f8a2e6f@group-28ACFA97060E: changes role from  FOLLOWER to FOLLOWER at term 215 for recognizeCandidate:bc0bc980-c963-48ce-962e-85091c893131
2019-10-16 20:42:28,025 [grpc-default-executor-0] INFO  impl.RoleInfo (RoleInfo.java:shutdownFollowerState(121)) - d612b743-bedc-4c3f-983e-e3329f8a2e6f: shutdown FollowerState
2019-10-16 20:42:28,025 [grpc-default-executor-0] INFO  impl.RoleInfo (RoleInfo.java:updateAndGet(143)) - d612b743-bedc-4c3f-983e-e3329f8a2e6f: start FollowerState
2019-10-16 20:42:28,025 [Thread-2037] INFO  impl.FollowerState (FollowerState.java:run(117)) - d612b743-bedc-4c3f-983e-e3329f8a2e6f@group-28ACFA97060E-FollowerState was interrupted: java.lang.InterruptedException: sleep interrupted
2019-10-16 20:42:28,040 [bc0bc980-c963-48ce-962e-85091c893131@group-28ACFA97060E-LeaderElection224] INFO  impl.LeaderElection (LeaderElection.java:logAndReturn(56)) - bc0bc980-c963-48ce-962e-85091c893131@group-28ACFA97060E-LeaderElection224: Election REJECTED; received 2 response(s) [bc0bc980-c963-48ce-962e-85091c893131<-46069bd9-45fc-4c82-823c-36f07a1bcff0#0:FAIL-t215, bc0bc980-c963-48ce-962e-85091c893131<-d612b743-bedc-4c3f-983e-e3329f8a2e6f#0:FAIL-t215] and 0 exception(s); bc0bc980-c963-48ce-962e-85091c893131@group-28ACFA97060E:t215, leader=null, voted=bc0bc980-c963-48ce-962e-85091c893131, raftlog=bc0bc980-c963-48ce-962e-85091c893131@group-28ACFA97060E-SegmentedRaftLog:OPENED:c-1,f-1,i0, conf=-1: [46069bd9-45fc-4c82-823c-36f07a1bcff0:192.168.157.254:34001, bc0bc980-c963-48ce-962e-85091c893131:192.168.157.254:46787, d612b743-bedc-4c3f-983e-e3329f8a2e6f:192.168.157.254:44523], old=null
2019-10-16 20:42:28,040 [bc0bc980-c963-48ce-962e-85091c893131@group-28ACFA97060E-LeaderElection224] INFO  impl.RaftServerImpl (RaftServerImpl.java:setRole(184)) - bc0bc980-c963-48ce-962e-85091c893131@group-28ACFA97060E: changes role from CANDIDATE to FOLLOWER at term 215 for DISCOVERED_A_NEW_TERM
2019-10-16 20:42:28,041 [bc0bc980-c963-48ce-962e-85091c893131@group-28ACFA97060E-LeaderElection224] INFO  impl.RoleInfo (RoleInfo.java:shutdownLeaderElection(134)) - bc0bc980-c963-48ce-962e-85091c893131: shutdown LeaderElection
2019-10-16 20:42:28,041 [bc0bc980-c963-48ce-962e-85091c893131@group-28ACFA97060E-LeaderElection224] INFO  impl.RoleInfo (RoleInfo.java:updateAndGet(143)) - bc0bc980-c963-48ce-962e-85091c893131: start FollowerState
2019-10-16 20:42:28,218 [Thread-2044] INFO  impl.FollowerState (FollowerState.java:run(108)) - bc0bc980-c963-48ce-962e-85091c893131@group-28ACFA97060E-FollowerState: change to CANDIDATE, lastRpcTime:177ms, electionTimeout:177ms
2019-10-16 20:42:28,218 [Thread-2044] INFO  impl.RoleInfo (RoleInfo.java:shutdownFollowerState(121)) - bc0bc980-c963-48ce-962e-85091c893131: shutdown FollowerState
2019-10-16 20:42:28,218 [Thread-2044] INFO  impl.RaftServerImpl (RaftServerImpl.java:setRole(184)) - bc0bc980-c963-48ce-962e-85091c893131@group-28ACFA97060E: changes role from  FOLLOWER to CANDIDATE at term 215 for changeToCandidate
2019-10-16 20:42:28,219 [Thread-2044] INFO  impl.RoleInfo (RoleInfo.java:updateAndGet(143)) - bc0bc980-c963-48ce-962e-85091c893131: start LeaderElection
2019-10-16 20:42:28,233 [bc0bc980-c963-48ce-962e-85091c893131@group-28ACFA97060E-LeaderElection225] INFO  impl.LeaderElection (LeaderElection.java:askForVotes(178)) - bc0bc980-c963-48ce-962e-85091c893131@group-28ACFA97060E-LeaderElection225: begin an election at term 216 for -1: [46069bd9-45fc-4c82-823c-36f07a1bcff0:192.168.157.254:34001, bc0bc980-c963-48ce-962e-85091c893131:192.168.157.254:46787, d612b743-bedc-4c3f-983e-e3329f8a2e6f:192.168.157.254:44523], old=null
2019-10-16 20:42:28,235 [grpc-default-executor-2] INFO  impl.RaftServerImpl (RaftServerImpl.java:setRole(184)) - d612b743-bedc-4c3f-983e-e3329f8a2e6f@group-28ACFA97060E: changes role from  FOLLOWER to FOLLOWER at term 216 for recognizeCandidate:bc0bc980-c963-48ce-962e-85091c893131
2019-10-16 20:42:28,235 [grpc-default-executor-2] INFO  impl.RoleInfo (RoleInfo.java:shutdownFollowerState(121)) - d612b743-bedc-4c3f-983e-e3329f8a2e6f: shutdown FollowerState
2019-10-16 20:42:28,235 [grpc-default-executor-0] INFO  impl.RaftServerImpl (RaftServerImpl.java:setRole(184)) - 46069bd9-45fc-4c82-823c-36f07a1bcff0@group-28ACFA97060E: changes role from  FOLLOWER to FOLLOWER at term 216 for recognizeCandidate:bc0bc980-c963-48ce-962e-85091c893131
2019-10-16 20:42:28,236 [grpc-default-executor-0] INFO  impl.RoleInfo (RoleInfo.java:shutdownFollowerState(121)) - 46069bd9-45fc-4c82-823c-36f07a1bcff0: shutdown FollowerState
2019-10-16 20:42:28,235 [grpc-default-executor-2] INFO  impl.RoleInfo (RoleInfo.java:updateAndGet(143)) - d612b743-bedc-4c3f-983e-e3329f8a2e6f: start FollowerState
2019-10-16 20:42:28,235 [Thread-2043] INFO  impl.FollowerState (FollowerState.java:run(117)) - d612b743-bedc-4c3f-983e-e3329f8a2e6f@group-28ACFA97060E-FollowerState was interrupted: java.lang.InterruptedException: sleep interrupted
2019-10-16 20:42:28,236 [grpc-default-executor-0] INFO  impl.RoleInfo (RoleInfo.java:updateAndGet(143)) - 46069bd9-45fc-4c82-823c-36f07a1bcff0: start FollowerState
2019-10-16 20:42:28,236 [Thread-2042] INFO  impl.FollowerState (FollowerState.java:run(117)) - 46069bd9-45fc-4c82-823c-36f07a1bcff0@group-28ACFA97060E-FollowerState was interrupted: java.lang.InterruptedException: sleep interrupted
2019-10-16 20:42:28,250 [bc0bc980-c963-48ce-962e-85091c893131@group-28ACFA97060E-LeaderElection225] INFO  impl.LeaderElection (LeaderElection.java:logAndReturn(56)) - bc0bc980-c963-48ce-962e-85091c893131@group-28ACFA97060E-LeaderElection225: Election REJECTED; received 2 response(s) [bc0bc980-c963-48ce-962e-85091c893131<-46069bd9-45fc-4c82-823c-36f07a1bcff0#0:FAIL-t216, bc0bc980-c963-48ce-962e-85091c893131<-d612b743-bedc-4c3f-983e-e3329f8a2e6f#0:FAIL-t216] and 0 exception(s); bc0bc980-c963-48ce-962e-85091c893131@group-28ACFA97060E:t216, leader=null, voted=bc0bc980-c963-48ce-962e-85091c893131, raftlog=bc0bc980-c963-48ce-962e-85091c893131@group-28ACFA97060E-SegmentedRaftLog:OPENED:c-1,f-1,i0, conf=-1: [46069bd9-45fc-4c82-823c-36f07a1bcff0:192.168.157.254:34001, bc0bc980-c963-48ce-962e-85091c893131:192.168.157.254:46787, d612b743-bedc-4c3f-983e-e3329f8a2e6f:192.168.157.254:44523], old=null
2019-10-16 20:42:28,250 [bc0bc980-c963-48ce-962e-85091c893131@group-28ACFA97060E-LeaderElection225] INFO  impl.RaftServerImpl (RaftServerImpl.java:setRole(184)) - bc0bc980-c963-48ce-962e-85091c893131@group-28ACFA97060E: changes role from CANDIDATE to FOLLOWER at term 216 for DISCOVERED_A_NEW_TERM
2019-10-16 20:42:28,250 [bc0bc980-c963-48ce-962e-85091c893131@group-28ACFA97060E-LeaderElection225] INFO  impl.RoleInfo (RoleInfo.java:shutdownLeaderElection(134)) - bc0bc980-c963-48ce-962e-85091c893131: shutdown LeaderElection
2019-10-16 20:42:28,250 [bc0bc980-c963-48ce-962e-85091c893131@group-28ACFA97060E-LeaderElection225] INFO  impl.RoleInfo (RoleInfo.java:updateAndGet(143)) - bc0bc980-c963-48ce-962e-85091c893131: start FollowerState
2019-10-16 20:42:28,374 [Thread-2050] INFO  impl.FollowerState (FollowerState.java:run(108)) - bc0bc980-c963-48ce-962e-85091c893131@group-28ACFA97060E-FollowerState: change to CANDIDATE, lastRpcTime:124ms, electionTimeout:124ms
2019-10-16 20:42:28,374 [Thread-2050] INFO  impl.RoleInfo (RoleInfo.java:shutdownFollowerState(121)) - bc0bc980-c963-48ce-962e-85091c893131: shutdown FollowerState
2019-10-16 20:42:28,375 [Thread-2050] INFO  impl.RaftServerImpl (RaftServerImpl.java:setRole(184)) - bc0bc980-c963-48ce-962e-85091c893131@group-28ACFA97060E: changes role from  FOLLOWER to CANDIDATE at term 216 for changeToCandidate
2019-10-16 20:42:28,375 [Thread-2050] INFO  impl.RoleInfo (RoleInfo.java:updateAndGet(143)) - bc0bc980-c963-48ce-962e-85091c893131: start LeaderElection
2019-10-16 20:42:28,395 [bc0bc980-c963-48ce-962e-85091c893131@group-28ACFA97060E-LeaderElection226] INFO  impl.LeaderElection (LeaderElection.java:askForVotes(178)) - bc0bc980-c963-48ce-962e-85091c893131@group-28ACFA97060E-LeaderElection226: begin an election at term 217 for -1: [46069bd9-45fc-4c82-823c-36f07a1bcff0:192.168.157.254:34001, bc0bc980-c963-48ce-962e-85091c893131:192.168.157.254:46787, d612b743-bedc-4c3f-983e-e3329f8a2e6f:192.168.157.254:44523], old=null
2019-10-16 20:42:28,397 [grpc-default-executor-0] INFO  impl.RaftServerImpl (RaftServerImpl.java:setRole(184)) - 46069bd9-45fc-4c82-823c-36f07a1bcff0@group-28ACFA97060E: changes role from  FOLLOWER to FOLLOWER at term 217 for recognizeCandidate:bc0bc980-c963-48ce-962e-85091c893131
2019-10-16 20:42:28,397 [grpc-default-executor-0] INFO  impl.RoleInfo (RoleInfo.java:shutdownFollowerState(121)) - 46069bd9-45fc-4c82-823c-36f07a1bcff0: shutdown FollowerState
2019-10-16 20:42:28,397 [grpc-default-executor-2] INFO  impl.RaftServerImpl (RaftServerImpl.java:setRole(184)) - d612b743-bedc-4c3f-983e-e3329f8a2e6f@group-28ACFA97060E: changes role from  FOLLOWER to FOLLOWER at term 217 for recognizeCandidate:bc0bc980-c963-48ce-962e-85091c893131
2019-10-16 20:42:28,398 [grpc-default-executor-2] INFO  impl.RoleInfo (RoleInfo.java:shutdownFollowerState(121)) - d612b743-bedc-4c3f-983e-e3329f8a2e6f: shutdown FollowerState
2019-10-16 20:42:28,397 [grpc-default-executor-0] INFO  impl.RoleInfo (RoleInfo.java:updateAndGet(143)) - 46069bd9-45fc-4c82-823c-36f07a1bcff0: start FollowerState
2019-10-16 20:42:28,397 [Thread-2049] INFO  impl.FollowerState (FollowerState.java:run(117)) - 46069bd9-45fc-4c82-823c-36f07a1bcff0@group-28ACFA97060E-FollowerState was interrupted: java.lang.InterruptedException: sleep interrupted
2019-10-16 20:42:28,398 [grpc-default-executor-2] INFO  impl.RoleInfo (RoleInfo.java:updateAndGet(143)) - d612b743-bedc-4c3f-983e-e3329f8a2e6f: start FollowerState
2019-10-16 20:42:28,398 [Thread-2048] INFO  impl.FollowerState (FollowerState.java:run(117)) - d612b743-bedc-4c3f-983e-e3329f8a2e6f@group-28ACFA97060E-FollowerState was interrupted: java.lang.InterruptedException: sleep interrupted
2019-10-16 20:42:28,420 [bc0bc980-c963-48ce-962e-85091c893131@group-28ACFA97060E-LeaderElection226] INFO  impl.LeaderElection (LeaderElection.java:logAndReturn(56)) - bc0bc980-c963-48ce-962e-85091c893131@group-28ACFA97060E-LeaderElection226: Election REJECTED; received 2 response(s) [bc0bc980-c963-48ce-962e-85091c893131<-46069bd9-45fc-4c82-823c-36f07a1bcff0#0:FAIL-t217, bc0bc980-c963-48ce-962e-85091c893131<-d612b743-bedc-4c3f-983e-e3329f8a2e6f#0:FAIL-t217] and 0 exception(s); bc0bc980-c963-48ce-962e-85091c893131@group-28ACFA97060E:t217, leader=null, voted=bc0bc980-c963-48ce-962e-85091c893131, raftlog=bc0bc980-c963-48ce-962e-85091c893131@group-28ACFA97060E-SegmentedRaftLog:OPENED:c-1,f-1,i0, conf=-1: [46069bd9-45fc-4c82-823c-36f07a1bcff0:192.168.157.254:34001, bc0bc980-c963-48ce-962e-85091c893131:192.168.157.254:46787, d612b743-bedc-4c3f-983e-e3329f8a2e6f:192.168.157.254:44523], old=null
2019-10-16 20:42:28,420 [bc0bc980-c963-48ce-962e-85091c893131@group-28ACFA97060E-LeaderElection226] INFO  impl.RaftServerImpl (RaftServerImpl.java:setRole(184)) - bc0bc980-c963-48ce-962e-85091c893131@group-28ACFA97060E: changes role from CANDIDATE to FOLLOWER at term 217 for DISCOVERED_A_NEW_TERM
2019-10-16 20:42:28,420 [bc0bc980-c963-48ce-962e-85091c893131@group-28ACFA97060E-LeaderElection226] INFO  impl.RoleInfo (RoleInfo.java:shutdownLeaderElection(134)) - bc0bc980-c963-48ce-962e-85091c893131: shutdown LeaderElection
2019-10-16 20:42:28,420 [bc0bc980-c963-48ce-962e-85091c893131@group-28ACFA97060E-LeaderElection226] INFO  impl.RoleInfo (RoleInfo.java:updateAndGet(143)) - bc0bc980-c963-48ce-962e-85091c893131: start FollowerState
2019-10-16 20:42:28,571 [Thread-2056] INFO  impl.FollowerState (FollowerState.java:run(108)) - bc0bc980-c963-48ce-962e-85091c893131@group-28ACFA97060E-FollowerState: change to CANDIDATE, lastRpcTime:150ms, electionTimeout:150ms
2019-10-16 20:42:28,571 [Thread-2056] INFO  impl.RoleInfo (RoleInfo.java:shutdownFollowerState(121)) - bc0bc980-c963-48ce-962e-85091c893131: shutdown FollowerState
2019-10-16 20:42:28,571 [Thread-2056] INFO  impl.RaftServerImpl (RaftServerImpl.java:setRole(184)) - bc0bc980-c963-48ce-962e-85091c893131@group-28ACFA97060E: changes role from  FOLLOWER to CANDIDATE at term 217 for changeToCandidate
2019-10-16 20:42:28,571 [Thread-2056] INFO  impl.RoleInfo (RoleInfo.java:updateAndGet(143)) - bc0bc980-c963-48ce-962e-85091c893131: start LeaderElection
2019-10-16 20:42:28,585 [bc0bc980-c963-48ce-962e-85091c893131@group-28ACFA97060E-LeaderElection227] INFO  impl.LeaderElection (LeaderElection.java:askForVotes(178)) - bc0bc980-c963-48ce-962e-85091c893131@group-28ACFA97060E-LeaderElection227: begin an election at term 218 for -1: [46069bd9-45fc-4c82-823c-36f07a1bcff0:192.168.157.254:34001, bc0bc980-c963-48ce-962e-85091c893131:192.168.157.254:46787, d612b743-bedc-4c3f-983e-e3329f8a2e6f:192.168.157.254:44523], old=null
2019-10-16 20:42:28,587 [grpc-default-executor-0] INFO  impl.RaftServerImpl (RaftServerImpl.java:setRole(184)) - 46069bd9-45fc-4c82-823c-36f07a1bcff0@group-28ACFA97060E: changes role from  FOLLOWER to FOLLOWER at term 218 for recognizeCandidate:bc0bc980-c963-48ce-962e-85091c893131
2019-10-16 20:42:28,587 [grpc-default-executor-2] INFO  impl.RaftServerImpl (RaftServerImpl.java:setRole(184)) - d612b743-bedc-4c3f-983e-e3329f8a2e6f@group-28ACFA97060E: changes role from  FOLLOWER to FOLLOWER at term 218 for recognizeCandidate:bc0bc980-c963-48ce-962e-85091c893131
2019-10-16 20:42:28,587 [grpc-default-executor-2] INFO  impl.RoleInfo (RoleInfo.java:shutdownFollowerState(121)) - d612b743-bedc-4c3f-983e-e3329f8a2e6f: shutdown FollowerState
2019-10-16 20:42:28,587 [grpc-default-executor-0] INFO  impl.RoleInfo (RoleInfo.java:shutdownFollowerState(121)) - 46069bd9-45fc-4c82-823c-36f07a1bcff0: shutdown FollowerState
2019-10-16 20:42:28,587 [Thread-2055] INFO  impl.FollowerState (FollowerState.java:run(117)) - d612b743-bedc-4c3f-983e-e3329f8a2e6f@group-28ACFA97060E-FollowerState was interrupted: java.lang.InterruptedException: sleep interrupted
2019-10-16 20:42:28,587 [grpc-default-executor-2] INFO  impl.RoleInfo (RoleInfo.java:updateAndGet(143)) - d612b743-bedc-4c3f-983e-e3329f8a2e6f: start FollowerState
2019-10-16 20:42:28,587 [Thread-2054] INFO  impl.FollowerState (FollowerState.java:run(117)) - 46069bd9-45fc-4c82-823c-36f07a1bcff0@group-28ACFA97060E-FollowerState was interrupted: java.lang.InterruptedException: sleep interrupted
2019-10-16 20:42:28,587 [grpc-default-executor-0] INFO  impl.RoleInfo (RoleInfo.java:updateAndGet(143)) - 46069bd9-45fc-4c82-823c-36f07a1bcff0: start FollowerState
2019-10-16 20:42:28,614 [bc0bc980-c963-48ce-962e-85091c893131@group-28ACFA97060E-LeaderElection227] INFO  impl.LeaderElection (LeaderElection.java:logAndReturn(56)) - bc0bc980-c963-48ce-962e-85091c893131@group-28ACFA97060E-LeaderElection227: Election REJECTED; received 2 response(s) [bc0bc980-c963-48ce-962e-85091c893131<-46069bd9-45fc-4c82-823c-36f07a1bcff0#0:FAIL-t218, bc0bc980-c963-48ce-962e-85091c893131<-d612b743-bedc-4c3f-983e-e3329f8a2e6f#0:FAIL-t218] and 0 exception(s); bc0bc980-c963-48ce-962e-85091c893131@group-28ACFA97060E:t218, leader=null, voted=bc0bc980-c963-48ce-962e-85091c893131, raftlog=bc0bc980-c963-48ce-962e-85091c893131@group-28ACFA97060E-SegmentedRaftLog:OPENED:c-1,f-1,i0, conf=-1: [46069bd9-45fc-4c82-823c-36f07a1bcff0:192.168.157.254:34001, bc0bc980-c963-48ce-962e-85091c893131:192.168.157.254:46787, d612b743-bedc-4c3f-983e-e3329f8a2e6f:192.168.157.254:44523], old=null
2019-10-16 20:42:28,614 [bc0bc980-c963-48ce-962e-85091c893131@group-28ACFA97060E-LeaderElection227] INFO  impl.RaftServerImpl (RaftServerImpl.java:setRole(184)) - bc0bc980-c963-48ce-962e-85091c893131@group-28ACFA97060E: changes role from CANDIDATE to FOLLOWER at term 218 for DISCOVERED_A_NEW_TERM
2019-10-16 20:42:28,614 [bc0bc980-c963-48ce-962e-85091c893131@group-28ACFA97060E-LeaderElection227] INFO  impl.RoleInfo (RoleInfo.java:shutdownLeaderElection(134)) - bc0bc980-c963-48ce-962e-85091c893131: shutdown LeaderElection
2019-10-16 20:42:28,614 [bc0bc980-c963-48ce-962e-85091c893131@group-28ACFA97060E-LeaderElection227] INFO  impl.RoleInfo (RoleInfo.java:updateAndGet(143)) - bc0bc980-c963-48ce-962e-85091c893131: start FollowerState
2019-10-16 20:42:28,761 [Thread-2062] INFO  impl.FollowerState (FollowerState.java:run(108)) - bc0bc980-c963-48ce-962e-85091c893131@group-28ACFA97060E-FollowerState: change to CANDIDATE, lastRpcTime:146ms, electionTimeout:146ms
2019-10-16 20:42:28,761 [Thread-2062] INFO  impl.RoleInfo (RoleInfo.java:shutdownFollowerState(121)) - bc0bc980-c963-48ce-962e-85091c893131: shutdown FollowerState
2019-10-16 20:42:28,761 [Thread-2062] INFO  impl.RaftServerImpl (RaftServerImpl.java:setRole(184)) - bc0bc980-c963-48ce-962e-85091c893131@group-28ACFA97060E: changes role from  FOLLOWER to CANDIDATE at term 218 for changeToCandidate
2019-10-16 20:42:28,761 [Thread-2062] INFO  impl.RoleInfo (RoleInfo.java:updateAndGet(143)) - bc0bc980-c963-48ce-962e-85091c893131: start LeaderElection
2019-10-16 20:42:28,775 [bc0bc980-c963-48ce-962e-85091c893131@group-28ACFA97060E-LeaderElection228] INFO  impl.LeaderElection (LeaderElection.java:askForVotes(178)) - bc0bc980-c963-48ce-962e-85091c893131@group-28ACFA97060E-LeaderElection228: begin an election at term 219 for -1: [46069bd9-45fc-4c82-823c-36f07a1bcff0:192.168.157.254:34001, bc0bc980-c963-48ce-962e-85091c893131:192.168.157.254:46787, d612b743-bedc-4c3f-983e-e3329f8a2e6f:192.168.157.254:44523], old=null
2019-10-16 20:42:28,777 [grpc-default-executor-2] INFO  impl.RaftServerImpl (RaftServerImpl.java:setRole(184)) - 46069bd9-45fc-4c82-823c-36f07a1bcff0@group-28ACFA97060E: changes role from  FOLLOWER to FOLLOWER at term 219 for recognizeCandidate:bc0bc980-c963-48ce-962e-85091c893131
2019-10-16 20:42:28,777 [grpc-default-executor-2] INFO  impl.RoleInfo (RoleInfo.java:shutdownFollowerState(121)) - 46069bd9-45fc-4c82-823c-36f07a1bcff0: shutdown FollowerState
2019-10-16 20:42:28,777 [grpc-default-executor-2] INFO  impl.RoleInfo (RoleInfo.java:updateAndGet(143)) - 46069bd9-45fc-4c82-823c-36f07a1bcff0: start FollowerState
2019-10-16 20:42:28,777 [Thread-2061] INFO  impl.FollowerState (FollowerState.java:run(117)) - 46069bd9-45fc-4c82-823c-36f07a1bcff0@group-28ACFA97060E-FollowerState was interrupted: java.lang.InterruptedException: sleep interrupted
2019-10-16 20:42:28,777 [grpc-default-executor-0] INFO  impl.RaftServerImpl (RaftServerImpl.java:setRole(184)) - d612b743-bedc-4c3f-983e-e3329f8a2e6f@group-28ACFA97060E: changes role from  FOLLOWER to FOLLOWER at term 219 for recognizeCandidate:bc0bc980-c963-48ce-962e-85091c893131
2019-10-16 20:42:28,777 [grpc-default-executor-0] INFO  impl.RoleInfo (RoleInfo.java:shutdownFollowerState(121)) - d612b743-bedc-4c3f-983e-e3329f8a2e6f: shutdown FollowerState
2019-10-16 20:42:28,778 [grpc-default-executor-0] INFO  impl.RoleInfo (RoleInfo.java:updateAndGet(143)) - d612b743-bedc-4c3f-983e-e3329f8a2e6f: start FollowerState
2019-10-16 20:42:28,778 [Thread-2060] INFO  impl.FollowerState (FollowerState.java:run(117)) - d612b743-bedc-4c3f-983e-e3329f8a2e6f@group-28ACFA97060E-FollowerState was interrupted: java.lang.InterruptedException: sleep interrupted
2019-10-16 20:42:28,779 [bc0bc980-c963-48ce-962e-85091c893131@group-28ACFA97060E-LeaderElection228] INFO  impl.LeaderElection (LeaderElection.java:logAndReturn(56)) - bc0bc980-c963-48ce-962e-85091c893131@group-28ACFA97060E-LeaderElection228: Election TIMEOUT; received 0 response(s) [] and 0 exception(s); bc0bc980-c963-48ce-962e-85091c893131@group-28ACFA97060E:t219, leader=null, voted=bc0bc980-c963-48ce-962e-85091c893131, raftlog=bc0bc980-c963-48ce-962e-85091c893131@group-28ACFA97060E-SegmentedRaftLog:OPENED:c-1,f-1,i0, conf=-1: [46069bd9-45fc-4c82-823c-36f07a1bcff0:192.168.157.254:34001, bc0bc980-c963-48ce-962e-85091c893131:192.168.157.254:46787, d612b743-bedc-4c3f-983e-e3329f8a2e6f:192.168.157.254:44523], old=null
2019-10-16 20:42:28,790 [bc0bc980-c963-48ce-962e-85091c893131@group-28ACFA97060E-LeaderElection228] INFO  impl.LeaderElection (LeaderElection.java:askForVotes(178)) - bc0bc980-c963-48ce-962e-85091c893131@group-28ACFA97060E-LeaderElection228: begin an election at term 220 for -1: [46069bd9-45fc-4c82-823c-36f07a1bcff0:192.168.157.254:34001, bc0bc980-c963-48ce-962e-85091c893131:192.168.157.254:46787, d612b743-bedc-4c3f-983e-e3329f8a2e6f:192.168.157.254:44523], old=null
2019-10-16 20:42:28,792 [grpc-default-executor-2] INFO  impl.RaftServerImpl (RaftServerImpl.java:setRole(184)) - 46069bd9-45fc-4c82-823c-36f07a1bcff0@group-28ACFA97060E: changes role from  FOLLOWER to FOLLOWER at term 220 for recognizeCandidate:bc0bc980-c963-48ce-962e-85091c893131
2019-10-16 20:42:28,792 [grpc-default-executor-2] INFO  impl.RoleInfo (RoleInfo.java:shutdownFollowerState(121)) - 46069bd9-45fc-4c82-823c-36f07a1bcff0: shutdown FollowerState
2019-10-16 20:42:28,792 [grpc-default-executor-2] INFO  impl.RoleInfo (RoleInfo.java:updateAndGet(143)) - 46069bd9-45fc-4c82-823c-36f07a1bcff0: start FollowerState
2019-10-16 20:42:28,792 [grpc-default-executor-0] INFO  impl.RaftServerImpl (RaftServerImpl.java:setRole(184)) - d612b743-bedc-4c3f-983e-e3329f8a2e6f@group-28ACFA97060E: changes role from  FOLLOWER to FOLLOWER at term 220 for recognizeCandidate:bc0bc980-c963-48ce-962e-85091c893131
2019-10-16 20:42:28,792 [grpc-default-executor-0] INFO  impl.RoleInfo (RoleInfo.java:shutdownFollowerState(121)) - d612b743-bedc-4c3f-983e-e3329f8a2e6f: shutdown FollowerState
2019-10-16 20:42:28,792 [Thread-2066] INFO  impl.FollowerState (FollowerState.java:run(117)) - 46069bd9-45fc-4c82-823c-36f07a1bcff0@group-28ACFA97060E-FollowerState was interrupted: java.lang.InterruptedException: sleep interrupted
2019-10-16 20:42:28,792 [Thread-2067] INFO  impl.FollowerState (FollowerState.java:run(117)) - d612b743-bedc-4c3f-983e-e3329f8a2e6f@group-28ACFA97060E-FollowerState was interrupted: java.lang.InterruptedException: sleep interrupted
2019-10-16 20:42:28,792 [grpc-default-executor-0] INFO  impl.RoleInfo (RoleInfo.java:updateAndGet(143)) - d612b743-bedc-4c3f-983e-e3329f8a2e6f: start FollowerState
2019-10-16 20:42:28,808 [bc0bc980-c963-48ce-962e-85091c893131@group-28ACFA97060E-LeaderElection228] INFO  impl.LeaderElection (LeaderElection.java:logAndReturn(56)) - bc0bc980-c963-48ce-962e-85091c893131@group-28ACFA97060E-LeaderElection228: Election REJECTED; received 2 response(s) [bc0bc980-c963-48ce-962e-85091c893131<-46069bd9-45fc-4c82-823c-36f07a1bcff0#0:FAIL-t220, bc0bc980-c963-48ce-962e-85091c893131<-d612b743-bedc-4c3f-983e-e3329f8a2e6f#0:FAIL-t220] and 0 exception(s); bc0bc980-c963-48ce-962e-85091c893131@group-28ACFA97060E:t220, leader=null, voted=bc0bc980-c963-48ce-962e-85091c893131, raftlog=bc0bc980-c963-48ce-962e-85091c893131@group-28ACFA97060E-SegmentedRaftLog:OPENED:c-1,f-1,i0, conf=-1: [46069bd9-45fc-4c82-823c-36f07a1bcff0:192.168.157.254:34001, bc0bc980-c963-48ce-962e-85091c893131:192.168.157.254:46787, d612b743-bedc-4c3f-983e-e3329f8a2e6f:192.168.157.254:44523], old=null
2019-10-16 20:42:28,808 [bc0bc980-c963-48ce-962e-85091c893131@group-28ACFA97060E-LeaderElection228] INFO  impl.RaftServerImpl (RaftServerImpl.java:setRole(184)) - bc0bc980-c963-48ce-962e-85091c893131@group-28ACFA97060E: changes role from CANDIDATE to FOLLOWER at term 220 for DISCOVERED_A_NEW_TERM
2019-10-16 20:42:28,808 [bc0bc980-c963-48ce-962e-85091c893131@group-28ACFA97060E-LeaderElection228] INFO  impl.RoleInfo (RoleInfo.java:shutdownLeaderElection(134)) - bc0bc980-c963-48ce-962e-85091c893131: shutdown LeaderElection
2019-10-16 20:42:28,808 [bc0bc980-c963-48ce-962e-85091c893131@group-28ACFA97060E-LeaderElection228] INFO  impl.RoleInfo (RoleInfo.java:updateAndGet(143)) - bc0bc980-c963-48ce-962e-85091c893131: start FollowerState
2019-10-16 20:42:28,943 [Thread-2072] INFO  impl.FollowerState (FollowerState.java:run(108)) - bc0bc980-c963-48ce-962e-85091c893131@group-28ACFA97060E-FollowerState: change to CANDIDATE, lastRpcTime:135ms, electionTimeout:135ms
2019-10-16 20:42:28,944 [Thread-2072] INFO  impl.RoleInfo (RoleInfo.java:shutdownFollowerState(121)) - bc0bc980-c963-48ce-962e-85091c893131: shutdown FollowerState
2019-10-16 20:42:28,944 [Thread-2072] INFO  impl.RaftServerImpl (RaftServerImpl.java:setRole(184)) - bc0bc980-c963-48ce-962e-85091c893131@group-28ACFA97060E: changes role from  FOLLOWER to CANDIDATE at term 220 for changeToCandidate
2019-10-16 20:42:28,944 [Thread-2072] INFO  impl.RoleInfo (RoleInfo.java:updateAndGet(143)) - bc0bc980-c963-48ce-962e-85091c893131: start LeaderElection
2019-10-16 20:42:28,957 [bc0bc980-c963-48ce-962e-85091c893131@group-28ACFA97060E-LeaderElection229] INFO  impl.LeaderElection (LeaderElection.java:askForVotes(178)) - bc0bc980-c963-48ce-962e-85091c893131@group-28ACFA97060E-LeaderElection229: begin an election at term 221 for -1: [46069bd9-45fc-4c82-823c-36f07a1bcff0:192.168.157.254:34001, bc0bc980-c963-48ce-962e-85091c893131:192.168.157.254:46787, d612b743-bedc-4c3f-983e-e3329f8a2e6f:192.168.157.254:44523], old=null
2019-10-16 20:42:28,959 [grpc-default-executor-2] INFO  impl.RaftServerImpl (RaftServerImpl.java:setRole(184)) - 46069bd9-45fc-4c82-823c-36f07a1bcff0@group-28ACFA97060E: changes role from  FOLLOWER to FOLLOWER at term 221 for recognizeCandidate:bc0bc980-c963-48ce-962e-85091c893131
2019-10-16 20:42:28,959 [grpc-default-executor-0] INFO  impl.RaftServerImpl (RaftServerImpl.java:setRole(184)) - d612b743-bedc-4c3f-983e-e3329f8a2e6f@group-28ACFA97060E: changes role from  FOLLOWER to FOLLOWER at term 221 for recognizeCandidate:bc0bc980-c963-48ce-962e-85091c893131
2019-10-16 20:42:28,959 [grpc-default-executor-2] INFO  impl.RoleInfo (RoleInfo.java:shutdownFollowerState(121)) - 46069bd9-45fc-4c82-823c-36f07a1bcff0: shutdown FollowerState
2019-10-16 20:42:28,959 [grpc-default-executor-0] INFO  impl.RoleInfo (RoleInfo.java:shutdownFollowerState(121)) - d612b743-bedc-4c3f-983e-e3329f8a2e6f: shutdown FollowerState
2019-10-16 20:42:28,959 [Thread-2070] INFO  impl.FollowerState (FollowerState.java:run(117)) - 46069bd9-45fc-4c82-823c-36f07a1bcff0@group-28ACFA97060E-FollowerState was interrupted: java.lang.InterruptedException: sleep interrupted
2019-10-16 20:42:28,959 [grpc-default-executor-2] INFO  impl.RoleInfo (RoleInfo.java:updateAndGet(143)) - 46069bd9-45fc-4c82-823c-36f07a1bcff0: start FollowerState
2019-10-16 20:42:28,959 [Thread-2071] INFO  impl.FollowerState (FollowerState.java:run(117)) - d612b743-bedc-4c3f-983e-e3329f8a2e6f@group-28ACFA97060E-FollowerState was interrupted: java.lang.InterruptedException: sleep interrupted
2019-10-16 20:42:28,959 [grpc-default-executor-0] INFO  impl.RoleInfo (RoleInfo.java:updateAndGet(143)) - d612b743-bedc-4c3f-983e-e3329f8a2e6f: start FollowerState
2019-10-16 20:42:28,980 [bc0bc980-c963-48ce-962e-85091c893131@group-28ACFA97060E-LeaderElection229] INFO  impl.LeaderElection (LeaderElection.java:logAndReturn(56)) - bc0bc980-c963-48ce-962e-85091c893131@group-28ACFA97060E-LeaderElection229: Election REJECTED; received 2 response(s) [bc0bc980-c963-48ce-962e-85091c893131<-46069bd9-45fc-4c82-823c-36f07a1bcff0#0:FAIL-t221, bc0bc980-c963-48ce-962e-85091c893131<-d612b743-bedc-4c3f-983e-e3329f8a2e6f#0:FAIL-t221] and 0 exception(s); bc0bc980-c963-48ce-962e-85091c893131@group-28ACFA97060E:t221, leader=null, voted=bc0bc980-c963-48ce-962e-85091c893131, raftlog=bc0bc980-c963-48ce-962e-85091c893131@group-28ACFA97060E-SegmentedRaftLog:OPENED:c-1,f-1,i0, conf=-1: [46069bd9-45fc-4c82-823c-36f07a1bcff0:192.168.157.254:34001, bc0bc980-c963-48ce-962e-85091c893131:192.168.157.254:46787, d612b743-bedc-4c3f-983e-e3329f8a2e6f:192.168.157.254:44523], old=null
2019-10-16 20:42:28,980 [bc0bc980-c963-48ce-962e-85091c893131@group-28ACFA97060E-LeaderElection229] INFO  impl.RaftServerImpl (RaftServerImpl.java:setRole(184)) - bc0bc980-c963-48ce-962e-85091c893131@group-28ACFA97060E: changes role from CANDIDATE to FOLLOWER at term 221 for DISCOVERED_A_NEW_TERM
2019-10-16 20:42:28,981 [bc0bc980-c963-48ce-962e-85091c893131@group-28ACFA97060E-LeaderElection229] INFO  impl.RoleInfo (RoleInfo.java:shutdownLeaderElection(134)) - bc0bc980-c963-48ce-962e-85091c893131: shutdown LeaderElection
2019-10-16 20:42:28,981 [bc0bc980-c963-48ce-962e-85091c893131@group-28ACFA97060E-LeaderElection229] INFO  impl.RoleInfo (RoleInfo.java:updateAndGet(143)) - bc0bc980-c963-48ce-962e-85091c893131: start FollowerState
2019-10-16 20:42:29,116 [Thread-2078] INFO  impl.FollowerState (FollowerState.java:run(108)) - bc0bc980-c963-48ce-962e-85091c893131@group-28ACFA97060E-FollowerState: change to CANDIDATE, lastRpcTime:135ms, electionTimeout:135ms
2019-10-16 20:42:29,116 [Thread-2078] INFO  impl.RoleInfo (RoleInfo.java:shutdownFollowerState(121)) - bc0bc980-c963-48ce-962e-85091c893131: shutdown FollowerState
2019-10-16 20:42:29,117 [Thread-2078] INFO  impl.RaftServerImpl (RaftServerImpl.java:setRole(184)) - bc0bc980-c963-48ce-962e-85091c893131@group-28ACFA97060E: changes role from  FOLLOWER to CANDIDATE at term 221 for changeToCandidate
2019-10-16 20:42:29,117 [Thread-2078] INFO  impl.RoleInfo (RoleInfo.java:updateAndGet(143)) - bc0bc980-c963-48ce-962e-85091c893131: start LeaderElection
2019-10-16 20:42:29,132 [bc0bc980-c963-48ce-962e-85091c893131@group-28ACFA97060E-LeaderElection230] INFO  impl.LeaderElection (LeaderElection.java:askForVotes(178)) - bc0bc980-c963-48ce-962e-85091c893131@group-28ACFA97060E-LeaderElection230: begin an election at term 222 for -1: [46069bd9-45fc-4c82-823c-36f07a1bcff0:192.168.157.254:34001, bc0bc980-c963-48ce-962e-85091c893131:192.168.157.254:46787, d612b743-bedc-4c3f-983e-e3329f8a2e6f:192.168.157.254:44523], old=null
2019-10-16 20:42:29,134 [grpc-default-executor-2] INFO  impl.RaftServerImpl (RaftServerImpl.java:setRole(184)) - d612b743-bedc-4c3f-983e-e3329f8a2e6f@group-28ACFA97060E: changes role from  FOLLOWER to FOLLOWER at term 222 for recognizeCandidate:bc0bc980-c963-48ce-962e-85091c893131
2019-10-16 20:42:29,134 [grpc-default-executor-2] INFO  impl.RoleInfo (RoleInfo.java:shutdownFollowerState(121)) - d612b743-bedc-4c3f-983e-e3329f8a2e6f: shutdown FollowerState
2019-10-16 20:42:29,134 [grpc-default-executor-0] INFO  impl.RaftServerImpl (RaftServerImpl.java:setRole(184)) - 46069bd9-45fc-4c82-823c-36f07a1bcff0@group-28ACFA97060E: changes role from  FOLLOWER to FOLLOWER at term 222 for recognizeCandidate:bc0bc980-c963-48ce-962e-85091c893131
2019-10-16 20:42:29,134 [grpc-default-executor-2] INFO  impl.RoleInfo (RoleInfo.java:updateAndGet(143)) - d612b743-bedc-4c3f-983e-e3329f8a2e6f: start FollowerState
2019-10-16 20:42:29,134 [Thread-2077] INFO  impl.FollowerState (FollowerState.java:run(117)) - d612b743-bedc-4c3f-983e-e3329f8a2e6f@group-28ACFA97060E-FollowerState was interrupted: java.lang.InterruptedException: sleep interrupted
2019-10-16 20:42:29,134 [grpc-default-executor-0] INFO  impl.RoleInfo (RoleInfo.java:shutdownFollowerState(121)) - 46069bd9-45fc-4c82-823c-36f07a1bcff0: shutdown FollowerState
2019-10-16 20:42:29,135 [grpc-default-executor-0] INFO  impl.RoleInfo (RoleInfo.java:updateAndGet(143)) - 46069bd9-45fc-4c82-823c-36f07a1bcff0: start FollowerState
2019-10-16 20:42:29,135 [Thread-2076] INFO  impl.FollowerState (FollowerState.java:run(117)) - 46069bd9-45fc-4c82-823c-36f07a1bcff0@group-28ACFA97060E-FollowerState was interrupted: java.lang.InterruptedException: sleep interrupted
2019-10-16 20:42:29,160 [bc0bc980-c963-48ce-962e-85091c893131@group-28ACFA97060E-LeaderElection230] INFO  impl.LeaderElection (LeaderElection.java:logAndReturn(56)) - bc0bc980-c963-48ce-962e-85091c893131@group-28ACFA97060E-LeaderElection230: Election REJECTED; received 2 response(s) [bc0bc980-c963-48ce-962e-85091c893131<-46069bd9-45fc-4c82-823c-36f07a1bcff0#0:FAIL-t222, bc0bc980-c963-48ce-962e-85091c893131<-d612b743-bedc-4c3f-983e-e3329f8a2e6f#0:FAIL-t222] and 0 exception(s); bc0bc980-c963-48ce-962e-85091c893131@group-28ACFA97060E:t222, leader=null, voted=bc0bc980-c963-48ce-962e-85091c893131, raftlog=bc0bc980-c963-48ce-962e-85091c893131@group-28ACFA97060E-SegmentedRaftLog:OPENED:c-1,f-1,i0, conf=-1: [46069bd9-45fc-4c82-823c-36f07a1bcff0:192.168.157.254:34001, bc0bc980-c963-48ce-962e-85091c893131:192.168.157.254:46787, d612b743-bedc-4c3f-983e-e3329f8a2e6f:192.168.157.254:44523], old=null
2019-10-16 20:42:29,160 [bc0bc980-c963-48ce-962e-85091c893131@group-28ACFA97060E-LeaderElection230] INFO  impl.RaftServerImpl (RaftServerImpl.java:setRole(184)) - bc0bc980-c963-48ce-962e-85091c893131@group-28ACFA97060E: changes role from CANDIDATE to FOLLOWER at term 222 for DISCOVERED_A_NEW_TERM
2019-10-16 20:42:29,160 [bc0bc980-c963-48ce-962e-85091c893131@group-28ACFA97060E-LeaderElection230] INFO  impl.RoleInfo (RoleInfo.java:shutdownLeaderElection(134)) - bc0bc980-c963-48ce-962e-85091c893131: shutdown LeaderElection
2019-10-16 20:42:29,160 [bc0bc980-c963-48ce-962e-85091c893131@group-28ACFA97060E-LeaderElection230] INFO  impl.RoleInfo (RoleInfo.java:updateAndGet(143)) - bc0bc980-c963-48ce-962e-85091c893131: start FollowerState
2019-10-16 20:42:29,197 [Thread-2084] INFO  impl.FollowerState (FollowerState.java:run(108)) - bc0bc980-c963-48ce-962e-85091c893131@group-28ACFA97060E-FollowerState: change to CANDIDATE, lastRpcTime:36ms, electionTimeout:36ms
2019-10-16 20:42:29,197 [Thread-2084] INFO  impl.RoleInfo (RoleInfo.java:shutdownFollowerState(121)) - bc0bc980-c963-48ce-962e-85091c893131: shutdown FollowerState
2019-10-16 20:42:29,197 [Thread-2084] INFO  impl.RaftServerImpl (RaftServerImpl.java:setRole(184)) - bc0bc980-c963-48ce-962e-85091c893131@group-28ACFA97060E: changes role from  FOLLOWER to CANDIDATE at term 222 for changeToCandidate
2019-10-16 20:42:29,197 [Thread-2084] INFO  impl.RoleInfo (RoleInfo.java:updateAndGet(143)) - bc0bc980-c963-48ce-962e-85091c893131: start LeaderElection
2019-10-16 20:42:29,210 [bc0bc980-c963-48ce-962e-85091c893131@group-28ACFA97060E-LeaderElection231] INFO  impl.LeaderElection (LeaderElection.java:askForVotes(178)) - bc0bc980-c963-48ce-962e-85091c893131@group-28ACFA97060E-LeaderElection231: begin an election at term 223 for -1: [46069bd9-45fc-4c82-823c-36f07a1bcff0:192.168.157.254:34001, bc0bc980-c963-48ce-962e-85091c893131:192.168.157.254:46787, d612b743-bedc-4c3f-983e-e3329f8a2e6f:192.168.157.254:44523], old=null
2019-10-16 20:42:29,211 [grpc-default-executor-0] INFO  impl.RaftServerImpl (RaftServerImpl.java:setRole(184)) - 46069bd9-45fc-4c82-823c-36f07a1bcff0@group-28ACFA97060E: changes role from  FOLLOWER to FOLLOWER at term 223 for recognizeCandidate:bc0bc980-c963-48ce-962e-85091c893131
2019-10-16 20:42:29,211 [grpc-default-executor-2] INFO  impl.RaftServerImpl (RaftServerImpl.java:setRole(184)) - d612b743-bedc-4c3f-983e-e3329f8a2e6f@group-28ACFA97060E: changes role from  FOLLOWER to FOLLOWER at term 223 for recognizeCandidate:bc0bc980-c963-48ce-962e-85091c893131
2019-10-16 20:42:29,212 [grpc-default-executor-2] INFO  impl.RoleInfo (RoleInfo.java:shutdownFollowerState(121)) - d612b743-bedc-4c3f-983e-e3329f8a2e6f: shutdown FollowerState
2019-10-16 20:42:29,212 [grpc-default-executor-0] INFO  impl.RoleInfo (RoleInfo.java:shutdownFollowerState(121)) - 46069bd9-45fc-4c82-823c-36f07a1bcff0: shutdown FollowerState
2019-10-16 20:42:29,212 [Thread-2082] INFO  impl.FollowerState (FollowerState.java:run(117)) - d612b743-bedc-4c3f-983e-e3329f8a2e6f@group-28ACFA97060E-FollowerState was interrupted: java.lang.InterruptedException: sleep interrupted
2019-10-16 20:42:29,212 [grpc-default-executor-2] INFO  impl.RoleInfo (RoleInfo.java:updateAndGet(143)) - d612b743-bedc-4c3f-983e-e3329f8a2e6f: start FollowerState
2019-10-16 20:42:29,212 [Thread-2083] INFO  impl.FollowerState (FollowerState.java:run(117)) - 46069bd9-45fc-4c82-823c-36f07a1bcff0@group-28ACFA97060E-FollowerState was interrupted: java.lang.InterruptedException: sleep interrupted
2019-10-16 20:42:29,212 [grpc-default-executor-0] INFO  impl.RoleInfo (RoleInfo.java:updateAndGet(143)) - 46069bd9-45fc-4c82-823c-36f07a1bcff0: start FollowerState
2019-10-16 20:42:29,228 [bc0bc980-c963-48ce-962e-85091c893131@group-28ACFA97060E-LeaderElection231] INFO  impl.LeaderElection (LeaderElection.java:logAndReturn(56)) - bc0bc980-c963-48ce-962e-85091c893131@group-28ACFA97060E-LeaderElection231: Election REJECTED; received 2 response(s) [bc0bc980-c963-48ce-962e-85091c893131<-46069bd9-45fc-4c82-823c-36f07a1bcff0#0:FAIL-t223, bc0bc980-c963-48ce-962e-85091c893131<-d612b743-bedc-4c3f-983e-e3329f8a2e6f#0:FAIL-t223] and 0 exception(s); bc0bc980-c963-48ce-962e-85091c893131@group-28ACFA97060E:t223, leader=null, voted=bc0bc980-c963-48ce-962e-85091c893131, raftlog=bc0bc980-c963-48ce-962e-85091c893131@group-28ACFA97060E-SegmentedRaftLog:OPENED:c-1,f-1,i0, conf=-1: [46069bd9-45fc-4c82-823c-36f07a1bcff0:192.168.157.254:34001, bc0bc980-c963-48ce-962e-85091c893131:192.168.157.254:46787, d612b743-bedc-4c3f-983e-e3329f8a2e6f:192.168.157.254:44523], old=null
2019-10-16 20:42:29,228 [bc0bc980-c963-48ce-962e-85091c893131@group-28ACFA97060E-LeaderElection231] INFO  impl.RaftServerImpl (RaftServerImpl.java:setRole(184)) - bc0bc980-c963-48ce-962e-85091c893131@group-28ACFA97060E: changes role from CANDIDATE to FOLLOWER at term 223 for DISCOVERED_A_NEW_TERM
2019-10-16 20:42:29,228 [bc0bc980-c963-48ce-962e-85091c893131@group-28ACFA97060E-LeaderElection231] INFO  impl.RoleInfo (RoleInfo.java:shutdownLeaderElection(134)) - bc0bc980-c963-48ce-962e-85091c893131: shutdown LeaderElection
2019-10-16 20:42:29,228 [bc0bc980-c963-48ce-962e-85091c893131@group-28ACFA97060E-LeaderElection231] INFO  impl.RoleInfo (RoleInfo.java:updateAndGet(143)) - bc0bc980-c963-48ce-962e-85091c893131: start FollowerState
2019-10-16 20:42:29,369 [Thread-2090] INFO  impl.FollowerState (FollowerState.java:run(108)) - bc0bc980-c963-48ce-962e-85091c893131@group-28ACFA97060E-FollowerState: change to CANDIDATE, lastRpcTime:140ms, electionTimeout:140ms
2019-10-16 20:42:29,369 [Thread-2090] INFO  impl.RoleInfo (RoleInfo.java:shutdownFollowerState(121)) - bc0bc980-c963-48ce-962e-85091c893131: shutdown FollowerState
2019-10-16 20:42:29,369 [Thread-2090] INFO  impl.RaftServerImpl (RaftServerImpl.java:setRole(184)) - bc0bc980-c963-48ce-962e-85091c893131@group-28ACFA97060E: changes role from  FOLLOWER to CANDIDATE at term 223 for changeToCandidate
2019-10-16 20:42:29,369 [Thread-2090] INFO  impl.RoleInfo (RoleInfo.java:updateAndGet(143)) - bc0bc980-c963-48ce-962e-85091c893131: start LeaderElection
2019-10-16 20:42:29,384 [bc0bc980-c963-48ce-962e-85091c893131@group-28ACFA97060E-LeaderElection232] INFO  impl.LeaderElection (LeaderElection.java:askForVotes(178)) - bc0bc980-c963-48ce-962e-85091c893131@group-28ACFA97060E-LeaderElection232: begin an election at term 224 for -1: [46069bd9-45fc-4c82-823c-36f07a1bcff0:192.168.157.254:34001, bc0bc980-c963-48ce-962e-85091c893131:192.168.157.254:46787, d612b743-bedc-4c3f-983e-e3329f8a2e6f:192.168.157.254:44523], old=null
2019-10-16 20:42:29,385 [grpc-default-executor-2] INFO  impl.RaftServerImpl (RaftServerImpl.java:setRole(184)) - d612b743-bedc-4c3f-983e-e3329f8a2e6f@group-28ACFA97060E: changes role from  FOLLOWER to FOLLOWER at term 224 for recognizeCandidate:bc0bc980-c963-48ce-962e-85091c893131
2019-10-16 20:42:29,385 [grpc-default-executor-2] INFO  impl.RoleInfo (RoleInfo.java:shutdownFollowerState(121)) - d612b743-bedc-4c3f-983e-e3329f8a2e6f: shutdown FollowerState
2019-10-16 20:42:29,385 [grpc-default-executor-2] INFO  impl.RoleInfo (RoleInfo.java:updateAndGet(143)) - d612b743-bedc-4c3f-983e-e3329f8a2e6f: start FollowerState
2019-10-16 20:42:29,385 [grpc-default-executor-0] INFO  impl.RaftServerImpl (RaftServerImpl.java:setRole(184)) - 46069bd9-45fc-4c82-823c-36f07a1bcff0@group-28ACFA97060E: changes role from  FOLLOWER to FOLLOWER at term 224 for recognizeCandidate:bc0bc980-c963-48ce-962e-85091c893131
2019-10-16 20:42:29,385 [Thread-2088] INFO  impl.FollowerState (FollowerState.java:run(117)) - d612b743-bedc-4c3f-983e-e3329f8a2e6f@group-28ACFA97060E-FollowerState was interrupted: java.lang.InterruptedException: sleep interrupted
2019-10-16 20:42:29,386 [grpc-default-executor-0] INFO  impl.RoleInfo (RoleInfo.java:shutdownFollowerState(121)) - 46069bd9-45fc-4c82-823c-36f07a1bcff0: shutdown FollowerState
2019-10-16 20:42:29,386 [grpc-default-executor-0] INFO  impl.RoleInfo (RoleInfo.java:updateAndGet(143)) - 46069bd9-45fc-4c82-823c-36f07a1bcff0: start FollowerState
2019-10-16 20:42:29,386 [Thread-2089] INFO  impl.FollowerState (FollowerState.java:run(117)) - 46069bd9-45fc-4c82-823c-36f07a1bcff0@group-28ACFA97060E-FollowerState was interrupted: java.lang.InterruptedException: sleep interrupted
2019-10-16 20:42:29,412 [bc0bc980-c963-48ce-962e-85091c893131@group-28ACFA97060E-LeaderElection232] INFO  impl.LeaderElection (LeaderElection.java:logAndReturn(56)) - bc0bc980-c963-48ce-962e-85091c893131@group-28ACFA97060E-LeaderElection232: Election REJECTED; received 2 response(s) [bc0bc980-c963-48ce-962e-85091c893131<-46069bd9-45fc-4c82-823c-36f07a1bcff0#0:FAIL-t224, bc0bc980-c963-48ce-962e-85091c893131<-d612b743-bedc-4c3f-983e-e3329f8a2e6f#0:FAIL-t224] and 0 exception(s); bc0bc980-c963-48ce-962e-85091c893131@group-28ACFA97060E:t224, leader=null, voted=bc0bc980-c963-48ce-962e-85091c893131, raftlog=bc0bc980-c963-48ce-962e-85091c893131@group-28ACFA97060E-SegmentedRaftLog:OPENED:c-1,f-1,i0, conf=-1: [46069bd9-45fc-4c82-823c-36f07a1bcff0:192.168.157.254:34001, bc0bc980-c963-48ce-962e-85091c893131:192.168.157.254:46787, d612b743-bedc-4c3f-983e-e3329f8a2e6f:192.168.157.254:44523], old=null
2019-10-16 20:42:29,412 [bc0bc980-c963-48ce-962e-85091c893131@group-28ACFA97060E-LeaderElection232] INFO  impl.RaftServerImpl (RaftServerImpl.java:setRole(184)) - bc0bc980-c963-48ce-962e-85091c893131@group-28ACFA97060E: changes role from CANDIDATE to FOLLOWER at term 224 for DISCOVERED_A_NEW_TERM
2019-10-16 20:42:29,412 [bc0bc980-c963-48ce-962e-85091c893131@group-28ACFA97060E-LeaderElection232] INFO  impl.RoleInfo (RoleInfo.java:shutdownLeaderElection(134)) - bc0bc980-c963-48ce-962e-85091c893131: shutdown LeaderElection
2019-10-16 20:42:29,412 [bc0bc980-c963-48ce-962e-85091c893131@group-28ACFA97060E-LeaderElection232] INFO  impl.RoleInfo (RoleInfo.java:updateAndGet(143)) - bc0bc980-c963-48ce-962e-85091c893131: start FollowerState
2019-10-16 20:42:29,548 [Thread-2096] INFO  impl.FollowerState (FollowerState.java:run(108)) - bc0bc980-c963-48ce-962e-85091c893131@group-28ACFA97060E-FollowerState: change to CANDIDATE, lastRpcTime:135ms, electionTimeout:135ms
2019-10-16 20:42:29,548 [Thread-2096] INFO  impl.RoleInfo (RoleInfo.java:shutdownFollowerState(121)) - bc0bc980-c963-48ce-962e-85091c893131: shutdown FollowerState
2019-10-16 20:42:29,548 [Thread-2096] INFO  impl.RaftServerImpl (RaftServerImpl.java:setRole(184)) - bc0bc980-c963-48ce-962e-85091c893131@group-28ACFA97060E: changes role from  FOLLOWER to CANDIDATE at term 224 for changeToCandidate
2019-10-16 20:42:29,548 [Thread-2096] INFO  impl.RoleInfo (RoleInfo.java:updateAndGet(143)) - bc0bc980-c963-48ce-962e-85091c893131: start LeaderElection
2019-10-16 20:42:29,566 [bc0bc980-c963-48ce-962e-85091c893131@group-28ACFA97060E-LeaderElection233] INFO  impl.LeaderElection (LeaderElection.java:askForVotes(178)) - bc0bc980-c963-48ce-962e-85091c893131@group-28ACFA97060E-LeaderElection233: begin an election at term 225 for -1: [46069bd9-45fc-4c82-823c-36f07a1bcff0:192.168.157.254:34001, bc0bc980-c963-48ce-962e-85091c893131:192.168.157.254:46787, d612b743-bedc-4c3f-983e-e3329f8a2e6f:192.168.157.254:44523], old=null
2019-10-16 20:42:29,568 [grpc-default-executor-2] INFO  impl.RaftServerImpl (RaftServerImpl.java:setRole(184)) - 46069bd9-45fc-4c82-823c-36f07a1bcff0@group-28ACFA97060E: changes role from  FOLLOWER to FOLLOWER at term 225 for recognizeCandidate:bc0bc980-c963-48ce-962e-85091c893131
2019-10-16 20:42:29,568 [grpc-default-executor-0] INFO  impl.RaftServerImpl (RaftServerImpl.java:setRole(184)) - d612b743-bedc-4c3f-983e-e3329f8a2e6f@group-28ACFA97060E: changes role from  FOLLOWER to FOLLOWER at term 225 for recognizeCandidate:bc0bc980-c963-48ce-962e-85091c893131
2019-10-16 20:42:29,568 [grpc-default-executor-0] INFO  impl.RoleInfo (RoleInfo.java:shutdownFollowerState(121)) - d612b743-bedc-4c3f-983e-e3329f8a2e6f: shutdown FollowerState
2019-10-16 20:42:29,568 [grpc-default-executor-2] INFO  impl.RoleInfo (RoleInfo.java:shutdownFollowerState(121)) - 46069bd9-45fc-4c82-823c-36f07a1bcff0: shutdown FollowerState
2019-10-16 20:42:29,568 [Thread-2094] INFO  impl.FollowerState (FollowerState.java:run(117)) - d612b743-bedc-4c3f-983e-e3329f8a2e6f@group-28ACFA97060E-FollowerState was interrupted: java.lang.InterruptedException: sleep interrupted
2019-10-16 20:42:29,568 [grpc-default-executor-0] INFO  impl.RoleInfo (RoleInfo.java:updateAndGet(143)) - d612b743-bedc-4c3f-983e-e3329f8a2e6f: start FollowerState
2019-10-16 20:42:29,568 [Thread-2095] INFO  impl.FollowerState (FollowerState.java:run(117)) - 46069bd9-45fc-4c82-823c-36f07a1bcff0@group-28ACFA97060E-FollowerState was interrupted: java.lang.InterruptedException: sleep interrupted
2019-10-16 20:42:29,568 [grpc-default-executor-2] INFO  impl.RoleInfo (RoleInfo.java:updateAndGet(143)) - 46069bd9-45fc-4c82-823c-36f07a1bcff0: start FollowerState
2019-10-16 20:42:29,581 [bc0bc980-c963-48ce-962e-85091c893131@group-28ACFA97060E-LeaderElection233] INFO  impl.LeaderElection (LeaderElection.java:logAndReturn(56)) - bc0bc980-c963-48ce-962e-85091c893131@group-28ACFA97060E-LeaderElection233: Election REJECTED; received 2 response(s) [bc0bc980-c963-48ce-962e-85091c893131<-46069bd9-45fc-4c82-823c-36f07a1bcff0#0:FAIL-t225, bc0bc980-c963-48ce-962e-85091c893131<-d612b743-bedc-4c3f-983e-e3329f8a2e6f#0:FAIL-t225] and 0 exception(s); bc0bc980-c963-48ce-962e-85091c893131@group-28ACFA97060E:t225, leader=null, voted=bc0bc980-c963-48ce-962e-85091c893131, raftlog=bc0bc980-c963-48ce-962e-85091c893131@group-28ACFA97060E-SegmentedRaftLog:OPENED:c-1,f-1,i0, conf=-1: [46069bd9-45fc-4c82-823c-36f07a1bcff0:192.168.157.254:34001, bc0bc980-c963-48ce-962e-85091c893131:192.168.157.254:46787, d612b743-bedc-4c3f-983e-e3329f8a2e6f:192.168.157.254:44523], old=null
2019-10-16 20:42:29,582 [bc0bc980-c963-48ce-962e-85091c893131@group-28ACFA97060E-LeaderElection233] INFO  impl.RaftServerImpl (RaftServerImpl.java:setRole(184)) - bc0bc980-c963-48ce-962e-85091c893131@group-28ACFA97060E: changes role from CANDIDATE to FOLLOWER at term 225 for DISCOVERED_A_NEW_TERM
2019-10-16 20:42:29,582 [bc0bc980-c963-48ce-962e-85091c893131@group-28ACFA97060E-LeaderElection233] INFO  impl.RoleInfo (RoleInfo.java:shutdownLeaderElection(134)) - bc0bc980-c963-48ce-962e-85091c893131: shutdown LeaderElection
2019-10-16 20:42:29,582 [bc0bc980-c963-48ce-962e-85091c893131@group-28ACFA97060E-LeaderElection233] INFO  impl.RoleInfo (RoleInfo.java:updateAndGet(143)) - bc0bc980-c963-48ce-962e-85091c893131: start FollowerState
2019-10-16 20:42:29,708 [Thread-2102] INFO  impl.FollowerState (FollowerState.java:run(108)) - bc0bc980-c963-48ce-962e-85091c893131@group-28ACFA97060E-FollowerState: change to CANDIDATE, lastRpcTime:126ms, electionTimeout:126ms
2019-10-16 20:42:29,708 [Thread-2102] INFO  impl.RoleInfo (RoleInfo.java:shutdownFollowerState(121)) - bc0bc980-c963-48ce-962e-85091c893131: shutdown FollowerState
2019-10-16 20:42:29,708 [Thread-2102] INFO  impl.RaftServerImpl (RaftServerImpl.java:setRole(184)) - bc0bc980-c963-48ce-962e-85091c893131@group-28ACFA97060E: changes role from  FOLLOWER to CANDIDATE at term 225 for changeToCandidate
2019-10-16 20:42:29,709 [Thread-2102] INFO  impl.RoleInfo (RoleInfo.java:updateAndGet(143)) - bc0bc980-c963-48ce-962e-85091c893131: start LeaderElection
2019-10-16 20:42:29,722 [bc0bc980-c963-48ce-962e-85091c893131@group-28ACFA97060E-LeaderElection234] INFO  impl.LeaderElection (LeaderElection.java:askForVotes(178)) - bc0bc980-c963-48ce-962e-85091c893131@group-28ACFA97060E-LeaderElection234: begin an election at term 226 for -1: [46069bd9-45fc-4c82-823c-36f07a1bcff0:192.168.157.254:34001, bc0bc980-c963-48ce-962e-85091c893131:192.168.157.254:46787, d612b743-bedc-4c3f-983e-e3329f8a2e6f:192.168.157.254:44523], old=null
2019-10-16 20:42:29,724 [grpc-default-executor-0] INFO  impl.RaftServerImpl (RaftServerImpl.java:setRole(184)) - 46069bd9-45fc-4c82-823c-36f07a1bcff0@group-28ACFA97060E: changes role from  FOLLOWER to FOLLOWER at term 226 for recognizeCandidate:bc0bc980-c963-48ce-962e-85091c893131
2019-10-16 20:42:29,724 [grpc-default-executor-2] INFO  impl.RaftServerImpl (RaftServerImpl.java:setRole(184)) - d612b743-bedc-4c3f-983e-e3329f8a2e6f@group-28ACFA97060E: changes role from  FOLLOWER to FOLLOWER at term 226 for recognizeCandidate:bc0bc980-c963-48ce-962e-85091c893131
2019-10-16 20:42:29,724 [grpc-default-executor-0] INFO  impl.RoleInfo (RoleInfo.java:shutdownFollowerState(121)) - 46069bd9-45fc-4c82-823c-36f07a1bcff0: shutdown FollowerState
2019-10-16 20:42:29,724 [grpc-default-executor-2] INFO  impl.RoleInfo (RoleInfo.java:shutdownFollowerState(121)) - d612b743-bedc-4c3f-983e-e3329f8a2e6f: shutdown FollowerState
2019-10-16 20:42:29,724 [Thread-2101] INFO  impl.FollowerState (FollowerState.java:run(117)) - 46069bd9-45fc-4c82-823c-36f07a1bcff0@group-28ACFA97060E-FollowerState was interrupted: java.lang.InterruptedException: sleep interrupted
2019-10-16 20:42:29,724 [grpc-default-executor-0] INFO  impl.RoleInfo (RoleInfo.java:updateAndGet(143)) - 46069bd9-45fc-4c82-823c-36f07a1bcff0: start FollowerState
2019-10-16 20:42:29,724 [grpc-default-executor-2] INFO  impl.RoleInfo (RoleInfo.java:updateAndGet(143)) - d612b743-bedc-4c3f-983e-e3329f8a2e6f: start FollowerState
2019-10-16 20:42:29,724 [Thread-2100] INFO  impl.FollowerState (FollowerState.java:run(117)) - d612b743-bedc-4c3f-983e-e3329f8a2e6f@group-28ACFA97060E-FollowerState was interrupted: java.lang.InterruptedException: sleep interrupted
2019-10-16 20:42:29,748 [bc0bc980-c963-48ce-962e-85091c893131@group-28ACFA97060E-LeaderElection234] INFO  impl.LeaderElection (LeaderElection.java:logAndReturn(56)) - bc0bc980-c963-48ce-962e-85091c893131@group-28ACFA97060E-LeaderElection234: Election REJECTED; received 2 response(s) [bc0bc980-c963-48ce-962e-85091c893131<-46069bd9-45fc-4c82-823c-36f07a1bcff0#0:FAIL-t226, bc0bc980-c963-48ce-962e-85091c893131<-d612b743-bedc-4c3f-983e-e3329f8a2e6f#0:FAIL-t226] and 0 exception(s); bc0bc980-c963-48ce-962e-85091c893131@group-28ACFA97060E:t226, leader=null, voted=bc0bc980-c963-48ce-962e-85091c893131, raftlog=bc0bc980-c963-48ce-962e-85091c893131@group-28ACFA97060E-SegmentedRaftLog:OPENED:c-1,f-1,i0, conf=-1: [46069bd9-45fc-4c82-823c-36f07a1bcff0:192.168.157.254:34001, bc0bc980-c963-48ce-962e-85091c893131:192.168.157.254:46787, d612b743-bedc-4c3f-983e-e3329f8a2e6f:192.168.157.254:44523], old=null
2019-10-16 20:42:29,748 [bc0bc980-c963-48ce-962e-85091c893131@group-28ACFA97060E-LeaderElection234] INFO  impl.RaftServerImpl (RaftServerImpl.java:setRole(184)) - bc0bc980-c963-48ce-962e-85091c893131@group-28ACFA97060E: changes role from CANDIDATE to FOLLOWER at term 226 for DISCOVERED_A_NEW_TERM
2019-10-16 20:42:29,749 [bc0bc980-c963-48ce-962e-85091c893131@group-28ACFA97060E-LeaderElection234] INFO  impl.RoleInfo (RoleInfo.java:shutdownLeaderElection(134)) - bc0bc980-c963-48ce-962e-85091c893131: shutdown LeaderElection
2019-10-16 20:42:29,749 [bc0bc980-c963-48ce-962e-85091c893131@group-28ACFA97060E-LeaderElection234] INFO  impl.RoleInfo (RoleInfo.java:updateAndGet(143)) - bc0bc980-c963-48ce-962e-85091c893131: start FollowerState
2019-10-16 20:42:29,897 [Thread-2108] INFO  impl.FollowerState (FollowerState.java:run(108)) - bc0bc980-c963-48ce-962e-85091c893131@group-28ACFA97060E-FollowerState: change to CANDIDATE, lastRpcTime:148ms, electionTimeout:148ms
2019-10-16 20:42:29,897 [Thread-2108] INFO  impl.RoleInfo (RoleInfo.java:shutdownFollowerState(121)) - bc0bc980-c963-48ce-962e-85091c893131: shutdown FollowerState
2019-10-16 20:42:29,897 [Thread-2108] INFO  impl.RaftServerImpl (RaftServerImpl.java:setRole(184)) - bc0bc980-c963-48ce-962e-85091c893131@group-28ACFA97060E: changes role from  FOLLOWER to CANDIDATE at term 226 for changeToCandidate
2019-10-16 20:42:29,897 [Thread-2108] INFO  impl.RoleInfo (RoleInfo.java:updateAndGet(143)) - bc0bc980-c963-48ce-962e-85091c893131: start LeaderElection
2019-10-16 20:42:29,912 [bc0bc980-c963-48ce-962e-85091c893131@group-28ACFA97060E-LeaderElection235] INFO  impl.LeaderElection (LeaderElection.java:askForVotes(178)) - bc0bc980-c963-48ce-962e-85091c893131@group-28ACFA97060E-LeaderElection235: begin an election at term 227 for -1: [46069bd9-45fc-4c82-823c-36f07a1bcff0:192.168.157.254:34001, bc0bc980-c963-48ce-962e-85091c893131:192.168.157.254:46787, d612b743-bedc-4c3f-983e-e3329f8a2e6f:192.168.157.254:44523], old=null
2019-10-16 20:42:29,914 [grpc-default-executor-0] INFO  impl.RaftServerImpl (RaftServerImpl.java:setRole(184)) - 46069bd9-45fc-4c82-823c-36f07a1bcff0@group-28ACFA97060E: changes role from  FOLLOWER to FOLLOWER at term 227 for recognizeCandidate:bc0bc980-c963-48ce-962e-85091c893131
2019-10-16 20:42:29,914 [grpc-default-executor-2] INFO  impl.RaftServerImpl (RaftServerImpl.java:setRole(184)) - d612b743-bedc-4c3f-983e-e3329f8a2e6f@group-28ACFA97060E: changes role from  FOLLOWER to FOLLOWER at term 227 for recognizeCandidate:bc0bc980-c963-48ce-962e-85091c893131
2019-10-16 20:42:29,914 [grpc-default-executor-0] INFO  impl.RoleInfo (RoleInfo.java:shutdownFollowerState(121)) - 46069bd9-45fc-4c82-823c-36f07a1bcff0: shutdown FollowerState
2019-10-16 20:42:29,914 [grpc-default-executor-2] INFO  impl.RoleInfo (RoleInfo.java:shutdownFollowerState(121)) - d612b743-bedc-4c3f-983e-e3329f8a2e6f: shutdown FollowerState
2019-10-16 20:42:29,914 [Thread-2106] INFO  impl.FollowerState (FollowerState.java:run(117)) - 46069bd9-45fc-4c82-823c-36f07a1bcff0@group-28ACFA97060E-FollowerState was interrupted: java.lang.InterruptedException: sleep interrupted
2019-10-16 20:42:29,914 [grpc-default-executor-0] INFO  impl.RoleInfo (RoleInfo.java:updateAndGet(143)) - 46069bd9-45fc-4c82-823c-36f07a1bcff0: start FollowerState
2019-10-16 20:42:29,914 [grpc-default-executor-2] INFO  impl.RoleInfo (RoleInfo.java:updateAndGet(143)) - d612b743-bedc-4c3f-983e-e3329f8a2e6f: start FollowerState
2019-10-16 20:42:29,914 [Thread-2107] INFO  impl.FollowerState (FollowerState.java:run(117)) - d612b743-bedc-4c3f-983e-e3329f8a2e6f@group-28ACFA97060E-FollowerState was interrupted: java.lang.InterruptedException: sleep interrupted
2019-10-16 20:42:29,928 [bc0bc980-c963-48ce-962e-85091c893131@group-28ACFA97060E-LeaderElection235] INFO  impl.LeaderElection (LeaderElection.java:logAndReturn(56)) - bc0bc980-c963-48ce-962e-85091c893131@group-28ACFA97060E-LeaderElection235: Election REJECTED; received 2 response(s) [bc0bc980-c963-48ce-962e-85091c893131<-46069bd9-45fc-4c82-823c-36f07a1bcff0#0:FAIL-t227, bc0bc980-c963-48ce-962e-85091c893131<-d612b743-bedc-4c3f-983e-e3329f8a2e6f#0:FAIL-t227] and 0 exception(s); bc0bc980-c963-48ce-962e-85091c893131@group-28ACFA97060E:t227, leader=null, voted=bc0bc980-c963-48ce-962e-85091c893131, raftlog=bc0bc980-c963-48ce-962e-85091c893131@group-28ACFA97060E-SegmentedRaftLog:OPENED:c-1,f-1,i0, conf=-1: [46069bd9-45fc-4c82-823c-36f07a1bcff0:192.168.157.254:34001, bc0bc980-c963-48ce-962e-85091c893131:192.168.157.254:46787, d612b743-bedc-4c3f-983e-e3329f8a2e6f:192.168.157.254:44523], old=null
2019-10-16 20:42:29,928 [bc0bc980-c963-48ce-962e-85091c893131@group-28ACFA97060E-LeaderElection235] INFO  impl.RaftServerImpl (RaftServerImpl.java:setRole(184)) - bc0bc980-c963-48ce-962e-85091c893131@group-28ACFA97060E: changes role from CANDIDATE to FOLLOWER at term 227 for DISCOVERED_A_NEW_TERM
2019-10-16 20:42:29,928 [bc0bc980-c963-48ce-962e-85091c893131@group-28ACFA97060E-LeaderElection235] INFO  impl.RoleInfo (RoleInfo.java:shutdownLeaderElection(134)) - bc0bc980-c963-48ce-962e-85091c893131: shutdown LeaderElection
2019-10-16 20:42:29,928 [bc0bc980-c963-48ce-962e-85091c893131@group-28ACFA97060E-LeaderElection235] INFO  impl.RoleInfo (RoleInfo.java:updateAndGet(143)) - bc0bc980-c963-48ce-962e-85091c893131: start FollowerState
2019-10-16 20:42:30,022 [Thread-2114] INFO  impl.FollowerState (FollowerState.java:run(108)) - bc0bc980-c963-48ce-962e-85091c893131@group-28ACFA97060E-FollowerState: change to CANDIDATE, lastRpcTime:94ms, electionTimeout:94ms
2019-10-16 20:42:30,022 [Thread-2114] INFO  impl.RoleInfo (RoleInfo.java:shutdownFollowerState(121)) - bc0bc980-c963-48ce-962e-85091c893131: shutdown FollowerState
2019-10-16 20:42:30,023 [Thread-2114] INFO  impl.RaftServerImpl (RaftServerImpl.java:setRole(184)) - bc0bc980-c963-48ce-962e-85091c893131@group-28ACFA97060E: changes role from  FOLLOWER to CANDIDATE at term 227 for changeToCandidate
2019-10-16 20:42:30,023 [Thread-2114] INFO  impl.RoleInfo (RoleInfo.java:updateAndGet(143)) - bc0bc980-c963-48ce-962e-85091c893131: start LeaderElection
2019-10-16 20:42:30,036 [bc0bc980-c963-48ce-962e-85091c893131@group-28ACFA97060E-LeaderElection236] INFO  impl.LeaderElection (LeaderElection.java:askForVotes(178)) - bc0bc980-c963-48ce-962e-85091c893131@group-28ACFA97060E-LeaderElection236: begin an election at term 228 for -1: [46069bd9-45fc-4c82-823c-36f07a1bcff0:192.168.157.254:34001, bc0bc980-c963-48ce-962e-85091c893131:192.168.157.254:46787, d612b743-bedc-4c3f-983e-e3329f8a2e6f:192.168.157.254:44523], old=null
2019-10-16 20:42:30,038 [grpc-default-executor-0] INFO  impl.RaftServerImpl (RaftServerImpl.java:setRole(184)) - 46069bd9-45fc-4c82-823c-36f07a1bcff0@group-28ACFA97060E: changes role from  FOLLOWER to FOLLOWER at term 228 for recognizeCandidate:bc0bc980-c963-48ce-962e-85091c893131
2019-10-16 20:42:30,038 [grpc-default-executor-0] INFO  impl.RoleInfo (RoleInfo.java:shutdownFollowerState(121)) - 46069bd9-45fc-4c82-823c-36f07a1bcff0: shutdown FollowerState
2019-10-16 20:42:30,038 [grpc-default-executor-2] INFO  impl.RaftServerImpl (RaftServerImpl.java:setRole(184)) - d612b743-bedc-4c3f-983e-e3329f8a2e6f@group-28ACFA97060E: changes role from  FOLLOWER to FOLLOWER at term 228 for recognizeCandidate:bc0bc980-c963-48ce-962e-85091c893131
2019-10-16 20:42:30,038 [Thread-2112] INFO  impl.FollowerState (FollowerState.java:run(117)) - 46069bd9-45fc-4c82-823c-36f07a1bcff0@group-28ACFA97060E-FollowerState was interrupted: java.lang.InterruptedException: sleep interrupted
2019-10-16 20:42:30,038 [grpc-default-executor-0] INFO  impl.RoleInfo (RoleInfo.java:updateAndGet(143)) - 46069bd9-45fc-4c82-823c-36f07a1bcff0: start FollowerState
2019-10-16 20:42:30,038 [grpc-default-executor-2] INFO  impl.RoleInfo (RoleInfo.java:shutdownFollowerState(121)) - d612b743-bedc-4c3f-983e-e3329f8a2e6f: shutdown FollowerState
2019-10-16 20:42:30,039 [grpc-default-executor-2] INFO  impl.RoleInfo (RoleInfo.java:updateAndGet(143)) - d612b743-bedc-4c3f-983e-e3329f8a2e6f: start FollowerState
2019-10-16 20:42:30,039 [Thread-2113] INFO  impl.FollowerState (FollowerState.java:run(117)) - d612b743-bedc-4c3f-983e-e3329f8a2e6f@group-28ACFA97060E-FollowerState was interrupted: java.lang.InterruptedException: sleep interrupted
2019-10-16 20:42:30,063 [bc0bc980-c963-48ce-962e-85091c893131@group-28ACFA97060E-LeaderElection236] INFO  impl.LeaderElection (LeaderElection.java:logAndReturn(56)) - bc0bc980-c963-48ce-962e-85091c893131@group-28ACFA97060E-LeaderElection236: Election REJECTED; received 2 response(s) [bc0bc980-c963-48ce-962e-85091c893131<-46069bd9-45fc-4c82-823c-36f07a1bcff0#0:FAIL-t228, bc0bc980-c963-48ce-962e-85091c893131<-d612b743-bedc-4c3f-983e-e3329f8a2e6f#0:FAIL-t228] and 0 exception(s); bc0bc980-c963-48ce-962e-85091c893131@group-28ACFA97060E:t228, leader=null, voted=bc0bc980-c963-48ce-962e-85091c893131, raftlog=bc0bc980-c963-48ce-962e-85091c893131@group-28ACFA97060E-SegmentedRaftLog:OPENED:c-1,f-1,i0, conf=-1: [46069bd9-45fc-4c82-823c-36f07a1bcff0:192.168.157.254:34001, bc0bc980-c963-48ce-962e-85091c893131:192.168.157.254:46787, d612b743-bedc-4c3f-983e-e3329f8a2e6f:192.168.157.254:44523], old=null
2019-10-16 20:42:30,063 [bc0bc980-c963-48ce-962e-85091c893131@group-28ACFA97060E-LeaderElection236] INFO  impl.RaftServerImpl (RaftServerImpl.java:setRole(184)) - bc0bc980-c963-48ce-962e-85091c893131@group-28ACFA97060E: changes role from CANDIDATE to FOLLOWER at term 228 for DISCOVERED_A_NEW_TERM
2019-10-16 20:42:30,063 [bc0bc980-c963-48ce-962e-85091c893131@group-28ACFA97060E-LeaderElection236] INFO  impl.RoleInfo (RoleInfo.java:shutdownLeaderElection(134)) - bc0bc980-c963-48ce-962e-85091c893131: shutdown LeaderElection
2019-10-16 20:42:30,063 [bc0bc980-c963-48ce-962e-85091c893131@group-28ACFA97060E-LeaderElection236] INFO  impl.RoleInfo (RoleInfo.java:updateAndGet(143)) - bc0bc980-c963-48ce-962e-85091c893131: start FollowerState
2019-10-16 20:42:30,239 [Thread-2120] INFO  impl.FollowerState (FollowerState.java:run(108)) - bc0bc980-c963-48ce-962e-85091c893131@group-28ACFA97060E-FollowerState: change to CANDIDATE, lastRpcTime:176ms, electionTimeout:176ms
2019-10-16 20:42:30,239 [Thread-2120] INFO  impl.RoleInfo (RoleInfo.java:shutdownFollowerState(121)) - bc0bc980-c963-48ce-962e-85091c893131: shutdown FollowerState
2019-10-16 20:42:30,240 [Thread-2120] INFO  impl.RaftServerImpl (RaftServerImpl.java:setRole(184)) - bc0bc980-c963-48ce-962e-85091c893131@group-28ACFA97060E: changes role from  FOLLOWER to CANDIDATE at term 228 for changeToCandidate
2019-10-16 20:42:30,240 [Thread-2120] INFO  impl.RoleInfo (RoleInfo.java:updateAndGet(143)) - bc0bc980-c963-48ce-962e-85091c893131: start LeaderElection
2019-10-16 20:42:30,253 [bc0bc980-c963-48ce-962e-85091c893131@group-28ACFA97060E-LeaderElection237] INFO  impl.LeaderElection (LeaderElection.java:askForVotes(178)) - bc0bc980-c963-48ce-962e-85091c893131@group-28ACFA97060E-LeaderElection237: begin an election at term 229 for -1: [46069bd9-45fc-4c82-823c-36f07a1bcff0:192.168.157.254:34001, bc0bc980-c963-48ce-962e-85091c893131:192.168.157.254:46787, d612b743-bedc-4c3f-983e-e3329f8a2e6f:192.168.157.254:44523], old=null
2019-10-16 20:42:30,255 [grpc-default-executor-2] INFO  impl.RaftServerImpl (RaftServerImpl.java:setRole(184)) - 46069bd9-45fc-4c82-823c-36f07a1bcff0@group-28ACFA97060E: changes role from  FOLLOWER to FOLLOWER at term 229 for recognizeCandidate:bc0bc980-c963-48ce-962e-85091c893131
2019-10-16 20:42:30,255 [grpc-default-executor-2] INFO  impl.RoleInfo (RoleInfo.java:shutdownFollowerState(121)) - 46069bd9-45fc-4c82-823c-36f07a1bcff0: shutdown FollowerState
2019-10-16 20:42:30,255 [grpc-default-executor-0] INFO  impl.RaftServerImpl (RaftServerImpl.java:setRole(184)) - d612b743-bedc-4c3f-983e-e3329f8a2e6f@group-28ACFA97060E: changes role from  FOLLOWER to FOLLOWER at term 229 for recognizeCandidate:bc0bc980-c963-48ce-962e-85091c893131
2019-10-16 20:42:30,256 [grpc-default-executor-0] INFO  impl.RoleInfo (RoleInfo.java:shutdownFollowerState(121)) - d612b743-bedc-4c3f-983e-e3329f8a2e6f: shutdown FollowerState
2019-10-16 20:42:30,255 [Thread-2118] INFO  impl.FollowerState (FollowerState.java:run(117)) - 46069bd9-45fc-4c82-823c-36f07a1bcff0@group-28ACFA97060E-FollowerState was interrupted: java.lang.InterruptedException: sleep interrupted
2019-10-16 20:42:30,255 [grpc-default-executor-2] INFO  impl.RoleInfo (RoleInfo.java:updateAndGet(143)) - 46069bd9-45fc-4c82-823c-36f07a1bcff0: start FollowerState
2019-10-16 20:42:30,256 [Thread-2119] INFO  impl.FollowerState (FollowerState.java:run(117)) - d612b743-bedc-4c3f-983e-e3329f8a2e6f@group-28ACFA97060E-FollowerState was interrupted: java.lang.InterruptedException: sleep interrupted
2019-10-16 20:42:30,256 [grpc-default-executor-0] INFO  impl.RoleInfo (RoleInfo.java:updateAndGet(143)) - d612b743-bedc-4c3f-983e-e3329f8a2e6f: start FollowerState
2019-10-16 20:42:30,303 [bc0bc980-c963-48ce-962e-85091c893131@group-28ACFA97060E-LeaderElection237] INFO  impl.LeaderElection (LeaderElection.java:logAndReturn(56)) - bc0bc980-c963-48ce-962e-85091c893131@group-28ACFA97060E-LeaderElection237: Election TIMEOUT; received 0 response(s) [] and 0 exception(s); bc0bc980-c963-48ce-962e-85091c893131@group-28ACFA97060E:t229, leader=null, voted=bc0bc980-c963-48ce-962e-85091c893131, raftlog=bc0bc980-c963-48ce-962e-85091c893131@group-28ACFA97060E-SegmentedRaftLog:OPENED:c-1,f-1,i0, conf=-1: [46069bd9-45fc-4c82-823c-36f07a1bcff0:192.168.157.254:34001, bc0bc980-c963-48ce-962e-85091c893131:192.168.157.254:46787, d612b743-bedc-4c3f-983e-e3329f8a2e6f:192.168.157.254:44523], old=null
2019-10-16 20:42:30,311 [bc0bc980-c963-48ce-962e-85091c893131@group-28ACFA97060E-LeaderElection237] INFO  impl.LeaderElection (LeaderElection.java:askForVotes(178)) - bc0bc980-c963-48ce-962e-85091c893131@group-28ACFA97060E-LeaderElection237: begin an election at term 230 for -1: [46069bd9-45fc-4c82-823c-36f07a1bcff0:192.168.157.254:34001, bc0bc980-c963-48ce-962e-85091c893131:192.168.157.254:46787, d612b743-bedc-4c3f-983e-e3329f8a2e6f:192.168.157.254:44523], old=null
2019-10-16 20:42:30,312 [grpc-default-executor-2] INFO  impl.RaftServerImpl (RaftServerImpl.java:setRole(184)) - 46069bd9-45fc-4c82-823c-36f07a1bcff0@group-28ACFA97060E: changes role from  FOLLOWER to FOLLOWER at term 230 for recognizeCandidate:bc0bc980-c963-48ce-962e-85091c893131
2019-10-16 20:42:30,312 [grpc-default-executor-0] INFO  impl.RaftServerImpl (RaftServerImpl.java:setRole(184)) - d612b743-bedc-4c3f-983e-e3329f8a2e6f@group-28ACFA97060E: changes role from  FOLLOWER to FOLLOWER at term 230 for recognizeCandidate:bc0bc980-c963-48ce-962e-85091c893131
2019-10-16 20:42:30,313 [grpc-default-executor-0] INFO  impl.RoleInfo (RoleInfo.java:shutdownFollowerState(121)) - d612b743-bedc-4c3f-983e-e3329f8a2e6f: shutdown FollowerState
2019-10-16 20:42:30,312 [grpc-default-executor-2] INFO  impl.RoleInfo (RoleInfo.java:shutdownFollowerState(121)) - 46069bd9-45fc-4c82-823c-36f07a1bcff0: shutdown FollowerState
2019-10-16 20:42:30,313 [Thread-2125] INFO  impl.FollowerState (FollowerState.java:run(117)) - d612b743-bedc-4c3f-983e-e3329f8a2e6f@group-28ACFA97060E-FollowerState was interrupted: java.lang.InterruptedException: sleep interrupted
2019-10-16 20:42:30,313 [grpc-default-executor-0] INFO  impl.RoleInfo (RoleInfo.java:updateAndGet(143)) - d612b743-bedc-4c3f-983e-e3329f8a2e6f: start FollowerState
2019-10-16 20:42:30,313 [Thread-2124] INFO  impl.FollowerState (FollowerState.java:run(117)) - 46069bd9-45fc-4c82-823c-36f07a1bcff0@group-28ACFA97060E-FollowerState was interrupted: java.lang.InterruptedException: sleep interrupted
2019-10-16 20:42:30,313 [grpc-default-executor-2] INFO  impl.RoleInfo (RoleInfo.java:updateAndGet(143)) - 46069bd9-45fc-4c82-823c-36f07a1bcff0: start FollowerState
2019-10-16 20:42:30,314 [bc0bc980-c963-48ce-962e-85091c893131@group-28ACFA97060E-LeaderElection237] INFO  impl.LeaderElection (LeaderElection.java:logAndReturn(56)) - bc0bc980-c963-48ce-962e-85091c893131@group-28ACFA97060E-LeaderElection237: Election TIMEOUT; received 0 response(s) [] and 0 exception(s); bc0bc980-c963-48ce-962e-85091c893131@group-28ACFA97060E:t230, leader=null, voted=bc0bc980-c963-48ce-962e-85091c893131, raftlog=bc0bc980-c963-48ce-962e-85091c893131@group-28ACFA97060E-SegmentedRaftLog:OPENED:c-1,f-1,i0, conf=-1: [46069bd9-45fc-4c82-823c-36f07a1bcff0:192.168.157.254:34001, bc0bc980-c963-48ce-962e-85091c893131:192.168.157.254:46787, d612b743-bedc-4c3f-983e-e3329f8a2e6f:192.168.157.254:44523], old=null
2019-10-16 20:42:30,324 [bc0bc980-c963-48ce-962e-85091c893131@group-28ACFA97060E-LeaderElection237] INFO  impl.LeaderElection (LeaderElection.java:askForVotes(178)) - bc0bc980-c963-48ce-962e-85091c893131@group-28ACFA97060E-LeaderElection237: begin an election at term 231 for -1: [46069bd9-45fc-4c82-823c-36f07a1bcff0:192.168.157.254:34001, bc0bc980-c963-48ce-962e-85091c893131:192.168.157.254:46787, d612b743-bedc-4c3f-983e-e3329f8a2e6f:192.168.157.254:44523], old=null
2019-10-16 20:42:30,326 [grpc-default-executor-2] INFO  impl.RaftServerImpl (RaftServerImpl.java:setRole(184)) - 46069bd9-45fc-4c82-823c-36f07a1bcff0@group-28ACFA97060E: changes role from  FOLLOWER to FOLLOWER at term 231 for recognizeCandidate:bc0bc980-c963-48ce-962e-85091c893131
2019-10-16 20:42:30,326 [grpc-default-executor-2] INFO  impl.RoleInfo (RoleInfo.java:shutdownFollowerState(121)) - 46069bd9-45fc-4c82-823c-36f07a1bcff0: shutdown FollowerState
2019-10-16 20:42:30,326 [grpc-default-executor-2] INFO  impl.RoleInfo (RoleInfo.java:updateAndGet(143)) - 46069bd9-45fc-4c82-823c-36f07a1bcff0: start FollowerState
2019-10-16 20:42:30,326 [Thread-2129] INFO  impl.FollowerState (FollowerState.java:run(117)) - 46069bd9-45fc-4c82-823c-36f07a1bcff0@group-28ACFA97060E-FollowerState was interrupted: java.lang.InterruptedException: sleep interrupted
2019-10-16 20:42:30,326 [grpc-default-executor-0] INFO  impl.RaftServerImpl (RaftServerImpl.java:setRole(184)) - d612b743-bedc-4c3f-983e-e3329f8a2e6f@group-28ACFA97060E: changes role from  FOLLOWER to FOLLOWER at term 231 for recognizeCandidate:bc0bc980-c963-48ce-962e-85091c893131
2019-10-16 20:42:30,327 [grpc-default-executor-0] INFO  impl.RoleInfo (RoleInfo.java:shutdownFollowerState(121)) - d612b743-bedc-4c3f-983e-e3329f8a2e6f: shutdown FollowerState
2019-10-16 20:42:30,327 [grpc-default-executor-0] INFO  impl.RoleInfo (RoleInfo.java:updateAndGet(143)) - d612b743-bedc-4c3f-983e-e3329f8a2e6f: start FollowerState
2019-10-16 20:42:30,327 [Thread-2128] INFO  impl.FollowerState (FollowerState.java:run(117)) - d612b743-bedc-4c3f-983e-e3329f8a2e6f@group-28ACFA97060E-FollowerState was interrupted: java.lang.InterruptedException: sleep interrupted
2019-10-16 20:42:30,339 [bc0bc980-c963-48ce-962e-85091c893131@group-28ACFA97060E-LeaderElection237] INFO  impl.LeaderElection (LeaderElection.java:logAndReturn(56)) - bc0bc980-c963-48ce-962e-85091c893131@group-28ACFA97060E-LeaderElection237: Election REJECTED; received 2 response(s) [bc0bc980-c963-48ce-962e-85091c893131<-46069bd9-45fc-4c82-823c-36f07a1bcff0#0:FAIL-t231, bc0bc980-c963-48ce-962e-85091c893131<-d612b743-bedc-4c3f-983e-e3329f8a2e6f#0:FAIL-t231] and 0 exception(s); bc0bc980-c963-48ce-962e-85091c893131@group-28ACFA97060E:t231, leader=null, voted=bc0bc980-c963-48ce-962e-85091c893131, raftlog=bc0bc980-c963-48ce-962e-85091c893131@group-28ACFA97060E-SegmentedRaftLog:OPENED:c-1,f-1,i0, conf=-1: [46069bd9-45fc-4c82-823c-36f07a1bcff0:192.168.157.254:34001, bc0bc980-c963-48ce-962e-85091c893131:192.168.157.254:46787, d612b743-bedc-4c3f-983e-e3329f8a2e6f:192.168.157.254:44523], old=null
2019-10-16 20:42:30,339 [bc0bc980-c963-48ce-962e-85091c893131@group-28ACFA97060E-LeaderElection237] INFO  impl.RaftServerImpl (RaftServerImpl.java:setRole(184)) - bc0bc980-c963-48ce-962e-85091c893131@group-28ACFA97060E: changes role from CANDIDATE to FOLLOWER at term 231 for DISCOVERED_A_NEW_TERM
2019-10-16 20:42:30,340 [bc0bc980-c963-48ce-962e-85091c893131@group-28ACFA97060E-LeaderElection237] INFO  impl.RoleInfo (RoleInfo.java:shutdownLeaderElection(134)) - bc0bc980-c963-48ce-962e-85091c893131: shutdown LeaderElection
2019-10-16 20:42:30,340 [bc0bc980-c963-48ce-962e-85091c893131@group-28ACFA97060E-LeaderElection237] INFO  impl.RoleInfo (RoleInfo.java:updateAndGet(143)) - bc0bc980-c963-48ce-962e-85091c893131: start FollowerState
2019-10-16 20:42:30,489 [Thread-2134] INFO  impl.FollowerState (FollowerState.java:run(108)) - bc0bc980-c963-48ce-962e-85091c893131@group-28ACFA97060E-FollowerState: change to CANDIDATE, lastRpcTime:149ms, electionTimeout:149ms
2019-10-16 20:42:30,489 [Thread-2134] INFO  impl.RoleInfo (RoleInfo.java:shutdownFollowerState(121)) - bc0bc980-c963-48ce-962e-85091c893131: shutdown FollowerState
2019-10-16 20:42:30,489 [Thread-2134] INFO  impl.RaftServerImpl (RaftServerImpl.java:setRole(184)) - bc0bc980-c963-48ce-962e-85091c893131@group-28ACFA97060E: changes role from  FOLLOWER to CANDIDATE at term 231 for changeToCandidate
2019-10-16 20:42:30,489 [Thread-2134] INFO  impl.RoleInfo (RoleInfo.java:updateAndGet(143)) - bc0bc980-c963-48ce-962e-85091c893131: start LeaderElection
2019-10-16 20:42:30,502 [bc0bc980-c963-48ce-962e-85091c893131@group-28ACFA97060E-LeaderElection238] INFO  impl.LeaderElection (LeaderElection.java:askForVotes(178)) - bc0bc980-c963-48ce-962e-85091c893131@group-28ACFA97060E-LeaderElection238: begin an election at term 232 for -1: [46069bd9-45fc-4c82-823c-36f07a1bcff0:192.168.157.254:34001, bc0bc980-c963-48ce-962e-85091c893131:192.168.157.254:46787, d612b743-bedc-4c3f-983e-e3329f8a2e6f:192.168.157.254:44523], old=null
2019-10-16 20:42:30,504 [grpc-default-executor-2] INFO  impl.RaftServerImpl (RaftServerImpl.java:setRole(184)) - 46069bd9-45fc-4c82-823c-36f07a1bcff0@group-28ACFA97060E: changes role from  FOLLOWER to FOLLOWER at term 232 for recognizeCandidate:bc0bc980-c963-48ce-962e-85091c893131
2019-10-16 20:42:30,504 [grpc-default-executor-2] INFO  impl.RoleInfo (RoleInfo.java:shutdownFollowerState(121)) - 46069bd9-45fc-4c82-823c-36f07a1bcff0: shutdown FollowerState
2019-10-16 20:42:30,504 [grpc-default-executor-0] INFO  impl.RaftServerImpl (RaftServerImpl.java:setRole(184)) - d612b743-bedc-4c3f-983e-e3329f8a2e6f@group-28ACFA97060E: changes role from  FOLLOWER to FOLLOWER at term 232 for recognizeCandidate:bc0bc980-c963-48ce-962e-85091c893131
2019-10-16 20:42:30,505 [grpc-default-executor-2] INFO  impl.RoleInfo (RoleInfo.java:updateAndGet(143)) - 46069bd9-45fc-4c82-823c-36f07a1bcff0: start FollowerState
2019-10-16 20:42:30,505 [Thread-2132] INFO  impl.FollowerState (FollowerState.java:run(117)) - 46069bd9-45fc-4c82-823c-36f07a1bcff0@group-28ACFA97060E-FollowerState was interrupted: java.lang.InterruptedException: sleep interrupted
2019-10-16 20:42:30,505 [grpc-default-executor-0] INFO  impl.RoleInfo (RoleInfo.java:shutdownFollowerState(121)) - d612b743-bedc-4c3f-983e-e3329f8a2e6f: shutdown FollowerState
2019-10-16 20:42:30,505 [grpc-default-executor-0] INFO  impl.RoleInfo (RoleInfo.java:updateAndGet(143)) - d612b743-bedc-4c3f-983e-e3329f8a2e6f: start FollowerState
2019-10-16 20:42:30,505 [Thread-2133] INFO  impl.FollowerState (FollowerState.java:run(117)) - d612b743-bedc-4c3f-983e-e3329f8a2e6f@group-28ACFA97060E-FollowerState was interrupted: java.lang.InterruptedException: sleep interrupted
2019-10-16 20:42:30,536 [bc0bc980-c963-48ce-962e-85091c893131@group-28ACFA97060E-LeaderElection238] INFO  impl.LeaderElection (LeaderElection.java:logAndReturn(56)) - bc0bc980-c963-48ce-962e-85091c893131@group-28ACFA97060E-LeaderElection238: Election REJECTED; received 2 response(s) [bc0bc980-c963-48ce-962e-85091c893131<-46069bd9-45fc-4c82-823c-36f07a1bcff0#0:FAIL-t232, bc0bc980-c963-48ce-962e-85091c893131<-d612b743-bedc-4c3f-983e-e3329f8a2e6f#0:FAIL-t232] and 0 exception(s); bc0bc980-c963-48ce-962e-85091c893131@group-28ACFA97060E:t232, leader=null, voted=bc0bc980-c963-48ce-962e-85091c893131, raftlog=bc0bc980-c963-48ce-962e-85091c893131@group-28ACFA97060E-SegmentedRaftLog:OPENED:c-1,f-1,i0, conf=-1: [46069bd9-45fc-4c82-823c-36f07a1bcff0:192.168.157.254:34001, bc0bc980-c963-48ce-962e-85091c893131:192.168.157.254:46787, d612b743-bedc-4c3f-983e-e3329f8a2e6f:192.168.157.254:44523], old=null
2019-10-16 20:42:30,536 [bc0bc980-c963-48ce-962e-85091c893131@group-28ACFA97060E-LeaderElection238] INFO  impl.RaftServerImpl (RaftServerImpl.java:setRole(184)) - bc0bc980-c963-48ce-962e-85091c893131@group-28ACFA97060E: changes role from CANDIDATE to FOLLOWER at term 232 for DISCOVERED_A_NEW_TERM
2019-10-16 20:42:30,536 [bc0bc980-c963-48ce-962e-85091c893131@group-28ACFA97060E-LeaderElection238] INFO  impl.RoleInfo (RoleInfo.java:shutdownLeaderElection(134)) - bc0bc980-c963-48ce-962e-85091c893131: shutdown LeaderElection
2019-10-16 20:42:30,536 [bc0bc980-c963-48ce-962e-85091c893131@group-28ACFA97060E-LeaderElection238] INFO  impl.RoleInfo (RoleInfo.java:updateAndGet(143)) - bc0bc980-c963-48ce-962e-85091c893131: start FollowerState
2019-10-16 20:42:30,602 [Thread-2140] INFO  impl.FollowerState (FollowerState.java:run(108)) - bc0bc980-c963-48ce-962e-85091c893131@group-28ACFA97060E-FollowerState: change to CANDIDATE, lastRpcTime:65ms, electionTimeout:65ms
2019-10-16 20:42:30,602 [Thread-2140] INFO  impl.RoleInfo (RoleInfo.java:shutdownFollowerState(121)) - bc0bc980-c963-48ce-962e-85091c893131: shutdown FollowerState
2019-10-16 20:42:30,602 [Thread-2140] INFO  impl.RaftServerImpl (RaftServerImpl.java:setRole(184)) - bc0bc980-c963-48ce-962e-85091c893131@group-28ACFA97060E: changes role from  FOLLOWER to CANDIDATE at term 232 for changeToCandidate
2019-10-16 20:42:30,602 [Thread-2140] INFO  impl.RoleInfo (RoleInfo.java:updateAndGet(143)) - bc0bc980-c963-48ce-962e-85091c893131: start LeaderElection
2019-10-16 20:42:30,628 [bc0bc980-c963-48ce-962e-85091c893131@group-28ACFA97060E-LeaderElection239] INFO  impl.LeaderElection (LeaderElection.java:askForVotes(178)) - bc0bc980-c963-48ce-962e-85091c893131@group-28ACFA97060E-LeaderElection239: begin an election at term 233 for -1: [46069bd9-45fc-4c82-823c-36f07a1bcff0:192.168.157.254:34001, bc0bc980-c963-48ce-962e-85091c893131:192.168.157.254:46787, d612b743-bedc-4c3f-983e-e3329f8a2e6f:192.168.157.254:44523], old=null
2019-10-16 20:42:30,630 [grpc-default-executor-0] INFO  impl.RaftServerImpl (RaftServerImpl.java:setRole(184)) - d612b743-bedc-4c3f-983e-e3329f8a2e6f@group-28ACFA97060E: changes role from  FOLLOWER to FOLLOWER at term 233 for recognizeCandidate:bc0bc980-c963-48ce-962e-85091c893131
2019-10-16 20:42:30,630 [grpc-default-executor-2] INFO  impl.RaftServerImpl (RaftServerImpl.java:setRole(184)) - 46069bd9-45fc-4c82-823c-36f07a1bcff0@group-28ACFA97060E: changes role from  FOLLOWER to FOLLOWER at term 233 for recognizeCandidate:bc0bc980-c963-48ce-962e-85091c893131
2019-10-16 20:42:30,630 [grpc-default-executor-0] INFO  impl.RoleInfo (RoleInfo.java:shutdownFollowerState(121)) - d612b743-bedc-4c3f-983e-e3329f8a2e6f: shutdown FollowerState
2019-10-16 20:42:30,630 [grpc-default-executor-2] INFO  impl.RoleInfo (RoleInfo.java:shutdownFollowerState(121)) - 46069bd9-45fc-4c82-823c-36f07a1bcff0: shutdown FollowerState
2019-10-16 20:42:30,631 [Thread-2139] INFO  impl.FollowerState (FollowerState.java:run(117)) - d612b743-bedc-4c3f-983e-e3329f8a2e6f@group-28ACFA97060E-FollowerState was interrupted: java.lang.InterruptedException: sleep interrupted
2019-10-16 20:42:30,630 [grpc-default-executor-0] INFO  impl.RoleInfo (RoleInfo.java:updateAndGet(143)) - d612b743-bedc-4c3f-983e-e3329f8a2e6f: start FollowerState
2019-10-16 20:42:30,631 [Thread-2138] INFO  impl.FollowerState (FollowerState.java:run(117)) - 46069bd9-45fc-4c82-823c-36f07a1bcff0@group-28ACFA97060E-FollowerState was interrupted: java.lang.InterruptedException: sleep interrupted
2019-10-16 20:42:30,631 [grpc-default-executor-2] INFO  impl.RoleInfo (RoleInfo.java:updateAndGet(143)) - 46069bd9-45fc-4c82-823c-36f07a1bcff0: start FollowerState
2019-10-16 20:42:30,645 [bc0bc980-c963-48ce-962e-85091c893131@group-28ACFA97060E-LeaderElection239] INFO  impl.LeaderElection (LeaderElection.java:logAndReturn(56)) - bc0bc980-c963-48ce-962e-85091c893131@group-28ACFA97060E-LeaderElection239: Election REJECTED; received 2 response(s) [bc0bc980-c963-48ce-962e-85091c893131<-46069bd9-45fc-4c82-823c-36f07a1bcff0#0:FAIL-t233, bc0bc980-c963-48ce-962e-85091c893131<-d612b743-bedc-4c3f-983e-e3329f8a2e6f#0:FAIL-t233] and 0 exception(s); bc0bc980-c963-48ce-962e-85091c893131@group-28ACFA97060E:t233, leader=null, voted=bc0bc980-c963-48ce-962e-85091c893131, raftlog=bc0bc980-c963-48ce-962e-85091c893131@group-28ACFA97060E-SegmentedRaftLog:OPENED:c-1,f-1,i0, conf=-1: [46069bd9-45fc-4c82-823c-36f07a1bcff0:192.168.157.254:34001, bc0bc980-c963-48ce-962e-85091c893131:192.168.157.254:46787, d612b743-bedc-4c3f-983e-e3329f8a2e6f:192.168.157.254:44523], old=null
2019-10-16 20:42:30,646 [bc0bc980-c963-48ce-962e-85091c893131@group-28ACFA97060E-LeaderElection239] INFO  impl.RaftServerImpl (RaftServerImpl.java:setRole(184)) - bc0bc980-c963-48ce-962e-85091c893131@group-28ACFA97060E: changes role from CANDIDATE to FOLLOWER at term 233 for DISCOVERED_A_NEW_TERM
2019-10-16 20:42:30,646 [bc0bc980-c963-48ce-962e-85091c893131@group-28ACFA97060E-LeaderElection239] INFO  impl.RoleInfo (RoleInfo.java:shutdownLeaderElection(134)) - bc0bc980-c963-48ce-962e-85091c893131: shutdown LeaderElection
2019-10-16 20:42:30,646 [bc0bc980-c963-48ce-962e-85091c893131@group-28ACFA97060E-LeaderElection239] INFO  impl.RoleInfo (RoleInfo.java:updateAndGet(143)) - bc0bc980-c963-48ce-962e-85091c893131: start FollowerState
2019-10-16 20:42:30,838 [Thread-2146] INFO  impl.FollowerState (FollowerState.java:run(108)) - bc0bc980-c963-48ce-962e-85091c893131@group-28ACFA97060E-FollowerState: change to CANDIDATE, lastRpcTime:192ms, electionTimeout:192ms
2019-10-16 20:42:30,838 [Thread-2146] INFO  impl.RoleInfo (RoleInfo.java:shutdownFollowerState(121)) - bc0bc980-c963-48ce-962e-85091c893131: shutdown FollowerState
2019-10-16 20:42:30,838 [Thread-2146] INFO  impl.RaftServerImpl (RaftServerImpl.java:setRole(184)) - bc0bc980-c963-48ce-962e-85091c893131@group-28ACFA97060E: changes role from  FOLLOWER to CANDIDATE at term 233 for changeToCandidate
2019-10-16 20:42:30,839 [Thread-2146] INFO  impl.RoleInfo (RoleInfo.java:updateAndGet(143)) - bc0bc980-c963-48ce-962e-85091c893131: start LeaderElection
2019-10-16 20:42:30,852 [bc0bc980-c963-48ce-962e-85091c893131@group-28ACFA97060E-LeaderElection240] INFO  impl.LeaderElection (LeaderElection.java:askForVotes(178)) - bc0bc980-c963-48ce-962e-85091c893131@group-28ACFA97060E-LeaderElection240: begin an election at term 234 for -1: [46069bd9-45fc-4c82-823c-36f07a1bcff0:192.168.157.254:34001, bc0bc980-c963-48ce-962e-85091c893131:192.168.157.254:46787, d612b743-bedc-4c3f-983e-e3329f8a2e6f:192.168.157.254:44523], old=null
2019-10-16 20:42:30,854 [grpc-default-executor-0] INFO  impl.RaftServerImpl (RaftServerImpl.java:setRole(184)) - d612b743-bedc-4c3f-983e-e3329f8a2e6f@group-28ACFA97060E: changes role from  FOLLOWER to FOLLOWER at term 234 for recognizeCandidate:bc0bc980-c963-48ce-962e-85091c893131
2019-10-16 20:42:30,854 [grpc-default-executor-2] INFO  impl.RaftServerImpl (RaftServerImpl.java:setRole(184)) - 46069bd9-45fc-4c82-823c-36f07a1bcff0@group-28ACFA97060E: changes role from  FOLLOWER to FOLLOWER at term 234 for recognizeCandidate:bc0bc980-c963-48ce-962e-85091c893131
2019-10-16 20:42:30,854 [grpc-default-executor-0] INFO  impl.RoleInfo (RoleInfo.java:shutdownFollowerState(121)) - d612b743-bedc-4c3f-983e-e3329f8a2e6f: shutdown FollowerState
2019-10-16 20:42:30,854 [grpc-default-executor-2] INFO  impl.RoleInfo (RoleInfo.java:shutdownFollowerState(121)) - 46069bd9-45fc-4c82-823c-36f07a1bcff0: shutdown FollowerState
2019-10-16 20:42:30,855 [Thread-2144] INFO  impl.FollowerState (FollowerState.java:run(117)) - d612b743-bedc-4c3f-983e-e3329f8a2e6f@group-28ACFA97060E-FollowerState was interrupted: java.lang.InterruptedException: sleep interrupted
2019-10-16 20:42:30,855 [grpc-default-executor-0] INFO  impl.RoleInfo (RoleInfo.java:updateAndGet(143)) - d612b743-bedc-4c3f-983e-e3329f8a2e6f: start FollowerState
2019-10-16 20:42:30,855 [Thread-2145] INFO  impl.FollowerState (FollowerState.java:run(117)) - 46069bd9-45fc-4c82-823c-36f07a1bcff0@group-28ACFA97060E-FollowerState was interrupted: java.lang.InterruptedException: sleep interrupted
2019-10-16 20:42:30,855 [grpc-default-executor-2] INFO  impl.RoleInfo (RoleInfo.java:updateAndGet(143)) - 46069bd9-45fc-4c82-823c-36f07a1bcff0: start FollowerState
2019-10-16 20:42:30,869 [bc0bc980-c963-48ce-962e-85091c893131@group-28ACFA97060E-LeaderElection240] INFO  impl.LeaderElection (LeaderElection.java:logAndReturn(56)) - bc0bc980-c963-48ce-962e-85091c893131@group-28ACFA97060E-LeaderElection240: Election REJECTED; received 2 response(s) [bc0bc980-c963-48ce-962e-85091c893131<-46069bd9-45fc-4c82-823c-36f07a1bcff0#0:FAIL-t234, bc0bc980-c963-48ce-962e-85091c893131<-d612b743-bedc-4c3f-983e-e3329f8a2e6f#0:FAIL-t234] and 0 exception(s); bc0bc980-c963-48ce-962e-85091c893131@group-28ACFA97060E:t234, leader=null, voted=bc0bc980-c963-48ce-962e-85091c893131, raftlog=bc0bc980-c963-48ce-962e-85091c893131@group-28ACFA97060E-SegmentedRaftLog:OPENED:c-1,f-1,i0, conf=-1: [46069bd9-45fc-4c82-823c-36f07a1bcff0:192.168.157.254:34001, bc0bc980-c963-48ce-962e-85091c893131:192.168.157.254:46787, d612b743-bedc-4c3f-983e-e3329f8a2e6f:192.168.157.254:44523], old=null
2019-10-16 20:42:30,869 [bc0bc980-c963-48ce-962e-85091c893131@group-28ACFA97060E-LeaderElection240] INFO  impl.RaftServerImpl (RaftServerImpl.java:setRole(184)) - bc0bc980-c963-48ce-962e-85091c893131@group-28ACFA97060E: changes role from CANDIDATE to FOLLOWER at term 234 for DISCOVERED_A_NEW_TERM
2019-10-16 20:42:30,869 [bc0bc980-c963-48ce-962e-85091c893131@group-28ACFA97060E-LeaderElection240] INFO  impl.RoleInfo (RoleInfo.java:shutdownLeaderElection(134)) - bc0bc980-c963-48ce-962e-85091c893131: shutdown LeaderElection
2019-10-16 20:42:30,869 [bc0bc980-c963-48ce-962e-85091c893131@group-28ACFA97060E-LeaderElection240] INFO  impl.RoleInfo (RoleInfo.java:updateAndGet(143)) - bc0bc980-c963-48ce-962e-85091c893131: start FollowerState
2019-10-16 20:42:31,000 [Thread-2152] INFO  impl.FollowerState (FollowerState.java:run(108)) - bc0bc980-c963-48ce-962e-85091c893131@group-28ACFA97060E-FollowerState: change to CANDIDATE, lastRpcTime:130ms, electionTimeout:130ms
2019-10-16 20:42:31,000 [Thread-2152] INFO  impl.RoleInfo (RoleInfo.java:shutdownFollowerState(121)) - bc0bc980-c963-48ce-962e-85091c893131: shutdown FollowerState
2019-10-16 20:42:31,000 [Thread-2152] INFO  impl.RaftServerImpl (RaftServerImpl.java:setRole(184)) - bc0bc980-c963-48ce-962e-85091c893131@group-28ACFA97060E: changes role from  FOLLOWER to CANDIDATE at term 234 for changeToCandidate
2019-10-16 20:42:31,000 [Thread-2152] INFO  impl.RoleInfo (RoleInfo.java:updateAndGet(143)) - bc0bc980-c963-48ce-962e-85091c893131: start LeaderElection
2019-10-16 20:42:31,013 [bc0bc980-c963-48ce-962e-85091c893131@group-28ACFA97060E-LeaderElection241] INFO  impl.LeaderElection (LeaderElection.java:askForVotes(178)) - bc0bc980-c963-48ce-962e-85091c893131@group-28ACFA97060E-LeaderElection241: begin an election at term 235 for -1: [46069bd9-45fc-4c82-823c-36f07a1bcff0:192.168.157.254:34001, bc0bc980-c963-48ce-962e-85091c893131:192.168.157.254:46787, d612b743-bedc-4c3f-983e-e3329f8a2e6f:192.168.157.254:44523], old=null
2019-10-16 20:42:31,016 [grpc-default-executor-2] INFO  impl.RaftServerImpl (RaftServerImpl.java:setRole(184)) - 46069bd9-45fc-4c82-823c-36f07a1bcff0@group-28ACFA97060E: changes role from  FOLLOWER to FOLLOWER at term 235 for recognizeCandidate:bc0bc980-c963-48ce-962e-85091c893131
2019-10-16 20:42:31,016 [grpc-default-executor-0] INFO  impl.RaftServerImpl (RaftServerImpl.java:setRole(184)) - d612b743-bedc-4c3f-983e-e3329f8a2e6f@group-28ACFA97060E: changes role from  FOLLOWER to FOLLOWER at term 235 for recognizeCandidate:bc0bc980-c963-48ce-962e-85091c893131
2019-10-16 20:42:31,016 [grpc-default-executor-2] INFO  impl.RoleInfo (RoleInfo.java:shutdownFollowerState(121)) - 46069bd9-45fc-4c82-823c-36f07a1bcff0: shutdown FollowerState
2019-10-16 20:42:31,016 [grpc-default-executor-0] INFO  impl.RoleInfo (RoleInfo.java:shutdownFollowerState(121)) - d612b743-bedc-4c3f-983e-e3329f8a2e6f: shutdown FollowerState
2019-10-16 20:42:31,016 [Thread-2151] INFO  impl.FollowerState (FollowerState.java:run(117)) - 46069bd9-45fc-4c82-823c-36f07a1bcff0@group-28ACFA97060E-FollowerState was interrupted: java.lang.InterruptedException: sleep interrupted
2019-10-16 20:42:31,016 [grpc-default-executor-2] INFO  impl.RoleInfo (RoleInfo.java:updateAndGet(143)) - 46069bd9-45fc-4c82-823c-36f07a1bcff0: start FollowerState
2019-10-16 20:42:31,016 [Thread-2150] INFO  impl.FollowerState (FollowerState.java:run(117)) - d612b743-bedc-4c3f-983e-e3329f8a2e6f@group-28ACFA97060E-FollowerState was interrupted: java.lang.InterruptedException: sleep interrupted
2019-10-16 20:42:31,016 [grpc-default-executor-0] INFO  impl.RoleInfo (RoleInfo.java:updateAndGet(143)) - d612b743-bedc-4c3f-983e-e3329f8a2e6f: start FollowerState
2019-10-16 20:42:31,036 [bc0bc980-c963-48ce-962e-85091c893131@group-28ACFA97060E-LeaderElection241] INFO  impl.LeaderElection (LeaderElection.java:logAndReturn(56)) - bc0bc980-c963-48ce-962e-85091c893131@group-28ACFA97060E-LeaderElection241: Election REJECTED; received 2 response(s) [bc0bc980-c963-48ce-962e-85091c893131<-46069bd9-45fc-4c82-823c-36f07a1bcff0#0:FAIL-t235, bc0bc980-c963-48ce-962e-85091c893131<-d612b743-bedc-4c3f-983e-e3329f8a2e6f#0:FAIL-t235] and 0 exception(s); bc0bc980-c963-48ce-962e-85091c893131@group-28ACFA97060E:t235, leader=null, voted=bc0bc980-c963-48ce-962e-85091c893131, raftlog=bc0bc980-c963-48ce-962e-85091c893131@group-28ACFA97060E-SegmentedRaftLog:OPENED:c-1,f-1,i0, conf=-1: [46069bd9-45fc-4c82-823c-36f07a1bcff0:192.168.157.254:34001, bc0bc980-c963-48ce-962e-85091c893131:192.168.157.254:46787, d612b743-bedc-4c3f-983e-e3329f8a2e6f:192.168.157.254:44523], old=null
2019-10-16 20:42:31,036 [bc0bc980-c963-48ce-962e-85091c893131@group-28ACFA97060E-LeaderElection241] INFO  impl.RaftServerImpl (RaftServerImpl.java:setRole(184)) - bc0bc980-c963-48ce-962e-85091c893131@group-28ACFA97060E: changes role from CANDIDATE to FOLLOWER at term 235 for DISCOVERED_A_NEW_TERM
2019-10-16 20:42:31,036 [bc0bc980-c963-48ce-962e-85091c893131@group-28ACFA97060E-LeaderElection241] INFO  impl.RoleInfo (RoleInfo.java:shutdownLeaderElection(134)) - bc0bc980-c963-48ce-962e-85091c893131: shutdown LeaderElection
2019-10-16 20:42:31,036 [bc0bc980-c963-48ce-962e-85091c893131@group-28ACFA97060E-LeaderElection241] INFO  impl.RoleInfo (RoleInfo.java:updateAndGet(143)) - bc0bc980-c963-48ce-962e-85091c893131: start FollowerState
2019-10-16 20:42:31,174 [Thread-2158] INFO  impl.FollowerState (FollowerState.java:run(108)) - bc0bc980-c963-48ce-962e-85091c893131@group-28ACFA97060E-FollowerState: change to CANDIDATE, lastRpcTime:137ms, electionTimeout:137ms
2019-10-16 20:42:31,174 [Thread-2158] INFO  impl.RoleInfo (RoleInfo.java:shutdownFollowerState(121)) - bc0bc980-c963-48ce-962e-85091c893131: shutdown FollowerState
2019-10-16 20:42:31,174 [Thread-2158] INFO  impl.RaftServerImpl (RaftServerImpl.java:setRole(184)) - bc0bc980-c963-48ce-962e-85091c893131@group-28ACFA97060E: changes role from  FOLLOWER to CANDIDATE at term 235 for changeToCandidate
2019-10-16 20:42:31,174 [Thread-2158] INFO  impl.RoleInfo (RoleInfo.java:updateAndGet(143)) - bc0bc980-c963-48ce-962e-85091c893131: start LeaderElection
2019-10-16 20:42:31,188 [bc0bc980-c963-48ce-962e-85091c893131@group-28ACFA97060E-LeaderElection242] INFO  impl.LeaderElection (LeaderElection.java:askForVotes(178)) - bc0bc980-c963-48ce-962e-85091c893131@group-28ACFA97060E-LeaderElection242: begin an election at term 236 for -1: [46069bd9-45fc-4c82-823c-36f07a1bcff0:192.168.157.254:34001, bc0bc980-c963-48ce-962e-85091c893131:192.168.157.254:46787, d612b743-bedc-4c3f-983e-e3329f8a2e6f:192.168.157.254:44523], old=null
2019-10-16 20:42:31,190 [grpc-default-executor-2] INFO  impl.RaftServerImpl (RaftServerImpl.java:setRole(184)) - 46069bd9-45fc-4c82-823c-36f07a1bcff0@group-28ACFA97060E: changes role from  FOLLOWER to FOLLOWER at term 236 for recognizeCandidate:bc0bc980-c963-48ce-962e-85091c893131
2019-10-16 20:42:31,190 [grpc-default-executor-2] INFO  impl.RoleInfo (RoleInfo.java:shutdownFollowerState(121)) - 46069bd9-45fc-4c82-823c-36f07a1bcff0: shutdown FollowerState
2019-10-16 20:42:31,190 [grpc-default-executor-0] INFO  impl.RaftServerImpl (RaftServerImpl.java:setRole(184)) - d612b743-bedc-4c3f-983e-e3329f8a2e6f@group-28ACFA97060E: changes role from  FOLLOWER to FOLLOWER at term 236 for recognizeCandidate:bc0bc980-c963-48ce-962e-85091c893131
2019-10-16 20:42:31,190 [Thread-2156] INFO  impl.FollowerState (FollowerState.java:run(117)) - 46069bd9-45fc-4c82-823c-36f07a1bcff0@group-28ACFA97060E-FollowerState was interrupted: java.lang.InterruptedException: sleep interrupted
2019-10-16 20:42:31,190 [grpc-default-executor-2] INFO  impl.RoleInfo (RoleInfo.java:updateAndGet(143)) - 46069bd9-45fc-4c82-823c-36f07a1bcff0: start FollowerState
2019-10-16 20:42:31,190 [grpc-default-executor-0] INFO  impl.RoleInfo (RoleInfo.java:shutdownFollowerState(121)) - d612b743-bedc-4c3f-983e-e3329f8a2e6f: shutdown FollowerState
2019-10-16 20:42:31,191 [grpc-default-executor-0] INFO  impl.RoleInfo (RoleInfo.java:updateAndGet(143)) - d612b743-bedc-4c3f-983e-e3329f8a2e6f: start FollowerState
2019-10-16 20:42:31,191 [Thread-2157] INFO  impl.FollowerState (FollowerState.java:run(117)) - d612b743-bedc-4c3f-983e-e3329f8a2e6f@group-28ACFA97060E-FollowerState was interrupted: java.lang.InterruptedException: sleep interrupted
2019-10-16 20:42:31,204 [bc0bc980-c963-48ce-962e-85091c893131@group-28ACFA97060E-LeaderElection242] INFO  impl.LeaderElection (LeaderElection.java:logAndReturn(56)) - bc0bc980-c963-48ce-962e-85091c893131@group-28ACFA97060E-LeaderElection242: Election REJECTED; received 2 response(s) [bc0bc980-c963-48ce-962e-85091c893131<-46069bd9-45fc-4c82-823c-36f07a1bcff0#0:FAIL-t236, bc0bc980-c963-48ce-962e-85091c893131<-d612b743-bedc-4c3f-983e-e3329f8a2e6f#0:FAIL-t236] and 0 exception(s); bc0bc980-c963-48ce-962e-85091c893131@group-28ACFA97060E:t236, leader=null, voted=bc0bc980-c963-48ce-962e-85091c893131, raftlog=bc0bc980-c963-48ce-962e-85091c893131@group-28ACFA97060E-SegmentedRaftLog:OPENED:c-1,f-1,i0, conf=-1: [46069bd9-45fc-4c82-823c-36f07a1bcff0:192.168.157.254:34001, bc0bc980-c963-48ce-962e-85091c893131:192.168.157.254:46787, d612b743-bedc-4c3f-983e-e3329f8a2e6f:192.168.157.254:44523], old=null
2019-10-16 20:42:31,204 [bc0bc980-c963-48ce-962e-85091c893131@group-28ACFA97060E-LeaderElection242] INFO  impl.RaftServerImpl (RaftServerImpl.java:setRole(184)) - bc0bc980-c963-48ce-962e-85091c893131@group-28ACFA97060E: changes role from CANDIDATE to FOLLOWER at term 236 for DISCOVERED_A_NEW_TERM
2019-10-16 20:42:31,204 [bc0bc980-c963-48ce-962e-85091c893131@group-28ACFA97060E-LeaderElection242] INFO  impl.RoleInfo (RoleInfo.java:shutdownLeaderElection(134)) - bc0bc980-c963-48ce-962e-85091c893131: shutdown LeaderElection
2019-10-16 20:42:31,205 [bc0bc980-c963-48ce-962e-85091c893131@group-28ACFA97060E-LeaderElection242] INFO  impl.RoleInfo (RoleInfo.java:updateAndGet(143)) - bc0bc980-c963-48ce-962e-85091c893131: start FollowerState
2019-10-16 20:42:31,299 [Thread-2164] INFO  impl.FollowerState (FollowerState.java:run(108)) - bc0bc980-c963-48ce-962e-85091c893131@group-28ACFA97060E-FollowerState: change to CANDIDATE, lastRpcTime:94ms, electionTimeout:94ms
2019-10-16 20:42:31,299 [Thread-2164] INFO  impl.RoleInfo (RoleInfo.java:shutdownFollowerState(121)) - bc0bc980-c963-48ce-962e-85091c893131: shutdown FollowerState
2019-10-16 20:42:31,299 [Thread-2164] INFO  impl.RaftServerImpl (RaftServerImpl.java:setRole(184)) - bc0bc980-c963-48ce-962e-85091c893131@group-28ACFA97060E: changes role from  FOLLOWER to CANDIDATE at term 236 for changeToCandidate
2019-10-16 20:42:31,299 [Thread-2164] INFO  impl.RoleInfo (RoleInfo.java:updateAndGet(143)) - bc0bc980-c963-48ce-962e-85091c893131: start LeaderElection
2019-10-16 20:42:31,313 [bc0bc980-c963-48ce-962e-85091c893131@group-28ACFA97060E-LeaderElection243] INFO  impl.LeaderElection (LeaderElection.java:askForVotes(178)) - bc0bc980-c963-48ce-962e-85091c893131@group-28ACFA97060E-LeaderElection243: begin an election at term 237 for -1: [46069bd9-45fc-4c82-823c-36f07a1bcff0:192.168.157.254:34001, bc0bc980-c963-48ce-962e-85091c893131:192.168.157.254:46787, d612b743-bedc-4c3f-983e-e3329f8a2e6f:192.168.157.254:44523], old=null
2019-10-16 20:42:31,314 [grpc-default-executor-2] INFO  impl.RaftServerImpl (RaftServerImpl.java:setRole(184)) - 46069bd9-45fc-4c82-823c-36f07a1bcff0@group-28ACFA97060E: changes role from  FOLLOWER to FOLLOWER at term 237 for recognizeCandidate:bc0bc980-c963-48ce-962e-85091c893131
2019-10-16 20:42:31,314 [grpc-default-executor-0] INFO  impl.RaftServerImpl (RaftServerImpl.java:setRole(184)) - d612b743-bedc-4c3f-983e-e3329f8a2e6f@group-28ACFA97060E: changes role from  FOLLOWER to FOLLOWER at term 237 for recognizeCandidate:bc0bc980-c963-48ce-962e-85091c893131
2019-10-16 20:42:31,315 [grpc-default-executor-2] INFO  impl.RoleInfo (RoleInfo.java:shutdownFollowerState(121)) - 46069bd9-45fc-4c82-823c-36f07a1bcff0: shutdown FollowerState
2019-10-16 20:42:31,315 [grpc-default-executor-0] INFO  impl.RoleInfo (RoleInfo.java:shutdownFollowerState(121)) - d612b743-bedc-4c3f-983e-e3329f8a2e6f: shutdown FollowerState
2019-10-16 20:42:31,315 [Thread-2162] INFO  impl.FollowerState (FollowerState.java:run(117)) - 46069bd9-45fc-4c82-823c-36f07a1bcff0@group-28ACFA97060E-FollowerState was interrupted: java.lang.InterruptedException: sleep interrupted
2019-10-16 20:42:31,315 [grpc-default-executor-2] INFO  impl.RoleInfo (RoleInfo.java:updateAndGet(143)) - 46069bd9-45fc-4c82-823c-36f07a1bcff0: start FollowerState
2019-10-16 20:42:31,315 [Thread-2163] INFO  impl.FollowerState (FollowerState.java:run(117)) - d612b743-bedc-4c3f-983e-e3329f8a2e6f@group-28ACFA97060E-FollowerState was interrupted: java.lang.InterruptedException: sleep interrupted
2019-10-16 20:42:31,315 [grpc-default-executor-0] INFO  impl.RoleInfo (RoleInfo.java:updateAndGet(143)) - d612b743-bedc-4c3f-983e-e3329f8a2e6f: start FollowerState
2019-10-16 20:42:31,341 [bc0bc980-c963-48ce-962e-85091c893131@group-28ACFA97060E-LeaderElection243] INFO  impl.LeaderElection (LeaderElection.java:logAndReturn(56)) - bc0bc980-c963-48ce-962e-85091c893131@group-28ACFA97060E-LeaderElection243: Election REJECTED; received 2 response(s) [bc0bc980-c963-48ce-962e-85091c893131<-46069bd9-45fc-4c82-823c-36f07a1bcff0#0:FAIL-t237, bc0bc980-c963-48ce-962e-85091c893131<-d612b743-bedc-4c3f-983e-e3329f8a2e6f#0:FAIL-t237] and 0 exception(s); bc0bc980-c963-48ce-962e-85091c893131@group-28ACFA97060E:t237, leader=null, voted=bc0bc980-c963-48ce-962e-85091c893131, raftlog=bc0bc980-c963-48ce-962e-85091c893131@group-28ACFA97060E-SegmentedRaftLog:OPENED:c-1,f-1,i0, conf=-1: [46069bd9-45fc-4c82-823c-36f07a1bcff0:192.168.157.254:34001, bc0bc980-c963-48ce-962e-85091c893131:192.168.157.254:46787, d612b743-bedc-4c3f-983e-e3329f8a2e6f:192.168.157.254:44523], old=null
2019-10-16 20:42:31,341 [bc0bc980-c963-48ce-962e-85091c893131@group-28ACFA97060E-LeaderElection243] INFO  impl.RaftServerImpl (RaftServerImpl.java:setRole(184)) - bc0bc980-c963-48ce-962e-85091c893131@group-28ACFA97060E: changes role from CANDIDATE to FOLLOWER at term 237 for DISCOVERED_A_NEW_TERM
2019-10-16 20:42:31,341 [bc0bc980-c963-48ce-962e-85091c893131@group-28ACFA97060E-LeaderElection243] INFO  impl.RoleInfo (RoleInfo.java:shutdownLeaderElection(134)) - bc0bc980-c963-48ce-962e-85091c893131: shutdown LeaderElection
2019-10-16 20:42:31,342 [bc0bc980-c963-48ce-962e-85091c893131@group-28ACFA97060E-LeaderElection243] INFO  impl.RoleInfo (RoleInfo.java:updateAndGet(143)) - bc0bc980-c963-48ce-962e-85091c893131: start FollowerState
2019-10-16 20:42:31,423 [Thread-2170] INFO  impl.FollowerState (FollowerState.java:run(108)) - bc0bc980-c963-48ce-962e-85091c893131@group-28ACFA97060E-FollowerState: change to CANDIDATE, lastRpcTime:81ms, electionTimeout:81ms
2019-10-16 20:42:31,423 [Thread-2170] INFO  impl.RoleInfo (RoleInfo.java:shutdownFollowerState(121)) - bc0bc980-c963-48ce-962e-85091c893131: shutdown FollowerState
2019-10-16 20:42:31,423 [Thread-2170] INFO  impl.RaftServerImpl (RaftServerImpl.java:setRole(184)) - bc0bc980-c963-48ce-962e-85091c893131@group-28ACFA97060E: changes role from  FOLLOWER to CANDIDATE at term 237 for changeToCandidate
2019-10-16 20:42:31,423 [Thread-2170] INFO  impl.RoleInfo (RoleInfo.java:updateAndGet(143)) - bc0bc980-c963-48ce-962e-85091c893131: start LeaderElection
2019-10-16 20:42:31,438 [bc0bc980-c963-48ce-962e-85091c893131@group-28ACFA97060E-LeaderElection244] INFO  impl.LeaderElection (LeaderElection.java:askForVotes(178)) - bc0bc980-c963-48ce-962e-85091c893131@group-28ACFA97060E-LeaderElection244: begin an election at term 238 for -1: [46069bd9-45fc-4c82-823c-36f07a1bcff0:192.168.157.254:34001, bc0bc980-c963-48ce-962e-85091c893131:192.168.157.254:46787, d612b743-bedc-4c3f-983e-e3329f8a2e6f:192.168.157.254:44523], old=null
2019-10-16 20:42:31,439 [grpc-default-executor-2] INFO  impl.RaftServerImpl (RaftServerImpl.java:setRole(184)) - 46069bd9-45fc-4c82-823c-36f07a1bcff0@group-28ACFA97060E: changes role from  FOLLOWER to FOLLOWER at term 238 for recognizeCandidate:bc0bc980-c963-48ce-962e-85091c893131
2019-10-16 20:42:31,440 [grpc-default-executor-2] INFO  impl.RoleInfo (RoleInfo.java:shutdownFollowerState(121)) - 46069bd9-45fc-4c82-823c-36f07a1bcff0: shutdown FollowerState
2019-10-16 20:42:31,440 [grpc-default-executor-2] INFO  impl.RoleInfo (RoleInfo.java:updateAndGet(143)) - 46069bd9-45fc-4c82-823c-36f07a1bcff0: start FollowerState
2019-10-16 20:42:31,440 [grpc-default-executor-0] INFO  impl.RaftServerImpl (RaftServerImpl.java:setRole(184)) - d612b743-bedc-4c3f-983e-e3329f8a2e6f@group-28ACFA97060E: changes role from  FOLLOWER to FOLLOWER at term 238 for recognizeCandidate:bc0bc980-c963-48ce-962e-85091c893131
2019-10-16 20:42:31,440 [Thread-2168] INFO  impl.FollowerState (FollowerState.java:run(117)) - 46069bd9-45fc-4c82-823c-36f07a1bcff0@group-28ACFA97060E-FollowerState was interrupted: java.lang.InterruptedException: sleep interrupted
2019-10-16 20:42:31,440 [grpc-default-executor-0] INFO  impl.RoleInfo (RoleInfo.java:shutdownFollowerState(121)) - d612b743-bedc-4c3f-983e-e3329f8a2e6f: shutdown FollowerState
2019-10-16 20:42:31,440 [grpc-default-executor-0] INFO  impl.RoleInfo (RoleInfo.java:updateAndGet(143)) - d612b743-bedc-4c3f-983e-e3329f8a2e6f: start FollowerState
2019-10-16 20:42:31,440 [Thread-2169] INFO  impl.FollowerState (FollowerState.java:run(117)) - d612b743-bedc-4c3f-983e-e3329f8a2e6f@group-28ACFA97060E-FollowerState was interrupted: java.lang.InterruptedException: sleep interrupted
2019-10-16 20:42:31,459 [bc0bc980-c963-48ce-962e-85091c893131@group-28ACFA97060E-LeaderElection244] INFO  impl.LeaderElection (LeaderElection.java:logAndReturn(56)) - bc0bc980-c963-48ce-962e-85091c893131@group-28ACFA97060E-LeaderElection244: Election TIMEOUT; received 0 response(s) [] and 0 exception(s); bc0bc980-c963-48ce-962e-85091c893131@group-28ACFA97060E:t238, leader=null, voted=bc0bc980-c963-48ce-962e-85091c893131, raftlog=bc0bc980-c963-48ce-962e-85091c893131@group-28ACFA97060E-SegmentedRaftLog:OPENED:c-1,f-1,i0, conf=-1: [46069bd9-45fc-4c82-823c-36f07a1bcff0:192.168.157.254:34001, bc0bc980-c963-48ce-962e-85091c893131:192.168.157.254:46787, d612b743-bedc-4c3f-983e-e3329f8a2e6f:192.168.157.254:44523], old=null
2019-10-16 20:42:31,467 [bc0bc980-c963-48ce-962e-85091c893131@group-28ACFA97060E-LeaderElection244] INFO  impl.LeaderElection (LeaderElection.java:askForVotes(178)) - bc0bc980-c963-48ce-962e-85091c893131@group-28ACFA97060E-LeaderElection244: begin an election at term 239 for -1: [46069bd9-45fc-4c82-823c-36f07a1bcff0:192.168.157.254:34001, bc0bc980-c963-48ce-962e-85091c893131:192.168.157.254:46787, d612b743-bedc-4c3f-983e-e3329f8a2e6f:192.168.157.254:44523], old=null
2019-10-16 20:42:31,468 [grpc-default-executor-0] INFO  impl.RaftServerImpl (RaftServerImpl.java:setRole(184)) - 46069bd9-45fc-4c82-823c-36f07a1bcff0@group-28ACFA97060E: changes role from  FOLLOWER to FOLLOWER at term 239 for recognizeCandidate:bc0bc980-c963-48ce-962e-85091c893131
2019-10-16 20:42:31,468 [grpc-default-executor-0] INFO  impl.RoleInfo (RoleInfo.java:shutdownFollowerState(121)) - 46069bd9-45fc-4c82-823c-36f07a1bcff0: shutdown FollowerState
2019-10-16 20:42:31,468 [grpc-default-executor-0] INFO  impl.RoleInfo (RoleInfo.java:updateAndGet(143)) - 46069bd9-45fc-4c82-823c-36f07a1bcff0: start FollowerState
2019-10-16 20:42:31,468 [Thread-2174] INFO  impl.FollowerState (FollowerState.java:run(117)) - 46069bd9-45fc-4c82-823c-36f07a1bcff0@group-28ACFA97060E-FollowerState was interrupted: java.lang.InterruptedException: sleep interrupted
2019-10-16 20:42:31,468 [grpc-default-executor-2] INFO  impl.RaftServerImpl (RaftServerImpl.java:setRole(184)) - d612b743-bedc-4c3f-983e-e3329f8a2e6f@group-28ACFA97060E: changes role from  FOLLOWER to FOLLOWER at term 239 for recognizeCandidate:bc0bc980-c963-48ce-962e-85091c893131
2019-10-16 20:42:31,469 [grpc-default-executor-2] INFO  impl.RoleInfo (RoleInfo.java:shutdownFollowerState(121)) - d612b743-bedc-4c3f-983e-e3329f8a2e6f: shutdown FollowerState
2019-10-16 20:42:31,469 [grpc-default-executor-2] INFO  impl.RoleInfo (RoleInfo.java:updateAndGet(143)) - d612b743-bedc-4c3f-983e-e3329f8a2e6f: start FollowerState
2019-10-16 20:42:31,469 [Thread-2175] INFO  impl.FollowerState (FollowerState.java:run(117)) - d612b743-bedc-4c3f-983e-e3329f8a2e6f@group-28ACFA97060E-FollowerState was interrupted: java.lang.InterruptedException: sleep interrupted
2019-10-16 20:42:31,482 [bc0bc980-c963-48ce-962e-85091c893131@group-28ACFA97060E-LeaderElection244] INFO  impl.LeaderElection (LeaderElection.java:logAndReturn(56)) - bc0bc980-c963-48ce-962e-85091c893131@group-28ACFA97060E-LeaderElection244: Election REJECTED; received 2 response(s) [bc0bc980-c963-48ce-962e-85091c893131<-46069bd9-45fc-4c82-823c-36f07a1bcff0#0:FAIL-t239, bc0bc980-c963-48ce-962e-85091c893131<-d612b743-bedc-4c3f-983e-e3329f8a2e6f#0:FAIL-t239] and 0 exception(s); bc0bc980-c963-48ce-962e-85091c893131@group-28ACFA97060E:t239, leader=null, voted=bc0bc980-c963-48ce-962e-85091c893131, raftlog=bc0bc980-c963-48ce-962e-85091c893131@group-28ACFA97060E-SegmentedRaftLog:OPENED:c-1,f-1,i0, conf=-1: [46069bd9-45fc-4c82-823c-36f07a1bcff0:192.168.157.254:34001, bc0bc980-c963-48ce-962e-85091c893131:192.168.157.254:46787, d612b743-bedc-4c3f-983e-e3329f8a2e6f:192.168.157.254:44523], old=null
2019-10-16 20:42:31,482 [bc0bc980-c963-48ce-962e-85091c893131@group-28ACFA97060E-LeaderElection244] INFO  impl.RaftServerImpl (RaftServerImpl.java:setRole(184)) - bc0bc980-c963-48ce-962e-85091c893131@group-28ACFA97060E: changes role from CANDIDATE to FOLLOWER at term 239 for DISCOVERED_A_NEW_TERM
2019-10-16 20:42:31,482 [bc0bc980-c963-48ce-962e-85091c893131@group-28ACFA97060E-LeaderElection244] INFO  impl.RoleInfo (RoleInfo.java:shutdownLeaderElection(134)) - bc0bc980-c963-48ce-962e-85091c893131: shutdown LeaderElection
2019-10-16 20:42:31,482 [bc0bc980-c963-48ce-962e-85091c893131@group-28ACFA97060E-LeaderElection244] INFO  impl.RoleInfo (RoleInfo.java:updateAndGet(143)) - bc0bc980-c963-48ce-962e-85091c893131: start FollowerState
2019-10-16 20:42:31,657 [Thread-2180] INFO  impl.FollowerState (FollowerState.java:run(108)) - bc0bc980-c963-48ce-962e-85091c893131@group-28ACFA97060E-FollowerState: change to CANDIDATE, lastRpcTime:175ms, electionTimeout:175ms
2019-10-16 20:42:31,657 [Thread-2180] INFO  impl.RoleInfo (RoleInfo.java:shutdownFollowerState(121)) - bc0bc980-c963-48ce-962e-85091c893131: shutdown FollowerState
2019-10-16 20:42:31,657 [Thread-2180] INFO  impl.RaftServerImpl (RaftServerImpl.java:setRole(184)) - bc0bc980-c963-48ce-962e-85091c893131@group-28ACFA97060E: changes role from  FOLLOWER to CANDIDATE at term 239 for changeToCandidate
2019-10-16 20:42:31,658 [Thread-2180] INFO  impl.RoleInfo (RoleInfo.java:updateAndGet(143)) - bc0bc980-c963-48ce-962e-85091c893131: start LeaderElection
2019-10-16 20:42:31,671 [bc0bc980-c963-48ce-962e-85091c893131@group-28ACFA97060E-LeaderElection245] INFO  impl.LeaderElection (LeaderElection.java:askForVotes(178)) - bc0bc980-c963-48ce-962e-85091c893131@group-28ACFA97060E-LeaderElection245: begin an election at term 240 for -1: [46069bd9-45fc-4c82-823c-36f07a1bcff0:192.168.157.254:34001, bc0bc980-c963-48ce-962e-85091c893131:192.168.157.254:46787, d612b743-bedc-4c3f-983e-e3329f8a2e6f:192.168.157.254:44523], old=null
2019-10-16 20:42:31,673 [grpc-default-executor-2] INFO  impl.RaftServerImpl (RaftServerImpl.java:setRole(184)) - d612b743-bedc-4c3f-983e-e3329f8a2e6f@group-28ACFA97060E: changes role from  FOLLOWER to FOLLOWER at term 240 for recognizeCandidate:bc0bc980-c963-48ce-962e-85091c893131
2019-10-16 20:42:31,673 [grpc-default-executor-2] INFO  impl.RoleInfo (RoleInfo.java:shutdownFollowerState(121)) - d612b743-bedc-4c3f-983e-e3329f8a2e6f: shutdown FollowerState
2019-10-16 20:42:31,673 [grpc-default-executor-0] INFO  impl.RaftServerImpl (RaftServerImpl.java:setRole(184)) - 46069bd9-45fc-4c82-823c-36f07a1bcff0@group-28ACFA97060E: changes role from  FOLLOWER to FOLLOWER at term 240 for recognizeCandidate:bc0bc980-c963-48ce-962e-85091c893131
2019-10-16 20:42:31,674 [grpc-default-executor-0] INFO  impl.RoleInfo (RoleInfo.java:shutdownFollowerState(121)) - 46069bd9-45fc-4c82-823c-36f07a1bcff0: shutdown FollowerState
2019-10-16 20:42:31,674 [grpc-default-executor-2] INFO  impl.RoleInfo (RoleInfo.java:updateAndGet(143)) - d612b743-bedc-4c3f-983e-e3329f8a2e6f: start FollowerState
2019-10-16 20:42:31,674 [Thread-2179] INFO  impl.FollowerState (FollowerState.java:run(117)) - d612b743-bedc-4c3f-983e-e3329f8a2e6f@group-28ACFA97060E-FollowerState was interrupted: java.lang.InterruptedException: sleep interrupted
2019-10-16 20:42:31,674 [Thread-2178] INFO  impl.FollowerState (FollowerState.java:run(117)) - 46069bd9-45fc-4c82-823c-36f07a1bcff0@group-28ACFA97060E-FollowerState was interrupted: java.lang.InterruptedException: sleep interrupted
2019-10-16 20:42:31,674 [grpc-default-executor-0] INFO  impl.RoleInfo (RoleInfo.java:updateAndGet(143)) - 46069bd9-45fc-4c82-823c-36f07a1bcff0: start FollowerState
2019-10-16 20:42:31,689 [bc0bc980-c963-48ce-962e-85091c893131@group-28ACFA97060E-LeaderElection245] INFO  impl.LeaderElection (LeaderElection.java:logAndReturn(56)) - bc0bc980-c963-48ce-962e-85091c893131@group-28ACFA97060E-LeaderElection245: Election REJECTED; received 2 response(s) [bc0bc980-c963-48ce-962e-85091c893131<-46069bd9-45fc-4c82-823c-36f07a1bcff0#0:FAIL-t240, bc0bc980-c963-48ce-962e-85091c893131<-d612b743-bedc-4c3f-983e-e3329f8a2e6f#0:FAIL-t240] and 0 exception(s); bc0bc980-c963-48ce-962e-85091c893131@group-28ACFA97060E:t240, leader=null, voted=bc0bc980-c963-48ce-962e-85091c893131, raftlog=bc0bc980-c963-48ce-962e-85091c893131@group-28ACFA97060E-SegmentedRaftLog:OPENED:c-1,f-1,i0, conf=-1: [46069bd9-45fc-4c82-823c-36f07a1bcff0:192.168.157.254:34001, bc0bc980-c963-48ce-962e-85091c893131:192.168.157.254:46787, d612b743-bedc-4c3f-983e-e3329f8a2e6f:192.168.157.254:44523], old=null
2019-10-16 20:42:31,689 [bc0bc980-c963-48ce-962e-85091c893131@group-28ACFA97060E-LeaderElection245] INFO  impl.RaftServerImpl (RaftServerImpl.java:setRole(184)) - bc0bc980-c963-48ce-962e-85091c893131@group-28ACFA97060E: changes role from CANDIDATE to FOLLOWER at term 240 for DISCOVERED_A_NEW_TERM
2019-10-16 20:42:31,689 [bc0bc980-c963-48ce-962e-85091c893131@group-28ACFA97060E-LeaderElection245] INFO  impl.RoleInfo (RoleInfo.java:shutdownLeaderElection(134)) - bc0bc980-c963-48ce-962e-85091c893131: shutdown LeaderElection
2019-10-16 20:42:31,689 [bc0bc980-c963-48ce-962e-85091c893131@group-28ACFA97060E-LeaderElection245] INFO  impl.RoleInfo (RoleInfo.java:updateAndGet(143)) - bc0bc980-c963-48ce-962e-85091c893131: start FollowerState
2019-10-16 20:42:31,758 [Thread-2186] INFO  impl.FollowerState (FollowerState.java:run(108)) - bc0bc980-c963-48ce-962e-85091c893131@group-28ACFA97060E-FollowerState: change to CANDIDATE, lastRpcTime:68ms, electionTimeout:68ms
2019-10-16 20:42:31,758 [Thread-2186] INFO  impl.RoleInfo (RoleInfo.java:shutdownFollowerState(121)) - bc0bc980-c963-48ce-962e-85091c893131: shutdown FollowerState
2019-10-16 20:42:31,758 [Thread-2186] INFO  impl.RaftServerImpl (RaftServerImpl.java:setRole(184)) - bc0bc980-c963-48ce-962e-85091c893131@group-28ACFA97060E: changes role from  FOLLOWER to CANDIDATE at term 240 for changeToCandidate
2019-10-16 20:42:31,758 [Thread-2186] INFO  impl.RoleInfo (RoleInfo.java:updateAndGet(143)) - bc0bc980-c963-48ce-962e-85091c893131: start LeaderElection
2019-10-16 20:42:31,772 [bc0bc980-c963-48ce-962e-85091c893131@group-28ACFA97060E-LeaderElection246] INFO  impl.LeaderElection (LeaderElection.java:askForVotes(178)) - bc0bc980-c963-48ce-962e-85091c893131@group-28ACFA97060E-LeaderElection246: begin an election at term 241 for -1: [46069bd9-45fc-4c82-823c-36f07a1bcff0:192.168.157.254:34001, bc0bc980-c963-48ce-962e-85091c893131:192.168.157.254:46787, d612b743-bedc-4c3f-983e-e3329f8a2e6f:192.168.157.254:44523], old=null
2019-10-16 20:42:31,774 [grpc-default-executor-0] INFO  impl.RaftServerImpl (RaftServerImpl.java:setRole(184)) - 46069bd9-45fc-4c82-823c-36f07a1bcff0@group-28ACFA97060E: changes role from  FOLLOWER to FOLLOWER at term 241 for recognizeCandidate:bc0bc980-c963-48ce-962e-85091c893131
2019-10-16 20:42:31,774 [grpc-default-executor-0] INFO  impl.RoleInfo (RoleInfo.java:shutdownFollowerState(121)) - 46069bd9-45fc-4c82-823c-36f07a1bcff0: shutdown FollowerState
2019-10-16 20:42:31,774 [grpc-default-executor-0] INFO  impl.RoleInfo (RoleInfo.java:updateAndGet(143)) - 46069bd9-45fc-4c82-823c-36f07a1bcff0: start FollowerState
2019-10-16 20:42:31,774 [grpc-default-executor-2] INFO  impl.RaftServerImpl (RaftServerImpl.java:setRole(184)) - d612b743-bedc-4c3f-983e-e3329f8a2e6f@group-28ACFA97060E: changes role from  FOLLOWER to FOLLOWER at term 241 for recognizeCandidate:bc0bc980-c963-48ce-962e-85091c893131
2019-10-16 20:42:31,774 [Thread-2185] INFO  impl.FollowerState (FollowerState.java:run(117)) - 46069bd9-45fc-4c82-823c-36f07a1bcff0@group-28ACFA97060E-FollowerState was interrupted: java.lang.InterruptedException: sleep interrupted
2019-10-16 20:42:31,774 [grpc-default-executor-2] INFO  impl.RoleInfo (RoleInfo.java:shutdownFollowerState(121)) - d612b743-bedc-4c3f-983e-e3329f8a2e6f: shutdown FollowerState
2019-10-16 20:42:31,775 [Thread-2184] INFO  impl.FollowerState (FollowerState.java:run(117)) - d612b743-bedc-4c3f-983e-e3329f8a2e6f@group-28ACFA97060E-FollowerState was interrupted: java.lang.InterruptedException: sleep interrupted
2019-10-16 20:42:31,775 [grpc-default-executor-2] INFO  impl.RoleInfo (RoleInfo.java:updateAndGet(143)) - d612b743-bedc-4c3f-983e-e3329f8a2e6f: start FollowerState
2019-10-16 20:42:31,790 [bc0bc980-c963-48ce-962e-85091c893131@group-28ACFA97060E-LeaderElection246] INFO  impl.LeaderElection (LeaderElection.java:logAndReturn(56)) - bc0bc980-c963-48ce-962e-85091c893131@group-28ACFA97060E-LeaderElection246: Election REJECTED; received 2 response(s) [bc0bc980-c963-48ce-962e-85091c893131<-46069bd9-45fc-4c82-823c-36f07a1bcff0#0:FAIL-t241, bc0bc980-c963-48ce-962e-85091c893131<-d612b743-bedc-4c3f-983e-e3329f8a2e6f#0:FAIL-t241] and 0 exception(s); bc0bc980-c963-48ce-962e-85091c893131@group-28ACFA97060E:t241, leader=null, voted=bc0bc980-c963-48ce-962e-85091c893131, raftlog=bc0bc980-c963-48ce-962e-85091c893131@group-28ACFA97060E-SegmentedRaftLog:OPENED:c-1,f-1,i0, conf=-1: [46069bd9-45fc-4c82-823c-36f07a1bcff0:192.168.157.254:34001, bc0bc980-c963-48ce-962e-85091c893131:192.168.157.254:46787, d612b743-bedc-4c3f-983e-e3329f8a2e6f:192.168.157.254:44523], old=null
2019-10-16 20:42:31,790 [bc0bc980-c963-48ce-962e-85091c893131@group-28ACFA97060E-LeaderElection246] INFO  impl.RaftServerImpl (RaftServerImpl.java:setRole(184)) - bc0bc980-c963-48ce-962e-85091c893131@group-28ACFA97060E: changes role from CANDIDATE to FOLLOWER at term 241 for DISCOVERED_A_NEW_TERM
2019-10-16 20:42:31,790 [bc0bc980-c963-48ce-962e-85091c893131@group-28ACFA97060E-LeaderElection246] INFO  impl.RoleInfo (RoleInfo.java:shutdownLeaderElection(134)) - bc0bc980-c963-48ce-962e-85091c893131: shutdown LeaderElection
2019-10-16 20:42:31,790 [bc0bc980-c963-48ce-962e-85091c893131@group-28ACFA97060E-LeaderElection246] INFO  impl.RoleInfo (RoleInfo.java:updateAndGet(143)) - bc0bc980-c963-48ce-962e-85091c893131: start FollowerState
2019-10-16 20:42:31,976 [Thread-2192] INFO  impl.FollowerState (FollowerState.java:run(108)) - bc0bc980-c963-48ce-962e-85091c893131@group-28ACFA97060E-FollowerState: change to CANDIDATE, lastRpcTime:185ms, electionTimeout:185ms
2019-10-16 20:42:31,976 [Thread-2192] INFO  impl.RoleInfo (RoleInfo.java:shutdownFollowerState(121)) - bc0bc980-c963-48ce-962e-85091c893131: shutdown FollowerState
2019-10-16 20:42:31,976 [Thread-2192] INFO  impl.RaftServerImpl (RaftServerImpl.java:setRole(184)) - bc0bc980-c963-48ce-962e-85091c893131@group-28ACFA97060E: changes role from  FOLLOWER to CANDIDATE at term 241 for changeToCandidate
2019-10-16 20:42:31,976 [Thread-2192] INFO  impl.RoleInfo (RoleInfo.java:updateAndGet(143)) - bc0bc980-c963-48ce-962e-85091c893131: start LeaderElection
2019-10-16 20:42:31,989 [bc0bc980-c963-48ce-962e-85091c893131@group-28ACFA97060E-LeaderElection247] INFO  impl.LeaderElection (LeaderElection.java:askForVotes(178)) - bc0bc980-c963-48ce-962e-85091c893131@group-28ACFA97060E-LeaderElection247: begin an election at term 242 for -1: [46069bd9-45fc-4c82-823c-36f07a1bcff0:192.168.157.254:34001, bc0bc980-c963-48ce-962e-85091c893131:192.168.157.254:46787, d612b743-bedc-4c3f-983e-e3329f8a2e6f:192.168.157.254:44523], old=null
2019-10-16 20:42:31,991 [grpc-default-executor-0] INFO  impl.RaftServerImpl (RaftServerImpl.java:setRole(184)) - 46069bd9-45fc-4c82-823c-36f07a1bcff0@group-28ACFA97060E: changes role from  FOLLOWER to FOLLOWER at term 242 for recognizeCandidate:bc0bc980-c963-48ce-962e-85091c893131
2019-10-16 20:42:31,991 [grpc-default-executor-2] INFO  impl.RaftServerImpl (RaftServerImpl.java:setRole(184)) - d612b743-bedc-4c3f-983e-e3329f8a2e6f@group-28ACFA97060E: changes role from  FOLLOWER to FOLLOWER at term 242 for recognizeCandidate:bc0bc980-c963-48ce-962e-85091c893131
2019-10-16 20:42:31,991 [grpc-default-executor-0] INFO  impl.RoleInfo (RoleInfo.java:shutdownFollowerState(121)) - 46069bd9-45fc-4c82-823c-36f07a1bcff0: shutdown FollowerState
2019-10-16 20:42:31,991 [grpc-default-executor-2] INFO  impl.RoleInfo (RoleInfo.java:shutdownFollowerState(121)) - d612b743-bedc-4c3f-983e-e3329f8a2e6f: shutdown FollowerState
2019-10-16 20:42:31,991 [Thread-2190] INFO  impl.FollowerState (FollowerState.java:run(117)) - 46069bd9-45fc-4c82-823c-36f07a1bcff0@group-28ACFA97060E-FollowerState was interrupted: java.lang.InterruptedException: sleep interrupted
2019-10-16 20:42:31,991 [grpc-default-executor-0] INFO  impl.RoleInfo (RoleInfo.java:updateAndGet(143)) - 46069bd9-45fc-4c82-823c-36f07a1bcff0: start FollowerState
2019-10-16 20:42:31,992 [Thread-2191] INFO  impl.FollowerState (FollowerState.java:run(117)) - d612b743-bedc-4c3f-983e-e3329f8a2e6f@group-28ACFA97060E-FollowerState was interrupted: java.lang.InterruptedException: sleep interrupted
2019-10-16 20:42:31,992 [grpc-default-executor-2] INFO  impl.RoleInfo (RoleInfo.java:updateAndGet(143)) - d612b743-bedc-4c3f-983e-e3329f8a2e6f: start FollowerState
2019-10-16 20:42:32,016 [bc0bc980-c963-48ce-962e-85091c893131@group-28ACFA97060E-LeaderElection247] INFO  impl.LeaderElection (LeaderElection.java:logAndReturn(56)) - bc0bc980-c963-48ce-962e-85091c893131@group-28ACFA97060E-LeaderElection247: Election REJECTED; received 2 response(s) [bc0bc980-c963-48ce-962e-85091c893131<-46069bd9-45fc-4c82-823c-36f07a1bcff0#0:FAIL-t242, bc0bc980-c963-48ce-962e-85091c893131<-d612b743-bedc-4c3f-983e-e3329f8a2e6f#0:FAIL-t242] and 0 exception(s); bc0bc980-c963-48ce-962e-85091c893131@group-28ACFA97060E:t242, leader=null, voted=bc0bc980-c963-48ce-962e-85091c893131, raftlog=bc0bc980-c963-48ce-962e-85091c893131@group-28ACFA97060E-SegmentedRaftLog:OPENED:c-1,f-1,i0, conf=-1: [46069bd9-45fc-4c82-823c-36f07a1bcff0:192.168.157.254:34001, bc0bc980-c963-48ce-962e-85091c893131:192.168.157.254:46787, d612b743-bedc-4c3f-983e-e3329f8a2e6f:192.168.157.254:44523], old=null
2019-10-16 20:42:32,017 [bc0bc980-c963-48ce-962e-85091c893131@group-28ACFA97060E-LeaderElection247] INFO  impl.RaftServerImpl (RaftServerImpl.java:setRole(184)) - bc0bc980-c963-48ce-962e-85091c893131@group-28ACFA97060E: changes role from CANDIDATE to FOLLOWER at term 242 for DISCOVERED_A_NEW_TERM
2019-10-16 20:42:32,017 [bc0bc980-c963-48ce-962e-85091c893131@group-28ACFA97060E-LeaderElection247] INFO  impl.RoleInfo (RoleInfo.java:shutdownLeaderElection(134)) - bc0bc980-c963-48ce-962e-85091c893131: shutdown LeaderElection
2019-10-16 20:42:32,017 [bc0bc980-c963-48ce-962e-85091c893131@group-28ACFA97060E-LeaderElection247] INFO  impl.RoleInfo (RoleInfo.java:updateAndGet(143)) - bc0bc980-c963-48ce-962e-85091c893131: start FollowerState
2019-10-16 20:42:32,030 [Thread-2198] INFO  impl.FollowerState (FollowerState.java:run(108)) - bc0bc980-c963-48ce-962e-85091c893131@group-28ACFA97060E-FollowerState: change to CANDIDATE, lastRpcTime:13ms, electionTimeout:13ms
2019-10-16 20:42:32,030 [Thread-2198] INFO  impl.RoleInfo (RoleInfo.java:shutdownFollowerState(121)) - bc0bc980-c963-48ce-962e-85091c893131: shutdown FollowerState
2019-10-16 20:42:32,030 [Thread-2198] INFO  impl.RaftServerImpl (RaftServerImpl.java:setRole(184)) - bc0bc980-c963-48ce-962e-85091c893131@group-28ACFA97060E: changes role from  FOLLOWER to CANDIDATE at term 242 for changeToCandidate
2019-10-16 20:42:32,030 [Thread-2198] INFO  impl.RoleInfo (RoleInfo.java:updateAndGet(143)) - bc0bc980-c963-48ce-962e-85091c893131: start LeaderElection
2019-10-16 20:42:32,044 [bc0bc980-c963-48ce-962e-85091c893131@group-28ACFA97060E-LeaderElection248] INFO  impl.LeaderElection (LeaderElection.java:askForVotes(178)) - bc0bc980-c963-48ce-962e-85091c893131@group-28ACFA97060E-LeaderElection248: begin an election at term 243 for -1: [46069bd9-45fc-4c82-823c-36f07a1bcff0:192.168.157.254:34001, bc0bc980-c963-48ce-962e-85091c893131:192.168.157.254:46787, d612b743-bedc-4c3f-983e-e3329f8a2e6f:192.168.157.254:44523], old=null
2019-10-16 20:42:32,046 [grpc-default-executor-2] INFO  impl.RaftServerImpl (RaftServerImpl.java:setRole(184)) - 46069bd9-45fc-4c82-823c-36f07a1bcff0@group-28ACFA97060E: changes role from  FOLLOWER to FOLLOWER at term 243 for recognizeCandidate:bc0bc980-c963-48ce-962e-85091c893131
2019-10-16 20:42:32,046 [grpc-default-executor-2] INFO  impl.RoleInfo (RoleInfo.java:shutdownFollowerState(121)) - 46069bd9-45fc-4c82-823c-36f07a1bcff0: shutdown FollowerState
2019-10-16 20:42:32,046 [grpc-default-executor-2] INFO  impl.RoleInfo (RoleInfo.java:updateAndGet(143)) - 46069bd9-45fc-4c82-823c-36f07a1bcff0: start FollowerState
2019-10-16 20:42:32,046 [Thread-2196] INFO  impl.FollowerState (FollowerState.java:run(117)) - 46069bd9-45fc-4c82-823c-36f07a1bcff0@group-28ACFA97060E-FollowerState was interrupted: java.lang.InterruptedException: sleep interrupted
2019-10-16 20:42:32,046 [grpc-default-executor-0] INFO  impl.RaftServerImpl (RaftServerImpl.java:setRole(184)) - d612b743-bedc-4c3f-983e-e3329f8a2e6f@group-28ACFA97060E: changes role from  FOLLOWER to FOLLOWER at term 243 for recognizeCandidate:bc0bc980-c963-48ce-962e-85091c893131
2019-10-16 20:42:32,046 [grpc-default-executor-0] INFO  impl.RoleInfo (RoleInfo.java:shutdownFollowerState(121)) - d612b743-bedc-4c3f-983e-e3329f8a2e6f: shutdown FollowerState
2019-10-16 20:42:32,046 [grpc-default-executor-0] INFO  impl.RoleInfo (RoleInfo.java:updateAndGet(143)) - d612b743-bedc-4c3f-983e-e3329f8a2e6f: start FollowerState
2019-10-16 20:42:32,046 [Thread-2197] INFO  impl.FollowerState (FollowerState.java:run(117)) - d612b743-bedc-4c3f-983e-e3329f8a2e6f@group-28ACFA97060E-FollowerState was interrupted: java.lang.InterruptedException: sleep interrupted
2019-10-16 20:42:32,072 [bc0bc980-c963-48ce-962e-85091c893131@group-28ACFA97060E-LeaderElection248] INFO  impl.LeaderElection (LeaderElection.java:logAndReturn(56)) - bc0bc980-c963-48ce-962e-85091c893131@group-28ACFA97060E-LeaderElection248: Election REJECTED; received 2 response(s) [bc0bc980-c963-48ce-962e-85091c893131<-46069bd9-45fc-4c82-823c-36f07a1bcff0#0:FAIL-t243, bc0bc980-c963-48ce-962e-85091c893131<-d612b743-bedc-4c3f-983e-e3329f8a2e6f#0:FAIL-t243] and 0 exception(s); bc0bc980-c963-48ce-962e-85091c893131@group-28ACFA97060E:t243, leader=null, voted=bc0bc980-c963-48ce-962e-85091c893131, raftlog=bc0bc980-c963-48ce-962e-85091c893131@group-28ACFA97060E-SegmentedRaftLog:OPENED:c-1,f-1,i0, conf=-1: [46069bd9-45fc-4c82-823c-36f07a1bcff0:192.168.157.254:34001, bc0bc980-c963-48ce-962e-85091c893131:192.168.157.254:46787, d612b743-bedc-4c3f-983e-e3329f8a2e6f:192.168.157.254:44523], old=null
2019-10-16 20:42:32,072 [bc0bc980-c963-48ce-962e-85091c893131@group-28ACFA97060E-LeaderElection248] INFO  impl.RaftServerImpl (RaftServerImpl.java:setRole(184)) - bc0bc980-c963-48ce-962e-85091c893131@group-28ACFA97060E: changes role from CANDIDATE to FOLLOWER at term 243 for DISCOVERED_A_NEW_TERM
2019-10-16 20:42:32,072 [bc0bc980-c963-48ce-962e-85091c893131@group-28ACFA97060E-LeaderElection248] INFO  impl.RoleInfo (RoleInfo.java:shutdownLeaderElection(134)) - bc0bc980-c963-48ce-962e-85091c893131: shutdown LeaderElection
2019-10-16 20:42:32,072 [bc0bc980-c963-48ce-962e-85091c893131@group-28ACFA97060E-LeaderElection248] INFO  impl.RoleInfo (RoleInfo.java:updateAndGet(143)) - bc0bc980-c963-48ce-962e-85091c893131: start FollowerState
2019-10-16 20:42:32,258 [Thread-2204] INFO  impl.FollowerState (FollowerState.java:run(108)) - bc0bc980-c963-48ce-962e-85091c893131@group-28ACFA97060E-FollowerState: change to CANDIDATE, lastRpcTime:185ms, electionTimeout:185ms
2019-10-16 20:42:32,258 [Thread-2204] INFO  impl.RoleInfo (RoleInfo.java:shutdownFollowerState(121)) - bc0bc980-c963-48ce-962e-85091c893131: shutdown FollowerState
2019-10-16 20:42:32,258 [Thread-2204] INFO  impl.RaftServerImpl (RaftServerImpl.java:setRole(184)) - bc0bc980-c963-48ce-962e-85091c893131@group-28ACFA97060E: changes role from  FOLLOWER to CANDIDATE at term 243 for changeToCandidate
2019-10-16 20:42:32,258 [Thread-2204] INFO  impl.RoleInfo (RoleInfo.java:updateAndGet(143)) - bc0bc980-c963-48ce-962e-85091c893131: start LeaderElection
2019-10-16 20:42:32,264 [bc0bc980-c963-48ce-962e-85091c893131@group-28ACFA97060E-LeaderElection249] INFO  impl.LeaderElection (LeaderElection.java:askForVotes(178)) - bc0bc980-c963-48ce-962e-85091c893131@group-28ACFA97060E-LeaderElection249: begin an election at term 244 for -1: [46069bd9-45fc-4c82-823c-36f07a1bcff0:192.168.157.254:34001, bc0bc980-c963-48ce-962e-85091c893131:192.168.157.254:46787, d612b743-bedc-4c3f-983e-e3329f8a2e6f:192.168.157.254:44523], old=null
2019-10-16 20:42:32,266 [grpc-default-executor-2] INFO  impl.RaftServerImpl (RaftServerImpl.java:setRole(184)) - 46069bd9-45fc-4c82-823c-36f07a1bcff0@group-28ACFA97060E: changes role from  FOLLOWER to FOLLOWER at term 244 for recognizeCandidate:bc0bc980-c963-48ce-962e-85091c893131
2019-10-16 20:42:32,266 [grpc-default-executor-2] INFO  impl.RoleInfo (RoleInfo.java:shutdownFollowerState(121)) - 46069bd9-45fc-4c82-823c-36f07a1bcff0: shutdown FollowerState
2019-10-16 20:42:32,266 [grpc-default-executor-0] INFO  impl.RaftServerImpl (RaftServerImpl.java:setRole(184)) - d612b743-bedc-4c3f-983e-e3329f8a2e6f@group-28ACFA97060E: changes role from  FOLLOWER to FOLLOWER at term 244 for recognizeCandidate:bc0bc980-c963-48ce-962e-85091c893131
2019-10-16 20:42:32,266 [Thread-2202] INFO  impl.FollowerState (FollowerState.java:run(117)) - 46069bd9-45fc-4c82-823c-36f07a1bcff0@group-28ACFA97060E-FollowerState was interrupted: java.lang.InterruptedException: sleep interrupted
2019-10-16 20:42:32,266 [grpc-default-executor-2] INFO  impl.RoleInfo (RoleInfo.java:updateAndGet(143)) - 46069bd9-45fc-4c82-823c-36f07a1bcff0: start FollowerState
2019-10-16 20:42:32,266 [grpc-default-executor-0] INFO  impl.RoleInfo (RoleInfo.java:shutdownFollowerState(121)) - d612b743-bedc-4c3f-983e-e3329f8a2e6f: shutdown FollowerState
2019-10-16 20:42:32,267 [grpc-default-executor-0] INFO  impl.RoleInfo (RoleInfo.java:updateAndGet(143)) - d612b743-bedc-4c3f-983e-e3329f8a2e6f: start FollowerState
2019-10-16 20:42:32,267 [Thread-2203] INFO  impl.FollowerState (FollowerState.java:run(117)) - d612b743-bedc-4c3f-983e-e3329f8a2e6f@group-28ACFA97060E-FollowerState was interrupted: java.lang.InterruptedException: sleep interrupted
2019-10-16 20:42:32,293 [bc0bc980-c963-48ce-962e-85091c893131@group-28ACFA97060E-LeaderElection249] INFO  impl.LeaderElection (LeaderElection.java:logAndReturn(56)) - bc0bc980-c963-48ce-962e-85091c893131@group-28ACFA97060E-LeaderElection249: Election REJECTED; received 2 response(s) [bc0bc980-c963-48ce-962e-85091c893131<-46069bd9-45fc-4c82-823c-36f07a1bcff0#0:FAIL-t244, bc0bc980-c963-48ce-962e-85091c893131<-d612b743-bedc-4c3f-983e-e3329f8a2e6f#0:FAIL-t244] and 0 exception(s); bc0bc980-c963-48ce-962e-85091c893131@group-28ACFA97060E:t244, leader=null, voted=bc0bc980-c963-48ce-962e-85091c893131, raftlog=bc0bc980-c963-48ce-962e-85091c893131@group-28ACFA97060E-SegmentedRaftLog:OPENED:c-1,f-1,i0, conf=-1: [46069bd9-45fc-4c82-823c-36f07a1bcff0:192.168.157.254:34001, bc0bc980-c963-48ce-962e-85091c893131:192.168.157.254:46787, d612b743-bedc-4c3f-983e-e3329f8a2e6f:192.168.157.254:44523], old=null
2019-10-16 20:42:32,293 [bc0bc980-c963-48ce-962e-85091c893131@group-28ACFA97060E-LeaderElection249] INFO  impl.RaftServerImpl (RaftServerImpl.java:setRole(184)) - bc0bc980-c963-48ce-962e-85091c893131@group-28ACFA97060E: changes role from CANDIDATE to FOLLOWER at term 244 for DISCOVERED_A_NEW_TERM
2019-10-16 20:42:32,294 [bc0bc980-c963-48ce-962e-85091c893131@group-28ACFA97060E-LeaderElection249] INFO  impl.RoleInfo (RoleInfo.java:shutdownLeaderElection(134)) - bc0bc980-c963-48ce-962e-85091c893131: shutdown LeaderElection
2019-10-16 20:42:32,294 [bc0bc980-c963-48ce-962e-85091c893131@group-28ACFA97060E-LeaderElection249] INFO  impl.RoleInfo (RoleInfo.java:updateAndGet(143)) - bc0bc980-c963-48ce-962e-85091c893131: start FollowerState
2019-10-16 20:42:32,312 [Thread-2210] INFO  impl.FollowerState (FollowerState.java:run(108)) - bc0bc980-c963-48ce-962e-85091c893131@group-28ACFA97060E-FollowerState: change to CANDIDATE, lastRpcTime:18ms, electionTimeout:18ms
2019-10-16 20:42:32,312 [Thread-2210] INFO  impl.RoleInfo (RoleInfo.java:shutdownFollowerState(121)) - bc0bc980-c963-48ce-962e-85091c893131: shutdown FollowerState
2019-10-16 20:42:32,312 [Thread-2210] INFO  impl.RaftServerImpl (RaftServerImpl.java:setRole(184)) - bc0bc980-c963-48ce-962e-85091c893131@group-28ACFA97060E: changes role from  FOLLOWER to CANDIDATE at term 244 for changeToCandidate
2019-10-16 20:42:32,312 [Thread-2210] INFO  impl.RoleInfo (RoleInfo.java:updateAndGet(143)) - bc0bc980-c963-48ce-962e-85091c893131: start LeaderElection
2019-10-16 20:42:32,335 [bc0bc980-c963-48ce-962e-85091c893131@group-28ACFA97060E-LeaderElection250] INFO  impl.LeaderElection (LeaderElection.java:askForVotes(178)) - bc0bc980-c963-48ce-962e-85091c893131@group-28ACFA97060E-LeaderElection250: begin an election at term 245 for -1: [46069bd9-45fc-4c82-823c-36f07a1bcff0:192.168.157.254:34001, bc0bc980-c963-48ce-962e-85091c893131:192.168.157.254:46787, d612b743-bedc-4c3f-983e-e3329f8a2e6f:192.168.157.254:44523], old=null
2019-10-16 20:42:32,337 [grpc-default-executor-2] INFO  impl.RaftServerImpl (RaftServerImpl.java:setRole(184)) - 46069bd9-45fc-4c82-823c-36f07a1bcff0@group-28ACFA97060E: changes role from  FOLLOWER to FOLLOWER at term 245 for recognizeCandidate:bc0bc980-c963-48ce-962e-85091c893131
2019-10-16 20:42:32,337 [grpc-default-executor-0] INFO  impl.RaftServerImpl (RaftServerImpl.java:setRole(184)) - d612b743-bedc-4c3f-983e-e3329f8a2e6f@group-28ACFA97060E: changes role from  FOLLOWER to FOLLOWER at term 245 for recognizeCandidate:bc0bc980-c963-48ce-962e-85091c893131
2019-10-16 20:42:32,337 [grpc-default-executor-0] INFO  impl.RoleInfo (RoleInfo.java:shutdownFollowerState(121)) - d612b743-bedc-4c3f-983e-e3329f8a2e6f: shutdown FollowerState
2019-10-16 20:42:32,337 [grpc-default-executor-2] INFO  impl.RoleInfo (RoleInfo.java:shutdownFollowerState(121)) - 46069bd9-45fc-4c82-823c-36f07a1bcff0: shutdown FollowerState
2019-10-16 20:42:32,338 [Thread-2209] INFO  impl.FollowerState (FollowerState.java:run(117)) - d612b743-bedc-4c3f-983e-e3329f8a2e6f@group-28ACFA97060E-FollowerState was interrupted: java.lang.InterruptedException: sleep interrupted
2019-10-16 20:42:32,338 [grpc-default-executor-0] INFO  impl.RoleInfo (RoleInfo.java:updateAndGet(143)) - d612b743-bedc-4c3f-983e-e3329f8a2e6f: start FollowerState
2019-10-16 20:42:32,338 [Thread-2208] INFO  impl.FollowerState (FollowerState.java:run(117)) - 46069bd9-45fc-4c82-823c-36f07a1bcff0@group-28ACFA97060E-FollowerState was interrupted: java.lang.InterruptedException: sleep interrupted
2019-10-16 20:42:32,338 [grpc-default-executor-2] INFO  impl.RoleInfo (RoleInfo.java:updateAndGet(143)) - 46069bd9-45fc-4c82-823c-36f07a1bcff0: start FollowerState
2019-10-16 20:42:32,354 [bc0bc980-c963-48ce-962e-85091c893131@group-28ACFA97060E-LeaderElection250] INFO  impl.LeaderElection (LeaderElection.java:logAndReturn(56)) - bc0bc980-c963-48ce-962e-85091c893131@group-28ACFA97060E-LeaderElection250: Election TIMEOUT; received 0 response(s) [] and 0 exception(s); bc0bc980-c963-48ce-962e-85091c893131@group-28ACFA97060E:t245, leader=null, voted=bc0bc980-c963-48ce-962e-85091c893131, raftlog=bc0bc980-c963-48ce-962e-85091c893131@group-28ACFA97060E-SegmentedRaftLog:OPENED:c-1,f-1,i0, conf=-1: [46069bd9-45fc-4c82-823c-36f07a1bcff0:192.168.157.254:34001, bc0bc980-c963-48ce-962e-85091c893131:192.168.157.254:46787, d612b743-bedc-4c3f-983e-e3329f8a2e6f:192.168.157.254:44523], old=null
2019-10-16 20:42:32,360 [bc0bc980-c963-48ce-962e-85091c893131@group-28ACFA97060E-LeaderElection250] INFO  impl.LeaderElection (LeaderElection.java:askForVotes(178)) - bc0bc980-c963-48ce-962e-85091c893131@group-28ACFA97060E-LeaderElection250: begin an election at term 246 for -1: [46069bd9-45fc-4c82-823c-36f07a1bcff0:192.168.157.254:34001, bc0bc980-c963-48ce-962e-85091c893131:192.168.157.254:46787, d612b743-bedc-4c3f-983e-e3329f8a2e6f:192.168.157.254:44523], old=null
2019-10-16 20:42:32,361 [grpc-default-executor-2] INFO  impl.RaftServerImpl (RaftServerImpl.java:setRole(184)) - 46069bd9-45fc-4c82-823c-36f07a1bcff0@group-28ACFA97060E: changes role from  FOLLOWER to FOLLOWER at term 246 for recognizeCandidate:bc0bc980-c963-48ce-962e-85091c893131
2019-10-16 20:42:32,361 [grpc-default-executor-0] INFO  impl.RaftServerImpl (RaftServerImpl.java:setRole(184)) - d612b743-bedc-4c3f-983e-e3329f8a2e6f@group-28ACFA97060E: changes role from  FOLLOWER to FOLLOWER at term 246 for recognizeCandidate:bc0bc980-c963-48ce-962e-85091c893131
2019-10-16 20:42:32,361 [grpc-default-executor-2] INFO  impl.RoleInfo (RoleInfo.java:shutdownFollowerState(121)) - 46069bd9-45fc-4c82-823c-36f07a1bcff0: shutdown FollowerState
2019-10-16 20:42:32,362 [grpc-default-executor-0] INFO  impl.RoleInfo (RoleInfo.java:shutdownFollowerState(121)) - d612b743-bedc-4c3f-983e-e3329f8a2e6f: shutdown FollowerState
2019-10-16 20:42:32,362 [grpc-default-executor-2] INFO  impl.RoleInfo (RoleInfo.java:updateAndGet(143)) - 46069bd9-45fc-4c82-823c-36f07a1bcff0: start FollowerState
2019-10-16 20:42:32,362 [Thread-2214] INFO  impl.FollowerState (FollowerState.java:run(117)) - d612b743-bedc-4c3f-983e-e3329f8a2e6f@group-28ACFA97060E-FollowerState was interrupted: java.lang.InterruptedException: sleep interrupted
2019-10-16 20:42:32,362 [grpc-default-executor-0] INFO  impl.RoleInfo (RoleInfo.java:updateAndGet(143)) - d612b743-bedc-4c3f-983e-e3329f8a2e6f: start FollowerState
2019-10-16 20:42:32,362 [Thread-2215] INFO  impl.FollowerState (FollowerState.java:run(117)) - 46069bd9-45fc-4c82-823c-36f07a1bcff0@group-28ACFA97060E-FollowerState was interrupted: java.lang.InterruptedException: sleep interrupted
2019-10-16 20:42:32,383 [bc0bc980-c963-48ce-962e-85091c893131@group-28ACFA97060E-LeaderElection250] INFO  impl.LeaderElection (LeaderElection.java:logAndReturn(56)) - bc0bc980-c963-48ce-962e-85091c893131@group-28ACFA97060E-LeaderElection250: Election REJECTED; received 2 response(s) [bc0bc980-c963-48ce-962e-85091c893131<-46069bd9-45fc-4c82-823c-36f07a1bcff0#0:FAIL-t246, bc0bc980-c963-48ce-962e-85091c893131<-d612b743-bedc-4c3f-983e-e3329f8a2e6f#0:FAIL-t246] and 0 exception(s); bc0bc980-c963-48ce-962e-85091c893131@group-28ACFA97060E:t246, leader=null, voted=bc0bc980-c963-48ce-962e-85091c893131, raftlog=bc0bc980-c963-48ce-962e-85091c893131@group-28ACFA97060E-SegmentedRaftLog:OPENED:c-1,f-1,i0, conf=-1: [46069bd9-45fc-4c82-823c-36f07a1bcff0:192.168.157.254:34001, bc0bc980-c963-48ce-962e-85091c893131:192.168.157.254:46787, d612b743-bedc-4c3f-983e-e3329f8a2e6f:192.168.157.254:44523], old=null
2019-10-16 20:42:32,383 [bc0bc980-c963-48ce-962e-85091c893131@group-28ACFA97060E-LeaderElection250] INFO  impl.RaftServerImpl (RaftServerImpl.java:setRole(184)) - bc0bc980-c963-48ce-962e-85091c893131@group-28ACFA97060E: changes role from CANDIDATE to FOLLOWER at term 246 for DISCOVERED_A_NEW_TERM
2019-10-16 20:42:32,383 [bc0bc980-c963-48ce-962e-85091c893131@group-28ACFA97060E-LeaderElection250] INFO  impl.RoleInfo (RoleInfo.java:shutdownLeaderElection(134)) - bc0bc980-c963-48ce-962e-85091c893131: shutdown LeaderElection
2019-10-16 20:42:32,383 [bc0bc980-c963-48ce-962e-85091c893131@group-28ACFA97060E-LeaderElection250] INFO  impl.RoleInfo (RoleInfo.java:updateAndGet(143)) - bc0bc980-c963-48ce-962e-85091c893131: start FollowerState
2019-10-16 20:42:32,473 [Thread-2220] INFO  impl.FollowerState (FollowerState.java:run(108)) - bc0bc980-c963-48ce-962e-85091c893131@group-28ACFA97060E-FollowerState: change to CANDIDATE, lastRpcTime:90ms, electionTimeout:90ms
2019-10-16 20:42:32,473 [Thread-2220] INFO  impl.RoleInfo (RoleInfo.java:shutdownFollowerState(121)) - bc0bc980-c963-48ce-962e-85091c893131: shutdown FollowerState
2019-10-16 20:42:32,474 [Thread-2220] INFO  impl.RaftServerImpl (RaftServerImpl.java:setRole(184)) - bc0bc980-c963-48ce-962e-85091c893131@group-28ACFA97060E: changes role from  FOLLOWER to CANDIDATE at term 246 for changeToCandidate
2019-10-16 20:42:32,474 [Thread-2220] INFO  impl.RoleInfo (RoleInfo.java:updateAndGet(143)) - bc0bc980-c963-48ce-962e-85091c893131: start LeaderElection
2019-10-16 20:42:32,482 [bc0bc980-c963-48ce-962e-85091c893131@group-28ACFA97060E-LeaderElection251] INFO  impl.LeaderElection (LeaderElection.java:askForVotes(178)) - bc0bc980-c963-48ce-962e-85091c893131@group-28ACFA97060E-LeaderElection251: begin an election at term 247 for -1: [46069bd9-45fc-4c82-823c-36f07a1bcff0:192.168.157.254:34001, bc0bc980-c963-48ce-962e-85091c893131:192.168.157.254:46787, d612b743-bedc-4c3f-983e-e3329f8a2e6f:192.168.157.254:44523], old=null
2019-10-16 20:42:32,484 [grpc-default-executor-2] INFO  impl.RaftServerImpl (RaftServerImpl.java:setRole(184)) - 46069bd9-45fc-4c82-823c-36f07a1bcff0@group-28ACFA97060E: changes role from  FOLLOWER to FOLLOWER at term 247 for recognizeCandidate:bc0bc980-c963-48ce-962e-85091c893131
2019-10-16 20:42:32,484 [grpc-default-executor-2] INFO  impl.RoleInfo (RoleInfo.java:shutdownFollowerState(121)) - 46069bd9-45fc-4c82-823c-36f07a1bcff0: shutdown FollowerState
2019-10-16 20:42:32,484 [grpc-default-executor-2] INFO  impl.RoleInfo (RoleInfo.java:updateAndGet(143)) - 46069bd9-45fc-4c82-823c-36f07a1bcff0: start FollowerState
2019-10-16 20:42:32,484 [Thread-2218] INFO  impl.FollowerState (FollowerState.java:run(117)) - 46069bd9-45fc-4c82-823c-36f07a1bcff0@group-28ACFA97060E-FollowerState was interrupted: java.lang.InterruptedException: sleep interrupted
2019-10-16 20:42:32,484 [grpc-default-executor-0] INFO  impl.RaftServerImpl (RaftServerImpl.java:setRole(184)) - d612b743-bedc-4c3f-983e-e3329f8a2e6f@group-28ACFA97060E: changes role from  FOLLOWER to FOLLOWER at term 247 for recognizeCandidate:bc0bc980-c963-48ce-962e-85091c893131
2019-10-16 20:42:32,485 [grpc-default-executor-0] INFO  impl.RoleInfo (RoleInfo.java:shutdownFollowerState(121)) - d612b743-bedc-4c3f-983e-e3329f8a2e6f: shutdown FollowerState
2019-10-16 20:42:32,485 [grpc-default-executor-0] INFO  impl.RoleInfo (RoleInfo.java:updateAndGet(143)) - d612b743-bedc-4c3f-983e-e3329f8a2e6f: start FollowerState
2019-10-16 20:42:32,485 [Thread-2219] INFO  impl.FollowerState (FollowerState.java:run(117)) - d612b743-bedc-4c3f-983e-e3329f8a2e6f@group-28ACFA97060E-FollowerState was interrupted: java.lang.InterruptedException: sleep interrupted
2019-10-16 20:42:32,511 [bc0bc980-c963-48ce-962e-85091c893131@group-28ACFA97060E-LeaderElection251] INFO  impl.LeaderElection (LeaderElection.java:logAndReturn(56)) - bc0bc980-c963-48ce-962e-85091c893131@group-28ACFA97060E-LeaderElection251: Election REJECTED; received 2 response(s) [bc0bc980-c963-48ce-962e-85091c893131<-46069bd9-45fc-4c82-823c-36f07a1bcff0#0:FAIL-t247, bc0bc980-c963-48ce-962e-85091c893131<-d612b743-bedc-4c3f-983e-e3329f8a2e6f#0:FAIL-t247] and 0 exception(s); bc0bc980-c963-48ce-962e-85091c893131@group-28ACFA97060E:t247, leader=null, voted=bc0bc980-c963-48ce-962e-85091c893131, raftlog=bc0bc980-c963-48ce-962e-85091c893131@group-28ACFA97060E-SegmentedRaftLog:OPENED:c-1,f-1,i0, conf=-1: [46069bd9-45fc-4c82-823c-36f07a1bcff0:192.168.157.254:34001, bc0bc980-c963-48ce-962e-85091c893131:192.168.157.254:46787, d612b743-bedc-4c3f-983e-e3329f8a2e6f:192.168.157.254:44523], old=null
2019-10-16 20:42:32,511 [bc0bc980-c963-48ce-962e-85091c893131@group-28ACFA97060E-LeaderElection251] INFO  impl.RaftServerImpl (RaftServerImpl.java:setRole(184)) - bc0bc980-c963-48ce-962e-85091c893131@group-28ACFA97060E: changes role from CANDIDATE to FOLLOWER at term 247 for DISCOVERED_A_NEW_TERM
2019-10-16 20:42:32,511 [bc0bc980-c963-48ce-962e-85091c893131@group-28ACFA97060E-LeaderElection251] INFO  impl.RoleInfo (RoleInfo.java:shutdownLeaderElection(134)) - bc0bc980-c963-48ce-962e-85091c893131: shutdown LeaderElection
2019-10-16 20:42:32,511 [bc0bc980-c963-48ce-962e-85091c893131@group-28ACFA97060E-LeaderElection251] INFO  impl.RoleInfo (RoleInfo.java:updateAndGet(143)) - bc0bc980-c963-48ce-962e-85091c893131: start FollowerState
2019-10-16 20:42:32,694 [main] INFO  ozone.MiniOzoneClusterImpl (MiniOzoneClusterImpl.java:shutdown(352)) - Shutting down the Mini Ozone Cluster
2019-10-16 20:42:32,695 [main] INFO  ozone.MiniOzoneClusterImpl (MiniOzoneClusterImpl.java:stop(368)) - Stopping the Mini Ozone Cluster
2019-10-16 20:42:32,695 [main] INFO  ozone.MiniOzoneClusterImpl (MiniOzoneClusterImpl.java:stopOM(438)) - Stopping the OzoneManager
2019-10-16 20:42:32,696 [main] INFO  ipc.Server (Server.java:stop(3082)) - Stopping server on 45184
2019-10-16 20:42:32,699 [IPC Server listener on 45184] INFO  ipc.Server (Server.java:run(1185)) - Stopping IPC Server listener on 45184
2019-10-16 20:42:32,699 [main] INFO  ratis.OzoneManagerDoubleBuffer (OzoneManagerDoubleBuffer.java:stop(250)) - Stopping OMDoubleBuffer flush thread
2019-10-16 20:42:32,700 [IPC Server Responder] INFO  ipc.Server (Server.java:run(1319)) - Stopping IPC Server Responder
2019-10-16 20:42:32,700 [OMDoubleBufferFlushThread] INFO  ratis.OzoneManagerDoubleBuffer (OzoneManagerDoubleBuffer.java:flushTransactions(193)) - OMDoubleBuffer flush thread OMDoubleBufferFlushThread is interrupted and will exit. OMDoubleBufferFlushThread
2019-10-16 20:42:32,701 [Thread-2226] INFO  impl.FollowerState (FollowerState.java:run(108)) - bc0bc980-c963-48ce-962e-85091c893131@group-28ACFA97060E-FollowerState: change to CANDIDATE, lastRpcTime:190ms, electionTimeout:189ms
2019-10-16 20:42:32,701 [Thread-2226] INFO  impl.RoleInfo (RoleInfo.java:shutdownFollowerState(121)) - bc0bc980-c963-48ce-962e-85091c893131: shutdown FollowerState
2019-10-16 20:42:32,701 [Thread-2226] INFO  impl.RaftServerImpl (RaftServerImpl.java:setRole(184)) - bc0bc980-c963-48ce-962e-85091c893131@group-28ACFA97060E: changes role from  FOLLOWER to CANDIDATE at term 247 for changeToCandidate
2019-10-16 20:42:32,701 [main] INFO  utils.BackgroundService (BackgroundService.java:shutdown(151)) - Shutting down service KeyDeletingService
2019-10-16 20:42:32,701 [Thread-2226] INFO  impl.RoleInfo (RoleInfo.java:updateAndGet(143)) - bc0bc980-c963-48ce-962e-85091c893131: start LeaderElection
2019-10-16 20:42:32,706 [main] INFO  handler.ContextHandler (ContextHandler.java:doStop(910)) - Stopped o.e.j.w.WebAppContext@4ec65aa5{/,null,UNAVAILABLE}{/ozoneManager}
2019-10-16 20:42:32,707 [main] INFO  server.AbstractConnector (AbstractConnector.java:doStop(318)) - Stopped ServerConnector@2fd09fc1{HTTP/1.1,[http/1.1]}{0.0.0.0:0}
2019-10-16 20:42:32,708 [main] INFO  handler.ContextHandler (ContextHandler.java:doStop(910)) - Stopped o.e.j.s.ServletContextHandler@4e7083d{/static,file:///workdir/hadoop-ozone/integration-test/target/test-classes/webapps/static,UNAVAILABLE}
2019-10-16 20:42:32,710 [main] INFO  handler.ContextHandler (ContextHandler.java:doStop(910)) - Stopped o.e.j.s.ServletContextHandler@6d05348c{/logs,file:///workdir/hadoop-ozone/integration-test/target/log,UNAVAILABLE}
2019-10-16 20:42:32,714 [main] INFO  ozone.MiniOzoneClusterImpl (MiniOzoneClusterImpl.java:stopDatanodes(415)) - Stopping the HddsDatanodes
2019-10-16 20:42:32,730 [bc0bc980-c963-48ce-962e-85091c893131@group-28ACFA97060E-LeaderElection252] INFO  impl.LeaderElection (LeaderElection.java:askForVotes(178)) - bc0bc980-c963-48ce-962e-85091c893131@group-28ACFA97060E-LeaderElection252: begin an election at term 248 for -1: [46069bd9-45fc-4c82-823c-36f07a1bcff0:192.168.157.254:34001, bc0bc980-c963-48ce-962e-85091c893131:192.168.157.254:46787, d612b743-bedc-4c3f-983e-e3329f8a2e6f:192.168.157.254:44523], old=null
2019-10-16 20:42:32,732 [grpc-default-executor-0] INFO  impl.RaftServerImpl (RaftServerImpl.java:setRole(184)) - 46069bd9-45fc-4c82-823c-36f07a1bcff0@group-28ACFA97060E: changes role from  FOLLOWER to FOLLOWER at term 248 for recognizeCandidate:bc0bc980-c963-48ce-962e-85091c893131
2019-10-16 20:42:32,732 [grpc-default-executor-2] INFO  impl.RaftServerImpl (RaftServerImpl.java:setRole(184)) - d612b743-bedc-4c3f-983e-e3329f8a2e6f@group-28ACFA97060E: changes role from  FOLLOWER to FOLLOWER at term 248 for recognizeCandidate:bc0bc980-c963-48ce-962e-85091c893131
2019-10-16 20:42:32,733 [grpc-default-executor-0] INFO  impl.RoleInfo (RoleInfo.java:shutdownFollowerState(121)) - 46069bd9-45fc-4c82-823c-36f07a1bcff0: shutdown FollowerState
2019-10-16 20:42:32,733 [grpc-default-executor-2] INFO  impl.RoleInfo (RoleInfo.java:shutdownFollowerState(121)) - d612b743-bedc-4c3f-983e-e3329f8a2e6f: shutdown FollowerState
2019-10-16 20:42:32,733 [Thread-2224] INFO  impl.FollowerState (FollowerState.java:run(117)) - 46069bd9-45fc-4c82-823c-36f07a1bcff0@group-28ACFA97060E-FollowerState was interrupted: java.lang.InterruptedException: sleep interrupted
2019-10-16 20:42:32,733 [grpc-default-executor-0] INFO  impl.RoleInfo (RoleInfo.java:updateAndGet(143)) - 46069bd9-45fc-4c82-823c-36f07a1bcff0: start FollowerState
2019-10-16 20:42:32,733 [Thread-2225] INFO  impl.FollowerState (FollowerState.java:run(117)) - d612b743-bedc-4c3f-983e-e3329f8a2e6f@group-28ACFA97060E-FollowerState was interrupted: java.lang.InterruptedException: sleep interrupted
2019-10-16 20:42:32,733 [grpc-default-executor-2] INFO  impl.RoleInfo (RoleInfo.java:updateAndGet(143)) - d612b743-bedc-4c3f-983e-e3329f8a2e6f: start FollowerState
2019-10-16 20:42:32,760 [bc0bc980-c963-48ce-962e-85091c893131@group-28ACFA97060E-LeaderElection252] INFO  impl.LeaderElection (LeaderElection.java:logAndReturn(56)) - bc0bc980-c963-48ce-962e-85091c893131@group-28ACFA97060E-LeaderElection252: Election REJECTED; received 2 response(s) [bc0bc980-c963-48ce-962e-85091c893131<-46069bd9-45fc-4c82-823c-36f07a1bcff0#0:FAIL-t248, bc0bc980-c963-48ce-962e-85091c893131<-d612b743-bedc-4c3f-983e-e3329f8a2e6f#0:FAIL-t248] and 0 exception(s); bc0bc980-c963-48ce-962e-85091c893131@group-28ACFA97060E:t248, leader=null, voted=bc0bc980-c963-48ce-962e-85091c893131, raftlog=bc0bc980-c963-48ce-962e-85091c893131@group-28ACFA97060E-SegmentedRaftLog:OPENED:c-1,f-1,i0, conf=-1: [46069bd9-45fc-4c82-823c-36f07a1bcff0:192.168.157.254:34001, bc0bc980-c963-48ce-962e-85091c893131:192.168.157.254:46787, d612b743-bedc-4c3f-983e-e3329f8a2e6f:192.168.157.254:44523], old=null
2019-10-16 20:42:32,760 [bc0bc980-c963-48ce-962e-85091c893131@group-28ACFA97060E-LeaderElection252] INFO  impl.RaftServerImpl (RaftServerImpl.java:setRole(184)) - bc0bc980-c963-48ce-962e-85091c893131@group-28ACFA97060E: changes role from CANDIDATE to FOLLOWER at term 248 for DISCOVERED_A_NEW_TERM
2019-10-16 20:42:32,760 [bc0bc980-c963-48ce-962e-85091c893131@group-28ACFA97060E-LeaderElection252] INFO  impl.RoleInfo (RoleInfo.java:shutdownLeaderElection(134)) - bc0bc980-c963-48ce-962e-85091c893131: shutdown LeaderElection
2019-10-16 20:42:32,760 [bc0bc980-c963-48ce-962e-85091c893131@group-28ACFA97060E-LeaderElection252] INFO  impl.RoleInfo (RoleInfo.java:updateAndGet(143)) - bc0bc980-c963-48ce-962e-85091c893131: start FollowerState
2019-10-16 20:42:32,948 [Thread-2232] INFO  impl.FollowerState (FollowerState.java:run(108)) - bc0bc980-c963-48ce-962e-85091c893131@group-28ACFA97060E-FollowerState: change to CANDIDATE, lastRpcTime:188ms, electionTimeout:188ms
2019-10-16 20:42:32,949 [Thread-2232] INFO  impl.RoleInfo (RoleInfo.java:shutdownFollowerState(121)) - bc0bc980-c963-48ce-962e-85091c893131: shutdown FollowerState
2019-10-16 20:42:32,949 [Thread-2232] INFO  impl.RaftServerImpl (RaftServerImpl.java:setRole(184)) - bc0bc980-c963-48ce-962e-85091c893131@group-28ACFA97060E: changes role from  FOLLOWER to CANDIDATE at term 248 for changeToCandidate
2019-10-16 20:42:32,949 [Thread-2232] INFO  impl.RoleInfo (RoleInfo.java:updateAndGet(143)) - bc0bc980-c963-48ce-962e-85091c893131: start LeaderElection
2019-10-16 20:42:32,957 [bc0bc980-c963-48ce-962e-85091c893131@group-28ACFA97060E-LeaderElection253] INFO  impl.LeaderElection (LeaderElection.java:askForVotes(178)) - bc0bc980-c963-48ce-962e-85091c893131@group-28ACFA97060E-LeaderElection253: begin an election at term 249 for -1: [46069bd9-45fc-4c82-823c-36f07a1bcff0:192.168.157.254:34001, bc0bc980-c963-48ce-962e-85091c893131:192.168.157.254:46787, d612b743-bedc-4c3f-983e-e3329f8a2e6f:192.168.157.254:44523], old=null
2019-10-16 20:42:32,959 [grpc-default-executor-0] INFO  impl.RaftServerImpl (RaftServerImpl.java:setRole(184)) - 46069bd9-45fc-4c82-823c-36f07a1bcff0@group-28ACFA97060E: changes role from  FOLLOWER to FOLLOWER at term 249 for recognizeCandidate:bc0bc980-c963-48ce-962e-85091c893131
2019-10-16 20:42:32,959 [grpc-default-executor-2] INFO  impl.RaftServerImpl (RaftServerImpl.java:setRole(184)) - d612b743-bedc-4c3f-983e-e3329f8a2e6f@group-28ACFA97060E: changes role from  FOLLOWER to FOLLOWER at term 249 for recognizeCandidate:bc0bc980-c963-48ce-962e-85091c893131
2019-10-16 20:42:32,959 [grpc-default-executor-0] INFO  impl.RoleInfo (RoleInfo.java:shutdownFollowerState(121)) - 46069bd9-45fc-4c82-823c-36f07a1bcff0: shutdown FollowerState
2019-10-16 20:42:32,959 [grpc-default-executor-2] INFO  impl.RoleInfo (RoleInfo.java:shutdownFollowerState(121)) - d612b743-bedc-4c3f-983e-e3329f8a2e6f: shutdown FollowerState
2019-10-16 20:42:32,959 [Thread-2230] INFO  impl.FollowerState (FollowerState.java:run(117)) - 46069bd9-45fc-4c82-823c-36f07a1bcff0@group-28ACFA97060E-FollowerState was interrupted: java.lang.InterruptedException: sleep interrupted
2019-10-16 20:42:32,959 [grpc-default-executor-0] INFO  impl.RoleInfo (RoleInfo.java:updateAndGet(143)) - 46069bd9-45fc-4c82-823c-36f07a1bcff0: start FollowerState
2019-10-16 20:42:32,959 [Thread-2231] INFO  impl.FollowerState (FollowerState.java:run(117)) - d612b743-bedc-4c3f-983e-e3329f8a2e6f@group-28ACFA97060E-FollowerState was interrupted: java.lang.InterruptedException: sleep interrupted
2019-10-16 20:42:32,959 [grpc-default-executor-2] INFO  impl.RoleInfo (RoleInfo.java:updateAndGet(143)) - d612b743-bedc-4c3f-983e-e3329f8a2e6f: start FollowerState
2019-10-16 20:42:32,973 [bc0bc980-c963-48ce-962e-85091c893131@group-28ACFA97060E-LeaderElection253] INFO  impl.LeaderElection (LeaderElection.java:logAndReturn(56)) - bc0bc980-c963-48ce-962e-85091c893131@group-28ACFA97060E-LeaderElection253: Election REJECTED; received 2 response(s) [bc0bc980-c963-48ce-962e-85091c893131<-46069bd9-45fc-4c82-823c-36f07a1bcff0#0:FAIL-t249, bc0bc980-c963-48ce-962e-85091c893131<-d612b743-bedc-4c3f-983e-e3329f8a2e6f#0:FAIL-t249] and 0 exception(s); bc0bc980-c963-48ce-962e-85091c893131@group-28ACFA97060E:t249, leader=null, voted=bc0bc980-c963-48ce-962e-85091c893131, raftlog=bc0bc980-c963-48ce-962e-85091c893131@group-28ACFA97060E-SegmentedRaftLog:OPENED:c-1,f-1,i0, conf=-1: [46069bd9-45fc-4c82-823c-36f07a1bcff0:192.168.157.254:34001, bc0bc980-c963-48ce-962e-85091c893131:192.168.157.254:46787, d612b743-bedc-4c3f-983e-e3329f8a2e6f:192.168.157.254:44523], old=null
2019-10-16 20:42:32,973 [bc0bc980-c963-48ce-962e-85091c893131@group-28ACFA97060E-LeaderElection253] INFO  impl.RaftServerImpl (RaftServerImpl.java:setRole(184)) - bc0bc980-c963-48ce-962e-85091c893131@group-28ACFA97060E: changes role from CANDIDATE to FOLLOWER at term 249 for DISCOVERED_A_NEW_TERM
2019-10-16 20:42:32,973 [bc0bc980-c963-48ce-962e-85091c893131@group-28ACFA97060E-LeaderElection253] INFO  impl.RoleInfo (RoleInfo.java:shutdownLeaderElection(134)) - bc0bc980-c963-48ce-962e-85091c893131: shutdown LeaderElection
2019-10-16 20:42:32,974 [bc0bc980-c963-48ce-962e-85091c893131@group-28ACFA97060E-LeaderElection253] INFO  impl.RoleInfo (RoleInfo.java:updateAndGet(143)) - bc0bc980-c963-48ce-962e-85091c893131: start FollowerState
2019-10-16 20:42:33,051 [Thread-2238] INFO  impl.FollowerState (FollowerState.java:run(108)) - bc0bc980-c963-48ce-962e-85091c893131@group-28ACFA97060E-FollowerState: change to CANDIDATE, lastRpcTime:77ms, electionTimeout:77ms
2019-10-16 20:42:33,051 [Thread-2238] INFO  impl.RoleInfo (RoleInfo.java:shutdownFollowerState(121)) - bc0bc980-c963-48ce-962e-85091c893131: shutdown FollowerState
2019-10-16 20:42:33,051 [Thread-2238] INFO  impl.RaftServerImpl (RaftServerImpl.java:setRole(184)) - bc0bc980-c963-48ce-962e-85091c893131@group-28ACFA97060E: changes role from  FOLLOWER to CANDIDATE at term 249 for changeToCandidate
2019-10-16 20:42:33,052 [Thread-2238] INFO  impl.RoleInfo (RoleInfo.java:updateAndGet(143)) - bc0bc980-c963-48ce-962e-85091c893131: start LeaderElection
2019-10-16 20:42:33,058 [bc0bc980-c963-48ce-962e-85091c893131@group-28ACFA97060E-LeaderElection254] INFO  impl.LeaderElection (LeaderElection.java:askForVotes(178)) - bc0bc980-c963-48ce-962e-85091c893131@group-28ACFA97060E-LeaderElection254: begin an election at term 250 for -1: [46069bd9-45fc-4c82-823c-36f07a1bcff0:192.168.157.254:34001, bc0bc980-c963-48ce-962e-85091c893131:192.168.157.254:46787, d612b743-bedc-4c3f-983e-e3329f8a2e6f:192.168.157.254:44523], old=null
2019-10-16 20:42:33,060 [grpc-default-executor-2] INFO  impl.RaftServerImpl (RaftServerImpl.java:setRole(184)) - 46069bd9-45fc-4c82-823c-36f07a1bcff0@group-28ACFA97060E: changes role from  FOLLOWER to FOLLOWER at term 250 for recognizeCandidate:bc0bc980-c963-48ce-962e-85091c893131
2019-10-16 20:42:33,060 [grpc-default-executor-2] INFO  impl.RoleInfo (RoleInfo.java:shutdownFollowerState(121)) - 46069bd9-45fc-4c82-823c-36f07a1bcff0: shutdown FollowerState
2019-10-16 20:42:33,060 [grpc-default-executor-2] INFO  impl.RoleInfo (RoleInfo.java:updateAndGet(143)) - 46069bd9-45fc-4c82-823c-36f07a1bcff0: start FollowerState
2019-10-16 20:42:33,060 [Thread-2236] INFO  impl.FollowerState (FollowerState.java:run(117)) - 46069bd9-45fc-4c82-823c-36f07a1bcff0@group-28ACFA97060E-FollowerState was interrupted: java.lang.InterruptedException: sleep interrupted
2019-10-16 20:42:33,060 [grpc-default-executor-0] INFO  impl.RaftServerImpl (RaftServerImpl.java:setRole(184)) - d612b743-bedc-4c3f-983e-e3329f8a2e6f@group-28ACFA97060E: changes role from  FOLLOWER to FOLLOWER at term 250 for recognizeCandidate:bc0bc980-c963-48ce-962e-85091c893131
2019-10-16 20:42:33,061 [grpc-default-executor-0] INFO  impl.RoleInfo (RoleInfo.java:shutdownFollowerState(121)) - d612b743-bedc-4c3f-983e-e3329f8a2e6f: shutdown FollowerState
2019-10-16 20:42:33,061 [bc0bc980-c963-48ce-962e-85091c893131@group-28ACFA97060E-LeaderElection254] INFO  impl.LeaderElection (LeaderElection.java:logAndReturn(56)) - bc0bc980-c963-48ce-962e-85091c893131@group-28ACFA97060E-LeaderElection254: Election TIMEOUT; received 0 response(s) [] and 0 exception(s); bc0bc980-c963-48ce-962e-85091c893131@group-28ACFA97060E:t250, leader=null, voted=bc0bc980-c963-48ce-962e-85091c893131, raftlog=bc0bc980-c963-48ce-962e-85091c893131@group-28ACFA97060E-SegmentedRaftLog:OPENED:c-1,f-1,i0, conf=-1: [46069bd9-45fc-4c82-823c-36f07a1bcff0:192.168.157.254:34001, bc0bc980-c963-48ce-962e-85091c893131:192.168.157.254:46787, d612b743-bedc-4c3f-983e-e3329f8a2e6f:192.168.157.254:44523], old=null
2019-10-16 20:42:33,061 [grpc-default-executor-0] INFO  impl.RoleInfo (RoleInfo.java:updateAndGet(143)) - d612b743-bedc-4c3f-983e-e3329f8a2e6f: start FollowerState
2019-10-16 20:42:33,061 [Thread-2237] INFO  impl.FollowerState (FollowerState.java:run(117)) - d612b743-bedc-4c3f-983e-e3329f8a2e6f@group-28ACFA97060E-FollowerState was interrupted: java.lang.InterruptedException: sleep interrupted
2019-10-16 20:42:33,074 [bc0bc980-c963-48ce-962e-85091c893131@group-28ACFA97060E-LeaderElection254] INFO  impl.LeaderElection (LeaderElection.java:askForVotes(178)) - bc0bc980-c963-48ce-962e-85091c893131@group-28ACFA97060E-LeaderElection254: begin an election at term 251 for -1: [46069bd9-45fc-4c82-823c-36f07a1bcff0:192.168.157.254:34001, bc0bc980-c963-48ce-962e-85091c893131:192.168.157.254:46787, d612b743-bedc-4c3f-983e-e3329f8a2e6f:192.168.157.254:44523], old=null
2019-10-16 20:42:33,076 [grpc-default-executor-2] INFO  impl.RaftServerImpl (RaftServerImpl.java:setRole(184)) - d612b743-bedc-4c3f-983e-e3329f8a2e6f@group-28ACFA97060E: changes role from  FOLLOWER to FOLLOWER at term 251 for recognizeCandidate:bc0bc980-c963-48ce-962e-85091c893131
2019-10-16 20:42:33,076 [grpc-default-executor-0] INFO  impl.RaftServerImpl (RaftServerImpl.java:setRole(184)) - 46069bd9-45fc-4c82-823c-36f07a1bcff0@group-28ACFA97060E: changes role from  FOLLOWER to FOLLOWER at term 251 for recognizeCandidate:bc0bc980-c963-48ce-962e-85091c893131
2019-10-16 20:42:33,076 [grpc-default-executor-2] INFO  impl.RoleInfo (RoleInfo.java:shutdownFollowerState(121)) - d612b743-bedc-4c3f-983e-e3329f8a2e6f: shutdown FollowerState
2019-10-16 20:42:33,076 [grpc-default-executor-0] INFO  impl.RoleInfo (RoleInfo.java:shutdownFollowerState(121)) - 46069bd9-45fc-4c82-823c-36f07a1bcff0: shutdown FollowerState
2019-10-16 20:42:33,076 [Thread-2243] INFO  impl.FollowerState (FollowerState.java:run(117)) - d612b743-bedc-4c3f-983e-e3329f8a2e6f@group-28ACFA97060E-FollowerState was interrupted: java.lang.InterruptedException: sleep interrupted
2019-10-16 20:42:33,076 [grpc-default-executor-2] INFO  impl.RoleInfo (RoleInfo.java:updateAndGet(143)) - d612b743-bedc-4c3f-983e-e3329f8a2e6f: start FollowerState
2019-10-16 20:42:33,076 [Thread-2242] INFO  impl.FollowerState (FollowerState.java:run(117)) - 46069bd9-45fc-4c82-823c-36f07a1bcff0@group-28ACFA97060E-FollowerState was interrupted: java.lang.InterruptedException: sleep interrupted
2019-10-16 20:42:33,076 [grpc-default-executor-0] INFO  impl.RoleInfo (RoleInfo.java:updateAndGet(143)) - 46069bd9-45fc-4c82-823c-36f07a1bcff0: start FollowerState
2019-10-16 20:42:33,091 [bc0bc980-c963-48ce-962e-85091c893131@group-28ACFA97060E-LeaderElection254] INFO  impl.LeaderElection (LeaderElection.java:logAndReturn(56)) - bc0bc980-c963-48ce-962e-85091c893131@group-28ACFA97060E-LeaderElection254: Election REJECTED; received 2 response(s) [bc0bc980-c963-48ce-962e-85091c893131<-46069bd9-45fc-4c82-823c-36f07a1bcff0#0:FAIL-t251, bc0bc980-c963-48ce-962e-85091c893131<-d612b743-bedc-4c3f-983e-e3329f8a2e6f#0:FAIL-t251] and 0 exception(s); bc0bc980-c963-48ce-962e-85091c893131@group-28ACFA97060E:t251, leader=null, voted=bc0bc980-c963-48ce-962e-85091c893131, raftlog=bc0bc980-c963-48ce-962e-85091c893131@group-28ACFA97060E-SegmentedRaftLog:OPENED:c-1,f-1,i0, conf=-1: [46069bd9-45fc-4c82-823c-36f07a1bcff0:192.168.157.254:34001, bc0bc980-c963-48ce-962e-85091c893131:192.168.157.254:46787, d612b743-bedc-4c3f-983e-e3329f8a2e6f:192.168.157.254:44523], old=null
2019-10-16 20:42:33,091 [bc0bc980-c963-48ce-962e-85091c893131@group-28ACFA97060E-LeaderElection254] INFO  impl.RaftServerImpl (RaftServerImpl.java:setRole(184)) - bc0bc980-c963-48ce-962e-85091c893131@group-28ACFA97060E: changes role from CANDIDATE to FOLLOWER at term 251 for DISCOVERED_A_NEW_TERM
2019-10-16 20:42:33,091 [bc0bc980-c963-48ce-962e-85091c893131@group-28ACFA97060E-LeaderElection254] INFO  impl.RoleInfo (RoleInfo.java:shutdownLeaderElection(134)) - bc0bc980-c963-48ce-962e-85091c893131: shutdown LeaderElection
2019-10-16 20:42:33,091 [bc0bc980-c963-48ce-962e-85091c893131@group-28ACFA97060E-LeaderElection254] INFO  impl.RoleInfo (RoleInfo.java:updateAndGet(143)) - bc0bc980-c963-48ce-962e-85091c893131: start FollowerState
2019-10-16 20:42:33,205 [Thread-2248] INFO  impl.FollowerState (FollowerState.java:run(108)) - bc0bc980-c963-48ce-962e-85091c893131@group-28ACFA97060E-FollowerState: change to CANDIDATE, lastRpcTime:113ms, electionTimeout:113ms
2019-10-16 20:42:33,205 [Thread-2248] INFO  impl.RoleInfo (RoleInfo.java:shutdownFollowerState(121)) - bc0bc980-c963-48ce-962e-85091c893131: shutdown FollowerState
2019-10-16 20:42:33,205 [Thread-2248] INFO  impl.RaftServerImpl (RaftServerImpl.java:setRole(184)) - bc0bc980-c963-48ce-962e-85091c893131@group-28ACFA97060E: changes role from  FOLLOWER to CANDIDATE at term 251 for changeToCandidate
2019-10-16 20:42:33,205 [Thread-2248] INFO  impl.RoleInfo (RoleInfo.java:updateAndGet(143)) - bc0bc980-c963-48ce-962e-85091c893131: start LeaderElection
2019-10-16 20:42:33,224 [bc0bc980-c963-48ce-962e-85091c893131@group-28ACFA97060E-LeaderElection255] INFO  impl.LeaderElection (LeaderElection.java:askForVotes(178)) - bc0bc980-c963-48ce-962e-85091c893131@group-28ACFA97060E-LeaderElection255: begin an election at term 252 for -1: [46069bd9-45fc-4c82-823c-36f07a1bcff0:192.168.157.254:34001, bc0bc980-c963-48ce-962e-85091c893131:192.168.157.254:46787, d612b743-bedc-4c3f-983e-e3329f8a2e6f:192.168.157.254:44523], old=null
2019-10-16 20:42:33,225 [grpc-default-executor-0] INFO  impl.RaftServerImpl (RaftServerImpl.java:setRole(184)) - d612b743-bedc-4c3f-983e-e3329f8a2e6f@group-28ACFA97060E: changes role from  FOLLOWER to FOLLOWER at term 252 for recognizeCandidate:bc0bc980-c963-48ce-962e-85091c893131
2019-10-16 20:42:33,225 [grpc-default-executor-2] INFO  impl.RaftServerImpl (RaftServerImpl.java:setRole(184)) - 46069bd9-45fc-4c82-823c-36f07a1bcff0@group-28ACFA97060E: changes role from  FOLLOWER to FOLLOWER at term 252 for recognizeCandidate:bc0bc980-c963-48ce-962e-85091c893131
2019-10-16 20:42:33,226 [grpc-default-executor-0] INFO  impl.RoleInfo (RoleInfo.java:shutdownFollowerState(121)) - d612b743-bedc-4c3f-983e-e3329f8a2e6f: shutdown FollowerState
2019-10-16 20:42:33,226 [grpc-default-executor-2] INFO  impl.RoleInfo (RoleInfo.java:shutdownFollowerState(121)) - 46069bd9-45fc-4c82-823c-36f07a1bcff0: shutdown FollowerState
2019-10-16 20:42:33,226 [Thread-2246] INFO  impl.FollowerState (FollowerState.java:run(117)) - d612b743-bedc-4c3f-983e-e3329f8a2e6f@group-28ACFA97060E-FollowerState was interrupted: java.lang.InterruptedException: sleep interrupted
2019-10-16 20:42:33,226 [grpc-default-executor-0] INFO  impl.RoleInfo (RoleInfo.java:updateAndGet(143)) - d612b743-bedc-4c3f-983e-e3329f8a2e6f: start FollowerState
2019-10-16 20:42:33,226 [grpc-default-executor-2] INFO  impl.RoleInfo (RoleInfo.java:updateAndGet(143)) - 46069bd9-45fc-4c82-823c-36f07a1bcff0: start FollowerState
2019-10-16 20:42:33,226 [Thread-2247] INFO  impl.FollowerState (FollowerState.java:run(117)) - 46069bd9-45fc-4c82-823c-36f07a1bcff0@group-28ACFA97060E-FollowerState was interrupted: java.lang.InterruptedException: sleep interrupted
2019-10-16 20:42:33,259 [bc0bc980-c963-48ce-962e-85091c893131@group-28ACFA97060E-LeaderElection255] INFO  impl.LeaderElection (LeaderElection.java:logAndReturn(56)) - bc0bc980-c963-48ce-962e-85091c893131@group-28ACFA97060E-LeaderElection255: Election REJECTED; received 2 response(s) [bc0bc980-c963-48ce-962e-85091c893131<-46069bd9-45fc-4c82-823c-36f07a1bcff0#0:FAIL-t252, bc0bc980-c963-48ce-962e-85091c893131<-d612b743-bedc-4c3f-983e-e3329f8a2e6f#0:FAIL-t252] and 0 exception(s); bc0bc980-c963-48ce-962e-85091c893131@group-28ACFA97060E:t252, leader=null, voted=bc0bc980-c963-48ce-962e-85091c893131, raftlog=bc0bc980-c963-48ce-962e-85091c893131@group-28ACFA97060E-SegmentedRaftLog:OPENED:c-1,f-1,i0, conf=-1: [46069bd9-45fc-4c82-823c-36f07a1bcff0:192.168.157.254:34001, bc0bc980-c963-48ce-962e-85091c893131:192.168.157.254:46787, d612b743-bedc-4c3f-983e-e3329f8a2e6f:192.168.157.254:44523], old=null
2019-10-16 20:42:33,259 [bc0bc980-c963-48ce-962e-85091c893131@group-28ACFA97060E-LeaderElection255] INFO  impl.RaftServerImpl (RaftServerImpl.java:setRole(184)) - bc0bc980-c963-48ce-962e-85091c893131@group-28ACFA97060E: changes role from CANDIDATE to FOLLOWER at term 252 for DISCOVERED_A_NEW_TERM
2019-10-16 20:42:33,259 [bc0bc980-c963-48ce-962e-85091c893131@group-28ACFA97060E-LeaderElection255] INFO  impl.RoleInfo (RoleInfo.java:shutdownLeaderElection(134)) - bc0bc980-c963-48ce-962e-85091c893131: shutdown LeaderElection
2019-10-16 20:42:33,259 [bc0bc980-c963-48ce-962e-85091c893131@group-28ACFA97060E-LeaderElection255] INFO  impl.RoleInfo (RoleInfo.java:updateAndGet(143)) - bc0bc980-c963-48ce-962e-85091c893131: start FollowerState
2019-10-16 20:42:33,280 [Thread-2254] INFO  impl.FollowerState (FollowerState.java:run(108)) - bc0bc980-c963-48ce-962e-85091c893131@group-28ACFA97060E-FollowerState: change to CANDIDATE, lastRpcTime:20ms, electionTimeout:20ms
2019-10-16 20:42:33,280 [Thread-2254] INFO  impl.RoleInfo (RoleInfo.java:shutdownFollowerState(121)) - bc0bc980-c963-48ce-962e-85091c893131: shutdown FollowerState
2019-10-16 20:42:33,280 [Thread-2254] INFO  impl.RaftServerImpl (RaftServerImpl.java:setRole(184)) - bc0bc980-c963-48ce-962e-85091c893131@group-28ACFA97060E: changes role from  FOLLOWER to CANDIDATE at term 252 for changeToCandidate
2019-10-16 20:42:33,280 [Thread-2254] INFO  impl.RoleInfo (RoleInfo.java:updateAndGet(143)) - bc0bc980-c963-48ce-962e-85091c893131: start LeaderElection
2019-10-16 20:42:33,294 [bc0bc980-c963-48ce-962e-85091c893131@group-28ACFA97060E-LeaderElection256] INFO  impl.LeaderElection (LeaderElection.java:askForVotes(178)) - bc0bc980-c963-48ce-962e-85091c893131@group-28ACFA97060E-LeaderElection256: begin an election at term 253 for -1: [46069bd9-45fc-4c82-823c-36f07a1bcff0:192.168.157.254:34001, bc0bc980-c963-48ce-962e-85091c893131:192.168.157.254:46787, d612b743-bedc-4c3f-983e-e3329f8a2e6f:192.168.157.254:44523], old=null
2019-10-16 20:42:33,295 [grpc-default-executor-2] INFO  impl.RaftServerImpl (RaftServerImpl.java:setRole(184)) - 46069bd9-45fc-4c82-823c-36f07a1bcff0@group-28ACFA97060E: changes role from  FOLLOWER to FOLLOWER at term 253 for recognizeCandidate:bc0bc980-c963-48ce-962e-85091c893131
2019-10-16 20:42:33,296 [grpc-default-executor-0] INFO  impl.RaftServerImpl (RaftServerImpl.java:setRole(184)) - d612b743-bedc-4c3f-983e-e3329f8a2e6f@group-28ACFA97060E: changes role from  FOLLOWER to FOLLOWER at term 253 for recognizeCandidate:bc0bc980-c963-48ce-962e-85091c893131
2019-10-16 20:42:33,296 [grpc-default-executor-0] INFO  impl.RoleInfo (RoleInfo.java:shutdownFollowerState(121)) - d612b743-bedc-4c3f-983e-e3329f8a2e6f: shutdown FollowerState
2019-10-16 20:42:33,296 [grpc-default-executor-2] INFO  impl.RoleInfo (RoleInfo.java:shutdownFollowerState(121)) - 46069bd9-45fc-4c82-823c-36f07a1bcff0: shutdown FollowerState
2019-10-16 20:42:33,296 [Thread-2252] INFO  impl.FollowerState (FollowerState.java:run(117)) - d612b743-bedc-4c3f-983e-e3329f8a2e6f@group-28ACFA97060E-FollowerState was interrupted: java.lang.InterruptedException: sleep interrupted
2019-10-16 20:42:33,296 [grpc-default-executor-0] INFO  impl.RoleInfo (RoleInfo.java:updateAndGet(143)) - d612b743-bedc-4c3f-983e-e3329f8a2e6f: start FollowerState
2019-10-16 20:42:33,296 [grpc-default-executor-2] INFO  impl.RoleInfo (RoleInfo.java:updateAndGet(143)) - 46069bd9-45fc-4c82-823c-36f07a1bcff0: start FollowerState
2019-10-16 20:42:33,296 [Thread-2253] INFO  impl.FollowerState (FollowerState.java:run(117)) - 46069bd9-45fc-4c82-823c-36f07a1bcff0@group-28ACFA97060E-FollowerState was interrupted: java.lang.InterruptedException: sleep interrupted
2019-10-16 20:42:33,312 [bc0bc980-c963-48ce-962e-85091c893131@group-28ACFA97060E-LeaderElection256] INFO  impl.LeaderElection (LeaderElection.java:logAndReturn(56)) - bc0bc980-c963-48ce-962e-85091c893131@group-28ACFA97060E-LeaderElection256: Election REJECTED; received 2 response(s) [bc0bc980-c963-48ce-962e-85091c893131<-46069bd9-45fc-4c82-823c-36f07a1bcff0#0:FAIL-t253, bc0bc980-c963-48ce-962e-85091c893131<-d612b743-bedc-4c3f-983e-e3329f8a2e6f#0:FAIL-t253] and 0 exception(s); bc0bc980-c963-48ce-962e-85091c893131@group-28ACFA97060E:t253, leader=null, voted=bc0bc980-c963-48ce-962e-85091c893131, raftlog=bc0bc980-c963-48ce-962e-85091c893131@group-28ACFA97060E-SegmentedRaftLog:OPENED:c-1,f-1,i0, conf=-1: [46069bd9-45fc-4c82-823c-36f07a1bcff0:192.168.157.254:34001, bc0bc980-c963-48ce-962e-85091c893131:192.168.157.254:46787, d612b743-bedc-4c3f-983e-e3329f8a2e6f:192.168.157.254:44523], old=null
2019-10-16 20:42:33,312 [bc0bc980-c963-48ce-962e-85091c893131@group-28ACFA97060E-LeaderElection256] INFO  impl.RaftServerImpl (RaftServerImpl.java:setRole(184)) - bc0bc980-c963-48ce-962e-85091c893131@group-28ACFA97060E: changes role from CANDIDATE to FOLLOWER at term 253 for DISCOVERED_A_NEW_TERM
2019-10-16 20:42:33,312 [bc0bc980-c963-48ce-962e-85091c893131@group-28ACFA97060E-LeaderElection256] INFO  impl.RoleInfo (RoleInfo.java:shutdownLeaderElection(134)) - bc0bc980-c963-48ce-962e-85091c893131: shutdown LeaderElection
2019-10-16 20:42:33,312 [bc0bc980-c963-48ce-962e-85091c893131@group-28ACFA97060E-LeaderElection256] INFO  impl.RoleInfo (RoleInfo.java:updateAndGet(143)) - bc0bc980-c963-48ce-962e-85091c893131: start FollowerState
2019-10-16 20:42:33,362 [Thread-2260] INFO  impl.FollowerState (FollowerState.java:run(108)) - bc0bc980-c963-48ce-962e-85091c893131@group-28ACFA97060E-FollowerState: change to CANDIDATE, lastRpcTime:50ms, electionTimeout:50ms
2019-10-16 20:42:33,363 [Thread-2260] INFO  impl.RoleInfo (RoleInfo.java:shutdownFollowerState(121)) - bc0bc980-c963-48ce-962e-85091c893131: shutdown FollowerState
2019-10-16 20:42:33,363 [Thread-2260] INFO  impl.RaftServerImpl (RaftServerImpl.java:setRole(184)) - bc0bc980-c963-48ce-962e-85091c893131@group-28ACFA97060E: changes role from  FOLLOWER to CANDIDATE at term 253 for changeToCandidate
2019-10-16 20:42:33,363 [Thread-2260] INFO  impl.RoleInfo (RoleInfo.java:updateAndGet(143)) - bc0bc980-c963-48ce-962e-85091c893131: start LeaderElection
2019-10-16 20:42:33,371 [bc0bc980-c963-48ce-962e-85091c893131@group-28ACFA97060E-LeaderElection257] INFO  impl.LeaderElection (LeaderElection.java:askForVotes(178)) - bc0bc980-c963-48ce-962e-85091c893131@group-28ACFA97060E-LeaderElection257: begin an election at term 254 for -1: [46069bd9-45fc-4c82-823c-36f07a1bcff0:192.168.157.254:34001, bc0bc980-c963-48ce-962e-85091c893131:192.168.157.254:46787, d612b743-bedc-4c3f-983e-e3329f8a2e6f:192.168.157.254:44523], old=null
2019-10-16 20:42:33,373 [grpc-default-executor-2] INFO  impl.RaftServerImpl (RaftServerImpl.java:setRole(184)) - 46069bd9-45fc-4c82-823c-36f07a1bcff0@group-28ACFA97060E: changes role from  FOLLOWER to FOLLOWER at term 254 for recognizeCandidate:bc0bc980-c963-48ce-962e-85091c893131
2019-10-16 20:42:33,373 [grpc-default-executor-0] INFO  impl.RaftServerImpl (RaftServerImpl.java:setRole(184)) - d612b743-bedc-4c3f-983e-e3329f8a2e6f@group-28ACFA97060E: changes role from  FOLLOWER to FOLLOWER at term 254 for recognizeCandidate:bc0bc980-c963-48ce-962e-85091c893131
2019-10-16 20:42:33,373 [grpc-default-executor-2] INFO  impl.RoleInfo (RoleInfo.java:shutdownFollowerState(121)) - 46069bd9-45fc-4c82-823c-36f07a1bcff0: shutdown FollowerState
2019-10-16 20:42:33,373 [grpc-default-executor-0] INFO  impl.RoleInfo (RoleInfo.java:shutdownFollowerState(121)) - d612b743-bedc-4c3f-983e-e3329f8a2e6f: shutdown FollowerState
2019-10-16 20:42:33,373 [Thread-2259] INFO  impl.FollowerState (FollowerState.java:run(117)) - 46069bd9-45fc-4c82-823c-36f07a1bcff0@group-28ACFA97060E-FollowerState was interrupted: java.lang.InterruptedException: sleep interrupted
2019-10-16 20:42:33,373 [grpc-default-executor-2] INFO  impl.RoleInfo (RoleInfo.java:updateAndGet(143)) - 46069bd9-45fc-4c82-823c-36f07a1bcff0: start FollowerState
2019-10-16 20:42:33,374 [Thread-2258] INFO  impl.FollowerState (FollowerState.java:run(117)) - d612b743-bedc-4c3f-983e-e3329f8a2e6f@group-28ACFA97060E-FollowerState was interrupted: java.lang.InterruptedException: sleep interrupted
2019-10-16 20:42:33,374 [grpc-default-executor-0] INFO  impl.RoleInfo (RoleInfo.java:updateAndGet(143)) - d612b743-bedc-4c3f-983e-e3329f8a2e6f: start FollowerState
2019-10-16 20:42:33,398 [bc0bc980-c963-48ce-962e-85091c893131@group-28ACFA97060E-LeaderElection257] INFO  impl.LeaderElection (LeaderElection.java:logAndReturn(56)) - bc0bc980-c963-48ce-962e-85091c893131@group-28ACFA97060E-LeaderElection257: Election REJECTED; received 2 response(s) [bc0bc980-c963-48ce-962e-85091c893131<-46069bd9-45fc-4c82-823c-36f07a1bcff0#0:FAIL-t254, bc0bc980-c963-48ce-962e-85091c893131<-d612b743-bedc-4c3f-983e-e3329f8a2e6f#0:FAIL-t254] and 0 exception(s); bc0bc980-c963-48ce-962e-85091c893131@group-28ACFA97060E:t254, leader=null, voted=bc0bc980-c963-48ce-962e-85091c893131, raftlog=bc0bc980-c963-48ce-962e-85091c893131@group-28ACFA97060E-SegmentedRaftLog:OPENED:c-1,f-1,i0, conf=-1: [46069bd9-45fc-4c82-823c-36f07a1bcff0:192.168.157.254:34001, bc0bc980-c963-48ce-962e-85091c893131:192.168.157.254:46787, d612b743-bedc-4c3f-983e-e3329f8a2e6f:192.168.157.254:44523], old=null
2019-10-16 20:42:33,398 [bc0bc980-c963-48ce-962e-85091c893131@group-28ACFA97060E-LeaderElection257] INFO  impl.RaftServerImpl (RaftServerImpl.java:setRole(184)) - bc0bc980-c963-48ce-962e-85091c893131@group-28ACFA97060E: changes role from CANDIDATE to FOLLOWER at term 254 for DISCOVERED_A_NEW_TERM
2019-10-16 20:42:33,398 [bc0bc980-c963-48ce-962e-85091c893131@group-28ACFA97060E-LeaderElection257] INFO  impl.RoleInfo (RoleInfo.java:shutdownLeaderElection(134)) - bc0bc980-c963-48ce-962e-85091c893131: shutdown LeaderElection
2019-10-16 20:42:33,399 [bc0bc980-c963-48ce-962e-85091c893131@group-28ACFA97060E-LeaderElection257] INFO  impl.RoleInfo (RoleInfo.java:updateAndGet(143)) - bc0bc980-c963-48ce-962e-85091c893131: start FollowerState
2019-10-16 20:42:33,407 [Datanode State Machine Thread - 0] INFO  statemachine.DatanodeStateMachine (DatanodeStateMachine.java:lambda$startDaemon$0(350)) - Ozone container server started.
2019-10-16 20:42:33,595 [Thread-2266] INFO  impl.FollowerState (FollowerState.java:run(108)) - bc0bc980-c963-48ce-962e-85091c893131@group-28ACFA97060E-FollowerState: change to CANDIDATE, lastRpcTime:196ms, electionTimeout:196ms
2019-10-16 20:42:33,595 [Thread-2266] INFO  impl.RoleInfo (RoleInfo.java:shutdownFollowerState(121)) - bc0bc980-c963-48ce-962e-85091c893131: shutdown FollowerState
2019-10-16 20:42:33,595 [Thread-2266] INFO  impl.RaftServerImpl (RaftServerImpl.java:setRole(184)) - bc0bc980-c963-48ce-962e-85091c893131@group-28ACFA97060E: changes role from  FOLLOWER to CANDIDATE at term 254 for changeToCandidate
2019-10-16 20:42:33,595 [Thread-2266] INFO  impl.RoleInfo (RoleInfo.java:updateAndGet(143)) - bc0bc980-c963-48ce-962e-85091c893131: start LeaderElection
2019-10-16 20:42:33,610 [bc0bc980-c963-48ce-962e-85091c893131@group-28ACFA97060E-LeaderElection258] INFO  impl.LeaderElection (LeaderElection.java:askForVotes(178)) - bc0bc980-c963-48ce-962e-85091c893131@group-28ACFA97060E-LeaderElection258: begin an election at term 255 for -1: [46069bd9-45fc-4c82-823c-36f07a1bcff0:192.168.157.254:34001, bc0bc980-c963-48ce-962e-85091c893131:192.168.157.254:46787, d612b743-bedc-4c3f-983e-e3329f8a2e6f:192.168.157.254:44523], old=null
2019-10-16 20:42:33,612 [grpc-default-executor-0] INFO  impl.RaftServerImpl (RaftServerImpl.java:setRole(184)) - 46069bd9-45fc-4c82-823c-36f07a1bcff0@group-28ACFA97060E: changes role from  FOLLOWER to FOLLOWER at term 255 for recognizeCandidate:bc0bc980-c963-48ce-962e-85091c893131
2019-10-16 20:42:33,612 [grpc-default-executor-2] INFO  impl.RaftServerImpl (RaftServerImpl.java:setRole(184)) - d612b743-bedc-4c3f-983e-e3329f8a2e6f@group-28ACFA97060E: changes role from  FOLLOWER to FOLLOWER at term 255 for recognizeCandidate:bc0bc980-c963-48ce-962e-85091c893131
2019-10-16 20:42:33,612 [grpc-default-executor-2] INFO  impl.RoleInfo (RoleInfo.java:shutdownFollowerState(121)) - d612b743-bedc-4c3f-983e-e3329f8a2e6f: shutdown FollowerState
2019-10-16 20:42:33,612 [grpc-default-executor-0] INFO  impl.RoleInfo (RoleInfo.java:shutdownFollowerState(121)) - 46069bd9-45fc-4c82-823c-36f07a1bcff0: shutdown FollowerState
2019-10-16 20:42:33,612 [Thread-2265] INFO  impl.FollowerState (FollowerState.java:run(117)) - d612b743-bedc-4c3f-983e-e3329f8a2e6f@group-28ACFA97060E-FollowerState was interrupted: java.lang.InterruptedException: sleep interrupted
2019-10-16 20:42:33,612 [grpc-default-executor-2] INFO  impl.RoleInfo (RoleInfo.java:updateAndGet(143)) - d612b743-bedc-4c3f-983e-e3329f8a2e6f: start FollowerState
2019-10-16 20:42:33,613 [Thread-2264] INFO  impl.FollowerState (FollowerState.java:run(117)) - 46069bd9-45fc-4c82-823c-36f07a1bcff0@group-28ACFA97060E-FollowerState was interrupted: java.lang.InterruptedException: sleep interrupted
2019-10-16 20:42:33,613 [grpc-default-executor-0] INFO  impl.RoleInfo (RoleInfo.java:updateAndGet(143)) - 46069bd9-45fc-4c82-823c-36f07a1bcff0: start FollowerState
2019-10-16 20:42:33,638 [bc0bc980-c963-48ce-962e-85091c893131@group-28ACFA97060E-LeaderElection258] INFO  impl.LeaderElection (LeaderElection.java:logAndReturn(56)) - bc0bc980-c963-48ce-962e-85091c893131@group-28ACFA97060E-LeaderElection258: Election REJECTED; received 2 response(s) [bc0bc980-c963-48ce-962e-85091c893131<-46069bd9-45fc-4c82-823c-36f07a1bcff0#0:FAIL-t255, bc0bc980-c963-48ce-962e-85091c893131<-d612b743-bedc-4c3f-983e-e3329f8a2e6f#0:FAIL-t255] and 0 exception(s); bc0bc980-c963-48ce-962e-85091c893131@group-28ACFA97060E:t255, leader=null, voted=bc0bc980-c963-48ce-962e-85091c893131, raftlog=bc0bc980-c963-48ce-962e-85091c893131@group-28ACFA97060E-SegmentedRaftLog:OPENED:c-1,f-1,i0, conf=-1: [46069bd9-45fc-4c82-823c-36f07a1bcff0:192.168.157.254:34001, bc0bc980-c963-48ce-962e-85091c893131:192.168.157.254:46787, d612b743-bedc-4c3f-983e-e3329f8a2e6f:192.168.157.254:44523], old=null
2019-10-16 20:42:33,638 [bc0bc980-c963-48ce-962e-85091c893131@group-28ACFA97060E-LeaderElection258] INFO  impl.RaftServerImpl (RaftServerImpl.java:setRole(184)) - bc0bc980-c963-48ce-962e-85091c893131@group-28ACFA97060E: changes role from CANDIDATE to FOLLOWER at term 255 for DISCOVERED_A_NEW_TERM
2019-10-16 20:42:33,638 [bc0bc980-c963-48ce-962e-85091c893131@group-28ACFA97060E-LeaderElection258] INFO  impl.RoleInfo (RoleInfo.java:shutdownLeaderElection(134)) - bc0bc980-c963-48ce-962e-85091c893131: shutdown LeaderElection
2019-10-16 20:42:33,639 [bc0bc980-c963-48ce-962e-85091c893131@group-28ACFA97060E-LeaderElection258] INFO  impl.RoleInfo (RoleInfo.java:updateAndGet(143)) - bc0bc980-c963-48ce-962e-85091c893131: start FollowerState
2019-10-16 20:42:33,650 [Datanode State Machine Thread - 0] INFO  statemachine.DatanodeStateMachine (DatanodeStateMachine.java:lambda$startDaemon$0(350)) - Ozone container server started.
2019-10-16 20:42:33,723 [Thread-2272] INFO  impl.FollowerState (FollowerState.java:run(108)) - bc0bc980-c963-48ce-962e-85091c893131@group-28ACFA97060E-FollowerState: change to CANDIDATE, lastRpcTime:84ms, electionTimeout:84ms
2019-10-16 20:42:33,723 [Thread-2272] INFO  impl.RoleInfo (RoleInfo.java:shutdownFollowerState(121)) - bc0bc980-c963-48ce-962e-85091c893131: shutdown FollowerState
2019-10-16 20:42:33,723 [Thread-2272] INFO  impl.RaftServerImpl (RaftServerImpl.java:setRole(184)) - bc0bc980-c963-48ce-962e-85091c893131@group-28ACFA97060E: changes role from  FOLLOWER to CANDIDATE at term 255 for changeToCandidate
2019-10-16 20:42:33,723 [Thread-2272] INFO  impl.RoleInfo (RoleInfo.java:updateAndGet(143)) - bc0bc980-c963-48ce-962e-85091c893131: start LeaderElection
2019-10-16 20:42:33,736 [bc0bc980-c963-48ce-962e-85091c893131@group-28ACFA97060E-LeaderElection259] INFO  impl.LeaderElection (LeaderElection.java:askForVotes(178)) - bc0bc980-c963-48ce-962e-85091c893131@group-28ACFA97060E-LeaderElection259: begin an election at term 256 for -1: [46069bd9-45fc-4c82-823c-36f07a1bcff0:192.168.157.254:34001, bc0bc980-c963-48ce-962e-85091c893131:192.168.157.254:46787, d612b743-bedc-4c3f-983e-e3329f8a2e6f:192.168.157.254:44523], old=null
2019-10-16 20:42:33,738 [grpc-default-executor-0] INFO  impl.RaftServerImpl (RaftServerImpl.java:setRole(184)) - 46069bd9-45fc-4c82-823c-36f07a1bcff0@group-28ACFA97060E: changes role from  FOLLOWER to FOLLOWER at term 256 for recognizeCandidate:bc0bc980-c963-48ce-962e-85091c893131
2019-10-16 20:42:33,738 [grpc-default-executor-2] INFO  impl.RaftServerImpl (RaftServerImpl.java:setRole(184)) - d612b743-bedc-4c3f-983e-e3329f8a2e6f@group-28ACFA97060E: changes role from  FOLLOWER to FOLLOWER at term 256 for recognizeCandidate:bc0bc980-c963-48ce-962e-85091c893131
2019-10-16 20:42:33,738 [grpc-default-executor-0] INFO  impl.RoleInfo (RoleInfo.java:shutdownFollowerState(121)) - 46069bd9-45fc-4c82-823c-36f07a1bcff0: shutdown FollowerState
2019-10-16 20:42:33,738 [grpc-default-executor-2] INFO  impl.RoleInfo (RoleInfo.java:shutdownFollowerState(121)) - d612b743-bedc-4c3f-983e-e3329f8a2e6f: shutdown FollowerState
2019-10-16 20:42:33,738 [Thread-2271] INFO  impl.FollowerState (FollowerState.java:run(117)) - 46069bd9-45fc-4c82-823c-36f07a1bcff0@group-28ACFA97060E-FollowerState was interrupted: java.lang.InterruptedException: sleep interrupted
2019-10-16 20:42:33,738 [Thread-2270] INFO  impl.FollowerState (FollowerState.java:run(117)) - d612b743-bedc-4c3f-983e-e3329f8a2e6f@group-28ACFA97060E-FollowerState was interrupted: java.lang.InterruptedException: sleep interrupted
2019-10-16 20:42:33,738 [grpc-default-executor-0] INFO  impl.RoleInfo (RoleInfo.java:updateAndGet(143)) - 46069bd9-45fc-4c82-823c-36f07a1bcff0: start FollowerState
2019-10-16 20:42:33,738 [grpc-default-executor-2] INFO  impl.RoleInfo (RoleInfo.java:updateAndGet(143)) - d612b743-bedc-4c3f-983e-e3329f8a2e6f: start FollowerState
2019-10-16 20:42:33,760 [bc0bc980-c963-48ce-962e-85091c893131@group-28ACFA97060E-LeaderElection259] INFO  impl.LeaderElection (LeaderElection.java:logAndReturn(56)) - bc0bc980-c963-48ce-962e-85091c893131@group-28ACFA97060E-LeaderElection259: Election REJECTED; received 2 response(s) [bc0bc980-c963-48ce-962e-85091c893131<-46069bd9-45fc-4c82-823c-36f07a1bcff0#0:FAIL-t256, bc0bc980-c963-48ce-962e-85091c893131<-d612b743-bedc-4c3f-983e-e3329f8a2e6f#0:FAIL-t256] and 0 exception(s); bc0bc980-c963-48ce-962e-85091c893131@group-28ACFA97060E:t256, leader=null, voted=bc0bc980-c963-48ce-962e-85091c893131, raftlog=bc0bc980-c963-48ce-962e-85091c893131@group-28ACFA97060E-SegmentedRaftLog:OPENED:c-1,f-1,i0, conf=-1: [46069bd9-45fc-4c82-823c-36f07a1bcff0:192.168.157.254:34001, bc0bc980-c963-48ce-962e-85091c893131:192.168.157.254:46787, d612b743-bedc-4c3f-983e-e3329f8a2e6f:192.168.157.254:44523], old=null
2019-10-16 20:42:33,760 [bc0bc980-c963-48ce-962e-85091c893131@group-28ACFA97060E-LeaderElection259] INFO  impl.RaftServerImpl (RaftServerImpl.java:setRole(184)) - bc0bc980-c963-48ce-962e-85091c893131@group-28ACFA97060E: changes role from CANDIDATE to FOLLOWER at term 256 for DISCOVERED_A_NEW_TERM
2019-10-16 20:42:33,760 [bc0bc980-c963-48ce-962e-85091c893131@group-28ACFA97060E-LeaderElection259] INFO  impl.RoleInfo (RoleInfo.java:shutdownLeaderElection(134)) - bc0bc980-c963-48ce-962e-85091c893131: shutdown LeaderElection
2019-10-16 20:42:33,760 [bc0bc980-c963-48ce-962e-85091c893131@group-28ACFA97060E-LeaderElection259] INFO  impl.RoleInfo (RoleInfo.java:updateAndGet(143)) - bc0bc980-c963-48ce-962e-85091c893131: start FollowerState
2019-10-16 20:42:33,933 [Thread-2278] INFO  impl.FollowerState (FollowerState.java:run(108)) - bc0bc980-c963-48ce-962e-85091c893131@group-28ACFA97060E-FollowerState: change to CANDIDATE, lastRpcTime:173ms, electionTimeout:173ms
2019-10-16 20:42:33,934 [Thread-2278] INFO  impl.RoleInfo (RoleInfo.java:shutdownFollowerState(121)) - bc0bc980-c963-48ce-962e-85091c893131: shutdown FollowerState
2019-10-16 20:42:33,934 [Thread-2278] INFO  impl.RaftServerImpl (RaftServerImpl.java:setRole(184)) - bc0bc980-c963-48ce-962e-85091c893131@group-28ACFA97060E: changes role from  FOLLOWER to CANDIDATE at term 256 for changeToCandidate
2019-10-16 20:42:33,934 [Thread-2278] INFO  impl.RoleInfo (RoleInfo.java:updateAndGet(143)) - bc0bc980-c963-48ce-962e-85091c893131: start LeaderElection
2019-10-16 20:42:33,948 [bc0bc980-c963-48ce-962e-85091c893131@group-28ACFA97060E-LeaderElection260] INFO  impl.LeaderElection (LeaderElection.java:askForVotes(178)) - bc0bc980-c963-48ce-962e-85091c893131@group-28ACFA97060E-LeaderElection260: begin an election at term 257 for -1: [46069bd9-45fc-4c82-823c-36f07a1bcff0:192.168.157.254:34001, bc0bc980-c963-48ce-962e-85091c893131:192.168.157.254:46787, d612b743-bedc-4c3f-983e-e3329f8a2e6f:192.168.157.254:44523], old=null
2019-10-16 20:42:33,950 [grpc-default-executor-0] INFO  impl.RaftServerImpl (RaftServerImpl.java:setRole(184)) - 46069bd9-45fc-4c82-823c-36f07a1bcff0@group-28ACFA97060E: changes role from  FOLLOWER to FOLLOWER at term 257 for recognizeCandidate:bc0bc980-c963-48ce-962e-85091c893131
2019-10-16 20:42:33,950 [grpc-default-executor-0] INFO  impl.RoleInfo (RoleInfo.java:shutdownFollowerState(121)) - 46069bd9-45fc-4c82-823c-36f07a1bcff0: shutdown FollowerState
2019-10-16 20:42:33,950 [grpc-default-executor-2] INFO  impl.RaftServerImpl (RaftServerImpl.java:setRole(184)) - d612b743-bedc-4c3f-983e-e3329f8a2e6f@group-28ACFA97060E: changes role from  FOLLOWER to FOLLOWER at term 257 for recognizeCandidate:bc0bc980-c963-48ce-962e-85091c893131
2019-10-16 20:42:33,950 [Thread-2276] INFO  impl.FollowerState (FollowerState.java:run(117)) - 46069bd9-45fc-4c82-823c-36f07a1bcff0@group-28ACFA97060E-FollowerState was interrupted: java.lang.InterruptedException: sleep interrupted
2019-10-16 20:42:33,950 [grpc-default-executor-0] INFO  impl.RoleInfo (RoleInfo.java:updateAndGet(143)) - 46069bd9-45fc-4c82-823c-36f07a1bcff0: start FollowerState
2019-10-16 20:42:33,950 [grpc-default-executor-2] INFO  impl.RoleInfo (RoleInfo.java:shutdownFollowerState(121)) - d612b743-bedc-4c3f-983e-e3329f8a2e6f: shutdown FollowerState
2019-10-16 20:42:33,951 [grpc-default-executor-2] INFO  impl.RoleInfo (RoleInfo.java:updateAndGet(143)) - d612b743-bedc-4c3f-983e-e3329f8a2e6f: start FollowerState
2019-10-16 20:42:33,951 [Thread-2277] INFO  impl.FollowerState (FollowerState.java:run(117)) - d612b743-bedc-4c3f-983e-e3329f8a2e6f@group-28ACFA97060E-FollowerState was interrupted: java.lang.InterruptedException: sleep interrupted
2019-10-16 20:42:33,964 [bc0bc980-c963-48ce-962e-85091c893131@group-28ACFA97060E-LeaderElection260] INFO  impl.LeaderElection (LeaderElection.java:logAndReturn(56)) - bc0bc980-c963-48ce-962e-85091c893131@group-28ACFA97060E-LeaderElection260: Election REJECTED; received 2 response(s) [bc0bc980-c963-48ce-962e-85091c893131<-46069bd9-45fc-4c82-823c-36f07a1bcff0#0:FAIL-t257, bc0bc980-c963-48ce-962e-85091c893131<-d612b743-bedc-4c3f-983e-e3329f8a2e6f#0:FAIL-t257] and 0 exception(s); bc0bc980-c963-48ce-962e-85091c893131@group-28ACFA97060E:t257, leader=null, voted=bc0bc980-c963-48ce-962e-85091c893131, raftlog=bc0bc980-c963-48ce-962e-85091c893131@group-28ACFA97060E-SegmentedRaftLog:OPENED:c-1,f-1,i0, conf=-1: [46069bd9-45fc-4c82-823c-36f07a1bcff0:192.168.157.254:34001, bc0bc980-c963-48ce-962e-85091c893131:192.168.157.254:46787, d612b743-bedc-4c3f-983e-e3329f8a2e6f:192.168.157.254:44523], old=null
2019-10-16 20:42:33,964 [bc0bc980-c963-48ce-962e-85091c893131@group-28ACFA97060E-LeaderElection260] INFO  impl.RaftServerImpl (RaftServerImpl.java:setRole(184)) - bc0bc980-c963-48ce-962e-85091c893131@group-28ACFA97060E: changes role from CANDIDATE to FOLLOWER at term 257 for DISCOVERED_A_NEW_TERM
2019-10-16 20:42:33,964 [bc0bc980-c963-48ce-962e-85091c893131@group-28ACFA97060E-LeaderElection260] INFO  impl.RoleInfo (RoleInfo.java:shutdownLeaderElection(134)) - bc0bc980-c963-48ce-962e-85091c893131: shutdown LeaderElection
2019-10-16 20:42:33,964 [bc0bc980-c963-48ce-962e-85091c893131@group-28ACFA97060E-LeaderElection260] INFO  impl.RoleInfo (RoleInfo.java:updateAndGet(143)) - bc0bc980-c963-48ce-962e-85091c893131: start FollowerState
2019-10-16 20:42:34,044 [Thread-2284] INFO  impl.FollowerState (FollowerState.java:run(108)) - bc0bc980-c963-48ce-962e-85091c893131@group-28ACFA97060E-FollowerState: change to CANDIDATE, lastRpcTime:79ms, electionTimeout:79ms
2019-10-16 20:42:34,044 [Thread-2284] INFO  impl.RoleInfo (RoleInfo.java:shutdownFollowerState(121)) - bc0bc980-c963-48ce-962e-85091c893131: shutdown FollowerState
2019-10-16 20:42:34,044 [Thread-2284] INFO  impl.RaftServerImpl (RaftServerImpl.java:setRole(184)) - bc0bc980-c963-48ce-962e-85091c893131@group-28ACFA97060E: changes role from  FOLLOWER to CANDIDATE at term 257 for changeToCandidate
2019-10-16 20:42:34,044 [Thread-2284] INFO  impl.RoleInfo (RoleInfo.java:updateAndGet(143)) - bc0bc980-c963-48ce-962e-85091c893131: start LeaderElection
2019-10-16 20:42:34,057 [bc0bc980-c963-48ce-962e-85091c893131@group-28ACFA97060E-LeaderElection261] INFO  impl.LeaderElection (LeaderElection.java:askForVotes(178)) - bc0bc980-c963-48ce-962e-85091c893131@group-28ACFA97060E-LeaderElection261: begin an election at term 258 for -1: [46069bd9-45fc-4c82-823c-36f07a1bcff0:192.168.157.254:34001, bc0bc980-c963-48ce-962e-85091c893131:192.168.157.254:46787, d612b743-bedc-4c3f-983e-e3329f8a2e6f:192.168.157.254:44523], old=null
2019-10-16 20:42:34,058 [grpc-default-executor-0] INFO  impl.RaftServerImpl (RaftServerImpl.java:setRole(184)) - 46069bd9-45fc-4c82-823c-36f07a1bcff0@group-28ACFA97060E: changes role from  FOLLOWER to FOLLOWER at term 258 for recognizeCandidate:bc0bc980-c963-48ce-962e-85091c893131
2019-10-16 20:42:34,059 [grpc-default-executor-0] INFO  impl.RoleInfo (RoleInfo.java:shutdownFollowerState(121)) - 46069bd9-45fc-4c82-823c-36f07a1bcff0: shutdown FollowerState
2019-10-16 20:42:34,059 [grpc-default-executor-2] INFO  impl.RaftServerImpl (RaftServerImpl.java:setRole(184)) - d612b743-bedc-4c3f-983e-e3329f8a2e6f@group-28ACFA97060E: changes role from  FOLLOWER to FOLLOWER at term 258 for recognizeCandidate:bc0bc980-c963-48ce-962e-85091c893131
2019-10-16 20:42:34,059 [Thread-2282] INFO  impl.FollowerState (FollowerState.java:run(117)) - 46069bd9-45fc-4c82-823c-36f07a1bcff0@group-28ACFA97060E-FollowerState was interrupted: java.lang.InterruptedException: sleep interrupted
2019-10-16 20:42:34,059 [grpc-default-executor-0] INFO  impl.RoleInfo (RoleInfo.java:updateAndGet(143)) - 46069bd9-45fc-4c82-823c-36f07a1bcff0: start FollowerState
2019-10-16 20:42:34,059 [grpc-default-executor-2] INFO  impl.RoleInfo (RoleInfo.java:shutdownFollowerState(121)) - d612b743-bedc-4c3f-983e-e3329f8a2e6f: shutdown FollowerState
2019-10-16 20:42:34,059 [grpc-default-executor-2] INFO  impl.RoleInfo (RoleInfo.java:updateAndGet(143)) - d612b743-bedc-4c3f-983e-e3329f8a2e6f: start FollowerState
2019-10-16 20:42:34,059 [Thread-2283] INFO  impl.FollowerState (FollowerState.java:run(117)) - d612b743-bedc-4c3f-983e-e3329f8a2e6f@group-28ACFA97060E-FollowerState was interrupted: java.lang.InterruptedException: sleep interrupted
2019-10-16 20:42:34,074 [bc0bc980-c963-48ce-962e-85091c893131@group-28ACFA97060E-LeaderElection261] INFO  impl.LeaderElection (LeaderElection.java:logAndReturn(56)) - bc0bc980-c963-48ce-962e-85091c893131@group-28ACFA97060E-LeaderElection261: Election REJECTED; received 2 response(s) [bc0bc980-c963-48ce-962e-85091c893131<-46069bd9-45fc-4c82-823c-36f07a1bcff0#0:FAIL-t258, bc0bc980-c963-48ce-962e-85091c893131<-d612b743-bedc-4c3f-983e-e3329f8a2e6f#0:FAIL-t258] and 0 exception(s); bc0bc980-c963-48ce-962e-85091c893131@group-28ACFA97060E:t258, leader=null, voted=bc0bc980-c963-48ce-962e-85091c893131, raftlog=bc0bc980-c963-48ce-962e-85091c893131@group-28ACFA97060E-SegmentedRaftLog:OPENED:c-1,f-1,i0, conf=-1: [46069bd9-45fc-4c82-823c-36f07a1bcff0:192.168.157.254:34001, bc0bc980-c963-48ce-962e-85091c893131:192.168.157.254:46787, d612b743-bedc-4c3f-983e-e3329f8a2e6f:192.168.157.254:44523], old=null
2019-10-16 20:42:34,074 [bc0bc980-c963-48ce-962e-85091c893131@group-28ACFA97060E-LeaderElection261] INFO  impl.RaftServerImpl (RaftServerImpl.java:setRole(184)) - bc0bc980-c963-48ce-962e-85091c893131@group-28ACFA97060E: changes role from CANDIDATE to FOLLOWER at term 258 for DISCOVERED_A_NEW_TERM
2019-10-16 20:42:34,074 [bc0bc980-c963-48ce-962e-85091c893131@group-28ACFA97060E-LeaderElection261] INFO  impl.RoleInfo (RoleInfo.java:shutdownLeaderElection(134)) - bc0bc980-c963-48ce-962e-85091c893131: shutdown LeaderElection
2019-10-16 20:42:34,074 [bc0bc980-c963-48ce-962e-85091c893131@group-28ACFA97060E-LeaderElection261] INFO  impl.RoleInfo (RoleInfo.java:updateAndGet(143)) - bc0bc980-c963-48ce-962e-85091c893131: start FollowerState
2019-10-16 20:42:34,237 [Thread-2290] INFO  impl.FollowerState (FollowerState.java:run(108)) - bc0bc980-c963-48ce-962e-85091c893131@group-28ACFA97060E-FollowerState: change to CANDIDATE, lastRpcTime:162ms, electionTimeout:162ms
2019-10-16 20:42:34,237 [Thread-2290] INFO  impl.RoleInfo (RoleInfo.java:shutdownFollowerState(121)) - bc0bc980-c963-48ce-962e-85091c893131: shutdown FollowerState
2019-10-16 20:42:34,237 [Thread-2290] INFO  impl.RaftServerImpl (RaftServerImpl.java:setRole(184)) - bc0bc980-c963-48ce-962e-85091c893131@group-28ACFA97060E: changes role from  FOLLOWER to CANDIDATE at term 258 for changeToCandidate
2019-10-16 20:42:34,237 [Thread-2290] INFO  impl.RoleInfo (RoleInfo.java:updateAndGet(143)) - bc0bc980-c963-48ce-962e-85091c893131: start LeaderElection
2019-10-16 20:42:34,252 [bc0bc980-c963-48ce-962e-85091c893131@group-28ACFA97060E-LeaderElection262] INFO  impl.LeaderElection (LeaderElection.java:askForVotes(178)) - bc0bc980-c963-48ce-962e-85091c893131@group-28ACFA97060E-LeaderElection262: begin an election at term 259 for -1: [46069bd9-45fc-4c82-823c-36f07a1bcff0:192.168.157.254:34001, bc0bc980-c963-48ce-962e-85091c893131:192.168.157.254:46787, d612b743-bedc-4c3f-983e-e3329f8a2e6f:192.168.157.254:44523], old=null
2019-10-16 20:42:34,254 [grpc-default-executor-2] INFO  impl.RaftServerImpl (RaftServerImpl.java:setRole(184)) - 46069bd9-45fc-4c82-823c-36f07a1bcff0@group-28ACFA97060E: changes role from  FOLLOWER to FOLLOWER at term 259 for recognizeCandidate:bc0bc980-c963-48ce-962e-85091c893131
2019-10-16 20:42:34,254 [grpc-default-executor-2] INFO  impl.RoleInfo (RoleInfo.java:shutdownFollowerState(121)) - 46069bd9-45fc-4c82-823c-36f07a1bcff0: shutdown FollowerState
2019-10-16 20:42:34,254 [grpc-default-executor-0] INFO  impl.RaftServerImpl (RaftServerImpl.java:setRole(184)) - d612b743-bedc-4c3f-983e-e3329f8a2e6f@group-28ACFA97060E: changes role from  FOLLOWER to FOLLOWER at term 259 for recognizeCandidate:bc0bc980-c963-48ce-962e-85091c893131
2019-10-16 20:42:34,255 [grpc-default-executor-2] INFO  impl.RoleInfo (RoleInfo.java:updateAndGet(143)) - 46069bd9-45fc-4c82-823c-36f07a1bcff0: start FollowerState
2019-10-16 20:42:34,255 [Thread-2288] INFO  impl.FollowerState (FollowerState.java:run(117)) - 46069bd9-45fc-4c82-823c-36f07a1bcff0@group-28ACFA97060E-FollowerState was interrupted: java.lang.InterruptedException: sleep interrupted
2019-10-16 20:42:34,255 [grpc-default-executor-0] INFO  impl.RoleInfo (RoleInfo.java:shutdownFollowerState(121)) - d612b743-bedc-4c3f-983e-e3329f8a2e6f: shutdown FollowerState
2019-10-16 20:42:34,255 [grpc-default-executor-0] INFO  impl.RoleInfo (RoleInfo.java:updateAndGet(143)) - d612b743-bedc-4c3f-983e-e3329f8a2e6f: start FollowerState
2019-10-16 20:42:34,255 [Thread-2289] INFO  impl.FollowerState (FollowerState.java:run(117)) - d612b743-bedc-4c3f-983e-e3329f8a2e6f@group-28ACFA97060E-FollowerState was interrupted: java.lang.InterruptedException: sleep interrupted
2019-10-16 20:42:34,272 [bc0bc980-c963-48ce-962e-85091c893131@group-28ACFA97060E-LeaderElection262] INFO  impl.LeaderElection (LeaderElection.java:logAndReturn(56)) - bc0bc980-c963-48ce-962e-85091c893131@group-28ACFA97060E-LeaderElection262: Election REJECTED; received 2 response(s) [bc0bc980-c963-48ce-962e-85091c893131<-46069bd9-45fc-4c82-823c-36f07a1bcff0#0:FAIL-t259, bc0bc980-c963-48ce-962e-85091c893131<-d612b743-bedc-4c3f-983e-e3329f8a2e6f#0:FAIL-t259] and 0 exception(s); bc0bc980-c963-48ce-962e-85091c893131@group-28ACFA97060E:t259, leader=null, voted=bc0bc980-c963-48ce-962e-85091c893131, raftlog=bc0bc980-c963-48ce-962e-85091c893131@group-28ACFA97060E-SegmentedRaftLog:OPENED:c-1,f-1,i0, conf=-1: [46069bd9-45fc-4c82-823c-36f07a1bcff0:192.168.157.254:34001, bc0bc980-c963-48ce-962e-85091c893131:192.168.157.254:46787, d612b743-bedc-4c3f-983e-e3329f8a2e6f:192.168.157.254:44523], old=null
2019-10-16 20:42:34,272 [bc0bc980-c963-48ce-962e-85091c893131@group-28ACFA97060E-LeaderElection262] INFO  impl.RaftServerImpl (RaftServerImpl.java:setRole(184)) - bc0bc980-c963-48ce-962e-85091c893131@group-28ACFA97060E: changes role from CANDIDATE to FOLLOWER at term 259 for DISCOVERED_A_NEW_TERM
2019-10-16 20:42:34,272 [bc0bc980-c963-48ce-962e-85091c893131@group-28ACFA97060E-LeaderElection262] INFO  impl.RoleInfo (RoleInfo.java:shutdownLeaderElection(134)) - bc0bc980-c963-48ce-962e-85091c893131: shutdown LeaderElection
2019-10-16 20:42:34,272 [bc0bc980-c963-48ce-962e-85091c893131@group-28ACFA97060E-LeaderElection262] INFO  impl.RoleInfo (RoleInfo.java:updateAndGet(143)) - bc0bc980-c963-48ce-962e-85091c893131: start FollowerState
2019-10-16 20:42:34,366 [Thread-2296] INFO  impl.FollowerState (FollowerState.java:run(108)) - bc0bc980-c963-48ce-962e-85091c893131@group-28ACFA97060E-FollowerState: change to CANDIDATE, lastRpcTime:94ms, electionTimeout:94ms
2019-10-16 20:42:34,366 [Thread-2296] INFO  impl.RoleInfo (RoleInfo.java:shutdownFollowerState(121)) - bc0bc980-c963-48ce-962e-85091c893131: shutdown FollowerState
2019-10-16 20:42:34,366 [Thread-2296] INFO  impl.RaftServerImpl (RaftServerImpl.java:setRole(184)) - bc0bc980-c963-48ce-962e-85091c893131@group-28ACFA97060E: changes role from  FOLLOWER to CANDIDATE at term 259 for changeToCandidate
2019-10-16 20:42:34,367 [Thread-2296] INFO  impl.RoleInfo (RoleInfo.java:updateAndGet(143)) - bc0bc980-c963-48ce-962e-85091c893131: start LeaderElection
2019-10-16 20:42:34,380 [bc0bc980-c963-48ce-962e-85091c893131@group-28ACFA97060E-LeaderElection263] INFO  impl.LeaderElection (LeaderElection.java:askForVotes(178)) - bc0bc980-c963-48ce-962e-85091c893131@group-28ACFA97060E-LeaderElection263: begin an election at term 260 for -1: [46069bd9-45fc-4c82-823c-36f07a1bcff0:192.168.157.254:34001, bc0bc980-c963-48ce-962e-85091c893131:192.168.157.254:46787, d612b743-bedc-4c3f-983e-e3329f8a2e6f:192.168.157.254:44523], old=null
2019-10-16 20:42:34,382 [grpc-default-executor-2] INFO  impl.RaftServerImpl (RaftServerImpl.java:setRole(184)) - 46069bd9-45fc-4c82-823c-36f07a1bcff0@group-28ACFA97060E: changes role from  FOLLOWER to FOLLOWER at term 260 for recognizeCandidate:bc0bc980-c963-48ce-962e-85091c893131
2019-10-16 20:42:34,382 [grpc-default-executor-2] INFO  impl.RoleInfo (RoleInfo.java:shutdownFollowerState(121)) - 46069bd9-45fc-4c82-823c-36f07a1bcff0: shutdown FollowerState
2019-10-16 20:42:34,382 [grpc-default-executor-0] INFO  impl.RaftServerImpl (RaftServerImpl.java:setRole(184)) - d612b743-bedc-4c3f-983e-e3329f8a2e6f@group-28ACFA97060E: changes role from  FOLLOWER to FOLLOWER at term 260 for recognizeCandidate:bc0bc980-c963-48ce-962e-85091c893131
2019-10-16 20:42:34,382 [Thread-2294] INFO  impl.FollowerState (FollowerState.java:run(117)) - 46069bd9-45fc-4c82-823c-36f07a1bcff0@group-28ACFA97060E-FollowerState was interrupted: java.lang.InterruptedException: sleep interrupted
2019-10-16 20:42:34,382 [grpc-default-executor-2] INFO  impl.RoleInfo (RoleInfo.java:updateAndGet(143)) - 46069bd9-45fc-4c82-823c-36f07a1bcff0: start FollowerState
2019-10-16 20:42:34,382 [grpc-default-executor-0] INFO  impl.RoleInfo (RoleInfo.java:shutdownFollowerState(121)) - d612b743-bedc-4c3f-983e-e3329f8a2e6f: shutdown FollowerState
2019-10-16 20:42:34,383 [grpc-default-executor-0] INFO  impl.RoleInfo (RoleInfo.java:updateAndGet(143)) - d612b743-bedc-4c3f-983e-e3329f8a2e6f: start FollowerState
2019-10-16 20:42:34,383 [Thread-2295] INFO  impl.FollowerState (FollowerState.java:run(117)) - d612b743-bedc-4c3f-983e-e3329f8a2e6f@group-28ACFA97060E-FollowerState was interrupted: java.lang.InterruptedException: sleep interrupted
2019-10-16 20:42:34,408 [bc0bc980-c963-48ce-962e-85091c893131@group-28ACFA97060E-LeaderElection263] INFO  impl.LeaderElection (LeaderElection.java:logAndReturn(56)) - bc0bc980-c963-48ce-962e-85091c893131@group-28ACFA97060E-LeaderElection263: Election REJECTED; received 2 response(s) [bc0bc980-c963-48ce-962e-85091c893131<-46069bd9-45fc-4c82-823c-36f07a1bcff0#0:FAIL-t260, bc0bc980-c963-48ce-962e-85091c893131<-d612b743-bedc-4c3f-983e-e3329f8a2e6f#0:FAIL-t260] and 0 exception(s); bc0bc980-c963-48ce-962e-85091c893131@group-28ACFA97060E:t260, leader=null, voted=bc0bc980-c963-48ce-962e-85091c893131, raftlog=bc0bc980-c963-48ce-962e-85091c893131@group-28ACFA97060E-SegmentedRaftLog:OPENED:c-1,f-1,i0, conf=-1: [46069bd9-45fc-4c82-823c-36f07a1bcff0:192.168.157.254:34001, bc0bc980-c963-48ce-962e-85091c893131:192.168.157.254:46787, d612b743-bedc-4c3f-983e-e3329f8a2e6f:192.168.157.254:44523], old=null
2019-10-16 20:42:34,408 [bc0bc980-c963-48ce-962e-85091c893131@group-28ACFA97060E-LeaderElection263] INFO  impl.RaftServerImpl (RaftServerImpl.java:setRole(184)) - bc0bc980-c963-48ce-962e-85091c893131@group-28ACFA97060E: changes role from CANDIDATE to FOLLOWER at term 260 for DISCOVERED_A_NEW_TERM
2019-10-16 20:42:34,408 [bc0bc980-c963-48ce-962e-85091c893131@group-28ACFA97060E-LeaderElection263] INFO  impl.RoleInfo (RoleInfo.java:shutdownLeaderElection(134)) - bc0bc980-c963-48ce-962e-85091c893131: shutdown LeaderElection
2019-10-16 20:42:34,408 [bc0bc980-c963-48ce-962e-85091c893131@group-28ACFA97060E-LeaderElection263] INFO  impl.RoleInfo (RoleInfo.java:updateAndGet(143)) - bc0bc980-c963-48ce-962e-85091c893131: start FollowerState
2019-10-16 20:42:34,522 [Thread-2302] INFO  impl.FollowerState (FollowerState.java:run(108)) - bc0bc980-c963-48ce-962e-85091c893131@group-28ACFA97060E-FollowerState: change to CANDIDATE, lastRpcTime:113ms, electionTimeout:113ms
2019-10-16 20:42:34,522 [Thread-2302] INFO  impl.RoleInfo (RoleInfo.java:shutdownFollowerState(121)) - bc0bc980-c963-48ce-962e-85091c893131: shutdown FollowerState
2019-10-16 20:42:34,522 [Thread-2302] INFO  impl.RaftServerImpl (RaftServerImpl.java:setRole(184)) - bc0bc980-c963-48ce-962e-85091c893131@group-28ACFA97060E: changes role from  FOLLOWER to CANDIDATE at term 260 for changeToCandidate
2019-10-16 20:42:34,522 [Thread-2302] INFO  impl.RoleInfo (RoleInfo.java:updateAndGet(143)) - bc0bc980-c963-48ce-962e-85091c893131: start LeaderElection
2019-10-16 20:42:34,537 [bc0bc980-c963-48ce-962e-85091c893131@group-28ACFA97060E-LeaderElection264] INFO  impl.LeaderElection (LeaderElection.java:askForVotes(178)) - bc0bc980-c963-48ce-962e-85091c893131@group-28ACFA97060E-LeaderElection264: begin an election at term 261 for -1: [46069bd9-45fc-4c82-823c-36f07a1bcff0:192.168.157.254:34001, bc0bc980-c963-48ce-962e-85091c893131:192.168.157.254:46787, d612b743-bedc-4c3f-983e-e3329f8a2e6f:192.168.157.254:44523], old=null
2019-10-16 20:42:34,538 [grpc-default-executor-2] INFO  impl.RaftServerImpl (RaftServerImpl.java:setRole(184)) - 46069bd9-45fc-4c82-823c-36f07a1bcff0@group-28ACFA97060E: changes role from  FOLLOWER to FOLLOWER at term 261 for recognizeCandidate:bc0bc980-c963-48ce-962e-85091c893131
2019-10-16 20:42:34,538 [grpc-default-executor-2] INFO  impl.RoleInfo (RoleInfo.java:shutdownFollowerState(121)) - 46069bd9-45fc-4c82-823c-36f07a1bcff0: shutdown FollowerState
2019-10-16 20:42:34,539 [grpc-default-executor-0] INFO  impl.RaftServerImpl (RaftServerImpl.java:setRole(184)) - d612b743-bedc-4c3f-983e-e3329f8a2e6f@group-28ACFA97060E: changes role from  FOLLOWER to FOLLOWER at term 261 for recognizeCandidate:bc0bc980-c963-48ce-962e-85091c893131
2019-10-16 20:42:34,539 [grpc-default-executor-0] INFO  impl.RoleInfo (RoleInfo.java:shutdownFollowerState(121)) - d612b743-bedc-4c3f-983e-e3329f8a2e6f: shutdown FollowerState
2019-10-16 20:42:34,539 [grpc-default-executor-2] INFO  impl.RoleInfo (RoleInfo.java:updateAndGet(143)) - 46069bd9-45fc-4c82-823c-36f07a1bcff0: start FollowerState
2019-10-16 20:42:34,539 [Thread-2300] INFO  impl.FollowerState (FollowerState.java:run(117)) - 46069bd9-45fc-4c82-823c-36f07a1bcff0@group-28ACFA97060E-FollowerState was interrupted: java.lang.InterruptedException: sleep interrupted
2019-10-16 20:42:34,539 [grpc-default-executor-0] INFO  impl.RoleInfo (RoleInfo.java:updateAndGet(143)) - d612b743-bedc-4c3f-983e-e3329f8a2e6f: start FollowerState
2019-10-16 20:42:34,539 [Thread-2301] INFO  impl.FollowerState (FollowerState.java:run(117)) - d612b743-bedc-4c3f-983e-e3329f8a2e6f@group-28ACFA97060E-FollowerState was interrupted: java.lang.InterruptedException: sleep interrupted
2019-10-16 20:42:34,554 [bc0bc980-c963-48ce-962e-85091c893131@group-28ACFA97060E-LeaderElection264] INFO  impl.LeaderElection (LeaderElection.java:logAndReturn(56)) - bc0bc980-c963-48ce-962e-85091c893131@group-28ACFA97060E-LeaderElection264: Election REJECTED; received 2 response(s) [bc0bc980-c963-48ce-962e-85091c893131<-46069bd9-45fc-4c82-823c-36f07a1bcff0#0:FAIL-t261, bc0bc980-c963-48ce-962e-85091c893131<-d612b743-bedc-4c3f-983e-e3329f8a2e6f#0:FAIL-t261] and 0 exception(s); bc0bc980-c963-48ce-962e-85091c893131@group-28ACFA97060E:t261, leader=null, voted=bc0bc980-c963-48ce-962e-85091c893131, raftlog=bc0bc980-c963-48ce-962e-85091c893131@group-28ACFA97060E-SegmentedRaftLog:OPENED:c-1,f-1,i0, conf=-1: [46069bd9-45fc-4c82-823c-36f07a1bcff0:192.168.157.254:34001, bc0bc980-c963-48ce-962e-85091c893131:192.168.157.254:46787, d612b743-bedc-4c3f-983e-e3329f8a2e6f:192.168.157.254:44523], old=null
2019-10-16 20:42:34,555 [bc0bc980-c963-48ce-962e-85091c893131@group-28ACFA97060E-LeaderElection264] INFO  impl.RaftServerImpl (RaftServerImpl.java:setRole(184)) - bc0bc980-c963-48ce-962e-85091c893131@group-28ACFA97060E: changes role from CANDIDATE to FOLLOWER at term 261 for DISCOVERED_A_NEW_TERM
2019-10-16 20:42:34,555 [bc0bc980-c963-48ce-962e-85091c893131@group-28ACFA97060E-LeaderElection264] INFO  impl.RoleInfo (RoleInfo.java:shutdownLeaderElection(134)) - bc0bc980-c963-48ce-962e-85091c893131: shutdown LeaderElection
2019-10-16 20:42:34,555 [bc0bc980-c963-48ce-962e-85091c893131@group-28ACFA97060E-LeaderElection264] INFO  impl.RoleInfo (RoleInfo.java:updateAndGet(143)) - bc0bc980-c963-48ce-962e-85091c893131: start FollowerState
2019-10-16 20:42:34,574 [Thread-2308] INFO  impl.FollowerState (FollowerState.java:run(108)) - bc0bc980-c963-48ce-962e-85091c893131@group-28ACFA97060E-FollowerState: change to CANDIDATE, lastRpcTime:19ms, electionTimeout:19ms
2019-10-16 20:42:34,574 [Thread-2308] INFO  impl.RoleInfo (RoleInfo.java:shutdownFollowerState(121)) - bc0bc980-c963-48ce-962e-85091c893131: shutdown FollowerState
2019-10-16 20:42:34,574 [Thread-2308] INFO  impl.RaftServerImpl (RaftServerImpl.java:setRole(184)) - bc0bc980-c963-48ce-962e-85091c893131@group-28ACFA97060E: changes role from  FOLLOWER to CANDIDATE at term 261 for changeToCandidate
2019-10-16 20:42:34,575 [Thread-2308] INFO  impl.RoleInfo (RoleInfo.java:updateAndGet(143)) - bc0bc980-c963-48ce-962e-85091c893131: start LeaderElection
2019-10-16 20:42:34,583 [bc0bc980-c963-48ce-962e-85091c893131@group-28ACFA97060E-LeaderElection265] INFO  impl.LeaderElection (LeaderElection.java:askForVotes(178)) - bc0bc980-c963-48ce-962e-85091c893131@group-28ACFA97060E-LeaderElection265: begin an election at term 262 for -1: [46069bd9-45fc-4c82-823c-36f07a1bcff0:192.168.157.254:34001, bc0bc980-c963-48ce-962e-85091c893131:192.168.157.254:46787, d612b743-bedc-4c3f-983e-e3329f8a2e6f:192.168.157.254:44523], old=null
2019-10-16 20:42:34,584 [grpc-default-executor-0] INFO  impl.RaftServerImpl (RaftServerImpl.java:setRole(184)) - 46069bd9-45fc-4c82-823c-36f07a1bcff0@group-28ACFA97060E: changes role from  FOLLOWER to FOLLOWER at term 262 for recognizeCandidate:bc0bc980-c963-48ce-962e-85091c893131
2019-10-16 20:42:34,585 [grpc-default-executor-0] INFO  impl.RoleInfo (RoleInfo.java:shutdownFollowerState(121)) - 46069bd9-45fc-4c82-823c-36f07a1bcff0: shutdown FollowerState
2019-10-16 20:42:34,585 [grpc-default-executor-0] INFO  impl.RoleInfo (RoleInfo.java:updateAndGet(143)) - 46069bd9-45fc-4c82-823c-36f07a1bcff0: start FollowerState
2019-10-16 20:42:34,585 [Thread-2306] INFO  impl.FollowerState (FollowerState.java:run(117)) - 46069bd9-45fc-4c82-823c-36f07a1bcff0@group-28ACFA97060E-FollowerState was interrupted: java.lang.InterruptedException: sleep interrupted
2019-10-16 20:42:34,585 [grpc-default-executor-2] INFO  impl.RaftServerImpl (RaftServerImpl.java:setRole(184)) - d612b743-bedc-4c3f-983e-e3329f8a2e6f@group-28ACFA97060E: changes role from  FOLLOWER to FOLLOWER at term 262 for recognizeCandidate:bc0bc980-c963-48ce-962e-85091c893131
2019-10-16 20:42:34,585 [grpc-default-executor-2] INFO  impl.RoleInfo (RoleInfo.java:shutdownFollowerState(121)) - d612b743-bedc-4c3f-983e-e3329f8a2e6f: shutdown FollowerState
2019-10-16 20:42:34,585 [grpc-default-executor-2] INFO  impl.RoleInfo (RoleInfo.java:updateAndGet(143)) - d612b743-bedc-4c3f-983e-e3329f8a2e6f: start FollowerState
2019-10-16 20:42:34,585 [Thread-2307] INFO  impl.FollowerState (FollowerState.java:run(117)) - d612b743-bedc-4c3f-983e-e3329f8a2e6f@group-28ACFA97060E-FollowerState was interrupted: java.lang.InterruptedException: sleep interrupted
2019-10-16 20:42:34,611 [bc0bc980-c963-48ce-962e-85091c893131@group-28ACFA97060E-LeaderElection265] INFO  impl.LeaderElection (LeaderElection.java:logAndReturn(56)) - bc0bc980-c963-48ce-962e-85091c893131@group-28ACFA97060E-LeaderElection265: Election REJECTED; received 2 response(s) [bc0bc980-c963-48ce-962e-85091c893131<-46069bd9-45fc-4c82-823c-36f07a1bcff0#0:FAIL-t262, bc0bc980-c963-48ce-962e-85091c893131<-d612b743-bedc-4c3f-983e-e3329f8a2e6f#0:FAIL-t262] and 0 exception(s); bc0bc980-c963-48ce-962e-85091c893131@group-28ACFA97060E:t262, leader=null, voted=bc0bc980-c963-48ce-962e-85091c893131, raftlog=bc0bc980-c963-48ce-962e-85091c893131@group-28ACFA97060E-SegmentedRaftLog:OPENED:c-1,f-1,i0, conf=-1: [46069bd9-45fc-4c82-823c-36f07a1bcff0:192.168.157.254:34001, bc0bc980-c963-48ce-962e-85091c893131:192.168.157.254:46787, d612b743-bedc-4c3f-983e-e3329f8a2e6f:192.168.157.254:44523], old=null
2019-10-16 20:42:34,611 [bc0bc980-c963-48ce-962e-85091c893131@group-28ACFA97060E-LeaderElection265] INFO  impl.RaftServerImpl (RaftServerImpl.java:setRole(184)) - bc0bc980-c963-48ce-962e-85091c893131@group-28ACFA97060E: changes role from CANDIDATE to FOLLOWER at term 262 for DISCOVERED_A_NEW_TERM
2019-10-16 20:42:34,611 [bc0bc980-c963-48ce-962e-85091c893131@group-28ACFA97060E-LeaderElection265] INFO  impl.RoleInfo (RoleInfo.java:shutdownLeaderElection(134)) - bc0bc980-c963-48ce-962e-85091c893131: shutdown LeaderElection
2019-10-16 20:42:34,611 [bc0bc980-c963-48ce-962e-85091c893131@group-28ACFA97060E-LeaderElection265] INFO  impl.RoleInfo (RoleInfo.java:updateAndGet(143)) - bc0bc980-c963-48ce-962e-85091c893131: start FollowerState
2019-10-16 20:42:34,652 [Thread-2314] INFO  impl.FollowerState (FollowerState.java:run(108)) - bc0bc980-c963-48ce-962e-85091c893131@group-28ACFA97060E-FollowerState: change to CANDIDATE, lastRpcTime:41ms, electionTimeout:41ms
2019-10-16 20:42:34,652 [Thread-2314] INFO  impl.RoleInfo (RoleInfo.java:shutdownFollowerState(121)) - bc0bc980-c963-48ce-962e-85091c893131: shutdown FollowerState
2019-10-16 20:42:34,653 [Thread-2314] INFO  impl.RaftServerImpl (RaftServerImpl.java:setRole(184)) - bc0bc980-c963-48ce-962e-85091c893131@group-28ACFA97060E: changes role from  FOLLOWER to CANDIDATE at term 262 for changeToCandidate
2019-10-16 20:42:34,653 [Thread-2314] INFO  impl.RoleInfo (RoleInfo.java:updateAndGet(143)) - bc0bc980-c963-48ce-962e-85091c893131: start LeaderElection
2019-10-16 20:42:34,666 [bc0bc980-c963-48ce-962e-85091c893131@group-28ACFA97060E-LeaderElection266] INFO  impl.LeaderElection (LeaderElection.java:askForVotes(178)) - bc0bc980-c963-48ce-962e-85091c893131@group-28ACFA97060E-LeaderElection266: begin an election at term 263 for -1: [46069bd9-45fc-4c82-823c-36f07a1bcff0:192.168.157.254:34001, bc0bc980-c963-48ce-962e-85091c893131:192.168.157.254:46787, d612b743-bedc-4c3f-983e-e3329f8a2e6f:192.168.157.254:44523], old=null
2019-10-16 20:42:34,668 [grpc-default-executor-2] INFO  impl.RaftServerImpl (RaftServerImpl.java:setRole(184)) - d612b743-bedc-4c3f-983e-e3329f8a2e6f@group-28ACFA97060E: changes role from  FOLLOWER to FOLLOWER at term 263 for recognizeCandidate:bc0bc980-c963-48ce-962e-85091c893131
2019-10-16 20:42:34,668 [grpc-default-executor-2] INFO  impl.RoleInfo (RoleInfo.java:shutdownFollowerState(121)) - d612b743-bedc-4c3f-983e-e3329f8a2e6f: shutdown FollowerState
2019-10-16 20:42:34,668 [grpc-default-executor-0] INFO  impl.RaftServerImpl (RaftServerImpl.java:setRole(184)) - 46069bd9-45fc-4c82-823c-36f07a1bcff0@group-28ACFA97060E: changes role from  FOLLOWER to FOLLOWER at term 263 for recognizeCandidate:bc0bc980-c963-48ce-962e-85091c893131
2019-10-16 20:42:34,668 [Thread-2313] INFO  impl.FollowerState (FollowerState.java:run(117)) - d612b743-bedc-4c3f-983e-e3329f8a2e6f@group-28ACFA97060E-FollowerState was interrupted: java.lang.InterruptedException: sleep interrupted
2019-10-16 20:42:34,668 [grpc-default-executor-2] INFO  impl.RoleInfo (RoleInfo.java:updateAndGet(143)) - d612b743-bedc-4c3f-983e-e3329f8a2e6f: start FollowerState
2019-10-16 20:42:34,668 [grpc-default-executor-0] INFO  impl.RoleInfo (RoleInfo.java:shutdownFollowerState(121)) - 46069bd9-45fc-4c82-823c-36f07a1bcff0: shutdown FollowerState
2019-10-16 20:42:34,669 [grpc-default-executor-0] INFO  impl.RoleInfo (RoleInfo.java:updateAndGet(143)) - 46069bd9-45fc-4c82-823c-36f07a1bcff0: start FollowerState
2019-10-16 20:42:34,669 [Thread-2312] INFO  impl.FollowerState (FollowerState.java:run(117)) - 46069bd9-45fc-4c82-823c-36f07a1bcff0@group-28ACFA97060E-FollowerState was interrupted: java.lang.InterruptedException: sleep interrupted
2019-10-16 20:42:34,692 [bc0bc980-c963-48ce-962e-85091c893131@group-28ACFA97060E-LeaderElection266] INFO  impl.LeaderElection (LeaderElection.java:logAndReturn(56)) - bc0bc980-c963-48ce-962e-85091c893131@group-28ACFA97060E-LeaderElection266: Election REJECTED; received 2 response(s) [bc0bc980-c963-48ce-962e-85091c893131<-46069bd9-45fc-4c82-823c-36f07a1bcff0#0:FAIL-t263, bc0bc980-c963-48ce-962e-85091c893131<-d612b743-bedc-4c3f-983e-e3329f8a2e6f#0:FAIL-t263] and 0 exception(s); bc0bc980-c963-48ce-962e-85091c893131@group-28ACFA97060E:t263, leader=null, voted=bc0bc980-c963-48ce-962e-85091c893131, raftlog=bc0bc980-c963-48ce-962e-85091c893131@group-28ACFA97060E-SegmentedRaftLog:OPENED:c-1,f-1,i0, conf=-1: [46069bd9-45fc-4c82-823c-36f07a1bcff0:192.168.157.254:34001, bc0bc980-c963-48ce-962e-85091c893131:192.168.157.254:46787, d612b743-bedc-4c3f-983e-e3329f8a2e6f:192.168.157.254:44523], old=null
2019-10-16 20:42:34,692 [bc0bc980-c963-48ce-962e-85091c893131@group-28ACFA97060E-LeaderElection266] INFO  impl.RaftServerImpl (RaftServerImpl.java:setRole(184)) - bc0bc980-c963-48ce-962e-85091c893131@group-28ACFA97060E: changes role from CANDIDATE to FOLLOWER at term 263 for DISCOVERED_A_NEW_TERM
2019-10-16 20:42:34,692 [bc0bc980-c963-48ce-962e-85091c893131@group-28ACFA97060E-LeaderElection266] INFO  impl.RoleInfo (RoleInfo.java:shutdownLeaderElection(134)) - bc0bc980-c963-48ce-962e-85091c893131: shutdown LeaderElection
2019-10-16 20:42:34,692 [bc0bc980-c963-48ce-962e-85091c893131@group-28ACFA97060E-LeaderElection266] INFO  impl.RoleInfo (RoleInfo.java:updateAndGet(143)) - bc0bc980-c963-48ce-962e-85091c893131: start FollowerState
2019-10-16 20:42:34,824 [Thread-2320] INFO  impl.FollowerState (FollowerState.java:run(108)) - bc0bc980-c963-48ce-962e-85091c893131@group-28ACFA97060E-FollowerState: change to CANDIDATE, lastRpcTime:131ms, electionTimeout:131ms
2019-10-16 20:42:34,824 [Thread-2320] INFO  impl.RoleInfo (RoleInfo.java:shutdownFollowerState(121)) - bc0bc980-c963-48ce-962e-85091c893131: shutdown FollowerState
2019-10-16 20:42:34,824 [Thread-2320] INFO  impl.RaftServerImpl (RaftServerImpl.java:setRole(184)) - bc0bc980-c963-48ce-962e-85091c893131@group-28ACFA97060E: changes role from  FOLLOWER to CANDIDATE at term 263 for changeToCandidate
2019-10-16 20:42:34,824 [Thread-2320] INFO  impl.RoleInfo (RoleInfo.java:updateAndGet(143)) - bc0bc980-c963-48ce-962e-85091c893131: start LeaderElection
2019-10-16 20:42:34,838 [bc0bc980-c963-48ce-962e-85091c893131@group-28ACFA97060E-LeaderElection267] INFO  impl.LeaderElection (LeaderElection.java:askForVotes(178)) - bc0bc980-c963-48ce-962e-85091c893131@group-28ACFA97060E-LeaderElection267: begin an election at term 264 for -1: [46069bd9-45fc-4c82-823c-36f07a1bcff0:192.168.157.254:34001, bc0bc980-c963-48ce-962e-85091c893131:192.168.157.254:46787, d612b743-bedc-4c3f-983e-e3329f8a2e6f:192.168.157.254:44523], old=null
2019-10-16 20:42:34,840 [grpc-default-executor-2] INFO  impl.RaftServerImpl (RaftServerImpl.java:setRole(184)) - 46069bd9-45fc-4c82-823c-36f07a1bcff0@group-28ACFA97060E: changes role from  FOLLOWER to FOLLOWER at term 264 for recognizeCandidate:bc0bc980-c963-48ce-962e-85091c893131
2019-10-16 20:42:34,840 [grpc-default-executor-2] INFO  impl.RoleInfo (RoleInfo.java:shutdownFollowerState(121)) - 46069bd9-45fc-4c82-823c-36f07a1bcff0: shutdown FollowerState
2019-10-16 20:42:34,840 [grpc-default-executor-0] INFO  impl.RaftServerImpl (RaftServerImpl.java:setRole(184)) - d612b743-bedc-4c3f-983e-e3329f8a2e6f@group-28ACFA97060E: changes role from  FOLLOWER to FOLLOWER at term 264 for recognizeCandidate:bc0bc980-c963-48ce-962e-85091c893131
2019-10-16 20:42:34,840 [Thread-2319] INFO  impl.FollowerState (FollowerState.java:run(117)) - 46069bd9-45fc-4c82-823c-36f07a1bcff0@group-28ACFA97060E-FollowerState was interrupted: java.lang.InterruptedException: sleep interrupted
2019-10-16 20:42:34,840 [grpc-default-executor-0] INFO  impl.RoleInfo (RoleInfo.java:shutdownFollowerState(121)) - d612b743-bedc-4c3f-983e-e3329f8a2e6f: shutdown FollowerState
2019-10-16 20:42:34,840 [grpc-default-executor-2] INFO  impl.RoleInfo (RoleInfo.java:updateAndGet(143)) - 46069bd9-45fc-4c82-823c-36f07a1bcff0: start FollowerState
2019-10-16 20:42:34,841 [Thread-2318] INFO  impl.FollowerState (FollowerState.java:run(117)) - d612b743-bedc-4c3f-983e-e3329f8a2e6f@group-28ACFA97060E-FollowerState was interrupted: java.lang.InterruptedException: sleep interrupted
2019-10-16 20:42:34,841 [grpc-default-executor-0] INFO  impl.RoleInfo (RoleInfo.java:updateAndGet(143)) - d612b743-bedc-4c3f-983e-e3329f8a2e6f: start FollowerState
2019-10-16 20:42:34,867 [bc0bc980-c963-48ce-962e-85091c893131@group-28ACFA97060E-LeaderElection267] INFO  impl.LeaderElection (LeaderElection.java:logAndReturn(56)) - bc0bc980-c963-48ce-962e-85091c893131@group-28ACFA97060E-LeaderElection267: Election REJECTED; received 2 response(s) [bc0bc980-c963-48ce-962e-85091c893131<-46069bd9-45fc-4c82-823c-36f07a1bcff0#0:FAIL-t264, bc0bc980-c963-48ce-962e-85091c893131<-d612b743-bedc-4c3f-983e-e3329f8a2e6f#0:FAIL-t264] and 0 exception(s); bc0bc980-c963-48ce-962e-85091c893131@group-28ACFA97060E:t264, leader=null, voted=bc0bc980-c963-48ce-962e-85091c893131, raftlog=bc0bc980-c963-48ce-962e-85091c893131@group-28ACFA97060E-SegmentedRaftLog:OPENED:c-1,f-1,i0, conf=-1: [46069bd9-45fc-4c82-823c-36f07a1bcff0:192.168.157.254:34001, bc0bc980-c963-48ce-962e-85091c893131:192.168.157.254:46787, d612b743-bedc-4c3f-983e-e3329f8a2e6f:192.168.157.254:44523], old=null
2019-10-16 20:42:34,867 [bc0bc980-c963-48ce-962e-85091c893131@group-28ACFA97060E-LeaderElection267] INFO  impl.RaftServerImpl (RaftServerImpl.java:setRole(184)) - bc0bc980-c963-48ce-962e-85091c893131@group-28ACFA97060E: changes role from CANDIDATE to FOLLOWER at term 264 for DISCOVERED_A_NEW_TERM
2019-10-16 20:42:34,867 [bc0bc980-c963-48ce-962e-85091c893131@group-28ACFA97060E-LeaderElection267] INFO  impl.RoleInfo (RoleInfo.java:shutdownLeaderElection(134)) - bc0bc980-c963-48ce-962e-85091c893131: shutdown LeaderElection
2019-10-16 20:42:34,867 [bc0bc980-c963-48ce-962e-85091c893131@group-28ACFA97060E-LeaderElection267] INFO  impl.RoleInfo (RoleInfo.java:updateAndGet(143)) - bc0bc980-c963-48ce-962e-85091c893131: start FollowerState
2019-10-16 20:42:34,882 [Thread-2326] INFO  impl.FollowerState (FollowerState.java:run(108)) - bc0bc980-c963-48ce-962e-85091c893131@group-28ACFA97060E-FollowerState: change to CANDIDATE, lastRpcTime:14ms, electionTimeout:14ms
2019-10-16 20:42:34,882 [Thread-2326] INFO  impl.RoleInfo (RoleInfo.java:shutdownFollowerState(121)) - bc0bc980-c963-48ce-962e-85091c893131: shutdown FollowerState
2019-10-16 20:42:34,882 [Thread-2326] INFO  impl.RaftServerImpl (RaftServerImpl.java:setRole(184)) - bc0bc980-c963-48ce-962e-85091c893131@group-28ACFA97060E: changes role from  FOLLOWER to CANDIDATE at term 264 for changeToCandidate
2019-10-16 20:42:34,882 [Thread-2326] INFO  impl.RoleInfo (RoleInfo.java:updateAndGet(143)) - bc0bc980-c963-48ce-962e-85091c893131: start LeaderElection
2019-10-16 20:42:34,895 [bc0bc980-c963-48ce-962e-85091c893131@group-28ACFA97060E-LeaderElection268] INFO  impl.LeaderElection (LeaderElection.java:askForVotes(178)) - bc0bc980-c963-48ce-962e-85091c893131@group-28ACFA97060E-LeaderElection268: begin an election at term 265 for -1: [46069bd9-45fc-4c82-823c-36f07a1bcff0:192.168.157.254:34001, bc0bc980-c963-48ce-962e-85091c893131:192.168.157.254:46787, d612b743-bedc-4c3f-983e-e3329f8a2e6f:192.168.157.254:44523], old=null
2019-10-16 20:42:34,896 [grpc-default-executor-0] INFO  impl.RaftServerImpl (RaftServerImpl.java:setRole(184)) - 46069bd9-45fc-4c82-823c-36f07a1bcff0@group-28ACFA97060E: changes role from  FOLLOWER to FOLLOWER at term 265 for recognizeCandidate:bc0bc980-c963-48ce-962e-85091c893131
2019-10-16 20:42:34,896 [grpc-default-executor-2] INFO  impl.RaftServerImpl (RaftServerImpl.java:setRole(184)) - d612b743-bedc-4c3f-983e-e3329f8a2e6f@group-28ACFA97060E: changes role from  FOLLOWER to FOLLOWER at term 265 for recognizeCandidate:bc0bc980-c963-48ce-962e-85091c893131
2019-10-16 20:42:34,896 [grpc-default-executor-0] INFO  impl.RoleInfo (RoleInfo.java:shutdownFollowerState(121)) - 46069bd9-45fc-4c82-823c-36f07a1bcff0: shutdown FollowerState
2019-10-16 20:42:34,897 [grpc-default-executor-2] INFO  impl.RoleInfo (RoleInfo.java:shutdownFollowerState(121)) - d612b743-bedc-4c3f-983e-e3329f8a2e6f: shutdown FollowerState
2019-10-16 20:42:34,897 [Thread-2324] INFO  impl.FollowerState (FollowerState.java:run(117)) - 46069bd9-45fc-4c82-823c-36f07a1bcff0@group-28ACFA97060E-FollowerState was interrupted: java.lang.InterruptedException: sleep interrupted
2019-10-16 20:42:34,897 [Thread-2325] INFO  impl.FollowerState (FollowerState.java:run(117)) - d612b743-bedc-4c3f-983e-e3329f8a2e6f@group-28ACFA97060E-FollowerState was interrupted: java.lang.InterruptedException: sleep interrupted
2019-10-16 20:42:34,897 [grpc-default-executor-0] INFO  impl.RoleInfo (RoleInfo.java:updateAndGet(143)) - 46069bd9-45fc-4c82-823c-36f07a1bcff0: start FollowerState
2019-10-16 20:42:34,897 [grpc-default-executor-2] INFO  impl.RoleInfo (RoleInfo.java:updateAndGet(143)) - d612b743-bedc-4c3f-983e-e3329f8a2e6f: start FollowerState
2019-10-16 20:42:34,923 [bc0bc980-c963-48ce-962e-85091c893131@group-28ACFA97060E-LeaderElection268] INFO  impl.LeaderElection (LeaderElection.java:logAndReturn(56)) - bc0bc980-c963-48ce-962e-85091c893131@group-28ACFA97060E-LeaderElection268: Election REJECTED; received 2 response(s) [bc0bc980-c963-48ce-962e-85091c893131<-46069bd9-45fc-4c82-823c-36f07a1bcff0#0:FAIL-t265, bc0bc980-c963-48ce-962e-85091c893131<-d612b743-bedc-4c3f-983e-e3329f8a2e6f#0:FAIL-t265] and 0 exception(s); bc0bc980-c963-48ce-962e-85091c893131@group-28ACFA97060E:t265, leader=null, voted=bc0bc980-c963-48ce-962e-85091c893131, raftlog=bc0bc980-c963-48ce-962e-85091c893131@group-28ACFA97060E-SegmentedRaftLog:OPENED:c-1,f-1,i0, conf=-1: [46069bd9-45fc-4c82-823c-36f07a1bcff0:192.168.157.254:34001, bc0bc980-c963-48ce-962e-85091c893131:192.168.157.254:46787, d612b743-bedc-4c3f-983e-e3329f8a2e6f:192.168.157.254:44523], old=null
2019-10-16 20:42:34,923 [bc0bc980-c963-48ce-962e-85091c893131@group-28ACFA97060E-LeaderElection268] INFO  impl.RaftServerImpl (RaftServerImpl.java:setRole(184)) - bc0bc980-c963-48ce-962e-85091c893131@group-28ACFA97060E: changes role from CANDIDATE to FOLLOWER at term 265 for DISCOVERED_A_NEW_TERM
2019-10-16 20:42:34,924 [bc0bc980-c963-48ce-962e-85091c893131@group-28ACFA97060E-LeaderElection268] INFO  impl.RoleInfo (RoleInfo.java:shutdownLeaderElection(134)) - bc0bc980-c963-48ce-962e-85091c893131: shutdown LeaderElection
2019-10-16 20:42:34,924 [bc0bc980-c963-48ce-962e-85091c893131@group-28ACFA97060E-LeaderElection268] INFO  impl.RoleInfo (RoleInfo.java:updateAndGet(143)) - bc0bc980-c963-48ce-962e-85091c893131: start FollowerState
2019-10-16 20:42:35,042 [Thread-2332] INFO  impl.FollowerState (FollowerState.java:run(108)) - bc0bc980-c963-48ce-962e-85091c893131@group-28ACFA97060E-FollowerState: change to CANDIDATE, lastRpcTime:118ms, electionTimeout:118ms
2019-10-16 20:42:35,042 [Thread-2332] INFO  impl.RoleInfo (RoleInfo.java:shutdownFollowerState(121)) - bc0bc980-c963-48ce-962e-85091c893131: shutdown FollowerState
2019-10-16 20:42:35,043 [Thread-2332] INFO  impl.RaftServerImpl (RaftServerImpl.java:setRole(184)) - bc0bc980-c963-48ce-962e-85091c893131@group-28ACFA97060E: changes role from  FOLLOWER to CANDIDATE at term 265 for changeToCandidate
2019-10-16 20:42:35,043 [Thread-2332] INFO  impl.RoleInfo (RoleInfo.java:updateAndGet(143)) - bc0bc980-c963-48ce-962e-85091c893131: start LeaderElection
2019-10-16 20:42:35,056 [bc0bc980-c963-48ce-962e-85091c893131@group-28ACFA97060E-LeaderElection269] INFO  impl.LeaderElection (LeaderElection.java:askForVotes(178)) - bc0bc980-c963-48ce-962e-85091c893131@group-28ACFA97060E-LeaderElection269: begin an election at term 266 for -1: [46069bd9-45fc-4c82-823c-36f07a1bcff0:192.168.157.254:34001, bc0bc980-c963-48ce-962e-85091c893131:192.168.157.254:46787, d612b743-bedc-4c3f-983e-e3329f8a2e6f:192.168.157.254:44523], old=null
2019-10-16 20:42:35,058 [grpc-default-executor-0] INFO  impl.RaftServerImpl (RaftServerImpl.java:setRole(184)) - 46069bd9-45fc-4c82-823c-36f07a1bcff0@group-28ACFA97060E: changes role from  FOLLOWER to FOLLOWER at term 266 for recognizeCandidate:bc0bc980-c963-48ce-962e-85091c893131
2019-10-16 20:42:35,058 [grpc-default-executor-2] INFO  impl.RaftServerImpl (RaftServerImpl.java:setRole(184)) - d612b743-bedc-4c3f-983e-e3329f8a2e6f@group-28ACFA97060E: changes role from  FOLLOWER to FOLLOWER at term 266 for recognizeCandidate:bc0bc980-c963-48ce-962e-85091c893131
2019-10-16 20:42:35,058 [grpc-default-executor-2] INFO  impl.RoleInfo (RoleInfo.java:shutdownFollowerState(121)) - d612b743-bedc-4c3f-983e-e3329f8a2e6f: shutdown FollowerState
2019-10-16 20:42:35,058 [grpc-default-executor-0] INFO  impl.RoleInfo (RoleInfo.java:shutdownFollowerState(121)) - 46069bd9-45fc-4c82-823c-36f07a1bcff0: shutdown FollowerState
2019-10-16 20:42:35,059 [Thread-2331] INFO  impl.FollowerState (FollowerState.java:run(117)) - d612b743-bedc-4c3f-983e-e3329f8a2e6f@group-28ACFA97060E-FollowerState was interrupted: java.lang.InterruptedException: sleep interrupted
2019-10-16 20:42:35,059 [grpc-default-executor-0] INFO  impl.RoleInfo (RoleInfo.java:updateAndGet(143)) - 46069bd9-45fc-4c82-823c-36f07a1bcff0: start FollowerState
2019-10-16 20:42:35,059 [grpc-default-executor-2] INFO  impl.RoleInfo (RoleInfo.java:updateAndGet(143)) - d612b743-bedc-4c3f-983e-e3329f8a2e6f: start FollowerState
2019-10-16 20:42:35,059 [Thread-2330] INFO  impl.FollowerState (FollowerState.java:run(117)) - 46069bd9-45fc-4c82-823c-36f07a1bcff0@group-28ACFA97060E-FollowerState was interrupted: java.lang.InterruptedException: sleep interrupted
2019-10-16 20:42:35,062 [bc0bc980-c963-48ce-962e-85091c893131@group-28ACFA97060E-LeaderElection269] INFO  impl.LeaderElection (LeaderElection.java:logAndReturn(56)) - bc0bc980-c963-48ce-962e-85091c893131@group-28ACFA97060E-LeaderElection269: Election TIMEOUT; received 0 response(s) [] and 0 exception(s); bc0bc980-c963-48ce-962e-85091c893131@group-28ACFA97060E:t266, leader=null, voted=bc0bc980-c963-48ce-962e-85091c893131, raftlog=bc0bc980-c963-48ce-962e-85091c893131@group-28ACFA97060E-SegmentedRaftLog:OPENED:c-1,f-1,i0, conf=-1: [46069bd9-45fc-4c82-823c-36f07a1bcff0:192.168.157.254:34001, bc0bc980-c963-48ce-962e-85091c893131:192.168.157.254:46787, d612b743-bedc-4c3f-983e-e3329f8a2e6f:192.168.157.254:44523], old=null
2019-10-16 20:42:35,079 [bc0bc980-c963-48ce-962e-85091c893131@group-28ACFA97060E-LeaderElection269] INFO  impl.LeaderElection (LeaderElection.java:askForVotes(178)) - bc0bc980-c963-48ce-962e-85091c893131@group-28ACFA97060E-LeaderElection269: begin an election at term 267 for -1: [46069bd9-45fc-4c82-823c-36f07a1bcff0:192.168.157.254:34001, bc0bc980-c963-48ce-962e-85091c893131:192.168.157.254:46787, d612b743-bedc-4c3f-983e-e3329f8a2e6f:192.168.157.254:44523], old=null
2019-10-16 20:42:35,080 [grpc-default-executor-2] INFO  impl.RaftServerImpl (RaftServerImpl.java:setRole(184)) - 46069bd9-45fc-4c82-823c-36f07a1bcff0@group-28ACFA97060E: changes role from  FOLLOWER to FOLLOWER at term 267 for recognizeCandidate:bc0bc980-c963-48ce-962e-85091c893131
2019-10-16 20:42:35,080 [grpc-default-executor-2] INFO  impl.RoleInfo (RoleInfo.java:shutdownFollowerState(121)) - 46069bd9-45fc-4c82-823c-36f07a1bcff0: shutdown FollowerState
2019-10-16 20:42:35,080 [grpc-default-executor-2] INFO  impl.RoleInfo (RoleInfo.java:updateAndGet(143)) - 46069bd9-45fc-4c82-823c-36f07a1bcff0: start FollowerState
2019-10-16 20:42:35,080 [Thread-2337] INFO  impl.FollowerState (FollowerState.java:run(117)) - 46069bd9-45fc-4c82-823c-36f07a1bcff0@group-28ACFA97060E-FollowerState was interrupted: java.lang.InterruptedException: sleep interrupted
2019-10-16 20:42:35,081 [grpc-default-executor-0] INFO  impl.RaftServerImpl (RaftServerImpl.java:setRole(184)) - d612b743-bedc-4c3f-983e-e3329f8a2e6f@group-28ACFA97060E: changes role from  FOLLOWER to FOLLOWER at term 267 for recognizeCandidate:bc0bc980-c963-48ce-962e-85091c893131
2019-10-16 20:42:35,081 [grpc-default-executor-0] INFO  impl.RoleInfo (RoleInfo.java:shutdownFollowerState(121)) - d612b743-bedc-4c3f-983e-e3329f8a2e6f: shutdown FollowerState
2019-10-16 20:42:35,081 [grpc-default-executor-0] INFO  impl.RoleInfo (RoleInfo.java:updateAndGet(143)) - d612b743-bedc-4c3f-983e-e3329f8a2e6f: start FollowerState
2019-10-16 20:42:35,081 [Thread-2336] INFO  impl.FollowerState (FollowerState.java:run(117)) - d612b743-bedc-4c3f-983e-e3329f8a2e6f@group-28ACFA97060E-FollowerState was interrupted: java.lang.InterruptedException: sleep interrupted
2019-10-16 20:42:35,124 [bc0bc980-c963-48ce-962e-85091c893131@group-28ACFA97060E-LeaderElection269] INFO  impl.LeaderElection (LeaderElection.java:logAndReturn(56)) - bc0bc980-c963-48ce-962e-85091c893131@group-28ACFA97060E-LeaderElection269: Election REJECTED; received 2 response(s) [bc0bc980-c963-48ce-962e-85091c893131<-46069bd9-45fc-4c82-823c-36f07a1bcff0#0:FAIL-t267, bc0bc980-c963-48ce-962e-85091c893131<-d612b743-bedc-4c3f-983e-e3329f8a2e6f#0:FAIL-t267] and 0 exception(s); bc0bc980-c963-48ce-962e-85091c893131@group-28ACFA97060E:t267, leader=null, voted=bc0bc980-c963-48ce-962e-85091c893131, raftlog=bc0bc980-c963-48ce-962e-85091c893131@group-28ACFA97060E-SegmentedRaftLog:OPENED:c-1,f-1,i0, conf=-1: [46069bd9-45fc-4c82-823c-36f07a1bcff0:192.168.157.254:34001, bc0bc980-c963-48ce-962e-85091c893131:192.168.157.254:46787, d612b743-bedc-4c3f-983e-e3329f8a2e6f:192.168.157.254:44523], old=null
2019-10-16 20:42:35,124 [bc0bc980-c963-48ce-962e-85091c893131@group-28ACFA97060E-LeaderElection269] INFO  impl.RaftServerImpl (RaftServerImpl.java:setRole(184)) - bc0bc980-c963-48ce-962e-85091c893131@group-28ACFA97060E: changes role from CANDIDATE to FOLLOWER at term 267 for DISCOVERED_A_NEW_TERM
2019-10-16 20:42:35,124 [bc0bc980-c963-48ce-962e-85091c893131@group-28ACFA97060E-LeaderElection269] INFO  impl.RoleInfo (RoleInfo.java:shutdownLeaderElection(134)) - bc0bc980-c963-48ce-962e-85091c893131: shutdown LeaderElection
2019-10-16 20:42:35,125 [bc0bc980-c963-48ce-962e-85091c893131@group-28ACFA97060E-LeaderElection269] INFO  impl.RoleInfo (RoleInfo.java:updateAndGet(143)) - bc0bc980-c963-48ce-962e-85091c893131: start FollowerState
2019-10-16 20:42:35,305 [Thread-2342] INFO  impl.FollowerState (FollowerState.java:run(108)) - bc0bc980-c963-48ce-962e-85091c893131@group-28ACFA97060E-FollowerState: change to CANDIDATE, lastRpcTime:180ms, electionTimeout:180ms
2019-10-16 20:42:35,305 [Thread-2342] INFO  impl.RoleInfo (RoleInfo.java:shutdownFollowerState(121)) - bc0bc980-c963-48ce-962e-85091c893131: shutdown FollowerState
2019-10-16 20:42:35,305 [Thread-2342] INFO  impl.RaftServerImpl (RaftServerImpl.java:setRole(184)) - bc0bc980-c963-48ce-962e-85091c893131@group-28ACFA97060E: changes role from  FOLLOWER to CANDIDATE at term 267 for changeToCandidate
2019-10-16 20:42:35,306 [Thread-2342] INFO  impl.RoleInfo (RoleInfo.java:updateAndGet(143)) - bc0bc980-c963-48ce-962e-85091c893131: start LeaderElection
2019-10-16 20:42:35,319 [bc0bc980-c963-48ce-962e-85091c893131@group-28ACFA97060E-LeaderElection270] INFO  impl.LeaderElection (LeaderElection.java:askForVotes(178)) - bc0bc980-c963-48ce-962e-85091c893131@group-28ACFA97060E-LeaderElection270: begin an election at term 268 for -1: [46069bd9-45fc-4c82-823c-36f07a1bcff0:192.168.157.254:34001, bc0bc980-c963-48ce-962e-85091c893131:192.168.157.254:46787, d612b743-bedc-4c3f-983e-e3329f8a2e6f:192.168.157.254:44523], old=null
2019-10-16 20:42:35,321 [grpc-default-executor-0] INFO  impl.RaftServerImpl (RaftServerImpl.java:setRole(184)) - 46069bd9-45fc-4c82-823c-36f07a1bcff0@group-28ACFA97060E: changes role from  FOLLOWER to FOLLOWER at term 268 for recognizeCandidate:bc0bc980-c963-48ce-962e-85091c893131
2019-10-16 20:42:35,321 [grpc-default-executor-0] INFO  impl.RoleInfo (RoleInfo.java:shutdownFollowerState(121)) - 46069bd9-45fc-4c82-823c-36f07a1bcff0: shutdown FollowerState
2019-10-16 20:42:35,321 [grpc-default-executor-2] INFO  impl.RaftServerImpl (RaftServerImpl.java:setRole(184)) - d612b743-bedc-4c3f-983e-e3329f8a2e6f@group-28ACFA97060E: changes role from  FOLLOWER to FOLLOWER at term 268 for recognizeCandidate:bc0bc980-c963-48ce-962e-85091c893131
2019-10-16 20:42:35,321 [grpc-default-executor-2] INFO  impl.RoleInfo (RoleInfo.java:shutdownFollowerState(121)) - d612b743-bedc-4c3f-983e-e3329f8a2e6f: shutdown FollowerState
2019-10-16 20:42:35,321 [Thread-2340] INFO  impl.FollowerState (FollowerState.java:run(117)) - 46069bd9-45fc-4c82-823c-36f07a1bcff0@group-28ACFA97060E-FollowerState was interrupted: java.lang.InterruptedException: sleep interrupted
2019-10-16 20:42:35,321 [grpc-default-executor-0] INFO  impl.RoleInfo (RoleInfo.java:updateAndGet(143)) - 46069bd9-45fc-4c82-823c-36f07a1bcff0: start FollowerState
2019-10-16 20:42:35,321 [Thread-2341] INFO  impl.FollowerState (FollowerState.java:run(117)) - d612b743-bedc-4c3f-983e-e3329f8a2e6f@group-28ACFA97060E-FollowerState was interrupted: java.lang.InterruptedException: sleep interrupted
2019-10-16 20:42:35,321 [grpc-default-executor-2] INFO  impl.RoleInfo (RoleInfo.java:updateAndGet(143)) - d612b743-bedc-4c3f-983e-e3329f8a2e6f: start FollowerState
2019-10-16 20:42:35,342 [bc0bc980-c963-48ce-962e-85091c893131@group-28ACFA97060E-LeaderElection270] INFO  impl.LeaderElection (LeaderElection.java:logAndReturn(56)) - bc0bc980-c963-48ce-962e-85091c893131@group-28ACFA97060E-LeaderElection270: Election REJECTED; received 2 response(s) [bc0bc980-c963-48ce-962e-85091c893131<-46069bd9-45fc-4c82-823c-36f07a1bcff0#0:FAIL-t268, bc0bc980-c963-48ce-962e-85091c893131<-d612b743-bedc-4c3f-983e-e3329f8a2e6f#0:FAIL-t268] and 0 exception(s); bc0bc980-c963-48ce-962e-85091c893131@group-28ACFA97060E:t268, leader=null, voted=bc0bc980-c963-48ce-962e-85091c893131, raftlog=bc0bc980-c963-48ce-962e-85091c893131@group-28ACFA97060E-SegmentedRaftLog:OPENED:c-1,f-1,i0, conf=-1: [46069bd9-45fc-4c82-823c-36f07a1bcff0:192.168.157.254:34001, bc0bc980-c963-48ce-962e-85091c893131:192.168.157.254:46787, d612b743-bedc-4c3f-983e-e3329f8a2e6f:192.168.157.254:44523], old=null
2019-10-16 20:42:35,342 [bc0bc980-c963-48ce-962e-85091c893131@group-28ACFA97060E-LeaderElection270] INFO  impl.RaftServerImpl (RaftServerImpl.java:setRole(184)) - bc0bc980-c963-48ce-962e-85091c893131@group-28ACFA97060E: changes role from CANDIDATE to FOLLOWER at term 268 for DISCOVERED_A_NEW_TERM
2019-10-16 20:42:35,343 [bc0bc980-c963-48ce-962e-85091c893131@group-28ACFA97060E-LeaderElection270] INFO  impl.RoleInfo (RoleInfo.java:shutdownLeaderElection(134)) - bc0bc980-c963-48ce-962e-85091c893131: shutdown LeaderElection
2019-10-16 20:42:35,343 [bc0bc980-c963-48ce-962e-85091c893131@group-28ACFA97060E-LeaderElection270] INFO  impl.RoleInfo (RoleInfo.java:updateAndGet(143)) - bc0bc980-c963-48ce-962e-85091c893131: start FollowerState
2019-10-16 20:42:35,472 [Thread-2348] INFO  impl.FollowerState (FollowerState.java:run(108)) - bc0bc980-c963-48ce-962e-85091c893131@group-28ACFA97060E-FollowerState: change to CANDIDATE, lastRpcTime:129ms, electionTimeout:129ms
2019-10-16 20:42:35,472 [Thread-2348] INFO  impl.RoleInfo (RoleInfo.java:shutdownFollowerState(121)) - bc0bc980-c963-48ce-962e-85091c893131: shutdown FollowerState
2019-10-16 20:42:35,472 [Thread-2348] INFO  impl.RaftServerImpl (RaftServerImpl.java:setRole(184)) - bc0bc980-c963-48ce-962e-85091c893131@group-28ACFA97060E: changes role from  FOLLOWER to CANDIDATE at term 268 for changeToCandidate
2019-10-16 20:42:35,472 [Thread-2348] INFO  impl.RoleInfo (RoleInfo.java:updateAndGet(143)) - bc0bc980-c963-48ce-962e-85091c893131: start LeaderElection
2019-10-16 20:42:35,486 [bc0bc980-c963-48ce-962e-85091c893131@group-28ACFA97060E-LeaderElection271] INFO  impl.LeaderElection (LeaderElection.java:askForVotes(178)) - bc0bc980-c963-48ce-962e-85091c893131@group-28ACFA97060E-LeaderElection271: begin an election at term 269 for -1: [46069bd9-45fc-4c82-823c-36f07a1bcff0:192.168.157.254:34001, bc0bc980-c963-48ce-962e-85091c893131:192.168.157.254:46787, d612b743-bedc-4c3f-983e-e3329f8a2e6f:192.168.157.254:44523], old=null
2019-10-16 20:42:35,487 [grpc-default-executor-0] INFO  impl.RaftServerImpl (RaftServerImpl.java:setRole(184)) - 46069bd9-45fc-4c82-823c-36f07a1bcff0@group-28ACFA97060E: changes role from  FOLLOWER to FOLLOWER at term 269 for recognizeCandidate:bc0bc980-c963-48ce-962e-85091c893131
2019-10-16 20:42:35,487 [grpc-default-executor-0] INFO  impl.RoleInfo (RoleInfo.java:shutdownFollowerState(121)) - 46069bd9-45fc-4c82-823c-36f07a1bcff0: shutdown FollowerState
2019-10-16 20:42:35,488 [grpc-default-executor-2] INFO  impl.RaftServerImpl (RaftServerImpl.java:setRole(184)) - d612b743-bedc-4c3f-983e-e3329f8a2e6f@group-28ACFA97060E: changes role from  FOLLOWER to FOLLOWER at term 269 for recognizeCandidate:bc0bc980-c963-48ce-962e-85091c893131
2019-10-16 20:42:35,488 [Thread-2346] INFO  impl.FollowerState (FollowerState.java:run(117)) - 46069bd9-45fc-4c82-823c-36f07a1bcff0@group-28ACFA97060E-FollowerState was interrupted: java.lang.InterruptedException: sleep interrupted
2019-10-16 20:42:35,488 [grpc-default-executor-0] INFO  impl.RoleInfo (RoleInfo.java:updateAndGet(143)) - 46069bd9-45fc-4c82-823c-36f07a1bcff0: start FollowerState
2019-10-16 20:42:35,488 [grpc-default-executor-2] INFO  impl.RoleInfo (RoleInfo.java:shutdownFollowerState(121)) - d612b743-bedc-4c3f-983e-e3329f8a2e6f: shutdown FollowerState
2019-10-16 20:42:35,488 [grpc-default-executor-2] INFO  impl.RoleInfo (RoleInfo.java:updateAndGet(143)) - d612b743-bedc-4c3f-983e-e3329f8a2e6f: start FollowerState
2019-10-16 20:42:35,488 [Thread-2347] INFO  impl.FollowerState (FollowerState.java:run(117)) - d612b743-bedc-4c3f-983e-e3329f8a2e6f@group-28ACFA97060E-FollowerState was interrupted: java.lang.InterruptedException: sleep interrupted
2019-10-16 20:42:35,503 [bc0bc980-c963-48ce-962e-85091c893131@group-28ACFA97060E-LeaderElection271] INFO  impl.LeaderElection (LeaderElection.java:logAndReturn(56)) - bc0bc980-c963-48ce-962e-85091c893131@group-28ACFA97060E-LeaderElection271: Election REJECTED; received 2 response(s) [bc0bc980-c963-48ce-962e-85091c893131<-46069bd9-45fc-4c82-823c-36f07a1bcff0#0:FAIL-t269, bc0bc980-c963-48ce-962e-85091c893131<-d612b743-bedc-4c3f-983e-e3329f8a2e6f#0:FAIL-t269] and 0 exception(s); bc0bc980-c963-48ce-962e-85091c893131@group-28ACFA97060E:t269, leader=null, voted=bc0bc980-c963-48ce-962e-85091c893131, raftlog=bc0bc980-c963-48ce-962e-85091c893131@group-28ACFA97060E-SegmentedRaftLog:OPENED:c-1,f-1,i0, conf=-1: [46069bd9-45fc-4c82-823c-36f07a1bcff0:192.168.157.254:34001, bc0bc980-c963-48ce-962e-85091c893131:192.168.157.254:46787, d612b743-bedc-4c3f-983e-e3329f8a2e6f:192.168.157.254:44523], old=null
2019-10-16 20:42:35,504 [bc0bc980-c963-48ce-962e-85091c893131@group-28ACFA97060E-LeaderElection271] INFO  impl.RaftServerImpl (RaftServerImpl.java:setRole(184)) - bc0bc980-c963-48ce-962e-85091c893131@group-28ACFA97060E: changes role from CANDIDATE to FOLLOWER at term 269 for DISCOVERED_A_NEW_TERM
2019-10-16 20:42:35,504 [bc0bc980-c963-48ce-962e-85091c893131@group-28ACFA97060E-LeaderElection271] INFO  impl.RoleInfo (RoleInfo.java:shutdownLeaderElection(134)) - bc0bc980-c963-48ce-962e-85091c893131: shutdown LeaderElection
2019-10-16 20:42:35,504 [bc0bc980-c963-48ce-962e-85091c893131@group-28ACFA97060E-LeaderElection271] INFO  impl.RoleInfo (RoleInfo.java:updateAndGet(143)) - bc0bc980-c963-48ce-962e-85091c893131: start FollowerState
2019-10-16 20:42:35,614 [Thread-2354] INFO  impl.FollowerState (FollowerState.java:run(108)) - bc0bc980-c963-48ce-962e-85091c893131@group-28ACFA97060E-FollowerState: change to CANDIDATE, lastRpcTime:110ms, electionTimeout:110ms
2019-10-16 20:42:35,614 [Thread-2354] INFO  impl.RoleInfo (RoleInfo.java:shutdownFollowerState(121)) - bc0bc980-c963-48ce-962e-85091c893131: shutdown FollowerState
2019-10-16 20:42:35,614 [Thread-2354] INFO  impl.RaftServerImpl (RaftServerImpl.java:setRole(184)) - bc0bc980-c963-48ce-962e-85091c893131@group-28ACFA97060E: changes role from  FOLLOWER to CANDIDATE at term 269 for changeToCandidate
2019-10-16 20:42:35,615 [Thread-2354] INFO  impl.RoleInfo (RoleInfo.java:updateAndGet(143)) - bc0bc980-c963-48ce-962e-85091c893131: start LeaderElection
2019-10-16 20:42:35,618 [bc0bc980-c963-48ce-962e-85091c893131@group-28ACFA97060E-LeaderElection272] INFO  impl.LeaderElection (LeaderElection.java:askForVotes(178)) - bc0bc980-c963-48ce-962e-85091c893131@group-28ACFA97060E-LeaderElection272: begin an election at term 270 for -1: [46069bd9-45fc-4c82-823c-36f07a1bcff0:192.168.157.254:34001, bc0bc980-c963-48ce-962e-85091c893131:192.168.157.254:46787, d612b743-bedc-4c3f-983e-e3329f8a2e6f:192.168.157.254:44523], old=null
2019-10-16 20:42:35,620 [grpc-default-executor-2] INFO  impl.RaftServerImpl (RaftServerImpl.java:setRole(184)) - 46069bd9-45fc-4c82-823c-36f07a1bcff0@group-28ACFA97060E: changes role from  FOLLOWER to FOLLOWER at term 270 for recognizeCandidate:bc0bc980-c963-48ce-962e-85091c893131
2019-10-16 20:42:35,620 [grpc-default-executor-2] INFO  impl.RoleInfo (RoleInfo.java:shutdownFollowerState(121)) - 46069bd9-45fc-4c82-823c-36f07a1bcff0: shutdown FollowerState
2019-10-16 20:42:35,620 [grpc-default-executor-0] INFO  impl.RaftServerImpl (RaftServerImpl.java:setRole(184)) - d612b743-bedc-4c3f-983e-e3329f8a2e6f@group-28ACFA97060E: changes role from  FOLLOWER to FOLLOWER at term 270 for recognizeCandidate:bc0bc980-c963-48ce-962e-85091c893131
2019-10-16 20:42:35,620 [grpc-default-executor-0] INFO  impl.RoleInfo (RoleInfo.java:shutdownFollowerState(121)) - d612b743-bedc-4c3f-983e-e3329f8a2e6f: shutdown FollowerState
2019-10-16 20:42:35,620 [Thread-2352] INFO  impl.FollowerState (FollowerState.java:run(117)) - 46069bd9-45fc-4c82-823c-36f07a1bcff0@group-28ACFA97060E-FollowerState was interrupted: java.lang.InterruptedException: sleep interrupted
2019-10-16 20:42:35,620 [grpc-default-executor-2] INFO  impl.RoleInfo (RoleInfo.java:updateAndGet(143)) - 46069bd9-45fc-4c82-823c-36f07a1bcff0: start FollowerState
2019-10-16 20:42:35,620 [Thread-2353] INFO  impl.FollowerState (FollowerState.java:run(117)) - d612b743-bedc-4c3f-983e-e3329f8a2e6f@group-28ACFA97060E-FollowerState was interrupted: java.lang.InterruptedException: sleep interrupted
2019-10-16 20:42:35,620 [grpc-default-executor-0] INFO  impl.RoleInfo (RoleInfo.java:updateAndGet(143)) - d612b743-bedc-4c3f-983e-e3329f8a2e6f: start FollowerState
2019-10-16 20:42:35,630 [bc0bc980-c963-48ce-962e-85091c893131@group-28ACFA97060E-LeaderElection272] INFO  impl.LeaderElection (LeaderElection.java:logAndReturn(56)) - bc0bc980-c963-48ce-962e-85091c893131@group-28ACFA97060E-LeaderElection272: Election REJECTED; received 2 response(s) [bc0bc980-c963-48ce-962e-85091c893131<-46069bd9-45fc-4c82-823c-36f07a1bcff0#0:FAIL-t270, bc0bc980-c963-48ce-962e-85091c893131<-d612b743-bedc-4c3f-983e-e3329f8a2e6f#0:FAIL-t270] and 0 exception(s); bc0bc980-c963-48ce-962e-85091c893131@group-28ACFA97060E:t270, leader=null, voted=bc0bc980-c963-48ce-962e-85091c893131, raftlog=bc0bc980-c963-48ce-962e-85091c893131@group-28ACFA97060E-SegmentedRaftLog:OPENED:c-1,f-1,i0, conf=-1: [46069bd9-45fc-4c82-823c-36f07a1bcff0:192.168.157.254:34001, bc0bc980-c963-48ce-962e-85091c893131:192.168.157.254:46787, d612b743-bedc-4c3f-983e-e3329f8a2e6f:192.168.157.254:44523], old=null
2019-10-16 20:42:35,630 [bc0bc980-c963-48ce-962e-85091c893131@group-28ACFA97060E-LeaderElection272] INFO  impl.RaftServerImpl (RaftServerImpl.java:setRole(184)) - bc0bc980-c963-48ce-962e-85091c893131@group-28ACFA97060E: changes role from CANDIDATE to FOLLOWER at term 270 for DISCOVERED_A_NEW_TERM
2019-10-16 20:42:35,631 [bc0bc980-c963-48ce-962e-85091c893131@group-28ACFA97060E-LeaderElection272] INFO  impl.RoleInfo (RoleInfo.java:shutdownLeaderElection(134)) - bc0bc980-c963-48ce-962e-85091c893131: shutdown LeaderElection
2019-10-16 20:42:35,631 [bc0bc980-c963-48ce-962e-85091c893131@group-28ACFA97060E-LeaderElection272] INFO  impl.RoleInfo (RoleInfo.java:updateAndGet(143)) - bc0bc980-c963-48ce-962e-85091c893131: start FollowerState
2019-10-16 20:42:35,667 [Thread-2360] INFO  impl.FollowerState (FollowerState.java:run(108)) - bc0bc980-c963-48ce-962e-85091c893131@group-28ACFA97060E-FollowerState: change to CANDIDATE, lastRpcTime:36ms, electionTimeout:36ms
2019-10-16 20:42:35,667 [Thread-2360] INFO  impl.RoleInfo (RoleInfo.java:shutdownFollowerState(121)) - bc0bc980-c963-48ce-962e-85091c893131: shutdown FollowerState
2019-10-16 20:42:35,667 [Thread-2360] INFO  impl.RaftServerImpl (RaftServerImpl.java:setRole(184)) - bc0bc980-c963-48ce-962e-85091c893131@group-28ACFA97060E: changes role from  FOLLOWER to CANDIDATE at term 270 for changeToCandidate
2019-10-16 20:42:35,667 [Thread-2360] INFO  impl.RoleInfo (RoleInfo.java:updateAndGet(143)) - bc0bc980-c963-48ce-962e-85091c893131: start LeaderElection
2019-10-16 20:42:35,682 [bc0bc980-c963-48ce-962e-85091c893131@group-28ACFA97060E-LeaderElection273] INFO  impl.LeaderElection (LeaderElection.java:askForVotes(178)) - bc0bc980-c963-48ce-962e-85091c893131@group-28ACFA97060E-LeaderElection273: begin an election at term 271 for -1: [46069bd9-45fc-4c82-823c-36f07a1bcff0:192.168.157.254:34001, bc0bc980-c963-48ce-962e-85091c893131:192.168.157.254:46787, d612b743-bedc-4c3f-983e-e3329f8a2e6f:192.168.157.254:44523], old=null
2019-10-16 20:42:35,684 [grpc-default-executor-0] INFO  impl.RaftServerImpl (RaftServerImpl.java:setRole(184)) - 46069bd9-45fc-4c82-823c-36f07a1bcff0@group-28ACFA97060E: changes role from  FOLLOWER to FOLLOWER at term 271 for recognizeCandidate:bc0bc980-c963-48ce-962e-85091c893131
2019-10-16 20:42:35,684 [grpc-default-executor-0] INFO  impl.RoleInfo (RoleInfo.java:shutdownFollowerState(121)) - 46069bd9-45fc-4c82-823c-36f07a1bcff0: shutdown FollowerState
2019-10-16 20:42:35,684 [grpc-default-executor-0] INFO  impl.RoleInfo (RoleInfo.java:updateAndGet(143)) - 46069bd9-45fc-4c82-823c-36f07a1bcff0: start FollowerState
2019-10-16 20:42:35,684 [Thread-2358] INFO  impl.FollowerState (FollowerState.java:run(117)) - 46069bd9-45fc-4c82-823c-36f07a1bcff0@group-28ACFA97060E-FollowerState was interrupted: java.lang.InterruptedException: sleep interrupted
2019-10-16 20:42:35,684 [grpc-default-executor-2] INFO  impl.RaftServerImpl (RaftServerImpl.java:setRole(184)) - d612b743-bedc-4c3f-983e-e3329f8a2e6f@group-28ACFA97060E: changes role from  FOLLOWER to FOLLOWER at term 271 for recognizeCandidate:bc0bc980-c963-48ce-962e-85091c893131
2019-10-16 20:42:35,685 [grpc-default-executor-2] INFO  impl.RoleInfo (RoleInfo.java:shutdownFollowerState(121)) - d612b743-bedc-4c3f-983e-e3329f8a2e6f: shutdown FollowerState
2019-10-16 20:42:35,685 [Thread-2359] INFO  impl.FollowerState (FollowerState.java:run(117)) - d612b743-bedc-4c3f-983e-e3329f8a2e6f@group-28ACFA97060E-FollowerState was interrupted: java.lang.InterruptedException: sleep interrupted
2019-10-16 20:42:35,685 [grpc-default-executor-2] INFO  impl.RoleInfo (RoleInfo.java:updateAndGet(143)) - d612b743-bedc-4c3f-983e-e3329f8a2e6f: start FollowerState
2019-10-16 20:42:35,710 [bc0bc980-c963-48ce-962e-85091c893131@group-28ACFA97060E-LeaderElection273] INFO  impl.LeaderElection (LeaderElection.java:logAndReturn(56)) - bc0bc980-c963-48ce-962e-85091c893131@group-28ACFA97060E-LeaderElection273: Election REJECTED; received 2 response(s) [bc0bc980-c963-48ce-962e-85091c893131<-46069bd9-45fc-4c82-823c-36f07a1bcff0#0:FAIL-t271, bc0bc980-c963-48ce-962e-85091c893131<-d612b743-bedc-4c3f-983e-e3329f8a2e6f#0:FAIL-t271] and 0 exception(s); bc0bc980-c963-48ce-962e-85091c893131@group-28ACFA97060E:t271, leader=null, voted=bc0bc980-c963-48ce-962e-85091c893131, raftlog=bc0bc980-c963-48ce-962e-85091c893131@group-28ACFA97060E-SegmentedRaftLog:OPENED:c-1,f-1,i0, conf=-1: [46069bd9-45fc-4c82-823c-36f07a1bcff0:192.168.157.254:34001, bc0bc980-c963-48ce-962e-85091c893131:192.168.157.254:46787, d612b743-bedc-4c3f-983e-e3329f8a2e6f:192.168.157.254:44523], old=null
2019-10-16 20:42:35,710 [bc0bc980-c963-48ce-962e-85091c893131@group-28ACFA97060E-LeaderElection273] INFO  impl.RaftServerImpl (RaftServerImpl.java:setRole(184)) - bc0bc980-c963-48ce-962e-85091c893131@group-28ACFA97060E: changes role from CANDIDATE to FOLLOWER at term 271 for DISCOVERED_A_NEW_TERM
2019-10-16 20:42:35,710 [bc0bc980-c963-48ce-962e-85091c893131@group-28ACFA97060E-LeaderElection273] INFO  impl.RoleInfo (RoleInfo.java:shutdownLeaderElection(134)) - bc0bc980-c963-48ce-962e-85091c893131: shutdown LeaderElection
2019-10-16 20:42:35,710 [bc0bc980-c963-48ce-962e-85091c893131@group-28ACFA97060E-LeaderElection273] INFO  impl.RoleInfo (RoleInfo.java:updateAndGet(143)) - bc0bc980-c963-48ce-962e-85091c893131: start FollowerState
2019-10-16 20:42:35,729 [Thread-2366] INFO  impl.FollowerState (FollowerState.java:run(108)) - bc0bc980-c963-48ce-962e-85091c893131@group-28ACFA97060E-FollowerState: change to CANDIDATE, lastRpcTime:18ms, electionTimeout:18ms
2019-10-16 20:42:35,729 [Thread-2366] INFO  impl.RoleInfo (RoleInfo.java:shutdownFollowerState(121)) - bc0bc980-c963-48ce-962e-85091c893131: shutdown FollowerState
2019-10-16 20:42:35,729 [Thread-2366] INFO  impl.RaftServerImpl (RaftServerImpl.java:setRole(184)) - bc0bc980-c963-48ce-962e-85091c893131@group-28ACFA97060E: changes role from  FOLLOWER to CANDIDATE at term 271 for changeToCandidate
2019-10-16 20:42:35,729 [Thread-2366] INFO  impl.RoleInfo (RoleInfo.java:updateAndGet(143)) - bc0bc980-c963-48ce-962e-85091c893131: start LeaderElection
2019-10-16 20:42:35,743 [bc0bc980-c963-48ce-962e-85091c893131@group-28ACFA97060E-LeaderElection274] INFO  impl.LeaderElection (LeaderElection.java:askForVotes(178)) - bc0bc980-c963-48ce-962e-85091c893131@group-28ACFA97060E-LeaderElection274: begin an election at term 272 for -1: [46069bd9-45fc-4c82-823c-36f07a1bcff0:192.168.157.254:34001, bc0bc980-c963-48ce-962e-85091c893131:192.168.157.254:46787, d612b743-bedc-4c3f-983e-e3329f8a2e6f:192.168.157.254:44523], old=null
2019-10-16 20:42:35,745 [grpc-default-executor-0] INFO  impl.RaftServerImpl (RaftServerImpl.java:setRole(184)) - 46069bd9-45fc-4c82-823c-36f07a1bcff0@group-28ACFA97060E: changes role from  FOLLOWER to FOLLOWER at term 272 for recognizeCandidate:bc0bc980-c963-48ce-962e-85091c893131
2019-10-16 20:42:35,745 [grpc-default-executor-0] INFO  impl.RoleInfo (RoleInfo.java:shutdownFollowerState(121)) - 46069bd9-45fc-4c82-823c-36f07a1bcff0: shutdown FollowerState
2019-10-16 20:42:35,745 [grpc-default-executor-0] INFO  impl.RoleInfo (RoleInfo.java:updateAndGet(143)) - 46069bd9-45fc-4c82-823c-36f07a1bcff0: start FollowerState
2019-10-16 20:42:35,745 [Thread-2364] INFO  impl.FollowerState (FollowerState.java:run(117)) - 46069bd9-45fc-4c82-823c-36f07a1bcff0@group-28ACFA97060E-FollowerState was interrupted: java.lang.InterruptedException: sleep interrupted
2019-10-16 20:42:35,749 [grpc-default-executor-2] INFO  impl.RaftServerImpl (RaftServerImpl.java:setRole(184)) - d612b743-bedc-4c3f-983e-e3329f8a2e6f@group-28ACFA97060E: changes role from  FOLLOWER to FOLLOWER at term 272 for recognizeCandidate:bc0bc980-c963-48ce-962e-85091c893131
2019-10-16 20:42:35,749 [grpc-default-executor-2] INFO  impl.RoleInfo (RoleInfo.java:shutdownFollowerState(121)) - d612b743-bedc-4c3f-983e-e3329f8a2e6f: shutdown FollowerState
2019-10-16 20:42:35,749 [grpc-default-executor-2] INFO  impl.RoleInfo (RoleInfo.java:updateAndGet(143)) - d612b743-bedc-4c3f-983e-e3329f8a2e6f: start FollowerState
2019-10-16 20:42:35,749 [Thread-2365] INFO  impl.FollowerState (FollowerState.java:run(117)) - d612b743-bedc-4c3f-983e-e3329f8a2e6f@group-28ACFA97060E-FollowerState was interrupted: java.lang.InterruptedException: sleep interrupted
2019-10-16 20:42:35,774 [bc0bc980-c963-48ce-962e-85091c893131@group-28ACFA97060E-LeaderElection274] INFO  impl.LeaderElection (LeaderElection.java:logAndReturn(56)) - bc0bc980-c963-48ce-962e-85091c893131@group-28ACFA97060E-LeaderElection274: Election REJECTED; received 2 response(s) [bc0bc980-c963-48ce-962e-85091c893131<-46069bd9-45fc-4c82-823c-36f07a1bcff0#0:FAIL-t272, bc0bc980-c963-48ce-962e-85091c893131<-d612b743-bedc-4c3f-983e-e3329f8a2e6f#0:FAIL-t272] and 0 exception(s); bc0bc980-c963-48ce-962e-85091c893131@group-28ACFA97060E:t272, leader=null, voted=bc0bc980-c963-48ce-962e-85091c893131, raftlog=bc0bc980-c963-48ce-962e-85091c893131@group-28ACFA97060E-SegmentedRaftLog:OPENED:c-1,f-1,i0, conf=-1: [46069bd9-45fc-4c82-823c-36f07a1bcff0:192.168.157.254:34001, bc0bc980-c963-48ce-962e-85091c893131:192.168.157.254:46787, d612b743-bedc-4c3f-983e-e3329f8a2e6f:192.168.157.254:44523], old=null
2019-10-16 20:42:35,774 [bc0bc980-c963-48ce-962e-85091c893131@group-28ACFA97060E-LeaderElection274] INFO  impl.RaftServerImpl (RaftServerImpl.java:setRole(184)) - bc0bc980-c963-48ce-962e-85091c893131@group-28ACFA97060E: changes role from CANDIDATE to FOLLOWER at term 272 for DISCOVERED_A_NEW_TERM
2019-10-16 20:42:35,774 [bc0bc980-c963-48ce-962e-85091c893131@group-28ACFA97060E-LeaderElection274] INFO  impl.RoleInfo (RoleInfo.java:shutdownLeaderElection(134)) - bc0bc980-c963-48ce-962e-85091c893131: shutdown LeaderElection
2019-10-16 20:42:35,775 [bc0bc980-c963-48ce-962e-85091c893131@group-28ACFA97060E-LeaderElection274] INFO  impl.RoleInfo (RoleInfo.java:updateAndGet(143)) - bc0bc980-c963-48ce-962e-85091c893131: start FollowerState
2019-10-16 20:42:35,782 [Thread-2372] INFO  impl.FollowerState (FollowerState.java:run(108)) - bc0bc980-c963-48ce-962e-85091c893131@group-28ACFA97060E-FollowerState: change to CANDIDATE, lastRpcTime:7ms, electionTimeout:7ms
2019-10-16 20:42:35,782 [Thread-2372] INFO  impl.RoleInfo (RoleInfo.java:shutdownFollowerState(121)) - bc0bc980-c963-48ce-962e-85091c893131: shutdown FollowerState
2019-10-16 20:42:35,782 [Thread-2372] INFO  impl.RaftServerImpl (RaftServerImpl.java:setRole(184)) - bc0bc980-c963-48ce-962e-85091c893131@group-28ACFA97060E: changes role from  FOLLOWER to CANDIDATE at term 272 for changeToCandidate
2019-10-16 20:42:35,782 [Thread-2372] INFO  impl.RoleInfo (RoleInfo.java:updateAndGet(143)) - bc0bc980-c963-48ce-962e-85091c893131: start LeaderElection
2019-10-16 20:42:35,802 [bc0bc980-c963-48ce-962e-85091c893131@group-28ACFA97060E-LeaderElection275] INFO  impl.LeaderElection (LeaderElection.java:askForVotes(178)) - bc0bc980-c963-48ce-962e-85091c893131@group-28ACFA97060E-LeaderElection275: begin an election at term 273 for -1: [46069bd9-45fc-4c82-823c-36f07a1bcff0:192.168.157.254:34001, bc0bc980-c963-48ce-962e-85091c893131:192.168.157.254:46787, d612b743-bedc-4c3f-983e-e3329f8a2e6f:192.168.157.254:44523], old=null
2019-10-16 20:42:35,803 [grpc-default-executor-0] INFO  impl.RaftServerImpl (RaftServerImpl.java:setRole(184)) - 46069bd9-45fc-4c82-823c-36f07a1bcff0@group-28ACFA97060E: changes role from  FOLLOWER to FOLLOWER at term 273 for recognizeCandidate:bc0bc980-c963-48ce-962e-85091c893131
2019-10-16 20:42:35,804 [grpc-default-executor-0] INFO  impl.RoleInfo (RoleInfo.java:shutdownFollowerState(121)) - 46069bd9-45fc-4c82-823c-36f07a1bcff0: shutdown FollowerState
2019-10-16 20:42:35,804 [grpc-default-executor-0] INFO  impl.RoleInfo (RoleInfo.java:updateAndGet(143)) - 46069bd9-45fc-4c82-823c-36f07a1bcff0: start FollowerState
2019-10-16 20:42:35,804 [grpc-default-executor-2] INFO  impl.RaftServerImpl (RaftServerImpl.java:setRole(184)) - d612b743-bedc-4c3f-983e-e3329f8a2e6f@group-28ACFA97060E: changes role from  FOLLOWER to FOLLOWER at term 273 for recognizeCandidate:bc0bc980-c963-48ce-962e-85091c893131
2019-10-16 20:42:35,804 [Thread-2370] INFO  impl.FollowerState (FollowerState.java:run(117)) - 46069bd9-45fc-4c82-823c-36f07a1bcff0@group-28ACFA97060E-FollowerState was interrupted: java.lang.InterruptedException: sleep interrupted
2019-10-16 20:42:35,804 [grpc-default-executor-2] INFO  impl.RoleInfo (RoleInfo.java:shutdownFollowerState(121)) - d612b743-bedc-4c3f-983e-e3329f8a2e6f: shutdown FollowerState
2019-10-16 20:42:35,804 [grpc-default-executor-2] INFO  impl.RoleInfo (RoleInfo.java:updateAndGet(143)) - d612b743-bedc-4c3f-983e-e3329f8a2e6f: start FollowerState
2019-10-16 20:42:35,804 [Thread-2371] INFO  impl.FollowerState (FollowerState.java:run(117)) - d612b743-bedc-4c3f-983e-e3329f8a2e6f@group-28ACFA97060E-FollowerState was interrupted: java.lang.InterruptedException: sleep interrupted
2019-10-16 20:42:35,830 [bc0bc980-c963-48ce-962e-85091c893131@group-28ACFA97060E-LeaderElection275] INFO  impl.LeaderElection (LeaderElection.java:logAndReturn(56)) - bc0bc980-c963-48ce-962e-85091c893131@group-28ACFA97060E-LeaderElection275: Election REJECTED; received 2 response(s) [bc0bc980-c963-48ce-962e-85091c893131<-46069bd9-45fc-4c82-823c-36f07a1bcff0#0:FAIL-t273, bc0bc980-c963-48ce-962e-85091c893131<-d612b743-bedc-4c3f-983e-e3329f8a2e6f#0:FAIL-t273] and 0 exception(s); bc0bc980-c963-48ce-962e-85091c893131@group-28ACFA97060E:t273, leader=null, voted=bc0bc980-c963-48ce-962e-85091c893131, raftlog=bc0bc980-c963-48ce-962e-85091c893131@group-28ACFA97060E-SegmentedRaftLog:OPENED:c-1,f-1,i0, conf=-1: [46069bd9-45fc-4c82-823c-36f07a1bcff0:192.168.157.254:34001, bc0bc980-c963-48ce-962e-85091c893131:192.168.157.254:46787, d612b743-bedc-4c3f-983e-e3329f8a2e6f:192.168.157.254:44523], old=null
2019-10-16 20:42:35,830 [bc0bc980-c963-48ce-962e-85091c893131@group-28ACFA97060E-LeaderElection275] INFO  impl.RaftServerImpl (RaftServerImpl.java:setRole(184)) - bc0bc980-c963-48ce-962e-85091c893131@group-28ACFA97060E: changes role from CANDIDATE to FOLLOWER at term 273 for DISCOVERED_A_NEW_TERM
2019-10-16 20:42:35,831 [bc0bc980-c963-48ce-962e-85091c893131@group-28ACFA97060E-LeaderElection275] INFO  impl.RoleInfo (RoleInfo.java:shutdownLeaderElection(134)) - bc0bc980-c963-48ce-962e-85091c893131: shutdown LeaderElection
2019-10-16 20:42:35,831 [bc0bc980-c963-48ce-962e-85091c893131@group-28ACFA97060E-LeaderElection275] INFO  impl.RoleInfo (RoleInfo.java:updateAndGet(143)) - bc0bc980-c963-48ce-962e-85091c893131: start FollowerState
2019-10-16 20:42:35,998 [Thread-2378] INFO  impl.FollowerState (FollowerState.java:run(108)) - bc0bc980-c963-48ce-962e-85091c893131@group-28ACFA97060E-FollowerState: change to CANDIDATE, lastRpcTime:167ms, electionTimeout:167ms
2019-10-16 20:42:35,998 [Thread-2378] INFO  impl.RoleInfo (RoleInfo.java:shutdownFollowerState(121)) - bc0bc980-c963-48ce-962e-85091c893131: shutdown FollowerState
2019-10-16 20:42:35,998 [Thread-2378] INFO  impl.RaftServerImpl (RaftServerImpl.java:setRole(184)) - bc0bc980-c963-48ce-962e-85091c893131@group-28ACFA97060E: changes role from  FOLLOWER to CANDIDATE at term 273 for changeToCandidate
2019-10-16 20:42:35,998 [Thread-2378] INFO  impl.RoleInfo (RoleInfo.java:updateAndGet(143)) - bc0bc980-c963-48ce-962e-85091c893131: start LeaderElection
2019-10-16 20:42:36,013 [bc0bc980-c963-48ce-962e-85091c893131@group-28ACFA97060E-LeaderElection276] INFO  impl.LeaderElection (LeaderElection.java:askForVotes(178)) - bc0bc980-c963-48ce-962e-85091c893131@group-28ACFA97060E-LeaderElection276: begin an election at term 274 for -1: [46069bd9-45fc-4c82-823c-36f07a1bcff0:192.168.157.254:34001, bc0bc980-c963-48ce-962e-85091c893131:192.168.157.254:46787, d612b743-bedc-4c3f-983e-e3329f8a2e6f:192.168.157.254:44523], old=null
2019-10-16 20:42:36,015 [grpc-default-executor-0] INFO  impl.RaftServerImpl (RaftServerImpl.java:setRole(184)) - 46069bd9-45fc-4c82-823c-36f07a1bcff0@group-28ACFA97060E: changes role from  FOLLOWER to FOLLOWER at term 274 for recognizeCandidate:bc0bc980-c963-48ce-962e-85091c893131
2019-10-16 20:42:36,015 [grpc-default-executor-0] INFO  impl.RoleInfo (RoleInfo.java:shutdownFollowerState(121)) - 46069bd9-45fc-4c82-823c-36f07a1bcff0: shutdown FollowerState
2019-10-16 20:42:36,015 [grpc-default-executor-0] INFO  impl.RoleInfo (RoleInfo.java:updateAndGet(143)) - 46069bd9-45fc-4c82-823c-36f07a1bcff0: start FollowerState
2019-10-16 20:42:36,015 [grpc-default-executor-2] INFO  impl.RaftServerImpl (RaftServerImpl.java:setRole(184)) - d612b743-bedc-4c3f-983e-e3329f8a2e6f@group-28ACFA97060E: changes role from  FOLLOWER to FOLLOWER at term 274 for recognizeCandidate:bc0bc980-c963-48ce-962e-85091c893131
2019-10-16 20:42:36,015 [Thread-2376] INFO  impl.FollowerState (FollowerState.java:run(117)) - 46069bd9-45fc-4c82-823c-36f07a1bcff0@group-28ACFA97060E-FollowerState was interrupted: java.lang.InterruptedException: sleep interrupted
2019-10-16 20:42:36,015 [grpc-default-executor-2] INFO  impl.RoleInfo (RoleInfo.java:shutdownFollowerState(121)) - d612b743-bedc-4c3f-983e-e3329f8a2e6f: shutdown FollowerState
2019-10-16 20:42:36,016 [Thread-2377] INFO  impl.FollowerState (FollowerState.java:run(117)) - d612b743-bedc-4c3f-983e-e3329f8a2e6f@group-28ACFA97060E-FollowerState was interrupted: java.lang.InterruptedException: sleep interrupted
2019-10-16 20:42:36,016 [grpc-default-executor-2] INFO  impl.RoleInfo (RoleInfo.java:updateAndGet(143)) - d612b743-bedc-4c3f-983e-e3329f8a2e6f: start FollowerState
2019-10-16 20:42:36,042 [bc0bc980-c963-48ce-962e-85091c893131@group-28ACFA97060E-LeaderElection276] INFO  impl.LeaderElection (LeaderElection.java:logAndReturn(56)) - bc0bc980-c963-48ce-962e-85091c893131@group-28ACFA97060E-LeaderElection276: Election REJECTED; received 2 response(s) [bc0bc980-c963-48ce-962e-85091c893131<-46069bd9-45fc-4c82-823c-36f07a1bcff0#0:FAIL-t274, bc0bc980-c963-48ce-962e-85091c893131<-d612b743-bedc-4c3f-983e-e3329f8a2e6f#0:FAIL-t274] and 0 exception(s); bc0bc980-c963-48ce-962e-85091c893131@group-28ACFA97060E:t274, leader=null, voted=bc0bc980-c963-48ce-962e-85091c893131, raftlog=bc0bc980-c963-48ce-962e-85091c893131@group-28ACFA97060E-SegmentedRaftLog:OPENED:c-1,f-1,i0, conf=-1: [46069bd9-45fc-4c82-823c-36f07a1bcff0:192.168.157.254:34001, bc0bc980-c963-48ce-962e-85091c893131:192.168.157.254:46787, d612b743-bedc-4c3f-983e-e3329f8a2e6f:192.168.157.254:44523], old=null
2019-10-16 20:42:36,042 [bc0bc980-c963-48ce-962e-85091c893131@group-28ACFA97060E-LeaderElection276] INFO  impl.RaftServerImpl (RaftServerImpl.java:setRole(184)) - bc0bc980-c963-48ce-962e-85091c893131@group-28ACFA97060E: changes role from CANDIDATE to FOLLOWER at term 274 for DISCOVERED_A_NEW_TERM
2019-10-16 20:42:36,042 [bc0bc980-c963-48ce-962e-85091c893131@group-28ACFA97060E-LeaderElection276] INFO  impl.RoleInfo (RoleInfo.java:shutdownLeaderElection(134)) - bc0bc980-c963-48ce-962e-85091c893131: shutdown LeaderElection
2019-10-16 20:42:36,042 [bc0bc980-c963-48ce-962e-85091c893131@group-28ACFA97060E-LeaderElection276] INFO  impl.RoleInfo (RoleInfo.java:updateAndGet(143)) - bc0bc980-c963-48ce-962e-85091c893131: start FollowerState
2019-10-16 20:42:36,084 [Thread-2384] INFO  impl.FollowerState (FollowerState.java:run(108)) - bc0bc980-c963-48ce-962e-85091c893131@group-28ACFA97060E-FollowerState: change to CANDIDATE, lastRpcTime:41ms, electionTimeout:41ms
2019-10-16 20:42:36,084 [Thread-2384] INFO  impl.RoleInfo (RoleInfo.java:shutdownFollowerState(121)) - bc0bc980-c963-48ce-962e-85091c893131: shutdown FollowerState
2019-10-16 20:42:36,084 [Thread-2384] INFO  impl.RaftServerImpl (RaftServerImpl.java:setRole(184)) - bc0bc980-c963-48ce-962e-85091c893131@group-28ACFA97060E: changes role from  FOLLOWER to CANDIDATE at term 274 for changeToCandidate
2019-10-16 20:42:36,084 [Thread-2384] INFO  impl.RoleInfo (RoleInfo.java:updateAndGet(143)) - bc0bc980-c963-48ce-962e-85091c893131: start LeaderElection
2019-10-16 20:42:36,118 [bc0bc980-c963-48ce-962e-85091c893131@group-28ACFA97060E-LeaderElection277] INFO  impl.LeaderElection (LeaderElection.java:askForVotes(178)) - bc0bc980-c963-48ce-962e-85091c893131@group-28ACFA97060E-LeaderElection277: begin an election at term 275 for -1: [46069bd9-45fc-4c82-823c-36f07a1bcff0:192.168.157.254:34001, bc0bc980-c963-48ce-962e-85091c893131:192.168.157.254:46787, d612b743-bedc-4c3f-983e-e3329f8a2e6f:192.168.157.254:44523], old=null
2019-10-16 20:42:36,120 [grpc-default-executor-0] INFO  impl.RaftServerImpl (RaftServerImpl.java:setRole(184)) - 46069bd9-45fc-4c82-823c-36f07a1bcff0@group-28ACFA97060E: changes role from  FOLLOWER to FOLLOWER at term 275 for recognizeCandidate:bc0bc980-c963-48ce-962e-85091c893131
2019-10-16 20:42:36,121 [grpc-default-executor-0] INFO  impl.RoleInfo (RoleInfo.java:shutdownFollowerState(121)) - 46069bd9-45fc-4c82-823c-36f07a1bcff0: shutdown FollowerState
2019-10-16 20:42:36,121 [grpc-default-executor-2] INFO  impl.RaftServerImpl (RaftServerImpl.java:setRole(184)) - d612b743-bedc-4c3f-983e-e3329f8a2e6f@group-28ACFA97060E: changes role from  FOLLOWER to FOLLOWER at term 275 for recognizeCandidate:bc0bc980-c963-48ce-962e-85091c893131
2019-10-16 20:42:36,121 [grpc-default-executor-2] INFO  impl.RoleInfo (RoleInfo.java:shutdownFollowerState(121)) - d612b743-bedc-4c3f-983e-e3329f8a2e6f: shutdown FollowerState
2019-10-16 20:42:36,121 [Thread-2382] INFO  impl.FollowerState (FollowerState.java:run(117)) - 46069bd9-45fc-4c82-823c-36f07a1bcff0@group-28ACFA97060E-FollowerState was interrupted: java.lang.InterruptedException: sleep interrupted
2019-10-16 20:42:36,121 [grpc-default-executor-0] INFO  impl.RoleInfo (RoleInfo.java:updateAndGet(143)) - 46069bd9-45fc-4c82-823c-36f07a1bcff0: start FollowerState
2019-10-16 20:42:36,121 [Thread-2383] INFO  impl.FollowerState (FollowerState.java:run(117)) - d612b743-bedc-4c3f-983e-e3329f8a2e6f@group-28ACFA97060E-FollowerState was interrupted: java.lang.InterruptedException: sleep interrupted
2019-10-16 20:42:36,121 [grpc-default-executor-2] INFO  impl.RoleInfo (RoleInfo.java:updateAndGet(143)) - d612b743-bedc-4c3f-983e-e3329f8a2e6f: start FollowerState
2019-10-16 20:42:36,140 [bc0bc980-c963-48ce-962e-85091c893131@group-28ACFA97060E-LeaderElection277] INFO  impl.LeaderElection (LeaderElection.java:logAndReturn(56)) - bc0bc980-c963-48ce-962e-85091c893131@group-28ACFA97060E-LeaderElection277: Election REJECTED; received 2 response(s) [bc0bc980-c963-48ce-962e-85091c893131<-46069bd9-45fc-4c82-823c-36f07a1bcff0#0:FAIL-t275, bc0bc980-c963-48ce-962e-85091c893131<-d612b743-bedc-4c3f-983e-e3329f8a2e6f#0:FAIL-t275] and 0 exception(s); bc0bc980-c963-48ce-962e-85091c893131@group-28ACFA97060E:t275, leader=null, voted=bc0bc980-c963-48ce-962e-85091c893131, raftlog=bc0bc980-c963-48ce-962e-85091c893131@group-28ACFA97060E-SegmentedRaftLog:OPENED:c-1,f-1,i0, conf=-1: [46069bd9-45fc-4c82-823c-36f07a1bcff0:192.168.157.254:34001, bc0bc980-c963-48ce-962e-85091c893131:192.168.157.254:46787, d612b743-bedc-4c3f-983e-e3329f8a2e6f:192.168.157.254:44523], old=null
2019-10-16 20:42:36,140 [bc0bc980-c963-48ce-962e-85091c893131@group-28ACFA97060E-LeaderElection277] INFO  impl.RaftServerImpl (RaftServerImpl.java:setRole(184)) - bc0bc980-c963-48ce-962e-85091c893131@group-28ACFA97060E: changes role from CANDIDATE to FOLLOWER at term 275 for DISCOVERED_A_NEW_TERM
2019-10-16 20:42:36,140 [bc0bc980-c963-48ce-962e-85091c893131@group-28ACFA97060E-LeaderElection277] INFO  impl.RoleInfo (RoleInfo.java:shutdownLeaderElection(134)) - bc0bc980-c963-48ce-962e-85091c893131: shutdown LeaderElection
2019-10-16 20:42:36,140 [bc0bc980-c963-48ce-962e-85091c893131@group-28ACFA97060E-LeaderElection277] INFO  impl.RoleInfo (RoleInfo.java:updateAndGet(143)) - bc0bc980-c963-48ce-962e-85091c893131: start FollowerState
2019-10-16 20:42:36,337 [Thread-2390] INFO  impl.FollowerState (FollowerState.java:run(108)) - bc0bc980-c963-48ce-962e-85091c893131@group-28ACFA97060E-FollowerState: change to CANDIDATE, lastRpcTime:197ms, electionTimeout:197ms
2019-10-16 20:42:36,338 [Thread-2390] INFO  impl.RoleInfo (RoleInfo.java:shutdownFollowerState(121)) - bc0bc980-c963-48ce-962e-85091c893131: shutdown FollowerState
2019-10-16 20:42:36,338 [Thread-2390] INFO  impl.RaftServerImpl (RaftServerImpl.java:setRole(184)) - bc0bc980-c963-48ce-962e-85091c893131@group-28ACFA97060E: changes role from  FOLLOWER to CANDIDATE at term 275 for changeToCandidate
2019-10-16 20:42:36,338 [Thread-2390] INFO  impl.RoleInfo (RoleInfo.java:updateAndGet(143)) - bc0bc980-c963-48ce-962e-85091c893131: start LeaderElection
2019-10-16 20:42:36,352 [bc0bc980-c963-48ce-962e-85091c893131@group-28ACFA97060E-LeaderElection278] INFO  impl.LeaderElection (LeaderElection.java:askForVotes(178)) - bc0bc980-c963-48ce-962e-85091c893131@group-28ACFA97060E-LeaderElection278: begin an election at term 276 for -1: [46069bd9-45fc-4c82-823c-36f07a1bcff0:192.168.157.254:34001, bc0bc980-c963-48ce-962e-85091c893131:192.168.157.254:46787, d612b743-bedc-4c3f-983e-e3329f8a2e6f:192.168.157.254:44523], old=null
2019-10-16 20:42:36,354 [grpc-default-executor-2] INFO  impl.RaftServerImpl (RaftServerImpl.java:setRole(184)) - 46069bd9-45fc-4c82-823c-36f07a1bcff0@group-28ACFA97060E: changes role from  FOLLOWER to FOLLOWER at term 276 for recognizeCandidate:bc0bc980-c963-48ce-962e-85091c893131
2019-10-16 20:42:36,354 [grpc-default-executor-2] INFO  impl.RoleInfo (RoleInfo.java:shutdownFollowerState(121)) - 46069bd9-45fc-4c82-823c-36f07a1bcff0: shutdown FollowerState
2019-10-16 20:42:36,355 [grpc-default-executor-2] INFO  impl.RoleInfo (RoleInfo.java:updateAndGet(143)) - 46069bd9-45fc-4c82-823c-36f07a1bcff0: start FollowerState
2019-10-16 20:42:36,355 [Thread-2388] INFO  impl.FollowerState (FollowerState.java:run(117)) - 46069bd9-45fc-4c82-823c-36f07a1bcff0@group-28ACFA97060E-FollowerState was interrupted: java.lang.InterruptedException: sleep interrupted
2019-10-16 20:42:36,355 [grpc-default-executor-0] INFO  impl.RaftServerImpl (RaftServerImpl.java:setRole(184)) - d612b743-bedc-4c3f-983e-e3329f8a2e6f@group-28ACFA97060E: changes role from  FOLLOWER to FOLLOWER at term 276 for recognizeCandidate:bc0bc980-c963-48ce-962e-85091c893131
2019-10-16 20:42:36,355 [grpc-default-executor-0] INFO  impl.RoleInfo (RoleInfo.java:shutdownFollowerState(121)) - d612b743-bedc-4c3f-983e-e3329f8a2e6f: shutdown FollowerState
2019-10-16 20:42:36,355 [grpc-default-executor-0] INFO  impl.RoleInfo (RoleInfo.java:updateAndGet(143)) - d612b743-bedc-4c3f-983e-e3329f8a2e6f: start FollowerState
2019-10-16 20:42:36,355 [Thread-2389] INFO  impl.FollowerState (FollowerState.java:run(117)) - d612b743-bedc-4c3f-983e-e3329f8a2e6f@group-28ACFA97060E-FollowerState was interrupted: java.lang.InterruptedException: sleep interrupted
2019-10-16 20:42:36,362 [bc0bc980-c963-48ce-962e-85091c893131@group-28ACFA97060E-LeaderElection278] INFO  impl.LeaderElection (LeaderElection.java:logAndReturn(56)) - bc0bc980-c963-48ce-962e-85091c893131@group-28ACFA97060E-LeaderElection278: Election TIMEOUT; received 0 response(s) [] and 0 exception(s); bc0bc980-c963-48ce-962e-85091c893131@group-28ACFA97060E:t276, leader=null, voted=bc0bc980-c963-48ce-962e-85091c893131, raftlog=bc0bc980-c963-48ce-962e-85091c893131@group-28ACFA97060E-SegmentedRaftLog:OPENED:c-1,f-1,i0, conf=-1: [46069bd9-45fc-4c82-823c-36f07a1bcff0:192.168.157.254:34001, bc0bc980-c963-48ce-962e-85091c893131:192.168.157.254:46787, d612b743-bedc-4c3f-983e-e3329f8a2e6f:192.168.157.254:44523], old=null
2019-10-16 20:42:36,370 [bc0bc980-c963-48ce-962e-85091c893131@group-28ACFA97060E-LeaderElection278] INFO  impl.LeaderElection (LeaderElection.java:askForVotes(178)) - bc0bc980-c963-48ce-962e-85091c893131@group-28ACFA97060E-LeaderElection278: begin an election at term 277 for -1: [46069bd9-45fc-4c82-823c-36f07a1bcff0:192.168.157.254:34001, bc0bc980-c963-48ce-962e-85091c893131:192.168.157.254:46787, d612b743-bedc-4c3f-983e-e3329f8a2e6f:192.168.157.254:44523], old=null
2019-10-16 20:42:36,371 [grpc-default-executor-2] INFO  impl.RaftServerImpl (RaftServerImpl.java:setRole(184)) - d612b743-bedc-4c3f-983e-e3329f8a2e6f@group-28ACFA97060E: changes role from  FOLLOWER to FOLLOWER at term 277 for recognizeCandidate:bc0bc980-c963-48ce-962e-85091c893131
2019-10-16 20:42:36,371 [grpc-default-executor-2] INFO  impl.RoleInfo (RoleInfo.java:shutdownFollowerState(121)) - d612b743-bedc-4c3f-983e-e3329f8a2e6f: shutdown FollowerState
2019-10-16 20:42:36,371 [grpc-default-executor-0] INFO  impl.RaftServerImpl (RaftServerImpl.java:setRole(184)) - 46069bd9-45fc-4c82-823c-36f07a1bcff0@group-28ACFA97060E: changes role from  FOLLOWER to FOLLOWER at term 277 for recognizeCandidate:bc0bc980-c963-48ce-962e-85091c893131
2019-10-16 20:42:36,371 [grpc-default-executor-0] INFO  impl.RoleInfo (RoleInfo.java:shutdownFollowerState(121)) - 46069bd9-45fc-4c82-823c-36f07a1bcff0: shutdown FollowerState
2019-10-16 20:42:36,371 [Thread-2395] INFO  impl.FollowerState (FollowerState.java:run(117)) - d612b743-bedc-4c3f-983e-e3329f8a2e6f@group-28ACFA97060E-FollowerState was interrupted: java.lang.InterruptedException: sleep interrupted
2019-10-16 20:42:36,371 [grpc-default-executor-2] INFO  impl.RoleInfo (RoleInfo.java:updateAndGet(143)) - d612b743-bedc-4c3f-983e-e3329f8a2e6f: start FollowerState
2019-10-16 20:42:36,372 [Thread-2394] INFO  impl.FollowerState (FollowerState.java:run(117)) - 46069bd9-45fc-4c82-823c-36f07a1bcff0@group-28ACFA97060E-FollowerState was interrupted: java.lang.InterruptedException: sleep interrupted
2019-10-16 20:42:36,372 [grpc-default-executor-0] INFO  impl.RoleInfo (RoleInfo.java:updateAndGet(143)) - 46069bd9-45fc-4c82-823c-36f07a1bcff0: start FollowerState
2019-10-16 20:42:36,382 [bc0bc980-c963-48ce-962e-85091c893131@group-28ACFA97060E-LeaderElection278] INFO  impl.LeaderElection (LeaderElection.java:logAndReturn(56)) - bc0bc980-c963-48ce-962e-85091c893131@group-28ACFA97060E-LeaderElection278: Election REJECTED; received 2 response(s) [bc0bc980-c963-48ce-962e-85091c893131<-46069bd9-45fc-4c82-823c-36f07a1bcff0#0:FAIL-t277, bc0bc980-c963-48ce-962e-85091c893131<-d612b743-bedc-4c3f-983e-e3329f8a2e6f#0:FAIL-t277] and 0 exception(s); bc0bc980-c963-48ce-962e-85091c893131@group-28ACFA97060E:t277, leader=null, voted=bc0bc980-c963-48ce-962e-85091c893131, raftlog=bc0bc980-c963-48ce-962e-85091c893131@group-28ACFA97060E-SegmentedRaftLog:OPENED:c-1,f-1,i0, conf=-1: [46069bd9-45fc-4c82-823c-36f07a1bcff0:192.168.157.254:34001, bc0bc980-c963-48ce-962e-85091c893131:192.168.157.254:46787, d612b743-bedc-4c3f-983e-e3329f8a2e6f:192.168.157.254:44523], old=null
2019-10-16 20:42:36,382 [bc0bc980-c963-48ce-962e-85091c893131@group-28ACFA97060E-LeaderElection278] INFO  impl.RaftServerImpl (RaftServerImpl.java:setRole(184)) - bc0bc980-c963-48ce-962e-85091c893131@group-28ACFA97060E: changes role from CANDIDATE to FOLLOWER at term 277 for DISCOVERED_A_NEW_TERM
2019-10-16 20:42:36,382 [bc0bc980-c963-48ce-962e-85091c893131@group-28ACFA97060E-LeaderElection278] INFO  impl.RoleInfo (RoleInfo.java:shutdownLeaderElection(134)) - bc0bc980-c963-48ce-962e-85091c893131: shutdown LeaderElection
2019-10-16 20:42:36,382 [bc0bc980-c963-48ce-962e-85091c893131@group-28ACFA97060E-LeaderElection278] INFO  impl.RoleInfo (RoleInfo.java:updateAndGet(143)) - bc0bc980-c963-48ce-962e-85091c893131: start FollowerState
2019-10-16 20:42:36,503 [Thread-2400] INFO  impl.FollowerState (FollowerState.java:run(108)) - bc0bc980-c963-48ce-962e-85091c893131@group-28ACFA97060E-FollowerState: change to CANDIDATE, lastRpcTime:121ms, electionTimeout:121ms
2019-10-16 20:42:36,504 [Thread-2400] INFO  impl.RoleInfo (RoleInfo.java:shutdownFollowerState(121)) - bc0bc980-c963-48ce-962e-85091c893131: shutdown FollowerState
2019-10-16 20:42:36,504 [Thread-2400] INFO  impl.RaftServerImpl (RaftServerImpl.java:setRole(184)) - bc0bc980-c963-48ce-962e-85091c893131@group-28ACFA97060E: changes role from  FOLLOWER to CANDIDATE at term 277 for changeToCandidate
2019-10-16 20:42:36,504 [Thread-2400] INFO  impl.RoleInfo (RoleInfo.java:updateAndGet(143)) - bc0bc980-c963-48ce-962e-85091c893131: start LeaderElection
2019-10-16 20:42:36,517 [bc0bc980-c963-48ce-962e-85091c893131@group-28ACFA97060E-LeaderElection279] INFO  impl.LeaderElection (LeaderElection.java:askForVotes(178)) - bc0bc980-c963-48ce-962e-85091c893131@group-28ACFA97060E-LeaderElection279: begin an election at term 278 for -1: [46069bd9-45fc-4c82-823c-36f07a1bcff0:192.168.157.254:34001, bc0bc980-c963-48ce-962e-85091c893131:192.168.157.254:46787, d612b743-bedc-4c3f-983e-e3329f8a2e6f:192.168.157.254:44523], old=null
2019-10-16 20:42:36,519 [grpc-default-executor-0] INFO  impl.RaftServerImpl (RaftServerImpl.java:setRole(184)) - 46069bd9-45fc-4c82-823c-36f07a1bcff0@group-28ACFA97060E: changes role from  FOLLOWER to FOLLOWER at term 278 for recognizeCandidate:bc0bc980-c963-48ce-962e-85091c893131
2019-10-16 20:42:36,519 [grpc-default-executor-0] INFO  impl.RoleInfo (RoleInfo.java:shutdownFollowerState(121)) - 46069bd9-45fc-4c82-823c-36f07a1bcff0: shutdown FollowerState
2019-10-16 20:42:36,519 [grpc-default-executor-2] INFO  impl.RaftServerImpl (RaftServerImpl.java:setRole(184)) - d612b743-bedc-4c3f-983e-e3329f8a2e6f@group-28ACFA97060E: changes role from  FOLLOWER to FOLLOWER at term 278 for recognizeCandidate:bc0bc980-c963-48ce-962e-85091c893131
2019-10-16 20:42:36,520 [Thread-2399] INFO  impl.FollowerState (FollowerState.java:run(117)) - 46069bd9-45fc-4c82-823c-36f07a1bcff0@group-28ACFA97060E-FollowerState was interrupted: java.lang.InterruptedException: sleep interrupted
2019-10-16 20:42:36,520 [grpc-default-executor-0] INFO  impl.RoleInfo (RoleInfo.java:updateAndGet(143)) - 46069bd9-45fc-4c82-823c-36f07a1bcff0: start FollowerState
2019-10-16 20:42:36,520 [grpc-default-executor-2] INFO  impl.RoleInfo (RoleInfo.java:shutdownFollowerState(121)) - d612b743-bedc-4c3f-983e-e3329f8a2e6f: shutdown FollowerState
2019-10-16 20:42:36,520 [grpc-default-executor-2] INFO  impl.RoleInfo (RoleInfo.java:updateAndGet(143)) - d612b743-bedc-4c3f-983e-e3329f8a2e6f: start FollowerState
2019-10-16 20:42:36,520 [Thread-2398] INFO  impl.FollowerState (FollowerState.java:run(117)) - d612b743-bedc-4c3f-983e-e3329f8a2e6f@group-28ACFA97060E-FollowerState was interrupted: java.lang.InterruptedException: sleep interrupted
2019-10-16 20:42:36,535 [bc0bc980-c963-48ce-962e-85091c893131@group-28ACFA97060E-LeaderElection279] INFO  impl.LeaderElection (LeaderElection.java:logAndReturn(56)) - bc0bc980-c963-48ce-962e-85091c893131@group-28ACFA97060E-LeaderElection279: Election TIMEOUT; received 0 response(s) [] and 0 exception(s); bc0bc980-c963-48ce-962e-85091c893131@group-28ACFA97060E:t278, leader=null, voted=bc0bc980-c963-48ce-962e-85091c893131, raftlog=bc0bc980-c963-48ce-962e-85091c893131@group-28ACFA97060E-SegmentedRaftLog:OPENED:c-1,f-1,i0, conf=-1: [46069bd9-45fc-4c82-823c-36f07a1bcff0:192.168.157.254:34001, bc0bc980-c963-48ce-962e-85091c893131:192.168.157.254:46787, d612b743-bedc-4c3f-983e-e3329f8a2e6f:192.168.157.254:44523], old=null
2019-10-16 20:42:36,548 [bc0bc980-c963-48ce-962e-85091c893131@group-28ACFA97060E-LeaderElection279] INFO  impl.LeaderElection (LeaderElection.java:askForVotes(178)) - bc0bc980-c963-48ce-962e-85091c893131@group-28ACFA97060E-LeaderElection279: begin an election at term 279 for -1: [46069bd9-45fc-4c82-823c-36f07a1bcff0:192.168.157.254:34001, bc0bc980-c963-48ce-962e-85091c893131:192.168.157.254:46787, d612b743-bedc-4c3f-983e-e3329f8a2e6f:192.168.157.254:44523], old=null
2019-10-16 20:42:36,549 [grpc-default-executor-0] INFO  impl.RaftServerImpl (RaftServerImpl.java:setRole(184)) - 46069bd9-45fc-4c82-823c-36f07a1bcff0@group-28ACFA97060E: changes role from  FOLLOWER to FOLLOWER at term 279 for recognizeCandidate:bc0bc980-c963-48ce-962e-85091c893131
2019-10-16 20:42:36,550 [grpc-default-executor-0] INFO  impl.RoleInfo (RoleInfo.java:shutdownFollowerState(121)) - 46069bd9-45fc-4c82-823c-36f07a1bcff0: shutdown FollowerState
2019-10-16 20:42:36,550 [grpc-default-executor-2] INFO  impl.RaftServerImpl (RaftServerImpl.java:setRole(184)) - d612b743-bedc-4c3f-983e-e3329f8a2e6f@group-28ACFA97060E: changes role from  FOLLOWER to FOLLOWER at term 279 for recognizeCandidate:bc0bc980-c963-48ce-962e-85091c893131
2019-10-16 20:42:36,550 [Thread-2404] INFO  impl.FollowerState (FollowerState.java:run(117)) - 46069bd9-45fc-4c82-823c-36f07a1bcff0@group-28ACFA97060E-FollowerState was interrupted: java.lang.InterruptedException: sleep interrupted
2019-10-16 20:42:36,550 [grpc-default-executor-0] INFO  impl.RoleInfo (RoleInfo.java:updateAndGet(143)) - 46069bd9-45fc-4c82-823c-36f07a1bcff0: start FollowerState
2019-10-16 20:42:36,550 [grpc-default-executor-2] INFO  impl.RoleInfo (RoleInfo.java:shutdownFollowerState(121)) - d612b743-bedc-4c3f-983e-e3329f8a2e6f: shutdown FollowerState
2019-10-16 20:42:36,550 [grpc-default-executor-2] INFO  impl.RoleInfo (RoleInfo.java:updateAndGet(143)) - d612b743-bedc-4c3f-983e-e3329f8a2e6f: start FollowerState
2019-10-16 20:42:36,550 [Thread-2405] INFO  impl.FollowerState (FollowerState.java:run(117)) - d612b743-bedc-4c3f-983e-e3329f8a2e6f@group-28ACFA97060E-FollowerState was interrupted: java.lang.InterruptedException: sleep interrupted
2019-10-16 20:42:36,577 [bc0bc980-c963-48ce-962e-85091c893131@group-28ACFA97060E-LeaderElection279] INFO  impl.LeaderElection (LeaderElection.java:logAndReturn(56)) - bc0bc980-c963-48ce-962e-85091c893131@group-28ACFA97060E-LeaderElection279: Election REJECTED; received 2 response(s) [bc0bc980-c963-48ce-962e-85091c893131<-46069bd9-45fc-4c82-823c-36f07a1bcff0#0:FAIL-t279, bc0bc980-c963-48ce-962e-85091c893131<-d612b743-bedc-4c3f-983e-e3329f8a2e6f#0:FAIL-t279] and 0 exception(s); bc0bc980-c963-48ce-962e-85091c893131@group-28ACFA97060E:t279, leader=null, voted=bc0bc980-c963-48ce-962e-85091c893131, raftlog=bc0bc980-c963-48ce-962e-85091c893131@group-28ACFA97060E-SegmentedRaftLog:OPENED:c-1,f-1,i0, conf=-1: [46069bd9-45fc-4c82-823c-36f07a1bcff0:192.168.157.254:34001, bc0bc980-c963-48ce-962e-85091c893131:192.168.157.254:46787, d612b743-bedc-4c3f-983e-e3329f8a2e6f:192.168.157.254:44523], old=null
2019-10-16 20:42:36,577 [bc0bc980-c963-48ce-962e-85091c893131@group-28ACFA97060E-LeaderElection279] INFO  impl.RaftServerImpl (RaftServerImpl.java:setRole(184)) - bc0bc980-c963-48ce-962e-85091c893131@group-28ACFA97060E: changes role from CANDIDATE to FOLLOWER at term 279 for DISCOVERED_A_NEW_TERM
2019-10-16 20:42:36,577 [bc0bc980-c963-48ce-962e-85091c893131@group-28ACFA97060E-LeaderElection279] INFO  impl.RoleInfo (RoleInfo.java:shutdownLeaderElection(134)) - bc0bc980-c963-48ce-962e-85091c893131: shutdown LeaderElection
2019-10-16 20:42:36,577 [bc0bc980-c963-48ce-962e-85091c893131@group-28ACFA97060E-LeaderElection279] INFO  impl.RoleInfo (RoleInfo.java:updateAndGet(143)) - bc0bc980-c963-48ce-962e-85091c893131: start FollowerState
2019-10-16 20:42:36,762 [Thread-2410] INFO  impl.FollowerState (FollowerState.java:run(108)) - bc0bc980-c963-48ce-962e-85091c893131@group-28ACFA97060E-FollowerState: change to CANDIDATE, lastRpcTime:184ms, electionTimeout:184ms
2019-10-16 20:42:36,762 [Thread-2410] INFO  impl.RoleInfo (RoleInfo.java:shutdownFollowerState(121)) - bc0bc980-c963-48ce-962e-85091c893131: shutdown FollowerState
2019-10-16 20:42:36,762 [Thread-2410] INFO  impl.RaftServerImpl (RaftServerImpl.java:setRole(184)) - bc0bc980-c963-48ce-962e-85091c893131@group-28ACFA97060E: changes role from  FOLLOWER to CANDIDATE at term 279 for changeToCandidate
2019-10-16 20:42:36,762 [Thread-2410] INFO  impl.RoleInfo (RoleInfo.java:updateAndGet(143)) - bc0bc980-c963-48ce-962e-85091c893131: start LeaderElection
2019-10-16 20:42:36,775 [bc0bc980-c963-48ce-962e-85091c893131@group-28ACFA97060E-LeaderElection280] INFO  impl.LeaderElection (LeaderElection.java:askForVotes(178)) - bc0bc980-c963-48ce-962e-85091c893131@group-28ACFA97060E-LeaderElection280: begin an election at term 280 for -1: [46069bd9-45fc-4c82-823c-36f07a1bcff0:192.168.157.254:34001, bc0bc980-c963-48ce-962e-85091c893131:192.168.157.254:46787, d612b743-bedc-4c3f-983e-e3329f8a2e6f:192.168.157.254:44523], old=null
2019-10-16 20:42:36,776 [grpc-default-executor-2] INFO  impl.RaftServerImpl (RaftServerImpl.java:setRole(184)) - 46069bd9-45fc-4c82-823c-36f07a1bcff0@group-28ACFA97060E: changes role from  FOLLOWER to FOLLOWER at term 280 for recognizeCandidate:bc0bc980-c963-48ce-962e-85091c893131
2019-10-16 20:42:36,776 [grpc-default-executor-2] INFO  impl.RoleInfo (RoleInfo.java:shutdownFollowerState(121)) - 46069bd9-45fc-4c82-823c-36f07a1bcff0: shutdown FollowerState
2019-10-16 20:42:36,776 [grpc-default-executor-2] INFO  impl.RoleInfo (RoleInfo.java:updateAndGet(143)) - 46069bd9-45fc-4c82-823c-36f07a1bcff0: start FollowerState
2019-10-16 20:42:36,776 [Thread-2408] INFO  impl.FollowerState (FollowerState.java:run(117)) - 46069bd9-45fc-4c82-823c-36f07a1bcff0@group-28ACFA97060E-FollowerState was interrupted: java.lang.InterruptedException: sleep interrupted
2019-10-16 20:42:36,776 [grpc-default-executor-0] INFO  impl.RaftServerImpl (RaftServerImpl.java:setRole(184)) - d612b743-bedc-4c3f-983e-e3329f8a2e6f@group-28ACFA97060E: changes role from  FOLLOWER to FOLLOWER at term 280 for recognizeCandidate:bc0bc980-c963-48ce-962e-85091c893131
2019-10-16 20:42:36,777 [grpc-default-executor-0] INFO  impl.RoleInfo (RoleInfo.java:shutdownFollowerState(121)) - d612b743-bedc-4c3f-983e-e3329f8a2e6f: shutdown FollowerState
2019-10-16 20:42:36,777 [grpc-default-executor-0] INFO  impl.RoleInfo (RoleInfo.java:updateAndGet(143)) - d612b743-bedc-4c3f-983e-e3329f8a2e6f: start FollowerState
2019-10-16 20:42:36,777 [Thread-2409] INFO  impl.FollowerState (FollowerState.java:run(117)) - d612b743-bedc-4c3f-983e-e3329f8a2e6f@group-28ACFA97060E-FollowerState was interrupted: java.lang.InterruptedException: sleep interrupted
2019-10-16 20:42:36,801 [bc0bc980-c963-48ce-962e-85091c893131@group-28ACFA97060E-LeaderElection280] INFO  impl.LeaderElection (LeaderElection.java:logAndReturn(56)) - bc0bc980-c963-48ce-962e-85091c893131@group-28ACFA97060E-LeaderElection280: Election REJECTED; received 2 response(s) [bc0bc980-c963-48ce-962e-85091c893131<-46069bd9-45fc-4c82-823c-36f07a1bcff0#0:FAIL-t280, bc0bc980-c963-48ce-962e-85091c893131<-d612b743-bedc-4c3f-983e-e3329f8a2e6f#0:FAIL-t280] and 0 exception(s); bc0bc980-c963-48ce-962e-85091c893131@group-28ACFA97060E:t280, leader=null, voted=bc0bc980-c963-48ce-962e-85091c893131, raftlog=bc0bc980-c963-48ce-962e-85091c893131@group-28ACFA97060E-SegmentedRaftLog:OPENED:c-1,f-1,i0, conf=-1: [46069bd9-45fc-4c82-823c-36f07a1bcff0:192.168.157.254:34001, bc0bc980-c963-48ce-962e-85091c893131:192.168.157.254:46787, d612b743-bedc-4c3f-983e-e3329f8a2e6f:192.168.157.254:44523], old=null
2019-10-16 20:42:36,801 [bc0bc980-c963-48ce-962e-85091c893131@group-28ACFA97060E-LeaderElection280] INFO  impl.RaftServerImpl (RaftServerImpl.java:setRole(184)) - bc0bc980-c963-48ce-962e-85091c893131@group-28ACFA97060E: changes role from CANDIDATE to FOLLOWER at term 280 for DISCOVERED_A_NEW_TERM
2019-10-16 20:42:36,801 [bc0bc980-c963-48ce-962e-85091c893131@group-28ACFA97060E-LeaderElection280] INFO  impl.RoleInfo (RoleInfo.java:shutdownLeaderElection(134)) - bc0bc980-c963-48ce-962e-85091c893131: shutdown LeaderElection
2019-10-16 20:42:36,801 [bc0bc980-c963-48ce-962e-85091c893131@group-28ACFA97060E-LeaderElection280] INFO  impl.RoleInfo (RoleInfo.java:updateAndGet(143)) - bc0bc980-c963-48ce-962e-85091c893131: start FollowerState
2019-10-16 20:42:36,804 [Thread-2416] INFO  impl.FollowerState (FollowerState.java:run(108)) - bc0bc980-c963-48ce-962e-85091c893131@group-28ACFA97060E-FollowerState: change to CANDIDATE, lastRpcTime:2ms, electionTimeout:2ms
2019-10-16 20:42:36,804 [Thread-2416] INFO  impl.RoleInfo (RoleInfo.java:shutdownFollowerState(121)) - bc0bc980-c963-48ce-962e-85091c893131: shutdown FollowerState
2019-10-16 20:42:36,804 [Thread-2416] INFO  impl.RaftServerImpl (RaftServerImpl.java:setRole(184)) - bc0bc980-c963-48ce-962e-85091c893131@group-28ACFA97060E: changes role from  FOLLOWER to CANDIDATE at term 280 for changeToCandidate
2019-10-16 20:42:36,804 [Thread-2416] INFO  impl.RoleInfo (RoleInfo.java:updateAndGet(143)) - bc0bc980-c963-48ce-962e-85091c893131: start LeaderElection
2019-10-16 20:42:36,829 [bc0bc980-c963-48ce-962e-85091c893131@group-28ACFA97060E-LeaderElection281] INFO  impl.LeaderElection (LeaderElection.java:askForVotes(178)) - bc0bc980-c963-48ce-962e-85091c893131@group-28ACFA97060E-LeaderElection281: begin an election at term 281 for -1: [46069bd9-45fc-4c82-823c-36f07a1bcff0:192.168.157.254:34001, bc0bc980-c963-48ce-962e-85091c893131:192.168.157.254:46787, d612b743-bedc-4c3f-983e-e3329f8a2e6f:192.168.157.254:44523], old=null
2019-10-16 20:42:36,830 [grpc-default-executor-0] INFO  impl.RaftServerImpl (RaftServerImpl.java:setRole(184)) - d612b743-bedc-4c3f-983e-e3329f8a2e6f@group-28ACFA97060E: changes role from  FOLLOWER to FOLLOWER at term 281 for recognizeCandidate:bc0bc980-c963-48ce-962e-85091c893131
2019-10-16 20:42:36,831 [grpc-default-executor-0] INFO  impl.RoleInfo (RoleInfo.java:shutdownFollowerState(121)) - d612b743-bedc-4c3f-983e-e3329f8a2e6f: shutdown FollowerState
2019-10-16 20:42:36,830 [grpc-default-executor-2] INFO  impl.RaftServerImpl (RaftServerImpl.java:setRole(184)) - 46069bd9-45fc-4c82-823c-36f07a1bcff0@group-28ACFA97060E: changes role from  FOLLOWER to FOLLOWER at term 281 for recognizeCandidate:bc0bc980-c963-48ce-962e-85091c893131
2019-10-16 20:42:36,831 [grpc-default-executor-2] INFO  impl.RoleInfo (RoleInfo.java:shutdownFollowerState(121)) - 46069bd9-45fc-4c82-823c-36f07a1bcff0: shutdown FollowerState
2019-10-16 20:42:36,831 [Thread-2415] INFO  impl.FollowerState (FollowerState.java:run(117)) - d612b743-bedc-4c3f-983e-e3329f8a2e6f@group-28ACFA97060E-FollowerState was interrupted: java.lang.InterruptedException: sleep interrupted
2019-10-16 20:42:36,831 [grpc-default-executor-0] INFO  impl.RoleInfo (RoleInfo.java:updateAndGet(143)) - d612b743-bedc-4c3f-983e-e3329f8a2e6f: start FollowerState
2019-10-16 20:42:36,831 [Thread-2414] INFO  impl.FollowerState (FollowerState.java:run(117)) - 46069bd9-45fc-4c82-823c-36f07a1bcff0@group-28ACFA97060E-FollowerState was interrupted: java.lang.InterruptedException: sleep interrupted
2019-10-16 20:42:36,831 [grpc-default-executor-2] INFO  impl.RoleInfo (RoleInfo.java:updateAndGet(143)) - 46069bd9-45fc-4c82-823c-36f07a1bcff0: start FollowerState
2019-10-16 20:42:36,856 [bc0bc980-c963-48ce-962e-85091c893131@group-28ACFA97060E-LeaderElection281] INFO  impl.LeaderElection (LeaderElection.java:logAndReturn(56)) - bc0bc980-c963-48ce-962e-85091c893131@group-28ACFA97060E-LeaderElection281: Election REJECTED; received 2 response(s) [bc0bc980-c963-48ce-962e-85091c893131<-46069bd9-45fc-4c82-823c-36f07a1bcff0#0:FAIL-t281, bc0bc980-c963-48ce-962e-85091c893131<-d612b743-bedc-4c3f-983e-e3329f8a2e6f#0:FAIL-t281] and 0 exception(s); bc0bc980-c963-48ce-962e-85091c893131@group-28ACFA97060E:t281, leader=null, voted=bc0bc980-c963-48ce-962e-85091c893131, raftlog=bc0bc980-c963-48ce-962e-85091c893131@group-28ACFA97060E-SegmentedRaftLog:OPENED:c-1,f-1,i0, conf=-1: [46069bd9-45fc-4c82-823c-36f07a1bcff0:192.168.157.254:34001, bc0bc980-c963-48ce-962e-85091c893131:192.168.157.254:46787, d612b743-bedc-4c3f-983e-e3329f8a2e6f:192.168.157.254:44523], old=null
2019-10-16 20:42:36,856 [bc0bc980-c963-48ce-962e-85091c893131@group-28ACFA97060E-LeaderElection281] INFO  impl.RaftServerImpl (RaftServerImpl.java:setRole(184)) - bc0bc980-c963-48ce-962e-85091c893131@group-28ACFA97060E: changes role from CANDIDATE to FOLLOWER at term 281 for DISCOVERED_A_NEW_TERM
2019-10-16 20:42:36,857 [bc0bc980-c963-48ce-962e-85091c893131@group-28ACFA97060E-LeaderElection281] INFO  impl.RoleInfo (RoleInfo.java:shutdownLeaderElection(134)) - bc0bc980-c963-48ce-962e-85091c893131: shutdown LeaderElection
2019-10-16 20:42:36,857 [bc0bc980-c963-48ce-962e-85091c893131@group-28ACFA97060E-LeaderElection281] INFO  impl.RoleInfo (RoleInfo.java:updateAndGet(143)) - bc0bc980-c963-48ce-962e-85091c893131: start FollowerState
2019-10-16 20:42:36,974 [Thread-2422] INFO  impl.FollowerState (FollowerState.java:run(108)) - bc0bc980-c963-48ce-962e-85091c893131@group-28ACFA97060E-FollowerState: change to CANDIDATE, lastRpcTime:117ms, electionTimeout:117ms
2019-10-16 20:42:36,974 [Thread-2422] INFO  impl.RoleInfo (RoleInfo.java:shutdownFollowerState(121)) - bc0bc980-c963-48ce-962e-85091c893131: shutdown FollowerState
2019-10-16 20:42:36,974 [Thread-2422] INFO  impl.RaftServerImpl (RaftServerImpl.java:setRole(184)) - bc0bc980-c963-48ce-962e-85091c893131@group-28ACFA97060E: changes role from  FOLLOWER to CANDIDATE at term 281 for changeToCandidate
2019-10-16 20:42:36,974 [Thread-2422] INFO  impl.RoleInfo (RoleInfo.java:updateAndGet(143)) - bc0bc980-c963-48ce-962e-85091c893131: start LeaderElection
2019-10-16 20:42:37,001 [bc0bc980-c963-48ce-962e-85091c893131@group-28ACFA97060E-LeaderElection282] INFO  impl.LeaderElection (LeaderElection.java:askForVotes(178)) - bc0bc980-c963-48ce-962e-85091c893131@group-28ACFA97060E-LeaderElection282: begin an election at term 282 for -1: [46069bd9-45fc-4c82-823c-36f07a1bcff0:192.168.157.254:34001, bc0bc980-c963-48ce-962e-85091c893131:192.168.157.254:46787, d612b743-bedc-4c3f-983e-e3329f8a2e6f:192.168.157.254:44523], old=null
2019-10-16 20:42:37,003 [grpc-default-executor-0] INFO  impl.RaftServerImpl (RaftServerImpl.java:setRole(184)) - 46069bd9-45fc-4c82-823c-36f07a1bcff0@group-28ACFA97060E: changes role from  FOLLOWER to FOLLOWER at term 282 for recognizeCandidate:bc0bc980-c963-48ce-962e-85091c893131
2019-10-16 20:42:37,003 [grpc-default-executor-0] INFO  impl.RoleInfo (RoleInfo.java:shutdownFollowerState(121)) - 46069bd9-45fc-4c82-823c-36f07a1bcff0: shutdown FollowerState
2019-10-16 20:42:37,003 [grpc-default-executor-2] INFO  impl.RaftServerImpl (RaftServerImpl.java:setRole(184)) - d612b743-bedc-4c3f-983e-e3329f8a2e6f@group-28ACFA97060E: changes role from  FOLLOWER to FOLLOWER at term 282 for recognizeCandidate:bc0bc980-c963-48ce-962e-85091c893131
2019-10-16 20:42:37,003 [grpc-default-executor-2] INFO  impl.RoleInfo (RoleInfo.java:shutdownFollowerState(121)) - d612b743-bedc-4c3f-983e-e3329f8a2e6f: shutdown FollowerState
2019-10-16 20:42:37,003 [Thread-2421] INFO  impl.FollowerState (FollowerState.java:run(117)) - 46069bd9-45fc-4c82-823c-36f07a1bcff0@group-28ACFA97060E-FollowerState was interrupted: java.lang.InterruptedException: sleep interrupted
2019-10-16 20:42:37,003 [grpc-default-executor-0] INFO  impl.RoleInfo (RoleInfo.java:updateAndGet(143)) - 46069bd9-45fc-4c82-823c-36f07a1bcff0: start FollowerState
2019-10-16 20:42:37,003 [Thread-2420] INFO  impl.FollowerState (FollowerState.java:run(117)) - d612b743-bedc-4c3f-983e-e3329f8a2e6f@group-28ACFA97060E-FollowerState was interrupted: java.lang.InterruptedException: sleep interrupted
2019-10-16 20:42:37,003 [grpc-default-executor-2] INFO  impl.RoleInfo (RoleInfo.java:updateAndGet(143)) - d612b743-bedc-4c3f-983e-e3329f8a2e6f: start FollowerState
2019-10-16 20:42:37,018 [bc0bc980-c963-48ce-962e-85091c893131@group-28ACFA97060E-LeaderElection282] INFO  impl.LeaderElection (LeaderElection.java:logAndReturn(56)) - bc0bc980-c963-48ce-962e-85091c893131@group-28ACFA97060E-LeaderElection282: Election REJECTED; received 2 response(s) [bc0bc980-c963-48ce-962e-85091c893131<-46069bd9-45fc-4c82-823c-36f07a1bcff0#0:FAIL-t282, bc0bc980-c963-48ce-962e-85091c893131<-d612b743-bedc-4c3f-983e-e3329f8a2e6f#0:FAIL-t282] and 0 exception(s); bc0bc980-c963-48ce-962e-85091c893131@group-28ACFA97060E:t282, leader=null, voted=bc0bc980-c963-48ce-962e-85091c893131, raftlog=bc0bc980-c963-48ce-962e-85091c893131@group-28ACFA97060E-SegmentedRaftLog:OPENED:c-1,f-1,i0, conf=-1: [46069bd9-45fc-4c82-823c-36f07a1bcff0:192.168.157.254:34001, bc0bc980-c963-48ce-962e-85091c893131:192.168.157.254:46787, d612b743-bedc-4c3f-983e-e3329f8a2e6f:192.168.157.254:44523], old=null
2019-10-16 20:42:37,018 [bc0bc980-c963-48ce-962e-85091c893131@group-28ACFA97060E-LeaderElection282] INFO  impl.RaftServerImpl (RaftServerImpl.java:setRole(184)) - bc0bc980-c963-48ce-962e-85091c893131@group-28ACFA97060E: changes role from CANDIDATE to FOLLOWER at term 282 for DISCOVERED_A_NEW_TERM
2019-10-16 20:42:37,019 [bc0bc980-c963-48ce-962e-85091c893131@group-28ACFA97060E-LeaderElection282] INFO  impl.RoleInfo (RoleInfo.java:shutdownLeaderElection(134)) - bc0bc980-c963-48ce-962e-85091c893131: shutdown LeaderElection
2019-10-16 20:42:37,019 [bc0bc980-c963-48ce-962e-85091c893131@group-28ACFA97060E-LeaderElection282] INFO  impl.RoleInfo (RoleInfo.java:updateAndGet(143)) - bc0bc980-c963-48ce-962e-85091c893131: start FollowerState
2019-10-16 20:42:37,050 [Thread-2428] INFO  impl.FollowerState (FollowerState.java:run(108)) - bc0bc980-c963-48ce-962e-85091c893131@group-28ACFA97060E-FollowerState: change to CANDIDATE, lastRpcTime:31ms, electionTimeout:31ms
2019-10-16 20:42:37,050 [Thread-2428] INFO  impl.RoleInfo (RoleInfo.java:shutdownFollowerState(121)) - bc0bc980-c963-48ce-962e-85091c893131: shutdown FollowerState
2019-10-16 20:42:37,050 [Thread-2428] INFO  impl.RaftServerImpl (RaftServerImpl.java:setRole(184)) - bc0bc980-c963-48ce-962e-85091c893131@group-28ACFA97060E: changes role from  FOLLOWER to CANDIDATE at term 282 for changeToCandidate
2019-10-16 20:42:37,050 [Thread-2428] INFO  impl.RoleInfo (RoleInfo.java:updateAndGet(143)) - bc0bc980-c963-48ce-962e-85091c893131: start LeaderElection
2019-10-16 20:42:37,076 [bc0bc980-c963-48ce-962e-85091c893131@group-28ACFA97060E-LeaderElection283] INFO  impl.LeaderElection (LeaderElection.java:askForVotes(178)) - bc0bc980-c963-48ce-962e-85091c893131@group-28ACFA97060E-LeaderElection283: begin an election at term 283 for -1: [46069bd9-45fc-4c82-823c-36f07a1bcff0:192.168.157.254:34001, bc0bc980-c963-48ce-962e-85091c893131:192.168.157.254:46787, d612b743-bedc-4c3f-983e-e3329f8a2e6f:192.168.157.254:44523], old=null
2019-10-16 20:42:37,077 [grpc-default-executor-2] INFO  impl.RaftServerImpl (RaftServerImpl.java:setRole(184)) - 46069bd9-45fc-4c82-823c-36f07a1bcff0@group-28ACFA97060E: changes role from  FOLLOWER to FOLLOWER at term 283 for recognizeCandidate:bc0bc980-c963-48ce-962e-85091c893131
2019-10-16 20:42:37,077 [grpc-default-executor-2] INFO  impl.RoleInfo (RoleInfo.java:shutdownFollowerState(121)) - 46069bd9-45fc-4c82-823c-36f07a1bcff0: shutdown FollowerState
2019-10-16 20:42:37,078 [grpc-default-executor-2] INFO  impl.RoleInfo (RoleInfo.java:updateAndGet(143)) - 46069bd9-45fc-4c82-823c-36f07a1bcff0: start FollowerState
2019-10-16 20:42:37,078 [grpc-default-executor-0] INFO  impl.RaftServerImpl (RaftServerImpl.java:setRole(184)) - d612b743-bedc-4c3f-983e-e3329f8a2e6f@group-28ACFA97060E: changes role from  FOLLOWER to FOLLOWER at term 283 for recognizeCandidate:bc0bc980-c963-48ce-962e-85091c893131
2019-10-16 20:42:37,078 [grpc-default-executor-0] INFO  impl.RoleInfo (RoleInfo.java:shutdownFollowerState(121)) - d612b743-bedc-4c3f-983e-e3329f8a2e6f: shutdown FollowerState
2019-10-16 20:42:37,078 [Thread-2426] INFO  impl.FollowerState (FollowerState.java:run(117)) - 46069bd9-45fc-4c82-823c-36f07a1bcff0@group-28ACFA97060E-FollowerState was interrupted: java.lang.InterruptedException: sleep interrupted
2019-10-16 20:42:37,078 [Thread-2427] INFO  impl.FollowerState (FollowerState.java:run(117)) - d612b743-bedc-4c3f-983e-e3329f8a2e6f@group-28ACFA97060E-FollowerState was interrupted: java.lang.InterruptedException: sleep interrupted
2019-10-16 20:42:37,078 [grpc-default-executor-0] INFO  impl.RoleInfo (RoleInfo.java:updateAndGet(143)) - d612b743-bedc-4c3f-983e-e3329f8a2e6f: start FollowerState
2019-10-16 20:42:37,113 [bc0bc980-c963-48ce-962e-85091c893131@group-28ACFA97060E-LeaderElection283] INFO  impl.LeaderElection (LeaderElection.java:logAndReturn(56)) - bc0bc980-c963-48ce-962e-85091c893131@group-28ACFA97060E-LeaderElection283: Election REJECTED; received 2 response(s) [bc0bc980-c963-48ce-962e-85091c893131<-46069bd9-45fc-4c82-823c-36f07a1bcff0#0:FAIL-t283, bc0bc980-c963-48ce-962e-85091c893131<-d612b743-bedc-4c3f-983e-e3329f8a2e6f#0:FAIL-t283] and 0 exception(s); bc0bc980-c963-48ce-962e-85091c893131@group-28ACFA97060E:t283, leader=null, voted=bc0bc980-c963-48ce-962e-85091c893131, raftlog=bc0bc980-c963-48ce-962e-85091c893131@group-28ACFA97060E-SegmentedRaftLog:OPENED:c-1,f-1,i0, conf=-1: [46069bd9-45fc-4c82-823c-36f07a1bcff0:192.168.157.254:34001, bc0bc980-c963-48ce-962e-85091c893131:192.168.157.254:46787, d612b743-bedc-4c3f-983e-e3329f8a2e6f:192.168.157.254:44523], old=null
2019-10-16 20:42:37,113 [bc0bc980-c963-48ce-962e-85091c893131@group-28ACFA97060E-LeaderElection283] INFO  impl.RaftServerImpl (RaftServerImpl.java:setRole(184)) - bc0bc980-c963-48ce-962e-85091c893131@group-28ACFA97060E: changes role from CANDIDATE to FOLLOWER at term 283 for DISCOVERED_A_NEW_TERM
2019-10-16 20:42:37,113 [bc0bc980-c963-48ce-962e-85091c893131@group-28ACFA97060E-LeaderElection283] INFO  impl.RoleInfo (RoleInfo.java:shutdownLeaderElection(134)) - bc0bc980-c963-48ce-962e-85091c893131: shutdown LeaderElection
2019-10-16 20:42:37,113 [bc0bc980-c963-48ce-962e-85091c893131@group-28ACFA97060E-LeaderElection283] INFO  impl.RoleInfo (RoleInfo.java:updateAndGet(143)) - bc0bc980-c963-48ce-962e-85091c893131: start FollowerState
2019-10-16 20:42:37,303 [Thread-2434] INFO  impl.FollowerState (FollowerState.java:run(108)) - bc0bc980-c963-48ce-962e-85091c893131@group-28ACFA97060E-FollowerState: change to CANDIDATE, lastRpcTime:190ms, electionTimeout:190ms
2019-10-16 20:42:37,304 [Thread-2434] INFO  impl.RoleInfo (RoleInfo.java:shutdownFollowerState(121)) - bc0bc980-c963-48ce-962e-85091c893131: shutdown FollowerState
2019-10-16 20:42:37,304 [Thread-2434] INFO  impl.RaftServerImpl (RaftServerImpl.java:setRole(184)) - bc0bc980-c963-48ce-962e-85091c893131@group-28ACFA97060E: changes role from  FOLLOWER to CANDIDATE at term 283 for changeToCandidate
2019-10-16 20:42:37,304 [Thread-2434] INFO  impl.RoleInfo (RoleInfo.java:updateAndGet(143)) - bc0bc980-c963-48ce-962e-85091c893131: start LeaderElection
2019-10-16 20:42:37,321 [bc0bc980-c963-48ce-962e-85091c893131@group-28ACFA97060E-LeaderElection284] INFO  impl.LeaderElection (LeaderElection.java:askForVotes(178)) - bc0bc980-c963-48ce-962e-85091c893131@group-28ACFA97060E-LeaderElection284: begin an election at term 284 for -1: [46069bd9-45fc-4c82-823c-36f07a1bcff0:192.168.157.254:34001, bc0bc980-c963-48ce-962e-85091c893131:192.168.157.254:46787, d612b743-bedc-4c3f-983e-e3329f8a2e6f:192.168.157.254:44523], old=null
2019-10-16 20:42:37,323 [grpc-default-executor-0] INFO  impl.RaftServerImpl (RaftServerImpl.java:setRole(184)) - 46069bd9-45fc-4c82-823c-36f07a1bcff0@group-28ACFA97060E: changes role from  FOLLOWER to FOLLOWER at term 284 for recognizeCandidate:bc0bc980-c963-48ce-962e-85091c893131
2019-10-16 20:42:37,324 [grpc-default-executor-0] INFO  impl.RoleInfo (RoleInfo.java:shutdownFollowerState(121)) - 46069bd9-45fc-4c82-823c-36f07a1bcff0: shutdown FollowerState
2019-10-16 20:42:37,324 [grpc-default-executor-2] INFO  impl.RaftServerImpl (RaftServerImpl.java:setRole(184)) - d612b743-bedc-4c3f-983e-e3329f8a2e6f@group-28ACFA97060E: changes role from  FOLLOWER to FOLLOWER at term 284 for recognizeCandidate:bc0bc980-c963-48ce-962e-85091c893131
2019-10-16 20:42:37,324 [grpc-default-executor-2] INFO  impl.RoleInfo (RoleInfo.java:shutdownFollowerState(121)) - d612b743-bedc-4c3f-983e-e3329f8a2e6f: shutdown FollowerState
2019-10-16 20:42:37,324 [Thread-2432] INFO  impl.FollowerState (FollowerState.java:run(117)) - 46069bd9-45fc-4c82-823c-36f07a1bcff0@group-28ACFA97060E-FollowerState was interrupted: java.lang.InterruptedException: sleep interrupted
2019-10-16 20:42:37,324 [grpc-default-executor-0] INFO  impl.RoleInfo (RoleInfo.java:updateAndGet(143)) - 46069bd9-45fc-4c82-823c-36f07a1bcff0: start FollowerState
2019-10-16 20:42:37,324 [grpc-default-executor-2] INFO  impl.RoleInfo (RoleInfo.java:updateAndGet(143)) - d612b743-bedc-4c3f-983e-e3329f8a2e6f: start FollowerState
2019-10-16 20:42:37,324 [Thread-2433] INFO  impl.FollowerState (FollowerState.java:run(117)) - d612b743-bedc-4c3f-983e-e3329f8a2e6f@group-28ACFA97060E-FollowerState was interrupted: java.lang.InterruptedException: sleep interrupted
2019-10-16 20:42:37,339 [bc0bc980-c963-48ce-962e-85091c893131@group-28ACFA97060E-LeaderElection284] INFO  impl.LeaderElection (LeaderElection.java:logAndReturn(56)) - bc0bc980-c963-48ce-962e-85091c893131@group-28ACFA97060E-LeaderElection284: Election REJECTED; received 2 response(s) [bc0bc980-c963-48ce-962e-85091c893131<-46069bd9-45fc-4c82-823c-36f07a1bcff0#0:FAIL-t284, bc0bc980-c963-48ce-962e-85091c893131<-d612b743-bedc-4c3f-983e-e3329f8a2e6f#0:FAIL-t284] and 0 exception(s); bc0bc980-c963-48ce-962e-85091c893131@group-28ACFA97060E:t284, leader=null, voted=bc0bc980-c963-48ce-962e-85091c893131, raftlog=bc0bc980-c963-48ce-962e-85091c893131@group-28ACFA97060E-SegmentedRaftLog:OPENED:c-1,f-1,i0, conf=-1: [46069bd9-45fc-4c82-823c-36f07a1bcff0:192.168.157.254:34001, bc0bc980-c963-48ce-962e-85091c893131:192.168.157.254:46787, d612b743-bedc-4c3f-983e-e3329f8a2e6f:192.168.157.254:44523], old=null
2019-10-16 20:42:37,339 [bc0bc980-c963-48ce-962e-85091c893131@group-28ACFA97060E-LeaderElection284] INFO  impl.RaftServerImpl (RaftServerImpl.java:setRole(184)) - bc0bc980-c963-48ce-962e-85091c893131@group-28ACFA97060E: changes role from CANDIDATE to FOLLOWER at term 284 for DISCOVERED_A_NEW_TERM
2019-10-16 20:42:37,339 [bc0bc980-c963-48ce-962e-85091c893131@group-28ACFA97060E-LeaderElection284] INFO  impl.RoleInfo (RoleInfo.java:shutdownLeaderElection(134)) - bc0bc980-c963-48ce-962e-85091c893131: shutdown LeaderElection
2019-10-16 20:42:37,339 [bc0bc980-c963-48ce-962e-85091c893131@group-28ACFA97060E-LeaderElection284] INFO  impl.RoleInfo (RoleInfo.java:updateAndGet(143)) - bc0bc980-c963-48ce-962e-85091c893131: start FollowerState
2019-10-16 20:42:37,521 [Thread-2440] INFO  impl.FollowerState (FollowerState.java:run(108)) - bc0bc980-c963-48ce-962e-85091c893131@group-28ACFA97060E-FollowerState: change to CANDIDATE, lastRpcTime:182ms, electionTimeout:182ms
2019-10-16 20:42:37,522 [Thread-2440] INFO  impl.RoleInfo (RoleInfo.java:shutdownFollowerState(121)) - bc0bc980-c963-48ce-962e-85091c893131: shutdown FollowerState
2019-10-16 20:42:37,522 [Thread-2440] INFO  impl.RaftServerImpl (RaftServerImpl.java:setRole(184)) - bc0bc980-c963-48ce-962e-85091c893131@group-28ACFA97060E: changes role from  FOLLOWER to CANDIDATE at term 284 for changeToCandidate
2019-10-16 20:42:37,522 [Thread-2440] INFO  impl.RoleInfo (RoleInfo.java:updateAndGet(143)) - bc0bc980-c963-48ce-962e-85091c893131: start LeaderElection
2019-10-16 20:42:37,537 [bc0bc980-c963-48ce-962e-85091c893131@group-28ACFA97060E-LeaderElection285] INFO  impl.LeaderElection (LeaderElection.java:askForVotes(178)) - bc0bc980-c963-48ce-962e-85091c893131@group-28ACFA97060E-LeaderElection285: begin an election at term 285 for -1: [46069bd9-45fc-4c82-823c-36f07a1bcff0:192.168.157.254:34001, bc0bc980-c963-48ce-962e-85091c893131:192.168.157.254:46787, d612b743-bedc-4c3f-983e-e3329f8a2e6f:192.168.157.254:44523], old=null
2019-10-16 20:42:37,538 [grpc-default-executor-0] INFO  impl.RaftServerImpl (RaftServerImpl.java:setRole(184)) - d612b743-bedc-4c3f-983e-e3329f8a2e6f@group-28ACFA97060E: changes role from  FOLLOWER to FOLLOWER at term 285 for recognizeCandidate:bc0bc980-c963-48ce-962e-85091c893131
2019-10-16 20:42:37,538 [grpc-default-executor-2] INFO  impl.RaftServerImpl (RaftServerImpl.java:setRole(184)) - 46069bd9-45fc-4c82-823c-36f07a1bcff0@group-28ACFA97060E: changes role from  FOLLOWER to FOLLOWER at term 285 for recognizeCandidate:bc0bc980-c963-48ce-962e-85091c893131
2019-10-16 20:42:37,539 [grpc-default-executor-0] INFO  impl.RoleInfo (RoleInfo.java:shutdownFollowerState(121)) - d612b743-bedc-4c3f-983e-e3329f8a2e6f: shutdown FollowerState
2019-10-16 20:42:37,539 [grpc-default-executor-2] INFO  impl.RoleInfo (RoleInfo.java:shutdownFollowerState(121)) - 46069bd9-45fc-4c82-823c-36f07a1bcff0: shutdown FollowerState
2019-10-16 20:42:37,539 [grpc-default-executor-0] INFO  impl.RoleInfo (RoleInfo.java:updateAndGet(143)) - d612b743-bedc-4c3f-983e-e3329f8a2e6f: start FollowerState
2019-10-16 20:42:37,539 [Thread-2439] INFO  impl.FollowerState (FollowerState.java:run(117)) - d612b743-bedc-4c3f-983e-e3329f8a2e6f@group-28ACFA97060E-FollowerState was interrupted: java.lang.InterruptedException: sleep interrupted
2019-10-16 20:42:37,539 [Thread-2438] INFO  impl.FollowerState (FollowerState.java:run(117)) - 46069bd9-45fc-4c82-823c-36f07a1bcff0@group-28ACFA97060E-FollowerState was interrupted: java.lang.InterruptedException: sleep interrupted
2019-10-16 20:42:37,539 [grpc-default-executor-2] INFO  impl.RoleInfo (RoleInfo.java:updateAndGet(143)) - 46069bd9-45fc-4c82-823c-36f07a1bcff0: start FollowerState
2019-10-16 20:42:37,564 [bc0bc980-c963-48ce-962e-85091c893131@group-28ACFA97060E-LeaderElection285] INFO  impl.LeaderElection (LeaderElection.java:logAndReturn(56)) - bc0bc980-c963-48ce-962e-85091c893131@group-28ACFA97060E-LeaderElection285: Election REJECTED; received 2 response(s) [bc0bc980-c963-48ce-962e-85091c893131<-46069bd9-45fc-4c82-823c-36f07a1bcff0#0:FAIL-t285, bc0bc980-c963-48ce-962e-85091c893131<-d612b743-bedc-4c3f-983e-e3329f8a2e6f#0:FAIL-t285] and 0 exception(s); bc0bc980-c963-48ce-962e-85091c893131@group-28ACFA97060E:t285, leader=null, voted=bc0bc980-c963-48ce-962e-85091c893131, raftlog=bc0bc980-c963-48ce-962e-85091c893131@group-28ACFA97060E-SegmentedRaftLog:OPENED:c-1,f-1,i0, conf=-1: [46069bd9-45fc-4c82-823c-36f07a1bcff0:192.168.157.254:34001, bc0bc980-c963-48ce-962e-85091c893131:192.168.157.254:46787, d612b743-bedc-4c3f-983e-e3329f8a2e6f:192.168.157.254:44523], old=null
2019-10-16 20:42:37,564 [bc0bc980-c963-48ce-962e-85091c893131@group-28ACFA97060E-LeaderElection285] INFO  impl.RaftServerImpl (RaftServerImpl.java:setRole(184)) - bc0bc980-c963-48ce-962e-85091c893131@group-28ACFA97060E: changes role from CANDIDATE to FOLLOWER at term 285 for DISCOVERED_A_NEW_TERM
2019-10-16 20:42:37,564 [bc0bc980-c963-48ce-962e-85091c893131@group-28ACFA97060E-LeaderElection285] INFO  impl.RoleInfo (RoleInfo.java:shutdownLeaderElection(134)) - bc0bc980-c963-48ce-962e-85091c893131: shutdown LeaderElection
2019-10-16 20:42:37,564 [bc0bc980-c963-48ce-962e-85091c893131@group-28ACFA97060E-LeaderElection285] INFO  impl.RoleInfo (RoleInfo.java:updateAndGet(143)) - bc0bc980-c963-48ce-962e-85091c893131: start FollowerState
2019-10-16 20:42:37,661 [Thread-2446] INFO  impl.FollowerState (FollowerState.java:run(108)) - bc0bc980-c963-48ce-962e-85091c893131@group-28ACFA97060E-FollowerState: change to CANDIDATE, lastRpcTime:97ms, electionTimeout:97ms
2019-10-16 20:42:37,661 [Thread-2446] INFO  impl.RoleInfo (RoleInfo.java:shutdownFollowerState(121)) - bc0bc980-c963-48ce-962e-85091c893131: shutdown FollowerState
2019-10-16 20:42:37,662 [Thread-2446] INFO  impl.RaftServerImpl (RaftServerImpl.java:setRole(184)) - bc0bc980-c963-48ce-962e-85091c893131@group-28ACFA97060E: changes role from  FOLLOWER to CANDIDATE at term 285 for changeToCandidate
2019-10-16 20:42:37,662 [Thread-2446] INFO  impl.RoleInfo (RoleInfo.java:updateAndGet(143)) - bc0bc980-c963-48ce-962e-85091c893131: start LeaderElection
2019-10-16 20:42:37,675 [bc0bc980-c963-48ce-962e-85091c893131@group-28ACFA97060E-LeaderElection286] INFO  impl.LeaderElection (LeaderElection.java:askForVotes(178)) - bc0bc980-c963-48ce-962e-85091c893131@group-28ACFA97060E-LeaderElection286: begin an election at term 286 for -1: [46069bd9-45fc-4c82-823c-36f07a1bcff0:192.168.157.254:34001, bc0bc980-c963-48ce-962e-85091c893131:192.168.157.254:46787, d612b743-bedc-4c3f-983e-e3329f8a2e6f:192.168.157.254:44523], old=null
2019-10-16 20:42:37,677 [grpc-default-executor-0] INFO  impl.RaftServerImpl (RaftServerImpl.java:setRole(184)) - d612b743-bedc-4c3f-983e-e3329f8a2e6f@group-28ACFA97060E: changes role from  FOLLOWER to FOLLOWER at term 286 for recognizeCandidate:bc0bc980-c963-48ce-962e-85091c893131
2019-10-16 20:42:37,677 [grpc-default-executor-2] INFO  impl.RaftServerImpl (RaftServerImpl.java:setRole(184)) - 46069bd9-45fc-4c82-823c-36f07a1bcff0@group-28ACFA97060E: changes role from  FOLLOWER to FOLLOWER at term 286 for recognizeCandidate:bc0bc980-c963-48ce-962e-85091c893131
2019-10-16 20:42:37,677 [grpc-default-executor-0] INFO  impl.RoleInfo (RoleInfo.java:shutdownFollowerState(121)) - d612b743-bedc-4c3f-983e-e3329f8a2e6f: shutdown FollowerState
2019-10-16 20:42:37,678 [grpc-default-executor-2] INFO  impl.RoleInfo (RoleInfo.java:shutdownFollowerState(121)) - 46069bd9-45fc-4c82-823c-36f07a1bcff0: shutdown FollowerState
2019-10-16 20:42:37,678 [Thread-2444] INFO  impl.FollowerState (FollowerState.java:run(117)) - d612b743-bedc-4c3f-983e-e3329f8a2e6f@group-28ACFA97060E-FollowerState was interrupted: java.lang.InterruptedException: sleep interrupted
2019-10-16 20:42:37,678 [grpc-default-executor-0] INFO  impl.RoleInfo (RoleInfo.java:updateAndGet(143)) - d612b743-bedc-4c3f-983e-e3329f8a2e6f: start FollowerState
2019-10-16 20:42:37,678 [Thread-2445] INFO  impl.FollowerState (FollowerState.java:run(117)) - 46069bd9-45fc-4c82-823c-36f07a1bcff0@group-28ACFA97060E-FollowerState was interrupted: java.lang.InterruptedException: sleep interrupted
2019-10-16 20:42:37,678 [grpc-default-executor-2] INFO  impl.RoleInfo (RoleInfo.java:updateAndGet(143)) - 46069bd9-45fc-4c82-823c-36f07a1bcff0: start FollowerState
2019-10-16 20:42:37,693 [bc0bc980-c963-48ce-962e-85091c893131@group-28ACFA97060E-LeaderElection286] INFO  impl.LeaderElection (LeaderElection.java:logAndReturn(56)) - bc0bc980-c963-48ce-962e-85091c893131@group-28ACFA97060E-LeaderElection286: Election REJECTED; received 2 response(s) [bc0bc980-c963-48ce-962e-85091c893131<-46069bd9-45fc-4c82-823c-36f07a1bcff0#0:FAIL-t286, bc0bc980-c963-48ce-962e-85091c893131<-d612b743-bedc-4c3f-983e-e3329f8a2e6f#0:FAIL-t286] and 0 exception(s); bc0bc980-c963-48ce-962e-85091c893131@group-28ACFA97060E:t286, leader=null, voted=bc0bc980-c963-48ce-962e-85091c893131, raftlog=bc0bc980-c963-48ce-962e-85091c893131@group-28ACFA97060E-SegmentedRaftLog:OPENED:c-1,f-1,i0, conf=-1: [46069bd9-45fc-4c82-823c-36f07a1bcff0:192.168.157.254:34001, bc0bc980-c963-48ce-962e-85091c893131:192.168.157.254:46787, d612b743-bedc-4c3f-983e-e3329f8a2e6f:192.168.157.254:44523], old=null
2019-10-16 20:42:37,693 [bc0bc980-c963-48ce-962e-85091c893131@group-28ACFA97060E-LeaderElection286] INFO  impl.RaftServerImpl (RaftServerImpl.java:setRole(184)) - bc0bc980-c963-48ce-962e-85091c893131@group-28ACFA97060E: changes role from CANDIDATE to FOLLOWER at term 286 for DISCOVERED_A_NEW_TERM
2019-10-16 20:42:37,693 [bc0bc980-c963-48ce-962e-85091c893131@group-28ACFA97060E-LeaderElection286] INFO  impl.RoleInfo (RoleInfo.java:shutdownLeaderElection(134)) - bc0bc980-c963-48ce-962e-85091c893131: shutdown LeaderElection
2019-10-16 20:42:37,693 [bc0bc980-c963-48ce-962e-85091c893131@group-28ACFA97060E-LeaderElection286] INFO  impl.RoleInfo (RoleInfo.java:updateAndGet(143)) - bc0bc980-c963-48ce-962e-85091c893131: start FollowerState
2019-10-16 20:42:37,715 [main] INFO  ozoneimpl.OzoneContainer (OzoneContainer.java:stop(227)) - Attempting to stop container services.
2019-10-16 20:42:37,715 [ForkJoinPool.commonPool-worker-0] INFO  ozoneimpl.OzoneContainer (OzoneContainer.java:stop(227)) - Attempting to stop container services.
2019-10-16 20:42:37,716 [main] INFO  impl.RaftServerProxy (RaftServerProxy.java:lambda$close$4(314)) - bc0bc980-c963-48ce-962e-85091c893131: close
2019-10-16 20:42:37,716 [ForkJoinPool.commonPool-worker-0] INFO  impl.RaftServerProxy (RaftServerProxy.java:lambda$close$4(314)) - 46069bd9-45fc-4c82-823c-36f07a1bcff0: close
2019-10-16 20:42:37,716 [main] INFO  impl.RaftServerImpl (RaftServerImpl.java:lambda$shutdown$3(261)) - bc0bc980-c963-48ce-962e-85091c893131@group-28ACFA97060E: shutdown
2019-10-16 20:42:37,716 [ForkJoinPool.commonPool-worker-0] INFO  impl.RaftServerImpl (RaftServerImpl.java:lambda$shutdown$3(261)) - 46069bd9-45fc-4c82-823c-36f07a1bcff0@group-EDF575672A97: shutdown
2019-10-16 20:42:37,717 [main] INFO  util.JmxRegister (JmxRegister.java:unregister(73)) - Successfully un-registered JMX Bean with object name Ratis:service=RaftServer,group=group-28ACFA97060E,id=bc0bc980-c963-48ce-962e-85091c893131
2019-10-16 20:42:37,717 [main] INFO  impl.RoleInfo (RoleInfo.java:shutdownFollowerState(121)) - bc0bc980-c963-48ce-962e-85091c893131: shutdown FollowerState
2019-10-16 20:42:37,717 [ForkJoinPool.commonPool-worker-0] INFO  util.JmxRegister (JmxRegister.java:unregister(73)) - Successfully un-registered JMX Bean with object name Ratis:service=RaftServer,group=group-EDF575672A97,id=46069bd9-45fc-4c82-823c-36f07a1bcff0
2019-10-16 20:42:37,717 [Thread-2452] INFO  impl.FollowerState (FollowerState.java:run(117)) - bc0bc980-c963-48ce-962e-85091c893131@group-28ACFA97060E-FollowerState was interrupted: java.lang.InterruptedException: sleep interrupted
2019-10-16 20:42:37,717 [main] INFO  impl.StateMachineUpdater (StateMachineUpdater.java:stopAndJoin(136)) - bc0bc980-c963-48ce-962e-85091c893131@group-28ACFA97060E-StateMachineUpdater: set stopIndex = -1
2019-10-16 20:42:37,718 [main] INFO  impl.RaftServerImpl (ServerState.java:close(388)) - bc0bc980-c963-48ce-962e-85091c893131@group-28ACFA97060E: closes. applyIndex: -1
2019-10-16 20:42:37,718 [ForkJoinPool.commonPool-worker-0] INFO  impl.RoleInfo (RoleInfo.java:shutdownLeaderState(104)) - 46069bd9-45fc-4c82-823c-36f07a1bcff0: shutdown LeaderState
2019-10-16 20:42:37,720 [bc0bc980-c963-48ce-962e-85091c893131@group-28ACFA97060E-SegmentedRaftLogWorker] INFO  segmented.SegmentedRaftLogWorker (SegmentedRaftLogWorker.java:run(316)) - bc0bc980-c963-48ce-962e-85091c893131@group-28ACFA97060E-SegmentedRaftLogWorker was interrupted, exiting. There are 0 tasks remaining in the queue.
2019-10-16 20:42:37,720 [ForkJoinPool.commonPool-worker-0] INFO  impl.PendingRequests (PendingRequests.java:sendNotLeaderResponses(202)) - 46069bd9-45fc-4c82-823c-36f07a1bcff0@group-EDF575672A97-PendingRequests: sendNotLeaderResponses
2019-10-16 20:42:37,721 [main] INFO  segmented.SegmentedRaftLogWorker (SegmentedRaftLogWorker.java:close(224)) - bc0bc980-c963-48ce-962e-85091c893131@group-28ACFA97060E-SegmentedRaftLogWorker close()
2019-10-16 20:42:37,725 [ForkJoinPool.commonPool-worker-0] INFO  impl.StateMachineUpdater (StateMachineUpdater.java:stopAndJoin(136)) - 46069bd9-45fc-4c82-823c-36f07a1bcff0@group-EDF575672A97-StateMachineUpdater: set stopIndex = 2
2019-10-16 20:42:37,727 [main] INFO  impl.RaftServerImpl (RaftServerImpl.java:lambda$shutdown$3(261)) - bc0bc980-c963-48ce-962e-85091c893131@group-1056DBF44000: shutdown
2019-10-16 20:42:37,727 [ForkJoinPool.commonPool-worker-0] INFO  impl.RaftServerImpl (ServerState.java:close(388)) - 46069bd9-45fc-4c82-823c-36f07a1bcff0@group-EDF575672A97: closes. applyIndex: 2
2019-10-16 20:42:37,727 [main] INFO  util.JmxRegister (JmxRegister.java:unregister(73)) - Successfully un-registered JMX Bean with object name Ratis:service=RaftServer,group=group-1056DBF44000,id=bc0bc980-c963-48ce-962e-85091c893131
2019-10-16 20:42:37,728 [46069bd9-45fc-4c82-823c-36f07a1bcff0@group-EDF575672A97-SegmentedRaftLogWorker] INFO  segmented.SegmentedRaftLogWorker (SegmentedRaftLogWorker.java:run(316)) - 46069bd9-45fc-4c82-823c-36f07a1bcff0@group-EDF575672A97-SegmentedRaftLogWorker was interrupted, exiting. There are 0 tasks remaining in the queue.
2019-10-16 20:42:37,728 [main] INFO  impl.RoleInfo (RoleInfo.java:shutdownLeaderState(104)) - bc0bc980-c963-48ce-962e-85091c893131: shutdown LeaderState
2019-10-16 20:42:37,729 [ForkJoinPool.commonPool-worker-0] INFO  segmented.SegmentedRaftLogWorker (SegmentedRaftLogWorker.java:close(224)) - 46069bd9-45fc-4c82-823c-36f07a1bcff0@group-EDF575672A97-SegmentedRaftLogWorker close()
2019-10-16 20:42:37,729 [main] INFO  impl.PendingRequests (PendingRequests.java:sendNotLeaderResponses(202)) - bc0bc980-c963-48ce-962e-85091c893131@group-1056DBF44000-PendingRequests: sendNotLeaderResponses
2019-10-16 20:42:37,735 [ForkJoinPool.commonPool-worker-0] INFO  impl.RaftServerImpl (RaftServerImpl.java:lambda$shutdown$3(261)) - 46069bd9-45fc-4c82-823c-36f07a1bcff0@group-28ACFA97060E: shutdown
2019-10-16 20:42:37,739 [main] INFO  impl.StateMachineUpdater (StateMachineUpdater.java:stopAndJoin(136)) - bc0bc980-c963-48ce-962e-85091c893131@group-1056DBF44000-StateMachineUpdater: set stopIndex = 2
2019-10-16 20:42:37,739 [ForkJoinPool.commonPool-worker-0] INFO  util.JmxRegister (JmxRegister.java:unregister(73)) - Successfully un-registered JMX Bean with object name Ratis:service=RaftServer,group=group-28ACFA97060E,id=46069bd9-45fc-4c82-823c-36f07a1bcff0
2019-10-16 20:42:37,740 [ForkJoinPool.commonPool-worker-0] INFO  impl.RoleInfo (RoleInfo.java:shutdownFollowerState(121)) - 46069bd9-45fc-4c82-823c-36f07a1bcff0: shutdown FollowerState
2019-10-16 20:42:37,739 [main] INFO  impl.RaftServerImpl (ServerState.java:close(388)) - bc0bc980-c963-48ce-962e-85091c893131@group-1056DBF44000: closes. applyIndex: 2
2019-10-16 20:42:37,740 [ForkJoinPool.commonPool-worker-0] INFO  impl.StateMachineUpdater (StateMachineUpdater.java:stopAndJoin(136)) - 46069bd9-45fc-4c82-823c-36f07a1bcff0@group-28ACFA97060E-StateMachineUpdater: set stopIndex = -1
2019-10-16 20:42:37,740 [bc0bc980-c963-48ce-962e-85091c893131@group-1056DBF44000-SegmentedRaftLogWorker] INFO  segmented.SegmentedRaftLogWorker (SegmentedRaftLogWorker.java:run(316)) - bc0bc980-c963-48ce-962e-85091c893131@group-1056DBF44000-SegmentedRaftLogWorker was interrupted, exiting. There are 0 tasks remaining in the queue.
2019-10-16 20:42:37,740 [Thread-2451] INFO  impl.FollowerState (FollowerState.java:run(117)) - 46069bd9-45fc-4c82-823c-36f07a1bcff0@group-28ACFA97060E-FollowerState was interrupted: java.lang.InterruptedException: sleep interrupted
2019-10-16 20:42:37,740 [ForkJoinPool.commonPool-worker-0] INFO  impl.RaftServerImpl (ServerState.java:close(388)) - 46069bd9-45fc-4c82-823c-36f07a1bcff0@group-28ACFA97060E: closes. applyIndex: -1
2019-10-16 20:42:37,741 [main] INFO  segmented.SegmentedRaftLogWorker (SegmentedRaftLogWorker.java:close(224)) - bc0bc980-c963-48ce-962e-85091c893131@group-1056DBF44000-SegmentedRaftLogWorker close()
2019-10-16 20:42:37,741 [46069bd9-45fc-4c82-823c-36f07a1bcff0@group-28ACFA97060E-SegmentedRaftLogWorker] INFO  segmented.SegmentedRaftLogWorker (SegmentedRaftLogWorker.java:run(316)) - 46069bd9-45fc-4c82-823c-36f07a1bcff0@group-28ACFA97060E-SegmentedRaftLogWorker was interrupted, exiting. There are 0 tasks remaining in the queue.
2019-10-16 20:42:37,742 [main] INFO  impl.RaftServerImpl (RaftServerImpl.java:lambda$shutdown$3(261)) - bc0bc980-c963-48ce-962e-85091c893131@group-65A7CFDAF5F6: shutdown
2019-10-16 20:42:37,742 [ForkJoinPool.commonPool-worker-0] INFO  segmented.SegmentedRaftLogWorker (SegmentedRaftLogWorker.java:close(224)) - 46069bd9-45fc-4c82-823c-36f07a1bcff0@group-28ACFA97060E-SegmentedRaftLogWorker close()
2019-10-16 20:42:37,742 [main] INFO  util.JmxRegister (JmxRegister.java:unregister(73)) - Successfully un-registered JMX Bean with object name Ratis:service=RaftServer,group=group-65A7CFDAF5F6,id=bc0bc980-c963-48ce-962e-85091c893131
2019-10-16 20:42:37,744 [ForkJoinPool.commonPool-worker-0] INFO  impl.RaftServerImpl (RaftServerImpl.java:lambda$shutdown$3(261)) - 46069bd9-45fc-4c82-823c-36f07a1bcff0@group-5AFFAA4212DA: shutdown
2019-10-16 20:42:37,744 [main] INFO  impl.RoleInfo (RoleInfo.java:shutdownLeaderState(104)) - bc0bc980-c963-48ce-962e-85091c893131: shutdown LeaderState
2019-10-16 20:42:37,744 [ForkJoinPool.commonPool-worker-0] INFO  util.JmxRegister (JmxRegister.java:unregister(73)) - Successfully un-registered JMX Bean with object name Ratis:service=RaftServer,group=group-5AFFAA4212DA,id=46069bd9-45fc-4c82-823c-36f07a1bcff0
2019-10-16 20:42:37,744 [main] INFO  impl.PendingRequests (PendingRequests.java:sendNotLeaderResponses(202)) - bc0bc980-c963-48ce-962e-85091c893131@group-65A7CFDAF5F6-PendingRequests: sendNotLeaderResponses
2019-10-16 20:42:37,744 [ForkJoinPool.commonPool-worker-0] INFO  impl.RoleInfo (RoleInfo.java:shutdownLeaderState(104)) - 46069bd9-45fc-4c82-823c-36f07a1bcff0: shutdown LeaderState
2019-10-16 20:42:37,745 [main] INFO  impl.StateMachineUpdater (StateMachineUpdater.java:stopAndJoin(136)) - bc0bc980-c963-48ce-962e-85091c893131@group-65A7CFDAF5F6-StateMachineUpdater: set stopIndex = 0
2019-10-16 20:42:37,745 [ForkJoinPool.commonPool-worker-0] INFO  impl.PendingRequests (PendingRequests.java:sendNotLeaderResponses(202)) - 46069bd9-45fc-4c82-823c-36f07a1bcff0@group-5AFFAA4212DA-PendingRequests: sendNotLeaderResponses
2019-10-16 20:42:37,745 [main] INFO  impl.RaftServerImpl (ServerState.java:close(388)) - bc0bc980-c963-48ce-962e-85091c893131@group-65A7CFDAF5F6: closes. applyIndex: 0
2019-10-16 20:42:37,746 [ForkJoinPool.commonPool-worker-0] INFO  impl.StateMachineUpdater (StateMachineUpdater.java:stopAndJoin(136)) - 46069bd9-45fc-4c82-823c-36f07a1bcff0@group-5AFFAA4212DA-StateMachineUpdater: set stopIndex = 0
2019-10-16 20:42:37,746 [bc0bc980-c963-48ce-962e-85091c893131@group-65A7CFDAF5F6-SegmentedRaftLogWorker] INFO  segmented.SegmentedRaftLogWorker (SegmentedRaftLogWorker.java:run(316)) - bc0bc980-c963-48ce-962e-85091c893131@group-65A7CFDAF5F6-SegmentedRaftLogWorker was interrupted, exiting. There are 0 tasks remaining in the queue.
2019-10-16 20:42:37,746 [ForkJoinPool.commonPool-worker-0] INFO  impl.RaftServerImpl (ServerState.java:close(388)) - 46069bd9-45fc-4c82-823c-36f07a1bcff0@group-5AFFAA4212DA: closes. applyIndex: 0
2019-10-16 20:42:37,746 [main] INFO  segmented.SegmentedRaftLogWorker (SegmentedRaftLogWorker.java:close(224)) - bc0bc980-c963-48ce-962e-85091c893131@group-65A7CFDAF5F6-SegmentedRaftLogWorker close()
2019-10-16 20:42:37,746 [46069bd9-45fc-4c82-823c-36f07a1bcff0@group-5AFFAA4212DA-SegmentedRaftLogWorker] INFO  segmented.SegmentedRaftLogWorker (SegmentedRaftLogWorker.java:run(316)) - 46069bd9-45fc-4c82-823c-36f07a1bcff0@group-5AFFAA4212DA-SegmentedRaftLogWorker was interrupted, exiting. There are 0 tasks remaining in the queue.
2019-10-16 20:42:37,748 [main] INFO  server.GrpcService (GrpcService.java:closeImpl(164)) - bc0bc980-c963-48ce-962e-85091c893131: shutdown server with port 46787 now
2019-10-16 20:42:37,748 [ForkJoinPool.commonPool-worker-0] INFO  segmented.SegmentedRaftLogWorker (SegmentedRaftLogWorker.java:close(224)) - 46069bd9-45fc-4c82-823c-36f07a1bcff0@group-5AFFAA4212DA-SegmentedRaftLogWorker close()
2019-10-16 20:42:37,749 [ForkJoinPool.commonPool-worker-0] INFO  server.GrpcService (GrpcService.java:closeImpl(164)) - 46069bd9-45fc-4c82-823c-36f07a1bcff0: shutdown server with port 34001 now
2019-10-16 20:42:37,750 [ForkJoinPool.commonPool-worker-0] INFO  server.GrpcService (GrpcService.java:closeImpl(172)) - 46069bd9-45fc-4c82-823c-36f07a1bcff0: shutdown server with port 34001 successfully
2019-10-16 20:42:37,750 [main] INFO  server.GrpcService (GrpcService.java:closeImpl(172)) - bc0bc980-c963-48ce-962e-85091c893131: shutdown server with port 46787 successfully
2019-10-16 20:42:37,752 [refreshUsed-/workdir/hadoop-ozone/integration-test/target/test-dir/MiniOzoneClusterImpl-d661fb9f-1fa9-4d83-aa41-108be3044330/datanode-0/data/containers] WARN  fs.CachingGetSpaceUsed (CachingGetSpaceUsed.java:run(183)) - Thread Interrupted waiting to refresh disk information: sleep interrupted
2019-10-16 20:42:37,753 [refreshUsed-/workdir/hadoop-ozone/integration-test/target/test-dir/MiniOzoneClusterImpl-d661fb9f-1fa9-4d83-aa41-108be3044330/datanode-1/data/containers] WARN  fs.CachingGetSpaceUsed (CachingGetSpaceUsed.java:run(183)) - Thread Interrupted waiting to refresh disk information: sleep interrupted
2019-10-16 20:42:37,774 [ForkJoinPool.commonPool-worker-0] INFO  utils.BackgroundService (BackgroundService.java:shutdown(151)) - Shutting down service BlockDeletingService
2019-10-16 20:42:37,774 [main] INFO  utils.BackgroundService (BackgroundService.java:shutdown(151)) - Shutting down service BlockDeletingService
2019-10-16 20:42:37,776 [ForkJoinPool.commonPool-worker-0] INFO  statemachine.DatanodeStateMachine (DatanodeStateMachine.java:stopDaemon(395)) - Ozone container server stopped.
2019-10-16 20:42:37,777 [main] INFO  statemachine.DatanodeStateMachine (DatanodeStateMachine.java:stopDaemon(395)) - Ozone container server stopped.
2019-10-16 20:42:37,780 [ForkJoinPool.commonPool-worker-0] INFO  handler.ContextHandler (ContextHandler.java:doStop(910)) - Stopped o.e.j.w.WebAppContext@67b3adc4{/,null,UNAVAILABLE}{/hddsDatanode}
2019-10-16 20:42:37,781 [main] INFO  handler.ContextHandler (ContextHandler.java:doStop(910)) - Stopped o.e.j.w.WebAppContext@33c2ed78{/,null,UNAVAILABLE}{/hddsDatanode}
2019-10-16 20:42:37,781 [ForkJoinPool.commonPool-worker-0] INFO  server.AbstractConnector (AbstractConnector.java:doStop(318)) - Stopped ServerConnector@5f585035{HTTP/1.1,[http/1.1]}{0.0.0.0:41305}
2019-10-16 20:42:37,781 [ForkJoinPool.commonPool-worker-0] INFO  handler.ContextHandler (ContextHandler.java:doStop(910)) - Stopped o.e.j.s.ServletContextHandler@41bdede7{/static,jar:file:/home/user/.m2/repository/org/apache/hadoop/hadoop-hdds-container-service/0.5.0-SNAPSHOT/hadoop-hdds-container-service-0.5.0-SNAPSHOT.jar!/webapps/static,UNAVAILABLE}
2019-10-16 20:42:37,781 [main] INFO  server.AbstractConnector (AbstractConnector.java:doStop(318)) - Stopped ServerConnector@6d77bced{HTTP/1.1,[http/1.1]}{0.0.0.0:35026}
2019-10-16 20:42:37,781 [ForkJoinPool.commonPool-worker-0] INFO  handler.ContextHandler (ContextHandler.java:doStop(910)) - Stopped o.e.j.s.ServletContextHandler@3d7aadb{/logs,file:///workdir/hadoop-ozone/integration-test/target/log,UNAVAILABLE}
2019-10-16 20:42:37,782 [main] INFO  handler.ContextHandler (ContextHandler.java:doStop(910)) - Stopped o.e.j.s.ServletContextHandler@7813f2ac{/static,jar:file:/home/user/.m2/repository/org/apache/hadoop/hadoop-hdds-container-service/0.5.0-SNAPSHOT/hadoop-hdds-container-service-0.5.0-SNAPSHOT.jar!/webapps/static,UNAVAILABLE}
2019-10-16 20:42:37,784 [main] INFO  handler.ContextHandler (ContextHandler.java:doStop(910)) - Stopped o.e.j.s.ServletContextHandler@6c2216b3{/logs,file:///workdir/hadoop-ozone/integration-test/target/log,UNAVAILABLE}
2019-10-16 20:42:38,312 [EventQueue-StaleNodeForStaleNodeHandler] INFO  node.StaleNodeHandler (StaleNodeHandler.java:onMessage(58)) - Datanode 46069bd9-45fc-4c82-823c-36f07a1bcff0{ip: 192.168.157.254, host: pr-hdds-1868-qdb9g-714931517, networkLocation: /default-rack, certSerialId: null} moved to stale state. Finalizing its pipelines [PipelineID=be16f341-41b2-4563-8bb2-edf575672a97, PipelineID=1024d099-6934-46d9-9041-28acfa97060e, PipelineID=608467e8-605b-4d2a-a293-5affaa4212da]
2019-10-16 20:42:38,312 [EventQueue-StaleNodeForStaleNodeHandler] INFO  pipeline.SCMPipelineManager (SCMPipelineManager.java:finalizeAndDestroyPipeline(315)) - destroying pipeline:Pipeline[ Id: be16f341-41b2-4563-8bb2-edf575672a97, Nodes: 46069bd9-45fc-4c82-823c-36f07a1bcff0{ip: 192.168.157.254, host: pr-hdds-1868-qdb9g-714931517, networkLocation: /default-rack, certSerialId: null}, Type:RATIS, Factor:ONE, State:CLOSED]
2019-10-16 20:42:38,313 [EventQueue-StaleNodeForStaleNodeHandler] INFO  pipeline.SCMPipelineManager (SCMPipelineManager.java:finalizeAndDestroyPipeline(315)) - destroying pipeline:Pipeline[ Id: 1024d099-6934-46d9-9041-28acfa97060e, Nodes: 46069bd9-45fc-4c82-823c-36f07a1bcff0{ip: 192.168.157.254, host: pr-hdds-1868-qdb9g-714931517, networkLocation: /default-rack, certSerialId: null}bc0bc980-c963-48ce-962e-85091c893131{ip: 192.168.157.254, host: pr-hdds-1868-qdb9g-714931517, networkLocation: /default-rack, certSerialId: null}d612b743-bedc-4c3f-983e-e3329f8a2e6f{ip: 192.168.157.254, host: pr-hdds-1868-qdb9g-714931517, networkLocation: /default-rack, certSerialId: null}, Type:RATIS, Factor:THREE, State:ALLOCATED]
2019-10-16 20:42:38,313 [EventQueue-StaleNodeForStaleNodeHandler] INFO  pipeline.PipelineStateManager (PipelineStateManager.java:finalizePipeline(123)) - Pipeline Pipeline[ Id: 1024d099-6934-46d9-9041-28acfa97060e, Nodes: 46069bd9-45fc-4c82-823c-36f07a1bcff0{ip: 192.168.157.254, host: pr-hdds-1868-qdb9g-714931517, networkLocation: /default-rack, certSerialId: null}bc0bc980-c963-48ce-962e-85091c893131{ip: 192.168.157.254, host: pr-hdds-1868-qdb9g-714931517, networkLocation: /default-rack, certSerialId: null}d612b743-bedc-4c3f-983e-e3329f8a2e6f{ip: 192.168.157.254, host: pr-hdds-1868-qdb9g-714931517, networkLocation: /default-rack, certSerialId: null}, Type:RATIS, Factor:THREE, State:CLOSED] moved to CLOSED state
2019-10-16 20:42:38,313 [EventQueue-StaleNodeForStaleNodeHandler] INFO  pipeline.SCMPipelineManager (SCMPipelineManager.java:finalizeAndDestroyPipeline(315)) - destroying pipeline:Pipeline[ Id: 608467e8-605b-4d2a-a293-5affaa4212da, Nodes: 46069bd9-45fc-4c82-823c-36f07a1bcff0{ip: 192.168.157.254, host: pr-hdds-1868-qdb9g-714931517, networkLocation: /default-rack, certSerialId: null}, Type:RATIS, Factor:ONE, State:OPEN]
2019-10-16 20:42:38,313 [EventQueue-StaleNodeForStaleNodeHandler] INFO  pipeline.PipelineStateManager (PipelineStateManager.java:finalizePipeline(123)) - Pipeline Pipeline[ Id: 608467e8-605b-4d2a-a293-5affaa4212da, Nodes: 46069bd9-45fc-4c82-823c-36f07a1bcff0{ip: 192.168.157.254, host: pr-hdds-1868-qdb9g-714931517, networkLocation: /default-rack, certSerialId: null}, Type:RATIS, Factor:ONE, State:CLOSED] moved to CLOSED state
2019-10-16 20:42:38,313 [EventQueue-StaleNodeForStaleNodeHandler] INFO  node.StaleNodeHandler (StaleNodeHandler.java:onMessage(58)) - Datanode bc0bc980-c963-48ce-962e-85091c893131{ip: 192.168.157.254, host: pr-hdds-1868-qdb9g-714931517, networkLocation: /default-rack, certSerialId: null} moved to stale state. Finalizing its pipelines [PipelineID=1024d099-6934-46d9-9041-28acfa97060e, PipelineID=6b472680-a40c-41ab-8cc4-1056dbf44000, PipelineID=63af8a7e-6524-4d0c-8bec-65a7cfdaf5f6]
2019-10-16 20:42:38,313 [EventQueue-StaleNodeForStaleNodeHandler] INFO  pipeline.SCMPipelineManager (SCMPipelineManager.java:finalizeAndDestroyPipeline(315)) - destroying pipeline:Pipeline[ Id: 1024d099-6934-46d9-9041-28acfa97060e, Nodes: 46069bd9-45fc-4c82-823c-36f07a1bcff0{ip: 192.168.157.254, host: pr-hdds-1868-qdb9g-714931517, networkLocation: /default-rack, certSerialId: null}bc0bc980-c963-48ce-962e-85091c893131{ip: 192.168.157.254, host: pr-hdds-1868-qdb9g-714931517, networkLocation: /default-rack, certSerialId: null}d612b743-bedc-4c3f-983e-e3329f8a2e6f{ip: 192.168.157.254, host: pr-hdds-1868-qdb9g-714931517, networkLocation: /default-rack, certSerialId: null}, Type:RATIS, Factor:THREE, State:CLOSED]
2019-10-16 20:42:38,314 [EventQueue-StaleNodeForStaleNodeHandler] INFO  pipeline.SCMPipelineManager (SCMPipelineManager.java:finalizeAndDestroyPipeline(315)) - destroying pipeline:Pipeline[ Id: 6b472680-a40c-41ab-8cc4-1056dbf44000, Nodes: bc0bc980-c963-48ce-962e-85091c893131{ip: 192.168.157.254, host: pr-hdds-1868-qdb9g-714931517, networkLocation: /default-rack, certSerialId: null}, Type:RATIS, Factor:ONE, State:CLOSED]
2019-10-16 20:42:38,314 [EventQueue-StaleNodeForStaleNodeHandler] INFO  pipeline.SCMPipelineManager (SCMPipelineManager.java:finalizeAndDestroyPipeline(315)) - destroying pipeline:Pipeline[ Id: 63af8a7e-6524-4d0c-8bec-65a7cfdaf5f6, Nodes: bc0bc980-c963-48ce-962e-85091c893131{ip: 192.168.157.254, host: pr-hdds-1868-qdb9g-714931517, networkLocation: /default-rack, certSerialId: null}, Type:RATIS, Factor:ONE, State:OPEN]
2019-10-16 20:42:38,314 [EventQueue-StaleNodeForStaleNodeHandler] INFO  pipeline.PipelineStateManager (PipelineStateManager.java:finalizePipeline(123)) - Pipeline Pipeline[ Id: 63af8a7e-6524-4d0c-8bec-65a7cfdaf5f6, Nodes: bc0bc980-c963-48ce-962e-85091c893131{ip: 192.168.157.254, host: pr-hdds-1868-qdb9g-714931517, networkLocation: /default-rack, certSerialId: null}, Type:RATIS, Factor:ONE, State:CLOSED] moved to CLOSED state
2019-10-16 20:42:38,657 [Datanode State Machine Thread - 0] INFO  statemachine.DatanodeStateMachine (DatanodeStateMachine.java:lambda$startDaemon$0(350)) - Ozone container server started.
2019-10-16 20:42:42,785 [ForkJoinPool.commonPool-worker-0] INFO  ozoneimpl.OzoneContainer (OzoneContainer.java:stop(227)) - Attempting to stop container services.
2019-10-16 20:42:42,785 [ForkJoinPool.commonPool-worker-0] INFO  impl.RaftServerProxy (RaftServerProxy.java:lambda$close$4(314)) - d612b743-bedc-4c3f-983e-e3329f8a2e6f: close
2019-10-16 20:42:42,785 [ForkJoinPool.commonPool-worker-0] INFO  impl.RaftServerImpl (RaftServerImpl.java:lambda$shutdown$3(261)) - d612b743-bedc-4c3f-983e-e3329f8a2e6f@group-DDD6BF56D535: shutdown
2019-10-16 20:42:42,786 [ForkJoinPool.commonPool-worker-0] INFO  util.JmxRegister (JmxRegister.java:unregister(73)) - Successfully un-registered JMX Bean with object name Ratis:service=RaftServer,group=group-DDD6BF56D535,id=d612b743-bedc-4c3f-983e-e3329f8a2e6f
2019-10-16 20:42:42,786 [ForkJoinPool.commonPool-worker-0] INFO  impl.RoleInfo (RoleInfo.java:shutdownLeaderState(104)) - d612b743-bedc-4c3f-983e-e3329f8a2e6f: shutdown LeaderState
2019-10-16 20:42:42,786 [ForkJoinPool.commonPool-worker-0] INFO  impl.PendingRequests (PendingRequests.java:sendNotLeaderResponses(202)) - d612b743-bedc-4c3f-983e-e3329f8a2e6f@group-DDD6BF56D535-PendingRequests: sendNotLeaderResponses
2019-10-16 20:42:42,789 [ForkJoinPool.commonPool-worker-0] INFO  impl.StateMachineUpdater (StateMachineUpdater.java:stopAndJoin(136)) - d612b743-bedc-4c3f-983e-e3329f8a2e6f@group-DDD6BF56D535-StateMachineUpdater: set stopIndex = 2
2019-10-16 20:42:42,789 [ForkJoinPool.commonPool-worker-0] INFO  impl.RaftServerImpl (ServerState.java:close(388)) - d612b743-bedc-4c3f-983e-e3329f8a2e6f@group-DDD6BF56D535: closes. applyIndex: 2
2019-10-16 20:42:42,790 [d612b743-bedc-4c3f-983e-e3329f8a2e6f@group-DDD6BF56D535-SegmentedRaftLogWorker] INFO  segmented.SegmentedRaftLogWorker (SegmentedRaftLogWorker.java:run(316)) - d612b743-bedc-4c3f-983e-e3329f8a2e6f@group-DDD6BF56D535-SegmentedRaftLogWorker was interrupted, exiting. There are 0 tasks remaining in the queue.
2019-10-16 20:42:42,790 [ForkJoinPool.commonPool-worker-0] INFO  segmented.SegmentedRaftLogWorker (SegmentedRaftLogWorker.java:close(224)) - d612b743-bedc-4c3f-983e-e3329f8a2e6f@group-DDD6BF56D535-SegmentedRaftLogWorker close()
2019-10-16 20:42:42,791 [ForkJoinPool.commonPool-worker-0] INFO  impl.RaftServerImpl (RaftServerImpl.java:lambda$shutdown$3(261)) - d612b743-bedc-4c3f-983e-e3329f8a2e6f@group-9F7ECBB45DDD: shutdown
2019-10-16 20:42:42,791 [ForkJoinPool.commonPool-worker-0] INFO  util.JmxRegister (JmxRegister.java:unregister(73)) - Successfully un-registered JMX Bean with object name Ratis:service=RaftServer,group=group-9F7ECBB45DDD,id=d612b743-bedc-4c3f-983e-e3329f8a2e6f
2019-10-16 20:42:42,791 [ForkJoinPool.commonPool-worker-0] INFO  impl.RoleInfo (RoleInfo.java:shutdownLeaderState(104)) - d612b743-bedc-4c3f-983e-e3329f8a2e6f: shutdown LeaderState
2019-10-16 20:42:42,792 [ForkJoinPool.commonPool-worker-0] INFO  impl.PendingRequests (PendingRequests.java:sendNotLeaderResponses(202)) - d612b743-bedc-4c3f-983e-e3329f8a2e6f@group-9F7ECBB45DDD-PendingRequests: sendNotLeaderResponses
2019-10-16 20:42:42,792 [ForkJoinPool.commonPool-worker-0] INFO  impl.StateMachineUpdater (StateMachineUpdater.java:stopAndJoin(136)) - d612b743-bedc-4c3f-983e-e3329f8a2e6f@group-9F7ECBB45DDD-StateMachineUpdater: set stopIndex = 0
2019-10-16 20:42:42,792 [ForkJoinPool.commonPool-worker-0] INFO  impl.RaftServerImpl (ServerState.java:close(388)) - d612b743-bedc-4c3f-983e-e3329f8a2e6f@group-9F7ECBB45DDD: closes. applyIndex: 0
2019-10-16 20:42:42,793 [d612b743-bedc-4c3f-983e-e3329f8a2e6f@group-9F7ECBB45DDD-SegmentedRaftLogWorker] INFO  segmented.SegmentedRaftLogWorker (SegmentedRaftLogWorker.java:run(316)) - d612b743-bedc-4c3f-983e-e3329f8a2e6f@group-9F7ECBB45DDD-SegmentedRaftLogWorker was interrupted, exiting. There are 0 tasks remaining in the queue.
2019-10-16 20:42:42,793 [ForkJoinPool.commonPool-worker-0] INFO  segmented.SegmentedRaftLogWorker (SegmentedRaftLogWorker.java:close(224)) - d612b743-bedc-4c3f-983e-e3329f8a2e6f@group-9F7ECBB45DDD-SegmentedRaftLogWorker close()
2019-10-16 20:42:42,793 [ForkJoinPool.commonPool-worker-0] INFO  impl.RaftServerImpl (RaftServerImpl.java:lambda$shutdown$3(261)) - d612b743-bedc-4c3f-983e-e3329f8a2e6f@group-28ACFA97060E: shutdown
2019-10-16 20:42:42,794 [ForkJoinPool.commonPool-worker-0] INFO  util.JmxRegister (JmxRegister.java:unregister(73)) - Successfully un-registered JMX Bean with object name Ratis:service=RaftServer,group=group-28ACFA97060E,id=d612b743-bedc-4c3f-983e-e3329f8a2e6f
2019-10-16 20:42:42,794 [ForkJoinPool.commonPool-worker-0] INFO  impl.RoleInfo (RoleInfo.java:shutdownFollowerState(121)) - d612b743-bedc-4c3f-983e-e3329f8a2e6f: shutdown FollowerState
2019-10-16 20:42:42,794 [ForkJoinPool.commonPool-worker-0] INFO  impl.StateMachineUpdater (StateMachineUpdater.java:stopAndJoin(136)) - d612b743-bedc-4c3f-983e-e3329f8a2e6f@group-28ACFA97060E-StateMachineUpdater: set stopIndex = -1
2019-10-16 20:42:42,794 [Thread-2450] INFO  impl.FollowerState (FollowerState.java:run(117)) - d612b743-bedc-4c3f-983e-e3329f8a2e6f@group-28ACFA97060E-FollowerState was interrupted: java.lang.InterruptedException: sleep interrupted
2019-10-16 20:42:42,794 [ForkJoinPool.commonPool-worker-0] INFO  impl.RaftServerImpl (ServerState.java:close(388)) - d612b743-bedc-4c3f-983e-e3329f8a2e6f@group-28ACFA97060E: closes. applyIndex: -1
2019-10-16 20:42:42,795 [d612b743-bedc-4c3f-983e-e3329f8a2e6f@group-28ACFA97060E-SegmentedRaftLogWorker] INFO  segmented.SegmentedRaftLogWorker (SegmentedRaftLogWorker.java:run(316)) - d612b743-bedc-4c3f-983e-e3329f8a2e6f@group-28ACFA97060E-SegmentedRaftLogWorker was interrupted, exiting. There are 0 tasks remaining in the queue.
2019-10-16 20:42:42,795 [ForkJoinPool.commonPool-worker-0] INFO  segmented.SegmentedRaftLogWorker (SegmentedRaftLogWorker.java:close(224)) - d612b743-bedc-4c3f-983e-e3329f8a2e6f@group-28ACFA97060E-SegmentedRaftLogWorker close()
2019-10-16 20:42:42,796 [ForkJoinPool.commonPool-worker-0] INFO  server.GrpcService (GrpcService.java:closeImpl(164)) - d612b743-bedc-4c3f-983e-e3329f8a2e6f: shutdown server with port 44523 now
2019-10-16 20:42:42,796 [ForkJoinPool.commonPool-worker-0] INFO  server.GrpcService (GrpcService.java:closeImpl(172)) - d612b743-bedc-4c3f-983e-e3329f8a2e6f: shutdown server with port 44523 successfully
2019-10-16 20:42:42,802 [refreshUsed-/workdir/hadoop-ozone/integration-test/target/test-dir/MiniOzoneClusterImpl-d661fb9f-1fa9-4d83-aa41-108be3044330/datanode-2/data/containers] WARN  fs.CachingGetSpaceUsed (CachingGetSpaceUsed.java:run(183)) - Thread Interrupted waiting to refresh disk information: sleep interrupted
2019-10-16 20:42:42,819 [ForkJoinPool.commonPool-worker-0] INFO  utils.BackgroundService (BackgroundService.java:shutdown(151)) - Shutting down service BlockDeletingService
2019-10-16 20:42:42,820 [ForkJoinPool.commonPool-worker-0] INFO  statemachine.DatanodeStateMachine (DatanodeStateMachine.java:stopDaemon(395)) - Ozone container server stopped.
2019-10-16 20:42:42,821 [ForkJoinPool.commonPool-worker-0] INFO  handler.ContextHandler (ContextHandler.java:doStop(910)) - Stopped o.e.j.w.WebAppContext@508477a1{/,null,UNAVAILABLE}{/hddsDatanode}
2019-10-16 20:42:42,822 [ForkJoinPool.commonPool-worker-0] INFO  server.AbstractConnector (AbstractConnector.java:doStop(318)) - Stopped ServerConnector@4a76d03d{HTTP/1.1,[http/1.1]}{0.0.0.0:43830}
2019-10-16 20:42:42,822 [ForkJoinPool.commonPool-worker-0] INFO  handler.ContextHandler (ContextHandler.java:doStop(910)) - Stopped o.e.j.s.ServletContextHandler@6b730fc5{/static,jar:file:/home/user/.m2/repository/org/apache/hadoop/hadoop-hdds-container-service/0.5.0-SNAPSHOT/hadoop-hdds-container-service-0.5.0-SNAPSHOT.jar!/webapps/static,UNAVAILABLE}
2019-10-16 20:42:42,823 [ForkJoinPool.commonPool-worker-0] INFO  handler.ContextHandler (ContextHandler.java:doStop(910)) - Stopped o.e.j.s.ServletContextHandler@4c5464c4{/logs,file:///workdir/hadoop-ozone/integration-test/target/log,UNAVAILABLE}
2019-10-16 20:42:42,824 [main] INFO  ozone.MiniOzoneClusterImpl (MiniOzoneClusterImpl.java:stopSCM(430)) - Stopping the StorageContainerManager
2019-10-16 20:42:42,824 [main] INFO  server.StorageContainerManager (StorageContainerManager.java:stop(810)) - Stopping Replication Manager Service.
2019-10-16 20:42:42,824 [main] INFO  container.ReplicationManager (ReplicationManager.java:stop(203)) - Stopping Replication Monitor Thread.
2019-10-16 20:42:42,824 [main] INFO  server.StorageContainerManager (StorageContainerManager.java:stop(817)) - Stopping Lease Manager of the command watchers
2019-10-16 20:42:42,825 [main] INFO  server.StorageContainerManager (StorageContainerManager.java:stop(824)) - Stopping datanode service RPC server
2019-10-16 20:42:42,825 [main] INFO  server.SCMDatanodeProtocolServer (SCMDatanodeProtocolServer.java:stop(346)) - Stopping the RPC server for DataNodes
2019-10-16 20:42:42,825 [main] INFO  ipc.Server (Server.java:stop(3082)) - Stopping server on 38131
2019-10-16 20:42:42,828 [IPC Server listener on 38131] INFO  ipc.Server (Server.java:run(1185)) - Stopping IPC Server listener on 38131
2019-10-16 20:42:42,828 [IPC Server Responder] INFO  ipc.Server (Server.java:run(1319)) - Stopping IPC Server Responder
2019-10-16 20:42:43,313 [SCM Heartbeat Processing Thread - 0] WARN  node.NodeStateManager (NodeStateManager.java:scheduleNextHealthCheck(646)) - Current Thread is interrupted, shutting down HB processing thread for Node Manager.
2019-10-16 20:42:43,313 [EventQueue-StaleNodeForStaleNodeHandler] INFO  node.StaleNodeHandler (StaleNodeHandler.java:onMessage(58)) - Datanode d612b743-bedc-4c3f-983e-e3329f8a2e6f{ip: 192.168.157.254, host: pr-hdds-1868-qdb9g-714931517, networkLocation: /default-rack, certSerialId: null} moved to stale state. Finalizing its pipelines [PipelineID=36eb93fc-bcf8-4b0b-a0c0-ddd6bf56d535, PipelineID=92579588-2043-4440-b5f8-9f7ecbb45ddd, PipelineID=1024d099-6934-46d9-9041-28acfa97060e]
2019-10-16 20:42:43,314 [EventQueue-StaleNodeForStaleNodeHandler] INFO  pipeline.SCMPipelineManager (SCMPipelineManager.java:finalizeAndDestroyPipeline(315)) - destroying pipeline:Pipeline[ Id: 36eb93fc-bcf8-4b0b-a0c0-ddd6bf56d535, Nodes: d612b743-bedc-4c3f-983e-e3329f8a2e6f{ip: 192.168.157.254, host: pr-hdds-1868-qdb9g-714931517, networkLocation: /default-rack, certSerialId: null}, Type:RATIS, Factor:ONE, State:CLOSED]
2019-10-16 20:42:43,314 [main] INFO  server.StorageContainerManager (StorageContainerManager.java:stop(832)) - Stopping block service RPC server
2019-10-16 20:42:43,314 [EventQueue-StaleNodeForStaleNodeHandler] INFO  pipeline.SCMPipelineManager (SCMPipelineManager.java:finalizeAndDestroyPipeline(315)) - destroying pipeline:Pipeline[ Id: 92579588-2043-4440-b5f8-9f7ecbb45ddd, Nodes: d612b743-bedc-4c3f-983e-e3329f8a2e6f{ip: 192.168.157.254, host: pr-hdds-1868-qdb9g-714931517, networkLocation: /default-rack, certSerialId: null}, Type:RATIS, Factor:ONE, State:OPEN]
2019-10-16 20:42:43,315 [main] INFO  server.SCMBlockProtocolServer (SCMBlockProtocolServer.java:stop(155)) - Stopping the RPC server for Block Protocol
2019-10-16 20:42:43,315 [EventQueue-StaleNodeForStaleNodeHandler] INFO  pipeline.PipelineStateManager (PipelineStateManager.java:finalizePipeline(123)) - Pipeline Pipeline[ Id: 92579588-2043-4440-b5f8-9f7ecbb45ddd, Nodes: d612b743-bedc-4c3f-983e-e3329f8a2e6f{ip: 192.168.157.254, host: pr-hdds-1868-qdb9g-714931517, networkLocation: /default-rack, certSerialId: null}, Type:RATIS, Factor:ONE, State:CLOSED] moved to CLOSED state
2019-10-16 20:42:43,315 [main] INFO  ipc.Server (Server.java:stop(3082)) - Stopping server on 38802
2019-10-16 20:42:43,316 [EventQueue-StaleNodeForStaleNodeHandler] INFO  pipeline.SCMPipelineManager (SCMPipelineManager.java:finalizeAndDestroyPipeline(315)) - destroying pipeline:Pipeline[ Id: 1024d099-6934-46d9-9041-28acfa97060e, Nodes: 46069bd9-45fc-4c82-823c-36f07a1bcff0{ip: 192.168.157.254, host: pr-hdds-1868-qdb9g-714931517, networkLocation: /default-rack, certSerialId: null}bc0bc980-c963-48ce-962e-85091c893131{ip: 192.168.157.254, host: pr-hdds-1868-qdb9g-714931517, networkLocation: /default-rack, certSerialId: null}d612b743-bedc-4c3f-983e-e3329f8a2e6f{ip: 192.168.157.254, host: pr-hdds-1868-qdb9g-714931517, networkLocation: /default-rack, certSerialId: null}, Type:RATIS, Factor:THREE, State:CLOSED]
2019-10-16 20:42:43,317 [IPC Server listener on 38802] INFO  ipc.Server (Server.java:run(1185)) - Stopping IPC Server listener on 38802
2019-10-16 20:42:43,317 [main] INFO  server.StorageContainerManager (StorageContainerManager.java:stop(839)) - Stopping the StorageContainerLocationProtocol RPC server
2019-10-16 20:42:43,318 [IPC Server Responder] INFO  ipc.Server (Server.java:run(1319)) - Stopping IPC Server Responder
2019-10-16 20:42:43,318 [main] INFO  server.SCMClientProtocolServer (SCMClientProtocolServer.java:stop(168)) - Stopping the RPC server for Client Protocol
2019-10-16 20:42:43,319 [main] INFO  ipc.Server (Server.java:stop(3082)) - Stopping server on 46609
2019-10-16 20:42:43,320 [main] INFO  server.StorageContainerManager (StorageContainerManager.java:stop(846)) - Stopping Storage Container Manager HTTP server.
2019-10-16 20:42:43,320 [IPC Server listener on 46609] INFO  ipc.Server (Server.java:run(1185)) - Stopping IPC Server listener on 46609
2019-10-16 20:42:43,321 [IPC Server Responder] INFO  ipc.Server (Server.java:run(1319)) - Stopping IPC Server Responder
2019-10-16 20:42:43,323 [main] INFO  handler.ContextHandler (ContextHandler.java:doStop(910)) - Stopped o.e.j.w.WebAppContext@6daddc8b{/,null,UNAVAILABLE}{/scm}
2019-10-16 20:42:43,323 [main] INFO  server.AbstractConnector (AbstractConnector.java:doStop(318)) - Stopped ServerConnector@54e640d6{HTTP/1.1,[http/1.1]}{0.0.0.0:0}
2019-10-16 20:42:43,324 [main] INFO  handler.ContextHandler (ContextHandler.java:doStop(910)) - Stopped o.e.j.s.ServletContextHandler@16c67ef1{/static,file:///workdir/hadoop-ozone/integration-test/target/test-classes/webapps/static,UNAVAILABLE}
2019-10-16 20:42:43,325 [main] INFO  handler.ContextHandler (ContextHandler.java:doStop(910)) - Stopped o.e.j.s.ServletContextHandler@35cd11f1{/logs,file:///workdir/hadoop-ozone/integration-test/target/log,UNAVAILABLE}
2019-10-16 20:42:43,326 [main] INFO  server.StorageContainerManager (StorageContainerManager.java:stop(857)) - Stopping Block Manager Service.
2019-10-16 20:42:43,326 [main] INFO  utils.BackgroundService (BackgroundService.java:shutdown(151)) - Shutting down service SCMBlockDeletingService
2019-10-16 20:42:43,326 [main] INFO  utils.BackgroundService (BackgroundService.java:shutdown(151)) - Shutting down service SCMBlockDeletingService
2019-10-16 20:42:43,327 [main] INFO  server.StorageContainerManager (StorageContainerManager.java:stop(879)) - Stopping SCM Event Queue.
2019-10-16 20:42:43,333 [main] INFO  impl.MetricsSystemImpl (MetricsSystemImpl.java:stop(210)) - Stopping HddsDatanode metrics system...
2019-10-16 20:42:43,344 [main] INFO  impl.MetricsSystemImpl (MetricsSystemImpl.java:stop(216)) - HddsDatanode metrics system stopped.
]]></system-out>
    <system-err><![CDATA[Oct 16, 2019 8:41:42 PM org.apache.ratis.thirdparty.io.grpc.internal.SerializingExecutor run
SEVERE: Exception while executing runnable org.apache.ratis.thirdparty.io.grpc.internal.ServerImpl$JumpToApplicationThreadServerStreamListener$1Closed@2506e1fb
org.apache.ratis.thirdparty.io.grpc.StatusRuntimeException: CANCELLED: call already cancelled
	at org.apache.ratis.thirdparty.io.grpc.Status.asRuntimeException(Status.java:517)
	at org.apache.ratis.thirdparty.io.grpc.stub.ServerCalls$ServerCallStreamObserverImpl.onCompleted(ServerCalls.java:356)
	at org.apache.ratis.grpc.server.GrpcServerProtocolService$ServerRequestStreamObserver.onError(GrpcServerProtocolService.java:121)
	at org.apache.ratis.thirdparty.io.grpc.stub.ServerCalls$StreamingServerCallHandler$StreamingServerCallListener.onCancel(ServerCalls.java:269)
	at org.apache.ratis.thirdparty.io.grpc.internal.ServerCallImpl$ServerStreamListenerImpl.closed(ServerCallImpl.java:293)
	at org.apache.ratis.thirdparty.io.grpc.internal.ServerImpl$JumpToApplicationThreadServerStreamListener$1Closed.runInContext(ServerImpl.java:741)
	at org.apache.ratis.thirdparty.io.grpc.internal.ContextRunnable.run(ContextRunnable.java:37)
	at org.apache.ratis.thirdparty.io.grpc.internal.SerializingExecutor.run(SerializingExecutor.java:123)
	at java.util.concurrent.ThreadPoolExecutor.runWorker(ThreadPoolExecutor.java:1149)
	at java.util.concurrent.ThreadPoolExecutor$Worker.run(ThreadPoolExecutor.java:624)
	at java.lang.Thread.run(Thread.java:748)

Oct 16, 2019 8:41:42 PM org.apache.ratis.thirdparty.io.grpc.internal.SerializingExecutor run
SEVERE: Exception while executing runnable org.apache.ratis.thirdparty.io.grpc.internal.ClientCallImpl$ClientStreamListenerImpl$1StreamClosed@7d74ade2
java.lang.NullPointerException
	at org.apache.ratis.grpc.server.GrpcLogAppender$AppendLogResponseHandler.onError(GrpcLogAppender.java:303)
	at org.apache.ratis.thirdparty.io.grpc.stub.ClientCalls$StreamObserverToCallListenerAdapter.onClose(ClientCalls.java:434)
	at org.apache.ratis.thirdparty.io.grpc.PartialForwardingClientCallListener.onClose(PartialForwardingClientCallListener.java:39)
	at org.apache.ratis.thirdparty.io.grpc.ForwardingClientCallListener.onClose(ForwardingClientCallListener.java:23)
	at org.apache.ratis.thirdparty.io.grpc.ForwardingClientCallListener$SimpleForwardingClientCallListener.onClose(ForwardingClientCallListener.java:40)
	at org.apache.ratis.thirdparty.io.grpc.internal.CensusStatsModule$StatsClientInterceptor$1$1.onClose(CensusStatsModule.java:678)
	at org.apache.ratis.thirdparty.io.grpc.PartialForwardingClientCallListener.onClose(PartialForwardingClientCallListener.java:39)
	at org.apache.ratis.thirdparty.io.grpc.ForwardingClientCallListener.onClose(ForwardingClientCallListener.java:23)
	at org.apache.ratis.thirdparty.io.grpc.ForwardingClientCallListener$SimpleForwardingClientCallListener.onClose(ForwardingClientCallListener.java:40)
	at org.apache.ratis.thirdparty.io.grpc.internal.CensusTracingModule$TracingClientInterceptor$1$1.onClose(CensusTracingModule.java:397)
	at org.apache.ratis.thirdparty.io.grpc.internal.ClientCallImpl.closeObserver(ClientCallImpl.java:459)
	at org.apache.ratis.thirdparty.io.grpc.internal.ClientCallImpl.access$300(ClientCallImpl.java:63)
	at org.apache.ratis.thirdparty.io.grpc.internal.ClientCallImpl$ClientStreamListenerImpl.close(ClientCallImpl.java:546)
	at org.apache.ratis.thirdparty.io.grpc.internal.ClientCallImpl$ClientStreamListenerImpl.access$600(ClientCallImpl.java:467)
	at org.apache.ratis.thirdparty.io.grpc.internal.ClientCallImpl$ClientStreamListenerImpl$1StreamClosed.runInContext(ClientCallImpl.java:584)
	at org.apache.ratis.thirdparty.io.grpc.internal.ContextRunnable.run(ContextRunnable.java:37)
	at org.apache.ratis.thirdparty.io.grpc.internal.SerializingExecutor.run(SerializingExecutor.java:123)
	at java.util.concurrent.ThreadPoolExecutor.runWorker(ThreadPoolExecutor.java:1149)
	at java.util.concurrent.ThreadPoolExecutor$Worker.run(ThreadPoolExecutor.java:624)
	at java.lang.Thread.run(Thread.java:748)

Oct 16, 2019 8:41:47 PM org.apache.ratis.thirdparty.io.grpc.internal.SerializingExecutor run
SEVERE: Exception while executing runnable org.apache.ratis.thirdparty.io.grpc.internal.ServerImpl$JumpToApplicationThreadServerStreamListener$1Closed@38615d1c
org.apache.ratis.thirdparty.io.grpc.StatusRuntimeException: CANCELLED: call already cancelled
	at org.apache.ratis.thirdparty.io.grpc.Status.asRuntimeException(Status.java:517)
	at org.apache.ratis.thirdparty.io.grpc.stub.ServerCalls$ServerCallStreamObserverImpl.onCompleted(ServerCalls.java:356)
	at org.apache.ratis.grpc.server.GrpcServerProtocolService$ServerRequestStreamObserver.onError(GrpcServerProtocolService.java:121)
	at org.apache.ratis.thirdparty.io.grpc.stub.ServerCalls$StreamingServerCallHandler$StreamingServerCallListener.onCancel(ServerCalls.java:269)
	at org.apache.ratis.thirdparty.io.grpc.internal.ServerCallImpl$ServerStreamListenerImpl.closed(ServerCallImpl.java:293)
	at org.apache.ratis.thirdparty.io.grpc.internal.ServerImpl$JumpToApplicationThreadServerStreamListener$1Closed.runInContext(ServerImpl.java:741)
	at org.apache.ratis.thirdparty.io.grpc.internal.ContextRunnable.run(ContextRunnable.java:37)
	at org.apache.ratis.thirdparty.io.grpc.internal.SerializingExecutor.run(SerializingExecutor.java:123)
	at java.util.concurrent.ThreadPoolExecutor.runWorker(ThreadPoolExecutor.java:1149)
	at java.util.concurrent.ThreadPoolExecutor$Worker.run(ThreadPoolExecutor.java:624)
	at java.lang.Thread.run(Thread.java:748)

Oct 16, 2019 8:41:47 PM org.apache.ratis.thirdparty.io.grpc.internal.SerializingExecutor run
SEVERE: Exception while executing runnable org.apache.ratis.thirdparty.io.grpc.internal.ClientCallImpl$ClientStreamListenerImpl$1StreamClosed@2a5f513d
java.lang.NullPointerException
	at org.apache.ratis.grpc.server.GrpcLogAppender$AppendLogResponseHandler.onError(GrpcLogAppender.java:303)
	at org.apache.ratis.thirdparty.io.grpc.stub.ClientCalls$StreamObserverToCallListenerAdapter.onClose(ClientCalls.java:434)
	at org.apache.ratis.thirdparty.io.grpc.PartialForwardingClientCallListener.onClose(PartialForwardingClientCallListener.java:39)
	at org.apache.ratis.thirdparty.io.grpc.ForwardingClientCallListener.onClose(ForwardingClientCallListener.java:23)
	at org.apache.ratis.thirdparty.io.grpc.ForwardingClientCallListener$SimpleForwardingClientCallListener.onClose(ForwardingClientCallListener.java:40)
	at org.apache.ratis.thirdparty.io.grpc.internal.CensusStatsModule$StatsClientInterceptor$1$1.onClose(CensusStatsModule.java:678)
	at org.apache.ratis.thirdparty.io.grpc.PartialForwardingClientCallListener.onClose(PartialForwardingClientCallListener.java:39)
	at org.apache.ratis.thirdparty.io.grpc.ForwardingClientCallListener.onClose(ForwardingClientCallListener.java:23)
	at org.apache.ratis.thirdparty.io.grpc.ForwardingClientCallListener$SimpleForwardingClientCallListener.onClose(ForwardingClientCallListener.java:40)
	at org.apache.ratis.thirdparty.io.grpc.internal.CensusTracingModule$TracingClientInterceptor$1$1.onClose(CensusTracingModule.java:397)
	at org.apache.ratis.thirdparty.io.grpc.internal.ClientCallImpl.closeObserver(ClientCallImpl.java:459)
	at org.apache.ratis.thirdparty.io.grpc.internal.ClientCallImpl.access$300(ClientCallImpl.java:63)
	at org.apache.ratis.thirdparty.io.grpc.internal.ClientCallImpl$ClientStreamListenerImpl.close(ClientCallImpl.java:546)
	at org.apache.ratis.thirdparty.io.grpc.internal.ClientCallImpl$ClientStreamListenerImpl.access$600(ClientCallImpl.java:467)
	at org.apache.ratis.thirdparty.io.grpc.internal.ClientCallImpl$ClientStreamListenerImpl$1StreamClosed.runInContext(ClientCallImpl.java:584)
	at org.apache.ratis.thirdparty.io.grpc.internal.ContextRunnable.run(ContextRunnable.java:37)
	at org.apache.ratis.thirdparty.io.grpc.internal.SerializingExecutor.run(SerializingExecutor.java:123)
	at java.util.concurrent.ThreadPoolExecutor.runWorker(ThreadPoolExecutor.java:1149)
	at java.util.concurrent.ThreadPoolExecutor$Worker.run(ThreadPoolExecutor.java:624)
	at java.lang.Thread.run(Thread.java:748)

]]></system-err>
  </testcase>
</testsuite>