<?xml version="1.0" encoding="UTF-8"?>
<testsuite xmlns:xsi="http://www.w3.org/2001/XMLSchema-instance" xsi:noNamespaceSchemaLocation="https://maven.apache.org/surefire/maven-surefire-plugin/xsd/surefire-test-report.xsd" name="org.apache.hadoop.ozone.freon.TestFreonWithPipelineDestroy" time="45.042" tests="1" errors="1" skipped="0" failures="0">
  <properties>
    <property name="awt.toolkit" value="sun.awt.X11.XToolkit"/>
    <property name="file.encoding.pkg" value="sun.io"/>
    <property name="java.specification.version" value="1.8"/>
    <property name="sun.cpu.isalist" value=""/>
    <property name="sun.jnu.encoding" value="ANSI_X3.4-1968"/>
    <property name="java.class.path" value="/workdir/hadoop-ozone/tools/target/test-classes:/workdir/hadoop-ozone/tools/target/classes:/home/user/.m2/repository/org/apache/hadoop/hadoop-ozone-ozone-manager/0.5.0-SNAPSHOT/hadoop-ozone-ozone-manager-0.5.0-SNAPSHOT.jar:/home/user/.m2/repository/org/apache/hadoop/hadoop-hdds-docs/0.5.0-SNAPSHOT/hadoop-hdds-docs-0.5.0-SNAPSHOT.jar:/home/user/.m2/repository/org/bouncycastle/bcprov-jdk15on/1.60/bcprov-jdk15on-1.60.jar:/home/user/.m2/repository/org/apache/hadoop/hadoop-ozone-common/0.5.0-SNAPSHOT/hadoop-ozone-common-0.5.0-SNAPSHOT.jar:/home/user/.m2/repository/org/apache/commons/commons-compress/1.4.1/commons-compress-1.4.1.jar:/home/user/.m2/repository/org/tukaani/xz/1.0/xz-1.0.jar:/home/user/.m2/repository/org/apache/hadoop/hadoop-hdfs-client/3.2.0/hadoop-hdfs-client-3.2.0.jar:/home/user/.m2/repository/com/fasterxml/jackson/core/jackson-annotations/2.9.9/jackson-annotations-2.9.9.jar:/home/user/.m2/repository/org/apache/hadoop/hadoop-hdds-common/0.5.0-SNAPSHOT/hadoop-hdds-common-0.5.0-SNAPSHOT.jar:/home/user/.m2/repository/org/apache/hadoop/hadoop-hdds-config/0.5.0-SNAPSHOT/hadoop-hdds-config-0.5.0-SNAPSHOT.jar:/home/user/.m2/repository/javax/annotation/javax.annotation-api/1.2/javax.annotation-api-1.2.jar:/home/user/.m2/repository/org/apache/ratis/ratis-server/0.5.0-ced7dbf-SNAPSHOT/ratis-server-0.5.0-ced7dbf-SNAPSHOT.jar:/home/user/.m2/repository/org/apache/ratis/ratis-thirdparty-misc/0.2.0/ratis-thirdparty-misc-0.2.0.jar:/home/user/.m2/repository/org/apache/ratis/ratis-proto/0.5.0-ced7dbf-SNAPSHOT/ratis-proto-0.5.0-ced7dbf-SNAPSHOT.jar:/home/user/.m2/repository/org/apache/ratis/ratis-common/0.5.0-ced7dbf-SNAPSHOT/ratis-common-0.5.0-ced7dbf-SNAPSHOT.jar:/home/user/.m2/repository/org/apache/ratis/ratis-client/0.5.0-ced7dbf-SNAPSHOT/ratis-client-0.5.0-ced7dbf-SNAPSHOT.jar:/home/user/.m2/repository/org/apache/ratis/ratis-metrics/0.5.0-ced7dbf-SNAPSHOT/ratis-metrics-0.5.0-ced7dbf-SNAPSHOT.jar:/home/user/.m2/repository/org/apache/ratis/ratis-netty/0.5.0-ced7dbf-SNAPSHOT/ratis-netty-0.5.0-ced7dbf-SNAPSHOT.jar:/home/user/.m2/repository/org/apache/ratis/ratis-grpc/0.5.0-ced7dbf-SNAPSHOT/ratis-grpc-0.5.0-ced7dbf-SNAPSHOT.jar:/home/user/.m2/repository/org/rocksdb/rocksdbjni/6.0.1/rocksdbjni-6.0.1.jar:/home/user/.m2/repository/org/apache/logging/log4j/log4j-api/2.11.0/log4j-api-2.11.0.jar:/home/user/.m2/repository/org/apache/logging/log4j/log4j-core/2.11.0/log4j-core-2.11.0.jar:/home/user/.m2/repository/com/lmax/disruptor/3.4.2/disruptor-3.4.2.jar:/home/user/.m2/repository/org/apache/commons/commons-pool2/2.6.0/commons-pool2-2.6.0.jar:/home/user/.m2/repository/org/bouncycastle/bcpkix-jdk15on/1.60/bcpkix-jdk15on-1.60.jar:/home/user/.m2/repository/commons-validator/commons-validator/1.6/commons-validator-1.6.jar:/home/user/.m2/repository/commons-digester/commons-digester/1.8.1/commons-digester-1.8.1.jar:/home/user/.m2/repository/io/jaegertracing/jaeger-client/0.34.0/jaeger-client-0.34.0.jar:/home/user/.m2/repository/io/jaegertracing/jaeger-thrift/0.34.0/jaeger-thrift-0.34.0.jar:/home/user/.m2/repository/org/apache/thrift/libthrift/0.12.0/libthrift-0.12.0.jar:/home/user/.m2/repository/com/squareup/okhttp3/okhttp/3.9.0/okhttp-3.9.0.jar:/home/user/.m2/repository/com/squareup/okio/okio/1.13.0/okio-1.13.0.jar:/home/user/.m2/repository/io/jaegertracing/jaeger-core/0.34.0/jaeger-core-0.34.0.jar:/home/user/.m2/repository/io/jaegertracing/jaeger-tracerresolver/0.34.0/jaeger-tracerresolver-0.34.0.jar:/home/user/.m2/repository/io/opentracing/contrib/opentracing-tracerresolver/0.1.5/opentracing-tracerresolver-0.1.5.jar:/home/user/.m2/repository/io/opentracing/opentracing-util/0.31.0/opentracing-util-0.31.0.jar:/home/user/.m2/repository/io/opentracing/opentracing-api/0.31.0/opentracing-api-0.31.0.jar:/home/user/.m2/repository/io/opentracing/opentracing-noop/0.31.0/opentracing-noop-0.31.0.jar:/home/user/.m2/repository/org/yaml/snakeyaml/1.16/snakeyaml-1.16.jar:/home/user/.m2/repository/org/apache/hadoop/hadoop-hdds-container-service/0.5.0-SNAPSHOT/hadoop-hdds-container-service-0.5.0-SNAPSHOT.jar:/home/user/.m2/repository/org/apache/hadoop/hadoop-hdds-client/0.5.0-SNAPSHOT/hadoop-hdds-client-0.5.0-SNAPSHOT.jar:/home/user/.m2/repository/org/apache/hadoop/hadoop-hdds-tools/0.5.0-SNAPSHOT/hadoop-hdds-tools-0.5.0-SNAPSHOT.jar:/home/user/.m2/repository/org/xerial/sqlite-jdbc/3.25.2/sqlite-jdbc-3.25.2.jar:/home/user/.m2/repository/org/apache/hadoop/hadoop-hdds-server-scm/0.5.0-SNAPSHOT/hadoop-hdds-server-scm-0.5.0-SNAPSHOT.jar:/home/user/.m2/repository/org/hamcrest/hamcrest-all/1.3/hamcrest-all-1.3.jar:/home/user/.m2/repository/info/picocli/picocli/3.9.6/picocli-3.9.6.jar:/home/user/.m2/repository/com/google/protobuf/protobuf-java/2.5.0/protobuf-java-2.5.0.jar:/home/user/.m2/repository/com/google/guava/guava/11.0.2/guava-11.0.2.jar:/home/user/.m2/repository/org/apache/hadoop/hadoop-ozone-client/0.5.0-SNAPSHOT/hadoop-ozone-client-0.5.0-SNAPSHOT.jar:/workdir/hadoop-ozone/ozonefs/target/classes:/home/user/.m2/repository/org/apache/httpcomponents/httpclient/4.5.2/httpclient-4.5.2.jar:/home/user/.m2/repository/org/apache/httpcomponents/httpcore/4.4.4/httpcore-4.4.4.jar:/home/user/.m2/repository/org/apache/hadoop/hadoop-hdds-server-framework/0.5.0-SNAPSHOT/hadoop-hdds-server-framework-0.5.0-SNAPSHOT.jar:/home/user/.m2/repository/org/apache/hadoop/hadoop-common/3.2.0/hadoop-common-3.2.0.jar:/home/user/.m2/repository/org/apache/hadoop/hadoop-annotations/3.2.0/hadoop-annotations-3.2.0.jar:/usr/lib/jvm/java-1.8.0-openjdk-1.8.0.222.b10-1.el7_7.x86_64/jre/../lib/tools.jar:/home/user/.m2/repository/commons-cli/commons-cli/1.2/commons-cli-1.2.jar:/home/user/.m2/repository/org/apache/commons/commons-math3/3.1.1/commons-math3-3.1.1.jar:/home/user/.m2/repository/commons-codec/commons-codec/1.11/commons-codec-1.11.jar:/home/user/.m2/repository/commons-io/commons-io/2.5/commons-io-2.5.jar:/home/user/.m2/repository/commons-net/commons-net/3.6/commons-net-3.6.jar:/home/user/.m2/repository/commons-collections/commons-collections/3.2.2/commons-collections-3.2.2.jar:/home/user/.m2/repository/javax/servlet/javax.servlet-api/3.1.0/javax.servlet-api-3.1.0.jar:/home/user/.m2/repository/org/eclipse/jetty/jetty-server/9.3.25.v20180904/jetty-server-9.3.25.v20180904.jar:/home/user/.m2/repository/org/eclipse/jetty/jetty-http/9.3.25.v20180904/jetty-http-9.3.25.v20180904.jar:/home/user/.m2/repository/org/eclipse/jetty/jetty-io/9.3.25.v20180904/jetty-io-9.3.25.v20180904.jar:/home/user/.m2/repository/org/eclipse/jetty/jetty-util/9.3.25.v20180904/jetty-util-9.3.25.v20180904.jar:/home/user/.m2/repository/org/eclipse/jetty/jetty-servlet/9.3.25.v20180904/jetty-servlet-9.3.25.v20180904.jar:/home/user/.m2/repository/org/eclipse/jetty/jetty-security/9.3.25.v20180904/jetty-security-9.3.25.v20180904.jar:/home/user/.m2/repository/org/eclipse/jetty/jetty-webapp/9.3.25.v20180904/jetty-webapp-9.3.25.v20180904.jar:/home/user/.m2/repository/org/eclipse/jetty/jetty-xml/9.3.25.v20180904/jetty-xml-9.3.25.v20180904.jar:/home/user/.m2/repository/javax/servlet/jsp/jsp-api/2.1/jsp-api-2.1.jar:/home/user/.m2/repository/com/sun/jersey/jersey-core/1.19/jersey-core-1.19.jar:/home/user/.m2/repository/javax/ws/rs/jsr311-api/1.1.1/jsr311-api-1.1.1.jar:/home/user/.m2/repository/com/sun/jersey/jersey-servlet/1.19/jersey-servlet-1.19.jar:/home/user/.m2/repository/com/sun/jersey/jersey-json/1.19/jersey-json-1.19.jar:/home/user/.m2/repository/org/codehaus/jettison/jettison/1.1/jettison-1.1.jar:/home/user/.m2/repository/com/sun/xml/bind/jaxb-impl/2.3.0.1/jaxb-impl-2.3.0.1.jar:/home/user/.m2/repository/org/codehaus/jackson/jackson-core-asl/1.9.13/jackson-core-asl-1.9.13.jar:/home/user/.m2/repository/org/codehaus/jackson/jackson-mapper-asl/1.9.13/jackson-mapper-asl-1.9.13.jar:/home/user/.m2/repository/org/codehaus/jackson/jackson-jaxrs/1.9.13/jackson-jaxrs-1.9.13.jar:/home/user/.m2/repository/org/codehaus/jackson/jackson-xc/1.9.13/jackson-xc-1.9.13.jar:/home/user/.m2/repository/com/sun/jersey/jersey-server/1.19/jersey-server-1.19.jar:/home/user/.m2/repository/commons-logging/commons-logging/1.1.3/commons-logging-1.1.3.jar:/home/user/.m2/repository/log4j/log4j/1.2.17/log4j-1.2.17.jar:/home/user/.m2/repository/commons-beanutils/commons-beanutils/1.9.4/commons-beanutils-1.9.4.jar:/home/user/.m2/repository/org/apache/commons/commons-configuration2/2.1.1/commons-configuration2-2.1.1.jar:/home/user/.m2/repository/org/apache/commons/commons-lang3/3.7/commons-lang3-3.7.jar:/home/user/.m2/repository/org/apache/commons/commons-text/1.4/commons-text-1.4.jar:/home/user/.m2/repository/org/slf4j/slf4j-api/1.7.25/slf4j-api-1.7.25.jar:/home/user/.m2/repository/org/slf4j/slf4j-log4j12/1.7.25/slf4j-log4j12-1.7.25.jar:/home/user/.m2/repository/org/apache/avro/avro/1.7.7/avro-1.7.7.jar:/home/user/.m2/repository/com/thoughtworks/paranamer/paranamer/2.3/paranamer-2.3.jar:/home/user/.m2/repository/org/xerial/snappy/snappy-java/1.0.5/snappy-java-1.0.5.jar:/home/user/.m2/repository/com/google/re2j/re2j/1.1/re2j-1.1.jar:/home/user/.m2/repository/com/google/code/gson/gson/2.2.4/gson-2.2.4.jar:/home/user/.m2/repository/org/apache/hadoop/hadoop-auth/3.2.0/hadoop-auth-3.2.0.jar:/home/user/.m2/repository/com/nimbusds/nimbus-jose-jwt/4.41.1/nimbus-jose-jwt-4.41.1.jar:/home/user/.m2/repository/com/github/stephenc/jcip/jcip-annotations/1.0-1/jcip-annotations-1.0-1.jar:/home/user/.m2/repository/net/minidev/json-smart/2.3/json-smart-2.3.jar:/home/user/.m2/repository/net/minidev/accessors-smart/1.2/accessors-smart-1.2.jar:/home/user/.m2/repository/org/apache/curator/curator-framework/2.12.0/curator-framework-2.12.0.jar:/home/user/.m2/repository/com/jcraft/jsch/0.1.54/jsch-0.1.54.jar:/home/user/.m2/repository/org/apache/curator/curator-client/2.12.0/curator-client-2.12.0.jar:/home/user/.m2/repository/org/apache/curator/curator-recipes/2.12.0/curator-recipes-2.12.0.jar:/home/user/.m2/repository/com/google/code/findbugs/jsr305/3.0.0/jsr305-3.0.0.jar:/home/user/.m2/repository/org/apache/htrace/htrace-core4/4.1.0-incubating/htrace-core4-4.1.0-incubating.jar:/home/user/.m2/repository/org/apache/zookeeper/zookeeper/3.4.13/zookeeper-3.4.13.jar:/home/user/.m2/repository/jline/jline/0.9.94/jline-0.9.94.jar:/home/user/.m2/repository/org/apache/yetus/audience-annotations/0.5.0/audience-annotations-0.5.0.jar:/home/user/.m2/repository/org/apache/kerby/kerb-simplekdc/1.0.1/kerb-simplekdc-1.0.1.jar:/home/user/.m2/repository/org/apache/kerby/kerb-client/1.0.1/kerb-client-1.0.1.jar:/home/user/.m2/repository/org/apache/kerby/kerby-config/1.0.1/kerby-config-1.0.1.jar:/home/user/.m2/repository/org/apache/kerby/kerb-core/1.0.1/kerb-core-1.0.1.jar:/home/user/.m2/repository/org/apache/kerby/kerby-pkix/1.0.1/kerby-pkix-1.0.1.jar:/home/user/.m2/repository/org/apache/kerby/kerby-asn1/1.0.1/kerby-asn1-1.0.1.jar:/home/user/.m2/repository/org/apache/kerby/kerby-util/1.0.1/kerby-util-1.0.1.jar:/home/user/.m2/repository/org/apache/kerby/kerb-common/1.0.1/kerb-common-1.0.1.jar:/home/user/.m2/repository/org/apache/kerby/kerb-crypto/1.0.1/kerb-crypto-1.0.1.jar:/home/user/.m2/repository/org/apache/kerby/kerb-util/1.0.1/kerb-util-1.0.1.jar:/home/user/.m2/repository/org/apache/kerby/token-provider/1.0.1/token-provider-1.0.1.jar:/home/user/.m2/repository/org/apache/kerby/kerb-admin/1.0.1/kerb-admin-1.0.1.jar:/home/user/.m2/repository/org/apache/kerby/kerb-server/1.0.1/kerb-server-1.0.1.jar:/home/user/.m2/repository/org/apache/kerby/kerb-identity/1.0.1/kerb-identity-1.0.1.jar:/home/user/.m2/repository/org/apache/kerby/kerby-xdr/1.0.1/kerby-xdr-1.0.1.jar:/home/user/.m2/repository/com/fasterxml/jackson/core/jackson-databind/2.9.9/jackson-databind-2.9.9.jar:/home/user/.m2/repository/com/fasterxml/jackson/core/jackson-core/2.9.9/jackson-core-2.9.9.jar:/home/user/.m2/repository/org/codehaus/woodstox/stax2-api/3.1.4/stax2-api-3.1.4.jar:/home/user/.m2/repository/com/fasterxml/woodstox/woodstox-core/5.0.3/woodstox-core-5.0.3.jar:/home/user/.m2/repository/dnsjava/dnsjava/2.1.7/dnsjava-2.1.7.jar:/home/user/.m2/repository/org/apache/hadoop/hadoop-hdfs/3.2.0/hadoop-hdfs-3.2.0.jar:/home/user/.m2/repository/org/eclipse/jetty/jetty-util-ajax/9.3.25.v20180904/jetty-util-ajax-9.3.25.v20180904.jar:/home/user/.m2/repository/commons-daemon/commons-daemon/1.0.13/commons-daemon-1.0.13.jar:/home/user/.m2/repository/io/netty/netty/3.10.5.Final/netty-3.10.5.Final.jar:/home/user/.m2/repository/io/netty/netty-all/4.0.52.Final/netty-all-4.0.52.Final.jar:/home/user/.m2/repository/org/fusesource/leveldbjni/leveldbjni-all/1.8/leveldbjni-all-1.8.jar:/home/user/.m2/repository/com/sun/xml/bind/jaxb-core/2.3.0.1/jaxb-core-2.3.0.1.jar:/home/user/.m2/repository/javax/xml/bind/jaxb-api/2.3.0/jaxb-api-2.3.0.jar:/home/user/.m2/repository/javax/activation/activation/1.1.1/activation-1.1.1.jar:/home/user/.m2/repository/org/openjdk/jmh/jmh-core/1.19/jmh-core-1.19.jar:/home/user/.m2/repository/net/sf/jopt-simple/jopt-simple/4.6/jopt-simple-4.6.jar:/home/user/.m2/repository/org/openjdk/jmh/jmh-generator-annprocess/1.19/jmh-generator-annprocess-1.19.jar:/home/user/.m2/repository/io/dropwizard/metrics/metrics-core/3.2.4/metrics-core-3.2.4.jar:/home/user/.m2/repository/com/amazonaws/aws-java-sdk-s3/1.11.615/aws-java-sdk-s3-1.11.615.jar:/home/user/.m2/repository/com/amazonaws/aws-java-sdk-kms/1.11.615/aws-java-sdk-kms-1.11.615.jar:/home/user/.m2/repository/com/amazonaws/aws-java-sdk-core/1.11.615/aws-java-sdk-core-1.11.615.jar:/home/user/.m2/repository/software/amazon/ion/ion-java/1.0.2/ion-java-1.0.2.jar:/home/user/.m2/repository/com/fasterxml/jackson/dataformat/jackson-dataformat-cbor/2.9.9/jackson-dataformat-cbor-2.9.9.jar:/home/user/.m2/repository/joda-time/joda-time/2.9.9/joda-time-2.9.9.jar:/home/user/.m2/repository/com/amazonaws/jmespath-java/1.11.615/jmespath-java-1.11.615.jar:/home/user/.m2/repository/com/github/spotbugs/spotbugs/3.1.12/spotbugs-3.1.12.jar:/home/user/.m2/repository/org/ow2/asm/asm/5.0.4/asm-5.0.4.jar:/home/user/.m2/repository/org/ow2/asm/asm-analysis/7.0/asm-analysis-7.0.jar:/home/user/.m2/repository/org/ow2/asm/asm-commons/7.0/asm-commons-7.0.jar:/home/user/.m2/repository/org/ow2/asm/asm-tree/7.0/asm-tree-7.0.jar:/home/user/.m2/repository/org/ow2/asm/asm-util/7.0/asm-util-7.0.jar:/home/user/.m2/repository/org/apache/bcel/bcel/6.3/bcel-6.3.jar:/home/user/.m2/repository/net/jcip/jcip-annotations/1.0/jcip-annotations-1.0.jar:/home/user/.m2/repository/org/dom4j/dom4j/2.1.1/dom4j-2.1.1.jar:/home/user/.m2/repository/jaxen/jaxen/1.1.6/jaxen-1.1.6.jar:/home/user/.m2/repository/commons-lang/commons-lang/2.6/commons-lang-2.6.jar:/home/user/.m2/repository/com/github/spotbugs/spotbugs-annotations/3.1.12/spotbugs-annotations-3.1.12.jar:/home/user/.m2/repository/junit/junit/4.11/junit-4.11.jar:/home/user/.m2/repository/org/hamcrest/hamcrest-core/1.3/hamcrest-core-1.3.jar:/home/user/.m2/repository/org/apache/hadoop/hadoop-common/3.2.0/hadoop-common-3.2.0-tests.jar:/workdir/hadoop-ozone/integration-test/target/test-classes:/home/user/.m2/repository/org/apache/hadoop/hadoop-ozone-s3gateway/0.5.0-SNAPSHOT/hadoop-ozone-s3gateway-0.5.0-SNAPSHOT.jar:/home/user/.m2/repository/org/jboss/weld/servlet/weld-servlet/2.4.7.Final/weld-servlet-2.4.7.Final.jar:/home/user/.m2/repository/org/glassfish/jersey/containers/jersey-container-servlet-core/2.27/jersey-container-servlet-core-2.27.jar:/home/user/.m2/repository/org/glassfish/hk2/external/javax.inject/2.5.0-b42/javax.inject-2.5.0-b42.jar:/home/user/.m2/repository/org/glassfish/jersey/core/jersey-common/2.27/jersey-common-2.27.jar:/home/user/.m2/repository/org/glassfish/hk2/osgi-resource-locator/1.0.1/osgi-resource-locator-1.0.1.jar:/home/user/.m2/repository/javax/ws/rs/javax.ws.rs-api/2.1/javax.ws.rs-api-2.1.jar:/home/user/.m2/repository/org/glassfish/jersey/ext/cdi/jersey-cdi1x/2.27/jersey-cdi1x-2.27.jar:/home/user/.m2/repository/org/glassfish/jersey/inject/jersey-hk2/2.27/jersey-hk2-2.27.jar:/home/user/.m2/repository/org/glassfish/hk2/hk2-locator/2.5.0-b42/hk2-locator-2.5.0-b42.jar:/home/user/.m2/repository/org/javassist/javassist/3.22.0-CR2/javassist-3.22.0-CR2.jar:/home/user/.m2/repository/org/glassfish/hk2/hk2-api/2.5.0/hk2-api-2.5.0.jar:/home/user/.m2/repository/org/glassfish/hk2/external/jakarta.inject/2.5.0/jakarta.inject-2.5.0.jar:/home/user/.m2/repository/org/glassfish/hk2/hk2-utils/2.5.0/hk2-utils-2.5.0.jar:/home/user/.m2/repository/jakarta/annotation/jakarta.annotation-api/1.3.4/jakarta.annotation-api-1.3.4.jar:/home/user/.m2/repository/org/glassfish/hk2/external/aopalliance-repackaged/2.5.0/aopalliance-repackaged-2.5.0.jar:/home/user/.m2/repository/com/fasterxml/jackson/dataformat/jackson-dataformat-xml/2.9.0/jackson-dataformat-xml-2.9.0.jar:/home/user/.m2/repository/com/fasterxml/jackson/module/jackson-module-jaxb-annotations/2.9.9/jackson-module-jaxb-annotations-2.9.9.jar:/home/user/.m2/repository/javax/enterprise/cdi-api/1.2/cdi-api-1.2.jar:/home/user/.m2/repository/javax/el/javax.el-api/3.0.0/javax.el-api-3.0.0.jar:/home/user/.m2/repository/javax/interceptor/javax.interceptor-api/1.2/javax.interceptor-api-1.2.jar:/home/user/.m2/repository/javax/inject/javax.inject/1/javax.inject-1.jar:/home/user/.m2/repository/org/apache/hadoop/hadoop-ozone-csi/0.5.0-SNAPSHOT/hadoop-ozone-csi-0.5.0-SNAPSHOT.jar:/home/user/.m2/repository/com/google/protobuf/protobuf-java-util/3.5.1/protobuf-java-util-3.5.1.jar:/home/user/.m2/repository/io/grpc/grpc-netty/1.17.1/grpc-netty-1.17.1.jar:/home/user/.m2/repository/io/grpc/grpc-core/1.17.1/grpc-core-1.17.1.jar:/home/user/.m2/repository/io/grpc/grpc-context/1.17.1/grpc-context-1.17.1.jar:/home/user/.m2/repository/com/google/errorprone/error_prone_annotations/2.2.0/error_prone_annotations-2.2.0.jar:/home/user/.m2/repository/org/codehaus/mojo/animal-sniffer-annotations/1.17/animal-sniffer-annotations-1.17.jar:/home/user/.m2/repository/io/opencensus/opencensus-api/0.17.0/opencensus-api-0.17.0.jar:/home/user/.m2/repository/io/opencensus/opencensus-contrib-grpc-metrics/0.17.0/opencensus-contrib-grpc-metrics-0.17.0.jar:/home/user/.m2/repository/io/netty/netty-codec-http2/4.1.30.Final/netty-codec-http2-4.1.30.Final.jar:/home/user/.m2/repository/io/netty/netty-codec-http/4.1.30.Final/netty-codec-http-4.1.30.Final.jar:/home/user/.m2/repository/io/netty/netty-codec/4.1.30.Final/netty-codec-4.1.30.Final.jar:/home/user/.m2/repository/io/netty/netty-handler/4.1.30.Final/netty-handler-4.1.30.Final.jar:/home/user/.m2/repository/io/netty/netty-handler-proxy/4.1.30.Final/netty-handler-proxy-4.1.30.Final.jar:/home/user/.m2/repository/io/netty/netty-codec-socks/4.1.30.Final/netty-codec-socks-4.1.30.Final.jar:/home/user/.m2/repository/io/netty/netty-transport-native-epoll/4.1.30.Final/netty-transport-native-epoll-4.1.30.Final.jar:/home/user/.m2/repository/io/netty/netty-common/4.1.30.Final/netty-common-4.1.30.Final.jar:/home/user/.m2/repository/io/netty/netty-buffer/4.1.30.Final/netty-buffer-4.1.30.Final.jar:/home/user/.m2/repository/io/netty/netty-transport/4.1.30.Final/netty-transport-4.1.30.Final.jar:/home/user/.m2/repository/io/netty/netty-resolver/4.1.30.Final/netty-resolver-4.1.30.Final.jar:/home/user/.m2/repository/io/netty/netty-transport-native-unix-common/4.1.30.Final/netty-transport-native-unix-common-4.1.30.Final.jar:/home/user/.m2/repository/io/grpc/grpc-protobuf/1.17.1/grpc-protobuf-1.17.1.jar:/home/user/.m2/repository/com/google/api/grpc/proto-google-common-protos/1.0.0/proto-google-common-protos-1.0.0.jar:/home/user/.m2/repository/io/grpc/grpc-protobuf-lite/1.17.1/grpc-protobuf-lite-1.17.1.jar:/home/user/.m2/repository/io/grpc/grpc-stub/1.17.1/grpc-stub-1.17.1.jar:/home/user/.m2/repository/org/apache/hadoop/hadoop-ozone-recon/0.5.0-SNAPSHOT/hadoop-ozone-recon-0.5.0-SNAPSHOT.jar:/home/user/.m2/repository/org/apache/hadoop/hadoop-ozone-reconcodegen/0.5.0-SNAPSHOT/hadoop-ozone-reconcodegen-0.5.0-SNAPSHOT.jar:/home/user/.m2/repository/com/google/inject/extensions/guice-multibindings/4.0/guice-multibindings-4.0.jar:/home/user/.m2/repository/com/google/inject/guice/4.0/guice-4.0.jar:/home/user/.m2/repository/aopalliance/aopalliance/1.0/aopalliance-1.0.jar:/home/user/.m2/repository/com/google/inject/extensions/guice-servlet/4.0/guice-servlet-4.0.jar:/home/user/.m2/repository/org/glassfish/jersey/containers/jersey-container-servlet/2.27/jersey-container-servlet-2.27.jar:/home/user/.m2/repository/org/glassfish/hk2/guice-bridge/2.5.0/guice-bridge-2.5.0.jar:/home/user/.m2/repository/org/glassfish/jersey/core/jersey-server/2.27/jersey-server-2.27.jar:/home/user/.m2/repository/org/glassfish/jersey/core/jersey-client/2.27/jersey-client-2.27.jar:/home/user/.m2/repository/org/glassfish/jersey/media/jersey-media-jaxb/2.27/jersey-media-jaxb-2.27.jar:/home/user/.m2/repository/javax/validation/validation-api/1.1.0.Final/validation-api-1.1.0.Final.jar:/home/user/.m2/repository/org/glassfish/jersey/media/jersey-media-json-jackson/2.27/jersey-media-json-jackson-2.27.jar:/home/user/.m2/repository/org/glassfish/jersey/ext/jersey-entity-filtering/2.27/jersey-entity-filtering-2.27.jar:/home/user/.m2/repository/com/google/inject/extensions/guice-assistedinject/4.0/guice-assistedinject-4.0.jar:/home/user/.m2/repository/org/jooq/jooq/3.11.10/jooq-3.11.10.jar:/home/user/.m2/repository/org/jooq/jooq-meta/3.11.10/jooq-meta-3.11.10.jar:/home/user/.m2/repository/org/jooq/jooq-codegen/3.11.10/jooq-codegen-3.11.10.jar:/home/user/.m2/repository/com/jolbox/bonecp/0.8.0.RELEASE/bonecp-0.8.0.RELEASE.jar:/home/user/.m2/repository/org/springframework/spring-jdbc/5.1.3.RELEASE/spring-jdbc-5.1.3.RELEASE.jar:/home/user/.m2/repository/org/springframework/spring-beans/5.1.3.RELEASE/spring-beans-5.1.3.RELEASE.jar:/home/user/.m2/repository/org/springframework/spring-core/5.1.3.RELEASE/spring-core-5.1.3.RELEASE.jar:/home/user/.m2/repository/org/springframework/spring-jcl/5.1.3.RELEASE/spring-jcl-5.1.3.RELEASE.jar:/home/user/.m2/repository/org/springframework/spring-tx/5.1.3.RELEASE/spring-tx-5.1.3.RELEASE.jar:/home/user/.m2/repository/org/mockito/mockito-core/2.15.0/mockito-core-2.15.0.jar:/home/user/.m2/repository/net/bytebuddy/byte-buddy/1.7.9/byte-buddy-1.7.9.jar:/home/user/.m2/repository/net/bytebuddy/byte-buddy-agent/1.7.9/byte-buddy-agent-1.7.9.jar:/home/user/.m2/repository/org/objenesis/objenesis/1.0/objenesis-1.0.jar:"/>
    <property name="java.vm.vendor" value="Oracle Corporation"/>
    <property name="sun.arch.data.model" value="64"/>
    <property name="test.build.dir" value="/workdir/hadoop-ozone/tools/target/test-dir"/>
    <property name="test.cache.data" value=""/>
    <property name="java.vendor.url" value="http://java.oracle.com/"/>
    <property name="user.timezone" value=""/>
    <property name="java.vm.specification.version" value="1.8"/>
    <property name="os.name" value="Linux"/>
    <property name="test.build.data" value="/workdir/hadoop-ozone/tools/target/test-dir"/>
    <property name="user.country" value="US"/>
    <property name="sun.java.launcher" value="SUN_STANDARD"/>
    <property name="sun.boot.library.path" value="/usr/lib/jvm/java-1.8.0-openjdk-1.8.0.222.b10-1.el7_7.x86_64/jre/lib/amd64"/>
    <property name="sun.java.command" value="/workdir/hadoop-ozone/tools/target/surefire/surefirebooter5213575678560229368.jar /workdir/hadoop-ozone/tools/target/surefire 2019-10-21T05-15-02_251-jvmRun1 surefire9043947482530450529tmp surefire_1013415403483865073406tmp"/>
    <property name="surefire.test.class.path" value="/workdir/hadoop-ozone/tools/target/test-classes:/workdir/hadoop-ozone/tools/target/classes:/home/user/.m2/repository/org/apache/hadoop/hadoop-ozone-ozone-manager/0.5.0-SNAPSHOT/hadoop-ozone-ozone-manager-0.5.0-SNAPSHOT.jar:/home/user/.m2/repository/org/apache/hadoop/hadoop-hdds-docs/0.5.0-SNAPSHOT/hadoop-hdds-docs-0.5.0-SNAPSHOT.jar:/home/user/.m2/repository/org/bouncycastle/bcprov-jdk15on/1.60/bcprov-jdk15on-1.60.jar:/home/user/.m2/repository/org/apache/hadoop/hadoop-ozone-common/0.5.0-SNAPSHOT/hadoop-ozone-common-0.5.0-SNAPSHOT.jar:/home/user/.m2/repository/org/apache/commons/commons-compress/1.4.1/commons-compress-1.4.1.jar:/home/user/.m2/repository/org/tukaani/xz/1.0/xz-1.0.jar:/home/user/.m2/repository/org/apache/hadoop/hadoop-hdfs-client/3.2.0/hadoop-hdfs-client-3.2.0.jar:/home/user/.m2/repository/com/fasterxml/jackson/core/jackson-annotations/2.9.9/jackson-annotations-2.9.9.jar:/home/user/.m2/repository/org/apache/hadoop/hadoop-hdds-common/0.5.0-SNAPSHOT/hadoop-hdds-common-0.5.0-SNAPSHOT.jar:/home/user/.m2/repository/org/apache/hadoop/hadoop-hdds-config/0.5.0-SNAPSHOT/hadoop-hdds-config-0.5.0-SNAPSHOT.jar:/home/user/.m2/repository/javax/annotation/javax.annotation-api/1.2/javax.annotation-api-1.2.jar:/home/user/.m2/repository/org/apache/ratis/ratis-server/0.5.0-ced7dbf-SNAPSHOT/ratis-server-0.5.0-ced7dbf-SNAPSHOT.jar:/home/user/.m2/repository/org/apache/ratis/ratis-thirdparty-misc/0.2.0/ratis-thirdparty-misc-0.2.0.jar:/home/user/.m2/repository/org/apache/ratis/ratis-proto/0.5.0-ced7dbf-SNAPSHOT/ratis-proto-0.5.0-ced7dbf-SNAPSHOT.jar:/home/user/.m2/repository/org/apache/ratis/ratis-common/0.5.0-ced7dbf-SNAPSHOT/ratis-common-0.5.0-ced7dbf-SNAPSHOT.jar:/home/user/.m2/repository/org/apache/ratis/ratis-client/0.5.0-ced7dbf-SNAPSHOT/ratis-client-0.5.0-ced7dbf-SNAPSHOT.jar:/home/user/.m2/repository/org/apache/ratis/ratis-metrics/0.5.0-ced7dbf-SNAPSHOT/ratis-metrics-0.5.0-ced7dbf-SNAPSHOT.jar:/home/user/.m2/repository/org/apache/ratis/ratis-netty/0.5.0-ced7dbf-SNAPSHOT/ratis-netty-0.5.0-ced7dbf-SNAPSHOT.jar:/home/user/.m2/repository/org/apache/ratis/ratis-grpc/0.5.0-ced7dbf-SNAPSHOT/ratis-grpc-0.5.0-ced7dbf-SNAPSHOT.jar:/home/user/.m2/repository/org/rocksdb/rocksdbjni/6.0.1/rocksdbjni-6.0.1.jar:/home/user/.m2/repository/org/apache/logging/log4j/log4j-api/2.11.0/log4j-api-2.11.0.jar:/home/user/.m2/repository/org/apache/logging/log4j/log4j-core/2.11.0/log4j-core-2.11.0.jar:/home/user/.m2/repository/com/lmax/disruptor/3.4.2/disruptor-3.4.2.jar:/home/user/.m2/repository/org/apache/commons/commons-pool2/2.6.0/commons-pool2-2.6.0.jar:/home/user/.m2/repository/org/bouncycastle/bcpkix-jdk15on/1.60/bcpkix-jdk15on-1.60.jar:/home/user/.m2/repository/commons-validator/commons-validator/1.6/commons-validator-1.6.jar:/home/user/.m2/repository/commons-digester/commons-digester/1.8.1/commons-digester-1.8.1.jar:/home/user/.m2/repository/io/jaegertracing/jaeger-client/0.34.0/jaeger-client-0.34.0.jar:/home/user/.m2/repository/io/jaegertracing/jaeger-thrift/0.34.0/jaeger-thrift-0.34.0.jar:/home/user/.m2/repository/org/apache/thrift/libthrift/0.12.0/libthrift-0.12.0.jar:/home/user/.m2/repository/com/squareup/okhttp3/okhttp/3.9.0/okhttp-3.9.0.jar:/home/user/.m2/repository/com/squareup/okio/okio/1.13.0/okio-1.13.0.jar:/home/user/.m2/repository/io/jaegertracing/jaeger-core/0.34.0/jaeger-core-0.34.0.jar:/home/user/.m2/repository/io/jaegertracing/jaeger-tracerresolver/0.34.0/jaeger-tracerresolver-0.34.0.jar:/home/user/.m2/repository/io/opentracing/contrib/opentracing-tracerresolver/0.1.5/opentracing-tracerresolver-0.1.5.jar:/home/user/.m2/repository/io/opentracing/opentracing-util/0.31.0/opentracing-util-0.31.0.jar:/home/user/.m2/repository/io/opentracing/opentracing-api/0.31.0/opentracing-api-0.31.0.jar:/home/user/.m2/repository/io/opentracing/opentracing-noop/0.31.0/opentracing-noop-0.31.0.jar:/home/user/.m2/repository/org/yaml/snakeyaml/1.16/snakeyaml-1.16.jar:/home/user/.m2/repository/org/apache/hadoop/hadoop-hdds-container-service/0.5.0-SNAPSHOT/hadoop-hdds-container-service-0.5.0-SNAPSHOT.jar:/home/user/.m2/repository/org/apache/hadoop/hadoop-hdds-client/0.5.0-SNAPSHOT/hadoop-hdds-client-0.5.0-SNAPSHOT.jar:/home/user/.m2/repository/org/apache/hadoop/hadoop-hdds-tools/0.5.0-SNAPSHOT/hadoop-hdds-tools-0.5.0-SNAPSHOT.jar:/home/user/.m2/repository/org/xerial/sqlite-jdbc/3.25.2/sqlite-jdbc-3.25.2.jar:/home/user/.m2/repository/org/apache/hadoop/hadoop-hdds-server-scm/0.5.0-SNAPSHOT/hadoop-hdds-server-scm-0.5.0-SNAPSHOT.jar:/home/user/.m2/repository/org/hamcrest/hamcrest-all/1.3/hamcrest-all-1.3.jar:/home/user/.m2/repository/info/picocli/picocli/3.9.6/picocli-3.9.6.jar:/home/user/.m2/repository/com/google/protobuf/protobuf-java/2.5.0/protobuf-java-2.5.0.jar:/home/user/.m2/repository/com/google/guava/guava/11.0.2/guava-11.0.2.jar:/home/user/.m2/repository/org/apache/hadoop/hadoop-ozone-client/0.5.0-SNAPSHOT/hadoop-ozone-client-0.5.0-SNAPSHOT.jar:/workdir/hadoop-ozone/ozonefs/target/classes:/home/user/.m2/repository/org/apache/httpcomponents/httpclient/4.5.2/httpclient-4.5.2.jar:/home/user/.m2/repository/org/apache/httpcomponents/httpcore/4.4.4/httpcore-4.4.4.jar:/home/user/.m2/repository/org/apache/hadoop/hadoop-hdds-server-framework/0.5.0-SNAPSHOT/hadoop-hdds-server-framework-0.5.0-SNAPSHOT.jar:/home/user/.m2/repository/org/apache/hadoop/hadoop-common/3.2.0/hadoop-common-3.2.0.jar:/home/user/.m2/repository/org/apache/hadoop/hadoop-annotations/3.2.0/hadoop-annotations-3.2.0.jar:/usr/lib/jvm/java-1.8.0-openjdk-1.8.0.222.b10-1.el7_7.x86_64/jre/../lib/tools.jar:/home/user/.m2/repository/commons-cli/commons-cli/1.2/commons-cli-1.2.jar:/home/user/.m2/repository/org/apache/commons/commons-math3/3.1.1/commons-math3-3.1.1.jar:/home/user/.m2/repository/commons-codec/commons-codec/1.11/commons-codec-1.11.jar:/home/user/.m2/repository/commons-io/commons-io/2.5/commons-io-2.5.jar:/home/user/.m2/repository/commons-net/commons-net/3.6/commons-net-3.6.jar:/home/user/.m2/repository/commons-collections/commons-collections/3.2.2/commons-collections-3.2.2.jar:/home/user/.m2/repository/javax/servlet/javax.servlet-api/3.1.0/javax.servlet-api-3.1.0.jar:/home/user/.m2/repository/org/eclipse/jetty/jetty-server/9.3.25.v20180904/jetty-server-9.3.25.v20180904.jar:/home/user/.m2/repository/org/eclipse/jetty/jetty-http/9.3.25.v20180904/jetty-http-9.3.25.v20180904.jar:/home/user/.m2/repository/org/eclipse/jetty/jetty-io/9.3.25.v20180904/jetty-io-9.3.25.v20180904.jar:/home/user/.m2/repository/org/eclipse/jetty/jetty-util/9.3.25.v20180904/jetty-util-9.3.25.v20180904.jar:/home/user/.m2/repository/org/eclipse/jetty/jetty-servlet/9.3.25.v20180904/jetty-servlet-9.3.25.v20180904.jar:/home/user/.m2/repository/org/eclipse/jetty/jetty-security/9.3.25.v20180904/jetty-security-9.3.25.v20180904.jar:/home/user/.m2/repository/org/eclipse/jetty/jetty-webapp/9.3.25.v20180904/jetty-webapp-9.3.25.v20180904.jar:/home/user/.m2/repository/org/eclipse/jetty/jetty-xml/9.3.25.v20180904/jetty-xml-9.3.25.v20180904.jar:/home/user/.m2/repository/javax/servlet/jsp/jsp-api/2.1/jsp-api-2.1.jar:/home/user/.m2/repository/com/sun/jersey/jersey-core/1.19/jersey-core-1.19.jar:/home/user/.m2/repository/javax/ws/rs/jsr311-api/1.1.1/jsr311-api-1.1.1.jar:/home/user/.m2/repository/com/sun/jersey/jersey-servlet/1.19/jersey-servlet-1.19.jar:/home/user/.m2/repository/com/sun/jersey/jersey-json/1.19/jersey-json-1.19.jar:/home/user/.m2/repository/org/codehaus/jettison/jettison/1.1/jettison-1.1.jar:/home/user/.m2/repository/com/sun/xml/bind/jaxb-impl/2.3.0.1/jaxb-impl-2.3.0.1.jar:/home/user/.m2/repository/org/codehaus/jackson/jackson-core-asl/1.9.13/jackson-core-asl-1.9.13.jar:/home/user/.m2/repository/org/codehaus/jackson/jackson-mapper-asl/1.9.13/jackson-mapper-asl-1.9.13.jar:/home/user/.m2/repository/org/codehaus/jackson/jackson-jaxrs/1.9.13/jackson-jaxrs-1.9.13.jar:/home/user/.m2/repository/org/codehaus/jackson/jackson-xc/1.9.13/jackson-xc-1.9.13.jar:/home/user/.m2/repository/com/sun/jersey/jersey-server/1.19/jersey-server-1.19.jar:/home/user/.m2/repository/commons-logging/commons-logging/1.1.3/commons-logging-1.1.3.jar:/home/user/.m2/repository/log4j/log4j/1.2.17/log4j-1.2.17.jar:/home/user/.m2/repository/commons-beanutils/commons-beanutils/1.9.4/commons-beanutils-1.9.4.jar:/home/user/.m2/repository/org/apache/commons/commons-configuration2/2.1.1/commons-configuration2-2.1.1.jar:/home/user/.m2/repository/org/apache/commons/commons-lang3/3.7/commons-lang3-3.7.jar:/home/user/.m2/repository/org/apache/commons/commons-text/1.4/commons-text-1.4.jar:/home/user/.m2/repository/org/slf4j/slf4j-api/1.7.25/slf4j-api-1.7.25.jar:/home/user/.m2/repository/org/slf4j/slf4j-log4j12/1.7.25/slf4j-log4j12-1.7.25.jar:/home/user/.m2/repository/org/apache/avro/avro/1.7.7/avro-1.7.7.jar:/home/user/.m2/repository/com/thoughtworks/paranamer/paranamer/2.3/paranamer-2.3.jar:/home/user/.m2/repository/org/xerial/snappy/snappy-java/1.0.5/snappy-java-1.0.5.jar:/home/user/.m2/repository/com/google/re2j/re2j/1.1/re2j-1.1.jar:/home/user/.m2/repository/com/google/code/gson/gson/2.2.4/gson-2.2.4.jar:/home/user/.m2/repository/org/apache/hadoop/hadoop-auth/3.2.0/hadoop-auth-3.2.0.jar:/home/user/.m2/repository/com/nimbusds/nimbus-jose-jwt/4.41.1/nimbus-jose-jwt-4.41.1.jar:/home/user/.m2/repository/com/github/stephenc/jcip/jcip-annotations/1.0-1/jcip-annotations-1.0-1.jar:/home/user/.m2/repository/net/minidev/json-smart/2.3/json-smart-2.3.jar:/home/user/.m2/repository/net/minidev/accessors-smart/1.2/accessors-smart-1.2.jar:/home/user/.m2/repository/org/apache/curator/curator-framework/2.12.0/curator-framework-2.12.0.jar:/home/user/.m2/repository/com/jcraft/jsch/0.1.54/jsch-0.1.54.jar:/home/user/.m2/repository/org/apache/curator/curator-client/2.12.0/curator-client-2.12.0.jar:/home/user/.m2/repository/org/apache/curator/curator-recipes/2.12.0/curator-recipes-2.12.0.jar:/home/user/.m2/repository/com/google/code/findbugs/jsr305/3.0.0/jsr305-3.0.0.jar:/home/user/.m2/repository/org/apache/htrace/htrace-core4/4.1.0-incubating/htrace-core4-4.1.0-incubating.jar:/home/user/.m2/repository/org/apache/zookeeper/zookeeper/3.4.13/zookeeper-3.4.13.jar:/home/user/.m2/repository/jline/jline/0.9.94/jline-0.9.94.jar:/home/user/.m2/repository/org/apache/yetus/audience-annotations/0.5.0/audience-annotations-0.5.0.jar:/home/user/.m2/repository/org/apache/kerby/kerb-simplekdc/1.0.1/kerb-simplekdc-1.0.1.jar:/home/user/.m2/repository/org/apache/kerby/kerb-client/1.0.1/kerb-client-1.0.1.jar:/home/user/.m2/repository/org/apache/kerby/kerby-config/1.0.1/kerby-config-1.0.1.jar:/home/user/.m2/repository/org/apache/kerby/kerb-core/1.0.1/kerb-core-1.0.1.jar:/home/user/.m2/repository/org/apache/kerby/kerby-pkix/1.0.1/kerby-pkix-1.0.1.jar:/home/user/.m2/repository/org/apache/kerby/kerby-asn1/1.0.1/kerby-asn1-1.0.1.jar:/home/user/.m2/repository/org/apache/kerby/kerby-util/1.0.1/kerby-util-1.0.1.jar:/home/user/.m2/repository/org/apache/kerby/kerb-common/1.0.1/kerb-common-1.0.1.jar:/home/user/.m2/repository/org/apache/kerby/kerb-crypto/1.0.1/kerb-crypto-1.0.1.jar:/home/user/.m2/repository/org/apache/kerby/kerb-util/1.0.1/kerb-util-1.0.1.jar:/home/user/.m2/repository/org/apache/kerby/token-provider/1.0.1/token-provider-1.0.1.jar:/home/user/.m2/repository/org/apache/kerby/kerb-admin/1.0.1/kerb-admin-1.0.1.jar:/home/user/.m2/repository/org/apache/kerby/kerb-server/1.0.1/kerb-server-1.0.1.jar:/home/user/.m2/repository/org/apache/kerby/kerb-identity/1.0.1/kerb-identity-1.0.1.jar:/home/user/.m2/repository/org/apache/kerby/kerby-xdr/1.0.1/kerby-xdr-1.0.1.jar:/home/user/.m2/repository/com/fasterxml/jackson/core/jackson-databind/2.9.9/jackson-databind-2.9.9.jar:/home/user/.m2/repository/com/fasterxml/jackson/core/jackson-core/2.9.9/jackson-core-2.9.9.jar:/home/user/.m2/repository/org/codehaus/woodstox/stax2-api/3.1.4/stax2-api-3.1.4.jar:/home/user/.m2/repository/com/fasterxml/woodstox/woodstox-core/5.0.3/woodstox-core-5.0.3.jar:/home/user/.m2/repository/dnsjava/dnsjava/2.1.7/dnsjava-2.1.7.jar:/home/user/.m2/repository/org/apache/hadoop/hadoop-hdfs/3.2.0/hadoop-hdfs-3.2.0.jar:/home/user/.m2/repository/org/eclipse/jetty/jetty-util-ajax/9.3.25.v20180904/jetty-util-ajax-9.3.25.v20180904.jar:/home/user/.m2/repository/commons-daemon/commons-daemon/1.0.13/commons-daemon-1.0.13.jar:/home/user/.m2/repository/io/netty/netty/3.10.5.Final/netty-3.10.5.Final.jar:/home/user/.m2/repository/io/netty/netty-all/4.0.52.Final/netty-all-4.0.52.Final.jar:/home/user/.m2/repository/org/fusesource/leveldbjni/leveldbjni-all/1.8/leveldbjni-all-1.8.jar:/home/user/.m2/repository/com/sun/xml/bind/jaxb-core/2.3.0.1/jaxb-core-2.3.0.1.jar:/home/user/.m2/repository/javax/xml/bind/jaxb-api/2.3.0/jaxb-api-2.3.0.jar:/home/user/.m2/repository/javax/activation/activation/1.1.1/activation-1.1.1.jar:/home/user/.m2/repository/org/openjdk/jmh/jmh-core/1.19/jmh-core-1.19.jar:/home/user/.m2/repository/net/sf/jopt-simple/jopt-simple/4.6/jopt-simple-4.6.jar:/home/user/.m2/repository/org/openjdk/jmh/jmh-generator-annprocess/1.19/jmh-generator-annprocess-1.19.jar:/home/user/.m2/repository/io/dropwizard/metrics/metrics-core/3.2.4/metrics-core-3.2.4.jar:/home/user/.m2/repository/com/amazonaws/aws-java-sdk-s3/1.11.615/aws-java-sdk-s3-1.11.615.jar:/home/user/.m2/repository/com/amazonaws/aws-java-sdk-kms/1.11.615/aws-java-sdk-kms-1.11.615.jar:/home/user/.m2/repository/com/amazonaws/aws-java-sdk-core/1.11.615/aws-java-sdk-core-1.11.615.jar:/home/user/.m2/repository/software/amazon/ion/ion-java/1.0.2/ion-java-1.0.2.jar:/home/user/.m2/repository/com/fasterxml/jackson/dataformat/jackson-dataformat-cbor/2.9.9/jackson-dataformat-cbor-2.9.9.jar:/home/user/.m2/repository/joda-time/joda-time/2.9.9/joda-time-2.9.9.jar:/home/user/.m2/repository/com/amazonaws/jmespath-java/1.11.615/jmespath-java-1.11.615.jar:/home/user/.m2/repository/com/github/spotbugs/spotbugs/3.1.12/spotbugs-3.1.12.jar:/home/user/.m2/repository/org/ow2/asm/asm/5.0.4/asm-5.0.4.jar:/home/user/.m2/repository/org/ow2/asm/asm-analysis/7.0/asm-analysis-7.0.jar:/home/user/.m2/repository/org/ow2/asm/asm-commons/7.0/asm-commons-7.0.jar:/home/user/.m2/repository/org/ow2/asm/asm-tree/7.0/asm-tree-7.0.jar:/home/user/.m2/repository/org/ow2/asm/asm-util/7.0/asm-util-7.0.jar:/home/user/.m2/repository/org/apache/bcel/bcel/6.3/bcel-6.3.jar:/home/user/.m2/repository/net/jcip/jcip-annotations/1.0/jcip-annotations-1.0.jar:/home/user/.m2/repository/org/dom4j/dom4j/2.1.1/dom4j-2.1.1.jar:/home/user/.m2/repository/jaxen/jaxen/1.1.6/jaxen-1.1.6.jar:/home/user/.m2/repository/commons-lang/commons-lang/2.6/commons-lang-2.6.jar:/home/user/.m2/repository/com/github/spotbugs/spotbugs-annotations/3.1.12/spotbugs-annotations-3.1.12.jar:/home/user/.m2/repository/junit/junit/4.11/junit-4.11.jar:/home/user/.m2/repository/org/hamcrest/hamcrest-core/1.3/hamcrest-core-1.3.jar:/home/user/.m2/repository/org/apache/hadoop/hadoop-common/3.2.0/hadoop-common-3.2.0-tests.jar:/workdir/hadoop-ozone/integration-test/target/test-classes:/home/user/.m2/repository/org/apache/hadoop/hadoop-ozone-s3gateway/0.5.0-SNAPSHOT/hadoop-ozone-s3gateway-0.5.0-SNAPSHOT.jar:/home/user/.m2/repository/org/jboss/weld/servlet/weld-servlet/2.4.7.Final/weld-servlet-2.4.7.Final.jar:/home/user/.m2/repository/org/glassfish/jersey/containers/jersey-container-servlet-core/2.27/jersey-container-servlet-core-2.27.jar:/home/user/.m2/repository/org/glassfish/hk2/external/javax.inject/2.5.0-b42/javax.inject-2.5.0-b42.jar:/home/user/.m2/repository/org/glassfish/jersey/core/jersey-common/2.27/jersey-common-2.27.jar:/home/user/.m2/repository/org/glassfish/hk2/osgi-resource-locator/1.0.1/osgi-resource-locator-1.0.1.jar:/home/user/.m2/repository/javax/ws/rs/javax.ws.rs-api/2.1/javax.ws.rs-api-2.1.jar:/home/user/.m2/repository/org/glassfish/jersey/ext/cdi/jersey-cdi1x/2.27/jersey-cdi1x-2.27.jar:/home/user/.m2/repository/org/glassfish/jersey/inject/jersey-hk2/2.27/jersey-hk2-2.27.jar:/home/user/.m2/repository/org/glassfish/hk2/hk2-locator/2.5.0-b42/hk2-locator-2.5.0-b42.jar:/home/user/.m2/repository/org/javassist/javassist/3.22.0-CR2/javassist-3.22.0-CR2.jar:/home/user/.m2/repository/org/glassfish/hk2/hk2-api/2.5.0/hk2-api-2.5.0.jar:/home/user/.m2/repository/org/glassfish/hk2/external/jakarta.inject/2.5.0/jakarta.inject-2.5.0.jar:/home/user/.m2/repository/org/glassfish/hk2/hk2-utils/2.5.0/hk2-utils-2.5.0.jar:/home/user/.m2/repository/jakarta/annotation/jakarta.annotation-api/1.3.4/jakarta.annotation-api-1.3.4.jar:/home/user/.m2/repository/org/glassfish/hk2/external/aopalliance-repackaged/2.5.0/aopalliance-repackaged-2.5.0.jar:/home/user/.m2/repository/com/fasterxml/jackson/dataformat/jackson-dataformat-xml/2.9.0/jackson-dataformat-xml-2.9.0.jar:/home/user/.m2/repository/com/fasterxml/jackson/module/jackson-module-jaxb-annotations/2.9.9/jackson-module-jaxb-annotations-2.9.9.jar:/home/user/.m2/repository/javax/enterprise/cdi-api/1.2/cdi-api-1.2.jar:/home/user/.m2/repository/javax/el/javax.el-api/3.0.0/javax.el-api-3.0.0.jar:/home/user/.m2/repository/javax/interceptor/javax.interceptor-api/1.2/javax.interceptor-api-1.2.jar:/home/user/.m2/repository/javax/inject/javax.inject/1/javax.inject-1.jar:/home/user/.m2/repository/org/apache/hadoop/hadoop-ozone-csi/0.5.0-SNAPSHOT/hadoop-ozone-csi-0.5.0-SNAPSHOT.jar:/home/user/.m2/repository/com/google/protobuf/protobuf-java-util/3.5.1/protobuf-java-util-3.5.1.jar:/home/user/.m2/repository/io/grpc/grpc-netty/1.17.1/grpc-netty-1.17.1.jar:/home/user/.m2/repository/io/grpc/grpc-core/1.17.1/grpc-core-1.17.1.jar:/home/user/.m2/repository/io/grpc/grpc-context/1.17.1/grpc-context-1.17.1.jar:/home/user/.m2/repository/com/google/errorprone/error_prone_annotations/2.2.0/error_prone_annotations-2.2.0.jar:/home/user/.m2/repository/org/codehaus/mojo/animal-sniffer-annotations/1.17/animal-sniffer-annotations-1.17.jar:/home/user/.m2/repository/io/opencensus/opencensus-api/0.17.0/opencensus-api-0.17.0.jar:/home/user/.m2/repository/io/opencensus/opencensus-contrib-grpc-metrics/0.17.0/opencensus-contrib-grpc-metrics-0.17.0.jar:/home/user/.m2/repository/io/netty/netty-codec-http2/4.1.30.Final/netty-codec-http2-4.1.30.Final.jar:/home/user/.m2/repository/io/netty/netty-codec-http/4.1.30.Final/netty-codec-http-4.1.30.Final.jar:/home/user/.m2/repository/io/netty/netty-codec/4.1.30.Final/netty-codec-4.1.30.Final.jar:/home/user/.m2/repository/io/netty/netty-handler/4.1.30.Final/netty-handler-4.1.30.Final.jar:/home/user/.m2/repository/io/netty/netty-handler-proxy/4.1.30.Final/netty-handler-proxy-4.1.30.Final.jar:/home/user/.m2/repository/io/netty/netty-codec-socks/4.1.30.Final/netty-codec-socks-4.1.30.Final.jar:/home/user/.m2/repository/io/netty/netty-transport-native-epoll/4.1.30.Final/netty-transport-native-epoll-4.1.30.Final.jar:/home/user/.m2/repository/io/netty/netty-common/4.1.30.Final/netty-common-4.1.30.Final.jar:/home/user/.m2/repository/io/netty/netty-buffer/4.1.30.Final/netty-buffer-4.1.30.Final.jar:/home/user/.m2/repository/io/netty/netty-transport/4.1.30.Final/netty-transport-4.1.30.Final.jar:/home/user/.m2/repository/io/netty/netty-resolver/4.1.30.Final/netty-resolver-4.1.30.Final.jar:/home/user/.m2/repository/io/netty/netty-transport-native-unix-common/4.1.30.Final/netty-transport-native-unix-common-4.1.30.Final.jar:/home/user/.m2/repository/io/grpc/grpc-protobuf/1.17.1/grpc-protobuf-1.17.1.jar:/home/user/.m2/repository/com/google/api/grpc/proto-google-common-protos/1.0.0/proto-google-common-protos-1.0.0.jar:/home/user/.m2/repository/io/grpc/grpc-protobuf-lite/1.17.1/grpc-protobuf-lite-1.17.1.jar:/home/user/.m2/repository/io/grpc/grpc-stub/1.17.1/grpc-stub-1.17.1.jar:/home/user/.m2/repository/org/apache/hadoop/hadoop-ozone-recon/0.5.0-SNAPSHOT/hadoop-ozone-recon-0.5.0-SNAPSHOT.jar:/home/user/.m2/repository/org/apache/hadoop/hadoop-ozone-reconcodegen/0.5.0-SNAPSHOT/hadoop-ozone-reconcodegen-0.5.0-SNAPSHOT.jar:/home/user/.m2/repository/com/google/inject/extensions/guice-multibindings/4.0/guice-multibindings-4.0.jar:/home/user/.m2/repository/com/google/inject/guice/4.0/guice-4.0.jar:/home/user/.m2/repository/aopalliance/aopalliance/1.0/aopalliance-1.0.jar:/home/user/.m2/repository/com/google/inject/extensions/guice-servlet/4.0/guice-servlet-4.0.jar:/home/user/.m2/repository/org/glassfish/jersey/containers/jersey-container-servlet/2.27/jersey-container-servlet-2.27.jar:/home/user/.m2/repository/org/glassfish/hk2/guice-bridge/2.5.0/guice-bridge-2.5.0.jar:/home/user/.m2/repository/org/glassfish/jersey/core/jersey-server/2.27/jersey-server-2.27.jar:/home/user/.m2/repository/org/glassfish/jersey/core/jersey-client/2.27/jersey-client-2.27.jar:/home/user/.m2/repository/org/glassfish/jersey/media/jersey-media-jaxb/2.27/jersey-media-jaxb-2.27.jar:/home/user/.m2/repository/javax/validation/validation-api/1.1.0.Final/validation-api-1.1.0.Final.jar:/home/user/.m2/repository/org/glassfish/jersey/media/jersey-media-json-jackson/2.27/jersey-media-json-jackson-2.27.jar:/home/user/.m2/repository/org/glassfish/jersey/ext/jersey-entity-filtering/2.27/jersey-entity-filtering-2.27.jar:/home/user/.m2/repository/com/google/inject/extensions/guice-assistedinject/4.0/guice-assistedinject-4.0.jar:/home/user/.m2/repository/org/jooq/jooq/3.11.10/jooq-3.11.10.jar:/home/user/.m2/repository/org/jooq/jooq-meta/3.11.10/jooq-meta-3.11.10.jar:/home/user/.m2/repository/org/jooq/jooq-codegen/3.11.10/jooq-codegen-3.11.10.jar:/home/user/.m2/repository/com/jolbox/bonecp/0.8.0.RELEASE/bonecp-0.8.0.RELEASE.jar:/home/user/.m2/repository/org/springframework/spring-jdbc/5.1.3.RELEASE/spring-jdbc-5.1.3.RELEASE.jar:/home/user/.m2/repository/org/springframework/spring-beans/5.1.3.RELEASE/spring-beans-5.1.3.RELEASE.jar:/home/user/.m2/repository/org/springframework/spring-core/5.1.3.RELEASE/spring-core-5.1.3.RELEASE.jar:/home/user/.m2/repository/org/springframework/spring-jcl/5.1.3.RELEASE/spring-jcl-5.1.3.RELEASE.jar:/home/user/.m2/repository/org/springframework/spring-tx/5.1.3.RELEASE/spring-tx-5.1.3.RELEASE.jar:/home/user/.m2/repository/org/mockito/mockito-core/2.15.0/mockito-core-2.15.0.jar:/home/user/.m2/repository/net/bytebuddy/byte-buddy/1.7.9/byte-buddy-1.7.9.jar:/home/user/.m2/repository/net/bytebuddy/byte-buddy-agent/1.7.9/byte-buddy-agent-1.7.9.jar:/home/user/.m2/repository/org/objenesis/objenesis/1.0/objenesis-1.0.jar:"/>
    <property name="sun.cpu.endian" value="little"/>
    <property name="user.home" value="/home/user"/>
    <property name="user.language" value="en"/>
    <property name="java.specification.vendor" value="Oracle Corporation"/>
    <property name="java.home" value="/usr/lib/jvm/java-1.8.0-openjdk-1.8.0.222.b10-1.el7_7.x86_64/jre"/>
    <property name="surefire.excludesFile" value="/tools/ozone-bad-unit-tests"/>
    <property name="java.security.krb5.conf" value="/workdir/hadoop-ozone/tools/target/test-classes/krb5.conf"/>
    <property name="basedir" value="/workdir/hadoop-ozone/tools"/>
    <property name="file.separator" value="/"/>
    <property name="line.separator" value="&#10;"/>
    <property name="java.vm.specification.vendor" value="Oracle Corporation"/>
    <property name="java.specification.name" value="Java Platform API Specification"/>
    <property name="java.awt.graphicsenv" value="sun.awt.X11GraphicsEnvironment"/>
    <property name="surefire.real.class.path" value="/workdir/hadoop-ozone/tools/target/surefire/surefirebooter5213575678560229368.jar"/>
    <property name="hadoop.log.dir" value="/workdir/hadoop-ozone/tools/target/log"/>
    <property name="sun.boot.class.path" value="/usr/lib/jvm/java-1.8.0-openjdk-1.8.0.222.b10-1.el7_7.x86_64/jre/lib/resources.jar:/usr/lib/jvm/java-1.8.0-openjdk-1.8.0.222.b10-1.el7_7.x86_64/jre/lib/rt.jar:/usr/lib/jvm/java-1.8.0-openjdk-1.8.0.222.b10-1.el7_7.x86_64/jre/lib/sunrsasign.jar:/usr/lib/jvm/java-1.8.0-openjdk-1.8.0.222.b10-1.el7_7.x86_64/jre/lib/jsse.jar:/usr/lib/jvm/java-1.8.0-openjdk-1.8.0.222.b10-1.el7_7.x86_64/jre/lib/jce.jar:/usr/lib/jvm/java-1.8.0-openjdk-1.8.0.222.b10-1.el7_7.x86_64/jre/lib/charsets.jar:/usr/lib/jvm/java-1.8.0-openjdk-1.8.0.222.b10-1.el7_7.x86_64/jre/lib/jfr.jar:/usr/lib/jvm/java-1.8.0-openjdk-1.8.0.222.b10-1.el7_7.x86_64/jre/classes"/>
    <property name="sun.management.compiler" value="HotSpot 64-Bit Tiered Compilers"/>
    <property name="java.runtime.version" value="1.8.0_222-b10"/>
    <property name="java.net.preferIPv4Stack" value="true"/>
    <property name="user.name" value="jenkins1000"/>
    <property name="path.separator" value=":"/>
    <property name="java.security.egd" value="file:///dev/urandom"/>
    <property name="os.version" value="3.10.0-957.12.2.el7.x86_64"/>
    <property name="java.endorsed.dirs" value="/usr/lib/jvm/java-1.8.0-openjdk-1.8.0.222.b10-1.el7_7.x86_64/jre/lib/endorsed"/>
    <property name="java.runtime.name" value="OpenJDK Runtime Environment"/>
    <property name="file.encoding" value="ANSI_X3.4-1968"/>
    <property name="java.vm.name" value="OpenJDK 64-Bit Server VM"/>
    <property name="test.build.webapps" value=""/>
    <property name="localRepository" value="/home/user/.m2/repository"/>
    <property name="java.vendor.url.bug" value="http://bugreport.sun.com/bugreport/"/>
    <property name="java.io.tmpdir" value="/tmp"/>
    <property name="require.test.libhadoop" value=""/>
    <property name="java.version" value="1.8.0_222"/>
    <property name="user.dir" value="/workdir/hadoop-ozone/tools"/>
    <property name="os.arch" value="amd64"/>
    <property name="java.vm.specification.name" value="Java Virtual Machine Specification"/>
    <property name="test.build.classes" value="/workdir/hadoop-ozone/tools/target/test-classes"/>
    <property name="java.awt.printerjob" value="sun.print.PSPrinterJob"/>
    <property name="sun.os.patch.level" value="unknown"/>
    <property name="hadoop.tmp.dir" value="/workdir/hadoop-ozone/tools/target/tmp"/>
    <property name="java.library.path" value="/usr/lib:/workdir/hadoop-ozone/tools/target/native/target/usr/local/lib:/workdir/hadoop-ozone/tools/../../hadoop-common-project/hadoop-common/target/native/target/usr/local/lib:/usr/java/packages/lib/amd64:/usr/lib64:/lib64:/lib:/usr/lib"/>
    <property name="java.vm.info" value="mixed mode"/>
    <property name="java.vendor" value="Oracle Corporation"/>
    <property name="java.vm.version" value="25.222-b10"/>
    <property name="java.ext.dirs" value="/usr/lib/jvm/java-1.8.0-openjdk-1.8.0.222.b10-1.el7_7.x86_64/jre/lib/ext:/usr/java/packages/lib/ext"/>
    <property name="sun.io.unicode.encoding" value="UnicodeLittle"/>
    <property name="java.class.version" value="52.0"/>
  </properties>
  <testcase name="testRestart" classname="org.apache.hadoop.ozone.freon.TestFreonWithPipelineDestroy" time="16.941">
    <error message="Allocated 0 blocks. Requested 5 blocks" type="INTERNAL_ERROR org.apache.hadoop.ozone.om.exceptions.OMException">INTERNAL_ERROR org.apache.hadoop.ozone.om.exceptions.OMException: Allocated 0 blocks. Requested 5 blocks
	at org.apache.hadoop.ozone.om.protocolPB.OzoneManagerProtocolClientSideTranslatorPB.handleError(OzoneManagerProtocolClientSideTranslatorPB.java:732)
	at org.apache.hadoop.ozone.om.protocolPB.OzoneManagerProtocolClientSideTranslatorPB.openKey(OzoneManagerProtocolClientSideTranslatorPB.java:723)
	at sun.reflect.NativeMethodAccessorImpl.invoke0(Native Method)
	at sun.reflect.NativeMethodAccessorImpl.invoke(NativeMethodAccessorImpl.java:62)
	at sun.reflect.DelegatingMethodAccessorImpl.invoke(DelegatingMethodAccessorImpl.java:43)
	at java.lang.reflect.Method.invoke(Method.java:498)
	at org.apache.hadoop.hdds.tracing.TraceAllMethod.invoke(TraceAllMethod.java:66)
	at com.sun.proxy.$Proxy37.openKey(Unknown Source)
	at org.apache.hadoop.ozone.client.rpc.RpcClient.createKey(RpcClient.java:614)
	at org.apache.hadoop.ozone.client.OzoneBucket.createKey(OzoneBucket.java:325)
	at org.apache.hadoop.ozone.freon.RandomKeyGenerator.createKey(RandomKeyGenerator.java:695)
	at org.apache.hadoop.ozone.freon.RandomKeyGenerator.access$1100(RandomKeyGenerator.java:88)
	at org.apache.hadoop.ozone.freon.RandomKeyGenerator$ObjectCreator.run(RandomKeyGenerator.java:615)
	at java.util.concurrent.Executors$RunnableAdapter.call(Executors.java:511)
	at java.util.concurrent.FutureTask.run(FutureTask.java:266)
	at java.util.concurrent.ThreadPoolExecutor.runWorker(ThreadPoolExecutor.java:1149)
	at java.util.concurrent.ThreadPoolExecutor$Worker.run(ThreadPoolExecutor.java:624)
	at java.lang.Thread.run(Thread.java:748)
</error>
    <system-out><![CDATA[2019-10-21 07:26:27,799 [main] WARN  server.ServerUtils (ServerUtils.java:getScmDbDir(145)) - ozone.scm.db.dirs is not configured. We recommend adding this setting. Falling back to ozone.metadata.dirs instead.
2019-10-21 07:26:27,874 [main] WARN  server.ServerUtils (ServerUtils.java:getScmDbDir(145)) - ozone.scm.db.dirs is not configured. We recommend adding this setting. Falling back to ozone.metadata.dirs instead.
2019-10-21 07:26:27,877 [main] WARN  server.ServerUtils (ServerUtils.java:getScmDbDir(145)) - ozone.scm.db.dirs is not configured. We recommend adding this setting. Falling back to ozone.metadata.dirs instead.
2019-10-21 07:26:27,901 [main] INFO  util.log (Log.java:initialized(192)) - Logging initialized @787ms
2019-10-21 07:26:27,994 [main] INFO  db.DBStoreBuilder (DBStoreBuilder.java:addTable(117)) - using custom profile for table: deletedBlocks
2019-10-21 07:26:27,995 [main] INFO  db.DBStoreBuilder (DBStoreBuilder.java:processTables(168)) - Using default column profile:DBProfile.DISK for Table:deletedBlocks
2019-10-21 07:26:27,995 [main] INFO  db.DBStoreBuilder (DBStoreBuilder.java:addTable(117)) - using custom profile for table: validCerts
2019-10-21 07:26:27,995 [main] INFO  db.DBStoreBuilder (DBStoreBuilder.java:processTables(168)) - Using default column profile:DBProfile.DISK for Table:validCerts
2019-10-21 07:26:27,995 [main] INFO  db.DBStoreBuilder (DBStoreBuilder.java:addTable(117)) - using custom profile for table: revokedCerts
2019-10-21 07:26:27,996 [main] INFO  db.DBStoreBuilder (DBStoreBuilder.java:processTables(168)) - Using default column profile:DBProfile.DISK for Table:revokedCerts
2019-10-21 07:26:28,007 [main] INFO  db.DBStoreBuilder (DBStoreBuilder.java:addTable(117)) - using custom profile for table: default
2019-10-21 07:26:28,007 [main] INFO  db.DBStoreBuilder (DBStoreBuilder.java:processTables(174)) - Using default column profile:DBProfile.DISK for Table:default
2019-10-21 07:26:28,009 [main] INFO  db.DBStoreBuilder (DBStoreBuilder.java:getDbProfile(205)) - Using default options. DBProfile.DISK
2019-10-21 07:26:28,327 [main] INFO  net.NodeSchemaLoader (NodeSchemaLoader.java:loadSchemaFromFile(125)) - Loading file from sun.misc.CompoundEnumeration@30c15d8b
2019-10-21 07:26:28,329 [main] INFO  net.NodeSchemaLoader (NodeSchemaLoader.java:loadSchema(171)) - Loading network topology layer schema file
2019-10-21 07:26:28,392 [main] INFO  node.SCMNodeManager (SCMNodeManager.java:<init>(116)) - Entering startup safe mode.
2019-10-21 07:26:28,457 [main] INFO  algorithms.ContainerPlacementPolicyFactory (ContainerPlacementPolicyFactory.java:getPolicy(57)) - Create container placement policy of type org.apache.hadoop.hdds.scm.container.placement.algorithms.SCMContainerPlacementRandom
2019-10-21 07:26:28,470 [main] WARN  server.ServerUtils (ServerUtils.java:getScmDbDir(145)) - ozone.scm.db.dirs is not configured. We recommend adding this setting. Falling back to ozone.metadata.dirs instead.
2019-10-21 07:26:28,577 [main] INFO  pipeline.SCMPipelineManager (SCMPipelineManager.java:initializePipelineState(133)) - No pipeline exists in current db
2019-10-21 07:26:28,579 [main] WARN  server.ServerUtils (ServerUtils.java:getScmDbDir(145)) - ozone.scm.db.dirs is not configured. We recommend adding this setting. Falling back to ozone.metadata.dirs instead.
2019-10-21 07:26:28,782 [main] WARN  events.EventQueue (EventQueue.java:fireEvent(183)) - No event handler registered for event TypedEvent{payloadType=SafeModeStatus, name='SafeModeStatus'}
2019-10-21 07:26:29,186 [main] INFO  ipc.CallQueueManager (CallQueueManager.java:<init>(84)) - Using callQueue: class java.util.concurrent.LinkedBlockingQueue, queueCapacity: 2000, scheduler: class org.apache.hadoop.ipc.DefaultRpcScheduler, ipcBackoff: false.
2019-10-21 07:26:29,300 [Socket Reader #1 for port 46307] INFO  ipc.Server (Server.java:run(1074)) - Starting Socket Reader #1 for port 46307
2019-10-21 07:26:29,330 [main] INFO  ipc.CallQueueManager (CallQueueManager.java:<init>(84)) - Using callQueue: class java.util.concurrent.LinkedBlockingQueue, queueCapacity: 2000, scheduler: class org.apache.hadoop.ipc.DefaultRpcScheduler, ipcBackoff: false.
2019-10-21 07:26:29,331 [Socket Reader #1 for port 34773] INFO  ipc.Server (Server.java:run(1074)) - Starting Socket Reader #1 for port 34773
2019-10-21 07:26:29,338 [main] INFO  ipc.CallQueueManager (CallQueueManager.java:<init>(84)) - Using callQueue: class java.util.concurrent.LinkedBlockingQueue, queueCapacity: 2000, scheduler: class org.apache.hadoop.ipc.DefaultRpcScheduler, ipcBackoff: false.
2019-10-21 07:26:29,339 [Socket Reader #1 for port 46290] INFO  ipc.Server (Server.java:run(1074)) - Starting Socket Reader #1 for port 46290
2019-10-21 07:26:29,361 [main] INFO  hdfs.DFSUtil (DFSUtil.java:httpServerTemplateForNNAndJN(1641)) - Starting Web-server for scm at: http://0.0.0.0:0
2019-10-21 07:26:29,490 [main] INFO  server.AuthenticationFilter (AuthenticationFilter.java:constructSecretProvider(240)) - Unable to initialize FileSignerSecretProvider, falling back to use random secrets.
2019-10-21 07:26:29,504 [main] WARN  http.HttpRequestLog (HttpRequestLog.java:getRequestLog(97)) - Jetty request log can only be enabled using Log4j
2019-10-21 07:26:29,512 [main] INFO  http.HttpServer2 (HttpServer2.java:addGlobalFilter(975)) - Added global filter 'safety' (class=org.apache.hadoop.http.HttpServer2$QuotingInputFilter)
2019-10-21 07:26:29,515 [main] INFO  http.HttpServer2 (HttpServer2.java:addFilter(948)) - Added filter static_user_filter (class=org.apache.hadoop.http.lib.StaticUserWebFilter$StaticUserFilter) to context scm
2019-10-21 07:26:29,515 [main] INFO  http.HttpServer2 (HttpServer2.java:addFilter(958)) - Added filter static_user_filter (class=org.apache.hadoop.http.lib.StaticUserWebFilter$StaticUserFilter) to context logs
2019-10-21 07:26:29,515 [main] INFO  http.HttpServer2 (HttpServer2.java:addFilter(958)) - Added filter static_user_filter (class=org.apache.hadoop.http.lib.StaticUserWebFilter$StaticUserFilter) to context static
2019-10-21 07:26:29,540 [main] INFO  server.StorageContainerManager (StorageContainerManager.java:start(772)) - StorageContainerLocationProtocol RPC server is listening at /0.0.0.0:46290
2019-10-21 07:26:29,588 [main] WARN  impl.MetricsConfig (MetricsConfig.java:loadFirst(134)) - Cannot locate configuration: tried hadoop-metrics2-storagecontainermanager.properties,hadoop-metrics2.properties
2019-10-21 07:26:29,601 [main] INFO  impl.MetricsSystemImpl (MetricsSystemImpl.java:startTimer(374)) - Scheduled Metric snapshot period at 10 second(s).
2019-10-21 07:26:29,601 [main] INFO  impl.MetricsSystemImpl (MetricsSystemImpl.java:start(191)) - StorageContainerManager metrics system started
2019-10-21 07:26:29,785 [main] INFO  server.SCMClientProtocolServer (SCMClientProtocolServer.java:start(159)) - RPC server for Client  is listening at /0.0.0.0:46290
2019-10-21 07:26:29,786 [IPC Server Responder] INFO  ipc.Server (Server.java:run(1314)) - IPC Server Responder: starting
2019-10-21 07:26:29,786 [IPC Server listener on 46290] INFO  ipc.Server (Server.java:run(1153)) - IPC Server listener on 46290: starting
2019-10-21 07:26:29,789 [main] INFO  server.StorageContainerManager (StorageContainerManager.java:start(782)) - ScmBlockLocationProtocol RPC server is listening at /0.0.0.0:34773
2019-10-21 07:26:29,789 [main] INFO  server.SCMBlockProtocolServer (SCMBlockProtocolServer.java:start(146)) - RPC server for Block Protocol is listening at /0.0.0.0:34773
2019-10-21 07:26:29,790 [IPC Server Responder] INFO  ipc.Server (Server.java:run(1314)) - IPC Server Responder: starting
2019-10-21 07:26:29,790 [IPC Server listener on 34773] INFO  ipc.Server (Server.java:run(1153)) - IPC Server listener on 34773: starting
2019-10-21 07:26:29,792 [main] INFO  server.StorageContainerManager (StorageContainerManager.java:start(786)) - ScmDatanodeProtocl RPC server is listening at /0.0.0.0:46307
2019-10-21 07:26:29,792 [main] INFO  server.SCMDatanodeProtocolServer (SCMDatanodeProtocolServer.java:start(169)) - RPC server for DataNodes is listening at /0.0.0.0:46307
2019-10-21 07:26:29,793 [IPC Server Responder] INFO  ipc.Server (Server.java:run(1314)) - IPC Server Responder: starting
2019-10-21 07:26:29,793 [IPC Server listener on 46307] INFO  ipc.Server (Server.java:run(1153)) - IPC Server listener on 46307: starting
2019-10-21 07:26:29,796 [main] INFO  http.HttpServer2 (HttpServer2.java:bindListener(1191)) - Jetty bound to port 37055
2019-10-21 07:26:29,798 [main] INFO  server.Server (Server.java:doStart(351)) - jetty-9.3.25.v20180904, build timestamp: 2018-09-04T21:11:46Z, git hash: 3ce520221d0240229c862b122d2b06c12a625732
2019-10-21 07:26:29,828 [main] INFO  handler.ContextHandler (ContextHandler.java:doStart(781)) - Started o.e.j.s.ServletContextHandler@1dd6d4b7{/logs,file:///workdir/hadoop-ozone/tools/target/log,AVAILABLE}
2019-10-21 07:26:29,828 [main] INFO  handler.ContextHandler (ContextHandler.java:doStart(781)) - Started o.e.j.s.ServletContextHandler@53142455{/static,jar:file:/home/user/.m2/repository/org/apache/hadoop/hadoop-hdds-server-scm/0.5.0-SNAPSHOT/hadoop-hdds-server-scm-0.5.0-SNAPSHOT.jar!/webapps/static,AVAILABLE}
2019-10-21 07:26:29,899 [main] INFO  handler.ContextHandler (ContextHandler.java:doStart(781)) - Started o.e.j.w.WebAppContext@60094a13{/,file:///tmp/jetty-0.0.0.0-37055-scm-_-any-5632815646090608074.dir/webapp/,AVAILABLE}{/scm}
2019-10-21 07:26:29,905 [main] INFO  server.AbstractConnector (AbstractConnector.java:doStart(278)) - Started ServerConnector@1a2e2935{HTTP/1.1,[http/1.1]}{0.0.0.0:37055}
2019-10-21 07:26:29,906 [main] INFO  server.Server (Server.java:doStart(419)) - Started @2792ms
2019-10-21 07:26:29,908 [main] INFO  impl.MetricsSinkAdapter (MetricsSinkAdapter.java:start(204)) - Sink prometheus started
2019-10-21 07:26:29,909 [main] INFO  impl.MetricsSystemImpl (MetricsSystemImpl.java:registerSink(301)) - Registered sink prometheus
2019-10-21 07:26:29,910 [main] INFO  server.BaseHttpServer (BaseHttpServer.java:updateConnectorAddress(215)) - HTTP server of SCM is listening at http://0.0.0.0:37055
2019-10-21 07:26:29,916 [org.apache.hadoop.util.JvmPauseMonitor$Monitor@bc57b40] INFO  util.JvmPauseMonitor (JvmPauseMonitor.java:run(188)) - Starting JVM pause monitor
2019-10-21 07:26:29,918 [main] WARN  server.ServerUtils (ServerUtils.java:getDBPath(222)) - ozone.om.db.dirs is not configured. We recommend adding this setting. Falling back to ozone.metadata.dirs instead.
2019-10-21 07:26:30,054 [main] INFO  ha.OMHANodeDetails (OMHANodeDetails.java:loadOMHAConfig(190)) - Configuration either no ozone.om.address set. Falling back to the default OM address /127.0.0.1:0
2019-10-21 07:26:30,055 [main] INFO  ha.OMHANodeDetails (OMHANodeDetails.java:getOMNodeDetails(220)) - OM Service ID is not set. Setting it to the default ID: omServiceIdDefault
2019-10-21 07:26:30,056 [main] WARN  server.ServerUtils (ServerUtils.java:getDBPath(222)) - ozone.om.db.dirs is not configured. We recommend adding this setting. Falling back to ozone.metadata.dirs instead.
2019-10-21 07:26:30,057 [main] WARN  server.ServerUtils (ServerUtils.java:getDBPath(222)) - ozone.om.db.dirs is not configured. We recommend adding this setting. Falling back to ozone.metadata.dirs instead.
2019-10-21 07:26:30,657 [main] WARN  server.ServerUtils (ServerUtils.java:getDBPath(222)) - ozone.om.db.dirs is not configured. We recommend adding this setting. Falling back to ozone.metadata.dirs instead.
2019-10-21 07:26:30,668 [main] INFO  db.DBStoreBuilder (DBStoreBuilder.java:addTable(117)) - using custom profile for table: userTable
2019-10-21 07:26:30,668 [main] INFO  db.DBStoreBuilder (DBStoreBuilder.java:processTables(168)) - Using default column profile:DBProfile.DISK for Table:userTable
2019-10-21 07:26:30,669 [main] INFO  db.DBStoreBuilder (DBStoreBuilder.java:addTable(117)) - using custom profile for table: volumeTable
2019-10-21 07:26:30,669 [main] INFO  db.DBStoreBuilder (DBStoreBuilder.java:processTables(168)) - Using default column profile:DBProfile.DISK for Table:volumeTable
2019-10-21 07:26:30,669 [main] INFO  db.DBStoreBuilder (DBStoreBuilder.java:addTable(117)) - using custom profile for table: bucketTable
2019-10-21 07:26:30,670 [main] INFO  db.DBStoreBuilder (DBStoreBuilder.java:processTables(168)) - Using default column profile:DBProfile.DISK for Table:bucketTable
2019-10-21 07:26:30,670 [main] INFO  db.DBStoreBuilder (DBStoreBuilder.java:addTable(117)) - using custom profile for table: keyTable
2019-10-21 07:26:30,670 [main] INFO  db.DBStoreBuilder (DBStoreBuilder.java:processTables(168)) - Using default column profile:DBProfile.DISK for Table:keyTable
2019-10-21 07:26:30,671 [main] INFO  db.DBStoreBuilder (DBStoreBuilder.java:addTable(117)) - using custom profile for table: deletedTable
2019-10-21 07:26:30,671 [main] INFO  db.DBStoreBuilder (DBStoreBuilder.java:processTables(168)) - Using default column profile:DBProfile.DISK for Table:deletedTable
2019-10-21 07:26:30,671 [main] INFO  db.DBStoreBuilder (DBStoreBuilder.java:addTable(117)) - using custom profile for table: openKeyTable
2019-10-21 07:26:30,672 [main] INFO  db.DBStoreBuilder (DBStoreBuilder.java:processTables(168)) - Using default column profile:DBProfile.DISK for Table:openKeyTable
2019-10-21 07:26:30,672 [main] INFO  db.DBStoreBuilder (DBStoreBuilder.java:addTable(117)) - using custom profile for table: s3Table
2019-10-21 07:26:30,672 [main] INFO  db.DBStoreBuilder (DBStoreBuilder.java:processTables(168)) - Using default column profile:DBProfile.DISK for Table:s3Table
2019-10-21 07:26:30,673 [main] INFO  db.DBStoreBuilder (DBStoreBuilder.java:addTable(117)) - using custom profile for table: multipartInfoTable
2019-10-21 07:26:30,673 [main] INFO  db.DBStoreBuilder (DBStoreBuilder.java:processTables(168)) - Using default column profile:DBProfile.DISK for Table:multipartInfoTable
2019-10-21 07:26:30,673 [main] INFO  db.DBStoreBuilder (DBStoreBuilder.java:addTable(117)) - using custom profile for table: dTokenTable
2019-10-21 07:26:30,674 [main] INFO  db.DBStoreBuilder (DBStoreBuilder.java:processTables(168)) - Using default column profile:DBProfile.DISK for Table:dTokenTable
2019-10-21 07:26:30,674 [main] INFO  db.DBStoreBuilder (DBStoreBuilder.java:addTable(117)) - using custom profile for table: s3SecretTable
2019-10-21 07:26:30,674 [main] INFO  db.DBStoreBuilder (DBStoreBuilder.java:processTables(168)) - Using default column profile:DBProfile.DISK for Table:s3SecretTable
2019-10-21 07:26:30,675 [main] INFO  db.DBStoreBuilder (DBStoreBuilder.java:addTable(117)) - using custom profile for table: prefixTable
2019-10-21 07:26:30,675 [main] INFO  db.DBStoreBuilder (DBStoreBuilder.java:processTables(168)) - Using default column profile:DBProfile.DISK for Table:prefixTable
2019-10-21 07:26:30,675 [main] INFO  db.DBStoreBuilder (DBStoreBuilder.java:addTable(117)) - using custom profile for table: default
2019-10-21 07:26:30,676 [main] INFO  db.DBStoreBuilder (DBStoreBuilder.java:processTables(174)) - Using default column profile:DBProfile.DISK for Table:default
2019-10-21 07:26:30,676 [main] INFO  db.DBStoreBuilder (DBStoreBuilder.java:getDbProfile(205)) - Using default options. DBProfile.DISK
2019-10-21 07:26:31,345 [main] INFO  ipc.CallQueueManager (CallQueueManager.java:<init>(84)) - Using callQueue: class java.util.concurrent.LinkedBlockingQueue, queueCapacity: 2000, scheduler: class org.apache.hadoop.ipc.DefaultRpcScheduler, ipcBackoff: false.
2019-10-21 07:26:31,346 [Socket Reader #1 for port 39602] INFO  ipc.Server (Server.java:run(1074)) - Starting Socket Reader #1 for port 39602
2019-10-21 07:26:31,368 [main] INFO  om.OzoneManager (OzoneManager.java:start(1074)) - OzoneManager RPC server is listening at localhost/127.0.0.1:39602
2019-10-21 07:26:31,368 [main] INFO  impl.MetricsSystemImpl (MetricsSystemImpl.java:init(158)) - OzoneManager metrics system started (again)
2019-10-21 07:26:31,376 [IPC Server Responder] INFO  ipc.Server (Server.java:run(1314)) - IPC Server Responder: starting
2019-10-21 07:26:31,376 [IPC Server listener on 39602] INFO  ipc.Server (Server.java:run(1153)) - IPC Server listener on 39602: starting
2019-10-21 07:26:31,381 [main] INFO  hdfs.DFSUtil (DFSUtil.java:httpServerTemplateForNNAndJN(1641)) - Starting Web-server for ozoneManager at: http://0.0.0.0:0
2019-10-21 07:26:31,384 [main] INFO  server.AuthenticationFilter (AuthenticationFilter.java:constructSecretProvider(240)) - Unable to initialize FileSignerSecretProvider, falling back to use random secrets.
2019-10-21 07:26:31,384 [main] WARN  http.HttpRequestLog (HttpRequestLog.java:getRequestLog(97)) - Jetty request log can only be enabled using Log4j
2019-10-21 07:26:31,386 [main] INFO  http.HttpServer2 (HttpServer2.java:addGlobalFilter(975)) - Added global filter 'safety' (class=org.apache.hadoop.http.HttpServer2$QuotingInputFilter)
2019-10-21 07:26:31,388 [main] INFO  http.HttpServer2 (HttpServer2.java:addFilter(948)) - Added filter static_user_filter (class=org.apache.hadoop.http.lib.StaticUserWebFilter$StaticUserFilter) to context ozoneManager
2019-10-21 07:26:31,388 [main] INFO  http.HttpServer2 (HttpServer2.java:addFilter(958)) - Added filter static_user_filter (class=org.apache.hadoop.http.lib.StaticUserWebFilter$StaticUserFilter) to context logs
2019-10-21 07:26:31,388 [main] INFO  http.HttpServer2 (HttpServer2.java:addFilter(958)) - Added filter static_user_filter (class=org.apache.hadoop.http.lib.StaticUserWebFilter$StaticUserFilter) to context static
2019-10-21 07:26:31,390 [main] INFO  http.HttpServer2 (HttpServer2.java:bindListener(1191)) - Jetty bound to port 33299
2019-10-21 07:26:31,391 [main] INFO  server.Server (Server.java:doStart(351)) - jetty-9.3.25.v20180904, build timestamp: 2018-09-04T21:11:46Z, git hash: 3ce520221d0240229c862b122d2b06c12a625732
2019-10-21 07:26:31,393 [main] INFO  handler.ContextHandler (ContextHandler.java:doStart(781)) - Started o.e.j.s.ServletContextHandler@5bfc257{/logs,file:///workdir/hadoop-ozone/tools/target/log,AVAILABLE}
2019-10-21 07:26:31,394 [main] INFO  handler.ContextHandler (ContextHandler.java:doStart(781)) - Started o.e.j.s.ServletContextHandler@7cedfa63{/static,jar:file:/home/user/.m2/repository/org/apache/hadoop/hadoop-ozone-ozone-manager/0.5.0-SNAPSHOT/hadoop-ozone-ozone-manager-0.5.0-SNAPSHOT.jar!/webapps/static,AVAILABLE}
2019-10-21 07:26:31,454 [main] INFO  handler.ContextHandler (ContextHandler.java:doStart(781)) - Started o.e.j.w.WebAppContext@66596a88{/,file:///tmp/jetty-0.0.0.0-33299-ozoneManager-_-any-1748943721744740658.dir/webapp/,AVAILABLE}{/ozoneManager}
2019-10-21 07:26:31,455 [main] INFO  server.AbstractConnector (AbstractConnector.java:doStart(278)) - Started ServerConnector@5aae8eb5{HTTP/1.1,[http/1.1]}{0.0.0.0:33299}
2019-10-21 07:26:31,455 [main] INFO  server.Server (Server.java:doStart(419)) - Started @4342ms
2019-10-21 07:26:31,455 [main] WARN  impl.MetricsSystemImpl (MetricsSystemImpl.java:register(276)) - Sink prometheus already exists!
2019-10-21 07:26:31,457 [main] INFO  server.BaseHttpServer (BaseHttpServer.java:updateConnectorAddress(215)) - HTTP server of OZONEMANAGER is listening at http://0.0.0.0:33299
2019-10-21 07:26:31,712 [main] INFO  impl.MetricsSystemImpl (MetricsSystemImpl.java:init(158)) - HddsDatanode metrics system started (again)
2019-10-21 07:26:31,755 [main] INFO  ozone.HddsDatanodeService (HddsDatanodeService.java:start(184)) - HddsDatanodeService host:pr-hdds-1868-wsm2n-11235469 ip:192.168.34.63
2019-10-21 07:26:31,787 [main] INFO  volume.HddsVolume (HddsVolume.java:<init>(176)) - Creating Volume: /workdir/hadoop-ozone/tools/target/test-dir/MiniOzoneClusterImpl-610dd82a-4248-4bb1-aa48-afd1fa3dcd62/datanode-0/data/containers/hdds of  storage type : DISK and capacity : 1482555576320
2019-10-21 07:26:31,789 [main] INFO  volume.VolumeSet (VolumeSet.java:initializeVolumeSet(170)) - Added Volume : /workdir/hadoop-ozone/tools/target/test-dir/MiniOzoneClusterImpl-610dd82a-4248-4bb1-aa48-afd1fa3dcd62/datanode-0/data/containers/hdds to VolumeSet
2019-10-21 07:26:31,792 [main] INFO  volume.ThrottledAsyncChecker (ThrottledAsyncChecker.java:schedule(141)) - Scheduling a check for /workdir/hadoop-ozone/tools/target/test-dir/MiniOzoneClusterImpl-610dd82a-4248-4bb1-aa48-afd1fa3dcd62/datanode-0/data/containers/hdds
2019-10-21 07:26:31,808 [main] INFO  volume.HddsVolumeChecker (HddsVolumeChecker.java:checkAllVolumes(204)) - Scheduled health check for volume /workdir/hadoop-ozone/tools/target/test-dir/MiniOzoneClusterImpl-610dd82a-4248-4bb1-aa48-afd1fa3dcd62/datanode-0/data/containers/hdds
2019-10-21 07:26:31,917 [main] INFO  impl.RaftServerProxy (ConfUtils.java:logGet(43)) - raft.rpc.type = GRPC (default)
2019-10-21 07:26:31,978 [main] INFO  grpc.GrpcFactory (GrpcFactory.java:checkPooledByteBufAllocatorUseCacheForAllThreads(45)) - PERFORMANCE WARNING: useCacheForAllThreads is true that may cause Netty to create a lot garbage objects and, as a result, trigger GC.
	It is recommended to disable useCacheForAllThreads by setting -Dorg.apache.ratis.thirdparty.io.netty.allocator.useCacheForAllThreads=false in command line.
2019-10-21 07:26:31,984 [main] INFO  grpc.GrpcConfigKeys$Server (ConfUtils.java:logGet(43)) - raft.grpc.server.port = 0 (default)
2019-10-21 07:26:31,985 [main] INFO  server.GrpcService (ConfUtils.java:logGet(43)) - raft.grpc.message.size.max = 33570816 (custom)
2019-10-21 07:26:31,987 [main] INFO  server.RaftServerConfigKeys (ConfUtils.java:logGet(43)) - raft.server.log.appender.buffer.byte-limit = 33554432 (custom)
2019-10-21 07:26:31,988 [main] INFO  server.GrpcService (ConfUtils.java:logGet(43)) - raft.grpc.flow.control.window = 1MB (=1048576) (default)
2019-10-21 07:26:31,989 [main] INFO  server.RaftServerConfigKeys (ConfUtils.java:logGet(43)) - raft.server.rpc.request.timeout = 3000ms (default)
2019-10-21 07:26:32,148 [main] INFO  server.RaftServerConfigKeys (ConfUtils.java:logGet(43)) - raft.server.storage.dir = [/workdir/hadoop-ozone/tools/target/test-dir/MiniOzoneClusterImpl-610dd82a-4248-4bb1-aa48-afd1fa3dcd62/datanode-0/data/ratis] (custom)
2019-10-21 07:26:32,194 [main] INFO  hdfs.DFSUtil (DFSUtil.java:httpServerTemplateForNNAndJN(1641)) - Starting Web-server for hddsDatanode at: http://0.0.0.0:0
2019-10-21 07:26:32,196 [main] INFO  server.AuthenticationFilter (AuthenticationFilter.java:constructSecretProvider(240)) - Unable to initialize FileSignerSecretProvider, falling back to use random secrets.
2019-10-21 07:26:32,197 [main] WARN  http.HttpRequestLog (HttpRequestLog.java:getRequestLog(97)) - Jetty request log can only be enabled using Log4j
2019-10-21 07:26:32,199 [main] INFO  http.HttpServer2 (HttpServer2.java:addGlobalFilter(975)) - Added global filter 'safety' (class=org.apache.hadoop.http.HttpServer2$QuotingInputFilter)
2019-10-21 07:26:32,200 [main] INFO  http.HttpServer2 (HttpServer2.java:addFilter(948)) - Added filter static_user_filter (class=org.apache.hadoop.http.lib.StaticUserWebFilter$StaticUserFilter) to context hddsDatanode
2019-10-21 07:26:32,200 [main] INFO  http.HttpServer2 (HttpServer2.java:addFilter(958)) - Added filter static_user_filter (class=org.apache.hadoop.http.lib.StaticUserWebFilter$StaticUserFilter) to context static
2019-10-21 07:26:32,201 [main] INFO  http.HttpServer2 (HttpServer2.java:addFilter(958)) - Added filter static_user_filter (class=org.apache.hadoop.http.lib.StaticUserWebFilter$StaticUserFilter) to context logs
2019-10-21 07:26:32,202 [main] INFO  http.HttpServer2 (HttpServer2.java:bindListener(1191)) - Jetty bound to port 36238
2019-10-21 07:26:32,202 [main] INFO  server.Server (Server.java:doStart(351)) - jetty-9.3.25.v20180904, build timestamp: 2018-09-04T21:11:46Z, git hash: 3ce520221d0240229c862b122d2b06c12a625732
2019-10-21 07:26:32,206 [main] INFO  handler.ContextHandler (ContextHandler.java:doStart(781)) - Started o.e.j.s.ServletContextHandler@2436ea2f{/logs,file:///workdir/hadoop-ozone/tools/target/log,AVAILABLE}
2019-10-21 07:26:32,207 [main] INFO  handler.ContextHandler (ContextHandler.java:doStart(781)) - Started o.e.j.s.ServletContextHandler@20cece0b{/static,jar:file:/home/user/.m2/repository/org/apache/hadoop/hadoop-hdds-container-service/0.5.0-SNAPSHOT/hadoop-hdds-container-service-0.5.0-SNAPSHOT.jar!/webapps/static,AVAILABLE}
2019-10-21 07:26:32,241 [main] INFO  handler.ContextHandler (ContextHandler.java:doStart(781)) - Started o.e.j.w.WebAppContext@35d5ac51{/,file:///tmp/jetty-0.0.0.0-36238-hddsDatanode-_-any-8465248368837017125.dir/webapp/,AVAILABLE}{/hddsDatanode}
2019-10-21 07:26:32,242 [main] INFO  server.AbstractConnector (AbstractConnector.java:doStart(278)) - Started ServerConnector@b606cb6{HTTP/1.1,[http/1.1]}{0.0.0.0:36238}
2019-10-21 07:26:32,243 [main] INFO  server.Server (Server.java:doStart(419)) - Started @5129ms
2019-10-21 07:26:32,243 [main] WARN  impl.MetricsSystemImpl (MetricsSystemImpl.java:register(276)) - Sink prometheus already exists!
2019-10-21 07:26:32,244 [main] INFO  server.BaseHttpServer (BaseHttpServer.java:updateConnectorAddress(215)) - HTTP server of HDDSDATANODE is listening at http://0.0.0.0:36238
2019-10-21 07:26:32,245 [main] INFO  impl.MetricsSystemImpl (MetricsSystemImpl.java:init(158)) - HddsDatanode metrics system started (again)
2019-10-21 07:26:32,247 [main] INFO  ozone.HddsDatanodeService (HddsDatanodeService.java:start(184)) - HddsDatanodeService host:pr-hdds-1868-wsm2n-11235469 ip:192.168.34.63
2019-10-21 07:26:32,251 [org.apache.hadoop.util.JvmPauseMonitor$Monitor@847b778] INFO  util.JvmPauseMonitor (JvmPauseMonitor.java:run(188)) - Starting JVM pause monitor
2019-10-21 07:26:32,256 [main] INFO  volume.HddsVolume (HddsVolume.java:<init>(176)) - Creating Volume: /workdir/hadoop-ozone/tools/target/test-dir/MiniOzoneClusterImpl-610dd82a-4248-4bb1-aa48-afd1fa3dcd62/datanode-1/data/containers/hdds of  storage type : DISK and capacity : 1482555576320
2019-10-21 07:26:32,256 [main] INFO  volume.VolumeSet (VolumeSet.java:initializeVolumeSet(170)) - Added Volume : /workdir/hadoop-ozone/tools/target/test-dir/MiniOzoneClusterImpl-610dd82a-4248-4bb1-aa48-afd1fa3dcd62/datanode-1/data/containers/hdds to VolumeSet
2019-10-21 07:26:32,256 [main] INFO  volume.ThrottledAsyncChecker (ThrottledAsyncChecker.java:schedule(141)) - Scheduling a check for /workdir/hadoop-ozone/tools/target/test-dir/MiniOzoneClusterImpl-610dd82a-4248-4bb1-aa48-afd1fa3dcd62/datanode-1/data/containers/hdds
2019-10-21 07:26:32,257 [main] INFO  volume.HddsVolumeChecker (HddsVolumeChecker.java:checkAllVolumes(204)) - Scheduled health check for volume /workdir/hadoop-ozone/tools/target/test-dir/MiniOzoneClusterImpl-610dd82a-4248-4bb1-aa48-afd1fa3dcd62/datanode-1/data/containers/hdds
2019-10-21 07:26:32,271 [main] INFO  impl.RaftServerProxy (ConfUtils.java:logGet(43)) - raft.rpc.type = GRPC (default)
2019-10-21 07:26:32,272 [main] INFO  grpc.GrpcFactory (GrpcFactory.java:checkPooledByteBufAllocatorUseCacheForAllThreads(45)) - PERFORMANCE WARNING: useCacheForAllThreads is true that may cause Netty to create a lot garbage objects and, as a result, trigger GC.
	It is recommended to disable useCacheForAllThreads by setting -Dorg.apache.ratis.thirdparty.io.netty.allocator.useCacheForAllThreads=false in command line.
2019-10-21 07:26:32,272 [main] INFO  grpc.GrpcConfigKeys$Server (ConfUtils.java:logGet(43)) - raft.grpc.server.port = 0 (default)
2019-10-21 07:26:32,272 [main] INFO  server.GrpcService (ConfUtils.java:logGet(43)) - raft.grpc.message.size.max = 33570816 (custom)
2019-10-21 07:26:32,272 [main] INFO  server.RaftServerConfigKeys (ConfUtils.java:logGet(43)) - raft.server.log.appender.buffer.byte-limit = 33554432 (custom)
2019-10-21 07:26:32,273 [main] INFO  server.GrpcService (ConfUtils.java:logGet(43)) - raft.grpc.flow.control.window = 1MB (=1048576) (default)
2019-10-21 07:26:32,273 [main] INFO  server.RaftServerConfigKeys (ConfUtils.java:logGet(43)) - raft.server.rpc.request.timeout = 3000ms (default)
2019-10-21 07:26:32,273 [main] INFO  server.RaftServerConfigKeys (ConfUtils.java:logGet(43)) - raft.server.storage.dir = [/workdir/hadoop-ozone/tools/target/test-dir/MiniOzoneClusterImpl-610dd82a-4248-4bb1-aa48-afd1fa3dcd62/datanode-1/data/ratis] (custom)
2019-10-21 07:26:32,275 [main] INFO  hdfs.DFSUtil (DFSUtil.java:httpServerTemplateForNNAndJN(1641)) - Starting Web-server for hddsDatanode at: http://0.0.0.0:0
2019-10-21 07:26:32,277 [main] INFO  server.AuthenticationFilter (AuthenticationFilter.java:constructSecretProvider(240)) - Unable to initialize FileSignerSecretProvider, falling back to use random secrets.
2019-10-21 07:26:32,277 [main] WARN  http.HttpRequestLog (HttpRequestLog.java:getRequestLog(97)) - Jetty request log can only be enabled using Log4j
2019-10-21 07:26:32,279 [main] INFO  http.HttpServer2 (HttpServer2.java:addGlobalFilter(975)) - Added global filter 'safety' (class=org.apache.hadoop.http.HttpServer2$QuotingInputFilter)
2019-10-21 07:26:32,279 [main] INFO  http.HttpServer2 (HttpServer2.java:addFilter(948)) - Added filter static_user_filter (class=org.apache.hadoop.http.lib.StaticUserWebFilter$StaticUserFilter) to context hddsDatanode
2019-10-21 07:26:32,279 [main] INFO  http.HttpServer2 (HttpServer2.java:addFilter(958)) - Added filter static_user_filter (class=org.apache.hadoop.http.lib.StaticUserWebFilter$StaticUserFilter) to context logs
2019-10-21 07:26:32,280 [main] INFO  http.HttpServer2 (HttpServer2.java:addFilter(958)) - Added filter static_user_filter (class=org.apache.hadoop.http.lib.StaticUserWebFilter$StaticUserFilter) to context static
2019-10-21 07:26:32,280 [main] INFO  http.HttpServer2 (HttpServer2.java:bindListener(1191)) - Jetty bound to port 33754
2019-10-21 07:26:32,281 [main] INFO  server.Server (Server.java:doStart(351)) - jetty-9.3.25.v20180904, build timestamp: 2018-09-04T21:11:46Z, git hash: 3ce520221d0240229c862b122d2b06c12a625732
2019-10-21 07:26:32,285 [main] INFO  handler.ContextHandler (ContextHandler.java:doStart(781)) - Started o.e.j.s.ServletContextHandler@587a1cfb{/logs,file:///workdir/hadoop-ozone/tools/target/log,AVAILABLE}
2019-10-21 07:26:32,286 [main] INFO  handler.ContextHandler (ContextHandler.java:doStart(781)) - Started o.e.j.s.ServletContextHandler@5e1d03d7{/static,jar:file:/home/user/.m2/repository/org/apache/hadoop/hadoop-hdds-container-service/0.5.0-SNAPSHOT/hadoop-hdds-container-service-0.5.0-SNAPSHOT.jar!/webapps/static,AVAILABLE}
2019-10-21 07:26:32,316 [main] INFO  handler.ContextHandler (ContextHandler.java:doStart(781)) - Started o.e.j.w.WebAppContext@66273da0{/,file:///tmp/jetty-0.0.0.0-33754-hddsDatanode-_-any-2806327776085231697.dir/webapp/,AVAILABLE}{/hddsDatanode}
2019-10-21 07:26:32,317 [main] INFO  server.AbstractConnector (AbstractConnector.java:doStart(278)) - Started ServerConnector@2127e66e{HTTP/1.1,[http/1.1]}{0.0.0.0:33754}
2019-10-21 07:26:32,318 [main] INFO  server.Server (Server.java:doStart(419)) - Started @5204ms
2019-10-21 07:26:32,318 [main] WARN  impl.MetricsSystemImpl (MetricsSystemImpl.java:register(276)) - Sink prometheus already exists!
2019-10-21 07:26:32,319 [main] INFO  server.BaseHttpServer (BaseHttpServer.java:updateConnectorAddress(215)) - HTTP server of HDDSDATANODE is listening at http://0.0.0.0:33754
2019-10-21 07:26:32,320 [main] INFO  impl.MetricsSystemImpl (MetricsSystemImpl.java:init(158)) - HddsDatanode metrics system started (again)
2019-10-21 07:26:32,322 [org.apache.hadoop.util.JvmPauseMonitor$Monitor@fcfd55] INFO  util.JvmPauseMonitor (JvmPauseMonitor.java:run(188)) - Starting JVM pause monitor
2019-10-21 07:26:32,322 [main] INFO  ozone.HddsDatanodeService (HddsDatanodeService.java:start(184)) - HddsDatanodeService host:pr-hdds-1868-wsm2n-11235469 ip:192.168.34.63
2019-10-21 07:26:32,331 [main] INFO  volume.HddsVolume (HddsVolume.java:<init>(176)) - Creating Volume: /workdir/hadoop-ozone/tools/target/test-dir/MiniOzoneClusterImpl-610dd82a-4248-4bb1-aa48-afd1fa3dcd62/datanode-2/data/containers/hdds of  storage type : DISK and capacity : 1482555576320
2019-10-21 07:26:32,331 [main] INFO  volume.VolumeSet (VolumeSet.java:initializeVolumeSet(170)) - Added Volume : /workdir/hadoop-ozone/tools/target/test-dir/MiniOzoneClusterImpl-610dd82a-4248-4bb1-aa48-afd1fa3dcd62/datanode-2/data/containers/hdds to VolumeSet
2019-10-21 07:26:32,331 [main] INFO  volume.ThrottledAsyncChecker (ThrottledAsyncChecker.java:schedule(141)) - Scheduling a check for /workdir/hadoop-ozone/tools/target/test-dir/MiniOzoneClusterImpl-610dd82a-4248-4bb1-aa48-afd1fa3dcd62/datanode-2/data/containers/hdds
2019-10-21 07:26:32,332 [main] INFO  volume.HddsVolumeChecker (HddsVolumeChecker.java:checkAllVolumes(204)) - Scheduled health check for volume /workdir/hadoop-ozone/tools/target/test-dir/MiniOzoneClusterImpl-610dd82a-4248-4bb1-aa48-afd1fa3dcd62/datanode-2/data/containers/hdds
2019-10-21 07:26:32,347 [main] INFO  impl.RaftServerProxy (ConfUtils.java:logGet(43)) - raft.rpc.type = GRPC (default)
2019-10-21 07:26:32,348 [main] INFO  grpc.GrpcFactory (GrpcFactory.java:checkPooledByteBufAllocatorUseCacheForAllThreads(45)) - PERFORMANCE WARNING: useCacheForAllThreads is true that may cause Netty to create a lot garbage objects and, as a result, trigger GC.
	It is recommended to disable useCacheForAllThreads by setting -Dorg.apache.ratis.thirdparty.io.netty.allocator.useCacheForAllThreads=false in command line.
2019-10-21 07:26:32,348 [main] INFO  grpc.GrpcConfigKeys$Server (ConfUtils.java:logGet(43)) - raft.grpc.server.port = 0 (default)
2019-10-21 07:26:32,348 [main] INFO  server.GrpcService (ConfUtils.java:logGet(43)) - raft.grpc.message.size.max = 33570816 (custom)
2019-10-21 07:26:32,348 [main] INFO  server.RaftServerConfigKeys (ConfUtils.java:logGet(43)) - raft.server.log.appender.buffer.byte-limit = 33554432 (custom)
2019-10-21 07:26:32,349 [main] INFO  server.GrpcService (ConfUtils.java:logGet(43)) - raft.grpc.flow.control.window = 1MB (=1048576) (default)
2019-10-21 07:26:32,349 [main] INFO  server.RaftServerConfigKeys (ConfUtils.java:logGet(43)) - raft.server.rpc.request.timeout = 3000ms (default)
2019-10-21 07:26:32,349 [main] INFO  server.RaftServerConfigKeys (ConfUtils.java:logGet(43)) - raft.server.storage.dir = [/workdir/hadoop-ozone/tools/target/test-dir/MiniOzoneClusterImpl-610dd82a-4248-4bb1-aa48-afd1fa3dcd62/datanode-2/data/ratis] (custom)
2019-10-21 07:26:32,352 [main] INFO  hdfs.DFSUtil (DFSUtil.java:httpServerTemplateForNNAndJN(1641)) - Starting Web-server for hddsDatanode at: http://0.0.0.0:0
2019-10-21 07:26:32,354 [main] INFO  server.AuthenticationFilter (AuthenticationFilter.java:constructSecretProvider(240)) - Unable to initialize FileSignerSecretProvider, falling back to use random secrets.
2019-10-21 07:26:32,354 [main] WARN  http.HttpRequestLog (HttpRequestLog.java:getRequestLog(97)) - Jetty request log can only be enabled using Log4j
2019-10-21 07:26:32,356 [main] INFO  http.HttpServer2 (HttpServer2.java:addGlobalFilter(975)) - Added global filter 'safety' (class=org.apache.hadoop.http.HttpServer2$QuotingInputFilter)
2019-10-21 07:26:32,357 [main] INFO  http.HttpServer2 (HttpServer2.java:addFilter(948)) - Added filter static_user_filter (class=org.apache.hadoop.http.lib.StaticUserWebFilter$StaticUserFilter) to context hddsDatanode
2019-10-21 07:26:32,357 [main] INFO  http.HttpServer2 (HttpServer2.java:addFilter(958)) - Added filter static_user_filter (class=org.apache.hadoop.http.lib.StaticUserWebFilter$StaticUserFilter) to context logs
2019-10-21 07:26:32,357 [main] INFO  http.HttpServer2 (HttpServer2.java:addFilter(958)) - Added filter static_user_filter (class=org.apache.hadoop.http.lib.StaticUserWebFilter$StaticUserFilter) to context static
2019-10-21 07:26:32,358 [Datanode State Machine Thread - 0] INFO  datanode.InitDatanodeState (InitDatanodeState.java:persistContainerDatanodeDetails(140)) - DatanodeDetails is persisted to /workdir/hadoop-ozone/tools/target/test-dir/MiniOzoneClusterImpl-610dd82a-4248-4bb1-aa48-afd1fa3dcd62/datanode-0/meta/datanode.id
2019-10-21 07:26:32,358 [main] INFO  http.HttpServer2 (HttpServer2.java:bindListener(1191)) - Jetty bound to port 46591
2019-10-21 07:26:32,358 [main] INFO  server.Server (Server.java:doStart(351)) - jetty-9.3.25.v20180904, build timestamp: 2018-09-04T21:11:46Z, git hash: 3ce520221d0240229c862b122d2b06c12a625732
2019-10-21 07:26:32,361 [Datanode State Machine Thread - 0] INFO  datanode.InitDatanodeState (InitDatanodeState.java:persistContainerDatanodeDetails(140)) - DatanodeDetails is persisted to /workdir/hadoop-ozone/tools/target/test-dir/MiniOzoneClusterImpl-610dd82a-4248-4bb1-aa48-afd1fa3dcd62/datanode-1/meta/datanode.id
2019-10-21 07:26:32,361 [main] INFO  handler.ContextHandler (ContextHandler.java:doStart(781)) - Started o.e.j.s.ServletContextHandler@421056e5{/logs,file:///workdir/hadoop-ozone/tools/target/log,AVAILABLE}
2019-10-21 07:26:32,362 [main] INFO  handler.ContextHandler (ContextHandler.java:doStart(781)) - Started o.e.j.s.ServletContextHandler@60bbacfc{/static,jar:file:/home/user/.m2/repository/org/apache/hadoop/hadoop-hdds-container-service/0.5.0-SNAPSHOT/hadoop-hdds-container-service-0.5.0-SNAPSHOT.jar!/webapps/static,AVAILABLE}
2019-10-21 07:26:32,391 [main] INFO  handler.ContextHandler (ContextHandler.java:doStart(781)) - Started o.e.j.w.WebAppContext@5f7989fa{/,file:///tmp/jetty-0.0.0.0-46591-hddsDatanode-_-any-3967793932192868112.dir/webapp/,AVAILABLE}{/hddsDatanode}
2019-10-21 07:26:32,392 [main] INFO  server.AbstractConnector (AbstractConnector.java:doStart(278)) - Started ServerConnector@5bc28f40{HTTP/1.1,[http/1.1]}{0.0.0.0:46591}
2019-10-21 07:26:32,393 [main] INFO  server.Server (Server.java:doStart(419)) - Started @5279ms
2019-10-21 07:26:32,393 [main] WARN  impl.MetricsSystemImpl (MetricsSystemImpl.java:register(276)) - Sink prometheus already exists!
2019-10-21 07:26:32,394 [main] INFO  server.BaseHttpServer (BaseHttpServer.java:updateConnectorAddress(215)) - HTTP server of HDDSDATANODE is listening at http://0.0.0.0:46591
2019-10-21 07:26:32,396 [main] INFO  ozone.MiniOzoneClusterImpl (MiniOzoneClusterImpl.java:lambda$waitForClusterToBeReady$2(170)) - Waiting for cluster to be ready. Got 0 of 3 DN Heartbeats.
2019-10-21 07:26:32,397 [org.apache.hadoop.util.JvmPauseMonitor$Monitor@45872047] INFO  util.JvmPauseMonitor (JvmPauseMonitor.java:run(188)) - Starting JVM pause monitor
2019-10-21 07:26:32,400 [Datanode State Machine Thread - 0] INFO  datanode.InitDatanodeState (InitDatanodeState.java:persistContainerDatanodeDetails(140)) - DatanodeDetails is persisted to /workdir/hadoop-ozone/tools/target/test-dir/MiniOzoneClusterImpl-610dd82a-4248-4bb1-aa48-afd1fa3dcd62/datanode-2/meta/datanode.id
2019-10-21 07:26:33,396 [main] INFO  ozone.MiniOzoneClusterImpl (MiniOzoneClusterImpl.java:lambda$waitForClusterToBeReady$2(170)) - Waiting for cluster to be ready. Got 0 of 3 DN Heartbeats.
2019-10-21 07:26:34,314 [Datanode State Machine Thread - 0] INFO  ozoneimpl.OzoneContainer (OzoneContainer.java:start(213)) - Attempting to start container services.
2019-10-21 07:26:34,317 [Datanode State Machine Thread - 0] INFO  ozoneimpl.OzoneContainer (OzoneContainer.java:startContainerScrub(177)) - Background container scanner has been disabled.
2019-10-21 07:26:34,317 [Datanode State Machine Thread - 0] INFO  ratis.XceiverServerRatis (XceiverServerRatis.java:start(424)) - Starting XceiverServerRatis c1f9ca04-e4fa-49b4-8989-251d8537c158 at port 0
2019-10-21 07:26:34,339 [Datanode State Machine Thread - 0] INFO  impl.RaftServerProxy (RaftServerProxy.java:lambda$start$3(299)) - c1f9ca04-e4fa-49b4-8989-251d8537c158: start RPC server
2019-10-21 07:26:34,341 [Datanode State Machine Thread - 0] INFO  ozoneimpl.OzoneContainer (OzoneContainer.java:start(213)) - Attempting to start container services.
2019-10-21 07:26:34,346 [Datanode State Machine Thread - 0] INFO  ozoneimpl.OzoneContainer (OzoneContainer.java:startContainerScrub(177)) - Background container scanner has been disabled.
2019-10-21 07:26:34,346 [Datanode State Machine Thread - 0] INFO  ratis.XceiverServerRatis (XceiverServerRatis.java:start(424)) - Starting XceiverServerRatis 410c3651-7e6c-4628-b738-2d58e573bf10 at port 0
2019-10-21 07:26:34,354 [Datanode State Machine Thread - 0] INFO  impl.RaftServerProxy (RaftServerProxy.java:lambda$start$3(299)) - 410c3651-7e6c-4628-b738-2d58e573bf10: start RPC server
2019-10-21 07:26:34,397 [main] INFO  ozone.MiniOzoneClusterImpl (MiniOzoneClusterImpl.java:lambda$waitForClusterToBeReady$2(170)) - Waiting for cluster to be ready. Got 0 of 3 DN Heartbeats.
2019-10-21 07:26:34,411 [Datanode State Machine Thread - 0] INFO  ozoneimpl.OzoneContainer (OzoneContainer.java:start(213)) - Attempting to start container services.
2019-10-21 07:26:34,412 [Datanode State Machine Thread - 0] INFO  ozoneimpl.OzoneContainer (OzoneContainer.java:startContainerScrub(177)) - Background container scanner has been disabled.
2019-10-21 07:26:34,412 [Datanode State Machine Thread - 0] INFO  ratis.XceiverServerRatis (XceiverServerRatis.java:start(424)) - Starting XceiverServerRatis 88702cd2-051c-4e7b-8bd3-dead2aa78a3f at port 0
2019-10-21 07:26:34,420 [Datanode State Machine Thread - 0] INFO  impl.RaftServerProxy (RaftServerProxy.java:lambda$start$3(299)) - 88702cd2-051c-4e7b-8bd3-dead2aa78a3f: start RPC server
2019-10-21 07:26:34,487 [Datanode State Machine Thread - 0] INFO  server.GrpcService (GrpcService.java:startImpl(158)) - c1f9ca04-e4fa-49b4-8989-251d8537c158: GrpcService started, listening on 0.0.0.0/0.0.0.0:42717
2019-10-21 07:26:34,487 [Datanode State Machine Thread - 0] INFO  server.GrpcService (GrpcService.java:startImpl(158)) - 88702cd2-051c-4e7b-8bd3-dead2aa78a3f: GrpcService started, listening on 0.0.0.0/0.0.0.0:40600
2019-10-21 07:26:34,487 [Datanode State Machine Thread - 0] INFO  server.GrpcService (GrpcService.java:startImpl(158)) - 410c3651-7e6c-4628-b738-2d58e573bf10: GrpcService started, listening on 0.0.0.0/0.0.0.0:44871
2019-10-21 07:26:34,489 [Datanode State Machine Thread - 0] INFO  ratis.XceiverServerRatis (XceiverServerRatis.java:start(434)) - XceiverServerRatis 88702cd2-051c-4e7b-8bd3-dead2aa78a3f is started using port 40600
2019-10-21 07:26:34,488 [Datanode State Machine Thread - 0] INFO  ratis.XceiverServerRatis (XceiverServerRatis.java:start(434)) - XceiverServerRatis c1f9ca04-e4fa-49b4-8989-251d8537c158 is started using port 42717
2019-10-21 07:26:34,489 [Datanode State Machine Thread - 0] INFO  ratis.XceiverServerRatis (XceiverServerRatis.java:start(434)) - XceiverServerRatis 410c3651-7e6c-4628-b738-2d58e573bf10 is started using port 44871
2019-10-21 07:26:34,493 [Datanode State Machine Thread - 0] INFO  server.XceiverServerGrpc (XceiverServerGrpc.java:start(149)) - XceiverServerGrpc 410c3651-7e6c-4628-b738-2d58e573bf10 is started using port 35809
2019-10-21 07:26:34,493 [Datanode State Machine Thread - 0] INFO  server.XceiverServerGrpc (XceiverServerGrpc.java:start(149)) - XceiverServerGrpc c1f9ca04-e4fa-49b4-8989-251d8537c158 is started using port 44711
2019-10-21 07:26:34,494 [Datanode State Machine Thread - 0] INFO  server.XceiverServerGrpc (XceiverServerGrpc.java:start(149)) - XceiverServerGrpc 88702cd2-051c-4e7b-8bd3-dead2aa78a3f is started using port 40156
2019-10-21 07:26:35,397 [main] INFO  ozone.MiniOzoneClusterImpl (MiniOzoneClusterImpl.java:lambda$waitForClusterToBeReady$2(170)) - Waiting for cluster to be ready. Got 0 of 3 DN Heartbeats.
2019-10-21 07:26:36,287 [IPC Server handler 0 on 46307] INFO  net.NetworkTopology (NetworkTopologyImpl.java:add(111)) - Added a new node: /default-rack/c1f9ca04-e4fa-49b4-8989-251d8537c158
2019-10-21 07:26:36,287 [IPC Server handler 0 on 46307] INFO  node.SCMNodeManager (SCMNodeManager.java:register(268)) - Registered Data node : c1f9ca04-e4fa-49b4-8989-251d8537c158{ip: 192.168.34.63, host: pr-hdds-1868-wsm2n-11235469, networkLocation: /default-rack, certSerialId: null}
2019-10-21 07:26:36,290 [EventQueue-NodeRegistrationContainerReportForDataNodeSafeModeRule] INFO  safemode.SCMSafeModeManager (DataNodeSafeModeRule.java:process(71)) - SCM in safe mode. 1 DataNodes registered, 1 required.
2019-10-21 07:26:36,290 [EventQueue-NodeRegistrationContainerReportForDataNodeSafeModeRule] INFO  safemode.SCMSafeModeManager (SCMSafeModeManager.java:validateSafeModeExitRules(177)) - ScmSafeModeManager, all rules are successfully validated
2019-10-21 07:26:36,290 [EventQueue-NodeRegistrationContainerReportForDataNodeSafeModeRule] INFO  safemode.SCMSafeModeManager (SCMSafeModeManager.java:exitSafeMode(193)) - SCM exiting safe mode.
2019-10-21 07:26:36,326 [IPC Server handler 1 on 46307] INFO  net.NetworkTopology (NetworkTopologyImpl.java:add(111)) - Added a new node: /default-rack/410c3651-7e6c-4628-b738-2d58e573bf10
2019-10-21 07:26:36,326 [IPC Server handler 1 on 46307] INFO  node.SCMNodeManager (SCMNodeManager.java:register(268)) - Registered Data node : 410c3651-7e6c-4628-b738-2d58e573bf10{ip: 192.168.34.63, host: pr-hdds-1868-wsm2n-11235469, networkLocation: /default-rack, certSerialId: null}
2019-10-21 07:26:36,401 [IPC Server handler 3 on 46307] INFO  net.NetworkTopology (NetworkTopologyImpl.java:add(111)) - Added a new node: /default-rack/88702cd2-051c-4e7b-8bd3-dead2aa78a3f
2019-10-21 07:26:36,401 [IPC Server handler 3 on 46307] INFO  node.SCMNodeManager (SCMNodeManager.java:register(268)) - Registered Data node : 88702cd2-051c-4e7b-8bd3-dead2aa78a3f{ip: 192.168.34.63, host: pr-hdds-1868-wsm2n-11235469, networkLocation: /default-rack, certSerialId: null}
2019-10-21 07:26:36,748 [grpc-default-executor-0] INFO  impl.RaftServerProxy (RaftServerProxy.java:addNew(89)) - c1f9ca04-e4fa-49b4-8989-251d8537c158: addNew group-F63009F3820C:[c1f9ca04-e4fa-49b4-8989-251d8537c158:192.168.34.63:42717] returns group-F63009F3820C:java.util.concurrent.CompletableFuture@38fcf335[Not completed]
2019-10-21 07:26:36,763 [pool-27-thread-1] INFO  impl.RaftServerImpl (RaftServerImpl.java:<init>(98)) - c1f9ca04-e4fa-49b4-8989-251d8537c158: new RaftServerImpl for group-F63009F3820C:[c1f9ca04-e4fa-49b4-8989-251d8537c158:192.168.34.63:42717] with ContainerStateMachine:uninitialized
2019-10-21 07:26:36,766 [pool-27-thread-1] INFO  server.RaftServerConfigKeys (ConfUtils.java:logGet(43)) - raft.server.rpc.timeout.min = 5s (custom)
2019-10-21 07:26:36,767 [pool-27-thread-1] INFO  server.RaftServerConfigKeys (ConfUtils.java:logGet(43)) - raft.server.rpc.timeout.max = 5200ms (custom)
2019-10-21 07:26:36,767 [pool-27-thread-1] INFO  server.RaftServerConfigKeys (ConfUtils.java:logGet(43)) - raft.server.rpcslowness.timeout = 120s (custom)
2019-10-21 07:26:36,768 [pool-27-thread-1] INFO  server.RaftServerConfigKeys (ConfUtils.java:logGet(43)) - raft.server.sleep.deviation.threshold = 300 (default)
2019-10-21 07:26:36,769 [pool-27-thread-1] INFO  server.RaftServerConfigKeys (ConfUtils.java:logGet(43)) - raft.server.log.appender.install.snapshot.enabled = false (custom)
2019-10-21 07:26:36,778 [pool-27-thread-1] INFO  impl.RaftServerImpl (ServerState.java:<init>(103)) - c1f9ca04-e4fa-49b4-8989-251d8537c158@group-F63009F3820C: ConfigurationManager, init=-1: [c1f9ca04-e4fa-49b4-8989-251d8537c158:192.168.34.63:42717], old=null, confs=<EMPTY_MAP>
2019-10-21 07:26:36,778 [pool-27-thread-1] INFO  server.RaftServerConfigKeys (ConfUtils.java:logGet(43)) - raft.server.storage.dir = [/workdir/hadoop-ozone/tools/target/test-dir/MiniOzoneClusterImpl-610dd82a-4248-4bb1-aa48-afd1fa3dcd62/datanode-0/data/ratis] (custom)
2019-10-21 07:26:36,785 [pool-27-thread-1] INFO  server.RaftServerConfigKeys (ConfUtils.java:logGet(43)) - raft.server.log.corruption.policy = EXCEPTION (default)
2019-10-21 07:26:36,787 [pool-27-thread-1] INFO  storage.RaftStorageDirectory (RaftStorageDirectory.java:analyzeStorage(246)) - The storage directory /workdir/hadoop-ozone/tools/target/test-dir/MiniOzoneClusterImpl-610dd82a-4248-4bb1-aa48-afd1fa3dcd62/datanode-0/data/ratis/6c5b958d-bfa4-428b-86c6-f63009f3820c does not exist. Creating ...
2019-10-21 07:26:36,814 [pool-27-thread-1] INFO  storage.RaftStorageDirectory (RaftStorageDirectory.java:tryLock(328)) - Lock on /workdir/hadoop-ozone/tools/target/test-dir/MiniOzoneClusterImpl-610dd82a-4248-4bb1-aa48-afd1fa3dcd62/datanode-0/data/ratis/6c5b958d-bfa4-428b-86c6-f63009f3820c/in_use.lock acquired by nodename 1988@pr-hdds-1868-wsm2n-11235469
2019-10-21 07:26:36,831 [pool-27-thread-1] INFO  storage.RaftStorage (RaftStorage.java:format(84)) - Storage directory /workdir/hadoop-ozone/tools/target/test-dir/MiniOzoneClusterImpl-610dd82a-4248-4bb1-aa48-afd1fa3dcd62/datanode-0/data/ratis/6c5b958d-bfa4-428b-86c6-f63009f3820c has been successfully formatted.
2019-10-21 07:26:36,834 [pool-27-thread-1] INFO  ratis.ContainerStateMachine (ContainerStateMachine.java:loadSnapshot(233)) - group-F63009F3820C: The snapshot info is null. Setting the last applied indexto:(t:0, i:~)
2019-10-21 07:26:36,834 [pool-27-thread-1] INFO  server.RaftServerConfigKeys (ConfUtils.java:logGet(43)) - raft.server.notification.no-leader.timeout = 120s (custom)
2019-10-21 07:26:36,837 [pool-27-thread-1] INFO  server.RaftServerConfigKeys (ConfUtils.java:logGet(43)) - raft.server.log.use.memory = false (default)
2019-10-21 07:26:36,845 [pool-27-thread-1] INFO  server.RaftServerConfigKeys (ConfUtils.java:logGet(43)) - raft.server.log.purge.gap = 1000000 (custom)
2019-10-21 07:26:36,845 [pool-27-thread-1] INFO  server.RaftServerConfigKeys (ConfUtils.java:logGet(43)) - raft.server.log.appender.buffer.byte-limit = 33554432 (custom)
2019-10-21 07:26:36,848 [pool-27-thread-1] INFO  server.RaftServerConfigKeys (ConfUtils.java:logGet(43)) - raft.server.log.segment.size.max = 1048576 (custom)
2019-10-21 07:26:36,854 [pool-27-thread-1] INFO  metrics.MetricRegistries (MetricRegistriesLoader.java:load(64)) - Loaded MetricRegistries class org.apache.ratis.metrics.impl.MetricRegistriesImpl
2019-10-21 07:26:36,860 [pool-27-thread-1] WARN  impl.MetricRegistriesImpl (MetricRegistriesImpl.java:lambda$create$1(61)) - First MetricRegistry has been created without registering reporters. You may need to call MetricRegistries.global().addReportRegistration(...) before.
2019-10-21 07:26:36,866 [pool-27-thread-1] INFO  server.RaftServerConfigKeys (ConfUtils.java:logGet(43)) - raft.server.log.segment.cache.num.max = 2 (custom)
2019-10-21 07:26:36,875 [pool-27-thread-1] INFO  segmented.SegmentedRaftLogWorker (SegmentedRaftLogWorker.java:<init>(173)) - new c1f9ca04-e4fa-49b4-8989-251d8537c158@group-F63009F3820C-SegmentedRaftLogWorker for RaftStorage:Storage Directory /workdir/hadoop-ozone/tools/target/test-dir/MiniOzoneClusterImpl-610dd82a-4248-4bb1-aa48-afd1fa3dcd62/datanode-0/data/ratis/6c5b958d-bfa4-428b-86c6-f63009f3820c
2019-10-21 07:26:36,875 [pool-27-thread-1] INFO  server.RaftServerConfigKeys (ConfUtils.java:logGet(43)) - raft.server.log.queue.byte-limit = 2147483647 (custom)
2019-10-21 07:26:36,876 [pool-27-thread-1] INFO  server.RaftServerConfigKeys (ConfUtils.java:logGet(43)) - raft.server.log.queue.element-limit = 1024 (custom)
2019-10-21 07:26:36,878 [pool-27-thread-1] INFO  server.RaftServerConfigKeys (ConfUtils.java:logGet(43)) - raft.server.log.segment.size.max = 1048576 (custom)
2019-10-21 07:26:36,879 [pool-27-thread-1] INFO  server.RaftServerConfigKeys (ConfUtils.java:logGet(43)) - raft.server.log.preallocated.size = 16384 (custom)
2019-10-21 07:26:36,879 [pool-27-thread-1] INFO  server.RaftServerConfigKeys (ConfUtils.java:logGet(43)) - raft.server.log.write.buffer.size = 33554432 (custom)
2019-10-21 07:26:36,880 [pool-27-thread-1] INFO  server.RaftServerConfigKeys (ConfUtils.java:logGet(43)) - raft.server.log.force.sync.num = 128 (default)
2019-10-21 07:26:36,881 [pool-27-thread-1] INFO  server.RaftServerConfigKeys (ConfUtils.java:logGet(43)) - raft.server.log.statemachine.data.sync = true (default)
2019-10-21 07:26:36,881 [pool-27-thread-1] INFO  server.RaftServerConfigKeys (ConfUtils.java:logGet(43)) - raft.server.log.statemachine.data.sync.timeout = 10s (default)
2019-10-21 07:26:36,882 [pool-27-thread-1] INFO  server.RaftServerConfigKeys (ConfUtils.java:logGet(43)) - raft.server.log.statemachine.data.sync.timeout.retry = -1 (default)
2019-10-21 07:26:36,899 [pool-27-thread-1] INFO  server.RaftServerConfigKeys (ConfUtils.java:logGet(43)) - raft.server.log.statemachine.data.caching.enabled = true (custom)
2019-10-21 07:26:36,904 [pool-27-thread-1] INFO  segmented.SegmentedRaftLogWorker (SegmentedRaftLogWorker.java:lambda$new$0(128)) - c1f9ca04-e4fa-49b4-8989-251d8537c158@group-F63009F3820C-SegmentedRaftLogWorker: flushIndex: setUnconditionally 0 -> -1
2019-10-21 07:26:36,909 [pool-27-thread-1] INFO  server.RaftServerConfigKeys (ConfUtils.java:logGet(43)) - raft.server.snapshot.auto.trigger.enabled = true (custom)
2019-10-21 07:26:36,910 [pool-27-thread-1] INFO  server.RaftServerConfigKeys (ConfUtils.java:logGet(43)) - raft.server.snapshot.auto.trigger.threshold = 10000 (custom)
2019-10-21 07:26:36,911 [pool-27-thread-1] INFO  server.RaftServerConfigKeys (ConfUtils.java:logGet(43)) - raft.server.snapshot.retention.file.num = 5 (custom)
2019-10-21 07:26:36,911 [pool-27-thread-1] INFO  server.RaftServerConfigKeys (ConfUtils.java:logGet(43)) - raft.server.retrycache.expirytime = 600000ms (custom)
2019-10-21 07:26:36,937 [pool-27-thread-1] WARN  impl.MetricRegistriesImpl (MetricRegistriesImpl.java:lambda$create$1(61)) - First MetricRegistry has been created without registering reporters. You may need to call MetricRegistries.global().addReportRegistration(...) before.
2019-10-21 07:26:36,941 [pool-27-thread-1] WARN  impl.MetricRegistriesImpl (MetricRegistriesImpl.java:lambda$create$1(61)) - First MetricRegistry has been created without registering reporters. You may need to call MetricRegistries.global().addReportRegistration(...) before.
2019-10-21 07:26:36,943 [pool-27-thread-1] INFO  impl.RaftServerImpl (RaftServerImpl.java:start(184)) - c1f9ca04-e4fa-49b4-8989-251d8537c158@group-F63009F3820C: start as a follower, conf=-1: [c1f9ca04-e4fa-49b4-8989-251d8537c158:192.168.34.63:42717], old=null
2019-10-21 07:26:36,945 [pool-27-thread-1] INFO  impl.RaftServerImpl (RaftServerImpl.java:setRole(173)) - c1f9ca04-e4fa-49b4-8989-251d8537c158@group-F63009F3820C: changes role from      null to FOLLOWER at term 0 for startAsFollower
2019-10-21 07:26:36,947 [pool-27-thread-1] INFO  impl.RoleInfo (RoleInfo.java:updateAndGet(143)) - c1f9ca04-e4fa-49b4-8989-251d8537c158: start FollowerState
2019-10-21 07:26:36,950 [pool-27-thread-1] INFO  util.JmxRegister (JmxRegister.java:tryRegister(44)) - Successfully registered JMX Bean with object name Ratis:service=RaftServer,group=group-F63009F3820C,id=c1f9ca04-e4fa-49b4-8989-251d8537c158
2019-10-21 07:26:36,952 [pool-27-thread-1] WARN  impl.MetricRegistriesImpl (MetricRegistriesImpl.java:lambda$create$1(61)) - First MetricRegistry has been created without registering reporters. You may need to call MetricRegistries.global().addReportRegistration(...) before.
2019-10-21 07:26:37,020 [RatisPipelineUtilsThread] INFO  pipeline.PipelineStateManager (PipelineStateManager.java:addPipeline(55)) - Created pipeline Pipeline[ Id: 6c5b958d-bfa4-428b-86c6-f63009f3820c, Nodes: c1f9ca04-e4fa-49b4-8989-251d8537c158{ip: 192.168.34.63, host: pr-hdds-1868-wsm2n-11235469, networkLocation: /default-rack, certSerialId: null}, Type:RATIS, Factor:ONE, State:ALLOCATED]
2019-10-21 07:26:37,038 [grpc-default-executor-0] INFO  impl.RaftServerProxy (RaftServerProxy.java:addNew(89)) - 88702cd2-051c-4e7b-8bd3-dead2aa78a3f: addNew group-6E9CB08AA819:[88702cd2-051c-4e7b-8bd3-dead2aa78a3f:192.168.34.63:40600] returns group-6E9CB08AA819:java.util.concurrent.CompletableFuture@36898848[Not completed]
2019-10-21 07:26:37,063 [pool-47-thread-1] INFO  impl.RaftServerImpl (RaftServerImpl.java:<init>(98)) - 88702cd2-051c-4e7b-8bd3-dead2aa78a3f: new RaftServerImpl for group-6E9CB08AA819:[88702cd2-051c-4e7b-8bd3-dead2aa78a3f:192.168.34.63:40600] with ContainerStateMachine:uninitialized
2019-10-21 07:26:37,065 [pool-47-thread-1] INFO  server.RaftServerConfigKeys (ConfUtils.java:logGet(43)) - raft.server.rpc.timeout.min = 5s (custom)
2019-10-21 07:26:37,065 [pool-47-thread-1] INFO  server.RaftServerConfigKeys (ConfUtils.java:logGet(43)) - raft.server.rpc.timeout.max = 5200ms (custom)
2019-10-21 07:26:37,065 [pool-47-thread-1] INFO  server.RaftServerConfigKeys (ConfUtils.java:logGet(43)) - raft.server.rpcslowness.timeout = 120s (custom)
2019-10-21 07:26:37,065 [pool-47-thread-1] INFO  server.RaftServerConfigKeys (ConfUtils.java:logGet(43)) - raft.server.sleep.deviation.threshold = 300 (default)
2019-10-21 07:26:37,065 [pool-47-thread-1] INFO  server.RaftServerConfigKeys (ConfUtils.java:logGet(43)) - raft.server.log.appender.install.snapshot.enabled = false (custom)
2019-10-21 07:26:37,065 [pool-47-thread-1] INFO  impl.RaftServerImpl (ServerState.java:<init>(103)) - 88702cd2-051c-4e7b-8bd3-dead2aa78a3f@group-6E9CB08AA819: ConfigurationManager, init=-1: [88702cd2-051c-4e7b-8bd3-dead2aa78a3f:192.168.34.63:40600], old=null, confs=<EMPTY_MAP>
2019-10-21 07:26:37,065 [pool-47-thread-1] INFO  server.RaftServerConfigKeys (ConfUtils.java:logGet(43)) - raft.server.storage.dir = [/workdir/hadoop-ozone/tools/target/test-dir/MiniOzoneClusterImpl-610dd82a-4248-4bb1-aa48-afd1fa3dcd62/datanode-2/data/ratis] (custom)
2019-10-21 07:26:37,066 [pool-47-thread-1] INFO  server.RaftServerConfigKeys (ConfUtils.java:logGet(43)) - raft.server.log.corruption.policy = EXCEPTION (default)
2019-10-21 07:26:37,066 [pool-47-thread-1] INFO  storage.RaftStorageDirectory (RaftStorageDirectory.java:analyzeStorage(246)) - The storage directory /workdir/hadoop-ozone/tools/target/test-dir/MiniOzoneClusterImpl-610dd82a-4248-4bb1-aa48-afd1fa3dcd62/datanode-2/data/ratis/000578fa-8ad7-4f1f-b7d6-6e9cb08aa819 does not exist. Creating ...
2019-10-21 07:26:37,069 [pool-47-thread-1] INFO  storage.RaftStorageDirectory (RaftStorageDirectory.java:tryLock(328)) - Lock on /workdir/hadoop-ozone/tools/target/test-dir/MiniOzoneClusterImpl-610dd82a-4248-4bb1-aa48-afd1fa3dcd62/datanode-2/data/ratis/000578fa-8ad7-4f1f-b7d6-6e9cb08aa819/in_use.lock acquired by nodename 1988@pr-hdds-1868-wsm2n-11235469
2019-10-21 07:26:37,073 [pool-47-thread-1] INFO  storage.RaftStorage (RaftStorage.java:format(84)) - Storage directory /workdir/hadoop-ozone/tools/target/test-dir/MiniOzoneClusterImpl-610dd82a-4248-4bb1-aa48-afd1fa3dcd62/datanode-2/data/ratis/000578fa-8ad7-4f1f-b7d6-6e9cb08aa819 has been successfully formatted.
2019-10-21 07:26:37,074 [pool-47-thread-1] INFO  ratis.ContainerStateMachine (ContainerStateMachine.java:loadSnapshot(233)) - group-6E9CB08AA819: The snapshot info is null. Setting the last applied indexto:(t:0, i:~)
2019-10-21 07:26:37,075 [pool-47-thread-1] INFO  server.RaftServerConfigKeys (ConfUtils.java:logGet(43)) - raft.server.notification.no-leader.timeout = 120s (custom)
2019-10-21 07:26:37,075 [pool-47-thread-1] INFO  server.RaftServerConfigKeys (ConfUtils.java:logGet(43)) - raft.server.log.use.memory = false (default)
2019-10-21 07:26:37,075 [pool-47-thread-1] INFO  server.RaftServerConfigKeys (ConfUtils.java:logGet(43)) - raft.server.log.purge.gap = 1000000 (custom)
2019-10-21 07:26:37,076 [pool-47-thread-1] INFO  server.RaftServerConfigKeys (ConfUtils.java:logGet(43)) - raft.server.log.appender.buffer.byte-limit = 33554432 (custom)
2019-10-21 07:26:37,076 [pool-47-thread-1] INFO  server.RaftServerConfigKeys (ConfUtils.java:logGet(43)) - raft.server.log.segment.size.max = 1048576 (custom)
2019-10-21 07:26:37,076 [pool-47-thread-1] WARN  impl.MetricRegistriesImpl (MetricRegistriesImpl.java:lambda$create$1(61)) - First MetricRegistry has been created without registering reporters. You may need to call MetricRegistries.global().addReportRegistration(...) before.
2019-10-21 07:26:37,077 [pool-47-thread-1] INFO  server.RaftServerConfigKeys (ConfUtils.java:logGet(43)) - raft.server.log.segment.cache.num.max = 2 (custom)
2019-10-21 07:26:37,077 [pool-47-thread-1] INFO  segmented.SegmentedRaftLogWorker (SegmentedRaftLogWorker.java:<init>(173)) - new 88702cd2-051c-4e7b-8bd3-dead2aa78a3f@group-6E9CB08AA819-SegmentedRaftLogWorker for RaftStorage:Storage Directory /workdir/hadoop-ozone/tools/target/test-dir/MiniOzoneClusterImpl-610dd82a-4248-4bb1-aa48-afd1fa3dcd62/datanode-2/data/ratis/000578fa-8ad7-4f1f-b7d6-6e9cb08aa819
2019-10-21 07:26:37,077 [pool-47-thread-1] INFO  server.RaftServerConfigKeys (ConfUtils.java:logGet(43)) - raft.server.log.queue.byte-limit = 2147483647 (custom)
2019-10-21 07:26:37,077 [pool-47-thread-1] INFO  server.RaftServerConfigKeys (ConfUtils.java:logGet(43)) - raft.server.log.queue.element-limit = 1024 (custom)
2019-10-21 07:26:37,078 [pool-47-thread-1] INFO  server.RaftServerConfigKeys (ConfUtils.java:logGet(43)) - raft.server.log.segment.size.max = 1048576 (custom)
2019-10-21 07:26:37,078 [pool-47-thread-1] INFO  server.RaftServerConfigKeys (ConfUtils.java:logGet(43)) - raft.server.log.preallocated.size = 16384 (custom)
2019-10-21 07:26:37,078 [pool-47-thread-1] INFO  server.RaftServerConfigKeys (ConfUtils.java:logGet(43)) - raft.server.log.write.buffer.size = 33554432 (custom)
2019-10-21 07:26:37,078 [pool-47-thread-1] INFO  server.RaftServerConfigKeys (ConfUtils.java:logGet(43)) - raft.server.log.force.sync.num = 128 (default)
2019-10-21 07:26:37,078 [pool-47-thread-1] INFO  server.RaftServerConfigKeys (ConfUtils.java:logGet(43)) - raft.server.log.statemachine.data.sync = true (default)
2019-10-21 07:26:37,078 [pool-47-thread-1] INFO  server.RaftServerConfigKeys (ConfUtils.java:logGet(43)) - raft.server.log.statemachine.data.sync.timeout = 10s (default)
2019-10-21 07:26:37,079 [pool-47-thread-1] INFO  server.RaftServerConfigKeys (ConfUtils.java:logGet(43)) - raft.server.log.statemachine.data.sync.timeout.retry = -1 (default)
2019-10-21 07:26:37,079 [pool-47-thread-1] INFO  server.RaftServerConfigKeys (ConfUtils.java:logGet(43)) - raft.server.log.statemachine.data.caching.enabled = true (custom)
2019-10-21 07:26:37,079 [pool-47-thread-1] INFO  segmented.SegmentedRaftLogWorker (SegmentedRaftLogWorker.java:lambda$new$0(128)) - 88702cd2-051c-4e7b-8bd3-dead2aa78a3f@group-6E9CB08AA819-SegmentedRaftLogWorker: flushIndex: setUnconditionally 0 -> -1
2019-10-21 07:26:37,080 [pool-47-thread-1] INFO  server.RaftServerConfigKeys (ConfUtils.java:logGet(43)) - raft.server.snapshot.auto.trigger.enabled = true (custom)
2019-10-21 07:26:37,080 [pool-47-thread-1] INFO  server.RaftServerConfigKeys (ConfUtils.java:logGet(43)) - raft.server.snapshot.auto.trigger.threshold = 10000 (custom)
2019-10-21 07:26:37,080 [pool-47-thread-1] INFO  server.RaftServerConfigKeys (ConfUtils.java:logGet(43)) - raft.server.snapshot.retention.file.num = 5 (custom)
2019-10-21 07:26:37,080 [pool-47-thread-1] INFO  server.RaftServerConfigKeys (ConfUtils.java:logGet(43)) - raft.server.retrycache.expirytime = 600000ms (custom)
2019-10-21 07:26:37,080 [pool-47-thread-1] WARN  impl.MetricRegistriesImpl (MetricRegistriesImpl.java:lambda$create$1(61)) - First MetricRegistry has been created without registering reporters. You may need to call MetricRegistries.global().addReportRegistration(...) before.
2019-10-21 07:26:37,081 [pool-47-thread-1] WARN  impl.MetricRegistriesImpl (MetricRegistriesImpl.java:lambda$create$1(61)) - First MetricRegistry has been created without registering reporters. You may need to call MetricRegistries.global().addReportRegistration(...) before.
2019-10-21 07:26:37,081 [pool-47-thread-1] INFO  impl.RaftServerImpl (RaftServerImpl.java:start(184)) - 88702cd2-051c-4e7b-8bd3-dead2aa78a3f@group-6E9CB08AA819: start as a follower, conf=-1: [88702cd2-051c-4e7b-8bd3-dead2aa78a3f:192.168.34.63:40600], old=null
2019-10-21 07:26:37,081 [pool-47-thread-1] INFO  impl.RaftServerImpl (RaftServerImpl.java:setRole(173)) - 88702cd2-051c-4e7b-8bd3-dead2aa78a3f@group-6E9CB08AA819: changes role from      null to FOLLOWER at term 0 for startAsFollower
2019-10-21 07:26:37,081 [pool-47-thread-1] INFO  impl.RoleInfo (RoleInfo.java:updateAndGet(143)) - 88702cd2-051c-4e7b-8bd3-dead2aa78a3f: start FollowerState
2019-10-21 07:26:37,082 [pool-47-thread-1] INFO  util.JmxRegister (JmxRegister.java:tryRegister(44)) - Successfully registered JMX Bean with object name Ratis:service=RaftServer,group=group-6E9CB08AA819,id=88702cd2-051c-4e7b-8bd3-dead2aa78a3f
2019-10-21 07:26:37,083 [pool-47-thread-1] WARN  impl.MetricRegistriesImpl (MetricRegistriesImpl.java:lambda$create$1(61)) - First MetricRegistry has been created without registering reporters. You may need to call MetricRegistries.global().addReportRegistration(...) before.
2019-10-21 07:26:37,090 [RatisPipelineUtilsThread] INFO  pipeline.PipelineStateManager (PipelineStateManager.java:addPipeline(55)) - Created pipeline Pipeline[ Id: 000578fa-8ad7-4f1f-b7d6-6e9cb08aa819, Nodes: 88702cd2-051c-4e7b-8bd3-dead2aa78a3f{ip: 192.168.34.63, host: pr-hdds-1868-wsm2n-11235469, networkLocation: /default-rack, certSerialId: null}, Type:RATIS, Factor:ONE, State:ALLOCATED]
2019-10-21 07:26:37,103 [grpc-default-executor-0] INFO  impl.RaftServerProxy (RaftServerProxy.java:addNew(89)) - 410c3651-7e6c-4628-b738-2d58e573bf10: addNew group-9464C011C833:[410c3651-7e6c-4628-b738-2d58e573bf10:192.168.34.63:44871] returns group-9464C011C833:java.util.concurrent.CompletableFuture@1eeeef0d[Not completed]
2019-10-21 07:26:37,114 [pool-37-thread-1] INFO  impl.RaftServerImpl (RaftServerImpl.java:<init>(98)) - 410c3651-7e6c-4628-b738-2d58e573bf10: new RaftServerImpl for group-9464C011C833:[410c3651-7e6c-4628-b738-2d58e573bf10:192.168.34.63:44871] with ContainerStateMachine:uninitialized
2019-10-21 07:26:37,115 [pool-37-thread-1] INFO  server.RaftServerConfigKeys (ConfUtils.java:logGet(43)) - raft.server.rpc.timeout.min = 5s (custom)
2019-10-21 07:26:37,115 [pool-37-thread-1] INFO  server.RaftServerConfigKeys (ConfUtils.java:logGet(43)) - raft.server.rpc.timeout.max = 5200ms (custom)
2019-10-21 07:26:37,115 [pool-37-thread-1] INFO  server.RaftServerConfigKeys (ConfUtils.java:logGet(43)) - raft.server.rpcslowness.timeout = 120s (custom)
2019-10-21 07:26:37,115 [pool-37-thread-1] INFO  server.RaftServerConfigKeys (ConfUtils.java:logGet(43)) - raft.server.sleep.deviation.threshold = 300 (default)
2019-10-21 07:26:37,116 [pool-37-thread-1] INFO  server.RaftServerConfigKeys (ConfUtils.java:logGet(43)) - raft.server.log.appender.install.snapshot.enabled = false (custom)
2019-10-21 07:26:37,116 [pool-37-thread-1] INFO  impl.RaftServerImpl (ServerState.java:<init>(103)) - 410c3651-7e6c-4628-b738-2d58e573bf10@group-9464C011C833: ConfigurationManager, init=-1: [410c3651-7e6c-4628-b738-2d58e573bf10:192.168.34.63:44871], old=null, confs=<EMPTY_MAP>
2019-10-21 07:26:37,116 [pool-37-thread-1] INFO  server.RaftServerConfigKeys (ConfUtils.java:logGet(43)) - raft.server.storage.dir = [/workdir/hadoop-ozone/tools/target/test-dir/MiniOzoneClusterImpl-610dd82a-4248-4bb1-aa48-afd1fa3dcd62/datanode-1/data/ratis] (custom)
2019-10-21 07:26:37,116 [pool-37-thread-1] INFO  server.RaftServerConfigKeys (ConfUtils.java:logGet(43)) - raft.server.log.corruption.policy = EXCEPTION (default)
2019-10-21 07:26:37,117 [pool-37-thread-1] INFO  storage.RaftStorageDirectory (RaftStorageDirectory.java:analyzeStorage(246)) - The storage directory /workdir/hadoop-ozone/tools/target/test-dir/MiniOzoneClusterImpl-610dd82a-4248-4bb1-aa48-afd1fa3dcd62/datanode-1/data/ratis/400b8344-3a7e-4278-bbe9-9464c011c833 does not exist. Creating ...
2019-10-21 07:26:37,124 [pool-37-thread-1] INFO  storage.RaftStorageDirectory (RaftStorageDirectory.java:tryLock(328)) - Lock on /workdir/hadoop-ozone/tools/target/test-dir/MiniOzoneClusterImpl-610dd82a-4248-4bb1-aa48-afd1fa3dcd62/datanode-1/data/ratis/400b8344-3a7e-4278-bbe9-9464c011c833/in_use.lock acquired by nodename 1988@pr-hdds-1868-wsm2n-11235469
2019-10-21 07:26:37,129 [pool-37-thread-1] INFO  storage.RaftStorage (RaftStorage.java:format(84)) - Storage directory /workdir/hadoop-ozone/tools/target/test-dir/MiniOzoneClusterImpl-610dd82a-4248-4bb1-aa48-afd1fa3dcd62/datanode-1/data/ratis/400b8344-3a7e-4278-bbe9-9464c011c833 has been successfully formatted.
2019-10-21 07:26:37,130 [pool-37-thread-1] INFO  ratis.ContainerStateMachine (ContainerStateMachine.java:loadSnapshot(233)) - group-9464C011C833: The snapshot info is null. Setting the last applied indexto:(t:0, i:~)
2019-10-21 07:26:37,130 [pool-37-thread-1] INFO  server.RaftServerConfigKeys (ConfUtils.java:logGet(43)) - raft.server.notification.no-leader.timeout = 120s (custom)
2019-10-21 07:26:37,131 [pool-37-thread-1] INFO  server.RaftServerConfigKeys (ConfUtils.java:logGet(43)) - raft.server.log.use.memory = false (default)
2019-10-21 07:26:37,131 [pool-37-thread-1] INFO  server.RaftServerConfigKeys (ConfUtils.java:logGet(43)) - raft.server.log.purge.gap = 1000000 (custom)
2019-10-21 07:26:37,131 [pool-37-thread-1] INFO  server.RaftServerConfigKeys (ConfUtils.java:logGet(43)) - raft.server.log.appender.buffer.byte-limit = 33554432 (custom)
2019-10-21 07:26:37,131 [pool-37-thread-1] INFO  server.RaftServerConfigKeys (ConfUtils.java:logGet(43)) - raft.server.log.segment.size.max = 1048576 (custom)
2019-10-21 07:26:37,131 [pool-37-thread-1] WARN  impl.MetricRegistriesImpl (MetricRegistriesImpl.java:lambda$create$1(61)) - First MetricRegistry has been created without registering reporters. You may need to call MetricRegistries.global().addReportRegistration(...) before.
2019-10-21 07:26:37,132 [pool-37-thread-1] INFO  server.RaftServerConfigKeys (ConfUtils.java:logGet(43)) - raft.server.log.segment.cache.num.max = 2 (custom)
2019-10-21 07:26:37,132 [pool-37-thread-1] INFO  segmented.SegmentedRaftLogWorker (SegmentedRaftLogWorker.java:<init>(173)) - new 410c3651-7e6c-4628-b738-2d58e573bf10@group-9464C011C833-SegmentedRaftLogWorker for RaftStorage:Storage Directory /workdir/hadoop-ozone/tools/target/test-dir/MiniOzoneClusterImpl-610dd82a-4248-4bb1-aa48-afd1fa3dcd62/datanode-1/data/ratis/400b8344-3a7e-4278-bbe9-9464c011c833
2019-10-21 07:26:37,132 [pool-37-thread-1] INFO  server.RaftServerConfigKeys (ConfUtils.java:logGet(43)) - raft.server.log.queue.byte-limit = 2147483647 (custom)
2019-10-21 07:26:37,132 [pool-37-thread-1] INFO  server.RaftServerConfigKeys (ConfUtils.java:logGet(43)) - raft.server.log.queue.element-limit = 1024 (custom)
2019-10-21 07:26:37,132 [pool-37-thread-1] INFO  server.RaftServerConfigKeys (ConfUtils.java:logGet(43)) - raft.server.log.segment.size.max = 1048576 (custom)
2019-10-21 07:26:37,133 [pool-37-thread-1] INFO  server.RaftServerConfigKeys (ConfUtils.java:logGet(43)) - raft.server.log.preallocated.size = 16384 (custom)
2019-10-21 07:26:37,133 [pool-37-thread-1] INFO  server.RaftServerConfigKeys (ConfUtils.java:logGet(43)) - raft.server.log.write.buffer.size = 33554432 (custom)
2019-10-21 07:26:37,133 [pool-37-thread-1] INFO  server.RaftServerConfigKeys (ConfUtils.java:logGet(43)) - raft.server.log.force.sync.num = 128 (default)
2019-10-21 07:26:37,133 [pool-37-thread-1] INFO  server.RaftServerConfigKeys (ConfUtils.java:logGet(43)) - raft.server.log.statemachine.data.sync = true (default)
2019-10-21 07:26:37,133 [pool-37-thread-1] INFO  server.RaftServerConfigKeys (ConfUtils.java:logGet(43)) - raft.server.log.statemachine.data.sync.timeout = 10s (default)
2019-10-21 07:26:37,133 [pool-37-thread-1] INFO  server.RaftServerConfigKeys (ConfUtils.java:logGet(43)) - raft.server.log.statemachine.data.sync.timeout.retry = -1 (default)
2019-10-21 07:26:37,134 [pool-37-thread-1] INFO  server.RaftServerConfigKeys (ConfUtils.java:logGet(43)) - raft.server.log.statemachine.data.caching.enabled = true (custom)
2019-10-21 07:26:37,135 [pool-37-thread-1] INFO  segmented.SegmentedRaftLogWorker (SegmentedRaftLogWorker.java:lambda$new$0(128)) - 410c3651-7e6c-4628-b738-2d58e573bf10@group-9464C011C833-SegmentedRaftLogWorker: flushIndex: setUnconditionally 0 -> -1
2019-10-21 07:26:37,136 [pool-37-thread-1] INFO  server.RaftServerConfigKeys (ConfUtils.java:logGet(43)) - raft.server.snapshot.auto.trigger.enabled = true (custom)
2019-10-21 07:26:37,136 [pool-37-thread-1] INFO  server.RaftServerConfigKeys (ConfUtils.java:logGet(43)) - raft.server.snapshot.auto.trigger.threshold = 10000 (custom)
2019-10-21 07:26:37,136 [pool-37-thread-1] INFO  server.RaftServerConfigKeys (ConfUtils.java:logGet(43)) - raft.server.snapshot.retention.file.num = 5 (custom)
2019-10-21 07:26:37,137 [pool-37-thread-1] INFO  server.RaftServerConfigKeys (ConfUtils.java:logGet(43)) - raft.server.retrycache.expirytime = 600000ms (custom)
2019-10-21 07:26:37,137 [pool-37-thread-1] WARN  impl.MetricRegistriesImpl (MetricRegistriesImpl.java:lambda$create$1(61)) - First MetricRegistry has been created without registering reporters. You may need to call MetricRegistries.global().addReportRegistration(...) before.
2019-10-21 07:26:37,137 [pool-37-thread-1] WARN  impl.MetricRegistriesImpl (MetricRegistriesImpl.java:lambda$create$1(61)) - First MetricRegistry has been created without registering reporters. You may need to call MetricRegistries.global().addReportRegistration(...) before.
2019-10-21 07:26:37,138 [pool-37-thread-1] INFO  impl.RaftServerImpl (RaftServerImpl.java:start(184)) - 410c3651-7e6c-4628-b738-2d58e573bf10@group-9464C011C833: start as a follower, conf=-1: [410c3651-7e6c-4628-b738-2d58e573bf10:192.168.34.63:44871], old=null
2019-10-21 07:26:37,138 [pool-37-thread-1] INFO  impl.RaftServerImpl (RaftServerImpl.java:setRole(173)) - 410c3651-7e6c-4628-b738-2d58e573bf10@group-9464C011C833: changes role from      null to FOLLOWER at term 0 for startAsFollower
2019-10-21 07:26:37,138 [pool-37-thread-1] INFO  impl.RoleInfo (RoleInfo.java:updateAndGet(143)) - 410c3651-7e6c-4628-b738-2d58e573bf10: start FollowerState
2019-10-21 07:26:37,139 [pool-37-thread-1] INFO  util.JmxRegister (JmxRegister.java:tryRegister(44)) - Successfully registered JMX Bean with object name Ratis:service=RaftServer,group=group-9464C011C833,id=410c3651-7e6c-4628-b738-2d58e573bf10
2019-10-21 07:26:37,139 [pool-37-thread-1] WARN  impl.MetricRegistriesImpl (MetricRegistriesImpl.java:lambda$create$1(61)) - First MetricRegistry has been created without registering reporters. You may need to call MetricRegistries.global().addReportRegistration(...) before.
2019-10-21 07:26:37,152 [RatisPipelineUtilsThread] INFO  pipeline.PipelineStateManager (PipelineStateManager.java:addPipeline(55)) - Created pipeline Pipeline[ Id: 400b8344-3a7e-4278-bbe9-9464c011c833, Nodes: 410c3651-7e6c-4628-b738-2d58e573bf10{ip: 192.168.34.63, host: pr-hdds-1868-wsm2n-11235469, networkLocation: /default-rack, certSerialId: null}, Type:RATIS, Factor:ONE, State:ALLOCATED]
2019-10-21 07:26:37,181 [grpc-default-executor-1] INFO  impl.RaftServerProxy (RaftServerProxy.java:addNew(89)) - c1f9ca04-e4fa-49b4-8989-251d8537c158: addNew group-0E8B609583D2:[410c3651-7e6c-4628-b738-2d58e573bf10:192.168.34.63:44871, 88702cd2-051c-4e7b-8bd3-dead2aa78a3f:192.168.34.63:40600, c1f9ca04-e4fa-49b4-8989-251d8537c158:192.168.34.63:42717] returns group-0E8B609583D2:java.util.concurrent.CompletableFuture@47eaec19[Not completed]
2019-10-21 07:26:37,181 [grpc-default-executor-2] INFO  impl.RaftServerProxy (RaftServerProxy.java:addNew(89)) - 410c3651-7e6c-4628-b738-2d58e573bf10: addNew group-0E8B609583D2:[410c3651-7e6c-4628-b738-2d58e573bf10:192.168.34.63:44871, 88702cd2-051c-4e7b-8bd3-dead2aa78a3f:192.168.34.63:40600, c1f9ca04-e4fa-49b4-8989-251d8537c158:192.168.34.63:42717] returns group-0E8B609583D2:java.util.concurrent.CompletableFuture@1b40336a[Not completed]
2019-10-21 07:26:37,184 [grpc-default-executor-2] INFO  impl.RaftServerProxy (RaftServerProxy.java:addNew(89)) - 88702cd2-051c-4e7b-8bd3-dead2aa78a3f: addNew group-0E8B609583D2:[410c3651-7e6c-4628-b738-2d58e573bf10:192.168.34.63:44871, 88702cd2-051c-4e7b-8bd3-dead2aa78a3f:192.168.34.63:40600, c1f9ca04-e4fa-49b4-8989-251d8537c158:192.168.34.63:42717] returns group-0E8B609583D2:java.util.concurrent.CompletableFuture@1f7fa4da[Not completed]
2019-10-21 07:26:37,185 [pool-37-thread-1] INFO  impl.RaftServerImpl (RaftServerImpl.java:<init>(98)) - 410c3651-7e6c-4628-b738-2d58e573bf10: new RaftServerImpl for group-0E8B609583D2:[410c3651-7e6c-4628-b738-2d58e573bf10:192.168.34.63:44871, 88702cd2-051c-4e7b-8bd3-dead2aa78a3f:192.168.34.63:40600, c1f9ca04-e4fa-49b4-8989-251d8537c158:192.168.34.63:42717] with ContainerStateMachine:uninitialized
2019-10-21 07:26:37,185 [pool-37-thread-1] INFO  server.RaftServerConfigKeys (ConfUtils.java:logGet(43)) - raft.server.rpc.timeout.min = 5s (custom)
2019-10-21 07:26:37,185 [pool-37-thread-1] INFO  server.RaftServerConfigKeys (ConfUtils.java:logGet(43)) - raft.server.rpc.timeout.max = 5200ms (custom)
2019-10-21 07:26:37,185 [pool-37-thread-1] INFO  server.RaftServerConfigKeys (ConfUtils.java:logGet(43)) - raft.server.rpcslowness.timeout = 120s (custom)
2019-10-21 07:26:37,185 [pool-37-thread-1] INFO  server.RaftServerConfigKeys (ConfUtils.java:logGet(43)) - raft.server.sleep.deviation.threshold = 300 (default)
2019-10-21 07:26:37,186 [pool-37-thread-1] INFO  server.RaftServerConfigKeys (ConfUtils.java:logGet(43)) - raft.server.log.appender.install.snapshot.enabled = false (custom)
2019-10-21 07:26:37,186 [pool-37-thread-1] INFO  impl.RaftServerImpl (ServerState.java:<init>(103)) - 410c3651-7e6c-4628-b738-2d58e573bf10@group-0E8B609583D2: ConfigurationManager, init=-1: [410c3651-7e6c-4628-b738-2d58e573bf10:192.168.34.63:44871, 88702cd2-051c-4e7b-8bd3-dead2aa78a3f:192.168.34.63:40600, c1f9ca04-e4fa-49b4-8989-251d8537c158:192.168.34.63:42717], old=null, confs=<EMPTY_MAP>
2019-10-21 07:26:37,186 [pool-37-thread-1] INFO  server.RaftServerConfigKeys (ConfUtils.java:logGet(43)) - raft.server.storage.dir = [/workdir/hadoop-ozone/tools/target/test-dir/MiniOzoneClusterImpl-610dd82a-4248-4bb1-aa48-afd1fa3dcd62/datanode-1/data/ratis] (custom)
2019-10-21 07:26:37,186 [pool-27-thread-1] INFO  impl.RaftServerImpl (RaftServerImpl.java:<init>(98)) - c1f9ca04-e4fa-49b4-8989-251d8537c158: new RaftServerImpl for group-0E8B609583D2:[410c3651-7e6c-4628-b738-2d58e573bf10:192.168.34.63:44871, 88702cd2-051c-4e7b-8bd3-dead2aa78a3f:192.168.34.63:40600, c1f9ca04-e4fa-49b4-8989-251d8537c158:192.168.34.63:42717] with ContainerStateMachine:uninitialized
2019-10-21 07:26:37,186 [pool-27-thread-1] INFO  server.RaftServerConfigKeys (ConfUtils.java:logGet(43)) - raft.server.rpc.timeout.min = 5s (custom)
2019-10-21 07:26:37,186 [pool-37-thread-1] INFO  server.RaftServerConfigKeys (ConfUtils.java:logGet(43)) - raft.server.log.corruption.policy = EXCEPTION (default)
2019-10-21 07:26:37,186 [pool-27-thread-1] INFO  server.RaftServerConfigKeys (ConfUtils.java:logGet(43)) - raft.server.rpc.timeout.max = 5200ms (custom)
2019-10-21 07:26:37,187 [pool-37-thread-1] INFO  storage.RaftStorageDirectory (RaftStorageDirectory.java:analyzeStorage(246)) - The storage directory /workdir/hadoop-ozone/tools/target/test-dir/MiniOzoneClusterImpl-610dd82a-4248-4bb1-aa48-afd1fa3dcd62/datanode-1/data/ratis/eeb21ada-efca-4094-a681-0e8b609583d2 does not exist. Creating ...
2019-10-21 07:26:37,187 [pool-27-thread-1] INFO  server.RaftServerConfigKeys (ConfUtils.java:logGet(43)) - raft.server.rpcslowness.timeout = 120s (custom)
2019-10-21 07:26:37,187 [pool-47-thread-1] INFO  impl.RaftServerImpl (RaftServerImpl.java:<init>(98)) - 88702cd2-051c-4e7b-8bd3-dead2aa78a3f: new RaftServerImpl for group-0E8B609583D2:[410c3651-7e6c-4628-b738-2d58e573bf10:192.168.34.63:44871, 88702cd2-051c-4e7b-8bd3-dead2aa78a3f:192.168.34.63:40600, c1f9ca04-e4fa-49b4-8989-251d8537c158:192.168.34.63:42717] with ContainerStateMachine:uninitialized
2019-10-21 07:26:37,187 [pool-27-thread-1] INFO  server.RaftServerConfigKeys (ConfUtils.java:logGet(43)) - raft.server.sleep.deviation.threshold = 300 (default)
2019-10-21 07:26:37,187 [pool-47-thread-1] INFO  server.RaftServerConfigKeys (ConfUtils.java:logGet(43)) - raft.server.rpc.timeout.min = 5s (custom)
2019-10-21 07:26:37,187 [pool-27-thread-1] INFO  server.RaftServerConfigKeys (ConfUtils.java:logGet(43)) - raft.server.log.appender.install.snapshot.enabled = false (custom)
2019-10-21 07:26:37,187 [pool-47-thread-1] INFO  server.RaftServerConfigKeys (ConfUtils.java:logGet(43)) - raft.server.rpc.timeout.max = 5200ms (custom)
2019-10-21 07:26:37,187 [pool-27-thread-1] INFO  impl.RaftServerImpl (ServerState.java:<init>(103)) - c1f9ca04-e4fa-49b4-8989-251d8537c158@group-0E8B609583D2: ConfigurationManager, init=-1: [410c3651-7e6c-4628-b738-2d58e573bf10:192.168.34.63:44871, 88702cd2-051c-4e7b-8bd3-dead2aa78a3f:192.168.34.63:40600, c1f9ca04-e4fa-49b4-8989-251d8537c158:192.168.34.63:42717], old=null, confs=<EMPTY_MAP>
2019-10-21 07:26:37,188 [pool-47-thread-1] INFO  server.RaftServerConfigKeys (ConfUtils.java:logGet(43)) - raft.server.rpcslowness.timeout = 120s (custom)
2019-10-21 07:26:37,188 [pool-27-thread-1] INFO  server.RaftServerConfigKeys (ConfUtils.java:logGet(43)) - raft.server.storage.dir = [/workdir/hadoop-ozone/tools/target/test-dir/MiniOzoneClusterImpl-610dd82a-4248-4bb1-aa48-afd1fa3dcd62/datanode-0/data/ratis] (custom)
2019-10-21 07:26:37,188 [pool-47-thread-1] INFO  server.RaftServerConfigKeys (ConfUtils.java:logGet(43)) - raft.server.sleep.deviation.threshold = 300 (default)
2019-10-21 07:26:37,188 [pool-47-thread-1] INFO  server.RaftServerConfigKeys (ConfUtils.java:logGet(43)) - raft.server.log.appender.install.snapshot.enabled = false (custom)
2019-10-21 07:26:37,188 [pool-27-thread-1] INFO  server.RaftServerConfigKeys (ConfUtils.java:logGet(43)) - raft.server.log.corruption.policy = EXCEPTION (default)
2019-10-21 07:26:37,188 [pool-47-thread-1] INFO  impl.RaftServerImpl (ServerState.java:<init>(103)) - 88702cd2-051c-4e7b-8bd3-dead2aa78a3f@group-0E8B609583D2: ConfigurationManager, init=-1: [410c3651-7e6c-4628-b738-2d58e573bf10:192.168.34.63:44871, 88702cd2-051c-4e7b-8bd3-dead2aa78a3f:192.168.34.63:40600, c1f9ca04-e4fa-49b4-8989-251d8537c158:192.168.34.63:42717], old=null, confs=<EMPTY_MAP>
2019-10-21 07:26:37,188 [pool-27-thread-1] INFO  storage.RaftStorageDirectory (RaftStorageDirectory.java:analyzeStorage(246)) - The storage directory /workdir/hadoop-ozone/tools/target/test-dir/MiniOzoneClusterImpl-610dd82a-4248-4bb1-aa48-afd1fa3dcd62/datanode-0/data/ratis/eeb21ada-efca-4094-a681-0e8b609583d2 does not exist. Creating ...
2019-10-21 07:26:37,188 [pool-47-thread-1] INFO  server.RaftServerConfigKeys (ConfUtils.java:logGet(43)) - raft.server.storage.dir = [/workdir/hadoop-ozone/tools/target/test-dir/MiniOzoneClusterImpl-610dd82a-4248-4bb1-aa48-afd1fa3dcd62/datanode-2/data/ratis] (custom)
2019-10-21 07:26:37,189 [pool-47-thread-1] INFO  server.RaftServerConfigKeys (ConfUtils.java:logGet(43)) - raft.server.log.corruption.policy = EXCEPTION (default)
2019-10-21 07:26:37,189 [pool-47-thread-1] INFO  storage.RaftStorageDirectory (RaftStorageDirectory.java:analyzeStorage(246)) - The storage directory /workdir/hadoop-ozone/tools/target/test-dir/MiniOzoneClusterImpl-610dd82a-4248-4bb1-aa48-afd1fa3dcd62/datanode-2/data/ratis/eeb21ada-efca-4094-a681-0e8b609583d2 does not exist. Creating ...
2019-10-21 07:26:37,190 [pool-37-thread-1] INFO  storage.RaftStorageDirectory (RaftStorageDirectory.java:tryLock(328)) - Lock on /workdir/hadoop-ozone/tools/target/test-dir/MiniOzoneClusterImpl-610dd82a-4248-4bb1-aa48-afd1fa3dcd62/datanode-1/data/ratis/eeb21ada-efca-4094-a681-0e8b609583d2/in_use.lock acquired by nodename 1988@pr-hdds-1868-wsm2n-11235469
2019-10-21 07:26:37,193 [pool-47-thread-1] INFO  storage.RaftStorageDirectory (RaftStorageDirectory.java:tryLock(328)) - Lock on /workdir/hadoop-ozone/tools/target/test-dir/MiniOzoneClusterImpl-610dd82a-4248-4bb1-aa48-afd1fa3dcd62/datanode-2/data/ratis/eeb21ada-efca-4094-a681-0e8b609583d2/in_use.lock acquired by nodename 1988@pr-hdds-1868-wsm2n-11235469
2019-10-21 07:26:37,193 [pool-27-thread-1] INFO  storage.RaftStorageDirectory (RaftStorageDirectory.java:tryLock(328)) - Lock on /workdir/hadoop-ozone/tools/target/test-dir/MiniOzoneClusterImpl-610dd82a-4248-4bb1-aa48-afd1fa3dcd62/datanode-0/data/ratis/eeb21ada-efca-4094-a681-0e8b609583d2/in_use.lock acquired by nodename 1988@pr-hdds-1868-wsm2n-11235469
2019-10-21 07:26:37,199 [pool-37-thread-1] INFO  storage.RaftStorage (RaftStorage.java:format(84)) - Storage directory /workdir/hadoop-ozone/tools/target/test-dir/MiniOzoneClusterImpl-610dd82a-4248-4bb1-aa48-afd1fa3dcd62/datanode-1/data/ratis/eeb21ada-efca-4094-a681-0e8b609583d2 has been successfully formatted.
2019-10-21 07:26:37,199 [pool-37-thread-1] INFO  ratis.ContainerStateMachine (ContainerStateMachine.java:loadSnapshot(233)) - group-0E8B609583D2: The snapshot info is null. Setting the last applied indexto:(t:0, i:~)
2019-10-21 07:26:37,200 [pool-37-thread-1] INFO  server.RaftServerConfigKeys (ConfUtils.java:logGet(43)) - raft.server.notification.no-leader.timeout = 120s (custom)
2019-10-21 07:26:37,200 [pool-37-thread-1] INFO  server.RaftServerConfigKeys (ConfUtils.java:logGet(43)) - raft.server.log.use.memory = false (default)
2019-10-21 07:26:37,200 [pool-47-thread-1] INFO  storage.RaftStorage (RaftStorage.java:format(84)) - Storage directory /workdir/hadoop-ozone/tools/target/test-dir/MiniOzoneClusterImpl-610dd82a-4248-4bb1-aa48-afd1fa3dcd62/datanode-2/data/ratis/eeb21ada-efca-4094-a681-0e8b609583d2 has been successfully formatted.
2019-10-21 07:26:37,200 [pool-37-thread-1] INFO  server.RaftServerConfigKeys (ConfUtils.java:logGet(43)) - raft.server.log.purge.gap = 1000000 (custom)
2019-10-21 07:26:37,200 [pool-47-thread-1] INFO  ratis.ContainerStateMachine (ContainerStateMachine.java:loadSnapshot(233)) - group-0E8B609583D2: The snapshot info is null. Setting the last applied indexto:(t:0, i:~)
2019-10-21 07:26:37,200 [pool-37-thread-1] INFO  server.RaftServerConfigKeys (ConfUtils.java:logGet(43)) - raft.server.log.appender.buffer.byte-limit = 33554432 (custom)
2019-10-21 07:26:37,200 [pool-47-thread-1] INFO  server.RaftServerConfigKeys (ConfUtils.java:logGet(43)) - raft.server.notification.no-leader.timeout = 120s (custom)
2019-10-21 07:26:37,200 [pool-37-thread-1] INFO  server.RaftServerConfigKeys (ConfUtils.java:logGet(43)) - raft.server.log.segment.size.max = 1048576 (custom)
2019-10-21 07:26:37,201 [pool-47-thread-1] INFO  server.RaftServerConfigKeys (ConfUtils.java:logGet(43)) - raft.server.log.use.memory = false (default)
2019-10-21 07:26:37,201 [pool-37-thread-1] INFO  server.RaftServerConfigKeys (ConfUtils.java:logGet(43)) - raft.server.log.segment.cache.num.max = 2 (custom)
2019-10-21 07:26:37,201 [pool-27-thread-1] INFO  storage.RaftStorage (RaftStorage.java:format(84)) - Storage directory /workdir/hadoop-ozone/tools/target/test-dir/MiniOzoneClusterImpl-610dd82a-4248-4bb1-aa48-afd1fa3dcd62/datanode-0/data/ratis/eeb21ada-efca-4094-a681-0e8b609583d2 has been successfully formatted.
2019-10-21 07:26:37,201 [pool-37-thread-1] INFO  segmented.SegmentedRaftLogWorker (SegmentedRaftLogWorker.java:<init>(173)) - new 410c3651-7e6c-4628-b738-2d58e573bf10@group-0E8B609583D2-SegmentedRaftLogWorker for RaftStorage:Storage Directory /workdir/hadoop-ozone/tools/target/test-dir/MiniOzoneClusterImpl-610dd82a-4248-4bb1-aa48-afd1fa3dcd62/datanode-1/data/ratis/eeb21ada-efca-4094-a681-0e8b609583d2
2019-10-21 07:26:37,201 [pool-47-thread-1] INFO  server.RaftServerConfigKeys (ConfUtils.java:logGet(43)) - raft.server.log.purge.gap = 1000000 (custom)
2019-10-21 07:26:37,201 [pool-37-thread-1] INFO  server.RaftServerConfigKeys (ConfUtils.java:logGet(43)) - raft.server.log.queue.byte-limit = 2147483647 (custom)
2019-10-21 07:26:37,201 [pool-47-thread-1] INFO  server.RaftServerConfigKeys (ConfUtils.java:logGet(43)) - raft.server.log.appender.buffer.byte-limit = 33554432 (custom)
2019-10-21 07:26:37,201 [pool-27-thread-1] INFO  ratis.ContainerStateMachine (ContainerStateMachine.java:loadSnapshot(233)) - group-0E8B609583D2: The snapshot info is null. Setting the last applied indexto:(t:0, i:~)
2019-10-21 07:26:37,201 [pool-47-thread-1] INFO  server.RaftServerConfigKeys (ConfUtils.java:logGet(43)) - raft.server.log.segment.size.max = 1048576 (custom)
2019-10-21 07:26:37,201 [pool-37-thread-1] INFO  server.RaftServerConfigKeys (ConfUtils.java:logGet(43)) - raft.server.log.queue.element-limit = 1024 (custom)
2019-10-21 07:26:37,202 [pool-47-thread-1] INFO  server.RaftServerConfigKeys (ConfUtils.java:logGet(43)) - raft.server.log.segment.cache.num.max = 2 (custom)
2019-10-21 07:26:37,202 [pool-27-thread-1] INFO  server.RaftServerConfigKeys (ConfUtils.java:logGet(43)) - raft.server.notification.no-leader.timeout = 120s (custom)
2019-10-21 07:26:37,202 [pool-47-thread-1] INFO  segmented.SegmentedRaftLogWorker (SegmentedRaftLogWorker.java:<init>(173)) - new 88702cd2-051c-4e7b-8bd3-dead2aa78a3f@group-0E8B609583D2-SegmentedRaftLogWorker for RaftStorage:Storage Directory /workdir/hadoop-ozone/tools/target/test-dir/MiniOzoneClusterImpl-610dd82a-4248-4bb1-aa48-afd1fa3dcd62/datanode-2/data/ratis/eeb21ada-efca-4094-a681-0e8b609583d2
2019-10-21 07:26:37,202 [pool-37-thread-1] INFO  server.RaftServerConfigKeys (ConfUtils.java:logGet(43)) - raft.server.log.segment.size.max = 1048576 (custom)
2019-10-21 07:26:37,202 [pool-47-thread-1] INFO  server.RaftServerConfigKeys (ConfUtils.java:logGet(43)) - raft.server.log.queue.byte-limit = 2147483647 (custom)
2019-10-21 07:26:37,202 [pool-27-thread-1] INFO  server.RaftServerConfigKeys (ConfUtils.java:logGet(43)) - raft.server.log.use.memory = false (default)
2019-10-21 07:26:37,202 [pool-47-thread-1] INFO  server.RaftServerConfigKeys (ConfUtils.java:logGet(43)) - raft.server.log.queue.element-limit = 1024 (custom)
2019-10-21 07:26:37,202 [pool-37-thread-1] INFO  server.RaftServerConfigKeys (ConfUtils.java:logGet(43)) - raft.server.log.preallocated.size = 16384 (custom)
2019-10-21 07:26:37,203 [pool-47-thread-1] INFO  server.RaftServerConfigKeys (ConfUtils.java:logGet(43)) - raft.server.log.segment.size.max = 1048576 (custom)
2019-10-21 07:26:37,203 [pool-27-thread-1] INFO  server.RaftServerConfigKeys (ConfUtils.java:logGet(43)) - raft.server.log.purge.gap = 1000000 (custom)
2019-10-21 07:26:37,203 [pool-47-thread-1] INFO  server.RaftServerConfigKeys (ConfUtils.java:logGet(43)) - raft.server.log.preallocated.size = 16384 (custom)
2019-10-21 07:26:37,203 [pool-37-thread-1] INFO  server.RaftServerConfigKeys (ConfUtils.java:logGet(43)) - raft.server.log.write.buffer.size = 33554432 (custom)
2019-10-21 07:26:37,203 [pool-47-thread-1] INFO  server.RaftServerConfigKeys (ConfUtils.java:logGet(43)) - raft.server.log.write.buffer.size = 33554432 (custom)
2019-10-21 07:26:37,203 [pool-27-thread-1] INFO  server.RaftServerConfigKeys (ConfUtils.java:logGet(43)) - raft.server.log.appender.buffer.byte-limit = 33554432 (custom)
2019-10-21 07:26:37,203 [pool-47-thread-1] INFO  server.RaftServerConfigKeys (ConfUtils.java:logGet(43)) - raft.server.log.force.sync.num = 128 (default)
2019-10-21 07:26:37,203 [pool-37-thread-1] INFO  server.RaftServerConfigKeys (ConfUtils.java:logGet(43)) - raft.server.log.force.sync.num = 128 (default)
2019-10-21 07:26:37,204 [pool-47-thread-1] INFO  server.RaftServerConfigKeys (ConfUtils.java:logGet(43)) - raft.server.log.statemachine.data.sync = true (default)
2019-10-21 07:26:37,204 [pool-27-thread-1] INFO  server.RaftServerConfigKeys (ConfUtils.java:logGet(43)) - raft.server.log.segment.size.max = 1048576 (custom)
2019-10-21 07:26:37,204 [pool-47-thread-1] INFO  server.RaftServerConfigKeys (ConfUtils.java:logGet(43)) - raft.server.log.statemachine.data.sync.timeout = 10s (default)
2019-10-21 07:26:37,204 [pool-37-thread-1] INFO  server.RaftServerConfigKeys (ConfUtils.java:logGet(43)) - raft.server.log.statemachine.data.sync = true (default)
2019-10-21 07:26:37,204 [pool-47-thread-1] INFO  server.RaftServerConfigKeys (ConfUtils.java:logGet(43)) - raft.server.log.statemachine.data.sync.timeout.retry = -1 (default)
2019-10-21 07:26:37,204 [pool-27-thread-1] INFO  server.RaftServerConfigKeys (ConfUtils.java:logGet(43)) - raft.server.log.segment.cache.num.max = 2 (custom)
2019-10-21 07:26:37,204 [pool-37-thread-1] INFO  server.RaftServerConfigKeys (ConfUtils.java:logGet(43)) - raft.server.log.statemachine.data.sync.timeout = 10s (default)
2019-10-21 07:26:37,204 [pool-27-thread-1] INFO  segmented.SegmentedRaftLogWorker (SegmentedRaftLogWorker.java:<init>(173)) - new c1f9ca04-e4fa-49b4-8989-251d8537c158@group-0E8B609583D2-SegmentedRaftLogWorker for RaftStorage:Storage Directory /workdir/hadoop-ozone/tools/target/test-dir/MiniOzoneClusterImpl-610dd82a-4248-4bb1-aa48-afd1fa3dcd62/datanode-0/data/ratis/eeb21ada-efca-4094-a681-0e8b609583d2
2019-10-21 07:26:37,204 [pool-47-thread-1] INFO  server.RaftServerConfigKeys (ConfUtils.java:logGet(43)) - raft.server.log.statemachine.data.caching.enabled = true (custom)
2019-10-21 07:26:37,205 [pool-27-thread-1] INFO  server.RaftServerConfigKeys (ConfUtils.java:logGet(43)) - raft.server.log.queue.byte-limit = 2147483647 (custom)
2019-10-21 07:26:37,204 [pool-37-thread-1] INFO  server.RaftServerConfigKeys (ConfUtils.java:logGet(43)) - raft.server.log.statemachine.data.sync.timeout.retry = -1 (default)
2019-10-21 07:26:37,205 [pool-27-thread-1] INFO  server.RaftServerConfigKeys (ConfUtils.java:logGet(43)) - raft.server.log.queue.element-limit = 1024 (custom)
2019-10-21 07:26:37,205 [pool-37-thread-1] INFO  server.RaftServerConfigKeys (ConfUtils.java:logGet(43)) - raft.server.log.statemachine.data.caching.enabled = true (custom)
2019-10-21 07:26:37,205 [pool-27-thread-1] INFO  server.RaftServerConfigKeys (ConfUtils.java:logGet(43)) - raft.server.log.segment.size.max = 1048576 (custom)
2019-10-21 07:26:37,205 [pool-47-thread-1] INFO  segmented.SegmentedRaftLogWorker (SegmentedRaftLogWorker.java:lambda$new$0(128)) - 88702cd2-051c-4e7b-8bd3-dead2aa78a3f@group-0E8B609583D2-SegmentedRaftLogWorker: flushIndex: setUnconditionally 0 -> -1
2019-10-21 07:26:37,205 [pool-27-thread-1] INFO  server.RaftServerConfigKeys (ConfUtils.java:logGet(43)) - raft.server.log.preallocated.size = 16384 (custom)
2019-10-21 07:26:37,205 [pool-37-thread-1] INFO  segmented.SegmentedRaftLogWorker (SegmentedRaftLogWorker.java:lambda$new$0(128)) - 410c3651-7e6c-4628-b738-2d58e573bf10@group-0E8B609583D2-SegmentedRaftLogWorker: flushIndex: setUnconditionally 0 -> -1
2019-10-21 07:26:37,206 [pool-27-thread-1] INFO  server.RaftServerConfigKeys (ConfUtils.java:logGet(43)) - raft.server.log.write.buffer.size = 33554432 (custom)
2019-10-21 07:26:37,206 [pool-47-thread-1] INFO  server.RaftServerConfigKeys (ConfUtils.java:logGet(43)) - raft.server.snapshot.auto.trigger.enabled = true (custom)
2019-10-21 07:26:37,206 [pool-27-thread-1] INFO  server.RaftServerConfigKeys (ConfUtils.java:logGet(43)) - raft.server.log.force.sync.num = 128 (default)
2019-10-21 07:26:37,206 [pool-37-thread-1] INFO  server.RaftServerConfigKeys (ConfUtils.java:logGet(43)) - raft.server.snapshot.auto.trigger.enabled = true (custom)
2019-10-21 07:26:37,206 [pool-27-thread-1] INFO  server.RaftServerConfigKeys (ConfUtils.java:logGet(43)) - raft.server.log.statemachine.data.sync = true (default)
2019-10-21 07:26:37,206 [pool-47-thread-1] INFO  server.RaftServerConfigKeys (ConfUtils.java:logGet(43)) - raft.server.snapshot.auto.trigger.threshold = 10000 (custom)
2019-10-21 07:26:37,206 [pool-27-thread-1] INFO  server.RaftServerConfigKeys (ConfUtils.java:logGet(43)) - raft.server.log.statemachine.data.sync.timeout = 10s (default)
2019-10-21 07:26:37,206 [pool-37-thread-1] INFO  server.RaftServerConfigKeys (ConfUtils.java:logGet(43)) - raft.server.snapshot.auto.trigger.threshold = 10000 (custom)
2019-10-21 07:26:37,206 [pool-27-thread-1] INFO  server.RaftServerConfigKeys (ConfUtils.java:logGet(43)) - raft.server.log.statemachine.data.sync.timeout.retry = -1 (default)
2019-10-21 07:26:37,206 [pool-47-thread-1] INFO  server.RaftServerConfigKeys (ConfUtils.java:logGet(43)) - raft.server.snapshot.retention.file.num = 5 (custom)
2019-10-21 07:26:37,207 [pool-37-thread-1] INFO  server.RaftServerConfigKeys (ConfUtils.java:logGet(43)) - raft.server.snapshot.retention.file.num = 5 (custom)
2019-10-21 07:26:37,207 [pool-27-thread-1] INFO  server.RaftServerConfigKeys (ConfUtils.java:logGet(43)) - raft.server.log.statemachine.data.caching.enabled = true (custom)
2019-10-21 07:26:37,207 [pool-37-thread-1] INFO  server.RaftServerConfigKeys (ConfUtils.java:logGet(43)) - raft.server.retrycache.expirytime = 600000ms (custom)
2019-10-21 07:26:37,207 [pool-47-thread-1] INFO  server.RaftServerConfigKeys (ConfUtils.java:logGet(43)) - raft.server.retrycache.expirytime = 600000ms (custom)
2019-10-21 07:26:37,207 [pool-37-thread-1] WARN  impl.MetricRegistriesImpl (MetricRegistriesImpl.java:lambda$create$1(61)) - First MetricRegistry has been created without registering reporters. You may need to call MetricRegistries.global().addReportRegistration(...) before.
2019-10-21 07:26:37,207 [pool-27-thread-1] INFO  segmented.SegmentedRaftLogWorker (SegmentedRaftLogWorker.java:lambda$new$0(128)) - c1f9ca04-e4fa-49b4-8989-251d8537c158@group-0E8B609583D2-SegmentedRaftLogWorker: flushIndex: setUnconditionally 0 -> -1
2019-10-21 07:26:37,207 [pool-47-thread-1] WARN  impl.MetricRegistriesImpl (MetricRegistriesImpl.java:lambda$create$1(61)) - First MetricRegistry has been created without registering reporters. You may need to call MetricRegistries.global().addReportRegistration(...) before.
2019-10-21 07:26:37,207 [pool-37-thread-1] WARN  impl.MetricRegistriesImpl (MetricRegistriesImpl.java:lambda$create$1(61)) - First MetricRegistry has been created without registering reporters. You may need to call MetricRegistries.global().addReportRegistration(...) before.
2019-10-21 07:26:37,208 [pool-27-thread-1] INFO  server.RaftServerConfigKeys (ConfUtils.java:logGet(43)) - raft.server.snapshot.auto.trigger.enabled = true (custom)
2019-10-21 07:26:37,208 [pool-47-thread-1] WARN  impl.MetricRegistriesImpl (MetricRegistriesImpl.java:lambda$create$1(61)) - First MetricRegistry has been created without registering reporters. You may need to call MetricRegistries.global().addReportRegistration(...) before.
2019-10-21 07:26:37,208 [pool-27-thread-1] INFO  server.RaftServerConfigKeys (ConfUtils.java:logGet(43)) - raft.server.snapshot.auto.trigger.threshold = 10000 (custom)
2019-10-21 07:26:37,208 [pool-37-thread-1] INFO  impl.RaftServerImpl (RaftServerImpl.java:start(184)) - 410c3651-7e6c-4628-b738-2d58e573bf10@group-0E8B609583D2: start as a follower, conf=-1: [410c3651-7e6c-4628-b738-2d58e573bf10:192.168.34.63:44871, 88702cd2-051c-4e7b-8bd3-dead2aa78a3f:192.168.34.63:40600, c1f9ca04-e4fa-49b4-8989-251d8537c158:192.168.34.63:42717], old=null
2019-10-21 07:26:37,208 [pool-27-thread-1] INFO  server.RaftServerConfigKeys (ConfUtils.java:logGet(43)) - raft.server.snapshot.retention.file.num = 5 (custom)
2019-10-21 07:26:37,208 [pool-47-thread-1] INFO  impl.RaftServerImpl (RaftServerImpl.java:start(184)) - 88702cd2-051c-4e7b-8bd3-dead2aa78a3f@group-0E8B609583D2: start as a follower, conf=-1: [410c3651-7e6c-4628-b738-2d58e573bf10:192.168.34.63:44871, 88702cd2-051c-4e7b-8bd3-dead2aa78a3f:192.168.34.63:40600, c1f9ca04-e4fa-49b4-8989-251d8537c158:192.168.34.63:42717], old=null
2019-10-21 07:26:37,208 [pool-37-thread-1] INFO  impl.RaftServerImpl (RaftServerImpl.java:setRole(173)) - 410c3651-7e6c-4628-b738-2d58e573bf10@group-0E8B609583D2: changes role from      null to FOLLOWER at term 0 for startAsFollower
2019-10-21 07:26:37,208 [pool-27-thread-1] INFO  server.RaftServerConfigKeys (ConfUtils.java:logGet(43)) - raft.server.retrycache.expirytime = 600000ms (custom)
2019-10-21 07:26:37,208 [pool-47-thread-1] INFO  impl.RaftServerImpl (RaftServerImpl.java:setRole(173)) - 88702cd2-051c-4e7b-8bd3-dead2aa78a3f@group-0E8B609583D2: changes role from      null to FOLLOWER at term 0 for startAsFollower
2019-10-21 07:26:37,209 [pool-27-thread-1] WARN  impl.MetricRegistriesImpl (MetricRegistriesImpl.java:lambda$create$1(61)) - First MetricRegistry has been created without registering reporters. You may need to call MetricRegistries.global().addReportRegistration(...) before.
2019-10-21 07:26:37,208 [pool-37-thread-1] INFO  impl.RoleInfo (RoleInfo.java:updateAndGet(143)) - 410c3651-7e6c-4628-b738-2d58e573bf10: start FollowerState
2019-10-21 07:26:37,209 [pool-27-thread-1] WARN  impl.MetricRegistriesImpl (MetricRegistriesImpl.java:lambda$create$1(61)) - First MetricRegistry has been created without registering reporters. You may need to call MetricRegistries.global().addReportRegistration(...) before.
2019-10-21 07:26:37,209 [pool-47-thread-1] INFO  impl.RoleInfo (RoleInfo.java:updateAndGet(143)) - 88702cd2-051c-4e7b-8bd3-dead2aa78a3f: start FollowerState
2019-10-21 07:26:37,209 [pool-27-thread-1] INFO  impl.RaftServerImpl (RaftServerImpl.java:start(184)) - c1f9ca04-e4fa-49b4-8989-251d8537c158@group-0E8B609583D2: start as a follower, conf=-1: [410c3651-7e6c-4628-b738-2d58e573bf10:192.168.34.63:44871, 88702cd2-051c-4e7b-8bd3-dead2aa78a3f:192.168.34.63:40600, c1f9ca04-e4fa-49b4-8989-251d8537c158:192.168.34.63:42717], old=null
2019-10-21 07:26:37,209 [pool-37-thread-1] INFO  util.JmxRegister (JmxRegister.java:tryRegister(44)) - Successfully registered JMX Bean with object name Ratis:service=RaftServer,group=group-0E8B609583D2,id=410c3651-7e6c-4628-b738-2d58e573bf10
2019-10-21 07:26:37,209 [pool-27-thread-1] INFO  impl.RaftServerImpl (RaftServerImpl.java:setRole(173)) - c1f9ca04-e4fa-49b4-8989-251d8537c158@group-0E8B609583D2: changes role from      null to FOLLOWER at term 0 for startAsFollower
2019-10-21 07:26:37,209 [pool-47-thread-1] INFO  util.JmxRegister (JmxRegister.java:tryRegister(44)) - Successfully registered JMX Bean with object name Ratis:service=RaftServer,group=group-0E8B609583D2,id=88702cd2-051c-4e7b-8bd3-dead2aa78a3f
2019-10-21 07:26:37,209 [pool-37-thread-1] WARN  impl.MetricRegistriesImpl (MetricRegistriesImpl.java:lambda$create$1(61)) - First MetricRegistry has been created without registering reporters. You may need to call MetricRegistries.global().addReportRegistration(...) before.
2019-10-21 07:26:37,209 [pool-27-thread-1] INFO  impl.RoleInfo (RoleInfo.java:updateAndGet(143)) - c1f9ca04-e4fa-49b4-8989-251d8537c158: start FollowerState
2019-10-21 07:26:37,209 [pool-47-thread-1] WARN  impl.MetricRegistriesImpl (MetricRegistriesImpl.java:lambda$create$1(61)) - First MetricRegistry has been created without registering reporters. You may need to call MetricRegistries.global().addReportRegistration(...) before.
2019-10-21 07:26:37,210 [pool-27-thread-1] INFO  util.JmxRegister (JmxRegister.java:tryRegister(44)) - Successfully registered JMX Bean with object name Ratis:service=RaftServer,group=group-0E8B609583D2,id=c1f9ca04-e4fa-49b4-8989-251d8537c158
2019-10-21 07:26:37,210 [pool-27-thread-1] WARN  impl.MetricRegistriesImpl (MetricRegistriesImpl.java:lambda$create$1(61)) - First MetricRegistry has been created without registering reporters. You may need to call MetricRegistries.global().addReportRegistration(...) before.
2019-10-21 07:26:37,225 [RatisPipelineUtilsThread] INFO  pipeline.PipelineStateManager (PipelineStateManager.java:addPipeline(55)) - Created pipeline Pipeline[ Id: eeb21ada-efca-4094-a681-0e8b609583d2, Nodes: 88702cd2-051c-4e7b-8bd3-dead2aa78a3f{ip: 192.168.34.63, host: pr-hdds-1868-wsm2n-11235469, networkLocation: /default-rack, certSerialId: null}c1f9ca04-e4fa-49b4-8989-251d8537c158{ip: 192.168.34.63, host: pr-hdds-1868-wsm2n-11235469, networkLocation: /default-rack, certSerialId: null}410c3651-7e6c-4628-b738-2d58e573bf10{ip: 192.168.34.63, host: pr-hdds-1868-wsm2n-11235469, networkLocation: /default-rack, certSerialId: null}, Type:RATIS, Factor:THREE, State:ALLOCATED]
2019-10-21 07:26:37,228 [main] INFO  ozone.MiniOzoneClusterImpl (MiniOzoneClusterImpl.java:lambda$waitForClusterToBeReady$2(162)) - Waiting for 4 number of pipelines out of 4, to report a leader.
2019-10-21 07:26:38,229 [main] INFO  ozone.MiniOzoneClusterImpl (MiniOzoneClusterImpl.java:lambda$waitForClusterToBeReady$2(162)) - Waiting for 4 number of pipelines out of 4, to report a leader.
2019-10-21 07:26:39,229 [main] INFO  ozone.MiniOzoneClusterImpl (MiniOzoneClusterImpl.java:lambda$waitForClusterToBeReady$2(162)) - Waiting for 4 number of pipelines out of 4, to report a leader.
2019-10-21 07:26:39,296 [Thread-178] INFO  container.ReplicationManager (ReplicationManager.java:start(162)) - Starting Replication Monitor Thread.
2019-10-21 07:26:39,298 [Thread-178] INFO  pipeline.SCMPipelineManager (SCMPipelineManager.java:finalizeAndDestroyPipeline(316)) - destroying pipeline:Pipeline[ Id: 6c5b958d-bfa4-428b-86c6-f63009f3820c, Nodes: c1f9ca04-e4fa-49b4-8989-251d8537c158{ip: 192.168.34.63, host: pr-hdds-1868-wsm2n-11235469, networkLocation: /default-rack, certSerialId: null}, Type:RATIS, Factor:ONE, State:ALLOCATED]
2019-10-21 07:26:39,298 [ReplicationMonitor] INFO  container.ReplicationManager (ReplicationManager.java:run(225)) - Replication Monitor Thread took 1 milliseconds for processing 0 containers.
2019-10-21 07:26:39,299 [Thread-178] INFO  pipeline.PipelineStateManager (PipelineStateManager.java:finalizePipeline(121)) - Pipeline Pipeline[ Id: 6c5b958d-bfa4-428b-86c6-f63009f3820c, Nodes: c1f9ca04-e4fa-49b4-8989-251d8537c158{ip: 192.168.34.63, host: pr-hdds-1868-wsm2n-11235469, networkLocation: /default-rack, certSerialId: null}, Type:RATIS, Factor:ONE, State:CLOSED] moved to CLOSED state
2019-10-21 07:26:39,326 [grpc-default-executor-1] INFO  impl.RaftServerProxy (RaftServerProxy.java:remove(95)) - c1f9ca04-e4fa-49b4-8989-251d8537c158: remove  FOLLOWER c1f9ca04-e4fa-49b4-8989-251d8537c158@group-F63009F3820C:t0, leader=null, voted=null, raftlog=c1f9ca04-e4fa-49b4-8989-251d8537c158@group-F63009F3820C-SegmentedRaftLog:OPENED:c-1,f-1,i0, conf=-1: [c1f9ca04-e4fa-49b4-8989-251d8537c158:192.168.34.63:42717], old=null RUNNING
2019-10-21 07:26:39,328 [grpc-default-executor-1] INFO  impl.RaftServerImpl (RaftServerImpl.java:lambda$shutdown$3(250)) - c1f9ca04-e4fa-49b4-8989-251d8537c158@group-F63009F3820C: shutdown
2019-10-21 07:26:39,329 [grpc-default-executor-1] INFO  util.JmxRegister (JmxRegister.java:unregister(73)) - Successfully un-registered JMX Bean with object name Ratis:service=RaftServer,group=group-F63009F3820C,id=c1f9ca04-e4fa-49b4-8989-251d8537c158
2019-10-21 07:26:39,329 [grpc-default-executor-1] INFO  impl.RoleInfo (RoleInfo.java:shutdownFollowerState(121)) - c1f9ca04-e4fa-49b4-8989-251d8537c158: shutdown FollowerState
2019-10-21 07:26:39,329 [grpc-default-executor-1] INFO  impl.StateMachineUpdater (StateMachineUpdater.java:stopAndJoin(136)) - c1f9ca04-e4fa-49b4-8989-251d8537c158@group-F63009F3820C-StateMachineUpdater: set stopIndex = -1
2019-10-21 07:26:39,329 [Thread-180] INFO  impl.FollowerState (FollowerState.java:run(120)) - c1f9ca04-e4fa-49b4-8989-251d8537c158@group-F63009F3820C-FollowerState was interrupted: java.lang.InterruptedException: sleep interrupted
2019-10-21 07:26:39,331 [grpc-default-executor-1] INFO  impl.RaftServerImpl (ServerState.java:close(387)) - c1f9ca04-e4fa-49b4-8989-251d8537c158@group-F63009F3820C: closes. applyIndex: -1
2019-10-21 07:26:39,335 [c1f9ca04-e4fa-49b4-8989-251d8537c158@group-F63009F3820C-SegmentedRaftLogWorker] INFO  segmented.SegmentedRaftLogWorker (SegmentedRaftLogWorker.java:run(316)) - c1f9ca04-e4fa-49b4-8989-251d8537c158@group-F63009F3820C-SegmentedRaftLogWorker was interrupted, exiting. There are 0 tasks remaining in the queue.
2019-10-21 07:26:39,336 [grpc-default-executor-1] INFO  segmented.SegmentedRaftLogWorker (SegmentedRaftLogWorker.java:close(224)) - c1f9ca04-e4fa-49b4-8989-251d8537c158@group-F63009F3820C-SegmentedRaftLogWorker close()
2019-10-21 07:26:39,349 [Thread-178] INFO  pipeline.PipelineStateManager (PipelineStateManager.java:removePipeline(106)) - Pipeline Pipeline[ Id: 6c5b958d-bfa4-428b-86c6-f63009f3820c, Nodes: c1f9ca04-e4fa-49b4-8989-251d8537c158{ip: 192.168.34.63, host: pr-hdds-1868-wsm2n-11235469, networkLocation: /default-rack, certSerialId: null}, Type:RATIS, Factor:ONE, State:CLOSED] removed from db
2019-10-21 07:26:39,350 [Thread-178] INFO  pipeline.SCMPipelineManager (SCMPipelineManager.java:finalizeAndDestroyPipeline(316)) - destroying pipeline:Pipeline[ Id: 400b8344-3a7e-4278-bbe9-9464c011c833, Nodes: 410c3651-7e6c-4628-b738-2d58e573bf10{ip: 192.168.34.63, host: pr-hdds-1868-wsm2n-11235469, networkLocation: /default-rack, certSerialId: null}, Type:RATIS, Factor:ONE, State:ALLOCATED]
2019-10-21 07:26:39,360 [grpc-default-executor-1] INFO  impl.RaftServerProxy (RaftServerProxy.java:addNew(89)) - c1f9ca04-e4fa-49b4-8989-251d8537c158: addNew group-F5488C411BC6:[c1f9ca04-e4fa-49b4-8989-251d8537c158:192.168.34.63:42717] returns group-F5488C411BC6:java.util.concurrent.CompletableFuture@6091aa00[Not completed]
2019-10-21 07:26:39,361 [pool-27-thread-1] INFO  impl.RaftServerImpl (RaftServerImpl.java:<init>(98)) - c1f9ca04-e4fa-49b4-8989-251d8537c158: new RaftServerImpl for group-F5488C411BC6:[c1f9ca04-e4fa-49b4-8989-251d8537c158:192.168.34.63:42717] with ContainerStateMachine:uninitialized
2019-10-21 07:26:39,361 [pool-27-thread-1] INFO  server.RaftServerConfigKeys (ConfUtils.java:logGet(43)) - raft.server.rpc.timeout.min = 5s (custom)
2019-10-21 07:26:39,362 [pool-27-thread-1] INFO  server.RaftServerConfigKeys (ConfUtils.java:logGet(43)) - raft.server.rpc.timeout.max = 5200ms (custom)
2019-10-21 07:26:39,362 [pool-27-thread-1] INFO  server.RaftServerConfigKeys (ConfUtils.java:logGet(43)) - raft.server.rpcslowness.timeout = 120s (custom)
2019-10-21 07:26:39,362 [pool-27-thread-1] INFO  server.RaftServerConfigKeys (ConfUtils.java:logGet(43)) - raft.server.sleep.deviation.threshold = 300 (default)
2019-10-21 07:26:39,362 [pool-27-thread-1] INFO  server.RaftServerConfigKeys (ConfUtils.java:logGet(43)) - raft.server.log.appender.install.snapshot.enabled = false (custom)
2019-10-21 07:26:39,362 [pool-27-thread-1] INFO  impl.RaftServerImpl (ServerState.java:<init>(103)) - c1f9ca04-e4fa-49b4-8989-251d8537c158@group-F5488C411BC6: ConfigurationManager, init=-1: [c1f9ca04-e4fa-49b4-8989-251d8537c158:192.168.34.63:42717], old=null, confs=<EMPTY_MAP>
2019-10-21 07:26:39,362 [pool-27-thread-1] INFO  server.RaftServerConfigKeys (ConfUtils.java:logGet(43)) - raft.server.storage.dir = [/workdir/hadoop-ozone/tools/target/test-dir/MiniOzoneClusterImpl-610dd82a-4248-4bb1-aa48-afd1fa3dcd62/datanode-0/data/ratis] (custom)
2019-10-21 07:26:39,362 [pool-27-thread-1] INFO  server.RaftServerConfigKeys (ConfUtils.java:logGet(43)) - raft.server.log.corruption.policy = EXCEPTION (default)
2019-10-21 07:26:39,363 [pool-27-thread-1] INFO  storage.RaftStorageDirectory (RaftStorageDirectory.java:analyzeStorage(246)) - The storage directory /workdir/hadoop-ozone/tools/target/test-dir/MiniOzoneClusterImpl-610dd82a-4248-4bb1-aa48-afd1fa3dcd62/datanode-0/data/ratis/8fbd07c2-934d-4d11-8ef4-f5488c411bc6 does not exist. Creating ...
2019-10-21 07:26:39,376 [pool-27-thread-1] INFO  storage.RaftStorageDirectory (RaftStorageDirectory.java:tryLock(328)) - Lock on /workdir/hadoop-ozone/tools/target/test-dir/MiniOzoneClusterImpl-610dd82a-4248-4bb1-aa48-afd1fa3dcd62/datanode-0/data/ratis/8fbd07c2-934d-4d11-8ef4-f5488c411bc6/in_use.lock acquired by nodename 1988@pr-hdds-1868-wsm2n-11235469
2019-10-21 07:26:39,380 [pool-27-thread-1] INFO  storage.RaftStorage (RaftStorage.java:format(84)) - Storage directory /workdir/hadoop-ozone/tools/target/test-dir/MiniOzoneClusterImpl-610dd82a-4248-4bb1-aa48-afd1fa3dcd62/datanode-0/data/ratis/8fbd07c2-934d-4d11-8ef4-f5488c411bc6 has been successfully formatted.
2019-10-21 07:26:39,380 [pool-27-thread-1] INFO  ratis.ContainerStateMachine (ContainerStateMachine.java:loadSnapshot(233)) - group-F5488C411BC6: The snapshot info is null. Setting the last applied indexto:(t:0, i:~)
2019-10-21 07:26:39,380 [pool-27-thread-1] INFO  server.RaftServerConfigKeys (ConfUtils.java:logGet(43)) - raft.server.notification.no-leader.timeout = 120s (custom)
2019-10-21 07:26:39,380 [pool-27-thread-1] INFO  server.RaftServerConfigKeys (ConfUtils.java:logGet(43)) - raft.server.log.use.memory = false (default)
2019-10-21 07:26:39,380 [pool-27-thread-1] INFO  server.RaftServerConfigKeys (ConfUtils.java:logGet(43)) - raft.server.log.purge.gap = 1000000 (custom)
2019-10-21 07:26:39,380 [pool-27-thread-1] INFO  server.RaftServerConfigKeys (ConfUtils.java:logGet(43)) - raft.server.log.appender.buffer.byte-limit = 33554432 (custom)
2019-10-21 07:26:39,380 [pool-27-thread-1] INFO  server.RaftServerConfigKeys (ConfUtils.java:logGet(43)) - raft.server.log.segment.size.max = 1048576 (custom)
2019-10-21 07:26:39,381 [pool-27-thread-1] INFO  server.RaftServerConfigKeys (ConfUtils.java:logGet(43)) - raft.server.log.segment.cache.num.max = 2 (custom)
2019-10-21 07:26:39,381 [pool-27-thread-1] INFO  segmented.SegmentedRaftLogWorker (SegmentedRaftLogWorker.java:<init>(173)) - new c1f9ca04-e4fa-49b4-8989-251d8537c158@group-F5488C411BC6-SegmentedRaftLogWorker for RaftStorage:Storage Directory /workdir/hadoop-ozone/tools/target/test-dir/MiniOzoneClusterImpl-610dd82a-4248-4bb1-aa48-afd1fa3dcd62/datanode-0/data/ratis/8fbd07c2-934d-4d11-8ef4-f5488c411bc6
2019-10-21 07:26:39,381 [pool-27-thread-1] INFO  server.RaftServerConfigKeys (ConfUtils.java:logGet(43)) - raft.server.log.queue.byte-limit = 2147483647 (custom)
2019-10-21 07:26:39,381 [pool-27-thread-1] INFO  server.RaftServerConfigKeys (ConfUtils.java:logGet(43)) - raft.server.log.queue.element-limit = 1024 (custom)
2019-10-21 07:26:39,381 [pool-27-thread-1] INFO  server.RaftServerConfigKeys (ConfUtils.java:logGet(43)) - raft.server.log.segment.size.max = 1048576 (custom)
2019-10-21 07:26:39,381 [pool-27-thread-1] INFO  server.RaftServerConfigKeys (ConfUtils.java:logGet(43)) - raft.server.log.preallocated.size = 16384 (custom)
2019-10-21 07:26:39,381 [pool-27-thread-1] INFO  server.RaftServerConfigKeys (ConfUtils.java:logGet(43)) - raft.server.log.write.buffer.size = 33554432 (custom)
2019-10-21 07:26:39,381 [pool-27-thread-1] INFO  server.RaftServerConfigKeys (ConfUtils.java:logGet(43)) - raft.server.log.force.sync.num = 128 (default)
2019-10-21 07:26:39,382 [pool-27-thread-1] INFO  server.RaftServerConfigKeys (ConfUtils.java:logGet(43)) - raft.server.log.statemachine.data.sync = true (default)
2019-10-21 07:26:39,382 [pool-27-thread-1] INFO  server.RaftServerConfigKeys (ConfUtils.java:logGet(43)) - raft.server.log.statemachine.data.sync.timeout = 10s (default)
2019-10-21 07:26:39,382 [pool-27-thread-1] INFO  server.RaftServerConfigKeys (ConfUtils.java:logGet(43)) - raft.server.log.statemachine.data.sync.timeout.retry = -1 (default)
2019-10-21 07:26:39,382 [pool-27-thread-1] INFO  server.RaftServerConfigKeys (ConfUtils.java:logGet(43)) - raft.server.log.statemachine.data.caching.enabled = true (custom)
2019-10-21 07:26:39,391 [pool-27-thread-1] INFO  segmented.SegmentedRaftLogWorker (SegmentedRaftLogWorker.java:lambda$new$0(128)) - c1f9ca04-e4fa-49b4-8989-251d8537c158@group-F5488C411BC6-SegmentedRaftLogWorker: flushIndex: setUnconditionally 0 -> -1
2019-10-21 07:26:39,392 [pool-27-thread-1] INFO  server.RaftServerConfigKeys (ConfUtils.java:logGet(43)) - raft.server.snapshot.auto.trigger.enabled = true (custom)
2019-10-21 07:26:39,392 [pool-27-thread-1] INFO  server.RaftServerConfigKeys (ConfUtils.java:logGet(43)) - raft.server.snapshot.auto.trigger.threshold = 10000 (custom)
2019-10-21 07:26:39,392 [pool-27-thread-1] INFO  server.RaftServerConfigKeys (ConfUtils.java:logGet(43)) - raft.server.snapshot.retention.file.num = 5 (custom)
2019-10-21 07:26:39,392 [pool-27-thread-1] INFO  server.RaftServerConfigKeys (ConfUtils.java:logGet(43)) - raft.server.retrycache.expirytime = 600000ms (custom)
2019-10-21 07:26:39,392 [pool-27-thread-1] WARN  impl.MetricRegistriesImpl (MetricRegistriesImpl.java:lambda$create$1(61)) - First MetricRegistry has been created without registering reporters. You may need to call MetricRegistries.global().addReportRegistration(...) before.
2019-10-21 07:26:39,392 [pool-27-thread-1] WARN  impl.MetricRegistriesImpl (MetricRegistriesImpl.java:lambda$create$1(61)) - First MetricRegistry has been created without registering reporters. You may need to call MetricRegistries.global().addReportRegistration(...) before.
2019-10-21 07:26:39,392 [pool-27-thread-1] INFO  impl.RaftServerImpl (RaftServerImpl.java:start(184)) - c1f9ca04-e4fa-49b4-8989-251d8537c158@group-F5488C411BC6: start as a follower, conf=-1: [c1f9ca04-e4fa-49b4-8989-251d8537c158:192.168.34.63:42717], old=null
2019-10-21 07:26:39,393 [pool-27-thread-1] INFO  impl.RaftServerImpl (RaftServerImpl.java:setRole(173)) - c1f9ca04-e4fa-49b4-8989-251d8537c158@group-F5488C411BC6: changes role from      null to FOLLOWER at term 0 for startAsFollower
2019-10-21 07:26:39,393 [pool-27-thread-1] INFO  impl.RoleInfo (RoleInfo.java:updateAndGet(143)) - c1f9ca04-e4fa-49b4-8989-251d8537c158: start FollowerState
2019-10-21 07:26:39,393 [pool-27-thread-1] INFO  util.JmxRegister (JmxRegister.java:tryRegister(44)) - Successfully registered JMX Bean with object name Ratis:service=RaftServer,group=group-F5488C411BC6,id=c1f9ca04-e4fa-49b4-8989-251d8537c158
2019-10-21 07:26:39,393 [pool-27-thread-1] WARN  impl.MetricRegistriesImpl (MetricRegistriesImpl.java:lambda$create$1(61)) - First MetricRegistry has been created without registering reporters. You may need to call MetricRegistries.global().addReportRegistration(...) before.
2019-10-21 07:26:39,399 [RatisPipelineUtilsThread] INFO  pipeline.PipelineStateManager (PipelineStateManager.java:addPipeline(55)) - Created pipeline Pipeline[ Id: 8fbd07c2-934d-4d11-8ef4-f5488c411bc6, Nodes: c1f9ca04-e4fa-49b4-8989-251d8537c158{ip: 192.168.34.63, host: pr-hdds-1868-wsm2n-11235469, networkLocation: /default-rack, certSerialId: null}, Type:RATIS, Factor:ONE, State:ALLOCATED]
2019-10-21 07:26:39,400 [Thread-178] INFO  pipeline.PipelineStateManager (PipelineStateManager.java:finalizePipeline(121)) - Pipeline Pipeline[ Id: 400b8344-3a7e-4278-bbe9-9464c011c833, Nodes: 410c3651-7e6c-4628-b738-2d58e573bf10{ip: 192.168.34.63, host: pr-hdds-1868-wsm2n-11235469, networkLocation: /default-rack, certSerialId: null}, Type:RATIS, Factor:ONE, State:CLOSED] moved to CLOSED state
2019-10-21 07:26:39,408 [grpc-default-executor-1] INFO  impl.RaftServerProxy (RaftServerProxy.java:remove(95)) - 410c3651-7e6c-4628-b738-2d58e573bf10: remove  FOLLOWER 410c3651-7e6c-4628-b738-2d58e573bf10@group-9464C011C833:t0, leader=null, voted=null, raftlog=410c3651-7e6c-4628-b738-2d58e573bf10@group-9464C011C833-SegmentedRaftLog:OPENED:c-1,f-1,i0, conf=-1: [410c3651-7e6c-4628-b738-2d58e573bf10:192.168.34.63:44871], old=null RUNNING
2019-10-21 07:26:39,408 [grpc-default-executor-1] INFO  impl.RaftServerImpl (RaftServerImpl.java:lambda$shutdown$3(250)) - 410c3651-7e6c-4628-b738-2d58e573bf10@group-9464C011C833: shutdown
2019-10-21 07:26:39,408 [grpc-default-executor-1] INFO  util.JmxRegister (JmxRegister.java:unregister(73)) - Successfully un-registered JMX Bean with object name Ratis:service=RaftServer,group=group-9464C011C833,id=410c3651-7e6c-4628-b738-2d58e573bf10
2019-10-21 07:26:39,409 [grpc-default-executor-1] INFO  impl.RoleInfo (RoleInfo.java:shutdownFollowerState(121)) - 410c3651-7e6c-4628-b738-2d58e573bf10: shutdown FollowerState
2019-10-21 07:26:39,409 [grpc-default-executor-1] INFO  impl.StateMachineUpdater (StateMachineUpdater.java:stopAndJoin(136)) - 410c3651-7e6c-4628-b738-2d58e573bf10@group-9464C011C833-StateMachineUpdater: set stopIndex = -1
2019-10-21 07:26:39,409 [Thread-186] INFO  impl.FollowerState (FollowerState.java:run(120)) - 410c3651-7e6c-4628-b738-2d58e573bf10@group-9464C011C833-FollowerState was interrupted: java.lang.InterruptedException: sleep interrupted
2019-10-21 07:26:39,410 [grpc-default-executor-1] INFO  impl.RaftServerImpl (ServerState.java:close(387)) - 410c3651-7e6c-4628-b738-2d58e573bf10@group-9464C011C833: closes. applyIndex: -1
2019-10-21 07:26:39,410 [410c3651-7e6c-4628-b738-2d58e573bf10@group-9464C011C833-SegmentedRaftLogWorker] INFO  segmented.SegmentedRaftLogWorker (SegmentedRaftLogWorker.java:run(316)) - 410c3651-7e6c-4628-b738-2d58e573bf10@group-9464C011C833-SegmentedRaftLogWorker was interrupted, exiting. There are 0 tasks remaining in the queue.
2019-10-21 07:26:39,410 [grpc-default-executor-1] INFO  segmented.SegmentedRaftLogWorker (SegmentedRaftLogWorker.java:close(224)) - 410c3651-7e6c-4628-b738-2d58e573bf10@group-9464C011C833-SegmentedRaftLogWorker close()
2019-10-21 07:26:39,416 [Thread-178] INFO  pipeline.PipelineStateManager (PipelineStateManager.java:removePipeline(106)) - Pipeline Pipeline[ Id: 400b8344-3a7e-4278-bbe9-9464c011c833, Nodes: 410c3651-7e6c-4628-b738-2d58e573bf10{ip: 192.168.34.63, host: pr-hdds-1868-wsm2n-11235469, networkLocation: /default-rack, certSerialId: null}, Type:RATIS, Factor:ONE, State:CLOSED] removed from db
2019-10-21 07:26:39,416 [Thread-178] INFO  pipeline.SCMPipelineManager (SCMPipelineManager.java:finalizeAndDestroyPipeline(316)) - destroying pipeline:Pipeline[ Id: eeb21ada-efca-4094-a681-0e8b609583d2, Nodes: 88702cd2-051c-4e7b-8bd3-dead2aa78a3f{ip: 192.168.34.63, host: pr-hdds-1868-wsm2n-11235469, networkLocation: /default-rack, certSerialId: null}c1f9ca04-e4fa-49b4-8989-251d8537c158{ip: 192.168.34.63, host: pr-hdds-1868-wsm2n-11235469, networkLocation: /default-rack, certSerialId: null}410c3651-7e6c-4628-b738-2d58e573bf10{ip: 192.168.34.63, host: pr-hdds-1868-wsm2n-11235469, networkLocation: /default-rack, certSerialId: null}, Type:RATIS, Factor:THREE, State:ALLOCATED]
2019-10-21 07:26:39,423 [grpc-default-executor-1] INFO  impl.RaftServerProxy (RaftServerProxy.java:addNew(89)) - 410c3651-7e6c-4628-b738-2d58e573bf10: addNew group-5C436578BB50:[410c3651-7e6c-4628-b738-2d58e573bf10:192.168.34.63:44871] returns group-5C436578BB50:java.util.concurrent.CompletableFuture@2944aa9a[Not completed]
2019-10-21 07:26:39,424 [pool-37-thread-1] INFO  impl.RaftServerImpl (RaftServerImpl.java:<init>(98)) - 410c3651-7e6c-4628-b738-2d58e573bf10: new RaftServerImpl for group-5C436578BB50:[410c3651-7e6c-4628-b738-2d58e573bf10:192.168.34.63:44871] with ContainerStateMachine:uninitialized
2019-10-21 07:26:39,425 [pool-37-thread-1] INFO  server.RaftServerConfigKeys (ConfUtils.java:logGet(43)) - raft.server.rpc.timeout.min = 5s (custom)
2019-10-21 07:26:39,425 [pool-37-thread-1] INFO  server.RaftServerConfigKeys (ConfUtils.java:logGet(43)) - raft.server.rpc.timeout.max = 5200ms (custom)
2019-10-21 07:26:39,425 [pool-37-thread-1] INFO  server.RaftServerConfigKeys (ConfUtils.java:logGet(43)) - raft.server.rpcslowness.timeout = 120s (custom)
2019-10-21 07:26:39,425 [pool-37-thread-1] INFO  server.RaftServerConfigKeys (ConfUtils.java:logGet(43)) - raft.server.sleep.deviation.threshold = 300 (default)
2019-10-21 07:26:39,425 [pool-37-thread-1] INFO  server.RaftServerConfigKeys (ConfUtils.java:logGet(43)) - raft.server.log.appender.install.snapshot.enabled = false (custom)
2019-10-21 07:26:39,426 [pool-37-thread-1] INFO  impl.RaftServerImpl (ServerState.java:<init>(103)) - 410c3651-7e6c-4628-b738-2d58e573bf10@group-5C436578BB50: ConfigurationManager, init=-1: [410c3651-7e6c-4628-b738-2d58e573bf10:192.168.34.63:44871], old=null, confs=<EMPTY_MAP>
2019-10-21 07:26:39,426 [pool-37-thread-1] INFO  server.RaftServerConfigKeys (ConfUtils.java:logGet(43)) - raft.server.storage.dir = [/workdir/hadoop-ozone/tools/target/test-dir/MiniOzoneClusterImpl-610dd82a-4248-4bb1-aa48-afd1fa3dcd62/datanode-1/data/ratis] (custom)
2019-10-21 07:26:39,426 [pool-37-thread-1] INFO  server.RaftServerConfigKeys (ConfUtils.java:logGet(43)) - raft.server.log.corruption.policy = EXCEPTION (default)
2019-10-21 07:26:39,426 [pool-37-thread-1] INFO  storage.RaftStorageDirectory (RaftStorageDirectory.java:analyzeStorage(246)) - The storage directory /workdir/hadoop-ozone/tools/target/test-dir/MiniOzoneClusterImpl-610dd82a-4248-4bb1-aa48-afd1fa3dcd62/datanode-1/data/ratis/7634ef3f-fa7d-4e99-be3f-5c436578bb50 does not exist. Creating ...
2019-10-21 07:26:39,465 [pool-37-thread-1] INFO  storage.RaftStorageDirectory (RaftStorageDirectory.java:tryLock(328)) - Lock on /workdir/hadoop-ozone/tools/target/test-dir/MiniOzoneClusterImpl-610dd82a-4248-4bb1-aa48-afd1fa3dcd62/datanode-1/data/ratis/7634ef3f-fa7d-4e99-be3f-5c436578bb50/in_use.lock acquired by nodename 1988@pr-hdds-1868-wsm2n-11235469
2019-10-21 07:26:39,477 [pool-37-thread-1] INFO  storage.RaftStorage (RaftStorage.java:format(84)) - Storage directory /workdir/hadoop-ozone/tools/target/test-dir/MiniOzoneClusterImpl-610dd82a-4248-4bb1-aa48-afd1fa3dcd62/datanode-1/data/ratis/7634ef3f-fa7d-4e99-be3f-5c436578bb50 has been successfully formatted.
2019-10-21 07:26:39,477 [pool-37-thread-1] INFO  ratis.ContainerStateMachine (ContainerStateMachine.java:loadSnapshot(233)) - group-5C436578BB50: The snapshot info is null. Setting the last applied indexto:(t:0, i:~)
2019-10-21 07:26:39,477 [pool-37-thread-1] INFO  server.RaftServerConfigKeys (ConfUtils.java:logGet(43)) - raft.server.notification.no-leader.timeout = 120s (custom)
2019-10-21 07:26:39,478 [pool-37-thread-1] INFO  server.RaftServerConfigKeys (ConfUtils.java:logGet(43)) - raft.server.log.use.memory = false (default)
2019-10-21 07:26:39,478 [pool-37-thread-1] INFO  server.RaftServerConfigKeys (ConfUtils.java:logGet(43)) - raft.server.log.purge.gap = 1000000 (custom)
2019-10-21 07:26:39,478 [pool-37-thread-1] INFO  server.RaftServerConfigKeys (ConfUtils.java:logGet(43)) - raft.server.log.appender.buffer.byte-limit = 33554432 (custom)
2019-10-21 07:26:39,478 [pool-37-thread-1] INFO  server.RaftServerConfigKeys (ConfUtils.java:logGet(43)) - raft.server.log.segment.size.max = 1048576 (custom)
2019-10-21 07:26:39,478 [pool-37-thread-1] INFO  server.RaftServerConfigKeys (ConfUtils.java:logGet(43)) - raft.server.log.segment.cache.num.max = 2 (custom)
2019-10-21 07:26:39,479 [pool-37-thread-1] INFO  segmented.SegmentedRaftLogWorker (SegmentedRaftLogWorker.java:<init>(173)) - new 410c3651-7e6c-4628-b738-2d58e573bf10@group-5C436578BB50-SegmentedRaftLogWorker for RaftStorage:Storage Directory /workdir/hadoop-ozone/tools/target/test-dir/MiniOzoneClusterImpl-610dd82a-4248-4bb1-aa48-afd1fa3dcd62/datanode-1/data/ratis/7634ef3f-fa7d-4e99-be3f-5c436578bb50
2019-10-21 07:26:39,479 [pool-37-thread-1] INFO  server.RaftServerConfigKeys (ConfUtils.java:logGet(43)) - raft.server.log.queue.byte-limit = 2147483647 (custom)
2019-10-21 07:26:39,479 [pool-37-thread-1] INFO  server.RaftServerConfigKeys (ConfUtils.java:logGet(43)) - raft.server.log.queue.element-limit = 1024 (custom)
2019-10-21 07:26:39,479 [pool-37-thread-1] INFO  server.RaftServerConfigKeys (ConfUtils.java:logGet(43)) - raft.server.log.segment.size.max = 1048576 (custom)
2019-10-21 07:26:39,479 [pool-37-thread-1] INFO  server.RaftServerConfigKeys (ConfUtils.java:logGet(43)) - raft.server.log.preallocated.size = 16384 (custom)
2019-10-21 07:26:39,479 [pool-37-thread-1] INFO  server.RaftServerConfigKeys (ConfUtils.java:logGet(43)) - raft.server.log.write.buffer.size = 33554432 (custom)
2019-10-21 07:26:39,479 [pool-37-thread-1] INFO  server.RaftServerConfigKeys (ConfUtils.java:logGet(43)) - raft.server.log.force.sync.num = 128 (default)
2019-10-21 07:26:39,480 [pool-37-thread-1] INFO  server.RaftServerConfigKeys (ConfUtils.java:logGet(43)) - raft.server.log.statemachine.data.sync = true (default)
2019-10-21 07:26:39,480 [pool-37-thread-1] INFO  server.RaftServerConfigKeys (ConfUtils.java:logGet(43)) - raft.server.log.statemachine.data.sync.timeout = 10s (default)
2019-10-21 07:26:39,480 [pool-37-thread-1] INFO  server.RaftServerConfigKeys (ConfUtils.java:logGet(43)) - raft.server.log.statemachine.data.sync.timeout.retry = -1 (default)
2019-10-21 07:26:39,480 [pool-37-thread-1] INFO  server.RaftServerConfigKeys (ConfUtils.java:logGet(43)) - raft.server.log.statemachine.data.caching.enabled = true (custom)
2019-10-21 07:26:39,481 [pool-37-thread-1] INFO  segmented.SegmentedRaftLogWorker (SegmentedRaftLogWorker.java:lambda$new$0(128)) - 410c3651-7e6c-4628-b738-2d58e573bf10@group-5C436578BB50-SegmentedRaftLogWorker: flushIndex: setUnconditionally 0 -> -1
2019-10-21 07:26:39,481 [pool-37-thread-1] INFO  server.RaftServerConfigKeys (ConfUtils.java:logGet(43)) - raft.server.snapshot.auto.trigger.enabled = true (custom)
2019-10-21 07:26:39,481 [pool-37-thread-1] INFO  server.RaftServerConfigKeys (ConfUtils.java:logGet(43)) - raft.server.snapshot.auto.trigger.threshold = 10000 (custom)
2019-10-21 07:26:39,481 [pool-37-thread-1] INFO  server.RaftServerConfigKeys (ConfUtils.java:logGet(43)) - raft.server.snapshot.retention.file.num = 5 (custom)
2019-10-21 07:26:39,482 [pool-37-thread-1] INFO  server.RaftServerConfigKeys (ConfUtils.java:logGet(43)) - raft.server.retrycache.expirytime = 600000ms (custom)
2019-10-21 07:26:39,482 [pool-37-thread-1] WARN  impl.MetricRegistriesImpl (MetricRegistriesImpl.java:lambda$create$1(61)) - First MetricRegistry has been created without registering reporters. You may need to call MetricRegistries.global().addReportRegistration(...) before.
2019-10-21 07:26:39,482 [pool-37-thread-1] WARN  impl.MetricRegistriesImpl (MetricRegistriesImpl.java:lambda$create$1(61)) - First MetricRegistry has been created without registering reporters. You may need to call MetricRegistries.global().addReportRegistration(...) before.
2019-10-21 07:26:39,482 [pool-37-thread-1] INFO  impl.RaftServerImpl (RaftServerImpl.java:start(184)) - 410c3651-7e6c-4628-b738-2d58e573bf10@group-5C436578BB50: start as a follower, conf=-1: [410c3651-7e6c-4628-b738-2d58e573bf10:192.168.34.63:44871], old=null
2019-10-21 07:26:39,482 [pool-37-thread-1] INFO  impl.RaftServerImpl (RaftServerImpl.java:setRole(173)) - 410c3651-7e6c-4628-b738-2d58e573bf10@group-5C436578BB50: changes role from      null to FOLLOWER at term 0 for startAsFollower
2019-10-21 07:26:39,483 [pool-37-thread-1] INFO  impl.RoleInfo (RoleInfo.java:updateAndGet(143)) - 410c3651-7e6c-4628-b738-2d58e573bf10: start FollowerState
2019-10-21 07:26:39,483 [pool-37-thread-1] INFO  util.JmxRegister (JmxRegister.java:tryRegister(44)) - Successfully registered JMX Bean with object name Ratis:service=RaftServer,group=group-5C436578BB50,id=410c3651-7e6c-4628-b738-2d58e573bf10
2019-10-21 07:26:39,483 [pool-37-thread-1] WARN  impl.MetricRegistriesImpl (MetricRegistriesImpl.java:lambda$create$1(61)) - First MetricRegistry has been created without registering reporters. You may need to call MetricRegistries.global().addReportRegistration(...) before.
2019-10-21 07:26:39,489 [RatisPipelineUtilsThread] INFO  pipeline.PipelineStateManager (PipelineStateManager.java:addPipeline(55)) - Created pipeline Pipeline[ Id: 7634ef3f-fa7d-4e99-be3f-5c436578bb50, Nodes: 410c3651-7e6c-4628-b738-2d58e573bf10{ip: 192.168.34.63, host: pr-hdds-1868-wsm2n-11235469, networkLocation: /default-rack, certSerialId: null}, Type:RATIS, Factor:ONE, State:ALLOCATED]
2019-10-21 07:26:39,492 [Thread-178] INFO  pipeline.PipelineStateManager (PipelineStateManager.java:finalizePipeline(121)) - Pipeline Pipeline[ Id: eeb21ada-efca-4094-a681-0e8b609583d2, Nodes: 88702cd2-051c-4e7b-8bd3-dead2aa78a3f{ip: 192.168.34.63, host: pr-hdds-1868-wsm2n-11235469, networkLocation: /default-rack, certSerialId: null}c1f9ca04-e4fa-49b4-8989-251d8537c158{ip: 192.168.34.63, host: pr-hdds-1868-wsm2n-11235469, networkLocation: /default-rack, certSerialId: null}410c3651-7e6c-4628-b738-2d58e573bf10{ip: 192.168.34.63, host: pr-hdds-1868-wsm2n-11235469, networkLocation: /default-rack, certSerialId: null}, Type:RATIS, Factor:THREE, State:CLOSED] moved to CLOSED state
2019-10-21 07:26:39,500 [grpc-default-executor-1] INFO  impl.RaftServerProxy (RaftServerProxy.java:remove(95)) - 88702cd2-051c-4e7b-8bd3-dead2aa78a3f: remove  FOLLOWER 88702cd2-051c-4e7b-8bd3-dead2aa78a3f@group-0E8B609583D2:t0, leader=null, voted=null, raftlog=88702cd2-051c-4e7b-8bd3-dead2aa78a3f@group-0E8B609583D2-SegmentedRaftLog:OPENED:c-1,f-1,i0, conf=-1: [410c3651-7e6c-4628-b738-2d58e573bf10:192.168.34.63:44871, 88702cd2-051c-4e7b-8bd3-dead2aa78a3f:192.168.34.63:40600, c1f9ca04-e4fa-49b4-8989-251d8537c158:192.168.34.63:42717], old=null RUNNING
2019-10-21 07:26:39,500 [grpc-default-executor-1] INFO  impl.RaftServerImpl (RaftServerImpl.java:lambda$shutdown$3(250)) - 88702cd2-051c-4e7b-8bd3-dead2aa78a3f@group-0E8B609583D2: shutdown
2019-10-21 07:26:39,501 [grpc-default-executor-1] INFO  util.JmxRegister (JmxRegister.java:unregister(73)) - Successfully un-registered JMX Bean with object name Ratis:service=RaftServer,group=group-0E8B609583D2,id=88702cd2-051c-4e7b-8bd3-dead2aa78a3f
2019-10-21 07:26:39,501 [grpc-default-executor-1] INFO  impl.RoleInfo (RoleInfo.java:shutdownFollowerState(121)) - 88702cd2-051c-4e7b-8bd3-dead2aa78a3f: shutdown FollowerState
2019-10-21 07:26:39,501 [grpc-default-executor-1] INFO  impl.StateMachineUpdater (StateMachineUpdater.java:stopAndJoin(136)) - 88702cd2-051c-4e7b-8bd3-dead2aa78a3f@group-0E8B609583D2-StateMachineUpdater: set stopIndex = -1
2019-10-21 07:26:39,501 [Thread-192] INFO  impl.FollowerState (FollowerState.java:run(120)) - 88702cd2-051c-4e7b-8bd3-dead2aa78a3f@group-0E8B609583D2-FollowerState was interrupted: java.lang.InterruptedException: sleep interrupted
2019-10-21 07:26:39,502 [grpc-default-executor-1] INFO  impl.RaftServerImpl (ServerState.java:close(387)) - 88702cd2-051c-4e7b-8bd3-dead2aa78a3f@group-0E8B609583D2: closes. applyIndex: -1
2019-10-21 07:26:39,503 [88702cd2-051c-4e7b-8bd3-dead2aa78a3f@group-0E8B609583D2-SegmentedRaftLogWorker] INFO  segmented.SegmentedRaftLogWorker (SegmentedRaftLogWorker.java:run(316)) - 88702cd2-051c-4e7b-8bd3-dead2aa78a3f@group-0E8B609583D2-SegmentedRaftLogWorker was interrupted, exiting. There are 0 tasks remaining in the queue.
2019-10-21 07:26:39,503 [grpc-default-executor-1] INFO  segmented.SegmentedRaftLogWorker (SegmentedRaftLogWorker.java:close(224)) - 88702cd2-051c-4e7b-8bd3-dead2aa78a3f@group-0E8B609583D2-SegmentedRaftLogWorker close()
2019-10-21 07:26:39,520 [grpc-default-executor-1] INFO  impl.RaftServerProxy (RaftServerProxy.java:remove(95)) - c1f9ca04-e4fa-49b4-8989-251d8537c158: remove  FOLLOWER c1f9ca04-e4fa-49b4-8989-251d8537c158@group-0E8B609583D2:t0, leader=null, voted=null, raftlog=c1f9ca04-e4fa-49b4-8989-251d8537c158@group-0E8B609583D2-SegmentedRaftLog:OPENED:c-1,f-1,i0, conf=-1: [410c3651-7e6c-4628-b738-2d58e573bf10:192.168.34.63:44871, 88702cd2-051c-4e7b-8bd3-dead2aa78a3f:192.168.34.63:40600, c1f9ca04-e4fa-49b4-8989-251d8537c158:192.168.34.63:42717], old=null RUNNING
2019-10-21 07:26:39,520 [grpc-default-executor-1] INFO  impl.RaftServerImpl (RaftServerImpl.java:lambda$shutdown$3(250)) - c1f9ca04-e4fa-49b4-8989-251d8537c158@group-0E8B609583D2: shutdown
2019-10-21 07:26:39,520 [grpc-default-executor-1] INFO  util.JmxRegister (JmxRegister.java:unregister(73)) - Successfully un-registered JMX Bean with object name Ratis:service=RaftServer,group=group-0E8B609583D2,id=c1f9ca04-e4fa-49b4-8989-251d8537c158
2019-10-21 07:26:39,520 [grpc-default-executor-1] INFO  impl.RoleInfo (RoleInfo.java:shutdownFollowerState(121)) - c1f9ca04-e4fa-49b4-8989-251d8537c158: shutdown FollowerState
2019-10-21 07:26:39,521 [grpc-default-executor-1] INFO  impl.StateMachineUpdater (StateMachineUpdater.java:stopAndJoin(136)) - c1f9ca04-e4fa-49b4-8989-251d8537c158@group-0E8B609583D2-StateMachineUpdater: set stopIndex = -1
2019-10-21 07:26:39,521 [Thread-193] INFO  impl.FollowerState (FollowerState.java:run(120)) - c1f9ca04-e4fa-49b4-8989-251d8537c158@group-0E8B609583D2-FollowerState was interrupted: java.lang.InterruptedException: sleep interrupted
2019-10-21 07:26:39,521 [grpc-default-executor-1] INFO  impl.RaftServerImpl (ServerState.java:close(387)) - c1f9ca04-e4fa-49b4-8989-251d8537c158@group-0E8B609583D2: closes. applyIndex: -1
2019-10-21 07:26:39,522 [c1f9ca04-e4fa-49b4-8989-251d8537c158@group-0E8B609583D2-SegmentedRaftLogWorker] INFO  segmented.SegmentedRaftLogWorker (SegmentedRaftLogWorker.java:run(316)) - c1f9ca04-e4fa-49b4-8989-251d8537c158@group-0E8B609583D2-SegmentedRaftLogWorker was interrupted, exiting. There are 0 tasks remaining in the queue.
2019-10-21 07:26:39,522 [grpc-default-executor-1] INFO  segmented.SegmentedRaftLogWorker (SegmentedRaftLogWorker.java:close(224)) - c1f9ca04-e4fa-49b4-8989-251d8537c158@group-0E8B609583D2-SegmentedRaftLogWorker close()
2019-10-21 07:26:39,538 [grpc-default-executor-1] INFO  impl.RaftServerProxy (RaftServerProxy.java:remove(95)) - 410c3651-7e6c-4628-b738-2d58e573bf10: remove  FOLLOWER 410c3651-7e6c-4628-b738-2d58e573bf10@group-0E8B609583D2:t0, leader=null, voted=null, raftlog=410c3651-7e6c-4628-b738-2d58e573bf10@group-0E8B609583D2-SegmentedRaftLog:OPENED:c-1,f-1,i0, conf=-1: [410c3651-7e6c-4628-b738-2d58e573bf10:192.168.34.63:44871, 88702cd2-051c-4e7b-8bd3-dead2aa78a3f:192.168.34.63:40600, c1f9ca04-e4fa-49b4-8989-251d8537c158:192.168.34.63:42717], old=null RUNNING
2019-10-21 07:26:39,538 [grpc-default-executor-1] INFO  impl.RaftServerImpl (RaftServerImpl.java:lambda$shutdown$3(250)) - 410c3651-7e6c-4628-b738-2d58e573bf10@group-0E8B609583D2: shutdown
2019-10-21 07:26:39,538 [grpc-default-executor-1] INFO  util.JmxRegister (JmxRegister.java:unregister(73)) - Successfully un-registered JMX Bean with object name Ratis:service=RaftServer,group=group-0E8B609583D2,id=410c3651-7e6c-4628-b738-2d58e573bf10
2019-10-21 07:26:39,538 [grpc-default-executor-1] INFO  impl.RoleInfo (RoleInfo.java:shutdownFollowerState(121)) - 410c3651-7e6c-4628-b738-2d58e573bf10: shutdown FollowerState
2019-10-21 07:26:39,539 [grpc-default-executor-1] INFO  impl.StateMachineUpdater (StateMachineUpdater.java:stopAndJoin(136)) - 410c3651-7e6c-4628-b738-2d58e573bf10@group-0E8B609583D2-StateMachineUpdater: set stopIndex = -1
2019-10-21 07:26:39,539 [Thread-191] INFO  impl.FollowerState (FollowerState.java:run(120)) - 410c3651-7e6c-4628-b738-2d58e573bf10@group-0E8B609583D2-FollowerState was interrupted: java.lang.InterruptedException: sleep interrupted
2019-10-21 07:26:39,539 [grpc-default-executor-1] INFO  impl.RaftServerImpl (ServerState.java:close(387)) - 410c3651-7e6c-4628-b738-2d58e573bf10@group-0E8B609583D2: closes. applyIndex: -1
2019-10-21 07:26:39,540 [410c3651-7e6c-4628-b738-2d58e573bf10@group-0E8B609583D2-SegmentedRaftLogWorker] INFO  segmented.SegmentedRaftLogWorker (SegmentedRaftLogWorker.java:run(316)) - 410c3651-7e6c-4628-b738-2d58e573bf10@group-0E8B609583D2-SegmentedRaftLogWorker was interrupted, exiting. There are 0 tasks remaining in the queue.
2019-10-21 07:26:39,540 [grpc-default-executor-1] INFO  segmented.SegmentedRaftLogWorker (SegmentedRaftLogWorker.java:close(224)) - 410c3651-7e6c-4628-b738-2d58e573bf10@group-0E8B609583D2-SegmentedRaftLogWorker close()
2019-10-21 07:26:39,548 [Thread-178] INFO  pipeline.PipelineStateManager (PipelineStateManager.java:removePipeline(106)) - Pipeline Pipeline[ Id: eeb21ada-efca-4094-a681-0e8b609583d2, Nodes: 88702cd2-051c-4e7b-8bd3-dead2aa78a3f{ip: 192.168.34.63, host: pr-hdds-1868-wsm2n-11235469, networkLocation: /default-rack, certSerialId: null}c1f9ca04-e4fa-49b4-8989-251d8537c158{ip: 192.168.34.63, host: pr-hdds-1868-wsm2n-11235469, networkLocation: /default-rack, certSerialId: null}410c3651-7e6c-4628-b738-2d58e573bf10{ip: 192.168.34.63, host: pr-hdds-1868-wsm2n-11235469, networkLocation: /default-rack, certSerialId: null}, Type:RATIS, Factor:THREE, State:CLOSED] removed from db
2019-10-21 07:26:39,548 [Thread-178] INFO  pipeline.SCMPipelineManager (SCMPipelineManager.java:finalizeAndDestroyPipeline(316)) - destroying pipeline:Pipeline[ Id: 000578fa-8ad7-4f1f-b7d6-6e9cb08aa819, Nodes: 88702cd2-051c-4e7b-8bd3-dead2aa78a3f{ip: 192.168.34.63, host: pr-hdds-1868-wsm2n-11235469, networkLocation: /default-rack, certSerialId: null}, Type:RATIS, Factor:ONE, State:ALLOCATED]
2019-10-21 07:26:39,562 [grpc-default-executor-0] INFO  impl.RaftServerProxy (RaftServerProxy.java:addNew(89)) - 88702cd2-051c-4e7b-8bd3-dead2aa78a3f: addNew group-7EABA2875604:[410c3651-7e6c-4628-b738-2d58e573bf10:192.168.34.63:44871, 88702cd2-051c-4e7b-8bd3-dead2aa78a3f:192.168.34.63:40600, c1f9ca04-e4fa-49b4-8989-251d8537c158:192.168.34.63:42717] returns group-7EABA2875604:java.util.concurrent.CompletableFuture@1674ebc0[Not completed]
2019-10-21 07:26:39,563 [grpc-default-executor-1] INFO  impl.RaftServerProxy (RaftServerProxy.java:addNew(89)) - c1f9ca04-e4fa-49b4-8989-251d8537c158: addNew group-7EABA2875604:[410c3651-7e6c-4628-b738-2d58e573bf10:192.168.34.63:44871, 88702cd2-051c-4e7b-8bd3-dead2aa78a3f:192.168.34.63:40600, c1f9ca04-e4fa-49b4-8989-251d8537c158:192.168.34.63:42717] returns group-7EABA2875604:java.util.concurrent.CompletableFuture@41769e82[Not completed]
2019-10-21 07:26:39,565 [grpc-default-executor-1] INFO  impl.RaftServerProxy (RaftServerProxy.java:addNew(89)) - 410c3651-7e6c-4628-b738-2d58e573bf10: addNew group-7EABA2875604:[410c3651-7e6c-4628-b738-2d58e573bf10:192.168.34.63:44871, 88702cd2-051c-4e7b-8bd3-dead2aa78a3f:192.168.34.63:40600, c1f9ca04-e4fa-49b4-8989-251d8537c158:192.168.34.63:42717] returns group-7EABA2875604:java.util.concurrent.CompletableFuture@64355f9d[Not completed]
2019-10-21 07:26:39,565 [pool-47-thread-1] INFO  impl.RaftServerImpl (RaftServerImpl.java:<init>(98)) - 88702cd2-051c-4e7b-8bd3-dead2aa78a3f: new RaftServerImpl for group-7EABA2875604:[410c3651-7e6c-4628-b738-2d58e573bf10:192.168.34.63:44871, 88702cd2-051c-4e7b-8bd3-dead2aa78a3f:192.168.34.63:40600, c1f9ca04-e4fa-49b4-8989-251d8537c158:192.168.34.63:42717] with ContainerStateMachine:uninitialized
2019-10-21 07:26:39,566 [pool-47-thread-1] INFO  server.RaftServerConfigKeys (ConfUtils.java:logGet(43)) - raft.server.rpc.timeout.min = 5s (custom)
2019-10-21 07:26:39,566 [pool-47-thread-1] INFO  server.RaftServerConfigKeys (ConfUtils.java:logGet(43)) - raft.server.rpc.timeout.max = 5200ms (custom)
2019-10-21 07:26:39,566 [pool-47-thread-1] INFO  server.RaftServerConfigKeys (ConfUtils.java:logGet(43)) - raft.server.rpcslowness.timeout = 120s (custom)
2019-10-21 07:26:39,566 [pool-27-thread-1] INFO  impl.RaftServerImpl (RaftServerImpl.java:<init>(98)) - c1f9ca04-e4fa-49b4-8989-251d8537c158: new RaftServerImpl for group-7EABA2875604:[410c3651-7e6c-4628-b738-2d58e573bf10:192.168.34.63:44871, 88702cd2-051c-4e7b-8bd3-dead2aa78a3f:192.168.34.63:40600, c1f9ca04-e4fa-49b4-8989-251d8537c158:192.168.34.63:42717] with ContainerStateMachine:uninitialized
2019-10-21 07:26:39,566 [pool-47-thread-1] INFO  server.RaftServerConfigKeys (ConfUtils.java:logGet(43)) - raft.server.sleep.deviation.threshold = 300 (default)
2019-10-21 07:26:39,566 [pool-27-thread-1] INFO  server.RaftServerConfigKeys (ConfUtils.java:logGet(43)) - raft.server.rpc.timeout.min = 5s (custom)
2019-10-21 07:26:39,566 [pool-47-thread-1] INFO  server.RaftServerConfigKeys (ConfUtils.java:logGet(43)) - raft.server.log.appender.install.snapshot.enabled = false (custom)
2019-10-21 07:26:39,566 [pool-27-thread-1] INFO  server.RaftServerConfigKeys (ConfUtils.java:logGet(43)) - raft.server.rpc.timeout.max = 5200ms (custom)
2019-10-21 07:26:39,566 [pool-47-thread-1] INFO  impl.RaftServerImpl (ServerState.java:<init>(103)) - 88702cd2-051c-4e7b-8bd3-dead2aa78a3f@group-7EABA2875604: ConfigurationManager, init=-1: [410c3651-7e6c-4628-b738-2d58e573bf10:192.168.34.63:44871, 88702cd2-051c-4e7b-8bd3-dead2aa78a3f:192.168.34.63:40600, c1f9ca04-e4fa-49b4-8989-251d8537c158:192.168.34.63:42717], old=null, confs=<EMPTY_MAP>
2019-10-21 07:26:39,566 [pool-27-thread-1] INFO  server.RaftServerConfigKeys (ConfUtils.java:logGet(43)) - raft.server.rpcslowness.timeout = 120s (custom)
2019-10-21 07:26:39,567 [pool-27-thread-1] INFO  server.RaftServerConfigKeys (ConfUtils.java:logGet(43)) - raft.server.sleep.deviation.threshold = 300 (default)
2019-10-21 07:26:39,567 [pool-47-thread-1] INFO  server.RaftServerConfigKeys (ConfUtils.java:logGet(43)) - raft.server.storage.dir = [/workdir/hadoop-ozone/tools/target/test-dir/MiniOzoneClusterImpl-610dd82a-4248-4bb1-aa48-afd1fa3dcd62/datanode-2/data/ratis] (custom)
2019-10-21 07:26:39,567 [pool-27-thread-1] INFO  server.RaftServerConfigKeys (ConfUtils.java:logGet(43)) - raft.server.log.appender.install.snapshot.enabled = false (custom)
2019-10-21 07:26:39,567 [pool-27-thread-1] INFO  impl.RaftServerImpl (ServerState.java:<init>(103)) - c1f9ca04-e4fa-49b4-8989-251d8537c158@group-7EABA2875604: ConfigurationManager, init=-1: [410c3651-7e6c-4628-b738-2d58e573bf10:192.168.34.63:44871, 88702cd2-051c-4e7b-8bd3-dead2aa78a3f:192.168.34.63:40600, c1f9ca04-e4fa-49b4-8989-251d8537c158:192.168.34.63:42717], old=null, confs=<EMPTY_MAP>
2019-10-21 07:26:39,567 [pool-27-thread-1] INFO  server.RaftServerConfigKeys (ConfUtils.java:logGet(43)) - raft.server.storage.dir = [/workdir/hadoop-ozone/tools/target/test-dir/MiniOzoneClusterImpl-610dd82a-4248-4bb1-aa48-afd1fa3dcd62/datanode-0/data/ratis] (custom)
2019-10-21 07:26:39,567 [pool-47-thread-1] INFO  server.RaftServerConfigKeys (ConfUtils.java:logGet(43)) - raft.server.log.corruption.policy = EXCEPTION (default)
2019-10-21 07:26:39,567 [pool-27-thread-1] INFO  server.RaftServerConfigKeys (ConfUtils.java:logGet(43)) - raft.server.log.corruption.policy = EXCEPTION (default)
2019-10-21 07:26:39,567 [pool-37-thread-1] INFO  impl.RaftServerImpl (RaftServerImpl.java:<init>(98)) - 410c3651-7e6c-4628-b738-2d58e573bf10: new RaftServerImpl for group-7EABA2875604:[410c3651-7e6c-4628-b738-2d58e573bf10:192.168.34.63:44871, 88702cd2-051c-4e7b-8bd3-dead2aa78a3f:192.168.34.63:40600, c1f9ca04-e4fa-49b4-8989-251d8537c158:192.168.34.63:42717] with ContainerStateMachine:uninitialized
2019-10-21 07:26:39,567 [pool-27-thread-1] INFO  storage.RaftStorageDirectory (RaftStorageDirectory.java:analyzeStorage(246)) - The storage directory /workdir/hadoop-ozone/tools/target/test-dir/MiniOzoneClusterImpl-610dd82a-4248-4bb1-aa48-afd1fa3dcd62/datanode-0/data/ratis/79a3272f-cbe9-481c-b661-7eaba2875604 does not exist. Creating ...
2019-10-21 07:26:39,567 [pool-47-thread-1] INFO  storage.RaftStorageDirectory (RaftStorageDirectory.java:analyzeStorage(246)) - The storage directory /workdir/hadoop-ozone/tools/target/test-dir/MiniOzoneClusterImpl-610dd82a-4248-4bb1-aa48-afd1fa3dcd62/datanode-2/data/ratis/79a3272f-cbe9-481c-b661-7eaba2875604 does not exist. Creating ...
2019-10-21 07:26:39,568 [pool-37-thread-1] INFO  server.RaftServerConfigKeys (ConfUtils.java:logGet(43)) - raft.server.rpc.timeout.min = 5s (custom)
2019-10-21 07:26:39,568 [pool-37-thread-1] INFO  server.RaftServerConfigKeys (ConfUtils.java:logGet(43)) - raft.server.rpc.timeout.max = 5200ms (custom)
2019-10-21 07:26:39,568 [pool-37-thread-1] INFO  server.RaftServerConfigKeys (ConfUtils.java:logGet(43)) - raft.server.rpcslowness.timeout = 120s (custom)
2019-10-21 07:26:39,568 [pool-37-thread-1] INFO  server.RaftServerConfigKeys (ConfUtils.java:logGet(43)) - raft.server.sleep.deviation.threshold = 300 (default)
2019-10-21 07:26:39,568 [pool-37-thread-1] INFO  server.RaftServerConfigKeys (ConfUtils.java:logGet(43)) - raft.server.log.appender.install.snapshot.enabled = false (custom)
2019-10-21 07:26:39,568 [pool-37-thread-1] INFO  impl.RaftServerImpl (ServerState.java:<init>(103)) - 410c3651-7e6c-4628-b738-2d58e573bf10@group-7EABA2875604: ConfigurationManager, init=-1: [410c3651-7e6c-4628-b738-2d58e573bf10:192.168.34.63:44871, 88702cd2-051c-4e7b-8bd3-dead2aa78a3f:192.168.34.63:40600, c1f9ca04-e4fa-49b4-8989-251d8537c158:192.168.34.63:42717], old=null, confs=<EMPTY_MAP>
2019-10-21 07:26:39,568 [pool-37-thread-1] INFO  server.RaftServerConfigKeys (ConfUtils.java:logGet(43)) - raft.server.storage.dir = [/workdir/hadoop-ozone/tools/target/test-dir/MiniOzoneClusterImpl-610dd82a-4248-4bb1-aa48-afd1fa3dcd62/datanode-1/data/ratis] (custom)
2019-10-21 07:26:39,569 [pool-37-thread-1] INFO  server.RaftServerConfigKeys (ConfUtils.java:logGet(43)) - raft.server.log.corruption.policy = EXCEPTION (default)
2019-10-21 07:26:39,569 [pool-37-thread-1] INFO  storage.RaftStorageDirectory (RaftStorageDirectory.java:analyzeStorage(246)) - The storage directory /workdir/hadoop-ozone/tools/target/test-dir/MiniOzoneClusterImpl-610dd82a-4248-4bb1-aa48-afd1fa3dcd62/datanode-1/data/ratis/79a3272f-cbe9-481c-b661-7eaba2875604 does not exist. Creating ...
2019-10-21 07:26:39,591 [pool-37-thread-1] INFO  storage.RaftStorageDirectory (RaftStorageDirectory.java:tryLock(328)) - Lock on /workdir/hadoop-ozone/tools/target/test-dir/MiniOzoneClusterImpl-610dd82a-4248-4bb1-aa48-afd1fa3dcd62/datanode-1/data/ratis/79a3272f-cbe9-481c-b661-7eaba2875604/in_use.lock acquired by nodename 1988@pr-hdds-1868-wsm2n-11235469
2019-10-21 07:26:39,591 [pool-47-thread-1] INFO  storage.RaftStorageDirectory (RaftStorageDirectory.java:tryLock(328)) - Lock on /workdir/hadoop-ozone/tools/target/test-dir/MiniOzoneClusterImpl-610dd82a-4248-4bb1-aa48-afd1fa3dcd62/datanode-2/data/ratis/79a3272f-cbe9-481c-b661-7eaba2875604/in_use.lock acquired by nodename 1988@pr-hdds-1868-wsm2n-11235469
2019-10-21 07:26:39,591 [pool-27-thread-1] INFO  storage.RaftStorageDirectory (RaftStorageDirectory.java:tryLock(328)) - Lock on /workdir/hadoop-ozone/tools/target/test-dir/MiniOzoneClusterImpl-610dd82a-4248-4bb1-aa48-afd1fa3dcd62/datanode-0/data/ratis/79a3272f-cbe9-481c-b661-7eaba2875604/in_use.lock acquired by nodename 1988@pr-hdds-1868-wsm2n-11235469
2019-10-21 07:26:39,605 [pool-27-thread-1] INFO  storage.RaftStorage (RaftStorage.java:format(84)) - Storage directory /workdir/hadoop-ozone/tools/target/test-dir/MiniOzoneClusterImpl-610dd82a-4248-4bb1-aa48-afd1fa3dcd62/datanode-0/data/ratis/79a3272f-cbe9-481c-b661-7eaba2875604 has been successfully formatted.
2019-10-21 07:26:39,606 [pool-47-thread-1] INFO  storage.RaftStorage (RaftStorage.java:format(84)) - Storage directory /workdir/hadoop-ozone/tools/target/test-dir/MiniOzoneClusterImpl-610dd82a-4248-4bb1-aa48-afd1fa3dcd62/datanode-2/data/ratis/79a3272f-cbe9-481c-b661-7eaba2875604 has been successfully formatted.
2019-10-21 07:26:39,606 [pool-27-thread-1] INFO  ratis.ContainerStateMachine (ContainerStateMachine.java:loadSnapshot(233)) - group-7EABA2875604: The snapshot info is null. Setting the last applied indexto:(t:0, i:~)
2019-10-21 07:26:39,605 [pool-37-thread-1] INFO  storage.RaftStorage (RaftStorage.java:format(84)) - Storage directory /workdir/hadoop-ozone/tools/target/test-dir/MiniOzoneClusterImpl-610dd82a-4248-4bb1-aa48-afd1fa3dcd62/datanode-1/data/ratis/79a3272f-cbe9-481c-b661-7eaba2875604 has been successfully formatted.
2019-10-21 07:26:39,606 [pool-27-thread-1] INFO  server.RaftServerConfigKeys (ConfUtils.java:logGet(43)) - raft.server.notification.no-leader.timeout = 120s (custom)
2019-10-21 07:26:39,606 [pool-47-thread-1] INFO  ratis.ContainerStateMachine (ContainerStateMachine.java:loadSnapshot(233)) - group-7EABA2875604: The snapshot info is null. Setting the last applied indexto:(t:0, i:~)
2019-10-21 07:26:39,606 [pool-27-thread-1] INFO  server.RaftServerConfigKeys (ConfUtils.java:logGet(43)) - raft.server.log.use.memory = false (default)
2019-10-21 07:26:39,606 [pool-37-thread-1] INFO  ratis.ContainerStateMachine (ContainerStateMachine.java:loadSnapshot(233)) - group-7EABA2875604: The snapshot info is null. Setting the last applied indexto:(t:0, i:~)
2019-10-21 07:26:39,607 [pool-27-thread-1] INFO  server.RaftServerConfigKeys (ConfUtils.java:logGet(43)) - raft.server.log.purge.gap = 1000000 (custom)
2019-10-21 07:26:39,607 [pool-37-thread-1] INFO  server.RaftServerConfigKeys (ConfUtils.java:logGet(43)) - raft.server.notification.no-leader.timeout = 120s (custom)
2019-10-21 07:26:39,606 [pool-47-thread-1] INFO  server.RaftServerConfigKeys (ConfUtils.java:logGet(43)) - raft.server.notification.no-leader.timeout = 120s (custom)
2019-10-21 07:26:39,607 [pool-37-thread-1] INFO  server.RaftServerConfigKeys (ConfUtils.java:logGet(43)) - raft.server.log.use.memory = false (default)
2019-10-21 07:26:39,607 [pool-27-thread-1] INFO  server.RaftServerConfigKeys (ConfUtils.java:logGet(43)) - raft.server.log.appender.buffer.byte-limit = 33554432 (custom)
2019-10-21 07:26:39,607 [pool-37-thread-1] INFO  server.RaftServerConfigKeys (ConfUtils.java:logGet(43)) - raft.server.log.purge.gap = 1000000 (custom)
2019-10-21 07:26:39,607 [pool-47-thread-1] INFO  server.RaftServerConfigKeys (ConfUtils.java:logGet(43)) - raft.server.log.use.memory = false (default)
2019-10-21 07:26:39,607 [pool-37-thread-1] INFO  server.RaftServerConfigKeys (ConfUtils.java:logGet(43)) - raft.server.log.appender.buffer.byte-limit = 33554432 (custom)
2019-10-21 07:26:39,607 [pool-27-thread-1] INFO  server.RaftServerConfigKeys (ConfUtils.java:logGet(43)) - raft.server.log.segment.size.max = 1048576 (custom)
2019-10-21 07:26:39,608 [pool-37-thread-1] INFO  server.RaftServerConfigKeys (ConfUtils.java:logGet(43)) - raft.server.log.segment.size.max = 1048576 (custom)
2019-10-21 07:26:39,607 [pool-47-thread-1] INFO  server.RaftServerConfigKeys (ConfUtils.java:logGet(43)) - raft.server.log.purge.gap = 1000000 (custom)
2019-10-21 07:26:39,608 [pool-37-thread-1] INFO  server.RaftServerConfigKeys (ConfUtils.java:logGet(43)) - raft.server.log.segment.cache.num.max = 2 (custom)
2019-10-21 07:26:39,608 [pool-27-thread-1] INFO  server.RaftServerConfigKeys (ConfUtils.java:logGet(43)) - raft.server.log.segment.cache.num.max = 2 (custom)
2019-10-21 07:26:39,608 [pool-37-thread-1] INFO  segmented.SegmentedRaftLogWorker (SegmentedRaftLogWorker.java:<init>(173)) - new 410c3651-7e6c-4628-b738-2d58e573bf10@group-7EABA2875604-SegmentedRaftLogWorker for RaftStorage:Storage Directory /workdir/hadoop-ozone/tools/target/test-dir/MiniOzoneClusterImpl-610dd82a-4248-4bb1-aa48-afd1fa3dcd62/datanode-1/data/ratis/79a3272f-cbe9-481c-b661-7eaba2875604
2019-10-21 07:26:39,608 [pool-47-thread-1] INFO  server.RaftServerConfigKeys (ConfUtils.java:logGet(43)) - raft.server.log.appender.buffer.byte-limit = 33554432 (custom)
2019-10-21 07:26:39,608 [pool-37-thread-1] INFO  server.RaftServerConfigKeys (ConfUtils.java:logGet(43)) - raft.server.log.queue.byte-limit = 2147483647 (custom)
2019-10-21 07:26:39,608 [pool-27-thread-1] INFO  segmented.SegmentedRaftLogWorker (SegmentedRaftLogWorker.java:<init>(173)) - new c1f9ca04-e4fa-49b4-8989-251d8537c158@group-7EABA2875604-SegmentedRaftLogWorker for RaftStorage:Storage Directory /workdir/hadoop-ozone/tools/target/test-dir/MiniOzoneClusterImpl-610dd82a-4248-4bb1-aa48-afd1fa3dcd62/datanode-0/data/ratis/79a3272f-cbe9-481c-b661-7eaba2875604
2019-10-21 07:26:39,608 [pool-37-thread-1] INFO  server.RaftServerConfigKeys (ConfUtils.java:logGet(43)) - raft.server.log.queue.element-limit = 1024 (custom)
2019-10-21 07:26:39,608 [pool-47-thread-1] INFO  server.RaftServerConfigKeys (ConfUtils.java:logGet(43)) - raft.server.log.segment.size.max = 1048576 (custom)
2019-10-21 07:26:39,609 [pool-37-thread-1] INFO  server.RaftServerConfigKeys (ConfUtils.java:logGet(43)) - raft.server.log.segment.size.max = 1048576 (custom)
2019-10-21 07:26:39,609 [pool-27-thread-1] INFO  server.RaftServerConfigKeys (ConfUtils.java:logGet(43)) - raft.server.log.queue.byte-limit = 2147483647 (custom)
2019-10-21 07:26:39,609 [pool-37-thread-1] INFO  server.RaftServerConfigKeys (ConfUtils.java:logGet(43)) - raft.server.log.preallocated.size = 16384 (custom)
2019-10-21 07:26:39,609 [pool-47-thread-1] INFO  server.RaftServerConfigKeys (ConfUtils.java:logGet(43)) - raft.server.log.segment.cache.num.max = 2 (custom)
2019-10-21 07:26:39,609 [pool-37-thread-1] INFO  server.RaftServerConfigKeys (ConfUtils.java:logGet(43)) - raft.server.log.write.buffer.size = 33554432 (custom)
2019-10-21 07:26:39,609 [pool-27-thread-1] INFO  server.RaftServerConfigKeys (ConfUtils.java:logGet(43)) - raft.server.log.queue.element-limit = 1024 (custom)
2019-10-21 07:26:39,609 [pool-37-thread-1] INFO  server.RaftServerConfigKeys (ConfUtils.java:logGet(43)) - raft.server.log.force.sync.num = 128 (default)
2019-10-21 07:26:39,609 [pool-47-thread-1] INFO  segmented.SegmentedRaftLogWorker (SegmentedRaftLogWorker.java:<init>(173)) - new 88702cd2-051c-4e7b-8bd3-dead2aa78a3f@group-7EABA2875604-SegmentedRaftLogWorker for RaftStorage:Storage Directory /workdir/hadoop-ozone/tools/target/test-dir/MiniOzoneClusterImpl-610dd82a-4248-4bb1-aa48-afd1fa3dcd62/datanode-2/data/ratis/79a3272f-cbe9-481c-b661-7eaba2875604
2019-10-21 07:26:39,610 [pool-47-thread-1] INFO  server.RaftServerConfigKeys (ConfUtils.java:logGet(43)) - raft.server.log.queue.byte-limit = 2147483647 (custom)
2019-10-21 07:26:39,610 [pool-37-thread-1] INFO  server.RaftServerConfigKeys (ConfUtils.java:logGet(43)) - raft.server.log.statemachine.data.sync = true (default)
2019-10-21 07:26:39,610 [pool-27-thread-1] INFO  server.RaftServerConfigKeys (ConfUtils.java:logGet(43)) - raft.server.log.segment.size.max = 1048576 (custom)
2019-10-21 07:26:39,610 [pool-37-thread-1] INFO  server.RaftServerConfigKeys (ConfUtils.java:logGet(43)) - raft.server.log.statemachine.data.sync.timeout = 10s (default)
2019-10-21 07:26:39,610 [pool-47-thread-1] INFO  server.RaftServerConfigKeys (ConfUtils.java:logGet(43)) - raft.server.log.queue.element-limit = 1024 (custom)
2019-10-21 07:26:39,610 [pool-37-thread-1] INFO  server.RaftServerConfigKeys (ConfUtils.java:logGet(43)) - raft.server.log.statemachine.data.sync.timeout.retry = -1 (default)
2019-10-21 07:26:39,610 [pool-27-thread-1] INFO  server.RaftServerConfigKeys (ConfUtils.java:logGet(43)) - raft.server.log.preallocated.size = 16384 (custom)
2019-10-21 07:26:39,611 [pool-47-thread-1] INFO  server.RaftServerConfigKeys (ConfUtils.java:logGet(43)) - raft.server.log.segment.size.max = 1048576 (custom)
2019-10-21 07:26:39,611 [pool-37-thread-1] INFO  server.RaftServerConfigKeys (ConfUtils.java:logGet(43)) - raft.server.log.statemachine.data.caching.enabled = true (custom)
2019-10-21 07:26:39,611 [pool-27-thread-1] INFO  server.RaftServerConfigKeys (ConfUtils.java:logGet(43)) - raft.server.log.write.buffer.size = 33554432 (custom)
2019-10-21 07:26:39,611 [pool-47-thread-1] INFO  server.RaftServerConfigKeys (ConfUtils.java:logGet(43)) - raft.server.log.preallocated.size = 16384 (custom)
2019-10-21 07:26:39,611 [pool-27-thread-1] INFO  server.RaftServerConfigKeys (ConfUtils.java:logGet(43)) - raft.server.log.force.sync.num = 128 (default)
2019-10-21 07:26:39,611 [pool-47-thread-1] INFO  server.RaftServerConfigKeys (ConfUtils.java:logGet(43)) - raft.server.log.write.buffer.size = 33554432 (custom)
2019-10-21 07:26:39,611 [pool-37-thread-1] INFO  segmented.SegmentedRaftLogWorker (SegmentedRaftLogWorker.java:lambda$new$0(128)) - 410c3651-7e6c-4628-b738-2d58e573bf10@group-7EABA2875604-SegmentedRaftLogWorker: flushIndex: setUnconditionally 0 -> -1
2019-10-21 07:26:39,611 [pool-47-thread-1] INFO  server.RaftServerConfigKeys (ConfUtils.java:logGet(43)) - raft.server.log.force.sync.num = 128 (default)
2019-10-21 07:26:39,611 [pool-27-thread-1] INFO  server.RaftServerConfigKeys (ConfUtils.java:logGet(43)) - raft.server.log.statemachine.data.sync = true (default)
2019-10-21 07:26:39,612 [pool-47-thread-1] INFO  server.RaftServerConfigKeys (ConfUtils.java:logGet(43)) - raft.server.log.statemachine.data.sync = true (default)
2019-10-21 07:26:39,612 [pool-27-thread-1] INFO  server.RaftServerConfigKeys (ConfUtils.java:logGet(43)) - raft.server.log.statemachine.data.sync.timeout = 10s (default)
2019-10-21 07:26:39,612 [pool-47-thread-1] INFO  server.RaftServerConfigKeys (ConfUtils.java:logGet(43)) - raft.server.log.statemachine.data.sync.timeout = 10s (default)
2019-10-21 07:26:39,612 [pool-27-thread-1] INFO  server.RaftServerConfigKeys (ConfUtils.java:logGet(43)) - raft.server.log.statemachine.data.sync.timeout.retry = -1 (default)
2019-10-21 07:26:39,612 [pool-47-thread-1] INFO  server.RaftServerConfigKeys (ConfUtils.java:logGet(43)) - raft.server.log.statemachine.data.sync.timeout.retry = -1 (default)
2019-10-21 07:26:39,614 [pool-27-thread-1] INFO  server.RaftServerConfigKeys (ConfUtils.java:logGet(43)) - raft.server.log.statemachine.data.caching.enabled = true (custom)
2019-10-21 07:26:39,614 [pool-37-thread-1] INFO  server.RaftServerConfigKeys (ConfUtils.java:logGet(43)) - raft.server.snapshot.auto.trigger.enabled = true (custom)
2019-10-21 07:26:39,614 [pool-47-thread-1] INFO  server.RaftServerConfigKeys (ConfUtils.java:logGet(43)) - raft.server.log.statemachine.data.caching.enabled = true (custom)
2019-10-21 07:26:39,614 [pool-27-thread-1] INFO  segmented.SegmentedRaftLogWorker (SegmentedRaftLogWorker.java:lambda$new$0(128)) - c1f9ca04-e4fa-49b4-8989-251d8537c158@group-7EABA2875604-SegmentedRaftLogWorker: flushIndex: setUnconditionally 0 -> -1
2019-10-21 07:26:39,614 [pool-37-thread-1] INFO  server.RaftServerConfigKeys (ConfUtils.java:logGet(43)) - raft.server.snapshot.auto.trigger.threshold = 10000 (custom)
2019-10-21 07:26:39,614 [pool-47-thread-1] INFO  segmented.SegmentedRaftLogWorker (SegmentedRaftLogWorker.java:lambda$new$0(128)) - 88702cd2-051c-4e7b-8bd3-dead2aa78a3f@group-7EABA2875604-SegmentedRaftLogWorker: flushIndex: setUnconditionally 0 -> -1
2019-10-21 07:26:39,614 [pool-27-thread-1] INFO  server.RaftServerConfigKeys (ConfUtils.java:logGet(43)) - raft.server.snapshot.auto.trigger.enabled = true (custom)
2019-10-21 07:26:39,614 [pool-37-thread-1] INFO  server.RaftServerConfigKeys (ConfUtils.java:logGet(43)) - raft.server.snapshot.retention.file.num = 5 (custom)
2019-10-21 07:26:39,618 [pool-47-thread-1] INFO  server.RaftServerConfigKeys (ConfUtils.java:logGet(43)) - raft.server.snapshot.auto.trigger.enabled = true (custom)
2019-10-21 07:26:39,616 [pool-27-thread-1] INFO  server.RaftServerConfigKeys (ConfUtils.java:logGet(43)) - raft.server.snapshot.auto.trigger.threshold = 10000 (custom)
2019-10-21 07:26:39,618 [pool-37-thread-1] INFO  server.RaftServerConfigKeys (ConfUtils.java:logGet(43)) - raft.server.retrycache.expirytime = 600000ms (custom)
2019-10-21 07:26:39,618 [pool-47-thread-1] INFO  server.RaftServerConfigKeys (ConfUtils.java:logGet(43)) - raft.server.snapshot.auto.trigger.threshold = 10000 (custom)
2019-10-21 07:26:39,619 [pool-37-thread-1] WARN  impl.MetricRegistriesImpl (MetricRegistriesImpl.java:lambda$create$1(61)) - First MetricRegistry has been created without registering reporters. You may need to call MetricRegistries.global().addReportRegistration(...) before.
2019-10-21 07:26:39,618 [pool-27-thread-1] INFO  server.RaftServerConfigKeys (ConfUtils.java:logGet(43)) - raft.server.snapshot.retention.file.num = 5 (custom)
2019-10-21 07:26:39,619 [pool-37-thread-1] WARN  impl.MetricRegistriesImpl (MetricRegistriesImpl.java:lambda$create$1(61)) - First MetricRegistry has been created without registering reporters. You may need to call MetricRegistries.global().addReportRegistration(...) before.
2019-10-21 07:26:39,619 [pool-47-thread-1] INFO  server.RaftServerConfigKeys (ConfUtils.java:logGet(43)) - raft.server.snapshot.retention.file.num = 5 (custom)
2019-10-21 07:26:39,620 [pool-37-thread-1] INFO  impl.RaftServerImpl (RaftServerImpl.java:start(184)) - 410c3651-7e6c-4628-b738-2d58e573bf10@group-7EABA2875604: start as a follower, conf=-1: [410c3651-7e6c-4628-b738-2d58e573bf10:192.168.34.63:44871, 88702cd2-051c-4e7b-8bd3-dead2aa78a3f:192.168.34.63:40600, c1f9ca04-e4fa-49b4-8989-251d8537c158:192.168.34.63:42717], old=null
2019-10-21 07:26:39,620 [pool-37-thread-1] INFO  impl.RaftServerImpl (RaftServerImpl.java:setRole(173)) - 410c3651-7e6c-4628-b738-2d58e573bf10@group-7EABA2875604: changes role from      null to FOLLOWER at term 0 for startAsFollower
2019-10-21 07:26:39,622 [pool-37-thread-1] INFO  impl.RoleInfo (RoleInfo.java:updateAndGet(143)) - 410c3651-7e6c-4628-b738-2d58e573bf10: start FollowerState
2019-10-21 07:26:39,622 [pool-47-thread-1] INFO  server.RaftServerConfigKeys (ConfUtils.java:logGet(43)) - raft.server.retrycache.expirytime = 600000ms (custom)
2019-10-21 07:26:39,622 [pool-27-thread-1] INFO  server.RaftServerConfigKeys (ConfUtils.java:logGet(43)) - raft.server.retrycache.expirytime = 600000ms (custom)
2019-10-21 07:26:39,622 [pool-47-thread-1] WARN  impl.MetricRegistriesImpl (MetricRegistriesImpl.java:lambda$create$1(61)) - First MetricRegistry has been created without registering reporters. You may need to call MetricRegistries.global().addReportRegistration(...) before.
2019-10-21 07:26:39,622 [pool-37-thread-1] INFO  util.JmxRegister (JmxRegister.java:tryRegister(44)) - Successfully registered JMX Bean with object name Ratis:service=RaftServer,group=group-7EABA2875604,id=410c3651-7e6c-4628-b738-2d58e573bf10
2019-10-21 07:26:39,622 [pool-27-thread-1] WARN  impl.MetricRegistriesImpl (MetricRegistriesImpl.java:lambda$create$1(61)) - First MetricRegistry has been created without registering reporters. You may need to call MetricRegistries.global().addReportRegistration(...) before.
2019-10-21 07:26:39,622 [pool-37-thread-1] WARN  impl.MetricRegistriesImpl (MetricRegistriesImpl.java:lambda$create$1(61)) - First MetricRegistry has been created without registering reporters. You may need to call MetricRegistries.global().addReportRegistration(...) before.
2019-10-21 07:26:39,622 [pool-47-thread-1] WARN  impl.MetricRegistriesImpl (MetricRegistriesImpl.java:lambda$create$1(61)) - First MetricRegistry has been created without registering reporters. You may need to call MetricRegistries.global().addReportRegistration(...) before.
2019-10-21 07:26:39,622 [pool-27-thread-1] WARN  impl.MetricRegistriesImpl (MetricRegistriesImpl.java:lambda$create$1(61)) - First MetricRegistry has been created without registering reporters. You may need to call MetricRegistries.global().addReportRegistration(...) before.
2019-10-21 07:26:39,628 [pool-47-thread-1] INFO  impl.RaftServerImpl (RaftServerImpl.java:start(184)) - 88702cd2-051c-4e7b-8bd3-dead2aa78a3f@group-7EABA2875604: start as a follower, conf=-1: [410c3651-7e6c-4628-b738-2d58e573bf10:192.168.34.63:44871, 88702cd2-051c-4e7b-8bd3-dead2aa78a3f:192.168.34.63:40600, c1f9ca04-e4fa-49b4-8989-251d8537c158:192.168.34.63:42717], old=null
2019-10-21 07:26:39,632 [pool-47-thread-1] INFO  impl.RaftServerImpl (RaftServerImpl.java:setRole(173)) - 88702cd2-051c-4e7b-8bd3-dead2aa78a3f@group-7EABA2875604: changes role from      null to FOLLOWER at term 0 for startAsFollower
2019-10-21 07:26:39,632 [pool-27-thread-1] INFO  impl.RaftServerImpl (RaftServerImpl.java:start(184)) - c1f9ca04-e4fa-49b4-8989-251d8537c158@group-7EABA2875604: start as a follower, conf=-1: [410c3651-7e6c-4628-b738-2d58e573bf10:192.168.34.63:44871, 88702cd2-051c-4e7b-8bd3-dead2aa78a3f:192.168.34.63:40600, c1f9ca04-e4fa-49b4-8989-251d8537c158:192.168.34.63:42717], old=null
2019-10-21 07:26:39,632 [pool-27-thread-1] INFO  impl.RaftServerImpl (RaftServerImpl.java:setRole(173)) - c1f9ca04-e4fa-49b4-8989-251d8537c158@group-7EABA2875604: changes role from      null to FOLLOWER at term 0 for startAsFollower
2019-10-21 07:26:39,636 [pool-47-thread-1] INFO  impl.RoleInfo (RoleInfo.java:updateAndGet(143)) - 88702cd2-051c-4e7b-8bd3-dead2aa78a3f: start FollowerState
2019-10-21 07:26:39,636 [pool-27-thread-1] INFO  impl.RoleInfo (RoleInfo.java:updateAndGet(143)) - c1f9ca04-e4fa-49b4-8989-251d8537c158: start FollowerState
2019-10-21 07:26:39,637 [pool-27-thread-1] INFO  util.JmxRegister (JmxRegister.java:tryRegister(44)) - Successfully registered JMX Bean with object name Ratis:service=RaftServer,group=group-7EABA2875604,id=c1f9ca04-e4fa-49b4-8989-251d8537c158
2019-10-21 07:26:39,637 [pool-47-thread-1] INFO  util.JmxRegister (JmxRegister.java:tryRegister(44)) - Successfully registered JMX Bean with object name Ratis:service=RaftServer,group=group-7EABA2875604,id=88702cd2-051c-4e7b-8bd3-dead2aa78a3f
2019-10-21 07:26:39,637 [pool-27-thread-1] WARN  impl.MetricRegistriesImpl (MetricRegistriesImpl.java:lambda$create$1(61)) - First MetricRegistry has been created without registering reporters. You may need to call MetricRegistries.global().addReportRegistration(...) before.
2019-10-21 07:26:39,637 [pool-47-thread-1] WARN  impl.MetricRegistriesImpl (MetricRegistriesImpl.java:lambda$create$1(61)) - First MetricRegistry has been created without registering reporters. You may need to call MetricRegistries.global().addReportRegistration(...) before.
2019-10-21 07:26:39,649 [RatisPipelineUtilsThread] INFO  pipeline.PipelineStateManager (PipelineStateManager.java:addPipeline(55)) - Created pipeline Pipeline[ Id: 79a3272f-cbe9-481c-b661-7eaba2875604, Nodes: 88702cd2-051c-4e7b-8bd3-dead2aa78a3f{ip: 192.168.34.63, host: pr-hdds-1868-wsm2n-11235469, networkLocation: /default-rack, certSerialId: null}c1f9ca04-e4fa-49b4-8989-251d8537c158{ip: 192.168.34.63, host: pr-hdds-1868-wsm2n-11235469, networkLocation: /default-rack, certSerialId: null}410c3651-7e6c-4628-b738-2d58e573bf10{ip: 192.168.34.63, host: pr-hdds-1868-wsm2n-11235469, networkLocation: /default-rack, certSerialId: null}, Type:RATIS, Factor:THREE, State:ALLOCATED]
2019-10-21 07:26:39,650 [Thread-178] INFO  pipeline.PipelineStateManager (PipelineStateManager.java:finalizePipeline(121)) - Pipeline Pipeline[ Id: 000578fa-8ad7-4f1f-b7d6-6e9cb08aa819, Nodes: 88702cd2-051c-4e7b-8bd3-dead2aa78a3f{ip: 192.168.34.63, host: pr-hdds-1868-wsm2n-11235469, networkLocation: /default-rack, certSerialId: null}, Type:RATIS, Factor:ONE, State:CLOSED] moved to CLOSED state
2019-10-21 07:26:39,660 [grpc-default-executor-0] INFO  impl.RaftServerProxy (RaftServerProxy.java:remove(95)) - 88702cd2-051c-4e7b-8bd3-dead2aa78a3f: remove  FOLLOWER 88702cd2-051c-4e7b-8bd3-dead2aa78a3f@group-6E9CB08AA819:t0, leader=null, voted=null, raftlog=88702cd2-051c-4e7b-8bd3-dead2aa78a3f@group-6E9CB08AA819-SegmentedRaftLog:OPENED:c-1,f-1,i0, conf=-1: [88702cd2-051c-4e7b-8bd3-dead2aa78a3f:192.168.34.63:40600], old=null RUNNING
2019-10-21 07:26:39,661 [grpc-default-executor-0] INFO  impl.RaftServerImpl (RaftServerImpl.java:lambda$shutdown$3(250)) - 88702cd2-051c-4e7b-8bd3-dead2aa78a3f@group-6E9CB08AA819: shutdown
2019-10-21 07:26:39,661 [grpc-default-executor-0] INFO  util.JmxRegister (JmxRegister.java:unregister(73)) - Successfully un-registered JMX Bean with object name Ratis:service=RaftServer,group=group-6E9CB08AA819,id=88702cd2-051c-4e7b-8bd3-dead2aa78a3f
2019-10-21 07:26:39,661 [grpc-default-executor-0] INFO  impl.RoleInfo (RoleInfo.java:shutdownFollowerState(121)) - 88702cd2-051c-4e7b-8bd3-dead2aa78a3f: shutdown FollowerState
2019-10-21 07:26:39,661 [grpc-default-executor-0] INFO  impl.StateMachineUpdater (StateMachineUpdater.java:stopAndJoin(136)) - 88702cd2-051c-4e7b-8bd3-dead2aa78a3f@group-6E9CB08AA819-StateMachineUpdater: set stopIndex = -1
2019-10-21 07:26:39,663 [Thread-183] INFO  impl.FollowerState (FollowerState.java:run(120)) - 88702cd2-051c-4e7b-8bd3-dead2aa78a3f@group-6E9CB08AA819-FollowerState was interrupted: java.lang.InterruptedException: sleep interrupted
2019-10-21 07:26:39,664 [grpc-default-executor-0] INFO  impl.RaftServerImpl (ServerState.java:close(387)) - 88702cd2-051c-4e7b-8bd3-dead2aa78a3f@group-6E9CB08AA819: closes. applyIndex: -1
2019-10-21 07:26:39,664 [88702cd2-051c-4e7b-8bd3-dead2aa78a3f@group-6E9CB08AA819-SegmentedRaftLogWorker] INFO  segmented.SegmentedRaftLogWorker (SegmentedRaftLogWorker.java:run(316)) - 88702cd2-051c-4e7b-8bd3-dead2aa78a3f@group-6E9CB08AA819-SegmentedRaftLogWorker was interrupted, exiting. There are 0 tasks remaining in the queue.
2019-10-21 07:26:39,665 [grpc-default-executor-0] INFO  segmented.SegmentedRaftLogWorker (SegmentedRaftLogWorker.java:close(224)) - 88702cd2-051c-4e7b-8bd3-dead2aa78a3f@group-6E9CB08AA819-SegmentedRaftLogWorker close()
2019-10-21 07:26:39,670 [Thread-178] INFO  pipeline.PipelineStateManager (PipelineStateManager.java:removePipeline(106)) - Pipeline Pipeline[ Id: 000578fa-8ad7-4f1f-b7d6-6e9cb08aa819, Nodes: 88702cd2-051c-4e7b-8bd3-dead2aa78a3f{ip: 192.168.34.63, host: pr-hdds-1868-wsm2n-11235469, networkLocation: /default-rack, certSerialId: null}, Type:RATIS, Factor:ONE, State:CLOSED] removed from db
2019-10-21 07:26:39,678 [grpc-default-executor-0] INFO  impl.RaftServerProxy (RaftServerProxy.java:addNew(89)) - 88702cd2-051c-4e7b-8bd3-dead2aa78a3f: addNew group-6AB9CE055487:[88702cd2-051c-4e7b-8bd3-dead2aa78a3f:192.168.34.63:40600] returns group-6AB9CE055487:java.util.concurrent.CompletableFuture@4f6cd1d2[Not completed]
2019-10-21 07:26:39,679 [pool-47-thread-1] INFO  impl.RaftServerImpl (RaftServerImpl.java:<init>(98)) - 88702cd2-051c-4e7b-8bd3-dead2aa78a3f: new RaftServerImpl for group-6AB9CE055487:[88702cd2-051c-4e7b-8bd3-dead2aa78a3f:192.168.34.63:40600] with ContainerStateMachine:uninitialized
2019-10-21 07:26:39,679 [pool-47-thread-1] INFO  server.RaftServerConfigKeys (ConfUtils.java:logGet(43)) - raft.server.rpc.timeout.min = 5s (custom)
2019-10-21 07:26:39,679 [pool-47-thread-1] INFO  server.RaftServerConfigKeys (ConfUtils.java:logGet(43)) - raft.server.rpc.timeout.max = 5200ms (custom)
2019-10-21 07:26:39,680 [pool-47-thread-1] INFO  server.RaftServerConfigKeys (ConfUtils.java:logGet(43)) - raft.server.rpcslowness.timeout = 120s (custom)
2019-10-21 07:26:39,680 [pool-47-thread-1] INFO  server.RaftServerConfigKeys (ConfUtils.java:logGet(43)) - raft.server.sleep.deviation.threshold = 300 (default)
2019-10-21 07:26:39,680 [pool-47-thread-1] INFO  server.RaftServerConfigKeys (ConfUtils.java:logGet(43)) - raft.server.log.appender.install.snapshot.enabled = false (custom)
2019-10-21 07:26:39,680 [pool-47-thread-1] INFO  impl.RaftServerImpl (ServerState.java:<init>(103)) - 88702cd2-051c-4e7b-8bd3-dead2aa78a3f@group-6AB9CE055487: ConfigurationManager, init=-1: [88702cd2-051c-4e7b-8bd3-dead2aa78a3f:192.168.34.63:40600], old=null, confs=<EMPTY_MAP>
2019-10-21 07:26:39,680 [pool-47-thread-1] INFO  server.RaftServerConfigKeys (ConfUtils.java:logGet(43)) - raft.server.storage.dir = [/workdir/hadoop-ozone/tools/target/test-dir/MiniOzoneClusterImpl-610dd82a-4248-4bb1-aa48-afd1fa3dcd62/datanode-2/data/ratis] (custom)
2019-10-21 07:26:39,680 [pool-47-thread-1] INFO  server.RaftServerConfigKeys (ConfUtils.java:logGet(43)) - raft.server.log.corruption.policy = EXCEPTION (default)
2019-10-21 07:26:39,680 [pool-47-thread-1] INFO  storage.RaftStorageDirectory (RaftStorageDirectory.java:analyzeStorage(246)) - The storage directory /workdir/hadoop-ozone/tools/target/test-dir/MiniOzoneClusterImpl-610dd82a-4248-4bb1-aa48-afd1fa3dcd62/datanode-2/data/ratis/7bc2cc52-2094-4658-8486-6ab9ce055487 does not exist. Creating ...
2019-10-21 07:26:39,694 [pool-47-thread-1] INFO  storage.RaftStorageDirectory (RaftStorageDirectory.java:tryLock(328)) - Lock on /workdir/hadoop-ozone/tools/target/test-dir/MiniOzoneClusterImpl-610dd82a-4248-4bb1-aa48-afd1fa3dcd62/datanode-2/data/ratis/7bc2cc52-2094-4658-8486-6ab9ce055487/in_use.lock acquired by nodename 1988@pr-hdds-1868-wsm2n-11235469
2019-10-21 07:26:39,727 [pool-47-thread-1] INFO  storage.RaftStorage (RaftStorage.java:format(84)) - Storage directory /workdir/hadoop-ozone/tools/target/test-dir/MiniOzoneClusterImpl-610dd82a-4248-4bb1-aa48-afd1fa3dcd62/datanode-2/data/ratis/7bc2cc52-2094-4658-8486-6ab9ce055487 has been successfully formatted.
2019-10-21 07:26:39,728 [pool-47-thread-1] INFO  ratis.ContainerStateMachine (ContainerStateMachine.java:loadSnapshot(233)) - group-6AB9CE055487: The snapshot info is null. Setting the last applied indexto:(t:0, i:~)
2019-10-21 07:26:39,728 [pool-47-thread-1] INFO  server.RaftServerConfigKeys (ConfUtils.java:logGet(43)) - raft.server.notification.no-leader.timeout = 120s (custom)
2019-10-21 07:26:39,728 [pool-47-thread-1] INFO  server.RaftServerConfigKeys (ConfUtils.java:logGet(43)) - raft.server.log.use.memory = false (default)
2019-10-21 07:26:39,729 [pool-47-thread-1] INFO  server.RaftServerConfigKeys (ConfUtils.java:logGet(43)) - raft.server.log.purge.gap = 1000000 (custom)
2019-10-21 07:26:39,729 [pool-47-thread-1] INFO  server.RaftServerConfigKeys (ConfUtils.java:logGet(43)) - raft.server.log.appender.buffer.byte-limit = 33554432 (custom)
2019-10-21 07:26:39,729 [pool-47-thread-1] INFO  server.RaftServerConfigKeys (ConfUtils.java:logGet(43)) - raft.server.log.segment.size.max = 1048576 (custom)
2019-10-21 07:26:39,729 [pool-47-thread-1] INFO  server.RaftServerConfigKeys (ConfUtils.java:logGet(43)) - raft.server.log.segment.cache.num.max = 2 (custom)
2019-10-21 07:26:39,729 [pool-47-thread-1] INFO  segmented.SegmentedRaftLogWorker (SegmentedRaftLogWorker.java:<init>(173)) - new 88702cd2-051c-4e7b-8bd3-dead2aa78a3f@group-6AB9CE055487-SegmentedRaftLogWorker for RaftStorage:Storage Directory /workdir/hadoop-ozone/tools/target/test-dir/MiniOzoneClusterImpl-610dd82a-4248-4bb1-aa48-afd1fa3dcd62/datanode-2/data/ratis/7bc2cc52-2094-4658-8486-6ab9ce055487
2019-10-21 07:26:39,729 [pool-47-thread-1] INFO  server.RaftServerConfigKeys (ConfUtils.java:logGet(43)) - raft.server.log.queue.byte-limit = 2147483647 (custom)
2019-10-21 07:26:39,729 [pool-47-thread-1] INFO  server.RaftServerConfigKeys (ConfUtils.java:logGet(43)) - raft.server.log.queue.element-limit = 1024 (custom)
2019-10-21 07:26:39,729 [pool-47-thread-1] INFO  server.RaftServerConfigKeys (ConfUtils.java:logGet(43)) - raft.server.log.segment.size.max = 1048576 (custom)
2019-10-21 07:26:39,729 [pool-47-thread-1] INFO  server.RaftServerConfigKeys (ConfUtils.java:logGet(43)) - raft.server.log.preallocated.size = 16384 (custom)
2019-10-21 07:26:39,729 [pool-47-thread-1] INFO  server.RaftServerConfigKeys (ConfUtils.java:logGet(43)) - raft.server.log.write.buffer.size = 33554432 (custom)
2019-10-21 07:26:39,730 [pool-47-thread-1] INFO  server.RaftServerConfigKeys (ConfUtils.java:logGet(43)) - raft.server.log.force.sync.num = 128 (default)
2019-10-21 07:26:39,730 [pool-47-thread-1] INFO  server.RaftServerConfigKeys (ConfUtils.java:logGet(43)) - raft.server.log.statemachine.data.sync = true (default)
2019-10-21 07:26:39,730 [pool-47-thread-1] INFO  server.RaftServerConfigKeys (ConfUtils.java:logGet(43)) - raft.server.log.statemachine.data.sync.timeout = 10s (default)
2019-10-21 07:26:39,730 [pool-47-thread-1] INFO  server.RaftServerConfigKeys (ConfUtils.java:logGet(43)) - raft.server.log.statemachine.data.sync.timeout.retry = -1 (default)
2019-10-21 07:26:39,730 [pool-47-thread-1] INFO  server.RaftServerConfigKeys (ConfUtils.java:logGet(43)) - raft.server.log.statemachine.data.caching.enabled = true (custom)
2019-10-21 07:26:39,730 [pool-47-thread-1] INFO  segmented.SegmentedRaftLogWorker (SegmentedRaftLogWorker.java:lambda$new$0(128)) - 88702cd2-051c-4e7b-8bd3-dead2aa78a3f@group-6AB9CE055487-SegmentedRaftLogWorker: flushIndex: setUnconditionally 0 -> -1
2019-10-21 07:26:39,731 [pool-47-thread-1] INFO  server.RaftServerConfigKeys (ConfUtils.java:logGet(43)) - raft.server.snapshot.auto.trigger.enabled = true (custom)
2019-10-21 07:26:39,731 [pool-47-thread-1] INFO  server.RaftServerConfigKeys (ConfUtils.java:logGet(43)) - raft.server.snapshot.auto.trigger.threshold = 10000 (custom)
2019-10-21 07:26:39,731 [pool-47-thread-1] INFO  server.RaftServerConfigKeys (ConfUtils.java:logGet(43)) - raft.server.snapshot.retention.file.num = 5 (custom)
2019-10-21 07:26:39,731 [pool-47-thread-1] INFO  server.RaftServerConfigKeys (ConfUtils.java:logGet(43)) - raft.server.retrycache.expirytime = 600000ms (custom)
2019-10-21 07:26:39,731 [pool-47-thread-1] WARN  impl.MetricRegistriesImpl (MetricRegistriesImpl.java:lambda$create$1(61)) - First MetricRegistry has been created without registering reporters. You may need to call MetricRegistries.global().addReportRegistration(...) before.
2019-10-21 07:26:39,731 [pool-47-thread-1] WARN  impl.MetricRegistriesImpl (MetricRegistriesImpl.java:lambda$create$1(61)) - First MetricRegistry has been created without registering reporters. You may need to call MetricRegistries.global().addReportRegistration(...) before.
2019-10-21 07:26:39,732 [pool-47-thread-1] INFO  impl.RaftServerImpl (RaftServerImpl.java:start(184)) - 88702cd2-051c-4e7b-8bd3-dead2aa78a3f@group-6AB9CE055487: start as a follower, conf=-1: [88702cd2-051c-4e7b-8bd3-dead2aa78a3f:192.168.34.63:40600], old=null
2019-10-21 07:26:39,732 [pool-47-thread-1] INFO  impl.RaftServerImpl (RaftServerImpl.java:setRole(173)) - 88702cd2-051c-4e7b-8bd3-dead2aa78a3f@group-6AB9CE055487: changes role from      null to FOLLOWER at term 0 for startAsFollower
2019-10-21 07:26:39,732 [pool-47-thread-1] INFO  impl.RoleInfo (RoleInfo.java:updateAndGet(143)) - 88702cd2-051c-4e7b-8bd3-dead2aa78a3f: start FollowerState
2019-10-21 07:26:39,732 [pool-47-thread-1] INFO  util.JmxRegister (JmxRegister.java:tryRegister(44)) - Successfully registered JMX Bean with object name Ratis:service=RaftServer,group=group-6AB9CE055487,id=88702cd2-051c-4e7b-8bd3-dead2aa78a3f
2019-10-21 07:26:39,732 [pool-47-thread-1] WARN  impl.MetricRegistriesImpl (MetricRegistriesImpl.java:lambda$create$1(61)) - First MetricRegistry has been created without registering reporters. You may need to call MetricRegistries.global().addReportRegistration(...) before.
2019-10-21 07:26:39,738 [RatisPipelineUtilsThread] INFO  pipeline.PipelineStateManager (PipelineStateManager.java:addPipeline(55)) - Created pipeline Pipeline[ Id: 7bc2cc52-2094-4658-8486-6ab9ce055487, Nodes: 88702cd2-051c-4e7b-8bd3-dead2aa78a3f{ip: 192.168.34.63, host: pr-hdds-1868-wsm2n-11235469, networkLocation: /default-rack, certSerialId: null}, Type:RATIS, Factor:ONE, State:ALLOCATED]
2019-10-21 07:26:40,230 [main] INFO  ozone.MiniOzoneClusterImpl (MiniOzoneClusterImpl.java:lambda$waitForClusterToBeReady$2(162)) - Waiting for 4 number of pipelines out of 4, to report a leader.
2019-10-21 07:26:41,231 [main] INFO  ozone.MiniOzoneClusterImpl (MiniOzoneClusterImpl.java:lambda$waitForClusterToBeReady$2(162)) - Waiting for 4 number of pipelines out of 4, to report a leader.
2019-10-21 07:26:42,231 [main] INFO  ozone.MiniOzoneClusterImpl (MiniOzoneClusterImpl.java:lambda$waitForClusterToBeReady$2(162)) - Waiting for 4 number of pipelines out of 4, to report a leader.
2019-10-21 07:26:43,232 [main] INFO  ozone.MiniOzoneClusterImpl (MiniOzoneClusterImpl.java:lambda$waitForClusterToBeReady$2(162)) - Waiting for 4 number of pipelines out of 4, to report a leader.
2019-10-21 07:26:44,232 [main] INFO  ozone.MiniOzoneClusterImpl (MiniOzoneClusterImpl.java:lambda$waitForClusterToBeReady$2(162)) - Waiting for 4 number of pipelines out of 4, to report a leader.
2019-10-21 07:26:44,532 [Thread-204] INFO  impl.FollowerState (FollowerState.java:run(111)) - 410c3651-7e6c-4628-b738-2d58e573bf10@group-5C436578BB50-FollowerState: change to CANDIDATE, lastRpcTime:5049ms, electionTimeout:5049ms
2019-10-21 07:26:44,534 [Thread-204] INFO  impl.RoleInfo (RoleInfo.java:shutdownFollowerState(121)) - 410c3651-7e6c-4628-b738-2d58e573bf10: shutdown FollowerState
2019-10-21 07:26:44,534 [Thread-204] INFO  impl.RaftServerImpl (RaftServerImpl.java:setRole(173)) - 410c3651-7e6c-4628-b738-2d58e573bf10@group-5C436578BB50: changes role from  FOLLOWER to CANDIDATE at term 0 for changeToCandidate
2019-10-21 07:26:44,539 [Thread-204] INFO  impl.RoleInfo (RoleInfo.java:updateAndGet(143)) - 410c3651-7e6c-4628-b738-2d58e573bf10: start LeaderElection
2019-10-21 07:26:44,553 [410c3651-7e6c-4628-b738-2d58e573bf10@group-5C436578BB50-LeaderElection1] INFO  impl.LeaderElection (LeaderElection.java:askForVotes(178)) - 410c3651-7e6c-4628-b738-2d58e573bf10@group-5C436578BB50-LeaderElection1: begin an election at term 1 for -1: [410c3651-7e6c-4628-b738-2d58e573bf10:192.168.34.63:44871], old=null
2019-10-21 07:26:44,555 [410c3651-7e6c-4628-b738-2d58e573bf10@group-5C436578BB50-LeaderElection1] INFO  impl.RoleInfo (RoleInfo.java:shutdownLeaderElection(134)) - 410c3651-7e6c-4628-b738-2d58e573bf10: shutdown LeaderElection
2019-10-21 07:26:44,555 [410c3651-7e6c-4628-b738-2d58e573bf10@group-5C436578BB50-LeaderElection1] INFO  impl.RaftServerImpl (RaftServerImpl.java:setRole(173)) - 410c3651-7e6c-4628-b738-2d58e573bf10@group-5C436578BB50: changes role from CANDIDATE to LEADER at term 1 for changeToLeader
2019-10-21 07:26:44,556 [410c3651-7e6c-4628-b738-2d58e573bf10@group-5C436578BB50-LeaderElection1] INFO  ratis.XceiverServerRatis (XceiverServerRatis.java:handleLeaderChangedNotification(701)) - Leader change notification received for group: group-5C436578BB50 with new leaderId: 410c3651-7e6c-4628-b738-2d58e573bf10
2019-10-21 07:26:44,560 [410c3651-7e6c-4628-b738-2d58e573bf10@group-5C436578BB50-LeaderElection1] INFO  impl.RaftServerImpl (ServerState.java:setLeader(255)) - 410c3651-7e6c-4628-b738-2d58e573bf10@group-5C436578BB50: change Leader from null to 410c3651-7e6c-4628-b738-2d58e573bf10 at term 1 for becomeLeader, leader elected after 5078ms
2019-10-21 07:26:44,566 [410c3651-7e6c-4628-b738-2d58e573bf10@group-5C436578BB50-LeaderElection1] INFO  server.RaftServerConfigKeys (ConfUtils.java:logGet(43)) - raft.server.staging.catchup.gap = 1000 (default)
2019-10-21 07:26:44,567 [410c3651-7e6c-4628-b738-2d58e573bf10@group-5C436578BB50-LeaderElection1] INFO  server.RaftServerConfigKeys (ConfUtils.java:logGet(43)) - raft.server.rpc.sleep.time = 25ms (default)
2019-10-21 07:26:44,571 [410c3651-7e6c-4628-b738-2d58e573bf10@group-5C436578BB50-LeaderElection1] INFO  server.RaftServerConfigKeys (ConfUtils.java:logGet(43)) - raft.server.write.element-limit = 4096 (default)
2019-10-21 07:26:44,575 [410c3651-7e6c-4628-b738-2d58e573bf10@group-5C436578BB50-LeaderElection1] INFO  server.RaftServerConfigKeys (ConfUtils.java:logGet(43)) - raft.server.watch.timeout = 10s (default)
2019-10-21 07:26:44,575 [410c3651-7e6c-4628-b738-2d58e573bf10@group-5C436578BB50-LeaderElection1] INFO  server.RaftServerConfigKeys (ConfUtils.java:logGet(43)) - raft.server.watch.timeout.denomination = 1s (default)
2019-10-21 07:26:44,576 [410c3651-7e6c-4628-b738-2d58e573bf10@group-5C436578BB50-LeaderElection1] INFO  server.RaftServerConfigKeys (ConfUtils.java:logGet(43)) - raft.server.watch.element-limit = 65536 (default)
2019-10-21 07:26:44,580 [EventQueue-PipelineReportForPipelineReportHandler] INFO  pipeline.PipelineReportHandler (PipelineReportHandler.java:processPipelineReport(112)) - Pipeline PipelineID=79a3272f-cbe9-481c-b661-7eaba2875604 reported by 410c3651-7e6c-4628-b738-2d58e573bf10{ip: 192.168.34.63, host: pr-hdds-1868-wsm2n-11235469, networkLocation: /default-rack, certSerialId: null} with leaderId 
2019-10-21 07:26:44,580 [EventQueue-PipelineReportForPipelineReportHandler] INFO  pipeline.PipelineReportHandler (PipelineReportHandler.java:processPipelineReport(112)) - Pipeline PipelineID=7634ef3f-fa7d-4e99-be3f-5c436578bb50 reported by 410c3651-7e6c-4628-b738-2d58e573bf10{ip: 192.168.34.63, host: pr-hdds-1868-wsm2n-11235469, networkLocation: /default-rack, certSerialId: null} with leaderId 410c3651-7e6c-4628-b738-2d58e573bf10
2019-10-21 07:26:44,581 [Thread-200] INFO  impl.FollowerState (FollowerState.java:run(111)) - c1f9ca04-e4fa-49b4-8989-251d8537c158@group-F5488C411BC6-FollowerState: change to CANDIDATE, lastRpcTime:5188ms, electionTimeout:5188ms
2019-10-21 07:26:44,581 [Thread-200] INFO  impl.RoleInfo (RoleInfo.java:shutdownFollowerState(121)) - c1f9ca04-e4fa-49b4-8989-251d8537c158: shutdown FollowerState
2019-10-21 07:26:44,581 [Thread-200] INFO  impl.RaftServerImpl (RaftServerImpl.java:setRole(173)) - c1f9ca04-e4fa-49b4-8989-251d8537c158@group-F5488C411BC6: changes role from  FOLLOWER to CANDIDATE at term 0 for changeToCandidate
2019-10-21 07:26:44,582 [Thread-200] INFO  impl.RoleInfo (RoleInfo.java:updateAndGet(143)) - c1f9ca04-e4fa-49b4-8989-251d8537c158: start LeaderElection
2019-10-21 07:26:44,586 [EventQueue-PipelineReportForPipelineReportHandler] INFO  pipeline.PipelineStateManager (PipelineStateManager.java:openPipeline(134)) - Pipeline Pipeline[ Id: 7634ef3f-fa7d-4e99-be3f-5c436578bb50, Nodes: 410c3651-7e6c-4628-b738-2d58e573bf10{ip: 192.168.34.63, host: pr-hdds-1868-wsm2n-11235469, networkLocation: /default-rack, certSerialId: null}, Type:RATIS, Factor:ONE, State:OPEN] moved to OPEN state
2019-10-21 07:26:44,588 [410c3651-7e6c-4628-b738-2d58e573bf10@group-5C436578BB50-LeaderElection1] INFO  impl.RoleInfo (RoleInfo.java:updateAndGet(143)) - 410c3651-7e6c-4628-b738-2d58e573bf10: start LeaderState
2019-10-21 07:26:44,599 [c1f9ca04-e4fa-49b4-8989-251d8537c158@group-F5488C411BC6-LeaderElection2] INFO  impl.LeaderElection (LeaderElection.java:askForVotes(178)) - c1f9ca04-e4fa-49b4-8989-251d8537c158@group-F5488C411BC6-LeaderElection2: begin an election at term 1 for -1: [c1f9ca04-e4fa-49b4-8989-251d8537c158:192.168.34.63:42717], old=null
2019-10-21 07:26:44,599 [c1f9ca04-e4fa-49b4-8989-251d8537c158@group-F5488C411BC6-LeaderElection2] INFO  impl.RoleInfo (RoleInfo.java:shutdownLeaderElection(134)) - c1f9ca04-e4fa-49b4-8989-251d8537c158: shutdown LeaderElection
2019-10-21 07:26:44,600 [c1f9ca04-e4fa-49b4-8989-251d8537c158@group-F5488C411BC6-LeaderElection2] INFO  impl.RaftServerImpl (RaftServerImpl.java:setRole(173)) - c1f9ca04-e4fa-49b4-8989-251d8537c158@group-F5488C411BC6: changes role from CANDIDATE to LEADER at term 1 for changeToLeader
2019-10-21 07:26:44,600 [c1f9ca04-e4fa-49b4-8989-251d8537c158@group-F5488C411BC6-LeaderElection2] INFO  ratis.XceiverServerRatis (XceiverServerRatis.java:handleLeaderChangedNotification(701)) - Leader change notification received for group: group-F5488C411BC6 with new leaderId: c1f9ca04-e4fa-49b4-8989-251d8537c158
2019-10-21 07:26:44,601 [c1f9ca04-e4fa-49b4-8989-251d8537c158@group-F5488C411BC6-LeaderElection2] INFO  impl.RaftServerImpl (ServerState.java:setLeader(255)) - c1f9ca04-e4fa-49b4-8989-251d8537c158@group-F5488C411BC6: change Leader from null to c1f9ca04-e4fa-49b4-8989-251d8537c158 at term 1 for becomeLeader, leader elected after 5219ms
2019-10-21 07:26:44,601 [c1f9ca04-e4fa-49b4-8989-251d8537c158@group-F5488C411BC6-LeaderElection2] INFO  server.RaftServerConfigKeys (ConfUtils.java:logGet(43)) - raft.server.staging.catchup.gap = 1000 (default)
2019-10-21 07:26:44,601 [c1f9ca04-e4fa-49b4-8989-251d8537c158@group-F5488C411BC6-LeaderElection2] INFO  server.RaftServerConfigKeys (ConfUtils.java:logGet(43)) - raft.server.rpc.sleep.time = 25ms (default)
2019-10-21 07:26:44,601 [c1f9ca04-e4fa-49b4-8989-251d8537c158@group-F5488C411BC6-LeaderElection2] INFO  server.RaftServerConfigKeys (ConfUtils.java:logGet(43)) - raft.server.write.element-limit = 4096 (default)
2019-10-21 07:26:44,602 [c1f9ca04-e4fa-49b4-8989-251d8537c158@group-F5488C411BC6-LeaderElection2] INFO  server.RaftServerConfigKeys (ConfUtils.java:logGet(43)) - raft.server.watch.timeout = 10s (default)
2019-10-21 07:26:44,602 [c1f9ca04-e4fa-49b4-8989-251d8537c158@group-F5488C411BC6-LeaderElection2] INFO  server.RaftServerConfigKeys (ConfUtils.java:logGet(43)) - raft.server.watch.timeout.denomination = 1s (default)
2019-10-21 07:26:44,603 [c1f9ca04-e4fa-49b4-8989-251d8537c158@group-F5488C411BC6-LeaderElection2] INFO  server.RaftServerConfigKeys (ConfUtils.java:logGet(43)) - raft.server.watch.element-limit = 65536 (default)
2019-10-21 07:26:44,603 [EventQueue-PipelineReportForPipelineReportHandler] INFO  pipeline.PipelineReportHandler (PipelineReportHandler.java:processPipelineReport(112)) - Pipeline PipelineID=79a3272f-cbe9-481c-b661-7eaba2875604 reported by c1f9ca04-e4fa-49b4-8989-251d8537c158{ip: 192.168.34.63, host: pr-hdds-1868-wsm2n-11235469, networkLocation: /default-rack, certSerialId: null} with leaderId 
2019-10-21 07:26:44,603 [c1f9ca04-e4fa-49b4-8989-251d8537c158@group-F5488C411BC6-LeaderElection2] INFO  impl.RoleInfo (RoleInfo.java:updateAndGet(143)) - c1f9ca04-e4fa-49b4-8989-251d8537c158: start LeaderState
2019-10-21 07:26:44,603 [EventQueue-PipelineReportForPipelineReportHandler] INFO  pipeline.PipelineReportHandler (PipelineReportHandler.java:processPipelineReport(112)) - Pipeline PipelineID=8fbd07c2-934d-4d11-8ef4-f5488c411bc6 reported by c1f9ca04-e4fa-49b4-8989-251d8537c158{ip: 192.168.34.63, host: pr-hdds-1868-wsm2n-11235469, networkLocation: /default-rack, certSerialId: null} with leaderId c1f9ca04-e4fa-49b4-8989-251d8537c158
2019-10-21 07:26:44,603 [EventQueue-PipelineReportForPipelineReportHandler] INFO  pipeline.PipelineStateManager (PipelineStateManager.java:openPipeline(134)) - Pipeline Pipeline[ Id: 8fbd07c2-934d-4d11-8ef4-f5488c411bc6, Nodes: c1f9ca04-e4fa-49b4-8989-251d8537c158{ip: 192.168.34.63, host: pr-hdds-1868-wsm2n-11235469, networkLocation: /default-rack, certSerialId: null}, Type:RATIS, Factor:ONE, State:OPEN] moved to OPEN state
2019-10-21 07:26:44,609 [410c3651-7e6c-4628-b738-2d58e573bf10@group-5C436578BB50-LeaderElection1] INFO  segmented.SegmentedRaftLogWorker (SegmentedRaftLogWorker.java:startLogSegment(385)) - 410c3651-7e6c-4628-b738-2d58e573bf10@group-5C436578BB50-SegmentedRaftLogWorker: Starting segment from index:0
2019-10-21 07:26:44,609 [c1f9ca04-e4fa-49b4-8989-251d8537c158@group-F5488C411BC6-LeaderElection2] INFO  segmented.SegmentedRaftLogWorker (SegmentedRaftLogWorker.java:startLogSegment(385)) - c1f9ca04-e4fa-49b4-8989-251d8537c158@group-F5488C411BC6-SegmentedRaftLogWorker: Starting segment from index:0
2019-10-21 07:26:44,619 [410c3651-7e6c-4628-b738-2d58e573bf10@group-5C436578BB50-LeaderElection1] INFO  impl.RaftServerImpl (ServerState.java:setRaftConf(356)) - 410c3651-7e6c-4628-b738-2d58e573bf10@group-5C436578BB50: set configuration 0: [410c3651-7e6c-4628-b738-2d58e573bf10:192.168.34.63:44871], old=null at 0
2019-10-21 07:26:44,619 [c1f9ca04-e4fa-49b4-8989-251d8537c158@group-F5488C411BC6-LeaderElection2] INFO  impl.RaftServerImpl (ServerState.java:setRaftConf(356)) - c1f9ca04-e4fa-49b4-8989-251d8537c158@group-F5488C411BC6: set configuration 0: [c1f9ca04-e4fa-49b4-8989-251d8537c158:192.168.34.63:42717], old=null at 0
2019-10-21 07:26:44,644 [Thread-212] INFO  impl.FollowerState (FollowerState.java:run(111)) - 410c3651-7e6c-4628-b738-2d58e573bf10@group-7EABA2875604-FollowerState: change to CANDIDATE, lastRpcTime:5022ms, electionTimeout:5022ms
2019-10-21 07:26:44,644 [Thread-212] INFO  impl.RoleInfo (RoleInfo.java:shutdownFollowerState(121)) - 410c3651-7e6c-4628-b738-2d58e573bf10: shutdown FollowerState
2019-10-21 07:26:44,644 [Thread-212] INFO  impl.RaftServerImpl (RaftServerImpl.java:setRole(173)) - 410c3651-7e6c-4628-b738-2d58e573bf10@group-7EABA2875604: changes role from  FOLLOWER to CANDIDATE at term 0 for changeToCandidate
2019-10-21 07:26:44,645 [Thread-212] INFO  impl.RoleInfo (RoleInfo.java:updateAndGet(143)) - 410c3651-7e6c-4628-b738-2d58e573bf10: start LeaderElection
2019-10-21 07:26:44,654 [410c3651-7e6c-4628-b738-2d58e573bf10@group-7EABA2875604-LeaderElection3] INFO  impl.LeaderElection (LeaderElection.java:askForVotes(178)) - 410c3651-7e6c-4628-b738-2d58e573bf10@group-7EABA2875604-LeaderElection3: begin an election at term 1 for -1: [410c3651-7e6c-4628-b738-2d58e573bf10:192.168.34.63:44871, 88702cd2-051c-4e7b-8bd3-dead2aa78a3f:192.168.34.63:40600, c1f9ca04-e4fa-49b4-8989-251d8537c158:192.168.34.63:42717], old=null
2019-10-21 07:26:44,675 [grpc-default-executor-0] INFO  impl.RaftServerImpl (RaftServerImpl.java:setRole(173)) - c1f9ca04-e4fa-49b4-8989-251d8537c158@group-7EABA2875604: changes role from  FOLLOWER to FOLLOWER at term 1 for recognizeCandidate:410c3651-7e6c-4628-b738-2d58e573bf10
2019-10-21 07:26:44,676 [grpc-default-executor-0] INFO  impl.RoleInfo (RoleInfo.java:shutdownFollowerState(121)) - c1f9ca04-e4fa-49b4-8989-251d8537c158: shutdown FollowerState
2019-10-21 07:26:44,676 [grpc-default-executor-1] INFO  impl.RaftServerImpl (RaftServerImpl.java:setRole(173)) - 88702cd2-051c-4e7b-8bd3-dead2aa78a3f@group-7EABA2875604: changes role from  FOLLOWER to FOLLOWER at term 1 for recognizeCandidate:410c3651-7e6c-4628-b738-2d58e573bf10
2019-10-21 07:26:44,676 [grpc-default-executor-0] INFO  impl.RoleInfo (RoleInfo.java:updateAndGet(143)) - c1f9ca04-e4fa-49b4-8989-251d8537c158: start FollowerState
2019-10-21 07:26:44,676 [Thread-215] INFO  impl.FollowerState (FollowerState.java:run(120)) - c1f9ca04-e4fa-49b4-8989-251d8537c158@group-7EABA2875604-FollowerState was interrupted: java.lang.InterruptedException: sleep interrupted
2019-10-21 07:26:44,676 [grpc-default-executor-1] INFO  impl.RoleInfo (RoleInfo.java:shutdownFollowerState(121)) - 88702cd2-051c-4e7b-8bd3-dead2aa78a3f: shutdown FollowerState
2019-10-21 07:26:44,677 [Thread-214] INFO  impl.FollowerState (FollowerState.java:run(120)) - 88702cd2-051c-4e7b-8bd3-dead2aa78a3f@group-7EABA2875604-FollowerState was interrupted: java.lang.InterruptedException: sleep interrupted
2019-10-21 07:26:44,677 [grpc-default-executor-1] INFO  impl.RoleInfo (RoleInfo.java:updateAndGet(143)) - 88702cd2-051c-4e7b-8bd3-dead2aa78a3f: start FollowerState
2019-10-21 07:26:44,716 [410c3651-7e6c-4628-b738-2d58e573bf10@group-7EABA2875604-LeaderElection3] INFO  impl.LeaderElection (LeaderElection.java:logAndReturn(56)) - 410c3651-7e6c-4628-b738-2d58e573bf10@group-7EABA2875604-LeaderElection3: Election PASSED; received 1 response(s) [410c3651-7e6c-4628-b738-2d58e573bf10<-88702cd2-051c-4e7b-8bd3-dead2aa78a3f#0:OK-t1] and 0 exception(s); 410c3651-7e6c-4628-b738-2d58e573bf10@group-7EABA2875604:t1, leader=null, voted=410c3651-7e6c-4628-b738-2d58e573bf10, raftlog=410c3651-7e6c-4628-b738-2d58e573bf10@group-7EABA2875604-SegmentedRaftLog:OPENED:c-1,f-1,i0, conf=-1: [410c3651-7e6c-4628-b738-2d58e573bf10:192.168.34.63:44871, 88702cd2-051c-4e7b-8bd3-dead2aa78a3f:192.168.34.63:40600, c1f9ca04-e4fa-49b4-8989-251d8537c158:192.168.34.63:42717], old=null
2019-10-21 07:26:44,716 [410c3651-7e6c-4628-b738-2d58e573bf10@group-7EABA2875604-LeaderElection3] INFO  impl.RoleInfo (RoleInfo.java:shutdownLeaderElection(134)) - 410c3651-7e6c-4628-b738-2d58e573bf10: shutdown LeaderElection
2019-10-21 07:26:44,716 [410c3651-7e6c-4628-b738-2d58e573bf10@group-7EABA2875604-LeaderElection3] INFO  impl.RaftServerImpl (RaftServerImpl.java:setRole(173)) - 410c3651-7e6c-4628-b738-2d58e573bf10@group-7EABA2875604: changes role from CANDIDATE to LEADER at term 1 for changeToLeader
2019-10-21 07:26:44,716 [410c3651-7e6c-4628-b738-2d58e573bf10@group-7EABA2875604-LeaderElection3] INFO  ratis.XceiverServerRatis (XceiverServerRatis.java:handleLeaderChangedNotification(701)) - Leader change notification received for group: group-7EABA2875604 with new leaderId: 410c3651-7e6c-4628-b738-2d58e573bf10
2019-10-21 07:26:44,717 [410c3651-7e6c-4628-b738-2d58e573bf10@group-7EABA2875604-LeaderElection3] INFO  impl.RaftServerImpl (ServerState.java:setLeader(255)) - 410c3651-7e6c-4628-b738-2d58e573bf10@group-7EABA2875604: change Leader from null to 410c3651-7e6c-4628-b738-2d58e573bf10 at term 1 for becomeLeader, leader elected after 5109ms
2019-10-21 07:26:44,718 [410c3651-7e6c-4628-b738-2d58e573bf10@group-7EABA2875604-LeaderElection3] INFO  server.RaftServerConfigKeys (ConfUtils.java:logGet(43)) - raft.server.staging.catchup.gap = 1000 (default)
2019-10-21 07:26:44,718 [410c3651-7e6c-4628-b738-2d58e573bf10@group-7EABA2875604-LeaderElection3] INFO  server.RaftServerConfigKeys (ConfUtils.java:logGet(43)) - raft.server.rpc.sleep.time = 25ms (default)
2019-10-21 07:26:44,718 [410c3651-7e6c-4628-b738-2d58e573bf10@group-7EABA2875604-LeaderElection3] INFO  server.RaftServerConfigKeys (ConfUtils.java:logGet(43)) - raft.server.write.element-limit = 4096 (default)
2019-10-21 07:26:44,718 [410c3651-7e6c-4628-b738-2d58e573bf10@group-7EABA2875604-LeaderElection3] INFO  server.RaftServerConfigKeys (ConfUtils.java:logGet(43)) - raft.server.watch.timeout = 10s (default)
2019-10-21 07:26:44,718 [410c3651-7e6c-4628-b738-2d58e573bf10@group-7EABA2875604-LeaderElection3] INFO  server.RaftServerConfigKeys (ConfUtils.java:logGet(43)) - raft.server.watch.timeout.denomination = 1s (default)
2019-10-21 07:26:44,719 [410c3651-7e6c-4628-b738-2d58e573bf10@group-7EABA2875604-LeaderElection3] INFO  server.RaftServerConfigKeys (ConfUtils.java:logGet(43)) - raft.server.watch.element-limit = 65536 (default)
2019-10-21 07:26:44,720 [EventQueue-PipelineReportForPipelineReportHandler] INFO  pipeline.PipelineReportHandler (PipelineReportHandler.java:processPipelineReport(112)) - Pipeline PipelineID=79a3272f-cbe9-481c-b661-7eaba2875604 reported by 410c3651-7e6c-4628-b738-2d58e573bf10{ip: 192.168.34.63, host: pr-hdds-1868-wsm2n-11235469, networkLocation: /default-rack, certSerialId: null} with leaderId 410c3651-7e6c-4628-b738-2d58e573bf10
2019-10-21 07:26:44,724 [410c3651-7e6c-4628-b738-2d58e573bf10@group-7EABA2875604-LeaderElection3] INFO  server.RaftServerConfigKeys (ConfUtils.java:logGet(43)) - raft.server.log.appender.snapshot.chunk.size.max = 16MB (=16777216) (default)
2019-10-21 07:26:44,724 [410c3651-7e6c-4628-b738-2d58e573bf10@group-7EABA2875604-LeaderElection3] INFO  server.RaftServerConfigKeys (ConfUtils.java:logGet(43)) - raft.server.log.appender.buffer.byte-limit = 33554432 (custom)
2019-10-21 07:26:44,725 [410c3651-7e6c-4628-b738-2d58e573bf10@group-7EABA2875604-LeaderElection3] INFO  server.RaftServerConfigKeys (ConfUtils.java:logGet(43)) - raft.server.log.appender.buffer.element-limit = 1 (custom)
2019-10-21 07:26:44,728 [410c3651-7e6c-4628-b738-2d58e573bf10@group-7EABA2875604-LeaderElection3] INFO  grpc.GrpcConfigKeys$Server (ConfUtils.java:logGet(43)) - raft.grpc.server.leader.outstanding.appends.max = 128 (default)
2019-10-21 07:26:44,728 [410c3651-7e6c-4628-b738-2d58e573bf10@group-7EABA2875604-LeaderElection3] INFO  server.RaftServerConfigKeys (ConfUtils.java:logGet(43)) - raft.server.rpc.request.timeout = 3000ms (default)
2019-10-21 07:26:44,728 [410c3651-7e6c-4628-b738-2d58e573bf10@group-7EABA2875604-LeaderElection3] INFO  server.RaftServerConfigKeys (ConfUtils.java:logGet(43)) - raft.server.log.appender.install.snapshot.enabled = false (custom)
2019-10-21 07:26:44,729 [410c3651-7e6c-4628-b738-2d58e573bf10@group-7EABA2875604-LeaderElection3] WARN  impl.MetricRegistriesImpl (MetricRegistriesImpl.java:lambda$create$1(61)) - First MetricRegistry has been created without registering reporters. You may need to call MetricRegistries.global().addReportRegistration(...) before.
2019-10-21 07:26:44,730 [410c3651-7e6c-4628-b738-2d58e573bf10@group-7EABA2875604-LeaderElection3] INFO  server.RaftServerConfigKeys (ConfUtils.java:logGet(43)) - raft.server.log.appender.snapshot.chunk.size.max = 16MB (=16777216) (default)
2019-10-21 07:26:44,730 [410c3651-7e6c-4628-b738-2d58e573bf10@group-7EABA2875604-LeaderElection3] INFO  server.RaftServerConfigKeys (ConfUtils.java:logGet(43)) - raft.server.log.appender.buffer.byte-limit = 33554432 (custom)
2019-10-21 07:26:44,730 [410c3651-7e6c-4628-b738-2d58e573bf10@group-7EABA2875604-LeaderElection3] INFO  server.RaftServerConfigKeys (ConfUtils.java:logGet(43)) - raft.server.log.appender.buffer.element-limit = 1 (custom)
2019-10-21 07:26:44,730 [410c3651-7e6c-4628-b738-2d58e573bf10@group-7EABA2875604-LeaderElection3] INFO  grpc.GrpcConfigKeys$Server (ConfUtils.java:logGet(43)) - raft.grpc.server.leader.outstanding.appends.max = 128 (default)
2019-10-21 07:26:44,730 [410c3651-7e6c-4628-b738-2d58e573bf10@group-7EABA2875604-LeaderElection3] INFO  server.RaftServerConfigKeys (ConfUtils.java:logGet(43)) - raft.server.rpc.request.timeout = 3000ms (default)
2019-10-21 07:26:44,730 [410c3651-7e6c-4628-b738-2d58e573bf10@group-7EABA2875604-LeaderElection3] INFO  server.RaftServerConfigKeys (ConfUtils.java:logGet(43)) - raft.server.log.appender.install.snapshot.enabled = false (custom)
2019-10-21 07:26:44,733 [410c3651-7e6c-4628-b738-2d58e573bf10@group-7EABA2875604-LeaderElection3] INFO  impl.RoleInfo (RoleInfo.java:updateAndGet(143)) - 410c3651-7e6c-4628-b738-2d58e573bf10: start LeaderState
2019-10-21 07:26:44,733 [410c3651-7e6c-4628-b738-2d58e573bf10@group-7EABA2875604-LeaderElection3] INFO  segmented.SegmentedRaftLogWorker (SegmentedRaftLogWorker.java:startLogSegment(385)) - 410c3651-7e6c-4628-b738-2d58e573bf10@group-7EABA2875604-SegmentedRaftLogWorker: Starting segment from index:0
2019-10-21 07:26:44,734 [410c3651-7e6c-4628-b738-2d58e573bf10@group-7EABA2875604-LeaderElection3] INFO  impl.RaftServerImpl (ServerState.java:setRaftConf(356)) - 410c3651-7e6c-4628-b738-2d58e573bf10@group-7EABA2875604: set configuration 0: [410c3651-7e6c-4628-b738-2d58e573bf10:192.168.34.63:44871, 88702cd2-051c-4e7b-8bd3-dead2aa78a3f:192.168.34.63:40600, c1f9ca04-e4fa-49b4-8989-251d8537c158:192.168.34.63:42717], old=null at 0
2019-10-21 07:26:44,781 [grpc-default-executor-1] INFO  ratis.XceiverServerRatis (XceiverServerRatis.java:handleLeaderChangedNotification(701)) - Leader change notification received for group: group-7EABA2875604 with new leaderId: 410c3651-7e6c-4628-b738-2d58e573bf10
2019-10-21 07:26:44,781 [grpc-default-executor-0] INFO  ratis.XceiverServerRatis (XceiverServerRatis.java:handleLeaderChangedNotification(701)) - Leader change notification received for group: group-7EABA2875604 with new leaderId: 410c3651-7e6c-4628-b738-2d58e573bf10
2019-10-21 07:26:44,782 [grpc-default-executor-1] INFO  impl.RaftServerImpl (ServerState.java:setLeader(255)) - c1f9ca04-e4fa-49b4-8989-251d8537c158@group-7EABA2875604: change Leader from null to 410c3651-7e6c-4628-b738-2d58e573bf10 at term 1 for appendEntries, leader elected after 5175ms
2019-10-21 07:26:44,782 [grpc-default-executor-0] INFO  impl.RaftServerImpl (ServerState.java:setLeader(255)) - 88702cd2-051c-4e7b-8bd3-dead2aa78a3f@group-7EABA2875604: change Leader from null to 410c3651-7e6c-4628-b738-2d58e573bf10 at term 1 for appendEntries, leader elected after 5174ms
2019-10-21 07:26:44,785 [EventQueue-PipelineReportForPipelineReportHandler] INFO  pipeline.PipelineReportHandler (PipelineReportHandler.java:processPipelineReport(112)) - Pipeline PipelineID=79a3272f-cbe9-481c-b661-7eaba2875604 reported by c1f9ca04-e4fa-49b4-8989-251d8537c158{ip: 192.168.34.63, host: pr-hdds-1868-wsm2n-11235469, networkLocation: /default-rack, certSerialId: null} with leaderId 410c3651-7e6c-4628-b738-2d58e573bf10
2019-10-21 07:26:44,785 [EventQueue-PipelineReportForPipelineReportHandler] INFO  pipeline.PipelineReportHandler (PipelineReportHandler.java:processPipelineReport(112)) - Pipeline PipelineID=79a3272f-cbe9-481c-b661-7eaba2875604 reported by 88702cd2-051c-4e7b-8bd3-dead2aa78a3f{ip: 192.168.34.63, host: pr-hdds-1868-wsm2n-11235469, networkLocation: /default-rack, certSerialId: null} with leaderId 410c3651-7e6c-4628-b738-2d58e573bf10
2019-10-21 07:26:44,786 [EventQueue-PipelineReportForPipelineReportHandler] INFO  pipeline.PipelineStateManager (PipelineStateManager.java:openPipeline(134)) - Pipeline Pipeline[ Id: 79a3272f-cbe9-481c-b661-7eaba2875604, Nodes: 88702cd2-051c-4e7b-8bd3-dead2aa78a3f{ip: 192.168.34.63, host: pr-hdds-1868-wsm2n-11235469, networkLocation: /default-rack, certSerialId: null}c1f9ca04-e4fa-49b4-8989-251d8537c158{ip: 192.168.34.63, host: pr-hdds-1868-wsm2n-11235469, networkLocation: /default-rack, certSerialId: null}410c3651-7e6c-4628-b738-2d58e573bf10{ip: 192.168.34.63, host: pr-hdds-1868-wsm2n-11235469, networkLocation: /default-rack, certSerialId: null}, Type:RATIS, Factor:THREE, State:OPEN] moved to OPEN state
2019-10-21 07:26:44,787 [EventQueue-PipelineReportForPipelineReportHandler] INFO  pipeline.PipelineReportHandler (PipelineReportHandler.java:processPipelineReport(112)) - Pipeline PipelineID=7bc2cc52-2094-4658-8486-6ab9ce055487 reported by 88702cd2-051c-4e7b-8bd3-dead2aa78a3f{ip: 192.168.34.63, host: pr-hdds-1868-wsm2n-11235469, networkLocation: /default-rack, certSerialId: null} with leaderId 
2019-10-21 07:26:44,788 [EventQueue-PipelineReportForPipelineReportHandler] INFO  pipeline.PipelineStateManager (PipelineStateManager.java:openPipeline(134)) - Pipeline Pipeline[ Id: 7bc2cc52-2094-4658-8486-6ab9ce055487, Nodes: 88702cd2-051c-4e7b-8bd3-dead2aa78a3f{ip: 192.168.34.63, host: pr-hdds-1868-wsm2n-11235469, networkLocation: /default-rack, certSerialId: null}, Type:RATIS, Factor:ONE, State:OPEN] moved to OPEN state
2019-10-21 07:26:44,794 [410c3651-7e6c-4628-b738-2d58e573bf10@group-7EABA2875604-SegmentedRaftLogWorker] INFO  segmented.SegmentedRaftLogWorker (SegmentedRaftLogWorker.java:execute(576)) - 410c3651-7e6c-4628-b738-2d58e573bf10@group-7EABA2875604-SegmentedRaftLogWorker: created new log segment /workdir/hadoop-ozone/tools/target/test-dir/MiniOzoneClusterImpl-610dd82a-4248-4bb1-aa48-afd1fa3dcd62/datanode-1/data/ratis/79a3272f-cbe9-481c-b661-7eaba2875604/current/log_inprogress_0
2019-10-21 07:26:44,794 [410c3651-7e6c-4628-b738-2d58e573bf10@group-5C436578BB50-SegmentedRaftLogWorker] INFO  segmented.SegmentedRaftLogWorker (SegmentedRaftLogWorker.java:execute(576)) - 410c3651-7e6c-4628-b738-2d58e573bf10@group-5C436578BB50-SegmentedRaftLogWorker: created new log segment /workdir/hadoop-ozone/tools/target/test-dir/MiniOzoneClusterImpl-610dd82a-4248-4bb1-aa48-afd1fa3dcd62/datanode-1/data/ratis/7634ef3f-fa7d-4e99-be3f-5c436578bb50/current/log_inprogress_0
2019-10-21 07:26:44,794 [c1f9ca04-e4fa-49b4-8989-251d8537c158@group-F5488C411BC6-SegmentedRaftLogWorker] INFO  segmented.SegmentedRaftLogWorker (SegmentedRaftLogWorker.java:execute(576)) - c1f9ca04-e4fa-49b4-8989-251d8537c158@group-F5488C411BC6-SegmentedRaftLogWorker: created new log segment /workdir/hadoop-ozone/tools/target/test-dir/MiniOzoneClusterImpl-610dd82a-4248-4bb1-aa48-afd1fa3dcd62/datanode-0/data/ratis/8fbd07c2-934d-4d11-8ef4-f5488c411bc6/current/log_inprogress_0
2019-10-21 07:26:44,811 [grpc-default-executor-1] INFO  impl.RaftServerImpl (ServerState.java:setRaftConf(356)) - 88702cd2-051c-4e7b-8bd3-dead2aa78a3f@group-7EABA2875604: set configuration 0: [410c3651-7e6c-4628-b738-2d58e573bf10:192.168.34.63:44871, 88702cd2-051c-4e7b-8bd3-dead2aa78a3f:192.168.34.63:40600, c1f9ca04-e4fa-49b4-8989-251d8537c158:192.168.34.63:42717], old=null at 0
2019-10-21 07:26:44,811 [grpc-default-executor-0] INFO  impl.RaftServerImpl (ServerState.java:setRaftConf(356)) - c1f9ca04-e4fa-49b4-8989-251d8537c158@group-7EABA2875604: set configuration 0: [410c3651-7e6c-4628-b738-2d58e573bf10:192.168.34.63:44871, 88702cd2-051c-4e7b-8bd3-dead2aa78a3f:192.168.34.63:40600, c1f9ca04-e4fa-49b4-8989-251d8537c158:192.168.34.63:42717], old=null at 0
2019-10-21 07:26:44,811 [grpc-default-executor-1] INFO  segmented.SegmentedRaftLogWorker (SegmentedRaftLogWorker.java:startLogSegment(385)) - 88702cd2-051c-4e7b-8bd3-dead2aa78a3f@group-7EABA2875604-SegmentedRaftLogWorker: Starting segment from index:0
2019-10-21 07:26:44,811 [grpc-default-executor-0] INFO  segmented.SegmentedRaftLogWorker (SegmentedRaftLogWorker.java:startLogSegment(385)) - c1f9ca04-e4fa-49b4-8989-251d8537c158@group-7EABA2875604-SegmentedRaftLogWorker: Starting segment from index:0
2019-10-21 07:26:44,842 [Thread-220] INFO  impl.FollowerState (FollowerState.java:run(111)) - 88702cd2-051c-4e7b-8bd3-dead2aa78a3f@group-6AB9CE055487-FollowerState: change to CANDIDATE, lastRpcTime:5110ms, electionTimeout:5110ms
2019-10-21 07:26:44,842 [Thread-220] INFO  impl.RoleInfo (RoleInfo.java:shutdownFollowerState(121)) - 88702cd2-051c-4e7b-8bd3-dead2aa78a3f: shutdown FollowerState
2019-10-21 07:26:44,843 [Thread-220] INFO  impl.RaftServerImpl (RaftServerImpl.java:setRole(173)) - 88702cd2-051c-4e7b-8bd3-dead2aa78a3f@group-6AB9CE055487: changes role from  FOLLOWER to CANDIDATE at term 0 for changeToCandidate
2019-10-21 07:26:44,843 [Thread-220] INFO  impl.RoleInfo (RoleInfo.java:updateAndGet(143)) - 88702cd2-051c-4e7b-8bd3-dead2aa78a3f: start LeaderElection
2019-10-21 07:26:44,844 [c1f9ca04-e4fa-49b4-8989-251d8537c158@group-7EABA2875604-SegmentedRaftLogWorker] INFO  segmented.SegmentedRaftLogWorker (SegmentedRaftLogWorker.java:execute(576)) - c1f9ca04-e4fa-49b4-8989-251d8537c158@group-7EABA2875604-SegmentedRaftLogWorker: created new log segment /workdir/hadoop-ozone/tools/target/test-dir/MiniOzoneClusterImpl-610dd82a-4248-4bb1-aa48-afd1fa3dcd62/datanode-0/data/ratis/79a3272f-cbe9-481c-b661-7eaba2875604/current/log_inprogress_0
2019-10-21 07:26:44,844 [88702cd2-051c-4e7b-8bd3-dead2aa78a3f@group-7EABA2875604-SegmentedRaftLogWorker] INFO  segmented.SegmentedRaftLogWorker (SegmentedRaftLogWorker.java:execute(576)) - 88702cd2-051c-4e7b-8bd3-dead2aa78a3f@group-7EABA2875604-SegmentedRaftLogWorker: created new log segment /workdir/hadoop-ozone/tools/target/test-dir/MiniOzoneClusterImpl-610dd82a-4248-4bb1-aa48-afd1fa3dcd62/datanode-2/data/ratis/79a3272f-cbe9-481c-b661-7eaba2875604/current/log_inprogress_0
2019-10-21 07:26:44,909 [88702cd2-051c-4e7b-8bd3-dead2aa78a3f@group-6AB9CE055487-LeaderElection4] INFO  impl.LeaderElection (LeaderElection.java:askForVotes(178)) - 88702cd2-051c-4e7b-8bd3-dead2aa78a3f@group-6AB9CE055487-LeaderElection4: begin an election at term 1 for -1: [88702cd2-051c-4e7b-8bd3-dead2aa78a3f:192.168.34.63:40600], old=null
2019-10-21 07:26:44,909 [88702cd2-051c-4e7b-8bd3-dead2aa78a3f@group-6AB9CE055487-LeaderElection4] INFO  impl.RoleInfo (RoleInfo.java:shutdownLeaderElection(134)) - 88702cd2-051c-4e7b-8bd3-dead2aa78a3f: shutdown LeaderElection
2019-10-21 07:26:44,909 [88702cd2-051c-4e7b-8bd3-dead2aa78a3f@group-6AB9CE055487-LeaderElection4] INFO  impl.RaftServerImpl (RaftServerImpl.java:setRole(173)) - 88702cd2-051c-4e7b-8bd3-dead2aa78a3f@group-6AB9CE055487: changes role from CANDIDATE to LEADER at term 1 for changeToLeader
2019-10-21 07:26:44,909 [88702cd2-051c-4e7b-8bd3-dead2aa78a3f@group-6AB9CE055487-LeaderElection4] INFO  ratis.XceiverServerRatis (XceiverServerRatis.java:handleLeaderChangedNotification(701)) - Leader change notification received for group: group-6AB9CE055487 with new leaderId: 88702cd2-051c-4e7b-8bd3-dead2aa78a3f
2019-10-21 07:26:44,909 [88702cd2-051c-4e7b-8bd3-dead2aa78a3f@group-6AB9CE055487-LeaderElection4] INFO  impl.RaftServerImpl (ServerState.java:setLeader(255)) - 88702cd2-051c-4e7b-8bd3-dead2aa78a3f@group-6AB9CE055487: change Leader from null to 88702cd2-051c-4e7b-8bd3-dead2aa78a3f at term 1 for becomeLeader, leader elected after 5181ms
2019-10-21 07:26:44,910 [88702cd2-051c-4e7b-8bd3-dead2aa78a3f@group-6AB9CE055487-LeaderElection4] INFO  server.RaftServerConfigKeys (ConfUtils.java:logGet(43)) - raft.server.staging.catchup.gap = 1000 (default)
2019-10-21 07:26:44,910 [88702cd2-051c-4e7b-8bd3-dead2aa78a3f@group-6AB9CE055487-LeaderElection4] INFO  server.RaftServerConfigKeys (ConfUtils.java:logGet(43)) - raft.server.rpc.sleep.time = 25ms (default)
2019-10-21 07:26:44,910 [88702cd2-051c-4e7b-8bd3-dead2aa78a3f@group-6AB9CE055487-LeaderElection4] INFO  server.RaftServerConfigKeys (ConfUtils.java:logGet(43)) - raft.server.write.element-limit = 4096 (default)
2019-10-21 07:26:44,910 [88702cd2-051c-4e7b-8bd3-dead2aa78a3f@group-6AB9CE055487-LeaderElection4] INFO  server.RaftServerConfigKeys (ConfUtils.java:logGet(43)) - raft.server.watch.timeout = 10s (default)
2019-10-21 07:26:44,911 [88702cd2-051c-4e7b-8bd3-dead2aa78a3f@group-6AB9CE055487-LeaderElection4] INFO  server.RaftServerConfigKeys (ConfUtils.java:logGet(43)) - raft.server.watch.timeout.denomination = 1s (default)
2019-10-21 07:26:44,911 [88702cd2-051c-4e7b-8bd3-dead2aa78a3f@group-6AB9CE055487-LeaderElection4] INFO  server.RaftServerConfigKeys (ConfUtils.java:logGet(43)) - raft.server.watch.element-limit = 65536 (default)
2019-10-21 07:26:44,912 [88702cd2-051c-4e7b-8bd3-dead2aa78a3f@group-6AB9CE055487-LeaderElection4] INFO  impl.RoleInfo (RoleInfo.java:updateAndGet(143)) - 88702cd2-051c-4e7b-8bd3-dead2aa78a3f: start LeaderState
2019-10-21 07:26:44,912 [88702cd2-051c-4e7b-8bd3-dead2aa78a3f@group-6AB9CE055487-LeaderElection4] INFO  segmented.SegmentedRaftLogWorker (SegmentedRaftLogWorker.java:startLogSegment(385)) - 88702cd2-051c-4e7b-8bd3-dead2aa78a3f@group-6AB9CE055487-SegmentedRaftLogWorker: Starting segment from index:0
2019-10-21 07:26:44,913 [88702cd2-051c-4e7b-8bd3-dead2aa78a3f@group-6AB9CE055487-LeaderElection4] INFO  impl.RaftServerImpl (ServerState.java:setRaftConf(356)) - 88702cd2-051c-4e7b-8bd3-dead2aa78a3f@group-6AB9CE055487: set configuration 0: [88702cd2-051c-4e7b-8bd3-dead2aa78a3f:192.168.34.63:40600], old=null at 0
2019-10-21 07:26:44,951 [88702cd2-051c-4e7b-8bd3-dead2aa78a3f@group-6AB9CE055487-SegmentedRaftLogWorker] INFO  segmented.SegmentedRaftLogWorker (SegmentedRaftLogWorker.java:execute(576)) - 88702cd2-051c-4e7b-8bd3-dead2aa78a3f@group-6AB9CE055487-SegmentedRaftLogWorker: created new log segment /workdir/hadoop-ozone/tools/target/test-dir/MiniOzoneClusterImpl-610dd82a-4248-4bb1-aa48-afd1fa3dcd62/datanode-2/data/ratis/7bc2cc52-2094-4658-8486-6ab9ce055487/current/log_inprogress_0
2019-10-21 07:26:45,233 [main] INFO  ozone.MiniOzoneClusterImpl (MiniOzoneClusterImpl.java:lambda$waitForClusterToBeReady$2(170)) - Cluster is ready. Got 3 of 3 DN Heartbeats.
2019-10-21 07:26:46,079 [main] INFO  freon.RandomKeyGenerator (RandomKeyGenerator.java:call(283)) - Number of Threads: 10
2019-10-21 07:26:46,080 [main] INFO  freon.RandomKeyGenerator (RandomKeyGenerator.java:call(288)) - Number of Volumes: 1.
2019-10-21 07:26:46,080 [main] INFO  freon.RandomKeyGenerator (RandomKeyGenerator.java:call(289)) - Number of Buckets per Volume: 1.
2019-10-21 07:26:46,080 [main] INFO  freon.RandomKeyGenerator (RandomKeyGenerator.java:call(290)) - Number of Keys per Bucket: 1.
2019-10-21 07:26:46,080 [main] INFO  freon.RandomKeyGenerator (RandomKeyGenerator.java:call(291)) - Key size: 20971520 bytes
2019-10-21 07:26:46,080 [main] INFO  freon.RandomKeyGenerator (RandomKeyGenerator.java:call(292)) - Buffer size: 4096 bytes
2019-10-21 07:26:46,080 [main] INFO  freon.RandomKeyGenerator (RandomKeyGenerator.java:call(293)) - validateWrites : true
2019-10-21 07:26:46,084 [main] INFO  freon.RandomKeyGenerator (RandomKeyGenerator.java:call(307)) - Data validation is enabled.
2019-10-21 07:26:46,085 [main] INFO  freon.RandomKeyGenerator (RandomKeyGenerator.java:call(313)) - Starting progress bar Thread.

 0.00% |?                                                                                                    |  0/1 Time: 0:00:002019-10-21 07:26:46,104 [pool-53-thread-2] INFO  rpc.RpcClient (RpcClient.java:createVolume(272)) - Creating Volume: vol-0-40966, with jenkins1000 as owner.
2019-10-21 07:26:46,198 [IPC Server handler 1 on 39602] INFO  volume.OMVolumeCreateRequest (OMVolumeCreateRequest.java:validateAndUpdateCache(193)) - created volume:vol-0-40966 for user:jenkins1000
2019-10-21 07:26:46,249 [pool-53-thread-1] INFO  rpc.RpcClient (RpcClient.java:createBucket(411)) - Creating Bucket: vol-0-40966/bucket-0-28509, with Versioning false and Storage Type set to DISK and Encryption set to false 
2019-10-21 07:26:46,381 [pool-53-thread-3] INFO  impl.MetricsSystemImpl (MetricsSystemImpl.java:init(158)) - XceiverClientMetrics metrics system started (again)
 0.00% |?                                                                                                    |  0/1 Time: 0:00:01 0.00% |?                                                                                                    |  0/1 Time: 0:00:02 0.00% |?                                                                                                    |  0/1 Time: 0:00:03 0.00% |?                                                                                                    |  0/1 Time: 0:00:04 100.00% |?????????????????????????????????????????????????????????????????????????????????????????????????????|  1/1 Time: 0:00:05
2019-10-21 07:26:51,309 [main] INFO  pipeline.SCMPipelineManager (SCMPipelineManager.java:finalizeAndDestroyPipeline(316)) - destroying pipeline:Pipeline[ Id: 79a3272f-cbe9-481c-b661-7eaba2875604, Nodes: 88702cd2-051c-4e7b-8bd3-dead2aa78a3f{ip: 192.168.34.63, host: pr-hdds-1868-wsm2n-11235469, networkLocation: /default-rack, certSerialId: null}c1f9ca04-e4fa-49b4-8989-251d8537c158{ip: 192.168.34.63, host: pr-hdds-1868-wsm2n-11235469, networkLocation: /default-rack, certSerialId: null}410c3651-7e6c-4628-b738-2d58e573bf10{ip: 192.168.34.63, host: pr-hdds-1868-wsm2n-11235469, networkLocation: /default-rack, certSerialId: null}, Type:RATIS, Factor:THREE, State:OPEN]
2019-10-21 07:26:51,309 [main] INFO  pipeline.PipelineStateManager (PipelineStateManager.java:finalizePipeline(121)) - Pipeline Pipeline[ Id: 79a3272f-cbe9-481c-b661-7eaba2875604, Nodes: 88702cd2-051c-4e7b-8bd3-dead2aa78a3f{ip: 192.168.34.63, host: pr-hdds-1868-wsm2n-11235469, networkLocation: /default-rack, certSerialId: null}c1f9ca04-e4fa-49b4-8989-251d8537c158{ip: 192.168.34.63, host: pr-hdds-1868-wsm2n-11235469, networkLocation: /default-rack, certSerialId: null}410c3651-7e6c-4628-b738-2d58e573bf10{ip: 192.168.34.63, host: pr-hdds-1868-wsm2n-11235469, networkLocation: /default-rack, certSerialId: null}, Type:RATIS, Factor:THREE, State:CLOSED] moved to CLOSED state
2019-10-21 07:26:51,310 [EventQueue-CloseContainerForCloseContainerEventHandler] INFO  container.CloseContainerEventHandler (CloseContainerEventHandler.java:onMessage(61)) - Close container Event triggered for container : #1
2019-10-21 07:26:51,313 [EventQueue-CloseContainerForCloseContainerEventHandler] INFO  container.CloseContainerEventHandler (CloseContainerEventHandler.java:onMessage(61)) - Close container Event triggered for container : #2
2019-10-21 07:26:51,313 [EventQueue-CloseContainerForCloseContainerEventHandler] INFO  container.CloseContainerEventHandler (CloseContainerEventHandler.java:onMessage(61)) - Close container Event triggered for container : #3
2019-10-21 07:26:51,316 [grpc-default-executor-4] INFO  impl.RaftServerProxy (RaftServerProxy.java:remove(95)) - 88702cd2-051c-4e7b-8bd3-dead2aa78a3f: remove  FOLLOWER 88702cd2-051c-4e7b-8bd3-dead2aa78a3f@group-7EABA2875604:t1, leader=410c3651-7e6c-4628-b738-2d58e573bf10, voted=410c3651-7e6c-4628-b738-2d58e573bf10, raftlog=88702cd2-051c-4e7b-8bd3-dead2aa78a3f@group-7EABA2875604-SegmentedRaftLog:OPENED:c75,f77,i77, conf=0: [410c3651-7e6c-4628-b738-2d58e573bf10:192.168.34.63:44871, 88702cd2-051c-4e7b-8bd3-dead2aa78a3f:192.168.34.63:40600, c1f9ca04-e4fa-49b4-8989-251d8537c158:192.168.34.63:42717], old=null RUNNING
2019-10-21 07:26:51,317 [grpc-default-executor-4] INFO  impl.RaftServerImpl (RaftServerImpl.java:lambda$shutdown$3(250)) - 88702cd2-051c-4e7b-8bd3-dead2aa78a3f@group-7EABA2875604: shutdown
2019-10-21 07:26:51,317 [grpc-default-executor-4] INFO  util.JmxRegister (JmxRegister.java:unregister(73)) - Successfully un-registered JMX Bean with object name Ratis:service=RaftServer,group=group-7EABA2875604,id=88702cd2-051c-4e7b-8bd3-dead2aa78a3f
2019-10-21 07:26:51,317 [grpc-default-executor-4] INFO  impl.RoleInfo (RoleInfo.java:shutdownFollowerState(121)) - 88702cd2-051c-4e7b-8bd3-dead2aa78a3f: shutdown FollowerState
2019-10-21 07:26:51,317 [grpc-default-executor-4] INFO  impl.StateMachineUpdater (StateMachineUpdater.java:stopAndJoin(136)) - 88702cd2-051c-4e7b-8bd3-dead2aa78a3f@group-7EABA2875604-StateMachineUpdater: set stopIndex = 75
2019-10-21 07:26:51,317 [Thread-230] INFO  impl.FollowerState (FollowerState.java:run(120)) - 88702cd2-051c-4e7b-8bd3-dead2aa78a3f@group-7EABA2875604-FollowerState was interrupted: java.lang.InterruptedException: sleep interrupted
2019-10-21 07:26:51,318 [88702cd2-051c-4e7b-8bd3-dead2aa78a3f@group-7EABA2875604-StateMachineUpdater] INFO  ratis.ContainerStateMachine (ContainerStateMachine.java:takeSnapshot(296)) - group-7EABA2875604: Taking a snapshot at:(t:1, i:75) file /workdir/hadoop-ozone/tools/target/test-dir/MiniOzoneClusterImpl-610dd82a-4248-4bb1-aa48-afd1fa3dcd62/datanode-2/data/ratis/79a3272f-cbe9-481c-b661-7eaba2875604/sm/snapshot.1_75
2019-10-21 07:26:51,398 [88702cd2-051c-4e7b-8bd3-dead2aa78a3f@group-7EABA2875604-StateMachineUpdater] INFO  ratis.ContainerStateMachine (ContainerStateMachine.java:takeSnapshot(307)) - group-7EABA2875604: Finished taking a snapshot at:(t:1, i:75) file:/workdir/hadoop-ozone/tools/target/test-dir/MiniOzoneClusterImpl-610dd82a-4248-4bb1-aa48-afd1fa3dcd62/datanode-2/data/ratis/79a3272f-cbe9-481c-b661-7eaba2875604/sm/snapshot.1_75 time:80
2019-10-21 07:26:51,400 [88702cd2-051c-4e7b-8bd3-dead2aa78a3f@group-7EABA2875604-StateMachineUpdater] INFO  impl.StateMachineUpdater (StateMachineUpdater.java:takeSnapshot(269)) - 88702cd2-051c-4e7b-8bd3-dead2aa78a3f@group-7EABA2875604-StateMachineUpdater: Took a snapshot at index 75
2019-10-21 07:26:51,400 [88702cd2-051c-4e7b-8bd3-dead2aa78a3f@group-7EABA2875604-StateMachineUpdater] INFO  impl.StateMachineUpdater (StateMachineUpdater.java:lambda$new$0(84)) - 88702cd2-051c-4e7b-8bd3-dead2aa78a3f@group-7EABA2875604-StateMachineUpdater: snapshotIndex: updateIncreasingly -1 -> 75
2019-10-21 07:26:51,404 [grpc-default-executor-4] INFO  impl.RaftServerImpl (ServerState.java:close(387)) - 88702cd2-051c-4e7b-8bd3-dead2aa78a3f@group-7EABA2875604: closes. applyIndex: 75
2019-10-21 07:26:51,404 [88702cd2-051c-4e7b-8bd3-dead2aa78a3f@group-7EABA2875604-SegmentedRaftLogWorker] INFO  segmented.SegmentedRaftLogWorker (SegmentedRaftLogWorker.java:run(316)) - 88702cd2-051c-4e7b-8bd3-dead2aa78a3f@group-7EABA2875604-SegmentedRaftLogWorker was interrupted, exiting. There are 0 tasks remaining in the queue.
2019-10-21 07:26:51,406 [grpc-default-executor-4] INFO  segmented.SegmentedRaftLogWorker (SegmentedRaftLogWorker.java:close(224)) - 88702cd2-051c-4e7b-8bd3-dead2aa78a3f@group-7EABA2875604-SegmentedRaftLogWorker close()
2019-10-21 07:26:51,440 [grpc-default-executor-4] INFO  interfaces.Container (KeyValueContainer.java:flushAndSyncDB(386)) - Container 1 is synced with bcsId 59.
2019-10-21 07:26:51,440 [grpc-default-executor-4] INFO  interfaces.Container (KeyValueContainer.java:flushAndSyncDB(386)) - Container 1 is synced with bcsId 59.
2019-10-21 07:26:51,459 [EventQueue-IncrementalContainerReportForIncrementalContainerReportHandler] INFO  container.IncrementalContainerReportHandler (AbstractContainerReportHandler.java:updateContainerState(171)) - Moving container #1 to QUASI_CLOSED state, datanode 88702cd2-051c-4e7b-8bd3-dead2aa78a3f{ip: 192.168.34.63, host: pr-hdds-1868-wsm2n-11235469, networkLocation: /default-rack, certSerialId: null} reported QUASI_CLOSED replica.
2019-10-21 07:26:51,480 [grpc-default-executor-4] INFO  interfaces.Container (KeyValueContainer.java:flushAndSyncDB(386)) - Container 2 is synced with bcsId 75.
2019-10-21 07:26:51,481 [grpc-default-executor-4] INFO  interfaces.Container (KeyValueContainer.java:flushAndSyncDB(386)) - Container 2 is synced with bcsId 75.
2019-10-21 07:26:51,525 [EventQueue-IncrementalContainerReportForIncrementalContainerReportHandler] INFO  container.IncrementalContainerReportHandler (AbstractContainerReportHandler.java:updateContainerState(171)) - Moving container #2 to QUASI_CLOSED state, datanode 88702cd2-051c-4e7b-8bd3-dead2aa78a3f{ip: 192.168.34.63, host: pr-hdds-1868-wsm2n-11235469, networkLocation: /default-rack, certSerialId: null} reported QUASI_CLOSED replica.
2019-10-21 07:26:51,555 [grpc-default-executor-4] INFO  interfaces.Container (KeyValueContainer.java:flushAndSyncDB(386)) - Container 3 is synced with bcsId 41.
2019-10-21 07:26:51,556 [grpc-default-executor-4] INFO  interfaces.Container (KeyValueContainer.java:flushAndSyncDB(386)) - Container 3 is synced with bcsId 41.
2019-10-21 07:26:51,579 [EventQueue-IncrementalContainerReportForIncrementalContainerReportHandler] INFO  container.IncrementalContainerReportHandler (AbstractContainerReportHandler.java:updateContainerState(171)) - Moving container #3 to QUASI_CLOSED state, datanode 88702cd2-051c-4e7b-8bd3-dead2aa78a3f{ip: 192.168.34.63, host: pr-hdds-1868-wsm2n-11235469, networkLocation: /default-rack, certSerialId: null} reported QUASI_CLOSED replica.
2019-10-21 07:26:51,589 [grpc-default-executor-4] INFO  impl.RaftServerProxy (RaftServerProxy.java:remove(95)) - c1f9ca04-e4fa-49b4-8989-251d8537c158: remove  FOLLOWER c1f9ca04-e4fa-49b4-8989-251d8537c158@group-7EABA2875604:t1, leader=410c3651-7e6c-4628-b738-2d58e573bf10, voted=410c3651-7e6c-4628-b738-2d58e573bf10, raftlog=c1f9ca04-e4fa-49b4-8989-251d8537c158@group-7EABA2875604-SegmentedRaftLog:OPENED:c75,f77,i77, conf=0: [410c3651-7e6c-4628-b738-2d58e573bf10:192.168.34.63:44871, 88702cd2-051c-4e7b-8bd3-dead2aa78a3f:192.168.34.63:40600, c1f9ca04-e4fa-49b4-8989-251d8537c158:192.168.34.63:42717], old=null RUNNING
2019-10-21 07:26:51,589 [grpc-default-executor-4] INFO  impl.RaftServerImpl (RaftServerImpl.java:lambda$shutdown$3(250)) - c1f9ca04-e4fa-49b4-8989-251d8537c158@group-7EABA2875604: shutdown
2019-10-21 07:26:51,590 [grpc-default-executor-4] INFO  util.JmxRegister (JmxRegister.java:unregister(73)) - Successfully un-registered JMX Bean with object name Ratis:service=RaftServer,group=group-7EABA2875604,id=c1f9ca04-e4fa-49b4-8989-251d8537c158
2019-10-21 07:26:51,590 [grpc-default-executor-4] INFO  impl.RoleInfo (RoleInfo.java:shutdownFollowerState(121)) - c1f9ca04-e4fa-49b4-8989-251d8537c158: shutdown FollowerState
2019-10-21 07:26:51,590 [grpc-default-executor-4] INFO  impl.StateMachineUpdater (StateMachineUpdater.java:stopAndJoin(136)) - c1f9ca04-e4fa-49b4-8989-251d8537c158@group-7EABA2875604-StateMachineUpdater: set stopIndex = 75
2019-10-21 07:26:51,590 [c1f9ca04-e4fa-49b4-8989-251d8537c158@group-7EABA2875604-StateMachineUpdater] INFO  ratis.ContainerStateMachine (ContainerStateMachine.java:takeSnapshot(296)) - group-7EABA2875604: Taking a snapshot at:(t:1, i:75) file /workdir/hadoop-ozone/tools/target/test-dir/MiniOzoneClusterImpl-610dd82a-4248-4bb1-aa48-afd1fa3dcd62/datanode-0/data/ratis/79a3272f-cbe9-481c-b661-7eaba2875604/sm/snapshot.1_75
2019-10-21 07:26:51,590 [Thread-229] INFO  impl.FollowerState (FollowerState.java:run(120)) - c1f9ca04-e4fa-49b4-8989-251d8537c158@group-7EABA2875604-FollowerState was interrupted: java.lang.InterruptedException: sleep interrupted
2019-10-21 07:26:51,603 [c1f9ca04-e4fa-49b4-8989-251d8537c158@group-7EABA2875604-StateMachineUpdater] INFO  ratis.ContainerStateMachine (ContainerStateMachine.java:takeSnapshot(307)) - group-7EABA2875604: Finished taking a snapshot at:(t:1, i:75) file:/workdir/hadoop-ozone/tools/target/test-dir/MiniOzoneClusterImpl-610dd82a-4248-4bb1-aa48-afd1fa3dcd62/datanode-0/data/ratis/79a3272f-cbe9-481c-b661-7eaba2875604/sm/snapshot.1_75 time:13
2019-10-21 07:26:51,603 [c1f9ca04-e4fa-49b4-8989-251d8537c158@group-7EABA2875604-StateMachineUpdater] INFO  impl.StateMachineUpdater (StateMachineUpdater.java:takeSnapshot(269)) - c1f9ca04-e4fa-49b4-8989-251d8537c158@group-7EABA2875604-StateMachineUpdater: Took a snapshot at index 75
2019-10-21 07:26:51,603 [c1f9ca04-e4fa-49b4-8989-251d8537c158@group-7EABA2875604-StateMachineUpdater] INFO  impl.StateMachineUpdater (StateMachineUpdater.java:lambda$new$0(84)) - c1f9ca04-e4fa-49b4-8989-251d8537c158@group-7EABA2875604-StateMachineUpdater: snapshotIndex: updateIncreasingly -1 -> 75
2019-10-21 07:26:51,604 [grpc-default-executor-4] INFO  impl.RaftServerImpl (ServerState.java:close(387)) - c1f9ca04-e4fa-49b4-8989-251d8537c158@group-7EABA2875604: closes. applyIndex: 75
2019-10-21 07:26:51,604 [c1f9ca04-e4fa-49b4-8989-251d8537c158@group-7EABA2875604-SegmentedRaftLogWorker] INFO  segmented.SegmentedRaftLogWorker (SegmentedRaftLogWorker.java:run(316)) - c1f9ca04-e4fa-49b4-8989-251d8537c158@group-7EABA2875604-SegmentedRaftLogWorker was interrupted, exiting. There are 0 tasks remaining in the queue.
2019-10-21 07:26:51,605 [grpc-default-executor-4] INFO  segmented.SegmentedRaftLogWorker (SegmentedRaftLogWorker.java:close(224)) - c1f9ca04-e4fa-49b4-8989-251d8537c158@group-7EABA2875604-SegmentedRaftLogWorker close()
2019-10-21 07:26:51,639 [grpc-default-executor-4] INFO  interfaces.Container (KeyValueContainer.java:flushAndSyncDB(386)) - Container 1 is synced with bcsId 59.
2019-10-21 07:26:51,639 [grpc-default-executor-4] INFO  interfaces.Container (KeyValueContainer.java:flushAndSyncDB(386)) - Container 1 is synced with bcsId 59.
2019-10-21 07:26:51,715 [grpc-default-executor-4] INFO  interfaces.Container (KeyValueContainer.java:flushAndSyncDB(386)) - Container 2 is synced with bcsId 75.
2019-10-21 07:26:51,715 [grpc-default-executor-4] INFO  interfaces.Container (KeyValueContainer.java:flushAndSyncDB(386)) - Container 2 is synced with bcsId 75.
2019-10-21 07:26:51,802 [grpc-default-executor-4] INFO  interfaces.Container (KeyValueContainer.java:flushAndSyncDB(386)) - Container 3 is synced with bcsId 41.
2019-10-21 07:26:51,802 [grpc-default-executor-4] INFO  interfaces.Container (KeyValueContainer.java:flushAndSyncDB(386)) - Container 3 is synced with bcsId 41.
2019-10-21 07:26:51,831 [grpc-default-executor-4] INFO  impl.RaftServerProxy (RaftServerProxy.java:remove(95)) - 410c3651-7e6c-4628-b738-2d58e573bf10: remove    LEADER 410c3651-7e6c-4628-b738-2d58e573bf10@group-7EABA2875604:t1, leader=410c3651-7e6c-4628-b738-2d58e573bf10, voted=410c3651-7e6c-4628-b738-2d58e573bf10, raftlog=410c3651-7e6c-4628-b738-2d58e573bf10@group-7EABA2875604-SegmentedRaftLog:OPENED:c77,f77,i77, conf=0: [410c3651-7e6c-4628-b738-2d58e573bf10:192.168.34.63:44871, 88702cd2-051c-4e7b-8bd3-dead2aa78a3f:192.168.34.63:40600, c1f9ca04-e4fa-49b4-8989-251d8537c158:192.168.34.63:42717], old=null RUNNING
2019-10-21 07:26:51,831 [grpc-default-executor-4] INFO  impl.RaftServerImpl (RaftServerImpl.java:lambda$shutdown$3(250)) - 410c3651-7e6c-4628-b738-2d58e573bf10@group-7EABA2875604: shutdown
2019-10-21 07:26:51,831 [grpc-default-executor-4] INFO  util.JmxRegister (JmxRegister.java:unregister(73)) - Successfully un-registered JMX Bean with object name Ratis:service=RaftServer,group=group-7EABA2875604,id=410c3651-7e6c-4628-b738-2d58e573bf10
2019-10-21 07:26:51,831 [grpc-default-executor-4] INFO  impl.RoleInfo (RoleInfo.java:shutdownLeaderState(104)) - 410c3651-7e6c-4628-b738-2d58e573bf10: shutdown LeaderState
2019-10-21 07:26:51,833 [org.apache.ratis.server.impl.LogAppender$AppenderDaemon$$Lambda$415/1993142342@52f0149a] WARN  server.GrpcLogAppender (GrpcLogAppender.java:mayWait(149)) - 410c3651-7e6c-4628-b738-2d58e573bf10@group-7EABA2875604->c1f9ca04-e4fa-49b4-8989-251d8537c158-GrpcLogAppender: Wait interrupted by java.lang.InterruptedException
2019-10-21 07:26:51,833 [org.apache.ratis.server.impl.LogAppender$AppenderDaemon$$Lambda$415/1993142342@3ba484a0] WARN  server.GrpcLogAppender (GrpcLogAppender.java:mayWait(149)) - 410c3651-7e6c-4628-b738-2d58e573bf10@group-7EABA2875604->88702cd2-051c-4e7b-8bd3-dead2aa78a3f-GrpcLogAppender: Wait interrupted by java.lang.InterruptedException
2019-10-21 07:26:51,833 [grpc-default-executor-4] INFO  impl.PendingRequests (PendingRequests.java:sendNotLeaderResponses(206)) - 410c3651-7e6c-4628-b738-2d58e573bf10@group-7EABA2875604-PendingRequests: sendNotLeaderResponses
2019-10-21 07:26:51,838 [grpc-default-executor-3] INFO  server.GrpcServerProtocolService (GrpcServerProtocolService.java:onCompleted(113)) - c1f9ca04-e4fa-49b4-8989-251d8537c158: Completed APPEND_ENTRIES, lastRequest: 410c3651-7e6c-4628-b738-2d58e573bf10->c1f9ca04-e4fa-49b4-8989-251d8537c158#79-t1, previous=(t:1, i:76), leaderCommit=75, initializing? false, entries: size=1, first=(t:1, i:77), METADATAENTRY(c75)
2019-10-21 07:26:51,838 [grpc-default-executor-0] INFO  server.GrpcServerProtocolService (GrpcServerProtocolService.java:onCompleted(113)) - 88702cd2-051c-4e7b-8bd3-dead2aa78a3f: Completed APPEND_ENTRIES, lastRequest: 410c3651-7e6c-4628-b738-2d58e573bf10->88702cd2-051c-4e7b-8bd3-dead2aa78a3f#79-t1, previous=(t:1, i:76), leaderCommit=75, initializing? false, entries: size=1, first=(t:1, i:77), METADATAENTRY(c75)
2019-10-21 07:26:51,840 [grpc-default-executor-4] INFO  impl.StateMachineUpdater (StateMachineUpdater.java:stopAndJoin(136)) - 410c3651-7e6c-4628-b738-2d58e573bf10@group-7EABA2875604-StateMachineUpdater: set stopIndex = 77
2019-10-21 07:26:51,840 [410c3651-7e6c-4628-b738-2d58e573bf10@group-7EABA2875604-StateMachineUpdater] INFO  ratis.ContainerStateMachine (ContainerStateMachine.java:takeSnapshot(296)) - group-7EABA2875604: Taking a snapshot at:(t:1, i:75) file /workdir/hadoop-ozone/tools/target/test-dir/MiniOzoneClusterImpl-610dd82a-4248-4bb1-aa48-afd1fa3dcd62/datanode-1/data/ratis/79a3272f-cbe9-481c-b661-7eaba2875604/sm/snapshot.1_75
2019-10-21 07:26:51,841 [grpc-default-executor-0] INFO  server.GrpcLogAppender (GrpcLogAppender.java:onCompleted(308)) - 410c3651-7e6c-4628-b738-2d58e573bf10@group-7EABA2875604->88702cd2-051c-4e7b-8bd3-dead2aa78a3f-AppendLogResponseHandler: follower responses appendEntries COMPLETED
2019-10-21 07:26:51,841 [grpc-default-executor-3] INFO  server.GrpcLogAppender (GrpcLogAppender.java:onCompleted(308)) - 410c3651-7e6c-4628-b738-2d58e573bf10@group-7EABA2875604->c1f9ca04-e4fa-49b4-8989-251d8537c158-AppendLogResponseHandler: follower responses appendEntries COMPLETED
2019-10-21 07:26:51,844 [grpc-default-executor-3] INFO  impl.FollowerInfo (FollowerInfo.java:lambda$new$0(51)) - 410c3651-7e6c-4628-b738-2d58e573bf10@group-7EABA2875604->c1f9ca04-e4fa-49b4-8989-251d8537c158: nextIndex: updateUnconditionally 78 -> 77
2019-10-21 07:26:51,844 [grpc-default-executor-0] INFO  impl.FollowerInfo (FollowerInfo.java:lambda$new$0(51)) - 410c3651-7e6c-4628-b738-2d58e573bf10@group-7EABA2875604->88702cd2-051c-4e7b-8bd3-dead2aa78a3f: nextIndex: updateUnconditionally 78 -> 77
2019-10-21 07:26:51,848 [410c3651-7e6c-4628-b738-2d58e573bf10@group-7EABA2875604-StateMachineUpdater] INFO  ratis.ContainerStateMachine (ContainerStateMachine.java:takeSnapshot(307)) - group-7EABA2875604: Finished taking a snapshot at:(t:1, i:75) file:/workdir/hadoop-ozone/tools/target/test-dir/MiniOzoneClusterImpl-610dd82a-4248-4bb1-aa48-afd1fa3dcd62/datanode-1/data/ratis/79a3272f-cbe9-481c-b661-7eaba2875604/sm/snapshot.1_75 time:8
2019-10-21 07:26:51,849 [410c3651-7e6c-4628-b738-2d58e573bf10@group-7EABA2875604-StateMachineUpdater] INFO  impl.StateMachineUpdater (StateMachineUpdater.java:takeSnapshot(269)) - 410c3651-7e6c-4628-b738-2d58e573bf10@group-7EABA2875604-StateMachineUpdater: Took a snapshot at index 75
2019-10-21 07:26:51,849 [410c3651-7e6c-4628-b738-2d58e573bf10@group-7EABA2875604-StateMachineUpdater] INFO  impl.StateMachineUpdater (StateMachineUpdater.java:lambda$new$0(84)) - 410c3651-7e6c-4628-b738-2d58e573bf10@group-7EABA2875604-StateMachineUpdater: snapshotIndex: updateIncreasingly -1 -> 75
2019-10-21 07:26:51,849 [410c3651-7e6c-4628-b738-2d58e573bf10@group-7EABA2875604-StateMachineUpdater] INFO  ratis.ContainerStateMachine (ContainerStateMachine.java:takeSnapshot(296)) - group-7EABA2875604: Taking a snapshot at:(t:1, i:75) file /workdir/hadoop-ozone/tools/target/test-dir/MiniOzoneClusterImpl-610dd82a-4248-4bb1-aa48-afd1fa3dcd62/datanode-1/data/ratis/79a3272f-cbe9-481c-b661-7eaba2875604/sm/snapshot.1_75
2019-10-21 07:26:51,872 [410c3651-7e6c-4628-b738-2d58e573bf10@group-7EABA2875604-StateMachineUpdater] INFO  ratis.ContainerStateMachine (ContainerStateMachine.java:takeSnapshot(307)) - group-7EABA2875604: Finished taking a snapshot at:(t:1, i:75) file:/workdir/hadoop-ozone/tools/target/test-dir/MiniOzoneClusterImpl-610dd82a-4248-4bb1-aa48-afd1fa3dcd62/datanode-1/data/ratis/79a3272f-cbe9-481c-b661-7eaba2875604/sm/snapshot.1_75 time:23
2019-10-21 07:26:51,872 [410c3651-7e6c-4628-b738-2d58e573bf10@group-7EABA2875604-StateMachineUpdater] INFO  impl.StateMachineUpdater (StateMachineUpdater.java:takeSnapshot(269)) - 410c3651-7e6c-4628-b738-2d58e573bf10@group-7EABA2875604-StateMachineUpdater: Took a snapshot at index 75
2019-10-21 07:26:51,872 [410c3651-7e6c-4628-b738-2d58e573bf10@group-7EABA2875604-StateMachineUpdater] INFO  impl.StateMachineUpdater (StateMachineUpdater.java:lambda$new$0(84)) - 410c3651-7e6c-4628-b738-2d58e573bf10@group-7EABA2875604-StateMachineUpdater: snapshotIndex: updateIncreasingly 75 -> 75
2019-10-21 07:26:51,873 [grpc-default-executor-4] INFO  impl.RaftServerImpl (ServerState.java:close(387)) - 410c3651-7e6c-4628-b738-2d58e573bf10@group-7EABA2875604: closes. applyIndex: 77
2019-10-21 07:26:51,874 [410c3651-7e6c-4628-b738-2d58e573bf10@group-7EABA2875604-SegmentedRaftLogWorker] INFO  segmented.SegmentedRaftLogWorker (SegmentedRaftLogWorker.java:run(316)) - 410c3651-7e6c-4628-b738-2d58e573bf10@group-7EABA2875604-SegmentedRaftLogWorker was interrupted, exiting. There are 0 tasks remaining in the queue.
2019-10-21 07:26:51,875 [grpc-default-executor-4] INFO  segmented.SegmentedRaftLogWorker (SegmentedRaftLogWorker.java:close(224)) - 410c3651-7e6c-4628-b738-2d58e573bf10@group-7EABA2875604-SegmentedRaftLogWorker close()
2019-10-21 07:26:51,902 [grpc-default-executor-4] INFO  interfaces.Container (KeyValueContainer.java:flushAndSyncDB(386)) - Container 1 is synced with bcsId 59.
2019-10-21 07:26:51,902 [grpc-default-executor-4] INFO  interfaces.Container (KeyValueContainer.java:flushAndSyncDB(386)) - Container 1 is synced with bcsId 59.
2019-10-21 07:26:51,960 [grpc-default-executor-4] INFO  interfaces.Container (KeyValueContainer.java:flushAndSyncDB(386)) - Container 2 is synced with bcsId 75.
2019-10-21 07:26:51,960 [grpc-default-executor-4] INFO  interfaces.Container (KeyValueContainer.java:flushAndSyncDB(386)) - Container 2 is synced with bcsId 75.
2019-10-21 07:26:52,016 [grpc-default-executor-4] INFO  interfaces.Container (KeyValueContainer.java:flushAndSyncDB(386)) - Container 3 is synced with bcsId 41.
2019-10-21 07:26:52,016 [grpc-default-executor-4] INFO  interfaces.Container (KeyValueContainer.java:flushAndSyncDB(386)) - Container 3 is synced with bcsId 41.
2019-10-21 07:26:52,057 [main] INFO  pipeline.PipelineStateManager (PipelineStateManager.java:removePipeline(106)) - Pipeline Pipeline[ Id: 79a3272f-cbe9-481c-b661-7eaba2875604, Nodes: 88702cd2-051c-4e7b-8bd3-dead2aa78a3f{ip: 192.168.34.63, host: pr-hdds-1868-wsm2n-11235469, networkLocation: /default-rack, certSerialId: null}c1f9ca04-e4fa-49b4-8989-251d8537c158{ip: 192.168.34.63, host: pr-hdds-1868-wsm2n-11235469, networkLocation: /default-rack, certSerialId: null}410c3651-7e6c-4628-b738-2d58e573bf10{ip: 192.168.34.63, host: pr-hdds-1868-wsm2n-11235469, networkLocation: /default-rack, certSerialId: null}, Type:RATIS, Factor:THREE, State:CLOSED] removed from db
2019-10-21 07:26:52,068 [grpc-default-executor-0] INFO  impl.RaftServerProxy (RaftServerProxy.java:addNew(89)) - c1f9ca04-e4fa-49b4-8989-251d8537c158: addNew group-A2A26AA3F286:[410c3651-7e6c-4628-b738-2d58e573bf10:192.168.34.63:44871, 88702cd2-051c-4e7b-8bd3-dead2aa78a3f:192.168.34.63:40600, c1f9ca04-e4fa-49b4-8989-251d8537c158:192.168.34.63:42717] returns group-A2A26AA3F286:java.util.concurrent.CompletableFuture@5cda56d7[Not completed]
2019-10-21 07:26:52,068 [grpc-default-executor-4] INFO  impl.RaftServerProxy (RaftServerProxy.java:addNew(89)) - 410c3651-7e6c-4628-b738-2d58e573bf10: addNew group-A2A26AA3F286:[410c3651-7e6c-4628-b738-2d58e573bf10:192.168.34.63:44871, 88702cd2-051c-4e7b-8bd3-dead2aa78a3f:192.168.34.63:40600, c1f9ca04-e4fa-49b4-8989-251d8537c158:192.168.34.63:42717] returns group-A2A26AA3F286:java.util.concurrent.CompletableFuture@27f30b64[Not completed]
2019-10-21 07:26:52,070 [grpc-default-executor-0] INFO  impl.RaftServerProxy (RaftServerProxy.java:addNew(89)) - 88702cd2-051c-4e7b-8bd3-dead2aa78a3f: addNew group-A2A26AA3F286:[410c3651-7e6c-4628-b738-2d58e573bf10:192.168.34.63:44871, 88702cd2-051c-4e7b-8bd3-dead2aa78a3f:192.168.34.63:40600, c1f9ca04-e4fa-49b4-8989-251d8537c158:192.168.34.63:42717] returns group-A2A26AA3F286:java.util.concurrent.CompletableFuture@57037064[Not completed]
2019-10-21 07:26:52,071 [pool-27-thread-1] INFO  impl.RaftServerImpl (RaftServerImpl.java:<init>(98)) - c1f9ca04-e4fa-49b4-8989-251d8537c158: new RaftServerImpl for group-A2A26AA3F286:[410c3651-7e6c-4628-b738-2d58e573bf10:192.168.34.63:44871, 88702cd2-051c-4e7b-8bd3-dead2aa78a3f:192.168.34.63:40600, c1f9ca04-e4fa-49b4-8989-251d8537c158:192.168.34.63:42717] with ContainerStateMachine:uninitialized
2019-10-21 07:26:52,072 [pool-27-thread-1] INFO  server.RaftServerConfigKeys (ConfUtils.java:logGet(43)) - raft.server.rpc.timeout.min = 5s (custom)
2019-10-21 07:26:52,072 [pool-27-thread-1] INFO  server.RaftServerConfigKeys (ConfUtils.java:logGet(43)) - raft.server.rpc.timeout.max = 5200ms (custom)
2019-10-21 07:26:52,072 [pool-27-thread-1] INFO  server.RaftServerConfigKeys (ConfUtils.java:logGet(43)) - raft.server.rpcslowness.timeout = 120s (custom)
2019-10-21 07:26:52,072 [pool-27-thread-1] INFO  server.RaftServerConfigKeys (ConfUtils.java:logGet(43)) - raft.server.sleep.deviation.threshold = 300 (default)
2019-10-21 07:26:52,072 [pool-27-thread-1] INFO  server.RaftServerConfigKeys (ConfUtils.java:logGet(43)) - raft.server.log.appender.install.snapshot.enabled = false (custom)
2019-10-21 07:26:52,072 [pool-27-thread-1] INFO  impl.RaftServerImpl (ServerState.java:<init>(103)) - c1f9ca04-e4fa-49b4-8989-251d8537c158@group-A2A26AA3F286: ConfigurationManager, init=-1: [410c3651-7e6c-4628-b738-2d58e573bf10:192.168.34.63:44871, 88702cd2-051c-4e7b-8bd3-dead2aa78a3f:192.168.34.63:40600, c1f9ca04-e4fa-49b4-8989-251d8537c158:192.168.34.63:42717], old=null, confs=<EMPTY_MAP>
2019-10-21 07:26:52,072 [pool-47-thread-1] INFO  impl.RaftServerImpl (RaftServerImpl.java:<init>(98)) - 88702cd2-051c-4e7b-8bd3-dead2aa78a3f: new RaftServerImpl for group-A2A26AA3F286:[410c3651-7e6c-4628-b738-2d58e573bf10:192.168.34.63:44871, 88702cd2-051c-4e7b-8bd3-dead2aa78a3f:192.168.34.63:40600, c1f9ca04-e4fa-49b4-8989-251d8537c158:192.168.34.63:42717] with ContainerStateMachine:uninitialized
2019-10-21 07:26:52,072 [pool-27-thread-1] INFO  server.RaftServerConfigKeys (ConfUtils.java:logGet(43)) - raft.server.storage.dir = [/workdir/hadoop-ozone/tools/target/test-dir/MiniOzoneClusterImpl-610dd82a-4248-4bb1-aa48-afd1fa3dcd62/datanode-0/data/ratis] (custom)
2019-10-21 07:26:52,072 [pool-47-thread-1] INFO  server.RaftServerConfigKeys (ConfUtils.java:logGet(43)) - raft.server.rpc.timeout.min = 5s (custom)
2019-10-21 07:26:52,073 [pool-47-thread-1] INFO  server.RaftServerConfigKeys (ConfUtils.java:logGet(43)) - raft.server.rpc.timeout.max = 5200ms (custom)
2019-10-21 07:26:52,073 [pool-27-thread-1] INFO  server.RaftServerConfigKeys (ConfUtils.java:logGet(43)) - raft.server.log.corruption.policy = EXCEPTION (default)
2019-10-21 07:26:52,073 [pool-47-thread-1] INFO  server.RaftServerConfigKeys (ConfUtils.java:logGet(43)) - raft.server.rpcslowness.timeout = 120s (custom)
2019-10-21 07:26:52,073 [pool-47-thread-1] INFO  server.RaftServerConfigKeys (ConfUtils.java:logGet(43)) - raft.server.sleep.deviation.threshold = 300 (default)
2019-10-21 07:26:52,073 [pool-37-thread-1] INFO  impl.RaftServerImpl (RaftServerImpl.java:<init>(98)) - 410c3651-7e6c-4628-b738-2d58e573bf10: new RaftServerImpl for group-A2A26AA3F286:[410c3651-7e6c-4628-b738-2d58e573bf10:192.168.34.63:44871, 88702cd2-051c-4e7b-8bd3-dead2aa78a3f:192.168.34.63:40600, c1f9ca04-e4fa-49b4-8989-251d8537c158:192.168.34.63:42717] with ContainerStateMachine:uninitialized
2019-10-21 07:26:52,073 [pool-27-thread-1] INFO  storage.RaftStorageDirectory (RaftStorageDirectory.java:analyzeStorage(246)) - The storage directory /workdir/hadoop-ozone/tools/target/test-dir/MiniOzoneClusterImpl-610dd82a-4248-4bb1-aa48-afd1fa3dcd62/datanode-0/data/ratis/b864cc9c-3f82-472f-8c2b-a2a26aa3f286 does not exist. Creating ...
2019-10-21 07:26:52,073 [pool-37-thread-1] INFO  server.RaftServerConfigKeys (ConfUtils.java:logGet(43)) - raft.server.rpc.timeout.min = 5s (custom)
2019-10-21 07:26:52,073 [pool-47-thread-1] INFO  server.RaftServerConfigKeys (ConfUtils.java:logGet(43)) - raft.server.log.appender.install.snapshot.enabled = false (custom)
2019-10-21 07:26:52,073 [pool-37-thread-1] INFO  server.RaftServerConfigKeys (ConfUtils.java:logGet(43)) - raft.server.rpc.timeout.max = 5200ms (custom)
2019-10-21 07:26:52,073 [pool-47-thread-1] INFO  impl.RaftServerImpl (ServerState.java:<init>(103)) - 88702cd2-051c-4e7b-8bd3-dead2aa78a3f@group-A2A26AA3F286: ConfigurationManager, init=-1: [410c3651-7e6c-4628-b738-2d58e573bf10:192.168.34.63:44871, 88702cd2-051c-4e7b-8bd3-dead2aa78a3f:192.168.34.63:40600, c1f9ca04-e4fa-49b4-8989-251d8537c158:192.168.34.63:42717], old=null, confs=<EMPTY_MAP>
2019-10-21 07:26:52,073 [pool-37-thread-1] INFO  server.RaftServerConfigKeys (ConfUtils.java:logGet(43)) - raft.server.rpcslowness.timeout = 120s (custom)
2019-10-21 07:26:52,074 [pool-47-thread-1] INFO  server.RaftServerConfigKeys (ConfUtils.java:logGet(43)) - raft.server.storage.dir = [/workdir/hadoop-ozone/tools/target/test-dir/MiniOzoneClusterImpl-610dd82a-4248-4bb1-aa48-afd1fa3dcd62/datanode-2/data/ratis] (custom)
2019-10-21 07:26:52,074 [pool-37-thread-1] INFO  server.RaftServerConfigKeys (ConfUtils.java:logGet(43)) - raft.server.sleep.deviation.threshold = 300 (default)
2019-10-21 07:26:52,074 [pool-37-thread-1] INFO  server.RaftServerConfigKeys (ConfUtils.java:logGet(43)) - raft.server.log.appender.install.snapshot.enabled = false (custom)
2019-10-21 07:26:52,074 [pool-47-thread-1] INFO  server.RaftServerConfigKeys (ConfUtils.java:logGet(43)) - raft.server.log.corruption.policy = EXCEPTION (default)
2019-10-21 07:26:52,074 [pool-37-thread-1] INFO  impl.RaftServerImpl (ServerState.java:<init>(103)) - 410c3651-7e6c-4628-b738-2d58e573bf10@group-A2A26AA3F286: ConfigurationManager, init=-1: [410c3651-7e6c-4628-b738-2d58e573bf10:192.168.34.63:44871, 88702cd2-051c-4e7b-8bd3-dead2aa78a3f:192.168.34.63:40600, c1f9ca04-e4fa-49b4-8989-251d8537c158:192.168.34.63:42717], old=null, confs=<EMPTY_MAP>
2019-10-21 07:26:52,074 [pool-47-thread-1] INFO  storage.RaftStorageDirectory (RaftStorageDirectory.java:analyzeStorage(246)) - The storage directory /workdir/hadoop-ozone/tools/target/test-dir/MiniOzoneClusterImpl-610dd82a-4248-4bb1-aa48-afd1fa3dcd62/datanode-2/data/ratis/b864cc9c-3f82-472f-8c2b-a2a26aa3f286 does not exist. Creating ...
2019-10-21 07:26:52,074 [pool-37-thread-1] INFO  server.RaftServerConfigKeys (ConfUtils.java:logGet(43)) - raft.server.storage.dir = [/workdir/hadoop-ozone/tools/target/test-dir/MiniOzoneClusterImpl-610dd82a-4248-4bb1-aa48-afd1fa3dcd62/datanode-1/data/ratis] (custom)
2019-10-21 07:26:52,074 [pool-37-thread-1] INFO  server.RaftServerConfigKeys (ConfUtils.java:logGet(43)) - raft.server.log.corruption.policy = EXCEPTION (default)
2019-10-21 07:26:52,075 [pool-37-thread-1] INFO  storage.RaftStorageDirectory (RaftStorageDirectory.java:analyzeStorage(246)) - The storage directory /workdir/hadoop-ozone/tools/target/test-dir/MiniOzoneClusterImpl-610dd82a-4248-4bb1-aa48-afd1fa3dcd62/datanode-1/data/ratis/b864cc9c-3f82-472f-8c2b-a2a26aa3f286 does not exist. Creating ...
2019-10-21 07:26:52,079 [pool-47-thread-1] INFO  storage.RaftStorageDirectory (RaftStorageDirectory.java:tryLock(328)) - Lock on /workdir/hadoop-ozone/tools/target/test-dir/MiniOzoneClusterImpl-610dd82a-4248-4bb1-aa48-afd1fa3dcd62/datanode-2/data/ratis/b864cc9c-3f82-472f-8c2b-a2a26aa3f286/in_use.lock acquired by nodename 1988@pr-hdds-1868-wsm2n-11235469
2019-10-21 07:26:52,079 [pool-27-thread-1] INFO  storage.RaftStorageDirectory (RaftStorageDirectory.java:tryLock(328)) - Lock on /workdir/hadoop-ozone/tools/target/test-dir/MiniOzoneClusterImpl-610dd82a-4248-4bb1-aa48-afd1fa3dcd62/datanode-0/data/ratis/b864cc9c-3f82-472f-8c2b-a2a26aa3f286/in_use.lock acquired by nodename 1988@pr-hdds-1868-wsm2n-11235469
2019-10-21 07:26:52,079 [pool-37-thread-1] INFO  storage.RaftStorageDirectory (RaftStorageDirectory.java:tryLock(328)) - Lock on /workdir/hadoop-ozone/tools/target/test-dir/MiniOzoneClusterImpl-610dd82a-4248-4bb1-aa48-afd1fa3dcd62/datanode-1/data/ratis/b864cc9c-3f82-472f-8c2b-a2a26aa3f286/in_use.lock acquired by nodename 1988@pr-hdds-1868-wsm2n-11235469
2019-10-21 07:26:52,107 [pool-37-thread-1] INFO  storage.RaftStorage (RaftStorage.java:format(84)) - Storage directory /workdir/hadoop-ozone/tools/target/test-dir/MiniOzoneClusterImpl-610dd82a-4248-4bb1-aa48-afd1fa3dcd62/datanode-1/data/ratis/b864cc9c-3f82-472f-8c2b-a2a26aa3f286 has been successfully formatted.
2019-10-21 07:26:52,107 [pool-47-thread-1] INFO  storage.RaftStorage (RaftStorage.java:format(84)) - Storage directory /workdir/hadoop-ozone/tools/target/test-dir/MiniOzoneClusterImpl-610dd82a-4248-4bb1-aa48-afd1fa3dcd62/datanode-2/data/ratis/b864cc9c-3f82-472f-8c2b-a2a26aa3f286 has been successfully formatted.
2019-10-21 07:26:52,107 [pool-27-thread-1] INFO  storage.RaftStorage (RaftStorage.java:format(84)) - Storage directory /workdir/hadoop-ozone/tools/target/test-dir/MiniOzoneClusterImpl-610dd82a-4248-4bb1-aa48-afd1fa3dcd62/datanode-0/data/ratis/b864cc9c-3f82-472f-8c2b-a2a26aa3f286 has been successfully formatted.
2019-10-21 07:26:52,107 [pool-37-thread-1] INFO  ratis.ContainerStateMachine (ContainerStateMachine.java:loadSnapshot(233)) - group-A2A26AA3F286: The snapshot info is null. Setting the last applied indexto:(t:0, i:~)
2019-10-21 07:26:52,107 [pool-47-thread-1] INFO  ratis.ContainerStateMachine (ContainerStateMachine.java:loadSnapshot(233)) - group-A2A26AA3F286: The snapshot info is null. Setting the last applied indexto:(t:0, i:~)
2019-10-21 07:26:52,108 [pool-37-thread-1] INFO  server.RaftServerConfigKeys (ConfUtils.java:logGet(43)) - raft.server.notification.no-leader.timeout = 120s (custom)
2019-10-21 07:26:52,107 [pool-27-thread-1] INFO  ratis.ContainerStateMachine (ContainerStateMachine.java:loadSnapshot(233)) - group-A2A26AA3F286: The snapshot info is null. Setting the last applied indexto:(t:0, i:~)
2019-10-21 07:26:52,108 [pool-37-thread-1] INFO  server.RaftServerConfigKeys (ConfUtils.java:logGet(43)) - raft.server.log.use.memory = false (default)
2019-10-21 07:26:52,108 [pool-47-thread-1] INFO  server.RaftServerConfigKeys (ConfUtils.java:logGet(43)) - raft.server.notification.no-leader.timeout = 120s (custom)
2019-10-21 07:26:52,108 [pool-37-thread-1] INFO  server.RaftServerConfigKeys (ConfUtils.java:logGet(43)) - raft.server.log.purge.gap = 1000000 (custom)
2019-10-21 07:26:52,108 [pool-27-thread-1] INFO  server.RaftServerConfigKeys (ConfUtils.java:logGet(43)) - raft.server.notification.no-leader.timeout = 120s (custom)
2019-10-21 07:26:52,108 [pool-37-thread-1] INFO  server.RaftServerConfigKeys (ConfUtils.java:logGet(43)) - raft.server.log.appender.buffer.byte-limit = 33554432 (custom)
2019-10-21 07:26:52,108 [pool-47-thread-1] INFO  server.RaftServerConfigKeys (ConfUtils.java:logGet(43)) - raft.server.log.use.memory = false (default)
2019-10-21 07:26:52,108 [pool-37-thread-1] INFO  server.RaftServerConfigKeys (ConfUtils.java:logGet(43)) - raft.server.log.segment.size.max = 1048576 (custom)
2019-10-21 07:26:52,108 [pool-27-thread-1] INFO  server.RaftServerConfigKeys (ConfUtils.java:logGet(43)) - raft.server.log.use.memory = false (default)
2019-10-21 07:26:52,108 [pool-37-thread-1] INFO  server.RaftServerConfigKeys (ConfUtils.java:logGet(43)) - raft.server.log.segment.cache.num.max = 2 (custom)
2019-10-21 07:26:52,108 [pool-47-thread-1] INFO  server.RaftServerConfigKeys (ConfUtils.java:logGet(43)) - raft.server.log.purge.gap = 1000000 (custom)
2019-10-21 07:26:52,109 [pool-37-thread-1] INFO  segmented.SegmentedRaftLogWorker (SegmentedRaftLogWorker.java:<init>(173)) - new 410c3651-7e6c-4628-b738-2d58e573bf10@group-A2A26AA3F286-SegmentedRaftLogWorker for RaftStorage:Storage Directory /workdir/hadoop-ozone/tools/target/test-dir/MiniOzoneClusterImpl-610dd82a-4248-4bb1-aa48-afd1fa3dcd62/datanode-1/data/ratis/b864cc9c-3f82-472f-8c2b-a2a26aa3f286
2019-10-21 07:26:52,109 [pool-27-thread-1] INFO  server.RaftServerConfigKeys (ConfUtils.java:logGet(43)) - raft.server.log.purge.gap = 1000000 (custom)
2019-10-21 07:26:52,109 [pool-37-thread-1] INFO  server.RaftServerConfigKeys (ConfUtils.java:logGet(43)) - raft.server.log.queue.byte-limit = 2147483647 (custom)
2019-10-21 07:26:52,109 [pool-47-thread-1] INFO  server.RaftServerConfigKeys (ConfUtils.java:logGet(43)) - raft.server.log.appender.buffer.byte-limit = 33554432 (custom)
2019-10-21 07:26:52,109 [pool-37-thread-1] INFO  server.RaftServerConfigKeys (ConfUtils.java:logGet(43)) - raft.server.log.queue.element-limit = 1024 (custom)
2019-10-21 07:26:52,109 [pool-27-thread-1] INFO  server.RaftServerConfigKeys (ConfUtils.java:logGet(43)) - raft.server.log.appender.buffer.byte-limit = 33554432 (custom)
2019-10-21 07:26:52,109 [pool-37-thread-1] INFO  server.RaftServerConfigKeys (ConfUtils.java:logGet(43)) - raft.server.log.segment.size.max = 1048576 (custom)
2019-10-21 07:26:52,109 [pool-47-thread-1] INFO  server.RaftServerConfigKeys (ConfUtils.java:logGet(43)) - raft.server.log.segment.size.max = 1048576 (custom)
2019-10-21 07:26:52,109 [pool-37-thread-1] INFO  server.RaftServerConfigKeys (ConfUtils.java:logGet(43)) - raft.server.log.preallocated.size = 16384 (custom)
2019-10-21 07:26:52,109 [pool-27-thread-1] INFO  server.RaftServerConfigKeys (ConfUtils.java:logGet(43)) - raft.server.log.segment.size.max = 1048576 (custom)
2019-10-21 07:26:52,110 [pool-37-thread-1] INFO  server.RaftServerConfigKeys (ConfUtils.java:logGet(43)) - raft.server.log.write.buffer.size = 33554432 (custom)
2019-10-21 07:26:52,110 [pool-47-thread-1] INFO  server.RaftServerConfigKeys (ConfUtils.java:logGet(43)) - raft.server.log.segment.cache.num.max = 2 (custom)
2019-10-21 07:26:52,110 [pool-37-thread-1] INFO  server.RaftServerConfigKeys (ConfUtils.java:logGet(43)) - raft.server.log.force.sync.num = 128 (default)
2019-10-21 07:26:52,110 [pool-27-thread-1] INFO  server.RaftServerConfigKeys (ConfUtils.java:logGet(43)) - raft.server.log.segment.cache.num.max = 2 (custom)
2019-10-21 07:26:52,110 [pool-37-thread-1] INFO  server.RaftServerConfigKeys (ConfUtils.java:logGet(43)) - raft.server.log.statemachine.data.sync = true (default)
2019-10-21 07:26:52,110 [pool-47-thread-1] INFO  segmented.SegmentedRaftLogWorker (SegmentedRaftLogWorker.java:<init>(173)) - new 88702cd2-051c-4e7b-8bd3-dead2aa78a3f@group-A2A26AA3F286-SegmentedRaftLogWorker for RaftStorage:Storage Directory /workdir/hadoop-ozone/tools/target/test-dir/MiniOzoneClusterImpl-610dd82a-4248-4bb1-aa48-afd1fa3dcd62/datanode-2/data/ratis/b864cc9c-3f82-472f-8c2b-a2a26aa3f286
2019-10-21 07:26:52,110 [pool-37-thread-1] INFO  server.RaftServerConfigKeys (ConfUtils.java:logGet(43)) - raft.server.log.statemachine.data.sync.timeout = 10s (default)
2019-10-21 07:26:52,110 [pool-37-thread-1] INFO  server.RaftServerConfigKeys (ConfUtils.java:logGet(43)) - raft.server.log.statemachine.data.sync.timeout.retry = -1 (default)
2019-10-21 07:26:52,110 [pool-27-thread-1] INFO  segmented.SegmentedRaftLogWorker (SegmentedRaftLogWorker.java:<init>(173)) - new c1f9ca04-e4fa-49b4-8989-251d8537c158@group-A2A26AA3F286-SegmentedRaftLogWorker for RaftStorage:Storage Directory /workdir/hadoop-ozone/tools/target/test-dir/MiniOzoneClusterImpl-610dd82a-4248-4bb1-aa48-afd1fa3dcd62/datanode-0/data/ratis/b864cc9c-3f82-472f-8c2b-a2a26aa3f286
2019-10-21 07:26:52,111 [pool-37-thread-1] INFO  server.RaftServerConfigKeys (ConfUtils.java:logGet(43)) - raft.server.log.statemachine.data.caching.enabled = true (custom)
2019-10-21 07:26:52,110 [pool-47-thread-1] INFO  server.RaftServerConfigKeys (ConfUtils.java:logGet(43)) - raft.server.log.queue.byte-limit = 2147483647 (custom)
2019-10-21 07:26:52,111 [pool-27-thread-1] INFO  server.RaftServerConfigKeys (ConfUtils.java:logGet(43)) - raft.server.log.queue.byte-limit = 2147483647 (custom)
2019-10-21 07:26:52,111 [pool-47-thread-1] INFO  server.RaftServerConfigKeys (ConfUtils.java:logGet(43)) - raft.server.log.queue.element-limit = 1024 (custom)
2019-10-21 07:26:52,111 [pool-37-thread-1] INFO  segmented.SegmentedRaftLogWorker (SegmentedRaftLogWorker.java:lambda$new$0(128)) - 410c3651-7e6c-4628-b738-2d58e573bf10@group-A2A26AA3F286-SegmentedRaftLogWorker: flushIndex: setUnconditionally 0 -> -1
2019-10-21 07:26:52,111 [pool-47-thread-1] INFO  server.RaftServerConfigKeys (ConfUtils.java:logGet(43)) - raft.server.log.segment.size.max = 1048576 (custom)
2019-10-21 07:26:52,111 [pool-27-thread-1] INFO  server.RaftServerConfigKeys (ConfUtils.java:logGet(43)) - raft.server.log.queue.element-limit = 1024 (custom)
2019-10-21 07:26:52,111 [pool-37-thread-1] INFO  server.RaftServerConfigKeys (ConfUtils.java:logGet(43)) - raft.server.snapshot.auto.trigger.enabled = true (custom)
2019-10-21 07:26:52,111 [pool-47-thread-1] INFO  server.RaftServerConfigKeys (ConfUtils.java:logGet(43)) - raft.server.log.preallocated.size = 16384 (custom)
2019-10-21 07:26:52,112 [pool-37-thread-1] INFO  server.RaftServerConfigKeys (ConfUtils.java:logGet(43)) - raft.server.snapshot.auto.trigger.threshold = 10000 (custom)
2019-10-21 07:26:52,112 [pool-27-thread-1] INFO  server.RaftServerConfigKeys (ConfUtils.java:logGet(43)) - raft.server.log.segment.size.max = 1048576 (custom)
2019-10-21 07:26:52,112 [pool-37-thread-1] INFO  server.RaftServerConfigKeys (ConfUtils.java:logGet(43)) - raft.server.snapshot.retention.file.num = 5 (custom)
2019-10-21 07:26:52,112 [pool-47-thread-1] INFO  server.RaftServerConfigKeys (ConfUtils.java:logGet(43)) - raft.server.log.write.buffer.size = 33554432 (custom)
2019-10-21 07:26:52,112 [pool-37-thread-1] INFO  server.RaftServerConfigKeys (ConfUtils.java:logGet(43)) - raft.server.retrycache.expirytime = 600000ms (custom)
2019-10-21 07:26:52,112 [pool-27-thread-1] INFO  server.RaftServerConfigKeys (ConfUtils.java:logGet(43)) - raft.server.log.preallocated.size = 16384 (custom)
2019-10-21 07:26:52,112 [pool-37-thread-1] WARN  impl.MetricRegistriesImpl (MetricRegistriesImpl.java:lambda$create$1(61)) - First MetricRegistry has been created without registering reporters. You may need to call MetricRegistries.global().addReportRegistration(...) before.
2019-10-21 07:26:52,112 [pool-47-thread-1] INFO  server.RaftServerConfigKeys (ConfUtils.java:logGet(43)) - raft.server.log.force.sync.num = 128 (default)
2019-10-21 07:26:52,112 [pool-37-thread-1] WARN  impl.MetricRegistriesImpl (MetricRegistriesImpl.java:lambda$create$1(61)) - First MetricRegistry has been created without registering reporters. You may need to call MetricRegistries.global().addReportRegistration(...) before.
2019-10-21 07:26:52,112 [pool-27-thread-1] INFO  server.RaftServerConfigKeys (ConfUtils.java:logGet(43)) - raft.server.log.write.buffer.size = 33554432 (custom)
2019-10-21 07:26:52,113 [pool-37-thread-1] INFO  impl.RaftServerImpl (RaftServerImpl.java:start(184)) - 410c3651-7e6c-4628-b738-2d58e573bf10@group-A2A26AA3F286: start as a follower, conf=-1: [410c3651-7e6c-4628-b738-2d58e573bf10:192.168.34.63:44871, 88702cd2-051c-4e7b-8bd3-dead2aa78a3f:192.168.34.63:40600, c1f9ca04-e4fa-49b4-8989-251d8537c158:192.168.34.63:42717], old=null
2019-10-21 07:26:52,113 [pool-47-thread-1] INFO  server.RaftServerConfigKeys (ConfUtils.java:logGet(43)) - raft.server.log.statemachine.data.sync = true (default)
2019-10-21 07:26:52,113 [pool-37-thread-1] INFO  impl.RaftServerImpl (RaftServerImpl.java:setRole(173)) - 410c3651-7e6c-4628-b738-2d58e573bf10@group-A2A26AA3F286: changes role from      null to FOLLOWER at term 0 for startAsFollower
2019-10-21 07:26:52,113 [pool-27-thread-1] INFO  server.RaftServerConfigKeys (ConfUtils.java:logGet(43)) - raft.server.log.force.sync.num = 128 (default)
2019-10-21 07:26:52,113 [pool-37-thread-1] INFO  impl.RoleInfo (RoleInfo.java:updateAndGet(143)) - 410c3651-7e6c-4628-b738-2d58e573bf10: start FollowerState
2019-10-21 07:26:52,113 [pool-47-thread-1] INFO  server.RaftServerConfigKeys (ConfUtils.java:logGet(43)) - raft.server.log.statemachine.data.sync.timeout = 10s (default)
2019-10-21 07:26:52,113 [pool-27-thread-1] INFO  server.RaftServerConfigKeys (ConfUtils.java:logGet(43)) - raft.server.log.statemachine.data.sync = true (default)
2019-10-21 07:26:52,113 [pool-47-thread-1] INFO  server.RaftServerConfigKeys (ConfUtils.java:logGet(43)) - raft.server.log.statemachine.data.sync.timeout.retry = -1 (default)
2019-10-21 07:26:52,114 [pool-27-thread-1] INFO  server.RaftServerConfigKeys (ConfUtils.java:logGet(43)) - raft.server.log.statemachine.data.sync.timeout = 10s (default)
2019-10-21 07:26:52,114 [pool-37-thread-1] INFO  util.JmxRegister (JmxRegister.java:tryRegister(44)) - Successfully registered JMX Bean with object name Ratis:service=RaftServer,group=group-A2A26AA3F286,id=410c3651-7e6c-4628-b738-2d58e573bf10
2019-10-21 07:26:52,114 [pool-27-thread-1] INFO  server.RaftServerConfigKeys (ConfUtils.java:logGet(43)) - raft.server.log.statemachine.data.sync.timeout.retry = -1 (default)
2019-10-21 07:26:52,114 [pool-47-thread-1] INFO  server.RaftServerConfigKeys (ConfUtils.java:logGet(43)) - raft.server.log.statemachine.data.caching.enabled = true (custom)
2019-10-21 07:26:52,114 [pool-27-thread-1] INFO  server.RaftServerConfigKeys (ConfUtils.java:logGet(43)) - raft.server.log.statemachine.data.caching.enabled = true (custom)
2019-10-21 07:26:52,114 [pool-37-thread-1] WARN  impl.MetricRegistriesImpl (MetricRegistriesImpl.java:lambda$create$1(61)) - First MetricRegistry has been created without registering reporters. You may need to call MetricRegistries.global().addReportRegistration(...) before.
2019-10-21 07:26:52,114 [pool-47-thread-1] INFO  segmented.SegmentedRaftLogWorker (SegmentedRaftLogWorker.java:lambda$new$0(128)) - 88702cd2-051c-4e7b-8bd3-dead2aa78a3f@group-A2A26AA3F286-SegmentedRaftLogWorker: flushIndex: setUnconditionally 0 -> -1
2019-10-21 07:26:52,114 [pool-27-thread-1] INFO  segmented.SegmentedRaftLogWorker (SegmentedRaftLogWorker.java:lambda$new$0(128)) - c1f9ca04-e4fa-49b4-8989-251d8537c158@group-A2A26AA3F286-SegmentedRaftLogWorker: flushIndex: setUnconditionally 0 -> -1
2019-10-21 07:26:52,115 [pool-47-thread-1] INFO  server.RaftServerConfigKeys (ConfUtils.java:logGet(43)) - raft.server.snapshot.auto.trigger.enabled = true (custom)
2019-10-21 07:26:52,115 [pool-27-thread-1] INFO  server.RaftServerConfigKeys (ConfUtils.java:logGet(43)) - raft.server.snapshot.auto.trigger.enabled = true (custom)
2019-10-21 07:26:52,115 [pool-47-thread-1] INFO  server.RaftServerConfigKeys (ConfUtils.java:logGet(43)) - raft.server.snapshot.auto.trigger.threshold = 10000 (custom)
2019-10-21 07:26:52,115 [pool-27-thread-1] INFO  server.RaftServerConfigKeys (ConfUtils.java:logGet(43)) - raft.server.snapshot.auto.trigger.threshold = 10000 (custom)
2019-10-21 07:26:52,115 [pool-47-thread-1] INFO  server.RaftServerConfigKeys (ConfUtils.java:logGet(43)) - raft.server.snapshot.retention.file.num = 5 (custom)
2019-10-21 07:26:52,115 [pool-27-thread-1] INFO  server.RaftServerConfigKeys (ConfUtils.java:logGet(43)) - raft.server.snapshot.retention.file.num = 5 (custom)
2019-10-21 07:26:52,115 [pool-47-thread-1] INFO  server.RaftServerConfigKeys (ConfUtils.java:logGet(43)) - raft.server.retrycache.expirytime = 600000ms (custom)
2019-10-21 07:26:52,115 [pool-27-thread-1] INFO  server.RaftServerConfigKeys (ConfUtils.java:logGet(43)) - raft.server.retrycache.expirytime = 600000ms (custom)
2019-10-21 07:26:52,115 [pool-47-thread-1] WARN  impl.MetricRegistriesImpl (MetricRegistriesImpl.java:lambda$create$1(61)) - First MetricRegistry has been created without registering reporters. You may need to call MetricRegistries.global().addReportRegistration(...) before.
2019-10-21 07:26:52,116 [pool-27-thread-1] WARN  impl.MetricRegistriesImpl (MetricRegistriesImpl.java:lambda$create$1(61)) - First MetricRegistry has been created without registering reporters. You may need to call MetricRegistries.global().addReportRegistration(...) before.
2019-10-21 07:26:52,116 [pool-47-thread-1] WARN  impl.MetricRegistriesImpl (MetricRegistriesImpl.java:lambda$create$1(61)) - First MetricRegistry has been created without registering reporters. You may need to call MetricRegistries.global().addReportRegistration(...) before.
2019-10-21 07:26:52,117 [pool-27-thread-1] WARN  impl.MetricRegistriesImpl (MetricRegistriesImpl.java:lambda$create$1(61)) - First MetricRegistry has been created without registering reporters. You may need to call MetricRegistries.global().addReportRegistration(...) before.
2019-10-21 07:26:52,117 [pool-47-thread-1] INFO  impl.RaftServerImpl (RaftServerImpl.java:start(184)) - 88702cd2-051c-4e7b-8bd3-dead2aa78a3f@group-A2A26AA3F286: start as a follower, conf=-1: [410c3651-7e6c-4628-b738-2d58e573bf10:192.168.34.63:44871, 88702cd2-051c-4e7b-8bd3-dead2aa78a3f:192.168.34.63:40600, c1f9ca04-e4fa-49b4-8989-251d8537c158:192.168.34.63:42717], old=null
2019-10-21 07:26:52,117 [pool-47-thread-1] INFO  impl.RaftServerImpl (RaftServerImpl.java:setRole(173)) - 88702cd2-051c-4e7b-8bd3-dead2aa78a3f@group-A2A26AA3F286: changes role from      null to FOLLOWER at term 0 for startAsFollower
2019-10-21 07:26:52,117 [pool-27-thread-1] INFO  impl.RaftServerImpl (RaftServerImpl.java:start(184)) - c1f9ca04-e4fa-49b4-8989-251d8537c158@group-A2A26AA3F286: start as a follower, conf=-1: [410c3651-7e6c-4628-b738-2d58e573bf10:192.168.34.63:44871, 88702cd2-051c-4e7b-8bd3-dead2aa78a3f:192.168.34.63:40600, c1f9ca04-e4fa-49b4-8989-251d8537c158:192.168.34.63:42717], old=null
2019-10-21 07:26:52,117 [pool-47-thread-1] INFO  impl.RoleInfo (RoleInfo.java:updateAndGet(143)) - 88702cd2-051c-4e7b-8bd3-dead2aa78a3f: start FollowerState
2019-10-21 07:26:52,117 [pool-27-thread-1] INFO  impl.RaftServerImpl (RaftServerImpl.java:setRole(173)) - c1f9ca04-e4fa-49b4-8989-251d8537c158@group-A2A26AA3F286: changes role from      null to FOLLOWER at term 0 for startAsFollower
2019-10-21 07:26:52,117 [pool-27-thread-1] INFO  impl.RoleInfo (RoleInfo.java:updateAndGet(143)) - c1f9ca04-e4fa-49b4-8989-251d8537c158: start FollowerState
2019-10-21 07:26:52,117 [pool-47-thread-1] INFO  util.JmxRegister (JmxRegister.java:tryRegister(44)) - Successfully registered JMX Bean with object name Ratis:service=RaftServer,group=group-A2A26AA3F286,id=88702cd2-051c-4e7b-8bd3-dead2aa78a3f
2019-10-21 07:26:52,118 [pool-47-thread-1] WARN  impl.MetricRegistriesImpl (MetricRegistriesImpl.java:lambda$create$1(61)) - First MetricRegistry has been created without registering reporters. You may need to call MetricRegistries.global().addReportRegistration(...) before.
2019-10-21 07:26:52,118 [pool-27-thread-1] INFO  util.JmxRegister (JmxRegister.java:tryRegister(44)) - Successfully registered JMX Bean with object name Ratis:service=RaftServer,group=group-A2A26AA3F286,id=c1f9ca04-e4fa-49b4-8989-251d8537c158
2019-10-21 07:26:52,118 [pool-27-thread-1] WARN  impl.MetricRegistriesImpl (MetricRegistriesImpl.java:lambda$create$1(61)) - First MetricRegistry has been created without registering reporters. You may need to call MetricRegistries.global().addReportRegistration(...) before.
2019-10-21 07:26:52,122 [RatisPipelineUtilsThread] INFO  pipeline.PipelineStateManager (PipelineStateManager.java:addPipeline(55)) - Created pipeline Pipeline[ Id: b864cc9c-3f82-472f-8c2b-a2a26aa3f286, Nodes: 88702cd2-051c-4e7b-8bd3-dead2aa78a3f{ip: 192.168.34.63, host: pr-hdds-1868-wsm2n-11235469, networkLocation: /default-rack, certSerialId: null}c1f9ca04-e4fa-49b4-8989-251d8537c158{ip: 192.168.34.63, host: pr-hdds-1868-wsm2n-11235469, networkLocation: /default-rack, certSerialId: null}410c3651-7e6c-4628-b738-2d58e573bf10{ip: 192.168.34.63, host: pr-hdds-1868-wsm2n-11235469, networkLocation: /default-rack, certSerialId: null}, Type:RATIS, Factor:THREE, State:ALLOCATED]
2019-10-21 07:26:52,159 [main] INFO  freon.RandomKeyGenerator (RandomKeyGenerator.java:call(283)) - Number of Threads: 10
2019-10-21 07:26:52,159 [main] INFO  freon.RandomKeyGenerator (RandomKeyGenerator.java:call(288)) - Number of Volumes: 1.
2019-10-21 07:26:52,160 [main] INFO  freon.RandomKeyGenerator (RandomKeyGenerator.java:call(289)) - Number of Buckets per Volume: 1.
2019-10-21 07:26:52,160 [main] INFO  freon.RandomKeyGenerator (RandomKeyGenerator.java:call(290)) - Number of Keys per Bucket: 1.
2019-10-21 07:26:52,160 [main] INFO  freon.RandomKeyGenerator (RandomKeyGenerator.java:call(291)) - Key size: 20971520 bytes
2019-10-21 07:26:52,160 [main] INFO  freon.RandomKeyGenerator (RandomKeyGenerator.java:call(292)) - Buffer size: 4096 bytes
2019-10-21 07:26:52,160 [main] INFO  freon.RandomKeyGenerator (RandomKeyGenerator.java:call(293)) - validateWrites : true
2019-10-21 07:26:52,161 [main] INFO  freon.RandomKeyGenerator (RandomKeyGenerator.java:call(307)) - Data validation is enabled.
2019-10-21 07:26:52,161 [pool-59-thread-1] INFO  rpc.RpcClient (RpcClient.java:createVolume(272)) - Creating Volume: vol-0-64439, with jenkins1000 as owner.
2019-10-21 07:26:52,161 [main] INFO  freon.RandomKeyGenerator (RandomKeyGenerator.java:call(313)) - Starting progress bar Thread.

 0.00% |?                                                                                                    |  0/1 Time: 0:00:002019-10-21 07:26:52,165 [IPC Server handler 4 on 39602] INFO  volume.OMVolumeCreateRequest (OMVolumeCreateRequest.java:validateAndUpdateCache(193)) - created volume:vol-0-64439 for user:jenkins1000
2019-10-21 07:26:52,182 [pool-59-thread-3] INFO  rpc.RpcClient (RpcClient.java:createBucket(411)) - Creating Bucket: vol-0-64439/bucket-0-89551, with Versioning false and Storage Type set to DISK and Encryption set to false 
2019-10-21 07:26:52,196 [IPC Server handler 1 on 34773] WARN  block.BlockManagerImpl (BlockManagerImpl.java:allocateBlock(200)) - Pipeline creation failed for type:RATIS factor:THREE. Retrying get pipelines call once.
org.apache.hadoop.hdds.scm.pipeline.InsufficientDatanodesException: Cannot create pipeline of factor 3 using 0 nodes.
	at org.apache.hadoop.hdds.scm.pipeline.RatisPipelineProvider.create(RatisPipelineProvider.java:153)
	at org.apache.hadoop.hdds.scm.pipeline.PipelineFactory.create(PipelineFactory.java:58)
	at org.apache.hadoop.hdds.scm.pipeline.SCMPipelineManager.createPipeline(SCMPipelineManager.java:156)
	at org.apache.hadoop.hdds.scm.block.BlockManagerImpl.allocateBlock(BlockManagerImpl.java:198)
	at org.apache.hadoop.hdds.scm.server.SCMBlockProtocolServer.allocateBlock(SCMBlockProtocolServer.java:182)
	at org.apache.hadoop.hdds.scm.protocol.ScmBlockLocationProtocolServerSideTranslatorPB.allocateScmBlock(ScmBlockLocationProtocolServerSideTranslatorPB.java:159)
	at org.apache.hadoop.hdds.scm.protocol.ScmBlockLocationProtocolServerSideTranslatorPB.processMessage(ScmBlockLocationProtocolServerSideTranslatorPB.java:117)
	at org.apache.hadoop.hdds.server.OzoneProtocolMessageDispatcher.processRequest(OzoneProtocolMessageDispatcher.java:72)
	at org.apache.hadoop.hdds.scm.protocol.ScmBlockLocationProtocolServerSideTranslatorPB.send(ScmBlockLocationProtocolServerSideTranslatorPB.java:98)
	at org.apache.hadoop.hdds.protocol.proto.ScmBlockLocationProtocolProtos$ScmBlockLocationProtocolService$2.callBlockingMethod(ScmBlockLocationProtocolProtos.java:13157)
	at org.apache.hadoop.ipc.ProtobufRpcEngine$Server$ProtoBufRpcInvoker.call(ProtobufRpcEngine.java:524)
	at org.apache.hadoop.ipc.RPC$Server.call(RPC.java:1025)
	at org.apache.hadoop.ipc.Server$RpcCall.run(Server.java:876)
	at org.apache.hadoop.ipc.Server$RpcCall.run(Server.java:822)
	at java.security.AccessController.doPrivileged(Native Method)
	at javax.security.auth.Subject.doAs(Subject.java:422)
	at org.apache.hadoop.security.UserGroupInformation.doAs(UserGroupInformation.java:1730)
	at org.apache.hadoop.ipc.Server$Handler.run(Server.java:2682)
2019-10-21 07:26:52,197 [IPC Server handler 1 on 34773] INFO  block.BlockManagerImpl (BlockManagerImpl.java:allocateBlock(212)) - Could not find available pipeline of type:RATIS and factor:THREE even after retrying
2019-10-21 07:26:52,197 [IPC Server handler 1 on 34773] ERROR block.BlockManagerImpl (BlockManagerImpl.java:allocateBlock(236)) - Unable to allocate a block for the size: 4194304, type: RATIS, factor: THREE
2019-10-21 07:26:52,197 [IPC Server handler 1 on 34773] WARN  block.BlockManagerImpl (BlockManagerImpl.java:allocateBlock(200)) - Pipeline creation failed for type:RATIS factor:THREE. Retrying get pipelines call once.
org.apache.hadoop.hdds.scm.pipeline.InsufficientDatanodesException: Cannot create pipeline of factor 3 using 0 nodes.
	at org.apache.hadoop.hdds.scm.pipeline.RatisPipelineProvider.create(RatisPipelineProvider.java:153)
	at org.apache.hadoop.hdds.scm.pipeline.PipelineFactory.create(PipelineFactory.java:58)
	at org.apache.hadoop.hdds.scm.pipeline.SCMPipelineManager.createPipeline(SCMPipelineManager.java:156)
	at org.apache.hadoop.hdds.scm.block.BlockManagerImpl.allocateBlock(BlockManagerImpl.java:198)
	at org.apache.hadoop.hdds.scm.server.SCMBlockProtocolServer.allocateBlock(SCMBlockProtocolServer.java:182)
	at org.apache.hadoop.hdds.scm.protocol.ScmBlockLocationProtocolServerSideTranslatorPB.allocateScmBlock(ScmBlockLocationProtocolServerSideTranslatorPB.java:159)
	at org.apache.hadoop.hdds.scm.protocol.ScmBlockLocationProtocolServerSideTranslatorPB.processMessage(ScmBlockLocationProtocolServerSideTranslatorPB.java:117)
	at org.apache.hadoop.hdds.server.OzoneProtocolMessageDispatcher.processRequest(OzoneProtocolMessageDispatcher.java:72)
	at org.apache.hadoop.hdds.scm.protocol.ScmBlockLocationProtocolServerSideTranslatorPB.send(ScmBlockLocationProtocolServerSideTranslatorPB.java:98)
	at org.apache.hadoop.hdds.protocol.proto.ScmBlockLocationProtocolProtos$ScmBlockLocationProtocolService$2.callBlockingMethod(ScmBlockLocationProtocolProtos.java:13157)
	at org.apache.hadoop.ipc.ProtobufRpcEngine$Server$ProtoBufRpcInvoker.call(ProtobufRpcEngine.java:524)
	at org.apache.hadoop.ipc.RPC$Server.call(RPC.java:1025)
	at org.apache.hadoop.ipc.Server$RpcCall.run(Server.java:876)
	at org.apache.hadoop.ipc.Server$RpcCall.run(Server.java:822)
	at java.security.AccessController.doPrivileged(Native Method)
	at javax.security.auth.Subject.doAs(Subject.java:422)
	at org.apache.hadoop.security.UserGroupInformation.doAs(UserGroupInformation.java:1730)
	at org.apache.hadoop.ipc.Server$Handler.run(Server.java:2682)
2019-10-21 07:26:52,198 [IPC Server handler 1 on 34773] INFO  block.BlockManagerImpl (BlockManagerImpl.java:allocateBlock(212)) - Could not find available pipeline of type:RATIS and factor:THREE even after retrying
2019-10-21 07:26:52,198 [IPC Server handler 1 on 34773] ERROR block.BlockManagerImpl (BlockManagerImpl.java:allocateBlock(236)) - Unable to allocate a block for the size: 4194304, type: RATIS, factor: THREE
2019-10-21 07:26:52,198 [IPC Server handler 1 on 34773] WARN  block.BlockManagerImpl (BlockManagerImpl.java:allocateBlock(200)) - Pipeline creation failed for type:RATIS factor:THREE. Retrying get pipelines call once.
org.apache.hadoop.hdds.scm.pipeline.InsufficientDatanodesException: Cannot create pipeline of factor 3 using 0 nodes.
	at org.apache.hadoop.hdds.scm.pipeline.RatisPipelineProvider.create(RatisPipelineProvider.java:153)
	at org.apache.hadoop.hdds.scm.pipeline.PipelineFactory.create(PipelineFactory.java:58)
	at org.apache.hadoop.hdds.scm.pipeline.SCMPipelineManager.createPipeline(SCMPipelineManager.java:156)
	at org.apache.hadoop.hdds.scm.block.BlockManagerImpl.allocateBlock(BlockManagerImpl.java:198)
	at org.apache.hadoop.hdds.scm.server.SCMBlockProtocolServer.allocateBlock(SCMBlockProtocolServer.java:182)
	at org.apache.hadoop.hdds.scm.protocol.ScmBlockLocationProtocolServerSideTranslatorPB.allocateScmBlock(ScmBlockLocationProtocolServerSideTranslatorPB.java:159)
	at org.apache.hadoop.hdds.scm.protocol.ScmBlockLocationProtocolServerSideTranslatorPB.processMessage(ScmBlockLocationProtocolServerSideTranslatorPB.java:117)
	at org.apache.hadoop.hdds.server.OzoneProtocolMessageDispatcher.processRequest(OzoneProtocolMessageDispatcher.java:72)
	at org.apache.hadoop.hdds.scm.protocol.ScmBlockLocationProtocolServerSideTranslatorPB.send(ScmBlockLocationProtocolServerSideTranslatorPB.java:98)
	at org.apache.hadoop.hdds.protocol.proto.ScmBlockLocationProtocolProtos$ScmBlockLocationProtocolService$2.callBlockingMethod(ScmBlockLocationProtocolProtos.java:13157)
	at org.apache.hadoop.ipc.ProtobufRpcEngine$Server$ProtoBufRpcInvoker.call(ProtobufRpcEngine.java:524)
	at org.apache.hadoop.ipc.RPC$Server.call(RPC.java:1025)
	at org.apache.hadoop.ipc.Server$RpcCall.run(Server.java:876)
	at org.apache.hadoop.ipc.Server$RpcCall.run(Server.java:822)
	at java.security.AccessController.doPrivileged(Native Method)
	at javax.security.auth.Subject.doAs(Subject.java:422)
	at org.apache.hadoop.security.UserGroupInformation.doAs(UserGroupInformation.java:1730)
	at org.apache.hadoop.ipc.Server$Handler.run(Server.java:2682)
2019-10-21 07:26:52,198 [IPC Server handler 1 on 34773] INFO  block.BlockManagerImpl (BlockManagerImpl.java:allocateBlock(212)) - Could not find available pipeline of type:RATIS and factor:THREE even after retrying
2019-10-21 07:26:52,198 [IPC Server handler 1 on 34773] ERROR block.BlockManagerImpl (BlockManagerImpl.java:allocateBlock(236)) - Unable to allocate a block for the size: 4194304, type: RATIS, factor: THREE
2019-10-21 07:26:52,199 [IPC Server handler 1 on 34773] WARN  block.BlockManagerImpl (BlockManagerImpl.java:allocateBlock(200)) - Pipeline creation failed for type:RATIS factor:THREE. Retrying get pipelines call once.
org.apache.hadoop.hdds.scm.pipeline.InsufficientDatanodesException: Cannot create pipeline of factor 3 using 0 nodes.
	at org.apache.hadoop.hdds.scm.pipeline.RatisPipelineProvider.create(RatisPipelineProvider.java:153)
	at org.apache.hadoop.hdds.scm.pipeline.PipelineFactory.create(PipelineFactory.java:58)
	at org.apache.hadoop.hdds.scm.pipeline.SCMPipelineManager.createPipeline(SCMPipelineManager.java:156)
	at org.apache.hadoop.hdds.scm.block.BlockManagerImpl.allocateBlock(BlockManagerImpl.java:198)
	at org.apache.hadoop.hdds.scm.server.SCMBlockProtocolServer.allocateBlock(SCMBlockProtocolServer.java:182)
	at org.apache.hadoop.hdds.scm.protocol.ScmBlockLocationProtocolServerSideTranslatorPB.allocateScmBlock(ScmBlockLocationProtocolServerSideTranslatorPB.java:159)
	at org.apache.hadoop.hdds.scm.protocol.ScmBlockLocationProtocolServerSideTranslatorPB.processMessage(ScmBlockLocationProtocolServerSideTranslatorPB.java:117)
	at org.apache.hadoop.hdds.server.OzoneProtocolMessageDispatcher.processRequest(OzoneProtocolMessageDispatcher.java:72)
	at org.apache.hadoop.hdds.scm.protocol.ScmBlockLocationProtocolServerSideTranslatorPB.send(ScmBlockLocationProtocolServerSideTranslatorPB.java:98)
	at org.apache.hadoop.hdds.protocol.proto.ScmBlockLocationProtocolProtos$ScmBlockLocationProtocolService$2.callBlockingMethod(ScmBlockLocationProtocolProtos.java:13157)
	at org.apache.hadoop.ipc.ProtobufRpcEngine$Server$ProtoBufRpcInvoker.call(ProtobufRpcEngine.java:524)
	at org.apache.hadoop.ipc.RPC$Server.call(RPC.java:1025)
	at org.apache.hadoop.ipc.Server$RpcCall.run(Server.java:876)
	at org.apache.hadoop.ipc.Server$RpcCall.run(Server.java:822)
	at java.security.AccessController.doPrivileged(Native Method)
	at javax.security.auth.Subject.doAs(Subject.java:422)
	at org.apache.hadoop.security.UserGroupInformation.doAs(UserGroupInformation.java:1730)
	at org.apache.hadoop.ipc.Server$Handler.run(Server.java:2682)
2019-10-21 07:26:52,199 [IPC Server handler 1 on 34773] INFO  block.BlockManagerImpl (BlockManagerImpl.java:allocateBlock(212)) - Could not find available pipeline of type:RATIS and factor:THREE even after retrying
2019-10-21 07:26:52,199 [IPC Server handler 1 on 34773] ERROR block.BlockManagerImpl (BlockManagerImpl.java:allocateBlock(236)) - Unable to allocate a block for the size: 4194304, type: RATIS, factor: THREE
2019-10-21 07:26:52,199 [IPC Server handler 1 on 34773] WARN  block.BlockManagerImpl (BlockManagerImpl.java:allocateBlock(200)) - Pipeline creation failed for type:RATIS factor:THREE. Retrying get pipelines call once.
org.apache.hadoop.hdds.scm.pipeline.InsufficientDatanodesException: Cannot create pipeline of factor 3 using 0 nodes.
	at org.apache.hadoop.hdds.scm.pipeline.RatisPipelineProvider.create(RatisPipelineProvider.java:153)
	at org.apache.hadoop.hdds.scm.pipeline.PipelineFactory.create(PipelineFactory.java:58)
	at org.apache.hadoop.hdds.scm.pipeline.SCMPipelineManager.createPipeline(SCMPipelineManager.java:156)
	at org.apache.hadoop.hdds.scm.block.BlockManagerImpl.allocateBlock(BlockManagerImpl.java:198)
	at org.apache.hadoop.hdds.scm.server.SCMBlockProtocolServer.allocateBlock(SCMBlockProtocolServer.java:182)
	at org.apache.hadoop.hdds.scm.protocol.ScmBlockLocationProtocolServerSideTranslatorPB.allocateScmBlock(ScmBlockLocationProtocolServerSideTranslatorPB.java:159)
	at org.apache.hadoop.hdds.scm.protocol.ScmBlockLocationProtocolServerSideTranslatorPB.processMessage(ScmBlockLocationProtocolServerSideTranslatorPB.java:117)
	at org.apache.hadoop.hdds.server.OzoneProtocolMessageDispatcher.processRequest(OzoneProtocolMessageDispatcher.java:72)
	at org.apache.hadoop.hdds.scm.protocol.ScmBlockLocationProtocolServerSideTranslatorPB.send(ScmBlockLocationProtocolServerSideTranslatorPB.java:98)
	at org.apache.hadoop.hdds.protocol.proto.ScmBlockLocationProtocolProtos$ScmBlockLocationProtocolService$2.callBlockingMethod(ScmBlockLocationProtocolProtos.java:13157)
	at org.apache.hadoop.ipc.ProtobufRpcEngine$Server$ProtoBufRpcInvoker.call(ProtobufRpcEngine.java:524)
	at org.apache.hadoop.ipc.RPC$Server.call(RPC.java:1025)
	at org.apache.hadoop.ipc.Server$RpcCall.run(Server.java:876)
	at org.apache.hadoop.ipc.Server$RpcCall.run(Server.java:822)
	at java.security.AccessController.doPrivileged(Native Method)
	at javax.security.auth.Subject.doAs(Subject.java:422)
	at org.apache.hadoop.security.UserGroupInformation.doAs(UserGroupInformation.java:1730)
	at org.apache.hadoop.ipc.Server$Handler.run(Server.java:2682)
2019-10-21 07:26:52,200 [IPC Server handler 1 on 34773] INFO  block.BlockManagerImpl (BlockManagerImpl.java:allocateBlock(212)) - Could not find available pipeline of type:RATIS and factor:THREE even after retrying
2019-10-21 07:26:52,200 [IPC Server handler 1 on 34773] ERROR block.BlockManagerImpl (BlockManagerImpl.java:allocateBlock(236)) - Unable to allocate a block for the size: 4194304, type: RATIS, factor: THREE
2019-10-21 07:26:52,202 [pool-59-thread-2] ERROR freon.RandomKeyGenerator (RandomKeyGenerator.java:createKey(733)) - Exception while adding key: key-0-89514 in bucket: bucket-0-89551 of volume: vol-0-64439.
INTERNAL_ERROR org.apache.hadoop.ozone.om.exceptions.OMException: Allocated 0 blocks. Requested 5 blocks
	at org.apache.hadoop.ozone.om.protocolPB.OzoneManagerProtocolClientSideTranslatorPB.handleError(OzoneManagerProtocolClientSideTranslatorPB.java:732)
	at org.apache.hadoop.ozone.om.protocolPB.OzoneManagerProtocolClientSideTranslatorPB.openKey(OzoneManagerProtocolClientSideTranslatorPB.java:723)
	at sun.reflect.NativeMethodAccessorImpl.invoke0(Native Method)
	at sun.reflect.NativeMethodAccessorImpl.invoke(NativeMethodAccessorImpl.java:62)
	at sun.reflect.DelegatingMethodAccessorImpl.invoke(DelegatingMethodAccessorImpl.java:43)
	at java.lang.reflect.Method.invoke(Method.java:498)
	at org.apache.hadoop.hdds.tracing.TraceAllMethod.invoke(TraceAllMethod.java:66)
	at com.sun.proxy.$Proxy37.openKey(Unknown Source)
	at org.apache.hadoop.ozone.client.rpc.RpcClient.createKey(RpcClient.java:614)
	at org.apache.hadoop.ozone.client.OzoneBucket.createKey(OzoneBucket.java:325)
	at org.apache.hadoop.ozone.freon.RandomKeyGenerator.createKey(RandomKeyGenerator.java:695)
	at org.apache.hadoop.ozone.freon.RandomKeyGenerator.access$1100(RandomKeyGenerator.java:88)
	at org.apache.hadoop.ozone.freon.RandomKeyGenerator$ObjectCreator.run(RandomKeyGenerator.java:615)
	at java.util.concurrent.Executors$RunnableAdapter.call(Executors.java:511)
	at java.util.concurrent.FutureTask.run(FutureTask.java:266)
	at java.util.concurrent.ThreadPoolExecutor.runWorker(ThreadPoolExecutor.java:1149)
	at java.util.concurrent.ThreadPoolExecutor$Worker.run(ThreadPoolExecutor.java:624)
	at java.lang.Thread.run(Thread.java:748)
 0.00% |?                                                                                                    |  0/1 Time: 0:00:01 0.00% |?                                                                                                    |  0/1 Time: 0:00:02 0.00% |?                                                                                                    |  0/1 Time: 0:00:03 0.00% |?                                                                                                    |  0/1 Time: 0:00:042019-10-21 07:26:57,144 [Thread-489] INFO  impl.FollowerState (FollowerState.java:run(111)) - c1f9ca04-e4fa-49b4-8989-251d8537c158@group-A2A26AA3F286-FollowerState: change to CANDIDATE, lastRpcTime:5026ms, electionTimeout:5026ms
2019-10-21 07:26:57,144 [Thread-489] INFO  impl.RoleInfo (RoleInfo.java:shutdownFollowerState(121)) - c1f9ca04-e4fa-49b4-8989-251d8537c158: shutdown FollowerState
2019-10-21 07:26:57,144 [Thread-489] INFO  impl.RaftServerImpl (RaftServerImpl.java:setRole(173)) - c1f9ca04-e4fa-49b4-8989-251d8537c158@group-A2A26AA3F286: changes role from  FOLLOWER to CANDIDATE at term 0 for changeToCandidate
2019-10-21 07:26:57,144 [Thread-489] INFO  impl.RoleInfo (RoleInfo.java:updateAndGet(143)) - c1f9ca04-e4fa-49b4-8989-251d8537c158: start LeaderElection
2019-10-21 07:26:57,150 [Thread-488] INFO  impl.FollowerState (FollowerState.java:run(111)) - 88702cd2-051c-4e7b-8bd3-dead2aa78a3f@group-A2A26AA3F286-FollowerState: change to CANDIDATE, lastRpcTime:5033ms, electionTimeout:5033ms
2019-10-21 07:26:57,151 [Thread-488] INFO  impl.RoleInfo (RoleInfo.java:shutdownFollowerState(121)) - 88702cd2-051c-4e7b-8bd3-dead2aa78a3f: shutdown FollowerState
2019-10-21 07:26:57,151 [Thread-488] INFO  impl.RaftServerImpl (RaftServerImpl.java:setRole(173)) - 88702cd2-051c-4e7b-8bd3-dead2aa78a3f@group-A2A26AA3F286: changes role from  FOLLOWER to CANDIDATE at term 0 for changeToCandidate
2019-10-21 07:26:57,151 [Thread-488] INFO  impl.RoleInfo (RoleInfo.java:updateAndGet(143)) - 88702cd2-051c-4e7b-8bd3-dead2aa78a3f: start LeaderElection
2019-10-21 07:26:57,165 [c1f9ca04-e4fa-49b4-8989-251d8537c158@group-A2A26AA3F286-LeaderElection5] INFO  impl.LeaderElection (LeaderElection.java:askForVotes(178)) - c1f9ca04-e4fa-49b4-8989-251d8537c158@group-A2A26AA3F286-LeaderElection5: begin an election at term 1 for -1: [410c3651-7e6c-4628-b738-2d58e573bf10:192.168.34.63:44871, 88702cd2-051c-4e7b-8bd3-dead2aa78a3f:192.168.34.63:40600, c1f9ca04-e4fa-49b4-8989-251d8537c158:192.168.34.63:42717], old=null
 100.00% |?????????????????????????????????????????????????????????????????????????????????????????????????????|  1/1 Time: 0:00:05
2019-10-21 07:26:57,168 [88702cd2-051c-4e7b-8bd3-dead2aa78a3f@group-A2A26AA3F286-LeaderElection6] INFO  impl.LeaderElection (LeaderElection.java:askForVotes(178)) - 88702cd2-051c-4e7b-8bd3-dead2aa78a3f@group-A2A26AA3F286-LeaderElection6: begin an election at term 1 for -1: [410c3651-7e6c-4628-b738-2d58e573bf10:192.168.34.63:44871, 88702cd2-051c-4e7b-8bd3-dead2aa78a3f:192.168.34.63:40600, c1f9ca04-e4fa-49b4-8989-251d8537c158:192.168.34.63:42717], old=null
2019-10-21 07:26:57,184 [grpc-default-executor-1] INFO  impl.RaftServerImpl (RaftServerImpl.java:setRole(173)) - 410c3651-7e6c-4628-b738-2d58e573bf10@group-A2A26AA3F286: changes role from  FOLLOWER to FOLLOWER at term 1 for recognizeCandidate:c1f9ca04-e4fa-49b4-8989-251d8537c158
2019-10-21 07:26:57,184 [grpc-default-executor-1] INFO  impl.RoleInfo (RoleInfo.java:shutdownFollowerState(121)) - 410c3651-7e6c-4628-b738-2d58e573bf10: shutdown FollowerState
2019-10-21 07:26:57,185 [Thread-484] INFO  impl.FollowerState (FollowerState.java:run(120)) - 410c3651-7e6c-4628-b738-2d58e573bf10@group-A2A26AA3F286-FollowerState was interrupted: java.lang.InterruptedException: sleep interrupted
2019-10-21 07:26:57,185 [grpc-default-executor-1] INFO  impl.RoleInfo (RoleInfo.java:updateAndGet(143)) - 410c3651-7e6c-4628-b738-2d58e573bf10: start FollowerState
2019-10-21 07:26:57,220 [c1f9ca04-e4fa-49b4-8989-251d8537c158@group-A2A26AA3F286-LeaderElection5] INFO  impl.LeaderElection (LeaderElection.java:logAndReturn(56)) - c1f9ca04-e4fa-49b4-8989-251d8537c158@group-A2A26AA3F286-LeaderElection5: Election PASSED; received 2 response(s) [c1f9ca04-e4fa-49b4-8989-251d8537c158<-410c3651-7e6c-4628-b738-2d58e573bf10#0:OK-t1, c1f9ca04-e4fa-49b4-8989-251d8537c158<-88702cd2-051c-4e7b-8bd3-dead2aa78a3f#0:FAIL-t1] and 0 exception(s); c1f9ca04-e4fa-49b4-8989-251d8537c158@group-A2A26AA3F286:t1, leader=null, voted=c1f9ca04-e4fa-49b4-8989-251d8537c158, raftlog=c1f9ca04-e4fa-49b4-8989-251d8537c158@group-A2A26AA3F286-SegmentedRaftLog:OPENED:c-1,f-1,i0, conf=-1: [410c3651-7e6c-4628-b738-2d58e573bf10:192.168.34.63:44871, 88702cd2-051c-4e7b-8bd3-dead2aa78a3f:192.168.34.63:40600, c1f9ca04-e4fa-49b4-8989-251d8537c158:192.168.34.63:42717], old=null
2019-10-21 07:26:57,220 [88702cd2-051c-4e7b-8bd3-dead2aa78a3f@group-A2A26AA3F286-LeaderElection6] INFO  impl.LeaderElection (LeaderElection.java:logAndReturn(56)) - 88702cd2-051c-4e7b-8bd3-dead2aa78a3f@group-A2A26AA3F286-LeaderElection6: Election REJECTED; received 2 response(s) [88702cd2-051c-4e7b-8bd3-dead2aa78a3f<-410c3651-7e6c-4628-b738-2d58e573bf10#0:FAIL-t1, 88702cd2-051c-4e7b-8bd3-dead2aa78a3f<-c1f9ca04-e4fa-49b4-8989-251d8537c158#0:FAIL-t1] and 0 exception(s); 88702cd2-051c-4e7b-8bd3-dead2aa78a3f@group-A2A26AA3F286:t1, leader=null, voted=88702cd2-051c-4e7b-8bd3-dead2aa78a3f, raftlog=88702cd2-051c-4e7b-8bd3-dead2aa78a3f@group-A2A26AA3F286-SegmentedRaftLog:OPENED:c-1,f-1,i0, conf=-1: [410c3651-7e6c-4628-b738-2d58e573bf10:192.168.34.63:44871, 88702cd2-051c-4e7b-8bd3-dead2aa78a3f:192.168.34.63:40600, c1f9ca04-e4fa-49b4-8989-251d8537c158:192.168.34.63:42717], old=null
2019-10-21 07:26:57,221 [c1f9ca04-e4fa-49b4-8989-251d8537c158@group-A2A26AA3F286-LeaderElection5] INFO  impl.RoleInfo (RoleInfo.java:shutdownLeaderElection(134)) - c1f9ca04-e4fa-49b4-8989-251d8537c158: shutdown LeaderElection
2019-10-21 07:26:57,222 [c1f9ca04-e4fa-49b4-8989-251d8537c158@group-A2A26AA3F286-LeaderElection5] INFO  impl.RaftServerImpl (RaftServerImpl.java:setRole(173)) - c1f9ca04-e4fa-49b4-8989-251d8537c158@group-A2A26AA3F286: changes role from CANDIDATE to LEADER at term 1 for changeToLeader
2019-10-21 07:26:57,222 [c1f9ca04-e4fa-49b4-8989-251d8537c158@group-A2A26AA3F286-LeaderElection5] INFO  ratis.XceiverServerRatis (XceiverServerRatis.java:handleLeaderChangedNotification(701)) - Leader change notification received for group: group-A2A26AA3F286 with new leaderId: c1f9ca04-e4fa-49b4-8989-251d8537c158
2019-10-21 07:26:57,223 [88702cd2-051c-4e7b-8bd3-dead2aa78a3f@group-A2A26AA3F286-LeaderElection6] INFO  impl.RaftServerImpl (RaftServerImpl.java:setRole(173)) - 88702cd2-051c-4e7b-8bd3-dead2aa78a3f@group-A2A26AA3F286: changes role from CANDIDATE to FOLLOWER at term 1 for DISCOVERED_A_NEW_TERM
2019-10-21 07:26:57,223 [c1f9ca04-e4fa-49b4-8989-251d8537c158@group-A2A26AA3F286-LeaderElection5] INFO  impl.RaftServerImpl (ServerState.java:setLeader(255)) - c1f9ca04-e4fa-49b4-8989-251d8537c158@group-A2A26AA3F286: change Leader from null to c1f9ca04-e4fa-49b4-8989-251d8537c158 at term 1 for becomeLeader, leader elected after 5113ms
2019-10-21 07:26:57,224 [88702cd2-051c-4e7b-8bd3-dead2aa78a3f@group-A2A26AA3F286-LeaderElection6] INFO  impl.RoleInfo (RoleInfo.java:shutdownLeaderElection(134)) - 88702cd2-051c-4e7b-8bd3-dead2aa78a3f: shutdown LeaderElection
2019-10-21 07:26:57,224 [c1f9ca04-e4fa-49b4-8989-251d8537c158@group-A2A26AA3F286-LeaderElection5] INFO  server.RaftServerConfigKeys (ConfUtils.java:logGet(43)) - raft.server.staging.catchup.gap = 1000 (default)
2019-10-21 07:26:57,224 [88702cd2-051c-4e7b-8bd3-dead2aa78a3f@group-A2A26AA3F286-LeaderElection6] INFO  impl.RoleInfo (RoleInfo.java:updateAndGet(143)) - 88702cd2-051c-4e7b-8bd3-dead2aa78a3f: start FollowerState
2019-10-21 07:26:57,224 [c1f9ca04-e4fa-49b4-8989-251d8537c158@group-A2A26AA3F286-LeaderElection5] INFO  server.RaftServerConfigKeys (ConfUtils.java:logGet(43)) - raft.server.rpc.sleep.time = 25ms (default)
2019-10-21 07:26:57,225 [c1f9ca04-e4fa-49b4-8989-251d8537c158@group-A2A26AA3F286-LeaderElection5] INFO  server.RaftServerConfigKeys (ConfUtils.java:logGet(43)) - raft.server.write.element-limit = 4096 (default)
2019-10-21 07:26:57,225 [c1f9ca04-e4fa-49b4-8989-251d8537c158@group-A2A26AA3F286-LeaderElection5] INFO  server.RaftServerConfigKeys (ConfUtils.java:logGet(43)) - raft.server.watch.timeout = 10s (default)
2019-10-21 07:26:57,225 [c1f9ca04-e4fa-49b4-8989-251d8537c158@group-A2A26AA3F286-LeaderElection5] INFO  server.RaftServerConfigKeys (ConfUtils.java:logGet(43)) - raft.server.watch.timeout.denomination = 1s (default)
2019-10-21 07:26:57,225 [c1f9ca04-e4fa-49b4-8989-251d8537c158@group-A2A26AA3F286-LeaderElection5] INFO  server.RaftServerConfigKeys (ConfUtils.java:logGet(43)) - raft.server.watch.element-limit = 65536 (default)
2019-10-21 07:26:57,226 [c1f9ca04-e4fa-49b4-8989-251d8537c158@group-A2A26AA3F286-LeaderElection5] INFO  server.RaftServerConfigKeys (ConfUtils.java:logGet(43)) - raft.server.log.appender.snapshot.chunk.size.max = 16MB (=16777216) (default)
2019-10-21 07:26:57,226 [c1f9ca04-e4fa-49b4-8989-251d8537c158@group-A2A26AA3F286-LeaderElection5] INFO  server.RaftServerConfigKeys (ConfUtils.java:logGet(43)) - raft.server.log.appender.buffer.byte-limit = 33554432 (custom)
2019-10-21 07:26:57,226 [c1f9ca04-e4fa-49b4-8989-251d8537c158@group-A2A26AA3F286-LeaderElection5] INFO  server.RaftServerConfigKeys (ConfUtils.java:logGet(43)) - raft.server.log.appender.buffer.element-limit = 1 (custom)
2019-10-21 07:26:57,226 [c1f9ca04-e4fa-49b4-8989-251d8537c158@group-A2A26AA3F286-LeaderElection5] INFO  grpc.GrpcConfigKeys$Server (ConfUtils.java:logGet(43)) - raft.grpc.server.leader.outstanding.appends.max = 128 (default)
2019-10-21 07:26:57,227 [c1f9ca04-e4fa-49b4-8989-251d8537c158@group-A2A26AA3F286-LeaderElection5] INFO  server.RaftServerConfigKeys (ConfUtils.java:logGet(43)) - raft.server.rpc.request.timeout = 3000ms (default)
2019-10-21 07:26:57,227 [c1f9ca04-e4fa-49b4-8989-251d8537c158@group-A2A26AA3F286-LeaderElection5] INFO  server.RaftServerConfigKeys (ConfUtils.java:logGet(43)) - raft.server.log.appender.install.snapshot.enabled = false (custom)
2019-10-21 07:26:57,227 [c1f9ca04-e4fa-49b4-8989-251d8537c158@group-A2A26AA3F286-LeaderElection5] WARN  impl.MetricRegistriesImpl (MetricRegistriesImpl.java:lambda$create$1(61)) - First MetricRegistry has been created without registering reporters. You may need to call MetricRegistries.global().addReportRegistration(...) before.
2019-10-21 07:26:57,228 [EventQueue-PipelineReportForPipelineReportHandler] INFO  pipeline.PipelineReportHandler (PipelineReportHandler.java:processPipelineReport(112)) - Pipeline PipelineID=b864cc9c-3f82-472f-8c2b-a2a26aa3f286 reported by c1f9ca04-e4fa-49b4-8989-251d8537c158{ip: 192.168.34.63, host: pr-hdds-1868-wsm2n-11235469, networkLocation: /default-rack, certSerialId: null} with leaderId c1f9ca04-e4fa-49b4-8989-251d8537c158
2019-10-21 07:26:57,228 [c1f9ca04-e4fa-49b4-8989-251d8537c158@group-A2A26AA3F286-LeaderElection5] INFO  server.RaftServerConfigKeys (ConfUtils.java:logGet(43)) - raft.server.log.appender.snapshot.chunk.size.max = 16MB (=16777216) (default)
2019-10-21 07:26:57,228 [c1f9ca04-e4fa-49b4-8989-251d8537c158@group-A2A26AA3F286-LeaderElection5] INFO  server.RaftServerConfigKeys (ConfUtils.java:logGet(43)) - raft.server.log.appender.buffer.byte-limit = 33554432 (custom)
2019-10-21 07:26:57,228 [c1f9ca04-e4fa-49b4-8989-251d8537c158@group-A2A26AA3F286-LeaderElection5] INFO  server.RaftServerConfigKeys (ConfUtils.java:logGet(43)) - raft.server.log.appender.buffer.element-limit = 1 (custom)
2019-10-21 07:26:57,228 [c1f9ca04-e4fa-49b4-8989-251d8537c158@group-A2A26AA3F286-LeaderElection5] INFO  grpc.GrpcConfigKeys$Server (ConfUtils.java:logGet(43)) - raft.grpc.server.leader.outstanding.appends.max = 128 (default)
2019-10-21 07:26:57,228 [c1f9ca04-e4fa-49b4-8989-251d8537c158@group-A2A26AA3F286-LeaderElection5] INFO  server.RaftServerConfigKeys (ConfUtils.java:logGet(43)) - raft.server.rpc.request.timeout = 3000ms (default)
2019-10-21 07:26:57,228 [c1f9ca04-e4fa-49b4-8989-251d8537c158@group-A2A26AA3F286-LeaderElection5] INFO  server.RaftServerConfigKeys (ConfUtils.java:logGet(43)) - raft.server.log.appender.install.snapshot.enabled = false (custom)
2019-10-21 07:26:57,228 [c1f9ca04-e4fa-49b4-8989-251d8537c158@group-A2A26AA3F286-LeaderElection5] INFO  impl.RoleInfo (RoleInfo.java:updateAndGet(143)) - c1f9ca04-e4fa-49b4-8989-251d8537c158: start LeaderState
2019-10-21 07:26:57,229 [c1f9ca04-e4fa-49b4-8989-251d8537c158@group-A2A26AA3F286-LeaderElection5] INFO  segmented.SegmentedRaftLogWorker (SegmentedRaftLogWorker.java:startLogSegment(385)) - c1f9ca04-e4fa-49b4-8989-251d8537c158@group-A2A26AA3F286-SegmentedRaftLogWorker: Starting segment from index:0
2019-10-21 07:26:57,229 [c1f9ca04-e4fa-49b4-8989-251d8537c158@group-A2A26AA3F286-LeaderElection5] INFO  impl.RaftServerImpl (ServerState.java:setRaftConf(356)) - c1f9ca04-e4fa-49b4-8989-251d8537c158@group-A2A26AA3F286: set configuration 0: [410c3651-7e6c-4628-b738-2d58e573bf10:192.168.34.63:44871, 88702cd2-051c-4e7b-8bd3-dead2aa78a3f:192.168.34.63:40600, c1f9ca04-e4fa-49b4-8989-251d8537c158:192.168.34.63:42717], old=null at 0
2019-10-21 07:26:57,258 [grpc-default-executor-3] INFO  ratis.XceiverServerRatis (XceiverServerRatis.java:handleLeaderChangedNotification(701)) - Leader change notification received for group: group-A2A26AA3F286 with new leaderId: c1f9ca04-e4fa-49b4-8989-251d8537c158
2019-10-21 07:26:57,258 [grpc-default-executor-1] INFO  ratis.XceiverServerRatis (XceiverServerRatis.java:handleLeaderChangedNotification(701)) - Leader change notification received for group: group-A2A26AA3F286 with new leaderId: c1f9ca04-e4fa-49b4-8989-251d8537c158
2019-10-21 07:26:57,258 [grpc-default-executor-3] INFO  impl.RaftServerImpl (ServerState.java:setLeader(255)) - 410c3651-7e6c-4628-b738-2d58e573bf10@group-A2A26AA3F286: change Leader from null to c1f9ca04-e4fa-49b4-8989-251d8537c158 at term 1 for appendEntries, leader elected after 5150ms
2019-10-21 07:26:57,259 [grpc-default-executor-1] INFO  impl.RaftServerImpl (ServerState.java:setLeader(255)) - 88702cd2-051c-4e7b-8bd3-dead2aa78a3f@group-A2A26AA3F286: change Leader from null to c1f9ca04-e4fa-49b4-8989-251d8537c158 at term 1 for appendEntries, leader elected after 5150ms
2019-10-21 07:26:57,260 [EventQueue-PipelineReportForPipelineReportHandler] INFO  pipeline.PipelineReportHandler (PipelineReportHandler.java:processPipelineReport(112)) - Pipeline PipelineID=b864cc9c-3f82-472f-8c2b-a2a26aa3f286 reported by 410c3651-7e6c-4628-b738-2d58e573bf10{ip: 192.168.34.63, host: pr-hdds-1868-wsm2n-11235469, networkLocation: /default-rack, certSerialId: null} with leaderId c1f9ca04-e4fa-49b4-8989-251d8537c158
2019-10-21 07:26:57,260 [EventQueue-PipelineReportForPipelineReportHandler] INFO  pipeline.PipelineReportHandler (PipelineReportHandler.java:processPipelineReport(112)) - Pipeline PipelineID=b864cc9c-3f82-472f-8c2b-a2a26aa3f286 reported by 88702cd2-051c-4e7b-8bd3-dead2aa78a3f{ip: 192.168.34.63, host: pr-hdds-1868-wsm2n-11235469, networkLocation: /default-rack, certSerialId: null} with leaderId c1f9ca04-e4fa-49b4-8989-251d8537c158
2019-10-21 07:26:57,260 [EventQueue-PipelineReportForPipelineReportHandler] INFO  pipeline.PipelineStateManager (PipelineStateManager.java:openPipeline(134)) - Pipeline Pipeline[ Id: b864cc9c-3f82-472f-8c2b-a2a26aa3f286, Nodes: 88702cd2-051c-4e7b-8bd3-dead2aa78a3f{ip: 192.168.34.63, host: pr-hdds-1868-wsm2n-11235469, networkLocation: /default-rack, certSerialId: null}c1f9ca04-e4fa-49b4-8989-251d8537c158{ip: 192.168.34.63, host: pr-hdds-1868-wsm2n-11235469, networkLocation: /default-rack, certSerialId: null}410c3651-7e6c-4628-b738-2d58e573bf10{ip: 192.168.34.63, host: pr-hdds-1868-wsm2n-11235469, networkLocation: /default-rack, certSerialId: null}, Type:RATIS, Factor:THREE, State:OPEN] moved to OPEN state
2019-10-21 07:26:57,261 [grpc-default-executor-3] INFO  impl.RaftServerImpl (ServerState.java:setRaftConf(356)) - 88702cd2-051c-4e7b-8bd3-dead2aa78a3f@group-A2A26AA3F286: set configuration 0: [410c3651-7e6c-4628-b738-2d58e573bf10:192.168.34.63:44871, 88702cd2-051c-4e7b-8bd3-dead2aa78a3f:192.168.34.63:40600, c1f9ca04-e4fa-49b4-8989-251d8537c158:192.168.34.63:42717], old=null at 0
2019-10-21 07:26:57,261 [grpc-default-executor-1] INFO  impl.RaftServerImpl (ServerState.java:setRaftConf(356)) - 410c3651-7e6c-4628-b738-2d58e573bf10@group-A2A26AA3F286: set configuration 0: [410c3651-7e6c-4628-b738-2d58e573bf10:192.168.34.63:44871, 88702cd2-051c-4e7b-8bd3-dead2aa78a3f:192.168.34.63:40600, c1f9ca04-e4fa-49b4-8989-251d8537c158:192.168.34.63:42717], old=null at 0
2019-10-21 07:26:57,262 [grpc-default-executor-3] INFO  segmented.SegmentedRaftLogWorker (SegmentedRaftLogWorker.java:startLogSegment(385)) - 88702cd2-051c-4e7b-8bd3-dead2aa78a3f@group-A2A26AA3F286-SegmentedRaftLogWorker: Starting segment from index:0
2019-10-21 07:26:57,263 [grpc-default-executor-1] INFO  segmented.SegmentedRaftLogWorker (SegmentedRaftLogWorker.java:startLogSegment(385)) - 410c3651-7e6c-4628-b738-2d58e573bf10@group-A2A26AA3F286-SegmentedRaftLogWorker: Starting segment from index:0
2019-10-21 07:26:57,277 [c1f9ca04-e4fa-49b4-8989-251d8537c158@group-A2A26AA3F286-SegmentedRaftLogWorker] INFO  segmented.SegmentedRaftLogWorker (SegmentedRaftLogWorker.java:execute(576)) - c1f9ca04-e4fa-49b4-8989-251d8537c158@group-A2A26AA3F286-SegmentedRaftLogWorker: created new log segment /workdir/hadoop-ozone/tools/target/test-dir/MiniOzoneClusterImpl-610dd82a-4248-4bb1-aa48-afd1fa3dcd62/datanode-0/data/ratis/b864cc9c-3f82-472f-8c2b-a2a26aa3f286/current/log_inprogress_0
2019-10-21 07:26:57,344 [88702cd2-051c-4e7b-8bd3-dead2aa78a3f@group-A2A26AA3F286-SegmentedRaftLogWorker] INFO  segmented.SegmentedRaftLogWorker (SegmentedRaftLogWorker.java:execute(576)) - 88702cd2-051c-4e7b-8bd3-dead2aa78a3f@group-A2A26AA3F286-SegmentedRaftLogWorker: created new log segment /workdir/hadoop-ozone/tools/target/test-dir/MiniOzoneClusterImpl-610dd82a-4248-4bb1-aa48-afd1fa3dcd62/datanode-2/data/ratis/b864cc9c-3f82-472f-8c2b-a2a26aa3f286/current/log_inprogress_0
2019-10-21 07:26:57,344 [410c3651-7e6c-4628-b738-2d58e573bf10@group-A2A26AA3F286-SegmentedRaftLogWorker] INFO  segmented.SegmentedRaftLogWorker (SegmentedRaftLogWorker.java:execute(576)) - 410c3651-7e6c-4628-b738-2d58e573bf10@group-A2A26AA3F286-SegmentedRaftLogWorker: created new log segment /workdir/hadoop-ozone/tools/target/test-dir/MiniOzoneClusterImpl-610dd82a-4248-4bb1-aa48-afd1fa3dcd62/datanode-1/data/ratis/b864cc9c-3f82-472f-8c2b-a2a26aa3f286/current/log_inprogress_0
]]></system-out>
    <system-err><![CDATA[ERROR StatusLogger No Log4j 2 configuration file found. Using default configuration (logging only errors to the console), or user programmatically provided configurations. Set system property 'log4j2.debug' to show Log4j 2 internal initialization logging. See https://logging.apache.org/log4j/2.x/manual/configuration.html for instructions on how to configure Log4j 2
]]></system-err>
  </testcase>
</testsuite>