<?xml version="1.0" encoding="UTF-8"?>
<testsuite xmlns:xsi="http://www.w3.org/2001/XMLSchema-instance" xsi:noNamespaceSchemaLocation="https://maven.apache.org/surefire/maven-surefire-plugin/xsd/surefire-test-report.xsd" name="org.apache.hadoop.ozone.client.rpc.TestDeleteWithSlowFollower" time="139.368" tests="1" errors="0" skipped="0" failures="1">
  <properties>
    <property name="awt.toolkit" value="sun.awt.X11.XToolkit"/>
    <property name="file.encoding.pkg" value="sun.io"/>
    <property name="java.specification.version" value="1.8"/>
    <property name="sun.cpu.isalist" value=""/>
    <property name="sun.jnu.encoding" value="ANSI_X3.4-1968"/>
    <property name="java.class.path" value="/workdir/hadoop-ozone/integration-test/target/test-classes:/workdir/hadoop-ozone/integration-test/target/classes:/home/user/.m2/repository/org/apache/hadoop/hadoop-ozone-common/0.5.0-SNAPSHOT/hadoop-ozone-common-0.5.0-SNAPSHOT.jar:/home/user/.m2/repository/org/apache/commons/commons-compress/1.4.1/commons-compress-1.4.1.jar:/home/user/.m2/repository/org/tukaani/xz/1.0/xz-1.0.jar:/home/user/.m2/repository/org/apache/hadoop/hadoop-common/3.2.0/hadoop-common-3.2.0.jar:/home/user/.m2/repository/org/apache/hadoop/hadoop-hdfs/3.2.0/hadoop-hdfs-3.2.0.jar:/home/user/.m2/repository/org/apache/hadoop/hadoop-hdfs-client/3.2.0/hadoop-hdfs-client-3.2.0.jar:/home/user/.m2/repository/com/fasterxml/jackson/core/jackson-annotations/2.9.9/jackson-annotations-2.9.9.jar:/home/user/.m2/repository/org/apache/hadoop/hadoop-hdds-common/0.5.0-SNAPSHOT/hadoop-hdds-common-0.5.0-SNAPSHOT.jar:/home/user/.m2/repository/javax/annotation/javax.annotation-api/1.2/javax.annotation-api-1.2.jar:/home/user/.m2/repository/org/apache/ratis/ratis-server/0.5.0-ced7dbf-SNAPSHOT/ratis-server-0.5.0-ced7dbf-SNAPSHOT.jar:/home/user/.m2/repository/org/apache/ratis/ratis-thirdparty-misc/0.2.0/ratis-thirdparty-misc-0.2.0.jar:/home/user/.m2/repository/org/apache/ratis/ratis-proto/0.5.0-ced7dbf-SNAPSHOT/ratis-proto-0.5.0-ced7dbf-SNAPSHOT.jar:/home/user/.m2/repository/org/apache/ratis/ratis-common/0.5.0-ced7dbf-SNAPSHOT/ratis-common-0.5.0-ced7dbf-SNAPSHOT.jar:/home/user/.m2/repository/org/apache/ratis/ratis-client/0.5.0-ced7dbf-SNAPSHOT/ratis-client-0.5.0-ced7dbf-SNAPSHOT.jar:/home/user/.m2/repository/org/apache/ratis/ratis-metrics/0.5.0-ced7dbf-SNAPSHOT/ratis-metrics-0.5.0-ced7dbf-SNAPSHOT.jar:/home/user/.m2/repository/org/apache/ratis/ratis-netty/0.5.0-ced7dbf-SNAPSHOT/ratis-netty-0.5.0-ced7dbf-SNAPSHOT.jar:/home/user/.m2/repository/org/apache/ratis/ratis-grpc/0.5.0-ced7dbf-SNAPSHOT/ratis-grpc-0.5.0-ced7dbf-SNAPSHOT.jar:/home/user/.m2/repository/org/rocksdb/rocksdbjni/6.0.1/rocksdbjni-6.0.1.jar:/home/user/.m2/repository/org/apache/logging/log4j/log4j-api/2.11.0/log4j-api-2.11.0.jar:/home/user/.m2/repository/org/apache/logging/log4j/log4j-core/2.11.0/log4j-core-2.11.0.jar:/home/user/.m2/repository/com/lmax/disruptor/3.4.2/disruptor-3.4.2.jar:/home/user/.m2/repository/org/apache/commons/commons-pool2/2.6.0/commons-pool2-2.6.0.jar:/home/user/.m2/repository/org/bouncycastle/bcpkix-jdk15on/1.60/bcpkix-jdk15on-1.60.jar:/home/user/.m2/repository/commons-validator/commons-validator/1.6/commons-validator-1.6.jar:/home/user/.m2/repository/commons-digester/commons-digester/1.8.1/commons-digester-1.8.1.jar:/home/user/.m2/repository/io/jaegertracing/jaeger-client/0.34.0/jaeger-client-0.34.0.jar:/home/user/.m2/repository/io/jaegertracing/jaeger-thrift/0.34.0/jaeger-thrift-0.34.0.jar:/home/user/.m2/repository/org/apache/thrift/libthrift/0.12.0/libthrift-0.12.0.jar:/home/user/.m2/repository/com/squareup/okhttp3/okhttp/3.9.0/okhttp-3.9.0.jar:/home/user/.m2/repository/com/squareup/okio/okio/1.13.0/okio-1.13.0.jar:/home/user/.m2/repository/io/jaegertracing/jaeger-core/0.34.0/jaeger-core-0.34.0.jar:/home/user/.m2/repository/io/jaegertracing/jaeger-tracerresolver/0.34.0/jaeger-tracerresolver-0.34.0.jar:/home/user/.m2/repository/io/opentracing/contrib/opentracing-tracerresolver/0.1.5/opentracing-tracerresolver-0.1.5.jar:/home/user/.m2/repository/io/opentracing/opentracing-util/0.31.0/opentracing-util-0.31.0.jar:/home/user/.m2/repository/io/opentracing/opentracing-api/0.31.0/opentracing-api-0.31.0.jar:/home/user/.m2/repository/io/opentracing/opentracing-noop/0.31.0/opentracing-noop-0.31.0.jar:/home/user/.m2/repository/org/apache/hadoop/hadoop-hdds-server-framework/0.5.0-SNAPSHOT/hadoop-hdds-server-framework-0.5.0-SNAPSHOT.jar:/home/user/.m2/repository/org/apache/hadoop/hadoop-hdds-container-service/0.5.0-SNAPSHOT/hadoop-hdds-container-service-0.5.0-SNAPSHOT.jar:/home/user/.m2/repository/org/apache/hadoop/hadoop-hdds-client/0.5.0-SNAPSHOT/hadoop-hdds-client-0.5.0-SNAPSHOT.jar:/home/user/.m2/repository/org/apache/hadoop/hadoop-hdds-tools/0.5.0-SNAPSHOT/hadoop-hdds-tools-0.5.0-SNAPSHOT.jar:/home/user/.m2/repository/org/apache/hadoop/hadoop-hdds-server-scm/0.5.0-SNAPSHOT/hadoop-hdds-server-scm-0.5.0-SNAPSHOT.jar:/home/user/.m2/repository/org/apache/hadoop/hadoop-hdds-docs/0.5.0-SNAPSHOT/hadoop-hdds-docs-0.5.0-SNAPSHOT.jar:/home/user/.m2/repository/io/dropwizard/metrics/metrics-core/3.2.4/metrics-core-3.2.4.jar:/home/user/.m2/repository/org/hamcrest/hamcrest-all/1.3/hamcrest-all-1.3.jar:/home/user/.m2/repository/org/bouncycastle/bcprov-jdk15on/1.60/bcprov-jdk15on-1.60.jar:/home/user/.m2/repository/info/picocli/picocli/3.9.6/picocli-3.9.6.jar:/home/user/.m2/repository/com/google/protobuf/protobuf-java/2.5.0/protobuf-java-2.5.0.jar:/home/user/.m2/repository/com/google/guava/guava/11.0.2/guava-11.0.2.jar:/home/user/.m2/repository/org/apache/hadoop/hadoop-ozone-ozone-manager/0.5.0-SNAPSHOT/hadoop-ozone-ozone-manager-0.5.0-SNAPSHOT.jar:/home/user/.m2/repository/org/apache/hadoop/hadoop-minikdc/3.2.0/hadoop-minikdc-3.2.0.jar:/home/user/.m2/repository/commons-io/commons-io/2.5/commons-io-2.5.jar:/home/user/.m2/repository/org/apache/kerby/kerb-simplekdc/1.0.1/kerb-simplekdc-1.0.1.jar:/home/user/.m2/repository/org/apache/kerby/kerb-client/1.0.1/kerb-client-1.0.1.jar:/home/user/.m2/repository/org/apache/kerby/kerby-config/1.0.1/kerby-config-1.0.1.jar:/home/user/.m2/repository/org/apache/kerby/kerb-core/1.0.1/kerb-core-1.0.1.jar:/home/user/.m2/repository/org/apache/kerby/kerby-pkix/1.0.1/kerby-pkix-1.0.1.jar:/home/user/.m2/repository/org/apache/kerby/kerby-asn1/1.0.1/kerby-asn1-1.0.1.jar:/home/user/.m2/repository/org/apache/kerby/kerby-util/1.0.1/kerby-util-1.0.1.jar:/home/user/.m2/repository/org/apache/kerby/kerb-common/1.0.1/kerb-common-1.0.1.jar:/home/user/.m2/repository/org/apache/kerby/kerb-crypto/1.0.1/kerb-crypto-1.0.1.jar:/home/user/.m2/repository/org/apache/kerby/kerb-util/1.0.1/kerb-util-1.0.1.jar:/home/user/.m2/repository/org/apache/kerby/token-provider/1.0.1/token-provider-1.0.1.jar:/home/user/.m2/repository/org/apache/kerby/kerb-admin/1.0.1/kerb-admin-1.0.1.jar:/home/user/.m2/repository/org/apache/kerby/kerb-server/1.0.1/kerb-server-1.0.1.jar:/home/user/.m2/repository/org/apache/kerby/kerb-identity/1.0.1/kerb-identity-1.0.1.jar:/home/user/.m2/repository/org/apache/kerby/kerby-xdr/1.0.1/kerby-xdr-1.0.1.jar:/home/user/.m2/repository/org/slf4j/slf4j-log4j12/1.7.25/slf4j-log4j12-1.7.25.jar:/home/user/.m2/repository/org/apache/hadoop/hadoop-ozone-s3gateway/0.5.0-SNAPSHOT/hadoop-ozone-s3gateway-0.5.0-SNAPSHOT.jar:/home/user/.m2/repository/org/jboss/weld/servlet/weld-servlet/2.4.7.Final/weld-servlet-2.4.7.Final.jar:/home/user/.m2/repository/org/glassfish/jersey/containers/jersey-container-servlet-core/2.27/jersey-container-servlet-core-2.27.jar:/home/user/.m2/repository/org/glassfish/hk2/external/javax.inject/2.5.0-b42/javax.inject-2.5.0-b42.jar:/home/user/.m2/repository/org/glassfish/jersey/core/jersey-common/2.27/jersey-common-2.27.jar:/home/user/.m2/repository/org/glassfish/hk2/osgi-resource-locator/1.0.1/osgi-resource-locator-1.0.1.jar:/home/user/.m2/repository/javax/ws/rs/javax.ws.rs-api/2.1/javax.ws.rs-api-2.1.jar:/home/user/.m2/repository/org/glassfish/jersey/ext/cdi/jersey-cdi1x/2.27/jersey-cdi1x-2.27.jar:/home/user/.m2/repository/org/glassfish/jersey/inject/jersey-hk2/2.27/jersey-hk2-2.27.jar:/home/user/.m2/repository/org/glassfish/hk2/hk2-locator/2.5.0-b42/hk2-locator-2.5.0-b42.jar:/home/user/.m2/repository/org/javassist/javassist/3.22.0-CR2/javassist-3.22.0-CR2.jar:/home/user/.m2/repository/org/glassfish/hk2/hk2-api/2.5.0/hk2-api-2.5.0.jar:/home/user/.m2/repository/org/glassfish/hk2/external/jakarta.inject/2.5.0/jakarta.inject-2.5.0.jar:/home/user/.m2/repository/org/glassfish/hk2/hk2-utils/2.5.0/hk2-utils-2.5.0.jar:/home/user/.m2/repository/jakarta/annotation/jakarta.annotation-api/1.3.4/jakarta.annotation-api-1.3.4.jar:/home/user/.m2/repository/org/glassfish/hk2/external/aopalliance-repackaged/2.5.0/aopalliance-repackaged-2.5.0.jar:/home/user/.m2/repository/com/fasterxml/jackson/dataformat/jackson-dataformat-xml/2.9.0/jackson-dataformat-xml-2.9.0.jar:/home/user/.m2/repository/com/fasterxml/jackson/core/jackson-core/2.9.9/jackson-core-2.9.9.jar:/home/user/.m2/repository/com/fasterxml/jackson/module/jackson-module-jaxb-annotations/2.9.9/jackson-module-jaxb-annotations-2.9.9.jar:/home/user/.m2/repository/javax/enterprise/cdi-api/1.2/cdi-api-1.2.jar:/home/user/.m2/repository/javax/el/javax.el-api/3.0.0/javax.el-api-3.0.0.jar:/home/user/.m2/repository/javax/interceptor/javax.interceptor-api/1.2/javax.interceptor-api-1.2.jar:/home/user/.m2/repository/javax/inject/javax.inject/1/javax.inject-1.jar:/home/user/.m2/repository/com/sun/xml/bind/jaxb-impl/2.3.0.1/jaxb-impl-2.3.0.1.jar:/home/user/.m2/repository/com/sun/xml/bind/jaxb-core/2.3.0.1/jaxb-core-2.3.0.1.jar:/home/user/.m2/repository/javax/xml/bind/jaxb-api/2.3.0/jaxb-api-2.3.0.jar:/home/user/.m2/repository/javax/activation/activation/1.1.1/activation-1.1.1.jar:/home/user/.m2/repository/org/apache/hadoop/hadoop-ozone-csi/0.5.0-SNAPSHOT/hadoop-ozone-csi-0.5.0-SNAPSHOT.jar:/home/user/.m2/repository/com/google/protobuf/protobuf-java-util/3.5.1/protobuf-java-util-3.5.1.jar:/home/user/.m2/repository/org/apache/hadoop/hadoop-hdds-config/0.5.0-SNAPSHOT/hadoop-hdds-config-0.5.0-SNAPSHOT.jar:/home/user/.m2/repository/io/grpc/grpc-netty/1.17.1/grpc-netty-1.17.1.jar:/home/user/.m2/repository/io/grpc/grpc-core/1.17.1/grpc-core-1.17.1.jar:/home/user/.m2/repository/io/grpc/grpc-context/1.17.1/grpc-context-1.17.1.jar:/home/user/.m2/repository/com/google/errorprone/error_prone_annotations/2.2.0/error_prone_annotations-2.2.0.jar:/home/user/.m2/repository/org/codehaus/mojo/animal-sniffer-annotations/1.17/animal-sniffer-annotations-1.17.jar:/home/user/.m2/repository/io/opencensus/opencensus-api/0.17.0/opencensus-api-0.17.0.jar:/home/user/.m2/repository/io/opencensus/opencensus-contrib-grpc-metrics/0.17.0/opencensus-contrib-grpc-metrics-0.17.0.jar:/home/user/.m2/repository/io/netty/netty-codec-http2/4.1.30.Final/netty-codec-http2-4.1.30.Final.jar:/home/user/.m2/repository/io/netty/netty-codec-http/4.1.30.Final/netty-codec-http-4.1.30.Final.jar:/home/user/.m2/repository/io/netty/netty-codec/4.1.30.Final/netty-codec-4.1.30.Final.jar:/home/user/.m2/repository/io/netty/netty-handler/4.1.30.Final/netty-handler-4.1.30.Final.jar:/home/user/.m2/repository/io/netty/netty-handler-proxy/4.1.30.Final/netty-handler-proxy-4.1.30.Final.jar:/home/user/.m2/repository/io/netty/netty-codec-socks/4.1.30.Final/netty-codec-socks-4.1.30.Final.jar:/home/user/.m2/repository/io/netty/netty-transport-native-epoll/4.1.30.Final/netty-transport-native-epoll-4.1.30.Final.jar:/home/user/.m2/repository/io/netty/netty-common/4.1.30.Final/netty-common-4.1.30.Final.jar:/home/user/.m2/repository/io/netty/netty-buffer/4.1.30.Final/netty-buffer-4.1.30.Final.jar:/home/user/.m2/repository/io/netty/netty-transport/4.1.30.Final/netty-transport-4.1.30.Final.jar:/home/user/.m2/repository/io/netty/netty-resolver/4.1.30.Final/netty-resolver-4.1.30.Final.jar:/home/user/.m2/repository/io/netty/netty-transport-native-unix-common/4.1.30.Final/netty-transport-native-unix-common-4.1.30.Final.jar:/home/user/.m2/repository/io/grpc/grpc-protobuf/1.17.1/grpc-protobuf-1.17.1.jar:/home/user/.m2/repository/com/google/api/grpc/proto-google-common-protos/1.0.0/proto-google-common-protos-1.0.0.jar:/home/user/.m2/repository/io/grpc/grpc-protobuf-lite/1.17.1/grpc-protobuf-lite-1.17.1.jar:/home/user/.m2/repository/io/grpc/grpc-stub/1.17.1/grpc-stub-1.17.1.jar:/home/user/.m2/repository/org/apache/hadoop/hadoop-ozone-recon/0.5.0-SNAPSHOT/hadoop-ozone-recon-0.5.0-SNAPSHOT.jar:/home/user/.m2/repository/org/apache/hadoop/hadoop-ozone-reconcodegen/0.5.0-SNAPSHOT/hadoop-ozone-reconcodegen-0.5.0-SNAPSHOT.jar:/home/user/.m2/repository/com/google/inject/extensions/guice-multibindings/4.0/guice-multibindings-4.0.jar:/home/user/.m2/repository/com/google/inject/guice/4.0/guice-4.0.jar:/home/user/.m2/repository/aopalliance/aopalliance/1.0/aopalliance-1.0.jar:/home/user/.m2/repository/com/google/inject/extensions/guice-servlet/4.0/guice-servlet-4.0.jar:/home/user/.m2/repository/org/glassfish/jersey/containers/jersey-container-servlet/2.27/jersey-container-servlet-2.27.jar:/home/user/.m2/repository/org/glassfish/hk2/guice-bridge/2.5.0/guice-bridge-2.5.0.jar:/home/user/.m2/repository/org/glassfish/jersey/core/jersey-server/2.27/jersey-server-2.27.jar:/home/user/.m2/repository/org/glassfish/jersey/core/jersey-client/2.27/jersey-client-2.27.jar:/home/user/.m2/repository/org/glassfish/jersey/media/jersey-media-jaxb/2.27/jersey-media-jaxb-2.27.jar:/home/user/.m2/repository/javax/validation/validation-api/1.1.0.Final/validation-api-1.1.0.Final.jar:/home/user/.m2/repository/org/glassfish/jersey/media/jersey-media-json-jackson/2.27/jersey-media-json-jackson-2.27.jar:/home/user/.m2/repository/org/glassfish/jersey/ext/jersey-entity-filtering/2.27/jersey-entity-filtering-2.27.jar:/home/user/.m2/repository/com/google/inject/extensions/guice-assistedinject/4.0/guice-assistedinject-4.0.jar:/home/user/.m2/repository/org/jooq/jooq/3.11.10/jooq-3.11.10.jar:/home/user/.m2/repository/org/jooq/jooq-meta/3.11.10/jooq-meta-3.11.10.jar:/home/user/.m2/repository/org/jooq/jooq-codegen/3.11.10/jooq-codegen-3.11.10.jar:/home/user/.m2/repository/com/jolbox/bonecp/0.8.0.RELEASE/bonecp-0.8.0.RELEASE.jar:/home/user/.m2/repository/org/xerial/sqlite-jdbc/3.25.2/sqlite-jdbc-3.25.2.jar:/home/user/.m2/repository/org/springframework/spring-jdbc/5.1.3.RELEASE/spring-jdbc-5.1.3.RELEASE.jar:/home/user/.m2/repository/org/springframework/spring-beans/5.1.3.RELEASE/spring-beans-5.1.3.RELEASE.jar:/home/user/.m2/repository/org/springframework/spring-core/5.1.3.RELEASE/spring-core-5.1.3.RELEASE.jar:/home/user/.m2/repository/org/springframework/spring-jcl/5.1.3.RELEASE/spring-jcl-5.1.3.RELEASE.jar:/home/user/.m2/repository/org/springframework/spring-tx/5.1.3.RELEASE/spring-tx-5.1.3.RELEASE.jar:/home/user/.m2/repository/org/apache/hadoop/hadoop-ozone-client/0.5.0-SNAPSHOT/hadoop-ozone-client-0.5.0-SNAPSHOT.jar:/home/user/.m2/repository/commons-lang/commons-lang/2.6/commons-lang-2.6.jar:/home/user/.m2/repository/org/apache/hadoop/hadoop-ozone-ozone-manager/0.5.0-SNAPSHOT/hadoop-ozone-ozone-manager-0.5.0-SNAPSHOT-tests.jar:/home/user/.m2/repository/junit/junit/4.11/junit-4.11.jar:/home/user/.m2/repository/org/hamcrest/hamcrest-core/1.3/hamcrest-core-1.3.jar:/home/user/.m2/repository/org/openjdk/jmh/jmh-core/1.19/jmh-core-1.19.jar:/home/user/.m2/repository/net/sf/jopt-simple/jopt-simple/4.6/jopt-simple-4.6.jar:/home/user/.m2/repository/org/apache/commons/commons-math3/3.1.1/commons-math3-3.1.1.jar:/home/user/.m2/repository/org/openjdk/jmh/jmh-generator-annprocess/1.19/jmh-generator-annprocess-1.19.jar:/home/user/.m2/repository/org/mockito/mockito-all/1.8.5/mockito-all-1.8.5.jar:/home/user/.m2/repository/org/apache/hadoop/hadoop-kms/3.2.0/hadoop-kms-3.2.0.jar:/home/user/.m2/repository/org/apache/hadoop/hadoop-auth/3.2.0/hadoop-auth-3.2.0.jar:/home/user/.m2/repository/com/nimbusds/nimbus-jose-jwt/4.41.1/nimbus-jose-jwt-4.41.1.jar:/home/user/.m2/repository/com/github/stephenc/jcip/jcip-annotations/1.0-1/jcip-annotations-1.0-1.jar:/home/user/.m2/repository/net/minidev/json-smart/2.3/json-smart-2.3.jar:/home/user/.m2/repository/net/minidev/accessors-smart/1.2/accessors-smart-1.2.jar:/home/user/.m2/repository/org/ow2/asm/asm/5.0.4/asm-5.0.4.jar:/home/user/.m2/repository/org/apache/curator/curator-framework/2.12.0/curator-framework-2.12.0.jar:/home/user/.m2/repository/com/sun/jersey/jersey-core/1.19/jersey-core-1.19.jar:/home/user/.m2/repository/javax/ws/rs/jsr311-api/1.1.1/jsr311-api-1.1.1.jar:/home/user/.m2/repository/com/sun/jersey/jersey-server/1.19/jersey-server-1.19.jar:/home/user/.m2/repository/javax/servlet/javax.servlet-api/3.1.0/javax.servlet-api-3.1.0.jar:/home/user/.m2/repository/org/eclipse/jetty/jetty-server/9.3.25.v20180904/jetty-server-9.3.25.v20180904.jar:/home/user/.m2/repository/org/eclipse/jetty/jetty-http/9.3.25.v20180904/jetty-http-9.3.25.v20180904.jar:/home/user/.m2/repository/org/eclipse/jetty/jetty-io/9.3.25.v20180904/jetty-io-9.3.25.v20180904.jar:/home/user/.m2/repository/org/eclipse/jetty/jetty-webapp/9.3.25.v20180904/jetty-webapp-9.3.25.v20180904.jar:/home/user/.m2/repository/org/eclipse/jetty/jetty-xml/9.3.25.v20180904/jetty-xml-9.3.25.v20180904.jar:/home/user/.m2/repository/log4j/log4j/1.2.17/log4j-1.2.17.jar:/home/user/.m2/repository/org/slf4j/slf4j-api/1.7.25/slf4j-api-1.7.25.jar:/home/user/.m2/repository/org/slf4j/jul-to-slf4j/1.7.25/jul-to-slf4j-1.7.25.jar:/home/user/.m2/repository/org/eclipse/jetty/jetty-util/9.3.25.v20180904/jetty-util-9.3.25.v20180904.jar:/home/user/.m2/repository/com/fasterxml/jackson/core/jackson-databind/2.9.9/jackson-databind-2.9.9.jar:/home/user/.m2/repository/org/apache/hadoop/hadoop-kms/3.2.0/hadoop-kms-3.2.0-tests.jar:/home/user/.m2/repository/org/apache/hadoop/hadoop-hdds-server-scm/0.5.0-SNAPSHOT/hadoop-hdds-server-scm-0.5.0-SNAPSHOT-tests.jar:/home/user/.m2/repository/org/apache/hadoop/hadoop-hdds-container-service/0.5.0-SNAPSHOT/hadoop-hdds-container-service-0.5.0-SNAPSHOT-tests.jar:/home/user/.m2/repository/org/yaml/snakeyaml/1.16/snakeyaml-1.16.jar:/home/user/.m2/repository/org/apache/hadoop/hadoop-common/3.2.0/hadoop-common-3.2.0-tests.jar:/home/user/.m2/repository/org/apache/hadoop/hadoop-annotations/3.2.0/hadoop-annotations-3.2.0.jar:/usr/lib/jvm/java-1.8.0-openjdk-1.8.0.222.b10-1.el7_7.x86_64/jre/../lib/tools.jar:/home/user/.m2/repository/commons-cli/commons-cli/1.2/commons-cli-1.2.jar:/home/user/.m2/repository/org/apache/httpcomponents/httpclient/4.5.2/httpclient-4.5.2.jar:/home/user/.m2/repository/org/apache/httpcomponents/httpcore/4.4.4/httpcore-4.4.4.jar:/home/user/.m2/repository/commons-codec/commons-codec/1.11/commons-codec-1.11.jar:/home/user/.m2/repository/commons-net/commons-net/3.6/commons-net-3.6.jar:/home/user/.m2/repository/commons-collections/commons-collections/3.2.2/commons-collections-3.2.2.jar:/home/user/.m2/repository/org/eclipse/jetty/jetty-servlet/9.3.25.v20180904/jetty-servlet-9.3.25.v20180904.jar:/home/user/.m2/repository/org/eclipse/jetty/jetty-security/9.3.25.v20180904/jetty-security-9.3.25.v20180904.jar:/home/user/.m2/repository/javax/servlet/jsp/jsp-api/2.1/jsp-api-2.1.jar:/home/user/.m2/repository/com/sun/jersey/jersey-servlet/1.19/jersey-servlet-1.19.jar:/home/user/.m2/repository/com/sun/jersey/jersey-json/1.19/jersey-json-1.19.jar:/home/user/.m2/repository/org/codehaus/jettison/jettison/1.1/jettison-1.1.jar:/home/user/.m2/repository/org/codehaus/jackson/jackson-core-asl/1.9.13/jackson-core-asl-1.9.13.jar:/home/user/.m2/repository/org/codehaus/jackson/jackson-mapper-asl/1.9.13/jackson-mapper-asl-1.9.13.jar:/home/user/.m2/repository/org/codehaus/jackson/jackson-jaxrs/1.9.13/jackson-jaxrs-1.9.13.jar:/home/user/.m2/repository/org/codehaus/jackson/jackson-xc/1.9.13/jackson-xc-1.9.13.jar:/home/user/.m2/repository/commons-logging/commons-logging/1.1.3/commons-logging-1.1.3.jar:/home/user/.m2/repository/commons-beanutils/commons-beanutils/1.9.4/commons-beanutils-1.9.4.jar:/home/user/.m2/repository/org/apache/commons/commons-configuration2/2.1.1/commons-configuration2-2.1.1.jar:/home/user/.m2/repository/org/apache/commons/commons-lang3/3.7/commons-lang3-3.7.jar:/home/user/.m2/repository/org/apache/commons/commons-text/1.4/commons-text-1.4.jar:/home/user/.m2/repository/org/apache/avro/avro/1.7.7/avro-1.7.7.jar:/home/user/.m2/repository/com/thoughtworks/paranamer/paranamer/2.3/paranamer-2.3.jar:/home/user/.m2/repository/org/xerial/snappy/snappy-java/1.0.5/snappy-java-1.0.5.jar:/home/user/.m2/repository/com/google/re2j/re2j/1.1/re2j-1.1.jar:/home/user/.m2/repository/com/google/code/gson/gson/2.2.4/gson-2.2.4.jar:/home/user/.m2/repository/com/jcraft/jsch/0.1.54/jsch-0.1.54.jar:/home/user/.m2/repository/org/apache/curator/curator-client/2.12.0/curator-client-2.12.0.jar:/home/user/.m2/repository/org/apache/curator/curator-recipes/2.12.0/curator-recipes-2.12.0.jar:/home/user/.m2/repository/com/google/code/findbugs/jsr305/3.0.0/jsr305-3.0.0.jar:/home/user/.m2/repository/org/apache/htrace/htrace-core4/4.1.0-incubating/htrace-core4-4.1.0-incubating.jar:/home/user/.m2/repository/org/apache/zookeeper/zookeeper/3.4.13/zookeeper-3.4.13.jar:/home/user/.m2/repository/jline/jline/0.9.94/jline-0.9.94.jar:/home/user/.m2/repository/org/apache/yetus/audience-annotations/0.5.0/audience-annotations-0.5.0.jar:/home/user/.m2/repository/org/codehaus/woodstox/stax2-api/3.1.4/stax2-api-3.1.4.jar:/home/user/.m2/repository/com/fasterxml/woodstox/woodstox-core/5.0.3/woodstox-core-5.0.3.jar:/home/user/.m2/repository/dnsjava/dnsjava/2.1.7/dnsjava-2.1.7.jar:/home/user/.m2/repository/org/apache/hadoop/hadoop-hdfs/3.2.0/hadoop-hdfs-3.2.0-tests.jar:/home/user/.m2/repository/org/eclipse/jetty/jetty-util-ajax/9.3.25.v20180904/jetty-util-ajax-9.3.25.v20180904.jar:/home/user/.m2/repository/commons-daemon/commons-daemon/1.0.13/commons-daemon-1.0.13.jar:/home/user/.m2/repository/io/netty/netty/3.10.5.Final/netty-3.10.5.Final.jar:/home/user/.m2/repository/io/netty/netty-all/4.0.52.Final/netty-all-4.0.52.Final.jar:/home/user/.m2/repository/org/fusesource/leveldbjni/leveldbjni-all/1.8/leveldbjni-all-1.8.jar:"/>
    <property name="java.vm.vendor" value="Oracle Corporation"/>
    <property name="sun.arch.data.model" value="64"/>
    <property name="test.build.dir" value="/workdir/hadoop-ozone/integration-test/target/test-dir"/>
    <property name="test.cache.data" value=""/>
    <property name="java.vendor.url" value="http://java.oracle.com/"/>
    <property name="user.timezone" value=""/>
    <property name="java.vm.specification.version" value="1.8"/>
    <property name="os.name" value="Linux"/>
    <property name="test.build.data" value="/workdir/hadoop-ozone/integration-test/target/test-dir"/>
    <property name="user.country" value="US"/>
    <property name="sun.java.launcher" value="SUN_STANDARD"/>
    <property name="sun.boot.library.path" value="/usr/lib/jvm/java-1.8.0-openjdk-1.8.0.222.b10-1.el7_7.x86_64/jre/lib/amd64"/>
    <property name="sun.java.command" value="/workdir/hadoop-ozone/integration-test/target/surefire/surefirebooter6839251787955990979.jar /workdir/hadoop-ozone/integration-test/target/surefire 2019-10-21T23-41-21_309-jvmRun1 surefire477978085766908234tmp surefire_261695166489032201828tmp"/>
    <property name="surefire.test.class.path" value="/workdir/hadoop-ozone/integration-test/target/test-classes:/workdir/hadoop-ozone/integration-test/target/classes:/home/user/.m2/repository/org/apache/hadoop/hadoop-ozone-common/0.5.0-SNAPSHOT/hadoop-ozone-common-0.5.0-SNAPSHOT.jar:/home/user/.m2/repository/org/apache/commons/commons-compress/1.4.1/commons-compress-1.4.1.jar:/home/user/.m2/repository/org/tukaani/xz/1.0/xz-1.0.jar:/home/user/.m2/repository/org/apache/hadoop/hadoop-common/3.2.0/hadoop-common-3.2.0.jar:/home/user/.m2/repository/org/apache/hadoop/hadoop-hdfs/3.2.0/hadoop-hdfs-3.2.0.jar:/home/user/.m2/repository/org/apache/hadoop/hadoop-hdfs-client/3.2.0/hadoop-hdfs-client-3.2.0.jar:/home/user/.m2/repository/com/fasterxml/jackson/core/jackson-annotations/2.9.9/jackson-annotations-2.9.9.jar:/home/user/.m2/repository/org/apache/hadoop/hadoop-hdds-common/0.5.0-SNAPSHOT/hadoop-hdds-common-0.5.0-SNAPSHOT.jar:/home/user/.m2/repository/javax/annotation/javax.annotation-api/1.2/javax.annotation-api-1.2.jar:/home/user/.m2/repository/org/apache/ratis/ratis-server/0.5.0-ced7dbf-SNAPSHOT/ratis-server-0.5.0-ced7dbf-SNAPSHOT.jar:/home/user/.m2/repository/org/apache/ratis/ratis-thirdparty-misc/0.2.0/ratis-thirdparty-misc-0.2.0.jar:/home/user/.m2/repository/org/apache/ratis/ratis-proto/0.5.0-ced7dbf-SNAPSHOT/ratis-proto-0.5.0-ced7dbf-SNAPSHOT.jar:/home/user/.m2/repository/org/apache/ratis/ratis-common/0.5.0-ced7dbf-SNAPSHOT/ratis-common-0.5.0-ced7dbf-SNAPSHOT.jar:/home/user/.m2/repository/org/apache/ratis/ratis-client/0.5.0-ced7dbf-SNAPSHOT/ratis-client-0.5.0-ced7dbf-SNAPSHOT.jar:/home/user/.m2/repository/org/apache/ratis/ratis-metrics/0.5.0-ced7dbf-SNAPSHOT/ratis-metrics-0.5.0-ced7dbf-SNAPSHOT.jar:/home/user/.m2/repository/org/apache/ratis/ratis-netty/0.5.0-ced7dbf-SNAPSHOT/ratis-netty-0.5.0-ced7dbf-SNAPSHOT.jar:/home/user/.m2/repository/org/apache/ratis/ratis-grpc/0.5.0-ced7dbf-SNAPSHOT/ratis-grpc-0.5.0-ced7dbf-SNAPSHOT.jar:/home/user/.m2/repository/org/rocksdb/rocksdbjni/6.0.1/rocksdbjni-6.0.1.jar:/home/user/.m2/repository/org/apache/logging/log4j/log4j-api/2.11.0/log4j-api-2.11.0.jar:/home/user/.m2/repository/org/apache/logging/log4j/log4j-core/2.11.0/log4j-core-2.11.0.jar:/home/user/.m2/repository/com/lmax/disruptor/3.4.2/disruptor-3.4.2.jar:/home/user/.m2/repository/org/apache/commons/commons-pool2/2.6.0/commons-pool2-2.6.0.jar:/home/user/.m2/repository/org/bouncycastle/bcpkix-jdk15on/1.60/bcpkix-jdk15on-1.60.jar:/home/user/.m2/repository/commons-validator/commons-validator/1.6/commons-validator-1.6.jar:/home/user/.m2/repository/commons-digester/commons-digester/1.8.1/commons-digester-1.8.1.jar:/home/user/.m2/repository/io/jaegertracing/jaeger-client/0.34.0/jaeger-client-0.34.0.jar:/home/user/.m2/repository/io/jaegertracing/jaeger-thrift/0.34.0/jaeger-thrift-0.34.0.jar:/home/user/.m2/repository/org/apache/thrift/libthrift/0.12.0/libthrift-0.12.0.jar:/home/user/.m2/repository/com/squareup/okhttp3/okhttp/3.9.0/okhttp-3.9.0.jar:/home/user/.m2/repository/com/squareup/okio/okio/1.13.0/okio-1.13.0.jar:/home/user/.m2/repository/io/jaegertracing/jaeger-core/0.34.0/jaeger-core-0.34.0.jar:/home/user/.m2/repository/io/jaegertracing/jaeger-tracerresolver/0.34.0/jaeger-tracerresolver-0.34.0.jar:/home/user/.m2/repository/io/opentracing/contrib/opentracing-tracerresolver/0.1.5/opentracing-tracerresolver-0.1.5.jar:/home/user/.m2/repository/io/opentracing/opentracing-util/0.31.0/opentracing-util-0.31.0.jar:/home/user/.m2/repository/io/opentracing/opentracing-api/0.31.0/opentracing-api-0.31.0.jar:/home/user/.m2/repository/io/opentracing/opentracing-noop/0.31.0/opentracing-noop-0.31.0.jar:/home/user/.m2/repository/org/apache/hadoop/hadoop-hdds-server-framework/0.5.0-SNAPSHOT/hadoop-hdds-server-framework-0.5.0-SNAPSHOT.jar:/home/user/.m2/repository/org/apache/hadoop/hadoop-hdds-container-service/0.5.0-SNAPSHOT/hadoop-hdds-container-service-0.5.0-SNAPSHOT.jar:/home/user/.m2/repository/org/apache/hadoop/hadoop-hdds-client/0.5.0-SNAPSHOT/hadoop-hdds-client-0.5.0-SNAPSHOT.jar:/home/user/.m2/repository/org/apache/hadoop/hadoop-hdds-tools/0.5.0-SNAPSHOT/hadoop-hdds-tools-0.5.0-SNAPSHOT.jar:/home/user/.m2/repository/org/apache/hadoop/hadoop-hdds-server-scm/0.5.0-SNAPSHOT/hadoop-hdds-server-scm-0.5.0-SNAPSHOT.jar:/home/user/.m2/repository/org/apache/hadoop/hadoop-hdds-docs/0.5.0-SNAPSHOT/hadoop-hdds-docs-0.5.0-SNAPSHOT.jar:/home/user/.m2/repository/io/dropwizard/metrics/metrics-core/3.2.4/metrics-core-3.2.4.jar:/home/user/.m2/repository/org/hamcrest/hamcrest-all/1.3/hamcrest-all-1.3.jar:/home/user/.m2/repository/org/bouncycastle/bcprov-jdk15on/1.60/bcprov-jdk15on-1.60.jar:/home/user/.m2/repository/info/picocli/picocli/3.9.6/picocli-3.9.6.jar:/home/user/.m2/repository/com/google/protobuf/protobuf-java/2.5.0/protobuf-java-2.5.0.jar:/home/user/.m2/repository/com/google/guava/guava/11.0.2/guava-11.0.2.jar:/home/user/.m2/repository/org/apache/hadoop/hadoop-ozone-ozone-manager/0.5.0-SNAPSHOT/hadoop-ozone-ozone-manager-0.5.0-SNAPSHOT.jar:/home/user/.m2/repository/org/apache/hadoop/hadoop-minikdc/3.2.0/hadoop-minikdc-3.2.0.jar:/home/user/.m2/repository/commons-io/commons-io/2.5/commons-io-2.5.jar:/home/user/.m2/repository/org/apache/kerby/kerb-simplekdc/1.0.1/kerb-simplekdc-1.0.1.jar:/home/user/.m2/repository/org/apache/kerby/kerb-client/1.0.1/kerb-client-1.0.1.jar:/home/user/.m2/repository/org/apache/kerby/kerby-config/1.0.1/kerby-config-1.0.1.jar:/home/user/.m2/repository/org/apache/kerby/kerb-core/1.0.1/kerb-core-1.0.1.jar:/home/user/.m2/repository/org/apache/kerby/kerby-pkix/1.0.1/kerby-pkix-1.0.1.jar:/home/user/.m2/repository/org/apache/kerby/kerby-asn1/1.0.1/kerby-asn1-1.0.1.jar:/home/user/.m2/repository/org/apache/kerby/kerby-util/1.0.1/kerby-util-1.0.1.jar:/home/user/.m2/repository/org/apache/kerby/kerb-common/1.0.1/kerb-common-1.0.1.jar:/home/user/.m2/repository/org/apache/kerby/kerb-crypto/1.0.1/kerb-crypto-1.0.1.jar:/home/user/.m2/repository/org/apache/kerby/kerb-util/1.0.1/kerb-util-1.0.1.jar:/home/user/.m2/repository/org/apache/kerby/token-provider/1.0.1/token-provider-1.0.1.jar:/home/user/.m2/repository/org/apache/kerby/kerb-admin/1.0.1/kerb-admin-1.0.1.jar:/home/user/.m2/repository/org/apache/kerby/kerb-server/1.0.1/kerb-server-1.0.1.jar:/home/user/.m2/repository/org/apache/kerby/kerb-identity/1.0.1/kerb-identity-1.0.1.jar:/home/user/.m2/repository/org/apache/kerby/kerby-xdr/1.0.1/kerby-xdr-1.0.1.jar:/home/user/.m2/repository/org/slf4j/slf4j-log4j12/1.7.25/slf4j-log4j12-1.7.25.jar:/home/user/.m2/repository/org/apache/hadoop/hadoop-ozone-s3gateway/0.5.0-SNAPSHOT/hadoop-ozone-s3gateway-0.5.0-SNAPSHOT.jar:/home/user/.m2/repository/org/jboss/weld/servlet/weld-servlet/2.4.7.Final/weld-servlet-2.4.7.Final.jar:/home/user/.m2/repository/org/glassfish/jersey/containers/jersey-container-servlet-core/2.27/jersey-container-servlet-core-2.27.jar:/home/user/.m2/repository/org/glassfish/hk2/external/javax.inject/2.5.0-b42/javax.inject-2.5.0-b42.jar:/home/user/.m2/repository/org/glassfish/jersey/core/jersey-common/2.27/jersey-common-2.27.jar:/home/user/.m2/repository/org/glassfish/hk2/osgi-resource-locator/1.0.1/osgi-resource-locator-1.0.1.jar:/home/user/.m2/repository/javax/ws/rs/javax.ws.rs-api/2.1/javax.ws.rs-api-2.1.jar:/home/user/.m2/repository/org/glassfish/jersey/ext/cdi/jersey-cdi1x/2.27/jersey-cdi1x-2.27.jar:/home/user/.m2/repository/org/glassfish/jersey/inject/jersey-hk2/2.27/jersey-hk2-2.27.jar:/home/user/.m2/repository/org/glassfish/hk2/hk2-locator/2.5.0-b42/hk2-locator-2.5.0-b42.jar:/home/user/.m2/repository/org/javassist/javassist/3.22.0-CR2/javassist-3.22.0-CR2.jar:/home/user/.m2/repository/org/glassfish/hk2/hk2-api/2.5.0/hk2-api-2.5.0.jar:/home/user/.m2/repository/org/glassfish/hk2/external/jakarta.inject/2.5.0/jakarta.inject-2.5.0.jar:/home/user/.m2/repository/org/glassfish/hk2/hk2-utils/2.5.0/hk2-utils-2.5.0.jar:/home/user/.m2/repository/jakarta/annotation/jakarta.annotation-api/1.3.4/jakarta.annotation-api-1.3.4.jar:/home/user/.m2/repository/org/glassfish/hk2/external/aopalliance-repackaged/2.5.0/aopalliance-repackaged-2.5.0.jar:/home/user/.m2/repository/com/fasterxml/jackson/dataformat/jackson-dataformat-xml/2.9.0/jackson-dataformat-xml-2.9.0.jar:/home/user/.m2/repository/com/fasterxml/jackson/core/jackson-core/2.9.9/jackson-core-2.9.9.jar:/home/user/.m2/repository/com/fasterxml/jackson/module/jackson-module-jaxb-annotations/2.9.9/jackson-module-jaxb-annotations-2.9.9.jar:/home/user/.m2/repository/javax/enterprise/cdi-api/1.2/cdi-api-1.2.jar:/home/user/.m2/repository/javax/el/javax.el-api/3.0.0/javax.el-api-3.0.0.jar:/home/user/.m2/repository/javax/interceptor/javax.interceptor-api/1.2/javax.interceptor-api-1.2.jar:/home/user/.m2/repository/javax/inject/javax.inject/1/javax.inject-1.jar:/home/user/.m2/repository/com/sun/xml/bind/jaxb-impl/2.3.0.1/jaxb-impl-2.3.0.1.jar:/home/user/.m2/repository/com/sun/xml/bind/jaxb-core/2.3.0.1/jaxb-core-2.3.0.1.jar:/home/user/.m2/repository/javax/xml/bind/jaxb-api/2.3.0/jaxb-api-2.3.0.jar:/home/user/.m2/repository/javax/activation/activation/1.1.1/activation-1.1.1.jar:/home/user/.m2/repository/org/apache/hadoop/hadoop-ozone-csi/0.5.0-SNAPSHOT/hadoop-ozone-csi-0.5.0-SNAPSHOT.jar:/home/user/.m2/repository/com/google/protobuf/protobuf-java-util/3.5.1/protobuf-java-util-3.5.1.jar:/home/user/.m2/repository/org/apache/hadoop/hadoop-hdds-config/0.5.0-SNAPSHOT/hadoop-hdds-config-0.5.0-SNAPSHOT.jar:/home/user/.m2/repository/io/grpc/grpc-netty/1.17.1/grpc-netty-1.17.1.jar:/home/user/.m2/repository/io/grpc/grpc-core/1.17.1/grpc-core-1.17.1.jar:/home/user/.m2/repository/io/grpc/grpc-context/1.17.1/grpc-context-1.17.1.jar:/home/user/.m2/repository/com/google/errorprone/error_prone_annotations/2.2.0/error_prone_annotations-2.2.0.jar:/home/user/.m2/repository/org/codehaus/mojo/animal-sniffer-annotations/1.17/animal-sniffer-annotations-1.17.jar:/home/user/.m2/repository/io/opencensus/opencensus-api/0.17.0/opencensus-api-0.17.0.jar:/home/user/.m2/repository/io/opencensus/opencensus-contrib-grpc-metrics/0.17.0/opencensus-contrib-grpc-metrics-0.17.0.jar:/home/user/.m2/repository/io/netty/netty-codec-http2/4.1.30.Final/netty-codec-http2-4.1.30.Final.jar:/home/user/.m2/repository/io/netty/netty-codec-http/4.1.30.Final/netty-codec-http-4.1.30.Final.jar:/home/user/.m2/repository/io/netty/netty-codec/4.1.30.Final/netty-codec-4.1.30.Final.jar:/home/user/.m2/repository/io/netty/netty-handler/4.1.30.Final/netty-handler-4.1.30.Final.jar:/home/user/.m2/repository/io/netty/netty-handler-proxy/4.1.30.Final/netty-handler-proxy-4.1.30.Final.jar:/home/user/.m2/repository/io/netty/netty-codec-socks/4.1.30.Final/netty-codec-socks-4.1.30.Final.jar:/home/user/.m2/repository/io/netty/netty-transport-native-epoll/4.1.30.Final/netty-transport-native-epoll-4.1.30.Final.jar:/home/user/.m2/repository/io/netty/netty-common/4.1.30.Final/netty-common-4.1.30.Final.jar:/home/user/.m2/repository/io/netty/netty-buffer/4.1.30.Final/netty-buffer-4.1.30.Final.jar:/home/user/.m2/repository/io/netty/netty-transport/4.1.30.Final/netty-transport-4.1.30.Final.jar:/home/user/.m2/repository/io/netty/netty-resolver/4.1.30.Final/netty-resolver-4.1.30.Final.jar:/home/user/.m2/repository/io/netty/netty-transport-native-unix-common/4.1.30.Final/netty-transport-native-unix-common-4.1.30.Final.jar:/home/user/.m2/repository/io/grpc/grpc-protobuf/1.17.1/grpc-protobuf-1.17.1.jar:/home/user/.m2/repository/com/google/api/grpc/proto-google-common-protos/1.0.0/proto-google-common-protos-1.0.0.jar:/home/user/.m2/repository/io/grpc/grpc-protobuf-lite/1.17.1/grpc-protobuf-lite-1.17.1.jar:/home/user/.m2/repository/io/grpc/grpc-stub/1.17.1/grpc-stub-1.17.1.jar:/home/user/.m2/repository/org/apache/hadoop/hadoop-ozone-recon/0.5.0-SNAPSHOT/hadoop-ozone-recon-0.5.0-SNAPSHOT.jar:/home/user/.m2/repository/org/apache/hadoop/hadoop-ozone-reconcodegen/0.5.0-SNAPSHOT/hadoop-ozone-reconcodegen-0.5.0-SNAPSHOT.jar:/home/user/.m2/repository/com/google/inject/extensions/guice-multibindings/4.0/guice-multibindings-4.0.jar:/home/user/.m2/repository/com/google/inject/guice/4.0/guice-4.0.jar:/home/user/.m2/repository/aopalliance/aopalliance/1.0/aopalliance-1.0.jar:/home/user/.m2/repository/com/google/inject/extensions/guice-servlet/4.0/guice-servlet-4.0.jar:/home/user/.m2/repository/org/glassfish/jersey/containers/jersey-container-servlet/2.27/jersey-container-servlet-2.27.jar:/home/user/.m2/repository/org/glassfish/hk2/guice-bridge/2.5.0/guice-bridge-2.5.0.jar:/home/user/.m2/repository/org/glassfish/jersey/core/jersey-server/2.27/jersey-server-2.27.jar:/home/user/.m2/repository/org/glassfish/jersey/core/jersey-client/2.27/jersey-client-2.27.jar:/home/user/.m2/repository/org/glassfish/jersey/media/jersey-media-jaxb/2.27/jersey-media-jaxb-2.27.jar:/home/user/.m2/repository/javax/validation/validation-api/1.1.0.Final/validation-api-1.1.0.Final.jar:/home/user/.m2/repository/org/glassfish/jersey/media/jersey-media-json-jackson/2.27/jersey-media-json-jackson-2.27.jar:/home/user/.m2/repository/org/glassfish/jersey/ext/jersey-entity-filtering/2.27/jersey-entity-filtering-2.27.jar:/home/user/.m2/repository/com/google/inject/extensions/guice-assistedinject/4.0/guice-assistedinject-4.0.jar:/home/user/.m2/repository/org/jooq/jooq/3.11.10/jooq-3.11.10.jar:/home/user/.m2/repository/org/jooq/jooq-meta/3.11.10/jooq-meta-3.11.10.jar:/home/user/.m2/repository/org/jooq/jooq-codegen/3.11.10/jooq-codegen-3.11.10.jar:/home/user/.m2/repository/com/jolbox/bonecp/0.8.0.RELEASE/bonecp-0.8.0.RELEASE.jar:/home/user/.m2/repository/org/xerial/sqlite-jdbc/3.25.2/sqlite-jdbc-3.25.2.jar:/home/user/.m2/repository/org/springframework/spring-jdbc/5.1.3.RELEASE/spring-jdbc-5.1.3.RELEASE.jar:/home/user/.m2/repository/org/springframework/spring-beans/5.1.3.RELEASE/spring-beans-5.1.3.RELEASE.jar:/home/user/.m2/repository/org/springframework/spring-core/5.1.3.RELEASE/spring-core-5.1.3.RELEASE.jar:/home/user/.m2/repository/org/springframework/spring-jcl/5.1.3.RELEASE/spring-jcl-5.1.3.RELEASE.jar:/home/user/.m2/repository/org/springframework/spring-tx/5.1.3.RELEASE/spring-tx-5.1.3.RELEASE.jar:/home/user/.m2/repository/org/apache/hadoop/hadoop-ozone-client/0.5.0-SNAPSHOT/hadoop-ozone-client-0.5.0-SNAPSHOT.jar:/home/user/.m2/repository/commons-lang/commons-lang/2.6/commons-lang-2.6.jar:/home/user/.m2/repository/org/apache/hadoop/hadoop-ozone-ozone-manager/0.5.0-SNAPSHOT/hadoop-ozone-ozone-manager-0.5.0-SNAPSHOT-tests.jar:/home/user/.m2/repository/junit/junit/4.11/junit-4.11.jar:/home/user/.m2/repository/org/hamcrest/hamcrest-core/1.3/hamcrest-core-1.3.jar:/home/user/.m2/repository/org/openjdk/jmh/jmh-core/1.19/jmh-core-1.19.jar:/home/user/.m2/repository/net/sf/jopt-simple/jopt-simple/4.6/jopt-simple-4.6.jar:/home/user/.m2/repository/org/apache/commons/commons-math3/3.1.1/commons-math3-3.1.1.jar:/home/user/.m2/repository/org/openjdk/jmh/jmh-generator-annprocess/1.19/jmh-generator-annprocess-1.19.jar:/home/user/.m2/repository/org/mockito/mockito-all/1.8.5/mockito-all-1.8.5.jar:/home/user/.m2/repository/org/apache/hadoop/hadoop-kms/3.2.0/hadoop-kms-3.2.0.jar:/home/user/.m2/repository/org/apache/hadoop/hadoop-auth/3.2.0/hadoop-auth-3.2.0.jar:/home/user/.m2/repository/com/nimbusds/nimbus-jose-jwt/4.41.1/nimbus-jose-jwt-4.41.1.jar:/home/user/.m2/repository/com/github/stephenc/jcip/jcip-annotations/1.0-1/jcip-annotations-1.0-1.jar:/home/user/.m2/repository/net/minidev/json-smart/2.3/json-smart-2.3.jar:/home/user/.m2/repository/net/minidev/accessors-smart/1.2/accessors-smart-1.2.jar:/home/user/.m2/repository/org/ow2/asm/asm/5.0.4/asm-5.0.4.jar:/home/user/.m2/repository/org/apache/curator/curator-framework/2.12.0/curator-framework-2.12.0.jar:/home/user/.m2/repository/com/sun/jersey/jersey-core/1.19/jersey-core-1.19.jar:/home/user/.m2/repository/javax/ws/rs/jsr311-api/1.1.1/jsr311-api-1.1.1.jar:/home/user/.m2/repository/com/sun/jersey/jersey-server/1.19/jersey-server-1.19.jar:/home/user/.m2/repository/javax/servlet/javax.servlet-api/3.1.0/javax.servlet-api-3.1.0.jar:/home/user/.m2/repository/org/eclipse/jetty/jetty-server/9.3.25.v20180904/jetty-server-9.3.25.v20180904.jar:/home/user/.m2/repository/org/eclipse/jetty/jetty-http/9.3.25.v20180904/jetty-http-9.3.25.v20180904.jar:/home/user/.m2/repository/org/eclipse/jetty/jetty-io/9.3.25.v20180904/jetty-io-9.3.25.v20180904.jar:/home/user/.m2/repository/org/eclipse/jetty/jetty-webapp/9.3.25.v20180904/jetty-webapp-9.3.25.v20180904.jar:/home/user/.m2/repository/org/eclipse/jetty/jetty-xml/9.3.25.v20180904/jetty-xml-9.3.25.v20180904.jar:/home/user/.m2/repository/log4j/log4j/1.2.17/log4j-1.2.17.jar:/home/user/.m2/repository/org/slf4j/slf4j-api/1.7.25/slf4j-api-1.7.25.jar:/home/user/.m2/repository/org/slf4j/jul-to-slf4j/1.7.25/jul-to-slf4j-1.7.25.jar:/home/user/.m2/repository/org/eclipse/jetty/jetty-util/9.3.25.v20180904/jetty-util-9.3.25.v20180904.jar:/home/user/.m2/repository/com/fasterxml/jackson/core/jackson-databind/2.9.9/jackson-databind-2.9.9.jar:/home/user/.m2/repository/org/apache/hadoop/hadoop-kms/3.2.0/hadoop-kms-3.2.0-tests.jar:/home/user/.m2/repository/org/apache/hadoop/hadoop-hdds-server-scm/0.5.0-SNAPSHOT/hadoop-hdds-server-scm-0.5.0-SNAPSHOT-tests.jar:/home/user/.m2/repository/org/apache/hadoop/hadoop-hdds-container-service/0.5.0-SNAPSHOT/hadoop-hdds-container-service-0.5.0-SNAPSHOT-tests.jar:/home/user/.m2/repository/org/yaml/snakeyaml/1.16/snakeyaml-1.16.jar:/home/user/.m2/repository/org/apache/hadoop/hadoop-common/3.2.0/hadoop-common-3.2.0-tests.jar:/home/user/.m2/repository/org/apache/hadoop/hadoop-annotations/3.2.0/hadoop-annotations-3.2.0.jar:/usr/lib/jvm/java-1.8.0-openjdk-1.8.0.222.b10-1.el7_7.x86_64/jre/../lib/tools.jar:/home/user/.m2/repository/commons-cli/commons-cli/1.2/commons-cli-1.2.jar:/home/user/.m2/repository/org/apache/httpcomponents/httpclient/4.5.2/httpclient-4.5.2.jar:/home/user/.m2/repository/org/apache/httpcomponents/httpcore/4.4.4/httpcore-4.4.4.jar:/home/user/.m2/repository/commons-codec/commons-codec/1.11/commons-codec-1.11.jar:/home/user/.m2/repository/commons-net/commons-net/3.6/commons-net-3.6.jar:/home/user/.m2/repository/commons-collections/commons-collections/3.2.2/commons-collections-3.2.2.jar:/home/user/.m2/repository/org/eclipse/jetty/jetty-servlet/9.3.25.v20180904/jetty-servlet-9.3.25.v20180904.jar:/home/user/.m2/repository/org/eclipse/jetty/jetty-security/9.3.25.v20180904/jetty-security-9.3.25.v20180904.jar:/home/user/.m2/repository/javax/servlet/jsp/jsp-api/2.1/jsp-api-2.1.jar:/home/user/.m2/repository/com/sun/jersey/jersey-servlet/1.19/jersey-servlet-1.19.jar:/home/user/.m2/repository/com/sun/jersey/jersey-json/1.19/jersey-json-1.19.jar:/home/user/.m2/repository/org/codehaus/jettison/jettison/1.1/jettison-1.1.jar:/home/user/.m2/repository/org/codehaus/jackson/jackson-core-asl/1.9.13/jackson-core-asl-1.9.13.jar:/home/user/.m2/repository/org/codehaus/jackson/jackson-mapper-asl/1.9.13/jackson-mapper-asl-1.9.13.jar:/home/user/.m2/repository/org/codehaus/jackson/jackson-jaxrs/1.9.13/jackson-jaxrs-1.9.13.jar:/home/user/.m2/repository/org/codehaus/jackson/jackson-xc/1.9.13/jackson-xc-1.9.13.jar:/home/user/.m2/repository/commons-logging/commons-logging/1.1.3/commons-logging-1.1.3.jar:/home/user/.m2/repository/commons-beanutils/commons-beanutils/1.9.4/commons-beanutils-1.9.4.jar:/home/user/.m2/repository/org/apache/commons/commons-configuration2/2.1.1/commons-configuration2-2.1.1.jar:/home/user/.m2/repository/org/apache/commons/commons-lang3/3.7/commons-lang3-3.7.jar:/home/user/.m2/repository/org/apache/commons/commons-text/1.4/commons-text-1.4.jar:/home/user/.m2/repository/org/apache/avro/avro/1.7.7/avro-1.7.7.jar:/home/user/.m2/repository/com/thoughtworks/paranamer/paranamer/2.3/paranamer-2.3.jar:/home/user/.m2/repository/org/xerial/snappy/snappy-java/1.0.5/snappy-java-1.0.5.jar:/home/user/.m2/repository/com/google/re2j/re2j/1.1/re2j-1.1.jar:/home/user/.m2/repository/com/google/code/gson/gson/2.2.4/gson-2.2.4.jar:/home/user/.m2/repository/com/jcraft/jsch/0.1.54/jsch-0.1.54.jar:/home/user/.m2/repository/org/apache/curator/curator-client/2.12.0/curator-client-2.12.0.jar:/home/user/.m2/repository/org/apache/curator/curator-recipes/2.12.0/curator-recipes-2.12.0.jar:/home/user/.m2/repository/com/google/code/findbugs/jsr305/3.0.0/jsr305-3.0.0.jar:/home/user/.m2/repository/org/apache/htrace/htrace-core4/4.1.0-incubating/htrace-core4-4.1.0-incubating.jar:/home/user/.m2/repository/org/apache/zookeeper/zookeeper/3.4.13/zookeeper-3.4.13.jar:/home/user/.m2/repository/jline/jline/0.9.94/jline-0.9.94.jar:/home/user/.m2/repository/org/apache/yetus/audience-annotations/0.5.0/audience-annotations-0.5.0.jar:/home/user/.m2/repository/org/codehaus/woodstox/stax2-api/3.1.4/stax2-api-3.1.4.jar:/home/user/.m2/repository/com/fasterxml/woodstox/woodstox-core/5.0.3/woodstox-core-5.0.3.jar:/home/user/.m2/repository/dnsjava/dnsjava/2.1.7/dnsjava-2.1.7.jar:/home/user/.m2/repository/org/apache/hadoop/hadoop-hdfs/3.2.0/hadoop-hdfs-3.2.0-tests.jar:/home/user/.m2/repository/org/eclipse/jetty/jetty-util-ajax/9.3.25.v20180904/jetty-util-ajax-9.3.25.v20180904.jar:/home/user/.m2/repository/commons-daemon/commons-daemon/1.0.13/commons-daemon-1.0.13.jar:/home/user/.m2/repository/io/netty/netty/3.10.5.Final/netty-3.10.5.Final.jar:/home/user/.m2/repository/io/netty/netty-all/4.0.52.Final/netty-all-4.0.52.Final.jar:/home/user/.m2/repository/org/fusesource/leveldbjni/leveldbjni-all/1.8/leveldbjni-all-1.8.jar:"/>
    <property name="sun.cpu.endian" value="little"/>
    <property name="user.home" value="/home/user"/>
    <property name="user.language" value="en"/>
    <property name="java.specification.vendor" value="Oracle Corporation"/>
    <property name="java.home" value="/usr/lib/jvm/java-1.8.0-openjdk-1.8.0.222.b10-1.el7_7.x86_64/jre"/>
    <property name="surefire.excludesFile" value="/tools/ozone-bad-unit-tests"/>
    <property name="java.security.krb5.conf" value="/workdir/hadoop-ozone/integration-test/target/test-classes/krb5.conf"/>
    <property name="basedir" value="/workdir/hadoop-ozone/integration-test"/>
    <property name="file.separator" value="/"/>
    <property name="line.separator" value="&#10;"/>
    <property name="java.vm.specification.vendor" value="Oracle Corporation"/>
    <property name="java.specification.name" value="Java Platform API Specification"/>
    <property name="java.awt.graphicsenv" value="sun.awt.X11GraphicsEnvironment"/>
    <property name="surefire.real.class.path" value="/workdir/hadoop-ozone/integration-test/target/surefire/surefirebooter6839251787955990979.jar"/>
    <property name="hadoop.log.dir" value="/workdir/hadoop-ozone/integration-test/target/log"/>
    <property name="sun.boot.class.path" value="/usr/lib/jvm/java-1.8.0-openjdk-1.8.0.222.b10-1.el7_7.x86_64/jre/lib/resources.jar:/usr/lib/jvm/java-1.8.0-openjdk-1.8.0.222.b10-1.el7_7.x86_64/jre/lib/rt.jar:/usr/lib/jvm/java-1.8.0-openjdk-1.8.0.222.b10-1.el7_7.x86_64/jre/lib/sunrsasign.jar:/usr/lib/jvm/java-1.8.0-openjdk-1.8.0.222.b10-1.el7_7.x86_64/jre/lib/jsse.jar:/usr/lib/jvm/java-1.8.0-openjdk-1.8.0.222.b10-1.el7_7.x86_64/jre/lib/jce.jar:/usr/lib/jvm/java-1.8.0-openjdk-1.8.0.222.b10-1.el7_7.x86_64/jre/lib/charsets.jar:/usr/lib/jvm/java-1.8.0-openjdk-1.8.0.222.b10-1.el7_7.x86_64/jre/lib/jfr.jar:/usr/lib/jvm/java-1.8.0-openjdk-1.8.0.222.b10-1.el7_7.x86_64/jre/classes"/>
    <property name="sun.management.compiler" value="HotSpot 64-Bit Tiered Compilers"/>
    <property name="java.runtime.version" value="1.8.0_222-b10"/>
    <property name="java.net.preferIPv4Stack" value="true"/>
    <property name="user.name" value="jenkins1000"/>
    <property name="path.separator" value=":"/>
    <property name="java.security.egd" value="file:///dev/urandom"/>
    <property name="os.version" value="3.10.0-957.12.2.el7.x86_64"/>
    <property name="java.endorsed.dirs" value="/usr/lib/jvm/java-1.8.0-openjdk-1.8.0.222.b10-1.el7_7.x86_64/jre/lib/endorsed"/>
    <property name="java.runtime.name" value="OpenJDK Runtime Environment"/>
    <property name="file.encoding" value="ANSI_X3.4-1968"/>
    <property name="java.vm.name" value="OpenJDK 64-Bit Server VM"/>
    <property name="test.build.webapps" value=""/>
    <property name="localRepository" value="/home/user/.m2/repository"/>
    <property name="java.vendor.url.bug" value="http://bugreport.sun.com/bugreport/"/>
    <property name="java.io.tmpdir" value="/tmp"/>
    <property name="require.test.libhadoop" value=""/>
    <property name="java.version" value="1.8.0_222"/>
    <property name="user.dir" value="/workdir/hadoop-ozone/integration-test"/>
    <property name="os.arch" value="amd64"/>
    <property name="java.vm.specification.name" value="Java Virtual Machine Specification"/>
    <property name="test.build.classes" value="/workdir/hadoop-ozone/integration-test/target/test-classes"/>
    <property name="java.awt.printerjob" value="sun.print.PSPrinterJob"/>
    <property name="sun.os.patch.level" value="unknown"/>
    <property name="hadoop.tmp.dir" value="/workdir/hadoop-ozone/integration-test/target/tmp"/>
    <property name="java.library.path" value="/usr/lib:/workdir/hadoop-ozone/integration-test/target/native/target/usr/local/lib:/workdir/hadoop-ozone/integration-test/../../hadoop-common-project/hadoop-common/target/native/target/usr/local/lib:/usr/java/packages/lib/amd64:/usr/lib64:/lib64:/lib:/usr/lib"/>
    <property name="java.vm.info" value="mixed mode"/>
    <property name="java.vendor" value="Oracle Corporation"/>
    <property name="java.vm.version" value="25.222-b10"/>
    <property name="java.ext.dirs" value="/usr/lib/jvm/java-1.8.0-openjdk-1.8.0.222.b10-1.el7_7.x86_64/jre/lib/ext:/usr/java/packages/lib/ext"/>
    <property name="sun.io.unicode.encoding" value="UnicodeLittle"/>
    <property name="java.class.version" value="52.0"/>
  </properties>
  <testcase name="testDeleteKeyWithSlowFollower" classname="org.apache.hadoop.ozone.client.rpc.TestDeleteWithSlowFollower" time="116.655">
    <failure type="java.lang.AssertionError">java.lang.AssertionError
	at org.junit.Assert.fail(Assert.java:86)
	at org.junit.Assert.assertTrue(Assert.java:41)
	at org.junit.Assert.assertTrue(Assert.java:52)
	at org.apache.hadoop.ozone.client.rpc.TestDeleteWithSlowFollower.testDeleteKeyWithSlowFollower(TestDeleteWithSlowFollower.java:265)
	at sun.reflect.NativeMethodAccessorImpl.invoke0(Native Method)
	at sun.reflect.NativeMethodAccessorImpl.invoke(NativeMethodAccessorImpl.java:62)
	at sun.reflect.DelegatingMethodAccessorImpl.invoke(DelegatingMethodAccessorImpl.java:43)
	at java.lang.reflect.Method.invoke(Method.java:498)
	at org.junit.runners.model.FrameworkMethod$1.runReflectiveCall(FrameworkMethod.java:47)
	at org.junit.internal.runners.model.ReflectiveCallable.run(ReflectiveCallable.java:12)
	at org.junit.runners.model.FrameworkMethod.invokeExplosively(FrameworkMethod.java:44)
	at org.junit.internal.runners.statements.InvokeMethod.evaluate(InvokeMethod.java:17)
	at org.junit.runners.ParentRunner.runLeaf(ParentRunner.java:271)
	at org.junit.runners.BlockJUnit4ClassRunner.runChild(BlockJUnit4ClassRunner.java:70)
	at org.junit.runners.BlockJUnit4ClassRunner.runChild(BlockJUnit4ClassRunner.java:50)
	at org.junit.runners.ParentRunner$3.run(ParentRunner.java:238)
	at org.junit.runners.ParentRunner$1.schedule(ParentRunner.java:63)
	at org.junit.runners.ParentRunner.runChildren(ParentRunner.java:236)
	at org.junit.runners.ParentRunner.access$000(ParentRunner.java:53)
	at org.junit.runners.ParentRunner$2.evaluate(ParentRunner.java:229)
	at org.junit.internal.runners.statements.RunBefores.evaluate(RunBefores.java:26)
	at org.junit.internal.runners.statements.RunAfters.evaluate(RunAfters.java:27)
	at org.junit.runners.ParentRunner.run(ParentRunner.java:309)
	at org.apache.maven.surefire.junit4.JUnit4Provider.execute(JUnit4Provider.java:365)
	at org.apache.maven.surefire.junit4.JUnit4Provider.executeWithRerun(JUnit4Provider.java:273)
	at org.apache.maven.surefire.junit4.JUnit4Provider.executeTestSet(JUnit4Provider.java:238)
	at org.apache.maven.surefire.junit4.JUnit4Provider.invoke(JUnit4Provider.java:159)
	at org.apache.maven.surefire.booter.ForkedBooter.invokeProviderInSameClassLoader(ForkedBooter.java:384)
	at org.apache.maven.surefire.booter.ForkedBooter.runSuitesInProcess(ForkedBooter.java:345)
	at org.apache.maven.surefire.booter.ForkedBooter.execute(ForkedBooter.java:126)
	at org.apache.maven.surefire.booter.ForkedBooter.main(ForkedBooter.java:418)
</failure>
    <system-out><![CDATA[2019-10-22 00:12:34,360 [main] WARN  server.ServerUtils (ServerUtils.java:getScmDbDir(145)) - ozone.scm.db.dirs is not configured. We recommend adding this setting. Falling back to ozone.metadata.dirs instead.
2019-10-22 00:12:34,456 [main] WARN  server.ServerUtils (ServerUtils.java:getScmDbDir(145)) - ozone.scm.db.dirs is not configured. We recommend adding this setting. Falling back to ozone.metadata.dirs instead.
2019-10-22 00:12:34,459 [main] WARN  server.ServerUtils (ServerUtils.java:getScmDbDir(145)) - ozone.scm.db.dirs is not configured. We recommend adding this setting. Falling back to ozone.metadata.dirs instead.
2019-10-22 00:12:34,481 [main] INFO  util.log (Log.java:initialized(192)) - Logging initialized @777ms
2019-10-22 00:12:34,565 [main] INFO  db.DBStoreBuilder (DBStoreBuilder.java:addTable(117)) - using custom profile for table: deletedBlocks
2019-10-22 00:12:34,566 [main] INFO  db.DBStoreBuilder (DBStoreBuilder.java:processTables(168)) - Using default column profile:DBProfile.DISK for Table:deletedBlocks
2019-10-22 00:12:34,566 [main] INFO  db.DBStoreBuilder (DBStoreBuilder.java:addTable(117)) - using custom profile for table: validCerts
2019-10-22 00:12:34,566 [main] INFO  db.DBStoreBuilder (DBStoreBuilder.java:processTables(168)) - Using default column profile:DBProfile.DISK for Table:validCerts
2019-10-22 00:12:34,567 [main] INFO  db.DBStoreBuilder (DBStoreBuilder.java:addTable(117)) - using custom profile for table: revokedCerts
2019-10-22 00:12:34,567 [main] INFO  db.DBStoreBuilder (DBStoreBuilder.java:processTables(168)) - Using default column profile:DBProfile.DISK for Table:revokedCerts
2019-10-22 00:12:34,577 [main] INFO  db.DBStoreBuilder (DBStoreBuilder.java:addTable(117)) - using custom profile for table: default
2019-10-22 00:12:34,577 [main] INFO  db.DBStoreBuilder (DBStoreBuilder.java:processTables(174)) - Using default column profile:DBProfile.DISK for Table:default
2019-10-22 00:12:34,578 [main] INFO  db.DBStoreBuilder (DBStoreBuilder.java:getDbProfile(205)) - Using default options. DBProfile.DISK
2019-10-22 00:12:34,774 [main] INFO  net.NodeSchemaLoader (NodeSchemaLoader.java:loadSchemaFromFile(125)) - Loading file from sun.misc.CompoundEnumeration@78691363
2019-10-22 00:12:34,775 [main] INFO  net.NodeSchemaLoader (NodeSchemaLoader.java:loadSchema(171)) - Loading network topology layer schema file
2019-10-22 00:12:34,824 [main] WARN  server.ServerUtils (ServerUtils.java:sanitizeUserArgs(70)) - ozone.scm.stale.node.interval value = 1000000 is larger than max = 100000 based on the key value of ozone.scm.heartbeat.thread.interval, reset to the max value 100000.
2019-10-22 00:12:34,825 [main] WARN  server.ServerUtils (ServerUtils.java:sanitizeUserArgs(70)) - ozone.scm.stale.node.interval value = 1000000 is larger than max = 100000 based on the key value of ozone.scm.heartbeat.thread.interval, reset to the max value 100000.
2019-10-22 00:12:34,827 [main] INFO  node.SCMNodeManager (SCMNodeManager.java:<init>(116)) - Entering startup safe mode.
2019-10-22 00:12:34,898 [main] INFO  algorithms.ContainerPlacementPolicyFactory (ContainerPlacementPolicyFactory.java:getPolicy(57)) - Create container placement policy of type org.apache.hadoop.hdds.scm.container.placement.algorithms.SCMContainerPlacementRandom
2019-10-22 00:12:34,918 [main] WARN  server.ServerUtils (ServerUtils.java:getScmDbDir(145)) - ozone.scm.db.dirs is not configured. We recommend adding this setting. Falling back to ozone.metadata.dirs instead.
2019-10-22 00:12:35,006 [main] INFO  pipeline.SCMPipelineManager (SCMPipelineManager.java:initializePipelineState(132)) - No pipeline exists in current db
2019-10-22 00:12:35,009 [main] WARN  server.ServerUtils (ServerUtils.java:getScmDbDir(145)) - ozone.scm.db.dirs is not configured. We recommend adding this setting. Falling back to ozone.metadata.dirs instead.
2019-10-22 00:12:35,149 [main] WARN  events.EventQueue (EventQueue.java:fireEvent(183)) - No event handler registered for event TypedEvent{payloadType=SafeModeStatus, name='SafeModeStatus'}
2019-10-22 00:12:35,523 [main] INFO  ipc.CallQueueManager (CallQueueManager.java:<init>(84)) - Using callQueue: class java.util.concurrent.LinkedBlockingQueue, queueCapacity: 2000, scheduler: class org.apache.hadoop.ipc.DefaultRpcScheduler, ipcBackoff: false.
2019-10-22 00:12:35,663 [Socket Reader #1 for port 42140] INFO  ipc.Server (Server.java:run(1074)) - Starting Socket Reader #1 for port 42140
2019-10-22 00:12:35,697 [main] INFO  ipc.CallQueueManager (CallQueueManager.java:<init>(84)) - Using callQueue: class java.util.concurrent.LinkedBlockingQueue, queueCapacity: 2000, scheduler: class org.apache.hadoop.ipc.DefaultRpcScheduler, ipcBackoff: false.
2019-10-22 00:12:35,698 [Socket Reader #1 for port 45771] INFO  ipc.Server (Server.java:run(1074)) - Starting Socket Reader #1 for port 45771
2019-10-22 00:12:35,709 [main] INFO  ipc.CallQueueManager (CallQueueManager.java:<init>(84)) - Using callQueue: class java.util.concurrent.LinkedBlockingQueue, queueCapacity: 2000, scheduler: class org.apache.hadoop.ipc.DefaultRpcScheduler, ipcBackoff: false.
2019-10-22 00:12:35,710 [Socket Reader #1 for port 38996] INFO  ipc.Server (Server.java:run(1074)) - Starting Socket Reader #1 for port 38996
2019-10-22 00:12:35,744 [main] INFO  hdfs.DFSUtil (DFSUtil.java:httpServerTemplateForNNAndJN(1641)) - Starting Web-server for scm at: http://0.0.0.0:0
2019-10-22 00:12:35,922 [main] INFO  server.AuthenticationFilter (AuthenticationFilter.java:constructSecretProvider(240)) - Unable to initialize FileSignerSecretProvider, falling back to use random secrets.
2019-10-22 00:12:35,930 [main] WARN  http.HttpRequestLog (HttpRequestLog.java:getRequestLog(97)) - Jetty request log can only be enabled using Log4j
2019-10-22 00:12:35,939 [main] INFO  http.HttpServer2 (HttpServer2.java:addGlobalFilter(975)) - Added global filter 'safety' (class=org.apache.hadoop.http.HttpServer2$QuotingInputFilter)
2019-10-22 00:12:35,942 [main] INFO  http.HttpServer2 (HttpServer2.java:addFilter(948)) - Added filter static_user_filter (class=org.apache.hadoop.http.lib.StaticUserWebFilter$StaticUserFilter) to context scm
2019-10-22 00:12:35,942 [main] INFO  http.HttpServer2 (HttpServer2.java:addFilter(958)) - Added filter static_user_filter (class=org.apache.hadoop.http.lib.StaticUserWebFilter$StaticUserFilter) to context static
2019-10-22 00:12:35,942 [main] INFO  http.HttpServer2 (HttpServer2.java:addFilter(958)) - Added filter static_user_filter (class=org.apache.hadoop.http.lib.StaticUserWebFilter$StaticUserFilter) to context logs
2019-10-22 00:12:35,972 [main] INFO  server.StorageContainerManager (StorageContainerManager.java:start(772)) - StorageContainerLocationProtocol RPC server is listening at /0.0.0.0:38996
2019-10-22 00:12:36,038 [main] WARN  impl.MetricsConfig (MetricsConfig.java:loadFirst(134)) - Cannot locate configuration: tried hadoop-metrics2-storagecontainermanager.properties,hadoop-metrics2.properties
2019-10-22 00:12:36,052 [main] INFO  impl.MetricsSystemImpl (MetricsSystemImpl.java:startTimer(374)) - Scheduled Metric snapshot period at 10 second(s).
2019-10-22 00:12:36,052 [main] INFO  impl.MetricsSystemImpl (MetricsSystemImpl.java:start(191)) - StorageContainerManager metrics system started
2019-10-22 00:12:36,322 [main] INFO  server.SCMClientProtocolServer (SCMClientProtocolServer.java:start(159)) - RPC server for Client  is listening at /0.0.0.0:38996
2019-10-22 00:12:36,323 [IPC Server listener on 38996] INFO  ipc.Server (Server.java:run(1153)) - IPC Server listener on 38996: starting
2019-10-22 00:12:36,323 [IPC Server Responder] INFO  ipc.Server (Server.java:run(1314)) - IPC Server Responder: starting
2019-10-22 00:12:36,325 [main] INFO  server.StorageContainerManager (StorageContainerManager.java:start(782)) - ScmBlockLocationProtocol RPC server is listening at /0.0.0.0:45771
2019-10-22 00:12:36,326 [main] INFO  server.SCMBlockProtocolServer (SCMBlockProtocolServer.java:start(146)) - RPC server for Block Protocol is listening at /0.0.0.0:45771
2019-10-22 00:12:36,326 [IPC Server Responder] INFO  ipc.Server (Server.java:run(1314)) - IPC Server Responder: starting
2019-10-22 00:12:36,326 [IPC Server listener on 45771] INFO  ipc.Server (Server.java:run(1153)) - IPC Server listener on 45771: starting
2019-10-22 00:12:36,329 [main] INFO  server.StorageContainerManager (StorageContainerManager.java:start(786)) - ScmDatanodeProtocl RPC server is listening at /0.0.0.0:42140
2019-10-22 00:12:36,329 [main] INFO  server.SCMDatanodeProtocolServer (SCMDatanodeProtocolServer.java:start(169)) - RPC server for DataNodes is listening at /0.0.0.0:42140
2019-10-22 00:12:36,330 [IPC Server Responder] INFO  ipc.Server (Server.java:run(1314)) - IPC Server Responder: starting
2019-10-22 00:12:36,330 [IPC Server listener on 42140] INFO  ipc.Server (Server.java:run(1153)) - IPC Server listener on 42140: starting
2019-10-22 00:12:36,333 [main] INFO  http.HttpServer2 (HttpServer2.java:bindListener(1191)) - Jetty bound to port 40149
2019-10-22 00:12:36,335 [main] INFO  server.Server (Server.java:doStart(351)) - jetty-9.3.25.v20180904, build timestamp: 2018-09-04T21:11:46Z, git hash: 3ce520221d0240229c862b122d2b06c12a625732
2019-10-22 00:12:36,369 [main] INFO  handler.ContextHandler (ContextHandler.java:doStart(781)) - Started o.e.j.s.ServletContextHandler@2f48b3d2{/logs,file:///workdir/hadoop-ozone/integration-test/target/log,AVAILABLE}
2019-10-22 00:12:36,370 [main] INFO  handler.ContextHandler (ContextHandler.java:doStart(781)) - Started o.e.j.s.ServletContextHandler@753432a2{/static,file:///workdir/hadoop-ozone/integration-test/target/test-classes/webapps/static,AVAILABLE}
2019-10-22 00:12:36,418 [main] INFO  handler.ContextHandler (ContextHandler.java:doStart(781)) - Started o.e.j.w.WebAppContext@23a9ba52{/,file:///workdir/hadoop-ozone/integration-test/target/test-classes/webapps/scm/,AVAILABLE}{/scm}
2019-10-22 00:12:36,425 [main] INFO  server.AbstractConnector (AbstractConnector.java:doStart(278)) - Started ServerConnector@7927bd9f{HTTP/1.1,[http/1.1]}{0.0.0.0:40149}
2019-10-22 00:12:36,426 [main] INFO  server.Server (Server.java:doStart(419)) - Started @2721ms
2019-10-22 00:12:36,428 [main] INFO  impl.MetricsSinkAdapter (MetricsSinkAdapter.java:start(204)) - Sink prometheus started
2019-10-22 00:12:36,429 [main] INFO  impl.MetricsSystemImpl (MetricsSystemImpl.java:registerSink(301)) - Registered sink prometheus
2019-10-22 00:12:36,430 [main] INFO  server.BaseHttpServer (BaseHttpServer.java:updateConnectorAddress(215)) - HTTP server of SCM is listening at http://0.0.0.0:40149
2019-10-22 00:12:36,438 [org.apache.hadoop.util.JvmPauseMonitor$Monitor@3d3f761a] INFO  util.JvmPauseMonitor (JvmPauseMonitor.java:run(188)) - Starting JVM pause monitor
2019-10-22 00:12:36,444 [main] WARN  server.ServerUtils (ServerUtils.java:getDBPath(222)) - ozone.om.db.dirs is not configured. We recommend adding this setting. Falling back to ozone.metadata.dirs instead.
2019-10-22 00:12:36,615 [main] INFO  ha.OMHANodeDetails (OMHANodeDetails.java:loadOMHAConfig(190)) - Configuration either no ozone.om.address set. Falling back to the default OM address /127.0.0.1:0
2019-10-22 00:12:36,615 [main] INFO  ha.OMHANodeDetails (OMHANodeDetails.java:getOMNodeDetails(220)) - OM Service ID is not set. Setting it to the default ID: omServiceIdDefault
2019-10-22 00:12:36,617 [main] WARN  server.ServerUtils (ServerUtils.java:getDBPath(222)) - ozone.om.db.dirs is not configured. We recommend adding this setting. Falling back to ozone.metadata.dirs instead.
2019-10-22 00:12:36,618 [main] WARN  server.ServerUtils (ServerUtils.java:getDBPath(222)) - ozone.om.db.dirs is not configured. We recommend adding this setting. Falling back to ozone.metadata.dirs instead.
2019-10-22 00:12:37,229 [main] WARN  server.ServerUtils (ServerUtils.java:getDBPath(222)) - ozone.om.db.dirs is not configured. We recommend adding this setting. Falling back to ozone.metadata.dirs instead.
2019-10-22 00:12:37,237 [main] INFO  db.DBStoreBuilder (DBStoreBuilder.java:addTable(117)) - using custom profile for table: userTable
2019-10-22 00:12:37,237 [main] INFO  db.DBStoreBuilder (DBStoreBuilder.java:processTables(168)) - Using default column profile:DBProfile.DISK for Table:userTable
2019-10-22 00:12:37,238 [main] INFO  db.DBStoreBuilder (DBStoreBuilder.java:addTable(117)) - using custom profile for table: volumeTable
2019-10-22 00:12:37,238 [main] INFO  db.DBStoreBuilder (DBStoreBuilder.java:processTables(168)) - Using default column profile:DBProfile.DISK for Table:volumeTable
2019-10-22 00:12:37,238 [main] INFO  db.DBStoreBuilder (DBStoreBuilder.java:addTable(117)) - using custom profile for table: bucketTable
2019-10-22 00:12:37,238 [main] INFO  db.DBStoreBuilder (DBStoreBuilder.java:processTables(168)) - Using default column profile:DBProfile.DISK for Table:bucketTable
2019-10-22 00:12:37,238 [main] INFO  db.DBStoreBuilder (DBStoreBuilder.java:addTable(117)) - using custom profile for table: keyTable
2019-10-22 00:12:37,239 [main] INFO  db.DBStoreBuilder (DBStoreBuilder.java:processTables(168)) - Using default column profile:DBProfile.DISK for Table:keyTable
2019-10-22 00:12:37,239 [main] INFO  db.DBStoreBuilder (DBStoreBuilder.java:addTable(117)) - using custom profile for table: deletedTable
2019-10-22 00:12:37,239 [main] INFO  db.DBStoreBuilder (DBStoreBuilder.java:processTables(168)) - Using default column profile:DBProfile.DISK for Table:deletedTable
2019-10-22 00:12:37,239 [main] INFO  db.DBStoreBuilder (DBStoreBuilder.java:addTable(117)) - using custom profile for table: openKeyTable
2019-10-22 00:12:37,240 [main] INFO  db.DBStoreBuilder (DBStoreBuilder.java:processTables(168)) - Using default column profile:DBProfile.DISK for Table:openKeyTable
2019-10-22 00:12:37,240 [main] INFO  db.DBStoreBuilder (DBStoreBuilder.java:addTable(117)) - using custom profile for table: s3Table
2019-10-22 00:12:37,240 [main] INFO  db.DBStoreBuilder (DBStoreBuilder.java:processTables(168)) - Using default column profile:DBProfile.DISK for Table:s3Table
2019-10-22 00:12:37,240 [main] INFO  db.DBStoreBuilder (DBStoreBuilder.java:addTable(117)) - using custom profile for table: multipartInfoTable
2019-10-22 00:12:37,240 [main] INFO  db.DBStoreBuilder (DBStoreBuilder.java:processTables(168)) - Using default column profile:DBProfile.DISK for Table:multipartInfoTable
2019-10-22 00:12:37,241 [main] INFO  db.DBStoreBuilder (DBStoreBuilder.java:addTable(117)) - using custom profile for table: dTokenTable
2019-10-22 00:12:37,241 [main] INFO  db.DBStoreBuilder (DBStoreBuilder.java:processTables(168)) - Using default column profile:DBProfile.DISK for Table:dTokenTable
2019-10-22 00:12:37,241 [main] INFO  db.DBStoreBuilder (DBStoreBuilder.java:addTable(117)) - using custom profile for table: s3SecretTable
2019-10-22 00:12:37,241 [main] INFO  db.DBStoreBuilder (DBStoreBuilder.java:processTables(168)) - Using default column profile:DBProfile.DISK for Table:s3SecretTable
2019-10-22 00:12:37,242 [main] INFO  db.DBStoreBuilder (DBStoreBuilder.java:addTable(117)) - using custom profile for table: prefixTable
2019-10-22 00:12:37,242 [main] INFO  db.DBStoreBuilder (DBStoreBuilder.java:processTables(168)) - Using default column profile:DBProfile.DISK for Table:prefixTable
2019-10-22 00:12:37,242 [main] INFO  db.DBStoreBuilder (DBStoreBuilder.java:addTable(117)) - using custom profile for table: default
2019-10-22 00:12:37,242 [main] INFO  db.DBStoreBuilder (DBStoreBuilder.java:processTables(174)) - Using default column profile:DBProfile.DISK for Table:default
2019-10-22 00:12:37,242 [main] INFO  db.DBStoreBuilder (DBStoreBuilder.java:getDbProfile(205)) - Using default options. DBProfile.DISK
2019-10-22 00:12:37,746 [main] INFO  ipc.CallQueueManager (CallQueueManager.java:<init>(84)) - Using callQueue: class java.util.concurrent.LinkedBlockingQueue, queueCapacity: 2000, scheduler: class org.apache.hadoop.ipc.DefaultRpcScheduler, ipcBackoff: false.
2019-10-22 00:12:37,747 [Socket Reader #1 for port 43960] INFO  ipc.Server (Server.java:run(1074)) - Starting Socket Reader #1 for port 43960
2019-10-22 00:12:37,767 [main] INFO  om.OzoneManager (OzoneManager.java:start(1074)) - OzoneManager RPC server is listening at localhost/127.0.0.1:43960
2019-10-22 00:12:37,768 [main] INFO  impl.MetricsSystemImpl (MetricsSystemImpl.java:init(158)) - OzoneManager metrics system started (again)
2019-10-22 00:12:37,775 [IPC Server Responder] INFO  ipc.Server (Server.java:run(1314)) - IPC Server Responder: starting
2019-10-22 00:12:37,775 [IPC Server listener on 43960] INFO  ipc.Server (Server.java:run(1153)) - IPC Server listener on 43960: starting
2019-10-22 00:12:37,780 [main] INFO  hdfs.DFSUtil (DFSUtil.java:httpServerTemplateForNNAndJN(1641)) - Starting Web-server for ozoneManager at: http://0.0.0.0:0
2019-10-22 00:12:37,782 [main] INFO  server.AuthenticationFilter (AuthenticationFilter.java:constructSecretProvider(240)) - Unable to initialize FileSignerSecretProvider, falling back to use random secrets.
2019-10-22 00:12:37,783 [main] WARN  http.HttpRequestLog (HttpRequestLog.java:getRequestLog(97)) - Jetty request log can only be enabled using Log4j
2019-10-22 00:12:37,784 [main] INFO  http.HttpServer2 (HttpServer2.java:addGlobalFilter(975)) - Added global filter 'safety' (class=org.apache.hadoop.http.HttpServer2$QuotingInputFilter)
2019-10-22 00:12:37,786 [main] INFO  http.HttpServer2 (HttpServer2.java:addFilter(948)) - Added filter static_user_filter (class=org.apache.hadoop.http.lib.StaticUserWebFilter$StaticUserFilter) to context ozoneManager
2019-10-22 00:12:37,786 [main] INFO  http.HttpServer2 (HttpServer2.java:addFilter(958)) - Added filter static_user_filter (class=org.apache.hadoop.http.lib.StaticUserWebFilter$StaticUserFilter) to context logs
2019-10-22 00:12:37,786 [main] INFO  http.HttpServer2 (HttpServer2.java:addFilter(958)) - Added filter static_user_filter (class=org.apache.hadoop.http.lib.StaticUserWebFilter$StaticUserFilter) to context static
2019-10-22 00:12:37,788 [main] INFO  http.HttpServer2 (HttpServer2.java:bindListener(1191)) - Jetty bound to port 32884
2019-10-22 00:12:37,789 [main] INFO  server.Server (Server.java:doStart(351)) - jetty-9.3.25.v20180904, build timestamp: 2018-09-04T21:11:46Z, git hash: 3ce520221d0240229c862b122d2b06c12a625732
2019-10-22 00:12:37,790 [main] INFO  handler.ContextHandler (ContextHandler.java:doStart(781)) - Started o.e.j.s.ServletContextHandler@40ab8a8{/logs,file:///workdir/hadoop-ozone/integration-test/target/log,AVAILABLE}
2019-10-22 00:12:37,791 [main] INFO  handler.ContextHandler (ContextHandler.java:doStart(781)) - Started o.e.j.s.ServletContextHandler@65cc8228{/static,file:///workdir/hadoop-ozone/integration-test/target/test-classes/webapps/static,AVAILABLE}
2019-10-22 00:12:37,797 [main] INFO  handler.ContextHandler (ContextHandler.java:doStart(781)) - Started o.e.j.w.WebAppContext@5d235104{/,file:///workdir/hadoop-ozone/integration-test/target/test-classes/webapps/ozoneManager/,AVAILABLE}{/ozoneManager}
2019-10-22 00:12:37,798 [main] INFO  server.AbstractConnector (AbstractConnector.java:doStart(278)) - Started ServerConnector@4e8e8621{HTTP/1.1,[http/1.1]}{0.0.0.0:32884}
2019-10-22 00:12:37,798 [main] INFO  server.Server (Server.java:doStart(419)) - Started @4094ms
2019-10-22 00:12:37,799 [main] WARN  impl.MetricsSystemImpl (MetricsSystemImpl.java:register(276)) - Sink prometheus already exists!
2019-10-22 00:12:37,800 [main] INFO  server.BaseHttpServer (BaseHttpServer.java:updateConnectorAddress(215)) - HTTP server of OZONEMANAGER is listening at http://0.0.0.0:32884
2019-10-22 00:12:38,027 [main] INFO  impl.MetricsSystemImpl (MetricsSystemImpl.java:init(158)) - HddsDatanode metrics system started (again)
2019-10-22 00:12:38,071 [main] INFO  ozone.HddsDatanodeService (HddsDatanodeService.java:start(184)) - HddsDatanodeService host:pr-hdds-2278-n56mq-2983766359 ip:192.168.69.94
2019-10-22 00:12:38,099 [main] INFO  volume.HddsVolume (HddsVolume.java:<init>(176)) - Creating Volume: /workdir/hadoop-ozone/integration-test/target/test-dir/MiniOzoneClusterImpl-6087bd68-5746-4eb4-8edb-fa9a87d69ff0/datanode-0/data/containers/hdds of  storage type : DISK and capacity : 1482555576320
2019-10-22 00:12:38,100 [main] INFO  volume.VolumeSet (VolumeSet.java:initializeVolumeSet(170)) - Added Volume : /workdir/hadoop-ozone/integration-test/target/test-dir/MiniOzoneClusterImpl-6087bd68-5746-4eb4-8edb-fa9a87d69ff0/datanode-0/data/containers/hdds to VolumeSet
2019-10-22 00:12:38,103 [main] INFO  volume.ThrottledAsyncChecker (ThrottledAsyncChecker.java:schedule(141)) - Scheduling a check for /workdir/hadoop-ozone/integration-test/target/test-dir/MiniOzoneClusterImpl-6087bd68-5746-4eb4-8edb-fa9a87d69ff0/datanode-0/data/containers/hdds
2019-10-22 00:12:38,119 [main] INFO  volume.HddsVolumeChecker (HddsVolumeChecker.java:checkAllVolumes(204)) - Scheduled health check for volume /workdir/hadoop-ozone/integration-test/target/test-dir/MiniOzoneClusterImpl-6087bd68-5746-4eb4-8edb-fa9a87d69ff0/datanode-0/data/containers/hdds
2019-10-22 00:12:38,217 [main] INFO  impl.RaftServerProxy (ConfUtils.java:logGet(43)) - raft.rpc.type = GRPC (default)
2019-10-22 00:12:38,273 [main] INFO  grpc.GrpcFactory (GrpcFactory.java:checkPooledByteBufAllocatorUseCacheForAllThreads(45)) - PERFORMANCE WARNING: useCacheForAllThreads is true that may cause Netty to create a lot garbage objects and, as a result, trigger GC.
	It is recommended to disable useCacheForAllThreads by setting -Dorg.apache.ratis.thirdparty.io.netty.allocator.useCacheForAllThreads=false in command line.
2019-10-22 00:12:38,277 [main] INFO  grpc.GrpcConfigKeys$Server (ConfUtils.java:logGet(43)) - raft.grpc.server.port = 0 (default)
2019-10-22 00:12:38,278 [main] INFO  server.GrpcService (ConfUtils.java:logGet(43)) - raft.grpc.message.size.max = 33570816 (custom)
2019-10-22 00:12:38,279 [main] INFO  server.RaftServerConfigKeys (ConfUtils.java:logGet(43)) - raft.server.log.appender.buffer.byte-limit = 33554432 (custom)
2019-10-22 00:12:38,280 [main] INFO  server.GrpcService (ConfUtils.java:logGet(43)) - raft.grpc.flow.control.window = 1MB (=1048576) (default)
2019-10-22 00:12:38,281 [main] INFO  server.RaftServerConfigKeys (ConfUtils.java:logGet(43)) - raft.server.rpc.request.timeout = 3000ms (default)
2019-10-22 00:12:38,417 [main] INFO  server.RaftServerConfigKeys (ConfUtils.java:logGet(43)) - raft.server.storage.dir = [/workdir/hadoop-ozone/integration-test/target/test-dir/MiniOzoneClusterImpl-6087bd68-5746-4eb4-8edb-fa9a87d69ff0/datanode-0/data/ratis] (custom)
2019-10-22 00:12:38,473 [main] INFO  hdfs.DFSUtil (DFSUtil.java:httpServerTemplateForNNAndJN(1641)) - Starting Web-server for hddsDatanode at: http://0.0.0.0:0
2019-10-22 00:12:38,474 [main] INFO  server.AuthenticationFilter (AuthenticationFilter.java:constructSecretProvider(240)) - Unable to initialize FileSignerSecretProvider, falling back to use random secrets.
2019-10-22 00:12:38,475 [main] WARN  http.HttpRequestLog (HttpRequestLog.java:getRequestLog(97)) - Jetty request log can only be enabled using Log4j
2019-10-22 00:12:38,476 [main] INFO  http.HttpServer2 (HttpServer2.java:addGlobalFilter(975)) - Added global filter 'safety' (class=org.apache.hadoop.http.HttpServer2$QuotingInputFilter)
2019-10-22 00:12:38,477 [main] INFO  http.HttpServer2 (HttpServer2.java:addFilter(948)) - Added filter static_user_filter (class=org.apache.hadoop.http.lib.StaticUserWebFilter$StaticUserFilter) to context hddsDatanode
2019-10-22 00:12:38,477 [main] INFO  http.HttpServer2 (HttpServer2.java:addFilter(958)) - Added filter static_user_filter (class=org.apache.hadoop.http.lib.StaticUserWebFilter$StaticUserFilter) to context logs
2019-10-22 00:12:38,477 [main] INFO  http.HttpServer2 (HttpServer2.java:addFilter(958)) - Added filter static_user_filter (class=org.apache.hadoop.http.lib.StaticUserWebFilter$StaticUserFilter) to context static
2019-10-22 00:12:38,478 [main] INFO  http.HttpServer2 (HttpServer2.java:bindListener(1191)) - Jetty bound to port 38476
2019-10-22 00:12:38,478 [main] INFO  server.Server (Server.java:doStart(351)) - jetty-9.3.25.v20180904, build timestamp: 2018-09-04T21:11:46Z, git hash: 3ce520221d0240229c862b122d2b06c12a625732
2019-10-22 00:12:38,480 [main] INFO  handler.ContextHandler (ContextHandler.java:doStart(781)) - Started o.e.j.s.ServletContextHandler@6c008c24{/logs,file:///workdir/hadoop-ozone/integration-test/target/log,AVAILABLE}
2019-10-22 00:12:38,481 [main] INFO  handler.ContextHandler (ContextHandler.java:doStart(781)) - Started o.e.j.s.ServletContextHandler@21079a12{/static,jar:file:/home/user/.m2/repository/org/apache/hadoop/hadoop-hdds-container-service/0.5.0-SNAPSHOT/hadoop-hdds-container-service-0.5.0-SNAPSHOT.jar!/webapps/static,AVAILABLE}
2019-10-22 00:12:38,513 [main] INFO  handler.ContextHandler (ContextHandler.java:doStart(781)) - Started o.e.j.w.WebAppContext@673919a7{/,file:///tmp/jetty-0.0.0.0-38476-hddsDatanode-_-any-7761326383742574592.dir/webapp/,AVAILABLE}{/hddsDatanode}
2019-10-22 00:12:38,514 [main] INFO  server.AbstractConnector (AbstractConnector.java:doStart(278)) - Started ServerConnector@25d93198{HTTP/1.1,[http/1.1]}{0.0.0.0:38476}
2019-10-22 00:12:38,514 [main] INFO  server.Server (Server.java:doStart(419)) - Started @4810ms
2019-10-22 00:12:38,515 [main] WARN  impl.MetricsSystemImpl (MetricsSystemImpl.java:register(276)) - Sink prometheus already exists!
2019-10-22 00:12:38,516 [main] INFO  server.BaseHttpServer (BaseHttpServer.java:updateConnectorAddress(215)) - HTTP server of HDDSDATANODE is listening at http://0.0.0.0:38476
2019-10-22 00:12:38,517 [main] INFO  impl.MetricsSystemImpl (MetricsSystemImpl.java:init(158)) - HddsDatanode metrics system started (again)
2019-10-22 00:12:38,519 [main] INFO  ozone.HddsDatanodeService (HddsDatanodeService.java:start(184)) - HddsDatanodeService host:pr-hdds-2278-n56mq-2983766359 ip:192.168.69.94
2019-10-22 00:12:38,522 [org.apache.hadoop.util.JvmPauseMonitor$Monitor@61c00c5d] INFO  util.JvmPauseMonitor (JvmPauseMonitor.java:run(188)) - Starting JVM pause monitor
2019-10-22 00:12:38,528 [main] INFO  volume.HddsVolume (HddsVolume.java:<init>(176)) - Creating Volume: /workdir/hadoop-ozone/integration-test/target/test-dir/MiniOzoneClusterImpl-6087bd68-5746-4eb4-8edb-fa9a87d69ff0/datanode-1/data/containers/hdds of  storage type : DISK and capacity : 1482555576320
2019-10-22 00:12:38,528 [main] INFO  volume.VolumeSet (VolumeSet.java:initializeVolumeSet(170)) - Added Volume : /workdir/hadoop-ozone/integration-test/target/test-dir/MiniOzoneClusterImpl-6087bd68-5746-4eb4-8edb-fa9a87d69ff0/datanode-1/data/containers/hdds to VolumeSet
2019-10-22 00:12:38,529 [main] INFO  volume.ThrottledAsyncChecker (ThrottledAsyncChecker.java:schedule(141)) - Scheduling a check for /workdir/hadoop-ozone/integration-test/target/test-dir/MiniOzoneClusterImpl-6087bd68-5746-4eb4-8edb-fa9a87d69ff0/datanode-1/data/containers/hdds
2019-10-22 00:12:38,529 [main] INFO  volume.HddsVolumeChecker (HddsVolumeChecker.java:checkAllVolumes(204)) - Scheduled health check for volume /workdir/hadoop-ozone/integration-test/target/test-dir/MiniOzoneClusterImpl-6087bd68-5746-4eb4-8edb-fa9a87d69ff0/datanode-1/data/containers/hdds
2019-10-22 00:12:38,551 [main] INFO  impl.RaftServerProxy (ConfUtils.java:logGet(43)) - raft.rpc.type = GRPC (default)
2019-10-22 00:12:38,552 [main] INFO  grpc.GrpcFactory (GrpcFactory.java:checkPooledByteBufAllocatorUseCacheForAllThreads(45)) - PERFORMANCE WARNING: useCacheForAllThreads is true that may cause Netty to create a lot garbage objects and, as a result, trigger GC.
	It is recommended to disable useCacheForAllThreads by setting -Dorg.apache.ratis.thirdparty.io.netty.allocator.useCacheForAllThreads=false in command line.
2019-10-22 00:12:38,552 [main] INFO  grpc.GrpcConfigKeys$Server (ConfUtils.java:logGet(43)) - raft.grpc.server.port = 0 (default)
2019-10-22 00:12:38,553 [main] INFO  server.GrpcService (ConfUtils.java:logGet(43)) - raft.grpc.message.size.max = 33570816 (custom)
2019-10-22 00:12:38,553 [main] INFO  server.RaftServerConfigKeys (ConfUtils.java:logGet(43)) - raft.server.log.appender.buffer.byte-limit = 33554432 (custom)
2019-10-22 00:12:38,553 [main] INFO  server.GrpcService (ConfUtils.java:logGet(43)) - raft.grpc.flow.control.window = 1MB (=1048576) (default)
2019-10-22 00:12:38,553 [main] INFO  server.RaftServerConfigKeys (ConfUtils.java:logGet(43)) - raft.server.rpc.request.timeout = 3000ms (default)
2019-10-22 00:12:38,554 [main] INFO  server.RaftServerConfigKeys (ConfUtils.java:logGet(43)) - raft.server.storage.dir = [/workdir/hadoop-ozone/integration-test/target/test-dir/MiniOzoneClusterImpl-6087bd68-5746-4eb4-8edb-fa9a87d69ff0/datanode-1/data/ratis] (custom)
2019-10-22 00:12:38,557 [main] INFO  hdfs.DFSUtil (DFSUtil.java:httpServerTemplateForNNAndJN(1641)) - Starting Web-server for hddsDatanode at: http://0.0.0.0:0
2019-10-22 00:12:38,559 [main] INFO  server.AuthenticationFilter (AuthenticationFilter.java:constructSecretProvider(240)) - Unable to initialize FileSignerSecretProvider, falling back to use random secrets.
2019-10-22 00:12:38,560 [main] WARN  http.HttpRequestLog (HttpRequestLog.java:getRequestLog(97)) - Jetty request log can only be enabled using Log4j
2019-10-22 00:12:38,562 [main] INFO  http.HttpServer2 (HttpServer2.java:addGlobalFilter(975)) - Added global filter 'safety' (class=org.apache.hadoop.http.HttpServer2$QuotingInputFilter)
2019-10-22 00:12:38,562 [main] INFO  http.HttpServer2 (HttpServer2.java:addFilter(948)) - Added filter static_user_filter (class=org.apache.hadoop.http.lib.StaticUserWebFilter$StaticUserFilter) to context hddsDatanode
2019-10-22 00:12:38,563 [main] INFO  http.HttpServer2 (HttpServer2.java:addFilter(958)) - Added filter static_user_filter (class=org.apache.hadoop.http.lib.StaticUserWebFilter$StaticUserFilter) to context logs
2019-10-22 00:12:38,563 [main] INFO  http.HttpServer2 (HttpServer2.java:addFilter(958)) - Added filter static_user_filter (class=org.apache.hadoop.http.lib.StaticUserWebFilter$StaticUserFilter) to context static
2019-10-22 00:12:38,564 [main] INFO  http.HttpServer2 (HttpServer2.java:bindListener(1191)) - Jetty bound to port 40760
2019-10-22 00:12:38,564 [main] INFO  server.Server (Server.java:doStart(351)) - jetty-9.3.25.v20180904, build timestamp: 2018-09-04T21:11:46Z, git hash: 3ce520221d0240229c862b122d2b06c12a625732
2019-10-22 00:12:38,568 [main] INFO  handler.ContextHandler (ContextHandler.java:doStart(781)) - Started o.e.j.s.ServletContextHandler@30364216{/logs,file:///workdir/hadoop-ozone/integration-test/target/log,AVAILABLE}
2019-10-22 00:12:38,569 [main] INFO  handler.ContextHandler (ContextHandler.java:doStart(781)) - Started o.e.j.s.ServletContextHandler@1e8ab90f{/static,jar:file:/home/user/.m2/repository/org/apache/hadoop/hadoop-hdds-container-service/0.5.0-SNAPSHOT/hadoop-hdds-container-service-0.5.0-SNAPSHOT.jar!/webapps/static,AVAILABLE}
2019-10-22 00:12:38,608 [main] INFO  handler.ContextHandler (ContextHandler.java:doStart(781)) - Started o.e.j.w.WebAppContext@60325987{/,file:///tmp/jetty-0.0.0.0-40760-hddsDatanode-_-any-5882015006233450544.dir/webapp/,AVAILABLE}{/hddsDatanode}
2019-10-22 00:12:38,609 [main] INFO  server.AbstractConnector (AbstractConnector.java:doStart(278)) - Started ServerConnector@2f37f1f9{HTTP/1.1,[http/1.1]}{0.0.0.0:40760}
2019-10-22 00:12:38,610 [main] INFO  server.Server (Server.java:doStart(419)) - Started @4905ms
2019-10-22 00:12:38,611 [main] WARN  impl.MetricsSystemImpl (MetricsSystemImpl.java:register(276)) - Sink prometheus already exists!
2019-10-22 00:12:38,612 [main] INFO  server.BaseHttpServer (BaseHttpServer.java:updateConnectorAddress(215)) - HTTP server of HDDSDATANODE is listening at http://0.0.0.0:40760
2019-10-22 00:12:38,612 [main] INFO  impl.MetricsSystemImpl (MetricsSystemImpl.java:init(158)) - HddsDatanode metrics system started (again)
2019-10-22 00:12:38,614 [main] INFO  ozone.HddsDatanodeService (HddsDatanodeService.java:start(184)) - HddsDatanodeService host:pr-hdds-2278-n56mq-2983766359 ip:192.168.69.94
2019-10-22 00:12:38,615 [org.apache.hadoop.util.JvmPauseMonitor$Monitor@32b386ac] INFO  util.JvmPauseMonitor (JvmPauseMonitor.java:run(188)) - Starting JVM pause monitor
2019-10-22 00:12:38,621 [main] INFO  volume.HddsVolume (HddsVolume.java:<init>(176)) - Creating Volume: /workdir/hadoop-ozone/integration-test/target/test-dir/MiniOzoneClusterImpl-6087bd68-5746-4eb4-8edb-fa9a87d69ff0/datanode-2/data/containers/hdds of  storage type : DISK and capacity : 1482555576320
2019-10-22 00:12:38,622 [main] INFO  volume.VolumeSet (VolumeSet.java:initializeVolumeSet(170)) - Added Volume : /workdir/hadoop-ozone/integration-test/target/test-dir/MiniOzoneClusterImpl-6087bd68-5746-4eb4-8edb-fa9a87d69ff0/datanode-2/data/containers/hdds to VolumeSet
2019-10-22 00:12:38,622 [main] INFO  volume.ThrottledAsyncChecker (ThrottledAsyncChecker.java:schedule(141)) - Scheduling a check for /workdir/hadoop-ozone/integration-test/target/test-dir/MiniOzoneClusterImpl-6087bd68-5746-4eb4-8edb-fa9a87d69ff0/datanode-2/data/containers/hdds
2019-10-22 00:12:38,622 [main] INFO  volume.HddsVolumeChecker (HddsVolumeChecker.java:checkAllVolumes(204)) - Scheduled health check for volume /workdir/hadoop-ozone/integration-test/target/test-dir/MiniOzoneClusterImpl-6087bd68-5746-4eb4-8edb-fa9a87d69ff0/datanode-2/data/containers/hdds
2019-10-22 00:12:38,635 [main] INFO  impl.RaftServerProxy (ConfUtils.java:logGet(43)) - raft.rpc.type = GRPC (default)
2019-10-22 00:12:38,635 [main] INFO  grpc.GrpcFactory (GrpcFactory.java:checkPooledByteBufAllocatorUseCacheForAllThreads(45)) - PERFORMANCE WARNING: useCacheForAllThreads is true that may cause Netty to create a lot garbage objects and, as a result, trigger GC.
	It is recommended to disable useCacheForAllThreads by setting -Dorg.apache.ratis.thirdparty.io.netty.allocator.useCacheForAllThreads=false in command line.
2019-10-22 00:12:38,635 [main] INFO  grpc.GrpcConfigKeys$Server (ConfUtils.java:logGet(43)) - raft.grpc.server.port = 0 (default)
2019-10-22 00:12:38,635 [main] INFO  server.GrpcService (ConfUtils.java:logGet(43)) - raft.grpc.message.size.max = 33570816 (custom)
2019-10-22 00:12:38,636 [main] INFO  server.RaftServerConfigKeys (ConfUtils.java:logGet(43)) - raft.server.log.appender.buffer.byte-limit = 33554432 (custom)
2019-10-22 00:12:38,636 [main] INFO  server.GrpcService (ConfUtils.java:logGet(43)) - raft.grpc.flow.control.window = 1MB (=1048576) (default)
2019-10-22 00:12:38,636 [main] INFO  server.RaftServerConfigKeys (ConfUtils.java:logGet(43)) - raft.server.rpc.request.timeout = 3000ms (default)
2019-10-22 00:12:38,637 [main] INFO  server.RaftServerConfigKeys (ConfUtils.java:logGet(43)) - raft.server.storage.dir = [/workdir/hadoop-ozone/integration-test/target/test-dir/MiniOzoneClusterImpl-6087bd68-5746-4eb4-8edb-fa9a87d69ff0/datanode-2/data/ratis] (custom)
2019-10-22 00:12:38,637 [Datanode State Machine Thread - 0] INFO  datanode.InitDatanodeState (InitDatanodeState.java:persistContainerDatanodeDetails(140)) - DatanodeDetails is persisted to /workdir/hadoop-ozone/integration-test/target/test-dir/MiniOzoneClusterImpl-6087bd68-5746-4eb4-8edb-fa9a87d69ff0/datanode-0/meta/datanode.id
2019-10-22 00:12:38,639 [main] INFO  hdfs.DFSUtil (DFSUtil.java:httpServerTemplateForNNAndJN(1641)) - Starting Web-server for hddsDatanode at: http://0.0.0.0:0
2019-10-22 00:12:38,640 [Datanode State Machine Thread - 0] INFO  datanode.InitDatanodeState (InitDatanodeState.java:persistContainerDatanodeDetails(140)) - DatanodeDetails is persisted to /workdir/hadoop-ozone/integration-test/target/test-dir/MiniOzoneClusterImpl-6087bd68-5746-4eb4-8edb-fa9a87d69ff0/datanode-1/meta/datanode.id
2019-10-22 00:12:38,641 [main] INFO  server.AuthenticationFilter (AuthenticationFilter.java:constructSecretProvider(240)) - Unable to initialize FileSignerSecretProvider, falling back to use random secrets.
2019-10-22 00:12:38,641 [main] WARN  http.HttpRequestLog (HttpRequestLog.java:getRequestLog(97)) - Jetty request log can only be enabled using Log4j
2019-10-22 00:12:38,643 [main] INFO  http.HttpServer2 (HttpServer2.java:addGlobalFilter(975)) - Added global filter 'safety' (class=org.apache.hadoop.http.HttpServer2$QuotingInputFilter)
2019-10-22 00:12:38,643 [main] INFO  http.HttpServer2 (HttpServer2.java:addFilter(948)) - Added filter static_user_filter (class=org.apache.hadoop.http.lib.StaticUserWebFilter$StaticUserFilter) to context hddsDatanode
2019-10-22 00:12:38,643 [main] INFO  http.HttpServer2 (HttpServer2.java:addFilter(958)) - Added filter static_user_filter (class=org.apache.hadoop.http.lib.StaticUserWebFilter$StaticUserFilter) to context static
2019-10-22 00:12:38,643 [main] INFO  http.HttpServer2 (HttpServer2.java:addFilter(958)) - Added filter static_user_filter (class=org.apache.hadoop.http.lib.StaticUserWebFilter$StaticUserFilter) to context logs
2019-10-22 00:12:38,644 [main] INFO  http.HttpServer2 (HttpServer2.java:bindListener(1191)) - Jetty bound to port 37608
2019-10-22 00:12:38,644 [main] INFO  server.Server (Server.java:doStart(351)) - jetty-9.3.25.v20180904, build timestamp: 2018-09-04T21:11:46Z, git hash: 3ce520221d0240229c862b122d2b06c12a625732
2019-10-22 00:12:38,646 [main] INFO  handler.ContextHandler (ContextHandler.java:doStart(781)) - Started o.e.j.s.ServletContextHandler@e5cbff2{/logs,file:///workdir/hadoop-ozone/integration-test/target/log,AVAILABLE}
2019-10-22 00:12:38,646 [main] INFO  handler.ContextHandler (ContextHandler.java:doStart(781)) - Started o.e.j.s.ServletContextHandler@4fc3c165{/static,jar:file:/home/user/.m2/repository/org/apache/hadoop/hadoop-hdds-container-service/0.5.0-SNAPSHOT/hadoop-hdds-container-service-0.5.0-SNAPSHOT.jar!/webapps/static,AVAILABLE}
2019-10-22 00:12:38,674 [main] INFO  handler.ContextHandler (ContextHandler.java:doStart(781)) - Started o.e.j.w.WebAppContext@70228253{/,file:///tmp/jetty-0.0.0.0-37608-hddsDatanode-_-any-8782983955613149869.dir/webapp/,AVAILABLE}{/hddsDatanode}
2019-10-22 00:12:38,675 [main] INFO  server.AbstractConnector (AbstractConnector.java:doStart(278)) - Started ServerConnector@63c12e52{HTTP/1.1,[http/1.1]}{0.0.0.0:37608}
2019-10-22 00:12:38,676 [main] INFO  server.Server (Server.java:doStart(419)) - Started @4971ms
2019-10-22 00:12:38,676 [main] WARN  impl.MetricsSystemImpl (MetricsSystemImpl.java:register(276)) - Sink prometheus already exists!
2019-10-22 00:12:38,677 [main] INFO  server.BaseHttpServer (BaseHttpServer.java:updateConnectorAddress(215)) - HTTP server of HDDSDATANODE is listening at http://0.0.0.0:37608
2019-10-22 00:12:38,678 [main] INFO  ozone.MiniOzoneClusterImpl (MiniOzoneClusterImpl.java:lambda$waitForClusterToBeReady$0(147)) - Waiting for cluster to be ready. Got 0 of 3 DN Heartbeats.
2019-10-22 00:12:38,679 [org.apache.hadoop.util.JvmPauseMonitor$Monitor@133c6f09] INFO  util.JvmPauseMonitor (JvmPauseMonitor.java:run(188)) - Starting JVM pause monitor
2019-10-22 00:12:38,681 [Datanode State Machine Thread - 0] INFO  datanode.InitDatanodeState (InitDatanodeState.java:persistContainerDatanodeDetails(140)) - DatanodeDetails is persisted to /workdir/hadoop-ozone/integration-test/target/test-dir/MiniOzoneClusterImpl-6087bd68-5746-4eb4-8edb-fa9a87d69ff0/datanode-2/meta/datanode.id
2019-10-22 00:12:39,678 [main] INFO  ozone.MiniOzoneClusterImpl (MiniOzoneClusterImpl.java:lambda$waitForClusterToBeReady$0(147)) - Waiting for cluster to be ready. Got 0 of 3 DN Heartbeats.
2019-10-22 00:12:40,679 [main] INFO  ozone.MiniOzoneClusterImpl (MiniOzoneClusterImpl.java:lambda$waitForClusterToBeReady$0(147)) - Waiting for cluster to be ready. Got 0 of 3 DN Heartbeats.
2019-10-22 00:12:40,693 [Datanode State Machine Thread - 0] INFO  ozoneimpl.OzoneContainer (OzoneContainer.java:start(213)) - Attempting to start container services.
2019-10-22 00:12:40,693 [Datanode State Machine Thread - 0] INFO  ozoneimpl.OzoneContainer (OzoneContainer.java:start(213)) - Attempting to start container services.
2019-10-22 00:12:40,693 [Datanode State Machine Thread - 0] INFO  ozoneimpl.OzoneContainer (OzoneContainer.java:start(213)) - Attempting to start container services.
2019-10-22 00:12:40,699 [Datanode State Machine Thread - 0] INFO  ozoneimpl.OzoneContainer (OzoneContainer.java:startContainerScrub(177)) - Background container scanner has been disabled.
2019-10-22 00:12:40,699 [Datanode State Machine Thread - 0] INFO  ozoneimpl.OzoneContainer (OzoneContainer.java:startContainerScrub(177)) - Background container scanner has been disabled.
2019-10-22 00:12:40,699 [Datanode State Machine Thread - 0] INFO  ratis.XceiverServerRatis (XceiverServerRatis.java:start(418)) - Starting XceiverServerRatis 5e7fe0a0-681e-48dc-b88f-f2277eb9af04 at port 0
2019-10-22 00:12:40,699 [Datanode State Machine Thread - 0] INFO  ozoneimpl.OzoneContainer (OzoneContainer.java:startContainerScrub(177)) - Background container scanner has been disabled.
2019-10-22 00:12:40,699 [Datanode State Machine Thread - 0] INFO  ratis.XceiverServerRatis (XceiverServerRatis.java:start(418)) - Starting XceiverServerRatis 5bee3153-f7ec-473f-a61a-388a1f3ac093 at port 0
2019-10-22 00:12:40,700 [Datanode State Machine Thread - 0] INFO  ratis.XceiverServerRatis (XceiverServerRatis.java:start(418)) - Starting XceiverServerRatis 4ccfaf2e-aae8-4e87-8fab-e6f62fbd25e3 at port 0
2019-10-22 00:12:40,736 [Datanode State Machine Thread - 0] INFO  impl.RaftServerProxy (RaftServerProxy.java:lambda$start$3(299)) - 4ccfaf2e-aae8-4e87-8fab-e6f62fbd25e3: start RPC server
2019-10-22 00:12:40,736 [Datanode State Machine Thread - 0] INFO  impl.RaftServerProxy (RaftServerProxy.java:lambda$start$3(299)) - 5bee3153-f7ec-473f-a61a-388a1f3ac093: start RPC server
2019-10-22 00:12:40,736 [Datanode State Machine Thread - 0] INFO  impl.RaftServerProxy (RaftServerProxy.java:lambda$start$3(299)) - 5e7fe0a0-681e-48dc-b88f-f2277eb9af04: start RPC server
2019-10-22 00:12:40,865 [Datanode State Machine Thread - 0] INFO  server.GrpcService (GrpcService.java:startImpl(158)) - 5e7fe0a0-681e-48dc-b88f-f2277eb9af04: GrpcService started, listening on 0.0.0.0/0.0.0.0:38061
2019-10-22 00:12:40,865 [Datanode State Machine Thread - 0] INFO  server.GrpcService (GrpcService.java:startImpl(158)) - 5bee3153-f7ec-473f-a61a-388a1f3ac093: GrpcService started, listening on 0.0.0.0/0.0.0.0:39580
2019-10-22 00:12:40,865 [Datanode State Machine Thread - 0] INFO  server.GrpcService (GrpcService.java:startImpl(158)) - 4ccfaf2e-aae8-4e87-8fab-e6f62fbd25e3: GrpcService started, listening on 0.0.0.0/0.0.0.0:36986
2019-10-22 00:12:40,866 [Datanode State Machine Thread - 0] INFO  ratis.XceiverServerRatis (XceiverServerRatis.java:start(428)) - XceiverServerRatis 5bee3153-f7ec-473f-a61a-388a1f3ac093 is started using port 39580
2019-10-22 00:12:40,866 [Datanode State Machine Thread - 0] INFO  ratis.XceiverServerRatis (XceiverServerRatis.java:start(428)) - XceiverServerRatis 5e7fe0a0-681e-48dc-b88f-f2277eb9af04 is started using port 38061
2019-10-22 00:12:40,867 [Datanode State Machine Thread - 0] INFO  ratis.XceiverServerRatis (XceiverServerRatis.java:start(428)) - XceiverServerRatis 4ccfaf2e-aae8-4e87-8fab-e6f62fbd25e3 is started using port 36986
2019-10-22 00:12:40,872 [Datanode State Machine Thread - 0] INFO  server.XceiverServerGrpc (XceiverServerGrpc.java:start(149)) - XceiverServerGrpc 5e7fe0a0-681e-48dc-b88f-f2277eb9af04 is started using port 39634
2019-10-22 00:12:40,872 [Datanode State Machine Thread - 0] INFO  server.XceiverServerGrpc (XceiverServerGrpc.java:start(149)) - XceiverServerGrpc 4ccfaf2e-aae8-4e87-8fab-e6f62fbd25e3 is started using port 41724
2019-10-22 00:12:40,872 [Datanode State Machine Thread - 0] INFO  server.XceiverServerGrpc (XceiverServerGrpc.java:start(149)) - XceiverServerGrpc 5bee3153-f7ec-473f-a61a-388a1f3ac093 is started using port 38662
2019-10-22 00:12:41,680 [main] INFO  ozone.MiniOzoneClusterImpl (MiniOzoneClusterImpl.java:lambda$waitForClusterToBeReady$0(147)) - Waiting for cluster to be ready. Got 0 of 3 DN Heartbeats.
2019-10-22 00:12:42,557 [IPC Server handler 1 on 42140] INFO  net.NetworkTopology (NetworkTopologyImpl.java:add(111)) - Added a new node: /default-rack/5e7fe0a0-681e-48dc-b88f-f2277eb9af04
2019-10-22 00:12:42,557 [IPC Server handler 1 on 42140] INFO  node.SCMNodeManager (SCMNodeManager.java:register(268)) - Registered Data node : 5e7fe0a0-681e-48dc-b88f-f2277eb9af04{ip: 192.168.69.94, host: pr-hdds-2278-n56mq-2983766359, networkLocation: /default-rack, certSerialId: null}
2019-10-22 00:12:42,560 [EventQueue-NodeRegistrationContainerReportForDataNodeSafeModeRule] INFO  safemode.SCMSafeModeManager (DataNodeSafeModeRule.java:process(71)) - SCM in safe mode. 1 DataNodes registered, 1 required.
2019-10-22 00:12:42,560 [EventQueue-NodeRegistrationContainerReportForDataNodeSafeModeRule] INFO  safemode.SCMSafeModeManager (SCMSafeModeManager.java:validateSafeModeExitRules(177)) - ScmSafeModeManager, all rules are successfully validated
2019-10-22 00:12:42,560 [EventQueue-NodeRegistrationContainerReportForDataNodeSafeModeRule] INFO  safemode.SCMSafeModeManager (SCMSafeModeManager.java:exitSafeMode(193)) - SCM exiting safe mode.
2019-10-22 00:12:42,619 [IPC Server handler 2 on 42140] INFO  net.NetworkTopology (NetworkTopologyImpl.java:add(111)) - Added a new node: /default-rack/5bee3153-f7ec-473f-a61a-388a1f3ac093
2019-10-22 00:12:42,619 [IPC Server handler 2 on 42140] INFO  node.SCMNodeManager (SCMNodeManager.java:register(268)) - Registered Data node : 5bee3153-f7ec-473f-a61a-388a1f3ac093{ip: 192.168.69.94, host: pr-hdds-2278-n56mq-2983766359, networkLocation: /default-rack, certSerialId: null}
2019-10-22 00:12:42,681 [main] INFO  ozone.MiniOzoneClusterImpl (MiniOzoneClusterImpl.java:lambda$waitForClusterToBeReady$0(147)) - Waiting for cluster to be ready. Got 2 of 3 DN Heartbeats.
2019-10-22 00:12:42,682 [IPC Server handler 4 on 42140] INFO  net.NetworkTopology (NetworkTopologyImpl.java:add(111)) - Added a new node: /default-rack/4ccfaf2e-aae8-4e87-8fab-e6f62fbd25e3
2019-10-22 00:12:42,682 [IPC Server handler 4 on 42140] INFO  node.SCMNodeManager (SCMNodeManager.java:register(268)) - Registered Data node : 4ccfaf2e-aae8-4e87-8fab-e6f62fbd25e3{ip: 192.168.69.94, host: pr-hdds-2278-n56mq-2983766359, networkLocation: /default-rack, certSerialId: null}
2019-10-22 00:12:42,982 [grpc-default-executor-0] INFO  impl.RaftServerProxy (RaftServerProxy.java:addNew(89)) - 5e7fe0a0-681e-48dc-b88f-f2277eb9af04: addNew group-4674EA3A4606:[5e7fe0a0-681e-48dc-b88f-f2277eb9af04:192.168.69.94:38061] returns group-4674EA3A4606:java.util.concurrent.CompletableFuture@10f29995[Not completed]
2019-10-22 00:12:42,991 [pool-27-thread-1] INFO  impl.RaftServerImpl (RaftServerImpl.java:<init>(98)) - 5e7fe0a0-681e-48dc-b88f-f2277eb9af04: new RaftServerImpl for group-4674EA3A4606:[5e7fe0a0-681e-48dc-b88f-f2277eb9af04:192.168.69.94:38061] with ContainerStateMachine:uninitialized
2019-10-22 00:12:42,993 [pool-27-thread-1] INFO  server.RaftServerConfigKeys (ConfUtils.java:logGet(43)) - raft.server.rpc.timeout.min = 5s (custom)
2019-10-22 00:12:42,994 [pool-27-thread-1] INFO  server.RaftServerConfigKeys (ConfUtils.java:logGet(43)) - raft.server.rpc.timeout.max = 5200ms (custom)
2019-10-22 00:12:42,994 [pool-27-thread-1] INFO  server.RaftServerConfigKeys (ConfUtils.java:logGet(43)) - raft.server.rpcslowness.timeout = 1000s (custom)
2019-10-22 00:12:42,994 [pool-27-thread-1] INFO  server.RaftServerConfigKeys (ConfUtils.java:logGet(43)) - raft.server.sleep.deviation.threshold = 300 (default)
2019-10-22 00:12:42,995 [pool-27-thread-1] INFO  server.RaftServerConfigKeys (ConfUtils.java:logGet(43)) - raft.server.log.appender.install.snapshot.enabled = false (custom)
2019-10-22 00:12:43,001 [pool-27-thread-1] INFO  impl.RaftServerImpl (ServerState.java:<init>(103)) - 5e7fe0a0-681e-48dc-b88f-f2277eb9af04@group-4674EA3A4606: ConfigurationManager, init=-1: [5e7fe0a0-681e-48dc-b88f-f2277eb9af04:192.168.69.94:38061], old=null, confs=<EMPTY_MAP>
2019-10-22 00:12:43,002 [pool-27-thread-1] INFO  server.RaftServerConfigKeys (ConfUtils.java:logGet(43)) - raft.server.storage.dir = [/workdir/hadoop-ozone/integration-test/target/test-dir/MiniOzoneClusterImpl-6087bd68-5746-4eb4-8edb-fa9a87d69ff0/datanode-0/data/ratis] (custom)
2019-10-22 00:12:43,007 [pool-27-thread-1] INFO  server.RaftServerConfigKeys (ConfUtils.java:logGet(43)) - raft.server.log.corruption.policy = EXCEPTION (default)
2019-10-22 00:12:43,008 [pool-27-thread-1] INFO  storage.RaftStorageDirectory (RaftStorageDirectory.java:analyzeStorage(246)) - The storage directory /workdir/hadoop-ozone/integration-test/target/test-dir/MiniOzoneClusterImpl-6087bd68-5746-4eb4-8edb-fa9a87d69ff0/datanode-0/data/ratis/1613db9a-c788-4d48-a7bd-4674ea3a4606 does not exist. Creating ...
2019-10-22 00:12:43,015 [pool-27-thread-1] INFO  storage.RaftStorageDirectory (RaftStorageDirectory.java:tryLock(328)) - Lock on /workdir/hadoop-ozone/integration-test/target/test-dir/MiniOzoneClusterImpl-6087bd68-5746-4eb4-8edb-fa9a87d69ff0/datanode-0/data/ratis/1613db9a-c788-4d48-a7bd-4674ea3a4606/in_use.lock acquired by nodename 8911@pr-hdds-2278-n56mq-2983766359
2019-10-22 00:12:43,030 [pool-27-thread-1] INFO  storage.RaftStorage (RaftStorage.java:format(84)) - Storage directory /workdir/hadoop-ozone/integration-test/target/test-dir/MiniOzoneClusterImpl-6087bd68-5746-4eb4-8edb-fa9a87d69ff0/datanode-0/data/ratis/1613db9a-c788-4d48-a7bd-4674ea3a4606 has been successfully formatted.
2019-10-22 00:12:43,032 [pool-27-thread-1] INFO  ratis.ContainerStateMachine (ContainerStateMachine.java:loadSnapshot(231)) - group-4674EA3A4606: The snapshot info is null. Setting the last applied indexto:(t:0, i:~)
2019-10-22 00:12:43,032 [pool-27-thread-1] INFO  server.RaftServerConfigKeys (ConfUtils.java:logGet(43)) - raft.server.notification.no-leader.timeout = 1000s (custom)
2019-10-22 00:12:43,034 [pool-27-thread-1] INFO  server.RaftServerConfigKeys (ConfUtils.java:logGet(43)) - raft.server.log.use.memory = false (default)
2019-10-22 00:12:43,039 [pool-27-thread-1] INFO  server.RaftServerConfigKeys (ConfUtils.java:logGet(43)) - raft.server.log.purge.gap = 1000000 (custom)
2019-10-22 00:12:43,039 [pool-27-thread-1] INFO  server.RaftServerConfigKeys (ConfUtils.java:logGet(43)) - raft.server.log.appender.buffer.byte-limit = 33554432 (custom)
2019-10-22 00:12:43,040 [pool-27-thread-1] INFO  server.RaftServerConfigKeys (ConfUtils.java:logGet(43)) - raft.server.log.segment.size.max = 1048576 (custom)
2019-10-22 00:12:43,044 [pool-27-thread-1] INFO  metrics.MetricRegistries (MetricRegistriesLoader.java:load(64)) - Loaded MetricRegistries class org.apache.ratis.metrics.impl.MetricRegistriesImpl
2019-10-22 00:12:43,047 [pool-27-thread-1] WARN  impl.MetricRegistriesImpl (MetricRegistriesImpl.java:lambda$create$1(61)) - First MetricRegistry has been created without registering reporters. You may need to call MetricRegistries.global().addReportRegistration(...) before.
2019-10-22 00:12:43,052 [pool-27-thread-1] INFO  server.RaftServerConfigKeys (ConfUtils.java:logGet(43)) - raft.server.log.segment.cache.num.max = 2 (custom)
2019-10-22 00:12:43,057 [pool-27-thread-1] INFO  segmented.SegmentedRaftLogWorker (SegmentedRaftLogWorker.java:<init>(173)) - new 5e7fe0a0-681e-48dc-b88f-f2277eb9af04@group-4674EA3A4606-SegmentedRaftLogWorker for RaftStorage:Storage Directory /workdir/hadoop-ozone/integration-test/target/test-dir/MiniOzoneClusterImpl-6087bd68-5746-4eb4-8edb-fa9a87d69ff0/datanode-0/data/ratis/1613db9a-c788-4d48-a7bd-4674ea3a4606
2019-10-22 00:12:43,057 [pool-27-thread-1] INFO  server.RaftServerConfigKeys (ConfUtils.java:logGet(43)) - raft.server.log.queue.byte-limit = 2147483647 (custom)
2019-10-22 00:12:43,058 [pool-27-thread-1] INFO  server.RaftServerConfigKeys (ConfUtils.java:logGet(43)) - raft.server.log.queue.element-limit = 1024 (custom)
2019-10-22 00:12:43,059 [pool-27-thread-1] INFO  server.RaftServerConfigKeys (ConfUtils.java:logGet(43)) - raft.server.log.segment.size.max = 1048576 (custom)
2019-10-22 00:12:43,060 [pool-27-thread-1] INFO  server.RaftServerConfigKeys (ConfUtils.java:logGet(43)) - raft.server.log.preallocated.size = 16384 (custom)
2019-10-22 00:12:43,060 [pool-27-thread-1] INFO  server.RaftServerConfigKeys (ConfUtils.java:logGet(43)) - raft.server.log.write.buffer.size = 33554432 (custom)
2019-10-22 00:12:43,061 [pool-27-thread-1] INFO  server.RaftServerConfigKeys (ConfUtils.java:logGet(43)) - raft.server.log.force.sync.num = 128 (default)
2019-10-22 00:12:43,061 [pool-27-thread-1] INFO  server.RaftServerConfigKeys (ConfUtils.java:logGet(43)) - raft.server.log.statemachine.data.sync = true (default)
2019-10-22 00:12:43,062 [pool-27-thread-1] INFO  server.RaftServerConfigKeys (ConfUtils.java:logGet(43)) - raft.server.log.statemachine.data.sync.timeout = 10s (default)
2019-10-22 00:12:43,062 [pool-27-thread-1] INFO  server.RaftServerConfigKeys (ConfUtils.java:logGet(43)) - raft.server.log.statemachine.data.sync.timeout.retry = -1 (default)
2019-10-22 00:12:43,070 [pool-27-thread-1] INFO  server.RaftServerConfigKeys (ConfUtils.java:logGet(43)) - raft.server.log.statemachine.data.caching.enabled = true (custom)
2019-10-22 00:12:43,075 [pool-27-thread-1] INFO  segmented.SegmentedRaftLogWorker (SegmentedRaftLogWorker.java:lambda$new$0(128)) - 5e7fe0a0-681e-48dc-b88f-f2277eb9af04@group-4674EA3A4606-SegmentedRaftLogWorker: flushIndex: setUnconditionally 0 -> -1
2019-10-22 00:12:43,079 [pool-27-thread-1] INFO  server.RaftServerConfigKeys (ConfUtils.java:logGet(43)) - raft.server.snapshot.auto.trigger.enabled = true (custom)
2019-10-22 00:12:43,080 [pool-27-thread-1] INFO  server.RaftServerConfigKeys (ConfUtils.java:logGet(43)) - raft.server.snapshot.auto.trigger.threshold = 10000 (custom)
2019-10-22 00:12:43,080 [pool-27-thread-1] INFO  server.RaftServerConfigKeys (ConfUtils.java:logGet(43)) - raft.server.snapshot.retention.file.num = 5 (custom)
2019-10-22 00:12:43,081 [pool-27-thread-1] INFO  server.RaftServerConfigKeys (ConfUtils.java:logGet(43)) - raft.server.retrycache.expirytime = 600000ms (custom)
2019-10-22 00:12:43,098 [pool-27-thread-1] WARN  impl.MetricRegistriesImpl (MetricRegistriesImpl.java:lambda$create$1(61)) - First MetricRegistry has been created without registering reporters. You may need to call MetricRegistries.global().addReportRegistration(...) before.
2019-10-22 00:12:43,100 [pool-27-thread-1] WARN  impl.MetricRegistriesImpl (MetricRegistriesImpl.java:lambda$create$1(61)) - First MetricRegistry has been created without registering reporters. You may need to call MetricRegistries.global().addReportRegistration(...) before.
2019-10-22 00:12:43,102 [pool-27-thread-1] INFO  impl.RaftServerImpl (RaftServerImpl.java:start(184)) - 5e7fe0a0-681e-48dc-b88f-f2277eb9af04@group-4674EA3A4606: start as a follower, conf=-1: [5e7fe0a0-681e-48dc-b88f-f2277eb9af04:192.168.69.94:38061], old=null
2019-10-22 00:12:43,103 [pool-27-thread-1] INFO  impl.RaftServerImpl (RaftServerImpl.java:setRole(173)) - 5e7fe0a0-681e-48dc-b88f-f2277eb9af04@group-4674EA3A4606: changes role from      null to FOLLOWER at term 0 for startAsFollower
2019-10-22 00:12:43,104 [pool-27-thread-1] INFO  impl.RoleInfo (RoleInfo.java:updateAndGet(143)) - 5e7fe0a0-681e-48dc-b88f-f2277eb9af04: start FollowerState
2019-10-22 00:12:43,106 [pool-27-thread-1] INFO  util.JmxRegister (JmxRegister.java:tryRegister(44)) - Successfully registered JMX Bean with object name Ratis:service=RaftServer,group=group-4674EA3A4606,id=5e7fe0a0-681e-48dc-b88f-f2277eb9af04
2019-10-22 00:12:43,107 [pool-27-thread-1] WARN  impl.MetricRegistriesImpl (MetricRegistriesImpl.java:lambda$create$1(61)) - First MetricRegistry has been created without registering reporters. You may need to call MetricRegistries.global().addReportRegistration(...) before.
2019-10-22 00:12:43,155 [RatisPipelineUtilsThread] INFO  pipeline.PipelineStateManager (PipelineStateManager.java:addPipeline(56)) - Created pipeline Pipeline[ Id: 1613db9a-c788-4d48-a7bd-4674ea3a4606, Nodes: 5e7fe0a0-681e-48dc-b88f-f2277eb9af04{ip: 192.168.69.94, host: pr-hdds-2278-n56mq-2983766359, networkLocation: /default-rack, certSerialId: null}, Type:RATIS, Factor:ONE, State:OPEN]
2019-10-22 00:12:43,167 [grpc-default-executor-0] INFO  impl.RaftServerProxy (RaftServerProxy.java:addNew(89)) - 5bee3153-f7ec-473f-a61a-388a1f3ac093: addNew group-F538D9A0BBB6:[5bee3153-f7ec-473f-a61a-388a1f3ac093:192.168.69.94:39580] returns group-F538D9A0BBB6:java.util.concurrent.CompletableFuture@1b6b9ad2[Not completed]
2019-10-22 00:12:43,182 [pool-37-thread-1] INFO  impl.RaftServerImpl (RaftServerImpl.java:<init>(98)) - 5bee3153-f7ec-473f-a61a-388a1f3ac093: new RaftServerImpl for group-F538D9A0BBB6:[5bee3153-f7ec-473f-a61a-388a1f3ac093:192.168.69.94:39580] with ContainerStateMachine:uninitialized
2019-10-22 00:12:43,184 [pool-37-thread-1] INFO  server.RaftServerConfigKeys (ConfUtils.java:logGet(43)) - raft.server.rpc.timeout.min = 5s (custom)
2019-10-22 00:12:43,184 [pool-37-thread-1] INFO  server.RaftServerConfigKeys (ConfUtils.java:logGet(43)) - raft.server.rpc.timeout.max = 5200ms (custom)
2019-10-22 00:12:43,184 [pool-37-thread-1] INFO  server.RaftServerConfigKeys (ConfUtils.java:logGet(43)) - raft.server.rpcslowness.timeout = 1000s (custom)
2019-10-22 00:12:43,184 [pool-37-thread-1] INFO  server.RaftServerConfigKeys (ConfUtils.java:logGet(43)) - raft.server.sleep.deviation.threshold = 300 (default)
2019-10-22 00:12:43,184 [pool-37-thread-1] INFO  server.RaftServerConfigKeys (ConfUtils.java:logGet(43)) - raft.server.log.appender.install.snapshot.enabled = false (custom)
2019-10-22 00:12:43,185 [pool-37-thread-1] INFO  impl.RaftServerImpl (ServerState.java:<init>(103)) - 5bee3153-f7ec-473f-a61a-388a1f3ac093@group-F538D9A0BBB6: ConfigurationManager, init=-1: [5bee3153-f7ec-473f-a61a-388a1f3ac093:192.168.69.94:39580], old=null, confs=<EMPTY_MAP>
2019-10-22 00:12:43,185 [pool-37-thread-1] INFO  server.RaftServerConfigKeys (ConfUtils.java:logGet(43)) - raft.server.storage.dir = [/workdir/hadoop-ozone/integration-test/target/test-dir/MiniOzoneClusterImpl-6087bd68-5746-4eb4-8edb-fa9a87d69ff0/datanode-1/data/ratis] (custom)
2019-10-22 00:12:43,185 [pool-37-thread-1] INFO  server.RaftServerConfigKeys (ConfUtils.java:logGet(43)) - raft.server.log.corruption.policy = EXCEPTION (default)
2019-10-22 00:12:43,185 [pool-37-thread-1] INFO  storage.RaftStorageDirectory (RaftStorageDirectory.java:analyzeStorage(246)) - The storage directory /workdir/hadoop-ozone/integration-test/target/test-dir/MiniOzoneClusterImpl-6087bd68-5746-4eb4-8edb-fa9a87d69ff0/datanode-1/data/ratis/632dffaf-55ad-459c-98a3-f538d9a0bbb6 does not exist. Creating ...
2019-10-22 00:12:43,238 [pool-37-thread-1] INFO  storage.RaftStorageDirectory (RaftStorageDirectory.java:tryLock(328)) - Lock on /workdir/hadoop-ozone/integration-test/target/test-dir/MiniOzoneClusterImpl-6087bd68-5746-4eb4-8edb-fa9a87d69ff0/datanode-1/data/ratis/632dffaf-55ad-459c-98a3-f538d9a0bbb6/in_use.lock acquired by nodename 8911@pr-hdds-2278-n56mq-2983766359
2019-10-22 00:12:43,252 [pool-37-thread-1] INFO  storage.RaftStorage (RaftStorage.java:format(84)) - Storage directory /workdir/hadoop-ozone/integration-test/target/test-dir/MiniOzoneClusterImpl-6087bd68-5746-4eb4-8edb-fa9a87d69ff0/datanode-1/data/ratis/632dffaf-55ad-459c-98a3-f538d9a0bbb6 has been successfully formatted.
2019-10-22 00:12:43,254 [pool-37-thread-1] INFO  ratis.ContainerStateMachine (ContainerStateMachine.java:loadSnapshot(231)) - group-F538D9A0BBB6: The snapshot info is null. Setting the last applied indexto:(t:0, i:~)
2019-10-22 00:12:43,254 [pool-37-thread-1] INFO  server.RaftServerConfigKeys (ConfUtils.java:logGet(43)) - raft.server.notification.no-leader.timeout = 1000s (custom)
2019-10-22 00:12:43,254 [pool-37-thread-1] INFO  server.RaftServerConfigKeys (ConfUtils.java:logGet(43)) - raft.server.log.use.memory = false (default)
2019-10-22 00:12:43,255 [pool-37-thread-1] INFO  server.RaftServerConfigKeys (ConfUtils.java:logGet(43)) - raft.server.log.purge.gap = 1000000 (custom)
2019-10-22 00:12:43,255 [pool-37-thread-1] INFO  server.RaftServerConfigKeys (ConfUtils.java:logGet(43)) - raft.server.log.appender.buffer.byte-limit = 33554432 (custom)
2019-10-22 00:12:43,255 [pool-37-thread-1] INFO  server.RaftServerConfigKeys (ConfUtils.java:logGet(43)) - raft.server.log.segment.size.max = 1048576 (custom)
2019-10-22 00:12:43,255 [pool-37-thread-1] WARN  impl.MetricRegistriesImpl (MetricRegistriesImpl.java:lambda$create$1(61)) - First MetricRegistry has been created without registering reporters. You may need to call MetricRegistries.global().addReportRegistration(...) before.
2019-10-22 00:12:43,256 [pool-37-thread-1] INFO  server.RaftServerConfigKeys (ConfUtils.java:logGet(43)) - raft.server.log.segment.cache.num.max = 2 (custom)
2019-10-22 00:12:43,256 [pool-37-thread-1] INFO  segmented.SegmentedRaftLogWorker (SegmentedRaftLogWorker.java:<init>(173)) - new 5bee3153-f7ec-473f-a61a-388a1f3ac093@group-F538D9A0BBB6-SegmentedRaftLogWorker for RaftStorage:Storage Directory /workdir/hadoop-ozone/integration-test/target/test-dir/MiniOzoneClusterImpl-6087bd68-5746-4eb4-8edb-fa9a87d69ff0/datanode-1/data/ratis/632dffaf-55ad-459c-98a3-f538d9a0bbb6
2019-10-22 00:12:43,256 [pool-37-thread-1] INFO  server.RaftServerConfigKeys (ConfUtils.java:logGet(43)) - raft.server.log.queue.byte-limit = 2147483647 (custom)
2019-10-22 00:12:43,257 [pool-37-thread-1] INFO  server.RaftServerConfigKeys (ConfUtils.java:logGet(43)) - raft.server.log.queue.element-limit = 1024 (custom)
2019-10-22 00:12:43,257 [pool-37-thread-1] INFO  server.RaftServerConfigKeys (ConfUtils.java:logGet(43)) - raft.server.log.segment.size.max = 1048576 (custom)
2019-10-22 00:12:43,257 [pool-37-thread-1] INFO  server.RaftServerConfigKeys (ConfUtils.java:logGet(43)) - raft.server.log.preallocated.size = 16384 (custom)
2019-10-22 00:12:43,257 [pool-37-thread-1] INFO  server.RaftServerConfigKeys (ConfUtils.java:logGet(43)) - raft.server.log.write.buffer.size = 33554432 (custom)
2019-10-22 00:12:43,257 [pool-37-thread-1] INFO  server.RaftServerConfigKeys (ConfUtils.java:logGet(43)) - raft.server.log.force.sync.num = 128 (default)
2019-10-22 00:12:43,257 [pool-37-thread-1] INFO  server.RaftServerConfigKeys (ConfUtils.java:logGet(43)) - raft.server.log.statemachine.data.sync = true (default)
2019-10-22 00:12:43,257 [pool-37-thread-1] INFO  server.RaftServerConfigKeys (ConfUtils.java:logGet(43)) - raft.server.log.statemachine.data.sync.timeout = 10s (default)
2019-10-22 00:12:43,258 [pool-37-thread-1] INFO  server.RaftServerConfigKeys (ConfUtils.java:logGet(43)) - raft.server.log.statemachine.data.sync.timeout.retry = -1 (default)
2019-10-22 00:12:43,258 [pool-37-thread-1] INFO  server.RaftServerConfigKeys (ConfUtils.java:logGet(43)) - raft.server.log.statemachine.data.caching.enabled = true (custom)
2019-10-22 00:12:43,258 [pool-37-thread-1] INFO  segmented.SegmentedRaftLogWorker (SegmentedRaftLogWorker.java:lambda$new$0(128)) - 5bee3153-f7ec-473f-a61a-388a1f3ac093@group-F538D9A0BBB6-SegmentedRaftLogWorker: flushIndex: setUnconditionally 0 -> -1
2019-10-22 00:12:43,259 [pool-37-thread-1] INFO  server.RaftServerConfigKeys (ConfUtils.java:logGet(43)) - raft.server.snapshot.auto.trigger.enabled = true (custom)
2019-10-22 00:12:43,259 [pool-37-thread-1] INFO  server.RaftServerConfigKeys (ConfUtils.java:logGet(43)) - raft.server.snapshot.auto.trigger.threshold = 10000 (custom)
2019-10-22 00:12:43,259 [pool-37-thread-1] INFO  server.RaftServerConfigKeys (ConfUtils.java:logGet(43)) - raft.server.snapshot.retention.file.num = 5 (custom)
2019-10-22 00:12:43,259 [pool-37-thread-1] INFO  server.RaftServerConfigKeys (ConfUtils.java:logGet(43)) - raft.server.retrycache.expirytime = 600000ms (custom)
2019-10-22 00:12:43,259 [pool-37-thread-1] WARN  impl.MetricRegistriesImpl (MetricRegistriesImpl.java:lambda$create$1(61)) - First MetricRegistry has been created without registering reporters. You may need to call MetricRegistries.global().addReportRegistration(...) before.
2019-10-22 00:12:43,259 [pool-37-thread-1] WARN  impl.MetricRegistriesImpl (MetricRegistriesImpl.java:lambda$create$1(61)) - First MetricRegistry has been created without registering reporters. You may need to call MetricRegistries.global().addReportRegistration(...) before.
2019-10-22 00:12:43,260 [pool-37-thread-1] INFO  impl.RaftServerImpl (RaftServerImpl.java:start(184)) - 5bee3153-f7ec-473f-a61a-388a1f3ac093@group-F538D9A0BBB6: start as a follower, conf=-1: [5bee3153-f7ec-473f-a61a-388a1f3ac093:192.168.69.94:39580], old=null
2019-10-22 00:12:43,260 [pool-37-thread-1] INFO  impl.RaftServerImpl (RaftServerImpl.java:setRole(173)) - 5bee3153-f7ec-473f-a61a-388a1f3ac093@group-F538D9A0BBB6: changes role from      null to FOLLOWER at term 0 for startAsFollower
2019-10-22 00:12:43,260 [pool-37-thread-1] INFO  impl.RoleInfo (RoleInfo.java:updateAndGet(143)) - 5bee3153-f7ec-473f-a61a-388a1f3ac093: start FollowerState
2019-10-22 00:12:43,261 [pool-37-thread-1] INFO  util.JmxRegister (JmxRegister.java:tryRegister(44)) - Successfully registered JMX Bean with object name Ratis:service=RaftServer,group=group-F538D9A0BBB6,id=5bee3153-f7ec-473f-a61a-388a1f3ac093
2019-10-22 00:12:43,263 [pool-37-thread-1] WARN  impl.MetricRegistriesImpl (MetricRegistriesImpl.java:lambda$create$1(61)) - First MetricRegistry has been created without registering reporters. You may need to call MetricRegistries.global().addReportRegistration(...) before.
2019-10-22 00:12:43,272 [RatisPipelineUtilsThread] INFO  pipeline.PipelineStateManager (PipelineStateManager.java:addPipeline(56)) - Created pipeline Pipeline[ Id: 632dffaf-55ad-459c-98a3-f538d9a0bbb6, Nodes: 5bee3153-f7ec-473f-a61a-388a1f3ac093{ip: 192.168.69.94, host: pr-hdds-2278-n56mq-2983766359, networkLocation: /default-rack, certSerialId: null}, Type:RATIS, Factor:ONE, State:OPEN]
2019-10-22 00:12:43,286 [grpc-default-executor-0] INFO  impl.RaftServerProxy (RaftServerProxy.java:addNew(89)) - 4ccfaf2e-aae8-4e87-8fab-e6f62fbd25e3: addNew group-3C63F6CA6DCA:[4ccfaf2e-aae8-4e87-8fab-e6f62fbd25e3:192.168.69.94:36986] returns group-3C63F6CA6DCA:java.util.concurrent.CompletableFuture@14e9adec[Not completed]
2019-10-22 00:12:43,298 [pool-47-thread-1] INFO  impl.RaftServerImpl (RaftServerImpl.java:<init>(98)) - 4ccfaf2e-aae8-4e87-8fab-e6f62fbd25e3: new RaftServerImpl for group-3C63F6CA6DCA:[4ccfaf2e-aae8-4e87-8fab-e6f62fbd25e3:192.168.69.94:36986] with ContainerStateMachine:uninitialized
2019-10-22 00:12:43,298 [pool-47-thread-1] INFO  server.RaftServerConfigKeys (ConfUtils.java:logGet(43)) - raft.server.rpc.timeout.min = 5s (custom)
2019-10-22 00:12:43,299 [pool-47-thread-1] INFO  server.RaftServerConfigKeys (ConfUtils.java:logGet(43)) - raft.server.rpc.timeout.max = 5200ms (custom)
2019-10-22 00:12:43,299 [pool-47-thread-1] INFO  server.RaftServerConfigKeys (ConfUtils.java:logGet(43)) - raft.server.rpcslowness.timeout = 1000s (custom)
2019-10-22 00:12:43,299 [pool-47-thread-1] INFO  server.RaftServerConfigKeys (ConfUtils.java:logGet(43)) - raft.server.sleep.deviation.threshold = 300 (default)
2019-10-22 00:12:43,299 [pool-47-thread-1] INFO  server.RaftServerConfigKeys (ConfUtils.java:logGet(43)) - raft.server.log.appender.install.snapshot.enabled = false (custom)
2019-10-22 00:12:43,299 [pool-47-thread-1] INFO  impl.RaftServerImpl (ServerState.java:<init>(103)) - 4ccfaf2e-aae8-4e87-8fab-e6f62fbd25e3@group-3C63F6CA6DCA: ConfigurationManager, init=-1: [4ccfaf2e-aae8-4e87-8fab-e6f62fbd25e3:192.168.69.94:36986], old=null, confs=<EMPTY_MAP>
2019-10-22 00:12:43,299 [pool-47-thread-1] INFO  server.RaftServerConfigKeys (ConfUtils.java:logGet(43)) - raft.server.storage.dir = [/workdir/hadoop-ozone/integration-test/target/test-dir/MiniOzoneClusterImpl-6087bd68-5746-4eb4-8edb-fa9a87d69ff0/datanode-2/data/ratis] (custom)
2019-10-22 00:12:43,300 [pool-47-thread-1] INFO  server.RaftServerConfigKeys (ConfUtils.java:logGet(43)) - raft.server.log.corruption.policy = EXCEPTION (default)
2019-10-22 00:12:43,300 [pool-47-thread-1] INFO  storage.RaftStorageDirectory (RaftStorageDirectory.java:analyzeStorage(246)) - The storage directory /workdir/hadoop-ozone/integration-test/target/test-dir/MiniOzoneClusterImpl-6087bd68-5746-4eb4-8edb-fa9a87d69ff0/datanode-2/data/ratis/a5b6df62-90c1-40c0-9a43-3c63f6ca6dca does not exist. Creating ...
2019-10-22 00:12:43,326 [pool-47-thread-1] INFO  storage.RaftStorageDirectory (RaftStorageDirectory.java:tryLock(328)) - Lock on /workdir/hadoop-ozone/integration-test/target/test-dir/MiniOzoneClusterImpl-6087bd68-5746-4eb4-8edb-fa9a87d69ff0/datanode-2/data/ratis/a5b6df62-90c1-40c0-9a43-3c63f6ca6dca/in_use.lock acquired by nodename 8911@pr-hdds-2278-n56mq-2983766359
2019-10-22 00:12:43,341 [pool-47-thread-1] INFO  storage.RaftStorage (RaftStorage.java:format(84)) - Storage directory /workdir/hadoop-ozone/integration-test/target/test-dir/MiniOzoneClusterImpl-6087bd68-5746-4eb4-8edb-fa9a87d69ff0/datanode-2/data/ratis/a5b6df62-90c1-40c0-9a43-3c63f6ca6dca has been successfully formatted.
2019-10-22 00:12:43,341 [pool-47-thread-1] INFO  ratis.ContainerStateMachine (ContainerStateMachine.java:loadSnapshot(231)) - group-3C63F6CA6DCA: The snapshot info is null. Setting the last applied indexto:(t:0, i:~)
2019-10-22 00:12:43,341 [pool-47-thread-1] INFO  server.RaftServerConfigKeys (ConfUtils.java:logGet(43)) - raft.server.notification.no-leader.timeout = 1000s (custom)
2019-10-22 00:12:43,342 [pool-47-thread-1] INFO  server.RaftServerConfigKeys (ConfUtils.java:logGet(43)) - raft.server.log.use.memory = false (default)
2019-10-22 00:12:43,342 [pool-47-thread-1] INFO  server.RaftServerConfigKeys (ConfUtils.java:logGet(43)) - raft.server.log.purge.gap = 1000000 (custom)
2019-10-22 00:12:43,342 [pool-47-thread-1] INFO  server.RaftServerConfigKeys (ConfUtils.java:logGet(43)) - raft.server.log.appender.buffer.byte-limit = 33554432 (custom)
2019-10-22 00:12:43,342 [pool-47-thread-1] INFO  server.RaftServerConfigKeys (ConfUtils.java:logGet(43)) - raft.server.log.segment.size.max = 1048576 (custom)
2019-10-22 00:12:43,343 [pool-47-thread-1] WARN  impl.MetricRegistriesImpl (MetricRegistriesImpl.java:lambda$create$1(61)) - First MetricRegistry has been created without registering reporters. You may need to call MetricRegistries.global().addReportRegistration(...) before.
2019-10-22 00:12:43,343 [pool-47-thread-1] INFO  server.RaftServerConfigKeys (ConfUtils.java:logGet(43)) - raft.server.log.segment.cache.num.max = 2 (custom)
2019-10-22 00:12:43,343 [pool-47-thread-1] INFO  segmented.SegmentedRaftLogWorker (SegmentedRaftLogWorker.java:<init>(173)) - new 4ccfaf2e-aae8-4e87-8fab-e6f62fbd25e3@group-3C63F6CA6DCA-SegmentedRaftLogWorker for RaftStorage:Storage Directory /workdir/hadoop-ozone/integration-test/target/test-dir/MiniOzoneClusterImpl-6087bd68-5746-4eb4-8edb-fa9a87d69ff0/datanode-2/data/ratis/a5b6df62-90c1-40c0-9a43-3c63f6ca6dca
2019-10-22 00:12:43,343 [pool-47-thread-1] INFO  server.RaftServerConfigKeys (ConfUtils.java:logGet(43)) - raft.server.log.queue.byte-limit = 2147483647 (custom)
2019-10-22 00:12:43,344 [pool-47-thread-1] INFO  server.RaftServerConfigKeys (ConfUtils.java:logGet(43)) - raft.server.log.queue.element-limit = 1024 (custom)
2019-10-22 00:12:43,344 [pool-47-thread-1] INFO  server.RaftServerConfigKeys (ConfUtils.java:logGet(43)) - raft.server.log.segment.size.max = 1048576 (custom)
2019-10-22 00:12:43,344 [pool-47-thread-1] INFO  server.RaftServerConfigKeys (ConfUtils.java:logGet(43)) - raft.server.log.preallocated.size = 16384 (custom)
2019-10-22 00:12:43,344 [pool-47-thread-1] INFO  server.RaftServerConfigKeys (ConfUtils.java:logGet(43)) - raft.server.log.write.buffer.size = 33554432 (custom)
2019-10-22 00:12:43,344 [pool-47-thread-1] INFO  server.RaftServerConfigKeys (ConfUtils.java:logGet(43)) - raft.server.log.force.sync.num = 128 (default)
2019-10-22 00:12:43,345 [pool-47-thread-1] INFO  server.RaftServerConfigKeys (ConfUtils.java:logGet(43)) - raft.server.log.statemachine.data.sync = true (default)
2019-10-22 00:12:43,345 [pool-47-thread-1] INFO  server.RaftServerConfigKeys (ConfUtils.java:logGet(43)) - raft.server.log.statemachine.data.sync.timeout = 10s (default)
2019-10-22 00:12:43,345 [pool-47-thread-1] INFO  server.RaftServerConfigKeys (ConfUtils.java:logGet(43)) - raft.server.log.statemachine.data.sync.timeout.retry = -1 (default)
2019-10-22 00:12:43,345 [pool-47-thread-1] INFO  server.RaftServerConfigKeys (ConfUtils.java:logGet(43)) - raft.server.log.statemachine.data.caching.enabled = true (custom)
2019-10-22 00:12:43,346 [pool-47-thread-1] INFO  segmented.SegmentedRaftLogWorker (SegmentedRaftLogWorker.java:lambda$new$0(128)) - 4ccfaf2e-aae8-4e87-8fab-e6f62fbd25e3@group-3C63F6CA6DCA-SegmentedRaftLogWorker: flushIndex: setUnconditionally 0 -> -1
2019-10-22 00:12:43,346 [pool-47-thread-1] INFO  server.RaftServerConfigKeys (ConfUtils.java:logGet(43)) - raft.server.snapshot.auto.trigger.enabled = true (custom)
2019-10-22 00:12:43,346 [pool-47-thread-1] INFO  server.RaftServerConfigKeys (ConfUtils.java:logGet(43)) - raft.server.snapshot.auto.trigger.threshold = 10000 (custom)
2019-10-22 00:12:43,346 [pool-47-thread-1] INFO  server.RaftServerConfigKeys (ConfUtils.java:logGet(43)) - raft.server.snapshot.retention.file.num = 5 (custom)
2019-10-22 00:12:43,347 [pool-47-thread-1] INFO  server.RaftServerConfigKeys (ConfUtils.java:logGet(43)) - raft.server.retrycache.expirytime = 600000ms (custom)
2019-10-22 00:12:43,347 [pool-47-thread-1] WARN  impl.MetricRegistriesImpl (MetricRegistriesImpl.java:lambda$create$1(61)) - First MetricRegistry has been created without registering reporters. You may need to call MetricRegistries.global().addReportRegistration(...) before.
2019-10-22 00:12:43,347 [pool-47-thread-1] WARN  impl.MetricRegistriesImpl (MetricRegistriesImpl.java:lambda$create$1(61)) - First MetricRegistry has been created without registering reporters. You may need to call MetricRegistries.global().addReportRegistration(...) before.
2019-10-22 00:12:43,348 [pool-47-thread-1] INFO  impl.RaftServerImpl (RaftServerImpl.java:start(184)) - 4ccfaf2e-aae8-4e87-8fab-e6f62fbd25e3@group-3C63F6CA6DCA: start as a follower, conf=-1: [4ccfaf2e-aae8-4e87-8fab-e6f62fbd25e3:192.168.69.94:36986], old=null
2019-10-22 00:12:43,348 [pool-47-thread-1] INFO  impl.RaftServerImpl (RaftServerImpl.java:setRole(173)) - 4ccfaf2e-aae8-4e87-8fab-e6f62fbd25e3@group-3C63F6CA6DCA: changes role from      null to FOLLOWER at term 0 for startAsFollower
2019-10-22 00:12:43,348 [pool-47-thread-1] INFO  impl.RoleInfo (RoleInfo.java:updateAndGet(143)) - 4ccfaf2e-aae8-4e87-8fab-e6f62fbd25e3: start FollowerState
2019-10-22 00:12:43,349 [pool-47-thread-1] INFO  util.JmxRegister (JmxRegister.java:tryRegister(44)) - Successfully registered JMX Bean with object name Ratis:service=RaftServer,group=group-3C63F6CA6DCA,id=4ccfaf2e-aae8-4e87-8fab-e6f62fbd25e3
2019-10-22 00:12:43,350 [pool-47-thread-1] WARN  impl.MetricRegistriesImpl (MetricRegistriesImpl.java:lambda$create$1(61)) - First MetricRegistry has been created without registering reporters. You may need to call MetricRegistries.global().addReportRegistration(...) before.
2019-10-22 00:12:43,362 [RatisPipelineUtilsThread] INFO  pipeline.PipelineStateManager (PipelineStateManager.java:addPipeline(56)) - Created pipeline Pipeline[ Id: a5b6df62-90c1-40c0-9a43-3c63f6ca6dca, Nodes: 4ccfaf2e-aae8-4e87-8fab-e6f62fbd25e3{ip: 192.168.69.94, host: pr-hdds-2278-n56mq-2983766359, networkLocation: /default-rack, certSerialId: null}, Type:RATIS, Factor:ONE, State:OPEN]
2019-10-22 00:12:43,385 [grpc-default-executor-1] INFO  impl.RaftServerProxy (RaftServerProxy.java:addNew(89)) - 4ccfaf2e-aae8-4e87-8fab-e6f62fbd25e3: addNew group-A9CC7D4C7BB1:[5bee3153-f7ec-473f-a61a-388a1f3ac093:192.168.69.94:39580, 5e7fe0a0-681e-48dc-b88f-f2277eb9af04:192.168.69.94:38061, 4ccfaf2e-aae8-4e87-8fab-e6f62fbd25e3:192.168.69.94:36986] returns group-A9CC7D4C7BB1:java.util.concurrent.CompletableFuture@2bf96f04[Not completed]
2019-10-22 00:12:43,386 [grpc-default-executor-0] INFO  impl.RaftServerProxy (RaftServerProxy.java:addNew(89)) - 5e7fe0a0-681e-48dc-b88f-f2277eb9af04: addNew group-A9CC7D4C7BB1:[5bee3153-f7ec-473f-a61a-388a1f3ac093:192.168.69.94:39580, 5e7fe0a0-681e-48dc-b88f-f2277eb9af04:192.168.69.94:38061, 4ccfaf2e-aae8-4e87-8fab-e6f62fbd25e3:192.168.69.94:36986] returns group-A9CC7D4C7BB1:java.util.concurrent.CompletableFuture@31396307[Not completed]
2019-10-22 00:12:43,386 [grpc-default-executor-1] INFO  impl.RaftServerProxy (RaftServerProxy.java:addNew(89)) - 5bee3153-f7ec-473f-a61a-388a1f3ac093: addNew group-A9CC7D4C7BB1:[5bee3153-f7ec-473f-a61a-388a1f3ac093:192.168.69.94:39580, 5e7fe0a0-681e-48dc-b88f-f2277eb9af04:192.168.69.94:38061, 4ccfaf2e-aae8-4e87-8fab-e6f62fbd25e3:192.168.69.94:36986] returns group-A9CC7D4C7BB1:java.util.concurrent.CompletableFuture@47706f10[Not completed]
2019-10-22 00:12:43,387 [pool-47-thread-1] INFO  impl.RaftServerImpl (RaftServerImpl.java:<init>(98)) - 4ccfaf2e-aae8-4e87-8fab-e6f62fbd25e3: new RaftServerImpl for group-A9CC7D4C7BB1:[5bee3153-f7ec-473f-a61a-388a1f3ac093:192.168.69.94:39580, 5e7fe0a0-681e-48dc-b88f-f2277eb9af04:192.168.69.94:38061, 4ccfaf2e-aae8-4e87-8fab-e6f62fbd25e3:192.168.69.94:36986] with ContainerStateMachine:uninitialized
2019-10-22 00:12:43,387 [pool-47-thread-1] INFO  server.RaftServerConfigKeys (ConfUtils.java:logGet(43)) - raft.server.rpc.timeout.min = 5s (custom)
2019-10-22 00:12:43,387 [pool-47-thread-1] INFO  server.RaftServerConfigKeys (ConfUtils.java:logGet(43)) - raft.server.rpc.timeout.max = 5200ms (custom)
2019-10-22 00:12:43,387 [pool-47-thread-1] INFO  server.RaftServerConfigKeys (ConfUtils.java:logGet(43)) - raft.server.rpcslowness.timeout = 1000s (custom)
2019-10-22 00:12:43,387 [pool-47-thread-1] INFO  server.RaftServerConfigKeys (ConfUtils.java:logGet(43)) - raft.server.sleep.deviation.threshold = 300 (default)
2019-10-22 00:12:43,387 [pool-47-thread-1] INFO  server.RaftServerConfigKeys (ConfUtils.java:logGet(43)) - raft.server.log.appender.install.snapshot.enabled = false (custom)
2019-10-22 00:12:43,387 [pool-47-thread-1] INFO  impl.RaftServerImpl (ServerState.java:<init>(103)) - 4ccfaf2e-aae8-4e87-8fab-e6f62fbd25e3@group-A9CC7D4C7BB1: ConfigurationManager, init=-1: [5bee3153-f7ec-473f-a61a-388a1f3ac093:192.168.69.94:39580, 5e7fe0a0-681e-48dc-b88f-f2277eb9af04:192.168.69.94:38061, 4ccfaf2e-aae8-4e87-8fab-e6f62fbd25e3:192.168.69.94:36986], old=null, confs=<EMPTY_MAP>
2019-10-22 00:12:43,388 [pool-27-thread-1] INFO  impl.RaftServerImpl (RaftServerImpl.java:<init>(98)) - 5e7fe0a0-681e-48dc-b88f-f2277eb9af04: new RaftServerImpl for group-A9CC7D4C7BB1:[5bee3153-f7ec-473f-a61a-388a1f3ac093:192.168.69.94:39580, 5e7fe0a0-681e-48dc-b88f-f2277eb9af04:192.168.69.94:38061, 4ccfaf2e-aae8-4e87-8fab-e6f62fbd25e3:192.168.69.94:36986] with ContainerStateMachine:uninitialized
2019-10-22 00:12:43,388 [pool-47-thread-1] INFO  server.RaftServerConfigKeys (ConfUtils.java:logGet(43)) - raft.server.storage.dir = [/workdir/hadoop-ozone/integration-test/target/test-dir/MiniOzoneClusterImpl-6087bd68-5746-4eb4-8edb-fa9a87d69ff0/datanode-2/data/ratis] (custom)
2019-10-22 00:12:43,388 [pool-27-thread-1] INFO  server.RaftServerConfigKeys (ConfUtils.java:logGet(43)) - raft.server.rpc.timeout.min = 5s (custom)
2019-10-22 00:12:43,388 [pool-27-thread-1] INFO  server.RaftServerConfigKeys (ConfUtils.java:logGet(43)) - raft.server.rpc.timeout.max = 5200ms (custom)
2019-10-22 00:12:43,388 [pool-47-thread-1] INFO  server.RaftServerConfigKeys (ConfUtils.java:logGet(43)) - raft.server.log.corruption.policy = EXCEPTION (default)
2019-10-22 00:12:43,388 [pool-27-thread-1] INFO  server.RaftServerConfigKeys (ConfUtils.java:logGet(43)) - raft.server.rpcslowness.timeout = 1000s (custom)
2019-10-22 00:12:43,388 [pool-27-thread-1] INFO  server.RaftServerConfigKeys (ConfUtils.java:logGet(43)) - raft.server.sleep.deviation.threshold = 300 (default)
2019-10-22 00:12:43,388 [pool-47-thread-1] INFO  storage.RaftStorageDirectory (RaftStorageDirectory.java:analyzeStorage(246)) - The storage directory /workdir/hadoop-ozone/integration-test/target/test-dir/MiniOzoneClusterImpl-6087bd68-5746-4eb4-8edb-fa9a87d69ff0/datanode-2/data/ratis/44ab1779-0be6-441a-9037-a9cc7d4c7bb1 does not exist. Creating ...
2019-10-22 00:12:43,388 [pool-27-thread-1] INFO  server.RaftServerConfigKeys (ConfUtils.java:logGet(43)) - raft.server.log.appender.install.snapshot.enabled = false (custom)
2019-10-22 00:12:43,388 [pool-27-thread-1] INFO  impl.RaftServerImpl (ServerState.java:<init>(103)) - 5e7fe0a0-681e-48dc-b88f-f2277eb9af04@group-A9CC7D4C7BB1: ConfigurationManager, init=-1: [5bee3153-f7ec-473f-a61a-388a1f3ac093:192.168.69.94:39580, 5e7fe0a0-681e-48dc-b88f-f2277eb9af04:192.168.69.94:38061, 4ccfaf2e-aae8-4e87-8fab-e6f62fbd25e3:192.168.69.94:36986], old=null, confs=<EMPTY_MAP>
2019-10-22 00:12:43,389 [pool-37-thread-1] INFO  impl.RaftServerImpl (RaftServerImpl.java:<init>(98)) - 5bee3153-f7ec-473f-a61a-388a1f3ac093: new RaftServerImpl for group-A9CC7D4C7BB1:[5bee3153-f7ec-473f-a61a-388a1f3ac093:192.168.69.94:39580, 5e7fe0a0-681e-48dc-b88f-f2277eb9af04:192.168.69.94:38061, 4ccfaf2e-aae8-4e87-8fab-e6f62fbd25e3:192.168.69.94:36986] with ContainerStateMachine:uninitialized
2019-10-22 00:12:43,389 [pool-27-thread-1] INFO  server.RaftServerConfigKeys (ConfUtils.java:logGet(43)) - raft.server.storage.dir = [/workdir/hadoop-ozone/integration-test/target/test-dir/MiniOzoneClusterImpl-6087bd68-5746-4eb4-8edb-fa9a87d69ff0/datanode-0/data/ratis] (custom)
2019-10-22 00:12:43,389 [pool-37-thread-1] INFO  server.RaftServerConfigKeys (ConfUtils.java:logGet(43)) - raft.server.rpc.timeout.min = 5s (custom)
2019-10-22 00:12:43,389 [pool-37-thread-1] INFO  server.RaftServerConfigKeys (ConfUtils.java:logGet(43)) - raft.server.rpc.timeout.max = 5200ms (custom)
2019-10-22 00:12:43,389 [pool-27-thread-1] INFO  server.RaftServerConfigKeys (ConfUtils.java:logGet(43)) - raft.server.log.corruption.policy = EXCEPTION (default)
2019-10-22 00:12:43,389 [pool-37-thread-1] INFO  server.RaftServerConfigKeys (ConfUtils.java:logGet(43)) - raft.server.rpcslowness.timeout = 1000s (custom)
2019-10-22 00:12:43,389 [pool-27-thread-1] INFO  storage.RaftStorageDirectory (RaftStorageDirectory.java:analyzeStorage(246)) - The storage directory /workdir/hadoop-ozone/integration-test/target/test-dir/MiniOzoneClusterImpl-6087bd68-5746-4eb4-8edb-fa9a87d69ff0/datanode-0/data/ratis/44ab1779-0be6-441a-9037-a9cc7d4c7bb1 does not exist. Creating ...
2019-10-22 00:12:43,389 [pool-37-thread-1] INFO  server.RaftServerConfigKeys (ConfUtils.java:logGet(43)) - raft.server.sleep.deviation.threshold = 300 (default)
2019-10-22 00:12:43,389 [pool-37-thread-1] INFO  server.RaftServerConfigKeys (ConfUtils.java:logGet(43)) - raft.server.log.appender.install.snapshot.enabled = false (custom)
2019-10-22 00:12:43,389 [pool-37-thread-1] INFO  impl.RaftServerImpl (ServerState.java:<init>(103)) - 5bee3153-f7ec-473f-a61a-388a1f3ac093@group-A9CC7D4C7BB1: ConfigurationManager, init=-1: [5bee3153-f7ec-473f-a61a-388a1f3ac093:192.168.69.94:39580, 5e7fe0a0-681e-48dc-b88f-f2277eb9af04:192.168.69.94:38061, 4ccfaf2e-aae8-4e87-8fab-e6f62fbd25e3:192.168.69.94:36986], old=null, confs=<EMPTY_MAP>
2019-10-22 00:12:43,390 [pool-37-thread-1] INFO  server.RaftServerConfigKeys (ConfUtils.java:logGet(43)) - raft.server.storage.dir = [/workdir/hadoop-ozone/integration-test/target/test-dir/MiniOzoneClusterImpl-6087bd68-5746-4eb4-8edb-fa9a87d69ff0/datanode-1/data/ratis] (custom)
2019-10-22 00:12:43,390 [pool-37-thread-1] INFO  server.RaftServerConfigKeys (ConfUtils.java:logGet(43)) - raft.server.log.corruption.policy = EXCEPTION (default)
2019-10-22 00:12:43,390 [pool-37-thread-1] INFO  storage.RaftStorageDirectory (RaftStorageDirectory.java:analyzeStorage(246)) - The storage directory /workdir/hadoop-ozone/integration-test/target/test-dir/MiniOzoneClusterImpl-6087bd68-5746-4eb4-8edb-fa9a87d69ff0/datanode-1/data/ratis/44ab1779-0be6-441a-9037-a9cc7d4c7bb1 does not exist. Creating ...
2019-10-22 00:12:43,394 [pool-27-thread-1] INFO  storage.RaftStorageDirectory (RaftStorageDirectory.java:tryLock(328)) - Lock on /workdir/hadoop-ozone/integration-test/target/test-dir/MiniOzoneClusterImpl-6087bd68-5746-4eb4-8edb-fa9a87d69ff0/datanode-0/data/ratis/44ab1779-0be6-441a-9037-a9cc7d4c7bb1/in_use.lock acquired by nodename 8911@pr-hdds-2278-n56mq-2983766359
2019-10-22 00:12:43,394 [pool-47-thread-1] INFO  storage.RaftStorageDirectory (RaftStorageDirectory.java:tryLock(328)) - Lock on /workdir/hadoop-ozone/integration-test/target/test-dir/MiniOzoneClusterImpl-6087bd68-5746-4eb4-8edb-fa9a87d69ff0/datanode-2/data/ratis/44ab1779-0be6-441a-9037-a9cc7d4c7bb1/in_use.lock acquired by nodename 8911@pr-hdds-2278-n56mq-2983766359
2019-10-22 00:12:43,396 [pool-37-thread-1] INFO  storage.RaftStorageDirectory (RaftStorageDirectory.java:tryLock(328)) - Lock on /workdir/hadoop-ozone/integration-test/target/test-dir/MiniOzoneClusterImpl-6087bd68-5746-4eb4-8edb-fa9a87d69ff0/datanode-1/data/ratis/44ab1779-0be6-441a-9037-a9cc7d4c7bb1/in_use.lock acquired by nodename 8911@pr-hdds-2278-n56mq-2983766359
2019-10-22 00:12:43,409 [pool-47-thread-1] INFO  storage.RaftStorage (RaftStorage.java:format(84)) - Storage directory /workdir/hadoop-ozone/integration-test/target/test-dir/MiniOzoneClusterImpl-6087bd68-5746-4eb4-8edb-fa9a87d69ff0/datanode-2/data/ratis/44ab1779-0be6-441a-9037-a9cc7d4c7bb1 has been successfully formatted.
2019-10-22 00:12:43,409 [pool-27-thread-1] INFO  storage.RaftStorage (RaftStorage.java:format(84)) - Storage directory /workdir/hadoop-ozone/integration-test/target/test-dir/MiniOzoneClusterImpl-6087bd68-5746-4eb4-8edb-fa9a87d69ff0/datanode-0/data/ratis/44ab1779-0be6-441a-9037-a9cc7d4c7bb1 has been successfully formatted.
2019-10-22 00:12:43,410 [pool-47-thread-1] INFO  ratis.ContainerStateMachine (ContainerStateMachine.java:loadSnapshot(231)) - group-A9CC7D4C7BB1: The snapshot info is null. Setting the last applied indexto:(t:0, i:~)
2019-10-22 00:12:43,410 [pool-27-thread-1] INFO  ratis.ContainerStateMachine (ContainerStateMachine.java:loadSnapshot(231)) - group-A9CC7D4C7BB1: The snapshot info is null. Setting the last applied indexto:(t:0, i:~)
2019-10-22 00:12:43,410 [pool-47-thread-1] INFO  server.RaftServerConfigKeys (ConfUtils.java:logGet(43)) - raft.server.notification.no-leader.timeout = 1000s (custom)
2019-10-22 00:12:43,410 [pool-27-thread-1] INFO  server.RaftServerConfigKeys (ConfUtils.java:logGet(43)) - raft.server.notification.no-leader.timeout = 1000s (custom)
2019-10-22 00:12:43,410 [pool-47-thread-1] INFO  server.RaftServerConfigKeys (ConfUtils.java:logGet(43)) - raft.server.log.use.memory = false (default)
2019-10-22 00:12:43,410 [pool-27-thread-1] INFO  server.RaftServerConfigKeys (ConfUtils.java:logGet(43)) - raft.server.log.use.memory = false (default)
2019-10-22 00:12:43,410 [pool-47-thread-1] INFO  server.RaftServerConfigKeys (ConfUtils.java:logGet(43)) - raft.server.log.purge.gap = 1000000 (custom)
2019-10-22 00:12:43,410 [pool-27-thread-1] INFO  server.RaftServerConfigKeys (ConfUtils.java:logGet(43)) - raft.server.log.purge.gap = 1000000 (custom)
2019-10-22 00:12:43,411 [pool-47-thread-1] INFO  server.RaftServerConfigKeys (ConfUtils.java:logGet(43)) - raft.server.log.appender.buffer.byte-limit = 33554432 (custom)
2019-10-22 00:12:43,411 [pool-27-thread-1] INFO  server.RaftServerConfigKeys (ConfUtils.java:logGet(43)) - raft.server.log.appender.buffer.byte-limit = 33554432 (custom)
2019-10-22 00:12:43,411 [pool-47-thread-1] INFO  server.RaftServerConfigKeys (ConfUtils.java:logGet(43)) - raft.server.log.segment.size.max = 1048576 (custom)
2019-10-22 00:12:43,411 [pool-27-thread-1] INFO  server.RaftServerConfigKeys (ConfUtils.java:logGet(43)) - raft.server.log.segment.size.max = 1048576 (custom)
2019-10-22 00:12:43,411 [pool-47-thread-1] INFO  server.RaftServerConfigKeys (ConfUtils.java:logGet(43)) - raft.server.log.segment.cache.num.max = 2 (custom)
2019-10-22 00:12:43,411 [pool-27-thread-1] INFO  server.RaftServerConfigKeys (ConfUtils.java:logGet(43)) - raft.server.log.segment.cache.num.max = 2 (custom)
2019-10-22 00:12:43,411 [pool-47-thread-1] INFO  segmented.SegmentedRaftLogWorker (SegmentedRaftLogWorker.java:<init>(173)) - new 4ccfaf2e-aae8-4e87-8fab-e6f62fbd25e3@group-A9CC7D4C7BB1-SegmentedRaftLogWorker for RaftStorage:Storage Directory /workdir/hadoop-ozone/integration-test/target/test-dir/MiniOzoneClusterImpl-6087bd68-5746-4eb4-8edb-fa9a87d69ff0/datanode-2/data/ratis/44ab1779-0be6-441a-9037-a9cc7d4c7bb1
2019-10-22 00:12:43,411 [pool-37-thread-1] INFO  storage.RaftStorage (RaftStorage.java:format(84)) - Storage directory /workdir/hadoop-ozone/integration-test/target/test-dir/MiniOzoneClusterImpl-6087bd68-5746-4eb4-8edb-fa9a87d69ff0/datanode-1/data/ratis/44ab1779-0be6-441a-9037-a9cc7d4c7bb1 has been successfully formatted.
2019-10-22 00:12:43,411 [pool-47-thread-1] INFO  server.RaftServerConfigKeys (ConfUtils.java:logGet(43)) - raft.server.log.queue.byte-limit = 2147483647 (custom)
2019-10-22 00:12:43,411 [pool-27-thread-1] INFO  segmented.SegmentedRaftLogWorker (SegmentedRaftLogWorker.java:<init>(173)) - new 5e7fe0a0-681e-48dc-b88f-f2277eb9af04@group-A9CC7D4C7BB1-SegmentedRaftLogWorker for RaftStorage:Storage Directory /workdir/hadoop-ozone/integration-test/target/test-dir/MiniOzoneClusterImpl-6087bd68-5746-4eb4-8edb-fa9a87d69ff0/datanode-0/data/ratis/44ab1779-0be6-441a-9037-a9cc7d4c7bb1
2019-10-22 00:12:43,412 [pool-37-thread-1] INFO  ratis.ContainerStateMachine (ContainerStateMachine.java:loadSnapshot(231)) - group-A9CC7D4C7BB1: The snapshot info is null. Setting the last applied indexto:(t:0, i:~)
2019-10-22 00:12:43,411 [pool-47-thread-1] INFO  server.RaftServerConfigKeys (ConfUtils.java:logGet(43)) - raft.server.log.queue.element-limit = 1024 (custom)
2019-10-22 00:12:43,412 [pool-37-thread-1] INFO  server.RaftServerConfigKeys (ConfUtils.java:logGet(43)) - raft.server.notification.no-leader.timeout = 1000s (custom)
2019-10-22 00:12:43,412 [pool-27-thread-1] INFO  server.RaftServerConfigKeys (ConfUtils.java:logGet(43)) - raft.server.log.queue.byte-limit = 2147483647 (custom)
2019-10-22 00:12:43,412 [pool-37-thread-1] INFO  server.RaftServerConfigKeys (ConfUtils.java:logGet(43)) - raft.server.log.use.memory = false (default)
2019-10-22 00:12:43,412 [pool-47-thread-1] INFO  server.RaftServerConfigKeys (ConfUtils.java:logGet(43)) - raft.server.log.segment.size.max = 1048576 (custom)
2019-10-22 00:12:43,412 [pool-37-thread-1] INFO  server.RaftServerConfigKeys (ConfUtils.java:logGet(43)) - raft.server.log.purge.gap = 1000000 (custom)
2019-10-22 00:12:43,412 [pool-27-thread-1] INFO  server.RaftServerConfigKeys (ConfUtils.java:logGet(43)) - raft.server.log.queue.element-limit = 1024 (custom)
2019-10-22 00:12:43,412 [pool-37-thread-1] INFO  server.RaftServerConfigKeys (ConfUtils.java:logGet(43)) - raft.server.log.appender.buffer.byte-limit = 33554432 (custom)
2019-10-22 00:12:43,412 [pool-47-thread-1] INFO  server.RaftServerConfigKeys (ConfUtils.java:logGet(43)) - raft.server.log.preallocated.size = 16384 (custom)
2019-10-22 00:12:43,413 [pool-47-thread-1] INFO  server.RaftServerConfigKeys (ConfUtils.java:logGet(43)) - raft.server.log.write.buffer.size = 33554432 (custom)
2019-10-22 00:12:43,413 [pool-37-thread-1] INFO  server.RaftServerConfigKeys (ConfUtils.java:logGet(43)) - raft.server.log.segment.size.max = 1048576 (custom)
2019-10-22 00:12:43,412 [pool-27-thread-1] INFO  server.RaftServerConfigKeys (ConfUtils.java:logGet(43)) - raft.server.log.segment.size.max = 1048576 (custom)
2019-10-22 00:12:43,413 [pool-37-thread-1] INFO  server.RaftServerConfigKeys (ConfUtils.java:logGet(43)) - raft.server.log.segment.cache.num.max = 2 (custom)
2019-10-22 00:12:43,413 [pool-47-thread-1] INFO  server.RaftServerConfigKeys (ConfUtils.java:logGet(43)) - raft.server.log.force.sync.num = 128 (default)
2019-10-22 00:12:43,413 [pool-37-thread-1] INFO  segmented.SegmentedRaftLogWorker (SegmentedRaftLogWorker.java:<init>(173)) - new 5bee3153-f7ec-473f-a61a-388a1f3ac093@group-A9CC7D4C7BB1-SegmentedRaftLogWorker for RaftStorage:Storage Directory /workdir/hadoop-ozone/integration-test/target/test-dir/MiniOzoneClusterImpl-6087bd68-5746-4eb4-8edb-fa9a87d69ff0/datanode-1/data/ratis/44ab1779-0be6-441a-9037-a9cc7d4c7bb1
2019-10-22 00:12:43,413 [pool-27-thread-1] INFO  server.RaftServerConfigKeys (ConfUtils.java:logGet(43)) - raft.server.log.preallocated.size = 16384 (custom)
2019-10-22 00:12:43,413 [pool-37-thread-1] INFO  server.RaftServerConfigKeys (ConfUtils.java:logGet(43)) - raft.server.log.queue.byte-limit = 2147483647 (custom)
2019-10-22 00:12:43,413 [pool-47-thread-1] INFO  server.RaftServerConfigKeys (ConfUtils.java:logGet(43)) - raft.server.log.statemachine.data.sync = true (default)
2019-10-22 00:12:43,413 [pool-37-thread-1] INFO  server.RaftServerConfigKeys (ConfUtils.java:logGet(43)) - raft.server.log.queue.element-limit = 1024 (custom)
2019-10-22 00:12:43,413 [pool-27-thread-1] INFO  server.RaftServerConfigKeys (ConfUtils.java:logGet(43)) - raft.server.log.write.buffer.size = 33554432 (custom)
2019-10-22 00:12:43,414 [pool-37-thread-1] INFO  server.RaftServerConfigKeys (ConfUtils.java:logGet(43)) - raft.server.log.segment.size.max = 1048576 (custom)
2019-10-22 00:12:43,414 [pool-47-thread-1] INFO  server.RaftServerConfigKeys (ConfUtils.java:logGet(43)) - raft.server.log.statemachine.data.sync.timeout = 10s (default)
2019-10-22 00:12:43,414 [pool-37-thread-1] INFO  server.RaftServerConfigKeys (ConfUtils.java:logGet(43)) - raft.server.log.preallocated.size = 16384 (custom)
2019-10-22 00:12:43,414 [pool-27-thread-1] INFO  server.RaftServerConfigKeys (ConfUtils.java:logGet(43)) - raft.server.log.force.sync.num = 128 (default)
2019-10-22 00:12:43,414 [pool-37-thread-1] INFO  server.RaftServerConfigKeys (ConfUtils.java:logGet(43)) - raft.server.log.write.buffer.size = 33554432 (custom)
2019-10-22 00:12:43,414 [pool-47-thread-1] INFO  server.RaftServerConfigKeys (ConfUtils.java:logGet(43)) - raft.server.log.statemachine.data.sync.timeout.retry = -1 (default)
2019-10-22 00:12:43,414 [pool-37-thread-1] INFO  server.RaftServerConfigKeys (ConfUtils.java:logGet(43)) - raft.server.log.force.sync.num = 128 (default)
2019-10-22 00:12:43,414 [pool-27-thread-1] INFO  server.RaftServerConfigKeys (ConfUtils.java:logGet(43)) - raft.server.log.statemachine.data.sync = true (default)
2019-10-22 00:12:43,414 [pool-47-thread-1] INFO  server.RaftServerConfigKeys (ConfUtils.java:logGet(43)) - raft.server.log.statemachine.data.caching.enabled = true (custom)
2019-10-22 00:12:43,414 [pool-37-thread-1] INFO  server.RaftServerConfigKeys (ConfUtils.java:logGet(43)) - raft.server.log.statemachine.data.sync = true (default)
2019-10-22 00:12:43,415 [pool-27-thread-1] INFO  server.RaftServerConfigKeys (ConfUtils.java:logGet(43)) - raft.server.log.statemachine.data.sync.timeout = 10s (default)
2019-10-22 00:12:43,415 [pool-47-thread-1] INFO  segmented.SegmentedRaftLogWorker (SegmentedRaftLogWorker.java:lambda$new$0(128)) - 4ccfaf2e-aae8-4e87-8fab-e6f62fbd25e3@group-A9CC7D4C7BB1-SegmentedRaftLogWorker: flushIndex: setUnconditionally 0 -> -1
2019-10-22 00:12:43,415 [pool-37-thread-1] INFO  server.RaftServerConfigKeys (ConfUtils.java:logGet(43)) - raft.server.log.statemachine.data.sync.timeout = 10s (default)
2019-10-22 00:12:43,415 [pool-27-thread-1] INFO  server.RaftServerConfigKeys (ConfUtils.java:logGet(43)) - raft.server.log.statemachine.data.sync.timeout.retry = -1 (default)
2019-10-22 00:12:43,415 [pool-47-thread-1] INFO  server.RaftServerConfigKeys (ConfUtils.java:logGet(43)) - raft.server.snapshot.auto.trigger.enabled = true (custom)
2019-10-22 00:12:43,415 [pool-37-thread-1] INFO  server.RaftServerConfigKeys (ConfUtils.java:logGet(43)) - raft.server.log.statemachine.data.sync.timeout.retry = -1 (default)
2019-10-22 00:12:43,415 [pool-27-thread-1] INFO  server.RaftServerConfigKeys (ConfUtils.java:logGet(43)) - raft.server.log.statemachine.data.caching.enabled = true (custom)
2019-10-22 00:12:43,415 [pool-47-thread-1] INFO  server.RaftServerConfigKeys (ConfUtils.java:logGet(43)) - raft.server.snapshot.auto.trigger.threshold = 10000 (custom)
2019-10-22 00:12:43,415 [pool-37-thread-1] INFO  server.RaftServerConfigKeys (ConfUtils.java:logGet(43)) - raft.server.log.statemachine.data.caching.enabled = true (custom)
2019-10-22 00:12:43,416 [pool-27-thread-1] INFO  segmented.SegmentedRaftLogWorker (SegmentedRaftLogWorker.java:lambda$new$0(128)) - 5e7fe0a0-681e-48dc-b88f-f2277eb9af04@group-A9CC7D4C7BB1-SegmentedRaftLogWorker: flushIndex: setUnconditionally 0 -> -1
2019-10-22 00:12:43,415 [pool-47-thread-1] INFO  server.RaftServerConfigKeys (ConfUtils.java:logGet(43)) - raft.server.snapshot.retention.file.num = 5 (custom)
2019-10-22 00:12:43,416 [pool-37-thread-1] INFO  segmented.SegmentedRaftLogWorker (SegmentedRaftLogWorker.java:lambda$new$0(128)) - 5bee3153-f7ec-473f-a61a-388a1f3ac093@group-A9CC7D4C7BB1-SegmentedRaftLogWorker: flushIndex: setUnconditionally 0 -> -1
2019-10-22 00:12:43,416 [pool-47-thread-1] INFO  server.RaftServerConfigKeys (ConfUtils.java:logGet(43)) - raft.server.retrycache.expirytime = 600000ms (custom)
2019-10-22 00:12:43,416 [pool-27-thread-1] INFO  server.RaftServerConfigKeys (ConfUtils.java:logGet(43)) - raft.server.snapshot.auto.trigger.enabled = true (custom)
2019-10-22 00:12:43,416 [pool-47-thread-1] WARN  impl.MetricRegistriesImpl (MetricRegistriesImpl.java:lambda$create$1(61)) - First MetricRegistry has been created without registering reporters. You may need to call MetricRegistries.global().addReportRegistration(...) before.
2019-10-22 00:12:43,416 [pool-37-thread-1] INFO  server.RaftServerConfigKeys (ConfUtils.java:logGet(43)) - raft.server.snapshot.auto.trigger.enabled = true (custom)
2019-10-22 00:12:43,416 [pool-47-thread-1] WARN  impl.MetricRegistriesImpl (MetricRegistriesImpl.java:lambda$create$1(61)) - First MetricRegistry has been created without registering reporters. You may need to call MetricRegistries.global().addReportRegistration(...) before.
2019-10-22 00:12:43,416 [pool-27-thread-1] INFO  server.RaftServerConfigKeys (ConfUtils.java:logGet(43)) - raft.server.snapshot.auto.trigger.threshold = 10000 (custom)
2019-10-22 00:12:43,416 [pool-37-thread-1] INFO  server.RaftServerConfigKeys (ConfUtils.java:logGet(43)) - raft.server.snapshot.auto.trigger.threshold = 10000 (custom)
2019-10-22 00:12:43,417 [pool-27-thread-1] INFO  server.RaftServerConfigKeys (ConfUtils.java:logGet(43)) - raft.server.snapshot.retention.file.num = 5 (custom)
2019-10-22 00:12:43,417 [pool-47-thread-1] INFO  impl.RaftServerImpl (RaftServerImpl.java:start(184)) - 4ccfaf2e-aae8-4e87-8fab-e6f62fbd25e3@group-A9CC7D4C7BB1: start as a follower, conf=-1: [5bee3153-f7ec-473f-a61a-388a1f3ac093:192.168.69.94:39580, 5e7fe0a0-681e-48dc-b88f-f2277eb9af04:192.168.69.94:38061, 4ccfaf2e-aae8-4e87-8fab-e6f62fbd25e3:192.168.69.94:36986], old=null
2019-10-22 00:12:43,417 [pool-37-thread-1] INFO  server.RaftServerConfigKeys (ConfUtils.java:logGet(43)) - raft.server.snapshot.retention.file.num = 5 (custom)
2019-10-22 00:12:43,417 [pool-47-thread-1] INFO  impl.RaftServerImpl (RaftServerImpl.java:setRole(173)) - 4ccfaf2e-aae8-4e87-8fab-e6f62fbd25e3@group-A9CC7D4C7BB1: changes role from      null to FOLLOWER at term 0 for startAsFollower
2019-10-22 00:12:43,417 [pool-27-thread-1] INFO  server.RaftServerConfigKeys (ConfUtils.java:logGet(43)) - raft.server.retrycache.expirytime = 600000ms (custom)
2019-10-22 00:12:43,417 [pool-47-thread-1] INFO  impl.RoleInfo (RoleInfo.java:updateAndGet(143)) - 4ccfaf2e-aae8-4e87-8fab-e6f62fbd25e3: start FollowerState
2019-10-22 00:12:43,417 [pool-37-thread-1] INFO  server.RaftServerConfigKeys (ConfUtils.java:logGet(43)) - raft.server.retrycache.expirytime = 600000ms (custom)
2019-10-22 00:12:43,417 [pool-27-thread-1] WARN  impl.MetricRegistriesImpl (MetricRegistriesImpl.java:lambda$create$1(61)) - First MetricRegistry has been created without registering reporters. You may need to call MetricRegistries.global().addReportRegistration(...) before.
2019-10-22 00:12:43,417 [pool-37-thread-1] WARN  impl.MetricRegistriesImpl (MetricRegistriesImpl.java:lambda$create$1(61)) - First MetricRegistry has been created without registering reporters. You may need to call MetricRegistries.global().addReportRegistration(...) before.
2019-10-22 00:12:43,417 [pool-47-thread-1] INFO  util.JmxRegister (JmxRegister.java:tryRegister(44)) - Successfully registered JMX Bean with object name Ratis:service=RaftServer,group=group-A9CC7D4C7BB1,id=4ccfaf2e-aae8-4e87-8fab-e6f62fbd25e3
2019-10-22 00:12:43,418 [pool-47-thread-1] WARN  impl.MetricRegistriesImpl (MetricRegistriesImpl.java:lambda$create$1(61)) - First MetricRegistry has been created without registering reporters. You may need to call MetricRegistries.global().addReportRegistration(...) before.
2019-10-22 00:12:43,417 [pool-27-thread-1] WARN  impl.MetricRegistriesImpl (MetricRegistriesImpl.java:lambda$create$1(61)) - First MetricRegistry has been created without registering reporters. You may need to call MetricRegistries.global().addReportRegistration(...) before.
2019-10-22 00:12:43,417 [pool-37-thread-1] WARN  impl.MetricRegistriesImpl (MetricRegistriesImpl.java:lambda$create$1(61)) - First MetricRegistry has been created without registering reporters. You may need to call MetricRegistries.global().addReportRegistration(...) before.
2019-10-22 00:12:43,418 [pool-27-thread-1] INFO  impl.RaftServerImpl (RaftServerImpl.java:start(184)) - 5e7fe0a0-681e-48dc-b88f-f2277eb9af04@group-A9CC7D4C7BB1: start as a follower, conf=-1: [5bee3153-f7ec-473f-a61a-388a1f3ac093:192.168.69.94:39580, 5e7fe0a0-681e-48dc-b88f-f2277eb9af04:192.168.69.94:38061, 4ccfaf2e-aae8-4e87-8fab-e6f62fbd25e3:192.168.69.94:36986], old=null
2019-10-22 00:12:43,418 [pool-37-thread-1] INFO  impl.RaftServerImpl (RaftServerImpl.java:start(184)) - 5bee3153-f7ec-473f-a61a-388a1f3ac093@group-A9CC7D4C7BB1: start as a follower, conf=-1: [5bee3153-f7ec-473f-a61a-388a1f3ac093:192.168.69.94:39580, 5e7fe0a0-681e-48dc-b88f-f2277eb9af04:192.168.69.94:38061, 4ccfaf2e-aae8-4e87-8fab-e6f62fbd25e3:192.168.69.94:36986], old=null
2019-10-22 00:12:43,418 [pool-27-thread-1] INFO  impl.RaftServerImpl (RaftServerImpl.java:setRole(173)) - 5e7fe0a0-681e-48dc-b88f-f2277eb9af04@group-A9CC7D4C7BB1: changes role from      null to FOLLOWER at term 0 for startAsFollower
2019-10-22 00:12:43,418 [pool-37-thread-1] INFO  impl.RaftServerImpl (RaftServerImpl.java:setRole(173)) - 5bee3153-f7ec-473f-a61a-388a1f3ac093@group-A9CC7D4C7BB1: changes role from      null to FOLLOWER at term 0 for startAsFollower
2019-10-22 00:12:43,418 [pool-27-thread-1] INFO  impl.RoleInfo (RoleInfo.java:updateAndGet(143)) - 5e7fe0a0-681e-48dc-b88f-f2277eb9af04: start FollowerState
2019-10-22 00:12:43,419 [pool-37-thread-1] INFO  impl.RoleInfo (RoleInfo.java:updateAndGet(143)) - 5bee3153-f7ec-473f-a61a-388a1f3ac093: start FollowerState
2019-10-22 00:12:43,420 [pool-27-thread-1] INFO  util.JmxRegister (JmxRegister.java:tryRegister(44)) - Successfully registered JMX Bean with object name Ratis:service=RaftServer,group=group-A9CC7D4C7BB1,id=5e7fe0a0-681e-48dc-b88f-f2277eb9af04
2019-10-22 00:12:43,420 [pool-27-thread-1] WARN  impl.MetricRegistriesImpl (MetricRegistriesImpl.java:lambda$create$1(61)) - First MetricRegistry has been created without registering reporters. You may need to call MetricRegistries.global().addReportRegistration(...) before.
2019-10-22 00:12:43,420 [pool-37-thread-1] INFO  util.JmxRegister (JmxRegister.java:tryRegister(44)) - Successfully registered JMX Bean with object name Ratis:service=RaftServer,group=group-A9CC7D4C7BB1,id=5bee3153-f7ec-473f-a61a-388a1f3ac093
2019-10-22 00:12:43,421 [pool-37-thread-1] WARN  impl.MetricRegistriesImpl (MetricRegistriesImpl.java:lambda$create$1(61)) - First MetricRegistry has been created without registering reporters. You may need to call MetricRegistries.global().addReportRegistration(...) before.
2019-10-22 00:12:43,434 [RatisPipelineUtilsThread] INFO  pipeline.PipelineStateManager (PipelineStateManager.java:addPipeline(56)) - Created pipeline Pipeline[ Id: 44ab1779-0be6-441a-9037-a9cc7d4c7bb1, Nodes: 5bee3153-f7ec-473f-a61a-388a1f3ac093{ip: 192.168.69.94, host: pr-hdds-2278-n56mq-2983766359, networkLocation: /default-rack, certSerialId: null}5e7fe0a0-681e-48dc-b88f-f2277eb9af04{ip: 192.168.69.94, host: pr-hdds-2278-n56mq-2983766359, networkLocation: /default-rack, certSerialId: null}4ccfaf2e-aae8-4e87-8fab-e6f62fbd25e3{ip: 192.168.69.94, host: pr-hdds-2278-n56mq-2983766359, networkLocation: /default-rack, certSerialId: null}, Type:RATIS, Factor:THREE, State:OPEN]
2019-10-22 00:12:43,681 [main] INFO  ozone.MiniOzoneClusterImpl (MiniOzoneClusterImpl.java:lambda$waitForClusterToBeReady$0(147)) - Cluster is ready. Got 3 of 3 DN Heartbeats.
2019-10-22 00:12:44,115 [main] INFO  rpc.RpcClient (RpcClient.java:createVolume(272)) - Creating Volume: testcontainerstatemachinefailures, with jenkins1000 as owner.
2019-10-22 00:12:44,229 [IPC Server handler 1 on 43960] INFO  volume.OMVolumeCreateRequest (OMVolumeCreateRequest.java:validateAndUpdateCache(193)) - created volume:testcontainerstatemachinefailures for user:jenkins1000
2019-10-22 00:12:44,249 [main] INFO  rpc.RpcClient (RpcClient.java:createBucket(411)) - Creating Bucket: testcontainerstatemachinefailures/testcontainerstatemachinefailures, with Versioning false and Storage Type set to DISK and Encryption set to false 
2019-10-22 00:12:44,534 [IPC Server handler 0 on 45771] INFO  server.SCMBlockProtocolServer (SCMBlockProtocolServer.java:allocateBlock(179)) - Allocating 1 blocks of size 4194304, with ExcludeList {datanodes = [], containerIds = [], pipelineIds = []}
2019-10-22 00:12:44,602 [main] INFO  impl.MetricsSystemImpl (MetricsSystemImpl.java:init(158)) - XceiverClientMetrics metrics system started (again)
2019-10-22 00:12:45,566 [Thread-181] INFO  container.ReplicationManager (ReplicationManager.java:start(162)) - Starting Replication Monitor Thread.
2019-10-22 00:12:45,570 [ReplicationMonitor] INFO  container.ReplicationManager (ReplicationManager.java:run(225)) - Replication Monitor Thread took 2 milliseconds for processing 1 containers.
2019-10-22 00:12:48,194 [Thread-186] INFO  impl.FollowerState (FollowerState.java:run(111)) - 5e7fe0a0-681e-48dc-b88f-f2277eb9af04@group-4674EA3A4606-FollowerState: change to CANDIDATE, lastRpcTime:5090ms, electionTimeout:5089ms
2019-10-22 00:12:48,195 [Thread-186] INFO  impl.RoleInfo (RoleInfo.java:shutdownFollowerState(121)) - 5e7fe0a0-681e-48dc-b88f-f2277eb9af04: shutdown FollowerState
2019-10-22 00:12:48,196 [Thread-186] INFO  impl.RaftServerImpl (RaftServerImpl.java:setRole(173)) - 5e7fe0a0-681e-48dc-b88f-f2277eb9af04@group-4674EA3A4606: changes role from  FOLLOWER to CANDIDATE at term 0 for changeToCandidate
2019-10-22 00:12:48,203 [Thread-186] INFO  impl.RoleInfo (RoleInfo.java:updateAndGet(143)) - 5e7fe0a0-681e-48dc-b88f-f2277eb9af04: start LeaderElection
2019-10-22 00:12:48,355 [5e7fe0a0-681e-48dc-b88f-f2277eb9af04@group-4674EA3A4606-LeaderElection1] INFO  impl.LeaderElection (LeaderElection.java:askForVotes(178)) - 5e7fe0a0-681e-48dc-b88f-f2277eb9af04@group-4674EA3A4606-LeaderElection1: begin an election at term 1 for -1: [5e7fe0a0-681e-48dc-b88f-f2277eb9af04:192.168.69.94:38061], old=null
2019-10-22 00:12:48,358 [5e7fe0a0-681e-48dc-b88f-f2277eb9af04@group-4674EA3A4606-LeaderElection1] INFO  impl.RoleInfo (RoleInfo.java:shutdownLeaderElection(134)) - 5e7fe0a0-681e-48dc-b88f-f2277eb9af04: shutdown LeaderElection
2019-10-22 00:12:48,359 [5e7fe0a0-681e-48dc-b88f-f2277eb9af04@group-4674EA3A4606-LeaderElection1] INFO  impl.RaftServerImpl (RaftServerImpl.java:setRole(173)) - 5e7fe0a0-681e-48dc-b88f-f2277eb9af04@group-4674EA3A4606: changes role from CANDIDATE to LEADER at term 1 for changeToLeader
2019-10-22 00:12:48,359 [5e7fe0a0-681e-48dc-b88f-f2277eb9af04@group-4674EA3A4606-LeaderElection1] INFO  impl.RaftServerImpl (ServerState.java:setLeader(255)) - 5e7fe0a0-681e-48dc-b88f-f2277eb9af04@group-4674EA3A4606: change Leader from null to 5e7fe0a0-681e-48dc-b88f-f2277eb9af04 at term 1 for becomeLeader, leader elected after 5326ms
2019-10-22 00:12:48,362 [Thread-189] INFO  impl.FollowerState (FollowerState.java:run(111)) - 5bee3153-f7ec-473f-a61a-388a1f3ac093@group-F538D9A0BBB6-FollowerState: change to CANDIDATE, lastRpcTime:5101ms, electionTimeout:5101ms
2019-10-22 00:12:48,365 [Thread-189] INFO  impl.RoleInfo (RoleInfo.java:shutdownFollowerState(121)) - 5bee3153-f7ec-473f-a61a-388a1f3ac093: shutdown FollowerState
2019-10-22 00:12:48,365 [Thread-189] INFO  impl.RaftServerImpl (RaftServerImpl.java:setRole(173)) - 5bee3153-f7ec-473f-a61a-388a1f3ac093@group-F538D9A0BBB6: changes role from  FOLLOWER to CANDIDATE at term 0 for changeToCandidate
2019-10-22 00:12:48,365 [Thread-189] INFO  impl.RoleInfo (RoleInfo.java:updateAndGet(143)) - 5bee3153-f7ec-473f-a61a-388a1f3ac093: start LeaderElection
2019-10-22 00:12:48,371 [5e7fe0a0-681e-48dc-b88f-f2277eb9af04@group-4674EA3A4606-LeaderElection1] INFO  server.RaftServerConfigKeys (ConfUtils.java:logGet(43)) - raft.server.staging.catchup.gap = 1000 (default)
2019-10-22 00:12:48,371 [5e7fe0a0-681e-48dc-b88f-f2277eb9af04@group-4674EA3A4606-LeaderElection1] INFO  server.RaftServerConfigKeys (ConfUtils.java:logGet(43)) - raft.server.rpc.sleep.time = 25ms (default)
2019-10-22 00:12:48,376 [5e7fe0a0-681e-48dc-b88f-f2277eb9af04@group-4674EA3A4606-LeaderElection1] INFO  server.RaftServerConfigKeys (ConfUtils.java:logGet(43)) - raft.server.write.element-limit = 4096 (default)
2019-10-22 00:12:48,382 [5e7fe0a0-681e-48dc-b88f-f2277eb9af04@group-4674EA3A4606-LeaderElection1] INFO  server.RaftServerConfigKeys (ConfUtils.java:logGet(43)) - raft.server.watch.timeout = 10s (default)
2019-10-22 00:12:48,383 [5e7fe0a0-681e-48dc-b88f-f2277eb9af04@group-4674EA3A4606-LeaderElection1] INFO  server.RaftServerConfigKeys (ConfUtils.java:logGet(43)) - raft.server.watch.timeout.denomination = 1s (default)
2019-10-22 00:12:48,384 [5e7fe0a0-681e-48dc-b88f-f2277eb9af04@group-4674EA3A4606-LeaderElection1] INFO  server.RaftServerConfigKeys (ConfUtils.java:logGet(43)) - raft.server.watch.element-limit = 65536 (default)
2019-10-22 00:12:48,392 [5e7fe0a0-681e-48dc-b88f-f2277eb9af04@group-4674EA3A4606-LeaderElection1] INFO  impl.RoleInfo (RoleInfo.java:updateAndGet(143)) - 5e7fe0a0-681e-48dc-b88f-f2277eb9af04: start LeaderState
2019-10-22 00:12:48,394 [Thread-192] INFO  impl.FollowerState (FollowerState.java:run(111)) - 4ccfaf2e-aae8-4e87-8fab-e6f62fbd25e3@group-3C63F6CA6DCA-FollowerState: change to CANDIDATE, lastRpcTime:5045ms, electionTimeout:5045ms
2019-10-22 00:12:48,394 [Thread-192] INFO  impl.RoleInfo (RoleInfo.java:shutdownFollowerState(121)) - 4ccfaf2e-aae8-4e87-8fab-e6f62fbd25e3: shutdown FollowerState
2019-10-22 00:12:48,394 [Thread-192] INFO  impl.RaftServerImpl (RaftServerImpl.java:setRole(173)) - 4ccfaf2e-aae8-4e87-8fab-e6f62fbd25e3@group-3C63F6CA6DCA: changes role from  FOLLOWER to CANDIDATE at term 0 for changeToCandidate
2019-10-22 00:12:48,394 [Thread-192] INFO  impl.RoleInfo (RoleInfo.java:updateAndGet(143)) - 4ccfaf2e-aae8-4e87-8fab-e6f62fbd25e3: start LeaderElection
2019-10-22 00:12:48,415 [5e7fe0a0-681e-48dc-b88f-f2277eb9af04@group-4674EA3A4606-LeaderElection1] INFO  segmented.SegmentedRaftLogWorker (SegmentedRaftLogWorker.java:startLogSegment(385)) - 5e7fe0a0-681e-48dc-b88f-f2277eb9af04@group-4674EA3A4606-SegmentedRaftLogWorker: Starting segment from index:0
2019-10-22 00:12:48,424 [5e7fe0a0-681e-48dc-b88f-f2277eb9af04@group-4674EA3A4606-LeaderElection1] INFO  impl.RaftServerImpl (ServerState.java:setRaftConf(356)) - 5e7fe0a0-681e-48dc-b88f-f2277eb9af04@group-4674EA3A4606: set configuration 0: [5e7fe0a0-681e-48dc-b88f-f2277eb9af04:192.168.69.94:38061], old=null at 0
2019-10-22 00:12:48,437 [Thread-199] INFO  impl.FollowerState (FollowerState.java:run(111)) - 5e7fe0a0-681e-48dc-b88f-f2277eb9af04@group-A9CC7D4C7BB1-FollowerState: change to CANDIDATE, lastRpcTime:5018ms, electionTimeout:5017ms
2019-10-22 00:12:48,437 [Thread-199] INFO  impl.RoleInfo (RoleInfo.java:shutdownFollowerState(121)) - 5e7fe0a0-681e-48dc-b88f-f2277eb9af04: shutdown FollowerState
2019-10-22 00:12:48,437 [Thread-199] INFO  impl.RaftServerImpl (RaftServerImpl.java:setRole(173)) - 5e7fe0a0-681e-48dc-b88f-f2277eb9af04@group-A9CC7D4C7BB1: changes role from  FOLLOWER to CANDIDATE at term 0 for changeToCandidate
2019-10-22 00:12:48,438 [Thread-199] INFO  impl.RoleInfo (RoleInfo.java:updateAndGet(143)) - 5e7fe0a0-681e-48dc-b88f-f2277eb9af04: start LeaderElection
2019-10-22 00:12:48,476 [5bee3153-f7ec-473f-a61a-388a1f3ac093@group-F538D9A0BBB6-LeaderElection2] INFO  impl.LeaderElection (LeaderElection.java:askForVotes(178)) - 5bee3153-f7ec-473f-a61a-388a1f3ac093@group-F538D9A0BBB6-LeaderElection2: begin an election at term 1 for -1: [5bee3153-f7ec-473f-a61a-388a1f3ac093:192.168.69.94:39580], old=null
2019-10-22 00:12:48,477 [4ccfaf2e-aae8-4e87-8fab-e6f62fbd25e3@group-3C63F6CA6DCA-LeaderElection3] INFO  impl.LeaderElection (LeaderElection.java:askForVotes(178)) - 4ccfaf2e-aae8-4e87-8fab-e6f62fbd25e3@group-3C63F6CA6DCA-LeaderElection3: begin an election at term 1 for -1: [4ccfaf2e-aae8-4e87-8fab-e6f62fbd25e3:192.168.69.94:36986], old=null
2019-10-22 00:12:48,477 [5bee3153-f7ec-473f-a61a-388a1f3ac093@group-F538D9A0BBB6-LeaderElection2] INFO  impl.RoleInfo (RoleInfo.java:shutdownLeaderElection(134)) - 5bee3153-f7ec-473f-a61a-388a1f3ac093: shutdown LeaderElection
2019-10-22 00:12:48,478 [4ccfaf2e-aae8-4e87-8fab-e6f62fbd25e3@group-3C63F6CA6DCA-LeaderElection3] INFO  impl.RoleInfo (RoleInfo.java:shutdownLeaderElection(134)) - 4ccfaf2e-aae8-4e87-8fab-e6f62fbd25e3: shutdown LeaderElection
2019-10-22 00:12:48,478 [5bee3153-f7ec-473f-a61a-388a1f3ac093@group-F538D9A0BBB6-LeaderElection2] INFO  impl.RaftServerImpl (RaftServerImpl.java:setRole(173)) - 5bee3153-f7ec-473f-a61a-388a1f3ac093@group-F538D9A0BBB6: changes role from CANDIDATE to LEADER at term 1 for changeToLeader
2019-10-22 00:12:48,478 [4ccfaf2e-aae8-4e87-8fab-e6f62fbd25e3@group-3C63F6CA6DCA-LeaderElection3] INFO  impl.RaftServerImpl (RaftServerImpl.java:setRole(173)) - 4ccfaf2e-aae8-4e87-8fab-e6f62fbd25e3@group-3C63F6CA6DCA: changes role from CANDIDATE to LEADER at term 1 for changeToLeader
2019-10-22 00:12:48,478 [5bee3153-f7ec-473f-a61a-388a1f3ac093@group-F538D9A0BBB6-LeaderElection2] INFO  impl.RaftServerImpl (ServerState.java:setLeader(255)) - 5bee3153-f7ec-473f-a61a-388a1f3ac093@group-F538D9A0BBB6: change Leader from null to 5bee3153-f7ec-473f-a61a-388a1f3ac093 at term 1 for becomeLeader, leader elected after 5223ms
2019-10-22 00:12:48,478 [4ccfaf2e-aae8-4e87-8fab-e6f62fbd25e3@group-3C63F6CA6DCA-LeaderElection3] INFO  impl.RaftServerImpl (ServerState.java:setLeader(255)) - 4ccfaf2e-aae8-4e87-8fab-e6f62fbd25e3@group-3C63F6CA6DCA: change Leader from null to 4ccfaf2e-aae8-4e87-8fab-e6f62fbd25e3 at term 1 for becomeLeader, leader elected after 5136ms
2019-10-22 00:12:48,478 [5bee3153-f7ec-473f-a61a-388a1f3ac093@group-F538D9A0BBB6-LeaderElection2] INFO  server.RaftServerConfigKeys (ConfUtils.java:logGet(43)) - raft.server.staging.catchup.gap = 1000 (default)
2019-10-22 00:12:48,479 [4ccfaf2e-aae8-4e87-8fab-e6f62fbd25e3@group-3C63F6CA6DCA-LeaderElection3] INFO  server.RaftServerConfigKeys (ConfUtils.java:logGet(43)) - raft.server.staging.catchup.gap = 1000 (default)
2019-10-22 00:12:48,479 [5bee3153-f7ec-473f-a61a-388a1f3ac093@group-F538D9A0BBB6-LeaderElection2] INFO  server.RaftServerConfigKeys (ConfUtils.java:logGet(43)) - raft.server.rpc.sleep.time = 25ms (default)
2019-10-22 00:12:48,479 [4ccfaf2e-aae8-4e87-8fab-e6f62fbd25e3@group-3C63F6CA6DCA-LeaderElection3] INFO  server.RaftServerConfigKeys (ConfUtils.java:logGet(43)) - raft.server.rpc.sleep.time = 25ms (default)
2019-10-22 00:12:48,479 [5bee3153-f7ec-473f-a61a-388a1f3ac093@group-F538D9A0BBB6-LeaderElection2] INFO  server.RaftServerConfigKeys (ConfUtils.java:logGet(43)) - raft.server.write.element-limit = 4096 (default)
2019-10-22 00:12:48,479 [4ccfaf2e-aae8-4e87-8fab-e6f62fbd25e3@group-3C63F6CA6DCA-LeaderElection3] INFO  server.RaftServerConfigKeys (ConfUtils.java:logGet(43)) - raft.server.write.element-limit = 4096 (default)
2019-10-22 00:12:48,479 [5bee3153-f7ec-473f-a61a-388a1f3ac093@group-F538D9A0BBB6-LeaderElection2] INFO  server.RaftServerConfigKeys (ConfUtils.java:logGet(43)) - raft.server.watch.timeout = 10s (default)
2019-10-22 00:12:48,480 [4ccfaf2e-aae8-4e87-8fab-e6f62fbd25e3@group-3C63F6CA6DCA-LeaderElection3] INFO  server.RaftServerConfigKeys (ConfUtils.java:logGet(43)) - raft.server.watch.timeout = 10s (default)
2019-10-22 00:12:48,480 [5bee3153-f7ec-473f-a61a-388a1f3ac093@group-F538D9A0BBB6-LeaderElection2] INFO  server.RaftServerConfigKeys (ConfUtils.java:logGet(43)) - raft.server.watch.timeout.denomination = 1s (default)
2019-10-22 00:12:48,480 [4ccfaf2e-aae8-4e87-8fab-e6f62fbd25e3@group-3C63F6CA6DCA-LeaderElection3] INFO  server.RaftServerConfigKeys (ConfUtils.java:logGet(43)) - raft.server.watch.timeout.denomination = 1s (default)
2019-10-22 00:12:48,480 [5bee3153-f7ec-473f-a61a-388a1f3ac093@group-F538D9A0BBB6-LeaderElection2] INFO  server.RaftServerConfigKeys (ConfUtils.java:logGet(43)) - raft.server.watch.element-limit = 65536 (default)
2019-10-22 00:12:48,480 [4ccfaf2e-aae8-4e87-8fab-e6f62fbd25e3@group-3C63F6CA6DCA-LeaderElection3] INFO  server.RaftServerConfigKeys (ConfUtils.java:logGet(43)) - raft.server.watch.element-limit = 65536 (default)
2019-10-22 00:12:48,480 [5bee3153-f7ec-473f-a61a-388a1f3ac093@group-F538D9A0BBB6-LeaderElection2] INFO  impl.RoleInfo (RoleInfo.java:updateAndGet(143)) - 5bee3153-f7ec-473f-a61a-388a1f3ac093: start LeaderState
2019-10-22 00:12:48,481 [4ccfaf2e-aae8-4e87-8fab-e6f62fbd25e3@group-3C63F6CA6DCA-LeaderElection3] INFO  impl.RoleInfo (RoleInfo.java:updateAndGet(143)) - 4ccfaf2e-aae8-4e87-8fab-e6f62fbd25e3: start LeaderState
2019-10-22 00:12:48,481 [5bee3153-f7ec-473f-a61a-388a1f3ac093@group-F538D9A0BBB6-LeaderElection2] INFO  segmented.SegmentedRaftLogWorker (SegmentedRaftLogWorker.java:startLogSegment(385)) - 5bee3153-f7ec-473f-a61a-388a1f3ac093@group-F538D9A0BBB6-SegmentedRaftLogWorker: Starting segment from index:0
2019-10-22 00:12:48,481 [4ccfaf2e-aae8-4e87-8fab-e6f62fbd25e3@group-3C63F6CA6DCA-LeaderElection3] INFO  segmented.SegmentedRaftLogWorker (SegmentedRaftLogWorker.java:startLogSegment(385)) - 4ccfaf2e-aae8-4e87-8fab-e6f62fbd25e3@group-3C63F6CA6DCA-SegmentedRaftLogWorker: Starting segment from index:0
2019-10-22 00:12:48,482 [5bee3153-f7ec-473f-a61a-388a1f3ac093@group-F538D9A0BBB6-LeaderElection2] INFO  impl.RaftServerImpl (ServerState.java:setRaftConf(356)) - 5bee3153-f7ec-473f-a61a-388a1f3ac093@group-F538D9A0BBB6: set configuration 0: [5bee3153-f7ec-473f-a61a-388a1f3ac093:192.168.69.94:39580], old=null at 0
2019-10-22 00:12:48,482 [4ccfaf2e-aae8-4e87-8fab-e6f62fbd25e3@group-3C63F6CA6DCA-LeaderElection3] INFO  impl.RaftServerImpl (ServerState.java:setRaftConf(356)) - 4ccfaf2e-aae8-4e87-8fab-e6f62fbd25e3@group-3C63F6CA6DCA: set configuration 0: [4ccfaf2e-aae8-4e87-8fab-e6f62fbd25e3:192.168.69.94:36986], old=null at 0
2019-10-22 00:12:48,491 [5e7fe0a0-681e-48dc-b88f-f2277eb9af04@group-A9CC7D4C7BB1-LeaderElection4] INFO  impl.LeaderElection (LeaderElection.java:askForVotes(178)) - 5e7fe0a0-681e-48dc-b88f-f2277eb9af04@group-A9CC7D4C7BB1-LeaderElection4: begin an election at term 1 for -1: [5bee3153-f7ec-473f-a61a-388a1f3ac093:192.168.69.94:39580, 5e7fe0a0-681e-48dc-b88f-f2277eb9af04:192.168.69.94:38061, 4ccfaf2e-aae8-4e87-8fab-e6f62fbd25e3:192.168.69.94:36986], old=null
2019-10-22 00:12:48,515 [grpc-default-executor-0] INFO  impl.RaftServerImpl (RaftServerImpl.java:setRole(173)) - 4ccfaf2e-aae8-4e87-8fab-e6f62fbd25e3@group-A9CC7D4C7BB1: changes role from  FOLLOWER to FOLLOWER at term 1 for recognizeCandidate:5e7fe0a0-681e-48dc-b88f-f2277eb9af04
2019-10-22 00:12:48,515 [grpc-default-executor-1] INFO  impl.RaftServerImpl (RaftServerImpl.java:setRole(173)) - 5bee3153-f7ec-473f-a61a-388a1f3ac093@group-A9CC7D4C7BB1: changes role from  FOLLOWER to FOLLOWER at term 1 for recognizeCandidate:5e7fe0a0-681e-48dc-b88f-f2277eb9af04
2019-10-22 00:12:48,516 [grpc-default-executor-0] INFO  impl.RoleInfo (RoleInfo.java:shutdownFollowerState(121)) - 4ccfaf2e-aae8-4e87-8fab-e6f62fbd25e3: shutdown FollowerState
2019-10-22 00:12:48,516 [grpc-default-executor-1] INFO  impl.RoleInfo (RoleInfo.java:shutdownFollowerState(121)) - 5bee3153-f7ec-473f-a61a-388a1f3ac093: shutdown FollowerState
2019-10-22 00:12:48,516 [Thread-197] INFO  impl.FollowerState (FollowerState.java:run(120)) - 4ccfaf2e-aae8-4e87-8fab-e6f62fbd25e3@group-A9CC7D4C7BB1-FollowerState was interrupted: java.lang.InterruptedException: sleep interrupted
2019-10-22 00:12:48,516 [grpc-default-executor-1] INFO  impl.RoleInfo (RoleInfo.java:updateAndGet(143)) - 5bee3153-f7ec-473f-a61a-388a1f3ac093: start FollowerState
2019-10-22 00:12:48,516 [Thread-200] INFO  impl.FollowerState (FollowerState.java:run(120)) - 5bee3153-f7ec-473f-a61a-388a1f3ac093@group-A9CC7D4C7BB1-FollowerState was interrupted: java.lang.InterruptedException: sleep interrupted
2019-10-22 00:12:48,516 [grpc-default-executor-0] INFO  impl.RoleInfo (RoleInfo.java:updateAndGet(143)) - 4ccfaf2e-aae8-4e87-8fab-e6f62fbd25e3: start FollowerState
2019-10-22 00:12:48,591 [5e7fe0a0-681e-48dc-b88f-f2277eb9af04@group-A9CC7D4C7BB1-LeaderElection4] INFO  impl.LeaderElection (LeaderElection.java:logAndReturn(56)) - 5e7fe0a0-681e-48dc-b88f-f2277eb9af04@group-A9CC7D4C7BB1-LeaderElection4: Election PASSED; received 1 response(s) [5e7fe0a0-681e-48dc-b88f-f2277eb9af04<-4ccfaf2e-aae8-4e87-8fab-e6f62fbd25e3#0:OK-t1] and 0 exception(s); 5e7fe0a0-681e-48dc-b88f-f2277eb9af04@group-A9CC7D4C7BB1:t1, leader=null, voted=5e7fe0a0-681e-48dc-b88f-f2277eb9af04, raftlog=5e7fe0a0-681e-48dc-b88f-f2277eb9af04@group-A9CC7D4C7BB1-SegmentedRaftLog:OPENED:c-1,f-1,i0, conf=-1: [5bee3153-f7ec-473f-a61a-388a1f3ac093:192.168.69.94:39580, 5e7fe0a0-681e-48dc-b88f-f2277eb9af04:192.168.69.94:38061, 4ccfaf2e-aae8-4e87-8fab-e6f62fbd25e3:192.168.69.94:36986], old=null
2019-10-22 00:12:48,591 [5e7fe0a0-681e-48dc-b88f-f2277eb9af04@group-A9CC7D4C7BB1-LeaderElection4] INFO  impl.RoleInfo (RoleInfo.java:shutdownLeaderElection(134)) - 5e7fe0a0-681e-48dc-b88f-f2277eb9af04: shutdown LeaderElection
2019-10-22 00:12:48,592 [5e7fe0a0-681e-48dc-b88f-f2277eb9af04@group-A9CC7D4C7BB1-LeaderElection4] INFO  impl.RaftServerImpl (RaftServerImpl.java:setRole(173)) - 5e7fe0a0-681e-48dc-b88f-f2277eb9af04@group-A9CC7D4C7BB1: changes role from CANDIDATE to LEADER at term 1 for changeToLeader
2019-10-22 00:12:48,592 [5e7fe0a0-681e-48dc-b88f-f2277eb9af04@group-A9CC7D4C7BB1-LeaderElection4] INFO  impl.RaftServerImpl (ServerState.java:setLeader(255)) - 5e7fe0a0-681e-48dc-b88f-f2277eb9af04@group-A9CC7D4C7BB1: change Leader from null to 5e7fe0a0-681e-48dc-b88f-f2277eb9af04 at term 1 for becomeLeader, leader elected after 5182ms
2019-10-22 00:12:48,592 [5e7fe0a0-681e-48dc-b88f-f2277eb9af04@group-A9CC7D4C7BB1-LeaderElection4] INFO  server.RaftServerConfigKeys (ConfUtils.java:logGet(43)) - raft.server.staging.catchup.gap = 1000 (default)
2019-10-22 00:12:48,593 [5e7fe0a0-681e-48dc-b88f-f2277eb9af04@group-A9CC7D4C7BB1-LeaderElection4] INFO  server.RaftServerConfigKeys (ConfUtils.java:logGet(43)) - raft.server.rpc.sleep.time = 25ms (default)
2019-10-22 00:12:48,593 [5e7fe0a0-681e-48dc-b88f-f2277eb9af04@group-A9CC7D4C7BB1-LeaderElection4] INFO  server.RaftServerConfigKeys (ConfUtils.java:logGet(43)) - raft.server.write.element-limit = 4096 (default)
2019-10-22 00:12:48,593 [5e7fe0a0-681e-48dc-b88f-f2277eb9af04@group-A9CC7D4C7BB1-LeaderElection4] INFO  server.RaftServerConfigKeys (ConfUtils.java:logGet(43)) - raft.server.watch.timeout = 10s (default)
2019-10-22 00:12:48,593 [5e7fe0a0-681e-48dc-b88f-f2277eb9af04@group-A9CC7D4C7BB1-LeaderElection4] INFO  server.RaftServerConfigKeys (ConfUtils.java:logGet(43)) - raft.server.watch.timeout.denomination = 1s (default)
2019-10-22 00:12:48,593 [5e7fe0a0-681e-48dc-b88f-f2277eb9af04@group-A9CC7D4C7BB1-LeaderElection4] INFO  server.RaftServerConfigKeys (ConfUtils.java:logGet(43)) - raft.server.watch.element-limit = 65536 (default)
2019-10-22 00:12:48,596 [5e7fe0a0-681e-48dc-b88f-f2277eb9af04@group-A9CC7D4C7BB1-LeaderElection4] INFO  server.RaftServerConfigKeys (ConfUtils.java:logGet(43)) - raft.server.log.appender.snapshot.chunk.size.max = 16MB (=16777216) (default)
2019-10-22 00:12:48,597 [5e7fe0a0-681e-48dc-b88f-f2277eb9af04@group-A9CC7D4C7BB1-LeaderElection4] INFO  server.RaftServerConfigKeys (ConfUtils.java:logGet(43)) - raft.server.log.appender.buffer.byte-limit = 33554432 (custom)
2019-10-22 00:12:48,597 [5e7fe0a0-681e-48dc-b88f-f2277eb9af04@group-A9CC7D4C7BB1-LeaderElection4] INFO  server.RaftServerConfigKeys (ConfUtils.java:logGet(43)) - raft.server.log.appender.buffer.element-limit = 1 (custom)
2019-10-22 00:12:48,601 [5e7fe0a0-681e-48dc-b88f-f2277eb9af04@group-A9CC7D4C7BB1-LeaderElection4] INFO  grpc.GrpcConfigKeys$Server (ConfUtils.java:logGet(43)) - raft.grpc.server.leader.outstanding.appends.max = 128 (default)
2019-10-22 00:12:48,601 [5e7fe0a0-681e-48dc-b88f-f2277eb9af04@group-A9CC7D4C7BB1-LeaderElection4] INFO  server.RaftServerConfigKeys (ConfUtils.java:logGet(43)) - raft.server.rpc.request.timeout = 3000ms (default)
2019-10-22 00:12:48,601 [5e7fe0a0-681e-48dc-b88f-f2277eb9af04@group-A9CC7D4C7BB1-LeaderElection4] INFO  server.RaftServerConfigKeys (ConfUtils.java:logGet(43)) - raft.server.log.appender.install.snapshot.enabled = false (custom)
2019-10-22 00:12:48,602 [5e7fe0a0-681e-48dc-b88f-f2277eb9af04@group-A9CC7D4C7BB1-LeaderElection4] WARN  impl.MetricRegistriesImpl (MetricRegistriesImpl.java:lambda$create$1(61)) - First MetricRegistry has been created without registering reporters. You may need to call MetricRegistries.global().addReportRegistration(...) before.
2019-10-22 00:12:48,603 [5e7fe0a0-681e-48dc-b88f-f2277eb9af04@group-4674EA3A4606-SegmentedRaftLogWorker] INFO  segmented.SegmentedRaftLogWorker (SegmentedRaftLogWorker.java:execute(576)) - 5e7fe0a0-681e-48dc-b88f-f2277eb9af04@group-4674EA3A4606-SegmentedRaftLogWorker: created new log segment /workdir/hadoop-ozone/integration-test/target/test-dir/MiniOzoneClusterImpl-6087bd68-5746-4eb4-8edb-fa9a87d69ff0/datanode-0/data/ratis/1613db9a-c788-4d48-a7bd-4674ea3a4606/current/log_inprogress_0
2019-10-22 00:12:48,603 [5e7fe0a0-681e-48dc-b88f-f2277eb9af04@group-A9CC7D4C7BB1-LeaderElection4] INFO  server.RaftServerConfigKeys (ConfUtils.java:logGet(43)) - raft.server.log.appender.snapshot.chunk.size.max = 16MB (=16777216) (default)
2019-10-22 00:12:48,603 [5bee3153-f7ec-473f-a61a-388a1f3ac093@group-F538D9A0BBB6-SegmentedRaftLogWorker] INFO  segmented.SegmentedRaftLogWorker (SegmentedRaftLogWorker.java:execute(576)) - 5bee3153-f7ec-473f-a61a-388a1f3ac093@group-F538D9A0BBB6-SegmentedRaftLogWorker: created new log segment /workdir/hadoop-ozone/integration-test/target/test-dir/MiniOzoneClusterImpl-6087bd68-5746-4eb4-8edb-fa9a87d69ff0/datanode-1/data/ratis/632dffaf-55ad-459c-98a3-f538d9a0bbb6/current/log_inprogress_0
2019-10-22 00:12:48,603 [4ccfaf2e-aae8-4e87-8fab-e6f62fbd25e3@group-3C63F6CA6DCA-SegmentedRaftLogWorker] INFO  segmented.SegmentedRaftLogWorker (SegmentedRaftLogWorker.java:execute(576)) - 4ccfaf2e-aae8-4e87-8fab-e6f62fbd25e3@group-3C63F6CA6DCA-SegmentedRaftLogWorker: created new log segment /workdir/hadoop-ozone/integration-test/target/test-dir/MiniOzoneClusterImpl-6087bd68-5746-4eb4-8edb-fa9a87d69ff0/datanode-2/data/ratis/a5b6df62-90c1-40c0-9a43-3c63f6ca6dca/current/log_inprogress_0
2019-10-22 00:12:48,604 [5e7fe0a0-681e-48dc-b88f-f2277eb9af04@group-A9CC7D4C7BB1-LeaderElection4] INFO  server.RaftServerConfigKeys (ConfUtils.java:logGet(43)) - raft.server.log.appender.buffer.byte-limit = 33554432 (custom)
2019-10-22 00:12:48,605 [5e7fe0a0-681e-48dc-b88f-f2277eb9af04@group-A9CC7D4C7BB1-LeaderElection4] INFO  server.RaftServerConfigKeys (ConfUtils.java:logGet(43)) - raft.server.log.appender.buffer.element-limit = 1 (custom)
2019-10-22 00:12:48,605 [5e7fe0a0-681e-48dc-b88f-f2277eb9af04@group-A9CC7D4C7BB1-LeaderElection4] INFO  grpc.GrpcConfigKeys$Server (ConfUtils.java:logGet(43)) - raft.grpc.server.leader.outstanding.appends.max = 128 (default)
2019-10-22 00:12:48,605 [5e7fe0a0-681e-48dc-b88f-f2277eb9af04@group-A9CC7D4C7BB1-LeaderElection4] INFO  server.RaftServerConfigKeys (ConfUtils.java:logGet(43)) - raft.server.rpc.request.timeout = 3000ms (default)
2019-10-22 00:12:48,605 [5e7fe0a0-681e-48dc-b88f-f2277eb9af04@group-A9CC7D4C7BB1-LeaderElection4] INFO  server.RaftServerConfigKeys (ConfUtils.java:logGet(43)) - raft.server.log.appender.install.snapshot.enabled = false (custom)
2019-10-22 00:12:48,606 [5e7fe0a0-681e-48dc-b88f-f2277eb9af04@group-A9CC7D4C7BB1-LeaderElection4] INFO  impl.RoleInfo (RoleInfo.java:updateAndGet(143)) - 5e7fe0a0-681e-48dc-b88f-f2277eb9af04: start LeaderState
2019-10-22 00:12:48,607 [5e7fe0a0-681e-48dc-b88f-f2277eb9af04@group-A9CC7D4C7BB1-LeaderElection4] INFO  segmented.SegmentedRaftLogWorker (SegmentedRaftLogWorker.java:startLogSegment(385)) - 5e7fe0a0-681e-48dc-b88f-f2277eb9af04@group-A9CC7D4C7BB1-SegmentedRaftLogWorker: Starting segment from index:0
2019-10-22 00:12:48,608 [5e7fe0a0-681e-48dc-b88f-f2277eb9af04@group-A9CC7D4C7BB1-LeaderElection4] INFO  impl.RaftServerImpl (ServerState.java:setRaftConf(356)) - 5e7fe0a0-681e-48dc-b88f-f2277eb9af04@group-A9CC7D4C7BB1: set configuration 0: [5bee3153-f7ec-473f-a61a-388a1f3ac093:192.168.69.94:39580, 5e7fe0a0-681e-48dc-b88f-f2277eb9af04:192.168.69.94:38061, 4ccfaf2e-aae8-4e87-8fab-e6f62fbd25e3:192.168.69.94:36986], old=null at 0
2019-10-22 00:12:48,647 [5e7fe0a0-681e-48dc-b88f-f2277eb9af04@group-A9CC7D4C7BB1-SegmentedRaftLogWorker] INFO  segmented.SegmentedRaftLogWorker (SegmentedRaftLogWorker.java:execute(576)) - 5e7fe0a0-681e-48dc-b88f-f2277eb9af04@group-A9CC7D4C7BB1-SegmentedRaftLogWorker: created new log segment /workdir/hadoop-ozone/integration-test/target/test-dir/MiniOzoneClusterImpl-6087bd68-5746-4eb4-8edb-fa9a87d69ff0/datanode-0/data/ratis/44ab1779-0be6-441a-9037-a9cc7d4c7bb1/current/log_inprogress_0
2019-10-22 00:12:48,654 [grpc-default-executor-0] INFO  impl.RaftServerImpl (ServerState.java:setLeader(255)) - 4ccfaf2e-aae8-4e87-8fab-e6f62fbd25e3@group-A9CC7D4C7BB1: change Leader from null to 5e7fe0a0-681e-48dc-b88f-f2277eb9af04 at term 1 for appendEntries, leader elected after 5244ms
2019-10-22 00:12:48,654 [grpc-default-executor-1] INFO  impl.RaftServerImpl (ServerState.java:setLeader(255)) - 5bee3153-f7ec-473f-a61a-388a1f3ac093@group-A9CC7D4C7BB1: change Leader from null to 5e7fe0a0-681e-48dc-b88f-f2277eb9af04 at term 1 for appendEntries, leader elected after 5242ms
2019-10-22 00:12:48,679 [grpc-default-executor-0] INFO  impl.RaftServerImpl (ServerState.java:setRaftConf(356)) - 5bee3153-f7ec-473f-a61a-388a1f3ac093@group-A9CC7D4C7BB1: set configuration 0: [5bee3153-f7ec-473f-a61a-388a1f3ac093:192.168.69.94:39580, 5e7fe0a0-681e-48dc-b88f-f2277eb9af04:192.168.69.94:38061, 4ccfaf2e-aae8-4e87-8fab-e6f62fbd25e3:192.168.69.94:36986], old=null at 0
2019-10-22 00:12:48,679 [grpc-default-executor-1] INFO  impl.RaftServerImpl (ServerState.java:setRaftConf(356)) - 4ccfaf2e-aae8-4e87-8fab-e6f62fbd25e3@group-A9CC7D4C7BB1: set configuration 0: [5bee3153-f7ec-473f-a61a-388a1f3ac093:192.168.69.94:39580, 5e7fe0a0-681e-48dc-b88f-f2277eb9af04:192.168.69.94:38061, 4ccfaf2e-aae8-4e87-8fab-e6f62fbd25e3:192.168.69.94:36986], old=null at 0
2019-10-22 00:12:48,679 [grpc-default-executor-0] INFO  segmented.SegmentedRaftLogWorker (SegmentedRaftLogWorker.java:startLogSegment(385)) - 5bee3153-f7ec-473f-a61a-388a1f3ac093@group-A9CC7D4C7BB1-SegmentedRaftLogWorker: Starting segment from index:0
2019-10-22 00:12:48,679 [grpc-default-executor-1] INFO  segmented.SegmentedRaftLogWorker (SegmentedRaftLogWorker.java:startLogSegment(385)) - 4ccfaf2e-aae8-4e87-8fab-e6f62fbd25e3@group-A9CC7D4C7BB1-SegmentedRaftLogWorker: Starting segment from index:0
2019-10-22 00:12:48,732 [5bee3153-f7ec-473f-a61a-388a1f3ac093@group-A9CC7D4C7BB1-SegmentedRaftLogWorker] INFO  segmented.SegmentedRaftLogWorker (SegmentedRaftLogWorker.java:execute(576)) - 5bee3153-f7ec-473f-a61a-388a1f3ac093@group-A9CC7D4C7BB1-SegmentedRaftLogWorker: created new log segment /workdir/hadoop-ozone/integration-test/target/test-dir/MiniOzoneClusterImpl-6087bd68-5746-4eb4-8edb-fa9a87d69ff0/datanode-1/data/ratis/44ab1779-0be6-441a-9037-a9cc7d4c7bb1/current/log_inprogress_0
2019-10-22 00:12:48,732 [4ccfaf2e-aae8-4e87-8fab-e6f62fbd25e3@group-A9CC7D4C7BB1-SegmentedRaftLogWorker] INFO  segmented.SegmentedRaftLogWorker (SegmentedRaftLogWorker.java:execute(576)) - 4ccfaf2e-aae8-4e87-8fab-e6f62fbd25e3@group-A9CC7D4C7BB1-SegmentedRaftLogWorker: created new log segment /workdir/hadoop-ozone/integration-test/target/test-dir/MiniOzoneClusterImpl-6087bd68-5746-4eb4-8edb-fa9a87d69ff0/datanode-2/data/ratis/44ab1779-0be6-441a-9037-a9cc7d4c7bb1/current/log_inprogress_0
2019-10-22 00:12:49,200 [Datanode State Machine Thread - 0] INFO  statemachine.DatanodeStateMachine (DatanodeStateMachine.java:lambda$startDaemon$0(350)) - Ozone container server started.
2019-10-22 00:12:54,171 [main] INFO  ozoneimpl.OzoneContainer (OzoneContainer.java:stop(227)) - Attempting to stop container services.
2019-10-22 00:12:54,173 [main] INFO  impl.RaftServerProxy (RaftServerProxy.java:lambda$close$4(314)) - 4ccfaf2e-aae8-4e87-8fab-e6f62fbd25e3: close
2019-10-22 00:12:54,175 [ForkJoinPool.commonPool-worker-1] INFO  impl.RaftServerImpl (RaftServerImpl.java:lambda$shutdown$3(250)) - 4ccfaf2e-aae8-4e87-8fab-e6f62fbd25e3@group-A9CC7D4C7BB1: shutdown
2019-10-22 00:12:54,175 [main] INFO  impl.RaftServerImpl (RaftServerImpl.java:lambda$shutdown$3(250)) - 4ccfaf2e-aae8-4e87-8fab-e6f62fbd25e3@group-3C63F6CA6DCA: shutdown
2019-10-22 00:12:54,175 [ForkJoinPool.commonPool-worker-1] INFO  util.JmxRegister (JmxRegister.java:unregister(73)) - Successfully un-registered JMX Bean with object name Ratis:service=RaftServer,group=group-A9CC7D4C7BB1,id=4ccfaf2e-aae8-4e87-8fab-e6f62fbd25e3
2019-10-22 00:12:54,175 [main] INFO  util.JmxRegister (JmxRegister.java:unregister(73)) - Successfully un-registered JMX Bean with object name Ratis:service=RaftServer,group=group-3C63F6CA6DCA,id=4ccfaf2e-aae8-4e87-8fab-e6f62fbd25e3
2019-10-22 00:12:54,175 [ForkJoinPool.commonPool-worker-1] INFO  impl.RoleInfo (RoleInfo.java:shutdownFollowerState(121)) - 4ccfaf2e-aae8-4e87-8fab-e6f62fbd25e3: shutdown FollowerState
2019-10-22 00:12:54,176 [main] INFO  impl.RoleInfo (RoleInfo.java:shutdownLeaderState(104)) - 4ccfaf2e-aae8-4e87-8fab-e6f62fbd25e3: shutdown LeaderState
2019-10-22 00:12:54,176 [Thread-240] INFO  impl.FollowerState (FollowerState.java:run(120)) - 4ccfaf2e-aae8-4e87-8fab-e6f62fbd25e3@group-A9CC7D4C7BB1-FollowerState was interrupted: java.lang.InterruptedException: sleep interrupted
2019-10-22 00:12:54,176 [ForkJoinPool.commonPool-worker-1] INFO  impl.StateMachineUpdater (StateMachineUpdater.java:stopAndJoin(136)) - 4ccfaf2e-aae8-4e87-8fab-e6f62fbd25e3@group-A9CC7D4C7BB1-StateMachineUpdater: set stopIndex = 4
2019-10-22 00:12:54,176 [4ccfaf2e-aae8-4e87-8fab-e6f62fbd25e3@group-A9CC7D4C7BB1-StateMachineUpdater] INFO  ratis.ContainerStateMachine (ContainerStateMachine.java:takeSnapshot(294)) - group-A9CC7D4C7BB1: Taking a snapshot at:(t:1, i:3) file /workdir/hadoop-ozone/integration-test/target/test-dir/MiniOzoneClusterImpl-6087bd68-5746-4eb4-8edb-fa9a87d69ff0/datanode-2/data/ratis/44ab1779-0be6-441a-9037-a9cc7d4c7bb1/sm/snapshot.1_3
2019-10-22 00:12:54,179 [main] INFO  impl.PendingRequests (PendingRequests.java:sendNotLeaderResponses(206)) - 4ccfaf2e-aae8-4e87-8fab-e6f62fbd25e3@group-3C63F6CA6DCA-PendingRequests: sendNotLeaderResponses
2019-10-22 00:12:54,182 [main] INFO  impl.StateMachineUpdater (StateMachineUpdater.java:stopAndJoin(136)) - 4ccfaf2e-aae8-4e87-8fab-e6f62fbd25e3@group-3C63F6CA6DCA-StateMachineUpdater: set stopIndex = 0
2019-10-22 00:12:54,185 [main] INFO  impl.RaftServerImpl (ServerState.java:close(387)) - 4ccfaf2e-aae8-4e87-8fab-e6f62fbd25e3@group-3C63F6CA6DCA: closes. applyIndex: 0
2019-10-22 00:12:54,187 [4ccfaf2e-aae8-4e87-8fab-e6f62fbd25e3@group-3C63F6CA6DCA-SegmentedRaftLogWorker] INFO  segmented.SegmentedRaftLogWorker (SegmentedRaftLogWorker.java:run(316)) - 4ccfaf2e-aae8-4e87-8fab-e6f62fbd25e3@group-3C63F6CA6DCA-SegmentedRaftLogWorker was interrupted, exiting. There are 0 tasks remaining in the queue.
2019-10-22 00:12:54,190 [main] INFO  segmented.SegmentedRaftLogWorker (SegmentedRaftLogWorker.java:close(224)) - 4ccfaf2e-aae8-4e87-8fab-e6f62fbd25e3@group-3C63F6CA6DCA-SegmentedRaftLogWorker close()
2019-10-22 00:12:54,425 [4ccfaf2e-aae8-4e87-8fab-e6f62fbd25e3@group-A9CC7D4C7BB1-StateMachineUpdater] INFO  ratis.ContainerStateMachine (ContainerStateMachine.java:takeSnapshot(305)) - group-A9CC7D4C7BB1: Finished taking a snapshot at:(t:1, i:3) file:/workdir/hadoop-ozone/integration-test/target/test-dir/MiniOzoneClusterImpl-6087bd68-5746-4eb4-8edb-fa9a87d69ff0/datanode-2/data/ratis/44ab1779-0be6-441a-9037-a9cc7d4c7bb1/sm/snapshot.1_3 time:248
2019-10-22 00:12:54,428 [4ccfaf2e-aae8-4e87-8fab-e6f62fbd25e3@group-A9CC7D4C7BB1-StateMachineUpdater] INFO  impl.StateMachineUpdater (StateMachineUpdater.java:takeSnapshot(269)) - 4ccfaf2e-aae8-4e87-8fab-e6f62fbd25e3@group-A9CC7D4C7BB1-StateMachineUpdater: Took a snapshot at index 3
2019-10-22 00:12:54,428 [4ccfaf2e-aae8-4e87-8fab-e6f62fbd25e3@group-A9CC7D4C7BB1-StateMachineUpdater] INFO  impl.StateMachineUpdater (StateMachineUpdater.java:lambda$new$0(84)) - 4ccfaf2e-aae8-4e87-8fab-e6f62fbd25e3@group-A9CC7D4C7BB1-StateMachineUpdater: snapshotIndex: updateIncreasingly -1 -> 3
2019-10-22 00:12:54,434 [4ccfaf2e-aae8-4e87-8fab-e6f62fbd25e3@group-A9CC7D4C7BB1-StateMachineUpdater] INFO  ratis.ContainerStateMachine (ContainerStateMachine.java:takeSnapshot(294)) - group-A9CC7D4C7BB1: Taking a snapshot at:(t:1, i:3) file /workdir/hadoop-ozone/integration-test/target/test-dir/MiniOzoneClusterImpl-6087bd68-5746-4eb4-8edb-fa9a87d69ff0/datanode-2/data/ratis/44ab1779-0be6-441a-9037-a9cc7d4c7bb1/sm/snapshot.1_3
2019-10-22 00:12:54,444 [4ccfaf2e-aae8-4e87-8fab-e6f62fbd25e3@group-A9CC7D4C7BB1-StateMachineUpdater] INFO  ratis.ContainerStateMachine (ContainerStateMachine.java:takeSnapshot(305)) - group-A9CC7D4C7BB1: Finished taking a snapshot at:(t:1, i:3) file:/workdir/hadoop-ozone/integration-test/target/test-dir/MiniOzoneClusterImpl-6087bd68-5746-4eb4-8edb-fa9a87d69ff0/datanode-2/data/ratis/44ab1779-0be6-441a-9037-a9cc7d4c7bb1/sm/snapshot.1_3 time:11
2019-10-22 00:12:54,445 [4ccfaf2e-aae8-4e87-8fab-e6f62fbd25e3@group-A9CC7D4C7BB1-StateMachineUpdater] INFO  impl.StateMachineUpdater (StateMachineUpdater.java:takeSnapshot(269)) - 4ccfaf2e-aae8-4e87-8fab-e6f62fbd25e3@group-A9CC7D4C7BB1-StateMachineUpdater: Took a snapshot at index 3
2019-10-22 00:12:54,445 [4ccfaf2e-aae8-4e87-8fab-e6f62fbd25e3@group-A9CC7D4C7BB1-StateMachineUpdater] INFO  impl.StateMachineUpdater (StateMachineUpdater.java:lambda$new$0(84)) - 4ccfaf2e-aae8-4e87-8fab-e6f62fbd25e3@group-A9CC7D4C7BB1-StateMachineUpdater: snapshotIndex: updateIncreasingly 3 -> 3
2019-10-22 00:12:54,445 [ForkJoinPool.commonPool-worker-1] INFO  impl.RaftServerImpl (ServerState.java:close(387)) - 4ccfaf2e-aae8-4e87-8fab-e6f62fbd25e3@group-A9CC7D4C7BB1: closes. applyIndex: 4
2019-10-22 00:12:54,446 [4ccfaf2e-aae8-4e87-8fab-e6f62fbd25e3@group-A9CC7D4C7BB1-SegmentedRaftLogWorker] INFO  segmented.SegmentedRaftLogWorker (SegmentedRaftLogWorker.java:run(316)) - 4ccfaf2e-aae8-4e87-8fab-e6f62fbd25e3@group-A9CC7D4C7BB1-SegmentedRaftLogWorker was interrupted, exiting. There are 0 tasks remaining in the queue.
2019-10-22 00:12:54,447 [ForkJoinPool.commonPool-worker-1] INFO  segmented.SegmentedRaftLogWorker (SegmentedRaftLogWorker.java:close(224)) - 4ccfaf2e-aae8-4e87-8fab-e6f62fbd25e3@group-A9CC7D4C7BB1-SegmentedRaftLogWorker close()
2019-10-22 00:12:54,449 [main] INFO  server.GrpcService (GrpcService.java:closeImpl(164)) - 4ccfaf2e-aae8-4e87-8fab-e6f62fbd25e3: shutdown server with port 36986 now
2019-10-22 00:12:54,455 [main] INFO  server.GrpcService (GrpcService.java:closeImpl(172)) - 4ccfaf2e-aae8-4e87-8fab-e6f62fbd25e3: shutdown server with port 36986 successfully
2019-10-22 00:12:54,456 [grpc-default-executor-1] WARN  server.GrpcServerProtocolService (LogUtils.java:warn(134)) - 4ccfaf2e-aae8-4e87-8fab-e6f62fbd25e3: installSnapshot onError, lastRequest: 5e7fe0a0-681e-48dc-b88f-f2277eb9af04->4ccfaf2e-aae8-4e87-8fab-e6f62fbd25e3#7-t1, previous=(t:1, i:4), leaderCommit=4, initializing? false, entries: <empty>: org.apache.ratis.thirdparty.io.grpc.StatusRuntimeException: CANCELLED: cancelled before receiving half close
2019-10-22 00:12:54,460 [grpc-default-executor-0] WARN  server.GrpcLogAppender (LogUtils.java:warn(134)) - 5e7fe0a0-681e-48dc-b88f-f2277eb9af04@group-A9CC7D4C7BB1->4ccfaf2e-aae8-4e87-8fab-e6f62fbd25e3-AppendLogResponseHandler: Failed appendEntries: org.apache.ratis.thirdparty.io.grpc.StatusRuntimeException: CANCELLED: HTTP/2 error code: CANCEL
Received Rst Stream
2019-10-22 00:12:54,467 [refreshUsed-/workdir/hadoop-ozone/integration-test/target/test-dir/MiniOzoneClusterImpl-6087bd68-5746-4eb4-8edb-fa9a87d69ff0/datanode-2/data/containers] WARN  fs.CachingGetSpaceUsed (CachingGetSpaceUsed.java:run(183)) - Thread Interrupted waiting to refresh disk information: sleep interrupted
2019-10-22 00:12:54,481 [main] INFO  utils.BackgroundService (BackgroundService.java:shutdown(151)) - Shutting down service BlockDeletingService
2019-10-22 00:12:54,484 [main] INFO  statemachine.DatanodeStateMachine (DatanodeStateMachine.java:stopDaemon(395)) - Ozone container server stopped.
2019-10-22 00:12:54,488 [main] INFO  handler.ContextHandler (ContextHandler.java:doStop(910)) - Stopped o.e.j.w.WebAppContext@70228253{/,null,UNAVAILABLE}{/hddsDatanode}
2019-10-22 00:12:54,492 [main] INFO  server.AbstractConnector (AbstractConnector.java:doStop(318)) - Stopped ServerConnector@63c12e52{HTTP/1.1,[http/1.1]}{0.0.0.0:0}
2019-10-22 00:12:54,493 [main] INFO  handler.ContextHandler (ContextHandler.java:doStop(910)) - Stopped o.e.j.s.ServletContextHandler@4fc3c165{/static,jar:file:/home/user/.m2/repository/org/apache/hadoop/hadoop-hdds-container-service/0.5.0-SNAPSHOT/hadoop-hdds-container-service-0.5.0-SNAPSHOT.jar!/webapps/static,UNAVAILABLE}
2019-10-22 00:12:54,493 [main] INFO  handler.ContextHandler (ContextHandler.java:doStop(910)) - Stopped o.e.j.s.ServletContextHandler@e5cbff2{/logs,file:///workdir/hadoop-ozone/integration-test/target/log,UNAVAILABLE}
2019-10-22 00:12:57,500 [java.util.concurrent.ThreadPoolExecutor$Worker@206774a5[State = -1, empty queue]] WARN  server.GrpcLogAppender (GrpcLogAppender.java:timeoutAppendRequest(209)) - 5e7fe0a0-681e-48dc-b88f-f2277eb9af04@group-A9CC7D4C7BB1->4ccfaf2e-aae8-4e87-8fab-e6f62fbd25e3-GrpcLogAppender: appendEntries Timeout, request=5e7fe0a0-681e-48dc-b88f-f2277eb9af04->4ccfaf2e-aae8-4e87-8fab-e6f62fbd25e3#8-t1, previous=(t:1, i:4), leaderCommit=4, initializing? false, entries: size=1, first=(t:1, i:5), STATEMACHINELOGENTRY, client-E6BBD608C1E8, cid=8
2019-10-22 00:12:57,502 [java.util.concurrent.ThreadPoolExecutor$Worker@206774a5[State = -1, empty queue]] WARN  server.GrpcLogAppender (GrpcLogAppender.java:timeoutAppendRequest(209)) - 5e7fe0a0-681e-48dc-b88f-f2277eb9af04@group-A9CC7D4C7BB1->4ccfaf2e-aae8-4e87-8fab-e6f62fbd25e3-GrpcLogAppender: appendEntries Timeout, request=5e7fe0a0-681e-48dc-b88f-f2277eb9af04->4ccfaf2e-aae8-4e87-8fab-e6f62fbd25e3#9-t1, previous=(t:1, i:5), leaderCommit=4, initializing? false, entries: size=1, first=(t:1, i:6), STATEMACHINELOGENTRY, client-E6BBD608C1E8, cid=9
2019-10-22 00:12:57,516 [java.util.concurrent.ThreadPoolExecutor$Worker@206774a5[State = -1, empty queue]] WARN  server.GrpcLogAppender (GrpcLogAppender.java:timeoutAppendRequest(209)) - 5e7fe0a0-681e-48dc-b88f-f2277eb9af04@group-A9CC7D4C7BB1->4ccfaf2e-aae8-4e87-8fab-e6f62fbd25e3-GrpcLogAppender: appendEntries Timeout, request=5e7fe0a0-681e-48dc-b88f-f2277eb9af04->4ccfaf2e-aae8-4e87-8fab-e6f62fbd25e3#10-t1, previous=(t:1, i:6), leaderCommit=5, initializing? false, entries: size=1, first=(t:1, i:7), METADATAENTRY(c5)
2019-10-22 00:12:57,516 [java.util.concurrent.ThreadPoolExecutor$Worker@206774a5[State = -1, empty queue]] WARN  server.GrpcLogAppender (GrpcLogAppender.java:timeoutAppendRequest(209)) - 5e7fe0a0-681e-48dc-b88f-f2277eb9af04@group-A9CC7D4C7BB1->4ccfaf2e-aae8-4e87-8fab-e6f62fbd25e3-GrpcLogAppender: appendEntries Timeout, request=5e7fe0a0-681e-48dc-b88f-f2277eb9af04->4ccfaf2e-aae8-4e87-8fab-e6f62fbd25e3#11-t1, previous=(t:1, i:7), leaderCommit=6, initializing? false, entries: size=1, first=(t:1, i:8), METADATAENTRY(c6)
2019-10-22 00:13:00,018 [java.util.concurrent.ThreadPoolExecutor$Worker@206774a5[State = -1, empty queue]] WARN  server.GrpcLogAppender (GrpcLogAppender.java:timeoutAppendRequest(209)) - 5e7fe0a0-681e-48dc-b88f-f2277eb9af04@group-A9CC7D4C7BB1->4ccfaf2e-aae8-4e87-8fab-e6f62fbd25e3-GrpcLogAppender: appendEntries Timeout, request=5e7fe0a0-681e-48dc-b88f-f2277eb9af04->4ccfaf2e-aae8-4e87-8fab-e6f62fbd25e3#12-t1, previous=(t:1, i:8), leaderCommit=8, initializing? false, entries: <empty>
2019-10-22 00:13:02,522 [java.util.concurrent.ThreadPoolExecutor$Worker@206774a5[State = -1, empty queue]] WARN  server.GrpcLogAppender (GrpcLogAppender.java:timeoutAppendRequest(209)) - 5e7fe0a0-681e-48dc-b88f-f2277eb9af04@group-A9CC7D4C7BB1->4ccfaf2e-aae8-4e87-8fab-e6f62fbd25e3-GrpcLogAppender: appendEntries Timeout, request=5e7fe0a0-681e-48dc-b88f-f2277eb9af04->4ccfaf2e-aae8-4e87-8fab-e6f62fbd25e3#13-t1, previous=(t:1, i:8), leaderCommit=8, initializing? false, entries: <empty>
2019-10-22 00:13:03,546 [Thread-287] INFO  client.GrpcClientProtocolService (GrpcClientProtocolService.java:lambda$processClientRequest$0(279)) - Failed RaftClientRequest:client-E6BBD608C1E8->5bee3153-f7ec-473f-a61a-388a1f3ac093@group-A9CC7D4C7BB1, cid=10, seq=0, Watch-ALL_COMMITTED(6), Message:<EMPTY>, reply=RaftClientReply:client-E6BBD608C1E8->5bee3153-f7ec-473f-a61a-388a1f3ac093@group-A9CC7D4C7BB1, cid=10, FAILED org.apache.ratis.protocol.NotLeaderException: Server 5bee3153-f7ec-473f-a61a-388a1f3ac093@group-A9CC7D4C7BB1 is not the leader 5e7fe0a0-681e-48dc-b88f-f2277eb9af04:192.168.69.94:38061, logIndex=0, commits[5bee3153-f7ec-473f-a61a-388a1f3ac093:c8, 5e7fe0a0-681e-48dc-b88f-f2277eb9af04:c8, 4ccfaf2e-aae8-4e87-8fab-e6f62fbd25e3:c4]
2019-10-22 00:13:04,887 [Thread-291] INFO  client.GrpcClientProtocolService (GrpcClientProtocolService.java:lambda$processClientRequest$0(279)) - Failed RaftClientRequest:client-E6BBD608C1E8->5e7fe0a0-681e-48dc-b88f-f2277eb9af04@group-A9CC7D4C7BB1, cid=10, seq=0, Watch-ALL_COMMITTED(6), Message:<EMPTY>, reply=RaftClientReply:client-E6BBD608C1E8->5e7fe0a0-681e-48dc-b88f-f2277eb9af04@group-A9CC7D4C7BB1, cid=10, FAILED org.apache.ratis.protocol.NotReplicatedException: Request with call Id 10 and log index 6 is not yet replicated to ALL_COMMITTED, logIndex=6, commits[5e7fe0a0-681e-48dc-b88f-f2277eb9af04:c8, 5bee3153-f7ec-473f-a61a-388a1f3ac093:c8, 4ccfaf2e-aae8-4e87-8fab-e6f62fbd25e3:c4]
2019-10-22 00:13:05,024 [java.util.concurrent.ThreadPoolExecutor$Worker@206774a5[State = -1, empty queue]] WARN  server.GrpcLogAppender (GrpcLogAppender.java:timeoutAppendRequest(209)) - 5e7fe0a0-681e-48dc-b88f-f2277eb9af04@group-A9CC7D4C7BB1->4ccfaf2e-aae8-4e87-8fab-e6f62fbd25e3-GrpcLogAppender: appendEntries Timeout, request=5e7fe0a0-681e-48dc-b88f-f2277eb9af04->4ccfaf2e-aae8-4e87-8fab-e6f62fbd25e3#14-t1, previous=(t:1, i:8), leaderCommit=8, initializing? false, entries: <empty>
2019-10-22 00:13:07,525 [java.util.concurrent.ThreadPoolExecutor$Worker@206774a5[State = -1, empty queue]] WARN  server.GrpcLogAppender (GrpcLogAppender.java:timeoutAppendRequest(209)) - 5e7fe0a0-681e-48dc-b88f-f2277eb9af04@group-A9CC7D4C7BB1->4ccfaf2e-aae8-4e87-8fab-e6f62fbd25e3-GrpcLogAppender: appendEntries Timeout, request=5e7fe0a0-681e-48dc-b88f-f2277eb9af04->4ccfaf2e-aae8-4e87-8fab-e6f62fbd25e3#15-t1, previous=(t:1, i:8), leaderCommit=8, initializing? false, entries: <empty>
2019-10-22 00:13:10,025 [java.util.concurrent.ThreadPoolExecutor$Worker@206774a5[State = -1, empty queue]] WARN  server.GrpcLogAppender (GrpcLogAppender.java:timeoutAppendRequest(209)) - 5e7fe0a0-681e-48dc-b88f-f2277eb9af04@group-A9CC7D4C7BB1->4ccfaf2e-aae8-4e87-8fab-e6f62fbd25e3-GrpcLogAppender: appendEntries Timeout, request=5e7fe0a0-681e-48dc-b88f-f2277eb9af04->4ccfaf2e-aae8-4e87-8fab-e6f62fbd25e3#16-t1, previous=(t:1, i:8), leaderCommit=8, initializing? false, entries: <empty>
2019-10-22 00:13:12,526 [java.util.concurrent.ThreadPoolExecutor$Worker@206774a5[State = -1, empty queue]] WARN  server.GrpcLogAppender (GrpcLogAppender.java:timeoutAppendRequest(209)) - 5e7fe0a0-681e-48dc-b88f-f2277eb9af04@group-A9CC7D4C7BB1->4ccfaf2e-aae8-4e87-8fab-e6f62fbd25e3-GrpcLogAppender: appendEntries Timeout, request=5e7fe0a0-681e-48dc-b88f-f2277eb9af04->4ccfaf2e-aae8-4e87-8fab-e6f62fbd25e3#17-t1, previous=(t:1, i:8), leaderCommit=8, initializing? false, entries: <empty>
2019-10-22 00:13:13,885 [Thread-299] INFO  client.GrpcClientProtocolService (GrpcClientProtocolService.java:lambda$processClientRequest$0(279)) - Failed RaftClientRequest:client-E6BBD608C1E8->5e7fe0a0-681e-48dc-b88f-f2277eb9af04@group-A9CC7D4C7BB1, cid=10, seq=0, Watch-ALL_COMMITTED(6), Message:<EMPTY>, reply=RaftClientReply:client-E6BBD608C1E8->5e7fe0a0-681e-48dc-b88f-f2277eb9af04@group-A9CC7D4C7BB1, cid=10, FAILED org.apache.ratis.protocol.NotReplicatedException: Request with call Id 10 and log index 6 is not yet replicated to ALL_COMMITTED, logIndex=6, commits[5e7fe0a0-681e-48dc-b88f-f2277eb9af04:c8, 5bee3153-f7ec-473f-a61a-388a1f3ac093:c8, 4ccfaf2e-aae8-4e87-8fab-e6f62fbd25e3:c4]
2019-10-22 00:13:15,028 [java.util.concurrent.ThreadPoolExecutor$Worker@206774a5[State = -1, empty queue]] WARN  server.GrpcLogAppender (GrpcLogAppender.java:timeoutAppendRequest(209)) - 5e7fe0a0-681e-48dc-b88f-f2277eb9af04@group-A9CC7D4C7BB1->4ccfaf2e-aae8-4e87-8fab-e6f62fbd25e3-GrpcLogAppender: appendEntries Timeout, request=5e7fe0a0-681e-48dc-b88f-f2277eb9af04->4ccfaf2e-aae8-4e87-8fab-e6f62fbd25e3#18-t1, previous=(t:1, i:8), leaderCommit=8, initializing? false, entries: <empty>
2019-10-22 00:13:17,529 [java.util.concurrent.ThreadPoolExecutor$Worker@206774a5[State = -1, empty queue]] WARN  server.GrpcLogAppender (GrpcLogAppender.java:timeoutAppendRequest(209)) - 5e7fe0a0-681e-48dc-b88f-f2277eb9af04@group-A9CC7D4C7BB1->4ccfaf2e-aae8-4e87-8fab-e6f62fbd25e3-GrpcLogAppender: appendEntries Timeout, request=5e7fe0a0-681e-48dc-b88f-f2277eb9af04->4ccfaf2e-aae8-4e87-8fab-e6f62fbd25e3#19-t1, previous=(t:1, i:8), leaderCommit=8, initializing? false, entries: <empty>
2019-10-22 00:13:20,032 [java.util.concurrent.ThreadPoolExecutor$Worker@206774a5[State = -1, empty queue]] WARN  server.GrpcLogAppender (GrpcLogAppender.java:timeoutAppendRequest(209)) - 5e7fe0a0-681e-48dc-b88f-f2277eb9af04@group-A9CC7D4C7BB1->4ccfaf2e-aae8-4e87-8fab-e6f62fbd25e3-GrpcLogAppender: appendEntries Timeout, request=5e7fe0a0-681e-48dc-b88f-f2277eb9af04->4ccfaf2e-aae8-4e87-8fab-e6f62fbd25e3#20-t1, previous=(t:1, i:8), leaderCommit=8, initializing? false, entries: <empty>
2019-10-22 00:13:22,535 [java.util.concurrent.ThreadPoolExecutor$Worker@206774a5[State = -1, empty queue]] WARN  server.GrpcLogAppender (GrpcLogAppender.java:timeoutAppendRequest(209)) - 5e7fe0a0-681e-48dc-b88f-f2277eb9af04@group-A9CC7D4C7BB1->4ccfaf2e-aae8-4e87-8fab-e6f62fbd25e3-GrpcLogAppender: appendEntries Timeout, request=5e7fe0a0-681e-48dc-b88f-f2277eb9af04->4ccfaf2e-aae8-4e87-8fab-e6f62fbd25e3#21-t1, previous=(t:1, i:8), leaderCommit=8, initializing? false, entries: <empty>
2019-10-22 00:13:22,606 [Thread-306] INFO  client.GrpcClientProtocolService (GrpcClientProtocolService.java:lambda$processClientRequest$0(279)) - Failed RaftClientRequest:client-E6BBD608C1E8->5bee3153-f7ec-473f-a61a-388a1f3ac093@group-A9CC7D4C7BB1, cid=10, seq=0, Watch-ALL_COMMITTED(6), Message:<EMPTY>, reply=RaftClientReply:client-E6BBD608C1E8->5bee3153-f7ec-473f-a61a-388a1f3ac093@group-A9CC7D4C7BB1, cid=10, FAILED org.apache.ratis.protocol.NotLeaderException: Server 5bee3153-f7ec-473f-a61a-388a1f3ac093@group-A9CC7D4C7BB1 is not the leader 5e7fe0a0-681e-48dc-b88f-f2277eb9af04:192.168.69.94:38061, logIndex=0, commits[5bee3153-f7ec-473f-a61a-388a1f3ac093:c8, 5e7fe0a0-681e-48dc-b88f-f2277eb9af04:c8, 4ccfaf2e-aae8-4e87-8fab-e6f62fbd25e3:c4]
2019-10-22 00:13:23,884 [Thread-309] INFO  client.GrpcClientProtocolService (GrpcClientProtocolService.java:lambda$processClientRequest$0(279)) - Failed RaftClientRequest:client-E6BBD608C1E8->5e7fe0a0-681e-48dc-b88f-f2277eb9af04@group-A9CC7D4C7BB1, cid=10, seq=0, Watch-ALL_COMMITTED(6), Message:<EMPTY>, reply=RaftClientReply:client-E6BBD608C1E8->5e7fe0a0-681e-48dc-b88f-f2277eb9af04@group-A9CC7D4C7BB1, cid=10, FAILED org.apache.ratis.protocol.NotReplicatedException: Request with call Id 10 and log index 6 is not yet replicated to ALL_COMMITTED, logIndex=6, commits[5e7fe0a0-681e-48dc-b88f-f2277eb9af04:c8, 5bee3153-f7ec-473f-a61a-388a1f3ac093:c8, 4ccfaf2e-aae8-4e87-8fab-e6f62fbd25e3:c4]
2019-10-22 00:13:24,530 [main] WARN  scm.XceiverClientRatis (XceiverClientRatis.java:watchForCommit(277)) - 3 way commit failed on pipeline Pipeline[ Id: 44ab1779-0be6-441a-9037-a9cc7d4c7bb1, Nodes: 5bee3153-f7ec-473f-a61a-388a1f3ac093{ip: 192.168.69.94, host: pr-hdds-2278-n56mq-2983766359, networkLocation: /default-rack, certSerialId: null}5e7fe0a0-681e-48dc-b88f-f2277eb9af04{ip: 192.168.69.94, host: pr-hdds-2278-n56mq-2983766359, networkLocation: /default-rack, certSerialId: null}4ccfaf2e-aae8-4e87-8fab-e6f62fbd25e3{ip: 192.168.69.94, host: pr-hdds-2278-n56mq-2983766359, networkLocation: /default-rack, certSerialId: null}, Type:RATIS, Factor:THREE, State:OPEN]
java.util.concurrent.TimeoutException
	at java.util.concurrent.CompletableFuture.timedGet(CompletableFuture.java:1771)
	at java.util.concurrent.CompletableFuture.get(CompletableFuture.java:1915)
	at org.apache.hadoop.hdds.scm.XceiverClientRatis.watchForCommit(XceiverClientRatis.java:274)
	at org.apache.hadoop.hdds.scm.storage.CommitWatcher.watchForCommit(CommitWatcher.java:198)
	at org.apache.hadoop.hdds.scm.storage.CommitWatcher.watchOnLastIndex(CommitWatcher.java:161)
	at org.apache.hadoop.hdds.scm.storage.BlockOutputStream.watchForCommit(BlockOutputStream.java:346)
	at org.apache.hadoop.hdds.scm.storage.BlockOutputStream.handleFlush(BlockOutputStream.java:482)
	at org.apache.hadoop.hdds.scm.storage.BlockOutputStream.close(BlockOutputStream.java:496)
	at org.apache.hadoop.ozone.client.io.BlockOutputStreamEntry.close(BlockOutputStreamEntry.java:143)
	at org.apache.hadoop.ozone.client.io.KeyOutputStream.handleFlushOrClose(KeyOutputStream.java:435)
	at org.apache.hadoop.ozone.client.io.KeyOutputStream.close(KeyOutputStream.java:473)
	at org.apache.hadoop.ozone.client.io.OzoneOutputStream.close(OzoneOutputStream.java:60)
	at org.apache.hadoop.ozone.client.rpc.TestDeleteWithSlowFollower.testDeleteKeyWithSlowFollower(TestDeleteWithSlowFollower.java:193)
	at sun.reflect.NativeMethodAccessorImpl.invoke0(Native Method)
	at sun.reflect.NativeMethodAccessorImpl.invoke(NativeMethodAccessorImpl.java:62)
	at sun.reflect.DelegatingMethodAccessorImpl.invoke(DelegatingMethodAccessorImpl.java:43)
	at java.lang.reflect.Method.invoke(Method.java:498)
	at org.junit.runners.model.FrameworkMethod$1.runReflectiveCall(FrameworkMethod.java:47)
	at org.junit.internal.runners.model.ReflectiveCallable.run(ReflectiveCallable.java:12)
	at org.junit.runners.model.FrameworkMethod.invokeExplosively(FrameworkMethod.java:44)
	at org.junit.internal.runners.statements.InvokeMethod.evaluate(InvokeMethod.java:17)
	at org.junit.runners.ParentRunner.runLeaf(ParentRunner.java:271)
	at org.junit.runners.BlockJUnit4ClassRunner.runChild(BlockJUnit4ClassRunner.java:70)
	at org.junit.runners.BlockJUnit4ClassRunner.runChild(BlockJUnit4ClassRunner.java:50)
	at org.junit.runners.ParentRunner$3.run(ParentRunner.java:238)
	at org.junit.runners.ParentRunner$1.schedule(ParentRunner.java:63)
	at org.junit.runners.ParentRunner.runChildren(ParentRunner.java:236)
	at org.junit.runners.ParentRunner.access$000(ParentRunner.java:53)
	at org.junit.runners.ParentRunner$2.evaluate(ParentRunner.java:229)
	at org.junit.internal.runners.statements.RunBefores.evaluate(RunBefores.java:26)
	at org.junit.internal.runners.statements.RunAfters.evaluate(RunAfters.java:27)
	at org.junit.runners.ParentRunner.run(ParentRunner.java:309)
	at org.apache.maven.surefire.junit4.JUnit4Provider.execute(JUnit4Provider.java:365)
	at org.apache.maven.surefire.junit4.JUnit4Provider.executeWithRerun(JUnit4Provider.java:273)
	at org.apache.maven.surefire.junit4.JUnit4Provider.executeTestSet(JUnit4Provider.java:238)
	at org.apache.maven.surefire.junit4.JUnit4Provider.invoke(JUnit4Provider.java:159)
	at org.apache.maven.surefire.booter.ForkedBooter.invokeProviderInSameClassLoader(ForkedBooter.java:384)
	at org.apache.maven.surefire.booter.ForkedBooter.runSuitesInProcess(ForkedBooter.java:345)
	at org.apache.maven.surefire.booter.ForkedBooter.execute(ForkedBooter.java:126)
	at org.apache.maven.surefire.booter.ForkedBooter.main(ForkedBooter.java:418)
2019-10-22 00:13:24,547 [main] INFO  scm.XceiverClientRatis (XceiverClientRatis.java:lambda$watchForCommit$5(295)) - Could not commit index 6 on pipeline Pipeline[ Id: 44ab1779-0be6-441a-9037-a9cc7d4c7bb1, Nodes: 5bee3153-f7ec-473f-a61a-388a1f3ac093{ip: 192.168.69.94, host: pr-hdds-2278-n56mq-2983766359, networkLocation: /default-rack, certSerialId: null}5e7fe0a0-681e-48dc-b88f-f2277eb9af04{ip: 192.168.69.94, host: pr-hdds-2278-n56mq-2983766359, networkLocation: /default-rack, certSerialId: null}4ccfaf2e-aae8-4e87-8fab-e6f62fbd25e3{ip: 192.168.69.94, host: pr-hdds-2278-n56mq-2983766359, networkLocation: /default-rack, certSerialId: null}, Type:RATIS, Factor:THREE, State:OPEN] to all the nodes. Server 4ccfaf2e-aae8-4e87-8fab-e6f62fbd25e3 has failed. Committed by majority.
2019-10-22 00:13:24,548 [main] WARN  storage.BlockOutputStream (BlockOutputStream.java:watchForCommit(352)) - Failed to commit BlockId conID: 1 locID: 103003138591621120 bcsId: 6 on Pipeline[ Id: 44ab1779-0be6-441a-9037-a9cc7d4c7bb1, Nodes: 5bee3153-f7ec-473f-a61a-388a1f3ac093{ip: 192.168.69.94, host: pr-hdds-2278-n56mq-2983766359, networkLocation: /default-rack, certSerialId: null}5e7fe0a0-681e-48dc-b88f-f2277eb9af04{ip: 192.168.69.94, host: pr-hdds-2278-n56mq-2983766359, networkLocation: /default-rack, certSerialId: null}4ccfaf2e-aae8-4e87-8fab-e6f62fbd25e3{ip: 192.168.69.94, host: pr-hdds-2278-n56mq-2983766359, networkLocation: /default-rack, certSerialId: null}, Type:RATIS, Factor:THREE, State:OPEN]. Failed nodes: [4ccfaf2e-aae8-4e87-8fab-e6f62fbd25e3{ip: null, host: null, networkLocation: /default-rack, certSerialId: null}]
2019-10-22 00:13:24,688 [EventQueue-ContainerReportForContainerReportHandler] WARN  container.ContainerReportHandler (AbstractContainerReportHandler.java:updateContainerState(145)) - Container #1 is in OPEN state, but the datanode 5e7fe0a0-681e-48dc-b88f-f2277eb9af04{ip: 192.168.69.94, host: pr-hdds-2278-n56mq-2983766359, networkLocation: /default-rack, certSerialId: null} reports an CLOSING replica.
2019-10-22 00:13:24,689 [EventQueue-IncrementalContainerReportForIncrementalContainerReportHandler] WARN  container.IncrementalContainerReportHandler (AbstractContainerReportHandler.java:updateContainerState(145)) - Container #1 is in OPEN state, but the datanode 5e7fe0a0-681e-48dc-b88f-f2277eb9af04{ip: 192.168.69.94, host: pr-hdds-2278-n56mq-2983766359, networkLocation: /default-rack, certSerialId: null} reports an CLOSING replica.
2019-10-22 00:13:24,739 [EventQueue-IncrementalContainerReportForIncrementalContainerReportHandler] WARN  container.IncrementalContainerReportHandler (AbstractContainerReportHandler.java:updateContainerState(145)) - Container #1 is in OPEN state, but the datanode 5bee3153-f7ec-473f-a61a-388a1f3ac093{ip: 192.168.69.94, host: pr-hdds-2278-n56mq-2983766359, networkLocation: /default-rack, certSerialId: null} reports an CLOSING replica.
2019-10-22 00:13:24,763 [RatisApplyTransactionExecutor 1] INFO  interfaces.Container (KeyValueContainer.java:flushAndSyncDB(386)) - Container 1 is synced with bcsId 6.
2019-10-22 00:13:24,763 [RatisApplyTransactionExecutor 1] INFO  interfaces.Container (KeyValueContainer.java:flushAndSyncDB(386)) - Container 1 is synced with bcsId 6.
2019-10-22 00:13:24,839 [EventQueue-ContainerReportForContainerReportHandler] WARN  container.ContainerReportHandler (AbstractContainerReportHandler.java:updateContainerState(145)) - Container #1 is in OPEN state, but the datanode 5bee3153-f7ec-473f-a61a-388a1f3ac093{ip: 192.168.69.94, host: pr-hdds-2278-n56mq-2983766359, networkLocation: /default-rack, certSerialId: null} reports an CLOSING replica.
2019-10-22 00:13:24,921 [BlockDeletingService#2] WARN  background.BlockDeletingService (BlockDeletingService.java:isDeletionAllowed(187)) - Close Container log Index 6 is not replicated across allthe servers in the pipeline 44ab1779-0be6-441a-9037-a9cc7d4c7bb1 as the min replicated index is 4. Deletion is not allowed in this container yet.
2019-10-22 00:13:24,987 [EventQueue-ContainerReportForContainerReportHandler] WARN  container.ContainerReportHandler (AbstractContainerReportHandler.java:updateContainerState(145)) - Container #1 is in OPEN state, but the datanode 5e7fe0a0-681e-48dc-b88f-f2277eb9af04{ip: 192.168.69.94, host: pr-hdds-2278-n56mq-2983766359, networkLocation: /default-rack, certSerialId: null} reports an CLOSED replica.
2019-10-22 00:13:25,036 [java.util.concurrent.ThreadPoolExecutor$Worker@206774a5[State = -1, empty queue]] WARN  server.GrpcLogAppender (GrpcLogAppender.java:timeoutAppendRequest(209)) - 5e7fe0a0-681e-48dc-b88f-f2277eb9af04@group-A9CC7D4C7BB1->4ccfaf2e-aae8-4e87-8fab-e6f62fbd25e3-GrpcLogAppender: appendEntries Timeout, request=5e7fe0a0-681e-48dc-b88f-f2277eb9af04->4ccfaf2e-aae8-4e87-8fab-e6f62fbd25e3#22-t1, previous=(t:1, i:8), leaderCommit=8, initializing? false, entries: <empty>
2019-10-22 00:13:25,139 [EventQueue-ContainerReportForContainerReportHandler] WARN  container.ContainerReportHandler (AbstractContainerReportHandler.java:updateContainerState(145)) - Container #1 is in OPEN state, but the datanode 5bee3153-f7ec-473f-a61a-388a1f3ac093{ip: 192.168.69.94, host: pr-hdds-2278-n56mq-2983766359, networkLocation: /default-rack, certSerialId: null} reports an CLOSING replica.
2019-10-22 00:13:25,287 [EventQueue-ContainerReportForContainerReportHandler] WARN  container.ContainerReportHandler (AbstractContainerReportHandler.java:updateContainerState(145)) - Container #1 is in OPEN state, but the datanode 5e7fe0a0-681e-48dc-b88f-f2277eb9af04{ip: 192.168.69.94, host: pr-hdds-2278-n56mq-2983766359, networkLocation: /default-rack, certSerialId: null} reports an CLOSED replica.
2019-10-22 00:13:25,487 [EventQueue-ContainerReportForContainerReportHandler] WARN  container.ContainerReportHandler (AbstractContainerReportHandler.java:updateContainerState(145)) - Container #1 is in OPEN state, but the datanode 5e7fe0a0-681e-48dc-b88f-f2277eb9af04{ip: 192.168.69.94, host: pr-hdds-2278-n56mq-2983766359, networkLocation: /default-rack, certSerialId: null} reports an CLOSED replica.
2019-10-22 00:13:25,540 [EventQueue-ContainerReportForContainerReportHandler] WARN  container.ContainerReportHandler (AbstractContainerReportHandler.java:updateContainerState(145)) - Container #1 is in OPEN state, but the datanode 5bee3153-f7ec-473f-a61a-388a1f3ac093{ip: 192.168.69.94, host: pr-hdds-2278-n56mq-2983766359, networkLocation: /default-rack, certSerialId: null} reports an CLOSING replica.
2019-10-22 00:13:25,663 [RatisApplyTransactionExecutor 1] INFO  interfaces.Container (KeyValueContainer.java:flushAndSyncDB(386)) - Container 1 is synced with bcsId 6.
2019-10-22 00:13:25,664 [RatisApplyTransactionExecutor 1] INFO  interfaces.Container (KeyValueContainer.java:flushAndSyncDB(386)) - Container 1 is synced with bcsId 6.
2019-10-22 00:13:25,727 [RatisApplyTransactionExecutor 1] INFO  interfaces.Container (KeyValueContainer.java:close(335)) - Container 1 is closed with bcsId 6.
2019-10-22 00:13:25,730 [RatisApplyTransactionExecutor 1] INFO  interfaces.Container (KeyValueContainer.java:close(335)) - Container 1 is closed with bcsId 6.
2019-10-22 00:13:25,731 [EventQueue-IncrementalContainerReportForIncrementalContainerReportHandler] WARN  container.IncrementalContainerReportHandler (AbstractContainerReportHandler.java:updateContainerState(145)) - Container #1 is in OPEN state, but the datanode 5bee3153-f7ec-473f-a61a-388a1f3ac093{ip: 192.168.69.94, host: pr-hdds-2278-n56mq-2983766359, networkLocation: /default-rack, certSerialId: null} reports an CLOSED replica.
2019-10-22 00:13:25,732 [EventQueue-ContainerReportForContainerReportHandler] WARN  container.ContainerReportHandler (AbstractContainerReportHandler.java:updateContainerState(145)) - Container #1 is in OPEN state, but the datanode 5e7fe0a0-681e-48dc-b88f-f2277eb9af04{ip: 192.168.69.94, host: pr-hdds-2278-n56mq-2983766359, networkLocation: /default-rack, certSerialId: null} reports an CLOSED replica.
2019-10-22 00:13:25,732 [EventQueue-IncrementalContainerReportForIncrementalContainerReportHandler] WARN  container.IncrementalContainerReportHandler (AbstractContainerReportHandler.java:updateContainerState(145)) - Container #1 is in OPEN state, but the datanode 5e7fe0a0-681e-48dc-b88f-f2277eb9af04{ip: 192.168.69.94, host: pr-hdds-2278-n56mq-2983766359, networkLocation: /default-rack, certSerialId: null} reports an CLOSED replica.
2019-10-22 00:13:25,813 [IPC Server handler 5 on 45771] INFO  server.SCMBlockProtocolServer (SCMBlockProtocolServer.java:deleteKeyBlocks(214)) - SCM is informed by OM to delete 1 blocks
2019-10-22 00:13:25,814 [IPC Server handler 5 on 45771] INFO  block.BlockManagerImpl (BlockManagerImpl.java:deleteBlocks(285)) - Deleting blocks conID: 1 locID: 103003138591621120 bcsId: 0
2019-10-22 00:13:25,831 [EventQueue-ContainerReportForContainerReportHandler] WARN  container.ContainerReportHandler (AbstractContainerReportHandler.java:updateContainerState(145)) - Container #1 is in OPEN state, but the datanode 5bee3153-f7ec-473f-a61a-388a1f3ac093{ip: 192.168.69.94, host: pr-hdds-2278-n56mq-2983766359, networkLocation: /default-rack, certSerialId: null} reports an CLOSED replica.
2019-10-22 00:13:25,900 [BlockDeletingService#2] WARN  background.BlockDeletingService (BlockDeletingService.java:isDeletionAllowed(187)) - Close Container log Index 6 is not replicated across allthe servers in the pipeline 44ab1779-0be6-441a-9037-a9cc7d4c7bb1 as the min replicated index is 4. Deletion is not allowed in this container yet.
2019-10-22 00:13:25,922 [BlockDeletingService#2] WARN  background.BlockDeletingService (BlockDeletingService.java:isDeletionAllowed(187)) - Close Container log Index 6 is not replicated across allthe servers in the pipeline 44ab1779-0be6-441a-9037-a9cc7d4c7bb1 as the min replicated index is 4. Deletion is not allowed in this container yet.
2019-10-22 00:13:26,128 [EventQueue-ContainerReportForContainerReportHandler] WARN  container.ContainerReportHandler (AbstractContainerReportHandler.java:updateContainerState(145)) - Container #1 is in OPEN state, but the datanode 5e7fe0a0-681e-48dc-b88f-f2277eb9af04{ip: 192.168.69.94, host: pr-hdds-2278-n56mq-2983766359, networkLocation: /default-rack, certSerialId: null} reports an CLOSED replica.
2019-10-22 00:13:26,131 [EventQueue-ContainerReportForContainerReportHandler] WARN  container.ContainerReportHandler (AbstractContainerReportHandler.java:updateContainerState(145)) - Container #1 is in OPEN state, but the datanode 5bee3153-f7ec-473f-a61a-388a1f3ac093{ip: 192.168.69.94, host: pr-hdds-2278-n56mq-2983766359, networkLocation: /default-rack, certSerialId: null} reports an CLOSED replica.
2019-10-22 00:13:26,328 [EventQueue-ContainerReportForContainerReportHandler] WARN  container.ContainerReportHandler (AbstractContainerReportHandler.java:updateContainerState(145)) - Container #1 is in OPEN state, but the datanode 5e7fe0a0-681e-48dc-b88f-f2277eb9af04{ip: 192.168.69.94, host: pr-hdds-2278-n56mq-2983766359, networkLocation: /default-rack, certSerialId: null} reports an CLOSED replica.
2019-10-22 00:13:26,430 [EventQueue-ContainerReportForContainerReportHandler] WARN  container.ContainerReportHandler (AbstractContainerReportHandler.java:updateContainerState(145)) - Container #1 is in OPEN state, but the datanode 5bee3153-f7ec-473f-a61a-388a1f3ac093{ip: 192.168.69.94, host: pr-hdds-2278-n56mq-2983766359, networkLocation: /default-rack, certSerialId: null} reports an CLOSED replica.
2019-10-22 00:13:26,728 [EventQueue-ContainerReportForContainerReportHandler] WARN  container.ContainerReportHandler (AbstractContainerReportHandler.java:updateContainerState(145)) - Container #1 is in OPEN state, but the datanode 5e7fe0a0-681e-48dc-b88f-f2277eb9af04{ip: 192.168.69.94, host: pr-hdds-2278-n56mq-2983766359, networkLocation: /default-rack, certSerialId: null} reports an CLOSED replica.
2019-10-22 00:13:26,730 [EventQueue-ContainerReportForContainerReportHandler] WARN  container.ContainerReportHandler (AbstractContainerReportHandler.java:updateContainerState(145)) - Container #1 is in OPEN state, but the datanode 5bee3153-f7ec-473f-a61a-388a1f3ac093{ip: 192.168.69.94, host: pr-hdds-2278-n56mq-2983766359, networkLocation: /default-rack, certSerialId: null} reports an CLOSED replica.
2019-10-22 00:13:26,902 [BlockDeletingService#2] WARN  background.BlockDeletingService (BlockDeletingService.java:isDeletionAllowed(187)) - Close Container log Index 6 is not replicated across allthe servers in the pipeline 44ab1779-0be6-441a-9037-a9cc7d4c7bb1 as the min replicated index is 4. Deletion is not allowed in this container yet.
2019-10-22 00:13:26,923 [BlockDeletingService#2] WARN  background.BlockDeletingService (BlockDeletingService.java:isDeletionAllowed(187)) - Close Container log Index 6 is not replicated across allthe servers in the pipeline 44ab1779-0be6-441a-9037-a9cc7d4c7bb1 as the min replicated index is 4. Deletion is not allowed in this container yet.
2019-10-22 00:13:26,929 [EventQueue-ContainerReportForContainerReportHandler] WARN  container.ContainerReportHandler (AbstractContainerReportHandler.java:updateContainerState(145)) - Container #1 is in OPEN state, but the datanode 5e7fe0a0-681e-48dc-b88f-f2277eb9af04{ip: 192.168.69.94, host: pr-hdds-2278-n56mq-2983766359, networkLocation: /default-rack, certSerialId: null} reports an CLOSED replica.
2019-10-22 00:13:26,931 [EventQueue-ContainerReportForContainerReportHandler] WARN  container.ContainerReportHandler (AbstractContainerReportHandler.java:updateContainerState(145)) - Container #1 is in OPEN state, but the datanode 5bee3153-f7ec-473f-a61a-388a1f3ac093{ip: 192.168.69.94, host: pr-hdds-2278-n56mq-2983766359, networkLocation: /default-rack, certSerialId: null} reports an CLOSED replica.
2019-10-22 00:13:27,230 [EventQueue-ContainerReportForContainerReportHandler] WARN  container.ContainerReportHandler (AbstractContainerReportHandler.java:updateContainerState(145)) - Container #1 is in OPEN state, but the datanode 5e7fe0a0-681e-48dc-b88f-f2277eb9af04{ip: 192.168.69.94, host: pr-hdds-2278-n56mq-2983766359, networkLocation: /default-rack, certSerialId: null} reports an CLOSED replica.
2019-10-22 00:13:27,231 [EventQueue-ContainerReportForContainerReportHandler] WARN  container.ContainerReportHandler (AbstractContainerReportHandler.java:updateContainerState(145)) - Container #1 is in OPEN state, but the datanode 5bee3153-f7ec-473f-a61a-388a1f3ac093{ip: 192.168.69.94, host: pr-hdds-2278-n56mq-2983766359, networkLocation: /default-rack, certSerialId: null} reports an CLOSED replica.
2019-10-22 00:13:27,431 [EventQueue-ContainerReportForContainerReportHandler] WARN  container.ContainerReportHandler (AbstractContainerReportHandler.java:updateContainerState(145)) - Container #1 is in OPEN state, but the datanode 5bee3153-f7ec-473f-a61a-388a1f3ac093{ip: 192.168.69.94, host: pr-hdds-2278-n56mq-2983766359, networkLocation: /default-rack, certSerialId: null} reports an CLOSED replica.
2019-10-22 00:13:27,539 [java.util.concurrent.ThreadPoolExecutor$Worker@206774a5[State = -1, empty queue]] WARN  server.GrpcLogAppender (GrpcLogAppender.java:timeoutAppendRequest(209)) - 5e7fe0a0-681e-48dc-b88f-f2277eb9af04@group-A9CC7D4C7BB1->4ccfaf2e-aae8-4e87-8fab-e6f62fbd25e3-GrpcLogAppender: appendEntries Timeout, request=5e7fe0a0-681e-48dc-b88f-f2277eb9af04->4ccfaf2e-aae8-4e87-8fab-e6f62fbd25e3#23-t1, previous=(t:1, i:8), leaderCommit=8, initializing? false, entries: <empty>
2019-10-22 00:13:27,610 [java.util.concurrent.ThreadPoolExecutor$Worker@206774a5[State = -1, empty queue]] WARN  server.GrpcLogAppender (GrpcLogAppender.java:timeoutAppendRequest(209)) - 5e7fe0a0-681e-48dc-b88f-f2277eb9af04@group-A9CC7D4C7BB1->4ccfaf2e-aae8-4e87-8fab-e6f62fbd25e3-GrpcLogAppender: appendEntries Timeout, request=5e7fe0a0-681e-48dc-b88f-f2277eb9af04->4ccfaf2e-aae8-4e87-8fab-e6f62fbd25e3#24-t1, previous=(t:1, i:8), leaderCommit=8, initializing? false, entries: size=1, first=(t:1, i:9), STATEMACHINELOGENTRY, client-E5284673E643, cid=12
2019-10-22 00:13:27,617 [java.util.concurrent.ThreadPoolExecutor$Worker@206774a5[State = -1, empty queue]] WARN  server.GrpcLogAppender (GrpcLogAppender.java:timeoutAppendRequest(209)) - 5e7fe0a0-681e-48dc-b88f-f2277eb9af04@group-A9CC7D4C7BB1->4ccfaf2e-aae8-4e87-8fab-e6f62fbd25e3-GrpcLogAppender: appendEntries Timeout, request=5e7fe0a0-681e-48dc-b88f-f2277eb9af04->4ccfaf2e-aae8-4e87-8fab-e6f62fbd25e3#25-t1, previous=(t:1, i:9), leaderCommit=9, initializing? false, entries: size=1, first=(t:1, i:10), METADATAENTRY(c9)
2019-10-22 00:13:27,631 [EventQueue-ContainerReportForContainerReportHandler] WARN  container.ContainerReportHandler (AbstractContainerReportHandler.java:updateContainerState(145)) - Container #1 is in OPEN state, but the datanode 5e7fe0a0-681e-48dc-b88f-f2277eb9af04{ip: 192.168.69.94, host: pr-hdds-2278-n56mq-2983766359, networkLocation: /default-rack, certSerialId: null} reports an CLOSED replica.
2019-10-22 00:13:27,732 [EventQueue-ContainerReportForContainerReportHandler] WARN  container.ContainerReportHandler (AbstractContainerReportHandler.java:updateContainerState(145)) - Container #1 is in OPEN state, but the datanode 5bee3153-f7ec-473f-a61a-388a1f3ac093{ip: 192.168.69.94, host: pr-hdds-2278-n56mq-2983766359, networkLocation: /default-rack, certSerialId: null} reports an CLOSED replica.
2019-10-22 00:13:27,904 [BlockDeletingService#2] WARN  background.BlockDeletingService (BlockDeletingService.java:isDeletionAllowed(187)) - Close Container log Index 6 is not replicated across allthe servers in the pipeline 44ab1779-0be6-441a-9037-a9cc7d4c7bb1 as the min replicated index is 4. Deletion is not allowed in this container yet.
2019-10-22 00:13:27,924 [BlockDeletingService#2] WARN  background.BlockDeletingService (BlockDeletingService.java:isDeletionAllowed(187)) - Close Container log Index 6 is not replicated across allthe servers in the pipeline 44ab1779-0be6-441a-9037-a9cc7d4c7bb1 as the min replicated index is 4. Deletion is not allowed in this container yet.
2019-10-22 00:13:27,930 [EventQueue-ContainerReportForContainerReportHandler] WARN  container.ContainerReportHandler (AbstractContainerReportHandler.java:updateContainerState(145)) - Container #1 is in OPEN state, but the datanode 5e7fe0a0-681e-48dc-b88f-f2277eb9af04{ip: 192.168.69.94, host: pr-hdds-2278-n56mq-2983766359, networkLocation: /default-rack, certSerialId: null} reports an CLOSED replica.
2019-10-22 00:13:28,032 [EventQueue-ContainerReportForContainerReportHandler] WARN  container.ContainerReportHandler (AbstractContainerReportHandler.java:updateContainerState(145)) - Container #1 is in OPEN state, but the datanode 5bee3153-f7ec-473f-a61a-388a1f3ac093{ip: 192.168.69.94, host: pr-hdds-2278-n56mq-2983766359, networkLocation: /default-rack, certSerialId: null} reports an CLOSED replica.
2019-10-22 00:13:28,130 [EventQueue-ContainerReportForContainerReportHandler] WARN  container.ContainerReportHandler (AbstractContainerReportHandler.java:updateContainerState(145)) - Container #1 is in OPEN state, but the datanode 5e7fe0a0-681e-48dc-b88f-f2277eb9af04{ip: 192.168.69.94, host: pr-hdds-2278-n56mq-2983766359, networkLocation: /default-rack, certSerialId: null} reports an CLOSED replica.
2019-10-22 00:13:28,332 [EventQueue-ContainerReportForContainerReportHandler] WARN  container.ContainerReportHandler (AbstractContainerReportHandler.java:updateContainerState(145)) - Container #1 is in OPEN state, but the datanode 5bee3153-f7ec-473f-a61a-388a1f3ac093{ip: 192.168.69.94, host: pr-hdds-2278-n56mq-2983766359, networkLocation: /default-rack, certSerialId: null} reports an CLOSED replica.
2019-10-22 00:13:28,431 [EventQueue-ContainerReportForContainerReportHandler] WARN  container.ContainerReportHandler (AbstractContainerReportHandler.java:updateContainerState(145)) - Container #1 is in OPEN state, but the datanode 5e7fe0a0-681e-48dc-b88f-f2277eb9af04{ip: 192.168.69.94, host: pr-hdds-2278-n56mq-2983766359, networkLocation: /default-rack, certSerialId: null} reports an CLOSED replica.
2019-10-22 00:13:28,632 [EventQueue-ContainerReportForContainerReportHandler] WARN  container.ContainerReportHandler (AbstractContainerReportHandler.java:updateContainerState(145)) - Container #1 is in OPEN state, but the datanode 5bee3153-f7ec-473f-a61a-388a1f3ac093{ip: 192.168.69.94, host: pr-hdds-2278-n56mq-2983766359, networkLocation: /default-rack, certSerialId: null} reports an CLOSED replica.
2019-10-22 00:13:28,733 [EventQueue-ContainerReportForContainerReportHandler] WARN  container.ContainerReportHandler (AbstractContainerReportHandler.java:updateContainerState(145)) - Container #1 is in OPEN state, but the datanode 5e7fe0a0-681e-48dc-b88f-f2277eb9af04{ip: 192.168.69.94, host: pr-hdds-2278-n56mq-2983766359, networkLocation: /default-rack, certSerialId: null} reports an CLOSED replica.
2019-10-22 00:13:28,907 [BlockDeletingService#2] WARN  background.BlockDeletingService (BlockDeletingService.java:isDeletionAllowed(187)) - Close Container log Index 6 is not replicated across allthe servers in the pipeline 44ab1779-0be6-441a-9037-a9cc7d4c7bb1 as the min replicated index is 4. Deletion is not allowed in this container yet.
2019-10-22 00:13:28,925 [BlockDeletingService#2] WARN  background.BlockDeletingService (BlockDeletingService.java:isDeletionAllowed(187)) - Close Container log Index 6 is not replicated across allthe servers in the pipeline 44ab1779-0be6-441a-9037-a9cc7d4c7bb1 as the min replicated index is 4. Deletion is not allowed in this container yet.
2019-10-22 00:13:29,031 [EventQueue-ContainerReportForContainerReportHandler] WARN  container.ContainerReportHandler (AbstractContainerReportHandler.java:updateContainerState(145)) - Container #1 is in OPEN state, but the datanode 5e7fe0a0-681e-48dc-b88f-f2277eb9af04{ip: 192.168.69.94, host: pr-hdds-2278-n56mq-2983766359, networkLocation: /default-rack, certSerialId: null} reports an CLOSED replica.
2019-10-22 00:13:29,032 [EventQueue-ContainerReportForContainerReportHandler] WARN  container.ContainerReportHandler (AbstractContainerReportHandler.java:updateContainerState(145)) - Container #1 is in OPEN state, but the datanode 5bee3153-f7ec-473f-a61a-388a1f3ac093{ip: 192.168.69.94, host: pr-hdds-2278-n56mq-2983766359, networkLocation: /default-rack, certSerialId: null} reports an CLOSED replica.
2019-10-22 00:13:29,232 [EventQueue-ContainerReportForContainerReportHandler] WARN  container.ContainerReportHandler (AbstractContainerReportHandler.java:updateContainerState(145)) - Container #1 is in OPEN state, but the datanode 5bee3153-f7ec-473f-a61a-388a1f3ac093{ip: 192.168.69.94, host: pr-hdds-2278-n56mq-2983766359, networkLocation: /default-rack, certSerialId: null} reports an CLOSED replica.
2019-10-22 00:13:29,431 [EventQueue-ContainerReportForContainerReportHandler] WARN  container.ContainerReportHandler (AbstractContainerReportHandler.java:updateContainerState(145)) - Container #1 is in OPEN state, but the datanode 5e7fe0a0-681e-48dc-b88f-f2277eb9af04{ip: 192.168.69.94, host: pr-hdds-2278-n56mq-2983766359, networkLocation: /default-rack, certSerialId: null} reports an CLOSED replica.
2019-10-22 00:13:29,532 [EventQueue-ContainerReportForContainerReportHandler] WARN  container.ContainerReportHandler (AbstractContainerReportHandler.java:updateContainerState(145)) - Container #1 is in OPEN state, but the datanode 5bee3153-f7ec-473f-a61a-388a1f3ac093{ip: 192.168.69.94, host: pr-hdds-2278-n56mq-2983766359, networkLocation: /default-rack, certSerialId: null} reports an CLOSED replica.
2019-10-22 00:13:29,831 [EventQueue-ContainerReportForContainerReportHandler] WARN  container.ContainerReportHandler (AbstractContainerReportHandler.java:updateContainerState(145)) - Container #1 is in OPEN state, but the datanode 5e7fe0a0-681e-48dc-b88f-f2277eb9af04{ip: 192.168.69.94, host: pr-hdds-2278-n56mq-2983766359, networkLocation: /default-rack, certSerialId: null} reports an CLOSED replica.
2019-10-22 00:13:29,908 [BlockDeletingService#2] WARN  background.BlockDeletingService (BlockDeletingService.java:isDeletionAllowed(187)) - Close Container log Index 6 is not replicated across allthe servers in the pipeline 44ab1779-0be6-441a-9037-a9cc7d4c7bb1 as the min replicated index is 4. Deletion is not allowed in this container yet.
2019-10-22 00:13:29,926 [BlockDeletingService#2] WARN  background.BlockDeletingService (BlockDeletingService.java:isDeletionAllowed(187)) - Close Container log Index 6 is not replicated across allthe servers in the pipeline 44ab1779-0be6-441a-9037-a9cc7d4c7bb1 as the min replicated index is 4. Deletion is not allowed in this container yet.
2019-10-22 00:13:29,932 [EventQueue-ContainerReportForContainerReportHandler] WARN  container.ContainerReportHandler (AbstractContainerReportHandler.java:updateContainerState(145)) - Container #1 is in OPEN state, but the datanode 5bee3153-f7ec-473f-a61a-388a1f3ac093{ip: 192.168.69.94, host: pr-hdds-2278-n56mq-2983766359, networkLocation: /default-rack, certSerialId: null} reports an CLOSED replica.
2019-10-22 00:13:30,118 [java.util.concurrent.ThreadPoolExecutor$Worker@206774a5[State = -1, empty queue]] WARN  server.GrpcLogAppender (GrpcLogAppender.java:timeoutAppendRequest(209)) - 5e7fe0a0-681e-48dc-b88f-f2277eb9af04@group-A9CC7D4C7BB1->4ccfaf2e-aae8-4e87-8fab-e6f62fbd25e3-GrpcLogAppender: appendEntries Timeout, request=5e7fe0a0-681e-48dc-b88f-f2277eb9af04->4ccfaf2e-aae8-4e87-8fab-e6f62fbd25e3#26-t1, previous=(t:1, i:10), leaderCommit=10, initializing? false, entries: <empty>
2019-10-22 00:13:30,233 [EventQueue-ContainerReportForContainerReportHandler] WARN  container.ContainerReportHandler (AbstractContainerReportHandler.java:updateContainerState(145)) - Container #1 is in OPEN state, but the datanode 5e7fe0a0-681e-48dc-b88f-f2277eb9af04{ip: 192.168.69.94, host: pr-hdds-2278-n56mq-2983766359, networkLocation: /default-rack, certSerialId: null} reports an CLOSED replica.
2019-10-22 00:13:30,332 [EventQueue-ContainerReportForContainerReportHandler] WARN  container.ContainerReportHandler (AbstractContainerReportHandler.java:updateContainerState(145)) - Container #1 is in OPEN state, but the datanode 5bee3153-f7ec-473f-a61a-388a1f3ac093{ip: 192.168.69.94, host: pr-hdds-2278-n56mq-2983766359, networkLocation: /default-rack, certSerialId: null} reports an CLOSED replica.
2019-10-22 00:13:30,532 [EventQueue-ContainerReportForContainerReportHandler] WARN  container.ContainerReportHandler (AbstractContainerReportHandler.java:updateContainerState(145)) - Container #1 is in OPEN state, but the datanode 5bee3153-f7ec-473f-a61a-388a1f3ac093{ip: 192.168.69.94, host: pr-hdds-2278-n56mq-2983766359, networkLocation: /default-rack, certSerialId: null} reports an CLOSED replica.
2019-10-22 00:13:30,532 [EventQueue-ContainerReportForContainerReportHandler] WARN  container.ContainerReportHandler (AbstractContainerReportHandler.java:updateContainerState(145)) - Container #1 is in OPEN state, but the datanode 5e7fe0a0-681e-48dc-b88f-f2277eb9af04{ip: 192.168.69.94, host: pr-hdds-2278-n56mq-2983766359, networkLocation: /default-rack, certSerialId: null} reports an CLOSED replica.
2019-10-22 00:13:30,832 [EventQueue-ContainerReportForContainerReportHandler] WARN  container.ContainerReportHandler (AbstractContainerReportHandler.java:updateContainerState(145)) - Container #1 is in OPEN state, but the datanode 5e7fe0a0-681e-48dc-b88f-f2277eb9af04{ip: 192.168.69.94, host: pr-hdds-2278-n56mq-2983766359, networkLocation: /default-rack, certSerialId: null} reports an CLOSED replica.
2019-10-22 00:13:30,910 [BlockDeletingService#2] WARN  background.BlockDeletingService (BlockDeletingService.java:isDeletionAllowed(187)) - Close Container log Index 6 is not replicated across allthe servers in the pipeline 44ab1779-0be6-441a-9037-a9cc7d4c7bb1 as the min replicated index is 4. Deletion is not allowed in this container yet.
2019-10-22 00:13:30,927 [BlockDeletingService#2] WARN  background.BlockDeletingService (BlockDeletingService.java:isDeletionAllowed(187)) - Close Container log Index 6 is not replicated across allthe servers in the pipeline 44ab1779-0be6-441a-9037-a9cc7d4c7bb1 as the min replicated index is 4. Deletion is not allowed in this container yet.
2019-10-22 00:13:30,932 [EventQueue-ContainerReportForContainerReportHandler] WARN  container.ContainerReportHandler (AbstractContainerReportHandler.java:updateContainerState(145)) - Container #1 is in OPEN state, but the datanode 5bee3153-f7ec-473f-a61a-388a1f3ac093{ip: 192.168.69.94, host: pr-hdds-2278-n56mq-2983766359, networkLocation: /default-rack, certSerialId: null} reports an CLOSED replica.
2019-10-22 00:13:31,034 [EventQueue-ContainerReportForContainerReportHandler] WARN  container.ContainerReportHandler (AbstractContainerReportHandler.java:updateContainerState(145)) - Container #1 is in OPEN state, but the datanode 5e7fe0a0-681e-48dc-b88f-f2277eb9af04{ip: 192.168.69.94, host: pr-hdds-2278-n56mq-2983766359, networkLocation: /default-rack, certSerialId: null} reports an CLOSED replica.
2019-10-22 00:13:31,132 [EventQueue-ContainerReportForContainerReportHandler] WARN  container.ContainerReportHandler (AbstractContainerReportHandler.java:updateContainerState(145)) - Container #1 is in OPEN state, but the datanode 5bee3153-f7ec-473f-a61a-388a1f3ac093{ip: 192.168.69.94, host: pr-hdds-2278-n56mq-2983766359, networkLocation: /default-rack, certSerialId: null} reports an CLOSED replica.
2019-10-22 00:13:31,232 [EventQueue-ContainerReportForContainerReportHandler] WARN  container.ContainerReportHandler (AbstractContainerReportHandler.java:updateContainerState(145)) - Container #1 is in OPEN state, but the datanode 5e7fe0a0-681e-48dc-b88f-f2277eb9af04{ip: 192.168.69.94, host: pr-hdds-2278-n56mq-2983766359, networkLocation: /default-rack, certSerialId: null} reports an CLOSED replica.
2019-10-22 00:13:31,432 [EventQueue-ContainerReportForContainerReportHandler] WARN  container.ContainerReportHandler (AbstractContainerReportHandler.java:updateContainerState(145)) - Container #1 is in OPEN state, but the datanode 5bee3153-f7ec-473f-a61a-388a1f3ac093{ip: 192.168.69.94, host: pr-hdds-2278-n56mq-2983766359, networkLocation: /default-rack, certSerialId: null} reports an CLOSED replica.
2019-10-22 00:13:31,533 [EventQueue-ContainerReportForContainerReportHandler] WARN  container.ContainerReportHandler (AbstractContainerReportHandler.java:updateContainerState(145)) - Container #1 is in OPEN state, but the datanode 5e7fe0a0-681e-48dc-b88f-f2277eb9af04{ip: 192.168.69.94, host: pr-hdds-2278-n56mq-2983766359, networkLocation: /default-rack, certSerialId: null} reports an CLOSED replica.
2019-10-22 00:13:31,635 [Thread-339] INFO  client.GrpcClientProtocolService (GrpcClientProtocolService.java:lambda$processClientRequest$0(279)) - Failed RaftClientRequest:client-E6BBD608C1E8->5bee3153-f7ec-473f-a61a-388a1f3ac093@group-A9CC7D4C7BB1, cid=10, seq=0, Watch-ALL_COMMITTED(6), Message:<EMPTY>, reply=RaftClientReply:client-E6BBD608C1E8->5bee3153-f7ec-473f-a61a-388a1f3ac093@group-A9CC7D4C7BB1, cid=10, FAILED org.apache.ratis.protocol.NotLeaderException: Server 5bee3153-f7ec-473f-a61a-388a1f3ac093@group-A9CC7D4C7BB1 is not the leader 5e7fe0a0-681e-48dc-b88f-f2277eb9af04:192.168.69.94:38061, logIndex=0, commits[5bee3153-f7ec-473f-a61a-388a1f3ac093:c10, 5e7fe0a0-681e-48dc-b88f-f2277eb9af04:c10, 4ccfaf2e-aae8-4e87-8fab-e6f62fbd25e3:c4]
2019-10-22 00:13:31,733 [EventQueue-ContainerReportForContainerReportHandler] WARN  container.ContainerReportHandler (AbstractContainerReportHandler.java:updateContainerState(145)) - Container #1 is in OPEN state, but the datanode 5e7fe0a0-681e-48dc-b88f-f2277eb9af04{ip: 192.168.69.94, host: pr-hdds-2278-n56mq-2983766359, networkLocation: /default-rack, certSerialId: null} reports an CLOSED replica.
2019-10-22 00:13:31,733 [EventQueue-ContainerReportForContainerReportHandler] WARN  container.ContainerReportHandler (AbstractContainerReportHandler.java:updateContainerState(145)) - Container #1 is in OPEN state, but the datanode 5bee3153-f7ec-473f-a61a-388a1f3ac093{ip: 192.168.69.94, host: pr-hdds-2278-n56mq-2983766359, networkLocation: /default-rack, certSerialId: null} reports an CLOSED replica.
2019-10-22 00:13:31,912 [BlockDeletingService#2] WARN  background.BlockDeletingService (BlockDeletingService.java:isDeletionAllowed(187)) - Close Container log Index 6 is not replicated across allthe servers in the pipeline 44ab1779-0be6-441a-9037-a9cc7d4c7bb1 as the min replicated index is 4. Deletion is not allowed in this container yet.
2019-10-22 00:13:31,928 [BlockDeletingService#2] WARN  background.BlockDeletingService (BlockDeletingService.java:isDeletionAllowed(187)) - Close Container log Index 6 is not replicated across allthe servers in the pipeline 44ab1779-0be6-441a-9037-a9cc7d4c7bb1 as the min replicated index is 4. Deletion is not allowed in this container yet.
2019-10-22 00:13:31,932 [EventQueue-ContainerReportForContainerReportHandler] WARN  container.ContainerReportHandler (AbstractContainerReportHandler.java:updateContainerState(145)) - Container #1 is in OPEN state, but the datanode 5e7fe0a0-681e-48dc-b88f-f2277eb9af04{ip: 192.168.69.94, host: pr-hdds-2278-n56mq-2983766359, networkLocation: /default-rack, certSerialId: null} reports an CLOSED replica.
2019-10-22 00:13:32,032 [EventQueue-ContainerReportForContainerReportHandler] WARN  container.ContainerReportHandler (AbstractContainerReportHandler.java:updateContainerState(145)) - Container #1 is in OPEN state, but the datanode 5bee3153-f7ec-473f-a61a-388a1f3ac093{ip: 192.168.69.94, host: pr-hdds-2278-n56mq-2983766359, networkLocation: /default-rack, certSerialId: null} reports an CLOSED replica.
2019-10-22 00:13:32,332 [EventQueue-ContainerReportForContainerReportHandler] WARN  container.ContainerReportHandler (AbstractContainerReportHandler.java:updateContainerState(145)) - Container #1 is in OPEN state, but the datanode 5bee3153-f7ec-473f-a61a-388a1f3ac093{ip: 192.168.69.94, host: pr-hdds-2278-n56mq-2983766359, networkLocation: /default-rack, certSerialId: null} reports an CLOSED replica.
2019-10-22 00:13:32,332 [EventQueue-ContainerReportForContainerReportHandler] WARN  container.ContainerReportHandler (AbstractContainerReportHandler.java:updateContainerState(145)) - Container #1 is in OPEN state, but the datanode 5e7fe0a0-681e-48dc-b88f-f2277eb9af04{ip: 192.168.69.94, host: pr-hdds-2278-n56mq-2983766359, networkLocation: /default-rack, certSerialId: null} reports an CLOSED replica.
2019-10-22 00:13:32,620 [java.util.concurrent.ThreadPoolExecutor$Worker@206774a5[State = -1, empty queue]] WARN  server.GrpcLogAppender (GrpcLogAppender.java:timeoutAppendRequest(209)) - 5e7fe0a0-681e-48dc-b88f-f2277eb9af04@group-A9CC7D4C7BB1->4ccfaf2e-aae8-4e87-8fab-e6f62fbd25e3-GrpcLogAppender: appendEntries Timeout, request=5e7fe0a0-681e-48dc-b88f-f2277eb9af04->4ccfaf2e-aae8-4e87-8fab-e6f62fbd25e3#27-t1, previous=(t:1, i:10), leaderCommit=10, initializing? false, entries: <empty>
2019-10-22 00:13:32,733 [EventQueue-ContainerReportForContainerReportHandler] WARN  container.ContainerReportHandler (AbstractContainerReportHandler.java:updateContainerState(145)) - Container #1 is in OPEN state, but the datanode 5bee3153-f7ec-473f-a61a-388a1f3ac093{ip: 192.168.69.94, host: pr-hdds-2278-n56mq-2983766359, networkLocation: /default-rack, certSerialId: null} reports an CLOSED replica.
2019-10-22 00:13:32,733 [EventQueue-ContainerReportForContainerReportHandler] WARN  container.ContainerReportHandler (AbstractContainerReportHandler.java:updateContainerState(145)) - Container #1 is in OPEN state, but the datanode 5e7fe0a0-681e-48dc-b88f-f2277eb9af04{ip: 192.168.69.94, host: pr-hdds-2278-n56mq-2983766359, networkLocation: /default-rack, certSerialId: null} reports an CLOSED replica.
2019-10-22 00:13:32,884 [Thread-345] INFO  client.GrpcClientProtocolService (GrpcClientProtocolService.java:lambda$processClientRequest$0(279)) - Failed RaftClientRequest:client-E6BBD608C1E8->5e7fe0a0-681e-48dc-b88f-f2277eb9af04@group-A9CC7D4C7BB1, cid=10, seq=0, Watch-ALL_COMMITTED(6), Message:<EMPTY>, reply=RaftClientReply:client-E6BBD608C1E8->5e7fe0a0-681e-48dc-b88f-f2277eb9af04@group-A9CC7D4C7BB1, cid=10, FAILED org.apache.ratis.protocol.NotReplicatedException: Request with call Id 10 and log index 6 is not yet replicated to ALL_COMMITTED, logIndex=6, commits[5e7fe0a0-681e-48dc-b88f-f2277eb9af04:c10, 5bee3153-f7ec-473f-a61a-388a1f3ac093:c10, 4ccfaf2e-aae8-4e87-8fab-e6f62fbd25e3:c4]
2019-10-22 00:13:32,913 [BlockDeletingService#2] WARN  background.BlockDeletingService (BlockDeletingService.java:isDeletionAllowed(187)) - Close Container log Index 6 is not replicated across allthe servers in the pipeline 44ab1779-0be6-441a-9037-a9cc7d4c7bb1 as the min replicated index is 4. Deletion is not allowed in this container yet.
2019-10-22 00:13:32,929 [BlockDeletingService#2] WARN  background.BlockDeletingService (BlockDeletingService.java:isDeletionAllowed(187)) - Close Container log Index 6 is not replicated across allthe servers in the pipeline 44ab1779-0be6-441a-9037-a9cc7d4c7bb1 as the min replicated index is 4. Deletion is not allowed in this container yet.
2019-10-22 00:13:32,932 [EventQueue-ContainerReportForContainerReportHandler] WARN  container.ContainerReportHandler (AbstractContainerReportHandler.java:updateContainerState(145)) - Container #1 is in OPEN state, but the datanode 5bee3153-f7ec-473f-a61a-388a1f3ac093{ip: 192.168.69.94, host: pr-hdds-2278-n56mq-2983766359, networkLocation: /default-rack, certSerialId: null} reports an CLOSED replica.
2019-10-22 00:13:33,034 [EventQueue-ContainerReportForContainerReportHandler] WARN  container.ContainerReportHandler (AbstractContainerReportHandler.java:updateContainerState(145)) - Container #1 is in OPEN state, but the datanode 5e7fe0a0-681e-48dc-b88f-f2277eb9af04{ip: 192.168.69.94, host: pr-hdds-2278-n56mq-2983766359, networkLocation: /default-rack, certSerialId: null} reports an CLOSED replica.
2019-10-22 00:13:33,233 [EventQueue-ContainerReportForContainerReportHandler] WARN  container.ContainerReportHandler (AbstractContainerReportHandler.java:updateContainerState(145)) - Container #1 is in OPEN state, but the datanode 5bee3153-f7ec-473f-a61a-388a1f3ac093{ip: 192.168.69.94, host: pr-hdds-2278-n56mq-2983766359, networkLocation: /default-rack, certSerialId: null} reports an CLOSED replica.
2019-10-22 00:13:33,234 [EventQueue-ContainerReportForContainerReportHandler] WARN  container.ContainerReportHandler (AbstractContainerReportHandler.java:updateContainerState(145)) - Container #1 is in OPEN state, but the datanode 5e7fe0a0-681e-48dc-b88f-f2277eb9af04{ip: 192.168.69.94, host: pr-hdds-2278-n56mq-2983766359, networkLocation: /default-rack, certSerialId: null} reports an CLOSED replica.
2019-10-22 00:13:33,533 [EventQueue-ContainerReportForContainerReportHandler] WARN  container.ContainerReportHandler (AbstractContainerReportHandler.java:updateContainerState(145)) - Container #1 is in OPEN state, but the datanode 5bee3153-f7ec-473f-a61a-388a1f3ac093{ip: 192.168.69.94, host: pr-hdds-2278-n56mq-2983766359, networkLocation: /default-rack, certSerialId: null} reports an CLOSED replica.
2019-10-22 00:13:33,534 [EventQueue-ContainerReportForContainerReportHandler] WARN  container.ContainerReportHandler (AbstractContainerReportHandler.java:updateContainerState(145)) - Container #1 is in OPEN state, but the datanode 5e7fe0a0-681e-48dc-b88f-f2277eb9af04{ip: 192.168.69.94, host: pr-hdds-2278-n56mq-2983766359, networkLocation: /default-rack, certSerialId: null} reports an CLOSED replica.
2019-10-22 00:13:33,734 [EventQueue-ContainerReportForContainerReportHandler] WARN  container.ContainerReportHandler (AbstractContainerReportHandler.java:updateContainerState(145)) - Container #1 is in OPEN state, but the datanode 5e7fe0a0-681e-48dc-b88f-f2277eb9af04{ip: 192.168.69.94, host: pr-hdds-2278-n56mq-2983766359, networkLocation: /default-rack, certSerialId: null} reports an CLOSED replica.
2019-10-22 00:13:33,835 [EventQueue-ContainerReportForContainerReportHandler] WARN  container.ContainerReportHandler (AbstractContainerReportHandler.java:updateContainerState(145)) - Container #1 is in OPEN state, but the datanode 5bee3153-f7ec-473f-a61a-388a1f3ac093{ip: 192.168.69.94, host: pr-hdds-2278-n56mq-2983766359, networkLocation: /default-rack, certSerialId: null} reports an CLOSED replica.
2019-10-22 00:13:33,915 [BlockDeletingService#2] WARN  background.BlockDeletingService (BlockDeletingService.java:isDeletionAllowed(187)) - Close Container log Index 6 is not replicated across allthe servers in the pipeline 44ab1779-0be6-441a-9037-a9cc7d4c7bb1 as the min replicated index is 4. Deletion is not allowed in this container yet.
2019-10-22 00:13:33,934 [BlockDeletingService#2] WARN  background.BlockDeletingService (BlockDeletingService.java:isDeletionAllowed(187)) - Close Container log Index 6 is not replicated across allthe servers in the pipeline 44ab1779-0be6-441a-9037-a9cc7d4c7bb1 as the min replicated index is 4. Deletion is not allowed in this container yet.
2019-10-22 00:13:34,136 [EventQueue-ContainerReportForContainerReportHandler] WARN  container.ContainerReportHandler (AbstractContainerReportHandler.java:updateContainerState(145)) - Container #1 is in OPEN state, but the datanode 5e7fe0a0-681e-48dc-b88f-f2277eb9af04{ip: 192.168.69.94, host: pr-hdds-2278-n56mq-2983766359, networkLocation: /default-rack, certSerialId: null} reports an CLOSED replica.
2019-10-22 00:13:34,235 [EventQueue-ContainerReportForContainerReportHandler] WARN  container.ContainerReportHandler (AbstractContainerReportHandler.java:updateContainerState(145)) - Container #1 is in OPEN state, but the datanode 5bee3153-f7ec-473f-a61a-388a1f3ac093{ip: 192.168.69.94, host: pr-hdds-2278-n56mq-2983766359, networkLocation: /default-rack, certSerialId: null} reports an CLOSED replica.
2019-10-22 00:13:34,435 [EventQueue-ContainerReportForContainerReportHandler] WARN  container.ContainerReportHandler (AbstractContainerReportHandler.java:updateContainerState(145)) - Container #1 is in OPEN state, but the datanode 5bee3153-f7ec-473f-a61a-388a1f3ac093{ip: 192.168.69.94, host: pr-hdds-2278-n56mq-2983766359, networkLocation: /default-rack, certSerialId: null} reports an CLOSED replica.
2019-10-22 00:13:34,437 [EventQueue-ContainerReportForContainerReportHandler] WARN  container.ContainerReportHandler (AbstractContainerReportHandler.java:updateContainerState(145)) - Container #1 is in OPEN state, but the datanode 5e7fe0a0-681e-48dc-b88f-f2277eb9af04{ip: 192.168.69.94, host: pr-hdds-2278-n56mq-2983766359, networkLocation: /default-rack, certSerialId: null} reports an CLOSED replica.
2019-10-22 00:13:34,636 [EventQueue-ContainerReportForContainerReportHandler] WARN  container.ContainerReportHandler (AbstractContainerReportHandler.java:updateContainerState(145)) - Container #1 is in OPEN state, but the datanode 5bee3153-f7ec-473f-a61a-388a1f3ac093{ip: 192.168.69.94, host: pr-hdds-2278-n56mq-2983766359, networkLocation: /default-rack, certSerialId: null} reports an CLOSED replica.
2019-10-22 00:13:34,737 [EventQueue-ContainerReportForContainerReportHandler] WARN  container.ContainerReportHandler (AbstractContainerReportHandler.java:updateContainerState(145)) - Container #1 is in OPEN state, but the datanode 5e7fe0a0-681e-48dc-b88f-f2277eb9af04{ip: 192.168.69.94, host: pr-hdds-2278-n56mq-2983766359, networkLocation: /default-rack, certSerialId: null} reports an CLOSED replica.
2019-10-22 00:13:34,838 [EventQueue-ContainerReportForContainerReportHandler] WARN  container.ContainerReportHandler (AbstractContainerReportHandler.java:updateContainerState(145)) - Container #1 is in OPEN state, but the datanode 5bee3153-f7ec-473f-a61a-388a1f3ac093{ip: 192.168.69.94, host: pr-hdds-2278-n56mq-2983766359, networkLocation: /default-rack, certSerialId: null} reports an CLOSED replica.
2019-10-22 00:13:34,917 [BlockDeletingService#2] WARN  background.BlockDeletingService (BlockDeletingService.java:isDeletionAllowed(187)) - Close Container log Index 6 is not replicated across allthe servers in the pipeline 44ab1779-0be6-441a-9037-a9cc7d4c7bb1 as the min replicated index is 4. Deletion is not allowed in this container yet.
2019-10-22 00:13:34,935 [BlockDeletingService#2] WARN  background.BlockDeletingService (BlockDeletingService.java:isDeletionAllowed(187)) - Close Container log Index 6 is not replicated across allthe servers in the pipeline 44ab1779-0be6-441a-9037-a9cc7d4c7bb1 as the min replicated index is 4. Deletion is not allowed in this container yet.
2019-10-22 00:13:34,937 [EventQueue-ContainerReportForContainerReportHandler] WARN  container.ContainerReportHandler (AbstractContainerReportHandler.java:updateContainerState(145)) - Container #1 is in OPEN state, but the datanode 5e7fe0a0-681e-48dc-b88f-f2277eb9af04{ip: 192.168.69.94, host: pr-hdds-2278-n56mq-2983766359, networkLocation: /default-rack, certSerialId: null} reports an CLOSED replica.
2019-10-22 00:13:35,121 [java.util.concurrent.ThreadPoolExecutor$Worker@206774a5[State = -1, empty queue]] WARN  server.GrpcLogAppender (GrpcLogAppender.java:timeoutAppendRequest(209)) - 5e7fe0a0-681e-48dc-b88f-f2277eb9af04@group-A9CC7D4C7BB1->4ccfaf2e-aae8-4e87-8fab-e6f62fbd25e3-GrpcLogAppender: appendEntries Timeout, request=5e7fe0a0-681e-48dc-b88f-f2277eb9af04->4ccfaf2e-aae8-4e87-8fab-e6f62fbd25e3#28-t1, previous=(t:1, i:10), leaderCommit=10, initializing? false, entries: <empty>
2019-10-22 00:13:35,138 [EventQueue-ContainerReportForContainerReportHandler] WARN  container.ContainerReportHandler (AbstractContainerReportHandler.java:updateContainerState(145)) - Container #1 is in OPEN state, but the datanode 5bee3153-f7ec-473f-a61a-388a1f3ac093{ip: 192.168.69.94, host: pr-hdds-2278-n56mq-2983766359, networkLocation: /default-rack, certSerialId: null} reports an CLOSED replica.
2019-10-22 00:13:35,338 [EventQueue-ContainerReportForContainerReportHandler] WARN  container.ContainerReportHandler (AbstractContainerReportHandler.java:updateContainerState(145)) - Container #1 is in OPEN state, but the datanode 5e7fe0a0-681e-48dc-b88f-f2277eb9af04{ip: 192.168.69.94, host: pr-hdds-2278-n56mq-2983766359, networkLocation: /default-rack, certSerialId: null} reports an CLOSED replica.
2019-10-22 00:13:35,338 [EventQueue-ContainerReportForContainerReportHandler] WARN  container.ContainerReportHandler (AbstractContainerReportHandler.java:updateContainerState(145)) - Container #1 is in OPEN state, but the datanode 5bee3153-f7ec-473f-a61a-388a1f3ac093{ip: 192.168.69.94, host: pr-hdds-2278-n56mq-2983766359, networkLocation: /default-rack, certSerialId: null} reports an CLOSED replica.
2019-10-22 00:13:35,638 [EventQueue-ContainerReportForContainerReportHandler] WARN  container.ContainerReportHandler (AbstractContainerReportHandler.java:updateContainerState(145)) - Container #1 is in OPEN state, but the datanode 5bee3153-f7ec-473f-a61a-388a1f3ac093{ip: 192.168.69.94, host: pr-hdds-2278-n56mq-2983766359, networkLocation: /default-rack, certSerialId: null} reports an CLOSED replica.
2019-10-22 00:13:35,639 [EventQueue-ContainerReportForContainerReportHandler] WARN  container.ContainerReportHandler (AbstractContainerReportHandler.java:updateContainerState(145)) - Container #1 is in OPEN state, but the datanode 5e7fe0a0-681e-48dc-b88f-f2277eb9af04{ip: 192.168.69.94, host: pr-hdds-2278-n56mq-2983766359, networkLocation: /default-rack, certSerialId: null} reports an CLOSED replica.
2019-10-22 00:13:35,918 [BlockDeletingService#2] WARN  background.BlockDeletingService (BlockDeletingService.java:isDeletionAllowed(187)) - Close Container log Index 6 is not replicated across allthe servers in the pipeline 44ab1779-0be6-441a-9037-a9cc7d4c7bb1 as the min replicated index is 4. Deletion is not allowed in this container yet.
2019-10-22 00:13:35,936 [BlockDeletingService#2] WARN  background.BlockDeletingService (BlockDeletingService.java:isDeletionAllowed(187)) - Close Container log Index 6 is not replicated across allthe servers in the pipeline 44ab1779-0be6-441a-9037-a9cc7d4c7bb1 as the min replicated index is 4. Deletion is not allowed in this container yet.
2019-10-22 00:13:35,938 [EventQueue-ContainerReportForContainerReportHandler] WARN  container.ContainerReportHandler (AbstractContainerReportHandler.java:updateContainerState(145)) - Container #1 is in OPEN state, but the datanode 5bee3153-f7ec-473f-a61a-388a1f3ac093{ip: 192.168.69.94, host: pr-hdds-2278-n56mq-2983766359, networkLocation: /default-rack, certSerialId: null} reports an CLOSED replica.
2019-10-22 00:13:36,039 [EventQueue-ContainerReportForContainerReportHandler] WARN  container.ContainerReportHandler (AbstractContainerReportHandler.java:updateContainerState(145)) - Container #1 is in OPEN state, but the datanode 5e7fe0a0-681e-48dc-b88f-f2277eb9af04{ip: 192.168.69.94, host: pr-hdds-2278-n56mq-2983766359, networkLocation: /default-rack, certSerialId: null} reports an CLOSED replica.
2019-10-22 00:13:36,239 [EventQueue-ContainerReportForContainerReportHandler] WARN  container.ContainerReportHandler (AbstractContainerReportHandler.java:updateContainerState(145)) - Container #1 is in OPEN state, but the datanode 5e7fe0a0-681e-48dc-b88f-f2277eb9af04{ip: 192.168.69.94, host: pr-hdds-2278-n56mq-2983766359, networkLocation: /default-rack, certSerialId: null} reports an CLOSED replica.
2019-10-22 00:13:36,339 [EventQueue-ContainerReportForContainerReportHandler] WARN  container.ContainerReportHandler (AbstractContainerReportHandler.java:updateContainerState(145)) - Container #1 is in OPEN state, but the datanode 5bee3153-f7ec-473f-a61a-388a1f3ac093{ip: 192.168.69.94, host: pr-hdds-2278-n56mq-2983766359, networkLocation: /default-rack, certSerialId: null} reports an CLOSED replica.
2019-10-22 00:13:36,540 [EventQueue-ContainerReportForContainerReportHandler] WARN  container.ContainerReportHandler (AbstractContainerReportHandler.java:updateContainerState(145)) - Container #1 is in OPEN state, but the datanode 5e7fe0a0-681e-48dc-b88f-f2277eb9af04{ip: 192.168.69.94, host: pr-hdds-2278-n56mq-2983766359, networkLocation: /default-rack, certSerialId: null} reports an CLOSED replica.
2019-10-22 00:13:36,639 [EventQueue-ContainerReportForContainerReportHandler] WARN  container.ContainerReportHandler (AbstractContainerReportHandler.java:updateContainerState(145)) - Container #1 is in OPEN state, but the datanode 5bee3153-f7ec-473f-a61a-388a1f3ac093{ip: 192.168.69.94, host: pr-hdds-2278-n56mq-2983766359, networkLocation: /default-rack, certSerialId: null} reports an CLOSED replica.
2019-10-22 00:13:36,740 [EventQueue-ContainerReportForContainerReportHandler] WARN  container.ContainerReportHandler (AbstractContainerReportHandler.java:updateContainerState(145)) - Container #1 is in OPEN state, but the datanode 5e7fe0a0-681e-48dc-b88f-f2277eb9af04{ip: 192.168.69.94, host: pr-hdds-2278-n56mq-2983766359, networkLocation: /default-rack, certSerialId: null} reports an CLOSED replica.
2019-10-22 00:13:36,919 [BlockDeletingService#2] WARN  background.BlockDeletingService (BlockDeletingService.java:isDeletionAllowed(187)) - Close Container log Index 6 is not replicated across allthe servers in the pipeline 44ab1779-0be6-441a-9037-a9cc7d4c7bb1 as the min replicated index is 4. Deletion is not allowed in this container yet.
2019-10-22 00:13:36,937 [BlockDeletingService#2] WARN  background.BlockDeletingService (BlockDeletingService.java:isDeletionAllowed(187)) - Close Container log Index 6 is not replicated across allthe servers in the pipeline 44ab1779-0be6-441a-9037-a9cc7d4c7bb1 as the min replicated index is 4. Deletion is not allowed in this container yet.
2019-10-22 00:13:36,939 [EventQueue-ContainerReportForContainerReportHandler] WARN  container.ContainerReportHandler (AbstractContainerReportHandler.java:updateContainerState(145)) - Container #1 is in OPEN state, but the datanode 5bee3153-f7ec-473f-a61a-388a1f3ac093{ip: 192.168.69.94, host: pr-hdds-2278-n56mq-2983766359, networkLocation: /default-rack, certSerialId: null} reports an CLOSED replica.
2019-10-22 00:13:37,139 [EventQueue-ContainerReportForContainerReportHandler] WARN  container.ContainerReportHandler (AbstractContainerReportHandler.java:updateContainerState(145)) - Container #1 is in OPEN state, but the datanode 5bee3153-f7ec-473f-a61a-388a1f3ac093{ip: 192.168.69.94, host: pr-hdds-2278-n56mq-2983766359, networkLocation: /default-rack, certSerialId: null} reports an CLOSED replica.
2019-10-22 00:13:37,141 [EventQueue-ContainerReportForContainerReportHandler] WARN  container.ContainerReportHandler (AbstractContainerReportHandler.java:updateContainerState(145)) - Container #1 is in OPEN state, but the datanode 5e7fe0a0-681e-48dc-b88f-f2277eb9af04{ip: 192.168.69.94, host: pr-hdds-2278-n56mq-2983766359, networkLocation: /default-rack, certSerialId: null} reports an CLOSED replica.
2019-10-22 00:13:37,341 [EventQueue-ContainerReportForContainerReportHandler] WARN  container.ContainerReportHandler (AbstractContainerReportHandler.java:updateContainerState(145)) - Container #1 is in OPEN state, but the datanode 5e7fe0a0-681e-48dc-b88f-f2277eb9af04{ip: 192.168.69.94, host: pr-hdds-2278-n56mq-2983766359, networkLocation: /default-rack, certSerialId: null} reports an CLOSED replica.
2019-10-22 00:13:37,440 [EventQueue-ContainerReportForContainerReportHandler] WARN  container.ContainerReportHandler (AbstractContainerReportHandler.java:updateContainerState(145)) - Container #1 is in OPEN state, but the datanode 5bee3153-f7ec-473f-a61a-388a1f3ac093{ip: 192.168.69.94, host: pr-hdds-2278-n56mq-2983766359, networkLocation: /default-rack, certSerialId: null} reports an CLOSED replica.
2019-10-22 00:13:37,622 [java.util.concurrent.ThreadPoolExecutor$Worker@206774a5[State = -1, empty queue]] WARN  server.GrpcLogAppender (GrpcLogAppender.java:timeoutAppendRequest(209)) - 5e7fe0a0-681e-48dc-b88f-f2277eb9af04@group-A9CC7D4C7BB1->4ccfaf2e-aae8-4e87-8fab-e6f62fbd25e3-GrpcLogAppender: appendEntries Timeout, request=5e7fe0a0-681e-48dc-b88f-f2277eb9af04->4ccfaf2e-aae8-4e87-8fab-e6f62fbd25e3#29-t1, previous=(t:1, i:10), leaderCommit=10, initializing? false, entries: <empty>
2019-10-22 00:13:37,642 [EventQueue-ContainerReportForContainerReportHandler] WARN  container.ContainerReportHandler (AbstractContainerReportHandler.java:updateContainerState(145)) - Container #1 is in OPEN state, but the datanode 5e7fe0a0-681e-48dc-b88f-f2277eb9af04{ip: 192.168.69.94, host: pr-hdds-2278-n56mq-2983766359, networkLocation: /default-rack, certSerialId: null} reports an CLOSED replica.
2019-10-22 00:13:37,739 [EventQueue-ContainerReportForContainerReportHandler] WARN  container.ContainerReportHandler (AbstractContainerReportHandler.java:updateContainerState(145)) - Container #1 is in OPEN state, but the datanode 5bee3153-f7ec-473f-a61a-388a1f3ac093{ip: 192.168.69.94, host: pr-hdds-2278-n56mq-2983766359, networkLocation: /default-rack, certSerialId: null} reports an CLOSED replica.
2019-10-22 00:13:37,920 [BlockDeletingService#2] WARN  background.BlockDeletingService (BlockDeletingService.java:isDeletionAllowed(187)) - Close Container log Index 6 is not replicated across allthe servers in the pipeline 44ab1779-0be6-441a-9037-a9cc7d4c7bb1 as the min replicated index is 4. Deletion is not allowed in this container yet.
2019-10-22 00:13:37,938 [BlockDeletingService#2] WARN  background.BlockDeletingService (BlockDeletingService.java:isDeletionAllowed(187)) - Close Container log Index 6 is not replicated across allthe servers in the pipeline 44ab1779-0be6-441a-9037-a9cc7d4c7bb1 as the min replicated index is 4. Deletion is not allowed in this container yet.
2019-10-22 00:13:38,039 [EventQueue-ContainerReportForContainerReportHandler] WARN  container.ContainerReportHandler (AbstractContainerReportHandler.java:updateContainerState(145)) - Container #1 is in OPEN state, but the datanode 5bee3153-f7ec-473f-a61a-388a1f3ac093{ip: 192.168.69.94, host: pr-hdds-2278-n56mq-2983766359, networkLocation: /default-rack, certSerialId: null} reports an CLOSED replica.
2019-10-22 00:13:38,042 [EventQueue-ContainerReportForContainerReportHandler] WARN  container.ContainerReportHandler (AbstractContainerReportHandler.java:updateContainerState(145)) - Container #1 is in OPEN state, but the datanode 5e7fe0a0-681e-48dc-b88f-f2277eb9af04{ip: 192.168.69.94, host: pr-hdds-2278-n56mq-2983766359, networkLocation: /default-rack, certSerialId: null} reports an CLOSED replica.
2019-10-22 00:13:38,339 [EventQueue-ContainerReportForContainerReportHandler] WARN  container.ContainerReportHandler (AbstractContainerReportHandler.java:updateContainerState(145)) - Container #1 is in OPEN state, but the datanode 5bee3153-f7ec-473f-a61a-388a1f3ac093{ip: 192.168.69.94, host: pr-hdds-2278-n56mq-2983766359, networkLocation: /default-rack, certSerialId: null} reports an CLOSED replica.
2019-10-22 00:13:38,342 [EventQueue-ContainerReportForContainerReportHandler] WARN  container.ContainerReportHandler (AbstractContainerReportHandler.java:updateContainerState(145)) - Container #1 is in OPEN state, but the datanode 5e7fe0a0-681e-48dc-b88f-f2277eb9af04{ip: 192.168.69.94, host: pr-hdds-2278-n56mq-2983766359, networkLocation: /default-rack, certSerialId: null} reports an CLOSED replica.
2019-10-22 00:13:38,640 [EventQueue-ContainerReportForContainerReportHandler] WARN  container.ContainerReportHandler (AbstractContainerReportHandler.java:updateContainerState(145)) - Container #1 is in OPEN state, but the datanode 5bee3153-f7ec-473f-a61a-388a1f3ac093{ip: 192.168.69.94, host: pr-hdds-2278-n56mq-2983766359, networkLocation: /default-rack, certSerialId: null} reports an CLOSED replica.
2019-10-22 00:13:38,744 [EventQueue-ContainerReportForContainerReportHandler] WARN  container.ContainerReportHandler (AbstractContainerReportHandler.java:updateContainerState(145)) - Container #1 is in OPEN state, but the datanode 5e7fe0a0-681e-48dc-b88f-f2277eb9af04{ip: 192.168.69.94, host: pr-hdds-2278-n56mq-2983766359, networkLocation: /default-rack, certSerialId: null} reports an CLOSED replica.
2019-10-22 00:13:38,840 [EventQueue-ContainerReportForContainerReportHandler] WARN  container.ContainerReportHandler (AbstractContainerReportHandler.java:updateContainerState(145)) - Container #1 is in OPEN state, but the datanode 5bee3153-f7ec-473f-a61a-388a1f3ac093{ip: 192.168.69.94, host: pr-hdds-2278-n56mq-2983766359, networkLocation: /default-rack, certSerialId: null} reports an CLOSED replica.
2019-10-22 00:13:38,921 [BlockDeletingService#2] WARN  background.BlockDeletingService (BlockDeletingService.java:isDeletionAllowed(187)) - Close Container log Index 6 is not replicated across allthe servers in the pipeline 44ab1779-0be6-441a-9037-a9cc7d4c7bb1 as the min replicated index is 4. Deletion is not allowed in this container yet.
2019-10-22 00:13:38,939 [BlockDeletingService#2] WARN  background.BlockDeletingService (BlockDeletingService.java:isDeletionAllowed(187)) - Close Container log Index 6 is not replicated across allthe servers in the pipeline 44ab1779-0be6-441a-9037-a9cc7d4c7bb1 as the min replicated index is 4. Deletion is not allowed in this container yet.
2019-10-22 00:13:39,044 [EventQueue-ContainerReportForContainerReportHandler] WARN  container.ContainerReportHandler (AbstractContainerReportHandler.java:updateContainerState(145)) - Container #1 is in OPEN state, but the datanode 5e7fe0a0-681e-48dc-b88f-f2277eb9af04{ip: 192.168.69.94, host: pr-hdds-2278-n56mq-2983766359, networkLocation: /default-rack, certSerialId: null} reports an CLOSED replica.
2019-10-22 00:13:39,241 [EventQueue-ContainerReportForContainerReportHandler] WARN  container.ContainerReportHandler (AbstractContainerReportHandler.java:updateContainerState(145)) - Container #1 is in OPEN state, but the datanode 5bee3153-f7ec-473f-a61a-388a1f3ac093{ip: 192.168.69.94, host: pr-hdds-2278-n56mq-2983766359, networkLocation: /default-rack, certSerialId: null} reports an CLOSED replica.
2019-10-22 00:13:39,345 [EventQueue-ContainerReportForContainerReportHandler] WARN  container.ContainerReportHandler (AbstractContainerReportHandler.java:updateContainerState(145)) - Container #1 is in OPEN state, but the datanode 5e7fe0a0-681e-48dc-b88f-f2277eb9af04{ip: 192.168.69.94, host: pr-hdds-2278-n56mq-2983766359, networkLocation: /default-rack, certSerialId: null} reports an CLOSED replica.
2019-10-22 00:13:39,540 [EventQueue-ContainerReportForContainerReportHandler] WARN  container.ContainerReportHandler (AbstractContainerReportHandler.java:updateContainerState(145)) - Container #1 is in OPEN state, but the datanode 5bee3153-f7ec-473f-a61a-388a1f3ac093{ip: 192.168.69.94, host: pr-hdds-2278-n56mq-2983766359, networkLocation: /default-rack, certSerialId: null} reports an CLOSED replica.
2019-10-22 00:13:39,745 [EventQueue-ContainerReportForContainerReportHandler] WARN  container.ContainerReportHandler (AbstractContainerReportHandler.java:updateContainerState(145)) - Container #1 is in OPEN state, but the datanode 5e7fe0a0-681e-48dc-b88f-f2277eb9af04{ip: 192.168.69.94, host: pr-hdds-2278-n56mq-2983766359, networkLocation: /default-rack, certSerialId: null} reports an CLOSED replica.
2019-10-22 00:13:39,840 [EventQueue-ContainerReportForContainerReportHandler] WARN  container.ContainerReportHandler (AbstractContainerReportHandler.java:updateContainerState(145)) - Container #1 is in OPEN state, but the datanode 5bee3153-f7ec-473f-a61a-388a1f3ac093{ip: 192.168.69.94, host: pr-hdds-2278-n56mq-2983766359, networkLocation: /default-rack, certSerialId: null} reports an CLOSED replica.
2019-10-22 00:13:39,922 [BlockDeletingService#2] WARN  background.BlockDeletingService (BlockDeletingService.java:isDeletionAllowed(187)) - Close Container log Index 6 is not replicated across allthe servers in the pipeline 44ab1779-0be6-441a-9037-a9cc7d4c7bb1 as the min replicated index is 4. Deletion is not allowed in this container yet.
2019-10-22 00:13:39,940 [BlockDeletingService#2] WARN  background.BlockDeletingService (BlockDeletingService.java:isDeletionAllowed(187)) - Close Container log Index 6 is not replicated across allthe servers in the pipeline 44ab1779-0be6-441a-9037-a9cc7d4c7bb1 as the min replicated index is 4. Deletion is not allowed in this container yet.
2019-10-22 00:13:39,945 [EventQueue-ContainerReportForContainerReportHandler] WARN  container.ContainerReportHandler (AbstractContainerReportHandler.java:updateContainerState(145)) - Container #1 is in OPEN state, but the datanode 5e7fe0a0-681e-48dc-b88f-f2277eb9af04{ip: 192.168.69.94, host: pr-hdds-2278-n56mq-2983766359, networkLocation: /default-rack, certSerialId: null} reports an CLOSED replica.
2019-10-22 00:13:40,123 [java.util.concurrent.ThreadPoolExecutor$Worker@206774a5[State = -1, empty queue]] WARN  server.GrpcLogAppender (GrpcLogAppender.java:timeoutAppendRequest(209)) - 5e7fe0a0-681e-48dc-b88f-f2277eb9af04@group-A9CC7D4C7BB1->4ccfaf2e-aae8-4e87-8fab-e6f62fbd25e3-GrpcLogAppender: appendEntries Timeout, request=5e7fe0a0-681e-48dc-b88f-f2277eb9af04->4ccfaf2e-aae8-4e87-8fab-e6f62fbd25e3#30-t1, previous=(t:1, i:10), leaderCommit=10, initializing? false, entries: <empty>
2019-10-22 00:13:40,140 [EventQueue-ContainerReportForContainerReportHandler] WARN  container.ContainerReportHandler (AbstractContainerReportHandler.java:updateContainerState(145)) - Container #1 is in OPEN state, but the datanode 5bee3153-f7ec-473f-a61a-388a1f3ac093{ip: 192.168.69.94, host: pr-hdds-2278-n56mq-2983766359, networkLocation: /default-rack, certSerialId: null} reports an CLOSED replica.
2019-10-22 00:13:40,245 [EventQueue-ContainerReportForContainerReportHandler] WARN  container.ContainerReportHandler (AbstractContainerReportHandler.java:updateContainerState(145)) - Container #1 is in OPEN state, but the datanode 5e7fe0a0-681e-48dc-b88f-f2277eb9af04{ip: 192.168.69.94, host: pr-hdds-2278-n56mq-2983766359, networkLocation: /default-rack, certSerialId: null} reports an CLOSED replica.
2019-10-22 00:13:40,540 [EventQueue-ContainerReportForContainerReportHandler] WARN  container.ContainerReportHandler (AbstractContainerReportHandler.java:updateContainerState(145)) - Container #1 is in OPEN state, but the datanode 5bee3153-f7ec-473f-a61a-388a1f3ac093{ip: 192.168.69.94, host: pr-hdds-2278-n56mq-2983766359, networkLocation: /default-rack, certSerialId: null} reports an CLOSED replica.
2019-10-22 00:13:40,645 [EventQueue-ContainerReportForContainerReportHandler] WARN  container.ContainerReportHandler (AbstractContainerReportHandler.java:updateContainerState(145)) - Container #1 is in OPEN state, but the datanode 5e7fe0a0-681e-48dc-b88f-f2277eb9af04{ip: 192.168.69.94, host: pr-hdds-2278-n56mq-2983766359, networkLocation: /default-rack, certSerialId: null} reports an CLOSED replica.
2019-10-22 00:13:40,740 [EventQueue-ContainerReportForContainerReportHandler] WARN  container.ContainerReportHandler (AbstractContainerReportHandler.java:updateContainerState(145)) - Container #1 is in OPEN state, but the datanode 5bee3153-f7ec-473f-a61a-388a1f3ac093{ip: 192.168.69.94, host: pr-hdds-2278-n56mq-2983766359, networkLocation: /default-rack, certSerialId: null} reports an CLOSED replica.
2019-10-22 00:13:40,923 [BlockDeletingService#2] WARN  background.BlockDeletingService (BlockDeletingService.java:isDeletionAllowed(187)) - Close Container log Index 6 is not replicated across allthe servers in the pipeline 44ab1779-0be6-441a-9037-a9cc7d4c7bb1 as the min replicated index is 4. Deletion is not allowed in this container yet.
2019-10-22 00:13:40,941 [EventQueue-ContainerReportForContainerReportHandler] WARN  container.ContainerReportHandler (AbstractContainerReportHandler.java:updateContainerState(145)) - Container #1 is in OPEN state, but the datanode 5bee3153-f7ec-473f-a61a-388a1f3ac093{ip: 192.168.69.94, host: pr-hdds-2278-n56mq-2983766359, networkLocation: /default-rack, certSerialId: null} reports an CLOSED replica.
2019-10-22 00:13:40,941 [BlockDeletingService#2] WARN  background.BlockDeletingService (BlockDeletingService.java:isDeletionAllowed(187)) - Close Container log Index 6 is not replicated across allthe servers in the pipeline 44ab1779-0be6-441a-9037-a9cc7d4c7bb1 as the min replicated index is 4. Deletion is not allowed in this container yet.
2019-10-22 00:13:40,945 [EventQueue-ContainerReportForContainerReportHandler] WARN  container.ContainerReportHandler (AbstractContainerReportHandler.java:updateContainerState(145)) - Container #1 is in OPEN state, but the datanode 5e7fe0a0-681e-48dc-b88f-f2277eb9af04{ip: 192.168.69.94, host: pr-hdds-2278-n56mq-2983766359, networkLocation: /default-rack, certSerialId: null} reports an CLOSED replica.
2019-10-22 00:13:41,342 [EventQueue-ContainerReportForContainerReportHandler] WARN  container.ContainerReportHandler (AbstractContainerReportHandler.java:updateContainerState(145)) - Container #1 is in OPEN state, but the datanode 5bee3153-f7ec-473f-a61a-388a1f3ac093{ip: 192.168.69.94, host: pr-hdds-2278-n56mq-2983766359, networkLocation: /default-rack, certSerialId: null} reports an CLOSED replica.
2019-10-22 00:13:41,346 [EventQueue-ContainerReportForContainerReportHandler] WARN  container.ContainerReportHandler (AbstractContainerReportHandler.java:updateContainerState(145)) - Container #1 is in OPEN state, but the datanode 5e7fe0a0-681e-48dc-b88f-f2277eb9af04{ip: 192.168.69.94, host: pr-hdds-2278-n56mq-2983766359, networkLocation: /default-rack, certSerialId: null} reports an CLOSED replica.
2019-10-22 00:13:41,642 [EventQueue-ContainerReportForContainerReportHandler] WARN  container.ContainerReportHandler (AbstractContainerReportHandler.java:updateContainerState(145)) - Container #1 is in OPEN state, but the datanode 5bee3153-f7ec-473f-a61a-388a1f3ac093{ip: 192.168.69.94, host: pr-hdds-2278-n56mq-2983766359, networkLocation: /default-rack, certSerialId: null} reports an CLOSED replica.
2019-10-22 00:13:41,646 [EventQueue-ContainerReportForContainerReportHandler] WARN  container.ContainerReportHandler (AbstractContainerReportHandler.java:updateContainerState(145)) - Container #1 is in OPEN state, but the datanode 5e7fe0a0-681e-48dc-b88f-f2277eb9af04{ip: 192.168.69.94, host: pr-hdds-2278-n56mq-2983766359, networkLocation: /default-rack, certSerialId: null} reports an CLOSED replica.
2019-10-22 00:13:41,673 [Thread-372] INFO  client.GrpcClientProtocolService (GrpcClientProtocolService.java:lambda$processClientRequest$0(279)) - Failed RaftClientRequest:client-E6BBD608C1E8->5bee3153-f7ec-473f-a61a-388a1f3ac093@group-A9CC7D4C7BB1, cid=10, seq=0, Watch-ALL_COMMITTED(6), Message:<EMPTY>, reply=RaftClientReply:client-E6BBD608C1E8->5bee3153-f7ec-473f-a61a-388a1f3ac093@group-A9CC7D4C7BB1, cid=10, FAILED org.apache.ratis.protocol.NotLeaderException: Server 5bee3153-f7ec-473f-a61a-388a1f3ac093@group-A9CC7D4C7BB1 is not the leader 5e7fe0a0-681e-48dc-b88f-f2277eb9af04:192.168.69.94:38061, logIndex=0, commits[5bee3153-f7ec-473f-a61a-388a1f3ac093:c10, 5e7fe0a0-681e-48dc-b88f-f2277eb9af04:c10, 4ccfaf2e-aae8-4e87-8fab-e6f62fbd25e3:c4]
2019-10-22 00:13:41,845 [EventQueue-ContainerReportForContainerReportHandler] WARN  container.ContainerReportHandler (AbstractContainerReportHandler.java:updateContainerState(145)) - Container #1 is in OPEN state, but the datanode 5e7fe0a0-681e-48dc-b88f-f2277eb9af04{ip: 192.168.69.94, host: pr-hdds-2278-n56mq-2983766359, networkLocation: /default-rack, certSerialId: null} reports an CLOSED replica.
2019-10-22 00:13:41,884 [Thread-375] INFO  client.GrpcClientProtocolService (GrpcClientProtocolService.java:lambda$processClientRequest$0(279)) - Failed RaftClientRequest:client-E6BBD608C1E8->5e7fe0a0-681e-48dc-b88f-f2277eb9af04@group-A9CC7D4C7BB1, cid=10, seq=0, Watch-ALL_COMMITTED(6), Message:<EMPTY>, reply=RaftClientReply:client-E6BBD608C1E8->5e7fe0a0-681e-48dc-b88f-f2277eb9af04@group-A9CC7D4C7BB1, cid=10, FAILED org.apache.ratis.protocol.NotReplicatedException: Request with call Id 10 and log index 6 is not yet replicated to ALL_COMMITTED, logIndex=6, commits[5e7fe0a0-681e-48dc-b88f-f2277eb9af04:c10, 5bee3153-f7ec-473f-a61a-388a1f3ac093:c10, 4ccfaf2e-aae8-4e87-8fab-e6f62fbd25e3:c4]
2019-10-22 00:13:41,924 [BlockDeletingService#2] WARN  background.BlockDeletingService (BlockDeletingService.java:isDeletionAllowed(187)) - Close Container log Index 6 is not replicated across allthe servers in the pipeline 44ab1779-0be6-441a-9037-a9cc7d4c7bb1 as the min replicated index is 4. Deletion is not allowed in this container yet.
2019-10-22 00:13:41,941 [EventQueue-ContainerReportForContainerReportHandler] WARN  container.ContainerReportHandler (AbstractContainerReportHandler.java:updateContainerState(145)) - Container #1 is in OPEN state, but the datanode 5bee3153-f7ec-473f-a61a-388a1f3ac093{ip: 192.168.69.94, host: pr-hdds-2278-n56mq-2983766359, networkLocation: /default-rack, certSerialId: null} reports an CLOSED replica.
2019-10-22 00:13:41,942 [BlockDeletingService#2] WARN  background.BlockDeletingService (BlockDeletingService.java:isDeletionAllowed(187)) - Close Container log Index 6 is not replicated across allthe servers in the pipeline 44ab1779-0be6-441a-9037-a9cc7d4c7bb1 as the min replicated index is 4. Deletion is not allowed in this container yet.
2019-10-22 00:13:42,146 [EventQueue-ContainerReportForContainerReportHandler] WARN  container.ContainerReportHandler (AbstractContainerReportHandler.java:updateContainerState(145)) - Container #1 is in OPEN state, but the datanode 5e7fe0a0-681e-48dc-b88f-f2277eb9af04{ip: 192.168.69.94, host: pr-hdds-2278-n56mq-2983766359, networkLocation: /default-rack, certSerialId: null} reports an CLOSED replica.
2019-10-22 00:13:42,241 [EventQueue-ContainerReportForContainerReportHandler] WARN  container.ContainerReportHandler (AbstractContainerReportHandler.java:updateContainerState(145)) - Container #1 is in OPEN state, but the datanode 5bee3153-f7ec-473f-a61a-388a1f3ac093{ip: 192.168.69.94, host: pr-hdds-2278-n56mq-2983766359, networkLocation: /default-rack, certSerialId: null} reports an CLOSED replica.
2019-10-22 00:13:42,547 [EventQueue-ContainerReportForContainerReportHandler] WARN  container.ContainerReportHandler (AbstractContainerReportHandler.java:updateContainerState(145)) - Container #1 is in OPEN state, but the datanode 5e7fe0a0-681e-48dc-b88f-f2277eb9af04{ip: 192.168.69.94, host: pr-hdds-2278-n56mq-2983766359, networkLocation: /default-rack, certSerialId: null} reports an CLOSED replica.
2019-10-22 00:13:42,624 [java.util.concurrent.ThreadPoolExecutor$Worker@206774a5[State = -1, empty queue]] WARN  server.GrpcLogAppender (GrpcLogAppender.java:timeoutAppendRequest(209)) - 5e7fe0a0-681e-48dc-b88f-f2277eb9af04@group-A9CC7D4C7BB1->4ccfaf2e-aae8-4e87-8fab-e6f62fbd25e3-GrpcLogAppender: appendEntries Timeout, request=5e7fe0a0-681e-48dc-b88f-f2277eb9af04->4ccfaf2e-aae8-4e87-8fab-e6f62fbd25e3#31-t1, previous=(t:1, i:10), leaderCommit=10, initializing? false, entries: <empty>
2019-10-22 00:13:42,641 [EventQueue-ContainerReportForContainerReportHandler] WARN  container.ContainerReportHandler (AbstractContainerReportHandler.java:updateContainerState(145)) - Container #1 is in OPEN state, but the datanode 5bee3153-f7ec-473f-a61a-388a1f3ac093{ip: 192.168.69.94, host: pr-hdds-2278-n56mq-2983766359, networkLocation: /default-rack, certSerialId: null} reports an CLOSED replica.
2019-10-22 00:13:42,747 [EventQueue-ContainerReportForContainerReportHandler] WARN  container.ContainerReportHandler (AbstractContainerReportHandler.java:updateContainerState(145)) - Container #1 is in OPEN state, but the datanode 5e7fe0a0-681e-48dc-b88f-f2277eb9af04{ip: 192.168.69.94, host: pr-hdds-2278-n56mq-2983766359, networkLocation: /default-rack, certSerialId: null} reports an CLOSED replica.
2019-10-22 00:13:42,925 [BlockDeletingService#2] WARN  background.BlockDeletingService (BlockDeletingService.java:isDeletionAllowed(187)) - Close Container log Index 6 is not replicated across allthe servers in the pipeline 44ab1779-0be6-441a-9037-a9cc7d4c7bb1 as the min replicated index is 4. Deletion is not allowed in this container yet.
2019-10-22 00:13:42,941 [EventQueue-ContainerReportForContainerReportHandler] WARN  container.ContainerReportHandler (AbstractContainerReportHandler.java:updateContainerState(145)) - Container #1 is in OPEN state, but the datanode 5bee3153-f7ec-473f-a61a-388a1f3ac093{ip: 192.168.69.94, host: pr-hdds-2278-n56mq-2983766359, networkLocation: /default-rack, certSerialId: null} reports an CLOSED replica.
2019-10-22 00:13:42,944 [BlockDeletingService#2] WARN  background.BlockDeletingService (BlockDeletingService.java:isDeletionAllowed(187)) - Close Container log Index 6 is not replicated across allthe servers in the pipeline 44ab1779-0be6-441a-9037-a9cc7d4c7bb1 as the min replicated index is 4. Deletion is not allowed in this container yet.
2019-10-22 00:13:43,047 [EventQueue-ContainerReportForContainerReportHandler] WARN  container.ContainerReportHandler (AbstractContainerReportHandler.java:updateContainerState(145)) - Container #1 is in OPEN state, but the datanode 5e7fe0a0-681e-48dc-b88f-f2277eb9af04{ip: 192.168.69.94, host: pr-hdds-2278-n56mq-2983766359, networkLocation: /default-rack, certSerialId: null} reports an CLOSED replica.
2019-10-22 00:13:43,247 [EventQueue-ContainerReportForContainerReportHandler] WARN  container.ContainerReportHandler (AbstractContainerReportHandler.java:updateContainerState(145)) - Container #1 is in OPEN state, but the datanode 5e7fe0a0-681e-48dc-b88f-f2277eb9af04{ip: 192.168.69.94, host: pr-hdds-2278-n56mq-2983766359, networkLocation: /default-rack, certSerialId: null} reports an CLOSED replica.
2019-10-22 00:13:43,341 [EventQueue-ContainerReportForContainerReportHandler] WARN  container.ContainerReportHandler (AbstractContainerReportHandler.java:updateContainerState(145)) - Container #1 is in OPEN state, but the datanode 5bee3153-f7ec-473f-a61a-388a1f3ac093{ip: 192.168.69.94, host: pr-hdds-2278-n56mq-2983766359, networkLocation: /default-rack, certSerialId: null} reports an CLOSED replica.
2019-10-22 00:13:43,541 [EventQueue-ContainerReportForContainerReportHandler] WARN  container.ContainerReportHandler (AbstractContainerReportHandler.java:updateContainerState(145)) - Container #1 is in OPEN state, but the datanode 5bee3153-f7ec-473f-a61a-388a1f3ac093{ip: 192.168.69.94, host: pr-hdds-2278-n56mq-2983766359, networkLocation: /default-rack, certSerialId: null} reports an CLOSED replica.
2019-10-22 00:13:43,647 [EventQueue-ContainerReportForContainerReportHandler] WARN  container.ContainerReportHandler (AbstractContainerReportHandler.java:updateContainerState(145)) - Container #1 is in OPEN state, but the datanode 5e7fe0a0-681e-48dc-b88f-f2277eb9af04{ip: 192.168.69.94, host: pr-hdds-2278-n56mq-2983766359, networkLocation: /default-rack, certSerialId: null} reports an CLOSED replica.
2019-10-22 00:13:43,841 [EventQueue-ContainerReportForContainerReportHandler] WARN  container.ContainerReportHandler (AbstractContainerReportHandler.java:updateContainerState(145)) - Container #1 is in OPEN state, but the datanode 5bee3153-f7ec-473f-a61a-388a1f3ac093{ip: 192.168.69.94, host: pr-hdds-2278-n56mq-2983766359, networkLocation: /default-rack, certSerialId: null} reports an CLOSED replica.
2019-10-22 00:13:43,847 [EventQueue-ContainerReportForContainerReportHandler] WARN  container.ContainerReportHandler (AbstractContainerReportHandler.java:updateContainerState(145)) - Container #1 is in OPEN state, but the datanode 5e7fe0a0-681e-48dc-b88f-f2277eb9af04{ip: 192.168.69.94, host: pr-hdds-2278-n56mq-2983766359, networkLocation: /default-rack, certSerialId: null} reports an CLOSED replica.
2019-10-22 00:13:43,927 [BlockDeletingService#2] WARN  background.BlockDeletingService (BlockDeletingService.java:isDeletionAllowed(187)) - Close Container log Index 6 is not replicated across allthe servers in the pipeline 44ab1779-0be6-441a-9037-a9cc7d4c7bb1 as the min replicated index is 4. Deletion is not allowed in this container yet.
2019-10-22 00:13:43,945 [BlockDeletingService#2] WARN  background.BlockDeletingService (BlockDeletingService.java:isDeletionAllowed(187)) - Close Container log Index 6 is not replicated across allthe servers in the pipeline 44ab1779-0be6-441a-9037-a9cc7d4c7bb1 as the min replicated index is 4. Deletion is not allowed in this container yet.
2019-10-22 00:13:44,141 [EventQueue-ContainerReportForContainerReportHandler] WARN  container.ContainerReportHandler (AbstractContainerReportHandler.java:updateContainerState(145)) - Container #1 is in OPEN state, but the datanode 5bee3153-f7ec-473f-a61a-388a1f3ac093{ip: 192.168.69.94, host: pr-hdds-2278-n56mq-2983766359, networkLocation: /default-rack, certSerialId: null} reports an CLOSED replica.
2019-10-22 00:13:44,247 [EventQueue-ContainerReportForContainerReportHandler] WARN  container.ContainerReportHandler (AbstractContainerReportHandler.java:updateContainerState(145)) - Container #1 is in OPEN state, but the datanode 5e7fe0a0-681e-48dc-b88f-f2277eb9af04{ip: 192.168.69.94, host: pr-hdds-2278-n56mq-2983766359, networkLocation: /default-rack, certSerialId: null} reports an CLOSED replica.
2019-10-22 00:13:44,441 [EventQueue-ContainerReportForContainerReportHandler] WARN  container.ContainerReportHandler (AbstractContainerReportHandler.java:updateContainerState(145)) - Container #1 is in OPEN state, but the datanode 5bee3153-f7ec-473f-a61a-388a1f3ac093{ip: 192.168.69.94, host: pr-hdds-2278-n56mq-2983766359, networkLocation: /default-rack, certSerialId: null} reports an CLOSED replica.
2019-10-22 00:13:44,447 [EventQueue-ContainerReportForContainerReportHandler] WARN  container.ContainerReportHandler (AbstractContainerReportHandler.java:updateContainerState(145)) - Container #1 is in OPEN state, but the datanode 5e7fe0a0-681e-48dc-b88f-f2277eb9af04{ip: 192.168.69.94, host: pr-hdds-2278-n56mq-2983766359, networkLocation: /default-rack, certSerialId: null} reports an CLOSED replica.
2019-10-22 00:13:44,842 [EventQueue-ContainerReportForContainerReportHandler] WARN  container.ContainerReportHandler (AbstractContainerReportHandler.java:updateContainerState(145)) - Container #1 is in OPEN state, but the datanode 5bee3153-f7ec-473f-a61a-388a1f3ac093{ip: 192.168.69.94, host: pr-hdds-2278-n56mq-2983766359, networkLocation: /default-rack, certSerialId: null} reports an CLOSED replica.
2019-10-22 00:13:44,847 [EventQueue-ContainerReportForContainerReportHandler] WARN  container.ContainerReportHandler (AbstractContainerReportHandler.java:updateContainerState(145)) - Container #1 is in OPEN state, but the datanode 5e7fe0a0-681e-48dc-b88f-f2277eb9af04{ip: 192.168.69.94, host: pr-hdds-2278-n56mq-2983766359, networkLocation: /default-rack, certSerialId: null} reports an CLOSED replica.
2019-10-22 00:13:44,929 [BlockDeletingService#2] WARN  background.BlockDeletingService (BlockDeletingService.java:isDeletionAllowed(187)) - Close Container log Index 6 is not replicated across allthe servers in the pipeline 44ab1779-0be6-441a-9037-a9cc7d4c7bb1 as the min replicated index is 4. Deletion is not allowed in this container yet.
2019-10-22 00:13:44,946 [BlockDeletingService#2] WARN  background.BlockDeletingService (BlockDeletingService.java:isDeletionAllowed(187)) - Close Container log Index 6 is not replicated across allthe servers in the pipeline 44ab1779-0be6-441a-9037-a9cc7d4c7bb1 as the min replicated index is 4. Deletion is not allowed in this container yet.
2019-10-22 00:13:45,125 [java.util.concurrent.ThreadPoolExecutor$Worker@206774a5[State = -1, empty queue]] WARN  server.GrpcLogAppender (GrpcLogAppender.java:timeoutAppendRequest(209)) - 5e7fe0a0-681e-48dc-b88f-f2277eb9af04@group-A9CC7D4C7BB1->4ccfaf2e-aae8-4e87-8fab-e6f62fbd25e3-GrpcLogAppender: appendEntries Timeout, request=5e7fe0a0-681e-48dc-b88f-f2277eb9af04->4ccfaf2e-aae8-4e87-8fab-e6f62fbd25e3#32-t1, previous=(t:1, i:10), leaderCommit=10, initializing? false, entries: <empty>
2019-10-22 00:13:45,142 [EventQueue-ContainerReportForContainerReportHandler] WARN  container.ContainerReportHandler (AbstractContainerReportHandler.java:updateContainerState(145)) - Container #1 is in OPEN state, but the datanode 5bee3153-f7ec-473f-a61a-388a1f3ac093{ip: 192.168.69.94, host: pr-hdds-2278-n56mq-2983766359, networkLocation: /default-rack, certSerialId: null} reports an CLOSED replica.
2019-10-22 00:13:45,248 [EventQueue-ContainerReportForContainerReportHandler] WARN  container.ContainerReportHandler (AbstractContainerReportHandler.java:updateContainerState(145)) - Container #1 is in OPEN state, but the datanode 5e7fe0a0-681e-48dc-b88f-f2277eb9af04{ip: 192.168.69.94, host: pr-hdds-2278-n56mq-2983766359, networkLocation: /default-rack, certSerialId: null} reports an CLOSED replica.
2019-10-22 00:13:45,342 [EventQueue-ContainerReportForContainerReportHandler] WARN  container.ContainerReportHandler (AbstractContainerReportHandler.java:updateContainerState(145)) - Container #1 is in OPEN state, but the datanode 5bee3153-f7ec-473f-a61a-388a1f3ac093{ip: 192.168.69.94, host: pr-hdds-2278-n56mq-2983766359, networkLocation: /default-rack, certSerialId: null} reports an CLOSED replica.
2019-10-22 00:13:45,548 [EventQueue-ContainerReportForContainerReportHandler] WARN  container.ContainerReportHandler (AbstractContainerReportHandler.java:updateContainerState(145)) - Container #1 is in OPEN state, but the datanode 5e7fe0a0-681e-48dc-b88f-f2277eb9af04{ip: 192.168.69.94, host: pr-hdds-2278-n56mq-2983766359, networkLocation: /default-rack, certSerialId: null} reports an CLOSED replica.
2019-10-22 00:13:45,742 [EventQueue-ContainerReportForContainerReportHandler] WARN  container.ContainerReportHandler (AbstractContainerReportHandler.java:updateContainerState(145)) - Container #1 is in OPEN state, but the datanode 5bee3153-f7ec-473f-a61a-388a1f3ac093{ip: 192.168.69.94, host: pr-hdds-2278-n56mq-2983766359, networkLocation: /default-rack, certSerialId: null} reports an CLOSED replica.
2019-10-22 00:13:45,931 [BlockDeletingService#2] WARN  background.BlockDeletingService (BlockDeletingService.java:isDeletionAllowed(187)) - Close Container log Index 6 is not replicated across allthe servers in the pipeline 44ab1779-0be6-441a-9037-a9cc7d4c7bb1 as the min replicated index is 4. Deletion is not allowed in this container yet.
2019-10-22 00:13:45,947 [BlockDeletingService#2] WARN  background.BlockDeletingService (BlockDeletingService.java:isDeletionAllowed(187)) - Close Container log Index 6 is not replicated across allthe servers in the pipeline 44ab1779-0be6-441a-9037-a9cc7d4c7bb1 as the min replicated index is 4. Deletion is not allowed in this container yet.
2019-10-22 00:13:45,949 [EventQueue-ContainerReportForContainerReportHandler] WARN  container.ContainerReportHandler (AbstractContainerReportHandler.java:updateContainerState(145)) - Container #1 is in OPEN state, but the datanode 5e7fe0a0-681e-48dc-b88f-f2277eb9af04{ip: 192.168.69.94, host: pr-hdds-2278-n56mq-2983766359, networkLocation: /default-rack, certSerialId: null} reports an CLOSED replica.
2019-10-22 00:13:46,042 [EventQueue-ContainerReportForContainerReportHandler] WARN  container.ContainerReportHandler (AbstractContainerReportHandler.java:updateContainerState(145)) - Container #1 is in OPEN state, but the datanode 5bee3153-f7ec-473f-a61a-388a1f3ac093{ip: 192.168.69.94, host: pr-hdds-2278-n56mq-2983766359, networkLocation: /default-rack, certSerialId: null} reports an CLOSED replica.
2019-10-22 00:13:46,250 [EventQueue-ContainerReportForContainerReportHandler] WARN  container.ContainerReportHandler (AbstractContainerReportHandler.java:updateContainerState(145)) - Container #1 is in OPEN state, but the datanode 5e7fe0a0-681e-48dc-b88f-f2277eb9af04{ip: 192.168.69.94, host: pr-hdds-2278-n56mq-2983766359, networkLocation: /default-rack, certSerialId: null} reports an CLOSED replica.
2019-10-22 00:13:46,343 [EventQueue-ContainerReportForContainerReportHandler] WARN  container.ContainerReportHandler (AbstractContainerReportHandler.java:updateContainerState(145)) - Container #1 is in OPEN state, but the datanode 5bee3153-f7ec-473f-a61a-388a1f3ac093{ip: 192.168.69.94, host: pr-hdds-2278-n56mq-2983766359, networkLocation: /default-rack, certSerialId: null} reports an CLOSED replica.
2019-10-22 00:13:46,551 [EventQueue-ContainerReportForContainerReportHandler] WARN  container.ContainerReportHandler (AbstractContainerReportHandler.java:updateContainerState(145)) - Container #1 is in OPEN state, but the datanode 5e7fe0a0-681e-48dc-b88f-f2277eb9af04{ip: 192.168.69.94, host: pr-hdds-2278-n56mq-2983766359, networkLocation: /default-rack, certSerialId: null} reports an CLOSED replica.
2019-10-22 00:13:46,643 [EventQueue-ContainerReportForContainerReportHandler] WARN  container.ContainerReportHandler (AbstractContainerReportHandler.java:updateContainerState(145)) - Container #1 is in OPEN state, but the datanode 5bee3153-f7ec-473f-a61a-388a1f3ac093{ip: 192.168.69.94, host: pr-hdds-2278-n56mq-2983766359, networkLocation: /default-rack, certSerialId: null} reports an CLOSED replica.
2019-10-22 00:13:46,751 [EventQueue-ContainerReportForContainerReportHandler] WARN  container.ContainerReportHandler (AbstractContainerReportHandler.java:updateContainerState(145)) - Container #1 is in OPEN state, but the datanode 5e7fe0a0-681e-48dc-b88f-f2277eb9af04{ip: 192.168.69.94, host: pr-hdds-2278-n56mq-2983766359, networkLocation: /default-rack, certSerialId: null} reports an CLOSED replica.
2019-10-22 00:13:46,932 [BlockDeletingService#2] WARN  background.BlockDeletingService (BlockDeletingService.java:isDeletionAllowed(187)) - Close Container log Index 6 is not replicated across allthe servers in the pipeline 44ab1779-0be6-441a-9037-a9cc7d4c7bb1 as the min replicated index is 4. Deletion is not allowed in this container yet.
2019-10-22 00:13:46,944 [EventQueue-ContainerReportForContainerReportHandler] WARN  container.ContainerReportHandler (AbstractContainerReportHandler.java:updateContainerState(145)) - Container #1 is in OPEN state, but the datanode 5bee3153-f7ec-473f-a61a-388a1f3ac093{ip: 192.168.69.94, host: pr-hdds-2278-n56mq-2983766359, networkLocation: /default-rack, certSerialId: null} reports an CLOSED replica.
2019-10-22 00:13:46,948 [BlockDeletingService#2] WARN  background.BlockDeletingService (BlockDeletingService.java:isDeletionAllowed(187)) - Close Container log Index 6 is not replicated across allthe servers in the pipeline 44ab1779-0be6-441a-9037-a9cc7d4c7bb1 as the min replicated index is 4. Deletion is not allowed in this container yet.
2019-10-22 00:13:47,051 [EventQueue-ContainerReportForContainerReportHandler] WARN  container.ContainerReportHandler (AbstractContainerReportHandler.java:updateContainerState(145)) - Container #1 is in OPEN state, but the datanode 5e7fe0a0-681e-48dc-b88f-f2277eb9af04{ip: 192.168.69.94, host: pr-hdds-2278-n56mq-2983766359, networkLocation: /default-rack, certSerialId: null} reports an CLOSED replica.
2019-10-22 00:13:47,244 [EventQueue-ContainerReportForContainerReportHandler] WARN  container.ContainerReportHandler (AbstractContainerReportHandler.java:updateContainerState(145)) - Container #1 is in OPEN state, but the datanode 5bee3153-f7ec-473f-a61a-388a1f3ac093{ip: 192.168.69.94, host: pr-hdds-2278-n56mq-2983766359, networkLocation: /default-rack, certSerialId: null} reports an CLOSED replica.
2019-10-22 00:13:47,252 [EventQueue-ContainerReportForContainerReportHandler] WARN  container.ContainerReportHandler (AbstractContainerReportHandler.java:updateContainerState(145)) - Container #1 is in OPEN state, but the datanode 5e7fe0a0-681e-48dc-b88f-f2277eb9af04{ip: 192.168.69.94, host: pr-hdds-2278-n56mq-2983766359, networkLocation: /default-rack, certSerialId: null} reports an CLOSED replica.
2019-10-22 00:13:47,553 [EventQueue-ContainerReportForContainerReportHandler] WARN  container.ContainerReportHandler (AbstractContainerReportHandler.java:updateContainerState(145)) - Container #1 is in OPEN state, but the datanode 5e7fe0a0-681e-48dc-b88f-f2277eb9af04{ip: 192.168.69.94, host: pr-hdds-2278-n56mq-2983766359, networkLocation: /default-rack, certSerialId: null} reports an CLOSED replica.
2019-10-22 00:13:47,626 [java.util.concurrent.ThreadPoolExecutor$Worker@206774a5[State = -1, empty queue]] WARN  server.GrpcLogAppender (GrpcLogAppender.java:timeoutAppendRequest(209)) - 5e7fe0a0-681e-48dc-b88f-f2277eb9af04@group-A9CC7D4C7BB1->4ccfaf2e-aae8-4e87-8fab-e6f62fbd25e3-GrpcLogAppender: appendEntries Timeout, request=5e7fe0a0-681e-48dc-b88f-f2277eb9af04->4ccfaf2e-aae8-4e87-8fab-e6f62fbd25e3#33-t1, previous=(t:1, i:10), leaderCommit=10, initializing? false, entries: <empty>
2019-10-22 00:13:47,644 [EventQueue-ContainerReportForContainerReportHandler] WARN  container.ContainerReportHandler (AbstractContainerReportHandler.java:updateContainerState(145)) - Container #1 is in OPEN state, but the datanode 5bee3153-f7ec-473f-a61a-388a1f3ac093{ip: 192.168.69.94, host: pr-hdds-2278-n56mq-2983766359, networkLocation: /default-rack, certSerialId: null} reports an CLOSED replica.
2019-10-22 00:13:47,933 [BlockDeletingService#2] WARN  background.BlockDeletingService (BlockDeletingService.java:isDeletionAllowed(187)) - Close Container log Index 6 is not replicated across allthe servers in the pipeline 44ab1779-0be6-441a-9037-a9cc7d4c7bb1 as the min replicated index is 4. Deletion is not allowed in this container yet.
2019-10-22 00:13:47,945 [EventQueue-ContainerReportForContainerReportHandler] WARN  container.ContainerReportHandler (AbstractContainerReportHandler.java:updateContainerState(145)) - Container #1 is in OPEN state, but the datanode 5bee3153-f7ec-473f-a61a-388a1f3ac093{ip: 192.168.69.94, host: pr-hdds-2278-n56mq-2983766359, networkLocation: /default-rack, certSerialId: null} reports an CLOSED replica.
2019-10-22 00:13:47,949 [BlockDeletingService#2] WARN  background.BlockDeletingService (BlockDeletingService.java:isDeletionAllowed(187)) - Close Container log Index 6 is not replicated across allthe servers in the pipeline 44ab1779-0be6-441a-9037-a9cc7d4c7bb1 as the min replicated index is 4. Deletion is not allowed in this container yet.
2019-10-22 00:13:47,954 [EventQueue-ContainerReportForContainerReportHandler] WARN  container.ContainerReportHandler (AbstractContainerReportHandler.java:updateContainerState(145)) - Container #1 is in OPEN state, but the datanode 5e7fe0a0-681e-48dc-b88f-f2277eb9af04{ip: 192.168.69.94, host: pr-hdds-2278-n56mq-2983766359, networkLocation: /default-rack, certSerialId: null} reports an CLOSED replica.
2019-10-22 00:13:48,245 [EventQueue-ContainerReportForContainerReportHandler] WARN  container.ContainerReportHandler (AbstractContainerReportHandler.java:updateContainerState(145)) - Container #1 is in OPEN state, but the datanode 5bee3153-f7ec-473f-a61a-388a1f3ac093{ip: 192.168.69.94, host: pr-hdds-2278-n56mq-2983766359, networkLocation: /default-rack, certSerialId: null} reports an CLOSED replica.
2019-10-22 00:13:48,254 [EventQueue-ContainerReportForContainerReportHandler] WARN  container.ContainerReportHandler (AbstractContainerReportHandler.java:updateContainerState(145)) - Container #1 is in OPEN state, but the datanode 5e7fe0a0-681e-48dc-b88f-f2277eb9af04{ip: 192.168.69.94, host: pr-hdds-2278-n56mq-2983766359, networkLocation: /default-rack, certSerialId: null} reports an CLOSED replica.
2019-10-22 00:13:48,545 [EventQueue-ContainerReportForContainerReportHandler] WARN  container.ContainerReportHandler (AbstractContainerReportHandler.java:updateContainerState(145)) - Container #1 is in OPEN state, but the datanode 5bee3153-f7ec-473f-a61a-388a1f3ac093{ip: 192.168.69.94, host: pr-hdds-2278-n56mq-2983766359, networkLocation: /default-rack, certSerialId: null} reports an CLOSED replica.
2019-10-22 00:13:48,655 [EventQueue-ContainerReportForContainerReportHandler] WARN  container.ContainerReportHandler (AbstractContainerReportHandler.java:updateContainerState(145)) - Container #1 is in OPEN state, but the datanode 5e7fe0a0-681e-48dc-b88f-f2277eb9af04{ip: 192.168.69.94, host: pr-hdds-2278-n56mq-2983766359, networkLocation: /default-rack, certSerialId: null} reports an CLOSED replica.
2019-10-22 00:13:48,845 [EventQueue-ContainerReportForContainerReportHandler] WARN  container.ContainerReportHandler (AbstractContainerReportHandler.java:updateContainerState(145)) - Container #1 is in OPEN state, but the datanode 5bee3153-f7ec-473f-a61a-388a1f3ac093{ip: 192.168.69.94, host: pr-hdds-2278-n56mq-2983766359, networkLocation: /default-rack, certSerialId: null} reports an CLOSED replica.
2019-10-22 00:13:48,935 [BlockDeletingService#2] WARN  background.BlockDeletingService (BlockDeletingService.java:isDeletionAllowed(187)) - Close Container log Index 6 is not replicated across allthe servers in the pipeline 44ab1779-0be6-441a-9037-a9cc7d4c7bb1 as the min replicated index is 4. Deletion is not allowed in this container yet.
2019-10-22 00:13:48,950 [BlockDeletingService#2] WARN  background.BlockDeletingService (BlockDeletingService.java:isDeletionAllowed(187)) - Close Container log Index 6 is not replicated across allthe servers in the pipeline 44ab1779-0be6-441a-9037-a9cc7d4c7bb1 as the min replicated index is 4. Deletion is not allowed in this container yet.
2019-10-22 00:13:49,055 [EventQueue-ContainerReportForContainerReportHandler] WARN  container.ContainerReportHandler (AbstractContainerReportHandler.java:updateContainerState(145)) - Container #1 is in OPEN state, but the datanode 5e7fe0a0-681e-48dc-b88f-f2277eb9af04{ip: 192.168.69.94, host: pr-hdds-2278-n56mq-2983766359, networkLocation: /default-rack, certSerialId: null} reports an CLOSED replica.
2019-10-22 00:13:49,247 [EventQueue-ContainerReportForContainerReportHandler] WARN  container.ContainerReportHandler (AbstractContainerReportHandler.java:updateContainerState(145)) - Container #1 is in OPEN state, but the datanode 5bee3153-f7ec-473f-a61a-388a1f3ac093{ip: 192.168.69.94, host: pr-hdds-2278-n56mq-2983766359, networkLocation: /default-rack, certSerialId: null} reports an CLOSED replica.
2019-10-22 00:13:49,355 [EventQueue-ContainerReportForContainerReportHandler] WARN  container.ContainerReportHandler (AbstractContainerReportHandler.java:updateContainerState(145)) - Container #1 is in OPEN state, but the datanode 5e7fe0a0-681e-48dc-b88f-f2277eb9af04{ip: 192.168.69.94, host: pr-hdds-2278-n56mq-2983766359, networkLocation: /default-rack, certSerialId: null} reports an CLOSED replica.
2019-10-22 00:13:49,547 [EventQueue-ContainerReportForContainerReportHandler] WARN  container.ContainerReportHandler (AbstractContainerReportHandler.java:updateContainerState(145)) - Container #1 is in OPEN state, but the datanode 5bee3153-f7ec-473f-a61a-388a1f3ac093{ip: 192.168.69.94, host: pr-hdds-2278-n56mq-2983766359, networkLocation: /default-rack, certSerialId: null} reports an CLOSED replica.
2019-10-22 00:13:49,655 [EventQueue-ContainerReportForContainerReportHandler] WARN  container.ContainerReportHandler (AbstractContainerReportHandler.java:updateContainerState(145)) - Container #1 is in OPEN state, but the datanode 5e7fe0a0-681e-48dc-b88f-f2277eb9af04{ip: 192.168.69.94, host: pr-hdds-2278-n56mq-2983766359, networkLocation: /default-rack, certSerialId: null} reports an CLOSED replica.
2019-10-22 00:13:49,848 [EventQueue-ContainerReportForContainerReportHandler] WARN  container.ContainerReportHandler (AbstractContainerReportHandler.java:updateContainerState(145)) - Container #1 is in OPEN state, but the datanode 5bee3153-f7ec-473f-a61a-388a1f3ac093{ip: 192.168.69.94, host: pr-hdds-2278-n56mq-2983766359, networkLocation: /default-rack, certSerialId: null} reports an CLOSED replica.
2019-10-22 00:13:49,855 [EventQueue-ContainerReportForContainerReportHandler] WARN  container.ContainerReportHandler (AbstractContainerReportHandler.java:updateContainerState(145)) - Container #1 is in OPEN state, but the datanode 5e7fe0a0-681e-48dc-b88f-f2277eb9af04{ip: 192.168.69.94, host: pr-hdds-2278-n56mq-2983766359, networkLocation: /default-rack, certSerialId: null} reports an CLOSED replica.
2019-10-22 00:13:49,936 [BlockDeletingService#2] WARN  background.BlockDeletingService (BlockDeletingService.java:isDeletionAllowed(187)) - Close Container log Index 6 is not replicated across allthe servers in the pipeline 44ab1779-0be6-441a-9037-a9cc7d4c7bb1 as the min replicated index is 4. Deletion is not allowed in this container yet.
2019-10-22 00:13:49,952 [BlockDeletingService#2] WARN  background.BlockDeletingService (BlockDeletingService.java:isDeletionAllowed(187)) - Close Container log Index 6 is not replicated across allthe servers in the pipeline 44ab1779-0be6-441a-9037-a9cc7d4c7bb1 as the min replicated index is 4. Deletion is not allowed in this container yet.
2019-10-22 00:13:50,049 [EventQueue-ContainerReportForContainerReportHandler] WARN  container.ContainerReportHandler (AbstractContainerReportHandler.java:updateContainerState(145)) - Container #1 is in OPEN state, but the datanode 5bee3153-f7ec-473f-a61a-388a1f3ac093{ip: 192.168.69.94, host: pr-hdds-2278-n56mq-2983766359, networkLocation: /default-rack, certSerialId: null} reports an CLOSED replica.
2019-10-22 00:13:50,127 [java.util.concurrent.ThreadPoolExecutor$Worker@206774a5[State = -1, empty queue]] WARN  server.GrpcLogAppender (GrpcLogAppender.java:timeoutAppendRequest(209)) - 5e7fe0a0-681e-48dc-b88f-f2277eb9af04@group-A9CC7D4C7BB1->4ccfaf2e-aae8-4e87-8fab-e6f62fbd25e3-GrpcLogAppender: appendEntries Timeout, request=5e7fe0a0-681e-48dc-b88f-f2277eb9af04->4ccfaf2e-aae8-4e87-8fab-e6f62fbd25e3#34-t1, previous=(t:1, i:10), leaderCommit=10, initializing? false, entries: <empty>
2019-10-22 00:13:50,257 [EventQueue-ContainerReportForContainerReportHandler] WARN  container.ContainerReportHandler (AbstractContainerReportHandler.java:updateContainerState(145)) - Container #1 is in OPEN state, but the datanode 5e7fe0a0-681e-48dc-b88f-f2277eb9af04{ip: 192.168.69.94, host: pr-hdds-2278-n56mq-2983766359, networkLocation: /default-rack, certSerialId: null} reports an CLOSED replica.
2019-10-22 00:13:50,450 [EventQueue-ContainerReportForContainerReportHandler] WARN  container.ContainerReportHandler (AbstractContainerReportHandler.java:updateContainerState(145)) - Container #1 is in OPEN state, but the datanode 5bee3153-f7ec-473f-a61a-388a1f3ac093{ip: 192.168.69.94, host: pr-hdds-2278-n56mq-2983766359, networkLocation: /default-rack, certSerialId: null} reports an CLOSED replica.
2019-10-22 00:13:50,656 [EventQueue-ContainerReportForContainerReportHandler] WARN  container.ContainerReportHandler (AbstractContainerReportHandler.java:updateContainerState(145)) - Container #1 is in OPEN state, but the datanode 5e7fe0a0-681e-48dc-b88f-f2277eb9af04{ip: 192.168.69.94, host: pr-hdds-2278-n56mq-2983766359, networkLocation: /default-rack, certSerialId: null} reports an CLOSED replica.
2019-10-22 00:13:50,695 [Thread-400] INFO  client.GrpcClientProtocolService (GrpcClientProtocolService.java:lambda$processClientRequest$0(279)) - Failed RaftClientRequest:client-E6BBD608C1E8->5bee3153-f7ec-473f-a61a-388a1f3ac093@group-A9CC7D4C7BB1, cid=10, seq=0, Watch-ALL_COMMITTED(6), Message:<EMPTY>, reply=RaftClientReply:client-E6BBD608C1E8->5bee3153-f7ec-473f-a61a-388a1f3ac093@group-A9CC7D4C7BB1, cid=10, FAILED org.apache.ratis.protocol.NotLeaderException: Server 5bee3153-f7ec-473f-a61a-388a1f3ac093@group-A9CC7D4C7BB1 is not the leader 5e7fe0a0-681e-48dc-b88f-f2277eb9af04:192.168.69.94:38061, logIndex=0, commits[5bee3153-f7ec-473f-a61a-388a1f3ac093:c10, 5e7fe0a0-681e-48dc-b88f-f2277eb9af04:c10, 4ccfaf2e-aae8-4e87-8fab-e6f62fbd25e3:c4]
2019-10-22 00:13:50,751 [EventQueue-ContainerReportForContainerReportHandler] WARN  container.ContainerReportHandler (AbstractContainerReportHandler.java:updateContainerState(145)) - Container #1 is in OPEN state, but the datanode 5bee3153-f7ec-473f-a61a-388a1f3ac093{ip: 192.168.69.94, host: pr-hdds-2278-n56mq-2983766359, networkLocation: /default-rack, certSerialId: null} reports an CLOSED replica.
2019-10-22 00:13:50,937 [BlockDeletingService#2] WARN  background.BlockDeletingService (BlockDeletingService.java:isDeletionAllowed(187)) - Close Container log Index 6 is not replicated across allthe servers in the pipeline 44ab1779-0be6-441a-9037-a9cc7d4c7bb1 as the min replicated index is 4. Deletion is not allowed in this container yet.
2019-10-22 00:13:50,952 [BlockDeletingService#2] WARN  background.BlockDeletingService (BlockDeletingService.java:isDeletionAllowed(187)) - Close Container log Index 6 is not replicated across allthe servers in the pipeline 44ab1779-0be6-441a-9037-a9cc7d4c7bb1 as the min replicated index is 4. Deletion is not allowed in this container yet.
2019-10-22 00:13:51,051 [EventQueue-ContainerReportForContainerReportHandler] WARN  container.ContainerReportHandler (AbstractContainerReportHandler.java:updateContainerState(145)) - Container #1 is in OPEN state, but the datanode 5bee3153-f7ec-473f-a61a-388a1f3ac093{ip: 192.168.69.94, host: pr-hdds-2278-n56mq-2983766359, networkLocation: /default-rack, certSerialId: null} reports an CLOSED replica.
2019-10-22 00:13:51,056 [EventQueue-ContainerReportForContainerReportHandler] WARN  container.ContainerReportHandler (AbstractContainerReportHandler.java:updateContainerState(145)) - Container #1 is in OPEN state, but the datanode 5e7fe0a0-681e-48dc-b88f-f2277eb9af04{ip: 192.168.69.94, host: pr-hdds-2278-n56mq-2983766359, networkLocation: /default-rack, certSerialId: null} reports an CLOSED replica.
2019-10-22 00:13:51,256 [EventQueue-ContainerReportForContainerReportHandler] WARN  container.ContainerReportHandler (AbstractContainerReportHandler.java:updateContainerState(145)) - Container #1 is in OPEN state, but the datanode 5e7fe0a0-681e-48dc-b88f-f2277eb9af04{ip: 192.168.69.94, host: pr-hdds-2278-n56mq-2983766359, networkLocation: /default-rack, certSerialId: null} reports an CLOSED replica.
2019-10-22 00:13:51,351 [EventQueue-ContainerReportForContainerReportHandler] WARN  container.ContainerReportHandler (AbstractContainerReportHandler.java:updateContainerState(145)) - Container #1 is in OPEN state, but the datanode 5bee3153-f7ec-473f-a61a-388a1f3ac093{ip: 192.168.69.94, host: pr-hdds-2278-n56mq-2983766359, networkLocation: /default-rack, certSerialId: null} reports an CLOSED replica.
2019-10-22 00:13:51,456 [EventQueue-ContainerReportForContainerReportHandler] WARN  container.ContainerReportHandler (AbstractContainerReportHandler.java:updateContainerState(145)) - Container #1 is in OPEN state, but the datanode 5e7fe0a0-681e-48dc-b88f-f2277eb9af04{ip: 192.168.69.94, host: pr-hdds-2278-n56mq-2983766359, networkLocation: /default-rack, certSerialId: null} reports an CLOSED replica.
2019-10-22 00:13:51,552 [EventQueue-ContainerReportForContainerReportHandler] WARN  container.ContainerReportHandler (AbstractContainerReportHandler.java:updateContainerState(145)) - Container #1 is in OPEN state, but the datanode 5bee3153-f7ec-473f-a61a-388a1f3ac093{ip: 192.168.69.94, host: pr-hdds-2278-n56mq-2983766359, networkLocation: /default-rack, certSerialId: null} reports an CLOSED replica.
2019-10-22 00:13:51,854 [EventQueue-ContainerReportForContainerReportHandler] WARN  container.ContainerReportHandler (AbstractContainerReportHandler.java:updateContainerState(145)) - Container #1 is in OPEN state, but the datanode 5bee3153-f7ec-473f-a61a-388a1f3ac093{ip: 192.168.69.94, host: pr-hdds-2278-n56mq-2983766359, networkLocation: /default-rack, certSerialId: null} reports an CLOSED replica.
2019-10-22 00:13:51,856 [EventQueue-ContainerReportForContainerReportHandler] WARN  container.ContainerReportHandler (AbstractContainerReportHandler.java:updateContainerState(145)) - Container #1 is in OPEN state, but the datanode 5e7fe0a0-681e-48dc-b88f-f2277eb9af04{ip: 192.168.69.94, host: pr-hdds-2278-n56mq-2983766359, networkLocation: /default-rack, certSerialId: null} reports an CLOSED replica.
2019-10-22 00:13:51,884 [Thread-405] INFO  client.GrpcClientProtocolService (GrpcClientProtocolService.java:lambda$processClientRequest$0(279)) - Failed RaftClientRequest:client-E6BBD608C1E8->5e7fe0a0-681e-48dc-b88f-f2277eb9af04@group-A9CC7D4C7BB1, cid=10, seq=0, Watch-ALL_COMMITTED(6), Message:<EMPTY>, reply=RaftClientReply:client-E6BBD608C1E8->5e7fe0a0-681e-48dc-b88f-f2277eb9af04@group-A9CC7D4C7BB1, cid=10, FAILED org.apache.ratis.protocol.NotReplicatedException: Request with call Id 10 and log index 6 is not yet replicated to ALL_COMMITTED, logIndex=6, commits[5e7fe0a0-681e-48dc-b88f-f2277eb9af04:c10, 5bee3153-f7ec-473f-a61a-388a1f3ac093:c10, 4ccfaf2e-aae8-4e87-8fab-e6f62fbd25e3:c4]
2019-10-22 00:13:51,939 [BlockDeletingService#2] WARN  background.BlockDeletingService (BlockDeletingService.java:isDeletionAllowed(187)) - Close Container log Index 6 is not replicated across allthe servers in the pipeline 44ab1779-0be6-441a-9037-a9cc7d4c7bb1 as the min replicated index is 4. Deletion is not allowed in this container yet.
2019-10-22 00:13:51,953 [BlockDeletingService#2] WARN  background.BlockDeletingService (BlockDeletingService.java:isDeletionAllowed(187)) - Close Container log Index 6 is not replicated across allthe servers in the pipeline 44ab1779-0be6-441a-9037-a9cc7d4c7bb1 as the min replicated index is 4. Deletion is not allowed in this container yet.
2019-10-22 00:13:52,056 [EventQueue-ContainerReportForContainerReportHandler] WARN  container.ContainerReportHandler (AbstractContainerReportHandler.java:updateContainerState(145)) - Container #1 is in OPEN state, but the datanode 5e7fe0a0-681e-48dc-b88f-f2277eb9af04{ip: 192.168.69.94, host: pr-hdds-2278-n56mq-2983766359, networkLocation: /default-rack, certSerialId: null} reports an CLOSED replica.
2019-10-22 00:13:52,154 [EventQueue-ContainerReportForContainerReportHandler] WARN  container.ContainerReportHandler (AbstractContainerReportHandler.java:updateContainerState(145)) - Container #1 is in OPEN state, but the datanode 5bee3153-f7ec-473f-a61a-388a1f3ac093{ip: 192.168.69.94, host: pr-hdds-2278-n56mq-2983766359, networkLocation: /default-rack, certSerialId: null} reports an CLOSED replica.
2019-10-22 00:13:52,256 [EventQueue-ContainerReportForContainerReportHandler] WARN  container.ContainerReportHandler (AbstractContainerReportHandler.java:updateContainerState(145)) - Container #1 is in OPEN state, but the datanode 5e7fe0a0-681e-48dc-b88f-f2277eb9af04{ip: 192.168.69.94, host: pr-hdds-2278-n56mq-2983766359, networkLocation: /default-rack, certSerialId: null} reports an CLOSED replica.
2019-10-22 00:13:52,555 [EventQueue-ContainerReportForContainerReportHandler] WARN  container.ContainerReportHandler (AbstractContainerReportHandler.java:updateContainerState(145)) - Container #1 is in OPEN state, but the datanode 5bee3153-f7ec-473f-a61a-388a1f3ac093{ip: 192.168.69.94, host: pr-hdds-2278-n56mq-2983766359, networkLocation: /default-rack, certSerialId: null} reports an CLOSED replica.
2019-10-22 00:13:52,555 [EventQueue-ContainerReportForContainerReportHandler] WARN  container.ContainerReportHandler (AbstractContainerReportHandler.java:updateContainerState(145)) - Container #1 is in OPEN state, but the datanode 5e7fe0a0-681e-48dc-b88f-f2277eb9af04{ip: 192.168.69.94, host: pr-hdds-2278-n56mq-2983766359, networkLocation: /default-rack, certSerialId: null} reports an CLOSED replica.
2019-10-22 00:13:52,628 [java.util.concurrent.ThreadPoolExecutor$Worker@206774a5[State = -1, empty queue]] WARN  server.GrpcLogAppender (GrpcLogAppender.java:timeoutAppendRequest(209)) - 5e7fe0a0-681e-48dc-b88f-f2277eb9af04@group-A9CC7D4C7BB1->4ccfaf2e-aae8-4e87-8fab-e6f62fbd25e3-GrpcLogAppender: appendEntries Timeout, request=5e7fe0a0-681e-48dc-b88f-f2277eb9af04->4ccfaf2e-aae8-4e87-8fab-e6f62fbd25e3#35-t1, previous=(t:1, i:10), leaderCommit=10, initializing? false, entries: <empty>
2019-10-22 00:13:52,856 [EventQueue-ContainerReportForContainerReportHandler] WARN  container.ContainerReportHandler (AbstractContainerReportHandler.java:updateContainerState(145)) - Container #1 is in OPEN state, but the datanode 5bee3153-f7ec-473f-a61a-388a1f3ac093{ip: 192.168.69.94, host: pr-hdds-2278-n56mq-2983766359, networkLocation: /default-rack, certSerialId: null} reports an CLOSED replica.
2019-10-22 00:13:52,940 [BlockDeletingService#2] WARN  background.BlockDeletingService (BlockDeletingService.java:isDeletionAllowed(187)) - Close Container log Index 6 is not replicated across allthe servers in the pipeline 44ab1779-0be6-441a-9037-a9cc7d4c7bb1 as the min replicated index is 4. Deletion is not allowed in this container yet.
2019-10-22 00:13:52,956 [BlockDeletingService#2] WARN  background.BlockDeletingService (BlockDeletingService.java:isDeletionAllowed(187)) - Close Container log Index 6 is not replicated across allthe servers in the pipeline 44ab1779-0be6-441a-9037-a9cc7d4c7bb1 as the min replicated index is 4. Deletion is not allowed in this container yet.
2019-10-22 00:13:52,956 [EventQueue-ContainerReportForContainerReportHandler] WARN  container.ContainerReportHandler (AbstractContainerReportHandler.java:updateContainerState(145)) - Container #1 is in OPEN state, but the datanode 5e7fe0a0-681e-48dc-b88f-f2277eb9af04{ip: 192.168.69.94, host: pr-hdds-2278-n56mq-2983766359, networkLocation: /default-rack, certSerialId: null} reports an CLOSED replica.
2019-10-22 00:13:53,256 [EventQueue-ContainerReportForContainerReportHandler] WARN  container.ContainerReportHandler (AbstractContainerReportHandler.java:updateContainerState(145)) - Container #1 is in OPEN state, but the datanode 5e7fe0a0-681e-48dc-b88f-f2277eb9af04{ip: 192.168.69.94, host: pr-hdds-2278-n56mq-2983766359, networkLocation: /default-rack, certSerialId: null} reports an CLOSED replica.
2019-10-22 00:13:53,257 [EventQueue-ContainerReportForContainerReportHandler] WARN  container.ContainerReportHandler (AbstractContainerReportHandler.java:updateContainerState(145)) - Container #1 is in OPEN state, but the datanode 5bee3153-f7ec-473f-a61a-388a1f3ac093{ip: 192.168.69.94, host: pr-hdds-2278-n56mq-2983766359, networkLocation: /default-rack, certSerialId: null} reports an CLOSED replica.
2019-10-22 00:13:53,456 [EventQueue-ContainerReportForContainerReportHandler] WARN  container.ContainerReportHandler (AbstractContainerReportHandler.java:updateContainerState(145)) - Container #1 is in OPEN state, but the datanode 5bee3153-f7ec-473f-a61a-388a1f3ac093{ip: 192.168.69.94, host: pr-hdds-2278-n56mq-2983766359, networkLocation: /default-rack, certSerialId: null} reports an CLOSED replica.
2019-10-22 00:13:53,656 [EventQueue-ContainerReportForContainerReportHandler] WARN  container.ContainerReportHandler (AbstractContainerReportHandler.java:updateContainerState(145)) - Container #1 is in OPEN state, but the datanode 5e7fe0a0-681e-48dc-b88f-f2277eb9af04{ip: 192.168.69.94, host: pr-hdds-2278-n56mq-2983766359, networkLocation: /default-rack, certSerialId: null} reports an CLOSED replica.
2019-10-22 00:13:53,756 [EventQueue-ContainerReportForContainerReportHandler] WARN  container.ContainerReportHandler (AbstractContainerReportHandler.java:updateContainerState(145)) - Container #1 is in OPEN state, but the datanode 5bee3153-f7ec-473f-a61a-388a1f3ac093{ip: 192.168.69.94, host: pr-hdds-2278-n56mq-2983766359, networkLocation: /default-rack, certSerialId: null} reports an CLOSED replica.
2019-10-22 00:13:53,941 [BlockDeletingService#2] WARN  background.BlockDeletingService (BlockDeletingService.java:isDeletionAllowed(187)) - Close Container log Index 6 is not replicated across allthe servers in the pipeline 44ab1779-0be6-441a-9037-a9cc7d4c7bb1 as the min replicated index is 4. Deletion is not allowed in this container yet.
2019-10-22 00:13:53,957 [BlockDeletingService#2] WARN  background.BlockDeletingService (BlockDeletingService.java:isDeletionAllowed(187)) - Close Container log Index 6 is not replicated across allthe servers in the pipeline 44ab1779-0be6-441a-9037-a9cc7d4c7bb1 as the min replicated index is 4. Deletion is not allowed in this container yet.
2019-10-22 00:13:53,957 [EventQueue-ContainerReportForContainerReportHandler] WARN  container.ContainerReportHandler (AbstractContainerReportHandler.java:updateContainerState(145)) - Container #1 is in OPEN state, but the datanode 5e7fe0a0-681e-48dc-b88f-f2277eb9af04{ip: 192.168.69.94, host: pr-hdds-2278-n56mq-2983766359, networkLocation: /default-rack, certSerialId: null} reports an CLOSED replica.
2019-10-22 00:13:54,057 [EventQueue-ContainerReportForContainerReportHandler] WARN  container.ContainerReportHandler (AbstractContainerReportHandler.java:updateContainerState(145)) - Container #1 is in OPEN state, but the datanode 5bee3153-f7ec-473f-a61a-388a1f3ac093{ip: 192.168.69.94, host: pr-hdds-2278-n56mq-2983766359, networkLocation: /default-rack, certSerialId: null} reports an CLOSED replica.
2019-10-22 00:13:54,158 [EventQueue-ContainerReportForContainerReportHandler] WARN  container.ContainerReportHandler (AbstractContainerReportHandler.java:updateContainerState(145)) - Container #1 is in OPEN state, but the datanode 5e7fe0a0-681e-48dc-b88f-f2277eb9af04{ip: 192.168.69.94, host: pr-hdds-2278-n56mq-2983766359, networkLocation: /default-rack, certSerialId: null} reports an CLOSED replica.
2019-10-22 00:13:54,459 [EventQueue-ContainerReportForContainerReportHandler] WARN  container.ContainerReportHandler (AbstractContainerReportHandler.java:updateContainerState(145)) - Container #1 is in OPEN state, but the datanode 5e7fe0a0-681e-48dc-b88f-f2277eb9af04{ip: 192.168.69.94, host: pr-hdds-2278-n56mq-2983766359, networkLocation: /default-rack, certSerialId: null} reports an CLOSED replica.
2019-10-22 00:13:54,459 [EventQueue-ContainerReportForContainerReportHandler] WARN  container.ContainerReportHandler (AbstractContainerReportHandler.java:updateContainerState(145)) - Container #1 is in OPEN state, but the datanode 5bee3153-f7ec-473f-a61a-388a1f3ac093{ip: 192.168.69.94, host: pr-hdds-2278-n56mq-2983766359, networkLocation: /default-rack, certSerialId: null} reports an CLOSED replica.
2019-10-22 00:13:54,758 [EventQueue-ContainerReportForContainerReportHandler] WARN  container.ContainerReportHandler (AbstractContainerReportHandler.java:updateContainerState(145)) - Container #1 is in OPEN state, but the datanode 5bee3153-f7ec-473f-a61a-388a1f3ac093{ip: 192.168.69.94, host: pr-hdds-2278-n56mq-2983766359, networkLocation: /default-rack, certSerialId: null} reports an CLOSED replica.
2019-10-22 00:13:54,859 [EventQueue-ContainerReportForContainerReportHandler] WARN  container.ContainerReportHandler (AbstractContainerReportHandler.java:updateContainerState(145)) - Container #1 is in OPEN state, but the datanode 5e7fe0a0-681e-48dc-b88f-f2277eb9af04{ip: 192.168.69.94, host: pr-hdds-2278-n56mq-2983766359, networkLocation: /default-rack, certSerialId: null} reports an CLOSED replica.
2019-10-22 00:13:54,942 [BlockDeletingService#2] WARN  background.BlockDeletingService (BlockDeletingService.java:isDeletionAllowed(187)) - Close Container log Index 6 is not replicated across allthe servers in the pipeline 44ab1779-0be6-441a-9037-a9cc7d4c7bb1 as the min replicated index is 4. Deletion is not allowed in this container yet.
2019-10-22 00:13:54,958 [BlockDeletingService#2] WARN  background.BlockDeletingService (BlockDeletingService.java:isDeletionAllowed(187)) - Close Container log Index 6 is not replicated across allthe servers in the pipeline 44ab1779-0be6-441a-9037-a9cc7d4c7bb1 as the min replicated index is 4. Deletion is not allowed in this container yet.
2019-10-22 00:13:55,058 [EventQueue-ContainerReportForContainerReportHandler] WARN  container.ContainerReportHandler (AbstractContainerReportHandler.java:updateContainerState(145)) - Container #1 is in OPEN state, but the datanode 5bee3153-f7ec-473f-a61a-388a1f3ac093{ip: 192.168.69.94, host: pr-hdds-2278-n56mq-2983766359, networkLocation: /default-rack, certSerialId: null} reports an CLOSED replica.
2019-10-22 00:13:55,128 [java.util.concurrent.ThreadPoolExecutor$Worker@206774a5[State = -1, empty queue]] WARN  server.GrpcLogAppender (GrpcLogAppender.java:timeoutAppendRequest(209)) - 5e7fe0a0-681e-48dc-b88f-f2277eb9af04@group-A9CC7D4C7BB1->4ccfaf2e-aae8-4e87-8fab-e6f62fbd25e3-GrpcLogAppender: appendEntries Timeout, request=5e7fe0a0-681e-48dc-b88f-f2277eb9af04->4ccfaf2e-aae8-4e87-8fab-e6f62fbd25e3#36-t1, previous=(t:1, i:10), leaderCommit=10, initializing? false, entries: <empty>
2019-10-22 00:13:55,160 [EventQueue-ContainerReportForContainerReportHandler] WARN  container.ContainerReportHandler (AbstractContainerReportHandler.java:updateContainerState(145)) - Container #1 is in OPEN state, but the datanode 5e7fe0a0-681e-48dc-b88f-f2277eb9af04{ip: 192.168.69.94, host: pr-hdds-2278-n56mq-2983766359, networkLocation: /default-rack, certSerialId: null} reports an CLOSED replica.
2019-10-22 00:13:55,360 [EventQueue-ContainerReportForContainerReportHandler] WARN  container.ContainerReportHandler (AbstractContainerReportHandler.java:updateContainerState(145)) - Container #1 is in OPEN state, but the datanode 5e7fe0a0-681e-48dc-b88f-f2277eb9af04{ip: 192.168.69.94, host: pr-hdds-2278-n56mq-2983766359, networkLocation: /default-rack, certSerialId: null} reports an CLOSED replica.
2019-10-22 00:13:55,459 [EventQueue-ContainerReportForContainerReportHandler] WARN  container.ContainerReportHandler (AbstractContainerReportHandler.java:updateContainerState(145)) - Container #1 is in OPEN state, but the datanode 5bee3153-f7ec-473f-a61a-388a1f3ac093{ip: 192.168.69.94, host: pr-hdds-2278-n56mq-2983766359, networkLocation: /default-rack, certSerialId: null} reports an CLOSED replica.
2019-10-22 00:13:55,660 [EventQueue-ContainerReportForContainerReportHandler] WARN  container.ContainerReportHandler (AbstractContainerReportHandler.java:updateContainerState(145)) - Container #1 is in OPEN state, but the datanode 5e7fe0a0-681e-48dc-b88f-f2277eb9af04{ip: 192.168.69.94, host: pr-hdds-2278-n56mq-2983766359, networkLocation: /default-rack, certSerialId: null} reports an CLOSED replica.
2019-10-22 00:13:55,758 [EventQueue-ContainerReportForContainerReportHandler] WARN  container.ContainerReportHandler (AbstractContainerReportHandler.java:updateContainerState(145)) - Container #1 is in OPEN state, but the datanode 5bee3153-f7ec-473f-a61a-388a1f3ac093{ip: 192.168.69.94, host: pr-hdds-2278-n56mq-2983766359, networkLocation: /default-rack, certSerialId: null} reports an CLOSED replica.
2019-10-22 00:13:55,944 [BlockDeletingService#2] WARN  background.BlockDeletingService (BlockDeletingService.java:isDeletionAllowed(187)) - Close Container log Index 6 is not replicated across allthe servers in the pipeline 44ab1779-0be6-441a-9037-a9cc7d4c7bb1 as the min replicated index is 4. Deletion is not allowed in this container yet.
2019-10-22 00:13:55,958 [BlockDeletingService#2] WARN  background.BlockDeletingService (BlockDeletingService.java:isDeletionAllowed(187)) - Close Container log Index 6 is not replicated across allthe servers in the pipeline 44ab1779-0be6-441a-9037-a9cc7d4c7bb1 as the min replicated index is 4. Deletion is not allowed in this container yet.
2019-10-22 00:13:55,959 [EventQueue-ContainerReportForContainerReportHandler] WARN  container.ContainerReportHandler (AbstractContainerReportHandler.java:updateContainerState(145)) - Container #1 is in OPEN state, but the datanode 5bee3153-f7ec-473f-a61a-388a1f3ac093{ip: 192.168.69.94, host: pr-hdds-2278-n56mq-2983766359, networkLocation: /default-rack, certSerialId: null} reports an CLOSED replica.
2019-10-22 00:13:56,059 [EventQueue-ContainerReportForContainerReportHandler] WARN  container.ContainerReportHandler (AbstractContainerReportHandler.java:updateContainerState(145)) - Container #1 is in OPEN state, but the datanode 5e7fe0a0-681e-48dc-b88f-f2277eb9af04{ip: 192.168.69.94, host: pr-hdds-2278-n56mq-2983766359, networkLocation: /default-rack, certSerialId: null} reports an CLOSED replica.
2019-10-22 00:13:56,358 [EventQueue-ContainerReportForContainerReportHandler] WARN  container.ContainerReportHandler (AbstractContainerReportHandler.java:updateContainerState(145)) - Container #1 is in OPEN state, but the datanode 5bee3153-f7ec-473f-a61a-388a1f3ac093{ip: 192.168.69.94, host: pr-hdds-2278-n56mq-2983766359, networkLocation: /default-rack, certSerialId: null} reports an CLOSED replica.
2019-10-22 00:13:56,360 [EventQueue-ContainerReportForContainerReportHandler] WARN  container.ContainerReportHandler (AbstractContainerReportHandler.java:updateContainerState(145)) - Container #1 is in OPEN state, but the datanode 5e7fe0a0-681e-48dc-b88f-f2277eb9af04{ip: 192.168.69.94, host: pr-hdds-2278-n56mq-2983766359, networkLocation: /default-rack, certSerialId: null} reports an CLOSED replica.
2019-10-22 00:13:56,658 [EventQueue-ContainerReportForContainerReportHandler] WARN  container.ContainerReportHandler (AbstractContainerReportHandler.java:updateContainerState(145)) - Container #1 is in OPEN state, but the datanode 5bee3153-f7ec-473f-a61a-388a1f3ac093{ip: 192.168.69.94, host: pr-hdds-2278-n56mq-2983766359, networkLocation: /default-rack, certSerialId: null} reports an CLOSED replica.
2019-10-22 00:13:56,660 [EventQueue-ContainerReportForContainerReportHandler] WARN  container.ContainerReportHandler (AbstractContainerReportHandler.java:updateContainerState(145)) - Container #1 is in OPEN state, but the datanode 5e7fe0a0-681e-48dc-b88f-f2277eb9af04{ip: 192.168.69.94, host: pr-hdds-2278-n56mq-2983766359, networkLocation: /default-rack, certSerialId: null} reports an CLOSED replica.
2019-10-22 00:13:56,945 [BlockDeletingService#2] WARN  background.BlockDeletingService (BlockDeletingService.java:isDeletionAllowed(187)) - Close Container log Index 6 is not replicated across allthe servers in the pipeline 44ab1779-0be6-441a-9037-a9cc7d4c7bb1 as the min replicated index is 4. Deletion is not allowed in this container yet.
2019-10-22 00:13:56,958 [EventQueue-ContainerReportForContainerReportHandler] WARN  container.ContainerReportHandler (AbstractContainerReportHandler.java:updateContainerState(145)) - Container #1 is in OPEN state, but the datanode 5bee3153-f7ec-473f-a61a-388a1f3ac093{ip: 192.168.69.94, host: pr-hdds-2278-n56mq-2983766359, networkLocation: /default-rack, certSerialId: null} reports an CLOSED replica.
2019-10-22 00:13:56,959 [BlockDeletingService#2] WARN  background.BlockDeletingService (BlockDeletingService.java:isDeletionAllowed(187)) - Close Container log Index 6 is not replicated across allthe servers in the pipeline 44ab1779-0be6-441a-9037-a9cc7d4c7bb1 as the min replicated index is 4. Deletion is not allowed in this container yet.
2019-10-22 00:13:56,961 [EventQueue-ContainerReportForContainerReportHandler] WARN  container.ContainerReportHandler (AbstractContainerReportHandler.java:updateContainerState(145)) - Container #1 is in OPEN state, but the datanode 5e7fe0a0-681e-48dc-b88f-f2277eb9af04{ip: 192.168.69.94, host: pr-hdds-2278-n56mq-2983766359, networkLocation: /default-rack, certSerialId: null} reports an CLOSED replica.
2019-10-22 00:13:57,162 [EventQueue-ContainerReportForContainerReportHandler] WARN  container.ContainerReportHandler (AbstractContainerReportHandler.java:updateContainerState(145)) - Container #1 is in OPEN state, but the datanode 5e7fe0a0-681e-48dc-b88f-f2277eb9af04{ip: 192.168.69.94, host: pr-hdds-2278-n56mq-2983766359, networkLocation: /default-rack, certSerialId: null} reports an CLOSED replica.
2019-10-22 00:13:57,358 [EventQueue-ContainerReportForContainerReportHandler] WARN  container.ContainerReportHandler (AbstractContainerReportHandler.java:updateContainerState(145)) - Container #1 is in OPEN state, but the datanode 5bee3153-f7ec-473f-a61a-388a1f3ac093{ip: 192.168.69.94, host: pr-hdds-2278-n56mq-2983766359, networkLocation: /default-rack, certSerialId: null} reports an CLOSED replica.
2019-10-22 00:13:57,462 [EventQueue-ContainerReportForContainerReportHandler] WARN  container.ContainerReportHandler (AbstractContainerReportHandler.java:updateContainerState(145)) - Container #1 is in OPEN state, but the datanode 5e7fe0a0-681e-48dc-b88f-f2277eb9af04{ip: 192.168.69.94, host: pr-hdds-2278-n56mq-2983766359, networkLocation: /default-rack, certSerialId: null} reports an CLOSED replica.
2019-10-22 00:13:57,629 [java.util.concurrent.ThreadPoolExecutor$Worker@206774a5[State = -1, empty queue]] WARN  server.GrpcLogAppender (GrpcLogAppender.java:timeoutAppendRequest(209)) - 5e7fe0a0-681e-48dc-b88f-f2277eb9af04@group-A9CC7D4C7BB1->4ccfaf2e-aae8-4e87-8fab-e6f62fbd25e3-GrpcLogAppender: appendEntries Timeout, request=5e7fe0a0-681e-48dc-b88f-f2277eb9af04->4ccfaf2e-aae8-4e87-8fab-e6f62fbd25e3#37-t1, previous=(t:1, i:10), leaderCommit=10, initializing? false, entries: <empty>
2019-10-22 00:13:57,758 [EventQueue-ContainerReportForContainerReportHandler] WARN  container.ContainerReportHandler (AbstractContainerReportHandler.java:updateContainerState(145)) - Container #1 is in OPEN state, but the datanode 5bee3153-f7ec-473f-a61a-388a1f3ac093{ip: 192.168.69.94, host: pr-hdds-2278-n56mq-2983766359, networkLocation: /default-rack, certSerialId: null} reports an CLOSED replica.
2019-10-22 00:13:57,763 [EventQueue-ContainerReportForContainerReportHandler] WARN  container.ContainerReportHandler (AbstractContainerReportHandler.java:updateContainerState(145)) - Container #1 is in OPEN state, but the datanode 5e7fe0a0-681e-48dc-b88f-f2277eb9af04{ip: 192.168.69.94, host: pr-hdds-2278-n56mq-2983766359, networkLocation: /default-rack, certSerialId: null} reports an CLOSED replica.
2019-10-22 00:13:57,946 [BlockDeletingService#2] WARN  background.BlockDeletingService (BlockDeletingService.java:isDeletionAllowed(187)) - Close Container log Index 6 is not replicated across allthe servers in the pipeline 44ab1779-0be6-441a-9037-a9cc7d4c7bb1 as the min replicated index is 4. Deletion is not allowed in this container yet.
2019-10-22 00:13:57,960 [BlockDeletingService#2] WARN  background.BlockDeletingService (BlockDeletingService.java:isDeletionAllowed(187)) - Close Container log Index 6 is not replicated across allthe servers in the pipeline 44ab1779-0be6-441a-9037-a9cc7d4c7bb1 as the min replicated index is 4. Deletion is not allowed in this container yet.
2019-10-22 00:13:58,058 [EventQueue-ContainerReportForContainerReportHandler] WARN  container.ContainerReportHandler (AbstractContainerReportHandler.java:updateContainerState(145)) - Container #1 is in OPEN state, but the datanode 5bee3153-f7ec-473f-a61a-388a1f3ac093{ip: 192.168.69.94, host: pr-hdds-2278-n56mq-2983766359, networkLocation: /default-rack, certSerialId: null} reports an CLOSED replica.
2019-10-22 00:13:58,063 [EventQueue-ContainerReportForContainerReportHandler] WARN  container.ContainerReportHandler (AbstractContainerReportHandler.java:updateContainerState(145)) - Container #1 is in OPEN state, but the datanode 5e7fe0a0-681e-48dc-b88f-f2277eb9af04{ip: 192.168.69.94, host: pr-hdds-2278-n56mq-2983766359, networkLocation: /default-rack, certSerialId: null} reports an CLOSED replica.
2019-10-22 00:13:58,258 [EventQueue-ContainerReportForContainerReportHandler] WARN  container.ContainerReportHandler (AbstractContainerReportHandler.java:updateContainerState(145)) - Container #1 is in OPEN state, but the datanode 5bee3153-f7ec-473f-a61a-388a1f3ac093{ip: 192.168.69.94, host: pr-hdds-2278-n56mq-2983766359, networkLocation: /default-rack, certSerialId: null} reports an CLOSED replica.
2019-10-22 00:13:58,364 [EventQueue-ContainerReportForContainerReportHandler] WARN  container.ContainerReportHandler (AbstractContainerReportHandler.java:updateContainerState(145)) - Container #1 is in OPEN state, but the datanode 5e7fe0a0-681e-48dc-b88f-f2277eb9af04{ip: 192.168.69.94, host: pr-hdds-2278-n56mq-2983766359, networkLocation: /default-rack, certSerialId: null} reports an CLOSED replica.
2019-10-22 00:13:58,459 [EventQueue-ContainerReportForContainerReportHandler] WARN  container.ContainerReportHandler (AbstractContainerReportHandler.java:updateContainerState(145)) - Container #1 is in OPEN state, but the datanode 5bee3153-f7ec-473f-a61a-388a1f3ac093{ip: 192.168.69.94, host: pr-hdds-2278-n56mq-2983766359, networkLocation: /default-rack, certSerialId: null} reports an CLOSED replica.
2019-10-22 00:13:58,665 [EventQueue-ContainerReportForContainerReportHandler] WARN  container.ContainerReportHandler (AbstractContainerReportHandler.java:updateContainerState(145)) - Container #1 is in OPEN state, but the datanode 5e7fe0a0-681e-48dc-b88f-f2277eb9af04{ip: 192.168.69.94, host: pr-hdds-2278-n56mq-2983766359, networkLocation: /default-rack, certSerialId: null} reports an CLOSED replica.
2019-10-22 00:13:58,758 [EventQueue-ContainerReportForContainerReportHandler] WARN  container.ContainerReportHandler (AbstractContainerReportHandler.java:updateContainerState(145)) - Container #1 is in OPEN state, but the datanode 5bee3153-f7ec-473f-a61a-388a1f3ac093{ip: 192.168.69.94, host: pr-hdds-2278-n56mq-2983766359, networkLocation: /default-rack, certSerialId: null} reports an CLOSED replica.
2019-10-22 00:13:58,947 [BlockDeletingService#2] WARN  background.BlockDeletingService (BlockDeletingService.java:isDeletionAllowed(187)) - Close Container log Index 6 is not replicated across allthe servers in the pipeline 44ab1779-0be6-441a-9037-a9cc7d4c7bb1 as the min replicated index is 4. Deletion is not allowed in this container yet.
2019-10-22 00:13:58,961 [BlockDeletingService#2] WARN  background.BlockDeletingService (BlockDeletingService.java:isDeletionAllowed(187)) - Close Container log Index 6 is not replicated across allthe servers in the pipeline 44ab1779-0be6-441a-9037-a9cc7d4c7bb1 as the min replicated index is 4. Deletion is not allowed in this container yet.
2019-10-22 00:13:59,066 [EventQueue-ContainerReportForContainerReportHandler] WARN  container.ContainerReportHandler (AbstractContainerReportHandler.java:updateContainerState(145)) - Container #1 is in OPEN state, but the datanode 5e7fe0a0-681e-48dc-b88f-f2277eb9af04{ip: 192.168.69.94, host: pr-hdds-2278-n56mq-2983766359, networkLocation: /default-rack, certSerialId: null} reports an CLOSED replica.
2019-10-22 00:13:59,158 [EventQueue-ContainerReportForContainerReportHandler] WARN  container.ContainerReportHandler (AbstractContainerReportHandler.java:updateContainerState(145)) - Container #1 is in OPEN state, but the datanode 5bee3153-f7ec-473f-a61a-388a1f3ac093{ip: 192.168.69.94, host: pr-hdds-2278-n56mq-2983766359, networkLocation: /default-rack, certSerialId: null} reports an CLOSED replica.
2019-10-22 00:13:59,366 [EventQueue-ContainerReportForContainerReportHandler] WARN  container.ContainerReportHandler (AbstractContainerReportHandler.java:updateContainerState(145)) - Container #1 is in OPEN state, but the datanode 5e7fe0a0-681e-48dc-b88f-f2277eb9af04{ip: 192.168.69.94, host: pr-hdds-2278-n56mq-2983766359, networkLocation: /default-rack, certSerialId: null} reports an CLOSED replica.
2019-10-22 00:13:59,458 [EventQueue-ContainerReportForContainerReportHandler] WARN  container.ContainerReportHandler (AbstractContainerReportHandler.java:updateContainerState(145)) - Container #1 is in OPEN state, but the datanode 5bee3153-f7ec-473f-a61a-388a1f3ac093{ip: 192.168.69.94, host: pr-hdds-2278-n56mq-2983766359, networkLocation: /default-rack, certSerialId: null} reports an CLOSED replica.
2019-10-22 00:13:59,667 [EventQueue-ContainerReportForContainerReportHandler] WARN  container.ContainerReportHandler (AbstractContainerReportHandler.java:updateContainerState(145)) - Container #1 is in OPEN state, but the datanode 5e7fe0a0-681e-48dc-b88f-f2277eb9af04{ip: 192.168.69.94, host: pr-hdds-2278-n56mq-2983766359, networkLocation: /default-rack, certSerialId: null} reports an CLOSED replica.
2019-10-22 00:13:59,720 [Thread-428] INFO  client.GrpcClientProtocolService (GrpcClientProtocolService.java:lambda$processClientRequest$0(279)) - Failed RaftClientRequest:client-E6BBD608C1E8->5bee3153-f7ec-473f-a61a-388a1f3ac093@group-A9CC7D4C7BB1, cid=10, seq=0, Watch-ALL_COMMITTED(6), Message:<EMPTY>, reply=RaftClientReply:client-E6BBD608C1E8->5bee3153-f7ec-473f-a61a-388a1f3ac093@group-A9CC7D4C7BB1, cid=10, FAILED org.apache.ratis.protocol.NotLeaderException: Server 5bee3153-f7ec-473f-a61a-388a1f3ac093@group-A9CC7D4C7BB1 is not the leader 5e7fe0a0-681e-48dc-b88f-f2277eb9af04:192.168.69.94:38061, logIndex=0, commits[5bee3153-f7ec-473f-a61a-388a1f3ac093:c10, 5e7fe0a0-681e-48dc-b88f-f2277eb9af04:c10, 4ccfaf2e-aae8-4e87-8fab-e6f62fbd25e3:c4]
2019-10-22 00:13:59,759 [EventQueue-ContainerReportForContainerReportHandler] WARN  container.ContainerReportHandler (AbstractContainerReportHandler.java:updateContainerState(145)) - Container #1 is in OPEN state, but the datanode 5bee3153-f7ec-473f-a61a-388a1f3ac093{ip: 192.168.69.94, host: pr-hdds-2278-n56mq-2983766359, networkLocation: /default-rack, certSerialId: null} reports an CLOSED replica.
2019-10-22 00:13:59,949 [BlockDeletingService#2] WARN  background.BlockDeletingService (BlockDeletingService.java:isDeletionAllowed(187)) - Close Container log Index 6 is not replicated across allthe servers in the pipeline 44ab1779-0be6-441a-9037-a9cc7d4c7bb1 as the min replicated index is 4. Deletion is not allowed in this container yet.
2019-10-22 00:13:59,962 [BlockDeletingService#2] WARN  background.BlockDeletingService (BlockDeletingService.java:isDeletionAllowed(187)) - Close Container log Index 6 is not replicated across allthe servers in the pipeline 44ab1779-0be6-441a-9037-a9cc7d4c7bb1 as the min replicated index is 4. Deletion is not allowed in this container yet.
2019-10-22 00:13:59,966 [EventQueue-ContainerReportForContainerReportHandler] WARN  container.ContainerReportHandler (AbstractContainerReportHandler.java:updateContainerState(145)) - Container #1 is in OPEN state, but the datanode 5e7fe0a0-681e-48dc-b88f-f2277eb9af04{ip: 192.168.69.94, host: pr-hdds-2278-n56mq-2983766359, networkLocation: /default-rack, certSerialId: null} reports an CLOSED replica.
2019-10-22 00:14:00,059 [EventQueue-ContainerReportForContainerReportHandler] WARN  container.ContainerReportHandler (AbstractContainerReportHandler.java:updateContainerState(145)) - Container #1 is in OPEN state, but the datanode 5bee3153-f7ec-473f-a61a-388a1f3ac093{ip: 192.168.69.94, host: pr-hdds-2278-n56mq-2983766359, networkLocation: /default-rack, certSerialId: null} reports an CLOSED replica.
2019-10-22 00:14:00,129 [java.util.concurrent.ThreadPoolExecutor$Worker@206774a5[State = -1, empty queue]] WARN  server.GrpcLogAppender (GrpcLogAppender.java:timeoutAppendRequest(209)) - 5e7fe0a0-681e-48dc-b88f-f2277eb9af04@group-A9CC7D4C7BB1->4ccfaf2e-aae8-4e87-8fab-e6f62fbd25e3-GrpcLogAppender: appendEntries Timeout, request=5e7fe0a0-681e-48dc-b88f-f2277eb9af04->4ccfaf2e-aae8-4e87-8fab-e6f62fbd25e3#38-t1, previous=(t:1, i:10), leaderCommit=10, initializing? false, entries: <empty>
2019-10-22 00:14:00,266 [EventQueue-ContainerReportForContainerReportHandler] WARN  container.ContainerReportHandler (AbstractContainerReportHandler.java:updateContainerState(145)) - Container #1 is in OPEN state, but the datanode 5e7fe0a0-681e-48dc-b88f-f2277eb9af04{ip: 192.168.69.94, host: pr-hdds-2278-n56mq-2983766359, networkLocation: /default-rack, certSerialId: null} reports an CLOSED replica.
2019-10-22 00:14:00,361 [EventQueue-ContainerReportForContainerReportHandler] WARN  container.ContainerReportHandler (AbstractContainerReportHandler.java:updateContainerState(145)) - Container #1 is in OPEN state, but the datanode 5bee3153-f7ec-473f-a61a-388a1f3ac093{ip: 192.168.69.94, host: pr-hdds-2278-n56mq-2983766359, networkLocation: /default-rack, certSerialId: null} reports an CLOSED replica.
2019-10-22 00:14:00,660 [EventQueue-ContainerReportForContainerReportHandler] WARN  container.ContainerReportHandler (AbstractContainerReportHandler.java:updateContainerState(145)) - Container #1 is in OPEN state, but the datanode 5bee3153-f7ec-473f-a61a-388a1f3ac093{ip: 192.168.69.94, host: pr-hdds-2278-n56mq-2983766359, networkLocation: /default-rack, certSerialId: null} reports an CLOSED replica.
2019-10-22 00:14:00,666 [EventQueue-ContainerReportForContainerReportHandler] WARN  container.ContainerReportHandler (AbstractContainerReportHandler.java:updateContainerState(145)) - Container #1 is in OPEN state, but the datanode 5e7fe0a0-681e-48dc-b88f-f2277eb9af04{ip: 192.168.69.94, host: pr-hdds-2278-n56mq-2983766359, networkLocation: /default-rack, certSerialId: null} reports an CLOSED replica.
2019-10-22 00:14:00,866 [EventQueue-ContainerReportForContainerReportHandler] WARN  container.ContainerReportHandler (AbstractContainerReportHandler.java:updateContainerState(145)) - Container #1 is in OPEN state, but the datanode 5e7fe0a0-681e-48dc-b88f-f2277eb9af04{ip: 192.168.69.94, host: pr-hdds-2278-n56mq-2983766359, networkLocation: /default-rack, certSerialId: null} reports an CLOSED replica.
2019-10-22 00:14:00,884 [Thread-433] INFO  client.GrpcClientProtocolService (GrpcClientProtocolService.java:lambda$processClientRequest$0(279)) - Failed RaftClientRequest:client-E6BBD608C1E8->5e7fe0a0-681e-48dc-b88f-f2277eb9af04@group-A9CC7D4C7BB1, cid=10, seq=0, Watch-ALL_COMMITTED(6), Message:<EMPTY>, reply=RaftClientReply:client-E6BBD608C1E8->5e7fe0a0-681e-48dc-b88f-f2277eb9af04@group-A9CC7D4C7BB1, cid=10, FAILED org.apache.ratis.protocol.NotReplicatedException: Request with call Id 10 and log index 6 is not yet replicated to ALL_COMMITTED, logIndex=6, commits[5e7fe0a0-681e-48dc-b88f-f2277eb9af04:c10, 5bee3153-f7ec-473f-a61a-388a1f3ac093:c10, 4ccfaf2e-aae8-4e87-8fab-e6f62fbd25e3:c4]
2019-10-22 00:14:00,951 [BlockDeletingService#2] WARN  background.BlockDeletingService (BlockDeletingService.java:isDeletionAllowed(187)) - Close Container log Index 6 is not replicated across allthe servers in the pipeline 44ab1779-0be6-441a-9037-a9cc7d4c7bb1 as the min replicated index is 4. Deletion is not allowed in this container yet.
2019-10-22 00:14:00,960 [EventQueue-ContainerReportForContainerReportHandler] WARN  container.ContainerReportHandler (AbstractContainerReportHandler.java:updateContainerState(145)) - Container #1 is in OPEN state, but the datanode 5bee3153-f7ec-473f-a61a-388a1f3ac093{ip: 192.168.69.94, host: pr-hdds-2278-n56mq-2983766359, networkLocation: /default-rack, certSerialId: null} reports an CLOSED replica.
2019-10-22 00:14:00,963 [BlockDeletingService#2] WARN  background.BlockDeletingService (BlockDeletingService.java:isDeletionAllowed(187)) - Close Container log Index 6 is not replicated across allthe servers in the pipeline 44ab1779-0be6-441a-9037-a9cc7d4c7bb1 as the min replicated index is 4. Deletion is not allowed in this container yet.
2019-10-22 00:14:01,166 [EventQueue-ContainerReportForContainerReportHandler] WARN  container.ContainerReportHandler (AbstractContainerReportHandler.java:updateContainerState(145)) - Container #1 is in OPEN state, but the datanode 5e7fe0a0-681e-48dc-b88f-f2277eb9af04{ip: 192.168.69.94, host: pr-hdds-2278-n56mq-2983766359, networkLocation: /default-rack, certSerialId: null} reports an CLOSED replica.
2019-10-22 00:14:01,261 [EventQueue-ContainerReportForContainerReportHandler] WARN  container.ContainerReportHandler (AbstractContainerReportHandler.java:updateContainerState(145)) - Container #1 is in OPEN state, but the datanode 5bee3153-f7ec-473f-a61a-388a1f3ac093{ip: 192.168.69.94, host: pr-hdds-2278-n56mq-2983766359, networkLocation: /default-rack, certSerialId: null} reports an CLOSED replica.
2019-10-22 00:14:01,466 [EventQueue-ContainerReportForContainerReportHandler] WARN  container.ContainerReportHandler (AbstractContainerReportHandler.java:updateContainerState(145)) - Container #1 is in OPEN state, but the datanode 5e7fe0a0-681e-48dc-b88f-f2277eb9af04{ip: 192.168.69.94, host: pr-hdds-2278-n56mq-2983766359, networkLocation: /default-rack, certSerialId: null} reports an CLOSED replica.
2019-10-22 00:14:01,663 [EventQueue-ContainerReportForContainerReportHandler] WARN  container.ContainerReportHandler (AbstractContainerReportHandler.java:updateContainerState(145)) - Container #1 is in OPEN state, but the datanode 5bee3153-f7ec-473f-a61a-388a1f3ac093{ip: 192.168.69.94, host: pr-hdds-2278-n56mq-2983766359, networkLocation: /default-rack, certSerialId: null} reports an CLOSED replica.
2019-10-22 00:14:01,767 [EventQueue-ContainerReportForContainerReportHandler] WARN  container.ContainerReportHandler (AbstractContainerReportHandler.java:updateContainerState(145)) - Container #1 is in OPEN state, but the datanode 5e7fe0a0-681e-48dc-b88f-f2277eb9af04{ip: 192.168.69.94, host: pr-hdds-2278-n56mq-2983766359, networkLocation: /default-rack, certSerialId: null} reports an CLOSED replica.
2019-10-22 00:14:01,952 [BlockDeletingService#2] WARN  background.BlockDeletingService (BlockDeletingService.java:isDeletionAllowed(187)) - Close Container log Index 6 is not replicated across allthe servers in the pipeline 44ab1779-0be6-441a-9037-a9cc7d4c7bb1 as the min replicated index is 4. Deletion is not allowed in this container yet.
2019-10-22 00:14:01,964 [BlockDeletingService#2] WARN  background.BlockDeletingService (BlockDeletingService.java:isDeletionAllowed(187)) - Close Container log Index 6 is not replicated across allthe servers in the pipeline 44ab1779-0be6-441a-9037-a9cc7d4c7bb1 as the min replicated index is 4. Deletion is not allowed in this container yet.
2019-10-22 00:14:02,063 [EventQueue-ContainerReportForContainerReportHandler] WARN  container.ContainerReportHandler (AbstractContainerReportHandler.java:updateContainerState(145)) - Container #1 is in OPEN state, but the datanode 5bee3153-f7ec-473f-a61a-388a1f3ac093{ip: 192.168.69.94, host: pr-hdds-2278-n56mq-2983766359, networkLocation: /default-rack, certSerialId: null} reports an CLOSED replica.
2019-10-22 00:14:02,067 [EventQueue-ContainerReportForContainerReportHandler] WARN  container.ContainerReportHandler (AbstractContainerReportHandler.java:updateContainerState(145)) - Container #1 is in OPEN state, but the datanode 5e7fe0a0-681e-48dc-b88f-f2277eb9af04{ip: 192.168.69.94, host: pr-hdds-2278-n56mq-2983766359, networkLocation: /default-rack, certSerialId: null} reports an CLOSED replica.
2019-10-22 00:14:02,363 [EventQueue-ContainerReportForContainerReportHandler] WARN  container.ContainerReportHandler (AbstractContainerReportHandler.java:updateContainerState(145)) - Container #1 is in OPEN state, but the datanode 5bee3153-f7ec-473f-a61a-388a1f3ac093{ip: 192.168.69.94, host: pr-hdds-2278-n56mq-2983766359, networkLocation: /default-rack, certSerialId: null} reports an CLOSED replica.
2019-10-22 00:14:02,467 [EventQueue-ContainerReportForContainerReportHandler] WARN  container.ContainerReportHandler (AbstractContainerReportHandler.java:updateContainerState(145)) - Container #1 is in OPEN state, but the datanode 5e7fe0a0-681e-48dc-b88f-f2277eb9af04{ip: 192.168.69.94, host: pr-hdds-2278-n56mq-2983766359, networkLocation: /default-rack, certSerialId: null} reports an CLOSED replica.
2019-10-22 00:14:02,630 [java.util.concurrent.ThreadPoolExecutor$Worker@206774a5[State = -1, empty queue]] WARN  server.GrpcLogAppender (GrpcLogAppender.java:timeoutAppendRequest(209)) - 5e7fe0a0-681e-48dc-b88f-f2277eb9af04@group-A9CC7D4C7BB1->4ccfaf2e-aae8-4e87-8fab-e6f62fbd25e3-GrpcLogAppender: appendEntries Timeout, request=5e7fe0a0-681e-48dc-b88f-f2277eb9af04->4ccfaf2e-aae8-4e87-8fab-e6f62fbd25e3#39-t1, previous=(t:1, i:10), leaderCommit=10, initializing? false, entries: <empty>
2019-10-22 00:14:02,663 [EventQueue-ContainerReportForContainerReportHandler] WARN  container.ContainerReportHandler (AbstractContainerReportHandler.java:updateContainerState(145)) - Container #1 is in OPEN state, but the datanode 5bee3153-f7ec-473f-a61a-388a1f3ac093{ip: 192.168.69.94, host: pr-hdds-2278-n56mq-2983766359, networkLocation: /default-rack, certSerialId: null} reports an CLOSED replica.
2019-10-22 00:14:02,768 [EventQueue-ContainerReportForContainerReportHandler] WARN  container.ContainerReportHandler (AbstractContainerReportHandler.java:updateContainerState(145)) - Container #1 is in OPEN state, but the datanode 5e7fe0a0-681e-48dc-b88f-f2277eb9af04{ip: 192.168.69.94, host: pr-hdds-2278-n56mq-2983766359, networkLocation: /default-rack, certSerialId: null} reports an CLOSED replica.
2019-10-22 00:14:02,953 [BlockDeletingService#2] WARN  background.BlockDeletingService (BlockDeletingService.java:isDeletionAllowed(187)) - Close Container log Index 6 is not replicated across allthe servers in the pipeline 44ab1779-0be6-441a-9037-a9cc7d4c7bb1 as the min replicated index is 4. Deletion is not allowed in this container yet.
2019-10-22 00:14:02,963 [EventQueue-ContainerReportForContainerReportHandler] WARN  container.ContainerReportHandler (AbstractContainerReportHandler.java:updateContainerState(145)) - Container #1 is in OPEN state, but the datanode 5bee3153-f7ec-473f-a61a-388a1f3ac093{ip: 192.168.69.94, host: pr-hdds-2278-n56mq-2983766359, networkLocation: /default-rack, certSerialId: null} reports an CLOSED replica.
2019-10-22 00:14:02,965 [BlockDeletingService#2] WARN  background.BlockDeletingService (BlockDeletingService.java:isDeletionAllowed(187)) - Close Container log Index 6 is not replicated across allthe servers in the pipeline 44ab1779-0be6-441a-9037-a9cc7d4c7bb1 as the min replicated index is 4. Deletion is not allowed in this container yet.
2019-10-22 00:14:02,968 [EventQueue-ContainerReportForContainerReportHandler] WARN  container.ContainerReportHandler (AbstractContainerReportHandler.java:updateContainerState(145)) - Container #1 is in OPEN state, but the datanode 5e7fe0a0-681e-48dc-b88f-f2277eb9af04{ip: 192.168.69.94, host: pr-hdds-2278-n56mq-2983766359, networkLocation: /default-rack, certSerialId: null} reports an CLOSED replica.
2019-10-22 00:14:03,164 [EventQueue-ContainerReportForContainerReportHandler] WARN  container.ContainerReportHandler (AbstractContainerReportHandler.java:updateContainerState(145)) - Container #1 is in OPEN state, but the datanode 5bee3153-f7ec-473f-a61a-388a1f3ac093{ip: 192.168.69.94, host: pr-hdds-2278-n56mq-2983766359, networkLocation: /default-rack, certSerialId: null} reports an CLOSED replica.
2019-10-22 00:14:03,167 [EventQueue-ContainerReportForContainerReportHandler] WARN  container.ContainerReportHandler (AbstractContainerReportHandler.java:updateContainerState(145)) - Container #1 is in OPEN state, but the datanode 5e7fe0a0-681e-48dc-b88f-f2277eb9af04{ip: 192.168.69.94, host: pr-hdds-2278-n56mq-2983766359, networkLocation: /default-rack, certSerialId: null} reports an CLOSED replica.
2019-10-22 00:14:03,566 [EventQueue-ContainerReportForContainerReportHandler] WARN  container.ContainerReportHandler (AbstractContainerReportHandler.java:updateContainerState(145)) - Container #1 is in OPEN state, but the datanode 5bee3153-f7ec-473f-a61a-388a1f3ac093{ip: 192.168.69.94, host: pr-hdds-2278-n56mq-2983766359, networkLocation: /default-rack, certSerialId: null} reports an CLOSED replica.
2019-10-22 00:14:03,568 [EventQueue-ContainerReportForContainerReportHandler] WARN  container.ContainerReportHandler (AbstractContainerReportHandler.java:updateContainerState(145)) - Container #1 is in OPEN state, but the datanode 5e7fe0a0-681e-48dc-b88f-f2277eb9af04{ip: 192.168.69.94, host: pr-hdds-2278-n56mq-2983766359, networkLocation: /default-rack, certSerialId: null} reports an CLOSED replica.
2019-10-22 00:14:03,767 [EventQueue-ContainerReportForContainerReportHandler] WARN  container.ContainerReportHandler (AbstractContainerReportHandler.java:updateContainerState(145)) - Container #1 is in OPEN state, but the datanode 5bee3153-f7ec-473f-a61a-388a1f3ac093{ip: 192.168.69.94, host: pr-hdds-2278-n56mq-2983766359, networkLocation: /default-rack, certSerialId: null} reports an CLOSED replica.
2019-10-22 00:14:03,954 [BlockDeletingService#2] WARN  background.BlockDeletingService (BlockDeletingService.java:isDeletionAllowed(187)) - Close Container log Index 6 is not replicated across allthe servers in the pipeline 44ab1779-0be6-441a-9037-a9cc7d4c7bb1 as the min replicated index is 4. Deletion is not allowed in this container yet.
2019-10-22 00:14:03,966 [BlockDeletingService#2] WARN  background.BlockDeletingService (BlockDeletingService.java:isDeletionAllowed(187)) - Close Container log Index 6 is not replicated across allthe servers in the pipeline 44ab1779-0be6-441a-9037-a9cc7d4c7bb1 as the min replicated index is 4. Deletion is not allowed in this container yet.
2019-10-22 00:14:03,969 [EventQueue-ContainerReportForContainerReportHandler] WARN  container.ContainerReportHandler (AbstractContainerReportHandler.java:updateContainerState(145)) - Container #1 is in OPEN state, but the datanode 5e7fe0a0-681e-48dc-b88f-f2277eb9af04{ip: 192.168.69.94, host: pr-hdds-2278-n56mq-2983766359, networkLocation: /default-rack, certSerialId: null} reports an CLOSED replica.
2019-10-22 00:14:04,067 [EventQueue-ContainerReportForContainerReportHandler] WARN  container.ContainerReportHandler (AbstractContainerReportHandler.java:updateContainerState(145)) - Container #1 is in OPEN state, but the datanode 5bee3153-f7ec-473f-a61a-388a1f3ac093{ip: 192.168.69.94, host: pr-hdds-2278-n56mq-2983766359, networkLocation: /default-rack, certSerialId: null} reports an CLOSED replica.
2019-10-22 00:14:04,169 [EventQueue-ContainerReportForContainerReportHandler] WARN  container.ContainerReportHandler (AbstractContainerReportHandler.java:updateContainerState(145)) - Container #1 is in OPEN state, but the datanode 5e7fe0a0-681e-48dc-b88f-f2277eb9af04{ip: 192.168.69.94, host: pr-hdds-2278-n56mq-2983766359, networkLocation: /default-rack, certSerialId: null} reports an CLOSED replica.
2019-10-22 00:14:04,367 [EventQueue-ContainerReportForContainerReportHandler] WARN  container.ContainerReportHandler (AbstractContainerReportHandler.java:updateContainerState(145)) - Container #1 is in OPEN state, but the datanode 5bee3153-f7ec-473f-a61a-388a1f3ac093{ip: 192.168.69.94, host: pr-hdds-2278-n56mq-2983766359, networkLocation: /default-rack, certSerialId: null} reports an CLOSED replica.
2019-10-22 00:14:04,569 [EventQueue-ContainerReportForContainerReportHandler] WARN  container.ContainerReportHandler (AbstractContainerReportHandler.java:updateContainerState(145)) - Container #1 is in OPEN state, but the datanode 5e7fe0a0-681e-48dc-b88f-f2277eb9af04{ip: 192.168.69.94, host: pr-hdds-2278-n56mq-2983766359, networkLocation: /default-rack, certSerialId: null} reports an CLOSED replica.
2019-10-22 00:14:04,767 [EventQueue-ContainerReportForContainerReportHandler] WARN  container.ContainerReportHandler (AbstractContainerReportHandler.java:updateContainerState(145)) - Container #1 is in OPEN state, but the datanode 5bee3153-f7ec-473f-a61a-388a1f3ac093{ip: 192.168.69.94, host: pr-hdds-2278-n56mq-2983766359, networkLocation: /default-rack, certSerialId: null} reports an CLOSED replica.
2019-10-22 00:14:04,955 [BlockDeletingService#2] WARN  background.BlockDeletingService (BlockDeletingService.java:isDeletionAllowed(187)) - Close Container log Index 6 is not replicated across allthe servers in the pipeline 44ab1779-0be6-441a-9037-a9cc7d4c7bb1 as the min replicated index is 4. Deletion is not allowed in this container yet.
2019-10-22 00:14:04,967 [BlockDeletingService#2] WARN  background.BlockDeletingService (BlockDeletingService.java:isDeletionAllowed(187)) - Close Container log Index 6 is not replicated across allthe servers in the pipeline 44ab1779-0be6-441a-9037-a9cc7d4c7bb1 as the min replicated index is 4. Deletion is not allowed in this container yet.
2019-10-22 00:14:04,969 [EventQueue-ContainerReportForContainerReportHandler] WARN  container.ContainerReportHandler (AbstractContainerReportHandler.java:updateContainerState(145)) - Container #1 is in OPEN state, but the datanode 5e7fe0a0-681e-48dc-b88f-f2277eb9af04{ip: 192.168.69.94, host: pr-hdds-2278-n56mq-2983766359, networkLocation: /default-rack, certSerialId: null} reports an CLOSED replica.
2019-10-22 00:14:05,067 [EventQueue-ContainerReportForContainerReportHandler] WARN  container.ContainerReportHandler (AbstractContainerReportHandler.java:updateContainerState(145)) - Container #1 is in OPEN state, but the datanode 5bee3153-f7ec-473f-a61a-388a1f3ac093{ip: 192.168.69.94, host: pr-hdds-2278-n56mq-2983766359, networkLocation: /default-rack, certSerialId: null} reports an CLOSED replica.
2019-10-22 00:14:05,131 [java.util.concurrent.ThreadPoolExecutor$Worker@206774a5[State = -1, empty queue]] WARN  server.GrpcLogAppender (GrpcLogAppender.java:timeoutAppendRequest(209)) - 5e7fe0a0-681e-48dc-b88f-f2277eb9af04@group-A9CC7D4C7BB1->4ccfaf2e-aae8-4e87-8fab-e6f62fbd25e3-GrpcLogAppender: appendEntries Timeout, request=5e7fe0a0-681e-48dc-b88f-f2277eb9af04->4ccfaf2e-aae8-4e87-8fab-e6f62fbd25e3#40-t1, previous=(t:1, i:10), leaderCommit=10, initializing? false, entries: <empty>
2019-10-22 00:14:05,269 [EventQueue-ContainerReportForContainerReportHandler] WARN  container.ContainerReportHandler (AbstractContainerReportHandler.java:updateContainerState(145)) - Container #1 is in OPEN state, but the datanode 5e7fe0a0-681e-48dc-b88f-f2277eb9af04{ip: 192.168.69.94, host: pr-hdds-2278-n56mq-2983766359, networkLocation: /default-rack, certSerialId: null} reports an CLOSED replica.
2019-10-22 00:14:05,368 [EventQueue-ContainerReportForContainerReportHandler] WARN  container.ContainerReportHandler (AbstractContainerReportHandler.java:updateContainerState(145)) - Container #1 is in OPEN state, but the datanode 5bee3153-f7ec-473f-a61a-388a1f3ac093{ip: 192.168.69.94, host: pr-hdds-2278-n56mq-2983766359, networkLocation: /default-rack, certSerialId: null} reports an CLOSED replica.
2019-10-22 00:14:05,569 [EventQueue-ContainerReportForContainerReportHandler] WARN  container.ContainerReportHandler (AbstractContainerReportHandler.java:updateContainerState(145)) - Container #1 is in OPEN state, but the datanode 5e7fe0a0-681e-48dc-b88f-f2277eb9af04{ip: 192.168.69.94, host: pr-hdds-2278-n56mq-2983766359, networkLocation: /default-rack, certSerialId: null} reports an CLOSED replica.
2019-10-22 00:14:05,667 [EventQueue-ContainerReportForContainerReportHandler] WARN  container.ContainerReportHandler (AbstractContainerReportHandler.java:updateContainerState(145)) - Container #1 is in OPEN state, but the datanode 5bee3153-f7ec-473f-a61a-388a1f3ac093{ip: 192.168.69.94, host: pr-hdds-2278-n56mq-2983766359, networkLocation: /default-rack, certSerialId: null} reports an CLOSED replica.
2019-10-22 00:14:05,869 [EventQueue-ContainerReportForContainerReportHandler] WARN  container.ContainerReportHandler (AbstractContainerReportHandler.java:updateContainerState(145)) - Container #1 is in OPEN state, but the datanode 5e7fe0a0-681e-48dc-b88f-f2277eb9af04{ip: 192.168.69.94, host: pr-hdds-2278-n56mq-2983766359, networkLocation: /default-rack, certSerialId: null} reports an CLOSED replica.
2019-10-22 00:14:05,957 [BlockDeletingService#2] WARN  background.BlockDeletingService (BlockDeletingService.java:isDeletionAllowed(187)) - Close Container log Index 6 is not replicated across allthe servers in the pipeline 44ab1779-0be6-441a-9037-a9cc7d4c7bb1 as the min replicated index is 4. Deletion is not allowed in this container yet.
2019-10-22 00:14:05,967 [EventQueue-ContainerReportForContainerReportHandler] WARN  container.ContainerReportHandler (AbstractContainerReportHandler.java:updateContainerState(145)) - Container #1 is in OPEN state, but the datanode 5bee3153-f7ec-473f-a61a-388a1f3ac093{ip: 192.168.69.94, host: pr-hdds-2278-n56mq-2983766359, networkLocation: /default-rack, certSerialId: null} reports an CLOSED replica.
2019-10-22 00:14:05,968 [BlockDeletingService#2] WARN  background.BlockDeletingService (BlockDeletingService.java:isDeletionAllowed(187)) - Close Container log Index 6 is not replicated across allthe servers in the pipeline 44ab1779-0be6-441a-9037-a9cc7d4c7bb1 as the min replicated index is 4. Deletion is not allowed in this container yet.
2019-10-22 00:14:06,069 [EventQueue-ContainerReportForContainerReportHandler] WARN  container.ContainerReportHandler (AbstractContainerReportHandler.java:updateContainerState(145)) - Container #1 is in OPEN state, but the datanode 5e7fe0a0-681e-48dc-b88f-f2277eb9af04{ip: 192.168.69.94, host: pr-hdds-2278-n56mq-2983766359, networkLocation: /default-rack, certSerialId: null} reports an CLOSED replica.
2019-10-22 00:14:06,167 [EventQueue-ContainerReportForContainerReportHandler] WARN  container.ContainerReportHandler (AbstractContainerReportHandler.java:updateContainerState(145)) - Container #1 is in OPEN state, but the datanode 5bee3153-f7ec-473f-a61a-388a1f3ac093{ip: 192.168.69.94, host: pr-hdds-2278-n56mq-2983766359, networkLocation: /default-rack, certSerialId: null} reports an CLOSED replica.
2019-10-22 00:14:06,369 [EventQueue-ContainerReportForContainerReportHandler] WARN  container.ContainerReportHandler (AbstractContainerReportHandler.java:updateContainerState(145)) - Container #1 is in OPEN state, but the datanode 5e7fe0a0-681e-48dc-b88f-f2277eb9af04{ip: 192.168.69.94, host: pr-hdds-2278-n56mq-2983766359, networkLocation: /default-rack, certSerialId: null} reports an CLOSED replica.
2019-10-22 00:14:06,467 [EventQueue-ContainerReportForContainerReportHandler] WARN  container.ContainerReportHandler (AbstractContainerReportHandler.java:updateContainerState(145)) - Container #1 is in OPEN state, but the datanode 5bee3153-f7ec-473f-a61a-388a1f3ac093{ip: 192.168.69.94, host: pr-hdds-2278-n56mq-2983766359, networkLocation: /default-rack, certSerialId: null} reports an CLOSED replica.
2019-10-22 00:14:06,669 [EventQueue-ContainerReportForContainerReportHandler] WARN  container.ContainerReportHandler (AbstractContainerReportHandler.java:updateContainerState(145)) - Container #1 is in OPEN state, but the datanode 5e7fe0a0-681e-48dc-b88f-f2277eb9af04{ip: 192.168.69.94, host: pr-hdds-2278-n56mq-2983766359, networkLocation: /default-rack, certSerialId: null} reports an CLOSED replica.
2019-10-22 00:14:06,767 [EventQueue-ContainerReportForContainerReportHandler] WARN  container.ContainerReportHandler (AbstractContainerReportHandler.java:updateContainerState(145)) - Container #1 is in OPEN state, but the datanode 5bee3153-f7ec-473f-a61a-388a1f3ac093{ip: 192.168.69.94, host: pr-hdds-2278-n56mq-2983766359, networkLocation: /default-rack, certSerialId: null} reports an CLOSED replica.
2019-10-22 00:14:06,958 [BlockDeletingService#2] WARN  background.BlockDeletingService (BlockDeletingService.java:isDeletionAllowed(187)) - Close Container log Index 6 is not replicated across allthe servers in the pipeline 44ab1779-0be6-441a-9037-a9cc7d4c7bb1 as the min replicated index is 4. Deletion is not allowed in this container yet.
2019-10-22 00:14:06,969 [BlockDeletingService#2] WARN  background.BlockDeletingService (BlockDeletingService.java:isDeletionAllowed(187)) - Close Container log Index 6 is not replicated across allthe servers in the pipeline 44ab1779-0be6-441a-9037-a9cc7d4c7bb1 as the min replicated index is 4. Deletion is not allowed in this container yet.
2019-10-22 00:14:07,068 [EventQueue-ContainerReportForContainerReportHandler] WARN  container.ContainerReportHandler (AbstractContainerReportHandler.java:updateContainerState(145)) - Container #1 is in OPEN state, but the datanode 5bee3153-f7ec-473f-a61a-388a1f3ac093{ip: 192.168.69.94, host: pr-hdds-2278-n56mq-2983766359, networkLocation: /default-rack, certSerialId: null} reports an CLOSED replica.
2019-10-22 00:14:07,070 [EventQueue-ContainerReportForContainerReportHandler] WARN  container.ContainerReportHandler (AbstractContainerReportHandler.java:updateContainerState(145)) - Container #1 is in OPEN state, but the datanode 5e7fe0a0-681e-48dc-b88f-f2277eb9af04{ip: 192.168.69.94, host: pr-hdds-2278-n56mq-2983766359, networkLocation: /default-rack, certSerialId: null} reports an CLOSED replica.
2019-10-22 00:14:07,369 [EventQueue-ContainerReportForContainerReportHandler] WARN  container.ContainerReportHandler (AbstractContainerReportHandler.java:updateContainerState(145)) - Container #1 is in OPEN state, but the datanode 5bee3153-f7ec-473f-a61a-388a1f3ac093{ip: 192.168.69.94, host: pr-hdds-2278-n56mq-2983766359, networkLocation: /default-rack, certSerialId: null} reports an CLOSED replica.
2019-10-22 00:14:07,369 [EventQueue-ContainerReportForContainerReportHandler] WARN  container.ContainerReportHandler (AbstractContainerReportHandler.java:updateContainerState(145)) - Container #1 is in OPEN state, but the datanode 5e7fe0a0-681e-48dc-b88f-f2277eb9af04{ip: 192.168.69.94, host: pr-hdds-2278-n56mq-2983766359, networkLocation: /default-rack, certSerialId: null} reports an CLOSED replica.
2019-10-22 00:14:07,632 [java.util.concurrent.ThreadPoolExecutor$Worker@206774a5[State = -1, empty queue]] WARN  server.GrpcLogAppender (GrpcLogAppender.java:timeoutAppendRequest(209)) - 5e7fe0a0-681e-48dc-b88f-f2277eb9af04@group-A9CC7D4C7BB1->4ccfaf2e-aae8-4e87-8fab-e6f62fbd25e3-GrpcLogAppender: appendEntries Timeout, request=5e7fe0a0-681e-48dc-b88f-f2277eb9af04->4ccfaf2e-aae8-4e87-8fab-e6f62fbd25e3#41-t1, previous=(t:1, i:10), leaderCommit=10, initializing? false, entries: <empty>
2019-10-22 00:14:07,670 [EventQueue-ContainerReportForContainerReportHandler] WARN  container.ContainerReportHandler (AbstractContainerReportHandler.java:updateContainerState(145)) - Container #1 is in OPEN state, but the datanode 5e7fe0a0-681e-48dc-b88f-f2277eb9af04{ip: 192.168.69.94, host: pr-hdds-2278-n56mq-2983766359, networkLocation: /default-rack, certSerialId: null} reports an CLOSED replica.
2019-10-22 00:14:07,768 [EventQueue-ContainerReportForContainerReportHandler] WARN  container.ContainerReportHandler (AbstractContainerReportHandler.java:updateContainerState(145)) - Container #1 is in OPEN state, but the datanode 5bee3153-f7ec-473f-a61a-388a1f3ac093{ip: 192.168.69.94, host: pr-hdds-2278-n56mq-2983766359, networkLocation: /default-rack, certSerialId: null} reports an CLOSED replica.
2019-10-22 00:14:07,960 [BlockDeletingService#2] WARN  background.BlockDeletingService (BlockDeletingService.java:isDeletionAllowed(187)) - Close Container log Index 6 is not replicated across allthe servers in the pipeline 44ab1779-0be6-441a-9037-a9cc7d4c7bb1 as the min replicated index is 4. Deletion is not allowed in this container yet.
2019-10-22 00:14:07,970 [BlockDeletingService#2] WARN  background.BlockDeletingService (BlockDeletingService.java:isDeletionAllowed(187)) - Close Container log Index 6 is not replicated across allthe servers in the pipeline 44ab1779-0be6-441a-9037-a9cc7d4c7bb1 as the min replicated index is 4. Deletion is not allowed in this container yet.
2019-10-22 00:14:07,971 [EventQueue-ContainerReportForContainerReportHandler] WARN  container.ContainerReportHandler (AbstractContainerReportHandler.java:updateContainerState(145)) - Container #1 is in OPEN state, but the datanode 5e7fe0a0-681e-48dc-b88f-f2277eb9af04{ip: 192.168.69.94, host: pr-hdds-2278-n56mq-2983766359, networkLocation: /default-rack, certSerialId: null} reports an CLOSED replica.
2019-10-22 00:14:08,068 [EventQueue-ContainerReportForContainerReportHandler] WARN  container.ContainerReportHandler (AbstractContainerReportHandler.java:updateContainerState(145)) - Container #1 is in OPEN state, but the datanode 5bee3153-f7ec-473f-a61a-388a1f3ac093{ip: 192.168.69.94, host: pr-hdds-2278-n56mq-2983766359, networkLocation: /default-rack, certSerialId: null} reports an CLOSED replica.
2019-10-22 00:14:08,271 [EventQueue-ContainerReportForContainerReportHandler] WARN  container.ContainerReportHandler (AbstractContainerReportHandler.java:updateContainerState(145)) - Container #1 is in OPEN state, but the datanode 5e7fe0a0-681e-48dc-b88f-f2277eb9af04{ip: 192.168.69.94, host: pr-hdds-2278-n56mq-2983766359, networkLocation: /default-rack, certSerialId: null} reports an CLOSED replica.
2019-10-22 00:14:08,368 [EventQueue-ContainerReportForContainerReportHandler] WARN  container.ContainerReportHandler (AbstractContainerReportHandler.java:updateContainerState(145)) - Container #1 is in OPEN state, but the datanode 5bee3153-f7ec-473f-a61a-388a1f3ac093{ip: 192.168.69.94, host: pr-hdds-2278-n56mq-2983766359, networkLocation: /default-rack, certSerialId: null} reports an CLOSED replica.
2019-10-22 00:14:08,569 [EventQueue-ContainerReportForContainerReportHandler] WARN  container.ContainerReportHandler (AbstractContainerReportHandler.java:updateContainerState(145)) - Container #1 is in OPEN state, but the datanode 5bee3153-f7ec-473f-a61a-388a1f3ac093{ip: 192.168.69.94, host: pr-hdds-2278-n56mq-2983766359, networkLocation: /default-rack, certSerialId: null} reports an CLOSED replica.
2019-10-22 00:14:08,671 [EventQueue-ContainerReportForContainerReportHandler] WARN  container.ContainerReportHandler (AbstractContainerReportHandler.java:updateContainerState(145)) - Container #1 is in OPEN state, but the datanode 5e7fe0a0-681e-48dc-b88f-f2277eb9af04{ip: 192.168.69.94, host: pr-hdds-2278-n56mq-2983766359, networkLocation: /default-rack, certSerialId: null} reports an CLOSED replica.
2019-10-22 00:14:08,868 [EventQueue-ContainerReportForContainerReportHandler] WARN  container.ContainerReportHandler (AbstractContainerReportHandler.java:updateContainerState(145)) - Container #1 is in OPEN state, but the datanode 5bee3153-f7ec-473f-a61a-388a1f3ac093{ip: 192.168.69.94, host: pr-hdds-2278-n56mq-2983766359, networkLocation: /default-rack, certSerialId: null} reports an CLOSED replica.
2019-10-22 00:14:08,961 [BlockDeletingService#2] WARN  background.BlockDeletingService (BlockDeletingService.java:isDeletionAllowed(187)) - Close Container log Index 6 is not replicated across allthe servers in the pipeline 44ab1779-0be6-441a-9037-a9cc7d4c7bb1 as the min replicated index is 4. Deletion is not allowed in this container yet.
2019-10-22 00:14:08,971 [BlockDeletingService#2] WARN  background.BlockDeletingService (BlockDeletingService.java:isDeletionAllowed(187)) - Close Container log Index 6 is not replicated across allthe servers in the pipeline 44ab1779-0be6-441a-9037-a9cc7d4c7bb1 as the min replicated index is 4. Deletion is not allowed in this container yet.
2019-10-22 00:14:09,068 [EventQueue-ContainerReportForContainerReportHandler] WARN  container.ContainerReportHandler (AbstractContainerReportHandler.java:updateContainerState(145)) - Container #1 is in OPEN state, but the datanode 5bee3153-f7ec-473f-a61a-388a1f3ac093{ip: 192.168.69.94, host: pr-hdds-2278-n56mq-2983766359, networkLocation: /default-rack, certSerialId: null} reports an CLOSED replica.
2019-10-22 00:14:09,072 [EventQueue-ContainerReportForContainerReportHandler] WARN  container.ContainerReportHandler (AbstractContainerReportHandler.java:updateContainerState(145)) - Container #1 is in OPEN state, but the datanode 5e7fe0a0-681e-48dc-b88f-f2277eb9af04{ip: 192.168.69.94, host: pr-hdds-2278-n56mq-2983766359, networkLocation: /default-rack, certSerialId: null} reports an CLOSED replica.
2019-10-22 00:14:09,272 [EventQueue-ContainerReportForContainerReportHandler] WARN  container.ContainerReportHandler (AbstractContainerReportHandler.java:updateContainerState(145)) - Container #1 is in OPEN state, but the datanode 5e7fe0a0-681e-48dc-b88f-f2277eb9af04{ip: 192.168.69.94, host: pr-hdds-2278-n56mq-2983766359, networkLocation: /default-rack, certSerialId: null} reports an CLOSED replica.
2019-10-22 00:14:09,469 [EventQueue-ContainerReportForContainerReportHandler] WARN  container.ContainerReportHandler (AbstractContainerReportHandler.java:updateContainerState(145)) - Container #1 is in OPEN state, but the datanode 5bee3153-f7ec-473f-a61a-388a1f3ac093{ip: 192.168.69.94, host: pr-hdds-2278-n56mq-2983766359, networkLocation: /default-rack, certSerialId: null} reports an CLOSED replica.
2019-10-22 00:14:09,672 [EventQueue-ContainerReportForContainerReportHandler] WARN  container.ContainerReportHandler (AbstractContainerReportHandler.java:updateContainerState(145)) - Container #1 is in OPEN state, but the datanode 5e7fe0a0-681e-48dc-b88f-f2277eb9af04{ip: 192.168.69.94, host: pr-hdds-2278-n56mq-2983766359, networkLocation: /default-rack, certSerialId: null} reports an CLOSED replica.
2019-10-22 00:14:09,750 [Thread-460] INFO  client.GrpcClientProtocolService (GrpcClientProtocolService.java:lambda$processClientRequest$0(279)) - Failed RaftClientRequest:client-E6BBD608C1E8->5bee3153-f7ec-473f-a61a-388a1f3ac093@group-A9CC7D4C7BB1, cid=10, seq=0, Watch-ALL_COMMITTED(6), Message:<EMPTY>, reply=RaftClientReply:client-E6BBD608C1E8->5bee3153-f7ec-473f-a61a-388a1f3ac093@group-A9CC7D4C7BB1, cid=10, FAILED org.apache.ratis.protocol.NotLeaderException: Server 5bee3153-f7ec-473f-a61a-388a1f3ac093@group-A9CC7D4C7BB1 is not the leader 5e7fe0a0-681e-48dc-b88f-f2277eb9af04:192.168.69.94:38061, logIndex=0, commits[5bee3153-f7ec-473f-a61a-388a1f3ac093:c10, 5e7fe0a0-681e-48dc-b88f-f2277eb9af04:c10, 4ccfaf2e-aae8-4e87-8fab-e6f62fbd25e3:c4]
2019-10-22 00:14:09,769 [EventQueue-ContainerReportForContainerReportHandler] WARN  container.ContainerReportHandler (AbstractContainerReportHandler.java:updateContainerState(145)) - Container #1 is in OPEN state, but the datanode 5bee3153-f7ec-473f-a61a-388a1f3ac093{ip: 192.168.69.94, host: pr-hdds-2278-n56mq-2983766359, networkLocation: /default-rack, certSerialId: null} reports an CLOSED replica.
2019-10-22 00:14:09,884 [Thread-463] INFO  client.GrpcClientProtocolService (GrpcClientProtocolService.java:lambda$processClientRequest$0(279)) - Failed RaftClientRequest:client-E6BBD608C1E8->5e7fe0a0-681e-48dc-b88f-f2277eb9af04@group-A9CC7D4C7BB1, cid=10, seq=0, Watch-ALL_COMMITTED(6), Message:<EMPTY>, reply=RaftClientReply:client-E6BBD608C1E8->5e7fe0a0-681e-48dc-b88f-f2277eb9af04@group-A9CC7D4C7BB1, cid=10, FAILED org.apache.ratis.protocol.NotReplicatedException: Request with call Id 10 and log index 6 is not yet replicated to ALL_COMMITTED, logIndex=6, commits[5e7fe0a0-681e-48dc-b88f-f2277eb9af04:c10, 5bee3153-f7ec-473f-a61a-388a1f3ac093:c10, 4ccfaf2e-aae8-4e87-8fab-e6f62fbd25e3:c4]
2019-10-22 00:14:09,962 [BlockDeletingService#2] WARN  background.BlockDeletingService (BlockDeletingService.java:isDeletionAllowed(187)) - Close Container log Index 6 is not replicated across allthe servers in the pipeline 44ab1779-0be6-441a-9037-a9cc7d4c7bb1 as the min replicated index is 4. Deletion is not allowed in this container yet.
2019-10-22 00:14:09,969 [EventQueue-ContainerReportForContainerReportHandler] WARN  container.ContainerReportHandler (AbstractContainerReportHandler.java:updateContainerState(145)) - Container #1 is in OPEN state, but the datanode 5bee3153-f7ec-473f-a61a-388a1f3ac093{ip: 192.168.69.94, host: pr-hdds-2278-n56mq-2983766359, networkLocation: /default-rack, certSerialId: null} reports an CLOSED replica.
2019-10-22 00:14:09,971 [BlockDeletingService#2] WARN  background.BlockDeletingService (BlockDeletingService.java:isDeletionAllowed(187)) - Close Container log Index 6 is not replicated across allthe servers in the pipeline 44ab1779-0be6-441a-9037-a9cc7d4c7bb1 as the min replicated index is 4. Deletion is not allowed in this container yet.
2019-10-22 00:14:09,972 [EventQueue-ContainerReportForContainerReportHandler] WARN  container.ContainerReportHandler (AbstractContainerReportHandler.java:updateContainerState(145)) - Container #1 is in OPEN state, but the datanode 5e7fe0a0-681e-48dc-b88f-f2277eb9af04{ip: 192.168.69.94, host: pr-hdds-2278-n56mq-2983766359, networkLocation: /default-rack, certSerialId: null} reports an CLOSED replica.
2019-10-22 00:14:10,133 [java.util.concurrent.ThreadPoolExecutor$Worker@206774a5[State = -1, empty queue]] WARN  server.GrpcLogAppender (GrpcLogAppender.java:timeoutAppendRequest(209)) - 5e7fe0a0-681e-48dc-b88f-f2277eb9af04@group-A9CC7D4C7BB1->4ccfaf2e-aae8-4e87-8fab-e6f62fbd25e3-GrpcLogAppender: appendEntries Timeout, request=5e7fe0a0-681e-48dc-b88f-f2277eb9af04->4ccfaf2e-aae8-4e87-8fab-e6f62fbd25e3#42-t1, previous=(t:1, i:10), leaderCommit=10, initializing? false, entries: <empty>
2019-10-22 00:14:10,171 [EventQueue-ContainerReportForContainerReportHandler] WARN  container.ContainerReportHandler (AbstractContainerReportHandler.java:updateContainerState(145)) - Container #1 is in OPEN state, but the datanode 5bee3153-f7ec-473f-a61a-388a1f3ac093{ip: 192.168.69.94, host: pr-hdds-2278-n56mq-2983766359, networkLocation: /default-rack, certSerialId: null} reports an CLOSED replica.
2019-10-22 00:14:10,272 [EventQueue-ContainerReportForContainerReportHandler] WARN  container.ContainerReportHandler (AbstractContainerReportHandler.java:updateContainerState(145)) - Container #1 is in OPEN state, but the datanode 5e7fe0a0-681e-48dc-b88f-f2277eb9af04{ip: 192.168.69.94, host: pr-hdds-2278-n56mq-2983766359, networkLocation: /default-rack, certSerialId: null} reports an CLOSED replica.
2019-10-22 00:14:10,571 [EventQueue-ContainerReportForContainerReportHandler] WARN  container.ContainerReportHandler (AbstractContainerReportHandler.java:updateContainerState(145)) - Container #1 is in OPEN state, but the datanode 5bee3153-f7ec-473f-a61a-388a1f3ac093{ip: 192.168.69.94, host: pr-hdds-2278-n56mq-2983766359, networkLocation: /default-rack, certSerialId: null} reports an CLOSED replica.
2019-10-22 00:14:10,673 [EventQueue-ContainerReportForContainerReportHandler] WARN  container.ContainerReportHandler (AbstractContainerReportHandler.java:updateContainerState(145)) - Container #1 is in OPEN state, but the datanode 5e7fe0a0-681e-48dc-b88f-f2277eb9af04{ip: 192.168.69.94, host: pr-hdds-2278-n56mq-2983766359, networkLocation: /default-rack, certSerialId: null} reports an CLOSED replica.
2019-10-22 00:14:10,874 [EventQueue-ContainerReportForContainerReportHandler] WARN  container.ContainerReportHandler (AbstractContainerReportHandler.java:updateContainerState(145)) - Container #1 is in OPEN state, but the datanode 5e7fe0a0-681e-48dc-b88f-f2277eb9af04{ip: 192.168.69.94, host: pr-hdds-2278-n56mq-2983766359, networkLocation: /default-rack, certSerialId: null} reports an CLOSED replica.
2019-10-22 00:14:10,964 [BlockDeletingService#2] WARN  background.BlockDeletingService (BlockDeletingService.java:isDeletionAllowed(187)) - Close Container log Index 6 is not replicated across allthe servers in the pipeline 44ab1779-0be6-441a-9037-a9cc7d4c7bb1 as the min replicated index is 4. Deletion is not allowed in this container yet.
2019-10-22 00:14:10,972 [EventQueue-ContainerReportForContainerReportHandler] WARN  container.ContainerReportHandler (AbstractContainerReportHandler.java:updateContainerState(145)) - Container #1 is in OPEN state, but the datanode 5bee3153-f7ec-473f-a61a-388a1f3ac093{ip: 192.168.69.94, host: pr-hdds-2278-n56mq-2983766359, networkLocation: /default-rack, certSerialId: null} reports an CLOSED replica.
2019-10-22 00:14:10,973 [BlockDeletingService#2] WARN  background.BlockDeletingService (BlockDeletingService.java:isDeletionAllowed(187)) - Close Container log Index 6 is not replicated across allthe servers in the pipeline 44ab1779-0be6-441a-9037-a9cc7d4c7bb1 as the min replicated index is 4. Deletion is not allowed in this container yet.
2019-10-22 00:14:11,275 [EventQueue-ContainerReportForContainerReportHandler] WARN  container.ContainerReportHandler (AbstractContainerReportHandler.java:updateContainerState(145)) - Container #1 is in OPEN state, but the datanode 5e7fe0a0-681e-48dc-b88f-f2277eb9af04{ip: 192.168.69.94, host: pr-hdds-2278-n56mq-2983766359, networkLocation: /default-rack, certSerialId: null} reports an CLOSED replica.
2019-10-22 00:14:11,373 [EventQueue-ContainerReportForContainerReportHandler] WARN  container.ContainerReportHandler (AbstractContainerReportHandler.java:updateContainerState(145)) - Container #1 is in OPEN state, but the datanode 5bee3153-f7ec-473f-a61a-388a1f3ac093{ip: 192.168.69.94, host: pr-hdds-2278-n56mq-2983766359, networkLocation: /default-rack, certSerialId: null} reports an CLOSED replica.
2019-10-22 00:14:11,475 [EventQueue-ContainerReportForContainerReportHandler] WARN  container.ContainerReportHandler (AbstractContainerReportHandler.java:updateContainerState(145)) - Container #1 is in OPEN state, but the datanode 5e7fe0a0-681e-48dc-b88f-f2277eb9af04{ip: 192.168.69.94, host: pr-hdds-2278-n56mq-2983766359, networkLocation: /default-rack, certSerialId: null} reports an CLOSED replica.
2019-10-22 00:14:11,773 [EventQueue-ContainerReportForContainerReportHandler] WARN  container.ContainerReportHandler (AbstractContainerReportHandler.java:updateContainerState(145)) - Container #1 is in OPEN state, but the datanode 5bee3153-f7ec-473f-a61a-388a1f3ac093{ip: 192.168.69.94, host: pr-hdds-2278-n56mq-2983766359, networkLocation: /default-rack, certSerialId: null} reports an CLOSED replica.
2019-10-22 00:14:11,776 [EventQueue-ContainerReportForContainerReportHandler] WARN  container.ContainerReportHandler (AbstractContainerReportHandler.java:updateContainerState(145)) - Container #1 is in OPEN state, but the datanode 5e7fe0a0-681e-48dc-b88f-f2277eb9af04{ip: 192.168.69.94, host: pr-hdds-2278-n56mq-2983766359, networkLocation: /default-rack, certSerialId: null} reports an CLOSED replica.
2019-10-22 00:14:11,966 [BlockDeletingService#2] WARN  background.BlockDeletingService (BlockDeletingService.java:isDeletionAllowed(187)) - Close Container log Index 6 is not replicated across allthe servers in the pipeline 44ab1779-0be6-441a-9037-a9cc7d4c7bb1 as the min replicated index is 4. Deletion is not allowed in this container yet.
2019-10-22 00:14:11,974 [BlockDeletingService#2] WARN  background.BlockDeletingService (BlockDeletingService.java:isDeletionAllowed(187)) - Close Container log Index 6 is not replicated across allthe servers in the pipeline 44ab1779-0be6-441a-9037-a9cc7d4c7bb1 as the min replicated index is 4. Deletion is not allowed in this container yet.
2019-10-22 00:14:11,976 [EventQueue-ContainerReportForContainerReportHandler] WARN  container.ContainerReportHandler (AbstractContainerReportHandler.java:updateContainerState(145)) - Container #1 is in OPEN state, but the datanode 5e7fe0a0-681e-48dc-b88f-f2277eb9af04{ip: 192.168.69.94, host: pr-hdds-2278-n56mq-2983766359, networkLocation: /default-rack, certSerialId: null} reports an CLOSED replica.
2019-10-22 00:14:12,073 [EventQueue-ContainerReportForContainerReportHandler] WARN  container.ContainerReportHandler (AbstractContainerReportHandler.java:updateContainerState(145)) - Container #1 is in OPEN state, but the datanode 5bee3153-f7ec-473f-a61a-388a1f3ac093{ip: 192.168.69.94, host: pr-hdds-2278-n56mq-2983766359, networkLocation: /default-rack, certSerialId: null} reports an CLOSED replica.
2019-10-22 00:14:12,176 [EventQueue-ContainerReportForContainerReportHandler] WARN  container.ContainerReportHandler (AbstractContainerReportHandler.java:updateContainerState(145)) - Container #1 is in OPEN state, but the datanode 5e7fe0a0-681e-48dc-b88f-f2277eb9af04{ip: 192.168.69.94, host: pr-hdds-2278-n56mq-2983766359, networkLocation: /default-rack, certSerialId: null} reports an CLOSED replica.
2019-10-22 00:14:12,474 [EventQueue-ContainerReportForContainerReportHandler] WARN  container.ContainerReportHandler (AbstractContainerReportHandler.java:updateContainerState(145)) - Container #1 is in OPEN state, but the datanode 5bee3153-f7ec-473f-a61a-388a1f3ac093{ip: 192.168.69.94, host: pr-hdds-2278-n56mq-2983766359, networkLocation: /default-rack, certSerialId: null} reports an CLOSED replica.
2019-10-22 00:14:12,477 [EventQueue-ContainerReportForContainerReportHandler] WARN  container.ContainerReportHandler (AbstractContainerReportHandler.java:updateContainerState(145)) - Container #1 is in OPEN state, but the datanode 5e7fe0a0-681e-48dc-b88f-f2277eb9af04{ip: 192.168.69.94, host: pr-hdds-2278-n56mq-2983766359, networkLocation: /default-rack, certSerialId: null} reports an CLOSED replica.
2019-10-22 00:14:12,634 [java.util.concurrent.ThreadPoolExecutor$Worker@206774a5[State = -1, empty queue]] WARN  server.GrpcLogAppender (GrpcLogAppender.java:timeoutAppendRequest(209)) - 5e7fe0a0-681e-48dc-b88f-f2277eb9af04@group-A9CC7D4C7BB1->4ccfaf2e-aae8-4e87-8fab-e6f62fbd25e3-GrpcLogAppender: appendEntries Timeout, request=5e7fe0a0-681e-48dc-b88f-f2277eb9af04->4ccfaf2e-aae8-4e87-8fab-e6f62fbd25e3#43-t1, previous=(t:1, i:10), leaderCommit=10, initializing? false, entries: <empty>
2019-10-22 00:14:12,673 [EventQueue-ContainerReportForContainerReportHandler] WARN  container.ContainerReportHandler (AbstractContainerReportHandler.java:updateContainerState(145)) - Container #1 is in OPEN state, but the datanode 5bee3153-f7ec-473f-a61a-388a1f3ac093{ip: 192.168.69.94, host: pr-hdds-2278-n56mq-2983766359, networkLocation: /default-rack, certSerialId: null} reports an CLOSED replica.
2019-10-22 00:14:12,777 [EventQueue-ContainerReportForContainerReportHandler] WARN  container.ContainerReportHandler (AbstractContainerReportHandler.java:updateContainerState(145)) - Container #1 is in OPEN state, but the datanode 5e7fe0a0-681e-48dc-b88f-f2277eb9af04{ip: 192.168.69.94, host: pr-hdds-2278-n56mq-2983766359, networkLocation: /default-rack, certSerialId: null} reports an CLOSED replica.
2019-10-22 00:14:12,873 [EventQueue-ContainerReportForContainerReportHandler] WARN  container.ContainerReportHandler (AbstractContainerReportHandler.java:updateContainerState(145)) - Container #1 is in OPEN state, but the datanode 5bee3153-f7ec-473f-a61a-388a1f3ac093{ip: 192.168.69.94, host: pr-hdds-2278-n56mq-2983766359, networkLocation: /default-rack, certSerialId: null} reports an CLOSED replica.
2019-10-22 00:14:12,968 [BlockDeletingService#2] WARN  background.BlockDeletingService (BlockDeletingService.java:isDeletionAllowed(187)) - Close Container log Index 6 is not replicated across allthe servers in the pipeline 44ab1779-0be6-441a-9037-a9cc7d4c7bb1 as the min replicated index is 4. Deletion is not allowed in this container yet.
2019-10-22 00:14:12,975 [BlockDeletingService#2] WARN  background.BlockDeletingService (BlockDeletingService.java:isDeletionAllowed(187)) - Close Container log Index 6 is not replicated across allthe servers in the pipeline 44ab1779-0be6-441a-9037-a9cc7d4c7bb1 as the min replicated index is 4. Deletion is not allowed in this container yet.
2019-10-22 00:14:13,173 [EventQueue-ContainerReportForContainerReportHandler] WARN  container.ContainerReportHandler (AbstractContainerReportHandler.java:updateContainerState(145)) - Container #1 is in OPEN state, but the datanode 5bee3153-f7ec-473f-a61a-388a1f3ac093{ip: 192.168.69.94, host: pr-hdds-2278-n56mq-2983766359, networkLocation: /default-rack, certSerialId: null} reports an CLOSED replica.
2019-10-22 00:14:13,177 [EventQueue-ContainerReportForContainerReportHandler] WARN  container.ContainerReportHandler (AbstractContainerReportHandler.java:updateContainerState(145)) - Container #1 is in OPEN state, but the datanode 5e7fe0a0-681e-48dc-b88f-f2277eb9af04{ip: 192.168.69.94, host: pr-hdds-2278-n56mq-2983766359, networkLocation: /default-rack, certSerialId: null} reports an CLOSED replica.
2019-10-22 00:14:13,474 [EventQueue-ContainerReportForContainerReportHandler] WARN  container.ContainerReportHandler (AbstractContainerReportHandler.java:updateContainerState(145)) - Container #1 is in OPEN state, but the datanode 5bee3153-f7ec-473f-a61a-388a1f3ac093{ip: 192.168.69.94, host: pr-hdds-2278-n56mq-2983766359, networkLocation: /default-rack, certSerialId: null} reports an CLOSED replica.
2019-10-22 00:14:13,478 [EventQueue-ContainerReportForContainerReportHandler] WARN  container.ContainerReportHandler (AbstractContainerReportHandler.java:updateContainerState(145)) - Container #1 is in OPEN state, but the datanode 5e7fe0a0-681e-48dc-b88f-f2277eb9af04{ip: 192.168.69.94, host: pr-hdds-2278-n56mq-2983766359, networkLocation: /default-rack, certSerialId: null} reports an CLOSED replica.
2019-10-22 00:14:13,874 [EventQueue-ContainerReportForContainerReportHandler] WARN  container.ContainerReportHandler (AbstractContainerReportHandler.java:updateContainerState(145)) - Container #1 is in OPEN state, but the datanode 5bee3153-f7ec-473f-a61a-388a1f3ac093{ip: 192.168.69.94, host: pr-hdds-2278-n56mq-2983766359, networkLocation: /default-rack, certSerialId: null} reports an CLOSED replica.
2019-10-22 00:14:13,879 [EventQueue-ContainerReportForContainerReportHandler] WARN  container.ContainerReportHandler (AbstractContainerReportHandler.java:updateContainerState(145)) - Container #1 is in OPEN state, but the datanode 5e7fe0a0-681e-48dc-b88f-f2277eb9af04{ip: 192.168.69.94, host: pr-hdds-2278-n56mq-2983766359, networkLocation: /default-rack, certSerialId: null} reports an CLOSED replica.
2019-10-22 00:14:13,970 [BlockDeletingService#2] WARN  background.BlockDeletingService (BlockDeletingService.java:isDeletionAllowed(187)) - Close Container log Index 6 is not replicated across allthe servers in the pipeline 44ab1779-0be6-441a-9037-a9cc7d4c7bb1 as the min replicated index is 4. Deletion is not allowed in this container yet.
2019-10-22 00:14:13,976 [BlockDeletingService#2] WARN  background.BlockDeletingService (BlockDeletingService.java:isDeletionAllowed(187)) - Close Container log Index 6 is not replicated across allthe servers in the pipeline 44ab1779-0be6-441a-9037-a9cc7d4c7bb1 as the min replicated index is 4. Deletion is not allowed in this container yet.
2019-10-22 00:14:14,080 [EventQueue-ContainerReportForContainerReportHandler] WARN  container.ContainerReportHandler (AbstractContainerReportHandler.java:updateContainerState(145)) - Container #1 is in OPEN state, but the datanode 5e7fe0a0-681e-48dc-b88f-f2277eb9af04{ip: 192.168.69.94, host: pr-hdds-2278-n56mq-2983766359, networkLocation: /default-rack, certSerialId: null} reports an CLOSED replica.
2019-10-22 00:14:14,174 [EventQueue-ContainerReportForContainerReportHandler] WARN  container.ContainerReportHandler (AbstractContainerReportHandler.java:updateContainerState(145)) - Container #1 is in OPEN state, but the datanode 5bee3153-f7ec-473f-a61a-388a1f3ac093{ip: 192.168.69.94, host: pr-hdds-2278-n56mq-2983766359, networkLocation: /default-rack, certSerialId: null} reports an CLOSED replica.
2019-10-22 00:14:14,474 [EventQueue-ContainerReportForContainerReportHandler] WARN  container.ContainerReportHandler (AbstractContainerReportHandler.java:updateContainerState(145)) - Container #1 is in OPEN state, but the datanode 5bee3153-f7ec-473f-a61a-388a1f3ac093{ip: 192.168.69.94, host: pr-hdds-2278-n56mq-2983766359, networkLocation: /default-rack, certSerialId: null} reports an CLOSED replica.
2019-10-22 00:14:14,480 [EventQueue-ContainerReportForContainerReportHandler] WARN  container.ContainerReportHandler (AbstractContainerReportHandler.java:updateContainerState(145)) - Container #1 is in OPEN state, but the datanode 5e7fe0a0-681e-48dc-b88f-f2277eb9af04{ip: 192.168.69.94, host: pr-hdds-2278-n56mq-2983766359, networkLocation: /default-rack, certSerialId: null} reports an CLOSED replica.
2019-10-22 00:14:14,675 [EventQueue-ContainerReportForContainerReportHandler] WARN  container.ContainerReportHandler (AbstractContainerReportHandler.java:updateContainerState(145)) - Container #1 is in OPEN state, but the datanode 5bee3153-f7ec-473f-a61a-388a1f3ac093{ip: 192.168.69.94, host: pr-hdds-2278-n56mq-2983766359, networkLocation: /default-rack, certSerialId: null} reports an CLOSED replica.
2019-10-22 00:14:14,680 [EventQueue-ContainerReportForContainerReportHandler] WARN  container.ContainerReportHandler (AbstractContainerReportHandler.java:updateContainerState(145)) - Container #1 is in OPEN state, but the datanode 5e7fe0a0-681e-48dc-b88f-f2277eb9af04{ip: 192.168.69.94, host: pr-hdds-2278-n56mq-2983766359, networkLocation: /default-rack, certSerialId: null} reports an CLOSED replica.
2019-10-22 00:14:14,971 [BlockDeletingService#2] WARN  background.BlockDeletingService (BlockDeletingService.java:isDeletionAllowed(187)) - Close Container log Index 6 is not replicated across allthe servers in the pipeline 44ab1779-0be6-441a-9037-a9cc7d4c7bb1 as the min replicated index is 4. Deletion is not allowed in this container yet.
2019-10-22 00:14:14,977 [BlockDeletingService#2] WARN  background.BlockDeletingService (BlockDeletingService.java:isDeletionAllowed(187)) - Close Container log Index 6 is not replicated across allthe servers in the pipeline 44ab1779-0be6-441a-9037-a9cc7d4c7bb1 as the min replicated index is 4. Deletion is not allowed in this container yet.
2019-10-22 00:14:14,980 [EventQueue-ContainerReportForContainerReportHandler] WARN  container.ContainerReportHandler (AbstractContainerReportHandler.java:updateContainerState(145)) - Container #1 is in OPEN state, but the datanode 5e7fe0a0-681e-48dc-b88f-f2277eb9af04{ip: 192.168.69.94, host: pr-hdds-2278-n56mq-2983766359, networkLocation: /default-rack, certSerialId: null} reports an CLOSED replica.
2019-10-22 00:14:15,078 [EventQueue-ContainerReportForContainerReportHandler] WARN  container.ContainerReportHandler (AbstractContainerReportHandler.java:updateContainerState(145)) - Container #1 is in OPEN state, but the datanode 5bee3153-f7ec-473f-a61a-388a1f3ac093{ip: 192.168.69.94, host: pr-hdds-2278-n56mq-2983766359, networkLocation: /default-rack, certSerialId: null} reports an CLOSED replica.
2019-10-22 00:14:15,136 [java.util.concurrent.ThreadPoolExecutor$Worker@206774a5[State = -1, empty queue]] WARN  server.GrpcLogAppender (GrpcLogAppender.java:timeoutAppendRequest(209)) - 5e7fe0a0-681e-48dc-b88f-f2277eb9af04@group-A9CC7D4C7BB1->4ccfaf2e-aae8-4e87-8fab-e6f62fbd25e3-GrpcLogAppender: appendEntries Timeout, request=5e7fe0a0-681e-48dc-b88f-f2277eb9af04->4ccfaf2e-aae8-4e87-8fab-e6f62fbd25e3#44-t1, previous=(t:1, i:10), leaderCommit=10, initializing? false, entries: <empty>
2019-10-22 00:14:15,180 [EventQueue-ContainerReportForContainerReportHandler] WARN  container.ContainerReportHandler (AbstractContainerReportHandler.java:updateContainerState(145)) - Container #1 is in OPEN state, but the datanode 5e7fe0a0-681e-48dc-b88f-f2277eb9af04{ip: 192.168.69.94, host: pr-hdds-2278-n56mq-2983766359, networkLocation: /default-rack, certSerialId: null} reports an CLOSED replica.
2019-10-22 00:14:15,377 [EventQueue-ContainerReportForContainerReportHandler] WARN  container.ContainerReportHandler (AbstractContainerReportHandler.java:updateContainerState(145)) - Container #1 is in OPEN state, but the datanode 5bee3153-f7ec-473f-a61a-388a1f3ac093{ip: 192.168.69.94, host: pr-hdds-2278-n56mq-2983766359, networkLocation: /default-rack, certSerialId: null} reports an CLOSED replica.
2019-10-22 00:14:15,381 [EventQueue-ContainerReportForContainerReportHandler] WARN  container.ContainerReportHandler (AbstractContainerReportHandler.java:updateContainerState(145)) - Container #1 is in OPEN state, but the datanode 5e7fe0a0-681e-48dc-b88f-f2277eb9af04{ip: 192.168.69.94, host: pr-hdds-2278-n56mq-2983766359, networkLocation: /default-rack, certSerialId: null} reports an CLOSED replica.
2019-10-22 00:14:15,679 [EventQueue-ContainerReportForContainerReportHandler] WARN  container.ContainerReportHandler (AbstractContainerReportHandler.java:updateContainerState(145)) - Container #1 is in OPEN state, but the datanode 5bee3153-f7ec-473f-a61a-388a1f3ac093{ip: 192.168.69.94, host: pr-hdds-2278-n56mq-2983766359, networkLocation: /default-rack, certSerialId: null} reports an CLOSED replica.
2019-10-22 00:14:15,681 [EventQueue-ContainerReportForContainerReportHandler] WARN  container.ContainerReportHandler (AbstractContainerReportHandler.java:updateContainerState(145)) - Container #1 is in OPEN state, but the datanode 5e7fe0a0-681e-48dc-b88f-f2277eb9af04{ip: 192.168.69.94, host: pr-hdds-2278-n56mq-2983766359, networkLocation: /default-rack, certSerialId: null} reports an CLOSED replica.
2019-10-22 00:14:15,973 [BlockDeletingService#2] WARN  background.BlockDeletingService (BlockDeletingService.java:isDeletionAllowed(187)) - Close Container log Index 6 is not replicated across allthe servers in the pipeline 44ab1779-0be6-441a-9037-a9cc7d4c7bb1 as the min replicated index is 4. Deletion is not allowed in this container yet.
2019-10-22 00:14:15,978 [BlockDeletingService#2] WARN  background.BlockDeletingService (BlockDeletingService.java:isDeletionAllowed(187)) - Close Container log Index 6 is not replicated across allthe servers in the pipeline 44ab1779-0be6-441a-9037-a9cc7d4c7bb1 as the min replicated index is 4. Deletion is not allowed in this container yet.
2019-10-22 00:14:15,978 [EventQueue-ContainerReportForContainerReportHandler] WARN  container.ContainerReportHandler (AbstractContainerReportHandler.java:updateContainerState(145)) - Container #1 is in OPEN state, but the datanode 5bee3153-f7ec-473f-a61a-388a1f3ac093{ip: 192.168.69.94, host: pr-hdds-2278-n56mq-2983766359, networkLocation: /default-rack, certSerialId: null} reports an CLOSED replica.
2019-10-22 00:14:16,081 [EventQueue-ContainerReportForContainerReportHandler] WARN  container.ContainerReportHandler (AbstractContainerReportHandler.java:updateContainerState(145)) - Container #1 is in OPEN state, but the datanode 5e7fe0a0-681e-48dc-b88f-f2277eb9af04{ip: 192.168.69.94, host: pr-hdds-2278-n56mq-2983766359, networkLocation: /default-rack, certSerialId: null} reports an CLOSED replica.
2019-10-22 00:14:16,278 [EventQueue-ContainerReportForContainerReportHandler] WARN  container.ContainerReportHandler (AbstractContainerReportHandler.java:updateContainerState(145)) - Container #1 is in OPEN state, but the datanode 5bee3153-f7ec-473f-a61a-388a1f3ac093{ip: 192.168.69.94, host: pr-hdds-2278-n56mq-2983766359, networkLocation: /default-rack, certSerialId: null} reports an CLOSED replica.
2019-10-22 00:14:16,281 [EventQueue-ContainerReportForContainerReportHandler] WARN  container.ContainerReportHandler (AbstractContainerReportHandler.java:updateContainerState(145)) - Container #1 is in OPEN state, but the datanode 5e7fe0a0-681e-48dc-b88f-f2277eb9af04{ip: 192.168.69.94, host: pr-hdds-2278-n56mq-2983766359, networkLocation: /default-rack, certSerialId: null} reports an CLOSED replica.
2019-10-22 00:14:16,481 [EventQueue-ContainerReportForContainerReportHandler] WARN  container.ContainerReportHandler (AbstractContainerReportHandler.java:updateContainerState(145)) - Container #1 is in OPEN state, but the datanode 5e7fe0a0-681e-48dc-b88f-f2277eb9af04{ip: 192.168.69.94, host: pr-hdds-2278-n56mq-2983766359, networkLocation: /default-rack, certSerialId: null} reports an CLOSED replica.
2019-10-22 00:14:16,679 [EventQueue-ContainerReportForContainerReportHandler] WARN  container.ContainerReportHandler (AbstractContainerReportHandler.java:updateContainerState(145)) - Container #1 is in OPEN state, but the datanode 5bee3153-f7ec-473f-a61a-388a1f3ac093{ip: 192.168.69.94, host: pr-hdds-2278-n56mq-2983766359, networkLocation: /default-rack, certSerialId: null} reports an CLOSED replica.
2019-10-22 00:14:16,781 [EventQueue-ContainerReportForContainerReportHandler] WARN  container.ContainerReportHandler (AbstractContainerReportHandler.java:updateContainerState(145)) - Container #1 is in OPEN state, but the datanode 5e7fe0a0-681e-48dc-b88f-f2277eb9af04{ip: 192.168.69.94, host: pr-hdds-2278-n56mq-2983766359, networkLocation: /default-rack, certSerialId: null} reports an CLOSED replica.
2019-10-22 00:14:16,975 [BlockDeletingService#2] WARN  background.BlockDeletingService (BlockDeletingService.java:isDeletionAllowed(187)) - Close Container log Index 6 is not replicated across allthe servers in the pipeline 44ab1779-0be6-441a-9037-a9cc7d4c7bb1 as the min replicated index is 4. Deletion is not allowed in this container yet.
2019-10-22 00:14:16,979 [EventQueue-ContainerReportForContainerReportHandler] WARN  container.ContainerReportHandler (AbstractContainerReportHandler.java:updateContainerState(145)) - Container #1 is in OPEN state, but the datanode 5bee3153-f7ec-473f-a61a-388a1f3ac093{ip: 192.168.69.94, host: pr-hdds-2278-n56mq-2983766359, networkLocation: /default-rack, certSerialId: null} reports an CLOSED replica.
2019-10-22 00:14:16,979 [BlockDeletingService#2] WARN  background.BlockDeletingService (BlockDeletingService.java:isDeletionAllowed(187)) - Close Container log Index 6 is not replicated across allthe servers in the pipeline 44ab1779-0be6-441a-9037-a9cc7d4c7bb1 as the min replicated index is 4. Deletion is not allowed in this container yet.
2019-10-22 00:14:16,981 [EventQueue-ContainerReportForContainerReportHandler] WARN  container.ContainerReportHandler (AbstractContainerReportHandler.java:updateContainerState(145)) - Container #1 is in OPEN state, but the datanode 5e7fe0a0-681e-48dc-b88f-f2277eb9af04{ip: 192.168.69.94, host: pr-hdds-2278-n56mq-2983766359, networkLocation: /default-rack, certSerialId: null} reports an CLOSED replica.
2019-10-22 00:14:17,279 [EventQueue-ContainerReportForContainerReportHandler] WARN  container.ContainerReportHandler (AbstractContainerReportHandler.java:updateContainerState(145)) - Container #1 is in OPEN state, but the datanode 5bee3153-f7ec-473f-a61a-388a1f3ac093{ip: 192.168.69.94, host: pr-hdds-2278-n56mq-2983766359, networkLocation: /default-rack, certSerialId: null} reports an CLOSED replica.
2019-10-22 00:14:17,381 [EventQueue-ContainerReportForContainerReportHandler] WARN  container.ContainerReportHandler (AbstractContainerReportHandler.java:updateContainerState(145)) - Container #1 is in OPEN state, but the datanode 5e7fe0a0-681e-48dc-b88f-f2277eb9af04{ip: 192.168.69.94, host: pr-hdds-2278-n56mq-2983766359, networkLocation: /default-rack, certSerialId: null} reports an CLOSED replica.
2019-10-22 00:14:17,479 [EventQueue-ContainerReportForContainerReportHandler] WARN  container.ContainerReportHandler (AbstractContainerReportHandler.java:updateContainerState(145)) - Container #1 is in OPEN state, but the datanode 5bee3153-f7ec-473f-a61a-388a1f3ac093{ip: 192.168.69.94, host: pr-hdds-2278-n56mq-2983766359, networkLocation: /default-rack, certSerialId: null} reports an CLOSED replica.
2019-10-22 00:14:17,638 [java.util.concurrent.ThreadPoolExecutor$Worker@206774a5[State = -1, empty queue]] WARN  server.GrpcLogAppender (GrpcLogAppender.java:timeoutAppendRequest(209)) - 5e7fe0a0-681e-48dc-b88f-f2277eb9af04@group-A9CC7D4C7BB1->4ccfaf2e-aae8-4e87-8fab-e6f62fbd25e3-GrpcLogAppender: appendEntries Timeout, request=5e7fe0a0-681e-48dc-b88f-f2277eb9af04->4ccfaf2e-aae8-4e87-8fab-e6f62fbd25e3#45-t1, previous=(t:1, i:10), leaderCommit=10, initializing? false, entries: <empty>
2019-10-22 00:14:17,682 [EventQueue-ContainerReportForContainerReportHandler] WARN  container.ContainerReportHandler (AbstractContainerReportHandler.java:updateContainerState(145)) - Container #1 is in OPEN state, but the datanode 5e7fe0a0-681e-48dc-b88f-f2277eb9af04{ip: 192.168.69.94, host: pr-hdds-2278-n56mq-2983766359, networkLocation: /default-rack, certSerialId: null} reports an CLOSED replica.
2019-10-22 00:14:17,779 [EventQueue-ContainerReportForContainerReportHandler] WARN  container.ContainerReportHandler (AbstractContainerReportHandler.java:updateContainerState(145)) - Container #1 is in OPEN state, but the datanode 5bee3153-f7ec-473f-a61a-388a1f3ac093{ip: 192.168.69.94, host: pr-hdds-2278-n56mq-2983766359, networkLocation: /default-rack, certSerialId: null} reports an CLOSED replica.
2019-10-22 00:14:17,882 [EventQueue-ContainerReportForContainerReportHandler] WARN  container.ContainerReportHandler (AbstractContainerReportHandler.java:updateContainerState(145)) - Container #1 is in OPEN state, but the datanode 5e7fe0a0-681e-48dc-b88f-f2277eb9af04{ip: 192.168.69.94, host: pr-hdds-2278-n56mq-2983766359, networkLocation: /default-rack, certSerialId: null} reports an CLOSED replica.
2019-10-22 00:14:17,976 [BlockDeletingService#2] WARN  background.BlockDeletingService (BlockDeletingService.java:isDeletionAllowed(187)) - Close Container log Index 6 is not replicated across allthe servers in the pipeline 44ab1779-0be6-441a-9037-a9cc7d4c7bb1 as the min replicated index is 4. Deletion is not allowed in this container yet.
2019-10-22 00:14:17,979 [EventQueue-ContainerReportForContainerReportHandler] WARN  container.ContainerReportHandler (AbstractContainerReportHandler.java:updateContainerState(145)) - Container #1 is in OPEN state, but the datanode 5bee3153-f7ec-473f-a61a-388a1f3ac093{ip: 192.168.69.94, host: pr-hdds-2278-n56mq-2983766359, networkLocation: /default-rack, certSerialId: null} reports an CLOSED replica.
2019-10-22 00:14:17,980 [BlockDeletingService#2] WARN  background.BlockDeletingService (BlockDeletingService.java:isDeletionAllowed(187)) - Close Container log Index 6 is not replicated across allthe servers in the pipeline 44ab1779-0be6-441a-9037-a9cc7d4c7bb1 as the min replicated index is 4. Deletion is not allowed in this container yet.
2019-10-22 00:14:18,083 [EventQueue-ContainerReportForContainerReportHandler] WARN  container.ContainerReportHandler (AbstractContainerReportHandler.java:updateContainerState(145)) - Container #1 is in OPEN state, but the datanode 5e7fe0a0-681e-48dc-b88f-f2277eb9af04{ip: 192.168.69.94, host: pr-hdds-2278-n56mq-2983766359, networkLocation: /default-rack, certSerialId: null} reports an CLOSED replica.
2019-10-22 00:14:18,379 [EventQueue-ContainerReportForContainerReportHandler] WARN  container.ContainerReportHandler (AbstractContainerReportHandler.java:updateContainerState(145)) - Container #1 is in OPEN state, but the datanode 5bee3153-f7ec-473f-a61a-388a1f3ac093{ip: 192.168.69.94, host: pr-hdds-2278-n56mq-2983766359, networkLocation: /default-rack, certSerialId: null} reports an CLOSED replica.
2019-10-22 00:14:18,382 [EventQueue-ContainerReportForContainerReportHandler] WARN  container.ContainerReportHandler (AbstractContainerReportHandler.java:updateContainerState(145)) - Container #1 is in OPEN state, but the datanode 5e7fe0a0-681e-48dc-b88f-f2277eb9af04{ip: 192.168.69.94, host: pr-hdds-2278-n56mq-2983766359, networkLocation: /default-rack, certSerialId: null} reports an CLOSED replica.
2019-10-22 00:14:18,582 [EventQueue-ContainerReportForContainerReportHandler] WARN  container.ContainerReportHandler (AbstractContainerReportHandler.java:updateContainerState(145)) - Container #1 is in OPEN state, but the datanode 5e7fe0a0-681e-48dc-b88f-f2277eb9af04{ip: 192.168.69.94, host: pr-hdds-2278-n56mq-2983766359, networkLocation: /default-rack, certSerialId: null} reports an CLOSED replica.
2019-10-22 00:14:18,679 [EventQueue-ContainerReportForContainerReportHandler] WARN  container.ContainerReportHandler (AbstractContainerReportHandler.java:updateContainerState(145)) - Container #1 is in OPEN state, but the datanode 5bee3153-f7ec-473f-a61a-388a1f3ac093{ip: 192.168.69.94, host: pr-hdds-2278-n56mq-2983766359, networkLocation: /default-rack, certSerialId: null} reports an CLOSED replica.
2019-10-22 00:14:18,880 [EventQueue-ContainerReportForContainerReportHandler] WARN  container.ContainerReportHandler (AbstractContainerReportHandler.java:updateContainerState(145)) - Container #1 is in OPEN state, but the datanode 5bee3153-f7ec-473f-a61a-388a1f3ac093{ip: 192.168.69.94, host: pr-hdds-2278-n56mq-2983766359, networkLocation: /default-rack, certSerialId: null} reports an CLOSED replica.
2019-10-22 00:14:18,882 [EventQueue-ContainerReportForContainerReportHandler] WARN  container.ContainerReportHandler (AbstractContainerReportHandler.java:updateContainerState(145)) - Container #1 is in OPEN state, but the datanode 5e7fe0a0-681e-48dc-b88f-f2277eb9af04{ip: 192.168.69.94, host: pr-hdds-2278-n56mq-2983766359, networkLocation: /default-rack, certSerialId: null} reports an CLOSED replica.
2019-10-22 00:14:18,979 [BlockDeletingService#2] WARN  background.BlockDeletingService (BlockDeletingService.java:isDeletionAllowed(187)) - Close Container log Index 6 is not replicated across allthe servers in the pipeline 44ab1779-0be6-441a-9037-a9cc7d4c7bb1 as the min replicated index is 4. Deletion is not allowed in this container yet.
2019-10-22 00:14:18,981 [BlockDeletingService#2] WARN  background.BlockDeletingService (BlockDeletingService.java:isDeletionAllowed(187)) - Close Container log Index 6 is not replicated across allthe servers in the pipeline 44ab1779-0be6-441a-9037-a9cc7d4c7bb1 as the min replicated index is 4. Deletion is not allowed in this container yet.
2019-10-22 00:14:19,181 [EventQueue-ContainerReportForContainerReportHandler] WARN  container.ContainerReportHandler (AbstractContainerReportHandler.java:updateContainerState(145)) - Container #1 is in OPEN state, but the datanode 5bee3153-f7ec-473f-a61a-388a1f3ac093{ip: 192.168.69.94, host: pr-hdds-2278-n56mq-2983766359, networkLocation: /default-rack, certSerialId: null} reports an CLOSED replica.
2019-10-22 00:14:19,283 [EventQueue-ContainerReportForContainerReportHandler] WARN  container.ContainerReportHandler (AbstractContainerReportHandler.java:updateContainerState(145)) - Container #1 is in OPEN state, but the datanode 5e7fe0a0-681e-48dc-b88f-f2277eb9af04{ip: 192.168.69.94, host: pr-hdds-2278-n56mq-2983766359, networkLocation: /default-rack, certSerialId: null} reports an CLOSED replica.
2019-10-22 00:14:19,482 [EventQueue-ContainerReportForContainerReportHandler] WARN  container.ContainerReportHandler (AbstractContainerReportHandler.java:updateContainerState(145)) - Container #1 is in OPEN state, but the datanode 5bee3153-f7ec-473f-a61a-388a1f3ac093{ip: 192.168.69.94, host: pr-hdds-2278-n56mq-2983766359, networkLocation: /default-rack, certSerialId: null} reports an CLOSED replica.
2019-10-22 00:14:19,583 [EventQueue-ContainerReportForContainerReportHandler] WARN  container.ContainerReportHandler (AbstractContainerReportHandler.java:updateContainerState(145)) - Container #1 is in OPEN state, but the datanode 5e7fe0a0-681e-48dc-b88f-f2277eb9af04{ip: 192.168.69.94, host: pr-hdds-2278-n56mq-2983766359, networkLocation: /default-rack, certSerialId: null} reports an CLOSED replica.
2019-10-22 00:14:19,784 [Thread-492] INFO  client.GrpcClientProtocolService (GrpcClientProtocolService.java:lambda$processClientRequest$0(279)) - Failed RaftClientRequest:client-E6BBD608C1E8->5bee3153-f7ec-473f-a61a-388a1f3ac093@group-A9CC7D4C7BB1, cid=10, seq=0, Watch-ALL_COMMITTED(6), Message:<EMPTY>, reply=RaftClientReply:client-E6BBD608C1E8->5bee3153-f7ec-473f-a61a-388a1f3ac093@group-A9CC7D4C7BB1, cid=10, FAILED org.apache.ratis.protocol.NotLeaderException: Server 5bee3153-f7ec-473f-a61a-388a1f3ac093@group-A9CC7D4C7BB1 is not the leader 5e7fe0a0-681e-48dc-b88f-f2277eb9af04:192.168.69.94:38061, logIndex=0, commits[5bee3153-f7ec-473f-a61a-388a1f3ac093:c10, 5e7fe0a0-681e-48dc-b88f-f2277eb9af04:c10, 4ccfaf2e-aae8-4e87-8fab-e6f62fbd25e3:c4]
2019-10-22 00:14:19,883 [EventQueue-ContainerReportForContainerReportHandler] WARN  container.ContainerReportHandler (AbstractContainerReportHandler.java:updateContainerState(145)) - Container #1 is in OPEN state, but the datanode 5bee3153-f7ec-473f-a61a-388a1f3ac093{ip: 192.168.69.94, host: pr-hdds-2278-n56mq-2983766359, networkLocation: /default-rack, certSerialId: null} reports an CLOSED replica.
2019-10-22 00:14:19,883 [EventQueue-ContainerReportForContainerReportHandler] WARN  container.ContainerReportHandler (AbstractContainerReportHandler.java:updateContainerState(145)) - Container #1 is in OPEN state, but the datanode 5e7fe0a0-681e-48dc-b88f-f2277eb9af04{ip: 192.168.69.94, host: pr-hdds-2278-n56mq-2983766359, networkLocation: /default-rack, certSerialId: null} reports an CLOSED replica.
2019-10-22 00:14:19,884 [Thread-495] INFO  client.GrpcClientProtocolService (GrpcClientProtocolService.java:lambda$processClientRequest$0(279)) - Failed RaftClientRequest:client-E6BBD608C1E8->5e7fe0a0-681e-48dc-b88f-f2277eb9af04@group-A9CC7D4C7BB1, cid=10, seq=0, Watch-ALL_COMMITTED(6), Message:<EMPTY>, reply=RaftClientReply:client-E6BBD608C1E8->5e7fe0a0-681e-48dc-b88f-f2277eb9af04@group-A9CC7D4C7BB1, cid=10, FAILED org.apache.ratis.protocol.NotReplicatedException: Request with call Id 10 and log index 6 is not yet replicated to ALL_COMMITTED, logIndex=6, commits[5e7fe0a0-681e-48dc-b88f-f2277eb9af04:c10, 5bee3153-f7ec-473f-a61a-388a1f3ac093:c10, 4ccfaf2e-aae8-4e87-8fab-e6f62fbd25e3:c4]
2019-10-22 00:14:19,980 [BlockDeletingService#2] WARN  background.BlockDeletingService (BlockDeletingService.java:isDeletionAllowed(187)) - Close Container log Index 6 is not replicated across allthe servers in the pipeline 44ab1779-0be6-441a-9037-a9cc7d4c7bb1 as the min replicated index is 4. Deletion is not allowed in this container yet.
2019-10-22 00:14:19,982 [BlockDeletingService#2] WARN  background.BlockDeletingService (BlockDeletingService.java:isDeletionAllowed(187)) - Close Container log Index 6 is not replicated across allthe servers in the pipeline 44ab1779-0be6-441a-9037-a9cc7d4c7bb1 as the min replicated index is 4. Deletion is not allowed in this container yet.
2019-10-22 00:14:20,083 [EventQueue-ContainerReportForContainerReportHandler] WARN  container.ContainerReportHandler (AbstractContainerReportHandler.java:updateContainerState(145)) - Container #1 is in OPEN state, but the datanode 5e7fe0a0-681e-48dc-b88f-f2277eb9af04{ip: 192.168.69.94, host: pr-hdds-2278-n56mq-2983766359, networkLocation: /default-rack, certSerialId: null} reports an CLOSED replica.
2019-10-22 00:14:20,140 [java.util.concurrent.ThreadPoolExecutor$Worker@206774a5[State = -1, empty queue]] WARN  server.GrpcLogAppender (GrpcLogAppender.java:timeoutAppendRequest(209)) - 5e7fe0a0-681e-48dc-b88f-f2277eb9af04@group-A9CC7D4C7BB1->4ccfaf2e-aae8-4e87-8fab-e6f62fbd25e3-GrpcLogAppender: appendEntries Timeout, request=5e7fe0a0-681e-48dc-b88f-f2277eb9af04->4ccfaf2e-aae8-4e87-8fab-e6f62fbd25e3#46-t1, previous=(t:1, i:10), leaderCommit=10, initializing? false, entries: <empty>
2019-10-22 00:14:20,183 [EventQueue-ContainerReportForContainerReportHandler] WARN  container.ContainerReportHandler (AbstractContainerReportHandler.java:updateContainerState(145)) - Container #1 is in OPEN state, but the datanode 5bee3153-f7ec-473f-a61a-388a1f3ac093{ip: 192.168.69.94, host: pr-hdds-2278-n56mq-2983766359, networkLocation: /default-rack, certSerialId: null} reports an CLOSED replica.
2019-10-22 00:14:20,383 [EventQueue-ContainerReportForContainerReportHandler] WARN  container.ContainerReportHandler (AbstractContainerReportHandler.java:updateContainerState(145)) - Container #1 is in OPEN state, but the datanode 5e7fe0a0-681e-48dc-b88f-f2277eb9af04{ip: 192.168.69.94, host: pr-hdds-2278-n56mq-2983766359, networkLocation: /default-rack, certSerialId: null} reports an CLOSED replica.
2019-10-22 00:14:20,483 [EventQueue-ContainerReportForContainerReportHandler] WARN  container.ContainerReportHandler (AbstractContainerReportHandler.java:updateContainerState(145)) - Container #1 is in OPEN state, but the datanode 5bee3153-f7ec-473f-a61a-388a1f3ac093{ip: 192.168.69.94, host: pr-hdds-2278-n56mq-2983766359, networkLocation: /default-rack, certSerialId: null} reports an CLOSED replica.
2019-10-22 00:14:20,684 [EventQueue-ContainerReportForContainerReportHandler] WARN  container.ContainerReportHandler (AbstractContainerReportHandler.java:updateContainerState(145)) - Container #1 is in OPEN state, but the datanode 5e7fe0a0-681e-48dc-b88f-f2277eb9af04{ip: 192.168.69.94, host: pr-hdds-2278-n56mq-2983766359, networkLocation: /default-rack, certSerialId: null} reports an CLOSED replica.
2019-10-22 00:14:20,783 [EventQueue-ContainerReportForContainerReportHandler] WARN  container.ContainerReportHandler (AbstractContainerReportHandler.java:updateContainerState(145)) - Container #1 is in OPEN state, but the datanode 5bee3153-f7ec-473f-a61a-388a1f3ac093{ip: 192.168.69.94, host: pr-hdds-2278-n56mq-2983766359, networkLocation: /default-rack, certSerialId: null} reports an CLOSED replica.
2019-10-22 00:14:20,982 [BlockDeletingService#2] WARN  background.BlockDeletingService (BlockDeletingService.java:isDeletionAllowed(187)) - Close Container log Index 6 is not replicated across allthe servers in the pipeline 44ab1779-0be6-441a-9037-a9cc7d4c7bb1 as the min replicated index is 4. Deletion is not allowed in this container yet.
2019-10-22 00:14:20,983 [EventQueue-ContainerReportForContainerReportHandler] WARN  container.ContainerReportHandler (AbstractContainerReportHandler.java:updateContainerState(145)) - Container #1 is in OPEN state, but the datanode 5bee3153-f7ec-473f-a61a-388a1f3ac093{ip: 192.168.69.94, host: pr-hdds-2278-n56mq-2983766359, networkLocation: /default-rack, certSerialId: null} reports an CLOSED replica.
2019-10-22 00:14:20,984 [BlockDeletingService#2] WARN  background.BlockDeletingService (BlockDeletingService.java:isDeletionAllowed(187)) - Close Container log Index 6 is not replicated across allthe servers in the pipeline 44ab1779-0be6-441a-9037-a9cc7d4c7bb1 as the min replicated index is 4. Deletion is not allowed in this container yet.
2019-10-22 00:14:20,984 [EventQueue-ContainerReportForContainerReportHandler] WARN  container.ContainerReportHandler (AbstractContainerReportHandler.java:updateContainerState(145)) - Container #1 is in OPEN state, but the datanode 5e7fe0a0-681e-48dc-b88f-f2277eb9af04{ip: 192.168.69.94, host: pr-hdds-2278-n56mq-2983766359, networkLocation: /default-rack, certSerialId: null} reports an CLOSED replica.
2019-10-22 00:14:21,283 [EventQueue-ContainerReportForContainerReportHandler] WARN  container.ContainerReportHandler (AbstractContainerReportHandler.java:updateContainerState(145)) - Container #1 is in OPEN state, but the datanode 5bee3153-f7ec-473f-a61a-388a1f3ac093{ip: 192.168.69.94, host: pr-hdds-2278-n56mq-2983766359, networkLocation: /default-rack, certSerialId: null} reports an CLOSED replica.
2019-10-22 00:14:21,384 [EventQueue-ContainerReportForContainerReportHandler] WARN  container.ContainerReportHandler (AbstractContainerReportHandler.java:updateContainerState(145)) - Container #1 is in OPEN state, but the datanode 5e7fe0a0-681e-48dc-b88f-f2277eb9af04{ip: 192.168.69.94, host: pr-hdds-2278-n56mq-2983766359, networkLocation: /default-rack, certSerialId: null} reports an CLOSED replica.
2019-10-22 00:14:21,583 [EventQueue-ContainerReportForContainerReportHandler] WARN  container.ContainerReportHandler (AbstractContainerReportHandler.java:updateContainerState(145)) - Container #1 is in OPEN state, but the datanode 5bee3153-f7ec-473f-a61a-388a1f3ac093{ip: 192.168.69.94, host: pr-hdds-2278-n56mq-2983766359, networkLocation: /default-rack, certSerialId: null} reports an CLOSED replica.
2019-10-22 00:14:21,584 [EventQueue-ContainerReportForContainerReportHandler] WARN  container.ContainerReportHandler (AbstractContainerReportHandler.java:updateContainerState(145)) - Container #1 is in OPEN state, but the datanode 5e7fe0a0-681e-48dc-b88f-f2277eb9af04{ip: 192.168.69.94, host: pr-hdds-2278-n56mq-2983766359, networkLocation: /default-rack, certSerialId: null} reports an CLOSED replica.
2019-10-22 00:14:21,885 [EventQueue-ContainerReportForContainerReportHandler] WARN  container.ContainerReportHandler (AbstractContainerReportHandler.java:updateContainerState(145)) - Container #1 is in OPEN state, but the datanode 5bee3153-f7ec-473f-a61a-388a1f3ac093{ip: 192.168.69.94, host: pr-hdds-2278-n56mq-2983766359, networkLocation: /default-rack, certSerialId: null} reports an CLOSED replica.
2019-10-22 00:14:21,985 [BlockDeletingService#2] WARN  background.BlockDeletingService (BlockDeletingService.java:isDeletionAllowed(187)) - Close Container log Index 6 is not replicated across allthe servers in the pipeline 44ab1779-0be6-441a-9037-a9cc7d4c7bb1 as the min replicated index is 4. Deletion is not allowed in this container yet.
2019-10-22 00:14:21,985 [BlockDeletingService#2] WARN  background.BlockDeletingService (BlockDeletingService.java:isDeletionAllowed(187)) - Close Container log Index 6 is not replicated across allthe servers in the pipeline 44ab1779-0be6-441a-9037-a9cc7d4c7bb1 as the min replicated index is 4. Deletion is not allowed in this container yet.
2019-10-22 00:14:21,986 [EventQueue-ContainerReportForContainerReportHandler] WARN  container.ContainerReportHandler (AbstractContainerReportHandler.java:updateContainerState(145)) - Container #1 is in OPEN state, but the datanode 5e7fe0a0-681e-48dc-b88f-f2277eb9af04{ip: 192.168.69.94, host: pr-hdds-2278-n56mq-2983766359, networkLocation: /default-rack, certSerialId: null} reports an CLOSED replica.
2019-10-22 00:14:22,185 [EventQueue-ContainerReportForContainerReportHandler] WARN  container.ContainerReportHandler (AbstractContainerReportHandler.java:updateContainerState(145)) - Container #1 is in OPEN state, but the datanode 5bee3153-f7ec-473f-a61a-388a1f3ac093{ip: 192.168.69.94, host: pr-hdds-2278-n56mq-2983766359, networkLocation: /default-rack, certSerialId: null} reports an CLOSED replica.
2019-10-22 00:14:22,186 [EventQueue-ContainerReportForContainerReportHandler] WARN  container.ContainerReportHandler (AbstractContainerReportHandler.java:updateContainerState(145)) - Container #1 is in OPEN state, but the datanode 5e7fe0a0-681e-48dc-b88f-f2277eb9af04{ip: 192.168.69.94, host: pr-hdds-2278-n56mq-2983766359, networkLocation: /default-rack, certSerialId: null} reports an CLOSED replica.
2019-10-22 00:14:22,386 [EventQueue-ContainerReportForContainerReportHandler] WARN  container.ContainerReportHandler (AbstractContainerReportHandler.java:updateContainerState(145)) - Container #1 is in OPEN state, but the datanode 5bee3153-f7ec-473f-a61a-388a1f3ac093{ip: 192.168.69.94, host: pr-hdds-2278-n56mq-2983766359, networkLocation: /default-rack, certSerialId: null} reports an CLOSED replica.
2019-10-22 00:14:22,487 [EventQueue-ContainerReportForContainerReportHandler] WARN  container.ContainerReportHandler (AbstractContainerReportHandler.java:updateContainerState(145)) - Container #1 is in OPEN state, but the datanode 5e7fe0a0-681e-48dc-b88f-f2277eb9af04{ip: 192.168.69.94, host: pr-hdds-2278-n56mq-2983766359, networkLocation: /default-rack, certSerialId: null} reports an CLOSED replica.
2019-10-22 00:14:22,642 [java.util.concurrent.ThreadPoolExecutor$Worker@206774a5[State = -1, empty queue]] WARN  server.GrpcLogAppender (GrpcLogAppender.java:timeoutAppendRequest(209)) - 5e7fe0a0-681e-48dc-b88f-f2277eb9af04@group-A9CC7D4C7BB1->4ccfaf2e-aae8-4e87-8fab-e6f62fbd25e3-GrpcLogAppender: appendEntries Timeout, request=5e7fe0a0-681e-48dc-b88f-f2277eb9af04->4ccfaf2e-aae8-4e87-8fab-e6f62fbd25e3#47-t1, previous=(t:1, i:10), leaderCommit=10, initializing? false, entries: <empty>
2019-10-22 00:14:22,787 [EventQueue-ContainerReportForContainerReportHandler] WARN  container.ContainerReportHandler (AbstractContainerReportHandler.java:updateContainerState(145)) - Container #1 is in OPEN state, but the datanode 5bee3153-f7ec-473f-a61a-388a1f3ac093{ip: 192.168.69.94, host: pr-hdds-2278-n56mq-2983766359, networkLocation: /default-rack, certSerialId: null} reports an CLOSED replica.
2019-10-22 00:14:22,787 [EventQueue-ContainerReportForContainerReportHandler] WARN  container.ContainerReportHandler (AbstractContainerReportHandler.java:updateContainerState(145)) - Container #1 is in OPEN state, but the datanode 5e7fe0a0-681e-48dc-b88f-f2277eb9af04{ip: 192.168.69.94, host: pr-hdds-2278-n56mq-2983766359, networkLocation: /default-rack, certSerialId: null} reports an CLOSED replica.
2019-10-22 00:14:22,987 [EventQueue-ContainerReportForContainerReportHandler] WARN  container.ContainerReportHandler (AbstractContainerReportHandler.java:updateContainerState(145)) - Container #1 is in OPEN state, but the datanode 5e7fe0a0-681e-48dc-b88f-f2277eb9af04{ip: 192.168.69.94, host: pr-hdds-2278-n56mq-2983766359, networkLocation: /default-rack, certSerialId: null} reports an CLOSED replica.
2019-10-22 00:14:22,988 [BlockDeletingService#2] WARN  background.BlockDeletingService (BlockDeletingService.java:isDeletionAllowed(187)) - Close Container log Index 6 is not replicated across allthe servers in the pipeline 44ab1779-0be6-441a-9037-a9cc7d4c7bb1 as the min replicated index is 4. Deletion is not allowed in this container yet.
2019-10-22 00:14:22,988 [BlockDeletingService#2] WARN  background.BlockDeletingService (BlockDeletingService.java:isDeletionAllowed(187)) - Close Container log Index 6 is not replicated across allthe servers in the pipeline 44ab1779-0be6-441a-9037-a9cc7d4c7bb1 as the min replicated index is 4. Deletion is not allowed in this container yet.
2019-10-22 00:14:23,086 [EventQueue-ContainerReportForContainerReportHandler] WARN  container.ContainerReportHandler (AbstractContainerReportHandler.java:updateContainerState(145)) - Container #1 is in OPEN state, but the datanode 5bee3153-f7ec-473f-a61a-388a1f3ac093{ip: 192.168.69.94, host: pr-hdds-2278-n56mq-2983766359, networkLocation: /default-rack, certSerialId: null} reports an CLOSED replica.
2019-10-22 00:14:23,286 [EventQueue-ContainerReportForContainerReportHandler] WARN  container.ContainerReportHandler (AbstractContainerReportHandler.java:updateContainerState(145)) - Container #1 is in OPEN state, but the datanode 5bee3153-f7ec-473f-a61a-388a1f3ac093{ip: 192.168.69.94, host: pr-hdds-2278-n56mq-2983766359, networkLocation: /default-rack, certSerialId: null} reports an CLOSED replica.
2019-10-22 00:14:23,287 [EventQueue-ContainerReportForContainerReportHandler] WARN  container.ContainerReportHandler (AbstractContainerReportHandler.java:updateContainerState(145)) - Container #1 is in OPEN state, but the datanode 5e7fe0a0-681e-48dc-b88f-f2277eb9af04{ip: 192.168.69.94, host: pr-hdds-2278-n56mq-2983766359, networkLocation: /default-rack, certSerialId: null} reports an CLOSED replica.
2019-10-22 00:14:23,486 [EventQueue-ContainerReportForContainerReportHandler] WARN  container.ContainerReportHandler (AbstractContainerReportHandler.java:updateContainerState(145)) - Container #1 is in OPEN state, but the datanode 5bee3153-f7ec-473f-a61a-388a1f3ac093{ip: 192.168.69.94, host: pr-hdds-2278-n56mq-2983766359, networkLocation: /default-rack, certSerialId: null} reports an CLOSED replica.
2019-10-22 00:14:23,487 [EventQueue-ContainerReportForContainerReportHandler] WARN  container.ContainerReportHandler (AbstractContainerReportHandler.java:updateContainerState(145)) - Container #1 is in OPEN state, but the datanode 5e7fe0a0-681e-48dc-b88f-f2277eb9af04{ip: 192.168.69.94, host: pr-hdds-2278-n56mq-2983766359, networkLocation: /default-rack, certSerialId: null} reports an CLOSED replica.
2019-10-22 00:14:23,786 [EventQueue-ContainerReportForContainerReportHandler] WARN  container.ContainerReportHandler (AbstractContainerReportHandler.java:updateContainerState(145)) - Container #1 is in OPEN state, but the datanode 5bee3153-f7ec-473f-a61a-388a1f3ac093{ip: 192.168.69.94, host: pr-hdds-2278-n56mq-2983766359, networkLocation: /default-rack, certSerialId: null} reports an CLOSED replica.
2019-10-22 00:14:23,888 [EventQueue-ContainerReportForContainerReportHandler] WARN  container.ContainerReportHandler (AbstractContainerReportHandler.java:updateContainerState(145)) - Container #1 is in OPEN state, but the datanode 5e7fe0a0-681e-48dc-b88f-f2277eb9af04{ip: 192.168.69.94, host: pr-hdds-2278-n56mq-2983766359, networkLocation: /default-rack, certSerialId: null} reports an CLOSED replica.
2019-10-22 00:14:23,986 [EventQueue-ContainerReportForContainerReportHandler] WARN  container.ContainerReportHandler (AbstractContainerReportHandler.java:updateContainerState(145)) - Container #1 is in OPEN state, but the datanode 5bee3153-f7ec-473f-a61a-388a1f3ac093{ip: 192.168.69.94, host: pr-hdds-2278-n56mq-2983766359, networkLocation: /default-rack, certSerialId: null} reports an CLOSED replica.
2019-10-22 00:14:23,990 [BlockDeletingService#2] WARN  background.BlockDeletingService (BlockDeletingService.java:isDeletionAllowed(187)) - Close Container log Index 6 is not replicated across allthe servers in the pipeline 44ab1779-0be6-441a-9037-a9cc7d4c7bb1 as the min replicated index is 4. Deletion is not allowed in this container yet.
2019-10-22 00:14:23,990 [BlockDeletingService#2] WARN  background.BlockDeletingService (BlockDeletingService.java:isDeletionAllowed(187)) - Close Container log Index 6 is not replicated across allthe servers in the pipeline 44ab1779-0be6-441a-9037-a9cc7d4c7bb1 as the min replicated index is 4. Deletion is not allowed in this container yet.
2019-10-22 00:14:24,188 [EventQueue-ContainerReportForContainerReportHandler] WARN  container.ContainerReportHandler (AbstractContainerReportHandler.java:updateContainerState(145)) - Container #1 is in OPEN state, but the datanode 5e7fe0a0-681e-48dc-b88f-f2277eb9af04{ip: 192.168.69.94, host: pr-hdds-2278-n56mq-2983766359, networkLocation: /default-rack, certSerialId: null} reports an CLOSED replica.
2019-10-22 00:14:24,386 [EventQueue-ContainerReportForContainerReportHandler] WARN  container.ContainerReportHandler (AbstractContainerReportHandler.java:updateContainerState(145)) - Container #1 is in OPEN state, but the datanode 5bee3153-f7ec-473f-a61a-388a1f3ac093{ip: 192.168.69.94, host: pr-hdds-2278-n56mq-2983766359, networkLocation: /default-rack, certSerialId: null} reports an CLOSED replica.
2019-10-22 00:14:24,589 [EventQueue-ContainerReportForContainerReportHandler] WARN  container.ContainerReportHandler (AbstractContainerReportHandler.java:updateContainerState(145)) - Container #1 is in OPEN state, but the datanode 5e7fe0a0-681e-48dc-b88f-f2277eb9af04{ip: 192.168.69.94, host: pr-hdds-2278-n56mq-2983766359, networkLocation: /default-rack, certSerialId: null} reports an CLOSED replica.
2019-10-22 00:14:24,786 [EventQueue-ContainerReportForContainerReportHandler] WARN  container.ContainerReportHandler (AbstractContainerReportHandler.java:updateContainerState(145)) - Container #1 is in OPEN state, but the datanode 5bee3153-f7ec-473f-a61a-388a1f3ac093{ip: 192.168.69.94, host: pr-hdds-2278-n56mq-2983766359, networkLocation: /default-rack, certSerialId: null} reports an CLOSED replica.
2019-10-22 00:14:24,790 [EventQueue-ContainerReportForContainerReportHandler] WARN  container.ContainerReportHandler (AbstractContainerReportHandler.java:updateContainerState(145)) - Container #1 is in OPEN state, but the datanode 5e7fe0a0-681e-48dc-b88f-f2277eb9af04{ip: 192.168.69.94, host: pr-hdds-2278-n56mq-2983766359, networkLocation: /default-rack, certSerialId: null} reports an CLOSED replica.
2019-10-22 00:14:24,991 [BlockDeletingService#2] WARN  background.BlockDeletingService (BlockDeletingService.java:isDeletionAllowed(187)) - Close Container log Index 6 is not replicated across allthe servers in the pipeline 44ab1779-0be6-441a-9037-a9cc7d4c7bb1 as the min replicated index is 4. Deletion is not allowed in this container yet.
2019-10-22 00:14:24,991 [BlockDeletingService#2] WARN  background.BlockDeletingService (BlockDeletingService.java:isDeletionAllowed(187)) - Close Container log Index 6 is not replicated across allthe servers in the pipeline 44ab1779-0be6-441a-9037-a9cc7d4c7bb1 as the min replicated index is 4. Deletion is not allowed in this container yet.
2019-10-22 00:14:25,086 [EventQueue-ContainerReportForContainerReportHandler] WARN  container.ContainerReportHandler (AbstractContainerReportHandler.java:updateContainerState(145)) - Container #1 is in OPEN state, but the datanode 5bee3153-f7ec-473f-a61a-388a1f3ac093{ip: 192.168.69.94, host: pr-hdds-2278-n56mq-2983766359, networkLocation: /default-rack, certSerialId: null} reports an CLOSED replica.
2019-10-22 00:14:25,090 [EventQueue-ContainerReportForContainerReportHandler] WARN  container.ContainerReportHandler (AbstractContainerReportHandler.java:updateContainerState(145)) - Container #1 is in OPEN state, but the datanode 5e7fe0a0-681e-48dc-b88f-f2277eb9af04{ip: 192.168.69.94, host: pr-hdds-2278-n56mq-2983766359, networkLocation: /default-rack, certSerialId: null} reports an CLOSED replica.
2019-10-22 00:14:25,145 [java.util.concurrent.ThreadPoolExecutor$Worker@206774a5[State = -1, empty queue]] WARN  server.GrpcLogAppender (GrpcLogAppender.java:timeoutAppendRequest(209)) - 5e7fe0a0-681e-48dc-b88f-f2277eb9af04@group-A9CC7D4C7BB1->4ccfaf2e-aae8-4e87-8fab-e6f62fbd25e3-GrpcLogAppender: appendEntries Timeout, request=5e7fe0a0-681e-48dc-b88f-f2277eb9af04->4ccfaf2e-aae8-4e87-8fab-e6f62fbd25e3#48-t1, previous=(t:1, i:10), leaderCommit=10, initializing? false, entries: <empty>
2019-10-22 00:14:25,486 [EventQueue-ContainerReportForContainerReportHandler] WARN  container.ContainerReportHandler (AbstractContainerReportHandler.java:updateContainerState(145)) - Container #1 is in OPEN state, but the datanode 5bee3153-f7ec-473f-a61a-388a1f3ac093{ip: 192.168.69.94, host: pr-hdds-2278-n56mq-2983766359, networkLocation: /default-rack, certSerialId: null} reports an CLOSED replica.
2019-10-22 00:14:25,491 [EventQueue-ContainerReportForContainerReportHandler] WARN  container.ContainerReportHandler (AbstractContainerReportHandler.java:updateContainerState(145)) - Container #1 is in OPEN state, but the datanode 5e7fe0a0-681e-48dc-b88f-f2277eb9af04{ip: 192.168.69.94, host: pr-hdds-2278-n56mq-2983766359, networkLocation: /default-rack, certSerialId: null} reports an CLOSED replica.
2019-10-22 00:14:25,787 [EventQueue-ContainerReportForContainerReportHandler] WARN  container.ContainerReportHandler (AbstractContainerReportHandler.java:updateContainerState(145)) - Container #1 is in OPEN state, but the datanode 5bee3153-f7ec-473f-a61a-388a1f3ac093{ip: 192.168.69.94, host: pr-hdds-2278-n56mq-2983766359, networkLocation: /default-rack, certSerialId: null} reports an CLOSED replica.
2019-10-22 00:14:25,891 [EventQueue-ContainerReportForContainerReportHandler] WARN  container.ContainerReportHandler (AbstractContainerReportHandler.java:updateContainerState(145)) - Container #1 is in OPEN state, but the datanode 5e7fe0a0-681e-48dc-b88f-f2277eb9af04{ip: 192.168.69.94, host: pr-hdds-2278-n56mq-2983766359, networkLocation: /default-rack, certSerialId: null} reports an CLOSED replica.
2019-10-22 00:14:25,988 [EventQueue-ContainerReportForContainerReportHandler] WARN  container.ContainerReportHandler (AbstractContainerReportHandler.java:updateContainerState(145)) - Container #1 is in OPEN state, but the datanode 5bee3153-f7ec-473f-a61a-388a1f3ac093{ip: 192.168.69.94, host: pr-hdds-2278-n56mq-2983766359, networkLocation: /default-rack, certSerialId: null} reports an CLOSED replica.
2019-10-22 00:14:25,993 [BlockDeletingService#2] WARN  background.BlockDeletingService (BlockDeletingService.java:isDeletionAllowed(187)) - Close Container log Index 6 is not replicated across allthe servers in the pipeline 44ab1779-0be6-441a-9037-a9cc7d4c7bb1 as the min replicated index is 4. Deletion is not allowed in this container yet.
2019-10-22 00:14:25,993 [BlockDeletingService#2] WARN  background.BlockDeletingService (BlockDeletingService.java:isDeletionAllowed(187)) - Close Container log Index 6 is not replicated across allthe servers in the pipeline 44ab1779-0be6-441a-9037-a9cc7d4c7bb1 as the min replicated index is 4. Deletion is not allowed in this container yet.
2019-10-22 00:14:26,192 [EventQueue-ContainerReportForContainerReportHandler] WARN  container.ContainerReportHandler (AbstractContainerReportHandler.java:updateContainerState(145)) - Container #1 is in OPEN state, but the datanode 5e7fe0a0-681e-48dc-b88f-f2277eb9af04{ip: 192.168.69.94, host: pr-hdds-2278-n56mq-2983766359, networkLocation: /default-rack, certSerialId: null} reports an CLOSED replica.
2019-10-22 00:14:26,388 [EventQueue-ContainerReportForContainerReportHandler] WARN  container.ContainerReportHandler (AbstractContainerReportHandler.java:updateContainerState(145)) - Container #1 is in OPEN state, but the datanode 5bee3153-f7ec-473f-a61a-388a1f3ac093{ip: 192.168.69.94, host: pr-hdds-2278-n56mq-2983766359, networkLocation: /default-rack, certSerialId: null} reports an CLOSED replica.
2019-10-22 00:14:26,492 [EventQueue-ContainerReportForContainerReportHandler] WARN  container.ContainerReportHandler (AbstractContainerReportHandler.java:updateContainerState(145)) - Container #1 is in OPEN state, but the datanode 5e7fe0a0-681e-48dc-b88f-f2277eb9af04{ip: 192.168.69.94, host: pr-hdds-2278-n56mq-2983766359, networkLocation: /default-rack, certSerialId: null} reports an CLOSED replica.
2019-10-22 00:14:26,788 [EventQueue-ContainerReportForContainerReportHandler] WARN  container.ContainerReportHandler (AbstractContainerReportHandler.java:updateContainerState(145)) - Container #1 is in OPEN state, but the datanode 5bee3153-f7ec-473f-a61a-388a1f3ac093{ip: 192.168.69.94, host: pr-hdds-2278-n56mq-2983766359, networkLocation: /default-rack, certSerialId: null} reports an CLOSED replica.
2019-10-22 00:14:26,792 [EventQueue-ContainerReportForContainerReportHandler] WARN  container.ContainerReportHandler (AbstractContainerReportHandler.java:updateContainerState(145)) - Container #1 is in OPEN state, but the datanode 5e7fe0a0-681e-48dc-b88f-f2277eb9af04{ip: 192.168.69.94, host: pr-hdds-2278-n56mq-2983766359, networkLocation: /default-rack, certSerialId: null} reports an CLOSED replica.
2019-10-22 00:14:26,988 [EventQueue-ContainerReportForContainerReportHandler] WARN  container.ContainerReportHandler (AbstractContainerReportHandler.java:updateContainerState(145)) - Container #1 is in OPEN state, but the datanode 5bee3153-f7ec-473f-a61a-388a1f3ac093{ip: 192.168.69.94, host: pr-hdds-2278-n56mq-2983766359, networkLocation: /default-rack, certSerialId: null} reports an CLOSED replica.
2019-10-22 00:14:26,996 [BlockDeletingService#2] WARN  background.BlockDeletingService (BlockDeletingService.java:isDeletionAllowed(187)) - Close Container log Index 6 is not replicated across allthe servers in the pipeline 44ab1779-0be6-441a-9037-a9cc7d4c7bb1 as the min replicated index is 4. Deletion is not allowed in this container yet.
2019-10-22 00:14:26,996 [BlockDeletingService#2] WARN  background.BlockDeletingService (BlockDeletingService.java:isDeletionAllowed(187)) - Close Container log Index 6 is not replicated across allthe servers in the pipeline 44ab1779-0be6-441a-9037-a9cc7d4c7bb1 as the min replicated index is 4. Deletion is not allowed in this container yet.
2019-10-22 00:14:27,092 [EventQueue-ContainerReportForContainerReportHandler] WARN  container.ContainerReportHandler (AbstractContainerReportHandler.java:updateContainerState(145)) - Container #1 is in OPEN state, but the datanode 5e7fe0a0-681e-48dc-b88f-f2277eb9af04{ip: 192.168.69.94, host: pr-hdds-2278-n56mq-2983766359, networkLocation: /default-rack, certSerialId: null} reports an CLOSED replica.
2019-10-22 00:14:27,292 [EventQueue-ContainerReportForContainerReportHandler] WARN  container.ContainerReportHandler (AbstractContainerReportHandler.java:updateContainerState(145)) - Container #1 is in OPEN state, but the datanode 5e7fe0a0-681e-48dc-b88f-f2277eb9af04{ip: 192.168.69.94, host: pr-hdds-2278-n56mq-2983766359, networkLocation: /default-rack, certSerialId: null} reports an CLOSED replica.
2019-10-22 00:14:27,388 [EventQueue-ContainerReportForContainerReportHandler] WARN  container.ContainerReportHandler (AbstractContainerReportHandler.java:updateContainerState(145)) - Container #1 is in OPEN state, but the datanode 5bee3153-f7ec-473f-a61a-388a1f3ac093{ip: 192.168.69.94, host: pr-hdds-2278-n56mq-2983766359, networkLocation: /default-rack, certSerialId: null} reports an CLOSED replica.
2019-10-22 00:14:27,592 [EventQueue-ContainerReportForContainerReportHandler] WARN  container.ContainerReportHandler (AbstractContainerReportHandler.java:updateContainerState(145)) - Container #1 is in OPEN state, but the datanode 5e7fe0a0-681e-48dc-b88f-f2277eb9af04{ip: 192.168.69.94, host: pr-hdds-2278-n56mq-2983766359, networkLocation: /default-rack, certSerialId: null} reports an CLOSED replica.
2019-10-22 00:14:27,646 [java.util.concurrent.ThreadPoolExecutor$Worker@206774a5[State = -1, empty queue]] WARN  server.GrpcLogAppender (GrpcLogAppender.java:timeoutAppendRequest(209)) - 5e7fe0a0-681e-48dc-b88f-f2277eb9af04@group-A9CC7D4C7BB1->4ccfaf2e-aae8-4e87-8fab-e6f62fbd25e3-GrpcLogAppender: appendEntries Timeout, request=5e7fe0a0-681e-48dc-b88f-f2277eb9af04->4ccfaf2e-aae8-4e87-8fab-e6f62fbd25e3#49-t1, previous=(t:1, i:10), leaderCommit=10, initializing? false, entries: <empty>
2019-10-22 00:14:27,788 [EventQueue-ContainerReportForContainerReportHandler] WARN  container.ContainerReportHandler (AbstractContainerReportHandler.java:updateContainerState(145)) - Container #1 is in OPEN state, but the datanode 5bee3153-f7ec-473f-a61a-388a1f3ac093{ip: 192.168.69.94, host: pr-hdds-2278-n56mq-2983766359, networkLocation: /default-rack, certSerialId: null} reports an CLOSED replica.
2019-10-22 00:14:27,892 [EventQueue-ContainerReportForContainerReportHandler] WARN  container.ContainerReportHandler (AbstractContainerReportHandler.java:updateContainerState(145)) - Container #1 is in OPEN state, but the datanode 5e7fe0a0-681e-48dc-b88f-f2277eb9af04{ip: 192.168.69.94, host: pr-hdds-2278-n56mq-2983766359, networkLocation: /default-rack, certSerialId: null} reports an CLOSED replica.
2019-10-22 00:14:27,988 [EventQueue-ContainerReportForContainerReportHandler] WARN  container.ContainerReportHandler (AbstractContainerReportHandler.java:updateContainerState(145)) - Container #1 is in OPEN state, but the datanode 5bee3153-f7ec-473f-a61a-388a1f3ac093{ip: 192.168.69.94, host: pr-hdds-2278-n56mq-2983766359, networkLocation: /default-rack, certSerialId: null} reports an CLOSED replica.
2019-10-22 00:14:27,997 [BlockDeletingService#2] WARN  background.BlockDeletingService (BlockDeletingService.java:isDeletionAllowed(187)) - Close Container log Index 6 is not replicated across allthe servers in the pipeline 44ab1779-0be6-441a-9037-a9cc7d4c7bb1 as the min replicated index is 4. Deletion is not allowed in this container yet.
2019-10-22 00:14:27,997 [BlockDeletingService#2] WARN  background.BlockDeletingService (BlockDeletingService.java:isDeletionAllowed(187)) - Close Container log Index 6 is not replicated across allthe servers in the pipeline 44ab1779-0be6-441a-9037-a9cc7d4c7bb1 as the min replicated index is 4. Deletion is not allowed in this container yet.
2019-10-22 00:14:28,193 [EventQueue-ContainerReportForContainerReportHandler] WARN  container.ContainerReportHandler (AbstractContainerReportHandler.java:updateContainerState(145)) - Container #1 is in OPEN state, but the datanode 5e7fe0a0-681e-48dc-b88f-f2277eb9af04{ip: 192.168.69.94, host: pr-hdds-2278-n56mq-2983766359, networkLocation: /default-rack, certSerialId: null} reports an CLOSED replica.
2019-10-22 00:14:28,388 [EventQueue-ContainerReportForContainerReportHandler] WARN  container.ContainerReportHandler (AbstractContainerReportHandler.java:updateContainerState(145)) - Container #1 is in OPEN state, but the datanode 5bee3153-f7ec-473f-a61a-388a1f3ac093{ip: 192.168.69.94, host: pr-hdds-2278-n56mq-2983766359, networkLocation: /default-rack, certSerialId: null} reports an CLOSED replica.
2019-10-22 00:14:28,393 [EventQueue-ContainerReportForContainerReportHandler] WARN  container.ContainerReportHandler (AbstractContainerReportHandler.java:updateContainerState(145)) - Container #1 is in OPEN state, but the datanode 5e7fe0a0-681e-48dc-b88f-f2277eb9af04{ip: 192.168.69.94, host: pr-hdds-2278-n56mq-2983766359, networkLocation: /default-rack, certSerialId: null} reports an CLOSED replica.
2019-10-22 00:14:28,588 [EventQueue-ContainerReportForContainerReportHandler] WARN  container.ContainerReportHandler (AbstractContainerReportHandler.java:updateContainerState(145)) - Container #1 is in OPEN state, but the datanode 5bee3153-f7ec-473f-a61a-388a1f3ac093{ip: 192.168.69.94, host: pr-hdds-2278-n56mq-2983766359, networkLocation: /default-rack, certSerialId: null} reports an CLOSED replica.
2019-10-22 00:14:28,693 [EventQueue-ContainerReportForContainerReportHandler] WARN  container.ContainerReportHandler (AbstractContainerReportHandler.java:updateContainerState(145)) - Container #1 is in OPEN state, but the datanode 5e7fe0a0-681e-48dc-b88f-f2277eb9af04{ip: 192.168.69.94, host: pr-hdds-2278-n56mq-2983766359, networkLocation: /default-rack, certSerialId: null} reports an CLOSED replica.
2019-10-22 00:14:28,888 [EventQueue-ContainerReportForContainerReportHandler] WARN  container.ContainerReportHandler (AbstractContainerReportHandler.java:updateContainerState(145)) - Container #1 is in OPEN state, but the datanode 5bee3153-f7ec-473f-a61a-388a1f3ac093{ip: 192.168.69.94, host: pr-hdds-2278-n56mq-2983766359, networkLocation: /default-rack, certSerialId: null} reports an CLOSED replica.
2019-10-22 00:14:28,893 [EventQueue-ContainerReportForContainerReportHandler] WARN  container.ContainerReportHandler (AbstractContainerReportHandler.java:updateContainerState(145)) - Container #1 is in OPEN state, but the datanode 5e7fe0a0-681e-48dc-b88f-f2277eb9af04{ip: 192.168.69.94, host: pr-hdds-2278-n56mq-2983766359, networkLocation: /default-rack, certSerialId: null} reports an CLOSED replica.
2019-10-22 00:14:28,999 [BlockDeletingService#2] WARN  background.BlockDeletingService (BlockDeletingService.java:isDeletionAllowed(187)) - Close Container log Index 6 is not replicated across allthe servers in the pipeline 44ab1779-0be6-441a-9037-a9cc7d4c7bb1 as the min replicated index is 4. Deletion is not allowed in this container yet.
2019-10-22 00:14:28,999 [BlockDeletingService#2] WARN  background.BlockDeletingService (BlockDeletingService.java:isDeletionAllowed(187)) - Close Container log Index 6 is not replicated across allthe servers in the pipeline 44ab1779-0be6-441a-9037-a9cc7d4c7bb1 as the min replicated index is 4. Deletion is not allowed in this container yet.
2019-10-22 00:14:29,188 [EventQueue-StaleNodeForStaleNodeHandler] INFO  node.StaleNodeHandler (StaleNodeHandler.java:onMessage(58)) - Datanode 4ccfaf2e-aae8-4e87-8fab-e6f62fbd25e3{ip: 192.168.69.94, host: pr-hdds-2278-n56mq-2983766359, networkLocation: /default-rack, certSerialId: null} moved to stale state. Finalizing its pipelines [PipelineID=a5b6df62-90c1-40c0-9a43-3c63f6ca6dca, PipelineID=44ab1779-0be6-441a-9037-a9cc7d4c7bb1]
2019-10-22 00:14:29,189 [EventQueue-StaleNodeForStaleNodeHandler] INFO  pipeline.SCMPipelineManager (SCMPipelineManager.java:finalizeAndDestroyPipeline(315)) - destroying pipeline:Pipeline[ Id: a5b6df62-90c1-40c0-9a43-3c63f6ca6dca, Nodes: 4ccfaf2e-aae8-4e87-8fab-e6f62fbd25e3{ip: 192.168.69.94, host: pr-hdds-2278-n56mq-2983766359, networkLocation: /default-rack, certSerialId: null}, Type:RATIS, Factor:ONE, State:OPEN]
2019-10-22 00:14:29,191 [EventQueue-StaleNodeForStaleNodeHandler] INFO  pipeline.PipelineStateManager (PipelineStateManager.java:finalizePipeline(123)) - Pipeline Pipeline[ Id: a5b6df62-90c1-40c0-9a43-3c63f6ca6dca, Nodes: 4ccfaf2e-aae8-4e87-8fab-e6f62fbd25e3{ip: 192.168.69.94, host: pr-hdds-2278-n56mq-2983766359, networkLocation: /default-rack, certSerialId: null}, Type:RATIS, Factor:ONE, State:CLOSED] moved to CLOSED state
2019-10-22 00:14:29,193 [EventQueue-StaleNodeForStaleNodeHandler] INFO  pipeline.SCMPipelineManager (SCMPipelineManager.java:finalizeAndDestroyPipeline(315)) - destroying pipeline:Pipeline[ Id: 44ab1779-0be6-441a-9037-a9cc7d4c7bb1, Nodes: 5bee3153-f7ec-473f-a61a-388a1f3ac093{ip: 192.168.69.94, host: pr-hdds-2278-n56mq-2983766359, networkLocation: /default-rack, certSerialId: null}5e7fe0a0-681e-48dc-b88f-f2277eb9af04{ip: 192.168.69.94, host: pr-hdds-2278-n56mq-2983766359, networkLocation: /default-rack, certSerialId: null}4ccfaf2e-aae8-4e87-8fab-e6f62fbd25e3{ip: 192.168.69.94, host: pr-hdds-2278-n56mq-2983766359, networkLocation: /default-rack, certSerialId: null}, Type:RATIS, Factor:THREE, State:OPEN]
2019-10-22 00:14:29,193 [EventQueue-StaleNodeForStaleNodeHandler] INFO  pipeline.PipelineStateManager (PipelineStateManager.java:finalizePipeline(123)) - Pipeline Pipeline[ Id: 44ab1779-0be6-441a-9037-a9cc7d4c7bb1, Nodes: 5bee3153-f7ec-473f-a61a-388a1f3ac093{ip: 192.168.69.94, host: pr-hdds-2278-n56mq-2983766359, networkLocation: /default-rack, certSerialId: null}5e7fe0a0-681e-48dc-b88f-f2277eb9af04{ip: 192.168.69.94, host: pr-hdds-2278-n56mq-2983766359, networkLocation: /default-rack, certSerialId: null}4ccfaf2e-aae8-4e87-8fab-e6f62fbd25e3{ip: 192.168.69.94, host: pr-hdds-2278-n56mq-2983766359, networkLocation: /default-rack, certSerialId: null}, Type:RATIS, Factor:THREE, State:CLOSED] moved to CLOSED state
2019-10-22 00:14:29,194 [EventQueue-CloseContainerForCloseContainerEventHandler] INFO  container.CloseContainerEventHandler (CloseContainerEventHandler.java:onMessage(61)) - Close container Event triggered for container : #1
2019-10-22 00:14:29,288 [EventQueue-ContainerReportForContainerReportHandler] INFO  container.ContainerReportHandler (AbstractContainerReportHandler.java:updateContainerState(178)) - Moving container #1 to CLOSED state, datanode 5bee3153-f7ec-473f-a61a-388a1f3ac093{ip: 192.168.69.94, host: pr-hdds-2278-n56mq-2983766359, networkLocation: /default-rack, certSerialId: null} reported CLOSED replica.
2019-10-22 00:14:29,576 [SCMBlockDeletingService#0] INFO  block.SCMBlockDeletingService (SCMBlockDeletingService.java:call(184)) - Totally added 3 delete blocks command for 3 datanodes, task elapsed time: 5ms
2019-10-22 00:14:29,595 [EventQueue-PendingDeleteStatusForPendingDeleteHandler] INFO  block.SCMBlockDeletingService (SCMBlockDeletingService.java:handlePendingDeletes(115)) - Block deletion txnID mismatch in datanode 5e7fe0a0-681e-48dc-b88f-f2277eb9af04 for containerID 1. Datanode delete txnID: 0, SCM txnID: 1
2019-10-22 00:14:29,688 [EventQueue-PendingDeleteStatusForPendingDeleteHandler] INFO  block.SCMBlockDeletingService (SCMBlockDeletingService.java:handlePendingDeletes(115)) - Block deletion txnID mismatch in datanode 5bee3153-f7ec-473f-a61a-388a1f3ac093 for containerID 1. Datanode delete txnID: 0, SCM txnID: 1
2019-10-22 00:14:29,819 [Thread-530] INFO  client.GrpcClientProtocolService (GrpcClientProtocolService.java:lambda$processClientRequest$0(279)) - Failed RaftClientRequest:client-E6BBD608C1E8->5bee3153-f7ec-473f-a61a-388a1f3ac093@group-A9CC7D4C7BB1, cid=10, seq=0, Watch-ALL_COMMITTED(6), Message:<EMPTY>, reply=RaftClientReply:client-E6BBD608C1E8->5bee3153-f7ec-473f-a61a-388a1f3ac093@group-A9CC7D4C7BB1, cid=10, FAILED org.apache.ratis.protocol.NotLeaderException: Server 5bee3153-f7ec-473f-a61a-388a1f3ac093@group-A9CC7D4C7BB1 is not the leader 5e7fe0a0-681e-48dc-b88f-f2277eb9af04:192.168.69.94:38061, logIndex=0, commits[5bee3153-f7ec-473f-a61a-388a1f3ac093:c10, 5e7fe0a0-681e-48dc-b88f-f2277eb9af04:c10, 4ccfaf2e-aae8-4e87-8fab-e6f62fbd25e3:c4]
2019-10-22 00:14:29,884 [Thread-533] INFO  client.GrpcClientProtocolService (GrpcClientProtocolService.java:lambda$processClientRequest$0(279)) - Failed RaftClientRequest:client-E6BBD608C1E8->5e7fe0a0-681e-48dc-b88f-f2277eb9af04@group-A9CC7D4C7BB1, cid=10, seq=0, Watch-ALL_COMMITTED(6), Message:<EMPTY>, reply=RaftClientReply:client-E6BBD608C1E8->5e7fe0a0-681e-48dc-b88f-f2277eb9af04@group-A9CC7D4C7BB1, cid=10, FAILED org.apache.ratis.protocol.NotReplicatedException: Request with call Id 10 and log index 6 is not yet replicated to ALL_COMMITTED, logIndex=6, commits[5e7fe0a0-681e-48dc-b88f-f2277eb9af04:c10, 5bee3153-f7ec-473f-a61a-388a1f3ac093:c10, 4ccfaf2e-aae8-4e87-8fab-e6f62fbd25e3:c4]
2019-10-22 00:14:29,894 [EventQueue-PendingDeleteStatusForPendingDeleteHandler] INFO  block.SCMBlockDeletingService (SCMBlockDeletingService.java:handlePendingDeletes(115)) - Block deletion txnID mismatch in datanode 5e7fe0a0-681e-48dc-b88f-f2277eb9af04 for containerID 1. Datanode delete txnID: 0, SCM txnID: 1
2019-10-22 00:14:30,000 [BlockDeletingService#2] WARN  background.BlockDeletingService (BlockDeletingService.java:isDeletionAllowed(187)) - Close Container log Index 6 is not replicated across allthe servers in the pipeline 44ab1779-0be6-441a-9037-a9cc7d4c7bb1 as the min replicated index is 4. Deletion is not allowed in this container yet.
2019-10-22 00:14:30,001 [BlockDeletingService#2] WARN  background.BlockDeletingService (BlockDeletingService.java:isDeletionAllowed(187)) - Close Container log Index 6 is not replicated across allthe servers in the pipeline 44ab1779-0be6-441a-9037-a9cc7d4c7bb1 as the min replicated index is 4. Deletion is not allowed in this container yet.
2019-10-22 00:14:30,088 [EventQueue-PendingDeleteStatusForPendingDeleteHandler] INFO  block.SCMBlockDeletingService (SCMBlockDeletingService.java:handlePendingDeletes(115)) - Block deletion txnID mismatch in datanode 5bee3153-f7ec-473f-a61a-388a1f3ac093 for containerID 1. Datanode delete txnID: 0, SCM txnID: 1
2019-10-22 00:14:30,148 [java.util.concurrent.ThreadPoolExecutor$Worker@206774a5[State = -1, empty queue]] WARN  server.GrpcLogAppender (GrpcLogAppender.java:timeoutAppendRequest(209)) - 5e7fe0a0-681e-48dc-b88f-f2277eb9af04@group-A9CC7D4C7BB1->4ccfaf2e-aae8-4e87-8fab-e6f62fbd25e3-GrpcLogAppender: appendEntries Timeout, request=5e7fe0a0-681e-48dc-b88f-f2277eb9af04->4ccfaf2e-aae8-4e87-8fab-e6f62fbd25e3#50-t1, previous=(t:1, i:10), leaderCommit=10, initializing? false, entries: <empty>
2019-10-22 00:14:30,295 [EventQueue-PendingDeleteStatusForPendingDeleteHandler] INFO  block.SCMBlockDeletingService (SCMBlockDeletingService.java:handlePendingDeletes(115)) - Block deletion txnID mismatch in datanode 5e7fe0a0-681e-48dc-b88f-f2277eb9af04 for containerID 1. Datanode delete txnID: 0, SCM txnID: 1
2019-10-22 00:14:30,388 [EventQueue-PendingDeleteStatusForPendingDeleteHandler] INFO  block.SCMBlockDeletingService (SCMBlockDeletingService.java:handlePendingDeletes(115)) - Block deletion txnID mismatch in datanode 5bee3153-f7ec-473f-a61a-388a1f3ac093 for containerID 1. Datanode delete txnID: 0, SCM txnID: 1
2019-10-22 00:14:30,390 [Command processor thread] INFO  commandhandler.DeleteBlocksCommandHandler (DeleteBlocksCommandHandler.java:handle(106)) - Start to delete container blocks, TXIDs=[1(0)], numOfContainers=1, numOfBlocks=1
2019-10-22 00:14:30,577 [SCMBlockDeletingService#0] INFO  block.SCMBlockDeletingService (SCMBlockDeletingService.java:call(184)) - Totally added 3 delete blocks command for 3 datanodes, task elapsed time: 1ms
2019-10-22 00:14:30,578 [pool-7-thread-1] INFO  commands.RetriableDatanodeEventWatcher (RetriableDatanodeEventWatcher.java:onTimeout(47)) - RetriableDatanodeCommand type=deleteBlocksCommand with id=1571703269577 timed out. Retrying.
2019-10-22 00:14:30,579 [pool-7-thread-3] INFO  commands.RetriableDatanodeEventWatcher (RetriableDatanodeEventWatcher.java:onTimeout(47)) - RetriableDatanodeCommand type=deleteBlocksCommand with id=1571703269578 timed out. Retrying.
2019-10-22 00:14:30,579 [pool-7-thread-2] INFO  commands.RetriableDatanodeEventWatcher (RetriableDatanodeEventWatcher.java:onTimeout(47)) - RetriableDatanodeCommand type=deleteBlocksCommand with id=1571703269576 timed out. Retrying.
2019-10-22 00:14:30,593 [Command processor thread] INFO  commandhandler.DeleteBlocksCommandHandler (DeleteBlocksCommandHandler.java:handle(106)) - Start to delete container blocks, TXIDs=[1(0)], numOfContainers=1, numOfBlocks=1
2019-10-22 00:14:30,595 [EventQueue-PendingDeleteStatusForPendingDeleteHandler] INFO  block.SCMBlockDeletingService (SCMBlockDeletingService.java:handlePendingDeletes(115)) - Block deletion txnID mismatch in datanode 5e7fe0a0-681e-48dc-b88f-f2277eb9af04 for containerID 1. Datanode delete txnID: 0, SCM txnID: 1
2019-10-22 00:14:30,765 [main] INFO  impl.MetricsSystemImpl (MetricsSystemImpl.java:init(158)) - HddsDatanode metrics system started (again)
2019-10-22 00:14:30,810 [main] INFO  ozone.HddsDatanodeService (HddsDatanodeService.java:start(184)) - HddsDatanodeService host:pr-hdds-2278-n56mq-2983766359 ip:192.168.69.94
2019-10-22 00:14:30,814 [main] INFO  volume.VolumeUsage (VolumeUsage.java:loadScmUsed(144)) - Cached ScmUsed found for /workdir/hadoop-ozone/integration-test/target/test-dir/MiniOzoneClusterImpl-6087bd68-5746-4eb4-8edb-fa9a87d69ff0/datanode-2/data/containers : 4096 
2019-10-22 00:14:30,814 [main] INFO  volume.HddsVolume (HddsVolume.java:<init>(176)) - Creating Volume: /workdir/hadoop-ozone/integration-test/target/test-dir/MiniOzoneClusterImpl-6087bd68-5746-4eb4-8edb-fa9a87d69ff0/datanode-2/data/containers/hdds of  storage type : DISK and capacity : 1482555576320
2019-10-22 00:14:30,815 [main] INFO  volume.VolumeSet (VolumeSet.java:initializeVolumeSet(170)) - Added Volume : /workdir/hadoop-ozone/integration-test/target/test-dir/MiniOzoneClusterImpl-6087bd68-5746-4eb4-8edb-fa9a87d69ff0/datanode-2/data/containers/hdds to VolumeSet
2019-10-22 00:14:30,815 [main] INFO  volume.ThrottledAsyncChecker (ThrottledAsyncChecker.java:schedule(141)) - Scheduling a check for /workdir/hadoop-ozone/integration-test/target/test-dir/MiniOzoneClusterImpl-6087bd68-5746-4eb4-8edb-fa9a87d69ff0/datanode-2/data/containers/hdds
2019-10-22 00:14:30,816 [main] INFO  volume.HddsVolumeChecker (HddsVolumeChecker.java:checkAllVolumes(204)) - Scheduled health check for volume /workdir/hadoop-ozone/integration-test/target/test-dir/MiniOzoneClusterImpl-6087bd68-5746-4eb4-8edb-fa9a87d69ff0/datanode-2/data/containers/hdds
2019-10-22 00:14:30,850 [main] INFO  impl.RaftServerProxy (ConfUtils.java:logGet(43)) - raft.rpc.type = GRPC (default)
2019-10-22 00:14:30,850 [main] INFO  grpc.GrpcFactory (GrpcFactory.java:checkPooledByteBufAllocatorUseCacheForAllThreads(45)) - PERFORMANCE WARNING: useCacheForAllThreads is true that may cause Netty to create a lot garbage objects and, as a result, trigger GC.
	It is recommended to disable useCacheForAllThreads by setting -Dorg.apache.ratis.thirdparty.io.netty.allocator.useCacheForAllThreads=false in command line.
2019-10-22 00:14:30,850 [main] INFO  grpc.GrpcConfigKeys$Server (ConfUtils.java:logGet(43)) - raft.grpc.server.port = 36986 (custom)
2019-10-22 00:14:30,851 [main] INFO  server.GrpcService (ConfUtils.java:logGet(43)) - raft.grpc.message.size.max = 33570816 (custom)
2019-10-22 00:14:30,851 [main] INFO  server.RaftServerConfigKeys (ConfUtils.java:logGet(43)) - raft.server.log.appender.buffer.byte-limit = 33554432 (custom)
2019-10-22 00:14:30,852 [main] INFO  server.GrpcService (ConfUtils.java:logGet(43)) - raft.grpc.flow.control.window = 1MB (=1048576) (default)
2019-10-22 00:14:30,852 [main] INFO  server.RaftServerConfigKeys (ConfUtils.java:logGet(43)) - raft.server.rpc.request.timeout = 3000ms (default)
2019-10-22 00:14:30,852 [main] INFO  server.RaftServerConfigKeys (ConfUtils.java:logGet(43)) - raft.server.storage.dir = [/workdir/hadoop-ozone/integration-test/target/test-dir/MiniOzoneClusterImpl-6087bd68-5746-4eb4-8edb-fa9a87d69ff0/datanode-2/data/ratis] (custom)
2019-10-22 00:14:30,852 [main] INFO  impl.RaftServerProxy (RaftServerProxy.java:lambda$null$0(191)) - 4ccfaf2e-aae8-4e87-8fab-e6f62fbd25e3: found a subdirectory /workdir/hadoop-ozone/integration-test/target/test-dir/MiniOzoneClusterImpl-6087bd68-5746-4eb4-8edb-fa9a87d69ff0/datanode-2/data/ratis/44ab1779-0be6-441a-9037-a9cc7d4c7bb1
2019-10-22 00:14:30,853 [main] INFO  impl.RaftServerProxy (RaftServerProxy.java:addNew(89)) - 4ccfaf2e-aae8-4e87-8fab-e6f62fbd25e3: addNew group-A9CC7D4C7BB1:[] returns group-A9CC7D4C7BB1:java.util.concurrent.CompletableFuture@7301eebe[Not completed]
2019-10-22 00:14:30,853 [main] INFO  impl.RaftServerProxy (RaftServerProxy.java:lambda$null$0(191)) - 4ccfaf2e-aae8-4e87-8fab-e6f62fbd25e3: found a subdirectory /workdir/hadoop-ozone/integration-test/target/test-dir/MiniOzoneClusterImpl-6087bd68-5746-4eb4-8edb-fa9a87d69ff0/datanode-2/data/ratis/a5b6df62-90c1-40c0-9a43-3c63f6ca6dca
2019-10-22 00:14:30,854 [main] INFO  impl.RaftServerProxy (RaftServerProxy.java:addNew(89)) - 4ccfaf2e-aae8-4e87-8fab-e6f62fbd25e3: addNew group-3C63F6CA6DCA:[] returns group-3C63F6CA6DCA:java.util.concurrent.CompletableFuture@76b47204[Not completed]
2019-10-22 00:14:30,859 [pool-59-thread-1] INFO  impl.RaftServerImpl (RaftServerImpl.java:<init>(98)) - 4ccfaf2e-aae8-4e87-8fab-e6f62fbd25e3: new RaftServerImpl for group-A9CC7D4C7BB1:[] with ContainerStateMachine:uninitialized
2019-10-22 00:14:30,859 [main] INFO  hdfs.DFSUtil (DFSUtil.java:httpServerTemplateForNNAndJN(1641)) - Starting Web-server for hddsDatanode at: http://0.0.0.0:37608
2019-10-22 00:14:30,859 [pool-59-thread-1] INFO  server.RaftServerConfigKeys (ConfUtils.java:logGet(43)) - raft.server.rpc.timeout.min = 5s (custom)
2019-10-22 00:14:30,860 [pool-59-thread-1] INFO  server.RaftServerConfigKeys (ConfUtils.java:logGet(43)) - raft.server.rpc.timeout.max = 5200ms (custom)
2019-10-22 00:14:30,860 [pool-59-thread-1] INFO  server.RaftServerConfigKeys (ConfUtils.java:logGet(43)) - raft.server.rpcslowness.timeout = 1000s (custom)
2019-10-22 00:14:30,860 [pool-59-thread-1] INFO  server.RaftServerConfigKeys (ConfUtils.java:logGet(43)) - raft.server.sleep.deviation.threshold = 300 (default)
2019-10-22 00:14:30,860 [pool-59-thread-1] INFO  server.RaftServerConfigKeys (ConfUtils.java:logGet(43)) - raft.server.log.appender.install.snapshot.enabled = false (custom)
2019-10-22 00:14:30,860 [pool-59-thread-1] INFO  impl.RaftServerImpl (ServerState.java:<init>(103)) - 4ccfaf2e-aae8-4e87-8fab-e6f62fbd25e3@group-A9CC7D4C7BB1: ConfigurationManager, init=-1: [], old=null, confs=<EMPTY_MAP>
2019-10-22 00:14:30,860 [pool-59-thread-1] INFO  server.RaftServerConfigKeys (ConfUtils.java:logGet(43)) - raft.server.storage.dir = [/workdir/hadoop-ozone/integration-test/target/test-dir/MiniOzoneClusterImpl-6087bd68-5746-4eb4-8edb-fa9a87d69ff0/datanode-2/data/ratis] (custom)
2019-10-22 00:14:30,861 [pool-59-thread-1] INFO  server.RaftServerConfigKeys (ConfUtils.java:logGet(43)) - raft.server.log.corruption.policy = EXCEPTION (default)
2019-10-22 00:14:30,862 [main] INFO  server.AuthenticationFilter (AuthenticationFilter.java:constructSecretProvider(240)) - Unable to initialize FileSignerSecretProvider, falling back to use random secrets.
2019-10-22 00:14:30,863 [main] WARN  http.HttpRequestLog (HttpRequestLog.java:getRequestLog(97)) - Jetty request log can only be enabled using Log4j
2019-10-22 00:14:30,865 [main] INFO  http.HttpServer2 (HttpServer2.java:addGlobalFilter(975)) - Added global filter 'safety' (class=org.apache.hadoop.http.HttpServer2$QuotingInputFilter)
2019-10-22 00:14:30,865 [main] INFO  http.HttpServer2 (HttpServer2.java:addFilter(948)) - Added filter static_user_filter (class=org.apache.hadoop.http.lib.StaticUserWebFilter$StaticUserFilter) to context hddsDatanode
2019-10-22 00:14:30,866 [main] INFO  http.HttpServer2 (HttpServer2.java:addFilter(958)) - Added filter static_user_filter (class=org.apache.hadoop.http.lib.StaticUserWebFilter$StaticUserFilter) to context static
2019-10-22 00:14:30,866 [main] INFO  http.HttpServer2 (HttpServer2.java:addFilter(958)) - Added filter static_user_filter (class=org.apache.hadoop.http.lib.StaticUserWebFilter$StaticUserFilter) to context logs
2019-10-22 00:14:30,867 [main] INFO  http.HttpServer2 (HttpServer2.java:bindListener(1191)) - Jetty bound to port 37608
2019-10-22 00:14:30,867 [main] INFO  server.Server (Server.java:doStart(351)) - jetty-9.3.25.v20180904, build timestamp: 2018-09-04T21:11:46Z, git hash: 3ce520221d0240229c862b122d2b06c12a625732
2019-10-22 00:14:30,869 [main] INFO  handler.ContextHandler (ContextHandler.java:doStart(781)) - Started o.e.j.s.ServletContextHandler@149b0577{/logs,file:///workdir/hadoop-ozone/integration-test/target/log,AVAILABLE}
2019-10-22 00:14:30,870 [main] INFO  handler.ContextHandler (ContextHandler.java:doStart(781)) - Started o.e.j.s.ServletContextHandler@4a901445{/static,jar:file:/home/user/.m2/repository/org/apache/hadoop/hadoop-hdds-container-service/0.5.0-SNAPSHOT/hadoop-hdds-container-service-0.5.0-SNAPSHOT.jar!/webapps/static,AVAILABLE}
2019-10-22 00:14:30,873 [pool-59-thread-1] INFO  storage.RaftStorageDirectory (RaftStorageDirectory.java:tryLock(328)) - Lock on /workdir/hadoop-ozone/integration-test/target/test-dir/MiniOzoneClusterImpl-6087bd68-5746-4eb4-8edb-fa9a87d69ff0/datanode-2/data/ratis/44ab1779-0be6-441a-9037-a9cc7d4c7bb1/in_use.lock acquired by nodename 8911@pr-hdds-2278-n56mq-2983766359
2019-10-22 00:14:30,876 [pool-59-thread-1] INFO  ratis.ContainerStateMachine (ContainerStateMachine.java:loadSnapshot(240)) - group-A9CC7D4C7BB1: Setting the last applied index to (t:1, i:3)
2019-10-22 00:14:30,880 [pool-59-thread-1] INFO  impl.RaftServerImpl (ServerState.java:setRaftConf(356)) - 4ccfaf2e-aae8-4e87-8fab-e6f62fbd25e3@group-A9CC7D4C7BB1: set configuration 0: [5bee3153-f7ec-473f-a61a-388a1f3ac093:192.168.69.94:39580, 5e7fe0a0-681e-48dc-b88f-f2277eb9af04:192.168.69.94:38061, 4ccfaf2e-aae8-4e87-8fab-e6f62fbd25e3:192.168.69.94:36986], old=null at 0
2019-10-22 00:14:30,881 [pool-59-thread-1] INFO  server.RaftServerConfigKeys (ConfUtils.java:logGet(43)) - raft.server.notification.no-leader.timeout = 1000s (custom)
2019-10-22 00:14:30,881 [pool-59-thread-1] INFO  server.RaftServerConfigKeys (ConfUtils.java:logGet(43)) - raft.server.log.use.memory = false (default)
2019-10-22 00:14:30,881 [pool-59-thread-1] INFO  server.RaftServerConfigKeys (ConfUtils.java:logGet(43)) - raft.server.log.purge.gap = 1000000 (custom)
2019-10-22 00:14:30,881 [pool-59-thread-1] INFO  server.RaftServerConfigKeys (ConfUtils.java:logGet(43)) - raft.server.log.appender.buffer.byte-limit = 33554432 (custom)
2019-10-22 00:14:30,881 [pool-59-thread-1] INFO  server.RaftServerConfigKeys (ConfUtils.java:logGet(43)) - raft.server.log.segment.size.max = 1048576 (custom)
2019-10-22 00:14:30,881 [pool-59-thread-1] INFO  server.RaftServerConfigKeys (ConfUtils.java:logGet(43)) - raft.server.log.segment.cache.num.max = 2 (custom)
2019-10-22 00:14:30,881 [pool-59-thread-1] INFO  segmented.SegmentedRaftLogWorker (SegmentedRaftLogWorker.java:<init>(173)) - new 4ccfaf2e-aae8-4e87-8fab-e6f62fbd25e3@group-A9CC7D4C7BB1-SegmentedRaftLogWorker for RaftStorage:Storage Directory /workdir/hadoop-ozone/integration-test/target/test-dir/MiniOzoneClusterImpl-6087bd68-5746-4eb4-8edb-fa9a87d69ff0/datanode-2/data/ratis/44ab1779-0be6-441a-9037-a9cc7d4c7bb1
2019-10-22 00:14:30,881 [pool-59-thread-1] INFO  server.RaftServerConfigKeys (ConfUtils.java:logGet(43)) - raft.server.log.queue.byte-limit = 2147483647 (custom)
2019-10-22 00:14:30,881 [pool-59-thread-1] INFO  server.RaftServerConfigKeys (ConfUtils.java:logGet(43)) - raft.server.log.queue.element-limit = 1024 (custom)
2019-10-22 00:14:30,882 [pool-59-thread-1] INFO  server.RaftServerConfigKeys (ConfUtils.java:logGet(43)) - raft.server.log.segment.size.max = 1048576 (custom)
2019-10-22 00:14:30,882 [pool-59-thread-1] INFO  server.RaftServerConfigKeys (ConfUtils.java:logGet(43)) - raft.server.log.preallocated.size = 16384 (custom)
2019-10-22 00:14:30,882 [pool-59-thread-1] INFO  server.RaftServerConfigKeys (ConfUtils.java:logGet(43)) - raft.server.log.write.buffer.size = 33554432 (custom)
2019-10-22 00:14:30,882 [pool-59-thread-1] INFO  server.RaftServerConfigKeys (ConfUtils.java:logGet(43)) - raft.server.log.force.sync.num = 128 (default)
2019-10-22 00:14:30,882 [pool-59-thread-1] INFO  server.RaftServerConfigKeys (ConfUtils.java:logGet(43)) - raft.server.log.statemachine.data.sync = true (default)
2019-10-22 00:14:30,882 [pool-59-thread-1] INFO  server.RaftServerConfigKeys (ConfUtils.java:logGet(43)) - raft.server.log.statemachine.data.sync.timeout = 10s (default)
2019-10-22 00:14:30,882 [pool-59-thread-1] INFO  server.RaftServerConfigKeys (ConfUtils.java:logGet(43)) - raft.server.log.statemachine.data.sync.timeout.retry = -1 (default)
2019-10-22 00:14:30,882 [pool-59-thread-1] INFO  server.RaftServerConfigKeys (ConfUtils.java:logGet(43)) - raft.server.log.statemachine.data.caching.enabled = true (custom)
2019-10-22 00:14:30,888 [pool-59-thread-1] INFO  impl.RaftServerImpl (ServerState.java:setRaftConf(356)) - 4ccfaf2e-aae8-4e87-8fab-e6f62fbd25e3@group-A9CC7D4C7BB1: set configuration 0: [5bee3153-f7ec-473f-a61a-388a1f3ac093:192.168.69.94:39580, 5e7fe0a0-681e-48dc-b88f-f2277eb9af04:192.168.69.94:38061, 4ccfaf2e-aae8-4e87-8fab-e6f62fbd25e3:192.168.69.94:36986], old=null at 0
2019-10-22 00:14:30,888 [pool-59-thread-1] INFO  segmented.LogSegment (LogSegment.java:loadSegment(140)) - Successfully read 5 entries from segment file /workdir/hadoop-ozone/integration-test/target/test-dir/MiniOzoneClusterImpl-6087bd68-5746-4eb4-8edb-fa9a87d69ff0/datanode-2/data/ratis/44ab1779-0be6-441a-9037-a9cc7d4c7bb1/current/log_inprogress_0
2019-10-22 00:14:30,889 [pool-59-thread-1] INFO  segmented.SegmentedRaftLogWorker (SegmentedRaftLogWorker.java:lambda$new$0(128)) - 4ccfaf2e-aae8-4e87-8fab-e6f62fbd25e3@group-A9CC7D4C7BB1-SegmentedRaftLogWorker: flushIndex: setUnconditionally 0 -> 4
2019-10-22 00:14:30,903 [main] INFO  handler.ContextHandler (ContextHandler.java:doStart(781)) - Started o.e.j.w.WebAppContext@48eb001a{/,file:///tmp/jetty-0.0.0.0-37608-hddsDatanode-_-any-8143396985257023830.dir/webapp/,AVAILABLE}{/hddsDatanode}
2019-10-22 00:14:30,904 [main] INFO  server.AbstractConnector (AbstractConnector.java:doStart(278)) - Started ServerConnector@34332b8d{HTTP/1.1,[http/1.1]}{0.0.0.0:37608}
2019-10-22 00:14:30,912 [main] INFO  server.Server (Server.java:doStart(419)) - Started @117208ms
2019-10-22 00:14:30,912 [pool-59-thread-1] INFO  raftlog.RaftLog (RaftLog.java:lambda$new$0(61)) - 4ccfaf2e-aae8-4e87-8fab-e6f62fbd25e3@group-A9CC7D4C7BB1-SegmentedRaftLog: commitIndex: updateToMax old=3, new=3, updated? false
2019-10-22 00:14:30,912 [main] WARN  impl.MetricsSystemImpl (MetricsSystemImpl.java:register(276)) - Sink prometheus already exists!
2019-10-22 00:14:30,913 [pool-59-thread-1] INFO  server.RaftServerConfigKeys (ConfUtils.java:logGet(43)) - raft.server.snapshot.auto.trigger.enabled = true (custom)
2019-10-22 00:14:30,913 [pool-59-thread-1] INFO  server.RaftServerConfigKeys (ConfUtils.java:logGet(43)) - raft.server.snapshot.auto.trigger.threshold = 10000 (custom)
2019-10-22 00:14:30,913 [pool-59-thread-1] INFO  server.RaftServerConfigKeys (ConfUtils.java:logGet(43)) - raft.server.snapshot.retention.file.num = 5 (custom)
2019-10-22 00:14:30,913 [pool-59-thread-1] INFO  server.RaftServerConfigKeys (ConfUtils.java:logGet(43)) - raft.server.retrycache.expirytime = 600000ms (custom)
2019-10-22 00:14:30,915 [main] INFO  server.BaseHttpServer (BaseHttpServer.java:updateConnectorAddress(215)) - HTTP server of HDDSDATANODE is listening at http://0.0.0.0:37608
2019-10-22 00:14:30,915 [pool-59-thread-1] INFO  impl.RaftServerImpl (RaftServerImpl.java:<init>(98)) - 4ccfaf2e-aae8-4e87-8fab-e6f62fbd25e3: new RaftServerImpl for group-3C63F6CA6DCA:[] with ContainerStateMachine:uninitialized
2019-10-22 00:14:30,915 [pool-59-thread-1] INFO  server.RaftServerConfigKeys (ConfUtils.java:logGet(43)) - raft.server.rpc.timeout.min = 5s (custom)
2019-10-22 00:14:30,915 [pool-59-thread-1] INFO  server.RaftServerConfigKeys (ConfUtils.java:logGet(43)) - raft.server.rpc.timeout.max = 5200ms (custom)
2019-10-22 00:14:30,915 [pool-59-thread-1] INFO  server.RaftServerConfigKeys (ConfUtils.java:logGet(43)) - raft.server.rpcslowness.timeout = 1000s (custom)
2019-10-22 00:14:30,916 [pool-59-thread-1] INFO  server.RaftServerConfigKeys (ConfUtils.java:logGet(43)) - raft.server.sleep.deviation.threshold = 300 (default)
2019-10-22 00:14:30,916 [pool-59-thread-1] INFO  server.RaftServerConfigKeys (ConfUtils.java:logGet(43)) - raft.server.log.appender.install.snapshot.enabled = false (custom)
2019-10-22 00:14:30,916 [pool-59-thread-1] INFO  impl.RaftServerImpl (ServerState.java:<init>(103)) - 4ccfaf2e-aae8-4e87-8fab-e6f62fbd25e3@group-3C63F6CA6DCA: ConfigurationManager, init=-1: [], old=null, confs=<EMPTY_MAP>
2019-10-22 00:14:30,916 [pool-59-thread-1] INFO  server.RaftServerConfigKeys (ConfUtils.java:logGet(43)) - raft.server.storage.dir = [/workdir/hadoop-ozone/integration-test/target/test-dir/MiniOzoneClusterImpl-6087bd68-5746-4eb4-8edb-fa9a87d69ff0/datanode-2/data/ratis] (custom)
2019-10-22 00:14:30,916 [org.apache.hadoop.util.JvmPauseMonitor$Monitor@2f81e37e] INFO  util.JvmPauseMonitor (JvmPauseMonitor.java:run(188)) - Starting JVM pause monitor
2019-10-22 00:14:30,916 [pool-59-thread-1] INFO  server.RaftServerConfigKeys (ConfUtils.java:logGet(43)) - raft.server.log.corruption.policy = EXCEPTION (default)
2019-10-22 00:14:30,928 [pool-59-thread-1] INFO  storage.RaftStorageDirectory (RaftStorageDirectory.java:tryLock(328)) - Lock on /workdir/hadoop-ozone/integration-test/target/test-dir/MiniOzoneClusterImpl-6087bd68-5746-4eb4-8edb-fa9a87d69ff0/datanode-2/data/ratis/a5b6df62-90c1-40c0-9a43-3c63f6ca6dca/in_use.lock acquired by nodename 8911@pr-hdds-2278-n56mq-2983766359
2019-10-22 00:14:30,929 [pool-59-thread-1] INFO  ratis.ContainerStateMachine (ContainerStateMachine.java:loadSnapshot(231)) - group-3C63F6CA6DCA: The snapshot info is null. Setting the last applied indexto:(t:0, i:~)
2019-10-22 00:14:30,929 [pool-59-thread-1] INFO  server.RaftServerConfigKeys (ConfUtils.java:logGet(43)) - raft.server.notification.no-leader.timeout = 1000s (custom)
2019-10-22 00:14:30,929 [pool-59-thread-1] INFO  server.RaftServerConfigKeys (ConfUtils.java:logGet(43)) - raft.server.log.use.memory = false (default)
2019-10-22 00:14:30,929 [pool-59-thread-1] INFO  server.RaftServerConfigKeys (ConfUtils.java:logGet(43)) - raft.server.log.purge.gap = 1000000 (custom)
2019-10-22 00:14:30,929 [pool-59-thread-1] INFO  server.RaftServerConfigKeys (ConfUtils.java:logGet(43)) - raft.server.log.appender.buffer.byte-limit = 33554432 (custom)
2019-10-22 00:14:30,929 [pool-59-thread-1] INFO  server.RaftServerConfigKeys (ConfUtils.java:logGet(43)) - raft.server.log.segment.size.max = 1048576 (custom)
2019-10-22 00:14:30,929 [pool-59-thread-1] INFO  server.RaftServerConfigKeys (ConfUtils.java:logGet(43)) - raft.server.log.segment.cache.num.max = 2 (custom)
2019-10-22 00:14:30,929 [pool-59-thread-1] INFO  segmented.SegmentedRaftLogWorker (SegmentedRaftLogWorker.java:<init>(173)) - new 4ccfaf2e-aae8-4e87-8fab-e6f62fbd25e3@group-3C63F6CA6DCA-SegmentedRaftLogWorker for RaftStorage:Storage Directory /workdir/hadoop-ozone/integration-test/target/test-dir/MiniOzoneClusterImpl-6087bd68-5746-4eb4-8edb-fa9a87d69ff0/datanode-2/data/ratis/a5b6df62-90c1-40c0-9a43-3c63f6ca6dca
2019-10-22 00:14:30,930 [pool-59-thread-1] INFO  server.RaftServerConfigKeys (ConfUtils.java:logGet(43)) - raft.server.log.queue.byte-limit = 2147483647 (custom)
2019-10-22 00:14:30,930 [pool-59-thread-1] INFO  server.RaftServerConfigKeys (ConfUtils.java:logGet(43)) - raft.server.log.queue.element-limit = 1024 (custom)
2019-10-22 00:14:30,930 [pool-59-thread-1] INFO  server.RaftServerConfigKeys (ConfUtils.java:logGet(43)) - raft.server.log.segment.size.max = 1048576 (custom)
2019-10-22 00:14:30,930 [pool-59-thread-1] INFO  server.RaftServerConfigKeys (ConfUtils.java:logGet(43)) - raft.server.log.preallocated.size = 16384 (custom)
2019-10-22 00:14:30,930 [pool-59-thread-1] INFO  server.RaftServerConfigKeys (ConfUtils.java:logGet(43)) - raft.server.log.write.buffer.size = 33554432 (custom)
2019-10-22 00:14:30,930 [pool-59-thread-1] INFO  server.RaftServerConfigKeys (ConfUtils.java:logGet(43)) - raft.server.log.force.sync.num = 128 (default)
2019-10-22 00:14:30,930 [pool-59-thread-1] INFO  server.RaftServerConfigKeys (ConfUtils.java:logGet(43)) - raft.server.log.statemachine.data.sync = true (default)
2019-10-22 00:14:30,930 [pool-59-thread-1] INFO  server.RaftServerConfigKeys (ConfUtils.java:logGet(43)) - raft.server.log.statemachine.data.sync.timeout = 10s (default)
2019-10-22 00:14:30,930 [pool-59-thread-1] INFO  server.RaftServerConfigKeys (ConfUtils.java:logGet(43)) - raft.server.log.statemachine.data.sync.timeout.retry = -1 (default)
2019-10-22 00:14:30,930 [pool-59-thread-1] INFO  server.RaftServerConfigKeys (ConfUtils.java:logGet(43)) - raft.server.log.statemachine.data.caching.enabled = true (custom)
2019-10-22 00:14:30,931 [pool-59-thread-1] INFO  impl.RaftServerImpl (ServerState.java:setRaftConf(356)) - 4ccfaf2e-aae8-4e87-8fab-e6f62fbd25e3@group-3C63F6CA6DCA: set configuration 0: [4ccfaf2e-aae8-4e87-8fab-e6f62fbd25e3:192.168.69.94:36986], old=null at 0
2019-10-22 00:14:30,931 [pool-59-thread-1] INFO  segmented.LogSegment (LogSegment.java:loadSegment(140)) - Successfully read 1 entries from segment file /workdir/hadoop-ozone/integration-test/target/test-dir/MiniOzoneClusterImpl-6087bd68-5746-4eb4-8edb-fa9a87d69ff0/datanode-2/data/ratis/a5b6df62-90c1-40c0-9a43-3c63f6ca6dca/current/log_inprogress_0
2019-10-22 00:14:30,931 [pool-59-thread-1] INFO  segmented.SegmentedRaftLogWorker (SegmentedRaftLogWorker.java:lambda$new$0(128)) - 4ccfaf2e-aae8-4e87-8fab-e6f62fbd25e3@group-3C63F6CA6DCA-SegmentedRaftLogWorker: flushIndex: setUnconditionally 0 -> 0
2019-10-22 00:14:30,954 [pool-59-thread-1] INFO  server.RaftServerConfigKeys (ConfUtils.java:logGet(43)) - raft.server.snapshot.auto.trigger.enabled = true (custom)
2019-10-22 00:14:30,954 [pool-59-thread-1] INFO  server.RaftServerConfigKeys (ConfUtils.java:logGet(43)) - raft.server.snapshot.auto.trigger.threshold = 10000 (custom)
2019-10-22 00:14:30,954 [pool-59-thread-1] INFO  server.RaftServerConfigKeys (ConfUtils.java:logGet(43)) - raft.server.snapshot.retention.file.num = 5 (custom)
2019-10-22 00:14:30,954 [pool-59-thread-1] INFO  server.RaftServerConfigKeys (ConfUtils.java:logGet(43)) - raft.server.retrycache.expirytime = 600000ms (custom)
2019-10-22 00:14:31,002 [BlockDeletingService#2] WARN  background.BlockDeletingService (BlockDeletingService.java:isDeletionAllowed(187)) - Close Container log Index 6 is not replicated across allthe servers in the pipeline 44ab1779-0be6-441a-9037-a9cc7d4c7bb1 as the min replicated index is 4. Deletion is not allowed in this container yet.
2019-10-22 00:14:31,002 [BlockDeletingService#2] WARN  background.BlockDeletingService (BlockDeletingService.java:isDeletionAllowed(187)) - Close Container log Index 6 is not replicated across allthe servers in the pipeline 44ab1779-0be6-441a-9037-a9cc7d4c7bb1 as the min replicated index is 4. Deletion is not allowed in this container yet.
2019-10-22 00:14:31,487 [Command processor thread] INFO  commandhandler.DeleteBlocksCommandHandler (DeleteBlocksCommandHandler.java:handle(106)) - Start to delete container blocks, TXIDs=[1(2)], numOfContainers=1, numOfBlocks=1
2019-10-22 00:14:31,488 [Command processor thread] INFO  commandhandler.DeleteBlocksCommandHandler (DeleteBlocksCommandHandler.java:handle(106)) - Start to delete container blocks, TXIDs=[1(0)], numOfContainers=1, numOfBlocks=1
2019-10-22 00:14:31,578 [pool-7-thread-2] INFO  commands.RetriableDatanodeEventWatcher (RetriableDatanodeEventWatcher.java:onTimeout(47)) - RetriableDatanodeCommand type=deleteBlocksCommand with id=1571703269581 timed out. Retrying.
2019-10-22 00:14:31,578 [pool-7-thread-3] INFO  commands.RetriableDatanodeEventWatcher (RetriableDatanodeEventWatcher.java:onTimeout(47)) - RetriableDatanodeCommand type=deleteBlocksCommand with id=1571703269580 timed out. Retrying.
2019-10-22 00:14:31,578 [pool-7-thread-1] INFO  commands.RetriableDatanodeEventWatcher (RetriableDatanodeEventWatcher.java:onTimeout(47)) - RetriableDatanodeCommand type=deleteBlocksCommand with id=1571703269579 timed out. Retrying.
2019-10-22 00:14:31,578 [SCMBlockDeletingService#0] INFO  block.SCMBlockDeletingService (SCMBlockDeletingService.java:call(184)) - Totally added 2 delete blocks command for 2 datanodes, task elapsed time: 1ms
2019-10-22 00:14:31,579 [pool-7-thread-1] INFO  commands.RetriableDatanodeEventWatcher (RetriableDatanodeEventWatcher.java:onTimeout(47)) - RetriableDatanodeCommand type=deleteBlocksCommand with id=1571703269577 timed out. Retrying.
2019-10-22 00:14:31,579 [pool-7-thread-3] INFO  commands.RetriableDatanodeEventWatcher (RetriableDatanodeEventWatcher.java:onTimeout(47)) - RetriableDatanodeCommand type=deleteBlocksCommand with id=1571703269578 timed out. Retrying.
2019-10-22 00:14:31,589 [EventQueue-DeleteBlockStatusForEventWatcher$$Lambda$29/1632413663] WARN  events.EventWatcher (EventWatcher.java:lambda$start$0(110)) - Completion event without active lease. Id=1571703269576
2019-10-22 00:14:31,695 [Command processor thread] INFO  commandhandler.DeleteBlocksCommandHandler (DeleteBlocksCommandHandler.java:handle(106)) - Start to delete container blocks, TXIDs=[1(2)], numOfContainers=1, numOfBlocks=1
2019-10-22 00:14:31,695 [Command processor thread] INFO  commandhandler.DeleteBlocksCommandHandler (DeleteBlocksCommandHandler.java:handle(106)) - Start to delete container blocks, TXIDs=[1(0)], numOfContainers=1, numOfBlocks=1
2019-10-22 00:14:31,695 [Command processor thread] INFO  commandhandler.DeleteBlocksCommandHandler (DeleteBlocksCommandHandler.java:handle(106)) - Start to delete container blocks, TXIDs=[1(2)], numOfContainers=1, numOfBlocks=1
2019-10-22 00:14:31,695 [Command processor thread] INFO  commandhandler.DeleteBlocksCommandHandler (DeleteBlocksCommandHandler.java:handle(106)) - Start to delete container blocks, TXIDs=[1(6)], numOfContainers=1, numOfBlocks=1
2019-10-22 00:14:31,696 [Command processor thread] INFO  commandhandler.DeleteBlocksCommandHandler (DeleteBlocksCommandHandler.java:handle(106)) - Start to delete container blocks, TXIDs=[1(0)], numOfContainers=1, numOfBlocks=1
2019-10-22 00:14:32,003 [BlockDeletingService#2] WARN  background.BlockDeletingService (BlockDeletingService.java:isDeletionAllowed(187)) - Close Container log Index 6 is not replicated across allthe servers in the pipeline 44ab1779-0be6-441a-9037-a9cc7d4c7bb1 as the min replicated index is 4. Deletion is not allowed in this container yet.
2019-10-22 00:14:32,003 [BlockDeletingService#2] WARN  background.BlockDeletingService (BlockDeletingService.java:isDeletionAllowed(187)) - Close Container log Index 6 is not replicated across allthe servers in the pipeline 44ab1779-0be6-441a-9037-a9cc7d4c7bb1 as the min replicated index is 4. Deletion is not allowed in this container yet.
2019-10-22 00:14:32,489 [Command processor thread] INFO  commandhandler.DeleteBlocksCommandHandler (DeleteBlocksCommandHandler.java:handle(106)) - Start to delete container blocks, TXIDs=[1(2)], numOfContainers=1, numOfBlocks=1
2019-10-22 00:14:32,578 [pool-7-thread-3] INFO  commands.RetriableDatanodeEventWatcher (RetriableDatanodeEventWatcher.java:onTimeout(47)) - RetriableDatanodeCommand type=deleteBlocksCommand with id=1571703269581 timed out. Retrying.
2019-10-22 00:14:32,579 [pool-7-thread-3] INFO  commands.RetriableDatanodeEventWatcher (RetriableDatanodeEventWatcher.java:onTimeout(47)) - RetriableDatanodeCommand type=deleteBlocksCommand with id=1571703269583 timed out. Retrying.
2019-10-22 00:14:32,579 [pool-7-thread-3] INFO  commands.RetriableDatanodeEventWatcher (RetriableDatanodeEventWatcher.java:onTimeout(47)) - RetriableDatanodeCommand type=deleteBlocksCommand with id=1571703269578 timed out. Retrying.
2019-10-22 00:14:32,580 [SCMBlockDeletingService#0] INFO  block.SCMBlockDeletingService (SCMBlockDeletingService.java:call(184)) - Totally added 1 delete blocks command for 1 datanodes, task elapsed time: 1ms
2019-10-22 00:14:32,591 [EventQueue-DeleteBlockStatusForEventWatcher$$Lambda$29/1632413663] WARN  events.EventWatcher (EventWatcher.java:lambda$start$0(110)) - Completion event without active lease. Id=1571703269579
2019-10-22 00:14:32,649 [java.util.concurrent.ThreadPoolExecutor$Worker@206774a5[State = -1, empty queue]] WARN  server.GrpcLogAppender (GrpcLogAppender.java:timeoutAppendRequest(209)) - 5e7fe0a0-681e-48dc-b88f-f2277eb9af04@group-A9CC7D4C7BB1->4ccfaf2e-aae8-4e87-8fab-e6f62fbd25e3-GrpcLogAppender: appendEntries Timeout, request=5e7fe0a0-681e-48dc-b88f-f2277eb9af04->4ccfaf2e-aae8-4e87-8fab-e6f62fbd25e3#51-t1, previous=(t:1, i:10), leaderCommit=10, initializing? false, entries: <empty>
2019-10-22 00:14:32,919 [Datanode State Machine Thread - 0] INFO  ozoneimpl.OzoneContainer (OzoneContainer.java:start(213)) - Attempting to start container services.
2019-10-22 00:14:32,921 [Datanode State Machine Thread - 0] INFO  ozoneimpl.OzoneContainer (OzoneContainer.java:startContainerScrub(177)) - Background container scanner has been disabled.
2019-10-22 00:14:32,921 [Datanode State Machine Thread - 0] INFO  ratis.XceiverServerRatis (XceiverServerRatis.java:start(418)) - Starting XceiverServerRatis 4ccfaf2e-aae8-4e87-8fab-e6f62fbd25e3 at port 36986
2019-10-22 00:14:32,935 [ForkJoinPool.commonPool-worker-1] INFO  impl.RaftServerImpl (RaftServerImpl.java:start(184)) - 4ccfaf2e-aae8-4e87-8fab-e6f62fbd25e3@group-3C63F6CA6DCA: start as a follower, conf=0: [4ccfaf2e-aae8-4e87-8fab-e6f62fbd25e3:192.168.69.94:36986], old=null
2019-10-22 00:14:32,935 [Datanode State Machine Thread - 0] INFO  impl.RaftServerImpl (RaftServerImpl.java:start(184)) - 4ccfaf2e-aae8-4e87-8fab-e6f62fbd25e3@group-A9CC7D4C7BB1: start as a follower, conf=0: [5bee3153-f7ec-473f-a61a-388a1f3ac093:192.168.69.94:39580, 5e7fe0a0-681e-48dc-b88f-f2277eb9af04:192.168.69.94:38061, 4ccfaf2e-aae8-4e87-8fab-e6f62fbd25e3:192.168.69.94:36986], old=null
2019-10-22 00:14:32,936 [ForkJoinPool.commonPool-worker-1] INFO  impl.RaftServerImpl (RaftServerImpl.java:setRole(173)) - 4ccfaf2e-aae8-4e87-8fab-e6f62fbd25e3@group-3C63F6CA6DCA: changes role from      null to FOLLOWER at term 1 for startAsFollower
2019-10-22 00:14:32,936 [Datanode State Machine Thread - 0] INFO  impl.RaftServerImpl (RaftServerImpl.java:setRole(173)) - 4ccfaf2e-aae8-4e87-8fab-e6f62fbd25e3@group-A9CC7D4C7BB1: changes role from      null to FOLLOWER at term 1 for startAsFollower
2019-10-22 00:14:32,936 [ForkJoinPool.commonPool-worker-1] INFO  impl.RoleInfo (RoleInfo.java:updateAndGet(143)) - 4ccfaf2e-aae8-4e87-8fab-e6f62fbd25e3: start FollowerState
2019-10-22 00:14:32,936 [Datanode State Machine Thread - 0] INFO  impl.RoleInfo (RoleInfo.java:updateAndGet(143)) - 4ccfaf2e-aae8-4e87-8fab-e6f62fbd25e3: start FollowerState
2019-10-22 00:14:32,937 [Datanode State Machine Thread - 0] INFO  util.JmxRegister (JmxRegister.java:tryRegister(44)) - Successfully registered JMX Bean with object name Ratis:service=RaftServer,group=group-A9CC7D4C7BB1,id=4ccfaf2e-aae8-4e87-8fab-e6f62fbd25e3
2019-10-22 00:14:32,937 [ForkJoinPool.commonPool-worker-1] INFO  util.JmxRegister (JmxRegister.java:tryRegister(44)) - Successfully registered JMX Bean with object name Ratis:service=RaftServer,group=group-3C63F6CA6DCA,id=4ccfaf2e-aae8-4e87-8fab-e6f62fbd25e3
2019-10-22 00:14:32,938 [Datanode State Machine Thread - 0] INFO  impl.RaftServerProxy (RaftServerProxy.java:lambda$start$3(299)) - 4ccfaf2e-aae8-4e87-8fab-e6f62fbd25e3: start RPC server
2019-10-22 00:14:32,941 [Datanode State Machine Thread - 0] INFO  server.GrpcService (GrpcService.java:startImpl(158)) - 4ccfaf2e-aae8-4e87-8fab-e6f62fbd25e3: GrpcService started, listening on 0.0.0.0/0.0.0.0:36986
2019-10-22 00:14:33,005 [BlockDeletingService#2] WARN  background.BlockDeletingService (BlockDeletingService.java:isDeletionAllowed(187)) - Close Container log Index 6 is not replicated across allthe servers in the pipeline 44ab1779-0be6-441a-9037-a9cc7d4c7bb1 as the min replicated index is 4. Deletion is not allowed in this container yet.
2019-10-22 00:14:33,005 [BlockDeletingService#2] WARN  background.BlockDeletingService (BlockDeletingService.java:isDeletionAllowed(187)) - Close Container log Index 6 is not replicated across allthe servers in the pipeline 44ab1779-0be6-441a-9037-a9cc7d4c7bb1 as the min replicated index is 4. Deletion is not allowed in this container yet.
2019-10-22 00:14:33,579 [pool-7-thread-3] INFO  commands.RetriableDatanodeEventWatcher (RetriableDatanodeEventWatcher.java:onTimeout(47)) - RetriableDatanodeCommand type=deleteBlocksCommand with id=1571703269581 timed out. Retrying.
2019-10-22 00:14:33,579 [pool-7-thread-1] INFO  commands.RetriableDatanodeEventWatcher (RetriableDatanodeEventWatcher.java:onTimeout(47)) - RetriableDatanodeCommand type=deleteBlocksCommand with id=1571703269583 timed out. Retrying.
2019-10-22 00:14:33,580 [pool-7-thread-1] INFO  commands.RetriableDatanodeEventWatcher (RetriableDatanodeEventWatcher.java:onTimeout(47)) - RetriableDatanodeCommand type=deleteBlocksCommand with id=1571703269578 timed out. Retrying.
2019-10-22 00:14:33,580 [pool-7-thread-3] INFO  commands.RetriableDatanodeEventWatcher (RetriableDatanodeEventWatcher.java:onTimeout(47)) - RetriableDatanodeCommand type=deleteBlocksCommand with id=1571703269584 timed out. Retrying.
2019-10-22 00:14:33,581 [SCMBlockDeletingService#0] INFO  block.SCMBlockDeletingService (SCMBlockDeletingService.java:call(184)) - Totally added 1 delete blocks command for 1 datanodes, task elapsed time: 1ms
2019-10-22 00:14:34,006 [BlockDeletingService#2] WARN  background.BlockDeletingService (BlockDeletingService.java:isDeletionAllowed(187)) - Close Container log Index 6 is not replicated across allthe servers in the pipeline 44ab1779-0be6-441a-9037-a9cc7d4c7bb1 as the min replicated index is 4. Deletion is not allowed in this container yet.
2019-10-22 00:14:34,006 [BlockDeletingService#2] WARN  background.BlockDeletingService (BlockDeletingService.java:isDeletionAllowed(187)) - Close Container log Index 6 is not replicated across allthe servers in the pipeline 44ab1779-0be6-441a-9037-a9cc7d4c7bb1 as the min replicated index is 4. Deletion is not allowed in this container yet.
2019-10-22 00:14:34,580 [pool-7-thread-3] INFO  commands.RetriableDatanodeEventWatcher (RetriableDatanodeEventWatcher.java:onTimeout(47)) - RetriableDatanodeCommand type=deleteBlocksCommand with id=1571703269581 timed out. Retrying.
2019-10-22 00:14:34,580 [pool-7-thread-2] INFO  commands.RetriableDatanodeEventWatcher (RetriableDatanodeEventWatcher.java:onTimeout(47)) - RetriableDatanodeCommand type=deleteBlocksCommand with id=1571703269578 timed out. Retrying.
2019-10-22 00:14:34,581 [pool-7-thread-1] INFO  commands.RetriableDatanodeEventWatcher (RetriableDatanodeEventWatcher.java:onTimeout(47)) - RetriableDatanodeCommand type=deleteBlocksCommand with id=1571703269583 timed out. Retrying.
2019-10-22 00:14:34,581 [pool-7-thread-5] INFO  commands.RetriableDatanodeEventWatcher (RetriableDatanodeEventWatcher.java:onTimeout(47)) - RetriableDatanodeCommand type=deleteBlocksCommand with id=1571703269584 timed out. Retrying.
2019-10-22 00:14:34,581 [pool-7-thread-4] INFO  commands.RetriableDatanodeEventWatcher (RetriableDatanodeEventWatcher.java:onTimeout(47)) - RetriableDatanodeCommand type=deleteBlocksCommand with id=1571703269585 timed out. Retrying.
2019-10-22 00:14:34,582 [SCMBlockDeletingService#0] INFO  block.SCMBlockDeletingService (SCMBlockDeletingService.java:call(184)) - Totally added 1 delete blocks command for 1 datanodes, task elapsed time: 1ms
2019-10-22 00:14:34,917 [EventQueue-PendingDeleteStatusForPendingDeleteHandler] INFO  block.SCMBlockDeletingService (SCMBlockDeletingService.java:handlePendingDeletes(115)) - Block deletion txnID mismatch in datanode 4ccfaf2e-aae8-4e87-8fab-e6f62fbd25e3 for containerID 1. Datanode delete txnID: 0, SCM txnID: 1
2019-10-22 00:14:35,008 [BlockDeletingService#2] WARN  background.BlockDeletingService (BlockDeletingService.java:isDeletionAllowed(187)) - Close Container log Index 6 is not replicated across allthe servers in the pipeline 44ab1779-0be6-441a-9037-a9cc7d4c7bb1 as the min replicated index is 4. Deletion is not allowed in this container yet.
2019-10-22 00:14:35,008 [BlockDeletingService#2] WARN  background.BlockDeletingService (BlockDeletingService.java:isDeletionAllowed(187)) - Close Container log Index 6 is not replicated across allthe servers in the pipeline 44ab1779-0be6-441a-9037-a9cc7d4c7bb1 as the min replicated index is 4. Deletion is not allowed in this container yet.
2019-10-22 00:14:35,149 [java.util.concurrent.ThreadPoolExecutor$Worker@206774a5[State = -1, empty queue]] WARN  server.GrpcLogAppender (GrpcLogAppender.java:timeoutAppendRequest(209)) - 5e7fe0a0-681e-48dc-b88f-f2277eb9af04@group-A9CC7D4C7BB1->4ccfaf2e-aae8-4e87-8fab-e6f62fbd25e3-GrpcLogAppender: appendEntries Timeout, request=5e7fe0a0-681e-48dc-b88f-f2277eb9af04->4ccfaf2e-aae8-4e87-8fab-e6f62fbd25e3#52-t1, previous=(t:1, i:10), leaderCommit=10, initializing? false, entries: <empty>
2019-10-22 00:14:35,581 [pool-7-thread-5] INFO  commands.RetriableDatanodeEventWatcher (RetriableDatanodeEventWatcher.java:onTimeout(47)) - RetriableDatanodeCommand type=deleteBlocksCommand with id=1571703269583 timed out. Retrying.
2019-10-22 00:14:35,581 [pool-7-thread-1] INFO  commands.RetriableDatanodeEventWatcher (RetriableDatanodeEventWatcher.java:onTimeout(47)) - RetriableDatanodeCommand type=deleteBlocksCommand with id=1571703269578 timed out. Retrying.
2019-10-22 00:14:35,582 [pool-7-thread-3] INFO  commands.RetriableDatanodeEventWatcher (RetriableDatanodeEventWatcher.java:onTimeout(47)) - RetriableDatanodeCommand type=deleteBlocksCommand with id=1571703269584 timed out. Retrying.
2019-10-22 00:14:35,582 [pool-7-thread-4] INFO  commands.RetriableDatanodeEventWatcher (RetriableDatanodeEventWatcher.java:onTimeout(47)) - RetriableDatanodeCommand type=deleteBlocksCommand with id=1571703269581 timed out. Retrying.
2019-10-22 00:14:35,582 [pool-7-thread-2] INFO  commands.RetriableDatanodeEventWatcher (RetriableDatanodeEventWatcher.java:onTimeout(47)) - RetriableDatanodeCommand type=deleteBlocksCommand with id=1571703269585 timed out. Retrying.
2019-10-22 00:14:35,582 [pool-7-thread-6] INFO  commands.RetriableDatanodeEventWatcher (RetriableDatanodeEventWatcher.java:onTimeout(47)) - RetriableDatanodeCommand type=deleteBlocksCommand with id=1571703269586 timed out. Retrying.
2019-10-22 00:14:35,583 [SCMBlockDeletingService#0] INFO  block.SCMBlockDeletingService (SCMBlockDeletingService.java:call(184)) - Totally added 1 delete blocks command for 1 datanodes, task elapsed time: 1ms
2019-10-22 00:14:36,009 [BlockDeletingService#2] WARN  background.BlockDeletingService (BlockDeletingService.java:isDeletionAllowed(187)) - Close Container log Index 6 is not replicated across allthe servers in the pipeline 44ab1779-0be6-441a-9037-a9cc7d4c7bb1 as the min replicated index is 4. Deletion is not allowed in this container yet.
2019-10-22 00:14:36,009 [BlockDeletingService#2] WARN  background.BlockDeletingService (BlockDeletingService.java:isDeletionAllowed(187)) - Close Container log Index 6 is not replicated across allthe servers in the pipeline 44ab1779-0be6-441a-9037-a9cc7d4c7bb1 as the min replicated index is 4. Deletion is not allowed in this container yet.
2019-10-22 00:14:36,583 [pool-7-thread-6] INFO  commands.RetriableDatanodeEventWatcher (RetriableDatanodeEventWatcher.java:onTimeout(47)) - RetriableDatanodeCommand type=deleteBlocksCommand with id=1571703269581 timed out. Retrying.
2019-10-22 00:14:36,583 [pool-7-thread-7] INFO  commands.RetriableDatanodeEventWatcher (RetriableDatanodeEventWatcher.java:onTimeout(47)) - RetriableDatanodeCommand type=deleteBlocksCommand with id=1571703269586 timed out. Retrying.
2019-10-22 00:14:36,584 [pool-7-thread-3] INFO  commands.RetriableDatanodeEventWatcher (RetriableDatanodeEventWatcher.java:onTimeout(47)) - RetriableDatanodeCommand type=deleteBlocksCommand with id=1571703269585 timed out. Retrying.
2019-10-22 00:14:36,584 [pool-7-thread-1] INFO  commands.RetriableDatanodeEventWatcher (RetriableDatanodeEventWatcher.java:onTimeout(47)) - RetriableDatanodeCommand type=deleteBlocksCommand with id=1571703269584 timed out. Retrying.
2019-10-22 00:14:36,584 [pool-7-thread-5] INFO  commands.RetriableDatanodeEventWatcher (RetriableDatanodeEventWatcher.java:onTimeout(47)) - RetriableDatanodeCommand type=deleteBlocksCommand with id=1571703269587 timed out. Retrying.
2019-10-22 00:14:36,584 [pool-7-thread-4] INFO  commands.RetriableDatanodeEventWatcher (RetriableDatanodeEventWatcher.java:onTimeout(47)) - RetriableDatanodeCommand type=deleteBlocksCommand with id=1571703269578 timed out. Retrying.
2019-10-22 00:14:36,584 [SCMBlockDeletingService#1] INFO  block.SCMBlockDeletingService (SCMBlockDeletingService.java:call(184)) - Totally added 1 delete blocks command for 1 datanodes, task elapsed time: 1ms
2019-10-22 00:14:36,584 [pool-7-thread-2] INFO  commands.RetriableDatanodeEventWatcher (RetriableDatanodeEventWatcher.java:onTimeout(47)) - RetriableDatanodeCommand type=deleteBlocksCommand with id=1571703269583 timed out. Retrying.
2019-10-22 00:14:36,916 [EventQueue-PendingDeleteStatusForPendingDeleteHandler] INFO  block.SCMBlockDeletingService (SCMBlockDeletingService.java:handlePendingDeletes(115)) - Block deletion txnID mismatch in datanode 4ccfaf2e-aae8-4e87-8fab-e6f62fbd25e3 for containerID 1. Datanode delete txnID: 0, SCM txnID: 1
2019-10-22 00:14:37,010 [BlockDeletingService#2] WARN  background.BlockDeletingService (BlockDeletingService.java:isDeletionAllowed(187)) - Close Container log Index 6 is not replicated across allthe servers in the pipeline 44ab1779-0be6-441a-9037-a9cc7d4c7bb1 as the min replicated index is 4. Deletion is not allowed in this container yet.
2019-10-22 00:14:37,010 [BlockDeletingService#2] WARN  background.BlockDeletingService (BlockDeletingService.java:isDeletionAllowed(187)) - Close Container log Index 6 is not replicated across allthe servers in the pipeline 44ab1779-0be6-441a-9037-a9cc7d4c7bb1 as the min replicated index is 4. Deletion is not allowed in this container yet.
2019-10-22 00:14:37,014 [grpc-default-executor-3] INFO  impl.RaftServerProxy (RaftServerProxy.java:addNew(89)) - 4ccfaf2e-aae8-4e87-8fab-e6f62fbd25e3: addNew group-A1DCEFA6617C:[4ccfaf2e-aae8-4e87-8fab-e6f62fbd25e3:192.168.69.94:36986] returns group-A1DCEFA6617C:java.util.concurrent.CompletableFuture@468884b3[Not completed]
2019-10-22 00:14:37,016 [pool-59-thread-1] INFO  impl.RaftServerImpl (RaftServerImpl.java:<init>(98)) - 4ccfaf2e-aae8-4e87-8fab-e6f62fbd25e3: new RaftServerImpl for group-A1DCEFA6617C:[4ccfaf2e-aae8-4e87-8fab-e6f62fbd25e3:192.168.69.94:36986] with ContainerStateMachine:uninitialized
2019-10-22 00:14:37,016 [pool-59-thread-1] INFO  server.RaftServerConfigKeys (ConfUtils.java:logGet(43)) - raft.server.rpc.timeout.min = 5s (custom)
2019-10-22 00:14:37,016 [pool-59-thread-1] INFO  server.RaftServerConfigKeys (ConfUtils.java:logGet(43)) - raft.server.rpc.timeout.max = 5200ms (custom)
2019-10-22 00:14:37,016 [pool-59-thread-1] INFO  server.RaftServerConfigKeys (ConfUtils.java:logGet(43)) - raft.server.rpcslowness.timeout = 1000s (custom)
2019-10-22 00:14:37,016 [pool-59-thread-1] INFO  server.RaftServerConfigKeys (ConfUtils.java:logGet(43)) - raft.server.sleep.deviation.threshold = 300 (default)
2019-10-22 00:14:37,016 [pool-59-thread-1] INFO  server.RaftServerConfigKeys (ConfUtils.java:logGet(43)) - raft.server.log.appender.install.snapshot.enabled = false (custom)
2019-10-22 00:14:37,016 [pool-59-thread-1] INFO  impl.RaftServerImpl (ServerState.java:<init>(103)) - 4ccfaf2e-aae8-4e87-8fab-e6f62fbd25e3@group-A1DCEFA6617C: ConfigurationManager, init=-1: [4ccfaf2e-aae8-4e87-8fab-e6f62fbd25e3:192.168.69.94:36986], old=null, confs=<EMPTY_MAP>
2019-10-22 00:14:37,017 [pool-59-thread-1] INFO  server.RaftServerConfigKeys (ConfUtils.java:logGet(43)) - raft.server.storage.dir = [/workdir/hadoop-ozone/integration-test/target/test-dir/MiniOzoneClusterImpl-6087bd68-5746-4eb4-8edb-fa9a87d69ff0/datanode-2/data/ratis] (custom)
2019-10-22 00:14:37,017 [pool-59-thread-1] INFO  server.RaftServerConfigKeys (ConfUtils.java:logGet(43)) - raft.server.log.corruption.policy = EXCEPTION (default)
2019-10-22 00:14:37,017 [pool-59-thread-1] INFO  storage.RaftStorageDirectory (RaftStorageDirectory.java:analyzeStorage(246)) - The storage directory /workdir/hadoop-ozone/integration-test/target/test-dir/MiniOzoneClusterImpl-6087bd68-5746-4eb4-8edb-fa9a87d69ff0/datanode-2/data/ratis/ef347fdc-4e48-4dc5-b1e1-a1dcefa6617c does not exist. Creating ...
2019-10-22 00:14:37,031 [pool-59-thread-1] INFO  storage.RaftStorageDirectory (RaftStorageDirectory.java:tryLock(328)) - Lock on /workdir/hadoop-ozone/integration-test/target/test-dir/MiniOzoneClusterImpl-6087bd68-5746-4eb4-8edb-fa9a87d69ff0/datanode-2/data/ratis/ef347fdc-4e48-4dc5-b1e1-a1dcefa6617c/in_use.lock acquired by nodename 8911@pr-hdds-2278-n56mq-2983766359
2019-10-22 00:14:37,052 [pool-59-thread-1] INFO  storage.RaftStorage (RaftStorage.java:format(84)) - Storage directory /workdir/hadoop-ozone/integration-test/target/test-dir/MiniOzoneClusterImpl-6087bd68-5746-4eb4-8edb-fa9a87d69ff0/datanode-2/data/ratis/ef347fdc-4e48-4dc5-b1e1-a1dcefa6617c has been successfully formatted.
2019-10-22 00:14:37,052 [pool-59-thread-1] INFO  ratis.ContainerStateMachine (ContainerStateMachine.java:loadSnapshot(231)) - group-A1DCEFA6617C: The snapshot info is null. Setting the last applied indexto:(t:0, i:~)
2019-10-22 00:14:37,052 [pool-59-thread-1] INFO  server.RaftServerConfigKeys (ConfUtils.java:logGet(43)) - raft.server.notification.no-leader.timeout = 1000s (custom)
2019-10-22 00:14:37,052 [pool-59-thread-1] INFO  server.RaftServerConfigKeys (ConfUtils.java:logGet(43)) - raft.server.log.use.memory = false (default)
2019-10-22 00:14:37,052 [pool-59-thread-1] INFO  server.RaftServerConfigKeys (ConfUtils.java:logGet(43)) - raft.server.log.purge.gap = 1000000 (custom)
2019-10-22 00:14:37,052 [pool-59-thread-1] INFO  server.RaftServerConfigKeys (ConfUtils.java:logGet(43)) - raft.server.log.appender.buffer.byte-limit = 33554432 (custom)
2019-10-22 00:14:37,053 [pool-59-thread-1] INFO  server.RaftServerConfigKeys (ConfUtils.java:logGet(43)) - raft.server.log.segment.size.max = 1048576 (custom)
2019-10-22 00:14:37,053 [pool-59-thread-1] INFO  server.RaftServerConfigKeys (ConfUtils.java:logGet(43)) - raft.server.log.segment.cache.num.max = 2 (custom)
2019-10-22 00:14:37,053 [pool-59-thread-1] INFO  segmented.SegmentedRaftLogWorker (SegmentedRaftLogWorker.java:<init>(173)) - new 4ccfaf2e-aae8-4e87-8fab-e6f62fbd25e3@group-A1DCEFA6617C-SegmentedRaftLogWorker for RaftStorage:Storage Directory /workdir/hadoop-ozone/integration-test/target/test-dir/MiniOzoneClusterImpl-6087bd68-5746-4eb4-8edb-fa9a87d69ff0/datanode-2/data/ratis/ef347fdc-4e48-4dc5-b1e1-a1dcefa6617c
2019-10-22 00:14:37,053 [pool-59-thread-1] INFO  server.RaftServerConfigKeys (ConfUtils.java:logGet(43)) - raft.server.log.queue.byte-limit = 2147483647 (custom)
2019-10-22 00:14:37,053 [pool-59-thread-1] INFO  server.RaftServerConfigKeys (ConfUtils.java:logGet(43)) - raft.server.log.queue.element-limit = 1024 (custom)
2019-10-22 00:14:37,053 [pool-59-thread-1] INFO  server.RaftServerConfigKeys (ConfUtils.java:logGet(43)) - raft.server.log.segment.size.max = 1048576 (custom)
2019-10-22 00:14:37,053 [pool-59-thread-1] INFO  server.RaftServerConfigKeys (ConfUtils.java:logGet(43)) - raft.server.log.preallocated.size = 16384 (custom)
2019-10-22 00:14:37,053 [pool-59-thread-1] INFO  server.RaftServerConfigKeys (ConfUtils.java:logGet(43)) - raft.server.log.write.buffer.size = 33554432 (custom)
2019-10-22 00:14:37,054 [pool-59-thread-1] INFO  server.RaftServerConfigKeys (ConfUtils.java:logGet(43)) - raft.server.log.force.sync.num = 128 (default)
2019-10-22 00:14:37,054 [pool-59-thread-1] INFO  server.RaftServerConfigKeys (ConfUtils.java:logGet(43)) - raft.server.log.statemachine.data.sync = true (default)
2019-10-22 00:14:37,054 [pool-59-thread-1] INFO  server.RaftServerConfigKeys (ConfUtils.java:logGet(43)) - raft.server.log.statemachine.data.sync.timeout = 10s (default)
2019-10-22 00:14:37,054 [pool-59-thread-1] INFO  server.RaftServerConfigKeys (ConfUtils.java:logGet(43)) - raft.server.log.statemachine.data.sync.timeout.retry = -1 (default)
2019-10-22 00:14:37,054 [pool-59-thread-1] INFO  server.RaftServerConfigKeys (ConfUtils.java:logGet(43)) - raft.server.log.statemachine.data.caching.enabled = true (custom)
2019-10-22 00:14:37,054 [pool-59-thread-1] INFO  segmented.SegmentedRaftLogWorker (SegmentedRaftLogWorker.java:lambda$new$0(128)) - 4ccfaf2e-aae8-4e87-8fab-e6f62fbd25e3@group-A1DCEFA6617C-SegmentedRaftLogWorker: flushIndex: setUnconditionally 0 -> -1
2019-10-22 00:14:37,055 [pool-59-thread-1] INFO  server.RaftServerConfigKeys (ConfUtils.java:logGet(43)) - raft.server.snapshot.auto.trigger.enabled = true (custom)
2019-10-22 00:14:37,055 [pool-59-thread-1] INFO  server.RaftServerConfigKeys (ConfUtils.java:logGet(43)) - raft.server.snapshot.auto.trigger.threshold = 10000 (custom)
2019-10-22 00:14:37,055 [pool-59-thread-1] INFO  server.RaftServerConfigKeys (ConfUtils.java:logGet(43)) - raft.server.snapshot.retention.file.num = 5 (custom)
2019-10-22 00:14:37,055 [pool-59-thread-1] INFO  server.RaftServerConfigKeys (ConfUtils.java:logGet(43)) - raft.server.retrycache.expirytime = 600000ms (custom)
2019-10-22 00:14:37,055 [pool-59-thread-1] WARN  impl.MetricRegistriesImpl (MetricRegistriesImpl.java:lambda$create$1(61)) - First MetricRegistry has been created without registering reporters. You may need to call MetricRegistries.global().addReportRegistration(...) before.
2019-10-22 00:14:37,055 [pool-59-thread-1] WARN  impl.MetricRegistriesImpl (MetricRegistriesImpl.java:lambda$create$1(61)) - First MetricRegistry has been created without registering reporters. You may need to call MetricRegistries.global().addReportRegistration(...) before.
2019-10-22 00:14:37,055 [pool-59-thread-1] INFO  impl.RaftServerImpl (RaftServerImpl.java:start(184)) - 4ccfaf2e-aae8-4e87-8fab-e6f62fbd25e3@group-A1DCEFA6617C: start as a follower, conf=-1: [4ccfaf2e-aae8-4e87-8fab-e6f62fbd25e3:192.168.69.94:36986], old=null
2019-10-22 00:14:37,056 [pool-59-thread-1] INFO  impl.RaftServerImpl (RaftServerImpl.java:setRole(173)) - 4ccfaf2e-aae8-4e87-8fab-e6f62fbd25e3@group-A1DCEFA6617C: changes role from      null to FOLLOWER at term 0 for startAsFollower
2019-10-22 00:14:37,056 [pool-59-thread-1] INFO  impl.RoleInfo (RoleInfo.java:updateAndGet(143)) - 4ccfaf2e-aae8-4e87-8fab-e6f62fbd25e3: start FollowerState
2019-10-22 00:14:37,056 [pool-59-thread-1] INFO  util.JmxRegister (JmxRegister.java:tryRegister(44)) - Successfully registered JMX Bean with object name Ratis:service=RaftServer,group=group-A1DCEFA6617C,id=4ccfaf2e-aae8-4e87-8fab-e6f62fbd25e3
2019-10-22 00:14:37,056 [pool-59-thread-1] WARN  impl.MetricRegistriesImpl (MetricRegistriesImpl.java:lambda$create$1(61)) - First MetricRegistry has been created without registering reporters. You may need to call MetricRegistries.global().addReportRegistration(...) before.
2019-10-22 00:14:37,063 [RatisPipelineUtilsThread] INFO  pipeline.PipelineStateManager (PipelineStateManager.java:addPipeline(56)) - Created pipeline Pipeline[ Id: ef347fdc-4e48-4dc5-b1e1-a1dcefa6617c, Nodes: 4ccfaf2e-aae8-4e87-8fab-e6f62fbd25e3{ip: 192.168.69.94, host: pr-hdds-2278-n56mq-2983766359, networkLocation: /default-rack, certSerialId: null}, Type:RATIS, Factor:ONE, State:OPEN]
2019-10-22 00:14:37,083 [grpc-default-executor-0] INFO  impl.RaftServerProxy (RaftServerProxy.java:addNew(89)) - 4ccfaf2e-aae8-4e87-8fab-e6f62fbd25e3: addNew group-53B2A17D44BE:[5bee3153-f7ec-473f-a61a-388a1f3ac093:192.168.69.94:39580, 5e7fe0a0-681e-48dc-b88f-f2277eb9af04:192.168.69.94:38061, 4ccfaf2e-aae8-4e87-8fab-e6f62fbd25e3:192.168.69.94:36986] returns group-53B2A17D44BE:java.util.concurrent.CompletableFuture@f72ae7d[Not completed]
2019-10-22 00:14:37,083 [grpc-default-executor-2] INFO  impl.RaftServerProxy (RaftServerProxy.java:addNew(89)) - 5e7fe0a0-681e-48dc-b88f-f2277eb9af04: addNew group-53B2A17D44BE:[5bee3153-f7ec-473f-a61a-388a1f3ac093:192.168.69.94:39580, 5e7fe0a0-681e-48dc-b88f-f2277eb9af04:192.168.69.94:38061, 4ccfaf2e-aae8-4e87-8fab-e6f62fbd25e3:192.168.69.94:36986] returns group-53B2A17D44BE:java.util.concurrent.CompletableFuture@2f824173[Not completed]
2019-10-22 00:14:37,083 [grpc-default-executor-3] INFO  impl.RaftServerProxy (RaftServerProxy.java:addNew(89)) - 5bee3153-f7ec-473f-a61a-388a1f3ac093: addNew group-53B2A17D44BE:[5bee3153-f7ec-473f-a61a-388a1f3ac093:192.168.69.94:39580, 5e7fe0a0-681e-48dc-b88f-f2277eb9af04:192.168.69.94:38061, 4ccfaf2e-aae8-4e87-8fab-e6f62fbd25e3:192.168.69.94:36986] returns group-53B2A17D44BE:java.util.concurrent.CompletableFuture@778425be[Not completed]
2019-10-22 00:14:37,084 [pool-59-thread-1] INFO  impl.RaftServerImpl (RaftServerImpl.java:<init>(98)) - 4ccfaf2e-aae8-4e87-8fab-e6f62fbd25e3: new RaftServerImpl for group-53B2A17D44BE:[5bee3153-f7ec-473f-a61a-388a1f3ac093:192.168.69.94:39580, 5e7fe0a0-681e-48dc-b88f-f2277eb9af04:192.168.69.94:38061, 4ccfaf2e-aae8-4e87-8fab-e6f62fbd25e3:192.168.69.94:36986] with ContainerStateMachine:uninitialized
2019-10-22 00:14:37,085 [pool-59-thread-1] INFO  server.RaftServerConfigKeys (ConfUtils.java:logGet(43)) - raft.server.rpc.timeout.min = 5s (custom)
2019-10-22 00:14:37,085 [pool-59-thread-1] INFO  server.RaftServerConfigKeys (ConfUtils.java:logGet(43)) - raft.server.rpc.timeout.max = 5200ms (custom)
2019-10-22 00:14:37,085 [pool-59-thread-1] INFO  server.RaftServerConfigKeys (ConfUtils.java:logGet(43)) - raft.server.rpcslowness.timeout = 1000s (custom)
2019-10-22 00:14:37,085 [pool-59-thread-1] INFO  server.RaftServerConfigKeys (ConfUtils.java:logGet(43)) - raft.server.sleep.deviation.threshold = 300 (default)
2019-10-22 00:14:37,085 [pool-59-thread-1] INFO  server.RaftServerConfigKeys (ConfUtils.java:logGet(43)) - raft.server.log.appender.install.snapshot.enabled = false (custom)
2019-10-22 00:14:37,085 [pool-59-thread-1] INFO  impl.RaftServerImpl (ServerState.java:<init>(103)) - 4ccfaf2e-aae8-4e87-8fab-e6f62fbd25e3@group-53B2A17D44BE: ConfigurationManager, init=-1: [5bee3153-f7ec-473f-a61a-388a1f3ac093:192.168.69.94:39580, 5e7fe0a0-681e-48dc-b88f-f2277eb9af04:192.168.69.94:38061, 4ccfaf2e-aae8-4e87-8fab-e6f62fbd25e3:192.168.69.94:36986], old=null, confs=<EMPTY_MAP>
2019-10-22 00:14:37,085 [pool-37-thread-1] INFO  impl.RaftServerImpl (RaftServerImpl.java:<init>(98)) - 5bee3153-f7ec-473f-a61a-388a1f3ac093: new RaftServerImpl for group-53B2A17D44BE:[5bee3153-f7ec-473f-a61a-388a1f3ac093:192.168.69.94:39580, 5e7fe0a0-681e-48dc-b88f-f2277eb9af04:192.168.69.94:38061, 4ccfaf2e-aae8-4e87-8fab-e6f62fbd25e3:192.168.69.94:36986] with ContainerStateMachine:uninitialized
2019-10-22 00:14:37,085 [pool-59-thread-1] INFO  server.RaftServerConfigKeys (ConfUtils.java:logGet(43)) - raft.server.storage.dir = [/workdir/hadoop-ozone/integration-test/target/test-dir/MiniOzoneClusterImpl-6087bd68-5746-4eb4-8edb-fa9a87d69ff0/datanode-2/data/ratis] (custom)
2019-10-22 00:14:37,086 [pool-37-thread-1] INFO  server.RaftServerConfigKeys (ConfUtils.java:logGet(43)) - raft.server.rpc.timeout.min = 5s (custom)
2019-10-22 00:14:37,086 [pool-37-thread-1] INFO  server.RaftServerConfigKeys (ConfUtils.java:logGet(43)) - raft.server.rpc.timeout.max = 5200ms (custom)
2019-10-22 00:14:37,086 [pool-59-thread-1] INFO  server.RaftServerConfigKeys (ConfUtils.java:logGet(43)) - raft.server.log.corruption.policy = EXCEPTION (default)
2019-10-22 00:14:37,086 [pool-37-thread-1] INFO  server.RaftServerConfigKeys (ConfUtils.java:logGet(43)) - raft.server.rpcslowness.timeout = 1000s (custom)
2019-10-22 00:14:37,086 [pool-59-thread-1] INFO  storage.RaftStorageDirectory (RaftStorageDirectory.java:analyzeStorage(246)) - The storage directory /workdir/hadoop-ozone/integration-test/target/test-dir/MiniOzoneClusterImpl-6087bd68-5746-4eb4-8edb-fa9a87d69ff0/datanode-2/data/ratis/5a9d2e86-3f9c-432e-9845-53b2a17d44be does not exist. Creating ...
2019-10-22 00:14:37,086 [pool-37-thread-1] INFO  server.RaftServerConfigKeys (ConfUtils.java:logGet(43)) - raft.server.sleep.deviation.threshold = 300 (default)
2019-10-22 00:14:37,086 [pool-27-thread-1] INFO  impl.RaftServerImpl (RaftServerImpl.java:<init>(98)) - 5e7fe0a0-681e-48dc-b88f-f2277eb9af04: new RaftServerImpl for group-53B2A17D44BE:[5bee3153-f7ec-473f-a61a-388a1f3ac093:192.168.69.94:39580, 5e7fe0a0-681e-48dc-b88f-f2277eb9af04:192.168.69.94:38061, 4ccfaf2e-aae8-4e87-8fab-e6f62fbd25e3:192.168.69.94:36986] with ContainerStateMachine:uninitialized
2019-10-22 00:14:37,086 [pool-37-thread-1] INFO  server.RaftServerConfigKeys (ConfUtils.java:logGet(43)) - raft.server.log.appender.install.snapshot.enabled = false (custom)
2019-10-22 00:14:37,086 [pool-27-thread-1] INFO  server.RaftServerConfigKeys (ConfUtils.java:logGet(43)) - raft.server.rpc.timeout.min = 5s (custom)
2019-10-22 00:14:37,086 [pool-37-thread-1] INFO  impl.RaftServerImpl (ServerState.java:<init>(103)) - 5bee3153-f7ec-473f-a61a-388a1f3ac093@group-53B2A17D44BE: ConfigurationManager, init=-1: [5bee3153-f7ec-473f-a61a-388a1f3ac093:192.168.69.94:39580, 5e7fe0a0-681e-48dc-b88f-f2277eb9af04:192.168.69.94:38061, 4ccfaf2e-aae8-4e87-8fab-e6f62fbd25e3:192.168.69.94:36986], old=null, confs=<EMPTY_MAP>
2019-10-22 00:14:37,087 [pool-27-thread-1] INFO  server.RaftServerConfigKeys (ConfUtils.java:logGet(43)) - raft.server.rpc.timeout.max = 5200ms (custom)
2019-10-22 00:14:37,087 [pool-37-thread-1] INFO  server.RaftServerConfigKeys (ConfUtils.java:logGet(43)) - raft.server.storage.dir = [/workdir/hadoop-ozone/integration-test/target/test-dir/MiniOzoneClusterImpl-6087bd68-5746-4eb4-8edb-fa9a87d69ff0/datanode-1/data/ratis] (custom)
2019-10-22 00:14:37,087 [pool-27-thread-1] INFO  server.RaftServerConfigKeys (ConfUtils.java:logGet(43)) - raft.server.rpcslowness.timeout = 1000s (custom)
2019-10-22 00:14:37,087 [pool-27-thread-1] INFO  server.RaftServerConfigKeys (ConfUtils.java:logGet(43)) - raft.server.sleep.deviation.threshold = 300 (default)
2019-10-22 00:14:37,087 [pool-37-thread-1] INFO  server.RaftServerConfigKeys (ConfUtils.java:logGet(43)) - raft.server.log.corruption.policy = EXCEPTION (default)
2019-10-22 00:14:37,087 [pool-27-thread-1] INFO  server.RaftServerConfigKeys (ConfUtils.java:logGet(43)) - raft.server.log.appender.install.snapshot.enabled = false (custom)
2019-10-22 00:14:37,087 [pool-27-thread-1] INFO  impl.RaftServerImpl (ServerState.java:<init>(103)) - 5e7fe0a0-681e-48dc-b88f-f2277eb9af04@group-53B2A17D44BE: ConfigurationManager, init=-1: [5bee3153-f7ec-473f-a61a-388a1f3ac093:192.168.69.94:39580, 5e7fe0a0-681e-48dc-b88f-f2277eb9af04:192.168.69.94:38061, 4ccfaf2e-aae8-4e87-8fab-e6f62fbd25e3:192.168.69.94:36986], old=null, confs=<EMPTY_MAP>
2019-10-22 00:14:37,087 [pool-37-thread-1] INFO  storage.RaftStorageDirectory (RaftStorageDirectory.java:analyzeStorage(246)) - The storage directory /workdir/hadoop-ozone/integration-test/target/test-dir/MiniOzoneClusterImpl-6087bd68-5746-4eb4-8edb-fa9a87d69ff0/datanode-1/data/ratis/5a9d2e86-3f9c-432e-9845-53b2a17d44be does not exist. Creating ...
2019-10-22 00:14:37,087 [pool-27-thread-1] INFO  server.RaftServerConfigKeys (ConfUtils.java:logGet(43)) - raft.server.storage.dir = [/workdir/hadoop-ozone/integration-test/target/test-dir/MiniOzoneClusterImpl-6087bd68-5746-4eb4-8edb-fa9a87d69ff0/datanode-0/data/ratis] (custom)
2019-10-22 00:14:37,088 [pool-27-thread-1] INFO  server.RaftServerConfigKeys (ConfUtils.java:logGet(43)) - raft.server.log.corruption.policy = EXCEPTION (default)
2019-10-22 00:14:37,088 [pool-27-thread-1] INFO  storage.RaftStorageDirectory (RaftStorageDirectory.java:analyzeStorage(246)) - The storage directory /workdir/hadoop-ozone/integration-test/target/test-dir/MiniOzoneClusterImpl-6087bd68-5746-4eb4-8edb-fa9a87d69ff0/datanode-0/data/ratis/5a9d2e86-3f9c-432e-9845-53b2a17d44be does not exist. Creating ...
2019-10-22 00:14:37,100 [pool-27-thread-1] INFO  storage.RaftStorageDirectory (RaftStorageDirectory.java:tryLock(328)) - Lock on /workdir/hadoop-ozone/integration-test/target/test-dir/MiniOzoneClusterImpl-6087bd68-5746-4eb4-8edb-fa9a87d69ff0/datanode-0/data/ratis/5a9d2e86-3f9c-432e-9845-53b2a17d44be/in_use.lock acquired by nodename 8911@pr-hdds-2278-n56mq-2983766359
2019-10-22 00:14:37,100 [pool-37-thread-1] INFO  storage.RaftStorageDirectory (RaftStorageDirectory.java:tryLock(328)) - Lock on /workdir/hadoop-ozone/integration-test/target/test-dir/MiniOzoneClusterImpl-6087bd68-5746-4eb4-8edb-fa9a87d69ff0/datanode-1/data/ratis/5a9d2e86-3f9c-432e-9845-53b2a17d44be/in_use.lock acquired by nodename 8911@pr-hdds-2278-n56mq-2983766359
2019-10-22 00:14:37,100 [pool-59-thread-1] INFO  storage.RaftStorageDirectory (RaftStorageDirectory.java:tryLock(328)) - Lock on /workdir/hadoop-ozone/integration-test/target/test-dir/MiniOzoneClusterImpl-6087bd68-5746-4eb4-8edb-fa9a87d69ff0/datanode-2/data/ratis/5a9d2e86-3f9c-432e-9845-53b2a17d44be/in_use.lock acquired by nodename 8911@pr-hdds-2278-n56mq-2983766359
2019-10-22 00:14:37,125 [pool-27-thread-1] INFO  storage.RaftStorage (RaftStorage.java:format(84)) - Storage directory /workdir/hadoop-ozone/integration-test/target/test-dir/MiniOzoneClusterImpl-6087bd68-5746-4eb4-8edb-fa9a87d69ff0/datanode-0/data/ratis/5a9d2e86-3f9c-432e-9845-53b2a17d44be has been successfully formatted.
2019-10-22 00:14:37,125 [pool-59-thread-1] INFO  storage.RaftStorage (RaftStorage.java:format(84)) - Storage directory /workdir/hadoop-ozone/integration-test/target/test-dir/MiniOzoneClusterImpl-6087bd68-5746-4eb4-8edb-fa9a87d69ff0/datanode-2/data/ratis/5a9d2e86-3f9c-432e-9845-53b2a17d44be has been successfully formatted.
2019-10-22 00:14:37,125 [pool-37-thread-1] INFO  storage.RaftStorage (RaftStorage.java:format(84)) - Storage directory /workdir/hadoop-ozone/integration-test/target/test-dir/MiniOzoneClusterImpl-6087bd68-5746-4eb4-8edb-fa9a87d69ff0/datanode-1/data/ratis/5a9d2e86-3f9c-432e-9845-53b2a17d44be has been successfully formatted.
2019-10-22 00:14:37,126 [pool-27-thread-1] INFO  ratis.ContainerStateMachine (ContainerStateMachine.java:loadSnapshot(231)) - group-53B2A17D44BE: The snapshot info is null. Setting the last applied indexto:(t:0, i:~)
2019-10-22 00:14:37,126 [pool-37-thread-1] INFO  ratis.ContainerStateMachine (ContainerStateMachine.java:loadSnapshot(231)) - group-53B2A17D44BE: The snapshot info is null. Setting the last applied indexto:(t:0, i:~)
2019-10-22 00:14:37,126 [pool-59-thread-1] INFO  ratis.ContainerStateMachine (ContainerStateMachine.java:loadSnapshot(231)) - group-53B2A17D44BE: The snapshot info is null. Setting the last applied indexto:(t:0, i:~)
2019-10-22 00:14:37,126 [pool-37-thread-1] INFO  server.RaftServerConfigKeys (ConfUtils.java:logGet(43)) - raft.server.notification.no-leader.timeout = 1000s (custom)
2019-10-22 00:14:37,126 [pool-27-thread-1] INFO  server.RaftServerConfigKeys (ConfUtils.java:logGet(43)) - raft.server.notification.no-leader.timeout = 1000s (custom)
2019-10-22 00:14:37,126 [pool-37-thread-1] INFO  server.RaftServerConfigKeys (ConfUtils.java:logGet(43)) - raft.server.log.use.memory = false (default)
2019-10-22 00:14:37,126 [pool-59-thread-1] INFO  server.RaftServerConfigKeys (ConfUtils.java:logGet(43)) - raft.server.notification.no-leader.timeout = 1000s (custom)
2019-10-22 00:14:37,126 [pool-37-thread-1] INFO  server.RaftServerConfigKeys (ConfUtils.java:logGet(43)) - raft.server.log.purge.gap = 1000000 (custom)
2019-10-22 00:14:37,126 [pool-27-thread-1] INFO  server.RaftServerConfigKeys (ConfUtils.java:logGet(43)) - raft.server.log.use.memory = false (default)
2019-10-22 00:14:37,126 [pool-37-thread-1] INFO  server.RaftServerConfigKeys (ConfUtils.java:logGet(43)) - raft.server.log.appender.buffer.byte-limit = 33554432 (custom)
2019-10-22 00:14:37,126 [pool-59-thread-1] INFO  server.RaftServerConfigKeys (ConfUtils.java:logGet(43)) - raft.server.log.use.memory = false (default)
2019-10-22 00:14:37,127 [pool-37-thread-1] INFO  server.RaftServerConfigKeys (ConfUtils.java:logGet(43)) - raft.server.log.segment.size.max = 1048576 (custom)
2019-10-22 00:14:37,126 [pool-27-thread-1] INFO  server.RaftServerConfigKeys (ConfUtils.java:logGet(43)) - raft.server.log.purge.gap = 1000000 (custom)
2019-10-22 00:14:37,127 [pool-37-thread-1] INFO  server.RaftServerConfigKeys (ConfUtils.java:logGet(43)) - raft.server.log.segment.cache.num.max = 2 (custom)
2019-10-22 00:14:37,127 [pool-59-thread-1] INFO  server.RaftServerConfigKeys (ConfUtils.java:logGet(43)) - raft.server.log.purge.gap = 1000000 (custom)
2019-10-22 00:14:37,127 [pool-37-thread-1] INFO  segmented.SegmentedRaftLogWorker (SegmentedRaftLogWorker.java:<init>(173)) - new 5bee3153-f7ec-473f-a61a-388a1f3ac093@group-53B2A17D44BE-SegmentedRaftLogWorker for RaftStorage:Storage Directory /workdir/hadoop-ozone/integration-test/target/test-dir/MiniOzoneClusterImpl-6087bd68-5746-4eb4-8edb-fa9a87d69ff0/datanode-1/data/ratis/5a9d2e86-3f9c-432e-9845-53b2a17d44be
2019-10-22 00:14:37,127 [pool-27-thread-1] INFO  server.RaftServerConfigKeys (ConfUtils.java:logGet(43)) - raft.server.log.appender.buffer.byte-limit = 33554432 (custom)
2019-10-22 00:14:37,127 [pool-37-thread-1] INFO  server.RaftServerConfigKeys (ConfUtils.java:logGet(43)) - raft.server.log.queue.byte-limit = 2147483647 (custom)
2019-10-22 00:14:37,127 [pool-59-thread-1] INFO  server.RaftServerConfigKeys (ConfUtils.java:logGet(43)) - raft.server.log.appender.buffer.byte-limit = 33554432 (custom)
2019-10-22 00:14:37,127 [pool-37-thread-1] INFO  server.RaftServerConfigKeys (ConfUtils.java:logGet(43)) - raft.server.log.queue.element-limit = 1024 (custom)
2019-10-22 00:14:37,127 [pool-27-thread-1] INFO  server.RaftServerConfigKeys (ConfUtils.java:logGet(43)) - raft.server.log.segment.size.max = 1048576 (custom)
2019-10-22 00:14:37,127 [pool-37-thread-1] INFO  server.RaftServerConfigKeys (ConfUtils.java:logGet(43)) - raft.server.log.segment.size.max = 1048576 (custom)
2019-10-22 00:14:37,127 [pool-59-thread-1] INFO  server.RaftServerConfigKeys (ConfUtils.java:logGet(43)) - raft.server.log.segment.size.max = 1048576 (custom)
2019-10-22 00:14:37,127 [pool-37-thread-1] INFO  server.RaftServerConfigKeys (ConfUtils.java:logGet(43)) - raft.server.log.preallocated.size = 16384 (custom)
2019-10-22 00:14:37,127 [pool-27-thread-1] INFO  server.RaftServerConfigKeys (ConfUtils.java:logGet(43)) - raft.server.log.segment.cache.num.max = 2 (custom)
2019-10-22 00:14:37,128 [pool-37-thread-1] INFO  server.RaftServerConfigKeys (ConfUtils.java:logGet(43)) - raft.server.log.write.buffer.size = 33554432 (custom)
2019-10-22 00:14:37,128 [pool-59-thread-1] INFO  server.RaftServerConfigKeys (ConfUtils.java:logGet(43)) - raft.server.log.segment.cache.num.max = 2 (custom)
2019-10-22 00:14:37,128 [pool-37-thread-1] INFO  server.RaftServerConfigKeys (ConfUtils.java:logGet(43)) - raft.server.log.force.sync.num = 128 (default)
2019-10-22 00:14:37,128 [pool-27-thread-1] INFO  segmented.SegmentedRaftLogWorker (SegmentedRaftLogWorker.java:<init>(173)) - new 5e7fe0a0-681e-48dc-b88f-f2277eb9af04@group-53B2A17D44BE-SegmentedRaftLogWorker for RaftStorage:Storage Directory /workdir/hadoop-ozone/integration-test/target/test-dir/MiniOzoneClusterImpl-6087bd68-5746-4eb4-8edb-fa9a87d69ff0/datanode-0/data/ratis/5a9d2e86-3f9c-432e-9845-53b2a17d44be
2019-10-22 00:14:37,128 [pool-37-thread-1] INFO  server.RaftServerConfigKeys (ConfUtils.java:logGet(43)) - raft.server.log.statemachine.data.sync = true (default)
2019-10-22 00:14:37,128 [pool-59-thread-1] INFO  segmented.SegmentedRaftLogWorker (SegmentedRaftLogWorker.java:<init>(173)) - new 4ccfaf2e-aae8-4e87-8fab-e6f62fbd25e3@group-53B2A17D44BE-SegmentedRaftLogWorker for RaftStorage:Storage Directory /workdir/hadoop-ozone/integration-test/target/test-dir/MiniOzoneClusterImpl-6087bd68-5746-4eb4-8edb-fa9a87d69ff0/datanode-2/data/ratis/5a9d2e86-3f9c-432e-9845-53b2a17d44be
2019-10-22 00:14:37,128 [pool-37-thread-1] INFO  server.RaftServerConfigKeys (ConfUtils.java:logGet(43)) - raft.server.log.statemachine.data.sync.timeout = 10s (default)
2019-10-22 00:14:37,128 [pool-27-thread-1] INFO  server.RaftServerConfigKeys (ConfUtils.java:logGet(43)) - raft.server.log.queue.byte-limit = 2147483647 (custom)
2019-10-22 00:14:37,128 [pool-37-thread-1] INFO  server.RaftServerConfigKeys (ConfUtils.java:logGet(43)) - raft.server.log.statemachine.data.sync.timeout.retry = -1 (default)
2019-10-22 00:14:37,128 [pool-59-thread-1] INFO  server.RaftServerConfigKeys (ConfUtils.java:logGet(43)) - raft.server.log.queue.byte-limit = 2147483647 (custom)
2019-10-22 00:14:37,128 [pool-27-thread-1] INFO  server.RaftServerConfigKeys (ConfUtils.java:logGet(43)) - raft.server.log.queue.element-limit = 1024 (custom)
2019-10-22 00:14:37,129 [pool-37-thread-1] INFO  server.RaftServerConfigKeys (ConfUtils.java:logGet(43)) - raft.server.log.statemachine.data.caching.enabled = true (custom)
2019-10-22 00:14:37,128 [pool-59-thread-1] INFO  server.RaftServerConfigKeys (ConfUtils.java:logGet(43)) - raft.server.log.queue.element-limit = 1024 (custom)
2019-10-22 00:14:37,129 [pool-27-thread-1] INFO  server.RaftServerConfigKeys (ConfUtils.java:logGet(43)) - raft.server.log.segment.size.max = 1048576 (custom)
2019-10-22 00:14:37,129 [pool-37-thread-1] INFO  segmented.SegmentedRaftLogWorker (SegmentedRaftLogWorker.java:lambda$new$0(128)) - 5bee3153-f7ec-473f-a61a-388a1f3ac093@group-53B2A17D44BE-SegmentedRaftLogWorker: flushIndex: setUnconditionally 0 -> -1
2019-10-22 00:14:37,129 [pool-59-thread-1] INFO  server.RaftServerConfigKeys (ConfUtils.java:logGet(43)) - raft.server.log.segment.size.max = 1048576 (custom)
2019-10-22 00:14:37,129 [pool-27-thread-1] INFO  server.RaftServerConfigKeys (ConfUtils.java:logGet(43)) - raft.server.log.preallocated.size = 16384 (custom)
2019-10-22 00:14:37,129 [pool-37-thread-1] INFO  server.RaftServerConfigKeys (ConfUtils.java:logGet(43)) - raft.server.snapshot.auto.trigger.enabled = true (custom)
2019-10-22 00:14:37,129 [pool-59-thread-1] INFO  server.RaftServerConfigKeys (ConfUtils.java:logGet(43)) - raft.server.log.preallocated.size = 16384 (custom)
2019-10-22 00:14:37,129 [pool-37-thread-1] INFO  server.RaftServerConfigKeys (ConfUtils.java:logGet(43)) - raft.server.snapshot.auto.trigger.threshold = 10000 (custom)
2019-10-22 00:14:37,129 [pool-27-thread-1] INFO  server.RaftServerConfigKeys (ConfUtils.java:logGet(43)) - raft.server.log.write.buffer.size = 33554432 (custom)
2019-10-22 00:14:37,129 [pool-37-thread-1] INFO  server.RaftServerConfigKeys (ConfUtils.java:logGet(43)) - raft.server.snapshot.retention.file.num = 5 (custom)
2019-10-22 00:14:37,129 [pool-59-thread-1] INFO  server.RaftServerConfigKeys (ConfUtils.java:logGet(43)) - raft.server.log.write.buffer.size = 33554432 (custom)
2019-10-22 00:14:37,130 [pool-37-thread-1] INFO  server.RaftServerConfigKeys (ConfUtils.java:logGet(43)) - raft.server.retrycache.expirytime = 600000ms (custom)
2019-10-22 00:14:37,129 [pool-27-thread-1] INFO  server.RaftServerConfigKeys (ConfUtils.java:logGet(43)) - raft.server.log.force.sync.num = 128 (default)
2019-10-22 00:14:37,130 [pool-37-thread-1] WARN  impl.MetricRegistriesImpl (MetricRegistriesImpl.java:lambda$create$1(61)) - First MetricRegistry has been created without registering reporters. You may need to call MetricRegistries.global().addReportRegistration(...) before.
2019-10-22 00:14:37,130 [pool-59-thread-1] INFO  server.RaftServerConfigKeys (ConfUtils.java:logGet(43)) - raft.server.log.force.sync.num = 128 (default)
2019-10-22 00:14:37,130 [pool-37-thread-1] WARN  impl.MetricRegistriesImpl (MetricRegistriesImpl.java:lambda$create$1(61)) - First MetricRegistry has been created without registering reporters. You may need to call MetricRegistries.global().addReportRegistration(...) before.
2019-10-22 00:14:37,130 [pool-27-thread-1] INFO  server.RaftServerConfigKeys (ConfUtils.java:logGet(43)) - raft.server.log.statemachine.data.sync = true (default)
2019-10-22 00:14:37,130 [pool-37-thread-1] INFO  impl.RaftServerImpl (RaftServerImpl.java:start(184)) - 5bee3153-f7ec-473f-a61a-388a1f3ac093@group-53B2A17D44BE: start as a follower, conf=-1: [5bee3153-f7ec-473f-a61a-388a1f3ac093:192.168.69.94:39580, 5e7fe0a0-681e-48dc-b88f-f2277eb9af04:192.168.69.94:38061, 4ccfaf2e-aae8-4e87-8fab-e6f62fbd25e3:192.168.69.94:36986], old=null
2019-10-22 00:14:37,130 [pool-59-thread-1] INFO  server.RaftServerConfigKeys (ConfUtils.java:logGet(43)) - raft.server.log.statemachine.data.sync = true (default)
2019-10-22 00:14:37,130 [pool-37-thread-1] INFO  impl.RaftServerImpl (RaftServerImpl.java:setRole(173)) - 5bee3153-f7ec-473f-a61a-388a1f3ac093@group-53B2A17D44BE: changes role from      null to FOLLOWER at term 0 for startAsFollower
2019-10-22 00:14:37,130 [pool-27-thread-1] INFO  server.RaftServerConfigKeys (ConfUtils.java:logGet(43)) - raft.server.log.statemachine.data.sync.timeout = 10s (default)
2019-10-22 00:14:37,130 [pool-37-thread-1] INFO  impl.RoleInfo (RoleInfo.java:updateAndGet(143)) - 5bee3153-f7ec-473f-a61a-388a1f3ac093: start FollowerState
2019-10-22 00:14:37,130 [pool-59-thread-1] INFO  server.RaftServerConfigKeys (ConfUtils.java:logGet(43)) - raft.server.log.statemachine.data.sync.timeout = 10s (default)
2019-10-22 00:14:37,130 [pool-27-thread-1] INFO  server.RaftServerConfigKeys (ConfUtils.java:logGet(43)) - raft.server.log.statemachine.data.sync.timeout.retry = -1 (default)
2019-10-22 00:14:37,131 [pool-59-thread-1] INFO  server.RaftServerConfigKeys (ConfUtils.java:logGet(43)) - raft.server.log.statemachine.data.sync.timeout.retry = -1 (default)
2019-10-22 00:14:37,131 [pool-37-thread-1] INFO  util.JmxRegister (JmxRegister.java:tryRegister(44)) - Successfully registered JMX Bean with object name Ratis:service=RaftServer,group=group-53B2A17D44BE,id=5bee3153-f7ec-473f-a61a-388a1f3ac093
2019-10-22 00:14:37,131 [pool-59-thread-1] INFO  server.RaftServerConfigKeys (ConfUtils.java:logGet(43)) - raft.server.log.statemachine.data.caching.enabled = true (custom)
2019-10-22 00:14:37,131 [pool-27-thread-1] INFO  server.RaftServerConfigKeys (ConfUtils.java:logGet(43)) - raft.server.log.statemachine.data.caching.enabled = true (custom)
2019-10-22 00:14:37,131 [pool-37-thread-1] WARN  impl.MetricRegistriesImpl (MetricRegistriesImpl.java:lambda$create$1(61)) - First MetricRegistry has been created without registering reporters. You may need to call MetricRegistries.global().addReportRegistration(...) before.
2019-10-22 00:14:37,131 [pool-59-thread-1] INFO  segmented.SegmentedRaftLogWorker (SegmentedRaftLogWorker.java:lambda$new$0(128)) - 4ccfaf2e-aae8-4e87-8fab-e6f62fbd25e3@group-53B2A17D44BE-SegmentedRaftLogWorker: flushIndex: setUnconditionally 0 -> -1
2019-10-22 00:14:37,131 [pool-27-thread-1] INFO  segmented.SegmentedRaftLogWorker (SegmentedRaftLogWorker.java:lambda$new$0(128)) - 5e7fe0a0-681e-48dc-b88f-f2277eb9af04@group-53B2A17D44BE-SegmentedRaftLogWorker: flushIndex: setUnconditionally 0 -> -1
2019-10-22 00:14:37,131 [pool-59-thread-1] INFO  server.RaftServerConfigKeys (ConfUtils.java:logGet(43)) - raft.server.snapshot.auto.trigger.enabled = true (custom)
2019-10-22 00:14:37,131 [pool-59-thread-1] INFO  server.RaftServerConfigKeys (ConfUtils.java:logGet(43)) - raft.server.snapshot.auto.trigger.threshold = 10000 (custom)
2019-10-22 00:14:37,132 [pool-59-thread-1] INFO  server.RaftServerConfigKeys (ConfUtils.java:logGet(43)) - raft.server.snapshot.retention.file.num = 5 (custom)
2019-10-22 00:14:37,132 [pool-27-thread-1] INFO  server.RaftServerConfigKeys (ConfUtils.java:logGet(43)) - raft.server.snapshot.auto.trigger.enabled = true (custom)
2019-10-22 00:14:37,132 [pool-59-thread-1] INFO  server.RaftServerConfigKeys (ConfUtils.java:logGet(43)) - raft.server.retrycache.expirytime = 600000ms (custom)
2019-10-22 00:14:37,132 [pool-27-thread-1] INFO  server.RaftServerConfigKeys (ConfUtils.java:logGet(43)) - raft.server.snapshot.auto.trigger.threshold = 10000 (custom)
2019-10-22 00:14:37,132 [pool-59-thread-1] WARN  impl.MetricRegistriesImpl (MetricRegistriesImpl.java:lambda$create$1(61)) - First MetricRegistry has been created without registering reporters. You may need to call MetricRegistries.global().addReportRegistration(...) before.
2019-10-22 00:14:37,132 [pool-27-thread-1] INFO  server.RaftServerConfigKeys (ConfUtils.java:logGet(43)) - raft.server.snapshot.retention.file.num = 5 (custom)
2019-10-22 00:14:37,132 [pool-59-thread-1] WARN  impl.MetricRegistriesImpl (MetricRegistriesImpl.java:lambda$create$1(61)) - First MetricRegistry has been created without registering reporters. You may need to call MetricRegistries.global().addReportRegistration(...) before.
2019-10-22 00:14:37,132 [pool-27-thread-1] INFO  server.RaftServerConfigKeys (ConfUtils.java:logGet(43)) - raft.server.retrycache.expirytime = 600000ms (custom)
2019-10-22 00:14:37,134 [pool-59-thread-1] INFO  impl.RaftServerImpl (RaftServerImpl.java:start(184)) - 4ccfaf2e-aae8-4e87-8fab-e6f62fbd25e3@group-53B2A17D44BE: start as a follower, conf=-1: [5bee3153-f7ec-473f-a61a-388a1f3ac093:192.168.69.94:39580, 5e7fe0a0-681e-48dc-b88f-f2277eb9af04:192.168.69.94:38061, 4ccfaf2e-aae8-4e87-8fab-e6f62fbd25e3:192.168.69.94:36986], old=null
2019-10-22 00:14:37,134 [pool-27-thread-1] WARN  impl.MetricRegistriesImpl (MetricRegistriesImpl.java:lambda$create$1(61)) - First MetricRegistry has been created without registering reporters. You may need to call MetricRegistries.global().addReportRegistration(...) before.
2019-10-22 00:14:37,135 [pool-59-thread-1] INFO  impl.RaftServerImpl (RaftServerImpl.java:setRole(173)) - 4ccfaf2e-aae8-4e87-8fab-e6f62fbd25e3@group-53B2A17D44BE: changes role from      null to FOLLOWER at term 0 for startAsFollower
2019-10-22 00:14:37,135 [pool-27-thread-1] WARN  impl.MetricRegistriesImpl (MetricRegistriesImpl.java:lambda$create$1(61)) - First MetricRegistry has been created without registering reporters. You may need to call MetricRegistries.global().addReportRegistration(...) before.
2019-10-22 00:14:37,136 [pool-59-thread-1] INFO  impl.RoleInfo (RoleInfo.java:updateAndGet(143)) - 4ccfaf2e-aae8-4e87-8fab-e6f62fbd25e3: start FollowerState
2019-10-22 00:14:37,137 [pool-27-thread-1] INFO  impl.RaftServerImpl (RaftServerImpl.java:start(184)) - 5e7fe0a0-681e-48dc-b88f-f2277eb9af04@group-53B2A17D44BE: start as a follower, conf=-1: [5bee3153-f7ec-473f-a61a-388a1f3ac093:192.168.69.94:39580, 5e7fe0a0-681e-48dc-b88f-f2277eb9af04:192.168.69.94:38061, 4ccfaf2e-aae8-4e87-8fab-e6f62fbd25e3:192.168.69.94:36986], old=null
2019-10-22 00:14:37,137 [pool-27-thread-1] INFO  impl.RaftServerImpl (RaftServerImpl.java:setRole(173)) - 5e7fe0a0-681e-48dc-b88f-f2277eb9af04@group-53B2A17D44BE: changes role from      null to FOLLOWER at term 0 for startAsFollower
2019-10-22 00:14:37,137 [pool-27-thread-1] INFO  impl.RoleInfo (RoleInfo.java:updateAndGet(143)) - 5e7fe0a0-681e-48dc-b88f-f2277eb9af04: start FollowerState
2019-10-22 00:14:37,137 [pool-59-thread-1] INFO  util.JmxRegister (JmxRegister.java:tryRegister(44)) - Successfully registered JMX Bean with object name Ratis:service=RaftServer,group=group-53B2A17D44BE,id=4ccfaf2e-aae8-4e87-8fab-e6f62fbd25e3
2019-10-22 00:14:37,137 [pool-59-thread-1] WARN  impl.MetricRegistriesImpl (MetricRegistriesImpl.java:lambda$create$1(61)) - First MetricRegistry has been created without registering reporters. You may need to call MetricRegistries.global().addReportRegistration(...) before.
2019-10-22 00:14:37,137 [pool-27-thread-1] INFO  util.JmxRegister (JmxRegister.java:tryRegister(44)) - Successfully registered JMX Bean with object name Ratis:service=RaftServer,group=group-53B2A17D44BE,id=5e7fe0a0-681e-48dc-b88f-f2277eb9af04
2019-10-22 00:14:37,137 [pool-27-thread-1] WARN  impl.MetricRegistriesImpl (MetricRegistriesImpl.java:lambda$create$1(61)) - First MetricRegistry has been created without registering reporters. You may need to call MetricRegistries.global().addReportRegistration(...) before.
2019-10-22 00:14:37,149 [RatisPipelineUtilsThread] INFO  pipeline.PipelineStateManager (PipelineStateManager.java:addPipeline(56)) - Created pipeline Pipeline[ Id: 5a9d2e86-3f9c-432e-9845-53b2a17d44be, Nodes: 5bee3153-f7ec-473f-a61a-388a1f3ac093{ip: 192.168.69.94, host: pr-hdds-2278-n56mq-2983766359, networkLocation: /default-rack, certSerialId: null}5e7fe0a0-681e-48dc-b88f-f2277eb9af04{ip: 192.168.69.94, host: pr-hdds-2278-n56mq-2983766359, networkLocation: /default-rack, certSerialId: null}4ccfaf2e-aae8-4e87-8fab-e6f62fbd25e3{ip: 192.168.69.94, host: pr-hdds-2278-n56mq-2983766359, networkLocation: /default-rack, certSerialId: null}, Type:RATIS, Factor:THREE, State:OPEN]
2019-10-22 00:14:37,217 [EventQueue-PendingDeleteStatusForPendingDeleteHandler] INFO  block.SCMBlockDeletingService (SCMBlockDeletingService.java:handlePendingDeletes(115)) - Block deletion txnID mismatch in datanode 4ccfaf2e-aae8-4e87-8fab-e6f62fbd25e3 for containerID 1. Datanode delete txnID: 0, SCM txnID: 1
2019-10-22 00:14:37,584 [pool-7-thread-5] INFO  commands.RetriableDatanodeEventWatcher (RetriableDatanodeEventWatcher.java:onTimeout(47)) - RetriableDatanodeCommand type=deleteBlocksCommand with id=1571703269586 timed out. Retrying.
2019-10-22 00:14:37,586 [pool-7-thread-8] INFO  commands.RetriableDatanodeEventWatcher (RetriableDatanodeEventWatcher.java:onTimeout(47)) - RetriableDatanodeCommand type=deleteBlocksCommand with id=1571703269587 timed out. Retrying.
2019-10-22 00:14:37,586 [pool-7-thread-2] INFO  commands.RetriableDatanodeEventWatcher (RetriableDatanodeEventWatcher.java:onTimeout(47)) - RetriableDatanodeCommand type=deleteBlocksCommand with id=1571703269581 timed out. Retrying.
2019-10-22 00:14:37,586 [SCMBlockDeletingService#1] INFO  block.SCMBlockDeletingService (SCMBlockDeletingService.java:call(184)) - Totally added 1 delete blocks command for 1 datanodes, task elapsed time: 1ms
2019-10-22 00:14:37,586 [pool-7-thread-6] INFO  commands.RetriableDatanodeEventWatcher (RetriableDatanodeEventWatcher.java:onTimeout(47)) - RetriableDatanodeCommand type=deleteBlocksCommand with id=1571703269584 timed out. Retrying.
2019-10-22 00:14:37,587 [pool-7-thread-3] INFO  commands.RetriableDatanodeEventWatcher (RetriableDatanodeEventWatcher.java:onTimeout(47)) - RetriableDatanodeCommand type=deleteBlocksCommand with id=1571703269578 timed out. Retrying.
2019-10-22 00:14:37,587 [pool-7-thread-1] INFO  commands.RetriableDatanodeEventWatcher (RetriableDatanodeEventWatcher.java:onTimeout(47)) - RetriableDatanodeCommand type=deleteBlocksCommand with id=1571703269583 timed out. Retrying.
2019-10-22 00:14:37,587 [pool-7-thread-7] INFO  commands.RetriableDatanodeEventWatcher (RetriableDatanodeEventWatcher.java:onTimeout(47)) - RetriableDatanodeCommand type=deleteBlocksCommand with id=1571703269588 timed out. Retrying.
2019-10-22 00:14:37,587 [pool-7-thread-4] INFO  commands.RetriableDatanodeEventWatcher (RetriableDatanodeEventWatcher.java:onTimeout(47)) - RetriableDatanodeCommand type=deleteBlocksCommand with id=1571703269585 timed out. Retrying.
2019-10-22 00:14:37,616 [EventQueue-PendingDeleteStatusForPendingDeleteHandler] INFO  block.SCMBlockDeletingService (SCMBlockDeletingService.java:handlePendingDeletes(115)) - Block deletion txnID mismatch in datanode 4ccfaf2e-aae8-4e87-8fab-e6f62fbd25e3 for containerID 1. Datanode delete txnID: 0, SCM txnID: 1
2019-10-22 00:14:37,650 [java.util.concurrent.ThreadPoolExecutor$Worker@206774a5[State = -1, empty queue]] WARN  server.GrpcLogAppender (GrpcLogAppender.java:timeoutAppendRequest(209)) - 5e7fe0a0-681e-48dc-b88f-f2277eb9af04@group-A9CC7D4C7BB1->4ccfaf2e-aae8-4e87-8fab-e6f62fbd25e3-GrpcLogAppender: appendEntries Timeout, request=5e7fe0a0-681e-48dc-b88f-f2277eb9af04->4ccfaf2e-aae8-4e87-8fab-e6f62fbd25e3#53-t1, previous=(t:1, i:10), leaderCommit=10, initializing? false, entries: <empty>
2019-10-22 00:14:37,948 [Thread-559] INFO  impl.FollowerState (FollowerState.java:run(111)) - 4ccfaf2e-aae8-4e87-8fab-e6f62fbd25e3@group-3C63F6CA6DCA-FollowerState: change to CANDIDATE, lastRpcTime:5011ms, electionTimeout:5011ms
2019-10-22 00:14:37,948 [Thread-559] INFO  impl.RoleInfo (RoleInfo.java:shutdownFollowerState(121)) - 4ccfaf2e-aae8-4e87-8fab-e6f62fbd25e3: shutdown FollowerState
2019-10-22 00:14:37,948 [Thread-559] INFO  impl.RaftServerImpl (RaftServerImpl.java:setRole(173)) - 4ccfaf2e-aae8-4e87-8fab-e6f62fbd25e3@group-3C63F6CA6DCA: changes role from  FOLLOWER to CANDIDATE at term 1 for changeToCandidate
2019-10-22 00:14:37,948 [Thread-559] INFO  impl.RoleInfo (RoleInfo.java:updateAndGet(143)) - 4ccfaf2e-aae8-4e87-8fab-e6f62fbd25e3: start LeaderElection
2019-10-22 00:14:37,959 [Command processor thread] INFO  commandhandler.DeleteBlocksCommandHandler (DeleteBlocksCommandHandler.java:handle(106)) - Start to delete container blocks, TXIDs=[1(0)], numOfContainers=1, numOfBlocks=1
2019-10-22 00:14:37,959 [EventQueue-PendingDeleteStatusForPendingDeleteHandler] INFO  block.SCMBlockDeletingService (SCMBlockDeletingService.java:handlePendingDeletes(115)) - Block deletion txnID mismatch in datanode 4ccfaf2e-aae8-4e87-8fab-e6f62fbd25e3 for containerID 1. Datanode delete txnID: 0, SCM txnID: 1
2019-10-22 00:14:37,960 [Command processor thread] INFO  commandhandler.DeleteBlocksCommandHandler (DeleteBlocksCommandHandler.java:handle(106)) - Start to delete container blocks, TXIDs=[1(2)], numOfContainers=1, numOfBlocks=1
2019-10-22 00:14:37,960 [Command processor thread] INFO  commandhandler.DeleteBlocksCommandHandler (DeleteBlocksCommandHandler.java:handle(106)) - Start to delete container blocks, TXIDs=[1(0)], numOfContainers=1, numOfBlocks=1
2019-10-22 00:14:37,960 [Command processor thread] INFO  commandhandler.DeleteBlocksCommandHandler (DeleteBlocksCommandHandler.java:handle(106)) - Start to delete container blocks, TXIDs=[1(2)], numOfContainers=1, numOfBlocks=1
2019-10-22 00:14:37,961 [Command processor thread] INFO  commandhandler.DeleteBlocksCommandHandler (DeleteBlocksCommandHandler.java:handle(106)) - Start to delete container blocks, TXIDs=[1(6)], numOfContainers=1, numOfBlocks=1
2019-10-22 00:14:37,961 [4ccfaf2e-aae8-4e87-8fab-e6f62fbd25e3@group-3C63F6CA6DCA-LeaderElection5] INFO  impl.LeaderElection (LeaderElection.java:askForVotes(178)) - 4ccfaf2e-aae8-4e87-8fab-e6f62fbd25e3@group-3C63F6CA6DCA-LeaderElection5: begin an election at term 2 for 0: [4ccfaf2e-aae8-4e87-8fab-e6f62fbd25e3:192.168.69.94:36986], old=null
2019-10-22 00:14:37,961 [Command processor thread] INFO  commandhandler.DeleteBlocksCommandHandler (DeleteBlocksCommandHandler.java:handle(106)) - Start to delete container blocks, TXIDs=[1(0)], numOfContainers=1, numOfBlocks=1
2019-10-22 00:14:37,961 [4ccfaf2e-aae8-4e87-8fab-e6f62fbd25e3@group-3C63F6CA6DCA-LeaderElection5] INFO  impl.RoleInfo (RoleInfo.java:shutdownLeaderElection(134)) - 4ccfaf2e-aae8-4e87-8fab-e6f62fbd25e3: shutdown LeaderElection
2019-10-22 00:14:37,961 [Command processor thread] INFO  commandhandler.DeleteBlocksCommandHandler (DeleteBlocksCommandHandler.java:handle(106)) - Start to delete container blocks, TXIDs=[1(2)], numOfContainers=1, numOfBlocks=1
2019-10-22 00:14:37,961 [4ccfaf2e-aae8-4e87-8fab-e6f62fbd25e3@group-3C63F6CA6DCA-LeaderElection5] INFO  impl.RaftServerImpl (RaftServerImpl.java:setRole(173)) - 4ccfaf2e-aae8-4e87-8fab-e6f62fbd25e3@group-3C63F6CA6DCA: changes role from CANDIDATE to LEADER at term 2 for changeToLeader
2019-10-22 00:14:37,961 [Command processor thread] INFO  commandhandler.DeleteBlocksCommandHandler (DeleteBlocksCommandHandler.java:handle(106)) - Start to delete container blocks, TXIDs=[1(6)], numOfContainers=1, numOfBlocks=1
2019-10-22 00:14:37,961 [4ccfaf2e-aae8-4e87-8fab-e6f62fbd25e3@group-3C63F6CA6DCA-LeaderElection5] INFO  impl.RaftServerImpl (ServerState.java:setLeader(255)) - 4ccfaf2e-aae8-4e87-8fab-e6f62fbd25e3@group-3C63F6CA6DCA: change Leader from null to 4ccfaf2e-aae8-4e87-8fab-e6f62fbd25e3 at term 2 for becomeLeader, leader elected after 7032ms
2019-10-22 00:14:37,962 [Command processor thread] INFO  commandhandler.DeleteBlocksCommandHandler (DeleteBlocksCommandHandler.java:handle(106)) - Start to delete container blocks, TXIDs=[1(10)], numOfContainers=1, numOfBlocks=1
2019-10-22 00:14:37,962 [Command processor thread] INFO  commandhandler.DeleteBlocksCommandHandler (DeleteBlocksCommandHandler.java:handle(106)) - Start to delete container blocks, TXIDs=[1(0)], numOfContainers=1, numOfBlocks=1
2019-10-22 00:14:37,963 [4ccfaf2e-aae8-4e87-8fab-e6f62fbd25e3@group-3C63F6CA6DCA-LeaderElection5] INFO  server.RaftServerConfigKeys (ConfUtils.java:logGet(43)) - raft.server.staging.catchup.gap = 1000 (default)
2019-10-22 00:14:37,963 [Command processor thread] INFO  commandhandler.DeleteBlocksCommandHandler (DeleteBlocksCommandHandler.java:handle(106)) - Start to delete container blocks, TXIDs=[1(2)], numOfContainers=1, numOfBlocks=1
2019-10-22 00:14:37,963 [4ccfaf2e-aae8-4e87-8fab-e6f62fbd25e3@group-3C63F6CA6DCA-LeaderElection5] INFO  server.RaftServerConfigKeys (ConfUtils.java:logGet(43)) - raft.server.rpc.sleep.time = 25ms (default)
2019-10-22 00:14:37,963 [Command processor thread] INFO  commandhandler.DeleteBlocksCommandHandler (DeleteBlocksCommandHandler.java:handle(106)) - Start to delete container blocks, TXIDs=[1(6)], numOfContainers=1, numOfBlocks=1
2019-10-22 00:14:37,963 [4ccfaf2e-aae8-4e87-8fab-e6f62fbd25e3@group-3C63F6CA6DCA-LeaderElection5] INFO  server.RaftServerConfigKeys (ConfUtils.java:logGet(43)) - raft.server.write.element-limit = 4096 (default)
2019-10-22 00:14:37,963 [Command processor thread] INFO  commandhandler.DeleteBlocksCommandHandler (DeleteBlocksCommandHandler.java:handle(106)) - Start to delete container blocks, TXIDs=[1(0)], numOfContainers=1, numOfBlocks=1
2019-10-22 00:14:37,964 [4ccfaf2e-aae8-4e87-8fab-e6f62fbd25e3@group-3C63F6CA6DCA-LeaderElection5] INFO  server.RaftServerConfigKeys (ConfUtils.java:logGet(43)) - raft.server.watch.timeout = 10s (default)
2019-10-22 00:14:37,964 [Command processor thread] INFO  commandhandler.DeleteBlocksCommandHandler (DeleteBlocksCommandHandler.java:handle(106)) - Start to delete container blocks, TXIDs=[1(10)], numOfContainers=1, numOfBlocks=1
2019-10-22 00:14:37,964 [4ccfaf2e-aae8-4e87-8fab-e6f62fbd25e3@group-3C63F6CA6DCA-LeaderElection5] INFO  server.RaftServerConfigKeys (ConfUtils.java:logGet(43)) - raft.server.watch.timeout.denomination = 1s (default)
2019-10-22 00:14:37,964 [Command processor thread] INFO  commandhandler.DeleteBlocksCommandHandler (DeleteBlocksCommandHandler.java:handle(106)) - Start to delete container blocks, TXIDs=[1(10)], numOfContainers=1, numOfBlocks=1
2019-10-22 00:14:37,964 [4ccfaf2e-aae8-4e87-8fab-e6f62fbd25e3@group-3C63F6CA6DCA-LeaderElection5] INFO  server.RaftServerConfigKeys (ConfUtils.java:logGet(43)) - raft.server.watch.element-limit = 65536 (default)
2019-10-22 00:14:37,964 [Command processor thread] INFO  commandhandler.DeleteBlocksCommandHandler (DeleteBlocksCommandHandler.java:handle(106)) - Start to delete container blocks, TXIDs=[1(2)], numOfContainers=1, numOfBlocks=1
2019-10-22 00:14:37,964 [4ccfaf2e-aae8-4e87-8fab-e6f62fbd25e3@group-3C63F6CA6DCA-LeaderElection5] INFO  impl.RoleInfo (RoleInfo.java:updateAndGet(143)) - 4ccfaf2e-aae8-4e87-8fab-e6f62fbd25e3: start LeaderState
2019-10-22 00:14:37,965 [Command processor thread] INFO  commandhandler.DeleteBlocksCommandHandler (DeleteBlocksCommandHandler.java:handle(106)) - Start to delete container blocks, TXIDs=[1(0)], numOfContainers=1, numOfBlocks=1
2019-10-22 00:14:37,965 [Command processor thread] INFO  commandhandler.DeleteBlocksCommandHandler (DeleteBlocksCommandHandler.java:handle(106)) - Start to delete container blocks, TXIDs=[1(6)], numOfContainers=1, numOfBlocks=1
2019-10-22 00:14:37,965 [Command processor thread] INFO  commandhandler.DeleteBlocksCommandHandler (DeleteBlocksCommandHandler.java:handle(106)) - Start to delete container blocks, TXIDs=[1(10)], numOfContainers=1, numOfBlocks=1
2019-10-22 00:14:37,965 [4ccfaf2e-aae8-4e87-8fab-e6f62fbd25e3@group-3C63F6CA6DCA-LeaderElection5] INFO  segmented.SegmentedRaftLogWorker (SegmentedRaftLogWorker.java:rollLogSegment(390)) - 4ccfaf2e-aae8-4e87-8fab-e6f62fbd25e3@group-3C63F6CA6DCA-SegmentedRaftLogWorker: Rolling segment log-0_0 to index:0
2019-10-22 00:14:37,965 [Command processor thread] INFO  commandhandler.DeleteBlocksCommandHandler (DeleteBlocksCommandHandler.java:handle(106)) - Start to delete container blocks, TXIDs=[1(10)], numOfContainers=1, numOfBlocks=1
2019-10-22 00:14:37,966 [Command processor thread] INFO  commandhandler.DeleteBlocksCommandHandler (DeleteBlocksCommandHandler.java:handle(106)) - Start to delete container blocks, TXIDs=[1(10)], numOfContainers=1, numOfBlocks=1
2019-10-22 00:14:37,966 [Command processor thread] INFO  commandhandler.DeleteBlocksCommandHandler (DeleteBlocksCommandHandler.java:handle(106)) - Start to delete container blocks, TXIDs=[1(6)], numOfContainers=1, numOfBlocks=1
2019-10-22 00:14:37,967 [Command processor thread] INFO  commandhandler.DeleteBlocksCommandHandler (DeleteBlocksCommandHandler.java:handle(106)) - Start to delete container blocks, TXIDs=[1(0)], numOfContainers=1, numOfBlocks=1
2019-10-22 00:14:37,967 [Command processor thread] INFO  commandhandler.DeleteBlocksCommandHandler (DeleteBlocksCommandHandler.java:handle(106)) - Start to delete container blocks, TXIDs=[1(10)], numOfContainers=1, numOfBlocks=1
2019-10-22 00:14:37,967 [Command processor thread] INFO  commandhandler.DeleteBlocksCommandHandler (DeleteBlocksCommandHandler.java:handle(106)) - Start to delete container blocks, TXIDs=[1(2)], numOfContainers=1, numOfBlocks=1
2019-10-22 00:14:37,968 [Command processor thread] INFO  commandhandler.DeleteBlocksCommandHandler (DeleteBlocksCommandHandler.java:handle(106)) - Start to delete container blocks, TXIDs=[1(10)], numOfContainers=1, numOfBlocks=1
2019-10-22 00:14:37,968 [Command processor thread] INFO  commandhandler.DeleteBlocksCommandHandler (DeleteBlocksCommandHandler.java:handle(106)) - Start to delete container blocks, TXIDs=[1(10)], numOfContainers=1, numOfBlocks=1
2019-10-22 00:14:37,968 [Command processor thread] INFO  commandhandler.DeleteBlocksCommandHandler (DeleteBlocksCommandHandler.java:handle(106)) - Start to delete container blocks, TXIDs=[1(10)], numOfContainers=1, numOfBlocks=1
2019-10-22 00:14:37,968 [4ccfaf2e-aae8-4e87-8fab-e6f62fbd25e3@group-3C63F6CA6DCA-SegmentedRaftLogWorker] INFO  segmented.SegmentedRaftLogWorker (SegmentedRaftLogWorker.java:execute(533)) - 4ccfaf2e-aae8-4e87-8fab-e6f62fbd25e3@group-3C63F6CA6DCA-SegmentedRaftLogWorker: Rolled log segment from /workdir/hadoop-ozone/integration-test/target/test-dir/MiniOzoneClusterImpl-6087bd68-5746-4eb4-8edb-fa9a87d69ff0/datanode-2/data/ratis/a5b6df62-90c1-40c0-9a43-3c63f6ca6dca/current/log_inprogress_0 to /workdir/hadoop-ozone/integration-test/target/test-dir/MiniOzoneClusterImpl-6087bd68-5746-4eb4-8edb-fa9a87d69ff0/datanode-2/data/ratis/a5b6df62-90c1-40c0-9a43-3c63f6ca6dca/current/log_0-0
2019-10-22 00:14:37,968 [4ccfaf2e-aae8-4e87-8fab-e6f62fbd25e3@group-3C63F6CA6DCA-LeaderElection5] INFO  impl.RaftServerImpl (ServerState.java:setRaftConf(356)) - 4ccfaf2e-aae8-4e87-8fab-e6f62fbd25e3@group-3C63F6CA6DCA: set configuration 1: [4ccfaf2e-aae8-4e87-8fab-e6f62fbd25e3:192.168.69.94:36986], old=null at 1
2019-10-22 00:14:37,968 [Command processor thread] INFO  commandhandler.DeleteBlocksCommandHandler (DeleteBlocksCommandHandler.java:handle(106)) - Start to delete container blocks, TXIDs=[1(2)], numOfContainers=1, numOfBlocks=1
2019-10-22 00:14:37,970 [Command processor thread] INFO  commandhandler.DeleteBlocksCommandHandler (DeleteBlocksCommandHandler.java:handle(106)) - Start to delete container blocks, TXIDs=[1(10)], numOfContainers=1, numOfBlocks=1
2019-10-22 00:14:37,970 [Command processor thread] INFO  commandhandler.DeleteBlocksCommandHandler (DeleteBlocksCommandHandler.java:handle(106)) - Start to delete container blocks, TXIDs=[1(10)], numOfContainers=1, numOfBlocks=1
2019-10-22 00:14:37,970 [Command processor thread] INFO  commandhandler.DeleteBlocksCommandHandler (DeleteBlocksCommandHandler.java:handle(106)) - Start to delete container blocks, TXIDs=[1(10)], numOfContainers=1, numOfBlocks=1
2019-10-22 00:14:37,971 [Command processor thread] INFO  commandhandler.DeleteBlocksCommandHandler (DeleteBlocksCommandHandler.java:handle(106)) - Start to delete container blocks, TXIDs=[1(10)], numOfContainers=1, numOfBlocks=1
2019-10-22 00:14:37,971 [Command processor thread] INFO  commandhandler.DeleteBlocksCommandHandler (DeleteBlocksCommandHandler.java:handle(106)) - Start to delete container blocks, TXIDs=[1(10)], numOfContainers=1, numOfBlocks=1
2019-10-22 00:14:37,971 [Command processor thread] INFO  commandhandler.DeleteBlocksCommandHandler (DeleteBlocksCommandHandler.java:handle(106)) - Start to delete container blocks, TXIDs=[1(0)], numOfContainers=1, numOfBlocks=1
2019-10-22 00:14:37,971 [Command processor thread] INFO  commandhandler.DeleteBlocksCommandHandler (DeleteBlocksCommandHandler.java:handle(106)) - Start to delete container blocks, TXIDs=[1(6)], numOfContainers=1, numOfBlocks=1
2019-10-22 00:14:37,971 [Command processor thread] INFO  commandhandler.DeleteBlocksCommandHandler (DeleteBlocksCommandHandler.java:handle(106)) - Start to delete container blocks, TXIDs=[1(10)], numOfContainers=1, numOfBlocks=1
2019-10-22 00:14:37,972 [Command processor thread] INFO  commandhandler.DeleteBlocksCommandHandler (DeleteBlocksCommandHandler.java:handle(106)) - Start to delete container blocks, TXIDs=[1(46)], numOfContainers=1, numOfBlocks=1
2019-10-22 00:14:37,974 [Command processor thread] INFO  commandhandler.DeleteBlocksCommandHandler (DeleteBlocksCommandHandler.java:handle(106)) - Start to delete container blocks, TXIDs=[1(10)], numOfContainers=1, numOfBlocks=1
2019-10-22 00:14:37,974 [Command processor thread] INFO  commandhandler.DeleteBlocksCommandHandler (DeleteBlocksCommandHandler.java:handle(106)) - Start to delete container blocks, TXIDs=[1(2)], numOfContainers=1, numOfBlocks=1
2019-10-22 00:14:37,974 [Command processor thread] INFO  commandhandler.DeleteBlocksCommandHandler (DeleteBlocksCommandHandler.java:handle(106)) - Start to delete container blocks, TXIDs=[1(10)], numOfContainers=1, numOfBlocks=1
2019-10-22 00:14:37,975 [Command processor thread] INFO  commandhandler.DeleteBlocksCommandHandler (DeleteBlocksCommandHandler.java:handle(106)) - Start to delete container blocks, TXIDs=[1(0)], numOfContainers=1, numOfBlocks=1
2019-10-22 00:14:37,975 [Command processor thread] INFO  commandhandler.DeleteBlocksCommandHandler (DeleteBlocksCommandHandler.java:handle(106)) - Start to delete container blocks, TXIDs=[1(6)], numOfContainers=1, numOfBlocks=1
2019-10-22 00:14:37,975 [Command processor thread] INFO  commandhandler.DeleteBlocksCommandHandler (DeleteBlocksCommandHandler.java:handle(106)) - Start to delete container blocks, TXIDs=[1(10)], numOfContainers=1, numOfBlocks=1
2019-10-22 00:14:37,975 [Command processor thread] INFO  commandhandler.DeleteBlocksCommandHandler (DeleteBlocksCommandHandler.java:handle(106)) - Start to delete container blocks, TXIDs=[1(10)], numOfContainers=1, numOfBlocks=1
2019-10-22 00:14:37,977 [Thread-560] INFO  impl.FollowerState (FollowerState.java:run(111)) - 4ccfaf2e-aae8-4e87-8fab-e6f62fbd25e3@group-A9CC7D4C7BB1-FollowerState: change to CANDIDATE, lastRpcTime:5040ms, electionTimeout:5040ms
2019-10-22 00:14:37,977 [Thread-560] INFO  impl.RoleInfo (RoleInfo.java:shutdownFollowerState(121)) - 4ccfaf2e-aae8-4e87-8fab-e6f62fbd25e3: shutdown FollowerState
2019-10-22 00:14:37,977 [Thread-560] INFO  impl.RaftServerImpl (RaftServerImpl.java:setRole(173)) - 4ccfaf2e-aae8-4e87-8fab-e6f62fbd25e3@group-A9CC7D4C7BB1: changes role from  FOLLOWER to CANDIDATE at term 1 for changeToCandidate
2019-10-22 00:14:37,977 [Thread-560] INFO  impl.RoleInfo (RoleInfo.java:updateAndGet(143)) - 4ccfaf2e-aae8-4e87-8fab-e6f62fbd25e3: start LeaderElection
2019-10-22 00:14:38,007 [4ccfaf2e-aae8-4e87-8fab-e6f62fbd25e3@group-3C63F6CA6DCA-SegmentedRaftLogWorker] INFO  segmented.SegmentedRaftLogWorker (SegmentedRaftLogWorker.java:execute(576)) - 4ccfaf2e-aae8-4e87-8fab-e6f62fbd25e3@group-3C63F6CA6DCA-SegmentedRaftLogWorker: created new log segment /workdir/hadoop-ozone/integration-test/target/test-dir/MiniOzoneClusterImpl-6087bd68-5746-4eb4-8edb-fa9a87d69ff0/datanode-2/data/ratis/a5b6df62-90c1-40c0-9a43-3c63f6ca6dca/current/log_inprogress_1
2019-10-22 00:14:38,007 [4ccfaf2e-aae8-4e87-8fab-e6f62fbd25e3@group-A9CC7D4C7BB1-LeaderElection6] INFO  impl.LeaderElection (LeaderElection.java:askForVotes(178)) - 4ccfaf2e-aae8-4e87-8fab-e6f62fbd25e3@group-A9CC7D4C7BB1-LeaderElection6: begin an election at term 2 for 0: [5bee3153-f7ec-473f-a61a-388a1f3ac093:192.168.69.94:39580, 5e7fe0a0-681e-48dc-b88f-f2277eb9af04:192.168.69.94:38061, 4ccfaf2e-aae8-4e87-8fab-e6f62fbd25e3:192.168.69.94:36986], old=null
2019-10-22 00:14:38,013 [BlockDeletingService#2] WARN  background.BlockDeletingService (BlockDeletingService.java:isDeletionAllowed(187)) - Close Container log Index 6 is not replicated across allthe servers in the pipeline 44ab1779-0be6-441a-9037-a9cc7d4c7bb1 as the min replicated index is 4. Deletion is not allowed in this container yet.
2019-10-22 00:14:38,013 [BlockDeletingService#2] WARN  background.BlockDeletingService (BlockDeletingService.java:isDeletionAllowed(187)) - Close Container log Index 6 is not replicated across allthe servers in the pipeline 44ab1779-0be6-441a-9037-a9cc7d4c7bb1 as the min replicated index is 4. Deletion is not allowed in this container yet.
2019-10-22 00:14:38,016 [grpc-default-executor-2] INFO  impl.RaftServerImpl (ServerState.java:setLeader(255)) - 5e7fe0a0-681e-48dc-b88f-f2277eb9af04@group-A9CC7D4C7BB1: change Leader from 5e7fe0a0-681e-48dc-b88f-f2277eb9af04 to null at term 2 for updateCurrentTerm
2019-10-22 00:14:38,016 [grpc-default-executor-3] INFO  impl.RaftServerImpl (ServerState.java:setLeader(255)) - 5bee3153-f7ec-473f-a61a-388a1f3ac093@group-A9CC7D4C7BB1: change Leader from 5e7fe0a0-681e-48dc-b88f-f2277eb9af04 to null at term 2 for updateCurrentTerm
2019-10-22 00:14:38,016 [grpc-default-executor-2] INFO  impl.RaftServerImpl (RaftServerImpl.java:setRole(173)) - 5e7fe0a0-681e-48dc-b88f-f2277eb9af04@group-A9CC7D4C7BB1: changes role from    LEADER to FOLLOWER at term 2 for recognizeCandidate:4ccfaf2e-aae8-4e87-8fab-e6f62fbd25e3
2019-10-22 00:14:38,016 [grpc-default-executor-3] INFO  impl.RaftServerImpl (RaftServerImpl.java:setRole(173)) - 5bee3153-f7ec-473f-a61a-388a1f3ac093@group-A9CC7D4C7BB1: changes role from  FOLLOWER to FOLLOWER at term 2 for recognizeCandidate:4ccfaf2e-aae8-4e87-8fab-e6f62fbd25e3
2019-10-22 00:14:38,017 [grpc-default-executor-2] INFO  impl.RoleInfo (RoleInfo.java:shutdownLeaderState(104)) - 5e7fe0a0-681e-48dc-b88f-f2277eb9af04: shutdown LeaderState
2019-10-22 00:14:38,017 [grpc-default-executor-3] INFO  impl.RoleInfo (RoleInfo.java:shutdownFollowerState(121)) - 5bee3153-f7ec-473f-a61a-388a1f3ac093: shutdown FollowerState
2019-10-22 00:14:38,018 [Thread-241] INFO  impl.FollowerState (FollowerState.java:run(120)) - 5bee3153-f7ec-473f-a61a-388a1f3ac093@group-A9CC7D4C7BB1-FollowerState was interrupted: java.lang.InterruptedException: sleep interrupted
2019-10-22 00:14:38,019 [grpc-default-executor-3] INFO  impl.RoleInfo (RoleInfo.java:updateAndGet(143)) - 5bee3153-f7ec-473f-a61a-388a1f3ac093: start FollowerState
2019-10-22 00:14:38,019 [org.apache.ratis.server.impl.LogAppender$AppenderDaemon$$Lambda$521/1351317180@2cdfef7d] WARN  server.GrpcLogAppender (GrpcLogAppender.java:mayWait(149)) - 5e7fe0a0-681e-48dc-b88f-f2277eb9af04@group-A9CC7D4C7BB1->5bee3153-f7ec-473f-a61a-388a1f3ac093-GrpcLogAppender: Wait interrupted by java.lang.InterruptedException
2019-10-22 00:14:38,019 [org.apache.ratis.server.impl.LogAppender$AppenderDaemon$$Lambda$521/1351317180@2296ad2f] WARN  server.GrpcLogAppender (GrpcLogAppender.java:mayWait(149)) - 5e7fe0a0-681e-48dc-b88f-f2277eb9af04@group-A9CC7D4C7BB1->4ccfaf2e-aae8-4e87-8fab-e6f62fbd25e3-GrpcLogAppender: Wait interrupted by java.lang.InterruptedException
2019-10-22 00:14:38,018 [grpc-default-executor-2] INFO  impl.PendingRequests (PendingRequests.java:sendNotLeaderResponses(206)) - 5e7fe0a0-681e-48dc-b88f-f2277eb9af04@group-A9CC7D4C7BB1-PendingRequests: sendNotLeaderResponses
2019-10-22 00:14:38,024 [grpc-default-executor-0] INFO  server.GrpcServerProtocolService (GrpcServerProtocolService.java:onCompleted(113)) - 5bee3153-f7ec-473f-a61a-388a1f3ac093: Completed APPEND_ENTRIES, lastRequest: 5e7fe0a0-681e-48dc-b88f-f2277eb9af04->5bee3153-f7ec-473f-a61a-388a1f3ac093#54-t1, previous=(t:1, i:10), leaderCommit=10, initializing? false, entries: <empty>
2019-10-22 00:14:38,025 [Thread-601] INFO  client.GrpcClientProtocolService (GrpcClientProtocolService.java:lambda$processClientRequest$0(279)) - Failed RaftClientRequest:client-E6BBD608C1E8->5e7fe0a0-681e-48dc-b88f-f2277eb9af04@group-A9CC7D4C7BB1, cid=10, seq=0, Watch-ALL_COMMITTED(6), Message:<EMPTY>, reply=RaftClientReply:client-E6BBD608C1E8->5e7fe0a0-681e-48dc-b88f-f2277eb9af04@group-A9CC7D4C7BB1, cid=10, FAILED org.apache.ratis.protocol.NotLeaderException: Server 5e7fe0a0-681e-48dc-b88f-f2277eb9af04@group-A9CC7D4C7BB1 is not the leader, logIndex=0, commits[5e7fe0a0-681e-48dc-b88f-f2277eb9af04:c10, 5bee3153-f7ec-473f-a61a-388a1f3ac093:c10, 4ccfaf2e-aae8-4e87-8fab-e6f62fbd25e3:c4]
2019-10-22 00:14:38,025 [grpc-default-executor-2] INFO  impl.RoleInfo (RoleInfo.java:updateAndGet(143)) - 5e7fe0a0-681e-48dc-b88f-f2277eb9af04: start FollowerState
2019-10-22 00:14:38,030 [grpc-default-executor-5] INFO  server.GrpcLogAppender (GrpcLogAppender.java:onCompleted(308)) - 5e7fe0a0-681e-48dc-b88f-f2277eb9af04@group-A9CC7D4C7BB1->5bee3153-f7ec-473f-a61a-388a1f3ac093-AppendLogResponseHandler: follower responses appendEntries COMPLETED
2019-10-22 00:14:38,032 [grpc-default-executor-5] INFO  impl.FollowerInfo (FollowerInfo.java:lambda$new$0(51)) - 5e7fe0a0-681e-48dc-b88f-f2277eb9af04@group-A9CC7D4C7BB1->5bee3153-f7ec-473f-a61a-388a1f3ac093: nextIndex: updateUnconditionally 11 -> 10
2019-10-22 00:14:38,044 [4ccfaf2e-aae8-4e87-8fab-e6f62fbd25e3@group-A9CC7D4C7BB1-LeaderElection6] INFO  impl.LeaderElection (LeaderElection.java:logAndReturn(56)) - 4ccfaf2e-aae8-4e87-8fab-e6f62fbd25e3@group-A9CC7D4C7BB1-LeaderElection6: Election REJECTED; received 2 response(s) [4ccfaf2e-aae8-4e87-8fab-e6f62fbd25e3<-5bee3153-f7ec-473f-a61a-388a1f3ac093#0:FAIL-t2, 4ccfaf2e-aae8-4e87-8fab-e6f62fbd25e3<-5e7fe0a0-681e-48dc-b88f-f2277eb9af04#0:FAIL-t2] and 0 exception(s); 4ccfaf2e-aae8-4e87-8fab-e6f62fbd25e3@group-A9CC7D4C7BB1:t2, leader=null, voted=4ccfaf2e-aae8-4e87-8fab-e6f62fbd25e3, raftlog=4ccfaf2e-aae8-4e87-8fab-e6f62fbd25e3@group-A9CC7D4C7BB1-SegmentedRaftLog:OPENED:c3,f4,i4, conf=0: [5bee3153-f7ec-473f-a61a-388a1f3ac093:192.168.69.94:39580, 5e7fe0a0-681e-48dc-b88f-f2277eb9af04:192.168.69.94:38061, 4ccfaf2e-aae8-4e87-8fab-e6f62fbd25e3:192.168.69.94:36986], old=null
2019-10-22 00:14:38,044 [4ccfaf2e-aae8-4e87-8fab-e6f62fbd25e3@group-A9CC7D4C7BB1-LeaderElection6] INFO  impl.RaftServerImpl (RaftServerImpl.java:setRole(173)) - 4ccfaf2e-aae8-4e87-8fab-e6f62fbd25e3@group-A9CC7D4C7BB1: changes role from CANDIDATE to FOLLOWER at term 2 for DISCOVERED_A_NEW_TERM
2019-10-22 00:14:38,047 [4ccfaf2e-aae8-4e87-8fab-e6f62fbd25e3@group-A9CC7D4C7BB1-LeaderElection6] INFO  impl.RoleInfo (RoleInfo.java:shutdownLeaderElection(134)) - 4ccfaf2e-aae8-4e87-8fab-e6f62fbd25e3: shutdown LeaderElection
2019-10-22 00:14:38,048 [4ccfaf2e-aae8-4e87-8fab-e6f62fbd25e3@group-A9CC7D4C7BB1-LeaderElection6] INFO  impl.RoleInfo (RoleInfo.java:updateAndGet(143)) - 4ccfaf2e-aae8-4e87-8fab-e6f62fbd25e3: start FollowerState
2019-10-22 00:14:38,161 [EventQueue-DeleteBlockStatusForDeletedBlockLogImpl] WARN  block.DeletedBlockLogImpl (DeletedBlockLogImpl.java:commitTransactions(205)) - Transaction txId=1 commit by dnId=4ccfaf2e-aae8-4e87-8fab-e6f62fbd25e3 for containerID=#1 failed. Corresponding entry not found.
2019-10-22 00:14:38,162 [EventQueue-DeleteBlockStatusForDeletedBlockLogImpl] WARN  block.DeletedBlockLogImpl (DeletedBlockLogImpl.java:commitTransactions(205)) - Transaction txId=1 commit by dnId=4ccfaf2e-aae8-4e87-8fab-e6f62fbd25e3 for containerID=#1 failed. Corresponding entry not found.
2019-10-22 00:14:38,163 [EventQueue-DeleteBlockStatusForDeletedBlockLogImpl] WARN  block.DeletedBlockLogImpl (DeletedBlockLogImpl.java:commitTransactions(205)) - Transaction txId=1 commit by dnId=4ccfaf2e-aae8-4e87-8fab-e6f62fbd25e3 for containerID=#1 failed. Corresponding entry not found.
2019-10-22 00:14:38,163 [EventQueue-DeleteBlockStatusForDeletedBlockLogImpl] WARN  block.DeletedBlockLogImpl (DeletedBlockLogImpl.java:commitTransactions(205)) - Transaction txId=1 commit by dnId=4ccfaf2e-aae8-4e87-8fab-e6f62fbd25e3 for containerID=#1 failed. Corresponding entry not found.
2019-10-22 00:14:38,163 [EventQueue-DeleteBlockStatusForDeletedBlockLogImpl] WARN  block.DeletedBlockLogImpl (DeletedBlockLogImpl.java:commitTransactions(205)) - Transaction txId=1 commit by dnId=4ccfaf2e-aae8-4e87-8fab-e6f62fbd25e3 for containerID=#1 failed. Corresponding entry not found.
2019-10-22 00:14:38,163 [EventQueue-DeleteBlockStatusForDeletedBlockLogImpl] WARN  block.DeletedBlockLogImpl (DeletedBlockLogImpl.java:commitTransactions(205)) - Transaction txId=1 commit by dnId=4ccfaf2e-aae8-4e87-8fab-e6f62fbd25e3 for containerID=#1 failed. Corresponding entry not found.
2019-10-22 00:14:38,163 [EventQueue-DeleteBlockStatusForDeletedBlockLogImpl] WARN  block.DeletedBlockLogImpl (DeletedBlockLogImpl.java:commitTransactions(205)) - Transaction txId=1 commit by dnId=4ccfaf2e-aae8-4e87-8fab-e6f62fbd25e3 for containerID=#1 failed. Corresponding entry not found.
2019-10-22 00:14:38,163 [EventQueue-DeleteBlockStatusForDeletedBlockLogImpl] WARN  block.DeletedBlockLogImpl (DeletedBlockLogImpl.java:commitTransactions(205)) - Transaction txId=1 commit by dnId=4ccfaf2e-aae8-4e87-8fab-e6f62fbd25e3 for containerID=#1 failed. Corresponding entry not found.
2019-10-22 00:14:38,845 [Thread-605] INFO  client.GrpcClientProtocolService (GrpcClientProtocolService.java:lambda$processClientRequest$0(279)) - Failed RaftClientRequest:client-E6BBD608C1E8->4ccfaf2e-aae8-4e87-8fab-e6f62fbd25e3@group-A9CC7D4C7BB1, cid=10, seq=0, Watch-ALL_COMMITTED(6), Message:<EMPTY>, reply=RaftClientReply:client-E6BBD608C1E8->4ccfaf2e-aae8-4e87-8fab-e6f62fbd25e3@group-A9CC7D4C7BB1, cid=10, FAILED org.apache.ratis.protocol.NotLeaderException: Server 4ccfaf2e-aae8-4e87-8fab-e6f62fbd25e3@group-A9CC7D4C7BB1 is not the leader, logIndex=0, commits[4ccfaf2e-aae8-4e87-8fab-e6f62fbd25e3:c3]
2019-10-22 00:14:39,014 [BlockDeletingService#2] WARN  background.BlockDeletingService (BlockDeletingService.java:isDeletionAllowed(187)) - Close Container log Index 6 is not replicated across allthe servers in the pipeline 44ab1779-0be6-441a-9037-a9cc7d4c7bb1 as the min replicated index is 4. Deletion is not allowed in this container yet.
2019-10-22 00:14:39,014 [BlockDeletingService#2] WARN  background.BlockDeletingService (BlockDeletingService.java:isDeletionAllowed(187)) - Close Container log Index 6 is not replicated across allthe servers in the pipeline 44ab1779-0be6-441a-9037-a9cc7d4c7bb1 as the min replicated index is 4. Deletion is not allowed in this container yet.
2019-10-22 00:14:39,860 [Thread-611] INFO  client.GrpcClientProtocolService (GrpcClientProtocolService.java:lambda$processClientRequest$0(279)) - Failed RaftClientRequest:client-E6BBD608C1E8->5e7fe0a0-681e-48dc-b88f-f2277eb9af04@group-A9CC7D4C7BB1, cid=10, seq=0, Watch-ALL_COMMITTED(6), Message:<EMPTY>, reply=RaftClientReply:client-E6BBD608C1E8->5e7fe0a0-681e-48dc-b88f-f2277eb9af04@group-A9CC7D4C7BB1, cid=10, FAILED org.apache.ratis.protocol.NotLeaderException: Server 5e7fe0a0-681e-48dc-b88f-f2277eb9af04@group-A9CC7D4C7BB1 is not the leader, logIndex=0, commits[5e7fe0a0-681e-48dc-b88f-f2277eb9af04:c10, 5bee3153-f7ec-473f-a61a-388a1f3ac093:c10, 4ccfaf2e-aae8-4e87-8fab-e6f62fbd25e3:c4]
2019-10-22 00:14:40,015 [BlockDeletingService#2] WARN  background.BlockDeletingService (BlockDeletingService.java:isDeletionAllowed(187)) - Close Container log Index 6 is not replicated across allthe servers in the pipeline 44ab1779-0be6-441a-9037-a9cc7d4c7bb1 as the min replicated index is 4. Deletion is not allowed in this container yet.
2019-10-22 00:14:40,017 [BlockDeletingService#2] WARN  background.BlockDeletingService (BlockDeletingService.java:isDeletionAllowed(187)) - Close Container log Index 6 is not replicated across allthe servers in the pipeline 44ab1779-0be6-441a-9037-a9cc7d4c7bb1 as the min replicated index is 4. Deletion is not allowed in this container yet.
2019-10-22 00:14:40,150 [java.util.concurrent.ThreadPoolExecutor$Worker@206774a5[State = -1, empty queue]] WARN  server.GrpcLogAppender (GrpcLogAppender.java:timeoutAppendRequest(209)) - 5e7fe0a0-681e-48dc-b88f-f2277eb9af04@group-A9CC7D4C7BB1->4ccfaf2e-aae8-4e87-8fab-e6f62fbd25e3-GrpcLogAppender: appendEntries Timeout, request=5e7fe0a0-681e-48dc-b88f-f2277eb9af04->4ccfaf2e-aae8-4e87-8fab-e6f62fbd25e3#54-t1, previous=(t:1, i:10), leaderCommit=10, initializing? false, entries: <empty>
2019-10-22 00:14:40,873 [Thread-617] INFO  client.GrpcClientProtocolService (GrpcClientProtocolService.java:lambda$processClientRequest$0(279)) - Failed RaftClientRequest:client-E6BBD608C1E8->5bee3153-f7ec-473f-a61a-388a1f3ac093@group-A9CC7D4C7BB1, cid=10, seq=0, Watch-ALL_COMMITTED(6), Message:<EMPTY>, reply=RaftClientReply:client-E6BBD608C1E8->5bee3153-f7ec-473f-a61a-388a1f3ac093@group-A9CC7D4C7BB1, cid=10, FAILED org.apache.ratis.protocol.NotLeaderException: Server 5bee3153-f7ec-473f-a61a-388a1f3ac093@group-A9CC7D4C7BB1 is not the leader, logIndex=0, commits[5bee3153-f7ec-473f-a61a-388a1f3ac093:c10, 5e7fe0a0-681e-48dc-b88f-f2277eb9af04:c10, 4ccfaf2e-aae8-4e87-8fab-e6f62fbd25e3:c4]
]]></system-out>
    <system-err><![CDATA[ERROR StatusLogger No Log4j 2 configuration file found. Using default configuration (logging only errors to the console), or user programmatically provided configurations. Set system property 'log4j2.debug' to show Log4j 2 internal initialization logging. See https://logging.apache.org/log4j/2.x/manual/configuration.html for instructions on how to configure Log4j 2
Oct 22, 2019 12:12:54 AM org.apache.ratis.thirdparty.io.grpc.internal.SerializingExecutor run
SEVERE: Exception while executing runnable org.apache.ratis.thirdparty.io.grpc.internal.ServerImpl$JumpToApplicationThreadServerStreamListener$1Closed@71e7b8d5
org.apache.ratis.thirdparty.io.grpc.StatusRuntimeException: CANCELLED: call already cancelled
	at org.apache.ratis.thirdparty.io.grpc.Status.asRuntimeException(Status.java:517)
	at org.apache.ratis.thirdparty.io.grpc.stub.ServerCalls$ServerCallStreamObserverImpl.onCompleted(ServerCalls.java:356)
	at org.apache.ratis.grpc.server.GrpcServerProtocolService$ServerRequestStreamObserver.onError(GrpcServerProtocolService.java:121)
	at org.apache.ratis.thirdparty.io.grpc.stub.ServerCalls$StreamingServerCallHandler$StreamingServerCallListener.onCancel(ServerCalls.java:269)
	at org.apache.ratis.thirdparty.io.grpc.internal.ServerCallImpl$ServerStreamListenerImpl.closed(ServerCallImpl.java:293)
	at org.apache.ratis.thirdparty.io.grpc.internal.ServerImpl$JumpToApplicationThreadServerStreamListener$1Closed.runInContext(ServerImpl.java:741)
	at org.apache.ratis.thirdparty.io.grpc.internal.ContextRunnable.run(ContextRunnable.java:37)
	at org.apache.ratis.thirdparty.io.grpc.internal.SerializingExecutor.run(SerializingExecutor.java:123)
	at java.util.concurrent.ThreadPoolExecutor.runWorker(ThreadPoolExecutor.java:1149)
	at java.util.concurrent.ThreadPoolExecutor$Worker.run(ThreadPoolExecutor.java:624)
	at java.lang.Thread.run(Thread.java:748)

Oct 22, 2019 12:12:54 AM org.apache.ratis.thirdparty.io.grpc.internal.SerializingExecutor run
SEVERE: Exception while executing runnable org.apache.ratis.thirdparty.io.grpc.internal.ClientCallImpl$ClientStreamListenerImpl$1StreamClosed@17b62493
java.lang.NullPointerException
	at org.apache.ratis.grpc.server.GrpcLogAppender$AppendLogResponseHandler.onError(GrpcLogAppender.java:303)
	at org.apache.ratis.thirdparty.io.grpc.stub.ClientCalls$StreamObserverToCallListenerAdapter.onClose(ClientCalls.java:434)
	at org.apache.ratis.thirdparty.io.grpc.PartialForwardingClientCallListener.onClose(PartialForwardingClientCallListener.java:39)
	at org.apache.ratis.thirdparty.io.grpc.ForwardingClientCallListener.onClose(ForwardingClientCallListener.java:23)
	at org.apache.ratis.thirdparty.io.grpc.ForwardingClientCallListener$SimpleForwardingClientCallListener.onClose(ForwardingClientCallListener.java:40)
	at org.apache.ratis.thirdparty.io.grpc.internal.CensusStatsModule$StatsClientInterceptor$1$1.onClose(CensusStatsModule.java:678)
	at org.apache.ratis.thirdparty.io.grpc.PartialForwardingClientCallListener.onClose(PartialForwardingClientCallListener.java:39)
	at org.apache.ratis.thirdparty.io.grpc.ForwardingClientCallListener.onClose(ForwardingClientCallListener.java:23)
	at org.apache.ratis.thirdparty.io.grpc.ForwardingClientCallListener$SimpleForwardingClientCallListener.onClose(ForwardingClientCallListener.java:40)
	at org.apache.ratis.thirdparty.io.grpc.internal.CensusTracingModule$TracingClientInterceptor$1$1.onClose(CensusTracingModule.java:397)
	at org.apache.ratis.thirdparty.io.grpc.internal.ClientCallImpl.closeObserver(ClientCallImpl.java:459)
	at org.apache.ratis.thirdparty.io.grpc.internal.ClientCallImpl.access$300(ClientCallImpl.java:63)
	at org.apache.ratis.thirdparty.io.grpc.internal.ClientCallImpl$ClientStreamListenerImpl.close(ClientCallImpl.java:546)
	at org.apache.ratis.thirdparty.io.grpc.internal.ClientCallImpl$ClientStreamListenerImpl.access$600(ClientCallImpl.java:467)
	at org.apache.ratis.thirdparty.io.grpc.internal.ClientCallImpl$ClientStreamListenerImpl$1StreamClosed.runInContext(ClientCallImpl.java:584)
	at org.apache.ratis.thirdparty.io.grpc.internal.ContextRunnable.run(ContextRunnable.java:37)
	at org.apache.ratis.thirdparty.io.grpc.internal.SerializingExecutor.run(SerializingExecutor.java:123)
	at java.util.concurrent.ThreadPoolExecutor.runWorker(ThreadPoolExecutor.java:1149)
	at java.util.concurrent.ThreadPoolExecutor$Worker.run(ThreadPoolExecutor.java:624)
	at java.lang.Thread.run(Thread.java:748)

]]></system-err>
  </testcase>
</testsuite>