<?xml version="1.0" encoding="UTF-8"?>
<testsuite xmlns:xsi="http://www.w3.org/2001/XMLSchema-instance" xsi:noNamespaceSchemaLocation="https://maven.apache.org/surefire/maven-surefire-plugin/xsd/surefire-test-report.xsd" name="org.apache.hadoop.ozone.client.rpc.TestWatchForCommit" time="240.255" tests="5" errors="1" skipped="0" failures="1">
  <properties>
    <property name="awt.toolkit" value="sun.awt.X11.XToolkit"/>
    <property name="file.encoding.pkg" value="sun.io"/>
    <property name="java.specification.version" value="1.8"/>
    <property name="sun.cpu.isalist" value=""/>
    <property name="sun.jnu.encoding" value="UTF-8"/>
    <property name="java.class.path" value="/workdir/hadoop-ozone/integration-test/target/test-classes:/workdir/hadoop-ozone/integration-test/target/classes:/home/user/.m2/repository/org/apache/hadoop/hadoop-ozone-common/0.5.0-SNAPSHOT/hadoop-ozone-common-0.5.0-SNAPSHOT.jar:/home/user/.m2/repository/org/apache/commons/commons-compress/1.4.1/commons-compress-1.4.1.jar:/home/user/.m2/repository/org/tukaani/xz/1.0/xz-1.0.jar:/home/user/.m2/repository/org/apache/hadoop/hadoop-common/3.2.0/hadoop-common-3.2.0.jar:/home/user/.m2/repository/org/apache/hadoop/hadoop-hdfs/3.2.0/hadoop-hdfs-3.2.0.jar:/home/user/.m2/repository/org/apache/hadoop/hadoop-hdfs-client/3.2.0/hadoop-hdfs-client-3.2.0.jar:/home/user/.m2/repository/com/fasterxml/jackson/core/jackson-annotations/2.9.9/jackson-annotations-2.9.9.jar:/home/user/.m2/repository/org/apache/hadoop/hadoop-hdds-common/0.5.0-SNAPSHOT/hadoop-hdds-common-0.5.0-SNAPSHOT.jar:/home/user/.m2/repository/javax/annotation/javax.annotation-api/1.2/javax.annotation-api-1.2.jar:/home/user/.m2/repository/org/apache/ratis/ratis-server/0.5.0-201fc85-SNAPSHOT/ratis-server-0.5.0-201fc85-SNAPSHOT.jar:/home/user/.m2/repository/org/apache/ratis/ratis-thirdparty-misc/0.2.0/ratis-thirdparty-misc-0.2.0.jar:/home/user/.m2/repository/org/apache/ratis/ratis-proto/0.5.0-201fc85-SNAPSHOT/ratis-proto-0.5.0-201fc85-SNAPSHOT.jar:/home/user/.m2/repository/org/apache/ratis/ratis-common/0.5.0-201fc85-SNAPSHOT/ratis-common-0.5.0-201fc85-SNAPSHOT.jar:/home/user/.m2/repository/org/apache/ratis/ratis-client/0.5.0-201fc85-SNAPSHOT/ratis-client-0.5.0-201fc85-SNAPSHOT.jar:/home/user/.m2/repository/org/apache/ratis/ratis-metrics/0.5.0-201fc85-SNAPSHOT/ratis-metrics-0.5.0-201fc85-SNAPSHOT.jar:/home/user/.m2/repository/com/github/joshelser/dropwizard-metrics-hadoop-metrics2-reporter/0.1.2/dropwizard-metrics-hadoop-metrics2-reporter-0.1.2.jar:/home/user/.m2/repository/io/dropwizard/metrics/metrics-jvm/3.2.5/metrics-jvm-3.2.5.jar:/home/user/.m2/repository/io/dropwizard/metrics/metrics-ganglia/3.2.5/metrics-ganglia-3.2.5.jar:/home/user/.m2/repository/info/ganglia/gmetric4j/gmetric4j/1.0.7/gmetric4j-1.0.7.jar:/home/user/.m2/repository/org/apache/ratis/ratis-netty/0.5.0-201fc85-SNAPSHOT/ratis-netty-0.5.0-201fc85-SNAPSHOT.jar:/home/user/.m2/repository/org/apache/ratis/ratis-grpc/0.5.0-201fc85-SNAPSHOT/ratis-grpc-0.5.0-201fc85-SNAPSHOT.jar:/home/user/.m2/repository/org/rocksdb/rocksdbjni/6.0.1/rocksdbjni-6.0.1.jar:/home/user/.m2/repository/org/apache/logging/log4j/log4j-api/2.11.0/log4j-api-2.11.0.jar:/home/user/.m2/repository/org/apache/logging/log4j/log4j-core/2.11.0/log4j-core-2.11.0.jar:/home/user/.m2/repository/com/lmax/disruptor/3.4.2/disruptor-3.4.2.jar:/home/user/.m2/repository/org/apache/commons/commons-pool2/2.6.0/commons-pool2-2.6.0.jar:/home/user/.m2/repository/org/bouncycastle/bcpkix-jdk15on/1.60/bcpkix-jdk15on-1.60.jar:/home/user/.m2/repository/commons-validator/commons-validator/1.6/commons-validator-1.6.jar:/home/user/.m2/repository/commons-digester/commons-digester/1.8.1/commons-digester-1.8.1.jar:/home/user/.m2/repository/io/jaegertracing/jaeger-client/0.34.0/jaeger-client-0.34.0.jar:/home/user/.m2/repository/io/jaegertracing/jaeger-thrift/0.34.0/jaeger-thrift-0.34.0.jar:/home/user/.m2/repository/org/apache/thrift/libthrift/0.12.0/libthrift-0.12.0.jar:/home/user/.m2/repository/com/squareup/okhttp3/okhttp/3.9.0/okhttp-3.9.0.jar:/home/user/.m2/repository/com/squareup/okio/okio/1.13.0/okio-1.13.0.jar:/home/user/.m2/repository/io/jaegertracing/jaeger-core/0.34.0/jaeger-core-0.34.0.jar:/home/user/.m2/repository/io/jaegertracing/jaeger-tracerresolver/0.34.0/jaeger-tracerresolver-0.34.0.jar:/home/user/.m2/repository/io/opentracing/contrib/opentracing-tracerresolver/0.1.5/opentracing-tracerresolver-0.1.5.jar:/home/user/.m2/repository/io/opentracing/opentracing-util/0.31.0/opentracing-util-0.31.0.jar:/home/user/.m2/repository/io/opentracing/opentracing-api/0.31.0/opentracing-api-0.31.0.jar:/home/user/.m2/repository/io/opentracing/opentracing-noop/0.31.0/opentracing-noop-0.31.0.jar:/home/user/.m2/repository/org/apache/hadoop/hadoop-hdds-server-framework/0.5.0-SNAPSHOT/hadoop-hdds-server-framework-0.5.0-SNAPSHOT.jar:/home/user/.m2/repository/org/apache/hadoop/hadoop-hdds-container-service/0.5.0-SNAPSHOT/hadoop-hdds-container-service-0.5.0-SNAPSHOT.jar:/home/user/.m2/repository/org/apache/hadoop/hadoop-hdds-client/0.5.0-SNAPSHOT/hadoop-hdds-client-0.5.0-SNAPSHOT.jar:/home/user/.m2/repository/org/apache/hadoop/hadoop-hdds-tools/0.5.0-SNAPSHOT/hadoop-hdds-tools-0.5.0-SNAPSHOT.jar:/home/user/.m2/repository/org/apache/hadoop/hadoop-hdds-server-scm/0.5.0-SNAPSHOT/hadoop-hdds-server-scm-0.5.0-SNAPSHOT.jar:/home/user/.m2/repository/org/apache/hadoop/hadoop-hdds-docs/0.5.0-SNAPSHOT/hadoop-hdds-docs-0.5.0-SNAPSHOT.jar:/home/user/.m2/repository/io/dropwizard/metrics/metrics-core/3.2.4/metrics-core-3.2.4.jar:/home/user/.m2/repository/org/hamcrest/hamcrest-all/1.3/hamcrest-all-1.3.jar:/home/user/.m2/repository/org/bouncycastle/bcprov-jdk15on/1.60/bcprov-jdk15on-1.60.jar:/home/user/.m2/repository/info/picocli/picocli/3.9.6/picocli-3.9.6.jar:/home/user/.m2/repository/com/google/protobuf/protobuf-java/2.5.0/protobuf-java-2.5.0.jar:/home/user/.m2/repository/com/google/guava/guava/11.0.2/guava-11.0.2.jar:/home/user/.m2/repository/org/apache/hadoop/hadoop-ozone-ozone-manager/0.5.0-SNAPSHOT/hadoop-ozone-ozone-manager-0.5.0-SNAPSHOT.jar:/home/user/.m2/repository/org/apache/hadoop/hadoop-minikdc/3.2.0/hadoop-minikdc-3.2.0.jar:/home/user/.m2/repository/commons-io/commons-io/2.5/commons-io-2.5.jar:/home/user/.m2/repository/org/apache/kerby/kerb-simplekdc/1.0.1/kerb-simplekdc-1.0.1.jar:/home/user/.m2/repository/org/apache/kerby/kerb-client/1.0.1/kerb-client-1.0.1.jar:/home/user/.m2/repository/org/apache/kerby/kerby-config/1.0.1/kerby-config-1.0.1.jar:/home/user/.m2/repository/org/apache/kerby/kerb-core/1.0.1/kerb-core-1.0.1.jar:/home/user/.m2/repository/org/apache/kerby/kerby-pkix/1.0.1/kerby-pkix-1.0.1.jar:/home/user/.m2/repository/org/apache/kerby/kerby-asn1/1.0.1/kerby-asn1-1.0.1.jar:/home/user/.m2/repository/org/apache/kerby/kerby-util/1.0.1/kerby-util-1.0.1.jar:/home/user/.m2/repository/org/apache/kerby/kerb-common/1.0.1/kerb-common-1.0.1.jar:/home/user/.m2/repository/org/apache/kerby/kerb-crypto/1.0.1/kerb-crypto-1.0.1.jar:/home/user/.m2/repository/org/apache/kerby/kerb-util/1.0.1/kerb-util-1.0.1.jar:/home/user/.m2/repository/org/apache/kerby/token-provider/1.0.1/token-provider-1.0.1.jar:/home/user/.m2/repository/org/apache/kerby/kerb-admin/1.0.1/kerb-admin-1.0.1.jar:/home/user/.m2/repository/org/apache/kerby/kerb-server/1.0.1/kerb-server-1.0.1.jar:/home/user/.m2/repository/org/apache/kerby/kerb-identity/1.0.1/kerb-identity-1.0.1.jar:/home/user/.m2/repository/org/apache/kerby/kerby-xdr/1.0.1/kerby-xdr-1.0.1.jar:/home/user/.m2/repository/org/slf4j/slf4j-log4j12/1.7.25/slf4j-log4j12-1.7.25.jar:/home/user/.m2/repository/org/apache/hadoop/hadoop-ozone-s3gateway/0.5.0-SNAPSHOT/hadoop-ozone-s3gateway-0.5.0-SNAPSHOT.jar:/home/user/.m2/repository/org/jboss/weld/servlet/weld-servlet/2.4.7.Final/weld-servlet-2.4.7.Final.jar:/home/user/.m2/repository/org/glassfish/jersey/containers/jersey-container-servlet-core/2.27/jersey-container-servlet-core-2.27.jar:/home/user/.m2/repository/org/glassfish/hk2/external/javax.inject/2.5.0-b42/javax.inject-2.5.0-b42.jar:/home/user/.m2/repository/org/glassfish/jersey/core/jersey-common/2.27/jersey-common-2.27.jar:/home/user/.m2/repository/org/glassfish/hk2/osgi-resource-locator/1.0.1/osgi-resource-locator-1.0.1.jar:/home/user/.m2/repository/javax/ws/rs/javax.ws.rs-api/2.1/javax.ws.rs-api-2.1.jar:/home/user/.m2/repository/org/glassfish/jersey/ext/cdi/jersey-cdi1x/2.27/jersey-cdi1x-2.27.jar:/home/user/.m2/repository/org/glassfish/jersey/inject/jersey-hk2/2.27/jersey-hk2-2.27.jar:/home/user/.m2/repository/org/glassfish/hk2/hk2-locator/2.5.0-b42/hk2-locator-2.5.0-b42.jar:/home/user/.m2/repository/org/javassist/javassist/3.22.0-CR2/javassist-3.22.0-CR2.jar:/home/user/.m2/repository/org/glassfish/hk2/hk2-api/2.5.0/hk2-api-2.5.0.jar:/home/user/.m2/repository/org/glassfish/hk2/external/jakarta.inject/2.5.0/jakarta.inject-2.5.0.jar:/home/user/.m2/repository/org/glassfish/hk2/hk2-utils/2.5.0/hk2-utils-2.5.0.jar:/home/user/.m2/repository/jakarta/annotation/jakarta.annotation-api/1.3.4/jakarta.annotation-api-1.3.4.jar:/home/user/.m2/repository/org/glassfish/hk2/external/aopalliance-repackaged/2.5.0/aopalliance-repackaged-2.5.0.jar:/home/user/.m2/repository/com/fasterxml/jackson/dataformat/jackson-dataformat-xml/2.9.0/jackson-dataformat-xml-2.9.0.jar:/home/user/.m2/repository/com/fasterxml/jackson/core/jackson-core/2.9.9/jackson-core-2.9.9.jar:/home/user/.m2/repository/com/fasterxml/jackson/module/jackson-module-jaxb-annotations/2.9.9/jackson-module-jaxb-annotations-2.9.9.jar:/home/user/.m2/repository/javax/enterprise/cdi-api/1.2/cdi-api-1.2.jar:/home/user/.m2/repository/javax/el/javax.el-api/3.0.0/javax.el-api-3.0.0.jar:/home/user/.m2/repository/javax/interceptor/javax.interceptor-api/1.2/javax.interceptor-api-1.2.jar:/home/user/.m2/repository/javax/inject/javax.inject/1/javax.inject-1.jar:/home/user/.m2/repository/com/sun/xml/bind/jaxb-impl/2.3.0.1/jaxb-impl-2.3.0.1.jar:/home/user/.m2/repository/com/sun/xml/bind/jaxb-core/2.3.0.1/jaxb-core-2.3.0.1.jar:/home/user/.m2/repository/javax/xml/bind/jaxb-api/2.3.0/jaxb-api-2.3.0.jar:/home/user/.m2/repository/javax/activation/activation/1.1.1/activation-1.1.1.jar:/home/user/.m2/repository/org/apache/hadoop/hadoop-ozone-csi/0.5.0-SNAPSHOT/hadoop-ozone-csi-0.5.0-SNAPSHOT.jar:/home/user/.m2/repository/com/google/protobuf/protobuf-java-util/3.5.1/protobuf-java-util-3.5.1.jar:/home/user/.m2/repository/org/apache/hadoop/hadoop-hdds-config/0.5.0-SNAPSHOT/hadoop-hdds-config-0.5.0-SNAPSHOT.jar:/home/user/.m2/repository/io/grpc/grpc-netty/1.17.1/grpc-netty-1.17.1.jar:/home/user/.m2/repository/io/grpc/grpc-core/1.17.1/grpc-core-1.17.1.jar:/home/user/.m2/repository/io/grpc/grpc-context/1.17.1/grpc-context-1.17.1.jar:/home/user/.m2/repository/com/google/errorprone/error_prone_annotations/2.2.0/error_prone_annotations-2.2.0.jar:/home/user/.m2/repository/org/codehaus/mojo/animal-sniffer-annotations/1.17/animal-sniffer-annotations-1.17.jar:/home/user/.m2/repository/io/opencensus/opencensus-api/0.17.0/opencensus-api-0.17.0.jar:/home/user/.m2/repository/io/opencensus/opencensus-contrib-grpc-metrics/0.17.0/opencensus-contrib-grpc-metrics-0.17.0.jar:/home/user/.m2/repository/io/netty/netty-codec-http2/4.1.30.Final/netty-codec-http2-4.1.30.Final.jar:/home/user/.m2/repository/io/netty/netty-codec-http/4.1.30.Final/netty-codec-http-4.1.30.Final.jar:/home/user/.m2/repository/io/netty/netty-codec/4.1.30.Final/netty-codec-4.1.30.Final.jar:/home/user/.m2/repository/io/netty/netty-handler/4.1.30.Final/netty-handler-4.1.30.Final.jar:/home/user/.m2/repository/io/netty/netty-handler-proxy/4.1.30.Final/netty-handler-proxy-4.1.30.Final.jar:/home/user/.m2/repository/io/netty/netty-codec-socks/4.1.30.Final/netty-codec-socks-4.1.30.Final.jar:/home/user/.m2/repository/io/netty/netty-transport-native-epoll/4.1.30.Final/netty-transport-native-epoll-4.1.30.Final.jar:/home/user/.m2/repository/io/netty/netty-common/4.1.30.Final/netty-common-4.1.30.Final.jar:/home/user/.m2/repository/io/netty/netty-buffer/4.1.30.Final/netty-buffer-4.1.30.Final.jar:/home/user/.m2/repository/io/netty/netty-transport/4.1.30.Final/netty-transport-4.1.30.Final.jar:/home/user/.m2/repository/io/netty/netty-resolver/4.1.30.Final/netty-resolver-4.1.30.Final.jar:/home/user/.m2/repository/io/netty/netty-transport-native-unix-common/4.1.30.Final/netty-transport-native-unix-common-4.1.30.Final.jar:/home/user/.m2/repository/io/grpc/grpc-protobuf/1.17.1/grpc-protobuf-1.17.1.jar:/home/user/.m2/repository/com/google/api/grpc/proto-google-common-protos/1.0.0/proto-google-common-protos-1.0.0.jar:/home/user/.m2/repository/io/grpc/grpc-protobuf-lite/1.17.1/grpc-protobuf-lite-1.17.1.jar:/home/user/.m2/repository/io/grpc/grpc-stub/1.17.1/grpc-stub-1.17.1.jar:/home/user/.m2/repository/org/apache/hadoop/hadoop-ozone-recon/0.5.0-SNAPSHOT/hadoop-ozone-recon-0.5.0-SNAPSHOT.jar:/home/user/.m2/repository/org/apache/hadoop/hadoop-ozone-reconcodegen/0.5.0-SNAPSHOT/hadoop-ozone-reconcodegen-0.5.0-SNAPSHOT.jar:/home/user/.m2/repository/com/google/inject/extensions/guice-multibindings/4.0/guice-multibindings-4.0.jar:/home/user/.m2/repository/com/google/inject/guice/4.0/guice-4.0.jar:/home/user/.m2/repository/aopalliance/aopalliance/1.0/aopalliance-1.0.jar:/home/user/.m2/repository/com/google/inject/extensions/guice-servlet/4.0/guice-servlet-4.0.jar:/home/user/.m2/repository/org/glassfish/jersey/containers/jersey-container-servlet/2.27/jersey-container-servlet-2.27.jar:/home/user/.m2/repository/org/glassfish/hk2/guice-bridge/2.5.0/guice-bridge-2.5.0.jar:/home/user/.m2/repository/org/glassfish/jersey/core/jersey-server/2.27/jersey-server-2.27.jar:/home/user/.m2/repository/org/glassfish/jersey/core/jersey-client/2.27/jersey-client-2.27.jar:/home/user/.m2/repository/org/glassfish/jersey/media/jersey-media-jaxb/2.27/jersey-media-jaxb-2.27.jar:/home/user/.m2/repository/javax/validation/validation-api/1.1.0.Final/validation-api-1.1.0.Final.jar:/home/user/.m2/repository/org/glassfish/jersey/media/jersey-media-json-jackson/2.27/jersey-media-json-jackson-2.27.jar:/home/user/.m2/repository/org/glassfish/jersey/ext/jersey-entity-filtering/2.27/jersey-entity-filtering-2.27.jar:/home/user/.m2/repository/com/google/inject/extensions/guice-assistedinject/4.0/guice-assistedinject-4.0.jar:/home/user/.m2/repository/org/jooq/jooq/3.11.10/jooq-3.11.10.jar:/home/user/.m2/repository/org/jooq/jooq-meta/3.11.10/jooq-meta-3.11.10.jar:/home/user/.m2/repository/org/jooq/jooq-codegen/3.11.10/jooq-codegen-3.11.10.jar:/home/user/.m2/repository/com/jolbox/bonecp/0.8.0.RELEASE/bonecp-0.8.0.RELEASE.jar:/home/user/.m2/repository/org/xerial/sqlite-jdbc/3.25.2/sqlite-jdbc-3.25.2.jar:/home/user/.m2/repository/org/springframework/spring-jdbc/5.1.3.RELEASE/spring-jdbc-5.1.3.RELEASE.jar:/home/user/.m2/repository/org/springframework/spring-beans/5.1.3.RELEASE/spring-beans-5.1.3.RELEASE.jar:/home/user/.m2/repository/org/springframework/spring-core/5.1.3.RELEASE/spring-core-5.1.3.RELEASE.jar:/home/user/.m2/repository/org/springframework/spring-jcl/5.1.3.RELEASE/spring-jcl-5.1.3.RELEASE.jar:/home/user/.m2/repository/org/springframework/spring-tx/5.1.3.RELEASE/spring-tx-5.1.3.RELEASE.jar:/home/user/.m2/repository/org/apache/hadoop/hadoop-ozone-client/0.5.0-SNAPSHOT/hadoop-ozone-client-0.5.0-SNAPSHOT.jar:/home/user/.m2/repository/commons-lang/commons-lang/2.6/commons-lang-2.6.jar:/home/user/.m2/repository/org/apache/hadoop/hadoop-ozone-ozone-manager/0.5.0-SNAPSHOT/hadoop-ozone-ozone-manager-0.5.0-SNAPSHOT-tests.jar:/home/user/.m2/repository/junit/junit/4.11/junit-4.11.jar:/home/user/.m2/repository/org/hamcrest/hamcrest-core/1.3/hamcrest-core-1.3.jar:/home/user/.m2/repository/org/openjdk/jmh/jmh-core/1.19/jmh-core-1.19.jar:/home/user/.m2/repository/net/sf/jopt-simple/jopt-simple/4.6/jopt-simple-4.6.jar:/home/user/.m2/repository/org/apache/commons/commons-math3/3.1.1/commons-math3-3.1.1.jar:/home/user/.m2/repository/org/openjdk/jmh/jmh-generator-annprocess/1.19/jmh-generator-annprocess-1.19.jar:/home/user/.m2/repository/org/mockito/mockito-all/1.8.5/mockito-all-1.8.5.jar:/home/user/.m2/repository/org/apache/hadoop/hadoop-kms/3.2.0/hadoop-kms-3.2.0.jar:/home/user/.m2/repository/org/apache/hadoop/hadoop-auth/3.2.0/hadoop-auth-3.2.0.jar:/home/user/.m2/repository/com/nimbusds/nimbus-jose-jwt/4.41.1/nimbus-jose-jwt-4.41.1.jar:/home/user/.m2/repository/com/github/stephenc/jcip/jcip-annotations/1.0-1/jcip-annotations-1.0-1.jar:/home/user/.m2/repository/net/minidev/json-smart/2.3/json-smart-2.3.jar:/home/user/.m2/repository/net/minidev/accessors-smart/1.2/accessors-smart-1.2.jar:/home/user/.m2/repository/org/ow2/asm/asm/5.0.4/asm-5.0.4.jar:/home/user/.m2/repository/org/apache/curator/curator-framework/2.12.0/curator-framework-2.12.0.jar:/home/user/.m2/repository/com/sun/jersey/jersey-core/1.19/jersey-core-1.19.jar:/home/user/.m2/repository/javax/ws/rs/jsr311-api/1.1.1/jsr311-api-1.1.1.jar:/home/user/.m2/repository/com/sun/jersey/jersey-server/1.19/jersey-server-1.19.jar:/home/user/.m2/repository/javax/servlet/javax.servlet-api/3.1.0/javax.servlet-api-3.1.0.jar:/home/user/.m2/repository/org/eclipse/jetty/jetty-server/9.3.25.v20180904/jetty-server-9.3.25.v20180904.jar:/home/user/.m2/repository/org/eclipse/jetty/jetty-http/9.3.25.v20180904/jetty-http-9.3.25.v20180904.jar:/home/user/.m2/repository/org/eclipse/jetty/jetty-io/9.3.25.v20180904/jetty-io-9.3.25.v20180904.jar:/home/user/.m2/repository/org/eclipse/jetty/jetty-webapp/9.3.25.v20180904/jetty-webapp-9.3.25.v20180904.jar:/home/user/.m2/repository/org/eclipse/jetty/jetty-xml/9.3.25.v20180904/jetty-xml-9.3.25.v20180904.jar:/home/user/.m2/repository/log4j/log4j/1.2.17/log4j-1.2.17.jar:/home/user/.m2/repository/org/slf4j/slf4j-api/1.7.25/slf4j-api-1.7.25.jar:/home/user/.m2/repository/org/slf4j/jul-to-slf4j/1.7.25/jul-to-slf4j-1.7.25.jar:/home/user/.m2/repository/org/eclipse/jetty/jetty-util/9.3.25.v20180904/jetty-util-9.3.25.v20180904.jar:/home/user/.m2/repository/com/fasterxml/jackson/core/jackson-databind/2.9.9/jackson-databind-2.9.9.jar:/home/user/.m2/repository/org/apache/hadoop/hadoop-kms/3.2.0/hadoop-kms-3.2.0-tests.jar:/home/user/.m2/repository/org/apache/hadoop/hadoop-hdds-server-scm/0.5.0-SNAPSHOT/hadoop-hdds-server-scm-0.5.0-SNAPSHOT-tests.jar:/home/user/.m2/repository/org/apache/hadoop/hadoop-hdds-container-service/0.5.0-SNAPSHOT/hadoop-hdds-container-service-0.5.0-SNAPSHOT-tests.jar:/home/user/.m2/repository/org/yaml/snakeyaml/1.16/snakeyaml-1.16.jar:/home/user/.m2/repository/org/apache/hadoop/hadoop-common/3.2.0/hadoop-common-3.2.0-tests.jar:/home/user/.m2/repository/org/apache/hadoop/hadoop-annotations/3.2.0/hadoop-annotations-3.2.0.jar:/usr/lib/jvm/java-1.8-openjdk/jre/../lib/tools.jar:/home/user/.m2/repository/commons-cli/commons-cli/1.2/commons-cli-1.2.jar:/home/user/.m2/repository/org/apache/httpcomponents/httpclient/4.5.2/httpclient-4.5.2.jar:/home/user/.m2/repository/org/apache/httpcomponents/httpcore/4.4.4/httpcore-4.4.4.jar:/home/user/.m2/repository/commons-codec/commons-codec/1.11/commons-codec-1.11.jar:/home/user/.m2/repository/commons-net/commons-net/3.6/commons-net-3.6.jar:/home/user/.m2/repository/commons-collections/commons-collections/3.2.2/commons-collections-3.2.2.jar:/home/user/.m2/repository/org/eclipse/jetty/jetty-servlet/9.3.25.v20180904/jetty-servlet-9.3.25.v20180904.jar:/home/user/.m2/repository/org/eclipse/jetty/jetty-security/9.3.25.v20180904/jetty-security-9.3.25.v20180904.jar:/home/user/.m2/repository/javax/servlet/jsp/jsp-api/2.1/jsp-api-2.1.jar:/home/user/.m2/repository/com/sun/jersey/jersey-servlet/1.19/jersey-servlet-1.19.jar:/home/user/.m2/repository/com/sun/jersey/jersey-json/1.19/jersey-json-1.19.jar:/home/user/.m2/repository/org/codehaus/jettison/jettison/1.1/jettison-1.1.jar:/home/user/.m2/repository/org/codehaus/jackson/jackson-core-asl/1.9.13/jackson-core-asl-1.9.13.jar:/home/user/.m2/repository/org/codehaus/jackson/jackson-mapper-asl/1.9.13/jackson-mapper-asl-1.9.13.jar:/home/user/.m2/repository/org/codehaus/jackson/jackson-jaxrs/1.9.13/jackson-jaxrs-1.9.13.jar:/home/user/.m2/repository/org/codehaus/jackson/jackson-xc/1.9.13/jackson-xc-1.9.13.jar:/home/user/.m2/repository/commons-logging/commons-logging/1.1.3/commons-logging-1.1.3.jar:/home/user/.m2/repository/commons-beanutils/commons-beanutils/1.9.4/commons-beanutils-1.9.4.jar:/home/user/.m2/repository/org/apache/commons/commons-configuration2/2.1.1/commons-configuration2-2.1.1.jar:/home/user/.m2/repository/org/apache/commons/commons-lang3/3.7/commons-lang3-3.7.jar:/home/user/.m2/repository/org/apache/commons/commons-text/1.4/commons-text-1.4.jar:/home/user/.m2/repository/org/apache/avro/avro/1.7.7/avro-1.7.7.jar:/home/user/.m2/repository/com/thoughtworks/paranamer/paranamer/2.3/paranamer-2.3.jar:/home/user/.m2/repository/org/xerial/snappy/snappy-java/1.0.5/snappy-java-1.0.5.jar:/home/user/.m2/repository/com/google/re2j/re2j/1.1/re2j-1.1.jar:/home/user/.m2/repository/com/google/code/gson/gson/2.2.4/gson-2.2.4.jar:/home/user/.m2/repository/com/jcraft/jsch/0.1.54/jsch-0.1.54.jar:/home/user/.m2/repository/org/apache/curator/curator-client/2.12.0/curator-client-2.12.0.jar:/home/user/.m2/repository/org/apache/curator/curator-recipes/2.12.0/curator-recipes-2.12.0.jar:/home/user/.m2/repository/com/google/code/findbugs/jsr305/3.0.0/jsr305-3.0.0.jar:/home/user/.m2/repository/org/apache/htrace/htrace-core4/4.1.0-incubating/htrace-core4-4.1.0-incubating.jar:/home/user/.m2/repository/org/apache/zookeeper/zookeeper/3.4.13/zookeeper-3.4.13.jar:/home/user/.m2/repository/jline/jline/0.9.94/jline-0.9.94.jar:/home/user/.m2/repository/org/apache/yetus/audience-annotations/0.5.0/audience-annotations-0.5.0.jar:/home/user/.m2/repository/org/codehaus/woodstox/stax2-api/3.1.4/stax2-api-3.1.4.jar:/home/user/.m2/repository/com/fasterxml/woodstox/woodstox-core/5.0.3/woodstox-core-5.0.3.jar:/home/user/.m2/repository/dnsjava/dnsjava/2.1.7/dnsjava-2.1.7.jar:/home/user/.m2/repository/org/apache/hadoop/hadoop-hdfs/3.2.0/hadoop-hdfs-3.2.0-tests.jar:/home/user/.m2/repository/org/eclipse/jetty/jetty-util-ajax/9.3.25.v20180904/jetty-util-ajax-9.3.25.v20180904.jar:/home/user/.m2/repository/commons-daemon/commons-daemon/1.0.13/commons-daemon-1.0.13.jar:/home/user/.m2/repository/io/netty/netty/3.10.5.Final/netty-3.10.5.Final.jar:/home/user/.m2/repository/io/netty/netty-all/4.0.52.Final/netty-all-4.0.52.Final.jar:/home/user/.m2/repository/org/fusesource/leveldbjni/leveldbjni-all/1.8/leveldbjni-all-1.8.jar:"/>
    <property name="java.vm.vendor" value="IcedTea"/>
    <property name="sun.arch.data.model" value="64"/>
    <property name="test.build.dir" value="/workdir/hadoop-ozone/integration-test/target/test-dir"/>
    <property name="test.cache.data" value=""/>
    <property name="java.vendor.url" value="https://icedtea.classpath.org"/>
    <property name="user.timezone" value=""/>
    <property name="java.vm.specification.version" value="1.8"/>
    <property name="os.name" value="Linux"/>
    <property name="test.build.data" value="/workdir/hadoop-ozone/integration-test/target/test-dir"/>
    <property name="user.country" value="US"/>
    <property name="sun.java.launcher" value="SUN_STANDARD"/>
    <property name="sun.boot.library.path" value="/usr/lib/jvm/java-1.8-openjdk/jre/lib/amd64"/>
    <property name="sun.java.command" value="/workdir/hadoop-ozone/integration-test/target/surefire/surefirebooter3745221332162646249.jar /workdir/hadoop-ozone/integration-test/target/surefire 2019-10-02T19-56-51_346-jvmRun1 surefire3830563973806666964tmp surefire_543924936371980057902tmp"/>
    <property name="test" value="!TestMiniChaosOzoneCluster"/>
    <property name="surefire.test.class.path" value="/workdir/hadoop-ozone/integration-test/target/test-classes:/workdir/hadoop-ozone/integration-test/target/classes:/home/user/.m2/repository/org/apache/hadoop/hadoop-ozone-common/0.5.0-SNAPSHOT/hadoop-ozone-common-0.5.0-SNAPSHOT.jar:/home/user/.m2/repository/org/apache/commons/commons-compress/1.4.1/commons-compress-1.4.1.jar:/home/user/.m2/repository/org/tukaani/xz/1.0/xz-1.0.jar:/home/user/.m2/repository/org/apache/hadoop/hadoop-common/3.2.0/hadoop-common-3.2.0.jar:/home/user/.m2/repository/org/apache/hadoop/hadoop-hdfs/3.2.0/hadoop-hdfs-3.2.0.jar:/home/user/.m2/repository/org/apache/hadoop/hadoop-hdfs-client/3.2.0/hadoop-hdfs-client-3.2.0.jar:/home/user/.m2/repository/com/fasterxml/jackson/core/jackson-annotations/2.9.9/jackson-annotations-2.9.9.jar:/home/user/.m2/repository/org/apache/hadoop/hadoop-hdds-common/0.5.0-SNAPSHOT/hadoop-hdds-common-0.5.0-SNAPSHOT.jar:/home/user/.m2/repository/javax/annotation/javax.annotation-api/1.2/javax.annotation-api-1.2.jar:/home/user/.m2/repository/org/apache/ratis/ratis-server/0.5.0-201fc85-SNAPSHOT/ratis-server-0.5.0-201fc85-SNAPSHOT.jar:/home/user/.m2/repository/org/apache/ratis/ratis-thirdparty-misc/0.2.0/ratis-thirdparty-misc-0.2.0.jar:/home/user/.m2/repository/org/apache/ratis/ratis-proto/0.5.0-201fc85-SNAPSHOT/ratis-proto-0.5.0-201fc85-SNAPSHOT.jar:/home/user/.m2/repository/org/apache/ratis/ratis-common/0.5.0-201fc85-SNAPSHOT/ratis-common-0.5.0-201fc85-SNAPSHOT.jar:/home/user/.m2/repository/org/apache/ratis/ratis-client/0.5.0-201fc85-SNAPSHOT/ratis-client-0.5.0-201fc85-SNAPSHOT.jar:/home/user/.m2/repository/org/apache/ratis/ratis-metrics/0.5.0-201fc85-SNAPSHOT/ratis-metrics-0.5.0-201fc85-SNAPSHOT.jar:/home/user/.m2/repository/com/github/joshelser/dropwizard-metrics-hadoop-metrics2-reporter/0.1.2/dropwizard-metrics-hadoop-metrics2-reporter-0.1.2.jar:/home/user/.m2/repository/io/dropwizard/metrics/metrics-jvm/3.2.5/metrics-jvm-3.2.5.jar:/home/user/.m2/repository/io/dropwizard/metrics/metrics-ganglia/3.2.5/metrics-ganglia-3.2.5.jar:/home/user/.m2/repository/info/ganglia/gmetric4j/gmetric4j/1.0.7/gmetric4j-1.0.7.jar:/home/user/.m2/repository/org/apache/ratis/ratis-netty/0.5.0-201fc85-SNAPSHOT/ratis-netty-0.5.0-201fc85-SNAPSHOT.jar:/home/user/.m2/repository/org/apache/ratis/ratis-grpc/0.5.0-201fc85-SNAPSHOT/ratis-grpc-0.5.0-201fc85-SNAPSHOT.jar:/home/user/.m2/repository/org/rocksdb/rocksdbjni/6.0.1/rocksdbjni-6.0.1.jar:/home/user/.m2/repository/org/apache/logging/log4j/log4j-api/2.11.0/log4j-api-2.11.0.jar:/home/user/.m2/repository/org/apache/logging/log4j/log4j-core/2.11.0/log4j-core-2.11.0.jar:/home/user/.m2/repository/com/lmax/disruptor/3.4.2/disruptor-3.4.2.jar:/home/user/.m2/repository/org/apache/commons/commons-pool2/2.6.0/commons-pool2-2.6.0.jar:/home/user/.m2/repository/org/bouncycastle/bcpkix-jdk15on/1.60/bcpkix-jdk15on-1.60.jar:/home/user/.m2/repository/commons-validator/commons-validator/1.6/commons-validator-1.6.jar:/home/user/.m2/repository/commons-digester/commons-digester/1.8.1/commons-digester-1.8.1.jar:/home/user/.m2/repository/io/jaegertracing/jaeger-client/0.34.0/jaeger-client-0.34.0.jar:/home/user/.m2/repository/io/jaegertracing/jaeger-thrift/0.34.0/jaeger-thrift-0.34.0.jar:/home/user/.m2/repository/org/apache/thrift/libthrift/0.12.0/libthrift-0.12.0.jar:/home/user/.m2/repository/com/squareup/okhttp3/okhttp/3.9.0/okhttp-3.9.0.jar:/home/user/.m2/repository/com/squareup/okio/okio/1.13.0/okio-1.13.0.jar:/home/user/.m2/repository/io/jaegertracing/jaeger-core/0.34.0/jaeger-core-0.34.0.jar:/home/user/.m2/repository/io/jaegertracing/jaeger-tracerresolver/0.34.0/jaeger-tracerresolver-0.34.0.jar:/home/user/.m2/repository/io/opentracing/contrib/opentracing-tracerresolver/0.1.5/opentracing-tracerresolver-0.1.5.jar:/home/user/.m2/repository/io/opentracing/opentracing-util/0.31.0/opentracing-util-0.31.0.jar:/home/user/.m2/repository/io/opentracing/opentracing-api/0.31.0/opentracing-api-0.31.0.jar:/home/user/.m2/repository/io/opentracing/opentracing-noop/0.31.0/opentracing-noop-0.31.0.jar:/home/user/.m2/repository/org/apache/hadoop/hadoop-hdds-server-framework/0.5.0-SNAPSHOT/hadoop-hdds-server-framework-0.5.0-SNAPSHOT.jar:/home/user/.m2/repository/org/apache/hadoop/hadoop-hdds-container-service/0.5.0-SNAPSHOT/hadoop-hdds-container-service-0.5.0-SNAPSHOT.jar:/home/user/.m2/repository/org/apache/hadoop/hadoop-hdds-client/0.5.0-SNAPSHOT/hadoop-hdds-client-0.5.0-SNAPSHOT.jar:/home/user/.m2/repository/org/apache/hadoop/hadoop-hdds-tools/0.5.0-SNAPSHOT/hadoop-hdds-tools-0.5.0-SNAPSHOT.jar:/home/user/.m2/repository/org/apache/hadoop/hadoop-hdds-server-scm/0.5.0-SNAPSHOT/hadoop-hdds-server-scm-0.5.0-SNAPSHOT.jar:/home/user/.m2/repository/org/apache/hadoop/hadoop-hdds-docs/0.5.0-SNAPSHOT/hadoop-hdds-docs-0.5.0-SNAPSHOT.jar:/home/user/.m2/repository/io/dropwizard/metrics/metrics-core/3.2.4/metrics-core-3.2.4.jar:/home/user/.m2/repository/org/hamcrest/hamcrest-all/1.3/hamcrest-all-1.3.jar:/home/user/.m2/repository/org/bouncycastle/bcprov-jdk15on/1.60/bcprov-jdk15on-1.60.jar:/home/user/.m2/repository/info/picocli/picocli/3.9.6/picocli-3.9.6.jar:/home/user/.m2/repository/com/google/protobuf/protobuf-java/2.5.0/protobuf-java-2.5.0.jar:/home/user/.m2/repository/com/google/guava/guava/11.0.2/guava-11.0.2.jar:/home/user/.m2/repository/org/apache/hadoop/hadoop-ozone-ozone-manager/0.5.0-SNAPSHOT/hadoop-ozone-ozone-manager-0.5.0-SNAPSHOT.jar:/home/user/.m2/repository/org/apache/hadoop/hadoop-minikdc/3.2.0/hadoop-minikdc-3.2.0.jar:/home/user/.m2/repository/commons-io/commons-io/2.5/commons-io-2.5.jar:/home/user/.m2/repository/org/apache/kerby/kerb-simplekdc/1.0.1/kerb-simplekdc-1.0.1.jar:/home/user/.m2/repository/org/apache/kerby/kerb-client/1.0.1/kerb-client-1.0.1.jar:/home/user/.m2/repository/org/apache/kerby/kerby-config/1.0.1/kerby-config-1.0.1.jar:/home/user/.m2/repository/org/apache/kerby/kerb-core/1.0.1/kerb-core-1.0.1.jar:/home/user/.m2/repository/org/apache/kerby/kerby-pkix/1.0.1/kerby-pkix-1.0.1.jar:/home/user/.m2/repository/org/apache/kerby/kerby-asn1/1.0.1/kerby-asn1-1.0.1.jar:/home/user/.m2/repository/org/apache/kerby/kerby-util/1.0.1/kerby-util-1.0.1.jar:/home/user/.m2/repository/org/apache/kerby/kerb-common/1.0.1/kerb-common-1.0.1.jar:/home/user/.m2/repository/org/apache/kerby/kerb-crypto/1.0.1/kerb-crypto-1.0.1.jar:/home/user/.m2/repository/org/apache/kerby/kerb-util/1.0.1/kerb-util-1.0.1.jar:/home/user/.m2/repository/org/apache/kerby/token-provider/1.0.1/token-provider-1.0.1.jar:/home/user/.m2/repository/org/apache/kerby/kerb-admin/1.0.1/kerb-admin-1.0.1.jar:/home/user/.m2/repository/org/apache/kerby/kerb-server/1.0.1/kerb-server-1.0.1.jar:/home/user/.m2/repository/org/apache/kerby/kerb-identity/1.0.1/kerb-identity-1.0.1.jar:/home/user/.m2/repository/org/apache/kerby/kerby-xdr/1.0.1/kerby-xdr-1.0.1.jar:/home/user/.m2/repository/org/slf4j/slf4j-log4j12/1.7.25/slf4j-log4j12-1.7.25.jar:/home/user/.m2/repository/org/apache/hadoop/hadoop-ozone-s3gateway/0.5.0-SNAPSHOT/hadoop-ozone-s3gateway-0.5.0-SNAPSHOT.jar:/home/user/.m2/repository/org/jboss/weld/servlet/weld-servlet/2.4.7.Final/weld-servlet-2.4.7.Final.jar:/home/user/.m2/repository/org/glassfish/jersey/containers/jersey-container-servlet-core/2.27/jersey-container-servlet-core-2.27.jar:/home/user/.m2/repository/org/glassfish/hk2/external/javax.inject/2.5.0-b42/javax.inject-2.5.0-b42.jar:/home/user/.m2/repository/org/glassfish/jersey/core/jersey-common/2.27/jersey-common-2.27.jar:/home/user/.m2/repository/org/glassfish/hk2/osgi-resource-locator/1.0.1/osgi-resource-locator-1.0.1.jar:/home/user/.m2/repository/javax/ws/rs/javax.ws.rs-api/2.1/javax.ws.rs-api-2.1.jar:/home/user/.m2/repository/org/glassfish/jersey/ext/cdi/jersey-cdi1x/2.27/jersey-cdi1x-2.27.jar:/home/user/.m2/repository/org/glassfish/jersey/inject/jersey-hk2/2.27/jersey-hk2-2.27.jar:/home/user/.m2/repository/org/glassfish/hk2/hk2-locator/2.5.0-b42/hk2-locator-2.5.0-b42.jar:/home/user/.m2/repository/org/javassist/javassist/3.22.0-CR2/javassist-3.22.0-CR2.jar:/home/user/.m2/repository/org/glassfish/hk2/hk2-api/2.5.0/hk2-api-2.5.0.jar:/home/user/.m2/repository/org/glassfish/hk2/external/jakarta.inject/2.5.0/jakarta.inject-2.5.0.jar:/home/user/.m2/repository/org/glassfish/hk2/hk2-utils/2.5.0/hk2-utils-2.5.0.jar:/home/user/.m2/repository/jakarta/annotation/jakarta.annotation-api/1.3.4/jakarta.annotation-api-1.3.4.jar:/home/user/.m2/repository/org/glassfish/hk2/external/aopalliance-repackaged/2.5.0/aopalliance-repackaged-2.5.0.jar:/home/user/.m2/repository/com/fasterxml/jackson/dataformat/jackson-dataformat-xml/2.9.0/jackson-dataformat-xml-2.9.0.jar:/home/user/.m2/repository/com/fasterxml/jackson/core/jackson-core/2.9.9/jackson-core-2.9.9.jar:/home/user/.m2/repository/com/fasterxml/jackson/module/jackson-module-jaxb-annotations/2.9.9/jackson-module-jaxb-annotations-2.9.9.jar:/home/user/.m2/repository/javax/enterprise/cdi-api/1.2/cdi-api-1.2.jar:/home/user/.m2/repository/javax/el/javax.el-api/3.0.0/javax.el-api-3.0.0.jar:/home/user/.m2/repository/javax/interceptor/javax.interceptor-api/1.2/javax.interceptor-api-1.2.jar:/home/user/.m2/repository/javax/inject/javax.inject/1/javax.inject-1.jar:/home/user/.m2/repository/com/sun/xml/bind/jaxb-impl/2.3.0.1/jaxb-impl-2.3.0.1.jar:/home/user/.m2/repository/com/sun/xml/bind/jaxb-core/2.3.0.1/jaxb-core-2.3.0.1.jar:/home/user/.m2/repository/javax/xml/bind/jaxb-api/2.3.0/jaxb-api-2.3.0.jar:/home/user/.m2/repository/javax/activation/activation/1.1.1/activation-1.1.1.jar:/home/user/.m2/repository/org/apache/hadoop/hadoop-ozone-csi/0.5.0-SNAPSHOT/hadoop-ozone-csi-0.5.0-SNAPSHOT.jar:/home/user/.m2/repository/com/google/protobuf/protobuf-java-util/3.5.1/protobuf-java-util-3.5.1.jar:/home/user/.m2/repository/org/apache/hadoop/hadoop-hdds-config/0.5.0-SNAPSHOT/hadoop-hdds-config-0.5.0-SNAPSHOT.jar:/home/user/.m2/repository/io/grpc/grpc-netty/1.17.1/grpc-netty-1.17.1.jar:/home/user/.m2/repository/io/grpc/grpc-core/1.17.1/grpc-core-1.17.1.jar:/home/user/.m2/repository/io/grpc/grpc-context/1.17.1/grpc-context-1.17.1.jar:/home/user/.m2/repository/com/google/errorprone/error_prone_annotations/2.2.0/error_prone_annotations-2.2.0.jar:/home/user/.m2/repository/org/codehaus/mojo/animal-sniffer-annotations/1.17/animal-sniffer-annotations-1.17.jar:/home/user/.m2/repository/io/opencensus/opencensus-api/0.17.0/opencensus-api-0.17.0.jar:/home/user/.m2/repository/io/opencensus/opencensus-contrib-grpc-metrics/0.17.0/opencensus-contrib-grpc-metrics-0.17.0.jar:/home/user/.m2/repository/io/netty/netty-codec-http2/4.1.30.Final/netty-codec-http2-4.1.30.Final.jar:/home/user/.m2/repository/io/netty/netty-codec-http/4.1.30.Final/netty-codec-http-4.1.30.Final.jar:/home/user/.m2/repository/io/netty/netty-codec/4.1.30.Final/netty-codec-4.1.30.Final.jar:/home/user/.m2/repository/io/netty/netty-handler/4.1.30.Final/netty-handler-4.1.30.Final.jar:/home/user/.m2/repository/io/netty/netty-handler-proxy/4.1.30.Final/netty-handler-proxy-4.1.30.Final.jar:/home/user/.m2/repository/io/netty/netty-codec-socks/4.1.30.Final/netty-codec-socks-4.1.30.Final.jar:/home/user/.m2/repository/io/netty/netty-transport-native-epoll/4.1.30.Final/netty-transport-native-epoll-4.1.30.Final.jar:/home/user/.m2/repository/io/netty/netty-common/4.1.30.Final/netty-common-4.1.30.Final.jar:/home/user/.m2/repository/io/netty/netty-buffer/4.1.30.Final/netty-buffer-4.1.30.Final.jar:/home/user/.m2/repository/io/netty/netty-transport/4.1.30.Final/netty-transport-4.1.30.Final.jar:/home/user/.m2/repository/io/netty/netty-resolver/4.1.30.Final/netty-resolver-4.1.30.Final.jar:/home/user/.m2/repository/io/netty/netty-transport-native-unix-common/4.1.30.Final/netty-transport-native-unix-common-4.1.30.Final.jar:/home/user/.m2/repository/io/grpc/grpc-protobuf/1.17.1/grpc-protobuf-1.17.1.jar:/home/user/.m2/repository/com/google/api/grpc/proto-google-common-protos/1.0.0/proto-google-common-protos-1.0.0.jar:/home/user/.m2/repository/io/grpc/grpc-protobuf-lite/1.17.1/grpc-protobuf-lite-1.17.1.jar:/home/user/.m2/repository/io/grpc/grpc-stub/1.17.1/grpc-stub-1.17.1.jar:/home/user/.m2/repository/org/apache/hadoop/hadoop-ozone-recon/0.5.0-SNAPSHOT/hadoop-ozone-recon-0.5.0-SNAPSHOT.jar:/home/user/.m2/repository/org/apache/hadoop/hadoop-ozone-reconcodegen/0.5.0-SNAPSHOT/hadoop-ozone-reconcodegen-0.5.0-SNAPSHOT.jar:/home/user/.m2/repository/com/google/inject/extensions/guice-multibindings/4.0/guice-multibindings-4.0.jar:/home/user/.m2/repository/com/google/inject/guice/4.0/guice-4.0.jar:/home/user/.m2/repository/aopalliance/aopalliance/1.0/aopalliance-1.0.jar:/home/user/.m2/repository/com/google/inject/extensions/guice-servlet/4.0/guice-servlet-4.0.jar:/home/user/.m2/repository/org/glassfish/jersey/containers/jersey-container-servlet/2.27/jersey-container-servlet-2.27.jar:/home/user/.m2/repository/org/glassfish/hk2/guice-bridge/2.5.0/guice-bridge-2.5.0.jar:/home/user/.m2/repository/org/glassfish/jersey/core/jersey-server/2.27/jersey-server-2.27.jar:/home/user/.m2/repository/org/glassfish/jersey/core/jersey-client/2.27/jersey-client-2.27.jar:/home/user/.m2/repository/org/glassfish/jersey/media/jersey-media-jaxb/2.27/jersey-media-jaxb-2.27.jar:/home/user/.m2/repository/javax/validation/validation-api/1.1.0.Final/validation-api-1.1.0.Final.jar:/home/user/.m2/repository/org/glassfish/jersey/media/jersey-media-json-jackson/2.27/jersey-media-json-jackson-2.27.jar:/home/user/.m2/repository/org/glassfish/jersey/ext/jersey-entity-filtering/2.27/jersey-entity-filtering-2.27.jar:/home/user/.m2/repository/com/google/inject/extensions/guice-assistedinject/4.0/guice-assistedinject-4.0.jar:/home/user/.m2/repository/org/jooq/jooq/3.11.10/jooq-3.11.10.jar:/home/user/.m2/repository/org/jooq/jooq-meta/3.11.10/jooq-meta-3.11.10.jar:/home/user/.m2/repository/org/jooq/jooq-codegen/3.11.10/jooq-codegen-3.11.10.jar:/home/user/.m2/repository/com/jolbox/bonecp/0.8.0.RELEASE/bonecp-0.8.0.RELEASE.jar:/home/user/.m2/repository/org/xerial/sqlite-jdbc/3.25.2/sqlite-jdbc-3.25.2.jar:/home/user/.m2/repository/org/springframework/spring-jdbc/5.1.3.RELEASE/spring-jdbc-5.1.3.RELEASE.jar:/home/user/.m2/repository/org/springframework/spring-beans/5.1.3.RELEASE/spring-beans-5.1.3.RELEASE.jar:/home/user/.m2/repository/org/springframework/spring-core/5.1.3.RELEASE/spring-core-5.1.3.RELEASE.jar:/home/user/.m2/repository/org/springframework/spring-jcl/5.1.3.RELEASE/spring-jcl-5.1.3.RELEASE.jar:/home/user/.m2/repository/org/springframework/spring-tx/5.1.3.RELEASE/spring-tx-5.1.3.RELEASE.jar:/home/user/.m2/repository/org/apache/hadoop/hadoop-ozone-client/0.5.0-SNAPSHOT/hadoop-ozone-client-0.5.0-SNAPSHOT.jar:/home/user/.m2/repository/commons-lang/commons-lang/2.6/commons-lang-2.6.jar:/home/user/.m2/repository/org/apache/hadoop/hadoop-ozone-ozone-manager/0.5.0-SNAPSHOT/hadoop-ozone-ozone-manager-0.5.0-SNAPSHOT-tests.jar:/home/user/.m2/repository/junit/junit/4.11/junit-4.11.jar:/home/user/.m2/repository/org/hamcrest/hamcrest-core/1.3/hamcrest-core-1.3.jar:/home/user/.m2/repository/org/openjdk/jmh/jmh-core/1.19/jmh-core-1.19.jar:/home/user/.m2/repository/net/sf/jopt-simple/jopt-simple/4.6/jopt-simple-4.6.jar:/home/user/.m2/repository/org/apache/commons/commons-math3/3.1.1/commons-math3-3.1.1.jar:/home/user/.m2/repository/org/openjdk/jmh/jmh-generator-annprocess/1.19/jmh-generator-annprocess-1.19.jar:/home/user/.m2/repository/org/mockito/mockito-all/1.8.5/mockito-all-1.8.5.jar:/home/user/.m2/repository/org/apache/hadoop/hadoop-kms/3.2.0/hadoop-kms-3.2.0.jar:/home/user/.m2/repository/org/apache/hadoop/hadoop-auth/3.2.0/hadoop-auth-3.2.0.jar:/home/user/.m2/repository/com/nimbusds/nimbus-jose-jwt/4.41.1/nimbus-jose-jwt-4.41.1.jar:/home/user/.m2/repository/com/github/stephenc/jcip/jcip-annotations/1.0-1/jcip-annotations-1.0-1.jar:/home/user/.m2/repository/net/minidev/json-smart/2.3/json-smart-2.3.jar:/home/user/.m2/repository/net/minidev/accessors-smart/1.2/accessors-smart-1.2.jar:/home/user/.m2/repository/org/ow2/asm/asm/5.0.4/asm-5.0.4.jar:/home/user/.m2/repository/org/apache/curator/curator-framework/2.12.0/curator-framework-2.12.0.jar:/home/user/.m2/repository/com/sun/jersey/jersey-core/1.19/jersey-core-1.19.jar:/home/user/.m2/repository/javax/ws/rs/jsr311-api/1.1.1/jsr311-api-1.1.1.jar:/home/user/.m2/repository/com/sun/jersey/jersey-server/1.19/jersey-server-1.19.jar:/home/user/.m2/repository/javax/servlet/javax.servlet-api/3.1.0/javax.servlet-api-3.1.0.jar:/home/user/.m2/repository/org/eclipse/jetty/jetty-server/9.3.25.v20180904/jetty-server-9.3.25.v20180904.jar:/home/user/.m2/repository/org/eclipse/jetty/jetty-http/9.3.25.v20180904/jetty-http-9.3.25.v20180904.jar:/home/user/.m2/repository/org/eclipse/jetty/jetty-io/9.3.25.v20180904/jetty-io-9.3.25.v20180904.jar:/home/user/.m2/repository/org/eclipse/jetty/jetty-webapp/9.3.25.v20180904/jetty-webapp-9.3.25.v20180904.jar:/home/user/.m2/repository/org/eclipse/jetty/jetty-xml/9.3.25.v20180904/jetty-xml-9.3.25.v20180904.jar:/home/user/.m2/repository/log4j/log4j/1.2.17/log4j-1.2.17.jar:/home/user/.m2/repository/org/slf4j/slf4j-api/1.7.25/slf4j-api-1.7.25.jar:/home/user/.m2/repository/org/slf4j/jul-to-slf4j/1.7.25/jul-to-slf4j-1.7.25.jar:/home/user/.m2/repository/org/eclipse/jetty/jetty-util/9.3.25.v20180904/jetty-util-9.3.25.v20180904.jar:/home/user/.m2/repository/com/fasterxml/jackson/core/jackson-databind/2.9.9/jackson-databind-2.9.9.jar:/home/user/.m2/repository/org/apache/hadoop/hadoop-kms/3.2.0/hadoop-kms-3.2.0-tests.jar:/home/user/.m2/repository/org/apache/hadoop/hadoop-hdds-server-scm/0.5.0-SNAPSHOT/hadoop-hdds-server-scm-0.5.0-SNAPSHOT-tests.jar:/home/user/.m2/repository/org/apache/hadoop/hadoop-hdds-container-service/0.5.0-SNAPSHOT/hadoop-hdds-container-service-0.5.0-SNAPSHOT-tests.jar:/home/user/.m2/repository/org/yaml/snakeyaml/1.16/snakeyaml-1.16.jar:/home/user/.m2/repository/org/apache/hadoop/hadoop-common/3.2.0/hadoop-common-3.2.0-tests.jar:/home/user/.m2/repository/org/apache/hadoop/hadoop-annotations/3.2.0/hadoop-annotations-3.2.0.jar:/usr/lib/jvm/java-1.8-openjdk/jre/../lib/tools.jar:/home/user/.m2/repository/commons-cli/commons-cli/1.2/commons-cli-1.2.jar:/home/user/.m2/repository/org/apache/httpcomponents/httpclient/4.5.2/httpclient-4.5.2.jar:/home/user/.m2/repository/org/apache/httpcomponents/httpcore/4.4.4/httpcore-4.4.4.jar:/home/user/.m2/repository/commons-codec/commons-codec/1.11/commons-codec-1.11.jar:/home/user/.m2/repository/commons-net/commons-net/3.6/commons-net-3.6.jar:/home/user/.m2/repository/commons-collections/commons-collections/3.2.2/commons-collections-3.2.2.jar:/home/user/.m2/repository/org/eclipse/jetty/jetty-servlet/9.3.25.v20180904/jetty-servlet-9.3.25.v20180904.jar:/home/user/.m2/repository/org/eclipse/jetty/jetty-security/9.3.25.v20180904/jetty-security-9.3.25.v20180904.jar:/home/user/.m2/repository/javax/servlet/jsp/jsp-api/2.1/jsp-api-2.1.jar:/home/user/.m2/repository/com/sun/jersey/jersey-servlet/1.19/jersey-servlet-1.19.jar:/home/user/.m2/repository/com/sun/jersey/jersey-json/1.19/jersey-json-1.19.jar:/home/user/.m2/repository/org/codehaus/jettison/jettison/1.1/jettison-1.1.jar:/home/user/.m2/repository/org/codehaus/jackson/jackson-core-asl/1.9.13/jackson-core-asl-1.9.13.jar:/home/user/.m2/repository/org/codehaus/jackson/jackson-mapper-asl/1.9.13/jackson-mapper-asl-1.9.13.jar:/home/user/.m2/repository/org/codehaus/jackson/jackson-jaxrs/1.9.13/jackson-jaxrs-1.9.13.jar:/home/user/.m2/repository/org/codehaus/jackson/jackson-xc/1.9.13/jackson-xc-1.9.13.jar:/home/user/.m2/repository/commons-logging/commons-logging/1.1.3/commons-logging-1.1.3.jar:/home/user/.m2/repository/commons-beanutils/commons-beanutils/1.9.4/commons-beanutils-1.9.4.jar:/home/user/.m2/repository/org/apache/commons/commons-configuration2/2.1.1/commons-configuration2-2.1.1.jar:/home/user/.m2/repository/org/apache/commons/commons-lang3/3.7/commons-lang3-3.7.jar:/home/user/.m2/repository/org/apache/commons/commons-text/1.4/commons-text-1.4.jar:/home/user/.m2/repository/org/apache/avro/avro/1.7.7/avro-1.7.7.jar:/home/user/.m2/repository/com/thoughtworks/paranamer/paranamer/2.3/paranamer-2.3.jar:/home/user/.m2/repository/org/xerial/snappy/snappy-java/1.0.5/snappy-java-1.0.5.jar:/home/user/.m2/repository/com/google/re2j/re2j/1.1/re2j-1.1.jar:/home/user/.m2/repository/com/google/code/gson/gson/2.2.4/gson-2.2.4.jar:/home/user/.m2/repository/com/jcraft/jsch/0.1.54/jsch-0.1.54.jar:/home/user/.m2/repository/org/apache/curator/curator-client/2.12.0/curator-client-2.12.0.jar:/home/user/.m2/repository/org/apache/curator/curator-recipes/2.12.0/curator-recipes-2.12.0.jar:/home/user/.m2/repository/com/google/code/findbugs/jsr305/3.0.0/jsr305-3.0.0.jar:/home/user/.m2/repository/org/apache/htrace/htrace-core4/4.1.0-incubating/htrace-core4-4.1.0-incubating.jar:/home/user/.m2/repository/org/apache/zookeeper/zookeeper/3.4.13/zookeeper-3.4.13.jar:/home/user/.m2/repository/jline/jline/0.9.94/jline-0.9.94.jar:/home/user/.m2/repository/org/apache/yetus/audience-annotations/0.5.0/audience-annotations-0.5.0.jar:/home/user/.m2/repository/org/codehaus/woodstox/stax2-api/3.1.4/stax2-api-3.1.4.jar:/home/user/.m2/repository/com/fasterxml/woodstox/woodstox-core/5.0.3/woodstox-core-5.0.3.jar:/home/user/.m2/repository/dnsjava/dnsjava/2.1.7/dnsjava-2.1.7.jar:/home/user/.m2/repository/org/apache/hadoop/hadoop-hdfs/3.2.0/hadoop-hdfs-3.2.0-tests.jar:/home/user/.m2/repository/org/eclipse/jetty/jetty-util-ajax/9.3.25.v20180904/jetty-util-ajax-9.3.25.v20180904.jar:/home/user/.m2/repository/commons-daemon/commons-daemon/1.0.13/commons-daemon-1.0.13.jar:/home/user/.m2/repository/io/netty/netty/3.10.5.Final/netty-3.10.5.Final.jar:/home/user/.m2/repository/io/netty/netty-all/4.0.52.Final/netty-all-4.0.52.Final.jar:/home/user/.m2/repository/org/fusesource/leveldbjni/leveldbjni-all/1.8/leveldbjni-all-1.8.jar:"/>
    <property name="sun.cpu.endian" value="little"/>
    <property name="user.home" value="/home/user"/>
    <property name="user.language" value="en"/>
    <property name="java.specification.vendor" value="Oracle Corporation"/>
    <property name="java.home" value="/usr/lib/jvm/java-1.8-openjdk/jre"/>
    <property name="java.security.krb5.conf" value="/workdir/hadoop-ozone/integration-test/target/test-classes/krb5.conf"/>
    <property name="basedir" value="/workdir/hadoop-ozone/integration-test"/>
    <property name="file.separator" value="/"/>
    <property name="line.separator" value="&#10;"/>
    <property name="java.vm.specification.vendor" value="Oracle Corporation"/>
    <property name="java.specification.name" value="Java Platform API Specification"/>
    <property name="java.awt.graphicsenv" value="sun.awt.X11GraphicsEnvironment"/>
    <property name="surefire.real.class.path" value="/workdir/hadoop-ozone/integration-test/target/surefire/surefirebooter3745221332162646249.jar"/>
    <property name="hadoop.log.dir" value="/workdir/hadoop-ozone/integration-test/target/log"/>
    <property name="sun.boot.class.path" value="/usr/lib/jvm/java-1.8-openjdk/jre/lib/resources.jar:/usr/lib/jvm/java-1.8-openjdk/jre/lib/rt.jar:/usr/lib/jvm/java-1.8-openjdk/jre/lib/sunrsasign.jar:/usr/lib/jvm/java-1.8-openjdk/jre/lib/jsse.jar:/usr/lib/jvm/java-1.8-openjdk/jre/lib/jce.jar:/usr/lib/jvm/java-1.8-openjdk/jre/lib/charsets.jar:/usr/lib/jvm/java-1.8-openjdk/jre/lib/jfr.jar:/usr/lib/jvm/java-1.8-openjdk/jre/classes"/>
    <property name="sun.management.compiler" value="HotSpot 64-Bit Tiered Compilers"/>
    <property name="java.runtime.version" value="1.8.0_212-b04"/>
    <property name="java.net.preferIPv4Stack" value="true"/>
    <property name="user.name" value="jenkins1000"/>
    <property name="path.separator" value=":"/>
    <property name="java.security.egd" value="file:///dev/urandom"/>
    <property name="os.version" value="3.10.0-957.12.2.el7.x86_64"/>
    <property name="java.endorsed.dirs" value="/usr/lib/jvm/java-1.8-openjdk/jre/lib/endorsed"/>
    <property name="java.runtime.name" value="OpenJDK Runtime Environment"/>
    <property name="file.encoding" value="UTF-8"/>
    <property name="java.vm.name" value="OpenJDK 64-Bit Server VM"/>
    <property name="test.build.webapps" value=""/>
    <property name="localRepository" value="/home/user/.m2/repository"/>
    <property name="java.vendor.url.bug" value="https://icedtea.classpath.org/bugzilla"/>
    <property name="java.io.tmpdir" value="/tmp"/>
    <property name="require.test.libhadoop" value=""/>
    <property name="java.version" value="1.8.0_212"/>
    <property name="user.dir" value="/workdir/hadoop-ozone/integration-test"/>
    <property name="os.arch" value="amd64"/>
    <property name="java.vm.specification.name" value="Java Virtual Machine Specification"/>
    <property name="test.build.classes" value="/workdir/hadoop-ozone/integration-test/target/test-classes"/>
    <property name="java.awt.printerjob" value="sun.print.PSPrinterJob"/>
    <property name="sun.os.patch.level" value="unknown"/>
    <property name="hadoop.tmp.dir" value="/workdir/hadoop-ozone/integration-test/target/tmp"/>
    <property name="java.library.path" value="/usr/lib/jvm/java-1.8-openjdk/jre/lib/amd64/server:/usr/lib/jvm/java-1.8-openjdk/jre/lib/amd64:/usr/lib/jvm/java-1.8-openjdk/jre/../lib/amd64:/workdir/hadoop-ozone/integration-test/target/native/target/usr/local/lib:/workdir/hadoop-ozone/integration-test/../../hadoop-common-project/hadoop-common/target/native/target/usr/local/lib:/usr/java/packages/lib/amd64:/usr/lib64:/lib64:/lib:/usr/lib"/>
    <property name="java.vm.info" value="mixed mode"/>
    <property name="java.vendor" value="IcedTea"/>
    <property name="java.vm.version" value="25.212-b04"/>
    <property name="java.ext.dirs" value="/usr/lib/jvm/java-1.8-openjdk/jre/lib/ext:/usr/java/packages/lib/ext"/>
    <property name="sun.io.unicode.encoding" value="UnicodeLittle"/>
    <property name="java.class.version" value="52.0"/>
  </properties>
  <testcase name="testWatchForCommitWithKeyWrite" classname="org.apache.hadoop.ozone.client.rpc.TestWatchForCommit" time="81.065"/>
  <testcase name="testWatchForCommitWithSmallerTimeoutValue" classname="org.apache.hadoop.ozone.client.rpc.TestWatchForCommit" time="42.539"/>
  <testcase name="testWatchForCommitForRetryfailure" classname="org.apache.hadoop.ozone.client.rpc.TestWatchForCommit" time="61.071">
    <failure type="java.lang.AssertionError">java.lang.AssertionError
	at org.junit.Assert.fail(Assert.java:86)
	at org.junit.Assert.assertTrue(Assert.java:41)
	at org.junit.Assert.assertTrue(Assert.java:52)
	at org.apache.hadoop.ozone.client.rpc.TestWatchForCommit.testWatchForCommitForRetryfailure(TestWatchForCommit.java:348)
	at sun.reflect.NativeMethodAccessorImpl.invoke0(Native Method)
	at sun.reflect.NativeMethodAccessorImpl.invoke(NativeMethodAccessorImpl.java:62)
	at sun.reflect.DelegatingMethodAccessorImpl.invoke(DelegatingMethodAccessorImpl.java:43)
	at java.lang.reflect.Method.invoke(Method.java:498)
	at org.junit.runners.model.FrameworkMethod$1.runReflectiveCall(FrameworkMethod.java:47)
	at org.junit.internal.runners.model.ReflectiveCallable.run(ReflectiveCallable.java:12)
	at org.junit.runners.model.FrameworkMethod.invokeExplosively(FrameworkMethod.java:44)
	at org.junit.internal.runners.statements.InvokeMethod.evaluate(InvokeMethod.java:17)
	at org.junit.runners.ParentRunner.runLeaf(ParentRunner.java:271)
	at org.junit.runners.BlockJUnit4ClassRunner.runChild(BlockJUnit4ClassRunner.java:70)
	at org.junit.runners.BlockJUnit4ClassRunner.runChild(BlockJUnit4ClassRunner.java:50)
	at org.junit.runners.ParentRunner$3.run(ParentRunner.java:238)
	at org.junit.runners.ParentRunner$1.schedule(ParentRunner.java:63)
	at org.junit.runners.ParentRunner.runChildren(ParentRunner.java:236)
	at org.junit.runners.ParentRunner.access$000(ParentRunner.java:53)
	at org.junit.runners.ParentRunner$2.evaluate(ParentRunner.java:229)
	at org.junit.runners.ParentRunner.run(ParentRunner.java:309)
	at org.apache.maven.surefire.junit4.JUnit4Provider.execute(JUnit4Provider.java:365)
	at org.apache.maven.surefire.junit4.JUnit4Provider.executeWithRerun(JUnit4Provider.java:273)
	at org.apache.maven.surefire.junit4.JUnit4Provider.executeTestSet(JUnit4Provider.java:238)
	at org.apache.maven.surefire.junit4.JUnit4Provider.invoke(JUnit4Provider.java:159)
	at org.apache.maven.surefire.booter.ForkedBooter.invokeProviderInSameClassLoader(ForkedBooter.java:384)
	at org.apache.maven.surefire.booter.ForkedBooter.runSuitesInProcess(ForkedBooter.java:345)
	at org.apache.maven.surefire.booter.ForkedBooter.execute(ForkedBooter.java:126)
	at org.apache.maven.surefire.booter.ForkedBooter.main(ForkedBooter.java:418)
</failure>
    <system-out><![CDATA[2019-10-02 20:44:20,577 [main] WARN  server.ServerUtils (ServerUtils.java:getScmDbDir(145)) - ozone.scm.db.dirs is not configured. We recommend adding this setting. Falling back to ozone.metadata.dirs instead.
2019-10-02 20:44:20,593 [main] WARN  server.ServerUtils (ServerUtils.java:getScmDbDir(145)) - ozone.scm.db.dirs is not configured. We recommend adding this setting. Falling back to ozone.metadata.dirs instead.
2019-10-02 20:44:20,593 [main] WARN  server.ServerUtils (ServerUtils.java:getScmDbDir(145)) - ozone.scm.db.dirs is not configured. We recommend adding this setting. Falling back to ozone.metadata.dirs instead.
2019-10-02 20:44:20,594 [main] INFO  db.DBStoreBuilder (DBStoreBuilder.java:addTable(110)) - using custom profile for table: deletedBlocks
2019-10-02 20:44:20,594 [main] INFO  db.DBStoreBuilder (DBStoreBuilder.java:processTables(161)) - Using default column profile:DBProfile.DISK for Table:deletedBlocks
2019-10-02 20:44:20,594 [main] INFO  db.DBStoreBuilder (DBStoreBuilder.java:addTable(110)) - using custom profile for table: validCerts
2019-10-02 20:44:20,594 [main] INFO  db.DBStoreBuilder (DBStoreBuilder.java:processTables(161)) - Using default column profile:DBProfile.DISK for Table:validCerts
2019-10-02 20:44:20,594 [main] INFO  db.DBStoreBuilder (DBStoreBuilder.java:addTable(110)) - using custom profile for table: revokedCerts
2019-10-02 20:44:20,595 [main] INFO  db.DBStoreBuilder (DBStoreBuilder.java:processTables(161)) - Using default column profile:DBProfile.DISK for Table:revokedCerts
2019-10-02 20:44:20,595 [main] INFO  db.DBStoreBuilder (DBStoreBuilder.java:addTable(110)) - using custom profile for table: default
2019-10-02 20:44:20,595 [main] INFO  db.DBStoreBuilder (DBStoreBuilder.java:processTables(167)) - Using default column profile:DBProfile.DISK for Table:default
2019-10-02 20:44:20,595 [main] INFO  db.DBStoreBuilder (DBStoreBuilder.java:getDbProfile(198)) - Using default options. DBProfile.DISK
2019-10-02 20:44:20,748 [main] INFO  net.NodeSchemaLoader (NodeSchemaLoader.java:loadSchemaFromFile(125)) - Loading file from sun.misc.CompoundEnumeration@1d0cac30
2019-10-02 20:44:20,748 [main] INFO  net.NodeSchemaLoader (NodeSchemaLoader.java:loadSchema(171)) - Loading network topology layer schema file
2019-10-02 20:44:20,752 [main] WARN  server.ServerUtils (ServerUtils.java:sanitizeUserArgs(70)) - ozone.scm.stale.node.interval value = 300000 is larger than max = 100000 based on the key value of ozone.scm.heartbeat.thread.interval, reset to the max value 100000.
2019-10-02 20:44:20,753 [main] WARN  server.ServerUtils (ServerUtils.java:sanitizeUserArgs(70)) - ozone.scm.stale.node.interval value = 300000 is larger than max = 100000 based on the key value of ozone.scm.heartbeat.thread.interval, reset to the max value 100000.
2019-10-02 20:44:20,753 [main] INFO  node.SCMNodeManager (SCMNodeManager.java:<init>(114)) - Entering startup safe mode.
2019-10-02 20:44:20,754 [main] INFO  algorithms.ContainerPlacementPolicyFactory (ContainerPlacementPolicyFactory.java:getPolicy(57)) - Create container placement policy of type org.apache.hadoop.hdds.scm.container.placement.algorithms.SCMContainerPlacementRandom
2019-10-02 20:44:20,754 [main] WARN  server.ServerUtils (ServerUtils.java:getScmDbDir(145)) - ozone.scm.db.dirs is not configured. We recommend adding this setting. Falling back to ozone.metadata.dirs instead.
2019-10-02 20:44:20,801 [main] INFO  pipeline.SCMPipelineManager (SCMPipelineManager.java:initializePipelineState(132)) - No pipeline exists in current db
2019-10-02 20:44:20,801 [main] WARN  server.ServerUtils (ServerUtils.java:getScmDbDir(145)) - ozone.scm.db.dirs is not configured. We recommend adding this setting. Falling back to ozone.metadata.dirs instead.
2019-10-02 20:44:20,850 [main] WARN  events.EventQueue (EventQueue.java:fireEvent(183)) - No event handler registered for event TypedEvent{payloadType=SafeModeStatus, name='SafeModeStatus'}
2019-10-02 20:44:20,851 [main] INFO  ipc.CallQueueManager (CallQueueManager.java:<init>(84)) - Using callQueue: class java.util.concurrent.LinkedBlockingQueue, queueCapacity: 2000, scheduler: class org.apache.hadoop.ipc.DefaultRpcScheduler, ipcBackoff: false.
2019-10-02 20:44:20,852 [Socket Reader #1 for port 33328] INFO  ipc.Server (Server.java:run(1074)) - Starting Socket Reader #1 for port 33328
2019-10-02 20:44:20,854 [main] INFO  ipc.CallQueueManager (CallQueueManager.java:<init>(84)) - Using callQueue: class java.util.concurrent.LinkedBlockingQueue, queueCapacity: 2000, scheduler: class org.apache.hadoop.ipc.DefaultRpcScheduler, ipcBackoff: false.
2019-10-02 20:44:20,855 [Socket Reader #1 for port 45108] INFO  ipc.Server (Server.java:run(1074)) - Starting Socket Reader #1 for port 45108
2019-10-02 20:44:20,858 [main] INFO  ipc.CallQueueManager (CallQueueManager.java:<init>(84)) - Using callQueue: class java.util.concurrent.LinkedBlockingQueue, queueCapacity: 2000, scheduler: class org.apache.hadoop.ipc.DefaultRpcScheduler, ipcBackoff: false.
2019-10-02 20:44:20,859 [Socket Reader #1 for port 46327] INFO  ipc.Server (Server.java:run(1074)) - Starting Socket Reader #1 for port 46327
2019-10-02 20:44:20,861 [main] INFO  hdfs.DFSUtil (DFSUtil.java:httpServerTemplateForNNAndJN(1641)) - Starting Web-server for scm at: http://0.0.0.0:0
2019-10-02 20:44:20,864 [main] INFO  server.AuthenticationFilter (AuthenticationFilter.java:constructSecretProvider(240)) - Unable to initialize FileSignerSecretProvider, falling back to use random secrets.
2019-10-02 20:44:20,864 [main] WARN  http.HttpRequestLog (HttpRequestLog.java:getRequestLog(97)) - Jetty request log can only be enabled using Log4j
2019-10-02 20:44:20,867 [main] INFO  http.HttpServer2 (HttpServer2.java:addGlobalFilter(975)) - Added global filter 'safety' (class=org.apache.hadoop.http.HttpServer2$QuotingInputFilter)
2019-10-02 20:44:20,868 [main] INFO  http.HttpServer2 (HttpServer2.java:addFilter(948)) - Added filter static_user_filter (class=org.apache.hadoop.http.lib.StaticUserWebFilter$StaticUserFilter) to context scm
2019-10-02 20:44:20,868 [main] INFO  http.HttpServer2 (HttpServer2.java:addFilter(958)) - Added filter static_user_filter (class=org.apache.hadoop.http.lib.StaticUserWebFilter$StaticUserFilter) to context static
2019-10-02 20:44:20,868 [main] INFO  http.HttpServer2 (HttpServer2.java:addFilter(958)) - Added filter static_user_filter (class=org.apache.hadoop.http.lib.StaticUserWebFilter$StaticUserFilter) to context logs
2019-10-02 20:44:20,872 [main] INFO  server.StorageContainerManager (StorageContainerManager.java:start(770)) - StorageContainerLocationProtocol RPC server is listening at /0.0.0.0:46327
2019-10-02 20:44:20,875 [main] WARN  impl.MetricsConfig (MetricsConfig.java:loadFirst(134)) - Cannot locate configuration: tried hadoop-metrics2-storagecontainermanager.properties,hadoop-metrics2.properties
2019-10-02 20:44:20,876 [main] INFO  impl.MetricsSystemImpl (MetricsSystemImpl.java:startTimer(374)) - Scheduled Metric snapshot period at 10 second(s).
2019-10-02 20:44:20,876 [main] INFO  impl.MetricsSystemImpl (MetricsSystemImpl.java:start(191)) - StorageContainerManager metrics system started
2019-10-02 20:44:20,921 [main] INFO  lib.Interns (Interns.java:removeEldestEntry(50)) - Metrics intern cache overflow at 2011 for MetricsSystem={MetricsSystem=MetricsInfoImpl{name=MetricsSystem, description=MetricsSystem}, MetricsSystem record=MetricsInfoImpl{name=MetricsSystem, description=MetricsSystem record}}
2019-10-02 20:44:20,926 [main] WARN  impl.MetricsSystemImpl (MetricsSystemImpl.java:register(276)) - Sink prometheus already exists!
2019-10-02 20:44:20,967 [main] INFO  server.SCMClientProtocolServer (SCMClientProtocolServer.java:start(150)) - RPC server for Client  is listening at /0.0.0.0:46327
2019-10-02 20:44:20,967 [IPC Server Responder] INFO  ipc.Server (Server.java:run(1314)) - IPC Server Responder: starting
2019-10-02 20:44:20,968 [IPC Server listener on 46327] INFO  ipc.Server (Server.java:run(1153)) - IPC Server listener on 46327: starting
2019-10-02 20:44:20,971 [main] INFO  server.StorageContainerManager (StorageContainerManager.java:start(780)) - ScmBlockLocationProtocol RPC server is listening at /0.0.0.0:45108
2019-10-02 20:44:20,972 [main] INFO  server.SCMBlockProtocolServer (SCMBlockProtocolServer.java:start(146)) - RPC server for Block Protocol is listening at /0.0.0.0:45108
2019-10-02 20:44:20,972 [IPC Server listener on 45108] INFO  ipc.Server (Server.java:run(1153)) - IPC Server listener on 45108: starting
2019-10-02 20:44:20,972 [IPC Server Responder] INFO  ipc.Server (Server.java:run(1314)) - IPC Server Responder: starting
2019-10-02 20:44:20,976 [main] INFO  server.StorageContainerManager (StorageContainerManager.java:start(784)) - ScmDatanodeProtocl RPC server is listening at /0.0.0.0:33328
2019-10-02 20:44:20,976 [main] INFO  server.SCMDatanodeProtocolServer (SCMDatanodeProtocolServer.java:start(191)) - RPC server for DataNodes is listening at /0.0.0.0:33328
2019-10-02 20:44:20,977 [IPC Server Responder] INFO  ipc.Server (Server.java:run(1314)) - IPC Server Responder: starting
2019-10-02 20:44:20,977 [IPC Server listener on 33328] INFO  ipc.Server (Server.java:run(1153)) - IPC Server listener on 33328: starting
2019-10-02 20:44:20,982 [main] INFO  http.HttpServer2 (HttpServer2.java:bindListener(1191)) - Jetty bound to port 37067
2019-10-02 20:44:20,982 [main] INFO  server.Server (Server.java:doStart(351)) - jetty-9.3.25.v20180904, build timestamp: 2018-09-04T21:11:46Z, git hash: 3ce520221d0240229c862b122d2b06c12a625732
2019-10-02 20:44:20,985 [main] INFO  handler.ContextHandler (ContextHandler.java:doStart(781)) - Started o.e.j.s.ServletContextHandler@468173fa{/logs,file:///workdir/hadoop-ozone/integration-test/target/log,AVAILABLE}
2019-10-02 20:44:20,986 [main] INFO  handler.ContextHandler (ContextHandler.java:doStart(781)) - Started o.e.j.s.ServletContextHandler@6f5bd362{/static,file:///workdir/hadoop-ozone/integration-test/target/test-classes/webapps/static,AVAILABLE}
2019-10-02 20:44:20,992 [main] INFO  handler.ContextHandler (ContextHandler.java:doStart(781)) - Started o.e.j.w.WebAppContext@4c82b5df{/,file:///workdir/hadoop-ozone/integration-test/target/test-classes/webapps/scm/,AVAILABLE}{/scm}
2019-10-02 20:44:20,993 [main] INFO  server.AbstractConnector (AbstractConnector.java:doStart(278)) - Started ServerConnector@67eec8e1{HTTP/1.1,[http/1.1]}{0.0.0.0:37067}
2019-10-02 20:44:20,994 [main] INFO  server.Server (Server.java:doStart(419)) - Started @124441ms
2019-10-02 20:44:20,994 [main] WARN  impl.MetricsSystemImpl (MetricsSystemImpl.java:register(276)) - Sink prometheus already exists!
2019-10-02 20:44:20,995 [main] INFO  server.BaseHttpServer (BaseHttpServer.java:updateConnectorAddress(215)) - HTTP server of SCM is listening at http://0.0.0.0:37067
2019-10-02 20:44:20,996 [main] WARN  server.ServerUtils (ServerUtils.java:getDBPath(222)) - ozone.om.db.dirs is not configured. We recommend adding this setting. Falling back to ozone.metadata.dirs instead.
2019-10-02 20:44:20,997 [org.apache.hadoop.util.JvmPauseMonitor$Monitor@7ba93755] INFO  util.JvmPauseMonitor (JvmPauseMonitor.java:run(188)) - Starting JVM pause monitor
2019-10-02 20:44:21,026 [main] INFO  ha.OMHANodeDetails (OMHANodeDetails.java:loadOMHAConfig(190)) - Configuration either no ozone.om.address set. Falling back to the default OM address /127.0.0.1:0
2019-10-02 20:44:21,026 [main] INFO  ha.OMHANodeDetails (OMHANodeDetails.java:getOMNodeDetails(220)) - OM Service ID is not set. Setting it to the default ID: omServiceIdDefault
2019-10-02 20:44:21,027 [main] WARN  server.ServerUtils (ServerUtils.java:getDBPath(222)) - ozone.om.db.dirs is not configured. We recommend adding this setting. Falling back to ozone.metadata.dirs instead.
2019-10-02 20:44:21,027 [main] WARN  server.ServerUtils (ServerUtils.java:getDBPath(222)) - ozone.om.db.dirs is not configured. We recommend adding this setting. Falling back to ozone.metadata.dirs instead.
2019-10-02 20:44:21,037 [main] WARN  server.ServerUtils (ServerUtils.java:getDBPath(222)) - ozone.om.db.dirs is not configured. We recommend adding this setting. Falling back to ozone.metadata.dirs instead.
2019-10-02 20:44:21,037 [main] INFO  db.DBStoreBuilder (DBStoreBuilder.java:addTable(110)) - using custom profile for table: userTable
2019-10-02 20:44:21,038 [main] INFO  db.DBStoreBuilder (DBStoreBuilder.java:processTables(161)) - Using default column profile:DBProfile.DISK for Table:userTable
2019-10-02 20:44:21,038 [main] INFO  db.DBStoreBuilder (DBStoreBuilder.java:addTable(110)) - using custom profile for table: volumeTable
2019-10-02 20:44:21,038 [main] INFO  db.DBStoreBuilder (DBStoreBuilder.java:processTables(161)) - Using default column profile:DBProfile.DISK for Table:volumeTable
2019-10-02 20:44:21,039 [main] INFO  db.DBStoreBuilder (DBStoreBuilder.java:addTable(110)) - using custom profile for table: bucketTable
2019-10-02 20:44:21,039 [main] INFO  db.DBStoreBuilder (DBStoreBuilder.java:processTables(161)) - Using default column profile:DBProfile.DISK for Table:bucketTable
2019-10-02 20:44:21,039 [main] INFO  db.DBStoreBuilder (DBStoreBuilder.java:addTable(110)) - using custom profile for table: keyTable
2019-10-02 20:44:21,040 [main] INFO  db.DBStoreBuilder (DBStoreBuilder.java:processTables(161)) - Using default column profile:DBProfile.DISK for Table:keyTable
2019-10-02 20:44:21,040 [main] INFO  db.DBStoreBuilder (DBStoreBuilder.java:addTable(110)) - using custom profile for table: deletedTable
2019-10-02 20:44:21,040 [main] INFO  db.DBStoreBuilder (DBStoreBuilder.java:processTables(161)) - Using default column profile:DBProfile.DISK for Table:deletedTable
2019-10-02 20:44:21,041 [main] INFO  db.DBStoreBuilder (DBStoreBuilder.java:addTable(110)) - using custom profile for table: openKeyTable
2019-10-02 20:44:21,041 [main] INFO  db.DBStoreBuilder (DBStoreBuilder.java:processTables(161)) - Using default column profile:DBProfile.DISK for Table:openKeyTable
2019-10-02 20:44:21,041 [main] INFO  db.DBStoreBuilder (DBStoreBuilder.java:addTable(110)) - using custom profile for table: s3Table
2019-10-02 20:44:21,042 [main] INFO  db.DBStoreBuilder (DBStoreBuilder.java:processTables(161)) - Using default column profile:DBProfile.DISK for Table:s3Table
2019-10-02 20:44:21,042 [main] INFO  db.DBStoreBuilder (DBStoreBuilder.java:addTable(110)) - using custom profile for table: multipartInfoTable
2019-10-02 20:44:21,042 [main] INFO  db.DBStoreBuilder (DBStoreBuilder.java:processTables(161)) - Using default column profile:DBProfile.DISK for Table:multipartInfoTable
2019-10-02 20:44:21,043 [main] INFO  db.DBStoreBuilder (DBStoreBuilder.java:addTable(110)) - using custom profile for table: dTokenTable
2019-10-02 20:44:21,043 [main] INFO  db.DBStoreBuilder (DBStoreBuilder.java:processTables(161)) - Using default column profile:DBProfile.DISK for Table:dTokenTable
2019-10-02 20:44:21,043 [main] INFO  db.DBStoreBuilder (DBStoreBuilder.java:addTable(110)) - using custom profile for table: s3SecretTable
2019-10-02 20:44:21,043 [main] INFO  db.DBStoreBuilder (DBStoreBuilder.java:processTables(161)) - Using default column profile:DBProfile.DISK for Table:s3SecretTable
2019-10-02 20:44:21,044 [main] INFO  db.DBStoreBuilder (DBStoreBuilder.java:addTable(110)) - using custom profile for table: prefixTable
2019-10-02 20:44:21,044 [main] INFO  db.DBStoreBuilder (DBStoreBuilder.java:processTables(161)) - Using default column profile:DBProfile.DISK for Table:prefixTable
2019-10-02 20:44:21,044 [main] INFO  db.DBStoreBuilder (DBStoreBuilder.java:addTable(110)) - using custom profile for table: default
2019-10-02 20:44:21,045 [main] INFO  db.DBStoreBuilder (DBStoreBuilder.java:processTables(167)) - Using default column profile:DBProfile.DISK for Table:default
2019-10-02 20:44:21,045 [main] INFO  db.DBStoreBuilder (DBStoreBuilder.java:getDbProfile(198)) - Using default options. DBProfile.DISK
2019-10-02 20:44:21,513 [main] INFO  ipc.CallQueueManager (CallQueueManager.java:<init>(84)) - Using callQueue: class java.util.concurrent.LinkedBlockingQueue, queueCapacity: 2000, scheduler: class org.apache.hadoop.ipc.DefaultRpcScheduler, ipcBackoff: false.
2019-10-02 20:44:21,514 [Socket Reader #1 for port 32869] INFO  ipc.Server (Server.java:run(1074)) - Starting Socket Reader #1 for port 32869
2019-10-02 20:44:21,530 [main] INFO  om.OzoneManager (OzoneManager.java:start(1069)) - OzoneManager RPC server is listening at localhost/127.0.0.1:32869
2019-10-02 20:44:21,530 [main] INFO  impl.MetricsSystemImpl (MetricsSystemImpl.java:init(158)) - OzoneManager metrics system started (again)
2019-10-02 20:44:21,531 [IPC Server Responder] INFO  ipc.Server (Server.java:run(1314)) - IPC Server Responder: starting
2019-10-02 20:44:21,531 [IPC Server listener on 32869] INFO  ipc.Server (Server.java:run(1153)) - IPC Server listener on 32869: starting
2019-10-02 20:44:21,539 [main] INFO  hdfs.DFSUtil (DFSUtil.java:httpServerTemplateForNNAndJN(1641)) - Starting Web-server for ozoneManager at: http://0.0.0.0:0
2019-10-02 20:44:21,540 [main] INFO  server.AuthenticationFilter (AuthenticationFilter.java:constructSecretProvider(240)) - Unable to initialize FileSignerSecretProvider, falling back to use random secrets.
2019-10-02 20:44:21,541 [main] WARN  http.HttpRequestLog (HttpRequestLog.java:getRequestLog(97)) - Jetty request log can only be enabled using Log4j
2019-10-02 20:44:21,542 [main] INFO  http.HttpServer2 (HttpServer2.java:addGlobalFilter(975)) - Added global filter 'safety' (class=org.apache.hadoop.http.HttpServer2$QuotingInputFilter)
2019-10-02 20:44:21,543 [main] INFO  http.HttpServer2 (HttpServer2.java:addFilter(948)) - Added filter static_user_filter (class=org.apache.hadoop.http.lib.StaticUserWebFilter$StaticUserFilter) to context ozoneManager
2019-10-02 20:44:21,543 [main] INFO  http.HttpServer2 (HttpServer2.java:addFilter(958)) - Added filter static_user_filter (class=org.apache.hadoop.http.lib.StaticUserWebFilter$StaticUserFilter) to context static
2019-10-02 20:44:21,543 [main] INFO  http.HttpServer2 (HttpServer2.java:addFilter(958)) - Added filter static_user_filter (class=org.apache.hadoop.http.lib.StaticUserWebFilter$StaticUserFilter) to context logs
2019-10-02 20:44:21,544 [main] INFO  http.HttpServer2 (HttpServer2.java:bindListener(1191)) - Jetty bound to port 41095
2019-10-02 20:44:21,544 [main] INFO  server.Server (Server.java:doStart(351)) - jetty-9.3.25.v20180904, build timestamp: 2018-09-04T21:11:46Z, git hash: 3ce520221d0240229c862b122d2b06c12a625732
2019-10-02 20:44:21,546 [main] INFO  handler.ContextHandler (ContextHandler.java:doStart(781)) - Started o.e.j.s.ServletContextHandler@461c3709{/logs,file:///workdir/hadoop-ozone/integration-test/target/log,AVAILABLE}
2019-10-02 20:44:21,546 [main] INFO  handler.ContextHandler (ContextHandler.java:doStart(781)) - Started o.e.j.s.ServletContextHandler@3f63a513{/static,file:///workdir/hadoop-ozone/integration-test/target/test-classes/webapps/static,AVAILABLE}
2019-10-02 20:44:21,550 [main] INFO  handler.ContextHandler (ContextHandler.java:doStart(781)) - Started o.e.j.w.WebAppContext@2291d9a0{/,file:///workdir/hadoop-ozone/integration-test/target/test-classes/webapps/ozoneManager/,AVAILABLE}{/ozoneManager}
2019-10-02 20:44:21,550 [main] INFO  server.AbstractConnector (AbstractConnector.java:doStart(278)) - Started ServerConnector@5e26f1ed{HTTP/1.1,[http/1.1]}{0.0.0.0:41095}
2019-10-02 20:44:21,551 [main] INFO  server.Server (Server.java:doStart(419)) - Started @124999ms
2019-10-02 20:44:21,552 [main] WARN  impl.MetricsSystemImpl (MetricsSystemImpl.java:register(276)) - Sink prometheus already exists!
2019-10-02 20:44:21,552 [main] INFO  server.BaseHttpServer (BaseHttpServer.java:updateConnectorAddress(215)) - HTTP server of OZONEMANAGER is listening at http://0.0.0.0:41095
2019-10-02 20:44:21,565 [main] INFO  impl.MetricsSystemImpl (MetricsSystemImpl.java:init(158)) - HddsDatanode metrics system started (again)
2019-10-02 20:44:21,568 [main] INFO  ozone.HddsDatanodeService (HddsDatanodeService.java:start(184)) - HddsDatanodeService host:pr-hdds-2162-pj84x-1708865144 ip:192.168.164.206
2019-10-02 20:44:21,574 [main] INFO  volume.HddsVolume (HddsVolume.java:<init>(176)) - Creating Volume: /workdir/hadoop-ozone/integration-test/target/test-dir/MiniOzoneClusterImpl-323daffa-1557-4126-988f-69c5ea63cf7f/datanode-0/data/containers/hdds of  storage type : DISK and capacity : 1482555576320
2019-10-02 20:44:21,574 [main] INFO  volume.VolumeSet (VolumeSet.java:initializeVolumeSet(170)) - Added Volume : /workdir/hadoop-ozone/integration-test/target/test-dir/MiniOzoneClusterImpl-323daffa-1557-4126-988f-69c5ea63cf7f/datanode-0/data/containers/hdds to VolumeSet
2019-10-02 20:44:21,574 [main] INFO  volume.ThrottledAsyncChecker (ThrottledAsyncChecker.java:schedule(139)) - Scheduling a check for org.apache.hadoop.ozone.container.common.volume.HddsVolume@3281dfc2
2019-10-02 20:44:21,575 [main] INFO  volume.HddsVolumeChecker (HddsVolumeChecker.java:checkAllVolumes(202)) - Scheduled health check for volume org.apache.hadoop.ozone.container.common.volume.HddsVolume@3281dfc2
2019-10-02 20:44:21,586 [main] INFO  impl.RaftServerProxy (ConfUtils.java:logGet(43)) - raft.rpc.type = GRPC (default)
2019-10-02 20:44:21,587 [main] INFO  grpc.GrpcFactory (GrpcFactory.java:checkPooledByteBufAllocatorUseCacheForAllThreads(45)) - PERFORMANCE WARNING: useCacheForAllThreads is true that may cause Netty to create a lot garbage objects and, as a result, trigger GC.
	It is recommended to disable useCacheForAllThreads by setting -Dorg.apache.ratis.thirdparty.io.netty.allocator.useCacheForAllThreads=false in command line.
2019-10-02 20:44:21,587 [main] INFO  grpc.GrpcConfigKeys$Server (ConfUtils.java:logGet(43)) - raft.grpc.server.port = 0 (default)
2019-10-02 20:44:21,587 [main] INFO  server.GrpcService (ConfUtils.java:logGet(43)) - raft.grpc.message.size.max = 33570816 (custom)
2019-10-02 20:44:21,587 [main] INFO  server.RaftServerConfigKeys (ConfUtils.java:logGet(43)) - raft.server.log.appender.buffer.byte-limit = 33554432 (custom)
2019-10-02 20:44:21,587 [main] INFO  server.GrpcService (ConfUtils.java:logGet(43)) - raft.grpc.flow.control.window = 1MB (=1048576) (default)
2019-10-02 20:44:21,588 [main] INFO  server.RaftServerConfigKeys (ConfUtils.java:logGet(43)) - raft.server.rpc.request.timeout = 3000ms (default)
2019-10-02 20:44:21,588 [main] INFO  server.RaftServerConfigKeys (ConfUtils.java:logGet(43)) - raft.server.storage.dir = [/workdir/hadoop-ozone/integration-test/target/test-dir/MiniOzoneClusterImpl-323daffa-1557-4126-988f-69c5ea63cf7f/datanode-0/data/ratis] (custom)
2019-10-02 20:44:21,590 [main] INFO  hdfs.DFSUtil (DFSUtil.java:httpServerTemplateForNNAndJN(1641)) - Starting Web-server for hddsDatanode at: http://0.0.0.0:0
2019-10-02 20:44:21,594 [main] INFO  server.AuthenticationFilter (AuthenticationFilter.java:constructSecretProvider(240)) - Unable to initialize FileSignerSecretProvider, falling back to use random secrets.
2019-10-02 20:44:21,594 [main] WARN  http.HttpRequestLog (HttpRequestLog.java:getRequestLog(97)) - Jetty request log can only be enabled using Log4j
2019-10-02 20:44:21,596 [main] INFO  http.HttpServer2 (HttpServer2.java:addGlobalFilter(975)) - Added global filter 'safety' (class=org.apache.hadoop.http.HttpServer2$QuotingInputFilter)
2019-10-02 20:44:21,597 [main] INFO  http.HttpServer2 (HttpServer2.java:addFilter(948)) - Added filter static_user_filter (class=org.apache.hadoop.http.lib.StaticUserWebFilter$StaticUserFilter) to context hddsDatanode
2019-10-02 20:44:21,597 [main] INFO  http.HttpServer2 (HttpServer2.java:addFilter(958)) - Added filter static_user_filter (class=org.apache.hadoop.http.lib.StaticUserWebFilter$StaticUserFilter) to context logs
2019-10-02 20:44:21,597 [main] INFO  http.HttpServer2 (HttpServer2.java:addFilter(958)) - Added filter static_user_filter (class=org.apache.hadoop.http.lib.StaticUserWebFilter$StaticUserFilter) to context static
2019-10-02 20:44:21,598 [main] INFO  http.HttpServer2 (HttpServer2.java:bindListener(1191)) - Jetty bound to port 33726
2019-10-02 20:44:21,598 [main] INFO  server.Server (Server.java:doStart(351)) - jetty-9.3.25.v20180904, build timestamp: 2018-09-04T21:11:46Z, git hash: 3ce520221d0240229c862b122d2b06c12a625732
2019-10-02 20:44:21,600 [main] INFO  handler.ContextHandler (ContextHandler.java:doStart(781)) - Started o.e.j.s.ServletContextHandler@36776c32{/logs,file:///workdir/hadoop-ozone/integration-test/target/log,AVAILABLE}
2019-10-02 20:44:21,600 [main] INFO  handler.ContextHandler (ContextHandler.java:doStart(781)) - Started o.e.j.s.ServletContextHandler@5cd96b41{/static,jar:file:/home/user/.m2/repository/org/apache/hadoop/hadoop-hdds-container-service/0.5.0-SNAPSHOT/hadoop-hdds-container-service-0.5.0-SNAPSHOT.jar!/webapps/static,AVAILABLE}
2019-10-02 20:44:21,633 [main] INFO  handler.ContextHandler (ContextHandler.java:doStart(781)) - Started o.e.j.w.WebAppContext@2accaec2{/,file:///tmp/jetty-0.0.0.0-33726-hddsDatanode-_-any-6023095230333108503.dir/webapp/,AVAILABLE}{/hddsDatanode}
2019-10-02 20:44:21,633 [main] INFO  server.AbstractConnector (AbstractConnector.java:doStart(278)) - Started ServerConnector@3e39baf0{HTTP/1.1,[http/1.1]}{0.0.0.0:33726}
2019-10-02 20:44:21,637 [main] INFO  server.Server (Server.java:doStart(419)) - Started @125084ms
2019-10-02 20:44:21,637 [main] WARN  impl.MetricsSystemImpl (MetricsSystemImpl.java:register(276)) - Sink prometheus already exists!
2019-10-02 20:44:21,638 [main] INFO  server.BaseHttpServer (BaseHttpServer.java:updateConnectorAddress(215)) - HTTP server of HDDSDATANODE is listening at http://0.0.0.0:33726
2019-10-02 20:44:21,638 [main] INFO  impl.MetricsSystemImpl (MetricsSystemImpl.java:init(158)) - HddsDatanode metrics system started (again)
2019-10-02 20:44:21,641 [org.apache.hadoop.util.JvmPauseMonitor$Monitor@5c48642f] INFO  util.JvmPauseMonitor (JvmPauseMonitor.java:run(188)) - Starting JVM pause monitor
2019-10-02 20:44:21,641 [main] INFO  ozone.HddsDatanodeService (HddsDatanodeService.java:start(184)) - HddsDatanodeService host:pr-hdds-2162-pj84x-1708865144 ip:192.168.164.206
2019-10-02 20:44:21,644 [Datanode State Machine Thread - 0] INFO  datanode.InitDatanodeState (InitDatanodeState.java:persistContainerDatanodeDetails(140)) - DatanodeDetails is persisted to /workdir/hadoop-ozone/integration-test/target/test-dir/MiniOzoneClusterImpl-323daffa-1557-4126-988f-69c5ea63cf7f/datanode-0/meta/datanode.id
2019-10-02 20:44:21,647 [main] INFO  volume.HddsVolume (HddsVolume.java:<init>(176)) - Creating Volume: /workdir/hadoop-ozone/integration-test/target/test-dir/MiniOzoneClusterImpl-323daffa-1557-4126-988f-69c5ea63cf7f/datanode-1/data/containers/hdds of  storage type : DISK and capacity : 1482555576320
2019-10-02 20:44:21,647 [main] INFO  volume.VolumeSet (VolumeSet.java:initializeVolumeSet(170)) - Added Volume : /workdir/hadoop-ozone/integration-test/target/test-dir/MiniOzoneClusterImpl-323daffa-1557-4126-988f-69c5ea63cf7f/datanode-1/data/containers/hdds to VolumeSet
2019-10-02 20:44:21,648 [main] INFO  volume.ThrottledAsyncChecker (ThrottledAsyncChecker.java:schedule(139)) - Scheduling a check for org.apache.hadoop.ozone.container.common.volume.HddsVolume@6e829e50
2019-10-02 20:44:21,648 [main] INFO  volume.HddsVolumeChecker (HddsVolumeChecker.java:checkAllVolumes(202)) - Scheduled health check for volume org.apache.hadoop.ozone.container.common.volume.HddsVolume@6e829e50
2019-10-02 20:44:21,660 [main] INFO  impl.RaftServerProxy (ConfUtils.java:logGet(43)) - raft.rpc.type = GRPC (default)
2019-10-02 20:44:21,660 [main] INFO  grpc.GrpcFactory (GrpcFactory.java:checkPooledByteBufAllocatorUseCacheForAllThreads(45)) - PERFORMANCE WARNING: useCacheForAllThreads is true that may cause Netty to create a lot garbage objects and, as a result, trigger GC.
	It is recommended to disable useCacheForAllThreads by setting -Dorg.apache.ratis.thirdparty.io.netty.allocator.useCacheForAllThreads=false in command line.
2019-10-02 20:44:21,660 [main] INFO  grpc.GrpcConfigKeys$Server (ConfUtils.java:logGet(43)) - raft.grpc.server.port = 0 (default)
2019-10-02 20:44:21,661 [main] INFO  server.GrpcService (ConfUtils.java:logGet(43)) - raft.grpc.message.size.max = 33570816 (custom)
2019-10-02 20:44:21,661 [main] INFO  server.RaftServerConfigKeys (ConfUtils.java:logGet(43)) - raft.server.log.appender.buffer.byte-limit = 33554432 (custom)
2019-10-02 20:44:21,661 [main] INFO  server.GrpcService (ConfUtils.java:logGet(43)) - raft.grpc.flow.control.window = 1MB (=1048576) (default)
2019-10-02 20:44:21,661 [main] INFO  server.RaftServerConfigKeys (ConfUtils.java:logGet(43)) - raft.server.rpc.request.timeout = 3000ms (default)
2019-10-02 20:44:21,661 [main] INFO  server.RaftServerConfigKeys (ConfUtils.java:logGet(43)) - raft.server.storage.dir = [/workdir/hadoop-ozone/integration-test/target/test-dir/MiniOzoneClusterImpl-323daffa-1557-4126-988f-69c5ea63cf7f/datanode-1/data/ratis] (custom)
2019-10-02 20:44:21,664 [main] INFO  hdfs.DFSUtil (DFSUtil.java:httpServerTemplateForNNAndJN(1641)) - Starting Web-server for hddsDatanode at: http://0.0.0.0:0
2019-10-02 20:44:21,665 [main] INFO  server.AuthenticationFilter (AuthenticationFilter.java:constructSecretProvider(240)) - Unable to initialize FileSignerSecretProvider, falling back to use random secrets.
2019-10-02 20:44:21,665 [main] WARN  http.HttpRequestLog (HttpRequestLog.java:getRequestLog(97)) - Jetty request log can only be enabled using Log4j
2019-10-02 20:44:21,666 [main] INFO  http.HttpServer2 (HttpServer2.java:addGlobalFilter(975)) - Added global filter 'safety' (class=org.apache.hadoop.http.HttpServer2$QuotingInputFilter)
2019-10-02 20:44:21,667 [main] INFO  http.HttpServer2 (HttpServer2.java:addFilter(948)) - Added filter static_user_filter (class=org.apache.hadoop.http.lib.StaticUserWebFilter$StaticUserFilter) to context hddsDatanode
2019-10-02 20:44:21,667 [main] INFO  http.HttpServer2 (HttpServer2.java:addFilter(958)) - Added filter static_user_filter (class=org.apache.hadoop.http.lib.StaticUserWebFilter$StaticUserFilter) to context logs
2019-10-02 20:44:21,667 [main] INFO  http.HttpServer2 (HttpServer2.java:addFilter(958)) - Added filter static_user_filter (class=org.apache.hadoop.http.lib.StaticUserWebFilter$StaticUserFilter) to context static
2019-10-02 20:44:21,668 [main] INFO  http.HttpServer2 (HttpServer2.java:bindListener(1191)) - Jetty bound to port 38174
2019-10-02 20:44:21,668 [main] INFO  server.Server (Server.java:doStart(351)) - jetty-9.3.25.v20180904, build timestamp: 2018-09-04T21:11:46Z, git hash: 3ce520221d0240229c862b122d2b06c12a625732
2019-10-02 20:44:21,669 [main] INFO  handler.ContextHandler (ContextHandler.java:doStart(781)) - Started o.e.j.s.ServletContextHandler@2a2dc0a{/logs,file:///workdir/hadoop-ozone/integration-test/target/log,AVAILABLE}
2019-10-02 20:44:21,669 [main] INFO  handler.ContextHandler (ContextHandler.java:doStart(781)) - Started o.e.j.s.ServletContextHandler@36ef1d65{/static,jar:file:/home/user/.m2/repository/org/apache/hadoop/hadoop-hdds-container-service/0.5.0-SNAPSHOT/hadoop-hdds-container-service-0.5.0-SNAPSHOT.jar!/webapps/static,AVAILABLE}
2019-10-02 20:44:21,692 [main] INFO  handler.ContextHandler (ContextHandler.java:doStart(781)) - Started o.e.j.w.WebAppContext@9accff0{/,file:///tmp/jetty-0.0.0.0-38174-hddsDatanode-_-any-2191188269708550248.dir/webapp/,AVAILABLE}{/hddsDatanode}
2019-10-02 20:44:21,693 [main] INFO  server.AbstractConnector (AbstractConnector.java:doStart(278)) - Started ServerConnector@52559a69{HTTP/1.1,[http/1.1]}{0.0.0.0:38174}
2019-10-02 20:44:21,694 [main] INFO  server.Server (Server.java:doStart(419)) - Started @125141ms
2019-10-02 20:44:21,694 [main] WARN  impl.MetricsSystemImpl (MetricsSystemImpl.java:register(276)) - Sink prometheus already exists!
2019-10-02 20:44:21,695 [main] INFO  server.BaseHttpServer (BaseHttpServer.java:updateConnectorAddress(215)) - HTTP server of HDDSDATANODE is listening at http://0.0.0.0:38174
2019-10-02 20:44:21,695 [main] INFO  impl.MetricsSystemImpl (MetricsSystemImpl.java:init(158)) - HddsDatanode metrics system started (again)
2019-10-02 20:44:21,699 [org.apache.hadoop.util.JvmPauseMonitor$Monitor@5f3bb968] INFO  util.JvmPauseMonitor (JvmPauseMonitor.java:run(188)) - Starting JVM pause monitor
2019-10-02 20:44:21,700 [main] INFO  ozone.HddsDatanodeService (HddsDatanodeService.java:start(184)) - HddsDatanodeService host:pr-hdds-2162-pj84x-1708865144 ip:192.168.164.206
2019-10-02 20:44:21,702 [Datanode State Machine Thread - 0] INFO  datanode.InitDatanodeState (InitDatanodeState.java:persistContainerDatanodeDetails(140)) - DatanodeDetails is persisted to /workdir/hadoop-ozone/integration-test/target/test-dir/MiniOzoneClusterImpl-323daffa-1557-4126-988f-69c5ea63cf7f/datanode-1/meta/datanode.id
2019-10-02 20:44:21,707 [main] INFO  volume.HddsVolume (HddsVolume.java:<init>(176)) - Creating Volume: /workdir/hadoop-ozone/integration-test/target/test-dir/MiniOzoneClusterImpl-323daffa-1557-4126-988f-69c5ea63cf7f/datanode-2/data/containers/hdds of  storage type : DISK and capacity : 1482555576320
2019-10-02 20:44:21,708 [main] INFO  volume.VolumeSet (VolumeSet.java:initializeVolumeSet(170)) - Added Volume : /workdir/hadoop-ozone/integration-test/target/test-dir/MiniOzoneClusterImpl-323daffa-1557-4126-988f-69c5ea63cf7f/datanode-2/data/containers/hdds to VolumeSet
2019-10-02 20:44:21,708 [main] INFO  volume.ThrottledAsyncChecker (ThrottledAsyncChecker.java:schedule(139)) - Scheduling a check for org.apache.hadoop.ozone.container.common.volume.HddsVolume@208205ed
2019-10-02 20:44:21,709 [main] INFO  volume.HddsVolumeChecker (HddsVolumeChecker.java:checkAllVolumes(202)) - Scheduled health check for volume org.apache.hadoop.ozone.container.common.volume.HddsVolume@208205ed
2019-10-02 20:44:21,728 [main] INFO  impl.RaftServerProxy (ConfUtils.java:logGet(43)) - raft.rpc.type = GRPC (default)
2019-10-02 20:44:21,729 [main] INFO  grpc.GrpcFactory (GrpcFactory.java:checkPooledByteBufAllocatorUseCacheForAllThreads(45)) - PERFORMANCE WARNING: useCacheForAllThreads is true that may cause Netty to create a lot garbage objects and, as a result, trigger GC.
	It is recommended to disable useCacheForAllThreads by setting -Dorg.apache.ratis.thirdparty.io.netty.allocator.useCacheForAllThreads=false in command line.
2019-10-02 20:44:21,729 [main] INFO  grpc.GrpcConfigKeys$Server (ConfUtils.java:logGet(43)) - raft.grpc.server.port = 0 (default)
2019-10-02 20:44:21,729 [main] INFO  server.GrpcService (ConfUtils.java:logGet(43)) - raft.grpc.message.size.max = 33570816 (custom)
2019-10-02 20:44:21,730 [main] INFO  server.RaftServerConfigKeys (ConfUtils.java:logGet(43)) - raft.server.log.appender.buffer.byte-limit = 33554432 (custom)
2019-10-02 20:44:21,730 [main] INFO  server.GrpcService (ConfUtils.java:logGet(43)) - raft.grpc.flow.control.window = 1MB (=1048576) (default)
2019-10-02 20:44:21,730 [main] INFO  server.RaftServerConfigKeys (ConfUtils.java:logGet(43)) - raft.server.rpc.request.timeout = 3000ms (default)
2019-10-02 20:44:21,731 [main] INFO  server.RaftServerConfigKeys (ConfUtils.java:logGet(43)) - raft.server.storage.dir = [/workdir/hadoop-ozone/integration-test/target/test-dir/MiniOzoneClusterImpl-323daffa-1557-4126-988f-69c5ea63cf7f/datanode-2/data/ratis] (custom)
2019-10-02 20:44:21,733 [main] INFO  hdfs.DFSUtil (DFSUtil.java:httpServerTemplateForNNAndJN(1641)) - Starting Web-server for hddsDatanode at: http://0.0.0.0:0
2019-10-02 20:44:21,734 [main] INFO  server.AuthenticationFilter (AuthenticationFilter.java:constructSecretProvider(240)) - Unable to initialize FileSignerSecretProvider, falling back to use random secrets.
2019-10-02 20:44:21,735 [main] WARN  http.HttpRequestLog (HttpRequestLog.java:getRequestLog(97)) - Jetty request log can only be enabled using Log4j
2019-10-02 20:44:21,737 [main] INFO  http.HttpServer2 (HttpServer2.java:addGlobalFilter(975)) - Added global filter 'safety' (class=org.apache.hadoop.http.HttpServer2$QuotingInputFilter)
2019-10-02 20:44:21,737 [main] INFO  http.HttpServer2 (HttpServer2.java:addFilter(948)) - Added filter static_user_filter (class=org.apache.hadoop.http.lib.StaticUserWebFilter$StaticUserFilter) to context hddsDatanode
2019-10-02 20:44:21,737 [main] INFO  http.HttpServer2 (HttpServer2.java:addFilter(958)) - Added filter static_user_filter (class=org.apache.hadoop.http.lib.StaticUserWebFilter$StaticUserFilter) to context logs
2019-10-02 20:44:21,738 [main] INFO  http.HttpServer2 (HttpServer2.java:addFilter(958)) - Added filter static_user_filter (class=org.apache.hadoop.http.lib.StaticUserWebFilter$StaticUserFilter) to context static
2019-10-02 20:44:21,739 [main] INFO  http.HttpServer2 (HttpServer2.java:bindListener(1191)) - Jetty bound to port 35278
2019-10-02 20:44:21,739 [main] INFO  server.Server (Server.java:doStart(351)) - jetty-9.3.25.v20180904, build timestamp: 2018-09-04T21:11:46Z, git hash: 3ce520221d0240229c862b122d2b06c12a625732
2019-10-02 20:44:21,741 [main] INFO  handler.ContextHandler (ContextHandler.java:doStart(781)) - Started o.e.j.s.ServletContextHandler@78910096{/logs,file:///workdir/hadoop-ozone/integration-test/target/log,AVAILABLE}
2019-10-02 20:44:21,741 [main] INFO  handler.ContextHandler (ContextHandler.java:doStart(781)) - Started o.e.j.s.ServletContextHandler@4a1a256d{/static,jar:file:/home/user/.m2/repository/org/apache/hadoop/hadoop-hdds-container-service/0.5.0-SNAPSHOT/hadoop-hdds-container-service-0.5.0-SNAPSHOT.jar!/webapps/static,AVAILABLE}
2019-10-02 20:44:21,778 [main] INFO  handler.ContextHandler (ContextHandler.java:doStart(781)) - Started o.e.j.w.WebAppContext@5c134052{/,file:///tmp/jetty-0.0.0.0-35278-hddsDatanode-_-any-3120650855028232227.dir/webapp/,AVAILABLE}{/hddsDatanode}
2019-10-02 20:44:21,779 [main] INFO  server.AbstractConnector (AbstractConnector.java:doStart(278)) - Started ServerConnector@69de5bed{HTTP/1.1,[http/1.1]}{0.0.0.0:35278}
2019-10-02 20:44:21,780 [main] INFO  server.Server (Server.java:doStart(419)) - Started @125227ms
2019-10-02 20:44:21,780 [main] WARN  impl.MetricsSystemImpl (MetricsSystemImpl.java:register(276)) - Sink prometheus already exists!
2019-10-02 20:44:21,781 [main] INFO  server.BaseHttpServer (BaseHttpServer.java:updateConnectorAddress(215)) - HTTP server of HDDSDATANODE is listening at http://0.0.0.0:35278
2019-10-02 20:44:21,781 [main] INFO  impl.MetricsSystemImpl (MetricsSystemImpl.java:init(158)) - HddsDatanode metrics system started (again)
2019-10-02 20:44:21,785 [org.apache.hadoop.util.JvmPauseMonitor$Monitor@5aa05b6d] INFO  util.JvmPauseMonitor (JvmPauseMonitor.java:run(188)) - Starting JVM pause monitor
2019-10-02 20:44:21,785 [main] INFO  ozone.HddsDatanodeService (HddsDatanodeService.java:start(184)) - HddsDatanodeService host:pr-hdds-2162-pj84x-1708865144 ip:192.168.164.206
2019-10-02 20:44:21,786 [Datanode State Machine Thread - 0] INFO  datanode.InitDatanodeState (InitDatanodeState.java:persistContainerDatanodeDetails(140)) - DatanodeDetails is persisted to /workdir/hadoop-ozone/integration-test/target/test-dir/MiniOzoneClusterImpl-323daffa-1557-4126-988f-69c5ea63cf7f/datanode-2/meta/datanode.id
2019-10-02 20:44:21,791 [main] INFO  volume.HddsVolume (HddsVolume.java:<init>(176)) - Creating Volume: /workdir/hadoop-ozone/integration-test/target/test-dir/MiniOzoneClusterImpl-323daffa-1557-4126-988f-69c5ea63cf7f/datanode-3/data/containers/hdds of  storage type : DISK and capacity : 1482555576320
2019-10-02 20:44:21,791 [main] INFO  volume.VolumeSet (VolumeSet.java:initializeVolumeSet(170)) - Added Volume : /workdir/hadoop-ozone/integration-test/target/test-dir/MiniOzoneClusterImpl-323daffa-1557-4126-988f-69c5ea63cf7f/datanode-3/data/containers/hdds to VolumeSet
2019-10-02 20:44:21,792 [main] INFO  volume.ThrottledAsyncChecker (ThrottledAsyncChecker.java:schedule(139)) - Scheduling a check for org.apache.hadoop.ozone.container.common.volume.HddsVolume@604d23fa
2019-10-02 20:44:21,792 [main] INFO  volume.HddsVolumeChecker (HddsVolumeChecker.java:checkAllVolumes(202)) - Scheduled health check for volume org.apache.hadoop.ozone.container.common.volume.HddsVolume@604d23fa
2019-10-02 20:44:21,806 [main] INFO  impl.RaftServerProxy (ConfUtils.java:logGet(43)) - raft.rpc.type = GRPC (default)
2019-10-02 20:44:21,806 [main] INFO  grpc.GrpcFactory (GrpcFactory.java:checkPooledByteBufAllocatorUseCacheForAllThreads(45)) - PERFORMANCE WARNING: useCacheForAllThreads is true that may cause Netty to create a lot garbage objects and, as a result, trigger GC.
	It is recommended to disable useCacheForAllThreads by setting -Dorg.apache.ratis.thirdparty.io.netty.allocator.useCacheForAllThreads=false in command line.
2019-10-02 20:44:21,806 [main] INFO  grpc.GrpcConfigKeys$Server (ConfUtils.java:logGet(43)) - raft.grpc.server.port = 0 (default)
2019-10-02 20:44:21,806 [main] INFO  server.GrpcService (ConfUtils.java:logGet(43)) - raft.grpc.message.size.max = 33570816 (custom)
2019-10-02 20:44:21,806 [main] INFO  server.RaftServerConfigKeys (ConfUtils.java:logGet(43)) - raft.server.log.appender.buffer.byte-limit = 33554432 (custom)
2019-10-02 20:44:21,807 [main] INFO  server.GrpcService (ConfUtils.java:logGet(43)) - raft.grpc.flow.control.window = 1MB (=1048576) (default)
2019-10-02 20:44:21,807 [main] INFO  server.RaftServerConfigKeys (ConfUtils.java:logGet(43)) - raft.server.rpc.request.timeout = 3000ms (default)
2019-10-02 20:44:21,807 [main] INFO  server.RaftServerConfigKeys (ConfUtils.java:logGet(43)) - raft.server.storage.dir = [/workdir/hadoop-ozone/integration-test/target/test-dir/MiniOzoneClusterImpl-323daffa-1557-4126-988f-69c5ea63cf7f/datanode-3/data/ratis] (custom)
2019-10-02 20:44:21,809 [main] INFO  hdfs.DFSUtil (DFSUtil.java:httpServerTemplateForNNAndJN(1641)) - Starting Web-server for hddsDatanode at: http://0.0.0.0:0
2019-10-02 20:44:21,810 [main] INFO  server.AuthenticationFilter (AuthenticationFilter.java:constructSecretProvider(240)) - Unable to initialize FileSignerSecretProvider, falling back to use random secrets.
2019-10-02 20:44:21,810 [main] WARN  http.HttpRequestLog (HttpRequestLog.java:getRequestLog(97)) - Jetty request log can only be enabled using Log4j
2019-10-02 20:44:21,812 [main] INFO  http.HttpServer2 (HttpServer2.java:addGlobalFilter(975)) - Added global filter 'safety' (class=org.apache.hadoop.http.HttpServer2$QuotingInputFilter)
2019-10-02 20:44:21,812 [main] INFO  http.HttpServer2 (HttpServer2.java:addFilter(948)) - Added filter static_user_filter (class=org.apache.hadoop.http.lib.StaticUserWebFilter$StaticUserFilter) to context hddsDatanode
2019-10-02 20:44:21,812 [main] INFO  http.HttpServer2 (HttpServer2.java:addFilter(958)) - Added filter static_user_filter (class=org.apache.hadoop.http.lib.StaticUserWebFilter$StaticUserFilter) to context static
2019-10-02 20:44:21,812 [main] INFO  http.HttpServer2 (HttpServer2.java:addFilter(958)) - Added filter static_user_filter (class=org.apache.hadoop.http.lib.StaticUserWebFilter$StaticUserFilter) to context logs
2019-10-02 20:44:21,813 [main] INFO  http.HttpServer2 (HttpServer2.java:bindListener(1191)) - Jetty bound to port 43047
2019-10-02 20:44:21,813 [main] INFO  server.Server (Server.java:doStart(351)) - jetty-9.3.25.v20180904, build timestamp: 2018-09-04T21:11:46Z, git hash: 3ce520221d0240229c862b122d2b06c12a625732
2019-10-02 20:44:21,815 [main] INFO  handler.ContextHandler (ContextHandler.java:doStart(781)) - Started o.e.j.s.ServletContextHandler@4c302f38{/logs,file:///workdir/hadoop-ozone/integration-test/target/log,AVAILABLE}
2019-10-02 20:44:21,815 [main] INFO  handler.ContextHandler (ContextHandler.java:doStart(781)) - Started o.e.j.s.ServletContextHandler@2a47597{/static,jar:file:/home/user/.m2/repository/org/apache/hadoop/hadoop-hdds-container-service/0.5.0-SNAPSHOT/hadoop-hdds-container-service-0.5.0-SNAPSHOT.jar!/webapps/static,AVAILABLE}
2019-10-02 20:44:21,843 [main] INFO  handler.ContextHandler (ContextHandler.java:doStart(781)) - Started o.e.j.w.WebAppContext@3aed69dd{/,file:///tmp/jetty-0.0.0.0-43047-hddsDatanode-_-any-6665262654729779914.dir/webapp/,AVAILABLE}{/hddsDatanode}
2019-10-02 20:44:21,843 [main] INFO  server.AbstractConnector (AbstractConnector.java:doStart(278)) - Started ServerConnector@3f1a9a53{HTTP/1.1,[http/1.1]}{0.0.0.0:43047}
2019-10-02 20:44:21,845 [main] INFO  server.Server (Server.java:doStart(419)) - Started @125292ms
2019-10-02 20:44:21,845 [main] WARN  impl.MetricsSystemImpl (MetricsSystemImpl.java:register(276)) - Sink prometheus already exists!
2019-10-02 20:44:21,846 [main] INFO  server.BaseHttpServer (BaseHttpServer.java:updateConnectorAddress(215)) - HTTP server of HDDSDATANODE is listening at http://0.0.0.0:43047
2019-10-02 20:44:21,846 [main] INFO  impl.MetricsSystemImpl (MetricsSystemImpl.java:init(158)) - HddsDatanode metrics system started (again)
2019-10-02 20:44:21,851 [org.apache.hadoop.util.JvmPauseMonitor$Monitor@587ed9d8] INFO  util.JvmPauseMonitor (JvmPauseMonitor.java:run(188)) - Starting JVM pause monitor
2019-10-02 20:44:21,852 [main] INFO  ozone.HddsDatanodeService (HddsDatanodeService.java:start(184)) - HddsDatanodeService host:pr-hdds-2162-pj84x-1708865144 ip:192.168.164.206
2019-10-02 20:44:21,852 [Datanode State Machine Thread - 0] INFO  datanode.InitDatanodeState (InitDatanodeState.java:persistContainerDatanodeDetails(140)) - DatanodeDetails is persisted to /workdir/hadoop-ozone/integration-test/target/test-dir/MiniOzoneClusterImpl-323daffa-1557-4126-988f-69c5ea63cf7f/datanode-3/meta/datanode.id
2019-10-02 20:44:21,865 [main] INFO  volume.HddsVolume (HddsVolume.java:<init>(176)) - Creating Volume: /workdir/hadoop-ozone/integration-test/target/test-dir/MiniOzoneClusterImpl-323daffa-1557-4126-988f-69c5ea63cf7f/datanode-4/data/containers/hdds of  storage type : DISK and capacity : 1482555576320
2019-10-02 20:44:21,865 [main] INFO  volume.VolumeSet (VolumeSet.java:initializeVolumeSet(170)) - Added Volume : /workdir/hadoop-ozone/integration-test/target/test-dir/MiniOzoneClusterImpl-323daffa-1557-4126-988f-69c5ea63cf7f/datanode-4/data/containers/hdds to VolumeSet
2019-10-02 20:44:21,866 [main] INFO  volume.ThrottledAsyncChecker (ThrottledAsyncChecker.java:schedule(139)) - Scheduling a check for org.apache.hadoop.ozone.container.common.volume.HddsVolume@1980a3f
2019-10-02 20:44:21,866 [main] INFO  volume.HddsVolumeChecker (HddsVolumeChecker.java:checkAllVolumes(202)) - Scheduled health check for volume org.apache.hadoop.ozone.container.common.volume.HddsVolume@1980a3f
2019-10-02 20:44:21,885 [main] INFO  impl.RaftServerProxy (ConfUtils.java:logGet(43)) - raft.rpc.type = GRPC (default)
2019-10-02 20:44:21,885 [main] INFO  grpc.GrpcFactory (GrpcFactory.java:checkPooledByteBufAllocatorUseCacheForAllThreads(45)) - PERFORMANCE WARNING: useCacheForAllThreads is true that may cause Netty to create a lot garbage objects and, as a result, trigger GC.
	It is recommended to disable useCacheForAllThreads by setting -Dorg.apache.ratis.thirdparty.io.netty.allocator.useCacheForAllThreads=false in command line.
2019-10-02 20:44:21,886 [main] INFO  grpc.GrpcConfigKeys$Server (ConfUtils.java:logGet(43)) - raft.grpc.server.port = 0 (default)
2019-10-02 20:44:21,886 [main] INFO  server.GrpcService (ConfUtils.java:logGet(43)) - raft.grpc.message.size.max = 33570816 (custom)
2019-10-02 20:44:21,886 [main] INFO  server.RaftServerConfigKeys (ConfUtils.java:logGet(43)) - raft.server.log.appender.buffer.byte-limit = 33554432 (custom)
2019-10-02 20:44:21,886 [main] INFO  server.GrpcService (ConfUtils.java:logGet(43)) - raft.grpc.flow.control.window = 1MB (=1048576) (default)
2019-10-02 20:44:21,887 [main] INFO  server.RaftServerConfigKeys (ConfUtils.java:logGet(43)) - raft.server.rpc.request.timeout = 3000ms (default)
2019-10-02 20:44:21,887 [main] INFO  server.RaftServerConfigKeys (ConfUtils.java:logGet(43)) - raft.server.storage.dir = [/workdir/hadoop-ozone/integration-test/target/test-dir/MiniOzoneClusterImpl-323daffa-1557-4126-988f-69c5ea63cf7f/datanode-4/data/ratis] (custom)
2019-10-02 20:44:21,889 [main] INFO  hdfs.DFSUtil (DFSUtil.java:httpServerTemplateForNNAndJN(1641)) - Starting Web-server for hddsDatanode at: http://0.0.0.0:0
2019-10-02 20:44:21,891 [main] INFO  server.AuthenticationFilter (AuthenticationFilter.java:constructSecretProvider(240)) - Unable to initialize FileSignerSecretProvider, falling back to use random secrets.
2019-10-02 20:44:21,891 [main] WARN  http.HttpRequestLog (HttpRequestLog.java:getRequestLog(97)) - Jetty request log can only be enabled using Log4j
2019-10-02 20:44:21,893 [main] INFO  http.HttpServer2 (HttpServer2.java:addGlobalFilter(975)) - Added global filter 'safety' (class=org.apache.hadoop.http.HttpServer2$QuotingInputFilter)
2019-10-02 20:44:21,894 [main] INFO  http.HttpServer2 (HttpServer2.java:addFilter(948)) - Added filter static_user_filter (class=org.apache.hadoop.http.lib.StaticUserWebFilter$StaticUserFilter) to context hddsDatanode
2019-10-02 20:44:21,894 [main] INFO  http.HttpServer2 (HttpServer2.java:addFilter(958)) - Added filter static_user_filter (class=org.apache.hadoop.http.lib.StaticUserWebFilter$StaticUserFilter) to context static
2019-10-02 20:44:21,894 [main] INFO  http.HttpServer2 (HttpServer2.java:addFilter(958)) - Added filter static_user_filter (class=org.apache.hadoop.http.lib.StaticUserWebFilter$StaticUserFilter) to context logs
2019-10-02 20:44:21,895 [main] INFO  http.HttpServer2 (HttpServer2.java:bindListener(1191)) - Jetty bound to port 38304
2019-10-02 20:44:21,895 [main] INFO  server.Server (Server.java:doStart(351)) - jetty-9.3.25.v20180904, build timestamp: 2018-09-04T21:11:46Z, git hash: 3ce520221d0240229c862b122d2b06c12a625732
2019-10-02 20:44:21,897 [main] INFO  handler.ContextHandler (ContextHandler.java:doStart(781)) - Started o.e.j.s.ServletContextHandler@49433c98{/logs,file:///workdir/hadoop-ozone/integration-test/target/log,AVAILABLE}
2019-10-02 20:44:21,898 [main] INFO  handler.ContextHandler (ContextHandler.java:doStart(781)) - Started o.e.j.s.ServletContextHandler@3bfae028{/static,jar:file:/home/user/.m2/repository/org/apache/hadoop/hadoop-hdds-container-service/0.5.0-SNAPSHOT/hadoop-hdds-container-service-0.5.0-SNAPSHOT.jar!/webapps/static,AVAILABLE}
2019-10-02 20:44:21,930 [main] INFO  handler.ContextHandler (ContextHandler.java:doStart(781)) - Started o.e.j.w.WebAppContext@64bebd55{/,file:///tmp/jetty-0.0.0.0-38304-hddsDatanode-_-any-8580303202182676068.dir/webapp/,AVAILABLE}{/hddsDatanode}
2019-10-02 20:44:21,931 [main] INFO  server.AbstractConnector (AbstractConnector.java:doStart(278)) - Started ServerConnector@7c1a8f0f{HTTP/1.1,[http/1.1]}{0.0.0.0:38304}
2019-10-02 20:44:21,932 [main] INFO  server.Server (Server.java:doStart(419)) - Started @125379ms
2019-10-02 20:44:21,932 [main] WARN  impl.MetricsSystemImpl (MetricsSystemImpl.java:register(276)) - Sink prometheus already exists!
2019-10-02 20:44:21,933 [main] INFO  server.BaseHttpServer (BaseHttpServer.java:updateConnectorAddress(215)) - HTTP server of HDDSDATANODE is listening at http://0.0.0.0:38304
2019-10-02 20:44:21,933 [main] INFO  impl.MetricsSystemImpl (MetricsSystemImpl.java:init(158)) - HddsDatanode metrics system started (again)
2019-10-02 20:44:21,937 [org.apache.hadoop.util.JvmPauseMonitor$Monitor@6cb3b312] INFO  util.JvmPauseMonitor (JvmPauseMonitor.java:run(188)) - Starting JVM pause monitor
2019-10-02 20:44:21,937 [main] INFO  ozone.HddsDatanodeService (HddsDatanodeService.java:start(184)) - HddsDatanodeService host:pr-hdds-2162-pj84x-1708865144 ip:192.168.164.206
2019-10-02 20:44:21,938 [Datanode State Machine Thread - 0] INFO  datanode.InitDatanodeState (InitDatanodeState.java:persistContainerDatanodeDetails(140)) - DatanodeDetails is persisted to /workdir/hadoop-ozone/integration-test/target/test-dir/MiniOzoneClusterImpl-323daffa-1557-4126-988f-69c5ea63cf7f/datanode-4/meta/datanode.id
2019-10-02 20:44:21,943 [main] INFO  volume.HddsVolume (HddsVolume.java:<init>(176)) - Creating Volume: /workdir/hadoop-ozone/integration-test/target/test-dir/MiniOzoneClusterImpl-323daffa-1557-4126-988f-69c5ea63cf7f/datanode-5/data/containers/hdds of  storage type : DISK and capacity : 1482555576320
2019-10-02 20:44:21,943 [main] INFO  volume.VolumeSet (VolumeSet.java:initializeVolumeSet(170)) - Added Volume : /workdir/hadoop-ozone/integration-test/target/test-dir/MiniOzoneClusterImpl-323daffa-1557-4126-988f-69c5ea63cf7f/datanode-5/data/containers/hdds to VolumeSet
2019-10-02 20:44:21,943 [main] INFO  volume.ThrottledAsyncChecker (ThrottledAsyncChecker.java:schedule(139)) - Scheduling a check for org.apache.hadoop.ozone.container.common.volume.HddsVolume@7b2bf745
2019-10-02 20:44:21,943 [main] INFO  volume.HddsVolumeChecker (HddsVolumeChecker.java:checkAllVolumes(202)) - Scheduled health check for volume org.apache.hadoop.ozone.container.common.volume.HddsVolume@7b2bf745
2019-10-02 20:44:21,957 [main] INFO  impl.RaftServerProxy (ConfUtils.java:logGet(43)) - raft.rpc.type = GRPC (default)
2019-10-02 20:44:21,957 [main] INFO  grpc.GrpcFactory (GrpcFactory.java:checkPooledByteBufAllocatorUseCacheForAllThreads(45)) - PERFORMANCE WARNING: useCacheForAllThreads is true that may cause Netty to create a lot garbage objects and, as a result, trigger GC.
	It is recommended to disable useCacheForAllThreads by setting -Dorg.apache.ratis.thirdparty.io.netty.allocator.useCacheForAllThreads=false in command line.
2019-10-02 20:44:21,957 [main] INFO  grpc.GrpcConfigKeys$Server (ConfUtils.java:logGet(43)) - raft.grpc.server.port = 0 (default)
2019-10-02 20:44:21,957 [main] INFO  server.GrpcService (ConfUtils.java:logGet(43)) - raft.grpc.message.size.max = 33570816 (custom)
2019-10-02 20:44:21,957 [main] INFO  server.RaftServerConfigKeys (ConfUtils.java:logGet(43)) - raft.server.log.appender.buffer.byte-limit = 33554432 (custom)
2019-10-02 20:44:21,958 [main] INFO  server.GrpcService (ConfUtils.java:logGet(43)) - raft.grpc.flow.control.window = 1MB (=1048576) (default)
2019-10-02 20:44:21,958 [main] INFO  server.RaftServerConfigKeys (ConfUtils.java:logGet(43)) - raft.server.rpc.request.timeout = 3000ms (default)
2019-10-02 20:44:21,958 [main] INFO  server.RaftServerConfigKeys (ConfUtils.java:logGet(43)) - raft.server.storage.dir = [/workdir/hadoop-ozone/integration-test/target/test-dir/MiniOzoneClusterImpl-323daffa-1557-4126-988f-69c5ea63cf7f/datanode-5/data/ratis] (custom)
2019-10-02 20:44:21,959 [main] INFO  hdfs.DFSUtil (DFSUtil.java:httpServerTemplateForNNAndJN(1641)) - Starting Web-server for hddsDatanode at: http://0.0.0.0:0
2019-10-02 20:44:21,960 [main] INFO  server.AuthenticationFilter (AuthenticationFilter.java:constructSecretProvider(240)) - Unable to initialize FileSignerSecretProvider, falling back to use random secrets.
2019-10-02 20:44:21,961 [main] WARN  http.HttpRequestLog (HttpRequestLog.java:getRequestLog(97)) - Jetty request log can only be enabled using Log4j
2019-10-02 20:44:21,962 [main] INFO  http.HttpServer2 (HttpServer2.java:addGlobalFilter(975)) - Added global filter 'safety' (class=org.apache.hadoop.http.HttpServer2$QuotingInputFilter)
2019-10-02 20:44:21,962 [main] INFO  http.HttpServer2 (HttpServer2.java:addFilter(948)) - Added filter static_user_filter (class=org.apache.hadoop.http.lib.StaticUserWebFilter$StaticUserFilter) to context hddsDatanode
2019-10-02 20:44:21,963 [main] INFO  http.HttpServer2 (HttpServer2.java:addFilter(958)) - Added filter static_user_filter (class=org.apache.hadoop.http.lib.StaticUserWebFilter$StaticUserFilter) to context logs
2019-10-02 20:44:21,963 [main] INFO  http.HttpServer2 (HttpServer2.java:addFilter(958)) - Added filter static_user_filter (class=org.apache.hadoop.http.lib.StaticUserWebFilter$StaticUserFilter) to context static
2019-10-02 20:44:21,963 [main] INFO  http.HttpServer2 (HttpServer2.java:bindListener(1191)) - Jetty bound to port 35733
2019-10-02 20:44:21,964 [main] INFO  server.Server (Server.java:doStart(351)) - jetty-9.3.25.v20180904, build timestamp: 2018-09-04T21:11:46Z, git hash: 3ce520221d0240229c862b122d2b06c12a625732
2019-10-02 20:44:21,965 [main] INFO  handler.ContextHandler (ContextHandler.java:doStart(781)) - Started o.e.j.s.ServletContextHandler@157d3a45{/logs,file:///workdir/hadoop-ozone/integration-test/target/log,AVAILABLE}
2019-10-02 20:44:21,966 [main] INFO  handler.ContextHandler (ContextHandler.java:doStart(781)) - Started o.e.j.s.ServletContextHandler@5190010f{/static,jar:file:/home/user/.m2/repository/org/apache/hadoop/hadoop-hdds-container-service/0.5.0-SNAPSHOT/hadoop-hdds-container-service-0.5.0-SNAPSHOT.jar!/webapps/static,AVAILABLE}
2019-10-02 20:44:21,993 [main] INFO  handler.ContextHandler (ContextHandler.java:doStart(781)) - Started o.e.j.w.WebAppContext@3b24087d{/,file:///tmp/jetty-0.0.0.0-35733-hddsDatanode-_-any-2240715844458686691.dir/webapp/,AVAILABLE}{/hddsDatanode}
2019-10-02 20:44:21,994 [main] INFO  server.AbstractConnector (AbstractConnector.java:doStart(278)) - Started ServerConnector@75fe1619{HTTP/1.1,[http/1.1]}{0.0.0.0:35733}
2019-10-02 20:44:21,995 [main] INFO  server.Server (Server.java:doStart(419)) - Started @125443ms
2019-10-02 20:44:21,996 [main] WARN  impl.MetricsSystemImpl (MetricsSystemImpl.java:register(276)) - Sink prometheus already exists!
2019-10-02 20:44:21,996 [main] INFO  server.BaseHttpServer (BaseHttpServer.java:updateConnectorAddress(215)) - HTTP server of HDDSDATANODE is listening at http://0.0.0.0:35733
2019-10-02 20:44:21,996 [main] INFO  impl.MetricsSystemImpl (MetricsSystemImpl.java:init(158)) - HddsDatanode metrics system started (again)
2019-10-02 20:44:22,000 [org.apache.hadoop.util.JvmPauseMonitor$Monitor@4141fa5e] INFO  util.JvmPauseMonitor (JvmPauseMonitor.java:run(188)) - Starting JVM pause monitor
2019-10-02 20:44:22,001 [main] INFO  ozone.HddsDatanodeService (HddsDatanodeService.java:start(184)) - HddsDatanodeService host:pr-hdds-2162-pj84x-1708865144 ip:192.168.164.206
2019-10-02 20:44:22,001 [Datanode State Machine Thread - 0] INFO  datanode.InitDatanodeState (InitDatanodeState.java:persistContainerDatanodeDetails(140)) - DatanodeDetails is persisted to /workdir/hadoop-ozone/integration-test/target/test-dir/MiniOzoneClusterImpl-323daffa-1557-4126-988f-69c5ea63cf7f/datanode-5/meta/datanode.id
2019-10-02 20:44:22,006 [main] INFO  volume.HddsVolume (HddsVolume.java:<init>(176)) - Creating Volume: /workdir/hadoop-ozone/integration-test/target/test-dir/MiniOzoneClusterImpl-323daffa-1557-4126-988f-69c5ea63cf7f/datanode-6/data/containers/hdds of  storage type : DISK and capacity : 1482555576320
2019-10-02 20:44:22,007 [main] INFO  volume.VolumeSet (VolumeSet.java:initializeVolumeSet(170)) - Added Volume : /workdir/hadoop-ozone/integration-test/target/test-dir/MiniOzoneClusterImpl-323daffa-1557-4126-988f-69c5ea63cf7f/datanode-6/data/containers/hdds to VolumeSet
2019-10-02 20:44:22,007 [main] INFO  volume.ThrottledAsyncChecker (ThrottledAsyncChecker.java:schedule(139)) - Scheduling a check for org.apache.hadoop.ozone.container.common.volume.HddsVolume@422ab737
2019-10-02 20:44:22,007 [main] INFO  volume.HddsVolumeChecker (HddsVolumeChecker.java:checkAllVolumes(202)) - Scheduled health check for volume org.apache.hadoop.ozone.container.common.volume.HddsVolume@422ab737
2019-10-02 20:44:22,019 [main] INFO  impl.RaftServerProxy (ConfUtils.java:logGet(43)) - raft.rpc.type = GRPC (default)
2019-10-02 20:44:22,020 [main] INFO  grpc.GrpcFactory (GrpcFactory.java:checkPooledByteBufAllocatorUseCacheForAllThreads(45)) - PERFORMANCE WARNING: useCacheForAllThreads is true that may cause Netty to create a lot garbage objects and, as a result, trigger GC.
	It is recommended to disable useCacheForAllThreads by setting -Dorg.apache.ratis.thirdparty.io.netty.allocator.useCacheForAllThreads=false in command line.
2019-10-02 20:44:22,020 [main] INFO  grpc.GrpcConfigKeys$Server (ConfUtils.java:logGet(43)) - raft.grpc.server.port = 0 (default)
2019-10-02 20:44:22,020 [main] INFO  server.GrpcService (ConfUtils.java:logGet(43)) - raft.grpc.message.size.max = 33570816 (custom)
2019-10-02 20:44:22,020 [main] INFO  server.RaftServerConfigKeys (ConfUtils.java:logGet(43)) - raft.server.log.appender.buffer.byte-limit = 33554432 (custom)
2019-10-02 20:44:22,020 [main] INFO  server.GrpcService (ConfUtils.java:logGet(43)) - raft.grpc.flow.control.window = 1MB (=1048576) (default)
2019-10-02 20:44:22,021 [main] INFO  server.RaftServerConfigKeys (ConfUtils.java:logGet(43)) - raft.server.rpc.request.timeout = 3000ms (default)
2019-10-02 20:44:22,021 [main] INFO  server.RaftServerConfigKeys (ConfUtils.java:logGet(43)) - raft.server.storage.dir = [/workdir/hadoop-ozone/integration-test/target/test-dir/MiniOzoneClusterImpl-323daffa-1557-4126-988f-69c5ea63cf7f/datanode-6/data/ratis] (custom)
2019-10-02 20:44:22,022 [main] INFO  hdfs.DFSUtil (DFSUtil.java:httpServerTemplateForNNAndJN(1641)) - Starting Web-server for hddsDatanode at: http://0.0.0.0:0
2019-10-02 20:44:22,023 [main] INFO  server.AuthenticationFilter (AuthenticationFilter.java:constructSecretProvider(240)) - Unable to initialize FileSignerSecretProvider, falling back to use random secrets.
2019-10-02 20:44:22,024 [main] WARN  http.HttpRequestLog (HttpRequestLog.java:getRequestLog(97)) - Jetty request log can only be enabled using Log4j
2019-10-02 20:44:22,025 [main] INFO  http.HttpServer2 (HttpServer2.java:addGlobalFilter(975)) - Added global filter 'safety' (class=org.apache.hadoop.http.HttpServer2$QuotingInputFilter)
2019-10-02 20:44:22,025 [main] INFO  http.HttpServer2 (HttpServer2.java:addFilter(948)) - Added filter static_user_filter (class=org.apache.hadoop.http.lib.StaticUserWebFilter$StaticUserFilter) to context hddsDatanode
2019-10-02 20:44:22,025 [main] INFO  http.HttpServer2 (HttpServer2.java:addFilter(958)) - Added filter static_user_filter (class=org.apache.hadoop.http.lib.StaticUserWebFilter$StaticUserFilter) to context static
2019-10-02 20:44:22,025 [main] INFO  http.HttpServer2 (HttpServer2.java:addFilter(958)) - Added filter static_user_filter (class=org.apache.hadoop.http.lib.StaticUserWebFilter$StaticUserFilter) to context logs
2019-10-02 20:44:22,026 [main] INFO  http.HttpServer2 (HttpServer2.java:bindListener(1191)) - Jetty bound to port 44598
2019-10-02 20:44:22,026 [main] INFO  server.Server (Server.java:doStart(351)) - jetty-9.3.25.v20180904, build timestamp: 2018-09-04T21:11:46Z, git hash: 3ce520221d0240229c862b122d2b06c12a625732
2019-10-02 20:44:22,028 [main] INFO  handler.ContextHandler (ContextHandler.java:doStart(781)) - Started o.e.j.s.ServletContextHandler@3d53e6f7{/logs,file:///workdir/hadoop-ozone/integration-test/target/log,AVAILABLE}
2019-10-02 20:44:22,028 [main] INFO  handler.ContextHandler (ContextHandler.java:doStart(781)) - Started o.e.j.s.ServletContextHandler@3ece79fe{/static,jar:file:/home/user/.m2/repository/org/apache/hadoop/hadoop-hdds-container-service/0.5.0-SNAPSHOT/hadoop-hdds-container-service-0.5.0-SNAPSHOT.jar!/webapps/static,AVAILABLE}
2019-10-02 20:44:22,055 [main] INFO  handler.ContextHandler (ContextHandler.java:doStart(781)) - Started o.e.j.w.WebAppContext@151ab2b9{/,file:///tmp/jetty-0.0.0.0-44598-hddsDatanode-_-any-906462080706687426.dir/webapp/,AVAILABLE}{/hddsDatanode}
2019-10-02 20:44:22,055 [main] INFO  server.AbstractConnector (AbstractConnector.java:doStart(278)) - Started ServerConnector@13ed066e{HTTP/1.1,[http/1.1]}{0.0.0.0:44598}
2019-10-02 20:44:22,057 [main] INFO  server.Server (Server.java:doStart(419)) - Started @125504ms
2019-10-02 20:44:22,057 [main] WARN  impl.MetricsSystemImpl (MetricsSystemImpl.java:register(276)) - Sink prometheus already exists!
2019-10-02 20:44:22,057 [main] INFO  server.BaseHttpServer (BaseHttpServer.java:updateConnectorAddress(215)) - HTTP server of HDDSDATANODE is listening at http://0.0.0.0:44598
2019-10-02 20:44:22,058 [main] INFO  ozone.MiniOzoneClusterImpl (MiniOzoneClusterImpl.java:lambda$waitForClusterToBeReady$0(147)) - Waiting for cluster to be ready. Got 0 of 7 DN Heartbeats.
2019-10-02 20:44:22,059 [org.apache.hadoop.util.JvmPauseMonitor$Monitor@1f3f645c] INFO  util.JvmPauseMonitor (JvmPauseMonitor.java:run(188)) - Starting JVM pause monitor
2019-10-02 20:44:22,061 [Datanode State Machine Thread - 0] INFO  datanode.InitDatanodeState (InitDatanodeState.java:persistContainerDatanodeDetails(140)) - DatanodeDetails is persisted to /workdir/hadoop-ozone/integration-test/target/test-dir/MiniOzoneClusterImpl-323daffa-1557-4126-988f-69c5ea63cf7f/datanode-6/meta/datanode.id
2019-10-02 20:44:23,058 [main] INFO  ozone.MiniOzoneClusterImpl (MiniOzoneClusterImpl.java:lambda$waitForClusterToBeReady$0(147)) - Waiting for cluster to be ready. Got 0 of 7 DN Heartbeats.
2019-10-02 20:44:23,662 [Datanode State Machine Thread - 0] INFO  ozoneimpl.OzoneContainer (OzoneContainer.java:start(217)) - Attempting to start container services.
2019-10-02 20:44:23,663 [Datanode State Machine Thread - 0] INFO  ozoneimpl.OzoneContainer (OzoneContainer.java:startContainerScrub(179)) - Background container scanner has been disabled.
2019-10-02 20:44:23,663 [Datanode State Machine Thread - 0] INFO  ratis.XceiverServerRatis (XceiverServerRatis.java:start(417)) - Starting XceiverServerRatis 7ce65cc5-04b0-4a34-8c63-19f39baaf864 at port 0
2019-10-02 20:44:23,670 [Datanode State Machine Thread - 0] INFO  impl.RaftServerProxy (RaftServerProxy.java:lambda$start$3(299)) - 7ce65cc5-04b0-4a34-8c63-19f39baaf864: start RPC server
2019-10-02 20:44:23,672 [Datanode State Machine Thread - 0] INFO  server.GrpcService (GrpcService.java:startImpl(158)) - 7ce65cc5-04b0-4a34-8c63-19f39baaf864: GrpcService started, listening on 0.0.0.0/0.0.0.0:46275
2019-10-02 20:44:23,672 [Datanode State Machine Thread - 0] INFO  ratis.XceiverServerRatis (XceiverServerRatis.java:start(427)) - XceiverServerRatis 7ce65cc5-04b0-4a34-8c63-19f39baaf864 is started using port 46275
2019-10-02 20:44:23,674 [Datanode State Machine Thread - 0] INFO  server.XceiverServerGrpc (XceiverServerGrpc.java:start(149)) - XceiverServerGrpc 7ce65cc5-04b0-4a34-8c63-19f39baaf864 is started using port 35665
2019-10-02 20:44:23,716 [Datanode State Machine Thread - 0] INFO  ozoneimpl.OzoneContainer (OzoneContainer.java:start(217)) - Attempting to start container services.
2019-10-02 20:44:23,716 [Datanode State Machine Thread - 0] INFO  ozoneimpl.OzoneContainer (OzoneContainer.java:startContainerScrub(179)) - Background container scanner has been disabled.
2019-10-02 20:44:23,717 [Datanode State Machine Thread - 0] INFO  ratis.XceiverServerRatis (XceiverServerRatis.java:start(417)) - Starting XceiverServerRatis df5571b8-72e0-4512-9986-2980712bea17 at port 0
2019-10-02 20:44:23,723 [Datanode State Machine Thread - 0] INFO  impl.RaftServerProxy (RaftServerProxy.java:lambda$start$3(299)) - df5571b8-72e0-4512-9986-2980712bea17: start RPC server
2019-10-02 20:44:23,724 [Datanode State Machine Thread - 0] INFO  server.GrpcService (GrpcService.java:startImpl(158)) - df5571b8-72e0-4512-9986-2980712bea17: GrpcService started, listening on 0.0.0.0/0.0.0.0:42107
2019-10-02 20:44:23,724 [Datanode State Machine Thread - 0] INFO  ratis.XceiverServerRatis (XceiverServerRatis.java:start(427)) - XceiverServerRatis df5571b8-72e0-4512-9986-2980712bea17 is started using port 42107
2019-10-02 20:44:23,724 [Datanode State Machine Thread - 0] INFO  server.XceiverServerGrpc (XceiverServerGrpc.java:start(149)) - XceiverServerGrpc df5571b8-72e0-4512-9986-2980712bea17 is started using port 32850
2019-10-02 20:44:23,800 [Datanode State Machine Thread - 0] INFO  ozoneimpl.OzoneContainer (OzoneContainer.java:start(217)) - Attempting to start container services.
2019-10-02 20:44:23,801 [Datanode State Machine Thread - 0] INFO  ozoneimpl.OzoneContainer (OzoneContainer.java:startContainerScrub(179)) - Background container scanner has been disabled.
2019-10-02 20:44:23,802 [Datanode State Machine Thread - 0] INFO  ratis.XceiverServerRatis (XceiverServerRatis.java:start(417)) - Starting XceiverServerRatis 243067d9-1796-4aab-8b65-6e98712d942b at port 0
2019-10-02 20:44:23,807 [Datanode State Machine Thread - 0] INFO  impl.RaftServerProxy (RaftServerProxy.java:lambda$start$3(299)) - 243067d9-1796-4aab-8b65-6e98712d942b: start RPC server
2019-10-02 20:44:23,808 [Datanode State Machine Thread - 0] INFO  server.GrpcService (GrpcService.java:startImpl(158)) - 243067d9-1796-4aab-8b65-6e98712d942b: GrpcService started, listening on 0.0.0.0/0.0.0.0:35202
2019-10-02 20:44:23,808 [Datanode State Machine Thread - 0] INFO  ratis.XceiverServerRatis (XceiverServerRatis.java:start(427)) - XceiverServerRatis 243067d9-1796-4aab-8b65-6e98712d942b is started using port 35202
2019-10-02 20:44:23,808 [Datanode State Machine Thread - 0] INFO  server.XceiverServerGrpc (XceiverServerGrpc.java:start(149)) - XceiverServerGrpc 243067d9-1796-4aab-8b65-6e98712d942b is started using port 46036
2019-10-02 20:44:23,866 [Datanode State Machine Thread - 0] INFO  ozoneimpl.OzoneContainer (OzoneContainer.java:start(217)) - Attempting to start container services.
2019-10-02 20:44:23,866 [Datanode State Machine Thread - 0] INFO  ozoneimpl.OzoneContainer (OzoneContainer.java:startContainerScrub(179)) - Background container scanner has been disabled.
2019-10-02 20:44:23,866 [Datanode State Machine Thread - 0] INFO  ratis.XceiverServerRatis (XceiverServerRatis.java:start(417)) - Starting XceiverServerRatis 305054ce-a37f-49ee-9999-6b4f7adbd3c4 at port 0
2019-10-02 20:44:23,873 [Datanode State Machine Thread - 0] INFO  impl.RaftServerProxy (RaftServerProxy.java:lambda$start$3(299)) - 305054ce-a37f-49ee-9999-6b4f7adbd3c4: start RPC server
2019-10-02 20:44:23,874 [Datanode State Machine Thread - 0] INFO  server.GrpcService (GrpcService.java:startImpl(158)) - 305054ce-a37f-49ee-9999-6b4f7adbd3c4: GrpcService started, listening on 0.0.0.0/0.0.0.0:37366
2019-10-02 20:44:23,874 [Datanode State Machine Thread - 0] INFO  ratis.XceiverServerRatis (XceiverServerRatis.java:start(427)) - XceiverServerRatis 305054ce-a37f-49ee-9999-6b4f7adbd3c4 is started using port 37366
2019-10-02 20:44:23,874 [Datanode State Machine Thread - 0] INFO  server.XceiverServerGrpc (XceiverServerGrpc.java:start(149)) - XceiverServerGrpc 305054ce-a37f-49ee-9999-6b4f7adbd3c4 is started using port 38367
2019-10-02 20:44:23,961 [Datanode State Machine Thread - 0] INFO  ozoneimpl.OzoneContainer (OzoneContainer.java:start(217)) - Attempting to start container services.
2019-10-02 20:44:23,961 [Datanode State Machine Thread - 0] INFO  ozoneimpl.OzoneContainer (OzoneContainer.java:startContainerScrub(179)) - Background container scanner has been disabled.
2019-10-02 20:44:23,961 [Datanode State Machine Thread - 0] INFO  ratis.XceiverServerRatis (XceiverServerRatis.java:start(417)) - Starting XceiverServerRatis dca9babe-a885-4412-b77e-ba5c4dbc8705 at port 0
2019-10-02 20:44:23,967 [Datanode State Machine Thread - 0] INFO  impl.RaftServerProxy (RaftServerProxy.java:lambda$start$3(299)) - dca9babe-a885-4412-b77e-ba5c4dbc8705: start RPC server
2019-10-02 20:44:23,968 [Datanode State Machine Thread - 0] INFO  server.GrpcService (GrpcService.java:startImpl(158)) - dca9babe-a885-4412-b77e-ba5c4dbc8705: GrpcService started, listening on 0.0.0.0/0.0.0.0:44770
2019-10-02 20:44:23,968 [Datanode State Machine Thread - 0] INFO  ratis.XceiverServerRatis (XceiverServerRatis.java:start(427)) - XceiverServerRatis dca9babe-a885-4412-b77e-ba5c4dbc8705 is started using port 44770
2019-10-02 20:44:23,969 [Datanode State Machine Thread - 0] INFO  server.XceiverServerGrpc (XceiverServerGrpc.java:start(149)) - XceiverServerGrpc dca9babe-a885-4412-b77e-ba5c4dbc8705 is started using port 36474
2019-10-02 20:44:24,014 [Datanode State Machine Thread - 0] INFO  ozoneimpl.OzoneContainer (OzoneContainer.java:start(217)) - Attempting to start container services.
2019-10-02 20:44:24,014 [Datanode State Machine Thread - 0] INFO  ozoneimpl.OzoneContainer (OzoneContainer.java:startContainerScrub(179)) - Background container scanner has been disabled.
2019-10-02 20:44:24,015 [Datanode State Machine Thread - 0] INFO  ratis.XceiverServerRatis (XceiverServerRatis.java:start(417)) - Starting XceiverServerRatis 6fceca67-6645-4960-8b5d-1a38fa2b4e89 at port 0
2019-10-02 20:44:24,019 [Datanode State Machine Thread - 0] INFO  impl.RaftServerProxy (RaftServerProxy.java:lambda$start$3(299)) - 6fceca67-6645-4960-8b5d-1a38fa2b4e89: start RPC server
2019-10-02 20:44:24,020 [Datanode State Machine Thread - 0] INFO  server.GrpcService (GrpcService.java:startImpl(158)) - 6fceca67-6645-4960-8b5d-1a38fa2b4e89: GrpcService started, listening on 0.0.0.0/0.0.0.0:43167
2019-10-02 20:44:24,020 [Datanode State Machine Thread - 0] INFO  ratis.XceiverServerRatis (XceiverServerRatis.java:start(427)) - XceiverServerRatis 6fceca67-6645-4960-8b5d-1a38fa2b4e89 is started using port 43167
2019-10-02 20:44:24,020 [Datanode State Machine Thread - 0] INFO  server.XceiverServerGrpc (XceiverServerGrpc.java:start(149)) - XceiverServerGrpc 6fceca67-6645-4960-8b5d-1a38fa2b4e89 is started using port 42701
2019-10-02 20:44:24,059 [main] INFO  ozone.MiniOzoneClusterImpl (MiniOzoneClusterImpl.java:lambda$waitForClusterToBeReady$0(147)) - Waiting for cluster to be ready. Got 0 of 7 DN Heartbeats.
2019-10-02 20:44:24,074 [Datanode State Machine Thread - 0] INFO  ozoneimpl.OzoneContainer (OzoneContainer.java:start(217)) - Attempting to start container services.
2019-10-02 20:44:24,074 [Datanode State Machine Thread - 0] INFO  ozoneimpl.OzoneContainer (OzoneContainer.java:startContainerScrub(179)) - Background container scanner has been disabled.
2019-10-02 20:44:24,074 [Datanode State Machine Thread - 0] INFO  ratis.XceiverServerRatis (XceiverServerRatis.java:start(417)) - Starting XceiverServerRatis d5fa228a-74cc-4927-b2b5-dfd1e4dbfcd1 at port 0
2019-10-02 20:44:24,080 [Datanode State Machine Thread - 0] INFO  impl.RaftServerProxy (RaftServerProxy.java:lambda$start$3(299)) - d5fa228a-74cc-4927-b2b5-dfd1e4dbfcd1: start RPC server
2019-10-02 20:44:24,081 [Datanode State Machine Thread - 0] INFO  server.GrpcService (GrpcService.java:startImpl(158)) - d5fa228a-74cc-4927-b2b5-dfd1e4dbfcd1: GrpcService started, listening on 0.0.0.0/0.0.0.0:41165
2019-10-02 20:44:24,081 [Datanode State Machine Thread - 0] INFO  ratis.XceiverServerRatis (XceiverServerRatis.java:start(427)) - XceiverServerRatis d5fa228a-74cc-4927-b2b5-dfd1e4dbfcd1 is started using port 41165
2019-10-02 20:44:24,084 [Datanode State Machine Thread - 0] INFO  server.XceiverServerGrpc (XceiverServerGrpc.java:start(149)) - XceiverServerGrpc d5fa228a-74cc-4927-b2b5-dfd1e4dbfcd1 is started using port 42849
2019-10-02 20:44:25,059 [main] INFO  ozone.MiniOzoneClusterImpl (MiniOzoneClusterImpl.java:lambda$waitForClusterToBeReady$0(147)) - Waiting for cluster to be ready. Got 0 of 7 DN Heartbeats.
2019-10-02 20:44:25,645 [IPC Server handler 3 on 33328] INFO  net.NetworkTopology (NetworkTopologyImpl.java:add(111)) - Added a new node: /default-rack/7ce65cc5-04b0-4a34-8c63-19f39baaf864
2019-10-02 20:44:25,647 [IPC Server handler 3 on 33328] INFO  node.SCMNodeManager (SCMNodeManager.java:register(266)) - Registered Data node : 7ce65cc5-04b0-4a34-8c63-19f39baaf864{ip: 192.168.164.206, host: pr-hdds-2162-pj84x-1708865144, networkLocation: /default-rack, certSerialId: null}
2019-10-02 20:44:25,648 [EventQueue-NodeRegistrationContainerReportForDataNodeSafeModeRule] INFO  safemode.SCMSafeModeManager (DataNodeSafeModeRule.java:process(71)) - SCM in safe mode. 1 DataNodes registered, 1 required.
2019-10-02 20:44:25,650 [EventQueue-NodeRegistrationContainerReportForDataNodeSafeModeRule] INFO  safemode.SCMSafeModeManager (SCMSafeModeManager.java:validateSafeModeExitRules(177)) - ScmSafeModeManager, all rules are successfully validated
2019-10-02 20:44:25,650 [EventQueue-NodeRegistrationContainerReportForDataNodeSafeModeRule] INFO  safemode.SCMSafeModeManager (SCMSafeModeManager.java:exitSafeMode(193)) - SCM exiting safe mode.
2019-10-02 20:44:25,659 [grpc-default-executor-0] INFO  impl.RaftServerProxy (RaftServerProxy.java:addNew(89)) - 7ce65cc5-04b0-4a34-8c63-19f39baaf864: addNew group-A0AE3036F34A:[7ce65cc5-04b0-4a34-8c63-19f39baaf864:192.168.164.206:46275] returns group-A0AE3036F34A:java.util.concurrent.CompletableFuture@2ff3bd10[Not completed]
2019-10-02 20:44:25,663 [pool-207-thread-1] INFO  impl.RaftServerImpl (RaftServerImpl.java:<init>(95)) - 7ce65cc5-04b0-4a34-8c63-19f39baaf864: new RaftServerImpl for group-A0AE3036F34A:[7ce65cc5-04b0-4a34-8c63-19f39baaf864:192.168.164.206:46275] with ContainerStateMachine:uninitialized
2019-10-02 20:44:25,663 [pool-207-thread-1] INFO  server.RaftServerConfigKeys (ConfUtils.java:logGet(43)) - raft.server.rpc.timeout.min = 5s (custom)
2019-10-02 20:44:25,663 [pool-207-thread-1] INFO  server.RaftServerConfigKeys (ConfUtils.java:logGet(43)) - raft.server.rpc.timeout.max = 5200ms (custom)
2019-10-02 20:44:25,663 [pool-207-thread-1] INFO  server.RaftServerConfigKeys (ConfUtils.java:logGet(43)) - raft.server.rpcslowness.timeout = 120s (custom)
2019-10-02 20:44:25,663 [pool-207-thread-1] INFO  server.RaftServerConfigKeys (ConfUtils.java:logGet(43)) - raft.server.sleep.deviation.threshold = 300 (default)
2019-10-02 20:44:25,664 [pool-207-thread-1] INFO  server.RaftServerConfigKeys (ConfUtils.java:logGet(43)) - raft.server.log.appender.install.snapshot.enabled = false (custom)
2019-10-02 20:44:25,664 [pool-207-thread-1] INFO  impl.RaftServerImpl (ServerState.java:<init>(103)) - 7ce65cc5-04b0-4a34-8c63-19f39baaf864@group-A0AE3036F34A: ConfigurationManager, init=-1: [7ce65cc5-04b0-4a34-8c63-19f39baaf864:192.168.164.206:46275], old=null, confs=<EMPTY_MAP>
2019-10-02 20:44:25,664 [pool-207-thread-1] INFO  server.RaftServerConfigKeys (ConfUtils.java:logGet(43)) - raft.server.storage.dir = [/workdir/hadoop-ozone/integration-test/target/test-dir/MiniOzoneClusterImpl-323daffa-1557-4126-988f-69c5ea63cf7f/datanode-0/data/ratis] (custom)
2019-10-02 20:44:25,665 [pool-207-thread-1] INFO  server.RaftServerConfigKeys (ConfUtils.java:logGet(43)) - raft.server.log.corruption.policy = EXCEPTION (default)
2019-10-02 20:44:25,665 [pool-207-thread-1] INFO  storage.RaftStorageDirectory (RaftStorageDirectory.java:analyzeStorage(246)) - The storage directory /workdir/hadoop-ozone/integration-test/target/test-dir/MiniOzoneClusterImpl-323daffa-1557-4126-988f-69c5ea63cf7f/datanode-0/data/ratis/c112e802-c56e-49f1-aeaf-a0ae3036f34a does not exist. Creating ...
2019-10-02 20:44:25,679 [pool-207-thread-1] INFO  storage.RaftStorageDirectory (RaftStorageDirectory.java:tryLock(328)) - Lock on /workdir/hadoop-ozone/integration-test/target/test-dir/MiniOzoneClusterImpl-323daffa-1557-4126-988f-69c5ea63cf7f/datanode-0/data/ratis/c112e802-c56e-49f1-aeaf-a0ae3036f34a/in_use.lock acquired by nodename 14416@pr-hdds-2162-pj84x-1708865144
2019-10-02 20:44:25,692 [pool-207-thread-1] INFO  storage.RaftStorage (RaftStorage.java:format(84)) - Storage directory /workdir/hadoop-ozone/integration-test/target/test-dir/MiniOzoneClusterImpl-323daffa-1557-4126-988f-69c5ea63cf7f/datanode-0/data/ratis/c112e802-c56e-49f1-aeaf-a0ae3036f34a has been successfully formatted.
2019-10-02 20:44:25,693 [pool-207-thread-1] INFO  ratis.ContainerStateMachine (ContainerStateMachine.java:loadSnapshot(230)) - group-A0AE3036F34A: The snapshot info is null. Setting the last applied indexto:(t:0, i:~)
2019-10-02 20:44:25,693 [pool-207-thread-1] INFO  server.RaftServerConfigKeys (ConfUtils.java:logGet(43)) - raft.server.notification.no-leader.timeout = 120s (custom)
2019-10-02 20:44:25,693 [pool-207-thread-1] INFO  server.RaftServerConfigKeys (ConfUtils.java:logGet(43)) - raft.server.log.use.memory = false (default)
2019-10-02 20:44:25,693 [pool-207-thread-1] INFO  server.RaftServerConfigKeys (ConfUtils.java:logGet(43)) - raft.server.log.purge.gap = 1000000 (custom)
2019-10-02 20:44:25,694 [pool-207-thread-1] INFO  server.RaftServerConfigKeys (ConfUtils.java:logGet(43)) - raft.server.log.appender.buffer.byte-limit = 33554432 (custom)
2019-10-02 20:44:25,694 [pool-207-thread-1] INFO  server.RaftServerConfigKeys (ConfUtils.java:logGet(43)) - raft.server.log.segment.size.max = 1048576 (custom)
2019-10-02 20:44:25,697 [pool-207-thread-1] INFO  server.RaftServerConfigKeys (ConfUtils.java:logGet(43)) - raft.server.log.segment.cache.num.max = 2 (custom)
2019-10-02 20:44:25,697 [pool-207-thread-1] INFO  segmented.SegmentedRaftLogWorker (SegmentedRaftLogWorker.java:<init>(173)) - new 7ce65cc5-04b0-4a34-8c63-19f39baaf864@group-A0AE3036F34A-SegmentedRaftLogWorker for RaftStorage:Storage Directory /workdir/hadoop-ozone/integration-test/target/test-dir/MiniOzoneClusterImpl-323daffa-1557-4126-988f-69c5ea63cf7f/datanode-0/data/ratis/c112e802-c56e-49f1-aeaf-a0ae3036f34a
2019-10-02 20:44:25,698 [pool-207-thread-1] INFO  server.RaftServerConfigKeys (ConfUtils.java:logGet(43)) - raft.server.log.queue.byte-limit = 2147483647 (custom)
2019-10-02 20:44:25,698 [pool-207-thread-1] INFO  server.RaftServerConfigKeys (ConfUtils.java:logGet(43)) - raft.server.log.queue.element-limit = 1024 (custom)
2019-10-02 20:44:25,698 [pool-207-thread-1] INFO  server.RaftServerConfigKeys (ConfUtils.java:logGet(43)) - raft.server.log.segment.size.max = 1048576 (custom)
2019-10-02 20:44:25,698 [pool-207-thread-1] INFO  server.RaftServerConfigKeys (ConfUtils.java:logGet(43)) - raft.server.log.preallocated.size = 16384 (custom)
2019-10-02 20:44:25,698 [pool-207-thread-1] INFO  server.RaftServerConfigKeys (ConfUtils.java:logGet(43)) - raft.server.log.write.buffer.size = 33554432 (custom)
2019-10-02 20:44:25,698 [pool-207-thread-1] INFO  server.RaftServerConfigKeys (ConfUtils.java:logGet(43)) - raft.server.log.force.sync.num = 128 (default)
2019-10-02 20:44:25,698 [pool-207-thread-1] INFO  server.RaftServerConfigKeys (ConfUtils.java:logGet(43)) - raft.server.log.statemachine.data.sync = true (default)
2019-10-02 20:44:25,699 [pool-207-thread-1] INFO  server.RaftServerConfigKeys (ConfUtils.java:logGet(43)) - raft.server.log.statemachine.data.sync.timeout = 10s (default)
2019-10-02 20:44:25,699 [pool-207-thread-1] INFO  server.RaftServerConfigKeys (ConfUtils.java:logGet(43)) - raft.server.log.statemachine.data.sync.timeout.retry = -1 (default)
2019-10-02 20:44:25,699 [pool-207-thread-1] INFO  server.RaftServerConfigKeys (ConfUtils.java:logGet(43)) - raft.server.log.statemachine.data.caching.enabled = true (custom)
2019-10-02 20:44:25,700 [IPC Server handler 4 on 33328] INFO  net.NetworkTopology (NetworkTopologyImpl.java:add(111)) - Added a new node: /default-rack/df5571b8-72e0-4512-9986-2980712bea17
2019-10-02 20:44:25,700 [IPC Server handler 4 on 33328] INFO  node.SCMNodeManager (SCMNodeManager.java:register(266)) - Registered Data node : df5571b8-72e0-4512-9986-2980712bea17{ip: 192.168.164.206, host: pr-hdds-2162-pj84x-1708865144, networkLocation: /default-rack, certSerialId: null}
2019-10-02 20:44:25,701 [pool-207-thread-1] INFO  segmented.SegmentedRaftLogWorker (SegmentedRaftLogWorker.java:lambda$new$0(128)) - 7ce65cc5-04b0-4a34-8c63-19f39baaf864@group-A0AE3036F34A-SegmentedRaftLogWorker: flushIndex: setUnconditionally 0 -> -1
2019-10-02 20:44:25,701 [pool-207-thread-1] INFO  server.RaftServerConfigKeys (ConfUtils.java:logGet(43)) - raft.server.snapshot.auto.trigger.enabled = true (custom)
2019-10-02 20:44:25,701 [pool-207-thread-1] INFO  server.RaftServerConfigKeys (ConfUtils.java:logGet(43)) - raft.server.snapshot.auto.trigger.threshold = 10000 (custom)
2019-10-02 20:44:25,702 [pool-207-thread-1] INFO  server.RaftServerConfigKeys (ConfUtils.java:logGet(43)) - raft.server.snapshot.retention.file.num = 5 (custom)
2019-10-02 20:44:25,702 [pool-207-thread-1] INFO  server.RaftServerConfigKeys (ConfUtils.java:logGet(43)) - raft.server.retrycache.expirytime = 600000ms (custom)
2019-10-02 20:44:25,704 [pool-207-thread-1] INFO  impl.RaftServerImpl (RaftServerImpl.java:start(181)) - 7ce65cc5-04b0-4a34-8c63-19f39baaf864@group-A0AE3036F34A: start as a follower, conf=-1: [7ce65cc5-04b0-4a34-8c63-19f39baaf864:192.168.164.206:46275], old=null
2019-10-02 20:44:25,705 [pool-207-thread-1] INFO  impl.RaftServerImpl (RaftServerImpl.java:setRole(170)) - 7ce65cc5-04b0-4a34-8c63-19f39baaf864@group-A0AE3036F34A: changes role from      null to FOLLOWER at term 0 for startAsFollower
2019-10-02 20:44:25,705 [pool-207-thread-1] INFO  impl.RoleInfo (RoleInfo.java:updateAndGet(143)) - 7ce65cc5-04b0-4a34-8c63-19f39baaf864: start FollowerState
2019-10-02 20:44:25,705 [pool-207-thread-1] INFO  util.JmxRegister (JmxRegister.java:tryRegister(44)) - Successfully registered JMX Bean with object name Ratis:service=RaftServer,group=group-A0AE3036F34A,id=7ce65cc5-04b0-4a34-8c63-19f39baaf864
2019-10-02 20:44:25,713 [RatisPipelineUtilsThread] INFO  pipeline.PipelineStateManager (PipelineStateManager.java:addPipeline(56)) - Created pipeline Pipeline[ Id: c112e802-c56e-49f1-aeaf-a0ae3036f34a, Nodes: 7ce65cc5-04b0-4a34-8c63-19f39baaf864{ip: 192.168.164.206, host: pr-hdds-2162-pj84x-1708865144, networkLocation: /default-rack, certSerialId: null}, Type:RATIS, Factor:ONE, State:OPEN]
2019-10-02 20:44:25,731 [grpc-default-executor-0] INFO  impl.RaftServerProxy (RaftServerProxy.java:addNew(89)) - df5571b8-72e0-4512-9986-2980712bea17: addNew group-CFF1E0DB3AD5:[df5571b8-72e0-4512-9986-2980712bea17:192.168.164.206:42107] returns group-CFF1E0DB3AD5:java.util.concurrent.CompletableFuture@4f13891e[Not completed]
2019-10-02 20:44:25,732 [pool-217-thread-1] INFO  impl.RaftServerImpl (RaftServerImpl.java:<init>(95)) - df5571b8-72e0-4512-9986-2980712bea17: new RaftServerImpl for group-CFF1E0DB3AD5:[df5571b8-72e0-4512-9986-2980712bea17:192.168.164.206:42107] with ContainerStateMachine:uninitialized
2019-10-02 20:44:25,732 [pool-217-thread-1] INFO  server.RaftServerConfigKeys (ConfUtils.java:logGet(43)) - raft.server.rpc.timeout.min = 5s (custom)
2019-10-02 20:44:25,733 [pool-217-thread-1] INFO  server.RaftServerConfigKeys (ConfUtils.java:logGet(43)) - raft.server.rpc.timeout.max = 5200ms (custom)
2019-10-02 20:44:25,733 [pool-217-thread-1] INFO  server.RaftServerConfigKeys (ConfUtils.java:logGet(43)) - raft.server.rpcslowness.timeout = 120s (custom)
2019-10-02 20:44:25,733 [pool-217-thread-1] INFO  server.RaftServerConfigKeys (ConfUtils.java:logGet(43)) - raft.server.sleep.deviation.threshold = 300 (default)
2019-10-02 20:44:25,733 [pool-217-thread-1] INFO  server.RaftServerConfigKeys (ConfUtils.java:logGet(43)) - raft.server.log.appender.install.snapshot.enabled = false (custom)
2019-10-02 20:44:25,733 [pool-217-thread-1] INFO  impl.RaftServerImpl (ServerState.java:<init>(103)) - df5571b8-72e0-4512-9986-2980712bea17@group-CFF1E0DB3AD5: ConfigurationManager, init=-1: [df5571b8-72e0-4512-9986-2980712bea17:192.168.164.206:42107], old=null, confs=<EMPTY_MAP>
2019-10-02 20:44:25,733 [pool-217-thread-1] INFO  server.RaftServerConfigKeys (ConfUtils.java:logGet(43)) - raft.server.storage.dir = [/workdir/hadoop-ozone/integration-test/target/test-dir/MiniOzoneClusterImpl-323daffa-1557-4126-988f-69c5ea63cf7f/datanode-1/data/ratis] (custom)
2019-10-02 20:44:25,733 [pool-217-thread-1] INFO  server.RaftServerConfigKeys (ConfUtils.java:logGet(43)) - raft.server.log.corruption.policy = EXCEPTION (default)
2019-10-02 20:44:25,734 [pool-217-thread-1] INFO  storage.RaftStorageDirectory (RaftStorageDirectory.java:analyzeStorage(246)) - The storage directory /workdir/hadoop-ozone/integration-test/target/test-dir/MiniOzoneClusterImpl-323daffa-1557-4126-988f-69c5ea63cf7f/datanode-1/data/ratis/5081f135-5cd6-420d-8ea8-cff1e0db3ad5 does not exist. Creating ...
2019-10-02 20:44:25,747 [pool-217-thread-1] INFO  storage.RaftStorageDirectory (RaftStorageDirectory.java:tryLock(328)) - Lock on /workdir/hadoop-ozone/integration-test/target/test-dir/MiniOzoneClusterImpl-323daffa-1557-4126-988f-69c5ea63cf7f/datanode-1/data/ratis/5081f135-5cd6-420d-8ea8-cff1e0db3ad5/in_use.lock acquired by nodename 14416@pr-hdds-2162-pj84x-1708865144
2019-10-02 20:44:25,760 [pool-217-thread-1] INFO  storage.RaftStorage (RaftStorage.java:format(84)) - Storage directory /workdir/hadoop-ozone/integration-test/target/test-dir/MiniOzoneClusterImpl-323daffa-1557-4126-988f-69c5ea63cf7f/datanode-1/data/ratis/5081f135-5cd6-420d-8ea8-cff1e0db3ad5 has been successfully formatted.
2019-10-02 20:44:25,760 [pool-217-thread-1] INFO  ratis.ContainerStateMachine (ContainerStateMachine.java:loadSnapshot(230)) - group-CFF1E0DB3AD5: The snapshot info is null. Setting the last applied indexto:(t:0, i:~)
2019-10-02 20:44:25,760 [pool-217-thread-1] INFO  server.RaftServerConfigKeys (ConfUtils.java:logGet(43)) - raft.server.notification.no-leader.timeout = 120s (custom)
2019-10-02 20:44:25,760 [pool-217-thread-1] INFO  server.RaftServerConfigKeys (ConfUtils.java:logGet(43)) - raft.server.log.use.memory = false (default)
2019-10-02 20:44:25,761 [pool-217-thread-1] INFO  server.RaftServerConfigKeys (ConfUtils.java:logGet(43)) - raft.server.log.purge.gap = 1000000 (custom)
2019-10-02 20:44:25,761 [pool-217-thread-1] INFO  server.RaftServerConfigKeys (ConfUtils.java:logGet(43)) - raft.server.log.appender.buffer.byte-limit = 33554432 (custom)
2019-10-02 20:44:25,761 [pool-217-thread-1] INFO  server.RaftServerConfigKeys (ConfUtils.java:logGet(43)) - raft.server.log.segment.size.max = 1048576 (custom)
2019-10-02 20:44:25,762 [pool-217-thread-1] INFO  server.RaftServerConfigKeys (ConfUtils.java:logGet(43)) - raft.server.log.segment.cache.num.max = 2 (custom)
2019-10-02 20:44:25,762 [pool-217-thread-1] INFO  segmented.SegmentedRaftLogWorker (SegmentedRaftLogWorker.java:<init>(173)) - new df5571b8-72e0-4512-9986-2980712bea17@group-CFF1E0DB3AD5-SegmentedRaftLogWorker for RaftStorage:Storage Directory /workdir/hadoop-ozone/integration-test/target/test-dir/MiniOzoneClusterImpl-323daffa-1557-4126-988f-69c5ea63cf7f/datanode-1/data/ratis/5081f135-5cd6-420d-8ea8-cff1e0db3ad5
2019-10-02 20:44:25,763 [pool-217-thread-1] INFO  server.RaftServerConfigKeys (ConfUtils.java:logGet(43)) - raft.server.log.queue.byte-limit = 2147483647 (custom)
2019-10-02 20:44:25,763 [pool-217-thread-1] INFO  server.RaftServerConfigKeys (ConfUtils.java:logGet(43)) - raft.server.log.queue.element-limit = 1024 (custom)
2019-10-02 20:44:25,763 [pool-217-thread-1] INFO  server.RaftServerConfigKeys (ConfUtils.java:logGet(43)) - raft.server.log.segment.size.max = 1048576 (custom)
2019-10-02 20:44:25,763 [pool-217-thread-1] INFO  server.RaftServerConfigKeys (ConfUtils.java:logGet(43)) - raft.server.log.preallocated.size = 16384 (custom)
2019-10-02 20:44:25,763 [pool-217-thread-1] INFO  server.RaftServerConfigKeys (ConfUtils.java:logGet(43)) - raft.server.log.write.buffer.size = 33554432 (custom)
2019-10-02 20:44:25,763 [pool-217-thread-1] INFO  server.RaftServerConfigKeys (ConfUtils.java:logGet(43)) - raft.server.log.force.sync.num = 128 (default)
2019-10-02 20:44:25,763 [pool-217-thread-1] INFO  server.RaftServerConfigKeys (ConfUtils.java:logGet(43)) - raft.server.log.statemachine.data.sync = true (default)
2019-10-02 20:44:25,763 [pool-217-thread-1] INFO  server.RaftServerConfigKeys (ConfUtils.java:logGet(43)) - raft.server.log.statemachine.data.sync.timeout = 10s (default)
2019-10-02 20:44:25,764 [pool-217-thread-1] INFO  server.RaftServerConfigKeys (ConfUtils.java:logGet(43)) - raft.server.log.statemachine.data.sync.timeout.retry = -1 (default)
2019-10-02 20:44:25,764 [pool-217-thread-1] INFO  server.RaftServerConfigKeys (ConfUtils.java:logGet(43)) - raft.server.log.statemachine.data.caching.enabled = true (custom)
2019-10-02 20:44:25,764 [pool-217-thread-1] INFO  segmented.SegmentedRaftLogWorker (SegmentedRaftLogWorker.java:lambda$new$0(128)) - df5571b8-72e0-4512-9986-2980712bea17@group-CFF1E0DB3AD5-SegmentedRaftLogWorker: flushIndex: setUnconditionally 0 -> -1
2019-10-02 20:44:25,764 [pool-217-thread-1] INFO  server.RaftServerConfigKeys (ConfUtils.java:logGet(43)) - raft.server.snapshot.auto.trigger.enabled = true (custom)
2019-10-02 20:44:25,764 [pool-217-thread-1] INFO  server.RaftServerConfigKeys (ConfUtils.java:logGet(43)) - raft.server.snapshot.auto.trigger.threshold = 10000 (custom)
2019-10-02 20:44:25,765 [pool-217-thread-1] INFO  server.RaftServerConfigKeys (ConfUtils.java:logGet(43)) - raft.server.snapshot.retention.file.num = 5 (custom)
2019-10-02 20:44:25,765 [pool-217-thread-1] INFO  server.RaftServerConfigKeys (ConfUtils.java:logGet(43)) - raft.server.retrycache.expirytime = 600000ms (custom)
2019-10-02 20:44:25,766 [pool-217-thread-1] INFO  impl.RaftServerImpl (RaftServerImpl.java:start(181)) - df5571b8-72e0-4512-9986-2980712bea17@group-CFF1E0DB3AD5: start as a follower, conf=-1: [df5571b8-72e0-4512-9986-2980712bea17:192.168.164.206:42107], old=null
2019-10-02 20:44:25,766 [pool-217-thread-1] INFO  impl.RaftServerImpl (RaftServerImpl.java:setRole(170)) - df5571b8-72e0-4512-9986-2980712bea17@group-CFF1E0DB3AD5: changes role from      null to FOLLOWER at term 0 for startAsFollower
2019-10-02 20:44:25,766 [pool-217-thread-1] INFO  impl.RoleInfo (RoleInfo.java:updateAndGet(143)) - df5571b8-72e0-4512-9986-2980712bea17: start FollowerState
2019-10-02 20:44:25,767 [pool-217-thread-1] INFO  util.JmxRegister (JmxRegister.java:tryRegister(44)) - Successfully registered JMX Bean with object name Ratis:service=RaftServer,group=group-CFF1E0DB3AD5,id=df5571b8-72e0-4512-9986-2980712bea17
2019-10-02 20:44:25,773 [RatisPipelineUtilsThread] INFO  pipeline.PipelineStateManager (PipelineStateManager.java:addPipeline(56)) - Created pipeline Pipeline[ Id: 5081f135-5cd6-420d-8ea8-cff1e0db3ad5, Nodes: df5571b8-72e0-4512-9986-2980712bea17{ip: 192.168.164.206, host: pr-hdds-2162-pj84x-1708865144, networkLocation: /default-rack, certSerialId: null}, Type:RATIS, Factor:ONE, State:OPEN]
2019-10-02 20:44:25,787 [IPC Server handler 2 on 33328] INFO  net.NetworkTopology (NetworkTopologyImpl.java:add(111)) - Added a new node: /default-rack/243067d9-1796-4aab-8b65-6e98712d942b
2019-10-02 20:44:25,787 [IPC Server handler 2 on 33328] INFO  node.SCMNodeManager (SCMNodeManager.java:register(266)) - Registered Data node : 243067d9-1796-4aab-8b65-6e98712d942b{ip: 192.168.164.206, host: pr-hdds-2162-pj84x-1708865144, networkLocation: /default-rack, certSerialId: null}
2019-10-02 20:44:25,793 [grpc-default-executor-0] INFO  impl.RaftServerProxy (RaftServerProxy.java:addNew(89)) - 243067d9-1796-4aab-8b65-6e98712d942b: addNew group-C8DA1D58F2DB:[243067d9-1796-4aab-8b65-6e98712d942b:192.168.164.206:35202] returns group-C8DA1D58F2DB:java.util.concurrent.CompletableFuture@a55679a[Not completed]
2019-10-02 20:44:25,794 [pool-227-thread-1] INFO  impl.RaftServerImpl (RaftServerImpl.java:<init>(95)) - 243067d9-1796-4aab-8b65-6e98712d942b: new RaftServerImpl for group-C8DA1D58F2DB:[243067d9-1796-4aab-8b65-6e98712d942b:192.168.164.206:35202] with ContainerStateMachine:uninitialized
2019-10-02 20:44:25,794 [pool-227-thread-1] INFO  server.RaftServerConfigKeys (ConfUtils.java:logGet(43)) - raft.server.rpc.timeout.min = 5s (custom)
2019-10-02 20:44:25,794 [pool-227-thread-1] INFO  server.RaftServerConfigKeys (ConfUtils.java:logGet(43)) - raft.server.rpc.timeout.max = 5200ms (custom)
2019-10-02 20:44:25,794 [pool-227-thread-1] INFO  server.RaftServerConfigKeys (ConfUtils.java:logGet(43)) - raft.server.rpcslowness.timeout = 120s (custom)
2019-10-02 20:44:25,794 [pool-227-thread-1] INFO  server.RaftServerConfigKeys (ConfUtils.java:logGet(43)) - raft.server.sleep.deviation.threshold = 300 (default)
2019-10-02 20:44:25,794 [pool-227-thread-1] INFO  server.RaftServerConfigKeys (ConfUtils.java:logGet(43)) - raft.server.log.appender.install.snapshot.enabled = false (custom)
2019-10-02 20:44:25,795 [pool-227-thread-1] INFO  impl.RaftServerImpl (ServerState.java:<init>(103)) - 243067d9-1796-4aab-8b65-6e98712d942b@group-C8DA1D58F2DB: ConfigurationManager, init=-1: [243067d9-1796-4aab-8b65-6e98712d942b:192.168.164.206:35202], old=null, confs=<EMPTY_MAP>
2019-10-02 20:44:25,795 [pool-227-thread-1] INFO  server.RaftServerConfigKeys (ConfUtils.java:logGet(43)) - raft.server.storage.dir = [/workdir/hadoop-ozone/integration-test/target/test-dir/MiniOzoneClusterImpl-323daffa-1557-4126-988f-69c5ea63cf7f/datanode-2/data/ratis] (custom)
2019-10-02 20:44:25,795 [pool-227-thread-1] INFO  server.RaftServerConfigKeys (ConfUtils.java:logGet(43)) - raft.server.log.corruption.policy = EXCEPTION (default)
2019-10-02 20:44:25,795 [pool-227-thread-1] INFO  storage.RaftStorageDirectory (RaftStorageDirectory.java:analyzeStorage(246)) - The storage directory /workdir/hadoop-ozone/integration-test/target/test-dir/MiniOzoneClusterImpl-323daffa-1557-4126-988f-69c5ea63cf7f/datanode-2/data/ratis/e8f4d9d8-ab88-4cc2-8c2b-c8da1d58f2db does not exist. Creating ...
2019-10-02 20:44:25,808 [pool-227-thread-1] INFO  storage.RaftStorageDirectory (RaftStorageDirectory.java:tryLock(328)) - Lock on /workdir/hadoop-ozone/integration-test/target/test-dir/MiniOzoneClusterImpl-323daffa-1557-4126-988f-69c5ea63cf7f/datanode-2/data/ratis/e8f4d9d8-ab88-4cc2-8c2b-c8da1d58f2db/in_use.lock acquired by nodename 14416@pr-hdds-2162-pj84x-1708865144
2019-10-02 20:44:25,821 [pool-227-thread-1] INFO  storage.RaftStorage (RaftStorage.java:format(84)) - Storage directory /workdir/hadoop-ozone/integration-test/target/test-dir/MiniOzoneClusterImpl-323daffa-1557-4126-988f-69c5ea63cf7f/datanode-2/data/ratis/e8f4d9d8-ab88-4cc2-8c2b-c8da1d58f2db has been successfully formatted.
2019-10-02 20:44:25,821 [pool-227-thread-1] INFO  ratis.ContainerStateMachine (ContainerStateMachine.java:loadSnapshot(230)) - group-C8DA1D58F2DB: The snapshot info is null. Setting the last applied indexto:(t:0, i:~)
2019-10-02 20:44:25,821 [pool-227-thread-1] INFO  server.RaftServerConfigKeys (ConfUtils.java:logGet(43)) - raft.server.notification.no-leader.timeout = 120s (custom)
2019-10-02 20:44:25,821 [pool-227-thread-1] INFO  server.RaftServerConfigKeys (ConfUtils.java:logGet(43)) - raft.server.log.use.memory = false (default)
2019-10-02 20:44:25,821 [pool-227-thread-1] INFO  server.RaftServerConfigKeys (ConfUtils.java:logGet(43)) - raft.server.log.purge.gap = 1000000 (custom)
2019-10-02 20:44:25,821 [pool-227-thread-1] INFO  server.RaftServerConfigKeys (ConfUtils.java:logGet(43)) - raft.server.log.appender.buffer.byte-limit = 33554432 (custom)
2019-10-02 20:44:25,822 [pool-227-thread-1] INFO  server.RaftServerConfigKeys (ConfUtils.java:logGet(43)) - raft.server.log.segment.size.max = 1048576 (custom)
2019-10-02 20:44:25,824 [pool-227-thread-1] INFO  server.RaftServerConfigKeys (ConfUtils.java:logGet(43)) - raft.server.log.segment.cache.num.max = 2 (custom)
2019-10-02 20:44:25,824 [pool-227-thread-1] INFO  segmented.SegmentedRaftLogWorker (SegmentedRaftLogWorker.java:<init>(173)) - new 243067d9-1796-4aab-8b65-6e98712d942b@group-C8DA1D58F2DB-SegmentedRaftLogWorker for RaftStorage:Storage Directory /workdir/hadoop-ozone/integration-test/target/test-dir/MiniOzoneClusterImpl-323daffa-1557-4126-988f-69c5ea63cf7f/datanode-2/data/ratis/e8f4d9d8-ab88-4cc2-8c2b-c8da1d58f2db
2019-10-02 20:44:25,824 [pool-227-thread-1] INFO  server.RaftServerConfigKeys (ConfUtils.java:logGet(43)) - raft.server.log.queue.byte-limit = 2147483647 (custom)
2019-10-02 20:44:25,824 [pool-227-thread-1] INFO  server.RaftServerConfigKeys (ConfUtils.java:logGet(43)) - raft.server.log.queue.element-limit = 1024 (custom)
2019-10-02 20:44:25,824 [pool-227-thread-1] INFO  server.RaftServerConfigKeys (ConfUtils.java:logGet(43)) - raft.server.log.segment.size.max = 1048576 (custom)
2019-10-02 20:44:25,824 [pool-227-thread-1] INFO  server.RaftServerConfigKeys (ConfUtils.java:logGet(43)) - raft.server.log.preallocated.size = 16384 (custom)
2019-10-02 20:44:25,824 [pool-227-thread-1] INFO  server.RaftServerConfigKeys (ConfUtils.java:logGet(43)) - raft.server.log.write.buffer.size = 33554432 (custom)
2019-10-02 20:44:25,825 [pool-227-thread-1] INFO  server.RaftServerConfigKeys (ConfUtils.java:logGet(43)) - raft.server.log.force.sync.num = 128 (default)
2019-10-02 20:44:25,825 [pool-227-thread-1] INFO  server.RaftServerConfigKeys (ConfUtils.java:logGet(43)) - raft.server.log.statemachine.data.sync = true (default)
2019-10-02 20:44:25,825 [pool-227-thread-1] INFO  server.RaftServerConfigKeys (ConfUtils.java:logGet(43)) - raft.server.log.statemachine.data.sync.timeout = 10s (default)
2019-10-02 20:44:25,825 [pool-227-thread-1] INFO  server.RaftServerConfigKeys (ConfUtils.java:logGet(43)) - raft.server.log.statemachine.data.sync.timeout.retry = -1 (default)
2019-10-02 20:44:25,825 [pool-227-thread-1] INFO  server.RaftServerConfigKeys (ConfUtils.java:logGet(43)) - raft.server.log.statemachine.data.caching.enabled = true (custom)
2019-10-02 20:44:25,825 [pool-227-thread-1] INFO  segmented.SegmentedRaftLogWorker (SegmentedRaftLogWorker.java:lambda$new$0(128)) - 243067d9-1796-4aab-8b65-6e98712d942b@group-C8DA1D58F2DB-SegmentedRaftLogWorker: flushIndex: setUnconditionally 0 -> -1
2019-10-02 20:44:25,826 [pool-227-thread-1] INFO  server.RaftServerConfigKeys (ConfUtils.java:logGet(43)) - raft.server.snapshot.auto.trigger.enabled = true (custom)
2019-10-02 20:44:25,826 [pool-227-thread-1] INFO  server.RaftServerConfigKeys (ConfUtils.java:logGet(43)) - raft.server.snapshot.auto.trigger.threshold = 10000 (custom)
2019-10-02 20:44:25,826 [pool-227-thread-1] INFO  server.RaftServerConfigKeys (ConfUtils.java:logGet(43)) - raft.server.snapshot.retention.file.num = 5 (custom)
2019-10-02 20:44:25,826 [pool-227-thread-1] INFO  server.RaftServerConfigKeys (ConfUtils.java:logGet(43)) - raft.server.retrycache.expirytime = 600000ms (custom)
2019-10-02 20:44:25,828 [pool-227-thread-1] INFO  impl.RaftServerImpl (RaftServerImpl.java:start(181)) - 243067d9-1796-4aab-8b65-6e98712d942b@group-C8DA1D58F2DB: start as a follower, conf=-1: [243067d9-1796-4aab-8b65-6e98712d942b:192.168.164.206:35202], old=null
2019-10-02 20:44:25,828 [pool-227-thread-1] INFO  impl.RaftServerImpl (RaftServerImpl.java:setRole(170)) - 243067d9-1796-4aab-8b65-6e98712d942b@group-C8DA1D58F2DB: changes role from      null to FOLLOWER at term 0 for startAsFollower
2019-10-02 20:44:25,828 [pool-227-thread-1] INFO  impl.RoleInfo (RoleInfo.java:updateAndGet(143)) - 243067d9-1796-4aab-8b65-6e98712d942b: start FollowerState
2019-10-02 20:44:25,828 [pool-227-thread-1] INFO  util.JmxRegister (JmxRegister.java:tryRegister(44)) - Successfully registered JMX Bean with object name Ratis:service=RaftServer,group=group-C8DA1D58F2DB,id=243067d9-1796-4aab-8b65-6e98712d942b
2019-10-02 20:44:25,835 [RatisPipelineUtilsThread] INFO  pipeline.PipelineStateManager (PipelineStateManager.java:addPipeline(56)) - Created pipeline Pipeline[ Id: e8f4d9d8-ab88-4cc2-8c2b-c8da1d58f2db, Nodes: 243067d9-1796-4aab-8b65-6e98712d942b{ip: 192.168.164.206, host: pr-hdds-2162-pj84x-1708865144, networkLocation: /default-rack, certSerialId: null}, Type:RATIS, Factor:ONE, State:OPEN]
2019-10-02 20:44:25,843 [grpc-default-executor-1] INFO  impl.RaftServerProxy (RaftServerProxy.java:addNew(89)) - df5571b8-72e0-4512-9986-2980712bea17: addNew group-CF7CB16F510F:[df5571b8-72e0-4512-9986-2980712bea17:192.168.164.206:42107, 7ce65cc5-04b0-4a34-8c63-19f39baaf864:192.168.164.206:46275, 243067d9-1796-4aab-8b65-6e98712d942b:192.168.164.206:35202] returns group-CF7CB16F510F:java.util.concurrent.CompletableFuture@6c80d542[Not completed]
2019-10-02 20:44:25,843 [grpc-default-executor-0] INFO  impl.RaftServerProxy (RaftServerProxy.java:addNew(89)) - 7ce65cc5-04b0-4a34-8c63-19f39baaf864: addNew group-CF7CB16F510F:[df5571b8-72e0-4512-9986-2980712bea17:192.168.164.206:42107, 7ce65cc5-04b0-4a34-8c63-19f39baaf864:192.168.164.206:46275, 243067d9-1796-4aab-8b65-6e98712d942b:192.168.164.206:35202] returns group-CF7CB16F510F:java.util.concurrent.CompletableFuture@71797d73[Not completed]
2019-10-02 20:44:25,843 [grpc-default-executor-4] INFO  impl.RaftServerProxy (RaftServerProxy.java:addNew(89)) - 243067d9-1796-4aab-8b65-6e98712d942b: addNew group-CF7CB16F510F:[df5571b8-72e0-4512-9986-2980712bea17:192.168.164.206:42107, 7ce65cc5-04b0-4a34-8c63-19f39baaf864:192.168.164.206:46275, 243067d9-1796-4aab-8b65-6e98712d942b:192.168.164.206:35202] returns group-CF7CB16F510F:java.util.concurrent.CompletableFuture@156334b5[Not completed]
2019-10-02 20:44:25,844 [pool-217-thread-1] INFO  impl.RaftServerImpl (RaftServerImpl.java:<init>(95)) - df5571b8-72e0-4512-9986-2980712bea17: new RaftServerImpl for group-CF7CB16F510F:[df5571b8-72e0-4512-9986-2980712bea17:192.168.164.206:42107, 7ce65cc5-04b0-4a34-8c63-19f39baaf864:192.168.164.206:46275, 243067d9-1796-4aab-8b65-6e98712d942b:192.168.164.206:35202] with ContainerStateMachine:uninitialized
2019-10-02 20:44:25,845 [pool-217-thread-1] INFO  server.RaftServerConfigKeys (ConfUtils.java:logGet(43)) - raft.server.rpc.timeout.min = 5s (custom)
2019-10-02 20:44:25,845 [pool-217-thread-1] INFO  server.RaftServerConfigKeys (ConfUtils.java:logGet(43)) - raft.server.rpc.timeout.max = 5200ms (custom)
2019-10-02 20:44:25,845 [pool-217-thread-1] INFO  server.RaftServerConfigKeys (ConfUtils.java:logGet(43)) - raft.server.rpcslowness.timeout = 120s (custom)
2019-10-02 20:44:25,845 [pool-217-thread-1] INFO  server.RaftServerConfigKeys (ConfUtils.java:logGet(43)) - raft.server.sleep.deviation.threshold = 300 (default)
2019-10-02 20:44:25,845 [pool-227-thread-1] INFO  impl.RaftServerImpl (RaftServerImpl.java:<init>(95)) - 243067d9-1796-4aab-8b65-6e98712d942b: new RaftServerImpl for group-CF7CB16F510F:[df5571b8-72e0-4512-9986-2980712bea17:192.168.164.206:42107, 7ce65cc5-04b0-4a34-8c63-19f39baaf864:192.168.164.206:46275, 243067d9-1796-4aab-8b65-6e98712d942b:192.168.164.206:35202] with ContainerStateMachine:uninitialized
2019-10-02 20:44:25,845 [pool-217-thread-1] INFO  server.RaftServerConfigKeys (ConfUtils.java:logGet(43)) - raft.server.log.appender.install.snapshot.enabled = false (custom)
2019-10-02 20:44:25,846 [pool-227-thread-1] INFO  server.RaftServerConfigKeys (ConfUtils.java:logGet(43)) - raft.server.rpc.timeout.min = 5s (custom)
2019-10-02 20:44:25,846 [pool-217-thread-1] INFO  impl.RaftServerImpl (ServerState.java:<init>(103)) - df5571b8-72e0-4512-9986-2980712bea17@group-CF7CB16F510F: ConfigurationManager, init=-1: [df5571b8-72e0-4512-9986-2980712bea17:192.168.164.206:42107, 7ce65cc5-04b0-4a34-8c63-19f39baaf864:192.168.164.206:46275, 243067d9-1796-4aab-8b65-6e98712d942b:192.168.164.206:35202], old=null, confs=<EMPTY_MAP>
2019-10-02 20:44:25,846 [pool-227-thread-1] INFO  server.RaftServerConfigKeys (ConfUtils.java:logGet(43)) - raft.server.rpc.timeout.max = 5200ms (custom)
2019-10-02 20:44:25,846 [pool-207-thread-1] INFO  impl.RaftServerImpl (RaftServerImpl.java:<init>(95)) - 7ce65cc5-04b0-4a34-8c63-19f39baaf864: new RaftServerImpl for group-CF7CB16F510F:[df5571b8-72e0-4512-9986-2980712bea17:192.168.164.206:42107, 7ce65cc5-04b0-4a34-8c63-19f39baaf864:192.168.164.206:46275, 243067d9-1796-4aab-8b65-6e98712d942b:192.168.164.206:35202] with ContainerStateMachine:uninitialized
2019-10-02 20:44:25,846 [pool-217-thread-1] INFO  server.RaftServerConfigKeys (ConfUtils.java:logGet(43)) - raft.server.storage.dir = [/workdir/hadoop-ozone/integration-test/target/test-dir/MiniOzoneClusterImpl-323daffa-1557-4126-988f-69c5ea63cf7f/datanode-1/data/ratis] (custom)
2019-10-02 20:44:25,847 [pool-207-thread-1] INFO  server.RaftServerConfigKeys (ConfUtils.java:logGet(43)) - raft.server.rpc.timeout.min = 5s (custom)
2019-10-02 20:44:25,846 [pool-227-thread-1] INFO  server.RaftServerConfigKeys (ConfUtils.java:logGet(43)) - raft.server.rpcslowness.timeout = 120s (custom)
2019-10-02 20:44:25,847 [pool-217-thread-1] INFO  server.RaftServerConfigKeys (ConfUtils.java:logGet(43)) - raft.server.log.corruption.policy = EXCEPTION (default)
2019-10-02 20:44:25,847 [pool-207-thread-1] INFO  server.RaftServerConfigKeys (ConfUtils.java:logGet(43)) - raft.server.rpc.timeout.max = 5200ms (custom)
2019-10-02 20:44:25,847 [pool-217-thread-1] INFO  storage.RaftStorageDirectory (RaftStorageDirectory.java:analyzeStorage(246)) - The storage directory /workdir/hadoop-ozone/integration-test/target/test-dir/MiniOzoneClusterImpl-323daffa-1557-4126-988f-69c5ea63cf7f/datanode-1/data/ratis/5ce86b99-2c96-4540-bc36-cf7cb16f510f does not exist. Creating ...
2019-10-02 20:44:25,847 [pool-227-thread-1] INFO  server.RaftServerConfigKeys (ConfUtils.java:logGet(43)) - raft.server.sleep.deviation.threshold = 300 (default)
2019-10-02 20:44:25,847 [pool-207-thread-1] INFO  server.RaftServerConfigKeys (ConfUtils.java:logGet(43)) - raft.server.rpcslowness.timeout = 120s (custom)
2019-10-02 20:44:25,848 [pool-227-thread-1] INFO  server.RaftServerConfigKeys (ConfUtils.java:logGet(43)) - raft.server.log.appender.install.snapshot.enabled = false (custom)
2019-10-02 20:44:25,848 [pool-207-thread-1] INFO  server.RaftServerConfigKeys (ConfUtils.java:logGet(43)) - raft.server.sleep.deviation.threshold = 300 (default)
2019-10-02 20:44:25,848 [pool-227-thread-1] INFO  impl.RaftServerImpl (ServerState.java:<init>(103)) - 243067d9-1796-4aab-8b65-6e98712d942b@group-CF7CB16F510F: ConfigurationManager, init=-1: [df5571b8-72e0-4512-9986-2980712bea17:192.168.164.206:42107, 7ce65cc5-04b0-4a34-8c63-19f39baaf864:192.168.164.206:46275, 243067d9-1796-4aab-8b65-6e98712d942b:192.168.164.206:35202], old=null, confs=<EMPTY_MAP>
2019-10-02 20:44:25,848 [pool-207-thread-1] INFO  server.RaftServerConfigKeys (ConfUtils.java:logGet(43)) - raft.server.log.appender.install.snapshot.enabled = false (custom)
2019-10-02 20:44:25,848 [pool-227-thread-1] INFO  server.RaftServerConfigKeys (ConfUtils.java:logGet(43)) - raft.server.storage.dir = [/workdir/hadoop-ozone/integration-test/target/test-dir/MiniOzoneClusterImpl-323daffa-1557-4126-988f-69c5ea63cf7f/datanode-2/data/ratis] (custom)
2019-10-02 20:44:25,849 [pool-207-thread-1] INFO  impl.RaftServerImpl (ServerState.java:<init>(103)) - 7ce65cc5-04b0-4a34-8c63-19f39baaf864@group-CF7CB16F510F: ConfigurationManager, init=-1: [df5571b8-72e0-4512-9986-2980712bea17:192.168.164.206:42107, 7ce65cc5-04b0-4a34-8c63-19f39baaf864:192.168.164.206:46275, 243067d9-1796-4aab-8b65-6e98712d942b:192.168.164.206:35202], old=null, confs=<EMPTY_MAP>
2019-10-02 20:44:25,849 [pool-227-thread-1] INFO  server.RaftServerConfigKeys (ConfUtils.java:logGet(43)) - raft.server.log.corruption.policy = EXCEPTION (default)
2019-10-02 20:44:25,849 [pool-207-thread-1] INFO  server.RaftServerConfigKeys (ConfUtils.java:logGet(43)) - raft.server.storage.dir = [/workdir/hadoop-ozone/integration-test/target/test-dir/MiniOzoneClusterImpl-323daffa-1557-4126-988f-69c5ea63cf7f/datanode-0/data/ratis] (custom)
2019-10-02 20:44:25,849 [pool-227-thread-1] INFO  storage.RaftStorageDirectory (RaftStorageDirectory.java:analyzeStorage(246)) - The storage directory /workdir/hadoop-ozone/integration-test/target/test-dir/MiniOzoneClusterImpl-323daffa-1557-4126-988f-69c5ea63cf7f/datanode-2/data/ratis/5ce86b99-2c96-4540-bc36-cf7cb16f510f does not exist. Creating ...
2019-10-02 20:44:25,849 [pool-207-thread-1] INFO  server.RaftServerConfigKeys (ConfUtils.java:logGet(43)) - raft.server.log.corruption.policy = EXCEPTION (default)
2019-10-02 20:44:25,850 [pool-207-thread-1] INFO  storage.RaftStorageDirectory (RaftStorageDirectory.java:analyzeStorage(246)) - The storage directory /workdir/hadoop-ozone/integration-test/target/test-dir/MiniOzoneClusterImpl-323daffa-1557-4126-988f-69c5ea63cf7f/datanode-0/data/ratis/5ce86b99-2c96-4540-bc36-cf7cb16f510f does not exist. Creating ...
2019-10-02 20:44:25,852 [IPC Server handler 5 on 33328] INFO  net.NetworkTopology (NetworkTopologyImpl.java:add(111)) - Added a new node: /default-rack/305054ce-a37f-49ee-9999-6b4f7adbd3c4
2019-10-02 20:44:25,852 [IPC Server handler 5 on 33328] INFO  node.SCMNodeManager (SCMNodeManager.java:register(266)) - Registered Data node : 305054ce-a37f-49ee-9999-6b4f7adbd3c4{ip: 192.168.164.206, host: pr-hdds-2162-pj84x-1708865144, networkLocation: /default-rack, certSerialId: null}
2019-10-02 20:44:25,861 [pool-207-thread-1] INFO  storage.RaftStorageDirectory (RaftStorageDirectory.java:tryLock(328)) - Lock on /workdir/hadoop-ozone/integration-test/target/test-dir/MiniOzoneClusterImpl-323daffa-1557-4126-988f-69c5ea63cf7f/datanode-0/data/ratis/5ce86b99-2c96-4540-bc36-cf7cb16f510f/in_use.lock acquired by nodename 14416@pr-hdds-2162-pj84x-1708865144
2019-10-02 20:44:25,861 [pool-227-thread-1] INFO  storage.RaftStorageDirectory (RaftStorageDirectory.java:tryLock(328)) - Lock on /workdir/hadoop-ozone/integration-test/target/test-dir/MiniOzoneClusterImpl-323daffa-1557-4126-988f-69c5ea63cf7f/datanode-2/data/ratis/5ce86b99-2c96-4540-bc36-cf7cb16f510f/in_use.lock acquired by nodename 14416@pr-hdds-2162-pj84x-1708865144
2019-10-02 20:44:25,861 [pool-217-thread-1] INFO  storage.RaftStorageDirectory (RaftStorageDirectory.java:tryLock(328)) - Lock on /workdir/hadoop-ozone/integration-test/target/test-dir/MiniOzoneClusterImpl-323daffa-1557-4126-988f-69c5ea63cf7f/datanode-1/data/ratis/5ce86b99-2c96-4540-bc36-cf7cb16f510f/in_use.lock acquired by nodename 14416@pr-hdds-2162-pj84x-1708865144
2019-10-02 20:44:25,875 [pool-217-thread-1] INFO  storage.RaftStorage (RaftStorage.java:format(84)) - Storage directory /workdir/hadoop-ozone/integration-test/target/test-dir/MiniOzoneClusterImpl-323daffa-1557-4126-988f-69c5ea63cf7f/datanode-1/data/ratis/5ce86b99-2c96-4540-bc36-cf7cb16f510f has been successfully formatted.
2019-10-02 20:44:25,875 [pool-207-thread-1] INFO  storage.RaftStorage (RaftStorage.java:format(84)) - Storage directory /workdir/hadoop-ozone/integration-test/target/test-dir/MiniOzoneClusterImpl-323daffa-1557-4126-988f-69c5ea63cf7f/datanode-0/data/ratis/5ce86b99-2c96-4540-bc36-cf7cb16f510f has been successfully formatted.
2019-10-02 20:44:25,876 [pool-217-thread-1] INFO  ratis.ContainerStateMachine (ContainerStateMachine.java:loadSnapshot(230)) - group-CF7CB16F510F: The snapshot info is null. Setting the last applied indexto:(t:0, i:~)
2019-10-02 20:44:25,875 [pool-227-thread-1] INFO  storage.RaftStorage (RaftStorage.java:format(84)) - Storage directory /workdir/hadoop-ozone/integration-test/target/test-dir/MiniOzoneClusterImpl-323daffa-1557-4126-988f-69c5ea63cf7f/datanode-2/data/ratis/5ce86b99-2c96-4540-bc36-cf7cb16f510f has been successfully formatted.
2019-10-02 20:44:25,876 [pool-217-thread-1] INFO  server.RaftServerConfigKeys (ConfUtils.java:logGet(43)) - raft.server.notification.no-leader.timeout = 120s (custom)
2019-10-02 20:44:25,876 [pool-207-thread-1] INFO  ratis.ContainerStateMachine (ContainerStateMachine.java:loadSnapshot(230)) - group-CF7CB16F510F: The snapshot info is null. Setting the last applied indexto:(t:0, i:~)
2019-10-02 20:44:25,876 [pool-217-thread-1] INFO  server.RaftServerConfigKeys (ConfUtils.java:logGet(43)) - raft.server.log.use.memory = false (default)
2019-10-02 20:44:25,876 [pool-227-thread-1] INFO  ratis.ContainerStateMachine (ContainerStateMachine.java:loadSnapshot(230)) - group-CF7CB16F510F: The snapshot info is null. Setting the last applied indexto:(t:0, i:~)
2019-10-02 20:44:25,877 [pool-217-thread-1] INFO  server.RaftServerConfigKeys (ConfUtils.java:logGet(43)) - raft.server.log.purge.gap = 1000000 (custom)
2019-10-02 20:44:25,877 [pool-207-thread-1] INFO  server.RaftServerConfigKeys (ConfUtils.java:logGet(43)) - raft.server.notification.no-leader.timeout = 120s (custom)
2019-10-02 20:44:25,877 [pool-217-thread-1] INFO  server.RaftServerConfigKeys (ConfUtils.java:logGet(43)) - raft.server.log.appender.buffer.byte-limit = 33554432 (custom)
2019-10-02 20:44:25,877 [pool-227-thread-1] INFO  server.RaftServerConfigKeys (ConfUtils.java:logGet(43)) - raft.server.notification.no-leader.timeout = 120s (custom)
2019-10-02 20:44:25,877 [pool-217-thread-1] INFO  server.RaftServerConfigKeys (ConfUtils.java:logGet(43)) - raft.server.log.segment.size.max = 1048576 (custom)
2019-10-02 20:44:25,877 [pool-207-thread-1] INFO  server.RaftServerConfigKeys (ConfUtils.java:logGet(43)) - raft.server.log.use.memory = false (default)
2019-10-02 20:44:25,878 [pool-217-thread-1] INFO  server.RaftServerConfigKeys (ConfUtils.java:logGet(43)) - raft.server.log.segment.cache.num.max = 2 (custom)
2019-10-02 20:44:25,877 [pool-227-thread-1] INFO  server.RaftServerConfigKeys (ConfUtils.java:logGet(43)) - raft.server.log.use.memory = false (default)
2019-10-02 20:44:25,878 [pool-217-thread-1] INFO  segmented.SegmentedRaftLogWorker (SegmentedRaftLogWorker.java:<init>(173)) - new df5571b8-72e0-4512-9986-2980712bea17@group-CF7CB16F510F-SegmentedRaftLogWorker for RaftStorage:Storage Directory /workdir/hadoop-ozone/integration-test/target/test-dir/MiniOzoneClusterImpl-323daffa-1557-4126-988f-69c5ea63cf7f/datanode-1/data/ratis/5ce86b99-2c96-4540-bc36-cf7cb16f510f
2019-10-02 20:44:25,878 [pool-207-thread-1] INFO  server.RaftServerConfigKeys (ConfUtils.java:logGet(43)) - raft.server.log.purge.gap = 1000000 (custom)
2019-10-02 20:44:25,878 [pool-217-thread-1] INFO  server.RaftServerConfigKeys (ConfUtils.java:logGet(43)) - raft.server.log.queue.byte-limit = 2147483647 (custom)
2019-10-02 20:44:25,878 [pool-227-thread-1] INFO  server.RaftServerConfigKeys (ConfUtils.java:logGet(43)) - raft.server.log.purge.gap = 1000000 (custom)
2019-10-02 20:44:25,879 [pool-217-thread-1] INFO  server.RaftServerConfigKeys (ConfUtils.java:logGet(43)) - raft.server.log.queue.element-limit = 1024 (custom)
2019-10-02 20:44:25,878 [pool-207-thread-1] INFO  server.RaftServerConfigKeys (ConfUtils.java:logGet(43)) - raft.server.log.appender.buffer.byte-limit = 33554432 (custom)
2019-10-02 20:44:25,879 [pool-217-thread-1] INFO  server.RaftServerConfigKeys (ConfUtils.java:logGet(43)) - raft.server.log.segment.size.max = 1048576 (custom)
2019-10-02 20:44:25,879 [pool-227-thread-1] INFO  server.RaftServerConfigKeys (ConfUtils.java:logGet(43)) - raft.server.log.appender.buffer.byte-limit = 33554432 (custom)
2019-10-02 20:44:25,879 [pool-217-thread-1] INFO  server.RaftServerConfigKeys (ConfUtils.java:logGet(43)) - raft.server.log.preallocated.size = 16384 (custom)
2019-10-02 20:44:25,880 [pool-217-thread-1] INFO  server.RaftServerConfigKeys (ConfUtils.java:logGet(43)) - raft.server.log.write.buffer.size = 33554432 (custom)
2019-10-02 20:44:25,879 [pool-207-thread-1] INFO  server.RaftServerConfigKeys (ConfUtils.java:logGet(43)) - raft.server.log.segment.size.max = 1048576 (custom)
2019-10-02 20:44:25,880 [pool-217-thread-1] INFO  server.RaftServerConfigKeys (ConfUtils.java:logGet(43)) - raft.server.log.force.sync.num = 128 (default)
2019-10-02 20:44:25,879 [pool-227-thread-1] INFO  server.RaftServerConfigKeys (ConfUtils.java:logGet(43)) - raft.server.log.segment.size.max = 1048576 (custom)
2019-10-02 20:44:25,880 [pool-217-thread-1] INFO  server.RaftServerConfigKeys (ConfUtils.java:logGet(43)) - raft.server.log.statemachine.data.sync = true (default)
2019-10-02 20:44:25,880 [pool-207-thread-1] INFO  server.RaftServerConfigKeys (ConfUtils.java:logGet(43)) - raft.server.log.segment.cache.num.max = 2 (custom)
2019-10-02 20:44:25,880 [pool-217-thread-1] INFO  server.RaftServerConfigKeys (ConfUtils.java:logGet(43)) - raft.server.log.statemachine.data.sync.timeout = 10s (default)
2019-10-02 20:44:25,880 [pool-227-thread-1] INFO  server.RaftServerConfigKeys (ConfUtils.java:logGet(43)) - raft.server.log.segment.cache.num.max = 2 (custom)
2019-10-02 20:44:25,880 [pool-217-thread-1] INFO  server.RaftServerConfigKeys (ConfUtils.java:logGet(43)) - raft.server.log.statemachine.data.sync.timeout.retry = -1 (default)
2019-10-02 20:44:25,880 [pool-207-thread-1] INFO  segmented.SegmentedRaftLogWorker (SegmentedRaftLogWorker.java:<init>(173)) - new 7ce65cc5-04b0-4a34-8c63-19f39baaf864@group-CF7CB16F510F-SegmentedRaftLogWorker for RaftStorage:Storage Directory /workdir/hadoop-ozone/integration-test/target/test-dir/MiniOzoneClusterImpl-323daffa-1557-4126-988f-69c5ea63cf7f/datanode-0/data/ratis/5ce86b99-2c96-4540-bc36-cf7cb16f510f
2019-10-02 20:44:25,881 [pool-217-thread-1] INFO  server.RaftServerConfigKeys (ConfUtils.java:logGet(43)) - raft.server.log.statemachine.data.caching.enabled = true (custom)
2019-10-02 20:44:25,881 [pool-227-thread-1] INFO  segmented.SegmentedRaftLogWorker (SegmentedRaftLogWorker.java:<init>(173)) - new 243067d9-1796-4aab-8b65-6e98712d942b@group-CF7CB16F510F-SegmentedRaftLogWorker for RaftStorage:Storage Directory /workdir/hadoop-ozone/integration-test/target/test-dir/MiniOzoneClusterImpl-323daffa-1557-4126-988f-69c5ea63cf7f/datanode-2/data/ratis/5ce86b99-2c96-4540-bc36-cf7cb16f510f
2019-10-02 20:44:25,881 [pool-207-thread-1] INFO  server.RaftServerConfigKeys (ConfUtils.java:logGet(43)) - raft.server.log.queue.byte-limit = 2147483647 (custom)
2019-10-02 20:44:25,881 [pool-217-thread-1] INFO  segmented.SegmentedRaftLogWorker (SegmentedRaftLogWorker.java:lambda$new$0(128)) - df5571b8-72e0-4512-9986-2980712bea17@group-CF7CB16F510F-SegmentedRaftLogWorker: flushIndex: setUnconditionally 0 -> -1
2019-10-02 20:44:25,881 [pool-227-thread-1] INFO  server.RaftServerConfigKeys (ConfUtils.java:logGet(43)) - raft.server.log.queue.byte-limit = 2147483647 (custom)
2019-10-02 20:44:25,881 [pool-207-thread-1] INFO  server.RaftServerConfigKeys (ConfUtils.java:logGet(43)) - raft.server.log.queue.element-limit = 1024 (custom)
2019-10-02 20:44:25,881 [pool-217-thread-1] INFO  server.RaftServerConfigKeys (ConfUtils.java:logGet(43)) - raft.server.snapshot.auto.trigger.enabled = true (custom)
2019-10-02 20:44:25,881 [pool-227-thread-1] INFO  server.RaftServerConfigKeys (ConfUtils.java:logGet(43)) - raft.server.log.queue.element-limit = 1024 (custom)
2019-10-02 20:44:25,882 [pool-217-thread-1] INFO  server.RaftServerConfigKeys (ConfUtils.java:logGet(43)) - raft.server.snapshot.auto.trigger.threshold = 10000 (custom)
2019-10-02 20:44:25,882 [pool-207-thread-1] INFO  server.RaftServerConfigKeys (ConfUtils.java:logGet(43)) - raft.server.log.segment.size.max = 1048576 (custom)
2019-10-02 20:44:25,882 [pool-217-thread-1] INFO  server.RaftServerConfigKeys (ConfUtils.java:logGet(43)) - raft.server.snapshot.retention.file.num = 5 (custom)
2019-10-02 20:44:25,882 [pool-227-thread-1] INFO  server.RaftServerConfigKeys (ConfUtils.java:logGet(43)) - raft.server.log.segment.size.max = 1048576 (custom)
2019-10-02 20:44:25,882 [pool-217-thread-1] INFO  server.RaftServerConfigKeys (ConfUtils.java:logGet(43)) - raft.server.retrycache.expirytime = 600000ms (custom)
2019-10-02 20:44:25,882 [pool-207-thread-1] INFO  server.RaftServerConfigKeys (ConfUtils.java:logGet(43)) - raft.server.log.preallocated.size = 16384 (custom)
2019-10-02 20:44:25,882 [pool-227-thread-1] INFO  server.RaftServerConfigKeys (ConfUtils.java:logGet(43)) - raft.server.log.preallocated.size = 16384 (custom)
2019-10-02 20:44:25,883 [pool-207-thread-1] INFO  server.RaftServerConfigKeys (ConfUtils.java:logGet(43)) - raft.server.log.write.buffer.size = 33554432 (custom)
2019-10-02 20:44:25,883 [pool-227-thread-1] INFO  server.RaftServerConfigKeys (ConfUtils.java:logGet(43)) - raft.server.log.write.buffer.size = 33554432 (custom)
2019-10-02 20:44:25,883 [pool-207-thread-1] INFO  server.RaftServerConfigKeys (ConfUtils.java:logGet(43)) - raft.server.log.force.sync.num = 128 (default)
2019-10-02 20:44:25,883 [pool-227-thread-1] INFO  server.RaftServerConfigKeys (ConfUtils.java:logGet(43)) - raft.server.log.force.sync.num = 128 (default)
2019-10-02 20:44:25,883 [pool-207-thread-1] INFO  server.RaftServerConfigKeys (ConfUtils.java:logGet(43)) - raft.server.log.statemachine.data.sync = true (default)
2019-10-02 20:44:25,883 [pool-227-thread-1] INFO  server.RaftServerConfigKeys (ConfUtils.java:logGet(43)) - raft.server.log.statemachine.data.sync = true (default)
2019-10-02 20:44:25,883 [pool-207-thread-1] INFO  server.RaftServerConfigKeys (ConfUtils.java:logGet(43)) - raft.server.log.statemachine.data.sync.timeout = 10s (default)
2019-10-02 20:44:25,883 [pool-227-thread-1] INFO  server.RaftServerConfigKeys (ConfUtils.java:logGet(43)) - raft.server.log.statemachine.data.sync.timeout = 10s (default)
2019-10-02 20:44:25,884 [pool-207-thread-1] INFO  server.RaftServerConfigKeys (ConfUtils.java:logGet(43)) - raft.server.log.statemachine.data.sync.timeout.retry = -1 (default)
2019-10-02 20:44:25,884 [pool-227-thread-1] INFO  server.RaftServerConfigKeys (ConfUtils.java:logGet(43)) - raft.server.log.statemachine.data.sync.timeout.retry = -1 (default)
2019-10-02 20:44:25,884 [pool-207-thread-1] INFO  server.RaftServerConfigKeys (ConfUtils.java:logGet(43)) - raft.server.log.statemachine.data.caching.enabled = true (custom)
2019-10-02 20:44:25,884 [pool-227-thread-1] INFO  server.RaftServerConfigKeys (ConfUtils.java:logGet(43)) - raft.server.log.statemachine.data.caching.enabled = true (custom)
2019-10-02 20:44:25,884 [pool-217-thread-1] INFO  impl.RaftServerImpl (RaftServerImpl.java:start(181)) - df5571b8-72e0-4512-9986-2980712bea17@group-CF7CB16F510F: start as a follower, conf=-1: [df5571b8-72e0-4512-9986-2980712bea17:192.168.164.206:42107, 7ce65cc5-04b0-4a34-8c63-19f39baaf864:192.168.164.206:46275, 243067d9-1796-4aab-8b65-6e98712d942b:192.168.164.206:35202], old=null
2019-10-02 20:44:25,884 [pool-207-thread-1] INFO  segmented.SegmentedRaftLogWorker (SegmentedRaftLogWorker.java:lambda$new$0(128)) - 7ce65cc5-04b0-4a34-8c63-19f39baaf864@group-CF7CB16F510F-SegmentedRaftLogWorker: flushIndex: setUnconditionally 0 -> -1
2019-10-02 20:44:25,884 [pool-227-thread-1] INFO  segmented.SegmentedRaftLogWorker (SegmentedRaftLogWorker.java:lambda$new$0(128)) - 243067d9-1796-4aab-8b65-6e98712d942b@group-CF7CB16F510F-SegmentedRaftLogWorker: flushIndex: setUnconditionally 0 -> -1
2019-10-02 20:44:25,884 [pool-217-thread-1] INFO  impl.RaftServerImpl (RaftServerImpl.java:setRole(170)) - df5571b8-72e0-4512-9986-2980712bea17@group-CF7CB16F510F: changes role from      null to FOLLOWER at term 0 for startAsFollower
2019-10-02 20:44:25,885 [pool-207-thread-1] INFO  server.RaftServerConfigKeys (ConfUtils.java:logGet(43)) - raft.server.snapshot.auto.trigger.enabled = true (custom)
2019-10-02 20:44:25,885 [pool-227-thread-1] INFO  server.RaftServerConfigKeys (ConfUtils.java:logGet(43)) - raft.server.snapshot.auto.trigger.enabled = true (custom)
2019-10-02 20:44:25,885 [pool-217-thread-1] INFO  impl.RoleInfo (RoleInfo.java:updateAndGet(143)) - df5571b8-72e0-4512-9986-2980712bea17: start FollowerState
2019-10-02 20:44:25,885 [pool-227-thread-1] INFO  server.RaftServerConfigKeys (ConfUtils.java:logGet(43)) - raft.server.snapshot.auto.trigger.threshold = 10000 (custom)
2019-10-02 20:44:25,885 [pool-207-thread-1] INFO  server.RaftServerConfigKeys (ConfUtils.java:logGet(43)) - raft.server.snapshot.auto.trigger.threshold = 10000 (custom)
2019-10-02 20:44:25,885 [pool-227-thread-1] INFO  server.RaftServerConfigKeys (ConfUtils.java:logGet(43)) - raft.server.snapshot.retention.file.num = 5 (custom)
2019-10-02 20:44:25,885 [pool-217-thread-1] INFO  util.JmxRegister (JmxRegister.java:tryRegister(44)) - Successfully registered JMX Bean with object name Ratis:service=RaftServer,group=group-CF7CB16F510F,id=df5571b8-72e0-4512-9986-2980712bea17
2019-10-02 20:44:25,885 [pool-207-thread-1] INFO  server.RaftServerConfigKeys (ConfUtils.java:logGet(43)) - raft.server.snapshot.retention.file.num = 5 (custom)
2019-10-02 20:44:25,885 [pool-227-thread-1] INFO  server.RaftServerConfigKeys (ConfUtils.java:logGet(43)) - raft.server.retrycache.expirytime = 600000ms (custom)
2019-10-02 20:44:25,886 [pool-207-thread-1] INFO  server.RaftServerConfigKeys (ConfUtils.java:logGet(43)) - raft.server.retrycache.expirytime = 600000ms (custom)
2019-10-02 20:44:25,890 [pool-227-thread-1] INFO  impl.RaftServerImpl (RaftServerImpl.java:start(181)) - 243067d9-1796-4aab-8b65-6e98712d942b@group-CF7CB16F510F: start as a follower, conf=-1: [df5571b8-72e0-4512-9986-2980712bea17:192.168.164.206:42107, 7ce65cc5-04b0-4a34-8c63-19f39baaf864:192.168.164.206:46275, 243067d9-1796-4aab-8b65-6e98712d942b:192.168.164.206:35202], old=null
2019-10-02 20:44:25,890 [pool-227-thread-1] INFO  impl.RaftServerImpl (RaftServerImpl.java:setRole(170)) - 243067d9-1796-4aab-8b65-6e98712d942b@group-CF7CB16F510F: changes role from      null to FOLLOWER at term 0 for startAsFollower
2019-10-02 20:44:25,890 [pool-207-thread-1] INFO  impl.RaftServerImpl (RaftServerImpl.java:start(181)) - 7ce65cc5-04b0-4a34-8c63-19f39baaf864@group-CF7CB16F510F: start as a follower, conf=-1: [df5571b8-72e0-4512-9986-2980712bea17:192.168.164.206:42107, 7ce65cc5-04b0-4a34-8c63-19f39baaf864:192.168.164.206:46275, 243067d9-1796-4aab-8b65-6e98712d942b:192.168.164.206:35202], old=null
2019-10-02 20:44:25,890 [pool-227-thread-1] INFO  impl.RoleInfo (RoleInfo.java:updateAndGet(143)) - 243067d9-1796-4aab-8b65-6e98712d942b: start FollowerState
2019-10-02 20:44:25,890 [pool-207-thread-1] INFO  impl.RaftServerImpl (RaftServerImpl.java:setRole(170)) - 7ce65cc5-04b0-4a34-8c63-19f39baaf864@group-CF7CB16F510F: changes role from      null to FOLLOWER at term 0 for startAsFollower
2019-10-02 20:44:25,890 [pool-207-thread-1] INFO  impl.RoleInfo (RoleInfo.java:updateAndGet(143)) - 7ce65cc5-04b0-4a34-8c63-19f39baaf864: start FollowerState
2019-10-02 20:44:25,890 [pool-227-thread-1] INFO  util.JmxRegister (JmxRegister.java:tryRegister(44)) - Successfully registered JMX Bean with object name Ratis:service=RaftServer,group=group-CF7CB16F510F,id=243067d9-1796-4aab-8b65-6e98712d942b
2019-10-02 20:44:25,891 [pool-207-thread-1] INFO  util.JmxRegister (JmxRegister.java:tryRegister(44)) - Successfully registered JMX Bean with object name Ratis:service=RaftServer,group=group-CF7CB16F510F,id=7ce65cc5-04b0-4a34-8c63-19f39baaf864
2019-10-02 20:44:25,901 [RatisPipelineUtilsThread] INFO  pipeline.PipelineStateManager (PipelineStateManager.java:addPipeline(56)) - Created pipeline Pipeline[ Id: 5ce86b99-2c96-4540-bc36-cf7cb16f510f, Nodes: df5571b8-72e0-4512-9986-2980712bea17{ip: 192.168.164.206, host: pr-hdds-2162-pj84x-1708865144, networkLocation: /default-rack, certSerialId: null}7ce65cc5-04b0-4a34-8c63-19f39baaf864{ip: 192.168.164.206, host: pr-hdds-2162-pj84x-1708865144, networkLocation: /default-rack, certSerialId: null}243067d9-1796-4aab-8b65-6e98712d942b{ip: 192.168.164.206, host: pr-hdds-2162-pj84x-1708865144, networkLocation: /default-rack, certSerialId: null}, Type:RATIS, Factor:THREE, State:OPEN]
2019-10-02 20:44:25,938 [IPC Server handler 6 on 33328] INFO  net.NetworkTopology (NetworkTopologyImpl.java:add(111)) - Added a new node: /default-rack/dca9babe-a885-4412-b77e-ba5c4dbc8705
2019-10-02 20:44:25,938 [IPC Server handler 6 on 33328] INFO  node.SCMNodeManager (SCMNodeManager.java:register(266)) - Registered Data node : dca9babe-a885-4412-b77e-ba5c4dbc8705{ip: 192.168.164.206, host: pr-hdds-2162-pj84x-1708865144, networkLocation: /default-rack, certSerialId: null}
2019-10-02 20:44:25,946 [grpc-default-executor-4] INFO  impl.RaftServerProxy (RaftServerProxy.java:addNew(89)) - 305054ce-a37f-49ee-9999-6b4f7adbd3c4: addNew group-4749C7043100:[305054ce-a37f-49ee-9999-6b4f7adbd3c4:192.168.164.206:37366] returns group-4749C7043100:java.util.concurrent.CompletableFuture@7a572f87[Not completed]
2019-10-02 20:44:25,948 [pool-237-thread-1] INFO  impl.RaftServerImpl (RaftServerImpl.java:<init>(95)) - 305054ce-a37f-49ee-9999-6b4f7adbd3c4: new RaftServerImpl for group-4749C7043100:[305054ce-a37f-49ee-9999-6b4f7adbd3c4:192.168.164.206:37366] with ContainerStateMachine:uninitialized
2019-10-02 20:44:25,949 [pool-237-thread-1] INFO  server.RaftServerConfigKeys (ConfUtils.java:logGet(43)) - raft.server.rpc.timeout.min = 5s (custom)
2019-10-02 20:44:25,949 [pool-237-thread-1] INFO  server.RaftServerConfigKeys (ConfUtils.java:logGet(43)) - raft.server.rpc.timeout.max = 5200ms (custom)
2019-10-02 20:44:25,949 [pool-237-thread-1] INFO  server.RaftServerConfigKeys (ConfUtils.java:logGet(43)) - raft.server.rpcslowness.timeout = 120s (custom)
2019-10-02 20:44:25,949 [pool-237-thread-1] INFO  server.RaftServerConfigKeys (ConfUtils.java:logGet(43)) - raft.server.sleep.deviation.threshold = 300 (default)
2019-10-02 20:44:25,949 [pool-237-thread-1] INFO  server.RaftServerConfigKeys (ConfUtils.java:logGet(43)) - raft.server.log.appender.install.snapshot.enabled = false (custom)
2019-10-02 20:44:25,949 [pool-237-thread-1] INFO  impl.RaftServerImpl (ServerState.java:<init>(103)) - 305054ce-a37f-49ee-9999-6b4f7adbd3c4@group-4749C7043100: ConfigurationManager, init=-1: [305054ce-a37f-49ee-9999-6b4f7adbd3c4:192.168.164.206:37366], old=null, confs=<EMPTY_MAP>
2019-10-02 20:44:25,950 [pool-237-thread-1] INFO  server.RaftServerConfigKeys (ConfUtils.java:logGet(43)) - raft.server.storage.dir = [/workdir/hadoop-ozone/integration-test/target/test-dir/MiniOzoneClusterImpl-323daffa-1557-4126-988f-69c5ea63cf7f/datanode-3/data/ratis] (custom)
2019-10-02 20:44:25,950 [pool-237-thread-1] INFO  server.RaftServerConfigKeys (ConfUtils.java:logGet(43)) - raft.server.log.corruption.policy = EXCEPTION (default)
2019-10-02 20:44:25,950 [pool-237-thread-1] INFO  storage.RaftStorageDirectory (RaftStorageDirectory.java:analyzeStorage(246)) - The storage directory /workdir/hadoop-ozone/integration-test/target/test-dir/MiniOzoneClusterImpl-323daffa-1557-4126-988f-69c5ea63cf7f/datanode-3/data/ratis/57207da7-2c57-471b-b092-4749c7043100 does not exist. Creating ...
2019-10-02 20:44:25,967 [pool-237-thread-1] INFO  storage.RaftStorageDirectory (RaftStorageDirectory.java:tryLock(328)) - Lock on /workdir/hadoop-ozone/integration-test/target/test-dir/MiniOzoneClusterImpl-323daffa-1557-4126-988f-69c5ea63cf7f/datanode-3/data/ratis/57207da7-2c57-471b-b092-4749c7043100/in_use.lock acquired by nodename 14416@pr-hdds-2162-pj84x-1708865144
2019-10-02 20:44:25,981 [pool-237-thread-1] INFO  storage.RaftStorage (RaftStorage.java:format(84)) - Storage directory /workdir/hadoop-ozone/integration-test/target/test-dir/MiniOzoneClusterImpl-323daffa-1557-4126-988f-69c5ea63cf7f/datanode-3/data/ratis/57207da7-2c57-471b-b092-4749c7043100 has been successfully formatted.
2019-10-02 20:44:25,981 [pool-237-thread-1] INFO  ratis.ContainerStateMachine (ContainerStateMachine.java:loadSnapshot(230)) - group-4749C7043100: The snapshot info is null. Setting the last applied indexto:(t:0, i:~)
2019-10-02 20:44:25,981 [pool-237-thread-1] INFO  server.RaftServerConfigKeys (ConfUtils.java:logGet(43)) - raft.server.notification.no-leader.timeout = 120s (custom)
2019-10-02 20:44:25,982 [pool-237-thread-1] INFO  server.RaftServerConfigKeys (ConfUtils.java:logGet(43)) - raft.server.log.use.memory = false (default)
2019-10-02 20:44:25,982 [pool-237-thread-1] INFO  server.RaftServerConfigKeys (ConfUtils.java:logGet(43)) - raft.server.log.purge.gap = 1000000 (custom)
2019-10-02 20:44:25,982 [pool-237-thread-1] INFO  server.RaftServerConfigKeys (ConfUtils.java:logGet(43)) - raft.server.log.appender.buffer.byte-limit = 33554432 (custom)
2019-10-02 20:44:25,982 [pool-237-thread-1] INFO  server.RaftServerConfigKeys (ConfUtils.java:logGet(43)) - raft.server.log.segment.size.max = 1048576 (custom)
2019-10-02 20:44:25,985 [pool-237-thread-1] INFO  server.RaftServerConfigKeys (ConfUtils.java:logGet(43)) - raft.server.log.segment.cache.num.max = 2 (custom)
2019-10-02 20:44:25,985 [pool-237-thread-1] INFO  segmented.SegmentedRaftLogWorker (SegmentedRaftLogWorker.java:<init>(173)) - new 305054ce-a37f-49ee-9999-6b4f7adbd3c4@group-4749C7043100-SegmentedRaftLogWorker for RaftStorage:Storage Directory /workdir/hadoop-ozone/integration-test/target/test-dir/MiniOzoneClusterImpl-323daffa-1557-4126-988f-69c5ea63cf7f/datanode-3/data/ratis/57207da7-2c57-471b-b092-4749c7043100
2019-10-02 20:44:25,985 [pool-237-thread-1] INFO  server.RaftServerConfigKeys (ConfUtils.java:logGet(43)) - raft.server.log.queue.byte-limit = 2147483647 (custom)
2019-10-02 20:44:25,985 [pool-237-thread-1] INFO  server.RaftServerConfigKeys (ConfUtils.java:logGet(43)) - raft.server.log.queue.element-limit = 1024 (custom)
2019-10-02 20:44:25,985 [pool-237-thread-1] INFO  server.RaftServerConfigKeys (ConfUtils.java:logGet(43)) - raft.server.log.segment.size.max = 1048576 (custom)
2019-10-02 20:44:25,986 [pool-237-thread-1] INFO  server.RaftServerConfigKeys (ConfUtils.java:logGet(43)) - raft.server.log.preallocated.size = 16384 (custom)
2019-10-02 20:44:25,986 [pool-237-thread-1] INFO  server.RaftServerConfigKeys (ConfUtils.java:logGet(43)) - raft.server.log.write.buffer.size = 33554432 (custom)
2019-10-02 20:44:25,986 [pool-237-thread-1] INFO  server.RaftServerConfigKeys (ConfUtils.java:logGet(43)) - raft.server.log.force.sync.num = 128 (default)
2019-10-02 20:44:25,986 [pool-237-thread-1] INFO  server.RaftServerConfigKeys (ConfUtils.java:logGet(43)) - raft.server.log.statemachine.data.sync = true (default)
2019-10-02 20:44:25,986 [pool-237-thread-1] INFO  server.RaftServerConfigKeys (ConfUtils.java:logGet(43)) - raft.server.log.statemachine.data.sync.timeout = 10s (default)
2019-10-02 20:44:25,986 [pool-237-thread-1] INFO  server.RaftServerConfigKeys (ConfUtils.java:logGet(43)) - raft.server.log.statemachine.data.sync.timeout.retry = -1 (default)
2019-10-02 20:44:25,987 [pool-237-thread-1] INFO  server.RaftServerConfigKeys (ConfUtils.java:logGet(43)) - raft.server.log.statemachine.data.caching.enabled = true (custom)
2019-10-02 20:44:25,987 [pool-237-thread-1] INFO  segmented.SegmentedRaftLogWorker (SegmentedRaftLogWorker.java:lambda$new$0(128)) - 305054ce-a37f-49ee-9999-6b4f7adbd3c4@group-4749C7043100-SegmentedRaftLogWorker: flushIndex: setUnconditionally 0 -> -1
2019-10-02 20:44:25,988 [pool-237-thread-1] INFO  server.RaftServerConfigKeys (ConfUtils.java:logGet(43)) - raft.server.snapshot.auto.trigger.enabled = true (custom)
2019-10-02 20:44:25,988 [pool-237-thread-1] INFO  server.RaftServerConfigKeys (ConfUtils.java:logGet(43)) - raft.server.snapshot.auto.trigger.threshold = 10000 (custom)
2019-10-02 20:44:25,988 [pool-237-thread-1] INFO  server.RaftServerConfigKeys (ConfUtils.java:logGet(43)) - raft.server.snapshot.retention.file.num = 5 (custom)
2019-10-02 20:44:25,988 [pool-237-thread-1] INFO  server.RaftServerConfigKeys (ConfUtils.java:logGet(43)) - raft.server.retrycache.expirytime = 600000ms (custom)
2019-10-02 20:44:25,990 [pool-237-thread-1] INFO  impl.RaftServerImpl (RaftServerImpl.java:start(181)) - 305054ce-a37f-49ee-9999-6b4f7adbd3c4@group-4749C7043100: start as a follower, conf=-1: [305054ce-a37f-49ee-9999-6b4f7adbd3c4:192.168.164.206:37366], old=null
2019-10-02 20:44:25,990 [pool-237-thread-1] INFO  impl.RaftServerImpl (RaftServerImpl.java:setRole(170)) - 305054ce-a37f-49ee-9999-6b4f7adbd3c4@group-4749C7043100: changes role from      null to FOLLOWER at term 0 for startAsFollower
2019-10-02 20:44:25,991 [pool-237-thread-1] INFO  impl.RoleInfo (RoleInfo.java:updateAndGet(143)) - 305054ce-a37f-49ee-9999-6b4f7adbd3c4: start FollowerState
2019-10-02 20:44:25,991 [pool-237-thread-1] INFO  util.JmxRegister (JmxRegister.java:tryRegister(44)) - Successfully registered JMX Bean with object name Ratis:service=RaftServer,group=group-4749C7043100,id=305054ce-a37f-49ee-9999-6b4f7adbd3c4
2019-10-02 20:44:25,998 [RatisPipelineUtilsThread] INFO  pipeline.PipelineStateManager (PipelineStateManager.java:addPipeline(56)) - Created pipeline Pipeline[ Id: 57207da7-2c57-471b-b092-4749c7043100, Nodes: 305054ce-a37f-49ee-9999-6b4f7adbd3c4{ip: 192.168.164.206, host: pr-hdds-2162-pj84x-1708865144, networkLocation: /default-rack, certSerialId: null}, Type:RATIS, Factor:ONE, State:OPEN]
2019-10-02 20:44:26,002 [IPC Server handler 0 on 33328] INFO  net.NetworkTopology (NetworkTopologyImpl.java:add(111)) - Added a new node: /default-rack/6fceca67-6645-4960-8b5d-1a38fa2b4e89
2019-10-02 20:44:26,002 [IPC Server handler 0 on 33328] INFO  node.SCMNodeManager (SCMNodeManager.java:register(266)) - Registered Data node : 6fceca67-6645-4960-8b5d-1a38fa2b4e89{ip: 192.168.164.206, host: pr-hdds-2162-pj84x-1708865144, networkLocation: /default-rack, certSerialId: null}
2019-10-02 20:44:26,005 [grpc-default-executor-4] INFO  impl.RaftServerProxy (RaftServerProxy.java:addNew(89)) - dca9babe-a885-4412-b77e-ba5c4dbc8705: addNew group-9E99D067D4F4:[dca9babe-a885-4412-b77e-ba5c4dbc8705:192.168.164.206:44770] returns group-9E99D067D4F4:java.util.concurrent.CompletableFuture@2c78af99[Not completed]
2019-10-02 20:44:26,006 [pool-247-thread-1] INFO  impl.RaftServerImpl (RaftServerImpl.java:<init>(95)) - dca9babe-a885-4412-b77e-ba5c4dbc8705: new RaftServerImpl for group-9E99D067D4F4:[dca9babe-a885-4412-b77e-ba5c4dbc8705:192.168.164.206:44770] with ContainerStateMachine:uninitialized
2019-10-02 20:44:26,007 [pool-247-thread-1] INFO  server.RaftServerConfigKeys (ConfUtils.java:logGet(43)) - raft.server.rpc.timeout.min = 5s (custom)
2019-10-02 20:44:26,007 [pool-247-thread-1] INFO  server.RaftServerConfigKeys (ConfUtils.java:logGet(43)) - raft.server.rpc.timeout.max = 5200ms (custom)
2019-10-02 20:44:26,007 [pool-247-thread-1] INFO  server.RaftServerConfigKeys (ConfUtils.java:logGet(43)) - raft.server.rpcslowness.timeout = 120s (custom)
2019-10-02 20:44:26,007 [pool-247-thread-1] INFO  server.RaftServerConfigKeys (ConfUtils.java:logGet(43)) - raft.server.sleep.deviation.threshold = 300 (default)
2019-10-02 20:44:26,007 [pool-247-thread-1] INFO  server.RaftServerConfigKeys (ConfUtils.java:logGet(43)) - raft.server.log.appender.install.snapshot.enabled = false (custom)
2019-10-02 20:44:26,007 [pool-247-thread-1] INFO  impl.RaftServerImpl (ServerState.java:<init>(103)) - dca9babe-a885-4412-b77e-ba5c4dbc8705@group-9E99D067D4F4: ConfigurationManager, init=-1: [dca9babe-a885-4412-b77e-ba5c4dbc8705:192.168.164.206:44770], old=null, confs=<EMPTY_MAP>
2019-10-02 20:44:26,008 [pool-247-thread-1] INFO  server.RaftServerConfigKeys (ConfUtils.java:logGet(43)) - raft.server.storage.dir = [/workdir/hadoop-ozone/integration-test/target/test-dir/MiniOzoneClusterImpl-323daffa-1557-4126-988f-69c5ea63cf7f/datanode-4/data/ratis] (custom)
2019-10-02 20:44:26,008 [pool-247-thread-1] INFO  server.RaftServerConfigKeys (ConfUtils.java:logGet(43)) - raft.server.log.corruption.policy = EXCEPTION (default)
2019-10-02 20:44:26,008 [pool-247-thread-1] INFO  storage.RaftStorageDirectory (RaftStorageDirectory.java:analyzeStorage(246)) - The storage directory /workdir/hadoop-ozone/integration-test/target/test-dir/MiniOzoneClusterImpl-323daffa-1557-4126-988f-69c5ea63cf7f/datanode-4/data/ratis/e9d4e6ca-eebe-4863-9a9f-9e99d067d4f4 does not exist. Creating ...
2019-10-02 20:44:26,021 [pool-247-thread-1] INFO  storage.RaftStorageDirectory (RaftStorageDirectory.java:tryLock(328)) - Lock on /workdir/hadoop-ozone/integration-test/target/test-dir/MiniOzoneClusterImpl-323daffa-1557-4126-988f-69c5ea63cf7f/datanode-4/data/ratis/e9d4e6ca-eebe-4863-9a9f-9e99d067d4f4/in_use.lock acquired by nodename 14416@pr-hdds-2162-pj84x-1708865144
2019-10-02 20:44:26,034 [pool-247-thread-1] INFO  storage.RaftStorage (RaftStorage.java:format(84)) - Storage directory /workdir/hadoop-ozone/integration-test/target/test-dir/MiniOzoneClusterImpl-323daffa-1557-4126-988f-69c5ea63cf7f/datanode-4/data/ratis/e9d4e6ca-eebe-4863-9a9f-9e99d067d4f4 has been successfully formatted.
2019-10-02 20:44:26,035 [pool-247-thread-1] INFO  ratis.ContainerStateMachine (ContainerStateMachine.java:loadSnapshot(230)) - group-9E99D067D4F4: The snapshot info is null. Setting the last applied indexto:(t:0, i:~)
2019-10-02 20:44:26,035 [pool-247-thread-1] INFO  server.RaftServerConfigKeys (ConfUtils.java:logGet(43)) - raft.server.notification.no-leader.timeout = 120s (custom)
2019-10-02 20:44:26,035 [pool-247-thread-1] INFO  server.RaftServerConfigKeys (ConfUtils.java:logGet(43)) - raft.server.log.use.memory = false (default)
2019-10-02 20:44:26,035 [pool-247-thread-1] INFO  server.RaftServerConfigKeys (ConfUtils.java:logGet(43)) - raft.server.log.purge.gap = 1000000 (custom)
2019-10-02 20:44:26,035 [pool-247-thread-1] INFO  server.RaftServerConfigKeys (ConfUtils.java:logGet(43)) - raft.server.log.appender.buffer.byte-limit = 33554432 (custom)
2019-10-02 20:44:26,036 [pool-247-thread-1] INFO  server.RaftServerConfigKeys (ConfUtils.java:logGet(43)) - raft.server.log.segment.size.max = 1048576 (custom)
2019-10-02 20:44:26,037 [pool-247-thread-1] INFO  server.RaftServerConfigKeys (ConfUtils.java:logGet(43)) - raft.server.log.segment.cache.num.max = 2 (custom)
2019-10-02 20:44:26,038 [pool-247-thread-1] INFO  segmented.SegmentedRaftLogWorker (SegmentedRaftLogWorker.java:<init>(173)) - new dca9babe-a885-4412-b77e-ba5c4dbc8705@group-9E99D067D4F4-SegmentedRaftLogWorker for RaftStorage:Storage Directory /workdir/hadoop-ozone/integration-test/target/test-dir/MiniOzoneClusterImpl-323daffa-1557-4126-988f-69c5ea63cf7f/datanode-4/data/ratis/e9d4e6ca-eebe-4863-9a9f-9e99d067d4f4
2019-10-02 20:44:26,038 [pool-247-thread-1] INFO  server.RaftServerConfigKeys (ConfUtils.java:logGet(43)) - raft.server.log.queue.byte-limit = 2147483647 (custom)
2019-10-02 20:44:26,038 [pool-247-thread-1] INFO  server.RaftServerConfigKeys (ConfUtils.java:logGet(43)) - raft.server.log.queue.element-limit = 1024 (custom)
2019-10-02 20:44:26,038 [pool-247-thread-1] INFO  server.RaftServerConfigKeys (ConfUtils.java:logGet(43)) - raft.server.log.segment.size.max = 1048576 (custom)
2019-10-02 20:44:26,038 [pool-247-thread-1] INFO  server.RaftServerConfigKeys (ConfUtils.java:logGet(43)) - raft.server.log.preallocated.size = 16384 (custom)
2019-10-02 20:44:26,038 [pool-247-thread-1] INFO  server.RaftServerConfigKeys (ConfUtils.java:logGet(43)) - raft.server.log.write.buffer.size = 33554432 (custom)
2019-10-02 20:44:26,038 [pool-247-thread-1] INFO  server.RaftServerConfigKeys (ConfUtils.java:logGet(43)) - raft.server.log.force.sync.num = 128 (default)
2019-10-02 20:44:26,039 [pool-247-thread-1] INFO  server.RaftServerConfigKeys (ConfUtils.java:logGet(43)) - raft.server.log.statemachine.data.sync = true (default)
2019-10-02 20:44:26,039 [pool-247-thread-1] INFO  server.RaftServerConfigKeys (ConfUtils.java:logGet(43)) - raft.server.log.statemachine.data.sync.timeout = 10s (default)
2019-10-02 20:44:26,039 [pool-247-thread-1] INFO  server.RaftServerConfigKeys (ConfUtils.java:logGet(43)) - raft.server.log.statemachine.data.sync.timeout.retry = -1 (default)
2019-10-02 20:44:26,039 [pool-247-thread-1] INFO  server.RaftServerConfigKeys (ConfUtils.java:logGet(43)) - raft.server.log.statemachine.data.caching.enabled = true (custom)
2019-10-02 20:44:26,040 [pool-247-thread-1] INFO  segmented.SegmentedRaftLogWorker (SegmentedRaftLogWorker.java:lambda$new$0(128)) - dca9babe-a885-4412-b77e-ba5c4dbc8705@group-9E99D067D4F4-SegmentedRaftLogWorker: flushIndex: setUnconditionally 0 -> -1
2019-10-02 20:44:26,040 [pool-247-thread-1] INFO  server.RaftServerConfigKeys (ConfUtils.java:logGet(43)) - raft.server.snapshot.auto.trigger.enabled = true (custom)
2019-10-02 20:44:26,040 [pool-247-thread-1] INFO  server.RaftServerConfigKeys (ConfUtils.java:logGet(43)) - raft.server.snapshot.auto.trigger.threshold = 10000 (custom)
2019-10-02 20:44:26,040 [pool-247-thread-1] INFO  server.RaftServerConfigKeys (ConfUtils.java:logGet(43)) - raft.server.snapshot.retention.file.num = 5 (custom)
2019-10-02 20:44:26,040 [pool-247-thread-1] INFO  server.RaftServerConfigKeys (ConfUtils.java:logGet(43)) - raft.server.retrycache.expirytime = 600000ms (custom)
2019-10-02 20:44:26,042 [pool-247-thread-1] INFO  impl.RaftServerImpl (RaftServerImpl.java:start(181)) - dca9babe-a885-4412-b77e-ba5c4dbc8705@group-9E99D067D4F4: start as a follower, conf=-1: [dca9babe-a885-4412-b77e-ba5c4dbc8705:192.168.164.206:44770], old=null
2019-10-02 20:44:26,043 [pool-247-thread-1] INFO  impl.RaftServerImpl (RaftServerImpl.java:setRole(170)) - dca9babe-a885-4412-b77e-ba5c4dbc8705@group-9E99D067D4F4: changes role from      null to FOLLOWER at term 0 for startAsFollower
2019-10-02 20:44:26,043 [pool-247-thread-1] INFO  impl.RoleInfo (RoleInfo.java:updateAndGet(143)) - dca9babe-a885-4412-b77e-ba5c4dbc8705: start FollowerState
2019-10-02 20:44:26,043 [pool-247-thread-1] INFO  util.JmxRegister (JmxRegister.java:tryRegister(44)) - Successfully registered JMX Bean with object name Ratis:service=RaftServer,group=group-9E99D067D4F4,id=dca9babe-a885-4412-b77e-ba5c4dbc8705
2019-10-02 20:44:26,050 [RatisPipelineUtilsThread] INFO  pipeline.PipelineStateManager (PipelineStateManager.java:addPipeline(56)) - Created pipeline Pipeline[ Id: e9d4e6ca-eebe-4863-9a9f-9e99d067d4f4, Nodes: dca9babe-a885-4412-b77e-ba5c4dbc8705{ip: 192.168.164.206, host: pr-hdds-2162-pj84x-1708865144, networkLocation: /default-rack, certSerialId: null}, Type:RATIS, Factor:ONE, State:OPEN]
2019-10-02 20:44:26,066 [main] INFO  ozone.MiniOzoneClusterImpl (MiniOzoneClusterImpl.java:lambda$waitForClusterToBeReady$0(147)) - Waiting for cluster to be ready. Got 6 of 7 DN Heartbeats.
2019-10-02 20:44:26,066 [grpc-default-executor-4] INFO  impl.RaftServerProxy (RaftServerProxy.java:addNew(89)) - 6fceca67-6645-4960-8b5d-1a38fa2b4e89: addNew group-B47969477C5D:[6fceca67-6645-4960-8b5d-1a38fa2b4e89:192.168.164.206:43167] returns group-B47969477C5D:java.util.concurrent.CompletableFuture@4063f822[Not completed]
2019-10-02 20:44:26,068 [IPC Server handler 3 on 33328] INFO  net.NetworkTopology (NetworkTopologyImpl.java:add(111)) - Added a new node: /default-rack/d5fa228a-74cc-4927-b2b5-dfd1e4dbfcd1
2019-10-02 20:44:26,068 [IPC Server handler 3 on 33328] INFO  node.SCMNodeManager (SCMNodeManager.java:register(266)) - Registered Data node : d5fa228a-74cc-4927-b2b5-dfd1e4dbfcd1{ip: 192.168.164.206, host: pr-hdds-2162-pj84x-1708865144, networkLocation: /default-rack, certSerialId: null}
2019-10-02 20:44:26,068 [pool-257-thread-1] INFO  impl.RaftServerImpl (RaftServerImpl.java:<init>(95)) - 6fceca67-6645-4960-8b5d-1a38fa2b4e89: new RaftServerImpl for group-B47969477C5D:[6fceca67-6645-4960-8b5d-1a38fa2b4e89:192.168.164.206:43167] with ContainerStateMachine:uninitialized
2019-10-02 20:44:26,068 [pool-257-thread-1] INFO  server.RaftServerConfigKeys (ConfUtils.java:logGet(43)) - raft.server.rpc.timeout.min = 5s (custom)
2019-10-02 20:44:26,069 [pool-257-thread-1] INFO  server.RaftServerConfigKeys (ConfUtils.java:logGet(43)) - raft.server.rpc.timeout.max = 5200ms (custom)
2019-10-02 20:44:26,069 [pool-257-thread-1] INFO  server.RaftServerConfigKeys (ConfUtils.java:logGet(43)) - raft.server.rpcslowness.timeout = 120s (custom)
2019-10-02 20:44:26,069 [pool-257-thread-1] INFO  server.RaftServerConfigKeys (ConfUtils.java:logGet(43)) - raft.server.sleep.deviation.threshold = 300 (default)
2019-10-02 20:44:26,069 [pool-257-thread-1] INFO  server.RaftServerConfigKeys (ConfUtils.java:logGet(43)) - raft.server.log.appender.install.snapshot.enabled = false (custom)
2019-10-02 20:44:26,069 [pool-257-thread-1] INFO  impl.RaftServerImpl (ServerState.java:<init>(103)) - 6fceca67-6645-4960-8b5d-1a38fa2b4e89@group-B47969477C5D: ConfigurationManager, init=-1: [6fceca67-6645-4960-8b5d-1a38fa2b4e89:192.168.164.206:43167], old=null, confs=<EMPTY_MAP>
2019-10-02 20:44:26,069 [pool-257-thread-1] INFO  server.RaftServerConfigKeys (ConfUtils.java:logGet(43)) - raft.server.storage.dir = [/workdir/hadoop-ozone/integration-test/target/test-dir/MiniOzoneClusterImpl-323daffa-1557-4126-988f-69c5ea63cf7f/datanode-5/data/ratis] (custom)
2019-10-02 20:44:26,070 [pool-257-thread-1] INFO  server.RaftServerConfigKeys (ConfUtils.java:logGet(43)) - raft.server.log.corruption.policy = EXCEPTION (default)
2019-10-02 20:44:26,070 [pool-257-thread-1] INFO  storage.RaftStorageDirectory (RaftStorageDirectory.java:analyzeStorage(246)) - The storage directory /workdir/hadoop-ozone/integration-test/target/test-dir/MiniOzoneClusterImpl-323daffa-1557-4126-988f-69c5ea63cf7f/datanode-5/data/ratis/ba8f9d21-577e-4c6d-a57e-b47969477c5d does not exist. Creating ...
2019-10-02 20:44:26,083 [pool-257-thread-1] INFO  storage.RaftStorageDirectory (RaftStorageDirectory.java:tryLock(328)) - Lock on /workdir/hadoop-ozone/integration-test/target/test-dir/MiniOzoneClusterImpl-323daffa-1557-4126-988f-69c5ea63cf7f/datanode-5/data/ratis/ba8f9d21-577e-4c6d-a57e-b47969477c5d/in_use.lock acquired by nodename 14416@pr-hdds-2162-pj84x-1708865144
2019-10-02 20:44:26,096 [pool-257-thread-1] INFO  storage.RaftStorage (RaftStorage.java:format(84)) - Storage directory /workdir/hadoop-ozone/integration-test/target/test-dir/MiniOzoneClusterImpl-323daffa-1557-4126-988f-69c5ea63cf7f/datanode-5/data/ratis/ba8f9d21-577e-4c6d-a57e-b47969477c5d has been successfully formatted.
2019-10-02 20:44:26,096 [pool-257-thread-1] INFO  ratis.ContainerStateMachine (ContainerStateMachine.java:loadSnapshot(230)) - group-B47969477C5D: The snapshot info is null. Setting the last applied indexto:(t:0, i:~)
2019-10-02 20:44:26,096 [pool-257-thread-1] INFO  server.RaftServerConfigKeys (ConfUtils.java:logGet(43)) - raft.server.notification.no-leader.timeout = 120s (custom)
2019-10-02 20:44:26,097 [pool-257-thread-1] INFO  server.RaftServerConfigKeys (ConfUtils.java:logGet(43)) - raft.server.log.use.memory = false (default)
2019-10-02 20:44:26,097 [pool-257-thread-1] INFO  server.RaftServerConfigKeys (ConfUtils.java:logGet(43)) - raft.server.log.purge.gap = 1000000 (custom)
2019-10-02 20:44:26,097 [pool-257-thread-1] INFO  server.RaftServerConfigKeys (ConfUtils.java:logGet(43)) - raft.server.log.appender.buffer.byte-limit = 33554432 (custom)
2019-10-02 20:44:26,097 [pool-257-thread-1] INFO  server.RaftServerConfigKeys (ConfUtils.java:logGet(43)) - raft.server.log.segment.size.max = 1048576 (custom)
2019-10-02 20:44:26,100 [pool-257-thread-1] INFO  server.RaftServerConfigKeys (ConfUtils.java:logGet(43)) - raft.server.log.segment.cache.num.max = 2 (custom)
2019-10-02 20:44:26,100 [pool-257-thread-1] INFO  segmented.SegmentedRaftLogWorker (SegmentedRaftLogWorker.java:<init>(173)) - new 6fceca67-6645-4960-8b5d-1a38fa2b4e89@group-B47969477C5D-SegmentedRaftLogWorker for RaftStorage:Storage Directory /workdir/hadoop-ozone/integration-test/target/test-dir/MiniOzoneClusterImpl-323daffa-1557-4126-988f-69c5ea63cf7f/datanode-5/data/ratis/ba8f9d21-577e-4c6d-a57e-b47969477c5d
2019-10-02 20:44:26,100 [pool-257-thread-1] INFO  server.RaftServerConfigKeys (ConfUtils.java:logGet(43)) - raft.server.log.queue.byte-limit = 2147483647 (custom)
2019-10-02 20:44:26,100 [pool-257-thread-1] INFO  server.RaftServerConfigKeys (ConfUtils.java:logGet(43)) - raft.server.log.queue.element-limit = 1024 (custom)
2019-10-02 20:44:26,100 [pool-257-thread-1] INFO  server.RaftServerConfigKeys (ConfUtils.java:logGet(43)) - raft.server.log.segment.size.max = 1048576 (custom)
2019-10-02 20:44:26,101 [pool-257-thread-1] INFO  server.RaftServerConfigKeys (ConfUtils.java:logGet(43)) - raft.server.log.preallocated.size = 16384 (custom)
2019-10-02 20:44:26,101 [pool-257-thread-1] INFO  server.RaftServerConfigKeys (ConfUtils.java:logGet(43)) - raft.server.log.write.buffer.size = 33554432 (custom)
2019-10-02 20:44:26,101 [pool-257-thread-1] INFO  server.RaftServerConfigKeys (ConfUtils.java:logGet(43)) - raft.server.log.force.sync.num = 128 (default)
2019-10-02 20:44:26,101 [pool-257-thread-1] INFO  server.RaftServerConfigKeys (ConfUtils.java:logGet(43)) - raft.server.log.statemachine.data.sync = true (default)
2019-10-02 20:44:26,101 [pool-257-thread-1] INFO  server.RaftServerConfigKeys (ConfUtils.java:logGet(43)) - raft.server.log.statemachine.data.sync.timeout = 10s (default)
2019-10-02 20:44:26,101 [pool-257-thread-1] INFO  server.RaftServerConfigKeys (ConfUtils.java:logGet(43)) - raft.server.log.statemachine.data.sync.timeout.retry = -1 (default)
2019-10-02 20:44:26,102 [pool-257-thread-1] INFO  server.RaftServerConfigKeys (ConfUtils.java:logGet(43)) - raft.server.log.statemachine.data.caching.enabled = true (custom)
2019-10-02 20:44:26,102 [pool-257-thread-1] INFO  segmented.SegmentedRaftLogWorker (SegmentedRaftLogWorker.java:lambda$new$0(128)) - 6fceca67-6645-4960-8b5d-1a38fa2b4e89@group-B47969477C5D-SegmentedRaftLogWorker: flushIndex: setUnconditionally 0 -> -1
2019-10-02 20:44:26,103 [pool-257-thread-1] INFO  server.RaftServerConfigKeys (ConfUtils.java:logGet(43)) - raft.server.snapshot.auto.trigger.enabled = true (custom)
2019-10-02 20:44:26,103 [pool-257-thread-1] INFO  server.RaftServerConfigKeys (ConfUtils.java:logGet(43)) - raft.server.snapshot.auto.trigger.threshold = 10000 (custom)
2019-10-02 20:44:26,103 [pool-257-thread-1] INFO  server.RaftServerConfigKeys (ConfUtils.java:logGet(43)) - raft.server.snapshot.retention.file.num = 5 (custom)
2019-10-02 20:44:26,103 [pool-257-thread-1] INFO  server.RaftServerConfigKeys (ConfUtils.java:logGet(43)) - raft.server.retrycache.expirytime = 600000ms (custom)
2019-10-02 20:44:26,105 [pool-257-thread-1] INFO  impl.RaftServerImpl (RaftServerImpl.java:start(181)) - 6fceca67-6645-4960-8b5d-1a38fa2b4e89@group-B47969477C5D: start as a follower, conf=-1: [6fceca67-6645-4960-8b5d-1a38fa2b4e89:192.168.164.206:43167], old=null
2019-10-02 20:44:26,105 [pool-257-thread-1] INFO  impl.RaftServerImpl (RaftServerImpl.java:setRole(170)) - 6fceca67-6645-4960-8b5d-1a38fa2b4e89@group-B47969477C5D: changes role from      null to FOLLOWER at term 0 for startAsFollower
2019-10-02 20:44:26,106 [pool-257-thread-1] INFO  impl.RoleInfo (RoleInfo.java:updateAndGet(143)) - 6fceca67-6645-4960-8b5d-1a38fa2b4e89: start FollowerState
2019-10-02 20:44:26,106 [pool-257-thread-1] INFO  util.JmxRegister (JmxRegister.java:tryRegister(44)) - Successfully registered JMX Bean with object name Ratis:service=RaftServer,group=group-B47969477C5D,id=6fceca67-6645-4960-8b5d-1a38fa2b4e89
2019-10-02 20:44:26,114 [RatisPipelineUtilsThread] INFO  pipeline.PipelineStateManager (PipelineStateManager.java:addPipeline(56)) - Created pipeline Pipeline[ Id: ba8f9d21-577e-4c6d-a57e-b47969477c5d, Nodes: 6fceca67-6645-4960-8b5d-1a38fa2b4e89{ip: 192.168.164.206, host: pr-hdds-2162-pj84x-1708865144, networkLocation: /default-rack, certSerialId: null}, Type:RATIS, Factor:ONE, State:OPEN]
2019-10-02 20:44:26,122 [grpc-default-executor-4] INFO  impl.RaftServerProxy (RaftServerProxy.java:addNew(89)) - d5fa228a-74cc-4927-b2b5-dfd1e4dbfcd1: addNew group-88CE54F41900:[d5fa228a-74cc-4927-b2b5-dfd1e4dbfcd1:192.168.164.206:41165] returns group-88CE54F41900:java.util.concurrent.CompletableFuture@c16ce88[Not completed]
2019-10-02 20:44:26,124 [pool-267-thread-1] INFO  impl.RaftServerImpl (RaftServerImpl.java:<init>(95)) - d5fa228a-74cc-4927-b2b5-dfd1e4dbfcd1: new RaftServerImpl for group-88CE54F41900:[d5fa228a-74cc-4927-b2b5-dfd1e4dbfcd1:192.168.164.206:41165] with ContainerStateMachine:uninitialized
2019-10-02 20:44:26,124 [pool-267-thread-1] INFO  server.RaftServerConfigKeys (ConfUtils.java:logGet(43)) - raft.server.rpc.timeout.min = 5s (custom)
2019-10-02 20:44:26,125 [pool-267-thread-1] INFO  server.RaftServerConfigKeys (ConfUtils.java:logGet(43)) - raft.server.rpc.timeout.max = 5200ms (custom)
2019-10-02 20:44:26,125 [pool-267-thread-1] INFO  server.RaftServerConfigKeys (ConfUtils.java:logGet(43)) - raft.server.rpcslowness.timeout = 120s (custom)
2019-10-02 20:44:26,125 [pool-267-thread-1] INFO  server.RaftServerConfigKeys (ConfUtils.java:logGet(43)) - raft.server.sleep.deviation.threshold = 300 (default)
2019-10-02 20:44:26,125 [pool-267-thread-1] INFO  server.RaftServerConfigKeys (ConfUtils.java:logGet(43)) - raft.server.log.appender.install.snapshot.enabled = false (custom)
2019-10-02 20:44:26,125 [pool-267-thread-1] INFO  impl.RaftServerImpl (ServerState.java:<init>(103)) - d5fa228a-74cc-4927-b2b5-dfd1e4dbfcd1@group-88CE54F41900: ConfigurationManager, init=-1: [d5fa228a-74cc-4927-b2b5-dfd1e4dbfcd1:192.168.164.206:41165], old=null, confs=<EMPTY_MAP>
2019-10-02 20:44:26,126 [pool-267-thread-1] INFO  server.RaftServerConfigKeys (ConfUtils.java:logGet(43)) - raft.server.storage.dir = [/workdir/hadoop-ozone/integration-test/target/test-dir/MiniOzoneClusterImpl-323daffa-1557-4126-988f-69c5ea63cf7f/datanode-6/data/ratis] (custom)
2019-10-02 20:44:26,126 [pool-267-thread-1] INFO  server.RaftServerConfigKeys (ConfUtils.java:logGet(43)) - raft.server.log.corruption.policy = EXCEPTION (default)
2019-10-02 20:44:26,126 [pool-267-thread-1] INFO  storage.RaftStorageDirectory (RaftStorageDirectory.java:analyzeStorage(246)) - The storage directory /workdir/hadoop-ozone/integration-test/target/test-dir/MiniOzoneClusterImpl-323daffa-1557-4126-988f-69c5ea63cf7f/datanode-6/data/ratis/39db22c2-43eb-491b-9cec-88ce54f41900 does not exist. Creating ...
2019-10-02 20:44:26,139 [pool-267-thread-1] INFO  storage.RaftStorageDirectory (RaftStorageDirectory.java:tryLock(328)) - Lock on /workdir/hadoop-ozone/integration-test/target/test-dir/MiniOzoneClusterImpl-323daffa-1557-4126-988f-69c5ea63cf7f/datanode-6/data/ratis/39db22c2-43eb-491b-9cec-88ce54f41900/in_use.lock acquired by nodename 14416@pr-hdds-2162-pj84x-1708865144
2019-10-02 20:44:26,152 [pool-267-thread-1] INFO  storage.RaftStorage (RaftStorage.java:format(84)) - Storage directory /workdir/hadoop-ozone/integration-test/target/test-dir/MiniOzoneClusterImpl-323daffa-1557-4126-988f-69c5ea63cf7f/datanode-6/data/ratis/39db22c2-43eb-491b-9cec-88ce54f41900 has been successfully formatted.
2019-10-02 20:44:26,153 [pool-267-thread-1] INFO  ratis.ContainerStateMachine (ContainerStateMachine.java:loadSnapshot(230)) - group-88CE54F41900: The snapshot info is null. Setting the last applied indexto:(t:0, i:~)
2019-10-02 20:44:26,153 [pool-267-thread-1] INFO  server.RaftServerConfigKeys (ConfUtils.java:logGet(43)) - raft.server.notification.no-leader.timeout = 120s (custom)
2019-10-02 20:44:26,153 [pool-267-thread-1] INFO  server.RaftServerConfigKeys (ConfUtils.java:logGet(43)) - raft.server.log.use.memory = false (default)
2019-10-02 20:44:26,153 [pool-267-thread-1] INFO  server.RaftServerConfigKeys (ConfUtils.java:logGet(43)) - raft.server.log.purge.gap = 1000000 (custom)
2019-10-02 20:44:26,153 [pool-267-thread-1] INFO  server.RaftServerConfigKeys (ConfUtils.java:logGet(43)) - raft.server.log.appender.buffer.byte-limit = 33554432 (custom)
2019-10-02 20:44:26,153 [pool-267-thread-1] INFO  server.RaftServerConfigKeys (ConfUtils.java:logGet(43)) - raft.server.log.segment.size.max = 1048576 (custom)
2019-10-02 20:44:26,155 [pool-267-thread-1] INFO  server.RaftServerConfigKeys (ConfUtils.java:logGet(43)) - raft.server.log.segment.cache.num.max = 2 (custom)
2019-10-02 20:44:26,155 [pool-267-thread-1] INFO  segmented.SegmentedRaftLogWorker (SegmentedRaftLogWorker.java:<init>(173)) - new d5fa228a-74cc-4927-b2b5-dfd1e4dbfcd1@group-88CE54F41900-SegmentedRaftLogWorker for RaftStorage:Storage Directory /workdir/hadoop-ozone/integration-test/target/test-dir/MiniOzoneClusterImpl-323daffa-1557-4126-988f-69c5ea63cf7f/datanode-6/data/ratis/39db22c2-43eb-491b-9cec-88ce54f41900
2019-10-02 20:44:26,155 [pool-267-thread-1] INFO  server.RaftServerConfigKeys (ConfUtils.java:logGet(43)) - raft.server.log.queue.byte-limit = 2147483647 (custom)
2019-10-02 20:44:26,156 [pool-267-thread-1] INFO  server.RaftServerConfigKeys (ConfUtils.java:logGet(43)) - raft.server.log.queue.element-limit = 1024 (custom)
2019-10-02 20:44:26,156 [pool-267-thread-1] INFO  server.RaftServerConfigKeys (ConfUtils.java:logGet(43)) - raft.server.log.segment.size.max = 1048576 (custom)
2019-10-02 20:44:26,156 [pool-267-thread-1] INFO  server.RaftServerConfigKeys (ConfUtils.java:logGet(43)) - raft.server.log.preallocated.size = 16384 (custom)
2019-10-02 20:44:26,156 [pool-267-thread-1] INFO  server.RaftServerConfigKeys (ConfUtils.java:logGet(43)) - raft.server.log.write.buffer.size = 33554432 (custom)
2019-10-02 20:44:26,156 [pool-267-thread-1] INFO  server.RaftServerConfigKeys (ConfUtils.java:logGet(43)) - raft.server.log.force.sync.num = 128 (default)
2019-10-02 20:44:26,156 [pool-267-thread-1] INFO  server.RaftServerConfigKeys (ConfUtils.java:logGet(43)) - raft.server.log.statemachine.data.sync = true (default)
2019-10-02 20:44:26,156 [pool-267-thread-1] INFO  server.RaftServerConfigKeys (ConfUtils.java:logGet(43)) - raft.server.log.statemachine.data.sync.timeout = 10s (default)
2019-10-02 20:44:26,157 [pool-267-thread-1] INFO  server.RaftServerConfigKeys (ConfUtils.java:logGet(43)) - raft.server.log.statemachine.data.sync.timeout.retry = -1 (default)
2019-10-02 20:44:26,157 [pool-267-thread-1] INFO  server.RaftServerConfigKeys (ConfUtils.java:logGet(43)) - raft.server.log.statemachine.data.caching.enabled = true (custom)
2019-10-02 20:44:26,157 [pool-267-thread-1] INFO  segmented.SegmentedRaftLogWorker (SegmentedRaftLogWorker.java:lambda$new$0(128)) - d5fa228a-74cc-4927-b2b5-dfd1e4dbfcd1@group-88CE54F41900-SegmentedRaftLogWorker: flushIndex: setUnconditionally 0 -> -1
2019-10-02 20:44:26,158 [pool-267-thread-1] INFO  server.RaftServerConfigKeys (ConfUtils.java:logGet(43)) - raft.server.snapshot.auto.trigger.enabled = true (custom)
2019-10-02 20:44:26,158 [pool-267-thread-1] INFO  server.RaftServerConfigKeys (ConfUtils.java:logGet(43)) - raft.server.snapshot.auto.trigger.threshold = 10000 (custom)
2019-10-02 20:44:26,158 [pool-267-thread-1] INFO  server.RaftServerConfigKeys (ConfUtils.java:logGet(43)) - raft.server.snapshot.retention.file.num = 5 (custom)
2019-10-02 20:44:26,158 [pool-267-thread-1] INFO  server.RaftServerConfigKeys (ConfUtils.java:logGet(43)) - raft.server.retrycache.expirytime = 600000ms (custom)
2019-10-02 20:44:26,160 [pool-267-thread-1] INFO  impl.RaftServerImpl (RaftServerImpl.java:start(181)) - d5fa228a-74cc-4927-b2b5-dfd1e4dbfcd1@group-88CE54F41900: start as a follower, conf=-1: [d5fa228a-74cc-4927-b2b5-dfd1e4dbfcd1:192.168.164.206:41165], old=null
2019-10-02 20:44:26,160 [pool-267-thread-1] INFO  impl.RaftServerImpl (RaftServerImpl.java:setRole(170)) - d5fa228a-74cc-4927-b2b5-dfd1e4dbfcd1@group-88CE54F41900: changes role from      null to FOLLOWER at term 0 for startAsFollower
2019-10-02 20:44:26,160 [pool-267-thread-1] INFO  impl.RoleInfo (RoleInfo.java:updateAndGet(143)) - d5fa228a-74cc-4927-b2b5-dfd1e4dbfcd1: start FollowerState
2019-10-02 20:44:26,161 [pool-267-thread-1] INFO  util.JmxRegister (JmxRegister.java:tryRegister(44)) - Successfully registered JMX Bean with object name Ratis:service=RaftServer,group=group-88CE54F41900,id=d5fa228a-74cc-4927-b2b5-dfd1e4dbfcd1
2019-10-02 20:44:26,168 [RatisPipelineUtilsThread] INFO  pipeline.PipelineStateManager (PipelineStateManager.java:addPipeline(56)) - Created pipeline Pipeline[ Id: 39db22c2-43eb-491b-9cec-88ce54f41900, Nodes: d5fa228a-74cc-4927-b2b5-dfd1e4dbfcd1{ip: 192.168.164.206, host: pr-hdds-2162-pj84x-1708865144, networkLocation: /default-rack, certSerialId: null}, Type:RATIS, Factor:ONE, State:OPEN]
2019-10-02 20:44:26,179 [grpc-default-executor-0] INFO  impl.RaftServerProxy (RaftServerProxy.java:addNew(89)) - 305054ce-a37f-49ee-9999-6b4f7adbd3c4: addNew group-6A2A83830D81:[305054ce-a37f-49ee-9999-6b4f7adbd3c4:192.168.164.206:37366, dca9babe-a885-4412-b77e-ba5c4dbc8705:192.168.164.206:44770, d5fa228a-74cc-4927-b2b5-dfd1e4dbfcd1:192.168.164.206:41165] returns group-6A2A83830D81:java.util.concurrent.CompletableFuture@33a8b5a1[Not completed]
2019-10-02 20:44:26,179 [grpc-default-executor-1] INFO  impl.RaftServerProxy (RaftServerProxy.java:addNew(89)) - d5fa228a-74cc-4927-b2b5-dfd1e4dbfcd1: addNew group-6A2A83830D81:[305054ce-a37f-49ee-9999-6b4f7adbd3c4:192.168.164.206:37366, dca9babe-a885-4412-b77e-ba5c4dbc8705:192.168.164.206:44770, d5fa228a-74cc-4927-b2b5-dfd1e4dbfcd1:192.168.164.206:41165] returns group-6A2A83830D81:java.util.concurrent.CompletableFuture@27292c22[Not completed]
2019-10-02 20:44:26,179 [grpc-default-executor-4] INFO  impl.RaftServerProxy (RaftServerProxy.java:addNew(89)) - dca9babe-a885-4412-b77e-ba5c4dbc8705: addNew group-6A2A83830D81:[305054ce-a37f-49ee-9999-6b4f7adbd3c4:192.168.164.206:37366, dca9babe-a885-4412-b77e-ba5c4dbc8705:192.168.164.206:44770, d5fa228a-74cc-4927-b2b5-dfd1e4dbfcd1:192.168.164.206:41165] returns group-6A2A83830D81:java.util.concurrent.CompletableFuture@e260c7e[Not completed]
2019-10-02 20:44:26,180 [pool-247-thread-1] INFO  impl.RaftServerImpl (RaftServerImpl.java:<init>(95)) - dca9babe-a885-4412-b77e-ba5c4dbc8705: new RaftServerImpl for group-6A2A83830D81:[305054ce-a37f-49ee-9999-6b4f7adbd3c4:192.168.164.206:37366, dca9babe-a885-4412-b77e-ba5c4dbc8705:192.168.164.206:44770, d5fa228a-74cc-4927-b2b5-dfd1e4dbfcd1:192.168.164.206:41165] with ContainerStateMachine:uninitialized
2019-10-02 20:44:26,180 [pool-247-thread-1] INFO  server.RaftServerConfigKeys (ConfUtils.java:logGet(43)) - raft.server.rpc.timeout.min = 5s (custom)
2019-10-02 20:44:26,180 [pool-247-thread-1] INFO  server.RaftServerConfigKeys (ConfUtils.java:logGet(43)) - raft.server.rpc.timeout.max = 5200ms (custom)
2019-10-02 20:44:26,181 [pool-247-thread-1] INFO  server.RaftServerConfigKeys (ConfUtils.java:logGet(43)) - raft.server.rpcslowness.timeout = 120s (custom)
2019-10-02 20:44:26,181 [pool-247-thread-1] INFO  server.RaftServerConfigKeys (ConfUtils.java:logGet(43)) - raft.server.sleep.deviation.threshold = 300 (default)
2019-10-02 20:44:26,181 [pool-247-thread-1] INFO  server.RaftServerConfigKeys (ConfUtils.java:logGet(43)) - raft.server.log.appender.install.snapshot.enabled = false (custom)
2019-10-02 20:44:26,181 [pool-247-thread-1] INFO  impl.RaftServerImpl (ServerState.java:<init>(103)) - dca9babe-a885-4412-b77e-ba5c4dbc8705@group-6A2A83830D81: ConfigurationManager, init=-1: [305054ce-a37f-49ee-9999-6b4f7adbd3c4:192.168.164.206:37366, dca9babe-a885-4412-b77e-ba5c4dbc8705:192.168.164.206:44770, d5fa228a-74cc-4927-b2b5-dfd1e4dbfcd1:192.168.164.206:41165], old=null, confs=<EMPTY_MAP>
2019-10-02 20:44:26,181 [pool-247-thread-1] INFO  server.RaftServerConfigKeys (ConfUtils.java:logGet(43)) - raft.server.storage.dir = [/workdir/hadoop-ozone/integration-test/target/test-dir/MiniOzoneClusterImpl-323daffa-1557-4126-988f-69c5ea63cf7f/datanode-4/data/ratis] (custom)
2019-10-02 20:44:26,181 [pool-237-thread-1] INFO  impl.RaftServerImpl (RaftServerImpl.java:<init>(95)) - 305054ce-a37f-49ee-9999-6b4f7adbd3c4: new RaftServerImpl for group-6A2A83830D81:[305054ce-a37f-49ee-9999-6b4f7adbd3c4:192.168.164.206:37366, dca9babe-a885-4412-b77e-ba5c4dbc8705:192.168.164.206:44770, d5fa228a-74cc-4927-b2b5-dfd1e4dbfcd1:192.168.164.206:41165] with ContainerStateMachine:uninitialized
2019-10-02 20:44:26,182 [pool-247-thread-1] INFO  server.RaftServerConfigKeys (ConfUtils.java:logGet(43)) - raft.server.log.corruption.policy = EXCEPTION (default)
2019-10-02 20:44:26,182 [pool-237-thread-1] INFO  server.RaftServerConfigKeys (ConfUtils.java:logGet(43)) - raft.server.rpc.timeout.min = 5s (custom)
2019-10-02 20:44:26,182 [pool-247-thread-1] INFO  storage.RaftStorageDirectory (RaftStorageDirectory.java:analyzeStorage(246)) - The storage directory /workdir/hadoop-ozone/integration-test/target/test-dir/MiniOzoneClusterImpl-323daffa-1557-4126-988f-69c5ea63cf7f/datanode-4/data/ratis/905f3fcb-e5f9-4b83-a7dd-6a2a83830d81 does not exist. Creating ...
2019-10-02 20:44:26,182 [pool-237-thread-1] INFO  server.RaftServerConfigKeys (ConfUtils.java:logGet(43)) - raft.server.rpc.timeout.max = 5200ms (custom)
2019-10-02 20:44:26,182 [pool-267-thread-1] INFO  impl.RaftServerImpl (RaftServerImpl.java:<init>(95)) - d5fa228a-74cc-4927-b2b5-dfd1e4dbfcd1: new RaftServerImpl for group-6A2A83830D81:[305054ce-a37f-49ee-9999-6b4f7adbd3c4:192.168.164.206:37366, dca9babe-a885-4412-b77e-ba5c4dbc8705:192.168.164.206:44770, d5fa228a-74cc-4927-b2b5-dfd1e4dbfcd1:192.168.164.206:41165] with ContainerStateMachine:uninitialized
2019-10-02 20:44:26,182 [pool-237-thread-1] INFO  server.RaftServerConfigKeys (ConfUtils.java:logGet(43)) - raft.server.rpcslowness.timeout = 120s (custom)
2019-10-02 20:44:26,182 [pool-267-thread-1] INFO  server.RaftServerConfigKeys (ConfUtils.java:logGet(43)) - raft.server.rpc.timeout.min = 5s (custom)
2019-10-02 20:44:26,183 [pool-237-thread-1] INFO  server.RaftServerConfigKeys (ConfUtils.java:logGet(43)) - raft.server.sleep.deviation.threshold = 300 (default)
2019-10-02 20:44:26,183 [pool-267-thread-1] INFO  server.RaftServerConfigKeys (ConfUtils.java:logGet(43)) - raft.server.rpc.timeout.max = 5200ms (custom)
2019-10-02 20:44:26,183 [pool-237-thread-1] INFO  server.RaftServerConfigKeys (ConfUtils.java:logGet(43)) - raft.server.log.appender.install.snapshot.enabled = false (custom)
2019-10-02 20:44:26,183 [pool-267-thread-1] INFO  server.RaftServerConfigKeys (ConfUtils.java:logGet(43)) - raft.server.rpcslowness.timeout = 120s (custom)
2019-10-02 20:44:26,183 [pool-237-thread-1] INFO  impl.RaftServerImpl (ServerState.java:<init>(103)) - 305054ce-a37f-49ee-9999-6b4f7adbd3c4@group-6A2A83830D81: ConfigurationManager, init=-1: [305054ce-a37f-49ee-9999-6b4f7adbd3c4:192.168.164.206:37366, dca9babe-a885-4412-b77e-ba5c4dbc8705:192.168.164.206:44770, d5fa228a-74cc-4927-b2b5-dfd1e4dbfcd1:192.168.164.206:41165], old=null, confs=<EMPTY_MAP>
2019-10-02 20:44:26,183 [pool-267-thread-1] INFO  server.RaftServerConfigKeys (ConfUtils.java:logGet(43)) - raft.server.sleep.deviation.threshold = 300 (default)
2019-10-02 20:44:26,183 [pool-237-thread-1] INFO  server.RaftServerConfigKeys (ConfUtils.java:logGet(43)) - raft.server.storage.dir = [/workdir/hadoop-ozone/integration-test/target/test-dir/MiniOzoneClusterImpl-323daffa-1557-4126-988f-69c5ea63cf7f/datanode-3/data/ratis] (custom)
2019-10-02 20:44:26,183 [pool-267-thread-1] INFO  server.RaftServerConfigKeys (ConfUtils.java:logGet(43)) - raft.server.log.appender.install.snapshot.enabled = false (custom)
2019-10-02 20:44:26,184 [pool-237-thread-1] INFO  server.RaftServerConfigKeys (ConfUtils.java:logGet(43)) - raft.server.log.corruption.policy = EXCEPTION (default)
2019-10-02 20:44:26,184 [pool-267-thread-1] INFO  impl.RaftServerImpl (ServerState.java:<init>(103)) - d5fa228a-74cc-4927-b2b5-dfd1e4dbfcd1@group-6A2A83830D81: ConfigurationManager, init=-1: [305054ce-a37f-49ee-9999-6b4f7adbd3c4:192.168.164.206:37366, dca9babe-a885-4412-b77e-ba5c4dbc8705:192.168.164.206:44770, d5fa228a-74cc-4927-b2b5-dfd1e4dbfcd1:192.168.164.206:41165], old=null, confs=<EMPTY_MAP>
2019-10-02 20:44:26,184 [pool-237-thread-1] INFO  storage.RaftStorageDirectory (RaftStorageDirectory.java:analyzeStorage(246)) - The storage directory /workdir/hadoop-ozone/integration-test/target/test-dir/MiniOzoneClusterImpl-323daffa-1557-4126-988f-69c5ea63cf7f/datanode-3/data/ratis/905f3fcb-e5f9-4b83-a7dd-6a2a83830d81 does not exist. Creating ...
2019-10-02 20:44:26,184 [pool-267-thread-1] INFO  server.RaftServerConfigKeys (ConfUtils.java:logGet(43)) - raft.server.storage.dir = [/workdir/hadoop-ozone/integration-test/target/test-dir/MiniOzoneClusterImpl-323daffa-1557-4126-988f-69c5ea63cf7f/datanode-6/data/ratis] (custom)
2019-10-02 20:44:26,184 [pool-267-thread-1] INFO  server.RaftServerConfigKeys (ConfUtils.java:logGet(43)) - raft.server.log.corruption.policy = EXCEPTION (default)
2019-10-02 20:44:26,184 [pool-267-thread-1] INFO  storage.RaftStorageDirectory (RaftStorageDirectory.java:analyzeStorage(246)) - The storage directory /workdir/hadoop-ozone/integration-test/target/test-dir/MiniOzoneClusterImpl-323daffa-1557-4126-988f-69c5ea63cf7f/datanode-6/data/ratis/905f3fcb-e5f9-4b83-a7dd-6a2a83830d81 does not exist. Creating ...
2019-10-02 20:44:26,195 [pool-237-thread-1] INFO  storage.RaftStorageDirectory (RaftStorageDirectory.java:tryLock(328)) - Lock on /workdir/hadoop-ozone/integration-test/target/test-dir/MiniOzoneClusterImpl-323daffa-1557-4126-988f-69c5ea63cf7f/datanode-3/data/ratis/905f3fcb-e5f9-4b83-a7dd-6a2a83830d81/in_use.lock acquired by nodename 14416@pr-hdds-2162-pj84x-1708865144
2019-10-02 20:44:26,195 [pool-267-thread-1] INFO  storage.RaftStorageDirectory (RaftStorageDirectory.java:tryLock(328)) - Lock on /workdir/hadoop-ozone/integration-test/target/test-dir/MiniOzoneClusterImpl-323daffa-1557-4126-988f-69c5ea63cf7f/datanode-6/data/ratis/905f3fcb-e5f9-4b83-a7dd-6a2a83830d81/in_use.lock acquired by nodename 14416@pr-hdds-2162-pj84x-1708865144
2019-10-02 20:44:26,195 [pool-247-thread-1] INFO  storage.RaftStorageDirectory (RaftStorageDirectory.java:tryLock(328)) - Lock on /workdir/hadoop-ozone/integration-test/target/test-dir/MiniOzoneClusterImpl-323daffa-1557-4126-988f-69c5ea63cf7f/datanode-4/data/ratis/905f3fcb-e5f9-4b83-a7dd-6a2a83830d81/in_use.lock acquired by nodename 14416@pr-hdds-2162-pj84x-1708865144
2019-10-02 20:44:26,209 [pool-267-thread-1] INFO  storage.RaftStorage (RaftStorage.java:format(84)) - Storage directory /workdir/hadoop-ozone/integration-test/target/test-dir/MiniOzoneClusterImpl-323daffa-1557-4126-988f-69c5ea63cf7f/datanode-6/data/ratis/905f3fcb-e5f9-4b83-a7dd-6a2a83830d81 has been successfully formatted.
2019-10-02 20:44:26,209 [pool-237-thread-1] INFO  storage.RaftStorage (RaftStorage.java:format(84)) - Storage directory /workdir/hadoop-ozone/integration-test/target/test-dir/MiniOzoneClusterImpl-323daffa-1557-4126-988f-69c5ea63cf7f/datanode-3/data/ratis/905f3fcb-e5f9-4b83-a7dd-6a2a83830d81 has been successfully formatted.
2019-10-02 20:44:26,209 [pool-247-thread-1] INFO  storage.RaftStorage (RaftStorage.java:format(84)) - Storage directory /workdir/hadoop-ozone/integration-test/target/test-dir/MiniOzoneClusterImpl-323daffa-1557-4126-988f-69c5ea63cf7f/datanode-4/data/ratis/905f3fcb-e5f9-4b83-a7dd-6a2a83830d81 has been successfully formatted.
2019-10-02 20:44:26,209 [pool-267-thread-1] INFO  ratis.ContainerStateMachine (ContainerStateMachine.java:loadSnapshot(230)) - group-6A2A83830D81: The snapshot info is null. Setting the last applied indexto:(t:0, i:~)
2019-10-02 20:44:26,209 [pool-267-thread-1] INFO  server.RaftServerConfigKeys (ConfUtils.java:logGet(43)) - raft.server.notification.no-leader.timeout = 120s (custom)
2019-10-02 20:44:26,209 [pool-247-thread-1] INFO  ratis.ContainerStateMachine (ContainerStateMachine.java:loadSnapshot(230)) - group-6A2A83830D81: The snapshot info is null. Setting the last applied indexto:(t:0, i:~)
2019-10-02 20:44:26,209 [pool-237-thread-1] INFO  ratis.ContainerStateMachine (ContainerStateMachine.java:loadSnapshot(230)) - group-6A2A83830D81: The snapshot info is null. Setting the last applied indexto:(t:0, i:~)
2019-10-02 20:44:26,210 [pool-247-thread-1] INFO  server.RaftServerConfigKeys (ConfUtils.java:logGet(43)) - raft.server.notification.no-leader.timeout = 120s (custom)
2019-10-02 20:44:26,209 [pool-267-thread-1] INFO  server.RaftServerConfigKeys (ConfUtils.java:logGet(43)) - raft.server.log.use.memory = false (default)
2019-10-02 20:44:26,210 [pool-247-thread-1] INFO  server.RaftServerConfigKeys (ConfUtils.java:logGet(43)) - raft.server.log.use.memory = false (default)
2019-10-02 20:44:26,210 [pool-237-thread-1] INFO  server.RaftServerConfigKeys (ConfUtils.java:logGet(43)) - raft.server.notification.no-leader.timeout = 120s (custom)
2019-10-02 20:44:26,210 [pool-247-thread-1] INFO  server.RaftServerConfigKeys (ConfUtils.java:logGet(43)) - raft.server.log.purge.gap = 1000000 (custom)
2019-10-02 20:44:26,210 [pool-267-thread-1] INFO  server.RaftServerConfigKeys (ConfUtils.java:logGet(43)) - raft.server.log.purge.gap = 1000000 (custom)
2019-10-02 20:44:26,211 [pool-247-thread-1] INFO  server.RaftServerConfigKeys (ConfUtils.java:logGet(43)) - raft.server.log.appender.buffer.byte-limit = 33554432 (custom)
2019-10-02 20:44:26,210 [pool-237-thread-1] INFO  server.RaftServerConfigKeys (ConfUtils.java:logGet(43)) - raft.server.log.use.memory = false (default)
2019-10-02 20:44:26,211 [pool-247-thread-1] INFO  server.RaftServerConfigKeys (ConfUtils.java:logGet(43)) - raft.server.log.segment.size.max = 1048576 (custom)
2019-10-02 20:44:26,211 [pool-267-thread-1] INFO  server.RaftServerConfigKeys (ConfUtils.java:logGet(43)) - raft.server.log.appender.buffer.byte-limit = 33554432 (custom)
2019-10-02 20:44:26,211 [pool-247-thread-1] INFO  server.RaftServerConfigKeys (ConfUtils.java:logGet(43)) - raft.server.log.segment.cache.num.max = 2 (custom)
2019-10-02 20:44:26,211 [pool-237-thread-1] INFO  server.RaftServerConfigKeys (ConfUtils.java:logGet(43)) - raft.server.log.purge.gap = 1000000 (custom)
2019-10-02 20:44:26,212 [pool-247-thread-1] INFO  segmented.SegmentedRaftLogWorker (SegmentedRaftLogWorker.java:<init>(173)) - new dca9babe-a885-4412-b77e-ba5c4dbc8705@group-6A2A83830D81-SegmentedRaftLogWorker for RaftStorage:Storage Directory /workdir/hadoop-ozone/integration-test/target/test-dir/MiniOzoneClusterImpl-323daffa-1557-4126-988f-69c5ea63cf7f/datanode-4/data/ratis/905f3fcb-e5f9-4b83-a7dd-6a2a83830d81
2019-10-02 20:44:26,211 [pool-267-thread-1] INFO  server.RaftServerConfigKeys (ConfUtils.java:logGet(43)) - raft.server.log.segment.size.max = 1048576 (custom)
2019-10-02 20:44:26,212 [pool-247-thread-1] INFO  server.RaftServerConfigKeys (ConfUtils.java:logGet(43)) - raft.server.log.queue.byte-limit = 2147483647 (custom)
2019-10-02 20:44:26,212 [pool-237-thread-1] INFO  server.RaftServerConfigKeys (ConfUtils.java:logGet(43)) - raft.server.log.appender.buffer.byte-limit = 33554432 (custom)
2019-10-02 20:44:26,212 [pool-247-thread-1] INFO  server.RaftServerConfigKeys (ConfUtils.java:logGet(43)) - raft.server.log.queue.element-limit = 1024 (custom)
2019-10-02 20:44:26,212 [pool-267-thread-1] INFO  server.RaftServerConfigKeys (ConfUtils.java:logGet(43)) - raft.server.log.segment.cache.num.max = 2 (custom)
2019-10-02 20:44:26,213 [pool-247-thread-1] INFO  server.RaftServerConfigKeys (ConfUtils.java:logGet(43)) - raft.server.log.segment.size.max = 1048576 (custom)
2019-10-02 20:44:26,212 [pool-237-thread-1] INFO  server.RaftServerConfigKeys (ConfUtils.java:logGet(43)) - raft.server.log.segment.size.max = 1048576 (custom)
2019-10-02 20:44:26,213 [pool-247-thread-1] INFO  server.RaftServerConfigKeys (ConfUtils.java:logGet(43)) - raft.server.log.preallocated.size = 16384 (custom)
2019-10-02 20:44:26,213 [pool-267-thread-1] INFO  segmented.SegmentedRaftLogWorker (SegmentedRaftLogWorker.java:<init>(173)) - new d5fa228a-74cc-4927-b2b5-dfd1e4dbfcd1@group-6A2A83830D81-SegmentedRaftLogWorker for RaftStorage:Storage Directory /workdir/hadoop-ozone/integration-test/target/test-dir/MiniOzoneClusterImpl-323daffa-1557-4126-988f-69c5ea63cf7f/datanode-6/data/ratis/905f3fcb-e5f9-4b83-a7dd-6a2a83830d81
2019-10-02 20:44:26,213 [pool-247-thread-1] INFO  server.RaftServerConfigKeys (ConfUtils.java:logGet(43)) - raft.server.log.write.buffer.size = 33554432 (custom)
2019-10-02 20:44:26,213 [pool-237-thread-1] INFO  server.RaftServerConfigKeys (ConfUtils.java:logGet(43)) - raft.server.log.segment.cache.num.max = 2 (custom)
2019-10-02 20:44:26,214 [pool-247-thread-1] INFO  server.RaftServerConfigKeys (ConfUtils.java:logGet(43)) - raft.server.log.force.sync.num = 128 (default)
2019-10-02 20:44:26,213 [pool-267-thread-1] INFO  server.RaftServerConfigKeys (ConfUtils.java:logGet(43)) - raft.server.log.queue.byte-limit = 2147483647 (custom)
2019-10-02 20:44:26,214 [pool-247-thread-1] INFO  server.RaftServerConfigKeys (ConfUtils.java:logGet(43)) - raft.server.log.statemachine.data.sync = true (default)
2019-10-02 20:44:26,214 [pool-237-thread-1] INFO  segmented.SegmentedRaftLogWorker (SegmentedRaftLogWorker.java:<init>(173)) - new 305054ce-a37f-49ee-9999-6b4f7adbd3c4@group-6A2A83830D81-SegmentedRaftLogWorker for RaftStorage:Storage Directory /workdir/hadoop-ozone/integration-test/target/test-dir/MiniOzoneClusterImpl-323daffa-1557-4126-988f-69c5ea63cf7f/datanode-3/data/ratis/905f3fcb-e5f9-4b83-a7dd-6a2a83830d81
2019-10-02 20:44:26,214 [pool-247-thread-1] INFO  server.RaftServerConfigKeys (ConfUtils.java:logGet(43)) - raft.server.log.statemachine.data.sync.timeout = 10s (default)
2019-10-02 20:44:26,214 [pool-267-thread-1] INFO  server.RaftServerConfigKeys (ConfUtils.java:logGet(43)) - raft.server.log.queue.element-limit = 1024 (custom)
2019-10-02 20:44:26,215 [pool-247-thread-1] INFO  server.RaftServerConfigKeys (ConfUtils.java:logGet(43)) - raft.server.log.statemachine.data.sync.timeout.retry = -1 (default)
2019-10-02 20:44:26,214 [pool-237-thread-1] INFO  server.RaftServerConfigKeys (ConfUtils.java:logGet(43)) - raft.server.log.queue.byte-limit = 2147483647 (custom)
2019-10-02 20:44:26,215 [pool-247-thread-1] INFO  server.RaftServerConfigKeys (ConfUtils.java:logGet(43)) - raft.server.log.statemachine.data.caching.enabled = true (custom)
2019-10-02 20:44:26,215 [pool-267-thread-1] INFO  server.RaftServerConfigKeys (ConfUtils.java:logGet(43)) - raft.server.log.segment.size.max = 1048576 (custom)
2019-10-02 20:44:26,215 [pool-237-thread-1] INFO  server.RaftServerConfigKeys (ConfUtils.java:logGet(43)) - raft.server.log.queue.element-limit = 1024 (custom)
2019-10-02 20:44:26,215 [pool-267-thread-1] INFO  server.RaftServerConfigKeys (ConfUtils.java:logGet(43)) - raft.server.log.preallocated.size = 16384 (custom)
2019-10-02 20:44:26,216 [pool-237-thread-1] INFO  server.RaftServerConfigKeys (ConfUtils.java:logGet(43)) - raft.server.log.segment.size.max = 1048576 (custom)
2019-10-02 20:44:26,216 [pool-247-thread-1] INFO  segmented.SegmentedRaftLogWorker (SegmentedRaftLogWorker.java:lambda$new$0(128)) - dca9babe-a885-4412-b77e-ba5c4dbc8705@group-6A2A83830D81-SegmentedRaftLogWorker: flushIndex: setUnconditionally 0 -> -1
2019-10-02 20:44:26,216 [pool-237-thread-1] INFO  server.RaftServerConfigKeys (ConfUtils.java:logGet(43)) - raft.server.log.preallocated.size = 16384 (custom)
2019-10-02 20:44:26,216 [pool-267-thread-1] INFO  server.RaftServerConfigKeys (ConfUtils.java:logGet(43)) - raft.server.log.write.buffer.size = 33554432 (custom)
2019-10-02 20:44:26,216 [pool-237-thread-1] INFO  server.RaftServerConfigKeys (ConfUtils.java:logGet(43)) - raft.server.log.write.buffer.size = 33554432 (custom)
2019-10-02 20:44:26,216 [pool-247-thread-1] INFO  server.RaftServerConfigKeys (ConfUtils.java:logGet(43)) - raft.server.snapshot.auto.trigger.enabled = true (custom)
2019-10-02 20:44:26,216 [pool-237-thread-1] INFO  server.RaftServerConfigKeys (ConfUtils.java:logGet(43)) - raft.server.log.force.sync.num = 128 (default)
2019-10-02 20:44:26,216 [pool-267-thread-1] INFO  server.RaftServerConfigKeys (ConfUtils.java:logGet(43)) - raft.server.log.force.sync.num = 128 (default)
2019-10-02 20:44:26,217 [pool-237-thread-1] INFO  server.RaftServerConfigKeys (ConfUtils.java:logGet(43)) - raft.server.log.statemachine.data.sync = true (default)
2019-10-02 20:44:26,217 [pool-247-thread-1] INFO  server.RaftServerConfigKeys (ConfUtils.java:logGet(43)) - raft.server.snapshot.auto.trigger.threshold = 10000 (custom)
2019-10-02 20:44:26,217 [pool-237-thread-1] INFO  server.RaftServerConfigKeys (ConfUtils.java:logGet(43)) - raft.server.log.statemachine.data.sync.timeout = 10s (default)
2019-10-02 20:44:26,217 [pool-267-thread-1] INFO  server.RaftServerConfigKeys (ConfUtils.java:logGet(43)) - raft.server.log.statemachine.data.sync = true (default)
2019-10-02 20:44:26,217 [pool-237-thread-1] INFO  server.RaftServerConfigKeys (ConfUtils.java:logGet(43)) - raft.server.log.statemachine.data.sync.timeout.retry = -1 (default)
2019-10-02 20:44:26,217 [pool-247-thread-1] INFO  server.RaftServerConfigKeys (ConfUtils.java:logGet(43)) - raft.server.snapshot.retention.file.num = 5 (custom)
2019-10-02 20:44:26,218 [pool-237-thread-1] INFO  server.RaftServerConfigKeys (ConfUtils.java:logGet(43)) - raft.server.log.statemachine.data.caching.enabled = true (custom)
2019-10-02 20:44:26,217 [pool-267-thread-1] INFO  server.RaftServerConfigKeys (ConfUtils.java:logGet(43)) - raft.server.log.statemachine.data.sync.timeout = 10s (default)
2019-10-02 20:44:26,218 [pool-247-thread-1] INFO  server.RaftServerConfigKeys (ConfUtils.java:logGet(43)) - raft.server.retrycache.expirytime = 600000ms (custom)
2019-10-02 20:44:26,218 [pool-237-thread-1] INFO  segmented.SegmentedRaftLogWorker (SegmentedRaftLogWorker.java:lambda$new$0(128)) - 305054ce-a37f-49ee-9999-6b4f7adbd3c4@group-6A2A83830D81-SegmentedRaftLogWorker: flushIndex: setUnconditionally 0 -> -1
2019-10-02 20:44:26,218 [pool-267-thread-1] INFO  server.RaftServerConfigKeys (ConfUtils.java:logGet(43)) - raft.server.log.statemachine.data.sync.timeout.retry = -1 (default)
2019-10-02 20:44:26,219 [pool-267-thread-1] INFO  server.RaftServerConfigKeys (ConfUtils.java:logGet(43)) - raft.server.log.statemachine.data.caching.enabled = true (custom)
2019-10-02 20:44:26,219 [pool-237-thread-1] INFO  server.RaftServerConfigKeys (ConfUtils.java:logGet(43)) - raft.server.snapshot.auto.trigger.enabled = true (custom)
2019-10-02 20:44:26,219 [pool-237-thread-1] INFO  server.RaftServerConfigKeys (ConfUtils.java:logGet(43)) - raft.server.snapshot.auto.trigger.threshold = 10000 (custom)
2019-10-02 20:44:26,219 [pool-267-thread-1] INFO  segmented.SegmentedRaftLogWorker (SegmentedRaftLogWorker.java:lambda$new$0(128)) - d5fa228a-74cc-4927-b2b5-dfd1e4dbfcd1@group-6A2A83830D81-SegmentedRaftLogWorker: flushIndex: setUnconditionally 0 -> -1
2019-10-02 20:44:26,219 [pool-237-thread-1] INFO  server.RaftServerConfigKeys (ConfUtils.java:logGet(43)) - raft.server.snapshot.retention.file.num = 5 (custom)
2019-10-02 20:44:26,219 [pool-237-thread-1] INFO  server.RaftServerConfigKeys (ConfUtils.java:logGet(43)) - raft.server.retrycache.expirytime = 600000ms (custom)
2019-10-02 20:44:26,220 [pool-267-thread-1] INFO  server.RaftServerConfigKeys (ConfUtils.java:logGet(43)) - raft.server.snapshot.auto.trigger.enabled = true (custom)
2019-10-02 20:44:26,220 [pool-267-thread-1] INFO  server.RaftServerConfigKeys (ConfUtils.java:logGet(43)) - raft.server.snapshot.auto.trigger.threshold = 10000 (custom)
2019-10-02 20:44:26,220 [pool-267-thread-1] INFO  server.RaftServerConfigKeys (ConfUtils.java:logGet(43)) - raft.server.snapshot.retention.file.num = 5 (custom)
2019-10-02 20:44:26,220 [pool-267-thread-1] INFO  server.RaftServerConfigKeys (ConfUtils.java:logGet(43)) - raft.server.retrycache.expirytime = 600000ms (custom)
2019-10-02 20:44:26,222 [pool-247-thread-1] INFO  impl.RaftServerImpl (RaftServerImpl.java:start(181)) - dca9babe-a885-4412-b77e-ba5c4dbc8705@group-6A2A83830D81: start as a follower, conf=-1: [305054ce-a37f-49ee-9999-6b4f7adbd3c4:192.168.164.206:37366, dca9babe-a885-4412-b77e-ba5c4dbc8705:192.168.164.206:44770, d5fa228a-74cc-4927-b2b5-dfd1e4dbfcd1:192.168.164.206:41165], old=null
2019-10-02 20:44:26,223 [pool-247-thread-1] INFO  impl.RaftServerImpl (RaftServerImpl.java:setRole(170)) - dca9babe-a885-4412-b77e-ba5c4dbc8705@group-6A2A83830D81: changes role from      null to FOLLOWER at term 0 for startAsFollower
2019-10-02 20:44:26,223 [pool-247-thread-1] INFO  impl.RoleInfo (RoleInfo.java:updateAndGet(143)) - dca9babe-a885-4412-b77e-ba5c4dbc8705: start FollowerState
2019-10-02 20:44:26,223 [pool-237-thread-1] INFO  impl.RaftServerImpl (RaftServerImpl.java:start(181)) - 305054ce-a37f-49ee-9999-6b4f7adbd3c4@group-6A2A83830D81: start as a follower, conf=-1: [305054ce-a37f-49ee-9999-6b4f7adbd3c4:192.168.164.206:37366, dca9babe-a885-4412-b77e-ba5c4dbc8705:192.168.164.206:44770, d5fa228a-74cc-4927-b2b5-dfd1e4dbfcd1:192.168.164.206:41165], old=null
2019-10-02 20:44:26,223 [pool-267-thread-1] INFO  impl.RaftServerImpl (RaftServerImpl.java:start(181)) - d5fa228a-74cc-4927-b2b5-dfd1e4dbfcd1@group-6A2A83830D81: start as a follower, conf=-1: [305054ce-a37f-49ee-9999-6b4f7adbd3c4:192.168.164.206:37366, dca9babe-a885-4412-b77e-ba5c4dbc8705:192.168.164.206:44770, d5fa228a-74cc-4927-b2b5-dfd1e4dbfcd1:192.168.164.206:41165], old=null
2019-10-02 20:44:26,223 [pool-247-thread-1] INFO  util.JmxRegister (JmxRegister.java:tryRegister(44)) - Successfully registered JMX Bean with object name Ratis:service=RaftServer,group=group-6A2A83830D81,id=dca9babe-a885-4412-b77e-ba5c4dbc8705
2019-10-02 20:44:26,223 [pool-267-thread-1] INFO  impl.RaftServerImpl (RaftServerImpl.java:setRole(170)) - d5fa228a-74cc-4927-b2b5-dfd1e4dbfcd1@group-6A2A83830D81: changes role from      null to FOLLOWER at term 0 for startAsFollower
2019-10-02 20:44:26,223 [pool-237-thread-1] INFO  impl.RaftServerImpl (RaftServerImpl.java:setRole(170)) - 305054ce-a37f-49ee-9999-6b4f7adbd3c4@group-6A2A83830D81: changes role from      null to FOLLOWER at term 0 for startAsFollower
2019-10-02 20:44:26,224 [pool-267-thread-1] INFO  impl.RoleInfo (RoleInfo.java:updateAndGet(143)) - d5fa228a-74cc-4927-b2b5-dfd1e4dbfcd1: start FollowerState
2019-10-02 20:44:26,224 [pool-237-thread-1] INFO  impl.RoleInfo (RoleInfo.java:updateAndGet(143)) - 305054ce-a37f-49ee-9999-6b4f7adbd3c4: start FollowerState
2019-10-02 20:44:26,224 [pool-267-thread-1] INFO  util.JmxRegister (JmxRegister.java:tryRegister(44)) - Successfully registered JMX Bean with object name Ratis:service=RaftServer,group=group-6A2A83830D81,id=d5fa228a-74cc-4927-b2b5-dfd1e4dbfcd1
2019-10-02 20:44:26,225 [pool-237-thread-1] INFO  util.JmxRegister (JmxRegister.java:tryRegister(44)) - Successfully registered JMX Bean with object name Ratis:service=RaftServer,group=group-6A2A83830D81,id=305054ce-a37f-49ee-9999-6b4f7adbd3c4
2019-10-02 20:44:26,238 [RatisPipelineUtilsThread] INFO  pipeline.PipelineStateManager (PipelineStateManager.java:addPipeline(56)) - Created pipeline Pipeline[ Id: 905f3fcb-e5f9-4b83-a7dd-6a2a83830d81, Nodes: d5fa228a-74cc-4927-b2b5-dfd1e4dbfcd1{ip: 192.168.164.206, host: pr-hdds-2162-pj84x-1708865144, networkLocation: /default-rack, certSerialId: null}305054ce-a37f-49ee-9999-6b4f7adbd3c4{ip: 192.168.164.206, host: pr-hdds-2162-pj84x-1708865144, networkLocation: /default-rack, certSerialId: null}dca9babe-a885-4412-b77e-ba5c4dbc8705{ip: 192.168.164.206, host: pr-hdds-2162-pj84x-1708865144, networkLocation: /default-rack, certSerialId: null}, Type:RATIS, Factor:THREE, State:OPEN]
2019-10-02 20:44:27,067 [main] INFO  ozone.MiniOzoneClusterImpl (MiniOzoneClusterImpl.java:lambda$waitForClusterToBeReady$0(147)) - Cluster is ready. Got 7 of 7 DN Heartbeats.
2019-10-02 20:44:27,113 [main] INFO  rpc.RpcClient (RpcClient.java:createVolume(276)) - Creating Volume: watchforcommithandlingtest, with jenkins1000 as owner.
2019-10-02 20:44:27,117 [IPC Server handler 3 on 32869] INFO  volume.OMVolumeCreateRequest (OMVolumeCreateRequest.java:validateAndUpdateCache(194)) - created volume:watchforcommithandlingtest for user:jenkins1000
2019-10-02 20:44:27,139 [main] INFO  rpc.RpcClient (RpcClient.java:createBucket(415)) - Creating Bucket: watchforcommithandlingtest/watchforcommithandlingtest, with Versioning false and Storage Type set to DISK and Encryption set to false 
2019-10-02 20:44:27,144 [main] INFO  ozone.MiniOzoneClusterImpl (MiniOzoneClusterImpl.java:getStorageContainerLocationClient(234)) - Creating StorageContainerLocationProtocol RPC client with address /0.0.0.0:46327
2019-10-02 20:44:28,652 [Thread-1426] INFO  container.ReplicationManager (ReplicationManager.java:start(162)) - Starting Replication Monitor Thread.
2019-10-02 20:44:28,658 [ReplicationMonitor] INFO  container.ReplicationManager (ReplicationManager.java:run(225)) - Replication Monitor Thread took 0 milliseconds for processing 1 containers.
2019-10-02 20:44:30,803 [Thread-1428] INFO  impl.FollowerState (FollowerState.java:run(108)) - 7ce65cc5-04b0-4a34-8c63-19f39baaf864@group-A0AE3036F34A-FollowerState: change to CANDIDATE, lastRpcTime:5097ms, electionTimeout:5097ms
2019-10-02 20:44:30,803 [Thread-1431] INFO  impl.FollowerState (FollowerState.java:run(108)) - df5571b8-72e0-4512-9986-2980712bea17@group-CFF1E0DB3AD5-FollowerState: change to CANDIDATE, lastRpcTime:5036ms, electionTimeout:5036ms
2019-10-02 20:44:30,805 [Thread-1428] INFO  impl.RoleInfo (RoleInfo.java:shutdownFollowerState(121)) - 7ce65cc5-04b0-4a34-8c63-19f39baaf864: shutdown FollowerState
2019-10-02 20:44:30,805 [Thread-1431] INFO  impl.RoleInfo (RoleInfo.java:shutdownFollowerState(121)) - df5571b8-72e0-4512-9986-2980712bea17: shutdown FollowerState
2019-10-02 20:44:30,805 [Thread-1428] INFO  impl.RaftServerImpl (RaftServerImpl.java:setRole(170)) - 7ce65cc5-04b0-4a34-8c63-19f39baaf864@group-A0AE3036F34A: changes role from  FOLLOWER to CANDIDATE at term 0 for changeToCandidate
2019-10-02 20:44:30,805 [Thread-1431] INFO  impl.RaftServerImpl (RaftServerImpl.java:setRole(170)) - df5571b8-72e0-4512-9986-2980712bea17@group-CFF1E0DB3AD5: changes role from  FOLLOWER to CANDIDATE at term 0 for changeToCandidate
2019-10-02 20:44:30,805 [Thread-1431] INFO  impl.RoleInfo (RoleInfo.java:updateAndGet(143)) - df5571b8-72e0-4512-9986-2980712bea17: start LeaderElection
2019-10-02 20:44:30,806 [Thread-1428] INFO  impl.RoleInfo (RoleInfo.java:updateAndGet(143)) - 7ce65cc5-04b0-4a34-8c63-19f39baaf864: start LeaderElection
2019-10-02 20:44:30,835 [df5571b8-72e0-4512-9986-2980712bea17@group-CFF1E0DB3AD5-LeaderElection38] INFO  impl.LeaderElection (LeaderElection.java:askForVotes(178)) - df5571b8-72e0-4512-9986-2980712bea17@group-CFF1E0DB3AD5-LeaderElection38: begin an election at term 1 for -1: [df5571b8-72e0-4512-9986-2980712bea17:192.168.164.206:42107], old=null
2019-10-02 20:44:30,835 [7ce65cc5-04b0-4a34-8c63-19f39baaf864@group-A0AE3036F34A-LeaderElection39] INFO  impl.LeaderElection (LeaderElection.java:askForVotes(178)) - 7ce65cc5-04b0-4a34-8c63-19f39baaf864@group-A0AE3036F34A-LeaderElection39: begin an election at term 1 for -1: [7ce65cc5-04b0-4a34-8c63-19f39baaf864:192.168.164.206:46275], old=null
2019-10-02 20:44:30,835 [df5571b8-72e0-4512-9986-2980712bea17@group-CFF1E0DB3AD5-LeaderElection38] INFO  impl.RoleInfo (RoleInfo.java:shutdownLeaderElection(134)) - df5571b8-72e0-4512-9986-2980712bea17: shutdown LeaderElection
2019-10-02 20:44:30,835 [7ce65cc5-04b0-4a34-8c63-19f39baaf864@group-A0AE3036F34A-LeaderElection39] INFO  impl.RoleInfo (RoleInfo.java:shutdownLeaderElection(134)) - 7ce65cc5-04b0-4a34-8c63-19f39baaf864: shutdown LeaderElection
2019-10-02 20:44:30,836 [df5571b8-72e0-4512-9986-2980712bea17@group-CFF1E0DB3AD5-LeaderElection38] INFO  impl.RaftServerImpl (RaftServerImpl.java:setRole(170)) - df5571b8-72e0-4512-9986-2980712bea17@group-CFF1E0DB3AD5: changes role from CANDIDATE to LEADER at term 1 for changeToLeader
2019-10-02 20:44:30,836 [7ce65cc5-04b0-4a34-8c63-19f39baaf864@group-A0AE3036F34A-LeaderElection39] INFO  impl.RaftServerImpl (RaftServerImpl.java:setRole(170)) - 7ce65cc5-04b0-4a34-8c63-19f39baaf864@group-A0AE3036F34A: changes role from CANDIDATE to LEADER at term 1 for changeToLeader
2019-10-02 20:44:30,836 [df5571b8-72e0-4512-9986-2980712bea17@group-CFF1E0DB3AD5-LeaderElection38] INFO  impl.RaftServerImpl (ServerState.java:setLeader(255)) - df5571b8-72e0-4512-9986-2980712bea17@group-CFF1E0DB3AD5: change Leader from null to df5571b8-72e0-4512-9986-2980712bea17 at term 1 for becomeLeader, leader elected after 5075ms
2019-10-02 20:44:30,836 [7ce65cc5-04b0-4a34-8c63-19f39baaf864@group-A0AE3036F34A-LeaderElection39] INFO  impl.RaftServerImpl (ServerState.java:setLeader(255)) - 7ce65cc5-04b0-4a34-8c63-19f39baaf864@group-A0AE3036F34A: change Leader from null to 7ce65cc5-04b0-4a34-8c63-19f39baaf864 at term 1 for becomeLeader, leader elected after 5142ms
2019-10-02 20:44:30,836 [df5571b8-72e0-4512-9986-2980712bea17@group-CFF1E0DB3AD5-LeaderElection38] INFO  server.RaftServerConfigKeys (ConfUtils.java:logGet(43)) - raft.server.staging.catchup.gap = 1000 (default)
2019-10-02 20:44:30,836 [7ce65cc5-04b0-4a34-8c63-19f39baaf864@group-A0AE3036F34A-LeaderElection39] INFO  server.RaftServerConfigKeys (ConfUtils.java:logGet(43)) - raft.server.staging.catchup.gap = 1000 (default)
2019-10-02 20:44:30,837 [df5571b8-72e0-4512-9986-2980712bea17@group-CFF1E0DB3AD5-LeaderElection38] INFO  server.RaftServerConfigKeys (ConfUtils.java:logGet(43)) - raft.server.rpc.sleep.time = 25ms (default)
2019-10-02 20:44:30,837 [7ce65cc5-04b0-4a34-8c63-19f39baaf864@group-A0AE3036F34A-LeaderElection39] INFO  server.RaftServerConfigKeys (ConfUtils.java:logGet(43)) - raft.server.rpc.sleep.time = 25ms (default)
2019-10-02 20:44:30,837 [df5571b8-72e0-4512-9986-2980712bea17@group-CFF1E0DB3AD5-LeaderElection38] INFO  server.RaftServerConfigKeys (ConfUtils.java:logGet(43)) - raft.server.write.element-limit = 4096 (default)
2019-10-02 20:44:30,837 [7ce65cc5-04b0-4a34-8c63-19f39baaf864@group-A0AE3036F34A-LeaderElection39] INFO  server.RaftServerConfigKeys (ConfUtils.java:logGet(43)) - raft.server.write.element-limit = 4096 (default)
2019-10-02 20:44:30,838 [7ce65cc5-04b0-4a34-8c63-19f39baaf864@group-A0AE3036F34A-LeaderElection39] INFO  server.RaftServerConfigKeys (ConfUtils.java:logGet(43)) - raft.server.watch.timeout = 10s (default)
2019-10-02 20:44:30,838 [df5571b8-72e0-4512-9986-2980712bea17@group-CFF1E0DB3AD5-LeaderElection38] INFO  server.RaftServerConfigKeys (ConfUtils.java:logGet(43)) - raft.server.watch.timeout = 10s (default)
2019-10-02 20:44:30,838 [7ce65cc5-04b0-4a34-8c63-19f39baaf864@group-A0AE3036F34A-LeaderElection39] INFO  server.RaftServerConfigKeys (ConfUtils.java:logGet(43)) - raft.server.watch.timeout.denomination = 1s (default)
2019-10-02 20:44:30,838 [df5571b8-72e0-4512-9986-2980712bea17@group-CFF1E0DB3AD5-LeaderElection38] INFO  server.RaftServerConfigKeys (ConfUtils.java:logGet(43)) - raft.server.watch.timeout.denomination = 1s (default)
2019-10-02 20:44:30,838 [7ce65cc5-04b0-4a34-8c63-19f39baaf864@group-A0AE3036F34A-LeaderElection39] INFO  server.RaftServerConfigKeys (ConfUtils.java:logGet(43)) - raft.server.watch.element-limit = 65536 (default)
2019-10-02 20:44:30,838 [df5571b8-72e0-4512-9986-2980712bea17@group-CFF1E0DB3AD5-LeaderElection38] INFO  server.RaftServerConfigKeys (ConfUtils.java:logGet(43)) - raft.server.watch.element-limit = 65536 (default)
2019-10-02 20:44:30,843 [df5571b8-72e0-4512-9986-2980712bea17@group-CFF1E0DB3AD5-LeaderElection38] INFO  impl.RoleInfo (RoleInfo.java:updateAndGet(143)) - df5571b8-72e0-4512-9986-2980712bea17: start LeaderState
2019-10-02 20:44:30,844 [7ce65cc5-04b0-4a34-8c63-19f39baaf864@group-A0AE3036F34A-LeaderElection39] INFO  impl.RoleInfo (RoleInfo.java:updateAndGet(143)) - 7ce65cc5-04b0-4a34-8c63-19f39baaf864: start LeaderState
2019-10-02 20:44:30,844 [7ce65cc5-04b0-4a34-8c63-19f39baaf864@group-A0AE3036F34A-LeaderElection39] INFO  segmented.SegmentedRaftLogWorker (SegmentedRaftLogWorker.java:startLogSegment(385)) - 7ce65cc5-04b0-4a34-8c63-19f39baaf864@group-A0AE3036F34A-SegmentedRaftLogWorker: Starting segment from index:0
2019-10-02 20:44:30,844 [df5571b8-72e0-4512-9986-2980712bea17@group-CFF1E0DB3AD5-LeaderElection38] INFO  segmented.SegmentedRaftLogWorker (SegmentedRaftLogWorker.java:startLogSegment(385)) - df5571b8-72e0-4512-9986-2980712bea17@group-CFF1E0DB3AD5-SegmentedRaftLogWorker: Starting segment from index:0
2019-10-02 20:44:30,846 [7ce65cc5-04b0-4a34-8c63-19f39baaf864@group-A0AE3036F34A-LeaderElection39] INFO  impl.RaftServerImpl (ServerState.java:setRaftConf(356)) - 7ce65cc5-04b0-4a34-8c63-19f39baaf864@group-A0AE3036F34A: set configuration 0: [7ce65cc5-04b0-4a34-8c63-19f39baaf864:192.168.164.206:46275], old=null at 0
2019-10-02 20:44:30,846 [df5571b8-72e0-4512-9986-2980712bea17@group-CFF1E0DB3AD5-LeaderElection38] INFO  impl.RaftServerImpl (ServerState.java:setRaftConf(356)) - df5571b8-72e0-4512-9986-2980712bea17@group-CFF1E0DB3AD5: set configuration 0: [df5571b8-72e0-4512-9986-2980712bea17:192.168.164.206:42107], old=null at 0
2019-10-02 20:44:30,887 [7ce65cc5-04b0-4a34-8c63-19f39baaf864@group-A0AE3036F34A-SegmentedRaftLogWorker] INFO  segmented.SegmentedRaftLogWorker (SegmentedRaftLogWorker.java:execute(574)) - 7ce65cc5-04b0-4a34-8c63-19f39baaf864@group-A0AE3036F34A-SegmentedRaftLogWorker: created new log segment /workdir/hadoop-ozone/integration-test/target/test-dir/MiniOzoneClusterImpl-323daffa-1557-4126-988f-69c5ea63cf7f/datanode-0/data/ratis/c112e802-c56e-49f1-aeaf-a0ae3036f34a/current/log_inprogress_0
2019-10-02 20:44:30,887 [df5571b8-72e0-4512-9986-2980712bea17@group-CFF1E0DB3AD5-SegmentedRaftLogWorker] INFO  segmented.SegmentedRaftLogWorker (SegmentedRaftLogWorker.java:execute(574)) - df5571b8-72e0-4512-9986-2980712bea17@group-CFF1E0DB3AD5-SegmentedRaftLogWorker: created new log segment /workdir/hadoop-ozone/integration-test/target/test-dir/MiniOzoneClusterImpl-323daffa-1557-4126-988f-69c5ea63cf7f/datanode-1/data/ratis/5081f135-5cd6-420d-8ea8-cff1e0db3ad5/current/log_inprogress_0
2019-10-02 20:44:30,895 [Thread-1434] INFO  impl.FollowerState (FollowerState.java:run(108)) - 243067d9-1796-4aab-8b65-6e98712d942b@group-C8DA1D58F2DB-FollowerState: change to CANDIDATE, lastRpcTime:5066ms, electionTimeout:5066ms
2019-10-02 20:44:30,895 [Thread-1434] INFO  impl.RoleInfo (RoleInfo.java:shutdownFollowerState(121)) - 243067d9-1796-4aab-8b65-6e98712d942b: shutdown FollowerState
2019-10-02 20:44:30,895 [Thread-1434] INFO  impl.RaftServerImpl (RaftServerImpl.java:setRole(170)) - 243067d9-1796-4aab-8b65-6e98712d942b@group-C8DA1D58F2DB: changes role from  FOLLOWER to CANDIDATE at term 0 for changeToCandidate
2019-10-02 20:44:30,895 [Thread-1434] INFO  impl.RoleInfo (RoleInfo.java:updateAndGet(143)) - 243067d9-1796-4aab-8b65-6e98712d942b: start LeaderElection
2019-10-02 20:44:30,902 [243067d9-1796-4aab-8b65-6e98712d942b@group-C8DA1D58F2DB-LeaderElection40] INFO  impl.LeaderElection (LeaderElection.java:askForVotes(178)) - 243067d9-1796-4aab-8b65-6e98712d942b@group-C8DA1D58F2DB-LeaderElection40: begin an election at term 1 for -1: [243067d9-1796-4aab-8b65-6e98712d942b:192.168.164.206:35202], old=null
2019-10-02 20:44:30,902 [243067d9-1796-4aab-8b65-6e98712d942b@group-C8DA1D58F2DB-LeaderElection40] INFO  impl.RoleInfo (RoleInfo.java:shutdownLeaderElection(134)) - 243067d9-1796-4aab-8b65-6e98712d942b: shutdown LeaderElection
2019-10-02 20:44:30,902 [243067d9-1796-4aab-8b65-6e98712d942b@group-C8DA1D58F2DB-LeaderElection40] INFO  impl.RaftServerImpl (RaftServerImpl.java:setRole(170)) - 243067d9-1796-4aab-8b65-6e98712d942b@group-C8DA1D58F2DB: changes role from CANDIDATE to LEADER at term 1 for changeToLeader
2019-10-02 20:44:30,902 [243067d9-1796-4aab-8b65-6e98712d942b@group-C8DA1D58F2DB-LeaderElection40] INFO  impl.RaftServerImpl (ServerState.java:setLeader(255)) - 243067d9-1796-4aab-8b65-6e98712d942b@group-C8DA1D58F2DB: change Leader from null to 243067d9-1796-4aab-8b65-6e98712d942b at term 1 for becomeLeader, leader elected after 5081ms
2019-10-02 20:44:30,902 [243067d9-1796-4aab-8b65-6e98712d942b@group-C8DA1D58F2DB-LeaderElection40] INFO  server.RaftServerConfigKeys (ConfUtils.java:logGet(43)) - raft.server.staging.catchup.gap = 1000 (default)
2019-10-02 20:44:30,903 [243067d9-1796-4aab-8b65-6e98712d942b@group-C8DA1D58F2DB-LeaderElection40] INFO  server.RaftServerConfigKeys (ConfUtils.java:logGet(43)) - raft.server.rpc.sleep.time = 25ms (default)
2019-10-02 20:44:30,903 [243067d9-1796-4aab-8b65-6e98712d942b@group-C8DA1D58F2DB-LeaderElection40] INFO  server.RaftServerConfigKeys (ConfUtils.java:logGet(43)) - raft.server.write.element-limit = 4096 (default)
2019-10-02 20:44:30,903 [243067d9-1796-4aab-8b65-6e98712d942b@group-C8DA1D58F2DB-LeaderElection40] INFO  server.RaftServerConfigKeys (ConfUtils.java:logGet(43)) - raft.server.watch.timeout = 10s (default)
2019-10-02 20:44:30,903 [243067d9-1796-4aab-8b65-6e98712d942b@group-C8DA1D58F2DB-LeaderElection40] INFO  server.RaftServerConfigKeys (ConfUtils.java:logGet(43)) - raft.server.watch.timeout.denomination = 1s (default)
2019-10-02 20:44:30,903 [243067d9-1796-4aab-8b65-6e98712d942b@group-C8DA1D58F2DB-LeaderElection40] INFO  server.RaftServerConfigKeys (ConfUtils.java:logGet(43)) - raft.server.watch.element-limit = 65536 (default)
2019-10-02 20:44:30,904 [243067d9-1796-4aab-8b65-6e98712d942b@group-C8DA1D58F2DB-LeaderElection40] INFO  impl.RoleInfo (RoleInfo.java:updateAndGet(143)) - 243067d9-1796-4aab-8b65-6e98712d942b: start LeaderState
2019-10-02 20:44:30,904 [243067d9-1796-4aab-8b65-6e98712d942b@group-C8DA1D58F2DB-LeaderElection40] INFO  segmented.SegmentedRaftLogWorker (SegmentedRaftLogWorker.java:startLogSegment(385)) - 243067d9-1796-4aab-8b65-6e98712d942b@group-C8DA1D58F2DB-SegmentedRaftLogWorker: Starting segment from index:0
2019-10-02 20:44:30,905 [243067d9-1796-4aab-8b65-6e98712d942b@group-C8DA1D58F2DB-LeaderElection40] INFO  impl.RaftServerImpl (ServerState.java:setRaftConf(356)) - 243067d9-1796-4aab-8b65-6e98712d942b@group-C8DA1D58F2DB: set configuration 0: [243067d9-1796-4aab-8b65-6e98712d942b:192.168.164.206:35202], old=null at 0
2019-10-02 20:44:30,944 [243067d9-1796-4aab-8b65-6e98712d942b@group-C8DA1D58F2DB-SegmentedRaftLogWorker] INFO  segmented.SegmentedRaftLogWorker (SegmentedRaftLogWorker.java:execute(574)) - 243067d9-1796-4aab-8b65-6e98712d942b@group-C8DA1D58F2DB-SegmentedRaftLogWorker: created new log segment /workdir/hadoop-ozone/integration-test/target/test-dir/MiniOzoneClusterImpl-323daffa-1557-4126-988f-69c5ea63cf7f/datanode-2/data/ratis/e8f4d9d8-ab88-4cc2-8c2b-c8da1d58f2db/current/log_inprogress_0
2019-10-02 20:44:30,962 [Thread-1441] INFO  impl.FollowerState (FollowerState.java:run(108)) - 243067d9-1796-4aab-8b65-6e98712d942b@group-CF7CB16F510F-FollowerState: change to CANDIDATE, lastRpcTime:5071ms, electionTimeout:5071ms
2019-10-02 20:44:30,962 [Thread-1441] INFO  impl.RoleInfo (RoleInfo.java:shutdownFollowerState(121)) - 243067d9-1796-4aab-8b65-6e98712d942b: shutdown FollowerState
2019-10-02 20:44:30,962 [Thread-1441] INFO  impl.RaftServerImpl (RaftServerImpl.java:setRole(170)) - 243067d9-1796-4aab-8b65-6e98712d942b@group-CF7CB16F510F: changes role from  FOLLOWER to CANDIDATE at term 0 for changeToCandidate
2019-10-02 20:44:30,962 [Thread-1441] INFO  impl.RoleInfo (RoleInfo.java:updateAndGet(143)) - 243067d9-1796-4aab-8b65-6e98712d942b: start LeaderElection
2019-10-02 20:44:30,981 [243067d9-1796-4aab-8b65-6e98712d942b@group-CF7CB16F510F-LeaderElection41] INFO  impl.LeaderElection (LeaderElection.java:askForVotes(178)) - 243067d9-1796-4aab-8b65-6e98712d942b@group-CF7CB16F510F-LeaderElection41: begin an election at term 1 for -1: [df5571b8-72e0-4512-9986-2980712bea17:192.168.164.206:42107, 7ce65cc5-04b0-4a34-8c63-19f39baaf864:192.168.164.206:46275, 243067d9-1796-4aab-8b65-6e98712d942b:192.168.164.206:35202], old=null
2019-10-02 20:44:30,989 [grpc-default-executor-1] INFO  impl.RaftServerImpl (RaftServerImpl.java:setRole(170)) - 7ce65cc5-04b0-4a34-8c63-19f39baaf864@group-CF7CB16F510F: changes role from  FOLLOWER to FOLLOWER at term 1 for recognizeCandidate:243067d9-1796-4aab-8b65-6e98712d942b
2019-10-02 20:44:30,989 [grpc-default-executor-4] INFO  impl.RaftServerImpl (RaftServerImpl.java:setRole(170)) - df5571b8-72e0-4512-9986-2980712bea17@group-CF7CB16F510F: changes role from  FOLLOWER to FOLLOWER at term 1 for recognizeCandidate:243067d9-1796-4aab-8b65-6e98712d942b
2019-10-02 20:44:30,989 [grpc-default-executor-1] INFO  impl.RoleInfo (RoleInfo.java:shutdownFollowerState(121)) - 7ce65cc5-04b0-4a34-8c63-19f39baaf864: shutdown FollowerState
2019-10-02 20:44:30,989 [grpc-default-executor-4] INFO  impl.RoleInfo (RoleInfo.java:shutdownFollowerState(121)) - df5571b8-72e0-4512-9986-2980712bea17: shutdown FollowerState
2019-10-02 20:44:30,990 [grpc-default-executor-1] INFO  impl.RoleInfo (RoleInfo.java:updateAndGet(143)) - 7ce65cc5-04b0-4a34-8c63-19f39baaf864: start FollowerState
2019-10-02 20:44:30,990 [Thread-1437] INFO  impl.FollowerState (FollowerState.java:run(117)) - df5571b8-72e0-4512-9986-2980712bea17@group-CF7CB16F510F-FollowerState was interrupted: java.lang.InterruptedException: sleep interrupted
2019-10-02 20:44:30,990 [grpc-default-executor-4] INFO  impl.RoleInfo (RoleInfo.java:updateAndGet(143)) - df5571b8-72e0-4512-9986-2980712bea17: start FollowerState
2019-10-02 20:44:30,990 [Thread-1442] INFO  impl.FollowerState (FollowerState.java:run(117)) - 7ce65cc5-04b0-4a34-8c63-19f39baaf864@group-CF7CB16F510F-FollowerState was interrupted: java.lang.InterruptedException: sleep interrupted
2019-10-02 20:44:31,015 [Thread-1446] INFO  impl.FollowerState (FollowerState.java:run(108)) - 305054ce-a37f-49ee-9999-6b4f7adbd3c4@group-4749C7043100-FollowerState: change to CANDIDATE, lastRpcTime:5024ms, electionTimeout:5023ms
2019-10-02 20:44:31,016 [Thread-1446] INFO  impl.RoleInfo (RoleInfo.java:shutdownFollowerState(121)) - 305054ce-a37f-49ee-9999-6b4f7adbd3c4: shutdown FollowerState
2019-10-02 20:44:31,016 [Thread-1446] INFO  impl.RaftServerImpl (RaftServerImpl.java:setRole(170)) - 305054ce-a37f-49ee-9999-6b4f7adbd3c4@group-4749C7043100: changes role from  FOLLOWER to CANDIDATE at term 0 for changeToCandidate
2019-10-02 20:44:31,016 [Thread-1446] INFO  impl.RoleInfo (RoleInfo.java:updateAndGet(143)) - 305054ce-a37f-49ee-9999-6b4f7adbd3c4: start LeaderElection
2019-10-02 20:44:31,016 [243067d9-1796-4aab-8b65-6e98712d942b@group-CF7CB16F510F-LeaderElection41] INFO  impl.LeaderElection (LeaderElection.java:logAndReturn(56)) - 243067d9-1796-4aab-8b65-6e98712d942b@group-CF7CB16F510F-LeaderElection41: Election PASSED; received 1 response(s) [243067d9-1796-4aab-8b65-6e98712d942b<-df5571b8-72e0-4512-9986-2980712bea17#0:OK-t1] and 0 exception(s); 243067d9-1796-4aab-8b65-6e98712d942b@group-CF7CB16F510F:t1, leader=null, voted=243067d9-1796-4aab-8b65-6e98712d942b, raftlog=243067d9-1796-4aab-8b65-6e98712d942b@group-CF7CB16F510F-SegmentedRaftLog:OPENED:c-1,f-1,i0, conf=-1: [df5571b8-72e0-4512-9986-2980712bea17:192.168.164.206:42107, 7ce65cc5-04b0-4a34-8c63-19f39baaf864:192.168.164.206:46275, 243067d9-1796-4aab-8b65-6e98712d942b:192.168.164.206:35202], old=null
2019-10-02 20:44:31,016 [243067d9-1796-4aab-8b65-6e98712d942b@group-CF7CB16F510F-LeaderElection41] INFO  impl.RoleInfo (RoleInfo.java:shutdownLeaderElection(134)) - 243067d9-1796-4aab-8b65-6e98712d942b: shutdown LeaderElection
2019-10-02 20:44:31,018 [243067d9-1796-4aab-8b65-6e98712d942b@group-CF7CB16F510F-LeaderElection41] INFO  impl.RaftServerImpl (RaftServerImpl.java:setRole(170)) - 243067d9-1796-4aab-8b65-6e98712d942b@group-CF7CB16F510F: changes role from CANDIDATE to LEADER at term 1 for changeToLeader
2019-10-02 20:44:31,021 [243067d9-1796-4aab-8b65-6e98712d942b@group-CF7CB16F510F-LeaderElection41] INFO  impl.RaftServerImpl (ServerState.java:setLeader(255)) - 243067d9-1796-4aab-8b65-6e98712d942b@group-CF7CB16F510F: change Leader from null to 243067d9-1796-4aab-8b65-6e98712d942b at term 1 for becomeLeader, leader elected after 5144ms
2019-10-02 20:44:31,021 [243067d9-1796-4aab-8b65-6e98712d942b@group-CF7CB16F510F-LeaderElection41] INFO  server.RaftServerConfigKeys (ConfUtils.java:logGet(43)) - raft.server.staging.catchup.gap = 1000 (default)
2019-10-02 20:44:31,021 [243067d9-1796-4aab-8b65-6e98712d942b@group-CF7CB16F510F-LeaderElection41] INFO  server.RaftServerConfigKeys (ConfUtils.java:logGet(43)) - raft.server.rpc.sleep.time = 25ms (default)
2019-10-02 20:44:31,021 [243067d9-1796-4aab-8b65-6e98712d942b@group-CF7CB16F510F-LeaderElection41] INFO  server.RaftServerConfigKeys (ConfUtils.java:logGet(43)) - raft.server.write.element-limit = 4096 (default)
2019-10-02 20:44:31,021 [243067d9-1796-4aab-8b65-6e98712d942b@group-CF7CB16F510F-LeaderElection41] INFO  server.RaftServerConfigKeys (ConfUtils.java:logGet(43)) - raft.server.watch.timeout = 10s (default)
2019-10-02 20:44:31,022 [243067d9-1796-4aab-8b65-6e98712d942b@group-CF7CB16F510F-LeaderElection41] INFO  server.RaftServerConfigKeys (ConfUtils.java:logGet(43)) - raft.server.watch.timeout.denomination = 1s (default)
2019-10-02 20:44:31,022 [243067d9-1796-4aab-8b65-6e98712d942b@group-CF7CB16F510F-LeaderElection41] INFO  server.RaftServerConfigKeys (ConfUtils.java:logGet(43)) - raft.server.watch.element-limit = 65536 (default)
2019-10-02 20:44:31,023 [243067d9-1796-4aab-8b65-6e98712d942b@group-CF7CB16F510F-LeaderElection41] INFO  server.RaftServerConfigKeys (ConfUtils.java:logGet(43)) - raft.server.log.appender.snapshot.chunk.size.max = 16MB (=16777216) (default)
2019-10-02 20:44:31,024 [243067d9-1796-4aab-8b65-6e98712d942b@group-CF7CB16F510F-LeaderElection41] INFO  server.RaftServerConfigKeys (ConfUtils.java:logGet(43)) - raft.server.log.appender.buffer.byte-limit = 33554432 (custom)
2019-10-02 20:44:31,024 [243067d9-1796-4aab-8b65-6e98712d942b@group-CF7CB16F510F-LeaderElection41] INFO  server.RaftServerConfigKeys (ConfUtils.java:logGet(43)) - raft.server.log.appender.buffer.element-limit = 1 (custom)
2019-10-02 20:44:31,024 [243067d9-1796-4aab-8b65-6e98712d942b@group-CF7CB16F510F-LeaderElection41] INFO  grpc.GrpcConfigKeys$Server (ConfUtils.java:logGet(43)) - raft.grpc.server.leader.outstanding.appends.max = 128 (default)
2019-10-02 20:44:31,024 [243067d9-1796-4aab-8b65-6e98712d942b@group-CF7CB16F510F-LeaderElection41] INFO  server.RaftServerConfigKeys (ConfUtils.java:logGet(43)) - raft.server.rpc.request.timeout = 3000ms (default)
2019-10-02 20:44:31,025 [243067d9-1796-4aab-8b65-6e98712d942b@group-CF7CB16F510F-LeaderElection41] INFO  server.RaftServerConfigKeys (ConfUtils.java:logGet(43)) - raft.server.log.appender.install.snapshot.enabled = false (custom)
2019-10-02 20:44:31,025 [243067d9-1796-4aab-8b65-6e98712d942b@group-CF7CB16F510F-LeaderElection41] INFO  server.RaftServerConfigKeys (ConfUtils.java:logGet(43)) - raft.server.log.appender.snapshot.chunk.size.max = 16MB (=16777216) (default)
2019-10-02 20:44:31,025 [243067d9-1796-4aab-8b65-6e98712d942b@group-CF7CB16F510F-LeaderElection41] INFO  server.RaftServerConfigKeys (ConfUtils.java:logGet(43)) - raft.server.log.appender.buffer.byte-limit = 33554432 (custom)
2019-10-02 20:44:31,025 [243067d9-1796-4aab-8b65-6e98712d942b@group-CF7CB16F510F-LeaderElection41] INFO  server.RaftServerConfigKeys (ConfUtils.java:logGet(43)) - raft.server.log.appender.buffer.element-limit = 1 (custom)
2019-10-02 20:44:31,025 [243067d9-1796-4aab-8b65-6e98712d942b@group-CF7CB16F510F-LeaderElection41] INFO  grpc.GrpcConfigKeys$Server (ConfUtils.java:logGet(43)) - raft.grpc.server.leader.outstanding.appends.max = 128 (default)
2019-10-02 20:44:31,025 [243067d9-1796-4aab-8b65-6e98712d942b@group-CF7CB16F510F-LeaderElection41] INFO  server.RaftServerConfigKeys (ConfUtils.java:logGet(43)) - raft.server.rpc.request.timeout = 3000ms (default)
2019-10-02 20:44:31,025 [243067d9-1796-4aab-8b65-6e98712d942b@group-CF7CB16F510F-LeaderElection41] INFO  server.RaftServerConfigKeys (ConfUtils.java:logGet(43)) - raft.server.log.appender.install.snapshot.enabled = false (custom)
2019-10-02 20:44:31,026 [243067d9-1796-4aab-8b65-6e98712d942b@group-CF7CB16F510F-LeaderElection41] INFO  impl.RoleInfo (RoleInfo.java:updateAndGet(143)) - 243067d9-1796-4aab-8b65-6e98712d942b: start LeaderState
2019-10-02 20:44:31,026 [243067d9-1796-4aab-8b65-6e98712d942b@group-CF7CB16F510F-LeaderElection41] INFO  segmented.SegmentedRaftLogWorker (SegmentedRaftLogWorker.java:startLogSegment(385)) - 243067d9-1796-4aab-8b65-6e98712d942b@group-CF7CB16F510F-SegmentedRaftLogWorker: Starting segment from index:0
2019-10-02 20:44:31,026 [243067d9-1796-4aab-8b65-6e98712d942b@group-CF7CB16F510F-LeaderElection41] INFO  impl.RaftServerImpl (ServerState.java:setRaftConf(356)) - 243067d9-1796-4aab-8b65-6e98712d942b@group-CF7CB16F510F: set configuration 0: [df5571b8-72e0-4512-9986-2980712bea17:192.168.164.206:42107, 7ce65cc5-04b0-4a34-8c63-19f39baaf864:192.168.164.206:46275, 243067d9-1796-4aab-8b65-6e98712d942b:192.168.164.206:35202], old=null at 0
2019-10-02 20:44:31,049 [305054ce-a37f-49ee-9999-6b4f7adbd3c4@group-4749C7043100-LeaderElection42] INFO  impl.LeaderElection (LeaderElection.java:askForVotes(178)) - 305054ce-a37f-49ee-9999-6b4f7adbd3c4@group-4749C7043100-LeaderElection42: begin an election at term 1 for -1: [305054ce-a37f-49ee-9999-6b4f7adbd3c4:192.168.164.206:37366], old=null
2019-10-02 20:44:31,051 [305054ce-a37f-49ee-9999-6b4f7adbd3c4@group-4749C7043100-LeaderElection42] INFO  impl.RoleInfo (RoleInfo.java:shutdownLeaderElection(134)) - 305054ce-a37f-49ee-9999-6b4f7adbd3c4: shutdown LeaderElection
2019-10-02 20:44:31,051 [305054ce-a37f-49ee-9999-6b4f7adbd3c4@group-4749C7043100-LeaderElection42] INFO  impl.RaftServerImpl (RaftServerImpl.java:setRole(170)) - 305054ce-a37f-49ee-9999-6b4f7adbd3c4@group-4749C7043100: changes role from CANDIDATE to LEADER at term 1 for changeToLeader
2019-10-02 20:44:31,051 [305054ce-a37f-49ee-9999-6b4f7adbd3c4@group-4749C7043100-LeaderElection42] INFO  impl.RaftServerImpl (ServerState.java:setLeader(255)) - 305054ce-a37f-49ee-9999-6b4f7adbd3c4@group-4749C7043100: change Leader from null to 305054ce-a37f-49ee-9999-6b4f7adbd3c4 at term 1 for becomeLeader, leader elected after 5070ms
2019-10-02 20:44:31,052 [305054ce-a37f-49ee-9999-6b4f7adbd3c4@group-4749C7043100-LeaderElection42] INFO  server.RaftServerConfigKeys (ConfUtils.java:logGet(43)) - raft.server.staging.catchup.gap = 1000 (default)
2019-10-02 20:44:31,052 [305054ce-a37f-49ee-9999-6b4f7adbd3c4@group-4749C7043100-LeaderElection42] INFO  server.RaftServerConfigKeys (ConfUtils.java:logGet(43)) - raft.server.rpc.sleep.time = 25ms (default)
2019-10-02 20:44:31,052 [305054ce-a37f-49ee-9999-6b4f7adbd3c4@group-4749C7043100-LeaderElection42] INFO  server.RaftServerConfigKeys (ConfUtils.java:logGet(43)) - raft.server.write.element-limit = 4096 (default)
2019-10-02 20:44:31,052 [305054ce-a37f-49ee-9999-6b4f7adbd3c4@group-4749C7043100-LeaderElection42] INFO  server.RaftServerConfigKeys (ConfUtils.java:logGet(43)) - raft.server.watch.timeout = 10s (default)
2019-10-02 20:44:31,054 [grpc-default-executor-4] INFO  impl.RaftServerImpl (ServerState.java:setLeader(255)) - 7ce65cc5-04b0-4a34-8c63-19f39baaf864@group-CF7CB16F510F: change Leader from null to 243067d9-1796-4aab-8b65-6e98712d942b at term 1 for appendEntries, leader elected after 5177ms
2019-10-02 20:44:31,056 [grpc-default-executor-1] INFO  impl.RaftServerImpl (ServerState.java:setLeader(255)) - df5571b8-72e0-4512-9986-2980712bea17@group-CF7CB16F510F: change Leader from null to 243067d9-1796-4aab-8b65-6e98712d942b at term 1 for appendEntries, leader elected after 5180ms
2019-10-02 20:44:31,054 [305054ce-a37f-49ee-9999-6b4f7adbd3c4@group-4749C7043100-LeaderElection42] INFO  server.RaftServerConfigKeys (ConfUtils.java:logGet(43)) - raft.server.watch.timeout.denomination = 1s (default)
2019-10-02 20:44:31,057 [305054ce-a37f-49ee-9999-6b4f7adbd3c4@group-4749C7043100-LeaderElection42] INFO  server.RaftServerConfigKeys (ConfUtils.java:logGet(43)) - raft.server.watch.element-limit = 65536 (default)
2019-10-02 20:44:31,058 [grpc-default-executor-1] INFO  impl.RaftServerImpl (ServerState.java:setRaftConf(356)) - 7ce65cc5-04b0-4a34-8c63-19f39baaf864@group-CF7CB16F510F: set configuration 0: [df5571b8-72e0-4512-9986-2980712bea17:192.168.164.206:42107, 7ce65cc5-04b0-4a34-8c63-19f39baaf864:192.168.164.206:46275, 243067d9-1796-4aab-8b65-6e98712d942b:192.168.164.206:35202], old=null at 0
2019-10-02 20:44:31,058 [grpc-default-executor-4] INFO  impl.RaftServerImpl (ServerState.java:setRaftConf(356)) - df5571b8-72e0-4512-9986-2980712bea17@group-CF7CB16F510F: set configuration 0: [df5571b8-72e0-4512-9986-2980712bea17:192.168.164.206:42107, 7ce65cc5-04b0-4a34-8c63-19f39baaf864:192.168.164.206:46275, 243067d9-1796-4aab-8b65-6e98712d942b:192.168.164.206:35202], old=null at 0
2019-10-02 20:44:31,059 [grpc-default-executor-1] INFO  segmented.SegmentedRaftLogWorker (SegmentedRaftLogWorker.java:startLogSegment(385)) - 7ce65cc5-04b0-4a34-8c63-19f39baaf864@group-CF7CB16F510F-SegmentedRaftLogWorker: Starting segment from index:0
2019-10-02 20:44:31,059 [grpc-default-executor-4] INFO  segmented.SegmentedRaftLogWorker (SegmentedRaftLogWorker.java:startLogSegment(385)) - df5571b8-72e0-4512-9986-2980712bea17@group-CF7CB16F510F-SegmentedRaftLogWorker: Starting segment from index:0
2019-10-02 20:44:31,059 [305054ce-a37f-49ee-9999-6b4f7adbd3c4@group-4749C7043100-LeaderElection42] INFO  impl.RoleInfo (RoleInfo.java:updateAndGet(143)) - 305054ce-a37f-49ee-9999-6b4f7adbd3c4: start LeaderState
2019-10-02 20:44:31,060 [305054ce-a37f-49ee-9999-6b4f7adbd3c4@group-4749C7043100-LeaderElection42] INFO  segmented.SegmentedRaftLogWorker (SegmentedRaftLogWorker.java:startLogSegment(385)) - 305054ce-a37f-49ee-9999-6b4f7adbd3c4@group-4749C7043100-SegmentedRaftLogWorker: Starting segment from index:0
2019-10-02 20:44:31,060 [305054ce-a37f-49ee-9999-6b4f7adbd3c4@group-4749C7043100-LeaderElection42] INFO  impl.RaftServerImpl (ServerState.java:setRaftConf(356)) - 305054ce-a37f-49ee-9999-6b4f7adbd3c4@group-4749C7043100: set configuration 0: [305054ce-a37f-49ee-9999-6b4f7adbd3c4:192.168.164.206:37366], old=null at 0
2019-10-02 20:44:31,062 [243067d9-1796-4aab-8b65-6e98712d942b@group-CF7CB16F510F-SegmentedRaftLogWorker] INFO  segmented.SegmentedRaftLogWorker (SegmentedRaftLogWorker.java:execute(574)) - 243067d9-1796-4aab-8b65-6e98712d942b@group-CF7CB16F510F-SegmentedRaftLogWorker: created new log segment /workdir/hadoop-ozone/integration-test/target/test-dir/MiniOzoneClusterImpl-323daffa-1557-4126-988f-69c5ea63cf7f/datanode-2/data/ratis/5ce86b99-2c96-4540-bc36-cf7cb16f510f/current/log_inprogress_0
2019-10-02 20:44:31,099 [df5571b8-72e0-4512-9986-2980712bea17@group-CF7CB16F510F-SegmentedRaftLogWorker] INFO  segmented.SegmentedRaftLogWorker (SegmentedRaftLogWorker.java:execute(574)) - df5571b8-72e0-4512-9986-2980712bea17@group-CF7CB16F510F-SegmentedRaftLogWorker: created new log segment /workdir/hadoop-ozone/integration-test/target/test-dir/MiniOzoneClusterImpl-323daffa-1557-4126-988f-69c5ea63cf7f/datanode-1/data/ratis/5ce86b99-2c96-4540-bc36-cf7cb16f510f/current/log_inprogress_0
2019-10-02 20:44:31,099 [305054ce-a37f-49ee-9999-6b4f7adbd3c4@group-4749C7043100-SegmentedRaftLogWorker] INFO  segmented.SegmentedRaftLogWorker (SegmentedRaftLogWorker.java:execute(574)) - 305054ce-a37f-49ee-9999-6b4f7adbd3c4@group-4749C7043100-SegmentedRaftLogWorker: created new log segment /workdir/hadoop-ozone/integration-test/target/test-dir/MiniOzoneClusterImpl-323daffa-1557-4126-988f-69c5ea63cf7f/datanode-3/data/ratis/57207da7-2c57-471b-b092-4749c7043100/current/log_inprogress_0
2019-10-02 20:44:31,099 [7ce65cc5-04b0-4a34-8c63-19f39baaf864@group-CF7CB16F510F-SegmentedRaftLogWorker] INFO  segmented.SegmentedRaftLogWorker (SegmentedRaftLogWorker.java:execute(574)) - 7ce65cc5-04b0-4a34-8c63-19f39baaf864@group-CF7CB16F510F-SegmentedRaftLogWorker: created new log segment /workdir/hadoop-ozone/integration-test/target/test-dir/MiniOzoneClusterImpl-323daffa-1557-4126-988f-69c5ea63cf7f/datanode-0/data/ratis/5ce86b99-2c96-4540-bc36-cf7cb16f510f/current/log_inprogress_0
2019-10-02 20:44:31,202 [Thread-1452] INFO  impl.FollowerState (FollowerState.java:run(108)) - 6fceca67-6645-4960-8b5d-1a38fa2b4e89@group-B47969477C5D-FollowerState: change to CANDIDATE, lastRpcTime:5096ms, electionTimeout:5096ms
2019-10-02 20:44:31,202 [Thread-1452] INFO  impl.RoleInfo (RoleInfo.java:shutdownFollowerState(121)) - 6fceca67-6645-4960-8b5d-1a38fa2b4e89: shutdown FollowerState
2019-10-02 20:44:31,203 [Thread-1452] INFO  impl.RaftServerImpl (RaftServerImpl.java:setRole(170)) - 6fceca67-6645-4960-8b5d-1a38fa2b4e89@group-B47969477C5D: changes role from  FOLLOWER to CANDIDATE at term 0 for changeToCandidate
2019-10-02 20:44:31,203 [Thread-1452] INFO  impl.RoleInfo (RoleInfo.java:updateAndGet(143)) - 6fceca67-6645-4960-8b5d-1a38fa2b4e89: start LeaderElection
2019-10-02 20:44:31,222 [6fceca67-6645-4960-8b5d-1a38fa2b4e89@group-B47969477C5D-LeaderElection43] INFO  impl.LeaderElection (LeaderElection.java:askForVotes(178)) - 6fceca67-6645-4960-8b5d-1a38fa2b4e89@group-B47969477C5D-LeaderElection43: begin an election at term 1 for -1: [6fceca67-6645-4960-8b5d-1a38fa2b4e89:192.168.164.206:43167], old=null
2019-10-02 20:44:31,222 [6fceca67-6645-4960-8b5d-1a38fa2b4e89@group-B47969477C5D-LeaderElection43] INFO  impl.RoleInfo (RoleInfo.java:shutdownLeaderElection(134)) - 6fceca67-6645-4960-8b5d-1a38fa2b4e89: shutdown LeaderElection
2019-10-02 20:44:31,222 [6fceca67-6645-4960-8b5d-1a38fa2b4e89@group-B47969477C5D-LeaderElection43] INFO  impl.RaftServerImpl (RaftServerImpl.java:setRole(170)) - 6fceca67-6645-4960-8b5d-1a38fa2b4e89@group-B47969477C5D: changes role from CANDIDATE to LEADER at term 1 for changeToLeader
2019-10-02 20:44:31,222 [6fceca67-6645-4960-8b5d-1a38fa2b4e89@group-B47969477C5D-LeaderElection43] INFO  impl.RaftServerImpl (ServerState.java:setLeader(255)) - 6fceca67-6645-4960-8b5d-1a38fa2b4e89@group-B47969477C5D: change Leader from null to 6fceca67-6645-4960-8b5d-1a38fa2b4e89 at term 1 for becomeLeader, leader elected after 5125ms
2019-10-02 20:44:31,222 [6fceca67-6645-4960-8b5d-1a38fa2b4e89@group-B47969477C5D-LeaderElection43] INFO  server.RaftServerConfigKeys (ConfUtils.java:logGet(43)) - raft.server.staging.catchup.gap = 1000 (default)
2019-10-02 20:44:31,222 [6fceca67-6645-4960-8b5d-1a38fa2b4e89@group-B47969477C5D-LeaderElection43] INFO  server.RaftServerConfigKeys (ConfUtils.java:logGet(43)) - raft.server.rpc.sleep.time = 25ms (default)
2019-10-02 20:44:31,222 [6fceca67-6645-4960-8b5d-1a38fa2b4e89@group-B47969477C5D-LeaderElection43] INFO  server.RaftServerConfigKeys (ConfUtils.java:logGet(43)) - raft.server.write.element-limit = 4096 (default)
2019-10-02 20:44:31,223 [6fceca67-6645-4960-8b5d-1a38fa2b4e89@group-B47969477C5D-LeaderElection43] INFO  server.RaftServerConfigKeys (ConfUtils.java:logGet(43)) - raft.server.watch.timeout = 10s (default)
2019-10-02 20:44:31,223 [6fceca67-6645-4960-8b5d-1a38fa2b4e89@group-B47969477C5D-LeaderElection43] INFO  server.RaftServerConfigKeys (ConfUtils.java:logGet(43)) - raft.server.watch.timeout.denomination = 1s (default)
2019-10-02 20:44:31,223 [6fceca67-6645-4960-8b5d-1a38fa2b4e89@group-B47969477C5D-LeaderElection43] INFO  server.RaftServerConfigKeys (ConfUtils.java:logGet(43)) - raft.server.watch.element-limit = 65536 (default)
2019-10-02 20:44:31,224 [6fceca67-6645-4960-8b5d-1a38fa2b4e89@group-B47969477C5D-LeaderElection43] INFO  impl.RoleInfo (RoleInfo.java:updateAndGet(143)) - 6fceca67-6645-4960-8b5d-1a38fa2b4e89: start LeaderState
2019-10-02 20:44:31,225 [6fceca67-6645-4960-8b5d-1a38fa2b4e89@group-B47969477C5D-LeaderElection43] INFO  segmented.SegmentedRaftLogWorker (SegmentedRaftLogWorker.java:startLogSegment(385)) - 6fceca67-6645-4960-8b5d-1a38fa2b4e89@group-B47969477C5D-SegmentedRaftLogWorker: Starting segment from index:0
2019-10-02 20:44:31,225 [6fceca67-6645-4960-8b5d-1a38fa2b4e89@group-B47969477C5D-LeaderElection43] INFO  impl.RaftServerImpl (ServerState.java:setRaftConf(356)) - 6fceca67-6645-4960-8b5d-1a38fa2b4e89@group-B47969477C5D: set configuration 0: [6fceca67-6645-4960-8b5d-1a38fa2b4e89:192.168.164.206:43167], old=null at 0
2019-10-02 20:44:31,232 [Thread-1461] INFO  impl.FollowerState (FollowerState.java:run(108)) - d5fa228a-74cc-4927-b2b5-dfd1e4dbfcd1@group-6A2A83830D81-FollowerState: change to CANDIDATE, lastRpcTime:5008ms, electionTimeout:5008ms
2019-10-02 20:44:31,233 [Thread-1461] INFO  impl.RoleInfo (RoleInfo.java:shutdownFollowerState(121)) - d5fa228a-74cc-4927-b2b5-dfd1e4dbfcd1: shutdown FollowerState
2019-10-02 20:44:31,233 [Thread-1461] INFO  impl.RaftServerImpl (RaftServerImpl.java:setRole(170)) - d5fa228a-74cc-4927-b2b5-dfd1e4dbfcd1@group-6A2A83830D81: changes role from  FOLLOWER to CANDIDATE at term 0 for changeToCandidate
2019-10-02 20:44:31,233 [Thread-1461] INFO  impl.RoleInfo (RoleInfo.java:updateAndGet(143)) - d5fa228a-74cc-4927-b2b5-dfd1e4dbfcd1: start LeaderElection
2019-10-02 20:44:31,257 [Thread-1449] INFO  impl.FollowerState (FollowerState.java:run(108)) - dca9babe-a885-4412-b77e-ba5c4dbc8705@group-9E99D067D4F4-FollowerState: change to CANDIDATE, lastRpcTime:5214ms, electionTimeout:5191ms
2019-10-02 20:44:31,260 [Thread-1455] INFO  impl.FollowerState (FollowerState.java:run(108)) - d5fa228a-74cc-4927-b2b5-dfd1e4dbfcd1@group-88CE54F41900-FollowerState: change to CANDIDATE, lastRpcTime:5098ms, electionTimeout:5098ms
2019-10-02 20:44:31,260 [Thread-1449] INFO  impl.RoleInfo (RoleInfo.java:shutdownFollowerState(121)) - dca9babe-a885-4412-b77e-ba5c4dbc8705: shutdown FollowerState
2019-10-02 20:44:31,261 [Thread-1455] INFO  impl.RoleInfo (RoleInfo.java:shutdownFollowerState(121)) - d5fa228a-74cc-4927-b2b5-dfd1e4dbfcd1: shutdown FollowerState
2019-10-02 20:44:31,261 [Thread-1449] INFO  impl.RaftServerImpl (RaftServerImpl.java:setRole(170)) - dca9babe-a885-4412-b77e-ba5c4dbc8705@group-9E99D067D4F4: changes role from  FOLLOWER to CANDIDATE at term 0 for changeToCandidate
2019-10-02 20:44:31,261 [Thread-1455] INFO  impl.RaftServerImpl (RaftServerImpl.java:setRole(170)) - d5fa228a-74cc-4927-b2b5-dfd1e4dbfcd1@group-88CE54F41900: changes role from  FOLLOWER to CANDIDATE at term 0 for changeToCandidate
2019-10-02 20:44:31,261 [Thread-1449] INFO  impl.RoleInfo (RoleInfo.java:updateAndGet(143)) - dca9babe-a885-4412-b77e-ba5c4dbc8705: start LeaderElection
2019-10-02 20:44:31,261 [Thread-1455] INFO  impl.RoleInfo (RoleInfo.java:updateAndGet(143)) - d5fa228a-74cc-4927-b2b5-dfd1e4dbfcd1: start LeaderElection
2019-10-02 20:44:31,271 [6fceca67-6645-4960-8b5d-1a38fa2b4e89@group-B47969477C5D-SegmentedRaftLogWorker] INFO  segmented.SegmentedRaftLogWorker (SegmentedRaftLogWorker.java:execute(574)) - 6fceca67-6645-4960-8b5d-1a38fa2b4e89@group-B47969477C5D-SegmentedRaftLogWorker: created new log segment /workdir/hadoop-ozone/integration-test/target/test-dir/MiniOzoneClusterImpl-323daffa-1557-4126-988f-69c5ea63cf7f/datanode-5/data/ratis/ba8f9d21-577e-4c6d-a57e-b47969477c5d/current/log_inprogress_0
2019-10-02 20:44:31,271 [d5fa228a-74cc-4927-b2b5-dfd1e4dbfcd1@group-6A2A83830D81-LeaderElection44] INFO  impl.LeaderElection (LeaderElection.java:askForVotes(178)) - d5fa228a-74cc-4927-b2b5-dfd1e4dbfcd1@group-6A2A83830D81-LeaderElection44: begin an election at term 1 for -1: [305054ce-a37f-49ee-9999-6b4f7adbd3c4:192.168.164.206:37366, dca9babe-a885-4412-b77e-ba5c4dbc8705:192.168.164.206:44770, d5fa228a-74cc-4927-b2b5-dfd1e4dbfcd1:192.168.164.206:41165], old=null
2019-10-02 20:44:31,276 [grpc-default-executor-4] INFO  impl.RaftServerImpl (RaftServerImpl.java:setRole(170)) - dca9babe-a885-4412-b77e-ba5c4dbc8705@group-6A2A83830D81: changes role from  FOLLOWER to FOLLOWER at term 1 for recognizeCandidate:d5fa228a-74cc-4927-b2b5-dfd1e4dbfcd1
2019-10-02 20:44:31,276 [grpc-default-executor-4] INFO  impl.RoleInfo (RoleInfo.java:shutdownFollowerState(121)) - dca9babe-a885-4412-b77e-ba5c4dbc8705: shutdown FollowerState
2019-10-02 20:44:31,278 [grpc-default-executor-4] INFO  impl.RoleInfo (RoleInfo.java:updateAndGet(143)) - dca9babe-a885-4412-b77e-ba5c4dbc8705: start FollowerState
2019-10-02 20:44:31,278 [Thread-1460] INFO  impl.FollowerState (FollowerState.java:run(117)) - dca9babe-a885-4412-b77e-ba5c4dbc8705@group-6A2A83830D81-FollowerState was interrupted: java.lang.InterruptedException: sleep interrupted
2019-10-02 20:44:31,281 [grpc-default-executor-1] INFO  impl.RaftServerImpl (RaftServerImpl.java:setRole(170)) - 305054ce-a37f-49ee-9999-6b4f7adbd3c4@group-6A2A83830D81: changes role from  FOLLOWER to FOLLOWER at term 1 for recognizeCandidate:d5fa228a-74cc-4927-b2b5-dfd1e4dbfcd1
2019-10-02 20:44:31,283 [grpc-default-executor-1] INFO  impl.RoleInfo (RoleInfo.java:shutdownFollowerState(121)) - 305054ce-a37f-49ee-9999-6b4f7adbd3c4: shutdown FollowerState
2019-10-02 20:44:31,283 [grpc-default-executor-1] INFO  impl.RoleInfo (RoleInfo.java:updateAndGet(143)) - 305054ce-a37f-49ee-9999-6b4f7adbd3c4: start FollowerState
2019-10-02 20:44:31,283 [Thread-1462] INFO  impl.FollowerState (FollowerState.java:run(117)) - 305054ce-a37f-49ee-9999-6b4f7adbd3c4@group-6A2A83830D81-FollowerState was interrupted: java.lang.InterruptedException: sleep interrupted
2019-10-02 20:44:31,290 [d5fa228a-74cc-4927-b2b5-dfd1e4dbfcd1@group-88CE54F41900-LeaderElection46] INFO  impl.LeaderElection (LeaderElection.java:askForVotes(178)) - d5fa228a-74cc-4927-b2b5-dfd1e4dbfcd1@group-88CE54F41900-LeaderElection46: begin an election at term 1 for -1: [d5fa228a-74cc-4927-b2b5-dfd1e4dbfcd1:192.168.164.206:41165], old=null
2019-10-02 20:44:31,290 [dca9babe-a885-4412-b77e-ba5c4dbc8705@group-9E99D067D4F4-LeaderElection45] INFO  impl.LeaderElection (LeaderElection.java:askForVotes(178)) - dca9babe-a885-4412-b77e-ba5c4dbc8705@group-9E99D067D4F4-LeaderElection45: begin an election at term 1 for -1: [dca9babe-a885-4412-b77e-ba5c4dbc8705:192.168.164.206:44770], old=null
2019-10-02 20:44:31,290 [d5fa228a-74cc-4927-b2b5-dfd1e4dbfcd1@group-88CE54F41900-LeaderElection46] INFO  impl.RoleInfo (RoleInfo.java:shutdownLeaderElection(134)) - d5fa228a-74cc-4927-b2b5-dfd1e4dbfcd1: shutdown LeaderElection
2019-10-02 20:44:31,290 [dca9babe-a885-4412-b77e-ba5c4dbc8705@group-9E99D067D4F4-LeaderElection45] INFO  impl.RoleInfo (RoleInfo.java:shutdownLeaderElection(134)) - dca9babe-a885-4412-b77e-ba5c4dbc8705: shutdown LeaderElection
2019-10-02 20:44:31,290 [d5fa228a-74cc-4927-b2b5-dfd1e4dbfcd1@group-88CE54F41900-LeaderElection46] INFO  impl.RaftServerImpl (RaftServerImpl.java:setRole(170)) - d5fa228a-74cc-4927-b2b5-dfd1e4dbfcd1@group-88CE54F41900: changes role from CANDIDATE to LEADER at term 1 for changeToLeader
2019-10-02 20:44:31,292 [dca9babe-a885-4412-b77e-ba5c4dbc8705@group-9E99D067D4F4-LeaderElection45] INFO  impl.RaftServerImpl (RaftServerImpl.java:setRole(170)) - dca9babe-a885-4412-b77e-ba5c4dbc8705@group-9E99D067D4F4: changes role from CANDIDATE to LEADER at term 1 for changeToLeader
2019-10-02 20:44:31,292 [d5fa228a-74cc-4927-b2b5-dfd1e4dbfcd1@group-88CE54F41900-LeaderElection46] INFO  impl.RaftServerImpl (ServerState.java:setLeader(255)) - d5fa228a-74cc-4927-b2b5-dfd1e4dbfcd1@group-88CE54F41900: change Leader from null to d5fa228a-74cc-4927-b2b5-dfd1e4dbfcd1 at term 1 for becomeLeader, leader elected after 5139ms
2019-10-02 20:44:31,293 [dca9babe-a885-4412-b77e-ba5c4dbc8705@group-9E99D067D4F4-LeaderElection45] INFO  impl.RaftServerImpl (ServerState.java:setLeader(255)) - dca9babe-a885-4412-b77e-ba5c4dbc8705@group-9E99D067D4F4: change Leader from null to dca9babe-a885-4412-b77e-ba5c4dbc8705 at term 1 for becomeLeader, leader elected after 5257ms
2019-10-02 20:44:31,293 [d5fa228a-74cc-4927-b2b5-dfd1e4dbfcd1@group-88CE54F41900-LeaderElection46] INFO  server.RaftServerConfigKeys (ConfUtils.java:logGet(43)) - raft.server.staging.catchup.gap = 1000 (default)
2019-10-02 20:44:31,295 [d5fa228a-74cc-4927-b2b5-dfd1e4dbfcd1@group-88CE54F41900-LeaderElection46] INFO  server.RaftServerConfigKeys (ConfUtils.java:logGet(43)) - raft.server.rpc.sleep.time = 25ms (default)
2019-10-02 20:44:31,295 [dca9babe-a885-4412-b77e-ba5c4dbc8705@group-9E99D067D4F4-LeaderElection45] INFO  server.RaftServerConfigKeys (ConfUtils.java:logGet(43)) - raft.server.staging.catchup.gap = 1000 (default)
2019-10-02 20:44:31,295 [d5fa228a-74cc-4927-b2b5-dfd1e4dbfcd1@group-6A2A83830D81-LeaderElection44] INFO  impl.LeaderElection (LeaderElection.java:logAndReturn(56)) - d5fa228a-74cc-4927-b2b5-dfd1e4dbfcd1@group-6A2A83830D81-LeaderElection44: Election PASSED; received 1 response(s) [d5fa228a-74cc-4927-b2b5-dfd1e4dbfcd1<-dca9babe-a885-4412-b77e-ba5c4dbc8705#0:OK-t1] and 0 exception(s); d5fa228a-74cc-4927-b2b5-dfd1e4dbfcd1@group-6A2A83830D81:t1, leader=null, voted=d5fa228a-74cc-4927-b2b5-dfd1e4dbfcd1, raftlog=d5fa228a-74cc-4927-b2b5-dfd1e4dbfcd1@group-6A2A83830D81-SegmentedRaftLog:OPENED:c-1,f-1,i0, conf=-1: [305054ce-a37f-49ee-9999-6b4f7adbd3c4:192.168.164.206:37366, dca9babe-a885-4412-b77e-ba5c4dbc8705:192.168.164.206:44770, d5fa228a-74cc-4927-b2b5-dfd1e4dbfcd1:192.168.164.206:41165], old=null
2019-10-02 20:44:31,295 [d5fa228a-74cc-4927-b2b5-dfd1e4dbfcd1@group-88CE54F41900-LeaderElection46] INFO  server.RaftServerConfigKeys (ConfUtils.java:logGet(43)) - raft.server.write.element-limit = 4096 (default)
2019-10-02 20:44:31,295 [d5fa228a-74cc-4927-b2b5-dfd1e4dbfcd1@group-6A2A83830D81-LeaderElection44] INFO  impl.RoleInfo (RoleInfo.java:shutdownLeaderElection(134)) - d5fa228a-74cc-4927-b2b5-dfd1e4dbfcd1: shutdown LeaderElection
2019-10-02 20:44:31,295 [dca9babe-a885-4412-b77e-ba5c4dbc8705@group-9E99D067D4F4-LeaderElection45] INFO  server.RaftServerConfigKeys (ConfUtils.java:logGet(43)) - raft.server.rpc.sleep.time = 25ms (default)
2019-10-02 20:44:31,297 [d5fa228a-74cc-4927-b2b5-dfd1e4dbfcd1@group-6A2A83830D81-LeaderElection44] INFO  impl.RaftServerImpl (RaftServerImpl.java:setRole(170)) - d5fa228a-74cc-4927-b2b5-dfd1e4dbfcd1@group-6A2A83830D81: changes role from CANDIDATE to LEADER at term 1 for changeToLeader
2019-10-02 20:44:31,298 [d5fa228a-74cc-4927-b2b5-dfd1e4dbfcd1@group-6A2A83830D81-LeaderElection44] INFO  impl.RaftServerImpl (ServerState.java:setLeader(255)) - d5fa228a-74cc-4927-b2b5-dfd1e4dbfcd1@group-6A2A83830D81: change Leader from null to d5fa228a-74cc-4927-b2b5-dfd1e4dbfcd1 at term 1 for becomeLeader, leader elected after 5088ms
2019-10-02 20:44:31,297 [d5fa228a-74cc-4927-b2b5-dfd1e4dbfcd1@group-88CE54F41900-LeaderElection46] INFO  server.RaftServerConfigKeys (ConfUtils.java:logGet(43)) - raft.server.watch.timeout = 10s (default)
2019-10-02 20:44:31,298 [d5fa228a-74cc-4927-b2b5-dfd1e4dbfcd1@group-6A2A83830D81-LeaderElection44] INFO  server.RaftServerConfigKeys (ConfUtils.java:logGet(43)) - raft.server.staging.catchup.gap = 1000 (default)
2019-10-02 20:44:31,298 [d5fa228a-74cc-4927-b2b5-dfd1e4dbfcd1@group-6A2A83830D81-LeaderElection44] INFO  server.RaftServerConfigKeys (ConfUtils.java:logGet(43)) - raft.server.rpc.sleep.time = 25ms (default)
2019-10-02 20:44:31,298 [dca9babe-a885-4412-b77e-ba5c4dbc8705@group-9E99D067D4F4-LeaderElection45] INFO  server.RaftServerConfigKeys (ConfUtils.java:logGet(43)) - raft.server.write.element-limit = 4096 (default)
2019-10-02 20:44:31,298 [d5fa228a-74cc-4927-b2b5-dfd1e4dbfcd1@group-6A2A83830D81-LeaderElection44] INFO  server.RaftServerConfigKeys (ConfUtils.java:logGet(43)) - raft.server.write.element-limit = 4096 (default)
2019-10-02 20:44:31,298 [d5fa228a-74cc-4927-b2b5-dfd1e4dbfcd1@group-88CE54F41900-LeaderElection46] INFO  server.RaftServerConfigKeys (ConfUtils.java:logGet(43)) - raft.server.watch.timeout.denomination = 1s (default)
2019-10-02 20:44:31,298 [d5fa228a-74cc-4927-b2b5-dfd1e4dbfcd1@group-6A2A83830D81-LeaderElection44] INFO  server.RaftServerConfigKeys (ConfUtils.java:logGet(43)) - raft.server.watch.timeout = 10s (default)
2019-10-02 20:44:31,298 [dca9babe-a885-4412-b77e-ba5c4dbc8705@group-9E99D067D4F4-LeaderElection45] INFO  server.RaftServerConfigKeys (ConfUtils.java:logGet(43)) - raft.server.watch.timeout = 10s (default)
2019-10-02 20:44:31,298 [d5fa228a-74cc-4927-b2b5-dfd1e4dbfcd1@group-6A2A83830D81-LeaderElection44] INFO  server.RaftServerConfigKeys (ConfUtils.java:logGet(43)) - raft.server.watch.timeout.denomination = 1s (default)
2019-10-02 20:44:31,298 [d5fa228a-74cc-4927-b2b5-dfd1e4dbfcd1@group-88CE54F41900-LeaderElection46] INFO  server.RaftServerConfigKeys (ConfUtils.java:logGet(43)) - raft.server.watch.element-limit = 65536 (default)
2019-10-02 20:44:31,299 [d5fa228a-74cc-4927-b2b5-dfd1e4dbfcd1@group-6A2A83830D81-LeaderElection44] INFO  server.RaftServerConfigKeys (ConfUtils.java:logGet(43)) - raft.server.watch.element-limit = 65536 (default)
2019-10-02 20:44:31,298 [dca9babe-a885-4412-b77e-ba5c4dbc8705@group-9E99D067D4F4-LeaderElection45] INFO  server.RaftServerConfigKeys (ConfUtils.java:logGet(43)) - raft.server.watch.timeout.denomination = 1s (default)
2019-10-02 20:44:31,301 [dca9babe-a885-4412-b77e-ba5c4dbc8705@group-9E99D067D4F4-LeaderElection45] INFO  server.RaftServerConfigKeys (ConfUtils.java:logGet(43)) - raft.server.watch.element-limit = 65536 (default)
2019-10-02 20:44:31,303 [d5fa228a-74cc-4927-b2b5-dfd1e4dbfcd1@group-88CE54F41900-LeaderElection46] INFO  impl.RoleInfo (RoleInfo.java:updateAndGet(143)) - d5fa228a-74cc-4927-b2b5-dfd1e4dbfcd1: start LeaderState
2019-10-02 20:44:31,304 [d5fa228a-74cc-4927-b2b5-dfd1e4dbfcd1@group-88CE54F41900-LeaderElection46] INFO  segmented.SegmentedRaftLogWorker (SegmentedRaftLogWorker.java:startLogSegment(385)) - d5fa228a-74cc-4927-b2b5-dfd1e4dbfcd1@group-88CE54F41900-SegmentedRaftLogWorker: Starting segment from index:0
2019-10-02 20:44:31,304 [d5fa228a-74cc-4927-b2b5-dfd1e4dbfcd1@group-6A2A83830D81-LeaderElection44] INFO  server.RaftServerConfigKeys (ConfUtils.java:logGet(43)) - raft.server.log.appender.snapshot.chunk.size.max = 16MB (=16777216) (default)
2019-10-02 20:44:31,304 [d5fa228a-74cc-4927-b2b5-dfd1e4dbfcd1@group-88CE54F41900-LeaderElection46] INFO  impl.RaftServerImpl (ServerState.java:setRaftConf(356)) - d5fa228a-74cc-4927-b2b5-dfd1e4dbfcd1@group-88CE54F41900: set configuration 0: [d5fa228a-74cc-4927-b2b5-dfd1e4dbfcd1:192.168.164.206:41165], old=null at 0
2019-10-02 20:44:31,304 [d5fa228a-74cc-4927-b2b5-dfd1e4dbfcd1@group-6A2A83830D81-LeaderElection44] INFO  server.RaftServerConfigKeys (ConfUtils.java:logGet(43)) - raft.server.log.appender.buffer.byte-limit = 33554432 (custom)
2019-10-02 20:44:31,304 [dca9babe-a885-4412-b77e-ba5c4dbc8705@group-9E99D067D4F4-LeaderElection45] INFO  impl.RoleInfo (RoleInfo.java:updateAndGet(143)) - dca9babe-a885-4412-b77e-ba5c4dbc8705: start LeaderState
2019-10-02 20:44:31,304 [d5fa228a-74cc-4927-b2b5-dfd1e4dbfcd1@group-6A2A83830D81-LeaderElection44] INFO  server.RaftServerConfigKeys (ConfUtils.java:logGet(43)) - raft.server.log.appender.buffer.element-limit = 1 (custom)
2019-10-02 20:44:31,305 [dca9babe-a885-4412-b77e-ba5c4dbc8705@group-9E99D067D4F4-LeaderElection45] INFO  segmented.SegmentedRaftLogWorker (SegmentedRaftLogWorker.java:startLogSegment(385)) - dca9babe-a885-4412-b77e-ba5c4dbc8705@group-9E99D067D4F4-SegmentedRaftLogWorker: Starting segment from index:0
2019-10-02 20:44:31,305 [d5fa228a-74cc-4927-b2b5-dfd1e4dbfcd1@group-6A2A83830D81-LeaderElection44] INFO  grpc.GrpcConfigKeys$Server (ConfUtils.java:logGet(43)) - raft.grpc.server.leader.outstanding.appends.max = 128 (default)
2019-10-02 20:44:31,305 [d5fa228a-74cc-4927-b2b5-dfd1e4dbfcd1@group-6A2A83830D81-LeaderElection44] INFO  server.RaftServerConfigKeys (ConfUtils.java:logGet(43)) - raft.server.rpc.request.timeout = 3000ms (default)
2019-10-02 20:44:31,305 [dca9babe-a885-4412-b77e-ba5c4dbc8705@group-9E99D067D4F4-LeaderElection45] INFO  impl.RaftServerImpl (ServerState.java:setRaftConf(356)) - dca9babe-a885-4412-b77e-ba5c4dbc8705@group-9E99D067D4F4: set configuration 0: [dca9babe-a885-4412-b77e-ba5c4dbc8705:192.168.164.206:44770], old=null at 0
2019-10-02 20:44:31,305 [d5fa228a-74cc-4927-b2b5-dfd1e4dbfcd1@group-6A2A83830D81-LeaderElection44] INFO  server.RaftServerConfigKeys (ConfUtils.java:logGet(43)) - raft.server.log.appender.install.snapshot.enabled = false (custom)
2019-10-02 20:44:31,305 [d5fa228a-74cc-4927-b2b5-dfd1e4dbfcd1@group-6A2A83830D81-LeaderElection44] INFO  server.RaftServerConfigKeys (ConfUtils.java:logGet(43)) - raft.server.log.appender.snapshot.chunk.size.max = 16MB (=16777216) (default)
2019-10-02 20:44:31,305 [d5fa228a-74cc-4927-b2b5-dfd1e4dbfcd1@group-6A2A83830D81-LeaderElection44] INFO  server.RaftServerConfigKeys (ConfUtils.java:logGet(43)) - raft.server.log.appender.buffer.byte-limit = 33554432 (custom)
2019-10-02 20:44:31,306 [d5fa228a-74cc-4927-b2b5-dfd1e4dbfcd1@group-6A2A83830D81-LeaderElection44] INFO  server.RaftServerConfigKeys (ConfUtils.java:logGet(43)) - raft.server.log.appender.buffer.element-limit = 1 (custom)
2019-10-02 20:44:31,306 [d5fa228a-74cc-4927-b2b5-dfd1e4dbfcd1@group-6A2A83830D81-LeaderElection44] INFO  grpc.GrpcConfigKeys$Server (ConfUtils.java:logGet(43)) - raft.grpc.server.leader.outstanding.appends.max = 128 (default)
2019-10-02 20:44:31,306 [d5fa228a-74cc-4927-b2b5-dfd1e4dbfcd1@group-6A2A83830D81-LeaderElection44] INFO  server.RaftServerConfigKeys (ConfUtils.java:logGet(43)) - raft.server.rpc.request.timeout = 3000ms (default)
2019-10-02 20:44:31,306 [d5fa228a-74cc-4927-b2b5-dfd1e4dbfcd1@group-6A2A83830D81-LeaderElection44] INFO  server.RaftServerConfigKeys (ConfUtils.java:logGet(43)) - raft.server.log.appender.install.snapshot.enabled = false (custom)
2019-10-02 20:44:31,306 [d5fa228a-74cc-4927-b2b5-dfd1e4dbfcd1@group-6A2A83830D81-LeaderElection44] INFO  impl.RoleInfo (RoleInfo.java:updateAndGet(143)) - d5fa228a-74cc-4927-b2b5-dfd1e4dbfcd1: start LeaderState
2019-10-02 20:44:31,306 [d5fa228a-74cc-4927-b2b5-dfd1e4dbfcd1@group-6A2A83830D81-LeaderElection44] INFO  segmented.SegmentedRaftLogWorker (SegmentedRaftLogWorker.java:startLogSegment(385)) - d5fa228a-74cc-4927-b2b5-dfd1e4dbfcd1@group-6A2A83830D81-SegmentedRaftLogWorker: Starting segment from index:0
2019-10-02 20:44:31,307 [d5fa228a-74cc-4927-b2b5-dfd1e4dbfcd1@group-6A2A83830D81-LeaderElection44] INFO  impl.RaftServerImpl (ServerState.java:setRaftConf(356)) - d5fa228a-74cc-4927-b2b5-dfd1e4dbfcd1@group-6A2A83830D81: set configuration 0: [305054ce-a37f-49ee-9999-6b4f7adbd3c4:192.168.164.206:37366, dca9babe-a885-4412-b77e-ba5c4dbc8705:192.168.164.206:44770, d5fa228a-74cc-4927-b2b5-dfd1e4dbfcd1:192.168.164.206:41165], old=null at 0
2019-10-02 20:44:31,308 [grpc-default-executor-1] INFO  impl.RaftServerImpl (ServerState.java:setLeader(255)) - 305054ce-a37f-49ee-9999-6b4f7adbd3c4@group-6A2A83830D81: change Leader from null to d5fa228a-74cc-4927-b2b5-dfd1e4dbfcd1 at term 1 for appendEntries, leader elected after 5098ms
2019-10-02 20:44:31,308 [grpc-default-executor-4] INFO  impl.RaftServerImpl (ServerState.java:setLeader(255)) - dca9babe-a885-4412-b77e-ba5c4dbc8705@group-6A2A83830D81: change Leader from null to d5fa228a-74cc-4927-b2b5-dfd1e4dbfcd1 at term 1 for appendEntries, leader elected after 5098ms
2019-10-02 20:44:31,349 [grpc-default-executor-0] INFO  impl.RaftServerImpl (ServerState.java:setRaftConf(356)) - 305054ce-a37f-49ee-9999-6b4f7adbd3c4@group-6A2A83830D81: set configuration 0: [305054ce-a37f-49ee-9999-6b4f7adbd3c4:192.168.164.206:37366, dca9babe-a885-4412-b77e-ba5c4dbc8705:192.168.164.206:44770, d5fa228a-74cc-4927-b2b5-dfd1e4dbfcd1:192.168.164.206:41165], old=null at 0
2019-10-02 20:44:31,349 [grpc-default-executor-4] INFO  impl.RaftServerImpl (ServerState.java:setRaftConf(356)) - dca9babe-a885-4412-b77e-ba5c4dbc8705@group-6A2A83830D81: set configuration 0: [305054ce-a37f-49ee-9999-6b4f7adbd3c4:192.168.164.206:37366, dca9babe-a885-4412-b77e-ba5c4dbc8705:192.168.164.206:44770, d5fa228a-74cc-4927-b2b5-dfd1e4dbfcd1:192.168.164.206:41165], old=null at 0
2019-10-02 20:44:31,349 [grpc-default-executor-0] INFO  segmented.SegmentedRaftLogWorker (SegmentedRaftLogWorker.java:startLogSegment(385)) - 305054ce-a37f-49ee-9999-6b4f7adbd3c4@group-6A2A83830D81-SegmentedRaftLogWorker: Starting segment from index:0
2019-10-02 20:44:31,349 [grpc-default-executor-4] INFO  segmented.SegmentedRaftLogWorker (SegmentedRaftLogWorker.java:startLogSegment(385)) - dca9babe-a885-4412-b77e-ba5c4dbc8705@group-6A2A83830D81-SegmentedRaftLogWorker: Starting segment from index:0
2019-10-02 20:44:31,359 [d5fa228a-74cc-4927-b2b5-dfd1e4dbfcd1@group-88CE54F41900-SegmentedRaftLogWorker] INFO  segmented.SegmentedRaftLogWorker (SegmentedRaftLogWorker.java:execute(574)) - d5fa228a-74cc-4927-b2b5-dfd1e4dbfcd1@group-88CE54F41900-SegmentedRaftLogWorker: created new log segment /workdir/hadoop-ozone/integration-test/target/test-dir/MiniOzoneClusterImpl-323daffa-1557-4126-988f-69c5ea63cf7f/datanode-6/data/ratis/39db22c2-43eb-491b-9cec-88ce54f41900/current/log_inprogress_0
2019-10-02 20:44:31,359 [d5fa228a-74cc-4927-b2b5-dfd1e4dbfcd1@group-6A2A83830D81-SegmentedRaftLogWorker] INFO  segmented.SegmentedRaftLogWorker (SegmentedRaftLogWorker.java:execute(574)) - d5fa228a-74cc-4927-b2b5-dfd1e4dbfcd1@group-6A2A83830D81-SegmentedRaftLogWorker: created new log segment /workdir/hadoop-ozone/integration-test/target/test-dir/MiniOzoneClusterImpl-323daffa-1557-4126-988f-69c5ea63cf7f/datanode-6/data/ratis/905f3fcb-e5f9-4b83-a7dd-6a2a83830d81/current/log_inprogress_0
2019-10-02 20:44:31,359 [dca9babe-a885-4412-b77e-ba5c4dbc8705@group-9E99D067D4F4-SegmentedRaftLogWorker] INFO  segmented.SegmentedRaftLogWorker (SegmentedRaftLogWorker.java:execute(574)) - dca9babe-a885-4412-b77e-ba5c4dbc8705@group-9E99D067D4F4-SegmentedRaftLogWorker: created new log segment /workdir/hadoop-ozone/integration-test/target/test-dir/MiniOzoneClusterImpl-323daffa-1557-4126-988f-69c5ea63cf7f/datanode-4/data/ratis/e9d4e6ca-eebe-4863-9a9f-9e99d067d4f4/current/log_inprogress_0
2019-10-02 20:44:31,396 [305054ce-a37f-49ee-9999-6b4f7adbd3c4@group-6A2A83830D81-SegmentedRaftLogWorker] INFO  segmented.SegmentedRaftLogWorker (SegmentedRaftLogWorker.java:execute(574)) - 305054ce-a37f-49ee-9999-6b4f7adbd3c4@group-6A2A83830D81-SegmentedRaftLogWorker: created new log segment /workdir/hadoop-ozone/integration-test/target/test-dir/MiniOzoneClusterImpl-323daffa-1557-4126-988f-69c5ea63cf7f/datanode-3/data/ratis/905f3fcb-e5f9-4b83-a7dd-6a2a83830d81/current/log_inprogress_0
2019-10-02 20:44:31,399 [dca9babe-a885-4412-b77e-ba5c4dbc8705@group-6A2A83830D81-SegmentedRaftLogWorker] INFO  segmented.SegmentedRaftLogWorker (SegmentedRaftLogWorker.java:execute(574)) - dca9babe-a885-4412-b77e-ba5c4dbc8705@group-6A2A83830D81-SegmentedRaftLogWorker: created new log segment /workdir/hadoop-ozone/integration-test/target/test-dir/MiniOzoneClusterImpl-323daffa-1557-4126-988f-69c5ea63cf7f/datanode-4/data/ratis/905f3fcb-e5f9-4b83-a7dd-6a2a83830d81/current/log_inprogress_0
2019-10-02 20:44:31,455 [Datanode State Machine Thread - 0] INFO  statemachine.DatanodeStateMachine (DatanodeStateMachine.java:lambda$startDaemon$0(350)) - Ozone container server started.
2019-10-02 20:44:36,437 [main] INFO  ozoneimpl.OzoneContainer (OzoneContainer.java:stop(231)) - Attempting to stop container services.
2019-10-02 20:44:36,438 [main] INFO  impl.RaftServerProxy (RaftServerProxy.java:lambda$close$4(314)) - df5571b8-72e0-4512-9986-2980712bea17: close
2019-10-02 20:44:36,439 [main] INFO  impl.RaftServerImpl (RaftServerImpl.java:lambda$shutdown$3(247)) - df5571b8-72e0-4512-9986-2980712bea17@group-CFF1E0DB3AD5: shutdown
2019-10-02 20:44:36,440 [main] INFO  util.JmxRegister (JmxRegister.java:unregister(73)) - Successfully un-registered JMX Bean with object name Ratis:service=RaftServer,group=group-CFF1E0DB3AD5,id=df5571b8-72e0-4512-9986-2980712bea17
2019-10-02 20:44:36,440 [main] INFO  impl.RoleInfo (RoleInfo.java:shutdownLeaderState(104)) - df5571b8-72e0-4512-9986-2980712bea17: shutdown LeaderState
2019-10-02 20:44:36,440 [main] INFO  impl.PendingRequests (PendingRequests.java:sendNotLeaderResponses(202)) - df5571b8-72e0-4512-9986-2980712bea17@group-CFF1E0DB3AD5-PendingRequests: sendNotLeaderResponses
2019-10-02 20:44:36,441 [main] INFO  impl.StateMachineUpdater (StateMachineUpdater.java:stopAndJoin(136)) - df5571b8-72e0-4512-9986-2980712bea17@group-CFF1E0DB3AD5-StateMachineUpdater: set stopIndex = 0
2019-10-02 20:44:36,441 [main] INFO  impl.RaftServerImpl (ServerState.java:close(387)) - df5571b8-72e0-4512-9986-2980712bea17@group-CFF1E0DB3AD5: closes. applyIndex: 0
2019-10-02 20:44:36,442 [df5571b8-72e0-4512-9986-2980712bea17@group-CFF1E0DB3AD5-SegmentedRaftLogWorker] INFO  segmented.SegmentedRaftLogWorker (SegmentedRaftLogWorker.java:run(316)) - df5571b8-72e0-4512-9986-2980712bea17@group-CFF1E0DB3AD5-SegmentedRaftLogWorker was interrupted, exiting. There are 0 tasks remaining in the queue.
2019-10-02 20:44:36,450 [main] INFO  segmented.SegmentedRaftLogWorker (SegmentedRaftLogWorker.java:close(224)) - df5571b8-72e0-4512-9986-2980712bea17@group-CFF1E0DB3AD5-SegmentedRaftLogWorker close()
2019-10-02 20:44:36,454 [main] INFO  impl.RaftServerImpl (RaftServerImpl.java:lambda$shutdown$3(247)) - df5571b8-72e0-4512-9986-2980712bea17@group-CF7CB16F510F: shutdown
2019-10-02 20:44:36,455 [main] INFO  util.JmxRegister (JmxRegister.java:unregister(73)) - Successfully un-registered JMX Bean with object name Ratis:service=RaftServer,group=group-CF7CB16F510F,id=df5571b8-72e0-4512-9986-2980712bea17
2019-10-02 20:44:36,455 [main] INFO  impl.RoleInfo (RoleInfo.java:shutdownFollowerState(121)) - df5571b8-72e0-4512-9986-2980712bea17: shutdown FollowerState
2019-10-02 20:44:36,455 [main] INFO  impl.StateMachineUpdater (StateMachineUpdater.java:stopAndJoin(136)) - df5571b8-72e0-4512-9986-2980712bea17@group-CF7CB16F510F-StateMachineUpdater: set stopIndex = 2
2019-10-02 20:44:36,455 [Thread-1494] INFO  impl.FollowerState (FollowerState.java:run(117)) - df5571b8-72e0-4512-9986-2980712bea17@group-CF7CB16F510F-FollowerState was interrupted: java.lang.InterruptedException: sleep interrupted
2019-10-02 20:44:36,455 [df5571b8-72e0-4512-9986-2980712bea17@group-CF7CB16F510F-StateMachineUpdater] INFO  ratis.ContainerStateMachine (ContainerStateMachine.java:takeSnapshot(289)) - group-CF7CB16F510F: Taking a snapshot at:(t:1, i:1) file /workdir/hadoop-ozone/integration-test/target/test-dir/MiniOzoneClusterImpl-323daffa-1557-4126-988f-69c5ea63cf7f/datanode-1/data/ratis/5ce86b99-2c96-4540-bc36-cf7cb16f510f/sm/snapshot.1_1
2019-10-02 20:44:36,464 [df5571b8-72e0-4512-9986-2980712bea17@group-CF7CB16F510F-StateMachineUpdater] INFO  ratis.ContainerStateMachine (ContainerStateMachine.java:takeSnapshot(300)) - group-CF7CB16F510F: Finished taking a snapshot at:(t:1, i:1) file:/workdir/hadoop-ozone/integration-test/target/test-dir/MiniOzoneClusterImpl-323daffa-1557-4126-988f-69c5ea63cf7f/datanode-1/data/ratis/5ce86b99-2c96-4540-bc36-cf7cb16f510f/sm/snapshot.1_1 time:8
2019-10-02 20:44:36,465 [df5571b8-72e0-4512-9986-2980712bea17@group-CF7CB16F510F-StateMachineUpdater] INFO  impl.StateMachineUpdater (StateMachineUpdater.java:takeSnapshot(269)) - df5571b8-72e0-4512-9986-2980712bea17@group-CF7CB16F510F-StateMachineUpdater: Took a snapshot at index 1
2019-10-02 20:44:36,465 [df5571b8-72e0-4512-9986-2980712bea17@group-CF7CB16F510F-StateMachineUpdater] INFO  impl.StateMachineUpdater (StateMachineUpdater.java:lambda$new$0(84)) - df5571b8-72e0-4512-9986-2980712bea17@group-CF7CB16F510F-StateMachineUpdater: snapshotIndex: updateIncreasingly -1 -> 1
2019-10-02 20:44:36,465 [df5571b8-72e0-4512-9986-2980712bea17@group-CF7CB16F510F-StateMachineUpdater] INFO  ratis.ContainerStateMachine (ContainerStateMachine.java:takeSnapshot(289)) - group-CF7CB16F510F: Taking a snapshot at:(t:1, i:1) file /workdir/hadoop-ozone/integration-test/target/test-dir/MiniOzoneClusterImpl-323daffa-1557-4126-988f-69c5ea63cf7f/datanode-1/data/ratis/5ce86b99-2c96-4540-bc36-cf7cb16f510f/sm/snapshot.1_1
2019-10-02 20:44:36,478 [df5571b8-72e0-4512-9986-2980712bea17@group-CF7CB16F510F-StateMachineUpdater] INFO  ratis.ContainerStateMachine (ContainerStateMachine.java:takeSnapshot(300)) - group-CF7CB16F510F: Finished taking a snapshot at:(t:1, i:1) file:/workdir/hadoop-ozone/integration-test/target/test-dir/MiniOzoneClusterImpl-323daffa-1557-4126-988f-69c5ea63cf7f/datanode-1/data/ratis/5ce86b99-2c96-4540-bc36-cf7cb16f510f/sm/snapshot.1_1 time:13
2019-10-02 20:44:36,478 [df5571b8-72e0-4512-9986-2980712bea17@group-CF7CB16F510F-StateMachineUpdater] INFO  impl.StateMachineUpdater (StateMachineUpdater.java:takeSnapshot(269)) - df5571b8-72e0-4512-9986-2980712bea17@group-CF7CB16F510F-StateMachineUpdater: Took a snapshot at index 1
2019-10-02 20:44:36,478 [df5571b8-72e0-4512-9986-2980712bea17@group-CF7CB16F510F-StateMachineUpdater] INFO  impl.StateMachineUpdater (StateMachineUpdater.java:lambda$new$0(84)) - df5571b8-72e0-4512-9986-2980712bea17@group-CF7CB16F510F-StateMachineUpdater: snapshotIndex: updateIncreasingly 1 -> 1
2019-10-02 20:44:36,478 [main] INFO  impl.RaftServerImpl (ServerState.java:close(387)) - df5571b8-72e0-4512-9986-2980712bea17@group-CF7CB16F510F: closes. applyIndex: 2
2019-10-02 20:44:36,479 [df5571b8-72e0-4512-9986-2980712bea17@group-CF7CB16F510F-SegmentedRaftLogWorker] INFO  segmented.SegmentedRaftLogWorker (SegmentedRaftLogWorker.java:run(316)) - df5571b8-72e0-4512-9986-2980712bea17@group-CF7CB16F510F-SegmentedRaftLogWorker was interrupted, exiting. There are 0 tasks remaining in the queue.
2019-10-02 20:44:36,482 [main] INFO  segmented.SegmentedRaftLogWorker (SegmentedRaftLogWorker.java:close(224)) - df5571b8-72e0-4512-9986-2980712bea17@group-CF7CB16F510F-SegmentedRaftLogWorker close()
2019-10-02 20:44:36,487 [main] INFO  server.GrpcService (GrpcService.java:closeImpl(164)) - df5571b8-72e0-4512-9986-2980712bea17: shutdown server with port 42107 now
2019-10-02 20:44:36,488 [grpc-default-executor-0] WARN  server.GrpcServerProtocolService (LogUtils.java:warn(134)) - df5571b8-72e0-4512-9986-2980712bea17: installSnapshot onError, lastRequest: 243067d9-1796-4aab-8b65-6e98712d942b->df5571b8-72e0-4512-9986-2980712bea17#5-t1, previous=(t:1, i:2), leaderCommit=2, initializing? false, entries: <empty>: org.apache.ratis.thirdparty.io.grpc.StatusRuntimeException: CANCELLED: cancelled before receiving half close
2019-10-02 20:44:36,488 [grpc-default-executor-4] WARN  server.GrpcLogAppender (LogUtils.java:warn(134)) - 243067d9-1796-4aab-8b65-6e98712d942b@group-CF7CB16F510F->df5571b8-72e0-4512-9986-2980712bea17-AppendLogResponseHandler: Failed appendEntries: org.apache.ratis.thirdparty.io.grpc.StatusRuntimeException: CANCELLED: HTTP/2 error code: CANCEL
Received Rst Stream
2019-10-02 20:44:36,488 [main] INFO  server.GrpcService (GrpcService.java:closeImpl(172)) - df5571b8-72e0-4512-9986-2980712bea17: shutdown server with port 42107 successfully
2019-10-02 20:44:36,488 [grpc-default-executor-4] INFO  impl.FollowerInfo (FollowerInfo.java:lambda$new$0(51)) - 243067d9-1796-4aab-8b65-6e98712d942b@group-CF7CB16F510F->df5571b8-72e0-4512-9986-2980712bea17: nextIndex: updateUnconditionally 3 -> 2
2019-10-02 20:44:36,491 [refreshUsed-/workdir/hadoop-ozone/integration-test/target/test-dir/MiniOzoneClusterImpl-323daffa-1557-4126-988f-69c5ea63cf7f/datanode-1/data/containers] WARN  fs.CachingGetSpaceUsed (CachingGetSpaceUsed.java:run(183)) - Thread Interrupted waiting to refresh disk information: sleep interrupted
2019-10-02 20:44:36,511 [main] INFO  utils.BackgroundService (BackgroundService.java:shutdown(148)) - Shutting down service BlockDeletingService
2019-10-02 20:44:36,517 [main] INFO  statemachine.DatanodeStateMachine (DatanodeStateMachine.java:stopDaemon(395)) - Ozone container server stopped.
2019-10-02 20:44:36,519 [main] INFO  handler.ContextHandler (ContextHandler.java:doStop(910)) - Stopped o.e.j.w.WebAppContext@9accff0{/,null,UNAVAILABLE}{/hddsDatanode}
2019-10-02 20:44:36,520 [main] INFO  server.AbstractConnector (AbstractConnector.java:doStop(318)) - Stopped ServerConnector@52559a69{HTTP/1.1,[http/1.1]}{0.0.0.0:0}
2019-10-02 20:44:36,520 [main] INFO  handler.ContextHandler (ContextHandler.java:doStop(910)) - Stopped o.e.j.s.ServletContextHandler@36ef1d65{/static,jar:file:/home/user/.m2/repository/org/apache/hadoop/hadoop-hdds-container-service/0.5.0-SNAPSHOT/hadoop-hdds-container-service-0.5.0-SNAPSHOT.jar!/webapps/static,UNAVAILABLE}
2019-10-02 20:44:36,521 [main] INFO  handler.ContextHandler (ContextHandler.java:doStop(910)) - Stopped o.e.j.s.ServletContextHandler@2a2dc0a{/logs,file:///workdir/hadoop-ozone/integration-test/target/log,UNAVAILABLE}
2019-10-02 20:44:37,458 [Datanode State Machine Thread - 0] INFO  statemachine.DatanodeStateMachine (DatanodeStateMachine.java:lambda$startDaemon$0(350)) - Ozone container server started.
2019-10-02 20:44:38,871 [grpc-default-executor-0] WARN  server.GrpcLogAppender (LogUtils.java:warn(134)) - 243067d9-1796-4aab-8b65-6e98712d942b@group-CF7CB16F510F->df5571b8-72e0-4512-9986-2980712bea17-AppendLogResponseHandler: Failed appendEntries: org.apache.ratis.thirdparty.io.grpc.StatusRuntimeException: UNAVAILABLE: io exception
2019-10-02 20:44:38,872 [grpc-default-executor-0] INFO  impl.FollowerInfo (FollowerInfo.java:lambda$new$0(51)) - 243067d9-1796-4aab-8b65-6e98712d942b@group-CF7CB16F510F->df5571b8-72e0-4512-9986-2980712bea17: nextIndex: updateUnconditionally 2 -> 1
2019-10-02 20:44:41,378 [grpc-default-executor-0] WARN  server.GrpcLogAppender (LogUtils.java:warn(134)) - 243067d9-1796-4aab-8b65-6e98712d942b@group-CF7CB16F510F->df5571b8-72e0-4512-9986-2980712bea17-AppendLogResponseHandler: Failed appendEntries: org.apache.ratis.thirdparty.io.grpc.StatusRuntimeException: UNAVAILABLE: io exception
2019-10-02 20:44:41,380 [grpc-default-executor-0] INFO  impl.FollowerInfo (FollowerInfo.java:lambda$new$0(51)) - 243067d9-1796-4aab-8b65-6e98712d942b@group-CF7CB16F510F->df5571b8-72e0-4512-9986-2980712bea17: nextIndex: updateUnconditionally 1 -> 0
2019-10-02 20:44:41,523 [main] INFO  ozoneimpl.OzoneContainer (OzoneContainer.java:stop(231)) - Attempting to stop container services.
2019-10-02 20:44:41,525 [main] INFO  impl.RaftServerProxy (RaftServerProxy.java:lambda$close$4(314)) - 7ce65cc5-04b0-4a34-8c63-19f39baaf864: close
2019-10-02 20:44:41,526 [main] INFO  impl.RaftServerImpl (RaftServerImpl.java:lambda$shutdown$3(247)) - 7ce65cc5-04b0-4a34-8c63-19f39baaf864@group-A0AE3036F34A: shutdown
2019-10-02 20:44:41,526 [ForkJoinPool.commonPool-worker-0] INFO  impl.RaftServerImpl (RaftServerImpl.java:lambda$shutdown$3(247)) - 7ce65cc5-04b0-4a34-8c63-19f39baaf864@group-CF7CB16F510F: shutdown
2019-10-02 20:44:41,527 [main] INFO  util.JmxRegister (JmxRegister.java:unregister(73)) - Successfully un-registered JMX Bean with object name Ratis:service=RaftServer,group=group-A0AE3036F34A,id=7ce65cc5-04b0-4a34-8c63-19f39baaf864
2019-10-02 20:44:41,527 [ForkJoinPool.commonPool-worker-0] INFO  util.JmxRegister (JmxRegister.java:unregister(73)) - Successfully un-registered JMX Bean with object name Ratis:service=RaftServer,group=group-CF7CB16F510F,id=7ce65cc5-04b0-4a34-8c63-19f39baaf864
2019-10-02 20:44:41,527 [main] INFO  impl.RoleInfo (RoleInfo.java:shutdownLeaderState(104)) - 7ce65cc5-04b0-4a34-8c63-19f39baaf864: shutdown LeaderState
2019-10-02 20:44:41,527 [ForkJoinPool.commonPool-worker-0] INFO  impl.RoleInfo (RoleInfo.java:shutdownFollowerState(121)) - 7ce65cc5-04b0-4a34-8c63-19f39baaf864: shutdown FollowerState
2019-10-02 20:44:41,528 [main] INFO  impl.PendingRequests (PendingRequests.java:sendNotLeaderResponses(202)) - 7ce65cc5-04b0-4a34-8c63-19f39baaf864@group-A0AE3036F34A-PendingRequests: sendNotLeaderResponses
2019-10-02 20:44:41,528 [7ce65cc5-04b0-4a34-8c63-19f39baaf864@group-CF7CB16F510F-StateMachineUpdater] INFO  ratis.ContainerStateMachine (ContainerStateMachine.java:takeSnapshot(289)) - group-CF7CB16F510F: Taking a snapshot at:(t:1, i:1) file /workdir/hadoop-ozone/integration-test/target/test-dir/MiniOzoneClusterImpl-323daffa-1557-4126-988f-69c5ea63cf7f/datanode-0/data/ratis/5ce86b99-2c96-4540-bc36-cf7cb16f510f/sm/snapshot.1_1
2019-10-02 20:44:41,528 [Thread-1493] INFO  impl.FollowerState (FollowerState.java:run(117)) - 7ce65cc5-04b0-4a34-8c63-19f39baaf864@group-CF7CB16F510F-FollowerState was interrupted: java.lang.InterruptedException: sleep interrupted
2019-10-02 20:44:41,528 [ForkJoinPool.commonPool-worker-0] INFO  impl.StateMachineUpdater (StateMachineUpdater.java:stopAndJoin(136)) - 7ce65cc5-04b0-4a34-8c63-19f39baaf864@group-CF7CB16F510F-StateMachineUpdater: set stopIndex = 2
2019-10-02 20:44:41,533 [main] INFO  impl.StateMachineUpdater (StateMachineUpdater.java:stopAndJoin(136)) - 7ce65cc5-04b0-4a34-8c63-19f39baaf864@group-A0AE3036F34A-StateMachineUpdater: set stopIndex = 0
2019-10-02 20:44:41,534 [main] INFO  impl.RaftServerImpl (ServerState.java:close(387)) - 7ce65cc5-04b0-4a34-8c63-19f39baaf864@group-A0AE3036F34A: closes. applyIndex: 0
2019-10-02 20:44:41,535 [7ce65cc5-04b0-4a34-8c63-19f39baaf864@group-A0AE3036F34A-SegmentedRaftLogWorker] INFO  segmented.SegmentedRaftLogWorker (SegmentedRaftLogWorker.java:run(316)) - 7ce65cc5-04b0-4a34-8c63-19f39baaf864@group-A0AE3036F34A-SegmentedRaftLogWorker was interrupted, exiting. There are 0 tasks remaining in the queue.
2019-10-02 20:44:41,541 [main] INFO  segmented.SegmentedRaftLogWorker (SegmentedRaftLogWorker.java:close(224)) - 7ce65cc5-04b0-4a34-8c63-19f39baaf864@group-A0AE3036F34A-SegmentedRaftLogWorker close()
2019-10-02 20:44:41,546 [7ce65cc5-04b0-4a34-8c63-19f39baaf864@group-CF7CB16F510F-StateMachineUpdater] INFO  ratis.ContainerStateMachine (ContainerStateMachine.java:takeSnapshot(300)) - group-CF7CB16F510F: Finished taking a snapshot at:(t:1, i:1) file:/workdir/hadoop-ozone/integration-test/target/test-dir/MiniOzoneClusterImpl-323daffa-1557-4126-988f-69c5ea63cf7f/datanode-0/data/ratis/5ce86b99-2c96-4540-bc36-cf7cb16f510f/sm/snapshot.1_1 time:16
2019-10-02 20:44:41,546 [7ce65cc5-04b0-4a34-8c63-19f39baaf864@group-CF7CB16F510F-StateMachineUpdater] INFO  impl.StateMachineUpdater (StateMachineUpdater.java:takeSnapshot(269)) - 7ce65cc5-04b0-4a34-8c63-19f39baaf864@group-CF7CB16F510F-StateMachineUpdater: Took a snapshot at index 1
2019-10-02 20:44:41,546 [7ce65cc5-04b0-4a34-8c63-19f39baaf864@group-CF7CB16F510F-StateMachineUpdater] INFO  impl.StateMachineUpdater (StateMachineUpdater.java:lambda$new$0(84)) - 7ce65cc5-04b0-4a34-8c63-19f39baaf864@group-CF7CB16F510F-StateMachineUpdater: snapshotIndex: updateIncreasingly -1 -> 1
2019-10-02 20:44:41,547 [7ce65cc5-04b0-4a34-8c63-19f39baaf864@group-CF7CB16F510F-StateMachineUpdater] INFO  ratis.ContainerStateMachine (ContainerStateMachine.java:takeSnapshot(289)) - group-CF7CB16F510F: Taking a snapshot at:(t:1, i:1) file /workdir/hadoop-ozone/integration-test/target/test-dir/MiniOzoneClusterImpl-323daffa-1557-4126-988f-69c5ea63cf7f/datanode-0/data/ratis/5ce86b99-2c96-4540-bc36-cf7cb16f510f/sm/snapshot.1_1
2019-10-02 20:44:41,554 [7ce65cc5-04b0-4a34-8c63-19f39baaf864@group-CF7CB16F510F-StateMachineUpdater] INFO  ratis.ContainerStateMachine (ContainerStateMachine.java:takeSnapshot(300)) - group-CF7CB16F510F: Finished taking a snapshot at:(t:1, i:1) file:/workdir/hadoop-ozone/integration-test/target/test-dir/MiniOzoneClusterImpl-323daffa-1557-4126-988f-69c5ea63cf7f/datanode-0/data/ratis/5ce86b99-2c96-4540-bc36-cf7cb16f510f/sm/snapshot.1_1 time:8
2019-10-02 20:44:41,555 [7ce65cc5-04b0-4a34-8c63-19f39baaf864@group-CF7CB16F510F-StateMachineUpdater] INFO  impl.StateMachineUpdater (StateMachineUpdater.java:takeSnapshot(269)) - 7ce65cc5-04b0-4a34-8c63-19f39baaf864@group-CF7CB16F510F-StateMachineUpdater: Took a snapshot at index 1
2019-10-02 20:44:41,555 [7ce65cc5-04b0-4a34-8c63-19f39baaf864@group-CF7CB16F510F-StateMachineUpdater] INFO  impl.StateMachineUpdater (StateMachineUpdater.java:lambda$new$0(84)) - 7ce65cc5-04b0-4a34-8c63-19f39baaf864@group-CF7CB16F510F-StateMachineUpdater: snapshotIndex: updateIncreasingly 1 -> 1
2019-10-02 20:44:41,555 [ForkJoinPool.commonPool-worker-0] INFO  impl.RaftServerImpl (ServerState.java:close(387)) - 7ce65cc5-04b0-4a34-8c63-19f39baaf864@group-CF7CB16F510F: closes. applyIndex: 2
2019-10-02 20:44:41,555 [7ce65cc5-04b0-4a34-8c63-19f39baaf864@group-CF7CB16F510F-SegmentedRaftLogWorker] INFO  segmented.SegmentedRaftLogWorker (SegmentedRaftLogWorker.java:run(316)) - 7ce65cc5-04b0-4a34-8c63-19f39baaf864@group-CF7CB16F510F-SegmentedRaftLogWorker was interrupted, exiting. There are 0 tasks remaining in the queue.
2019-10-02 20:44:41,558 [ForkJoinPool.commonPool-worker-0] INFO  segmented.SegmentedRaftLogWorker (SegmentedRaftLogWorker.java:close(224)) - 7ce65cc5-04b0-4a34-8c63-19f39baaf864@group-CF7CB16F510F-SegmentedRaftLogWorker close()
2019-10-02 20:44:41,562 [main] INFO  server.GrpcService (GrpcService.java:closeImpl(164)) - 7ce65cc5-04b0-4a34-8c63-19f39baaf864: shutdown server with port 46275 now
2019-10-02 20:44:41,564 [main] INFO  server.GrpcService (GrpcService.java:closeImpl(172)) - 7ce65cc5-04b0-4a34-8c63-19f39baaf864: shutdown server with port 46275 successfully
2019-10-02 20:44:41,564 [grpc-default-executor-1] WARN  server.GrpcLogAppender (LogUtils.java:warn(134)) - 243067d9-1796-4aab-8b65-6e98712d942b@group-CF7CB16F510F->7ce65cc5-04b0-4a34-8c63-19f39baaf864-AppendLogResponseHandler: Failed appendEntries: org.apache.ratis.thirdparty.io.grpc.StatusRuntimeException: CANCELLED: HTTP/2 error code: CANCEL
Received Rst Stream
2019-10-02 20:44:41,564 [grpc-default-executor-4] WARN  server.GrpcServerProtocolService (LogUtils.java:warn(134)) - 7ce65cc5-04b0-4a34-8c63-19f39baaf864: installSnapshot onError, lastRequest: 243067d9-1796-4aab-8b65-6e98712d942b->7ce65cc5-04b0-4a34-8c63-19f39baaf864#7-t1, previous=(t:1, i:2), leaderCommit=2, initializing? false, entries: <empty>: org.apache.ratis.thirdparty.io.grpc.StatusRuntimeException: CANCELLED: cancelled before receiving half close
2019-10-02 20:44:41,564 [grpc-default-executor-1] INFO  impl.FollowerInfo (FollowerInfo.java:lambda$new$0(51)) - 243067d9-1796-4aab-8b65-6e98712d942b@group-CF7CB16F510F->7ce65cc5-04b0-4a34-8c63-19f39baaf864: nextIndex: updateUnconditionally 3 -> 2
2019-10-02 20:44:41,566 [refreshUsed-/workdir/hadoop-ozone/integration-test/target/test-dir/MiniOzoneClusterImpl-323daffa-1557-4126-988f-69c5ea63cf7f/datanode-0/data/containers] WARN  fs.CachingGetSpaceUsed (CachingGetSpaceUsed.java:run(183)) - Thread Interrupted waiting to refresh disk information: sleep interrupted
2019-10-02 20:44:41,584 [main] INFO  utils.BackgroundService (BackgroundService.java:shutdown(148)) - Shutting down service BlockDeletingService
2019-10-02 20:44:41,601 [main] INFO  statemachine.DatanodeStateMachine (DatanodeStateMachine.java:stopDaemon(395)) - Ozone container server stopped.
2019-10-02 20:44:41,604 [main] INFO  handler.ContextHandler (ContextHandler.java:doStop(910)) - Stopped o.e.j.w.WebAppContext@2accaec2{/,null,UNAVAILABLE}{/hddsDatanode}
2019-10-02 20:44:41,607 [main] INFO  server.AbstractConnector (AbstractConnector.java:doStop(318)) - Stopped ServerConnector@3e39baf0{HTTP/1.1,[http/1.1]}{0.0.0.0:0}
2019-10-02 20:44:41,608 [main] INFO  handler.ContextHandler (ContextHandler.java:doStop(910)) - Stopped o.e.j.s.ServletContextHandler@5cd96b41{/static,jar:file:/home/user/.m2/repository/org/apache/hadoop/hadoop-hdds-container-service/0.5.0-SNAPSHOT/hadoop-hdds-container-service-0.5.0-SNAPSHOT.jar!/webapps/static,UNAVAILABLE}
2019-10-02 20:44:41,608 [main] INFO  handler.ContextHandler (ContextHandler.java:doStop(910)) - Stopped o.e.j.s.ServletContextHandler@36776c32{/logs,file:///workdir/hadoop-ozone/integration-test/target/log,UNAVAILABLE}
2019-10-02 20:44:43,879 [grpc-default-executor-4] WARN  server.GrpcLogAppender (LogUtils.java:warn(134)) - 243067d9-1796-4aab-8b65-6e98712d942b@group-CF7CB16F510F->df5571b8-72e0-4512-9986-2980712bea17-AppendLogResponseHandler: Failed appendEntries: org.apache.ratis.thirdparty.io.grpc.StatusRuntimeException: UNAVAILABLE: io exception
2019-10-02 20:44:43,880 [grpc-default-executor-4] INFO  impl.FollowerInfo (FollowerInfo.java:lambda$new$0(51)) - 243067d9-1796-4aab-8b65-6e98712d942b@group-CF7CB16F510F->df5571b8-72e0-4512-9986-2980712bea17: nextIndex: updateUnconditionally 0 -> 0
2019-10-02 20:44:43,882 [grpc-default-executor-0] WARN  server.GrpcLogAppender (LogUtils.java:warn(134)) - 243067d9-1796-4aab-8b65-6e98712d942b@group-CF7CB16F510F->7ce65cc5-04b0-4a34-8c63-19f39baaf864-AppendLogResponseHandler: Failed appendEntries: org.apache.ratis.thirdparty.io.grpc.StatusRuntimeException: UNAVAILABLE: io exception
2019-10-02 20:44:43,882 [grpc-default-executor-0] INFO  impl.FollowerInfo (FollowerInfo.java:lambda$new$0(51)) - 243067d9-1796-4aab-8b65-6e98712d942b@group-CF7CB16F510F->7ce65cc5-04b0-4a34-8c63-19f39baaf864: nextIndex: updateUnconditionally 2 -> 1
2019-10-02 20:44:46,384 [grpc-default-executor-4] WARN  server.GrpcLogAppender (LogUtils.java:warn(134)) - 243067d9-1796-4aab-8b65-6e98712d942b@group-CF7CB16F510F->df5571b8-72e0-4512-9986-2980712bea17-AppendLogResponseHandler: Failed appendEntries: org.apache.ratis.thirdparty.io.grpc.StatusRuntimeException: UNAVAILABLE: io exception
2019-10-02 20:44:46,384 [grpc-default-executor-0] WARN  server.GrpcLogAppender (LogUtils.java:warn(134)) - 243067d9-1796-4aab-8b65-6e98712d942b@group-CF7CB16F510F->7ce65cc5-04b0-4a34-8c63-19f39baaf864-AppendLogResponseHandler: Failed appendEntries: org.apache.ratis.thirdparty.io.grpc.StatusRuntimeException: UNAVAILABLE: io exception
2019-10-02 20:44:46,386 [grpc-default-executor-4] INFO  impl.FollowerInfo (FollowerInfo.java:lambda$new$0(51)) - 243067d9-1796-4aab-8b65-6e98712d942b@group-CF7CB16F510F->df5571b8-72e0-4512-9986-2980712bea17: nextIndex: updateUnconditionally 0 -> 0
2019-10-02 20:44:46,386 [grpc-default-executor-0] INFO  impl.FollowerInfo (FollowerInfo.java:lambda$new$0(51)) - 243067d9-1796-4aab-8b65-6e98712d942b@group-CF7CB16F510F->7ce65cc5-04b0-4a34-8c63-19f39baaf864: nextIndex: updateUnconditionally 1 -> 0
2019-10-02 20:44:48,889 [grpc-default-executor-1] WARN  server.GrpcLogAppender (LogUtils.java:warn(134)) - 243067d9-1796-4aab-8b65-6e98712d942b@group-CF7CB16F510F->7ce65cc5-04b0-4a34-8c63-19f39baaf864-AppendLogResponseHandler: Failed appendEntries: org.apache.ratis.thirdparty.io.grpc.StatusRuntimeException: UNAVAILABLE: io exception
2019-10-02 20:44:48,889 [grpc-default-executor-0] WARN  server.GrpcLogAppender (LogUtils.java:warn(134)) - 243067d9-1796-4aab-8b65-6e98712d942b@group-CF7CB16F510F->df5571b8-72e0-4512-9986-2980712bea17-AppendLogResponseHandler: Failed appendEntries: org.apache.ratis.thirdparty.io.grpc.StatusRuntimeException: UNAVAILABLE: io exception
2019-10-02 20:44:48,890 [grpc-default-executor-1] INFO  impl.FollowerInfo (FollowerInfo.java:lambda$new$0(51)) - 243067d9-1796-4aab-8b65-6e98712d942b@group-CF7CB16F510F->7ce65cc5-04b0-4a34-8c63-19f39baaf864: nextIndex: updateUnconditionally 0 -> 0
2019-10-02 20:44:48,890 [grpc-default-executor-0] INFO  impl.FollowerInfo (FollowerInfo.java:lambda$new$0(51)) - 243067d9-1796-4aab-8b65-6e98712d942b@group-CF7CB16F510F->df5571b8-72e0-4512-9986-2980712bea17: nextIndex: updateUnconditionally 0 -> 0
2019-10-02 20:44:51,388 [grpc-default-executor-1] WARN  server.GrpcLogAppender (LogUtils.java:warn(134)) - 243067d9-1796-4aab-8b65-6e98712d942b@group-CF7CB16F510F->df5571b8-72e0-4512-9986-2980712bea17-AppendLogResponseHandler: Failed appendEntries: org.apache.ratis.thirdparty.io.grpc.StatusRuntimeException: UNAVAILABLE: io exception
2019-10-02 20:44:51,388 [grpc-default-executor-0] WARN  server.GrpcLogAppender (LogUtils.java:warn(134)) - 243067d9-1796-4aab-8b65-6e98712d942b@group-CF7CB16F510F->7ce65cc5-04b0-4a34-8c63-19f39baaf864-AppendLogResponseHandler: Failed appendEntries: org.apache.ratis.thirdparty.io.grpc.StatusRuntimeException: UNAVAILABLE: io exception
2019-10-02 20:44:51,389 [grpc-default-executor-0] INFO  impl.FollowerInfo (FollowerInfo.java:lambda$new$0(51)) - 243067d9-1796-4aab-8b65-6e98712d942b@group-CF7CB16F510F->7ce65cc5-04b0-4a34-8c63-19f39baaf864: nextIndex: updateUnconditionally 0 -> 0
2019-10-02 20:44:51,389 [grpc-default-executor-1] INFO  impl.FollowerInfo (FollowerInfo.java:lambda$new$0(51)) - 243067d9-1796-4aab-8b65-6e98712d942b@group-CF7CB16F510F->df5571b8-72e0-4512-9986-2980712bea17: nextIndex: updateUnconditionally 0 -> 0
2019-10-02 20:44:51,683 [Thread-1566] INFO  client.GrpcClientProtocolService (GrpcClientProtocolService.java:lambda$processClientRequest$0(278)) - Failed RaftClientRequest:client-C863D3B2CB8E->243067d9-1796-4aab-8b65-6e98712d942b@group-CF7CB16F510F, cid=67, seq=0, Watch-ALL_COMMITTED(29), Message:<EMPTY>, reply=RaftClientReply:client-C863D3B2CB8E->243067d9-1796-4aab-8b65-6e98712d942b@group-CF7CB16F510F, cid=67, FAILED org.apache.ratis.protocol.NotReplicatedException: Request with call Id 67 and log index 29 is not yet replicated to ALL_COMMITTED, logIndex=29, commits[243067d9-1796-4aab-8b65-6e98712d942b:c2, df5571b8-72e0-4512-9986-2980712bea17:c2, 7ce65cc5-04b0-4a34-8c63-19f39baaf864:c2]
2019-10-02 20:44:53,890 [grpc-default-executor-4] WARN  server.GrpcLogAppender (LogUtils.java:warn(134)) - 243067d9-1796-4aab-8b65-6e98712d942b@group-CF7CB16F510F->7ce65cc5-04b0-4a34-8c63-19f39baaf864-AppendLogResponseHandler: Failed appendEntries: org.apache.ratis.thirdparty.io.grpc.StatusRuntimeException: UNAVAILABLE: io exception
2019-10-02 20:44:53,890 [grpc-default-executor-1] WARN  server.GrpcLogAppender (LogUtils.java:warn(134)) - 243067d9-1796-4aab-8b65-6e98712d942b@group-CF7CB16F510F->df5571b8-72e0-4512-9986-2980712bea17-AppendLogResponseHandler: Failed appendEntries: org.apache.ratis.thirdparty.io.grpc.StatusRuntimeException: UNAVAILABLE: io exception
2019-10-02 20:44:53,896 [grpc-default-executor-4] INFO  impl.FollowerInfo (FollowerInfo.java:lambda$new$0(51)) - 243067d9-1796-4aab-8b65-6e98712d942b@group-CF7CB16F510F->7ce65cc5-04b0-4a34-8c63-19f39baaf864: nextIndex: updateUnconditionally 0 -> 0
2019-10-02 20:44:53,896 [grpc-default-executor-1] INFO  impl.FollowerInfo (FollowerInfo.java:lambda$new$0(51)) - 243067d9-1796-4aab-8b65-6e98712d942b@group-CF7CB16F510F->df5571b8-72e0-4512-9986-2980712bea17: nextIndex: updateUnconditionally 0 -> 0
2019-10-02 20:44:56,393 [grpc-default-executor-1] WARN  server.GrpcLogAppender (LogUtils.java:warn(134)) - 243067d9-1796-4aab-8b65-6e98712d942b@group-CF7CB16F510F->df5571b8-72e0-4512-9986-2980712bea17-AppendLogResponseHandler: Failed appendEntries: org.apache.ratis.thirdparty.io.grpc.StatusRuntimeException: UNAVAILABLE: io exception
2019-10-02 20:44:56,393 [grpc-default-executor-4] WARN  server.GrpcLogAppender (LogUtils.java:warn(134)) - 243067d9-1796-4aab-8b65-6e98712d942b@group-CF7CB16F510F->7ce65cc5-04b0-4a34-8c63-19f39baaf864-AppendLogResponseHandler: Failed appendEntries: org.apache.ratis.thirdparty.io.grpc.StatusRuntimeException: UNAVAILABLE: io exception
2019-10-02 20:44:56,394 [grpc-default-executor-1] INFO  impl.FollowerInfo (FollowerInfo.java:lambda$new$0(51)) - 243067d9-1796-4aab-8b65-6e98712d942b@group-CF7CB16F510F->df5571b8-72e0-4512-9986-2980712bea17: nextIndex: updateUnconditionally 0 -> 0
2019-10-02 20:44:56,394 [grpc-default-executor-4] INFO  impl.FollowerInfo (FollowerInfo.java:lambda$new$0(51)) - 243067d9-1796-4aab-8b65-6e98712d942b@group-CF7CB16F510F->7ce65cc5-04b0-4a34-8c63-19f39baaf864: nextIndex: updateUnconditionally 0 -> 0
2019-10-02 20:44:58,897 [grpc-default-executor-4] WARN  server.GrpcLogAppender (LogUtils.java:warn(134)) - 243067d9-1796-4aab-8b65-6e98712d942b@group-CF7CB16F510F->df5571b8-72e0-4512-9986-2980712bea17-AppendLogResponseHandler: Failed appendEntries: org.apache.ratis.thirdparty.io.grpc.StatusRuntimeException: UNAVAILABLE: io exception
2019-10-02 20:44:58,897 [grpc-default-executor-1] WARN  server.GrpcLogAppender (LogUtils.java:warn(134)) - 243067d9-1796-4aab-8b65-6e98712d942b@group-CF7CB16F510F->7ce65cc5-04b0-4a34-8c63-19f39baaf864-AppendLogResponseHandler: Failed appendEntries: org.apache.ratis.thirdparty.io.grpc.StatusRuntimeException: UNAVAILABLE: io exception
2019-10-02 20:44:58,898 [grpc-default-executor-4] INFO  impl.FollowerInfo (FollowerInfo.java:lambda$new$0(51)) - 243067d9-1796-4aab-8b65-6e98712d942b@group-CF7CB16F510F->df5571b8-72e0-4512-9986-2980712bea17: nextIndex: updateUnconditionally 0 -> 0
2019-10-02 20:44:58,898 [grpc-default-executor-1] INFO  impl.FollowerInfo (FollowerInfo.java:lambda$new$0(51)) - 243067d9-1796-4aab-8b65-6e98712d942b@group-CF7CB16F510F->7ce65cc5-04b0-4a34-8c63-19f39baaf864: nextIndex: updateUnconditionally 0 -> 0
2019-10-02 20:45:01,401 [grpc-default-executor-4] WARN  server.GrpcLogAppender (LogUtils.java:warn(134)) - 243067d9-1796-4aab-8b65-6e98712d942b@group-CF7CB16F510F->df5571b8-72e0-4512-9986-2980712bea17-AppendLogResponseHandler: Failed appendEntries: org.apache.ratis.thirdparty.io.grpc.StatusRuntimeException: UNAVAILABLE: io exception
2019-10-02 20:45:01,401 [grpc-default-executor-1] WARN  server.GrpcLogAppender (LogUtils.java:warn(134)) - 243067d9-1796-4aab-8b65-6e98712d942b@group-CF7CB16F510F->7ce65cc5-04b0-4a34-8c63-19f39baaf864-AppendLogResponseHandler: Failed appendEntries: org.apache.ratis.thirdparty.io.grpc.StatusRuntimeException: UNAVAILABLE: io exception
2019-10-02 20:45:01,402 [grpc-default-executor-4] INFO  impl.FollowerInfo (FollowerInfo.java:lambda$new$0(51)) - 243067d9-1796-4aab-8b65-6e98712d942b@group-CF7CB16F510F->df5571b8-72e0-4512-9986-2980712bea17: nextIndex: updateUnconditionally 0 -> 0
2019-10-02 20:45:01,402 [grpc-default-executor-1] INFO  impl.FollowerInfo (FollowerInfo.java:lambda$new$0(51)) - 243067d9-1796-4aab-8b65-6e98712d942b@group-CF7CB16F510F->7ce65cc5-04b0-4a34-8c63-19f39baaf864: nextIndex: updateUnconditionally 0 -> 0
2019-10-02 20:45:01,613 [main] WARN  scm.XceiverClientRatis (XceiverClientRatis.java:watchForCommit(292)) - 3 way commit failed on pipeline Pipeline[ Id: 5ce86b99-2c96-4540-bc36-cf7cb16f510f, Nodes: df5571b8-72e0-4512-9986-2980712bea17{ip: 192.168.164.206, host: pr-hdds-2162-pj84x-1708865144, networkLocation: /default-rack, certSerialId: null}7ce65cc5-04b0-4a34-8c63-19f39baaf864{ip: 192.168.164.206, host: pr-hdds-2162-pj84x-1708865144, networkLocation: /default-rack, certSerialId: null}243067d9-1796-4aab-8b65-6e98712d942b{ip: 192.168.164.206, host: pr-hdds-2162-pj84x-1708865144, networkLocation: /default-rack, certSerialId: null}, Type:RATIS, Factor:THREE, State:OPEN]
java.util.concurrent.TimeoutException
	at java.util.concurrent.CompletableFuture.timedGet(CompletableFuture.java:1771)
	at java.util.concurrent.CompletableFuture.get(CompletableFuture.java:1915)
	at org.apache.hadoop.hdds.scm.XceiverClientRatis.watchForCommit(XceiverClientRatis.java:289)
	at org.apache.hadoop.ozone.client.rpc.TestWatchForCommit.testWatchForCommitForRetryfailure(TestWatchForCommit.java:345)
	at sun.reflect.NativeMethodAccessorImpl.invoke0(Native Method)
	at sun.reflect.NativeMethodAccessorImpl.invoke(NativeMethodAccessorImpl.java:62)
	at sun.reflect.DelegatingMethodAccessorImpl.invoke(DelegatingMethodAccessorImpl.java:43)
	at java.lang.reflect.Method.invoke(Method.java:498)
	at org.junit.runners.model.FrameworkMethod$1.runReflectiveCall(FrameworkMethod.java:47)
	at org.junit.internal.runners.model.ReflectiveCallable.run(ReflectiveCallable.java:12)
	at org.junit.runners.model.FrameworkMethod.invokeExplosively(FrameworkMethod.java:44)
	at org.junit.internal.runners.statements.InvokeMethod.evaluate(InvokeMethod.java:17)
	at org.junit.runners.ParentRunner.runLeaf(ParentRunner.java:271)
	at org.junit.runners.BlockJUnit4ClassRunner.runChild(BlockJUnit4ClassRunner.java:70)
	at org.junit.runners.BlockJUnit4ClassRunner.runChild(BlockJUnit4ClassRunner.java:50)
	at org.junit.runners.ParentRunner$3.run(ParentRunner.java:238)
	at org.junit.runners.ParentRunner$1.schedule(ParentRunner.java:63)
	at org.junit.runners.ParentRunner.runChildren(ParentRunner.java:236)
	at org.junit.runners.ParentRunner.access$000(ParentRunner.java:53)
	at org.junit.runners.ParentRunner$2.evaluate(ParentRunner.java:229)
	at org.junit.runners.ParentRunner.run(ParentRunner.java:309)
	at org.apache.maven.surefire.junit4.JUnit4Provider.execute(JUnit4Provider.java:365)
	at org.apache.maven.surefire.junit4.JUnit4Provider.executeWithRerun(JUnit4Provider.java:273)
	at org.apache.maven.surefire.junit4.JUnit4Provider.executeTestSet(JUnit4Provider.java:238)
	at org.apache.maven.surefire.junit4.JUnit4Provider.invoke(JUnit4Provider.java:159)
	at org.apache.maven.surefire.booter.ForkedBooter.invokeProviderInSameClassLoader(ForkedBooter.java:384)
	at org.apache.maven.surefire.booter.ForkedBooter.runSuitesInProcess(ForkedBooter.java:345)
	at org.apache.maven.surefire.booter.ForkedBooter.execute(ForkedBooter.java:126)
	at org.apache.maven.surefire.booter.ForkedBooter.main(ForkedBooter.java:418)
2019-10-02 20:45:02,683 [Thread-1580] INFO  client.GrpcClientProtocolService (GrpcClientProtocolService.java:lambda$processClientRequest$0(278)) - Failed RaftClientRequest:client-C863D3B2CB8E->243067d9-1796-4aab-8b65-6e98712d942b@group-CF7CB16F510F, cid=67, seq=0, Watch-ALL_COMMITTED(29), Message:<EMPTY>, reply=RaftClientReply:client-C863D3B2CB8E->243067d9-1796-4aab-8b65-6e98712d942b@group-CF7CB16F510F, cid=67, FAILED org.apache.ratis.protocol.NotReplicatedException: Request with call Id 67 and log index 29 is not yet replicated to ALL_COMMITTED, logIndex=29, commits[243067d9-1796-4aab-8b65-6e98712d942b:c2, df5571b8-72e0-4512-9986-2980712bea17:c2, 7ce65cc5-04b0-4a34-8c63-19f39baaf864:c2]
2019-10-02 20:45:03,903 [grpc-default-executor-1] WARN  server.GrpcLogAppender (LogUtils.java:warn(134)) - 243067d9-1796-4aab-8b65-6e98712d942b@group-CF7CB16F510F->df5571b8-72e0-4512-9986-2980712bea17-AppendLogResponseHandler: Failed appendEntries: org.apache.ratis.thirdparty.io.grpc.StatusRuntimeException: UNAVAILABLE: io exception
2019-10-02 20:45:03,903 [grpc-default-executor-4] WARN  server.GrpcLogAppender (LogUtils.java:warn(134)) - 243067d9-1796-4aab-8b65-6e98712d942b@group-CF7CB16F510F->7ce65cc5-04b0-4a34-8c63-19f39baaf864-AppendLogResponseHandler: Failed appendEntries: org.apache.ratis.thirdparty.io.grpc.StatusRuntimeException: UNAVAILABLE: io exception
2019-10-02 20:45:03,909 [grpc-default-executor-1] INFO  impl.FollowerInfo (FollowerInfo.java:lambda$new$0(51)) - 243067d9-1796-4aab-8b65-6e98712d942b@group-CF7CB16F510F->df5571b8-72e0-4512-9986-2980712bea17: nextIndex: updateUnconditionally 0 -> 0
2019-10-02 20:45:03,909 [grpc-default-executor-4] INFO  impl.FollowerInfo (FollowerInfo.java:lambda$new$0(51)) - 243067d9-1796-4aab-8b65-6e98712d942b@group-CF7CB16F510F->7ce65cc5-04b0-4a34-8c63-19f39baaf864: nextIndex: updateUnconditionally 0 -> 0
2019-10-02 20:45:06,404 [grpc-default-executor-1] WARN  server.GrpcLogAppender (LogUtils.java:warn(134)) - 243067d9-1796-4aab-8b65-6e98712d942b@group-CF7CB16F510F->7ce65cc5-04b0-4a34-8c63-19f39baaf864-AppendLogResponseHandler: Failed appendEntries: org.apache.ratis.thirdparty.io.grpc.StatusRuntimeException: UNAVAILABLE: io exception
2019-10-02 20:45:06,404 [grpc-default-executor-4] WARN  server.GrpcLogAppender (LogUtils.java:warn(134)) - 243067d9-1796-4aab-8b65-6e98712d942b@group-CF7CB16F510F->df5571b8-72e0-4512-9986-2980712bea17-AppendLogResponseHandler: Failed appendEntries: org.apache.ratis.thirdparty.io.grpc.StatusRuntimeException: UNAVAILABLE: io exception
2019-10-02 20:45:06,405 [grpc-default-executor-1] INFO  impl.FollowerInfo (FollowerInfo.java:lambda$new$0(51)) - 243067d9-1796-4aab-8b65-6e98712d942b@group-CF7CB16F510F->7ce65cc5-04b0-4a34-8c63-19f39baaf864: nextIndex: updateUnconditionally 0 -> 0
2019-10-02 20:45:06,405 [grpc-default-executor-4] INFO  impl.FollowerInfo (FollowerInfo.java:lambda$new$0(51)) - 243067d9-1796-4aab-8b65-6e98712d942b@group-CF7CB16F510F->df5571b8-72e0-4512-9986-2980712bea17: nextIndex: updateUnconditionally 0 -> 0
2019-10-02 20:45:08,908 [grpc-default-executor-1] WARN  server.GrpcLogAppender (LogUtils.java:warn(134)) - 243067d9-1796-4aab-8b65-6e98712d942b@group-CF7CB16F510F->df5571b8-72e0-4512-9986-2980712bea17-AppendLogResponseHandler: Failed appendEntries: org.apache.ratis.thirdparty.io.grpc.StatusRuntimeException: UNAVAILABLE: io exception
2019-10-02 20:45:08,909 [grpc-default-executor-6] WARN  server.GrpcLogAppender (LogUtils.java:warn(134)) - 243067d9-1796-4aab-8b65-6e98712d942b@group-CF7CB16F510F->7ce65cc5-04b0-4a34-8c63-19f39baaf864-AppendLogResponseHandler: Failed appendEntries: org.apache.ratis.thirdparty.io.grpc.StatusRuntimeException: UNAVAILABLE: io exception
2019-10-02 20:45:08,910 [grpc-default-executor-1] INFO  impl.FollowerInfo (FollowerInfo.java:lambda$new$0(51)) - 243067d9-1796-4aab-8b65-6e98712d942b@group-CF7CB16F510F->df5571b8-72e0-4512-9986-2980712bea17: nextIndex: updateUnconditionally 0 -> 0
2019-10-02 20:45:08,910 [grpc-default-executor-6] INFO  impl.FollowerInfo (FollowerInfo.java:lambda$new$0(51)) - 243067d9-1796-4aab-8b65-6e98712d942b@group-CF7CB16F510F->7ce65cc5-04b0-4a34-8c63-19f39baaf864: nextIndex: updateUnconditionally 0 -> 0
2019-10-02 20:45:11,409 [grpc-default-executor-6] WARN  server.GrpcLogAppender (LogUtils.java:warn(134)) - 243067d9-1796-4aab-8b65-6e98712d942b@group-CF7CB16F510F->7ce65cc5-04b0-4a34-8c63-19f39baaf864-AppendLogResponseHandler: Failed appendEntries: org.apache.ratis.thirdparty.io.grpc.StatusRuntimeException: UNAVAILABLE: io exception
2019-10-02 20:45:11,409 [grpc-default-executor-1] WARN  server.GrpcLogAppender (LogUtils.java:warn(134)) - 243067d9-1796-4aab-8b65-6e98712d942b@group-CF7CB16F510F->df5571b8-72e0-4512-9986-2980712bea17-AppendLogResponseHandler: Failed appendEntries: org.apache.ratis.thirdparty.io.grpc.StatusRuntimeException: UNAVAILABLE: io exception
2019-10-02 20:45:11,410 [grpc-default-executor-6] INFO  impl.FollowerInfo (FollowerInfo.java:lambda$new$0(51)) - 243067d9-1796-4aab-8b65-6e98712d942b@group-CF7CB16F510F->7ce65cc5-04b0-4a34-8c63-19f39baaf864: nextIndex: updateUnconditionally 0 -> 0
2019-10-02 20:45:11,410 [grpc-default-executor-1] INFO  impl.FollowerInfo (FollowerInfo.java:lambda$new$0(51)) - 243067d9-1796-4aab-8b65-6e98712d942b@group-CF7CB16F510F->df5571b8-72e0-4512-9986-2980712bea17: nextIndex: updateUnconditionally 0 -> 0
2019-10-02 20:45:11,683 [Thread-1594] INFO  client.GrpcClientProtocolService (GrpcClientProtocolService.java:lambda$processClientRequest$0(278)) - Failed RaftClientRequest:client-C863D3B2CB8E->243067d9-1796-4aab-8b65-6e98712d942b@group-CF7CB16F510F, cid=67, seq=0, Watch-ALL_COMMITTED(29), Message:<EMPTY>, reply=RaftClientReply:client-C863D3B2CB8E->243067d9-1796-4aab-8b65-6e98712d942b@group-CF7CB16F510F, cid=67, FAILED org.apache.ratis.protocol.NotReplicatedException: Request with call Id 67 and log index 29 is not yet replicated to ALL_COMMITTED, logIndex=29, commits[243067d9-1796-4aab-8b65-6e98712d942b:c2, df5571b8-72e0-4512-9986-2980712bea17:c2, 7ce65cc5-04b0-4a34-8c63-19f39baaf864:c2]
2019-10-02 20:45:12,682 [Thread-1596] INFO  client.GrpcClientProtocolService (GrpcClientProtocolService.java:lambda$processClientRequest$0(278)) - Failed RaftClientRequest:client-C863D3B2CB8E->243067d9-1796-4aab-8b65-6e98712d942b@group-CF7CB16F510F, cid=68, seq=0, Watch-MAJORITY_COMMITTED(29), Message:<EMPTY>, reply=RaftClientReply:client-C863D3B2CB8E->243067d9-1796-4aab-8b65-6e98712d942b@group-CF7CB16F510F, cid=68, FAILED org.apache.ratis.protocol.NotReplicatedException: Request with call Id 68 and log index 29 is not yet replicated to MAJORITY_COMMITTED, logIndex=29, commits[243067d9-1796-4aab-8b65-6e98712d942b:c2, df5571b8-72e0-4512-9986-2980712bea17:c2, 7ce65cc5-04b0-4a34-8c63-19f39baaf864:c2]
2019-10-02 20:45:13,910 [grpc-default-executor-1] WARN  server.GrpcLogAppender (LogUtils.java:warn(134)) - 243067d9-1796-4aab-8b65-6e98712d942b@group-CF7CB16F510F->7ce65cc5-04b0-4a34-8c63-19f39baaf864-AppendLogResponseHandler: Failed appendEntries: org.apache.ratis.thirdparty.io.grpc.StatusRuntimeException: UNAVAILABLE: io exception
2019-10-02 20:45:13,910 [grpc-default-executor-6] WARN  server.GrpcLogAppender (LogUtils.java:warn(134)) - 243067d9-1796-4aab-8b65-6e98712d942b@group-CF7CB16F510F->df5571b8-72e0-4512-9986-2980712bea17-AppendLogResponseHandler: Failed appendEntries: org.apache.ratis.thirdparty.io.grpc.StatusRuntimeException: UNAVAILABLE: io exception
2019-10-02 20:45:13,916 [grpc-default-executor-1] INFO  impl.FollowerInfo (FollowerInfo.java:lambda$new$0(51)) - 243067d9-1796-4aab-8b65-6e98712d942b@group-CF7CB16F510F->7ce65cc5-04b0-4a34-8c63-19f39baaf864: nextIndex: updateUnconditionally 0 -> 0
2019-10-02 20:45:13,916 [grpc-default-executor-6] INFO  impl.FollowerInfo (FollowerInfo.java:lambda$new$0(51)) - 243067d9-1796-4aab-8b65-6e98712d942b@group-CF7CB16F510F->df5571b8-72e0-4512-9986-2980712bea17: nextIndex: updateUnconditionally 0 -> 0
2019-10-02 20:45:16,413 [grpc-default-executor-6] WARN  server.GrpcLogAppender (LogUtils.java:warn(134)) - 243067d9-1796-4aab-8b65-6e98712d942b@group-CF7CB16F510F->7ce65cc5-04b0-4a34-8c63-19f39baaf864-AppendLogResponseHandler: Failed appendEntries: org.apache.ratis.thirdparty.io.grpc.StatusRuntimeException: UNAVAILABLE: io exception
2019-10-02 20:45:16,413 [grpc-default-executor-1] WARN  server.GrpcLogAppender (LogUtils.java:warn(134)) - 243067d9-1796-4aab-8b65-6e98712d942b@group-CF7CB16F510F->df5571b8-72e0-4512-9986-2980712bea17-AppendLogResponseHandler: Failed appendEntries: org.apache.ratis.thirdparty.io.grpc.StatusRuntimeException: UNAVAILABLE: io exception
2019-10-02 20:45:16,414 [grpc-default-executor-6] INFO  impl.FollowerInfo (FollowerInfo.java:lambda$new$0(51)) - 243067d9-1796-4aab-8b65-6e98712d942b@group-CF7CB16F510F->7ce65cc5-04b0-4a34-8c63-19f39baaf864: nextIndex: updateUnconditionally 0 -> 0
2019-10-02 20:45:16,414 [grpc-default-executor-1] INFO  impl.FollowerInfo (FollowerInfo.java:lambda$new$0(51)) - 243067d9-1796-4aab-8b65-6e98712d942b@group-CF7CB16F510F->df5571b8-72e0-4512-9986-2980712bea17: nextIndex: updateUnconditionally 0 -> 0
2019-10-02 20:45:18,917 [grpc-default-executor-5] WARN  server.GrpcLogAppender (LogUtils.java:warn(134)) - 243067d9-1796-4aab-8b65-6e98712d942b@group-CF7CB16F510F->7ce65cc5-04b0-4a34-8c63-19f39baaf864-AppendLogResponseHandler: Failed appendEntries: org.apache.ratis.thirdparty.io.grpc.StatusRuntimeException: UNAVAILABLE: io exception
2019-10-02 20:45:18,917 [grpc-default-executor-0] WARN  server.GrpcLogAppender (LogUtils.java:warn(134)) - 243067d9-1796-4aab-8b65-6e98712d942b@group-CF7CB16F510F->df5571b8-72e0-4512-9986-2980712bea17-AppendLogResponseHandler: Failed appendEntries: org.apache.ratis.thirdparty.io.grpc.StatusRuntimeException: UNAVAILABLE: io exception
2019-10-02 20:45:18,917 [grpc-default-executor-5] INFO  impl.FollowerInfo (FollowerInfo.java:lambda$new$0(51)) - 243067d9-1796-4aab-8b65-6e98712d942b@group-CF7CB16F510F->7ce65cc5-04b0-4a34-8c63-19f39baaf864: nextIndex: updateUnconditionally 0 -> 0
2019-10-02 20:45:18,917 [grpc-default-executor-0] INFO  impl.FollowerInfo (FollowerInfo.java:lambda$new$0(51)) - 243067d9-1796-4aab-8b65-6e98712d942b@group-CF7CB16F510F->df5571b8-72e0-4512-9986-2980712bea17: nextIndex: updateUnconditionally 0 -> 0
2019-10-02 20:45:21,416 [grpc-default-executor-1] WARN  server.GrpcLogAppender (LogUtils.java:warn(134)) - 243067d9-1796-4aab-8b65-6e98712d942b@group-CF7CB16F510F->7ce65cc5-04b0-4a34-8c63-19f39baaf864-AppendLogResponseHandler: Failed appendEntries: org.apache.ratis.thirdparty.io.grpc.StatusRuntimeException: UNAVAILABLE: io exception
2019-10-02 20:45:21,416 [grpc-default-executor-6] WARN  server.GrpcLogAppender (LogUtils.java:warn(134)) - 243067d9-1796-4aab-8b65-6e98712d942b@group-CF7CB16F510F->df5571b8-72e0-4512-9986-2980712bea17-AppendLogResponseHandler: Failed appendEntries: org.apache.ratis.thirdparty.io.grpc.StatusRuntimeException: UNAVAILABLE: io exception
2019-10-02 20:45:21,417 [grpc-default-executor-1] INFO  impl.FollowerInfo (FollowerInfo.java:lambda$new$0(51)) - 243067d9-1796-4aab-8b65-6e98712d942b@group-CF7CB16F510F->7ce65cc5-04b0-4a34-8c63-19f39baaf864: nextIndex: updateUnconditionally 0 -> 0
2019-10-02 20:45:21,417 [grpc-default-executor-6] INFO  impl.FollowerInfo (FollowerInfo.java:lambda$new$0(51)) - 243067d9-1796-4aab-8b65-6e98712d942b@group-CF7CB16F510F->df5571b8-72e0-4512-9986-2980712bea17: nextIndex: updateUnconditionally 0 -> 0
]]></system-out>
    <system-err><![CDATA[Oct 02, 2019 8:44:36 PM org.apache.ratis.thirdparty.io.grpc.internal.SerializingExecutor run
SEVERE: Exception while executing runnable org.apache.ratis.thirdparty.io.grpc.internal.ServerImpl$JumpToApplicationThreadServerStreamListener$1Closed@3a4bc005
org.apache.ratis.thirdparty.io.grpc.StatusRuntimeException: CANCELLED: call already cancelled
	at org.apache.ratis.thirdparty.io.grpc.Status.asRuntimeException(Status.java:517)
	at org.apache.ratis.thirdparty.io.grpc.stub.ServerCalls$ServerCallStreamObserverImpl.onCompleted(ServerCalls.java:356)
	at org.apache.ratis.grpc.server.GrpcServerProtocolService$ServerRequestStreamObserver.onError(GrpcServerProtocolService.java:121)
	at org.apache.ratis.thirdparty.io.grpc.stub.ServerCalls$StreamingServerCallHandler$StreamingServerCallListener.onCancel(ServerCalls.java:269)
	at org.apache.ratis.thirdparty.io.grpc.internal.ServerCallImpl$ServerStreamListenerImpl.closed(ServerCallImpl.java:293)
	at org.apache.ratis.thirdparty.io.grpc.internal.ServerImpl$JumpToApplicationThreadServerStreamListener$1Closed.runInContext(ServerImpl.java:741)
	at org.apache.ratis.thirdparty.io.grpc.internal.ContextRunnable.run(ContextRunnable.java:37)
	at org.apache.ratis.thirdparty.io.grpc.internal.SerializingExecutor.run(SerializingExecutor.java:123)
	at java.util.concurrent.ThreadPoolExecutor.runWorker(ThreadPoolExecutor.java:1149)
	at java.util.concurrent.ThreadPoolExecutor$Worker.run(ThreadPoolExecutor.java:624)
	at java.lang.Thread.run(Thread.java:748)

Oct 02, 2019 8:44:41 PM org.apache.ratis.thirdparty.io.grpc.internal.SerializingExecutor run
SEVERE: Exception while executing runnable org.apache.ratis.thirdparty.io.grpc.internal.ServerImpl$JumpToApplicationThreadServerStreamListener$1Closed@c758c08
org.apache.ratis.thirdparty.io.grpc.StatusRuntimeException: CANCELLED: call already cancelled
	at org.apache.ratis.thirdparty.io.grpc.Status.asRuntimeException(Status.java:517)
	at org.apache.ratis.thirdparty.io.grpc.stub.ServerCalls$ServerCallStreamObserverImpl.onCompleted(ServerCalls.java:356)
	at org.apache.ratis.grpc.server.GrpcServerProtocolService$ServerRequestStreamObserver.onError(GrpcServerProtocolService.java:121)
	at org.apache.ratis.thirdparty.io.grpc.stub.ServerCalls$StreamingServerCallHandler$StreamingServerCallListener.onCancel(ServerCalls.java:269)
	at org.apache.ratis.thirdparty.io.grpc.internal.ServerCallImpl$ServerStreamListenerImpl.closed(ServerCallImpl.java:293)
	at org.apache.ratis.thirdparty.io.grpc.internal.ServerImpl$JumpToApplicationThreadServerStreamListener$1Closed.runInContext(ServerImpl.java:741)
	at org.apache.ratis.thirdparty.io.grpc.internal.ContextRunnable.run(ContextRunnable.java:37)
	at org.apache.ratis.thirdparty.io.grpc.internal.SerializingExecutor.run(SerializingExecutor.java:123)
	at java.util.concurrent.ThreadPoolExecutor.runWorker(ThreadPoolExecutor.java:1149)
	at java.util.concurrent.ThreadPoolExecutor$Worker.run(ThreadPoolExecutor.java:624)
	at java.lang.Thread.run(Thread.java:748)

]]></system-err>
  </testcase>
  <testcase name="testWatchForCommitForGroupMismatchException" classname="org.apache.hadoop.ozone.client.rpc.TestWatchForCommit" time="32.628"/>
  <testcase name="test2WayCommitForTimeoutException" classname="org.apache.hadoop.ozone.client.rpc.TestWatchForCommit" time="22.886">
    <error type="java.util.concurrent.TimeoutException">java.util.concurrent.TimeoutException
	at java.util.concurrent.CompletableFuture.timedGet(CompletableFuture.java:1771)
	at java.util.concurrent.CompletableFuture.get(CompletableFuture.java:1915)
	at org.apache.hadoop.hdds.scm.XceiverClientRatis.watchForCommit(XceiverClientRatis.java:298)
	at org.apache.hadoop.ozone.client.rpc.TestWatchForCommit.test2WayCommitForTimeoutException(TestWatchForCommit.java:391)
	at sun.reflect.NativeMethodAccessorImpl.invoke0(Native Method)
	at sun.reflect.NativeMethodAccessorImpl.invoke(NativeMethodAccessorImpl.java:62)
	at sun.reflect.DelegatingMethodAccessorImpl.invoke(DelegatingMethodAccessorImpl.java:43)
	at java.lang.reflect.Method.invoke(Method.java:498)
	at org.junit.runners.model.FrameworkMethod$1.runReflectiveCall(FrameworkMethod.java:47)
	at org.junit.internal.runners.model.ReflectiveCallable.run(ReflectiveCallable.java:12)
	at org.junit.runners.model.FrameworkMethod.invokeExplosively(FrameworkMethod.java:44)
	at org.junit.internal.runners.statements.InvokeMethod.evaluate(InvokeMethod.java:17)
	at org.junit.runners.ParentRunner.runLeaf(ParentRunner.java:271)
	at org.junit.runners.BlockJUnit4ClassRunner.runChild(BlockJUnit4ClassRunner.java:70)
	at org.junit.runners.BlockJUnit4ClassRunner.runChild(BlockJUnit4ClassRunner.java:50)
	at org.junit.runners.ParentRunner$3.run(ParentRunner.java:238)
	at org.junit.runners.ParentRunner$1.schedule(ParentRunner.java:63)
	at org.junit.runners.ParentRunner.runChildren(ParentRunner.java:236)
	at org.junit.runners.ParentRunner.access$000(ParentRunner.java:53)
	at org.junit.runners.ParentRunner$2.evaluate(ParentRunner.java:229)
	at org.junit.runners.ParentRunner.run(ParentRunner.java:309)
	at org.apache.maven.surefire.junit4.JUnit4Provider.execute(JUnit4Provider.java:365)
	at org.apache.maven.surefire.junit4.JUnit4Provider.executeWithRerun(JUnit4Provider.java:273)
	at org.apache.maven.surefire.junit4.JUnit4Provider.executeTestSet(JUnit4Provider.java:238)
	at org.apache.maven.surefire.junit4.JUnit4Provider.invoke(JUnit4Provider.java:159)
	at org.apache.maven.surefire.booter.ForkedBooter.invokeProviderInSameClassLoader(ForkedBooter.java:384)
	at org.apache.maven.surefire.booter.ForkedBooter.runSuitesInProcess(ForkedBooter.java:345)
	at org.apache.maven.surefire.booter.ForkedBooter.execute(ForkedBooter.java:126)
	at org.apache.maven.surefire.booter.ForkedBooter.main(ForkedBooter.java:418)
</error>
    <system-out><![CDATA[2019-10-02 20:45:54,278 [main] WARN  server.ServerUtils (ServerUtils.java:getScmDbDir(145)) - ozone.scm.db.dirs is not configured. We recommend adding this setting. Falling back to ozone.metadata.dirs instead.
2019-10-02 20:45:54,292 [main] WARN  server.ServerUtils (ServerUtils.java:getScmDbDir(145)) - ozone.scm.db.dirs is not configured. We recommend adding this setting. Falling back to ozone.metadata.dirs instead.
2019-10-02 20:45:54,293 [main] WARN  server.ServerUtils (ServerUtils.java:getScmDbDir(145)) - ozone.scm.db.dirs is not configured. We recommend adding this setting. Falling back to ozone.metadata.dirs instead.
2019-10-02 20:45:54,293 [main] INFO  db.DBStoreBuilder (DBStoreBuilder.java:addTable(110)) - using custom profile for table: deletedBlocks
2019-10-02 20:45:54,293 [main] INFO  db.DBStoreBuilder (DBStoreBuilder.java:processTables(161)) - Using default column profile:DBProfile.DISK for Table:deletedBlocks
2019-10-02 20:45:54,293 [main] INFO  db.DBStoreBuilder (DBStoreBuilder.java:addTable(110)) - using custom profile for table: validCerts
2019-10-02 20:45:54,294 [main] INFO  db.DBStoreBuilder (DBStoreBuilder.java:processTables(161)) - Using default column profile:DBProfile.DISK for Table:validCerts
2019-10-02 20:45:54,294 [main] INFO  db.DBStoreBuilder (DBStoreBuilder.java:addTable(110)) - using custom profile for table: revokedCerts
2019-10-02 20:45:54,294 [main] INFO  db.DBStoreBuilder (DBStoreBuilder.java:processTables(161)) - Using default column profile:DBProfile.DISK for Table:revokedCerts
2019-10-02 20:45:54,294 [main] INFO  db.DBStoreBuilder (DBStoreBuilder.java:addTable(110)) - using custom profile for table: default
2019-10-02 20:45:54,294 [main] INFO  db.DBStoreBuilder (DBStoreBuilder.java:processTables(167)) - Using default column profile:DBProfile.DISK for Table:default
2019-10-02 20:45:54,294 [main] INFO  db.DBStoreBuilder (DBStoreBuilder.java:getDbProfile(198)) - Using default options. DBProfile.DISK
2019-10-02 20:45:54,462 [main] INFO  net.NodeSchemaLoader (NodeSchemaLoader.java:loadSchemaFromFile(125)) - Loading file from sun.misc.CompoundEnumeration@4a642e4b
2019-10-02 20:45:54,463 [main] INFO  net.NodeSchemaLoader (NodeSchemaLoader.java:loadSchema(171)) - Loading network topology layer schema file
2019-10-02 20:45:54,468 [main] WARN  server.ServerUtils (ServerUtils.java:sanitizeUserArgs(70)) - ozone.scm.stale.node.interval value = 300000 is larger than max = 100000 based on the key value of ozone.scm.heartbeat.thread.interval, reset to the max value 100000.
2019-10-02 20:45:54,468 [main] WARN  server.ServerUtils (ServerUtils.java:sanitizeUserArgs(70)) - ozone.scm.stale.node.interval value = 300000 is larger than max = 100000 based on the key value of ozone.scm.heartbeat.thread.interval, reset to the max value 100000.
2019-10-02 20:45:54,468 [main] INFO  node.SCMNodeManager (SCMNodeManager.java:<init>(114)) - Entering startup safe mode.
2019-10-02 20:45:54,469 [main] INFO  algorithms.ContainerPlacementPolicyFactory (ContainerPlacementPolicyFactory.java:getPolicy(57)) - Create container placement policy of type org.apache.hadoop.hdds.scm.container.placement.algorithms.SCMContainerPlacementRandom
2019-10-02 20:45:54,469 [main] WARN  server.ServerUtils (ServerUtils.java:getScmDbDir(145)) - ozone.scm.db.dirs is not configured. We recommend adding this setting. Falling back to ozone.metadata.dirs instead.
2019-10-02 20:45:54,518 [main] INFO  pipeline.SCMPipelineManager (SCMPipelineManager.java:initializePipelineState(132)) - No pipeline exists in current db
2019-10-02 20:45:54,518 [main] WARN  server.ServerUtils (ServerUtils.java:getScmDbDir(145)) - ozone.scm.db.dirs is not configured. We recommend adding this setting. Falling back to ozone.metadata.dirs instead.
2019-10-02 20:45:54,559 [main] WARN  events.EventQueue (EventQueue.java:fireEvent(183)) - No event handler registered for event TypedEvent{payloadType=SafeModeStatus, name='SafeModeStatus'}
2019-10-02 20:45:54,560 [main] INFO  ipc.CallQueueManager (CallQueueManager.java:<init>(84)) - Using callQueue: class java.util.concurrent.LinkedBlockingQueue, queueCapacity: 2000, scheduler: class org.apache.hadoop.ipc.DefaultRpcScheduler, ipcBackoff: false.
2019-10-02 20:45:54,561 [Socket Reader #1 for port 39046] INFO  ipc.Server (Server.java:run(1074)) - Starting Socket Reader #1 for port 39046
2019-10-02 20:45:54,566 [main] INFO  ipc.CallQueueManager (CallQueueManager.java:<init>(84)) - Using callQueue: class java.util.concurrent.LinkedBlockingQueue, queueCapacity: 2000, scheduler: class org.apache.hadoop.ipc.DefaultRpcScheduler, ipcBackoff: false.
2019-10-02 20:45:54,566 [Socket Reader #1 for port 39850] INFO  ipc.Server (Server.java:run(1074)) - Starting Socket Reader #1 for port 39850
2019-10-02 20:45:54,570 [main] INFO  ipc.CallQueueManager (CallQueueManager.java:<init>(84)) - Using callQueue: class java.util.concurrent.LinkedBlockingQueue, queueCapacity: 2000, scheduler: class org.apache.hadoop.ipc.DefaultRpcScheduler, ipcBackoff: false.
2019-10-02 20:45:54,570 [Socket Reader #1 for port 42070] INFO  ipc.Server (Server.java:run(1074)) - Starting Socket Reader #1 for port 42070
2019-10-02 20:45:54,574 [main] INFO  hdfs.DFSUtil (DFSUtil.java:httpServerTemplateForNNAndJN(1641)) - Starting Web-server for scm at: http://0.0.0.0:0
2019-10-02 20:45:54,576 [main] INFO  server.AuthenticationFilter (AuthenticationFilter.java:constructSecretProvider(240)) - Unable to initialize FileSignerSecretProvider, falling back to use random secrets.
2019-10-02 20:45:54,577 [main] WARN  http.HttpRequestLog (HttpRequestLog.java:getRequestLog(97)) - Jetty request log can only be enabled using Log4j
2019-10-02 20:45:54,579 [main] INFO  http.HttpServer2 (HttpServer2.java:addGlobalFilter(975)) - Added global filter 'safety' (class=org.apache.hadoop.http.HttpServer2$QuotingInputFilter)
2019-10-02 20:45:54,579 [main] INFO  http.HttpServer2 (HttpServer2.java:addFilter(948)) - Added filter static_user_filter (class=org.apache.hadoop.http.lib.StaticUserWebFilter$StaticUserFilter) to context scm
2019-10-02 20:45:54,580 [main] INFO  http.HttpServer2 (HttpServer2.java:addFilter(958)) - Added filter static_user_filter (class=org.apache.hadoop.http.lib.StaticUserWebFilter$StaticUserFilter) to context logs
2019-10-02 20:45:54,580 [main] INFO  http.HttpServer2 (HttpServer2.java:addFilter(958)) - Added filter static_user_filter (class=org.apache.hadoop.http.lib.StaticUserWebFilter$StaticUserFilter) to context static
2019-10-02 20:45:54,582 [main] INFO  server.StorageContainerManager (StorageContainerManager.java:start(770)) - StorageContainerLocationProtocol RPC server is listening at /0.0.0.0:42070
2019-10-02 20:45:54,584 [main] WARN  impl.MetricsConfig (MetricsConfig.java:loadFirst(134)) - Cannot locate configuration: tried hadoop-metrics2-storagecontainermanager.properties,hadoop-metrics2.properties
2019-10-02 20:45:54,585 [main] INFO  impl.MetricsSystemImpl (MetricsSystemImpl.java:startTimer(374)) - Scheduled Metric snapshot period at 10 second(s).
2019-10-02 20:45:54,585 [main] INFO  impl.MetricsSystemImpl (MetricsSystemImpl.java:start(191)) - StorageContainerManager metrics system started
2019-10-02 20:45:54,899 [main] WARN  impl.MetricsSystemImpl (MetricsSystemImpl.java:register(276)) - Sink prometheus already exists!
2019-10-02 20:45:55,175 [main] INFO  server.SCMClientProtocolServer (SCMClientProtocolServer.java:start(150)) - RPC server for Client  is listening at /0.0.0.0:42070
2019-10-02 20:45:55,175 [IPC Server Responder] INFO  ipc.Server (Server.java:run(1314)) - IPC Server Responder: starting
2019-10-02 20:45:55,175 [IPC Server listener on 42070] INFO  ipc.Server (Server.java:run(1153)) - IPC Server listener on 42070: starting
2019-10-02 20:45:55,183 [main] INFO  server.StorageContainerManager (StorageContainerManager.java:start(780)) - ScmBlockLocationProtocol RPC server is listening at /0.0.0.0:39850
2019-10-02 20:45:55,183 [main] INFO  server.SCMBlockProtocolServer (SCMBlockProtocolServer.java:start(146)) - RPC server for Block Protocol is listening at /0.0.0.0:39850
2019-10-02 20:45:55,183 [IPC Server Responder] INFO  ipc.Server (Server.java:run(1314)) - IPC Server Responder: starting
2019-10-02 20:45:55,183 [IPC Server listener on 39850] INFO  ipc.Server (Server.java:run(1153)) - IPC Server listener on 39850: starting
2019-10-02 20:45:55,189 [main] INFO  server.StorageContainerManager (StorageContainerManager.java:start(784)) - ScmDatanodeProtocl RPC server is listening at /0.0.0.0:39046
2019-10-02 20:45:55,189 [main] INFO  server.SCMDatanodeProtocolServer (SCMDatanodeProtocolServer.java:start(191)) - RPC server for DataNodes is listening at /0.0.0.0:39046
2019-10-02 20:45:55,190 [IPC Server Responder] INFO  ipc.Server (Server.java:run(1314)) - IPC Server Responder: starting
2019-10-02 20:45:55,191 [IPC Server listener on 39046] INFO  ipc.Server (Server.java:run(1153)) - IPC Server listener on 39046: starting
2019-10-02 20:45:55,196 [main] INFO  http.HttpServer2 (HttpServer2.java:bindListener(1191)) - Jetty bound to port 32918
2019-10-02 20:45:55,196 [main] INFO  server.Server (Server.java:doStart(351)) - jetty-9.3.25.v20180904, build timestamp: 2018-09-04T21:11:46Z, git hash: 3ce520221d0240229c862b122d2b06c12a625732
2019-10-02 20:45:55,198 [main] INFO  handler.ContextHandler (ContextHandler.java:doStart(781)) - Started o.e.j.s.ServletContextHandler@1f129467{/logs,file:///workdir/hadoop-ozone/integration-test/target/log,AVAILABLE}
2019-10-02 20:45:55,198 [main] INFO  handler.ContextHandler (ContextHandler.java:doStart(781)) - Started o.e.j.s.ServletContextHandler@57151b3a{/static,file:///workdir/hadoop-ozone/integration-test/target/test-classes/webapps/static,AVAILABLE}
2019-10-02 20:45:55,202 [main] INFO  handler.ContextHandler (ContextHandler.java:doStart(781)) - Started o.e.j.w.WebAppContext@370c9018{/,file:///workdir/hadoop-ozone/integration-test/target/test-classes/webapps/scm/,AVAILABLE}{/scm}
2019-10-02 20:45:55,202 [main] INFO  server.AbstractConnector (AbstractConnector.java:doStart(278)) - Started ServerConnector@3c81cd82{HTTP/1.1,[http/1.1]}{0.0.0.0:32918}
2019-10-02 20:45:55,204 [main] INFO  server.Server (Server.java:doStart(419)) - Started @218652ms
2019-10-02 20:45:55,205 [main] WARN  impl.MetricsSystemImpl (MetricsSystemImpl.java:register(276)) - Sink prometheus already exists!
2019-10-02 20:45:55,205 [main] INFO  server.BaseHttpServer (BaseHttpServer.java:updateConnectorAddress(215)) - HTTP server of SCM is listening at http://0.0.0.0:32918
2019-10-02 20:45:55,206 [main] WARN  server.ServerUtils (ServerUtils.java:getDBPath(222)) - ozone.om.db.dirs is not configured. We recommend adding this setting. Falling back to ozone.metadata.dirs instead.
2019-10-02 20:45:55,208 [org.apache.hadoop.util.JvmPauseMonitor$Monitor@49cb3881] INFO  util.JvmPauseMonitor (JvmPauseMonitor.java:run(188)) - Starting JVM pause monitor
2019-10-02 20:45:55,227 [main] INFO  ha.OMHANodeDetails (OMHANodeDetails.java:loadOMHAConfig(190)) - Configuration either no ozone.om.address set. Falling back to the default OM address /127.0.0.1:0
2019-10-02 20:45:55,227 [main] INFO  ha.OMHANodeDetails (OMHANodeDetails.java:getOMNodeDetails(220)) - OM Service ID is not set. Setting it to the default ID: omServiceIdDefault
2019-10-02 20:45:55,227 [main] WARN  server.ServerUtils (ServerUtils.java:getDBPath(222)) - ozone.om.db.dirs is not configured. We recommend adding this setting. Falling back to ozone.metadata.dirs instead.
2019-10-02 20:45:55,228 [main] WARN  server.ServerUtils (ServerUtils.java:getDBPath(222)) - ozone.om.db.dirs is not configured. We recommend adding this setting. Falling back to ozone.metadata.dirs instead.
2019-10-02 20:45:55,238 [main] WARN  server.ServerUtils (ServerUtils.java:getDBPath(222)) - ozone.om.db.dirs is not configured. We recommend adding this setting. Falling back to ozone.metadata.dirs instead.
2019-10-02 20:45:55,239 [main] INFO  db.DBStoreBuilder (DBStoreBuilder.java:addTable(110)) - using custom profile for table: userTable
2019-10-02 20:45:55,239 [main] INFO  db.DBStoreBuilder (DBStoreBuilder.java:processTables(161)) - Using default column profile:DBProfile.DISK for Table:userTable
2019-10-02 20:45:55,239 [main] INFO  db.DBStoreBuilder (DBStoreBuilder.java:addTable(110)) - using custom profile for table: volumeTable
2019-10-02 20:45:55,239 [main] INFO  db.DBStoreBuilder (DBStoreBuilder.java:processTables(161)) - Using default column profile:DBProfile.DISK for Table:volumeTable
2019-10-02 20:45:55,240 [main] INFO  db.DBStoreBuilder (DBStoreBuilder.java:addTable(110)) - using custom profile for table: bucketTable
2019-10-02 20:45:55,240 [main] INFO  db.DBStoreBuilder (DBStoreBuilder.java:processTables(161)) - Using default column profile:DBProfile.DISK for Table:bucketTable
2019-10-02 20:45:55,240 [main] INFO  db.DBStoreBuilder (DBStoreBuilder.java:addTable(110)) - using custom profile for table: keyTable
2019-10-02 20:45:55,240 [main] INFO  db.DBStoreBuilder (DBStoreBuilder.java:processTables(161)) - Using default column profile:DBProfile.DISK for Table:keyTable
2019-10-02 20:45:55,241 [main] INFO  db.DBStoreBuilder (DBStoreBuilder.java:addTable(110)) - using custom profile for table: deletedTable
2019-10-02 20:45:55,241 [main] INFO  db.DBStoreBuilder (DBStoreBuilder.java:processTables(161)) - Using default column profile:DBProfile.DISK for Table:deletedTable
2019-10-02 20:45:55,241 [main] INFO  db.DBStoreBuilder (DBStoreBuilder.java:addTable(110)) - using custom profile for table: openKeyTable
2019-10-02 20:45:55,241 [main] INFO  db.DBStoreBuilder (DBStoreBuilder.java:processTables(161)) - Using default column profile:DBProfile.DISK for Table:openKeyTable
2019-10-02 20:45:55,241 [main] INFO  db.DBStoreBuilder (DBStoreBuilder.java:addTable(110)) - using custom profile for table: s3Table
2019-10-02 20:45:55,241 [main] INFO  db.DBStoreBuilder (DBStoreBuilder.java:processTables(161)) - Using default column profile:DBProfile.DISK for Table:s3Table
2019-10-02 20:45:55,242 [main] INFO  db.DBStoreBuilder (DBStoreBuilder.java:addTable(110)) - using custom profile for table: multipartInfoTable
2019-10-02 20:45:55,242 [main] INFO  db.DBStoreBuilder (DBStoreBuilder.java:processTables(161)) - Using default column profile:DBProfile.DISK for Table:multipartInfoTable
2019-10-02 20:45:55,242 [main] INFO  db.DBStoreBuilder (DBStoreBuilder.java:addTable(110)) - using custom profile for table: dTokenTable
2019-10-02 20:45:55,242 [main] INFO  db.DBStoreBuilder (DBStoreBuilder.java:processTables(161)) - Using default column profile:DBProfile.DISK for Table:dTokenTable
2019-10-02 20:45:55,242 [main] INFO  db.DBStoreBuilder (DBStoreBuilder.java:addTable(110)) - using custom profile for table: s3SecretTable
2019-10-02 20:45:55,243 [main] INFO  db.DBStoreBuilder (DBStoreBuilder.java:processTables(161)) - Using default column profile:DBProfile.DISK for Table:s3SecretTable
2019-10-02 20:45:55,243 [main] INFO  db.DBStoreBuilder (DBStoreBuilder.java:addTable(110)) - using custom profile for table: prefixTable
2019-10-02 20:45:55,243 [main] INFO  db.DBStoreBuilder (DBStoreBuilder.java:processTables(161)) - Using default column profile:DBProfile.DISK for Table:prefixTable
2019-10-02 20:45:55,243 [main] INFO  db.DBStoreBuilder (DBStoreBuilder.java:addTable(110)) - using custom profile for table: default
2019-10-02 20:45:55,243 [main] INFO  db.DBStoreBuilder (DBStoreBuilder.java:processTables(167)) - Using default column profile:DBProfile.DISK for Table:default
2019-10-02 20:45:55,244 [main] INFO  db.DBStoreBuilder (DBStoreBuilder.java:getDbProfile(198)) - Using default options. DBProfile.DISK
2019-10-02 20:45:55,682 [Thread-2135] INFO  client.GrpcClientProtocolService (GrpcClientProtocolService.java:lambda$processClientRequest$0(278)) - Failed RaftClientRequest:client-C863D3B2CB8E->243067d9-1796-4aab-8b65-6e98712d942b@group-CF7CB16F510F, cid=68, seq=0, Watch-MAJORITY_COMMITTED(29), Message:<EMPTY>, reply=RaftClientReply:client-C863D3B2CB8E->243067d9-1796-4aab-8b65-6e98712d942b@group-CF7CB16F510F, cid=68, FAILED org.apache.ratis.protocol.NotReplicatedException: Request with call Id 68 and log index 29 is not yet replicated to MAJORITY_COMMITTED, logIndex=29, commits[243067d9-1796-4aab-8b65-6e98712d942b:c2, df5571b8-72e0-4512-9986-2980712bea17:c2, 7ce65cc5-04b0-4a34-8c63-19f39baaf864:c2]
2019-10-02 20:45:55,683 [Thread-2136] INFO  client.GrpcClientProtocolService (GrpcClientProtocolService.java:lambda$processClientRequest$0(278)) - Failed RaftClientRequest:client-C863D3B2CB8E->243067d9-1796-4aab-8b65-6e98712d942b@group-CF7CB16F510F, cid=67, seq=0, Watch-ALL_COMMITTED(29), Message:<EMPTY>, reply=RaftClientReply:client-C863D3B2CB8E->243067d9-1796-4aab-8b65-6e98712d942b@group-CF7CB16F510F, cid=67, FAILED org.apache.ratis.protocol.NotReplicatedException: Request with call Id 67 and log index 29 is not yet replicated to ALL_COMMITTED, logIndex=29, commits[243067d9-1796-4aab-8b65-6e98712d942b:c2, df5571b8-72e0-4512-9986-2980712bea17:c2, 7ce65cc5-04b0-4a34-8c63-19f39baaf864:c2]
2019-10-02 20:45:55,724 [main] INFO  ipc.CallQueueManager (CallQueueManager.java:<init>(84)) - Using callQueue: class java.util.concurrent.LinkedBlockingQueue, queueCapacity: 2000, scheduler: class org.apache.hadoop.ipc.DefaultRpcScheduler, ipcBackoff: false.
2019-10-02 20:45:55,725 [Socket Reader #1 for port 44564] INFO  ipc.Server (Server.java:run(1074)) - Starting Socket Reader #1 for port 44564
2019-10-02 20:45:55,742 [main] INFO  om.OzoneManager (OzoneManager.java:start(1069)) - OzoneManager RPC server is listening at localhost/127.0.0.1:44564
2019-10-02 20:45:55,742 [main] INFO  impl.MetricsSystemImpl (MetricsSystemImpl.java:init(158)) - OzoneManager metrics system started (again)
2019-10-02 20:45:55,743 [IPC Server Responder] INFO  ipc.Server (Server.java:run(1314)) - IPC Server Responder: starting
2019-10-02 20:45:55,745 [IPC Server listener on 44564] INFO  ipc.Server (Server.java:run(1153)) - IPC Server listener on 44564: starting
2019-10-02 20:45:55,751 [main] INFO  hdfs.DFSUtil (DFSUtil.java:httpServerTemplateForNNAndJN(1641)) - Starting Web-server for ozoneManager at: http://0.0.0.0:0
2019-10-02 20:45:55,752 [main] INFO  server.AuthenticationFilter (AuthenticationFilter.java:constructSecretProvider(240)) - Unable to initialize FileSignerSecretProvider, falling back to use random secrets.
2019-10-02 20:45:55,753 [main] WARN  http.HttpRequestLog (HttpRequestLog.java:getRequestLog(97)) - Jetty request log can only be enabled using Log4j
2019-10-02 20:45:55,755 [main] INFO  http.HttpServer2 (HttpServer2.java:addGlobalFilter(975)) - Added global filter 'safety' (class=org.apache.hadoop.http.HttpServer2$QuotingInputFilter)
2019-10-02 20:45:55,756 [main] INFO  http.HttpServer2 (HttpServer2.java:addFilter(948)) - Added filter static_user_filter (class=org.apache.hadoop.http.lib.StaticUserWebFilter$StaticUserFilter) to context ozoneManager
2019-10-02 20:45:55,756 [main] INFO  http.HttpServer2 (HttpServer2.java:addFilter(958)) - Added filter static_user_filter (class=org.apache.hadoop.http.lib.StaticUserWebFilter$StaticUserFilter) to context static
2019-10-02 20:45:55,756 [main] INFO  http.HttpServer2 (HttpServer2.java:addFilter(958)) - Added filter static_user_filter (class=org.apache.hadoop.http.lib.StaticUserWebFilter$StaticUserFilter) to context logs
2019-10-02 20:45:55,757 [main] INFO  http.HttpServer2 (HttpServer2.java:bindListener(1191)) - Jetty bound to port 42711
2019-10-02 20:45:55,757 [main] INFO  server.Server (Server.java:doStart(351)) - jetty-9.3.25.v20180904, build timestamp: 2018-09-04T21:11:46Z, git hash: 3ce520221d0240229c862b122d2b06c12a625732
2019-10-02 20:45:55,759 [main] INFO  handler.ContextHandler (ContextHandler.java:doStart(781)) - Started o.e.j.s.ServletContextHandler@3e4d40ea{/logs,file:///workdir/hadoop-ozone/integration-test/target/log,AVAILABLE}
2019-10-02 20:45:55,760 [main] INFO  handler.ContextHandler (ContextHandler.java:doStart(781)) - Started o.e.j.s.ServletContextHandler@2c9d90fc{/static,file:///workdir/hadoop-ozone/integration-test/target/test-classes/webapps/static,AVAILABLE}
2019-10-02 20:45:55,764 [main] INFO  handler.ContextHandler (ContextHandler.java:doStart(781)) - Started o.e.j.w.WebAppContext@1ee5632d{/,file:///workdir/hadoop-ozone/integration-test/target/test-classes/webapps/ozoneManager/,AVAILABLE}{/ozoneManager}
2019-10-02 20:45:55,764 [main] INFO  server.AbstractConnector (AbstractConnector.java:doStart(278)) - Started ServerConnector@52a7928a{HTTP/1.1,[http/1.1]}{0.0.0.0:42711}
2019-10-02 20:45:55,767 [main] INFO  server.Server (Server.java:doStart(419)) - Started @219215ms
2019-10-02 20:45:55,768 [main] WARN  impl.MetricsSystemImpl (MetricsSystemImpl.java:register(276)) - Sink prometheus already exists!
2019-10-02 20:45:55,768 [main] INFO  server.BaseHttpServer (BaseHttpServer.java:updateConnectorAddress(215)) - HTTP server of OZONEMANAGER is listening at http://0.0.0.0:42711
2019-10-02 20:45:55,786 [main] INFO  impl.MetricsSystemImpl (MetricsSystemImpl.java:init(158)) - HddsDatanode metrics system started (again)
2019-10-02 20:45:55,805 [main] INFO  ozone.HddsDatanodeService (HddsDatanodeService.java:start(184)) - HddsDatanodeService host:pr-hdds-2162-pj84x-1708865144 ip:192.168.164.206
2019-10-02 20:45:55,816 [main] INFO  volume.HddsVolume (HddsVolume.java:<init>(176)) - Creating Volume: /workdir/hadoop-ozone/integration-test/target/test-dir/MiniOzoneClusterImpl-9cef7e86-6480-4d54-bd6b-d10c3a5bf03e/datanode-0/data/containers/hdds of  storage type : DISK and capacity : 1482555576320
2019-10-02 20:45:55,816 [main] INFO  volume.VolumeSet (VolumeSet.java:initializeVolumeSet(170)) - Added Volume : /workdir/hadoop-ozone/integration-test/target/test-dir/MiniOzoneClusterImpl-9cef7e86-6480-4d54-bd6b-d10c3a5bf03e/datanode-0/data/containers/hdds to VolumeSet
2019-10-02 20:45:55,816 [main] INFO  volume.ThrottledAsyncChecker (ThrottledAsyncChecker.java:schedule(139)) - Scheduling a check for org.apache.hadoop.ozone.container.common.volume.HddsVolume@1f916219
2019-10-02 20:45:55,817 [main] INFO  volume.HddsVolumeChecker (HddsVolumeChecker.java:checkAllVolumes(202)) - Scheduled health check for volume org.apache.hadoop.ozone.container.common.volume.HddsVolume@1f916219
2019-10-02 20:45:55,831 [main] INFO  impl.RaftServerProxy (ConfUtils.java:logGet(43)) - raft.rpc.type = GRPC (default)
2019-10-02 20:45:55,831 [main] INFO  grpc.GrpcFactory (GrpcFactory.java:checkPooledByteBufAllocatorUseCacheForAllThreads(45)) - PERFORMANCE WARNING: useCacheForAllThreads is true that may cause Netty to create a lot garbage objects and, as a result, trigger GC.
	It is recommended to disable useCacheForAllThreads by setting -Dorg.apache.ratis.thirdparty.io.netty.allocator.useCacheForAllThreads=false in command line.
2019-10-02 20:45:55,832 [main] INFO  grpc.GrpcConfigKeys$Server (ConfUtils.java:logGet(43)) - raft.grpc.server.port = 0 (default)
2019-10-02 20:45:55,832 [main] INFO  server.GrpcService (ConfUtils.java:logGet(43)) - raft.grpc.message.size.max = 33570816 (custom)
2019-10-02 20:45:55,832 [main] INFO  server.RaftServerConfigKeys (ConfUtils.java:logGet(43)) - raft.server.log.appender.buffer.byte-limit = 33554432 (custom)
2019-10-02 20:45:55,832 [main] INFO  server.GrpcService (ConfUtils.java:logGet(43)) - raft.grpc.flow.control.window = 1MB (=1048576) (default)
2019-10-02 20:45:55,832 [main] INFO  server.RaftServerConfigKeys (ConfUtils.java:logGet(43)) - raft.server.rpc.request.timeout = 3000ms (default)
2019-10-02 20:45:55,833 [main] INFO  server.RaftServerConfigKeys (ConfUtils.java:logGet(43)) - raft.server.storage.dir = [/workdir/hadoop-ozone/integration-test/target/test-dir/MiniOzoneClusterImpl-9cef7e86-6480-4d54-bd6b-d10c3a5bf03e/datanode-0/data/ratis] (custom)
2019-10-02 20:45:55,834 [main] INFO  hdfs.DFSUtil (DFSUtil.java:httpServerTemplateForNNAndJN(1641)) - Starting Web-server for hddsDatanode at: http://0.0.0.0:0
2019-10-02 20:45:55,835 [main] INFO  server.AuthenticationFilter (AuthenticationFilter.java:constructSecretProvider(240)) - Unable to initialize FileSignerSecretProvider, falling back to use random secrets.
2019-10-02 20:45:55,835 [main] WARN  http.HttpRequestLog (HttpRequestLog.java:getRequestLog(97)) - Jetty request log can only be enabled using Log4j
2019-10-02 20:45:55,836 [main] INFO  http.HttpServer2 (HttpServer2.java:addGlobalFilter(975)) - Added global filter 'safety' (class=org.apache.hadoop.http.HttpServer2$QuotingInputFilter)
2019-10-02 20:45:55,837 [main] INFO  http.HttpServer2 (HttpServer2.java:addFilter(948)) - Added filter static_user_filter (class=org.apache.hadoop.http.lib.StaticUserWebFilter$StaticUserFilter) to context hddsDatanode
2019-10-02 20:45:55,837 [main] INFO  http.HttpServer2 (HttpServer2.java:addFilter(958)) - Added filter static_user_filter (class=org.apache.hadoop.http.lib.StaticUserWebFilter$StaticUserFilter) to context static
2019-10-02 20:45:55,837 [main] INFO  http.HttpServer2 (HttpServer2.java:addFilter(958)) - Added filter static_user_filter (class=org.apache.hadoop.http.lib.StaticUserWebFilter$StaticUserFilter) to context logs
2019-10-02 20:45:55,838 [main] INFO  http.HttpServer2 (HttpServer2.java:bindListener(1191)) - Jetty bound to port 45314
2019-10-02 20:45:55,838 [main] INFO  server.Server (Server.java:doStart(351)) - jetty-9.3.25.v20180904, build timestamp: 2018-09-04T21:11:46Z, git hash: 3ce520221d0240229c862b122d2b06c12a625732
2019-10-02 20:45:55,839 [main] INFO  handler.ContextHandler (ContextHandler.java:doStart(781)) - Started o.e.j.s.ServletContextHandler@5968800d{/logs,file:///workdir/hadoop-ozone/integration-test/target/log,AVAILABLE}
2019-10-02 20:45:55,840 [main] INFO  handler.ContextHandler (ContextHandler.java:doStart(781)) - Started o.e.j.s.ServletContextHandler@b1b471{/static,jar:file:/home/user/.m2/repository/org/apache/hadoop/hadoop-hdds-container-service/0.5.0-SNAPSHOT/hadoop-hdds-container-service-0.5.0-SNAPSHOT.jar!/webapps/static,AVAILABLE}
2019-10-02 20:45:55,877 [main] INFO  handler.ContextHandler (ContextHandler.java:doStart(781)) - Started o.e.j.w.WebAppContext@7ccd611e{/,file:///tmp/jetty-0.0.0.0-45314-hddsDatanode-_-any-8974167721445820649.dir/webapp/,AVAILABLE}{/hddsDatanode}
2019-10-02 20:45:55,878 [main] INFO  server.AbstractConnector (AbstractConnector.java:doStart(278)) - Started ServerConnector@4dc52559{HTTP/1.1,[http/1.1]}{0.0.0.0:45314}
2019-10-02 20:45:55,880 [main] INFO  server.Server (Server.java:doStart(419)) - Started @219328ms
2019-10-02 20:45:55,881 [main] WARN  impl.MetricsSystemImpl (MetricsSystemImpl.java:register(276)) - Sink prometheus already exists!
2019-10-02 20:45:55,881 [main] INFO  server.BaseHttpServer (BaseHttpServer.java:updateConnectorAddress(215)) - HTTP server of HDDSDATANODE is listening at http://0.0.0.0:45314
2019-10-02 20:45:55,881 [main] INFO  impl.MetricsSystemImpl (MetricsSystemImpl.java:init(158)) - HddsDatanode metrics system started (again)
2019-10-02 20:45:55,898 [org.apache.hadoop.util.JvmPauseMonitor$Monitor@3ca55214] INFO  util.JvmPauseMonitor (JvmPauseMonitor.java:run(188)) - Starting JVM pause monitor
2019-10-02 20:45:55,899 [main] INFO  ozone.HddsDatanodeService (HddsDatanodeService.java:start(184)) - HddsDatanodeService host:pr-hdds-2162-pj84x-1708865144 ip:192.168.164.206
2019-10-02 20:45:55,900 [Datanode State Machine Thread - 0] INFO  datanode.InitDatanodeState (InitDatanodeState.java:persistContainerDatanodeDetails(140)) - DatanodeDetails is persisted to /workdir/hadoop-ozone/integration-test/target/test-dir/MiniOzoneClusterImpl-9cef7e86-6480-4d54-bd6b-d10c3a5bf03e/datanode-0/meta/datanode.id
2019-10-02 20:45:55,908 [main] INFO  volume.HddsVolume (HddsVolume.java:<init>(176)) - Creating Volume: /workdir/hadoop-ozone/integration-test/target/test-dir/MiniOzoneClusterImpl-9cef7e86-6480-4d54-bd6b-d10c3a5bf03e/datanode-1/data/containers/hdds of  storage type : DISK and capacity : 1482555576320
2019-10-02 20:45:55,909 [main] INFO  volume.VolumeSet (VolumeSet.java:initializeVolumeSet(170)) - Added Volume : /workdir/hadoop-ozone/integration-test/target/test-dir/MiniOzoneClusterImpl-9cef7e86-6480-4d54-bd6b-d10c3a5bf03e/datanode-1/data/containers/hdds to VolumeSet
2019-10-02 20:45:55,909 [main] INFO  volume.ThrottledAsyncChecker (ThrottledAsyncChecker.java:schedule(139)) - Scheduling a check for org.apache.hadoop.ozone.container.common.volume.HddsVolume@2e6d76ba
2019-10-02 20:45:55,909 [main] INFO  volume.HddsVolumeChecker (HddsVolumeChecker.java:checkAllVolumes(202)) - Scheduled health check for volume org.apache.hadoop.ozone.container.common.volume.HddsVolume@2e6d76ba
2019-10-02 20:45:55,927 [main] INFO  impl.RaftServerProxy (ConfUtils.java:logGet(43)) - raft.rpc.type = GRPC (default)
2019-10-02 20:45:55,927 [main] INFO  grpc.GrpcFactory (GrpcFactory.java:checkPooledByteBufAllocatorUseCacheForAllThreads(45)) - PERFORMANCE WARNING: useCacheForAllThreads is true that may cause Netty to create a lot garbage objects and, as a result, trigger GC.
	It is recommended to disable useCacheForAllThreads by setting -Dorg.apache.ratis.thirdparty.io.netty.allocator.useCacheForAllThreads=false in command line.
2019-10-02 20:45:55,927 [main] INFO  grpc.GrpcConfigKeys$Server (ConfUtils.java:logGet(43)) - raft.grpc.server.port = 0 (default)
2019-10-02 20:45:55,927 [main] INFO  server.GrpcService (ConfUtils.java:logGet(43)) - raft.grpc.message.size.max = 33570816 (custom)
2019-10-02 20:45:55,928 [main] INFO  server.RaftServerConfigKeys (ConfUtils.java:logGet(43)) - raft.server.log.appender.buffer.byte-limit = 33554432 (custom)
2019-10-02 20:45:55,928 [main] INFO  server.GrpcService (ConfUtils.java:logGet(43)) - raft.grpc.flow.control.window = 1MB (=1048576) (default)
2019-10-02 20:45:55,928 [main] INFO  server.RaftServerConfigKeys (ConfUtils.java:logGet(43)) - raft.server.rpc.request.timeout = 3000ms (default)
2019-10-02 20:45:55,929 [main] INFO  server.RaftServerConfigKeys (ConfUtils.java:logGet(43)) - raft.server.storage.dir = [/workdir/hadoop-ozone/integration-test/target/test-dir/MiniOzoneClusterImpl-9cef7e86-6480-4d54-bd6b-d10c3a5bf03e/datanode-1/data/ratis] (custom)
2019-10-02 20:45:55,930 [main] INFO  hdfs.DFSUtil (DFSUtil.java:httpServerTemplateForNNAndJN(1641)) - Starting Web-server for hddsDatanode at: http://0.0.0.0:0
2019-10-02 20:45:55,931 [main] INFO  server.AuthenticationFilter (AuthenticationFilter.java:constructSecretProvider(240)) - Unable to initialize FileSignerSecretProvider, falling back to use random secrets.
2019-10-02 20:45:55,932 [main] WARN  http.HttpRequestLog (HttpRequestLog.java:getRequestLog(97)) - Jetty request log can only be enabled using Log4j
2019-10-02 20:45:55,934 [main] INFO  http.HttpServer2 (HttpServer2.java:addGlobalFilter(975)) - Added global filter 'safety' (class=org.apache.hadoop.http.HttpServer2$QuotingInputFilter)
2019-10-02 20:45:55,934 [main] INFO  http.HttpServer2 (HttpServer2.java:addFilter(948)) - Added filter static_user_filter (class=org.apache.hadoop.http.lib.StaticUserWebFilter$StaticUserFilter) to context hddsDatanode
2019-10-02 20:45:55,934 [main] INFO  http.HttpServer2 (HttpServer2.java:addFilter(958)) - Added filter static_user_filter (class=org.apache.hadoop.http.lib.StaticUserWebFilter$StaticUserFilter) to context static
2019-10-02 20:45:55,935 [main] INFO  http.HttpServer2 (HttpServer2.java:addFilter(958)) - Added filter static_user_filter (class=org.apache.hadoop.http.lib.StaticUserWebFilter$StaticUserFilter) to context logs
2019-10-02 20:45:55,935 [main] INFO  http.HttpServer2 (HttpServer2.java:bindListener(1191)) - Jetty bound to port 45417
2019-10-02 20:45:55,936 [main] INFO  server.Server (Server.java:doStart(351)) - jetty-9.3.25.v20180904, build timestamp: 2018-09-04T21:11:46Z, git hash: 3ce520221d0240229c862b122d2b06c12a625732
2019-10-02 20:45:55,938 [main] INFO  handler.ContextHandler (ContextHandler.java:doStart(781)) - Started o.e.j.s.ServletContextHandler@691567ea{/logs,file:///workdir/hadoop-ozone/integration-test/target/log,AVAILABLE}
2019-10-02 20:45:55,938 [main] INFO  handler.ContextHandler (ContextHandler.java:doStart(781)) - Started o.e.j.s.ServletContextHandler@5c8d58ed{/static,jar:file:/home/user/.m2/repository/org/apache/hadoop/hadoop-hdds-container-service/0.5.0-SNAPSHOT/hadoop-hdds-container-service-0.5.0-SNAPSHOT.jar!/webapps/static,AVAILABLE}
2019-10-02 20:45:55,978 [main] INFO  handler.ContextHandler (ContextHandler.java:doStart(781)) - Started o.e.j.w.WebAppContext@61359e87{/,file:///tmp/jetty-0.0.0.0-45417-hddsDatanode-_-any-7781263048650951070.dir/webapp/,AVAILABLE}{/hddsDatanode}
2019-10-02 20:45:55,978 [main] INFO  server.AbstractConnector (AbstractConnector.java:doStart(278)) - Started ServerConnector@2dc39b53{HTTP/1.1,[http/1.1]}{0.0.0.0:45417}
2019-10-02 20:45:55,981 [main] INFO  server.Server (Server.java:doStart(419)) - Started @219429ms
2019-10-02 20:45:55,982 [main] WARN  impl.MetricsSystemImpl (MetricsSystemImpl.java:register(276)) - Sink prometheus already exists!
2019-10-02 20:45:55,982 [main] INFO  server.BaseHttpServer (BaseHttpServer.java:updateConnectorAddress(215)) - HTTP server of HDDSDATANODE is listening at http://0.0.0.0:45417
2019-10-02 20:45:55,983 [main] INFO  impl.MetricsSystemImpl (MetricsSystemImpl.java:init(158)) - HddsDatanode metrics system started (again)
2019-10-02 20:45:56,009 [org.apache.hadoop.util.JvmPauseMonitor$Monitor@1b56ec0a] INFO  util.JvmPauseMonitor (JvmPauseMonitor.java:run(188)) - Starting JVM pause monitor
2019-10-02 20:45:56,011 [Datanode State Machine Thread - 0] INFO  datanode.InitDatanodeState (InitDatanodeState.java:persistContainerDatanodeDetails(140)) - DatanodeDetails is persisted to /workdir/hadoop-ozone/integration-test/target/test-dir/MiniOzoneClusterImpl-9cef7e86-6480-4d54-bd6b-d10c3a5bf03e/datanode-1/meta/datanode.id
2019-10-02 20:45:56,012 [main] INFO  ozone.HddsDatanodeService (HddsDatanodeService.java:start(184)) - HddsDatanodeService host:pr-hdds-2162-pj84x-1708865144 ip:192.168.164.206
2019-10-02 20:45:56,022 [main] INFO  volume.HddsVolume (HddsVolume.java:<init>(176)) - Creating Volume: /workdir/hadoop-ozone/integration-test/target/test-dir/MiniOzoneClusterImpl-9cef7e86-6480-4d54-bd6b-d10c3a5bf03e/datanode-2/data/containers/hdds of  storage type : DISK and capacity : 1482555576320
2019-10-02 20:45:56,023 [main] INFO  volume.VolumeSet (VolumeSet.java:initializeVolumeSet(170)) - Added Volume : /workdir/hadoop-ozone/integration-test/target/test-dir/MiniOzoneClusterImpl-9cef7e86-6480-4d54-bd6b-d10c3a5bf03e/datanode-2/data/containers/hdds to VolumeSet
2019-10-02 20:45:56,023 [main] INFO  volume.ThrottledAsyncChecker (ThrottledAsyncChecker.java:schedule(139)) - Scheduling a check for org.apache.hadoop.ozone.container.common.volume.HddsVolume@37606fee
2019-10-02 20:45:56,023 [main] INFO  volume.HddsVolumeChecker (HddsVolumeChecker.java:checkAllVolumes(202)) - Scheduled health check for volume org.apache.hadoop.ozone.container.common.volume.HddsVolume@37606fee
2019-10-02 20:45:56,037 [main] INFO  impl.RaftServerProxy (ConfUtils.java:logGet(43)) - raft.rpc.type = GRPC (default)
2019-10-02 20:45:56,038 [main] INFO  grpc.GrpcFactory (GrpcFactory.java:checkPooledByteBufAllocatorUseCacheForAllThreads(45)) - PERFORMANCE WARNING: useCacheForAllThreads is true that may cause Netty to create a lot garbage objects and, as a result, trigger GC.
	It is recommended to disable useCacheForAllThreads by setting -Dorg.apache.ratis.thirdparty.io.netty.allocator.useCacheForAllThreads=false in command line.
2019-10-02 20:45:56,038 [main] INFO  grpc.GrpcConfigKeys$Server (ConfUtils.java:logGet(43)) - raft.grpc.server.port = 0 (default)
2019-10-02 20:45:56,038 [main] INFO  server.GrpcService (ConfUtils.java:logGet(43)) - raft.grpc.message.size.max = 33570816 (custom)
2019-10-02 20:45:56,038 [main] INFO  server.RaftServerConfigKeys (ConfUtils.java:logGet(43)) - raft.server.log.appender.buffer.byte-limit = 33554432 (custom)
2019-10-02 20:45:56,038 [main] INFO  server.GrpcService (ConfUtils.java:logGet(43)) - raft.grpc.flow.control.window = 1MB (=1048576) (default)
2019-10-02 20:45:56,038 [main] INFO  server.RaftServerConfigKeys (ConfUtils.java:logGet(43)) - raft.server.rpc.request.timeout = 3000ms (default)
2019-10-02 20:45:56,039 [main] INFO  server.RaftServerConfigKeys (ConfUtils.java:logGet(43)) - raft.server.storage.dir = [/workdir/hadoop-ozone/integration-test/target/test-dir/MiniOzoneClusterImpl-9cef7e86-6480-4d54-bd6b-d10c3a5bf03e/datanode-2/data/ratis] (custom)
2019-10-02 20:45:56,040 [main] INFO  hdfs.DFSUtil (DFSUtil.java:httpServerTemplateForNNAndJN(1641)) - Starting Web-server for hddsDatanode at: http://0.0.0.0:0
2019-10-02 20:45:56,041 [main] INFO  server.AuthenticationFilter (AuthenticationFilter.java:constructSecretProvider(240)) - Unable to initialize FileSignerSecretProvider, falling back to use random secrets.
2019-10-02 20:45:56,042 [main] WARN  http.HttpRequestLog (HttpRequestLog.java:getRequestLog(97)) - Jetty request log can only be enabled using Log4j
2019-10-02 20:45:56,043 [main] INFO  http.HttpServer2 (HttpServer2.java:addGlobalFilter(975)) - Added global filter 'safety' (class=org.apache.hadoop.http.HttpServer2$QuotingInputFilter)
2019-10-02 20:45:56,043 [main] INFO  http.HttpServer2 (HttpServer2.java:addFilter(948)) - Added filter static_user_filter (class=org.apache.hadoop.http.lib.StaticUserWebFilter$StaticUserFilter) to context hddsDatanode
2019-10-02 20:45:56,044 [main] INFO  http.HttpServer2 (HttpServer2.java:addFilter(958)) - Added filter static_user_filter (class=org.apache.hadoop.http.lib.StaticUserWebFilter$StaticUserFilter) to context logs
2019-10-02 20:45:56,044 [main] INFO  http.HttpServer2 (HttpServer2.java:addFilter(958)) - Added filter static_user_filter (class=org.apache.hadoop.http.lib.StaticUserWebFilter$StaticUserFilter) to context static
2019-10-02 20:45:56,044 [main] INFO  http.HttpServer2 (HttpServer2.java:bindListener(1191)) - Jetty bound to port 45140
2019-10-02 20:45:56,045 [main] INFO  server.Server (Server.java:doStart(351)) - jetty-9.3.25.v20180904, build timestamp: 2018-09-04T21:11:46Z, git hash: 3ce520221d0240229c862b122d2b06c12a625732
2019-10-02 20:45:56,046 [main] INFO  handler.ContextHandler (ContextHandler.java:doStart(781)) - Started o.e.j.s.ServletContextHandler@4b7ed03e{/logs,file:///workdir/hadoop-ozone/integration-test/target/log,AVAILABLE}
2019-10-02 20:45:56,047 [main] INFO  handler.ContextHandler (ContextHandler.java:doStart(781)) - Started o.e.j.s.ServletContextHandler@6f91fbda{/static,jar:file:/home/user/.m2/repository/org/apache/hadoop/hadoop-hdds-container-service/0.5.0-SNAPSHOT/hadoop-hdds-container-service-0.5.0-SNAPSHOT.jar!/webapps/static,AVAILABLE}
2019-10-02 20:45:56,073 [main] INFO  handler.ContextHandler (ContextHandler.java:doStart(781)) - Started o.e.j.w.WebAppContext@599f1b7{/,file:///tmp/jetty-0.0.0.0-45140-hddsDatanode-_-any-8230512995783366432.dir/webapp/,AVAILABLE}{/hddsDatanode}
2019-10-02 20:45:56,074 [main] INFO  server.AbstractConnector (AbstractConnector.java:doStart(278)) - Started ServerConnector@22791b75{HTTP/1.1,[http/1.1]}{0.0.0.0:45140}
2019-10-02 20:45:56,077 [main] INFO  server.Server (Server.java:doStart(419)) - Started @219525ms
2019-10-02 20:45:56,078 [main] WARN  impl.MetricsSystemImpl (MetricsSystemImpl.java:register(276)) - Sink prometheus already exists!
2019-10-02 20:45:56,078 [main] INFO  server.BaseHttpServer (BaseHttpServer.java:updateConnectorAddress(215)) - HTTP server of HDDSDATANODE is listening at http://0.0.0.0:45140
2019-10-02 20:45:56,079 [main] INFO  impl.MetricsSystemImpl (MetricsSystemImpl.java:init(158)) - HddsDatanode metrics system started (again)
2019-10-02 20:45:56,099 [org.apache.hadoop.util.JvmPauseMonitor$Monitor@2eaa064f] INFO  util.JvmPauseMonitor (JvmPauseMonitor.java:run(188)) - Starting JVM pause monitor
2019-10-02 20:45:56,101 [main] INFO  ozone.HddsDatanodeService (HddsDatanodeService.java:start(184)) - HddsDatanodeService host:pr-hdds-2162-pj84x-1708865144 ip:192.168.164.206
2019-10-02 20:45:56,101 [Datanode State Machine Thread - 0] INFO  datanode.InitDatanodeState (InitDatanodeState.java:persistContainerDatanodeDetails(140)) - DatanodeDetails is persisted to /workdir/hadoop-ozone/integration-test/target/test-dir/MiniOzoneClusterImpl-9cef7e86-6480-4d54-bd6b-d10c3a5bf03e/datanode-2/meta/datanode.id
2019-10-02 20:45:56,110 [main] INFO  volume.HddsVolume (HddsVolume.java:<init>(176)) - Creating Volume: /workdir/hadoop-ozone/integration-test/target/test-dir/MiniOzoneClusterImpl-9cef7e86-6480-4d54-bd6b-d10c3a5bf03e/datanode-3/data/containers/hdds of  storage type : DISK and capacity : 1482555576320
2019-10-02 20:45:56,110 [main] INFO  volume.VolumeSet (VolumeSet.java:initializeVolumeSet(170)) - Added Volume : /workdir/hadoop-ozone/integration-test/target/test-dir/MiniOzoneClusterImpl-9cef7e86-6480-4d54-bd6b-d10c3a5bf03e/datanode-3/data/containers/hdds to VolumeSet
2019-10-02 20:45:56,110 [main] INFO  volume.ThrottledAsyncChecker (ThrottledAsyncChecker.java:schedule(139)) - Scheduling a check for org.apache.hadoop.ozone.container.common.volume.HddsVolume@4a2bf50f
2019-10-02 20:45:56,111 [main] INFO  volume.HddsVolumeChecker (HddsVolumeChecker.java:checkAllVolumes(202)) - Scheduled health check for volume org.apache.hadoop.ozone.container.common.volume.HddsVolume@4a2bf50f
2019-10-02 20:45:56,127 [main] INFO  impl.RaftServerProxy (ConfUtils.java:logGet(43)) - raft.rpc.type = GRPC (default)
2019-10-02 20:45:56,127 [main] INFO  grpc.GrpcFactory (GrpcFactory.java:checkPooledByteBufAllocatorUseCacheForAllThreads(45)) - PERFORMANCE WARNING: useCacheForAllThreads is true that may cause Netty to create a lot garbage objects and, as a result, trigger GC.
	It is recommended to disable useCacheForAllThreads by setting -Dorg.apache.ratis.thirdparty.io.netty.allocator.useCacheForAllThreads=false in command line.
2019-10-02 20:45:56,127 [main] INFO  grpc.GrpcConfigKeys$Server (ConfUtils.java:logGet(43)) - raft.grpc.server.port = 0 (default)
2019-10-02 20:45:56,127 [main] INFO  server.GrpcService (ConfUtils.java:logGet(43)) - raft.grpc.message.size.max = 33570816 (custom)
2019-10-02 20:45:56,128 [main] INFO  server.RaftServerConfigKeys (ConfUtils.java:logGet(43)) - raft.server.log.appender.buffer.byte-limit = 33554432 (custom)
2019-10-02 20:45:56,128 [main] INFO  server.GrpcService (ConfUtils.java:logGet(43)) - raft.grpc.flow.control.window = 1MB (=1048576) (default)
2019-10-02 20:45:56,128 [main] INFO  server.RaftServerConfigKeys (ConfUtils.java:logGet(43)) - raft.server.rpc.request.timeout = 3000ms (default)
2019-10-02 20:45:56,128 [main] INFO  server.RaftServerConfigKeys (ConfUtils.java:logGet(43)) - raft.server.storage.dir = [/workdir/hadoop-ozone/integration-test/target/test-dir/MiniOzoneClusterImpl-9cef7e86-6480-4d54-bd6b-d10c3a5bf03e/datanode-3/data/ratis] (custom)
2019-10-02 20:45:56,129 [main] INFO  hdfs.DFSUtil (DFSUtil.java:httpServerTemplateForNNAndJN(1641)) - Starting Web-server for hddsDatanode at: http://0.0.0.0:0
2019-10-02 20:45:56,131 [main] INFO  server.AuthenticationFilter (AuthenticationFilter.java:constructSecretProvider(240)) - Unable to initialize FileSignerSecretProvider, falling back to use random secrets.
2019-10-02 20:45:56,131 [main] WARN  http.HttpRequestLog (HttpRequestLog.java:getRequestLog(97)) - Jetty request log can only be enabled using Log4j
2019-10-02 20:45:56,132 [main] INFO  http.HttpServer2 (HttpServer2.java:addGlobalFilter(975)) - Added global filter 'safety' (class=org.apache.hadoop.http.HttpServer2$QuotingInputFilter)
2019-10-02 20:45:56,133 [main] INFO  http.HttpServer2 (HttpServer2.java:addFilter(948)) - Added filter static_user_filter (class=org.apache.hadoop.http.lib.StaticUserWebFilter$StaticUserFilter) to context hddsDatanode
2019-10-02 20:45:56,133 [main] INFO  http.HttpServer2 (HttpServer2.java:addFilter(958)) - Added filter static_user_filter (class=org.apache.hadoop.http.lib.StaticUserWebFilter$StaticUserFilter) to context logs
2019-10-02 20:45:56,133 [main] INFO  http.HttpServer2 (HttpServer2.java:addFilter(958)) - Added filter static_user_filter (class=org.apache.hadoop.http.lib.StaticUserWebFilter$StaticUserFilter) to context static
2019-10-02 20:45:56,134 [main] INFO  http.HttpServer2 (HttpServer2.java:bindListener(1191)) - Jetty bound to port 33799
2019-10-02 20:45:56,134 [main] INFO  server.Server (Server.java:doStart(351)) - jetty-9.3.25.v20180904, build timestamp: 2018-09-04T21:11:46Z, git hash: 3ce520221d0240229c862b122d2b06c12a625732
2019-10-02 20:45:56,135 [main] INFO  handler.ContextHandler (ContextHandler.java:doStart(781)) - Started o.e.j.s.ServletContextHandler@38159384{/logs,file:///workdir/hadoop-ozone/integration-test/target/log,AVAILABLE}
2019-10-02 20:45:56,136 [main] INFO  handler.ContextHandler (ContextHandler.java:doStart(781)) - Started o.e.j.s.ServletContextHandler@723e2d08{/static,jar:file:/home/user/.m2/repository/org/apache/hadoop/hadoop-hdds-container-service/0.5.0-SNAPSHOT/hadoop-hdds-container-service-0.5.0-SNAPSHOT.jar!/webapps/static,AVAILABLE}
2019-10-02 20:45:56,164 [main] INFO  handler.ContextHandler (ContextHandler.java:doStart(781)) - Started o.e.j.w.WebAppContext@6f50d55c{/,file:///tmp/jetty-0.0.0.0-33799-hddsDatanode-_-any-2602978917106278478.dir/webapp/,AVAILABLE}{/hddsDatanode}
2019-10-02 20:45:56,164 [main] INFO  server.AbstractConnector (AbstractConnector.java:doStart(278)) - Started ServerConnector@19b5214b{HTTP/1.1,[http/1.1]}{0.0.0.0:33799}
2019-10-02 20:45:56,167 [main] INFO  server.Server (Server.java:doStart(419)) - Started @219614ms
2019-10-02 20:45:56,167 [main] WARN  impl.MetricsSystemImpl (MetricsSystemImpl.java:register(276)) - Sink prometheus already exists!
2019-10-02 20:45:56,168 [main] INFO  server.BaseHttpServer (BaseHttpServer.java:updateConnectorAddress(215)) - HTTP server of HDDSDATANODE is listening at http://0.0.0.0:33799
2019-10-02 20:45:56,168 [main] INFO  impl.MetricsSystemImpl (MetricsSystemImpl.java:init(158)) - HddsDatanode metrics system started (again)
2019-10-02 20:45:56,188 [org.apache.hadoop.util.JvmPauseMonitor$Monitor@790f09c2] INFO  util.JvmPauseMonitor (JvmPauseMonitor.java:run(188)) - Starting JVM pause monitor
2019-10-02 20:45:56,189 [Datanode State Machine Thread - 0] INFO  datanode.InitDatanodeState (InitDatanodeState.java:persistContainerDatanodeDetails(140)) - DatanodeDetails is persisted to /workdir/hadoop-ozone/integration-test/target/test-dir/MiniOzoneClusterImpl-9cef7e86-6480-4d54-bd6b-d10c3a5bf03e/datanode-3/meta/datanode.id
2019-10-02 20:45:56,189 [main] INFO  ozone.HddsDatanodeService (HddsDatanodeService.java:start(184)) - HddsDatanodeService host:pr-hdds-2162-pj84x-1708865144 ip:192.168.164.206
2019-10-02 20:45:56,197 [main] INFO  volume.HddsVolume (HddsVolume.java:<init>(176)) - Creating Volume: /workdir/hadoop-ozone/integration-test/target/test-dir/MiniOzoneClusterImpl-9cef7e86-6480-4d54-bd6b-d10c3a5bf03e/datanode-4/data/containers/hdds of  storage type : DISK and capacity : 1482555576320
2019-10-02 20:45:56,197 [main] INFO  volume.VolumeSet (VolumeSet.java:initializeVolumeSet(170)) - Added Volume : /workdir/hadoop-ozone/integration-test/target/test-dir/MiniOzoneClusterImpl-9cef7e86-6480-4d54-bd6b-d10c3a5bf03e/datanode-4/data/containers/hdds to VolumeSet
2019-10-02 20:45:56,197 [main] INFO  volume.ThrottledAsyncChecker (ThrottledAsyncChecker.java:schedule(139)) - Scheduling a check for org.apache.hadoop.ozone.container.common.volume.HddsVolume@5cff729b
2019-10-02 20:45:56,198 [main] INFO  volume.HddsVolumeChecker (HddsVolumeChecker.java:checkAllVolumes(202)) - Scheduled health check for volume org.apache.hadoop.ozone.container.common.volume.HddsVolume@5cff729b
2019-10-02 20:45:56,211 [main] INFO  impl.RaftServerProxy (ConfUtils.java:logGet(43)) - raft.rpc.type = GRPC (default)
2019-10-02 20:45:56,211 [main] INFO  grpc.GrpcFactory (GrpcFactory.java:checkPooledByteBufAllocatorUseCacheForAllThreads(45)) - PERFORMANCE WARNING: useCacheForAllThreads is true that may cause Netty to create a lot garbage objects and, as a result, trigger GC.
	It is recommended to disable useCacheForAllThreads by setting -Dorg.apache.ratis.thirdparty.io.netty.allocator.useCacheForAllThreads=false in command line.
2019-10-02 20:45:56,211 [main] INFO  grpc.GrpcConfigKeys$Server (ConfUtils.java:logGet(43)) - raft.grpc.server.port = 0 (default)
2019-10-02 20:45:56,211 [main] INFO  server.GrpcService (ConfUtils.java:logGet(43)) - raft.grpc.message.size.max = 33570816 (custom)
2019-10-02 20:45:56,211 [main] INFO  server.RaftServerConfigKeys (ConfUtils.java:logGet(43)) - raft.server.log.appender.buffer.byte-limit = 33554432 (custom)
2019-10-02 20:45:56,211 [main] INFO  server.GrpcService (ConfUtils.java:logGet(43)) - raft.grpc.flow.control.window = 1MB (=1048576) (default)
2019-10-02 20:45:56,212 [main] INFO  server.RaftServerConfigKeys (ConfUtils.java:logGet(43)) - raft.server.rpc.request.timeout = 3000ms (default)
2019-10-02 20:45:56,212 [main] INFO  server.RaftServerConfigKeys (ConfUtils.java:logGet(43)) - raft.server.storage.dir = [/workdir/hadoop-ozone/integration-test/target/test-dir/MiniOzoneClusterImpl-9cef7e86-6480-4d54-bd6b-d10c3a5bf03e/datanode-4/data/ratis] (custom)
2019-10-02 20:45:56,213 [main] INFO  hdfs.DFSUtil (DFSUtil.java:httpServerTemplateForNNAndJN(1641)) - Starting Web-server for hddsDatanode at: http://0.0.0.0:0
2019-10-02 20:45:56,214 [main] INFO  server.AuthenticationFilter (AuthenticationFilter.java:constructSecretProvider(240)) - Unable to initialize FileSignerSecretProvider, falling back to use random secrets.
2019-10-02 20:45:56,214 [main] WARN  http.HttpRequestLog (HttpRequestLog.java:getRequestLog(97)) - Jetty request log can only be enabled using Log4j
2019-10-02 20:45:56,216 [main] INFO  http.HttpServer2 (HttpServer2.java:addGlobalFilter(975)) - Added global filter 'safety' (class=org.apache.hadoop.http.HttpServer2$QuotingInputFilter)
2019-10-02 20:45:56,216 [main] INFO  http.HttpServer2 (HttpServer2.java:addFilter(948)) - Added filter static_user_filter (class=org.apache.hadoop.http.lib.StaticUserWebFilter$StaticUserFilter) to context hddsDatanode
2019-10-02 20:45:56,216 [main] INFO  http.HttpServer2 (HttpServer2.java:addFilter(958)) - Added filter static_user_filter (class=org.apache.hadoop.http.lib.StaticUserWebFilter$StaticUserFilter) to context logs
2019-10-02 20:45:56,216 [main] INFO  http.HttpServer2 (HttpServer2.java:addFilter(958)) - Added filter static_user_filter (class=org.apache.hadoop.http.lib.StaticUserWebFilter$StaticUserFilter) to context static
2019-10-02 20:45:56,217 [main] INFO  http.HttpServer2 (HttpServer2.java:bindListener(1191)) - Jetty bound to port 33475
2019-10-02 20:45:56,217 [main] INFO  server.Server (Server.java:doStart(351)) - jetty-9.3.25.v20180904, build timestamp: 2018-09-04T21:11:46Z, git hash: 3ce520221d0240229c862b122d2b06c12a625732
2019-10-02 20:45:56,219 [main] INFO  handler.ContextHandler (ContextHandler.java:doStart(781)) - Started o.e.j.s.ServletContextHandler@4def7d36{/logs,file:///workdir/hadoop-ozone/integration-test/target/log,AVAILABLE}
2019-10-02 20:45:56,219 [main] INFO  handler.ContextHandler (ContextHandler.java:doStart(781)) - Started o.e.j.s.ServletContextHandler@67f946c3{/static,jar:file:/home/user/.m2/repository/org/apache/hadoop/hadoop-hdds-container-service/0.5.0-SNAPSHOT/hadoop-hdds-container-service-0.5.0-SNAPSHOT.jar!/webapps/static,AVAILABLE}
2019-10-02 20:45:56,246 [main] INFO  handler.ContextHandler (ContextHandler.java:doStart(781)) - Started o.e.j.w.WebAppContext@546ed2a0{/,file:///tmp/jetty-0.0.0.0-33475-hddsDatanode-_-any-6111507546451683632.dir/webapp/,AVAILABLE}{/hddsDatanode}
2019-10-02 20:45:56,247 [main] INFO  server.AbstractConnector (AbstractConnector.java:doStart(278)) - Started ServerConnector@5bfc79cb{HTTP/1.1,[http/1.1]}{0.0.0.0:33475}
2019-10-02 20:45:56,249 [main] INFO  server.Server (Server.java:doStart(419)) - Started @219697ms
2019-10-02 20:45:56,250 [main] WARN  impl.MetricsSystemImpl (MetricsSystemImpl.java:register(276)) - Sink prometheus already exists!
2019-10-02 20:45:56,250 [main] INFO  server.BaseHttpServer (BaseHttpServer.java:updateConnectorAddress(215)) - HTTP server of HDDSDATANODE is listening at http://0.0.0.0:33475
2019-10-02 20:45:56,250 [main] INFO  impl.MetricsSystemImpl (MetricsSystemImpl.java:init(158)) - HddsDatanode metrics system started (again)
2019-10-02 20:45:56,270 [org.apache.hadoop.util.JvmPauseMonitor$Monitor@52c5659a] INFO  util.JvmPauseMonitor (JvmPauseMonitor.java:run(188)) - Starting JVM pause monitor
2019-10-02 20:45:56,272 [main] INFO  ozone.HddsDatanodeService (HddsDatanodeService.java:start(184)) - HddsDatanodeService host:pr-hdds-2162-pj84x-1708865144 ip:192.168.164.206
2019-10-02 20:45:56,273 [Datanode State Machine Thread - 0] INFO  datanode.InitDatanodeState (InitDatanodeState.java:persistContainerDatanodeDetails(140)) - DatanodeDetails is persisted to /workdir/hadoop-ozone/integration-test/target/test-dir/MiniOzoneClusterImpl-9cef7e86-6480-4d54-bd6b-d10c3a5bf03e/datanode-4/meta/datanode.id
2019-10-02 20:45:56,281 [main] INFO  volume.HddsVolume (HddsVolume.java:<init>(176)) - Creating Volume: /workdir/hadoop-ozone/integration-test/target/test-dir/MiniOzoneClusterImpl-9cef7e86-6480-4d54-bd6b-d10c3a5bf03e/datanode-5/data/containers/hdds of  storage type : DISK and capacity : 1482555576320
2019-10-02 20:45:56,281 [main] INFO  volume.VolumeSet (VolumeSet.java:initializeVolumeSet(170)) - Added Volume : /workdir/hadoop-ozone/integration-test/target/test-dir/MiniOzoneClusterImpl-9cef7e86-6480-4d54-bd6b-d10c3a5bf03e/datanode-5/data/containers/hdds to VolumeSet
2019-10-02 20:45:56,281 [main] INFO  volume.ThrottledAsyncChecker (ThrottledAsyncChecker.java:schedule(139)) - Scheduling a check for org.apache.hadoop.ozone.container.common.volume.HddsVolume@2055833f
2019-10-02 20:45:56,282 [main] INFO  volume.HddsVolumeChecker (HddsVolumeChecker.java:checkAllVolumes(202)) - Scheduled health check for volume org.apache.hadoop.ozone.container.common.volume.HddsVolume@2055833f
2019-10-02 20:45:56,297 [main] INFO  impl.RaftServerProxy (ConfUtils.java:logGet(43)) - raft.rpc.type = GRPC (default)
2019-10-02 20:45:56,297 [main] INFO  grpc.GrpcFactory (GrpcFactory.java:checkPooledByteBufAllocatorUseCacheForAllThreads(45)) - PERFORMANCE WARNING: useCacheForAllThreads is true that may cause Netty to create a lot garbage objects and, as a result, trigger GC.
	It is recommended to disable useCacheForAllThreads by setting -Dorg.apache.ratis.thirdparty.io.netty.allocator.useCacheForAllThreads=false in command line.
2019-10-02 20:45:56,298 [main] INFO  grpc.GrpcConfigKeys$Server (ConfUtils.java:logGet(43)) - raft.grpc.server.port = 0 (default)
2019-10-02 20:45:56,298 [main] INFO  server.GrpcService (ConfUtils.java:logGet(43)) - raft.grpc.message.size.max = 33570816 (custom)
2019-10-02 20:45:56,298 [main] INFO  server.RaftServerConfigKeys (ConfUtils.java:logGet(43)) - raft.server.log.appender.buffer.byte-limit = 33554432 (custom)
2019-10-02 20:45:56,298 [main] INFO  server.GrpcService (ConfUtils.java:logGet(43)) - raft.grpc.flow.control.window = 1MB (=1048576) (default)
2019-10-02 20:45:56,298 [main] INFO  server.RaftServerConfigKeys (ConfUtils.java:logGet(43)) - raft.server.rpc.request.timeout = 3000ms (default)
2019-10-02 20:45:56,299 [main] INFO  server.RaftServerConfigKeys (ConfUtils.java:logGet(43)) - raft.server.storage.dir = [/workdir/hadoop-ozone/integration-test/target/test-dir/MiniOzoneClusterImpl-9cef7e86-6480-4d54-bd6b-d10c3a5bf03e/datanode-5/data/ratis] (custom)
2019-10-02 20:45:56,300 [main] INFO  hdfs.DFSUtil (DFSUtil.java:httpServerTemplateForNNAndJN(1641)) - Starting Web-server for hddsDatanode at: http://0.0.0.0:0
2019-10-02 20:45:56,302 [main] INFO  server.AuthenticationFilter (AuthenticationFilter.java:constructSecretProvider(240)) - Unable to initialize FileSignerSecretProvider, falling back to use random secrets.
2019-10-02 20:45:56,302 [main] WARN  http.HttpRequestLog (HttpRequestLog.java:getRequestLog(97)) - Jetty request log can only be enabled using Log4j
2019-10-02 20:45:56,303 [main] INFO  http.HttpServer2 (HttpServer2.java:addGlobalFilter(975)) - Added global filter 'safety' (class=org.apache.hadoop.http.HttpServer2$QuotingInputFilter)
2019-10-02 20:45:56,304 [main] INFO  http.HttpServer2 (HttpServer2.java:addFilter(948)) - Added filter static_user_filter (class=org.apache.hadoop.http.lib.StaticUserWebFilter$StaticUserFilter) to context hddsDatanode
2019-10-02 20:45:56,304 [main] INFO  http.HttpServer2 (HttpServer2.java:addFilter(958)) - Added filter static_user_filter (class=org.apache.hadoop.http.lib.StaticUserWebFilter$StaticUserFilter) to context logs
2019-10-02 20:45:56,304 [main] INFO  http.HttpServer2 (HttpServer2.java:addFilter(958)) - Added filter static_user_filter (class=org.apache.hadoop.http.lib.StaticUserWebFilter$StaticUserFilter) to context static
2019-10-02 20:45:56,304 [main] INFO  http.HttpServer2 (HttpServer2.java:bindListener(1191)) - Jetty bound to port 41752
2019-10-02 20:45:56,305 [main] INFO  server.Server (Server.java:doStart(351)) - jetty-9.3.25.v20180904, build timestamp: 2018-09-04T21:11:46Z, git hash: 3ce520221d0240229c862b122d2b06c12a625732
2019-10-02 20:45:56,306 [main] INFO  handler.ContextHandler (ContextHandler.java:doStart(781)) - Started o.e.j.s.ServletContextHandler@63d677f5{/logs,file:///workdir/hadoop-ozone/integration-test/target/log,AVAILABLE}
2019-10-02 20:45:56,307 [main] INFO  handler.ContextHandler (ContextHandler.java:doStart(781)) - Started o.e.j.s.ServletContextHandler@2997ddfc{/static,jar:file:/home/user/.m2/repository/org/apache/hadoop/hadoop-hdds-container-service/0.5.0-SNAPSHOT/hadoop-hdds-container-service-0.5.0-SNAPSHOT.jar!/webapps/static,AVAILABLE}
2019-10-02 20:45:56,334 [main] INFO  handler.ContextHandler (ContextHandler.java:doStart(781)) - Started o.e.j.w.WebAppContext@234cd86c{/,file:///tmp/jetty-0.0.0.0-41752-hddsDatanode-_-any-697375127426933513.dir/webapp/,AVAILABLE}{/hddsDatanode}
2019-10-02 20:45:56,334 [main] INFO  server.AbstractConnector (AbstractConnector.java:doStart(278)) - Started ServerConnector@2c48cede{HTTP/1.1,[http/1.1]}{0.0.0.0:41752}
2019-10-02 20:45:56,337 [main] INFO  server.Server (Server.java:doStart(419)) - Started @219784ms
2019-10-02 20:45:56,337 [main] WARN  impl.MetricsSystemImpl (MetricsSystemImpl.java:register(276)) - Sink prometheus already exists!
2019-10-02 20:45:56,338 [main] INFO  server.BaseHttpServer (BaseHttpServer.java:updateConnectorAddress(215)) - HTTP server of HDDSDATANODE is listening at http://0.0.0.0:41752
2019-10-02 20:45:56,338 [main] INFO  impl.MetricsSystemImpl (MetricsSystemImpl.java:init(158)) - HddsDatanode metrics system started (again)
2019-10-02 20:45:56,359 [org.apache.hadoop.util.JvmPauseMonitor$Monitor@6a8b77f0] INFO  util.JvmPauseMonitor (JvmPauseMonitor.java:run(188)) - Starting JVM pause monitor
2019-10-02 20:45:56,360 [Datanode State Machine Thread - 0] INFO  datanode.InitDatanodeState (InitDatanodeState.java:persistContainerDatanodeDetails(140)) - DatanodeDetails is persisted to /workdir/hadoop-ozone/integration-test/target/test-dir/MiniOzoneClusterImpl-9cef7e86-6480-4d54-bd6b-d10c3a5bf03e/datanode-5/meta/datanode.id
2019-10-02 20:45:56,360 [main] INFO  ozone.HddsDatanodeService (HddsDatanodeService.java:start(184)) - HddsDatanodeService host:pr-hdds-2162-pj84x-1708865144 ip:192.168.164.206
2019-10-02 20:45:56,368 [main] INFO  volume.HddsVolume (HddsVolume.java:<init>(176)) - Creating Volume: /workdir/hadoop-ozone/integration-test/target/test-dir/MiniOzoneClusterImpl-9cef7e86-6480-4d54-bd6b-d10c3a5bf03e/datanode-6/data/containers/hdds of  storage type : DISK and capacity : 1482555576320
2019-10-02 20:45:56,368 [main] INFO  volume.VolumeSet (VolumeSet.java:initializeVolumeSet(170)) - Added Volume : /workdir/hadoop-ozone/integration-test/target/test-dir/MiniOzoneClusterImpl-9cef7e86-6480-4d54-bd6b-d10c3a5bf03e/datanode-6/data/containers/hdds to VolumeSet
2019-10-02 20:45:56,368 [main] INFO  volume.ThrottledAsyncChecker (ThrottledAsyncChecker.java:schedule(139)) - Scheduling a check for org.apache.hadoop.ozone.container.common.volume.HddsVolume@451e2fa9
2019-10-02 20:45:56,369 [main] INFO  volume.HddsVolumeChecker (HddsVolumeChecker.java:checkAllVolumes(202)) - Scheduled health check for volume org.apache.hadoop.ozone.container.common.volume.HddsVolume@451e2fa9
2019-10-02 20:45:56,384 [main] INFO  impl.RaftServerProxy (ConfUtils.java:logGet(43)) - raft.rpc.type = GRPC (default)
2019-10-02 20:45:56,384 [main] INFO  grpc.GrpcFactory (GrpcFactory.java:checkPooledByteBufAllocatorUseCacheForAllThreads(45)) - PERFORMANCE WARNING: useCacheForAllThreads is true that may cause Netty to create a lot garbage objects and, as a result, trigger GC.
	It is recommended to disable useCacheForAllThreads by setting -Dorg.apache.ratis.thirdparty.io.netty.allocator.useCacheForAllThreads=false in command line.
2019-10-02 20:45:56,384 [main] INFO  grpc.GrpcConfigKeys$Server (ConfUtils.java:logGet(43)) - raft.grpc.server.port = 0 (default)
2019-10-02 20:45:56,384 [main] INFO  server.GrpcService (ConfUtils.java:logGet(43)) - raft.grpc.message.size.max = 33570816 (custom)
2019-10-02 20:45:56,384 [main] INFO  server.RaftServerConfigKeys (ConfUtils.java:logGet(43)) - raft.server.log.appender.buffer.byte-limit = 33554432 (custom)
2019-10-02 20:45:56,385 [main] INFO  server.GrpcService (ConfUtils.java:logGet(43)) - raft.grpc.flow.control.window = 1MB (=1048576) (default)
2019-10-02 20:45:56,385 [main] INFO  server.RaftServerConfigKeys (ConfUtils.java:logGet(43)) - raft.server.rpc.request.timeout = 3000ms (default)
2019-10-02 20:45:56,385 [main] INFO  server.RaftServerConfigKeys (ConfUtils.java:logGet(43)) - raft.server.storage.dir = [/workdir/hadoop-ozone/integration-test/target/test-dir/MiniOzoneClusterImpl-9cef7e86-6480-4d54-bd6b-d10c3a5bf03e/datanode-6/data/ratis] (custom)
2019-10-02 20:45:56,386 [main] INFO  hdfs.DFSUtil (DFSUtil.java:httpServerTemplateForNNAndJN(1641)) - Starting Web-server for hddsDatanode at: http://0.0.0.0:0
2019-10-02 20:45:56,387 [main] INFO  server.AuthenticationFilter (AuthenticationFilter.java:constructSecretProvider(240)) - Unable to initialize FileSignerSecretProvider, falling back to use random secrets.
2019-10-02 20:45:56,388 [main] WARN  http.HttpRequestLog (HttpRequestLog.java:getRequestLog(97)) - Jetty request log can only be enabled using Log4j
2019-10-02 20:45:56,389 [main] INFO  http.HttpServer2 (HttpServer2.java:addGlobalFilter(975)) - Added global filter 'safety' (class=org.apache.hadoop.http.HttpServer2$QuotingInputFilter)
2019-10-02 20:45:56,389 [main] INFO  http.HttpServer2 (HttpServer2.java:addFilter(948)) - Added filter static_user_filter (class=org.apache.hadoop.http.lib.StaticUserWebFilter$StaticUserFilter) to context hddsDatanode
2019-10-02 20:45:56,389 [main] INFO  http.HttpServer2 (HttpServer2.java:addFilter(958)) - Added filter static_user_filter (class=org.apache.hadoop.http.lib.StaticUserWebFilter$StaticUserFilter) to context logs
2019-10-02 20:45:56,389 [main] INFO  http.HttpServer2 (HttpServer2.java:addFilter(958)) - Added filter static_user_filter (class=org.apache.hadoop.http.lib.StaticUserWebFilter$StaticUserFilter) to context static
2019-10-02 20:45:56,390 [main] INFO  http.HttpServer2 (HttpServer2.java:bindListener(1191)) - Jetty bound to port 45994
2019-10-02 20:45:56,390 [main] INFO  server.Server (Server.java:doStart(351)) - jetty-9.3.25.v20180904, build timestamp: 2018-09-04T21:11:46Z, git hash: 3ce520221d0240229c862b122d2b06c12a625732
2019-10-02 20:45:56,392 [main] INFO  handler.ContextHandler (ContextHandler.java:doStart(781)) - Started o.e.j.s.ServletContextHandler@794240e2{/logs,file:///workdir/hadoop-ozone/integration-test/target/log,AVAILABLE}
2019-10-02 20:45:56,392 [main] INFO  handler.ContextHandler (ContextHandler.java:doStart(781)) - Started o.e.j.s.ServletContextHandler@5a30722c{/static,jar:file:/home/user/.m2/repository/org/apache/hadoop/hadoop-hdds-container-service/0.5.0-SNAPSHOT/hadoop-hdds-container-service-0.5.0-SNAPSHOT.jar!/webapps/static,AVAILABLE}
2019-10-02 20:45:56,419 [main] INFO  handler.ContextHandler (ContextHandler.java:doStart(781)) - Started o.e.j.w.WebAppContext@cbf1997{/,file:///tmp/jetty-0.0.0.0-45994-hddsDatanode-_-any-3167759370919255968.dir/webapp/,AVAILABLE}{/hddsDatanode}
2019-10-02 20:45:56,419 [main] INFO  server.AbstractConnector (AbstractConnector.java:doStart(278)) - Started ServerConnector@49232c6f{HTTP/1.1,[http/1.1]}{0.0.0.0:45994}
2019-10-02 20:45:56,422 [main] INFO  server.Server (Server.java:doStart(419)) - Started @219870ms
2019-10-02 20:45:56,423 [main] WARN  impl.MetricsSystemImpl (MetricsSystemImpl.java:register(276)) - Sink prometheus already exists!
2019-10-02 20:45:56,423 [main] INFO  server.BaseHttpServer (BaseHttpServer.java:updateConnectorAddress(215)) - HTTP server of HDDSDATANODE is listening at http://0.0.0.0:45994
2019-10-02 20:45:56,424 [main] INFO  ozone.MiniOzoneClusterImpl (MiniOzoneClusterImpl.java:lambda$waitForClusterToBeReady$0(147)) - Waiting for cluster to be ready. Got 0 of 7 DN Heartbeats.
2019-10-02 20:45:56,425 [org.apache.hadoop.util.JvmPauseMonitor$Monitor@3b86799c] INFO  util.JvmPauseMonitor (JvmPauseMonitor.java:run(188)) - Starting JVM pause monitor
2019-10-02 20:45:56,426 [Datanode State Machine Thread - 0] INFO  datanode.InitDatanodeState (InitDatanodeState.java:persistContainerDatanodeDetails(140)) - DatanodeDetails is persisted to /workdir/hadoop-ozone/integration-test/target/test-dir/MiniOzoneClusterImpl-9cef7e86-6480-4d54-bd6b-d10c3a5bf03e/datanode-6/meta/datanode.id
2019-10-02 20:45:56,439 [grpc-default-executor-6] WARN  server.GrpcLogAppender (LogUtils.java:warn(134)) - 243067d9-1796-4aab-8b65-6e98712d942b@group-CF7CB16F510F->7ce65cc5-04b0-4a34-8c63-19f39baaf864-AppendLogResponseHandler: Failed appendEntries: org.apache.ratis.thirdparty.io.grpc.StatusRuntimeException: UNAVAILABLE: io exception
2019-10-02 20:45:56,439 [grpc-default-executor-6] INFO  impl.FollowerInfo (FollowerInfo.java:lambda$new$0(51)) - 243067d9-1796-4aab-8b65-6e98712d942b@group-CF7CB16F510F->7ce65cc5-04b0-4a34-8c63-19f39baaf864: nextIndex: updateUnconditionally 0 -> 0
2019-10-02 20:45:56,439 [grpc-default-executor-7] WARN  server.GrpcLogAppender (LogUtils.java:warn(134)) - 243067d9-1796-4aab-8b65-6e98712d942b@group-CF7CB16F510F->df5571b8-72e0-4512-9986-2980712bea17-AppendLogResponseHandler: Failed appendEntries: org.apache.ratis.thirdparty.io.grpc.StatusRuntimeException: UNAVAILABLE: io exception
2019-10-02 20:45:56,440 [grpc-default-executor-7] INFO  impl.FollowerInfo (FollowerInfo.java:lambda$new$0(51)) - 243067d9-1796-4aab-8b65-6e98712d942b@group-CF7CB16F510F->df5571b8-72e0-4512-9986-2980712bea17: nextIndex: updateUnconditionally 0 -> 0
2019-10-02 20:45:57,424 [main] INFO  ozone.MiniOzoneClusterImpl (MiniOzoneClusterImpl.java:lambda$waitForClusterToBeReady$0(147)) - Waiting for cluster to be ready. Got 0 of 7 DN Heartbeats.
2019-10-02 20:45:57,987 [Datanode State Machine Thread - 0] INFO  ozoneimpl.OzoneContainer (OzoneContainer.java:start(217)) - Attempting to start container services.
2019-10-02 20:45:57,987 [Datanode State Machine Thread - 0] INFO  ozoneimpl.OzoneContainer (OzoneContainer.java:startContainerScrub(179)) - Background container scanner has been disabled.
2019-10-02 20:45:57,987 [Datanode State Machine Thread - 0] INFO  ratis.XceiverServerRatis (XceiverServerRatis.java:start(417)) - Starting XceiverServerRatis f4a748ca-6ff1-425b-93d7-f3f0b24bfb28 at port 0
2019-10-02 20:45:57,993 [Datanode State Machine Thread - 0] INFO  impl.RaftServerProxy (RaftServerProxy.java:lambda$start$3(299)) - f4a748ca-6ff1-425b-93d7-f3f0b24bfb28: start RPC server
2019-10-02 20:45:57,994 [Datanode State Machine Thread - 0] INFO  server.GrpcService (GrpcService.java:startImpl(158)) - f4a748ca-6ff1-425b-93d7-f3f0b24bfb28: GrpcService started, listening on 0.0.0.0/0.0.0.0:34300
2019-10-02 20:45:57,994 [Datanode State Machine Thread - 0] INFO  ratis.XceiverServerRatis (XceiverServerRatis.java:start(427)) - XceiverServerRatis f4a748ca-6ff1-425b-93d7-f3f0b24bfb28 is started using port 34300
2019-10-02 20:45:57,995 [Datanode State Machine Thread - 0] INFO  server.XceiverServerGrpc (XceiverServerGrpc.java:start(149)) - XceiverServerGrpc f4a748ca-6ff1-425b-93d7-f3f0b24bfb28 is started using port 44025
2019-10-02 20:45:58,029 [Datanode State Machine Thread - 0] INFO  ozoneimpl.OzoneContainer (OzoneContainer.java:start(217)) - Attempting to start container services.
2019-10-02 20:45:58,029 [Datanode State Machine Thread - 0] INFO  ozoneimpl.OzoneContainer (OzoneContainer.java:startContainerScrub(179)) - Background container scanner has been disabled.
2019-10-02 20:45:58,030 [Datanode State Machine Thread - 0] INFO  ratis.XceiverServerRatis (XceiverServerRatis.java:start(417)) - Starting XceiverServerRatis df60df3b-367f-47e6-8a9a-af73cb7f67fe at port 0
2019-10-02 20:45:58,036 [Datanode State Machine Thread - 0] INFO  impl.RaftServerProxy (RaftServerProxy.java:lambda$start$3(299)) - df60df3b-367f-47e6-8a9a-af73cb7f67fe: start RPC server
2019-10-02 20:45:58,037 [Datanode State Machine Thread - 0] INFO  server.GrpcService (GrpcService.java:startImpl(158)) - df60df3b-367f-47e6-8a9a-af73cb7f67fe: GrpcService started, listening on 0.0.0.0/0.0.0.0:45310
2019-10-02 20:45:58,037 [Datanode State Machine Thread - 0] INFO  ratis.XceiverServerRatis (XceiverServerRatis.java:start(427)) - XceiverServerRatis df60df3b-367f-47e6-8a9a-af73cb7f67fe is started using port 45310
2019-10-02 20:45:58,037 [Datanode State Machine Thread - 0] INFO  server.XceiverServerGrpc (XceiverServerGrpc.java:start(149)) - XceiverServerGrpc df60df3b-367f-47e6-8a9a-af73cb7f67fe is started using port 33507
2019-10-02 20:45:58,114 [Datanode State Machine Thread - 0] INFO  ozoneimpl.OzoneContainer (OzoneContainer.java:start(217)) - Attempting to start container services.
2019-10-02 20:45:58,114 [Datanode State Machine Thread - 0] INFO  ozoneimpl.OzoneContainer (OzoneContainer.java:startContainerScrub(179)) - Background container scanner has been disabled.
2019-10-02 20:45:58,114 [Datanode State Machine Thread - 0] INFO  ratis.XceiverServerRatis (XceiverServerRatis.java:start(417)) - Starting XceiverServerRatis a1cd4d9c-1a67-4d11-a601-f010683610d4 at port 0
2019-10-02 20:45:58,121 [Datanode State Machine Thread - 0] INFO  impl.RaftServerProxy (RaftServerProxy.java:lambda$start$3(299)) - a1cd4d9c-1a67-4d11-a601-f010683610d4: start RPC server
2019-10-02 20:45:58,121 [Datanode State Machine Thread - 0] INFO  server.GrpcService (GrpcService.java:startImpl(158)) - a1cd4d9c-1a67-4d11-a601-f010683610d4: GrpcService started, listening on 0.0.0.0/0.0.0.0:43332
2019-10-02 20:45:58,122 [Datanode State Machine Thread - 0] INFO  ratis.XceiverServerRatis (XceiverServerRatis.java:start(427)) - XceiverServerRatis a1cd4d9c-1a67-4d11-a601-f010683610d4 is started using port 43332
2019-10-02 20:45:58,126 [Datanode State Machine Thread - 0] INFO  server.XceiverServerGrpc (XceiverServerGrpc.java:start(149)) - XceiverServerGrpc a1cd4d9c-1a67-4d11-a601-f010683610d4 is started using port 37954
2019-10-02 20:45:58,203 [Datanode State Machine Thread - 0] INFO  ozoneimpl.OzoneContainer (OzoneContainer.java:start(217)) - Attempting to start container services.
2019-10-02 20:45:58,203 [Datanode State Machine Thread - 0] INFO  ozoneimpl.OzoneContainer (OzoneContainer.java:startContainerScrub(179)) - Background container scanner has been disabled.
2019-10-02 20:45:58,203 [Datanode State Machine Thread - 0] INFO  ratis.XceiverServerRatis (XceiverServerRatis.java:start(417)) - Starting XceiverServerRatis 8c255d15-beac-417a-bf2f-f439b29eb4c8 at port 0
2019-10-02 20:45:58,208 [Datanode State Machine Thread - 0] INFO  impl.RaftServerProxy (RaftServerProxy.java:lambda$start$3(299)) - 8c255d15-beac-417a-bf2f-f439b29eb4c8: start RPC server
2019-10-02 20:45:58,209 [Datanode State Machine Thread - 0] INFO  server.GrpcService (GrpcService.java:startImpl(158)) - 8c255d15-beac-417a-bf2f-f439b29eb4c8: GrpcService started, listening on 0.0.0.0/0.0.0.0:46592
2019-10-02 20:45:58,209 [Datanode State Machine Thread - 0] INFO  ratis.XceiverServerRatis (XceiverServerRatis.java:start(427)) - XceiverServerRatis 8c255d15-beac-417a-bf2f-f439b29eb4c8 is started using port 46592
2019-10-02 20:45:58,213 [Datanode State Machine Thread - 0] INFO  server.XceiverServerGrpc (XceiverServerGrpc.java:start(149)) - XceiverServerGrpc 8c255d15-beac-417a-bf2f-f439b29eb4c8 is started using port 35087
2019-10-02 20:45:58,284 [Datanode State Machine Thread - 0] INFO  ozoneimpl.OzoneContainer (OzoneContainer.java:start(217)) - Attempting to start container services.
2019-10-02 20:45:58,285 [Datanode State Machine Thread - 0] INFO  ozoneimpl.OzoneContainer (OzoneContainer.java:startContainerScrub(179)) - Background container scanner has been disabled.
2019-10-02 20:45:58,285 [Datanode State Machine Thread - 0] INFO  ratis.XceiverServerRatis (XceiverServerRatis.java:start(417)) - Starting XceiverServerRatis fa82d7e9-067a-4022-bdc7-da231d0b6622 at port 0
2019-10-02 20:45:58,292 [Datanode State Machine Thread - 0] INFO  impl.RaftServerProxy (RaftServerProxy.java:lambda$start$3(299)) - fa82d7e9-067a-4022-bdc7-da231d0b6622: start RPC server
2019-10-02 20:45:58,292 [Datanode State Machine Thread - 0] INFO  server.GrpcService (GrpcService.java:startImpl(158)) - fa82d7e9-067a-4022-bdc7-da231d0b6622: GrpcService started, listening on 0.0.0.0/0.0.0.0:41963
2019-10-02 20:45:58,293 [Datanode State Machine Thread - 0] INFO  ratis.XceiverServerRatis (XceiverServerRatis.java:start(427)) - XceiverServerRatis fa82d7e9-067a-4022-bdc7-da231d0b6622 is started using port 41963
2019-10-02 20:45:58,298 [Datanode State Machine Thread - 0] INFO  server.XceiverServerGrpc (XceiverServerGrpc.java:start(149)) - XceiverServerGrpc fa82d7e9-067a-4022-bdc7-da231d0b6622 is started using port 33972
2019-10-02 20:45:58,373 [Datanode State Machine Thread - 0] INFO  ozoneimpl.OzoneContainer (OzoneContainer.java:start(217)) - Attempting to start container services.
2019-10-02 20:45:58,374 [Datanode State Machine Thread - 0] INFO  ozoneimpl.OzoneContainer (OzoneContainer.java:startContainerScrub(179)) - Background container scanner has been disabled.
2019-10-02 20:45:58,374 [Datanode State Machine Thread - 0] INFO  ratis.XceiverServerRatis (XceiverServerRatis.java:start(417)) - Starting XceiverServerRatis 0119a927-1981-48ab-b4c1-93d981264a58 at port 0
2019-10-02 20:45:58,378 [Datanode State Machine Thread - 0] INFO  impl.RaftServerProxy (RaftServerProxy.java:lambda$start$3(299)) - 0119a927-1981-48ab-b4c1-93d981264a58: start RPC server
2019-10-02 20:45:58,378 [Datanode State Machine Thread - 0] INFO  server.GrpcService (GrpcService.java:startImpl(158)) - 0119a927-1981-48ab-b4c1-93d981264a58: GrpcService started, listening on 0.0.0.0/0.0.0.0:38279
2019-10-02 20:45:58,379 [Datanode State Machine Thread - 0] INFO  ratis.XceiverServerRatis (XceiverServerRatis.java:start(427)) - XceiverServerRatis 0119a927-1981-48ab-b4c1-93d981264a58 is started using port 38279
2019-10-02 20:45:58,379 [Datanode State Machine Thread - 0] INFO  server.XceiverServerGrpc (XceiverServerGrpc.java:start(149)) - XceiverServerGrpc 0119a927-1981-48ab-b4c1-93d981264a58 is started using port 41405
2019-10-02 20:45:58,425 [main] INFO  ozone.MiniOzoneClusterImpl (MiniOzoneClusterImpl.java:lambda$waitForClusterToBeReady$0(147)) - Waiting for cluster to be ready. Got 0 of 7 DN Heartbeats.
2019-10-02 20:45:58,439 [Datanode State Machine Thread - 0] INFO  ozoneimpl.OzoneContainer (OzoneContainer.java:start(217)) - Attempting to start container services.
2019-10-02 20:45:58,439 [Datanode State Machine Thread - 0] INFO  ozoneimpl.OzoneContainer (OzoneContainer.java:startContainerScrub(179)) - Background container scanner has been disabled.
2019-10-02 20:45:58,439 [Datanode State Machine Thread - 0] INFO  ratis.XceiverServerRatis (XceiverServerRatis.java:start(417)) - Starting XceiverServerRatis 06d4e385-97d4-4cf0-bf1a-10d2bdcb88d2 at port 0
2019-10-02 20:45:58,445 [Datanode State Machine Thread - 0] INFO  impl.RaftServerProxy (RaftServerProxy.java:lambda$start$3(299)) - 06d4e385-97d4-4cf0-bf1a-10d2bdcb88d2: start RPC server
2019-10-02 20:45:58,451 [Datanode State Machine Thread - 0] INFO  server.GrpcService (GrpcService.java:startImpl(158)) - 06d4e385-97d4-4cf0-bf1a-10d2bdcb88d2: GrpcService started, listening on 0.0.0.0/0.0.0.0:42376
2019-10-02 20:45:58,451 [Datanode State Machine Thread - 0] INFO  ratis.XceiverServerRatis (XceiverServerRatis.java:start(427)) - XceiverServerRatis 06d4e385-97d4-4cf0-bf1a-10d2bdcb88d2 is started using port 42376
2019-10-02 20:45:58,451 [Datanode State Machine Thread - 0] INFO  server.XceiverServerGrpc (XceiverServerGrpc.java:start(149)) - XceiverServerGrpc 06d4e385-97d4-4cf0-bf1a-10d2bdcb88d2 is started using port 40739
2019-10-02 20:45:58,939 [grpc-default-executor-7] WARN  server.GrpcLogAppender (LogUtils.java:warn(134)) - 243067d9-1796-4aab-8b65-6e98712d942b@group-CF7CB16F510F->7ce65cc5-04b0-4a34-8c63-19f39baaf864-AppendLogResponseHandler: Failed appendEntries: org.apache.ratis.thirdparty.io.grpc.StatusRuntimeException: UNAVAILABLE: io exception
2019-10-02 20:45:58,939 [grpc-default-executor-6] WARN  server.GrpcLogAppender (LogUtils.java:warn(134)) - 243067d9-1796-4aab-8b65-6e98712d942b@group-CF7CB16F510F->df5571b8-72e0-4512-9986-2980712bea17-AppendLogResponseHandler: Failed appendEntries: org.apache.ratis.thirdparty.io.grpc.StatusRuntimeException: UNAVAILABLE: io exception
2019-10-02 20:45:58,940 [grpc-default-executor-7] INFO  impl.FollowerInfo (FollowerInfo.java:lambda$new$0(51)) - 243067d9-1796-4aab-8b65-6e98712d942b@group-CF7CB16F510F->7ce65cc5-04b0-4a34-8c63-19f39baaf864: nextIndex: updateUnconditionally 0 -> 0
2019-10-02 20:45:58,940 [grpc-default-executor-6] INFO  impl.FollowerInfo (FollowerInfo.java:lambda$new$0(51)) - 243067d9-1796-4aab-8b65-6e98712d942b@group-CF7CB16F510F->df5571b8-72e0-4512-9986-2980712bea17: nextIndex: updateUnconditionally 0 -> 0
2019-10-02 20:45:59,425 [main] INFO  ozone.MiniOzoneClusterImpl (MiniOzoneClusterImpl.java:lambda$waitForClusterToBeReady$0(147)) - Waiting for cluster to be ready. Got 0 of 7 DN Heartbeats.
2019-10-02 20:45:59,904 [IPC Server handler 3 on 39046] INFO  net.NetworkTopology (NetworkTopologyImpl.java:add(111)) - Added a new node: /default-rack/f4a748ca-6ff1-425b-93d7-f3f0b24bfb28
2019-10-02 20:45:59,907 [IPC Server handler 3 on 39046] INFO  node.SCMNodeManager (SCMNodeManager.java:register(266)) - Registered Data node : f4a748ca-6ff1-425b-93d7-f3f0b24bfb28{ip: 192.168.164.206, host: pr-hdds-2162-pj84x-1708865144, networkLocation: /default-rack, certSerialId: null}
2019-10-02 20:45:59,908 [EventQueue-NodeRegistrationContainerReportForDataNodeSafeModeRule] INFO  safemode.SCMSafeModeManager (DataNodeSafeModeRule.java:process(71)) - SCM in safe mode. 1 DataNodes registered, 1 required.
2019-10-02 20:45:59,912 [EventQueue-NodeRegistrationContainerReportForDataNodeSafeModeRule] INFO  safemode.SCMSafeModeManager (SCMSafeModeManager.java:validateSafeModeExitRules(177)) - ScmSafeModeManager, all rules are successfully validated
2019-10-02 20:45:59,912 [EventQueue-NodeRegistrationContainerReportForDataNodeSafeModeRule] INFO  safemode.SCMSafeModeManager (SCMSafeModeManager.java:exitSafeMode(193)) - SCM exiting safe mode.
2019-10-02 20:45:59,920 [grpc-default-executor-6] INFO  impl.RaftServerProxy (RaftServerProxy.java:addNew(89)) - f4a748ca-6ff1-425b-93d7-f3f0b24bfb28: addNew group-E8BD524CE975:[f4a748ca-6ff1-425b-93d7-f3f0b24bfb28:192.168.164.206:34300] returns group-E8BD524CE975:java.util.concurrent.CompletableFuture@6b4370db[Not completed]
2019-10-02 20:45:59,922 [pool-383-thread-1] INFO  impl.RaftServerImpl (RaftServerImpl.java:<init>(95)) - f4a748ca-6ff1-425b-93d7-f3f0b24bfb28: new RaftServerImpl for group-E8BD524CE975:[f4a748ca-6ff1-425b-93d7-f3f0b24bfb28:192.168.164.206:34300] with ContainerStateMachine:uninitialized
2019-10-02 20:45:59,922 [pool-383-thread-1] INFO  server.RaftServerConfigKeys (ConfUtils.java:logGet(43)) - raft.server.rpc.timeout.min = 5s (custom)
2019-10-02 20:45:59,923 [pool-383-thread-1] INFO  server.RaftServerConfigKeys (ConfUtils.java:logGet(43)) - raft.server.rpc.timeout.max = 5200ms (custom)
2019-10-02 20:45:59,923 [pool-383-thread-1] INFO  server.RaftServerConfigKeys (ConfUtils.java:logGet(43)) - raft.server.rpcslowness.timeout = 120s (custom)
2019-10-02 20:45:59,923 [pool-383-thread-1] INFO  server.RaftServerConfigKeys (ConfUtils.java:logGet(43)) - raft.server.sleep.deviation.threshold = 300 (default)
2019-10-02 20:45:59,923 [pool-383-thread-1] INFO  server.RaftServerConfigKeys (ConfUtils.java:logGet(43)) - raft.server.log.appender.install.snapshot.enabled = false (custom)
2019-10-02 20:45:59,923 [pool-383-thread-1] INFO  impl.RaftServerImpl (ServerState.java:<init>(103)) - f4a748ca-6ff1-425b-93d7-f3f0b24bfb28@group-E8BD524CE975: ConfigurationManager, init=-1: [f4a748ca-6ff1-425b-93d7-f3f0b24bfb28:192.168.164.206:34300], old=null, confs=<EMPTY_MAP>
2019-10-02 20:45:59,923 [pool-383-thread-1] INFO  server.RaftServerConfigKeys (ConfUtils.java:logGet(43)) - raft.server.storage.dir = [/workdir/hadoop-ozone/integration-test/target/test-dir/MiniOzoneClusterImpl-9cef7e86-6480-4d54-bd6b-d10c3a5bf03e/datanode-0/data/ratis] (custom)
2019-10-02 20:45:59,924 [pool-383-thread-1] INFO  server.RaftServerConfigKeys (ConfUtils.java:logGet(43)) - raft.server.log.corruption.policy = EXCEPTION (default)
2019-10-02 20:45:59,924 [pool-383-thread-1] INFO  storage.RaftStorageDirectory (RaftStorageDirectory.java:analyzeStorage(246)) - The storage directory /workdir/hadoop-ozone/integration-test/target/test-dir/MiniOzoneClusterImpl-9cef7e86-6480-4d54-bd6b-d10c3a5bf03e/datanode-0/data/ratis/5d313724-dee5-40af-8473-e8bd524ce975 does not exist. Creating ...
2019-10-02 20:45:59,937 [pool-383-thread-1] INFO  storage.RaftStorageDirectory (RaftStorageDirectory.java:tryLock(328)) - Lock on /workdir/hadoop-ozone/integration-test/target/test-dir/MiniOzoneClusterImpl-9cef7e86-6480-4d54-bd6b-d10c3a5bf03e/datanode-0/data/ratis/5d313724-dee5-40af-8473-e8bd524ce975/in_use.lock acquired by nodename 14416@pr-hdds-2162-pj84x-1708865144
2019-10-02 20:45:59,950 [pool-383-thread-1] INFO  storage.RaftStorage (RaftStorage.java:format(84)) - Storage directory /workdir/hadoop-ozone/integration-test/target/test-dir/MiniOzoneClusterImpl-9cef7e86-6480-4d54-bd6b-d10c3a5bf03e/datanode-0/data/ratis/5d313724-dee5-40af-8473-e8bd524ce975 has been successfully formatted.
2019-10-02 20:45:59,951 [pool-383-thread-1] INFO  ratis.ContainerStateMachine (ContainerStateMachine.java:loadSnapshot(230)) - group-E8BD524CE975: The snapshot info is null. Setting the last applied indexto:(t:0, i:~)
2019-10-02 20:45:59,951 [pool-383-thread-1] INFO  server.RaftServerConfigKeys (ConfUtils.java:logGet(43)) - raft.server.notification.no-leader.timeout = 120s (custom)
2019-10-02 20:45:59,951 [pool-383-thread-1] INFO  server.RaftServerConfigKeys (ConfUtils.java:logGet(43)) - raft.server.log.use.memory = false (default)
2019-10-02 20:45:59,951 [pool-383-thread-1] INFO  server.RaftServerConfigKeys (ConfUtils.java:logGet(43)) - raft.server.log.purge.gap = 1000000 (custom)
2019-10-02 20:45:59,951 [pool-383-thread-1] INFO  server.RaftServerConfigKeys (ConfUtils.java:logGet(43)) - raft.server.log.appender.buffer.byte-limit = 33554432 (custom)
2019-10-02 20:45:59,951 [pool-383-thread-1] INFO  server.RaftServerConfigKeys (ConfUtils.java:logGet(43)) - raft.server.log.segment.size.max = 1048576 (custom)
2019-10-02 20:45:59,953 [pool-383-thread-1] INFO  server.RaftServerConfigKeys (ConfUtils.java:logGet(43)) - raft.server.log.segment.cache.num.max = 2 (custom)
2019-10-02 20:45:59,953 [pool-383-thread-1] INFO  segmented.SegmentedRaftLogWorker (SegmentedRaftLogWorker.java:<init>(173)) - new f4a748ca-6ff1-425b-93d7-f3f0b24bfb28@group-E8BD524CE975-SegmentedRaftLogWorker for RaftStorage:Storage Directory /workdir/hadoop-ozone/integration-test/target/test-dir/MiniOzoneClusterImpl-9cef7e86-6480-4d54-bd6b-d10c3a5bf03e/datanode-0/data/ratis/5d313724-dee5-40af-8473-e8bd524ce975
2019-10-02 20:45:59,953 [pool-383-thread-1] INFO  server.RaftServerConfigKeys (ConfUtils.java:logGet(43)) - raft.server.log.queue.byte-limit = 2147483647 (custom)
2019-10-02 20:45:59,953 [pool-383-thread-1] INFO  server.RaftServerConfigKeys (ConfUtils.java:logGet(43)) - raft.server.log.queue.element-limit = 1024 (custom)
2019-10-02 20:45:59,954 [pool-383-thread-1] INFO  server.RaftServerConfigKeys (ConfUtils.java:logGet(43)) - raft.server.log.segment.size.max = 1048576 (custom)
2019-10-02 20:45:59,954 [pool-383-thread-1] INFO  server.RaftServerConfigKeys (ConfUtils.java:logGet(43)) - raft.server.log.preallocated.size = 16384 (custom)
2019-10-02 20:45:59,954 [pool-383-thread-1] INFO  server.RaftServerConfigKeys (ConfUtils.java:logGet(43)) - raft.server.log.write.buffer.size = 33554432 (custom)
2019-10-02 20:45:59,954 [pool-383-thread-1] INFO  server.RaftServerConfigKeys (ConfUtils.java:logGet(43)) - raft.server.log.force.sync.num = 128 (default)
2019-10-02 20:45:59,954 [pool-383-thread-1] INFO  server.RaftServerConfigKeys (ConfUtils.java:logGet(43)) - raft.server.log.statemachine.data.sync = true (default)
2019-10-02 20:45:59,954 [pool-383-thread-1] INFO  server.RaftServerConfigKeys (ConfUtils.java:logGet(43)) - raft.server.log.statemachine.data.sync.timeout = 10s (default)
2019-10-02 20:45:59,954 [pool-383-thread-1] INFO  server.RaftServerConfigKeys (ConfUtils.java:logGet(43)) - raft.server.log.statemachine.data.sync.timeout.retry = -1 (default)
2019-10-02 20:45:59,955 [pool-383-thread-1] INFO  server.RaftServerConfigKeys (ConfUtils.java:logGet(43)) - raft.server.log.statemachine.data.caching.enabled = true (custom)
2019-10-02 20:45:59,955 [pool-383-thread-1] INFO  segmented.SegmentedRaftLogWorker (SegmentedRaftLogWorker.java:lambda$new$0(128)) - f4a748ca-6ff1-425b-93d7-f3f0b24bfb28@group-E8BD524CE975-SegmentedRaftLogWorker: flushIndex: setUnconditionally 0 -> -1
2019-10-02 20:45:59,955 [pool-383-thread-1] INFO  server.RaftServerConfigKeys (ConfUtils.java:logGet(43)) - raft.server.snapshot.auto.trigger.enabled = true (custom)
2019-10-02 20:45:59,956 [pool-383-thread-1] INFO  server.RaftServerConfigKeys (ConfUtils.java:logGet(43)) - raft.server.snapshot.auto.trigger.threshold = 10000 (custom)
2019-10-02 20:45:59,956 [pool-383-thread-1] INFO  server.RaftServerConfigKeys (ConfUtils.java:logGet(43)) - raft.server.snapshot.retention.file.num = 5 (custom)
2019-10-02 20:45:59,956 [pool-383-thread-1] INFO  server.RaftServerConfigKeys (ConfUtils.java:logGet(43)) - raft.server.retrycache.expirytime = 600000ms (custom)
2019-10-02 20:45:59,957 [pool-383-thread-1] INFO  impl.RaftServerImpl (RaftServerImpl.java:start(181)) - f4a748ca-6ff1-425b-93d7-f3f0b24bfb28@group-E8BD524CE975: start as a follower, conf=-1: [f4a748ca-6ff1-425b-93d7-f3f0b24bfb28:192.168.164.206:34300], old=null
2019-10-02 20:45:59,958 [pool-383-thread-1] INFO  impl.RaftServerImpl (RaftServerImpl.java:setRole(170)) - f4a748ca-6ff1-425b-93d7-f3f0b24bfb28@group-E8BD524CE975: changes role from      null to FOLLOWER at term 0 for startAsFollower
2019-10-02 20:45:59,958 [pool-383-thread-1] INFO  impl.RoleInfo (RoleInfo.java:updateAndGet(143)) - f4a748ca-6ff1-425b-93d7-f3f0b24bfb28: start FollowerState
2019-10-02 20:45:59,958 [pool-383-thread-1] INFO  util.JmxRegister (JmxRegister.java:tryRegister(44)) - Successfully registered JMX Bean with object name Ratis:service=RaftServer,group=group-E8BD524CE975,id=f4a748ca-6ff1-425b-93d7-f3f0b24bfb28
2019-10-02 20:45:59,967 [RatisPipelineUtilsThread] INFO  pipeline.PipelineStateManager (PipelineStateManager.java:addPipeline(56)) - Created pipeline Pipeline[ Id: 5d313724-dee5-40af-8473-e8bd524ce975, Nodes: f4a748ca-6ff1-425b-93d7-f3f0b24bfb28{ip: 192.168.164.206, host: pr-hdds-2162-pj84x-1708865144, networkLocation: /default-rack, certSerialId: null}, Type:RATIS, Factor:ONE, State:OPEN]
2019-10-02 20:46:00,010 [IPC Server handler 7 on 39046] INFO  net.NetworkTopology (NetworkTopologyImpl.java:add(111)) - Added a new node: /default-rack/df60df3b-367f-47e6-8a9a-af73cb7f67fe
2019-10-02 20:46:00,010 [IPC Server handler 7 on 39046] INFO  node.SCMNodeManager (SCMNodeManager.java:register(266)) - Registered Data node : df60df3b-367f-47e6-8a9a-af73cb7f67fe{ip: 192.168.164.206, host: pr-hdds-2162-pj84x-1708865144, networkLocation: /default-rack, certSerialId: null}
2019-10-02 20:46:00,018 [grpc-default-executor-6] INFO  impl.RaftServerProxy (RaftServerProxy.java:addNew(89)) - df60df3b-367f-47e6-8a9a-af73cb7f67fe: addNew group-B7D298E1524B:[df60df3b-367f-47e6-8a9a-af73cb7f67fe:192.168.164.206:45310] returns group-B7D298E1524B:java.util.concurrent.CompletableFuture@360d9138[Not completed]
2019-10-02 20:46:00,019 [pool-393-thread-1] INFO  impl.RaftServerImpl (RaftServerImpl.java:<init>(95)) - df60df3b-367f-47e6-8a9a-af73cb7f67fe: new RaftServerImpl for group-B7D298E1524B:[df60df3b-367f-47e6-8a9a-af73cb7f67fe:192.168.164.206:45310] with ContainerStateMachine:uninitialized
2019-10-02 20:46:00,019 [pool-393-thread-1] INFO  server.RaftServerConfigKeys (ConfUtils.java:logGet(43)) - raft.server.rpc.timeout.min = 5s (custom)
2019-10-02 20:46:00,020 [pool-393-thread-1] INFO  server.RaftServerConfigKeys (ConfUtils.java:logGet(43)) - raft.server.rpc.timeout.max = 5200ms (custom)
2019-10-02 20:46:00,020 [pool-393-thread-1] INFO  server.RaftServerConfigKeys (ConfUtils.java:logGet(43)) - raft.server.rpcslowness.timeout = 120s (custom)
2019-10-02 20:46:00,020 [pool-393-thread-1] INFO  server.RaftServerConfigKeys (ConfUtils.java:logGet(43)) - raft.server.sleep.deviation.threshold = 300 (default)
2019-10-02 20:46:00,020 [pool-393-thread-1] INFO  server.RaftServerConfigKeys (ConfUtils.java:logGet(43)) - raft.server.log.appender.install.snapshot.enabled = false (custom)
2019-10-02 20:46:00,020 [pool-393-thread-1] INFO  impl.RaftServerImpl (ServerState.java:<init>(103)) - df60df3b-367f-47e6-8a9a-af73cb7f67fe@group-B7D298E1524B: ConfigurationManager, init=-1: [df60df3b-367f-47e6-8a9a-af73cb7f67fe:192.168.164.206:45310], old=null, confs=<EMPTY_MAP>
2019-10-02 20:46:00,020 [pool-393-thread-1] INFO  server.RaftServerConfigKeys (ConfUtils.java:logGet(43)) - raft.server.storage.dir = [/workdir/hadoop-ozone/integration-test/target/test-dir/MiniOzoneClusterImpl-9cef7e86-6480-4d54-bd6b-d10c3a5bf03e/datanode-1/data/ratis] (custom)
2019-10-02 20:46:00,020 [pool-393-thread-1] INFO  server.RaftServerConfigKeys (ConfUtils.java:logGet(43)) - raft.server.log.corruption.policy = EXCEPTION (default)
2019-10-02 20:46:00,020 [pool-393-thread-1] INFO  storage.RaftStorageDirectory (RaftStorageDirectory.java:analyzeStorage(246)) - The storage directory /workdir/hadoop-ozone/integration-test/target/test-dir/MiniOzoneClusterImpl-9cef7e86-6480-4d54-bd6b-d10c3a5bf03e/datanode-1/data/ratis/9077664d-6638-4601-babd-b7d298e1524b does not exist. Creating ...
2019-10-02 20:46:00,034 [pool-393-thread-1] INFO  storage.RaftStorageDirectory (RaftStorageDirectory.java:tryLock(328)) - Lock on /workdir/hadoop-ozone/integration-test/target/test-dir/MiniOzoneClusterImpl-9cef7e86-6480-4d54-bd6b-d10c3a5bf03e/datanode-1/data/ratis/9077664d-6638-4601-babd-b7d298e1524b/in_use.lock acquired by nodename 14416@pr-hdds-2162-pj84x-1708865144
2019-10-02 20:46:00,046 [pool-393-thread-1] INFO  storage.RaftStorage (RaftStorage.java:format(84)) - Storage directory /workdir/hadoop-ozone/integration-test/target/test-dir/MiniOzoneClusterImpl-9cef7e86-6480-4d54-bd6b-d10c3a5bf03e/datanode-1/data/ratis/9077664d-6638-4601-babd-b7d298e1524b has been successfully formatted.
2019-10-02 20:46:00,047 [pool-393-thread-1] INFO  ratis.ContainerStateMachine (ContainerStateMachine.java:loadSnapshot(230)) - group-B7D298E1524B: The snapshot info is null. Setting the last applied indexto:(t:0, i:~)
2019-10-02 20:46:00,047 [pool-393-thread-1] INFO  server.RaftServerConfigKeys (ConfUtils.java:logGet(43)) - raft.server.notification.no-leader.timeout = 120s (custom)
2019-10-02 20:46:00,047 [pool-393-thread-1] INFO  server.RaftServerConfigKeys (ConfUtils.java:logGet(43)) - raft.server.log.use.memory = false (default)
2019-10-02 20:46:00,047 [pool-393-thread-1] INFO  server.RaftServerConfigKeys (ConfUtils.java:logGet(43)) - raft.server.log.purge.gap = 1000000 (custom)
2019-10-02 20:46:00,047 [pool-393-thread-1] INFO  server.RaftServerConfigKeys (ConfUtils.java:logGet(43)) - raft.server.log.appender.buffer.byte-limit = 33554432 (custom)
2019-10-02 20:46:00,047 [pool-393-thread-1] INFO  server.RaftServerConfigKeys (ConfUtils.java:logGet(43)) - raft.server.log.segment.size.max = 1048576 (custom)
2019-10-02 20:46:00,049 [pool-393-thread-1] INFO  server.RaftServerConfigKeys (ConfUtils.java:logGet(43)) - raft.server.log.segment.cache.num.max = 2 (custom)
2019-10-02 20:46:00,049 [pool-393-thread-1] INFO  segmented.SegmentedRaftLogWorker (SegmentedRaftLogWorker.java:<init>(173)) - new df60df3b-367f-47e6-8a9a-af73cb7f67fe@group-B7D298E1524B-SegmentedRaftLogWorker for RaftStorage:Storage Directory /workdir/hadoop-ozone/integration-test/target/test-dir/MiniOzoneClusterImpl-9cef7e86-6480-4d54-bd6b-d10c3a5bf03e/datanode-1/data/ratis/9077664d-6638-4601-babd-b7d298e1524b
2019-10-02 20:46:00,049 [pool-393-thread-1] INFO  server.RaftServerConfigKeys (ConfUtils.java:logGet(43)) - raft.server.log.queue.byte-limit = 2147483647 (custom)
2019-10-02 20:46:00,049 [pool-393-thread-1] INFO  server.RaftServerConfigKeys (ConfUtils.java:logGet(43)) - raft.server.log.queue.element-limit = 1024 (custom)
2019-10-02 20:46:00,049 [pool-393-thread-1] INFO  server.RaftServerConfigKeys (ConfUtils.java:logGet(43)) - raft.server.log.segment.size.max = 1048576 (custom)
2019-10-02 20:46:00,049 [pool-393-thread-1] INFO  server.RaftServerConfigKeys (ConfUtils.java:logGet(43)) - raft.server.log.preallocated.size = 16384 (custom)
2019-10-02 20:46:00,049 [pool-393-thread-1] INFO  server.RaftServerConfigKeys (ConfUtils.java:logGet(43)) - raft.server.log.write.buffer.size = 33554432 (custom)
2019-10-02 20:46:00,049 [pool-393-thread-1] INFO  server.RaftServerConfigKeys (ConfUtils.java:logGet(43)) - raft.server.log.force.sync.num = 128 (default)
2019-10-02 20:46:00,049 [pool-393-thread-1] INFO  server.RaftServerConfigKeys (ConfUtils.java:logGet(43)) - raft.server.log.statemachine.data.sync = true (default)
2019-10-02 20:46:00,049 [pool-393-thread-1] INFO  server.RaftServerConfigKeys (ConfUtils.java:logGet(43)) - raft.server.log.statemachine.data.sync.timeout = 10s (default)
2019-10-02 20:46:00,049 [pool-393-thread-1] INFO  server.RaftServerConfigKeys (ConfUtils.java:logGet(43)) - raft.server.log.statemachine.data.sync.timeout.retry = -1 (default)
2019-10-02 20:46:00,050 [pool-393-thread-1] INFO  server.RaftServerConfigKeys (ConfUtils.java:logGet(43)) - raft.server.log.statemachine.data.caching.enabled = true (custom)
2019-10-02 20:46:00,050 [pool-393-thread-1] INFO  segmented.SegmentedRaftLogWorker (SegmentedRaftLogWorker.java:lambda$new$0(128)) - df60df3b-367f-47e6-8a9a-af73cb7f67fe@group-B7D298E1524B-SegmentedRaftLogWorker: flushIndex: setUnconditionally 0 -> -1
2019-10-02 20:46:00,050 [pool-393-thread-1] INFO  server.RaftServerConfigKeys (ConfUtils.java:logGet(43)) - raft.server.snapshot.auto.trigger.enabled = true (custom)
2019-10-02 20:46:00,050 [pool-393-thread-1] INFO  server.RaftServerConfigKeys (ConfUtils.java:logGet(43)) - raft.server.snapshot.auto.trigger.threshold = 10000 (custom)
2019-10-02 20:46:00,050 [pool-393-thread-1] INFO  server.RaftServerConfigKeys (ConfUtils.java:logGet(43)) - raft.server.snapshot.retention.file.num = 5 (custom)
2019-10-02 20:46:00,050 [pool-393-thread-1] INFO  server.RaftServerConfigKeys (ConfUtils.java:logGet(43)) - raft.server.retrycache.expirytime = 600000ms (custom)
2019-10-02 20:46:00,052 [pool-393-thread-1] INFO  impl.RaftServerImpl (RaftServerImpl.java:start(181)) - df60df3b-367f-47e6-8a9a-af73cb7f67fe@group-B7D298E1524B: start as a follower, conf=-1: [df60df3b-367f-47e6-8a9a-af73cb7f67fe:192.168.164.206:45310], old=null
2019-10-02 20:46:00,052 [pool-393-thread-1] INFO  impl.RaftServerImpl (RaftServerImpl.java:setRole(170)) - df60df3b-367f-47e6-8a9a-af73cb7f67fe@group-B7D298E1524B: changes role from      null to FOLLOWER at term 0 for startAsFollower
2019-10-02 20:46:00,052 [pool-393-thread-1] INFO  impl.RoleInfo (RoleInfo.java:updateAndGet(143)) - df60df3b-367f-47e6-8a9a-af73cb7f67fe: start FollowerState
2019-10-02 20:46:00,052 [pool-393-thread-1] INFO  util.JmxRegister (JmxRegister.java:tryRegister(44)) - Successfully registered JMX Bean with object name Ratis:service=RaftServer,group=group-B7D298E1524B,id=df60df3b-367f-47e6-8a9a-af73cb7f67fe
2019-10-02 20:46:00,071 [RatisPipelineUtilsThread] INFO  pipeline.PipelineStateManager (PipelineStateManager.java:addPipeline(56)) - Created pipeline Pipeline[ Id: 9077664d-6638-4601-babd-b7d298e1524b, Nodes: df60df3b-367f-47e6-8a9a-af73cb7f67fe{ip: 192.168.164.206, host: pr-hdds-2162-pj84x-1708865144, networkLocation: /default-rack, certSerialId: null}, Type:RATIS, Factor:ONE, State:OPEN]
2019-10-02 20:46:00,101 [IPC Server handler 6 on 39046] INFO  net.NetworkTopology (NetworkTopologyImpl.java:add(111)) - Added a new node: /default-rack/a1cd4d9c-1a67-4d11-a601-f010683610d4
2019-10-02 20:46:00,101 [IPC Server handler 6 on 39046] INFO  node.SCMNodeManager (SCMNodeManager.java:register(266)) - Registered Data node : a1cd4d9c-1a67-4d11-a601-f010683610d4{ip: 192.168.164.206, host: pr-hdds-2162-pj84x-1708865144, networkLocation: /default-rack, certSerialId: null}
2019-10-02 20:46:00,113 [grpc-default-executor-6] INFO  impl.RaftServerProxy (RaftServerProxy.java:addNew(89)) - a1cd4d9c-1a67-4d11-a601-f010683610d4: addNew group-6F19D16D2832:[a1cd4d9c-1a67-4d11-a601-f010683610d4:192.168.164.206:43332] returns group-6F19D16D2832:java.util.concurrent.CompletableFuture@2d2beeee[Not completed]
2019-10-02 20:46:00,114 [pool-403-thread-1] INFO  impl.RaftServerImpl (RaftServerImpl.java:<init>(95)) - a1cd4d9c-1a67-4d11-a601-f010683610d4: new RaftServerImpl for group-6F19D16D2832:[a1cd4d9c-1a67-4d11-a601-f010683610d4:192.168.164.206:43332] with ContainerStateMachine:uninitialized
2019-10-02 20:46:00,115 [pool-403-thread-1] INFO  server.RaftServerConfigKeys (ConfUtils.java:logGet(43)) - raft.server.rpc.timeout.min = 5s (custom)
2019-10-02 20:46:00,115 [pool-403-thread-1] INFO  server.RaftServerConfigKeys (ConfUtils.java:logGet(43)) - raft.server.rpc.timeout.max = 5200ms (custom)
2019-10-02 20:46:00,115 [pool-403-thread-1] INFO  server.RaftServerConfigKeys (ConfUtils.java:logGet(43)) - raft.server.rpcslowness.timeout = 120s (custom)
2019-10-02 20:46:00,115 [pool-403-thread-1] INFO  server.RaftServerConfigKeys (ConfUtils.java:logGet(43)) - raft.server.sleep.deviation.threshold = 300 (default)
2019-10-02 20:46:00,115 [pool-403-thread-1] INFO  server.RaftServerConfigKeys (ConfUtils.java:logGet(43)) - raft.server.log.appender.install.snapshot.enabled = false (custom)
2019-10-02 20:46:00,115 [pool-403-thread-1] INFO  impl.RaftServerImpl (ServerState.java:<init>(103)) - a1cd4d9c-1a67-4d11-a601-f010683610d4@group-6F19D16D2832: ConfigurationManager, init=-1: [a1cd4d9c-1a67-4d11-a601-f010683610d4:192.168.164.206:43332], old=null, confs=<EMPTY_MAP>
2019-10-02 20:46:00,115 [pool-403-thread-1] INFO  server.RaftServerConfigKeys (ConfUtils.java:logGet(43)) - raft.server.storage.dir = [/workdir/hadoop-ozone/integration-test/target/test-dir/MiniOzoneClusterImpl-9cef7e86-6480-4d54-bd6b-d10c3a5bf03e/datanode-2/data/ratis] (custom)
2019-10-02 20:46:00,116 [pool-403-thread-1] INFO  server.RaftServerConfigKeys (ConfUtils.java:logGet(43)) - raft.server.log.corruption.policy = EXCEPTION (default)
2019-10-02 20:46:00,116 [pool-403-thread-1] INFO  storage.RaftStorageDirectory (RaftStorageDirectory.java:analyzeStorage(246)) - The storage directory /workdir/hadoop-ozone/integration-test/target/test-dir/MiniOzoneClusterImpl-9cef7e86-6480-4d54-bd6b-d10c3a5bf03e/datanode-2/data/ratis/29c8982f-9474-44d7-b919-6f19d16d2832 does not exist. Creating ...
2019-10-02 20:46:00,129 [pool-403-thread-1] INFO  storage.RaftStorageDirectory (RaftStorageDirectory.java:tryLock(328)) - Lock on /workdir/hadoop-ozone/integration-test/target/test-dir/MiniOzoneClusterImpl-9cef7e86-6480-4d54-bd6b-d10c3a5bf03e/datanode-2/data/ratis/29c8982f-9474-44d7-b919-6f19d16d2832/in_use.lock acquired by nodename 14416@pr-hdds-2162-pj84x-1708865144
2019-10-02 20:46:00,143 [pool-403-thread-1] INFO  storage.RaftStorage (RaftStorage.java:format(84)) - Storage directory /workdir/hadoop-ozone/integration-test/target/test-dir/MiniOzoneClusterImpl-9cef7e86-6480-4d54-bd6b-d10c3a5bf03e/datanode-2/data/ratis/29c8982f-9474-44d7-b919-6f19d16d2832 has been successfully formatted.
2019-10-02 20:46:00,144 [pool-403-thread-1] INFO  ratis.ContainerStateMachine (ContainerStateMachine.java:loadSnapshot(230)) - group-6F19D16D2832: The snapshot info is null. Setting the last applied indexto:(t:0, i:~)
2019-10-02 20:46:00,144 [pool-403-thread-1] INFO  server.RaftServerConfigKeys (ConfUtils.java:logGet(43)) - raft.server.notification.no-leader.timeout = 120s (custom)
2019-10-02 20:46:00,144 [pool-403-thread-1] INFO  server.RaftServerConfigKeys (ConfUtils.java:logGet(43)) - raft.server.log.use.memory = false (default)
2019-10-02 20:46:00,144 [pool-403-thread-1] INFO  server.RaftServerConfigKeys (ConfUtils.java:logGet(43)) - raft.server.log.purge.gap = 1000000 (custom)
2019-10-02 20:46:00,144 [pool-403-thread-1] INFO  server.RaftServerConfigKeys (ConfUtils.java:logGet(43)) - raft.server.log.appender.buffer.byte-limit = 33554432 (custom)
2019-10-02 20:46:00,144 [pool-403-thread-1] INFO  server.RaftServerConfigKeys (ConfUtils.java:logGet(43)) - raft.server.log.segment.size.max = 1048576 (custom)
2019-10-02 20:46:00,146 [pool-403-thread-1] INFO  server.RaftServerConfigKeys (ConfUtils.java:logGet(43)) - raft.server.log.segment.cache.num.max = 2 (custom)
2019-10-02 20:46:00,146 [pool-403-thread-1] INFO  segmented.SegmentedRaftLogWorker (SegmentedRaftLogWorker.java:<init>(173)) - new a1cd4d9c-1a67-4d11-a601-f010683610d4@group-6F19D16D2832-SegmentedRaftLogWorker for RaftStorage:Storage Directory /workdir/hadoop-ozone/integration-test/target/test-dir/MiniOzoneClusterImpl-9cef7e86-6480-4d54-bd6b-d10c3a5bf03e/datanode-2/data/ratis/29c8982f-9474-44d7-b919-6f19d16d2832
2019-10-02 20:46:00,146 [pool-403-thread-1] INFO  server.RaftServerConfigKeys (ConfUtils.java:logGet(43)) - raft.server.log.queue.byte-limit = 2147483647 (custom)
2019-10-02 20:46:00,147 [pool-403-thread-1] INFO  server.RaftServerConfigKeys (ConfUtils.java:logGet(43)) - raft.server.log.queue.element-limit = 1024 (custom)
2019-10-02 20:46:00,147 [pool-403-thread-1] INFO  server.RaftServerConfigKeys (ConfUtils.java:logGet(43)) - raft.server.log.segment.size.max = 1048576 (custom)
2019-10-02 20:46:00,147 [pool-403-thread-1] INFO  server.RaftServerConfigKeys (ConfUtils.java:logGet(43)) - raft.server.log.preallocated.size = 16384 (custom)
2019-10-02 20:46:00,147 [pool-403-thread-1] INFO  server.RaftServerConfigKeys (ConfUtils.java:logGet(43)) - raft.server.log.write.buffer.size = 33554432 (custom)
2019-10-02 20:46:00,147 [pool-403-thread-1] INFO  server.RaftServerConfigKeys (ConfUtils.java:logGet(43)) - raft.server.log.force.sync.num = 128 (default)
2019-10-02 20:46:00,147 [pool-403-thread-1] INFO  server.RaftServerConfigKeys (ConfUtils.java:logGet(43)) - raft.server.log.statemachine.data.sync = true (default)
2019-10-02 20:46:00,147 [pool-403-thread-1] INFO  server.RaftServerConfigKeys (ConfUtils.java:logGet(43)) - raft.server.log.statemachine.data.sync.timeout = 10s (default)
2019-10-02 20:46:00,148 [pool-403-thread-1] INFO  server.RaftServerConfigKeys (ConfUtils.java:logGet(43)) - raft.server.log.statemachine.data.sync.timeout.retry = -1 (default)
2019-10-02 20:46:00,148 [pool-403-thread-1] INFO  server.RaftServerConfigKeys (ConfUtils.java:logGet(43)) - raft.server.log.statemachine.data.caching.enabled = true (custom)
2019-10-02 20:46:00,148 [pool-403-thread-1] INFO  segmented.SegmentedRaftLogWorker (SegmentedRaftLogWorker.java:lambda$new$0(128)) - a1cd4d9c-1a67-4d11-a601-f010683610d4@group-6F19D16D2832-SegmentedRaftLogWorker: flushIndex: setUnconditionally 0 -> -1
2019-10-02 20:46:00,149 [pool-403-thread-1] INFO  server.RaftServerConfigKeys (ConfUtils.java:logGet(43)) - raft.server.snapshot.auto.trigger.enabled = true (custom)
2019-10-02 20:46:00,149 [pool-403-thread-1] INFO  server.RaftServerConfigKeys (ConfUtils.java:logGet(43)) - raft.server.snapshot.auto.trigger.threshold = 10000 (custom)
2019-10-02 20:46:00,149 [pool-403-thread-1] INFO  server.RaftServerConfigKeys (ConfUtils.java:logGet(43)) - raft.server.snapshot.retention.file.num = 5 (custom)
2019-10-02 20:46:00,149 [pool-403-thread-1] INFO  server.RaftServerConfigKeys (ConfUtils.java:logGet(43)) - raft.server.retrycache.expirytime = 600000ms (custom)
2019-10-02 20:46:00,151 [pool-403-thread-1] INFO  impl.RaftServerImpl (RaftServerImpl.java:start(181)) - a1cd4d9c-1a67-4d11-a601-f010683610d4@group-6F19D16D2832: start as a follower, conf=-1: [a1cd4d9c-1a67-4d11-a601-f010683610d4:192.168.164.206:43332], old=null
2019-10-02 20:46:00,151 [pool-403-thread-1] INFO  impl.RaftServerImpl (RaftServerImpl.java:setRole(170)) - a1cd4d9c-1a67-4d11-a601-f010683610d4@group-6F19D16D2832: changes role from      null to FOLLOWER at term 0 for startAsFollower
2019-10-02 20:46:00,151 [pool-403-thread-1] INFO  impl.RoleInfo (RoleInfo.java:updateAndGet(143)) - a1cd4d9c-1a67-4d11-a601-f010683610d4: start FollowerState
2019-10-02 20:46:00,151 [pool-403-thread-1] INFO  util.JmxRegister (JmxRegister.java:tryRegister(44)) - Successfully registered JMX Bean with object name Ratis:service=RaftServer,group=group-6F19D16D2832,id=a1cd4d9c-1a67-4d11-a601-f010683610d4
2019-10-02 20:46:00,159 [RatisPipelineUtilsThread] INFO  pipeline.PipelineStateManager (PipelineStateManager.java:addPipeline(56)) - Created pipeline Pipeline[ Id: 29c8982f-9474-44d7-b919-6f19d16d2832, Nodes: a1cd4d9c-1a67-4d11-a601-f010683610d4{ip: 192.168.164.206, host: pr-hdds-2162-pj84x-1708865144, networkLocation: /default-rack, certSerialId: null}, Type:RATIS, Factor:ONE, State:OPEN]
2019-10-02 20:46:00,178 [grpc-default-executor-1] INFO  impl.RaftServerProxy (RaftServerProxy.java:addNew(89)) - f4a748ca-6ff1-425b-93d7-f3f0b24bfb28: addNew group-D2DC9C16E4A1:[df60df3b-367f-47e6-8a9a-af73cb7f67fe:192.168.164.206:45310, a1cd4d9c-1a67-4d11-a601-f010683610d4:192.168.164.206:43332, f4a748ca-6ff1-425b-93d7-f3f0b24bfb28:192.168.164.206:34300] returns group-D2DC9C16E4A1:java.util.concurrent.CompletableFuture@2ade3e1c[Not completed]
2019-10-02 20:46:00,178 [grpc-default-executor-7] INFO  impl.RaftServerProxy (RaftServerProxy.java:addNew(89)) - df60df3b-367f-47e6-8a9a-af73cb7f67fe: addNew group-D2DC9C16E4A1:[df60df3b-367f-47e6-8a9a-af73cb7f67fe:192.168.164.206:45310, a1cd4d9c-1a67-4d11-a601-f010683610d4:192.168.164.206:43332, f4a748ca-6ff1-425b-93d7-f3f0b24bfb28:192.168.164.206:34300] returns group-D2DC9C16E4A1:java.util.concurrent.CompletableFuture@365501be[Not completed]
2019-10-02 20:46:00,178 [grpc-default-executor-6] INFO  impl.RaftServerProxy (RaftServerProxy.java:addNew(89)) - a1cd4d9c-1a67-4d11-a601-f010683610d4: addNew group-D2DC9C16E4A1:[df60df3b-367f-47e6-8a9a-af73cb7f67fe:192.168.164.206:45310, a1cd4d9c-1a67-4d11-a601-f010683610d4:192.168.164.206:43332, f4a748ca-6ff1-425b-93d7-f3f0b24bfb28:192.168.164.206:34300] returns group-D2DC9C16E4A1:java.util.concurrent.CompletableFuture@761876fc[Not completed]
2019-10-02 20:46:00,179 [pool-403-thread-1] INFO  impl.RaftServerImpl (RaftServerImpl.java:<init>(95)) - a1cd4d9c-1a67-4d11-a601-f010683610d4: new RaftServerImpl for group-D2DC9C16E4A1:[df60df3b-367f-47e6-8a9a-af73cb7f67fe:192.168.164.206:45310, a1cd4d9c-1a67-4d11-a601-f010683610d4:192.168.164.206:43332, f4a748ca-6ff1-425b-93d7-f3f0b24bfb28:192.168.164.206:34300] with ContainerStateMachine:uninitialized
2019-10-02 20:46:00,180 [pool-403-thread-1] INFO  server.RaftServerConfigKeys (ConfUtils.java:logGet(43)) - raft.server.rpc.timeout.min = 5s (custom)
2019-10-02 20:46:00,180 [pool-403-thread-1] INFO  server.RaftServerConfigKeys (ConfUtils.java:logGet(43)) - raft.server.rpc.timeout.max = 5200ms (custom)
2019-10-02 20:46:00,180 [pool-403-thread-1] INFO  server.RaftServerConfigKeys (ConfUtils.java:logGet(43)) - raft.server.rpcslowness.timeout = 120s (custom)
2019-10-02 20:46:00,180 [pool-383-thread-1] INFO  impl.RaftServerImpl (RaftServerImpl.java:<init>(95)) - f4a748ca-6ff1-425b-93d7-f3f0b24bfb28: new RaftServerImpl for group-D2DC9C16E4A1:[df60df3b-367f-47e6-8a9a-af73cb7f67fe:192.168.164.206:45310, a1cd4d9c-1a67-4d11-a601-f010683610d4:192.168.164.206:43332, f4a748ca-6ff1-425b-93d7-f3f0b24bfb28:192.168.164.206:34300] with ContainerStateMachine:uninitialized
2019-10-02 20:46:00,180 [pool-403-thread-1] INFO  server.RaftServerConfigKeys (ConfUtils.java:logGet(43)) - raft.server.sleep.deviation.threshold = 300 (default)
2019-10-02 20:46:00,180 [pool-383-thread-1] INFO  server.RaftServerConfigKeys (ConfUtils.java:logGet(43)) - raft.server.rpc.timeout.min = 5s (custom)
2019-10-02 20:46:00,180 [pool-403-thread-1] INFO  server.RaftServerConfigKeys (ConfUtils.java:logGet(43)) - raft.server.log.appender.install.snapshot.enabled = false (custom)
2019-10-02 20:46:00,180 [pool-383-thread-1] INFO  server.RaftServerConfigKeys (ConfUtils.java:logGet(43)) - raft.server.rpc.timeout.max = 5200ms (custom)
2019-10-02 20:46:00,180 [pool-403-thread-1] INFO  impl.RaftServerImpl (ServerState.java:<init>(103)) - a1cd4d9c-1a67-4d11-a601-f010683610d4@group-D2DC9C16E4A1: ConfigurationManager, init=-1: [df60df3b-367f-47e6-8a9a-af73cb7f67fe:192.168.164.206:45310, a1cd4d9c-1a67-4d11-a601-f010683610d4:192.168.164.206:43332, f4a748ca-6ff1-425b-93d7-f3f0b24bfb28:192.168.164.206:34300], old=null, confs=<EMPTY_MAP>
2019-10-02 20:46:00,180 [pool-393-thread-1] INFO  impl.RaftServerImpl (RaftServerImpl.java:<init>(95)) - df60df3b-367f-47e6-8a9a-af73cb7f67fe: new RaftServerImpl for group-D2DC9C16E4A1:[df60df3b-367f-47e6-8a9a-af73cb7f67fe:192.168.164.206:45310, a1cd4d9c-1a67-4d11-a601-f010683610d4:192.168.164.206:43332, f4a748ca-6ff1-425b-93d7-f3f0b24bfb28:192.168.164.206:34300] with ContainerStateMachine:uninitialized
2019-10-02 20:46:00,180 [pool-383-thread-1] INFO  server.RaftServerConfigKeys (ConfUtils.java:logGet(43)) - raft.server.rpcslowness.timeout = 120s (custom)
2019-10-02 20:46:00,181 [pool-393-thread-1] INFO  server.RaftServerConfigKeys (ConfUtils.java:logGet(43)) - raft.server.rpc.timeout.min = 5s (custom)
2019-10-02 20:46:00,181 [pool-403-thread-1] INFO  server.RaftServerConfigKeys (ConfUtils.java:logGet(43)) - raft.server.storage.dir = [/workdir/hadoop-ozone/integration-test/target/test-dir/MiniOzoneClusterImpl-9cef7e86-6480-4d54-bd6b-d10c3a5bf03e/datanode-2/data/ratis] (custom)
2019-10-02 20:46:00,181 [pool-393-thread-1] INFO  server.RaftServerConfigKeys (ConfUtils.java:logGet(43)) - raft.server.rpc.timeout.max = 5200ms (custom)
2019-10-02 20:46:00,181 [pool-383-thread-1] INFO  server.RaftServerConfigKeys (ConfUtils.java:logGet(43)) - raft.server.sleep.deviation.threshold = 300 (default)
2019-10-02 20:46:00,181 [pool-403-thread-1] INFO  server.RaftServerConfigKeys (ConfUtils.java:logGet(43)) - raft.server.log.corruption.policy = EXCEPTION (default)
2019-10-02 20:46:00,181 [pool-393-thread-1] INFO  server.RaftServerConfigKeys (ConfUtils.java:logGet(43)) - raft.server.rpcslowness.timeout = 120s (custom)
2019-10-02 20:46:00,181 [pool-383-thread-1] INFO  server.RaftServerConfigKeys (ConfUtils.java:logGet(43)) - raft.server.log.appender.install.snapshot.enabled = false (custom)
2019-10-02 20:46:00,181 [pool-403-thread-1] INFO  storage.RaftStorageDirectory (RaftStorageDirectory.java:analyzeStorage(246)) - The storage directory /workdir/hadoop-ozone/integration-test/target/test-dir/MiniOzoneClusterImpl-9cef7e86-6480-4d54-bd6b-d10c3a5bf03e/datanode-2/data/ratis/462db6c8-343c-4d63-9a14-d2dc9c16e4a1 does not exist. Creating ...
2019-10-02 20:46:00,181 [pool-393-thread-1] INFO  server.RaftServerConfigKeys (ConfUtils.java:logGet(43)) - raft.server.sleep.deviation.threshold = 300 (default)
2019-10-02 20:46:00,181 [pool-383-thread-1] INFO  impl.RaftServerImpl (ServerState.java:<init>(103)) - f4a748ca-6ff1-425b-93d7-f3f0b24bfb28@group-D2DC9C16E4A1: ConfigurationManager, init=-1: [df60df3b-367f-47e6-8a9a-af73cb7f67fe:192.168.164.206:45310, a1cd4d9c-1a67-4d11-a601-f010683610d4:192.168.164.206:43332, f4a748ca-6ff1-425b-93d7-f3f0b24bfb28:192.168.164.206:34300], old=null, confs=<EMPTY_MAP>
2019-10-02 20:46:00,182 [pool-393-thread-1] INFO  server.RaftServerConfigKeys (ConfUtils.java:logGet(43)) - raft.server.log.appender.install.snapshot.enabled = false (custom)
2019-10-02 20:46:00,182 [pool-383-thread-1] INFO  server.RaftServerConfigKeys (ConfUtils.java:logGet(43)) - raft.server.storage.dir = [/workdir/hadoop-ozone/integration-test/target/test-dir/MiniOzoneClusterImpl-9cef7e86-6480-4d54-bd6b-d10c3a5bf03e/datanode-0/data/ratis] (custom)
2019-10-02 20:46:00,182 [pool-393-thread-1] INFO  impl.RaftServerImpl (ServerState.java:<init>(103)) - df60df3b-367f-47e6-8a9a-af73cb7f67fe@group-D2DC9C16E4A1: ConfigurationManager, init=-1: [df60df3b-367f-47e6-8a9a-af73cb7f67fe:192.168.164.206:45310, a1cd4d9c-1a67-4d11-a601-f010683610d4:192.168.164.206:43332, f4a748ca-6ff1-425b-93d7-f3f0b24bfb28:192.168.164.206:34300], old=null, confs=<EMPTY_MAP>
2019-10-02 20:46:00,182 [pool-383-thread-1] INFO  server.RaftServerConfigKeys (ConfUtils.java:logGet(43)) - raft.server.log.corruption.policy = EXCEPTION (default)
2019-10-02 20:46:00,182 [pool-393-thread-1] INFO  server.RaftServerConfigKeys (ConfUtils.java:logGet(43)) - raft.server.storage.dir = [/workdir/hadoop-ozone/integration-test/target/test-dir/MiniOzoneClusterImpl-9cef7e86-6480-4d54-bd6b-d10c3a5bf03e/datanode-1/data/ratis] (custom)
2019-10-02 20:46:00,182 [pool-383-thread-1] INFO  storage.RaftStorageDirectory (RaftStorageDirectory.java:analyzeStorage(246)) - The storage directory /workdir/hadoop-ozone/integration-test/target/test-dir/MiniOzoneClusterImpl-9cef7e86-6480-4d54-bd6b-d10c3a5bf03e/datanode-0/data/ratis/462db6c8-343c-4d63-9a14-d2dc9c16e4a1 does not exist. Creating ...
2019-10-02 20:46:00,182 [pool-393-thread-1] INFO  server.RaftServerConfigKeys (ConfUtils.java:logGet(43)) - raft.server.log.corruption.policy = EXCEPTION (default)
2019-10-02 20:46:00,182 [pool-393-thread-1] INFO  storage.RaftStorageDirectory (RaftStorageDirectory.java:analyzeStorage(246)) - The storage directory /workdir/hadoop-ozone/integration-test/target/test-dir/MiniOzoneClusterImpl-9cef7e86-6480-4d54-bd6b-d10c3a5bf03e/datanode-1/data/ratis/462db6c8-343c-4d63-9a14-d2dc9c16e4a1 does not exist. Creating ...
2019-10-02 20:46:00,189 [IPC Server handler 5 on 39046] INFO  net.NetworkTopology (NetworkTopologyImpl.java:add(111)) - Added a new node: /default-rack/8c255d15-beac-417a-bf2f-f439b29eb4c8
2019-10-02 20:46:00,189 [IPC Server handler 5 on 39046] INFO  node.SCMNodeManager (SCMNodeManager.java:register(266)) - Registered Data node : 8c255d15-beac-417a-bf2f-f439b29eb4c8{ip: 192.168.164.206, host: pr-hdds-2162-pj84x-1708865144, networkLocation: /default-rack, certSerialId: null}
2019-10-02 20:46:00,195 [pool-403-thread-1] INFO  storage.RaftStorageDirectory (RaftStorageDirectory.java:tryLock(328)) - Lock on /workdir/hadoop-ozone/integration-test/target/test-dir/MiniOzoneClusterImpl-9cef7e86-6480-4d54-bd6b-d10c3a5bf03e/datanode-2/data/ratis/462db6c8-343c-4d63-9a14-d2dc9c16e4a1/in_use.lock acquired by nodename 14416@pr-hdds-2162-pj84x-1708865144
2019-10-02 20:46:00,195 [pool-393-thread-1] INFO  storage.RaftStorageDirectory (RaftStorageDirectory.java:tryLock(328)) - Lock on /workdir/hadoop-ozone/integration-test/target/test-dir/MiniOzoneClusterImpl-9cef7e86-6480-4d54-bd6b-d10c3a5bf03e/datanode-1/data/ratis/462db6c8-343c-4d63-9a14-d2dc9c16e4a1/in_use.lock acquired by nodename 14416@pr-hdds-2162-pj84x-1708865144
2019-10-02 20:46:00,195 [pool-383-thread-1] INFO  storage.RaftStorageDirectory (RaftStorageDirectory.java:tryLock(328)) - Lock on /workdir/hadoop-ozone/integration-test/target/test-dir/MiniOzoneClusterImpl-9cef7e86-6480-4d54-bd6b-d10c3a5bf03e/datanode-0/data/ratis/462db6c8-343c-4d63-9a14-d2dc9c16e4a1/in_use.lock acquired by nodename 14416@pr-hdds-2162-pj84x-1708865144
2019-10-02 20:46:00,209 [pool-393-thread-1] INFO  storage.RaftStorage (RaftStorage.java:format(84)) - Storage directory /workdir/hadoop-ozone/integration-test/target/test-dir/MiniOzoneClusterImpl-9cef7e86-6480-4d54-bd6b-d10c3a5bf03e/datanode-1/data/ratis/462db6c8-343c-4d63-9a14-d2dc9c16e4a1 has been successfully formatted.
2019-10-02 20:46:00,209 [pool-383-thread-1] INFO  storage.RaftStorage (RaftStorage.java:format(84)) - Storage directory /workdir/hadoop-ozone/integration-test/target/test-dir/MiniOzoneClusterImpl-9cef7e86-6480-4d54-bd6b-d10c3a5bf03e/datanode-0/data/ratis/462db6c8-343c-4d63-9a14-d2dc9c16e4a1 has been successfully formatted.
2019-10-02 20:46:00,209 [pool-403-thread-1] INFO  storage.RaftStorage (RaftStorage.java:format(84)) - Storage directory /workdir/hadoop-ozone/integration-test/target/test-dir/MiniOzoneClusterImpl-9cef7e86-6480-4d54-bd6b-d10c3a5bf03e/datanode-2/data/ratis/462db6c8-343c-4d63-9a14-d2dc9c16e4a1 has been successfully formatted.
2019-10-02 20:46:00,209 [pool-393-thread-1] INFO  ratis.ContainerStateMachine (ContainerStateMachine.java:loadSnapshot(230)) - group-D2DC9C16E4A1: The snapshot info is null. Setting the last applied indexto:(t:0, i:~)
2019-10-02 20:46:00,209 [pool-403-thread-1] INFO  ratis.ContainerStateMachine (ContainerStateMachine.java:loadSnapshot(230)) - group-D2DC9C16E4A1: The snapshot info is null. Setting the last applied indexto:(t:0, i:~)
2019-10-02 20:46:00,209 [pool-383-thread-1] INFO  ratis.ContainerStateMachine (ContainerStateMachine.java:loadSnapshot(230)) - group-D2DC9C16E4A1: The snapshot info is null. Setting the last applied indexto:(t:0, i:~)
2019-10-02 20:46:00,209 [pool-403-thread-1] INFO  server.RaftServerConfigKeys (ConfUtils.java:logGet(43)) - raft.server.notification.no-leader.timeout = 120s (custom)
2019-10-02 20:46:00,209 [pool-393-thread-1] INFO  server.RaftServerConfigKeys (ConfUtils.java:logGet(43)) - raft.server.notification.no-leader.timeout = 120s (custom)
2019-10-02 20:46:00,210 [pool-403-thread-1] INFO  server.RaftServerConfigKeys (ConfUtils.java:logGet(43)) - raft.server.log.use.memory = false (default)
2019-10-02 20:46:00,209 [pool-383-thread-1] INFO  server.RaftServerConfigKeys (ConfUtils.java:logGet(43)) - raft.server.notification.no-leader.timeout = 120s (custom)
2019-10-02 20:46:00,210 [pool-403-thread-1] INFO  server.RaftServerConfigKeys (ConfUtils.java:logGet(43)) - raft.server.log.purge.gap = 1000000 (custom)
2019-10-02 20:46:00,210 [pool-393-thread-1] INFO  server.RaftServerConfigKeys (ConfUtils.java:logGet(43)) - raft.server.log.use.memory = false (default)
2019-10-02 20:46:00,210 [pool-403-thread-1] INFO  server.RaftServerConfigKeys (ConfUtils.java:logGet(43)) - raft.server.log.appender.buffer.byte-limit = 33554432 (custom)
2019-10-02 20:46:00,210 [pool-383-thread-1] INFO  server.RaftServerConfigKeys (ConfUtils.java:logGet(43)) - raft.server.log.use.memory = false (default)
2019-10-02 20:46:00,210 [pool-403-thread-1] INFO  server.RaftServerConfigKeys (ConfUtils.java:logGet(43)) - raft.server.log.segment.size.max = 1048576 (custom)
2019-10-02 20:46:00,210 [pool-393-thread-1] INFO  server.RaftServerConfigKeys (ConfUtils.java:logGet(43)) - raft.server.log.purge.gap = 1000000 (custom)
2019-10-02 20:46:00,211 [pool-403-thread-1] INFO  server.RaftServerConfigKeys (ConfUtils.java:logGet(43)) - raft.server.log.segment.cache.num.max = 2 (custom)
2019-10-02 20:46:00,211 [pool-383-thread-1] INFO  server.RaftServerConfigKeys (ConfUtils.java:logGet(43)) - raft.server.log.purge.gap = 1000000 (custom)
2019-10-02 20:46:00,211 [pool-403-thread-1] INFO  segmented.SegmentedRaftLogWorker (SegmentedRaftLogWorker.java:<init>(173)) - new a1cd4d9c-1a67-4d11-a601-f010683610d4@group-D2DC9C16E4A1-SegmentedRaftLogWorker for RaftStorage:Storage Directory /workdir/hadoop-ozone/integration-test/target/test-dir/MiniOzoneClusterImpl-9cef7e86-6480-4d54-bd6b-d10c3a5bf03e/datanode-2/data/ratis/462db6c8-343c-4d63-9a14-d2dc9c16e4a1
2019-10-02 20:46:00,211 [pool-393-thread-1] INFO  server.RaftServerConfigKeys (ConfUtils.java:logGet(43)) - raft.server.log.appender.buffer.byte-limit = 33554432 (custom)
2019-10-02 20:46:00,211 [pool-403-thread-1] INFO  server.RaftServerConfigKeys (ConfUtils.java:logGet(43)) - raft.server.log.queue.byte-limit = 2147483647 (custom)
2019-10-02 20:46:00,211 [pool-383-thread-1] INFO  server.RaftServerConfigKeys (ConfUtils.java:logGet(43)) - raft.server.log.appender.buffer.byte-limit = 33554432 (custom)
2019-10-02 20:46:00,211 [pool-403-thread-1] INFO  server.RaftServerConfigKeys (ConfUtils.java:logGet(43)) - raft.server.log.queue.element-limit = 1024 (custom)
2019-10-02 20:46:00,211 [pool-393-thread-1] INFO  server.RaftServerConfigKeys (ConfUtils.java:logGet(43)) - raft.server.log.segment.size.max = 1048576 (custom)
2019-10-02 20:46:00,212 [pool-403-thread-1] INFO  server.RaftServerConfigKeys (ConfUtils.java:logGet(43)) - raft.server.log.segment.size.max = 1048576 (custom)
2019-10-02 20:46:00,212 [pool-403-thread-1] INFO  server.RaftServerConfigKeys (ConfUtils.java:logGet(43)) - raft.server.log.preallocated.size = 16384 (custom)
2019-10-02 20:46:00,212 [pool-383-thread-1] INFO  server.RaftServerConfigKeys (ConfUtils.java:logGet(43)) - raft.server.log.segment.size.max = 1048576 (custom)
2019-10-02 20:46:00,212 [pool-403-thread-1] INFO  server.RaftServerConfigKeys (ConfUtils.java:logGet(43)) - raft.server.log.write.buffer.size = 33554432 (custom)
2019-10-02 20:46:00,212 [pool-393-thread-1] INFO  server.RaftServerConfigKeys (ConfUtils.java:logGet(43)) - raft.server.log.segment.cache.num.max = 2 (custom)
2019-10-02 20:46:00,212 [pool-403-thread-1] INFO  server.RaftServerConfigKeys (ConfUtils.java:logGet(43)) - raft.server.log.force.sync.num = 128 (default)
2019-10-02 20:46:00,212 [pool-383-thread-1] INFO  server.RaftServerConfigKeys (ConfUtils.java:logGet(43)) - raft.server.log.segment.cache.num.max = 2 (custom)
2019-10-02 20:46:00,212 [pool-403-thread-1] INFO  server.RaftServerConfigKeys (ConfUtils.java:logGet(43)) - raft.server.log.statemachine.data.sync = true (default)
2019-10-02 20:46:00,212 [pool-393-thread-1] INFO  segmented.SegmentedRaftLogWorker (SegmentedRaftLogWorker.java:<init>(173)) - new df60df3b-367f-47e6-8a9a-af73cb7f67fe@group-D2DC9C16E4A1-SegmentedRaftLogWorker for RaftStorage:Storage Directory /workdir/hadoop-ozone/integration-test/target/test-dir/MiniOzoneClusterImpl-9cef7e86-6480-4d54-bd6b-d10c3a5bf03e/datanode-1/data/ratis/462db6c8-343c-4d63-9a14-d2dc9c16e4a1
2019-10-02 20:46:00,213 [pool-403-thread-1] INFO  server.RaftServerConfigKeys (ConfUtils.java:logGet(43)) - raft.server.log.statemachine.data.sync.timeout = 10s (default)
2019-10-02 20:46:00,213 [pool-403-thread-1] INFO  server.RaftServerConfigKeys (ConfUtils.java:logGet(43)) - raft.server.log.statemachine.data.sync.timeout.retry = -1 (default)
2019-10-02 20:46:00,213 [pool-383-thread-1] INFO  segmented.SegmentedRaftLogWorker (SegmentedRaftLogWorker.java:<init>(173)) - new f4a748ca-6ff1-425b-93d7-f3f0b24bfb28@group-D2DC9C16E4A1-SegmentedRaftLogWorker for RaftStorage:Storage Directory /workdir/hadoop-ozone/integration-test/target/test-dir/MiniOzoneClusterImpl-9cef7e86-6480-4d54-bd6b-d10c3a5bf03e/datanode-0/data/ratis/462db6c8-343c-4d63-9a14-d2dc9c16e4a1
2019-10-02 20:46:00,213 [pool-403-thread-1] INFO  server.RaftServerConfigKeys (ConfUtils.java:logGet(43)) - raft.server.log.statemachine.data.caching.enabled = true (custom)
2019-10-02 20:46:00,213 [pool-393-thread-1] INFO  server.RaftServerConfigKeys (ConfUtils.java:logGet(43)) - raft.server.log.queue.byte-limit = 2147483647 (custom)
2019-10-02 20:46:00,213 [pool-383-thread-1] INFO  server.RaftServerConfigKeys (ConfUtils.java:logGet(43)) - raft.server.log.queue.byte-limit = 2147483647 (custom)
2019-10-02 20:46:00,213 [pool-403-thread-1] INFO  segmented.SegmentedRaftLogWorker (SegmentedRaftLogWorker.java:lambda$new$0(128)) - a1cd4d9c-1a67-4d11-a601-f010683610d4@group-D2DC9C16E4A1-SegmentedRaftLogWorker: flushIndex: setUnconditionally 0 -> -1
2019-10-02 20:46:00,213 [pool-393-thread-1] INFO  server.RaftServerConfigKeys (ConfUtils.java:logGet(43)) - raft.server.log.queue.element-limit = 1024 (custom)
2019-10-02 20:46:00,213 [pool-383-thread-1] INFO  server.RaftServerConfigKeys (ConfUtils.java:logGet(43)) - raft.server.log.queue.element-limit = 1024 (custom)
2019-10-02 20:46:00,214 [pool-403-thread-1] INFO  server.RaftServerConfigKeys (ConfUtils.java:logGet(43)) - raft.server.snapshot.auto.trigger.enabled = true (custom)
2019-10-02 20:46:00,214 [pool-393-thread-1] INFO  server.RaftServerConfigKeys (ConfUtils.java:logGet(43)) - raft.server.log.segment.size.max = 1048576 (custom)
2019-10-02 20:46:00,214 [pool-403-thread-1] INFO  server.RaftServerConfigKeys (ConfUtils.java:logGet(43)) - raft.server.snapshot.auto.trigger.threshold = 10000 (custom)
2019-10-02 20:46:00,214 [pool-383-thread-1] INFO  server.RaftServerConfigKeys (ConfUtils.java:logGet(43)) - raft.server.log.segment.size.max = 1048576 (custom)
2019-10-02 20:46:00,214 [pool-403-thread-1] INFO  server.RaftServerConfigKeys (ConfUtils.java:logGet(43)) - raft.server.snapshot.retention.file.num = 5 (custom)
2019-10-02 20:46:00,214 [pool-393-thread-1] INFO  server.RaftServerConfigKeys (ConfUtils.java:logGet(43)) - raft.server.log.preallocated.size = 16384 (custom)
2019-10-02 20:46:00,214 [pool-403-thread-1] INFO  server.RaftServerConfigKeys (ConfUtils.java:logGet(43)) - raft.server.retrycache.expirytime = 600000ms (custom)
2019-10-02 20:46:00,214 [pool-383-thread-1] INFO  server.RaftServerConfigKeys (ConfUtils.java:logGet(43)) - raft.server.log.preallocated.size = 16384 (custom)
2019-10-02 20:46:00,215 [pool-393-thread-1] INFO  server.RaftServerConfigKeys (ConfUtils.java:logGet(43)) - raft.server.log.write.buffer.size = 33554432 (custom)
2019-10-02 20:46:00,215 [pool-383-thread-1] INFO  server.RaftServerConfigKeys (ConfUtils.java:logGet(43)) - raft.server.log.write.buffer.size = 33554432 (custom)
2019-10-02 20:46:00,215 [pool-393-thread-1] INFO  server.RaftServerConfigKeys (ConfUtils.java:logGet(43)) - raft.server.log.force.sync.num = 128 (default)
2019-10-02 20:46:00,215 [pool-383-thread-1] INFO  server.RaftServerConfigKeys (ConfUtils.java:logGet(43)) - raft.server.log.force.sync.num = 128 (default)
2019-10-02 20:46:00,215 [pool-393-thread-1] INFO  server.RaftServerConfigKeys (ConfUtils.java:logGet(43)) - raft.server.log.statemachine.data.sync = true (default)
2019-10-02 20:46:00,215 [pool-383-thread-1] INFO  server.RaftServerConfigKeys (ConfUtils.java:logGet(43)) - raft.server.log.statemachine.data.sync = true (default)
2019-10-02 20:46:00,216 [pool-393-thread-1] INFO  server.RaftServerConfigKeys (ConfUtils.java:logGet(43)) - raft.server.log.statemachine.data.sync.timeout = 10s (default)
2019-10-02 20:46:00,216 [pool-383-thread-1] INFO  server.RaftServerConfigKeys (ConfUtils.java:logGet(43)) - raft.server.log.statemachine.data.sync.timeout = 10s (default)
2019-10-02 20:46:00,216 [pool-393-thread-1] INFO  server.RaftServerConfigKeys (ConfUtils.java:logGet(43)) - raft.server.log.statemachine.data.sync.timeout.retry = -1 (default)
2019-10-02 20:46:00,216 [pool-383-thread-1] INFO  server.RaftServerConfigKeys (ConfUtils.java:logGet(43)) - raft.server.log.statemachine.data.sync.timeout.retry = -1 (default)
2019-10-02 20:46:00,216 [pool-393-thread-1] INFO  server.RaftServerConfigKeys (ConfUtils.java:logGet(43)) - raft.server.log.statemachine.data.caching.enabled = true (custom)
2019-10-02 20:46:00,216 [pool-383-thread-1] INFO  server.RaftServerConfigKeys (ConfUtils.java:logGet(43)) - raft.server.log.statemachine.data.caching.enabled = true (custom)
2019-10-02 20:46:00,216 [pool-403-thread-1] INFO  impl.RaftServerImpl (RaftServerImpl.java:start(181)) - a1cd4d9c-1a67-4d11-a601-f010683610d4@group-D2DC9C16E4A1: start as a follower, conf=-1: [df60df3b-367f-47e6-8a9a-af73cb7f67fe:192.168.164.206:45310, a1cd4d9c-1a67-4d11-a601-f010683610d4:192.168.164.206:43332, f4a748ca-6ff1-425b-93d7-f3f0b24bfb28:192.168.164.206:34300], old=null
2019-10-02 20:46:00,217 [pool-403-thread-1] INFO  impl.RaftServerImpl (RaftServerImpl.java:setRole(170)) - a1cd4d9c-1a67-4d11-a601-f010683610d4@group-D2DC9C16E4A1: changes role from      null to FOLLOWER at term 0 for startAsFollower
2019-10-02 20:46:00,217 [pool-383-thread-1] INFO  segmented.SegmentedRaftLogWorker (SegmentedRaftLogWorker.java:lambda$new$0(128)) - f4a748ca-6ff1-425b-93d7-f3f0b24bfb28@group-D2DC9C16E4A1-SegmentedRaftLogWorker: flushIndex: setUnconditionally 0 -> -1
2019-10-02 20:46:00,217 [pool-403-thread-1] INFO  impl.RoleInfo (RoleInfo.java:updateAndGet(143)) - a1cd4d9c-1a67-4d11-a601-f010683610d4: start FollowerState
2019-10-02 20:46:00,217 [pool-393-thread-1] INFO  segmented.SegmentedRaftLogWorker (SegmentedRaftLogWorker.java:lambda$new$0(128)) - df60df3b-367f-47e6-8a9a-af73cb7f67fe@group-D2DC9C16E4A1-SegmentedRaftLogWorker: flushIndex: setUnconditionally 0 -> -1
2019-10-02 20:46:00,217 [pool-383-thread-1] INFO  server.RaftServerConfigKeys (ConfUtils.java:logGet(43)) - raft.server.snapshot.auto.trigger.enabled = true (custom)
2019-10-02 20:46:00,217 [pool-383-thread-1] INFO  server.RaftServerConfigKeys (ConfUtils.java:logGet(43)) - raft.server.snapshot.auto.trigger.threshold = 10000 (custom)
2019-10-02 20:46:00,217 [pool-393-thread-1] INFO  server.RaftServerConfigKeys (ConfUtils.java:logGet(43)) - raft.server.snapshot.auto.trigger.enabled = true (custom)
2019-10-02 20:46:00,217 [pool-403-thread-1] INFO  util.JmxRegister (JmxRegister.java:tryRegister(44)) - Successfully registered JMX Bean with object name Ratis:service=RaftServer,group=group-D2DC9C16E4A1,id=a1cd4d9c-1a67-4d11-a601-f010683610d4
2019-10-02 20:46:00,218 [pool-393-thread-1] INFO  server.RaftServerConfigKeys (ConfUtils.java:logGet(43)) - raft.server.snapshot.auto.trigger.threshold = 10000 (custom)
2019-10-02 20:46:00,218 [pool-383-thread-1] INFO  server.RaftServerConfigKeys (ConfUtils.java:logGet(43)) - raft.server.snapshot.retention.file.num = 5 (custom)
2019-10-02 20:46:00,218 [pool-393-thread-1] INFO  server.RaftServerConfigKeys (ConfUtils.java:logGet(43)) - raft.server.snapshot.retention.file.num = 5 (custom)
2019-10-02 20:46:00,218 [pool-383-thread-1] INFO  server.RaftServerConfigKeys (ConfUtils.java:logGet(43)) - raft.server.retrycache.expirytime = 600000ms (custom)
2019-10-02 20:46:00,218 [pool-393-thread-1] INFO  server.RaftServerConfigKeys (ConfUtils.java:logGet(43)) - raft.server.retrycache.expirytime = 600000ms (custom)
2019-10-02 20:46:00,228 [pool-383-thread-1] INFO  impl.RaftServerImpl (RaftServerImpl.java:start(181)) - f4a748ca-6ff1-425b-93d7-f3f0b24bfb28@group-D2DC9C16E4A1: start as a follower, conf=-1: [df60df3b-367f-47e6-8a9a-af73cb7f67fe:192.168.164.206:45310, a1cd4d9c-1a67-4d11-a601-f010683610d4:192.168.164.206:43332, f4a748ca-6ff1-425b-93d7-f3f0b24bfb28:192.168.164.206:34300], old=null
2019-10-02 20:46:00,228 [pool-393-thread-1] INFO  impl.RaftServerImpl (RaftServerImpl.java:start(181)) - df60df3b-367f-47e6-8a9a-af73cb7f67fe@group-D2DC9C16E4A1: start as a follower, conf=-1: [df60df3b-367f-47e6-8a9a-af73cb7f67fe:192.168.164.206:45310, a1cd4d9c-1a67-4d11-a601-f010683610d4:192.168.164.206:43332, f4a748ca-6ff1-425b-93d7-f3f0b24bfb28:192.168.164.206:34300], old=null
2019-10-02 20:46:00,228 [pool-383-thread-1] INFO  impl.RaftServerImpl (RaftServerImpl.java:setRole(170)) - f4a748ca-6ff1-425b-93d7-f3f0b24bfb28@group-D2DC9C16E4A1: changes role from      null to FOLLOWER at term 0 for startAsFollower
2019-10-02 20:46:00,228 [pool-393-thread-1] INFO  impl.RaftServerImpl (RaftServerImpl.java:setRole(170)) - df60df3b-367f-47e6-8a9a-af73cb7f67fe@group-D2DC9C16E4A1: changes role from      null to FOLLOWER at term 0 for startAsFollower
2019-10-02 20:46:00,228 [pool-383-thread-1] INFO  impl.RoleInfo (RoleInfo.java:updateAndGet(143)) - f4a748ca-6ff1-425b-93d7-f3f0b24bfb28: start FollowerState
2019-10-02 20:46:00,228 [pool-393-thread-1] INFO  impl.RoleInfo (RoleInfo.java:updateAndGet(143)) - df60df3b-367f-47e6-8a9a-af73cb7f67fe: start FollowerState
2019-10-02 20:46:00,228 [pool-383-thread-1] INFO  util.JmxRegister (JmxRegister.java:tryRegister(44)) - Successfully registered JMX Bean with object name Ratis:service=RaftServer,group=group-D2DC9C16E4A1,id=f4a748ca-6ff1-425b-93d7-f3f0b24bfb28
2019-10-02 20:46:00,229 [pool-393-thread-1] INFO  util.JmxRegister (JmxRegister.java:tryRegister(44)) - Successfully registered JMX Bean with object name Ratis:service=RaftServer,group=group-D2DC9C16E4A1,id=df60df3b-367f-47e6-8a9a-af73cb7f67fe
2019-10-02 20:46:00,242 [RatisPipelineUtilsThread] INFO  pipeline.PipelineStateManager (PipelineStateManager.java:addPipeline(56)) - Created pipeline Pipeline[ Id: 462db6c8-343c-4d63-9a14-d2dc9c16e4a1, Nodes: f4a748ca-6ff1-425b-93d7-f3f0b24bfb28{ip: 192.168.164.206, host: pr-hdds-2162-pj84x-1708865144, networkLocation: /default-rack, certSerialId: null}a1cd4d9c-1a67-4d11-a601-f010683610d4{ip: 192.168.164.206, host: pr-hdds-2162-pj84x-1708865144, networkLocation: /default-rack, certSerialId: null}df60df3b-367f-47e6-8a9a-af73cb7f67fe{ip: 192.168.164.206, host: pr-hdds-2162-pj84x-1708865144, networkLocation: /default-rack, certSerialId: null}, Type:RATIS, Factor:THREE, State:OPEN]
2019-10-02 20:46:00,271 [IPC Server handler 0 on 39046] INFO  net.NetworkTopology (NetworkTopologyImpl.java:add(111)) - Added a new node: /default-rack/fa82d7e9-067a-4022-bdc7-da231d0b6622
2019-10-02 20:46:00,271 [IPC Server handler 0 on 39046] INFO  node.SCMNodeManager (SCMNodeManager.java:register(266)) - Registered Data node : fa82d7e9-067a-4022-bdc7-da231d0b6622{ip: 192.168.164.206, host: pr-hdds-2162-pj84x-1708865144, networkLocation: /default-rack, certSerialId: null}
2019-10-02 20:46:00,279 [grpc-default-executor-6] INFO  impl.RaftServerProxy (RaftServerProxy.java:addNew(89)) - 8c255d15-beac-417a-bf2f-f439b29eb4c8: addNew group-5AD36A83A10F:[8c255d15-beac-417a-bf2f-f439b29eb4c8:192.168.164.206:46592] returns group-5AD36A83A10F:java.util.concurrent.CompletableFuture@656329c3[Not completed]
2019-10-02 20:46:00,280 [pool-413-thread-1] INFO  impl.RaftServerImpl (RaftServerImpl.java:<init>(95)) - 8c255d15-beac-417a-bf2f-f439b29eb4c8: new RaftServerImpl for group-5AD36A83A10F:[8c255d15-beac-417a-bf2f-f439b29eb4c8:192.168.164.206:46592] with ContainerStateMachine:uninitialized
2019-10-02 20:46:00,280 [pool-413-thread-1] INFO  server.RaftServerConfigKeys (ConfUtils.java:logGet(43)) - raft.server.rpc.timeout.min = 5s (custom)
2019-10-02 20:46:00,280 [pool-413-thread-1] INFO  server.RaftServerConfigKeys (ConfUtils.java:logGet(43)) - raft.server.rpc.timeout.max = 5200ms (custom)
2019-10-02 20:46:00,281 [pool-413-thread-1] INFO  server.RaftServerConfigKeys (ConfUtils.java:logGet(43)) - raft.server.rpcslowness.timeout = 120s (custom)
2019-10-02 20:46:00,281 [pool-413-thread-1] INFO  server.RaftServerConfigKeys (ConfUtils.java:logGet(43)) - raft.server.sleep.deviation.threshold = 300 (default)
2019-10-02 20:46:00,281 [pool-413-thread-1] INFO  server.RaftServerConfigKeys (ConfUtils.java:logGet(43)) - raft.server.log.appender.install.snapshot.enabled = false (custom)
2019-10-02 20:46:00,281 [pool-413-thread-1] INFO  impl.RaftServerImpl (ServerState.java:<init>(103)) - 8c255d15-beac-417a-bf2f-f439b29eb4c8@group-5AD36A83A10F: ConfigurationManager, init=-1: [8c255d15-beac-417a-bf2f-f439b29eb4c8:192.168.164.206:46592], old=null, confs=<EMPTY_MAP>
2019-10-02 20:46:00,281 [pool-413-thread-1] INFO  server.RaftServerConfigKeys (ConfUtils.java:logGet(43)) - raft.server.storage.dir = [/workdir/hadoop-ozone/integration-test/target/test-dir/MiniOzoneClusterImpl-9cef7e86-6480-4d54-bd6b-d10c3a5bf03e/datanode-3/data/ratis] (custom)
2019-10-02 20:46:00,282 [pool-413-thread-1] INFO  server.RaftServerConfigKeys (ConfUtils.java:logGet(43)) - raft.server.log.corruption.policy = EXCEPTION (default)
2019-10-02 20:46:00,282 [pool-413-thread-1] INFO  storage.RaftStorageDirectory (RaftStorageDirectory.java:analyzeStorage(246)) - The storage directory /workdir/hadoop-ozone/integration-test/target/test-dir/MiniOzoneClusterImpl-9cef7e86-6480-4d54-bd6b-d10c3a5bf03e/datanode-3/data/ratis/79c21ec1-832f-4486-925e-5ad36a83a10f does not exist. Creating ...
2019-10-02 20:46:00,295 [pool-413-thread-1] INFO  storage.RaftStorageDirectory (RaftStorageDirectory.java:tryLock(328)) - Lock on /workdir/hadoop-ozone/integration-test/target/test-dir/MiniOzoneClusterImpl-9cef7e86-6480-4d54-bd6b-d10c3a5bf03e/datanode-3/data/ratis/79c21ec1-832f-4486-925e-5ad36a83a10f/in_use.lock acquired by nodename 14416@pr-hdds-2162-pj84x-1708865144
2019-10-02 20:46:00,308 [pool-413-thread-1] INFO  storage.RaftStorage (RaftStorage.java:format(84)) - Storage directory /workdir/hadoop-ozone/integration-test/target/test-dir/MiniOzoneClusterImpl-9cef7e86-6480-4d54-bd6b-d10c3a5bf03e/datanode-3/data/ratis/79c21ec1-832f-4486-925e-5ad36a83a10f has been successfully formatted.
2019-10-02 20:46:00,308 [pool-413-thread-1] INFO  ratis.ContainerStateMachine (ContainerStateMachine.java:loadSnapshot(230)) - group-5AD36A83A10F: The snapshot info is null. Setting the last applied indexto:(t:0, i:~)
2019-10-02 20:46:00,308 [pool-413-thread-1] INFO  server.RaftServerConfigKeys (ConfUtils.java:logGet(43)) - raft.server.notification.no-leader.timeout = 120s (custom)
2019-10-02 20:46:00,309 [pool-413-thread-1] INFO  server.RaftServerConfigKeys (ConfUtils.java:logGet(43)) - raft.server.log.use.memory = false (default)
2019-10-02 20:46:00,309 [pool-413-thread-1] INFO  server.RaftServerConfigKeys (ConfUtils.java:logGet(43)) - raft.server.log.purge.gap = 1000000 (custom)
2019-10-02 20:46:00,309 [pool-413-thread-1] INFO  server.RaftServerConfigKeys (ConfUtils.java:logGet(43)) - raft.server.log.appender.buffer.byte-limit = 33554432 (custom)
2019-10-02 20:46:00,309 [pool-413-thread-1] INFO  server.RaftServerConfigKeys (ConfUtils.java:logGet(43)) - raft.server.log.segment.size.max = 1048576 (custom)
2019-10-02 20:46:00,311 [pool-413-thread-1] INFO  server.RaftServerConfigKeys (ConfUtils.java:logGet(43)) - raft.server.log.segment.cache.num.max = 2 (custom)
2019-10-02 20:46:00,311 [pool-413-thread-1] INFO  segmented.SegmentedRaftLogWorker (SegmentedRaftLogWorker.java:<init>(173)) - new 8c255d15-beac-417a-bf2f-f439b29eb4c8@group-5AD36A83A10F-SegmentedRaftLogWorker for RaftStorage:Storage Directory /workdir/hadoop-ozone/integration-test/target/test-dir/MiniOzoneClusterImpl-9cef7e86-6480-4d54-bd6b-d10c3a5bf03e/datanode-3/data/ratis/79c21ec1-832f-4486-925e-5ad36a83a10f
2019-10-02 20:46:00,312 [pool-413-thread-1] INFO  server.RaftServerConfigKeys (ConfUtils.java:logGet(43)) - raft.server.log.queue.byte-limit = 2147483647 (custom)
2019-10-02 20:46:00,312 [pool-413-thread-1] INFO  server.RaftServerConfigKeys (ConfUtils.java:logGet(43)) - raft.server.log.queue.element-limit = 1024 (custom)
2019-10-02 20:46:00,312 [pool-413-thread-1] INFO  server.RaftServerConfigKeys (ConfUtils.java:logGet(43)) - raft.server.log.segment.size.max = 1048576 (custom)
2019-10-02 20:46:00,312 [pool-413-thread-1] INFO  server.RaftServerConfigKeys (ConfUtils.java:logGet(43)) - raft.server.log.preallocated.size = 16384 (custom)
2019-10-02 20:46:00,312 [pool-413-thread-1] INFO  server.RaftServerConfigKeys (ConfUtils.java:logGet(43)) - raft.server.log.write.buffer.size = 33554432 (custom)
2019-10-02 20:46:00,312 [pool-413-thread-1] INFO  server.RaftServerConfigKeys (ConfUtils.java:logGet(43)) - raft.server.log.force.sync.num = 128 (default)
2019-10-02 20:46:00,312 [pool-413-thread-1] INFO  server.RaftServerConfigKeys (ConfUtils.java:logGet(43)) - raft.server.log.statemachine.data.sync = true (default)
2019-10-02 20:46:00,313 [pool-413-thread-1] INFO  server.RaftServerConfigKeys (ConfUtils.java:logGet(43)) - raft.server.log.statemachine.data.sync.timeout = 10s (default)
2019-10-02 20:46:00,313 [pool-413-thread-1] INFO  server.RaftServerConfigKeys (ConfUtils.java:logGet(43)) - raft.server.log.statemachine.data.sync.timeout.retry = -1 (default)
2019-10-02 20:46:00,313 [pool-413-thread-1] INFO  server.RaftServerConfigKeys (ConfUtils.java:logGet(43)) - raft.server.log.statemachine.data.caching.enabled = true (custom)
2019-10-02 20:46:00,313 [pool-413-thread-1] INFO  segmented.SegmentedRaftLogWorker (SegmentedRaftLogWorker.java:lambda$new$0(128)) - 8c255d15-beac-417a-bf2f-f439b29eb4c8@group-5AD36A83A10F-SegmentedRaftLogWorker: flushIndex: setUnconditionally 0 -> -1
2019-10-02 20:46:00,314 [pool-413-thread-1] INFO  server.RaftServerConfigKeys (ConfUtils.java:logGet(43)) - raft.server.snapshot.auto.trigger.enabled = true (custom)
2019-10-02 20:46:00,314 [pool-413-thread-1] INFO  server.RaftServerConfigKeys (ConfUtils.java:logGet(43)) - raft.server.snapshot.auto.trigger.threshold = 10000 (custom)
2019-10-02 20:46:00,314 [pool-413-thread-1] INFO  server.RaftServerConfigKeys (ConfUtils.java:logGet(43)) - raft.server.snapshot.retention.file.num = 5 (custom)
2019-10-02 20:46:00,314 [pool-413-thread-1] INFO  server.RaftServerConfigKeys (ConfUtils.java:logGet(43)) - raft.server.retrycache.expirytime = 600000ms (custom)
2019-10-02 20:46:00,316 [pool-413-thread-1] INFO  impl.RaftServerImpl (RaftServerImpl.java:start(181)) - 8c255d15-beac-417a-bf2f-f439b29eb4c8@group-5AD36A83A10F: start as a follower, conf=-1: [8c255d15-beac-417a-bf2f-f439b29eb4c8:192.168.164.206:46592], old=null
2019-10-02 20:46:00,316 [pool-413-thread-1] INFO  impl.RaftServerImpl (RaftServerImpl.java:setRole(170)) - 8c255d15-beac-417a-bf2f-f439b29eb4c8@group-5AD36A83A10F: changes role from      null to FOLLOWER at term 0 for startAsFollower
2019-10-02 20:46:00,317 [pool-413-thread-1] INFO  impl.RoleInfo (RoleInfo.java:updateAndGet(143)) - 8c255d15-beac-417a-bf2f-f439b29eb4c8: start FollowerState
2019-10-02 20:46:00,317 [pool-413-thread-1] INFO  util.JmxRegister (JmxRegister.java:tryRegister(44)) - Successfully registered JMX Bean with object name Ratis:service=RaftServer,group=group-5AD36A83A10F,id=8c255d15-beac-417a-bf2f-f439b29eb4c8
2019-10-02 20:46:00,325 [RatisPipelineUtilsThread] INFO  pipeline.PipelineStateManager (PipelineStateManager.java:addPipeline(56)) - Created pipeline Pipeline[ Id: 79c21ec1-832f-4486-925e-5ad36a83a10f, Nodes: 8c255d15-beac-417a-bf2f-f439b29eb4c8{ip: 192.168.164.206, host: pr-hdds-2162-pj84x-1708865144, networkLocation: /default-rack, certSerialId: null}, Type:RATIS, Factor:ONE, State:OPEN]
2019-10-02 20:46:00,333 [grpc-default-executor-6] INFO  impl.RaftServerProxy (RaftServerProxy.java:addNew(89)) - fa82d7e9-067a-4022-bdc7-da231d0b6622: addNew group-8E193F3695EA:[fa82d7e9-067a-4022-bdc7-da231d0b6622:192.168.164.206:41963] returns group-8E193F3695EA:java.util.concurrent.CompletableFuture@5409bd7f[Not completed]
2019-10-02 20:46:00,334 [pool-423-thread-1] INFO  impl.RaftServerImpl (RaftServerImpl.java:<init>(95)) - fa82d7e9-067a-4022-bdc7-da231d0b6622: new RaftServerImpl for group-8E193F3695EA:[fa82d7e9-067a-4022-bdc7-da231d0b6622:192.168.164.206:41963] with ContainerStateMachine:uninitialized
2019-10-02 20:46:00,334 [pool-423-thread-1] INFO  server.RaftServerConfigKeys (ConfUtils.java:logGet(43)) - raft.server.rpc.timeout.min = 5s (custom)
2019-10-02 20:46:00,334 [pool-423-thread-1] INFO  server.RaftServerConfigKeys (ConfUtils.java:logGet(43)) - raft.server.rpc.timeout.max = 5200ms (custom)
2019-10-02 20:46:00,334 [pool-423-thread-1] INFO  server.RaftServerConfigKeys (ConfUtils.java:logGet(43)) - raft.server.rpcslowness.timeout = 120s (custom)
2019-10-02 20:46:00,334 [pool-423-thread-1] INFO  server.RaftServerConfigKeys (ConfUtils.java:logGet(43)) - raft.server.sleep.deviation.threshold = 300 (default)
2019-10-02 20:46:00,334 [pool-423-thread-1] INFO  server.RaftServerConfigKeys (ConfUtils.java:logGet(43)) - raft.server.log.appender.install.snapshot.enabled = false (custom)
2019-10-02 20:46:00,335 [pool-423-thread-1] INFO  impl.RaftServerImpl (ServerState.java:<init>(103)) - fa82d7e9-067a-4022-bdc7-da231d0b6622@group-8E193F3695EA: ConfigurationManager, init=-1: [fa82d7e9-067a-4022-bdc7-da231d0b6622:192.168.164.206:41963], old=null, confs=<EMPTY_MAP>
2019-10-02 20:46:00,335 [pool-423-thread-1] INFO  server.RaftServerConfigKeys (ConfUtils.java:logGet(43)) - raft.server.storage.dir = [/workdir/hadoop-ozone/integration-test/target/test-dir/MiniOzoneClusterImpl-9cef7e86-6480-4d54-bd6b-d10c3a5bf03e/datanode-4/data/ratis] (custom)
2019-10-02 20:46:00,335 [pool-423-thread-1] INFO  server.RaftServerConfigKeys (ConfUtils.java:logGet(43)) - raft.server.log.corruption.policy = EXCEPTION (default)
2019-10-02 20:46:00,335 [pool-423-thread-1] INFO  storage.RaftStorageDirectory (RaftStorageDirectory.java:analyzeStorage(246)) - The storage directory /workdir/hadoop-ozone/integration-test/target/test-dir/MiniOzoneClusterImpl-9cef7e86-6480-4d54-bd6b-d10c3a5bf03e/datanode-4/data/ratis/969c3020-7b68-4633-8255-8e193f3695ea does not exist. Creating ...
2019-10-02 20:46:00,348 [pool-423-thread-1] INFO  storage.RaftStorageDirectory (RaftStorageDirectory.java:tryLock(328)) - Lock on /workdir/hadoop-ozone/integration-test/target/test-dir/MiniOzoneClusterImpl-9cef7e86-6480-4d54-bd6b-d10c3a5bf03e/datanode-4/data/ratis/969c3020-7b68-4633-8255-8e193f3695ea/in_use.lock acquired by nodename 14416@pr-hdds-2162-pj84x-1708865144
2019-10-02 20:46:00,360 [IPC Server handler 2 on 39046] INFO  net.NetworkTopology (NetworkTopologyImpl.java:add(111)) - Added a new node: /default-rack/0119a927-1981-48ab-b4c1-93d981264a58
2019-10-02 20:46:00,360 [IPC Server handler 2 on 39046] INFO  node.SCMNodeManager (SCMNodeManager.java:register(266)) - Registered Data node : 0119a927-1981-48ab-b4c1-93d981264a58{ip: 192.168.164.206, host: pr-hdds-2162-pj84x-1708865144, networkLocation: /default-rack, certSerialId: null}
2019-10-02 20:46:00,361 [pool-423-thread-1] INFO  storage.RaftStorage (RaftStorage.java:format(84)) - Storage directory /workdir/hadoop-ozone/integration-test/target/test-dir/MiniOzoneClusterImpl-9cef7e86-6480-4d54-bd6b-d10c3a5bf03e/datanode-4/data/ratis/969c3020-7b68-4633-8255-8e193f3695ea has been successfully formatted.
2019-10-02 20:46:00,362 [pool-423-thread-1] INFO  ratis.ContainerStateMachine (ContainerStateMachine.java:loadSnapshot(230)) - group-8E193F3695EA: The snapshot info is null. Setting the last applied indexto:(t:0, i:~)
2019-10-02 20:46:00,362 [pool-423-thread-1] INFO  server.RaftServerConfigKeys (ConfUtils.java:logGet(43)) - raft.server.notification.no-leader.timeout = 120s (custom)
2019-10-02 20:46:00,362 [pool-423-thread-1] INFO  server.RaftServerConfigKeys (ConfUtils.java:logGet(43)) - raft.server.log.use.memory = false (default)
2019-10-02 20:46:00,362 [pool-423-thread-1] INFO  server.RaftServerConfigKeys (ConfUtils.java:logGet(43)) - raft.server.log.purge.gap = 1000000 (custom)
2019-10-02 20:46:00,362 [pool-423-thread-1] INFO  server.RaftServerConfigKeys (ConfUtils.java:logGet(43)) - raft.server.log.appender.buffer.byte-limit = 33554432 (custom)
2019-10-02 20:46:00,362 [pool-423-thread-1] INFO  server.RaftServerConfigKeys (ConfUtils.java:logGet(43)) - raft.server.log.segment.size.max = 1048576 (custom)
2019-10-02 20:46:00,363 [pool-423-thread-1] INFO  server.RaftServerConfigKeys (ConfUtils.java:logGet(43)) - raft.server.log.segment.cache.num.max = 2 (custom)
2019-10-02 20:46:00,363 [pool-423-thread-1] INFO  segmented.SegmentedRaftLogWorker (SegmentedRaftLogWorker.java:<init>(173)) - new fa82d7e9-067a-4022-bdc7-da231d0b6622@group-8E193F3695EA-SegmentedRaftLogWorker for RaftStorage:Storage Directory /workdir/hadoop-ozone/integration-test/target/test-dir/MiniOzoneClusterImpl-9cef7e86-6480-4d54-bd6b-d10c3a5bf03e/datanode-4/data/ratis/969c3020-7b68-4633-8255-8e193f3695ea
2019-10-02 20:46:00,363 [pool-423-thread-1] INFO  server.RaftServerConfigKeys (ConfUtils.java:logGet(43)) - raft.server.log.queue.byte-limit = 2147483647 (custom)
2019-10-02 20:46:00,364 [pool-423-thread-1] INFO  server.RaftServerConfigKeys (ConfUtils.java:logGet(43)) - raft.server.log.queue.element-limit = 1024 (custom)
2019-10-02 20:46:00,364 [pool-423-thread-1] INFO  server.RaftServerConfigKeys (ConfUtils.java:logGet(43)) - raft.server.log.segment.size.max = 1048576 (custom)
2019-10-02 20:46:00,364 [pool-423-thread-1] INFO  server.RaftServerConfigKeys (ConfUtils.java:logGet(43)) - raft.server.log.preallocated.size = 16384 (custom)
2019-10-02 20:46:00,364 [pool-423-thread-1] INFO  server.RaftServerConfigKeys (ConfUtils.java:logGet(43)) - raft.server.log.write.buffer.size = 33554432 (custom)
2019-10-02 20:46:00,364 [pool-423-thread-1] INFO  server.RaftServerConfigKeys (ConfUtils.java:logGet(43)) - raft.server.log.force.sync.num = 128 (default)
2019-10-02 20:46:00,364 [pool-423-thread-1] INFO  server.RaftServerConfigKeys (ConfUtils.java:logGet(43)) - raft.server.log.statemachine.data.sync = true (default)
2019-10-02 20:46:00,364 [pool-423-thread-1] INFO  server.RaftServerConfigKeys (ConfUtils.java:logGet(43)) - raft.server.log.statemachine.data.sync.timeout = 10s (default)
2019-10-02 20:46:00,364 [pool-423-thread-1] INFO  server.RaftServerConfigKeys (ConfUtils.java:logGet(43)) - raft.server.log.statemachine.data.sync.timeout.retry = -1 (default)
2019-10-02 20:46:00,364 [pool-423-thread-1] INFO  server.RaftServerConfigKeys (ConfUtils.java:logGet(43)) - raft.server.log.statemachine.data.caching.enabled = true (custom)
2019-10-02 20:46:00,365 [pool-423-thread-1] INFO  segmented.SegmentedRaftLogWorker (SegmentedRaftLogWorker.java:lambda$new$0(128)) - fa82d7e9-067a-4022-bdc7-da231d0b6622@group-8E193F3695EA-SegmentedRaftLogWorker: flushIndex: setUnconditionally 0 -> -1
2019-10-02 20:46:00,365 [pool-423-thread-1] INFO  server.RaftServerConfigKeys (ConfUtils.java:logGet(43)) - raft.server.snapshot.auto.trigger.enabled = true (custom)
2019-10-02 20:46:00,365 [pool-423-thread-1] INFO  server.RaftServerConfigKeys (ConfUtils.java:logGet(43)) - raft.server.snapshot.auto.trigger.threshold = 10000 (custom)
2019-10-02 20:46:00,365 [pool-423-thread-1] INFO  server.RaftServerConfigKeys (ConfUtils.java:logGet(43)) - raft.server.snapshot.retention.file.num = 5 (custom)
2019-10-02 20:46:00,365 [pool-423-thread-1] INFO  server.RaftServerConfigKeys (ConfUtils.java:logGet(43)) - raft.server.retrycache.expirytime = 600000ms (custom)
2019-10-02 20:46:00,367 [pool-423-thread-1] INFO  impl.RaftServerImpl (RaftServerImpl.java:start(181)) - fa82d7e9-067a-4022-bdc7-da231d0b6622@group-8E193F3695EA: start as a follower, conf=-1: [fa82d7e9-067a-4022-bdc7-da231d0b6622:192.168.164.206:41963], old=null
2019-10-02 20:46:00,367 [pool-423-thread-1] INFO  impl.RaftServerImpl (RaftServerImpl.java:setRole(170)) - fa82d7e9-067a-4022-bdc7-da231d0b6622@group-8E193F3695EA: changes role from      null to FOLLOWER at term 0 for startAsFollower
2019-10-02 20:46:00,367 [pool-423-thread-1] INFO  impl.RoleInfo (RoleInfo.java:updateAndGet(143)) - fa82d7e9-067a-4022-bdc7-da231d0b6622: start FollowerState
2019-10-02 20:46:00,367 [pool-423-thread-1] INFO  util.JmxRegister (JmxRegister.java:tryRegister(44)) - Successfully registered JMX Bean with object name Ratis:service=RaftServer,group=group-8E193F3695EA,id=fa82d7e9-067a-4022-bdc7-da231d0b6622
2019-10-02 20:46:00,374 [RatisPipelineUtilsThread] INFO  pipeline.PipelineStateManager (PipelineStateManager.java:addPipeline(56)) - Created pipeline Pipeline[ Id: 969c3020-7b68-4633-8255-8e193f3695ea, Nodes: fa82d7e9-067a-4022-bdc7-da231d0b6622{ip: 192.168.164.206, host: pr-hdds-2162-pj84x-1708865144, networkLocation: /default-rack, certSerialId: null}, Type:RATIS, Factor:ONE, State:OPEN]
2019-10-02 20:46:00,381 [grpc-default-executor-6] INFO  impl.RaftServerProxy (RaftServerProxy.java:addNew(89)) - 0119a927-1981-48ab-b4c1-93d981264a58: addNew group-E661F3BB6CF6:[0119a927-1981-48ab-b4c1-93d981264a58:192.168.164.206:38279] returns group-E661F3BB6CF6:java.util.concurrent.CompletableFuture@2020e55b[Not completed]
2019-10-02 20:46:00,383 [pool-433-thread-1] INFO  impl.RaftServerImpl (RaftServerImpl.java:<init>(95)) - 0119a927-1981-48ab-b4c1-93d981264a58: new RaftServerImpl for group-E661F3BB6CF6:[0119a927-1981-48ab-b4c1-93d981264a58:192.168.164.206:38279] with ContainerStateMachine:uninitialized
2019-10-02 20:46:00,383 [pool-433-thread-1] INFO  server.RaftServerConfigKeys (ConfUtils.java:logGet(43)) - raft.server.rpc.timeout.min = 5s (custom)
2019-10-02 20:46:00,383 [pool-433-thread-1] INFO  server.RaftServerConfigKeys (ConfUtils.java:logGet(43)) - raft.server.rpc.timeout.max = 5200ms (custom)
2019-10-02 20:46:00,384 [pool-433-thread-1] INFO  server.RaftServerConfigKeys (ConfUtils.java:logGet(43)) - raft.server.rpcslowness.timeout = 120s (custom)
2019-10-02 20:46:00,384 [pool-433-thread-1] INFO  server.RaftServerConfigKeys (ConfUtils.java:logGet(43)) - raft.server.sleep.deviation.threshold = 300 (default)
2019-10-02 20:46:00,384 [pool-433-thread-1] INFO  server.RaftServerConfigKeys (ConfUtils.java:logGet(43)) - raft.server.log.appender.install.snapshot.enabled = false (custom)
2019-10-02 20:46:00,384 [pool-433-thread-1] INFO  impl.RaftServerImpl (ServerState.java:<init>(103)) - 0119a927-1981-48ab-b4c1-93d981264a58@group-E661F3BB6CF6: ConfigurationManager, init=-1: [0119a927-1981-48ab-b4c1-93d981264a58:192.168.164.206:38279], old=null, confs=<EMPTY_MAP>
2019-10-02 20:46:00,384 [pool-433-thread-1] INFO  server.RaftServerConfigKeys (ConfUtils.java:logGet(43)) - raft.server.storage.dir = [/workdir/hadoop-ozone/integration-test/target/test-dir/MiniOzoneClusterImpl-9cef7e86-6480-4d54-bd6b-d10c3a5bf03e/datanode-5/data/ratis] (custom)
2019-10-02 20:46:00,384 [pool-433-thread-1] INFO  server.RaftServerConfigKeys (ConfUtils.java:logGet(43)) - raft.server.log.corruption.policy = EXCEPTION (default)
2019-10-02 20:46:00,385 [pool-433-thread-1] INFO  storage.RaftStorageDirectory (RaftStorageDirectory.java:analyzeStorage(246)) - The storage directory /workdir/hadoop-ozone/integration-test/target/test-dir/MiniOzoneClusterImpl-9cef7e86-6480-4d54-bd6b-d10c3a5bf03e/datanode-5/data/ratis/4375213a-14d8-4b07-9d2e-e661f3bb6cf6 does not exist. Creating ...
2019-10-02 20:46:00,398 [pool-433-thread-1] INFO  storage.RaftStorageDirectory (RaftStorageDirectory.java:tryLock(328)) - Lock on /workdir/hadoop-ozone/integration-test/target/test-dir/MiniOzoneClusterImpl-9cef7e86-6480-4d54-bd6b-d10c3a5bf03e/datanode-5/data/ratis/4375213a-14d8-4b07-9d2e-e661f3bb6cf6/in_use.lock acquired by nodename 14416@pr-hdds-2162-pj84x-1708865144
2019-10-02 20:46:00,411 [pool-433-thread-1] INFO  storage.RaftStorage (RaftStorage.java:format(84)) - Storage directory /workdir/hadoop-ozone/integration-test/target/test-dir/MiniOzoneClusterImpl-9cef7e86-6480-4d54-bd6b-d10c3a5bf03e/datanode-5/data/ratis/4375213a-14d8-4b07-9d2e-e661f3bb6cf6 has been successfully formatted.
2019-10-02 20:46:00,411 [pool-433-thread-1] INFO  ratis.ContainerStateMachine (ContainerStateMachine.java:loadSnapshot(230)) - group-E661F3BB6CF6: The snapshot info is null. Setting the last applied indexto:(t:0, i:~)
2019-10-02 20:46:00,411 [pool-433-thread-1] INFO  server.RaftServerConfigKeys (ConfUtils.java:logGet(43)) - raft.server.notification.no-leader.timeout = 120s (custom)
2019-10-02 20:46:00,411 [pool-433-thread-1] INFO  server.RaftServerConfigKeys (ConfUtils.java:logGet(43)) - raft.server.log.use.memory = false (default)
2019-10-02 20:46:00,411 [pool-433-thread-1] INFO  server.RaftServerConfigKeys (ConfUtils.java:logGet(43)) - raft.server.log.purge.gap = 1000000 (custom)
2019-10-02 20:46:00,411 [pool-433-thread-1] INFO  server.RaftServerConfigKeys (ConfUtils.java:logGet(43)) - raft.server.log.appender.buffer.byte-limit = 33554432 (custom)
2019-10-02 20:46:00,411 [pool-433-thread-1] INFO  server.RaftServerConfigKeys (ConfUtils.java:logGet(43)) - raft.server.log.segment.size.max = 1048576 (custom)
2019-10-02 20:46:00,413 [pool-433-thread-1] INFO  server.RaftServerConfigKeys (ConfUtils.java:logGet(43)) - raft.server.log.segment.cache.num.max = 2 (custom)
2019-10-02 20:46:00,413 [pool-433-thread-1] INFO  segmented.SegmentedRaftLogWorker (SegmentedRaftLogWorker.java:<init>(173)) - new 0119a927-1981-48ab-b4c1-93d981264a58@group-E661F3BB6CF6-SegmentedRaftLogWorker for RaftStorage:Storage Directory /workdir/hadoop-ozone/integration-test/target/test-dir/MiniOzoneClusterImpl-9cef7e86-6480-4d54-bd6b-d10c3a5bf03e/datanode-5/data/ratis/4375213a-14d8-4b07-9d2e-e661f3bb6cf6
2019-10-02 20:46:00,414 [pool-433-thread-1] INFO  server.RaftServerConfigKeys (ConfUtils.java:logGet(43)) - raft.server.log.queue.byte-limit = 2147483647 (custom)
2019-10-02 20:46:00,414 [pool-433-thread-1] INFO  server.RaftServerConfigKeys (ConfUtils.java:logGet(43)) - raft.server.log.queue.element-limit = 1024 (custom)
2019-10-02 20:46:00,414 [pool-433-thread-1] INFO  server.RaftServerConfigKeys (ConfUtils.java:logGet(43)) - raft.server.log.segment.size.max = 1048576 (custom)
2019-10-02 20:46:00,414 [pool-433-thread-1] INFO  server.RaftServerConfigKeys (ConfUtils.java:logGet(43)) - raft.server.log.preallocated.size = 16384 (custom)
2019-10-02 20:46:00,414 [pool-433-thread-1] INFO  server.RaftServerConfigKeys (ConfUtils.java:logGet(43)) - raft.server.log.write.buffer.size = 33554432 (custom)
2019-10-02 20:46:00,414 [pool-433-thread-1] INFO  server.RaftServerConfigKeys (ConfUtils.java:logGet(43)) - raft.server.log.force.sync.num = 128 (default)
2019-10-02 20:46:00,414 [pool-433-thread-1] INFO  server.RaftServerConfigKeys (ConfUtils.java:logGet(43)) - raft.server.log.statemachine.data.sync = true (default)
2019-10-02 20:46:00,415 [pool-433-thread-1] INFO  server.RaftServerConfigKeys (ConfUtils.java:logGet(43)) - raft.server.log.statemachine.data.sync.timeout = 10s (default)
2019-10-02 20:46:00,415 [pool-433-thread-1] INFO  server.RaftServerConfigKeys (ConfUtils.java:logGet(43)) - raft.server.log.statemachine.data.sync.timeout.retry = -1 (default)
2019-10-02 20:46:00,415 [pool-433-thread-1] INFO  server.RaftServerConfigKeys (ConfUtils.java:logGet(43)) - raft.server.log.statemachine.data.caching.enabled = true (custom)
2019-10-02 20:46:00,415 [pool-433-thread-1] INFO  segmented.SegmentedRaftLogWorker (SegmentedRaftLogWorker.java:lambda$new$0(128)) - 0119a927-1981-48ab-b4c1-93d981264a58@group-E661F3BB6CF6-SegmentedRaftLogWorker: flushIndex: setUnconditionally 0 -> -1
2019-10-02 20:46:00,416 [pool-433-thread-1] INFO  server.RaftServerConfigKeys (ConfUtils.java:logGet(43)) - raft.server.snapshot.auto.trigger.enabled = true (custom)
2019-10-02 20:46:00,416 [pool-433-thread-1] INFO  server.RaftServerConfigKeys (ConfUtils.java:logGet(43)) - raft.server.snapshot.auto.trigger.threshold = 10000 (custom)
2019-10-02 20:46:00,416 [pool-433-thread-1] INFO  server.RaftServerConfigKeys (ConfUtils.java:logGet(43)) - raft.server.snapshot.retention.file.num = 5 (custom)
2019-10-02 20:46:00,416 [pool-433-thread-1] INFO  server.RaftServerConfigKeys (ConfUtils.java:logGet(43)) - raft.server.retrycache.expirytime = 600000ms (custom)
2019-10-02 20:46:00,418 [pool-433-thread-1] INFO  impl.RaftServerImpl (RaftServerImpl.java:start(181)) - 0119a927-1981-48ab-b4c1-93d981264a58@group-E661F3BB6CF6: start as a follower, conf=-1: [0119a927-1981-48ab-b4c1-93d981264a58:192.168.164.206:38279], old=null
2019-10-02 20:46:00,418 [pool-433-thread-1] INFO  impl.RaftServerImpl (RaftServerImpl.java:setRole(170)) - 0119a927-1981-48ab-b4c1-93d981264a58@group-E661F3BB6CF6: changes role from      null to FOLLOWER at term 0 for startAsFollower
2019-10-02 20:46:00,418 [pool-433-thread-1] INFO  impl.RoleInfo (RoleInfo.java:updateAndGet(143)) - 0119a927-1981-48ab-b4c1-93d981264a58: start FollowerState
2019-10-02 20:46:00,418 [pool-433-thread-1] INFO  util.JmxRegister (JmxRegister.java:tryRegister(44)) - Successfully registered JMX Bean with object name Ratis:service=RaftServer,group=group-E661F3BB6CF6,id=0119a927-1981-48ab-b4c1-93d981264a58
2019-10-02 20:46:00,426 [main] INFO  ozone.MiniOzoneClusterImpl (MiniOzoneClusterImpl.java:lambda$waitForClusterToBeReady$0(147)) - Waiting for cluster to be ready. Got 6 of 7 DN Heartbeats.
2019-10-02 20:46:00,426 [IPC Server handler 3 on 39046] INFO  net.NetworkTopology (NetworkTopologyImpl.java:add(111)) - Added a new node: /default-rack/06d4e385-97d4-4cf0-bf1a-10d2bdcb88d2
2019-10-02 20:46:00,427 [IPC Server handler 3 on 39046] INFO  node.SCMNodeManager (SCMNodeManager.java:register(266)) - Registered Data node : 06d4e385-97d4-4cf0-bf1a-10d2bdcb88d2{ip: 192.168.164.206, host: pr-hdds-2162-pj84x-1708865144, networkLocation: /default-rack, certSerialId: null}
2019-10-02 20:46:00,427 [RatisPipelineUtilsThread] INFO  pipeline.PipelineStateManager (PipelineStateManager.java:addPipeline(56)) - Created pipeline Pipeline[ Id: 4375213a-14d8-4b07-9d2e-e661f3bb6cf6, Nodes: 0119a927-1981-48ab-b4c1-93d981264a58{ip: 192.168.164.206, host: pr-hdds-2162-pj84x-1708865144, networkLocation: /default-rack, certSerialId: null}, Type:RATIS, Factor:ONE, State:OPEN]
2019-10-02 20:46:00,455 [grpc-default-executor-6] INFO  impl.RaftServerProxy (RaftServerProxy.java:addNew(89)) - 06d4e385-97d4-4cf0-bf1a-10d2bdcb88d2: addNew group-7DE5D20F355A:[06d4e385-97d4-4cf0-bf1a-10d2bdcb88d2:192.168.164.206:42376] returns group-7DE5D20F355A:java.util.concurrent.CompletableFuture@288a631a[Not completed]
2019-10-02 20:46:00,456 [pool-443-thread-1] INFO  impl.RaftServerImpl (RaftServerImpl.java:<init>(95)) - 06d4e385-97d4-4cf0-bf1a-10d2bdcb88d2: new RaftServerImpl for group-7DE5D20F355A:[06d4e385-97d4-4cf0-bf1a-10d2bdcb88d2:192.168.164.206:42376] with ContainerStateMachine:uninitialized
2019-10-02 20:46:00,457 [pool-443-thread-1] INFO  server.RaftServerConfigKeys (ConfUtils.java:logGet(43)) - raft.server.rpc.timeout.min = 5s (custom)
2019-10-02 20:46:00,457 [pool-443-thread-1] INFO  server.RaftServerConfigKeys (ConfUtils.java:logGet(43)) - raft.server.rpc.timeout.max = 5200ms (custom)
2019-10-02 20:46:00,457 [pool-443-thread-1] INFO  server.RaftServerConfigKeys (ConfUtils.java:logGet(43)) - raft.server.rpcslowness.timeout = 120s (custom)
2019-10-02 20:46:00,457 [pool-443-thread-1] INFO  server.RaftServerConfigKeys (ConfUtils.java:logGet(43)) - raft.server.sleep.deviation.threshold = 300 (default)
2019-10-02 20:46:00,457 [pool-443-thread-1] INFO  server.RaftServerConfigKeys (ConfUtils.java:logGet(43)) - raft.server.log.appender.install.snapshot.enabled = false (custom)
2019-10-02 20:46:00,457 [pool-443-thread-1] INFO  impl.RaftServerImpl (ServerState.java:<init>(103)) - 06d4e385-97d4-4cf0-bf1a-10d2bdcb88d2@group-7DE5D20F355A: ConfigurationManager, init=-1: [06d4e385-97d4-4cf0-bf1a-10d2bdcb88d2:192.168.164.206:42376], old=null, confs=<EMPTY_MAP>
2019-10-02 20:46:00,458 [pool-443-thread-1] INFO  server.RaftServerConfigKeys (ConfUtils.java:logGet(43)) - raft.server.storage.dir = [/workdir/hadoop-ozone/integration-test/target/test-dir/MiniOzoneClusterImpl-9cef7e86-6480-4d54-bd6b-d10c3a5bf03e/datanode-6/data/ratis] (custom)
2019-10-02 20:46:00,458 [pool-443-thread-1] INFO  server.RaftServerConfigKeys (ConfUtils.java:logGet(43)) - raft.server.log.corruption.policy = EXCEPTION (default)
2019-10-02 20:46:00,458 [pool-443-thread-1] INFO  storage.RaftStorageDirectory (RaftStorageDirectory.java:analyzeStorage(246)) - The storage directory /workdir/hadoop-ozone/integration-test/target/test-dir/MiniOzoneClusterImpl-9cef7e86-6480-4d54-bd6b-d10c3a5bf03e/datanode-6/data/ratis/79373f83-0eb5-433f-a51c-7de5d20f355a does not exist. Creating ...
2019-10-02 20:46:00,472 [pool-443-thread-1] INFO  storage.RaftStorageDirectory (RaftStorageDirectory.java:tryLock(328)) - Lock on /workdir/hadoop-ozone/integration-test/target/test-dir/MiniOzoneClusterImpl-9cef7e86-6480-4d54-bd6b-d10c3a5bf03e/datanode-6/data/ratis/79373f83-0eb5-433f-a51c-7de5d20f355a/in_use.lock acquired by nodename 14416@pr-hdds-2162-pj84x-1708865144
2019-10-02 20:46:00,493 [pool-443-thread-1] INFO  storage.RaftStorage (RaftStorage.java:format(84)) - Storage directory /workdir/hadoop-ozone/integration-test/target/test-dir/MiniOzoneClusterImpl-9cef7e86-6480-4d54-bd6b-d10c3a5bf03e/datanode-6/data/ratis/79373f83-0eb5-433f-a51c-7de5d20f355a has been successfully formatted.
2019-10-02 20:46:00,493 [pool-443-thread-1] INFO  ratis.ContainerStateMachine (ContainerStateMachine.java:loadSnapshot(230)) - group-7DE5D20F355A: The snapshot info is null. Setting the last applied indexto:(t:0, i:~)
2019-10-02 20:46:00,494 [pool-443-thread-1] INFO  server.RaftServerConfigKeys (ConfUtils.java:logGet(43)) - raft.server.notification.no-leader.timeout = 120s (custom)
2019-10-02 20:46:00,494 [pool-443-thread-1] INFO  server.RaftServerConfigKeys (ConfUtils.java:logGet(43)) - raft.server.log.use.memory = false (default)
2019-10-02 20:46:00,494 [pool-443-thread-1] INFO  server.RaftServerConfigKeys (ConfUtils.java:logGet(43)) - raft.server.log.purge.gap = 1000000 (custom)
2019-10-02 20:46:00,494 [pool-443-thread-1] INFO  server.RaftServerConfigKeys (ConfUtils.java:logGet(43)) - raft.server.log.appender.buffer.byte-limit = 33554432 (custom)
2019-10-02 20:46:00,494 [pool-443-thread-1] INFO  server.RaftServerConfigKeys (ConfUtils.java:logGet(43)) - raft.server.log.segment.size.max = 1048576 (custom)
2019-10-02 20:46:00,496 [pool-443-thread-1] INFO  server.RaftServerConfigKeys (ConfUtils.java:logGet(43)) - raft.server.log.segment.cache.num.max = 2 (custom)
2019-10-02 20:46:00,496 [pool-443-thread-1] INFO  segmented.SegmentedRaftLogWorker (SegmentedRaftLogWorker.java:<init>(173)) - new 06d4e385-97d4-4cf0-bf1a-10d2bdcb88d2@group-7DE5D20F355A-SegmentedRaftLogWorker for RaftStorage:Storage Directory /workdir/hadoop-ozone/integration-test/target/test-dir/MiniOzoneClusterImpl-9cef7e86-6480-4d54-bd6b-d10c3a5bf03e/datanode-6/data/ratis/79373f83-0eb5-433f-a51c-7de5d20f355a
2019-10-02 20:46:00,496 [pool-443-thread-1] INFO  server.RaftServerConfigKeys (ConfUtils.java:logGet(43)) - raft.server.log.queue.byte-limit = 2147483647 (custom)
2019-10-02 20:46:00,497 [pool-443-thread-1] INFO  server.RaftServerConfigKeys (ConfUtils.java:logGet(43)) - raft.server.log.queue.element-limit = 1024 (custom)
2019-10-02 20:46:00,497 [pool-443-thread-1] INFO  server.RaftServerConfigKeys (ConfUtils.java:logGet(43)) - raft.server.log.segment.size.max = 1048576 (custom)
2019-10-02 20:46:00,497 [pool-443-thread-1] INFO  server.RaftServerConfigKeys (ConfUtils.java:logGet(43)) - raft.server.log.preallocated.size = 16384 (custom)
2019-10-02 20:46:00,497 [pool-443-thread-1] INFO  server.RaftServerConfigKeys (ConfUtils.java:logGet(43)) - raft.server.log.write.buffer.size = 33554432 (custom)
2019-10-02 20:46:00,497 [pool-443-thread-1] INFO  server.RaftServerConfigKeys (ConfUtils.java:logGet(43)) - raft.server.log.force.sync.num = 128 (default)
2019-10-02 20:46:00,497 [pool-443-thread-1] INFO  server.RaftServerConfigKeys (ConfUtils.java:logGet(43)) - raft.server.log.statemachine.data.sync = true (default)
2019-10-02 20:46:00,497 [pool-443-thread-1] INFO  server.RaftServerConfigKeys (ConfUtils.java:logGet(43)) - raft.server.log.statemachine.data.sync.timeout = 10s (default)
2019-10-02 20:46:00,498 [pool-443-thread-1] INFO  server.RaftServerConfigKeys (ConfUtils.java:logGet(43)) - raft.server.log.statemachine.data.sync.timeout.retry = -1 (default)
2019-10-02 20:46:00,498 [pool-443-thread-1] INFO  server.RaftServerConfigKeys (ConfUtils.java:logGet(43)) - raft.server.log.statemachine.data.caching.enabled = true (custom)
2019-10-02 20:46:00,498 [pool-443-thread-1] INFO  segmented.SegmentedRaftLogWorker (SegmentedRaftLogWorker.java:lambda$new$0(128)) - 06d4e385-97d4-4cf0-bf1a-10d2bdcb88d2@group-7DE5D20F355A-SegmentedRaftLogWorker: flushIndex: setUnconditionally 0 -> -1
2019-10-02 20:46:00,499 [pool-443-thread-1] INFO  server.RaftServerConfigKeys (ConfUtils.java:logGet(43)) - raft.server.snapshot.auto.trigger.enabled = true (custom)
2019-10-02 20:46:00,499 [pool-443-thread-1] INFO  server.RaftServerConfigKeys (ConfUtils.java:logGet(43)) - raft.server.snapshot.auto.trigger.threshold = 10000 (custom)
2019-10-02 20:46:00,499 [pool-443-thread-1] INFO  server.RaftServerConfigKeys (ConfUtils.java:logGet(43)) - raft.server.snapshot.retention.file.num = 5 (custom)
2019-10-02 20:46:00,499 [pool-443-thread-1] INFO  server.RaftServerConfigKeys (ConfUtils.java:logGet(43)) - raft.server.retrycache.expirytime = 600000ms (custom)
2019-10-02 20:46:00,501 [pool-443-thread-1] INFO  impl.RaftServerImpl (RaftServerImpl.java:start(181)) - 06d4e385-97d4-4cf0-bf1a-10d2bdcb88d2@group-7DE5D20F355A: start as a follower, conf=-1: [06d4e385-97d4-4cf0-bf1a-10d2bdcb88d2:192.168.164.206:42376], old=null
2019-10-02 20:46:00,501 [pool-443-thread-1] INFO  impl.RaftServerImpl (RaftServerImpl.java:setRole(170)) - 06d4e385-97d4-4cf0-bf1a-10d2bdcb88d2@group-7DE5D20F355A: changes role from      null to FOLLOWER at term 0 for startAsFollower
2019-10-02 20:46:00,501 [pool-443-thread-1] INFO  impl.RoleInfo (RoleInfo.java:updateAndGet(143)) - 06d4e385-97d4-4cf0-bf1a-10d2bdcb88d2: start FollowerState
2019-10-02 20:46:00,501 [pool-443-thread-1] INFO  util.JmxRegister (JmxRegister.java:tryRegister(44)) - Successfully registered JMX Bean with object name Ratis:service=RaftServer,group=group-7DE5D20F355A,id=06d4e385-97d4-4cf0-bf1a-10d2bdcb88d2
2019-10-02 20:46:00,511 [RatisPipelineUtilsThread] INFO  pipeline.PipelineStateManager (PipelineStateManager.java:addPipeline(56)) - Created pipeline Pipeline[ Id: 79373f83-0eb5-433f-a51c-7de5d20f355a, Nodes: 06d4e385-97d4-4cf0-bf1a-10d2bdcb88d2{ip: 192.168.164.206, host: pr-hdds-2162-pj84x-1708865144, networkLocation: /default-rack, certSerialId: null}, Type:RATIS, Factor:ONE, State:OPEN]
2019-10-02 20:46:00,528 [grpc-default-executor-7] INFO  impl.RaftServerProxy (RaftServerProxy.java:addNew(89)) - 06d4e385-97d4-4cf0-bf1a-10d2bdcb88d2: addNew group-03F91BB5F2FC:[06d4e385-97d4-4cf0-bf1a-10d2bdcb88d2:192.168.164.206:42376, 8c255d15-beac-417a-bf2f-f439b29eb4c8:192.168.164.206:46592, 0119a927-1981-48ab-b4c1-93d981264a58:192.168.164.206:38279] returns group-03F91BB5F2FC:java.util.concurrent.CompletableFuture@247b66ae[Not completed]
2019-10-02 20:46:00,528 [grpc-default-executor-6] INFO  impl.RaftServerProxy (RaftServerProxy.java:addNew(89)) - 8c255d15-beac-417a-bf2f-f439b29eb4c8: addNew group-03F91BB5F2FC:[06d4e385-97d4-4cf0-bf1a-10d2bdcb88d2:192.168.164.206:42376, 8c255d15-beac-417a-bf2f-f439b29eb4c8:192.168.164.206:46592, 0119a927-1981-48ab-b4c1-93d981264a58:192.168.164.206:38279] returns group-03F91BB5F2FC:java.util.concurrent.CompletableFuture@6c2c5692[Not completed]
2019-10-02 20:46:00,528 [grpc-default-executor-1] INFO  impl.RaftServerProxy (RaftServerProxy.java:addNew(89)) - 0119a927-1981-48ab-b4c1-93d981264a58: addNew group-03F91BB5F2FC:[06d4e385-97d4-4cf0-bf1a-10d2bdcb88d2:192.168.164.206:42376, 8c255d15-beac-417a-bf2f-f439b29eb4c8:192.168.164.206:46592, 0119a927-1981-48ab-b4c1-93d981264a58:192.168.164.206:38279] returns group-03F91BB5F2FC:java.util.concurrent.CompletableFuture@2790057c[Not completed]
2019-10-02 20:46:00,529 [pool-433-thread-1] INFO  impl.RaftServerImpl (RaftServerImpl.java:<init>(95)) - 0119a927-1981-48ab-b4c1-93d981264a58: new RaftServerImpl for group-03F91BB5F2FC:[06d4e385-97d4-4cf0-bf1a-10d2bdcb88d2:192.168.164.206:42376, 8c255d15-beac-417a-bf2f-f439b29eb4c8:192.168.164.206:46592, 0119a927-1981-48ab-b4c1-93d981264a58:192.168.164.206:38279] with ContainerStateMachine:uninitialized
2019-10-02 20:46:00,529 [pool-433-thread-1] INFO  server.RaftServerConfigKeys (ConfUtils.java:logGet(43)) - raft.server.rpc.timeout.min = 5s (custom)
2019-10-02 20:46:00,530 [pool-433-thread-1] INFO  server.RaftServerConfigKeys (ConfUtils.java:logGet(43)) - raft.server.rpc.timeout.max = 5200ms (custom)
2019-10-02 20:46:00,530 [pool-433-thread-1] INFO  server.RaftServerConfigKeys (ConfUtils.java:logGet(43)) - raft.server.rpcslowness.timeout = 120s (custom)
2019-10-02 20:46:00,530 [pool-433-thread-1] INFO  server.RaftServerConfigKeys (ConfUtils.java:logGet(43)) - raft.server.sleep.deviation.threshold = 300 (default)
2019-10-02 20:46:00,530 [pool-433-thread-1] INFO  server.RaftServerConfigKeys (ConfUtils.java:logGet(43)) - raft.server.log.appender.install.snapshot.enabled = false (custom)
2019-10-02 20:46:00,530 [pool-413-thread-1] INFO  impl.RaftServerImpl (RaftServerImpl.java:<init>(95)) - 8c255d15-beac-417a-bf2f-f439b29eb4c8: new RaftServerImpl for group-03F91BB5F2FC:[06d4e385-97d4-4cf0-bf1a-10d2bdcb88d2:192.168.164.206:42376, 8c255d15-beac-417a-bf2f-f439b29eb4c8:192.168.164.206:46592, 0119a927-1981-48ab-b4c1-93d981264a58:192.168.164.206:38279] with ContainerStateMachine:uninitialized
2019-10-02 20:46:00,530 [pool-433-thread-1] INFO  impl.RaftServerImpl (ServerState.java:<init>(103)) - 0119a927-1981-48ab-b4c1-93d981264a58@group-03F91BB5F2FC: ConfigurationManager, init=-1: [06d4e385-97d4-4cf0-bf1a-10d2bdcb88d2:192.168.164.206:42376, 8c255d15-beac-417a-bf2f-f439b29eb4c8:192.168.164.206:46592, 0119a927-1981-48ab-b4c1-93d981264a58:192.168.164.206:38279], old=null, confs=<EMPTY_MAP>
2019-10-02 20:46:00,530 [pool-413-thread-1] INFO  server.RaftServerConfigKeys (ConfUtils.java:logGet(43)) - raft.server.rpc.timeout.min = 5s (custom)
2019-10-02 20:46:00,530 [pool-433-thread-1] INFO  server.RaftServerConfigKeys (ConfUtils.java:logGet(43)) - raft.server.storage.dir = [/workdir/hadoop-ozone/integration-test/target/test-dir/MiniOzoneClusterImpl-9cef7e86-6480-4d54-bd6b-d10c3a5bf03e/datanode-5/data/ratis] (custom)
2019-10-02 20:46:00,530 [pool-413-thread-1] INFO  server.RaftServerConfigKeys (ConfUtils.java:logGet(43)) - raft.server.rpc.timeout.max = 5200ms (custom)
2019-10-02 20:46:00,531 [pool-443-thread-1] INFO  impl.RaftServerImpl (RaftServerImpl.java:<init>(95)) - 06d4e385-97d4-4cf0-bf1a-10d2bdcb88d2: new RaftServerImpl for group-03F91BB5F2FC:[06d4e385-97d4-4cf0-bf1a-10d2bdcb88d2:192.168.164.206:42376, 8c255d15-beac-417a-bf2f-f439b29eb4c8:192.168.164.206:46592, 0119a927-1981-48ab-b4c1-93d981264a58:192.168.164.206:38279] with ContainerStateMachine:uninitialized
2019-10-02 20:46:00,531 [pool-413-thread-1] INFO  server.RaftServerConfigKeys (ConfUtils.java:logGet(43)) - raft.server.rpcslowness.timeout = 120s (custom)
2019-10-02 20:46:00,531 [pool-433-thread-1] INFO  server.RaftServerConfigKeys (ConfUtils.java:logGet(43)) - raft.server.log.corruption.policy = EXCEPTION (default)
2019-10-02 20:46:00,531 [pool-413-thread-1] INFO  server.RaftServerConfigKeys (ConfUtils.java:logGet(43)) - raft.server.sleep.deviation.threshold = 300 (default)
2019-10-02 20:46:00,531 [pool-413-thread-1] INFO  server.RaftServerConfigKeys (ConfUtils.java:logGet(43)) - raft.server.log.appender.install.snapshot.enabled = false (custom)
2019-10-02 20:46:00,531 [pool-443-thread-1] INFO  server.RaftServerConfigKeys (ConfUtils.java:logGet(43)) - raft.server.rpc.timeout.min = 5s (custom)
2019-10-02 20:46:00,531 [pool-413-thread-1] INFO  impl.RaftServerImpl (ServerState.java:<init>(103)) - 8c255d15-beac-417a-bf2f-f439b29eb4c8@group-03F91BB5F2FC: ConfigurationManager, init=-1: [06d4e385-97d4-4cf0-bf1a-10d2bdcb88d2:192.168.164.206:42376, 8c255d15-beac-417a-bf2f-f439b29eb4c8:192.168.164.206:46592, 0119a927-1981-48ab-b4c1-93d981264a58:192.168.164.206:38279], old=null, confs=<EMPTY_MAP>
2019-10-02 20:46:00,531 [pool-433-thread-1] INFO  storage.RaftStorageDirectory (RaftStorageDirectory.java:analyzeStorage(246)) - The storage directory /workdir/hadoop-ozone/integration-test/target/test-dir/MiniOzoneClusterImpl-9cef7e86-6480-4d54-bd6b-d10c3a5bf03e/datanode-5/data/ratis/9657c6eb-4454-4099-9aea-03f91bb5f2fc does not exist. Creating ...
2019-10-02 20:46:00,532 [pool-413-thread-1] INFO  server.RaftServerConfigKeys (ConfUtils.java:logGet(43)) - raft.server.storage.dir = [/workdir/hadoop-ozone/integration-test/target/test-dir/MiniOzoneClusterImpl-9cef7e86-6480-4d54-bd6b-d10c3a5bf03e/datanode-3/data/ratis] (custom)
2019-10-02 20:46:00,532 [pool-443-thread-1] INFO  server.RaftServerConfigKeys (ConfUtils.java:logGet(43)) - raft.server.rpc.timeout.max = 5200ms (custom)
2019-10-02 20:46:00,532 [pool-413-thread-1] INFO  server.RaftServerConfigKeys (ConfUtils.java:logGet(43)) - raft.server.log.corruption.policy = EXCEPTION (default)
2019-10-02 20:46:00,532 [pool-443-thread-1] INFO  server.RaftServerConfigKeys (ConfUtils.java:logGet(43)) - raft.server.rpcslowness.timeout = 120s (custom)
2019-10-02 20:46:00,532 [pool-413-thread-1] INFO  storage.RaftStorageDirectory (RaftStorageDirectory.java:analyzeStorage(246)) - The storage directory /workdir/hadoop-ozone/integration-test/target/test-dir/MiniOzoneClusterImpl-9cef7e86-6480-4d54-bd6b-d10c3a5bf03e/datanode-3/data/ratis/9657c6eb-4454-4099-9aea-03f91bb5f2fc does not exist. Creating ...
2019-10-02 20:46:00,532 [pool-443-thread-1] INFO  server.RaftServerConfigKeys (ConfUtils.java:logGet(43)) - raft.server.sleep.deviation.threshold = 300 (default)
2019-10-02 20:46:00,533 [pool-443-thread-1] INFO  server.RaftServerConfigKeys (ConfUtils.java:logGet(43)) - raft.server.log.appender.install.snapshot.enabled = false (custom)
2019-10-02 20:46:00,533 [pool-443-thread-1] INFO  impl.RaftServerImpl (ServerState.java:<init>(103)) - 06d4e385-97d4-4cf0-bf1a-10d2bdcb88d2@group-03F91BB5F2FC: ConfigurationManager, init=-1: [06d4e385-97d4-4cf0-bf1a-10d2bdcb88d2:192.168.164.206:42376, 8c255d15-beac-417a-bf2f-f439b29eb4c8:192.168.164.206:46592, 0119a927-1981-48ab-b4c1-93d981264a58:192.168.164.206:38279], old=null, confs=<EMPTY_MAP>
2019-10-02 20:46:00,533 [pool-443-thread-1] INFO  server.RaftServerConfigKeys (ConfUtils.java:logGet(43)) - raft.server.storage.dir = [/workdir/hadoop-ozone/integration-test/target/test-dir/MiniOzoneClusterImpl-9cef7e86-6480-4d54-bd6b-d10c3a5bf03e/datanode-6/data/ratis] (custom)
2019-10-02 20:46:00,533 [pool-443-thread-1] INFO  server.RaftServerConfigKeys (ConfUtils.java:logGet(43)) - raft.server.log.corruption.policy = EXCEPTION (default)
2019-10-02 20:46:00,533 [pool-443-thread-1] INFO  storage.RaftStorageDirectory (RaftStorageDirectory.java:analyzeStorage(246)) - The storage directory /workdir/hadoop-ozone/integration-test/target/test-dir/MiniOzoneClusterImpl-9cef7e86-6480-4d54-bd6b-d10c3a5bf03e/datanode-6/data/ratis/9657c6eb-4454-4099-9aea-03f91bb5f2fc does not exist. Creating ...
2019-10-02 20:46:00,545 [pool-443-thread-1] INFO  storage.RaftStorageDirectory (RaftStorageDirectory.java:tryLock(328)) - Lock on /workdir/hadoop-ozone/integration-test/target/test-dir/MiniOzoneClusterImpl-9cef7e86-6480-4d54-bd6b-d10c3a5bf03e/datanode-6/data/ratis/9657c6eb-4454-4099-9aea-03f91bb5f2fc/in_use.lock acquired by nodename 14416@pr-hdds-2162-pj84x-1708865144
2019-10-02 20:46:00,545 [pool-433-thread-1] INFO  storage.RaftStorageDirectory (RaftStorageDirectory.java:tryLock(328)) - Lock on /workdir/hadoop-ozone/integration-test/target/test-dir/MiniOzoneClusterImpl-9cef7e86-6480-4d54-bd6b-d10c3a5bf03e/datanode-5/data/ratis/9657c6eb-4454-4099-9aea-03f91bb5f2fc/in_use.lock acquired by nodename 14416@pr-hdds-2162-pj84x-1708865144
2019-10-02 20:46:00,545 [pool-413-thread-1] INFO  storage.RaftStorageDirectory (RaftStorageDirectory.java:tryLock(328)) - Lock on /workdir/hadoop-ozone/integration-test/target/test-dir/MiniOzoneClusterImpl-9cef7e86-6480-4d54-bd6b-d10c3a5bf03e/datanode-3/data/ratis/9657c6eb-4454-4099-9aea-03f91bb5f2fc/in_use.lock acquired by nodename 14416@pr-hdds-2162-pj84x-1708865144
2019-10-02 20:46:00,559 [pool-433-thread-1] INFO  storage.RaftStorage (RaftStorage.java:format(84)) - Storage directory /workdir/hadoop-ozone/integration-test/target/test-dir/MiniOzoneClusterImpl-9cef7e86-6480-4d54-bd6b-d10c3a5bf03e/datanode-5/data/ratis/9657c6eb-4454-4099-9aea-03f91bb5f2fc has been successfully formatted.
2019-10-02 20:46:00,559 [pool-413-thread-1] INFO  storage.RaftStorage (RaftStorage.java:format(84)) - Storage directory /workdir/hadoop-ozone/integration-test/target/test-dir/MiniOzoneClusterImpl-9cef7e86-6480-4d54-bd6b-d10c3a5bf03e/datanode-3/data/ratis/9657c6eb-4454-4099-9aea-03f91bb5f2fc has been successfully formatted.
2019-10-02 20:46:00,559 [pool-443-thread-1] INFO  storage.RaftStorage (RaftStorage.java:format(84)) - Storage directory /workdir/hadoop-ozone/integration-test/target/test-dir/MiniOzoneClusterImpl-9cef7e86-6480-4d54-bd6b-d10c3a5bf03e/datanode-6/data/ratis/9657c6eb-4454-4099-9aea-03f91bb5f2fc has been successfully formatted.
2019-10-02 20:46:00,560 [pool-413-thread-1] INFO  ratis.ContainerStateMachine (ContainerStateMachine.java:loadSnapshot(230)) - group-03F91BB5F2FC: The snapshot info is null. Setting the last applied indexto:(t:0, i:~)
2019-10-02 20:46:00,560 [pool-433-thread-1] INFO  ratis.ContainerStateMachine (ContainerStateMachine.java:loadSnapshot(230)) - group-03F91BB5F2FC: The snapshot info is null. Setting the last applied indexto:(t:0, i:~)
2019-10-02 20:46:00,560 [pool-413-thread-1] INFO  server.RaftServerConfigKeys (ConfUtils.java:logGet(43)) - raft.server.notification.no-leader.timeout = 120s (custom)
2019-10-02 20:46:00,560 [pool-443-thread-1] INFO  ratis.ContainerStateMachine (ContainerStateMachine.java:loadSnapshot(230)) - group-03F91BB5F2FC: The snapshot info is null. Setting the last applied indexto:(t:0, i:~)
2019-10-02 20:46:00,560 [pool-413-thread-1] INFO  server.RaftServerConfigKeys (ConfUtils.java:logGet(43)) - raft.server.log.use.memory = false (default)
2019-10-02 20:46:00,560 [pool-433-thread-1] INFO  server.RaftServerConfigKeys (ConfUtils.java:logGet(43)) - raft.server.notification.no-leader.timeout = 120s (custom)
2019-10-02 20:46:00,561 [pool-413-thread-1] INFO  server.RaftServerConfigKeys (ConfUtils.java:logGet(43)) - raft.server.log.purge.gap = 1000000 (custom)
2019-10-02 20:46:00,561 [pool-413-thread-1] INFO  server.RaftServerConfigKeys (ConfUtils.java:logGet(43)) - raft.server.log.appender.buffer.byte-limit = 33554432 (custom)
2019-10-02 20:46:00,561 [pool-443-thread-1] INFO  server.RaftServerConfigKeys (ConfUtils.java:logGet(43)) - raft.server.notification.no-leader.timeout = 120s (custom)
2019-10-02 20:46:00,561 [pool-413-thread-1] INFO  server.RaftServerConfigKeys (ConfUtils.java:logGet(43)) - raft.server.log.segment.size.max = 1048576 (custom)
2019-10-02 20:46:00,561 [pool-433-thread-1] INFO  server.RaftServerConfigKeys (ConfUtils.java:logGet(43)) - raft.server.log.use.memory = false (default)
2019-10-02 20:46:00,561 [pool-413-thread-1] INFO  server.RaftServerConfigKeys (ConfUtils.java:logGet(43)) - raft.server.log.segment.cache.num.max = 2 (custom)
2019-10-02 20:46:00,561 [pool-443-thread-1] INFO  server.RaftServerConfigKeys (ConfUtils.java:logGet(43)) - raft.server.log.use.memory = false (default)
2019-10-02 20:46:00,562 [pool-413-thread-1] INFO  segmented.SegmentedRaftLogWorker (SegmentedRaftLogWorker.java:<init>(173)) - new 8c255d15-beac-417a-bf2f-f439b29eb4c8@group-03F91BB5F2FC-SegmentedRaftLogWorker for RaftStorage:Storage Directory /workdir/hadoop-ozone/integration-test/target/test-dir/MiniOzoneClusterImpl-9cef7e86-6480-4d54-bd6b-d10c3a5bf03e/datanode-3/data/ratis/9657c6eb-4454-4099-9aea-03f91bb5f2fc
2019-10-02 20:46:00,562 [pool-433-thread-1] INFO  server.RaftServerConfigKeys (ConfUtils.java:logGet(43)) - raft.server.log.purge.gap = 1000000 (custom)
2019-10-02 20:46:00,562 [pool-413-thread-1] INFO  server.RaftServerConfigKeys (ConfUtils.java:logGet(43)) - raft.server.log.queue.byte-limit = 2147483647 (custom)
2019-10-02 20:46:00,562 [pool-443-thread-1] INFO  server.RaftServerConfigKeys (ConfUtils.java:logGet(43)) - raft.server.log.purge.gap = 1000000 (custom)
2019-10-02 20:46:00,562 [pool-413-thread-1] INFO  server.RaftServerConfigKeys (ConfUtils.java:logGet(43)) - raft.server.log.queue.element-limit = 1024 (custom)
2019-10-02 20:46:00,562 [pool-433-thread-1] INFO  server.RaftServerConfigKeys (ConfUtils.java:logGet(43)) - raft.server.log.appender.buffer.byte-limit = 33554432 (custom)
2019-10-02 20:46:00,563 [pool-413-thread-1] INFO  server.RaftServerConfigKeys (ConfUtils.java:logGet(43)) - raft.server.log.segment.size.max = 1048576 (custom)
2019-10-02 20:46:00,562 [pool-443-thread-1] INFO  server.RaftServerConfigKeys (ConfUtils.java:logGet(43)) - raft.server.log.appender.buffer.byte-limit = 33554432 (custom)
2019-10-02 20:46:00,563 [pool-413-thread-1] INFO  server.RaftServerConfigKeys (ConfUtils.java:logGet(43)) - raft.server.log.preallocated.size = 16384 (custom)
2019-10-02 20:46:00,563 [pool-433-thread-1] INFO  server.RaftServerConfigKeys (ConfUtils.java:logGet(43)) - raft.server.log.segment.size.max = 1048576 (custom)
2019-10-02 20:46:00,563 [pool-413-thread-1] INFO  server.RaftServerConfigKeys (ConfUtils.java:logGet(43)) - raft.server.log.write.buffer.size = 33554432 (custom)
2019-10-02 20:46:00,563 [pool-443-thread-1] INFO  server.RaftServerConfigKeys (ConfUtils.java:logGet(43)) - raft.server.log.segment.size.max = 1048576 (custom)
2019-10-02 20:46:00,563 [pool-413-thread-1] INFO  server.RaftServerConfigKeys (ConfUtils.java:logGet(43)) - raft.server.log.force.sync.num = 128 (default)
2019-10-02 20:46:00,563 [pool-433-thread-1] INFO  server.RaftServerConfigKeys (ConfUtils.java:logGet(43)) - raft.server.log.segment.cache.num.max = 2 (custom)
2019-10-02 20:46:00,564 [pool-413-thread-1] INFO  server.RaftServerConfigKeys (ConfUtils.java:logGet(43)) - raft.server.log.statemachine.data.sync = true (default)
2019-10-02 20:46:00,564 [pool-443-thread-1] INFO  server.RaftServerConfigKeys (ConfUtils.java:logGet(43)) - raft.server.log.segment.cache.num.max = 2 (custom)
2019-10-02 20:46:00,564 [pool-413-thread-1] INFO  server.RaftServerConfigKeys (ConfUtils.java:logGet(43)) - raft.server.log.statemachine.data.sync.timeout = 10s (default)
2019-10-02 20:46:00,564 [pool-433-thread-1] INFO  segmented.SegmentedRaftLogWorker (SegmentedRaftLogWorker.java:<init>(173)) - new 0119a927-1981-48ab-b4c1-93d981264a58@group-03F91BB5F2FC-SegmentedRaftLogWorker for RaftStorage:Storage Directory /workdir/hadoop-ozone/integration-test/target/test-dir/MiniOzoneClusterImpl-9cef7e86-6480-4d54-bd6b-d10c3a5bf03e/datanode-5/data/ratis/9657c6eb-4454-4099-9aea-03f91bb5f2fc
2019-10-02 20:46:00,564 [pool-413-thread-1] INFO  server.RaftServerConfigKeys (ConfUtils.java:logGet(43)) - raft.server.log.statemachine.data.sync.timeout.retry = -1 (default)
2019-10-02 20:46:00,564 [pool-443-thread-1] INFO  segmented.SegmentedRaftLogWorker (SegmentedRaftLogWorker.java:<init>(173)) - new 06d4e385-97d4-4cf0-bf1a-10d2bdcb88d2@group-03F91BB5F2FC-SegmentedRaftLogWorker for RaftStorage:Storage Directory /workdir/hadoop-ozone/integration-test/target/test-dir/MiniOzoneClusterImpl-9cef7e86-6480-4d54-bd6b-d10c3a5bf03e/datanode-6/data/ratis/9657c6eb-4454-4099-9aea-03f91bb5f2fc
2019-10-02 20:46:00,565 [pool-413-thread-1] INFO  server.RaftServerConfigKeys (ConfUtils.java:logGet(43)) - raft.server.log.statemachine.data.caching.enabled = true (custom)
2019-10-02 20:46:00,564 [pool-433-thread-1] INFO  server.RaftServerConfigKeys (ConfUtils.java:logGet(43)) - raft.server.log.queue.byte-limit = 2147483647 (custom)
2019-10-02 20:46:00,565 [pool-433-thread-1] INFO  server.RaftServerConfigKeys (ConfUtils.java:logGet(43)) - raft.server.log.queue.element-limit = 1024 (custom)
2019-10-02 20:46:00,565 [pool-443-thread-1] INFO  server.RaftServerConfigKeys (ConfUtils.java:logGet(43)) - raft.server.log.queue.byte-limit = 2147483647 (custom)
2019-10-02 20:46:00,565 [pool-433-thread-1] INFO  server.RaftServerConfigKeys (ConfUtils.java:logGet(43)) - raft.server.log.segment.size.max = 1048576 (custom)
2019-10-02 20:46:00,565 [pool-413-thread-1] INFO  segmented.SegmentedRaftLogWorker (SegmentedRaftLogWorker.java:lambda$new$0(128)) - 8c255d15-beac-417a-bf2f-f439b29eb4c8@group-03F91BB5F2FC-SegmentedRaftLogWorker: flushIndex: setUnconditionally 0 -> -1
2019-10-02 20:46:00,565 [pool-433-thread-1] INFO  server.RaftServerConfigKeys (ConfUtils.java:logGet(43)) - raft.server.log.preallocated.size = 16384 (custom)
2019-10-02 20:46:00,566 [pool-433-thread-1] INFO  server.RaftServerConfigKeys (ConfUtils.java:logGet(43)) - raft.server.log.write.buffer.size = 33554432 (custom)
2019-10-02 20:46:00,566 [pool-413-thread-1] INFO  server.RaftServerConfigKeys (ConfUtils.java:logGet(43)) - raft.server.snapshot.auto.trigger.enabled = true (custom)
2019-10-02 20:46:00,565 [pool-443-thread-1] INFO  server.RaftServerConfigKeys (ConfUtils.java:logGet(43)) - raft.server.log.queue.element-limit = 1024 (custom)
2019-10-02 20:46:00,566 [pool-413-thread-1] INFO  server.RaftServerConfigKeys (ConfUtils.java:logGet(43)) - raft.server.snapshot.auto.trigger.threshold = 10000 (custom)
2019-10-02 20:46:00,566 [pool-433-thread-1] INFO  server.RaftServerConfigKeys (ConfUtils.java:logGet(43)) - raft.server.log.force.sync.num = 128 (default)
2019-10-02 20:46:00,566 [pool-413-thread-1] INFO  server.RaftServerConfigKeys (ConfUtils.java:logGet(43)) - raft.server.snapshot.retention.file.num = 5 (custom)
2019-10-02 20:46:00,566 [pool-443-thread-1] INFO  server.RaftServerConfigKeys (ConfUtils.java:logGet(43)) - raft.server.log.segment.size.max = 1048576 (custom)
2019-10-02 20:46:00,567 [pool-413-thread-1] INFO  server.RaftServerConfigKeys (ConfUtils.java:logGet(43)) - raft.server.retrycache.expirytime = 600000ms (custom)
2019-10-02 20:46:00,566 [pool-433-thread-1] INFO  server.RaftServerConfigKeys (ConfUtils.java:logGet(43)) - raft.server.log.statemachine.data.sync = true (default)
2019-10-02 20:46:00,567 [pool-433-thread-1] INFO  server.RaftServerConfigKeys (ConfUtils.java:logGet(43)) - raft.server.log.statemachine.data.sync.timeout = 10s (default)
2019-10-02 20:46:00,567 [pool-443-thread-1] INFO  server.RaftServerConfigKeys (ConfUtils.java:logGet(43)) - raft.server.log.preallocated.size = 16384 (custom)
2019-10-02 20:46:00,567 [pool-433-thread-1] INFO  server.RaftServerConfigKeys (ConfUtils.java:logGet(43)) - raft.server.log.statemachine.data.sync.timeout.retry = -1 (default)
2019-10-02 20:46:00,567 [pool-443-thread-1] INFO  server.RaftServerConfigKeys (ConfUtils.java:logGet(43)) - raft.server.log.write.buffer.size = 33554432 (custom)
2019-10-02 20:46:00,568 [pool-433-thread-1] INFO  server.RaftServerConfigKeys (ConfUtils.java:logGet(43)) - raft.server.log.statemachine.data.caching.enabled = true (custom)
2019-10-02 20:46:00,568 [pool-443-thread-1] INFO  server.RaftServerConfigKeys (ConfUtils.java:logGet(43)) - raft.server.log.force.sync.num = 128 (default)
2019-10-02 20:46:00,568 [pool-433-thread-1] INFO  segmented.SegmentedRaftLogWorker (SegmentedRaftLogWorker.java:lambda$new$0(128)) - 0119a927-1981-48ab-b4c1-93d981264a58@group-03F91BB5F2FC-SegmentedRaftLogWorker: flushIndex: setUnconditionally 0 -> -1
2019-10-02 20:46:00,568 [pool-443-thread-1] INFO  server.RaftServerConfigKeys (ConfUtils.java:logGet(43)) - raft.server.log.statemachine.data.sync = true (default)
2019-10-02 20:46:00,568 [pool-433-thread-1] INFO  server.RaftServerConfigKeys (ConfUtils.java:logGet(43)) - raft.server.snapshot.auto.trigger.enabled = true (custom)
2019-10-02 20:46:00,568 [pool-443-thread-1] INFO  server.RaftServerConfigKeys (ConfUtils.java:logGet(43)) - raft.server.log.statemachine.data.sync.timeout = 10s (default)
2019-10-02 20:46:00,568 [pool-433-thread-1] INFO  server.RaftServerConfigKeys (ConfUtils.java:logGet(43)) - raft.server.snapshot.auto.trigger.threshold = 10000 (custom)
2019-10-02 20:46:00,569 [pool-443-thread-1] INFO  server.RaftServerConfigKeys (ConfUtils.java:logGet(43)) - raft.server.log.statemachine.data.sync.timeout.retry = -1 (default)
2019-10-02 20:46:00,569 [pool-413-thread-1] INFO  impl.RaftServerImpl (RaftServerImpl.java:start(181)) - 8c255d15-beac-417a-bf2f-f439b29eb4c8@group-03F91BB5F2FC: start as a follower, conf=-1: [06d4e385-97d4-4cf0-bf1a-10d2bdcb88d2:192.168.164.206:42376, 8c255d15-beac-417a-bf2f-f439b29eb4c8:192.168.164.206:46592, 0119a927-1981-48ab-b4c1-93d981264a58:192.168.164.206:38279], old=null
2019-10-02 20:46:00,569 [pool-433-thread-1] INFO  server.RaftServerConfigKeys (ConfUtils.java:logGet(43)) - raft.server.snapshot.retention.file.num = 5 (custom)
2019-10-02 20:46:00,569 [pool-413-thread-1] INFO  impl.RaftServerImpl (RaftServerImpl.java:setRole(170)) - 8c255d15-beac-417a-bf2f-f439b29eb4c8@group-03F91BB5F2FC: changes role from      null to FOLLOWER at term 0 for startAsFollower
2019-10-02 20:46:00,569 [pool-443-thread-1] INFO  server.RaftServerConfigKeys (ConfUtils.java:logGet(43)) - raft.server.log.statemachine.data.caching.enabled = true (custom)
2019-10-02 20:46:00,569 [pool-413-thread-1] INFO  impl.RoleInfo (RoleInfo.java:updateAndGet(143)) - 8c255d15-beac-417a-bf2f-f439b29eb4c8: start FollowerState
2019-10-02 20:46:00,569 [pool-433-thread-1] INFO  server.RaftServerConfigKeys (ConfUtils.java:logGet(43)) - raft.server.retrycache.expirytime = 600000ms (custom)
2019-10-02 20:46:00,570 [pool-443-thread-1] INFO  segmented.SegmentedRaftLogWorker (SegmentedRaftLogWorker.java:lambda$new$0(128)) - 06d4e385-97d4-4cf0-bf1a-10d2bdcb88d2@group-03F91BB5F2FC-SegmentedRaftLogWorker: flushIndex: setUnconditionally 0 -> -1
2019-10-02 20:46:00,570 [pool-413-thread-1] INFO  util.JmxRegister (JmxRegister.java:tryRegister(44)) - Successfully registered JMX Bean with object name Ratis:service=RaftServer,group=group-03F91BB5F2FC,id=8c255d15-beac-417a-bf2f-f439b29eb4c8
2019-10-02 20:46:00,570 [pool-443-thread-1] INFO  server.RaftServerConfigKeys (ConfUtils.java:logGet(43)) - raft.server.snapshot.auto.trigger.enabled = true (custom)
2019-10-02 20:46:00,570 [pool-443-thread-1] INFO  server.RaftServerConfigKeys (ConfUtils.java:logGet(43)) - raft.server.snapshot.auto.trigger.threshold = 10000 (custom)
2019-10-02 20:46:00,570 [pool-443-thread-1] INFO  server.RaftServerConfigKeys (ConfUtils.java:logGet(43)) - raft.server.snapshot.retention.file.num = 5 (custom)
2019-10-02 20:46:00,571 [pool-443-thread-1] INFO  server.RaftServerConfigKeys (ConfUtils.java:logGet(43)) - raft.server.retrycache.expirytime = 600000ms (custom)
2019-10-02 20:46:00,572 [pool-433-thread-1] INFO  impl.RaftServerImpl (RaftServerImpl.java:start(181)) - 0119a927-1981-48ab-b4c1-93d981264a58@group-03F91BB5F2FC: start as a follower, conf=-1: [06d4e385-97d4-4cf0-bf1a-10d2bdcb88d2:192.168.164.206:42376, 8c255d15-beac-417a-bf2f-f439b29eb4c8:192.168.164.206:46592, 0119a927-1981-48ab-b4c1-93d981264a58:192.168.164.206:38279], old=null
2019-10-02 20:46:00,572 [pool-433-thread-1] INFO  impl.RaftServerImpl (RaftServerImpl.java:setRole(170)) - 0119a927-1981-48ab-b4c1-93d981264a58@group-03F91BB5F2FC: changes role from      null to FOLLOWER at term 0 for startAsFollower
2019-10-02 20:46:00,572 [pool-433-thread-1] INFO  impl.RoleInfo (RoleInfo.java:updateAndGet(143)) - 0119a927-1981-48ab-b4c1-93d981264a58: start FollowerState
2019-10-02 20:46:00,573 [pool-433-thread-1] INFO  util.JmxRegister (JmxRegister.java:tryRegister(44)) - Successfully registered JMX Bean with object name Ratis:service=RaftServer,group=group-03F91BB5F2FC,id=0119a927-1981-48ab-b4c1-93d981264a58
2019-10-02 20:46:00,580 [pool-443-thread-1] INFO  impl.RaftServerImpl (RaftServerImpl.java:start(181)) - 06d4e385-97d4-4cf0-bf1a-10d2bdcb88d2@group-03F91BB5F2FC: start as a follower, conf=-1: [06d4e385-97d4-4cf0-bf1a-10d2bdcb88d2:192.168.164.206:42376, 8c255d15-beac-417a-bf2f-f439b29eb4c8:192.168.164.206:46592, 0119a927-1981-48ab-b4c1-93d981264a58:192.168.164.206:38279], old=null
2019-10-02 20:46:00,580 [pool-443-thread-1] INFO  impl.RaftServerImpl (RaftServerImpl.java:setRole(170)) - 06d4e385-97d4-4cf0-bf1a-10d2bdcb88d2@group-03F91BB5F2FC: changes role from      null to FOLLOWER at term 0 for startAsFollower
2019-10-02 20:46:00,580 [pool-443-thread-1] INFO  impl.RoleInfo (RoleInfo.java:updateAndGet(143)) - 06d4e385-97d4-4cf0-bf1a-10d2bdcb88d2: start FollowerState
2019-10-02 20:46:00,580 [pool-443-thread-1] INFO  util.JmxRegister (JmxRegister.java:tryRegister(44)) - Successfully registered JMX Bean with object name Ratis:service=RaftServer,group=group-03F91BB5F2FC,id=06d4e385-97d4-4cf0-bf1a-10d2bdcb88d2
2019-10-02 20:46:00,593 [RatisPipelineUtilsThread] INFO  pipeline.PipelineStateManager (PipelineStateManager.java:addPipeline(56)) - Created pipeline Pipeline[ Id: 9657c6eb-4454-4099-9aea-03f91bb5f2fc, Nodes: 0119a927-1981-48ab-b4c1-93d981264a58{ip: 192.168.164.206, host: pr-hdds-2162-pj84x-1708865144, networkLocation: /default-rack, certSerialId: null}06d4e385-97d4-4cf0-bf1a-10d2bdcb88d2{ip: 192.168.164.206, host: pr-hdds-2162-pj84x-1708865144, networkLocation: /default-rack, certSerialId: null}8c255d15-beac-417a-bf2f-f439b29eb4c8{ip: 192.168.164.206, host: pr-hdds-2162-pj84x-1708865144, networkLocation: /default-rack, certSerialId: null}, Type:RATIS, Factor:THREE, State:OPEN]
2019-10-02 20:46:01,426 [main] INFO  ozone.MiniOzoneClusterImpl (MiniOzoneClusterImpl.java:lambda$waitForClusterToBeReady$0(147)) - Cluster is ready. Got 7 of 7 DN Heartbeats.
2019-10-02 20:46:01,440 [grpc-default-executor-1] WARN  server.GrpcLogAppender (LogUtils.java:warn(134)) - 243067d9-1796-4aab-8b65-6e98712d942b@group-CF7CB16F510F->7ce65cc5-04b0-4a34-8c63-19f39baaf864-AppendLogResponseHandler: Failed appendEntries: org.apache.ratis.thirdparty.io.grpc.StatusRuntimeException: UNAVAILABLE: io exception
2019-10-02 20:46:01,440 [grpc-default-executor-6] WARN  server.GrpcLogAppender (LogUtils.java:warn(134)) - 243067d9-1796-4aab-8b65-6e98712d942b@group-CF7CB16F510F->df5571b8-72e0-4512-9986-2980712bea17-AppendLogResponseHandler: Failed appendEntries: org.apache.ratis.thirdparty.io.grpc.StatusRuntimeException: UNAVAILABLE: io exception
2019-10-02 20:46:01,440 [grpc-default-executor-1] INFO  impl.FollowerInfo (FollowerInfo.java:lambda$new$0(51)) - 243067d9-1796-4aab-8b65-6e98712d942b@group-CF7CB16F510F->7ce65cc5-04b0-4a34-8c63-19f39baaf864: nextIndex: updateUnconditionally 0 -> 0
2019-10-02 20:46:01,440 [grpc-default-executor-6] INFO  impl.FollowerInfo (FollowerInfo.java:lambda$new$0(51)) - 243067d9-1796-4aab-8b65-6e98712d942b@group-CF7CB16F510F->df5571b8-72e0-4512-9986-2980712bea17: nextIndex: updateUnconditionally 0 -> 0
2019-10-02 20:46:01,487 [main] INFO  rpc.RpcClient (RpcClient.java:createVolume(276)) - Creating Volume: watchforcommithandlingtest, with jenkins1000 as owner.
2019-10-02 20:46:01,490 [IPC Server handler 2 on 44564] INFO  volume.OMVolumeCreateRequest (OMVolumeCreateRequest.java:validateAndUpdateCache(194)) - created volume:watchforcommithandlingtest for user:jenkins1000
2019-10-02 20:46:01,512 [main] INFO  rpc.RpcClient (RpcClient.java:createBucket(415)) - Creating Bucket: watchforcommithandlingtest/watchforcommithandlingtest, with Versioning false and Storage Type set to DISK and Encryption set to false 
2019-10-02 20:46:01,518 [main] INFO  ozone.MiniOzoneClusterImpl (MiniOzoneClusterImpl.java:getStorageContainerLocationClient(234)) - Creating StorageContainerLocationProtocol RPC client with address /0.0.0.0:42070
2019-10-02 20:46:02,914 [Thread-2291] INFO  container.ReplicationManager (ReplicationManager.java:start(162)) - Starting Replication Monitor Thread.
2019-10-02 20:46:02,920 [ReplicationMonitor] INFO  container.ReplicationManager (ReplicationManager.java:run(225)) - Replication Monitor Thread took 0 milliseconds for processing 1 containers.
2019-10-02 20:46:03,940 [grpc-default-executor-0] WARN  server.GrpcLogAppender (LogUtils.java:warn(134)) - 243067d9-1796-4aab-8b65-6e98712d942b@group-CF7CB16F510F->7ce65cc5-04b0-4a34-8c63-19f39baaf864-AppendLogResponseHandler: Failed appendEntries: org.apache.ratis.thirdparty.io.grpc.StatusRuntimeException: UNAVAILABLE: io exception
2019-10-02 20:46:03,940 [grpc-default-executor-6] WARN  server.GrpcLogAppender (LogUtils.java:warn(134)) - 243067d9-1796-4aab-8b65-6e98712d942b@group-CF7CB16F510F->df5571b8-72e0-4512-9986-2980712bea17-AppendLogResponseHandler: Failed appendEntries: org.apache.ratis.thirdparty.io.grpc.StatusRuntimeException: UNAVAILABLE: io exception
2019-10-02 20:46:03,941 [grpc-default-executor-0] INFO  impl.FollowerInfo (FollowerInfo.java:lambda$new$0(51)) - 243067d9-1796-4aab-8b65-6e98712d942b@group-CF7CB16F510F->7ce65cc5-04b0-4a34-8c63-19f39baaf864: nextIndex: updateUnconditionally 0 -> 0
2019-10-02 20:46:03,941 [grpc-default-executor-6] INFO  impl.FollowerInfo (FollowerInfo.java:lambda$new$0(51)) - 243067d9-1796-4aab-8b65-6e98712d942b@group-CF7CB16F510F->df5571b8-72e0-4512-9986-2980712bea17: nextIndex: updateUnconditionally 0 -> 0
2019-10-02 20:46:05,028 [Thread-2293] INFO  impl.FollowerState (FollowerState.java:run(108)) - f4a748ca-6ff1-425b-93d7-f3f0b24bfb28@group-E8BD524CE975-FollowerState: change to CANDIDATE, lastRpcTime:5070ms, electionTimeout:5070ms
2019-10-02 20:46:05,028 [Thread-2293] INFO  impl.RoleInfo (RoleInfo.java:shutdownFollowerState(121)) - f4a748ca-6ff1-425b-93d7-f3f0b24bfb28: shutdown FollowerState
2019-10-02 20:46:05,029 [Thread-2293] INFO  impl.RaftServerImpl (RaftServerImpl.java:setRole(170)) - f4a748ca-6ff1-425b-93d7-f3f0b24bfb28@group-E8BD524CE975: changes role from  FOLLOWER to CANDIDATE at term 0 for changeToCandidate
2019-10-02 20:46:05,029 [Thread-2293] INFO  impl.RoleInfo (RoleInfo.java:updateAndGet(143)) - f4a748ca-6ff1-425b-93d7-f3f0b24bfb28: start LeaderElection
2019-10-02 20:46:05,052 [f4a748ca-6ff1-425b-93d7-f3f0b24bfb28@group-E8BD524CE975-LeaderElection60] INFO  impl.LeaderElection (LeaderElection.java:askForVotes(178)) - f4a748ca-6ff1-425b-93d7-f3f0b24bfb28@group-E8BD524CE975-LeaderElection60: begin an election at term 1 for -1: [f4a748ca-6ff1-425b-93d7-f3f0b24bfb28:192.168.164.206:34300], old=null
2019-10-02 20:46:05,052 [f4a748ca-6ff1-425b-93d7-f3f0b24bfb28@group-E8BD524CE975-LeaderElection60] INFO  impl.RoleInfo (RoleInfo.java:shutdownLeaderElection(134)) - f4a748ca-6ff1-425b-93d7-f3f0b24bfb28: shutdown LeaderElection
2019-10-02 20:46:05,052 [f4a748ca-6ff1-425b-93d7-f3f0b24bfb28@group-E8BD524CE975-LeaderElection60] INFO  impl.RaftServerImpl (RaftServerImpl.java:setRole(170)) - f4a748ca-6ff1-425b-93d7-f3f0b24bfb28@group-E8BD524CE975: changes role from CANDIDATE to LEADER at term 1 for changeToLeader
2019-10-02 20:46:05,052 [f4a748ca-6ff1-425b-93d7-f3f0b24bfb28@group-E8BD524CE975-LeaderElection60] INFO  impl.RaftServerImpl (ServerState.java:setLeader(255)) - f4a748ca-6ff1-425b-93d7-f3f0b24bfb28@group-E8BD524CE975: change Leader from null to f4a748ca-6ff1-425b-93d7-f3f0b24bfb28 at term 1 for becomeLeader, leader elected after 5101ms
2019-10-02 20:46:05,053 [f4a748ca-6ff1-425b-93d7-f3f0b24bfb28@group-E8BD524CE975-LeaderElection60] INFO  server.RaftServerConfigKeys (ConfUtils.java:logGet(43)) - raft.server.staging.catchup.gap = 1000 (default)
2019-10-02 20:46:05,053 [f4a748ca-6ff1-425b-93d7-f3f0b24bfb28@group-E8BD524CE975-LeaderElection60] INFO  server.RaftServerConfigKeys (ConfUtils.java:logGet(43)) - raft.server.rpc.sleep.time = 25ms (default)
2019-10-02 20:46:05,053 [f4a748ca-6ff1-425b-93d7-f3f0b24bfb28@group-E8BD524CE975-LeaderElection60] INFO  server.RaftServerConfigKeys (ConfUtils.java:logGet(43)) - raft.server.write.element-limit = 4096 (default)
2019-10-02 20:46:05,053 [Thread-2296] INFO  impl.FollowerState (FollowerState.java:run(108)) - df60df3b-367f-47e6-8a9a-af73cb7f67fe@group-B7D298E1524B-FollowerState: change to CANDIDATE, lastRpcTime:5001ms, electionTimeout:5001ms
2019-10-02 20:46:05,053 [f4a748ca-6ff1-425b-93d7-f3f0b24bfb28@group-E8BD524CE975-LeaderElection60] INFO  server.RaftServerConfigKeys (ConfUtils.java:logGet(43)) - raft.server.watch.timeout = 10s (default)
2019-10-02 20:46:05,053 [Thread-2296] INFO  impl.RoleInfo (RoleInfo.java:shutdownFollowerState(121)) - df60df3b-367f-47e6-8a9a-af73cb7f67fe: shutdown FollowerState
2019-10-02 20:46:05,054 [f4a748ca-6ff1-425b-93d7-f3f0b24bfb28@group-E8BD524CE975-LeaderElection60] INFO  server.RaftServerConfigKeys (ConfUtils.java:logGet(43)) - raft.server.watch.timeout.denomination = 1s (default)
2019-10-02 20:46:05,054 [Thread-2296] INFO  impl.RaftServerImpl (RaftServerImpl.java:setRole(170)) - df60df3b-367f-47e6-8a9a-af73cb7f67fe@group-B7D298E1524B: changes role from  FOLLOWER to CANDIDATE at term 0 for changeToCandidate
2019-10-02 20:46:05,054 [f4a748ca-6ff1-425b-93d7-f3f0b24bfb28@group-E8BD524CE975-LeaderElection60] INFO  server.RaftServerConfigKeys (ConfUtils.java:logGet(43)) - raft.server.watch.element-limit = 65536 (default)
2019-10-02 20:46:05,054 [Thread-2296] INFO  impl.RoleInfo (RoleInfo.java:updateAndGet(143)) - df60df3b-367f-47e6-8a9a-af73cb7f67fe: start LeaderElection
2019-10-02 20:46:05,068 [f4a748ca-6ff1-425b-93d7-f3f0b24bfb28@group-E8BD524CE975-LeaderElection60] INFO  impl.RoleInfo (RoleInfo.java:updateAndGet(143)) - f4a748ca-6ff1-425b-93d7-f3f0b24bfb28: start LeaderState
2019-10-02 20:46:05,069 [f4a748ca-6ff1-425b-93d7-f3f0b24bfb28@group-E8BD524CE975-LeaderElection60] INFO  segmented.SegmentedRaftLogWorker (SegmentedRaftLogWorker.java:startLogSegment(385)) - f4a748ca-6ff1-425b-93d7-f3f0b24bfb28@group-E8BD524CE975-SegmentedRaftLogWorker: Starting segment from index:0
2019-10-02 20:46:05,070 [f4a748ca-6ff1-425b-93d7-f3f0b24bfb28@group-E8BD524CE975-LeaderElection60] INFO  impl.RaftServerImpl (ServerState.java:setRaftConf(356)) - f4a748ca-6ff1-425b-93d7-f3f0b24bfb28@group-E8BD524CE975: set configuration 0: [f4a748ca-6ff1-425b-93d7-f3f0b24bfb28:192.168.164.206:34300], old=null at 0
2019-10-02 20:46:05,080 [df60df3b-367f-47e6-8a9a-af73cb7f67fe@group-B7D298E1524B-LeaderElection61] INFO  impl.LeaderElection (LeaderElection.java:askForVotes(178)) - df60df3b-367f-47e6-8a9a-af73cb7f67fe@group-B7D298E1524B-LeaderElection61: begin an election at term 1 for -1: [df60df3b-367f-47e6-8a9a-af73cb7f67fe:192.168.164.206:45310], old=null
2019-10-02 20:46:05,081 [df60df3b-367f-47e6-8a9a-af73cb7f67fe@group-B7D298E1524B-LeaderElection61] INFO  impl.RoleInfo (RoleInfo.java:shutdownLeaderElection(134)) - df60df3b-367f-47e6-8a9a-af73cb7f67fe: shutdown LeaderElection
2019-10-02 20:46:05,081 [df60df3b-367f-47e6-8a9a-af73cb7f67fe@group-B7D298E1524B-LeaderElection61] INFO  impl.RaftServerImpl (RaftServerImpl.java:setRole(170)) - df60df3b-367f-47e6-8a9a-af73cb7f67fe@group-B7D298E1524B: changes role from CANDIDATE to LEADER at term 1 for changeToLeader
2019-10-02 20:46:05,081 [df60df3b-367f-47e6-8a9a-af73cb7f67fe@group-B7D298E1524B-LeaderElection61] INFO  impl.RaftServerImpl (ServerState.java:setLeader(255)) - df60df3b-367f-47e6-8a9a-af73cb7f67fe@group-B7D298E1524B: change Leader from null to df60df3b-367f-47e6-8a9a-af73cb7f67fe at term 1 for becomeLeader, leader elected after 5034ms
2019-10-02 20:46:05,081 [df60df3b-367f-47e6-8a9a-af73cb7f67fe@group-B7D298E1524B-LeaderElection61] INFO  server.RaftServerConfigKeys (ConfUtils.java:logGet(43)) - raft.server.staging.catchup.gap = 1000 (default)
2019-10-02 20:46:05,081 [df60df3b-367f-47e6-8a9a-af73cb7f67fe@group-B7D298E1524B-LeaderElection61] INFO  server.RaftServerConfigKeys (ConfUtils.java:logGet(43)) - raft.server.rpc.sleep.time = 25ms (default)
2019-10-02 20:46:05,081 [df60df3b-367f-47e6-8a9a-af73cb7f67fe@group-B7D298E1524B-LeaderElection61] INFO  server.RaftServerConfigKeys (ConfUtils.java:logGet(43)) - raft.server.write.element-limit = 4096 (default)
2019-10-02 20:46:05,082 [df60df3b-367f-47e6-8a9a-af73cb7f67fe@group-B7D298E1524B-LeaderElection61] INFO  server.RaftServerConfigKeys (ConfUtils.java:logGet(43)) - raft.server.watch.timeout = 10s (default)
2019-10-02 20:46:05,082 [df60df3b-367f-47e6-8a9a-af73cb7f67fe@group-B7D298E1524B-LeaderElection61] INFO  server.RaftServerConfigKeys (ConfUtils.java:logGet(43)) - raft.server.watch.timeout.denomination = 1s (default)
2019-10-02 20:46:05,082 [df60df3b-367f-47e6-8a9a-af73cb7f67fe@group-B7D298E1524B-LeaderElection61] INFO  server.RaftServerConfigKeys (ConfUtils.java:logGet(43)) - raft.server.watch.element-limit = 65536 (default)
2019-10-02 20:46:05,084 [df60df3b-367f-47e6-8a9a-af73cb7f67fe@group-B7D298E1524B-LeaderElection61] INFO  impl.RoleInfo (RoleInfo.java:updateAndGet(143)) - df60df3b-367f-47e6-8a9a-af73cb7f67fe: start LeaderState
2019-10-02 20:46:05,084 [df60df3b-367f-47e6-8a9a-af73cb7f67fe@group-B7D298E1524B-LeaderElection61] INFO  segmented.SegmentedRaftLogWorker (SegmentedRaftLogWorker.java:startLogSegment(385)) - df60df3b-367f-47e6-8a9a-af73cb7f67fe@group-B7D298E1524B-SegmentedRaftLogWorker: Starting segment from index:0
2019-10-02 20:46:05,085 [df60df3b-367f-47e6-8a9a-af73cb7f67fe@group-B7D298E1524B-LeaderElection61] INFO  impl.RaftServerImpl (ServerState.java:setRaftConf(356)) - df60df3b-367f-47e6-8a9a-af73cb7f67fe@group-B7D298E1524B: set configuration 0: [df60df3b-367f-47e6-8a9a-af73cb7f67fe:192.168.164.206:45310], old=null at 0
2019-10-02 20:46:05,114 [f4a748ca-6ff1-425b-93d7-f3f0b24bfb28@group-E8BD524CE975-SegmentedRaftLogWorker] INFO  segmented.SegmentedRaftLogWorker (SegmentedRaftLogWorker.java:execute(574)) - f4a748ca-6ff1-425b-93d7-f3f0b24bfb28@group-E8BD524CE975-SegmentedRaftLogWorker: created new log segment /workdir/hadoop-ozone/integration-test/target/test-dir/MiniOzoneClusterImpl-9cef7e86-6480-4d54-bd6b-d10c3a5bf03e/datanode-0/data/ratis/5d313724-dee5-40af-8473-e8bd524ce975/current/log_inprogress_0
2019-10-02 20:46:05,127 [df60df3b-367f-47e6-8a9a-af73cb7f67fe@group-B7D298E1524B-SegmentedRaftLogWorker] INFO  segmented.SegmentedRaftLogWorker (SegmentedRaftLogWorker.java:execute(574)) - df60df3b-367f-47e6-8a9a-af73cb7f67fe@group-B7D298E1524B-SegmentedRaftLogWorker: created new log segment /workdir/hadoop-ozone/integration-test/target/test-dir/MiniOzoneClusterImpl-9cef7e86-6480-4d54-bd6b-d10c3a5bf03e/datanode-1/data/ratis/9077664d-6638-4601-babd-b7d298e1524b/current/log_inprogress_0
2019-10-02 20:46:05,194 [Thread-2299] INFO  impl.FollowerState (FollowerState.java:run(108)) - a1cd4d9c-1a67-4d11-a601-f010683610d4@group-6F19D16D2832-FollowerState: change to CANDIDATE, lastRpcTime:5043ms, electionTimeout:5043ms
2019-10-02 20:46:05,194 [Thread-2299] INFO  impl.RoleInfo (RoleInfo.java:shutdownFollowerState(121)) - a1cd4d9c-1a67-4d11-a601-f010683610d4: shutdown FollowerState
2019-10-02 20:46:05,194 [Thread-2299] INFO  impl.RaftServerImpl (RaftServerImpl.java:setRole(170)) - a1cd4d9c-1a67-4d11-a601-f010683610d4@group-6F19D16D2832: changes role from  FOLLOWER to CANDIDATE at term 0 for changeToCandidate
2019-10-02 20:46:05,195 [Thread-2299] INFO  impl.RoleInfo (RoleInfo.java:updateAndGet(143)) - a1cd4d9c-1a67-4d11-a601-f010683610d4: start LeaderElection
2019-10-02 20:46:05,276 [a1cd4d9c-1a67-4d11-a601-f010683610d4@group-6F19D16D2832-LeaderElection62] INFO  impl.LeaderElection (LeaderElection.java:askForVotes(178)) - a1cd4d9c-1a67-4d11-a601-f010683610d4@group-6F19D16D2832-LeaderElection62: begin an election at term 1 for -1: [a1cd4d9c-1a67-4d11-a601-f010683610d4:192.168.164.206:43332], old=null
2019-10-02 20:46:05,276 [a1cd4d9c-1a67-4d11-a601-f010683610d4@group-6F19D16D2832-LeaderElection62] INFO  impl.RoleInfo (RoleInfo.java:shutdownLeaderElection(134)) - a1cd4d9c-1a67-4d11-a601-f010683610d4: shutdown LeaderElection
2019-10-02 20:46:05,277 [a1cd4d9c-1a67-4d11-a601-f010683610d4@group-6F19D16D2832-LeaderElection62] INFO  impl.RaftServerImpl (RaftServerImpl.java:setRole(170)) - a1cd4d9c-1a67-4d11-a601-f010683610d4@group-6F19D16D2832: changes role from CANDIDATE to LEADER at term 1 for changeToLeader
2019-10-02 20:46:05,277 [a1cd4d9c-1a67-4d11-a601-f010683610d4@group-6F19D16D2832-LeaderElection62] INFO  impl.RaftServerImpl (ServerState.java:setLeader(255)) - a1cd4d9c-1a67-4d11-a601-f010683610d4@group-6F19D16D2832: change Leader from null to a1cd4d9c-1a67-4d11-a601-f010683610d4 at term 1 for becomeLeader, leader elected after 5132ms
2019-10-02 20:46:05,277 [a1cd4d9c-1a67-4d11-a601-f010683610d4@group-6F19D16D2832-LeaderElection62] INFO  server.RaftServerConfigKeys (ConfUtils.java:logGet(43)) - raft.server.staging.catchup.gap = 1000 (default)
2019-10-02 20:46:05,277 [a1cd4d9c-1a67-4d11-a601-f010683610d4@group-6F19D16D2832-LeaderElection62] INFO  server.RaftServerConfigKeys (ConfUtils.java:logGet(43)) - raft.server.rpc.sleep.time = 25ms (default)
2019-10-02 20:46:05,277 [a1cd4d9c-1a67-4d11-a601-f010683610d4@group-6F19D16D2832-LeaderElection62] INFO  server.RaftServerConfigKeys (ConfUtils.java:logGet(43)) - raft.server.write.element-limit = 4096 (default)
2019-10-02 20:46:05,277 [a1cd4d9c-1a67-4d11-a601-f010683610d4@group-6F19D16D2832-LeaderElection62] INFO  server.RaftServerConfigKeys (ConfUtils.java:logGet(43)) - raft.server.watch.timeout = 10s (default)
2019-10-02 20:46:05,278 [a1cd4d9c-1a67-4d11-a601-f010683610d4@group-6F19D16D2832-LeaderElection62] INFO  server.RaftServerConfigKeys (ConfUtils.java:logGet(43)) - raft.server.watch.timeout.denomination = 1s (default)
2019-10-02 20:46:05,278 [a1cd4d9c-1a67-4d11-a601-f010683610d4@group-6F19D16D2832-LeaderElection62] INFO  server.RaftServerConfigKeys (ConfUtils.java:logGet(43)) - raft.server.watch.element-limit = 65536 (default)
2019-10-02 20:46:05,281 [a1cd4d9c-1a67-4d11-a601-f010683610d4@group-6F19D16D2832-LeaderElection62] INFO  impl.RoleInfo (RoleInfo.java:updateAndGet(143)) - a1cd4d9c-1a67-4d11-a601-f010683610d4: start LeaderState
2019-10-02 20:46:05,281 [a1cd4d9c-1a67-4d11-a601-f010683610d4@group-6F19D16D2832-LeaderElection62] INFO  segmented.SegmentedRaftLogWorker (SegmentedRaftLogWorker.java:startLogSegment(385)) - a1cd4d9c-1a67-4d11-a601-f010683610d4@group-6F19D16D2832-SegmentedRaftLogWorker: Starting segment from index:0
2019-10-02 20:46:05,282 [a1cd4d9c-1a67-4d11-a601-f010683610d4@group-6F19D16D2832-LeaderElection62] INFO  impl.RaftServerImpl (ServerState.java:setRaftConf(356)) - a1cd4d9c-1a67-4d11-a601-f010683610d4@group-6F19D16D2832: set configuration 0: [a1cd4d9c-1a67-4d11-a601-f010683610d4:192.168.164.206:43332], old=null at 0
2019-10-02 20:46:05,320 [a1cd4d9c-1a67-4d11-a601-f010683610d4@group-6F19D16D2832-SegmentedRaftLogWorker] INFO  segmented.SegmentedRaftLogWorker (SegmentedRaftLogWorker.java:execute(574)) - a1cd4d9c-1a67-4d11-a601-f010683610d4@group-6F19D16D2832-SegmentedRaftLogWorker: created new log segment /workdir/hadoop-ozone/integration-test/target/test-dir/MiniOzoneClusterImpl-9cef7e86-6480-4d54-bd6b-d10c3a5bf03e/datanode-2/data/ratis/29c8982f-9474-44d7-b919-6f19d16d2832/current/log_inprogress_0
2019-10-02 20:46:05,353 [Thread-2302] INFO  impl.FollowerState (FollowerState.java:run(108)) - a1cd4d9c-1a67-4d11-a601-f010683610d4@group-D2DC9C16E4A1-FollowerState: change to CANDIDATE, lastRpcTime:5135ms, electionTimeout:5135ms
2019-10-02 20:46:05,353 [Thread-2302] INFO  impl.RoleInfo (RoleInfo.java:shutdownFollowerState(121)) - a1cd4d9c-1a67-4d11-a601-f010683610d4: shutdown FollowerState
2019-10-02 20:46:05,353 [Thread-2302] INFO  impl.RaftServerImpl (RaftServerImpl.java:setRole(170)) - a1cd4d9c-1a67-4d11-a601-f010683610d4@group-D2DC9C16E4A1: changes role from  FOLLOWER to CANDIDATE at term 0 for changeToCandidate
2019-10-02 20:46:05,353 [Thread-2302] INFO  impl.RoleInfo (RoleInfo.java:updateAndGet(143)) - a1cd4d9c-1a67-4d11-a601-f010683610d4: start LeaderElection
2019-10-02 20:46:05,361 [Thread-2311] INFO  impl.FollowerState (FollowerState.java:run(108)) - 8c255d15-beac-417a-bf2f-f439b29eb4c8@group-5AD36A83A10F-FollowerState: change to CANDIDATE, lastRpcTime:5044ms, electionTimeout:5043ms
2019-10-02 20:46:05,361 [Thread-2311] INFO  impl.RoleInfo (RoleInfo.java:shutdownFollowerState(121)) - 8c255d15-beac-417a-bf2f-f439b29eb4c8: shutdown FollowerState
2019-10-02 20:46:05,361 [Thread-2311] INFO  impl.RaftServerImpl (RaftServerImpl.java:setRole(170)) - 8c255d15-beac-417a-bf2f-f439b29eb4c8@group-5AD36A83A10F: changes role from  FOLLOWER to CANDIDATE at term 0 for changeToCandidate
2019-10-02 20:46:05,362 [Thread-2311] INFO  impl.RoleInfo (RoleInfo.java:updateAndGet(143)) - 8c255d15-beac-417a-bf2f-f439b29eb4c8: start LeaderElection
2019-10-02 20:46:05,371 [a1cd4d9c-1a67-4d11-a601-f010683610d4@group-D2DC9C16E4A1-LeaderElection63] INFO  impl.LeaderElection (LeaderElection.java:askForVotes(178)) - a1cd4d9c-1a67-4d11-a601-f010683610d4@group-D2DC9C16E4A1-LeaderElection63: begin an election at term 1 for -1: [df60df3b-367f-47e6-8a9a-af73cb7f67fe:192.168.164.206:45310, a1cd4d9c-1a67-4d11-a601-f010683610d4:192.168.164.206:43332, f4a748ca-6ff1-425b-93d7-f3f0b24bfb28:192.168.164.206:34300], old=null
2019-10-02 20:46:05,374 [grpc-default-executor-6] INFO  impl.RaftServerImpl (RaftServerImpl.java:setRole(170)) - df60df3b-367f-47e6-8a9a-af73cb7f67fe@group-D2DC9C16E4A1: changes role from  FOLLOWER to FOLLOWER at term 1 for recognizeCandidate:a1cd4d9c-1a67-4d11-a601-f010683610d4
2019-10-02 20:46:05,374 [grpc-default-executor-0] INFO  impl.RaftServerImpl (RaftServerImpl.java:setRole(170)) - f4a748ca-6ff1-425b-93d7-f3f0b24bfb28@group-D2DC9C16E4A1: changes role from  FOLLOWER to FOLLOWER at term 1 for recognizeCandidate:a1cd4d9c-1a67-4d11-a601-f010683610d4
2019-10-02 20:46:05,374 [grpc-default-executor-6] INFO  impl.RoleInfo (RoleInfo.java:shutdownFollowerState(121)) - df60df3b-367f-47e6-8a9a-af73cb7f67fe: shutdown FollowerState
2019-10-02 20:46:05,375 [grpc-default-executor-0] INFO  impl.RoleInfo (RoleInfo.java:shutdownFollowerState(121)) - f4a748ca-6ff1-425b-93d7-f3f0b24bfb28: shutdown FollowerState
2019-10-02 20:46:05,375 [Thread-2307] INFO  impl.FollowerState (FollowerState.java:run(117)) - df60df3b-367f-47e6-8a9a-af73cb7f67fe@group-D2DC9C16E4A1-FollowerState was interrupted: java.lang.InterruptedException: sleep interrupted
2019-10-02 20:46:05,375 [grpc-default-executor-6] INFO  impl.RoleInfo (RoleInfo.java:updateAndGet(143)) - df60df3b-367f-47e6-8a9a-af73cb7f67fe: start FollowerState
2019-10-02 20:46:05,375 [grpc-default-executor-0] INFO  impl.RoleInfo (RoleInfo.java:updateAndGet(143)) - f4a748ca-6ff1-425b-93d7-f3f0b24bfb28: start FollowerState
2019-10-02 20:46:05,379 [Thread-2306] INFO  impl.FollowerState (FollowerState.java:run(117)) - f4a748ca-6ff1-425b-93d7-f3f0b24bfb28@group-D2DC9C16E4A1-FollowerState was interrupted: java.lang.InterruptedException: sleep interrupted
2019-10-02 20:46:05,383 [8c255d15-beac-417a-bf2f-f439b29eb4c8@group-5AD36A83A10F-LeaderElection64] INFO  impl.LeaderElection (LeaderElection.java:askForVotes(178)) - 8c255d15-beac-417a-bf2f-f439b29eb4c8@group-5AD36A83A10F-LeaderElection64: begin an election at term 1 for -1: [8c255d15-beac-417a-bf2f-f439b29eb4c8:192.168.164.206:46592], old=null
2019-10-02 20:46:05,384 [8c255d15-beac-417a-bf2f-f439b29eb4c8@group-5AD36A83A10F-LeaderElection64] INFO  impl.RoleInfo (RoleInfo.java:shutdownLeaderElection(134)) - 8c255d15-beac-417a-bf2f-f439b29eb4c8: shutdown LeaderElection
2019-10-02 20:46:05,384 [8c255d15-beac-417a-bf2f-f439b29eb4c8@group-5AD36A83A10F-LeaderElection64] INFO  impl.RaftServerImpl (RaftServerImpl.java:setRole(170)) - 8c255d15-beac-417a-bf2f-f439b29eb4c8@group-5AD36A83A10F: changes role from CANDIDATE to LEADER at term 1 for changeToLeader
2019-10-02 20:46:05,384 [8c255d15-beac-417a-bf2f-f439b29eb4c8@group-5AD36A83A10F-LeaderElection64] INFO  impl.RaftServerImpl (ServerState.java:setLeader(255)) - 8c255d15-beac-417a-bf2f-f439b29eb4c8@group-5AD36A83A10F: change Leader from null to 8c255d15-beac-417a-bf2f-f439b29eb4c8 at term 1 for becomeLeader, leader elected after 5075ms
2019-10-02 20:46:05,384 [8c255d15-beac-417a-bf2f-f439b29eb4c8@group-5AD36A83A10F-LeaderElection64] INFO  server.RaftServerConfigKeys (ConfUtils.java:logGet(43)) - raft.server.staging.catchup.gap = 1000 (default)
2019-10-02 20:46:05,384 [8c255d15-beac-417a-bf2f-f439b29eb4c8@group-5AD36A83A10F-LeaderElection64] INFO  server.RaftServerConfigKeys (ConfUtils.java:logGet(43)) - raft.server.rpc.sleep.time = 25ms (default)
2019-10-02 20:46:05,384 [8c255d15-beac-417a-bf2f-f439b29eb4c8@group-5AD36A83A10F-LeaderElection64] INFO  server.RaftServerConfigKeys (ConfUtils.java:logGet(43)) - raft.server.write.element-limit = 4096 (default)
2019-10-02 20:46:05,384 [8c255d15-beac-417a-bf2f-f439b29eb4c8@group-5AD36A83A10F-LeaderElection64] INFO  server.RaftServerConfigKeys (ConfUtils.java:logGet(43)) - raft.server.watch.timeout = 10s (default)
2019-10-02 20:46:05,384 [8c255d15-beac-417a-bf2f-f439b29eb4c8@group-5AD36A83A10F-LeaderElection64] INFO  server.RaftServerConfigKeys (ConfUtils.java:logGet(43)) - raft.server.watch.timeout.denomination = 1s (default)
2019-10-02 20:46:05,384 [8c255d15-beac-417a-bf2f-f439b29eb4c8@group-5AD36A83A10F-LeaderElection64] INFO  server.RaftServerConfigKeys (ConfUtils.java:logGet(43)) - raft.server.watch.element-limit = 65536 (default)
2019-10-02 20:46:05,386 [8c255d15-beac-417a-bf2f-f439b29eb4c8@group-5AD36A83A10F-LeaderElection64] INFO  impl.RoleInfo (RoleInfo.java:updateAndGet(143)) - 8c255d15-beac-417a-bf2f-f439b29eb4c8: start LeaderState
2019-10-02 20:46:05,386 [8c255d15-beac-417a-bf2f-f439b29eb4c8@group-5AD36A83A10F-LeaderElection64] INFO  segmented.SegmentedRaftLogWorker (SegmentedRaftLogWorker.java:startLogSegment(385)) - 8c255d15-beac-417a-bf2f-f439b29eb4c8@group-5AD36A83A10F-SegmentedRaftLogWorker: Starting segment from index:0
2019-10-02 20:46:05,387 [8c255d15-beac-417a-bf2f-f439b29eb4c8@group-5AD36A83A10F-LeaderElection64] INFO  impl.RaftServerImpl (ServerState.java:setRaftConf(356)) - 8c255d15-beac-417a-bf2f-f439b29eb4c8@group-5AD36A83A10F: set configuration 0: [8c255d15-beac-417a-bf2f-f439b29eb4c8:192.168.164.206:46592], old=null at 0
2019-10-02 20:46:05,418 [a1cd4d9c-1a67-4d11-a601-f010683610d4@group-D2DC9C16E4A1-LeaderElection63] INFO  impl.LeaderElection (LeaderElection.java:logAndReturn(56)) - a1cd4d9c-1a67-4d11-a601-f010683610d4@group-D2DC9C16E4A1-LeaderElection63: Election PASSED; received 1 response(s) [a1cd4d9c-1a67-4d11-a601-f010683610d4<-df60df3b-367f-47e6-8a9a-af73cb7f67fe#0:OK-t1] and 0 exception(s); a1cd4d9c-1a67-4d11-a601-f010683610d4@group-D2DC9C16E4A1:t1, leader=null, voted=a1cd4d9c-1a67-4d11-a601-f010683610d4, raftlog=a1cd4d9c-1a67-4d11-a601-f010683610d4@group-D2DC9C16E4A1-SegmentedRaftLog:OPENED:c-1,f-1,i0, conf=-1: [df60df3b-367f-47e6-8a9a-af73cb7f67fe:192.168.164.206:45310, a1cd4d9c-1a67-4d11-a601-f010683610d4:192.168.164.206:43332, f4a748ca-6ff1-425b-93d7-f3f0b24bfb28:192.168.164.206:34300], old=null
2019-10-02 20:46:05,418 [a1cd4d9c-1a67-4d11-a601-f010683610d4@group-D2DC9C16E4A1-LeaderElection63] INFO  impl.RoleInfo (RoleInfo.java:shutdownLeaderElection(134)) - a1cd4d9c-1a67-4d11-a601-f010683610d4: shutdown LeaderElection
2019-10-02 20:46:05,418 [a1cd4d9c-1a67-4d11-a601-f010683610d4@group-D2DC9C16E4A1-LeaderElection63] INFO  impl.RaftServerImpl (RaftServerImpl.java:setRole(170)) - a1cd4d9c-1a67-4d11-a601-f010683610d4@group-D2DC9C16E4A1: changes role from CANDIDATE to LEADER at term 1 for changeToLeader
2019-10-02 20:46:05,418 [a1cd4d9c-1a67-4d11-a601-f010683610d4@group-D2DC9C16E4A1-LeaderElection63] INFO  impl.RaftServerImpl (ServerState.java:setLeader(255)) - a1cd4d9c-1a67-4d11-a601-f010683610d4@group-D2DC9C16E4A1: change Leader from null to a1cd4d9c-1a67-4d11-a601-f010683610d4 at term 1 for becomeLeader, leader elected after 5209ms
2019-10-02 20:46:05,418 [a1cd4d9c-1a67-4d11-a601-f010683610d4@group-D2DC9C16E4A1-LeaderElection63] INFO  server.RaftServerConfigKeys (ConfUtils.java:logGet(43)) - raft.server.staging.catchup.gap = 1000 (default)
2019-10-02 20:46:05,419 [a1cd4d9c-1a67-4d11-a601-f010683610d4@group-D2DC9C16E4A1-LeaderElection63] INFO  server.RaftServerConfigKeys (ConfUtils.java:logGet(43)) - raft.server.rpc.sleep.time = 25ms (default)
2019-10-02 20:46:05,419 [a1cd4d9c-1a67-4d11-a601-f010683610d4@group-D2DC9C16E4A1-LeaderElection63] INFO  server.RaftServerConfigKeys (ConfUtils.java:logGet(43)) - raft.server.write.element-limit = 4096 (default)
2019-10-02 20:46:05,419 [a1cd4d9c-1a67-4d11-a601-f010683610d4@group-D2DC9C16E4A1-LeaderElection63] INFO  server.RaftServerConfigKeys (ConfUtils.java:logGet(43)) - raft.server.watch.timeout = 10s (default)
2019-10-02 20:46:05,419 [a1cd4d9c-1a67-4d11-a601-f010683610d4@group-D2DC9C16E4A1-LeaderElection63] INFO  server.RaftServerConfigKeys (ConfUtils.java:logGet(43)) - raft.server.watch.timeout.denomination = 1s (default)
2019-10-02 20:46:05,419 [a1cd4d9c-1a67-4d11-a601-f010683610d4@group-D2DC9C16E4A1-LeaderElection63] INFO  server.RaftServerConfigKeys (ConfUtils.java:logGet(43)) - raft.server.watch.element-limit = 65536 (default)
2019-10-02 20:46:05,421 [a1cd4d9c-1a67-4d11-a601-f010683610d4@group-D2DC9C16E4A1-LeaderElection63] INFO  server.RaftServerConfigKeys (ConfUtils.java:logGet(43)) - raft.server.log.appender.snapshot.chunk.size.max = 16MB (=16777216) (default)
2019-10-02 20:46:05,421 [a1cd4d9c-1a67-4d11-a601-f010683610d4@group-D2DC9C16E4A1-LeaderElection63] INFO  server.RaftServerConfigKeys (ConfUtils.java:logGet(43)) - raft.server.log.appender.buffer.byte-limit = 33554432 (custom)
2019-10-02 20:46:05,421 [a1cd4d9c-1a67-4d11-a601-f010683610d4@group-D2DC9C16E4A1-LeaderElection63] INFO  server.RaftServerConfigKeys (ConfUtils.java:logGet(43)) - raft.server.log.appender.buffer.element-limit = 1 (custom)
2019-10-02 20:46:05,422 [a1cd4d9c-1a67-4d11-a601-f010683610d4@group-D2DC9C16E4A1-LeaderElection63] INFO  grpc.GrpcConfigKeys$Server (ConfUtils.java:logGet(43)) - raft.grpc.server.leader.outstanding.appends.max = 128 (default)
2019-10-02 20:46:05,422 [a1cd4d9c-1a67-4d11-a601-f010683610d4@group-D2DC9C16E4A1-LeaderElection63] INFO  server.RaftServerConfigKeys (ConfUtils.java:logGet(43)) - raft.server.rpc.request.timeout = 3000ms (default)
2019-10-02 20:46:05,422 [a1cd4d9c-1a67-4d11-a601-f010683610d4@group-D2DC9C16E4A1-LeaderElection63] INFO  server.RaftServerConfigKeys (ConfUtils.java:logGet(43)) - raft.server.log.appender.install.snapshot.enabled = false (custom)
2019-10-02 20:46:05,422 [a1cd4d9c-1a67-4d11-a601-f010683610d4@group-D2DC9C16E4A1-LeaderElection63] INFO  server.RaftServerConfigKeys (ConfUtils.java:logGet(43)) - raft.server.log.appender.snapshot.chunk.size.max = 16MB (=16777216) (default)
2019-10-02 20:46:05,422 [a1cd4d9c-1a67-4d11-a601-f010683610d4@group-D2DC9C16E4A1-LeaderElection63] INFO  server.RaftServerConfigKeys (ConfUtils.java:logGet(43)) - raft.server.log.appender.buffer.byte-limit = 33554432 (custom)
2019-10-02 20:46:05,422 [a1cd4d9c-1a67-4d11-a601-f010683610d4@group-D2DC9C16E4A1-LeaderElection63] INFO  server.RaftServerConfigKeys (ConfUtils.java:logGet(43)) - raft.server.log.appender.buffer.element-limit = 1 (custom)
2019-10-02 20:46:05,423 [a1cd4d9c-1a67-4d11-a601-f010683610d4@group-D2DC9C16E4A1-LeaderElection63] INFO  grpc.GrpcConfigKeys$Server (ConfUtils.java:logGet(43)) - raft.grpc.server.leader.outstanding.appends.max = 128 (default)
2019-10-02 20:46:05,423 [a1cd4d9c-1a67-4d11-a601-f010683610d4@group-D2DC9C16E4A1-LeaderElection63] INFO  server.RaftServerConfigKeys (ConfUtils.java:logGet(43)) - raft.server.rpc.request.timeout = 3000ms (default)
2019-10-02 20:46:05,423 [a1cd4d9c-1a67-4d11-a601-f010683610d4@group-D2DC9C16E4A1-LeaderElection63] INFO  server.RaftServerConfigKeys (ConfUtils.java:logGet(43)) - raft.server.log.appender.install.snapshot.enabled = false (custom)
2019-10-02 20:46:05,423 [a1cd4d9c-1a67-4d11-a601-f010683610d4@group-D2DC9C16E4A1-LeaderElection63] INFO  impl.RoleInfo (RoleInfo.java:updateAndGet(143)) - a1cd4d9c-1a67-4d11-a601-f010683610d4: start LeaderState
2019-10-02 20:46:05,423 [a1cd4d9c-1a67-4d11-a601-f010683610d4@group-D2DC9C16E4A1-LeaderElection63] INFO  segmented.SegmentedRaftLogWorker (SegmentedRaftLogWorker.java:startLogSegment(385)) - a1cd4d9c-1a67-4d11-a601-f010683610d4@group-D2DC9C16E4A1-SegmentedRaftLogWorker: Starting segment from index:0
2019-10-02 20:46:05,424 [a1cd4d9c-1a67-4d11-a601-f010683610d4@group-D2DC9C16E4A1-LeaderElection63] INFO  impl.RaftServerImpl (ServerState.java:setRaftConf(356)) - a1cd4d9c-1a67-4d11-a601-f010683610d4@group-D2DC9C16E4A1: set configuration 0: [df60df3b-367f-47e6-8a9a-af73cb7f67fe:192.168.164.206:45310, a1cd4d9c-1a67-4d11-a601-f010683610d4:192.168.164.206:43332, f4a748ca-6ff1-425b-93d7-f3f0b24bfb28:192.168.164.206:34300], old=null at 0
2019-10-02 20:46:05,424 [8c255d15-beac-417a-bf2f-f439b29eb4c8@group-5AD36A83A10F-SegmentedRaftLogWorker] INFO  segmented.SegmentedRaftLogWorker (SegmentedRaftLogWorker.java:execute(574)) - 8c255d15-beac-417a-bf2f-f439b29eb4c8@group-5AD36A83A10F-SegmentedRaftLogWorker: created new log segment /workdir/hadoop-ozone/integration-test/target/test-dir/MiniOzoneClusterImpl-9cef7e86-6480-4d54-bd6b-d10c3a5bf03e/datanode-3/data/ratis/79c21ec1-832f-4486-925e-5ad36a83a10f/current/log_inprogress_0
2019-10-02 20:46:05,456 [grpc-default-executor-0] INFO  impl.RaftServerImpl (ServerState.java:setLeader(255)) - df60df3b-367f-47e6-8a9a-af73cb7f67fe@group-D2DC9C16E4A1: change Leader from null to a1cd4d9c-1a67-4d11-a601-f010683610d4 at term 1 for appendEntries, leader elected after 5246ms
2019-10-02 20:46:05,470 [a1cd4d9c-1a67-4d11-a601-f010683610d4@group-D2DC9C16E4A1-SegmentedRaftLogWorker] INFO  segmented.SegmentedRaftLogWorker (SegmentedRaftLogWorker.java:execute(574)) - a1cd4d9c-1a67-4d11-a601-f010683610d4@group-D2DC9C16E4A1-SegmentedRaftLogWorker: created new log segment /workdir/hadoop-ozone/integration-test/target/test-dir/MiniOzoneClusterImpl-9cef7e86-6480-4d54-bd6b-d10c3a5bf03e/datanode-2/data/ratis/462db6c8-343c-4d63-9a14-d2dc9c16e4a1/current/log_inprogress_0
2019-10-02 20:46:05,493 [grpc-default-executor-0] INFO  impl.RaftServerImpl (ServerState.java:setLeader(255)) - f4a748ca-6ff1-425b-93d7-f3f0b24bfb28@group-D2DC9C16E4A1: change Leader from null to a1cd4d9c-1a67-4d11-a601-f010683610d4 at term 1 for appendEntries, leader elected after 5283ms
2019-10-02 20:46:05,499 [grpc-default-executor-0] INFO  impl.RaftServerImpl (ServerState.java:setRaftConf(356)) - df60df3b-367f-47e6-8a9a-af73cb7f67fe@group-D2DC9C16E4A1: set configuration 0: [df60df3b-367f-47e6-8a9a-af73cb7f67fe:192.168.164.206:45310, a1cd4d9c-1a67-4d11-a601-f010683610d4:192.168.164.206:43332, f4a748ca-6ff1-425b-93d7-f3f0b24bfb28:192.168.164.206:34300], old=null at 0
2019-10-02 20:46:05,499 [grpc-default-executor-0] INFO  segmented.SegmentedRaftLogWorker (SegmentedRaftLogWorker.java:startLogSegment(385)) - df60df3b-367f-47e6-8a9a-af73cb7f67fe@group-D2DC9C16E4A1-SegmentedRaftLogWorker: Starting segment from index:0
2019-10-02 20:46:05,499 [grpc-default-executor-6] INFO  impl.RaftServerImpl (ServerState.java:setRaftConf(356)) - f4a748ca-6ff1-425b-93d7-f3f0b24bfb28@group-D2DC9C16E4A1: set configuration 0: [df60df3b-367f-47e6-8a9a-af73cb7f67fe:192.168.164.206:45310, a1cd4d9c-1a67-4d11-a601-f010683610d4:192.168.164.206:43332, f4a748ca-6ff1-425b-93d7-f3f0b24bfb28:192.168.164.206:34300], old=null at 0
2019-10-02 20:46:05,499 [grpc-default-executor-6] INFO  segmented.SegmentedRaftLogWorker (SegmentedRaftLogWorker.java:startLogSegment(385)) - f4a748ca-6ff1-425b-93d7-f3f0b24bfb28@group-D2DC9C16E4A1-SegmentedRaftLogWorker: Starting segment from index:0
2019-10-02 20:46:05,509 [Thread-2317] INFO  impl.FollowerState (FollowerState.java:run(108)) - 0119a927-1981-48ab-b4c1-93d981264a58@group-E661F3BB6CF6-FollowerState: change to CANDIDATE, lastRpcTime:5090ms, electionTimeout:5090ms
2019-10-02 20:46:05,509 [Thread-2317] INFO  impl.RoleInfo (RoleInfo.java:shutdownFollowerState(121)) - 0119a927-1981-48ab-b4c1-93d981264a58: shutdown FollowerState
2019-10-02 20:46:05,509 [Thread-2317] INFO  impl.RaftServerImpl (RaftServerImpl.java:setRole(170)) - 0119a927-1981-48ab-b4c1-93d981264a58@group-E661F3BB6CF6: changes role from  FOLLOWER to CANDIDATE at term 0 for changeToCandidate
2019-10-02 20:46:05,509 [Thread-2317] INFO  impl.RoleInfo (RoleInfo.java:updateAndGet(143)) - 0119a927-1981-48ab-b4c1-93d981264a58: start LeaderElection
2019-10-02 20:46:05,542 [Thread-2314] INFO  impl.FollowerState (FollowerState.java:run(108)) - fa82d7e9-067a-4022-bdc7-da231d0b6622@group-8E193F3695EA-FollowerState: change to CANDIDATE, lastRpcTime:5175ms, electionTimeout:5172ms
2019-10-02 20:46:05,542 [Thread-2314] INFO  impl.RoleInfo (RoleInfo.java:shutdownFollowerState(121)) - fa82d7e9-067a-4022-bdc7-da231d0b6622: shutdown FollowerState
2019-10-02 20:46:05,542 [Thread-2314] INFO  impl.RaftServerImpl (RaftServerImpl.java:setRole(170)) - fa82d7e9-067a-4022-bdc7-da231d0b6622@group-8E193F3695EA: changes role from  FOLLOWER to CANDIDATE at term 0 for changeToCandidate
2019-10-02 20:46:05,548 [Thread-2314] INFO  impl.RoleInfo (RoleInfo.java:updateAndGet(143)) - fa82d7e9-067a-4022-bdc7-da231d0b6622: start LeaderElection
2019-10-02 20:46:05,557 [f4a748ca-6ff1-425b-93d7-f3f0b24bfb28@group-D2DC9C16E4A1-SegmentedRaftLogWorker] INFO  segmented.SegmentedRaftLogWorker (SegmentedRaftLogWorker.java:execute(574)) - f4a748ca-6ff1-425b-93d7-f3f0b24bfb28@group-D2DC9C16E4A1-SegmentedRaftLogWorker: created new log segment /workdir/hadoop-ozone/integration-test/target/test-dir/MiniOzoneClusterImpl-9cef7e86-6480-4d54-bd6b-d10c3a5bf03e/datanode-0/data/ratis/462db6c8-343c-4d63-9a14-d2dc9c16e4a1/current/log_inprogress_0
2019-10-02 20:46:05,557 [df60df3b-367f-47e6-8a9a-af73cb7f67fe@group-D2DC9C16E4A1-SegmentedRaftLogWorker] INFO  segmented.SegmentedRaftLogWorker (SegmentedRaftLogWorker.java:execute(574)) - df60df3b-367f-47e6-8a9a-af73cb7f67fe@group-D2DC9C16E4A1-SegmentedRaftLogWorker: created new log segment /workdir/hadoop-ozone/integration-test/target/test-dir/MiniOzoneClusterImpl-9cef7e86-6480-4d54-bd6b-d10c3a5bf03e/datanode-1/data/ratis/462db6c8-343c-4d63-9a14-d2dc9c16e4a1/current/log_inprogress_0
2019-10-02 20:46:05,557 [0119a927-1981-48ab-b4c1-93d981264a58@group-E661F3BB6CF6-LeaderElection65] INFO  impl.LeaderElection (LeaderElection.java:askForVotes(178)) - 0119a927-1981-48ab-b4c1-93d981264a58@group-E661F3BB6CF6-LeaderElection65: begin an election at term 1 for -1: [0119a927-1981-48ab-b4c1-93d981264a58:192.168.164.206:38279], old=null
2019-10-02 20:46:05,557 [0119a927-1981-48ab-b4c1-93d981264a58@group-E661F3BB6CF6-LeaderElection65] INFO  impl.RoleInfo (RoleInfo.java:shutdownLeaderElection(134)) - 0119a927-1981-48ab-b4c1-93d981264a58: shutdown LeaderElection
2019-10-02 20:46:05,557 [0119a927-1981-48ab-b4c1-93d981264a58@group-E661F3BB6CF6-LeaderElection65] INFO  impl.RaftServerImpl (RaftServerImpl.java:setRole(170)) - 0119a927-1981-48ab-b4c1-93d981264a58@group-E661F3BB6CF6: changes role from CANDIDATE to LEADER at term 1 for changeToLeader
2019-10-02 20:46:05,557 [0119a927-1981-48ab-b4c1-93d981264a58@group-E661F3BB6CF6-LeaderElection65] INFO  impl.RaftServerImpl (ServerState.java:setLeader(255)) - 0119a927-1981-48ab-b4c1-93d981264a58@group-E661F3BB6CF6: change Leader from null to 0119a927-1981-48ab-b4c1-93d981264a58 at term 1 for becomeLeader, leader elected after 5146ms
2019-10-02 20:46:05,558 [0119a927-1981-48ab-b4c1-93d981264a58@group-E661F3BB6CF6-LeaderElection65] INFO  server.RaftServerConfigKeys (ConfUtils.java:logGet(43)) - raft.server.staging.catchup.gap = 1000 (default)
2019-10-02 20:46:05,558 [0119a927-1981-48ab-b4c1-93d981264a58@group-E661F3BB6CF6-LeaderElection65] INFO  server.RaftServerConfigKeys (ConfUtils.java:logGet(43)) - raft.server.rpc.sleep.time = 25ms (default)
2019-10-02 20:46:05,558 [0119a927-1981-48ab-b4c1-93d981264a58@group-E661F3BB6CF6-LeaderElection65] INFO  server.RaftServerConfigKeys (ConfUtils.java:logGet(43)) - raft.server.write.element-limit = 4096 (default)
2019-10-02 20:46:05,558 [0119a927-1981-48ab-b4c1-93d981264a58@group-E661F3BB6CF6-LeaderElection65] INFO  server.RaftServerConfigKeys (ConfUtils.java:logGet(43)) - raft.server.watch.timeout = 10s (default)
2019-10-02 20:46:05,558 [0119a927-1981-48ab-b4c1-93d981264a58@group-E661F3BB6CF6-LeaderElection65] INFO  server.RaftServerConfigKeys (ConfUtils.java:logGet(43)) - raft.server.watch.timeout.denomination = 1s (default)
2019-10-02 20:46:05,558 [0119a927-1981-48ab-b4c1-93d981264a58@group-E661F3BB6CF6-LeaderElection65] INFO  server.RaftServerConfigKeys (ConfUtils.java:logGet(43)) - raft.server.watch.element-limit = 65536 (default)
2019-10-02 20:46:05,561 [0119a927-1981-48ab-b4c1-93d981264a58@group-E661F3BB6CF6-LeaderElection65] INFO  impl.RoleInfo (RoleInfo.java:updateAndGet(143)) - 0119a927-1981-48ab-b4c1-93d981264a58: start LeaderState
2019-10-02 20:46:05,561 [0119a927-1981-48ab-b4c1-93d981264a58@group-E661F3BB6CF6-LeaderElection65] INFO  segmented.SegmentedRaftLogWorker (SegmentedRaftLogWorker.java:startLogSegment(385)) - 0119a927-1981-48ab-b4c1-93d981264a58@group-E661F3BB6CF6-SegmentedRaftLogWorker: Starting segment from index:0
2019-10-02 20:46:05,562 [0119a927-1981-48ab-b4c1-93d981264a58@group-E661F3BB6CF6-LeaderElection65] INFO  impl.RaftServerImpl (ServerState.java:setRaftConf(356)) - 0119a927-1981-48ab-b4c1-93d981264a58@group-E661F3BB6CF6: set configuration 0: [0119a927-1981-48ab-b4c1-93d981264a58:192.168.164.206:38279], old=null at 0
2019-10-02 20:46:05,572 [fa82d7e9-067a-4022-bdc7-da231d0b6622@group-8E193F3695EA-LeaderElection66] INFO  impl.LeaderElection (LeaderElection.java:askForVotes(178)) - fa82d7e9-067a-4022-bdc7-da231d0b6622@group-8E193F3695EA-LeaderElection66: begin an election at term 1 for -1: [fa82d7e9-067a-4022-bdc7-da231d0b6622:192.168.164.206:41963], old=null
2019-10-02 20:46:05,572 [fa82d7e9-067a-4022-bdc7-da231d0b6622@group-8E193F3695EA-LeaderElection66] INFO  impl.RoleInfo (RoleInfo.java:shutdownLeaderElection(134)) - fa82d7e9-067a-4022-bdc7-da231d0b6622: shutdown LeaderElection
2019-10-02 20:46:05,573 [fa82d7e9-067a-4022-bdc7-da231d0b6622@group-8E193F3695EA-LeaderElection66] INFO  impl.RaftServerImpl (RaftServerImpl.java:setRole(170)) - fa82d7e9-067a-4022-bdc7-da231d0b6622@group-8E193F3695EA: changes role from CANDIDATE to LEADER at term 1 for changeToLeader
2019-10-02 20:46:05,573 [fa82d7e9-067a-4022-bdc7-da231d0b6622@group-8E193F3695EA-LeaderElection66] INFO  impl.RaftServerImpl (ServerState.java:setLeader(255)) - fa82d7e9-067a-4022-bdc7-da231d0b6622@group-8E193F3695EA: change Leader from null to fa82d7e9-067a-4022-bdc7-da231d0b6622 at term 1 for becomeLeader, leader elected after 5211ms
2019-10-02 20:46:05,573 [fa82d7e9-067a-4022-bdc7-da231d0b6622@group-8E193F3695EA-LeaderElection66] INFO  server.RaftServerConfigKeys (ConfUtils.java:logGet(43)) - raft.server.staging.catchup.gap = 1000 (default)
2019-10-02 20:46:05,573 [fa82d7e9-067a-4022-bdc7-da231d0b6622@group-8E193F3695EA-LeaderElection66] INFO  server.RaftServerConfigKeys (ConfUtils.java:logGet(43)) - raft.server.rpc.sleep.time = 25ms (default)
2019-10-02 20:46:05,573 [fa82d7e9-067a-4022-bdc7-da231d0b6622@group-8E193F3695EA-LeaderElection66] INFO  server.RaftServerConfigKeys (ConfUtils.java:logGet(43)) - raft.server.write.element-limit = 4096 (default)
2019-10-02 20:46:05,573 [fa82d7e9-067a-4022-bdc7-da231d0b6622@group-8E193F3695EA-LeaderElection66] INFO  server.RaftServerConfigKeys (ConfUtils.java:logGet(43)) - raft.server.watch.timeout = 10s (default)
2019-10-02 20:46:05,573 [fa82d7e9-067a-4022-bdc7-da231d0b6622@group-8E193F3695EA-LeaderElection66] INFO  server.RaftServerConfigKeys (ConfUtils.java:logGet(43)) - raft.server.watch.timeout.denomination = 1s (default)
2019-10-02 20:46:05,574 [fa82d7e9-067a-4022-bdc7-da231d0b6622@group-8E193F3695EA-LeaderElection66] INFO  server.RaftServerConfigKeys (ConfUtils.java:logGet(43)) - raft.server.watch.element-limit = 65536 (default)
2019-10-02 20:46:05,575 [fa82d7e9-067a-4022-bdc7-da231d0b6622@group-8E193F3695EA-LeaderElection66] INFO  impl.RoleInfo (RoleInfo.java:updateAndGet(143)) - fa82d7e9-067a-4022-bdc7-da231d0b6622: start LeaderState
2019-10-02 20:46:05,576 [fa82d7e9-067a-4022-bdc7-da231d0b6622@group-8E193F3695EA-LeaderElection66] INFO  segmented.SegmentedRaftLogWorker (SegmentedRaftLogWorker.java:startLogSegment(385)) - fa82d7e9-067a-4022-bdc7-da231d0b6622@group-8E193F3695EA-SegmentedRaftLogWorker: Starting segment from index:0
2019-10-02 20:46:05,576 [fa82d7e9-067a-4022-bdc7-da231d0b6622@group-8E193F3695EA-LeaderElection66] INFO  impl.RaftServerImpl (ServerState.java:setRaftConf(356)) - fa82d7e9-067a-4022-bdc7-da231d0b6622@group-8E193F3695EA: set configuration 0: [fa82d7e9-067a-4022-bdc7-da231d0b6622:192.168.164.206:41963], old=null at 0
2019-10-02 20:46:05,612 [0119a927-1981-48ab-b4c1-93d981264a58@group-E661F3BB6CF6-SegmentedRaftLogWorker] INFO  segmented.SegmentedRaftLogWorker (SegmentedRaftLogWorker.java:execute(574)) - 0119a927-1981-48ab-b4c1-93d981264a58@group-E661F3BB6CF6-SegmentedRaftLogWorker: created new log segment /workdir/hadoop-ozone/integration-test/target/test-dir/MiniOzoneClusterImpl-9cef7e86-6480-4d54-bd6b-d10c3a5bf03e/datanode-5/data/ratis/4375213a-14d8-4b07-9d2e-e661f3bb6cf6/current/log_inprogress_0
2019-10-02 20:46:05,625 [fa82d7e9-067a-4022-bdc7-da231d0b6622@group-8E193F3695EA-SegmentedRaftLogWorker] INFO  segmented.SegmentedRaftLogWorker (SegmentedRaftLogWorker.java:execute(574)) - fa82d7e9-067a-4022-bdc7-da231d0b6622@group-8E193F3695EA-SegmentedRaftLogWorker: created new log segment /workdir/hadoop-ozone/integration-test/target/test-dir/MiniOzoneClusterImpl-9cef7e86-6480-4d54-bd6b-d10c3a5bf03e/datanode-4/data/ratis/969c3020-7b68-4633-8255-8e193f3695ea/current/log_inprogress_0
2019-10-02 20:46:05,646 [Thread-2324] INFO  impl.FollowerState (FollowerState.java:run(108)) - 8c255d15-beac-417a-bf2f-f439b29eb4c8@group-03F91BB5F2FC-FollowerState: change to CANDIDATE, lastRpcTime:5076ms, electionTimeout:5076ms
2019-10-02 20:46:05,646 [Thread-2324] INFO  impl.RoleInfo (RoleInfo.java:shutdownFollowerState(121)) - 8c255d15-beac-417a-bf2f-f439b29eb4c8: shutdown FollowerState
2019-10-02 20:46:05,646 [Thread-2324] INFO  impl.RaftServerImpl (RaftServerImpl.java:setRole(170)) - 8c255d15-beac-417a-bf2f-f439b29eb4c8@group-03F91BB5F2FC: changes role from  FOLLOWER to CANDIDATE at term 0 for changeToCandidate
2019-10-02 20:46:05,647 [Thread-2324] INFO  impl.RoleInfo (RoleInfo.java:updateAndGet(143)) - 8c255d15-beac-417a-bf2f-f439b29eb4c8: start LeaderElection
2019-10-02 20:46:05,670 [Thread-2320] INFO  impl.FollowerState (FollowerState.java:run(108)) - 06d4e385-97d4-4cf0-bf1a-10d2bdcb88d2@group-7DE5D20F355A-FollowerState: change to CANDIDATE, lastRpcTime:5169ms, electionTimeout:5167ms
2019-10-02 20:46:05,670 [Thread-2320] INFO  impl.RoleInfo (RoleInfo.java:shutdownFollowerState(121)) - 06d4e385-97d4-4cf0-bf1a-10d2bdcb88d2: shutdown FollowerState
2019-10-02 20:46:05,670 [Thread-2320] INFO  impl.RaftServerImpl (RaftServerImpl.java:setRole(170)) - 06d4e385-97d4-4cf0-bf1a-10d2bdcb88d2@group-7DE5D20F355A: changes role from  FOLLOWER to CANDIDATE at term 0 for changeToCandidate
2019-10-02 20:46:05,670 [Thread-2320] INFO  impl.RoleInfo (RoleInfo.java:updateAndGet(143)) - 06d4e385-97d4-4cf0-bf1a-10d2bdcb88d2: start LeaderElection
2019-10-02 20:46:05,679 [8c255d15-beac-417a-bf2f-f439b29eb4c8@group-03F91BB5F2FC-LeaderElection67] INFO  impl.LeaderElection (LeaderElection.java:askForVotes(178)) - 8c255d15-beac-417a-bf2f-f439b29eb4c8@group-03F91BB5F2FC-LeaderElection67: begin an election at term 1 for -1: [06d4e385-97d4-4cf0-bf1a-10d2bdcb88d2:192.168.164.206:42376, 8c255d15-beac-417a-bf2f-f439b29eb4c8:192.168.164.206:46592, 0119a927-1981-48ab-b4c1-93d981264a58:192.168.164.206:38279], old=null
2019-10-02 20:46:05,686 [Thread-2383] INFO  client.GrpcClientProtocolService (GrpcClientProtocolService.java:lambda$processClientRequest$0(278)) - Failed RaftClientRequest:client-C863D3B2CB8E->243067d9-1796-4aab-8b65-6e98712d942b@group-CF7CB16F510F, cid=67, seq=0, Watch-ALL_COMMITTED(29), Message:<EMPTY>, reply=RaftClientReply:client-C863D3B2CB8E->243067d9-1796-4aab-8b65-6e98712d942b@group-CF7CB16F510F, cid=67, FAILED org.apache.ratis.protocol.NotReplicatedException: Request with call Id 67 and log index 29 is not yet replicated to ALL_COMMITTED, logIndex=29, commits[243067d9-1796-4aab-8b65-6e98712d942b:c2, df5571b8-72e0-4512-9986-2980712bea17:c2, 7ce65cc5-04b0-4a34-8c63-19f39baaf864:c2]
2019-10-02 20:46:05,686 [Thread-2384] INFO  client.GrpcClientProtocolService (GrpcClientProtocolService.java:lambda$processClientRequest$0(278)) - Failed RaftClientRequest:client-C863D3B2CB8E->243067d9-1796-4aab-8b65-6e98712d942b@group-CF7CB16F510F, cid=68, seq=0, Watch-MAJORITY_COMMITTED(29), Message:<EMPTY>, reply=RaftClientReply:client-C863D3B2CB8E->243067d9-1796-4aab-8b65-6e98712d942b@group-CF7CB16F510F, cid=68, FAILED org.apache.ratis.protocol.NotReplicatedException: Request with call Id 68 and log index 29 is not yet replicated to MAJORITY_COMMITTED, logIndex=29, commits[243067d9-1796-4aab-8b65-6e98712d942b:c2, df5571b8-72e0-4512-9986-2980712bea17:c2, 7ce65cc5-04b0-4a34-8c63-19f39baaf864:c2]
2019-10-02 20:46:05,691 [06d4e385-97d4-4cf0-bf1a-10d2bdcb88d2@group-7DE5D20F355A-LeaderElection68] INFO  impl.LeaderElection (LeaderElection.java:askForVotes(178)) - 06d4e385-97d4-4cf0-bf1a-10d2bdcb88d2@group-7DE5D20F355A-LeaderElection68: begin an election at term 1 for -1: [06d4e385-97d4-4cf0-bf1a-10d2bdcb88d2:192.168.164.206:42376], old=null
2019-10-02 20:46:05,691 [06d4e385-97d4-4cf0-bf1a-10d2bdcb88d2@group-7DE5D20F355A-LeaderElection68] INFO  impl.RoleInfo (RoleInfo.java:shutdownLeaderElection(134)) - 06d4e385-97d4-4cf0-bf1a-10d2bdcb88d2: shutdown LeaderElection
2019-10-02 20:46:05,692 [06d4e385-97d4-4cf0-bf1a-10d2bdcb88d2@group-7DE5D20F355A-LeaderElection68] INFO  impl.RaftServerImpl (RaftServerImpl.java:setRole(170)) - 06d4e385-97d4-4cf0-bf1a-10d2bdcb88d2@group-7DE5D20F355A: changes role from CANDIDATE to LEADER at term 1 for changeToLeader
2019-10-02 20:46:05,692 [06d4e385-97d4-4cf0-bf1a-10d2bdcb88d2@group-7DE5D20F355A-LeaderElection68] INFO  impl.RaftServerImpl (ServerState.java:setLeader(255)) - 06d4e385-97d4-4cf0-bf1a-10d2bdcb88d2@group-7DE5D20F355A: change Leader from null to 06d4e385-97d4-4cf0-bf1a-10d2bdcb88d2 at term 1 for becomeLeader, leader elected after 5198ms
2019-10-02 20:46:05,692 [06d4e385-97d4-4cf0-bf1a-10d2bdcb88d2@group-7DE5D20F355A-LeaderElection68] INFO  server.RaftServerConfigKeys (ConfUtils.java:logGet(43)) - raft.server.staging.catchup.gap = 1000 (default)
2019-10-02 20:46:05,694 [grpc-default-executor-0] INFO  impl.RaftServerImpl (RaftServerImpl.java:setRole(170)) - 06d4e385-97d4-4cf0-bf1a-10d2bdcb88d2@group-03F91BB5F2FC: changes role from  FOLLOWER to FOLLOWER at term 1 for recognizeCandidate:8c255d15-beac-417a-bf2f-f439b29eb4c8
2019-10-02 20:46:05,697 [grpc-default-executor-7] INFO  impl.RaftServerImpl (RaftServerImpl.java:setRole(170)) - 0119a927-1981-48ab-b4c1-93d981264a58@group-03F91BB5F2FC: changes role from  FOLLOWER to FOLLOWER at term 1 for recognizeCandidate:8c255d15-beac-417a-bf2f-f439b29eb4c8
2019-10-02 20:46:05,695 [06d4e385-97d4-4cf0-bf1a-10d2bdcb88d2@group-7DE5D20F355A-LeaderElection68] INFO  server.RaftServerConfigKeys (ConfUtils.java:logGet(43)) - raft.server.rpc.sleep.time = 25ms (default)
2019-10-02 20:46:05,698 [grpc-default-executor-7] INFO  impl.RoleInfo (RoleInfo.java:shutdownFollowerState(121)) - 0119a927-1981-48ab-b4c1-93d981264a58: shutdown FollowerState
2019-10-02 20:46:05,698 [grpc-default-executor-0] INFO  impl.RoleInfo (RoleInfo.java:shutdownFollowerState(121)) - 06d4e385-97d4-4cf0-bf1a-10d2bdcb88d2: shutdown FollowerState
2019-10-02 20:46:05,698 [Thread-2326] INFO  impl.FollowerState (FollowerState.java:run(117)) - 0119a927-1981-48ab-b4c1-93d981264a58@group-03F91BB5F2FC-FollowerState was interrupted: java.lang.InterruptedException: sleep interrupted
2019-10-02 20:46:05,698 [grpc-default-executor-7] INFO  impl.RoleInfo (RoleInfo.java:updateAndGet(143)) - 0119a927-1981-48ab-b4c1-93d981264a58: start FollowerState
2019-10-02 20:46:05,698 [06d4e385-97d4-4cf0-bf1a-10d2bdcb88d2@group-7DE5D20F355A-LeaderElection68] INFO  server.RaftServerConfigKeys (ConfUtils.java:logGet(43)) - raft.server.write.element-limit = 4096 (default)
2019-10-02 20:46:05,701 [Thread-2328] INFO  impl.FollowerState (FollowerState.java:run(117)) - 06d4e385-97d4-4cf0-bf1a-10d2bdcb88d2@group-03F91BB5F2FC-FollowerState was interrupted: java.lang.InterruptedException: sleep interrupted
2019-10-02 20:46:05,698 [grpc-default-executor-0] INFO  impl.RoleInfo (RoleInfo.java:updateAndGet(143)) - 06d4e385-97d4-4cf0-bf1a-10d2bdcb88d2: start FollowerState
2019-10-02 20:46:05,701 [06d4e385-97d4-4cf0-bf1a-10d2bdcb88d2@group-7DE5D20F355A-LeaderElection68] INFO  server.RaftServerConfigKeys (ConfUtils.java:logGet(43)) - raft.server.watch.timeout = 10s (default)
2019-10-02 20:46:05,704 [06d4e385-97d4-4cf0-bf1a-10d2bdcb88d2@group-7DE5D20F355A-LeaderElection68] INFO  server.RaftServerConfigKeys (ConfUtils.java:logGet(43)) - raft.server.watch.timeout.denomination = 1s (default)
2019-10-02 20:46:05,704 [06d4e385-97d4-4cf0-bf1a-10d2bdcb88d2@group-7DE5D20F355A-LeaderElection68] INFO  server.RaftServerConfigKeys (ConfUtils.java:logGet(43)) - raft.server.watch.element-limit = 65536 (default)
2019-10-02 20:46:05,706 [06d4e385-97d4-4cf0-bf1a-10d2bdcb88d2@group-7DE5D20F355A-LeaderElection68] INFO  impl.RoleInfo (RoleInfo.java:updateAndGet(143)) - 06d4e385-97d4-4cf0-bf1a-10d2bdcb88d2: start LeaderState
2019-10-02 20:46:05,706 [06d4e385-97d4-4cf0-bf1a-10d2bdcb88d2@group-7DE5D20F355A-LeaderElection68] INFO  segmented.SegmentedRaftLogWorker (SegmentedRaftLogWorker.java:startLogSegment(385)) - 06d4e385-97d4-4cf0-bf1a-10d2bdcb88d2@group-7DE5D20F355A-SegmentedRaftLogWorker: Starting segment from index:0
2019-10-02 20:46:05,707 [06d4e385-97d4-4cf0-bf1a-10d2bdcb88d2@group-7DE5D20F355A-LeaderElection68] INFO  impl.RaftServerImpl (ServerState.java:setRaftConf(356)) - 06d4e385-97d4-4cf0-bf1a-10d2bdcb88d2@group-7DE5D20F355A: set configuration 0: [06d4e385-97d4-4cf0-bf1a-10d2bdcb88d2:192.168.164.206:42376], old=null at 0
2019-10-02 20:46:05,753 [8c255d15-beac-417a-bf2f-f439b29eb4c8@group-03F91BB5F2FC-LeaderElection67] INFO  impl.LeaderElection (LeaderElection.java:logAndReturn(56)) - 8c255d15-beac-417a-bf2f-f439b29eb4c8@group-03F91BB5F2FC-LeaderElection67: Election PASSED; received 1 response(s) [8c255d15-beac-417a-bf2f-f439b29eb4c8<-06d4e385-97d4-4cf0-bf1a-10d2bdcb88d2#0:OK-t1] and 0 exception(s); 8c255d15-beac-417a-bf2f-f439b29eb4c8@group-03F91BB5F2FC:t1, leader=null, voted=8c255d15-beac-417a-bf2f-f439b29eb4c8, raftlog=8c255d15-beac-417a-bf2f-f439b29eb4c8@group-03F91BB5F2FC-SegmentedRaftLog:OPENED:c-1,f-1,i0, conf=-1: [06d4e385-97d4-4cf0-bf1a-10d2bdcb88d2:192.168.164.206:42376, 8c255d15-beac-417a-bf2f-f439b29eb4c8:192.168.164.206:46592, 0119a927-1981-48ab-b4c1-93d981264a58:192.168.164.206:38279], old=null
2019-10-02 20:46:05,754 [8c255d15-beac-417a-bf2f-f439b29eb4c8@group-03F91BB5F2FC-LeaderElection67] INFO  impl.RoleInfo (RoleInfo.java:shutdownLeaderElection(134)) - 8c255d15-beac-417a-bf2f-f439b29eb4c8: shutdown LeaderElection
2019-10-02 20:46:05,754 [8c255d15-beac-417a-bf2f-f439b29eb4c8@group-03F91BB5F2FC-LeaderElection67] INFO  impl.RaftServerImpl (RaftServerImpl.java:setRole(170)) - 8c255d15-beac-417a-bf2f-f439b29eb4c8@group-03F91BB5F2FC: changes role from CANDIDATE to LEADER at term 1 for changeToLeader
2019-10-02 20:46:05,754 [8c255d15-beac-417a-bf2f-f439b29eb4c8@group-03F91BB5F2FC-LeaderElection67] INFO  impl.RaftServerImpl (ServerState.java:setLeader(255)) - 8c255d15-beac-417a-bf2f-f439b29eb4c8@group-03F91BB5F2FC: change Leader from null to 8c255d15-beac-417a-bf2f-f439b29eb4c8 at term 1 for becomeLeader, leader elected after 5193ms
2019-10-02 20:46:05,754 [8c255d15-beac-417a-bf2f-f439b29eb4c8@group-03F91BB5F2FC-LeaderElection67] INFO  server.RaftServerConfigKeys (ConfUtils.java:logGet(43)) - raft.server.staging.catchup.gap = 1000 (default)
2019-10-02 20:46:05,754 [8c255d15-beac-417a-bf2f-f439b29eb4c8@group-03F91BB5F2FC-LeaderElection67] INFO  server.RaftServerConfigKeys (ConfUtils.java:logGet(43)) - raft.server.rpc.sleep.time = 25ms (default)
2019-10-02 20:46:05,755 [8c255d15-beac-417a-bf2f-f439b29eb4c8@group-03F91BB5F2FC-LeaderElection67] INFO  server.RaftServerConfigKeys (ConfUtils.java:logGet(43)) - raft.server.write.element-limit = 4096 (default)
2019-10-02 20:46:05,755 [8c255d15-beac-417a-bf2f-f439b29eb4c8@group-03F91BB5F2FC-LeaderElection67] INFO  server.RaftServerConfigKeys (ConfUtils.java:logGet(43)) - raft.server.watch.timeout = 10s (default)
2019-10-02 20:46:05,755 [8c255d15-beac-417a-bf2f-f439b29eb4c8@group-03F91BB5F2FC-LeaderElection67] INFO  server.RaftServerConfigKeys (ConfUtils.java:logGet(43)) - raft.server.watch.timeout.denomination = 1s (default)
2019-10-02 20:46:05,755 [8c255d15-beac-417a-bf2f-f439b29eb4c8@group-03F91BB5F2FC-LeaderElection67] INFO  server.RaftServerConfigKeys (ConfUtils.java:logGet(43)) - raft.server.watch.element-limit = 65536 (default)
2019-10-02 20:46:05,758 [8c255d15-beac-417a-bf2f-f439b29eb4c8@group-03F91BB5F2FC-LeaderElection67] INFO  server.RaftServerConfigKeys (ConfUtils.java:logGet(43)) - raft.server.log.appender.snapshot.chunk.size.max = 16MB (=16777216) (default)
2019-10-02 20:46:05,758 [8c255d15-beac-417a-bf2f-f439b29eb4c8@group-03F91BB5F2FC-LeaderElection67] INFO  server.RaftServerConfigKeys (ConfUtils.java:logGet(43)) - raft.server.log.appender.buffer.byte-limit = 33554432 (custom)
2019-10-02 20:46:05,758 [8c255d15-beac-417a-bf2f-f439b29eb4c8@group-03F91BB5F2FC-LeaderElection67] INFO  server.RaftServerConfigKeys (ConfUtils.java:logGet(43)) - raft.server.log.appender.buffer.element-limit = 1 (custom)
2019-10-02 20:46:05,759 [8c255d15-beac-417a-bf2f-f439b29eb4c8@group-03F91BB5F2FC-LeaderElection67] INFO  grpc.GrpcConfigKeys$Server (ConfUtils.java:logGet(43)) - raft.grpc.server.leader.outstanding.appends.max = 128 (default)
2019-10-02 20:46:05,759 [8c255d15-beac-417a-bf2f-f439b29eb4c8@group-03F91BB5F2FC-LeaderElection67] INFO  server.RaftServerConfigKeys (ConfUtils.java:logGet(43)) - raft.server.rpc.request.timeout = 3000ms (default)
2019-10-02 20:46:05,759 [8c255d15-beac-417a-bf2f-f439b29eb4c8@group-03F91BB5F2FC-LeaderElection67] INFO  server.RaftServerConfigKeys (ConfUtils.java:logGet(43)) - raft.server.log.appender.install.snapshot.enabled = false (custom)
2019-10-02 20:46:05,759 [8c255d15-beac-417a-bf2f-f439b29eb4c8@group-03F91BB5F2FC-LeaderElection67] INFO  server.RaftServerConfigKeys (ConfUtils.java:logGet(43)) - raft.server.log.appender.snapshot.chunk.size.max = 16MB (=16777216) (default)
2019-10-02 20:46:05,759 [8c255d15-beac-417a-bf2f-f439b29eb4c8@group-03F91BB5F2FC-LeaderElection67] INFO  server.RaftServerConfigKeys (ConfUtils.java:logGet(43)) - raft.server.log.appender.buffer.byte-limit = 33554432 (custom)
2019-10-02 20:46:05,760 [8c255d15-beac-417a-bf2f-f439b29eb4c8@group-03F91BB5F2FC-LeaderElection67] INFO  server.RaftServerConfigKeys (ConfUtils.java:logGet(43)) - raft.server.log.appender.buffer.element-limit = 1 (custom)
2019-10-02 20:46:05,760 [8c255d15-beac-417a-bf2f-f439b29eb4c8@group-03F91BB5F2FC-LeaderElection67] INFO  grpc.GrpcConfigKeys$Server (ConfUtils.java:logGet(43)) - raft.grpc.server.leader.outstanding.appends.max = 128 (default)
2019-10-02 20:46:05,760 [8c255d15-beac-417a-bf2f-f439b29eb4c8@group-03F91BB5F2FC-LeaderElection67] INFO  server.RaftServerConfigKeys (ConfUtils.java:logGet(43)) - raft.server.rpc.request.timeout = 3000ms (default)
2019-10-02 20:46:05,760 [8c255d15-beac-417a-bf2f-f439b29eb4c8@group-03F91BB5F2FC-LeaderElection67] INFO  server.RaftServerConfigKeys (ConfUtils.java:logGet(43)) - raft.server.log.appender.install.snapshot.enabled = false (custom)
2019-10-02 20:46:05,761 [8c255d15-beac-417a-bf2f-f439b29eb4c8@group-03F91BB5F2FC-LeaderElection67] INFO  impl.RoleInfo (RoleInfo.java:updateAndGet(143)) - 8c255d15-beac-417a-bf2f-f439b29eb4c8: start LeaderState
2019-10-02 20:46:05,761 [8c255d15-beac-417a-bf2f-f439b29eb4c8@group-03F91BB5F2FC-LeaderElection67] INFO  segmented.SegmentedRaftLogWorker (SegmentedRaftLogWorker.java:startLogSegment(385)) - 8c255d15-beac-417a-bf2f-f439b29eb4c8@group-03F91BB5F2FC-SegmentedRaftLogWorker: Starting segment from index:0
2019-10-02 20:46:05,762 [8c255d15-beac-417a-bf2f-f439b29eb4c8@group-03F91BB5F2FC-LeaderElection67] INFO  impl.RaftServerImpl (ServerState.java:setRaftConf(356)) - 8c255d15-beac-417a-bf2f-f439b29eb4c8@group-03F91BB5F2FC: set configuration 0: [06d4e385-97d4-4cf0-bf1a-10d2bdcb88d2:192.168.164.206:42376, 8c255d15-beac-417a-bf2f-f439b29eb4c8:192.168.164.206:46592, 0119a927-1981-48ab-b4c1-93d981264a58:192.168.164.206:38279], old=null at 0
2019-10-02 20:46:05,763 [grpc-default-executor-0] INFO  impl.RaftServerImpl (ServerState.java:setLeader(255)) - 06d4e385-97d4-4cf0-bf1a-10d2bdcb88d2@group-03F91BB5F2FC: change Leader from null to 8c255d15-beac-417a-bf2f-f439b29eb4c8 at term 1 for appendEntries, leader elected after 5202ms
2019-10-02 20:46:05,805 [06d4e385-97d4-4cf0-bf1a-10d2bdcb88d2@group-7DE5D20F355A-SegmentedRaftLogWorker] INFO  segmented.SegmentedRaftLogWorker (SegmentedRaftLogWorker.java:execute(574)) - 06d4e385-97d4-4cf0-bf1a-10d2bdcb88d2@group-7DE5D20F355A-SegmentedRaftLogWorker: created new log segment /workdir/hadoop-ozone/integration-test/target/test-dir/MiniOzoneClusterImpl-9cef7e86-6480-4d54-bd6b-d10c3a5bf03e/datanode-6/data/ratis/79373f83-0eb5-433f-a51c-7de5d20f355a/current/log_inprogress_0
2019-10-02 20:46:05,810 [grpc-default-executor-0] INFO  impl.RaftServerImpl (ServerState.java:setLeader(255)) - 0119a927-1981-48ab-b4c1-93d981264a58@group-03F91BB5F2FC: change Leader from null to 8c255d15-beac-417a-bf2f-f439b29eb4c8 at term 1 for appendEntries, leader elected after 5249ms
2019-10-02 20:46:05,812 [grpc-default-executor-0] INFO  impl.RaftServerImpl (ServerState.java:setRaftConf(356)) - 06d4e385-97d4-4cf0-bf1a-10d2bdcb88d2@group-03F91BB5F2FC: set configuration 0: [06d4e385-97d4-4cf0-bf1a-10d2bdcb88d2:192.168.164.206:42376, 8c255d15-beac-417a-bf2f-f439b29eb4c8:192.168.164.206:46592, 0119a927-1981-48ab-b4c1-93d981264a58:192.168.164.206:38279], old=null at 0
2019-10-02 20:46:05,812 [grpc-default-executor-0] INFO  segmented.SegmentedRaftLogWorker (SegmentedRaftLogWorker.java:startLogSegment(385)) - 06d4e385-97d4-4cf0-bf1a-10d2bdcb88d2@group-03F91BB5F2FC-SegmentedRaftLogWorker: Starting segment from index:0
2019-10-02 20:46:05,813 [grpc-default-executor-7] INFO  impl.RaftServerImpl (ServerState.java:setRaftConf(356)) - 0119a927-1981-48ab-b4c1-93d981264a58@group-03F91BB5F2FC: set configuration 0: [06d4e385-97d4-4cf0-bf1a-10d2bdcb88d2:192.168.164.206:42376, 8c255d15-beac-417a-bf2f-f439b29eb4c8:192.168.164.206:46592, 0119a927-1981-48ab-b4c1-93d981264a58:192.168.164.206:38279], old=null at 0
2019-10-02 20:46:05,813 [grpc-default-executor-7] INFO  segmented.SegmentedRaftLogWorker (SegmentedRaftLogWorker.java:startLogSegment(385)) - 0119a927-1981-48ab-b4c1-93d981264a58@group-03F91BB5F2FC-SegmentedRaftLogWorker: Starting segment from index:0
2019-10-02 20:46:05,818 [8c255d15-beac-417a-bf2f-f439b29eb4c8@group-03F91BB5F2FC-SegmentedRaftLogWorker] INFO  segmented.SegmentedRaftLogWorker (SegmentedRaftLogWorker.java:execute(574)) - 8c255d15-beac-417a-bf2f-f439b29eb4c8@group-03F91BB5F2FC-SegmentedRaftLogWorker: created new log segment /workdir/hadoop-ozone/integration-test/target/test-dir/MiniOzoneClusterImpl-9cef7e86-6480-4d54-bd6b-d10c3a5bf03e/datanode-3/data/ratis/9657c6eb-4454-4099-9aea-03f91bb5f2fc/current/log_inprogress_0
2019-10-02 20:46:05,861 [0119a927-1981-48ab-b4c1-93d981264a58@group-03F91BB5F2FC-SegmentedRaftLogWorker] INFO  segmented.SegmentedRaftLogWorker (SegmentedRaftLogWorker.java:execute(574)) - 0119a927-1981-48ab-b4c1-93d981264a58@group-03F91BB5F2FC-SegmentedRaftLogWorker: created new log segment /workdir/hadoop-ozone/integration-test/target/test-dir/MiniOzoneClusterImpl-9cef7e86-6480-4d54-bd6b-d10c3a5bf03e/datanode-5/data/ratis/9657c6eb-4454-4099-9aea-03f91bb5f2fc/current/log_inprogress_0
2019-10-02 20:46:05,861 [06d4e385-97d4-4cf0-bf1a-10d2bdcb88d2@group-03F91BB5F2FC-SegmentedRaftLogWorker] INFO  segmented.SegmentedRaftLogWorker (SegmentedRaftLogWorker.java:execute(574)) - 06d4e385-97d4-4cf0-bf1a-10d2bdcb88d2@group-03F91BB5F2FC-SegmentedRaftLogWorker: created new log segment /workdir/hadoop-ozone/integration-test/target/test-dir/MiniOzoneClusterImpl-9cef7e86-6480-4d54-bd6b-d10c3a5bf03e/datanode-6/data/ratis/9657c6eb-4454-4099-9aea-03f91bb5f2fc/current/log_inprogress_0
2019-10-02 20:46:05,885 [Datanode State Machine Thread - 0] INFO  statemachine.DatanodeStateMachine (DatanodeStateMachine.java:lambda$startDaemon$0(350)) - Ozone container server started.
2019-10-02 20:46:06,441 [grpc-default-executor-7] WARN  server.GrpcLogAppender (LogUtils.java:warn(134)) - 243067d9-1796-4aab-8b65-6e98712d942b@group-CF7CB16F510F->df5571b8-72e0-4512-9986-2980712bea17-AppendLogResponseHandler: Failed appendEntries: org.apache.ratis.thirdparty.io.grpc.StatusRuntimeException: UNAVAILABLE: io exception
2019-10-02 20:46:06,441 [grpc-default-executor-4] WARN  server.GrpcLogAppender (LogUtils.java:warn(134)) - 243067d9-1796-4aab-8b65-6e98712d942b@group-CF7CB16F510F->7ce65cc5-04b0-4a34-8c63-19f39baaf864-AppendLogResponseHandler: Failed appendEntries: org.apache.ratis.thirdparty.io.grpc.StatusRuntimeException: UNAVAILABLE: io exception
2019-10-02 20:46:06,441 [grpc-default-executor-7] INFO  impl.FollowerInfo (FollowerInfo.java:lambda$new$0(51)) - 243067d9-1796-4aab-8b65-6e98712d942b@group-CF7CB16F510F->df5571b8-72e0-4512-9986-2980712bea17: nextIndex: updateUnconditionally 0 -> 0
2019-10-02 20:46:06,442 [grpc-default-executor-4] INFO  impl.FollowerInfo (FollowerInfo.java:lambda$new$0(51)) - 243067d9-1796-4aab-8b65-6e98712d942b@group-CF7CB16F510F->7ce65cc5-04b0-4a34-8c63-19f39baaf864: nextIndex: updateUnconditionally 0 -> 0
2019-10-02 20:46:08,943 [grpc-default-executor-6] WARN  server.GrpcLogAppender (LogUtils.java:warn(134)) - 243067d9-1796-4aab-8b65-6e98712d942b@group-CF7CB16F510F->7ce65cc5-04b0-4a34-8c63-19f39baaf864-AppendLogResponseHandler: Failed appendEntries: org.apache.ratis.thirdparty.io.grpc.StatusRuntimeException: UNAVAILABLE: io exception
2019-10-02 20:46:08,943 [grpc-default-executor-7] WARN  server.GrpcLogAppender (LogUtils.java:warn(134)) - 243067d9-1796-4aab-8b65-6e98712d942b@group-CF7CB16F510F->df5571b8-72e0-4512-9986-2980712bea17-AppendLogResponseHandler: Failed appendEntries: org.apache.ratis.thirdparty.io.grpc.StatusRuntimeException: UNAVAILABLE: io exception
2019-10-02 20:46:08,943 [grpc-default-executor-6] INFO  impl.FollowerInfo (FollowerInfo.java:lambda$new$0(51)) - 243067d9-1796-4aab-8b65-6e98712d942b@group-CF7CB16F510F->7ce65cc5-04b0-4a34-8c63-19f39baaf864: nextIndex: updateUnconditionally 0 -> 0
2019-10-02 20:46:08,943 [grpc-default-executor-7] INFO  impl.FollowerInfo (FollowerInfo.java:lambda$new$0(51)) - 243067d9-1796-4aab-8b65-6e98712d942b@group-CF7CB16F510F->df5571b8-72e0-4512-9986-2980712bea17: nextIndex: updateUnconditionally 0 -> 0
2019-10-02 20:46:10,760 [EventQueue-StaleNodeForStaleNodeHandler] INFO  node.StaleNodeHandler (StaleNodeHandler.java:onMessage(58)) - Datanode df5571b8-72e0-4512-9986-2980712bea17{ip: 192.168.164.206, host: pr-hdds-2162-pj84x-1708865144, networkLocation: /default-rack, certSerialId: null} moved to stale state. Finalizing its pipelines [PipelineID=5081f135-5cd6-420d-8ea8-cff1e0db3ad5, PipelineID=5ce86b99-2c96-4540-bc36-cf7cb16f510f]
2019-10-02 20:46:10,761 [EventQueue-StaleNodeForStaleNodeHandler] INFO  pipeline.SCMPipelineManager (SCMPipelineManager.java:finalizeAndDestroyPipeline(315)) - destroying pipeline:Pipeline[ Id: 5081f135-5cd6-420d-8ea8-cff1e0db3ad5, Nodes: df5571b8-72e0-4512-9986-2980712bea17{ip: 192.168.164.206, host: pr-hdds-2162-pj84x-1708865144, networkLocation: /default-rack, certSerialId: null}, Type:RATIS, Factor:ONE, State:OPEN]
2019-10-02 20:46:10,762 [EventQueue-StaleNodeForStaleNodeHandler] INFO  pipeline.PipelineStateManager (PipelineStateManager.java:finalizePipeline(123)) - Pipeline Pipeline[ Id: 5081f135-5cd6-420d-8ea8-cff1e0db3ad5, Nodes: df5571b8-72e0-4512-9986-2980712bea17{ip: 192.168.164.206, host: pr-hdds-2162-pj84x-1708865144, networkLocation: /default-rack, certSerialId: null}, Type:RATIS, Factor:ONE, State:CLOSED] moved to CLOSED state
2019-10-02 20:46:10,763 [EventQueue-StaleNodeForStaleNodeHandler] INFO  pipeline.SCMPipelineManager (SCMPipelineManager.java:finalizeAndDestroyPipeline(315)) - destroying pipeline:Pipeline[ Id: 5ce86b99-2c96-4540-bc36-cf7cb16f510f, Nodes: df5571b8-72e0-4512-9986-2980712bea17{ip: 192.168.164.206, host: pr-hdds-2162-pj84x-1708865144, networkLocation: /default-rack, certSerialId: null}7ce65cc5-04b0-4a34-8c63-19f39baaf864{ip: 192.168.164.206, host: pr-hdds-2162-pj84x-1708865144, networkLocation: /default-rack, certSerialId: null}243067d9-1796-4aab-8b65-6e98712d942b{ip: 192.168.164.206, host: pr-hdds-2162-pj84x-1708865144, networkLocation: /default-rack, certSerialId: null}, Type:RATIS, Factor:THREE, State:OPEN]
2019-10-02 20:46:10,763 [EventQueue-StaleNodeForStaleNodeHandler] INFO  pipeline.PipelineStateManager (PipelineStateManager.java:finalizePipeline(123)) - Pipeline Pipeline[ Id: 5ce86b99-2c96-4540-bc36-cf7cb16f510f, Nodes: df5571b8-72e0-4512-9986-2980712bea17{ip: 192.168.164.206, host: pr-hdds-2162-pj84x-1708865144, networkLocation: /default-rack, certSerialId: null}7ce65cc5-04b0-4a34-8c63-19f39baaf864{ip: 192.168.164.206, host: pr-hdds-2162-pj84x-1708865144, networkLocation: /default-rack, certSerialId: null}243067d9-1796-4aab-8b65-6e98712d942b{ip: 192.168.164.206, host: pr-hdds-2162-pj84x-1708865144, networkLocation: /default-rack, certSerialId: null}, Type:RATIS, Factor:THREE, State:CLOSED] moved to CLOSED state
2019-10-02 20:46:10,763 [EventQueue-CloseContainerForCloseContainerEventHandler] INFO  container.CloseContainerEventHandler (CloseContainerEventHandler.java:onMessage(61)) - Close container Event triggered for container : #1
2019-10-02 20:46:10,868 [main] INFO  ozoneimpl.OzoneContainer (OzoneContainer.java:stop(231)) - Attempting to stop container services.
2019-10-02 20:46:10,869 [main] INFO  impl.RaftServerProxy (RaftServerProxy.java:lambda$close$4(314)) - f4a748ca-6ff1-425b-93d7-f3f0b24bfb28: close
2019-10-02 20:46:10,870 [main] INFO  impl.RaftServerImpl (RaftServerImpl.java:lambda$shutdown$3(247)) - f4a748ca-6ff1-425b-93d7-f3f0b24bfb28@group-D2DC9C16E4A1: shutdown
2019-10-02 20:46:10,870 [ForkJoinPool.commonPool-worker-0] INFO  impl.RaftServerImpl (RaftServerImpl.java:lambda$shutdown$3(247)) - f4a748ca-6ff1-425b-93d7-f3f0b24bfb28@group-E8BD524CE975: shutdown
2019-10-02 20:46:10,870 [main] INFO  util.JmxRegister (JmxRegister.java:unregister(73)) - Successfully un-registered JMX Bean with object name Ratis:service=RaftServer,group=group-D2DC9C16E4A1,id=f4a748ca-6ff1-425b-93d7-f3f0b24bfb28
2019-10-02 20:46:10,870 [ForkJoinPool.commonPool-worker-0] INFO  util.JmxRegister (JmxRegister.java:unregister(73)) - Successfully un-registered JMX Bean with object name Ratis:service=RaftServer,group=group-E8BD524CE975,id=f4a748ca-6ff1-425b-93d7-f3f0b24bfb28
2019-10-02 20:46:10,871 [main] INFO  impl.RoleInfo (RoleInfo.java:shutdownFollowerState(121)) - f4a748ca-6ff1-425b-93d7-f3f0b24bfb28: shutdown FollowerState
2019-10-02 20:46:10,871 [ForkJoinPool.commonPool-worker-0] INFO  impl.RoleInfo (RoleInfo.java:shutdownLeaderState(104)) - f4a748ca-6ff1-425b-93d7-f3f0b24bfb28: shutdown LeaderState
2019-10-02 20:46:10,871 [Thread-2362] INFO  impl.FollowerState (FollowerState.java:run(117)) - f4a748ca-6ff1-425b-93d7-f3f0b24bfb28@group-D2DC9C16E4A1-FollowerState was interrupted: java.lang.InterruptedException: sleep interrupted
2019-10-02 20:46:10,871 [main] INFO  impl.StateMachineUpdater (StateMachineUpdater.java:stopAndJoin(136)) - f4a748ca-6ff1-425b-93d7-f3f0b24bfb28@group-D2DC9C16E4A1-StateMachineUpdater: set stopIndex = 2
2019-10-02 20:46:10,872 [ForkJoinPool.commonPool-worker-0] INFO  impl.PendingRequests (PendingRequests.java:sendNotLeaderResponses(202)) - f4a748ca-6ff1-425b-93d7-f3f0b24bfb28@group-E8BD524CE975-PendingRequests: sendNotLeaderResponses
2019-10-02 20:46:10,872 [f4a748ca-6ff1-425b-93d7-f3f0b24bfb28@group-D2DC9C16E4A1-StateMachineUpdater] INFO  ratis.ContainerStateMachine (ContainerStateMachine.java:takeSnapshot(289)) - group-D2DC9C16E4A1: Taking a snapshot at:(t:1, i:1) file /workdir/hadoop-ozone/integration-test/target/test-dir/MiniOzoneClusterImpl-9cef7e86-6480-4d54-bd6b-d10c3a5bf03e/datanode-0/data/ratis/462db6c8-343c-4d63-9a14-d2dc9c16e4a1/sm/snapshot.1_1
2019-10-02 20:46:10,878 [ForkJoinPool.commonPool-worker-0] INFO  impl.StateMachineUpdater (StateMachineUpdater.java:stopAndJoin(136)) - f4a748ca-6ff1-425b-93d7-f3f0b24bfb28@group-E8BD524CE975-StateMachineUpdater: set stopIndex = 0
2019-10-02 20:46:10,878 [ForkJoinPool.commonPool-worker-0] INFO  impl.RaftServerImpl (ServerState.java:close(387)) - f4a748ca-6ff1-425b-93d7-f3f0b24bfb28@group-E8BD524CE975: closes. applyIndex: 0
2019-10-02 20:46:10,879 [f4a748ca-6ff1-425b-93d7-f3f0b24bfb28@group-E8BD524CE975-SegmentedRaftLogWorker] INFO  segmented.SegmentedRaftLogWorker (SegmentedRaftLogWorker.java:run(316)) - f4a748ca-6ff1-425b-93d7-f3f0b24bfb28@group-E8BD524CE975-SegmentedRaftLogWorker was interrupted, exiting. There are 0 tasks remaining in the queue.
2019-10-02 20:46:10,883 [ForkJoinPool.commonPool-worker-0] INFO  segmented.SegmentedRaftLogWorker (SegmentedRaftLogWorker.java:close(224)) - f4a748ca-6ff1-425b-93d7-f3f0b24bfb28@group-E8BD524CE975-SegmentedRaftLogWorker close()
2019-10-02 20:46:10,893 [f4a748ca-6ff1-425b-93d7-f3f0b24bfb28@group-D2DC9C16E4A1-StateMachineUpdater] INFO  ratis.ContainerStateMachine (ContainerStateMachine.java:takeSnapshot(300)) - group-D2DC9C16E4A1: Finished taking a snapshot at:(t:1, i:1) file:/workdir/hadoop-ozone/integration-test/target/test-dir/MiniOzoneClusterImpl-9cef7e86-6480-4d54-bd6b-d10c3a5bf03e/datanode-0/data/ratis/462db6c8-343c-4d63-9a14-d2dc9c16e4a1/sm/snapshot.1_1 time:21
2019-10-02 20:46:10,893 [f4a748ca-6ff1-425b-93d7-f3f0b24bfb28@group-D2DC9C16E4A1-StateMachineUpdater] INFO  impl.StateMachineUpdater (StateMachineUpdater.java:takeSnapshot(269)) - f4a748ca-6ff1-425b-93d7-f3f0b24bfb28@group-D2DC9C16E4A1-StateMachineUpdater: Took a snapshot at index 1
2019-10-02 20:46:10,893 [f4a748ca-6ff1-425b-93d7-f3f0b24bfb28@group-D2DC9C16E4A1-StateMachineUpdater] INFO  impl.StateMachineUpdater (StateMachineUpdater.java:lambda$new$0(84)) - f4a748ca-6ff1-425b-93d7-f3f0b24bfb28@group-D2DC9C16E4A1-StateMachineUpdater: snapshotIndex: updateIncreasingly -1 -> 1
2019-10-02 20:46:10,894 [f4a748ca-6ff1-425b-93d7-f3f0b24bfb28@group-D2DC9C16E4A1-StateMachineUpdater] INFO  ratis.ContainerStateMachine (ContainerStateMachine.java:takeSnapshot(289)) - group-D2DC9C16E4A1: Taking a snapshot at:(t:1, i:1) file /workdir/hadoop-ozone/integration-test/target/test-dir/MiniOzoneClusterImpl-9cef7e86-6480-4d54-bd6b-d10c3a5bf03e/datanode-0/data/ratis/462db6c8-343c-4d63-9a14-d2dc9c16e4a1/sm/snapshot.1_1
2019-10-02 20:46:10,909 [f4a748ca-6ff1-425b-93d7-f3f0b24bfb28@group-D2DC9C16E4A1-StateMachineUpdater] INFO  ratis.ContainerStateMachine (ContainerStateMachine.java:takeSnapshot(300)) - group-D2DC9C16E4A1: Finished taking a snapshot at:(t:1, i:1) file:/workdir/hadoop-ozone/integration-test/target/test-dir/MiniOzoneClusterImpl-9cef7e86-6480-4d54-bd6b-d10c3a5bf03e/datanode-0/data/ratis/462db6c8-343c-4d63-9a14-d2dc9c16e4a1/sm/snapshot.1_1 time:16
2019-10-02 20:46:10,910 [f4a748ca-6ff1-425b-93d7-f3f0b24bfb28@group-D2DC9C16E4A1-StateMachineUpdater] INFO  impl.StateMachineUpdater (StateMachineUpdater.java:takeSnapshot(269)) - f4a748ca-6ff1-425b-93d7-f3f0b24bfb28@group-D2DC9C16E4A1-StateMachineUpdater: Took a snapshot at index 1
2019-10-02 20:46:10,910 [f4a748ca-6ff1-425b-93d7-f3f0b24bfb28@group-D2DC9C16E4A1-StateMachineUpdater] INFO  impl.StateMachineUpdater (StateMachineUpdater.java:lambda$new$0(84)) - f4a748ca-6ff1-425b-93d7-f3f0b24bfb28@group-D2DC9C16E4A1-StateMachineUpdater: snapshotIndex: updateIncreasingly 1 -> 1
2019-10-02 20:46:10,910 [main] INFO  impl.RaftServerImpl (ServerState.java:close(387)) - f4a748ca-6ff1-425b-93d7-f3f0b24bfb28@group-D2DC9C16E4A1: closes. applyIndex: 2
2019-10-02 20:46:10,910 [f4a748ca-6ff1-425b-93d7-f3f0b24bfb28@group-D2DC9C16E4A1-SegmentedRaftLogWorker] INFO  segmented.SegmentedRaftLogWorker (SegmentedRaftLogWorker.java:run(316)) - f4a748ca-6ff1-425b-93d7-f3f0b24bfb28@group-D2DC9C16E4A1-SegmentedRaftLogWorker was interrupted, exiting. There are 0 tasks remaining in the queue.
2019-10-02 20:46:10,914 [main] INFO  segmented.SegmentedRaftLogWorker (SegmentedRaftLogWorker.java:close(224)) - f4a748ca-6ff1-425b-93d7-f3f0b24bfb28@group-D2DC9C16E4A1-SegmentedRaftLogWorker close()
2019-10-02 20:46:10,920 [main] INFO  server.GrpcService (GrpcService.java:closeImpl(164)) - f4a748ca-6ff1-425b-93d7-f3f0b24bfb28: shutdown server with port 34300 now
2019-10-02 20:46:10,922 [grpc-default-executor-1] WARN  server.GrpcServerProtocolService (LogUtils.java:warn(134)) - f4a748ca-6ff1-425b-93d7-f3f0b24bfb28: installSnapshot onError, lastRequest: a1cd4d9c-1a67-4d11-a601-f010683610d4->f4a748ca-6ff1-425b-93d7-f3f0b24bfb28#5-t1, previous=(t:1, i:2), leaderCommit=2, initializing? false, entries: <empty>: org.apache.ratis.thirdparty.io.grpc.StatusRuntimeException: CANCELLED: cancelled before receiving half close
2019-10-02 20:46:10,922 [main] INFO  server.GrpcService (GrpcService.java:closeImpl(172)) - f4a748ca-6ff1-425b-93d7-f3f0b24bfb28: shutdown server with port 34300 successfully
2019-10-02 20:46:10,922 [grpc-default-executor-7] WARN  server.GrpcLogAppender (LogUtils.java:warn(134)) - a1cd4d9c-1a67-4d11-a601-f010683610d4@group-D2DC9C16E4A1->f4a748ca-6ff1-425b-93d7-f3f0b24bfb28-AppendLogResponseHandler: Failed appendEntries: org.apache.ratis.thirdparty.io.grpc.StatusRuntimeException: CANCELLED: HTTP/2 error code: CANCEL
Received Rst Stream
2019-10-02 20:46:10,923 [grpc-default-executor-7] INFO  impl.FollowerInfo (FollowerInfo.java:lambda$new$0(51)) - a1cd4d9c-1a67-4d11-a601-f010683610d4@group-D2DC9C16E4A1->f4a748ca-6ff1-425b-93d7-f3f0b24bfb28: nextIndex: updateUnconditionally 3 -> 2
2019-10-02 20:46:10,925 [refreshUsed-/workdir/hadoop-ozone/integration-test/target/test-dir/MiniOzoneClusterImpl-9cef7e86-6480-4d54-bd6b-d10c3a5bf03e/datanode-0/data/containers] WARN  fs.CachingGetSpaceUsed (CachingGetSpaceUsed.java:run(183)) - Thread Interrupted waiting to refresh disk information: sleep interrupted
2019-10-02 20:46:10,946 [main] INFO  utils.BackgroundService (BackgroundService.java:shutdown(148)) - Shutting down service BlockDeletingService
2019-10-02 20:46:10,955 [main] INFO  statemachine.DatanodeStateMachine (DatanodeStateMachine.java:stopDaemon(395)) - Ozone container server stopped.
2019-10-02 20:46:10,956 [main] INFO  handler.ContextHandler (ContextHandler.java:doStop(910)) - Stopped o.e.j.w.WebAppContext@7ccd611e{/,null,UNAVAILABLE}{/hddsDatanode}
2019-10-02 20:46:10,957 [main] INFO  server.AbstractConnector (AbstractConnector.java:doStop(318)) - Stopped ServerConnector@4dc52559{HTTP/1.1,[http/1.1]}{0.0.0.0:0}
2019-10-02 20:46:10,958 [main] INFO  handler.ContextHandler (ContextHandler.java:doStop(910)) - Stopped o.e.j.s.ServletContextHandler@b1b471{/static,jar:file:/home/user/.m2/repository/org/apache/hadoop/hadoop-hdds-container-service/0.5.0-SNAPSHOT/hadoop-hdds-container-service-0.5.0-SNAPSHOT.jar!/webapps/static,UNAVAILABLE}
2019-10-02 20:46:10,958 [main] INFO  handler.ContextHandler (ContextHandler.java:doStop(910)) - Stopped o.e.j.s.ServletContextHandler@5968800d{/logs,file:///workdir/hadoop-ozone/integration-test/target/log,UNAVAILABLE}
2019-10-02 20:46:10,974 [grpc-default-executor-6] WARN  server.GrpcLogAppender (LogUtils.java:warn(134)) - a1cd4d9c-1a67-4d11-a601-f010683610d4@group-D2DC9C16E4A1->f4a748ca-6ff1-425b-93d7-f3f0b24bfb28-AppendLogResponseHandler: Failed appendEntries: org.apache.ratis.thirdparty.io.grpc.StatusRuntimeException: UNAVAILABLE: io exception
2019-10-02 20:46:10,975 [grpc-default-executor-6] INFO  impl.FollowerInfo (FollowerInfo.java:lambda$new$0(51)) - a1cd4d9c-1a67-4d11-a601-f010683610d4@group-D2DC9C16E4A1->f4a748ca-6ff1-425b-93d7-f3f0b24bfb28: nextIndex: updateUnconditionally 3 -> 2
2019-10-02 20:46:10,986 [grpc-default-executor-7] WARN  server.GrpcLogAppender (LogUtils.java:warn(134)) - a1cd4d9c-1a67-4d11-a601-f010683610d4@group-D2DC9C16E4A1->f4a748ca-6ff1-425b-93d7-f3f0b24bfb28-AppendLogResponseHandler: Failed appendEntries: org.apache.ratis.thirdparty.io.grpc.StatusRuntimeException: UNAVAILABLE: io exception
2019-10-02 20:46:10,987 [grpc-default-executor-7] INFO  impl.FollowerInfo (FollowerInfo.java:lambda$new$0(51)) - a1cd4d9c-1a67-4d11-a601-f010683610d4@group-D2DC9C16E4A1->f4a748ca-6ff1-425b-93d7-f3f0b24bfb28: nextIndex: updateUnconditionally 3 -> 2
2019-10-02 20:46:11,000 [grpc-default-executor-6] WARN  server.GrpcLogAppender (LogUtils.java:warn(134)) - a1cd4d9c-1a67-4d11-a601-f010683610d4@group-D2DC9C16E4A1->f4a748ca-6ff1-425b-93d7-f3f0b24bfb28-AppendLogResponseHandler: Failed appendEntries: org.apache.ratis.thirdparty.io.grpc.StatusRuntimeException: UNAVAILABLE: io exception
2019-10-02 20:46:11,000 [EventQueue-IncrementalContainerReportForIncrementalContainerReportHandler] WARN  container.IncrementalContainerReportHandler (AbstractContainerReportHandler.java:updateContainerState(143)) - Container #1 is in OPEN state, but the datanode a1cd4d9c-1a67-4d11-a601-f010683610d4{ip: 192.168.164.206, host: pr-hdds-2162-pj84x-1708865144, networkLocation: /default-rack, certSerialId: null} reports an CLOSING replica.
2019-10-02 20:46:11,000 [grpc-default-executor-6] INFO  impl.FollowerInfo (FollowerInfo.java:lambda$new$0(51)) - a1cd4d9c-1a67-4d11-a601-f010683610d4@group-D2DC9C16E4A1->f4a748ca-6ff1-425b-93d7-f3f0b24bfb28: nextIndex: updateUnconditionally 3 -> 2
2019-10-02 20:46:11,017 [EventQueue-IncrementalContainerReportForIncrementalContainerReportHandler] WARN  container.IncrementalContainerReportHandler (AbstractContainerReportHandler.java:updateContainerState(143)) - Container #1 is in OPEN state, but the datanode df60df3b-367f-47e6-8a9a-af73cb7f67fe{ip: 192.168.164.206, host: pr-hdds-2162-pj84x-1708865144, networkLocation: /default-rack, certSerialId: null} reports an CLOSING replica.
2019-10-02 20:46:11,043 [RatisApplyTransactionExecutor 1] INFO  interfaces.Container (KeyValueContainer.java:flushAndSyncDB(386)) - Container 1 is synced with bcsId 0.
2019-10-02 20:46:11,073 [RatisApplyTransactionExecutor 1] INFO  interfaces.Container (KeyValueContainer.java:flushAndSyncDB(386)) - Container 1 is synced with bcsId 0.
2019-10-02 20:46:11,082 [RatisApplyTransactionExecutor 1] INFO  interfaces.Container (KeyValueContainer.java:flushAndSyncDB(386)) - Container 1 is synced with bcsId 0.
2019-10-02 20:46:11,082 [RatisApplyTransactionExecutor 1] INFO  interfaces.Container (KeyValueContainer.java:flushAndSyncDB(386)) - Container 1 is synced with bcsId 0.
2019-10-02 20:46:11,096 [RatisApplyTransactionExecutor 1] INFO  interfaces.Container (KeyValueContainer.java:close(335)) - Container 1 is closed with bcsId 0.
2019-10-02 20:46:11,096 [RatisApplyTransactionExecutor 1] INFO  interfaces.Container (KeyValueContainer.java:close(335)) - Container 1 is closed with bcsId 0.
2019-10-02 20:46:11,108 [EventQueue-IncrementalContainerReportForIncrementalContainerReportHandler] WARN  container.IncrementalContainerReportHandler (AbstractContainerReportHandler.java:updateContainerState(143)) - Container #1 is in OPEN state, but the datanode df60df3b-367f-47e6-8a9a-af73cb7f67fe{ip: 192.168.164.206, host: pr-hdds-2162-pj84x-1708865144, networkLocation: /default-rack, certSerialId: null} reports an CLOSED replica.
2019-10-02 20:46:11,108 [EventQueue-IncrementalContainerReportForIncrementalContainerReportHandler] WARN  container.IncrementalContainerReportHandler (AbstractContainerReportHandler.java:updateContainerState(143)) - Container #1 is in OPEN state, but the datanode a1cd4d9c-1a67-4d11-a601-f010683610d4{ip: 192.168.164.206, host: pr-hdds-2162-pj84x-1708865144, networkLocation: /default-rack, certSerialId: null} reports an CLOSED replica.
2019-10-02 20:46:11,442 [grpc-default-executor-1] WARN  server.GrpcLogAppender (LogUtils.java:warn(134)) - 243067d9-1796-4aab-8b65-6e98712d942b@group-CF7CB16F510F->7ce65cc5-04b0-4a34-8c63-19f39baaf864-AppendLogResponseHandler: Failed appendEntries: org.apache.ratis.thirdparty.io.grpc.StatusRuntimeException: UNAVAILABLE: io exception
2019-10-02 20:46:11,443 [grpc-default-executor-0] WARN  server.GrpcLogAppender (LogUtils.java:warn(134)) - 243067d9-1796-4aab-8b65-6e98712d942b@group-CF7CB16F510F->df5571b8-72e0-4512-9986-2980712bea17-AppendLogResponseHandler: Failed appendEntries: org.apache.ratis.thirdparty.io.grpc.StatusRuntimeException: UNAVAILABLE: io exception
2019-10-02 20:46:11,443 [grpc-default-executor-1] INFO  impl.FollowerInfo (FollowerInfo.java:lambda$new$0(51)) - 243067d9-1796-4aab-8b65-6e98712d942b@group-CF7CB16F510F->7ce65cc5-04b0-4a34-8c63-19f39baaf864: nextIndex: updateUnconditionally 0 -> 0
2019-10-02 20:46:11,443 [grpc-default-executor-0] INFO  impl.FollowerInfo (FollowerInfo.java:lambda$new$0(51)) - 243067d9-1796-4aab-8b65-6e98712d942b@group-CF7CB16F510F->df5571b8-72e0-4512-9986-2980712bea17: nextIndex: updateUnconditionally 0 -> 0
2019-10-02 20:46:13,488 [grpc-default-executor-4] WARN  server.GrpcLogAppender (LogUtils.java:warn(134)) - 243067d9-1796-4aab-8b65-6e98712d942b@group-CF7CB16F510F->7ce65cc5-04b0-4a34-8c63-19f39baaf864-AppendLogResponseHandler: Failed appendEntries: org.apache.ratis.thirdparty.io.grpc.StatusRuntimeException: UNAVAILABLE: io exception
2019-10-02 20:46:13,488 [grpc-default-executor-5] WARN  server.GrpcLogAppender (LogUtils.java:warn(134)) - 243067d9-1796-4aab-8b65-6e98712d942b@group-CF7CB16F510F->df5571b8-72e0-4512-9986-2980712bea17-AppendLogResponseHandler: Failed appendEntries: org.apache.ratis.thirdparty.io.grpc.StatusRuntimeException: UNAVAILABLE: io exception
2019-10-02 20:46:13,489 [grpc-default-executor-4] INFO  impl.FollowerInfo (FollowerInfo.java:lambda$new$0(51)) - 243067d9-1796-4aab-8b65-6e98712d942b@group-CF7CB16F510F->7ce65cc5-04b0-4a34-8c63-19f39baaf864: nextIndex: updateUnconditionally 1 -> 0
2019-10-02 20:46:13,489 [grpc-default-executor-5] INFO  impl.FollowerInfo (FollowerInfo.java:lambda$new$0(51)) - 243067d9-1796-4aab-8b65-6e98712d942b@group-CF7CB16F510F->df5571b8-72e0-4512-9986-2980712bea17: nextIndex: updateUnconditionally 1 -> 0
2019-10-02 20:46:13,500 [grpc-default-executor-6] WARN  server.GrpcLogAppender (LogUtils.java:warn(134)) - a1cd4d9c-1a67-4d11-a601-f010683610d4@group-D2DC9C16E4A1->f4a748ca-6ff1-425b-93d7-f3f0b24bfb28-AppendLogResponseHandler: Failed appendEntries: org.apache.ratis.thirdparty.io.grpc.StatusRuntimeException: UNAVAILABLE: io exception
2019-10-02 20:46:13,501 [grpc-default-executor-6] INFO  impl.FollowerInfo (FollowerInfo.java:lambda$new$0(51)) - a1cd4d9c-1a67-4d11-a601-f010683610d4@group-D2DC9C16E4A1->f4a748ca-6ff1-425b-93d7-f3f0b24bfb28: nextIndex: updateUnconditionally 2 -> 1
2019-10-02 20:46:14,142 [main] WARN  scm.XceiverClientRatis (XceiverClientRatis.java:watchForCommit(292)) - 3 way commit failed on pipeline Pipeline[ Id: 462db6c8-343c-4d63-9a14-d2dc9c16e4a1, Nodes: f4a748ca-6ff1-425b-93d7-f3f0b24bfb28{ip: 192.168.164.206, host: pr-hdds-2162-pj84x-1708865144, networkLocation: /default-rack, certSerialId: null}a1cd4d9c-1a67-4d11-a601-f010683610d4{ip: 192.168.164.206, host: pr-hdds-2162-pj84x-1708865144, networkLocation: /default-rack, certSerialId: null}df60df3b-367f-47e6-8a9a-af73cb7f67fe{ip: 192.168.164.206, host: pr-hdds-2162-pj84x-1708865144, networkLocation: /default-rack, certSerialId: null}, Type:RATIS, Factor:THREE, State:OPEN]
java.util.concurrent.TimeoutException
	at java.util.concurrent.CompletableFuture.timedGet(CompletableFuture.java:1771)
	at java.util.concurrent.CompletableFuture.get(CompletableFuture.java:1915)
	at org.apache.hadoop.hdds.scm.XceiverClientRatis.watchForCommit(XceiverClientRatis.java:289)
	at org.apache.hadoop.ozone.client.rpc.TestWatchForCommit.test2WayCommitForTimeoutException(TestWatchForCommit.java:391)
	at sun.reflect.NativeMethodAccessorImpl.invoke0(Native Method)
	at sun.reflect.NativeMethodAccessorImpl.invoke(NativeMethodAccessorImpl.java:62)
	at sun.reflect.DelegatingMethodAccessorImpl.invoke(DelegatingMethodAccessorImpl.java:43)
	at java.lang.reflect.Method.invoke(Method.java:498)
	at org.junit.runners.model.FrameworkMethod$1.runReflectiveCall(FrameworkMethod.java:47)
	at org.junit.internal.runners.model.ReflectiveCallable.run(ReflectiveCallable.java:12)
	at org.junit.runners.model.FrameworkMethod.invokeExplosively(FrameworkMethod.java:44)
	at org.junit.internal.runners.statements.InvokeMethod.evaluate(InvokeMethod.java:17)
	at org.junit.runners.ParentRunner.runLeaf(ParentRunner.java:271)
	at org.junit.runners.BlockJUnit4ClassRunner.runChild(BlockJUnit4ClassRunner.java:70)
	at org.junit.runners.BlockJUnit4ClassRunner.runChild(BlockJUnit4ClassRunner.java:50)
	at org.junit.runners.ParentRunner$3.run(ParentRunner.java:238)
	at org.junit.runners.ParentRunner$1.schedule(ParentRunner.java:63)
	at org.junit.runners.ParentRunner.runChildren(ParentRunner.java:236)
	at org.junit.runners.ParentRunner.access$000(ParentRunner.java:53)
	at org.junit.runners.ParentRunner$2.evaluate(ParentRunner.java:229)
	at org.junit.runners.ParentRunner.run(ParentRunner.java:309)
	at org.apache.maven.surefire.junit4.JUnit4Provider.execute(JUnit4Provider.java:365)
	at org.apache.maven.surefire.junit4.JUnit4Provider.executeWithRerun(JUnit4Provider.java:273)
	at org.apache.maven.surefire.junit4.JUnit4Provider.executeTestSet(JUnit4Provider.java:238)
	at org.apache.maven.surefire.junit4.JUnit4Provider.invoke(JUnit4Provider.java:159)
	at org.apache.maven.surefire.booter.ForkedBooter.invokeProviderInSameClassLoader(ForkedBooter.java:384)
	at org.apache.maven.surefire.booter.ForkedBooter.runSuitesInProcess(ForkedBooter.java:345)
	at org.apache.maven.surefire.booter.ForkedBooter.execute(ForkedBooter.java:126)
	at org.apache.maven.surefire.booter.ForkedBooter.main(ForkedBooter.java:418)
2019-10-02 20:46:15,682 [Thread-2442] INFO  client.GrpcClientProtocolService (GrpcClientProtocolService.java:lambda$processClientRequest$0(278)) - Failed RaftClientRequest:client-C863D3B2CB8E->243067d9-1796-4aab-8b65-6e98712d942b@group-CF7CB16F510F, cid=67, seq=0, Watch-ALL_COMMITTED(29), Message:<EMPTY>, reply=RaftClientReply:client-C863D3B2CB8E->243067d9-1796-4aab-8b65-6e98712d942b@group-CF7CB16F510F, cid=67, FAILED org.apache.ratis.protocol.NotReplicatedException: Request with call Id 67 and log index 29 is not yet replicated to ALL_COMMITTED, logIndex=29, commits[243067d9-1796-4aab-8b65-6e98712d942b:c2, df5571b8-72e0-4512-9986-2980712bea17:c2, 7ce65cc5-04b0-4a34-8c63-19f39baaf864:c2]
2019-10-02 20:46:15,682 [Thread-2443] INFO  client.GrpcClientProtocolService (GrpcClientProtocolService.java:lambda$processClientRequest$0(278)) - Failed RaftClientRequest:client-C863D3B2CB8E->243067d9-1796-4aab-8b65-6e98712d942b@group-CF7CB16F510F, cid=68, seq=0, Watch-MAJORITY_COMMITTED(29), Message:<EMPTY>, reply=RaftClientReply:client-C863D3B2CB8E->243067d9-1796-4aab-8b65-6e98712d942b@group-CF7CB16F510F, cid=68, FAILED org.apache.ratis.protocol.NotReplicatedException: Request with call Id 68 and log index 29 is not yet replicated to MAJORITY_COMMITTED, logIndex=29, commits[243067d9-1796-4aab-8b65-6e98712d942b:c2, df5571b8-72e0-4512-9986-2980712bea17:c2, 7ce65cc5-04b0-4a34-8c63-19f39baaf864:c2]
2019-10-02 20:46:15,989 [grpc-default-executor-4] WARN  server.GrpcLogAppender (LogUtils.java:warn(134)) - 243067d9-1796-4aab-8b65-6e98712d942b@group-CF7CB16F510F->7ce65cc5-04b0-4a34-8c63-19f39baaf864-AppendLogResponseHandler: Failed appendEntries: org.apache.ratis.thirdparty.io.grpc.StatusRuntimeException: UNAVAILABLE: io exception
2019-10-02 20:46:15,989 [grpc-default-executor-7] WARN  server.GrpcLogAppender (LogUtils.java:warn(134)) - 243067d9-1796-4aab-8b65-6e98712d942b@group-CF7CB16F510F->df5571b8-72e0-4512-9986-2980712bea17-AppendLogResponseHandler: Failed appendEntries: org.apache.ratis.thirdparty.io.grpc.StatusRuntimeException: UNAVAILABLE: io exception
2019-10-02 20:46:15,989 [grpc-default-executor-4] INFO  impl.FollowerInfo (FollowerInfo.java:lambda$new$0(51)) - 243067d9-1796-4aab-8b65-6e98712d942b@group-CF7CB16F510F->7ce65cc5-04b0-4a34-8c63-19f39baaf864: nextIndex: updateUnconditionally 0 -> 0
2019-10-02 20:46:15,989 [grpc-default-executor-7] INFO  impl.FollowerInfo (FollowerInfo.java:lambda$new$0(51)) - 243067d9-1796-4aab-8b65-6e98712d942b@group-CF7CB16F510F->df5571b8-72e0-4512-9986-2980712bea17: nextIndex: updateUnconditionally 0 -> 0
2019-10-02 20:46:16,000 [grpc-default-executor-0] WARN  server.GrpcLogAppender (LogUtils.java:warn(134)) - a1cd4d9c-1a67-4d11-a601-f010683610d4@group-D2DC9C16E4A1->f4a748ca-6ff1-425b-93d7-f3f0b24bfb28-AppendLogResponseHandler: Failed appendEntries: org.apache.ratis.thirdparty.io.grpc.StatusRuntimeException: UNAVAILABLE: io exception
2019-10-02 20:46:16,001 [grpc-default-executor-0] INFO  impl.FollowerInfo (FollowerInfo.java:lambda$new$0(51)) - a1cd4d9c-1a67-4d11-a601-f010683610d4@group-D2DC9C16E4A1->f4a748ca-6ff1-425b-93d7-f3f0b24bfb28: nextIndex: updateUnconditionally 1 -> 0
2019-10-02 20:46:16,465 [EventQueue-StaleNodeForStaleNodeHandler] INFO  node.StaleNodeHandler (StaleNodeHandler.java:onMessage(58)) - Datanode 7ce65cc5-04b0-4a34-8c63-19f39baaf864{ip: 192.168.164.206, host: pr-hdds-2162-pj84x-1708865144, networkLocation: /default-rack, certSerialId: null} moved to stale state. Finalizing its pipelines [PipelineID=c112e802-c56e-49f1-aeaf-a0ae3036f34a, PipelineID=5ce86b99-2c96-4540-bc36-cf7cb16f510f]
2019-10-02 20:46:16,466 [EventQueue-StaleNodeForStaleNodeHandler] INFO  pipeline.SCMPipelineManager (SCMPipelineManager.java:finalizeAndDestroyPipeline(315)) - destroying pipeline:Pipeline[ Id: c112e802-c56e-49f1-aeaf-a0ae3036f34a, Nodes: 7ce65cc5-04b0-4a34-8c63-19f39baaf864{ip: 192.168.164.206, host: pr-hdds-2162-pj84x-1708865144, networkLocation: /default-rack, certSerialId: null}, Type:RATIS, Factor:ONE, State:OPEN]
2019-10-02 20:46:16,466 [EventQueue-StaleNodeForStaleNodeHandler] INFO  pipeline.PipelineStateManager (PipelineStateManager.java:finalizePipeline(123)) - Pipeline Pipeline[ Id: c112e802-c56e-49f1-aeaf-a0ae3036f34a, Nodes: 7ce65cc5-04b0-4a34-8c63-19f39baaf864{ip: 192.168.164.206, host: pr-hdds-2162-pj84x-1708865144, networkLocation: /default-rack, certSerialId: null}, Type:RATIS, Factor:ONE, State:CLOSED] moved to CLOSED state
2019-10-02 20:46:16,466 [EventQueue-StaleNodeForStaleNodeHandler] INFO  pipeline.SCMPipelineManager (SCMPipelineManager.java:finalizeAndDestroyPipeline(315)) - destroying pipeline:Pipeline[ Id: 5ce86b99-2c96-4540-bc36-cf7cb16f510f, Nodes: df5571b8-72e0-4512-9986-2980712bea17{ip: 192.168.164.206, host: pr-hdds-2162-pj84x-1708865144, networkLocation: /default-rack, certSerialId: null}7ce65cc5-04b0-4a34-8c63-19f39baaf864{ip: 192.168.164.206, host: pr-hdds-2162-pj84x-1708865144, networkLocation: /default-rack, certSerialId: null}243067d9-1796-4aab-8b65-6e98712d942b{ip: 192.168.164.206, host: pr-hdds-2162-pj84x-1708865144, networkLocation: /default-rack, certSerialId: null}, Type:RATIS, Factor:THREE, State:CLOSED]
]]></system-out>
    <system-err><![CDATA[Oct 02, 2019 8:46:10 PM org.apache.ratis.thirdparty.io.grpc.internal.SerializingExecutor run
SEVERE: Exception while executing runnable org.apache.ratis.thirdparty.io.grpc.internal.ServerImpl$JumpToApplicationThreadServerStreamListener$1Closed@34b41acb
org.apache.ratis.thirdparty.io.grpc.StatusRuntimeException: CANCELLED: call already cancelled
	at org.apache.ratis.thirdparty.io.grpc.Status.asRuntimeException(Status.java:517)
	at org.apache.ratis.thirdparty.io.grpc.stub.ServerCalls$ServerCallStreamObserverImpl.onCompleted(ServerCalls.java:356)
	at org.apache.ratis.grpc.server.GrpcServerProtocolService$ServerRequestStreamObserver.onError(GrpcServerProtocolService.java:121)
	at org.apache.ratis.thirdparty.io.grpc.stub.ServerCalls$StreamingServerCallHandler$StreamingServerCallListener.onCancel(ServerCalls.java:269)
	at org.apache.ratis.thirdparty.io.grpc.internal.ServerCallImpl$ServerStreamListenerImpl.closed(ServerCallImpl.java:293)
	at org.apache.ratis.thirdparty.io.grpc.internal.ServerImpl$JumpToApplicationThreadServerStreamListener$1Closed.runInContext(ServerImpl.java:741)
	at org.apache.ratis.thirdparty.io.grpc.internal.ContextRunnable.run(ContextRunnable.java:37)
	at org.apache.ratis.thirdparty.io.grpc.internal.SerializingExecutor.run(SerializingExecutor.java:123)
	at java.util.concurrent.ThreadPoolExecutor.runWorker(ThreadPoolExecutor.java:1149)
	at java.util.concurrent.ThreadPoolExecutor$Worker.run(ThreadPoolExecutor.java:624)
	at java.lang.Thread.run(Thread.java:748)

]]></system-err>
  </testcase>
</testsuite>