<?xml version="1.0" encoding="UTF-8"?>
<testsuite xmlns:xsi="http://www.w3.org/2001/XMLSchema-instance" xsi:noNamespaceSchemaLocation="https://maven.apache.org/surefire/maven-surefire-plugin/xsd/surefire-test-report.xsd" name="org.apache.hadoop.ozone.client.rpc.TestBlockOutputStreamWithFailures" time="737.925" tests="8" errors="0" skipped="0" failures="1">
  <properties>
    <property name="awt.toolkit" value="sun.awt.X11.XToolkit"/>
    <property name="file.encoding.pkg" value="sun.io"/>
    <property name="java.specification.version" value="1.8"/>
    <property name="sun.cpu.isalist" value=""/>
    <property name="sun.jnu.encoding" value="UTF-8"/>
    <property name="java.class.path" value="/workdir/hadoop-ozone/integration-test/target/test-classes:/workdir/hadoop-ozone/integration-test/target/classes:/home/user/.m2/repository/org/apache/hadoop/hadoop-ozone-common/0.5.0-SNAPSHOT/hadoop-ozone-common-0.5.0-SNAPSHOT.jar:/home/user/.m2/repository/org/apache/commons/commons-compress/1.4.1/commons-compress-1.4.1.jar:/home/user/.m2/repository/org/tukaani/xz/1.0/xz-1.0.jar:/home/user/.m2/repository/org/apache/hadoop/hadoop-common/3.2.0/hadoop-common-3.2.0.jar:/home/user/.m2/repository/org/apache/hadoop/hadoop-hdfs/3.2.0/hadoop-hdfs-3.2.0.jar:/home/user/.m2/repository/org/apache/hadoop/hadoop-hdfs-client/3.2.0/hadoop-hdfs-client-3.2.0.jar:/home/user/.m2/repository/com/fasterxml/jackson/core/jackson-annotations/2.9.9/jackson-annotations-2.9.9.jar:/home/user/.m2/repository/org/apache/hadoop/hadoop-hdds-common/0.5.0-SNAPSHOT/hadoop-hdds-common-0.5.0-SNAPSHOT.jar:/home/user/.m2/repository/javax/annotation/javax.annotation-api/1.2/javax.annotation-api-1.2.jar:/home/user/.m2/repository/org/apache/ratis/ratis-server/0.5.0-201fc85-SNAPSHOT/ratis-server-0.5.0-201fc85-SNAPSHOT.jar:/home/user/.m2/repository/org/apache/ratis/ratis-thirdparty-misc/0.2.0/ratis-thirdparty-misc-0.2.0.jar:/home/user/.m2/repository/org/apache/ratis/ratis-proto/0.5.0-201fc85-SNAPSHOT/ratis-proto-0.5.0-201fc85-SNAPSHOT.jar:/home/user/.m2/repository/org/apache/ratis/ratis-common/0.5.0-201fc85-SNAPSHOT/ratis-common-0.5.0-201fc85-SNAPSHOT.jar:/home/user/.m2/repository/org/apache/ratis/ratis-client/0.5.0-201fc85-SNAPSHOT/ratis-client-0.5.0-201fc85-SNAPSHOT.jar:/home/user/.m2/repository/org/apache/ratis/ratis-metrics/0.5.0-201fc85-SNAPSHOT/ratis-metrics-0.5.0-201fc85-SNAPSHOT.jar:/home/user/.m2/repository/com/github/joshelser/dropwizard-metrics-hadoop-metrics2-reporter/0.1.2/dropwizard-metrics-hadoop-metrics2-reporter-0.1.2.jar:/home/user/.m2/repository/io/dropwizard/metrics/metrics-jvm/3.2.5/metrics-jvm-3.2.5.jar:/home/user/.m2/repository/io/dropwizard/metrics/metrics-ganglia/3.2.5/metrics-ganglia-3.2.5.jar:/home/user/.m2/repository/info/ganglia/gmetric4j/gmetric4j/1.0.7/gmetric4j-1.0.7.jar:/home/user/.m2/repository/org/apache/ratis/ratis-netty/0.5.0-201fc85-SNAPSHOT/ratis-netty-0.5.0-201fc85-SNAPSHOT.jar:/home/user/.m2/repository/org/apache/ratis/ratis-grpc/0.5.0-201fc85-SNAPSHOT/ratis-grpc-0.5.0-201fc85-SNAPSHOT.jar:/home/user/.m2/repository/org/rocksdb/rocksdbjni/6.0.1/rocksdbjni-6.0.1.jar:/home/user/.m2/repository/org/apache/logging/log4j/log4j-api/2.11.0/log4j-api-2.11.0.jar:/home/user/.m2/repository/org/apache/logging/log4j/log4j-core/2.11.0/log4j-core-2.11.0.jar:/home/user/.m2/repository/com/lmax/disruptor/3.4.2/disruptor-3.4.2.jar:/home/user/.m2/repository/org/apache/commons/commons-pool2/2.6.0/commons-pool2-2.6.0.jar:/home/user/.m2/repository/org/bouncycastle/bcpkix-jdk15on/1.60/bcpkix-jdk15on-1.60.jar:/home/user/.m2/repository/commons-validator/commons-validator/1.6/commons-validator-1.6.jar:/home/user/.m2/repository/commons-digester/commons-digester/1.8.1/commons-digester-1.8.1.jar:/home/user/.m2/repository/io/jaegertracing/jaeger-client/0.34.0/jaeger-client-0.34.0.jar:/home/user/.m2/repository/io/jaegertracing/jaeger-thrift/0.34.0/jaeger-thrift-0.34.0.jar:/home/user/.m2/repository/org/apache/thrift/libthrift/0.12.0/libthrift-0.12.0.jar:/home/user/.m2/repository/com/squareup/okhttp3/okhttp/3.9.0/okhttp-3.9.0.jar:/home/user/.m2/repository/com/squareup/okio/okio/1.13.0/okio-1.13.0.jar:/home/user/.m2/repository/io/jaegertracing/jaeger-core/0.34.0/jaeger-core-0.34.0.jar:/home/user/.m2/repository/io/jaegertracing/jaeger-tracerresolver/0.34.0/jaeger-tracerresolver-0.34.0.jar:/home/user/.m2/repository/io/opentracing/contrib/opentracing-tracerresolver/0.1.5/opentracing-tracerresolver-0.1.5.jar:/home/user/.m2/repository/io/opentracing/opentracing-util/0.31.0/opentracing-util-0.31.0.jar:/home/user/.m2/repository/io/opentracing/opentracing-api/0.31.0/opentracing-api-0.31.0.jar:/home/user/.m2/repository/io/opentracing/opentracing-noop/0.31.0/opentracing-noop-0.31.0.jar:/home/user/.m2/repository/org/apache/hadoop/hadoop-hdds-server-framework/0.5.0-SNAPSHOT/hadoop-hdds-server-framework-0.5.0-SNAPSHOT.jar:/home/user/.m2/repository/org/apache/hadoop/hadoop-hdds-container-service/0.5.0-SNAPSHOT/hadoop-hdds-container-service-0.5.0-SNAPSHOT.jar:/home/user/.m2/repository/org/apache/hadoop/hadoop-hdds-client/0.5.0-SNAPSHOT/hadoop-hdds-client-0.5.0-SNAPSHOT.jar:/home/user/.m2/repository/org/apache/hadoop/hadoop-hdds-tools/0.5.0-SNAPSHOT/hadoop-hdds-tools-0.5.0-SNAPSHOT.jar:/home/user/.m2/repository/org/apache/hadoop/hadoop-hdds-server-scm/0.5.0-SNAPSHOT/hadoop-hdds-server-scm-0.5.0-SNAPSHOT.jar:/home/user/.m2/repository/org/apache/hadoop/hadoop-hdds-docs/0.5.0-SNAPSHOT/hadoop-hdds-docs-0.5.0-SNAPSHOT.jar:/home/user/.m2/repository/io/dropwizard/metrics/metrics-core/3.2.4/metrics-core-3.2.4.jar:/home/user/.m2/repository/org/hamcrest/hamcrest-all/1.3/hamcrest-all-1.3.jar:/home/user/.m2/repository/org/bouncycastle/bcprov-jdk15on/1.60/bcprov-jdk15on-1.60.jar:/home/user/.m2/repository/info/picocli/picocli/3.9.6/picocli-3.9.6.jar:/home/user/.m2/repository/com/google/protobuf/protobuf-java/2.5.0/protobuf-java-2.5.0.jar:/home/user/.m2/repository/com/google/guava/guava/11.0.2/guava-11.0.2.jar:/home/user/.m2/repository/org/apache/hadoop/hadoop-ozone-ozone-manager/0.5.0-SNAPSHOT/hadoop-ozone-ozone-manager-0.5.0-SNAPSHOT.jar:/home/user/.m2/repository/org/apache/hadoop/hadoop-minikdc/3.2.0/hadoop-minikdc-3.2.0.jar:/home/user/.m2/repository/commons-io/commons-io/2.5/commons-io-2.5.jar:/home/user/.m2/repository/org/apache/kerby/kerb-simplekdc/1.0.1/kerb-simplekdc-1.0.1.jar:/home/user/.m2/repository/org/apache/kerby/kerb-client/1.0.1/kerb-client-1.0.1.jar:/home/user/.m2/repository/org/apache/kerby/kerby-config/1.0.1/kerby-config-1.0.1.jar:/home/user/.m2/repository/org/apache/kerby/kerb-core/1.0.1/kerb-core-1.0.1.jar:/home/user/.m2/repository/org/apache/kerby/kerby-pkix/1.0.1/kerby-pkix-1.0.1.jar:/home/user/.m2/repository/org/apache/kerby/kerby-asn1/1.0.1/kerby-asn1-1.0.1.jar:/home/user/.m2/repository/org/apache/kerby/kerby-util/1.0.1/kerby-util-1.0.1.jar:/home/user/.m2/repository/org/apache/kerby/kerb-common/1.0.1/kerb-common-1.0.1.jar:/home/user/.m2/repository/org/apache/kerby/kerb-crypto/1.0.1/kerb-crypto-1.0.1.jar:/home/user/.m2/repository/org/apache/kerby/kerb-util/1.0.1/kerb-util-1.0.1.jar:/home/user/.m2/repository/org/apache/kerby/token-provider/1.0.1/token-provider-1.0.1.jar:/home/user/.m2/repository/org/apache/kerby/kerb-admin/1.0.1/kerb-admin-1.0.1.jar:/home/user/.m2/repository/org/apache/kerby/kerb-server/1.0.1/kerb-server-1.0.1.jar:/home/user/.m2/repository/org/apache/kerby/kerb-identity/1.0.1/kerb-identity-1.0.1.jar:/home/user/.m2/repository/org/apache/kerby/kerby-xdr/1.0.1/kerby-xdr-1.0.1.jar:/home/user/.m2/repository/org/slf4j/slf4j-log4j12/1.7.25/slf4j-log4j12-1.7.25.jar:/home/user/.m2/repository/org/apache/hadoop/hadoop-ozone-s3gateway/0.5.0-SNAPSHOT/hadoop-ozone-s3gateway-0.5.0-SNAPSHOT.jar:/home/user/.m2/repository/org/jboss/weld/servlet/weld-servlet/2.4.7.Final/weld-servlet-2.4.7.Final.jar:/home/user/.m2/repository/org/glassfish/jersey/containers/jersey-container-servlet-core/2.27/jersey-container-servlet-core-2.27.jar:/home/user/.m2/repository/org/glassfish/hk2/external/javax.inject/2.5.0-b42/javax.inject-2.5.0-b42.jar:/home/user/.m2/repository/org/glassfish/jersey/core/jersey-common/2.27/jersey-common-2.27.jar:/home/user/.m2/repository/org/glassfish/hk2/osgi-resource-locator/1.0.1/osgi-resource-locator-1.0.1.jar:/home/user/.m2/repository/javax/ws/rs/javax.ws.rs-api/2.1/javax.ws.rs-api-2.1.jar:/home/user/.m2/repository/org/glassfish/jersey/ext/cdi/jersey-cdi1x/2.27/jersey-cdi1x-2.27.jar:/home/user/.m2/repository/org/glassfish/jersey/inject/jersey-hk2/2.27/jersey-hk2-2.27.jar:/home/user/.m2/repository/org/glassfish/hk2/hk2-locator/2.5.0-b42/hk2-locator-2.5.0-b42.jar:/home/user/.m2/repository/org/javassist/javassist/3.22.0-CR2/javassist-3.22.0-CR2.jar:/home/user/.m2/repository/org/glassfish/hk2/hk2-api/2.5.0/hk2-api-2.5.0.jar:/home/user/.m2/repository/org/glassfish/hk2/external/jakarta.inject/2.5.0/jakarta.inject-2.5.0.jar:/home/user/.m2/repository/org/glassfish/hk2/hk2-utils/2.5.0/hk2-utils-2.5.0.jar:/home/user/.m2/repository/jakarta/annotation/jakarta.annotation-api/1.3.4/jakarta.annotation-api-1.3.4.jar:/home/user/.m2/repository/org/glassfish/hk2/external/aopalliance-repackaged/2.5.0/aopalliance-repackaged-2.5.0.jar:/home/user/.m2/repository/com/fasterxml/jackson/dataformat/jackson-dataformat-xml/2.9.0/jackson-dataformat-xml-2.9.0.jar:/home/user/.m2/repository/com/fasterxml/jackson/core/jackson-core/2.9.9/jackson-core-2.9.9.jar:/home/user/.m2/repository/com/fasterxml/jackson/module/jackson-module-jaxb-annotations/2.9.9/jackson-module-jaxb-annotations-2.9.9.jar:/home/user/.m2/repository/javax/enterprise/cdi-api/1.2/cdi-api-1.2.jar:/home/user/.m2/repository/javax/el/javax.el-api/3.0.0/javax.el-api-3.0.0.jar:/home/user/.m2/repository/javax/interceptor/javax.interceptor-api/1.2/javax.interceptor-api-1.2.jar:/home/user/.m2/repository/javax/inject/javax.inject/1/javax.inject-1.jar:/home/user/.m2/repository/com/sun/xml/bind/jaxb-impl/2.3.0.1/jaxb-impl-2.3.0.1.jar:/home/user/.m2/repository/com/sun/xml/bind/jaxb-core/2.3.0.1/jaxb-core-2.3.0.1.jar:/home/user/.m2/repository/javax/xml/bind/jaxb-api/2.3.0/jaxb-api-2.3.0.jar:/home/user/.m2/repository/javax/activation/activation/1.1.1/activation-1.1.1.jar:/home/user/.m2/repository/org/apache/hadoop/hadoop-ozone-csi/0.5.0-SNAPSHOT/hadoop-ozone-csi-0.5.0-SNAPSHOT.jar:/home/user/.m2/repository/com/google/protobuf/protobuf-java-util/3.5.1/protobuf-java-util-3.5.1.jar:/home/user/.m2/repository/org/apache/hadoop/hadoop-hdds-config/0.5.0-SNAPSHOT/hadoop-hdds-config-0.5.0-SNAPSHOT.jar:/home/user/.m2/repository/io/grpc/grpc-netty/1.17.1/grpc-netty-1.17.1.jar:/home/user/.m2/repository/io/grpc/grpc-core/1.17.1/grpc-core-1.17.1.jar:/home/user/.m2/repository/io/grpc/grpc-context/1.17.1/grpc-context-1.17.1.jar:/home/user/.m2/repository/com/google/errorprone/error_prone_annotations/2.2.0/error_prone_annotations-2.2.0.jar:/home/user/.m2/repository/org/codehaus/mojo/animal-sniffer-annotations/1.17/animal-sniffer-annotations-1.17.jar:/home/user/.m2/repository/io/opencensus/opencensus-api/0.17.0/opencensus-api-0.17.0.jar:/home/user/.m2/repository/io/opencensus/opencensus-contrib-grpc-metrics/0.17.0/opencensus-contrib-grpc-metrics-0.17.0.jar:/home/user/.m2/repository/io/netty/netty-codec-http2/4.1.30.Final/netty-codec-http2-4.1.30.Final.jar:/home/user/.m2/repository/io/netty/netty-codec-http/4.1.30.Final/netty-codec-http-4.1.30.Final.jar:/home/user/.m2/repository/io/netty/netty-codec/4.1.30.Final/netty-codec-4.1.30.Final.jar:/home/user/.m2/repository/io/netty/netty-handler/4.1.30.Final/netty-handler-4.1.30.Final.jar:/home/user/.m2/repository/io/netty/netty-handler-proxy/4.1.30.Final/netty-handler-proxy-4.1.30.Final.jar:/home/user/.m2/repository/io/netty/netty-codec-socks/4.1.30.Final/netty-codec-socks-4.1.30.Final.jar:/home/user/.m2/repository/io/netty/netty-transport-native-epoll/4.1.30.Final/netty-transport-native-epoll-4.1.30.Final.jar:/home/user/.m2/repository/io/netty/netty-common/4.1.30.Final/netty-common-4.1.30.Final.jar:/home/user/.m2/repository/io/netty/netty-buffer/4.1.30.Final/netty-buffer-4.1.30.Final.jar:/home/user/.m2/repository/io/netty/netty-transport/4.1.30.Final/netty-transport-4.1.30.Final.jar:/home/user/.m2/repository/io/netty/netty-resolver/4.1.30.Final/netty-resolver-4.1.30.Final.jar:/home/user/.m2/repository/io/netty/netty-transport-native-unix-common/4.1.30.Final/netty-transport-native-unix-common-4.1.30.Final.jar:/home/user/.m2/repository/io/grpc/grpc-protobuf/1.17.1/grpc-protobuf-1.17.1.jar:/home/user/.m2/repository/com/google/api/grpc/proto-google-common-protos/1.0.0/proto-google-common-protos-1.0.0.jar:/home/user/.m2/repository/io/grpc/grpc-protobuf-lite/1.17.1/grpc-protobuf-lite-1.17.1.jar:/home/user/.m2/repository/io/grpc/grpc-stub/1.17.1/grpc-stub-1.17.1.jar:/home/user/.m2/repository/org/apache/hadoop/hadoop-ozone-recon/0.5.0-SNAPSHOT/hadoop-ozone-recon-0.5.0-SNAPSHOT.jar:/home/user/.m2/repository/org/apache/hadoop/hadoop-ozone-reconcodegen/0.5.0-SNAPSHOT/hadoop-ozone-reconcodegen-0.5.0-SNAPSHOT.jar:/home/user/.m2/repository/com/google/inject/extensions/guice-multibindings/4.0/guice-multibindings-4.0.jar:/home/user/.m2/repository/com/google/inject/guice/4.0/guice-4.0.jar:/home/user/.m2/repository/aopalliance/aopalliance/1.0/aopalliance-1.0.jar:/home/user/.m2/repository/com/google/inject/extensions/guice-servlet/4.0/guice-servlet-4.0.jar:/home/user/.m2/repository/org/glassfish/jersey/containers/jersey-container-servlet/2.27/jersey-container-servlet-2.27.jar:/home/user/.m2/repository/org/glassfish/hk2/guice-bridge/2.5.0/guice-bridge-2.5.0.jar:/home/user/.m2/repository/org/glassfish/jersey/core/jersey-server/2.27/jersey-server-2.27.jar:/home/user/.m2/repository/org/glassfish/jersey/core/jersey-client/2.27/jersey-client-2.27.jar:/home/user/.m2/repository/org/glassfish/jersey/media/jersey-media-jaxb/2.27/jersey-media-jaxb-2.27.jar:/home/user/.m2/repository/javax/validation/validation-api/1.1.0.Final/validation-api-1.1.0.Final.jar:/home/user/.m2/repository/org/glassfish/jersey/media/jersey-media-json-jackson/2.27/jersey-media-json-jackson-2.27.jar:/home/user/.m2/repository/org/glassfish/jersey/ext/jersey-entity-filtering/2.27/jersey-entity-filtering-2.27.jar:/home/user/.m2/repository/com/google/inject/extensions/guice-assistedinject/4.0/guice-assistedinject-4.0.jar:/home/user/.m2/repository/org/jooq/jooq/3.11.10/jooq-3.11.10.jar:/home/user/.m2/repository/org/jooq/jooq-meta/3.11.10/jooq-meta-3.11.10.jar:/home/user/.m2/repository/org/jooq/jooq-codegen/3.11.10/jooq-codegen-3.11.10.jar:/home/user/.m2/repository/com/jolbox/bonecp/0.8.0.RELEASE/bonecp-0.8.0.RELEASE.jar:/home/user/.m2/repository/org/xerial/sqlite-jdbc/3.25.2/sqlite-jdbc-3.25.2.jar:/home/user/.m2/repository/org/springframework/spring-jdbc/5.1.3.RELEASE/spring-jdbc-5.1.3.RELEASE.jar:/home/user/.m2/repository/org/springframework/spring-beans/5.1.3.RELEASE/spring-beans-5.1.3.RELEASE.jar:/home/user/.m2/repository/org/springframework/spring-core/5.1.3.RELEASE/spring-core-5.1.3.RELEASE.jar:/home/user/.m2/repository/org/springframework/spring-jcl/5.1.3.RELEASE/spring-jcl-5.1.3.RELEASE.jar:/home/user/.m2/repository/org/springframework/spring-tx/5.1.3.RELEASE/spring-tx-5.1.3.RELEASE.jar:/home/user/.m2/repository/org/apache/hadoop/hadoop-ozone-client/0.5.0-SNAPSHOT/hadoop-ozone-client-0.5.0-SNAPSHOT.jar:/home/user/.m2/repository/commons-lang/commons-lang/2.6/commons-lang-2.6.jar:/home/user/.m2/repository/org/apache/hadoop/hadoop-ozone-ozone-manager/0.5.0-SNAPSHOT/hadoop-ozone-ozone-manager-0.5.0-SNAPSHOT-tests.jar:/home/user/.m2/repository/junit/junit/4.11/junit-4.11.jar:/home/user/.m2/repository/org/hamcrest/hamcrest-core/1.3/hamcrest-core-1.3.jar:/home/user/.m2/repository/org/openjdk/jmh/jmh-core/1.19/jmh-core-1.19.jar:/home/user/.m2/repository/net/sf/jopt-simple/jopt-simple/4.6/jopt-simple-4.6.jar:/home/user/.m2/repository/org/apache/commons/commons-math3/3.1.1/commons-math3-3.1.1.jar:/home/user/.m2/repository/org/openjdk/jmh/jmh-generator-annprocess/1.19/jmh-generator-annprocess-1.19.jar:/home/user/.m2/repository/org/mockito/mockito-all/1.8.5/mockito-all-1.8.5.jar:/home/user/.m2/repository/org/apache/hadoop/hadoop-kms/3.2.0/hadoop-kms-3.2.0.jar:/home/user/.m2/repository/org/apache/hadoop/hadoop-auth/3.2.0/hadoop-auth-3.2.0.jar:/home/user/.m2/repository/com/nimbusds/nimbus-jose-jwt/4.41.1/nimbus-jose-jwt-4.41.1.jar:/home/user/.m2/repository/com/github/stephenc/jcip/jcip-annotations/1.0-1/jcip-annotations-1.0-1.jar:/home/user/.m2/repository/net/minidev/json-smart/2.3/json-smart-2.3.jar:/home/user/.m2/repository/net/minidev/accessors-smart/1.2/accessors-smart-1.2.jar:/home/user/.m2/repository/org/ow2/asm/asm/5.0.4/asm-5.0.4.jar:/home/user/.m2/repository/org/apache/curator/curator-framework/2.12.0/curator-framework-2.12.0.jar:/home/user/.m2/repository/com/sun/jersey/jersey-core/1.19/jersey-core-1.19.jar:/home/user/.m2/repository/javax/ws/rs/jsr311-api/1.1.1/jsr311-api-1.1.1.jar:/home/user/.m2/repository/com/sun/jersey/jersey-server/1.19/jersey-server-1.19.jar:/home/user/.m2/repository/javax/servlet/javax.servlet-api/3.1.0/javax.servlet-api-3.1.0.jar:/home/user/.m2/repository/org/eclipse/jetty/jetty-server/9.3.25.v20180904/jetty-server-9.3.25.v20180904.jar:/home/user/.m2/repository/org/eclipse/jetty/jetty-http/9.3.25.v20180904/jetty-http-9.3.25.v20180904.jar:/home/user/.m2/repository/org/eclipse/jetty/jetty-io/9.3.25.v20180904/jetty-io-9.3.25.v20180904.jar:/home/user/.m2/repository/org/eclipse/jetty/jetty-webapp/9.3.25.v20180904/jetty-webapp-9.3.25.v20180904.jar:/home/user/.m2/repository/org/eclipse/jetty/jetty-xml/9.3.25.v20180904/jetty-xml-9.3.25.v20180904.jar:/home/user/.m2/repository/log4j/log4j/1.2.17/log4j-1.2.17.jar:/home/user/.m2/repository/org/slf4j/slf4j-api/1.7.25/slf4j-api-1.7.25.jar:/home/user/.m2/repository/org/slf4j/jul-to-slf4j/1.7.25/jul-to-slf4j-1.7.25.jar:/home/user/.m2/repository/org/eclipse/jetty/jetty-util/9.3.25.v20180904/jetty-util-9.3.25.v20180904.jar:/home/user/.m2/repository/com/fasterxml/jackson/core/jackson-databind/2.9.9/jackson-databind-2.9.9.jar:/home/user/.m2/repository/org/apache/hadoop/hadoop-kms/3.2.0/hadoop-kms-3.2.0-tests.jar:/home/user/.m2/repository/org/apache/hadoop/hadoop-hdds-server-scm/0.5.0-SNAPSHOT/hadoop-hdds-server-scm-0.5.0-SNAPSHOT-tests.jar:/home/user/.m2/repository/org/apache/hadoop/hadoop-hdds-container-service/0.5.0-SNAPSHOT/hadoop-hdds-container-service-0.5.0-SNAPSHOT-tests.jar:/home/user/.m2/repository/org/yaml/snakeyaml/1.16/snakeyaml-1.16.jar:/home/user/.m2/repository/org/apache/hadoop/hadoop-common/3.2.0/hadoop-common-3.2.0-tests.jar:/home/user/.m2/repository/org/apache/hadoop/hadoop-annotations/3.2.0/hadoop-annotations-3.2.0.jar:/usr/lib/jvm/java-1.8-openjdk/jre/../lib/tools.jar:/home/user/.m2/repository/commons-cli/commons-cli/1.2/commons-cli-1.2.jar:/home/user/.m2/repository/org/apache/httpcomponents/httpclient/4.5.2/httpclient-4.5.2.jar:/home/user/.m2/repository/org/apache/httpcomponents/httpcore/4.4.4/httpcore-4.4.4.jar:/home/user/.m2/repository/commons-codec/commons-codec/1.11/commons-codec-1.11.jar:/home/user/.m2/repository/commons-net/commons-net/3.6/commons-net-3.6.jar:/home/user/.m2/repository/commons-collections/commons-collections/3.2.2/commons-collections-3.2.2.jar:/home/user/.m2/repository/org/eclipse/jetty/jetty-servlet/9.3.25.v20180904/jetty-servlet-9.3.25.v20180904.jar:/home/user/.m2/repository/org/eclipse/jetty/jetty-security/9.3.25.v20180904/jetty-security-9.3.25.v20180904.jar:/home/user/.m2/repository/javax/servlet/jsp/jsp-api/2.1/jsp-api-2.1.jar:/home/user/.m2/repository/com/sun/jersey/jersey-servlet/1.19/jersey-servlet-1.19.jar:/home/user/.m2/repository/com/sun/jersey/jersey-json/1.19/jersey-json-1.19.jar:/home/user/.m2/repository/org/codehaus/jettison/jettison/1.1/jettison-1.1.jar:/home/user/.m2/repository/org/codehaus/jackson/jackson-core-asl/1.9.13/jackson-core-asl-1.9.13.jar:/home/user/.m2/repository/org/codehaus/jackson/jackson-mapper-asl/1.9.13/jackson-mapper-asl-1.9.13.jar:/home/user/.m2/repository/org/codehaus/jackson/jackson-jaxrs/1.9.13/jackson-jaxrs-1.9.13.jar:/home/user/.m2/repository/org/codehaus/jackson/jackson-xc/1.9.13/jackson-xc-1.9.13.jar:/home/user/.m2/repository/commons-logging/commons-logging/1.1.3/commons-logging-1.1.3.jar:/home/user/.m2/repository/commons-beanutils/commons-beanutils/1.9.4/commons-beanutils-1.9.4.jar:/home/user/.m2/repository/org/apache/commons/commons-configuration2/2.1.1/commons-configuration2-2.1.1.jar:/home/user/.m2/repository/org/apache/commons/commons-lang3/3.7/commons-lang3-3.7.jar:/home/user/.m2/repository/org/apache/commons/commons-text/1.4/commons-text-1.4.jar:/home/user/.m2/repository/org/apache/avro/avro/1.7.7/avro-1.7.7.jar:/home/user/.m2/repository/com/thoughtworks/paranamer/paranamer/2.3/paranamer-2.3.jar:/home/user/.m2/repository/org/xerial/snappy/snappy-java/1.0.5/snappy-java-1.0.5.jar:/home/user/.m2/repository/com/google/re2j/re2j/1.1/re2j-1.1.jar:/home/user/.m2/repository/com/google/code/gson/gson/2.2.4/gson-2.2.4.jar:/home/user/.m2/repository/com/jcraft/jsch/0.1.54/jsch-0.1.54.jar:/home/user/.m2/repository/org/apache/curator/curator-client/2.12.0/curator-client-2.12.0.jar:/home/user/.m2/repository/org/apache/curator/curator-recipes/2.12.0/curator-recipes-2.12.0.jar:/home/user/.m2/repository/com/google/code/findbugs/jsr305/3.0.0/jsr305-3.0.0.jar:/home/user/.m2/repository/org/apache/htrace/htrace-core4/4.1.0-incubating/htrace-core4-4.1.0-incubating.jar:/home/user/.m2/repository/org/apache/zookeeper/zookeeper/3.4.13/zookeeper-3.4.13.jar:/home/user/.m2/repository/jline/jline/0.9.94/jline-0.9.94.jar:/home/user/.m2/repository/org/apache/yetus/audience-annotations/0.5.0/audience-annotations-0.5.0.jar:/home/user/.m2/repository/org/codehaus/woodstox/stax2-api/3.1.4/stax2-api-3.1.4.jar:/home/user/.m2/repository/com/fasterxml/woodstox/woodstox-core/5.0.3/woodstox-core-5.0.3.jar:/home/user/.m2/repository/dnsjava/dnsjava/2.1.7/dnsjava-2.1.7.jar:/home/user/.m2/repository/org/apache/hadoop/hadoop-hdfs/3.2.0/hadoop-hdfs-3.2.0-tests.jar:/home/user/.m2/repository/org/eclipse/jetty/jetty-util-ajax/9.3.25.v20180904/jetty-util-ajax-9.3.25.v20180904.jar:/home/user/.m2/repository/commons-daemon/commons-daemon/1.0.13/commons-daemon-1.0.13.jar:/home/user/.m2/repository/io/netty/netty/3.10.5.Final/netty-3.10.5.Final.jar:/home/user/.m2/repository/io/netty/netty-all/4.0.52.Final/netty-all-4.0.52.Final.jar:/home/user/.m2/repository/org/fusesource/leveldbjni/leveldbjni-all/1.8/leveldbjni-all-1.8.jar:"/>
    <property name="java.vm.vendor" value="IcedTea"/>
    <property name="sun.arch.data.model" value="64"/>
    <property name="test.build.dir" value="/workdir/hadoop-ozone/integration-test/target/test-dir"/>
    <property name="test.cache.data" value=""/>
    <property name="java.vendor.url" value="https://icedtea.classpath.org"/>
    <property name="user.timezone" value=""/>
    <property name="java.vm.specification.version" value="1.8"/>
    <property name="os.name" value="Linux"/>
    <property name="test.build.data" value="/workdir/hadoop-ozone/integration-test/target/test-dir"/>
    <property name="user.country" value="US"/>
    <property name="sun.java.launcher" value="SUN_STANDARD"/>
    <property name="sun.boot.library.path" value="/usr/lib/jvm/java-1.8-openjdk/jre/lib/amd64"/>
    <property name="sun.java.command" value="/workdir/hadoop-ozone/integration-test/target/surefire/surefirebooter935955642335616509.jar /workdir/hadoop-ozone/integration-test/target/surefire 2019-10-02T19-56-51_346-jvmRun1 surefire6337122117993614851tmp surefire_651876800537369642341tmp"/>
    <property name="test" value="!TestMiniChaosOzoneCluster"/>
    <property name="surefire.test.class.path" value="/workdir/hadoop-ozone/integration-test/target/test-classes:/workdir/hadoop-ozone/integration-test/target/classes:/home/user/.m2/repository/org/apache/hadoop/hadoop-ozone-common/0.5.0-SNAPSHOT/hadoop-ozone-common-0.5.0-SNAPSHOT.jar:/home/user/.m2/repository/org/apache/commons/commons-compress/1.4.1/commons-compress-1.4.1.jar:/home/user/.m2/repository/org/tukaani/xz/1.0/xz-1.0.jar:/home/user/.m2/repository/org/apache/hadoop/hadoop-common/3.2.0/hadoop-common-3.2.0.jar:/home/user/.m2/repository/org/apache/hadoop/hadoop-hdfs/3.2.0/hadoop-hdfs-3.2.0.jar:/home/user/.m2/repository/org/apache/hadoop/hadoop-hdfs-client/3.2.0/hadoop-hdfs-client-3.2.0.jar:/home/user/.m2/repository/com/fasterxml/jackson/core/jackson-annotations/2.9.9/jackson-annotations-2.9.9.jar:/home/user/.m2/repository/org/apache/hadoop/hadoop-hdds-common/0.5.0-SNAPSHOT/hadoop-hdds-common-0.5.0-SNAPSHOT.jar:/home/user/.m2/repository/javax/annotation/javax.annotation-api/1.2/javax.annotation-api-1.2.jar:/home/user/.m2/repository/org/apache/ratis/ratis-server/0.5.0-201fc85-SNAPSHOT/ratis-server-0.5.0-201fc85-SNAPSHOT.jar:/home/user/.m2/repository/org/apache/ratis/ratis-thirdparty-misc/0.2.0/ratis-thirdparty-misc-0.2.0.jar:/home/user/.m2/repository/org/apache/ratis/ratis-proto/0.5.0-201fc85-SNAPSHOT/ratis-proto-0.5.0-201fc85-SNAPSHOT.jar:/home/user/.m2/repository/org/apache/ratis/ratis-common/0.5.0-201fc85-SNAPSHOT/ratis-common-0.5.0-201fc85-SNAPSHOT.jar:/home/user/.m2/repository/org/apache/ratis/ratis-client/0.5.0-201fc85-SNAPSHOT/ratis-client-0.5.0-201fc85-SNAPSHOT.jar:/home/user/.m2/repository/org/apache/ratis/ratis-metrics/0.5.0-201fc85-SNAPSHOT/ratis-metrics-0.5.0-201fc85-SNAPSHOT.jar:/home/user/.m2/repository/com/github/joshelser/dropwizard-metrics-hadoop-metrics2-reporter/0.1.2/dropwizard-metrics-hadoop-metrics2-reporter-0.1.2.jar:/home/user/.m2/repository/io/dropwizard/metrics/metrics-jvm/3.2.5/metrics-jvm-3.2.5.jar:/home/user/.m2/repository/io/dropwizard/metrics/metrics-ganglia/3.2.5/metrics-ganglia-3.2.5.jar:/home/user/.m2/repository/info/ganglia/gmetric4j/gmetric4j/1.0.7/gmetric4j-1.0.7.jar:/home/user/.m2/repository/org/apache/ratis/ratis-netty/0.5.0-201fc85-SNAPSHOT/ratis-netty-0.5.0-201fc85-SNAPSHOT.jar:/home/user/.m2/repository/org/apache/ratis/ratis-grpc/0.5.0-201fc85-SNAPSHOT/ratis-grpc-0.5.0-201fc85-SNAPSHOT.jar:/home/user/.m2/repository/org/rocksdb/rocksdbjni/6.0.1/rocksdbjni-6.0.1.jar:/home/user/.m2/repository/org/apache/logging/log4j/log4j-api/2.11.0/log4j-api-2.11.0.jar:/home/user/.m2/repository/org/apache/logging/log4j/log4j-core/2.11.0/log4j-core-2.11.0.jar:/home/user/.m2/repository/com/lmax/disruptor/3.4.2/disruptor-3.4.2.jar:/home/user/.m2/repository/org/apache/commons/commons-pool2/2.6.0/commons-pool2-2.6.0.jar:/home/user/.m2/repository/org/bouncycastle/bcpkix-jdk15on/1.60/bcpkix-jdk15on-1.60.jar:/home/user/.m2/repository/commons-validator/commons-validator/1.6/commons-validator-1.6.jar:/home/user/.m2/repository/commons-digester/commons-digester/1.8.1/commons-digester-1.8.1.jar:/home/user/.m2/repository/io/jaegertracing/jaeger-client/0.34.0/jaeger-client-0.34.0.jar:/home/user/.m2/repository/io/jaegertracing/jaeger-thrift/0.34.0/jaeger-thrift-0.34.0.jar:/home/user/.m2/repository/org/apache/thrift/libthrift/0.12.0/libthrift-0.12.0.jar:/home/user/.m2/repository/com/squareup/okhttp3/okhttp/3.9.0/okhttp-3.9.0.jar:/home/user/.m2/repository/com/squareup/okio/okio/1.13.0/okio-1.13.0.jar:/home/user/.m2/repository/io/jaegertracing/jaeger-core/0.34.0/jaeger-core-0.34.0.jar:/home/user/.m2/repository/io/jaegertracing/jaeger-tracerresolver/0.34.0/jaeger-tracerresolver-0.34.0.jar:/home/user/.m2/repository/io/opentracing/contrib/opentracing-tracerresolver/0.1.5/opentracing-tracerresolver-0.1.5.jar:/home/user/.m2/repository/io/opentracing/opentracing-util/0.31.0/opentracing-util-0.31.0.jar:/home/user/.m2/repository/io/opentracing/opentracing-api/0.31.0/opentracing-api-0.31.0.jar:/home/user/.m2/repository/io/opentracing/opentracing-noop/0.31.0/opentracing-noop-0.31.0.jar:/home/user/.m2/repository/org/apache/hadoop/hadoop-hdds-server-framework/0.5.0-SNAPSHOT/hadoop-hdds-server-framework-0.5.0-SNAPSHOT.jar:/home/user/.m2/repository/org/apache/hadoop/hadoop-hdds-container-service/0.5.0-SNAPSHOT/hadoop-hdds-container-service-0.5.0-SNAPSHOT.jar:/home/user/.m2/repository/org/apache/hadoop/hadoop-hdds-client/0.5.0-SNAPSHOT/hadoop-hdds-client-0.5.0-SNAPSHOT.jar:/home/user/.m2/repository/org/apache/hadoop/hadoop-hdds-tools/0.5.0-SNAPSHOT/hadoop-hdds-tools-0.5.0-SNAPSHOT.jar:/home/user/.m2/repository/org/apache/hadoop/hadoop-hdds-server-scm/0.5.0-SNAPSHOT/hadoop-hdds-server-scm-0.5.0-SNAPSHOT.jar:/home/user/.m2/repository/org/apache/hadoop/hadoop-hdds-docs/0.5.0-SNAPSHOT/hadoop-hdds-docs-0.5.0-SNAPSHOT.jar:/home/user/.m2/repository/io/dropwizard/metrics/metrics-core/3.2.4/metrics-core-3.2.4.jar:/home/user/.m2/repository/org/hamcrest/hamcrest-all/1.3/hamcrest-all-1.3.jar:/home/user/.m2/repository/org/bouncycastle/bcprov-jdk15on/1.60/bcprov-jdk15on-1.60.jar:/home/user/.m2/repository/info/picocli/picocli/3.9.6/picocli-3.9.6.jar:/home/user/.m2/repository/com/google/protobuf/protobuf-java/2.5.0/protobuf-java-2.5.0.jar:/home/user/.m2/repository/com/google/guava/guava/11.0.2/guava-11.0.2.jar:/home/user/.m2/repository/org/apache/hadoop/hadoop-ozone-ozone-manager/0.5.0-SNAPSHOT/hadoop-ozone-ozone-manager-0.5.0-SNAPSHOT.jar:/home/user/.m2/repository/org/apache/hadoop/hadoop-minikdc/3.2.0/hadoop-minikdc-3.2.0.jar:/home/user/.m2/repository/commons-io/commons-io/2.5/commons-io-2.5.jar:/home/user/.m2/repository/org/apache/kerby/kerb-simplekdc/1.0.1/kerb-simplekdc-1.0.1.jar:/home/user/.m2/repository/org/apache/kerby/kerb-client/1.0.1/kerb-client-1.0.1.jar:/home/user/.m2/repository/org/apache/kerby/kerby-config/1.0.1/kerby-config-1.0.1.jar:/home/user/.m2/repository/org/apache/kerby/kerb-core/1.0.1/kerb-core-1.0.1.jar:/home/user/.m2/repository/org/apache/kerby/kerby-pkix/1.0.1/kerby-pkix-1.0.1.jar:/home/user/.m2/repository/org/apache/kerby/kerby-asn1/1.0.1/kerby-asn1-1.0.1.jar:/home/user/.m2/repository/org/apache/kerby/kerby-util/1.0.1/kerby-util-1.0.1.jar:/home/user/.m2/repository/org/apache/kerby/kerb-common/1.0.1/kerb-common-1.0.1.jar:/home/user/.m2/repository/org/apache/kerby/kerb-crypto/1.0.1/kerb-crypto-1.0.1.jar:/home/user/.m2/repository/org/apache/kerby/kerb-util/1.0.1/kerb-util-1.0.1.jar:/home/user/.m2/repository/org/apache/kerby/token-provider/1.0.1/token-provider-1.0.1.jar:/home/user/.m2/repository/org/apache/kerby/kerb-admin/1.0.1/kerb-admin-1.0.1.jar:/home/user/.m2/repository/org/apache/kerby/kerb-server/1.0.1/kerb-server-1.0.1.jar:/home/user/.m2/repository/org/apache/kerby/kerb-identity/1.0.1/kerb-identity-1.0.1.jar:/home/user/.m2/repository/org/apache/kerby/kerby-xdr/1.0.1/kerby-xdr-1.0.1.jar:/home/user/.m2/repository/org/slf4j/slf4j-log4j12/1.7.25/slf4j-log4j12-1.7.25.jar:/home/user/.m2/repository/org/apache/hadoop/hadoop-ozone-s3gateway/0.5.0-SNAPSHOT/hadoop-ozone-s3gateway-0.5.0-SNAPSHOT.jar:/home/user/.m2/repository/org/jboss/weld/servlet/weld-servlet/2.4.7.Final/weld-servlet-2.4.7.Final.jar:/home/user/.m2/repository/org/glassfish/jersey/containers/jersey-container-servlet-core/2.27/jersey-container-servlet-core-2.27.jar:/home/user/.m2/repository/org/glassfish/hk2/external/javax.inject/2.5.0-b42/javax.inject-2.5.0-b42.jar:/home/user/.m2/repository/org/glassfish/jersey/core/jersey-common/2.27/jersey-common-2.27.jar:/home/user/.m2/repository/org/glassfish/hk2/osgi-resource-locator/1.0.1/osgi-resource-locator-1.0.1.jar:/home/user/.m2/repository/javax/ws/rs/javax.ws.rs-api/2.1/javax.ws.rs-api-2.1.jar:/home/user/.m2/repository/org/glassfish/jersey/ext/cdi/jersey-cdi1x/2.27/jersey-cdi1x-2.27.jar:/home/user/.m2/repository/org/glassfish/jersey/inject/jersey-hk2/2.27/jersey-hk2-2.27.jar:/home/user/.m2/repository/org/glassfish/hk2/hk2-locator/2.5.0-b42/hk2-locator-2.5.0-b42.jar:/home/user/.m2/repository/org/javassist/javassist/3.22.0-CR2/javassist-3.22.0-CR2.jar:/home/user/.m2/repository/org/glassfish/hk2/hk2-api/2.5.0/hk2-api-2.5.0.jar:/home/user/.m2/repository/org/glassfish/hk2/external/jakarta.inject/2.5.0/jakarta.inject-2.5.0.jar:/home/user/.m2/repository/org/glassfish/hk2/hk2-utils/2.5.0/hk2-utils-2.5.0.jar:/home/user/.m2/repository/jakarta/annotation/jakarta.annotation-api/1.3.4/jakarta.annotation-api-1.3.4.jar:/home/user/.m2/repository/org/glassfish/hk2/external/aopalliance-repackaged/2.5.0/aopalliance-repackaged-2.5.0.jar:/home/user/.m2/repository/com/fasterxml/jackson/dataformat/jackson-dataformat-xml/2.9.0/jackson-dataformat-xml-2.9.0.jar:/home/user/.m2/repository/com/fasterxml/jackson/core/jackson-core/2.9.9/jackson-core-2.9.9.jar:/home/user/.m2/repository/com/fasterxml/jackson/module/jackson-module-jaxb-annotations/2.9.9/jackson-module-jaxb-annotations-2.9.9.jar:/home/user/.m2/repository/javax/enterprise/cdi-api/1.2/cdi-api-1.2.jar:/home/user/.m2/repository/javax/el/javax.el-api/3.0.0/javax.el-api-3.0.0.jar:/home/user/.m2/repository/javax/interceptor/javax.interceptor-api/1.2/javax.interceptor-api-1.2.jar:/home/user/.m2/repository/javax/inject/javax.inject/1/javax.inject-1.jar:/home/user/.m2/repository/com/sun/xml/bind/jaxb-impl/2.3.0.1/jaxb-impl-2.3.0.1.jar:/home/user/.m2/repository/com/sun/xml/bind/jaxb-core/2.3.0.1/jaxb-core-2.3.0.1.jar:/home/user/.m2/repository/javax/xml/bind/jaxb-api/2.3.0/jaxb-api-2.3.0.jar:/home/user/.m2/repository/javax/activation/activation/1.1.1/activation-1.1.1.jar:/home/user/.m2/repository/org/apache/hadoop/hadoop-ozone-csi/0.5.0-SNAPSHOT/hadoop-ozone-csi-0.5.0-SNAPSHOT.jar:/home/user/.m2/repository/com/google/protobuf/protobuf-java-util/3.5.1/protobuf-java-util-3.5.1.jar:/home/user/.m2/repository/org/apache/hadoop/hadoop-hdds-config/0.5.0-SNAPSHOT/hadoop-hdds-config-0.5.0-SNAPSHOT.jar:/home/user/.m2/repository/io/grpc/grpc-netty/1.17.1/grpc-netty-1.17.1.jar:/home/user/.m2/repository/io/grpc/grpc-core/1.17.1/grpc-core-1.17.1.jar:/home/user/.m2/repository/io/grpc/grpc-context/1.17.1/grpc-context-1.17.1.jar:/home/user/.m2/repository/com/google/errorprone/error_prone_annotations/2.2.0/error_prone_annotations-2.2.0.jar:/home/user/.m2/repository/org/codehaus/mojo/animal-sniffer-annotations/1.17/animal-sniffer-annotations-1.17.jar:/home/user/.m2/repository/io/opencensus/opencensus-api/0.17.0/opencensus-api-0.17.0.jar:/home/user/.m2/repository/io/opencensus/opencensus-contrib-grpc-metrics/0.17.0/opencensus-contrib-grpc-metrics-0.17.0.jar:/home/user/.m2/repository/io/netty/netty-codec-http2/4.1.30.Final/netty-codec-http2-4.1.30.Final.jar:/home/user/.m2/repository/io/netty/netty-codec-http/4.1.30.Final/netty-codec-http-4.1.30.Final.jar:/home/user/.m2/repository/io/netty/netty-codec/4.1.30.Final/netty-codec-4.1.30.Final.jar:/home/user/.m2/repository/io/netty/netty-handler/4.1.30.Final/netty-handler-4.1.30.Final.jar:/home/user/.m2/repository/io/netty/netty-handler-proxy/4.1.30.Final/netty-handler-proxy-4.1.30.Final.jar:/home/user/.m2/repository/io/netty/netty-codec-socks/4.1.30.Final/netty-codec-socks-4.1.30.Final.jar:/home/user/.m2/repository/io/netty/netty-transport-native-epoll/4.1.30.Final/netty-transport-native-epoll-4.1.30.Final.jar:/home/user/.m2/repository/io/netty/netty-common/4.1.30.Final/netty-common-4.1.30.Final.jar:/home/user/.m2/repository/io/netty/netty-buffer/4.1.30.Final/netty-buffer-4.1.30.Final.jar:/home/user/.m2/repository/io/netty/netty-transport/4.1.30.Final/netty-transport-4.1.30.Final.jar:/home/user/.m2/repository/io/netty/netty-resolver/4.1.30.Final/netty-resolver-4.1.30.Final.jar:/home/user/.m2/repository/io/netty/netty-transport-native-unix-common/4.1.30.Final/netty-transport-native-unix-common-4.1.30.Final.jar:/home/user/.m2/repository/io/grpc/grpc-protobuf/1.17.1/grpc-protobuf-1.17.1.jar:/home/user/.m2/repository/com/google/api/grpc/proto-google-common-protos/1.0.0/proto-google-common-protos-1.0.0.jar:/home/user/.m2/repository/io/grpc/grpc-protobuf-lite/1.17.1/grpc-protobuf-lite-1.17.1.jar:/home/user/.m2/repository/io/grpc/grpc-stub/1.17.1/grpc-stub-1.17.1.jar:/home/user/.m2/repository/org/apache/hadoop/hadoop-ozone-recon/0.5.0-SNAPSHOT/hadoop-ozone-recon-0.5.0-SNAPSHOT.jar:/home/user/.m2/repository/org/apache/hadoop/hadoop-ozone-reconcodegen/0.5.0-SNAPSHOT/hadoop-ozone-reconcodegen-0.5.0-SNAPSHOT.jar:/home/user/.m2/repository/com/google/inject/extensions/guice-multibindings/4.0/guice-multibindings-4.0.jar:/home/user/.m2/repository/com/google/inject/guice/4.0/guice-4.0.jar:/home/user/.m2/repository/aopalliance/aopalliance/1.0/aopalliance-1.0.jar:/home/user/.m2/repository/com/google/inject/extensions/guice-servlet/4.0/guice-servlet-4.0.jar:/home/user/.m2/repository/org/glassfish/jersey/containers/jersey-container-servlet/2.27/jersey-container-servlet-2.27.jar:/home/user/.m2/repository/org/glassfish/hk2/guice-bridge/2.5.0/guice-bridge-2.5.0.jar:/home/user/.m2/repository/org/glassfish/jersey/core/jersey-server/2.27/jersey-server-2.27.jar:/home/user/.m2/repository/org/glassfish/jersey/core/jersey-client/2.27/jersey-client-2.27.jar:/home/user/.m2/repository/org/glassfish/jersey/media/jersey-media-jaxb/2.27/jersey-media-jaxb-2.27.jar:/home/user/.m2/repository/javax/validation/validation-api/1.1.0.Final/validation-api-1.1.0.Final.jar:/home/user/.m2/repository/org/glassfish/jersey/media/jersey-media-json-jackson/2.27/jersey-media-json-jackson-2.27.jar:/home/user/.m2/repository/org/glassfish/jersey/ext/jersey-entity-filtering/2.27/jersey-entity-filtering-2.27.jar:/home/user/.m2/repository/com/google/inject/extensions/guice-assistedinject/4.0/guice-assistedinject-4.0.jar:/home/user/.m2/repository/org/jooq/jooq/3.11.10/jooq-3.11.10.jar:/home/user/.m2/repository/org/jooq/jooq-meta/3.11.10/jooq-meta-3.11.10.jar:/home/user/.m2/repository/org/jooq/jooq-codegen/3.11.10/jooq-codegen-3.11.10.jar:/home/user/.m2/repository/com/jolbox/bonecp/0.8.0.RELEASE/bonecp-0.8.0.RELEASE.jar:/home/user/.m2/repository/org/xerial/sqlite-jdbc/3.25.2/sqlite-jdbc-3.25.2.jar:/home/user/.m2/repository/org/springframework/spring-jdbc/5.1.3.RELEASE/spring-jdbc-5.1.3.RELEASE.jar:/home/user/.m2/repository/org/springframework/spring-beans/5.1.3.RELEASE/spring-beans-5.1.3.RELEASE.jar:/home/user/.m2/repository/org/springframework/spring-core/5.1.3.RELEASE/spring-core-5.1.3.RELEASE.jar:/home/user/.m2/repository/org/springframework/spring-jcl/5.1.3.RELEASE/spring-jcl-5.1.3.RELEASE.jar:/home/user/.m2/repository/org/springframework/spring-tx/5.1.3.RELEASE/spring-tx-5.1.3.RELEASE.jar:/home/user/.m2/repository/org/apache/hadoop/hadoop-ozone-client/0.5.0-SNAPSHOT/hadoop-ozone-client-0.5.0-SNAPSHOT.jar:/home/user/.m2/repository/commons-lang/commons-lang/2.6/commons-lang-2.6.jar:/home/user/.m2/repository/org/apache/hadoop/hadoop-ozone-ozone-manager/0.5.0-SNAPSHOT/hadoop-ozone-ozone-manager-0.5.0-SNAPSHOT-tests.jar:/home/user/.m2/repository/junit/junit/4.11/junit-4.11.jar:/home/user/.m2/repository/org/hamcrest/hamcrest-core/1.3/hamcrest-core-1.3.jar:/home/user/.m2/repository/org/openjdk/jmh/jmh-core/1.19/jmh-core-1.19.jar:/home/user/.m2/repository/net/sf/jopt-simple/jopt-simple/4.6/jopt-simple-4.6.jar:/home/user/.m2/repository/org/apache/commons/commons-math3/3.1.1/commons-math3-3.1.1.jar:/home/user/.m2/repository/org/openjdk/jmh/jmh-generator-annprocess/1.19/jmh-generator-annprocess-1.19.jar:/home/user/.m2/repository/org/mockito/mockito-all/1.8.5/mockito-all-1.8.5.jar:/home/user/.m2/repository/org/apache/hadoop/hadoop-kms/3.2.0/hadoop-kms-3.2.0.jar:/home/user/.m2/repository/org/apache/hadoop/hadoop-auth/3.2.0/hadoop-auth-3.2.0.jar:/home/user/.m2/repository/com/nimbusds/nimbus-jose-jwt/4.41.1/nimbus-jose-jwt-4.41.1.jar:/home/user/.m2/repository/com/github/stephenc/jcip/jcip-annotations/1.0-1/jcip-annotations-1.0-1.jar:/home/user/.m2/repository/net/minidev/json-smart/2.3/json-smart-2.3.jar:/home/user/.m2/repository/net/minidev/accessors-smart/1.2/accessors-smart-1.2.jar:/home/user/.m2/repository/org/ow2/asm/asm/5.0.4/asm-5.0.4.jar:/home/user/.m2/repository/org/apache/curator/curator-framework/2.12.0/curator-framework-2.12.0.jar:/home/user/.m2/repository/com/sun/jersey/jersey-core/1.19/jersey-core-1.19.jar:/home/user/.m2/repository/javax/ws/rs/jsr311-api/1.1.1/jsr311-api-1.1.1.jar:/home/user/.m2/repository/com/sun/jersey/jersey-server/1.19/jersey-server-1.19.jar:/home/user/.m2/repository/javax/servlet/javax.servlet-api/3.1.0/javax.servlet-api-3.1.0.jar:/home/user/.m2/repository/org/eclipse/jetty/jetty-server/9.3.25.v20180904/jetty-server-9.3.25.v20180904.jar:/home/user/.m2/repository/org/eclipse/jetty/jetty-http/9.3.25.v20180904/jetty-http-9.3.25.v20180904.jar:/home/user/.m2/repository/org/eclipse/jetty/jetty-io/9.3.25.v20180904/jetty-io-9.3.25.v20180904.jar:/home/user/.m2/repository/org/eclipse/jetty/jetty-webapp/9.3.25.v20180904/jetty-webapp-9.3.25.v20180904.jar:/home/user/.m2/repository/org/eclipse/jetty/jetty-xml/9.3.25.v20180904/jetty-xml-9.3.25.v20180904.jar:/home/user/.m2/repository/log4j/log4j/1.2.17/log4j-1.2.17.jar:/home/user/.m2/repository/org/slf4j/slf4j-api/1.7.25/slf4j-api-1.7.25.jar:/home/user/.m2/repository/org/slf4j/jul-to-slf4j/1.7.25/jul-to-slf4j-1.7.25.jar:/home/user/.m2/repository/org/eclipse/jetty/jetty-util/9.3.25.v20180904/jetty-util-9.3.25.v20180904.jar:/home/user/.m2/repository/com/fasterxml/jackson/core/jackson-databind/2.9.9/jackson-databind-2.9.9.jar:/home/user/.m2/repository/org/apache/hadoop/hadoop-kms/3.2.0/hadoop-kms-3.2.0-tests.jar:/home/user/.m2/repository/org/apache/hadoop/hadoop-hdds-server-scm/0.5.0-SNAPSHOT/hadoop-hdds-server-scm-0.5.0-SNAPSHOT-tests.jar:/home/user/.m2/repository/org/apache/hadoop/hadoop-hdds-container-service/0.5.0-SNAPSHOT/hadoop-hdds-container-service-0.5.0-SNAPSHOT-tests.jar:/home/user/.m2/repository/org/yaml/snakeyaml/1.16/snakeyaml-1.16.jar:/home/user/.m2/repository/org/apache/hadoop/hadoop-common/3.2.0/hadoop-common-3.2.0-tests.jar:/home/user/.m2/repository/org/apache/hadoop/hadoop-annotations/3.2.0/hadoop-annotations-3.2.0.jar:/usr/lib/jvm/java-1.8-openjdk/jre/../lib/tools.jar:/home/user/.m2/repository/commons-cli/commons-cli/1.2/commons-cli-1.2.jar:/home/user/.m2/repository/org/apache/httpcomponents/httpclient/4.5.2/httpclient-4.5.2.jar:/home/user/.m2/repository/org/apache/httpcomponents/httpcore/4.4.4/httpcore-4.4.4.jar:/home/user/.m2/repository/commons-codec/commons-codec/1.11/commons-codec-1.11.jar:/home/user/.m2/repository/commons-net/commons-net/3.6/commons-net-3.6.jar:/home/user/.m2/repository/commons-collections/commons-collections/3.2.2/commons-collections-3.2.2.jar:/home/user/.m2/repository/org/eclipse/jetty/jetty-servlet/9.3.25.v20180904/jetty-servlet-9.3.25.v20180904.jar:/home/user/.m2/repository/org/eclipse/jetty/jetty-security/9.3.25.v20180904/jetty-security-9.3.25.v20180904.jar:/home/user/.m2/repository/javax/servlet/jsp/jsp-api/2.1/jsp-api-2.1.jar:/home/user/.m2/repository/com/sun/jersey/jersey-servlet/1.19/jersey-servlet-1.19.jar:/home/user/.m2/repository/com/sun/jersey/jersey-json/1.19/jersey-json-1.19.jar:/home/user/.m2/repository/org/codehaus/jettison/jettison/1.1/jettison-1.1.jar:/home/user/.m2/repository/org/codehaus/jackson/jackson-core-asl/1.9.13/jackson-core-asl-1.9.13.jar:/home/user/.m2/repository/org/codehaus/jackson/jackson-mapper-asl/1.9.13/jackson-mapper-asl-1.9.13.jar:/home/user/.m2/repository/org/codehaus/jackson/jackson-jaxrs/1.9.13/jackson-jaxrs-1.9.13.jar:/home/user/.m2/repository/org/codehaus/jackson/jackson-xc/1.9.13/jackson-xc-1.9.13.jar:/home/user/.m2/repository/commons-logging/commons-logging/1.1.3/commons-logging-1.1.3.jar:/home/user/.m2/repository/commons-beanutils/commons-beanutils/1.9.4/commons-beanutils-1.9.4.jar:/home/user/.m2/repository/org/apache/commons/commons-configuration2/2.1.1/commons-configuration2-2.1.1.jar:/home/user/.m2/repository/org/apache/commons/commons-lang3/3.7/commons-lang3-3.7.jar:/home/user/.m2/repository/org/apache/commons/commons-text/1.4/commons-text-1.4.jar:/home/user/.m2/repository/org/apache/avro/avro/1.7.7/avro-1.7.7.jar:/home/user/.m2/repository/com/thoughtworks/paranamer/paranamer/2.3/paranamer-2.3.jar:/home/user/.m2/repository/org/xerial/snappy/snappy-java/1.0.5/snappy-java-1.0.5.jar:/home/user/.m2/repository/com/google/re2j/re2j/1.1/re2j-1.1.jar:/home/user/.m2/repository/com/google/code/gson/gson/2.2.4/gson-2.2.4.jar:/home/user/.m2/repository/com/jcraft/jsch/0.1.54/jsch-0.1.54.jar:/home/user/.m2/repository/org/apache/curator/curator-client/2.12.0/curator-client-2.12.0.jar:/home/user/.m2/repository/org/apache/curator/curator-recipes/2.12.0/curator-recipes-2.12.0.jar:/home/user/.m2/repository/com/google/code/findbugs/jsr305/3.0.0/jsr305-3.0.0.jar:/home/user/.m2/repository/org/apache/htrace/htrace-core4/4.1.0-incubating/htrace-core4-4.1.0-incubating.jar:/home/user/.m2/repository/org/apache/zookeeper/zookeeper/3.4.13/zookeeper-3.4.13.jar:/home/user/.m2/repository/jline/jline/0.9.94/jline-0.9.94.jar:/home/user/.m2/repository/org/apache/yetus/audience-annotations/0.5.0/audience-annotations-0.5.0.jar:/home/user/.m2/repository/org/codehaus/woodstox/stax2-api/3.1.4/stax2-api-3.1.4.jar:/home/user/.m2/repository/com/fasterxml/woodstox/woodstox-core/5.0.3/woodstox-core-5.0.3.jar:/home/user/.m2/repository/dnsjava/dnsjava/2.1.7/dnsjava-2.1.7.jar:/home/user/.m2/repository/org/apache/hadoop/hadoop-hdfs/3.2.0/hadoop-hdfs-3.2.0-tests.jar:/home/user/.m2/repository/org/eclipse/jetty/jetty-util-ajax/9.3.25.v20180904/jetty-util-ajax-9.3.25.v20180904.jar:/home/user/.m2/repository/commons-daemon/commons-daemon/1.0.13/commons-daemon-1.0.13.jar:/home/user/.m2/repository/io/netty/netty/3.10.5.Final/netty-3.10.5.Final.jar:/home/user/.m2/repository/io/netty/netty-all/4.0.52.Final/netty-all-4.0.52.Final.jar:/home/user/.m2/repository/org/fusesource/leveldbjni/leveldbjni-all/1.8/leveldbjni-all-1.8.jar:"/>
    <property name="sun.cpu.endian" value="little"/>
    <property name="user.home" value="/home/user"/>
    <property name="user.language" value="en"/>
    <property name="java.specification.vendor" value="Oracle Corporation"/>
    <property name="java.home" value="/usr/lib/jvm/java-1.8-openjdk/jre"/>
    <property name="java.security.krb5.conf" value="/workdir/hadoop-ozone/integration-test/target/test-classes/krb5.conf"/>
    <property name="basedir" value="/workdir/hadoop-ozone/integration-test"/>
    <property name="file.separator" value="/"/>
    <property name="line.separator" value="&#10;"/>
    <property name="java.vm.specification.vendor" value="Oracle Corporation"/>
    <property name="java.specification.name" value="Java Platform API Specification"/>
    <property name="java.awt.graphicsenv" value="sun.awt.X11GraphicsEnvironment"/>
    <property name="surefire.real.class.path" value="/workdir/hadoop-ozone/integration-test/target/surefire/surefirebooter935955642335616509.jar"/>
    <property name="hadoop.log.dir" value="/workdir/hadoop-ozone/integration-test/target/log"/>
    <property name="sun.boot.class.path" value="/usr/lib/jvm/java-1.8-openjdk/jre/lib/resources.jar:/usr/lib/jvm/java-1.8-openjdk/jre/lib/rt.jar:/usr/lib/jvm/java-1.8-openjdk/jre/lib/sunrsasign.jar:/usr/lib/jvm/java-1.8-openjdk/jre/lib/jsse.jar:/usr/lib/jvm/java-1.8-openjdk/jre/lib/jce.jar:/usr/lib/jvm/java-1.8-openjdk/jre/lib/charsets.jar:/usr/lib/jvm/java-1.8-openjdk/jre/lib/jfr.jar:/usr/lib/jvm/java-1.8-openjdk/jre/classes"/>
    <property name="sun.management.compiler" value="HotSpot 64-Bit Tiered Compilers"/>
    <property name="java.runtime.version" value="1.8.0_212-b04"/>
    <property name="java.net.preferIPv4Stack" value="true"/>
    <property name="user.name" value="jenkins1000"/>
    <property name="path.separator" value=":"/>
    <property name="java.security.egd" value="file:///dev/urandom"/>
    <property name="os.version" value="3.10.0-957.12.2.el7.x86_64"/>
    <property name="java.endorsed.dirs" value="/usr/lib/jvm/java-1.8-openjdk/jre/lib/endorsed"/>
    <property name="java.runtime.name" value="OpenJDK Runtime Environment"/>
    <property name="file.encoding" value="UTF-8"/>
    <property name="java.vm.name" value="OpenJDK 64-Bit Server VM"/>
    <property name="test.build.webapps" value=""/>
    <property name="localRepository" value="/home/user/.m2/repository"/>
    <property name="java.vendor.url.bug" value="https://icedtea.classpath.org/bugzilla"/>
    <property name="java.io.tmpdir" value="/tmp"/>
    <property name="require.test.libhadoop" value=""/>
    <property name="java.version" value="1.8.0_212"/>
    <property name="user.dir" value="/workdir/hadoop-ozone/integration-test"/>
    <property name="os.arch" value="amd64"/>
    <property name="java.vm.specification.name" value="Java Virtual Machine Specification"/>
    <property name="test.build.classes" value="/workdir/hadoop-ozone/integration-test/target/test-classes"/>
    <property name="java.awt.printerjob" value="sun.print.PSPrinterJob"/>
    <property name="sun.os.patch.level" value="unknown"/>
    <property name="hadoop.tmp.dir" value="/workdir/hadoop-ozone/integration-test/target/tmp"/>
    <property name="java.library.path" value="/usr/lib/jvm/java-1.8-openjdk/jre/lib/amd64/server:/usr/lib/jvm/java-1.8-openjdk/jre/lib/amd64:/usr/lib/jvm/java-1.8-openjdk/jre/../lib/amd64:/workdir/hadoop-ozone/integration-test/target/native/target/usr/local/lib:/workdir/hadoop-ozone/integration-test/../../hadoop-common-project/hadoop-common/target/native/target/usr/local/lib:/usr/java/packages/lib/amd64:/usr/lib64:/lib64:/lib:/usr/lib"/>
    <property name="java.vm.info" value="mixed mode"/>
    <property name="java.vendor" value="IcedTea"/>
    <property name="java.vm.version" value="25.212-b04"/>
    <property name="java.ext.dirs" value="/usr/lib/jvm/java-1.8-openjdk/jre/lib/ext:/usr/java/packages/lib/ext"/>
    <property name="sun.io.unicode.encoding" value="UnicodeLittle"/>
    <property name="java.class.version" value="52.0"/>
  </properties>
  <testcase name="test2DatanodesFailure" classname="org.apache.hadoop.ozone.client.rpc.TestBlockOutputStreamWithFailures" time="105.9"/>
  <testcase name="testDatanodeFailureWithPreAllocation" classname="org.apache.hadoop.ozone.client.rpc.TestBlockOutputStreamWithFailures" time="221.69"/>
  <testcase name="testDatanodeFailureWithSingleNodeRatis" classname="org.apache.hadoop.ozone.client.rpc.TestBlockOutputStreamWithFailures" time="223.844"/>
  <testcase name="testWatchForCommitWithSingleNodeRatis" classname="org.apache.hadoop.ozone.client.rpc.TestBlockOutputStreamWithFailures" time="33.662"/>
  <testcase name="testWatchForCommitDatanodeFailure" classname="org.apache.hadoop.ozone.client.rpc.TestBlockOutputStreamWithFailures" time="42.441">
    <failure message="expected:&lt;2&gt; but was:&lt;3&gt;" type="java.lang.AssertionError"><![CDATA[java.lang.AssertionError: expected:<2> but was:<3>
	at org.junit.Assert.fail(Assert.java:88)
	at org.junit.Assert.failNotEquals(Assert.java:743)
	at org.junit.Assert.assertEquals(Assert.java:118)
	at org.junit.Assert.assertEquals(Assert.java:555)
	at org.junit.Assert.assertEquals(Assert.java:542)
	at org.apache.hadoop.ozone.client.rpc.TestBlockOutputStreamWithFailures.testWatchForCommitDatanodeFailure(TestBlockOutputStreamWithFailures.java:366)
	at sun.reflect.NativeMethodAccessorImpl.invoke0(Native Method)
	at sun.reflect.NativeMethodAccessorImpl.invoke(NativeMethodAccessorImpl.java:62)
	at sun.reflect.DelegatingMethodAccessorImpl.invoke(DelegatingMethodAccessorImpl.java:43)
	at java.lang.reflect.Method.invoke(Method.java:498)
	at org.junit.runners.model.FrameworkMethod$1.runReflectiveCall(FrameworkMethod.java:47)
	at org.junit.internal.runners.model.ReflectiveCallable.run(ReflectiveCallable.java:12)
	at org.junit.runners.model.FrameworkMethod.invokeExplosively(FrameworkMethod.java:44)
	at org.junit.internal.runners.statements.InvokeMethod.evaluate(InvokeMethod.java:17)
	at org.junit.internal.runners.statements.RunBefores.evaluate(RunBefores.java:26)
	at org.junit.internal.runners.statements.RunAfters.evaluate(RunAfters.java:27)
	at org.junit.runners.ParentRunner.runLeaf(ParentRunner.java:271)
	at org.junit.runners.BlockJUnit4ClassRunner.runChild(BlockJUnit4ClassRunner.java:70)
	at org.junit.runners.BlockJUnit4ClassRunner.runChild(BlockJUnit4ClassRunner.java:50)
	at org.junit.runners.ParentRunner$3.run(ParentRunner.java:238)
	at org.junit.runners.ParentRunner$1.schedule(ParentRunner.java:63)
	at org.junit.runners.ParentRunner.runChildren(ParentRunner.java:236)
	at org.junit.runners.ParentRunner.access$000(ParentRunner.java:53)
	at org.junit.runners.ParentRunner$2.evaluate(ParentRunner.java:229)
	at org.junit.runners.ParentRunner.run(ParentRunner.java:309)
	at org.apache.maven.surefire.junit4.JUnit4Provider.execute(JUnit4Provider.java:365)
	at org.apache.maven.surefire.junit4.JUnit4Provider.executeWithRerun(JUnit4Provider.java:273)
	at org.apache.maven.surefire.junit4.JUnit4Provider.executeTestSet(JUnit4Provider.java:238)
	at org.apache.maven.surefire.junit4.JUnit4Provider.invoke(JUnit4Provider.java:159)
	at org.apache.maven.surefire.booter.ForkedBooter.invokeProviderInSameClassLoader(ForkedBooter.java:384)
	at org.apache.maven.surefire.booter.ForkedBooter.runSuitesInProcess(ForkedBooter.java:345)
	at org.apache.maven.surefire.booter.ForkedBooter.execute(ForkedBooter.java:126)
	at org.apache.maven.surefire.booter.ForkedBooter.main(ForkedBooter.java:418)
]]></failure>
    <system-out><![CDATA[2019-10-02 21:06:15,740 [main] WARN  server.ServerUtils (ServerUtils.java:getScmDbDir(145)) - ozone.scm.db.dirs is not configured. We recommend adding this setting. Falling back to ozone.metadata.dirs instead.
2019-10-02 21:06:15,755 [main] WARN  server.ServerUtils (ServerUtils.java:getScmDbDir(145)) - ozone.scm.db.dirs is not configured. We recommend adding this setting. Falling back to ozone.metadata.dirs instead.
2019-10-02 21:06:15,755 [main] WARN  server.ServerUtils (ServerUtils.java:getScmDbDir(145)) - ozone.scm.db.dirs is not configured. We recommend adding this setting. Falling back to ozone.metadata.dirs instead.
2019-10-02 21:06:15,756 [main] INFO  db.DBStoreBuilder (DBStoreBuilder.java:addTable(110)) - using custom profile for table: deletedBlocks
2019-10-02 21:06:15,756 [main] INFO  db.DBStoreBuilder (DBStoreBuilder.java:processTables(161)) - Using default column profile:DBProfile.DISK for Table:deletedBlocks
2019-10-02 21:06:15,756 [main] INFO  db.DBStoreBuilder (DBStoreBuilder.java:addTable(110)) - using custom profile for table: validCerts
2019-10-02 21:06:15,756 [main] INFO  db.DBStoreBuilder (DBStoreBuilder.java:processTables(161)) - Using default column profile:DBProfile.DISK for Table:validCerts
2019-10-02 21:06:15,756 [main] INFO  db.DBStoreBuilder (DBStoreBuilder.java:addTable(110)) - using custom profile for table: revokedCerts
2019-10-02 21:06:15,757 [main] INFO  db.DBStoreBuilder (DBStoreBuilder.java:processTables(161)) - Using default column profile:DBProfile.DISK for Table:revokedCerts
2019-10-02 21:06:15,757 [main] INFO  db.DBStoreBuilder (DBStoreBuilder.java:addTable(110)) - using custom profile for table: default
2019-10-02 21:06:15,757 [main] INFO  db.DBStoreBuilder (DBStoreBuilder.java:processTables(167)) - Using default column profile:DBProfile.DISK for Table:default
2019-10-02 21:06:15,757 [main] INFO  db.DBStoreBuilder (DBStoreBuilder.java:getDbProfile(198)) - Using default options. DBProfile.DISK
2019-10-02 21:06:15,967 [main] INFO  net.NodeSchemaLoader (NodeSchemaLoader.java:loadSchemaFromFile(125)) - Loading file from sun.misc.CompoundEnumeration@1788cb61
2019-10-02 21:06:15,967 [main] INFO  net.NodeSchemaLoader (NodeSchemaLoader.java:loadSchema(171)) - Loading network topology layer schema file
2019-10-02 21:06:15,975 [main] INFO  node.SCMNodeManager (SCMNodeManager.java:<init>(114)) - Entering startup safe mode.
2019-10-02 21:06:15,976 [main] INFO  algorithms.ContainerPlacementPolicyFactory (ContainerPlacementPolicyFactory.java:getPolicy(57)) - Create container placement policy of type org.apache.hadoop.hdds.scm.container.placement.algorithms.SCMContainerPlacementRandom
2019-10-02 21:06:15,976 [main] WARN  server.ServerUtils (ServerUtils.java:getScmDbDir(145)) - ozone.scm.db.dirs is not configured. We recommend adding this setting. Falling back to ozone.metadata.dirs instead.
2019-10-02 21:06:16,068 [main] INFO  pipeline.SCMPipelineManager (SCMPipelineManager.java:initializePipelineState(132)) - No pipeline exists in current db
2019-10-02 21:06:16,069 [main] WARN  server.ServerUtils (ServerUtils.java:getScmDbDir(145)) - ozone.scm.db.dirs is not configured. We recommend adding this setting. Falling back to ozone.metadata.dirs instead.
2019-10-02 21:06:16,117 [main] WARN  events.EventQueue (EventQueue.java:fireEvent(183)) - No event handler registered for event TypedEvent{payloadType=SafeModeStatus, name='SafeModeStatus'}
2019-10-02 21:06:16,118 [main] INFO  ipc.CallQueueManager (CallQueueManager.java:<init>(84)) - Using callQueue: class java.util.concurrent.LinkedBlockingQueue, queueCapacity: 2000, scheduler: class org.apache.hadoop.ipc.DefaultRpcScheduler, ipcBackoff: false.
2019-10-02 21:06:16,119 [Socket Reader #1 for port 37705] INFO  ipc.Server (Server.java:run(1074)) - Starting Socket Reader #1 for port 37705
2019-10-02 21:06:16,121 [main] INFO  ipc.CallQueueManager (CallQueueManager.java:<init>(84)) - Using callQueue: class java.util.concurrent.LinkedBlockingQueue, queueCapacity: 2000, scheduler: class org.apache.hadoop.ipc.DefaultRpcScheduler, ipcBackoff: false.
2019-10-02 21:06:16,121 [Socket Reader #1 for port 35580] INFO  ipc.Server (Server.java:run(1074)) - Starting Socket Reader #1 for port 35580
2019-10-02 21:06:16,122 [main] INFO  ipc.CallQueueManager (CallQueueManager.java:<init>(84)) - Using callQueue: class java.util.concurrent.LinkedBlockingQueue, queueCapacity: 2000, scheduler: class org.apache.hadoop.ipc.DefaultRpcScheduler, ipcBackoff: false.
2019-10-02 21:06:16,123 [Socket Reader #1 for port 33300] INFO  ipc.Server (Server.java:run(1074)) - Starting Socket Reader #1 for port 33300
2019-10-02 21:06:16,125 [main] INFO  hdfs.DFSUtil (DFSUtil.java:httpServerTemplateForNNAndJN(1641)) - Starting Web-server for scm at: http://0.0.0.0:0
2019-10-02 21:06:16,126 [main] INFO  server.AuthenticationFilter (AuthenticationFilter.java:constructSecretProvider(240)) - Unable to initialize FileSignerSecretProvider, falling back to use random secrets.
2019-10-02 21:06:16,127 [main] WARN  http.HttpRequestLog (HttpRequestLog.java:getRequestLog(97)) - Jetty request log can only be enabled using Log4j
2019-10-02 21:06:16,128 [main] INFO  http.HttpServer2 (HttpServer2.java:addGlobalFilter(975)) - Added global filter 'safety' (class=org.apache.hadoop.http.HttpServer2$QuotingInputFilter)
2019-10-02 21:06:16,129 [main] INFO  http.HttpServer2 (HttpServer2.java:addFilter(948)) - Added filter static_user_filter (class=org.apache.hadoop.http.lib.StaticUserWebFilter$StaticUserFilter) to context scm
2019-10-02 21:06:16,129 [main] INFO  http.HttpServer2 (HttpServer2.java:addFilter(958)) - Added filter static_user_filter (class=org.apache.hadoop.http.lib.StaticUserWebFilter$StaticUserFilter) to context logs
2019-10-02 21:06:16,129 [main] INFO  http.HttpServer2 (HttpServer2.java:addFilter(958)) - Added filter static_user_filter (class=org.apache.hadoop.http.lib.StaticUserWebFilter$StaticUserFilter) to context static
2019-10-02 21:06:16,130 [main] INFO  server.StorageContainerManager (StorageContainerManager.java:start(770)) - StorageContainerLocationProtocol RPC server is listening at /0.0.0.0:33300
2019-10-02 21:06:16,132 [main] WARN  impl.MetricsConfig (MetricsConfig.java:loadFirst(134)) - Cannot locate configuration: tried hadoop-metrics2-storagecontainermanager.properties,hadoop-metrics2.properties
2019-10-02 21:06:16,133 [main] INFO  impl.MetricsSystemImpl (MetricsSystemImpl.java:startTimer(374)) - Scheduled Metric snapshot period at 10 second(s).
2019-10-02 21:06:16,133 [main] INFO  impl.MetricsSystemImpl (MetricsSystemImpl.java:start(191)) - StorageContainerManager metrics system started
2019-10-02 21:06:16,211 [main] WARN  impl.MetricsSystemImpl (MetricsSystemImpl.java:register(276)) - Sink prometheus already exists!
2019-10-02 21:06:16,289 [main] INFO  server.SCMClientProtocolServer (SCMClientProtocolServer.java:start(150)) - RPC server for Client  is listening at /0.0.0.0:33300
2019-10-02 21:06:16,290 [IPC Server Responder] INFO  ipc.Server (Server.java:run(1314)) - IPC Server Responder: starting
2019-10-02 21:06:16,290 [IPC Server listener on 33300] INFO  ipc.Server (Server.java:run(1153)) - IPC Server listener on 33300: starting
2019-10-02 21:06:16,294 [main] INFO  server.StorageContainerManager (StorageContainerManager.java:start(780)) - ScmBlockLocationProtocol RPC server is listening at /0.0.0.0:35580
2019-10-02 21:06:16,294 [main] INFO  server.SCMBlockProtocolServer (SCMBlockProtocolServer.java:start(146)) - RPC server for Block Protocol is listening at /0.0.0.0:35580
2019-10-02 21:06:16,295 [IPC Server Responder] INFO  ipc.Server (Server.java:run(1314)) - IPC Server Responder: starting
2019-10-02 21:06:16,295 [IPC Server listener on 35580] INFO  ipc.Server (Server.java:run(1153)) - IPC Server listener on 35580: starting
2019-10-02 21:06:16,300 [main] INFO  server.StorageContainerManager (StorageContainerManager.java:start(784)) - ScmDatanodeProtocl RPC server is listening at /0.0.0.0:37705
2019-10-02 21:06:16,300 [main] INFO  server.SCMDatanodeProtocolServer (SCMDatanodeProtocolServer.java:start(191)) - RPC server for DataNodes is listening at /0.0.0.0:37705
2019-10-02 21:06:16,300 [IPC Server Responder] INFO  ipc.Server (Server.java:run(1314)) - IPC Server Responder: starting
2019-10-02 21:06:16,300 [IPC Server listener on 37705] INFO  ipc.Server (Server.java:run(1153)) - IPC Server listener on 37705: starting
2019-10-02 21:06:16,305 [main] INFO  http.HttpServer2 (HttpServer2.java:bindListener(1191)) - Jetty bound to port 42231
2019-10-02 21:06:16,306 [main] INFO  server.Server (Server.java:doStart(351)) - jetty-9.3.25.v20180904, build timestamp: 2018-09-04T21:11:46Z, git hash: 3ce520221d0240229c862b122d2b06c12a625732
2019-10-02 21:06:16,307 [main] INFO  handler.ContextHandler (ContextHandler.java:doStart(781)) - Started o.e.j.s.ServletContextHandler@d2708a7{/logs,file:///workdir/hadoop-ozone/integration-test/target/log,AVAILABLE}
2019-10-02 21:06:16,307 [main] INFO  handler.ContextHandler (ContextHandler.java:doStart(781)) - Started o.e.j.s.ServletContextHandler@2313db84{/static,file:///workdir/hadoop-ozone/integration-test/target/test-classes/webapps/static,AVAILABLE}
2019-10-02 21:06:16,311 [main] INFO  handler.ContextHandler (ContextHandler.java:doStart(781)) - Started o.e.j.w.WebAppContext@2bec068b{/,file:///workdir/hadoop-ozone/integration-test/target/test-classes/webapps/scm/,AVAILABLE}{/scm}
2019-10-02 21:06:16,311 [main] INFO  server.AbstractConnector (AbstractConnector.java:doStart(278)) - Started ServerConnector@7d59e968{HTTP/1.1,[http/1.1]}{0.0.0.0:42231}
2019-10-02 21:06:16,313 [main] INFO  server.Server (Server.java:doStart(419)) - Started @586286ms
2019-10-02 21:06:16,313 [main] WARN  impl.MetricsSystemImpl (MetricsSystemImpl.java:register(276)) - Sink prometheus already exists!
2019-10-02 21:06:16,313 [main] INFO  server.BaseHttpServer (BaseHttpServer.java:updateConnectorAddress(215)) - HTTP server of SCM is listening at http://0.0.0.0:42231
2019-10-02 21:06:16,314 [main] WARN  server.ServerUtils (ServerUtils.java:getDBPath(222)) - ozone.om.db.dirs is not configured. We recommend adding this setting. Falling back to ozone.metadata.dirs instead.
2019-10-02 21:06:16,315 [org.apache.hadoop.util.JvmPauseMonitor$Monitor@581c9bb7] INFO  util.JvmPauseMonitor (JvmPauseMonitor.java:run(188)) - Starting JVM pause monitor
2019-10-02 21:06:16,328 [main] INFO  ha.OMHANodeDetails (OMHANodeDetails.java:loadOMHAConfig(190)) - Configuration either no ozone.om.address set. Falling back to the default OM address /127.0.0.1:0
2019-10-02 21:06:16,328 [main] INFO  ha.OMHANodeDetails (OMHANodeDetails.java:getOMNodeDetails(220)) - OM Service ID is not set. Setting it to the default ID: omServiceIdDefault
2019-10-02 21:06:16,328 [main] WARN  server.ServerUtils (ServerUtils.java:getDBPath(222)) - ozone.om.db.dirs is not configured. We recommend adding this setting. Falling back to ozone.metadata.dirs instead.
2019-10-02 21:06:16,328 [main] WARN  server.ServerUtils (ServerUtils.java:getDBPath(222)) - ozone.om.db.dirs is not configured. We recommend adding this setting. Falling back to ozone.metadata.dirs instead.
2019-10-02 21:06:16,335 [main] WARN  server.ServerUtils (ServerUtils.java:getDBPath(222)) - ozone.om.db.dirs is not configured. We recommend adding this setting. Falling back to ozone.metadata.dirs instead.
2019-10-02 21:06:16,335 [main] INFO  db.DBStoreBuilder (DBStoreBuilder.java:addTable(110)) - using custom profile for table: userTable
2019-10-02 21:06:16,335 [main] INFO  db.DBStoreBuilder (DBStoreBuilder.java:processTables(161)) - Using default column profile:DBProfile.DISK for Table:userTable
2019-10-02 21:06:16,335 [main] INFO  db.DBStoreBuilder (DBStoreBuilder.java:addTable(110)) - using custom profile for table: volumeTable
2019-10-02 21:06:16,336 [main] INFO  db.DBStoreBuilder (DBStoreBuilder.java:processTables(161)) - Using default column profile:DBProfile.DISK for Table:volumeTable
2019-10-02 21:06:16,336 [main] INFO  db.DBStoreBuilder (DBStoreBuilder.java:addTable(110)) - using custom profile for table: bucketTable
2019-10-02 21:06:16,336 [main] INFO  db.DBStoreBuilder (DBStoreBuilder.java:processTables(161)) - Using default column profile:DBProfile.DISK for Table:bucketTable
2019-10-02 21:06:16,336 [main] INFO  db.DBStoreBuilder (DBStoreBuilder.java:addTable(110)) - using custom profile for table: keyTable
2019-10-02 21:06:16,336 [main] INFO  db.DBStoreBuilder (DBStoreBuilder.java:processTables(161)) - Using default column profile:DBProfile.DISK for Table:keyTable
2019-10-02 21:06:16,336 [main] INFO  db.DBStoreBuilder (DBStoreBuilder.java:addTable(110)) - using custom profile for table: deletedTable
2019-10-02 21:06:16,336 [main] INFO  db.DBStoreBuilder (DBStoreBuilder.java:processTables(161)) - Using default column profile:DBProfile.DISK for Table:deletedTable
2019-10-02 21:06:16,337 [main] INFO  db.DBStoreBuilder (DBStoreBuilder.java:addTable(110)) - using custom profile for table: openKeyTable
2019-10-02 21:06:16,337 [main] INFO  db.DBStoreBuilder (DBStoreBuilder.java:processTables(161)) - Using default column profile:DBProfile.DISK for Table:openKeyTable
2019-10-02 21:06:16,337 [main] INFO  db.DBStoreBuilder (DBStoreBuilder.java:addTable(110)) - using custom profile for table: s3Table
2019-10-02 21:06:16,337 [main] INFO  db.DBStoreBuilder (DBStoreBuilder.java:processTables(161)) - Using default column profile:DBProfile.DISK for Table:s3Table
2019-10-02 21:06:16,337 [main] INFO  db.DBStoreBuilder (DBStoreBuilder.java:addTable(110)) - using custom profile for table: multipartInfoTable
2019-10-02 21:06:16,337 [main] INFO  db.DBStoreBuilder (DBStoreBuilder.java:processTables(161)) - Using default column profile:DBProfile.DISK for Table:multipartInfoTable
2019-10-02 21:06:16,338 [main] INFO  db.DBStoreBuilder (DBStoreBuilder.java:addTable(110)) - using custom profile for table: dTokenTable
2019-10-02 21:06:16,338 [main] INFO  db.DBStoreBuilder (DBStoreBuilder.java:processTables(161)) - Using default column profile:DBProfile.DISK for Table:dTokenTable
2019-10-02 21:06:16,338 [main] INFO  db.DBStoreBuilder (DBStoreBuilder.java:addTable(110)) - using custom profile for table: s3SecretTable
2019-10-02 21:06:16,338 [main] INFO  db.DBStoreBuilder (DBStoreBuilder.java:processTables(161)) - Using default column profile:DBProfile.DISK for Table:s3SecretTable
2019-10-02 21:06:16,338 [main] INFO  db.DBStoreBuilder (DBStoreBuilder.java:addTable(110)) - using custom profile for table: prefixTable
2019-10-02 21:06:16,338 [main] INFO  db.DBStoreBuilder (DBStoreBuilder.java:processTables(161)) - Using default column profile:DBProfile.DISK for Table:prefixTable
2019-10-02 21:06:16,338 [main] INFO  db.DBStoreBuilder (DBStoreBuilder.java:addTable(110)) - using custom profile for table: default
2019-10-02 21:06:16,339 [main] INFO  db.DBStoreBuilder (DBStoreBuilder.java:processTables(167)) - Using default column profile:DBProfile.DISK for Table:default
2019-10-02 21:06:16,339 [main] INFO  db.DBStoreBuilder (DBStoreBuilder.java:getDbProfile(198)) - Using default options. DBProfile.DISK
2019-10-02 21:06:16,770 [main] INFO  ipc.CallQueueManager (CallQueueManager.java:<init>(84)) - Using callQueue: class java.util.concurrent.LinkedBlockingQueue, queueCapacity: 2000, scheduler: class org.apache.hadoop.ipc.DefaultRpcScheduler, ipcBackoff: false.
2019-10-02 21:06:16,771 [Socket Reader #1 for port 46292] INFO  ipc.Server (Server.java:run(1074)) - Starting Socket Reader #1 for port 46292
2019-10-02 21:06:16,781 [main] INFO  om.OzoneManager (OzoneManager.java:start(1069)) - OzoneManager RPC server is listening at localhost/127.0.0.1:46292
2019-10-02 21:06:16,781 [main] INFO  impl.MetricsSystemImpl (MetricsSystemImpl.java:init(158)) - OzoneManager metrics system started (again)
2019-10-02 21:06:16,782 [IPC Server listener on 46292] INFO  ipc.Server (Server.java:run(1153)) - IPC Server listener on 46292: starting
2019-10-02 21:06:16,782 [IPC Server Responder] INFO  ipc.Server (Server.java:run(1314)) - IPC Server Responder: starting
2019-10-02 21:06:16,788 [main] INFO  hdfs.DFSUtil (DFSUtil.java:httpServerTemplateForNNAndJN(1641)) - Starting Web-server for ozoneManager at: http://0.0.0.0:0
2019-10-02 21:06:16,789 [main] INFO  server.AuthenticationFilter (AuthenticationFilter.java:constructSecretProvider(240)) - Unable to initialize FileSignerSecretProvider, falling back to use random secrets.
2019-10-02 21:06:16,789 [main] WARN  http.HttpRequestLog (HttpRequestLog.java:getRequestLog(97)) - Jetty request log can only be enabled using Log4j
2019-10-02 21:06:16,791 [main] INFO  http.HttpServer2 (HttpServer2.java:addGlobalFilter(975)) - Added global filter 'safety' (class=org.apache.hadoop.http.HttpServer2$QuotingInputFilter)
2019-10-02 21:06:16,791 [main] INFO  http.HttpServer2 (HttpServer2.java:addFilter(948)) - Added filter static_user_filter (class=org.apache.hadoop.http.lib.StaticUserWebFilter$StaticUserFilter) to context ozoneManager
2019-10-02 21:06:16,791 [main] INFO  http.HttpServer2 (HttpServer2.java:addFilter(958)) - Added filter static_user_filter (class=org.apache.hadoop.http.lib.StaticUserWebFilter$StaticUserFilter) to context static
2019-10-02 21:06:16,792 [main] INFO  http.HttpServer2 (HttpServer2.java:addFilter(958)) - Added filter static_user_filter (class=org.apache.hadoop.http.lib.StaticUserWebFilter$StaticUserFilter) to context logs
2019-10-02 21:06:16,792 [main] INFO  http.HttpServer2 (HttpServer2.java:bindListener(1191)) - Jetty bound to port 38098
2019-10-02 21:06:16,792 [main] INFO  server.Server (Server.java:doStart(351)) - jetty-9.3.25.v20180904, build timestamp: 2018-09-04T21:11:46Z, git hash: 3ce520221d0240229c862b122d2b06c12a625732
2019-10-02 21:06:16,793 [main] INFO  handler.ContextHandler (ContextHandler.java:doStart(781)) - Started o.e.j.s.ServletContextHandler@32ae8f27{/logs,file:///workdir/hadoop-ozone/integration-test/target/log,AVAILABLE}
2019-10-02 21:06:16,794 [main] INFO  handler.ContextHandler (ContextHandler.java:doStart(781)) - Started o.e.j.s.ServletContextHandler@5b8853{/static,file:///workdir/hadoop-ozone/integration-test/target/test-classes/webapps/static,AVAILABLE}
2019-10-02 21:06:16,797 [main] INFO  handler.ContextHandler (ContextHandler.java:doStart(781)) - Started o.e.j.w.WebAppContext@7a606260{/,file:///workdir/hadoop-ozone/integration-test/target/test-classes/webapps/ozoneManager/,AVAILABLE}{/ozoneManager}
2019-10-02 21:06:16,798 [main] INFO  server.AbstractConnector (AbstractConnector.java:doStart(278)) - Started ServerConnector@5dbab232{HTTP/1.1,[http/1.1]}{0.0.0.0:38098}
2019-10-02 21:06:16,799 [main] INFO  server.Server (Server.java:doStart(419)) - Started @586772ms
2019-10-02 21:06:16,799 [main] WARN  impl.MetricsSystemImpl (MetricsSystemImpl.java:register(276)) - Sink prometheus already exists!
2019-10-02 21:06:16,800 [main] INFO  server.BaseHttpServer (BaseHttpServer.java:updateConnectorAddress(215)) - HTTP server of OZONEMANAGER is listening at http://0.0.0.0:38098
2019-10-02 21:06:16,813 [main] INFO  impl.MetricsSystemImpl (MetricsSystemImpl.java:init(158)) - HddsDatanode metrics system started (again)
2019-10-02 21:06:16,817 [main] INFO  ozone.HddsDatanodeService (HddsDatanodeService.java:start(184)) - HddsDatanodeService host:pr-hdds-2162-pj84x-1708865144 ip:192.168.164.206
2019-10-02 21:06:16,825 [main] INFO  volume.HddsVolume (HddsVolume.java:<init>(176)) - Creating Volume: /workdir/hadoop-ozone/integration-test/target/test-dir/MiniOzoneClusterImpl-3a252fbc-4287-47a2-893f-83f3490ca533/datanode-0/data/containers/hdds of  storage type : DISK and capacity : 1482555576320
2019-10-02 21:06:16,825 [main] INFO  volume.VolumeSet (VolumeSet.java:initializeVolumeSet(170)) - Added Volume : /workdir/hadoop-ozone/integration-test/target/test-dir/MiniOzoneClusterImpl-3a252fbc-4287-47a2-893f-83f3490ca533/datanode-0/data/containers/hdds to VolumeSet
2019-10-02 21:06:16,826 [main] INFO  volume.ThrottledAsyncChecker (ThrottledAsyncChecker.java:schedule(139)) - Scheduling a check for org.apache.hadoop.ozone.container.common.volume.HddsVolume@44dfdd58
2019-10-02 21:06:16,826 [main] INFO  volume.HddsVolumeChecker (HddsVolumeChecker.java:checkAllVolumes(202)) - Scheduled health check for volume org.apache.hadoop.ozone.container.common.volume.HddsVolume@44dfdd58
2019-10-02 21:06:16,840 [main] INFO  impl.RaftServerProxy (ConfUtils.java:logGet(43)) - raft.rpc.type = GRPC (default)
2019-10-02 21:06:16,841 [main] INFO  grpc.GrpcFactory (GrpcFactory.java:checkPooledByteBufAllocatorUseCacheForAllThreads(45)) - PERFORMANCE WARNING: useCacheForAllThreads is true that may cause Netty to create a lot garbage objects and, as a result, trigger GC.
	It is recommended to disable useCacheForAllThreads by setting -Dorg.apache.ratis.thirdparty.io.netty.allocator.useCacheForAllThreads=false in command line.
2019-10-02 21:06:16,841 [main] INFO  grpc.GrpcConfigKeys$Server (ConfUtils.java:logGet(43)) - raft.grpc.server.port = 0 (default)
2019-10-02 21:06:16,841 [main] INFO  server.GrpcService (ConfUtils.java:logGet(43)) - raft.grpc.message.size.max = 33570816 (custom)
2019-10-02 21:06:16,841 [main] INFO  server.RaftServerConfigKeys (ConfUtils.java:logGet(43)) - raft.server.log.appender.buffer.byte-limit = 33554432 (custom)
2019-10-02 21:06:16,841 [main] INFO  server.GrpcService (ConfUtils.java:logGet(43)) - raft.grpc.flow.control.window = 1MB (=1048576) (default)
2019-10-02 21:06:16,842 [main] INFO  server.RaftServerConfigKeys (ConfUtils.java:logGet(43)) - raft.server.rpc.request.timeout = 3000ms (default)
2019-10-02 21:06:16,842 [main] INFO  server.RaftServerConfigKeys (ConfUtils.java:logGet(43)) - raft.server.storage.dir = [/workdir/hadoop-ozone/integration-test/target/test-dir/MiniOzoneClusterImpl-3a252fbc-4287-47a2-893f-83f3490ca533/datanode-0/data/ratis] (custom)
2019-10-02 21:06:16,844 [main] INFO  hdfs.DFSUtil (DFSUtil.java:httpServerTemplateForNNAndJN(1641)) - Starting Web-server for hddsDatanode at: http://0.0.0.0:0
2019-10-02 21:06:16,845 [main] INFO  server.AuthenticationFilter (AuthenticationFilter.java:constructSecretProvider(240)) - Unable to initialize FileSignerSecretProvider, falling back to use random secrets.
2019-10-02 21:06:16,845 [main] WARN  http.HttpRequestLog (HttpRequestLog.java:getRequestLog(97)) - Jetty request log can only be enabled using Log4j
2019-10-02 21:06:16,847 [main] INFO  http.HttpServer2 (HttpServer2.java:addGlobalFilter(975)) - Added global filter 'safety' (class=org.apache.hadoop.http.HttpServer2$QuotingInputFilter)
2019-10-02 21:06:16,847 [main] INFO  http.HttpServer2 (HttpServer2.java:addFilter(948)) - Added filter static_user_filter (class=org.apache.hadoop.http.lib.StaticUserWebFilter$StaticUserFilter) to context hddsDatanode
2019-10-02 21:06:16,847 [main] INFO  http.HttpServer2 (HttpServer2.java:addFilter(958)) - Added filter static_user_filter (class=org.apache.hadoop.http.lib.StaticUserWebFilter$StaticUserFilter) to context static
2019-10-02 21:06:16,847 [main] INFO  http.HttpServer2 (HttpServer2.java:addFilter(958)) - Added filter static_user_filter (class=org.apache.hadoop.http.lib.StaticUserWebFilter$StaticUserFilter) to context logs
2019-10-02 21:06:16,848 [main] INFO  http.HttpServer2 (HttpServer2.java:bindListener(1191)) - Jetty bound to port 44887
2019-10-02 21:06:16,848 [main] INFO  server.Server (Server.java:doStart(351)) - jetty-9.3.25.v20180904, build timestamp: 2018-09-04T21:11:46Z, git hash: 3ce520221d0240229c862b122d2b06c12a625732
2019-10-02 21:06:16,850 [main] INFO  handler.ContextHandler (ContextHandler.java:doStart(781)) - Started o.e.j.s.ServletContextHandler@743c3520{/logs,file:///workdir/hadoop-ozone/integration-test/target/log,AVAILABLE}
2019-10-02 21:06:16,851 [main] INFO  handler.ContextHandler (ContextHandler.java:doStart(781)) - Started o.e.j.s.ServletContextHandler@234cd86c{/static,jar:file:/home/user/.m2/repository/org/apache/hadoop/hadoop-hdds-container-service/0.5.0-SNAPSHOT/hadoop-hdds-container-service-0.5.0-SNAPSHOT.jar!/webapps/static,AVAILABLE}
2019-10-02 21:06:16,892 [main] INFO  handler.ContextHandler (ContextHandler.java:doStart(781)) - Started o.e.j.w.WebAppContext@55296b50{/,file:///tmp/jetty-0.0.0.0-44887-hddsDatanode-_-any-2324482047349640770.dir/webapp/,AVAILABLE}{/hddsDatanode}
2019-10-02 21:06:16,893 [main] INFO  server.AbstractConnector (AbstractConnector.java:doStart(278)) - Started ServerConnector@60591e1b{HTTP/1.1,[http/1.1]}{0.0.0.0:44887}
2019-10-02 21:06:16,894 [main] INFO  server.Server (Server.java:doStart(419)) - Started @586868ms
2019-10-02 21:06:16,895 [main] WARN  impl.MetricsSystemImpl (MetricsSystemImpl.java:register(276)) - Sink prometheus already exists!
2019-10-02 21:06:16,895 [main] INFO  server.BaseHttpServer (BaseHttpServer.java:updateConnectorAddress(215)) - HTTP server of HDDSDATANODE is listening at http://0.0.0.0:44887
2019-10-02 21:06:16,896 [main] INFO  impl.MetricsSystemImpl (MetricsSystemImpl.java:init(158)) - HddsDatanode metrics system started (again)
2019-10-02 21:06:16,900 [org.apache.hadoop.util.JvmPauseMonitor$Monitor@73c3f6a7] INFO  util.JvmPauseMonitor (JvmPauseMonitor.java:run(188)) - Starting JVM pause monitor
2019-10-02 21:06:16,902 [main] INFO  ozone.HddsDatanodeService (HddsDatanodeService.java:start(184)) - HddsDatanodeService host:pr-hdds-2162-pj84x-1708865144 ip:192.168.164.206
2019-10-02 21:06:16,903 [Datanode State Machine Thread - 0] INFO  datanode.InitDatanodeState (InitDatanodeState.java:persistContainerDatanodeDetails(140)) - DatanodeDetails is persisted to /workdir/hadoop-ozone/integration-test/target/test-dir/MiniOzoneClusterImpl-3a252fbc-4287-47a2-893f-83f3490ca533/datanode-0/meta/datanode.id
2019-10-02 21:06:16,908 [main] INFO  volume.HddsVolume (HddsVolume.java:<init>(176)) - Creating Volume: /workdir/hadoop-ozone/integration-test/target/test-dir/MiniOzoneClusterImpl-3a252fbc-4287-47a2-893f-83f3490ca533/datanode-1/data/containers/hdds of  storage type : DISK and capacity : 1482555576320
2019-10-02 21:06:16,909 [main] INFO  volume.VolumeSet (VolumeSet.java:initializeVolumeSet(170)) - Added Volume : /workdir/hadoop-ozone/integration-test/target/test-dir/MiniOzoneClusterImpl-3a252fbc-4287-47a2-893f-83f3490ca533/datanode-1/data/containers/hdds to VolumeSet
2019-10-02 21:06:16,909 [main] INFO  volume.ThrottledAsyncChecker (ThrottledAsyncChecker.java:schedule(139)) - Scheduling a check for org.apache.hadoop.ozone.container.common.volume.HddsVolume@27898e13
2019-10-02 21:06:16,909 [main] INFO  volume.HddsVolumeChecker (HddsVolumeChecker.java:checkAllVolumes(202)) - Scheduled health check for volume org.apache.hadoop.ozone.container.common.volume.HddsVolume@27898e13
2019-10-02 21:06:16,926 [main] INFO  impl.RaftServerProxy (ConfUtils.java:logGet(43)) - raft.rpc.type = GRPC (default)
2019-10-02 21:06:16,927 [main] INFO  grpc.GrpcFactory (GrpcFactory.java:checkPooledByteBufAllocatorUseCacheForAllThreads(45)) - PERFORMANCE WARNING: useCacheForAllThreads is true that may cause Netty to create a lot garbage objects and, as a result, trigger GC.
	It is recommended to disable useCacheForAllThreads by setting -Dorg.apache.ratis.thirdparty.io.netty.allocator.useCacheForAllThreads=false in command line.
2019-10-02 21:06:16,927 [main] INFO  grpc.GrpcConfigKeys$Server (ConfUtils.java:logGet(43)) - raft.grpc.server.port = 0 (default)
2019-10-02 21:06:16,927 [main] INFO  server.GrpcService (ConfUtils.java:logGet(43)) - raft.grpc.message.size.max = 33570816 (custom)
2019-10-02 21:06:16,927 [main] INFO  server.RaftServerConfigKeys (ConfUtils.java:logGet(43)) - raft.server.log.appender.buffer.byte-limit = 33554432 (custom)
2019-10-02 21:06:16,928 [main] INFO  server.GrpcService (ConfUtils.java:logGet(43)) - raft.grpc.flow.control.window = 1MB (=1048576) (default)
2019-10-02 21:06:16,928 [main] INFO  server.RaftServerConfigKeys (ConfUtils.java:logGet(43)) - raft.server.rpc.request.timeout = 3000ms (default)
2019-10-02 21:06:16,928 [main] INFO  server.RaftServerConfigKeys (ConfUtils.java:logGet(43)) - raft.server.storage.dir = [/workdir/hadoop-ozone/integration-test/target/test-dir/MiniOzoneClusterImpl-3a252fbc-4287-47a2-893f-83f3490ca533/datanode-1/data/ratis] (custom)
2019-10-02 21:06:16,930 [main] INFO  hdfs.DFSUtil (DFSUtil.java:httpServerTemplateForNNAndJN(1641)) - Starting Web-server for hddsDatanode at: http://0.0.0.0:0
2019-10-02 21:06:16,931 [main] INFO  server.AuthenticationFilter (AuthenticationFilter.java:constructSecretProvider(240)) - Unable to initialize FileSignerSecretProvider, falling back to use random secrets.
2019-10-02 21:06:16,932 [main] WARN  http.HttpRequestLog (HttpRequestLog.java:getRequestLog(97)) - Jetty request log can only be enabled using Log4j
2019-10-02 21:06:16,934 [main] INFO  http.HttpServer2 (HttpServer2.java:addGlobalFilter(975)) - Added global filter 'safety' (class=org.apache.hadoop.http.HttpServer2$QuotingInputFilter)
2019-10-02 21:06:16,934 [main] INFO  http.HttpServer2 (HttpServer2.java:addFilter(948)) - Added filter static_user_filter (class=org.apache.hadoop.http.lib.StaticUserWebFilter$StaticUserFilter) to context hddsDatanode
2019-10-02 21:06:16,934 [main] INFO  http.HttpServer2 (HttpServer2.java:addFilter(958)) - Added filter static_user_filter (class=org.apache.hadoop.http.lib.StaticUserWebFilter$StaticUserFilter) to context logs
2019-10-02 21:06:16,935 [main] INFO  http.HttpServer2 (HttpServer2.java:addFilter(958)) - Added filter static_user_filter (class=org.apache.hadoop.http.lib.StaticUserWebFilter$StaticUserFilter) to context static
2019-10-02 21:06:16,935 [main] INFO  http.HttpServer2 (HttpServer2.java:bindListener(1191)) - Jetty bound to port 45727
2019-10-02 21:06:16,936 [main] INFO  server.Server (Server.java:doStart(351)) - jetty-9.3.25.v20180904, build timestamp: 2018-09-04T21:11:46Z, git hash: 3ce520221d0240229c862b122d2b06c12a625732
2019-10-02 21:06:16,937 [main] INFO  handler.ContextHandler (ContextHandler.java:doStart(781)) - Started o.e.j.s.ServletContextHandler@4a31ed12{/logs,file:///workdir/hadoop-ozone/integration-test/target/log,AVAILABLE}
2019-10-02 21:06:16,938 [main] INFO  handler.ContextHandler (ContextHandler.java:doStart(781)) - Started o.e.j.s.ServletContextHandler@2365ea38{/static,jar:file:/home/user/.m2/repository/org/apache/hadoop/hadoop-hdds-container-service/0.5.0-SNAPSHOT/hadoop-hdds-container-service-0.5.0-SNAPSHOT.jar!/webapps/static,AVAILABLE}
2019-10-02 21:06:16,982 [main] INFO  handler.ContextHandler (ContextHandler.java:doStart(781)) - Started o.e.j.w.WebAppContext@703e8050{/,file:///tmp/jetty-0.0.0.0-45727-hddsDatanode-_-any-4107198013554982066.dir/webapp/,AVAILABLE}{/hddsDatanode}
2019-10-02 21:06:16,982 [main] INFO  server.AbstractConnector (AbstractConnector.java:doStart(278)) - Started ServerConnector@49c1e294{HTTP/1.1,[http/1.1]}{0.0.0.0:45727}
2019-10-02 21:06:16,984 [main] INFO  server.Server (Server.java:doStart(419)) - Started @586958ms
2019-10-02 21:06:16,985 [main] WARN  impl.MetricsSystemImpl (MetricsSystemImpl.java:register(276)) - Sink prometheus already exists!
2019-10-02 21:06:16,985 [main] INFO  server.BaseHttpServer (BaseHttpServer.java:updateConnectorAddress(215)) - HTTP server of HDDSDATANODE is listening at http://0.0.0.0:45727
2019-10-02 21:06:16,986 [main] INFO  impl.MetricsSystemImpl (MetricsSystemImpl.java:init(158)) - HddsDatanode metrics system started (again)
2019-10-02 21:06:16,991 [org.apache.hadoop.util.JvmPauseMonitor$Monitor@45953db3] INFO  util.JvmPauseMonitor (JvmPauseMonitor.java:run(188)) - Starting JVM pause monitor
2019-10-02 21:06:16,992 [main] INFO  ozone.HddsDatanodeService (HddsDatanodeService.java:start(184)) - HddsDatanodeService host:pr-hdds-2162-pj84x-1708865144 ip:192.168.164.206
2019-10-02 21:06:16,993 [Datanode State Machine Thread - 0] INFO  datanode.InitDatanodeState (InitDatanodeState.java:persistContainerDatanodeDetails(140)) - DatanodeDetails is persisted to /workdir/hadoop-ozone/integration-test/target/test-dir/MiniOzoneClusterImpl-3a252fbc-4287-47a2-893f-83f3490ca533/datanode-1/meta/datanode.id
2019-10-02 21:06:16,999 [main] INFO  volume.HddsVolume (HddsVolume.java:<init>(176)) - Creating Volume: /workdir/hadoop-ozone/integration-test/target/test-dir/MiniOzoneClusterImpl-3a252fbc-4287-47a2-893f-83f3490ca533/datanode-2/data/containers/hdds of  storage type : DISK and capacity : 1482555576320
2019-10-02 21:06:17,000 [main] INFO  volume.VolumeSet (VolumeSet.java:initializeVolumeSet(170)) - Added Volume : /workdir/hadoop-ozone/integration-test/target/test-dir/MiniOzoneClusterImpl-3a252fbc-4287-47a2-893f-83f3490ca533/datanode-2/data/containers/hdds to VolumeSet
2019-10-02 21:06:17,000 [main] INFO  volume.ThrottledAsyncChecker (ThrottledAsyncChecker.java:schedule(139)) - Scheduling a check for org.apache.hadoop.ozone.container.common.volume.HddsVolume@3a40bb52
2019-10-02 21:06:17,000 [main] INFO  volume.HddsVolumeChecker (HddsVolumeChecker.java:checkAllVolumes(202)) - Scheduled health check for volume org.apache.hadoop.ozone.container.common.volume.HddsVolume@3a40bb52
2019-10-02 21:06:17,015 [main] INFO  impl.RaftServerProxy (ConfUtils.java:logGet(43)) - raft.rpc.type = GRPC (default)
2019-10-02 21:06:17,015 [main] INFO  grpc.GrpcFactory (GrpcFactory.java:checkPooledByteBufAllocatorUseCacheForAllThreads(45)) - PERFORMANCE WARNING: useCacheForAllThreads is true that may cause Netty to create a lot garbage objects and, as a result, trigger GC.
	It is recommended to disable useCacheForAllThreads by setting -Dorg.apache.ratis.thirdparty.io.netty.allocator.useCacheForAllThreads=false in command line.
2019-10-02 21:06:17,015 [main] INFO  grpc.GrpcConfigKeys$Server (ConfUtils.java:logGet(43)) - raft.grpc.server.port = 0 (default)
2019-10-02 21:06:17,015 [main] INFO  server.GrpcService (ConfUtils.java:logGet(43)) - raft.grpc.message.size.max = 33570816 (custom)
2019-10-02 21:06:17,015 [main] INFO  server.RaftServerConfigKeys (ConfUtils.java:logGet(43)) - raft.server.log.appender.buffer.byte-limit = 33554432 (custom)
2019-10-02 21:06:17,016 [main] INFO  server.GrpcService (ConfUtils.java:logGet(43)) - raft.grpc.flow.control.window = 1MB (=1048576) (default)
2019-10-02 21:06:17,016 [main] INFO  server.RaftServerConfigKeys (ConfUtils.java:logGet(43)) - raft.server.rpc.request.timeout = 3000ms (default)
2019-10-02 21:06:17,016 [main] INFO  server.RaftServerConfigKeys (ConfUtils.java:logGet(43)) - raft.server.storage.dir = [/workdir/hadoop-ozone/integration-test/target/test-dir/MiniOzoneClusterImpl-3a252fbc-4287-47a2-893f-83f3490ca533/datanode-2/data/ratis] (custom)
2019-10-02 21:06:17,017 [main] INFO  hdfs.DFSUtil (DFSUtil.java:httpServerTemplateForNNAndJN(1641)) - Starting Web-server for hddsDatanode at: http://0.0.0.0:0
2019-10-02 21:06:17,019 [main] INFO  server.AuthenticationFilter (AuthenticationFilter.java:constructSecretProvider(240)) - Unable to initialize FileSignerSecretProvider, falling back to use random secrets.
2019-10-02 21:06:17,019 [main] WARN  http.HttpRequestLog (HttpRequestLog.java:getRequestLog(97)) - Jetty request log can only be enabled using Log4j
2019-10-02 21:06:17,020 [main] INFO  http.HttpServer2 (HttpServer2.java:addGlobalFilter(975)) - Added global filter 'safety' (class=org.apache.hadoop.http.HttpServer2$QuotingInputFilter)
2019-10-02 21:06:17,021 [main] INFO  http.HttpServer2 (HttpServer2.java:addFilter(948)) - Added filter static_user_filter (class=org.apache.hadoop.http.lib.StaticUserWebFilter$StaticUserFilter) to context hddsDatanode
2019-10-02 21:06:17,021 [main] INFO  http.HttpServer2 (HttpServer2.java:addFilter(958)) - Added filter static_user_filter (class=org.apache.hadoop.http.lib.StaticUserWebFilter$StaticUserFilter) to context logs
2019-10-02 21:06:17,021 [main] INFO  http.HttpServer2 (HttpServer2.java:addFilter(958)) - Added filter static_user_filter (class=org.apache.hadoop.http.lib.StaticUserWebFilter$StaticUserFilter) to context static
2019-10-02 21:06:17,022 [main] INFO  http.HttpServer2 (HttpServer2.java:bindListener(1191)) - Jetty bound to port 44800
2019-10-02 21:06:17,022 [main] INFO  server.Server (Server.java:doStart(351)) - jetty-9.3.25.v20180904, build timestamp: 2018-09-04T21:11:46Z, git hash: 3ce520221d0240229c862b122d2b06c12a625732
2019-10-02 21:06:17,023 [main] INFO  handler.ContextHandler (ContextHandler.java:doStart(781)) - Started o.e.j.s.ServletContextHandler@561f9d92{/logs,file:///workdir/hadoop-ozone/integration-test/target/log,AVAILABLE}
2019-10-02 21:06:17,024 [main] INFO  handler.ContextHandler (ContextHandler.java:doStart(781)) - Started o.e.j.s.ServletContextHandler@7ceb6c45{/static,jar:file:/home/user/.m2/repository/org/apache/hadoop/hadoop-hdds-container-service/0.5.0-SNAPSHOT/hadoop-hdds-container-service-0.5.0-SNAPSHOT.jar!/webapps/static,AVAILABLE}
2019-10-02 21:06:17,056 [main] INFO  handler.ContextHandler (ContextHandler.java:doStart(781)) - Started o.e.j.w.WebAppContext@2017f6e6{/,file:///tmp/jetty-0.0.0.0-44800-hddsDatanode-_-any-6531217464160172850.dir/webapp/,AVAILABLE}{/hddsDatanode}
2019-10-02 21:06:17,056 [main] INFO  server.AbstractConnector (AbstractConnector.java:doStart(278)) - Started ServerConnector@115c946b{HTTP/1.1,[http/1.1]}{0.0.0.0:44800}
2019-10-02 21:06:17,058 [main] INFO  server.Server (Server.java:doStart(419)) - Started @587031ms
2019-10-02 21:06:17,058 [main] WARN  impl.MetricsSystemImpl (MetricsSystemImpl.java:register(276)) - Sink prometheus already exists!
2019-10-02 21:06:17,059 [main] INFO  server.BaseHttpServer (BaseHttpServer.java:updateConnectorAddress(215)) - HTTP server of HDDSDATANODE is listening at http://0.0.0.0:44800
2019-10-02 21:06:17,060 [main] INFO  impl.MetricsSystemImpl (MetricsSystemImpl.java:init(158)) - HddsDatanode metrics system started (again)
2019-10-02 21:06:17,064 [org.apache.hadoop.util.JvmPauseMonitor$Monitor@7e33e97e] INFO  util.JvmPauseMonitor (JvmPauseMonitor.java:run(188)) - Starting JVM pause monitor
2019-10-02 21:06:17,064 [main] INFO  ozone.HddsDatanodeService (HddsDatanodeService.java:start(184)) - HddsDatanodeService host:pr-hdds-2162-pj84x-1708865144 ip:192.168.164.206
2019-10-02 21:06:17,065 [Datanode State Machine Thread - 0] INFO  datanode.InitDatanodeState (InitDatanodeState.java:persistContainerDatanodeDetails(140)) - DatanodeDetails is persisted to /workdir/hadoop-ozone/integration-test/target/test-dir/MiniOzoneClusterImpl-3a252fbc-4287-47a2-893f-83f3490ca533/datanode-2/meta/datanode.id
2019-10-02 21:06:17,070 [main] INFO  volume.HddsVolume (HddsVolume.java:<init>(176)) - Creating Volume: /workdir/hadoop-ozone/integration-test/target/test-dir/MiniOzoneClusterImpl-3a252fbc-4287-47a2-893f-83f3490ca533/datanode-3/data/containers/hdds of  storage type : DISK and capacity : 1482555576320
2019-10-02 21:06:17,071 [main] INFO  volume.VolumeSet (VolumeSet.java:initializeVolumeSet(170)) - Added Volume : /workdir/hadoop-ozone/integration-test/target/test-dir/MiniOzoneClusterImpl-3a252fbc-4287-47a2-893f-83f3490ca533/datanode-3/data/containers/hdds to VolumeSet
2019-10-02 21:06:17,071 [main] INFO  volume.ThrottledAsyncChecker (ThrottledAsyncChecker.java:schedule(139)) - Scheduling a check for org.apache.hadoop.ozone.container.common.volume.HddsVolume@2c8b8de0
2019-10-02 21:06:17,071 [main] INFO  volume.HddsVolumeChecker (HddsVolumeChecker.java:checkAllVolumes(202)) - Scheduled health check for volume org.apache.hadoop.ozone.container.common.volume.HddsVolume@2c8b8de0
2019-10-02 21:06:17,086 [main] INFO  impl.RaftServerProxy (ConfUtils.java:logGet(43)) - raft.rpc.type = GRPC (default)
2019-10-02 21:06:17,086 [main] INFO  grpc.GrpcFactory (GrpcFactory.java:checkPooledByteBufAllocatorUseCacheForAllThreads(45)) - PERFORMANCE WARNING: useCacheForAllThreads is true that may cause Netty to create a lot garbage objects and, as a result, trigger GC.
	It is recommended to disable useCacheForAllThreads by setting -Dorg.apache.ratis.thirdparty.io.netty.allocator.useCacheForAllThreads=false in command line.
2019-10-02 21:06:17,086 [main] INFO  grpc.GrpcConfigKeys$Server (ConfUtils.java:logGet(43)) - raft.grpc.server.port = 0 (default)
2019-10-02 21:06:17,086 [main] INFO  server.GrpcService (ConfUtils.java:logGet(43)) - raft.grpc.message.size.max = 33570816 (custom)
2019-10-02 21:06:17,086 [main] INFO  server.RaftServerConfigKeys (ConfUtils.java:logGet(43)) - raft.server.log.appender.buffer.byte-limit = 33554432 (custom)
2019-10-02 21:06:17,087 [main] INFO  server.GrpcService (ConfUtils.java:logGet(43)) - raft.grpc.flow.control.window = 1MB (=1048576) (default)
2019-10-02 21:06:17,087 [main] INFO  server.RaftServerConfigKeys (ConfUtils.java:logGet(43)) - raft.server.rpc.request.timeout = 3000ms (default)
2019-10-02 21:06:17,087 [main] INFO  server.RaftServerConfigKeys (ConfUtils.java:logGet(43)) - raft.server.storage.dir = [/workdir/hadoop-ozone/integration-test/target/test-dir/MiniOzoneClusterImpl-3a252fbc-4287-47a2-893f-83f3490ca533/datanode-3/data/ratis] (custom)
2019-10-02 21:06:17,088 [main] INFO  hdfs.DFSUtil (DFSUtil.java:httpServerTemplateForNNAndJN(1641)) - Starting Web-server for hddsDatanode at: http://0.0.0.0:0
2019-10-02 21:06:17,090 [main] INFO  server.AuthenticationFilter (AuthenticationFilter.java:constructSecretProvider(240)) - Unable to initialize FileSignerSecretProvider, falling back to use random secrets.
2019-10-02 21:06:17,090 [main] WARN  http.HttpRequestLog (HttpRequestLog.java:getRequestLog(97)) - Jetty request log can only be enabled using Log4j
2019-10-02 21:06:17,091 [main] INFO  http.HttpServer2 (HttpServer2.java:addGlobalFilter(975)) - Added global filter 'safety' (class=org.apache.hadoop.http.HttpServer2$QuotingInputFilter)
2019-10-02 21:06:17,092 [main] INFO  http.HttpServer2 (HttpServer2.java:addFilter(948)) - Added filter static_user_filter (class=org.apache.hadoop.http.lib.StaticUserWebFilter$StaticUserFilter) to context hddsDatanode
2019-10-02 21:06:17,092 [main] INFO  http.HttpServer2 (HttpServer2.java:addFilter(958)) - Added filter static_user_filter (class=org.apache.hadoop.http.lib.StaticUserWebFilter$StaticUserFilter) to context static
2019-10-02 21:06:17,092 [main] INFO  http.HttpServer2 (HttpServer2.java:addFilter(958)) - Added filter static_user_filter (class=org.apache.hadoop.http.lib.StaticUserWebFilter$StaticUserFilter) to context logs
2019-10-02 21:06:17,092 [main] INFO  http.HttpServer2 (HttpServer2.java:bindListener(1191)) - Jetty bound to port 43637
2019-10-02 21:06:17,093 [main] INFO  server.Server (Server.java:doStart(351)) - jetty-9.3.25.v20180904, build timestamp: 2018-09-04T21:11:46Z, git hash: 3ce520221d0240229c862b122d2b06c12a625732
2019-10-02 21:06:17,094 [main] INFO  handler.ContextHandler (ContextHandler.java:doStart(781)) - Started o.e.j.s.ServletContextHandler@78116659{/logs,file:///workdir/hadoop-ozone/integration-test/target/log,AVAILABLE}
2019-10-02 21:06:17,095 [main] INFO  handler.ContextHandler (ContextHandler.java:doStart(781)) - Started o.e.j.s.ServletContextHandler@53ea380b{/static,jar:file:/home/user/.m2/repository/org/apache/hadoop/hadoop-hdds-container-service/0.5.0-SNAPSHOT/hadoop-hdds-container-service-0.5.0-SNAPSHOT.jar!/webapps/static,AVAILABLE}
2019-10-02 21:06:17,121 [main] INFO  handler.ContextHandler (ContextHandler.java:doStart(781)) - Started o.e.j.w.WebAppContext@56fda064{/,file:///tmp/jetty-0.0.0.0-43637-hddsDatanode-_-any-731891764841730645.dir/webapp/,AVAILABLE}{/hddsDatanode}
2019-10-02 21:06:17,122 [main] INFO  server.AbstractConnector (AbstractConnector.java:doStart(278)) - Started ServerConnector@6cdee57{HTTP/1.1,[http/1.1]}{0.0.0.0:43637}
2019-10-02 21:06:17,123 [main] INFO  server.Server (Server.java:doStart(419)) - Started @587097ms
2019-10-02 21:06:17,124 [main] WARN  impl.MetricsSystemImpl (MetricsSystemImpl.java:register(276)) - Sink prometheus already exists!
2019-10-02 21:06:17,124 [main] INFO  server.BaseHttpServer (BaseHttpServer.java:updateConnectorAddress(215)) - HTTP server of HDDSDATANODE is listening at http://0.0.0.0:43637
2019-10-02 21:06:17,124 [main] INFO  impl.MetricsSystemImpl (MetricsSystemImpl.java:init(158)) - HddsDatanode metrics system started (again)
2019-10-02 21:06:17,129 [org.apache.hadoop.util.JvmPauseMonitor$Monitor@5215e04a] INFO  util.JvmPauseMonitor (JvmPauseMonitor.java:run(188)) - Starting JVM pause monitor
2019-10-02 21:06:17,130 [main] INFO  ozone.HddsDatanodeService (HddsDatanodeService.java:start(184)) - HddsDatanodeService host:pr-hdds-2162-pj84x-1708865144 ip:192.168.164.206
2019-10-02 21:06:17,130 [Datanode State Machine Thread - 0] INFO  datanode.InitDatanodeState (InitDatanodeState.java:persistContainerDatanodeDetails(140)) - DatanodeDetails is persisted to /workdir/hadoop-ozone/integration-test/target/test-dir/MiniOzoneClusterImpl-3a252fbc-4287-47a2-893f-83f3490ca533/datanode-3/meta/datanode.id
2019-10-02 21:06:17,136 [main] INFO  volume.HddsVolume (HddsVolume.java:<init>(176)) - Creating Volume: /workdir/hadoop-ozone/integration-test/target/test-dir/MiniOzoneClusterImpl-3a252fbc-4287-47a2-893f-83f3490ca533/datanode-4/data/containers/hdds of  storage type : DISK and capacity : 1482555576320
2019-10-02 21:06:17,136 [main] INFO  volume.VolumeSet (VolumeSet.java:initializeVolumeSet(170)) - Added Volume : /workdir/hadoop-ozone/integration-test/target/test-dir/MiniOzoneClusterImpl-3a252fbc-4287-47a2-893f-83f3490ca533/datanode-4/data/containers/hdds to VolumeSet
2019-10-02 21:06:17,136 [main] INFO  volume.ThrottledAsyncChecker (ThrottledAsyncChecker.java:schedule(139)) - Scheduling a check for org.apache.hadoop.ozone.container.common.volume.HddsVolume@27ab206
2019-10-02 21:06:17,137 [main] INFO  volume.HddsVolumeChecker (HddsVolumeChecker.java:checkAllVolumes(202)) - Scheduled health check for volume org.apache.hadoop.ozone.container.common.volume.HddsVolume@27ab206
2019-10-02 21:06:17,149 [main] INFO  impl.RaftServerProxy (ConfUtils.java:logGet(43)) - raft.rpc.type = GRPC (default)
2019-10-02 21:06:17,150 [main] INFO  grpc.GrpcFactory (GrpcFactory.java:checkPooledByteBufAllocatorUseCacheForAllThreads(45)) - PERFORMANCE WARNING: useCacheForAllThreads is true that may cause Netty to create a lot garbage objects and, as a result, trigger GC.
	It is recommended to disable useCacheForAllThreads by setting -Dorg.apache.ratis.thirdparty.io.netty.allocator.useCacheForAllThreads=false in command line.
2019-10-02 21:06:17,150 [main] INFO  grpc.GrpcConfigKeys$Server (ConfUtils.java:logGet(43)) - raft.grpc.server.port = 0 (default)
2019-10-02 21:06:17,150 [main] INFO  server.GrpcService (ConfUtils.java:logGet(43)) - raft.grpc.message.size.max = 33570816 (custom)
2019-10-02 21:06:17,150 [main] INFO  server.RaftServerConfigKeys (ConfUtils.java:logGet(43)) - raft.server.log.appender.buffer.byte-limit = 33554432 (custom)
2019-10-02 21:06:17,150 [main] INFO  server.GrpcService (ConfUtils.java:logGet(43)) - raft.grpc.flow.control.window = 1MB (=1048576) (default)
2019-10-02 21:06:17,150 [main] INFO  server.RaftServerConfigKeys (ConfUtils.java:logGet(43)) - raft.server.rpc.request.timeout = 3000ms (default)
2019-10-02 21:06:17,151 [main] INFO  server.RaftServerConfigKeys (ConfUtils.java:logGet(43)) - raft.server.storage.dir = [/workdir/hadoop-ozone/integration-test/target/test-dir/MiniOzoneClusterImpl-3a252fbc-4287-47a2-893f-83f3490ca533/datanode-4/data/ratis] (custom)
2019-10-02 21:06:17,152 [main] INFO  hdfs.DFSUtil (DFSUtil.java:httpServerTemplateForNNAndJN(1641)) - Starting Web-server for hddsDatanode at: http://0.0.0.0:0
2019-10-02 21:06:17,153 [main] INFO  server.AuthenticationFilter (AuthenticationFilter.java:constructSecretProvider(240)) - Unable to initialize FileSignerSecretProvider, falling back to use random secrets.
2019-10-02 21:06:17,153 [main] WARN  http.HttpRequestLog (HttpRequestLog.java:getRequestLog(97)) - Jetty request log can only be enabled using Log4j
2019-10-02 21:06:17,155 [main] INFO  http.HttpServer2 (HttpServer2.java:addGlobalFilter(975)) - Added global filter 'safety' (class=org.apache.hadoop.http.HttpServer2$QuotingInputFilter)
2019-10-02 21:06:17,155 [main] INFO  http.HttpServer2 (HttpServer2.java:addFilter(948)) - Added filter static_user_filter (class=org.apache.hadoop.http.lib.StaticUserWebFilter$StaticUserFilter) to context hddsDatanode
2019-10-02 21:06:17,155 [main] INFO  http.HttpServer2 (HttpServer2.java:addFilter(958)) - Added filter static_user_filter (class=org.apache.hadoop.http.lib.StaticUserWebFilter$StaticUserFilter) to context static
2019-10-02 21:06:17,155 [main] INFO  http.HttpServer2 (HttpServer2.java:addFilter(958)) - Added filter static_user_filter (class=org.apache.hadoop.http.lib.StaticUserWebFilter$StaticUserFilter) to context logs
2019-10-02 21:06:17,156 [main] INFO  http.HttpServer2 (HttpServer2.java:bindListener(1191)) - Jetty bound to port 33230
2019-10-02 21:06:17,156 [main] INFO  server.Server (Server.java:doStart(351)) - jetty-9.3.25.v20180904, build timestamp: 2018-09-04T21:11:46Z, git hash: 3ce520221d0240229c862b122d2b06c12a625732
2019-10-02 21:06:17,157 [main] INFO  handler.ContextHandler (ContextHandler.java:doStart(781)) - Started o.e.j.s.ServletContextHandler@18a98913{/logs,file:///workdir/hadoop-ozone/integration-test/target/log,AVAILABLE}
2019-10-02 21:06:17,158 [main] INFO  handler.ContextHandler (ContextHandler.java:doStart(781)) - Started o.e.j.s.ServletContextHandler@34f7b44f{/static,jar:file:/home/user/.m2/repository/org/apache/hadoop/hadoop-hdds-container-service/0.5.0-SNAPSHOT/hadoop-hdds-container-service-0.5.0-SNAPSHOT.jar!/webapps/static,AVAILABLE}
2019-10-02 21:06:17,184 [main] INFO  handler.ContextHandler (ContextHandler.java:doStart(781)) - Started o.e.j.w.WebAppContext@2e0ad709{/,file:///tmp/jetty-0.0.0.0-33230-hddsDatanode-_-any-687129306314416951.dir/webapp/,AVAILABLE}{/hddsDatanode}
2019-10-02 21:06:17,184 [main] INFO  server.AbstractConnector (AbstractConnector.java:doStart(278)) - Started ServerConnector@1fe8f5e8{HTTP/1.1,[http/1.1]}{0.0.0.0:33230}
2019-10-02 21:06:17,184 [main] INFO  server.Server (Server.java:doStart(419)) - Started @587157ms
2019-10-02 21:06:17,186 [main] WARN  impl.MetricsSystemImpl (MetricsSystemImpl.java:register(276)) - Sink prometheus already exists!
2019-10-02 21:06:17,186 [main] INFO  server.BaseHttpServer (BaseHttpServer.java:updateConnectorAddress(215)) - HTTP server of HDDSDATANODE is listening at http://0.0.0.0:33230
2019-10-02 21:06:17,186 [main] INFO  impl.MetricsSystemImpl (MetricsSystemImpl.java:init(158)) - HddsDatanode metrics system started (again)
2019-10-02 21:06:17,191 [org.apache.hadoop.util.JvmPauseMonitor$Monitor@40ac940c] INFO  util.JvmPauseMonitor (JvmPauseMonitor.java:run(188)) - Starting JVM pause monitor
2019-10-02 21:06:17,192 [main] INFO  ozone.HddsDatanodeService (HddsDatanodeService.java:start(184)) - HddsDatanodeService host:pr-hdds-2162-pj84x-1708865144 ip:192.168.164.206
2019-10-02 21:06:17,192 [Datanode State Machine Thread - 0] INFO  datanode.InitDatanodeState (InitDatanodeState.java:persistContainerDatanodeDetails(140)) - DatanodeDetails is persisted to /workdir/hadoop-ozone/integration-test/target/test-dir/MiniOzoneClusterImpl-3a252fbc-4287-47a2-893f-83f3490ca533/datanode-4/meta/datanode.id
2019-10-02 21:06:17,197 [main] INFO  volume.HddsVolume (HddsVolume.java:<init>(176)) - Creating Volume: /workdir/hadoop-ozone/integration-test/target/test-dir/MiniOzoneClusterImpl-3a252fbc-4287-47a2-893f-83f3490ca533/datanode-5/data/containers/hdds of  storage type : DISK and capacity : 1482555576320
2019-10-02 21:06:17,197 [main] INFO  volume.VolumeSet (VolumeSet.java:initializeVolumeSet(170)) - Added Volume : /workdir/hadoop-ozone/integration-test/target/test-dir/MiniOzoneClusterImpl-3a252fbc-4287-47a2-893f-83f3490ca533/datanode-5/data/containers/hdds to VolumeSet
2019-10-02 21:06:17,198 [main] INFO  volume.ThrottledAsyncChecker (ThrottledAsyncChecker.java:schedule(139)) - Scheduling a check for org.apache.hadoop.ozone.container.common.volume.HddsVolume@54ccb3
2019-10-02 21:06:17,198 [main] INFO  volume.HddsVolumeChecker (HddsVolumeChecker.java:checkAllVolumes(202)) - Scheduled health check for volume org.apache.hadoop.ozone.container.common.volume.HddsVolume@54ccb3
2019-10-02 21:06:17,211 [main] INFO  impl.RaftServerProxy (ConfUtils.java:logGet(43)) - raft.rpc.type = GRPC (default)
2019-10-02 21:06:17,211 [main] INFO  grpc.GrpcFactory (GrpcFactory.java:checkPooledByteBufAllocatorUseCacheForAllThreads(45)) - PERFORMANCE WARNING: useCacheForAllThreads is true that may cause Netty to create a lot garbage objects and, as a result, trigger GC.
	It is recommended to disable useCacheForAllThreads by setting -Dorg.apache.ratis.thirdparty.io.netty.allocator.useCacheForAllThreads=false in command line.
2019-10-02 21:06:17,211 [main] INFO  grpc.GrpcConfigKeys$Server (ConfUtils.java:logGet(43)) - raft.grpc.server.port = 0 (default)
2019-10-02 21:06:17,211 [main] INFO  server.GrpcService (ConfUtils.java:logGet(43)) - raft.grpc.message.size.max = 33570816 (custom)
2019-10-02 21:06:17,212 [main] INFO  server.RaftServerConfigKeys (ConfUtils.java:logGet(43)) - raft.server.log.appender.buffer.byte-limit = 33554432 (custom)
2019-10-02 21:06:17,212 [main] INFO  server.GrpcService (ConfUtils.java:logGet(43)) - raft.grpc.flow.control.window = 1MB (=1048576) (default)
2019-10-02 21:06:17,212 [main] INFO  server.RaftServerConfigKeys (ConfUtils.java:logGet(43)) - raft.server.rpc.request.timeout = 3000ms (default)
2019-10-02 21:06:17,212 [main] INFO  server.RaftServerConfigKeys (ConfUtils.java:logGet(43)) - raft.server.storage.dir = [/workdir/hadoop-ozone/integration-test/target/test-dir/MiniOzoneClusterImpl-3a252fbc-4287-47a2-893f-83f3490ca533/datanode-5/data/ratis] (custom)
2019-10-02 21:06:17,214 [main] INFO  hdfs.DFSUtil (DFSUtil.java:httpServerTemplateForNNAndJN(1641)) - Starting Web-server for hddsDatanode at: http://0.0.0.0:0
2019-10-02 21:06:17,215 [main] INFO  server.AuthenticationFilter (AuthenticationFilter.java:constructSecretProvider(240)) - Unable to initialize FileSignerSecretProvider, falling back to use random secrets.
2019-10-02 21:06:17,215 [main] WARN  http.HttpRequestLog (HttpRequestLog.java:getRequestLog(97)) - Jetty request log can only be enabled using Log4j
2019-10-02 21:06:17,217 [main] INFO  http.HttpServer2 (HttpServer2.java:addGlobalFilter(975)) - Added global filter 'safety' (class=org.apache.hadoop.http.HttpServer2$QuotingInputFilter)
2019-10-02 21:06:17,217 [main] INFO  http.HttpServer2 (HttpServer2.java:addFilter(948)) - Added filter static_user_filter (class=org.apache.hadoop.http.lib.StaticUserWebFilter$StaticUserFilter) to context hddsDatanode
2019-10-02 21:06:17,217 [main] INFO  http.HttpServer2 (HttpServer2.java:addFilter(958)) - Added filter static_user_filter (class=org.apache.hadoop.http.lib.StaticUserWebFilter$StaticUserFilter) to context static
2019-10-02 21:06:17,217 [main] INFO  http.HttpServer2 (HttpServer2.java:addFilter(958)) - Added filter static_user_filter (class=org.apache.hadoop.http.lib.StaticUserWebFilter$StaticUserFilter) to context logs
2019-10-02 21:06:17,218 [main] INFO  http.HttpServer2 (HttpServer2.java:bindListener(1191)) - Jetty bound to port 34329
2019-10-02 21:06:17,218 [main] INFO  server.Server (Server.java:doStart(351)) - jetty-9.3.25.v20180904, build timestamp: 2018-09-04T21:11:46Z, git hash: 3ce520221d0240229c862b122d2b06c12a625732
2019-10-02 21:06:17,219 [main] INFO  handler.ContextHandler (ContextHandler.java:doStart(781)) - Started o.e.j.s.ServletContextHandler@4faf1f4{/logs,file:///workdir/hadoop-ozone/integration-test/target/log,AVAILABLE}
2019-10-02 21:06:17,220 [main] INFO  handler.ContextHandler (ContextHandler.java:doStart(781)) - Started o.e.j.s.ServletContextHandler@7f2b584b{/static,jar:file:/home/user/.m2/repository/org/apache/hadoop/hadoop-hdds-container-service/0.5.0-SNAPSHOT/hadoop-hdds-container-service-0.5.0-SNAPSHOT.jar!/webapps/static,AVAILABLE}
2019-10-02 21:06:17,245 [main] INFO  handler.ContextHandler (ContextHandler.java:doStart(781)) - Started o.e.j.w.WebAppContext@79cb8ffa{/,file:///tmp/jetty-0.0.0.0-34329-hddsDatanode-_-any-839562697577762696.dir/webapp/,AVAILABLE}{/hddsDatanode}
2019-10-02 21:06:17,246 [main] INFO  server.AbstractConnector (AbstractConnector.java:doStart(278)) - Started ServerConnector@1a2e563e{HTTP/1.1,[http/1.1]}{0.0.0.0:34329}
2019-10-02 21:06:17,247 [main] INFO  server.Server (Server.java:doStart(419)) - Started @587221ms
2019-10-02 21:06:17,248 [main] WARN  impl.MetricsSystemImpl (MetricsSystemImpl.java:register(276)) - Sink prometheus already exists!
2019-10-02 21:06:17,248 [main] INFO  server.BaseHttpServer (BaseHttpServer.java:updateConnectorAddress(215)) - HTTP server of HDDSDATANODE is listening at http://0.0.0.0:34329
2019-10-02 21:06:17,249 [main] INFO  impl.MetricsSystemImpl (MetricsSystemImpl.java:init(158)) - HddsDatanode metrics system started (again)
2019-10-02 21:06:17,254 [org.apache.hadoop.util.JvmPauseMonitor$Monitor@130be448] INFO  util.JvmPauseMonitor (JvmPauseMonitor.java:run(188)) - Starting JVM pause monitor
2019-10-02 21:06:17,254 [main] INFO  ozone.HddsDatanodeService (HddsDatanodeService.java:start(184)) - HddsDatanodeService host:pr-hdds-2162-pj84x-1708865144 ip:192.168.164.206
2019-10-02 21:06:17,255 [Datanode State Machine Thread - 0] INFO  datanode.InitDatanodeState (InitDatanodeState.java:persistContainerDatanodeDetails(140)) - DatanodeDetails is persisted to /workdir/hadoop-ozone/integration-test/target/test-dir/MiniOzoneClusterImpl-3a252fbc-4287-47a2-893f-83f3490ca533/datanode-5/meta/datanode.id
2019-10-02 21:06:17,261 [main] INFO  volume.HddsVolume (HddsVolume.java:<init>(176)) - Creating Volume: /workdir/hadoop-ozone/integration-test/target/test-dir/MiniOzoneClusterImpl-3a252fbc-4287-47a2-893f-83f3490ca533/datanode-6/data/containers/hdds of  storage type : DISK and capacity : 1482555576320
2019-10-02 21:06:17,261 [main] INFO  volume.VolumeSet (VolumeSet.java:initializeVolumeSet(170)) - Added Volume : /workdir/hadoop-ozone/integration-test/target/test-dir/MiniOzoneClusterImpl-3a252fbc-4287-47a2-893f-83f3490ca533/datanode-6/data/containers/hdds to VolumeSet
2019-10-02 21:06:17,262 [main] INFO  volume.ThrottledAsyncChecker (ThrottledAsyncChecker.java:schedule(139)) - Scheduling a check for org.apache.hadoop.ozone.container.common.volume.HddsVolume@aa1bb14
2019-10-02 21:06:17,262 [main] INFO  volume.HddsVolumeChecker (HddsVolumeChecker.java:checkAllVolumes(202)) - Scheduled health check for volume org.apache.hadoop.ozone.container.common.volume.HddsVolume@aa1bb14
2019-10-02 21:06:17,273 [main] INFO  impl.RaftServerProxy (ConfUtils.java:logGet(43)) - raft.rpc.type = GRPC (default)
2019-10-02 21:06:17,274 [main] INFO  grpc.GrpcFactory (GrpcFactory.java:checkPooledByteBufAllocatorUseCacheForAllThreads(45)) - PERFORMANCE WARNING: useCacheForAllThreads is true that may cause Netty to create a lot garbage objects and, as a result, trigger GC.
	It is recommended to disable useCacheForAllThreads by setting -Dorg.apache.ratis.thirdparty.io.netty.allocator.useCacheForAllThreads=false in command line.
2019-10-02 21:06:17,274 [main] INFO  grpc.GrpcConfigKeys$Server (ConfUtils.java:logGet(43)) - raft.grpc.server.port = 0 (default)
2019-10-02 21:06:17,274 [main] INFO  server.GrpcService (ConfUtils.java:logGet(43)) - raft.grpc.message.size.max = 33570816 (custom)
2019-10-02 21:06:17,274 [main] INFO  server.RaftServerConfigKeys (ConfUtils.java:logGet(43)) - raft.server.log.appender.buffer.byte-limit = 33554432 (custom)
2019-10-02 21:06:17,274 [main] INFO  server.GrpcService (ConfUtils.java:logGet(43)) - raft.grpc.flow.control.window = 1MB (=1048576) (default)
2019-10-02 21:06:17,274 [main] INFO  server.RaftServerConfigKeys (ConfUtils.java:logGet(43)) - raft.server.rpc.request.timeout = 3000ms (default)
2019-10-02 21:06:17,275 [main] INFO  server.RaftServerConfigKeys (ConfUtils.java:logGet(43)) - raft.server.storage.dir = [/workdir/hadoop-ozone/integration-test/target/test-dir/MiniOzoneClusterImpl-3a252fbc-4287-47a2-893f-83f3490ca533/datanode-6/data/ratis] (custom)
2019-10-02 21:06:17,276 [main] INFO  hdfs.DFSUtil (DFSUtil.java:httpServerTemplateForNNAndJN(1641)) - Starting Web-server for hddsDatanode at: http://0.0.0.0:0
2019-10-02 21:06:17,277 [main] INFO  server.AuthenticationFilter (AuthenticationFilter.java:constructSecretProvider(240)) - Unable to initialize FileSignerSecretProvider, falling back to use random secrets.
2019-10-02 21:06:17,277 [main] WARN  http.HttpRequestLog (HttpRequestLog.java:getRequestLog(97)) - Jetty request log can only be enabled using Log4j
2019-10-02 21:06:17,279 [main] INFO  http.HttpServer2 (HttpServer2.java:addGlobalFilter(975)) - Added global filter 'safety' (class=org.apache.hadoop.http.HttpServer2$QuotingInputFilter)
2019-10-02 21:06:17,279 [main] INFO  http.HttpServer2 (HttpServer2.java:addFilter(948)) - Added filter static_user_filter (class=org.apache.hadoop.http.lib.StaticUserWebFilter$StaticUserFilter) to context hddsDatanode
2019-10-02 21:06:17,280 [main] INFO  http.HttpServer2 (HttpServer2.java:addFilter(958)) - Added filter static_user_filter (class=org.apache.hadoop.http.lib.StaticUserWebFilter$StaticUserFilter) to context logs
2019-10-02 21:06:17,280 [main] INFO  http.HttpServer2 (HttpServer2.java:addFilter(958)) - Added filter static_user_filter (class=org.apache.hadoop.http.lib.StaticUserWebFilter$StaticUserFilter) to context static
2019-10-02 21:06:17,280 [main] INFO  http.HttpServer2 (HttpServer2.java:bindListener(1191)) - Jetty bound to port 43493
2019-10-02 21:06:17,281 [main] INFO  server.Server (Server.java:doStart(351)) - jetty-9.3.25.v20180904, build timestamp: 2018-09-04T21:11:46Z, git hash: 3ce520221d0240229c862b122d2b06c12a625732
2019-10-02 21:06:17,282 [main] INFO  handler.ContextHandler (ContextHandler.java:doStart(781)) - Started o.e.j.s.ServletContextHandler@615439f7{/logs,file:///workdir/hadoop-ozone/integration-test/target/log,AVAILABLE}
2019-10-02 21:06:17,282 [main] INFO  handler.ContextHandler (ContextHandler.java:doStart(781)) - Started o.e.j.s.ServletContextHandler@51b87df7{/static,jar:file:/home/user/.m2/repository/org/apache/hadoop/hadoop-hdds-container-service/0.5.0-SNAPSHOT/hadoop-hdds-container-service-0.5.0-SNAPSHOT.jar!/webapps/static,AVAILABLE}
2019-10-02 21:06:17,308 [main] INFO  handler.ContextHandler (ContextHandler.java:doStart(781)) - Started o.e.j.w.WebAppContext@31881aa2{/,file:///tmp/jetty-0.0.0.0-43493-hddsDatanode-_-any-2067202714394154443.dir/webapp/,AVAILABLE}{/hddsDatanode}
2019-10-02 21:06:17,309 [main] INFO  server.AbstractConnector (AbstractConnector.java:doStart(278)) - Started ServerConnector@1b46392c{HTTP/1.1,[http/1.1]}{0.0.0.0:43493}
2019-10-02 21:06:17,316 [main] INFO  server.Server (Server.java:doStart(419)) - Started @587290ms
2019-10-02 21:06:17,317 [main] WARN  impl.MetricsSystemImpl (MetricsSystemImpl.java:register(276)) - Sink prometheus already exists!
2019-10-02 21:06:17,317 [main] INFO  server.BaseHttpServer (BaseHttpServer.java:updateConnectorAddress(215)) - HTTP server of HDDSDATANODE is listening at http://0.0.0.0:43493
2019-10-02 21:06:17,318 [main] INFO  ozone.MiniOzoneClusterImpl (MiniOzoneClusterImpl.java:lambda$waitForClusterToBeReady$0(147)) - Waiting for cluster to be ready. Got 0 of 7 DN Heartbeats.
2019-10-02 21:06:17,318 [org.apache.hadoop.util.JvmPauseMonitor$Monitor@41a927a7] INFO  util.JvmPauseMonitor (JvmPauseMonitor.java:run(188)) - Starting JVM pause monitor
2019-10-02 21:06:17,319 [Datanode State Machine Thread - 0] INFO  datanode.InitDatanodeState (InitDatanodeState.java:persistContainerDatanodeDetails(140)) - DatanodeDetails is persisted to /workdir/hadoop-ozone/integration-test/target/test-dir/MiniOzoneClusterImpl-3a252fbc-4287-47a2-893f-83f3490ca533/datanode-6/meta/datanode.id
2019-10-02 21:06:18,318 [main] INFO  ozone.MiniOzoneClusterImpl (MiniOzoneClusterImpl.java:lambda$waitForClusterToBeReady$0(147)) - Waiting for cluster to be ready. Got 0 of 7 DN Heartbeats.
2019-10-02 21:06:18,933 [Datanode State Machine Thread - 0] INFO  ozoneimpl.OzoneContainer (OzoneContainer.java:start(217)) - Attempting to start container services.
2019-10-02 21:06:18,934 [Datanode State Machine Thread - 0] INFO  ozoneimpl.OzoneContainer (OzoneContainer.java:startContainerScrub(179)) - Background container scanner has been disabled.
2019-10-02 21:06:18,934 [Datanode State Machine Thread - 0] INFO  ratis.XceiverServerRatis (XceiverServerRatis.java:start(417)) - Starting XceiverServerRatis 070326aa-f1fa-4acf-9143-3b73f4503201 at port 0
2019-10-02 21:06:18,939 [Datanode State Machine Thread - 0] INFO  impl.RaftServerProxy (RaftServerProxy.java:lambda$start$3(299)) - 070326aa-f1fa-4acf-9143-3b73f4503201: start RPC server
2019-10-02 21:06:18,941 [Datanode State Machine Thread - 0] INFO  server.GrpcService (GrpcService.java:startImpl(158)) - 070326aa-f1fa-4acf-9143-3b73f4503201: GrpcService started, listening on 0.0.0.0/0.0.0.0:40114
2019-10-02 21:06:18,941 [Datanode State Machine Thread - 0] INFO  ratis.XceiverServerRatis (XceiverServerRatis.java:start(427)) - XceiverServerRatis 070326aa-f1fa-4acf-9143-3b73f4503201 is started using port 40114
2019-10-02 21:06:18,941 [Datanode State Machine Thread - 0] INFO  server.XceiverServerGrpc (XceiverServerGrpc.java:start(149)) - XceiverServerGrpc 070326aa-f1fa-4acf-9143-3b73f4503201 is started using port 42682
2019-10-02 21:06:19,007 [Datanode State Machine Thread - 0] INFO  ozoneimpl.OzoneContainer (OzoneContainer.java:start(217)) - Attempting to start container services.
2019-10-02 21:06:19,007 [Datanode State Machine Thread - 0] INFO  ozoneimpl.OzoneContainer (OzoneContainer.java:startContainerScrub(179)) - Background container scanner has been disabled.
2019-10-02 21:06:19,007 [Datanode State Machine Thread - 0] INFO  ratis.XceiverServerRatis (XceiverServerRatis.java:start(417)) - Starting XceiverServerRatis 7d6f8f3d-8939-42dd-bbbd-f72a8fc3ef97 at port 0
2019-10-02 21:06:19,013 [Datanode State Machine Thread - 0] INFO  impl.RaftServerProxy (RaftServerProxy.java:lambda$start$3(299)) - 7d6f8f3d-8939-42dd-bbbd-f72a8fc3ef97: start RPC server
2019-10-02 21:06:19,016 [Datanode State Machine Thread - 0] INFO  server.GrpcService (GrpcService.java:startImpl(158)) - 7d6f8f3d-8939-42dd-bbbd-f72a8fc3ef97: GrpcService started, listening on 0.0.0.0/0.0.0.0:43483
2019-10-02 21:06:19,016 [Datanode State Machine Thread - 0] INFO  ratis.XceiverServerRatis (XceiverServerRatis.java:start(427)) - XceiverServerRatis 7d6f8f3d-8939-42dd-bbbd-f72a8fc3ef97 is started using port 43483
2019-10-02 21:06:19,016 [Datanode State Machine Thread - 0] INFO  server.XceiverServerGrpc (XceiverServerGrpc.java:start(149)) - XceiverServerGrpc 7d6f8f3d-8939-42dd-bbbd-f72a8fc3ef97 is started using port 35730
2019-10-02 21:06:19,079 [Datanode State Machine Thread - 0] INFO  ozoneimpl.OzoneContainer (OzoneContainer.java:start(217)) - Attempting to start container services.
2019-10-02 21:06:19,080 [Datanode State Machine Thread - 0] INFO  ozoneimpl.OzoneContainer (OzoneContainer.java:startContainerScrub(179)) - Background container scanner has been disabled.
2019-10-02 21:06:19,080 [Datanode State Machine Thread - 0] INFO  ratis.XceiverServerRatis (XceiverServerRatis.java:start(417)) - Starting XceiverServerRatis 5edb5b81-e56f-48e0-a3d6-7479a545ce64 at port 0
2019-10-02 21:06:19,087 [Datanode State Machine Thread - 0] INFO  impl.RaftServerProxy (RaftServerProxy.java:lambda$start$3(299)) - 5edb5b81-e56f-48e0-a3d6-7479a545ce64: start RPC server
2019-10-02 21:06:19,088 [Datanode State Machine Thread - 0] INFO  server.GrpcService (GrpcService.java:startImpl(158)) - 5edb5b81-e56f-48e0-a3d6-7479a545ce64: GrpcService started, listening on 0.0.0.0/0.0.0.0:39550
2019-10-02 21:06:19,088 [Datanode State Machine Thread - 0] INFO  ratis.XceiverServerRatis (XceiverServerRatis.java:start(427)) - XceiverServerRatis 5edb5b81-e56f-48e0-a3d6-7479a545ce64 is started using port 39550
2019-10-02 21:06:19,094 [Datanode State Machine Thread - 0] INFO  server.XceiverServerGrpc (XceiverServerGrpc.java:start(149)) - XceiverServerGrpc 5edb5b81-e56f-48e0-a3d6-7479a545ce64 is started using port 35673
2019-10-02 21:06:19,142 [Datanode State Machine Thread - 0] INFO  ozoneimpl.OzoneContainer (OzoneContainer.java:start(217)) - Attempting to start container services.
2019-10-02 21:06:19,142 [Datanode State Machine Thread - 0] INFO  ozoneimpl.OzoneContainer (OzoneContainer.java:startContainerScrub(179)) - Background container scanner has been disabled.
2019-10-02 21:06:19,142 [Datanode State Machine Thread - 0] INFO  ratis.XceiverServerRatis (XceiverServerRatis.java:start(417)) - Starting XceiverServerRatis 18b3ba82-8644-4b44-b91b-2038c85b7def at port 0
2019-10-02 21:06:19,147 [Datanode State Machine Thread - 0] INFO  impl.RaftServerProxy (RaftServerProxy.java:lambda$start$3(299)) - 18b3ba82-8644-4b44-b91b-2038c85b7def: start RPC server
2019-10-02 21:06:19,148 [Datanode State Machine Thread - 0] INFO  server.GrpcService (GrpcService.java:startImpl(158)) - 18b3ba82-8644-4b44-b91b-2038c85b7def: GrpcService started, listening on 0.0.0.0/0.0.0.0:33333
2019-10-02 21:06:19,148 [Datanode State Machine Thread - 0] INFO  ratis.XceiverServerRatis (XceiverServerRatis.java:start(427)) - XceiverServerRatis 18b3ba82-8644-4b44-b91b-2038c85b7def is started using port 33333
2019-10-02 21:06:19,149 [Datanode State Machine Thread - 0] INFO  server.XceiverServerGrpc (XceiverServerGrpc.java:start(149)) - XceiverServerGrpc 18b3ba82-8644-4b44-b91b-2038c85b7def is started using port 38657
2019-10-02 21:06:19,205 [Datanode State Machine Thread - 0] INFO  ozoneimpl.OzoneContainer (OzoneContainer.java:start(217)) - Attempting to start container services.
2019-10-02 21:06:19,205 [Datanode State Machine Thread - 0] INFO  ozoneimpl.OzoneContainer (OzoneContainer.java:startContainerScrub(179)) - Background container scanner has been disabled.
2019-10-02 21:06:19,205 [Datanode State Machine Thread - 0] INFO  ratis.XceiverServerRatis (XceiverServerRatis.java:start(417)) - Starting XceiverServerRatis 77825903-4878-47e9-9161-8fc3ca3e4e76 at port 0
2019-10-02 21:06:19,213 [Datanode State Machine Thread - 0] INFO  impl.RaftServerProxy (RaftServerProxy.java:lambda$start$3(299)) - 77825903-4878-47e9-9161-8fc3ca3e4e76: start RPC server
2019-10-02 21:06:19,230 [Datanode State Machine Thread - 0] INFO  server.GrpcService (GrpcService.java:startImpl(158)) - 77825903-4878-47e9-9161-8fc3ca3e4e76: GrpcService started, listening on 0.0.0.0/0.0.0.0:45780
2019-10-02 21:06:19,230 [Datanode State Machine Thread - 0] INFO  ratis.XceiverServerRatis (XceiverServerRatis.java:start(427)) - XceiverServerRatis 77825903-4878-47e9-9161-8fc3ca3e4e76 is started using port 45780
2019-10-02 21:06:19,231 [Datanode State Machine Thread - 0] INFO  server.XceiverServerGrpc (XceiverServerGrpc.java:start(149)) - XceiverServerGrpc 77825903-4878-47e9-9161-8fc3ca3e4e76 is started using port 46005
2019-10-02 21:06:19,268 [Datanode State Machine Thread - 0] INFO  ozoneimpl.OzoneContainer (OzoneContainer.java:start(217)) - Attempting to start container services.
2019-10-02 21:06:19,268 [Datanode State Machine Thread - 0] INFO  ozoneimpl.OzoneContainer (OzoneContainer.java:startContainerScrub(179)) - Background container scanner has been disabled.
2019-10-02 21:06:19,268 [Datanode State Machine Thread - 0] INFO  ratis.XceiverServerRatis (XceiverServerRatis.java:start(417)) - Starting XceiverServerRatis 9f78b666-09ed-47d3-a843-81f82f1ca7ed at port 0
2019-10-02 21:06:19,276 [Datanode State Machine Thread - 0] INFO  impl.RaftServerProxy (RaftServerProxy.java:lambda$start$3(299)) - 9f78b666-09ed-47d3-a843-81f82f1ca7ed: start RPC server
2019-10-02 21:06:19,279 [Datanode State Machine Thread - 0] INFO  server.GrpcService (GrpcService.java:startImpl(158)) - 9f78b666-09ed-47d3-a843-81f82f1ca7ed: GrpcService started, listening on 0.0.0.0/0.0.0.0:35633
2019-10-02 21:06:19,279 [Datanode State Machine Thread - 0] INFO  ratis.XceiverServerRatis (XceiverServerRatis.java:start(427)) - XceiverServerRatis 9f78b666-09ed-47d3-a843-81f82f1ca7ed is started using port 35633
2019-10-02 21:06:19,279 [Datanode State Machine Thread - 0] INFO  server.XceiverServerGrpc (XceiverServerGrpc.java:start(149)) - XceiverServerGrpc 9f78b666-09ed-47d3-a843-81f82f1ca7ed is started using port 34722
2019-10-02 21:06:19,318 [main] INFO  ozone.MiniOzoneClusterImpl (MiniOzoneClusterImpl.java:lambda$waitForClusterToBeReady$0(147)) - Waiting for cluster to be ready. Got 0 of 7 DN Heartbeats.
2019-10-02 21:06:19,331 [Datanode State Machine Thread - 0] INFO  ozoneimpl.OzoneContainer (OzoneContainer.java:start(217)) - Attempting to start container services.
2019-10-02 21:06:19,331 [Datanode State Machine Thread - 0] INFO  ozoneimpl.OzoneContainer (OzoneContainer.java:startContainerScrub(179)) - Background container scanner has been disabled.
2019-10-02 21:06:19,331 [Datanode State Machine Thread - 0] INFO  ratis.XceiverServerRatis (XceiverServerRatis.java:start(417)) - Starting XceiverServerRatis 7efb7e80-247f-43d1-8c8b-821d8662123a at port 0
2019-10-02 21:06:19,338 [Datanode State Machine Thread - 0] INFO  impl.RaftServerProxy (RaftServerProxy.java:lambda$start$3(299)) - 7efb7e80-247f-43d1-8c8b-821d8662123a: start RPC server
2019-10-02 21:06:19,341 [Datanode State Machine Thread - 0] INFO  server.GrpcService (GrpcService.java:startImpl(158)) - 7efb7e80-247f-43d1-8c8b-821d8662123a: GrpcService started, listening on 0.0.0.0/0.0.0.0:37366
2019-10-02 21:06:19,341 [Datanode State Machine Thread - 0] INFO  ratis.XceiverServerRatis (XceiverServerRatis.java:start(427)) - XceiverServerRatis 7efb7e80-247f-43d1-8c8b-821d8662123a is started using port 37366
2019-10-02 21:06:19,342 [Datanode State Machine Thread - 0] INFO  server.XceiverServerGrpc (XceiverServerGrpc.java:start(149)) - XceiverServerGrpc 7efb7e80-247f-43d1-8c8b-821d8662123a is started using port 40297
2019-10-02 21:06:20,319 [main] INFO  ozone.MiniOzoneClusterImpl (MiniOzoneClusterImpl.java:lambda$waitForClusterToBeReady$0(147)) - Waiting for cluster to be ready. Got 0 of 7 DN Heartbeats.
2019-10-02 21:06:20,913 [IPC Server handler 3 on 37705] INFO  net.NetworkTopology (NetworkTopologyImpl.java:add(111)) - Added a new node: /default-rack/070326aa-f1fa-4acf-9143-3b73f4503201
2019-10-02 21:06:20,916 [IPC Server handler 3 on 37705] INFO  node.SCMNodeManager (SCMNodeManager.java:register(266)) - Registered Data node : 070326aa-f1fa-4acf-9143-3b73f4503201{ip: 192.168.164.206, host: pr-hdds-2162-pj84x-1708865144, networkLocation: /default-rack, certSerialId: null}
2019-10-02 21:06:20,918 [EventQueue-NodeRegistrationContainerReportForDataNodeSafeModeRule] INFO  safemode.SCMSafeModeManager (DataNodeSafeModeRule.java:process(71)) - SCM in safe mode. 1 DataNodes registered, 1 required.
2019-10-02 21:06:20,920 [EventQueue-NodeRegistrationContainerReportForDataNodeSafeModeRule] INFO  safemode.SCMSafeModeManager (SCMSafeModeManager.java:validateSafeModeExitRules(177)) - ScmSafeModeManager, all rules are successfully validated
2019-10-02 21:06:20,921 [EventQueue-NodeRegistrationContainerReportForDataNodeSafeModeRule] INFO  safemode.SCMSafeModeManager (SCMSafeModeManager.java:exitSafeMode(193)) - SCM exiting safe mode.
2019-10-02 21:06:20,947 [grpc-default-executor-6] INFO  impl.RaftServerProxy (RaftServerProxy.java:addNew(89)) - 070326aa-f1fa-4acf-9143-3b73f4503201: addNew group-DEB5F7D09B94:[070326aa-f1fa-4acf-9143-3b73f4503201:192.168.164.206:40114] returns group-DEB5F7D09B94:java.util.concurrent.CompletableFuture@6ae5161a[Not completed]
2019-10-02 21:06:20,952 [pool-409-thread-1] INFO  impl.RaftServerImpl (RaftServerImpl.java:<init>(95)) - 070326aa-f1fa-4acf-9143-3b73f4503201: new RaftServerImpl for group-DEB5F7D09B94:[070326aa-f1fa-4acf-9143-3b73f4503201:192.168.164.206:40114] with ContainerStateMachine:uninitialized
2019-10-02 21:06:20,952 [pool-409-thread-1] INFO  server.RaftServerConfigKeys (ConfUtils.java:logGet(43)) - raft.server.rpc.timeout.min = 5s (custom)
2019-10-02 21:06:20,952 [pool-409-thread-1] INFO  server.RaftServerConfigKeys (ConfUtils.java:logGet(43)) - raft.server.rpc.timeout.max = 5200ms (custom)
2019-10-02 21:06:20,953 [pool-409-thread-1] INFO  server.RaftServerConfigKeys (ConfUtils.java:logGet(43)) - raft.server.rpcslowness.timeout = 120s (custom)
2019-10-02 21:06:20,953 [pool-409-thread-1] INFO  server.RaftServerConfigKeys (ConfUtils.java:logGet(43)) - raft.server.sleep.deviation.threshold = 300 (default)
2019-10-02 21:06:20,953 [pool-409-thread-1] INFO  server.RaftServerConfigKeys (ConfUtils.java:logGet(43)) - raft.server.log.appender.install.snapshot.enabled = false (custom)
2019-10-02 21:06:20,953 [pool-409-thread-1] INFO  impl.RaftServerImpl (ServerState.java:<init>(103)) - 070326aa-f1fa-4acf-9143-3b73f4503201@group-DEB5F7D09B94: ConfigurationManager, init=-1: [070326aa-f1fa-4acf-9143-3b73f4503201:192.168.164.206:40114], old=null, confs=<EMPTY_MAP>
2019-10-02 21:06:20,954 [pool-409-thread-1] INFO  server.RaftServerConfigKeys (ConfUtils.java:logGet(43)) - raft.server.storage.dir = [/workdir/hadoop-ozone/integration-test/target/test-dir/MiniOzoneClusterImpl-3a252fbc-4287-47a2-893f-83f3490ca533/datanode-0/data/ratis] (custom)
2019-10-02 21:06:20,954 [pool-409-thread-1] INFO  server.RaftServerConfigKeys (ConfUtils.java:logGet(43)) - raft.server.log.corruption.policy = EXCEPTION (default)
2019-10-02 21:06:20,955 [pool-409-thread-1] INFO  storage.RaftStorageDirectory (RaftStorageDirectory.java:analyzeStorage(246)) - The storage directory /workdir/hadoop-ozone/integration-test/target/test-dir/MiniOzoneClusterImpl-3a252fbc-4287-47a2-893f-83f3490ca533/datanode-0/data/ratis/d010e781-56bf-4bb0-a899-deb5f7d09b94 does not exist. Creating ...
2019-10-02 21:06:20,964 [pool-409-thread-1] INFO  storage.RaftStorageDirectory (RaftStorageDirectory.java:tryLock(328)) - Lock on /workdir/hadoop-ozone/integration-test/target/test-dir/MiniOzoneClusterImpl-3a252fbc-4287-47a2-893f-83f3490ca533/datanode-0/data/ratis/d010e781-56bf-4bb0-a899-deb5f7d09b94/in_use.lock acquired by nodename 11809@pr-hdds-2162-pj84x-1708865144
2019-10-02 21:06:20,977 [pool-409-thread-1] INFO  storage.RaftStorage (RaftStorage.java:format(84)) - Storage directory /workdir/hadoop-ozone/integration-test/target/test-dir/MiniOzoneClusterImpl-3a252fbc-4287-47a2-893f-83f3490ca533/datanode-0/data/ratis/d010e781-56bf-4bb0-a899-deb5f7d09b94 has been successfully formatted.
2019-10-02 21:06:20,977 [pool-409-thread-1] INFO  ratis.ContainerStateMachine (ContainerStateMachine.java:loadSnapshot(230)) - group-DEB5F7D09B94: The snapshot info is null. Setting the last applied indexto:(t:0, i:~)
2019-10-02 21:06:20,978 [pool-409-thread-1] INFO  server.RaftServerConfigKeys (ConfUtils.java:logGet(43)) - raft.server.notification.no-leader.timeout = 120s (custom)
2019-10-02 21:06:20,978 [pool-409-thread-1] INFO  server.RaftServerConfigKeys (ConfUtils.java:logGet(43)) - raft.server.log.use.memory = false (default)
2019-10-02 21:06:20,978 [pool-409-thread-1] INFO  server.RaftServerConfigKeys (ConfUtils.java:logGet(43)) - raft.server.log.purge.gap = 1000000 (custom)
2019-10-02 21:06:20,978 [pool-409-thread-1] INFO  server.RaftServerConfigKeys (ConfUtils.java:logGet(43)) - raft.server.log.appender.buffer.byte-limit = 33554432 (custom)
2019-10-02 21:06:20,979 [pool-409-thread-1] INFO  server.RaftServerConfigKeys (ConfUtils.java:logGet(43)) - raft.server.log.segment.size.max = 1048576 (custom)
2019-10-02 21:06:20,981 [pool-409-thread-1] INFO  server.RaftServerConfigKeys (ConfUtils.java:logGet(43)) - raft.server.log.segment.cache.num.max = 2 (custom)
2019-10-02 21:06:20,981 [pool-409-thread-1] INFO  segmented.SegmentedRaftLogWorker (SegmentedRaftLogWorker.java:<init>(173)) - new 070326aa-f1fa-4acf-9143-3b73f4503201@group-DEB5F7D09B94-SegmentedRaftLogWorker for RaftStorage:Storage Directory /workdir/hadoop-ozone/integration-test/target/test-dir/MiniOzoneClusterImpl-3a252fbc-4287-47a2-893f-83f3490ca533/datanode-0/data/ratis/d010e781-56bf-4bb0-a899-deb5f7d09b94
2019-10-02 21:06:20,981 [pool-409-thread-1] INFO  server.RaftServerConfigKeys (ConfUtils.java:logGet(43)) - raft.server.log.queue.byte-limit = 2147483647 (custom)
2019-10-02 21:06:20,981 [pool-409-thread-1] INFO  server.RaftServerConfigKeys (ConfUtils.java:logGet(43)) - raft.server.log.queue.element-limit = 1024 (custom)
2019-10-02 21:06:20,982 [pool-409-thread-1] INFO  server.RaftServerConfigKeys (ConfUtils.java:logGet(43)) - raft.server.log.segment.size.max = 1048576 (custom)
2019-10-02 21:06:20,982 [pool-409-thread-1] INFO  server.RaftServerConfigKeys (ConfUtils.java:logGet(43)) - raft.server.log.preallocated.size = 16384 (custom)
2019-10-02 21:06:20,982 [pool-409-thread-1] INFO  server.RaftServerConfigKeys (ConfUtils.java:logGet(43)) - raft.server.log.write.buffer.size = 33554432 (custom)
2019-10-02 21:06:20,982 [pool-409-thread-1] INFO  server.RaftServerConfigKeys (ConfUtils.java:logGet(43)) - raft.server.log.force.sync.num = 128 (default)
2019-10-02 21:06:20,982 [pool-409-thread-1] INFO  server.RaftServerConfigKeys (ConfUtils.java:logGet(43)) - raft.server.log.statemachine.data.sync = true (default)
2019-10-02 21:06:20,982 [pool-409-thread-1] INFO  server.RaftServerConfigKeys (ConfUtils.java:logGet(43)) - raft.server.log.statemachine.data.sync.timeout = 10s (default)
2019-10-02 21:06:20,982 [pool-409-thread-1] INFO  server.RaftServerConfigKeys (ConfUtils.java:logGet(43)) - raft.server.log.statemachine.data.sync.timeout.retry = -1 (default)
2019-10-02 21:06:20,983 [pool-409-thread-1] INFO  server.RaftServerConfigKeys (ConfUtils.java:logGet(43)) - raft.server.log.statemachine.data.caching.enabled = true (custom)
2019-10-02 21:06:20,983 [pool-409-thread-1] INFO  segmented.SegmentedRaftLogWorker (SegmentedRaftLogWorker.java:lambda$new$0(128)) - 070326aa-f1fa-4acf-9143-3b73f4503201@group-DEB5F7D09B94-SegmentedRaftLogWorker: flushIndex: setUnconditionally 0 -> -1
2019-10-02 21:06:20,984 [pool-409-thread-1] INFO  server.RaftServerConfigKeys (ConfUtils.java:logGet(43)) - raft.server.snapshot.auto.trigger.enabled = true (custom)
2019-10-02 21:06:20,984 [pool-409-thread-1] INFO  server.RaftServerConfigKeys (ConfUtils.java:logGet(43)) - raft.server.snapshot.auto.trigger.threshold = 10000 (custom)
2019-10-02 21:06:20,984 [pool-409-thread-1] INFO  server.RaftServerConfigKeys (ConfUtils.java:logGet(43)) - raft.server.snapshot.retention.file.num = 5 (custom)
2019-10-02 21:06:20,984 [pool-409-thread-1] INFO  server.RaftServerConfigKeys (ConfUtils.java:logGet(43)) - raft.server.retrycache.expirytime = 600000ms (custom)
2019-10-02 21:06:20,985 [pool-409-thread-1] INFO  impl.RaftServerImpl (RaftServerImpl.java:start(181)) - 070326aa-f1fa-4acf-9143-3b73f4503201@group-DEB5F7D09B94: start as a follower, conf=-1: [070326aa-f1fa-4acf-9143-3b73f4503201:192.168.164.206:40114], old=null
2019-10-02 21:06:20,986 [pool-409-thread-1] INFO  impl.RaftServerImpl (RaftServerImpl.java:setRole(170)) - 070326aa-f1fa-4acf-9143-3b73f4503201@group-DEB5F7D09B94: changes role from      null to FOLLOWER at term 0 for startAsFollower
2019-10-02 21:06:20,986 [pool-409-thread-1] INFO  impl.RoleInfo (RoleInfo.java:updateAndGet(143)) - 070326aa-f1fa-4acf-9143-3b73f4503201: start FollowerState
2019-10-02 21:06:20,986 [pool-409-thread-1] INFO  util.JmxRegister (JmxRegister.java:tryRegister(44)) - Successfully registered JMX Bean with object name Ratis:service=RaftServer,group=group-DEB5F7D09B94,id=070326aa-f1fa-4acf-9143-3b73f4503201
2019-10-02 21:06:20,991 [RatisPipelineUtilsThread] INFO  pipeline.PipelineStateManager (PipelineStateManager.java:addPipeline(56)) - Created pipeline Pipeline[ Id: d010e781-56bf-4bb0-a899-deb5f7d09b94, Nodes: 070326aa-f1fa-4acf-9143-3b73f4503201{ip: 192.168.164.206, host: pr-hdds-2162-pj84x-1708865144, networkLocation: /default-rack, certSerialId: null}, Type:RATIS, Factor:ONE, State:OPEN]
2019-10-02 21:06:20,992 [IPC Server handler 4 on 37705] INFO  net.NetworkTopology (NetworkTopologyImpl.java:add(111)) - Added a new node: /default-rack/7d6f8f3d-8939-42dd-bbbd-f72a8fc3ef97
2019-10-02 21:06:20,992 [IPC Server handler 4 on 37705] INFO  node.SCMNodeManager (SCMNodeManager.java:register(266)) - Registered Data node : 7d6f8f3d-8939-42dd-bbbd-f72a8fc3ef97{ip: 192.168.164.206, host: pr-hdds-2162-pj84x-1708865144, networkLocation: /default-rack, certSerialId: null}
2019-10-02 21:06:20,999 [grpc-default-executor-6] INFO  impl.RaftServerProxy (RaftServerProxy.java:addNew(89)) - 7d6f8f3d-8939-42dd-bbbd-f72a8fc3ef97: addNew group-7DBEB0EAB9AF:[7d6f8f3d-8939-42dd-bbbd-f72a8fc3ef97:192.168.164.206:43483] returns group-7DBEB0EAB9AF:java.util.concurrent.CompletableFuture@24aea4a2[Not completed]
2019-10-02 21:06:21,000 [pool-419-thread-1] INFO  impl.RaftServerImpl (RaftServerImpl.java:<init>(95)) - 7d6f8f3d-8939-42dd-bbbd-f72a8fc3ef97: new RaftServerImpl for group-7DBEB0EAB9AF:[7d6f8f3d-8939-42dd-bbbd-f72a8fc3ef97:192.168.164.206:43483] with ContainerStateMachine:uninitialized
2019-10-02 21:06:21,000 [pool-419-thread-1] INFO  server.RaftServerConfigKeys (ConfUtils.java:logGet(43)) - raft.server.rpc.timeout.min = 5s (custom)
2019-10-02 21:06:21,000 [pool-419-thread-1] INFO  server.RaftServerConfigKeys (ConfUtils.java:logGet(43)) - raft.server.rpc.timeout.max = 5200ms (custom)
2019-10-02 21:06:21,000 [pool-419-thread-1] INFO  server.RaftServerConfigKeys (ConfUtils.java:logGet(43)) - raft.server.rpcslowness.timeout = 120s (custom)
2019-10-02 21:06:21,000 [pool-419-thread-1] INFO  server.RaftServerConfigKeys (ConfUtils.java:logGet(43)) - raft.server.sleep.deviation.threshold = 300 (default)
2019-10-02 21:06:21,000 [pool-419-thread-1] INFO  server.RaftServerConfigKeys (ConfUtils.java:logGet(43)) - raft.server.log.appender.install.snapshot.enabled = false (custom)
2019-10-02 21:06:21,000 [pool-419-thread-1] INFO  impl.RaftServerImpl (ServerState.java:<init>(103)) - 7d6f8f3d-8939-42dd-bbbd-f72a8fc3ef97@group-7DBEB0EAB9AF: ConfigurationManager, init=-1: [7d6f8f3d-8939-42dd-bbbd-f72a8fc3ef97:192.168.164.206:43483], old=null, confs=<EMPTY_MAP>
2019-10-02 21:06:21,000 [pool-419-thread-1] INFO  server.RaftServerConfigKeys (ConfUtils.java:logGet(43)) - raft.server.storage.dir = [/workdir/hadoop-ozone/integration-test/target/test-dir/MiniOzoneClusterImpl-3a252fbc-4287-47a2-893f-83f3490ca533/datanode-1/data/ratis] (custom)
2019-10-02 21:06:21,001 [pool-419-thread-1] INFO  server.RaftServerConfigKeys (ConfUtils.java:logGet(43)) - raft.server.log.corruption.policy = EXCEPTION (default)
2019-10-02 21:06:21,001 [pool-419-thread-1] INFO  storage.RaftStorageDirectory (RaftStorageDirectory.java:analyzeStorage(246)) - The storage directory /workdir/hadoop-ozone/integration-test/target/test-dir/MiniOzoneClusterImpl-3a252fbc-4287-47a2-893f-83f3490ca533/datanode-1/data/ratis/645c63e0-4c22-421f-8f76-7dbeb0eab9af does not exist. Creating ...
2019-10-02 21:06:21,013 [pool-419-thread-1] INFO  storage.RaftStorageDirectory (RaftStorageDirectory.java:tryLock(328)) - Lock on /workdir/hadoop-ozone/integration-test/target/test-dir/MiniOzoneClusterImpl-3a252fbc-4287-47a2-893f-83f3490ca533/datanode-1/data/ratis/645c63e0-4c22-421f-8f76-7dbeb0eab9af/in_use.lock acquired by nodename 11809@pr-hdds-2162-pj84x-1708865144
2019-10-02 21:06:21,026 [pool-419-thread-1] INFO  storage.RaftStorage (RaftStorage.java:format(84)) - Storage directory /workdir/hadoop-ozone/integration-test/target/test-dir/MiniOzoneClusterImpl-3a252fbc-4287-47a2-893f-83f3490ca533/datanode-1/data/ratis/645c63e0-4c22-421f-8f76-7dbeb0eab9af has been successfully formatted.
2019-10-02 21:06:21,026 [pool-419-thread-1] INFO  ratis.ContainerStateMachine (ContainerStateMachine.java:loadSnapshot(230)) - group-7DBEB0EAB9AF: The snapshot info is null. Setting the last applied indexto:(t:0, i:~)
2019-10-02 21:06:21,026 [pool-419-thread-1] INFO  server.RaftServerConfigKeys (ConfUtils.java:logGet(43)) - raft.server.notification.no-leader.timeout = 120s (custom)
2019-10-02 21:06:21,026 [pool-419-thread-1] INFO  server.RaftServerConfigKeys (ConfUtils.java:logGet(43)) - raft.server.log.use.memory = false (default)
2019-10-02 21:06:21,026 [pool-419-thread-1] INFO  server.RaftServerConfigKeys (ConfUtils.java:logGet(43)) - raft.server.log.purge.gap = 1000000 (custom)
2019-10-02 21:06:21,026 [pool-419-thread-1] INFO  server.RaftServerConfigKeys (ConfUtils.java:logGet(43)) - raft.server.log.appender.buffer.byte-limit = 33554432 (custom)
2019-10-02 21:06:21,026 [pool-419-thread-1] INFO  server.RaftServerConfigKeys (ConfUtils.java:logGet(43)) - raft.server.log.segment.size.max = 1048576 (custom)
2019-10-02 21:06:21,027 [pool-419-thread-1] INFO  server.RaftServerConfigKeys (ConfUtils.java:logGet(43)) - raft.server.log.segment.cache.num.max = 2 (custom)
2019-10-02 21:06:21,028 [pool-419-thread-1] INFO  segmented.SegmentedRaftLogWorker (SegmentedRaftLogWorker.java:<init>(173)) - new 7d6f8f3d-8939-42dd-bbbd-f72a8fc3ef97@group-7DBEB0EAB9AF-SegmentedRaftLogWorker for RaftStorage:Storage Directory /workdir/hadoop-ozone/integration-test/target/test-dir/MiniOzoneClusterImpl-3a252fbc-4287-47a2-893f-83f3490ca533/datanode-1/data/ratis/645c63e0-4c22-421f-8f76-7dbeb0eab9af
2019-10-02 21:06:21,028 [pool-419-thread-1] INFO  server.RaftServerConfigKeys (ConfUtils.java:logGet(43)) - raft.server.log.queue.byte-limit = 2147483647 (custom)
2019-10-02 21:06:21,028 [pool-419-thread-1] INFO  server.RaftServerConfigKeys (ConfUtils.java:logGet(43)) - raft.server.log.queue.element-limit = 1024 (custom)
2019-10-02 21:06:21,028 [pool-419-thread-1] INFO  server.RaftServerConfigKeys (ConfUtils.java:logGet(43)) - raft.server.log.segment.size.max = 1048576 (custom)
2019-10-02 21:06:21,028 [pool-419-thread-1] INFO  server.RaftServerConfigKeys (ConfUtils.java:logGet(43)) - raft.server.log.preallocated.size = 16384 (custom)
2019-10-02 21:06:21,028 [pool-419-thread-1] INFO  server.RaftServerConfigKeys (ConfUtils.java:logGet(43)) - raft.server.log.write.buffer.size = 33554432 (custom)
2019-10-02 21:06:21,028 [pool-419-thread-1] INFO  server.RaftServerConfigKeys (ConfUtils.java:logGet(43)) - raft.server.log.force.sync.num = 128 (default)
2019-10-02 21:06:21,028 [pool-419-thread-1] INFO  server.RaftServerConfigKeys (ConfUtils.java:logGet(43)) - raft.server.log.statemachine.data.sync = true (default)
2019-10-02 21:06:21,028 [pool-419-thread-1] INFO  server.RaftServerConfigKeys (ConfUtils.java:logGet(43)) - raft.server.log.statemachine.data.sync.timeout = 10s (default)
2019-10-02 21:06:21,028 [pool-419-thread-1] INFO  server.RaftServerConfigKeys (ConfUtils.java:logGet(43)) - raft.server.log.statemachine.data.sync.timeout.retry = -1 (default)
2019-10-02 21:06:21,029 [pool-419-thread-1] INFO  server.RaftServerConfigKeys (ConfUtils.java:logGet(43)) - raft.server.log.statemachine.data.caching.enabled = true (custom)
2019-10-02 21:06:21,029 [pool-419-thread-1] INFO  segmented.SegmentedRaftLogWorker (SegmentedRaftLogWorker.java:lambda$new$0(128)) - 7d6f8f3d-8939-42dd-bbbd-f72a8fc3ef97@group-7DBEB0EAB9AF-SegmentedRaftLogWorker: flushIndex: setUnconditionally 0 -> -1
2019-10-02 21:06:21,029 [pool-419-thread-1] INFO  server.RaftServerConfigKeys (ConfUtils.java:logGet(43)) - raft.server.snapshot.auto.trigger.enabled = true (custom)
2019-10-02 21:06:21,029 [pool-419-thread-1] INFO  server.RaftServerConfigKeys (ConfUtils.java:logGet(43)) - raft.server.snapshot.auto.trigger.threshold = 10000 (custom)
2019-10-02 21:06:21,029 [pool-419-thread-1] INFO  server.RaftServerConfigKeys (ConfUtils.java:logGet(43)) - raft.server.snapshot.retention.file.num = 5 (custom)
2019-10-02 21:06:21,029 [pool-419-thread-1] INFO  server.RaftServerConfigKeys (ConfUtils.java:logGet(43)) - raft.server.retrycache.expirytime = 600000ms (custom)
2019-10-02 21:06:21,030 [pool-419-thread-1] INFO  impl.RaftServerImpl (RaftServerImpl.java:start(181)) - 7d6f8f3d-8939-42dd-bbbd-f72a8fc3ef97@group-7DBEB0EAB9AF: start as a follower, conf=-1: [7d6f8f3d-8939-42dd-bbbd-f72a8fc3ef97:192.168.164.206:43483], old=null
2019-10-02 21:06:21,030 [pool-419-thread-1] INFO  impl.RaftServerImpl (RaftServerImpl.java:setRole(170)) - 7d6f8f3d-8939-42dd-bbbd-f72a8fc3ef97@group-7DBEB0EAB9AF: changes role from      null to FOLLOWER at term 0 for startAsFollower
2019-10-02 21:06:21,031 [pool-419-thread-1] INFO  impl.RoleInfo (RoleInfo.java:updateAndGet(143)) - 7d6f8f3d-8939-42dd-bbbd-f72a8fc3ef97: start FollowerState
2019-10-02 21:06:21,031 [pool-419-thread-1] INFO  util.JmxRegister (JmxRegister.java:tryRegister(44)) - Successfully registered JMX Bean with object name Ratis:service=RaftServer,group=group-7DBEB0EAB9AF,id=7d6f8f3d-8939-42dd-bbbd-f72a8fc3ef97
2019-10-02 21:06:21,034 [RatisPipelineUtilsThread] INFO  pipeline.PipelineStateManager (PipelineStateManager.java:addPipeline(56)) - Created pipeline Pipeline[ Id: 645c63e0-4c22-421f-8f76-7dbeb0eab9af, Nodes: 7d6f8f3d-8939-42dd-bbbd-f72a8fc3ef97{ip: 192.168.164.206, host: pr-hdds-2162-pj84x-1708865144, networkLocation: /default-rack, certSerialId: null}, Type:RATIS, Factor:ONE, State:OPEN]
2019-10-02 21:06:21,065 [IPC Server handler 0 on 37705] INFO  net.NetworkTopology (NetworkTopologyImpl.java:add(111)) - Added a new node: /default-rack/5edb5b81-e56f-48e0-a3d6-7479a545ce64
2019-10-02 21:06:21,065 [IPC Server handler 0 on 37705] INFO  node.SCMNodeManager (SCMNodeManager.java:register(266)) - Registered Data node : 5edb5b81-e56f-48e0-a3d6-7479a545ce64{ip: 192.168.164.206, host: pr-hdds-2162-pj84x-1708865144, networkLocation: /default-rack, certSerialId: null}
2019-10-02 21:06:21,071 [grpc-default-executor-6] INFO  impl.RaftServerProxy (RaftServerProxy.java:addNew(89)) - 5edb5b81-e56f-48e0-a3d6-7479a545ce64: addNew group-5A9AAEDCD836:[5edb5b81-e56f-48e0-a3d6-7479a545ce64:192.168.164.206:39550] returns group-5A9AAEDCD836:java.util.concurrent.CompletableFuture@6cdbd178[Not completed]
2019-10-02 21:06:21,072 [pool-429-thread-1] INFO  impl.RaftServerImpl (RaftServerImpl.java:<init>(95)) - 5edb5b81-e56f-48e0-a3d6-7479a545ce64: new RaftServerImpl for group-5A9AAEDCD836:[5edb5b81-e56f-48e0-a3d6-7479a545ce64:192.168.164.206:39550] with ContainerStateMachine:uninitialized
2019-10-02 21:06:21,072 [pool-429-thread-1] INFO  server.RaftServerConfigKeys (ConfUtils.java:logGet(43)) - raft.server.rpc.timeout.min = 5s (custom)
2019-10-02 21:06:21,073 [pool-429-thread-1] INFO  server.RaftServerConfigKeys (ConfUtils.java:logGet(43)) - raft.server.rpc.timeout.max = 5200ms (custom)
2019-10-02 21:06:21,073 [pool-429-thread-1] INFO  server.RaftServerConfigKeys (ConfUtils.java:logGet(43)) - raft.server.rpcslowness.timeout = 120s (custom)
2019-10-02 21:06:21,073 [pool-429-thread-1] INFO  server.RaftServerConfigKeys (ConfUtils.java:logGet(43)) - raft.server.sleep.deviation.threshold = 300 (default)
2019-10-02 21:06:21,073 [pool-429-thread-1] INFO  server.RaftServerConfigKeys (ConfUtils.java:logGet(43)) - raft.server.log.appender.install.snapshot.enabled = false (custom)
2019-10-02 21:06:21,073 [pool-429-thread-1] INFO  impl.RaftServerImpl (ServerState.java:<init>(103)) - 5edb5b81-e56f-48e0-a3d6-7479a545ce64@group-5A9AAEDCD836: ConfigurationManager, init=-1: [5edb5b81-e56f-48e0-a3d6-7479a545ce64:192.168.164.206:39550], old=null, confs=<EMPTY_MAP>
2019-10-02 21:06:21,073 [pool-429-thread-1] INFO  server.RaftServerConfigKeys (ConfUtils.java:logGet(43)) - raft.server.storage.dir = [/workdir/hadoop-ozone/integration-test/target/test-dir/MiniOzoneClusterImpl-3a252fbc-4287-47a2-893f-83f3490ca533/datanode-2/data/ratis] (custom)
2019-10-02 21:06:21,074 [pool-429-thread-1] INFO  server.RaftServerConfigKeys (ConfUtils.java:logGet(43)) - raft.server.log.corruption.policy = EXCEPTION (default)
2019-10-02 21:06:21,074 [pool-429-thread-1] INFO  storage.RaftStorageDirectory (RaftStorageDirectory.java:analyzeStorage(246)) - The storage directory /workdir/hadoop-ozone/integration-test/target/test-dir/MiniOzoneClusterImpl-3a252fbc-4287-47a2-893f-83f3490ca533/datanode-2/data/ratis/2d10527d-8c1c-4e8b-8414-5a9aaedcd836 does not exist. Creating ...
2019-10-02 21:06:21,087 [pool-429-thread-1] INFO  storage.RaftStorageDirectory (RaftStorageDirectory.java:tryLock(328)) - Lock on /workdir/hadoop-ozone/integration-test/target/test-dir/MiniOzoneClusterImpl-3a252fbc-4287-47a2-893f-83f3490ca533/datanode-2/data/ratis/2d10527d-8c1c-4e8b-8414-5a9aaedcd836/in_use.lock acquired by nodename 11809@pr-hdds-2162-pj84x-1708865144
2019-10-02 21:06:21,099 [pool-429-thread-1] INFO  storage.RaftStorage (RaftStorage.java:format(84)) - Storage directory /workdir/hadoop-ozone/integration-test/target/test-dir/MiniOzoneClusterImpl-3a252fbc-4287-47a2-893f-83f3490ca533/datanode-2/data/ratis/2d10527d-8c1c-4e8b-8414-5a9aaedcd836 has been successfully formatted.
2019-10-02 21:06:21,100 [pool-429-thread-1] INFO  ratis.ContainerStateMachine (ContainerStateMachine.java:loadSnapshot(230)) - group-5A9AAEDCD836: The snapshot info is null. Setting the last applied indexto:(t:0, i:~)
2019-10-02 21:06:21,100 [pool-429-thread-1] INFO  server.RaftServerConfigKeys (ConfUtils.java:logGet(43)) - raft.server.notification.no-leader.timeout = 120s (custom)
2019-10-02 21:06:21,100 [pool-429-thread-1] INFO  server.RaftServerConfigKeys (ConfUtils.java:logGet(43)) - raft.server.log.use.memory = false (default)
2019-10-02 21:06:21,100 [pool-429-thread-1] INFO  server.RaftServerConfigKeys (ConfUtils.java:logGet(43)) - raft.server.log.purge.gap = 1000000 (custom)
2019-10-02 21:06:21,100 [pool-429-thread-1] INFO  server.RaftServerConfigKeys (ConfUtils.java:logGet(43)) - raft.server.log.appender.buffer.byte-limit = 33554432 (custom)
2019-10-02 21:06:21,100 [pool-429-thread-1] INFO  server.RaftServerConfigKeys (ConfUtils.java:logGet(43)) - raft.server.log.segment.size.max = 1048576 (custom)
2019-10-02 21:06:21,102 [pool-429-thread-1] INFO  server.RaftServerConfigKeys (ConfUtils.java:logGet(43)) - raft.server.log.segment.cache.num.max = 2 (custom)
2019-10-02 21:06:21,102 [pool-429-thread-1] INFO  segmented.SegmentedRaftLogWorker (SegmentedRaftLogWorker.java:<init>(173)) - new 5edb5b81-e56f-48e0-a3d6-7479a545ce64@group-5A9AAEDCD836-SegmentedRaftLogWorker for RaftStorage:Storage Directory /workdir/hadoop-ozone/integration-test/target/test-dir/MiniOzoneClusterImpl-3a252fbc-4287-47a2-893f-83f3490ca533/datanode-2/data/ratis/2d10527d-8c1c-4e8b-8414-5a9aaedcd836
2019-10-02 21:06:21,103 [pool-429-thread-1] INFO  server.RaftServerConfigKeys (ConfUtils.java:logGet(43)) - raft.server.log.queue.byte-limit = 2147483647 (custom)
2019-10-02 21:06:21,103 [pool-429-thread-1] INFO  server.RaftServerConfigKeys (ConfUtils.java:logGet(43)) - raft.server.log.queue.element-limit = 1024 (custom)
2019-10-02 21:06:21,103 [pool-429-thread-1] INFO  server.RaftServerConfigKeys (ConfUtils.java:logGet(43)) - raft.server.log.segment.size.max = 1048576 (custom)
2019-10-02 21:06:21,103 [pool-429-thread-1] INFO  server.RaftServerConfigKeys (ConfUtils.java:logGet(43)) - raft.server.log.preallocated.size = 16384 (custom)
2019-10-02 21:06:21,103 [pool-429-thread-1] INFO  server.RaftServerConfigKeys (ConfUtils.java:logGet(43)) - raft.server.log.write.buffer.size = 33554432 (custom)
2019-10-02 21:06:21,103 [pool-429-thread-1] INFO  server.RaftServerConfigKeys (ConfUtils.java:logGet(43)) - raft.server.log.force.sync.num = 128 (default)
2019-10-02 21:06:21,103 [pool-429-thread-1] INFO  server.RaftServerConfigKeys (ConfUtils.java:logGet(43)) - raft.server.log.statemachine.data.sync = true (default)
2019-10-02 21:06:21,104 [pool-429-thread-1] INFO  server.RaftServerConfigKeys (ConfUtils.java:logGet(43)) - raft.server.log.statemachine.data.sync.timeout = 10s (default)
2019-10-02 21:06:21,104 [pool-429-thread-1] INFO  server.RaftServerConfigKeys (ConfUtils.java:logGet(43)) - raft.server.log.statemachine.data.sync.timeout.retry = -1 (default)
2019-10-02 21:06:21,104 [pool-429-thread-1] INFO  server.RaftServerConfigKeys (ConfUtils.java:logGet(43)) - raft.server.log.statemachine.data.caching.enabled = true (custom)
2019-10-02 21:06:21,105 [pool-429-thread-1] INFO  segmented.SegmentedRaftLogWorker (SegmentedRaftLogWorker.java:lambda$new$0(128)) - 5edb5b81-e56f-48e0-a3d6-7479a545ce64@group-5A9AAEDCD836-SegmentedRaftLogWorker: flushIndex: setUnconditionally 0 -> -1
2019-10-02 21:06:21,105 [pool-429-thread-1] INFO  server.RaftServerConfigKeys (ConfUtils.java:logGet(43)) - raft.server.snapshot.auto.trigger.enabled = true (custom)
2019-10-02 21:06:21,105 [pool-429-thread-1] INFO  server.RaftServerConfigKeys (ConfUtils.java:logGet(43)) - raft.server.snapshot.auto.trigger.threshold = 10000 (custom)
2019-10-02 21:06:21,105 [pool-429-thread-1] INFO  server.RaftServerConfigKeys (ConfUtils.java:logGet(43)) - raft.server.snapshot.retention.file.num = 5 (custom)
2019-10-02 21:06:21,105 [pool-429-thread-1] INFO  server.RaftServerConfigKeys (ConfUtils.java:logGet(43)) - raft.server.retrycache.expirytime = 600000ms (custom)
2019-10-02 21:06:21,107 [pool-429-thread-1] INFO  impl.RaftServerImpl (RaftServerImpl.java:start(181)) - 5edb5b81-e56f-48e0-a3d6-7479a545ce64@group-5A9AAEDCD836: start as a follower, conf=-1: [5edb5b81-e56f-48e0-a3d6-7479a545ce64:192.168.164.206:39550], old=null
2019-10-02 21:06:21,107 [pool-429-thread-1] INFO  impl.RaftServerImpl (RaftServerImpl.java:setRole(170)) - 5edb5b81-e56f-48e0-a3d6-7479a545ce64@group-5A9AAEDCD836: changes role from      null to FOLLOWER at term 0 for startAsFollower
2019-10-02 21:06:21,107 [pool-429-thread-1] INFO  impl.RoleInfo (RoleInfo.java:updateAndGet(143)) - 5edb5b81-e56f-48e0-a3d6-7479a545ce64: start FollowerState
2019-10-02 21:06:21,108 [pool-429-thread-1] INFO  util.JmxRegister (JmxRegister.java:tryRegister(44)) - Successfully registered JMX Bean with object name Ratis:service=RaftServer,group=group-5A9AAEDCD836,id=5edb5b81-e56f-48e0-a3d6-7479a545ce64
2019-10-02 21:06:21,111 [RatisPipelineUtilsThread] INFO  pipeline.PipelineStateManager (PipelineStateManager.java:addPipeline(56)) - Created pipeline Pipeline[ Id: 2d10527d-8c1c-4e8b-8414-5a9aaedcd836, Nodes: 5edb5b81-e56f-48e0-a3d6-7479a545ce64{ip: 192.168.164.206, host: pr-hdds-2162-pj84x-1708865144, networkLocation: /default-rack, certSerialId: null}, Type:RATIS, Factor:ONE, State:OPEN]
2019-10-02 21:06:21,120 [grpc-default-executor-4] INFO  impl.RaftServerProxy (RaftServerProxy.java:addNew(89)) - 5edb5b81-e56f-48e0-a3d6-7479a545ce64: addNew group-E1E12DDE26F6:[7d6f8f3d-8939-42dd-bbbd-f72a8fc3ef97:192.168.164.206:43483, 070326aa-f1fa-4acf-9143-3b73f4503201:192.168.164.206:40114, 5edb5b81-e56f-48e0-a3d6-7479a545ce64:192.168.164.206:39550] returns group-E1E12DDE26F6:java.util.concurrent.CompletableFuture@7c4a1ec9[Not completed]
2019-10-02 21:06:21,120 [grpc-default-executor-7] INFO  impl.RaftServerProxy (RaftServerProxy.java:addNew(89)) - 070326aa-f1fa-4acf-9143-3b73f4503201: addNew group-E1E12DDE26F6:[7d6f8f3d-8939-42dd-bbbd-f72a8fc3ef97:192.168.164.206:43483, 070326aa-f1fa-4acf-9143-3b73f4503201:192.168.164.206:40114, 5edb5b81-e56f-48e0-a3d6-7479a545ce64:192.168.164.206:39550] returns group-E1E12DDE26F6:java.util.concurrent.CompletableFuture@4446defb[Not completed]
2019-10-02 21:06:21,121 [grpc-default-executor-4] INFO  impl.RaftServerProxy (RaftServerProxy.java:addNew(89)) - 7d6f8f3d-8939-42dd-bbbd-f72a8fc3ef97: addNew group-E1E12DDE26F6:[7d6f8f3d-8939-42dd-bbbd-f72a8fc3ef97:192.168.164.206:43483, 070326aa-f1fa-4acf-9143-3b73f4503201:192.168.164.206:40114, 5edb5b81-e56f-48e0-a3d6-7479a545ce64:192.168.164.206:39550] returns group-E1E12DDE26F6:java.util.concurrent.CompletableFuture@60b2d1c7[Not completed]
2019-10-02 21:06:21,121 [pool-429-thread-1] INFO  impl.RaftServerImpl (RaftServerImpl.java:<init>(95)) - 5edb5b81-e56f-48e0-a3d6-7479a545ce64: new RaftServerImpl for group-E1E12DDE26F6:[7d6f8f3d-8939-42dd-bbbd-f72a8fc3ef97:192.168.164.206:43483, 070326aa-f1fa-4acf-9143-3b73f4503201:192.168.164.206:40114, 5edb5b81-e56f-48e0-a3d6-7479a545ce64:192.168.164.206:39550] with ContainerStateMachine:uninitialized
2019-10-02 21:06:21,121 [pool-429-thread-1] INFO  server.RaftServerConfigKeys (ConfUtils.java:logGet(43)) - raft.server.rpc.timeout.min = 5s (custom)
2019-10-02 21:06:21,121 [pool-429-thread-1] INFO  server.RaftServerConfigKeys (ConfUtils.java:logGet(43)) - raft.server.rpc.timeout.max = 5200ms (custom)
2019-10-02 21:06:21,121 [pool-429-thread-1] INFO  server.RaftServerConfigKeys (ConfUtils.java:logGet(43)) - raft.server.rpcslowness.timeout = 120s (custom)
2019-10-02 21:06:21,122 [pool-429-thread-1] INFO  server.RaftServerConfigKeys (ConfUtils.java:logGet(43)) - raft.server.sleep.deviation.threshold = 300 (default)
2019-10-02 21:06:21,122 [pool-429-thread-1] INFO  server.RaftServerConfigKeys (ConfUtils.java:logGet(43)) - raft.server.log.appender.install.snapshot.enabled = false (custom)
2019-10-02 21:06:21,122 [pool-409-thread-1] INFO  impl.RaftServerImpl (RaftServerImpl.java:<init>(95)) - 070326aa-f1fa-4acf-9143-3b73f4503201: new RaftServerImpl for group-E1E12DDE26F6:[7d6f8f3d-8939-42dd-bbbd-f72a8fc3ef97:192.168.164.206:43483, 070326aa-f1fa-4acf-9143-3b73f4503201:192.168.164.206:40114, 5edb5b81-e56f-48e0-a3d6-7479a545ce64:192.168.164.206:39550] with ContainerStateMachine:uninitialized
2019-10-02 21:06:21,122 [pool-429-thread-1] INFO  impl.RaftServerImpl (ServerState.java:<init>(103)) - 5edb5b81-e56f-48e0-a3d6-7479a545ce64@group-E1E12DDE26F6: ConfigurationManager, init=-1: [7d6f8f3d-8939-42dd-bbbd-f72a8fc3ef97:192.168.164.206:43483, 070326aa-f1fa-4acf-9143-3b73f4503201:192.168.164.206:40114, 5edb5b81-e56f-48e0-a3d6-7479a545ce64:192.168.164.206:39550], old=null, confs=<EMPTY_MAP>
2019-10-02 21:06:21,122 [pool-409-thread-1] INFO  server.RaftServerConfigKeys (ConfUtils.java:logGet(43)) - raft.server.rpc.timeout.min = 5s (custom)
2019-10-02 21:06:21,122 [pool-429-thread-1] INFO  server.RaftServerConfigKeys (ConfUtils.java:logGet(43)) - raft.server.storage.dir = [/workdir/hadoop-ozone/integration-test/target/test-dir/MiniOzoneClusterImpl-3a252fbc-4287-47a2-893f-83f3490ca533/datanode-2/data/ratis] (custom)
2019-10-02 21:06:21,122 [pool-409-thread-1] INFO  server.RaftServerConfigKeys (ConfUtils.java:logGet(43)) - raft.server.rpc.timeout.max = 5200ms (custom)
2019-10-02 21:06:21,122 [pool-419-thread-1] INFO  impl.RaftServerImpl (RaftServerImpl.java:<init>(95)) - 7d6f8f3d-8939-42dd-bbbd-f72a8fc3ef97: new RaftServerImpl for group-E1E12DDE26F6:[7d6f8f3d-8939-42dd-bbbd-f72a8fc3ef97:192.168.164.206:43483, 070326aa-f1fa-4acf-9143-3b73f4503201:192.168.164.206:40114, 5edb5b81-e56f-48e0-a3d6-7479a545ce64:192.168.164.206:39550] with ContainerStateMachine:uninitialized
2019-10-02 21:06:21,123 [pool-429-thread-1] INFO  server.RaftServerConfigKeys (ConfUtils.java:logGet(43)) - raft.server.log.corruption.policy = EXCEPTION (default)
2019-10-02 21:06:21,123 [pool-409-thread-1] INFO  server.RaftServerConfigKeys (ConfUtils.java:logGet(43)) - raft.server.rpcslowness.timeout = 120s (custom)
2019-10-02 21:06:21,123 [pool-429-thread-1] INFO  storage.RaftStorageDirectory (RaftStorageDirectory.java:analyzeStorage(246)) - The storage directory /workdir/hadoop-ozone/integration-test/target/test-dir/MiniOzoneClusterImpl-3a252fbc-4287-47a2-893f-83f3490ca533/datanode-2/data/ratis/49d1f7d9-7e07-4f9d-9976-e1e12dde26f6 does not exist. Creating ...
2019-10-02 21:06:21,123 [pool-419-thread-1] INFO  server.RaftServerConfigKeys (ConfUtils.java:logGet(43)) - raft.server.rpc.timeout.min = 5s (custom)
2019-10-02 21:06:21,123 [pool-409-thread-1] INFO  server.RaftServerConfigKeys (ConfUtils.java:logGet(43)) - raft.server.sleep.deviation.threshold = 300 (default)
2019-10-02 21:06:21,123 [pool-419-thread-1] INFO  server.RaftServerConfigKeys (ConfUtils.java:logGet(43)) - raft.server.rpc.timeout.max = 5200ms (custom)
2019-10-02 21:06:21,123 [pool-409-thread-1] INFO  server.RaftServerConfigKeys (ConfUtils.java:logGet(43)) - raft.server.log.appender.install.snapshot.enabled = false (custom)
2019-10-02 21:06:21,123 [pool-419-thread-1] INFO  server.RaftServerConfigKeys (ConfUtils.java:logGet(43)) - raft.server.rpcslowness.timeout = 120s (custom)
2019-10-02 21:06:21,124 [pool-409-thread-1] INFO  impl.RaftServerImpl (ServerState.java:<init>(103)) - 070326aa-f1fa-4acf-9143-3b73f4503201@group-E1E12DDE26F6: ConfigurationManager, init=-1: [7d6f8f3d-8939-42dd-bbbd-f72a8fc3ef97:192.168.164.206:43483, 070326aa-f1fa-4acf-9143-3b73f4503201:192.168.164.206:40114, 5edb5b81-e56f-48e0-a3d6-7479a545ce64:192.168.164.206:39550], old=null, confs=<EMPTY_MAP>
2019-10-02 21:06:21,124 [pool-419-thread-1] INFO  server.RaftServerConfigKeys (ConfUtils.java:logGet(43)) - raft.server.sleep.deviation.threshold = 300 (default)
2019-10-02 21:06:21,124 [pool-409-thread-1] INFO  server.RaftServerConfigKeys (ConfUtils.java:logGet(43)) - raft.server.storage.dir = [/workdir/hadoop-ozone/integration-test/target/test-dir/MiniOzoneClusterImpl-3a252fbc-4287-47a2-893f-83f3490ca533/datanode-0/data/ratis] (custom)
2019-10-02 21:06:21,124 [pool-419-thread-1] INFO  server.RaftServerConfigKeys (ConfUtils.java:logGet(43)) - raft.server.log.appender.install.snapshot.enabled = false (custom)
2019-10-02 21:06:21,124 [pool-409-thread-1] INFO  server.RaftServerConfigKeys (ConfUtils.java:logGet(43)) - raft.server.log.corruption.policy = EXCEPTION (default)
2019-10-02 21:06:21,124 [pool-419-thread-1] INFO  impl.RaftServerImpl (ServerState.java:<init>(103)) - 7d6f8f3d-8939-42dd-bbbd-f72a8fc3ef97@group-E1E12DDE26F6: ConfigurationManager, init=-1: [7d6f8f3d-8939-42dd-bbbd-f72a8fc3ef97:192.168.164.206:43483, 070326aa-f1fa-4acf-9143-3b73f4503201:192.168.164.206:40114, 5edb5b81-e56f-48e0-a3d6-7479a545ce64:192.168.164.206:39550], old=null, confs=<EMPTY_MAP>
2019-10-02 21:06:21,124 [pool-409-thread-1] INFO  storage.RaftStorageDirectory (RaftStorageDirectory.java:analyzeStorage(246)) - The storage directory /workdir/hadoop-ozone/integration-test/target/test-dir/MiniOzoneClusterImpl-3a252fbc-4287-47a2-893f-83f3490ca533/datanode-0/data/ratis/49d1f7d9-7e07-4f9d-9976-e1e12dde26f6 does not exist. Creating ...
2019-10-02 21:06:21,125 [pool-419-thread-1] INFO  server.RaftServerConfigKeys (ConfUtils.java:logGet(43)) - raft.server.storage.dir = [/workdir/hadoop-ozone/integration-test/target/test-dir/MiniOzoneClusterImpl-3a252fbc-4287-47a2-893f-83f3490ca533/datanode-1/data/ratis] (custom)
2019-10-02 21:06:21,125 [pool-419-thread-1] INFO  server.RaftServerConfigKeys (ConfUtils.java:logGet(43)) - raft.server.log.corruption.policy = EXCEPTION (default)
2019-10-02 21:06:21,125 [pool-419-thread-1] INFO  storage.RaftStorageDirectory (RaftStorageDirectory.java:analyzeStorage(246)) - The storage directory /workdir/hadoop-ozone/integration-test/target/test-dir/MiniOzoneClusterImpl-3a252fbc-4287-47a2-893f-83f3490ca533/datanode-1/data/ratis/49d1f7d9-7e07-4f9d-9976-e1e12dde26f6 does not exist. Creating ...
2019-10-02 21:06:21,130 [IPC Server handler 5 on 37705] INFO  net.NetworkTopology (NetworkTopologyImpl.java:add(111)) - Added a new node: /default-rack/18b3ba82-8644-4b44-b91b-2038c85b7def
2019-10-02 21:06:21,130 [IPC Server handler 5 on 37705] INFO  node.SCMNodeManager (SCMNodeManager.java:register(266)) - Registered Data node : 18b3ba82-8644-4b44-b91b-2038c85b7def{ip: 192.168.164.206, host: pr-hdds-2162-pj84x-1708865144, networkLocation: /default-rack, certSerialId: null}
2019-10-02 21:06:21,136 [pool-409-thread-1] INFO  storage.RaftStorageDirectory (RaftStorageDirectory.java:tryLock(328)) - Lock on /workdir/hadoop-ozone/integration-test/target/test-dir/MiniOzoneClusterImpl-3a252fbc-4287-47a2-893f-83f3490ca533/datanode-0/data/ratis/49d1f7d9-7e07-4f9d-9976-e1e12dde26f6/in_use.lock acquired by nodename 11809@pr-hdds-2162-pj84x-1708865144
2019-10-02 21:06:21,136 [pool-419-thread-1] INFO  storage.RaftStorageDirectory (RaftStorageDirectory.java:tryLock(328)) - Lock on /workdir/hadoop-ozone/integration-test/target/test-dir/MiniOzoneClusterImpl-3a252fbc-4287-47a2-893f-83f3490ca533/datanode-1/data/ratis/49d1f7d9-7e07-4f9d-9976-e1e12dde26f6/in_use.lock acquired by nodename 11809@pr-hdds-2162-pj84x-1708865144
2019-10-02 21:06:21,136 [pool-429-thread-1] INFO  storage.RaftStorageDirectory (RaftStorageDirectory.java:tryLock(328)) - Lock on /workdir/hadoop-ozone/integration-test/target/test-dir/MiniOzoneClusterImpl-3a252fbc-4287-47a2-893f-83f3490ca533/datanode-2/data/ratis/49d1f7d9-7e07-4f9d-9976-e1e12dde26f6/in_use.lock acquired by nodename 11809@pr-hdds-2162-pj84x-1708865144
2019-10-02 21:06:21,148 [pool-409-thread-1] INFO  storage.RaftStorage (RaftStorage.java:format(84)) - Storage directory /workdir/hadoop-ozone/integration-test/target/test-dir/MiniOzoneClusterImpl-3a252fbc-4287-47a2-893f-83f3490ca533/datanode-0/data/ratis/49d1f7d9-7e07-4f9d-9976-e1e12dde26f6 has been successfully formatted.
2019-10-02 21:06:21,148 [pool-429-thread-1] INFO  storage.RaftStorage (RaftStorage.java:format(84)) - Storage directory /workdir/hadoop-ozone/integration-test/target/test-dir/MiniOzoneClusterImpl-3a252fbc-4287-47a2-893f-83f3490ca533/datanode-2/data/ratis/49d1f7d9-7e07-4f9d-9976-e1e12dde26f6 has been successfully formatted.
2019-10-02 21:06:21,148 [pool-419-thread-1] INFO  storage.RaftStorage (RaftStorage.java:format(84)) - Storage directory /workdir/hadoop-ozone/integration-test/target/test-dir/MiniOzoneClusterImpl-3a252fbc-4287-47a2-893f-83f3490ca533/datanode-1/data/ratis/49d1f7d9-7e07-4f9d-9976-e1e12dde26f6 has been successfully formatted.
2019-10-02 21:06:21,149 [pool-429-thread-1] INFO  ratis.ContainerStateMachine (ContainerStateMachine.java:loadSnapshot(230)) - group-E1E12DDE26F6: The snapshot info is null. Setting the last applied indexto:(t:0, i:~)
2019-10-02 21:06:21,149 [pool-409-thread-1] INFO  ratis.ContainerStateMachine (ContainerStateMachine.java:loadSnapshot(230)) - group-E1E12DDE26F6: The snapshot info is null. Setting the last applied indexto:(t:0, i:~)
2019-10-02 21:06:21,149 [pool-429-thread-1] INFO  server.RaftServerConfigKeys (ConfUtils.java:logGet(43)) - raft.server.notification.no-leader.timeout = 120s (custom)
2019-10-02 21:06:21,149 [pool-419-thread-1] INFO  ratis.ContainerStateMachine (ContainerStateMachine.java:loadSnapshot(230)) - group-E1E12DDE26F6: The snapshot info is null. Setting the last applied indexto:(t:0, i:~)
2019-10-02 21:06:21,149 [pool-429-thread-1] INFO  server.RaftServerConfigKeys (ConfUtils.java:logGet(43)) - raft.server.log.use.memory = false (default)
2019-10-02 21:06:21,149 [pool-409-thread-1] INFO  server.RaftServerConfigKeys (ConfUtils.java:logGet(43)) - raft.server.notification.no-leader.timeout = 120s (custom)
2019-10-02 21:06:21,150 [pool-429-thread-1] INFO  server.RaftServerConfigKeys (ConfUtils.java:logGet(43)) - raft.server.log.purge.gap = 1000000 (custom)
2019-10-02 21:06:21,149 [pool-419-thread-1] INFO  server.RaftServerConfigKeys (ConfUtils.java:logGet(43)) - raft.server.notification.no-leader.timeout = 120s (custom)
2019-10-02 21:06:21,150 [pool-429-thread-1] INFO  server.RaftServerConfigKeys (ConfUtils.java:logGet(43)) - raft.server.log.appender.buffer.byte-limit = 33554432 (custom)
2019-10-02 21:06:21,150 [pool-409-thread-1] INFO  server.RaftServerConfigKeys (ConfUtils.java:logGet(43)) - raft.server.log.use.memory = false (default)
2019-10-02 21:06:21,150 [pool-429-thread-1] INFO  server.RaftServerConfigKeys (ConfUtils.java:logGet(43)) - raft.server.log.segment.size.max = 1048576 (custom)
2019-10-02 21:06:21,150 [pool-419-thread-1] INFO  server.RaftServerConfigKeys (ConfUtils.java:logGet(43)) - raft.server.log.use.memory = false (default)
2019-10-02 21:06:21,150 [pool-429-thread-1] INFO  server.RaftServerConfigKeys (ConfUtils.java:logGet(43)) - raft.server.log.segment.cache.num.max = 2 (custom)
2019-10-02 21:06:21,150 [pool-409-thread-1] INFO  server.RaftServerConfigKeys (ConfUtils.java:logGet(43)) - raft.server.log.purge.gap = 1000000 (custom)
2019-10-02 21:06:21,151 [pool-429-thread-1] INFO  segmented.SegmentedRaftLogWorker (SegmentedRaftLogWorker.java:<init>(173)) - new 5edb5b81-e56f-48e0-a3d6-7479a545ce64@group-E1E12DDE26F6-SegmentedRaftLogWorker for RaftStorage:Storage Directory /workdir/hadoop-ozone/integration-test/target/test-dir/MiniOzoneClusterImpl-3a252fbc-4287-47a2-893f-83f3490ca533/datanode-2/data/ratis/49d1f7d9-7e07-4f9d-9976-e1e12dde26f6
2019-10-02 21:06:21,151 [pool-419-thread-1] INFO  server.RaftServerConfigKeys (ConfUtils.java:logGet(43)) - raft.server.log.purge.gap = 1000000 (custom)
2019-10-02 21:06:21,151 [pool-429-thread-1] INFO  server.RaftServerConfigKeys (ConfUtils.java:logGet(43)) - raft.server.log.queue.byte-limit = 2147483647 (custom)
2019-10-02 21:06:21,151 [pool-409-thread-1] INFO  server.RaftServerConfigKeys (ConfUtils.java:logGet(43)) - raft.server.log.appender.buffer.byte-limit = 33554432 (custom)
2019-10-02 21:06:21,151 [pool-429-thread-1] INFO  server.RaftServerConfigKeys (ConfUtils.java:logGet(43)) - raft.server.log.queue.element-limit = 1024 (custom)
2019-10-02 21:06:21,151 [pool-419-thread-1] INFO  server.RaftServerConfigKeys (ConfUtils.java:logGet(43)) - raft.server.log.appender.buffer.byte-limit = 33554432 (custom)
2019-10-02 21:06:21,152 [pool-429-thread-1] INFO  server.RaftServerConfigKeys (ConfUtils.java:logGet(43)) - raft.server.log.segment.size.max = 1048576 (custom)
2019-10-02 21:06:21,151 [pool-409-thread-1] INFO  server.RaftServerConfigKeys (ConfUtils.java:logGet(43)) - raft.server.log.segment.size.max = 1048576 (custom)
2019-10-02 21:06:21,152 [pool-429-thread-1] INFO  server.RaftServerConfigKeys (ConfUtils.java:logGet(43)) - raft.server.log.preallocated.size = 16384 (custom)
2019-10-02 21:06:21,152 [pool-419-thread-1] INFO  server.RaftServerConfigKeys (ConfUtils.java:logGet(43)) - raft.server.log.segment.size.max = 1048576 (custom)
2019-10-02 21:06:21,152 [pool-429-thread-1] INFO  server.RaftServerConfigKeys (ConfUtils.java:logGet(43)) - raft.server.log.write.buffer.size = 33554432 (custom)
2019-10-02 21:06:21,152 [pool-409-thread-1] INFO  server.RaftServerConfigKeys (ConfUtils.java:logGet(43)) - raft.server.log.segment.cache.num.max = 2 (custom)
2019-10-02 21:06:21,152 [pool-429-thread-1] INFO  server.RaftServerConfigKeys (ConfUtils.java:logGet(43)) - raft.server.log.force.sync.num = 128 (default)
2019-10-02 21:06:21,152 [pool-419-thread-1] INFO  server.RaftServerConfigKeys (ConfUtils.java:logGet(43)) - raft.server.log.segment.cache.num.max = 2 (custom)
2019-10-02 21:06:21,153 [pool-429-thread-1] INFO  server.RaftServerConfigKeys (ConfUtils.java:logGet(43)) - raft.server.log.statemachine.data.sync = true (default)
2019-10-02 21:06:21,152 [pool-409-thread-1] INFO  segmented.SegmentedRaftLogWorker (SegmentedRaftLogWorker.java:<init>(173)) - new 070326aa-f1fa-4acf-9143-3b73f4503201@group-E1E12DDE26F6-SegmentedRaftLogWorker for RaftStorage:Storage Directory /workdir/hadoop-ozone/integration-test/target/test-dir/MiniOzoneClusterImpl-3a252fbc-4287-47a2-893f-83f3490ca533/datanode-0/data/ratis/49d1f7d9-7e07-4f9d-9976-e1e12dde26f6
2019-10-02 21:06:21,153 [pool-429-thread-1] INFO  server.RaftServerConfigKeys (ConfUtils.java:logGet(43)) - raft.server.log.statemachine.data.sync.timeout = 10s (default)
2019-10-02 21:06:21,153 [pool-419-thread-1] INFO  segmented.SegmentedRaftLogWorker (SegmentedRaftLogWorker.java:<init>(173)) - new 7d6f8f3d-8939-42dd-bbbd-f72a8fc3ef97@group-E1E12DDE26F6-SegmentedRaftLogWorker for RaftStorage:Storage Directory /workdir/hadoop-ozone/integration-test/target/test-dir/MiniOzoneClusterImpl-3a252fbc-4287-47a2-893f-83f3490ca533/datanode-1/data/ratis/49d1f7d9-7e07-4f9d-9976-e1e12dde26f6
2019-10-02 21:06:21,153 [pool-429-thread-1] INFO  server.RaftServerConfigKeys (ConfUtils.java:logGet(43)) - raft.server.log.statemachine.data.sync.timeout.retry = -1 (default)
2019-10-02 21:06:21,153 [pool-409-thread-1] INFO  server.RaftServerConfigKeys (ConfUtils.java:logGet(43)) - raft.server.log.queue.byte-limit = 2147483647 (custom)
2019-10-02 21:06:21,154 [pool-429-thread-1] INFO  server.RaftServerConfigKeys (ConfUtils.java:logGet(43)) - raft.server.log.statemachine.data.caching.enabled = true (custom)
2019-10-02 21:06:21,153 [pool-419-thread-1] INFO  server.RaftServerConfigKeys (ConfUtils.java:logGet(43)) - raft.server.log.queue.byte-limit = 2147483647 (custom)
2019-10-02 21:06:21,154 [pool-409-thread-1] INFO  server.RaftServerConfigKeys (ConfUtils.java:logGet(43)) - raft.server.log.queue.element-limit = 1024 (custom)
2019-10-02 21:06:21,154 [pool-429-thread-1] INFO  segmented.SegmentedRaftLogWorker (SegmentedRaftLogWorker.java:lambda$new$0(128)) - 5edb5b81-e56f-48e0-a3d6-7479a545ce64@group-E1E12DDE26F6-SegmentedRaftLogWorker: flushIndex: setUnconditionally 0 -> -1
2019-10-02 21:06:21,154 [pool-419-thread-1] INFO  server.RaftServerConfigKeys (ConfUtils.java:logGet(43)) - raft.server.log.queue.element-limit = 1024 (custom)
2019-10-02 21:06:21,154 [pool-409-thread-1] INFO  server.RaftServerConfigKeys (ConfUtils.java:logGet(43)) - raft.server.log.segment.size.max = 1048576 (custom)
2019-10-02 21:06:21,154 [pool-429-thread-1] INFO  server.RaftServerConfigKeys (ConfUtils.java:logGet(43)) - raft.server.snapshot.auto.trigger.enabled = true (custom)
2019-10-02 21:06:21,154 [pool-419-thread-1] INFO  server.RaftServerConfigKeys (ConfUtils.java:logGet(43)) - raft.server.log.segment.size.max = 1048576 (custom)
2019-10-02 21:06:21,155 [pool-429-thread-1] INFO  server.RaftServerConfigKeys (ConfUtils.java:logGet(43)) - raft.server.snapshot.auto.trigger.threshold = 10000 (custom)
2019-10-02 21:06:21,155 [pool-429-thread-1] INFO  server.RaftServerConfigKeys (ConfUtils.java:logGet(43)) - raft.server.snapshot.retention.file.num = 5 (custom)
2019-10-02 21:06:21,154 [pool-409-thread-1] INFO  server.RaftServerConfigKeys (ConfUtils.java:logGet(43)) - raft.server.log.preallocated.size = 16384 (custom)
2019-10-02 21:06:21,155 [pool-429-thread-1] INFO  server.RaftServerConfigKeys (ConfUtils.java:logGet(43)) - raft.server.retrycache.expirytime = 600000ms (custom)
2019-10-02 21:06:21,155 [pool-419-thread-1] INFO  server.RaftServerConfigKeys (ConfUtils.java:logGet(43)) - raft.server.log.preallocated.size = 16384 (custom)
2019-10-02 21:06:21,155 [pool-409-thread-1] INFO  server.RaftServerConfigKeys (ConfUtils.java:logGet(43)) - raft.server.log.write.buffer.size = 33554432 (custom)
2019-10-02 21:06:21,155 [pool-419-thread-1] INFO  server.RaftServerConfigKeys (ConfUtils.java:logGet(43)) - raft.server.log.write.buffer.size = 33554432 (custom)
2019-10-02 21:06:21,155 [pool-409-thread-1] INFO  server.RaftServerConfigKeys (ConfUtils.java:logGet(43)) - raft.server.log.force.sync.num = 128 (default)
2019-10-02 21:06:21,156 [pool-419-thread-1] INFO  server.RaftServerConfigKeys (ConfUtils.java:logGet(43)) - raft.server.log.force.sync.num = 128 (default)
2019-10-02 21:06:21,156 [pool-409-thread-1] INFO  server.RaftServerConfigKeys (ConfUtils.java:logGet(43)) - raft.server.log.statemachine.data.sync = true (default)
2019-10-02 21:06:21,156 [pool-419-thread-1] INFO  server.RaftServerConfigKeys (ConfUtils.java:logGet(43)) - raft.server.log.statemachine.data.sync = true (default)
2019-10-02 21:06:21,156 [pool-409-thread-1] INFO  server.RaftServerConfigKeys (ConfUtils.java:logGet(43)) - raft.server.log.statemachine.data.sync.timeout = 10s (default)
2019-10-02 21:06:21,156 [pool-419-thread-1] INFO  server.RaftServerConfigKeys (ConfUtils.java:logGet(43)) - raft.server.log.statemachine.data.sync.timeout = 10s (default)
2019-10-02 21:06:21,156 [pool-409-thread-1] INFO  server.RaftServerConfigKeys (ConfUtils.java:logGet(43)) - raft.server.log.statemachine.data.sync.timeout.retry = -1 (default)
2019-10-02 21:06:21,156 [pool-419-thread-1] INFO  server.RaftServerConfigKeys (ConfUtils.java:logGet(43)) - raft.server.log.statemachine.data.sync.timeout.retry = -1 (default)
2019-10-02 21:06:21,157 [pool-409-thread-1] INFO  server.RaftServerConfigKeys (ConfUtils.java:logGet(43)) - raft.server.log.statemachine.data.caching.enabled = true (custom)
2019-10-02 21:06:21,157 [pool-419-thread-1] INFO  server.RaftServerConfigKeys (ConfUtils.java:logGet(43)) - raft.server.log.statemachine.data.caching.enabled = true (custom)
2019-10-02 21:06:21,157 [pool-429-thread-1] INFO  impl.RaftServerImpl (RaftServerImpl.java:start(181)) - 5edb5b81-e56f-48e0-a3d6-7479a545ce64@group-E1E12DDE26F6: start as a follower, conf=-1: [7d6f8f3d-8939-42dd-bbbd-f72a8fc3ef97:192.168.164.206:43483, 070326aa-f1fa-4acf-9143-3b73f4503201:192.168.164.206:40114, 5edb5b81-e56f-48e0-a3d6-7479a545ce64:192.168.164.206:39550], old=null
2019-10-02 21:06:21,157 [pool-409-thread-1] INFO  segmented.SegmentedRaftLogWorker (SegmentedRaftLogWorker.java:lambda$new$0(128)) - 070326aa-f1fa-4acf-9143-3b73f4503201@group-E1E12DDE26F6-SegmentedRaftLogWorker: flushIndex: setUnconditionally 0 -> -1
2019-10-02 21:06:21,157 [pool-419-thread-1] INFO  segmented.SegmentedRaftLogWorker (SegmentedRaftLogWorker.java:lambda$new$0(128)) - 7d6f8f3d-8939-42dd-bbbd-f72a8fc3ef97@group-E1E12DDE26F6-SegmentedRaftLogWorker: flushIndex: setUnconditionally 0 -> -1
2019-10-02 21:06:21,157 [pool-429-thread-1] INFO  impl.RaftServerImpl (RaftServerImpl.java:setRole(170)) - 5edb5b81-e56f-48e0-a3d6-7479a545ce64@group-E1E12DDE26F6: changes role from      null to FOLLOWER at term 0 for startAsFollower
2019-10-02 21:06:21,157 [pool-409-thread-1] INFO  server.RaftServerConfigKeys (ConfUtils.java:logGet(43)) - raft.server.snapshot.auto.trigger.enabled = true (custom)
2019-10-02 21:06:21,158 [pool-419-thread-1] INFO  server.RaftServerConfigKeys (ConfUtils.java:logGet(43)) - raft.server.snapshot.auto.trigger.enabled = true (custom)
2019-10-02 21:06:21,158 [pool-429-thread-1] INFO  impl.RoleInfo (RoleInfo.java:updateAndGet(143)) - 5edb5b81-e56f-48e0-a3d6-7479a545ce64: start FollowerState
2019-10-02 21:06:21,158 [pool-419-thread-1] INFO  server.RaftServerConfigKeys (ConfUtils.java:logGet(43)) - raft.server.snapshot.auto.trigger.threshold = 10000 (custom)
2019-10-02 21:06:21,158 [pool-409-thread-1] INFO  server.RaftServerConfigKeys (ConfUtils.java:logGet(43)) - raft.server.snapshot.auto.trigger.threshold = 10000 (custom)
2019-10-02 21:06:21,158 [pool-429-thread-1] INFO  util.JmxRegister (JmxRegister.java:tryRegister(44)) - Successfully registered JMX Bean with object name Ratis:service=RaftServer,group=group-E1E12DDE26F6,id=5edb5b81-e56f-48e0-a3d6-7479a545ce64
2019-10-02 21:06:21,158 [pool-419-thread-1] INFO  server.RaftServerConfigKeys (ConfUtils.java:logGet(43)) - raft.server.snapshot.retention.file.num = 5 (custom)
2019-10-02 21:06:21,158 [pool-409-thread-1] INFO  server.RaftServerConfigKeys (ConfUtils.java:logGet(43)) - raft.server.snapshot.retention.file.num = 5 (custom)
2019-10-02 21:06:21,158 [pool-419-thread-1] INFO  server.RaftServerConfigKeys (ConfUtils.java:logGet(43)) - raft.server.retrycache.expirytime = 600000ms (custom)
2019-10-02 21:06:21,159 [pool-409-thread-1] INFO  server.RaftServerConfigKeys (ConfUtils.java:logGet(43)) - raft.server.retrycache.expirytime = 600000ms (custom)
2019-10-02 21:06:21,162 [pool-419-thread-1] INFO  impl.RaftServerImpl (RaftServerImpl.java:start(181)) - 7d6f8f3d-8939-42dd-bbbd-f72a8fc3ef97@group-E1E12DDE26F6: start as a follower, conf=-1: [7d6f8f3d-8939-42dd-bbbd-f72a8fc3ef97:192.168.164.206:43483, 070326aa-f1fa-4acf-9143-3b73f4503201:192.168.164.206:40114, 5edb5b81-e56f-48e0-a3d6-7479a545ce64:192.168.164.206:39550], old=null
2019-10-02 21:06:21,162 [pool-409-thread-1] INFO  impl.RaftServerImpl (RaftServerImpl.java:start(181)) - 070326aa-f1fa-4acf-9143-3b73f4503201@group-E1E12DDE26F6: start as a follower, conf=-1: [7d6f8f3d-8939-42dd-bbbd-f72a8fc3ef97:192.168.164.206:43483, 070326aa-f1fa-4acf-9143-3b73f4503201:192.168.164.206:40114, 5edb5b81-e56f-48e0-a3d6-7479a545ce64:192.168.164.206:39550], old=null
2019-10-02 21:06:21,162 [pool-419-thread-1] INFO  impl.RaftServerImpl (RaftServerImpl.java:setRole(170)) - 7d6f8f3d-8939-42dd-bbbd-f72a8fc3ef97@group-E1E12DDE26F6: changes role from      null to FOLLOWER at term 0 for startAsFollower
2019-10-02 21:06:21,162 [pool-409-thread-1] INFO  impl.RaftServerImpl (RaftServerImpl.java:setRole(170)) - 070326aa-f1fa-4acf-9143-3b73f4503201@group-E1E12DDE26F6: changes role from      null to FOLLOWER at term 0 for startAsFollower
2019-10-02 21:06:21,163 [pool-419-thread-1] INFO  impl.RoleInfo (RoleInfo.java:updateAndGet(143)) - 7d6f8f3d-8939-42dd-bbbd-f72a8fc3ef97: start FollowerState
2019-10-02 21:06:21,163 [pool-409-thread-1] INFO  impl.RoleInfo (RoleInfo.java:updateAndGet(143)) - 070326aa-f1fa-4acf-9143-3b73f4503201: start FollowerState
2019-10-02 21:06:21,173 [pool-419-thread-1] INFO  util.JmxRegister (JmxRegister.java:tryRegister(44)) - Successfully registered JMX Bean with object name Ratis:service=RaftServer,group=group-E1E12DDE26F6,id=7d6f8f3d-8939-42dd-bbbd-f72a8fc3ef97
2019-10-02 21:06:21,173 [pool-409-thread-1] INFO  util.JmxRegister (JmxRegister.java:tryRegister(44)) - Successfully registered JMX Bean with object name Ratis:service=RaftServer,group=group-E1E12DDE26F6,id=070326aa-f1fa-4acf-9143-3b73f4503201
2019-10-02 21:06:21,187 [RatisPipelineUtilsThread] INFO  pipeline.PipelineStateManager (PipelineStateManager.java:addPipeline(56)) - Created pipeline Pipeline[ Id: 49d1f7d9-7e07-4f9d-9976-e1e12dde26f6, Nodes: 7d6f8f3d-8939-42dd-bbbd-f72a8fc3ef97{ip: 192.168.164.206, host: pr-hdds-2162-pj84x-1708865144, networkLocation: /default-rack, certSerialId: null}5edb5b81-e56f-48e0-a3d6-7479a545ce64{ip: 192.168.164.206, host: pr-hdds-2162-pj84x-1708865144, networkLocation: /default-rack, certSerialId: null}070326aa-f1fa-4acf-9143-3b73f4503201{ip: 192.168.164.206, host: pr-hdds-2162-pj84x-1708865144, networkLocation: /default-rack, certSerialId: null}, Type:RATIS, Factor:THREE, State:OPEN]
2019-10-02 21:06:21,192 [IPC Server handler 6 on 37705] INFO  net.NetworkTopology (NetworkTopologyImpl.java:add(111)) - Added a new node: /default-rack/77825903-4878-47e9-9161-8fc3ca3e4e76
2019-10-02 21:06:21,192 [IPC Server handler 6 on 37705] INFO  node.SCMNodeManager (SCMNodeManager.java:register(266)) - Registered Data node : 77825903-4878-47e9-9161-8fc3ca3e4e76{ip: 192.168.164.206, host: pr-hdds-2162-pj84x-1708865144, networkLocation: /default-rack, certSerialId: null}
2019-10-02 21:06:21,197 [grpc-default-executor-4] INFO  impl.RaftServerProxy (RaftServerProxy.java:addNew(89)) - 18b3ba82-8644-4b44-b91b-2038c85b7def: addNew group-DAA08C70CDDC:[18b3ba82-8644-4b44-b91b-2038c85b7def:192.168.164.206:33333] returns group-DAA08C70CDDC:java.util.concurrent.CompletableFuture@6a1b90ed[Not completed]
2019-10-02 21:06:21,201 [pool-439-thread-1] INFO  impl.RaftServerImpl (RaftServerImpl.java:<init>(95)) - 18b3ba82-8644-4b44-b91b-2038c85b7def: new RaftServerImpl for group-DAA08C70CDDC:[18b3ba82-8644-4b44-b91b-2038c85b7def:192.168.164.206:33333] with ContainerStateMachine:uninitialized
2019-10-02 21:06:21,201 [pool-439-thread-1] INFO  server.RaftServerConfigKeys (ConfUtils.java:logGet(43)) - raft.server.rpc.timeout.min = 5s (custom)
2019-10-02 21:06:21,201 [pool-439-thread-1] INFO  server.RaftServerConfigKeys (ConfUtils.java:logGet(43)) - raft.server.rpc.timeout.max = 5200ms (custom)
2019-10-02 21:06:21,201 [pool-439-thread-1] INFO  server.RaftServerConfigKeys (ConfUtils.java:logGet(43)) - raft.server.rpcslowness.timeout = 120s (custom)
2019-10-02 21:06:21,201 [pool-439-thread-1] INFO  server.RaftServerConfigKeys (ConfUtils.java:logGet(43)) - raft.server.sleep.deviation.threshold = 300 (default)
2019-10-02 21:06:21,202 [pool-439-thread-1] INFO  server.RaftServerConfigKeys (ConfUtils.java:logGet(43)) - raft.server.log.appender.install.snapshot.enabled = false (custom)
2019-10-02 21:06:21,202 [pool-439-thread-1] INFO  impl.RaftServerImpl (ServerState.java:<init>(103)) - 18b3ba82-8644-4b44-b91b-2038c85b7def@group-DAA08C70CDDC: ConfigurationManager, init=-1: [18b3ba82-8644-4b44-b91b-2038c85b7def:192.168.164.206:33333], old=null, confs=<EMPTY_MAP>
2019-10-02 21:06:21,202 [pool-439-thread-1] INFO  server.RaftServerConfigKeys (ConfUtils.java:logGet(43)) - raft.server.storage.dir = [/workdir/hadoop-ozone/integration-test/target/test-dir/MiniOzoneClusterImpl-3a252fbc-4287-47a2-893f-83f3490ca533/datanode-3/data/ratis] (custom)
2019-10-02 21:06:21,202 [pool-439-thread-1] INFO  server.RaftServerConfigKeys (ConfUtils.java:logGet(43)) - raft.server.log.corruption.policy = EXCEPTION (default)
2019-10-02 21:06:21,202 [pool-439-thread-1] INFO  storage.RaftStorageDirectory (RaftStorageDirectory.java:analyzeStorage(246)) - The storage directory /workdir/hadoop-ozone/integration-test/target/test-dir/MiniOzoneClusterImpl-3a252fbc-4287-47a2-893f-83f3490ca533/datanode-3/data/ratis/f9d43edb-bdf3-4d44-bcb9-daa08c70cddc does not exist. Creating ...
2019-10-02 21:06:21,214 [pool-439-thread-1] INFO  storage.RaftStorageDirectory (RaftStorageDirectory.java:tryLock(328)) - Lock on /workdir/hadoop-ozone/integration-test/target/test-dir/MiniOzoneClusterImpl-3a252fbc-4287-47a2-893f-83f3490ca533/datanode-3/data/ratis/f9d43edb-bdf3-4d44-bcb9-daa08c70cddc/in_use.lock acquired by nodename 11809@pr-hdds-2162-pj84x-1708865144
2019-10-02 21:06:21,228 [pool-439-thread-1] INFO  storage.RaftStorage (RaftStorage.java:format(84)) - Storage directory /workdir/hadoop-ozone/integration-test/target/test-dir/MiniOzoneClusterImpl-3a252fbc-4287-47a2-893f-83f3490ca533/datanode-3/data/ratis/f9d43edb-bdf3-4d44-bcb9-daa08c70cddc has been successfully formatted.
2019-10-02 21:06:21,228 [pool-439-thread-1] INFO  ratis.ContainerStateMachine (ContainerStateMachine.java:loadSnapshot(230)) - group-DAA08C70CDDC: The snapshot info is null. Setting the last applied indexto:(t:0, i:~)
2019-10-02 21:06:21,228 [pool-439-thread-1] INFO  server.RaftServerConfigKeys (ConfUtils.java:logGet(43)) - raft.server.notification.no-leader.timeout = 120s (custom)
2019-10-02 21:06:21,228 [pool-439-thread-1] INFO  server.RaftServerConfigKeys (ConfUtils.java:logGet(43)) - raft.server.log.use.memory = false (default)
2019-10-02 21:06:21,228 [pool-439-thread-1] INFO  server.RaftServerConfigKeys (ConfUtils.java:logGet(43)) - raft.server.log.purge.gap = 1000000 (custom)
2019-10-02 21:06:21,228 [pool-439-thread-1] INFO  server.RaftServerConfigKeys (ConfUtils.java:logGet(43)) - raft.server.log.appender.buffer.byte-limit = 33554432 (custom)
2019-10-02 21:06:21,229 [pool-439-thread-1] INFO  server.RaftServerConfigKeys (ConfUtils.java:logGet(43)) - raft.server.log.segment.size.max = 1048576 (custom)
2019-10-02 21:06:21,230 [pool-439-thread-1] INFO  server.RaftServerConfigKeys (ConfUtils.java:logGet(43)) - raft.server.log.segment.cache.num.max = 2 (custom)
2019-10-02 21:06:21,230 [pool-439-thread-1] INFO  segmented.SegmentedRaftLogWorker (SegmentedRaftLogWorker.java:<init>(173)) - new 18b3ba82-8644-4b44-b91b-2038c85b7def@group-DAA08C70CDDC-SegmentedRaftLogWorker for RaftStorage:Storage Directory /workdir/hadoop-ozone/integration-test/target/test-dir/MiniOzoneClusterImpl-3a252fbc-4287-47a2-893f-83f3490ca533/datanode-3/data/ratis/f9d43edb-bdf3-4d44-bcb9-daa08c70cddc
2019-10-02 21:06:21,230 [pool-439-thread-1] INFO  server.RaftServerConfigKeys (ConfUtils.java:logGet(43)) - raft.server.log.queue.byte-limit = 2147483647 (custom)
2019-10-02 21:06:21,231 [pool-439-thread-1] INFO  server.RaftServerConfigKeys (ConfUtils.java:logGet(43)) - raft.server.log.queue.element-limit = 1024 (custom)
2019-10-02 21:06:21,231 [pool-439-thread-1] INFO  server.RaftServerConfigKeys (ConfUtils.java:logGet(43)) - raft.server.log.segment.size.max = 1048576 (custom)
2019-10-02 21:06:21,231 [pool-439-thread-1] INFO  server.RaftServerConfigKeys (ConfUtils.java:logGet(43)) - raft.server.log.preallocated.size = 16384 (custom)
2019-10-02 21:06:21,231 [pool-439-thread-1] INFO  server.RaftServerConfigKeys (ConfUtils.java:logGet(43)) - raft.server.log.write.buffer.size = 33554432 (custom)
2019-10-02 21:06:21,231 [pool-439-thread-1] INFO  server.RaftServerConfigKeys (ConfUtils.java:logGet(43)) - raft.server.log.force.sync.num = 128 (default)
2019-10-02 21:06:21,231 [pool-439-thread-1] INFO  server.RaftServerConfigKeys (ConfUtils.java:logGet(43)) - raft.server.log.statemachine.data.sync = true (default)
2019-10-02 21:06:21,231 [pool-439-thread-1] INFO  server.RaftServerConfigKeys (ConfUtils.java:logGet(43)) - raft.server.log.statemachine.data.sync.timeout = 10s (default)
2019-10-02 21:06:21,231 [pool-439-thread-1] INFO  server.RaftServerConfigKeys (ConfUtils.java:logGet(43)) - raft.server.log.statemachine.data.sync.timeout.retry = -1 (default)
2019-10-02 21:06:21,232 [pool-439-thread-1] INFO  server.RaftServerConfigKeys (ConfUtils.java:logGet(43)) - raft.server.log.statemachine.data.caching.enabled = true (custom)
2019-10-02 21:06:21,232 [pool-439-thread-1] INFO  segmented.SegmentedRaftLogWorker (SegmentedRaftLogWorker.java:lambda$new$0(128)) - 18b3ba82-8644-4b44-b91b-2038c85b7def@group-DAA08C70CDDC-SegmentedRaftLogWorker: flushIndex: setUnconditionally 0 -> -1
2019-10-02 21:06:21,232 [pool-439-thread-1] INFO  server.RaftServerConfigKeys (ConfUtils.java:logGet(43)) - raft.server.snapshot.auto.trigger.enabled = true (custom)
2019-10-02 21:06:21,232 [pool-439-thread-1] INFO  server.RaftServerConfigKeys (ConfUtils.java:logGet(43)) - raft.server.snapshot.auto.trigger.threshold = 10000 (custom)
2019-10-02 21:06:21,232 [pool-439-thread-1] INFO  server.RaftServerConfigKeys (ConfUtils.java:logGet(43)) - raft.server.snapshot.retention.file.num = 5 (custom)
2019-10-02 21:06:21,233 [pool-439-thread-1] INFO  server.RaftServerConfigKeys (ConfUtils.java:logGet(43)) - raft.server.retrycache.expirytime = 600000ms (custom)
2019-10-02 21:06:21,234 [pool-439-thread-1] INFO  impl.RaftServerImpl (RaftServerImpl.java:start(181)) - 18b3ba82-8644-4b44-b91b-2038c85b7def@group-DAA08C70CDDC: start as a follower, conf=-1: [18b3ba82-8644-4b44-b91b-2038c85b7def:192.168.164.206:33333], old=null
2019-10-02 21:06:21,234 [pool-439-thread-1] INFO  impl.RaftServerImpl (RaftServerImpl.java:setRole(170)) - 18b3ba82-8644-4b44-b91b-2038c85b7def@group-DAA08C70CDDC: changes role from      null to FOLLOWER at term 0 for startAsFollower
2019-10-02 21:06:21,235 [pool-439-thread-1] INFO  impl.RoleInfo (RoleInfo.java:updateAndGet(143)) - 18b3ba82-8644-4b44-b91b-2038c85b7def: start FollowerState
2019-10-02 21:06:21,235 [pool-439-thread-1] INFO  util.JmxRegister (JmxRegister.java:tryRegister(44)) - Successfully registered JMX Bean with object name Ratis:service=RaftServer,group=group-DAA08C70CDDC,id=18b3ba82-8644-4b44-b91b-2038c85b7def
2019-10-02 21:06:21,238 [RatisPipelineUtilsThread] INFO  pipeline.PipelineStateManager (PipelineStateManager.java:addPipeline(56)) - Created pipeline Pipeline[ Id: f9d43edb-bdf3-4d44-bcb9-daa08c70cddc, Nodes: 18b3ba82-8644-4b44-b91b-2038c85b7def{ip: 192.168.164.206, host: pr-hdds-2162-pj84x-1708865144, networkLocation: /default-rack, certSerialId: null}, Type:RATIS, Factor:ONE, State:OPEN]
2019-10-02 21:06:21,247 [grpc-default-executor-4] INFO  impl.RaftServerProxy (RaftServerProxy.java:addNew(89)) - 77825903-4878-47e9-9161-8fc3ca3e4e76: addNew group-01310BD6A0BF:[77825903-4878-47e9-9161-8fc3ca3e4e76:192.168.164.206:45780] returns group-01310BD6A0BF:java.util.concurrent.CompletableFuture@658eab10[Not completed]
2019-10-02 21:06:21,248 [pool-449-thread-1] INFO  impl.RaftServerImpl (RaftServerImpl.java:<init>(95)) - 77825903-4878-47e9-9161-8fc3ca3e4e76: new RaftServerImpl for group-01310BD6A0BF:[77825903-4878-47e9-9161-8fc3ca3e4e76:192.168.164.206:45780] with ContainerStateMachine:uninitialized
2019-10-02 21:06:21,248 [pool-449-thread-1] INFO  server.RaftServerConfigKeys (ConfUtils.java:logGet(43)) - raft.server.rpc.timeout.min = 5s (custom)
2019-10-02 21:06:21,248 [pool-449-thread-1] INFO  server.RaftServerConfigKeys (ConfUtils.java:logGet(43)) - raft.server.rpc.timeout.max = 5200ms (custom)
2019-10-02 21:06:21,248 [pool-449-thread-1] INFO  server.RaftServerConfigKeys (ConfUtils.java:logGet(43)) - raft.server.rpcslowness.timeout = 120s (custom)
2019-10-02 21:06:21,248 [pool-449-thread-1] INFO  server.RaftServerConfigKeys (ConfUtils.java:logGet(43)) - raft.server.sleep.deviation.threshold = 300 (default)
2019-10-02 21:06:21,249 [pool-449-thread-1] INFO  server.RaftServerConfigKeys (ConfUtils.java:logGet(43)) - raft.server.log.appender.install.snapshot.enabled = false (custom)
2019-10-02 21:06:21,249 [pool-449-thread-1] INFO  impl.RaftServerImpl (ServerState.java:<init>(103)) - 77825903-4878-47e9-9161-8fc3ca3e4e76@group-01310BD6A0BF: ConfigurationManager, init=-1: [77825903-4878-47e9-9161-8fc3ca3e4e76:192.168.164.206:45780], old=null, confs=<EMPTY_MAP>
2019-10-02 21:06:21,249 [pool-449-thread-1] INFO  server.RaftServerConfigKeys (ConfUtils.java:logGet(43)) - raft.server.storage.dir = [/workdir/hadoop-ozone/integration-test/target/test-dir/MiniOzoneClusterImpl-3a252fbc-4287-47a2-893f-83f3490ca533/datanode-4/data/ratis] (custom)
2019-10-02 21:06:21,249 [pool-449-thread-1] INFO  server.RaftServerConfigKeys (ConfUtils.java:logGet(43)) - raft.server.log.corruption.policy = EXCEPTION (default)
2019-10-02 21:06:21,249 [pool-449-thread-1] INFO  storage.RaftStorageDirectory (RaftStorageDirectory.java:analyzeStorage(246)) - The storage directory /workdir/hadoop-ozone/integration-test/target/test-dir/MiniOzoneClusterImpl-3a252fbc-4287-47a2-893f-83f3490ca533/datanode-4/data/ratis/511bb0c4-959f-430c-924b-01310bd6a0bf does not exist. Creating ...
2019-10-02 21:06:21,256 [IPC Server handler 7 on 37705] INFO  net.NetworkTopology (NetworkTopologyImpl.java:add(111)) - Added a new node: /default-rack/9f78b666-09ed-47d3-a843-81f82f1ca7ed
2019-10-02 21:06:21,256 [IPC Server handler 7 on 37705] INFO  node.SCMNodeManager (SCMNodeManager.java:register(266)) - Registered Data node : 9f78b666-09ed-47d3-a843-81f82f1ca7ed{ip: 192.168.164.206, host: pr-hdds-2162-pj84x-1708865144, networkLocation: /default-rack, certSerialId: null}
2019-10-02 21:06:21,261 [pool-449-thread-1] INFO  storage.RaftStorageDirectory (RaftStorageDirectory.java:tryLock(328)) - Lock on /workdir/hadoop-ozone/integration-test/target/test-dir/MiniOzoneClusterImpl-3a252fbc-4287-47a2-893f-83f3490ca533/datanode-4/data/ratis/511bb0c4-959f-430c-924b-01310bd6a0bf/in_use.lock acquired by nodename 11809@pr-hdds-2162-pj84x-1708865144
2019-10-02 21:06:21,274 [pool-449-thread-1] INFO  storage.RaftStorage (RaftStorage.java:format(84)) - Storage directory /workdir/hadoop-ozone/integration-test/target/test-dir/MiniOzoneClusterImpl-3a252fbc-4287-47a2-893f-83f3490ca533/datanode-4/data/ratis/511bb0c4-959f-430c-924b-01310bd6a0bf has been successfully formatted.
2019-10-02 21:06:21,274 [pool-449-thread-1] INFO  ratis.ContainerStateMachine (ContainerStateMachine.java:loadSnapshot(230)) - group-01310BD6A0BF: The snapshot info is null. Setting the last applied indexto:(t:0, i:~)
2019-10-02 21:06:21,274 [pool-449-thread-1] INFO  server.RaftServerConfigKeys (ConfUtils.java:logGet(43)) - raft.server.notification.no-leader.timeout = 120s (custom)
2019-10-02 21:06:21,274 [pool-449-thread-1] INFO  server.RaftServerConfigKeys (ConfUtils.java:logGet(43)) - raft.server.log.use.memory = false (default)
2019-10-02 21:06:21,274 [pool-449-thread-1] INFO  server.RaftServerConfigKeys (ConfUtils.java:logGet(43)) - raft.server.log.purge.gap = 1000000 (custom)
2019-10-02 21:06:21,274 [pool-449-thread-1] INFO  server.RaftServerConfigKeys (ConfUtils.java:logGet(43)) - raft.server.log.appender.buffer.byte-limit = 33554432 (custom)
2019-10-02 21:06:21,274 [pool-449-thread-1] INFO  server.RaftServerConfigKeys (ConfUtils.java:logGet(43)) - raft.server.log.segment.size.max = 1048576 (custom)
2019-10-02 21:06:21,275 [pool-449-thread-1] INFO  server.RaftServerConfigKeys (ConfUtils.java:logGet(43)) - raft.server.log.segment.cache.num.max = 2 (custom)
2019-10-02 21:06:21,276 [pool-449-thread-1] INFO  segmented.SegmentedRaftLogWorker (SegmentedRaftLogWorker.java:<init>(173)) - new 77825903-4878-47e9-9161-8fc3ca3e4e76@group-01310BD6A0BF-SegmentedRaftLogWorker for RaftStorage:Storage Directory /workdir/hadoop-ozone/integration-test/target/test-dir/MiniOzoneClusterImpl-3a252fbc-4287-47a2-893f-83f3490ca533/datanode-4/data/ratis/511bb0c4-959f-430c-924b-01310bd6a0bf
2019-10-02 21:06:21,276 [pool-449-thread-1] INFO  server.RaftServerConfigKeys (ConfUtils.java:logGet(43)) - raft.server.log.queue.byte-limit = 2147483647 (custom)
2019-10-02 21:06:21,276 [pool-449-thread-1] INFO  server.RaftServerConfigKeys (ConfUtils.java:logGet(43)) - raft.server.log.queue.element-limit = 1024 (custom)
2019-10-02 21:06:21,276 [pool-449-thread-1] INFO  server.RaftServerConfigKeys (ConfUtils.java:logGet(43)) - raft.server.log.segment.size.max = 1048576 (custom)
2019-10-02 21:06:21,276 [pool-449-thread-1] INFO  server.RaftServerConfigKeys (ConfUtils.java:logGet(43)) - raft.server.log.preallocated.size = 16384 (custom)
2019-10-02 21:06:21,276 [pool-449-thread-1] INFO  server.RaftServerConfigKeys (ConfUtils.java:logGet(43)) - raft.server.log.write.buffer.size = 33554432 (custom)
2019-10-02 21:06:21,276 [pool-449-thread-1] INFO  server.RaftServerConfigKeys (ConfUtils.java:logGet(43)) - raft.server.log.force.sync.num = 128 (default)
2019-10-02 21:06:21,276 [pool-449-thread-1] INFO  server.RaftServerConfigKeys (ConfUtils.java:logGet(43)) - raft.server.log.statemachine.data.sync = true (default)
2019-10-02 21:06:21,276 [pool-449-thread-1] INFO  server.RaftServerConfigKeys (ConfUtils.java:logGet(43)) - raft.server.log.statemachine.data.sync.timeout = 10s (default)
2019-10-02 21:06:21,276 [pool-449-thread-1] INFO  server.RaftServerConfigKeys (ConfUtils.java:logGet(43)) - raft.server.log.statemachine.data.sync.timeout.retry = -1 (default)
2019-10-02 21:06:21,277 [pool-449-thread-1] INFO  server.RaftServerConfigKeys (ConfUtils.java:logGet(43)) - raft.server.log.statemachine.data.caching.enabled = true (custom)
2019-10-02 21:06:21,277 [pool-449-thread-1] INFO  segmented.SegmentedRaftLogWorker (SegmentedRaftLogWorker.java:lambda$new$0(128)) - 77825903-4878-47e9-9161-8fc3ca3e4e76@group-01310BD6A0BF-SegmentedRaftLogWorker: flushIndex: setUnconditionally 0 -> -1
2019-10-02 21:06:21,277 [pool-449-thread-1] INFO  server.RaftServerConfigKeys (ConfUtils.java:logGet(43)) - raft.server.snapshot.auto.trigger.enabled = true (custom)
2019-10-02 21:06:21,277 [pool-449-thread-1] INFO  server.RaftServerConfigKeys (ConfUtils.java:logGet(43)) - raft.server.snapshot.auto.trigger.threshold = 10000 (custom)
2019-10-02 21:06:21,277 [pool-449-thread-1] INFO  server.RaftServerConfigKeys (ConfUtils.java:logGet(43)) - raft.server.snapshot.retention.file.num = 5 (custom)
2019-10-02 21:06:21,278 [pool-449-thread-1] INFO  server.RaftServerConfigKeys (ConfUtils.java:logGet(43)) - raft.server.retrycache.expirytime = 600000ms (custom)
2019-10-02 21:06:21,279 [pool-449-thread-1] INFO  impl.RaftServerImpl (RaftServerImpl.java:start(181)) - 77825903-4878-47e9-9161-8fc3ca3e4e76@group-01310BD6A0BF: start as a follower, conf=-1: [77825903-4878-47e9-9161-8fc3ca3e4e76:192.168.164.206:45780], old=null
2019-10-02 21:06:21,279 [pool-449-thread-1] INFO  impl.RaftServerImpl (RaftServerImpl.java:setRole(170)) - 77825903-4878-47e9-9161-8fc3ca3e4e76@group-01310BD6A0BF: changes role from      null to FOLLOWER at term 0 for startAsFollower
2019-10-02 21:06:21,279 [pool-449-thread-1] INFO  impl.RoleInfo (RoleInfo.java:updateAndGet(143)) - 77825903-4878-47e9-9161-8fc3ca3e4e76: start FollowerState
2019-10-02 21:06:21,279 [pool-449-thread-1] INFO  util.JmxRegister (JmxRegister.java:tryRegister(44)) - Successfully registered JMX Bean with object name Ratis:service=RaftServer,group=group-01310BD6A0BF,id=77825903-4878-47e9-9161-8fc3ca3e4e76
2019-10-02 21:06:21,305 [RatisPipelineUtilsThread] INFO  pipeline.PipelineStateManager (PipelineStateManager.java:addPipeline(56)) - Created pipeline Pipeline[ Id: 511bb0c4-959f-430c-924b-01310bd6a0bf, Nodes: 77825903-4878-47e9-9161-8fc3ca3e4e76{ip: 192.168.164.206, host: pr-hdds-2162-pj84x-1708865144, networkLocation: /default-rack, certSerialId: null}, Type:RATIS, Factor:ONE, State:OPEN]
2019-10-02 21:06:21,311 [grpc-default-executor-4] INFO  impl.RaftServerProxy (RaftServerProxy.java:addNew(89)) - 9f78b666-09ed-47d3-a843-81f82f1ca7ed: addNew group-96FC915DAE0A:[9f78b666-09ed-47d3-a843-81f82f1ca7ed:192.168.164.206:35633] returns group-96FC915DAE0A:java.util.concurrent.CompletableFuture@573a1374[Not completed]
2019-10-02 21:06:21,312 [pool-459-thread-1] INFO  impl.RaftServerImpl (RaftServerImpl.java:<init>(95)) - 9f78b666-09ed-47d3-a843-81f82f1ca7ed: new RaftServerImpl for group-96FC915DAE0A:[9f78b666-09ed-47d3-a843-81f82f1ca7ed:192.168.164.206:35633] with ContainerStateMachine:uninitialized
2019-10-02 21:06:21,312 [pool-459-thread-1] INFO  server.RaftServerConfigKeys (ConfUtils.java:logGet(43)) - raft.server.rpc.timeout.min = 5s (custom)
2019-10-02 21:06:21,312 [pool-459-thread-1] INFO  server.RaftServerConfigKeys (ConfUtils.java:logGet(43)) - raft.server.rpc.timeout.max = 5200ms (custom)
2019-10-02 21:06:21,312 [pool-459-thread-1] INFO  server.RaftServerConfigKeys (ConfUtils.java:logGet(43)) - raft.server.rpcslowness.timeout = 120s (custom)
2019-10-02 21:06:21,312 [pool-459-thread-1] INFO  server.RaftServerConfigKeys (ConfUtils.java:logGet(43)) - raft.server.sleep.deviation.threshold = 300 (default)
2019-10-02 21:06:21,312 [pool-459-thread-1] INFO  server.RaftServerConfigKeys (ConfUtils.java:logGet(43)) - raft.server.log.appender.install.snapshot.enabled = false (custom)
2019-10-02 21:06:21,312 [pool-459-thread-1] INFO  impl.RaftServerImpl (ServerState.java:<init>(103)) - 9f78b666-09ed-47d3-a843-81f82f1ca7ed@group-96FC915DAE0A: ConfigurationManager, init=-1: [9f78b666-09ed-47d3-a843-81f82f1ca7ed:192.168.164.206:35633], old=null, confs=<EMPTY_MAP>
2019-10-02 21:06:21,313 [pool-459-thread-1] INFO  server.RaftServerConfigKeys (ConfUtils.java:logGet(43)) - raft.server.storage.dir = [/workdir/hadoop-ozone/integration-test/target/test-dir/MiniOzoneClusterImpl-3a252fbc-4287-47a2-893f-83f3490ca533/datanode-5/data/ratis] (custom)
2019-10-02 21:06:21,313 [pool-459-thread-1] INFO  server.RaftServerConfigKeys (ConfUtils.java:logGet(43)) - raft.server.log.corruption.policy = EXCEPTION (default)
2019-10-02 21:06:21,313 [pool-459-thread-1] INFO  storage.RaftStorageDirectory (RaftStorageDirectory.java:analyzeStorage(246)) - The storage directory /workdir/hadoop-ozone/integration-test/target/test-dir/MiniOzoneClusterImpl-3a252fbc-4287-47a2-893f-83f3490ca533/datanode-5/data/ratis/d4f155ce-db9c-4123-9ae9-96fc915dae0a does not exist. Creating ...
2019-10-02 21:06:21,315 [pool-459-thread-1] INFO  storage.RaftStorageDirectory (RaftStorageDirectory.java:tryLock(328)) - Lock on /workdir/hadoop-ozone/integration-test/target/test-dir/MiniOzoneClusterImpl-3a252fbc-4287-47a2-893f-83f3490ca533/datanode-5/data/ratis/d4f155ce-db9c-4123-9ae9-96fc915dae0a/in_use.lock acquired by nodename 11809@pr-hdds-2162-pj84x-1708865144
2019-10-02 21:06:21,319 [IPC Server handler 3 on 37705] INFO  net.NetworkTopology (NetworkTopologyImpl.java:add(111)) - Added a new node: /default-rack/7efb7e80-247f-43d1-8c8b-821d8662123a
2019-10-02 21:06:21,319 [IPC Server handler 3 on 37705] INFO  node.SCMNodeManager (SCMNodeManager.java:register(266)) - Registered Data node : 7efb7e80-247f-43d1-8c8b-821d8662123a{ip: 192.168.164.206, host: pr-hdds-2162-pj84x-1708865144, networkLocation: /default-rack, certSerialId: null}
2019-10-02 21:06:21,320 [main] INFO  ozone.MiniOzoneClusterImpl (MiniOzoneClusterImpl.java:lambda$waitForClusterToBeReady$0(147)) - Cluster is ready. Got 7 of 7 DN Heartbeats.
2019-10-02 21:06:21,328 [pool-459-thread-1] INFO  storage.RaftStorage (RaftStorage.java:format(84)) - Storage directory /workdir/hadoop-ozone/integration-test/target/test-dir/MiniOzoneClusterImpl-3a252fbc-4287-47a2-893f-83f3490ca533/datanode-5/data/ratis/d4f155ce-db9c-4123-9ae9-96fc915dae0a has been successfully formatted.
2019-10-02 21:06:21,331 [pool-459-thread-1] INFO  ratis.ContainerStateMachine (ContainerStateMachine.java:loadSnapshot(230)) - group-96FC915DAE0A: The snapshot info is null. Setting the last applied indexto:(t:0, i:~)
2019-10-02 21:06:21,331 [pool-459-thread-1] INFO  server.RaftServerConfigKeys (ConfUtils.java:logGet(43)) - raft.server.notification.no-leader.timeout = 120s (custom)
2019-10-02 21:06:21,331 [pool-459-thread-1] INFO  server.RaftServerConfigKeys (ConfUtils.java:logGet(43)) - raft.server.log.use.memory = false (default)
2019-10-02 21:06:21,331 [pool-459-thread-1] INFO  server.RaftServerConfigKeys (ConfUtils.java:logGet(43)) - raft.server.log.purge.gap = 1000000 (custom)
2019-10-02 21:06:21,331 [pool-459-thread-1] INFO  server.RaftServerConfigKeys (ConfUtils.java:logGet(43)) - raft.server.log.appender.buffer.byte-limit = 33554432 (custom)
2019-10-02 21:06:21,331 [pool-459-thread-1] INFO  server.RaftServerConfigKeys (ConfUtils.java:logGet(43)) - raft.server.log.segment.size.max = 1048576 (custom)
2019-10-02 21:06:21,333 [pool-459-thread-1] INFO  server.RaftServerConfigKeys (ConfUtils.java:logGet(43)) - raft.server.log.segment.cache.num.max = 2 (custom)
2019-10-02 21:06:21,333 [pool-459-thread-1] INFO  segmented.SegmentedRaftLogWorker (SegmentedRaftLogWorker.java:<init>(173)) - new 9f78b666-09ed-47d3-a843-81f82f1ca7ed@group-96FC915DAE0A-SegmentedRaftLogWorker for RaftStorage:Storage Directory /workdir/hadoop-ozone/integration-test/target/test-dir/MiniOzoneClusterImpl-3a252fbc-4287-47a2-893f-83f3490ca533/datanode-5/data/ratis/d4f155ce-db9c-4123-9ae9-96fc915dae0a
2019-10-02 21:06:21,333 [pool-459-thread-1] INFO  server.RaftServerConfigKeys (ConfUtils.java:logGet(43)) - raft.server.log.queue.byte-limit = 2147483647 (custom)
2019-10-02 21:06:21,333 [pool-459-thread-1] INFO  server.RaftServerConfigKeys (ConfUtils.java:logGet(43)) - raft.server.log.queue.element-limit = 1024 (custom)
2019-10-02 21:06:21,333 [pool-459-thread-1] INFO  server.RaftServerConfigKeys (ConfUtils.java:logGet(43)) - raft.server.log.segment.size.max = 1048576 (custom)
2019-10-02 21:06:21,333 [pool-459-thread-1] INFO  server.RaftServerConfigKeys (ConfUtils.java:logGet(43)) - raft.server.log.preallocated.size = 16384 (custom)
2019-10-02 21:06:21,334 [pool-459-thread-1] INFO  server.RaftServerConfigKeys (ConfUtils.java:logGet(43)) - raft.server.log.write.buffer.size = 33554432 (custom)
2019-10-02 21:06:21,334 [pool-459-thread-1] INFO  server.RaftServerConfigKeys (ConfUtils.java:logGet(43)) - raft.server.log.force.sync.num = 128 (default)
2019-10-02 21:06:21,334 [pool-459-thread-1] INFO  server.RaftServerConfigKeys (ConfUtils.java:logGet(43)) - raft.server.log.statemachine.data.sync = true (default)
2019-10-02 21:06:21,334 [pool-459-thread-1] INFO  server.RaftServerConfigKeys (ConfUtils.java:logGet(43)) - raft.server.log.statemachine.data.sync.timeout = 10s (default)
2019-10-02 21:06:21,334 [pool-459-thread-1] INFO  server.RaftServerConfigKeys (ConfUtils.java:logGet(43)) - raft.server.log.statemachine.data.sync.timeout.retry = -1 (default)
2019-10-02 21:06:21,335 [pool-459-thread-1] INFO  server.RaftServerConfigKeys (ConfUtils.java:logGet(43)) - raft.server.log.statemachine.data.caching.enabled = true (custom)
2019-10-02 21:06:21,335 [pool-459-thread-1] INFO  segmented.SegmentedRaftLogWorker (SegmentedRaftLogWorker.java:lambda$new$0(128)) - 9f78b666-09ed-47d3-a843-81f82f1ca7ed@group-96FC915DAE0A-SegmentedRaftLogWorker: flushIndex: setUnconditionally 0 -> -1
2019-10-02 21:06:21,335 [pool-459-thread-1] INFO  server.RaftServerConfigKeys (ConfUtils.java:logGet(43)) - raft.server.snapshot.auto.trigger.enabled = true (custom)
2019-10-02 21:06:21,335 [pool-459-thread-1] INFO  server.RaftServerConfigKeys (ConfUtils.java:logGet(43)) - raft.server.snapshot.auto.trigger.threshold = 10000 (custom)
2019-10-02 21:06:21,335 [pool-459-thread-1] INFO  server.RaftServerConfigKeys (ConfUtils.java:logGet(43)) - raft.server.snapshot.retention.file.num = 5 (custom)
2019-10-02 21:06:21,335 [pool-459-thread-1] INFO  server.RaftServerConfigKeys (ConfUtils.java:logGet(43)) - raft.server.retrycache.expirytime = 600000ms (custom)
2019-10-02 21:06:21,339 [pool-459-thread-1] INFO  impl.RaftServerImpl (RaftServerImpl.java:start(181)) - 9f78b666-09ed-47d3-a843-81f82f1ca7ed@group-96FC915DAE0A: start as a follower, conf=-1: [9f78b666-09ed-47d3-a843-81f82f1ca7ed:192.168.164.206:35633], old=null
2019-10-02 21:06:21,344 [pool-459-thread-1] INFO  impl.RaftServerImpl (RaftServerImpl.java:setRole(170)) - 9f78b666-09ed-47d3-a843-81f82f1ca7ed@group-96FC915DAE0A: changes role from      null to FOLLOWER at term 0 for startAsFollower
2019-10-02 21:06:21,344 [pool-459-thread-1] INFO  impl.RoleInfo (RoleInfo.java:updateAndGet(143)) - 9f78b666-09ed-47d3-a843-81f82f1ca7ed: start FollowerState
2019-10-02 21:06:21,352 [pool-459-thread-1] INFO  util.JmxRegister (JmxRegister.java:tryRegister(44)) - Successfully registered JMX Bean with object name Ratis:service=RaftServer,group=group-96FC915DAE0A,id=9f78b666-09ed-47d3-a843-81f82f1ca7ed
2019-10-02 21:06:21,355 [RatisPipelineUtilsThread] INFO  pipeline.PipelineStateManager (PipelineStateManager.java:addPipeline(56)) - Created pipeline Pipeline[ Id: d4f155ce-db9c-4123-9ae9-96fc915dae0a, Nodes: 9f78b666-09ed-47d3-a843-81f82f1ca7ed{ip: 192.168.164.206, host: pr-hdds-2162-pj84x-1708865144, networkLocation: /default-rack, certSerialId: null}, Type:RATIS, Factor:ONE, State:OPEN]
2019-10-02 21:06:21,360 [main] INFO  rpc.RpcClient (RpcClient.java:createVolume(276)) - Creating Volume: testblockoutputstream, with jenkins1000 as owner.
2019-10-02 21:06:21,364 [grpc-default-executor-4] INFO  impl.RaftServerProxy (RaftServerProxy.java:addNew(89)) - 7efb7e80-247f-43d1-8c8b-821d8662123a: addNew group-9BEBD917BE11:[7efb7e80-247f-43d1-8c8b-821d8662123a:192.168.164.206:37366] returns group-9BEBD917BE11:java.util.concurrent.CompletableFuture@4bce730a[Not completed]
2019-10-02 21:06:21,365 [pool-469-thread-1] INFO  impl.RaftServerImpl (RaftServerImpl.java:<init>(95)) - 7efb7e80-247f-43d1-8c8b-821d8662123a: new RaftServerImpl for group-9BEBD917BE11:[7efb7e80-247f-43d1-8c8b-821d8662123a:192.168.164.206:37366] with ContainerStateMachine:uninitialized
2019-10-02 21:06:21,365 [pool-469-thread-1] INFO  server.RaftServerConfigKeys (ConfUtils.java:logGet(43)) - raft.server.rpc.timeout.min = 5s (custom)
2019-10-02 21:06:21,365 [pool-469-thread-1] INFO  server.RaftServerConfigKeys (ConfUtils.java:logGet(43)) - raft.server.rpc.timeout.max = 5200ms (custom)
2019-10-02 21:06:21,365 [pool-469-thread-1] INFO  server.RaftServerConfigKeys (ConfUtils.java:logGet(43)) - raft.server.rpcslowness.timeout = 120s (custom)
2019-10-02 21:06:21,366 [pool-469-thread-1] INFO  server.RaftServerConfigKeys (ConfUtils.java:logGet(43)) - raft.server.sleep.deviation.threshold = 300 (default)
2019-10-02 21:06:21,366 [pool-469-thread-1] INFO  server.RaftServerConfigKeys (ConfUtils.java:logGet(43)) - raft.server.log.appender.install.snapshot.enabled = false (custom)
2019-10-02 21:06:21,366 [pool-469-thread-1] INFO  impl.RaftServerImpl (ServerState.java:<init>(103)) - 7efb7e80-247f-43d1-8c8b-821d8662123a@group-9BEBD917BE11: ConfigurationManager, init=-1: [7efb7e80-247f-43d1-8c8b-821d8662123a:192.168.164.206:37366], old=null, confs=<EMPTY_MAP>
2019-10-02 21:06:21,366 [pool-469-thread-1] INFO  server.RaftServerConfigKeys (ConfUtils.java:logGet(43)) - raft.server.storage.dir = [/workdir/hadoop-ozone/integration-test/target/test-dir/MiniOzoneClusterImpl-3a252fbc-4287-47a2-893f-83f3490ca533/datanode-6/data/ratis] (custom)
2019-10-02 21:06:21,366 [pool-469-thread-1] INFO  server.RaftServerConfigKeys (ConfUtils.java:logGet(43)) - raft.server.log.corruption.policy = EXCEPTION (default)
2019-10-02 21:06:21,366 [pool-469-thread-1] INFO  storage.RaftStorageDirectory (RaftStorageDirectory.java:analyzeStorage(246)) - The storage directory /workdir/hadoop-ozone/integration-test/target/test-dir/MiniOzoneClusterImpl-3a252fbc-4287-47a2-893f-83f3490ca533/datanode-6/data/ratis/abd1c602-219f-40d2-81a6-9bebd917be11 does not exist. Creating ...
2019-10-02 21:06:21,367 [IPC Server handler 1 on 46292] INFO  volume.OMVolumeCreateRequest (OMVolumeCreateRequest.java:validateAndUpdateCache(194)) - created volume:testblockoutputstream for user:jenkins1000
2019-10-02 21:06:21,373 [pool-469-thread-1] INFO  storage.RaftStorageDirectory (RaftStorageDirectory.java:tryLock(328)) - Lock on /workdir/hadoop-ozone/integration-test/target/test-dir/MiniOzoneClusterImpl-3a252fbc-4287-47a2-893f-83f3490ca533/datanode-6/data/ratis/abd1c602-219f-40d2-81a6-9bebd917be11/in_use.lock acquired by nodename 11809@pr-hdds-2162-pj84x-1708865144
2019-10-02 21:06:21,384 [main] INFO  rpc.RpcClient (RpcClient.java:createBucket(415)) - Creating Bucket: testblockoutputstream/testblockoutputstream, with Versioning false and Storage Type set to DISK and Encryption set to false 
2019-10-02 21:06:21,386 [pool-469-thread-1] INFO  storage.RaftStorage (RaftStorage.java:format(84)) - Storage directory /workdir/hadoop-ozone/integration-test/target/test-dir/MiniOzoneClusterImpl-3a252fbc-4287-47a2-893f-83f3490ca533/datanode-6/data/ratis/abd1c602-219f-40d2-81a6-9bebd917be11 has been successfully formatted.
2019-10-02 21:06:21,388 [pool-469-thread-1] INFO  ratis.ContainerStateMachine (ContainerStateMachine.java:loadSnapshot(230)) - group-9BEBD917BE11: The snapshot info is null. Setting the last applied indexto:(t:0, i:~)
2019-10-02 21:06:21,389 [pool-469-thread-1] INFO  server.RaftServerConfigKeys (ConfUtils.java:logGet(43)) - raft.server.notification.no-leader.timeout = 120s (custom)
2019-10-02 21:06:21,389 [pool-469-thread-1] INFO  server.RaftServerConfigKeys (ConfUtils.java:logGet(43)) - raft.server.log.use.memory = false (default)
2019-10-02 21:06:21,389 [pool-469-thread-1] INFO  server.RaftServerConfigKeys (ConfUtils.java:logGet(43)) - raft.server.log.purge.gap = 1000000 (custom)
2019-10-02 21:06:21,389 [pool-469-thread-1] INFO  server.RaftServerConfigKeys (ConfUtils.java:logGet(43)) - raft.server.log.appender.buffer.byte-limit = 33554432 (custom)
2019-10-02 21:06:21,389 [pool-469-thread-1] INFO  server.RaftServerConfigKeys (ConfUtils.java:logGet(43)) - raft.server.log.segment.size.max = 1048576 (custom)
2019-10-02 21:06:21,390 [pool-469-thread-1] INFO  server.RaftServerConfigKeys (ConfUtils.java:logGet(43)) - raft.server.log.segment.cache.num.max = 2 (custom)
2019-10-02 21:06:21,390 [pool-469-thread-1] INFO  segmented.SegmentedRaftLogWorker (SegmentedRaftLogWorker.java:<init>(173)) - new 7efb7e80-247f-43d1-8c8b-821d8662123a@group-9BEBD917BE11-SegmentedRaftLogWorker for RaftStorage:Storage Directory /workdir/hadoop-ozone/integration-test/target/test-dir/MiniOzoneClusterImpl-3a252fbc-4287-47a2-893f-83f3490ca533/datanode-6/data/ratis/abd1c602-219f-40d2-81a6-9bebd917be11
2019-10-02 21:06:21,390 [pool-469-thread-1] INFO  server.RaftServerConfigKeys (ConfUtils.java:logGet(43)) - raft.server.log.queue.byte-limit = 2147483647 (custom)
2019-10-02 21:06:21,390 [pool-469-thread-1] INFO  server.RaftServerConfigKeys (ConfUtils.java:logGet(43)) - raft.server.log.queue.element-limit = 1024 (custom)
2019-10-02 21:06:21,390 [pool-469-thread-1] INFO  server.RaftServerConfigKeys (ConfUtils.java:logGet(43)) - raft.server.log.segment.size.max = 1048576 (custom)
2019-10-02 21:06:21,391 [pool-469-thread-1] INFO  server.RaftServerConfigKeys (ConfUtils.java:logGet(43)) - raft.server.log.preallocated.size = 16384 (custom)
2019-10-02 21:06:21,391 [pool-469-thread-1] INFO  server.RaftServerConfigKeys (ConfUtils.java:logGet(43)) - raft.server.log.write.buffer.size = 33554432 (custom)
2019-10-02 21:06:21,391 [pool-469-thread-1] INFO  server.RaftServerConfigKeys (ConfUtils.java:logGet(43)) - raft.server.log.force.sync.num = 128 (default)
2019-10-02 21:06:21,391 [pool-469-thread-1] INFO  server.RaftServerConfigKeys (ConfUtils.java:logGet(43)) - raft.server.log.statemachine.data.sync = true (default)
2019-10-02 21:06:21,391 [pool-469-thread-1] INFO  server.RaftServerConfigKeys (ConfUtils.java:logGet(43)) - raft.server.log.statemachine.data.sync.timeout = 10s (default)
2019-10-02 21:06:21,391 [pool-469-thread-1] INFO  server.RaftServerConfigKeys (ConfUtils.java:logGet(43)) - raft.server.log.statemachine.data.sync.timeout.retry = -1 (default)
2019-10-02 21:06:21,391 [pool-469-thread-1] INFO  server.RaftServerConfigKeys (ConfUtils.java:logGet(43)) - raft.server.log.statemachine.data.caching.enabled = true (custom)
2019-10-02 21:06:21,392 [pool-469-thread-1] INFO  segmented.SegmentedRaftLogWorker (SegmentedRaftLogWorker.java:lambda$new$0(128)) - 7efb7e80-247f-43d1-8c8b-821d8662123a@group-9BEBD917BE11-SegmentedRaftLogWorker: flushIndex: setUnconditionally 0 -> -1
2019-10-02 21:06:21,392 [pool-469-thread-1] INFO  server.RaftServerConfigKeys (ConfUtils.java:logGet(43)) - raft.server.snapshot.auto.trigger.enabled = true (custom)
2019-10-02 21:06:21,392 [pool-469-thread-1] INFO  server.RaftServerConfigKeys (ConfUtils.java:logGet(43)) - raft.server.snapshot.auto.trigger.threshold = 10000 (custom)
2019-10-02 21:06:21,392 [pool-469-thread-1] INFO  server.RaftServerConfigKeys (ConfUtils.java:logGet(43)) - raft.server.snapshot.retention.file.num = 5 (custom)
2019-10-02 21:06:21,392 [pool-469-thread-1] INFO  server.RaftServerConfigKeys (ConfUtils.java:logGet(43)) - raft.server.retrycache.expirytime = 600000ms (custom)
2019-10-02 21:06:21,393 [pool-469-thread-1] INFO  impl.RaftServerImpl (RaftServerImpl.java:start(181)) - 7efb7e80-247f-43d1-8c8b-821d8662123a@group-9BEBD917BE11: start as a follower, conf=-1: [7efb7e80-247f-43d1-8c8b-821d8662123a:192.168.164.206:37366], old=null
2019-10-02 21:06:21,393 [pool-469-thread-1] INFO  impl.RaftServerImpl (RaftServerImpl.java:setRole(170)) - 7efb7e80-247f-43d1-8c8b-821d8662123a@group-9BEBD917BE11: changes role from      null to FOLLOWER at term 0 for startAsFollower
2019-10-02 21:06:21,393 [pool-469-thread-1] INFO  impl.RoleInfo (RoleInfo.java:updateAndGet(143)) - 7efb7e80-247f-43d1-8c8b-821d8662123a: start FollowerState
2019-10-02 21:06:21,394 [pool-469-thread-1] INFO  util.JmxRegister (JmxRegister.java:tryRegister(44)) - Successfully registered JMX Bean with object name Ratis:service=RaftServer,group=group-9BEBD917BE11,id=7efb7e80-247f-43d1-8c8b-821d8662123a
2019-10-02 21:06:21,397 [RatisPipelineUtilsThread] INFO  pipeline.PipelineStateManager (PipelineStateManager.java:addPipeline(56)) - Created pipeline Pipeline[ Id: abd1c602-219f-40d2-81a6-9bebd917be11, Nodes: 7efb7e80-247f-43d1-8c8b-821d8662123a{ip: 192.168.164.206, host: pr-hdds-2162-pj84x-1708865144, networkLocation: /default-rack, certSerialId: null}, Type:RATIS, Factor:ONE, State:OPEN]
2019-10-02 21:06:21,421 [grpc-default-executor-6] INFO  impl.RaftServerProxy (RaftServerProxy.java:addNew(89)) - 9f78b666-09ed-47d3-a843-81f82f1ca7ed: addNew group-CA1D320B4A05:[9f78b666-09ed-47d3-a843-81f82f1ca7ed:192.168.164.206:35633, 18b3ba82-8644-4b44-b91b-2038c85b7def:192.168.164.206:33333, 77825903-4878-47e9-9161-8fc3ca3e4e76:192.168.164.206:45780] returns group-CA1D320B4A05:java.util.concurrent.CompletableFuture@5c559ffb[Not completed]
2019-10-02 21:06:21,422 [grpc-default-executor-7] INFO  impl.RaftServerProxy (RaftServerProxy.java:addNew(89)) - 77825903-4878-47e9-9161-8fc3ca3e4e76: addNew group-CA1D320B4A05:[9f78b666-09ed-47d3-a843-81f82f1ca7ed:192.168.164.206:35633, 18b3ba82-8644-4b44-b91b-2038c85b7def:192.168.164.206:33333, 77825903-4878-47e9-9161-8fc3ca3e4e76:192.168.164.206:45780] returns group-CA1D320B4A05:java.util.concurrent.CompletableFuture@311896e5[Not completed]
2019-10-02 21:06:21,421 [grpc-default-executor-4] INFO  impl.RaftServerProxy (RaftServerProxy.java:addNew(89)) - 18b3ba82-8644-4b44-b91b-2038c85b7def: addNew group-CA1D320B4A05:[9f78b666-09ed-47d3-a843-81f82f1ca7ed:192.168.164.206:35633, 18b3ba82-8644-4b44-b91b-2038c85b7def:192.168.164.206:33333, 77825903-4878-47e9-9161-8fc3ca3e4e76:192.168.164.206:45780] returns group-CA1D320B4A05:java.util.concurrent.CompletableFuture@6c110c25[Not completed]
2019-10-02 21:06:21,422 [pool-459-thread-1] INFO  impl.RaftServerImpl (RaftServerImpl.java:<init>(95)) - 9f78b666-09ed-47d3-a843-81f82f1ca7ed: new RaftServerImpl for group-CA1D320B4A05:[9f78b666-09ed-47d3-a843-81f82f1ca7ed:192.168.164.206:35633, 18b3ba82-8644-4b44-b91b-2038c85b7def:192.168.164.206:33333, 77825903-4878-47e9-9161-8fc3ca3e4e76:192.168.164.206:45780] with ContainerStateMachine:uninitialized
2019-10-02 21:06:21,423 [pool-459-thread-1] INFO  server.RaftServerConfigKeys (ConfUtils.java:logGet(43)) - raft.server.rpc.timeout.min = 5s (custom)
2019-10-02 21:06:21,423 [pool-459-thread-1] INFO  server.RaftServerConfigKeys (ConfUtils.java:logGet(43)) - raft.server.rpc.timeout.max = 5200ms (custom)
2019-10-02 21:06:21,423 [pool-459-thread-1] INFO  server.RaftServerConfigKeys (ConfUtils.java:logGet(43)) - raft.server.rpcslowness.timeout = 120s (custom)
2019-10-02 21:06:21,423 [pool-459-thread-1] INFO  server.RaftServerConfigKeys (ConfUtils.java:logGet(43)) - raft.server.sleep.deviation.threshold = 300 (default)
2019-10-02 21:06:21,423 [pool-449-thread-1] INFO  impl.RaftServerImpl (RaftServerImpl.java:<init>(95)) - 77825903-4878-47e9-9161-8fc3ca3e4e76: new RaftServerImpl for group-CA1D320B4A05:[9f78b666-09ed-47d3-a843-81f82f1ca7ed:192.168.164.206:35633, 18b3ba82-8644-4b44-b91b-2038c85b7def:192.168.164.206:33333, 77825903-4878-47e9-9161-8fc3ca3e4e76:192.168.164.206:45780] with ContainerStateMachine:uninitialized
2019-10-02 21:06:21,423 [pool-459-thread-1] INFO  server.RaftServerConfigKeys (ConfUtils.java:logGet(43)) - raft.server.log.appender.install.snapshot.enabled = false (custom)
2019-10-02 21:06:21,423 [pool-449-thread-1] INFO  server.RaftServerConfigKeys (ConfUtils.java:logGet(43)) - raft.server.rpc.timeout.min = 5s (custom)
2019-10-02 21:06:21,423 [pool-459-thread-1] INFO  impl.RaftServerImpl (ServerState.java:<init>(103)) - 9f78b666-09ed-47d3-a843-81f82f1ca7ed@group-CA1D320B4A05: ConfigurationManager, init=-1: [9f78b666-09ed-47d3-a843-81f82f1ca7ed:192.168.164.206:35633, 18b3ba82-8644-4b44-b91b-2038c85b7def:192.168.164.206:33333, 77825903-4878-47e9-9161-8fc3ca3e4e76:192.168.164.206:45780], old=null, confs=<EMPTY_MAP>
2019-10-02 21:06:21,423 [pool-449-thread-1] INFO  server.RaftServerConfigKeys (ConfUtils.java:logGet(43)) - raft.server.rpc.timeout.max = 5200ms (custom)
2019-10-02 21:06:21,423 [pool-459-thread-1] INFO  server.RaftServerConfigKeys (ConfUtils.java:logGet(43)) - raft.server.storage.dir = [/workdir/hadoop-ozone/integration-test/target/test-dir/MiniOzoneClusterImpl-3a252fbc-4287-47a2-893f-83f3490ca533/datanode-5/data/ratis] (custom)
2019-10-02 21:06:21,423 [pool-449-thread-1] INFO  server.RaftServerConfigKeys (ConfUtils.java:logGet(43)) - raft.server.rpcslowness.timeout = 120s (custom)
2019-10-02 21:06:21,424 [pool-449-thread-1] INFO  server.RaftServerConfigKeys (ConfUtils.java:logGet(43)) - raft.server.sleep.deviation.threshold = 300 (default)
2019-10-02 21:06:21,424 [pool-459-thread-1] INFO  server.RaftServerConfigKeys (ConfUtils.java:logGet(43)) - raft.server.log.corruption.policy = EXCEPTION (default)
2019-10-02 21:06:21,424 [pool-449-thread-1] INFO  server.RaftServerConfigKeys (ConfUtils.java:logGet(43)) - raft.server.log.appender.install.snapshot.enabled = false (custom)
2019-10-02 21:06:21,424 [pool-459-thread-1] INFO  storage.RaftStorageDirectory (RaftStorageDirectory.java:analyzeStorage(246)) - The storage directory /workdir/hadoop-ozone/integration-test/target/test-dir/MiniOzoneClusterImpl-3a252fbc-4287-47a2-893f-83f3490ca533/datanode-5/data/ratis/8c746c43-5942-43f1-a905-ca1d320b4a05 does not exist. Creating ...
2019-10-02 21:06:21,424 [pool-439-thread-1] INFO  impl.RaftServerImpl (RaftServerImpl.java:<init>(95)) - 18b3ba82-8644-4b44-b91b-2038c85b7def: new RaftServerImpl for group-CA1D320B4A05:[9f78b666-09ed-47d3-a843-81f82f1ca7ed:192.168.164.206:35633, 18b3ba82-8644-4b44-b91b-2038c85b7def:192.168.164.206:33333, 77825903-4878-47e9-9161-8fc3ca3e4e76:192.168.164.206:45780] with ContainerStateMachine:uninitialized
2019-10-02 21:06:21,424 [pool-449-thread-1] INFO  impl.RaftServerImpl (ServerState.java:<init>(103)) - 77825903-4878-47e9-9161-8fc3ca3e4e76@group-CA1D320B4A05: ConfigurationManager, init=-1: [9f78b666-09ed-47d3-a843-81f82f1ca7ed:192.168.164.206:35633, 18b3ba82-8644-4b44-b91b-2038c85b7def:192.168.164.206:33333, 77825903-4878-47e9-9161-8fc3ca3e4e76:192.168.164.206:45780], old=null, confs=<EMPTY_MAP>
2019-10-02 21:06:21,424 [pool-439-thread-1] INFO  server.RaftServerConfigKeys (ConfUtils.java:logGet(43)) - raft.server.rpc.timeout.min = 5s (custom)
2019-10-02 21:06:21,424 [pool-449-thread-1] INFO  server.RaftServerConfigKeys (ConfUtils.java:logGet(43)) - raft.server.storage.dir = [/workdir/hadoop-ozone/integration-test/target/test-dir/MiniOzoneClusterImpl-3a252fbc-4287-47a2-893f-83f3490ca533/datanode-4/data/ratis] (custom)
2019-10-02 21:06:21,424 [pool-439-thread-1] INFO  server.RaftServerConfigKeys (ConfUtils.java:logGet(43)) - raft.server.rpc.timeout.max = 5200ms (custom)
2019-10-02 21:06:21,424 [pool-439-thread-1] INFO  server.RaftServerConfigKeys (ConfUtils.java:logGet(43)) - raft.server.rpcslowness.timeout = 120s (custom)
2019-10-02 21:06:21,424 [pool-449-thread-1] INFO  server.RaftServerConfigKeys (ConfUtils.java:logGet(43)) - raft.server.log.corruption.policy = EXCEPTION (default)
2019-10-02 21:06:21,425 [pool-439-thread-1] INFO  server.RaftServerConfigKeys (ConfUtils.java:logGet(43)) - raft.server.sleep.deviation.threshold = 300 (default)
2019-10-02 21:06:21,425 [pool-449-thread-1] INFO  storage.RaftStorageDirectory (RaftStorageDirectory.java:analyzeStorage(246)) - The storage directory /workdir/hadoop-ozone/integration-test/target/test-dir/MiniOzoneClusterImpl-3a252fbc-4287-47a2-893f-83f3490ca533/datanode-4/data/ratis/8c746c43-5942-43f1-a905-ca1d320b4a05 does not exist. Creating ...
2019-10-02 21:06:21,425 [pool-439-thread-1] INFO  server.RaftServerConfigKeys (ConfUtils.java:logGet(43)) - raft.server.log.appender.install.snapshot.enabled = false (custom)
2019-10-02 21:06:21,425 [pool-439-thread-1] INFO  impl.RaftServerImpl (ServerState.java:<init>(103)) - 18b3ba82-8644-4b44-b91b-2038c85b7def@group-CA1D320B4A05: ConfigurationManager, init=-1: [9f78b666-09ed-47d3-a843-81f82f1ca7ed:192.168.164.206:35633, 18b3ba82-8644-4b44-b91b-2038c85b7def:192.168.164.206:33333, 77825903-4878-47e9-9161-8fc3ca3e4e76:192.168.164.206:45780], old=null, confs=<EMPTY_MAP>
2019-10-02 21:06:21,425 [pool-439-thread-1] INFO  server.RaftServerConfigKeys (ConfUtils.java:logGet(43)) - raft.server.storage.dir = [/workdir/hadoop-ozone/integration-test/target/test-dir/MiniOzoneClusterImpl-3a252fbc-4287-47a2-893f-83f3490ca533/datanode-3/data/ratis] (custom)
2019-10-02 21:06:21,425 [pool-439-thread-1] INFO  server.RaftServerConfigKeys (ConfUtils.java:logGet(43)) - raft.server.log.corruption.policy = EXCEPTION (default)
2019-10-02 21:06:21,425 [pool-439-thread-1] INFO  storage.RaftStorageDirectory (RaftStorageDirectory.java:analyzeStorage(246)) - The storage directory /workdir/hadoop-ozone/integration-test/target/test-dir/MiniOzoneClusterImpl-3a252fbc-4287-47a2-893f-83f3490ca533/datanode-3/data/ratis/8c746c43-5942-43f1-a905-ca1d320b4a05 does not exist. Creating ...
2019-10-02 21:06:21,435 [pool-459-thread-1] INFO  storage.RaftStorageDirectory (RaftStorageDirectory.java:tryLock(328)) - Lock on /workdir/hadoop-ozone/integration-test/target/test-dir/MiniOzoneClusterImpl-3a252fbc-4287-47a2-893f-83f3490ca533/datanode-5/data/ratis/8c746c43-5942-43f1-a905-ca1d320b4a05/in_use.lock acquired by nodename 11809@pr-hdds-2162-pj84x-1708865144
2019-10-02 21:06:21,435 [pool-449-thread-1] INFO  storage.RaftStorageDirectory (RaftStorageDirectory.java:tryLock(328)) - Lock on /workdir/hadoop-ozone/integration-test/target/test-dir/MiniOzoneClusterImpl-3a252fbc-4287-47a2-893f-83f3490ca533/datanode-4/data/ratis/8c746c43-5942-43f1-a905-ca1d320b4a05/in_use.lock acquired by nodename 11809@pr-hdds-2162-pj84x-1708865144
2019-10-02 21:06:21,435 [pool-439-thread-1] INFO  storage.RaftStorageDirectory (RaftStorageDirectory.java:tryLock(328)) - Lock on /workdir/hadoop-ozone/integration-test/target/test-dir/MiniOzoneClusterImpl-3a252fbc-4287-47a2-893f-83f3490ca533/datanode-3/data/ratis/8c746c43-5942-43f1-a905-ca1d320b4a05/in_use.lock acquired by nodename 11809@pr-hdds-2162-pj84x-1708865144
2019-10-02 21:06:21,448 [pool-439-thread-1] INFO  storage.RaftStorage (RaftStorage.java:format(84)) - Storage directory /workdir/hadoop-ozone/integration-test/target/test-dir/MiniOzoneClusterImpl-3a252fbc-4287-47a2-893f-83f3490ca533/datanode-3/data/ratis/8c746c43-5942-43f1-a905-ca1d320b4a05 has been successfully formatted.
2019-10-02 21:06:21,448 [pool-449-thread-1] INFO  storage.RaftStorage (RaftStorage.java:format(84)) - Storage directory /workdir/hadoop-ozone/integration-test/target/test-dir/MiniOzoneClusterImpl-3a252fbc-4287-47a2-893f-83f3490ca533/datanode-4/data/ratis/8c746c43-5942-43f1-a905-ca1d320b4a05 has been successfully formatted.
2019-10-02 21:06:21,449 [pool-439-thread-1] INFO  ratis.ContainerStateMachine (ContainerStateMachine.java:loadSnapshot(230)) - group-CA1D320B4A05: The snapshot info is null. Setting the last applied indexto:(t:0, i:~)
2019-10-02 21:06:21,449 [pool-439-thread-1] INFO  server.RaftServerConfigKeys (ConfUtils.java:logGet(43)) - raft.server.notification.no-leader.timeout = 120s (custom)
2019-10-02 21:06:21,448 [pool-459-thread-1] INFO  storage.RaftStorage (RaftStorage.java:format(84)) - Storage directory /workdir/hadoop-ozone/integration-test/target/test-dir/MiniOzoneClusterImpl-3a252fbc-4287-47a2-893f-83f3490ca533/datanode-5/data/ratis/8c746c43-5942-43f1-a905-ca1d320b4a05 has been successfully formatted.
2019-10-02 21:06:21,449 [pool-439-thread-1] INFO  server.RaftServerConfigKeys (ConfUtils.java:logGet(43)) - raft.server.log.use.memory = false (default)
2019-10-02 21:06:21,449 [pool-449-thread-1] INFO  ratis.ContainerStateMachine (ContainerStateMachine.java:loadSnapshot(230)) - group-CA1D320B4A05: The snapshot info is null. Setting the last applied indexto:(t:0, i:~)
2019-10-02 21:06:21,449 [pool-439-thread-1] INFO  server.RaftServerConfigKeys (ConfUtils.java:logGet(43)) - raft.server.log.purge.gap = 1000000 (custom)
2019-10-02 21:06:21,449 [pool-459-thread-1] INFO  ratis.ContainerStateMachine (ContainerStateMachine.java:loadSnapshot(230)) - group-CA1D320B4A05: The snapshot info is null. Setting the last applied indexto:(t:0, i:~)
2019-10-02 21:06:21,450 [pool-439-thread-1] INFO  server.RaftServerConfigKeys (ConfUtils.java:logGet(43)) - raft.server.log.appender.buffer.byte-limit = 33554432 (custom)
2019-10-02 21:06:21,449 [pool-449-thread-1] INFO  server.RaftServerConfigKeys (ConfUtils.java:logGet(43)) - raft.server.notification.no-leader.timeout = 120s (custom)
2019-10-02 21:06:21,450 [pool-439-thread-1] INFO  server.RaftServerConfigKeys (ConfUtils.java:logGet(43)) - raft.server.log.segment.size.max = 1048576 (custom)
2019-10-02 21:06:21,450 [pool-459-thread-1] INFO  server.RaftServerConfigKeys (ConfUtils.java:logGet(43)) - raft.server.notification.no-leader.timeout = 120s (custom)
2019-10-02 21:06:21,450 [pool-439-thread-1] INFO  server.RaftServerConfigKeys (ConfUtils.java:logGet(43)) - raft.server.log.segment.cache.num.max = 2 (custom)
2019-10-02 21:06:21,450 [pool-449-thread-1] INFO  server.RaftServerConfigKeys (ConfUtils.java:logGet(43)) - raft.server.log.use.memory = false (default)
2019-10-02 21:06:21,450 [pool-439-thread-1] INFO  segmented.SegmentedRaftLogWorker (SegmentedRaftLogWorker.java:<init>(173)) - new 18b3ba82-8644-4b44-b91b-2038c85b7def@group-CA1D320B4A05-SegmentedRaftLogWorker for RaftStorage:Storage Directory /workdir/hadoop-ozone/integration-test/target/test-dir/MiniOzoneClusterImpl-3a252fbc-4287-47a2-893f-83f3490ca533/datanode-3/data/ratis/8c746c43-5942-43f1-a905-ca1d320b4a05
2019-10-02 21:06:21,450 [pool-459-thread-1] INFO  server.RaftServerConfigKeys (ConfUtils.java:logGet(43)) - raft.server.log.use.memory = false (default)
2019-10-02 21:06:21,451 [pool-439-thread-1] INFO  server.RaftServerConfigKeys (ConfUtils.java:logGet(43)) - raft.server.log.queue.byte-limit = 2147483647 (custom)
2019-10-02 21:06:21,451 [pool-449-thread-1] INFO  server.RaftServerConfigKeys (ConfUtils.java:logGet(43)) - raft.server.log.purge.gap = 1000000 (custom)
2019-10-02 21:06:21,451 [pool-439-thread-1] INFO  server.RaftServerConfigKeys (ConfUtils.java:logGet(43)) - raft.server.log.queue.element-limit = 1024 (custom)
2019-10-02 21:06:21,451 [pool-459-thread-1] INFO  server.RaftServerConfigKeys (ConfUtils.java:logGet(43)) - raft.server.log.purge.gap = 1000000 (custom)
2019-10-02 21:06:21,451 [pool-439-thread-1] INFO  server.RaftServerConfigKeys (ConfUtils.java:logGet(43)) - raft.server.log.segment.size.max = 1048576 (custom)
2019-10-02 21:06:21,451 [pool-449-thread-1] INFO  server.RaftServerConfigKeys (ConfUtils.java:logGet(43)) - raft.server.log.appender.buffer.byte-limit = 33554432 (custom)
2019-10-02 21:06:21,451 [pool-439-thread-1] INFO  server.RaftServerConfigKeys (ConfUtils.java:logGet(43)) - raft.server.log.preallocated.size = 16384 (custom)
2019-10-02 21:06:21,451 [pool-459-thread-1] INFO  server.RaftServerConfigKeys (ConfUtils.java:logGet(43)) - raft.server.log.appender.buffer.byte-limit = 33554432 (custom)
2019-10-02 21:06:21,452 [pool-439-thread-1] INFO  server.RaftServerConfigKeys (ConfUtils.java:logGet(43)) - raft.server.log.write.buffer.size = 33554432 (custom)
2019-10-02 21:06:21,452 [pool-439-thread-1] INFO  server.RaftServerConfigKeys (ConfUtils.java:logGet(43)) - raft.server.log.force.sync.num = 128 (default)
2019-10-02 21:06:21,452 [pool-449-thread-1] INFO  server.RaftServerConfigKeys (ConfUtils.java:logGet(43)) - raft.server.log.segment.size.max = 1048576 (custom)
2019-10-02 21:06:21,452 [pool-439-thread-1] INFO  server.RaftServerConfigKeys (ConfUtils.java:logGet(43)) - raft.server.log.statemachine.data.sync = true (default)
2019-10-02 21:06:21,452 [pool-459-thread-1] INFO  server.RaftServerConfigKeys (ConfUtils.java:logGet(43)) - raft.server.log.segment.size.max = 1048576 (custom)
2019-10-02 21:06:21,452 [pool-439-thread-1] INFO  server.RaftServerConfigKeys (ConfUtils.java:logGet(43)) - raft.server.log.statemachine.data.sync.timeout = 10s (default)
2019-10-02 21:06:21,452 [pool-449-thread-1] INFO  server.RaftServerConfigKeys (ConfUtils.java:logGet(43)) - raft.server.log.segment.cache.num.max = 2 (custom)
2019-10-02 21:06:21,453 [pool-439-thread-1] INFO  server.RaftServerConfigKeys (ConfUtils.java:logGet(43)) - raft.server.log.statemachine.data.sync.timeout.retry = -1 (default)
2019-10-02 21:06:21,453 [pool-459-thread-1] INFO  server.RaftServerConfigKeys (ConfUtils.java:logGet(43)) - raft.server.log.segment.cache.num.max = 2 (custom)
2019-10-02 21:06:21,453 [pool-439-thread-1] INFO  server.RaftServerConfigKeys (ConfUtils.java:logGet(43)) - raft.server.log.statemachine.data.caching.enabled = true (custom)
2019-10-02 21:06:21,453 [pool-449-thread-1] INFO  segmented.SegmentedRaftLogWorker (SegmentedRaftLogWorker.java:<init>(173)) - new 77825903-4878-47e9-9161-8fc3ca3e4e76@group-CA1D320B4A05-SegmentedRaftLogWorker for RaftStorage:Storage Directory /workdir/hadoop-ozone/integration-test/target/test-dir/MiniOzoneClusterImpl-3a252fbc-4287-47a2-893f-83f3490ca533/datanode-4/data/ratis/8c746c43-5942-43f1-a905-ca1d320b4a05
2019-10-02 21:06:21,453 [pool-439-thread-1] INFO  segmented.SegmentedRaftLogWorker (SegmentedRaftLogWorker.java:lambda$new$0(128)) - 18b3ba82-8644-4b44-b91b-2038c85b7def@group-CA1D320B4A05-SegmentedRaftLogWorker: flushIndex: setUnconditionally 0 -> -1
2019-10-02 21:06:21,453 [pool-459-thread-1] INFO  segmented.SegmentedRaftLogWorker (SegmentedRaftLogWorker.java:<init>(173)) - new 9f78b666-09ed-47d3-a843-81f82f1ca7ed@group-CA1D320B4A05-SegmentedRaftLogWorker for RaftStorage:Storage Directory /workdir/hadoop-ozone/integration-test/target/test-dir/MiniOzoneClusterImpl-3a252fbc-4287-47a2-893f-83f3490ca533/datanode-5/data/ratis/8c746c43-5942-43f1-a905-ca1d320b4a05
2019-10-02 21:06:21,454 [pool-439-thread-1] INFO  server.RaftServerConfigKeys (ConfUtils.java:logGet(43)) - raft.server.snapshot.auto.trigger.enabled = true (custom)
2019-10-02 21:06:21,453 [pool-449-thread-1] INFO  server.RaftServerConfigKeys (ConfUtils.java:logGet(43)) - raft.server.log.queue.byte-limit = 2147483647 (custom)
2019-10-02 21:06:21,454 [pool-439-thread-1] INFO  server.RaftServerConfigKeys (ConfUtils.java:logGet(43)) - raft.server.snapshot.auto.trigger.threshold = 10000 (custom)
2019-10-02 21:06:21,454 [pool-459-thread-1] INFO  server.RaftServerConfigKeys (ConfUtils.java:logGet(43)) - raft.server.log.queue.byte-limit = 2147483647 (custom)
2019-10-02 21:06:21,454 [pool-439-thread-1] INFO  server.RaftServerConfigKeys (ConfUtils.java:logGet(43)) - raft.server.snapshot.retention.file.num = 5 (custom)
2019-10-02 21:06:21,454 [pool-449-thread-1] INFO  server.RaftServerConfigKeys (ConfUtils.java:logGet(43)) - raft.server.log.queue.element-limit = 1024 (custom)
2019-10-02 21:06:21,455 [pool-439-thread-1] INFO  server.RaftServerConfigKeys (ConfUtils.java:logGet(43)) - raft.server.retrycache.expirytime = 600000ms (custom)
2019-10-02 21:06:21,454 [pool-459-thread-1] INFO  server.RaftServerConfigKeys (ConfUtils.java:logGet(43)) - raft.server.log.queue.element-limit = 1024 (custom)
2019-10-02 21:06:21,455 [pool-449-thread-1] INFO  server.RaftServerConfigKeys (ConfUtils.java:logGet(43)) - raft.server.log.segment.size.max = 1048576 (custom)
2019-10-02 21:06:21,455 [pool-459-thread-1] INFO  server.RaftServerConfigKeys (ConfUtils.java:logGet(43)) - raft.server.log.segment.size.max = 1048576 (custom)
2019-10-02 21:06:21,455 [pool-449-thread-1] INFO  server.RaftServerConfigKeys (ConfUtils.java:logGet(43)) - raft.server.log.preallocated.size = 16384 (custom)
2019-10-02 21:06:21,455 [pool-459-thread-1] INFO  server.RaftServerConfigKeys (ConfUtils.java:logGet(43)) - raft.server.log.preallocated.size = 16384 (custom)
2019-10-02 21:06:21,456 [pool-449-thread-1] INFO  server.RaftServerConfigKeys (ConfUtils.java:logGet(43)) - raft.server.log.write.buffer.size = 33554432 (custom)
2019-10-02 21:06:21,456 [pool-459-thread-1] INFO  server.RaftServerConfigKeys (ConfUtils.java:logGet(43)) - raft.server.log.write.buffer.size = 33554432 (custom)
2019-10-02 21:06:21,456 [pool-449-thread-1] INFO  server.RaftServerConfigKeys (ConfUtils.java:logGet(43)) - raft.server.log.force.sync.num = 128 (default)
2019-10-02 21:06:21,456 [pool-459-thread-1] INFO  server.RaftServerConfigKeys (ConfUtils.java:logGet(43)) - raft.server.log.force.sync.num = 128 (default)
2019-10-02 21:06:21,456 [pool-449-thread-1] INFO  server.RaftServerConfigKeys (ConfUtils.java:logGet(43)) - raft.server.log.statemachine.data.sync = true (default)
2019-10-02 21:06:21,457 [pool-439-thread-1] INFO  impl.RaftServerImpl (RaftServerImpl.java:start(181)) - 18b3ba82-8644-4b44-b91b-2038c85b7def@group-CA1D320B4A05: start as a follower, conf=-1: [9f78b666-09ed-47d3-a843-81f82f1ca7ed:192.168.164.206:35633, 18b3ba82-8644-4b44-b91b-2038c85b7def:192.168.164.206:33333, 77825903-4878-47e9-9161-8fc3ca3e4e76:192.168.164.206:45780], old=null
2019-10-02 21:06:21,456 [pool-459-thread-1] INFO  server.RaftServerConfigKeys (ConfUtils.java:logGet(43)) - raft.server.log.statemachine.data.sync = true (default)
2019-10-02 21:06:21,457 [pool-439-thread-1] INFO  impl.RaftServerImpl (RaftServerImpl.java:setRole(170)) - 18b3ba82-8644-4b44-b91b-2038c85b7def@group-CA1D320B4A05: changes role from      null to FOLLOWER at term 0 for startAsFollower
2019-10-02 21:06:21,457 [pool-449-thread-1] INFO  server.RaftServerConfigKeys (ConfUtils.java:logGet(43)) - raft.server.log.statemachine.data.sync.timeout = 10s (default)
2019-10-02 21:06:21,457 [pool-439-thread-1] INFO  impl.RoleInfo (RoleInfo.java:updateAndGet(143)) - 18b3ba82-8644-4b44-b91b-2038c85b7def: start FollowerState
2019-10-02 21:06:21,457 [pool-459-thread-1] INFO  server.RaftServerConfigKeys (ConfUtils.java:logGet(43)) - raft.server.log.statemachine.data.sync.timeout = 10s (default)
2019-10-02 21:06:21,457 [pool-449-thread-1] INFO  server.RaftServerConfigKeys (ConfUtils.java:logGet(43)) - raft.server.log.statemachine.data.sync.timeout.retry = -1 (default)
2019-10-02 21:06:21,458 [pool-439-thread-1] INFO  util.JmxRegister (JmxRegister.java:tryRegister(44)) - Successfully registered JMX Bean with object name Ratis:service=RaftServer,group=group-CA1D320B4A05,id=18b3ba82-8644-4b44-b91b-2038c85b7def
2019-10-02 21:06:21,458 [pool-459-thread-1] INFO  server.RaftServerConfigKeys (ConfUtils.java:logGet(43)) - raft.server.log.statemachine.data.sync.timeout.retry = -1 (default)
2019-10-02 21:06:21,458 [pool-449-thread-1] INFO  server.RaftServerConfigKeys (ConfUtils.java:logGet(43)) - raft.server.log.statemachine.data.caching.enabled = true (custom)
2019-10-02 21:06:21,458 [pool-459-thread-1] INFO  server.RaftServerConfigKeys (ConfUtils.java:logGet(43)) - raft.server.log.statemachine.data.caching.enabled = true (custom)
2019-10-02 21:06:21,458 [pool-449-thread-1] INFO  segmented.SegmentedRaftLogWorker (SegmentedRaftLogWorker.java:lambda$new$0(128)) - 77825903-4878-47e9-9161-8fc3ca3e4e76@group-CA1D320B4A05-SegmentedRaftLogWorker: flushIndex: setUnconditionally 0 -> -1
2019-10-02 21:06:21,459 [pool-459-thread-1] INFO  segmented.SegmentedRaftLogWorker (SegmentedRaftLogWorker.java:lambda$new$0(128)) - 9f78b666-09ed-47d3-a843-81f82f1ca7ed@group-CA1D320B4A05-SegmentedRaftLogWorker: flushIndex: setUnconditionally 0 -> -1
2019-10-02 21:06:21,459 [pool-449-thread-1] INFO  server.RaftServerConfigKeys (ConfUtils.java:logGet(43)) - raft.server.snapshot.auto.trigger.enabled = true (custom)
2019-10-02 21:06:21,459 [pool-449-thread-1] INFO  server.RaftServerConfigKeys (ConfUtils.java:logGet(43)) - raft.server.snapshot.auto.trigger.threshold = 10000 (custom)
2019-10-02 21:06:21,459 [pool-459-thread-1] INFO  server.RaftServerConfigKeys (ConfUtils.java:logGet(43)) - raft.server.snapshot.auto.trigger.enabled = true (custom)
2019-10-02 21:06:21,459 [pool-449-thread-1] INFO  server.RaftServerConfigKeys (ConfUtils.java:logGet(43)) - raft.server.snapshot.retention.file.num = 5 (custom)
2019-10-02 21:06:21,459 [pool-459-thread-1] INFO  server.RaftServerConfigKeys (ConfUtils.java:logGet(43)) - raft.server.snapshot.auto.trigger.threshold = 10000 (custom)
2019-10-02 21:06:21,460 [pool-459-thread-1] INFO  server.RaftServerConfigKeys (ConfUtils.java:logGet(43)) - raft.server.snapshot.retention.file.num = 5 (custom)
2019-10-02 21:06:21,459 [pool-449-thread-1] INFO  server.RaftServerConfigKeys (ConfUtils.java:logGet(43)) - raft.server.retrycache.expirytime = 600000ms (custom)
2019-10-02 21:06:21,460 [pool-459-thread-1] INFO  server.RaftServerConfigKeys (ConfUtils.java:logGet(43)) - raft.server.retrycache.expirytime = 600000ms (custom)
2019-10-02 21:06:21,463 [pool-449-thread-1] INFO  impl.RaftServerImpl (RaftServerImpl.java:start(181)) - 77825903-4878-47e9-9161-8fc3ca3e4e76@group-CA1D320B4A05: start as a follower, conf=-1: [9f78b666-09ed-47d3-a843-81f82f1ca7ed:192.168.164.206:35633, 18b3ba82-8644-4b44-b91b-2038c85b7def:192.168.164.206:33333, 77825903-4878-47e9-9161-8fc3ca3e4e76:192.168.164.206:45780], old=null
2019-10-02 21:06:21,463 [pool-449-thread-1] INFO  impl.RaftServerImpl (RaftServerImpl.java:setRole(170)) - 77825903-4878-47e9-9161-8fc3ca3e4e76@group-CA1D320B4A05: changes role from      null to FOLLOWER at term 0 for startAsFollower
2019-10-02 21:06:21,463 [pool-459-thread-1] INFO  impl.RaftServerImpl (RaftServerImpl.java:start(181)) - 9f78b666-09ed-47d3-a843-81f82f1ca7ed@group-CA1D320B4A05: start as a follower, conf=-1: [9f78b666-09ed-47d3-a843-81f82f1ca7ed:192.168.164.206:35633, 18b3ba82-8644-4b44-b91b-2038c85b7def:192.168.164.206:33333, 77825903-4878-47e9-9161-8fc3ca3e4e76:192.168.164.206:45780], old=null
2019-10-02 21:06:21,463 [pool-449-thread-1] INFO  impl.RoleInfo (RoleInfo.java:updateAndGet(143)) - 77825903-4878-47e9-9161-8fc3ca3e4e76: start FollowerState
2019-10-02 21:06:21,463 [pool-459-thread-1] INFO  impl.RaftServerImpl (RaftServerImpl.java:setRole(170)) - 9f78b666-09ed-47d3-a843-81f82f1ca7ed@group-CA1D320B4A05: changes role from      null to FOLLOWER at term 0 for startAsFollower
2019-10-02 21:06:21,463 [pool-459-thread-1] INFO  impl.RoleInfo (RoleInfo.java:updateAndGet(143)) - 9f78b666-09ed-47d3-a843-81f82f1ca7ed: start FollowerState
2019-10-02 21:06:21,464 [pool-449-thread-1] INFO  util.JmxRegister (JmxRegister.java:tryRegister(44)) - Successfully registered JMX Bean with object name Ratis:service=RaftServer,group=group-CA1D320B4A05,id=77825903-4878-47e9-9161-8fc3ca3e4e76
2019-10-02 21:06:21,464 [pool-459-thread-1] INFO  util.JmxRegister (JmxRegister.java:tryRegister(44)) - Successfully registered JMX Bean with object name Ratis:service=RaftServer,group=group-CA1D320B4A05,id=9f78b666-09ed-47d3-a843-81f82f1ca7ed
2019-10-02 21:06:21,469 [RatisPipelineUtilsThread] INFO  pipeline.PipelineStateManager (PipelineStateManager.java:addPipeline(56)) - Created pipeline Pipeline[ Id: 8c746c43-5942-43f1-a905-ca1d320b4a05, Nodes: 18b3ba82-8644-4b44-b91b-2038c85b7def{ip: 192.168.164.206, host: pr-hdds-2162-pj84x-1708865144, networkLocation: /default-rack, certSerialId: null}77825903-4878-47e9-9161-8fc3ca3e4e76{ip: 192.168.164.206, host: pr-hdds-2162-pj84x-1708865144, networkLocation: /default-rack, certSerialId: null}9f78b666-09ed-47d3-a843-81f82f1ca7ed{ip: 192.168.164.206, host: pr-hdds-2162-pj84x-1708865144, networkLocation: /default-rack, certSerialId: null}, Type:RATIS, Factor:THREE, State:OPEN]
2019-10-02 21:06:23,922 [Thread-3041] INFO  container.ReplicationManager (ReplicationManager.java:start(162)) - Starting Replication Monitor Thread.
2019-10-02 21:06:23,927 [ReplicationMonitor] INFO  container.ReplicationManager (ReplicationManager.java:run(225)) - Replication Monitor Thread took 1 milliseconds for processing 1 containers.
2019-10-02 21:06:26,181 [Thread-3043] INFO  impl.FollowerState (FollowerState.java:run(108)) - 070326aa-f1fa-4acf-9143-3b73f4503201@group-DEB5F7D09B94-FollowerState: change to CANDIDATE, lastRpcTime:5195ms, electionTimeout:5195ms
2019-10-02 21:06:26,182 [Thread-3043] INFO  impl.RoleInfo (RoleInfo.java:shutdownFollowerState(121)) - 070326aa-f1fa-4acf-9143-3b73f4503201: shutdown FollowerState
2019-10-02 21:06:26,182 [Thread-3043] INFO  impl.RaftServerImpl (RaftServerImpl.java:setRole(170)) - 070326aa-f1fa-4acf-9143-3b73f4503201@group-DEB5F7D09B94: changes role from  FOLLOWER to CANDIDATE at term 0 for changeToCandidate
2019-10-02 21:06:26,183 [Thread-3043] INFO  impl.RoleInfo (RoleInfo.java:updateAndGet(143)) - 070326aa-f1fa-4acf-9143-3b73f4503201: start LeaderElection
2019-10-02 21:06:26,202 [Thread-3049] INFO  impl.FollowerState (FollowerState.java:run(108)) - 5edb5b81-e56f-48e0-a3d6-7479a545ce64@group-5A9AAEDCD836-FollowerState: change to CANDIDATE, lastRpcTime:5094ms, electionTimeout:5094ms
2019-10-02 21:06:26,202 [Thread-3049] INFO  impl.RoleInfo (RoleInfo.java:shutdownFollowerState(121)) - 5edb5b81-e56f-48e0-a3d6-7479a545ce64: shutdown FollowerState
2019-10-02 21:06:26,202 [Thread-3049] INFO  impl.RaftServerImpl (RaftServerImpl.java:setRole(170)) - 5edb5b81-e56f-48e0-a3d6-7479a545ce64@group-5A9AAEDCD836: changes role from  FOLLOWER to CANDIDATE at term 0 for changeToCandidate
2019-10-02 21:06:26,203 [Thread-3049] INFO  impl.RoleInfo (RoleInfo.java:updateAndGet(143)) - 5edb5b81-e56f-48e0-a3d6-7479a545ce64: start LeaderElection
2019-10-02 21:06:26,213 [Thread-3046] INFO  impl.FollowerState (FollowerState.java:run(108)) - 7d6f8f3d-8939-42dd-bbbd-f72a8fc3ef97@group-7DBEB0EAB9AF-FollowerState: change to CANDIDATE, lastRpcTime:5182ms, electionTimeout:5181ms
2019-10-02 21:06:26,213 [070326aa-f1fa-4acf-9143-3b73f4503201@group-DEB5F7D09B94-LeaderElection59] INFO  impl.LeaderElection (LeaderElection.java:askForVotes(178)) - 070326aa-f1fa-4acf-9143-3b73f4503201@group-DEB5F7D09B94-LeaderElection59: begin an election at term 1 for -1: [070326aa-f1fa-4acf-9143-3b73f4503201:192.168.164.206:40114], old=null
2019-10-02 21:06:26,213 [Thread-3046] INFO  impl.RoleInfo (RoleInfo.java:shutdownFollowerState(121)) - 7d6f8f3d-8939-42dd-bbbd-f72a8fc3ef97: shutdown FollowerState
2019-10-02 21:06:26,213 [Thread-3046] INFO  impl.RaftServerImpl (RaftServerImpl.java:setRole(170)) - 7d6f8f3d-8939-42dd-bbbd-f72a8fc3ef97@group-7DBEB0EAB9AF: changes role from  FOLLOWER to CANDIDATE at term 0 for changeToCandidate
2019-10-02 21:06:26,214 [Thread-3046] INFO  impl.RoleInfo (RoleInfo.java:updateAndGet(143)) - 7d6f8f3d-8939-42dd-bbbd-f72a8fc3ef97: start LeaderElection
2019-10-02 21:06:26,214 [070326aa-f1fa-4acf-9143-3b73f4503201@group-DEB5F7D09B94-LeaderElection59] INFO  impl.RoleInfo (RoleInfo.java:shutdownLeaderElection(134)) - 070326aa-f1fa-4acf-9143-3b73f4503201: shutdown LeaderElection
2019-10-02 21:06:26,215 [070326aa-f1fa-4acf-9143-3b73f4503201@group-DEB5F7D09B94-LeaderElection59] INFO  impl.RaftServerImpl (RaftServerImpl.java:setRole(170)) - 070326aa-f1fa-4acf-9143-3b73f4503201@group-DEB5F7D09B94: changes role from CANDIDATE to LEADER at term 1 for changeToLeader
2019-10-02 21:06:26,217 [070326aa-f1fa-4acf-9143-3b73f4503201@group-DEB5F7D09B94-LeaderElection59] INFO  impl.RaftServerImpl (ServerState.java:setLeader(255)) - 070326aa-f1fa-4acf-9143-3b73f4503201@group-DEB5F7D09B94: change Leader from null to 070326aa-f1fa-4acf-9143-3b73f4503201 at term 1 for becomeLeader, leader elected after 5237ms
2019-10-02 21:06:26,218 [070326aa-f1fa-4acf-9143-3b73f4503201@group-DEB5F7D09B94-LeaderElection59] INFO  server.RaftServerConfigKeys (ConfUtils.java:logGet(43)) - raft.server.staging.catchup.gap = 1000 (default)
2019-10-02 21:06:26,218 [070326aa-f1fa-4acf-9143-3b73f4503201@group-DEB5F7D09B94-LeaderElection59] INFO  server.RaftServerConfigKeys (ConfUtils.java:logGet(43)) - raft.server.rpc.sleep.time = 25ms (default)
2019-10-02 21:06:26,219 [070326aa-f1fa-4acf-9143-3b73f4503201@group-DEB5F7D09B94-LeaderElection59] INFO  server.RaftServerConfigKeys (ConfUtils.java:logGet(43)) - raft.server.write.element-limit = 4096 (default)
2019-10-02 21:06:26,219 [070326aa-f1fa-4acf-9143-3b73f4503201@group-DEB5F7D09B94-LeaderElection59] INFO  server.RaftServerConfigKeys (ConfUtils.java:logGet(43)) - raft.server.watch.timeout = 10s (default)
2019-10-02 21:06:26,219 [070326aa-f1fa-4acf-9143-3b73f4503201@group-DEB5F7D09B94-LeaderElection59] INFO  server.RaftServerConfigKeys (ConfUtils.java:logGet(43)) - raft.server.watch.timeout.denomination = 1s (default)
2019-10-02 21:06:26,219 [070326aa-f1fa-4acf-9143-3b73f4503201@group-DEB5F7D09B94-LeaderElection59] INFO  server.RaftServerConfigKeys (ConfUtils.java:logGet(43)) - raft.server.watch.element-limit = 65536 (default)
2019-10-02 21:06:26,224 [070326aa-f1fa-4acf-9143-3b73f4503201@group-DEB5F7D09B94-LeaderElection59] INFO  impl.RoleInfo (RoleInfo.java:updateAndGet(143)) - 070326aa-f1fa-4acf-9143-3b73f4503201: start LeaderState
2019-10-02 21:06:26,225 [070326aa-f1fa-4acf-9143-3b73f4503201@group-DEB5F7D09B94-LeaderElection59] INFO  segmented.SegmentedRaftLogWorker (SegmentedRaftLogWorker.java:startLogSegment(385)) - 070326aa-f1fa-4acf-9143-3b73f4503201@group-DEB5F7D09B94-SegmentedRaftLogWorker: Starting segment from index:0
2019-10-02 21:06:26,226 [070326aa-f1fa-4acf-9143-3b73f4503201@group-DEB5F7D09B94-LeaderElection59] INFO  impl.RaftServerImpl (ServerState.java:setRaftConf(356)) - 070326aa-f1fa-4acf-9143-3b73f4503201@group-DEB5F7D09B94: set configuration 0: [070326aa-f1fa-4acf-9143-3b73f4503201:192.168.164.206:40114], old=null at 0
2019-10-02 21:06:26,226 [7d6f8f3d-8939-42dd-bbbd-f72a8fc3ef97@group-7DBEB0EAB9AF-LeaderElection61] INFO  impl.LeaderElection (LeaderElection.java:askForVotes(178)) - 7d6f8f3d-8939-42dd-bbbd-f72a8fc3ef97@group-7DBEB0EAB9AF-LeaderElection61: begin an election at term 1 for -1: [7d6f8f3d-8939-42dd-bbbd-f72a8fc3ef97:192.168.164.206:43483], old=null
2019-10-02 21:06:26,226 [5edb5b81-e56f-48e0-a3d6-7479a545ce64@group-5A9AAEDCD836-LeaderElection60] INFO  impl.LeaderElection (LeaderElection.java:askForVotes(178)) - 5edb5b81-e56f-48e0-a3d6-7479a545ce64@group-5A9AAEDCD836-LeaderElection60: begin an election at term 1 for -1: [5edb5b81-e56f-48e0-a3d6-7479a545ce64:192.168.164.206:39550], old=null
2019-10-02 21:06:26,227 [7d6f8f3d-8939-42dd-bbbd-f72a8fc3ef97@group-7DBEB0EAB9AF-LeaderElection61] INFO  impl.RoleInfo (RoleInfo.java:shutdownLeaderElection(134)) - 7d6f8f3d-8939-42dd-bbbd-f72a8fc3ef97: shutdown LeaderElection
2019-10-02 21:06:26,227 [5edb5b81-e56f-48e0-a3d6-7479a545ce64@group-5A9AAEDCD836-LeaderElection60] INFO  impl.RoleInfo (RoleInfo.java:shutdownLeaderElection(134)) - 5edb5b81-e56f-48e0-a3d6-7479a545ce64: shutdown LeaderElection
2019-10-02 21:06:26,227 [7d6f8f3d-8939-42dd-bbbd-f72a8fc3ef97@group-7DBEB0EAB9AF-LeaderElection61] INFO  impl.RaftServerImpl (RaftServerImpl.java:setRole(170)) - 7d6f8f3d-8939-42dd-bbbd-f72a8fc3ef97@group-7DBEB0EAB9AF: changes role from CANDIDATE to LEADER at term 1 for changeToLeader
2019-10-02 21:06:26,227 [5edb5b81-e56f-48e0-a3d6-7479a545ce64@group-5A9AAEDCD836-LeaderElection60] INFO  impl.RaftServerImpl (RaftServerImpl.java:setRole(170)) - 5edb5b81-e56f-48e0-a3d6-7479a545ce64@group-5A9AAEDCD836: changes role from CANDIDATE to LEADER at term 1 for changeToLeader
2019-10-02 21:06:26,227 [7d6f8f3d-8939-42dd-bbbd-f72a8fc3ef97@group-7DBEB0EAB9AF-LeaderElection61] INFO  impl.RaftServerImpl (ServerState.java:setLeader(255)) - 7d6f8f3d-8939-42dd-bbbd-f72a8fc3ef97@group-7DBEB0EAB9AF: change Leader from null to 7d6f8f3d-8939-42dd-bbbd-f72a8fc3ef97 at term 1 for becomeLeader, leader elected after 5200ms
2019-10-02 21:06:26,227 [5edb5b81-e56f-48e0-a3d6-7479a545ce64@group-5A9AAEDCD836-LeaderElection60] INFO  impl.RaftServerImpl (ServerState.java:setLeader(255)) - 5edb5b81-e56f-48e0-a3d6-7479a545ce64@group-5A9AAEDCD836: change Leader from null to 5edb5b81-e56f-48e0-a3d6-7479a545ce64 at term 1 for becomeLeader, leader elected after 5127ms
2019-10-02 21:06:26,227 [7d6f8f3d-8939-42dd-bbbd-f72a8fc3ef97@group-7DBEB0EAB9AF-LeaderElection61] INFO  server.RaftServerConfigKeys (ConfUtils.java:logGet(43)) - raft.server.staging.catchup.gap = 1000 (default)
2019-10-02 21:06:26,227 [5edb5b81-e56f-48e0-a3d6-7479a545ce64@group-5A9AAEDCD836-LeaderElection60] INFO  server.RaftServerConfigKeys (ConfUtils.java:logGet(43)) - raft.server.staging.catchup.gap = 1000 (default)
2019-10-02 21:06:26,228 [7d6f8f3d-8939-42dd-bbbd-f72a8fc3ef97@group-7DBEB0EAB9AF-LeaderElection61] INFO  server.RaftServerConfigKeys (ConfUtils.java:logGet(43)) - raft.server.rpc.sleep.time = 25ms (default)
2019-10-02 21:06:26,228 [5edb5b81-e56f-48e0-a3d6-7479a545ce64@group-5A9AAEDCD836-LeaderElection60] INFO  server.RaftServerConfigKeys (ConfUtils.java:logGet(43)) - raft.server.rpc.sleep.time = 25ms (default)
2019-10-02 21:06:26,228 [7d6f8f3d-8939-42dd-bbbd-f72a8fc3ef97@group-7DBEB0EAB9AF-LeaderElection61] INFO  server.RaftServerConfigKeys (ConfUtils.java:logGet(43)) - raft.server.write.element-limit = 4096 (default)
2019-10-02 21:06:26,228 [5edb5b81-e56f-48e0-a3d6-7479a545ce64@group-5A9AAEDCD836-LeaderElection60] INFO  server.RaftServerConfigKeys (ConfUtils.java:logGet(43)) - raft.server.write.element-limit = 4096 (default)
2019-10-02 21:06:26,228 [7d6f8f3d-8939-42dd-bbbd-f72a8fc3ef97@group-7DBEB0EAB9AF-LeaderElection61] INFO  server.RaftServerConfigKeys (ConfUtils.java:logGet(43)) - raft.server.watch.timeout = 10s (default)
2019-10-02 21:06:26,228 [5edb5b81-e56f-48e0-a3d6-7479a545ce64@group-5A9AAEDCD836-LeaderElection60] INFO  server.RaftServerConfigKeys (ConfUtils.java:logGet(43)) - raft.server.watch.timeout = 10s (default)
2019-10-02 21:06:26,228 [7d6f8f3d-8939-42dd-bbbd-f72a8fc3ef97@group-7DBEB0EAB9AF-LeaderElection61] INFO  server.RaftServerConfigKeys (ConfUtils.java:logGet(43)) - raft.server.watch.timeout.denomination = 1s (default)
2019-10-02 21:06:26,228 [5edb5b81-e56f-48e0-a3d6-7479a545ce64@group-5A9AAEDCD836-LeaderElection60] INFO  server.RaftServerConfigKeys (ConfUtils.java:logGet(43)) - raft.server.watch.timeout.denomination = 1s (default)
2019-10-02 21:06:26,229 [7d6f8f3d-8939-42dd-bbbd-f72a8fc3ef97@group-7DBEB0EAB9AF-LeaderElection61] INFO  server.RaftServerConfigKeys (ConfUtils.java:logGet(43)) - raft.server.watch.element-limit = 65536 (default)
2019-10-02 21:06:26,229 [5edb5b81-e56f-48e0-a3d6-7479a545ce64@group-5A9AAEDCD836-LeaderElection60] INFO  server.RaftServerConfigKeys (ConfUtils.java:logGet(43)) - raft.server.watch.element-limit = 65536 (default)
2019-10-02 21:06:26,231 [7d6f8f3d-8939-42dd-bbbd-f72a8fc3ef97@group-7DBEB0EAB9AF-LeaderElection61] INFO  impl.RoleInfo (RoleInfo.java:updateAndGet(143)) - 7d6f8f3d-8939-42dd-bbbd-f72a8fc3ef97: start LeaderState
2019-10-02 21:06:26,231 [7d6f8f3d-8939-42dd-bbbd-f72a8fc3ef97@group-7DBEB0EAB9AF-LeaderElection61] INFO  segmented.SegmentedRaftLogWorker (SegmentedRaftLogWorker.java:startLogSegment(385)) - 7d6f8f3d-8939-42dd-bbbd-f72a8fc3ef97@group-7DBEB0EAB9AF-SegmentedRaftLogWorker: Starting segment from index:0
2019-10-02 21:06:26,231 [5edb5b81-e56f-48e0-a3d6-7479a545ce64@group-5A9AAEDCD836-LeaderElection60] INFO  impl.RoleInfo (RoleInfo.java:updateAndGet(143)) - 5edb5b81-e56f-48e0-a3d6-7479a545ce64: start LeaderState
2019-10-02 21:06:26,231 [7d6f8f3d-8939-42dd-bbbd-f72a8fc3ef97@group-7DBEB0EAB9AF-LeaderElection61] INFO  impl.RaftServerImpl (ServerState.java:setRaftConf(356)) - 7d6f8f3d-8939-42dd-bbbd-f72a8fc3ef97@group-7DBEB0EAB9AF: set configuration 0: [7d6f8f3d-8939-42dd-bbbd-f72a8fc3ef97:192.168.164.206:43483], old=null at 0
2019-10-02 21:06:26,231 [5edb5b81-e56f-48e0-a3d6-7479a545ce64@group-5A9AAEDCD836-LeaderElection60] INFO  segmented.SegmentedRaftLogWorker (SegmentedRaftLogWorker.java:startLogSegment(385)) - 5edb5b81-e56f-48e0-a3d6-7479a545ce64@group-5A9AAEDCD836-SegmentedRaftLogWorker: Starting segment from index:0
2019-10-02 21:06:26,252 [5edb5b81-e56f-48e0-a3d6-7479a545ce64@group-5A9AAEDCD836-LeaderElection60] INFO  impl.RaftServerImpl (ServerState.java:setRaftConf(356)) - 5edb5b81-e56f-48e0-a3d6-7479a545ce64@group-5A9AAEDCD836: set configuration 0: [5edb5b81-e56f-48e0-a3d6-7479a545ce64:192.168.164.206:39550], old=null at 0
2019-10-02 21:06:26,285 [Thread-3057] INFO  impl.FollowerState (FollowerState.java:run(108)) - 070326aa-f1fa-4acf-9143-3b73f4503201@group-E1E12DDE26F6-FollowerState: change to CANDIDATE, lastRpcTime:5122ms, electionTimeout:5101ms
2019-10-02 21:06:26,285 [Thread-3056] INFO  impl.FollowerState (FollowerState.java:run(108)) - 7d6f8f3d-8939-42dd-bbbd-f72a8fc3ef97@group-E1E12DDE26F6-FollowerState: change to CANDIDATE, lastRpcTime:5122ms, electionTimeout:5100ms
2019-10-02 21:06:26,285 [Thread-3057] INFO  impl.RoleInfo (RoleInfo.java:shutdownFollowerState(121)) - 070326aa-f1fa-4acf-9143-3b73f4503201: shutdown FollowerState
2019-10-02 21:06:26,286 [Thread-3056] INFO  impl.RoleInfo (RoleInfo.java:shutdownFollowerState(121)) - 7d6f8f3d-8939-42dd-bbbd-f72a8fc3ef97: shutdown FollowerState
2019-10-02 21:06:26,285 [070326aa-f1fa-4acf-9143-3b73f4503201@group-DEB5F7D09B94-SegmentedRaftLogWorker] INFO  segmented.SegmentedRaftLogWorker (SegmentedRaftLogWorker.java:execute(574)) - 070326aa-f1fa-4acf-9143-3b73f4503201@group-DEB5F7D09B94-SegmentedRaftLogWorker: created new log segment /workdir/hadoop-ozone/integration-test/target/test-dir/MiniOzoneClusterImpl-3a252fbc-4287-47a2-893f-83f3490ca533/datanode-0/data/ratis/d010e781-56bf-4bb0-a899-deb5f7d09b94/current/log_inprogress_0
2019-10-02 21:06:26,286 [Thread-3056] INFO  impl.RaftServerImpl (RaftServerImpl.java:setRole(170)) - 7d6f8f3d-8939-42dd-bbbd-f72a8fc3ef97@group-E1E12DDE26F6: changes role from  FOLLOWER to CANDIDATE at term 0 for changeToCandidate
2019-10-02 21:06:26,286 [Thread-3057] INFO  impl.RaftServerImpl (RaftServerImpl.java:setRole(170)) - 070326aa-f1fa-4acf-9143-3b73f4503201@group-E1E12DDE26F6: changes role from  FOLLOWER to CANDIDATE at term 0 for changeToCandidate
2019-10-02 21:06:26,286 [Thread-3056] INFO  impl.RoleInfo (RoleInfo.java:updateAndGet(143)) - 7d6f8f3d-8939-42dd-bbbd-f72a8fc3ef97: start LeaderElection
2019-10-02 21:06:26,286 [Thread-3057] INFO  impl.RoleInfo (RoleInfo.java:updateAndGet(143)) - 070326aa-f1fa-4acf-9143-3b73f4503201: start LeaderElection
2019-10-02 21:06:26,313 [Thread-3061] INFO  impl.FollowerState (FollowerState.java:run(108)) - 18b3ba82-8644-4b44-b91b-2038c85b7def@group-DAA08C70CDDC-FollowerState: change to CANDIDATE, lastRpcTime:5078ms, electionTimeout:5077ms
2019-10-02 21:06:26,313 [Thread-3061] INFO  impl.RoleInfo (RoleInfo.java:shutdownFollowerState(121)) - 18b3ba82-8644-4b44-b91b-2038c85b7def: shutdown FollowerState
2019-10-02 21:06:26,314 [Thread-3061] INFO  impl.RaftServerImpl (RaftServerImpl.java:setRole(170)) - 18b3ba82-8644-4b44-b91b-2038c85b7def@group-DAA08C70CDDC: changes role from  FOLLOWER to CANDIDATE at term 0 for changeToCandidate
2019-10-02 21:06:26,314 [7d6f8f3d-8939-42dd-bbbd-f72a8fc3ef97@group-7DBEB0EAB9AF-SegmentedRaftLogWorker] INFO  segmented.SegmentedRaftLogWorker (SegmentedRaftLogWorker.java:execute(574)) - 7d6f8f3d-8939-42dd-bbbd-f72a8fc3ef97@group-7DBEB0EAB9AF-SegmentedRaftLogWorker: created new log segment /workdir/hadoop-ozone/integration-test/target/test-dir/MiniOzoneClusterImpl-3a252fbc-4287-47a2-893f-83f3490ca533/datanode-1/data/ratis/645c63e0-4c22-421f-8f76-7dbeb0eab9af/current/log_inprogress_0
2019-10-02 21:06:26,314 [Thread-3061] INFO  impl.RoleInfo (RoleInfo.java:updateAndGet(143)) - 18b3ba82-8644-4b44-b91b-2038c85b7def: start LeaderElection
2019-10-02 21:06:26,326 [5edb5b81-e56f-48e0-a3d6-7479a545ce64@group-5A9AAEDCD836-SegmentedRaftLogWorker] INFO  segmented.SegmentedRaftLogWorker (SegmentedRaftLogWorker.java:execute(574)) - 5edb5b81-e56f-48e0-a3d6-7479a545ce64@group-5A9AAEDCD836-SegmentedRaftLogWorker: created new log segment /workdir/hadoop-ozone/integration-test/target/test-dir/MiniOzoneClusterImpl-3a252fbc-4287-47a2-893f-83f3490ca533/datanode-2/data/ratis/2d10527d-8c1c-4e8b-8414-5a9aaedcd836/current/log_inprogress_0
2019-10-02 21:06:26,326 [18b3ba82-8644-4b44-b91b-2038c85b7def@group-DAA08C70CDDC-LeaderElection64] INFO  impl.LeaderElection (LeaderElection.java:askForVotes(178)) - 18b3ba82-8644-4b44-b91b-2038c85b7def@group-DAA08C70CDDC-LeaderElection64: begin an election at term 1 for -1: [18b3ba82-8644-4b44-b91b-2038c85b7def:192.168.164.206:33333], old=null
2019-10-02 21:06:26,326 [7d6f8f3d-8939-42dd-bbbd-f72a8fc3ef97@group-E1E12DDE26F6-LeaderElection62] INFO  impl.LeaderElection (LeaderElection.java:askForVotes(178)) - 7d6f8f3d-8939-42dd-bbbd-f72a8fc3ef97@group-E1E12DDE26F6-LeaderElection62: begin an election at term 1 for -1: [7d6f8f3d-8939-42dd-bbbd-f72a8fc3ef97:192.168.164.206:43483, 070326aa-f1fa-4acf-9143-3b73f4503201:192.168.164.206:40114, 5edb5b81-e56f-48e0-a3d6-7479a545ce64:192.168.164.206:39550], old=null
2019-10-02 21:06:26,326 [070326aa-f1fa-4acf-9143-3b73f4503201@group-E1E12DDE26F6-LeaderElection63] INFO  impl.LeaderElection (LeaderElection.java:askForVotes(178)) - 070326aa-f1fa-4acf-9143-3b73f4503201@group-E1E12DDE26F6-LeaderElection63: begin an election at term 1 for -1: [7d6f8f3d-8939-42dd-bbbd-f72a8fc3ef97:192.168.164.206:43483, 070326aa-f1fa-4acf-9143-3b73f4503201:192.168.164.206:40114, 5edb5b81-e56f-48e0-a3d6-7479a545ce64:192.168.164.206:39550], old=null
2019-10-02 21:06:26,326 [18b3ba82-8644-4b44-b91b-2038c85b7def@group-DAA08C70CDDC-LeaderElection64] INFO  impl.RoleInfo (RoleInfo.java:shutdownLeaderElection(134)) - 18b3ba82-8644-4b44-b91b-2038c85b7def: shutdown LeaderElection
2019-10-02 21:06:26,327 [18b3ba82-8644-4b44-b91b-2038c85b7def@group-DAA08C70CDDC-LeaderElection64] INFO  impl.RaftServerImpl (RaftServerImpl.java:setRole(170)) - 18b3ba82-8644-4b44-b91b-2038c85b7def@group-DAA08C70CDDC: changes role from CANDIDATE to LEADER at term 1 for changeToLeader
2019-10-02 21:06:26,327 [18b3ba82-8644-4b44-b91b-2038c85b7def@group-DAA08C70CDDC-LeaderElection64] INFO  impl.RaftServerImpl (ServerState.java:setLeader(255)) - 18b3ba82-8644-4b44-b91b-2038c85b7def@group-DAA08C70CDDC: change Leader from null to 18b3ba82-8644-4b44-b91b-2038c85b7def at term 1 for becomeLeader, leader elected after 5098ms
2019-10-02 21:06:26,327 [18b3ba82-8644-4b44-b91b-2038c85b7def@group-DAA08C70CDDC-LeaderElection64] INFO  server.RaftServerConfigKeys (ConfUtils.java:logGet(43)) - raft.server.staging.catchup.gap = 1000 (default)
2019-10-02 21:06:26,327 [18b3ba82-8644-4b44-b91b-2038c85b7def@group-DAA08C70CDDC-LeaderElection64] INFO  server.RaftServerConfigKeys (ConfUtils.java:logGet(43)) - raft.server.rpc.sleep.time = 25ms (default)
2019-10-02 21:06:26,327 [18b3ba82-8644-4b44-b91b-2038c85b7def@group-DAA08C70CDDC-LeaderElection64] INFO  server.RaftServerConfigKeys (ConfUtils.java:logGet(43)) - raft.server.write.element-limit = 4096 (default)
2019-10-02 21:06:26,327 [18b3ba82-8644-4b44-b91b-2038c85b7def@group-DAA08C70CDDC-LeaderElection64] INFO  server.RaftServerConfigKeys (ConfUtils.java:logGet(43)) - raft.server.watch.timeout = 10s (default)
2019-10-02 21:06:26,327 [18b3ba82-8644-4b44-b91b-2038c85b7def@group-DAA08C70CDDC-LeaderElection64] INFO  server.RaftServerConfigKeys (ConfUtils.java:logGet(43)) - raft.server.watch.timeout.denomination = 1s (default)
2019-10-02 21:06:26,328 [18b3ba82-8644-4b44-b91b-2038c85b7def@group-DAA08C70CDDC-LeaderElection64] INFO  server.RaftServerConfigKeys (ConfUtils.java:logGet(43)) - raft.server.watch.element-limit = 65536 (default)
2019-10-02 21:06:26,329 [18b3ba82-8644-4b44-b91b-2038c85b7def@group-DAA08C70CDDC-LeaderElection64] INFO  impl.RoleInfo (RoleInfo.java:updateAndGet(143)) - 18b3ba82-8644-4b44-b91b-2038c85b7def: start LeaderState
2019-10-02 21:06:26,329 [18b3ba82-8644-4b44-b91b-2038c85b7def@group-DAA08C70CDDC-LeaderElection64] INFO  segmented.SegmentedRaftLogWorker (SegmentedRaftLogWorker.java:startLogSegment(385)) - 18b3ba82-8644-4b44-b91b-2038c85b7def@group-DAA08C70CDDC-SegmentedRaftLogWorker: Starting segment from index:0
2019-10-02 21:06:26,330 [18b3ba82-8644-4b44-b91b-2038c85b7def@group-DAA08C70CDDC-LeaderElection64] INFO  impl.RaftServerImpl (ServerState.java:setRaftConf(356)) - 18b3ba82-8644-4b44-b91b-2038c85b7def@group-DAA08C70CDDC: set configuration 0: [18b3ba82-8644-4b44-b91b-2038c85b7def:192.168.164.206:33333], old=null at 0
2019-10-02 21:06:26,335 [grpc-default-executor-6] INFO  impl.RaftServerImpl (RaftServerImpl.java:setRole(170)) - 5edb5b81-e56f-48e0-a3d6-7479a545ce64@group-E1E12DDE26F6: changes role from  FOLLOWER to FOLLOWER at term 1 for recognizeCandidate:7d6f8f3d-8939-42dd-bbbd-f72a8fc3ef97
2019-10-02 21:06:26,366 [grpc-default-executor-6] INFO  impl.RoleInfo (RoleInfo.java:shutdownFollowerState(121)) - 5edb5b81-e56f-48e0-a3d6-7479a545ce64: shutdown FollowerState
2019-10-02 21:06:26,365 [Thread-3064] INFO  impl.FollowerState (FollowerState.java:run(108)) - 77825903-4878-47e9-9161-8fc3ca3e4e76@group-01310BD6A0BF-FollowerState: change to CANDIDATE, lastRpcTime:5085ms, electionTimeout:5075ms
2019-10-02 21:06:26,365 [Thread-3069] INFO  impl.FollowerState (FollowerState.java:run(108)) - 9f78b666-09ed-47d3-a843-81f82f1ca7ed@group-96FC915DAE0A-FollowerState: change to CANDIDATE, lastRpcTime:5021ms, electionTimeout:5005ms
2019-10-02 21:06:26,366 [Thread-3064] INFO  impl.RoleInfo (RoleInfo.java:shutdownFollowerState(121)) - 77825903-4878-47e9-9161-8fc3ca3e4e76: shutdown FollowerState
2019-10-02 21:06:26,366 [grpc-default-executor-6] INFO  impl.RoleInfo (RoleInfo.java:updateAndGet(143)) - 5edb5b81-e56f-48e0-a3d6-7479a545ce64: start FollowerState
2019-10-02 21:06:26,366 [Thread-3064] INFO  impl.RaftServerImpl (RaftServerImpl.java:setRole(170)) - 77825903-4878-47e9-9161-8fc3ca3e4e76@group-01310BD6A0BF: changes role from  FOLLOWER to CANDIDATE at term 0 for changeToCandidate
2019-10-02 21:06:26,366 [Thread-3069] INFO  impl.RoleInfo (RoleInfo.java:shutdownFollowerState(121)) - 9f78b666-09ed-47d3-a843-81f82f1ca7ed: shutdown FollowerState
2019-10-02 21:06:26,366 [Thread-3064] INFO  impl.RoleInfo (RoleInfo.java:updateAndGet(143)) - 77825903-4878-47e9-9161-8fc3ca3e4e76: start LeaderElection
2019-10-02 21:06:26,367 [Thread-3069] INFO  impl.RaftServerImpl (RaftServerImpl.java:setRole(170)) - 9f78b666-09ed-47d3-a843-81f82f1ca7ed@group-96FC915DAE0A: changes role from  FOLLOWER to CANDIDATE at term 0 for changeToCandidate
2019-10-02 21:06:26,367 [Thread-3069] INFO  impl.RoleInfo (RoleInfo.java:updateAndGet(143)) - 9f78b666-09ed-47d3-a843-81f82f1ca7ed: start LeaderElection
2019-10-02 21:06:26,376 [18b3ba82-8644-4b44-b91b-2038c85b7def@group-DAA08C70CDDC-SegmentedRaftLogWorker] INFO  segmented.SegmentedRaftLogWorker (SegmentedRaftLogWorker.java:execute(574)) - 18b3ba82-8644-4b44-b91b-2038c85b7def@group-DAA08C70CDDC-SegmentedRaftLogWorker: created new log segment /workdir/hadoop-ozone/integration-test/target/test-dir/MiniOzoneClusterImpl-3a252fbc-4287-47a2-893f-83f3490ca533/datanode-3/data/ratis/f9d43edb-bdf3-4d44-bcb9-daa08c70cddc/current/log_inprogress_0
2019-10-02 21:06:26,380 [77825903-4878-47e9-9161-8fc3ca3e4e76@group-01310BD6A0BF-LeaderElection65] INFO  impl.LeaderElection (LeaderElection.java:askForVotes(178)) - 77825903-4878-47e9-9161-8fc3ca3e4e76@group-01310BD6A0BF-LeaderElection65: begin an election at term 1 for -1: [77825903-4878-47e9-9161-8fc3ca3e4e76:192.168.164.206:45780], old=null
2019-10-02 21:06:26,380 [9f78b666-09ed-47d3-a843-81f82f1ca7ed@group-96FC915DAE0A-LeaderElection66] INFO  impl.LeaderElection (LeaderElection.java:askForVotes(178)) - 9f78b666-09ed-47d3-a843-81f82f1ca7ed@group-96FC915DAE0A-LeaderElection66: begin an election at term 1 for -1: [9f78b666-09ed-47d3-a843-81f82f1ca7ed:192.168.164.206:35633], old=null
2019-10-02 21:06:26,380 [77825903-4878-47e9-9161-8fc3ca3e4e76@group-01310BD6A0BF-LeaderElection65] INFO  impl.RoleInfo (RoleInfo.java:shutdownLeaderElection(134)) - 77825903-4878-47e9-9161-8fc3ca3e4e76: shutdown LeaderElection
2019-10-02 21:06:26,383 [9f78b666-09ed-47d3-a843-81f82f1ca7ed@group-96FC915DAE0A-LeaderElection66] INFO  impl.RoleInfo (RoleInfo.java:shutdownLeaderElection(134)) - 9f78b666-09ed-47d3-a843-81f82f1ca7ed: shutdown LeaderElection
2019-10-02 21:06:26,384 [77825903-4878-47e9-9161-8fc3ca3e4e76@group-01310BD6A0BF-LeaderElection65] INFO  impl.RaftServerImpl (RaftServerImpl.java:setRole(170)) - 77825903-4878-47e9-9161-8fc3ca3e4e76@group-01310BD6A0BF: changes role from CANDIDATE to LEADER at term 1 for changeToLeader
2019-10-02 21:06:26,384 [070326aa-f1fa-4acf-9143-3b73f4503201@group-E1E12DDE26F6-LeaderElection63] INFO  impl.LeaderElection (LeaderElection.java:logAndReturn(56)) - 070326aa-f1fa-4acf-9143-3b73f4503201@group-E1E12DDE26F6-LeaderElection63: Election REJECTED; received 2 response(s) [070326aa-f1fa-4acf-9143-3b73f4503201<-7d6f8f3d-8939-42dd-bbbd-f72a8fc3ef97#0:FAIL-t1, 070326aa-f1fa-4acf-9143-3b73f4503201<-5edb5b81-e56f-48e0-a3d6-7479a545ce64#0:FAIL-t1] and 0 exception(s); 070326aa-f1fa-4acf-9143-3b73f4503201@group-E1E12DDE26F6:t1, leader=null, voted=070326aa-f1fa-4acf-9143-3b73f4503201, raftlog=070326aa-f1fa-4acf-9143-3b73f4503201@group-E1E12DDE26F6-SegmentedRaftLog:OPENED:c-1,f-1,i0, conf=-1: [7d6f8f3d-8939-42dd-bbbd-f72a8fc3ef97:192.168.164.206:43483, 070326aa-f1fa-4acf-9143-3b73f4503201:192.168.164.206:40114, 5edb5b81-e56f-48e0-a3d6-7479a545ce64:192.168.164.206:39550], old=null
2019-10-02 21:06:26,384 [9f78b666-09ed-47d3-a843-81f82f1ca7ed@group-96FC915DAE0A-LeaderElection66] INFO  impl.RaftServerImpl (RaftServerImpl.java:setRole(170)) - 9f78b666-09ed-47d3-a843-81f82f1ca7ed@group-96FC915DAE0A: changes role from CANDIDATE to LEADER at term 1 for changeToLeader
2019-10-02 21:06:26,384 [070326aa-f1fa-4acf-9143-3b73f4503201@group-E1E12DDE26F6-LeaderElection63] INFO  impl.RaftServerImpl (RaftServerImpl.java:setRole(170)) - 070326aa-f1fa-4acf-9143-3b73f4503201@group-E1E12DDE26F6: changes role from CANDIDATE to FOLLOWER at term 1 for DISCOVERED_A_NEW_TERM
2019-10-02 21:06:26,386 [070326aa-f1fa-4acf-9143-3b73f4503201@group-E1E12DDE26F6-LeaderElection63] INFO  impl.RoleInfo (RoleInfo.java:shutdownLeaderElection(134)) - 070326aa-f1fa-4acf-9143-3b73f4503201: shutdown LeaderElection
2019-10-02 21:06:26,384 [7d6f8f3d-8939-42dd-bbbd-f72a8fc3ef97@group-E1E12DDE26F6-LeaderElection62] INFO  impl.LeaderElection (LeaderElection.java:logAndReturn(56)) - 7d6f8f3d-8939-42dd-bbbd-f72a8fc3ef97@group-E1E12DDE26F6-LeaderElection62: Election PASSED; received 2 response(s) [7d6f8f3d-8939-42dd-bbbd-f72a8fc3ef97<-070326aa-f1fa-4acf-9143-3b73f4503201#0:FAIL-t1, 7d6f8f3d-8939-42dd-bbbd-f72a8fc3ef97<-5edb5b81-e56f-48e0-a3d6-7479a545ce64#0:OK-t1] and 0 exception(s); 7d6f8f3d-8939-42dd-bbbd-f72a8fc3ef97@group-E1E12DDE26F6:t1, leader=null, voted=7d6f8f3d-8939-42dd-bbbd-f72a8fc3ef97, raftlog=7d6f8f3d-8939-42dd-bbbd-f72a8fc3ef97@group-E1E12DDE26F6-SegmentedRaftLog:OPENED:c-1,f-1,i0, conf=-1: [7d6f8f3d-8939-42dd-bbbd-f72a8fc3ef97:192.168.164.206:43483, 070326aa-f1fa-4acf-9143-3b73f4503201:192.168.164.206:40114, 5edb5b81-e56f-48e0-a3d6-7479a545ce64:192.168.164.206:39550], old=null
2019-10-02 21:06:26,384 [77825903-4878-47e9-9161-8fc3ca3e4e76@group-01310BD6A0BF-LeaderElection65] INFO  impl.RaftServerImpl (ServerState.java:setLeader(255)) - 77825903-4878-47e9-9161-8fc3ca3e4e76@group-01310BD6A0BF: change Leader from null to 77825903-4878-47e9-9161-8fc3ca3e4e76 at term 1 for becomeLeader, leader elected after 5110ms
2019-10-02 21:06:26,387 [7d6f8f3d-8939-42dd-bbbd-f72a8fc3ef97@group-E1E12DDE26F6-LeaderElection62] INFO  impl.RoleInfo (RoleInfo.java:shutdownLeaderElection(134)) - 7d6f8f3d-8939-42dd-bbbd-f72a8fc3ef97: shutdown LeaderElection
2019-10-02 21:06:26,389 [7d6f8f3d-8939-42dd-bbbd-f72a8fc3ef97@group-E1E12DDE26F6-LeaderElection62] INFO  impl.RaftServerImpl (RaftServerImpl.java:setRole(170)) - 7d6f8f3d-8939-42dd-bbbd-f72a8fc3ef97@group-E1E12DDE26F6: changes role from CANDIDATE to LEADER at term 1 for changeToLeader
2019-10-02 21:06:26,386 [070326aa-f1fa-4acf-9143-3b73f4503201@group-E1E12DDE26F6-LeaderElection63] INFO  impl.RoleInfo (RoleInfo.java:updateAndGet(143)) - 070326aa-f1fa-4acf-9143-3b73f4503201: start FollowerState
2019-10-02 21:06:26,384 [9f78b666-09ed-47d3-a843-81f82f1ca7ed@group-96FC915DAE0A-LeaderElection66] INFO  impl.RaftServerImpl (ServerState.java:setLeader(255)) - 9f78b666-09ed-47d3-a843-81f82f1ca7ed@group-96FC915DAE0A: change Leader from null to 9f78b666-09ed-47d3-a843-81f82f1ca7ed at term 1 for becomeLeader, leader elected after 5053ms
2019-10-02 21:06:26,390 [7d6f8f3d-8939-42dd-bbbd-f72a8fc3ef97@group-E1E12DDE26F6-LeaderElection62] INFO  impl.RaftServerImpl (ServerState.java:setLeader(255)) - 7d6f8f3d-8939-42dd-bbbd-f72a8fc3ef97@group-E1E12DDE26F6: change Leader from null to 7d6f8f3d-8939-42dd-bbbd-f72a8fc3ef97 at term 1 for becomeLeader, leader elected after 5240ms
2019-10-02 21:06:26,390 [7d6f8f3d-8939-42dd-bbbd-f72a8fc3ef97@group-E1E12DDE26F6-LeaderElection62] INFO  server.RaftServerConfigKeys (ConfUtils.java:logGet(43)) - raft.server.staging.catchup.gap = 1000 (default)
2019-10-02 21:06:26,389 [77825903-4878-47e9-9161-8fc3ca3e4e76@group-01310BD6A0BF-LeaderElection65] INFO  server.RaftServerConfigKeys (ConfUtils.java:logGet(43)) - raft.server.staging.catchup.gap = 1000 (default)
2019-10-02 21:06:26,390 [7d6f8f3d-8939-42dd-bbbd-f72a8fc3ef97@group-E1E12DDE26F6-LeaderElection62] INFO  server.RaftServerConfigKeys (ConfUtils.java:logGet(43)) - raft.server.rpc.sleep.time = 25ms (default)
2019-10-02 21:06:26,390 [9f78b666-09ed-47d3-a843-81f82f1ca7ed@group-96FC915DAE0A-LeaderElection66] INFO  server.RaftServerConfigKeys (ConfUtils.java:logGet(43)) - raft.server.staging.catchup.gap = 1000 (default)
2019-10-02 21:06:26,390 [7d6f8f3d-8939-42dd-bbbd-f72a8fc3ef97@group-E1E12DDE26F6-LeaderElection62] INFO  server.RaftServerConfigKeys (ConfUtils.java:logGet(43)) - raft.server.write.element-limit = 4096 (default)
2019-10-02 21:06:26,390 [7d6f8f3d-8939-42dd-bbbd-f72a8fc3ef97@group-E1E12DDE26F6-LeaderElection62] INFO  server.RaftServerConfigKeys (ConfUtils.java:logGet(43)) - raft.server.watch.timeout = 10s (default)
2019-10-02 21:06:26,390 [77825903-4878-47e9-9161-8fc3ca3e4e76@group-01310BD6A0BF-LeaderElection65] INFO  server.RaftServerConfigKeys (ConfUtils.java:logGet(43)) - raft.server.rpc.sleep.time = 25ms (default)
2019-10-02 21:06:26,391 [7d6f8f3d-8939-42dd-bbbd-f72a8fc3ef97@group-E1E12DDE26F6-LeaderElection62] INFO  server.RaftServerConfigKeys (ConfUtils.java:logGet(43)) - raft.server.watch.timeout.denomination = 1s (default)
2019-10-02 21:06:26,390 [9f78b666-09ed-47d3-a843-81f82f1ca7ed@group-96FC915DAE0A-LeaderElection66] INFO  server.RaftServerConfigKeys (ConfUtils.java:logGet(43)) - raft.server.rpc.sleep.time = 25ms (default)
2019-10-02 21:06:26,391 [7d6f8f3d-8939-42dd-bbbd-f72a8fc3ef97@group-E1E12DDE26F6-LeaderElection62] INFO  server.RaftServerConfigKeys (ConfUtils.java:logGet(43)) - raft.server.watch.element-limit = 65536 (default)
2019-10-02 21:06:26,391 [77825903-4878-47e9-9161-8fc3ca3e4e76@group-01310BD6A0BF-LeaderElection65] INFO  server.RaftServerConfigKeys (ConfUtils.java:logGet(43)) - raft.server.write.element-limit = 4096 (default)
2019-10-02 21:06:26,391 [9f78b666-09ed-47d3-a843-81f82f1ca7ed@group-96FC915DAE0A-LeaderElection66] INFO  server.RaftServerConfigKeys (ConfUtils.java:logGet(43)) - raft.server.write.element-limit = 4096 (default)
2019-10-02 21:06:26,391 [77825903-4878-47e9-9161-8fc3ca3e4e76@group-01310BD6A0BF-LeaderElection65] INFO  server.RaftServerConfigKeys (ConfUtils.java:logGet(43)) - raft.server.watch.timeout = 10s (default)
2019-10-02 21:06:26,391 [9f78b666-09ed-47d3-a843-81f82f1ca7ed@group-96FC915DAE0A-LeaderElection66] INFO  server.RaftServerConfigKeys (ConfUtils.java:logGet(43)) - raft.server.watch.timeout = 10s (default)
2019-10-02 21:06:26,392 [77825903-4878-47e9-9161-8fc3ca3e4e76@group-01310BD6A0BF-LeaderElection65] INFO  server.RaftServerConfigKeys (ConfUtils.java:logGet(43)) - raft.server.watch.timeout.denomination = 1s (default)
2019-10-02 21:06:26,392 [9f78b666-09ed-47d3-a843-81f82f1ca7ed@group-96FC915DAE0A-LeaderElection66] INFO  server.RaftServerConfigKeys (ConfUtils.java:logGet(43)) - raft.server.watch.timeout.denomination = 1s (default)
2019-10-02 21:06:26,392 [77825903-4878-47e9-9161-8fc3ca3e4e76@group-01310BD6A0BF-LeaderElection65] INFO  server.RaftServerConfigKeys (ConfUtils.java:logGet(43)) - raft.server.watch.element-limit = 65536 (default)
2019-10-02 21:06:26,392 [9f78b666-09ed-47d3-a843-81f82f1ca7ed@group-96FC915DAE0A-LeaderElection66] INFO  server.RaftServerConfigKeys (ConfUtils.java:logGet(43)) - raft.server.watch.element-limit = 65536 (default)
2019-10-02 21:06:26,394 [7d6f8f3d-8939-42dd-bbbd-f72a8fc3ef97@group-E1E12DDE26F6-LeaderElection62] INFO  server.RaftServerConfigKeys (ConfUtils.java:logGet(43)) - raft.server.log.appender.snapshot.chunk.size.max = 16MB (=16777216) (default)
2019-10-02 21:06:26,394 [7d6f8f3d-8939-42dd-bbbd-f72a8fc3ef97@group-E1E12DDE26F6-LeaderElection62] INFO  server.RaftServerConfigKeys (ConfUtils.java:logGet(43)) - raft.server.log.appender.buffer.byte-limit = 33554432 (custom)
2019-10-02 21:06:26,394 [7d6f8f3d-8939-42dd-bbbd-f72a8fc3ef97@group-E1E12DDE26F6-LeaderElection62] INFO  server.RaftServerConfigKeys (ConfUtils.java:logGet(43)) - raft.server.log.appender.buffer.element-limit = 1 (custom)
2019-10-02 21:06:26,395 [7d6f8f3d-8939-42dd-bbbd-f72a8fc3ef97@group-E1E12DDE26F6-LeaderElection62] INFO  grpc.GrpcConfigKeys$Server (ConfUtils.java:logGet(43)) - raft.grpc.server.leader.outstanding.appends.max = 128 (default)
2019-10-02 21:06:26,395 [7d6f8f3d-8939-42dd-bbbd-f72a8fc3ef97@group-E1E12DDE26F6-LeaderElection62] INFO  server.RaftServerConfigKeys (ConfUtils.java:logGet(43)) - raft.server.rpc.request.timeout = 3000ms (default)
2019-10-02 21:06:26,395 [7d6f8f3d-8939-42dd-bbbd-f72a8fc3ef97@group-E1E12DDE26F6-LeaderElection62] INFO  server.RaftServerConfigKeys (ConfUtils.java:logGet(43)) - raft.server.log.appender.install.snapshot.enabled = false (custom)
2019-10-02 21:06:26,395 [7d6f8f3d-8939-42dd-bbbd-f72a8fc3ef97@group-E1E12DDE26F6-LeaderElection62] INFO  server.RaftServerConfigKeys (ConfUtils.java:logGet(43)) - raft.server.log.appender.snapshot.chunk.size.max = 16MB (=16777216) (default)
2019-10-02 21:06:26,395 [77825903-4878-47e9-9161-8fc3ca3e4e76@group-01310BD6A0BF-LeaderElection65] INFO  impl.RoleInfo (RoleInfo.java:updateAndGet(143)) - 77825903-4878-47e9-9161-8fc3ca3e4e76: start LeaderState
2019-10-02 21:06:26,396 [9f78b666-09ed-47d3-a843-81f82f1ca7ed@group-96FC915DAE0A-LeaderElection66] INFO  impl.RoleInfo (RoleInfo.java:updateAndGet(143)) - 9f78b666-09ed-47d3-a843-81f82f1ca7ed: start LeaderState
2019-10-02 21:06:26,396 [7d6f8f3d-8939-42dd-bbbd-f72a8fc3ef97@group-E1E12DDE26F6-LeaderElection62] INFO  server.RaftServerConfigKeys (ConfUtils.java:logGet(43)) - raft.server.log.appender.buffer.byte-limit = 33554432 (custom)
2019-10-02 21:06:26,396 [77825903-4878-47e9-9161-8fc3ca3e4e76@group-01310BD6A0BF-LeaderElection65] INFO  segmented.SegmentedRaftLogWorker (SegmentedRaftLogWorker.java:startLogSegment(385)) - 77825903-4878-47e9-9161-8fc3ca3e4e76@group-01310BD6A0BF-SegmentedRaftLogWorker: Starting segment from index:0
2019-10-02 21:06:26,396 [9f78b666-09ed-47d3-a843-81f82f1ca7ed@group-96FC915DAE0A-LeaderElection66] INFO  segmented.SegmentedRaftLogWorker (SegmentedRaftLogWorker.java:startLogSegment(385)) - 9f78b666-09ed-47d3-a843-81f82f1ca7ed@group-96FC915DAE0A-SegmentedRaftLogWorker: Starting segment from index:0
2019-10-02 21:06:26,396 [7d6f8f3d-8939-42dd-bbbd-f72a8fc3ef97@group-E1E12DDE26F6-LeaderElection62] INFO  server.RaftServerConfigKeys (ConfUtils.java:logGet(43)) - raft.server.log.appender.buffer.element-limit = 1 (custom)
2019-10-02 21:06:26,396 [77825903-4878-47e9-9161-8fc3ca3e4e76@group-01310BD6A0BF-LeaderElection65] INFO  impl.RaftServerImpl (ServerState.java:setRaftConf(356)) - 77825903-4878-47e9-9161-8fc3ca3e4e76@group-01310BD6A0BF: set configuration 0: [77825903-4878-47e9-9161-8fc3ca3e4e76:192.168.164.206:45780], old=null at 0
2019-10-02 21:06:26,397 [9f78b666-09ed-47d3-a843-81f82f1ca7ed@group-96FC915DAE0A-LeaderElection66] INFO  impl.RaftServerImpl (ServerState.java:setRaftConf(356)) - 9f78b666-09ed-47d3-a843-81f82f1ca7ed@group-96FC915DAE0A: set configuration 0: [9f78b666-09ed-47d3-a843-81f82f1ca7ed:192.168.164.206:35633], old=null at 0
2019-10-02 21:06:26,396 [7d6f8f3d-8939-42dd-bbbd-f72a8fc3ef97@group-E1E12DDE26F6-LeaderElection62] INFO  grpc.GrpcConfigKeys$Server (ConfUtils.java:logGet(43)) - raft.grpc.server.leader.outstanding.appends.max = 128 (default)
2019-10-02 21:06:26,431 [7d6f8f3d-8939-42dd-bbbd-f72a8fc3ef97@group-E1E12DDE26F6-LeaderElection62] INFO  server.RaftServerConfigKeys (ConfUtils.java:logGet(43)) - raft.server.rpc.request.timeout = 3000ms (default)
2019-10-02 21:06:26,431 [7d6f8f3d-8939-42dd-bbbd-f72a8fc3ef97@group-E1E12DDE26F6-LeaderElection62] INFO  server.RaftServerConfigKeys (ConfUtils.java:logGet(43)) - raft.server.log.appender.install.snapshot.enabled = false (custom)
2019-10-02 21:06:26,432 [7d6f8f3d-8939-42dd-bbbd-f72a8fc3ef97@group-E1E12DDE26F6-LeaderElection62] INFO  impl.RoleInfo (RoleInfo.java:updateAndGet(143)) - 7d6f8f3d-8939-42dd-bbbd-f72a8fc3ef97: start LeaderState
2019-10-02 21:06:26,432 [7d6f8f3d-8939-42dd-bbbd-f72a8fc3ef97@group-E1E12DDE26F6-LeaderElection62] INFO  segmented.SegmentedRaftLogWorker (SegmentedRaftLogWorker.java:startLogSegment(385)) - 7d6f8f3d-8939-42dd-bbbd-f72a8fc3ef97@group-E1E12DDE26F6-SegmentedRaftLogWorker: Starting segment from index:0
2019-10-02 21:06:26,432 [7d6f8f3d-8939-42dd-bbbd-f72a8fc3ef97@group-E1E12DDE26F6-LeaderElection62] INFO  impl.RaftServerImpl (ServerState.java:setRaftConf(356)) - 7d6f8f3d-8939-42dd-bbbd-f72a8fc3ef97@group-E1E12DDE26F6: set configuration 0: [7d6f8f3d-8939-42dd-bbbd-f72a8fc3ef97:192.168.164.206:43483, 070326aa-f1fa-4acf-9143-3b73f4503201:192.168.164.206:40114, 5edb5b81-e56f-48e0-a3d6-7479a545ce64:192.168.164.206:39550], old=null at 0
2019-10-02 21:06:26,434 [grpc-default-executor-6] INFO  impl.RaftServerImpl (ServerState.java:setLeader(255)) - 5edb5b81-e56f-48e0-a3d6-7479a545ce64@group-E1E12DDE26F6: change Leader from null to 7d6f8f3d-8939-42dd-bbbd-f72a8fc3ef97 at term 1 for appendEntries, leader elected after 5284ms
2019-10-02 21:06:26,434 [grpc-default-executor-7] INFO  impl.RaftServerImpl (ServerState.java:setLeader(255)) - 070326aa-f1fa-4acf-9143-3b73f4503201@group-E1E12DDE26F6: change Leader from null to 7d6f8f3d-8939-42dd-bbbd-f72a8fc3ef97 at term 1 for appendEntries, leader elected after 5284ms
2019-10-02 21:06:26,436 [grpc-default-executor-6] INFO  impl.RaftServerImpl (ServerState.java:setRaftConf(356)) - 5edb5b81-e56f-48e0-a3d6-7479a545ce64@group-E1E12DDE26F6: set configuration 0: [7d6f8f3d-8939-42dd-bbbd-f72a8fc3ef97:192.168.164.206:43483, 070326aa-f1fa-4acf-9143-3b73f4503201:192.168.164.206:40114, 5edb5b81-e56f-48e0-a3d6-7479a545ce64:192.168.164.206:39550], old=null at 0
2019-10-02 21:06:26,436 [grpc-default-executor-7] INFO  impl.RaftServerImpl (ServerState.java:setRaftConf(356)) - 070326aa-f1fa-4acf-9143-3b73f4503201@group-E1E12DDE26F6: set configuration 0: [7d6f8f3d-8939-42dd-bbbd-f72a8fc3ef97:192.168.164.206:43483, 070326aa-f1fa-4acf-9143-3b73f4503201:192.168.164.206:40114, 5edb5b81-e56f-48e0-a3d6-7479a545ce64:192.168.164.206:39550], old=null at 0
2019-10-02 21:06:26,436 [grpc-default-executor-6] INFO  segmented.SegmentedRaftLogWorker (SegmentedRaftLogWorker.java:startLogSegment(385)) - 5edb5b81-e56f-48e0-a3d6-7479a545ce64@group-E1E12DDE26F6-SegmentedRaftLogWorker: Starting segment from index:0
2019-10-02 21:06:26,437 [grpc-default-executor-7] INFO  segmented.SegmentedRaftLogWorker (SegmentedRaftLogWorker.java:startLogSegment(385)) - 070326aa-f1fa-4acf-9143-3b73f4503201@group-E1E12DDE26F6-SegmentedRaftLogWorker: Starting segment from index:0
2019-10-02 21:06:26,441 [77825903-4878-47e9-9161-8fc3ca3e4e76@group-01310BD6A0BF-SegmentedRaftLogWorker] INFO  segmented.SegmentedRaftLogWorker (SegmentedRaftLogWorker.java:execute(574)) - 77825903-4878-47e9-9161-8fc3ca3e4e76@group-01310BD6A0BF-SegmentedRaftLogWorker: created new log segment /workdir/hadoop-ozone/integration-test/target/test-dir/MiniOzoneClusterImpl-3a252fbc-4287-47a2-893f-83f3490ca533/datanode-4/data/ratis/511bb0c4-959f-430c-924b-01310bd6a0bf/current/log_inprogress_0
2019-10-02 21:06:26,441 [9f78b666-09ed-47d3-a843-81f82f1ca7ed@group-96FC915DAE0A-SegmentedRaftLogWorker] INFO  segmented.SegmentedRaftLogWorker (SegmentedRaftLogWorker.java:execute(574)) - 9f78b666-09ed-47d3-a843-81f82f1ca7ed@group-96FC915DAE0A-SegmentedRaftLogWorker: created new log segment /workdir/hadoop-ozone/integration-test/target/test-dir/MiniOzoneClusterImpl-3a252fbc-4287-47a2-893f-83f3490ca533/datanode-5/data/ratis/d4f155ce-db9c-4123-9ae9-96fc915dae0a/current/log_inprogress_0
2019-10-02 21:06:26,470 [7d6f8f3d-8939-42dd-bbbd-f72a8fc3ef97@group-E1E12DDE26F6-SegmentedRaftLogWorker] INFO  segmented.SegmentedRaftLogWorker (SegmentedRaftLogWorker.java:execute(574)) - 7d6f8f3d-8939-42dd-bbbd-f72a8fc3ef97@group-E1E12DDE26F6-SegmentedRaftLogWorker: created new log segment /workdir/hadoop-ozone/integration-test/target/test-dir/MiniOzoneClusterImpl-3a252fbc-4287-47a2-893f-83f3490ca533/datanode-1/data/ratis/49d1f7d9-7e07-4f9d-9976-e1e12dde26f6/current/log_inprogress_0
2019-10-02 21:06:26,471 [070326aa-f1fa-4acf-9143-3b73f4503201@group-E1E12DDE26F6-SegmentedRaftLogWorker] INFO  segmented.SegmentedRaftLogWorker (SegmentedRaftLogWorker.java:execute(574)) - 070326aa-f1fa-4acf-9143-3b73f4503201@group-E1E12DDE26F6-SegmentedRaftLogWorker: created new log segment /workdir/hadoop-ozone/integration-test/target/test-dir/MiniOzoneClusterImpl-3a252fbc-4287-47a2-893f-83f3490ca533/datanode-0/data/ratis/49d1f7d9-7e07-4f9d-9976-e1e12dde26f6/current/log_inprogress_0
2019-10-02 21:06:26,470 [5edb5b81-e56f-48e0-a3d6-7479a545ce64@group-E1E12DDE26F6-SegmentedRaftLogWorker] INFO  segmented.SegmentedRaftLogWorker (SegmentedRaftLogWorker.java:execute(574)) - 5edb5b81-e56f-48e0-a3d6-7479a545ce64@group-E1E12DDE26F6-SegmentedRaftLogWorker: created new log segment /workdir/hadoop-ozone/integration-test/target/test-dir/MiniOzoneClusterImpl-3a252fbc-4287-47a2-893f-83f3490ca533/datanode-2/data/ratis/49d1f7d9-7e07-4f9d-9976-e1e12dde26f6/current/log_inprogress_0
2019-10-02 21:06:26,494 [Thread-3080] INFO  impl.FollowerState (FollowerState.java:run(108)) - 9f78b666-09ed-47d3-a843-81f82f1ca7ed@group-CA1D320B4A05-FollowerState: change to CANDIDATE, lastRpcTime:5030ms, electionTimeout:5030ms
2019-10-02 21:06:26,494 [Thread-3080] INFO  impl.RoleInfo (RoleInfo.java:shutdownFollowerState(121)) - 9f78b666-09ed-47d3-a843-81f82f1ca7ed: shutdown FollowerState
2019-10-02 21:06:26,494 [Thread-3080] INFO  impl.RaftServerImpl (RaftServerImpl.java:setRole(170)) - 9f78b666-09ed-47d3-a843-81f82f1ca7ed@group-CA1D320B4A05: changes role from  FOLLOWER to CANDIDATE at term 0 for changeToCandidate
2019-10-02 21:06:26,494 [Thread-3080] INFO  impl.RoleInfo (RoleInfo.java:updateAndGet(143)) - 9f78b666-09ed-47d3-a843-81f82f1ca7ed: start LeaderElection
2019-10-02 21:06:26,517 [9f78b666-09ed-47d3-a843-81f82f1ca7ed@group-CA1D320B4A05-LeaderElection67] INFO  impl.LeaderElection (LeaderElection.java:askForVotes(178)) - 9f78b666-09ed-47d3-a843-81f82f1ca7ed@group-CA1D320B4A05-LeaderElection67: begin an election at term 1 for -1: [9f78b666-09ed-47d3-a843-81f82f1ca7ed:192.168.164.206:35633, 18b3ba82-8644-4b44-b91b-2038c85b7def:192.168.164.206:33333, 77825903-4878-47e9-9161-8fc3ca3e4e76:192.168.164.206:45780], old=null
2019-10-02 21:06:26,521 [grpc-default-executor-7] INFO  impl.RaftServerImpl (RaftServerImpl.java:setRole(170)) - 77825903-4878-47e9-9161-8fc3ca3e4e76@group-CA1D320B4A05: changes role from  FOLLOWER to FOLLOWER at term 1 for recognizeCandidate:9f78b666-09ed-47d3-a843-81f82f1ca7ed
2019-10-02 21:06:26,521 [grpc-default-executor-6] INFO  impl.RaftServerImpl (RaftServerImpl.java:setRole(170)) - 18b3ba82-8644-4b44-b91b-2038c85b7def@group-CA1D320B4A05: changes role from  FOLLOWER to FOLLOWER at term 1 for recognizeCandidate:9f78b666-09ed-47d3-a843-81f82f1ca7ed
2019-10-02 21:06:26,522 [grpc-default-executor-7] INFO  impl.RoleInfo (RoleInfo.java:shutdownFollowerState(121)) - 77825903-4878-47e9-9161-8fc3ca3e4e76: shutdown FollowerState
2019-10-02 21:06:26,522 [grpc-default-executor-6] INFO  impl.RoleInfo (RoleInfo.java:shutdownFollowerState(121)) - 18b3ba82-8644-4b44-b91b-2038c85b7def: shutdown FollowerState
2019-10-02 21:06:26,522 [grpc-default-executor-7] INFO  impl.RoleInfo (RoleInfo.java:updateAndGet(143)) - 77825903-4878-47e9-9161-8fc3ca3e4e76: start FollowerState
2019-10-02 21:06:26,522 [grpc-default-executor-6] INFO  impl.RoleInfo (RoleInfo.java:updateAndGet(143)) - 18b3ba82-8644-4b44-b91b-2038c85b7def: start FollowerState
2019-10-02 21:06:26,522 [Thread-3079] INFO  impl.FollowerState (FollowerState.java:run(117)) - 77825903-4878-47e9-9161-8fc3ca3e4e76@group-CA1D320B4A05-FollowerState was interrupted: java.lang.InterruptedException: sleep interrupted
2019-10-02 21:06:26,522 [Thread-3075] INFO  impl.FollowerState (FollowerState.java:run(117)) - 18b3ba82-8644-4b44-b91b-2038c85b7def@group-CA1D320B4A05-FollowerState was interrupted: java.lang.InterruptedException: sleep interrupted
2019-10-02 21:06:26,543 [9f78b666-09ed-47d3-a843-81f82f1ca7ed@group-CA1D320B4A05-LeaderElection67] INFO  impl.LeaderElection (LeaderElection.java:logAndReturn(56)) - 9f78b666-09ed-47d3-a843-81f82f1ca7ed@group-CA1D320B4A05-LeaderElection67: Election PASSED; received 1 response(s) [9f78b666-09ed-47d3-a843-81f82f1ca7ed<-18b3ba82-8644-4b44-b91b-2038c85b7def#0:OK-t1] and 0 exception(s); 9f78b666-09ed-47d3-a843-81f82f1ca7ed@group-CA1D320B4A05:t1, leader=null, voted=9f78b666-09ed-47d3-a843-81f82f1ca7ed, raftlog=9f78b666-09ed-47d3-a843-81f82f1ca7ed@group-CA1D320B4A05-SegmentedRaftLog:OPENED:c-1,f-1,i0, conf=-1: [9f78b666-09ed-47d3-a843-81f82f1ca7ed:192.168.164.206:35633, 18b3ba82-8644-4b44-b91b-2038c85b7def:192.168.164.206:33333, 77825903-4878-47e9-9161-8fc3ca3e4e76:192.168.164.206:45780], old=null
2019-10-02 21:06:26,544 [9f78b666-09ed-47d3-a843-81f82f1ca7ed@group-CA1D320B4A05-LeaderElection67] INFO  impl.RoleInfo (RoleInfo.java:shutdownLeaderElection(134)) - 9f78b666-09ed-47d3-a843-81f82f1ca7ed: shutdown LeaderElection
2019-10-02 21:06:26,544 [9f78b666-09ed-47d3-a843-81f82f1ca7ed@group-CA1D320B4A05-LeaderElection67] INFO  impl.RaftServerImpl (RaftServerImpl.java:setRole(170)) - 9f78b666-09ed-47d3-a843-81f82f1ca7ed@group-CA1D320B4A05: changes role from CANDIDATE to LEADER at term 1 for changeToLeader
2019-10-02 21:06:26,544 [9f78b666-09ed-47d3-a843-81f82f1ca7ed@group-CA1D320B4A05-LeaderElection67] INFO  impl.RaftServerImpl (ServerState.java:setLeader(255)) - 9f78b666-09ed-47d3-a843-81f82f1ca7ed@group-CA1D320B4A05: change Leader from null to 9f78b666-09ed-47d3-a843-81f82f1ca7ed at term 1 for becomeLeader, leader elected after 5094ms
2019-10-02 21:06:26,544 [9f78b666-09ed-47d3-a843-81f82f1ca7ed@group-CA1D320B4A05-LeaderElection67] INFO  server.RaftServerConfigKeys (ConfUtils.java:logGet(43)) - raft.server.staging.catchup.gap = 1000 (default)
2019-10-02 21:06:26,544 [9f78b666-09ed-47d3-a843-81f82f1ca7ed@group-CA1D320B4A05-LeaderElection67] INFO  server.RaftServerConfigKeys (ConfUtils.java:logGet(43)) - raft.server.rpc.sleep.time = 25ms (default)
2019-10-02 21:06:26,545 [9f78b666-09ed-47d3-a843-81f82f1ca7ed@group-CA1D320B4A05-LeaderElection67] INFO  server.RaftServerConfigKeys (ConfUtils.java:logGet(43)) - raft.server.write.element-limit = 4096 (default)
2019-10-02 21:06:26,545 [9f78b666-09ed-47d3-a843-81f82f1ca7ed@group-CA1D320B4A05-LeaderElection67] INFO  server.RaftServerConfigKeys (ConfUtils.java:logGet(43)) - raft.server.watch.timeout = 10s (default)
2019-10-02 21:06:26,545 [9f78b666-09ed-47d3-a843-81f82f1ca7ed@group-CA1D320B4A05-LeaderElection67] INFO  server.RaftServerConfigKeys (ConfUtils.java:logGet(43)) - raft.server.watch.timeout.denomination = 1s (default)
2019-10-02 21:06:26,545 [9f78b666-09ed-47d3-a843-81f82f1ca7ed@group-CA1D320B4A05-LeaderElection67] INFO  server.RaftServerConfigKeys (ConfUtils.java:logGet(43)) - raft.server.watch.element-limit = 65536 (default)
2019-10-02 21:06:26,547 [9f78b666-09ed-47d3-a843-81f82f1ca7ed@group-CA1D320B4A05-LeaderElection67] INFO  server.RaftServerConfigKeys (ConfUtils.java:logGet(43)) - raft.server.log.appender.snapshot.chunk.size.max = 16MB (=16777216) (default)
2019-10-02 21:06:26,547 [9f78b666-09ed-47d3-a843-81f82f1ca7ed@group-CA1D320B4A05-LeaderElection67] INFO  server.RaftServerConfigKeys (ConfUtils.java:logGet(43)) - raft.server.log.appender.buffer.byte-limit = 33554432 (custom)
2019-10-02 21:06:26,547 [9f78b666-09ed-47d3-a843-81f82f1ca7ed@group-CA1D320B4A05-LeaderElection67] INFO  server.RaftServerConfigKeys (ConfUtils.java:logGet(43)) - raft.server.log.appender.buffer.element-limit = 1 (custom)
2019-10-02 21:06:26,547 [9f78b666-09ed-47d3-a843-81f82f1ca7ed@group-CA1D320B4A05-LeaderElection67] INFO  grpc.GrpcConfigKeys$Server (ConfUtils.java:logGet(43)) - raft.grpc.server.leader.outstanding.appends.max = 128 (default)
2019-10-02 21:06:26,547 [9f78b666-09ed-47d3-a843-81f82f1ca7ed@group-CA1D320B4A05-LeaderElection67] INFO  server.RaftServerConfigKeys (ConfUtils.java:logGet(43)) - raft.server.rpc.request.timeout = 3000ms (default)
2019-10-02 21:06:26,548 [9f78b666-09ed-47d3-a843-81f82f1ca7ed@group-CA1D320B4A05-LeaderElection67] INFO  server.RaftServerConfigKeys (ConfUtils.java:logGet(43)) - raft.server.log.appender.install.snapshot.enabled = false (custom)
2019-10-02 21:06:26,548 [9f78b666-09ed-47d3-a843-81f82f1ca7ed@group-CA1D320B4A05-LeaderElection67] INFO  server.RaftServerConfigKeys (ConfUtils.java:logGet(43)) - raft.server.log.appender.snapshot.chunk.size.max = 16MB (=16777216) (default)
2019-10-02 21:06:26,548 [9f78b666-09ed-47d3-a843-81f82f1ca7ed@group-CA1D320B4A05-LeaderElection67] INFO  server.RaftServerConfigKeys (ConfUtils.java:logGet(43)) - raft.server.log.appender.buffer.byte-limit = 33554432 (custom)
2019-10-02 21:06:26,548 [9f78b666-09ed-47d3-a843-81f82f1ca7ed@group-CA1D320B4A05-LeaderElection67] INFO  server.RaftServerConfigKeys (ConfUtils.java:logGet(43)) - raft.server.log.appender.buffer.element-limit = 1 (custom)
2019-10-02 21:06:26,548 [9f78b666-09ed-47d3-a843-81f82f1ca7ed@group-CA1D320B4A05-LeaderElection67] INFO  grpc.GrpcConfigKeys$Server (ConfUtils.java:logGet(43)) - raft.grpc.server.leader.outstanding.appends.max = 128 (default)
2019-10-02 21:06:26,548 [9f78b666-09ed-47d3-a843-81f82f1ca7ed@group-CA1D320B4A05-LeaderElection67] INFO  server.RaftServerConfigKeys (ConfUtils.java:logGet(43)) - raft.server.rpc.request.timeout = 3000ms (default)
2019-10-02 21:06:26,549 [9f78b666-09ed-47d3-a843-81f82f1ca7ed@group-CA1D320B4A05-LeaderElection67] INFO  server.RaftServerConfigKeys (ConfUtils.java:logGet(43)) - raft.server.log.appender.install.snapshot.enabled = false (custom)
2019-10-02 21:06:26,549 [9f78b666-09ed-47d3-a843-81f82f1ca7ed@group-CA1D320B4A05-LeaderElection67] INFO  impl.RoleInfo (RoleInfo.java:updateAndGet(143)) - 9f78b666-09ed-47d3-a843-81f82f1ca7ed: start LeaderState
2019-10-02 21:06:26,549 [9f78b666-09ed-47d3-a843-81f82f1ca7ed@group-CA1D320B4A05-LeaderElection67] INFO  segmented.SegmentedRaftLogWorker (SegmentedRaftLogWorker.java:startLogSegment(385)) - 9f78b666-09ed-47d3-a843-81f82f1ca7ed@group-CA1D320B4A05-SegmentedRaftLogWorker: Starting segment from index:0
2019-10-02 21:06:26,550 [9f78b666-09ed-47d3-a843-81f82f1ca7ed@group-CA1D320B4A05-LeaderElection67] INFO  impl.RaftServerImpl (ServerState.java:setRaftConf(356)) - 9f78b666-09ed-47d3-a843-81f82f1ca7ed@group-CA1D320B4A05: set configuration 0: [9f78b666-09ed-47d3-a843-81f82f1ca7ed:192.168.164.206:35633, 18b3ba82-8644-4b44-b91b-2038c85b7def:192.168.164.206:33333, 77825903-4878-47e9-9161-8fc3ca3e4e76:192.168.164.206:45780], old=null at 0
2019-10-02 21:06:26,582 [Thread-3072] INFO  impl.FollowerState (FollowerState.java:run(108)) - 7efb7e80-247f-43d1-8c8b-821d8662123a@group-9BEBD917BE11-FollowerState: change to CANDIDATE, lastRpcTime:5188ms, electionTimeout:5172ms
2019-10-02 21:06:26,584 [Thread-3072] INFO  impl.RoleInfo (RoleInfo.java:shutdownFollowerState(121)) - 7efb7e80-247f-43d1-8c8b-821d8662123a: shutdown FollowerState
2019-10-02 21:06:26,584 [Thread-3072] INFO  impl.RaftServerImpl (RaftServerImpl.java:setRole(170)) - 7efb7e80-247f-43d1-8c8b-821d8662123a@group-9BEBD917BE11: changes role from  FOLLOWER to CANDIDATE at term 0 for changeToCandidate
2019-10-02 21:06:26,584 [Thread-3072] INFO  impl.RoleInfo (RoleInfo.java:updateAndGet(143)) - 7efb7e80-247f-43d1-8c8b-821d8662123a: start LeaderElection
2019-10-02 21:06:26,592 [grpc-default-executor-7] INFO  impl.RaftServerImpl (ServerState.java:setLeader(255)) - 18b3ba82-8644-4b44-b91b-2038c85b7def@group-CA1D320B4A05: change Leader from null to 9f78b666-09ed-47d3-a843-81f82f1ca7ed at term 1 for appendEntries, leader elected after 5141ms
2019-10-02 21:06:26,592 [grpc-default-executor-6] INFO  impl.RaftServerImpl (ServerState.java:setLeader(255)) - 77825903-4878-47e9-9161-8fc3ca3e4e76@group-CA1D320B4A05: change Leader from null to 9f78b666-09ed-47d3-a843-81f82f1ca7ed at term 1 for appendEntries, leader elected after 5141ms
2019-10-02 21:06:26,594 [grpc-default-executor-6] INFO  impl.RaftServerImpl (ServerState.java:setRaftConf(356)) - 77825903-4878-47e9-9161-8fc3ca3e4e76@group-CA1D320B4A05: set configuration 0: [9f78b666-09ed-47d3-a843-81f82f1ca7ed:192.168.164.206:35633, 18b3ba82-8644-4b44-b91b-2038c85b7def:192.168.164.206:33333, 77825903-4878-47e9-9161-8fc3ca3e4e76:192.168.164.206:45780], old=null at 0
2019-10-02 21:06:26,595 [grpc-default-executor-6] INFO  segmented.SegmentedRaftLogWorker (SegmentedRaftLogWorker.java:startLogSegment(385)) - 77825903-4878-47e9-9161-8fc3ca3e4e76@group-CA1D320B4A05-SegmentedRaftLogWorker: Starting segment from index:0
2019-10-02 21:06:26,595 [grpc-default-executor-7] INFO  impl.RaftServerImpl (ServerState.java:setRaftConf(356)) - 18b3ba82-8644-4b44-b91b-2038c85b7def@group-CA1D320B4A05: set configuration 0: [9f78b666-09ed-47d3-a843-81f82f1ca7ed:192.168.164.206:35633, 18b3ba82-8644-4b44-b91b-2038c85b7def:192.168.164.206:33333, 77825903-4878-47e9-9161-8fc3ca3e4e76:192.168.164.206:45780], old=null at 0
2019-10-02 21:06:26,595 [grpc-default-executor-7] INFO  segmented.SegmentedRaftLogWorker (SegmentedRaftLogWorker.java:startLogSegment(385)) - 18b3ba82-8644-4b44-b91b-2038c85b7def@group-CA1D320B4A05-SegmentedRaftLogWorker: Starting segment from index:0
2019-10-02 21:06:26,595 [7efb7e80-247f-43d1-8c8b-821d8662123a@group-9BEBD917BE11-LeaderElection68] INFO  impl.LeaderElection (LeaderElection.java:askForVotes(178)) - 7efb7e80-247f-43d1-8c8b-821d8662123a@group-9BEBD917BE11-LeaderElection68: begin an election at term 1 for -1: [7efb7e80-247f-43d1-8c8b-821d8662123a:192.168.164.206:37366], old=null
2019-10-02 21:06:26,595 [9f78b666-09ed-47d3-a843-81f82f1ca7ed@group-CA1D320B4A05-SegmentedRaftLogWorker] INFO  segmented.SegmentedRaftLogWorker (SegmentedRaftLogWorker.java:execute(574)) - 9f78b666-09ed-47d3-a843-81f82f1ca7ed@group-CA1D320B4A05-SegmentedRaftLogWorker: created new log segment /workdir/hadoop-ozone/integration-test/target/test-dir/MiniOzoneClusterImpl-3a252fbc-4287-47a2-893f-83f3490ca533/datanode-5/data/ratis/8c746c43-5942-43f1-a905-ca1d320b4a05/current/log_inprogress_0
2019-10-02 21:06:26,595 [7efb7e80-247f-43d1-8c8b-821d8662123a@group-9BEBD917BE11-LeaderElection68] INFO  impl.RoleInfo (RoleInfo.java:shutdownLeaderElection(134)) - 7efb7e80-247f-43d1-8c8b-821d8662123a: shutdown LeaderElection
2019-10-02 21:06:26,596 [7efb7e80-247f-43d1-8c8b-821d8662123a@group-9BEBD917BE11-LeaderElection68] INFO  impl.RaftServerImpl (RaftServerImpl.java:setRole(170)) - 7efb7e80-247f-43d1-8c8b-821d8662123a@group-9BEBD917BE11: changes role from CANDIDATE to LEADER at term 1 for changeToLeader
2019-10-02 21:06:26,596 [7efb7e80-247f-43d1-8c8b-821d8662123a@group-9BEBD917BE11-LeaderElection68] INFO  impl.RaftServerImpl (ServerState.java:setLeader(255)) - 7efb7e80-247f-43d1-8c8b-821d8662123a@group-9BEBD917BE11: change Leader from null to 7efb7e80-247f-43d1-8c8b-821d8662123a at term 1 for becomeLeader, leader elected after 5207ms
2019-10-02 21:06:26,596 [7efb7e80-247f-43d1-8c8b-821d8662123a@group-9BEBD917BE11-LeaderElection68] INFO  server.RaftServerConfigKeys (ConfUtils.java:logGet(43)) - raft.server.staging.catchup.gap = 1000 (default)
2019-10-02 21:06:26,596 [7efb7e80-247f-43d1-8c8b-821d8662123a@group-9BEBD917BE11-LeaderElection68] INFO  server.RaftServerConfigKeys (ConfUtils.java:logGet(43)) - raft.server.rpc.sleep.time = 25ms (default)
2019-10-02 21:06:26,596 [7efb7e80-247f-43d1-8c8b-821d8662123a@group-9BEBD917BE11-LeaderElection68] INFO  server.RaftServerConfigKeys (ConfUtils.java:logGet(43)) - raft.server.write.element-limit = 4096 (default)
2019-10-02 21:06:26,596 [7efb7e80-247f-43d1-8c8b-821d8662123a@group-9BEBD917BE11-LeaderElection68] INFO  server.RaftServerConfigKeys (ConfUtils.java:logGet(43)) - raft.server.watch.timeout = 10s (default)
2019-10-02 21:06:26,596 [7efb7e80-247f-43d1-8c8b-821d8662123a@group-9BEBD917BE11-LeaderElection68] INFO  server.RaftServerConfigKeys (ConfUtils.java:logGet(43)) - raft.server.watch.timeout.denomination = 1s (default)
2019-10-02 21:06:26,597 [7efb7e80-247f-43d1-8c8b-821d8662123a@group-9BEBD917BE11-LeaderElection68] INFO  server.RaftServerConfigKeys (ConfUtils.java:logGet(43)) - raft.server.watch.element-limit = 65536 (default)
2019-10-02 21:06:26,598 [7efb7e80-247f-43d1-8c8b-821d8662123a@group-9BEBD917BE11-LeaderElection68] INFO  impl.RoleInfo (RoleInfo.java:updateAndGet(143)) - 7efb7e80-247f-43d1-8c8b-821d8662123a: start LeaderState
2019-10-02 21:06:26,599 [7efb7e80-247f-43d1-8c8b-821d8662123a@group-9BEBD917BE11-LeaderElection68] INFO  segmented.SegmentedRaftLogWorker (SegmentedRaftLogWorker.java:startLogSegment(385)) - 7efb7e80-247f-43d1-8c8b-821d8662123a@group-9BEBD917BE11-SegmentedRaftLogWorker: Starting segment from index:0
2019-10-02 21:06:26,599 [7efb7e80-247f-43d1-8c8b-821d8662123a@group-9BEBD917BE11-LeaderElection68] INFO  impl.RaftServerImpl (ServerState.java:setRaftConf(356)) - 7efb7e80-247f-43d1-8c8b-821d8662123a@group-9BEBD917BE11: set configuration 0: [7efb7e80-247f-43d1-8c8b-821d8662123a:192.168.164.206:37366], old=null at 0
2019-10-02 21:06:26,665 [18b3ba82-8644-4b44-b91b-2038c85b7def@group-CA1D320B4A05-SegmentedRaftLogWorker] INFO  segmented.SegmentedRaftLogWorker (SegmentedRaftLogWorker.java:execute(574)) - 18b3ba82-8644-4b44-b91b-2038c85b7def@group-CA1D320B4A05-SegmentedRaftLogWorker: created new log segment /workdir/hadoop-ozone/integration-test/target/test-dir/MiniOzoneClusterImpl-3a252fbc-4287-47a2-893f-83f3490ca533/datanode-3/data/ratis/8c746c43-5942-43f1-a905-ca1d320b4a05/current/log_inprogress_0
2019-10-02 21:06:26,665 [77825903-4878-47e9-9161-8fc3ca3e4e76@group-CA1D320B4A05-SegmentedRaftLogWorker] INFO  segmented.SegmentedRaftLogWorker (SegmentedRaftLogWorker.java:execute(574)) - 77825903-4878-47e9-9161-8fc3ca3e4e76@group-CA1D320B4A05-SegmentedRaftLogWorker: created new log segment /workdir/hadoop-ozone/integration-test/target/test-dir/MiniOzoneClusterImpl-3a252fbc-4287-47a2-893f-83f3490ca533/datanode-4/data/ratis/8c746c43-5942-43f1-a905-ca1d320b4a05/current/log_inprogress_0
2019-10-02 21:06:26,677 [7efb7e80-247f-43d1-8c8b-821d8662123a@group-9BEBD917BE11-SegmentedRaftLogWorker] INFO  segmented.SegmentedRaftLogWorker (SegmentedRaftLogWorker.java:execute(574)) - 7efb7e80-247f-43d1-8c8b-821d8662123a@group-9BEBD917BE11-SegmentedRaftLogWorker: created new log segment /workdir/hadoop-ozone/integration-test/target/test-dir/MiniOzoneClusterImpl-3a252fbc-4287-47a2-893f-83f3490ca533/datanode-6/data/ratis/abd1c602-219f-40d2-81a6-9bebd917be11/current/log_inprogress_0
2019-10-02 21:06:27,780 [Datanode State Machine Thread - 0] INFO  statemachine.DatanodeStateMachine (DatanodeStateMachine.java:lambda$startDaemon$0(350)) - Ozone container server started.
2019-10-02 21:06:31,839 [EventQueue-StaleNodeForStaleNodeHandler] INFO  node.StaleNodeHandler (StaleNodeHandler.java:onMessage(58)) - Datanode 7d6f8f3d-8939-42dd-bbbd-f72a8fc3ef97{ip: 192.168.164.206, host: pr-hdds-2162-pj84x-1708865144, networkLocation: /default-rack, certSerialId: null} moved to stale state. Finalizing its pipelines [PipelineID=645c63e0-4c22-421f-8f76-7dbeb0eab9af, PipelineID=49d1f7d9-7e07-4f9d-9976-e1e12dde26f6]
2019-10-02 21:06:31,841 [EventQueue-StaleNodeForStaleNodeHandler] INFO  pipeline.SCMPipelineManager (SCMPipelineManager.java:finalizeAndDestroyPipeline(315)) - destroying pipeline:Pipeline[ Id: 645c63e0-4c22-421f-8f76-7dbeb0eab9af, Nodes: 7d6f8f3d-8939-42dd-bbbd-f72a8fc3ef97{ip: 192.168.164.206, host: pr-hdds-2162-pj84x-1708865144, networkLocation: /default-rack, certSerialId: null}, Type:RATIS, Factor:ONE, State:OPEN]
2019-10-02 21:06:31,842 [EventQueue-StaleNodeForStaleNodeHandler] INFO  pipeline.PipelineStateManager (PipelineStateManager.java:finalizePipeline(123)) - Pipeline Pipeline[ Id: 645c63e0-4c22-421f-8f76-7dbeb0eab9af, Nodes: 7d6f8f3d-8939-42dd-bbbd-f72a8fc3ef97{ip: 192.168.164.206, host: pr-hdds-2162-pj84x-1708865144, networkLocation: /default-rack, certSerialId: null}, Type:RATIS, Factor:ONE, State:CLOSED] moved to CLOSED state
2019-10-02 21:06:31,842 [EventQueue-StaleNodeForStaleNodeHandler] INFO  pipeline.SCMPipelineManager (SCMPipelineManager.java:finalizeAndDestroyPipeline(315)) - destroying pipeline:Pipeline[ Id: 49d1f7d9-7e07-4f9d-9976-e1e12dde26f6, Nodes: 7d6f8f3d-8939-42dd-bbbd-f72a8fc3ef97{ip: 192.168.164.206, host: pr-hdds-2162-pj84x-1708865144, networkLocation: /default-rack, certSerialId: null}5edb5b81-e56f-48e0-a3d6-7479a545ce64{ip: 192.168.164.206, host: pr-hdds-2162-pj84x-1708865144, networkLocation: /default-rack, certSerialId: null}070326aa-f1fa-4acf-9143-3b73f4503201{ip: 192.168.164.206, host: pr-hdds-2162-pj84x-1708865144, networkLocation: /default-rack, certSerialId: null}, Type:RATIS, Factor:THREE, State:OPEN]
2019-10-02 21:06:31,842 [EventQueue-StaleNodeForStaleNodeHandler] INFO  pipeline.PipelineStateManager (PipelineStateManager.java:finalizePipeline(123)) - Pipeline Pipeline[ Id: 49d1f7d9-7e07-4f9d-9976-e1e12dde26f6, Nodes: 7d6f8f3d-8939-42dd-bbbd-f72a8fc3ef97{ip: 192.168.164.206, host: pr-hdds-2162-pj84x-1708865144, networkLocation: /default-rack, certSerialId: null}5edb5b81-e56f-48e0-a3d6-7479a545ce64{ip: 192.168.164.206, host: pr-hdds-2162-pj84x-1708865144, networkLocation: /default-rack, certSerialId: null}070326aa-f1fa-4acf-9143-3b73f4503201{ip: 192.168.164.206, host: pr-hdds-2162-pj84x-1708865144, networkLocation: /default-rack, certSerialId: null}, Type:RATIS, Factor:THREE, State:CLOSED] moved to CLOSED state
2019-10-02 21:06:31,843 [EventQueue-CloseContainerForCloseContainerEventHandler] INFO  container.CloseContainerEventHandler (CloseContainerEventHandler.java:onMessage(61)) - Close container Event triggered for container : #1
2019-10-02 21:06:32,006 [main] INFO  ozoneimpl.OzoneContainer (OzoneContainer.java:stop(231)) - Attempting to stop container services.
2019-10-02 21:06:32,010 [main] INFO  impl.RaftServerProxy (RaftServerProxy.java:lambda$close$4(314)) - 7d6f8f3d-8939-42dd-bbbd-f72a8fc3ef97: close
2019-10-02 21:06:32,011 [main] INFO  impl.RaftServerImpl (RaftServerImpl.java:lambda$shutdown$3(247)) - 7d6f8f3d-8939-42dd-bbbd-f72a8fc3ef97@group-7DBEB0EAB9AF: shutdown
2019-10-02 21:06:32,011 [main] INFO  util.JmxRegister (JmxRegister.java:unregister(73)) - Successfully un-registered JMX Bean with object name Ratis:service=RaftServer,group=group-7DBEB0EAB9AF,id=7d6f8f3d-8939-42dd-bbbd-f72a8fc3ef97
2019-10-02 21:06:32,011 [main] INFO  impl.RoleInfo (RoleInfo.java:shutdownLeaderState(104)) - 7d6f8f3d-8939-42dd-bbbd-f72a8fc3ef97: shutdown LeaderState
2019-10-02 21:06:32,012 [main] INFO  impl.PendingRequests (PendingRequests.java:sendNotLeaderResponses(202)) - 7d6f8f3d-8939-42dd-bbbd-f72a8fc3ef97@group-7DBEB0EAB9AF-PendingRequests: sendNotLeaderResponses
2019-10-02 21:06:32,012 [main] INFO  impl.StateMachineUpdater (StateMachineUpdater.java:stopAndJoin(136)) - 7d6f8f3d-8939-42dd-bbbd-f72a8fc3ef97@group-7DBEB0EAB9AF-StateMachineUpdater: set stopIndex = 0
2019-10-02 21:06:32,013 [main] INFO  impl.RaftServerImpl (ServerState.java:close(387)) - 7d6f8f3d-8939-42dd-bbbd-f72a8fc3ef97@group-7DBEB0EAB9AF: closes. applyIndex: 0
2019-10-02 21:06:32,014 [7d6f8f3d-8939-42dd-bbbd-f72a8fc3ef97@group-7DBEB0EAB9AF-SegmentedRaftLogWorker] INFO  segmented.SegmentedRaftLogWorker (SegmentedRaftLogWorker.java:run(316)) - 7d6f8f3d-8939-42dd-bbbd-f72a8fc3ef97@group-7DBEB0EAB9AF-SegmentedRaftLogWorker was interrupted, exiting. There are 0 tasks remaining in the queue.
2019-10-02 21:06:32,017 [main] INFO  segmented.SegmentedRaftLogWorker (SegmentedRaftLogWorker.java:close(224)) - 7d6f8f3d-8939-42dd-bbbd-f72a8fc3ef97@group-7DBEB0EAB9AF-SegmentedRaftLogWorker close()
2019-10-02 21:06:32,022 [main] INFO  impl.RaftServerImpl (RaftServerImpl.java:lambda$shutdown$3(247)) - 7d6f8f3d-8939-42dd-bbbd-f72a8fc3ef97@group-E1E12DDE26F6: shutdown
2019-10-02 21:06:32,022 [main] INFO  util.JmxRegister (JmxRegister.java:unregister(73)) - Successfully un-registered JMX Bean with object name Ratis:service=RaftServer,group=group-E1E12DDE26F6,id=7d6f8f3d-8939-42dd-bbbd-f72a8fc3ef97
2019-10-02 21:06:32,022 [main] INFO  impl.RoleInfo (RoleInfo.java:shutdownLeaderState(104)) - 7d6f8f3d-8939-42dd-bbbd-f72a8fc3ef97: shutdown LeaderState
2019-10-02 21:06:32,027 [main] INFO  impl.PendingRequests (PendingRequests.java:sendNotLeaderResponses(202)) - 7d6f8f3d-8939-42dd-bbbd-f72a8fc3ef97@group-E1E12DDE26F6-PendingRequests: sendNotLeaderResponses
2019-10-02 21:06:32,027 [org.apache.ratis.server.impl.LogAppender$AppenderDaemon$$Lambda$512/834240499@6f47f7bf] WARN  server.GrpcLogAppender (GrpcLogAppender.java:mayWait(143)) - 7d6f8f3d-8939-42dd-bbbd-f72a8fc3ef97@group-E1E12DDE26F6->070326aa-f1fa-4acf-9143-3b73f4503201-GrpcLogAppender: Wait interrupted by java.lang.InterruptedException
2019-10-02 21:06:32,050 [main] INFO  impl.StateMachineUpdater (StateMachineUpdater.java:stopAndJoin(136)) - 7d6f8f3d-8939-42dd-bbbd-f72a8fc3ef97@group-E1E12DDE26F6-StateMachineUpdater: set stopIndex = 16
2019-10-02 21:06:32,027 [org.apache.ratis.server.impl.LogAppender$AppenderDaemon$$Lambda$512/834240499@270df7bb] WARN  server.GrpcLogAppender (GrpcLogAppender.java:mayWait(143)) - 7d6f8f3d-8939-42dd-bbbd-f72a8fc3ef97@group-E1E12DDE26F6->5edb5b81-e56f-48e0-a3d6-7479a545ce64-GrpcLogAppender: Wait interrupted by java.lang.InterruptedException
2019-10-02 21:06:32,050 [7d6f8f3d-8939-42dd-bbbd-f72a8fc3ef97@group-E1E12DDE26F6-StateMachineUpdater] INFO  ratis.ContainerStateMachine (ContainerStateMachine.java:takeSnapshot(289)) - group-E1E12DDE26F6: Taking a snapshot at:(t:1, i:14) file /workdir/hadoop-ozone/integration-test/target/test-dir/MiniOzoneClusterImpl-3a252fbc-4287-47a2-893f-83f3490ca533/datanode-1/data/ratis/49d1f7d9-7e07-4f9d-9976-e1e12dde26f6/sm/snapshot.1_14
2019-10-02 21:06:32,051 [grpc-default-executor-6] INFO  server.GrpcServerProtocolService (GrpcServerProtocolService.java:onCompleted(113)) - 070326aa-f1fa-4acf-9143-3b73f4503201: Completed APPEND_ENTRIES, lastRequest: 7d6f8f3d-8939-42dd-bbbd-f72a8fc3ef97->070326aa-f1fa-4acf-9143-3b73f4503201#19-t1, previous=(t:1, i:16), leaderCommit=16, initializing? false, entries: <empty>
2019-10-02 21:06:32,051 [grpc-default-executor-6] INFO  server.GrpcLogAppender (GrpcLogAppender.java:onCompleted(293)) - 7d6f8f3d-8939-42dd-bbbd-f72a8fc3ef97@group-E1E12DDE26F6->070326aa-f1fa-4acf-9143-3b73f4503201-AppendLogResponseHandler: follower responses appendEntries COMPLETED
2019-10-02 21:06:32,052 [grpc-default-executor-9] INFO  server.GrpcServerProtocolService (GrpcServerProtocolService.java:onCompleted(113)) - 5edb5b81-e56f-48e0-a3d6-7479a545ce64: Completed APPEND_ENTRIES, lastRequest: 7d6f8f3d-8939-42dd-bbbd-f72a8fc3ef97->5edb5b81-e56f-48e0-a3d6-7479a545ce64#19-t1, previous=(t:1, i:16), leaderCommit=16, initializing? false, entries: <empty>
2019-10-02 21:06:32,052 [grpc-default-executor-9] INFO  server.GrpcLogAppender (GrpcLogAppender.java:onCompleted(293)) - 7d6f8f3d-8939-42dd-bbbd-f72a8fc3ef97@group-E1E12DDE26F6->5edb5b81-e56f-48e0-a3d6-7479a545ce64-AppendLogResponseHandler: follower responses appendEntries COMPLETED
2019-10-02 21:06:32,053 [grpc-default-executor-6] INFO  impl.FollowerInfo (FollowerInfo.java:lambda$new$0(51)) - 7d6f8f3d-8939-42dd-bbbd-f72a8fc3ef97@group-E1E12DDE26F6->070326aa-f1fa-4acf-9143-3b73f4503201: nextIndex: updateUnconditionally 17 -> 16
2019-10-02 21:06:32,054 [grpc-default-executor-9] INFO  impl.FollowerInfo (FollowerInfo.java:lambda$new$0(51)) - 7d6f8f3d-8939-42dd-bbbd-f72a8fc3ef97@group-E1E12DDE26F6->5edb5b81-e56f-48e0-a3d6-7479a545ce64: nextIndex: updateUnconditionally 17 -> 16
2019-10-02 21:06:32,064 [7d6f8f3d-8939-42dd-bbbd-f72a8fc3ef97@group-E1E12DDE26F6-StateMachineUpdater] INFO  ratis.ContainerStateMachine (ContainerStateMachine.java:takeSnapshot(300)) - group-E1E12DDE26F6: Finished taking a snapshot at:(t:1, i:14) file:/workdir/hadoop-ozone/integration-test/target/test-dir/MiniOzoneClusterImpl-3a252fbc-4287-47a2-893f-83f3490ca533/datanode-1/data/ratis/49d1f7d9-7e07-4f9d-9976-e1e12dde26f6/sm/snapshot.1_14 time:14
2019-10-02 21:06:32,065 [7d6f8f3d-8939-42dd-bbbd-f72a8fc3ef97@group-E1E12DDE26F6-StateMachineUpdater] INFO  impl.StateMachineUpdater (StateMachineUpdater.java:takeSnapshot(269)) - 7d6f8f3d-8939-42dd-bbbd-f72a8fc3ef97@group-E1E12DDE26F6-StateMachineUpdater: Took a snapshot at index 14
2019-10-02 21:06:32,065 [7d6f8f3d-8939-42dd-bbbd-f72a8fc3ef97@group-E1E12DDE26F6-StateMachineUpdater] INFO  impl.StateMachineUpdater (StateMachineUpdater.java:lambda$new$0(84)) - 7d6f8f3d-8939-42dd-bbbd-f72a8fc3ef97@group-E1E12DDE26F6-StateMachineUpdater: snapshotIndex: updateIncreasingly -1 -> 14
2019-10-02 21:06:32,065 [7d6f8f3d-8939-42dd-bbbd-f72a8fc3ef97@group-E1E12DDE26F6-StateMachineUpdater] INFO  ratis.ContainerStateMachine (ContainerStateMachine.java:takeSnapshot(289)) - group-E1E12DDE26F6: Taking a snapshot at:(t:1, i:14) file /workdir/hadoop-ozone/integration-test/target/test-dir/MiniOzoneClusterImpl-3a252fbc-4287-47a2-893f-83f3490ca533/datanode-1/data/ratis/49d1f7d9-7e07-4f9d-9976-e1e12dde26f6/sm/snapshot.1_14
2019-10-02 21:06:32,078 [7d6f8f3d-8939-42dd-bbbd-f72a8fc3ef97@group-E1E12DDE26F6-StateMachineUpdater] INFO  ratis.ContainerStateMachine (ContainerStateMachine.java:takeSnapshot(300)) - group-E1E12DDE26F6: Finished taking a snapshot at:(t:1, i:14) file:/workdir/hadoop-ozone/integration-test/target/test-dir/MiniOzoneClusterImpl-3a252fbc-4287-47a2-893f-83f3490ca533/datanode-1/data/ratis/49d1f7d9-7e07-4f9d-9976-e1e12dde26f6/sm/snapshot.1_14 time:13
2019-10-02 21:06:32,078 [7d6f8f3d-8939-42dd-bbbd-f72a8fc3ef97@group-E1E12DDE26F6-StateMachineUpdater] INFO  impl.StateMachineUpdater (StateMachineUpdater.java:takeSnapshot(269)) - 7d6f8f3d-8939-42dd-bbbd-f72a8fc3ef97@group-E1E12DDE26F6-StateMachineUpdater: Took a snapshot at index 14
2019-10-02 21:06:32,078 [7d6f8f3d-8939-42dd-bbbd-f72a8fc3ef97@group-E1E12DDE26F6-StateMachineUpdater] INFO  impl.StateMachineUpdater (StateMachineUpdater.java:lambda$new$0(84)) - 7d6f8f3d-8939-42dd-bbbd-f72a8fc3ef97@group-E1E12DDE26F6-StateMachineUpdater: snapshotIndex: updateIncreasingly 14 -> 14
2019-10-02 21:06:32,078 [main] INFO  impl.RaftServerImpl (ServerState.java:close(387)) - 7d6f8f3d-8939-42dd-bbbd-f72a8fc3ef97@group-E1E12DDE26F6: closes. applyIndex: 16
2019-10-02 21:06:32,079 [7d6f8f3d-8939-42dd-bbbd-f72a8fc3ef97@group-E1E12DDE26F6-SegmentedRaftLogWorker] INFO  segmented.SegmentedRaftLogWorker (SegmentedRaftLogWorker.java:run(316)) - 7d6f8f3d-8939-42dd-bbbd-f72a8fc3ef97@group-E1E12DDE26F6-SegmentedRaftLogWorker was interrupted, exiting. There are 0 tasks remaining in the queue.
2019-10-02 21:06:32,083 [main] INFO  segmented.SegmentedRaftLogWorker (SegmentedRaftLogWorker.java:close(224)) - 7d6f8f3d-8939-42dd-bbbd-f72a8fc3ef97@group-E1E12DDE26F6-SegmentedRaftLogWorker close()
2019-10-02 21:06:32,089 [main] INFO  server.GrpcService (GrpcService.java:closeImpl(164)) - 7d6f8f3d-8939-42dd-bbbd-f72a8fc3ef97: shutdown server with port 43483 now
2019-10-02 21:06:32,090 [grpc-default-executor-6] WARN  client.GrpcClientProtocolService (LogUtils.java:warn(134)) - 3-UnorderedRequestStreamObserver3: onError: org.apache.ratis.thirdparty.io.grpc.StatusRuntimeException: CANCELLED: cancelled before receiving half close
2019-10-02 21:06:32,090 [main] INFO  server.GrpcService (GrpcService.java:closeImpl(172)) - 7d6f8f3d-8939-42dd-bbbd-f72a8fc3ef97: shutdown server with port 43483 successfully
2019-10-02 21:06:32,093 [refreshUsed-/workdir/hadoop-ozone/integration-test/target/test-dir/MiniOzoneClusterImpl-3a252fbc-4287-47a2-893f-83f3490ca533/datanode-1/data/containers] WARN  fs.CachingGetSpaceUsed (CachingGetSpaceUsed.java:run(183)) - Thread Interrupted waiting to refresh disk information: sleep interrupted
2019-10-02 21:06:32,116 [main] INFO  utils.BackgroundService (BackgroundService.java:shutdown(148)) - Shutting down service BlockDeletingService
2019-10-02 21:06:32,125 [main] INFO  statemachine.DatanodeStateMachine (DatanodeStateMachine.java:stopDaemon(395)) - Ozone container server stopped.
2019-10-02 21:06:32,126 [main] INFO  handler.ContextHandler (ContextHandler.java:doStop(910)) - Stopped o.e.j.w.WebAppContext@703e8050{/,null,UNAVAILABLE}{/hddsDatanode}
2019-10-02 21:06:32,127 [main] INFO  server.AbstractConnector (AbstractConnector.java:doStop(318)) - Stopped ServerConnector@49c1e294{HTTP/1.1,[http/1.1]}{0.0.0.0:0}
2019-10-02 21:06:32,128 [main] INFO  handler.ContextHandler (ContextHandler.java:doStop(910)) - Stopped o.e.j.s.ServletContextHandler@2365ea38{/static,jar:file:/home/user/.m2/repository/org/apache/hadoop/hadoop-hdds-container-service/0.5.0-SNAPSHOT/hadoop-hdds-container-service-0.5.0-SNAPSHOT.jar!/webapps/static,UNAVAILABLE}
2019-10-02 21:06:32,128 [main] INFO  handler.ContextHandler (ContextHandler.java:doStop(910)) - Stopped o.e.j.s.ServletContextHandler@4a31ed12{/logs,file:///workdir/hadoop-ozone/integration-test/target/log,UNAVAILABLE}
2019-10-02 21:06:41,633 [Thread-3112] INFO  impl.FollowerState (FollowerState.java:run(108)) - 070326aa-f1fa-4acf-9143-3b73f4503201@group-E1E12DDE26F6-FollowerState: change to CANDIDATE, lastRpcTime:9622ms, electionTimeout:5056ms
2019-10-02 21:06:41,633 [Thread-3112] INFO  impl.RoleInfo (RoleInfo.java:shutdownFollowerState(121)) - 070326aa-f1fa-4acf-9143-3b73f4503201: shutdown FollowerState
2019-10-02 21:06:41,633 [Thread-3112] INFO  impl.RaftServerImpl (RaftServerImpl.java:setRole(170)) - 070326aa-f1fa-4acf-9143-3b73f4503201@group-E1E12DDE26F6: changes role from  FOLLOWER to CANDIDATE at term 1 for changeToCandidate
2019-10-02 21:06:41,634 [Thread-3112] INFO  impl.RoleInfo (RoleInfo.java:updateAndGet(143)) - 070326aa-f1fa-4acf-9143-3b73f4503201: start LeaderElection
2019-10-02 21:06:41,638 [070326aa-f1fa-4acf-9143-3b73f4503201@group-E1E12DDE26F6-LeaderElection69] INFO  impl.RaftServerImpl (ServerState.java:setLeader(255)) - 070326aa-f1fa-4acf-9143-3b73f4503201@group-E1E12DDE26F6: change Leader from 7d6f8f3d-8939-42dd-bbbd-f72a8fc3ef97 to null at term 1 for initElection
2019-10-02 21:06:41,653 [070326aa-f1fa-4acf-9143-3b73f4503201@group-E1E12DDE26F6-LeaderElection69] INFO  impl.LeaderElection (LeaderElection.java:askForVotes(178)) - 070326aa-f1fa-4acf-9143-3b73f4503201@group-E1E12DDE26F6-LeaderElection69: begin an election at term 2 for 0: [7d6f8f3d-8939-42dd-bbbd-f72a8fc3ef97:192.168.164.206:43483, 070326aa-f1fa-4acf-9143-3b73f4503201:192.168.164.206:40114, 5edb5b81-e56f-48e0-a3d6-7479a545ce64:192.168.164.206:39550], old=null
2019-10-02 21:06:41,656 [070326aa-f1fa-4acf-9143-3b73f4503201@group-E1E12DDE26F6-LeaderElection69] INFO  impl.LeaderElection (LogUtils.java:infoOrTrace(149)) - 070326aa-f1fa-4acf-9143-3b73f4503201@group-E1E12DDE26F6-LeaderElection69 got exception when requesting votes: {}
java.util.concurrent.ExecutionException: org.apache.ratis.thirdparty.io.grpc.StatusRuntimeException: UNAVAILABLE: io exception
	at java.util.concurrent.FutureTask.report(FutureTask.java:122)
	at java.util.concurrent.FutureTask.get(FutureTask.java:192)
	at org.apache.ratis.server.impl.LeaderElection.waitForResults(LeaderElection.java:259)
	at org.apache.ratis.server.impl.LeaderElection.askForVotes(LeaderElection.java:197)
	at org.apache.ratis.server.impl.LeaderElection.run(LeaderElection.java:133)
	at java.lang.Thread.run(Thread.java:748)
Caused by: org.apache.ratis.thirdparty.io.grpc.StatusRuntimeException: UNAVAILABLE: io exception
	at org.apache.ratis.thirdparty.io.grpc.stub.ClientCalls.toStatusRuntimeException(ClientCalls.java:233)
	at org.apache.ratis.thirdparty.io.grpc.stub.ClientCalls.getUnchecked(ClientCalls.java:214)
	at org.apache.ratis.thirdparty.io.grpc.stub.ClientCalls.blockingUnaryCall(ClientCalls.java:139)
	at org.apache.ratis.proto.grpc.RaftServerProtocolServiceGrpc$RaftServerProtocolServiceBlockingStub.requestVote(RaftServerProtocolServiceGrpc.java:265)
	at org.apache.ratis.grpc.server.GrpcServerProtocolClient.requestVote(GrpcServerProtocolClient.java:99)
	at org.apache.ratis.grpc.server.GrpcService.requestVote(GrpcService.java:204)
	at org.apache.ratis.server.impl.LeaderElection.lambda$submitRequests$1(LeaderElection.java:234)
	at java.util.concurrent.FutureTask.run(FutureTask.java:266)
	at java.util.concurrent.Executors$RunnableAdapter.call(Executors.java:511)
	at java.util.concurrent.FutureTask.run(FutureTask.java:266)
	at java.util.concurrent.ThreadPoolExecutor.runWorker(ThreadPoolExecutor.java:1149)
	at java.util.concurrent.ThreadPoolExecutor$Worker.run(ThreadPoolExecutor.java:624)
	... 1 more
Caused by: org.apache.ratis.thirdparty.io.netty.channel.AbstractChannel$AnnotatedConnectException: Connection refused: /192.168.164.206:43483
	at sun.nio.ch.SocketChannelImpl.checkConnect(Native Method)
	at sun.nio.ch.SocketChannelImpl.finishConnect(SocketChannelImpl.java:717)
	at org.apache.ratis.thirdparty.io.netty.channel.socket.nio.NioSocketChannel.doFinishConnect(NioSocketChannel.java:327)
	at org.apache.ratis.thirdparty.io.netty.channel.nio.AbstractNioChannel$AbstractNioUnsafe.finishConnect(AbstractNioChannel.java:340)
	at org.apache.ratis.thirdparty.io.netty.channel.nio.NioEventLoop.processSelectedKey(NioEventLoop.java:632)
	at org.apache.ratis.thirdparty.io.netty.channel.nio.NioEventLoop.processSelectedKeysOptimized(NioEventLoop.java:579)
	at org.apache.ratis.thirdparty.io.netty.channel.nio.NioEventLoop.processSelectedKeys(NioEventLoop.java:496)
	at org.apache.ratis.thirdparty.io.netty.channel.nio.NioEventLoop.run(NioEventLoop.java:458)
	at org.apache.ratis.thirdparty.io.netty.util.concurrent.SingleThreadEventExecutor$5.run(SingleThreadEventExecutor.java:897)
	at org.apache.ratis.thirdparty.io.netty.util.concurrent.FastThreadLocalRunnable.run(FastThreadLocalRunnable.java:30)
	... 1 more
Caused by: java.net.ConnectException: Connection refused
	... 11 more
2019-10-02 21:06:41,659 [grpc-default-executor-6] INFO  impl.RaftServerImpl (ServerState.java:setLeader(255)) - 5edb5b81-e56f-48e0-a3d6-7479a545ce64@group-E1E12DDE26F6: change Leader from 7d6f8f3d-8939-42dd-bbbd-f72a8fc3ef97 to null at term 2 for updateCurrentTerm
2019-10-02 21:06:41,659 [grpc-default-executor-6] INFO  impl.RaftServerImpl (RaftServerImpl.java:setRole(170)) - 5edb5b81-e56f-48e0-a3d6-7479a545ce64@group-E1E12DDE26F6: changes role from  FOLLOWER to FOLLOWER at term 2 for recognizeCandidate:070326aa-f1fa-4acf-9143-3b73f4503201
2019-10-02 21:06:41,660 [grpc-default-executor-6] INFO  impl.RoleInfo (RoleInfo.java:shutdownFollowerState(121)) - 5edb5b81-e56f-48e0-a3d6-7479a545ce64: shutdown FollowerState
2019-10-02 21:06:41,660 [grpc-default-executor-6] INFO  impl.RoleInfo (RoleInfo.java:updateAndGet(143)) - 5edb5b81-e56f-48e0-a3d6-7479a545ce64: start FollowerState
2019-10-02 21:06:41,660 [Thread-3109] INFO  impl.FollowerState (FollowerState.java:run(117)) - 5edb5b81-e56f-48e0-a3d6-7479a545ce64@group-E1E12DDE26F6-FollowerState was interrupted: java.lang.InterruptedException: sleep interrupted
2019-10-02 21:06:41,677 [070326aa-f1fa-4acf-9143-3b73f4503201@group-E1E12DDE26F6-LeaderElection69] INFO  impl.LeaderElection (LeaderElection.java:logAndReturn(56)) - 070326aa-f1fa-4acf-9143-3b73f4503201@group-E1E12DDE26F6-LeaderElection69: Election PASSED; received 1 response(s) [070326aa-f1fa-4acf-9143-3b73f4503201<-5edb5b81-e56f-48e0-a3d6-7479a545ce64#0:OK-t2] and 1 exception(s); 070326aa-f1fa-4acf-9143-3b73f4503201@group-E1E12DDE26F6:t2, leader=null, voted=070326aa-f1fa-4acf-9143-3b73f4503201, raftlog=070326aa-f1fa-4acf-9143-3b73f4503201@group-E1E12DDE26F6-SegmentedRaftLog:OPENED:c16,f16,i16, conf=0: [7d6f8f3d-8939-42dd-bbbd-f72a8fc3ef97:192.168.164.206:43483, 070326aa-f1fa-4acf-9143-3b73f4503201:192.168.164.206:40114, 5edb5b81-e56f-48e0-a3d6-7479a545ce64:192.168.164.206:39550], old=null
2019-10-02 21:06:41,677 [070326aa-f1fa-4acf-9143-3b73f4503201@group-E1E12DDE26F6-LeaderElection69] INFO  impl.LeaderElection (LogUtils.java:infoOrTrace(149)) -   Exception 0: {}
java.util.concurrent.ExecutionException: org.apache.ratis.thirdparty.io.grpc.StatusRuntimeException: UNAVAILABLE: io exception
	at java.util.concurrent.FutureTask.report(FutureTask.java:122)
	at java.util.concurrent.FutureTask.get(FutureTask.java:192)
	at org.apache.ratis.server.impl.LeaderElection.waitForResults(LeaderElection.java:259)
	at org.apache.ratis.server.impl.LeaderElection.askForVotes(LeaderElection.java:197)
	at org.apache.ratis.server.impl.LeaderElection.run(LeaderElection.java:133)
	at java.lang.Thread.run(Thread.java:748)
Caused by: org.apache.ratis.thirdparty.io.grpc.StatusRuntimeException: UNAVAILABLE: io exception
	at org.apache.ratis.thirdparty.io.grpc.stub.ClientCalls.toStatusRuntimeException(ClientCalls.java:233)
	at org.apache.ratis.thirdparty.io.grpc.stub.ClientCalls.getUnchecked(ClientCalls.java:214)
	at org.apache.ratis.thirdparty.io.grpc.stub.ClientCalls.blockingUnaryCall(ClientCalls.java:139)
	at org.apache.ratis.proto.grpc.RaftServerProtocolServiceGrpc$RaftServerProtocolServiceBlockingStub.requestVote(RaftServerProtocolServiceGrpc.java:265)
	at org.apache.ratis.grpc.server.GrpcServerProtocolClient.requestVote(GrpcServerProtocolClient.java:99)
	at org.apache.ratis.grpc.server.GrpcService.requestVote(GrpcService.java:204)
	at org.apache.ratis.server.impl.LeaderElection.lambda$submitRequests$1(LeaderElection.java:234)
	at java.util.concurrent.FutureTask.run(FutureTask.java:266)
	at java.util.concurrent.Executors$RunnableAdapter.call(Executors.java:511)
	at java.util.concurrent.FutureTask.run(FutureTask.java:266)
	at java.util.concurrent.ThreadPoolExecutor.runWorker(ThreadPoolExecutor.java:1149)
	at java.util.concurrent.ThreadPoolExecutor$Worker.run(ThreadPoolExecutor.java:624)
	... 1 more
Caused by: org.apache.ratis.thirdparty.io.netty.channel.AbstractChannel$AnnotatedConnectException: Connection refused: /192.168.164.206:43483
	at sun.nio.ch.SocketChannelImpl.checkConnect(Native Method)
	at sun.nio.ch.SocketChannelImpl.finishConnect(SocketChannelImpl.java:717)
	at org.apache.ratis.thirdparty.io.netty.channel.socket.nio.NioSocketChannel.doFinishConnect(NioSocketChannel.java:327)
	at org.apache.ratis.thirdparty.io.netty.channel.nio.AbstractNioChannel$AbstractNioUnsafe.finishConnect(AbstractNioChannel.java:340)
	at org.apache.ratis.thirdparty.io.netty.channel.nio.NioEventLoop.processSelectedKey(NioEventLoop.java:632)
	at org.apache.ratis.thirdparty.io.netty.channel.nio.NioEventLoop.processSelectedKeysOptimized(NioEventLoop.java:579)
	at org.apache.ratis.thirdparty.io.netty.channel.nio.NioEventLoop.processSelectedKeys(NioEventLoop.java:496)
	at org.apache.ratis.thirdparty.io.netty.channel.nio.NioEventLoop.run(NioEventLoop.java:458)
	at org.apache.ratis.thirdparty.io.netty.util.concurrent.SingleThreadEventExecutor$5.run(SingleThreadEventExecutor.java:897)
	at org.apache.ratis.thirdparty.io.netty.util.concurrent.FastThreadLocalRunnable.run(FastThreadLocalRunnable.java:30)
	... 1 more
Caused by: java.net.ConnectException: Connection refused
	... 11 more
2019-10-02 21:06:41,677 [070326aa-f1fa-4acf-9143-3b73f4503201@group-E1E12DDE26F6-LeaderElection69] INFO  impl.RoleInfo (RoleInfo.java:shutdownLeaderElection(134)) - 070326aa-f1fa-4acf-9143-3b73f4503201: shutdown LeaderElection
2019-10-02 21:06:41,677 [070326aa-f1fa-4acf-9143-3b73f4503201@group-E1E12DDE26F6-LeaderElection69] INFO  impl.RaftServerImpl (RaftServerImpl.java:setRole(170)) - 070326aa-f1fa-4acf-9143-3b73f4503201@group-E1E12DDE26F6: changes role from CANDIDATE to LEADER at term 2 for changeToLeader
2019-10-02 21:06:41,678 [070326aa-f1fa-4acf-9143-3b73f4503201@group-E1E12DDE26F6-LeaderElection69] INFO  impl.RaftServerImpl (ServerState.java:setLeader(255)) - 070326aa-f1fa-4acf-9143-3b73f4503201@group-E1E12DDE26F6: change Leader from null to 070326aa-f1fa-4acf-9143-3b73f4503201 at term 2 for becomeLeader, leader elected after 39ms
2019-10-02 21:06:41,678 [070326aa-f1fa-4acf-9143-3b73f4503201@group-E1E12DDE26F6-LeaderElection69] INFO  server.RaftServerConfigKeys (ConfUtils.java:logGet(43)) - raft.server.staging.catchup.gap = 1000 (default)
2019-10-02 21:06:41,678 [070326aa-f1fa-4acf-9143-3b73f4503201@group-E1E12DDE26F6-LeaderElection69] INFO  server.RaftServerConfigKeys (ConfUtils.java:logGet(43)) - raft.server.rpc.sleep.time = 25ms (default)
2019-10-02 21:06:41,679 [070326aa-f1fa-4acf-9143-3b73f4503201@group-E1E12DDE26F6-LeaderElection69] INFO  server.RaftServerConfigKeys (ConfUtils.java:logGet(43)) - raft.server.write.element-limit = 4096 (default)
2019-10-02 21:06:41,679 [070326aa-f1fa-4acf-9143-3b73f4503201@group-E1E12DDE26F6-LeaderElection69] INFO  server.RaftServerConfigKeys (ConfUtils.java:logGet(43)) - raft.server.watch.timeout = 10s (default)
2019-10-02 21:06:41,679 [070326aa-f1fa-4acf-9143-3b73f4503201@group-E1E12DDE26F6-LeaderElection69] INFO  server.RaftServerConfigKeys (ConfUtils.java:logGet(43)) - raft.server.watch.timeout.denomination = 1s (default)
2019-10-02 21:06:41,679 [070326aa-f1fa-4acf-9143-3b73f4503201@group-E1E12DDE26F6-LeaderElection69] INFO  server.RaftServerConfigKeys (ConfUtils.java:logGet(43)) - raft.server.watch.element-limit = 65536 (default)
2019-10-02 21:06:41,681 [070326aa-f1fa-4acf-9143-3b73f4503201@group-E1E12DDE26F6-LeaderElection69] INFO  server.RaftServerConfigKeys (ConfUtils.java:logGet(43)) - raft.server.log.appender.snapshot.chunk.size.max = 16MB (=16777216) (default)
2019-10-02 21:06:41,682 [070326aa-f1fa-4acf-9143-3b73f4503201@group-E1E12DDE26F6-LeaderElection69] INFO  server.RaftServerConfigKeys (ConfUtils.java:logGet(43)) - raft.server.log.appender.buffer.byte-limit = 33554432 (custom)
2019-10-02 21:06:41,682 [070326aa-f1fa-4acf-9143-3b73f4503201@group-E1E12DDE26F6-LeaderElection69] INFO  server.RaftServerConfigKeys (ConfUtils.java:logGet(43)) - raft.server.log.appender.buffer.element-limit = 1 (custom)
2019-10-02 21:06:41,682 [070326aa-f1fa-4acf-9143-3b73f4503201@group-E1E12DDE26F6-LeaderElection69] INFO  grpc.GrpcConfigKeys$Server (ConfUtils.java:logGet(43)) - raft.grpc.server.leader.outstanding.appends.max = 128 (default)
2019-10-02 21:06:41,682 [070326aa-f1fa-4acf-9143-3b73f4503201@group-E1E12DDE26F6-LeaderElection69] INFO  server.RaftServerConfigKeys (ConfUtils.java:logGet(43)) - raft.server.rpc.request.timeout = 3000ms (default)
2019-10-02 21:06:41,682 [070326aa-f1fa-4acf-9143-3b73f4503201@group-E1E12DDE26F6-LeaderElection69] INFO  server.RaftServerConfigKeys (ConfUtils.java:logGet(43)) - raft.server.log.appender.install.snapshot.enabled = false (custom)
2019-10-02 21:06:41,682 [070326aa-f1fa-4acf-9143-3b73f4503201@group-E1E12DDE26F6-LeaderElection69] INFO  server.RaftServerConfigKeys (ConfUtils.java:logGet(43)) - raft.server.log.appender.snapshot.chunk.size.max = 16MB (=16777216) (default)
2019-10-02 21:06:41,683 [070326aa-f1fa-4acf-9143-3b73f4503201@group-E1E12DDE26F6-LeaderElection69] INFO  server.RaftServerConfigKeys (ConfUtils.java:logGet(43)) - raft.server.log.appender.buffer.byte-limit = 33554432 (custom)
2019-10-02 21:06:41,683 [070326aa-f1fa-4acf-9143-3b73f4503201@group-E1E12DDE26F6-LeaderElection69] INFO  server.RaftServerConfigKeys (ConfUtils.java:logGet(43)) - raft.server.log.appender.buffer.element-limit = 1 (custom)
2019-10-02 21:06:41,683 [070326aa-f1fa-4acf-9143-3b73f4503201@group-E1E12DDE26F6-LeaderElection69] INFO  grpc.GrpcConfigKeys$Server (ConfUtils.java:logGet(43)) - raft.grpc.server.leader.outstanding.appends.max = 128 (default)
2019-10-02 21:06:41,683 [070326aa-f1fa-4acf-9143-3b73f4503201@group-E1E12DDE26F6-LeaderElection69] INFO  server.RaftServerConfigKeys (ConfUtils.java:logGet(43)) - raft.server.rpc.request.timeout = 3000ms (default)
2019-10-02 21:06:41,683 [070326aa-f1fa-4acf-9143-3b73f4503201@group-E1E12DDE26F6-LeaderElection69] INFO  server.RaftServerConfigKeys (ConfUtils.java:logGet(43)) - raft.server.log.appender.install.snapshot.enabled = false (custom)
2019-10-02 21:06:41,683 [070326aa-f1fa-4acf-9143-3b73f4503201@group-E1E12DDE26F6-LeaderElection69] INFO  impl.RoleInfo (RoleInfo.java:updateAndGet(143)) - 070326aa-f1fa-4acf-9143-3b73f4503201: start LeaderState
2019-10-02 21:06:41,684 [070326aa-f1fa-4acf-9143-3b73f4503201@group-E1E12DDE26F6-LeaderElection69] INFO  segmented.SegmentedRaftLogWorker (SegmentedRaftLogWorker.java:rollLogSegment(390)) - 070326aa-f1fa-4acf-9143-3b73f4503201@group-E1E12DDE26F6-SegmentedRaftLogWorker: Rolling segment log-0_16 to index:16
2019-10-02 21:06:41,685 [070326aa-f1fa-4acf-9143-3b73f4503201@group-E1E12DDE26F6-LeaderElection69] INFO  impl.RaftServerImpl (ServerState.java:setRaftConf(356)) - 070326aa-f1fa-4acf-9143-3b73f4503201@group-E1E12DDE26F6: set configuration 17: [7d6f8f3d-8939-42dd-bbbd-f72a8fc3ef97:192.168.164.206:43483, 070326aa-f1fa-4acf-9143-3b73f4503201:192.168.164.206:40114, 5edb5b81-e56f-48e0-a3d6-7479a545ce64:192.168.164.206:39550], old=null at 17
2019-10-02 21:06:41,685 [grpc-default-executor-6] WARN  server.GrpcLogAppender (LogUtils.java:warn(134)) - 070326aa-f1fa-4acf-9143-3b73f4503201@group-E1E12DDE26F6->7d6f8f3d-8939-42dd-bbbd-f72a8fc3ef97-AppendLogResponseHandler: Failed appendEntries: org.apache.ratis.thirdparty.io.grpc.StatusRuntimeException: UNAVAILABLE: io exception
2019-10-02 21:06:41,685 [070326aa-f1fa-4acf-9143-3b73f4503201@group-E1E12DDE26F6-SegmentedRaftLogWorker] INFO  segmented.SegmentedRaftLogWorker (SegmentedRaftLogWorker.java:execute(531)) - 070326aa-f1fa-4acf-9143-3b73f4503201@group-E1E12DDE26F6-SegmentedRaftLogWorker: Rolled log segment from /workdir/hadoop-ozone/integration-test/target/test-dir/MiniOzoneClusterImpl-3a252fbc-4287-47a2-893f-83f3490ca533/datanode-0/data/ratis/49d1f7d9-7e07-4f9d-9976-e1e12dde26f6/current/log_inprogress_0 to /workdir/hadoop-ozone/integration-test/target/test-dir/MiniOzoneClusterImpl-3a252fbc-4287-47a2-893f-83f3490ca533/datanode-0/data/ratis/49d1f7d9-7e07-4f9d-9976-e1e12dde26f6/current/log_0-16
2019-10-02 21:06:41,691 [grpc-default-executor-6] INFO  impl.FollowerInfo (FollowerInfo.java:lambda$new$0(51)) - 070326aa-f1fa-4acf-9143-3b73f4503201@group-E1E12DDE26F6->7d6f8f3d-8939-42dd-bbbd-f72a8fc3ef97: nextIndex: updateUnconditionally 17 -> 1
2019-10-02 21:06:41,691 [grpc-default-executor-7] INFO  impl.RaftServerImpl (ServerState.java:setLeader(255)) - 5edb5b81-e56f-48e0-a3d6-7479a545ce64@group-E1E12DDE26F6: change Leader from null to 070326aa-f1fa-4acf-9143-3b73f4503201 at term 2 for appendEntries, leader elected after 32ms
2019-10-02 21:06:41,696 [grpc-default-executor-7] INFO  impl.RaftServerImpl (ServerState.java:setRaftConf(356)) - 5edb5b81-e56f-48e0-a3d6-7479a545ce64@group-E1E12DDE26F6: set configuration 17: [7d6f8f3d-8939-42dd-bbbd-f72a8fc3ef97:192.168.164.206:43483, 070326aa-f1fa-4acf-9143-3b73f4503201:192.168.164.206:40114, 5edb5b81-e56f-48e0-a3d6-7479a545ce64:192.168.164.206:39550], old=null at 17
2019-10-02 21:06:41,697 [grpc-default-executor-7] INFO  segmented.SegmentedRaftLogWorker (SegmentedRaftLogWorker.java:rollLogSegment(390)) - 5edb5b81-e56f-48e0-a3d6-7479a545ce64@group-E1E12DDE26F6-SegmentedRaftLogWorker: Rolling segment log-0_16 to index:16
2019-10-02 21:06:41,698 [5edb5b81-e56f-48e0-a3d6-7479a545ce64@group-E1E12DDE26F6-SegmentedRaftLogWorker] INFO  segmented.SegmentedRaftLogWorker (SegmentedRaftLogWorker.java:execute(531)) - 5edb5b81-e56f-48e0-a3d6-7479a545ce64@group-E1E12DDE26F6-SegmentedRaftLogWorker: Rolled log segment from /workdir/hadoop-ozone/integration-test/target/test-dir/MiniOzoneClusterImpl-3a252fbc-4287-47a2-893f-83f3490ca533/datanode-2/data/ratis/49d1f7d9-7e07-4f9d-9976-e1e12dde26f6/current/log_inprogress_0 to /workdir/hadoop-ozone/integration-test/target/test-dir/MiniOzoneClusterImpl-3a252fbc-4287-47a2-893f-83f3490ca533/datanode-2/data/ratis/49d1f7d9-7e07-4f9d-9976-e1e12dde26f6/current/log_0-16
2019-10-02 21:06:41,749 [070326aa-f1fa-4acf-9143-3b73f4503201@group-E1E12DDE26F6-SegmentedRaftLogWorker] INFO  segmented.SegmentedRaftLogWorker (SegmentedRaftLogWorker.java:execute(574)) - 070326aa-f1fa-4acf-9143-3b73f4503201@group-E1E12DDE26F6-SegmentedRaftLogWorker: created new log segment /workdir/hadoop-ozone/integration-test/target/test-dir/MiniOzoneClusterImpl-3a252fbc-4287-47a2-893f-83f3490ca533/datanode-0/data/ratis/49d1f7d9-7e07-4f9d-9976-e1e12dde26f6/current/log_inprogress_17
2019-10-02 21:06:41,751 [5edb5b81-e56f-48e0-a3d6-7479a545ce64@group-E1E12DDE26F6-SegmentedRaftLogWorker] INFO  segmented.SegmentedRaftLogWorker (SegmentedRaftLogWorker.java:execute(574)) - 5edb5b81-e56f-48e0-a3d6-7479a545ce64@group-E1E12DDE26F6-SegmentedRaftLogWorker: created new log segment /workdir/hadoop-ozone/integration-test/target/test-dir/MiniOzoneClusterImpl-3a252fbc-4287-47a2-893f-83f3490ca533/datanode-2/data/ratis/49d1f7d9-7e07-4f9d-9976-e1e12dde26f6/current/log_inprogress_17
2019-10-02 21:06:41,774 [grpc-default-executor-6] WARN  server.GrpcLogAppender (LogUtils.java:warn(134)) - 070326aa-f1fa-4acf-9143-3b73f4503201@group-E1E12DDE26F6->7d6f8f3d-8939-42dd-bbbd-f72a8fc3ef97-AppendLogResponseHandler: Failed appendEntries: org.apache.ratis.thirdparty.io.grpc.StatusRuntimeException: UNAVAILABLE: io exception
2019-10-02 21:06:41,774 [grpc-default-executor-6] INFO  impl.FollowerInfo (FollowerInfo.java:lambda$new$0(51)) - 070326aa-f1fa-4acf-9143-3b73f4503201@group-E1E12DDE26F6->7d6f8f3d-8939-42dd-bbbd-f72a8fc3ef97: nextIndex: updateUnconditionally 2 -> 1
2019-10-02 21:06:41,784 [grpc-default-executor-9] WARN  server.GrpcLogAppender (LogUtils.java:warn(134)) - 070326aa-f1fa-4acf-9143-3b73f4503201@group-E1E12DDE26F6->7d6f8f3d-8939-42dd-bbbd-f72a8fc3ef97-AppendLogResponseHandler: Failed appendEntries: org.apache.ratis.thirdparty.io.grpc.StatusRuntimeException: UNAVAILABLE: io exception
2019-10-02 21:06:41,784 [grpc-default-executor-9] INFO  impl.FollowerInfo (FollowerInfo.java:lambda$new$0(51)) - 070326aa-f1fa-4acf-9143-3b73f4503201@group-E1E12DDE26F6->7d6f8f3d-8939-42dd-bbbd-f72a8fc3ef97: nextIndex: updateUnconditionally 2 -> 1
21:06:42.278 [grpc-default-executor-9] ERROR DNAudit - user=null | ip=null | op=WRITE_CHUNK {blockData=conID: 1 locID: 102894821800280077 bcsId: 14} | ret=FAILURE
org.apache.hadoop.hdds.scm.container.common.helpers.ContainerNotOpenException: Container 1 in CLOSING state
	at org.apache.hadoop.ozone.container.common.impl.HddsDispatcher.validateContainerCommand(HddsDispatcher.java:434) ~[hadoop-hdds-container-service-0.5.0-SNAPSHOT.jar:?]
	at org.apache.hadoop.ozone.container.common.transport.server.ratis.ContainerStateMachine.startTransaction(ContainerStateMachine.java:315) ~[hadoop-hdds-container-service-0.5.0-SNAPSHOT.jar:?]
	at org.apache.ratis.server.impl.RaftServerImpl.submitClientRequestAsync(RaftServerImpl.java:569) ~[ratis-server-0.5.0-201fc85-SNAPSHOT.jar:0.5.0-201fc85-SNAPSHOT]
	at org.apache.ratis.server.impl.RaftServerProxy.lambda$submitClientRequestAsync$7(RaftServerProxy.java:333) ~[ratis-server-0.5.0-201fc85-SNAPSHOT.jar:0.5.0-201fc85-SNAPSHOT]
	at org.apache.ratis.server.impl.RaftServerProxy.lambda$null$5(RaftServerProxy.java:328) ~[ratis-server-0.5.0-201fc85-SNAPSHOT.jar:0.5.0-201fc85-SNAPSHOT]
	at org.apache.ratis.util.JavaUtils.callAsUnchecked(JavaUtils.java:109) ~[ratis-common-0.5.0-201fc85-SNAPSHOT.jar:0.5.0-201fc85-SNAPSHOT]
	at org.apache.ratis.server.impl.RaftServerProxy.lambda$submitRequest$6(RaftServerProxy.java:328) ~[ratis-server-0.5.0-201fc85-SNAPSHOT.jar:0.5.0-201fc85-SNAPSHOT]
	at java.util.concurrent.CompletableFuture.uniComposeStage(CompletableFuture.java:981) ~[?:1.8.0_212]
	at java.util.concurrent.CompletableFuture.thenCompose(CompletableFuture.java:2124) ~[?:1.8.0_212]
	at org.apache.ratis.server.impl.RaftServerProxy.submitRequest(RaftServerProxy.java:327) ~[ratis-server-0.5.0-201fc85-SNAPSHOT.jar:0.5.0-201fc85-SNAPSHOT]
	at org.apache.ratis.server.impl.RaftServerProxy.submitClientRequestAsync(RaftServerProxy.java:333) ~[ratis-server-0.5.0-201fc85-SNAPSHOT.jar:0.5.0-201fc85-SNAPSHOT]
	at org.apache.ratis.grpc.client.GrpcClientProtocolService$RequestStreamObserver.processClientRequest(GrpcClientProtocolService.java:220) ~[ratis-grpc-0.5.0-201fc85-SNAPSHOT.jar:0.5.0-201fc85-SNAPSHOT]
	at org.apache.ratis.grpc.client.GrpcClientProtocolService$OrderedRequestStreamObserver.processClientRequest(GrpcClientProtocolService.java:326) ~[ratis-grpc-0.5.0-201fc85-SNAPSHOT.jar:0.5.0-201fc85-SNAPSHOT]
	at org.apache.ratis.util.SlidingWindow$Server.processRequestsFromHead(SlidingWindow.java:429) [ratis-common-0.5.0-201fc85-SNAPSHOT.jar:0.5.0-201fc85-SNAPSHOT]
	at org.apache.ratis.util.SlidingWindow$Server.receivedRequest(SlidingWindow.java:421) [ratis-common-0.5.0-201fc85-SNAPSHOT.jar:0.5.0-201fc85-SNAPSHOT]
	at org.apache.ratis.grpc.client.GrpcClientProtocolService$OrderedRequestStreamObserver.processClientRequest(GrpcClientProtocolService.java:345) [ratis-grpc-0.5.0-201fc85-SNAPSHOT.jar:0.5.0-201fc85-SNAPSHOT]
	at org.apache.ratis.grpc.client.GrpcClientProtocolService$RequestStreamObserver.onNext(GrpcClientProtocolService.java:240) [ratis-grpc-0.5.0-201fc85-SNAPSHOT.jar:0.5.0-201fc85-SNAPSHOT]
	at org.apache.ratis.grpc.client.GrpcClientProtocolService$RequestStreamObserver.onNext(GrpcClientProtocolService.java:168) [ratis-grpc-0.5.0-201fc85-SNAPSHOT.jar:0.5.0-201fc85-SNAPSHOT]
	at org.apache.ratis.thirdparty.io.grpc.stub.ServerCalls$StreamingServerCallHandler$StreamingServerCallListener.onMessage(ServerCalls.java:248) [ratis-thirdparty-misc-0.2.0.jar:0.2.0]
	at org.apache.ratis.thirdparty.io.grpc.internal.ServerCallImpl$ServerStreamListenerImpl.messagesAvailable(ServerCallImpl.java:263) [ratis-thirdparty-misc-0.2.0.jar:0.2.0]
	at org.apache.ratis.thirdparty.io.grpc.internal.ServerImpl$JumpToApplicationThreadServerStreamListener$1MessagesAvailable.runInContext(ServerImpl.java:686) [ratis-thirdparty-misc-0.2.0.jar:0.2.0]
	at org.apache.ratis.thirdparty.io.grpc.internal.ContextRunnable.run(ContextRunnable.java:37) [ratis-thirdparty-misc-0.2.0.jar:0.2.0]
	at org.apache.ratis.thirdparty.io.grpc.internal.SerializingExecutor.run(SerializingExecutor.java:123) [ratis-thirdparty-misc-0.2.0.jar:0.2.0]
	at java.util.concurrent.ThreadPoolExecutor.runWorker(ThreadPoolExecutor.java:1149) [?:1.8.0_212]
	at java.util.concurrent.ThreadPoolExecutor$Worker.run(ThreadPoolExecutor.java:624) [?:1.8.0_212]
	at java.lang.Thread.run(Thread.java:748) [?:1.8.0_212]
21:06:42.295 [grpc-default-executor-6] ERROR DNAudit - user=null | ip=null | op=WRITE_CHUNK {blockData=conID: 1 locID: 102894821800280077 bcsId: 14} | ret=FAILURE
org.apache.hadoop.hdds.scm.container.common.helpers.ContainerNotOpenException: Container 1 in CLOSING state
	at org.apache.hadoop.ozone.container.common.impl.HddsDispatcher.validateContainerCommand(HddsDispatcher.java:434) ~[hadoop-hdds-container-service-0.5.0-SNAPSHOT.jar:?]
	at org.apache.hadoop.ozone.container.common.transport.server.ratis.ContainerStateMachine.startTransaction(ContainerStateMachine.java:315) ~[hadoop-hdds-container-service-0.5.0-SNAPSHOT.jar:?]
	at org.apache.ratis.server.impl.RaftServerImpl.submitClientRequestAsync(RaftServerImpl.java:569) ~[ratis-server-0.5.0-201fc85-SNAPSHOT.jar:0.5.0-201fc85-SNAPSHOT]
	at org.apache.ratis.server.impl.RaftServerProxy.lambda$submitClientRequestAsync$7(RaftServerProxy.java:333) ~[ratis-server-0.5.0-201fc85-SNAPSHOT.jar:0.5.0-201fc85-SNAPSHOT]
	at org.apache.ratis.server.impl.RaftServerProxy.lambda$null$5(RaftServerProxy.java:328) ~[ratis-server-0.5.0-201fc85-SNAPSHOT.jar:0.5.0-201fc85-SNAPSHOT]
	at org.apache.ratis.util.JavaUtils.callAsUnchecked(JavaUtils.java:109) ~[ratis-common-0.5.0-201fc85-SNAPSHOT.jar:0.5.0-201fc85-SNAPSHOT]
	at org.apache.ratis.server.impl.RaftServerProxy.lambda$submitRequest$6(RaftServerProxy.java:328) ~[ratis-server-0.5.0-201fc85-SNAPSHOT.jar:0.5.0-201fc85-SNAPSHOT]
	at java.util.concurrent.CompletableFuture.uniComposeStage(CompletableFuture.java:981) ~[?:1.8.0_212]
	at java.util.concurrent.CompletableFuture.thenCompose(CompletableFuture.java:2124) ~[?:1.8.0_212]
	at org.apache.ratis.server.impl.RaftServerProxy.submitRequest(RaftServerProxy.java:327) ~[ratis-server-0.5.0-201fc85-SNAPSHOT.jar:0.5.0-201fc85-SNAPSHOT]
	at org.apache.ratis.server.impl.RaftServerProxy.submitClientRequestAsync(RaftServerProxy.java:333) ~[ratis-server-0.5.0-201fc85-SNAPSHOT.jar:0.5.0-201fc85-SNAPSHOT]
	at org.apache.ratis.grpc.client.GrpcClientProtocolService$RequestStreamObserver.processClientRequest(GrpcClientProtocolService.java:220) ~[ratis-grpc-0.5.0-201fc85-SNAPSHOT.jar:0.5.0-201fc85-SNAPSHOT]
	at org.apache.ratis.grpc.client.GrpcClientProtocolService$OrderedRequestStreamObserver.processClientRequest(GrpcClientProtocolService.java:326) ~[ratis-grpc-0.5.0-201fc85-SNAPSHOT.jar:0.5.0-201fc85-SNAPSHOT]
	at org.apache.ratis.util.SlidingWindow$Server.processRequestsFromHead(SlidingWindow.java:429) [ratis-common-0.5.0-201fc85-SNAPSHOT.jar:0.5.0-201fc85-SNAPSHOT]
	at org.apache.ratis.util.SlidingWindow$Server.receivedRequest(SlidingWindow.java:421) [ratis-common-0.5.0-201fc85-SNAPSHOT.jar:0.5.0-201fc85-SNAPSHOT]
	at org.apache.ratis.grpc.client.GrpcClientProtocolService$OrderedRequestStreamObserver.processClientRequest(GrpcClientProtocolService.java:345) [ratis-grpc-0.5.0-201fc85-SNAPSHOT.jar:0.5.0-201fc85-SNAPSHOT]
	at org.apache.ratis.grpc.client.GrpcClientProtocolService$RequestStreamObserver.onNext(GrpcClientProtocolService.java:240) [ratis-grpc-0.5.0-201fc85-SNAPSHOT.jar:0.5.0-201fc85-SNAPSHOT]
	at org.apache.ratis.grpc.client.GrpcClientProtocolService$RequestStreamObserver.onNext(GrpcClientProtocolService.java:168) [ratis-grpc-0.5.0-201fc85-SNAPSHOT.jar:0.5.0-201fc85-SNAPSHOT]
	at org.apache.ratis.thirdparty.io.grpc.stub.ServerCalls$StreamingServerCallHandler$StreamingServerCallListener.onMessage(ServerCalls.java:248) [ratis-thirdparty-misc-0.2.0.jar:0.2.0]
	at org.apache.ratis.thirdparty.io.grpc.internal.ServerCallImpl$ServerStreamListenerImpl.messagesAvailable(ServerCallImpl.java:263) [ratis-thirdparty-misc-0.2.0.jar:0.2.0]
	at org.apache.ratis.thirdparty.io.grpc.internal.ServerImpl$JumpToApplicationThreadServerStreamListener$1MessagesAvailable.runInContext(ServerImpl.java:686) [ratis-thirdparty-misc-0.2.0.jar:0.2.0]
	at org.apache.ratis.thirdparty.io.grpc.internal.ContextRunnable.run(ContextRunnable.java:37) [ratis-thirdparty-misc-0.2.0.jar:0.2.0]
	at org.apache.ratis.thirdparty.io.grpc.internal.SerializingExecutor.run(SerializingExecutor.java:123) [ratis-thirdparty-misc-0.2.0.jar:0.2.0]
	at java.util.concurrent.ThreadPoolExecutor.runWorker(ThreadPoolExecutor.java:1149) [?:1.8.0_212]
	at java.util.concurrent.ThreadPoolExecutor$Worker.run(ThreadPoolExecutor.java:624) [?:1.8.0_212]
	at java.lang.Thread.run(Thread.java:748) [?:1.8.0_212]
21:06:42.305 [grpc-default-executor-6] ERROR DNAudit - user=null | ip=null | op=PUT_BLOCK {blockData=[blockId=conID: 1 locID: 102894821800280077 bcsId: 0,size=650]} | ret=FAILURE
org.apache.hadoop.hdds.scm.container.common.helpers.ContainerNotOpenException: Container 1 in CLOSING state
	at org.apache.hadoop.ozone.container.common.impl.HddsDispatcher.validateContainerCommand(HddsDispatcher.java:434) ~[hadoop-hdds-container-service-0.5.0-SNAPSHOT.jar:?]
	at org.apache.hadoop.ozone.container.common.transport.server.ratis.ContainerStateMachine.startTransaction(ContainerStateMachine.java:315) ~[hadoop-hdds-container-service-0.5.0-SNAPSHOT.jar:?]
	at org.apache.ratis.server.impl.RaftServerImpl.submitClientRequestAsync(RaftServerImpl.java:569) ~[ratis-server-0.5.0-201fc85-SNAPSHOT.jar:0.5.0-201fc85-SNAPSHOT]
	at org.apache.ratis.server.impl.RaftServerProxy.lambda$submitClientRequestAsync$7(RaftServerProxy.java:333) ~[ratis-server-0.5.0-201fc85-SNAPSHOT.jar:0.5.0-201fc85-SNAPSHOT]
	at org.apache.ratis.server.impl.RaftServerProxy.lambda$null$5(RaftServerProxy.java:328) ~[ratis-server-0.5.0-201fc85-SNAPSHOT.jar:0.5.0-201fc85-SNAPSHOT]
	at org.apache.ratis.util.JavaUtils.callAsUnchecked(JavaUtils.java:109) ~[ratis-common-0.5.0-201fc85-SNAPSHOT.jar:0.5.0-201fc85-SNAPSHOT]
	at org.apache.ratis.server.impl.RaftServerProxy.lambda$submitRequest$6(RaftServerProxy.java:328) ~[ratis-server-0.5.0-201fc85-SNAPSHOT.jar:0.5.0-201fc85-SNAPSHOT]
	at java.util.concurrent.CompletableFuture.uniComposeStage(CompletableFuture.java:981) ~[?:1.8.0_212]
	at java.util.concurrent.CompletableFuture.thenCompose(CompletableFuture.java:2124) ~[?:1.8.0_212]
	at org.apache.ratis.server.impl.RaftServerProxy.submitRequest(RaftServerProxy.java:327) ~[ratis-server-0.5.0-201fc85-SNAPSHOT.jar:0.5.0-201fc85-SNAPSHOT]
	at org.apache.ratis.server.impl.RaftServerProxy.submitClientRequestAsync(RaftServerProxy.java:333) ~[ratis-server-0.5.0-201fc85-SNAPSHOT.jar:0.5.0-201fc85-SNAPSHOT]
	at org.apache.ratis.grpc.client.GrpcClientProtocolService$RequestStreamObserver.processClientRequest(GrpcClientProtocolService.java:220) ~[ratis-grpc-0.5.0-201fc85-SNAPSHOT.jar:0.5.0-201fc85-SNAPSHOT]
	at org.apache.ratis.grpc.client.GrpcClientProtocolService$OrderedRequestStreamObserver.processClientRequest(GrpcClientProtocolService.java:326) ~[ratis-grpc-0.5.0-201fc85-SNAPSHOT.jar:0.5.0-201fc85-SNAPSHOT]
	at org.apache.ratis.util.SlidingWindow$Server.processRequestsFromHead(SlidingWindow.java:429) [ratis-common-0.5.0-201fc85-SNAPSHOT.jar:0.5.0-201fc85-SNAPSHOT]
	at org.apache.ratis.util.SlidingWindow$Server.receivedRequest(SlidingWindow.java:421) [ratis-common-0.5.0-201fc85-SNAPSHOT.jar:0.5.0-201fc85-SNAPSHOT]
	at org.apache.ratis.grpc.client.GrpcClientProtocolService$OrderedRequestStreamObserver.processClientRequest(GrpcClientProtocolService.java:345) [ratis-grpc-0.5.0-201fc85-SNAPSHOT.jar:0.5.0-201fc85-SNAPSHOT]
	at org.apache.ratis.grpc.client.GrpcClientProtocolService$RequestStreamObserver.onNext(GrpcClientProtocolService.java:240) [ratis-grpc-0.5.0-201fc85-SNAPSHOT.jar:0.5.0-201fc85-SNAPSHOT]
	at org.apache.ratis.grpc.client.GrpcClientProtocolService$RequestStreamObserver.onNext(GrpcClientProtocolService.java:168) [ratis-grpc-0.5.0-201fc85-SNAPSHOT.jar:0.5.0-201fc85-SNAPSHOT]
	at org.apache.ratis.thirdparty.io.grpc.stub.ServerCalls$StreamingServerCallHandler$StreamingServerCallListener.onMessage(ServerCalls.java:248) [ratis-thirdparty-misc-0.2.0.jar:0.2.0]
	at org.apache.ratis.thirdparty.io.grpc.internal.ServerCallImpl$ServerStreamListenerImpl.messagesAvailable(ServerCallImpl.java:263) [ratis-thirdparty-misc-0.2.0.jar:0.2.0]
	at org.apache.ratis.thirdparty.io.grpc.internal.ServerImpl$JumpToApplicationThreadServerStreamListener$1MessagesAvailable.runInContext(ServerImpl.java:686) [ratis-thirdparty-misc-0.2.0.jar:0.2.0]
	at org.apache.ratis.thirdparty.io.grpc.internal.ContextRunnable.run(ContextRunnable.java:37) [ratis-thirdparty-misc-0.2.0.jar:0.2.0]
	at org.apache.ratis.thirdparty.io.grpc.internal.SerializingExecutor.run(SerializingExecutor.java:123) [ratis-thirdparty-misc-0.2.0.jar:0.2.0]
	at java.util.concurrent.ThreadPoolExecutor.runWorker(ThreadPoolExecutor.java:1149) [?:1.8.0_212]
	at java.util.concurrent.ThreadPoolExecutor$Worker.run(ThreadPoolExecutor.java:624) [?:1.8.0_212]
	at java.lang.Thread.run(Thread.java:748) [?:1.8.0_212]
21:06:42.307 [grpc-default-executor-6] ERROR DNAudit - user=null | ip=null | op=WRITE_CHUNK {blockData=conID: 1 locID: 102894821800280077 bcsId: 14} | ret=FAILURE
org.apache.hadoop.hdds.scm.container.common.helpers.ContainerNotOpenException: Container 1 in CLOSING state
	at org.apache.hadoop.ozone.container.common.impl.HddsDispatcher.validateContainerCommand(HddsDispatcher.java:434) ~[hadoop-hdds-container-service-0.5.0-SNAPSHOT.jar:?]
	at org.apache.hadoop.ozone.container.common.transport.server.ratis.ContainerStateMachine.startTransaction(ContainerStateMachine.java:315) ~[hadoop-hdds-container-service-0.5.0-SNAPSHOT.jar:?]
	at org.apache.ratis.server.impl.RaftServerImpl.submitClientRequestAsync(RaftServerImpl.java:569) ~[ratis-server-0.5.0-201fc85-SNAPSHOT.jar:0.5.0-201fc85-SNAPSHOT]
	at org.apache.ratis.server.impl.RaftServerProxy.lambda$submitClientRequestAsync$7(RaftServerProxy.java:333) ~[ratis-server-0.5.0-201fc85-SNAPSHOT.jar:0.5.0-201fc85-SNAPSHOT]
	at org.apache.ratis.server.impl.RaftServerProxy.lambda$null$5(RaftServerProxy.java:328) ~[ratis-server-0.5.0-201fc85-SNAPSHOT.jar:0.5.0-201fc85-SNAPSHOT]
	at org.apache.ratis.util.JavaUtils.callAsUnchecked(JavaUtils.java:109) ~[ratis-common-0.5.0-201fc85-SNAPSHOT.jar:0.5.0-201fc85-SNAPSHOT]
	at org.apache.ratis.server.impl.RaftServerProxy.lambda$submitRequest$6(RaftServerProxy.java:328) ~[ratis-server-0.5.0-201fc85-SNAPSHOT.jar:0.5.0-201fc85-SNAPSHOT]
	at java.util.concurrent.CompletableFuture.uniComposeStage(CompletableFuture.java:981) ~[?:1.8.0_212]
	at java.util.concurrent.CompletableFuture.thenCompose(CompletableFuture.java:2124) ~[?:1.8.0_212]
	at org.apache.ratis.server.impl.RaftServerProxy.submitRequest(RaftServerProxy.java:327) ~[ratis-server-0.5.0-201fc85-SNAPSHOT.jar:0.5.0-201fc85-SNAPSHOT]
	at org.apache.ratis.server.impl.RaftServerProxy.submitClientRequestAsync(RaftServerProxy.java:333) ~[ratis-server-0.5.0-201fc85-SNAPSHOT.jar:0.5.0-201fc85-SNAPSHOT]
	at org.apache.ratis.grpc.client.GrpcClientProtocolService$RequestStreamObserver.processClientRequest(GrpcClientProtocolService.java:220) ~[ratis-grpc-0.5.0-201fc85-SNAPSHOT.jar:0.5.0-201fc85-SNAPSHOT]
	at org.apache.ratis.grpc.client.GrpcClientProtocolService$OrderedRequestStreamObserver.processClientRequest(GrpcClientProtocolService.java:326) ~[ratis-grpc-0.5.0-201fc85-SNAPSHOT.jar:0.5.0-201fc85-SNAPSHOT]
	at org.apache.ratis.util.SlidingWindow$Server.processRequestsFromHead(SlidingWindow.java:429) [ratis-common-0.5.0-201fc85-SNAPSHOT.jar:0.5.0-201fc85-SNAPSHOT]
	at org.apache.ratis.util.SlidingWindow$Server.receivedRequest(SlidingWindow.java:421) [ratis-common-0.5.0-201fc85-SNAPSHOT.jar:0.5.0-201fc85-SNAPSHOT]
	at org.apache.ratis.grpc.client.GrpcClientProtocolService$OrderedRequestStreamObserver.processClientRequest(GrpcClientProtocolService.java:345) [ratis-grpc-0.5.0-201fc85-SNAPSHOT.jar:0.5.0-201fc85-SNAPSHOT]
	at org.apache.ratis.grpc.client.GrpcClientProtocolService$RequestStreamObserver.onNext(GrpcClientProtocolService.java:240) [ratis-grpc-0.5.0-201fc85-SNAPSHOT.jar:0.5.0-201fc85-SNAPSHOT]
	at org.apache.ratis.grpc.client.GrpcClientProtocolService$RequestStreamObserver.onNext(GrpcClientProtocolService.java:168) [ratis-grpc-0.5.0-201fc85-SNAPSHOT.jar:0.5.0-201fc85-SNAPSHOT]
	at org.apache.ratis.thirdparty.io.grpc.stub.ServerCalls$StreamingServerCallHandler$StreamingServerCallListener.onMessage(ServerCalls.java:248) [ratis-thirdparty-misc-0.2.0.jar:0.2.0]
	at org.apache.ratis.thirdparty.io.grpc.internal.ServerCallImpl$ServerStreamListenerImpl.messagesAvailable(ServerCallImpl.java:263) [ratis-thirdparty-misc-0.2.0.jar:0.2.0]
	at org.apache.ratis.thirdparty.io.grpc.internal.ServerImpl$JumpToApplicationThreadServerStreamListener$1MessagesAvailable.runInContext(ServerImpl.java:686) [ratis-thirdparty-misc-0.2.0.jar:0.2.0]
	at org.apache.ratis.thirdparty.io.grpc.internal.ContextRunnable.run(ContextRunnable.java:37) [ratis-thirdparty-misc-0.2.0.jar:0.2.0]
	at org.apache.ratis.thirdparty.io.grpc.internal.SerializingExecutor.run(SerializingExecutor.java:123) [ratis-thirdparty-misc-0.2.0.jar:0.2.0]
	at java.util.concurrent.ThreadPoolExecutor.runWorker(ThreadPoolExecutor.java:1149) [?:1.8.0_212]
	at java.util.concurrent.ThreadPoolExecutor$Worker.run(ThreadPoolExecutor.java:624) [?:1.8.0_212]
	at java.lang.Thread.run(Thread.java:748) [?:1.8.0_212]
21:06:42.318 [grpc-default-executor-6] ERROR DNAudit - user=null | ip=null | op=WRITE_CHUNK {blockData=conID: 1 locID: 102894821800280077 bcsId: 14} | ret=FAILURE
org.apache.hadoop.hdds.scm.container.common.helpers.ContainerNotOpenException: Container 1 in CLOSING state
	at org.apache.hadoop.ozone.container.common.impl.HddsDispatcher.validateContainerCommand(HddsDispatcher.java:434) ~[hadoop-hdds-container-service-0.5.0-SNAPSHOT.jar:?]
	at org.apache.hadoop.ozone.container.common.transport.server.ratis.ContainerStateMachine.startTransaction(ContainerStateMachine.java:315) ~[hadoop-hdds-container-service-0.5.0-SNAPSHOT.jar:?]
	at org.apache.ratis.server.impl.RaftServerImpl.submitClientRequestAsync(RaftServerImpl.java:569) ~[ratis-server-0.5.0-201fc85-SNAPSHOT.jar:0.5.0-201fc85-SNAPSHOT]
	at org.apache.ratis.server.impl.RaftServerProxy.lambda$submitClientRequestAsync$7(RaftServerProxy.java:333) ~[ratis-server-0.5.0-201fc85-SNAPSHOT.jar:0.5.0-201fc85-SNAPSHOT]
	at org.apache.ratis.server.impl.RaftServerProxy.lambda$null$5(RaftServerProxy.java:328) ~[ratis-server-0.5.0-201fc85-SNAPSHOT.jar:0.5.0-201fc85-SNAPSHOT]
	at org.apache.ratis.util.JavaUtils.callAsUnchecked(JavaUtils.java:109) ~[ratis-common-0.5.0-201fc85-SNAPSHOT.jar:0.5.0-201fc85-SNAPSHOT]
	at org.apache.ratis.server.impl.RaftServerProxy.lambda$submitRequest$6(RaftServerProxy.java:328) ~[ratis-server-0.5.0-201fc85-SNAPSHOT.jar:0.5.0-201fc85-SNAPSHOT]
	at java.util.concurrent.CompletableFuture.uniComposeStage(CompletableFuture.java:981) ~[?:1.8.0_212]
	at java.util.concurrent.CompletableFuture.thenCompose(CompletableFuture.java:2124) ~[?:1.8.0_212]
	at org.apache.ratis.server.impl.RaftServerProxy.submitRequest(RaftServerProxy.java:327) ~[ratis-server-0.5.0-201fc85-SNAPSHOT.jar:0.5.0-201fc85-SNAPSHOT]
	at org.apache.ratis.server.impl.RaftServerProxy.submitClientRequestAsync(RaftServerProxy.java:333) ~[ratis-server-0.5.0-201fc85-SNAPSHOT.jar:0.5.0-201fc85-SNAPSHOT]
	at org.apache.ratis.grpc.client.GrpcClientProtocolService$RequestStreamObserver.processClientRequest(GrpcClientProtocolService.java:220) ~[ratis-grpc-0.5.0-201fc85-SNAPSHOT.jar:0.5.0-201fc85-SNAPSHOT]
	at org.apache.ratis.grpc.client.GrpcClientProtocolService$OrderedRequestStreamObserver.processClientRequest(GrpcClientProtocolService.java:326) ~[ratis-grpc-0.5.0-201fc85-SNAPSHOT.jar:0.5.0-201fc85-SNAPSHOT]
	at org.apache.ratis.util.SlidingWindow$Server.processRequestsFromHead(SlidingWindow.java:429) [ratis-common-0.5.0-201fc85-SNAPSHOT.jar:0.5.0-201fc85-SNAPSHOT]
	at org.apache.ratis.util.SlidingWindow$Server.receivedRequest(SlidingWindow.java:421) [ratis-common-0.5.0-201fc85-SNAPSHOT.jar:0.5.0-201fc85-SNAPSHOT]
	at org.apache.ratis.grpc.client.GrpcClientProtocolService$OrderedRequestStreamObserver.processClientRequest(GrpcClientProtocolService.java:345) [ratis-grpc-0.5.0-201fc85-SNAPSHOT.jar:0.5.0-201fc85-SNAPSHOT]
	at org.apache.ratis.grpc.client.GrpcClientProtocolService$RequestStreamObserver.onNext(GrpcClientProtocolService.java:240) [ratis-grpc-0.5.0-201fc85-SNAPSHOT.jar:0.5.0-201fc85-SNAPSHOT]
	at org.apache.ratis.grpc.client.GrpcClientProtocolService$RequestStreamObserver.onNext(GrpcClientProtocolService.java:168) [ratis-grpc-0.5.0-201fc85-SNAPSHOT.jar:0.5.0-201fc85-SNAPSHOT]
	at org.apache.ratis.thirdparty.io.grpc.stub.ServerCalls$StreamingServerCallHandler$StreamingServerCallListener.onMessage(ServerCalls.java:248) [ratis-thirdparty-misc-0.2.0.jar:0.2.0]
	at org.apache.ratis.thirdparty.io.grpc.internal.ServerCallImpl$ServerStreamListenerImpl.messagesAvailable(ServerCallImpl.java:263) [ratis-thirdparty-misc-0.2.0.jar:0.2.0]
	at org.apache.ratis.thirdparty.io.grpc.internal.ServerImpl$JumpToApplicationThreadServerStreamListener$1MessagesAvailable.runInContext(ServerImpl.java:686) [ratis-thirdparty-misc-0.2.0.jar:0.2.0]
	at org.apache.ratis.thirdparty.io.grpc.internal.ContextRunnable.run(ContextRunnable.java:37) [ratis-thirdparty-misc-0.2.0.jar:0.2.0]
	at org.apache.ratis.thirdparty.io.grpc.internal.SerializingExecutor.run(SerializingExecutor.java:123) [ratis-thirdparty-misc-0.2.0.jar:0.2.0]
	at java.util.concurrent.ThreadPoolExecutor.runWorker(ThreadPoolExecutor.java:1149) [?:1.8.0_212]
	at java.util.concurrent.ThreadPoolExecutor$Worker.run(ThreadPoolExecutor.java:624) [?:1.8.0_212]
	at java.lang.Thread.run(Thread.java:748) [?:1.8.0_212]
21:06:42.320 [grpc-default-executor-6] ERROR DNAudit - user=null | ip=null | op=PUT_BLOCK {blockData=[blockId=conID: 1 locID: 102894821800280077 bcsId: 0,size=800]} | ret=FAILURE
org.apache.hadoop.hdds.scm.container.common.helpers.ContainerNotOpenException: Container 1 in CLOSING state
	at org.apache.hadoop.ozone.container.common.impl.HddsDispatcher.validateContainerCommand(HddsDispatcher.java:434) ~[hadoop-hdds-container-service-0.5.0-SNAPSHOT.jar:?]
	at org.apache.hadoop.ozone.container.common.transport.server.ratis.ContainerStateMachine.startTransaction(ContainerStateMachine.java:315) ~[hadoop-hdds-container-service-0.5.0-SNAPSHOT.jar:?]
	at org.apache.ratis.server.impl.RaftServerImpl.submitClientRequestAsync(RaftServerImpl.java:569) ~[ratis-server-0.5.0-201fc85-SNAPSHOT.jar:0.5.0-201fc85-SNAPSHOT]
	at org.apache.ratis.server.impl.RaftServerProxy.lambda$submitClientRequestAsync$7(RaftServerProxy.java:333) ~[ratis-server-0.5.0-201fc85-SNAPSHOT.jar:0.5.0-201fc85-SNAPSHOT]
	at org.apache.ratis.server.impl.RaftServerProxy.lambda$null$5(RaftServerProxy.java:328) ~[ratis-server-0.5.0-201fc85-SNAPSHOT.jar:0.5.0-201fc85-SNAPSHOT]
	at org.apache.ratis.util.JavaUtils.callAsUnchecked(JavaUtils.java:109) ~[ratis-common-0.5.0-201fc85-SNAPSHOT.jar:0.5.0-201fc85-SNAPSHOT]
	at org.apache.ratis.server.impl.RaftServerProxy.lambda$submitRequest$6(RaftServerProxy.java:328) ~[ratis-server-0.5.0-201fc85-SNAPSHOT.jar:0.5.0-201fc85-SNAPSHOT]
	at java.util.concurrent.CompletableFuture.uniComposeStage(CompletableFuture.java:981) ~[?:1.8.0_212]
	at java.util.concurrent.CompletableFuture.thenCompose(CompletableFuture.java:2124) ~[?:1.8.0_212]
	at org.apache.ratis.server.impl.RaftServerProxy.submitRequest(RaftServerProxy.java:327) ~[ratis-server-0.5.0-201fc85-SNAPSHOT.jar:0.5.0-201fc85-SNAPSHOT]
	at org.apache.ratis.server.impl.RaftServerProxy.submitClientRequestAsync(RaftServerProxy.java:333) ~[ratis-server-0.5.0-201fc85-SNAPSHOT.jar:0.5.0-201fc85-SNAPSHOT]
	at org.apache.ratis.grpc.client.GrpcClientProtocolService$RequestStreamObserver.processClientRequest(GrpcClientProtocolService.java:220) ~[ratis-grpc-0.5.0-201fc85-SNAPSHOT.jar:0.5.0-201fc85-SNAPSHOT]
	at org.apache.ratis.grpc.client.GrpcClientProtocolService$OrderedRequestStreamObserver.processClientRequest(GrpcClientProtocolService.java:326) ~[ratis-grpc-0.5.0-201fc85-SNAPSHOT.jar:0.5.0-201fc85-SNAPSHOT]
	at org.apache.ratis.util.SlidingWindow$Server.processRequestsFromHead(SlidingWindow.java:429) [ratis-common-0.5.0-201fc85-SNAPSHOT.jar:0.5.0-201fc85-SNAPSHOT]
	at org.apache.ratis.util.SlidingWindow$Server.receivedRequest(SlidingWindow.java:421) [ratis-common-0.5.0-201fc85-SNAPSHOT.jar:0.5.0-201fc85-SNAPSHOT]
	at org.apache.ratis.grpc.client.GrpcClientProtocolService$OrderedRequestStreamObserver.processClientRequest(GrpcClientProtocolService.java:345) [ratis-grpc-0.5.0-201fc85-SNAPSHOT.jar:0.5.0-201fc85-SNAPSHOT]
	at org.apache.ratis.grpc.client.GrpcClientProtocolService$RequestStreamObserver.onNext(GrpcClientProtocolService.java:240) [ratis-grpc-0.5.0-201fc85-SNAPSHOT.jar:0.5.0-201fc85-SNAPSHOT]
	at org.apache.ratis.grpc.client.GrpcClientProtocolService$RequestStreamObserver.onNext(GrpcClientProtocolService.java:168) [ratis-grpc-0.5.0-201fc85-SNAPSHOT.jar:0.5.0-201fc85-SNAPSHOT]
	at org.apache.ratis.thirdparty.io.grpc.stub.ServerCalls$StreamingServerCallHandler$StreamingServerCallListener.onMessage(ServerCalls.java:248) [ratis-thirdparty-misc-0.2.0.jar:0.2.0]
	at org.apache.ratis.thirdparty.io.grpc.internal.ServerCallImpl$ServerStreamListenerImpl.messagesAvailable(ServerCallImpl.java:263) [ratis-thirdparty-misc-0.2.0.jar:0.2.0]
	at org.apache.ratis.thirdparty.io.grpc.internal.ServerImpl$JumpToApplicationThreadServerStreamListener$1MessagesAvailable.runInContext(ServerImpl.java:686) [ratis-thirdparty-misc-0.2.0.jar:0.2.0]
	at org.apache.ratis.thirdparty.io.grpc.internal.ContextRunnable.run(ContextRunnable.java:37) [ratis-thirdparty-misc-0.2.0.jar:0.2.0]
	at org.apache.ratis.thirdparty.io.grpc.internal.SerializingExecutor.run(SerializingExecutor.java:123) [ratis-thirdparty-misc-0.2.0.jar:0.2.0]
	at java.util.concurrent.ThreadPoolExecutor.runWorker(ThreadPoolExecutor.java:1149) [?:1.8.0_212]
	at java.util.concurrent.ThreadPoolExecutor$Worker.run(ThreadPoolExecutor.java:624) [?:1.8.0_212]
	at java.lang.Thread.run(Thread.java:748) [?:1.8.0_212]
2019-10-02 21:06:42,679 [main] INFO  ozone.MiniOzoneClusterImpl (MiniOzoneClusterImpl.java:shutdown(314)) - Shutting down the Mini Ozone Cluster
2019-10-02 21:06:42,679 [main] INFO  ozone.MiniOzoneClusterImpl (MiniOzoneClusterImpl.java:stop(330)) - Stopping the Mini Ozone Cluster
2019-10-02 21:06:42,679 [main] INFO  ozone.MiniOzoneClusterImpl (MiniOzoneClusterImpl.java:stopOM(400)) - Stopping the OzoneManager
2019-10-02 21:06:42,680 [main] INFO  ipc.Server (Server.java:stop(3082)) - Stopping server on 46292
2019-10-02 21:06:42,692 [IPC Server listener on 46292] INFO  ipc.Server (Server.java:run(1185)) - Stopping IPC Server listener on 46292
2019-10-02 21:06:42,695 [main] INFO  ratis.OzoneManagerDoubleBuffer (OzoneManagerDoubleBuffer.java:stop(248)) - Stopping OMDoubleBuffer flush thread
2019-10-02 21:06:42,699 [IPC Server Responder] INFO  ipc.Server (Server.java:run(1319)) - Stopping IPC Server Responder
2019-10-02 21:06:42,714 [OMDoubleBufferFlushThread] INFO  ratis.OzoneManagerDoubleBuffer (OzoneManagerDoubleBuffer.java:flushTransactions(191)) - OMDoubleBuffer flush thread OMDoubleBufferFlushThread is interrupted and will exit. OMDoubleBufferFlushThread
2019-10-02 21:06:42,725 [main] INFO  utils.BackgroundService (BackgroundService.java:shutdown(148)) - Shutting down service KeyDeletingService
2019-10-02 21:06:42,726 [main] INFO  handler.ContextHandler (ContextHandler.java:doStop(910)) - Stopped o.e.j.w.WebAppContext@7a606260{/,null,UNAVAILABLE}{/ozoneManager}
2019-10-02 21:06:42,728 [main] INFO  server.AbstractConnector (AbstractConnector.java:doStop(318)) - Stopped ServerConnector@5dbab232{HTTP/1.1,[http/1.1]}{0.0.0.0:0}
2019-10-02 21:06:42,728 [main] INFO  handler.ContextHandler (ContextHandler.java:doStop(910)) - Stopped o.e.j.s.ServletContextHandler@5b8853{/static,file:///workdir/hadoop-ozone/integration-test/target/test-classes/webapps/static,UNAVAILABLE}
2019-10-02 21:06:42,729 [main] INFO  handler.ContextHandler (ContextHandler.java:doStop(910)) - Stopped o.e.j.s.ServletContextHandler@32ae8f27{/logs,file:///workdir/hadoop-ozone/integration-test/target/log,UNAVAILABLE}
2019-10-02 21:06:42,731 [main] INFO  ozone.MiniOzoneClusterImpl (MiniOzoneClusterImpl.java:stopDatanodes(377)) - Stopping the HddsDatanodes
2019-10-02 21:06:42,810 [Datanode State Machine Thread - 0] INFO  statemachine.DatanodeStateMachine (DatanodeStateMachine.java:lambda$startDaemon$0(350)) - Ozone container server started.
2019-10-02 21:06:43,474 [Datanode State Machine Thread - 0] INFO  statemachine.DatanodeStateMachine (DatanodeStateMachine.java:lambda$startDaemon$0(350)) - Ozone container server started.
2019-10-02 21:06:44,285 [grpc-default-executor-4] WARN  server.GrpcLogAppender (LogUtils.java:warn(134)) - 070326aa-f1fa-4acf-9143-3b73f4503201@group-E1E12DDE26F6->7d6f8f3d-8939-42dd-bbbd-f72a8fc3ef97-AppendLogResponseHandler: Failed appendEntries: org.apache.ratis.thirdparty.io.grpc.StatusRuntimeException: UNAVAILABLE: io exception
2019-10-02 21:06:44,285 [grpc-default-executor-4] INFO  impl.FollowerInfo (FollowerInfo.java:lambda$new$0(51)) - 070326aa-f1fa-4acf-9143-3b73f4503201@group-E1E12DDE26F6->7d6f8f3d-8939-42dd-bbbd-f72a8fc3ef97: nextIndex: updateUnconditionally 1 -> 0
2019-10-02 21:06:46,788 [grpc-default-executor-7] WARN  server.GrpcLogAppender (LogUtils.java:warn(134)) - 070326aa-f1fa-4acf-9143-3b73f4503201@group-E1E12DDE26F6->7d6f8f3d-8939-42dd-bbbd-f72a8fc3ef97-AppendLogResponseHandler: Failed appendEntries: org.apache.ratis.thirdparty.io.grpc.StatusRuntimeException: UNAVAILABLE: io exception
2019-10-02 21:06:46,789 [grpc-default-executor-7] INFO  impl.FollowerInfo (FollowerInfo.java:lambda$new$0(51)) - 070326aa-f1fa-4acf-9143-3b73f4503201@group-E1E12DDE26F6->7d6f8f3d-8939-42dd-bbbd-f72a8fc3ef97: nextIndex: updateUnconditionally 0 -> 0
2019-10-02 21:06:46,880 [EventQueue-StaleNodeForStaleNodeHandler] INFO  node.StaleNodeHandler (StaleNodeHandler.java:onMessage(58)) - Datanode 5edb5b81-e56f-48e0-a3d6-7479a545ce64{ip: 192.168.164.206, host: pr-hdds-2162-pj84x-1708865144, networkLocation: /default-rack, certSerialId: null} moved to stale state. Finalizing its pipelines [PipelineID=49d1f7d9-7e07-4f9d-9976-e1e12dde26f6, PipelineID=2d10527d-8c1c-4e8b-8414-5a9aaedcd836]
2019-10-02 21:06:46,880 [EventQueue-StaleNodeForStaleNodeHandler] INFO  pipeline.SCMPipelineManager (SCMPipelineManager.java:finalizeAndDestroyPipeline(315)) - destroying pipeline:Pipeline[ Id: 49d1f7d9-7e07-4f9d-9976-e1e12dde26f6, Nodes: 7d6f8f3d-8939-42dd-bbbd-f72a8fc3ef97{ip: 192.168.164.206, host: pr-hdds-2162-pj84x-1708865144, networkLocation: /default-rack, certSerialId: null}5edb5b81-e56f-48e0-a3d6-7479a545ce64{ip: 192.168.164.206, host: pr-hdds-2162-pj84x-1708865144, networkLocation: /default-rack, certSerialId: null}070326aa-f1fa-4acf-9143-3b73f4503201{ip: 192.168.164.206, host: pr-hdds-2162-pj84x-1708865144, networkLocation: /default-rack, certSerialId: null}, Type:RATIS, Factor:THREE, State:CLOSED]
2019-10-02 21:06:46,880 [EventQueue-StaleNodeForStaleNodeHandler] INFO  pipeline.SCMPipelineManager (SCMPipelineManager.java:finalizeAndDestroyPipeline(315)) - destroying pipeline:Pipeline[ Id: 2d10527d-8c1c-4e8b-8414-5a9aaedcd836, Nodes: 5edb5b81-e56f-48e0-a3d6-7479a545ce64{ip: 192.168.164.206, host: pr-hdds-2162-pj84x-1708865144, networkLocation: /default-rack, certSerialId: null}, Type:RATIS, Factor:ONE, State:OPEN]
2019-10-02 21:06:46,881 [EventQueue-StaleNodeForStaleNodeHandler] INFO  pipeline.PipelineStateManager (PipelineStateManager.java:finalizePipeline(123)) - Pipeline Pipeline[ Id: 2d10527d-8c1c-4e8b-8414-5a9aaedcd836, Nodes: 5edb5b81-e56f-48e0-a3d6-7479a545ce64{ip: 192.168.164.206, host: pr-hdds-2162-pj84x-1708865144, networkLocation: /default-rack, certSerialId: null}, Type:RATIS, Factor:ONE, State:CLOSED] moved to CLOSED state
2019-10-02 21:06:47,480 [EventQueue-StaleNodeForStaleNodeHandler] INFO  node.StaleNodeHandler (StaleNodeHandler.java:onMessage(58)) - Datanode 77825903-4878-47e9-9161-8fc3ca3e4e76{ip: 192.168.164.206, host: pr-hdds-2162-pj84x-1708865144, networkLocation: /default-rack, certSerialId: null} moved to stale state. Finalizing its pipelines [PipelineID=8c746c43-5942-43f1-a905-ca1d320b4a05, PipelineID=511bb0c4-959f-430c-924b-01310bd6a0bf]
2019-10-02 21:06:47,481 [EventQueue-StaleNodeForStaleNodeHandler] INFO  pipeline.SCMPipelineManager (SCMPipelineManager.java:finalizeAndDestroyPipeline(315)) - destroying pipeline:Pipeline[ Id: 8c746c43-5942-43f1-a905-ca1d320b4a05, Nodes: 18b3ba82-8644-4b44-b91b-2038c85b7def{ip: 192.168.164.206, host: pr-hdds-2162-pj84x-1708865144, networkLocation: /default-rack, certSerialId: null}77825903-4878-47e9-9161-8fc3ca3e4e76{ip: 192.168.164.206, host: pr-hdds-2162-pj84x-1708865144, networkLocation: /default-rack, certSerialId: null}9f78b666-09ed-47d3-a843-81f82f1ca7ed{ip: 192.168.164.206, host: pr-hdds-2162-pj84x-1708865144, networkLocation: /default-rack, certSerialId: null}, Type:RATIS, Factor:THREE, State:OPEN]
2019-10-02 21:06:47,481 [EventQueue-StaleNodeForStaleNodeHandler] INFO  pipeline.PipelineStateManager (PipelineStateManager.java:finalizePipeline(123)) - Pipeline Pipeline[ Id: 8c746c43-5942-43f1-a905-ca1d320b4a05, Nodes: 18b3ba82-8644-4b44-b91b-2038c85b7def{ip: 192.168.164.206, host: pr-hdds-2162-pj84x-1708865144, networkLocation: /default-rack, certSerialId: null}77825903-4878-47e9-9161-8fc3ca3e4e76{ip: 192.168.164.206, host: pr-hdds-2162-pj84x-1708865144, networkLocation: /default-rack, certSerialId: null}9f78b666-09ed-47d3-a843-81f82f1ca7ed{ip: 192.168.164.206, host: pr-hdds-2162-pj84x-1708865144, networkLocation: /default-rack, certSerialId: null}, Type:RATIS, Factor:THREE, State:CLOSED] moved to CLOSED state
2019-10-02 21:06:47,481 [EventQueue-StaleNodeForStaleNodeHandler] INFO  pipeline.SCMPipelineManager (SCMPipelineManager.java:finalizeAndDestroyPipeline(315)) - destroying pipeline:Pipeline[ Id: 511bb0c4-959f-430c-924b-01310bd6a0bf, Nodes: 77825903-4878-47e9-9161-8fc3ca3e4e76{ip: 192.168.164.206, host: pr-hdds-2162-pj84x-1708865144, networkLocation: /default-rack, certSerialId: null}, Type:RATIS, Factor:ONE, State:OPEN]
2019-10-02 21:06:47,481 [EventQueue-CloseContainerForCloseContainerEventHandler] INFO  container.CloseContainerEventHandler (CloseContainerEventHandler.java:onMessage(61)) - Close container Event triggered for container : #2
2019-10-02 21:06:47,485 [EventQueue-StaleNodeForStaleNodeHandler] INFO  pipeline.PipelineStateManager (PipelineStateManager.java:finalizePipeline(123)) - Pipeline Pipeline[ Id: 511bb0c4-959f-430c-924b-01310bd6a0bf, Nodes: 77825903-4878-47e9-9161-8fc3ca3e4e76{ip: 192.168.164.206, host: pr-hdds-2162-pj84x-1708865144, networkLocation: /default-rack, certSerialId: null}, Type:RATIS, Factor:ONE, State:CLOSED] moved to CLOSED state
2019-10-02 21:06:47,733 [main] INFO  ozoneimpl.OzoneContainer (OzoneContainer.java:stop(231)) - Attempting to stop container services.
2019-10-02 21:06:47,733 [ForkJoinPool.commonPool-worker-0] INFO  ozoneimpl.OzoneContainer (OzoneContainer.java:stop(231)) - Attempting to stop container services.
2019-10-02 21:06:47,734 [main] INFO  impl.RaftServerProxy (RaftServerProxy.java:lambda$close$4(314)) - 77825903-4878-47e9-9161-8fc3ca3e4e76: close
2019-10-02 21:06:47,734 [ForkJoinPool.commonPool-worker-0] INFO  impl.RaftServerProxy (RaftServerProxy.java:lambda$close$4(314)) - 5edb5b81-e56f-48e0-a3d6-7479a545ce64: close
2019-10-02 21:06:47,734 [main] INFO  impl.RaftServerImpl (RaftServerImpl.java:lambda$shutdown$3(247)) - 77825903-4878-47e9-9161-8fc3ca3e4e76@group-CA1D320B4A05: shutdown
2019-10-02 21:06:47,734 [ForkJoinPool.commonPool-worker-0] INFO  impl.RaftServerImpl (RaftServerImpl.java:lambda$shutdown$3(247)) - 5edb5b81-e56f-48e0-a3d6-7479a545ce64@group-E1E12DDE26F6: shutdown
2019-10-02 21:06:47,735 [main] INFO  util.JmxRegister (JmxRegister.java:unregister(73)) - Successfully un-registered JMX Bean with object name Ratis:service=RaftServer,group=group-CA1D320B4A05,id=77825903-4878-47e9-9161-8fc3ca3e4e76
2019-10-02 21:06:47,735 [ForkJoinPool.commonPool-worker-0] INFO  util.JmxRegister (JmxRegister.java:unregister(73)) - Successfully un-registered JMX Bean with object name Ratis:service=RaftServer,group=group-E1E12DDE26F6,id=5edb5b81-e56f-48e0-a3d6-7479a545ce64
2019-10-02 21:06:47,735 [main] INFO  impl.RoleInfo (RoleInfo.java:shutdownFollowerState(121)) - 77825903-4878-47e9-9161-8fc3ca3e4e76: shutdown FollowerState
2019-10-02 21:06:47,736 [ForkJoinPool.commonPool-worker-0] INFO  impl.RoleInfo (RoleInfo.java:shutdownFollowerState(121)) - 5edb5b81-e56f-48e0-a3d6-7479a545ce64: shutdown FollowerState
2019-10-02 21:06:47,736 [77825903-4878-47e9-9161-8fc3ca3e4e76@group-CA1D320B4A05-StateMachineUpdater] INFO  ratis.ContainerStateMachine (ContainerStateMachine.java:takeSnapshot(289)) - group-CA1D320B4A05: Taking a snapshot at:(t:1, i:14) file /workdir/hadoop-ozone/integration-test/target/test-dir/MiniOzoneClusterImpl-3a252fbc-4287-47a2-893f-83f3490ca533/datanode-4/data/ratis/8c746c43-5942-43f1-a905-ca1d320b4a05/sm/snapshot.1_14
2019-10-02 21:06:47,736 [Thread-3127] INFO  impl.FollowerState (FollowerState.java:run(117)) - 77825903-4878-47e9-9161-8fc3ca3e4e76@group-CA1D320B4A05-FollowerState was interrupted: java.lang.InterruptedException: sleep interrupted
2019-10-02 21:06:47,736 [5edb5b81-e56f-48e0-a3d6-7479a545ce64@group-E1E12DDE26F6-StateMachineUpdater] INFO  ratis.ContainerStateMachine (ContainerStateMachine.java:takeSnapshot(289)) - group-E1E12DDE26F6: Taking a snapshot at:(t:1, i:14) file /workdir/hadoop-ozone/integration-test/target/test-dir/MiniOzoneClusterImpl-3a252fbc-4287-47a2-893f-83f3490ca533/datanode-2/data/ratis/49d1f7d9-7e07-4f9d-9976-e1e12dde26f6/sm/snapshot.1_14
2019-10-02 21:06:47,736 [main] INFO  impl.StateMachineUpdater (StateMachineUpdater.java:stopAndJoin(136)) - 77825903-4878-47e9-9161-8fc3ca3e4e76@group-CA1D320B4A05-StateMachineUpdater: set stopIndex = 16
2019-10-02 21:06:47,736 [Thread-3237] INFO  impl.FollowerState (FollowerState.java:run(117)) - 5edb5b81-e56f-48e0-a3d6-7479a545ce64@group-E1E12DDE26F6-FollowerState was interrupted: java.lang.InterruptedException: sleep interrupted
2019-10-02 21:06:47,736 [ForkJoinPool.commonPool-worker-0] INFO  impl.StateMachineUpdater (StateMachineUpdater.java:stopAndJoin(136)) - 5edb5b81-e56f-48e0-a3d6-7479a545ce64@group-E1E12DDE26F6-StateMachineUpdater: set stopIndex = 18
2019-10-02 21:06:47,752 [77825903-4878-47e9-9161-8fc3ca3e4e76@group-CA1D320B4A05-StateMachineUpdater] INFO  ratis.ContainerStateMachine (ContainerStateMachine.java:takeSnapshot(300)) - group-CA1D320B4A05: Finished taking a snapshot at:(t:1, i:14) file:/workdir/hadoop-ozone/integration-test/target/test-dir/MiniOzoneClusterImpl-3a252fbc-4287-47a2-893f-83f3490ca533/datanode-4/data/ratis/8c746c43-5942-43f1-a905-ca1d320b4a05/sm/snapshot.1_14 time:16
2019-10-02 21:06:47,752 [5edb5b81-e56f-48e0-a3d6-7479a545ce64@group-E1E12DDE26F6-StateMachineUpdater] INFO  ratis.ContainerStateMachine (ContainerStateMachine.java:takeSnapshot(300)) - group-E1E12DDE26F6: Finished taking a snapshot at:(t:1, i:14) file:/workdir/hadoop-ozone/integration-test/target/test-dir/MiniOzoneClusterImpl-3a252fbc-4287-47a2-893f-83f3490ca533/datanode-2/data/ratis/49d1f7d9-7e07-4f9d-9976-e1e12dde26f6/sm/snapshot.1_14 time:15
2019-10-02 21:06:47,752 [77825903-4878-47e9-9161-8fc3ca3e4e76@group-CA1D320B4A05-StateMachineUpdater] INFO  impl.StateMachineUpdater (StateMachineUpdater.java:takeSnapshot(269)) - 77825903-4878-47e9-9161-8fc3ca3e4e76@group-CA1D320B4A05-StateMachineUpdater: Took a snapshot at index 14
2019-10-02 21:06:47,752 [5edb5b81-e56f-48e0-a3d6-7479a545ce64@group-E1E12DDE26F6-StateMachineUpdater] INFO  impl.StateMachineUpdater (StateMachineUpdater.java:takeSnapshot(269)) - 5edb5b81-e56f-48e0-a3d6-7479a545ce64@group-E1E12DDE26F6-StateMachineUpdater: Took a snapshot at index 14
2019-10-02 21:06:47,752 [77825903-4878-47e9-9161-8fc3ca3e4e76@group-CA1D320B4A05-StateMachineUpdater] INFO  impl.StateMachineUpdater (StateMachineUpdater.java:lambda$new$0(84)) - 77825903-4878-47e9-9161-8fc3ca3e4e76@group-CA1D320B4A05-StateMachineUpdater: snapshotIndex: updateIncreasingly -1 -> 14
2019-10-02 21:06:47,753 [5edb5b81-e56f-48e0-a3d6-7479a545ce64@group-E1E12DDE26F6-StateMachineUpdater] INFO  impl.StateMachineUpdater (StateMachineUpdater.java:lambda$new$0(84)) - 5edb5b81-e56f-48e0-a3d6-7479a545ce64@group-E1E12DDE26F6-StateMachineUpdater: snapshotIndex: updateIncreasingly -1 -> 14
2019-10-02 21:06:47,753 [77825903-4878-47e9-9161-8fc3ca3e4e76@group-CA1D320B4A05-StateMachineUpdater] INFO  ratis.ContainerStateMachine (ContainerStateMachine.java:takeSnapshot(289)) - group-CA1D320B4A05: Taking a snapshot at:(t:1, i:14) file /workdir/hadoop-ozone/integration-test/target/test-dir/MiniOzoneClusterImpl-3a252fbc-4287-47a2-893f-83f3490ca533/datanode-4/data/ratis/8c746c43-5942-43f1-a905-ca1d320b4a05/sm/snapshot.1_14
2019-10-02 21:06:47,753 [5edb5b81-e56f-48e0-a3d6-7479a545ce64@group-E1E12DDE26F6-StateMachineUpdater] INFO  ratis.ContainerStateMachine (ContainerStateMachine.java:takeSnapshot(289)) - group-E1E12DDE26F6: Taking a snapshot at:(t:1, i:14) file /workdir/hadoop-ozone/integration-test/target/test-dir/MiniOzoneClusterImpl-3a252fbc-4287-47a2-893f-83f3490ca533/datanode-2/data/ratis/49d1f7d9-7e07-4f9d-9976-e1e12dde26f6/sm/snapshot.1_14
2019-10-02 21:06:47,766 [5edb5b81-e56f-48e0-a3d6-7479a545ce64@group-E1E12DDE26F6-StateMachineUpdater] INFO  ratis.ContainerStateMachine (ContainerStateMachine.java:takeSnapshot(300)) - group-E1E12DDE26F6: Finished taking a snapshot at:(t:1, i:14) file:/workdir/hadoop-ozone/integration-test/target/test-dir/MiniOzoneClusterImpl-3a252fbc-4287-47a2-893f-83f3490ca533/datanode-2/data/ratis/49d1f7d9-7e07-4f9d-9976-e1e12dde26f6/sm/snapshot.1_14 time:13
2019-10-02 21:06:47,766 [77825903-4878-47e9-9161-8fc3ca3e4e76@group-CA1D320B4A05-StateMachineUpdater] INFO  ratis.ContainerStateMachine (ContainerStateMachine.java:takeSnapshot(300)) - group-CA1D320B4A05: Finished taking a snapshot at:(t:1, i:14) file:/workdir/hadoop-ozone/integration-test/target/test-dir/MiniOzoneClusterImpl-3a252fbc-4287-47a2-893f-83f3490ca533/datanode-4/data/ratis/8c746c43-5942-43f1-a905-ca1d320b4a05/sm/snapshot.1_14 time:13
2019-10-02 21:06:47,766 [5edb5b81-e56f-48e0-a3d6-7479a545ce64@group-E1E12DDE26F6-StateMachineUpdater] INFO  impl.StateMachineUpdater (StateMachineUpdater.java:takeSnapshot(269)) - 5edb5b81-e56f-48e0-a3d6-7479a545ce64@group-E1E12DDE26F6-StateMachineUpdater: Took a snapshot at index 14
2019-10-02 21:06:47,766 [5edb5b81-e56f-48e0-a3d6-7479a545ce64@group-E1E12DDE26F6-StateMachineUpdater] INFO  impl.StateMachineUpdater (StateMachineUpdater.java:lambda$new$0(84)) - 5edb5b81-e56f-48e0-a3d6-7479a545ce64@group-E1E12DDE26F6-StateMachineUpdater: snapshotIndex: updateIncreasingly 14 -> 14
2019-10-02 21:06:47,766 [77825903-4878-47e9-9161-8fc3ca3e4e76@group-CA1D320B4A05-StateMachineUpdater] INFO  impl.StateMachineUpdater (StateMachineUpdater.java:takeSnapshot(269)) - 77825903-4878-47e9-9161-8fc3ca3e4e76@group-CA1D320B4A05-StateMachineUpdater: Took a snapshot at index 14
2019-10-02 21:06:47,766 [77825903-4878-47e9-9161-8fc3ca3e4e76@group-CA1D320B4A05-StateMachineUpdater] INFO  impl.StateMachineUpdater (StateMachineUpdater.java:lambda$new$0(84)) - 77825903-4878-47e9-9161-8fc3ca3e4e76@group-CA1D320B4A05-StateMachineUpdater: snapshotIndex: updateIncreasingly 14 -> 14
2019-10-02 21:06:47,766 [ForkJoinPool.commonPool-worker-0] INFO  impl.RaftServerImpl (ServerState.java:close(387)) - 5edb5b81-e56f-48e0-a3d6-7479a545ce64@group-E1E12DDE26F6: closes. applyIndex: 18
2019-10-02 21:06:47,767 [main] INFO  impl.RaftServerImpl (ServerState.java:close(387)) - 77825903-4878-47e9-9161-8fc3ca3e4e76@group-CA1D320B4A05: closes. applyIndex: 16
2019-10-02 21:06:47,767 [5edb5b81-e56f-48e0-a3d6-7479a545ce64@group-E1E12DDE26F6-SegmentedRaftLogWorker] INFO  segmented.SegmentedRaftLogWorker (SegmentedRaftLogWorker.java:run(316)) - 5edb5b81-e56f-48e0-a3d6-7479a545ce64@group-E1E12DDE26F6-SegmentedRaftLogWorker was interrupted, exiting. There are 0 tasks remaining in the queue.
2019-10-02 21:06:47,767 [77825903-4878-47e9-9161-8fc3ca3e4e76@group-CA1D320B4A05-SegmentedRaftLogWorker] INFO  segmented.SegmentedRaftLogWorker (SegmentedRaftLogWorker.java:run(316)) - 77825903-4878-47e9-9161-8fc3ca3e4e76@group-CA1D320B4A05-SegmentedRaftLogWorker was interrupted, exiting. There are 0 tasks remaining in the queue.
2019-10-02 21:06:47,770 [main] INFO  segmented.SegmentedRaftLogWorker (SegmentedRaftLogWorker.java:close(224)) - 77825903-4878-47e9-9161-8fc3ca3e4e76@group-CA1D320B4A05-SegmentedRaftLogWorker close()
2019-10-02 21:06:47,770 [ForkJoinPool.commonPool-worker-0] INFO  segmented.SegmentedRaftLogWorker (SegmentedRaftLogWorker.java:close(224)) - 5edb5b81-e56f-48e0-a3d6-7479a545ce64@group-E1E12DDE26F6-SegmentedRaftLogWorker close()
2019-10-02 21:06:47,774 [main] INFO  impl.RaftServerImpl (RaftServerImpl.java:lambda$shutdown$3(247)) - 77825903-4878-47e9-9161-8fc3ca3e4e76@group-01310BD6A0BF: shutdown
2019-10-02 21:06:47,778 [ForkJoinPool.commonPool-worker-0] INFO  impl.RaftServerImpl (RaftServerImpl.java:lambda$shutdown$3(247)) - 5edb5b81-e56f-48e0-a3d6-7479a545ce64@group-5A9AAEDCD836: shutdown
2019-10-02 21:06:47,779 [main] INFO  util.JmxRegister (JmxRegister.java:unregister(73)) - Successfully un-registered JMX Bean with object name Ratis:service=RaftServer,group=group-01310BD6A0BF,id=77825903-4878-47e9-9161-8fc3ca3e4e76
2019-10-02 21:06:47,779 [ForkJoinPool.commonPool-worker-0] INFO  util.JmxRegister (JmxRegister.java:unregister(73)) - Successfully un-registered JMX Bean with object name Ratis:service=RaftServer,group=group-5A9AAEDCD836,id=5edb5b81-e56f-48e0-a3d6-7479a545ce64
2019-10-02 21:06:47,779 [main] INFO  impl.RoleInfo (RoleInfo.java:shutdownLeaderState(104)) - 77825903-4878-47e9-9161-8fc3ca3e4e76: shutdown LeaderState
2019-10-02 21:06:47,779 [ForkJoinPool.commonPool-worker-0] INFO  impl.RoleInfo (RoleInfo.java:shutdownLeaderState(104)) - 5edb5b81-e56f-48e0-a3d6-7479a545ce64: shutdown LeaderState
2019-10-02 21:06:47,780 [main] INFO  impl.PendingRequests (PendingRequests.java:sendNotLeaderResponses(202)) - 77825903-4878-47e9-9161-8fc3ca3e4e76@group-01310BD6A0BF-PendingRequests: sendNotLeaderResponses
2019-10-02 21:06:47,780 [ForkJoinPool.commonPool-worker-0] INFO  impl.PendingRequests (PendingRequests.java:sendNotLeaderResponses(202)) - 5edb5b81-e56f-48e0-a3d6-7479a545ce64@group-5A9AAEDCD836-PendingRequests: sendNotLeaderResponses
2019-10-02 21:06:47,780 [main] INFO  impl.StateMachineUpdater (StateMachineUpdater.java:stopAndJoin(136)) - 77825903-4878-47e9-9161-8fc3ca3e4e76@group-01310BD6A0BF-StateMachineUpdater: set stopIndex = 0
2019-10-02 21:06:47,781 [ForkJoinPool.commonPool-worker-0] INFO  impl.StateMachineUpdater (StateMachineUpdater.java:stopAndJoin(136)) - 5edb5b81-e56f-48e0-a3d6-7479a545ce64@group-5A9AAEDCD836-StateMachineUpdater: set stopIndex = 0
2019-10-02 21:06:47,781 [main] INFO  impl.RaftServerImpl (ServerState.java:close(387)) - 77825903-4878-47e9-9161-8fc3ca3e4e76@group-01310BD6A0BF: closes. applyIndex: 0
2019-10-02 21:06:47,781 [ForkJoinPool.commonPool-worker-0] INFO  impl.RaftServerImpl (ServerState.java:close(387)) - 5edb5b81-e56f-48e0-a3d6-7479a545ce64@group-5A9AAEDCD836: closes. applyIndex: 0
2019-10-02 21:06:47,782 [77825903-4878-47e9-9161-8fc3ca3e4e76@group-01310BD6A0BF-SegmentedRaftLogWorker] INFO  segmented.SegmentedRaftLogWorker (SegmentedRaftLogWorker.java:run(316)) - 77825903-4878-47e9-9161-8fc3ca3e4e76@group-01310BD6A0BF-SegmentedRaftLogWorker was interrupted, exiting. There are 0 tasks remaining in the queue.
2019-10-02 21:06:47,782 [5edb5b81-e56f-48e0-a3d6-7479a545ce64@group-5A9AAEDCD836-SegmentedRaftLogWorker] INFO  segmented.SegmentedRaftLogWorker (SegmentedRaftLogWorker.java:run(316)) - 5edb5b81-e56f-48e0-a3d6-7479a545ce64@group-5A9AAEDCD836-SegmentedRaftLogWorker was interrupted, exiting. There are 0 tasks remaining in the queue.
2019-10-02 21:06:47,784 [main] INFO  segmented.SegmentedRaftLogWorker (SegmentedRaftLogWorker.java:close(224)) - 77825903-4878-47e9-9161-8fc3ca3e4e76@group-01310BD6A0BF-SegmentedRaftLogWorker close()
2019-10-02 21:06:47,786 [ForkJoinPool.commonPool-worker-0] INFO  segmented.SegmentedRaftLogWorker (SegmentedRaftLogWorker.java:close(224)) - 5edb5b81-e56f-48e0-a3d6-7479a545ce64@group-5A9AAEDCD836-SegmentedRaftLogWorker close()
2019-10-02 21:06:47,789 [main] INFO  server.GrpcService (GrpcService.java:closeImpl(164)) - 77825903-4878-47e9-9161-8fc3ca3e4e76: shutdown server with port 45780 now
2019-10-02 21:06:47,792 [ForkJoinPool.commonPool-worker-0] INFO  server.GrpcService (GrpcService.java:closeImpl(164)) - 5edb5b81-e56f-48e0-a3d6-7479a545ce64: shutdown server with port 39550 now
2019-10-02 21:06:47,795 [grpc-default-executor-7] WARN  server.GrpcServerProtocolService (LogUtils.java:warn(134)) - 77825903-4878-47e9-9161-8fc3ca3e4e76: installSnapshot onError, lastRequest: 9f78b666-09ed-47d3-a843-81f82f1ca7ed->77825903-4878-47e9-9161-8fc3ca3e4e76#25-t1, previous=(t:1, i:16), leaderCommit=16, initializing? false, entries: <empty>: org.apache.ratis.thirdparty.io.grpc.StatusRuntimeException: CANCELLED: cancelled before receiving half close
2019-10-02 21:06:47,795 [grpc-default-executor-9] WARN  server.GrpcLogAppender (LogUtils.java:warn(134)) - 070326aa-f1fa-4acf-9143-3b73f4503201@group-E1E12DDE26F6->5edb5b81-e56f-48e0-a3d6-7479a545ce64-AppendLogResponseHandler: Failed appendEntries: org.apache.ratis.thirdparty.io.grpc.StatusRuntimeException: CANCELLED: HTTP/2 error code: CANCEL
Received Rst Stream
2019-10-02 21:06:47,795 [ForkJoinPool.commonPool-worker-0] INFO  server.GrpcService (GrpcService.java:closeImpl(172)) - 5edb5b81-e56f-48e0-a3d6-7479a545ce64: shutdown server with port 39550 successfully
2019-10-02 21:06:47,795 [main] INFO  server.GrpcService (GrpcService.java:closeImpl(172)) - 77825903-4878-47e9-9161-8fc3ca3e4e76: shutdown server with port 45780 successfully
2019-10-02 21:06:47,795 [grpc-default-executor-6] WARN  server.GrpcServerProtocolService (LogUtils.java:warn(134)) - 5edb5b81-e56f-48e0-a3d6-7479a545ce64: installSnapshot onError, lastRequest: 070326aa-f1fa-4acf-9143-3b73f4503201->5edb5b81-e56f-48e0-a3d6-7479a545ce64#4-t2, previous=(t:2, i:18), leaderCommit=18, initializing? false, entries: <empty>: org.apache.ratis.thirdparty.io.grpc.StatusRuntimeException: CANCELLED: cancelled before receiving half close
2019-10-02 21:06:47,795 [grpc-default-executor-9] INFO  impl.FollowerInfo (FollowerInfo.java:lambda$new$0(51)) - 070326aa-f1fa-4acf-9143-3b73f4503201@group-E1E12DDE26F6->5edb5b81-e56f-48e0-a3d6-7479a545ce64: nextIndex: updateUnconditionally 19 -> 18
2019-10-02 21:06:47,795 [grpc-default-executor-8] WARN  server.GrpcLogAppender (LogUtils.java:warn(134)) - 9f78b666-09ed-47d3-a843-81f82f1ca7ed@group-CA1D320B4A05->77825903-4878-47e9-9161-8fc3ca3e4e76-AppendLogResponseHandler: Failed appendEntries: org.apache.ratis.thirdparty.io.grpc.StatusRuntimeException: CANCELLED: HTTP/2 error code: CANCEL
Received Rst Stream
2019-10-02 21:06:47,796 [grpc-default-executor-8] INFO  impl.FollowerInfo (FollowerInfo.java:lambda$new$0(51)) - 9f78b666-09ed-47d3-a843-81f82f1ca7ed@group-CA1D320B4A05->77825903-4878-47e9-9161-8fc3ca3e4e76: nextIndex: updateUnconditionally 17 -> 16
2019-10-02 21:06:47,798 [refreshUsed-/workdir/hadoop-ozone/integration-test/target/test-dir/MiniOzoneClusterImpl-3a252fbc-4287-47a2-893f-83f3490ca533/datanode-4/data/containers] WARN  fs.CachingGetSpaceUsed (CachingGetSpaceUsed.java:run(183)) - Thread Interrupted waiting to refresh disk information: sleep interrupted
2019-10-02 21:06:47,800 [refreshUsed-/workdir/hadoop-ozone/integration-test/target/test-dir/MiniOzoneClusterImpl-3a252fbc-4287-47a2-893f-83f3490ca533/datanode-2/data/containers] WARN  fs.CachingGetSpaceUsed (CachingGetSpaceUsed.java:run(183)) - Thread Interrupted waiting to refresh disk information: sleep interrupted
2019-10-02 21:06:47,815 [main] INFO  utils.BackgroundService (BackgroundService.java:shutdown(148)) - Shutting down service BlockDeletingService
2019-10-02 21:06:47,819 [main] INFO  statemachine.DatanodeStateMachine (DatanodeStateMachine.java:stopDaemon(395)) - Ozone container server stopped.
2019-10-02 21:06:47,821 [main] INFO  handler.ContextHandler (ContextHandler.java:doStop(910)) - Stopped o.e.j.w.WebAppContext@2e0ad709{/,null,UNAVAILABLE}{/hddsDatanode}
2019-10-02 21:06:47,821 [main] INFO  server.AbstractConnector (AbstractConnector.java:doStop(318)) - Stopped ServerConnector@1fe8f5e8{HTTP/1.1,[http/1.1]}{0.0.0.0:0}
2019-10-02 21:06:47,822 [main] INFO  handler.ContextHandler (ContextHandler.java:doStop(910)) - Stopped o.e.j.s.ServletContextHandler@34f7b44f{/static,jar:file:/home/user/.m2/repository/org/apache/hadoop/hadoop-hdds-container-service/0.5.0-SNAPSHOT/hadoop-hdds-container-service-0.5.0-SNAPSHOT.jar!/webapps/static,UNAVAILABLE}
2019-10-02 21:06:47,822 [main] INFO  handler.ContextHandler (ContextHandler.java:doStop(910)) - Stopped o.e.j.s.ServletContextHandler@18a98913{/logs,file:///workdir/hadoop-ozone/integration-test/target/log,UNAVAILABLE}
2019-10-02 21:06:47,827 [ForkJoinPool.commonPool-worker-0] INFO  utils.BackgroundService (BackgroundService.java:shutdown(148)) - Shutting down service BlockDeletingService
2019-10-02 21:06:47,830 [ForkJoinPool.commonPool-worker-0] INFO  statemachine.DatanodeStateMachine (DatanodeStateMachine.java:stopDaemon(395)) - Ozone container server stopped.
2019-10-02 21:06:47,834 [ForkJoinPool.commonPool-worker-0] INFO  handler.ContextHandler (ContextHandler.java:doStop(910)) - Stopped o.e.j.w.WebAppContext@2017f6e6{/,null,UNAVAILABLE}{/hddsDatanode}
2019-10-02 21:06:47,835 [ForkJoinPool.commonPool-worker-0] INFO  server.AbstractConnector (AbstractConnector.java:doStop(318)) - Stopped ServerConnector@115c946b{HTTP/1.1,[http/1.1]}{0.0.0.0:0}
2019-10-02 21:06:47,836 [ForkJoinPool.commonPool-worker-0] INFO  handler.ContextHandler (ContextHandler.java:doStop(910)) - Stopped o.e.j.s.ServletContextHandler@7ceb6c45{/static,jar:file:/home/user/.m2/repository/org/apache/hadoop/hadoop-hdds-container-service/0.5.0-SNAPSHOT/hadoop-hdds-container-service-0.5.0-SNAPSHOT.jar!/webapps/static,UNAVAILABLE}
2019-10-02 21:06:47,839 [ForkJoinPool.commonPool-worker-0] INFO  handler.ContextHandler (ContextHandler.java:doStop(910)) - Stopped o.e.j.s.ServletContextHandler@561f9d92{/logs,file:///workdir/hadoop-ozone/integration-test/target/log,UNAVAILABLE}
2019-10-02 21:06:48,491 [Datanode State Machine Thread - 0] INFO  statemachine.DatanodeStateMachine (DatanodeStateMachine.java:lambda$startDaemon$0(350)) - Ozone container server started.
2019-10-02 21:06:48,809 [Datanode State Machine Thread - 0] INFO  statemachine.DatanodeStateMachine (DatanodeStateMachine.java:lambda$startDaemon$0(350)) - Ozone container server started.
2019-10-02 21:06:49,286 [grpc-default-executor-4] WARN  server.GrpcLogAppender (LogUtils.java:warn(134)) - 070326aa-f1fa-4acf-9143-3b73f4503201@group-E1E12DDE26F6->7d6f8f3d-8939-42dd-bbbd-f72a8fc3ef97-AppendLogResponseHandler: Failed appendEntries: org.apache.ratis.thirdparty.io.grpc.StatusRuntimeException: UNAVAILABLE: io exception
2019-10-02 21:06:49,286 [grpc-default-executor-6] WARN  server.GrpcLogAppender (LogUtils.java:warn(134)) - 070326aa-f1fa-4acf-9143-3b73f4503201@group-E1E12DDE26F6->5edb5b81-e56f-48e0-a3d6-7479a545ce64-AppendLogResponseHandler: Failed appendEntries: org.apache.ratis.thirdparty.io.grpc.StatusRuntimeException: UNAVAILABLE: io exception
2019-10-02 21:06:49,287 [grpc-default-executor-4] INFO  impl.FollowerInfo (FollowerInfo.java:lambda$new$0(51)) - 070326aa-f1fa-4acf-9143-3b73f4503201@group-E1E12DDE26F6->7d6f8f3d-8939-42dd-bbbd-f72a8fc3ef97: nextIndex: updateUnconditionally 0 -> 0
2019-10-02 21:06:49,287 [grpc-default-executor-6] INFO  impl.FollowerInfo (FollowerInfo.java:lambda$new$0(51)) - 070326aa-f1fa-4acf-9143-3b73f4503201@group-E1E12DDE26F6->5edb5b81-e56f-48e0-a3d6-7479a545ce64: nextIndex: updateUnconditionally 18 -> 17
2019-10-02 21:06:49,510 [grpc-default-executor-9] WARN  server.GrpcLogAppender (LogUtils.java:warn(134)) - 9f78b666-09ed-47d3-a843-81f82f1ca7ed@group-CA1D320B4A05->77825903-4878-47e9-9161-8fc3ca3e4e76-AppendLogResponseHandler: Failed appendEntries: org.apache.ratis.thirdparty.io.grpc.StatusRuntimeException: UNAVAILABLE: io exception
2019-10-02 21:06:49,510 [grpc-default-executor-9] INFO  impl.FollowerInfo (FollowerInfo.java:lambda$new$0(51)) - 9f78b666-09ed-47d3-a843-81f82f1ca7ed@group-CA1D320B4A05->77825903-4878-47e9-9161-8fc3ca3e4e76: nextIndex: updateUnconditionally 17 -> 16
2019-10-02 21:06:49,523 [grpc-default-executor-6] WARN  server.GrpcLogAppender (LogUtils.java:warn(134)) - 9f78b666-09ed-47d3-a843-81f82f1ca7ed@group-CA1D320B4A05->77825903-4878-47e9-9161-8fc3ca3e4e76-AppendLogResponseHandler: Failed appendEntries: org.apache.ratis.thirdparty.io.grpc.StatusRuntimeException: UNAVAILABLE: io exception
2019-10-02 21:06:49,523 [grpc-default-executor-6] INFO  impl.FollowerInfo (FollowerInfo.java:lambda$new$0(51)) - 9f78b666-09ed-47d3-a843-81f82f1ca7ed@group-CA1D320B4A05->77825903-4878-47e9-9161-8fc3ca3e4e76: nextIndex: updateUnconditionally 17 -> 16
2019-10-02 21:06:49,535 [RatisApplyTransactionExecutor 2] INFO  interfaces.Container (KeyValueContainer.java:flushAndSyncDB(386)) - Container 2 is synced with bcsId 14.
2019-10-02 21:06:49,535 [RatisApplyTransactionExecutor 2] INFO  interfaces.Container (KeyValueContainer.java:flushAndSyncDB(386)) - Container 2 is synced with bcsId 14.
2019-10-02 21:06:49,535 [grpc-default-executor-4] WARN  server.GrpcLogAppender (LogUtils.java:warn(134)) - 9f78b666-09ed-47d3-a843-81f82f1ca7ed@group-CA1D320B4A05->77825903-4878-47e9-9161-8fc3ca3e4e76-AppendLogResponseHandler: Failed appendEntries: org.apache.ratis.thirdparty.io.grpc.StatusRuntimeException: UNAVAILABLE: io exception
2019-10-02 21:06:49,536 [grpc-default-executor-4] INFO  impl.FollowerInfo (FollowerInfo.java:lambda$new$0(51)) - 9f78b666-09ed-47d3-a843-81f82f1ca7ed@group-CA1D320B4A05->77825903-4878-47e9-9161-8fc3ca3e4e76: nextIndex: updateUnconditionally 17 -> 16
2019-10-02 21:06:49,541 [RatisApplyTransactionExecutor 2] INFO  interfaces.Container (KeyValueContainer.java:close(335)) - Container 2 is closed with bcsId 14.
2019-10-02 21:06:49,541 [RatisApplyTransactionExecutor 2] INFO  interfaces.Container (KeyValueContainer.java:flushAndSyncDB(386)) - Container 2 is synced with bcsId 14.
2019-10-02 21:06:49,542 [RatisApplyTransactionExecutor 2] INFO  interfaces.Container (KeyValueContainer.java:flushAndSyncDB(386)) - Container 2 is synced with bcsId 14.
2019-10-02 21:06:49,542 [EventQueue-IncrementalContainerReportForIncrementalContainerReportHandler] INFO  container.IncrementalContainerReportHandler (AbstractContainerReportHandler.java:updateContainerState(176)) - Moving container #2 to CLOSED state, datanode 9f78b666-09ed-47d3-a843-81f82f1ca7ed{ip: 192.168.164.206, host: pr-hdds-2162-pj84x-1708865144, networkLocation: /default-rack, certSerialId: null} reported CLOSED replica.
2019-10-02 21:06:49,556 [RatisApplyTransactionExecutor 2] INFO  interfaces.Container (KeyValueContainer.java:close(335)) - Container 2 is closed with bcsId 14.
2019-10-02 21:06:51,789 [grpc-default-executor-6] WARN  server.GrpcLogAppender (LogUtils.java:warn(134)) - 070326aa-f1fa-4acf-9143-3b73f4503201@group-E1E12DDE26F6->5edb5b81-e56f-48e0-a3d6-7479a545ce64-AppendLogResponseHandler: Failed appendEntries: org.apache.ratis.thirdparty.io.grpc.StatusRuntimeException: UNAVAILABLE: io exception
2019-10-02 21:06:51,789 [grpc-default-executor-4] WARN  server.GrpcLogAppender (LogUtils.java:warn(134)) - 070326aa-f1fa-4acf-9143-3b73f4503201@group-E1E12DDE26F6->7d6f8f3d-8939-42dd-bbbd-f72a8fc3ef97-AppendLogResponseHandler: Failed appendEntries: org.apache.ratis.thirdparty.io.grpc.StatusRuntimeException: UNAVAILABLE: io exception
2019-10-02 21:06:51,790 [grpc-default-executor-6] INFO  impl.FollowerInfo (FollowerInfo.java:lambda$new$0(51)) - 070326aa-f1fa-4acf-9143-3b73f4503201@group-E1E12DDE26F6->5edb5b81-e56f-48e0-a3d6-7479a545ce64: nextIndex: updateUnconditionally 17 -> 16
2019-10-02 21:06:51,790 [grpc-default-executor-4] INFO  impl.FollowerInfo (FollowerInfo.java:lambda$new$0(51)) - 070326aa-f1fa-4acf-9143-3b73f4503201@group-E1E12DDE26F6->7d6f8f3d-8939-42dd-bbbd-f72a8fc3ef97: nextIndex: updateUnconditionally 0 -> 0
2019-10-02 21:06:52,036 [grpc-default-executor-4] WARN  server.GrpcLogAppender (LogUtils.java:warn(134)) - 9f78b666-09ed-47d3-a843-81f82f1ca7ed@group-CA1D320B4A05->77825903-4878-47e9-9161-8fc3ca3e4e76-AppendLogResponseHandler: Failed appendEntries: org.apache.ratis.thirdparty.io.grpc.StatusRuntimeException: UNAVAILABLE: io exception
2019-10-02 21:06:52,037 [grpc-default-executor-4] INFO  impl.FollowerInfo (FollowerInfo.java:lambda$new$0(51)) - 9f78b666-09ed-47d3-a843-81f82f1ca7ed@group-CA1D320B4A05->77825903-4878-47e9-9161-8fc3ca3e4e76: nextIndex: updateUnconditionally 16 -> 15
2019-10-02 21:06:52,586 [EventQueue-StaleNodeForStaleNodeHandler] INFO  node.StaleNodeHandler (StaleNodeHandler.java:onMessage(58)) - Datanode 18b3ba82-8644-4b44-b91b-2038c85b7def{ip: 192.168.164.206, host: pr-hdds-2162-pj84x-1708865144, networkLocation: /default-rack, certSerialId: null} moved to stale state. Finalizing its pipelines [PipelineID=8c746c43-5942-43f1-a905-ca1d320b4a05, PipelineID=f9d43edb-bdf3-4d44-bcb9-daa08c70cddc]
2019-10-02 21:06:52,587 [EventQueue-StaleNodeForStaleNodeHandler] INFO  pipeline.SCMPipelineManager (SCMPipelineManager.java:finalizeAndDestroyPipeline(315)) - destroying pipeline:Pipeline[ Id: 8c746c43-5942-43f1-a905-ca1d320b4a05, Nodes: 18b3ba82-8644-4b44-b91b-2038c85b7def{ip: 192.168.164.206, host: pr-hdds-2162-pj84x-1708865144, networkLocation: /default-rack, certSerialId: null}77825903-4878-47e9-9161-8fc3ca3e4e76{ip: 192.168.164.206, host: pr-hdds-2162-pj84x-1708865144, networkLocation: /default-rack, certSerialId: null}9f78b666-09ed-47d3-a843-81f82f1ca7ed{ip: 192.168.164.206, host: pr-hdds-2162-pj84x-1708865144, networkLocation: /default-rack, certSerialId: null}, Type:RATIS, Factor:THREE, State:CLOSED]
2019-10-02 21:06:52,588 [EventQueue-StaleNodeForStaleNodeHandler] INFO  pipeline.SCMPipelineManager (SCMPipelineManager.java:finalizeAndDestroyPipeline(315)) - destroying pipeline:Pipeline[ Id: f9d43edb-bdf3-4d44-bcb9-daa08c70cddc, Nodes: 18b3ba82-8644-4b44-b91b-2038c85b7def{ip: 192.168.164.206, host: pr-hdds-2162-pj84x-1708865144, networkLocation: /default-rack, certSerialId: null}, Type:RATIS, Factor:ONE, State:OPEN]
2019-10-02 21:06:52,588 [EventQueue-StaleNodeForStaleNodeHandler] INFO  pipeline.PipelineStateManager (PipelineStateManager.java:finalizePipeline(123)) - Pipeline Pipeline[ Id: f9d43edb-bdf3-4d44-bcb9-daa08c70cddc, Nodes: 18b3ba82-8644-4b44-b91b-2038c85b7def{ip: 192.168.164.206, host: pr-hdds-2162-pj84x-1708865144, networkLocation: /default-rack, certSerialId: null}, Type:RATIS, Factor:ONE, State:CLOSED] moved to CLOSED state
2019-10-02 21:06:52,824 [main] INFO  ozoneimpl.OzoneContainer (OzoneContainer.java:stop(231)) - Attempting to stop container services.
2019-10-02 21:06:52,832 [main] INFO  impl.RaftServerProxy (RaftServerProxy.java:lambda$close$4(314)) - 18b3ba82-8644-4b44-b91b-2038c85b7def: close
2019-10-02 21:06:52,833 [main] INFO  impl.RaftServerImpl (RaftServerImpl.java:lambda$shutdown$3(247)) - 18b3ba82-8644-4b44-b91b-2038c85b7def@group-CA1D320B4A05: shutdown
2019-10-02 21:06:52,834 [main] INFO  util.JmxRegister (JmxRegister.java:unregister(73)) - Successfully un-registered JMX Bean with object name Ratis:service=RaftServer,group=group-CA1D320B4A05,id=18b3ba82-8644-4b44-b91b-2038c85b7def
2019-10-02 21:06:52,834 [main] INFO  impl.RoleInfo (RoleInfo.java:shutdownFollowerState(121)) - 18b3ba82-8644-4b44-b91b-2038c85b7def: shutdown FollowerState
2019-10-02 21:06:52,835 [main] INFO  impl.StateMachineUpdater (StateMachineUpdater.java:stopAndJoin(136)) - 18b3ba82-8644-4b44-b91b-2038c85b7def@group-CA1D320B4A05-StateMachineUpdater: set stopIndex = 18
2019-10-02 21:06:52,835 [18b3ba82-8644-4b44-b91b-2038c85b7def@group-CA1D320B4A05-StateMachineUpdater] INFO  ratis.ContainerStateMachine (ContainerStateMachine.java:takeSnapshot(289)) - group-CA1D320B4A05: Taking a snapshot at:(t:1, i:17) file /workdir/hadoop-ozone/integration-test/target/test-dir/MiniOzoneClusterImpl-3a252fbc-4287-47a2-893f-83f3490ca533/datanode-3/data/ratis/8c746c43-5942-43f1-a905-ca1d320b4a05/sm/snapshot.1_17
2019-10-02 21:06:52,835 [Thread-3128] INFO  impl.FollowerState (FollowerState.java:run(117)) - 18b3ba82-8644-4b44-b91b-2038c85b7def@group-CA1D320B4A05-FollowerState was interrupted: java.lang.InterruptedException: sleep interrupted
2019-10-02 21:06:52,840 [ForkJoinPool.commonPool-worker-0] INFO  ozoneimpl.OzoneContainer (OzoneContainer.java:stop(231)) - Attempting to stop container services.
2019-10-02 21:06:52,841 [ForkJoinPool.commonPool-worker-0] INFO  impl.RaftServerProxy (RaftServerProxy.java:lambda$close$4(314)) - 070326aa-f1fa-4acf-9143-3b73f4503201: close
2019-10-02 21:06:52,841 [ForkJoinPool.commonPool-worker-0] INFO  impl.RaftServerImpl (RaftServerImpl.java:lambda$shutdown$3(247)) - 070326aa-f1fa-4acf-9143-3b73f4503201@group-DEB5F7D09B94: shutdown
2019-10-02 21:06:52,842 [ForkJoinPool.commonPool-worker-0] INFO  util.JmxRegister (JmxRegister.java:unregister(73)) - Successfully un-registered JMX Bean with object name Ratis:service=RaftServer,group=group-DEB5F7D09B94,id=070326aa-f1fa-4acf-9143-3b73f4503201
2019-10-02 21:06:52,842 [ForkJoinPool.commonPool-worker-0] INFO  impl.RoleInfo (RoleInfo.java:shutdownLeaderState(104)) - 070326aa-f1fa-4acf-9143-3b73f4503201: shutdown LeaderState
2019-10-02 21:06:52,843 [ForkJoinPool.commonPool-worker-0] INFO  impl.PendingRequests (PendingRequests.java:sendNotLeaderResponses(202)) - 070326aa-f1fa-4acf-9143-3b73f4503201@group-DEB5F7D09B94-PendingRequests: sendNotLeaderResponses
2019-10-02 21:06:52,844 [ForkJoinPool.commonPool-worker-0] INFO  impl.StateMachineUpdater (StateMachineUpdater.java:stopAndJoin(136)) - 070326aa-f1fa-4acf-9143-3b73f4503201@group-DEB5F7D09B94-StateMachineUpdater: set stopIndex = 0
2019-10-02 21:06:52,844 [ForkJoinPool.commonPool-worker-0] INFO  impl.RaftServerImpl (ServerState.java:close(387)) - 070326aa-f1fa-4acf-9143-3b73f4503201@group-DEB5F7D09B94: closes. applyIndex: 0
2019-10-02 21:06:52,845 [070326aa-f1fa-4acf-9143-3b73f4503201@group-DEB5F7D09B94-SegmentedRaftLogWorker] INFO  segmented.SegmentedRaftLogWorker (SegmentedRaftLogWorker.java:run(316)) - 070326aa-f1fa-4acf-9143-3b73f4503201@group-DEB5F7D09B94-SegmentedRaftLogWorker was interrupted, exiting. There are 0 tasks remaining in the queue.
2019-10-02 21:06:52,848 [ForkJoinPool.commonPool-worker-0] INFO  segmented.SegmentedRaftLogWorker (SegmentedRaftLogWorker.java:close(224)) - 070326aa-f1fa-4acf-9143-3b73f4503201@group-DEB5F7D09B94-SegmentedRaftLogWorker close()
2019-10-02 21:06:52,853 [ForkJoinPool.commonPool-worker-0] INFO  impl.RaftServerImpl (RaftServerImpl.java:lambda$shutdown$3(247)) - 070326aa-f1fa-4acf-9143-3b73f4503201@group-E1E12DDE26F6: shutdown
2019-10-02 21:06:52,853 [18b3ba82-8644-4b44-b91b-2038c85b7def@group-CA1D320B4A05-StateMachineUpdater] INFO  ratis.ContainerStateMachine (ContainerStateMachine.java:takeSnapshot(300)) - group-CA1D320B4A05: Finished taking a snapshot at:(t:1, i:17) file:/workdir/hadoop-ozone/integration-test/target/test-dir/MiniOzoneClusterImpl-3a252fbc-4287-47a2-893f-83f3490ca533/datanode-3/data/ratis/8c746c43-5942-43f1-a905-ca1d320b4a05/sm/snapshot.1_17 time:18
2019-10-02 21:06:52,853 [ForkJoinPool.commonPool-worker-0] INFO  util.JmxRegister (JmxRegister.java:unregister(73)) - Successfully un-registered JMX Bean with object name Ratis:service=RaftServer,group=group-E1E12DDE26F6,id=070326aa-f1fa-4acf-9143-3b73f4503201
2019-10-02 21:06:52,853 [ForkJoinPool.commonPool-worker-0] INFO  impl.RoleInfo (RoleInfo.java:shutdownLeaderState(104)) - 070326aa-f1fa-4acf-9143-3b73f4503201: shutdown LeaderState
2019-10-02 21:06:52,853 [18b3ba82-8644-4b44-b91b-2038c85b7def@group-CA1D320B4A05-StateMachineUpdater] INFO  impl.StateMachineUpdater (StateMachineUpdater.java:takeSnapshot(269)) - 18b3ba82-8644-4b44-b91b-2038c85b7def@group-CA1D320B4A05-StateMachineUpdater: Took a snapshot at index 17
2019-10-02 21:06:52,858 [18b3ba82-8644-4b44-b91b-2038c85b7def@group-CA1D320B4A05-StateMachineUpdater] INFO  impl.StateMachineUpdater (StateMachineUpdater.java:lambda$new$0(84)) - 18b3ba82-8644-4b44-b91b-2038c85b7def@group-CA1D320B4A05-StateMachineUpdater: snapshotIndex: updateIncreasingly -1 -> 17
2019-10-02 21:06:52,858 [org.apache.ratis.server.impl.LogAppender$AppenderDaemon$$Lambda$512/834240499@1a2f70b7] WARN  server.GrpcLogAppender (GrpcLogAppender.java:mayWait(143)) - 070326aa-f1fa-4acf-9143-3b73f4503201@group-E1E12DDE26F6->5edb5b81-e56f-48e0-a3d6-7479a545ce64-GrpcLogAppender: Wait interrupted by java.lang.InterruptedException
2019-10-02 21:06:52,858 [org.apache.ratis.server.impl.LogAppender$AppenderDaemon$$Lambda$512/834240499@60c4b466] WARN  server.GrpcLogAppender (GrpcLogAppender.java:mayWait(143)) - 070326aa-f1fa-4acf-9143-3b73f4503201@group-E1E12DDE26F6->7d6f8f3d-8939-42dd-bbbd-f72a8fc3ef97-GrpcLogAppender: Wait interrupted by java.lang.InterruptedException
2019-10-02 21:06:52,858 [ForkJoinPool.commonPool-worker-0] INFO  impl.PendingRequests (PendingRequests.java:sendNotLeaderResponses(202)) - 070326aa-f1fa-4acf-9143-3b73f4503201@group-E1E12DDE26F6-PendingRequests: sendNotLeaderResponses
2019-10-02 21:06:52,859 [18b3ba82-8644-4b44-b91b-2038c85b7def@group-CA1D320B4A05-StateMachineUpdater] INFO  ratis.ContainerStateMachine (ContainerStateMachine.java:takeSnapshot(289)) - group-CA1D320B4A05: Taking a snapshot at:(t:1, i:17) file /workdir/hadoop-ozone/integration-test/target/test-dir/MiniOzoneClusterImpl-3a252fbc-4287-47a2-893f-83f3490ca533/datanode-3/data/ratis/8c746c43-5942-43f1-a905-ca1d320b4a05/sm/snapshot.1_17
2019-10-02 21:06:52,859 [ForkJoinPool.commonPool-worker-0] INFO  impl.StateMachineUpdater (StateMachineUpdater.java:stopAndJoin(136)) - 070326aa-f1fa-4acf-9143-3b73f4503201@group-E1E12DDE26F6-StateMachineUpdater: set stopIndex = 18
2019-10-02 21:06:52,859 [070326aa-f1fa-4acf-9143-3b73f4503201@group-E1E12DDE26F6-StateMachineUpdater] INFO  ratis.ContainerStateMachine (ContainerStateMachine.java:takeSnapshot(289)) - group-E1E12DDE26F6: Taking a snapshot at:(t:1, i:14) file /workdir/hadoop-ozone/integration-test/target/test-dir/MiniOzoneClusterImpl-3a252fbc-4287-47a2-893f-83f3490ca533/datanode-0/data/ratis/49d1f7d9-7e07-4f9d-9976-e1e12dde26f6/sm/snapshot.1_14
2019-10-02 21:06:52,872 [18b3ba82-8644-4b44-b91b-2038c85b7def@group-CA1D320B4A05-StateMachineUpdater] INFO  ratis.ContainerStateMachine (ContainerStateMachine.java:takeSnapshot(300)) - group-CA1D320B4A05: Finished taking a snapshot at:(t:1, i:17) file:/workdir/hadoop-ozone/integration-test/target/test-dir/MiniOzoneClusterImpl-3a252fbc-4287-47a2-893f-83f3490ca533/datanode-3/data/ratis/8c746c43-5942-43f1-a905-ca1d320b4a05/sm/snapshot.1_17 time:13
2019-10-02 21:06:52,872 [070326aa-f1fa-4acf-9143-3b73f4503201@group-E1E12DDE26F6-StateMachineUpdater] INFO  ratis.ContainerStateMachine (ContainerStateMachine.java:takeSnapshot(300)) - group-E1E12DDE26F6: Finished taking a snapshot at:(t:1, i:14) file:/workdir/hadoop-ozone/integration-test/target/test-dir/MiniOzoneClusterImpl-3a252fbc-4287-47a2-893f-83f3490ca533/datanode-0/data/ratis/49d1f7d9-7e07-4f9d-9976-e1e12dde26f6/sm/snapshot.1_14 time:13
2019-10-02 21:06:52,872 [18b3ba82-8644-4b44-b91b-2038c85b7def@group-CA1D320B4A05-StateMachineUpdater] INFO  impl.StateMachineUpdater (StateMachineUpdater.java:takeSnapshot(269)) - 18b3ba82-8644-4b44-b91b-2038c85b7def@group-CA1D320B4A05-StateMachineUpdater: Took a snapshot at index 17
2019-10-02 21:06:52,872 [18b3ba82-8644-4b44-b91b-2038c85b7def@group-CA1D320B4A05-StateMachineUpdater] INFO  impl.StateMachineUpdater (StateMachineUpdater.java:lambda$new$0(84)) - 18b3ba82-8644-4b44-b91b-2038c85b7def@group-CA1D320B4A05-StateMachineUpdater: snapshotIndex: updateIncreasingly 17 -> 17
2019-10-02 21:06:52,872 [070326aa-f1fa-4acf-9143-3b73f4503201@group-E1E12DDE26F6-StateMachineUpdater] INFO  impl.StateMachineUpdater (StateMachineUpdater.java:takeSnapshot(269)) - 070326aa-f1fa-4acf-9143-3b73f4503201@group-E1E12DDE26F6-StateMachineUpdater: Took a snapshot at index 14
2019-10-02 21:06:52,872 [main] INFO  impl.RaftServerImpl (ServerState.java:close(387)) - 18b3ba82-8644-4b44-b91b-2038c85b7def@group-CA1D320B4A05: closes. applyIndex: 18
2019-10-02 21:06:52,873 [070326aa-f1fa-4acf-9143-3b73f4503201@group-E1E12DDE26F6-StateMachineUpdater] INFO  impl.StateMachineUpdater (StateMachineUpdater.java:lambda$new$0(84)) - 070326aa-f1fa-4acf-9143-3b73f4503201@group-E1E12DDE26F6-StateMachineUpdater: snapshotIndex: updateIncreasingly -1 -> 14
2019-10-02 21:06:52,873 [070326aa-f1fa-4acf-9143-3b73f4503201@group-E1E12DDE26F6-StateMachineUpdater] INFO  ratis.ContainerStateMachine (ContainerStateMachine.java:takeSnapshot(289)) - group-E1E12DDE26F6: Taking a snapshot at:(t:1, i:14) file /workdir/hadoop-ozone/integration-test/target/test-dir/MiniOzoneClusterImpl-3a252fbc-4287-47a2-893f-83f3490ca533/datanode-0/data/ratis/49d1f7d9-7e07-4f9d-9976-e1e12dde26f6/sm/snapshot.1_14
2019-10-02 21:06:52,873 [18b3ba82-8644-4b44-b91b-2038c85b7def@group-CA1D320B4A05-SegmentedRaftLogWorker] INFO  segmented.SegmentedRaftLogWorker (SegmentedRaftLogWorker.java:run(316)) - 18b3ba82-8644-4b44-b91b-2038c85b7def@group-CA1D320B4A05-SegmentedRaftLogWorker was interrupted, exiting. There are 0 tasks remaining in the queue.
2019-10-02 21:06:52,876 [main] INFO  segmented.SegmentedRaftLogWorker (SegmentedRaftLogWorker.java:close(224)) - 18b3ba82-8644-4b44-b91b-2038c85b7def@group-CA1D320B4A05-SegmentedRaftLogWorker close()
2019-10-02 21:06:52,881 [main] INFO  impl.RaftServerImpl (RaftServerImpl.java:lambda$shutdown$3(247)) - 18b3ba82-8644-4b44-b91b-2038c85b7def@group-DAA08C70CDDC: shutdown
2019-10-02 21:06:52,881 [main] INFO  util.JmxRegister (JmxRegister.java:unregister(73)) - Successfully un-registered JMX Bean with object name Ratis:service=RaftServer,group=group-DAA08C70CDDC,id=18b3ba82-8644-4b44-b91b-2038c85b7def
2019-10-02 21:06:52,881 [main] INFO  impl.RoleInfo (RoleInfo.java:shutdownLeaderState(104)) - 18b3ba82-8644-4b44-b91b-2038c85b7def: shutdown LeaderState
2019-10-02 21:06:52,882 [main] INFO  impl.PendingRequests (PendingRequests.java:sendNotLeaderResponses(202)) - 18b3ba82-8644-4b44-b91b-2038c85b7def@group-DAA08C70CDDC-PendingRequests: sendNotLeaderResponses
2019-10-02 21:06:52,882 [main] INFO  impl.StateMachineUpdater (StateMachineUpdater.java:stopAndJoin(136)) - 18b3ba82-8644-4b44-b91b-2038c85b7def@group-DAA08C70CDDC-StateMachineUpdater: set stopIndex = 0
2019-10-02 21:06:52,883 [main] INFO  impl.RaftServerImpl (ServerState.java:close(387)) - 18b3ba82-8644-4b44-b91b-2038c85b7def@group-DAA08C70CDDC: closes. applyIndex: 0
2019-10-02 21:06:52,883 [18b3ba82-8644-4b44-b91b-2038c85b7def@group-DAA08C70CDDC-SegmentedRaftLogWorker] INFO  segmented.SegmentedRaftLogWorker (SegmentedRaftLogWorker.java:run(316)) - 18b3ba82-8644-4b44-b91b-2038c85b7def@group-DAA08C70CDDC-SegmentedRaftLogWorker was interrupted, exiting. There are 0 tasks remaining in the queue.
2019-10-02 21:06:52,886 [EventQueue-StaleNodeForStaleNodeHandler] INFO  node.StaleNodeHandler (StaleNodeHandler.java:onMessage(58)) - Datanode 070326aa-f1fa-4acf-9143-3b73f4503201{ip: 192.168.164.206, host: pr-hdds-2162-pj84x-1708865144, networkLocation: /default-rack, certSerialId: null} moved to stale state. Finalizing its pipelines [PipelineID=d010e781-56bf-4bb0-a899-deb5f7d09b94, PipelineID=49d1f7d9-7e07-4f9d-9976-e1e12dde26f6]
2019-10-02 21:06:52,886 [EventQueue-StaleNodeForStaleNodeHandler] INFO  pipeline.SCMPipelineManager (SCMPipelineManager.java:finalizeAndDestroyPipeline(315)) - destroying pipeline:Pipeline[ Id: d010e781-56bf-4bb0-a899-deb5f7d09b94, Nodes: 070326aa-f1fa-4acf-9143-3b73f4503201{ip: 192.168.164.206, host: pr-hdds-2162-pj84x-1708865144, networkLocation: /default-rack, certSerialId: null}, Type:RATIS, Factor:ONE, State:OPEN]
2019-10-02 21:06:52,887 [EventQueue-StaleNodeForStaleNodeHandler] INFO  pipeline.PipelineStateManager (PipelineStateManager.java:finalizePipeline(123)) - Pipeline Pipeline[ Id: d010e781-56bf-4bb0-a899-deb5f7d09b94, Nodes: 070326aa-f1fa-4acf-9143-3b73f4503201{ip: 192.168.164.206, host: pr-hdds-2162-pj84x-1708865144, networkLocation: /default-rack, certSerialId: null}, Type:RATIS, Factor:ONE, State:CLOSED] moved to CLOSED state
2019-10-02 21:06:52,887 [EventQueue-StaleNodeForStaleNodeHandler] INFO  pipeline.SCMPipelineManager (SCMPipelineManager.java:finalizeAndDestroyPipeline(315)) - destroying pipeline:Pipeline[ Id: 49d1f7d9-7e07-4f9d-9976-e1e12dde26f6, Nodes: 7d6f8f3d-8939-42dd-bbbd-f72a8fc3ef97{ip: 192.168.164.206, host: pr-hdds-2162-pj84x-1708865144, networkLocation: /default-rack, certSerialId: null}5edb5b81-e56f-48e0-a3d6-7479a545ce64{ip: 192.168.164.206, host: pr-hdds-2162-pj84x-1708865144, networkLocation: /default-rack, certSerialId: null}070326aa-f1fa-4acf-9143-3b73f4503201{ip: 192.168.164.206, host: pr-hdds-2162-pj84x-1708865144, networkLocation: /default-rack, certSerialId: null}, Type:RATIS, Factor:THREE, State:CLOSED]
2019-10-02 21:06:52,891 [main] INFO  segmented.SegmentedRaftLogWorker (SegmentedRaftLogWorker.java:close(224)) - 18b3ba82-8644-4b44-b91b-2038c85b7def@group-DAA08C70CDDC-SegmentedRaftLogWorker close()
2019-10-02 21:06:52,896 [main] INFO  server.GrpcService (GrpcService.java:closeImpl(164)) - 18b3ba82-8644-4b44-b91b-2038c85b7def: shutdown server with port 33333 now
2019-10-02 21:06:52,896 [070326aa-f1fa-4acf-9143-3b73f4503201@group-E1E12DDE26F6-StateMachineUpdater] INFO  ratis.ContainerStateMachine (ContainerStateMachine.java:takeSnapshot(300)) - group-E1E12DDE26F6: Finished taking a snapshot at:(t:1, i:14) file:/workdir/hadoop-ozone/integration-test/target/test-dir/MiniOzoneClusterImpl-3a252fbc-4287-47a2-893f-83f3490ca533/datanode-0/data/ratis/49d1f7d9-7e07-4f9d-9976-e1e12dde26f6/sm/snapshot.1_14 time:22
2019-10-02 21:06:52,898 [070326aa-f1fa-4acf-9143-3b73f4503201@group-E1E12DDE26F6-StateMachineUpdater] INFO  impl.StateMachineUpdater (StateMachineUpdater.java:takeSnapshot(269)) - 070326aa-f1fa-4acf-9143-3b73f4503201@group-E1E12DDE26F6-StateMachineUpdater: Took a snapshot at index 14
2019-10-02 21:06:52,898 [070326aa-f1fa-4acf-9143-3b73f4503201@group-E1E12DDE26F6-StateMachineUpdater] INFO  impl.StateMachineUpdater (StateMachineUpdater.java:lambda$new$0(84)) - 070326aa-f1fa-4acf-9143-3b73f4503201@group-E1E12DDE26F6-StateMachineUpdater: snapshotIndex: updateIncreasingly 14 -> 14
2019-10-02 21:06:52,899 [ForkJoinPool.commonPool-worker-0] INFO  impl.RaftServerImpl (ServerState.java:close(387)) - 070326aa-f1fa-4acf-9143-3b73f4503201@group-E1E12DDE26F6: closes. applyIndex: 18
2019-10-02 21:06:52,899 [070326aa-f1fa-4acf-9143-3b73f4503201@group-E1E12DDE26F6-SegmentedRaftLogWorker] INFO  segmented.SegmentedRaftLogWorker (SegmentedRaftLogWorker.java:run(316)) - 070326aa-f1fa-4acf-9143-3b73f4503201@group-E1E12DDE26F6-SegmentedRaftLogWorker was interrupted, exiting. There are 0 tasks remaining in the queue.
2019-10-02 21:06:52,899 [grpc-default-executor-4] WARN  server.GrpcServerProtocolService (LogUtils.java:warn(134)) - 18b3ba82-8644-4b44-b91b-2038c85b7def: installSnapshot onError, lastRequest: 9f78b666-09ed-47d3-a843-81f82f1ca7ed->18b3ba82-8644-4b44-b91b-2038c85b7def#28-t1, previous=(t:1, i:18), leaderCommit=18, initializing? false, entries: <empty>: org.apache.ratis.thirdparty.io.grpc.StatusRuntimeException: CANCELLED: cancelled before receiving half close
2019-10-02 21:06:52,900 [main] INFO  server.GrpcService (GrpcService.java:closeImpl(172)) - 18b3ba82-8644-4b44-b91b-2038c85b7def: shutdown server with port 33333 successfully
2019-10-02 21:06:52,902 [ForkJoinPool.commonPool-worker-0] INFO  segmented.SegmentedRaftLogWorker (SegmentedRaftLogWorker.java:close(224)) - 070326aa-f1fa-4acf-9143-3b73f4503201@group-E1E12DDE26F6-SegmentedRaftLogWorker close()
2019-10-02 21:06:52,902 [grpc-default-executor-9] WARN  server.GrpcLogAppender (LogUtils.java:warn(134)) - 9f78b666-09ed-47d3-a843-81f82f1ca7ed@group-CA1D320B4A05->18b3ba82-8644-4b44-b91b-2038c85b7def-AppendLogResponseHandler: Failed appendEntries: org.apache.ratis.thirdparty.io.grpc.StatusRuntimeException: CANCELLED: HTTP/2 error code: CANCEL
Received Rst Stream
2019-10-02 21:06:52,903 [grpc-default-executor-9] INFO  impl.FollowerInfo (FollowerInfo.java:lambda$new$0(51)) - 9f78b666-09ed-47d3-a843-81f82f1ca7ed@group-CA1D320B4A05->18b3ba82-8644-4b44-b91b-2038c85b7def: nextIndex: updateUnconditionally 19 -> 18
2019-10-02 21:06:52,907 [ForkJoinPool.commonPool-worker-0] INFO  server.GrpcService (GrpcService.java:closeImpl(164)) - 070326aa-f1fa-4acf-9143-3b73f4503201: shutdown server with port 40114 now
2019-10-02 21:06:52,908 [ForkJoinPool.commonPool-worker-0] INFO  server.GrpcService (GrpcService.java:closeImpl(172)) - 070326aa-f1fa-4acf-9143-3b73f4503201: shutdown server with port 40114 successfully
2019-10-02 21:06:52,909 [refreshUsed-/workdir/hadoop-ozone/integration-test/target/test-dir/MiniOzoneClusterImpl-3a252fbc-4287-47a2-893f-83f3490ca533/datanode-3/data/containers] WARN  fs.CachingGetSpaceUsed (CachingGetSpaceUsed.java:run(183)) - Thread Interrupted waiting to refresh disk information: sleep interrupted
2019-10-02 21:06:52,919 [refreshUsed-/workdir/hadoop-ozone/integration-test/target/test-dir/MiniOzoneClusterImpl-3a252fbc-4287-47a2-893f-83f3490ca533/datanode-0/data/containers] WARN  fs.CachingGetSpaceUsed (CachingGetSpaceUsed.java:run(183)) - Thread Interrupted waiting to refresh disk information: sleep interrupted
2019-10-02 21:06:52,934 [ForkJoinPool.commonPool-worker-0] INFO  utils.BackgroundService (BackgroundService.java:shutdown(148)) - Shutting down service BlockDeletingService
2019-10-02 21:06:52,934 [main] INFO  utils.BackgroundService (BackgroundService.java:shutdown(148)) - Shutting down service BlockDeletingService
2019-10-02 21:06:52,938 [ForkJoinPool.commonPool-worker-0] INFO  statemachine.DatanodeStateMachine (DatanodeStateMachine.java:stopDaemon(395)) - Ozone container server stopped.
2019-10-02 21:06:52,941 [main] INFO  statemachine.DatanodeStateMachine (DatanodeStateMachine.java:stopDaemon(395)) - Ozone container server stopped.
2019-10-02 21:06:52,947 [ForkJoinPool.commonPool-worker-0] INFO  handler.ContextHandler (ContextHandler.java:doStop(910)) - Stopped o.e.j.w.WebAppContext@55296b50{/,null,UNAVAILABLE}{/hddsDatanode}
2019-10-02 21:06:52,947 [main] INFO  handler.ContextHandler (ContextHandler.java:doStop(910)) - Stopped o.e.j.w.WebAppContext@56fda064{/,null,UNAVAILABLE}{/hddsDatanode}
2019-10-02 21:06:52,947 [ForkJoinPool.commonPool-worker-0] INFO  server.AbstractConnector (AbstractConnector.java:doStop(318)) - Stopped ServerConnector@60591e1b{HTTP/1.1,[http/1.1]}{0.0.0.0:0}
2019-10-02 21:06:52,949 [ForkJoinPool.commonPool-worker-0] INFO  handler.ContextHandler (ContextHandler.java:doStop(910)) - Stopped o.e.j.s.ServletContextHandler@234cd86c{/static,jar:file:/home/user/.m2/repository/org/apache/hadoop/hadoop-hdds-container-service/0.5.0-SNAPSHOT/hadoop-hdds-container-service-0.5.0-SNAPSHOT.jar!/webapps/static,UNAVAILABLE}
2019-10-02 21:06:52,951 [main] INFO  server.AbstractConnector (AbstractConnector.java:doStop(318)) - Stopped ServerConnector@6cdee57{HTTP/1.1,[http/1.1]}{0.0.0.0:0}
2019-10-02 21:06:52,951 [ForkJoinPool.commonPool-worker-0] INFO  handler.ContextHandler (ContextHandler.java:doStop(910)) - Stopped o.e.j.s.ServletContextHandler@743c3520{/logs,file:///workdir/hadoop-ozone/integration-test/target/log,UNAVAILABLE}
2019-10-02 21:06:52,951 [main] INFO  handler.ContextHandler (ContextHandler.java:doStop(910)) - Stopped o.e.j.s.ServletContextHandler@53ea380b{/static,jar:file:/home/user/.m2/repository/org/apache/hadoop/hadoop-hdds-container-service/0.5.0-SNAPSHOT/hadoop-hdds-container-service-0.5.0-SNAPSHOT.jar!/webapps/static,UNAVAILABLE}
2019-10-02 21:06:52,952 [main] INFO  handler.ContextHandler (ContextHandler.java:doStop(910)) - Stopped o.e.j.s.ServletContextHandler@78116659{/logs,file:///workdir/hadoop-ozone/integration-test/target/log,UNAVAILABLE}
2019-10-02 21:06:53,320 [Datanode State Machine Thread - 0] INFO  statemachine.DatanodeStateMachine (DatanodeStateMachine.java:lambda$startDaemon$0(350)) - Ozone container server started.
2019-10-02 21:06:53,543 [Datanode State Machine Thread - 0] INFO  statemachine.DatanodeStateMachine (DatanodeStateMachine.java:lambda$startDaemon$0(350)) - Ozone container server started.
2019-10-02 21:06:54,538 [grpc-default-executor-6] WARN  server.GrpcLogAppender (LogUtils.java:warn(134)) - 9f78b666-09ed-47d3-a843-81f82f1ca7ed@group-CA1D320B4A05->77825903-4878-47e9-9161-8fc3ca3e4e76-AppendLogResponseHandler: Failed appendEntries: org.apache.ratis.thirdparty.io.grpc.StatusRuntimeException: UNAVAILABLE: io exception
2019-10-02 21:06:54,538 [grpc-default-executor-6] INFO  impl.FollowerInfo (FollowerInfo.java:lambda$new$0(51)) - 9f78b666-09ed-47d3-a843-81f82f1ca7ed@group-CA1D320B4A05->77825903-4878-47e9-9161-8fc3ca3e4e76: nextIndex: updateUnconditionally 15 -> 14
2019-10-02 21:06:54,539 [grpc-default-executor-6] WARN  server.GrpcLogAppender (LogUtils.java:warn(134)) - 9f78b666-09ed-47d3-a843-81f82f1ca7ed@group-CA1D320B4A05->18b3ba82-8644-4b44-b91b-2038c85b7def-AppendLogResponseHandler: Failed appendEntries: org.apache.ratis.thirdparty.io.grpc.StatusRuntimeException: UNAVAILABLE: io exception
2019-10-02 21:06:54,539 [grpc-default-executor-6] INFO  impl.FollowerInfo (FollowerInfo.java:lambda$new$0(51)) - 9f78b666-09ed-47d3-a843-81f82f1ca7ed@group-CA1D320B4A05->18b3ba82-8644-4b44-b91b-2038c85b7def: nextIndex: updateUnconditionally 18 -> 17
2019-10-02 21:06:57,044 [grpc-default-executor-6] WARN  server.GrpcLogAppender (LogUtils.java:warn(134)) - 9f78b666-09ed-47d3-a843-81f82f1ca7ed@group-CA1D320B4A05->77825903-4878-47e9-9161-8fc3ca3e4e76-AppendLogResponseHandler: Failed appendEntries: org.apache.ratis.thirdparty.io.grpc.StatusRuntimeException: UNAVAILABLE: io exception
2019-10-02 21:06:57,044 [grpc-default-executor-4] WARN  server.GrpcLogAppender (LogUtils.java:warn(134)) - 9f78b666-09ed-47d3-a843-81f82f1ca7ed@group-CA1D320B4A05->18b3ba82-8644-4b44-b91b-2038c85b7def-AppendLogResponseHandler: Failed appendEntries: org.apache.ratis.thirdparty.io.grpc.StatusRuntimeException: UNAVAILABLE: io exception
2019-10-02 21:06:57,045 [grpc-default-executor-6] INFO  impl.FollowerInfo (FollowerInfo.java:lambda$new$0(51)) - 9f78b666-09ed-47d3-a843-81f82f1ca7ed@group-CA1D320B4A05->77825903-4878-47e9-9161-8fc3ca3e4e76: nextIndex: updateUnconditionally 14 -> 13
2019-10-02 21:06:57,045 [grpc-default-executor-4] INFO  impl.FollowerInfo (FollowerInfo.java:lambda$new$0(51)) - 9f78b666-09ed-47d3-a843-81f82f1ca7ed@group-CA1D320B4A05->18b3ba82-8644-4b44-b91b-2038c85b7def: nextIndex: updateUnconditionally 17 -> 16
2019-10-02 21:06:57,392 [EventQueue-StaleNodeForStaleNodeHandler] INFO  node.StaleNodeHandler (StaleNodeHandler.java:onMessage(58)) - Datanode 7efb7e80-247f-43d1-8c8b-821d8662123a{ip: 192.168.164.206, host: pr-hdds-2162-pj84x-1708865144, networkLocation: /default-rack, certSerialId: null} moved to stale state. Finalizing its pipelines [PipelineID=abd1c602-219f-40d2-81a6-9bebd917be11]
2019-10-02 21:06:57,393 [EventQueue-StaleNodeForStaleNodeHandler] INFO  pipeline.SCMPipelineManager (SCMPipelineManager.java:finalizeAndDestroyPipeline(315)) - destroying pipeline:Pipeline[ Id: abd1c602-219f-40d2-81a6-9bebd917be11, Nodes: 7efb7e80-247f-43d1-8c8b-821d8662123a{ip: 192.168.164.206, host: pr-hdds-2162-pj84x-1708865144, networkLocation: /default-rack, certSerialId: null}, Type:RATIS, Factor:ONE, State:OPEN]
2019-10-02 21:06:57,394 [EventQueue-StaleNodeForStaleNodeHandler] INFO  pipeline.PipelineStateManager (PipelineStateManager.java:finalizePipeline(123)) - Pipeline Pipeline[ Id: abd1c602-219f-40d2-81a6-9bebd917be11, Nodes: 7efb7e80-247f-43d1-8c8b-821d8662123a{ip: 192.168.164.206, host: pr-hdds-2162-pj84x-1708865144, networkLocation: /default-rack, certSerialId: null}, Type:RATIS, Factor:ONE, State:CLOSED] moved to CLOSED state
2019-10-02 21:06:57,592 [EventQueue-StaleNodeForStaleNodeHandler] INFO  node.StaleNodeHandler (StaleNodeHandler.java:onMessage(58)) - Datanode 9f78b666-09ed-47d3-a843-81f82f1ca7ed{ip: 192.168.164.206, host: pr-hdds-2162-pj84x-1708865144, networkLocation: /default-rack, certSerialId: null} moved to stale state. Finalizing its pipelines [PipelineID=d4f155ce-db9c-4123-9ae9-96fc915dae0a, PipelineID=8c746c43-5942-43f1-a905-ca1d320b4a05]
2019-10-02 21:06:57,593 [EventQueue-StaleNodeForStaleNodeHandler] INFO  pipeline.SCMPipelineManager (SCMPipelineManager.java:finalizeAndDestroyPipeline(315)) - destroying pipeline:Pipeline[ Id: d4f155ce-db9c-4123-9ae9-96fc915dae0a, Nodes: 9f78b666-09ed-47d3-a843-81f82f1ca7ed{ip: 192.168.164.206, host: pr-hdds-2162-pj84x-1708865144, networkLocation: /default-rack, certSerialId: null}, Type:RATIS, Factor:ONE, State:OPEN]
2019-10-02 21:06:57,593 [EventQueue-StaleNodeForStaleNodeHandler] INFO  pipeline.PipelineStateManager (PipelineStateManager.java:finalizePipeline(123)) - Pipeline Pipeline[ Id: d4f155ce-db9c-4123-9ae9-96fc915dae0a, Nodes: 9f78b666-09ed-47d3-a843-81f82f1ca7ed{ip: 192.168.164.206, host: pr-hdds-2162-pj84x-1708865144, networkLocation: /default-rack, certSerialId: null}, Type:RATIS, Factor:ONE, State:CLOSED] moved to CLOSED state
2019-10-02 21:06:57,593 [EventQueue-StaleNodeForStaleNodeHandler] INFO  pipeline.SCMPipelineManager (SCMPipelineManager.java:finalizeAndDestroyPipeline(315)) - destroying pipeline:Pipeline[ Id: 8c746c43-5942-43f1-a905-ca1d320b4a05, Nodes: 18b3ba82-8644-4b44-b91b-2038c85b7def{ip: 192.168.164.206, host: pr-hdds-2162-pj84x-1708865144, networkLocation: /default-rack, certSerialId: null}77825903-4878-47e9-9161-8fc3ca3e4e76{ip: 192.168.164.206, host: pr-hdds-2162-pj84x-1708865144, networkLocation: /default-rack, certSerialId: null}9f78b666-09ed-47d3-a843-81f82f1ca7ed{ip: 192.168.164.206, host: pr-hdds-2162-pj84x-1708865144, networkLocation: /default-rack, certSerialId: null}, Type:RATIS, Factor:THREE, State:CLOSED]
2019-10-02 21:06:57,954 [ForkJoinPool.commonPool-worker-0] INFO  ozoneimpl.OzoneContainer (OzoneContainer.java:stop(231)) - Attempting to stop container services.
2019-10-02 21:06:57,954 [main] INFO  ozoneimpl.OzoneContainer (OzoneContainer.java:stop(231)) - Attempting to stop container services.
2019-10-02 21:06:57,960 [ForkJoinPool.commonPool-worker-0] INFO  impl.RaftServerProxy (RaftServerProxy.java:lambda$close$4(314)) - 7efb7e80-247f-43d1-8c8b-821d8662123a: close
2019-10-02 21:06:57,960 [main] INFO  impl.RaftServerProxy (RaftServerProxy.java:lambda$close$4(314)) - 9f78b666-09ed-47d3-a843-81f82f1ca7ed: close
2019-10-02 21:06:57,961 [ForkJoinPool.commonPool-worker-0] INFO  impl.RaftServerImpl (RaftServerImpl.java:lambda$shutdown$3(247)) - 7efb7e80-247f-43d1-8c8b-821d8662123a@group-9BEBD917BE11: shutdown
2019-10-02 21:06:57,961 [main] INFO  impl.RaftServerImpl (RaftServerImpl.java:lambda$shutdown$3(247)) - 9f78b666-09ed-47d3-a843-81f82f1ca7ed@group-96FC915DAE0A: shutdown
2019-10-02 21:06:57,962 [ForkJoinPool.commonPool-worker-0] INFO  util.JmxRegister (JmxRegister.java:unregister(73)) - Successfully un-registered JMX Bean with object name Ratis:service=RaftServer,group=group-9BEBD917BE11,id=7efb7e80-247f-43d1-8c8b-821d8662123a
2019-10-02 21:06:57,962 [main] INFO  util.JmxRegister (JmxRegister.java:unregister(73)) - Successfully un-registered JMX Bean with object name Ratis:service=RaftServer,group=group-96FC915DAE0A,id=9f78b666-09ed-47d3-a843-81f82f1ca7ed
2019-10-02 21:06:57,963 [ForkJoinPool.commonPool-worker-0] INFO  impl.RoleInfo (RoleInfo.java:shutdownLeaderState(104)) - 7efb7e80-247f-43d1-8c8b-821d8662123a: shutdown LeaderState
2019-10-02 21:06:57,963 [main] INFO  impl.RoleInfo (RoleInfo.java:shutdownLeaderState(104)) - 9f78b666-09ed-47d3-a843-81f82f1ca7ed: shutdown LeaderState
2019-10-02 21:06:57,964 [main] INFO  impl.PendingRequests (PendingRequests.java:sendNotLeaderResponses(202)) - 9f78b666-09ed-47d3-a843-81f82f1ca7ed@group-96FC915DAE0A-PendingRequests: sendNotLeaderResponses
2019-10-02 21:06:57,964 [ForkJoinPool.commonPool-worker-0] INFO  impl.PendingRequests (PendingRequests.java:sendNotLeaderResponses(202)) - 7efb7e80-247f-43d1-8c8b-821d8662123a@group-9BEBD917BE11-PendingRequests: sendNotLeaderResponses
2019-10-02 21:06:57,965 [ForkJoinPool.commonPool-worker-0] INFO  impl.StateMachineUpdater (StateMachineUpdater.java:stopAndJoin(136)) - 7efb7e80-247f-43d1-8c8b-821d8662123a@group-9BEBD917BE11-StateMachineUpdater: set stopIndex = 0
2019-10-02 21:06:57,965 [main] INFO  impl.StateMachineUpdater (StateMachineUpdater.java:stopAndJoin(136)) - 9f78b666-09ed-47d3-a843-81f82f1ca7ed@group-96FC915DAE0A-StateMachineUpdater: set stopIndex = 0
2019-10-02 21:06:57,965 [main] INFO  impl.RaftServerImpl (ServerState.java:close(387)) - 9f78b666-09ed-47d3-a843-81f82f1ca7ed@group-96FC915DAE0A: closes. applyIndex: 0
2019-10-02 21:06:57,966 [ForkJoinPool.commonPool-worker-0] INFO  impl.RaftServerImpl (ServerState.java:close(387)) - 7efb7e80-247f-43d1-8c8b-821d8662123a@group-9BEBD917BE11: closes. applyIndex: 0
2019-10-02 21:06:57,966 [9f78b666-09ed-47d3-a843-81f82f1ca7ed@group-96FC915DAE0A-SegmentedRaftLogWorker] INFO  segmented.SegmentedRaftLogWorker (SegmentedRaftLogWorker.java:run(316)) - 9f78b666-09ed-47d3-a843-81f82f1ca7ed@group-96FC915DAE0A-SegmentedRaftLogWorker was interrupted, exiting. There are 0 tasks remaining in the queue.
2019-10-02 21:06:57,967 [7efb7e80-247f-43d1-8c8b-821d8662123a@group-9BEBD917BE11-SegmentedRaftLogWorker] INFO  segmented.SegmentedRaftLogWorker (SegmentedRaftLogWorker.java:run(316)) - 7efb7e80-247f-43d1-8c8b-821d8662123a@group-9BEBD917BE11-SegmentedRaftLogWorker was interrupted, exiting. There are 0 tasks remaining in the queue.
2019-10-02 21:06:57,969 [main] INFO  segmented.SegmentedRaftLogWorker (SegmentedRaftLogWorker.java:close(224)) - 9f78b666-09ed-47d3-a843-81f82f1ca7ed@group-96FC915DAE0A-SegmentedRaftLogWorker close()
2019-10-02 21:06:57,969 [ForkJoinPool.commonPool-worker-0] INFO  segmented.SegmentedRaftLogWorker (SegmentedRaftLogWorker.java:close(224)) - 7efb7e80-247f-43d1-8c8b-821d8662123a@group-9BEBD917BE11-SegmentedRaftLogWorker close()
2019-10-02 21:06:57,973 [main] INFO  impl.RaftServerImpl (RaftServerImpl.java:lambda$shutdown$3(247)) - 9f78b666-09ed-47d3-a843-81f82f1ca7ed@group-CA1D320B4A05: shutdown
2019-10-02 21:06:57,988 [main] INFO  util.JmxRegister (JmxRegister.java:unregister(73)) - Successfully un-registered JMX Bean with object name Ratis:service=RaftServer,group=group-CA1D320B4A05,id=9f78b666-09ed-47d3-a843-81f82f1ca7ed
2019-10-02 21:06:57,988 [ForkJoinPool.commonPool-worker-0] INFO  server.GrpcService (GrpcService.java:closeImpl(164)) - 7efb7e80-247f-43d1-8c8b-821d8662123a: shutdown server with port 37366 now
2019-10-02 21:06:57,989 [main] INFO  impl.RoleInfo (RoleInfo.java:shutdownLeaderState(104)) - 9f78b666-09ed-47d3-a843-81f82f1ca7ed: shutdown LeaderState
2019-10-02 21:06:57,996 [main] INFO  impl.PendingRequests (PendingRequests.java:sendNotLeaderResponses(202)) - 9f78b666-09ed-47d3-a843-81f82f1ca7ed@group-CA1D320B4A05-PendingRequests: sendNotLeaderResponses
2019-10-02 21:06:57,996 [org.apache.ratis.server.impl.LogAppender$AppenderDaemon$$Lambda$512/834240499@7d4b1480] WARN  server.GrpcLogAppender (GrpcLogAppender.java:mayWait(143)) - 9f78b666-09ed-47d3-a843-81f82f1ca7ed@group-CA1D320B4A05->77825903-4878-47e9-9161-8fc3ca3e4e76-GrpcLogAppender: Wait interrupted by java.lang.InterruptedException
2019-10-02 21:06:57,996 [ForkJoinPool.commonPool-worker-0] INFO  server.GrpcService (GrpcService.java:closeImpl(172)) - 7efb7e80-247f-43d1-8c8b-821d8662123a: shutdown server with port 37366 successfully
2019-10-02 21:06:57,996 [org.apache.ratis.server.impl.LogAppender$AppenderDaemon$$Lambda$512/834240499@2b8cb428] WARN  server.GrpcLogAppender (GrpcLogAppender.java:mayWait(143)) - 9f78b666-09ed-47d3-a843-81f82f1ca7ed@group-CA1D320B4A05->18b3ba82-8644-4b44-b91b-2038c85b7def-GrpcLogAppender: Wait interrupted by java.lang.InterruptedException
2019-10-02 21:06:58,000 [main] INFO  impl.StateMachineUpdater (StateMachineUpdater.java:stopAndJoin(136)) - 9f78b666-09ed-47d3-a843-81f82f1ca7ed@group-CA1D320B4A05-StateMachineUpdater: set stopIndex = 18
2019-10-02 21:06:58,003 [9f78b666-09ed-47d3-a843-81f82f1ca7ed@group-CA1D320B4A05-StateMachineUpdater] INFO  ratis.ContainerStateMachine (ContainerStateMachine.java:takeSnapshot(289)) - group-CA1D320B4A05: Taking a snapshot at:(t:1, i:18) file /workdir/hadoop-ozone/integration-test/target/test-dir/MiniOzoneClusterImpl-3a252fbc-4287-47a2-893f-83f3490ca533/datanode-5/data/ratis/8c746c43-5942-43f1-a905-ca1d320b4a05/sm/snapshot.1_18
2019-10-02 21:06:58,005 [refreshUsed-/workdir/hadoop-ozone/integration-test/target/test-dir/MiniOzoneClusterImpl-3a252fbc-4287-47a2-893f-83f3490ca533/datanode-6/data/containers] WARN  fs.CachingGetSpaceUsed (CachingGetSpaceUsed.java:run(183)) - Thread Interrupted waiting to refresh disk information: sleep interrupted
2019-10-02 21:06:58,017 [9f78b666-09ed-47d3-a843-81f82f1ca7ed@group-CA1D320B4A05-StateMachineUpdater] INFO  ratis.ContainerStateMachine (ContainerStateMachine.java:takeSnapshot(300)) - group-CA1D320B4A05: Finished taking a snapshot at:(t:1, i:18) file:/workdir/hadoop-ozone/integration-test/target/test-dir/MiniOzoneClusterImpl-3a252fbc-4287-47a2-893f-83f3490ca533/datanode-5/data/ratis/8c746c43-5942-43f1-a905-ca1d320b4a05/sm/snapshot.1_18 time:17
2019-10-02 21:06:58,018 [9f78b666-09ed-47d3-a843-81f82f1ca7ed@group-CA1D320B4A05-StateMachineUpdater] INFO  impl.StateMachineUpdater (StateMachineUpdater.java:takeSnapshot(269)) - 9f78b666-09ed-47d3-a843-81f82f1ca7ed@group-CA1D320B4A05-StateMachineUpdater: Took a snapshot at index 18
2019-10-02 21:06:58,018 [9f78b666-09ed-47d3-a843-81f82f1ca7ed@group-CA1D320B4A05-StateMachineUpdater] INFO  impl.StateMachineUpdater (StateMachineUpdater.java:lambda$new$0(84)) - 9f78b666-09ed-47d3-a843-81f82f1ca7ed@group-CA1D320B4A05-StateMachineUpdater: snapshotIndex: updateIncreasingly -1 -> 18
2019-10-02 21:06:58,018 [main] INFO  impl.RaftServerImpl (ServerState.java:close(387)) - 9f78b666-09ed-47d3-a843-81f82f1ca7ed@group-CA1D320B4A05: closes. applyIndex: 18
2019-10-02 21:06:58,018 [9f78b666-09ed-47d3-a843-81f82f1ca7ed@group-CA1D320B4A05-SegmentedRaftLogWorker] INFO  segmented.SegmentedRaftLogWorker (SegmentedRaftLogWorker.java:run(316)) - 9f78b666-09ed-47d3-a843-81f82f1ca7ed@group-CA1D320B4A05-SegmentedRaftLogWorker was interrupted, exiting. There are 0 tasks remaining in the queue.
2019-10-02 21:06:58,019 [main] INFO  segmented.SegmentedRaftLogWorker (SegmentedRaftLogWorker.java:close(224)) - 9f78b666-09ed-47d3-a843-81f82f1ca7ed@group-CA1D320B4A05-SegmentedRaftLogWorker close()
2019-10-02 21:06:58,020 [main] INFO  server.GrpcService (GrpcService.java:closeImpl(164)) - 9f78b666-09ed-47d3-a843-81f82f1ca7ed: shutdown server with port 35633 now
2019-10-02 21:06:58,021 [grpc-default-executor-4] WARN  client.GrpcClientProtocolService (LogUtils.java:warn(134)) - 1-UnorderedRequestStreamObserver1: onError: org.apache.ratis.thirdparty.io.grpc.StatusRuntimeException: CANCELLED: cancelled before receiving half close
2019-10-02 21:06:58,021 [main] INFO  server.GrpcService (GrpcService.java:closeImpl(172)) - 9f78b666-09ed-47d3-a843-81f82f1ca7ed: shutdown server with port 35633 successfully
2019-10-02 21:06:58,026 [refreshUsed-/workdir/hadoop-ozone/integration-test/target/test-dir/MiniOzoneClusterImpl-3a252fbc-4287-47a2-893f-83f3490ca533/datanode-5/data/containers] WARN  fs.CachingGetSpaceUsed (CachingGetSpaceUsed.java:run(183)) - Thread Interrupted waiting to refresh disk information: sleep interrupted
2019-10-02 21:06:58,027 [ForkJoinPool.commonPool-worker-0] INFO  utils.BackgroundService (BackgroundService.java:shutdown(148)) - Shutting down service BlockDeletingService
2019-10-02 21:06:58,031 [ForkJoinPool.commonPool-worker-0] INFO  statemachine.DatanodeStateMachine (DatanodeStateMachine.java:stopDaemon(395)) - Ozone container server stopped.
2019-10-02 21:06:58,035 [ForkJoinPool.commonPool-worker-0] INFO  handler.ContextHandler (ContextHandler.java:doStop(910)) - Stopped o.e.j.w.WebAppContext@31881aa2{/,null,UNAVAILABLE}{/hddsDatanode}
2019-10-02 21:06:58,036 [ForkJoinPool.commonPool-worker-0] INFO  server.AbstractConnector (AbstractConnector.java:doStop(318)) - Stopped ServerConnector@1b46392c{HTTP/1.1,[http/1.1]}{0.0.0.0:0}
2019-10-02 21:06:58,037 [ForkJoinPool.commonPool-worker-0] INFO  handler.ContextHandler (ContextHandler.java:doStop(910)) - Stopped o.e.j.s.ServletContextHandler@51b87df7{/static,jar:file:/home/user/.m2/repository/org/apache/hadoop/hadoop-hdds-container-service/0.5.0-SNAPSHOT/hadoop-hdds-container-service-0.5.0-SNAPSHOT.jar!/webapps/static,UNAVAILABLE}
2019-10-02 21:06:58,038 [ForkJoinPool.commonPool-worker-0] INFO  handler.ContextHandler (ContextHandler.java:doStop(910)) - Stopped o.e.j.s.ServletContextHandler@615439f7{/logs,file:///workdir/hadoop-ozone/integration-test/target/log,UNAVAILABLE}
2019-10-02 21:06:58,046 [main] INFO  utils.BackgroundService (BackgroundService.java:shutdown(148)) - Shutting down service BlockDeletingService
2019-10-02 21:06:58,049 [main] INFO  statemachine.DatanodeStateMachine (DatanodeStateMachine.java:stopDaemon(395)) - Ozone container server stopped.
2019-10-02 21:06:58,050 [main] INFO  handler.ContextHandler (ContextHandler.java:doStop(910)) - Stopped o.e.j.w.WebAppContext@79cb8ffa{/,null,UNAVAILABLE}{/hddsDatanode}
2019-10-02 21:06:58,050 [main] INFO  server.AbstractConnector (AbstractConnector.java:doStop(318)) - Stopped ServerConnector@1a2e563e{HTTP/1.1,[http/1.1]}{0.0.0.0:0}
2019-10-02 21:06:58,050 [main] INFO  handler.ContextHandler (ContextHandler.java:doStop(910)) - Stopped o.e.j.s.ServletContextHandler@7f2b584b{/static,jar:file:/home/user/.m2/repository/org/apache/hadoop/hadoop-hdds-container-service/0.5.0-SNAPSHOT/hadoop-hdds-container-service-0.5.0-SNAPSHOT.jar!/webapps/static,UNAVAILABLE}
2019-10-02 21:06:58,051 [main] INFO  handler.ContextHandler (ContextHandler.java:doStop(910)) - Stopped o.e.j.s.ServletContextHandler@4faf1f4{/logs,file:///workdir/hadoop-ozone/integration-test/target/log,UNAVAILABLE}
2019-10-02 21:06:58,052 [main] INFO  ozone.MiniOzoneClusterImpl (MiniOzoneClusterImpl.java:stopSCM(392)) - Stopping the StorageContainerManager
2019-10-02 21:06:58,052 [main] INFO  server.StorageContainerManager (StorageContainerManager.java:stop(808)) - Stopping Replication Manager Service.
2019-10-02 21:06:58,052 [main] INFO  container.ReplicationManager (ReplicationManager.java:stop(203)) - Stopping Replication Monitor Thread.
2019-10-02 21:06:58,052 [main] INFO  server.StorageContainerManager (StorageContainerManager.java:stop(815)) - Stopping Lease Manager of the command watchers
2019-10-02 21:06:58,053 [main] INFO  server.StorageContainerManager (StorageContainerManager.java:stop(822)) - Stopping datanode service RPC server
2019-10-02 21:06:58,053 [main] INFO  server.SCMDatanodeProtocolServer (SCMDatanodeProtocolServer.java:stop(367)) - Stopping the RPC server for DataNodes
2019-10-02 21:06:58,053 [main] INFO  ipc.Server (Server.java:stop(3082)) - Stopping server on 37705
2019-10-02 21:06:58,055 [IPC Server listener on 37705] INFO  ipc.Server (Server.java:run(1185)) - Stopping IPC Server listener on 37705
2019-10-02 21:06:58,056 [IPC Server Responder] INFO  ipc.Server (Server.java:run(1319)) - Stopping IPC Server Responder
2019-10-02 21:06:58,094 [SCM Heartbeat Processing Thread - 0] WARN  node.NodeStateManager (NodeStateManager.java:scheduleNextHealthCheck(646)) - Current Thread is interrupted, shutting down HB processing thread for Node Manager.
2019-10-02 21:06:58,094 [main] INFO  server.StorageContainerManager (StorageContainerManager.java:stop(830)) - Stopping block service RPC server
2019-10-02 21:06:58,094 [main] INFO  server.SCMBlockProtocolServer (SCMBlockProtocolServer.java:stop(155)) - Stopping the RPC server for Block Protocol
2019-10-02 21:06:58,095 [main] INFO  ipc.Server (Server.java:stop(3082)) - Stopping server on 35580
2019-10-02 21:06:58,097 [IPC Server listener on 35580] INFO  ipc.Server (Server.java:run(1185)) - Stopping IPC Server listener on 35580
2019-10-02 21:06:58,097 [main] INFO  server.StorageContainerManager (StorageContainerManager.java:stop(837)) - Stopping the StorageContainerLocationProtocol RPC server
2019-10-02 21:06:58,097 [IPC Server Responder] INFO  ipc.Server (Server.java:run(1319)) - Stopping IPC Server Responder
2019-10-02 21:06:58,098 [main] INFO  server.SCMClientProtocolServer (SCMClientProtocolServer.java:stop(158)) - Stopping the RPC server for Client Protocol
2019-10-02 21:06:58,098 [main] INFO  ipc.Server (Server.java:stop(3082)) - Stopping server on 33300
2019-10-02 21:06:58,100 [IPC Server listener on 33300] INFO  ipc.Server (Server.java:run(1185)) - Stopping IPC Server listener on 33300
2019-10-02 21:06:58,100 [main] INFO  server.StorageContainerManager (StorageContainerManager.java:stop(844)) - Stopping Storage Container Manager HTTP server.
2019-10-02 21:06:58,100 [IPC Server Responder] INFO  ipc.Server (Server.java:run(1319)) - Stopping IPC Server Responder
2019-10-02 21:06:58,102 [main] INFO  handler.ContextHandler (ContextHandler.java:doStop(910)) - Stopped o.e.j.w.WebAppContext@2bec068b{/,null,UNAVAILABLE}{/scm}
2019-10-02 21:06:58,102 [main] INFO  server.AbstractConnector (AbstractConnector.java:doStop(318)) - Stopped ServerConnector@7d59e968{HTTP/1.1,[http/1.1]}{0.0.0.0:0}
2019-10-02 21:06:58,102 [main] INFO  handler.ContextHandler (ContextHandler.java:doStop(910)) - Stopped o.e.j.s.ServletContextHandler@2313db84{/static,file:///workdir/hadoop-ozone/integration-test/target/test-classes/webapps/static,UNAVAILABLE}
2019-10-02 21:06:58,103 [main] INFO  handler.ContextHandler (ContextHandler.java:doStop(910)) - Stopped o.e.j.s.ServletContextHandler@d2708a7{/logs,file:///workdir/hadoop-ozone/integration-test/target/log,UNAVAILABLE}
2019-10-02 21:06:58,104 [main] INFO  server.StorageContainerManager (StorageContainerManager.java:stop(855)) - Stopping Block Manager Service.
2019-10-02 21:06:58,104 [main] INFO  utils.BackgroundService (BackgroundService.java:shutdown(148)) - Shutting down service SCMBlockDeletingService
2019-10-02 21:06:58,104 [main] INFO  utils.BackgroundService (BackgroundService.java:shutdown(148)) - Shutting down service SCMBlockDeletingService
2019-10-02 21:06:58,105 [main] INFO  server.StorageContainerManager (StorageContainerManager.java:stop(877)) - Stopping SCM Event Queue.
2019-10-02 21:06:58,109 [main] INFO  impl.MetricsSystemImpl (MetricsSystemImpl.java:stop(210)) - Stopping HddsDatanode metrics system...
2019-10-02 21:06:58,134 [main] INFO  impl.MetricsSystemImpl (MetricsSystemImpl.java:stop(216)) - HddsDatanode metrics system stopped.
]]></system-out>
    <system-err><![CDATA[Oct 02, 2019 9:06:47 PM org.apache.ratis.thirdparty.io.grpc.internal.SerializingExecutor run
SEVERE: Exception while executing runnable org.apache.ratis.thirdparty.io.grpc.internal.ServerImpl$JumpToApplicationThreadServerStreamListener$1Closed@39a61e2b
org.apache.ratis.thirdparty.io.grpc.StatusRuntimeException: CANCELLED: call already cancelled
	at org.apache.ratis.thirdparty.io.grpc.Status.asRuntimeException(Status.java:517)
	at org.apache.ratis.thirdparty.io.grpc.stub.ServerCalls$ServerCallStreamObserverImpl.onCompleted(ServerCalls.java:356)
	at org.apache.ratis.grpc.server.GrpcServerProtocolService$ServerRequestStreamObserver.onError(GrpcServerProtocolService.java:121)
	at org.apache.ratis.thirdparty.io.grpc.stub.ServerCalls$StreamingServerCallHandler$StreamingServerCallListener.onCancel(ServerCalls.java:269)
	at org.apache.ratis.thirdparty.io.grpc.internal.ServerCallImpl$ServerStreamListenerImpl.closed(ServerCallImpl.java:293)
	at org.apache.ratis.thirdparty.io.grpc.internal.ServerImpl$JumpToApplicationThreadServerStreamListener$1Closed.runInContext(ServerImpl.java:741)
	at org.apache.ratis.thirdparty.io.grpc.internal.ContextRunnable.run(ContextRunnable.java:37)
	at org.apache.ratis.thirdparty.io.grpc.internal.SerializingExecutor.run(SerializingExecutor.java:123)
	at java.util.concurrent.ThreadPoolExecutor.runWorker(ThreadPoolExecutor.java:1149)
	at java.util.concurrent.ThreadPoolExecutor$Worker.run(ThreadPoolExecutor.java:624)
	at java.lang.Thread.run(Thread.java:748)

Oct 02, 2019 9:06:47 PM org.apache.ratis.thirdparty.io.grpc.internal.SerializingExecutor run
SEVERE: Exception while executing runnable org.apache.ratis.thirdparty.io.grpc.internal.ServerImpl$JumpToApplicationThreadServerStreamListener$1Closed@19d3047e
org.apache.ratis.thirdparty.io.grpc.StatusRuntimeException: CANCELLED: call already cancelled
	at org.apache.ratis.thirdparty.io.grpc.Status.asRuntimeException(Status.java:517)
	at org.apache.ratis.thirdparty.io.grpc.stub.ServerCalls$ServerCallStreamObserverImpl.onCompleted(ServerCalls.java:356)
	at org.apache.ratis.grpc.server.GrpcServerProtocolService$ServerRequestStreamObserver.onError(GrpcServerProtocolService.java:121)
	at org.apache.ratis.thirdparty.io.grpc.stub.ServerCalls$StreamingServerCallHandler$StreamingServerCallListener.onCancel(ServerCalls.java:269)
	at org.apache.ratis.thirdparty.io.grpc.internal.ServerCallImpl$ServerStreamListenerImpl.closed(ServerCallImpl.java:293)
	at org.apache.ratis.thirdparty.io.grpc.internal.ServerImpl$JumpToApplicationThreadServerStreamListener$1Closed.runInContext(ServerImpl.java:741)
	at org.apache.ratis.thirdparty.io.grpc.internal.ContextRunnable.run(ContextRunnable.java:37)
	at org.apache.ratis.thirdparty.io.grpc.internal.SerializingExecutor.run(SerializingExecutor.java:123)
	at java.util.concurrent.ThreadPoolExecutor.runWorker(ThreadPoolExecutor.java:1149)
	at java.util.concurrent.ThreadPoolExecutor$Worker.run(ThreadPoolExecutor.java:624)
	at java.lang.Thread.run(Thread.java:748)

Oct 02, 2019 9:06:52 PM org.apache.ratis.thirdparty.io.grpc.internal.SerializingExecutor run
SEVERE: Exception while executing runnable org.apache.ratis.thirdparty.io.grpc.internal.ServerImpl$JumpToApplicationThreadServerStreamListener$1Closed@4c42a02
org.apache.ratis.thirdparty.io.grpc.StatusRuntimeException: CANCELLED: call already cancelled
	at org.apache.ratis.thirdparty.io.grpc.Status.asRuntimeException(Status.java:517)
	at org.apache.ratis.thirdparty.io.grpc.stub.ServerCalls$ServerCallStreamObserverImpl.onCompleted(ServerCalls.java:356)
	at org.apache.ratis.grpc.server.GrpcServerProtocolService$ServerRequestStreamObserver.onError(GrpcServerProtocolService.java:121)
	at org.apache.ratis.thirdparty.io.grpc.stub.ServerCalls$StreamingServerCallHandler$StreamingServerCallListener.onCancel(ServerCalls.java:269)
	at org.apache.ratis.thirdparty.io.grpc.internal.ServerCallImpl$ServerStreamListenerImpl.closed(ServerCallImpl.java:293)
	at org.apache.ratis.thirdparty.io.grpc.internal.ServerImpl$JumpToApplicationThreadServerStreamListener$1Closed.runInContext(ServerImpl.java:741)
	at org.apache.ratis.thirdparty.io.grpc.internal.ContextRunnable.run(ContextRunnable.java:37)
	at org.apache.ratis.thirdparty.io.grpc.internal.SerializingExecutor.run(SerializingExecutor.java:123)
	at java.util.concurrent.ThreadPoolExecutor.runWorker(ThreadPoolExecutor.java:1149)
	at java.util.concurrent.ThreadPoolExecutor$Worker.run(ThreadPoolExecutor.java:624)
	at java.lang.Thread.run(Thread.java:748)

]]></system-err>
  </testcase>
  <testcase name="testFailureWithPrimeSizedData" classname="org.apache.hadoop.ozone.client.rpc.TestBlockOutputStreamWithFailures" time="33.73"/>
  <testcase name="testWatchForCommitWithCloseContainerException" classname="org.apache.hadoop.ozone.client.rpc.TestBlockOutputStreamWithFailures" time="40.082"/>
  <testcase name="testExceptionDuringClose" classname="org.apache.hadoop.ozone.client.rpc.TestBlockOutputStreamWithFailures" time="36.318"/>
</testsuite>