<?xml version="1.0" encoding="UTF-8"?>
<testsuite xmlns:xsi="http://www.w3.org/2001/XMLSchema-instance" xsi:noNamespaceSchemaLocation="https://maven.apache.org/surefire/maven-surefire-plugin/xsd/surefire-test-report.xsd" name="org.apache.hadoop.ozone.om.TestOzoneManagerHA" time="657.328" tests="25" errors="1" skipped="0" failures="1">
  <properties>
    <property name="awt.toolkit" value="sun.awt.X11.XToolkit"/>
    <property name="file.encoding.pkg" value="sun.io"/>
    <property name="java.specification.version" value="1.8"/>
    <property name="sun.cpu.isalist" value=""/>
    <property name="sun.jnu.encoding" value="UTF-8"/>
    <property name="java.class.path" value="/workdir/hadoop-ozone/integration-test/target/test-classes:/workdir/hadoop-ozone/integration-test/target/classes:/home/user/.m2/repository/org/apache/hadoop/hadoop-ozone-common/0.5.0-SNAPSHOT/hadoop-ozone-common-0.5.0-SNAPSHOT.jar:/home/user/.m2/repository/org/apache/commons/commons-compress/1.4.1/commons-compress-1.4.1.jar:/home/user/.m2/repository/org/tukaani/xz/1.0/xz-1.0.jar:/home/user/.m2/repository/org/apache/hadoop/hadoop-common/3.2.0/hadoop-common-3.2.0.jar:/home/user/.m2/repository/org/apache/hadoop/hadoop-hdfs/3.2.0/hadoop-hdfs-3.2.0.jar:/home/user/.m2/repository/org/apache/hadoop/hadoop-hdfs-client/3.2.0/hadoop-hdfs-client-3.2.0.jar:/home/user/.m2/repository/com/fasterxml/jackson/core/jackson-annotations/2.9.9/jackson-annotations-2.9.9.jar:/home/user/.m2/repository/org/apache/hadoop/hadoop-hdds-common/0.5.0-SNAPSHOT/hadoop-hdds-common-0.5.0-SNAPSHOT.jar:/home/user/.m2/repository/javax/annotation/javax.annotation-api/1.2/javax.annotation-api-1.2.jar:/home/user/.m2/repository/org/apache/ratis/ratis-server/0.5.0-201fc85-SNAPSHOT/ratis-server-0.5.0-201fc85-SNAPSHOT.jar:/home/user/.m2/repository/org/apache/ratis/ratis-thirdparty-misc/0.2.0/ratis-thirdparty-misc-0.2.0.jar:/home/user/.m2/repository/org/apache/ratis/ratis-proto/0.5.0-201fc85-SNAPSHOT/ratis-proto-0.5.0-201fc85-SNAPSHOT.jar:/home/user/.m2/repository/org/apache/ratis/ratis-common/0.5.0-201fc85-SNAPSHOT/ratis-common-0.5.0-201fc85-SNAPSHOT.jar:/home/user/.m2/repository/org/apache/ratis/ratis-client/0.5.0-201fc85-SNAPSHOT/ratis-client-0.5.0-201fc85-SNAPSHOT.jar:/home/user/.m2/repository/org/apache/ratis/ratis-metrics/0.5.0-201fc85-SNAPSHOT/ratis-metrics-0.5.0-201fc85-SNAPSHOT.jar:/home/user/.m2/repository/com/github/joshelser/dropwizard-metrics-hadoop-metrics2-reporter/0.1.2/dropwizard-metrics-hadoop-metrics2-reporter-0.1.2.jar:/home/user/.m2/repository/io/dropwizard/metrics/metrics-jvm/3.2.5/metrics-jvm-3.2.5.jar:/home/user/.m2/repository/io/dropwizard/metrics/metrics-ganglia/3.2.5/metrics-ganglia-3.2.5.jar:/home/user/.m2/repository/info/ganglia/gmetric4j/gmetric4j/1.0.7/gmetric4j-1.0.7.jar:/home/user/.m2/repository/org/apache/ratis/ratis-netty/0.5.0-201fc85-SNAPSHOT/ratis-netty-0.5.0-201fc85-SNAPSHOT.jar:/home/user/.m2/repository/org/apache/ratis/ratis-grpc/0.5.0-201fc85-SNAPSHOT/ratis-grpc-0.5.0-201fc85-SNAPSHOT.jar:/home/user/.m2/repository/org/rocksdb/rocksdbjni/6.0.1/rocksdbjni-6.0.1.jar:/home/user/.m2/repository/org/apache/logging/log4j/log4j-api/2.11.0/log4j-api-2.11.0.jar:/home/user/.m2/repository/org/apache/logging/log4j/log4j-core/2.11.0/log4j-core-2.11.0.jar:/home/user/.m2/repository/com/lmax/disruptor/3.4.2/disruptor-3.4.2.jar:/home/user/.m2/repository/org/apache/commons/commons-pool2/2.6.0/commons-pool2-2.6.0.jar:/home/user/.m2/repository/org/bouncycastle/bcpkix-jdk15on/1.60/bcpkix-jdk15on-1.60.jar:/home/user/.m2/repository/commons-validator/commons-validator/1.6/commons-validator-1.6.jar:/home/user/.m2/repository/commons-digester/commons-digester/1.8.1/commons-digester-1.8.1.jar:/home/user/.m2/repository/io/jaegertracing/jaeger-client/0.34.0/jaeger-client-0.34.0.jar:/home/user/.m2/repository/io/jaegertracing/jaeger-thrift/0.34.0/jaeger-thrift-0.34.0.jar:/home/user/.m2/repository/org/apache/thrift/libthrift/0.12.0/libthrift-0.12.0.jar:/home/user/.m2/repository/com/squareup/okhttp3/okhttp/3.9.0/okhttp-3.9.0.jar:/home/user/.m2/repository/com/squareup/okio/okio/1.13.0/okio-1.13.0.jar:/home/user/.m2/repository/io/jaegertracing/jaeger-core/0.34.0/jaeger-core-0.34.0.jar:/home/user/.m2/repository/io/jaegertracing/jaeger-tracerresolver/0.34.0/jaeger-tracerresolver-0.34.0.jar:/home/user/.m2/repository/io/opentracing/contrib/opentracing-tracerresolver/0.1.5/opentracing-tracerresolver-0.1.5.jar:/home/user/.m2/repository/io/opentracing/opentracing-util/0.31.0/opentracing-util-0.31.0.jar:/home/user/.m2/repository/io/opentracing/opentracing-api/0.31.0/opentracing-api-0.31.0.jar:/home/user/.m2/repository/io/opentracing/opentracing-noop/0.31.0/opentracing-noop-0.31.0.jar:/home/user/.m2/repository/org/apache/hadoop/hadoop-hdds-server-framework/0.5.0-SNAPSHOT/hadoop-hdds-server-framework-0.5.0-SNAPSHOT.jar:/home/user/.m2/repository/org/apache/hadoop/hadoop-hdds-container-service/0.5.0-SNAPSHOT/hadoop-hdds-container-service-0.5.0-SNAPSHOT.jar:/home/user/.m2/repository/org/apache/hadoop/hadoop-hdds-client/0.5.0-SNAPSHOT/hadoop-hdds-client-0.5.0-SNAPSHOT.jar:/home/user/.m2/repository/org/apache/hadoop/hadoop-hdds-tools/0.5.0-SNAPSHOT/hadoop-hdds-tools-0.5.0-SNAPSHOT.jar:/home/user/.m2/repository/org/apache/hadoop/hadoop-hdds-server-scm/0.5.0-SNAPSHOT/hadoop-hdds-server-scm-0.5.0-SNAPSHOT.jar:/home/user/.m2/repository/org/apache/hadoop/hadoop-hdds-docs/0.5.0-SNAPSHOT/hadoop-hdds-docs-0.5.0-SNAPSHOT.jar:/home/user/.m2/repository/io/dropwizard/metrics/metrics-core/3.2.4/metrics-core-3.2.4.jar:/home/user/.m2/repository/org/hamcrest/hamcrest-all/1.3/hamcrest-all-1.3.jar:/home/user/.m2/repository/org/bouncycastle/bcprov-jdk15on/1.60/bcprov-jdk15on-1.60.jar:/home/user/.m2/repository/info/picocli/picocli/3.9.6/picocli-3.9.6.jar:/home/user/.m2/repository/com/google/protobuf/protobuf-java/2.5.0/protobuf-java-2.5.0.jar:/home/user/.m2/repository/com/google/guava/guava/11.0.2/guava-11.0.2.jar:/home/user/.m2/repository/org/apache/hadoop/hadoop-ozone-ozone-manager/0.5.0-SNAPSHOT/hadoop-ozone-ozone-manager-0.5.0-SNAPSHOT.jar:/home/user/.m2/repository/org/apache/hadoop/hadoop-minikdc/3.2.0/hadoop-minikdc-3.2.0.jar:/home/user/.m2/repository/commons-io/commons-io/2.5/commons-io-2.5.jar:/home/user/.m2/repository/org/apache/kerby/kerb-simplekdc/1.0.1/kerb-simplekdc-1.0.1.jar:/home/user/.m2/repository/org/apache/kerby/kerb-client/1.0.1/kerb-client-1.0.1.jar:/home/user/.m2/repository/org/apache/kerby/kerby-config/1.0.1/kerby-config-1.0.1.jar:/home/user/.m2/repository/org/apache/kerby/kerb-core/1.0.1/kerb-core-1.0.1.jar:/home/user/.m2/repository/org/apache/kerby/kerby-pkix/1.0.1/kerby-pkix-1.0.1.jar:/home/user/.m2/repository/org/apache/kerby/kerby-asn1/1.0.1/kerby-asn1-1.0.1.jar:/home/user/.m2/repository/org/apache/kerby/kerby-util/1.0.1/kerby-util-1.0.1.jar:/home/user/.m2/repository/org/apache/kerby/kerb-common/1.0.1/kerb-common-1.0.1.jar:/home/user/.m2/repository/org/apache/kerby/kerb-crypto/1.0.1/kerb-crypto-1.0.1.jar:/home/user/.m2/repository/org/apache/kerby/kerb-util/1.0.1/kerb-util-1.0.1.jar:/home/user/.m2/repository/org/apache/kerby/token-provider/1.0.1/token-provider-1.0.1.jar:/home/user/.m2/repository/org/apache/kerby/kerb-admin/1.0.1/kerb-admin-1.0.1.jar:/home/user/.m2/repository/org/apache/kerby/kerb-server/1.0.1/kerb-server-1.0.1.jar:/home/user/.m2/repository/org/apache/kerby/kerb-identity/1.0.1/kerb-identity-1.0.1.jar:/home/user/.m2/repository/org/apache/kerby/kerby-xdr/1.0.1/kerby-xdr-1.0.1.jar:/home/user/.m2/repository/org/slf4j/slf4j-log4j12/1.7.25/slf4j-log4j12-1.7.25.jar:/home/user/.m2/repository/org/apache/hadoop/hadoop-ozone-s3gateway/0.5.0-SNAPSHOT/hadoop-ozone-s3gateway-0.5.0-SNAPSHOT.jar:/home/user/.m2/repository/org/jboss/weld/servlet/weld-servlet/2.4.7.Final/weld-servlet-2.4.7.Final.jar:/home/user/.m2/repository/org/glassfish/jersey/containers/jersey-container-servlet-core/2.27/jersey-container-servlet-core-2.27.jar:/home/user/.m2/repository/org/glassfish/hk2/external/javax.inject/2.5.0-b42/javax.inject-2.5.0-b42.jar:/home/user/.m2/repository/org/glassfish/jersey/core/jersey-common/2.27/jersey-common-2.27.jar:/home/user/.m2/repository/org/glassfish/hk2/osgi-resource-locator/1.0.1/osgi-resource-locator-1.0.1.jar:/home/user/.m2/repository/javax/ws/rs/javax.ws.rs-api/2.1/javax.ws.rs-api-2.1.jar:/home/user/.m2/repository/org/glassfish/jersey/ext/cdi/jersey-cdi1x/2.27/jersey-cdi1x-2.27.jar:/home/user/.m2/repository/org/glassfish/jersey/inject/jersey-hk2/2.27/jersey-hk2-2.27.jar:/home/user/.m2/repository/org/glassfish/hk2/hk2-locator/2.5.0-b42/hk2-locator-2.5.0-b42.jar:/home/user/.m2/repository/org/javassist/javassist/3.22.0-CR2/javassist-3.22.0-CR2.jar:/home/user/.m2/repository/org/glassfish/hk2/hk2-api/2.5.0/hk2-api-2.5.0.jar:/home/user/.m2/repository/org/glassfish/hk2/external/jakarta.inject/2.5.0/jakarta.inject-2.5.0.jar:/home/user/.m2/repository/org/glassfish/hk2/hk2-utils/2.5.0/hk2-utils-2.5.0.jar:/home/user/.m2/repository/jakarta/annotation/jakarta.annotation-api/1.3.4/jakarta.annotation-api-1.3.4.jar:/home/user/.m2/repository/org/glassfish/hk2/external/aopalliance-repackaged/2.5.0/aopalliance-repackaged-2.5.0.jar:/home/user/.m2/repository/com/fasterxml/jackson/dataformat/jackson-dataformat-xml/2.9.0/jackson-dataformat-xml-2.9.0.jar:/home/user/.m2/repository/com/fasterxml/jackson/core/jackson-core/2.9.9/jackson-core-2.9.9.jar:/home/user/.m2/repository/com/fasterxml/jackson/module/jackson-module-jaxb-annotations/2.9.9/jackson-module-jaxb-annotations-2.9.9.jar:/home/user/.m2/repository/javax/enterprise/cdi-api/1.2/cdi-api-1.2.jar:/home/user/.m2/repository/javax/el/javax.el-api/3.0.0/javax.el-api-3.0.0.jar:/home/user/.m2/repository/javax/interceptor/javax.interceptor-api/1.2/javax.interceptor-api-1.2.jar:/home/user/.m2/repository/javax/inject/javax.inject/1/javax.inject-1.jar:/home/user/.m2/repository/com/sun/xml/bind/jaxb-impl/2.3.0.1/jaxb-impl-2.3.0.1.jar:/home/user/.m2/repository/com/sun/xml/bind/jaxb-core/2.3.0.1/jaxb-core-2.3.0.1.jar:/home/user/.m2/repository/javax/xml/bind/jaxb-api/2.3.0/jaxb-api-2.3.0.jar:/home/user/.m2/repository/javax/activation/activation/1.1.1/activation-1.1.1.jar:/home/user/.m2/repository/org/apache/hadoop/hadoop-ozone-csi/0.5.0-SNAPSHOT/hadoop-ozone-csi-0.5.0-SNAPSHOT.jar:/home/user/.m2/repository/com/google/protobuf/protobuf-java-util/3.5.1/protobuf-java-util-3.5.1.jar:/home/user/.m2/repository/org/apache/hadoop/hadoop-hdds-config/0.5.0-SNAPSHOT/hadoop-hdds-config-0.5.0-SNAPSHOT.jar:/home/user/.m2/repository/io/grpc/grpc-netty/1.17.1/grpc-netty-1.17.1.jar:/home/user/.m2/repository/io/grpc/grpc-core/1.17.1/grpc-core-1.17.1.jar:/home/user/.m2/repository/io/grpc/grpc-context/1.17.1/grpc-context-1.17.1.jar:/home/user/.m2/repository/com/google/errorprone/error_prone_annotations/2.2.0/error_prone_annotations-2.2.0.jar:/home/user/.m2/repository/org/codehaus/mojo/animal-sniffer-annotations/1.17/animal-sniffer-annotations-1.17.jar:/home/user/.m2/repository/io/opencensus/opencensus-api/0.17.0/opencensus-api-0.17.0.jar:/home/user/.m2/repository/io/opencensus/opencensus-contrib-grpc-metrics/0.17.0/opencensus-contrib-grpc-metrics-0.17.0.jar:/home/user/.m2/repository/io/netty/netty-codec-http2/4.1.30.Final/netty-codec-http2-4.1.30.Final.jar:/home/user/.m2/repository/io/netty/netty-codec-http/4.1.30.Final/netty-codec-http-4.1.30.Final.jar:/home/user/.m2/repository/io/netty/netty-codec/4.1.30.Final/netty-codec-4.1.30.Final.jar:/home/user/.m2/repository/io/netty/netty-handler/4.1.30.Final/netty-handler-4.1.30.Final.jar:/home/user/.m2/repository/io/netty/netty-handler-proxy/4.1.30.Final/netty-handler-proxy-4.1.30.Final.jar:/home/user/.m2/repository/io/netty/netty-codec-socks/4.1.30.Final/netty-codec-socks-4.1.30.Final.jar:/home/user/.m2/repository/io/netty/netty-transport-native-epoll/4.1.30.Final/netty-transport-native-epoll-4.1.30.Final.jar:/home/user/.m2/repository/io/netty/netty-common/4.1.30.Final/netty-common-4.1.30.Final.jar:/home/user/.m2/repository/io/netty/netty-buffer/4.1.30.Final/netty-buffer-4.1.30.Final.jar:/home/user/.m2/repository/io/netty/netty-transport/4.1.30.Final/netty-transport-4.1.30.Final.jar:/home/user/.m2/repository/io/netty/netty-resolver/4.1.30.Final/netty-resolver-4.1.30.Final.jar:/home/user/.m2/repository/io/netty/netty-transport-native-unix-common/4.1.30.Final/netty-transport-native-unix-common-4.1.30.Final.jar:/home/user/.m2/repository/io/grpc/grpc-protobuf/1.17.1/grpc-protobuf-1.17.1.jar:/home/user/.m2/repository/com/google/api/grpc/proto-google-common-protos/1.0.0/proto-google-common-protos-1.0.0.jar:/home/user/.m2/repository/io/grpc/grpc-protobuf-lite/1.17.1/grpc-protobuf-lite-1.17.1.jar:/home/user/.m2/repository/io/grpc/grpc-stub/1.17.1/grpc-stub-1.17.1.jar:/home/user/.m2/repository/org/apache/hadoop/hadoop-ozone-recon/0.5.0-SNAPSHOT/hadoop-ozone-recon-0.5.0-SNAPSHOT.jar:/home/user/.m2/repository/org/apache/hadoop/hadoop-ozone-reconcodegen/0.5.0-SNAPSHOT/hadoop-ozone-reconcodegen-0.5.0-SNAPSHOT.jar:/home/user/.m2/repository/com/google/inject/extensions/guice-multibindings/4.0/guice-multibindings-4.0.jar:/home/user/.m2/repository/com/google/inject/guice/4.0/guice-4.0.jar:/home/user/.m2/repository/aopalliance/aopalliance/1.0/aopalliance-1.0.jar:/home/user/.m2/repository/com/google/inject/extensions/guice-servlet/4.0/guice-servlet-4.0.jar:/home/user/.m2/repository/org/glassfish/jersey/containers/jersey-container-servlet/2.27/jersey-container-servlet-2.27.jar:/home/user/.m2/repository/org/glassfish/hk2/guice-bridge/2.5.0/guice-bridge-2.5.0.jar:/home/user/.m2/repository/org/glassfish/jersey/core/jersey-server/2.27/jersey-server-2.27.jar:/home/user/.m2/repository/org/glassfish/jersey/core/jersey-client/2.27/jersey-client-2.27.jar:/home/user/.m2/repository/org/glassfish/jersey/media/jersey-media-jaxb/2.27/jersey-media-jaxb-2.27.jar:/home/user/.m2/repository/javax/validation/validation-api/1.1.0.Final/validation-api-1.1.0.Final.jar:/home/user/.m2/repository/org/glassfish/jersey/media/jersey-media-json-jackson/2.27/jersey-media-json-jackson-2.27.jar:/home/user/.m2/repository/org/glassfish/jersey/ext/jersey-entity-filtering/2.27/jersey-entity-filtering-2.27.jar:/home/user/.m2/repository/com/google/inject/extensions/guice-assistedinject/4.0/guice-assistedinject-4.0.jar:/home/user/.m2/repository/org/jooq/jooq/3.11.10/jooq-3.11.10.jar:/home/user/.m2/repository/org/jooq/jooq-meta/3.11.10/jooq-meta-3.11.10.jar:/home/user/.m2/repository/org/jooq/jooq-codegen/3.11.10/jooq-codegen-3.11.10.jar:/home/user/.m2/repository/com/jolbox/bonecp/0.8.0.RELEASE/bonecp-0.8.0.RELEASE.jar:/home/user/.m2/repository/org/xerial/sqlite-jdbc/3.25.2/sqlite-jdbc-3.25.2.jar:/home/user/.m2/repository/org/springframework/spring-jdbc/5.1.3.RELEASE/spring-jdbc-5.1.3.RELEASE.jar:/home/user/.m2/repository/org/springframework/spring-beans/5.1.3.RELEASE/spring-beans-5.1.3.RELEASE.jar:/home/user/.m2/repository/org/springframework/spring-core/5.1.3.RELEASE/spring-core-5.1.3.RELEASE.jar:/home/user/.m2/repository/org/springframework/spring-jcl/5.1.3.RELEASE/spring-jcl-5.1.3.RELEASE.jar:/home/user/.m2/repository/org/springframework/spring-tx/5.1.3.RELEASE/spring-tx-5.1.3.RELEASE.jar:/home/user/.m2/repository/org/apache/hadoop/hadoop-ozone-client/0.5.0-SNAPSHOT/hadoop-ozone-client-0.5.0-SNAPSHOT.jar:/home/user/.m2/repository/commons-lang/commons-lang/2.6/commons-lang-2.6.jar:/home/user/.m2/repository/org/apache/hadoop/hadoop-ozone-ozone-manager/0.5.0-SNAPSHOT/hadoop-ozone-ozone-manager-0.5.0-SNAPSHOT-tests.jar:/home/user/.m2/repository/junit/junit/4.11/junit-4.11.jar:/home/user/.m2/repository/org/hamcrest/hamcrest-core/1.3/hamcrest-core-1.3.jar:/home/user/.m2/repository/org/openjdk/jmh/jmh-core/1.19/jmh-core-1.19.jar:/home/user/.m2/repository/net/sf/jopt-simple/jopt-simple/4.6/jopt-simple-4.6.jar:/home/user/.m2/repository/org/apache/commons/commons-math3/3.1.1/commons-math3-3.1.1.jar:/home/user/.m2/repository/org/openjdk/jmh/jmh-generator-annprocess/1.19/jmh-generator-annprocess-1.19.jar:/home/user/.m2/repository/org/mockito/mockito-all/1.8.5/mockito-all-1.8.5.jar:/home/user/.m2/repository/org/apache/hadoop/hadoop-kms/3.2.0/hadoop-kms-3.2.0.jar:/home/user/.m2/repository/org/apache/hadoop/hadoop-auth/3.2.0/hadoop-auth-3.2.0.jar:/home/user/.m2/repository/com/nimbusds/nimbus-jose-jwt/4.41.1/nimbus-jose-jwt-4.41.1.jar:/home/user/.m2/repository/com/github/stephenc/jcip/jcip-annotations/1.0-1/jcip-annotations-1.0-1.jar:/home/user/.m2/repository/net/minidev/json-smart/2.3/json-smart-2.3.jar:/home/user/.m2/repository/net/minidev/accessors-smart/1.2/accessors-smart-1.2.jar:/home/user/.m2/repository/org/ow2/asm/asm/5.0.4/asm-5.0.4.jar:/home/user/.m2/repository/org/apache/curator/curator-framework/2.12.0/curator-framework-2.12.0.jar:/home/user/.m2/repository/com/sun/jersey/jersey-core/1.19/jersey-core-1.19.jar:/home/user/.m2/repository/javax/ws/rs/jsr311-api/1.1.1/jsr311-api-1.1.1.jar:/home/user/.m2/repository/com/sun/jersey/jersey-server/1.19/jersey-server-1.19.jar:/home/user/.m2/repository/javax/servlet/javax.servlet-api/3.1.0/javax.servlet-api-3.1.0.jar:/home/user/.m2/repository/org/eclipse/jetty/jetty-server/9.3.25.v20180904/jetty-server-9.3.25.v20180904.jar:/home/user/.m2/repository/org/eclipse/jetty/jetty-http/9.3.25.v20180904/jetty-http-9.3.25.v20180904.jar:/home/user/.m2/repository/org/eclipse/jetty/jetty-io/9.3.25.v20180904/jetty-io-9.3.25.v20180904.jar:/home/user/.m2/repository/org/eclipse/jetty/jetty-webapp/9.3.25.v20180904/jetty-webapp-9.3.25.v20180904.jar:/home/user/.m2/repository/org/eclipse/jetty/jetty-xml/9.3.25.v20180904/jetty-xml-9.3.25.v20180904.jar:/home/user/.m2/repository/log4j/log4j/1.2.17/log4j-1.2.17.jar:/home/user/.m2/repository/org/slf4j/slf4j-api/1.7.25/slf4j-api-1.7.25.jar:/home/user/.m2/repository/org/slf4j/jul-to-slf4j/1.7.25/jul-to-slf4j-1.7.25.jar:/home/user/.m2/repository/org/eclipse/jetty/jetty-util/9.3.25.v20180904/jetty-util-9.3.25.v20180904.jar:/home/user/.m2/repository/com/fasterxml/jackson/core/jackson-databind/2.9.9/jackson-databind-2.9.9.jar:/home/user/.m2/repository/org/apache/hadoop/hadoop-kms/3.2.0/hadoop-kms-3.2.0-tests.jar:/home/user/.m2/repository/org/apache/hadoop/hadoop-hdds-server-scm/0.5.0-SNAPSHOT/hadoop-hdds-server-scm-0.5.0-SNAPSHOT-tests.jar:/home/user/.m2/repository/org/apache/hadoop/hadoop-hdds-container-service/0.5.0-SNAPSHOT/hadoop-hdds-container-service-0.5.0-SNAPSHOT-tests.jar:/home/user/.m2/repository/org/yaml/snakeyaml/1.16/snakeyaml-1.16.jar:/home/user/.m2/repository/org/apache/hadoop/hadoop-common/3.2.0/hadoop-common-3.2.0-tests.jar:/home/user/.m2/repository/org/apache/hadoop/hadoop-annotations/3.2.0/hadoop-annotations-3.2.0.jar:/usr/lib/jvm/java-1.8-openjdk/jre/../lib/tools.jar:/home/user/.m2/repository/commons-cli/commons-cli/1.2/commons-cli-1.2.jar:/home/user/.m2/repository/org/apache/httpcomponents/httpclient/4.5.2/httpclient-4.5.2.jar:/home/user/.m2/repository/org/apache/httpcomponents/httpcore/4.4.4/httpcore-4.4.4.jar:/home/user/.m2/repository/commons-codec/commons-codec/1.11/commons-codec-1.11.jar:/home/user/.m2/repository/commons-net/commons-net/3.6/commons-net-3.6.jar:/home/user/.m2/repository/commons-collections/commons-collections/3.2.2/commons-collections-3.2.2.jar:/home/user/.m2/repository/org/eclipse/jetty/jetty-servlet/9.3.25.v20180904/jetty-servlet-9.3.25.v20180904.jar:/home/user/.m2/repository/org/eclipse/jetty/jetty-security/9.3.25.v20180904/jetty-security-9.3.25.v20180904.jar:/home/user/.m2/repository/javax/servlet/jsp/jsp-api/2.1/jsp-api-2.1.jar:/home/user/.m2/repository/com/sun/jersey/jersey-servlet/1.19/jersey-servlet-1.19.jar:/home/user/.m2/repository/com/sun/jersey/jersey-json/1.19/jersey-json-1.19.jar:/home/user/.m2/repository/org/codehaus/jettison/jettison/1.1/jettison-1.1.jar:/home/user/.m2/repository/org/codehaus/jackson/jackson-core-asl/1.9.13/jackson-core-asl-1.9.13.jar:/home/user/.m2/repository/org/codehaus/jackson/jackson-mapper-asl/1.9.13/jackson-mapper-asl-1.9.13.jar:/home/user/.m2/repository/org/codehaus/jackson/jackson-jaxrs/1.9.13/jackson-jaxrs-1.9.13.jar:/home/user/.m2/repository/org/codehaus/jackson/jackson-xc/1.9.13/jackson-xc-1.9.13.jar:/home/user/.m2/repository/commons-logging/commons-logging/1.1.3/commons-logging-1.1.3.jar:/home/user/.m2/repository/commons-beanutils/commons-beanutils/1.9.4/commons-beanutils-1.9.4.jar:/home/user/.m2/repository/org/apache/commons/commons-configuration2/2.1.1/commons-configuration2-2.1.1.jar:/home/user/.m2/repository/org/apache/commons/commons-lang3/3.7/commons-lang3-3.7.jar:/home/user/.m2/repository/org/apache/commons/commons-text/1.4/commons-text-1.4.jar:/home/user/.m2/repository/org/apache/avro/avro/1.7.7/avro-1.7.7.jar:/home/user/.m2/repository/com/thoughtworks/paranamer/paranamer/2.3/paranamer-2.3.jar:/home/user/.m2/repository/org/xerial/snappy/snappy-java/1.0.5/snappy-java-1.0.5.jar:/home/user/.m2/repository/com/google/re2j/re2j/1.1/re2j-1.1.jar:/home/user/.m2/repository/com/google/code/gson/gson/2.2.4/gson-2.2.4.jar:/home/user/.m2/repository/com/jcraft/jsch/0.1.54/jsch-0.1.54.jar:/home/user/.m2/repository/org/apache/curator/curator-client/2.12.0/curator-client-2.12.0.jar:/home/user/.m2/repository/org/apache/curator/curator-recipes/2.12.0/curator-recipes-2.12.0.jar:/home/user/.m2/repository/com/google/code/findbugs/jsr305/3.0.0/jsr305-3.0.0.jar:/home/user/.m2/repository/org/apache/htrace/htrace-core4/4.1.0-incubating/htrace-core4-4.1.0-incubating.jar:/home/user/.m2/repository/org/apache/zookeeper/zookeeper/3.4.13/zookeeper-3.4.13.jar:/home/user/.m2/repository/jline/jline/0.9.94/jline-0.9.94.jar:/home/user/.m2/repository/org/apache/yetus/audience-annotations/0.5.0/audience-annotations-0.5.0.jar:/home/user/.m2/repository/org/codehaus/woodstox/stax2-api/3.1.4/stax2-api-3.1.4.jar:/home/user/.m2/repository/com/fasterxml/woodstox/woodstox-core/5.0.3/woodstox-core-5.0.3.jar:/home/user/.m2/repository/dnsjava/dnsjava/2.1.7/dnsjava-2.1.7.jar:/home/user/.m2/repository/org/apache/hadoop/hadoop-hdfs/3.2.0/hadoop-hdfs-3.2.0-tests.jar:/home/user/.m2/repository/org/eclipse/jetty/jetty-util-ajax/9.3.25.v20180904/jetty-util-ajax-9.3.25.v20180904.jar:/home/user/.m2/repository/commons-daemon/commons-daemon/1.0.13/commons-daemon-1.0.13.jar:/home/user/.m2/repository/io/netty/netty/3.10.5.Final/netty-3.10.5.Final.jar:/home/user/.m2/repository/io/netty/netty-all/4.0.52.Final/netty-all-4.0.52.Final.jar:/home/user/.m2/repository/org/fusesource/leveldbjni/leveldbjni-all/1.8/leveldbjni-all-1.8.jar:"/>
    <property name="java.vm.vendor" value="IcedTea"/>
    <property name="sun.arch.data.model" value="64"/>
    <property name="test.build.dir" value="/workdir/hadoop-ozone/integration-test/target/test-dir"/>
    <property name="test.cache.data" value=""/>
    <property name="java.vendor.url" value="https://icedtea.classpath.org"/>
    <property name="user.timezone" value=""/>
    <property name="java.vm.specification.version" value="1.8"/>
    <property name="os.name" value="Linux"/>
    <property name="test.build.data" value="/workdir/hadoop-ozone/integration-test/target/test-dir"/>
    <property name="user.country" value="US"/>
    <property name="sun.java.launcher" value="SUN_STANDARD"/>
    <property name="sun.boot.library.path" value="/usr/lib/jvm/java-1.8-openjdk/jre/lib/amd64"/>
    <property name="sun.java.command" value="/workdir/hadoop-ozone/integration-test/target/surefire/surefirebooter2665408981708842260.jar /workdir/hadoop-ozone/integration-test/target/surefire 2019-10-02T10-56-57_943-jvmRun1 surefire535972260854090253tmp surefire_266200675078222845448tmp"/>
    <property name="test" value="!TestMiniChaosOzoneCluster"/>
    <property name="surefire.test.class.path" value="/workdir/hadoop-ozone/integration-test/target/test-classes:/workdir/hadoop-ozone/integration-test/target/classes:/home/user/.m2/repository/org/apache/hadoop/hadoop-ozone-common/0.5.0-SNAPSHOT/hadoop-ozone-common-0.5.0-SNAPSHOT.jar:/home/user/.m2/repository/org/apache/commons/commons-compress/1.4.1/commons-compress-1.4.1.jar:/home/user/.m2/repository/org/tukaani/xz/1.0/xz-1.0.jar:/home/user/.m2/repository/org/apache/hadoop/hadoop-common/3.2.0/hadoop-common-3.2.0.jar:/home/user/.m2/repository/org/apache/hadoop/hadoop-hdfs/3.2.0/hadoop-hdfs-3.2.0.jar:/home/user/.m2/repository/org/apache/hadoop/hadoop-hdfs-client/3.2.0/hadoop-hdfs-client-3.2.0.jar:/home/user/.m2/repository/com/fasterxml/jackson/core/jackson-annotations/2.9.9/jackson-annotations-2.9.9.jar:/home/user/.m2/repository/org/apache/hadoop/hadoop-hdds-common/0.5.0-SNAPSHOT/hadoop-hdds-common-0.5.0-SNAPSHOT.jar:/home/user/.m2/repository/javax/annotation/javax.annotation-api/1.2/javax.annotation-api-1.2.jar:/home/user/.m2/repository/org/apache/ratis/ratis-server/0.5.0-201fc85-SNAPSHOT/ratis-server-0.5.0-201fc85-SNAPSHOT.jar:/home/user/.m2/repository/org/apache/ratis/ratis-thirdparty-misc/0.2.0/ratis-thirdparty-misc-0.2.0.jar:/home/user/.m2/repository/org/apache/ratis/ratis-proto/0.5.0-201fc85-SNAPSHOT/ratis-proto-0.5.0-201fc85-SNAPSHOT.jar:/home/user/.m2/repository/org/apache/ratis/ratis-common/0.5.0-201fc85-SNAPSHOT/ratis-common-0.5.0-201fc85-SNAPSHOT.jar:/home/user/.m2/repository/org/apache/ratis/ratis-client/0.5.0-201fc85-SNAPSHOT/ratis-client-0.5.0-201fc85-SNAPSHOT.jar:/home/user/.m2/repository/org/apache/ratis/ratis-metrics/0.5.0-201fc85-SNAPSHOT/ratis-metrics-0.5.0-201fc85-SNAPSHOT.jar:/home/user/.m2/repository/com/github/joshelser/dropwizard-metrics-hadoop-metrics2-reporter/0.1.2/dropwizard-metrics-hadoop-metrics2-reporter-0.1.2.jar:/home/user/.m2/repository/io/dropwizard/metrics/metrics-jvm/3.2.5/metrics-jvm-3.2.5.jar:/home/user/.m2/repository/io/dropwizard/metrics/metrics-ganglia/3.2.5/metrics-ganglia-3.2.5.jar:/home/user/.m2/repository/info/ganglia/gmetric4j/gmetric4j/1.0.7/gmetric4j-1.0.7.jar:/home/user/.m2/repository/org/apache/ratis/ratis-netty/0.5.0-201fc85-SNAPSHOT/ratis-netty-0.5.0-201fc85-SNAPSHOT.jar:/home/user/.m2/repository/org/apache/ratis/ratis-grpc/0.5.0-201fc85-SNAPSHOT/ratis-grpc-0.5.0-201fc85-SNAPSHOT.jar:/home/user/.m2/repository/org/rocksdb/rocksdbjni/6.0.1/rocksdbjni-6.0.1.jar:/home/user/.m2/repository/org/apache/logging/log4j/log4j-api/2.11.0/log4j-api-2.11.0.jar:/home/user/.m2/repository/org/apache/logging/log4j/log4j-core/2.11.0/log4j-core-2.11.0.jar:/home/user/.m2/repository/com/lmax/disruptor/3.4.2/disruptor-3.4.2.jar:/home/user/.m2/repository/org/apache/commons/commons-pool2/2.6.0/commons-pool2-2.6.0.jar:/home/user/.m2/repository/org/bouncycastle/bcpkix-jdk15on/1.60/bcpkix-jdk15on-1.60.jar:/home/user/.m2/repository/commons-validator/commons-validator/1.6/commons-validator-1.6.jar:/home/user/.m2/repository/commons-digester/commons-digester/1.8.1/commons-digester-1.8.1.jar:/home/user/.m2/repository/io/jaegertracing/jaeger-client/0.34.0/jaeger-client-0.34.0.jar:/home/user/.m2/repository/io/jaegertracing/jaeger-thrift/0.34.0/jaeger-thrift-0.34.0.jar:/home/user/.m2/repository/org/apache/thrift/libthrift/0.12.0/libthrift-0.12.0.jar:/home/user/.m2/repository/com/squareup/okhttp3/okhttp/3.9.0/okhttp-3.9.0.jar:/home/user/.m2/repository/com/squareup/okio/okio/1.13.0/okio-1.13.0.jar:/home/user/.m2/repository/io/jaegertracing/jaeger-core/0.34.0/jaeger-core-0.34.0.jar:/home/user/.m2/repository/io/jaegertracing/jaeger-tracerresolver/0.34.0/jaeger-tracerresolver-0.34.0.jar:/home/user/.m2/repository/io/opentracing/contrib/opentracing-tracerresolver/0.1.5/opentracing-tracerresolver-0.1.5.jar:/home/user/.m2/repository/io/opentracing/opentracing-util/0.31.0/opentracing-util-0.31.0.jar:/home/user/.m2/repository/io/opentracing/opentracing-api/0.31.0/opentracing-api-0.31.0.jar:/home/user/.m2/repository/io/opentracing/opentracing-noop/0.31.0/opentracing-noop-0.31.0.jar:/home/user/.m2/repository/org/apache/hadoop/hadoop-hdds-server-framework/0.5.0-SNAPSHOT/hadoop-hdds-server-framework-0.5.0-SNAPSHOT.jar:/home/user/.m2/repository/org/apache/hadoop/hadoop-hdds-container-service/0.5.0-SNAPSHOT/hadoop-hdds-container-service-0.5.0-SNAPSHOT.jar:/home/user/.m2/repository/org/apache/hadoop/hadoop-hdds-client/0.5.0-SNAPSHOT/hadoop-hdds-client-0.5.0-SNAPSHOT.jar:/home/user/.m2/repository/org/apache/hadoop/hadoop-hdds-tools/0.5.0-SNAPSHOT/hadoop-hdds-tools-0.5.0-SNAPSHOT.jar:/home/user/.m2/repository/org/apache/hadoop/hadoop-hdds-server-scm/0.5.0-SNAPSHOT/hadoop-hdds-server-scm-0.5.0-SNAPSHOT.jar:/home/user/.m2/repository/org/apache/hadoop/hadoop-hdds-docs/0.5.0-SNAPSHOT/hadoop-hdds-docs-0.5.0-SNAPSHOT.jar:/home/user/.m2/repository/io/dropwizard/metrics/metrics-core/3.2.4/metrics-core-3.2.4.jar:/home/user/.m2/repository/org/hamcrest/hamcrest-all/1.3/hamcrest-all-1.3.jar:/home/user/.m2/repository/org/bouncycastle/bcprov-jdk15on/1.60/bcprov-jdk15on-1.60.jar:/home/user/.m2/repository/info/picocli/picocli/3.9.6/picocli-3.9.6.jar:/home/user/.m2/repository/com/google/protobuf/protobuf-java/2.5.0/protobuf-java-2.5.0.jar:/home/user/.m2/repository/com/google/guava/guava/11.0.2/guava-11.0.2.jar:/home/user/.m2/repository/org/apache/hadoop/hadoop-ozone-ozone-manager/0.5.0-SNAPSHOT/hadoop-ozone-ozone-manager-0.5.0-SNAPSHOT.jar:/home/user/.m2/repository/org/apache/hadoop/hadoop-minikdc/3.2.0/hadoop-minikdc-3.2.0.jar:/home/user/.m2/repository/commons-io/commons-io/2.5/commons-io-2.5.jar:/home/user/.m2/repository/org/apache/kerby/kerb-simplekdc/1.0.1/kerb-simplekdc-1.0.1.jar:/home/user/.m2/repository/org/apache/kerby/kerb-client/1.0.1/kerb-client-1.0.1.jar:/home/user/.m2/repository/org/apache/kerby/kerby-config/1.0.1/kerby-config-1.0.1.jar:/home/user/.m2/repository/org/apache/kerby/kerb-core/1.0.1/kerb-core-1.0.1.jar:/home/user/.m2/repository/org/apache/kerby/kerby-pkix/1.0.1/kerby-pkix-1.0.1.jar:/home/user/.m2/repository/org/apache/kerby/kerby-asn1/1.0.1/kerby-asn1-1.0.1.jar:/home/user/.m2/repository/org/apache/kerby/kerby-util/1.0.1/kerby-util-1.0.1.jar:/home/user/.m2/repository/org/apache/kerby/kerb-common/1.0.1/kerb-common-1.0.1.jar:/home/user/.m2/repository/org/apache/kerby/kerb-crypto/1.0.1/kerb-crypto-1.0.1.jar:/home/user/.m2/repository/org/apache/kerby/kerb-util/1.0.1/kerb-util-1.0.1.jar:/home/user/.m2/repository/org/apache/kerby/token-provider/1.0.1/token-provider-1.0.1.jar:/home/user/.m2/repository/org/apache/kerby/kerb-admin/1.0.1/kerb-admin-1.0.1.jar:/home/user/.m2/repository/org/apache/kerby/kerb-server/1.0.1/kerb-server-1.0.1.jar:/home/user/.m2/repository/org/apache/kerby/kerb-identity/1.0.1/kerb-identity-1.0.1.jar:/home/user/.m2/repository/org/apache/kerby/kerby-xdr/1.0.1/kerby-xdr-1.0.1.jar:/home/user/.m2/repository/org/slf4j/slf4j-log4j12/1.7.25/slf4j-log4j12-1.7.25.jar:/home/user/.m2/repository/org/apache/hadoop/hadoop-ozone-s3gateway/0.5.0-SNAPSHOT/hadoop-ozone-s3gateway-0.5.0-SNAPSHOT.jar:/home/user/.m2/repository/org/jboss/weld/servlet/weld-servlet/2.4.7.Final/weld-servlet-2.4.7.Final.jar:/home/user/.m2/repository/org/glassfish/jersey/containers/jersey-container-servlet-core/2.27/jersey-container-servlet-core-2.27.jar:/home/user/.m2/repository/org/glassfish/hk2/external/javax.inject/2.5.0-b42/javax.inject-2.5.0-b42.jar:/home/user/.m2/repository/org/glassfish/jersey/core/jersey-common/2.27/jersey-common-2.27.jar:/home/user/.m2/repository/org/glassfish/hk2/osgi-resource-locator/1.0.1/osgi-resource-locator-1.0.1.jar:/home/user/.m2/repository/javax/ws/rs/javax.ws.rs-api/2.1/javax.ws.rs-api-2.1.jar:/home/user/.m2/repository/org/glassfish/jersey/ext/cdi/jersey-cdi1x/2.27/jersey-cdi1x-2.27.jar:/home/user/.m2/repository/org/glassfish/jersey/inject/jersey-hk2/2.27/jersey-hk2-2.27.jar:/home/user/.m2/repository/org/glassfish/hk2/hk2-locator/2.5.0-b42/hk2-locator-2.5.0-b42.jar:/home/user/.m2/repository/org/javassist/javassist/3.22.0-CR2/javassist-3.22.0-CR2.jar:/home/user/.m2/repository/org/glassfish/hk2/hk2-api/2.5.0/hk2-api-2.5.0.jar:/home/user/.m2/repository/org/glassfish/hk2/external/jakarta.inject/2.5.0/jakarta.inject-2.5.0.jar:/home/user/.m2/repository/org/glassfish/hk2/hk2-utils/2.5.0/hk2-utils-2.5.0.jar:/home/user/.m2/repository/jakarta/annotation/jakarta.annotation-api/1.3.4/jakarta.annotation-api-1.3.4.jar:/home/user/.m2/repository/org/glassfish/hk2/external/aopalliance-repackaged/2.5.0/aopalliance-repackaged-2.5.0.jar:/home/user/.m2/repository/com/fasterxml/jackson/dataformat/jackson-dataformat-xml/2.9.0/jackson-dataformat-xml-2.9.0.jar:/home/user/.m2/repository/com/fasterxml/jackson/core/jackson-core/2.9.9/jackson-core-2.9.9.jar:/home/user/.m2/repository/com/fasterxml/jackson/module/jackson-module-jaxb-annotations/2.9.9/jackson-module-jaxb-annotations-2.9.9.jar:/home/user/.m2/repository/javax/enterprise/cdi-api/1.2/cdi-api-1.2.jar:/home/user/.m2/repository/javax/el/javax.el-api/3.0.0/javax.el-api-3.0.0.jar:/home/user/.m2/repository/javax/interceptor/javax.interceptor-api/1.2/javax.interceptor-api-1.2.jar:/home/user/.m2/repository/javax/inject/javax.inject/1/javax.inject-1.jar:/home/user/.m2/repository/com/sun/xml/bind/jaxb-impl/2.3.0.1/jaxb-impl-2.3.0.1.jar:/home/user/.m2/repository/com/sun/xml/bind/jaxb-core/2.3.0.1/jaxb-core-2.3.0.1.jar:/home/user/.m2/repository/javax/xml/bind/jaxb-api/2.3.0/jaxb-api-2.3.0.jar:/home/user/.m2/repository/javax/activation/activation/1.1.1/activation-1.1.1.jar:/home/user/.m2/repository/org/apache/hadoop/hadoop-ozone-csi/0.5.0-SNAPSHOT/hadoop-ozone-csi-0.5.0-SNAPSHOT.jar:/home/user/.m2/repository/com/google/protobuf/protobuf-java-util/3.5.1/protobuf-java-util-3.5.1.jar:/home/user/.m2/repository/org/apache/hadoop/hadoop-hdds-config/0.5.0-SNAPSHOT/hadoop-hdds-config-0.5.0-SNAPSHOT.jar:/home/user/.m2/repository/io/grpc/grpc-netty/1.17.1/grpc-netty-1.17.1.jar:/home/user/.m2/repository/io/grpc/grpc-core/1.17.1/grpc-core-1.17.1.jar:/home/user/.m2/repository/io/grpc/grpc-context/1.17.1/grpc-context-1.17.1.jar:/home/user/.m2/repository/com/google/errorprone/error_prone_annotations/2.2.0/error_prone_annotations-2.2.0.jar:/home/user/.m2/repository/org/codehaus/mojo/animal-sniffer-annotations/1.17/animal-sniffer-annotations-1.17.jar:/home/user/.m2/repository/io/opencensus/opencensus-api/0.17.0/opencensus-api-0.17.0.jar:/home/user/.m2/repository/io/opencensus/opencensus-contrib-grpc-metrics/0.17.0/opencensus-contrib-grpc-metrics-0.17.0.jar:/home/user/.m2/repository/io/netty/netty-codec-http2/4.1.30.Final/netty-codec-http2-4.1.30.Final.jar:/home/user/.m2/repository/io/netty/netty-codec-http/4.1.30.Final/netty-codec-http-4.1.30.Final.jar:/home/user/.m2/repository/io/netty/netty-codec/4.1.30.Final/netty-codec-4.1.30.Final.jar:/home/user/.m2/repository/io/netty/netty-handler/4.1.30.Final/netty-handler-4.1.30.Final.jar:/home/user/.m2/repository/io/netty/netty-handler-proxy/4.1.30.Final/netty-handler-proxy-4.1.30.Final.jar:/home/user/.m2/repository/io/netty/netty-codec-socks/4.1.30.Final/netty-codec-socks-4.1.30.Final.jar:/home/user/.m2/repository/io/netty/netty-transport-native-epoll/4.1.30.Final/netty-transport-native-epoll-4.1.30.Final.jar:/home/user/.m2/repository/io/netty/netty-common/4.1.30.Final/netty-common-4.1.30.Final.jar:/home/user/.m2/repository/io/netty/netty-buffer/4.1.30.Final/netty-buffer-4.1.30.Final.jar:/home/user/.m2/repository/io/netty/netty-transport/4.1.30.Final/netty-transport-4.1.30.Final.jar:/home/user/.m2/repository/io/netty/netty-resolver/4.1.30.Final/netty-resolver-4.1.30.Final.jar:/home/user/.m2/repository/io/netty/netty-transport-native-unix-common/4.1.30.Final/netty-transport-native-unix-common-4.1.30.Final.jar:/home/user/.m2/repository/io/grpc/grpc-protobuf/1.17.1/grpc-protobuf-1.17.1.jar:/home/user/.m2/repository/com/google/api/grpc/proto-google-common-protos/1.0.0/proto-google-common-protos-1.0.0.jar:/home/user/.m2/repository/io/grpc/grpc-protobuf-lite/1.17.1/grpc-protobuf-lite-1.17.1.jar:/home/user/.m2/repository/io/grpc/grpc-stub/1.17.1/grpc-stub-1.17.1.jar:/home/user/.m2/repository/org/apache/hadoop/hadoop-ozone-recon/0.5.0-SNAPSHOT/hadoop-ozone-recon-0.5.0-SNAPSHOT.jar:/home/user/.m2/repository/org/apache/hadoop/hadoop-ozone-reconcodegen/0.5.0-SNAPSHOT/hadoop-ozone-reconcodegen-0.5.0-SNAPSHOT.jar:/home/user/.m2/repository/com/google/inject/extensions/guice-multibindings/4.0/guice-multibindings-4.0.jar:/home/user/.m2/repository/com/google/inject/guice/4.0/guice-4.0.jar:/home/user/.m2/repository/aopalliance/aopalliance/1.0/aopalliance-1.0.jar:/home/user/.m2/repository/com/google/inject/extensions/guice-servlet/4.0/guice-servlet-4.0.jar:/home/user/.m2/repository/org/glassfish/jersey/containers/jersey-container-servlet/2.27/jersey-container-servlet-2.27.jar:/home/user/.m2/repository/org/glassfish/hk2/guice-bridge/2.5.0/guice-bridge-2.5.0.jar:/home/user/.m2/repository/org/glassfish/jersey/core/jersey-server/2.27/jersey-server-2.27.jar:/home/user/.m2/repository/org/glassfish/jersey/core/jersey-client/2.27/jersey-client-2.27.jar:/home/user/.m2/repository/org/glassfish/jersey/media/jersey-media-jaxb/2.27/jersey-media-jaxb-2.27.jar:/home/user/.m2/repository/javax/validation/validation-api/1.1.0.Final/validation-api-1.1.0.Final.jar:/home/user/.m2/repository/org/glassfish/jersey/media/jersey-media-json-jackson/2.27/jersey-media-json-jackson-2.27.jar:/home/user/.m2/repository/org/glassfish/jersey/ext/jersey-entity-filtering/2.27/jersey-entity-filtering-2.27.jar:/home/user/.m2/repository/com/google/inject/extensions/guice-assistedinject/4.0/guice-assistedinject-4.0.jar:/home/user/.m2/repository/org/jooq/jooq/3.11.10/jooq-3.11.10.jar:/home/user/.m2/repository/org/jooq/jooq-meta/3.11.10/jooq-meta-3.11.10.jar:/home/user/.m2/repository/org/jooq/jooq-codegen/3.11.10/jooq-codegen-3.11.10.jar:/home/user/.m2/repository/com/jolbox/bonecp/0.8.0.RELEASE/bonecp-0.8.0.RELEASE.jar:/home/user/.m2/repository/org/xerial/sqlite-jdbc/3.25.2/sqlite-jdbc-3.25.2.jar:/home/user/.m2/repository/org/springframework/spring-jdbc/5.1.3.RELEASE/spring-jdbc-5.1.3.RELEASE.jar:/home/user/.m2/repository/org/springframework/spring-beans/5.1.3.RELEASE/spring-beans-5.1.3.RELEASE.jar:/home/user/.m2/repository/org/springframework/spring-core/5.1.3.RELEASE/spring-core-5.1.3.RELEASE.jar:/home/user/.m2/repository/org/springframework/spring-jcl/5.1.3.RELEASE/spring-jcl-5.1.3.RELEASE.jar:/home/user/.m2/repository/org/springframework/spring-tx/5.1.3.RELEASE/spring-tx-5.1.3.RELEASE.jar:/home/user/.m2/repository/org/apache/hadoop/hadoop-ozone-client/0.5.0-SNAPSHOT/hadoop-ozone-client-0.5.0-SNAPSHOT.jar:/home/user/.m2/repository/commons-lang/commons-lang/2.6/commons-lang-2.6.jar:/home/user/.m2/repository/org/apache/hadoop/hadoop-ozone-ozone-manager/0.5.0-SNAPSHOT/hadoop-ozone-ozone-manager-0.5.0-SNAPSHOT-tests.jar:/home/user/.m2/repository/junit/junit/4.11/junit-4.11.jar:/home/user/.m2/repository/org/hamcrest/hamcrest-core/1.3/hamcrest-core-1.3.jar:/home/user/.m2/repository/org/openjdk/jmh/jmh-core/1.19/jmh-core-1.19.jar:/home/user/.m2/repository/net/sf/jopt-simple/jopt-simple/4.6/jopt-simple-4.6.jar:/home/user/.m2/repository/org/apache/commons/commons-math3/3.1.1/commons-math3-3.1.1.jar:/home/user/.m2/repository/org/openjdk/jmh/jmh-generator-annprocess/1.19/jmh-generator-annprocess-1.19.jar:/home/user/.m2/repository/org/mockito/mockito-all/1.8.5/mockito-all-1.8.5.jar:/home/user/.m2/repository/org/apache/hadoop/hadoop-kms/3.2.0/hadoop-kms-3.2.0.jar:/home/user/.m2/repository/org/apache/hadoop/hadoop-auth/3.2.0/hadoop-auth-3.2.0.jar:/home/user/.m2/repository/com/nimbusds/nimbus-jose-jwt/4.41.1/nimbus-jose-jwt-4.41.1.jar:/home/user/.m2/repository/com/github/stephenc/jcip/jcip-annotations/1.0-1/jcip-annotations-1.0-1.jar:/home/user/.m2/repository/net/minidev/json-smart/2.3/json-smart-2.3.jar:/home/user/.m2/repository/net/minidev/accessors-smart/1.2/accessors-smart-1.2.jar:/home/user/.m2/repository/org/ow2/asm/asm/5.0.4/asm-5.0.4.jar:/home/user/.m2/repository/org/apache/curator/curator-framework/2.12.0/curator-framework-2.12.0.jar:/home/user/.m2/repository/com/sun/jersey/jersey-core/1.19/jersey-core-1.19.jar:/home/user/.m2/repository/javax/ws/rs/jsr311-api/1.1.1/jsr311-api-1.1.1.jar:/home/user/.m2/repository/com/sun/jersey/jersey-server/1.19/jersey-server-1.19.jar:/home/user/.m2/repository/javax/servlet/javax.servlet-api/3.1.0/javax.servlet-api-3.1.0.jar:/home/user/.m2/repository/org/eclipse/jetty/jetty-server/9.3.25.v20180904/jetty-server-9.3.25.v20180904.jar:/home/user/.m2/repository/org/eclipse/jetty/jetty-http/9.3.25.v20180904/jetty-http-9.3.25.v20180904.jar:/home/user/.m2/repository/org/eclipse/jetty/jetty-io/9.3.25.v20180904/jetty-io-9.3.25.v20180904.jar:/home/user/.m2/repository/org/eclipse/jetty/jetty-webapp/9.3.25.v20180904/jetty-webapp-9.3.25.v20180904.jar:/home/user/.m2/repository/org/eclipse/jetty/jetty-xml/9.3.25.v20180904/jetty-xml-9.3.25.v20180904.jar:/home/user/.m2/repository/log4j/log4j/1.2.17/log4j-1.2.17.jar:/home/user/.m2/repository/org/slf4j/slf4j-api/1.7.25/slf4j-api-1.7.25.jar:/home/user/.m2/repository/org/slf4j/jul-to-slf4j/1.7.25/jul-to-slf4j-1.7.25.jar:/home/user/.m2/repository/org/eclipse/jetty/jetty-util/9.3.25.v20180904/jetty-util-9.3.25.v20180904.jar:/home/user/.m2/repository/com/fasterxml/jackson/core/jackson-databind/2.9.9/jackson-databind-2.9.9.jar:/home/user/.m2/repository/org/apache/hadoop/hadoop-kms/3.2.0/hadoop-kms-3.2.0-tests.jar:/home/user/.m2/repository/org/apache/hadoop/hadoop-hdds-server-scm/0.5.0-SNAPSHOT/hadoop-hdds-server-scm-0.5.0-SNAPSHOT-tests.jar:/home/user/.m2/repository/org/apache/hadoop/hadoop-hdds-container-service/0.5.0-SNAPSHOT/hadoop-hdds-container-service-0.5.0-SNAPSHOT-tests.jar:/home/user/.m2/repository/org/yaml/snakeyaml/1.16/snakeyaml-1.16.jar:/home/user/.m2/repository/org/apache/hadoop/hadoop-common/3.2.0/hadoop-common-3.2.0-tests.jar:/home/user/.m2/repository/org/apache/hadoop/hadoop-annotations/3.2.0/hadoop-annotations-3.2.0.jar:/usr/lib/jvm/java-1.8-openjdk/jre/../lib/tools.jar:/home/user/.m2/repository/commons-cli/commons-cli/1.2/commons-cli-1.2.jar:/home/user/.m2/repository/org/apache/httpcomponents/httpclient/4.5.2/httpclient-4.5.2.jar:/home/user/.m2/repository/org/apache/httpcomponents/httpcore/4.4.4/httpcore-4.4.4.jar:/home/user/.m2/repository/commons-codec/commons-codec/1.11/commons-codec-1.11.jar:/home/user/.m2/repository/commons-net/commons-net/3.6/commons-net-3.6.jar:/home/user/.m2/repository/commons-collections/commons-collections/3.2.2/commons-collections-3.2.2.jar:/home/user/.m2/repository/org/eclipse/jetty/jetty-servlet/9.3.25.v20180904/jetty-servlet-9.3.25.v20180904.jar:/home/user/.m2/repository/org/eclipse/jetty/jetty-security/9.3.25.v20180904/jetty-security-9.3.25.v20180904.jar:/home/user/.m2/repository/javax/servlet/jsp/jsp-api/2.1/jsp-api-2.1.jar:/home/user/.m2/repository/com/sun/jersey/jersey-servlet/1.19/jersey-servlet-1.19.jar:/home/user/.m2/repository/com/sun/jersey/jersey-json/1.19/jersey-json-1.19.jar:/home/user/.m2/repository/org/codehaus/jettison/jettison/1.1/jettison-1.1.jar:/home/user/.m2/repository/org/codehaus/jackson/jackson-core-asl/1.9.13/jackson-core-asl-1.9.13.jar:/home/user/.m2/repository/org/codehaus/jackson/jackson-mapper-asl/1.9.13/jackson-mapper-asl-1.9.13.jar:/home/user/.m2/repository/org/codehaus/jackson/jackson-jaxrs/1.9.13/jackson-jaxrs-1.9.13.jar:/home/user/.m2/repository/org/codehaus/jackson/jackson-xc/1.9.13/jackson-xc-1.9.13.jar:/home/user/.m2/repository/commons-logging/commons-logging/1.1.3/commons-logging-1.1.3.jar:/home/user/.m2/repository/commons-beanutils/commons-beanutils/1.9.4/commons-beanutils-1.9.4.jar:/home/user/.m2/repository/org/apache/commons/commons-configuration2/2.1.1/commons-configuration2-2.1.1.jar:/home/user/.m2/repository/org/apache/commons/commons-lang3/3.7/commons-lang3-3.7.jar:/home/user/.m2/repository/org/apache/commons/commons-text/1.4/commons-text-1.4.jar:/home/user/.m2/repository/org/apache/avro/avro/1.7.7/avro-1.7.7.jar:/home/user/.m2/repository/com/thoughtworks/paranamer/paranamer/2.3/paranamer-2.3.jar:/home/user/.m2/repository/org/xerial/snappy/snappy-java/1.0.5/snappy-java-1.0.5.jar:/home/user/.m2/repository/com/google/re2j/re2j/1.1/re2j-1.1.jar:/home/user/.m2/repository/com/google/code/gson/gson/2.2.4/gson-2.2.4.jar:/home/user/.m2/repository/com/jcraft/jsch/0.1.54/jsch-0.1.54.jar:/home/user/.m2/repository/org/apache/curator/curator-client/2.12.0/curator-client-2.12.0.jar:/home/user/.m2/repository/org/apache/curator/curator-recipes/2.12.0/curator-recipes-2.12.0.jar:/home/user/.m2/repository/com/google/code/findbugs/jsr305/3.0.0/jsr305-3.0.0.jar:/home/user/.m2/repository/org/apache/htrace/htrace-core4/4.1.0-incubating/htrace-core4-4.1.0-incubating.jar:/home/user/.m2/repository/org/apache/zookeeper/zookeeper/3.4.13/zookeeper-3.4.13.jar:/home/user/.m2/repository/jline/jline/0.9.94/jline-0.9.94.jar:/home/user/.m2/repository/org/apache/yetus/audience-annotations/0.5.0/audience-annotations-0.5.0.jar:/home/user/.m2/repository/org/codehaus/woodstox/stax2-api/3.1.4/stax2-api-3.1.4.jar:/home/user/.m2/repository/com/fasterxml/woodstox/woodstox-core/5.0.3/woodstox-core-5.0.3.jar:/home/user/.m2/repository/dnsjava/dnsjava/2.1.7/dnsjava-2.1.7.jar:/home/user/.m2/repository/org/apache/hadoop/hadoop-hdfs/3.2.0/hadoop-hdfs-3.2.0-tests.jar:/home/user/.m2/repository/org/eclipse/jetty/jetty-util-ajax/9.3.25.v20180904/jetty-util-ajax-9.3.25.v20180904.jar:/home/user/.m2/repository/commons-daemon/commons-daemon/1.0.13/commons-daemon-1.0.13.jar:/home/user/.m2/repository/io/netty/netty/3.10.5.Final/netty-3.10.5.Final.jar:/home/user/.m2/repository/io/netty/netty-all/4.0.52.Final/netty-all-4.0.52.Final.jar:/home/user/.m2/repository/org/fusesource/leveldbjni/leveldbjni-all/1.8/leveldbjni-all-1.8.jar:"/>
    <property name="sun.cpu.endian" value="little"/>
    <property name="user.home" value="/home/user"/>
    <property name="user.language" value="en"/>
    <property name="java.specification.vendor" value="Oracle Corporation"/>
    <property name="java.home" value="/usr/lib/jvm/java-1.8-openjdk/jre"/>
    <property name="java.security.krb5.conf" value="/workdir/hadoop-ozone/integration-test/target/test-classes/krb5.conf"/>
    <property name="basedir" value="/workdir/hadoop-ozone/integration-test"/>
    <property name="file.separator" value="/"/>
    <property name="line.separator" value="&#10;"/>
    <property name="java.vm.specification.vendor" value="Oracle Corporation"/>
    <property name="java.specification.name" value="Java Platform API Specification"/>
    <property name="java.awt.graphicsenv" value="sun.awt.X11GraphicsEnvironment"/>
    <property name="surefire.real.class.path" value="/workdir/hadoop-ozone/integration-test/target/surefire/surefirebooter2665408981708842260.jar"/>
    <property name="hadoop.log.dir" value="/workdir/hadoop-ozone/integration-test/target/log"/>
    <property name="sun.boot.class.path" value="/usr/lib/jvm/java-1.8-openjdk/jre/lib/resources.jar:/usr/lib/jvm/java-1.8-openjdk/jre/lib/rt.jar:/usr/lib/jvm/java-1.8-openjdk/jre/lib/sunrsasign.jar:/usr/lib/jvm/java-1.8-openjdk/jre/lib/jsse.jar:/usr/lib/jvm/java-1.8-openjdk/jre/lib/jce.jar:/usr/lib/jvm/java-1.8-openjdk/jre/lib/charsets.jar:/usr/lib/jvm/java-1.8-openjdk/jre/lib/jfr.jar:/usr/lib/jvm/java-1.8-openjdk/jre/classes"/>
    <property name="sun.management.compiler" value="HotSpot 64-Bit Tiered Compilers"/>
    <property name="java.runtime.version" value="1.8.0_212-b04"/>
    <property name="java.net.preferIPv4Stack" value="true"/>
    <property name="user.name" value="jenkins1000"/>
    <property name="path.separator" value=":"/>
    <property name="java.security.egd" value="file:///dev/urandom"/>
    <property name="os.version" value="3.10.0-957.12.2.el7.x86_64"/>
    <property name="java.endorsed.dirs" value="/usr/lib/jvm/java-1.8-openjdk/jre/lib/endorsed"/>
    <property name="java.runtime.name" value="OpenJDK Runtime Environment"/>
    <property name="file.encoding" value="UTF-8"/>
    <property name="java.vm.name" value="OpenJDK 64-Bit Server VM"/>
    <property name="test.build.webapps" value=""/>
    <property name="localRepository" value="/home/user/.m2/repository"/>
    <property name="java.vendor.url.bug" value="https://icedtea.classpath.org/bugzilla"/>
    <property name="java.io.tmpdir" value="/tmp"/>
    <property name="require.test.libhadoop" value=""/>
    <property name="java.version" value="1.8.0_212"/>
    <property name="user.dir" value="/workdir/hadoop-ozone/integration-test"/>
    <property name="os.arch" value="amd64"/>
    <property name="java.vm.specification.name" value="Java Virtual Machine Specification"/>
    <property name="test.build.classes" value="/workdir/hadoop-ozone/integration-test/target/test-classes"/>
    <property name="java.awt.printerjob" value="sun.print.PSPrinterJob"/>
    <property name="sun.os.patch.level" value="unknown"/>
    <property name="hadoop.tmp.dir" value="/workdir/hadoop-ozone/integration-test/target/tmp"/>
    <property name="java.library.path" value="/usr/lib/jvm/java-1.8-openjdk/jre/lib/amd64/server:/usr/lib/jvm/java-1.8-openjdk/jre/lib/amd64:/usr/lib/jvm/java-1.8-openjdk/jre/../lib/amd64:/workdir/hadoop-ozone/integration-test/target/native/target/usr/local/lib:/workdir/hadoop-ozone/integration-test/../../hadoop-common-project/hadoop-common/target/native/target/usr/local/lib:/usr/java/packages/lib/amd64:/usr/lib64:/lib64:/lib:/usr/lib"/>
    <property name="java.vm.info" value="mixed mode"/>
    <property name="java.vendor" value="IcedTea"/>
    <property name="java.vm.version" value="25.212-b04"/>
    <property name="java.ext.dirs" value="/usr/lib/jvm/java-1.8-openjdk/jre/lib/ext:/usr/java/packages/lib/ext"/>
    <property name="sun.io.unicode.encoding" value="UnicodeLittle"/>
    <property name="java.class.version" value="52.0"/>
  </properties>
  <testcase name="testMultipartUpload" classname="org.apache.hadoop.ozone.om.TestOzoneManagerHA" time="23.553"/>
  <testcase name="testOMRatisSnapshot" classname="org.apache.hadoop.ozone.om.TestOzoneManagerHA" time="16.043"/>
  <testcase name="testFileOperationsWithRecursive" classname="org.apache.hadoop.ozone.om.TestOzoneManagerHA" time="20.556"/>
  <testcase name="testOMRetryProxy" classname="org.apache.hadoop.ozone.om.TestOzoneManagerHA" time="114.669"/>
  <testcase name="testOMProxyProviderFailoverToCurrentLeader" classname="org.apache.hadoop.ozone.om.TestOzoneManagerHA" time="15.487"/>
  <testcase name="testAddBucketAcl" classname="org.apache.hadoop.ozone.om.TestOzoneManagerHA" time="12.45"/>
  <testcase name="testMultipartUploadWithOneOmNodeDown" classname="org.apache.hadoop.ozone.om.TestOzoneManagerHA" time="19.936"/>
  <testcase name="testAllBucketOperations" classname="org.apache.hadoop.ozone.om.TestOzoneManagerHA" time="13.553"/>
  <testcase name="testOMProxyProviderFailoverOnConnectionFailure" classname="org.apache.hadoop.ozone.om.TestOzoneManagerHA" time="16.149"/>
  <testcase name="testAllOMNodesRunning" classname="org.apache.hadoop.ozone.om.TestOzoneManagerHA" time="13.75"/>
  <testcase name="testRemoveBucketAcl" classname="org.apache.hadoop.ozone.om.TestOzoneManagerHA" time="13.748"/>
  <testcase name="testAddPrefixAcl" classname="org.apache.hadoop.ozone.om.TestOzoneManagerHA" time="13.362"/>
  <testcase name="testReadRequest" classname="org.apache.hadoop.ozone.om.TestOzoneManagerHA" time="13.693"/>
  <testcase name="testRemoveKeyAcl" classname="org.apache.hadoop.ozone.om.TestOzoneManagerHA" time="14.471"/>
  <testcase name="testAllVolumeOperations" classname="org.apache.hadoop.ozone.om.TestOzoneManagerHA" time="13.858"/>
  <testcase name="testSetBucketAcl" classname="org.apache.hadoop.ozone.om.TestOzoneManagerHA" time="14.237"/>
  <testcase name="testAddKeyAcl" classname="org.apache.hadoop.ozone.om.TestOzoneManagerHA" time="14.191"/>
  <testcase name="testFileOperationsWithNonRecursive" classname="org.apache.hadoop.ozone.om.TestOzoneManagerHA" time="22.453">
    <error message="Allocated 0 blocks. Requested 1 blocks" type="INTERNAL_ERROR org.apache.hadoop.ozone.om.exceptions.OMException">INTERNAL_ERROR org.apache.hadoop.ozone.om.exceptions.OMException: Allocated 0 blocks. Requested 1 blocks
	at org.apache.hadoop.ozone.om.protocolPB.OzoneManagerProtocolClientSideTranslatorPB.handleError(OzoneManagerProtocolClientSideTranslatorPB.java:732)
	at org.apache.hadoop.ozone.om.protocolPB.OzoneManagerProtocolClientSideTranslatorPB.createFile(OzoneManagerProtocolClientSideTranslatorPB.java:1536)
	at sun.reflect.NativeMethodAccessorImpl.invoke0(Native Method)
	at sun.reflect.NativeMethodAccessorImpl.invoke(NativeMethodAccessorImpl.java:62)
	at sun.reflect.DelegatingMethodAccessorImpl.invoke(DelegatingMethodAccessorImpl.java:43)
	at java.lang.reflect.Method.invoke(Method.java:498)
	at org.apache.hadoop.hdds.tracing.TraceAllMethod.invoke(TraceAllMethod.java:66)
	at com.sun.proxy.$Proxy38.createFile(Unknown Source)
	at org.apache.hadoop.ozone.client.rpc.RpcClient.createFile(RpcClient.java:1006)
	at org.apache.hadoop.ozone.client.OzoneBucket.createFile(OzoneBucket.java:537)
	at org.apache.hadoop.ozone.om.TestOzoneManagerHA.testCreateFile(TestOzoneManagerHA.java:429)
	at org.apache.hadoop.ozone.om.TestOzoneManagerHA.testFileOperationsWithNonRecursive(TestOzoneManagerHA.java:366)
	at sun.reflect.NativeMethodAccessorImpl.invoke0(Native Method)
	at sun.reflect.NativeMethodAccessorImpl.invoke(NativeMethodAccessorImpl.java:62)
	at sun.reflect.DelegatingMethodAccessorImpl.invoke(DelegatingMethodAccessorImpl.java:43)
	at java.lang.reflect.Method.invoke(Method.java:498)
	at org.junit.runners.model.FrameworkMethod$1.runReflectiveCall(FrameworkMethod.java:47)
	at org.junit.internal.runners.model.ReflectiveCallable.run(ReflectiveCallable.java:12)
	at org.junit.runners.model.FrameworkMethod.invokeExplosively(FrameworkMethod.java:44)
	at org.junit.internal.runners.statements.InvokeMethod.evaluate(InvokeMethod.java:17)
	at org.junit.internal.runners.statements.RunBefores.evaluate(RunBefores.java:26)
	at org.junit.internal.runners.statements.RunAfters.evaluate(RunAfters.java:27)
	at org.junit.rules.ExpectedException$ExpectedExceptionStatement.evaluate(ExpectedException.java:168)
	at org.junit.internal.runners.statements.FailOnTimeout$StatementThread.run(FailOnTimeout.java:74)
</error>
    <system-out><![CDATA[2019-10-02 11:15:51,880 [Thread-5388] WARN  server.ServerUtils (ServerUtils.java:getScmDbDir(145)) - ozone.scm.db.dirs is not configured. We recommend adding this setting. Falling back to ozone.metadata.dirs instead.
2019-10-02 11:15:51,948 [Thread-5388] WARN  server.ServerUtils (ServerUtils.java:getScmDbDir(145)) - ozone.scm.db.dirs is not configured. We recommend adding this setting. Falling back to ozone.metadata.dirs instead.
2019-10-02 11:15:51,949 [Thread-5388] WARN  server.ServerUtils (ServerUtils.java:getScmDbDir(145)) - ozone.scm.db.dirs is not configured. We recommend adding this setting. Falling back to ozone.metadata.dirs instead.
2019-10-02 11:15:51,949 [Thread-5388] INFO  db.DBStoreBuilder (DBStoreBuilder.java:addTable(110)) - using custom profile for table: deletedBlocks
2019-10-02 11:15:51,949 [Thread-5388] INFO  db.DBStoreBuilder (DBStoreBuilder.java:processTables(161)) - Using default column profile:DBProfile.DISK for Table:deletedBlocks
2019-10-02 11:15:51,950 [Thread-5388] INFO  db.DBStoreBuilder (DBStoreBuilder.java:addTable(110)) - using custom profile for table: validCerts
2019-10-02 11:15:51,950 [Thread-5388] INFO  db.DBStoreBuilder (DBStoreBuilder.java:processTables(161)) - Using default column profile:DBProfile.DISK for Table:validCerts
2019-10-02 11:15:51,950 [Thread-5388] INFO  db.DBStoreBuilder (DBStoreBuilder.java:addTable(110)) - using custom profile for table: revokedCerts
2019-10-02 11:15:51,950 [Thread-5388] INFO  db.DBStoreBuilder (DBStoreBuilder.java:processTables(161)) - Using default column profile:DBProfile.DISK for Table:revokedCerts
2019-10-02 11:15:51,950 [Thread-5388] INFO  db.DBStoreBuilder (DBStoreBuilder.java:addTable(110)) - using custom profile for table: default
2019-10-02 11:15:51,951 [Thread-5388] INFO  db.DBStoreBuilder (DBStoreBuilder.java:processTables(167)) - Using default column profile:DBProfile.DISK for Table:default
2019-10-02 11:15:51,951 [Thread-5388] INFO  db.DBStoreBuilder (DBStoreBuilder.java:getDbProfile(198)) - Using default options. DBProfile.DISK
2019-10-02 11:15:52,226 [Thread-5388] INFO  net.NodeSchemaLoader (NodeSchemaLoader.java:loadSchemaFromFile(125)) - Loading file from sun.misc.CompoundEnumeration@18089100
2019-10-02 11:15:52,226 [Thread-5388] INFO  net.NodeSchemaLoader (NodeSchemaLoader.java:loadSchema(171)) - Loading network topology layer schema file
2019-10-02 11:15:52,229 [Thread-5388] WARN  server.ServerUtils (ServerUtils.java:sanitizeUserArgs(70)) - ozone.scm.stale.node.interval value = 300000 is larger than max = 100000 based on the key value of ozone.scm.heartbeat.thread.interval, reset to the max value 100000.
2019-10-02 11:15:52,229 [Thread-5388] WARN  server.ServerUtils (ServerUtils.java:sanitizeUserArgs(70)) - ozone.scm.stale.node.interval value = 300000 is larger than max = 100000 based on the key value of ozone.scm.heartbeat.thread.interval, reset to the max value 100000.
2019-10-02 11:15:52,229 [Thread-5388] INFO  node.SCMNodeManager (SCMNodeManager.java:<init>(114)) - Entering startup safe mode.
2019-10-02 11:15:52,229 [Thread-5388] INFO  algorithms.ContainerPlacementPolicyFactory (ContainerPlacementPolicyFactory.java:getPolicy(57)) - Create container placement policy of type org.apache.hadoop.hdds.scm.container.placement.algorithms.SCMContainerPlacementRandom
2019-10-02 11:15:52,230 [Thread-5388] WARN  server.ServerUtils (ServerUtils.java:getScmDbDir(145)) - ozone.scm.db.dirs is not configured. We recommend adding this setting. Falling back to ozone.metadata.dirs instead.
2019-10-02 11:15:52,357 [Thread-5388] INFO  pipeline.SCMPipelineManager (SCMPipelineManager.java:initializePipelineState(132)) - No pipeline exists in current db
2019-10-02 11:15:52,358 [Thread-5388] WARN  server.ServerUtils (ServerUtils.java:getScmDbDir(145)) - ozone.scm.db.dirs is not configured. We recommend adding this setting. Falling back to ozone.metadata.dirs instead.
2019-10-02 11:15:52,458 [Thread-5388] WARN  events.EventQueue (EventQueue.java:fireEvent(183)) - No event handler registered for event TypedEvent{payloadType=SafeModeStatus, name='SafeModeStatus'}
2019-10-02 11:15:52,459 [Thread-5388] INFO  ipc.CallQueueManager (CallQueueManager.java:<init>(84)) - Using callQueue: class java.util.concurrent.LinkedBlockingQueue, queueCapacity: 2000, scheduler: class org.apache.hadoop.ipc.DefaultRpcScheduler, ipcBackoff: false.
2019-10-02 11:15:52,459 [Socket Reader #1 for port 43052] INFO  ipc.Server (Server.java:run(1074)) - Starting Socket Reader #1 for port 43052
2019-10-02 11:15:52,462 [Thread-5388] INFO  ipc.CallQueueManager (CallQueueManager.java:<init>(84)) - Using callQueue: class java.util.concurrent.LinkedBlockingQueue, queueCapacity: 2000, scheduler: class org.apache.hadoop.ipc.DefaultRpcScheduler, ipcBackoff: false.
2019-10-02 11:15:52,463 [Socket Reader #1 for port 40241] INFO  ipc.Server (Server.java:run(1074)) - Starting Socket Reader #1 for port 40241
2019-10-02 11:15:52,470 [Thread-5388] INFO  ipc.CallQueueManager (CallQueueManager.java:<init>(84)) - Using callQueue: class java.util.concurrent.LinkedBlockingQueue, queueCapacity: 2000, scheduler: class org.apache.hadoop.ipc.DefaultRpcScheduler, ipcBackoff: false.
2019-10-02 11:15:52,470 [Socket Reader #1 for port 36087] INFO  ipc.Server (Server.java:run(1074)) - Starting Socket Reader #1 for port 36087
2019-10-02 11:15:52,473 [Thread-5388] INFO  hdfs.DFSUtil (DFSUtil.java:httpServerTemplateForNNAndJN(1641)) - Starting Web-server for scm at: http://0.0.0.0:0
2019-10-02 11:15:52,475 [Thread-5388] INFO  server.AuthenticationFilter (AuthenticationFilter.java:constructSecretProvider(240)) - Unable to initialize FileSignerSecretProvider, falling back to use random secrets.
2019-10-02 11:15:52,475 [Thread-5388] WARN  http.HttpRequestLog (HttpRequestLog.java:getRequestLog(97)) - Jetty request log can only be enabled using Log4j
2019-10-02 11:15:52,477 [Thread-5388] INFO  http.HttpServer2 (HttpServer2.java:addGlobalFilter(975)) - Added global filter 'safety' (class=org.apache.hadoop.http.HttpServer2$QuotingInputFilter)
2019-10-02 11:15:52,478 [Thread-5388] INFO  http.HttpServer2 (HttpServer2.java:addFilter(948)) - Added filter static_user_filter (class=org.apache.hadoop.http.lib.StaticUserWebFilter$StaticUserFilter) to context scm
2019-10-02 11:15:52,478 [Thread-5388] INFO  http.HttpServer2 (HttpServer2.java:addFilter(958)) - Added filter static_user_filter (class=org.apache.hadoop.http.lib.StaticUserWebFilter$StaticUserFilter) to context static
2019-10-02 11:15:52,478 [Thread-5388] INFO  http.HttpServer2 (HttpServer2.java:addFilter(958)) - Added filter static_user_filter (class=org.apache.hadoop.http.lib.StaticUserWebFilter$StaticUserFilter) to context logs
2019-10-02 11:15:52,480 [Thread-5388] INFO  server.StorageContainerManager (StorageContainerManager.java:start(770)) - StorageContainerLocationProtocol RPC server is listening at /0.0.0.0:36087
2019-10-02 11:15:52,482 [Thread-5388] WARN  impl.MetricsConfig (MetricsConfig.java:loadFirst(134)) - Cannot locate configuration: tried hadoop-metrics2-storagecontainermanager.properties,hadoop-metrics2.properties
2019-10-02 11:15:52,483 [Thread-5388] INFO  impl.MetricsSystemImpl (MetricsSystemImpl.java:startTimer(374)) - Scheduled Metric snapshot period at 10 second(s).
2019-10-02 11:15:52,483 [Thread-5388] INFO  impl.MetricsSystemImpl (MetricsSystemImpl.java:start(191)) - StorageContainerManager metrics system started
2019-10-02 11:15:52,899 [Thread-5388] WARN  impl.MetricsSystemImpl (MetricsSystemImpl.java:register(276)) - Sink prometheus already exists!
2019-10-02 11:15:53,068 [Thread-5388] INFO  server.SCMClientProtocolServer (SCMClientProtocolServer.java:start(150)) - RPC server for Client  is listening at /0.0.0.0:36087
2019-10-02 11:15:53,069 [IPC Server Responder] INFO  ipc.Server (Server.java:run(1314)) - IPC Server Responder: starting
2019-10-02 11:15:53,069 [IPC Server listener on 36087] INFO  ipc.Server (Server.java:run(1153)) - IPC Server listener on 36087: starting
2019-10-02 11:15:53,076 [Thread-5388] INFO  server.StorageContainerManager (StorageContainerManager.java:start(780)) - ScmBlockLocationProtocol RPC server is listening at /0.0.0.0:40241
2019-10-02 11:15:53,077 [Thread-5388] INFO  server.SCMBlockProtocolServer (SCMBlockProtocolServer.java:start(146)) - RPC server for Block Protocol is listening at /0.0.0.0:40241
2019-10-02 11:15:53,077 [IPC Server Responder] INFO  ipc.Server (Server.java:run(1314)) - IPC Server Responder: starting
2019-10-02 11:15:53,077 [IPC Server listener on 40241] INFO  ipc.Server (Server.java:run(1153)) - IPC Server listener on 40241: starting
2019-10-02 11:15:53,093 [Thread-5388] INFO  server.StorageContainerManager (StorageContainerManager.java:start(784)) - ScmDatanodeProtocl RPC server is listening at /0.0.0.0:43052
2019-10-02 11:15:53,093 [Thread-5388] INFO  server.SCMDatanodeProtocolServer (SCMDatanodeProtocolServer.java:start(191)) - RPC server for DataNodes is listening at /0.0.0.0:43052
2019-10-02 11:15:53,093 [IPC Server Responder] INFO  ipc.Server (Server.java:run(1314)) - IPC Server Responder: starting
2019-10-02 11:15:53,093 [IPC Server listener on 43052] INFO  ipc.Server (Server.java:run(1153)) - IPC Server listener on 43052: starting
2019-10-02 11:15:53,099 [Thread-5388] INFO  http.HttpServer2 (HttpServer2.java:bindListener(1191)) - Jetty bound to port 35921
2019-10-02 11:15:53,099 [Thread-5388] INFO  server.Server (Server.java:doStart(351)) - jetty-9.3.25.v20180904, build timestamp: 2018-09-04T21:11:46Z, git hash: 3ce520221d0240229c862b122d2b06c12a625732
2019-10-02 11:15:53,101 [Thread-5388] INFO  handler.ContextHandler (ContextHandler.java:doStart(781)) - Started o.e.j.s.ServletContextHandler@7a663a5e{/logs,file:///workdir/hadoop-ozone/integration-test/target/log,AVAILABLE}
2019-10-02 11:15:53,101 [Thread-5388] INFO  handler.ContextHandler (ContextHandler.java:doStart(781)) - Started o.e.j.s.ServletContextHandler@ddc36dd{/static,file:///workdir/hadoop-ozone/integration-test/target/test-classes/webapps/static,AVAILABLE}
2019-10-02 11:15:53,106 [Thread-5388] INFO  handler.ContextHandler (ContextHandler.java:doStart(781)) - Started o.e.j.w.WebAppContext@42a344d{/,file:///workdir/hadoop-ozone/integration-test/target/test-classes/webapps/scm/,AVAILABLE}{/scm}
2019-10-02 11:15:53,107 [Thread-5388] INFO  server.AbstractConnector (AbstractConnector.java:doStart(278)) - Started ServerConnector@36f20c32{HTTP/1.1,[http/1.1]}{0.0.0.0:35921}
2019-10-02 11:15:53,108 [Thread-5388] INFO  server.Server (Server.java:doStart(419)) - Started @365427ms
2019-10-02 11:15:53,108 [Thread-5388] WARN  impl.MetricsSystemImpl (MetricsSystemImpl.java:register(276)) - Sink prometheus already exists!
2019-10-02 11:15:53,109 [Thread-5388] INFO  server.BaseHttpServer (BaseHttpServer.java:updateConnectorAddress(215)) - HTTP server of SCM is listening at http://0.0.0.0:35921
2019-10-02 11:15:53,111 [org.apache.hadoop.util.JvmPauseMonitor$Monitor@53487673] INFO  util.JvmPauseMonitor (JvmPauseMonitor.java:run(188)) - Starting JVM pause monitor
2019-10-02 11:15:53,111 [Thread-5388] WARN  server.ServerUtils (ServerUtils.java:getDBPath(222)) - ozone.om.db.dirs is not configured. We recommend adding this setting. Falling back to ozone.metadata.dirs instead.
2019-10-02 11:15:53,162 [Thread-5388] WARN  server.ServerUtils (ServerUtils.java:getDBPath(222)) - ozone.om.db.dirs is not configured. We recommend adding this setting. Falling back to ozone.metadata.dirs instead.
2019-10-02 11:15:53,162 [Thread-5388] WARN  server.ServerUtils (ServerUtils.java:getDBPath(222)) - ozone.om.db.dirs is not configured. We recommend adding this setting. Falling back to ozone.metadata.dirs instead.
2019-10-02 11:15:53,163 [Thread-5388] INFO  om.OzoneManager (OzoneManager.java:setOMNodeSpecificConfigs(698)) - Setting configuration key ozone.om.http-address with value of key ozone.om.http-address.omNode-1: 127.0.0.1:10090
2019-10-02 11:15:53,163 [Thread-5388] INFO  om.OzoneManager (OzoneManager.java:setOMNodeSpecificConfigs(698)) - Setting configuration key ozone.om.https-address with value of key ozone.om.https-address.omNode-1: 127.0.0.1:10091
2019-10-02 11:15:53,163 [Thread-5388] INFO  om.OzoneManager (OzoneManager.java:loadOMHAConfigs(609)) - Found matching OM address with OMServiceId: om-service-test1, OMNodeId: omNode-1, RPC Address: localhost:10088 and Ratis port: 10092
2019-10-02 11:15:53,175 [Thread-5388] WARN  server.ServerUtils (ServerUtils.java:getDBPath(222)) - ozone.om.db.dirs is not configured. We recommend adding this setting. Falling back to ozone.metadata.dirs instead.
2019-10-02 11:15:53,175 [Thread-5388] INFO  db.DBStoreBuilder (DBStoreBuilder.java:addTable(110)) - using custom profile for table: userTable
2019-10-02 11:15:53,175 [Thread-5388] INFO  db.DBStoreBuilder (DBStoreBuilder.java:processTables(161)) - Using default column profile:DBProfile.DISK for Table:userTable
2019-10-02 11:15:53,175 [Thread-5388] INFO  db.DBStoreBuilder (DBStoreBuilder.java:addTable(110)) - using custom profile for table: volumeTable
2019-10-02 11:15:53,176 [Thread-5388] INFO  db.DBStoreBuilder (DBStoreBuilder.java:processTables(161)) - Using default column profile:DBProfile.DISK for Table:volumeTable
2019-10-02 11:15:53,176 [Thread-5388] INFO  db.DBStoreBuilder (DBStoreBuilder.java:addTable(110)) - using custom profile for table: bucketTable
2019-10-02 11:15:53,176 [Thread-5388] INFO  db.DBStoreBuilder (DBStoreBuilder.java:processTables(161)) - Using default column profile:DBProfile.DISK for Table:bucketTable
2019-10-02 11:15:53,176 [Thread-5388] INFO  db.DBStoreBuilder (DBStoreBuilder.java:addTable(110)) - using custom profile for table: keyTable
2019-10-02 11:15:53,176 [Thread-5388] INFO  db.DBStoreBuilder (DBStoreBuilder.java:processTables(161)) - Using default column profile:DBProfile.DISK for Table:keyTable
2019-10-02 11:15:53,177 [Thread-5388] INFO  db.DBStoreBuilder (DBStoreBuilder.java:addTable(110)) - using custom profile for table: deletedTable
2019-10-02 11:15:53,177 [Thread-5388] INFO  db.DBStoreBuilder (DBStoreBuilder.java:processTables(161)) - Using default column profile:DBProfile.DISK for Table:deletedTable
2019-10-02 11:15:53,177 [Thread-5388] INFO  db.DBStoreBuilder (DBStoreBuilder.java:addTable(110)) - using custom profile for table: openKeyTable
2019-10-02 11:15:53,177 [Thread-5388] INFO  db.DBStoreBuilder (DBStoreBuilder.java:processTables(161)) - Using default column profile:DBProfile.DISK for Table:openKeyTable
2019-10-02 11:15:53,177 [Thread-5388] INFO  db.DBStoreBuilder (DBStoreBuilder.java:addTable(110)) - using custom profile for table: s3Table
2019-10-02 11:15:53,177 [Thread-5388] INFO  db.DBStoreBuilder (DBStoreBuilder.java:processTables(161)) - Using default column profile:DBProfile.DISK for Table:s3Table
2019-10-02 11:15:53,178 [Thread-5388] INFO  db.DBStoreBuilder (DBStoreBuilder.java:addTable(110)) - using custom profile for table: multipartInfoTable
2019-10-02 11:15:53,178 [Thread-5388] INFO  db.DBStoreBuilder (DBStoreBuilder.java:processTables(161)) - Using default column profile:DBProfile.DISK for Table:multipartInfoTable
2019-10-02 11:15:53,178 [Thread-5388] INFO  db.DBStoreBuilder (DBStoreBuilder.java:addTable(110)) - using custom profile for table: dTokenTable
2019-10-02 11:15:53,178 [Thread-5388] INFO  db.DBStoreBuilder (DBStoreBuilder.java:processTables(161)) - Using default column profile:DBProfile.DISK for Table:dTokenTable
2019-10-02 11:15:53,178 [Thread-5388] INFO  db.DBStoreBuilder (DBStoreBuilder.java:addTable(110)) - using custom profile for table: s3SecretTable
2019-10-02 11:15:53,178 [Thread-5388] INFO  db.DBStoreBuilder (DBStoreBuilder.java:processTables(161)) - Using default column profile:DBProfile.DISK for Table:s3SecretTable
2019-10-02 11:15:53,179 [Thread-5388] INFO  db.DBStoreBuilder (DBStoreBuilder.java:addTable(110)) - using custom profile for table: prefixTable
2019-10-02 11:15:53,179 [Thread-5388] INFO  db.DBStoreBuilder (DBStoreBuilder.java:processTables(161)) - Using default column profile:DBProfile.DISK for Table:prefixTable
2019-10-02 11:15:53,179 [Thread-5388] INFO  db.DBStoreBuilder (DBStoreBuilder.java:addTable(110)) - using custom profile for table: default
2019-10-02 11:15:53,179 [Thread-5388] INFO  db.DBStoreBuilder (DBStoreBuilder.java:processTables(167)) - Using default column profile:DBProfile.DISK for Table:default
2019-10-02 11:15:53,179 [Thread-5388] INFO  db.DBStoreBuilder (DBStoreBuilder.java:getDbProfile(198)) - Using default options. DBProfile.DISK
2019-10-02 11:15:54,019 [Thread-5388] WARN  scm.HddsServerUtil (HddsServerUtil.java:getDefaultRatisDirectory(354)) - Storage directory for Ratis is not configured. It is a good idea to map this to an SSD disk. Falling back to ozone.metadata.dirs
2019-10-02 11:15:54,022 [KeyDeletingService#0] WARN  utils.BackgroundService (BackgroundService.java:lambda$run$0(135)) - Background task fails to execute, retrying in next interval
java.util.concurrent.ExecutionException: java.lang.NullPointerException
	at java.util.concurrent.FutureTask.report(FutureTask.java:122)
	at java.util.concurrent.FutureTask.get(FutureTask.java:206)
	at org.apache.hadoop.hdds.utils.BackgroundService$PeriodicalTask.lambda$run$0(BackgroundService.java:129)
	at java.util.stream.ForEachOps$ForEachOp$OfRef.accept(ForEachOps.java:184)
	at java.util.ArrayList$ArrayListSpliterator.forEachRemaining(ArrayList.java:1382)
	at java.util.stream.AbstractPipeline.copyInto(AbstractPipeline.java:482)
	at java.util.stream.ForEachOps$ForEachTask.compute(ForEachOps.java:291)
	at java.util.concurrent.CountedCompleter.exec(CountedCompleter.java:731)
	at java.util.concurrent.ForkJoinTask.doExec(ForkJoinTask.java:289)
	at java.util.concurrent.ForkJoinTask.doInvoke(ForkJoinTask.java:401)
	at java.util.concurrent.ForkJoinTask.invoke(ForkJoinTask.java:734)
	at java.util.stream.ForEachOps$ForEachOp.evaluateParallel(ForEachOps.java:160)
	at java.util.stream.ForEachOps$ForEachOp$OfRef.evaluateParallel(ForEachOps.java:174)
	at java.util.stream.AbstractPipeline.evaluate(AbstractPipeline.java:233)
	at java.util.stream.ReferencePipeline.forEach(ReferencePipeline.java:418)
	at java.util.stream.ReferencePipeline$Head.forEach(ReferencePipeline.java:583)
	at org.apache.hadoop.hdds.utils.BackgroundService$PeriodicalTask.run(BackgroundService.java:125)
	at java.util.concurrent.Executors$RunnableAdapter.call(Executors.java:511)
	at java.util.concurrent.FutureTask.runAndReset(FutureTask.java:308)
	at java.util.concurrent.ScheduledThreadPoolExecutor$ScheduledFutureTask.access$301(ScheduledThreadPoolExecutor.java:180)
	at java.util.concurrent.ScheduledThreadPoolExecutor$ScheduledFutureTask.run(ScheduledThreadPoolExecutor.java:294)
	at java.util.concurrent.ThreadPoolExecutor.runWorker(ThreadPoolExecutor.java:1149)
	at java.util.concurrent.ThreadPoolExecutor$Worker.run(ThreadPoolExecutor.java:624)
	at java.lang.Thread.run(Thread.java:748)
Caused by: java.lang.NullPointerException
	at org.apache.hadoop.ozone.om.OzoneManager.isLeader(OzoneManager.java:3430)
	at org.apache.hadoop.ozone.om.KeyDeletingService.shouldRun(KeyDeletingService.java:120)
	at org.apache.hadoop.ozone.om.KeyDeletingService.access$100(KeyDeletingService.java:58)
	at org.apache.hadoop.ozone.om.KeyDeletingService$KeyDeletingTask.call(KeyDeletingService.java:149)
	at org.apache.hadoop.ozone.om.KeyDeletingService$KeyDeletingTask.call(KeyDeletingService.java:137)
	at java.util.concurrent.FutureTask.run(FutureTask.java:266)
	at java.util.concurrent.Executors$RunnableAdapter.call(Executors.java:511)
	at java.util.concurrent.FutureTask.run(FutureTask.java:266)
	at java.util.concurrent.Executors$RunnableAdapter.call(Executors.java:511)
	at java.util.concurrent.FutureTask.run(FutureTask.java:266)
	at java.util.concurrent.ScheduledThreadPoolExecutor$ScheduledFutureTask.access$201(ScheduledThreadPoolExecutor.java:180)
	at java.util.concurrent.ScheduledThreadPoolExecutor$ScheduledFutureTask.run(ScheduledThreadPoolExecutor.java:293)
	... 3 more
2019-10-02 11:15:54,022 [Thread-5388] INFO  ratis.OzoneManagerRatisServer (OzoneManagerRatisServer.java:<init>(241)) - Instantiating OM Ratis server with GroupID: om-service-test1 and Raft Peers: localhost:10092, localhost:10098, localhost:10104
2019-10-02 11:15:54,026 [Thread-5388] INFO  impl.RaftServerProxy (ConfUtils.java:logGet(43)) - raft.rpc.type = GRPC (default)
2019-10-02 11:15:54,026 [Thread-5388] INFO  grpc.GrpcFactory (GrpcFactory.java:checkPooledByteBufAllocatorUseCacheForAllThreads(45)) - PERFORMANCE WARNING: useCacheForAllThreads is true that may cause Netty to create a lot garbage objects and, as a result, trigger GC.
	It is recommended to disable useCacheForAllThreads by setting -Dorg.apache.ratis.thirdparty.io.netty.allocator.useCacheForAllThreads=false in command line.
2019-10-02 11:15:54,027 [Thread-5388] INFO  grpc.GrpcConfigKeys$Server (ConfUtils.java:logGet(43)) - raft.grpc.server.port = 10092 (custom)
2019-10-02 11:15:54,027 [Thread-5388] INFO  server.GrpcService (ConfUtils.java:logGet(43)) - raft.grpc.message.size.max = 33554432 (custom)
2019-10-02 11:15:54,027 [Thread-5388] INFO  server.RaftServerConfigKeys (ConfUtils.java:logGet(43)) - raft.server.log.appender.buffer.byte-limit = 33554432 (custom)
2019-10-02 11:15:54,027 [Thread-5388] INFO  server.GrpcService (ConfUtils.java:logGet(43)) - raft.grpc.flow.control.window = 1MB (=1048576) (default)
2019-10-02 11:15:54,027 [Thread-5388] INFO  server.RaftServerConfigKeys (ConfUtils.java:logGet(43)) - raft.server.rpc.request.timeout = 3000ms (default)
2019-10-02 11:15:54,028 [Thread-5388] INFO  server.RaftServerConfigKeys (ConfUtils.java:logGet(43)) - raft.server.storage.dir = [/workdir/hadoop-ozone/integration-test/target/test-dir/MiniOzoneClusterImpl-6b8b4e73-238b-464d-9ee8-997a354feda4/omNode-1/ratis] (custom)
2019-10-02 11:15:54,029 [Thread-5388] INFO  impl.RaftServerProxy (RaftServerProxy.java:addNew(89)) - omNode-1: addNew group-523986131536:[omNode-3:localhost:10104, omNode-1:localhost:10092, omNode-2:localhost:10098] returns group-523986131536:java.util.concurrent.CompletableFuture@5b9c5712[Not completed]
2019-10-02 11:15:54,029 [pool-1146-thread-1] INFO  impl.RaftServerImpl (RaftServerImpl.java:<init>(95)) - omNode-1: new RaftServerImpl for group-523986131536:[omNode-3:localhost:10104, omNode-1:localhost:10092, omNode-2:localhost:10098] with OzoneManagerStateMachine:uninitialized
2019-10-02 11:15:54,029 [Thread-5388] INFO  om.OzoneManager (OzoneManager.java:initializeRatisServer(1389)) - OzoneManager Ratis server initialized at port 10092
2019-10-02 11:15:54,029 [pool-1146-thread-1] INFO  server.RaftServerConfigKeys (ConfUtils.java:logGet(43)) - raft.server.rpc.timeout.min = 1s (custom)
2019-10-02 11:15:54,029 [Thread-5388] WARN  scm.HddsServerUtil (HddsServerUtil.java:getDefaultRatisDirectory(354)) - Storage directory for Ratis is not configured. It is a good idea to map this to an SSD disk. Falling back to ozone.metadata.dirs
2019-10-02 11:15:54,029 [pool-1146-thread-1] INFO  server.RaftServerConfigKeys (ConfUtils.java:logGet(43)) - raft.server.rpc.timeout.max = 1200ms (custom)
2019-10-02 11:15:54,030 [pool-1146-thread-1] INFO  server.RaftServerConfigKeys (ConfUtils.java:logGet(43)) - raft.server.rpcslowness.timeout = 2s (custom)
2019-10-02 11:15:54,030 [Thread-5388] WARN  scm.HddsServerUtil (HddsServerUtil.java:getDefaultRatisDirectory(354)) - Storage directory for Ratis is not configured. It is a good idea to map this to an SSD disk. Falling back to ozone.metadata.dirs
2019-10-02 11:15:54,030 [pool-1146-thread-1] INFO  server.RaftServerConfigKeys (ConfUtils.java:logGet(43)) - raft.server.sleep.deviation.threshold = 300 (default)
2019-10-02 11:15:54,030 [pool-1146-thread-1] INFO  server.RaftServerConfigKeys (ConfUtils.java:logGet(43)) - raft.server.log.appender.install.snapshot.enabled = false (custom)
2019-10-02 11:15:54,030 [Thread-5388] INFO  snapshot.OzoneManagerSnapshotProvider (OzoneManagerSnapshotProvider.java:<init>(81)) - Initializing OM Snapshot Provider
2019-10-02 11:15:54,030 [pool-1146-thread-1] INFO  impl.RaftServerImpl (ServerState.java:<init>(103)) - omNode-1@group-523986131536: ConfigurationManager, init=-1: [omNode-3:localhost:10104, omNode-1:localhost:10092, omNode-2:localhost:10098], old=null, confs=<EMPTY_MAP>
2019-10-02 11:15:54,030 [pool-1146-thread-1] INFO  server.RaftServerConfigKeys (ConfUtils.java:logGet(43)) - raft.server.storage.dir = [/workdir/hadoop-ozone/integration-test/target/test-dir/MiniOzoneClusterImpl-6b8b4e73-238b-464d-9ee8-997a354feda4/omNode-1/ratis] (custom)
2019-10-02 11:15:54,031 [pool-1146-thread-1] INFO  server.RaftServerConfigKeys (ConfUtils.java:logGet(43)) - raft.server.log.corruption.policy = EXCEPTION (default)
2019-10-02 11:15:54,031 [pool-1146-thread-1] INFO  storage.RaftStorageDirectory (RaftStorageDirectory.java:analyzeStorage(246)) - The storage directory /workdir/hadoop-ozone/integration-test/target/test-dir/MiniOzoneClusterImpl-6b8b4e73-238b-464d-9ee8-997a354feda4/omNode-1/ratis/c9bc4cf4-3bc3-3c60-a66b-523986131536 does not exist. Creating ...
2019-10-02 11:15:54,032 [Thread-5388] INFO  ipc.CallQueueManager (CallQueueManager.java:<init>(84)) - Using callQueue: class java.util.concurrent.LinkedBlockingQueue, queueCapacity: 2000, scheduler: class org.apache.hadoop.ipc.DefaultRpcScheduler, ipcBackoff: false.
2019-10-02 11:15:54,040 [Socket Reader #1 for port 10088] INFO  ipc.Server (Server.java:run(1074)) - Starting Socket Reader #1 for port 10088
2019-10-02 11:15:54,057 [Thread-5388] INFO  om.OzoneManager (OzoneManager.java:start(1243)) - OzoneManager RPC server is listening at localhost/127.0.0.1:10088
2019-10-02 11:15:54,057 [Thread-5388] INFO  impl.MetricsSystemImpl (MetricsSystemImpl.java:init(158)) - OzoneManager metrics system started (again)
2019-10-02 11:15:54,057 [Thread-5388] INFO  ratis.OzoneManagerRatisServer (OzoneManagerRatisServer.java:start(331)) - Starting OzoneManagerRatisServer omNode-1 at port 10092
2019-10-02 11:15:54,063 [pool-1146-thread-1] INFO  storage.RaftStorageDirectory (RaftStorageDirectory.java:tryLock(328)) - Lock on /workdir/hadoop-ozone/integration-test/target/test-dir/MiniOzoneClusterImpl-6b8b4e73-238b-464d-9ee8-997a354feda4/omNode-1/ratis/c9bc4cf4-3bc3-3c60-a66b-523986131536/in_use.lock acquired by nodename 25089@pr-hdds-2231-nwbjw-3761139207
2019-10-02 11:15:54,089 [pool-1146-thread-1] INFO  storage.RaftStorage (RaftStorage.java:format(84)) - Storage directory /workdir/hadoop-ozone/integration-test/target/test-dir/MiniOzoneClusterImpl-6b8b4e73-238b-464d-9ee8-997a354feda4/omNode-1/ratis/c9bc4cf4-3bc3-3c60-a66b-523986131536 has been successfully formatted.
2019-10-02 11:15:54,090 [pool-1146-thread-1] INFO  server.RaftServerConfigKeys (ConfUtils.java:logGet(43)) - raft.server.notification.no-leader.timeout = 2s (custom)
2019-10-02 11:15:54,090 [pool-1146-thread-1] INFO  server.RaftServerConfigKeys (ConfUtils.java:logGet(43)) - raft.server.log.use.memory = false (default)
2019-10-02 11:15:54,090 [pool-1146-thread-1] INFO  server.RaftServerConfigKeys (ConfUtils.java:logGet(43)) - raft.server.log.purge.gap = 50 (custom)
2019-10-02 11:15:54,090 [pool-1146-thread-1] INFO  server.RaftServerConfigKeys (ConfUtils.java:logGet(43)) - raft.server.log.appender.buffer.byte-limit = 33554432 (custom)
2019-10-02 11:15:54,090 [pool-1146-thread-1] INFO  server.RaftServerConfigKeys (ConfUtils.java:logGet(43)) - raft.server.log.segment.size.max = 16384 (custom)
2019-10-02 11:15:54,091 [pool-1146-thread-1] INFO  server.RaftServerConfigKeys (ConfUtils.java:logGet(43)) - raft.server.log.segment.cache.num.max = 2 (custom)
2019-10-02 11:15:54,091 [pool-1146-thread-1] INFO  segmented.SegmentedRaftLogWorker (SegmentedRaftLogWorker.java:<init>(173)) - new omNode-1@group-523986131536-SegmentedRaftLogWorker for RaftStorage:Storage Directory /workdir/hadoop-ozone/integration-test/target/test-dir/MiniOzoneClusterImpl-6b8b4e73-238b-464d-9ee8-997a354feda4/omNode-1/ratis/c9bc4cf4-3bc3-3c60-a66b-523986131536
2019-10-02 11:15:54,091 [pool-1146-thread-1] INFO  server.RaftServerConfigKeys (ConfUtils.java:logGet(43)) - raft.server.log.queue.byte-limit = 64MB (=67108864) (default)
2019-10-02 11:15:54,091 [pool-1146-thread-1] INFO  server.RaftServerConfigKeys (ConfUtils.java:logGet(43)) - raft.server.log.queue.element-limit = 4096 (default)
2019-10-02 11:15:54,091 [pool-1146-thread-1] INFO  server.RaftServerConfigKeys (ConfUtils.java:logGet(43)) - raft.server.log.segment.size.max = 16384 (custom)
2019-10-02 11:15:54,091 [pool-1146-thread-1] INFO  server.RaftServerConfigKeys (ConfUtils.java:logGet(43)) - raft.server.log.preallocated.size = 16384 (custom)
2019-10-02 11:15:54,092 [pool-1146-thread-1] INFO  server.RaftServerConfigKeys (ConfUtils.java:logGet(43)) - raft.server.log.write.buffer.size = 64KB (=65536) (default)
2019-10-02 11:15:54,092 [pool-1146-thread-1] INFO  server.RaftServerConfigKeys (ConfUtils.java:logGet(43)) - raft.server.log.force.sync.num = 128 (default)
2019-10-02 11:15:54,092 [pool-1146-thread-1] INFO  server.RaftServerConfigKeys (ConfUtils.java:logGet(43)) - raft.server.log.statemachine.data.sync = true (default)
2019-10-02 11:15:54,092 [pool-1146-thread-1] INFO  server.RaftServerConfigKeys (ConfUtils.java:logGet(43)) - raft.server.log.statemachine.data.sync.timeout = 10s (default)
2019-10-02 11:15:54,092 [pool-1146-thread-1] INFO  server.RaftServerConfigKeys (ConfUtils.java:logGet(43)) - raft.server.log.statemachine.data.sync.timeout.retry = -1 (default)
2019-10-02 11:15:54,092 [pool-1146-thread-1] INFO  server.RaftServerConfigKeys (ConfUtils.java:logGet(43)) - raft.server.log.statemachine.data.caching.enabled = false (default)
2019-10-02 11:15:54,093 [pool-1146-thread-1] INFO  segmented.SegmentedRaftLogWorker (SegmentedRaftLogWorker.java:lambda$new$0(128)) - omNode-1@group-523986131536-SegmentedRaftLogWorker: flushIndex: setUnconditionally 0 -> -1
2019-10-02 11:15:54,093 [pool-1146-thread-1] INFO  server.RaftServerConfigKeys (ConfUtils.java:logGet(43)) - raft.server.snapshot.auto.trigger.enabled = true (custom)
2019-10-02 11:15:54,093 [pool-1146-thread-1] INFO  server.RaftServerConfigKeys (ConfUtils.java:logGet(43)) - raft.server.snapshot.auto.trigger.threshold = 50 (custom)
2019-10-02 11:15:54,093 [pool-1146-thread-1] INFO  server.RaftServerConfigKeys (ConfUtils.java:logGet(43)) - raft.server.snapshot.retention.file.num = -1 (default)
2019-10-02 11:15:54,094 [pool-1146-thread-1] INFO  server.RaftServerConfigKeys (ConfUtils.java:logGet(43)) - raft.server.retrycache.expirytime = 600000ms (custom)
2019-10-02 11:15:54,096 [Thread-5388] INFO  impl.RaftServerImpl (RaftServerImpl.java:start(181)) - omNode-1@group-523986131536: start as a follower, conf=-1: [omNode-3:localhost:10104, omNode-1:localhost:10092, omNode-2:localhost:10098], old=null
2019-10-02 11:15:54,096 [Thread-5388] INFO  impl.RaftServerImpl (RaftServerImpl.java:setRole(170)) - omNode-1@group-523986131536: changes role from      null to FOLLOWER at term 0 for startAsFollower
2019-10-02 11:15:54,096 [Thread-5388] INFO  impl.RoleInfo (RoleInfo.java:updateAndGet(143)) - omNode-1: start FollowerState
2019-10-02 11:15:54,097 [Thread-5388] INFO  util.JmxRegister (JmxRegister.java:tryRegister(44)) - Successfully registered JMX Bean with object name Ratis:service=RaftServer,group=group-523986131536,id=omNode-1
2019-10-02 11:15:54,099 [Thread-5388] INFO  impl.RaftServerProxy (RaftServerProxy.java:lambda$start$3(299)) - omNode-1: start RPC server
2019-10-02 11:15:54,102 [Thread-5388] INFO  server.GrpcService (GrpcService.java:startImpl(158)) - omNode-1: GrpcService started, listening on 0.0.0.0/0.0.0.0:10092
2019-10-02 11:15:54,103 [IPC Server Responder] INFO  ipc.Server (Server.java:run(1314)) - IPC Server Responder: starting
2019-10-02 11:15:54,103 [IPC Server listener on 10088] INFO  ipc.Server (Server.java:run(1153)) - IPC Server listener on 10088: starting
2019-10-02 11:15:54,113 [Thread-5388] INFO  hdfs.DFSUtil (DFSUtil.java:httpServerTemplateForNNAndJN(1641)) - Starting Web-server for ozoneManager at: http://0.0.0.0:10090
2019-10-02 11:15:54,114 [Thread-5388] INFO  server.AuthenticationFilter (AuthenticationFilter.java:constructSecretProvider(240)) - Unable to initialize FileSignerSecretProvider, falling back to use random secrets.
2019-10-02 11:15:54,114 [Thread-5388] WARN  http.HttpRequestLog (HttpRequestLog.java:getRequestLog(97)) - Jetty request log can only be enabled using Log4j
2019-10-02 11:15:54,116 [Thread-5388] INFO  http.HttpServer2 (HttpServer2.java:addGlobalFilter(975)) - Added global filter 'safety' (class=org.apache.hadoop.http.HttpServer2$QuotingInputFilter)
2019-10-02 11:15:54,116 [Thread-5388] INFO  http.HttpServer2 (HttpServer2.java:addFilter(948)) - Added filter static_user_filter (class=org.apache.hadoop.http.lib.StaticUserWebFilter$StaticUserFilter) to context ozoneManager
2019-10-02 11:15:54,116 [Thread-5388] INFO  http.HttpServer2 (HttpServer2.java:addFilter(958)) - Added filter static_user_filter (class=org.apache.hadoop.http.lib.StaticUserWebFilter$StaticUserFilter) to context static
2019-10-02 11:15:54,116 [Thread-5388] INFO  http.HttpServer2 (HttpServer2.java:addFilter(958)) - Added filter static_user_filter (class=org.apache.hadoop.http.lib.StaticUserWebFilter$StaticUserFilter) to context logs
2019-10-02 11:15:54,117 [Thread-5388] INFO  http.HttpServer2 (HttpServer2.java:bindListener(1191)) - Jetty bound to port 10090
2019-10-02 11:15:54,117 [Thread-5388] INFO  server.Server (Server.java:doStart(351)) - jetty-9.3.25.v20180904, build timestamp: 2018-09-04T21:11:46Z, git hash: 3ce520221d0240229c862b122d2b06c12a625732
2019-10-02 11:15:54,118 [Thread-5388] INFO  handler.ContextHandler (ContextHandler.java:doStart(781)) - Started o.e.j.s.ServletContextHandler@4eb07b8c{/logs,file:///workdir/hadoop-ozone/integration-test/target/log,AVAILABLE}
2019-10-02 11:15:54,119 [Thread-5388] INFO  handler.ContextHandler (ContextHandler.java:doStart(781)) - Started o.e.j.s.ServletContextHandler@32c4ca14{/static,file:///workdir/hadoop-ozone/integration-test/target/test-classes/webapps/static,AVAILABLE}
2019-10-02 11:15:54,122 [Thread-5388] INFO  handler.ContextHandler (ContextHandler.java:doStart(781)) - Started o.e.j.w.WebAppContext@286bba1a{/,file:///workdir/hadoop-ozone/integration-test/target/test-classes/webapps/ozoneManager/,AVAILABLE}{/ozoneManager}
2019-10-02 11:15:54,122 [Thread-5388] INFO  server.AbstractConnector (AbstractConnector.java:doStart(278)) - Started ServerConnector@5039b1e5{HTTP/1.1,[http/1.1]}{0.0.0.0:10090}
2019-10-02 11:15:54,124 [Thread-5388] INFO  server.Server (Server.java:doStart(419)) - Started @366443ms
2019-10-02 11:15:54,124 [Thread-5388] WARN  impl.MetricsSystemImpl (MetricsSystemImpl.java:register(276)) - Sink prometheus already exists!
2019-10-02 11:15:54,125 [Thread-5388] INFO  server.BaseHttpServer (BaseHttpServer.java:updateConnectorAddress(215)) - HTTP server of OZONEMANAGER is listening at http://0.0.0.0:10090
2019-10-02 11:15:54,125 [Thread-5388] INFO  ozone.MiniOzoneHAClusterImpl (MiniOzoneHAClusterImpl.java:createOMService(274)) - Started OzoneManager RPC server at localhost/127.0.0.1:10088
2019-10-02 11:15:54,125 [Thread-5388] WARN  server.ServerUtils (ServerUtils.java:getDBPath(222)) - ozone.om.db.dirs is not configured. We recommend adding this setting. Falling back to ozone.metadata.dirs instead.
2019-10-02 11:15:54,151 [Thread-5388] WARN  server.ServerUtils (ServerUtils.java:getDBPath(222)) - ozone.om.db.dirs is not configured. We recommend adding this setting. Falling back to ozone.metadata.dirs instead.
2019-10-02 11:15:54,152 [Thread-5388] WARN  server.ServerUtils (ServerUtils.java:getDBPath(222)) - ozone.om.db.dirs is not configured. We recommend adding this setting. Falling back to ozone.metadata.dirs instead.
2019-10-02 11:15:54,152 [Thread-5388] INFO  om.OzoneManager (OzoneManager.java:setOMNodeSpecificConfigs(698)) - Setting configuration key ozone.om.http-address with value of key ozone.om.http-address.omNode-2: 127.0.0.1:10096
2019-10-02 11:15:54,152 [Thread-5388] INFO  om.OzoneManager (OzoneManager.java:setOMNodeSpecificConfigs(698)) - Setting configuration key ozone.om.https-address with value of key ozone.om.https-address.omNode-2: 127.0.0.1:10097
2019-10-02 11:15:54,152 [Thread-5388] INFO  om.OzoneManager (OzoneManager.java:loadOMHAConfigs(609)) - Found matching OM address with OMServiceId: om-service-test1, OMNodeId: omNode-2, RPC Address: localhost:10094 and Ratis port: 10098
2019-10-02 11:15:54,156 [Thread-5388] WARN  server.ServerUtils (ServerUtils.java:getDBPath(222)) - ozone.om.db.dirs is not configured. We recommend adding this setting. Falling back to ozone.metadata.dirs instead.
2019-10-02 11:15:54,156 [Thread-5388] INFO  db.DBStoreBuilder (DBStoreBuilder.java:addTable(110)) - using custom profile for table: userTable
2019-10-02 11:15:54,156 [Thread-5388] INFO  db.DBStoreBuilder (DBStoreBuilder.java:processTables(161)) - Using default column profile:DBProfile.DISK for Table:userTable
2019-10-02 11:15:54,156 [Thread-5388] INFO  db.DBStoreBuilder (DBStoreBuilder.java:addTable(110)) - using custom profile for table: volumeTable
2019-10-02 11:15:54,156 [Thread-5388] INFO  db.DBStoreBuilder (DBStoreBuilder.java:processTables(161)) - Using default column profile:DBProfile.DISK for Table:volumeTable
2019-10-02 11:15:54,156 [Thread-5388] INFO  db.DBStoreBuilder (DBStoreBuilder.java:addTable(110)) - using custom profile for table: bucketTable
2019-10-02 11:15:54,157 [Thread-5388] INFO  db.DBStoreBuilder (DBStoreBuilder.java:processTables(161)) - Using default column profile:DBProfile.DISK for Table:bucketTable
2019-10-02 11:15:54,157 [Thread-5388] INFO  db.DBStoreBuilder (DBStoreBuilder.java:addTable(110)) - using custom profile for table: keyTable
2019-10-02 11:15:54,157 [Thread-5388] INFO  db.DBStoreBuilder (DBStoreBuilder.java:processTables(161)) - Using default column profile:DBProfile.DISK for Table:keyTable
2019-10-02 11:15:54,157 [Thread-5388] INFO  db.DBStoreBuilder (DBStoreBuilder.java:addTable(110)) - using custom profile for table: deletedTable
2019-10-02 11:15:54,157 [Thread-5388] INFO  db.DBStoreBuilder (DBStoreBuilder.java:processTables(161)) - Using default column profile:DBProfile.DISK for Table:deletedTable
2019-10-02 11:15:54,157 [Thread-5388] INFO  db.DBStoreBuilder (DBStoreBuilder.java:addTable(110)) - using custom profile for table: openKeyTable
2019-10-02 11:15:54,157 [Thread-5388] INFO  db.DBStoreBuilder (DBStoreBuilder.java:processTables(161)) - Using default column profile:DBProfile.DISK for Table:openKeyTable
2019-10-02 11:15:54,157 [Thread-5388] INFO  db.DBStoreBuilder (DBStoreBuilder.java:addTable(110)) - using custom profile for table: s3Table
2019-10-02 11:15:54,157 [Thread-5388] INFO  db.DBStoreBuilder (DBStoreBuilder.java:processTables(161)) - Using default column profile:DBProfile.DISK for Table:s3Table
2019-10-02 11:15:54,158 [Thread-5388] INFO  db.DBStoreBuilder (DBStoreBuilder.java:addTable(110)) - using custom profile for table: multipartInfoTable
2019-10-02 11:15:54,158 [Thread-5388] INFO  db.DBStoreBuilder (DBStoreBuilder.java:processTables(161)) - Using default column profile:DBProfile.DISK for Table:multipartInfoTable
2019-10-02 11:15:54,158 [Thread-5388] INFO  db.DBStoreBuilder (DBStoreBuilder.java:addTable(110)) - using custom profile for table: dTokenTable
2019-10-02 11:15:54,158 [Thread-5388] INFO  db.DBStoreBuilder (DBStoreBuilder.java:processTables(161)) - Using default column profile:DBProfile.DISK for Table:dTokenTable
2019-10-02 11:15:54,158 [Thread-5388] INFO  db.DBStoreBuilder (DBStoreBuilder.java:addTable(110)) - using custom profile for table: s3SecretTable
2019-10-02 11:15:54,158 [Thread-5388] INFO  db.DBStoreBuilder (DBStoreBuilder.java:processTables(161)) - Using default column profile:DBProfile.DISK for Table:s3SecretTable
2019-10-02 11:15:54,158 [Thread-5388] INFO  db.DBStoreBuilder (DBStoreBuilder.java:addTable(110)) - using custom profile for table: prefixTable
2019-10-02 11:15:54,158 [Thread-5388] INFO  db.DBStoreBuilder (DBStoreBuilder.java:processTables(161)) - Using default column profile:DBProfile.DISK for Table:prefixTable
2019-10-02 11:15:54,158 [Thread-5388] INFO  db.DBStoreBuilder (DBStoreBuilder.java:addTable(110)) - using custom profile for table: default
2019-10-02 11:15:54,158 [Thread-5388] INFO  db.DBStoreBuilder (DBStoreBuilder.java:processTables(167)) - Using default column profile:DBProfile.DISK for Table:default
2019-10-02 11:15:54,159 [Thread-5388] INFO  db.DBStoreBuilder (DBStoreBuilder.java:getDbProfile(198)) - Using default options. DBProfile.DISK
2019-10-02 11:15:54,923 [Thread-5388] WARN  scm.HddsServerUtil (HddsServerUtil.java:getDefaultRatisDirectory(354)) - Storage directory for Ratis is not configured. It is a good idea to map this to an SSD disk. Falling back to ozone.metadata.dirs
2019-10-02 11:15:54,926 [Thread-5388] INFO  ratis.OzoneManagerRatisServer (OzoneManagerRatisServer.java:<init>(241)) - Instantiating OM Ratis server with GroupID: om-service-test1 and Raft Peers: localhost:10098, localhost:10092, localhost:10104
2019-10-02 11:15:54,926 [KeyDeletingService#0] WARN  utils.BackgroundService (BackgroundService.java:lambda$run$0(135)) - Background task fails to execute, retrying in next interval
java.util.concurrent.ExecutionException: java.lang.NullPointerException
	at java.util.concurrent.FutureTask.report(FutureTask.java:122)
	at java.util.concurrent.FutureTask.get(FutureTask.java:206)
	at org.apache.hadoop.hdds.utils.BackgroundService$PeriodicalTask.lambda$run$0(BackgroundService.java:129)
	at java.util.stream.ForEachOps$ForEachOp$OfRef.accept(ForEachOps.java:184)
	at java.util.ArrayList$ArrayListSpliterator.forEachRemaining(ArrayList.java:1382)
	at java.util.stream.AbstractPipeline.copyInto(AbstractPipeline.java:482)
	at java.util.stream.ForEachOps$ForEachTask.compute(ForEachOps.java:291)
	at java.util.concurrent.CountedCompleter.exec(CountedCompleter.java:731)
	at java.util.concurrent.ForkJoinTask.doExec(ForkJoinTask.java:289)
	at java.util.concurrent.ForkJoinTask.doInvoke(ForkJoinTask.java:401)
	at java.util.concurrent.ForkJoinTask.invoke(ForkJoinTask.java:734)
	at java.util.stream.ForEachOps$ForEachOp.evaluateParallel(ForEachOps.java:160)
	at java.util.stream.ForEachOps$ForEachOp$OfRef.evaluateParallel(ForEachOps.java:174)
	at java.util.stream.AbstractPipeline.evaluate(AbstractPipeline.java:233)
	at java.util.stream.ReferencePipeline.forEach(ReferencePipeline.java:418)
	at java.util.stream.ReferencePipeline$Head.forEach(ReferencePipeline.java:583)
	at org.apache.hadoop.hdds.utils.BackgroundService$PeriodicalTask.run(BackgroundService.java:125)
	at java.util.concurrent.Executors$RunnableAdapter.call(Executors.java:511)
	at java.util.concurrent.FutureTask.runAndReset(FutureTask.java:308)
	at java.util.concurrent.ScheduledThreadPoolExecutor$ScheduledFutureTask.access$301(ScheduledThreadPoolExecutor.java:180)
	at java.util.concurrent.ScheduledThreadPoolExecutor$ScheduledFutureTask.run(ScheduledThreadPoolExecutor.java:294)
	at java.util.concurrent.ThreadPoolExecutor.runWorker(ThreadPoolExecutor.java:1149)
	at java.util.concurrent.ThreadPoolExecutor$Worker.run(ThreadPoolExecutor.java:624)
	at java.lang.Thread.run(Thread.java:748)
Caused by: java.lang.NullPointerException
	at org.apache.hadoop.ozone.om.OzoneManager.isLeader(OzoneManager.java:3430)
	at org.apache.hadoop.ozone.om.KeyDeletingService.shouldRun(KeyDeletingService.java:120)
	at org.apache.hadoop.ozone.om.KeyDeletingService.access$100(KeyDeletingService.java:58)
	at org.apache.hadoop.ozone.om.KeyDeletingService$KeyDeletingTask.call(KeyDeletingService.java:149)
	at org.apache.hadoop.ozone.om.KeyDeletingService$KeyDeletingTask.call(KeyDeletingService.java:137)
	at java.util.concurrent.FutureTask.run(FutureTask.java:266)
	at java.util.concurrent.Executors$RunnableAdapter.call(Executors.java:511)
	at java.util.concurrent.FutureTask.run(FutureTask.java:266)
	at java.util.concurrent.Executors$RunnableAdapter.call(Executors.java:511)
	at java.util.concurrent.FutureTask.run(FutureTask.java:266)
	at java.util.concurrent.ScheduledThreadPoolExecutor$ScheduledFutureTask.access$201(ScheduledThreadPoolExecutor.java:180)
	at java.util.concurrent.ScheduledThreadPoolExecutor$ScheduledFutureTask.run(ScheduledThreadPoolExecutor.java:293)
	... 3 more
2019-10-02 11:15:54,927 [Thread-5388] INFO  impl.RaftServerProxy (ConfUtils.java:logGet(43)) - raft.rpc.type = GRPC (default)
2019-10-02 11:15:54,929 [Thread-5388] INFO  grpc.GrpcFactory (GrpcFactory.java:checkPooledByteBufAllocatorUseCacheForAllThreads(45)) - PERFORMANCE WARNING: useCacheForAllThreads is true that may cause Netty to create a lot garbage objects and, as a result, trigger GC.
	It is recommended to disable useCacheForAllThreads by setting -Dorg.apache.ratis.thirdparty.io.netty.allocator.useCacheForAllThreads=false in command line.
2019-10-02 11:15:54,929 [Thread-5388] INFO  grpc.GrpcConfigKeys$Server (ConfUtils.java:logGet(43)) - raft.grpc.server.port = 10098 (custom)
2019-10-02 11:15:54,930 [Thread-5388] INFO  server.GrpcService (ConfUtils.java:logGet(43)) - raft.grpc.message.size.max = 33554432 (custom)
2019-10-02 11:15:54,930 [Thread-5388] INFO  server.RaftServerConfigKeys (ConfUtils.java:logGet(43)) - raft.server.log.appender.buffer.byte-limit = 33554432 (custom)
2019-10-02 11:15:54,930 [Thread-5388] INFO  server.GrpcService (ConfUtils.java:logGet(43)) - raft.grpc.flow.control.window = 1MB (=1048576) (default)
2019-10-02 11:15:54,930 [Thread-5388] INFO  server.RaftServerConfigKeys (ConfUtils.java:logGet(43)) - raft.server.rpc.request.timeout = 3000ms (default)
2019-10-02 11:15:54,931 [Thread-5388] INFO  server.RaftServerConfigKeys (ConfUtils.java:logGet(43)) - raft.server.storage.dir = [/workdir/hadoop-ozone/integration-test/target/test-dir/MiniOzoneClusterImpl-6b8b4e73-238b-464d-9ee8-997a354feda4/omNode-2/ratis] (custom)
2019-10-02 11:15:54,931 [Thread-5388] INFO  impl.RaftServerProxy (RaftServerProxy.java:addNew(89)) - omNode-2: addNew group-523986131536:[omNode-3:localhost:10104, omNode-1:localhost:10092, omNode-2:localhost:10098] returns group-523986131536:java.util.concurrent.CompletableFuture@355e5d42[Not completed]
2019-10-02 11:15:54,931 [pool-1162-thread-1] INFO  impl.RaftServerImpl (RaftServerImpl.java:<init>(95)) - omNode-2: new RaftServerImpl for group-523986131536:[omNode-3:localhost:10104, omNode-1:localhost:10092, omNode-2:localhost:10098] with OzoneManagerStateMachine:uninitialized
2019-10-02 11:15:54,931 [Thread-5388] INFO  om.OzoneManager (OzoneManager.java:initializeRatisServer(1389)) - OzoneManager Ratis server initialized at port 10098
2019-10-02 11:15:54,931 [pool-1162-thread-1] INFO  server.RaftServerConfigKeys (ConfUtils.java:logGet(43)) - raft.server.rpc.timeout.min = 1s (custom)
2019-10-02 11:15:54,931 [Thread-5388] WARN  scm.HddsServerUtil (HddsServerUtil.java:getDefaultRatisDirectory(354)) - Storage directory for Ratis is not configured. It is a good idea to map this to an SSD disk. Falling back to ozone.metadata.dirs
2019-10-02 11:15:54,932 [pool-1162-thread-1] INFO  server.RaftServerConfigKeys (ConfUtils.java:logGet(43)) - raft.server.rpc.timeout.max = 1200ms (custom)
2019-10-02 11:15:54,932 [Thread-5388] WARN  scm.HddsServerUtil (HddsServerUtil.java:getDefaultRatisDirectory(354)) - Storage directory for Ratis is not configured. It is a good idea to map this to an SSD disk. Falling back to ozone.metadata.dirs
2019-10-02 11:15:54,932 [pool-1162-thread-1] INFO  server.RaftServerConfigKeys (ConfUtils.java:logGet(43)) - raft.server.rpcslowness.timeout = 2s (custom)
2019-10-02 11:15:54,932 [Thread-5388] INFO  snapshot.OzoneManagerSnapshotProvider (OzoneManagerSnapshotProvider.java:<init>(81)) - Initializing OM Snapshot Provider
2019-10-02 11:15:54,932 [pool-1162-thread-1] INFO  server.RaftServerConfigKeys (ConfUtils.java:logGet(43)) - raft.server.sleep.deviation.threshold = 300 (default)
2019-10-02 11:15:54,932 [pool-1162-thread-1] INFO  server.RaftServerConfigKeys (ConfUtils.java:logGet(43)) - raft.server.log.appender.install.snapshot.enabled = false (custom)
2019-10-02 11:15:54,932 [pool-1162-thread-1] INFO  impl.RaftServerImpl (ServerState.java:<init>(103)) - omNode-2@group-523986131536: ConfigurationManager, init=-1: [omNode-3:localhost:10104, omNode-1:localhost:10092, omNode-2:localhost:10098], old=null, confs=<EMPTY_MAP>
2019-10-02 11:15:54,933 [pool-1162-thread-1] INFO  server.RaftServerConfigKeys (ConfUtils.java:logGet(43)) - raft.server.storage.dir = [/workdir/hadoop-ozone/integration-test/target/test-dir/MiniOzoneClusterImpl-6b8b4e73-238b-464d-9ee8-997a354feda4/omNode-2/ratis] (custom)
2019-10-02 11:15:54,933 [Thread-5388] INFO  ipc.CallQueueManager (CallQueueManager.java:<init>(84)) - Using callQueue: class java.util.concurrent.LinkedBlockingQueue, queueCapacity: 2000, scheduler: class org.apache.hadoop.ipc.DefaultRpcScheduler, ipcBackoff: false.
2019-10-02 11:15:54,933 [pool-1162-thread-1] INFO  server.RaftServerConfigKeys (ConfUtils.java:logGet(43)) - raft.server.log.corruption.policy = EXCEPTION (default)
2019-10-02 11:15:54,933 [pool-1162-thread-1] INFO  storage.RaftStorageDirectory (RaftStorageDirectory.java:analyzeStorage(246)) - The storage directory /workdir/hadoop-ozone/integration-test/target/test-dir/MiniOzoneClusterImpl-6b8b4e73-238b-464d-9ee8-997a354feda4/omNode-2/ratis/c9bc4cf4-3bc3-3c60-a66b-523986131536 does not exist. Creating ...
2019-10-02 11:15:54,933 [Socket Reader #1 for port 10094] INFO  ipc.Server (Server.java:run(1074)) - Starting Socket Reader #1 for port 10094
2019-10-02 11:15:54,944 [Thread-5388] INFO  om.OzoneManager (OzoneManager.java:start(1243)) - OzoneManager RPC server is listening at localhost/127.0.0.1:10094
2019-10-02 11:15:54,944 [Thread-5388] INFO  impl.MetricsSystemImpl (MetricsSystemImpl.java:init(158)) - OzoneManager metrics system started (again)
2019-10-02 11:15:54,945 [Thread-5388] INFO  ratis.OzoneManagerRatisServer (OzoneManagerRatisServer.java:start(331)) - Starting OzoneManagerRatisServer omNode-2 at port 10098
2019-10-02 11:15:54,958 [pool-1162-thread-1] INFO  storage.RaftStorageDirectory (RaftStorageDirectory.java:tryLock(328)) - Lock on /workdir/hadoop-ozone/integration-test/target/test-dir/MiniOzoneClusterImpl-6b8b4e73-238b-464d-9ee8-997a354feda4/omNode-2/ratis/c9bc4cf4-3bc3-3c60-a66b-523986131536/in_use.lock acquired by nodename 25089@pr-hdds-2231-nwbjw-3761139207
2019-10-02 11:15:54,993 [pool-1162-thread-1] INFO  storage.RaftStorage (RaftStorage.java:format(84)) - Storage directory /workdir/hadoop-ozone/integration-test/target/test-dir/MiniOzoneClusterImpl-6b8b4e73-238b-464d-9ee8-997a354feda4/omNode-2/ratis/c9bc4cf4-3bc3-3c60-a66b-523986131536 has been successfully formatted.
2019-10-02 11:15:54,993 [pool-1162-thread-1] INFO  server.RaftServerConfigKeys (ConfUtils.java:logGet(43)) - raft.server.notification.no-leader.timeout = 2s (custom)
2019-10-02 11:15:54,993 [pool-1162-thread-1] INFO  server.RaftServerConfigKeys (ConfUtils.java:logGet(43)) - raft.server.log.use.memory = false (default)
2019-10-02 11:15:54,993 [pool-1162-thread-1] INFO  server.RaftServerConfigKeys (ConfUtils.java:logGet(43)) - raft.server.log.purge.gap = 50 (custom)
2019-10-02 11:15:54,993 [pool-1162-thread-1] INFO  server.RaftServerConfigKeys (ConfUtils.java:logGet(43)) - raft.server.log.appender.buffer.byte-limit = 33554432 (custom)
2019-10-02 11:15:54,994 [pool-1162-thread-1] INFO  server.RaftServerConfigKeys (ConfUtils.java:logGet(43)) - raft.server.log.segment.size.max = 16384 (custom)
2019-10-02 11:15:54,994 [pool-1162-thread-1] INFO  server.RaftServerConfigKeys (ConfUtils.java:logGet(43)) - raft.server.log.segment.cache.num.max = 2 (custom)
2019-10-02 11:15:54,994 [pool-1162-thread-1] INFO  segmented.SegmentedRaftLogWorker (SegmentedRaftLogWorker.java:<init>(173)) - new omNode-2@group-523986131536-SegmentedRaftLogWorker for RaftStorage:Storage Directory /workdir/hadoop-ozone/integration-test/target/test-dir/MiniOzoneClusterImpl-6b8b4e73-238b-464d-9ee8-997a354feda4/omNode-2/ratis/c9bc4cf4-3bc3-3c60-a66b-523986131536
2019-10-02 11:15:54,994 [pool-1162-thread-1] INFO  server.RaftServerConfigKeys (ConfUtils.java:logGet(43)) - raft.server.log.queue.byte-limit = 64MB (=67108864) (default)
2019-10-02 11:15:54,994 [pool-1162-thread-1] INFO  server.RaftServerConfigKeys (ConfUtils.java:logGet(43)) - raft.server.log.queue.element-limit = 4096 (default)
2019-10-02 11:15:54,994 [pool-1162-thread-1] INFO  server.RaftServerConfigKeys (ConfUtils.java:logGet(43)) - raft.server.log.segment.size.max = 16384 (custom)
2019-10-02 11:15:54,994 [pool-1162-thread-1] INFO  server.RaftServerConfigKeys (ConfUtils.java:logGet(43)) - raft.server.log.preallocated.size = 16384 (custom)
2019-10-02 11:15:54,994 [pool-1162-thread-1] INFO  server.RaftServerConfigKeys (ConfUtils.java:logGet(43)) - raft.server.log.write.buffer.size = 64KB (=65536) (default)
2019-10-02 11:15:54,994 [pool-1162-thread-1] INFO  server.RaftServerConfigKeys (ConfUtils.java:logGet(43)) - raft.server.log.force.sync.num = 128 (default)
2019-10-02 11:15:54,994 [pool-1162-thread-1] INFO  server.RaftServerConfigKeys (ConfUtils.java:logGet(43)) - raft.server.log.statemachine.data.sync = true (default)
2019-10-02 11:15:54,994 [pool-1162-thread-1] INFO  server.RaftServerConfigKeys (ConfUtils.java:logGet(43)) - raft.server.log.statemachine.data.sync.timeout = 10s (default)
2019-10-02 11:15:54,994 [pool-1162-thread-1] INFO  server.RaftServerConfigKeys (ConfUtils.java:logGet(43)) - raft.server.log.statemachine.data.sync.timeout.retry = -1 (default)
2019-10-02 11:15:54,995 [pool-1162-thread-1] INFO  server.RaftServerConfigKeys (ConfUtils.java:logGet(43)) - raft.server.log.statemachine.data.caching.enabled = false (default)
2019-10-02 11:15:54,995 [pool-1162-thread-1] INFO  segmented.SegmentedRaftLogWorker (SegmentedRaftLogWorker.java:lambda$new$0(128)) - omNode-2@group-523986131536-SegmentedRaftLogWorker: flushIndex: setUnconditionally 0 -> -1
2019-10-02 11:15:54,995 [pool-1162-thread-1] INFO  server.RaftServerConfigKeys (ConfUtils.java:logGet(43)) - raft.server.snapshot.auto.trigger.enabled = true (custom)
2019-10-02 11:15:54,995 [pool-1162-thread-1] INFO  server.RaftServerConfigKeys (ConfUtils.java:logGet(43)) - raft.server.snapshot.auto.trigger.threshold = 50 (custom)
2019-10-02 11:15:54,995 [pool-1162-thread-1] INFO  server.RaftServerConfigKeys (ConfUtils.java:logGet(43)) - raft.server.snapshot.retention.file.num = -1 (default)
2019-10-02 11:15:54,995 [pool-1162-thread-1] INFO  server.RaftServerConfigKeys (ConfUtils.java:logGet(43)) - raft.server.retrycache.expirytime = 600000ms (custom)
2019-10-02 11:15:54,999 [Thread-5388] INFO  impl.RaftServerImpl (RaftServerImpl.java:start(181)) - omNode-2@group-523986131536: start as a follower, conf=-1: [omNode-3:localhost:10104, omNode-1:localhost:10092, omNode-2:localhost:10098], old=null
2019-10-02 11:15:54,999 [Thread-5388] INFO  impl.RaftServerImpl (RaftServerImpl.java:setRole(170)) - omNode-2@group-523986131536: changes role from      null to FOLLOWER at term 0 for startAsFollower
2019-10-02 11:15:54,999 [Thread-5388] INFO  impl.RoleInfo (RoleInfo.java:updateAndGet(143)) - omNode-2: start FollowerState
2019-10-02 11:15:54,999 [Thread-5388] INFO  util.JmxRegister (JmxRegister.java:tryRegister(44)) - Successfully registered JMX Bean with object name Ratis:service=RaftServer,group=group-523986131536,id=omNode-2
2019-10-02 11:15:55,002 [Thread-5388] INFO  impl.RaftServerProxy (RaftServerProxy.java:lambda$start$3(299)) - omNode-2: start RPC server
2019-10-02 11:15:55,002 [Thread-5388] INFO  server.GrpcService (GrpcService.java:startImpl(158)) - omNode-2: GrpcService started, listening on 0.0.0.0/0.0.0.0:10098
2019-10-02 11:15:55,003 [IPC Server Responder] INFO  ipc.Server (Server.java:run(1314)) - IPC Server Responder: starting
2019-10-02 11:15:55,003 [IPC Server listener on 10094] INFO  ipc.Server (Server.java:run(1153)) - IPC Server listener on 10094: starting
2019-10-02 11:15:55,010 [Thread-5388] INFO  hdfs.DFSUtil (DFSUtil.java:httpServerTemplateForNNAndJN(1641)) - Starting Web-server for ozoneManager at: http://0.0.0.0:10096
2019-10-02 11:15:55,011 [Thread-5388] INFO  server.AuthenticationFilter (AuthenticationFilter.java:constructSecretProvider(240)) - Unable to initialize FileSignerSecretProvider, falling back to use random secrets.
2019-10-02 11:15:55,011 [Thread-5388] WARN  http.HttpRequestLog (HttpRequestLog.java:getRequestLog(97)) - Jetty request log can only be enabled using Log4j
2019-10-02 11:15:55,012 [Thread-5388] INFO  http.HttpServer2 (HttpServer2.java:addGlobalFilter(975)) - Added global filter 'safety' (class=org.apache.hadoop.http.HttpServer2$QuotingInputFilter)
2019-10-02 11:15:55,013 [Thread-5388] INFO  http.HttpServer2 (HttpServer2.java:addFilter(948)) - Added filter static_user_filter (class=org.apache.hadoop.http.lib.StaticUserWebFilter$StaticUserFilter) to context ozoneManager
2019-10-02 11:15:55,013 [Thread-5388] INFO  http.HttpServer2 (HttpServer2.java:addFilter(958)) - Added filter static_user_filter (class=org.apache.hadoop.http.lib.StaticUserWebFilter$StaticUserFilter) to context logs
2019-10-02 11:15:55,013 [Thread-5388] INFO  http.HttpServer2 (HttpServer2.java:addFilter(958)) - Added filter static_user_filter (class=org.apache.hadoop.http.lib.StaticUserWebFilter$StaticUserFilter) to context static
2019-10-02 11:15:55,013 [Thread-5388] INFO  http.HttpServer2 (HttpServer2.java:bindListener(1191)) - Jetty bound to port 10096
2019-10-02 11:15:55,014 [Thread-5388] INFO  server.Server (Server.java:doStart(351)) - jetty-9.3.25.v20180904, build timestamp: 2018-09-04T21:11:46Z, git hash: 3ce520221d0240229c862b122d2b06c12a625732
2019-10-02 11:15:55,015 [Thread-5388] INFO  handler.ContextHandler (ContextHandler.java:doStart(781)) - Started o.e.j.s.ServletContextHandler@43f15680{/logs,file:///workdir/hadoop-ozone/integration-test/target/log,AVAILABLE}
2019-10-02 11:15:55,015 [Thread-5388] INFO  handler.ContextHandler (ContextHandler.java:doStart(781)) - Started o.e.j.s.ServletContextHandler@1cc74149{/static,file:///workdir/hadoop-ozone/integration-test/target/test-classes/webapps/static,AVAILABLE}
2019-10-02 11:15:55,018 [Thread-5388] INFO  handler.ContextHandler (ContextHandler.java:doStart(781)) - Started o.e.j.w.WebAppContext@7d4a6bde{/,file:///workdir/hadoop-ozone/integration-test/target/test-classes/webapps/ozoneManager/,AVAILABLE}{/ozoneManager}
2019-10-02 11:15:55,019 [Thread-5388] INFO  server.AbstractConnector (AbstractConnector.java:doStart(278)) - Started ServerConnector@713d693c{HTTP/1.1,[http/1.1]}{0.0.0.0:10096}
2019-10-02 11:15:55,019 [Thread-5388] INFO  server.Server (Server.java:doStart(419)) - Started @367337ms
2019-10-02 11:15:55,021 [Thread-5388] WARN  impl.MetricsSystemImpl (MetricsSystemImpl.java:register(276)) - Sink prometheus already exists!
2019-10-02 11:15:55,021 [Thread-5388] INFO  server.BaseHttpServer (BaseHttpServer.java:updateConnectorAddress(215)) - HTTP server of OZONEMANAGER is listening at http://0.0.0.0:10096
2019-10-02 11:15:55,022 [Thread-5388] INFO  ozone.MiniOzoneHAClusterImpl (MiniOzoneHAClusterImpl.java:createOMService(274)) - Started OzoneManager RPC server at localhost/127.0.0.1:10094
2019-10-02 11:15:55,022 [Thread-5388] WARN  server.ServerUtils (ServerUtils.java:getDBPath(222)) - ozone.om.db.dirs is not configured. We recommend adding this setting. Falling back to ozone.metadata.dirs instead.
2019-10-02 11:15:55,053 [Thread-5388] WARN  server.ServerUtils (ServerUtils.java:getDBPath(222)) - ozone.om.db.dirs is not configured. We recommend adding this setting. Falling back to ozone.metadata.dirs instead.
2019-10-02 11:15:55,053 [Thread-5388] WARN  server.ServerUtils (ServerUtils.java:getDBPath(222)) - ozone.om.db.dirs is not configured. We recommend adding this setting. Falling back to ozone.metadata.dirs instead.
2019-10-02 11:15:55,053 [Thread-5388] INFO  om.OzoneManager (OzoneManager.java:setOMNodeSpecificConfigs(698)) - Setting configuration key ozone.om.http-address with value of key ozone.om.http-address.omNode-3: 127.0.0.1:10102
2019-10-02 11:15:55,053 [Thread-5388] INFO  om.OzoneManager (OzoneManager.java:setOMNodeSpecificConfigs(698)) - Setting configuration key ozone.om.https-address with value of key ozone.om.https-address.omNode-3: 127.0.0.1:10103
2019-10-02 11:15:55,053 [Thread-5388] INFO  om.OzoneManager (OzoneManager.java:loadOMHAConfigs(609)) - Found matching OM address with OMServiceId: om-service-test1, OMNodeId: omNode-3, RPC Address: localhost:10100 and Ratis port: 10104
2019-10-02 11:15:55,067 [Thread-5388] WARN  server.ServerUtils (ServerUtils.java:getDBPath(222)) - ozone.om.db.dirs is not configured. We recommend adding this setting. Falling back to ozone.metadata.dirs instead.
2019-10-02 11:15:55,068 [Thread-5388] INFO  db.DBStoreBuilder (DBStoreBuilder.java:addTable(110)) - using custom profile for table: userTable
2019-10-02 11:15:55,068 [Thread-5388] INFO  db.DBStoreBuilder (DBStoreBuilder.java:processTables(161)) - Using default column profile:DBProfile.DISK for Table:userTable
2019-10-02 11:15:55,068 [Thread-5388] INFO  db.DBStoreBuilder (DBStoreBuilder.java:addTable(110)) - using custom profile for table: volumeTable
2019-10-02 11:15:55,068 [Thread-5388] INFO  db.DBStoreBuilder (DBStoreBuilder.java:processTables(161)) - Using default column profile:DBProfile.DISK for Table:volumeTable
2019-10-02 11:15:55,068 [Thread-5388] INFO  db.DBStoreBuilder (DBStoreBuilder.java:addTable(110)) - using custom profile for table: bucketTable
2019-10-02 11:15:55,068 [Thread-5388] INFO  db.DBStoreBuilder (DBStoreBuilder.java:processTables(161)) - Using default column profile:DBProfile.DISK for Table:bucketTable
2019-10-02 11:15:55,068 [Thread-5388] INFO  db.DBStoreBuilder (DBStoreBuilder.java:addTable(110)) - using custom profile for table: keyTable
2019-10-02 11:15:55,068 [Thread-5388] INFO  db.DBStoreBuilder (DBStoreBuilder.java:processTables(161)) - Using default column profile:DBProfile.DISK for Table:keyTable
2019-10-02 11:15:55,069 [Thread-5388] INFO  db.DBStoreBuilder (DBStoreBuilder.java:addTable(110)) - using custom profile for table: deletedTable
2019-10-02 11:15:55,069 [Thread-5388] INFO  db.DBStoreBuilder (DBStoreBuilder.java:processTables(161)) - Using default column profile:DBProfile.DISK for Table:deletedTable
2019-10-02 11:15:55,069 [Thread-5388] INFO  db.DBStoreBuilder (DBStoreBuilder.java:addTable(110)) - using custom profile for table: openKeyTable
2019-10-02 11:15:55,069 [Thread-5388] INFO  db.DBStoreBuilder (DBStoreBuilder.java:processTables(161)) - Using default column profile:DBProfile.DISK for Table:openKeyTable
2019-10-02 11:15:55,069 [Thread-5388] INFO  db.DBStoreBuilder (DBStoreBuilder.java:addTable(110)) - using custom profile for table: s3Table
2019-10-02 11:15:55,069 [Thread-5388] INFO  db.DBStoreBuilder (DBStoreBuilder.java:processTables(161)) - Using default column profile:DBProfile.DISK for Table:s3Table
2019-10-02 11:15:55,069 [Thread-5388] INFO  db.DBStoreBuilder (DBStoreBuilder.java:addTable(110)) - using custom profile for table: multipartInfoTable
2019-10-02 11:15:55,069 [Thread-5388] INFO  db.DBStoreBuilder (DBStoreBuilder.java:processTables(161)) - Using default column profile:DBProfile.DISK for Table:multipartInfoTable
2019-10-02 11:15:55,070 [Thread-5388] INFO  db.DBStoreBuilder (DBStoreBuilder.java:addTable(110)) - using custom profile for table: dTokenTable
2019-10-02 11:15:55,070 [Thread-5388] INFO  db.DBStoreBuilder (DBStoreBuilder.java:processTables(161)) - Using default column profile:DBProfile.DISK for Table:dTokenTable
2019-10-02 11:15:55,070 [Thread-5388] INFO  db.DBStoreBuilder (DBStoreBuilder.java:addTable(110)) - using custom profile for table: s3SecretTable
2019-10-02 11:15:55,070 [Thread-5388] INFO  db.DBStoreBuilder (DBStoreBuilder.java:processTables(161)) - Using default column profile:DBProfile.DISK for Table:s3SecretTable
2019-10-02 11:15:55,070 [Thread-5388] INFO  db.DBStoreBuilder (DBStoreBuilder.java:addTable(110)) - using custom profile for table: prefixTable
2019-10-02 11:15:55,070 [Thread-5388] INFO  db.DBStoreBuilder (DBStoreBuilder.java:processTables(161)) - Using default column profile:DBProfile.DISK for Table:prefixTable
2019-10-02 11:15:55,070 [Thread-5388] INFO  db.DBStoreBuilder (DBStoreBuilder.java:addTable(110)) - using custom profile for table: default
2019-10-02 11:15:55,070 [Thread-5388] INFO  db.DBStoreBuilder (DBStoreBuilder.java:processTables(167)) - Using default column profile:DBProfile.DISK for Table:default
2019-10-02 11:15:55,070 [Thread-5388] INFO  db.DBStoreBuilder (DBStoreBuilder.java:getDbProfile(198)) - Using default options. DBProfile.DISK
2019-10-02 11:15:55,145 [Thread-5481] INFO  impl.FollowerState (FollowerState.java:run(108)) - omNode-1@group-523986131536-FollowerState: change to CANDIDATE, lastRpcTime:1048ms, electionTimeout:1048ms
2019-10-02 11:15:55,145 [Thread-5481] INFO  impl.RoleInfo (RoleInfo.java:shutdownFollowerState(121)) - omNode-1: shutdown FollowerState
2019-10-02 11:15:55,145 [Thread-5481] INFO  impl.RaftServerImpl (RaftServerImpl.java:setRole(170)) - omNode-1@group-523986131536: changes role from  FOLLOWER to CANDIDATE at term 0 for changeToCandidate
2019-10-02 11:15:55,146 [Thread-5481] INFO  impl.RoleInfo (RoleInfo.java:updateAndGet(143)) - omNode-1: start LeaderElection
2019-10-02 11:15:55,167 [omNode-1@group-523986131536-LeaderElection37] INFO  impl.LeaderElection (LeaderElection.java:askForVotes(178)) - omNode-1@group-523986131536-LeaderElection37: begin an election at term 1 for -1: [omNode-3:localhost:10104, omNode-1:localhost:10092, omNode-2:localhost:10098], old=null
2019-10-02 11:15:55,176 [omNode-1@group-523986131536-LeaderElection37] INFO  impl.LeaderElection (LogUtils.java:infoOrTrace(149)) - omNode-1@group-523986131536-LeaderElection37 got exception when requesting votes: {}
java.util.concurrent.ExecutionException: org.apache.ratis.thirdparty.io.grpc.StatusRuntimeException: UNAVAILABLE: io exception
	at java.util.concurrent.FutureTask.report(FutureTask.java:122)
	at java.util.concurrent.FutureTask.get(FutureTask.java:192)
	at org.apache.ratis.server.impl.LeaderElection.waitForResults(LeaderElection.java:259)
	at org.apache.ratis.server.impl.LeaderElection.askForVotes(LeaderElection.java:197)
	at org.apache.ratis.server.impl.LeaderElection.run(LeaderElection.java:133)
	at java.lang.Thread.run(Thread.java:748)
Caused by: org.apache.ratis.thirdparty.io.grpc.StatusRuntimeException: UNAVAILABLE: io exception
	at org.apache.ratis.thirdparty.io.grpc.stub.ClientCalls.toStatusRuntimeException(ClientCalls.java:233)
	at org.apache.ratis.thirdparty.io.grpc.stub.ClientCalls.getUnchecked(ClientCalls.java:214)
	at org.apache.ratis.thirdparty.io.grpc.stub.ClientCalls.blockingUnaryCall(ClientCalls.java:139)
	at org.apache.ratis.proto.grpc.RaftServerProtocolServiceGrpc$RaftServerProtocolServiceBlockingStub.requestVote(RaftServerProtocolServiceGrpc.java:265)
	at org.apache.ratis.grpc.server.GrpcServerProtocolClient.requestVote(GrpcServerProtocolClient.java:99)
	at org.apache.ratis.grpc.server.GrpcService.requestVote(GrpcService.java:204)
	at org.apache.ratis.server.impl.LeaderElection.lambda$submitRequests$1(LeaderElection.java:234)
	at java.util.concurrent.FutureTask.run(FutureTask.java:266)
	at java.util.concurrent.Executors$RunnableAdapter.call(Executors.java:511)
	at java.util.concurrent.FutureTask.run(FutureTask.java:266)
	at java.util.concurrent.ThreadPoolExecutor.runWorker(ThreadPoolExecutor.java:1149)
	at java.util.concurrent.ThreadPoolExecutor$Worker.run(ThreadPoolExecutor.java:624)
	... 1 more
Caused by: org.apache.ratis.thirdparty.io.netty.channel.AbstractChannel$AnnotatedConnectException: Connection refused: localhost/127.0.0.1:10104
	at sun.nio.ch.SocketChannelImpl.checkConnect(Native Method)
	at sun.nio.ch.SocketChannelImpl.finishConnect(SocketChannelImpl.java:717)
	at org.apache.ratis.thirdparty.io.netty.channel.socket.nio.NioSocketChannel.doFinishConnect(NioSocketChannel.java:327)
	at org.apache.ratis.thirdparty.io.netty.channel.nio.AbstractNioChannel$AbstractNioUnsafe.finishConnect(AbstractNioChannel.java:340)
	at org.apache.ratis.thirdparty.io.netty.channel.nio.NioEventLoop.processSelectedKey(NioEventLoop.java:632)
	at org.apache.ratis.thirdparty.io.netty.channel.nio.NioEventLoop.processSelectedKeysOptimized(NioEventLoop.java:579)
	at org.apache.ratis.thirdparty.io.netty.channel.nio.NioEventLoop.processSelectedKeys(NioEventLoop.java:496)
	at org.apache.ratis.thirdparty.io.netty.channel.nio.NioEventLoop.run(NioEventLoop.java:458)
	at org.apache.ratis.thirdparty.io.netty.util.concurrent.SingleThreadEventExecutor$5.run(SingleThreadEventExecutor.java:897)
	at org.apache.ratis.thirdparty.io.netty.util.concurrent.FastThreadLocalRunnable.run(FastThreadLocalRunnable.java:30)
	... 1 more
Caused by: java.net.ConnectException: Connection refused
	... 11 more
2019-10-02 11:15:55,180 [grpc-default-executor-5] INFO  impl.RaftServerImpl (RaftServerImpl.java:setRole(170)) - omNode-2@group-523986131536: changes role from  FOLLOWER to FOLLOWER at term 1 for recognizeCandidate:omNode-1
2019-10-02 11:15:55,181 [grpc-default-executor-5] INFO  impl.RoleInfo (RoleInfo.java:shutdownFollowerState(121)) - omNode-2: shutdown FollowerState
2019-10-02 11:15:55,181 [grpc-default-executor-5] INFO  impl.RoleInfo (RoleInfo.java:updateAndGet(143)) - omNode-2: start FollowerState
2019-10-02 11:15:55,181 [Thread-5519] INFO  impl.FollowerState (FollowerState.java:run(117)) - omNode-2@group-523986131536-FollowerState was interrupted: java.lang.InterruptedException: sleep interrupted
2019-10-02 11:15:55,214 [omNode-1@group-523986131536-LeaderElection37] INFO  impl.LeaderElection (LeaderElection.java:logAndReturn(56)) - omNode-1@group-523986131536-LeaderElection37: Election PASSED; received 1 response(s) [omNode-1<-omNode-2#0:OK-t1] and 1 exception(s); omNode-1@group-523986131536:t1, leader=null, voted=omNode-1, raftlog=omNode-1@group-523986131536-SegmentedRaftLog:OPENED:c-1,f-1,i0, conf=-1: [omNode-3:localhost:10104, omNode-1:localhost:10092, omNode-2:localhost:10098], old=null
2019-10-02 11:15:55,214 [omNode-1@group-523986131536-LeaderElection37] INFO  impl.LeaderElection (LogUtils.java:infoOrTrace(149)) -   Exception 0: {}
java.util.concurrent.ExecutionException: org.apache.ratis.thirdparty.io.grpc.StatusRuntimeException: UNAVAILABLE: io exception
	at java.util.concurrent.FutureTask.report(FutureTask.java:122)
	at java.util.concurrent.FutureTask.get(FutureTask.java:192)
	at org.apache.ratis.server.impl.LeaderElection.waitForResults(LeaderElection.java:259)
	at org.apache.ratis.server.impl.LeaderElection.askForVotes(LeaderElection.java:197)
	at org.apache.ratis.server.impl.LeaderElection.run(LeaderElection.java:133)
	at java.lang.Thread.run(Thread.java:748)
Caused by: org.apache.ratis.thirdparty.io.grpc.StatusRuntimeException: UNAVAILABLE: io exception
	at org.apache.ratis.thirdparty.io.grpc.stub.ClientCalls.toStatusRuntimeException(ClientCalls.java:233)
	at org.apache.ratis.thirdparty.io.grpc.stub.ClientCalls.getUnchecked(ClientCalls.java:214)
	at org.apache.ratis.thirdparty.io.grpc.stub.ClientCalls.blockingUnaryCall(ClientCalls.java:139)
	at org.apache.ratis.proto.grpc.RaftServerProtocolServiceGrpc$RaftServerProtocolServiceBlockingStub.requestVote(RaftServerProtocolServiceGrpc.java:265)
	at org.apache.ratis.grpc.server.GrpcServerProtocolClient.requestVote(GrpcServerProtocolClient.java:99)
	at org.apache.ratis.grpc.server.GrpcService.requestVote(GrpcService.java:204)
	at org.apache.ratis.server.impl.LeaderElection.lambda$submitRequests$1(LeaderElection.java:234)
	at java.util.concurrent.FutureTask.run(FutureTask.java:266)
	at java.util.concurrent.Executors$RunnableAdapter.call(Executors.java:511)
	at java.util.concurrent.FutureTask.run(FutureTask.java:266)
	at java.util.concurrent.ThreadPoolExecutor.runWorker(ThreadPoolExecutor.java:1149)
	at java.util.concurrent.ThreadPoolExecutor$Worker.run(ThreadPoolExecutor.java:624)
	... 1 more
Caused by: org.apache.ratis.thirdparty.io.netty.channel.AbstractChannel$AnnotatedConnectException: Connection refused: localhost/127.0.0.1:10104
	at sun.nio.ch.SocketChannelImpl.checkConnect(Native Method)
	at sun.nio.ch.SocketChannelImpl.finishConnect(SocketChannelImpl.java:717)
	at org.apache.ratis.thirdparty.io.netty.channel.socket.nio.NioSocketChannel.doFinishConnect(NioSocketChannel.java:327)
	at org.apache.ratis.thirdparty.io.netty.channel.nio.AbstractNioChannel$AbstractNioUnsafe.finishConnect(AbstractNioChannel.java:340)
	at org.apache.ratis.thirdparty.io.netty.channel.nio.NioEventLoop.processSelectedKey(NioEventLoop.java:632)
	at org.apache.ratis.thirdparty.io.netty.channel.nio.NioEventLoop.processSelectedKeysOptimized(NioEventLoop.java:579)
	at org.apache.ratis.thirdparty.io.netty.channel.nio.NioEventLoop.processSelectedKeys(NioEventLoop.java:496)
	at org.apache.ratis.thirdparty.io.netty.channel.nio.NioEventLoop.run(NioEventLoop.java:458)
	at org.apache.ratis.thirdparty.io.netty.util.concurrent.SingleThreadEventExecutor$5.run(SingleThreadEventExecutor.java:897)
	at org.apache.ratis.thirdparty.io.netty.util.concurrent.FastThreadLocalRunnable.run(FastThreadLocalRunnable.java:30)
	... 1 more
Caused by: java.net.ConnectException: Connection refused
	... 11 more
2019-10-02 11:15:55,214 [omNode-1@group-523986131536-LeaderElection37] INFO  impl.RoleInfo (RoleInfo.java:shutdownLeaderElection(134)) - omNode-1: shutdown LeaderElection
2019-10-02 11:15:55,214 [omNode-1@group-523986131536-LeaderElection37] INFO  impl.RaftServerImpl (RaftServerImpl.java:setRole(170)) - omNode-1@group-523986131536: changes role from CANDIDATE to LEADER at term 1 for changeToLeader
2019-10-02 11:15:55,216 [omNode-1@group-523986131536-LeaderElection37] INFO  impl.RaftServerImpl (ServerState.java:setLeader(255)) - omNode-1@group-523986131536: change Leader from null to omNode-1 at term 1 for becomeLeader, leader elected after 1126ms
2019-10-02 11:15:55,216 [omNode-1@group-523986131536-LeaderElection37] INFO  server.RaftServerConfigKeys (ConfUtils.java:logGet(43)) - raft.server.staging.catchup.gap = 1000 (default)
2019-10-02 11:15:55,216 [omNode-1@group-523986131536-LeaderElection37] INFO  server.RaftServerConfigKeys (ConfUtils.java:logGet(43)) - raft.server.rpc.sleep.time = 25ms (default)
2019-10-02 11:15:55,216 [omNode-1@group-523986131536-LeaderElection37] INFO  server.RaftServerConfigKeys (ConfUtils.java:logGet(43)) - raft.server.write.element-limit = 4096 (default)
2019-10-02 11:15:55,216 [omNode-1@group-523986131536-LeaderElection37] INFO  server.RaftServerConfigKeys (ConfUtils.java:logGet(43)) - raft.server.watch.timeout = 10s (default)
2019-10-02 11:15:55,217 [omNode-1@group-523986131536-LeaderElection37] INFO  server.RaftServerConfigKeys (ConfUtils.java:logGet(43)) - raft.server.watch.timeout.denomination = 1s (default)
2019-10-02 11:15:55,217 [omNode-1@group-523986131536-LeaderElection37] INFO  server.RaftServerConfigKeys (ConfUtils.java:logGet(43)) - raft.server.watch.element-limit = 65536 (default)
2019-10-02 11:15:55,217 [omNode-1@group-523986131536-LeaderElection37] INFO  server.RaftServerConfigKeys (ConfUtils.java:logGet(43)) - raft.server.log.appender.snapshot.chunk.size.max = 16MB (=16777216) (default)
2019-10-02 11:15:55,217 [omNode-1@group-523986131536-LeaderElection37] INFO  server.RaftServerConfigKeys (ConfUtils.java:logGet(43)) - raft.server.log.appender.buffer.byte-limit = 33554432 (custom)
2019-10-02 11:15:55,217 [omNode-1@group-523986131536-LeaderElection37] INFO  server.RaftServerConfigKeys (ConfUtils.java:logGet(43)) - raft.server.log.appender.buffer.element-limit = 1024 (custom)
2019-10-02 11:15:55,218 [omNode-1@group-523986131536-LeaderElection37] INFO  grpc.GrpcConfigKeys$Server (ConfUtils.java:logGet(43)) - raft.grpc.server.leader.outstanding.appends.max = 128 (default)
2019-10-02 11:15:55,218 [omNode-1@group-523986131536-LeaderElection37] INFO  server.RaftServerConfigKeys (ConfUtils.java:logGet(43)) - raft.server.rpc.request.timeout = 3000ms (default)
2019-10-02 11:15:55,218 [omNode-1@group-523986131536-LeaderElection37] INFO  server.RaftServerConfigKeys (ConfUtils.java:logGet(43)) - raft.server.log.appender.install.snapshot.enabled = false (custom)
2019-10-02 11:15:55,218 [omNode-1@group-523986131536-LeaderElection37] INFO  server.RaftServerConfigKeys (ConfUtils.java:logGet(43)) - raft.server.log.appender.snapshot.chunk.size.max = 16MB (=16777216) (default)
2019-10-02 11:15:55,218 [omNode-1@group-523986131536-LeaderElection37] INFO  server.RaftServerConfigKeys (ConfUtils.java:logGet(43)) - raft.server.log.appender.buffer.byte-limit = 33554432 (custom)
2019-10-02 11:15:55,219 [omNode-1@group-523986131536-LeaderElection37] INFO  server.RaftServerConfigKeys (ConfUtils.java:logGet(43)) - raft.server.log.appender.buffer.element-limit = 1024 (custom)
2019-10-02 11:15:55,219 [omNode-1@group-523986131536-LeaderElection37] INFO  grpc.GrpcConfigKeys$Server (ConfUtils.java:logGet(43)) - raft.grpc.server.leader.outstanding.appends.max = 128 (default)
2019-10-02 11:15:55,219 [omNode-1@group-523986131536-LeaderElection37] INFO  server.RaftServerConfigKeys (ConfUtils.java:logGet(43)) - raft.server.rpc.request.timeout = 3000ms (default)
2019-10-02 11:15:55,219 [omNode-1@group-523986131536-LeaderElection37] INFO  server.RaftServerConfigKeys (ConfUtils.java:logGet(43)) - raft.server.log.appender.install.snapshot.enabled = false (custom)
2019-10-02 11:15:55,219 [omNode-1@group-523986131536-LeaderElection37] INFO  impl.RoleInfo (RoleInfo.java:updateAndGet(143)) - omNode-1: start LeaderState
2019-10-02 11:15:55,220 [omNode-1@group-523986131536-LeaderElection37] INFO  segmented.SegmentedRaftLogWorker (SegmentedRaftLogWorker.java:startLogSegment(385)) - omNode-1@group-523986131536-SegmentedRaftLogWorker: Starting segment from index:0
2019-10-02 11:15:55,220 [omNode-1@group-523986131536-LeaderElection37] INFO  impl.RaftServerImpl (ServerState.java:setRaftConf(356)) - omNode-1@group-523986131536: set configuration 0: [omNode-3:localhost:10104, omNode-1:localhost:10092, omNode-2:localhost:10098], old=null at 0
2019-10-02 11:15:55,225 [grpc-default-executor-5] WARN  server.GrpcLogAppender (LogUtils.java:warn(134)) - omNode-1@group-523986131536->omNode-3-AppendLogResponseHandler: Failed appendEntries: org.apache.ratis.thirdparty.io.grpc.StatusRuntimeException: UNAVAILABLE: io exception
2019-10-02 11:15:55,227 [grpc-default-executor-5] INFO  impl.FollowerInfo (FollowerInfo.java:lambda$new$0(51)) - omNode-1@group-523986131536->omNode-3: nextIndex: updateUnconditionally 0 -> 0
2019-10-02 11:15:55,228 [grpc-default-executor-4] INFO  impl.RaftServerImpl (ServerState.java:setLeader(255)) - omNode-2@group-523986131536: change Leader from null to omNode-1 at term 1 for appendEntries, leader elected after 235ms
2019-10-02 11:15:55,230 [grpc-default-executor-4] INFO  impl.RaftServerImpl (ServerState.java:setRaftConf(356)) - omNode-2@group-523986131536: set configuration 0: [omNode-3:localhost:10104, omNode-1:localhost:10092, omNode-2:localhost:10098], old=null at 0
2019-10-02 11:15:55,230 [grpc-default-executor-4] INFO  segmented.SegmentedRaftLogWorker (SegmentedRaftLogWorker.java:startLogSegment(385)) - omNode-2@group-523986131536-SegmentedRaftLogWorker: Starting segment from index:0
2019-10-02 11:15:55,245 [omNode-1@group-523986131536-SegmentedRaftLogWorker] INFO  segmented.SegmentedRaftLogWorker (SegmentedRaftLogWorker.java:execute(574)) - omNode-1@group-523986131536-SegmentedRaftLogWorker: created new log segment /workdir/hadoop-ozone/integration-test/target/test-dir/MiniOzoneClusterImpl-6b8b4e73-238b-464d-9ee8-997a354feda4/omNode-1/ratis/c9bc4cf4-3bc3-3c60-a66b-523986131536/current/log_inprogress_0
2019-10-02 11:15:55,250 [grpc-default-executor-6] WARN  server.GrpcLogAppender (LogUtils.java:warn(134)) - omNode-1@group-523986131536->omNode-3-AppendLogResponseHandler: Failed appendEntries: org.apache.ratis.thirdparty.io.grpc.StatusRuntimeException: UNAVAILABLE: io exception
2019-10-02 11:15:55,252 [grpc-default-executor-6] INFO  impl.FollowerInfo (FollowerInfo.java:lambda$new$0(51)) - omNode-1@group-523986131536->omNode-3: nextIndex: updateUnconditionally 1 -> 0
2019-10-02 11:15:55,257 [omNode-2@group-523986131536-SegmentedRaftLogWorker] INFO  segmented.SegmentedRaftLogWorker (SegmentedRaftLogWorker.java:execute(574)) - omNode-2@group-523986131536-SegmentedRaftLogWorker: created new log segment /workdir/hadoop-ozone/integration-test/target/test-dir/MiniOzoneClusterImpl-6b8b4e73-238b-464d-9ee8-997a354feda4/omNode-2/ratis/c9bc4cf4-3bc3-3c60-a66b-523986131536/current/log_inprogress_0
2019-10-02 11:15:55,751 [grpc-default-executor-6] WARN  server.GrpcLogAppender (LogUtils.java:warn(134)) - omNode-1@group-523986131536->omNode-3-AppendLogResponseHandler: Failed appendEntries: org.apache.ratis.thirdparty.io.grpc.StatusRuntimeException: UNAVAILABLE: io exception
2019-10-02 11:15:55,754 [grpc-default-executor-6] INFO  impl.FollowerInfo (FollowerInfo.java:lambda$new$0(51)) - omNode-1@group-523986131536->omNode-3: nextIndex: updateUnconditionally 0 -> 0
2019-10-02 11:15:55,823 [Thread-5388] WARN  scm.HddsServerUtil (HddsServerUtil.java:getDefaultRatisDirectory(354)) - Storage directory for Ratis is not configured. It is a good idea to map this to an SSD disk. Falling back to ozone.metadata.dirs
2019-10-02 11:15:55,826 [KeyDeletingService#0] WARN  utils.BackgroundService (BackgroundService.java:lambda$run$0(135)) - Background task fails to execute, retrying in next interval
java.util.concurrent.ExecutionException: java.lang.NullPointerException
	at java.util.concurrent.FutureTask.report(FutureTask.java:122)
	at java.util.concurrent.FutureTask.get(FutureTask.java:206)
	at org.apache.hadoop.hdds.utils.BackgroundService$PeriodicalTask.lambda$run$0(BackgroundService.java:129)
	at java.util.stream.ForEachOps$ForEachOp$OfRef.accept(ForEachOps.java:184)
	at java.util.ArrayList$ArrayListSpliterator.forEachRemaining(ArrayList.java:1382)
	at java.util.stream.AbstractPipeline.copyInto(AbstractPipeline.java:482)
	at java.util.stream.ForEachOps$ForEachTask.compute(ForEachOps.java:291)
	at java.util.concurrent.CountedCompleter.exec(CountedCompleter.java:731)
	at java.util.concurrent.ForkJoinTask.doExec(ForkJoinTask.java:289)
	at java.util.concurrent.ForkJoinTask.doInvoke(ForkJoinTask.java:401)
	at java.util.concurrent.ForkJoinTask.invoke(ForkJoinTask.java:734)
	at java.util.stream.ForEachOps$ForEachOp.evaluateParallel(ForEachOps.java:160)
	at java.util.stream.ForEachOps$ForEachOp$OfRef.evaluateParallel(ForEachOps.java:174)
	at java.util.stream.AbstractPipeline.evaluate(AbstractPipeline.java:233)
	at java.util.stream.ReferencePipeline.forEach(ReferencePipeline.java:418)
	at java.util.stream.ReferencePipeline$Head.forEach(ReferencePipeline.java:583)
	at org.apache.hadoop.hdds.utils.BackgroundService$PeriodicalTask.run(BackgroundService.java:125)
	at java.util.concurrent.Executors$RunnableAdapter.call(Executors.java:511)
	at java.util.concurrent.FutureTask.runAndReset(FutureTask.java:308)
	at java.util.concurrent.ScheduledThreadPoolExecutor$ScheduledFutureTask.access$301(ScheduledThreadPoolExecutor.java:180)
	at java.util.concurrent.ScheduledThreadPoolExecutor$ScheduledFutureTask.run(ScheduledThreadPoolExecutor.java:294)
	at java.util.concurrent.ThreadPoolExecutor.runWorker(ThreadPoolExecutor.java:1149)
	at java.util.concurrent.ThreadPoolExecutor$Worker.run(ThreadPoolExecutor.java:624)
	at java.lang.Thread.run(Thread.java:748)
Caused by: java.lang.NullPointerException
	at org.apache.hadoop.ozone.om.OzoneManager.isLeader(OzoneManager.java:3430)
	at org.apache.hadoop.ozone.om.KeyDeletingService.shouldRun(KeyDeletingService.java:120)
	at org.apache.hadoop.ozone.om.KeyDeletingService.access$100(KeyDeletingService.java:58)
	at org.apache.hadoop.ozone.om.KeyDeletingService$KeyDeletingTask.call(KeyDeletingService.java:149)
	at org.apache.hadoop.ozone.om.KeyDeletingService$KeyDeletingTask.call(KeyDeletingService.java:137)
	at java.util.concurrent.FutureTask.run(FutureTask.java:266)
	at java.util.concurrent.Executors$RunnableAdapter.call(Executors.java:511)
	at java.util.concurrent.FutureTask.run(FutureTask.java:266)
	at java.util.concurrent.Executors$RunnableAdapter.call(Executors.java:511)
	at java.util.concurrent.FutureTask.run(FutureTask.java:266)
	at java.util.concurrent.ScheduledThreadPoolExecutor$ScheduledFutureTask.access$201(ScheduledThreadPoolExecutor.java:180)
	at java.util.concurrent.ScheduledThreadPoolExecutor$ScheduledFutureTask.run(ScheduledThreadPoolExecutor.java:293)
	... 3 more
2019-10-02 11:15:55,826 [Thread-5388] INFO  ratis.OzoneManagerRatisServer (OzoneManagerRatisServer.java:<init>(241)) - Instantiating OM Ratis server with GroupID: om-service-test1 and Raft Peers: localhost:10104, localhost:10092, localhost:10098
2019-10-02 11:15:55,829 [Thread-5388] INFO  impl.RaftServerProxy (ConfUtils.java:logGet(43)) - raft.rpc.type = GRPC (default)
2019-10-02 11:15:55,830 [Thread-5388] INFO  grpc.GrpcFactory (GrpcFactory.java:checkPooledByteBufAllocatorUseCacheForAllThreads(45)) - PERFORMANCE WARNING: useCacheForAllThreads is true that may cause Netty to create a lot garbage objects and, as a result, trigger GC.
	It is recommended to disable useCacheForAllThreads by setting -Dorg.apache.ratis.thirdparty.io.netty.allocator.useCacheForAllThreads=false in command line.
2019-10-02 11:15:55,830 [Thread-5388] INFO  grpc.GrpcConfigKeys$Server (ConfUtils.java:logGet(43)) - raft.grpc.server.port = 10104 (custom)
2019-10-02 11:15:55,830 [Thread-5388] INFO  server.GrpcService (ConfUtils.java:logGet(43)) - raft.grpc.message.size.max = 33554432 (custom)
2019-10-02 11:15:55,830 [Thread-5388] INFO  server.RaftServerConfigKeys (ConfUtils.java:logGet(43)) - raft.server.log.appender.buffer.byte-limit = 33554432 (custom)
2019-10-02 11:15:55,830 [Thread-5388] INFO  server.GrpcService (ConfUtils.java:logGet(43)) - raft.grpc.flow.control.window = 1MB (=1048576) (default)
2019-10-02 11:15:55,831 [Thread-5388] INFO  server.RaftServerConfigKeys (ConfUtils.java:logGet(43)) - raft.server.rpc.request.timeout = 3000ms (default)
2019-10-02 11:15:55,831 [Thread-5388] INFO  server.RaftServerConfigKeys (ConfUtils.java:logGet(43)) - raft.server.storage.dir = [/workdir/hadoop-ozone/integration-test/target/test-dir/MiniOzoneClusterImpl-6b8b4e73-238b-464d-9ee8-997a354feda4/omNode-3/ratis] (custom)
2019-10-02 11:15:55,832 [Thread-5388] INFO  impl.RaftServerProxy (RaftServerProxy.java:addNew(89)) - omNode-3: addNew group-523986131536:[omNode-3:localhost:10104, omNode-1:localhost:10092, omNode-2:localhost:10098] returns group-523986131536:java.util.concurrent.CompletableFuture@68ffc538[Not completed]
2019-10-02 11:15:55,832 [pool-1178-thread-1] INFO  impl.RaftServerImpl (RaftServerImpl.java:<init>(95)) - omNode-3: new RaftServerImpl for group-523986131536:[omNode-3:localhost:10104, omNode-1:localhost:10092, omNode-2:localhost:10098] with OzoneManagerStateMachine:uninitialized
2019-10-02 11:15:55,832 [Thread-5388] INFO  om.OzoneManager (OzoneManager.java:initializeRatisServer(1389)) - OzoneManager Ratis server initialized at port 10104
2019-10-02 11:15:55,832 [pool-1178-thread-1] INFO  server.RaftServerConfigKeys (ConfUtils.java:logGet(43)) - raft.server.rpc.timeout.min = 1s (custom)
2019-10-02 11:15:55,832 [Thread-5388] WARN  scm.HddsServerUtil (HddsServerUtil.java:getDefaultRatisDirectory(354)) - Storage directory for Ratis is not configured. It is a good idea to map this to an SSD disk. Falling back to ozone.metadata.dirs
2019-10-02 11:15:55,832 [pool-1178-thread-1] INFO  server.RaftServerConfigKeys (ConfUtils.java:logGet(43)) - raft.server.rpc.timeout.max = 1200ms (custom)
2019-10-02 11:15:55,833 [Thread-5388] WARN  scm.HddsServerUtil (HddsServerUtil.java:getDefaultRatisDirectory(354)) - Storage directory for Ratis is not configured. It is a good idea to map this to an SSD disk. Falling back to ozone.metadata.dirs
2019-10-02 11:15:55,833 [pool-1178-thread-1] INFO  server.RaftServerConfigKeys (ConfUtils.java:logGet(43)) - raft.server.rpcslowness.timeout = 2s (custom)
2019-10-02 11:15:55,833 [pool-1178-thread-1] INFO  server.RaftServerConfigKeys (ConfUtils.java:logGet(43)) - raft.server.sleep.deviation.threshold = 300 (default)
2019-10-02 11:15:55,833 [Thread-5388] INFO  snapshot.OzoneManagerSnapshotProvider (OzoneManagerSnapshotProvider.java:<init>(81)) - Initializing OM Snapshot Provider
2019-10-02 11:15:55,833 [pool-1178-thread-1] INFO  server.RaftServerConfigKeys (ConfUtils.java:logGet(43)) - raft.server.log.appender.install.snapshot.enabled = false (custom)
2019-10-02 11:15:55,833 [pool-1178-thread-1] INFO  impl.RaftServerImpl (ServerState.java:<init>(103)) - omNode-3@group-523986131536: ConfigurationManager, init=-1: [omNode-3:localhost:10104, omNode-1:localhost:10092, omNode-2:localhost:10098], old=null, confs=<EMPTY_MAP>
2019-10-02 11:15:55,834 [pool-1178-thread-1] INFO  server.RaftServerConfigKeys (ConfUtils.java:logGet(43)) - raft.server.storage.dir = [/workdir/hadoop-ozone/integration-test/target/test-dir/MiniOzoneClusterImpl-6b8b4e73-238b-464d-9ee8-997a354feda4/omNode-3/ratis] (custom)
2019-10-02 11:15:55,834 [pool-1178-thread-1] INFO  server.RaftServerConfigKeys (ConfUtils.java:logGet(43)) - raft.server.log.corruption.policy = EXCEPTION (default)
2019-10-02 11:15:55,834 [pool-1178-thread-1] INFO  storage.RaftStorageDirectory (RaftStorageDirectory.java:analyzeStorage(246)) - The storage directory /workdir/hadoop-ozone/integration-test/target/test-dir/MiniOzoneClusterImpl-6b8b4e73-238b-464d-9ee8-997a354feda4/omNode-3/ratis/c9bc4cf4-3bc3-3c60-a66b-523986131536 does not exist. Creating ...
2019-10-02 11:15:55,834 [Thread-5388] INFO  ipc.CallQueueManager (CallQueueManager.java:<init>(84)) - Using callQueue: class java.util.concurrent.LinkedBlockingQueue, queueCapacity: 2000, scheduler: class org.apache.hadoop.ipc.DefaultRpcScheduler, ipcBackoff: false.
2019-10-02 11:15:55,835 [Socket Reader #1 for port 10100] INFO  ipc.Server (Server.java:run(1074)) - Starting Socket Reader #1 for port 10100
2019-10-02 11:15:55,852 [Thread-5388] INFO  om.OzoneManager (OzoneManager.java:start(1243)) - OzoneManager RPC server is listening at localhost/127.0.0.1:10100
2019-10-02 11:15:55,853 [Thread-5388] INFO  impl.MetricsSystemImpl (MetricsSystemImpl.java:init(158)) - OzoneManager metrics system started (again)
2019-10-02 11:15:55,853 [Thread-5388] INFO  ratis.OzoneManagerRatisServer (OzoneManagerRatisServer.java:start(331)) - Starting OzoneManagerRatisServer omNode-3 at port 10104
2019-10-02 11:15:55,865 [pool-1178-thread-1] INFO  storage.RaftStorageDirectory (RaftStorageDirectory.java:tryLock(328)) - Lock on /workdir/hadoop-ozone/integration-test/target/test-dir/MiniOzoneClusterImpl-6b8b4e73-238b-464d-9ee8-997a354feda4/omNode-3/ratis/c9bc4cf4-3bc3-3c60-a66b-523986131536/in_use.lock acquired by nodename 25089@pr-hdds-2231-nwbjw-3761139207
2019-10-02 11:15:55,892 [pool-1178-thread-1] INFO  storage.RaftStorage (RaftStorage.java:format(84)) - Storage directory /workdir/hadoop-ozone/integration-test/target/test-dir/MiniOzoneClusterImpl-6b8b4e73-238b-464d-9ee8-997a354feda4/omNode-3/ratis/c9bc4cf4-3bc3-3c60-a66b-523986131536 has been successfully formatted.
2019-10-02 11:15:55,892 [pool-1178-thread-1] INFO  server.RaftServerConfigKeys (ConfUtils.java:logGet(43)) - raft.server.notification.no-leader.timeout = 2s (custom)
2019-10-02 11:15:55,892 [pool-1178-thread-1] INFO  server.RaftServerConfigKeys (ConfUtils.java:logGet(43)) - raft.server.log.use.memory = false (default)
2019-10-02 11:15:55,893 [pool-1178-thread-1] INFO  server.RaftServerConfigKeys (ConfUtils.java:logGet(43)) - raft.server.log.purge.gap = 50 (custom)
2019-10-02 11:15:55,893 [pool-1178-thread-1] INFO  server.RaftServerConfigKeys (ConfUtils.java:logGet(43)) - raft.server.log.appender.buffer.byte-limit = 33554432 (custom)
2019-10-02 11:15:55,893 [pool-1178-thread-1] INFO  server.RaftServerConfigKeys (ConfUtils.java:logGet(43)) - raft.server.log.segment.size.max = 16384 (custom)
2019-10-02 11:15:55,893 [pool-1178-thread-1] INFO  server.RaftServerConfigKeys (ConfUtils.java:logGet(43)) - raft.server.log.segment.cache.num.max = 2 (custom)
2019-10-02 11:15:55,893 [pool-1178-thread-1] INFO  segmented.SegmentedRaftLogWorker (SegmentedRaftLogWorker.java:<init>(173)) - new omNode-3@group-523986131536-SegmentedRaftLogWorker for RaftStorage:Storage Directory /workdir/hadoop-ozone/integration-test/target/test-dir/MiniOzoneClusterImpl-6b8b4e73-238b-464d-9ee8-997a354feda4/omNode-3/ratis/c9bc4cf4-3bc3-3c60-a66b-523986131536
2019-10-02 11:15:55,893 [pool-1178-thread-1] INFO  server.RaftServerConfigKeys (ConfUtils.java:logGet(43)) - raft.server.log.queue.byte-limit = 64MB (=67108864) (default)
2019-10-02 11:15:55,893 [pool-1178-thread-1] INFO  server.RaftServerConfigKeys (ConfUtils.java:logGet(43)) - raft.server.log.queue.element-limit = 4096 (default)
2019-10-02 11:15:55,893 [pool-1178-thread-1] INFO  server.RaftServerConfigKeys (ConfUtils.java:logGet(43)) - raft.server.log.segment.size.max = 16384 (custom)
2019-10-02 11:15:55,893 [pool-1178-thread-1] INFO  server.RaftServerConfigKeys (ConfUtils.java:logGet(43)) - raft.server.log.preallocated.size = 16384 (custom)
2019-10-02 11:15:55,894 [pool-1178-thread-1] INFO  server.RaftServerConfigKeys (ConfUtils.java:logGet(43)) - raft.server.log.write.buffer.size = 64KB (=65536) (default)
2019-10-02 11:15:55,894 [pool-1178-thread-1] INFO  server.RaftServerConfigKeys (ConfUtils.java:logGet(43)) - raft.server.log.force.sync.num = 128 (default)
2019-10-02 11:15:55,894 [pool-1178-thread-1] INFO  server.RaftServerConfigKeys (ConfUtils.java:logGet(43)) - raft.server.log.statemachine.data.sync = true (default)
2019-10-02 11:15:55,894 [pool-1178-thread-1] INFO  server.RaftServerConfigKeys (ConfUtils.java:logGet(43)) - raft.server.log.statemachine.data.sync.timeout = 10s (default)
2019-10-02 11:15:55,894 [pool-1178-thread-1] INFO  server.RaftServerConfigKeys (ConfUtils.java:logGet(43)) - raft.server.log.statemachine.data.sync.timeout.retry = -1 (default)
2019-10-02 11:15:55,894 [pool-1178-thread-1] INFO  server.RaftServerConfigKeys (ConfUtils.java:logGet(43)) - raft.server.log.statemachine.data.caching.enabled = false (default)
2019-10-02 11:15:55,894 [pool-1178-thread-1] INFO  segmented.SegmentedRaftLogWorker (SegmentedRaftLogWorker.java:lambda$new$0(128)) - omNode-3@group-523986131536-SegmentedRaftLogWorker: flushIndex: setUnconditionally 0 -> -1
2019-10-02 11:15:55,895 [pool-1178-thread-1] INFO  server.RaftServerConfigKeys (ConfUtils.java:logGet(43)) - raft.server.snapshot.auto.trigger.enabled = true (custom)
2019-10-02 11:15:55,895 [pool-1178-thread-1] INFO  server.RaftServerConfigKeys (ConfUtils.java:logGet(43)) - raft.server.snapshot.auto.trigger.threshold = 50 (custom)
2019-10-02 11:15:55,895 [pool-1178-thread-1] INFO  server.RaftServerConfigKeys (ConfUtils.java:logGet(43)) - raft.server.snapshot.retention.file.num = -1 (default)
2019-10-02 11:15:55,895 [pool-1178-thread-1] INFO  server.RaftServerConfigKeys (ConfUtils.java:logGet(43)) - raft.server.retrycache.expirytime = 600000ms (custom)
2019-10-02 11:15:55,897 [Thread-5388] INFO  impl.RaftServerImpl (RaftServerImpl.java:start(181)) - omNode-3@group-523986131536: start as a follower, conf=-1: [omNode-3:localhost:10104, omNode-1:localhost:10092, omNode-2:localhost:10098], old=null
2019-10-02 11:15:55,898 [Thread-5388] INFO  impl.RaftServerImpl (RaftServerImpl.java:setRole(170)) - omNode-3@group-523986131536: changes role from      null to FOLLOWER at term 0 for startAsFollower
2019-10-02 11:15:55,898 [Thread-5388] INFO  impl.RoleInfo (RoleInfo.java:updateAndGet(143)) - omNode-3: start FollowerState
2019-10-02 11:15:55,898 [Thread-5388] INFO  util.JmxRegister (JmxRegister.java:tryRegister(44)) - Successfully registered JMX Bean with object name Ratis:service=RaftServer,group=group-523986131536,id=omNode-3
2019-10-02 11:15:55,901 [Thread-5388] INFO  impl.RaftServerProxy (RaftServerProxy.java:lambda$start$3(299)) - omNode-3: start RPC server
2019-10-02 11:15:55,902 [Thread-5388] INFO  server.GrpcService (GrpcService.java:startImpl(158)) - omNode-3: GrpcService started, listening on 0.0.0.0/0.0.0.0:10104
2019-10-02 11:15:55,903 [IPC Server Responder] INFO  ipc.Server (Server.java:run(1314)) - IPC Server Responder: starting
2019-10-02 11:15:55,903 [IPC Server listener on 10100] INFO  ipc.Server (Server.java:run(1153)) - IPC Server listener on 10100: starting
2019-10-02 11:15:55,912 [Thread-5388] INFO  hdfs.DFSUtil (DFSUtil.java:httpServerTemplateForNNAndJN(1641)) - Starting Web-server for ozoneManager at: http://0.0.0.0:10102
2019-10-02 11:15:55,913 [Thread-5388] INFO  server.AuthenticationFilter (AuthenticationFilter.java:constructSecretProvider(240)) - Unable to initialize FileSignerSecretProvider, falling back to use random secrets.
2019-10-02 11:15:55,914 [Thread-5388] WARN  http.HttpRequestLog (HttpRequestLog.java:getRequestLog(97)) - Jetty request log can only be enabled using Log4j
2019-10-02 11:15:55,915 [Thread-5388] INFO  http.HttpServer2 (HttpServer2.java:addGlobalFilter(975)) - Added global filter 'safety' (class=org.apache.hadoop.http.HttpServer2$QuotingInputFilter)
2019-10-02 11:15:55,915 [Thread-5388] INFO  http.HttpServer2 (HttpServer2.java:addFilter(948)) - Added filter static_user_filter (class=org.apache.hadoop.http.lib.StaticUserWebFilter$StaticUserFilter) to context ozoneManager
2019-10-02 11:15:55,915 [Thread-5388] INFO  http.HttpServer2 (HttpServer2.java:addFilter(958)) - Added filter static_user_filter (class=org.apache.hadoop.http.lib.StaticUserWebFilter$StaticUserFilter) to context logs
2019-10-02 11:15:55,915 [Thread-5388] INFO  http.HttpServer2 (HttpServer2.java:addFilter(958)) - Added filter static_user_filter (class=org.apache.hadoop.http.lib.StaticUserWebFilter$StaticUserFilter) to context static
2019-10-02 11:15:55,916 [Thread-5388] INFO  http.HttpServer2 (HttpServer2.java:bindListener(1191)) - Jetty bound to port 10102
2019-10-02 11:15:55,916 [Thread-5388] INFO  server.Server (Server.java:doStart(351)) - jetty-9.3.25.v20180904, build timestamp: 2018-09-04T21:11:46Z, git hash: 3ce520221d0240229c862b122d2b06c12a625732
2019-10-02 11:15:55,918 [Thread-5388] INFO  handler.ContextHandler (ContextHandler.java:doStart(781)) - Started o.e.j.s.ServletContextHandler@6a87faa3{/logs,file:///workdir/hadoop-ozone/integration-test/target/log,AVAILABLE}
2019-10-02 11:15:55,918 [Thread-5388] INFO  handler.ContextHandler (ContextHandler.java:doStart(781)) - Started o.e.j.s.ServletContextHandler@6fe57501{/static,file:///workdir/hadoop-ozone/integration-test/target/test-classes/webapps/static,AVAILABLE}
2019-10-02 11:15:55,921 [Thread-5388] INFO  handler.ContextHandler (ContextHandler.java:doStart(781)) - Started o.e.j.w.WebAppContext@53a3c14a{/,file:///workdir/hadoop-ozone/integration-test/target/test-classes/webapps/ozoneManager/,AVAILABLE}{/ozoneManager}
2019-10-02 11:15:55,921 [Thread-5388] INFO  server.AbstractConnector (AbstractConnector.java:doStart(278)) - Started ServerConnector@7fb90396{HTTP/1.1,[http/1.1]}{0.0.0.0:10102}
2019-10-02 11:15:55,922 [Thread-5388] INFO  server.Server (Server.java:doStart(419)) - Started @368240ms
2019-10-02 11:15:55,924 [Thread-5388] WARN  impl.MetricsSystemImpl (MetricsSystemImpl.java:register(276)) - Sink prometheus already exists!
2019-10-02 11:15:55,924 [Thread-5388] INFO  server.BaseHttpServer (BaseHttpServer.java:updateConnectorAddress(215)) - HTTP server of OZONEMANAGER is listening at http://0.0.0.0:10102
2019-10-02 11:15:55,925 [Thread-5388] INFO  ozone.MiniOzoneHAClusterImpl (MiniOzoneHAClusterImpl.java:createOMService(274)) - Started OzoneManager RPC server at localhost/127.0.0.1:10100
2019-10-02 11:15:55,927 [Thread-5388] INFO  impl.MetricsSystemImpl (MetricsSystemImpl.java:init(158)) - HddsDatanode metrics system started (again)
2019-10-02 11:15:55,940 [Thread-5388] INFO  ozone.HddsDatanodeService (HddsDatanodeService.java:start(184)) - HddsDatanodeService host:pr-hdds-2231-nwbjw-3761139207 ip:192.168.30.47
2019-10-02 11:15:55,948 [Thread-5388] INFO  volume.HddsVolume (HddsVolume.java:<init>(176)) - Creating Volume: /workdir/hadoop-ozone/integration-test/target/test-dir/MiniOzoneClusterImpl-6b8b4e73-238b-464d-9ee8-997a354feda4/datanode-0/data/containers/hdds of  storage type : DISK and capacity : 1482555576320
2019-10-02 11:15:55,948 [Thread-5388] INFO  volume.VolumeSet (VolumeSet.java:initializeVolumeSet(170)) - Added Volume : /workdir/hadoop-ozone/integration-test/target/test-dir/MiniOzoneClusterImpl-6b8b4e73-238b-464d-9ee8-997a354feda4/datanode-0/data/containers/hdds to VolumeSet
2019-10-02 11:15:55,949 [Thread-5388] INFO  volume.ThrottledAsyncChecker (ThrottledAsyncChecker.java:schedule(139)) - Scheduling a check for org.apache.hadoop.ozone.container.common.volume.HddsVolume@40beba65
2019-10-02 11:15:55,949 [Thread-5388] INFO  volume.HddsVolumeChecker (HddsVolumeChecker.java:checkAllVolumes(202)) - Scheduled health check for volume org.apache.hadoop.ozone.container.common.volume.HddsVolume@40beba65
2019-10-02 11:15:55,963 [Thread-5388] INFO  impl.RaftServerProxy (ConfUtils.java:logGet(43)) - raft.rpc.type = GRPC (default)
2019-10-02 11:15:55,964 [Thread-5388] INFO  grpc.GrpcFactory (GrpcFactory.java:checkPooledByteBufAllocatorUseCacheForAllThreads(45)) - PERFORMANCE WARNING: useCacheForAllThreads is true that may cause Netty to create a lot garbage objects and, as a result, trigger GC.
	It is recommended to disable useCacheForAllThreads by setting -Dorg.apache.ratis.thirdparty.io.netty.allocator.useCacheForAllThreads=false in command line.
2019-10-02 11:15:55,964 [Thread-5388] INFO  grpc.GrpcConfigKeys$Server (ConfUtils.java:logGet(43)) - raft.grpc.server.port = 0 (default)
2019-10-02 11:15:55,964 [Thread-5388] INFO  server.GrpcService (ConfUtils.java:logGet(43)) - raft.grpc.message.size.max = 33570816 (custom)
2019-10-02 11:15:55,964 [Thread-5388] INFO  server.RaftServerConfigKeys (ConfUtils.java:logGet(43)) - raft.server.log.appender.buffer.byte-limit = 33554432 (custom)
2019-10-02 11:15:55,964 [Thread-5388] INFO  server.GrpcService (ConfUtils.java:logGet(43)) - raft.grpc.flow.control.window = 1MB (=1048576) (default)
2019-10-02 11:15:55,964 [Thread-5388] INFO  server.RaftServerConfigKeys (ConfUtils.java:logGet(43)) - raft.server.rpc.request.timeout = 3000ms (default)
2019-10-02 11:15:55,965 [Thread-5388] INFO  server.RaftServerConfigKeys (ConfUtils.java:logGet(43)) - raft.server.storage.dir = [/workdir/hadoop-ozone/integration-test/target/test-dir/MiniOzoneClusterImpl-6b8b4e73-238b-464d-9ee8-997a354feda4/datanode-0/data/ratis] (custom)
2019-10-02 11:15:55,966 [Thread-5388] INFO  hdfs.DFSUtil (DFSUtil.java:httpServerTemplateForNNAndJN(1641)) - Starting Web-server for hddsDatanode at: http://0.0.0.0:0
2019-10-02 11:15:55,967 [Thread-5388] INFO  server.AuthenticationFilter (AuthenticationFilter.java:constructSecretProvider(240)) - Unable to initialize FileSignerSecretProvider, falling back to use random secrets.
2019-10-02 11:15:55,967 [Thread-5388] WARN  http.HttpRequestLog (HttpRequestLog.java:getRequestLog(97)) - Jetty request log can only be enabled using Log4j
2019-10-02 11:15:55,968 [Thread-5388] INFO  http.HttpServer2 (HttpServer2.java:addGlobalFilter(975)) - Added global filter 'safety' (class=org.apache.hadoop.http.HttpServer2$QuotingInputFilter)
2019-10-02 11:15:55,968 [Thread-5388] INFO  http.HttpServer2 (HttpServer2.java:addFilter(948)) - Added filter static_user_filter (class=org.apache.hadoop.http.lib.StaticUserWebFilter$StaticUserFilter) to context hddsDatanode
2019-10-02 11:15:55,968 [Thread-5388] INFO  http.HttpServer2 (HttpServer2.java:addFilter(958)) - Added filter static_user_filter (class=org.apache.hadoop.http.lib.StaticUserWebFilter$StaticUserFilter) to context logs
2019-10-02 11:15:55,968 [Thread-5388] INFO  http.HttpServer2 (HttpServer2.java:addFilter(958)) - Added filter static_user_filter (class=org.apache.hadoop.http.lib.StaticUserWebFilter$StaticUserFilter) to context static
2019-10-02 11:15:55,969 [Thread-5388] INFO  http.HttpServer2 (HttpServer2.java:bindListener(1191)) - Jetty bound to port 39935
2019-10-02 11:15:55,969 [Thread-5388] INFO  server.Server (Server.java:doStart(351)) - jetty-9.3.25.v20180904, build timestamp: 2018-09-04T21:11:46Z, git hash: 3ce520221d0240229c862b122d2b06c12a625732
2019-10-02 11:15:55,970 [Thread-5388] INFO  handler.ContextHandler (ContextHandler.java:doStart(781)) - Started o.e.j.s.ServletContextHandler@19b39de1{/logs,file:///workdir/hadoop-ozone/integration-test/target/log,AVAILABLE}
2019-10-02 11:15:55,971 [Thread-5388] INFO  handler.ContextHandler (ContextHandler.java:doStart(781)) - Started o.e.j.s.ServletContextHandler@4cea61a7{/static,jar:file:/home/user/.m2/repository/org/apache/hadoop/hadoop-hdds-container-service/0.5.0-SNAPSHOT/hadoop-hdds-container-service-0.5.0-SNAPSHOT.jar!/webapps/static,AVAILABLE}
2019-10-02 11:15:55,997 [Thread-5388] INFO  handler.ContextHandler (ContextHandler.java:doStart(781)) - Started o.e.j.w.WebAppContext@10559966{/,file:///tmp/jetty-0.0.0.0-39935-hddsDatanode-_-any-3285226807537837187.dir/webapp/,AVAILABLE}{/hddsDatanode}
2019-10-02 11:15:55,998 [Thread-5388] INFO  server.AbstractConnector (AbstractConnector.java:doStart(278)) - Started ServerConnector@232e3e2c{HTTP/1.1,[http/1.1]}{0.0.0.0:39935}
2019-10-02 11:15:55,998 [Thread-5388] INFO  server.Server (Server.java:doStart(419)) - Started @368316ms
2019-10-02 11:15:56,000 [Thread-5388] WARN  impl.MetricsSystemImpl (MetricsSystemImpl.java:register(276)) - Sink prometheus already exists!
2019-10-02 11:15:56,001 [Thread-5388] INFO  server.BaseHttpServer (BaseHttpServer.java:updateConnectorAddress(215)) - HTTP server of HDDSDATANODE is listening at http://0.0.0.0:39935
2019-10-02 11:15:56,001 [Thread-5388] INFO  ozone.MiniOzoneClusterImpl (MiniOzoneClusterImpl.java:lambda$waitForClusterToBeReady$0(147)) - Waiting for cluster to be ready. Got 0 of 1 DN Heartbeats.
2019-10-02 11:15:56,003 [org.apache.hadoop.util.JvmPauseMonitor$Monitor@1fefd630] INFO  util.JvmPauseMonitor (JvmPauseMonitor.java:run(188)) - Starting JVM pause monitor
2019-10-02 11:15:56,004 [Datanode State Machine Thread - 0] INFO  datanode.InitDatanodeState (InitDatanodeState.java:persistContainerDatanodeDetails(140)) - DatanodeDetails is persisted to /workdir/hadoop-ozone/integration-test/target/test-dir/MiniOzoneClusterImpl-6b8b4e73-238b-464d-9ee8-997a354feda4/datanode-0/meta/datanode.id
2019-10-02 11:15:56,308 [grpc-default-executor-6] INFO  impl.RaftServerImpl (ServerState.java:setLeader(255)) - omNode-3@group-523986131536: change Leader from null to omNode-1 at term 1 for appendEntries, leader elected after 415ms
2019-10-02 11:15:56,314 [grpc-default-executor-6] INFO  impl.RaftServerImpl (ServerState.java:setRaftConf(356)) - omNode-3@group-523986131536: set configuration 0: [omNode-3:localhost:10104, omNode-1:localhost:10092, omNode-2:localhost:10098], old=null at 0
2019-10-02 11:15:56,314 [grpc-default-executor-6] INFO  segmented.SegmentedRaftLogWorker (SegmentedRaftLogWorker.java:startLogSegment(385)) - omNode-3@group-523986131536-SegmentedRaftLogWorker: Starting segment from index:0
2019-10-02 11:15:56,337 [omNode-3@group-523986131536-SegmentedRaftLogWorker] INFO  segmented.SegmentedRaftLogWorker (SegmentedRaftLogWorker.java:execute(574)) - omNode-3@group-523986131536-SegmentedRaftLogWorker: created new log segment /workdir/hadoop-ozone/integration-test/target/test-dir/MiniOzoneClusterImpl-6b8b4e73-238b-464d-9ee8-997a354feda4/omNode-3/ratis/c9bc4cf4-3bc3-3c60-a66b-523986131536/current/log_inprogress_0
2019-10-02 11:15:57,002 [Thread-5388] INFO  ozone.MiniOzoneClusterImpl (MiniOzoneClusterImpl.java:lambda$waitForClusterToBeReady$0(147)) - Waiting for cluster to be ready. Got 0 of 1 DN Heartbeats.
2019-10-02 11:15:58,002 [Thread-5388] INFO  ozone.MiniOzoneClusterImpl (MiniOzoneClusterImpl.java:lambda$waitForClusterToBeReady$0(147)) - Waiting for cluster to be ready. Got 0 of 1 DN Heartbeats.
2019-10-02 11:15:58,460 [Datanode State Machine Thread - 0] INFO  ozoneimpl.OzoneContainer (OzoneContainer.java:start(217)) - Attempting to start container services.
2019-10-02 11:15:58,461 [Datanode State Machine Thread - 0] INFO  ozoneimpl.OzoneContainer (OzoneContainer.java:startContainerScrub(179)) - Background container scanner has been disabled.
2019-10-02 11:15:58,461 [Datanode State Machine Thread - 0] INFO  ratis.XceiverServerRatis (XceiverServerRatis.java:start(417)) - Starting XceiverServerRatis f25a1a40-2d57-48fc-b529-3df222b48a32 at port 0
2019-10-02 11:15:58,468 [Datanode State Machine Thread - 0] INFO  impl.RaftServerProxy (RaftServerProxy.java:lambda$start$3(299)) - f25a1a40-2d57-48fc-b529-3df222b48a32: start RPC server
2019-10-02 11:15:58,468 [Datanode State Machine Thread - 0] INFO  server.GrpcService (GrpcService.java:startImpl(158)) - f25a1a40-2d57-48fc-b529-3df222b48a32: GrpcService started, listening on 0.0.0.0/0.0.0.0:34675
2019-10-02 11:15:58,469 [Datanode State Machine Thread - 0] INFO  ratis.XceiverServerRatis (XceiverServerRatis.java:start(427)) - XceiverServerRatis f25a1a40-2d57-48fc-b529-3df222b48a32 is started using port 34675
2019-10-02 11:15:58,469 [Datanode State Machine Thread - 0] INFO  server.XceiverServerGrpc (XceiverServerGrpc.java:start(149)) - XceiverServerGrpc f25a1a40-2d57-48fc-b529-3df222b48a32 is started using port 36126
2019-10-02 11:15:59,002 [Thread-5388] INFO  ozone.MiniOzoneClusterImpl (MiniOzoneClusterImpl.java:lambda$waitForClusterToBeReady$0(147)) - Waiting for cluster to be ready. Got 0 of 1 DN Heartbeats.
2019-10-02 11:16:00,003 [Thread-5388] INFO  ozone.MiniOzoneClusterImpl (MiniOzoneClusterImpl.java:lambda$waitForClusterToBeReady$0(147)) - Waiting for cluster to be ready. Got 0 of 1 DN Heartbeats.
2019-10-02 11:16:00,009 [IPC Server handler 0 on 43052] INFO  net.NetworkTopology (NetworkTopologyImpl.java:add(111)) - Added a new node: /default-rack/f25a1a40-2d57-48fc-b529-3df222b48a32
2019-10-02 11:16:00,011 [IPC Server handler 0 on 43052] INFO  node.SCMNodeManager (SCMNodeManager.java:register(266)) - Registered Data node : f25a1a40-2d57-48fc-b529-3df222b48a32{ip: 192.168.30.47, host: pr-hdds-2231-nwbjw-3761139207, networkLocation: /default-rack, certSerialId: null}
2019-10-02 11:16:00,012 [EventQueue-NodeRegistrationContainerReportForDataNodeSafeModeRule] INFO  safemode.SCMSafeModeManager (DataNodeSafeModeRule.java:process(71)) - SCM in safe mode. 1 DataNodes registered, 1 required.
2019-10-02 11:16:00,015 [EventQueue-NodeRegistrationContainerReportForContainerSafeModeRule] INFO  safemode.SCMSafeModeManager (SCMSafeModeManager.java:validateSafeModeExitRules(177)) - ScmSafeModeManager, all rules are successfully validated
2019-10-02 11:16:00,015 [EventQueue-NodeRegistrationContainerReportForContainerSafeModeRule] INFO  safemode.SCMSafeModeManager (SCMSafeModeManager.java:exitSafeMode(193)) - SCM exiting safe mode.
2019-10-02 11:16:00,024 [grpc-default-executor-6] INFO  impl.RaftServerProxy (RaftServerProxy.java:addNew(89)) - f25a1a40-2d57-48fc-b529-3df222b48a32: addNew group-DC2D55AC47D4:[f25a1a40-2d57-48fc-b529-3df222b48a32:192.168.30.47:34675] returns group-DC2D55AC47D4:java.util.concurrent.CompletableFuture@2c3eee68[Not completed]
2019-10-02 11:16:00,025 [pool-1186-thread-1] INFO  impl.RaftServerImpl (RaftServerImpl.java:<init>(95)) - f25a1a40-2d57-48fc-b529-3df222b48a32: new RaftServerImpl for group-DC2D55AC47D4:[f25a1a40-2d57-48fc-b529-3df222b48a32:192.168.30.47:34675] with ContainerStateMachine:uninitialized
2019-10-02 11:16:00,025 [pool-1186-thread-1] INFO  server.RaftServerConfigKeys (ConfUtils.java:logGet(43)) - raft.server.rpc.timeout.min = 5s (custom)
2019-10-02 11:16:00,025 [pool-1186-thread-1] INFO  server.RaftServerConfigKeys (ConfUtils.java:logGet(43)) - raft.server.rpc.timeout.max = 5200ms (custom)
2019-10-02 11:16:00,025 [pool-1186-thread-1] INFO  server.RaftServerConfigKeys (ConfUtils.java:logGet(43)) - raft.server.rpcslowness.timeout = 120s (custom)
2019-10-02 11:16:00,025 [pool-1186-thread-1] INFO  server.RaftServerConfigKeys (ConfUtils.java:logGet(43)) - raft.server.sleep.deviation.threshold = 300 (default)
2019-10-02 11:16:00,025 [pool-1186-thread-1] INFO  server.RaftServerConfigKeys (ConfUtils.java:logGet(43)) - raft.server.log.appender.install.snapshot.enabled = false (custom)
2019-10-02 11:16:00,025 [pool-1186-thread-1] INFO  impl.RaftServerImpl (ServerState.java:<init>(103)) - f25a1a40-2d57-48fc-b529-3df222b48a32@group-DC2D55AC47D4: ConfigurationManager, init=-1: [f25a1a40-2d57-48fc-b529-3df222b48a32:192.168.30.47:34675], old=null, confs=<EMPTY_MAP>
2019-10-02 11:16:00,025 [pool-1186-thread-1] INFO  server.RaftServerConfigKeys (ConfUtils.java:logGet(43)) - raft.server.storage.dir = [/workdir/hadoop-ozone/integration-test/target/test-dir/MiniOzoneClusterImpl-6b8b4e73-238b-464d-9ee8-997a354feda4/datanode-0/data/ratis] (custom)
2019-10-02 11:16:00,026 [pool-1186-thread-1] INFO  server.RaftServerConfigKeys (ConfUtils.java:logGet(43)) - raft.server.log.corruption.policy = EXCEPTION (default)
2019-10-02 11:16:00,026 [pool-1186-thread-1] INFO  storage.RaftStorageDirectory (RaftStorageDirectory.java:analyzeStorage(246)) - The storage directory /workdir/hadoop-ozone/integration-test/target/test-dir/MiniOzoneClusterImpl-6b8b4e73-238b-464d-9ee8-997a354feda4/datanode-0/data/ratis/2d982347-626b-4205-a3c3-dc2d55ac47d4 does not exist. Creating ...
2019-10-02 11:16:01,003 [Thread-5388] INFO  ozone.MiniOzoneClusterImpl (MiniOzoneClusterImpl.java:lambda$waitForClusterToBeReady$0(147)) - Cluster is ready. Got 1 of 1 DN Heartbeats.
2019-10-02 11:16:01,040 [Thread-5388] INFO  rpc.RpcClient (RpcClient.java:createVolume(276)) - Creating Volume: volume91133, with user60140 as owner.
2019-10-02 11:16:02,054 [pool-1186-thread-1] INFO  storage.RaftStorageDirectory (RaftStorageDirectory.java:tryLock(328)) - Lock on /workdir/hadoop-ozone/integration-test/target/test-dir/MiniOzoneClusterImpl-6b8b4e73-238b-464d-9ee8-997a354feda4/datanode-0/data/ratis/2d982347-626b-4205-a3c3-dc2d55ac47d4/in_use.lock acquired by nodename 25089@pr-hdds-2231-nwbjw-3761139207
2019-10-02 11:16:02,131 [OM StateMachine ApplyTransaction Thread - 0] INFO  volume.OMVolumeCreateRequest (OMVolumeCreateRequest.java:validateAndUpdateCache(194)) - created volume:volume91133 for user:user60140
2019-10-02 11:16:02,143 [Thread-5388] INFO  rpc.RpcClient (RpcClient.java:createBucket(415)) - Creating Bucket: volume91133/8f8da29f-251e-4096-822c-b62d1c2ff735, with Versioning false and Storage Type set to DISK and Encryption set to false 
2019-10-02 11:16:02,301 [OM StateMachine ApplyTransaction Thread - 0] INFO  volume.OMVolumeCreateRequest (OMVolumeCreateRequest.java:validateAndUpdateCache(194)) - created volume:volume91133 for user:user60140
2019-10-02 11:16:02,958 [OM StateMachine ApplyTransaction Thread - 0] INFO  volume.OMVolumeCreateRequest (OMVolumeCreateRequest.java:validateAndUpdateCache(194)) - created volume:volume91133 for user:user60140
2019-10-02 11:16:03,016 [Thread-5647] INFO  container.ReplicationManager (ReplicationManager.java:start(162)) - Starting Replication Monitor Thread.
2019-10-02 11:16:03,022 [ReplicationMonitor] INFO  container.ReplicationManager (ReplicationManager.java:run(225)) - Replication Monitor Thread took 0 milliseconds for processing 0 containers.
2019-10-02 11:16:03,023 [RATISCREATEPIPELINE1] ERROR pipeline.RatisPipelineProvider (RatisPipelineProvider.java:lambda$null$5(235)) - Failed invoke Ratis rpc org.apache.hadoop.hdds.scm.pipeline.RatisPipelineProvider$$Lambda$410/1121029355@3e34f69c for f25a1a40-2d57-48fc-b529-3df222b48a32
org.apache.ratis.protocol.TimeoutIOException: deadline exceeded after 2999779110ns
	at org.apache.ratis.grpc.GrpcUtil.tryUnwrapException(GrpcUtil.java:82)
	at org.apache.ratis.grpc.GrpcUtil.unwrapException(GrpcUtil.java:75)
	at org.apache.ratis.grpc.client.GrpcClientProtocolClient.blockingCall(GrpcClientProtocolClient.java:184)
	at org.apache.ratis.grpc.client.GrpcClientProtocolClient.groupAdd(GrpcClientProtocolClient.java:153)
	at org.apache.ratis.grpc.client.GrpcClientRpc.sendRequest(GrpcClientRpc.java:94)
	at org.apache.ratis.client.impl.RaftClientImpl.sendRequest(RaftClientImpl.java:278)
	at org.apache.ratis.client.impl.RaftClientImpl.groupAdd(RaftClientImpl.java:205)
	at org.apache.hadoop.hdds.scm.pipeline.RatisPipelineProvider.lambda$initializePipeline$4(RatisPipelineProvider.java:196)
	at org.apache.hadoop.hdds.scm.pipeline.RatisPipelineProvider.lambda$null$5(RatisPipelineProvider.java:231)
	at java.util.stream.ForEachOps$ForEachOp$OfRef.accept(ForEachOps.java:184)
	at java.util.ArrayList$ArrayListSpliterator.forEachRemaining(ArrayList.java:1382)
	at java.util.stream.AbstractPipeline.copyInto(AbstractPipeline.java:482)
	at java.util.stream.ForEachOps$ForEachTask.compute(ForEachOps.java:291)
	at java.util.concurrent.CountedCompleter.exec(CountedCompleter.java:731)
	at java.util.concurrent.ForkJoinTask.doExec(ForkJoinTask.java:289)
	at java.util.concurrent.ForkJoinTask.doInvoke(ForkJoinTask.java:401)
	at java.util.concurrent.ForkJoinTask.invoke(ForkJoinTask.java:734)
	at java.util.stream.ForEachOps$ForEachOp.evaluateParallel(ForEachOps.java:160)
	at java.util.stream.ForEachOps$ForEachOp$OfRef.evaluateParallel(ForEachOps.java:174)
	at java.util.stream.AbstractPipeline.evaluate(AbstractPipeline.java:233)
	at java.util.stream.ReferencePipeline.forEach(ReferencePipeline.java:418)
	at java.util.stream.ReferencePipeline$Head.forEach(ReferencePipeline.java:583)
	at org.apache.hadoop.hdds.scm.pipeline.RatisPipelineProvider.lambda$callRatisRpc$6(RatisPipelineProvider.java:225)
	at java.util.concurrent.ForkJoinTask$AdaptedRunnableAction.exec(ForkJoinTask.java:1386)
	at java.util.concurrent.ForkJoinTask.doExec(ForkJoinTask.java:289)
	at java.util.concurrent.ForkJoinPool$WorkQueue.runTask(ForkJoinPool.java:1056)
	at java.util.concurrent.ForkJoinPool.runWorker(ForkJoinPool.java:1692)
	at java.util.concurrent.ForkJoinWorkerThread.run(ForkJoinWorkerThread.java:157)
Caused by: org.apache.ratis.thirdparty.io.grpc.StatusRuntimeException: DEADLINE_EXCEEDED: deadline exceeded after 2999779110ns
	at org.apache.ratis.thirdparty.io.grpc.stub.ClientCalls.toStatusRuntimeException(ClientCalls.java:233)
	at org.apache.ratis.thirdparty.io.grpc.stub.ClientCalls.getUnchecked(ClientCalls.java:214)
	at org.apache.ratis.thirdparty.io.grpc.stub.ClientCalls.blockingUnaryCall(ClientCalls.java:139)
	at org.apache.ratis.proto.grpc.AdminProtocolServiceGrpc$AdminProtocolServiceBlockingStub.groupManagement(AdminProtocolServiceGrpc.java:274)
	at org.apache.ratis.grpc.client.GrpcClientProtocolClient.lambda$groupAdd$3(GrpcClientProtocolClient.java:155)
	at org.apache.ratis.grpc.client.GrpcClientProtocolClient.blockingCall(GrpcClientProtocolClient.java:182)
	... 25 more
2019-10-02 11:16:03,035 [grpc-default-executor-4] INFO  impl.RaftServerProxy (RaftServerProxy.java:addNew(89)) - f25a1a40-2d57-48fc-b529-3df222b48a32: addNew group-AF725544544A:[f25a1a40-2d57-48fc-b529-3df222b48a32:192.168.30.47:34675] returns group-AF725544544A:java.util.concurrent.CompletableFuture@5e1ad983[Not completed]
2019-10-02 11:16:03,441 [pool-1186-thread-1] INFO  storage.RaftStorage (RaftStorage.java:format(84)) - Storage directory /workdir/hadoop-ozone/integration-test/target/test-dir/MiniOzoneClusterImpl-6b8b4e73-238b-464d-9ee8-997a354feda4/datanode-0/data/ratis/2d982347-626b-4205-a3c3-dc2d55ac47d4 has been successfully formatted.
2019-10-02 11:16:03,442 [pool-1186-thread-1] INFO  ratis.ContainerStateMachine (ContainerStateMachine.java:loadSnapshot(230)) - group-DC2D55AC47D4: The snapshot info is null. Setting the last applied indexto:(t:0, i:~)
2019-10-02 11:16:03,442 [pool-1186-thread-1] INFO  server.RaftServerConfigKeys (ConfUtils.java:logGet(43)) - raft.server.notification.no-leader.timeout = 120s (custom)
2019-10-02 11:16:03,442 [pool-1186-thread-1] INFO  server.RaftServerConfigKeys (ConfUtils.java:logGet(43)) - raft.server.log.use.memory = false (default)
2019-10-02 11:16:03,442 [pool-1186-thread-1] INFO  server.RaftServerConfigKeys (ConfUtils.java:logGet(43)) - raft.server.log.purge.gap = 1000000 (custom)
2019-10-02 11:16:03,442 [pool-1186-thread-1] INFO  server.RaftServerConfigKeys (ConfUtils.java:logGet(43)) - raft.server.log.appender.buffer.byte-limit = 33554432 (custom)
2019-10-02 11:16:03,442 [pool-1186-thread-1] INFO  server.RaftServerConfigKeys (ConfUtils.java:logGet(43)) - raft.server.log.segment.size.max = 1048576 (custom)
2019-10-02 11:16:03,444 [pool-1186-thread-1] INFO  server.RaftServerConfigKeys (ConfUtils.java:logGet(43)) - raft.server.log.segment.cache.num.max = 2 (custom)
2019-10-02 11:16:03,444 [pool-1186-thread-1] INFO  segmented.SegmentedRaftLogWorker (SegmentedRaftLogWorker.java:<init>(173)) - new f25a1a40-2d57-48fc-b529-3df222b48a32@group-DC2D55AC47D4-SegmentedRaftLogWorker for RaftStorage:Storage Directory /workdir/hadoop-ozone/integration-test/target/test-dir/MiniOzoneClusterImpl-6b8b4e73-238b-464d-9ee8-997a354feda4/datanode-0/data/ratis/2d982347-626b-4205-a3c3-dc2d55ac47d4
2019-10-02 11:16:03,444 [pool-1186-thread-1] INFO  server.RaftServerConfigKeys (ConfUtils.java:logGet(43)) - raft.server.log.queue.byte-limit = 2147483647 (custom)
2019-10-02 11:16:03,444 [pool-1186-thread-1] INFO  server.RaftServerConfigKeys (ConfUtils.java:logGet(43)) - raft.server.log.queue.element-limit = 1024 (custom)
2019-10-02 11:16:03,444 [pool-1186-thread-1] INFO  server.RaftServerConfigKeys (ConfUtils.java:logGet(43)) - raft.server.log.segment.size.max = 1048576 (custom)
2019-10-02 11:16:03,444 [pool-1186-thread-1] INFO  server.RaftServerConfigKeys (ConfUtils.java:logGet(43)) - raft.server.log.preallocated.size = 16384 (custom)
2019-10-02 11:16:03,445 [pool-1186-thread-1] INFO  server.RaftServerConfigKeys (ConfUtils.java:logGet(43)) - raft.server.log.write.buffer.size = 33554432 (custom)
2019-10-02 11:16:03,445 [pool-1186-thread-1] INFO  server.RaftServerConfigKeys (ConfUtils.java:logGet(43)) - raft.server.log.force.sync.num = 128 (default)
2019-10-02 11:16:03,445 [pool-1186-thread-1] INFO  server.RaftServerConfigKeys (ConfUtils.java:logGet(43)) - raft.server.log.statemachine.data.sync = true (default)
2019-10-02 11:16:03,445 [pool-1186-thread-1] INFO  server.RaftServerConfigKeys (ConfUtils.java:logGet(43)) - raft.server.log.statemachine.data.sync.timeout = 10s (default)
2019-10-02 11:16:03,445 [pool-1186-thread-1] INFO  server.RaftServerConfigKeys (ConfUtils.java:logGet(43)) - raft.server.log.statemachine.data.sync.timeout.retry = -1 (default)
2019-10-02 11:16:03,445 [pool-1186-thread-1] INFO  server.RaftServerConfigKeys (ConfUtils.java:logGet(43)) - raft.server.log.statemachine.data.caching.enabled = true (custom)
2019-10-02 11:16:03,445 [pool-1186-thread-1] INFO  segmented.SegmentedRaftLogWorker (SegmentedRaftLogWorker.java:lambda$new$0(128)) - f25a1a40-2d57-48fc-b529-3df222b48a32@group-DC2D55AC47D4-SegmentedRaftLogWorker: flushIndex: setUnconditionally 0 -> -1
2019-10-02 11:16:03,446 [pool-1186-thread-1] INFO  server.RaftServerConfigKeys (ConfUtils.java:logGet(43)) - raft.server.snapshot.auto.trigger.enabled = true (custom)
2019-10-02 11:16:03,446 [pool-1186-thread-1] INFO  server.RaftServerConfigKeys (ConfUtils.java:logGet(43)) - raft.server.snapshot.auto.trigger.threshold = 10000 (custom)
2019-10-02 11:16:03,446 [pool-1186-thread-1] INFO  server.RaftServerConfigKeys (ConfUtils.java:logGet(43)) - raft.server.snapshot.retention.file.num = 5 (custom)
2019-10-02 11:16:03,446 [pool-1186-thread-1] INFO  server.RaftServerConfigKeys (ConfUtils.java:logGet(43)) - raft.server.retrycache.expirytime = 600000ms (custom)
2019-10-02 11:16:03,448 [pool-1186-thread-1] INFO  impl.RaftServerImpl (RaftServerImpl.java:<init>(95)) - f25a1a40-2d57-48fc-b529-3df222b48a32: new RaftServerImpl for group-AF725544544A:[f25a1a40-2d57-48fc-b529-3df222b48a32:192.168.30.47:34675] with ContainerStateMachine:uninitialized
2019-10-02 11:16:03,448 [pool-1186-thread-1] INFO  server.RaftServerConfigKeys (ConfUtils.java:logGet(43)) - raft.server.rpc.timeout.min = 5s (custom)
2019-10-02 11:16:03,448 [pool-1186-thread-1] INFO  server.RaftServerConfigKeys (ConfUtils.java:logGet(43)) - raft.server.rpc.timeout.max = 5200ms (custom)
2019-10-02 11:16:03,448 [pool-1186-thread-1] INFO  server.RaftServerConfigKeys (ConfUtils.java:logGet(43)) - raft.server.rpcslowness.timeout = 120s (custom)
2019-10-02 11:16:03,448 [pool-1186-thread-1] INFO  server.RaftServerConfigKeys (ConfUtils.java:logGet(43)) - raft.server.sleep.deviation.threshold = 300 (default)
2019-10-02 11:16:03,448 [pool-1186-thread-1] INFO  server.RaftServerConfigKeys (ConfUtils.java:logGet(43)) - raft.server.log.appender.install.snapshot.enabled = false (custom)
2019-10-02 11:16:03,449 [pool-1186-thread-1] INFO  impl.RaftServerImpl (ServerState.java:<init>(103)) - f25a1a40-2d57-48fc-b529-3df222b48a32@group-AF725544544A: ConfigurationManager, init=-1: [f25a1a40-2d57-48fc-b529-3df222b48a32:192.168.30.47:34675], old=null, confs=<EMPTY_MAP>
2019-10-02 11:16:03,449 [pool-1186-thread-1] INFO  server.RaftServerConfigKeys (ConfUtils.java:logGet(43)) - raft.server.storage.dir = [/workdir/hadoop-ozone/integration-test/target/test-dir/MiniOzoneClusterImpl-6b8b4e73-238b-464d-9ee8-997a354feda4/datanode-0/data/ratis] (custom)
2019-10-02 11:16:03,449 [pool-1186-thread-1] INFO  server.RaftServerConfigKeys (ConfUtils.java:logGet(43)) - raft.server.log.corruption.policy = EXCEPTION (default)
2019-10-02 11:16:03,449 [pool-1186-thread-1] INFO  storage.RaftStorageDirectory (RaftStorageDirectory.java:analyzeStorage(246)) - The storage directory /workdir/hadoop-ozone/integration-test/target/test-dir/MiniOzoneClusterImpl-6b8b4e73-238b-464d-9ee8-997a354feda4/datanode-0/data/ratis/f7f98120-4d0e-4049-a5c4-af725544544a does not exist. Creating ...
2019-10-02 11:16:04,348 [pool-1186-thread-1] INFO  storage.RaftStorageDirectory (RaftStorageDirectory.java:tryLock(328)) - Lock on /workdir/hadoop-ozone/integration-test/target/test-dir/MiniOzoneClusterImpl-6b8b4e73-238b-464d-9ee8-997a354feda4/datanode-0/data/ratis/f7f98120-4d0e-4049-a5c4-af725544544a/in_use.lock acquired by nodename 25089@pr-hdds-2231-nwbjw-3761139207
2019-10-02 11:16:06,034 [RATISCREATEPIPELINE1] ERROR pipeline.RatisPipelineProvider (RatisPipelineProvider.java:lambda$null$5(235)) - Failed invoke Ratis rpc org.apache.hadoop.hdds.scm.pipeline.RatisPipelineProvider$$Lambda$410/1121029355@5155054d for f25a1a40-2d57-48fc-b529-3df222b48a32
org.apache.ratis.protocol.TimeoutIOException: deadline exceeded after 2999763384ns
	at org.apache.ratis.grpc.GrpcUtil.tryUnwrapException(GrpcUtil.java:82)
	at org.apache.ratis.grpc.GrpcUtil.unwrapException(GrpcUtil.java:75)
	at org.apache.ratis.grpc.client.GrpcClientProtocolClient.blockingCall(GrpcClientProtocolClient.java:184)
	at org.apache.ratis.grpc.client.GrpcClientProtocolClient.groupAdd(GrpcClientProtocolClient.java:153)
	at org.apache.ratis.grpc.client.GrpcClientRpc.sendRequest(GrpcClientRpc.java:94)
	at org.apache.ratis.client.impl.RaftClientImpl.sendRequest(RaftClientImpl.java:278)
	at org.apache.ratis.client.impl.RaftClientImpl.groupAdd(RaftClientImpl.java:205)
	at org.apache.hadoop.hdds.scm.pipeline.RatisPipelineProvider.lambda$initializePipeline$4(RatisPipelineProvider.java:196)
	at org.apache.hadoop.hdds.scm.pipeline.RatisPipelineProvider.lambda$null$5(RatisPipelineProvider.java:231)
	at java.util.stream.ForEachOps$ForEachOp$OfRef.accept(ForEachOps.java:184)
	at java.util.ArrayList$ArrayListSpliterator.forEachRemaining(ArrayList.java:1382)
	at java.util.stream.AbstractPipeline.copyInto(AbstractPipeline.java:482)
	at java.util.stream.ForEachOps$ForEachTask.compute(ForEachOps.java:291)
	at java.util.concurrent.CountedCompleter.exec(CountedCompleter.java:731)
	at java.util.concurrent.ForkJoinTask.doExec(ForkJoinTask.java:289)
	at java.util.concurrent.ForkJoinTask.doInvoke(ForkJoinTask.java:401)
	at java.util.concurrent.ForkJoinTask.invoke(ForkJoinTask.java:734)
	at java.util.stream.ForEachOps$ForEachOp.evaluateParallel(ForEachOps.java:160)
	at java.util.stream.ForEachOps$ForEachOp$OfRef.evaluateParallel(ForEachOps.java:174)
	at java.util.stream.AbstractPipeline.evaluate(AbstractPipeline.java:233)
	at java.util.stream.ReferencePipeline.forEach(ReferencePipeline.java:418)
	at java.util.stream.ReferencePipeline$Head.forEach(ReferencePipeline.java:583)
	at org.apache.hadoop.hdds.scm.pipeline.RatisPipelineProvider.lambda$callRatisRpc$6(RatisPipelineProvider.java:225)
	at java.util.concurrent.ForkJoinTask$AdaptedRunnableAction.exec(ForkJoinTask.java:1386)
	at java.util.concurrent.ForkJoinTask.doExec(ForkJoinTask.java:289)
	at java.util.concurrent.ForkJoinPool$WorkQueue.runTask(ForkJoinPool.java:1056)
	at java.util.concurrent.ForkJoinPool.runWorker(ForkJoinPool.java:1692)
	at java.util.concurrent.ForkJoinWorkerThread.run(ForkJoinWorkerThread.java:157)
Caused by: org.apache.ratis.thirdparty.io.grpc.StatusRuntimeException: DEADLINE_EXCEEDED: deadline exceeded after 2999763384ns
	at org.apache.ratis.thirdparty.io.grpc.stub.ClientCalls.toStatusRuntimeException(ClientCalls.java:233)
	at org.apache.ratis.thirdparty.io.grpc.stub.ClientCalls.getUnchecked(ClientCalls.java:214)
	at org.apache.ratis.thirdparty.io.grpc.stub.ClientCalls.blockingUnaryCall(ClientCalls.java:139)
	at org.apache.ratis.proto.grpc.AdminProtocolServiceGrpc$AdminProtocolServiceBlockingStub.groupManagement(AdminProtocolServiceGrpc.java:274)
	at org.apache.ratis.grpc.client.GrpcClientProtocolClient.lambda$groupAdd$3(GrpcClientProtocolClient.java:155)
	at org.apache.ratis.grpc.client.GrpcClientProtocolClient.blockingCall(GrpcClientProtocolClient.java:182)
	... 25 more
2019-10-02 11:16:06,057 [grpc-default-executor-4] INFO  impl.RaftServerProxy (RaftServerProxy.java:addNew(89)) - f25a1a40-2d57-48fc-b529-3df222b48a32: addNew group-2874C5172C05:[f25a1a40-2d57-48fc-b529-3df222b48a32:192.168.30.47:34675] returns group-2874C5172C05:java.util.concurrent.CompletableFuture@64154ff7[Not completed]
2019-10-02 11:16:06,218 [pool-1186-thread-1] INFO  storage.RaftStorage (RaftStorage.java:format(84)) - Storage directory /workdir/hadoop-ozone/integration-test/target/test-dir/MiniOzoneClusterImpl-6b8b4e73-238b-464d-9ee8-997a354feda4/datanode-0/data/ratis/f7f98120-4d0e-4049-a5c4-af725544544a has been successfully formatted.
2019-10-02 11:16:06,219 [pool-1186-thread-1] INFO  ratis.ContainerStateMachine (ContainerStateMachine.java:loadSnapshot(230)) - group-AF725544544A: The snapshot info is null. Setting the last applied indexto:(t:0, i:~)
2019-10-02 11:16:06,219 [pool-1186-thread-1] INFO  server.RaftServerConfigKeys (ConfUtils.java:logGet(43)) - raft.server.notification.no-leader.timeout = 120s (custom)
2019-10-02 11:16:06,219 [pool-1186-thread-1] INFO  server.RaftServerConfigKeys (ConfUtils.java:logGet(43)) - raft.server.log.use.memory = false (default)
2019-10-02 11:16:06,219 [pool-1186-thread-1] INFO  server.RaftServerConfigKeys (ConfUtils.java:logGet(43)) - raft.server.log.purge.gap = 1000000 (custom)
2019-10-02 11:16:06,219 [pool-1186-thread-1] INFO  server.RaftServerConfigKeys (ConfUtils.java:logGet(43)) - raft.server.log.appender.buffer.byte-limit = 33554432 (custom)
2019-10-02 11:16:06,219 [pool-1186-thread-1] INFO  server.RaftServerConfigKeys (ConfUtils.java:logGet(43)) - raft.server.log.segment.size.max = 1048576 (custom)
2019-10-02 11:16:06,219 [pool-1186-thread-1] INFO  server.RaftServerConfigKeys (ConfUtils.java:logGet(43)) - raft.server.log.segment.cache.num.max = 2 (custom)
2019-10-02 11:16:06,220 [pool-1186-thread-1] INFO  segmented.SegmentedRaftLogWorker (SegmentedRaftLogWorker.java:<init>(173)) - new f25a1a40-2d57-48fc-b529-3df222b48a32@group-AF725544544A-SegmentedRaftLogWorker for RaftStorage:Storage Directory /workdir/hadoop-ozone/integration-test/target/test-dir/MiniOzoneClusterImpl-6b8b4e73-238b-464d-9ee8-997a354feda4/datanode-0/data/ratis/f7f98120-4d0e-4049-a5c4-af725544544a
2019-10-02 11:16:06,220 [pool-1186-thread-1] INFO  server.RaftServerConfigKeys (ConfUtils.java:logGet(43)) - raft.server.log.queue.byte-limit = 2147483647 (custom)
2019-10-02 11:16:06,220 [pool-1186-thread-1] INFO  server.RaftServerConfigKeys (ConfUtils.java:logGet(43)) - raft.server.log.queue.element-limit = 1024 (custom)
2019-10-02 11:16:06,220 [pool-1186-thread-1] INFO  server.RaftServerConfigKeys (ConfUtils.java:logGet(43)) - raft.server.log.segment.size.max = 1048576 (custom)
2019-10-02 11:16:06,220 [pool-1186-thread-1] INFO  server.RaftServerConfigKeys (ConfUtils.java:logGet(43)) - raft.server.log.preallocated.size = 16384 (custom)
2019-10-02 11:16:06,220 [pool-1186-thread-1] INFO  server.RaftServerConfigKeys (ConfUtils.java:logGet(43)) - raft.server.log.write.buffer.size = 33554432 (custom)
2019-10-02 11:16:06,220 [pool-1186-thread-1] INFO  server.RaftServerConfigKeys (ConfUtils.java:logGet(43)) - raft.server.log.force.sync.num = 128 (default)
2019-10-02 11:16:06,220 [pool-1186-thread-1] INFO  server.RaftServerConfigKeys (ConfUtils.java:logGet(43)) - raft.server.log.statemachine.data.sync = true (default)
2019-10-02 11:16:06,220 [pool-1186-thread-1] INFO  server.RaftServerConfigKeys (ConfUtils.java:logGet(43)) - raft.server.log.statemachine.data.sync.timeout = 10s (default)
2019-10-02 11:16:06,221 [pool-1186-thread-1] INFO  server.RaftServerConfigKeys (ConfUtils.java:logGet(43)) - raft.server.log.statemachine.data.sync.timeout.retry = -1 (default)
2019-10-02 11:16:06,221 [pool-1186-thread-1] INFO  server.RaftServerConfigKeys (ConfUtils.java:logGet(43)) - raft.server.log.statemachine.data.caching.enabled = true (custom)
2019-10-02 11:16:06,221 [pool-1186-thread-1] INFO  segmented.SegmentedRaftLogWorker (SegmentedRaftLogWorker.java:lambda$new$0(128)) - f25a1a40-2d57-48fc-b529-3df222b48a32@group-AF725544544A-SegmentedRaftLogWorker: flushIndex: setUnconditionally 0 -> -1
2019-10-02 11:16:06,221 [pool-1186-thread-1] INFO  server.RaftServerConfigKeys (ConfUtils.java:logGet(43)) - raft.server.snapshot.auto.trigger.enabled = true (custom)
2019-10-02 11:16:06,222 [pool-1186-thread-1] INFO  server.RaftServerConfigKeys (ConfUtils.java:logGet(43)) - raft.server.snapshot.auto.trigger.threshold = 10000 (custom)
2019-10-02 11:16:06,222 [pool-1186-thread-1] INFO  server.RaftServerConfigKeys (ConfUtils.java:logGet(43)) - raft.server.snapshot.retention.file.num = 5 (custom)
2019-10-02 11:16:06,222 [pool-1186-thread-1] INFO  server.RaftServerConfigKeys (ConfUtils.java:logGet(43)) - raft.server.retrycache.expirytime = 600000ms (custom)
2019-10-02 11:16:06,224 [pool-1186-thread-1] INFO  impl.RaftServerImpl (RaftServerImpl.java:start(181)) - f25a1a40-2d57-48fc-b529-3df222b48a32@group-DC2D55AC47D4: start as a follower, conf=-1: [f25a1a40-2d57-48fc-b529-3df222b48a32:192.168.30.47:34675], old=null
2019-10-02 11:16:06,224 [pool-1186-thread-1] INFO  impl.RaftServerImpl (RaftServerImpl.java:setRole(170)) - f25a1a40-2d57-48fc-b529-3df222b48a32@group-DC2D55AC47D4: changes role from      null to FOLLOWER at term 0 for startAsFollower
2019-10-02 11:16:06,224 [pool-1186-thread-1] INFO  impl.RoleInfo (RoleInfo.java:updateAndGet(143)) - f25a1a40-2d57-48fc-b529-3df222b48a32: start FollowerState
2019-10-02 11:16:06,236 [pool-1186-thread-1] INFO  util.JmxRegister (JmxRegister.java:tryRegister(44)) - Successfully registered JMX Bean with object name Ratis:service=RaftServer,group=group-DC2D55AC47D4,id=f25a1a40-2d57-48fc-b529-3df222b48a32
2019-10-02 11:16:06,248 [pool-1186-thread-1] INFO  impl.RaftServerImpl (RaftServerImpl.java:<init>(95)) - f25a1a40-2d57-48fc-b529-3df222b48a32: new RaftServerImpl for group-2874C5172C05:[f25a1a40-2d57-48fc-b529-3df222b48a32:192.168.30.47:34675] with ContainerStateMachine:uninitialized
2019-10-02 11:16:06,248 [pool-1186-thread-1] INFO  server.RaftServerConfigKeys (ConfUtils.java:logGet(43)) - raft.server.rpc.timeout.min = 5s (custom)
2019-10-02 11:16:06,248 [pool-1186-thread-1] INFO  server.RaftServerConfigKeys (ConfUtils.java:logGet(43)) - raft.server.rpc.timeout.max = 5200ms (custom)
2019-10-02 11:16:06,248 [pool-1186-thread-1] INFO  server.RaftServerConfigKeys (ConfUtils.java:logGet(43)) - raft.server.rpcslowness.timeout = 120s (custom)
2019-10-02 11:16:06,248 [pool-1186-thread-1] INFO  server.RaftServerConfigKeys (ConfUtils.java:logGet(43)) - raft.server.sleep.deviation.threshold = 300 (default)
2019-10-02 11:16:06,248 [pool-1186-thread-1] INFO  server.RaftServerConfigKeys (ConfUtils.java:logGet(43)) - raft.server.log.appender.install.snapshot.enabled = false (custom)
2019-10-02 11:16:06,249 [pool-1186-thread-1] INFO  impl.RaftServerImpl (ServerState.java:<init>(103)) - f25a1a40-2d57-48fc-b529-3df222b48a32@group-2874C5172C05: ConfigurationManager, init=-1: [f25a1a40-2d57-48fc-b529-3df222b48a32:192.168.30.47:34675], old=null, confs=<EMPTY_MAP>
2019-10-02 11:16:06,249 [pool-1186-thread-1] INFO  server.RaftServerConfigKeys (ConfUtils.java:logGet(43)) - raft.server.storage.dir = [/workdir/hadoop-ozone/integration-test/target/test-dir/MiniOzoneClusterImpl-6b8b4e73-238b-464d-9ee8-997a354feda4/datanode-0/data/ratis] (custom)
2019-10-02 11:16:06,249 [pool-1186-thread-1] INFO  server.RaftServerConfigKeys (ConfUtils.java:logGet(43)) - raft.server.log.corruption.policy = EXCEPTION (default)
2019-10-02 11:16:06,249 [pool-1186-thread-1] INFO  storage.RaftStorageDirectory (RaftStorageDirectory.java:analyzeStorage(246)) - The storage directory /workdir/hadoop-ozone/integration-test/target/test-dir/MiniOzoneClusterImpl-6b8b4e73-238b-464d-9ee8-997a354feda4/datanode-0/data/ratis/4af34614-51a6-404e-ab6f-2874c5172c05 does not exist. Creating ...
2019-10-02 11:16:09,056 [RATISCREATEPIPELINE1] ERROR pipeline.RatisPipelineProvider (RatisPipelineProvider.java:lambda$null$5(235)) - Failed invoke Ratis rpc org.apache.hadoop.hdds.scm.pipeline.RatisPipelineProvider$$Lambda$410/1121029355@62ae4d1f for f25a1a40-2d57-48fc-b529-3df222b48a32
org.apache.ratis.protocol.TimeoutIOException: deadline exceeded after 2999778511ns
	at org.apache.ratis.grpc.GrpcUtil.tryUnwrapException(GrpcUtil.java:82)
	at org.apache.ratis.grpc.GrpcUtil.unwrapException(GrpcUtil.java:75)
	at org.apache.ratis.grpc.client.GrpcClientProtocolClient.blockingCall(GrpcClientProtocolClient.java:184)
	at org.apache.ratis.grpc.client.GrpcClientProtocolClient.groupAdd(GrpcClientProtocolClient.java:153)
	at org.apache.ratis.grpc.client.GrpcClientRpc.sendRequest(GrpcClientRpc.java:94)
	at org.apache.ratis.client.impl.RaftClientImpl.sendRequest(RaftClientImpl.java:278)
	at org.apache.ratis.client.impl.RaftClientImpl.groupAdd(RaftClientImpl.java:205)
	at org.apache.hadoop.hdds.scm.pipeline.RatisPipelineProvider.lambda$initializePipeline$4(RatisPipelineProvider.java:196)
	at org.apache.hadoop.hdds.scm.pipeline.RatisPipelineProvider.lambda$null$5(RatisPipelineProvider.java:231)
	at java.util.stream.ForEachOps$ForEachOp$OfRef.accept(ForEachOps.java:184)
	at java.util.ArrayList$ArrayListSpliterator.forEachRemaining(ArrayList.java:1382)
	at java.util.stream.AbstractPipeline.copyInto(AbstractPipeline.java:482)
	at java.util.stream.ForEachOps$ForEachTask.compute(ForEachOps.java:291)
	at java.util.concurrent.CountedCompleter.exec(CountedCompleter.java:731)
	at java.util.concurrent.ForkJoinTask.doExec(ForkJoinTask.java:289)
	at java.util.concurrent.ForkJoinTask.doInvoke(ForkJoinTask.java:401)
	at java.util.concurrent.ForkJoinTask.invoke(ForkJoinTask.java:734)
	at java.util.stream.ForEachOps$ForEachOp.evaluateParallel(ForEachOps.java:160)
	at java.util.stream.ForEachOps$ForEachOp$OfRef.evaluateParallel(ForEachOps.java:174)
	at java.util.stream.AbstractPipeline.evaluate(AbstractPipeline.java:233)
	at java.util.stream.ReferencePipeline.forEach(ReferencePipeline.java:418)
	at java.util.stream.ReferencePipeline$Head.forEach(ReferencePipeline.java:583)
	at org.apache.hadoop.hdds.scm.pipeline.RatisPipelineProvider.lambda$callRatisRpc$6(RatisPipelineProvider.java:225)
	at java.util.concurrent.ForkJoinTask$AdaptedRunnableAction.exec(ForkJoinTask.java:1386)
	at java.util.concurrent.ForkJoinTask.doExec(ForkJoinTask.java:289)
	at java.util.concurrent.ForkJoinPool$WorkQueue.runTask(ForkJoinPool.java:1056)
	at java.util.concurrent.ForkJoinPool.runWorker(ForkJoinPool.java:1692)
	at java.util.concurrent.ForkJoinWorkerThread.run(ForkJoinWorkerThread.java:157)
Caused by: org.apache.ratis.thirdparty.io.grpc.StatusRuntimeException: DEADLINE_EXCEEDED: deadline exceeded after 2999778511ns
	at org.apache.ratis.thirdparty.io.grpc.stub.ClientCalls.toStatusRuntimeException(ClientCalls.java:233)
	at org.apache.ratis.thirdparty.io.grpc.stub.ClientCalls.getUnchecked(ClientCalls.java:214)
	at org.apache.ratis.thirdparty.io.grpc.stub.ClientCalls.blockingUnaryCall(ClientCalls.java:139)
	at org.apache.ratis.proto.grpc.AdminProtocolServiceGrpc$AdminProtocolServiceBlockingStub.groupManagement(AdminProtocolServiceGrpc.java:274)
	at org.apache.ratis.grpc.client.GrpcClientProtocolClient.lambda$groupAdd$3(GrpcClientProtocolClient.java:155)
	at org.apache.ratis.grpc.client.GrpcClientProtocolClient.blockingCall(GrpcClientProtocolClient.java:182)
	... 25 more
2019-10-02 11:16:09,060 [IPC Server handler 1 on 40241] WARN  block.BlockManagerImpl (BlockManagerImpl.java:allocateBlock(192)) - Pipeline creation failed for type:RATIS factor:ONE. Retrying get pipelines call once.
java.io.IOException: Failed invoke Ratis rpc org.apache.hadoop.hdds.scm.pipeline.RatisPipelineProvider$$Lambda$410/1121029355@62ae4d1f for f25a1a40-2d57-48fc-b529-3df222b48a32
	at org.apache.hadoop.hdds.scm.pipeline.RatisPipelineProvider.lambda$null$5(RatisPipelineProvider.java:236)
	at java.util.stream.ForEachOps$ForEachOp$OfRef.accept(ForEachOps.java:184)
	at java.util.ArrayList$ArrayListSpliterator.forEachRemaining(ArrayList.java:1382)
	at java.util.stream.AbstractPipeline.copyInto(AbstractPipeline.java:482)
	at java.util.stream.ForEachOps$ForEachTask.compute(ForEachOps.java:291)
	at java.util.concurrent.CountedCompleter.exec(CountedCompleter.java:731)
	at java.util.concurrent.ForkJoinTask.doExec(ForkJoinTask.java:289)
	at java.util.concurrent.ForkJoinTask.doInvoke(ForkJoinTask.java:401)
	at java.util.concurrent.ForkJoinTask.invoke(ForkJoinTask.java:734)
	at java.util.stream.ForEachOps$ForEachOp.evaluateParallel(ForEachOps.java:160)
	at java.util.stream.ForEachOps$ForEachOp$OfRef.evaluateParallel(ForEachOps.java:174)
	at java.util.stream.AbstractPipeline.evaluate(AbstractPipeline.java:233)
	at java.util.stream.ReferencePipeline.forEach(ReferencePipeline.java:418)
	at java.util.stream.ReferencePipeline$Head.forEach(ReferencePipeline.java:583)
	at org.apache.hadoop.hdds.scm.pipeline.RatisPipelineProvider.lambda$callRatisRpc$6(RatisPipelineProvider.java:225)
	at java.util.concurrent.ForkJoinTask$AdaptedRunnableAction.exec(ForkJoinTask.java:1386)
	at java.util.concurrent.ForkJoinTask.doExec(ForkJoinTask.java:289)
	at java.util.concurrent.ForkJoinPool$WorkQueue.runTask(ForkJoinPool.java:1056)
	at java.util.concurrent.ForkJoinPool.runWorker(ForkJoinPool.java:1692)
	at java.util.concurrent.ForkJoinWorkerThread.run(ForkJoinWorkerThread.java:157)
Caused by: org.apache.ratis.protocol.TimeoutIOException: deadline exceeded after 2999778511ns
	at org.apache.ratis.grpc.GrpcUtil.tryUnwrapException(GrpcUtil.java:82)
	at org.apache.ratis.grpc.GrpcUtil.unwrapException(GrpcUtil.java:75)
	at org.apache.ratis.grpc.client.GrpcClientProtocolClient.blockingCall(GrpcClientProtocolClient.java:184)
	at org.apache.ratis.grpc.client.GrpcClientProtocolClient.groupAdd(GrpcClientProtocolClient.java:153)
	at org.apache.ratis.grpc.client.GrpcClientRpc.sendRequest(GrpcClientRpc.java:94)
	at org.apache.ratis.client.impl.RaftClientImpl.sendRequest(RaftClientImpl.java:278)
	at org.apache.ratis.client.impl.RaftClientImpl.groupAdd(RaftClientImpl.java:205)
	at org.apache.hadoop.hdds.scm.pipeline.RatisPipelineProvider.lambda$initializePipeline$4(RatisPipelineProvider.java:196)
	at org.apache.hadoop.hdds.scm.pipeline.RatisPipelineProvider.lambda$null$5(RatisPipelineProvider.java:231)
	... 19 more
Caused by: org.apache.ratis.thirdparty.io.grpc.StatusRuntimeException: DEADLINE_EXCEEDED: deadline exceeded after 2999778511ns
	at org.apache.ratis.thirdparty.io.grpc.stub.ClientCalls.toStatusRuntimeException(ClientCalls.java:233)
	at org.apache.ratis.thirdparty.io.grpc.stub.ClientCalls.getUnchecked(ClientCalls.java:214)
	at org.apache.ratis.thirdparty.io.grpc.stub.ClientCalls.blockingUnaryCall(ClientCalls.java:139)
	at org.apache.ratis.proto.grpc.AdminProtocolServiceGrpc$AdminProtocolServiceBlockingStub.groupManagement(AdminProtocolServiceGrpc.java:274)
	at org.apache.ratis.grpc.client.GrpcClientProtocolClient.lambda$groupAdd$3(GrpcClientProtocolClient.java:155)
	at org.apache.ratis.grpc.client.GrpcClientProtocolClient.blockingCall(GrpcClientProtocolClient.java:182)
	... 25 more
2019-10-02 11:16:09,063 [IPC Server handler 1 on 40241] INFO  block.BlockManagerImpl (BlockManagerImpl.java:allocateBlock(198)) - Could not find available pipeline of type:RATIS and factor:ONE even after retrying
2019-10-02 11:16:09,063 [IPC Server handler 1 on 40241] ERROR block.BlockManagerImpl (BlockManagerImpl.java:allocateBlock(222)) - Unable to allocate a block for the size: 4194304, type: RATIS, factor: ONE
2019-10-02 11:16:09,066 [Thread-5388] INFO  ozone.MiniOzoneClusterImpl (MiniOzoneClusterImpl.java:shutdown(314)) - Shutting down the Mini Ozone Cluster
2019-10-02 11:16:09,066 [Thread-5388] INFO  ozone.MiniOzoneHAClusterImpl (MiniOzoneHAClusterImpl.java:stop(147)) - Stopping the OzoneManager omNode-3
2019-10-02 11:16:09,067 [Thread-5388] INFO  ipc.Server (Server.java:stop(3082)) - Stopping server on 10100
2019-10-02 11:16:09,073 [IPC Server listener on 10100] INFO  ipc.Server (Server.java:run(1185)) - Stopping IPC Server listener on 10100
2019-10-02 11:16:09,073 [IPC Server Responder] INFO  ipc.Server (Server.java:run(1319)) - Stopping IPC Server Responder
2019-10-02 11:16:09,074 [Thread-5388] INFO  impl.RaftServerProxy (RaftServerProxy.java:lambda$close$4(314)) - omNode-3: close
2019-10-02 11:16:09,079 [Thread-5388] INFO  impl.RaftServerImpl (RaftServerImpl.java:lambda$shutdown$3(247)) - omNode-3@group-523986131536: shutdown
2019-10-02 11:16:09,080 [Thread-5388] INFO  util.JmxRegister (JmxRegister.java:unregister(73)) - Successfully un-registered JMX Bean with object name Ratis:service=RaftServer,group=group-523986131536,id=omNode-3
2019-10-02 11:16:09,080 [Thread-5388] INFO  impl.RoleInfo (RoleInfo.java:shutdownFollowerState(121)) - omNode-3: shutdown FollowerState
2019-10-02 11:16:09,081 [Thread-5388] INFO  impl.StateMachineUpdater (StateMachineUpdater.java:stopAndJoin(136)) - omNode-3@group-523986131536-StateMachineUpdater: set stopIndex = 4
2019-10-02 11:16:09,081 [Thread-5570] INFO  impl.FollowerState (FollowerState.java:run(117)) - omNode-3@group-523986131536-FollowerState was interrupted: java.lang.InterruptedException: sleep interrupted
2019-10-02 11:16:09,081 [omNode-3@group-523986131536-StateMachineUpdater] INFO  ratis.OzoneManagerStateMachine (OzoneManagerStateMachine.java:takeSnapshot(254)) - Saving Ratis snapshot on the OM.
2019-10-02 11:16:09,085 [omNode-3@group-523986131536-StateMachineUpdater] INFO  ratis.OMRatisSnapshotInfo (OMRatisSnapshotInfo.java:saveRatisSnapshotToDisk(107)) - Saved Ratis Snapshot on the OM with snapshotIndex 3
2019-10-02 11:16:09,086 [omNode-3@group-523986131536-StateMachineUpdater] INFO  impl.StateMachineUpdater (StateMachineUpdater.java:takeSnapshot(269)) - omNode-3@group-523986131536-StateMachineUpdater: Took a snapshot at index 3
2019-10-02 11:16:09,086 [omNode-3@group-523986131536-StateMachineUpdater] INFO  impl.StateMachineUpdater (StateMachineUpdater.java:lambda$new$0(84)) - omNode-3@group-523986131536-StateMachineUpdater: snapshotIndex: updateIncreasingly -1 -> 3
2019-10-02 11:16:09,086 [omNode-3@group-523986131536-StateMachineUpdater] INFO  ratis.OzoneManagerStateMachine (OzoneManagerStateMachine.java:takeSnapshot(254)) - Saving Ratis snapshot on the OM.
2019-10-02 11:16:09,086 [omNode-3@group-523986131536-StateMachineUpdater] INFO  ratis.OMRatisSnapshotInfo (OMRatisSnapshotInfo.java:saveRatisSnapshotToDisk(107)) - Saved Ratis Snapshot on the OM with snapshotIndex 3
2019-10-02 11:16:09,086 [omNode-3@group-523986131536-StateMachineUpdater] INFO  impl.StateMachineUpdater (StateMachineUpdater.java:takeSnapshot(269)) - omNode-3@group-523986131536-StateMachineUpdater: Took a snapshot at index 3
2019-10-02 11:16:09,086 [omNode-3@group-523986131536-StateMachineUpdater] INFO  impl.StateMachineUpdater (StateMachineUpdater.java:lambda$new$0(84)) - omNode-3@group-523986131536-StateMachineUpdater: snapshotIndex: updateIncreasingly 3 -> 3
2019-10-02 11:16:09,087 [Thread-5388] INFO  impl.RaftServerImpl (ServerState.java:close(387)) - omNode-3@group-523986131536: closes. applyIndex: 4
2019-10-02 11:16:09,087 [omNode-3@group-523986131536-SegmentedRaftLogWorker] INFO  segmented.SegmentedRaftLogWorker (SegmentedRaftLogWorker.java:run(316)) - omNode-3@group-523986131536-SegmentedRaftLogWorker was interrupted, exiting. There are 0 tasks remaining in the queue.
2019-10-02 11:16:09,090 [Thread-5388] INFO  segmented.SegmentedRaftLogWorker (SegmentedRaftLogWorker.java:close(224)) - omNode-3@group-523986131536-SegmentedRaftLogWorker close()
2019-10-02 11:16:09,094 [Thread-5388] INFO  server.GrpcService (GrpcService.java:closeImpl(164)) - omNode-3: shutdown server with port 10104 now
2019-10-02 11:16:09,098 [grpc-default-executor-5] WARN  server.GrpcServerProtocolService (LogUtils.java:warn(134)) - omNode-3: installSnapshot onError, lastRequest: omNode-1->omNode-3#31-t1, previous=(t:1, i:4), leaderCommit=4, initializing? false, entries: <empty>: org.apache.ratis.thirdparty.io.grpc.StatusRuntimeException: CANCELLED: cancelled before receiving half close
2019-10-02 11:16:09,098 [grpc-default-executor-6] WARN  server.GrpcLogAppender (LogUtils.java:warn(134)) - omNode-1@group-523986131536->omNode-3-AppendLogResponseHandler: Failed appendEntries: org.apache.ratis.thirdparty.io.grpc.StatusRuntimeException: CANCELLED: HTTP/2 error code: CANCEL
Received Rst Stream
2019-10-02 11:16:09,098 [Thread-5388] INFO  server.GrpcService (GrpcService.java:closeImpl(172)) - omNode-3: shutdown server with port 10104 successfully
2019-10-02 11:16:09,104 [Thread-5388] INFO  ratis.OzoneManagerDoubleBuffer (OzoneManagerDoubleBuffer.java:stop(248)) - Stopping OMDoubleBuffer flush thread
2019-10-02 11:16:09,104 [grpc-default-executor-6] INFO  impl.FollowerInfo (FollowerInfo.java:lambda$new$0(51)) - omNode-1@group-523986131536->omNode-3: nextIndex: updateUnconditionally 5 -> 4
2019-10-02 11:16:09,104 [OMDoubleBufferFlushThread] INFO  ratis.OzoneManagerDoubleBuffer (OzoneManagerDoubleBuffer.java:flushTransactions(191)) - OMDoubleBuffer flush thread OMDoubleBufferFlushThread is interrupted and will exit. OMDoubleBufferFlushThread
2019-10-02 11:16:09,105 [Thread-5388] INFO  utils.BackgroundService (BackgroundService.java:shutdown(148)) - Shutting down service KeyDeletingService
2019-10-02 11:16:09,107 [Thread-5388] INFO  handler.ContextHandler (ContextHandler.java:doStop(910)) - Stopped o.e.j.w.WebAppContext@53a3c14a{/,null,UNAVAILABLE}{/ozoneManager}
2019-10-02 11:16:09,108 [Thread-5388] INFO  server.AbstractConnector (AbstractConnector.java:doStop(318)) - Stopped ServerConnector@7fb90396{HTTP/1.1,[http/1.1]}{0.0.0.0:10102}
2019-10-02 11:16:09,108 [Thread-5388] INFO  handler.ContextHandler (ContextHandler.java:doStop(910)) - Stopped o.e.j.s.ServletContextHandler@6fe57501{/static,file:///workdir/hadoop-ozone/integration-test/target/test-classes/webapps/static,UNAVAILABLE}
2019-10-02 11:16:09,109 [Thread-5388] INFO  handler.ContextHandler (ContextHandler.java:doStop(910)) - Stopped o.e.j.s.ServletContextHandler@6a87faa3{/logs,file:///workdir/hadoop-ozone/integration-test/target/log,UNAVAILABLE}
2019-10-02 11:16:09,110 [Thread-5388] INFO  ozone.MiniOzoneHAClusterImpl (MiniOzoneHAClusterImpl.java:stop(147)) - Stopping the OzoneManager omNode-1
2019-10-02 11:16:09,111 [Thread-5388] INFO  ipc.Server (Server.java:stop(3082)) - Stopping server on 10088
2019-10-02 11:16:09,116 [IPC Server listener on 10088] INFO  ipc.Server (Server.java:run(1185)) - Stopping IPC Server listener on 10088
2019-10-02 11:16:09,116 [IPC Server Responder] INFO  ipc.Server (Server.java:run(1319)) - Stopping IPC Server Responder
2019-10-02 11:16:09,116 [Thread-5388] INFO  impl.RaftServerProxy (RaftServerProxy.java:lambda$close$4(314)) - omNode-1: close
2019-10-02 11:16:09,118 [Thread-5388] INFO  impl.RaftServerImpl (RaftServerImpl.java:lambda$shutdown$3(247)) - omNode-1@group-523986131536: shutdown
2019-10-02 11:16:09,118 [Thread-5388] INFO  util.JmxRegister (JmxRegister.java:unregister(73)) - Successfully un-registered JMX Bean with object name Ratis:service=RaftServer,group=group-523986131536,id=omNode-1
2019-10-02 11:16:09,119 [Thread-5388] INFO  impl.RoleInfo (RoleInfo.java:shutdownLeaderState(104)) - omNode-1: shutdown LeaderState
2019-10-02 11:16:09,122 [org.apache.ratis.server.impl.LogAppender$AppenderDaemon$$Lambda$244/2010246934@133c7aad] WARN  server.GrpcLogAppender (GrpcLogAppender.java:mayWait(143)) - omNode-1@group-523986131536->omNode-3-GrpcLogAppender: Wait interrupted by java.lang.InterruptedException
2019-10-02 11:16:09,122 [Thread-5388] INFO  impl.PendingRequests (PendingRequests.java:sendNotLeaderResponses(202)) - omNode-1@group-523986131536-PendingRequests: sendNotLeaderResponses
2019-10-02 11:16:09,122 [org.apache.ratis.server.impl.LogAppender$AppenderDaemon$$Lambda$244/2010246934@28722854] WARN  server.GrpcLogAppender (GrpcLogAppender.java:mayWait(143)) - omNode-1@group-523986131536->omNode-2-GrpcLogAppender: Wait interrupted by java.lang.InterruptedException
2019-10-02 11:16:09,127 [grpc-default-executor-6] INFO  server.GrpcServerProtocolService (GrpcServerProtocolService.java:onCompleted(113)) - omNode-2: Completed APPEND_ENTRIES, lastRequest: omNode-1->omNode-2#30-t1, previous=(t:1, i:4), leaderCommit=4, initializing? false, entries: <empty>
2019-10-02 11:16:09,130 [Thread-5388] INFO  impl.StateMachineUpdater (StateMachineUpdater.java:stopAndJoin(136)) - omNode-1@group-523986131536-StateMachineUpdater: set stopIndex = 4
2019-10-02 11:16:09,130 [omNode-1@group-523986131536-StateMachineUpdater] INFO  ratis.OzoneManagerStateMachine (OzoneManagerStateMachine.java:takeSnapshot(254)) - Saving Ratis snapshot on the OM.
2019-10-02 11:16:09,132 [grpc-default-executor-6] INFO  server.GrpcLogAppender (GrpcLogAppender.java:onCompleted(293)) - omNode-1@group-523986131536->omNode-2-AppendLogResponseHandler: follower responses appendEntries COMPLETED
2019-10-02 11:16:09,134 [omNode-1@group-523986131536-StateMachineUpdater] INFO  ratis.OMRatisSnapshotInfo (OMRatisSnapshotInfo.java:saveRatisSnapshotToDisk(107)) - Saved Ratis Snapshot on the OM with snapshotIndex 3
2019-10-02 11:16:09,134 [grpc-default-executor-6] INFO  impl.FollowerInfo (FollowerInfo.java:lambda$new$0(51)) - omNode-1@group-523986131536->omNode-2: nextIndex: updateUnconditionally 5 -> 4
2019-10-02 11:16:09,134 [omNode-1@group-523986131536-StateMachineUpdater] INFO  impl.StateMachineUpdater (StateMachineUpdater.java:takeSnapshot(269)) - omNode-1@group-523986131536-StateMachineUpdater: Took a snapshot at index 3
2019-10-02 11:16:09,134 [omNode-1@group-523986131536-StateMachineUpdater] INFO  impl.StateMachineUpdater (StateMachineUpdater.java:lambda$new$0(84)) - omNode-1@group-523986131536-StateMachineUpdater: snapshotIndex: updateIncreasingly -1 -> 3
2019-10-02 11:16:09,135 [omNode-1@group-523986131536-StateMachineUpdater] INFO  ratis.OzoneManagerStateMachine (OzoneManagerStateMachine.java:takeSnapshot(254)) - Saving Ratis snapshot on the OM.
2019-10-02 11:16:09,135 [omNode-1@group-523986131536-StateMachineUpdater] INFO  ratis.OMRatisSnapshotInfo (OMRatisSnapshotInfo.java:saveRatisSnapshotToDisk(107)) - Saved Ratis Snapshot on the OM with snapshotIndex 3
2019-10-02 11:16:09,135 [omNode-1@group-523986131536-StateMachineUpdater] INFO  impl.StateMachineUpdater (StateMachineUpdater.java:takeSnapshot(269)) - omNode-1@group-523986131536-StateMachineUpdater: Took a snapshot at index 3
2019-10-02 11:16:09,135 [omNode-1@group-523986131536-StateMachineUpdater] INFO  impl.StateMachineUpdater (StateMachineUpdater.java:lambda$new$0(84)) - omNode-1@group-523986131536-StateMachineUpdater: snapshotIndex: updateIncreasingly 3 -> 3
2019-10-02 11:16:09,135 [Thread-5388] INFO  impl.RaftServerImpl (ServerState.java:close(387)) - omNode-1@group-523986131536: closes. applyIndex: 4
2019-10-02 11:16:09,136 [omNode-1@group-523986131536-SegmentedRaftLogWorker] INFO  segmented.SegmentedRaftLogWorker (SegmentedRaftLogWorker.java:run(316)) - omNode-1@group-523986131536-SegmentedRaftLogWorker was interrupted, exiting. There are 0 tasks remaining in the queue.
2019-10-02 11:16:09,138 [Thread-5388] INFO  segmented.SegmentedRaftLogWorker (SegmentedRaftLogWorker.java:close(224)) - omNode-1@group-523986131536-SegmentedRaftLogWorker close()
2019-10-02 11:16:09,141 [Thread-5388] INFO  server.GrpcService (GrpcService.java:closeImpl(164)) - omNode-1: shutdown server with port 10092 now
2019-10-02 11:16:09,141 [Thread-5388] INFO  server.GrpcService (GrpcService.java:closeImpl(172)) - omNode-1: shutdown server with port 10092 successfully
2019-10-02 11:16:09,142 [Thread-5388] INFO  ratis.OzoneManagerDoubleBuffer (OzoneManagerDoubleBuffer.java:stop(248)) - Stopping OMDoubleBuffer flush thread
2019-10-02 11:16:09,142 [OMDoubleBufferFlushThread] INFO  ratis.OzoneManagerDoubleBuffer (OzoneManagerDoubleBuffer.java:flushTransactions(191)) - OMDoubleBuffer flush thread OMDoubleBufferFlushThread is interrupted and will exit. OMDoubleBufferFlushThread
2019-10-02 11:16:09,142 [Thread-5388] INFO  utils.BackgroundService (BackgroundService.java:shutdown(148)) - Shutting down service KeyDeletingService
2019-10-02 11:16:09,143 [Thread-5388] INFO  handler.ContextHandler (ContextHandler.java:doStop(910)) - Stopped o.e.j.w.WebAppContext@286bba1a{/,null,UNAVAILABLE}{/ozoneManager}
2019-10-02 11:16:09,143 [Thread-5388] INFO  server.AbstractConnector (AbstractConnector.java:doStop(318)) - Stopped ServerConnector@5039b1e5{HTTP/1.1,[http/1.1]}{0.0.0.0:10090}
2019-10-02 11:16:09,144 [Thread-5388] INFO  handler.ContextHandler (ContextHandler.java:doStop(910)) - Stopped o.e.j.s.ServletContextHandler@32c4ca14{/static,file:///workdir/hadoop-ozone/integration-test/target/test-classes/webapps/static,UNAVAILABLE}
2019-10-02 11:16:09,144 [Thread-5388] INFO  handler.ContextHandler (ContextHandler.java:doStop(910)) - Stopped o.e.j.s.ServletContextHandler@4eb07b8c{/logs,file:///workdir/hadoop-ozone/integration-test/target/log,UNAVAILABLE}
2019-10-02 11:16:09,146 [Thread-5388] INFO  ozone.MiniOzoneHAClusterImpl (MiniOzoneHAClusterImpl.java:stop(147)) - Stopping the OzoneManager omNode-2
2019-10-02 11:16:09,146 [Thread-5388] INFO  ipc.Server (Server.java:stop(3082)) - Stopping server on 10094
2019-10-02 11:16:09,150 [IPC Server listener on 10094] INFO  ipc.Server (Server.java:run(1185)) - Stopping IPC Server listener on 10094
2019-10-02 11:16:09,150 [IPC Server Responder] INFO  ipc.Server (Server.java:run(1319)) - Stopping IPC Server Responder
2019-10-02 11:16:09,150 [Thread-5388] INFO  impl.RaftServerProxy (RaftServerProxy.java:lambda$close$4(314)) - omNode-2: close
2019-10-02 11:16:09,152 [Thread-5388] INFO  impl.RaftServerImpl (RaftServerImpl.java:lambda$shutdown$3(247)) - omNode-2@group-523986131536: shutdown
2019-10-02 11:16:09,152 [Thread-5388] INFO  util.JmxRegister (JmxRegister.java:unregister(73)) - Successfully un-registered JMX Bean with object name Ratis:service=RaftServer,group=group-523986131536,id=omNode-2
2019-10-02 11:16:09,152 [Thread-5388] INFO  impl.RoleInfo (RoleInfo.java:shutdownFollowerState(121)) - omNode-2: shutdown FollowerState
2019-10-02 11:16:09,153 [Thread-5388] INFO  impl.StateMachineUpdater (StateMachineUpdater.java:stopAndJoin(136)) - omNode-2@group-523986131536-StateMachineUpdater: set stopIndex = 4
2019-10-02 11:16:09,153 [omNode-2@group-523986131536-StateMachineUpdater] INFO  ratis.OzoneManagerStateMachine (OzoneManagerStateMachine.java:takeSnapshot(254)) - Saving Ratis snapshot on the OM.
2019-10-02 11:16:09,153 [Thread-5552] INFO  impl.FollowerState (FollowerState.java:run(117)) - omNode-2@group-523986131536-FollowerState was interrupted: java.lang.InterruptedException: sleep interrupted
2019-10-02 11:16:09,155 [omNode-2@group-523986131536-StateMachineUpdater] INFO  ratis.OMRatisSnapshotInfo (OMRatisSnapshotInfo.java:saveRatisSnapshotToDisk(107)) - Saved Ratis Snapshot on the OM with snapshotIndex 3
2019-10-02 11:16:09,155 [omNode-2@group-523986131536-StateMachineUpdater] INFO  impl.StateMachineUpdater (StateMachineUpdater.java:takeSnapshot(269)) - omNode-2@group-523986131536-StateMachineUpdater: Took a snapshot at index 3
2019-10-02 11:16:09,155 [omNode-2@group-523986131536-StateMachineUpdater] INFO  impl.StateMachineUpdater (StateMachineUpdater.java:lambda$new$0(84)) - omNode-2@group-523986131536-StateMachineUpdater: snapshotIndex: updateIncreasingly -1 -> 3
2019-10-02 11:16:09,155 [omNode-2@group-523986131536-StateMachineUpdater] INFO  ratis.OzoneManagerStateMachine (OzoneManagerStateMachine.java:takeSnapshot(254)) - Saving Ratis snapshot on the OM.
2019-10-02 11:16:09,156 [omNode-2@group-523986131536-StateMachineUpdater] INFO  ratis.OMRatisSnapshotInfo (OMRatisSnapshotInfo.java:saveRatisSnapshotToDisk(107)) - Saved Ratis Snapshot on the OM with snapshotIndex 3
2019-10-02 11:16:09,156 [omNode-2@group-523986131536-StateMachineUpdater] INFO  impl.StateMachineUpdater (StateMachineUpdater.java:takeSnapshot(269)) - omNode-2@group-523986131536-StateMachineUpdater: Took a snapshot at index 3
2019-10-02 11:16:09,156 [omNode-2@group-523986131536-StateMachineUpdater] INFO  impl.StateMachineUpdater (StateMachineUpdater.java:lambda$new$0(84)) - omNode-2@group-523986131536-StateMachineUpdater: snapshotIndex: updateIncreasingly 3 -> 3
2019-10-02 11:16:09,156 [Thread-5388] INFO  impl.RaftServerImpl (ServerState.java:close(387)) - omNode-2@group-523986131536: closes. applyIndex: 4
2019-10-02 11:16:09,157 [omNode-2@group-523986131536-SegmentedRaftLogWorker] INFO  segmented.SegmentedRaftLogWorker (SegmentedRaftLogWorker.java:run(316)) - omNode-2@group-523986131536-SegmentedRaftLogWorker was interrupted, exiting. There are 0 tasks remaining in the queue.
2019-10-02 11:16:09,158 [Thread-5388] INFO  segmented.SegmentedRaftLogWorker (SegmentedRaftLogWorker.java:close(224)) - omNode-2@group-523986131536-SegmentedRaftLogWorker close()
2019-10-02 11:16:09,161 [Thread-5388] INFO  server.GrpcService (GrpcService.java:closeImpl(164)) - omNode-2: shutdown server with port 10098 now
2019-10-02 11:16:09,164 [Thread-5388] INFO  server.GrpcService (GrpcService.java:closeImpl(172)) - omNode-2: shutdown server with port 10098 successfully
2019-10-02 11:16:09,164 [Thread-5388] INFO  ratis.OzoneManagerDoubleBuffer (OzoneManagerDoubleBuffer.java:stop(248)) - Stopping OMDoubleBuffer flush thread
2019-10-02 11:16:09,164 [OMDoubleBufferFlushThread] INFO  ratis.OzoneManagerDoubleBuffer (OzoneManagerDoubleBuffer.java:flushTransactions(191)) - OMDoubleBuffer flush thread OMDoubleBufferFlushThread is interrupted and will exit. OMDoubleBufferFlushThread
2019-10-02 11:16:09,164 [Thread-5388] INFO  utils.BackgroundService (BackgroundService.java:shutdown(148)) - Shutting down service KeyDeletingService
2019-10-02 11:16:09,165 [Thread-5388] INFO  handler.ContextHandler (ContextHandler.java:doStop(910)) - Stopped o.e.j.w.WebAppContext@7d4a6bde{/,null,UNAVAILABLE}{/ozoneManager}
2019-10-02 11:16:09,166 [Thread-5388] INFO  server.AbstractConnector (AbstractConnector.java:doStop(318)) - Stopped ServerConnector@713d693c{HTTP/1.1,[http/1.1]}{0.0.0.0:10096}
2019-10-02 11:16:09,166 [Thread-5388] INFO  handler.ContextHandler (ContextHandler.java:doStop(910)) - Stopped o.e.j.s.ServletContextHandler@1cc74149{/static,file:///workdir/hadoop-ozone/integration-test/target/test-classes/webapps/static,UNAVAILABLE}
2019-10-02 11:16:09,166 [Thread-5388] INFO  handler.ContextHandler (ContextHandler.java:doStop(910)) - Stopped o.e.j.s.ServletContextHandler@43f15680{/logs,file:///workdir/hadoop-ozone/integration-test/target/log,UNAVAILABLE}
2019-10-02 11:16:09,168 [Thread-5388] INFO  ozone.MiniOzoneClusterImpl (MiniOzoneClusterImpl.java:stop(330)) - Stopping the Mini Ozone Cluster
2019-10-02 11:16:09,168 [Thread-5388] INFO  ozone.MiniOzoneClusterImpl (MiniOzoneClusterImpl.java:stopDatanodes(377)) - Stopping the HddsDatanodes
2019-10-02 11:16:10,004 [Datanode State Machine Thread - 0] INFO  statemachine.DatanodeStateMachine (DatanodeStateMachine.java:lambda$startDaemon$0(350)) - Ozone container server started.
2019-10-02 11:16:11,001 [pool-1186-thread-1] INFO  storage.RaftStorageDirectory (RaftStorageDirectory.java:tryLock(328)) - Lock on /workdir/hadoop-ozone/integration-test/target/test-dir/MiniOzoneClusterImpl-6b8b4e73-238b-464d-9ee8-997a354feda4/datanode-0/data/ratis/4af34614-51a6-404e-ab6f-2874c5172c05/in_use.lock acquired by nodename 25089@pr-hdds-2231-nwbjw-3761139207
2019-10-02 11:16:11,423 [Thread-5692] INFO  impl.FollowerState (FollowerState.java:run(108)) - f25a1a40-2d57-48fc-b529-3df222b48a32@group-DC2D55AC47D4-FollowerState: change to CANDIDATE, lastRpcTime:5198ms, electionTimeout:5198ms
2019-10-02 11:16:11,424 [Thread-5692] INFO  impl.RoleInfo (RoleInfo.java:shutdownFollowerState(121)) - f25a1a40-2d57-48fc-b529-3df222b48a32: shutdown FollowerState
2019-10-02 11:16:11,424 [Thread-5692] INFO  impl.RaftServerImpl (RaftServerImpl.java:setRole(170)) - f25a1a40-2d57-48fc-b529-3df222b48a32@group-DC2D55AC47D4: changes role from  FOLLOWER to CANDIDATE at term 0 for changeToCandidate
2019-10-02 11:16:11,424 [Thread-5692] INFO  impl.RoleInfo (RoleInfo.java:updateAndGet(143)) - f25a1a40-2d57-48fc-b529-3df222b48a32: start LeaderElection
2019-10-02 11:16:12,858 [pool-1186-thread-1] INFO  storage.RaftStorage (RaftStorage.java:format(84)) - Storage directory /workdir/hadoop-ozone/integration-test/target/test-dir/MiniOzoneClusterImpl-6b8b4e73-238b-464d-9ee8-997a354feda4/datanode-0/data/ratis/4af34614-51a6-404e-ab6f-2874c5172c05 has been successfully formatted.
2019-10-02 11:16:12,858 [f25a1a40-2d57-48fc-b529-3df222b48a32@group-DC2D55AC47D4-LeaderElection38] INFO  impl.LeaderElection (LeaderElection.java:askForVotes(178)) - f25a1a40-2d57-48fc-b529-3df222b48a32@group-DC2D55AC47D4-LeaderElection38: begin an election at term 1 for -1: [f25a1a40-2d57-48fc-b529-3df222b48a32:192.168.30.47:34675], old=null
2019-10-02 11:16:12,859 [pool-1186-thread-1] INFO  ratis.ContainerStateMachine (ContainerStateMachine.java:loadSnapshot(230)) - group-2874C5172C05: The snapshot info is null. Setting the last applied indexto:(t:0, i:~)
2019-10-02 11:16:12,859 [f25a1a40-2d57-48fc-b529-3df222b48a32@group-DC2D55AC47D4-LeaderElection38] INFO  impl.RoleInfo (RoleInfo.java:shutdownLeaderElection(134)) - f25a1a40-2d57-48fc-b529-3df222b48a32: shutdown LeaderElection
2019-10-02 11:16:12,859 [pool-1186-thread-1] INFO  server.RaftServerConfigKeys (ConfUtils.java:logGet(43)) - raft.server.notification.no-leader.timeout = 120s (custom)
2019-10-02 11:16:12,859 [f25a1a40-2d57-48fc-b529-3df222b48a32@group-DC2D55AC47D4-LeaderElection38] INFO  impl.RaftServerImpl (RaftServerImpl.java:setRole(170)) - f25a1a40-2d57-48fc-b529-3df222b48a32@group-DC2D55AC47D4: changes role from CANDIDATE to LEADER at term 1 for changeToLeader
2019-10-02 11:16:12,859 [pool-1186-thread-1] INFO  server.RaftServerConfigKeys (ConfUtils.java:logGet(43)) - raft.server.log.use.memory = false (default)
2019-10-02 11:16:12,860 [f25a1a40-2d57-48fc-b529-3df222b48a32@group-DC2D55AC47D4-LeaderElection38] INFO  impl.RaftServerImpl (ServerState.java:setLeader(255)) - f25a1a40-2d57-48fc-b529-3df222b48a32@group-DC2D55AC47D4: change Leader from null to f25a1a40-2d57-48fc-b529-3df222b48a32 at term 1 for becomeLeader, leader elected after 9417ms
2019-10-02 11:16:12,860 [pool-1186-thread-1] INFO  server.RaftServerConfigKeys (ConfUtils.java:logGet(43)) - raft.server.log.purge.gap = 1000000 (custom)
2019-10-02 11:16:12,860 [f25a1a40-2d57-48fc-b529-3df222b48a32@group-DC2D55AC47D4-LeaderElection38] INFO  server.RaftServerConfigKeys (ConfUtils.java:logGet(43)) - raft.server.staging.catchup.gap = 1000 (default)
2019-10-02 11:16:12,860 [pool-1186-thread-1] INFO  server.RaftServerConfigKeys (ConfUtils.java:logGet(43)) - raft.server.log.appender.buffer.byte-limit = 33554432 (custom)
2019-10-02 11:16:12,860 [f25a1a40-2d57-48fc-b529-3df222b48a32@group-DC2D55AC47D4-LeaderElection38] INFO  server.RaftServerConfigKeys (ConfUtils.java:logGet(43)) - raft.server.rpc.sleep.time = 25ms (default)
2019-10-02 11:16:12,860 [pool-1186-thread-1] INFO  server.RaftServerConfigKeys (ConfUtils.java:logGet(43)) - raft.server.log.segment.size.max = 1048576 (custom)
2019-10-02 11:16:12,861 [pool-1186-thread-1] INFO  server.RaftServerConfigKeys (ConfUtils.java:logGet(43)) - raft.server.log.segment.cache.num.max = 2 (custom)
2019-10-02 11:16:12,861 [f25a1a40-2d57-48fc-b529-3df222b48a32@group-DC2D55AC47D4-LeaderElection38] INFO  server.RaftServerConfigKeys (ConfUtils.java:logGet(43)) - raft.server.write.element-limit = 4096 (default)
2019-10-02 11:16:12,861 [pool-1186-thread-1] INFO  segmented.SegmentedRaftLogWorker (SegmentedRaftLogWorker.java:<init>(173)) - new f25a1a40-2d57-48fc-b529-3df222b48a32@group-2874C5172C05-SegmentedRaftLogWorker for RaftStorage:Storage Directory /workdir/hadoop-ozone/integration-test/target/test-dir/MiniOzoneClusterImpl-6b8b4e73-238b-464d-9ee8-997a354feda4/datanode-0/data/ratis/4af34614-51a6-404e-ab6f-2874c5172c05
2019-10-02 11:16:12,861 [f25a1a40-2d57-48fc-b529-3df222b48a32@group-DC2D55AC47D4-LeaderElection38] INFO  server.RaftServerConfigKeys (ConfUtils.java:logGet(43)) - raft.server.watch.timeout = 10s (default)
2019-10-02 11:16:12,861 [pool-1186-thread-1] INFO  server.RaftServerConfigKeys (ConfUtils.java:logGet(43)) - raft.server.log.queue.byte-limit = 2147483647 (custom)
2019-10-02 11:16:12,861 [f25a1a40-2d57-48fc-b529-3df222b48a32@group-DC2D55AC47D4-LeaderElection38] INFO  server.RaftServerConfigKeys (ConfUtils.java:logGet(43)) - raft.server.watch.timeout.denomination = 1s (default)
2019-10-02 11:16:12,861 [pool-1186-thread-1] INFO  server.RaftServerConfigKeys (ConfUtils.java:logGet(43)) - raft.server.log.queue.element-limit = 1024 (custom)
2019-10-02 11:16:12,862 [f25a1a40-2d57-48fc-b529-3df222b48a32@group-DC2D55AC47D4-LeaderElection38] INFO  server.RaftServerConfigKeys (ConfUtils.java:logGet(43)) - raft.server.watch.element-limit = 65536 (default)
2019-10-02 11:16:12,862 [pool-1186-thread-1] INFO  server.RaftServerConfigKeys (ConfUtils.java:logGet(43)) - raft.server.log.segment.size.max = 1048576 (custom)
2019-10-02 11:16:12,862 [pool-1186-thread-1] INFO  server.RaftServerConfigKeys (ConfUtils.java:logGet(43)) - raft.server.log.preallocated.size = 16384 (custom)
2019-10-02 11:16:12,862 [pool-1186-thread-1] INFO  server.RaftServerConfigKeys (ConfUtils.java:logGet(43)) - raft.server.log.write.buffer.size = 33554432 (custom)
2019-10-02 11:16:12,862 [pool-1186-thread-1] INFO  server.RaftServerConfigKeys (ConfUtils.java:logGet(43)) - raft.server.log.force.sync.num = 128 (default)
2019-10-02 11:16:12,863 [pool-1186-thread-1] INFO  server.RaftServerConfigKeys (ConfUtils.java:logGet(43)) - raft.server.log.statemachine.data.sync = true (default)
2019-10-02 11:16:12,863 [pool-1186-thread-1] INFO  server.RaftServerConfigKeys (ConfUtils.java:logGet(43)) - raft.server.log.statemachine.data.sync.timeout = 10s (default)
2019-10-02 11:16:12,863 [pool-1186-thread-1] INFO  server.RaftServerConfigKeys (ConfUtils.java:logGet(43)) - raft.server.log.statemachine.data.sync.timeout.retry = -1 (default)
2019-10-02 11:16:12,863 [pool-1186-thread-1] INFO  server.RaftServerConfigKeys (ConfUtils.java:logGet(43)) - raft.server.log.statemachine.data.caching.enabled = true (custom)
2019-10-02 11:16:12,864 [pool-1186-thread-1] INFO  segmented.SegmentedRaftLogWorker (SegmentedRaftLogWorker.java:lambda$new$0(128)) - f25a1a40-2d57-48fc-b529-3df222b48a32@group-2874C5172C05-SegmentedRaftLogWorker: flushIndex: setUnconditionally 0 -> -1
2019-10-02 11:16:12,864 [pool-1186-thread-1] INFO  server.RaftServerConfigKeys (ConfUtils.java:logGet(43)) - raft.server.snapshot.auto.trigger.enabled = true (custom)
2019-10-02 11:16:12,865 [pool-1186-thread-1] INFO  server.RaftServerConfigKeys (ConfUtils.java:logGet(43)) - raft.server.snapshot.auto.trigger.threshold = 10000 (custom)
2019-10-02 11:16:12,865 [pool-1186-thread-1] INFO  server.RaftServerConfigKeys (ConfUtils.java:logGet(43)) - raft.server.snapshot.retention.file.num = 5 (custom)
2019-10-02 11:16:12,865 [pool-1186-thread-1] INFO  server.RaftServerConfigKeys (ConfUtils.java:logGet(43)) - raft.server.retrycache.expirytime = 600000ms (custom)
2019-10-02 11:16:12,866 [f25a1a40-2d57-48fc-b529-3df222b48a32@group-DC2D55AC47D4-LeaderElection38] INFO  impl.RoleInfo (RoleInfo.java:updateAndGet(143)) - f25a1a40-2d57-48fc-b529-3df222b48a32: start LeaderState
2019-10-02 11:16:12,867 [f25a1a40-2d57-48fc-b529-3df222b48a32@group-DC2D55AC47D4-LeaderElection38] INFO  segmented.SegmentedRaftLogWorker (SegmentedRaftLogWorker.java:startLogSegment(385)) - f25a1a40-2d57-48fc-b529-3df222b48a32@group-DC2D55AC47D4-SegmentedRaftLogWorker: Starting segment from index:0
2019-10-02 11:16:12,868 [pool-1186-thread-1] INFO  impl.RaftServerImpl (RaftServerImpl.java:start(181)) - f25a1a40-2d57-48fc-b529-3df222b48a32@group-AF725544544A: start as a follower, conf=-1: [f25a1a40-2d57-48fc-b529-3df222b48a32:192.168.30.47:34675], old=null
2019-10-02 11:16:12,872 [pool-1186-thread-1] INFO  impl.RaftServerImpl (RaftServerImpl.java:setRole(170)) - f25a1a40-2d57-48fc-b529-3df222b48a32@group-AF725544544A: changes role from      null to FOLLOWER at term 0 for startAsFollower
2019-10-02 11:16:12,872 [f25a1a40-2d57-48fc-b529-3df222b48a32@group-DC2D55AC47D4-LeaderElection38] INFO  impl.RaftServerImpl (ServerState.java:setRaftConf(356)) - f25a1a40-2d57-48fc-b529-3df222b48a32@group-DC2D55AC47D4: set configuration 0: [f25a1a40-2d57-48fc-b529-3df222b48a32:192.168.30.47:34675], old=null at 0
2019-10-02 11:16:12,872 [pool-1186-thread-1] INFO  impl.RoleInfo (RoleInfo.java:updateAndGet(143)) - f25a1a40-2d57-48fc-b529-3df222b48a32: start FollowerState
2019-10-02 11:16:12,908 [pool-1186-thread-1] INFO  util.JmxRegister (JmxRegister.java:tryRegister(44)) - Successfully registered JMX Bean with object name Ratis:service=RaftServer,group=group-AF725544544A,id=f25a1a40-2d57-48fc-b529-3df222b48a32
2019-10-02 11:16:12,911 [pool-1186-thread-1] INFO  impl.RaftServerImpl (RaftServerImpl.java:start(181)) - f25a1a40-2d57-48fc-b529-3df222b48a32@group-2874C5172C05: start as a follower, conf=-1: [f25a1a40-2d57-48fc-b529-3df222b48a32:192.168.30.47:34675], old=null
2019-10-02 11:16:12,911 [pool-1186-thread-1] INFO  impl.RaftServerImpl (RaftServerImpl.java:setRole(170)) - f25a1a40-2d57-48fc-b529-3df222b48a32@group-2874C5172C05: changes role from      null to FOLLOWER at term 0 for startAsFollower
2019-10-02 11:16:12,912 [pool-1186-thread-1] INFO  impl.RoleInfo (RoleInfo.java:updateAndGet(143)) - f25a1a40-2d57-48fc-b529-3df222b48a32: start FollowerState
2019-10-02 11:16:12,912 [pool-1186-thread-1] INFO  util.JmxRegister (JmxRegister.java:tryRegister(44)) - Successfully registered JMX Bean with object name Ratis:service=RaftServer,group=group-2874C5172C05,id=f25a1a40-2d57-48fc-b529-3df222b48a32
2019-10-02 11:16:13,536 [f25a1a40-2d57-48fc-b529-3df222b48a32@group-DC2D55AC47D4-SegmentedRaftLogWorker] INFO  segmented.SegmentedRaftLogWorker (SegmentedRaftLogWorker.java:execute(574)) - f25a1a40-2d57-48fc-b529-3df222b48a32@group-DC2D55AC47D4-SegmentedRaftLogWorker: created new log segment /workdir/hadoop-ozone/integration-test/target/test-dir/MiniOzoneClusterImpl-6b8b4e73-238b-464d-9ee8-997a354feda4/datanode-0/data/ratis/2d982347-626b-4205-a3c3-dc2d55ac47d4/current/log_inprogress_0
2019-10-02 11:16:14,169 [Thread-5388] INFO  ozoneimpl.OzoneContainer (OzoneContainer.java:stop(231)) - Attempting to stop container services.
2019-10-02 11:16:14,169 [Thread-5388] INFO  impl.RaftServerProxy (RaftServerProxy.java:lambda$close$4(314)) - f25a1a40-2d57-48fc-b529-3df222b48a32: close
2019-10-02 11:16:14,170 [Thread-5388] INFO  impl.RaftServerImpl (RaftServerImpl.java:lambda$shutdown$3(247)) - f25a1a40-2d57-48fc-b529-3df222b48a32@group-AF725544544A: shutdown
2019-10-02 11:16:14,170 [Thread-5388] INFO  util.JmxRegister (JmxRegister.java:unregister(73)) - Successfully un-registered JMX Bean with object name Ratis:service=RaftServer,group=group-AF725544544A,id=f25a1a40-2d57-48fc-b529-3df222b48a32
2019-10-02 11:16:14,170 [Thread-5388] INFO  impl.RoleInfo (RoleInfo.java:shutdownFollowerState(121)) - f25a1a40-2d57-48fc-b529-3df222b48a32: shutdown FollowerState
2019-10-02 11:16:14,171 [Thread-5388] INFO  impl.StateMachineUpdater (StateMachineUpdater.java:stopAndJoin(136)) - f25a1a40-2d57-48fc-b529-3df222b48a32@group-AF725544544A-StateMachineUpdater: set stopIndex = -1
2019-10-02 11:16:14,171 [Thread-5716] INFO  impl.FollowerState (FollowerState.java:run(117)) - f25a1a40-2d57-48fc-b529-3df222b48a32@group-AF725544544A-FollowerState was interrupted: java.lang.InterruptedException: sleep interrupted
2019-10-02 11:16:14,174 [Thread-5388] INFO  impl.RaftServerImpl (ServerState.java:close(387)) - f25a1a40-2d57-48fc-b529-3df222b48a32@group-AF725544544A: closes. applyIndex: -1
2019-10-02 11:16:14,177 [f25a1a40-2d57-48fc-b529-3df222b48a32@group-AF725544544A-SegmentedRaftLogWorker] INFO  segmented.SegmentedRaftLogWorker (SegmentedRaftLogWorker.java:run(316)) - f25a1a40-2d57-48fc-b529-3df222b48a32@group-AF725544544A-SegmentedRaftLogWorker was interrupted, exiting. There are 0 tasks remaining in the queue.
2019-10-02 11:16:14,177 [Thread-5388] INFO  segmented.SegmentedRaftLogWorker (SegmentedRaftLogWorker.java:close(224)) - f25a1a40-2d57-48fc-b529-3df222b48a32@group-AF725544544A-SegmentedRaftLogWorker close()
2019-10-02 11:16:14,189 [Thread-5388] INFO  impl.RaftServerImpl (RaftServerImpl.java:lambda$shutdown$3(247)) - f25a1a40-2d57-48fc-b529-3df222b48a32@group-2874C5172C05: shutdown
2019-10-02 11:16:14,190 [Thread-5388] INFO  util.JmxRegister (JmxRegister.java:unregister(73)) - Successfully un-registered JMX Bean with object name Ratis:service=RaftServer,group=group-2874C5172C05,id=f25a1a40-2d57-48fc-b529-3df222b48a32
2019-10-02 11:16:14,190 [Thread-5388] INFO  impl.RoleInfo (RoleInfo.java:shutdownFollowerState(121)) - f25a1a40-2d57-48fc-b529-3df222b48a32: shutdown FollowerState
2019-10-02 11:16:14,191 [Thread-5388] INFO  impl.StateMachineUpdater (StateMachineUpdater.java:stopAndJoin(136)) - f25a1a40-2d57-48fc-b529-3df222b48a32@group-2874C5172C05-StateMachineUpdater: set stopIndex = -1
2019-10-02 11:16:14,191 [Thread-5718] INFO  impl.FollowerState (FollowerState.java:run(117)) - f25a1a40-2d57-48fc-b529-3df222b48a32@group-2874C5172C05-FollowerState was interrupted: java.lang.InterruptedException: sleep interrupted
2019-10-02 11:16:14,193 [Thread-5388] INFO  impl.RaftServerImpl (ServerState.java:close(387)) - f25a1a40-2d57-48fc-b529-3df222b48a32@group-2874C5172C05: closes. applyIndex: -1
2019-10-02 11:16:14,195 [f25a1a40-2d57-48fc-b529-3df222b48a32@group-2874C5172C05-SegmentedRaftLogWorker] INFO  segmented.SegmentedRaftLogWorker (SegmentedRaftLogWorker.java:run(316)) - f25a1a40-2d57-48fc-b529-3df222b48a32@group-2874C5172C05-SegmentedRaftLogWorker was interrupted, exiting. There are 0 tasks remaining in the queue.
2019-10-02 11:16:14,196 [Thread-5388] INFO  segmented.SegmentedRaftLogWorker (SegmentedRaftLogWorker.java:close(224)) - f25a1a40-2d57-48fc-b529-3df222b48a32@group-2874C5172C05-SegmentedRaftLogWorker close()
2019-10-02 11:16:14,198 [Thread-5388] INFO  impl.RaftServerImpl (RaftServerImpl.java:lambda$shutdown$3(247)) - f25a1a40-2d57-48fc-b529-3df222b48a32@group-DC2D55AC47D4: shutdown
2019-10-02 11:16:14,198 [Thread-5388] INFO  util.JmxRegister (JmxRegister.java:unregister(73)) - Successfully un-registered JMX Bean with object name Ratis:service=RaftServer,group=group-DC2D55AC47D4,id=f25a1a40-2d57-48fc-b529-3df222b48a32
2019-10-02 11:16:14,198 [Thread-5388] INFO  impl.RoleInfo (RoleInfo.java:shutdownLeaderState(104)) - f25a1a40-2d57-48fc-b529-3df222b48a32: shutdown LeaderState
2019-10-02 11:16:14,199 [Thread-5388] INFO  impl.PendingRequests (PendingRequests.java:sendNotLeaderResponses(202)) - f25a1a40-2d57-48fc-b529-3df222b48a32@group-DC2D55AC47D4-PendingRequests: sendNotLeaderResponses
2019-10-02 11:16:14,199 [Thread-5388] INFO  impl.StateMachineUpdater (StateMachineUpdater.java:stopAndJoin(136)) - f25a1a40-2d57-48fc-b529-3df222b48a32@group-DC2D55AC47D4-StateMachineUpdater: set stopIndex = 0
2019-10-02 11:16:14,201 [Thread-5388] INFO  impl.RaftServerImpl (ServerState.java:close(387)) - f25a1a40-2d57-48fc-b529-3df222b48a32@group-DC2D55AC47D4: closes. applyIndex: 0
2019-10-02 11:16:14,202 [f25a1a40-2d57-48fc-b529-3df222b48a32@group-DC2D55AC47D4-SegmentedRaftLogWorker] INFO  segmented.SegmentedRaftLogWorker (SegmentedRaftLogWorker.java:run(316)) - f25a1a40-2d57-48fc-b529-3df222b48a32@group-DC2D55AC47D4-SegmentedRaftLogWorker was interrupted, exiting. There are 0 tasks remaining in the queue.
2019-10-02 11:16:14,203 [Thread-5388] INFO  segmented.SegmentedRaftLogWorker (SegmentedRaftLogWorker.java:close(224)) - f25a1a40-2d57-48fc-b529-3df222b48a32@group-DC2D55AC47D4-SegmentedRaftLogWorker close()
2019-10-02 11:16:14,206 [Thread-5388] INFO  server.GrpcService (GrpcService.java:closeImpl(164)) - f25a1a40-2d57-48fc-b529-3df222b48a32: shutdown server with port 34675 now
2019-10-02 11:16:14,208 [Thread-5388] INFO  server.GrpcService (GrpcService.java:closeImpl(172)) - f25a1a40-2d57-48fc-b529-3df222b48a32: shutdown server with port 34675 successfully
2019-10-02 11:16:14,209 [refreshUsed-/workdir/hadoop-ozone/integration-test/target/test-dir/MiniOzoneClusterImpl-6b8b4e73-238b-464d-9ee8-997a354feda4/datanode-0/data/containers] WARN  fs.CachingGetSpaceUsed (CachingGetSpaceUsed.java:run(183)) - Thread Interrupted waiting to refresh disk information: sleep interrupted
2019-10-02 11:16:14,231 [Thread-5388] INFO  utils.BackgroundService (BackgroundService.java:shutdown(148)) - Shutting down service BlockDeletingService
2019-10-02 11:16:14,237 [Thread-5388] INFO  statemachine.DatanodeStateMachine (DatanodeStateMachine.java:stopDaemon(395)) - Ozone container server stopped.
2019-10-02 11:16:14,238 [Thread-5388] INFO  handler.ContextHandler (ContextHandler.java:doStop(910)) - Stopped o.e.j.w.WebAppContext@10559966{/,null,UNAVAILABLE}{/hddsDatanode}
2019-10-02 11:16:14,239 [Thread-5388] INFO  server.AbstractConnector (AbstractConnector.java:doStop(318)) - Stopped ServerConnector@232e3e2c{HTTP/1.1,[http/1.1]}{0.0.0.0:0}
2019-10-02 11:16:14,239 [Thread-5388] INFO  handler.ContextHandler (ContextHandler.java:doStop(910)) - Stopped o.e.j.s.ServletContextHandler@4cea61a7{/static,jar:file:/home/user/.m2/repository/org/apache/hadoop/hadoop-hdds-container-service/0.5.0-SNAPSHOT/hadoop-hdds-container-service-0.5.0-SNAPSHOT.jar!/webapps/static,UNAVAILABLE}
2019-10-02 11:16:14,239 [Thread-5388] INFO  handler.ContextHandler (ContextHandler.java:doStop(910)) - Stopped o.e.j.s.ServletContextHandler@19b39de1{/logs,file:///workdir/hadoop-ozone/integration-test/target/log,UNAVAILABLE}
2019-10-02 11:16:14,240 [Thread-5388] INFO  ozone.MiniOzoneClusterImpl (MiniOzoneClusterImpl.java:stopSCM(392)) - Stopping the StorageContainerManager
2019-10-02 11:16:14,240 [Thread-5388] INFO  server.StorageContainerManager (StorageContainerManager.java:stop(808)) - Stopping Replication Manager Service.
2019-10-02 11:16:14,240 [Thread-5388] INFO  container.ReplicationManager (ReplicationManager.java:stop(203)) - Stopping Replication Monitor Thread.
2019-10-02 11:16:14,240 [Thread-5388] INFO  server.StorageContainerManager (StorageContainerManager.java:stop(815)) - Stopping Lease Manager of the command watchers
2019-10-02 11:16:14,240 [Thread-5388] INFO  server.StorageContainerManager (StorageContainerManager.java:stop(822)) - Stopping datanode service RPC server
2019-10-02 11:16:14,240 [Thread-5388] INFO  server.SCMDatanodeProtocolServer (SCMDatanodeProtocolServer.java:stop(367)) - Stopping the RPC server for DataNodes
2019-10-02 11:16:14,241 [Thread-5388] INFO  ipc.Server (Server.java:stop(3082)) - Stopping server on 43052
2019-10-02 11:16:14,243 [IPC Server listener on 43052] INFO  ipc.Server (Server.java:run(1185)) - Stopping IPC Server listener on 43052
2019-10-02 11:16:14,243 [IPC Server Responder] INFO  ipc.Server (Server.java:run(1319)) - Stopping IPC Server Responder
2019-10-02 11:16:14,261 [SCM Heartbeat Processing Thread - 0] WARN  node.NodeStateManager (NodeStateManager.java:scheduleNextHealthCheck(646)) - Current Thread is interrupted, shutting down HB processing thread for Node Manager.
2019-10-02 11:16:14,261 [Thread-5388] INFO  server.StorageContainerManager (StorageContainerManager.java:stop(830)) - Stopping block service RPC server
2019-10-02 11:16:14,262 [Thread-5388] INFO  server.SCMBlockProtocolServer (SCMBlockProtocolServer.java:stop(155)) - Stopping the RPC server for Block Protocol
2019-10-02 11:16:14,262 [Thread-5388] INFO  ipc.Server (Server.java:stop(3082)) - Stopping server on 40241
2019-10-02 11:16:14,266 [IPC Server listener on 40241] INFO  ipc.Server (Server.java:run(1185)) - Stopping IPC Server listener on 40241
2019-10-02 11:16:14,267 [IPC Server Responder] INFO  ipc.Server (Server.java:run(1319)) - Stopping IPC Server Responder
2019-10-02 11:16:14,266 [Thread-5388] INFO  server.StorageContainerManager (StorageContainerManager.java:stop(837)) - Stopping the StorageContainerLocationProtocol RPC server
2019-10-02 11:16:14,269 [Thread-5388] INFO  server.SCMClientProtocolServer (SCMClientProtocolServer.java:stop(158)) - Stopping the RPC server for Client Protocol
2019-10-02 11:16:14,269 [Thread-5388] INFO  ipc.Server (Server.java:stop(3082)) - Stopping server on 36087
2019-10-02 11:16:14,271 [IPC Server listener on 36087] INFO  ipc.Server (Server.java:run(1185)) - Stopping IPC Server listener on 36087
2019-10-02 11:16:14,271 [Thread-5388] INFO  server.StorageContainerManager (StorageContainerManager.java:stop(844)) - Stopping Storage Container Manager HTTP server.
2019-10-02 11:16:14,271 [IPC Server Responder] INFO  ipc.Server (Server.java:run(1319)) - Stopping IPC Server Responder
2019-10-02 11:16:14,274 [Thread-5388] INFO  handler.ContextHandler (ContextHandler.java:doStop(910)) - Stopped o.e.j.w.WebAppContext@42a344d{/,null,UNAVAILABLE}{/scm}
2019-10-02 11:16:14,275 [Thread-5388] INFO  server.AbstractConnector (AbstractConnector.java:doStop(318)) - Stopped ServerConnector@36f20c32{HTTP/1.1,[http/1.1]}{0.0.0.0:0}
2019-10-02 11:16:14,275 [Thread-5388] INFO  handler.ContextHandler (ContextHandler.java:doStop(910)) - Stopped o.e.j.s.ServletContextHandler@ddc36dd{/static,file:///workdir/hadoop-ozone/integration-test/target/test-classes/webapps/static,UNAVAILABLE}
2019-10-02 11:16:14,275 [Thread-5388] INFO  handler.ContextHandler (ContextHandler.java:doStop(910)) - Stopped o.e.j.s.ServletContextHandler@7a663a5e{/logs,file:///workdir/hadoop-ozone/integration-test/target/log,UNAVAILABLE}
2019-10-02 11:16:14,276 [Thread-5388] INFO  server.StorageContainerManager (StorageContainerManager.java:stop(855)) - Stopping Block Manager Service.
2019-10-02 11:16:14,276 [Thread-5388] INFO  utils.BackgroundService (BackgroundService.java:shutdown(148)) - Shutting down service SCMBlockDeletingService
2019-10-02 11:16:14,276 [Thread-5388] INFO  utils.BackgroundService (BackgroundService.java:shutdown(148)) - Shutting down service SCMBlockDeletingService
2019-10-02 11:16:14,277 [Thread-5388] INFO  server.StorageContainerManager (StorageContainerManager.java:stop(877)) - Stopping SCM Event Queue.
2019-10-02 11:16:14,283 [Thread-5388] INFO  impl.MetricsSystemImpl (MetricsSystemImpl.java:stop(210)) - Stopping HddsDatanode metrics system...
2019-10-02 11:16:14,302 [Thread-5388] INFO  impl.MetricsSystemImpl (MetricsSystemImpl.java:stop(216)) - HddsDatanode metrics system stopped.
]]></system-out>
    <system-err><![CDATA[Oct 02, 2019 11:15:55 AM org.apache.ratis.thirdparty.io.grpc.internal.ManagedChannelOrphanWrapper$ManagedChannelReference cleanQueue
SEVERE: *~*~*~ Channel ManagedChannelImpl{logId=868, target=192.168.30.47:41419} was not shutdown properly!!! ~*~*~*
    Make sure to call shutdown()/shutdownNow() and wait until awaitTermination() returns true.
java.lang.RuntimeException: ManagedChannel allocation site
	at org.apache.ratis.thirdparty.io.grpc.internal.ManagedChannelOrphanWrapper$ManagedChannelReference.<init>(ManagedChannelOrphanWrapper.java:103)
	at org.apache.ratis.thirdparty.io.grpc.internal.ManagedChannelOrphanWrapper.<init>(ManagedChannelOrphanWrapper.java:53)
	at org.apache.ratis.thirdparty.io.grpc.internal.ManagedChannelOrphanWrapper.<init>(ManagedChannelOrphanWrapper.java:44)
	at org.apache.ratis.thirdparty.io.grpc.internal.AbstractManagedChannelImplBuilder.build(AbstractManagedChannelImplBuilder.java:411)
	at org.apache.hadoop.hdds.scm.XceiverClientGrpc.connectToDatanode(XceiverClientGrpc.java:181)
	at org.apache.hadoop.hdds.scm.XceiverClientGrpc.reconnect(XceiverClientGrpc.java:429)
	at org.apache.hadoop.hdds.scm.XceiverClientGrpc.sendCommandAsync(XceiverClientGrpc.java:378)
	at org.apache.hadoop.hdds.scm.XceiverClientGrpc.sendCommandAsync(XceiverClientGrpc.java:353)
	at org.apache.hadoop.hdds.scm.storage.ContainerProtocolCalls.writeChunkAsync(ContainerProtocolCalls.java:310)
	at org.apache.hadoop.hdds.scm.storage.BlockOutputStream.writeChunkToContainer(BlockOutputStream.java:601)
	at org.apache.hadoop.hdds.scm.storage.BlockOutputStream.writeChunk(BlockOutputStream.java:459)
	at org.apache.hadoop.hdds.scm.storage.BlockOutputStream.handleFlush(BlockOutputStream.java:470)
	at org.apache.hadoop.hdds.scm.storage.BlockOutputStream.close(BlockOutputStream.java:493)
	at org.apache.hadoop.ozone.client.io.BlockOutputStreamEntry.close(BlockOutputStreamEntry.java:143)
	at org.apache.hadoop.ozone.client.io.KeyOutputStream.handleFlushOrClose(KeyOutputStream.java:435)
	at org.apache.hadoop.ozone.client.io.KeyOutputStream.close(KeyOutputStream.java:473)
	at org.apache.hadoop.ozone.client.io.OzoneOutputStream.close(OzoneOutputStream.java:60)
	at org.apache.hadoop.ozone.om.TestOzoneManagerHA.createKey(TestOzoneManagerHA.java:1148)
	at org.apache.hadoop.ozone.om.TestOzoneManagerHA.testAddKeyAcl(TestOzoneManagerHA.java:861)
	at sun.reflect.NativeMethodAccessorImpl.invoke0(Native Method)
	at sun.reflect.NativeMethodAccessorImpl.invoke(NativeMethodAccessorImpl.java:62)
	at sun.reflect.DelegatingMethodAccessorImpl.invoke(DelegatingMethodAccessorImpl.java:43)
	at java.lang.reflect.Method.invoke(Method.java:498)
	at org.junit.runners.model.FrameworkMethod$1.runReflectiveCall(FrameworkMethod.java:47)
	at org.junit.internal.runners.model.ReflectiveCallable.run(ReflectiveCallable.java:12)
	at org.junit.runners.model.FrameworkMethod.invokeExplosively(FrameworkMethod.java:44)
	at org.junit.internal.runners.statements.InvokeMethod.evaluate(InvokeMethod.java:17)
	at org.junit.internal.runners.statements.RunBefores.evaluate(RunBefores.java:26)
	at org.junit.internal.runners.statements.RunAfters.evaluate(RunAfters.java:27)
	at org.junit.rules.ExpectedException$ExpectedExceptionStatement.evaluate(ExpectedException.java:168)
	at org.junit.internal.runners.statements.FailOnTimeout$StatementThread.run(FailOnTimeout.java:74)

Oct 02, 2019 11:15:55 AM org.apache.ratis.thirdparty.io.grpc.internal.ManagedChannelOrphanWrapper$ManagedChannelReference cleanQueue
SEVERE: *~*~*~ Channel ManagedChannelImpl{logId=741, target=192.168.30.47:41693} was not shutdown properly!!! ~*~*~*
    Make sure to call shutdown()/shutdownNow() and wait until awaitTermination() returns true.
java.lang.RuntimeException: ManagedChannel allocation site
	at org.apache.ratis.thirdparty.io.grpc.internal.ManagedChannelOrphanWrapper$ManagedChannelReference.<init>(ManagedChannelOrphanWrapper.java:103)
	at org.apache.ratis.thirdparty.io.grpc.internal.ManagedChannelOrphanWrapper.<init>(ManagedChannelOrphanWrapper.java:53)
	at org.apache.ratis.thirdparty.io.grpc.internal.ManagedChannelOrphanWrapper.<init>(ManagedChannelOrphanWrapper.java:44)
	at org.apache.ratis.thirdparty.io.grpc.internal.AbstractManagedChannelImplBuilder.build(AbstractManagedChannelImplBuilder.java:411)
	at org.apache.hadoop.hdds.scm.XceiverClientGrpc.connectToDatanode(XceiverClientGrpc.java:181)
	at org.apache.hadoop.hdds.scm.XceiverClientGrpc.reconnect(XceiverClientGrpc.java:429)
	at org.apache.hadoop.hdds.scm.XceiverClientGrpc.sendCommandAsync(XceiverClientGrpc.java:378)
	at org.apache.hadoop.hdds.scm.XceiverClientGrpc.sendCommandAsync(XceiverClientGrpc.java:353)
	at org.apache.hadoop.hdds.scm.storage.ContainerProtocolCalls.writeChunkAsync(ContainerProtocolCalls.java:310)
	at org.apache.hadoop.hdds.scm.storage.BlockOutputStream.writeChunkToContainer(BlockOutputStream.java:601)
	at org.apache.hadoop.hdds.scm.storage.BlockOutputStream.writeChunk(BlockOutputStream.java:459)
	at org.apache.hadoop.hdds.scm.storage.BlockOutputStream.handleFlush(BlockOutputStream.java:470)
	at org.apache.hadoop.hdds.scm.storage.BlockOutputStream.close(BlockOutputStream.java:493)
	at org.apache.hadoop.ozone.client.io.BlockOutputStreamEntry.close(BlockOutputStreamEntry.java:143)
	at org.apache.hadoop.ozone.client.io.KeyOutputStream.handleFlushOrClose(KeyOutputStream.java:435)
	at org.apache.hadoop.ozone.client.io.KeyOutputStream.close(KeyOutputStream.java:473)
	at org.apache.hadoop.ozone.client.io.OzoneOutputStream.close(OzoneOutputStream.java:60)
	at org.apache.hadoop.ozone.om.TestOzoneManagerHA.createKey(TestOzoneManagerHA.java:1148)
	at org.apache.hadoop.ozone.om.TestOzoneManagerHA.testRemoveKeyAcl(TestOzoneManagerHA.java:880)
	at sun.reflect.NativeMethodAccessorImpl.invoke0(Native Method)
	at sun.reflect.NativeMethodAccessorImpl.invoke(NativeMethodAccessorImpl.java:62)
	at sun.reflect.DelegatingMethodAccessorImpl.invoke(DelegatingMethodAccessorImpl.java:43)
	at java.lang.reflect.Method.invoke(Method.java:498)
	at org.junit.runners.model.FrameworkMethod$1.runReflectiveCall(FrameworkMethod.java:47)
	at org.junit.internal.runners.model.ReflectiveCallable.run(ReflectiveCallable.java:12)
	at org.junit.runners.model.FrameworkMethod.invokeExplosively(FrameworkMethod.java:44)
	at org.junit.internal.runners.statements.InvokeMethod.evaluate(InvokeMethod.java:17)
	at org.junit.internal.runners.statements.RunBefores.evaluate(RunBefores.java:26)
	at org.junit.internal.runners.statements.RunAfters.evaluate(RunAfters.java:27)
	at org.junit.rules.ExpectedException$ExpectedExceptionStatement.evaluate(ExpectedException.java:168)
	at org.junit.internal.runners.statements.FailOnTimeout$StatementThread.run(FailOnTimeout.java:74)

Oct 02, 2019 11:16:09 AM org.apache.ratis.thirdparty.io.grpc.internal.SerializingExecutor run
SEVERE: Exception while executing runnable org.apache.ratis.thirdparty.io.grpc.internal.ServerImpl$JumpToApplicationThreadServerStreamListener$1Closed@72cd15f1
org.apache.ratis.thirdparty.io.grpc.StatusRuntimeException: CANCELLED: call already cancelled
	at org.apache.ratis.thirdparty.io.grpc.Status.asRuntimeException(Status.java:517)
	at org.apache.ratis.thirdparty.io.grpc.stub.ServerCalls$ServerCallStreamObserverImpl.onCompleted(ServerCalls.java:356)
	at org.apache.ratis.grpc.server.GrpcServerProtocolService$ServerRequestStreamObserver.onError(GrpcServerProtocolService.java:121)
	at org.apache.ratis.thirdparty.io.grpc.stub.ServerCalls$StreamingServerCallHandler$StreamingServerCallListener.onCancel(ServerCalls.java:269)
	at org.apache.ratis.thirdparty.io.grpc.internal.ServerCallImpl$ServerStreamListenerImpl.closed(ServerCallImpl.java:293)
	at org.apache.ratis.thirdparty.io.grpc.internal.ServerImpl$JumpToApplicationThreadServerStreamListener$1Closed.runInContext(ServerImpl.java:741)
	at org.apache.ratis.thirdparty.io.grpc.internal.ContextRunnable.run(ContextRunnable.java:37)
	at org.apache.ratis.thirdparty.io.grpc.internal.SerializingExecutor.run(SerializingExecutor.java:123)
	at java.util.concurrent.ThreadPoolExecutor.runWorker(ThreadPoolExecutor.java:1149)
	at java.util.concurrent.ThreadPoolExecutor$Worker.run(ThreadPoolExecutor.java:624)
	at java.lang.Thread.run(Thread.java:748)

]]></system-err>
  </testcase>
  <testcase name="testOMProxyProviderInitialization" classname="org.apache.hadoop.ozone.om.TestOzoneManagerHA" time="17.981"/>
  <testcase name="testRemovePrefixAcl" classname="org.apache.hadoop.ozone.om.TestOzoneManagerHA" time="14.097"/>
  <testcase name="testOneOMNodeDown" classname="org.apache.hadoop.ozone.om.TestOzoneManagerHA" time="20.655"/>
  <testcase name="testSetKeyAcl" classname="org.apache.hadoop.ozone.om.TestOzoneManagerHA" time="16.376"/>
  <testcase name="testTwoOMNodesDown" classname="org.apache.hadoop.ozone.om.TestOzoneManagerHA" time="161.838"/>
  <testcase name="testSetPrefixAcl" classname="org.apache.hadoop.ozone.om.TestOzoneManagerHA" time="14.461"/>
  <testcase name="testOMRestart" classname="org.apache.hadoop.ozone.om.TestOzoneManagerHA" time="25.662">
    <failure type="java.lang.AssertionError">java.lang.AssertionError
	at org.junit.Assert.fail(Assert.java:86)
	at org.junit.Assert.assertTrue(Assert.java:41)
	at org.junit.Assert.assertTrue(Assert.java:52)
	at org.apache.hadoop.ozone.om.TestOzoneManagerHA.testOMRestart(TestOzoneManagerHA.java:1216)
	at sun.reflect.NativeMethodAccessorImpl.invoke0(Native Method)
	at sun.reflect.NativeMethodAccessorImpl.invoke(NativeMethodAccessorImpl.java:62)
	at sun.reflect.DelegatingMethodAccessorImpl.invoke(DelegatingMethodAccessorImpl.java:43)
	at java.lang.reflect.Method.invoke(Method.java:498)
	at org.junit.runners.model.FrameworkMethod$1.runReflectiveCall(FrameworkMethod.java:47)
	at org.junit.internal.runners.model.ReflectiveCallable.run(ReflectiveCallable.java:12)
	at org.junit.runners.model.FrameworkMethod.invokeExplosively(FrameworkMethod.java:44)
	at org.junit.internal.runners.statements.InvokeMethod.evaluate(InvokeMethod.java:17)
	at org.junit.internal.runners.statements.RunBefores.evaluate(RunBefores.java:26)
	at org.junit.internal.runners.statements.RunAfters.evaluate(RunAfters.java:27)
	at org.junit.rules.ExpectedException$ExpectedExceptionStatement.evaluate(ExpectedException.java:168)
	at org.junit.internal.runners.statements.FailOnTimeout$StatementThread.run(FailOnTimeout.java:74)
</failure>
    <system-out><![CDATA[2019-10-02 11:20:19,751 [Thread-8322] WARN  server.ServerUtils (ServerUtils.java:getScmDbDir(145)) - ozone.scm.db.dirs is not configured. We recommend adding this setting. Falling back to ozone.metadata.dirs instead.
2019-10-02 11:20:19,776 [Thread-8322] WARN  server.ServerUtils (ServerUtils.java:getScmDbDir(145)) - ozone.scm.db.dirs is not configured. We recommend adding this setting. Falling back to ozone.metadata.dirs instead.
2019-10-02 11:20:19,776 [Thread-8322] WARN  server.ServerUtils (ServerUtils.java:getScmDbDir(145)) - ozone.scm.db.dirs is not configured. We recommend adding this setting. Falling back to ozone.metadata.dirs instead.
2019-10-02 11:20:19,777 [Thread-8322] INFO  db.DBStoreBuilder (DBStoreBuilder.java:addTable(110)) - using custom profile for table: deletedBlocks
2019-10-02 11:20:19,777 [Thread-8322] INFO  db.DBStoreBuilder (DBStoreBuilder.java:processTables(161)) - Using default column profile:DBProfile.DISK for Table:deletedBlocks
2019-10-02 11:20:19,777 [Thread-8322] INFO  db.DBStoreBuilder (DBStoreBuilder.java:addTable(110)) - using custom profile for table: validCerts
2019-10-02 11:20:19,777 [Thread-8322] INFO  db.DBStoreBuilder (DBStoreBuilder.java:processTables(161)) - Using default column profile:DBProfile.DISK for Table:validCerts
2019-10-02 11:20:19,778 [Thread-8322] INFO  db.DBStoreBuilder (DBStoreBuilder.java:addTable(110)) - using custom profile for table: revokedCerts
2019-10-02 11:20:19,778 [Thread-8322] INFO  db.DBStoreBuilder (DBStoreBuilder.java:processTables(161)) - Using default column profile:DBProfile.DISK for Table:revokedCerts
2019-10-02 11:20:19,778 [Thread-8322] INFO  db.DBStoreBuilder (DBStoreBuilder.java:addTable(110)) - using custom profile for table: default
2019-10-02 11:20:19,778 [Thread-8322] INFO  db.DBStoreBuilder (DBStoreBuilder.java:processTables(167)) - Using default column profile:DBProfile.DISK for Table:default
2019-10-02 11:20:19,778 [Thread-8322] INFO  db.DBStoreBuilder (DBStoreBuilder.java:getDbProfile(198)) - Using default options. DBProfile.DISK
2019-10-02 11:20:20,185 [Thread-8322] INFO  net.NodeSchemaLoader (NodeSchemaLoader.java:loadSchemaFromFile(125)) - Loading file from sun.misc.CompoundEnumeration@7f4add44
2019-10-02 11:20:20,185 [Thread-8322] INFO  net.NodeSchemaLoader (NodeSchemaLoader.java:loadSchema(171)) - Loading network topology layer schema file
2019-10-02 11:20:20,188 [Thread-8322] WARN  server.ServerUtils (ServerUtils.java:sanitizeUserArgs(70)) - ozone.scm.stale.node.interval value = 300000 is larger than max = 100000 based on the key value of ozone.scm.heartbeat.thread.interval, reset to the max value 100000.
2019-10-02 11:20:20,188 [Thread-8322] WARN  server.ServerUtils (ServerUtils.java:sanitizeUserArgs(70)) - ozone.scm.stale.node.interval value = 300000 is larger than max = 100000 based on the key value of ozone.scm.heartbeat.thread.interval, reset to the max value 100000.
2019-10-02 11:20:20,189 [Thread-8322] INFO  node.SCMNodeManager (SCMNodeManager.java:<init>(114)) - Entering startup safe mode.
2019-10-02 11:20:20,189 [Thread-8322] INFO  algorithms.ContainerPlacementPolicyFactory (ContainerPlacementPolicyFactory.java:getPolicy(57)) - Create container placement policy of type org.apache.hadoop.hdds.scm.container.placement.algorithms.SCMContainerPlacementRandom
2019-10-02 11:20:20,189 [Thread-8322] WARN  server.ServerUtils (ServerUtils.java:getScmDbDir(145)) - ozone.scm.db.dirs is not configured. We recommend adding this setting. Falling back to ozone.metadata.dirs instead.
2019-10-02 11:20:20,359 [Thread-8322] INFO  pipeline.SCMPipelineManager (SCMPipelineManager.java:initializePipelineState(132)) - No pipeline exists in current db
2019-10-02 11:20:20,359 [Thread-8322] WARN  server.ServerUtils (ServerUtils.java:getScmDbDir(145)) - ozone.scm.db.dirs is not configured. We recommend adding this setting. Falling back to ozone.metadata.dirs instead.
2019-10-02 11:20:20,537 [Thread-8322] WARN  events.EventQueue (EventQueue.java:fireEvent(183)) - No event handler registered for event TypedEvent{payloadType=SafeModeStatus, name='SafeModeStatus'}
2019-10-02 11:20:20,537 [Thread-8322] INFO  ipc.CallQueueManager (CallQueueManager.java:<init>(84)) - Using callQueue: class java.util.concurrent.LinkedBlockingQueue, queueCapacity: 2000, scheduler: class org.apache.hadoop.ipc.DefaultRpcScheduler, ipcBackoff: false.
2019-10-02 11:20:20,538 [Socket Reader #1 for port 34577] INFO  ipc.Server (Server.java:run(1074)) - Starting Socket Reader #1 for port 34577
2019-10-02 11:20:20,541 [Thread-8322] INFO  ipc.CallQueueManager (CallQueueManager.java:<init>(84)) - Using callQueue: class java.util.concurrent.LinkedBlockingQueue, queueCapacity: 2000, scheduler: class org.apache.hadoop.ipc.DefaultRpcScheduler, ipcBackoff: false.
2019-10-02 11:20:20,542 [Socket Reader #1 for port 38883] INFO  ipc.Server (Server.java:run(1074)) - Starting Socket Reader #1 for port 38883
2019-10-02 11:20:20,544 [Thread-8322] INFO  ipc.CallQueueManager (CallQueueManager.java:<init>(84)) - Using callQueue: class java.util.concurrent.LinkedBlockingQueue, queueCapacity: 2000, scheduler: class org.apache.hadoop.ipc.DefaultRpcScheduler, ipcBackoff: false.
2019-10-02 11:20:20,545 [Socket Reader #1 for port 42362] INFO  ipc.Server (Server.java:run(1074)) - Starting Socket Reader #1 for port 42362
2019-10-02 11:20:20,547 [Thread-8322] INFO  hdfs.DFSUtil (DFSUtil.java:httpServerTemplateForNNAndJN(1641)) - Starting Web-server for scm at: http://0.0.0.0:0
2019-10-02 11:20:20,549 [Thread-8322] INFO  server.AuthenticationFilter (AuthenticationFilter.java:constructSecretProvider(240)) - Unable to initialize FileSignerSecretProvider, falling back to use random secrets.
2019-10-02 11:20:20,549 [Thread-8322] WARN  http.HttpRequestLog (HttpRequestLog.java:getRequestLog(97)) - Jetty request log can only be enabled using Log4j
2019-10-02 11:20:20,551 [Thread-8322] INFO  http.HttpServer2 (HttpServer2.java:addGlobalFilter(975)) - Added global filter 'safety' (class=org.apache.hadoop.http.HttpServer2$QuotingInputFilter)
2019-10-02 11:20:20,551 [Thread-8322] INFO  http.HttpServer2 (HttpServer2.java:addFilter(948)) - Added filter static_user_filter (class=org.apache.hadoop.http.lib.StaticUserWebFilter$StaticUserFilter) to context scm
2019-10-02 11:20:20,551 [Thread-8322] INFO  http.HttpServer2 (HttpServer2.java:addFilter(958)) - Added filter static_user_filter (class=org.apache.hadoop.http.lib.StaticUserWebFilter$StaticUserFilter) to context static
2019-10-02 11:20:20,552 [Thread-8322] INFO  http.HttpServer2 (HttpServer2.java:addFilter(958)) - Added filter static_user_filter (class=org.apache.hadoop.http.lib.StaticUserWebFilter$StaticUserFilter) to context logs
2019-10-02 11:20:20,553 [Thread-8322] INFO  server.StorageContainerManager (StorageContainerManager.java:start(770)) - StorageContainerLocationProtocol RPC server is listening at /0.0.0.0:42362
2019-10-02 11:20:20,554 [Thread-8322] WARN  impl.MetricsConfig (MetricsConfig.java:loadFirst(134)) - Cannot locate configuration: tried hadoop-metrics2-storagecontainermanager.properties,hadoop-metrics2.properties
2019-10-02 11:20:20,555 [Thread-8322] INFO  impl.MetricsSystemImpl (MetricsSystemImpl.java:startTimer(374)) - Scheduled Metric snapshot period at 10 second(s).
2019-10-02 11:20:20,555 [Thread-8322] INFO  impl.MetricsSystemImpl (MetricsSystemImpl.java:start(191)) - StorageContainerManager metrics system started
2019-10-02 11:20:20,916 [Thread-8322] WARN  impl.MetricsSystemImpl (MetricsSystemImpl.java:register(276)) - Sink prometheus already exists!
2019-10-02 11:20:21,153 [Thread-8322] INFO  server.SCMClientProtocolServer (SCMClientProtocolServer.java:start(150)) - RPC server for Client  is listening at /0.0.0.0:42362
2019-10-02 11:20:21,153 [IPC Server Responder] INFO  ipc.Server (Server.java:run(1314)) - IPC Server Responder: starting
2019-10-02 11:20:21,156 [IPC Server listener on 42362] INFO  ipc.Server (Server.java:run(1153)) - IPC Server listener on 42362: starting
2019-10-02 11:20:21,160 [Thread-8322] INFO  server.StorageContainerManager (StorageContainerManager.java:start(780)) - ScmBlockLocationProtocol RPC server is listening at /0.0.0.0:38883
2019-10-02 11:20:21,160 [Thread-8322] INFO  server.SCMBlockProtocolServer (SCMBlockProtocolServer.java:start(146)) - RPC server for Block Protocol is listening at /0.0.0.0:38883
2019-10-02 11:20:21,160 [IPC Server Responder] INFO  ipc.Server (Server.java:run(1314)) - IPC Server Responder: starting
2019-10-02 11:20:21,160 [IPC Server listener on 38883] INFO  ipc.Server (Server.java:run(1153)) - IPC Server listener on 38883: starting
2019-10-02 11:20:21,165 [Thread-8322] INFO  server.StorageContainerManager (StorageContainerManager.java:start(784)) - ScmDatanodeProtocl RPC server is listening at /0.0.0.0:34577
2019-10-02 11:20:21,166 [Thread-8322] INFO  server.SCMDatanodeProtocolServer (SCMDatanodeProtocolServer.java:start(191)) - RPC server for DataNodes is listening at /0.0.0.0:34577
2019-10-02 11:20:21,166 [IPC Server Responder] INFO  ipc.Server (Server.java:run(1314)) - IPC Server Responder: starting
2019-10-02 11:20:21,166 [IPC Server listener on 34577] INFO  ipc.Server (Server.java:run(1153)) - IPC Server listener on 34577: starting
2019-10-02 11:20:21,172 [Thread-8322] INFO  http.HttpServer2 (HttpServer2.java:bindListener(1191)) - Jetty bound to port 39563
2019-10-02 11:20:21,172 [Thread-8322] INFO  server.Server (Server.java:doStart(351)) - jetty-9.3.25.v20180904, build timestamp: 2018-09-04T21:11:46Z, git hash: 3ce520221d0240229c862b122d2b06c12a625732
2019-10-02 11:20:21,173 [Thread-8322] INFO  handler.ContextHandler (ContextHandler.java:doStart(781)) - Started o.e.j.s.ServletContextHandler@7c0053e6{/logs,file:///workdir/hadoop-ozone/integration-test/target/log,AVAILABLE}
2019-10-02 11:20:21,173 [Thread-8322] INFO  handler.ContextHandler (ContextHandler.java:doStart(781)) - Started o.e.j.s.ServletContextHandler@32ca0bd8{/static,file:///workdir/hadoop-ozone/integration-test/target/test-classes/webapps/static,AVAILABLE}
2019-10-02 11:20:21,499 [Thread-8322] INFO  handler.ContextHandler (ContextHandler.java:doStart(781)) - Started o.e.j.w.WebAppContext@49bc1c52{/,file:///workdir/hadoop-ozone/integration-test/target/test-classes/webapps/scm/,AVAILABLE}{/scm}
2019-10-02 11:20:21,500 [Thread-8322] INFO  server.AbstractConnector (AbstractConnector.java:doStart(278)) - Started ServerConnector@80a2acf{HTTP/1.1,[http/1.1]}{0.0.0.0:39563}
2019-10-02 11:20:21,503 [Thread-8322] INFO  server.Server (Server.java:doStart(419)) - Started @633821ms
2019-10-02 11:20:21,503 [Thread-8322] WARN  impl.MetricsSystemImpl (MetricsSystemImpl.java:register(276)) - Sink prometheus already exists!
2019-10-02 11:20:21,504 [Thread-8322] INFO  server.BaseHttpServer (BaseHttpServer.java:updateConnectorAddress(215)) - HTTP server of SCM is listening at http://0.0.0.0:39563
2019-10-02 11:20:21,506 [org.apache.hadoop.util.JvmPauseMonitor$Monitor@419a1460] INFO  util.JvmPauseMonitor (JvmPauseMonitor.java:run(188)) - Starting JVM pause monitor
2019-10-02 11:20:21,506 [Thread-8322] WARN  server.ServerUtils (ServerUtils.java:getDBPath(222)) - ozone.om.db.dirs is not configured. We recommend adding this setting. Falling back to ozone.metadata.dirs instead.
2019-10-02 11:20:21,532 [Thread-8322] WARN  server.ServerUtils (ServerUtils.java:getDBPath(222)) - ozone.om.db.dirs is not configured. We recommend adding this setting. Falling back to ozone.metadata.dirs instead.
2019-10-02 11:20:21,533 [Thread-8322] WARN  server.ServerUtils (ServerUtils.java:getDBPath(222)) - ozone.om.db.dirs is not configured. We recommend adding this setting. Falling back to ozone.metadata.dirs instead.
2019-10-02 11:20:21,533 [Thread-8322] INFO  om.OzoneManager (OzoneManager.java:setOMNodeSpecificConfigs(698)) - Setting configuration key ozone.om.http-address with value of key ozone.om.http-address.omNode-1: 127.0.0.1:10430
2019-10-02 11:20:21,533 [Thread-8322] INFO  om.OzoneManager (OzoneManager.java:setOMNodeSpecificConfigs(698)) - Setting configuration key ozone.om.https-address with value of key ozone.om.https-address.omNode-1: 127.0.0.1:10431
2019-10-02 11:20:21,533 [Thread-8322] INFO  om.OzoneManager (OzoneManager.java:loadOMHAConfigs(609)) - Found matching OM address with OMServiceId: om-service-test1, OMNodeId: omNode-1, RPC Address: localhost:10428 and Ratis port: 10432
2019-10-02 11:20:21,544 [Thread-8322] WARN  server.ServerUtils (ServerUtils.java:getDBPath(222)) - ozone.om.db.dirs is not configured. We recommend adding this setting. Falling back to ozone.metadata.dirs instead.
2019-10-02 11:20:21,544 [Thread-8322] INFO  db.DBStoreBuilder (DBStoreBuilder.java:addTable(110)) - using custom profile for table: userTable
2019-10-02 11:20:21,544 [Thread-8322] INFO  db.DBStoreBuilder (DBStoreBuilder.java:processTables(161)) - Using default column profile:DBProfile.DISK for Table:userTable
2019-10-02 11:20:21,545 [Thread-8322] INFO  db.DBStoreBuilder (DBStoreBuilder.java:addTable(110)) - using custom profile for table: volumeTable
2019-10-02 11:20:21,545 [Thread-8322] INFO  db.DBStoreBuilder (DBStoreBuilder.java:processTables(161)) - Using default column profile:DBProfile.DISK for Table:volumeTable
2019-10-02 11:20:21,545 [Thread-8322] INFO  db.DBStoreBuilder (DBStoreBuilder.java:addTable(110)) - using custom profile for table: bucketTable
2019-10-02 11:20:21,545 [Thread-8322] INFO  db.DBStoreBuilder (DBStoreBuilder.java:processTables(161)) - Using default column profile:DBProfile.DISK for Table:bucketTable
2019-10-02 11:20:21,546 [Thread-8322] INFO  db.DBStoreBuilder (DBStoreBuilder.java:addTable(110)) - using custom profile for table: keyTable
2019-10-02 11:20:21,546 [Thread-8322] INFO  db.DBStoreBuilder (DBStoreBuilder.java:processTables(161)) - Using default column profile:DBProfile.DISK for Table:keyTable
2019-10-02 11:20:21,546 [Thread-8322] INFO  db.DBStoreBuilder (DBStoreBuilder.java:addTable(110)) - using custom profile for table: deletedTable
2019-10-02 11:20:21,546 [Thread-8322] INFO  db.DBStoreBuilder (DBStoreBuilder.java:processTables(161)) - Using default column profile:DBProfile.DISK for Table:deletedTable
2019-10-02 11:20:21,546 [Thread-8322] INFO  db.DBStoreBuilder (DBStoreBuilder.java:addTable(110)) - using custom profile for table: openKeyTable
2019-10-02 11:20:21,546 [Thread-8322] INFO  db.DBStoreBuilder (DBStoreBuilder.java:processTables(161)) - Using default column profile:DBProfile.DISK for Table:openKeyTable
2019-10-02 11:20:21,547 [Thread-8322] INFO  db.DBStoreBuilder (DBStoreBuilder.java:addTable(110)) - using custom profile for table: s3Table
2019-10-02 11:20:21,547 [Thread-8322] INFO  db.DBStoreBuilder (DBStoreBuilder.java:processTables(161)) - Using default column profile:DBProfile.DISK for Table:s3Table
2019-10-02 11:20:21,547 [Thread-8322] INFO  db.DBStoreBuilder (DBStoreBuilder.java:addTable(110)) - using custom profile for table: multipartInfoTable
2019-10-02 11:20:21,547 [Thread-8322] INFO  db.DBStoreBuilder (DBStoreBuilder.java:processTables(161)) - Using default column profile:DBProfile.DISK for Table:multipartInfoTable
2019-10-02 11:20:21,548 [Thread-8322] INFO  db.DBStoreBuilder (DBStoreBuilder.java:addTable(110)) - using custom profile for table: dTokenTable
2019-10-02 11:20:21,548 [Thread-8322] INFO  db.DBStoreBuilder (DBStoreBuilder.java:processTables(161)) - Using default column profile:DBProfile.DISK for Table:dTokenTable
2019-10-02 11:20:21,548 [Thread-8322] INFO  db.DBStoreBuilder (DBStoreBuilder.java:addTable(110)) - using custom profile for table: s3SecretTable
2019-10-02 11:20:21,548 [Thread-8322] INFO  db.DBStoreBuilder (DBStoreBuilder.java:processTables(161)) - Using default column profile:DBProfile.DISK for Table:s3SecretTable
2019-10-02 11:20:21,549 [Thread-8322] INFO  db.DBStoreBuilder (DBStoreBuilder.java:addTable(110)) - using custom profile for table: prefixTable
2019-10-02 11:20:21,549 [Thread-8322] INFO  db.DBStoreBuilder (DBStoreBuilder.java:processTables(161)) - Using default column profile:DBProfile.DISK for Table:prefixTable
2019-10-02 11:20:21,549 [Thread-8322] INFO  db.DBStoreBuilder (DBStoreBuilder.java:addTable(110)) - using custom profile for table: default
2019-10-02 11:20:21,549 [Thread-8322] INFO  db.DBStoreBuilder (DBStoreBuilder.java:processTables(167)) - Using default column profile:DBProfile.DISK for Table:default
2019-10-02 11:20:21,549 [Thread-8322] INFO  db.DBStoreBuilder (DBStoreBuilder.java:getDbProfile(198)) - Using default options. DBProfile.DISK
2019-10-02 11:20:22,932 [Thread-8322] WARN  scm.HddsServerUtil (HddsServerUtil.java:getDefaultRatisDirectory(354)) - Storage directory for Ratis is not configured. It is a good idea to map this to an SSD disk. Falling back to ozone.metadata.dirs
2019-10-02 11:20:22,936 [KeyDeletingService#0] WARN  utils.BackgroundService (BackgroundService.java:lambda$run$0(135)) - Background task fails to execute, retrying in next interval
java.util.concurrent.ExecutionException: java.lang.NullPointerException
	at java.util.concurrent.FutureTask.report(FutureTask.java:122)
	at java.util.concurrent.FutureTask.get(FutureTask.java:206)
	at org.apache.hadoop.hdds.utils.BackgroundService$PeriodicalTask.lambda$run$0(BackgroundService.java:129)
	at java.util.stream.ForEachOps$ForEachOp$OfRef.accept(ForEachOps.java:184)
	at java.util.ArrayList$ArrayListSpliterator.forEachRemaining(ArrayList.java:1382)
	at java.util.stream.AbstractPipeline.copyInto(AbstractPipeline.java:482)
	at java.util.stream.ForEachOps$ForEachTask.compute(ForEachOps.java:291)
	at java.util.concurrent.CountedCompleter.exec(CountedCompleter.java:731)
	at java.util.concurrent.ForkJoinTask.doExec(ForkJoinTask.java:289)
	at java.util.concurrent.ForkJoinTask.doInvoke(ForkJoinTask.java:401)
	at java.util.concurrent.ForkJoinTask.invoke(ForkJoinTask.java:734)
	at java.util.stream.ForEachOps$ForEachOp.evaluateParallel(ForEachOps.java:160)
	at java.util.stream.ForEachOps$ForEachOp$OfRef.evaluateParallel(ForEachOps.java:174)
	at java.util.stream.AbstractPipeline.evaluate(AbstractPipeline.java:233)
	at java.util.stream.ReferencePipeline.forEach(ReferencePipeline.java:418)
	at java.util.stream.ReferencePipeline$Head.forEach(ReferencePipeline.java:583)
	at org.apache.hadoop.hdds.utils.BackgroundService$PeriodicalTask.run(BackgroundService.java:125)
	at java.util.concurrent.Executors$RunnableAdapter.call(Executors.java:511)
	at java.util.concurrent.FutureTask.runAndReset(FutureTask.java:308)
	at java.util.concurrent.ScheduledThreadPoolExecutor$ScheduledFutureTask.access$301(ScheduledThreadPoolExecutor.java:180)
	at java.util.concurrent.ScheduledThreadPoolExecutor$ScheduledFutureTask.run(ScheduledThreadPoolExecutor.java:294)
	at java.util.concurrent.ThreadPoolExecutor.runWorker(ThreadPoolExecutor.java:1149)
	at java.util.concurrent.ThreadPoolExecutor$Worker.run(ThreadPoolExecutor.java:624)
	at java.lang.Thread.run(Thread.java:748)
Caused by: java.lang.NullPointerException
	at org.apache.hadoop.ozone.om.OzoneManager.isLeader(OzoneManager.java:3430)
	at org.apache.hadoop.ozone.om.KeyDeletingService.shouldRun(KeyDeletingService.java:120)
	at org.apache.hadoop.ozone.om.KeyDeletingService.access$100(KeyDeletingService.java:58)
	at org.apache.hadoop.ozone.om.KeyDeletingService$KeyDeletingTask.call(KeyDeletingService.java:149)
	at org.apache.hadoop.ozone.om.KeyDeletingService$KeyDeletingTask.call(KeyDeletingService.java:137)
	at java.util.concurrent.FutureTask.run(FutureTask.java:266)
	at java.util.concurrent.Executors$RunnableAdapter.call(Executors.java:511)
	at java.util.concurrent.FutureTask.run(FutureTask.java:266)
	at java.util.concurrent.Executors$RunnableAdapter.call(Executors.java:511)
	at java.util.concurrent.FutureTask.run(FutureTask.java:266)
	at java.util.concurrent.ScheduledThreadPoolExecutor$ScheduledFutureTask.access$201(ScheduledThreadPoolExecutor.java:180)
	at java.util.concurrent.ScheduledThreadPoolExecutor$ScheduledFutureTask.run(ScheduledThreadPoolExecutor.java:293)
	... 3 more
2019-10-02 11:20:22,938 [Thread-8322] INFO  ratis.OzoneManagerRatisServer (OzoneManagerRatisServer.java:<init>(241)) - Instantiating OM Ratis server with GroupID: om-service-test1 and Raft Peers: localhost:10432, localhost:10438, localhost:10444
2019-10-02 11:20:22,939 [Thread-8322] INFO  impl.RaftServerProxy (ConfUtils.java:logGet(43)) - raft.rpc.type = GRPC (default)
2019-10-02 11:20:22,939 [Thread-8322] INFO  grpc.GrpcFactory (GrpcFactory.java:checkPooledByteBufAllocatorUseCacheForAllThreads(45)) - PERFORMANCE WARNING: useCacheForAllThreads is true that may cause Netty to create a lot garbage objects and, as a result, trigger GC.
	It is recommended to disable useCacheForAllThreads by setting -Dorg.apache.ratis.thirdparty.io.netty.allocator.useCacheForAllThreads=false in command line.
2019-10-02 11:20:22,940 [Thread-8322] INFO  grpc.GrpcConfigKeys$Server (ConfUtils.java:logGet(43)) - raft.grpc.server.port = 10432 (custom)
2019-10-02 11:20:22,940 [Thread-8322] INFO  server.GrpcService (ConfUtils.java:logGet(43)) - raft.grpc.message.size.max = 33554432 (custom)
2019-10-02 11:20:22,940 [Thread-8322] INFO  server.RaftServerConfigKeys (ConfUtils.java:logGet(43)) - raft.server.log.appender.buffer.byte-limit = 33554432 (custom)
2019-10-02 11:20:22,940 [Thread-8322] INFO  server.GrpcService (ConfUtils.java:logGet(43)) - raft.grpc.flow.control.window = 1MB (=1048576) (default)
2019-10-02 11:20:22,941 [Thread-8322] INFO  server.RaftServerConfigKeys (ConfUtils.java:logGet(43)) - raft.server.rpc.request.timeout = 3000ms (default)
2019-10-02 11:20:22,941 [Thread-8322] INFO  server.RaftServerConfigKeys (ConfUtils.java:logGet(43)) - raft.server.storage.dir = [/workdir/hadoop-ozone/integration-test/target/test-dir/MiniOzoneClusterImpl-4fbee6c2-d92b-4186-98e8-d11e1b77f972/omNode-1/ratis] (custom)
2019-10-02 11:20:22,942 [Thread-8322] INFO  impl.RaftServerProxy (RaftServerProxy.java:addNew(89)) - omNode-1: addNew group-523986131536:[omNode-3:localhost:10444, omNode-1:localhost:10432, omNode-2:localhost:10438] returns group-523986131536:java.util.concurrent.CompletableFuture@3f68e4dc[Not completed]
2019-10-02 11:20:22,942 [pool-1596-thread-1] INFO  impl.RaftServerImpl (RaftServerImpl.java:<init>(95)) - omNode-1: new RaftServerImpl for group-523986131536:[omNode-3:localhost:10444, omNode-1:localhost:10432, omNode-2:localhost:10438] with OzoneManagerStateMachine:uninitialized
2019-10-02 11:20:22,942 [pool-1596-thread-1] INFO  server.RaftServerConfigKeys (ConfUtils.java:logGet(43)) - raft.server.rpc.timeout.min = 1s (custom)
2019-10-02 11:20:22,942 [Thread-8322] INFO  om.OzoneManager (OzoneManager.java:initializeRatisServer(1389)) - OzoneManager Ratis server initialized at port 10432
2019-10-02 11:20:22,942 [pool-1596-thread-1] INFO  server.RaftServerConfigKeys (ConfUtils.java:logGet(43)) - raft.server.rpc.timeout.max = 1200ms (custom)
2019-10-02 11:20:22,942 [Thread-8322] WARN  scm.HddsServerUtil (HddsServerUtil.java:getDefaultRatisDirectory(354)) - Storage directory for Ratis is not configured. It is a good idea to map this to an SSD disk. Falling back to ozone.metadata.dirs
2019-10-02 11:20:22,942 [pool-1596-thread-1] INFO  server.RaftServerConfigKeys (ConfUtils.java:logGet(43)) - raft.server.rpcslowness.timeout = 2s (custom)
2019-10-02 11:20:22,943 [pool-1596-thread-1] INFO  server.RaftServerConfigKeys (ConfUtils.java:logGet(43)) - raft.server.sleep.deviation.threshold = 300 (default)
2019-10-02 11:20:22,943 [pool-1596-thread-1] INFO  server.RaftServerConfigKeys (ConfUtils.java:logGet(43)) - raft.server.log.appender.install.snapshot.enabled = false (custom)
2019-10-02 11:20:22,943 [Thread-8322] WARN  scm.HddsServerUtil (HddsServerUtil.java:getDefaultRatisDirectory(354)) - Storage directory for Ratis is not configured. It is a good idea to map this to an SSD disk. Falling back to ozone.metadata.dirs
2019-10-02 11:20:22,943 [pool-1596-thread-1] INFO  impl.RaftServerImpl (ServerState.java:<init>(103)) - omNode-1@group-523986131536: ConfigurationManager, init=-1: [omNode-3:localhost:10444, omNode-1:localhost:10432, omNode-2:localhost:10438], old=null, confs=<EMPTY_MAP>
2019-10-02 11:20:22,943 [pool-1596-thread-1] INFO  server.RaftServerConfigKeys (ConfUtils.java:logGet(43)) - raft.server.storage.dir = [/workdir/hadoop-ozone/integration-test/target/test-dir/MiniOzoneClusterImpl-4fbee6c2-d92b-4186-98e8-d11e1b77f972/omNode-1/ratis] (custom)
2019-10-02 11:20:22,943 [Thread-8322] INFO  snapshot.OzoneManagerSnapshotProvider (OzoneManagerSnapshotProvider.java:<init>(81)) - Initializing OM Snapshot Provider
2019-10-02 11:20:22,943 [pool-1596-thread-1] INFO  server.RaftServerConfigKeys (ConfUtils.java:logGet(43)) - raft.server.log.corruption.policy = EXCEPTION (default)
2019-10-02 11:20:22,943 [pool-1596-thread-1] INFO  storage.RaftStorageDirectory (RaftStorageDirectory.java:analyzeStorage(246)) - The storage directory /workdir/hadoop-ozone/integration-test/target/test-dir/MiniOzoneClusterImpl-4fbee6c2-d92b-4186-98e8-d11e1b77f972/omNode-1/ratis/c9bc4cf4-3bc3-3c60-a66b-523986131536 does not exist. Creating ...
2019-10-02 11:20:22,945 [Thread-8322] INFO  ipc.CallQueueManager (CallQueueManager.java:<init>(84)) - Using callQueue: class java.util.concurrent.LinkedBlockingQueue, queueCapacity: 2000, scheduler: class org.apache.hadoop.ipc.DefaultRpcScheduler, ipcBackoff: false.
2019-10-02 11:20:22,946 [Socket Reader #1 for port 10428] INFO  ipc.Server (Server.java:run(1074)) - Starting Socket Reader #1 for port 10428
2019-10-02 11:20:22,964 [Thread-8322] INFO  om.OzoneManager (OzoneManager.java:start(1243)) - OzoneManager RPC server is listening at localhost/127.0.0.1:10428
2019-10-02 11:20:22,964 [Thread-8322] INFO  impl.MetricsSystemImpl (MetricsSystemImpl.java:init(158)) - OzoneManager metrics system started (again)
2019-10-02 11:20:22,964 [Thread-8322] INFO  ratis.OzoneManagerRatisServer (OzoneManagerRatisServer.java:start(331)) - Starting OzoneManagerRatisServer omNode-1 at port 10432
2019-10-02 11:20:22,967 [pool-1596-thread-1] INFO  storage.RaftStorageDirectory (RaftStorageDirectory.java:tryLock(328)) - Lock on /workdir/hadoop-ozone/integration-test/target/test-dir/MiniOzoneClusterImpl-4fbee6c2-d92b-4186-98e8-d11e1b77f972/omNode-1/ratis/c9bc4cf4-3bc3-3c60-a66b-523986131536/in_use.lock acquired by nodename 25089@pr-hdds-2231-nwbjw-3761139207
2019-10-02 11:20:22,997 [pool-1596-thread-1] INFO  storage.RaftStorage (RaftStorage.java:format(84)) - Storage directory /workdir/hadoop-ozone/integration-test/target/test-dir/MiniOzoneClusterImpl-4fbee6c2-d92b-4186-98e8-d11e1b77f972/omNode-1/ratis/c9bc4cf4-3bc3-3c60-a66b-523986131536 has been successfully formatted.
2019-10-02 11:20:22,997 [pool-1596-thread-1] INFO  server.RaftServerConfigKeys (ConfUtils.java:logGet(43)) - raft.server.notification.no-leader.timeout = 2s (custom)
2019-10-02 11:20:22,997 [pool-1596-thread-1] INFO  server.RaftServerConfigKeys (ConfUtils.java:logGet(43)) - raft.server.log.use.memory = false (default)
2019-10-02 11:20:22,997 [pool-1596-thread-1] INFO  server.RaftServerConfigKeys (ConfUtils.java:logGet(43)) - raft.server.log.purge.gap = 50 (custom)
2019-10-02 11:20:22,998 [pool-1596-thread-1] INFO  server.RaftServerConfigKeys (ConfUtils.java:logGet(43)) - raft.server.log.appender.buffer.byte-limit = 33554432 (custom)
2019-10-02 11:20:22,998 [pool-1596-thread-1] INFO  server.RaftServerConfigKeys (ConfUtils.java:logGet(43)) - raft.server.log.segment.size.max = 16384 (custom)
2019-10-02 11:20:22,998 [pool-1596-thread-1] INFO  server.RaftServerConfigKeys (ConfUtils.java:logGet(43)) - raft.server.log.segment.cache.num.max = 2 (custom)
2019-10-02 11:20:22,998 [pool-1596-thread-1] INFO  segmented.SegmentedRaftLogWorker (SegmentedRaftLogWorker.java:<init>(173)) - new omNode-1@group-523986131536-SegmentedRaftLogWorker for RaftStorage:Storage Directory /workdir/hadoop-ozone/integration-test/target/test-dir/MiniOzoneClusterImpl-4fbee6c2-d92b-4186-98e8-d11e1b77f972/omNode-1/ratis/c9bc4cf4-3bc3-3c60-a66b-523986131536
2019-10-02 11:20:22,998 [pool-1596-thread-1] INFO  server.RaftServerConfigKeys (ConfUtils.java:logGet(43)) - raft.server.log.queue.byte-limit = 64MB (=67108864) (default)
2019-10-02 11:20:22,998 [pool-1596-thread-1] INFO  server.RaftServerConfigKeys (ConfUtils.java:logGet(43)) - raft.server.log.queue.element-limit = 4096 (default)
2019-10-02 11:20:22,998 [pool-1596-thread-1] INFO  server.RaftServerConfigKeys (ConfUtils.java:logGet(43)) - raft.server.log.segment.size.max = 16384 (custom)
2019-10-02 11:20:22,999 [pool-1596-thread-1] INFO  server.RaftServerConfigKeys (ConfUtils.java:logGet(43)) - raft.server.log.preallocated.size = 16384 (custom)
2019-10-02 11:20:22,999 [pool-1596-thread-1] INFO  server.RaftServerConfigKeys (ConfUtils.java:logGet(43)) - raft.server.log.write.buffer.size = 64KB (=65536) (default)
2019-10-02 11:20:22,999 [pool-1596-thread-1] INFO  server.RaftServerConfigKeys (ConfUtils.java:logGet(43)) - raft.server.log.force.sync.num = 128 (default)
2019-10-02 11:20:22,999 [pool-1596-thread-1] INFO  server.RaftServerConfigKeys (ConfUtils.java:logGet(43)) - raft.server.log.statemachine.data.sync = true (default)
2019-10-02 11:20:22,999 [pool-1596-thread-1] INFO  server.RaftServerConfigKeys (ConfUtils.java:logGet(43)) - raft.server.log.statemachine.data.sync.timeout = 10s (default)
2019-10-02 11:20:22,999 [pool-1596-thread-1] INFO  server.RaftServerConfigKeys (ConfUtils.java:logGet(43)) - raft.server.log.statemachine.data.sync.timeout.retry = -1 (default)
2019-10-02 11:20:22,999 [pool-1596-thread-1] INFO  server.RaftServerConfigKeys (ConfUtils.java:logGet(43)) - raft.server.log.statemachine.data.caching.enabled = false (default)
2019-10-02 11:20:22,999 [pool-1596-thread-1] INFO  segmented.SegmentedRaftLogWorker (SegmentedRaftLogWorker.java:lambda$new$0(128)) - omNode-1@group-523986131536-SegmentedRaftLogWorker: flushIndex: setUnconditionally 0 -> -1
2019-10-02 11:20:23,000 [pool-1596-thread-1] INFO  server.RaftServerConfigKeys (ConfUtils.java:logGet(43)) - raft.server.snapshot.auto.trigger.enabled = true (custom)
2019-10-02 11:20:23,000 [pool-1596-thread-1] INFO  server.RaftServerConfigKeys (ConfUtils.java:logGet(43)) - raft.server.snapshot.auto.trigger.threshold = 50 (custom)
2019-10-02 11:20:23,000 [pool-1596-thread-1] INFO  server.RaftServerConfigKeys (ConfUtils.java:logGet(43)) - raft.server.snapshot.retention.file.num = -1 (default)
2019-10-02 11:20:23,000 [pool-1596-thread-1] INFO  server.RaftServerConfigKeys (ConfUtils.java:logGet(43)) - raft.server.retrycache.expirytime = 600000ms (custom)
2019-10-02 11:20:23,003 [Thread-8322] INFO  impl.RaftServerImpl (RaftServerImpl.java:start(181)) - omNode-1@group-523986131536: start as a follower, conf=-1: [omNode-3:localhost:10444, omNode-1:localhost:10432, omNode-2:localhost:10438], old=null
2019-10-02 11:20:23,004 [Thread-8322] INFO  impl.RaftServerImpl (RaftServerImpl.java:setRole(170)) - omNode-1@group-523986131536: changes role from      null to FOLLOWER at term 0 for startAsFollower
2019-10-02 11:20:23,004 [Thread-8322] INFO  impl.RoleInfo (RoleInfo.java:updateAndGet(143)) - omNode-1: start FollowerState
2019-10-02 11:20:23,004 [Thread-8322] INFO  util.JmxRegister (JmxRegister.java:tryRegister(44)) - Successfully registered JMX Bean with object name Ratis:service=RaftServer,group=group-523986131536,id=omNode-1
2019-10-02 11:20:23,005 [Thread-8322] INFO  impl.RaftServerProxy (RaftServerProxy.java:lambda$start$3(299)) - omNode-1: start RPC server
2019-10-02 11:20:23,008 [Thread-8322] INFO  server.GrpcService (GrpcService.java:startImpl(158)) - omNode-1: GrpcService started, listening on 0.0.0.0/0.0.0.0:10432
2019-10-02 11:20:23,009 [IPC Server Responder] INFO  ipc.Server (Server.java:run(1314)) - IPC Server Responder: starting
2019-10-02 11:20:23,009 [IPC Server listener on 10428] INFO  ipc.Server (Server.java:run(1153)) - IPC Server listener on 10428: starting
2019-10-02 11:20:23,017 [Thread-8322] INFO  hdfs.DFSUtil (DFSUtil.java:httpServerTemplateForNNAndJN(1641)) - Starting Web-server for ozoneManager at: http://0.0.0.0:10430
2019-10-02 11:20:23,018 [Thread-8322] INFO  server.AuthenticationFilter (AuthenticationFilter.java:constructSecretProvider(240)) - Unable to initialize FileSignerSecretProvider, falling back to use random secrets.
2019-10-02 11:20:23,019 [Thread-8322] WARN  http.HttpRequestLog (HttpRequestLog.java:getRequestLog(97)) - Jetty request log can only be enabled using Log4j
2019-10-02 11:20:23,021 [Thread-8322] INFO  http.HttpServer2 (HttpServer2.java:addGlobalFilter(975)) - Added global filter 'safety' (class=org.apache.hadoop.http.HttpServer2$QuotingInputFilter)
2019-10-02 11:20:23,021 [Thread-8322] INFO  http.HttpServer2 (HttpServer2.java:addFilter(948)) - Added filter static_user_filter (class=org.apache.hadoop.http.lib.StaticUserWebFilter$StaticUserFilter) to context ozoneManager
2019-10-02 11:20:23,021 [Thread-8322] INFO  http.HttpServer2 (HttpServer2.java:addFilter(958)) - Added filter static_user_filter (class=org.apache.hadoop.http.lib.StaticUserWebFilter$StaticUserFilter) to context static
2019-10-02 11:20:23,021 [Thread-8322] INFO  http.HttpServer2 (HttpServer2.java:addFilter(958)) - Added filter static_user_filter (class=org.apache.hadoop.http.lib.StaticUserWebFilter$StaticUserFilter) to context logs
2019-10-02 11:20:23,022 [Thread-8322] INFO  http.HttpServer2 (HttpServer2.java:bindListener(1191)) - Jetty bound to port 10430
2019-10-02 11:20:23,022 [Thread-8322] INFO  server.Server (Server.java:doStart(351)) - jetty-9.3.25.v20180904, build timestamp: 2018-09-04T21:11:46Z, git hash: 3ce520221d0240229c862b122d2b06c12a625732
2019-10-02 11:20:23,024 [Thread-8322] INFO  handler.ContextHandler (ContextHandler.java:doStart(781)) - Started o.e.j.s.ServletContextHandler@23326daf{/logs,file:///workdir/hadoop-ozone/integration-test/target/log,AVAILABLE}
2019-10-02 11:20:23,025 [Thread-8322] INFO  handler.ContextHandler (ContextHandler.java:doStart(781)) - Started o.e.j.s.ServletContextHandler@10432172{/static,file:///workdir/hadoop-ozone/integration-test/target/test-classes/webapps/static,AVAILABLE}
2019-10-02 11:20:23,029 [Thread-8322] INFO  handler.ContextHandler (ContextHandler.java:doStart(781)) - Started o.e.j.w.WebAppContext@7875e467{/,file:///workdir/hadoop-ozone/integration-test/target/test-classes/webapps/ozoneManager/,AVAILABLE}{/ozoneManager}
2019-10-02 11:20:23,029 [Thread-8322] INFO  server.AbstractConnector (AbstractConnector.java:doStart(278)) - Started ServerConnector@12282642{HTTP/1.1,[http/1.1]}{0.0.0.0:10430}
2019-10-02 11:20:23,031 [Thread-8322] INFO  server.Server (Server.java:doStart(419)) - Started @635350ms
2019-10-02 11:20:23,032 [Thread-8322] WARN  impl.MetricsSystemImpl (MetricsSystemImpl.java:register(276)) - Sink prometheus already exists!
2019-10-02 11:20:23,032 [Thread-8322] INFO  server.BaseHttpServer (BaseHttpServer.java:updateConnectorAddress(215)) - HTTP server of OZONEMANAGER is listening at http://0.0.0.0:10430
2019-10-02 11:20:23,033 [Thread-8322] INFO  ozone.MiniOzoneHAClusterImpl (MiniOzoneHAClusterImpl.java:createOMService(274)) - Started OzoneManager RPC server at localhost/127.0.0.1:10428
2019-10-02 11:20:23,033 [Thread-8322] WARN  server.ServerUtils (ServerUtils.java:getDBPath(222)) - ozone.om.db.dirs is not configured. We recommend adding this setting. Falling back to ozone.metadata.dirs instead.
2019-10-02 11:20:23,078 [Thread-8322] WARN  server.ServerUtils (ServerUtils.java:getDBPath(222)) - ozone.om.db.dirs is not configured. We recommend adding this setting. Falling back to ozone.metadata.dirs instead.
2019-10-02 11:20:23,078 [Thread-8322] WARN  server.ServerUtils (ServerUtils.java:getDBPath(222)) - ozone.om.db.dirs is not configured. We recommend adding this setting. Falling back to ozone.metadata.dirs instead.
2019-10-02 11:20:23,079 [Thread-8322] INFO  om.OzoneManager (OzoneManager.java:setOMNodeSpecificConfigs(698)) - Setting configuration key ozone.om.http-address with value of key ozone.om.http-address.omNode-2: 127.0.0.1:10436
2019-10-02 11:20:23,079 [Thread-8322] INFO  om.OzoneManager (OzoneManager.java:setOMNodeSpecificConfigs(698)) - Setting configuration key ozone.om.https-address with value of key ozone.om.https-address.omNode-2: 127.0.0.1:10437
2019-10-02 11:20:23,079 [Thread-8322] INFO  om.OzoneManager (OzoneManager.java:loadOMHAConfigs(609)) - Found matching OM address with OMServiceId: om-service-test1, OMNodeId: omNode-2, RPC Address: localhost:10434 and Ratis port: 10438
2019-10-02 11:20:23,089 [Thread-8322] WARN  server.ServerUtils (ServerUtils.java:getDBPath(222)) - ozone.om.db.dirs is not configured. We recommend adding this setting. Falling back to ozone.metadata.dirs instead.
2019-10-02 11:20:23,090 [Thread-8322] INFO  db.DBStoreBuilder (DBStoreBuilder.java:addTable(110)) - using custom profile for table: userTable
2019-10-02 11:20:23,090 [Thread-8322] INFO  db.DBStoreBuilder (DBStoreBuilder.java:processTables(161)) - Using default column profile:DBProfile.DISK for Table:userTable
2019-10-02 11:20:23,090 [Thread-8322] INFO  db.DBStoreBuilder (DBStoreBuilder.java:addTable(110)) - using custom profile for table: volumeTable
2019-10-02 11:20:23,090 [Thread-8322] INFO  db.DBStoreBuilder (DBStoreBuilder.java:processTables(161)) - Using default column profile:DBProfile.DISK for Table:volumeTable
2019-10-02 11:20:23,091 [Thread-8322] INFO  db.DBStoreBuilder (DBStoreBuilder.java:addTable(110)) - using custom profile for table: bucketTable
2019-10-02 11:20:23,091 [Thread-8322] INFO  db.DBStoreBuilder (DBStoreBuilder.java:processTables(161)) - Using default column profile:DBProfile.DISK for Table:bucketTable
2019-10-02 11:20:23,091 [Thread-8322] INFO  db.DBStoreBuilder (DBStoreBuilder.java:addTable(110)) - using custom profile for table: keyTable
2019-10-02 11:20:23,091 [Thread-8322] INFO  db.DBStoreBuilder (DBStoreBuilder.java:processTables(161)) - Using default column profile:DBProfile.DISK for Table:keyTable
2019-10-02 11:20:23,091 [Thread-8322] INFO  db.DBStoreBuilder (DBStoreBuilder.java:addTable(110)) - using custom profile for table: deletedTable
2019-10-02 11:20:23,092 [Thread-8322] INFO  db.DBStoreBuilder (DBStoreBuilder.java:processTables(161)) - Using default column profile:DBProfile.DISK for Table:deletedTable
2019-10-02 11:20:23,092 [Thread-8322] INFO  db.DBStoreBuilder (DBStoreBuilder.java:addTable(110)) - using custom profile for table: openKeyTable
2019-10-02 11:20:23,092 [Thread-8322] INFO  db.DBStoreBuilder (DBStoreBuilder.java:processTables(161)) - Using default column profile:DBProfile.DISK for Table:openKeyTable
2019-10-02 11:20:23,092 [Thread-8322] INFO  db.DBStoreBuilder (DBStoreBuilder.java:addTable(110)) - using custom profile for table: s3Table
2019-10-02 11:20:23,092 [Thread-8322] INFO  db.DBStoreBuilder (DBStoreBuilder.java:processTables(161)) - Using default column profile:DBProfile.DISK for Table:s3Table
2019-10-02 11:20:23,093 [Thread-8322] INFO  db.DBStoreBuilder (DBStoreBuilder.java:addTable(110)) - using custom profile for table: multipartInfoTable
2019-10-02 11:20:23,093 [Thread-8322] INFO  db.DBStoreBuilder (DBStoreBuilder.java:processTables(161)) - Using default column profile:DBProfile.DISK for Table:multipartInfoTable
2019-10-02 11:20:23,093 [Thread-8322] INFO  db.DBStoreBuilder (DBStoreBuilder.java:addTable(110)) - using custom profile for table: dTokenTable
2019-10-02 11:20:23,093 [Thread-8322] INFO  db.DBStoreBuilder (DBStoreBuilder.java:processTables(161)) - Using default column profile:DBProfile.DISK for Table:dTokenTable
2019-10-02 11:20:23,093 [Thread-8322] INFO  db.DBStoreBuilder (DBStoreBuilder.java:addTable(110)) - using custom profile for table: s3SecretTable
2019-10-02 11:20:23,093 [Thread-8322] INFO  db.DBStoreBuilder (DBStoreBuilder.java:processTables(161)) - Using default column profile:DBProfile.DISK for Table:s3SecretTable
2019-10-02 11:20:23,094 [Thread-8322] INFO  db.DBStoreBuilder (DBStoreBuilder.java:addTable(110)) - using custom profile for table: prefixTable
2019-10-02 11:20:23,094 [Thread-8322] INFO  db.DBStoreBuilder (DBStoreBuilder.java:processTables(161)) - Using default column profile:DBProfile.DISK for Table:prefixTable
2019-10-02 11:20:23,094 [Thread-8322] INFO  db.DBStoreBuilder (DBStoreBuilder.java:addTable(110)) - using custom profile for table: default
2019-10-02 11:20:23,094 [Thread-8322] INFO  db.DBStoreBuilder (DBStoreBuilder.java:processTables(167)) - Using default column profile:DBProfile.DISK for Table:default
2019-10-02 11:20:23,094 [Thread-8322] INFO  db.DBStoreBuilder (DBStoreBuilder.java:getDbProfile(198)) - Using default options. DBProfile.DISK
2019-10-02 11:20:23,848 [Thread-8322] WARN  scm.HddsServerUtil (HddsServerUtil.java:getDefaultRatisDirectory(354)) - Storage directory for Ratis is not configured. It is a good idea to map this to an SSD disk. Falling back to ozone.metadata.dirs
2019-10-02 11:20:23,851 [Thread-8322] INFO  ratis.OzoneManagerRatisServer (OzoneManagerRatisServer.java:<init>(241)) - Instantiating OM Ratis server with GroupID: om-service-test1 and Raft Peers: localhost:10438, localhost:10432, localhost:10444
2019-10-02 11:20:23,851 [KeyDeletingService#0] WARN  utils.BackgroundService (BackgroundService.java:lambda$run$0(135)) - Background task fails to execute, retrying in next interval
java.util.concurrent.ExecutionException: java.lang.NullPointerException
	at java.util.concurrent.FutureTask.report(FutureTask.java:122)
	at java.util.concurrent.FutureTask.get(FutureTask.java:206)
	at org.apache.hadoop.hdds.utils.BackgroundService$PeriodicalTask.lambda$run$0(BackgroundService.java:129)
	at java.util.stream.ForEachOps$ForEachOp$OfRef.accept(ForEachOps.java:184)
	at java.util.ArrayList$ArrayListSpliterator.forEachRemaining(ArrayList.java:1382)
	at java.util.stream.AbstractPipeline.copyInto(AbstractPipeline.java:482)
	at java.util.stream.ForEachOps$ForEachTask.compute(ForEachOps.java:291)
	at java.util.concurrent.CountedCompleter.exec(CountedCompleter.java:731)
	at java.util.concurrent.ForkJoinTask.doExec(ForkJoinTask.java:289)
	at java.util.concurrent.ForkJoinTask.doInvoke(ForkJoinTask.java:401)
	at java.util.concurrent.ForkJoinTask.invoke(ForkJoinTask.java:734)
	at java.util.stream.ForEachOps$ForEachOp.evaluateParallel(ForEachOps.java:160)
	at java.util.stream.ForEachOps$ForEachOp$OfRef.evaluateParallel(ForEachOps.java:174)
	at java.util.stream.AbstractPipeline.evaluate(AbstractPipeline.java:233)
	at java.util.stream.ReferencePipeline.forEach(ReferencePipeline.java:418)
	at java.util.stream.ReferencePipeline$Head.forEach(ReferencePipeline.java:583)
	at org.apache.hadoop.hdds.utils.BackgroundService$PeriodicalTask.run(BackgroundService.java:125)
	at java.util.concurrent.Executors$RunnableAdapter.call(Executors.java:511)
	at java.util.concurrent.FutureTask.runAndReset(FutureTask.java:308)
	at java.util.concurrent.ScheduledThreadPoolExecutor$ScheduledFutureTask.access$301(ScheduledThreadPoolExecutor.java:180)
	at java.util.concurrent.ScheduledThreadPoolExecutor$ScheduledFutureTask.run(ScheduledThreadPoolExecutor.java:294)
	at java.util.concurrent.ThreadPoolExecutor.runWorker(ThreadPoolExecutor.java:1149)
	at java.util.concurrent.ThreadPoolExecutor$Worker.run(ThreadPoolExecutor.java:624)
	at java.lang.Thread.run(Thread.java:748)
Caused by: java.lang.NullPointerException
	at org.apache.hadoop.ozone.om.OzoneManager.isLeader(OzoneManager.java:3430)
	at org.apache.hadoop.ozone.om.KeyDeletingService.shouldRun(KeyDeletingService.java:120)
	at org.apache.hadoop.ozone.om.KeyDeletingService.access$100(KeyDeletingService.java:58)
	at org.apache.hadoop.ozone.om.KeyDeletingService$KeyDeletingTask.call(KeyDeletingService.java:149)
	at org.apache.hadoop.ozone.om.KeyDeletingService$KeyDeletingTask.call(KeyDeletingService.java:137)
	at java.util.concurrent.FutureTask.run(FutureTask.java:266)
	at java.util.concurrent.Executors$RunnableAdapter.call(Executors.java:511)
	at java.util.concurrent.FutureTask.run(FutureTask.java:266)
	at java.util.concurrent.Executors$RunnableAdapter.call(Executors.java:511)
	at java.util.concurrent.FutureTask.run(FutureTask.java:266)
	at java.util.concurrent.ScheduledThreadPoolExecutor$ScheduledFutureTask.access$201(ScheduledThreadPoolExecutor.java:180)
	at java.util.concurrent.ScheduledThreadPoolExecutor$ScheduledFutureTask.run(ScheduledThreadPoolExecutor.java:293)
	... 3 more
2019-10-02 11:20:23,851 [Thread-8322] INFO  impl.RaftServerProxy (ConfUtils.java:logGet(43)) - raft.rpc.type = GRPC (default)
2019-10-02 11:20:23,853 [Thread-8322] INFO  grpc.GrpcFactory (GrpcFactory.java:checkPooledByteBufAllocatorUseCacheForAllThreads(45)) - PERFORMANCE WARNING: useCacheForAllThreads is true that may cause Netty to create a lot garbage objects and, as a result, trigger GC.
	It is recommended to disable useCacheForAllThreads by setting -Dorg.apache.ratis.thirdparty.io.netty.allocator.useCacheForAllThreads=false in command line.
2019-10-02 11:20:23,853 [Thread-8322] INFO  grpc.GrpcConfigKeys$Server (ConfUtils.java:logGet(43)) - raft.grpc.server.port = 10438 (custom)
2019-10-02 11:20:23,853 [Thread-8322] INFO  server.GrpcService (ConfUtils.java:logGet(43)) - raft.grpc.message.size.max = 33554432 (custom)
2019-10-02 11:20:23,853 [Thread-8322] INFO  server.RaftServerConfigKeys (ConfUtils.java:logGet(43)) - raft.server.log.appender.buffer.byte-limit = 33554432 (custom)
2019-10-02 11:20:23,854 [Thread-8322] INFO  server.GrpcService (ConfUtils.java:logGet(43)) - raft.grpc.flow.control.window = 1MB (=1048576) (default)
2019-10-02 11:20:23,854 [Thread-8322] INFO  server.RaftServerConfigKeys (ConfUtils.java:logGet(43)) - raft.server.rpc.request.timeout = 3000ms (default)
2019-10-02 11:20:23,854 [Thread-8322] INFO  server.RaftServerConfigKeys (ConfUtils.java:logGet(43)) - raft.server.storage.dir = [/workdir/hadoop-ozone/integration-test/target/test-dir/MiniOzoneClusterImpl-4fbee6c2-d92b-4186-98e8-d11e1b77f972/omNode-2/ratis] (custom)
2019-10-02 11:20:23,854 [Thread-8322] INFO  impl.RaftServerProxy (RaftServerProxy.java:addNew(89)) - omNode-2: addNew group-523986131536:[omNode-3:localhost:10444, omNode-1:localhost:10432, omNode-2:localhost:10438] returns group-523986131536:java.util.concurrent.CompletableFuture@52047652[Not completed]
2019-10-02 11:20:23,855 [pool-1612-thread-1] INFO  impl.RaftServerImpl (RaftServerImpl.java:<init>(95)) - omNode-2: new RaftServerImpl for group-523986131536:[omNode-3:localhost:10444, omNode-1:localhost:10432, omNode-2:localhost:10438] with OzoneManagerStateMachine:uninitialized
2019-10-02 11:20:23,855 [Thread-8322] INFO  om.OzoneManager (OzoneManager.java:initializeRatisServer(1389)) - OzoneManager Ratis server initialized at port 10438
2019-10-02 11:20:23,855 [pool-1612-thread-1] INFO  server.RaftServerConfigKeys (ConfUtils.java:logGet(43)) - raft.server.rpc.timeout.min = 1s (custom)
2019-10-02 11:20:23,855 [Thread-8322] WARN  scm.HddsServerUtil (HddsServerUtil.java:getDefaultRatisDirectory(354)) - Storage directory for Ratis is not configured. It is a good idea to map this to an SSD disk. Falling back to ozone.metadata.dirs
2019-10-02 11:20:23,855 [pool-1612-thread-1] INFO  server.RaftServerConfigKeys (ConfUtils.java:logGet(43)) - raft.server.rpc.timeout.max = 1200ms (custom)
2019-10-02 11:20:23,855 [Thread-8322] WARN  scm.HddsServerUtil (HddsServerUtil.java:getDefaultRatisDirectory(354)) - Storage directory for Ratis is not configured. It is a good idea to map this to an SSD disk. Falling back to ozone.metadata.dirs
2019-10-02 11:20:23,855 [pool-1612-thread-1] INFO  server.RaftServerConfigKeys (ConfUtils.java:logGet(43)) - raft.server.rpcslowness.timeout = 2s (custom)
2019-10-02 11:20:23,855 [Thread-8322] INFO  snapshot.OzoneManagerSnapshotProvider (OzoneManagerSnapshotProvider.java:<init>(81)) - Initializing OM Snapshot Provider
2019-10-02 11:20:23,855 [pool-1612-thread-1] INFO  server.RaftServerConfigKeys (ConfUtils.java:logGet(43)) - raft.server.sleep.deviation.threshold = 300 (default)
2019-10-02 11:20:23,856 [pool-1612-thread-1] INFO  server.RaftServerConfigKeys (ConfUtils.java:logGet(43)) - raft.server.log.appender.install.snapshot.enabled = false (custom)
2019-10-02 11:20:23,856 [pool-1612-thread-1] INFO  impl.RaftServerImpl (ServerState.java:<init>(103)) - omNode-2@group-523986131536: ConfigurationManager, init=-1: [omNode-3:localhost:10444, omNode-1:localhost:10432, omNode-2:localhost:10438], old=null, confs=<EMPTY_MAP>
2019-10-02 11:20:23,856 [pool-1612-thread-1] INFO  server.RaftServerConfigKeys (ConfUtils.java:logGet(43)) - raft.server.storage.dir = [/workdir/hadoop-ozone/integration-test/target/test-dir/MiniOzoneClusterImpl-4fbee6c2-d92b-4186-98e8-d11e1b77f972/omNode-2/ratis] (custom)
2019-10-02 11:20:23,856 [pool-1612-thread-1] INFO  server.RaftServerConfigKeys (ConfUtils.java:logGet(43)) - raft.server.log.corruption.policy = EXCEPTION (default)
2019-10-02 11:20:23,856 [Thread-8322] INFO  ipc.CallQueueManager (CallQueueManager.java:<init>(84)) - Using callQueue: class java.util.concurrent.LinkedBlockingQueue, queueCapacity: 2000, scheduler: class org.apache.hadoop.ipc.DefaultRpcScheduler, ipcBackoff: false.
2019-10-02 11:20:23,856 [pool-1612-thread-1] INFO  storage.RaftStorageDirectory (RaftStorageDirectory.java:analyzeStorage(246)) - The storage directory /workdir/hadoop-ozone/integration-test/target/test-dir/MiniOzoneClusterImpl-4fbee6c2-d92b-4186-98e8-d11e1b77f972/omNode-2/ratis/c9bc4cf4-3bc3-3c60-a66b-523986131536 does not exist. Creating ...
2019-10-02 11:20:23,857 [Socket Reader #1 for port 10434] INFO  ipc.Server (Server.java:run(1074)) - Starting Socket Reader #1 for port 10434
2019-10-02 11:20:23,869 [Thread-8322] INFO  om.OzoneManager (OzoneManager.java:start(1243)) - OzoneManager RPC server is listening at localhost/127.0.0.1:10434
2019-10-02 11:20:23,869 [Thread-8322] INFO  impl.MetricsSystemImpl (MetricsSystemImpl.java:init(158)) - OzoneManager metrics system started (again)
2019-10-02 11:20:23,869 [Thread-8322] INFO  ratis.OzoneManagerRatisServer (OzoneManagerRatisServer.java:start(331)) - Starting OzoneManagerRatisServer omNode-2 at port 10438
2019-10-02 11:20:23,879 [pool-1612-thread-1] INFO  storage.RaftStorageDirectory (RaftStorageDirectory.java:tryLock(328)) - Lock on /workdir/hadoop-ozone/integration-test/target/test-dir/MiniOzoneClusterImpl-4fbee6c2-d92b-4186-98e8-d11e1b77f972/omNode-2/ratis/c9bc4cf4-3bc3-3c60-a66b-523986131536/in_use.lock acquired by nodename 25089@pr-hdds-2231-nwbjw-3761139207
2019-10-02 11:20:23,894 [pool-1612-thread-1] INFO  storage.RaftStorage (RaftStorage.java:format(84)) - Storage directory /workdir/hadoop-ozone/integration-test/target/test-dir/MiniOzoneClusterImpl-4fbee6c2-d92b-4186-98e8-d11e1b77f972/omNode-2/ratis/c9bc4cf4-3bc3-3c60-a66b-523986131536 has been successfully formatted.
2019-10-02 11:20:23,894 [pool-1612-thread-1] INFO  server.RaftServerConfigKeys (ConfUtils.java:logGet(43)) - raft.server.notification.no-leader.timeout = 2s (custom)
2019-10-02 11:20:23,894 [pool-1612-thread-1] INFO  server.RaftServerConfigKeys (ConfUtils.java:logGet(43)) - raft.server.log.use.memory = false (default)
2019-10-02 11:20:23,895 [pool-1612-thread-1] INFO  server.RaftServerConfigKeys (ConfUtils.java:logGet(43)) - raft.server.log.purge.gap = 50 (custom)
2019-10-02 11:20:23,895 [pool-1612-thread-1] INFO  server.RaftServerConfigKeys (ConfUtils.java:logGet(43)) - raft.server.log.appender.buffer.byte-limit = 33554432 (custom)
2019-10-02 11:20:23,895 [pool-1612-thread-1] INFO  server.RaftServerConfigKeys (ConfUtils.java:logGet(43)) - raft.server.log.segment.size.max = 16384 (custom)
2019-10-02 11:20:23,895 [pool-1612-thread-1] INFO  server.RaftServerConfigKeys (ConfUtils.java:logGet(43)) - raft.server.log.segment.cache.num.max = 2 (custom)
2019-10-02 11:20:23,895 [pool-1612-thread-1] INFO  segmented.SegmentedRaftLogWorker (SegmentedRaftLogWorker.java:<init>(173)) - new omNode-2@group-523986131536-SegmentedRaftLogWorker for RaftStorage:Storage Directory /workdir/hadoop-ozone/integration-test/target/test-dir/MiniOzoneClusterImpl-4fbee6c2-d92b-4186-98e8-d11e1b77f972/omNode-2/ratis/c9bc4cf4-3bc3-3c60-a66b-523986131536
2019-10-02 11:20:23,895 [pool-1612-thread-1] INFO  server.RaftServerConfigKeys (ConfUtils.java:logGet(43)) - raft.server.log.queue.byte-limit = 64MB (=67108864) (default)
2019-10-02 11:20:23,895 [pool-1612-thread-1] INFO  server.RaftServerConfigKeys (ConfUtils.java:logGet(43)) - raft.server.log.queue.element-limit = 4096 (default)
2019-10-02 11:20:23,895 [pool-1612-thread-1] INFO  server.RaftServerConfigKeys (ConfUtils.java:logGet(43)) - raft.server.log.segment.size.max = 16384 (custom)
2019-10-02 11:20:23,895 [pool-1612-thread-1] INFO  server.RaftServerConfigKeys (ConfUtils.java:logGet(43)) - raft.server.log.preallocated.size = 16384 (custom)
2019-10-02 11:20:23,896 [pool-1612-thread-1] INFO  server.RaftServerConfigKeys (ConfUtils.java:logGet(43)) - raft.server.log.write.buffer.size = 64KB (=65536) (default)
2019-10-02 11:20:23,896 [pool-1612-thread-1] INFO  server.RaftServerConfigKeys (ConfUtils.java:logGet(43)) - raft.server.log.force.sync.num = 128 (default)
2019-10-02 11:20:23,896 [pool-1612-thread-1] INFO  server.RaftServerConfigKeys (ConfUtils.java:logGet(43)) - raft.server.log.statemachine.data.sync = true (default)
2019-10-02 11:20:23,896 [pool-1612-thread-1] INFO  server.RaftServerConfigKeys (ConfUtils.java:logGet(43)) - raft.server.log.statemachine.data.sync.timeout = 10s (default)
2019-10-02 11:20:23,896 [pool-1612-thread-1] INFO  server.RaftServerConfigKeys (ConfUtils.java:logGet(43)) - raft.server.log.statemachine.data.sync.timeout.retry = -1 (default)
2019-10-02 11:20:23,896 [pool-1612-thread-1] INFO  server.RaftServerConfigKeys (ConfUtils.java:logGet(43)) - raft.server.log.statemachine.data.caching.enabled = false (default)
2019-10-02 11:20:23,896 [pool-1612-thread-1] INFO  segmented.SegmentedRaftLogWorker (SegmentedRaftLogWorker.java:lambda$new$0(128)) - omNode-2@group-523986131536-SegmentedRaftLogWorker: flushIndex: setUnconditionally 0 -> -1
2019-10-02 11:20:23,897 [pool-1612-thread-1] INFO  server.RaftServerConfigKeys (ConfUtils.java:logGet(43)) - raft.server.snapshot.auto.trigger.enabled = true (custom)
2019-10-02 11:20:23,897 [pool-1612-thread-1] INFO  server.RaftServerConfigKeys (ConfUtils.java:logGet(43)) - raft.server.snapshot.auto.trigger.threshold = 50 (custom)
2019-10-02 11:20:23,897 [pool-1612-thread-1] INFO  server.RaftServerConfigKeys (ConfUtils.java:logGet(43)) - raft.server.snapshot.retention.file.num = -1 (default)
2019-10-02 11:20:23,897 [pool-1612-thread-1] INFO  server.RaftServerConfigKeys (ConfUtils.java:logGet(43)) - raft.server.retrycache.expirytime = 600000ms (custom)
2019-10-02 11:20:23,899 [Thread-8322] INFO  impl.RaftServerImpl (RaftServerImpl.java:start(181)) - omNode-2@group-523986131536: start as a follower, conf=-1: [omNode-3:localhost:10444, omNode-1:localhost:10432, omNode-2:localhost:10438], old=null
2019-10-02 11:20:23,899 [Thread-8322] INFO  impl.RaftServerImpl (RaftServerImpl.java:setRole(170)) - omNode-2@group-523986131536: changes role from      null to FOLLOWER at term 0 for startAsFollower
2019-10-02 11:20:23,899 [Thread-8322] INFO  impl.RoleInfo (RoleInfo.java:updateAndGet(143)) - omNode-2: start FollowerState
2019-10-02 11:20:23,900 [Thread-8322] INFO  util.JmxRegister (JmxRegister.java:tryRegister(44)) - Successfully registered JMX Bean with object name Ratis:service=RaftServer,group=group-523986131536,id=omNode-2
2019-10-02 11:20:23,900 [Thread-8322] INFO  impl.RaftServerProxy (RaftServerProxy.java:lambda$start$3(299)) - omNode-2: start RPC server
2019-10-02 11:20:23,900 [Thread-8322] INFO  server.GrpcService (GrpcService.java:startImpl(158)) - omNode-2: GrpcService started, listening on 0.0.0.0/0.0.0.0:10438
2019-10-02 11:20:23,901 [IPC Server Responder] INFO  ipc.Server (Server.java:run(1314)) - IPC Server Responder: starting
2019-10-02 11:20:23,903 [IPC Server listener on 10434] INFO  ipc.Server (Server.java:run(1153)) - IPC Server listener on 10434: starting
2019-10-02 11:20:23,908 [Thread-8322] INFO  hdfs.DFSUtil (DFSUtil.java:httpServerTemplateForNNAndJN(1641)) - Starting Web-server for ozoneManager at: http://0.0.0.0:10436
2019-10-02 11:20:23,909 [Thread-8322] INFO  server.AuthenticationFilter (AuthenticationFilter.java:constructSecretProvider(240)) - Unable to initialize FileSignerSecretProvider, falling back to use random secrets.
2019-10-02 11:20:23,909 [Thread-8322] WARN  http.HttpRequestLog (HttpRequestLog.java:getRequestLog(97)) - Jetty request log can only be enabled using Log4j
2019-10-02 11:20:23,910 [Thread-8322] INFO  http.HttpServer2 (HttpServer2.java:addGlobalFilter(975)) - Added global filter 'safety' (class=org.apache.hadoop.http.HttpServer2$QuotingInputFilter)
2019-10-02 11:20:23,911 [Thread-8322] INFO  http.HttpServer2 (HttpServer2.java:addFilter(948)) - Added filter static_user_filter (class=org.apache.hadoop.http.lib.StaticUserWebFilter$StaticUserFilter) to context ozoneManager
2019-10-02 11:20:23,911 [Thread-8322] INFO  http.HttpServer2 (HttpServer2.java:addFilter(958)) - Added filter static_user_filter (class=org.apache.hadoop.http.lib.StaticUserWebFilter$StaticUserFilter) to context static
2019-10-02 11:20:23,911 [Thread-8322] INFO  http.HttpServer2 (HttpServer2.java:addFilter(958)) - Added filter static_user_filter (class=org.apache.hadoop.http.lib.StaticUserWebFilter$StaticUserFilter) to context logs
2019-10-02 11:20:23,911 [Thread-8322] INFO  http.HttpServer2 (HttpServer2.java:bindListener(1191)) - Jetty bound to port 10436
2019-10-02 11:20:23,912 [Thread-8322] INFO  server.Server (Server.java:doStart(351)) - jetty-9.3.25.v20180904, build timestamp: 2018-09-04T21:11:46Z, git hash: 3ce520221d0240229c862b122d2b06c12a625732
2019-10-02 11:20:23,913 [Thread-8322] INFO  handler.ContextHandler (ContextHandler.java:doStart(781)) - Started o.e.j.s.ServletContextHandler@3c4c9848{/logs,file:///workdir/hadoop-ozone/integration-test/target/log,AVAILABLE}
2019-10-02 11:20:23,913 [Thread-8322] INFO  handler.ContextHandler (ContextHandler.java:doStart(781)) - Started o.e.j.s.ServletContextHandler@30549544{/static,file:///workdir/hadoop-ozone/integration-test/target/test-classes/webapps/static,AVAILABLE}
2019-10-02 11:20:23,916 [Thread-8322] INFO  handler.ContextHandler (ContextHandler.java:doStart(781)) - Started o.e.j.w.WebAppContext@7891ad73{/,file:///workdir/hadoop-ozone/integration-test/target/test-classes/webapps/ozoneManager/,AVAILABLE}{/ozoneManager}
2019-10-02 11:20:23,917 [Thread-8322] INFO  server.AbstractConnector (AbstractConnector.java:doStart(278)) - Started ServerConnector@494e166e{HTTP/1.1,[http/1.1]}{0.0.0.0:10436}
2019-10-02 11:20:23,918 [Thread-8322] INFO  server.Server (Server.java:doStart(419)) - Started @636237ms
2019-10-02 11:20:23,918 [Thread-8322] WARN  impl.MetricsSystemImpl (MetricsSystemImpl.java:register(276)) - Sink prometheus already exists!
2019-10-02 11:20:23,919 [Thread-8322] INFO  server.BaseHttpServer (BaseHttpServer.java:updateConnectorAddress(215)) - HTTP server of OZONEMANAGER is listening at http://0.0.0.0:10436
2019-10-02 11:20:23,919 [Thread-8322] INFO  ozone.MiniOzoneHAClusterImpl (MiniOzoneHAClusterImpl.java:createOMService(274)) - Started OzoneManager RPC server at localhost/127.0.0.1:10434
2019-10-02 11:20:23,919 [Thread-8322] WARN  server.ServerUtils (ServerUtils.java:getDBPath(222)) - ozone.om.db.dirs is not configured. We recommend adding this setting. Falling back to ozone.metadata.dirs instead.
2019-10-02 11:20:23,928 [Thread-8322] WARN  server.ServerUtils (ServerUtils.java:getDBPath(222)) - ozone.om.db.dirs is not configured. We recommend adding this setting. Falling back to ozone.metadata.dirs instead.
2019-10-02 11:20:23,929 [Thread-8322] WARN  server.ServerUtils (ServerUtils.java:getDBPath(222)) - ozone.om.db.dirs is not configured. We recommend adding this setting. Falling back to ozone.metadata.dirs instead.
2019-10-02 11:20:23,929 [Thread-8322] INFO  om.OzoneManager (OzoneManager.java:setOMNodeSpecificConfigs(698)) - Setting configuration key ozone.om.http-address with value of key ozone.om.http-address.omNode-3: 127.0.0.1:10442
2019-10-02 11:20:23,929 [Thread-8322] INFO  om.OzoneManager (OzoneManager.java:setOMNodeSpecificConfigs(698)) - Setting configuration key ozone.om.https-address with value of key ozone.om.https-address.omNode-3: 127.0.0.1:10443
2019-10-02 11:20:23,929 [Thread-8322] INFO  om.OzoneManager (OzoneManager.java:loadOMHAConfigs(609)) - Found matching OM address with OMServiceId: om-service-test1, OMNodeId: omNode-3, RPC Address: localhost:10440 and Ratis port: 10444
2019-10-02 11:20:23,933 [Thread-8322] WARN  server.ServerUtils (ServerUtils.java:getDBPath(222)) - ozone.om.db.dirs is not configured. We recommend adding this setting. Falling back to ozone.metadata.dirs instead.
2019-10-02 11:20:23,933 [Thread-8322] INFO  db.DBStoreBuilder (DBStoreBuilder.java:addTable(110)) - using custom profile for table: userTable
2019-10-02 11:20:23,934 [Thread-8322] INFO  db.DBStoreBuilder (DBStoreBuilder.java:processTables(161)) - Using default column profile:DBProfile.DISK for Table:userTable
2019-10-02 11:20:23,934 [Thread-8322] INFO  db.DBStoreBuilder (DBStoreBuilder.java:addTable(110)) - using custom profile for table: volumeTable
2019-10-02 11:20:23,934 [Thread-8322] INFO  db.DBStoreBuilder (DBStoreBuilder.java:processTables(161)) - Using default column profile:DBProfile.DISK for Table:volumeTable
2019-10-02 11:20:23,934 [Thread-8322] INFO  db.DBStoreBuilder (DBStoreBuilder.java:addTable(110)) - using custom profile for table: bucketTable
2019-10-02 11:20:23,934 [Thread-8322] INFO  db.DBStoreBuilder (DBStoreBuilder.java:processTables(161)) - Using default column profile:DBProfile.DISK for Table:bucketTable
2019-10-02 11:20:23,934 [Thread-8322] INFO  db.DBStoreBuilder (DBStoreBuilder.java:addTable(110)) - using custom profile for table: keyTable
2019-10-02 11:20:23,934 [Thread-8322] INFO  db.DBStoreBuilder (DBStoreBuilder.java:processTables(161)) - Using default column profile:DBProfile.DISK for Table:keyTable
2019-10-02 11:20:23,934 [Thread-8322] INFO  db.DBStoreBuilder (DBStoreBuilder.java:addTable(110)) - using custom profile for table: deletedTable
2019-10-02 11:20:23,934 [Thread-8322] INFO  db.DBStoreBuilder (DBStoreBuilder.java:processTables(161)) - Using default column profile:DBProfile.DISK for Table:deletedTable
2019-10-02 11:20:23,935 [Thread-8322] INFO  db.DBStoreBuilder (DBStoreBuilder.java:addTable(110)) - using custom profile for table: openKeyTable
2019-10-02 11:20:23,935 [Thread-8322] INFO  db.DBStoreBuilder (DBStoreBuilder.java:processTables(161)) - Using default column profile:DBProfile.DISK for Table:openKeyTable
2019-10-02 11:20:23,935 [Thread-8322] INFO  db.DBStoreBuilder (DBStoreBuilder.java:addTable(110)) - using custom profile for table: s3Table
2019-10-02 11:20:23,935 [Thread-8322] INFO  db.DBStoreBuilder (DBStoreBuilder.java:processTables(161)) - Using default column profile:DBProfile.DISK for Table:s3Table
2019-10-02 11:20:23,935 [Thread-8322] INFO  db.DBStoreBuilder (DBStoreBuilder.java:addTable(110)) - using custom profile for table: multipartInfoTable
2019-10-02 11:20:23,935 [Thread-8322] INFO  db.DBStoreBuilder (DBStoreBuilder.java:processTables(161)) - Using default column profile:DBProfile.DISK for Table:multipartInfoTable
2019-10-02 11:20:23,935 [Thread-8322] INFO  db.DBStoreBuilder (DBStoreBuilder.java:addTable(110)) - using custom profile for table: dTokenTable
2019-10-02 11:20:23,935 [Thread-8322] INFO  db.DBStoreBuilder (DBStoreBuilder.java:processTables(161)) - Using default column profile:DBProfile.DISK for Table:dTokenTable
2019-10-02 11:20:23,936 [Thread-8322] INFO  db.DBStoreBuilder (DBStoreBuilder.java:addTable(110)) - using custom profile for table: s3SecretTable
2019-10-02 11:20:23,936 [Thread-8322] INFO  db.DBStoreBuilder (DBStoreBuilder.java:processTables(161)) - Using default column profile:DBProfile.DISK for Table:s3SecretTable
2019-10-02 11:20:23,936 [Thread-8322] INFO  db.DBStoreBuilder (DBStoreBuilder.java:addTable(110)) - using custom profile for table: prefixTable
2019-10-02 11:20:23,936 [Thread-8322] INFO  db.DBStoreBuilder (DBStoreBuilder.java:processTables(161)) - Using default column profile:DBProfile.DISK for Table:prefixTable
2019-10-02 11:20:23,936 [Thread-8322] INFO  db.DBStoreBuilder (DBStoreBuilder.java:addTable(110)) - using custom profile for table: default
2019-10-02 11:20:23,936 [Thread-8322] INFO  db.DBStoreBuilder (DBStoreBuilder.java:processTables(167)) - Using default column profile:DBProfile.DISK for Table:default
2019-10-02 11:20:23,936 [Thread-8322] INFO  db.DBStoreBuilder (DBStoreBuilder.java:getDbProfile(198)) - Using default options. DBProfile.DISK
2019-10-02 11:20:24,133 [Thread-8414] INFO  impl.FollowerState (FollowerState.java:run(108)) - omNode-1@group-523986131536-FollowerState: change to CANDIDATE, lastRpcTime:1129ms, electionTimeout:1129ms
2019-10-02 11:20:24,134 [Thread-8414] INFO  impl.RoleInfo (RoleInfo.java:shutdownFollowerState(121)) - omNode-1: shutdown FollowerState
2019-10-02 11:20:24,134 [Thread-8414] INFO  impl.RaftServerImpl (RaftServerImpl.java:setRole(170)) - omNode-1@group-523986131536: changes role from  FOLLOWER to CANDIDATE at term 0 for changeToCandidate
2019-10-02 11:20:24,134 [Thread-8414] INFO  impl.RoleInfo (RoleInfo.java:updateAndGet(143)) - omNode-1: start LeaderElection
2019-10-02 11:20:24,154 [omNode-1@group-523986131536-LeaderElection169] INFO  impl.LeaderElection (LeaderElection.java:askForVotes(178)) - omNode-1@group-523986131536-LeaderElection169: begin an election at term 1 for -1: [omNode-3:localhost:10444, omNode-1:localhost:10432, omNode-2:localhost:10438], old=null
2019-10-02 11:20:24,157 [omNode-1@group-523986131536-LeaderElection169] INFO  impl.LeaderElection (LogUtils.java:infoOrTrace(149)) - omNode-1@group-523986131536-LeaderElection169 got exception when requesting votes: {}
java.util.concurrent.ExecutionException: org.apache.ratis.thirdparty.io.grpc.StatusRuntimeException: UNAVAILABLE: io exception
	at java.util.concurrent.FutureTask.report(FutureTask.java:122)
	at java.util.concurrent.FutureTask.get(FutureTask.java:192)
	at org.apache.ratis.server.impl.LeaderElection.waitForResults(LeaderElection.java:259)
	at org.apache.ratis.server.impl.LeaderElection.askForVotes(LeaderElection.java:197)
	at org.apache.ratis.server.impl.LeaderElection.run(LeaderElection.java:133)
	at java.lang.Thread.run(Thread.java:748)
Caused by: org.apache.ratis.thirdparty.io.grpc.StatusRuntimeException: UNAVAILABLE: io exception
	at org.apache.ratis.thirdparty.io.grpc.stub.ClientCalls.toStatusRuntimeException(ClientCalls.java:233)
	at org.apache.ratis.thirdparty.io.grpc.stub.ClientCalls.getUnchecked(ClientCalls.java:214)
	at org.apache.ratis.thirdparty.io.grpc.stub.ClientCalls.blockingUnaryCall(ClientCalls.java:139)
	at org.apache.ratis.proto.grpc.RaftServerProtocolServiceGrpc$RaftServerProtocolServiceBlockingStub.requestVote(RaftServerProtocolServiceGrpc.java:265)
	at org.apache.ratis.grpc.server.GrpcServerProtocolClient.requestVote(GrpcServerProtocolClient.java:99)
	at org.apache.ratis.grpc.server.GrpcService.requestVote(GrpcService.java:204)
	at org.apache.ratis.server.impl.LeaderElection.lambda$submitRequests$1(LeaderElection.java:234)
	at java.util.concurrent.FutureTask.run(FutureTask.java:266)
	at java.util.concurrent.Executors$RunnableAdapter.call(Executors.java:511)
	at java.util.concurrent.FutureTask.run(FutureTask.java:266)
	at java.util.concurrent.ThreadPoolExecutor.runWorker(ThreadPoolExecutor.java:1149)
	at java.util.concurrent.ThreadPoolExecutor$Worker.run(ThreadPoolExecutor.java:624)
	... 1 more
Caused by: org.apache.ratis.thirdparty.io.netty.channel.AbstractChannel$AnnotatedConnectException: Connection refused: localhost/127.0.0.1:10444
	at sun.nio.ch.SocketChannelImpl.checkConnect(Native Method)
	at sun.nio.ch.SocketChannelImpl.finishConnect(SocketChannelImpl.java:717)
	at org.apache.ratis.thirdparty.io.netty.channel.socket.nio.NioSocketChannel.doFinishConnect(NioSocketChannel.java:327)
	at org.apache.ratis.thirdparty.io.netty.channel.nio.AbstractNioChannel$AbstractNioUnsafe.finishConnect(AbstractNioChannel.java:340)
	at org.apache.ratis.thirdparty.io.netty.channel.nio.NioEventLoop.processSelectedKey(NioEventLoop.java:632)
	at org.apache.ratis.thirdparty.io.netty.channel.nio.NioEventLoop.processSelectedKeysOptimized(NioEventLoop.java:579)
	at org.apache.ratis.thirdparty.io.netty.channel.nio.NioEventLoop.processSelectedKeys(NioEventLoop.java:496)
	at org.apache.ratis.thirdparty.io.netty.channel.nio.NioEventLoop.run(NioEventLoop.java:458)
	at org.apache.ratis.thirdparty.io.netty.util.concurrent.SingleThreadEventExecutor$5.run(SingleThreadEventExecutor.java:897)
	at org.apache.ratis.thirdparty.io.netty.util.concurrent.FastThreadLocalRunnable.run(FastThreadLocalRunnable.java:30)
	... 1 more
Caused by: java.net.ConnectException: Connection refused
	... 11 more
2019-10-02 11:20:24,161 [grpc-default-executor-7] INFO  impl.RaftServerImpl (RaftServerImpl.java:setRole(170)) - omNode-2@group-523986131536: changes role from  FOLLOWER to FOLLOWER at term 1 for recognizeCandidate:omNode-1
2019-10-02 11:20:24,161 [grpc-default-executor-7] INFO  impl.RoleInfo (RoleInfo.java:shutdownFollowerState(121)) - omNode-2: shutdown FollowerState
2019-10-02 11:20:24,162 [grpc-default-executor-7] INFO  impl.RoleInfo (RoleInfo.java:updateAndGet(143)) - omNode-2: start FollowerState
2019-10-02 11:20:24,162 [Thread-8458] INFO  impl.FollowerState (FollowerState.java:run(117)) - omNode-2@group-523986131536-FollowerState was interrupted: java.lang.InterruptedException: sleep interrupted
2019-10-02 11:20:24,210 [omNode-1@group-523986131536-LeaderElection169] INFO  impl.LeaderElection (LeaderElection.java:logAndReturn(56)) - omNode-1@group-523986131536-LeaderElection169: Election PASSED; received 1 response(s) [omNode-1<-omNode-2#0:OK-t1] and 1 exception(s); omNode-1@group-523986131536:t1, leader=null, voted=omNode-1, raftlog=omNode-1@group-523986131536-SegmentedRaftLog:OPENED:c-1,f-1,i0, conf=-1: [omNode-3:localhost:10444, omNode-1:localhost:10432, omNode-2:localhost:10438], old=null
2019-10-02 11:20:24,210 [omNode-1@group-523986131536-LeaderElection169] INFO  impl.LeaderElection (LogUtils.java:infoOrTrace(149)) -   Exception 0: {}
java.util.concurrent.ExecutionException: org.apache.ratis.thirdparty.io.grpc.StatusRuntimeException: UNAVAILABLE: io exception
	at java.util.concurrent.FutureTask.report(FutureTask.java:122)
	at java.util.concurrent.FutureTask.get(FutureTask.java:192)
	at org.apache.ratis.server.impl.LeaderElection.waitForResults(LeaderElection.java:259)
	at org.apache.ratis.server.impl.LeaderElection.askForVotes(LeaderElection.java:197)
	at org.apache.ratis.server.impl.LeaderElection.run(LeaderElection.java:133)
	at java.lang.Thread.run(Thread.java:748)
Caused by: org.apache.ratis.thirdparty.io.grpc.StatusRuntimeException: UNAVAILABLE: io exception
	at org.apache.ratis.thirdparty.io.grpc.stub.ClientCalls.toStatusRuntimeException(ClientCalls.java:233)
	at org.apache.ratis.thirdparty.io.grpc.stub.ClientCalls.getUnchecked(ClientCalls.java:214)
	at org.apache.ratis.thirdparty.io.grpc.stub.ClientCalls.blockingUnaryCall(ClientCalls.java:139)
	at org.apache.ratis.proto.grpc.RaftServerProtocolServiceGrpc$RaftServerProtocolServiceBlockingStub.requestVote(RaftServerProtocolServiceGrpc.java:265)
	at org.apache.ratis.grpc.server.GrpcServerProtocolClient.requestVote(GrpcServerProtocolClient.java:99)
	at org.apache.ratis.grpc.server.GrpcService.requestVote(GrpcService.java:204)
	at org.apache.ratis.server.impl.LeaderElection.lambda$submitRequests$1(LeaderElection.java:234)
	at java.util.concurrent.FutureTask.run(FutureTask.java:266)
	at java.util.concurrent.Executors$RunnableAdapter.call(Executors.java:511)
	at java.util.concurrent.FutureTask.run(FutureTask.java:266)
	at java.util.concurrent.ThreadPoolExecutor.runWorker(ThreadPoolExecutor.java:1149)
	at java.util.concurrent.ThreadPoolExecutor$Worker.run(ThreadPoolExecutor.java:624)
	... 1 more
Caused by: org.apache.ratis.thirdparty.io.netty.channel.AbstractChannel$AnnotatedConnectException: Connection refused: localhost/127.0.0.1:10444
	at sun.nio.ch.SocketChannelImpl.checkConnect(Native Method)
	at sun.nio.ch.SocketChannelImpl.finishConnect(SocketChannelImpl.java:717)
	at org.apache.ratis.thirdparty.io.netty.channel.socket.nio.NioSocketChannel.doFinishConnect(NioSocketChannel.java:327)
	at org.apache.ratis.thirdparty.io.netty.channel.nio.AbstractNioChannel$AbstractNioUnsafe.finishConnect(AbstractNioChannel.java:340)
	at org.apache.ratis.thirdparty.io.netty.channel.nio.NioEventLoop.processSelectedKey(NioEventLoop.java:632)
	at org.apache.ratis.thirdparty.io.netty.channel.nio.NioEventLoop.processSelectedKeysOptimized(NioEventLoop.java:579)
	at org.apache.ratis.thirdparty.io.netty.channel.nio.NioEventLoop.processSelectedKeys(NioEventLoop.java:496)
	at org.apache.ratis.thirdparty.io.netty.channel.nio.NioEventLoop.run(NioEventLoop.java:458)
	at org.apache.ratis.thirdparty.io.netty.util.concurrent.SingleThreadEventExecutor$5.run(SingleThreadEventExecutor.java:897)
	at org.apache.ratis.thirdparty.io.netty.util.concurrent.FastThreadLocalRunnable.run(FastThreadLocalRunnable.java:30)
	... 1 more
Caused by: java.net.ConnectException: Connection refused
	... 11 more
2019-10-02 11:20:24,210 [omNode-1@group-523986131536-LeaderElection169] INFO  impl.RoleInfo (RoleInfo.java:shutdownLeaderElection(134)) - omNode-1: shutdown LeaderElection
2019-10-02 11:20:24,210 [omNode-1@group-523986131536-LeaderElection169] INFO  impl.RaftServerImpl (RaftServerImpl.java:setRole(170)) - omNode-1@group-523986131536: changes role from CANDIDATE to LEADER at term 1 for changeToLeader
2019-10-02 11:20:24,210 [omNode-1@group-523986131536-LeaderElection169] INFO  impl.RaftServerImpl (ServerState.java:setLeader(255)) - omNode-1@group-523986131536: change Leader from null to omNode-1 at term 1 for becomeLeader, leader elected after 1213ms
2019-10-02 11:20:24,210 [omNode-1@group-523986131536-LeaderElection169] INFO  server.RaftServerConfigKeys (ConfUtils.java:logGet(43)) - raft.server.staging.catchup.gap = 1000 (default)
2019-10-02 11:20:24,211 [omNode-1@group-523986131536-LeaderElection169] INFO  server.RaftServerConfigKeys (ConfUtils.java:logGet(43)) - raft.server.rpc.sleep.time = 25ms (default)
2019-10-02 11:20:24,211 [omNode-1@group-523986131536-LeaderElection169] INFO  server.RaftServerConfigKeys (ConfUtils.java:logGet(43)) - raft.server.write.element-limit = 4096 (default)
2019-10-02 11:20:24,211 [omNode-1@group-523986131536-LeaderElection169] INFO  server.RaftServerConfigKeys (ConfUtils.java:logGet(43)) - raft.server.watch.timeout = 10s (default)
2019-10-02 11:20:24,211 [omNode-1@group-523986131536-LeaderElection169] INFO  server.RaftServerConfigKeys (ConfUtils.java:logGet(43)) - raft.server.watch.timeout.denomination = 1s (default)
2019-10-02 11:20:24,211 [omNode-1@group-523986131536-LeaderElection169] INFO  server.RaftServerConfigKeys (ConfUtils.java:logGet(43)) - raft.server.watch.element-limit = 65536 (default)
2019-10-02 11:20:24,211 [omNode-1@group-523986131536-LeaderElection169] INFO  server.RaftServerConfigKeys (ConfUtils.java:logGet(43)) - raft.server.log.appender.snapshot.chunk.size.max = 16MB (=16777216) (default)
2019-10-02 11:20:24,211 [omNode-1@group-523986131536-LeaderElection169] INFO  server.RaftServerConfigKeys (ConfUtils.java:logGet(43)) - raft.server.log.appender.buffer.byte-limit = 33554432 (custom)
2019-10-02 11:20:24,212 [omNode-1@group-523986131536-LeaderElection169] INFO  server.RaftServerConfigKeys (ConfUtils.java:logGet(43)) - raft.server.log.appender.buffer.element-limit = 1024 (custom)
2019-10-02 11:20:24,212 [omNode-1@group-523986131536-LeaderElection169] INFO  grpc.GrpcConfigKeys$Server (ConfUtils.java:logGet(43)) - raft.grpc.server.leader.outstanding.appends.max = 128 (default)
2019-10-02 11:20:24,212 [omNode-1@group-523986131536-LeaderElection169] INFO  server.RaftServerConfigKeys (ConfUtils.java:logGet(43)) - raft.server.rpc.request.timeout = 3000ms (default)
2019-10-02 11:20:24,212 [omNode-1@group-523986131536-LeaderElection169] INFO  server.RaftServerConfigKeys (ConfUtils.java:logGet(43)) - raft.server.log.appender.install.snapshot.enabled = false (custom)
2019-10-02 11:20:24,212 [omNode-1@group-523986131536-LeaderElection169] INFO  server.RaftServerConfigKeys (ConfUtils.java:logGet(43)) - raft.server.log.appender.snapshot.chunk.size.max = 16MB (=16777216) (default)
2019-10-02 11:20:24,212 [omNode-1@group-523986131536-LeaderElection169] INFO  server.RaftServerConfigKeys (ConfUtils.java:logGet(43)) - raft.server.log.appender.buffer.byte-limit = 33554432 (custom)
2019-10-02 11:20:24,212 [omNode-1@group-523986131536-LeaderElection169] INFO  server.RaftServerConfigKeys (ConfUtils.java:logGet(43)) - raft.server.log.appender.buffer.element-limit = 1024 (custom)
2019-10-02 11:20:24,212 [omNode-1@group-523986131536-LeaderElection169] INFO  grpc.GrpcConfigKeys$Server (ConfUtils.java:logGet(43)) - raft.grpc.server.leader.outstanding.appends.max = 128 (default)
2019-10-02 11:20:24,213 [omNode-1@group-523986131536-LeaderElection169] INFO  server.RaftServerConfigKeys (ConfUtils.java:logGet(43)) - raft.server.rpc.request.timeout = 3000ms (default)
2019-10-02 11:20:24,213 [omNode-1@group-523986131536-LeaderElection169] INFO  server.RaftServerConfigKeys (ConfUtils.java:logGet(43)) - raft.server.log.appender.install.snapshot.enabled = false (custom)
2019-10-02 11:20:24,213 [omNode-1@group-523986131536-LeaderElection169] INFO  impl.RoleInfo (RoleInfo.java:updateAndGet(143)) - omNode-1: start LeaderState
2019-10-02 11:20:24,213 [omNode-1@group-523986131536-LeaderElection169] INFO  segmented.SegmentedRaftLogWorker (SegmentedRaftLogWorker.java:startLogSegment(385)) - omNode-1@group-523986131536-SegmentedRaftLogWorker: Starting segment from index:0
2019-10-02 11:20:24,214 [omNode-1@group-523986131536-LeaderElection169] INFO  impl.RaftServerImpl (ServerState.java:setRaftConf(356)) - omNode-1@group-523986131536: set configuration 0: [omNode-3:localhost:10444, omNode-1:localhost:10432, omNode-2:localhost:10438], old=null at 0
2019-10-02 11:20:24,214 [grpc-default-executor-7] WARN  server.GrpcLogAppender (LogUtils.java:warn(134)) - omNode-1@group-523986131536->omNode-3-AppendLogResponseHandler: Failed appendEntries: org.apache.ratis.thirdparty.io.grpc.StatusRuntimeException: UNAVAILABLE: io exception
2019-10-02 11:20:24,214 [grpc-default-executor-7] INFO  impl.FollowerInfo (FollowerInfo.java:lambda$new$0(51)) - omNode-1@group-523986131536->omNode-3: nextIndex: updateUnconditionally 0 -> 0
2019-10-02 11:20:24,215 [grpc-default-executor-7] INFO  impl.RaftServerImpl (ServerState.java:setLeader(255)) - omNode-2@group-523986131536: change Leader from null to omNode-1 at term 1 for appendEntries, leader elected after 320ms
2019-10-02 11:20:24,218 [grpc-default-executor-7] INFO  impl.RaftServerImpl (ServerState.java:setRaftConf(356)) - omNode-2@group-523986131536: set configuration 0: [omNode-3:localhost:10444, omNode-1:localhost:10432, omNode-2:localhost:10438], old=null at 0
2019-10-02 11:20:24,218 [grpc-default-executor-7] INFO  segmented.SegmentedRaftLogWorker (SegmentedRaftLogWorker.java:startLogSegment(385)) - omNode-2@group-523986131536-SegmentedRaftLogWorker: Starting segment from index:0
2019-10-02 11:20:24,292 [omNode-1@group-523986131536-SegmentedRaftLogWorker] INFO  segmented.SegmentedRaftLogWorker (SegmentedRaftLogWorker.java:execute(574)) - omNode-1@group-523986131536-SegmentedRaftLogWorker: created new log segment /workdir/hadoop-ozone/integration-test/target/test-dir/MiniOzoneClusterImpl-4fbee6c2-d92b-4186-98e8-d11e1b77f972/omNode-1/ratis/c9bc4cf4-3bc3-3c60-a66b-523986131536/current/log_inprogress_0
2019-10-02 11:20:24,292 [omNode-2@group-523986131536-SegmentedRaftLogWorker] INFO  segmented.SegmentedRaftLogWorker (SegmentedRaftLogWorker.java:execute(574)) - omNode-2@group-523986131536-SegmentedRaftLogWorker: created new log segment /workdir/hadoop-ozone/integration-test/target/test-dir/MiniOzoneClusterImpl-4fbee6c2-d92b-4186-98e8-d11e1b77f972/omNode-2/ratis/c9bc4cf4-3bc3-3c60-a66b-523986131536/current/log_inprogress_0
2019-10-02 11:20:24,324 [grpc-default-executor-4] WARN  server.GrpcLogAppender (LogUtils.java:warn(134)) - omNode-1@group-523986131536->omNode-3-AppendLogResponseHandler: Failed appendEntries: org.apache.ratis.thirdparty.io.grpc.StatusRuntimeException: UNAVAILABLE: io exception
2019-10-02 11:20:24,324 [grpc-default-executor-4] INFO  impl.FollowerInfo (FollowerInfo.java:lambda$new$0(51)) - omNode-1@group-523986131536->omNode-3: nextIndex: updateUnconditionally 1 -> 0
2019-10-02 11:20:24,826 [grpc-default-executor-7] WARN  server.GrpcLogAppender (LogUtils.java:warn(134)) - omNode-1@group-523986131536->omNode-3-AppendLogResponseHandler: Failed appendEntries: org.apache.ratis.thirdparty.io.grpc.StatusRuntimeException: UNAVAILABLE: io exception
2019-10-02 11:20:24,826 [grpc-default-executor-7] INFO  impl.FollowerInfo (FollowerInfo.java:lambda$new$0(51)) - omNode-1@group-523986131536->omNode-3: nextIndex: updateUnconditionally 0 -> 0
2019-10-02 11:20:25,015 [Thread-8322] WARN  scm.HddsServerUtil (HddsServerUtil.java:getDefaultRatisDirectory(354)) - Storage directory for Ratis is not configured. It is a good idea to map this to an SSD disk. Falling back to ozone.metadata.dirs
2019-10-02 11:20:25,019 [KeyDeletingService#0] WARN  utils.BackgroundService (BackgroundService.java:lambda$run$0(135)) - Background task fails to execute, retrying in next interval
java.util.concurrent.ExecutionException: java.lang.NullPointerException
	at java.util.concurrent.FutureTask.report(FutureTask.java:122)
	at java.util.concurrent.FutureTask.get(FutureTask.java:206)
	at org.apache.hadoop.hdds.utils.BackgroundService$PeriodicalTask.lambda$run$0(BackgroundService.java:129)
	at java.util.stream.ForEachOps$ForEachOp$OfRef.accept(ForEachOps.java:184)
	at java.util.ArrayList$ArrayListSpliterator.forEachRemaining(ArrayList.java:1382)
	at java.util.stream.AbstractPipeline.copyInto(AbstractPipeline.java:482)
	at java.util.stream.ForEachOps$ForEachTask.compute(ForEachOps.java:291)
	at java.util.concurrent.CountedCompleter.exec(CountedCompleter.java:731)
	at java.util.concurrent.ForkJoinTask.doExec(ForkJoinTask.java:289)
	at java.util.concurrent.ForkJoinTask.doInvoke(ForkJoinTask.java:401)
	at java.util.concurrent.ForkJoinTask.invoke(ForkJoinTask.java:734)
	at java.util.stream.ForEachOps$ForEachOp.evaluateParallel(ForEachOps.java:160)
	at java.util.stream.ForEachOps$ForEachOp$OfRef.evaluateParallel(ForEachOps.java:174)
	at java.util.stream.AbstractPipeline.evaluate(AbstractPipeline.java:233)
	at java.util.stream.ReferencePipeline.forEach(ReferencePipeline.java:418)
	at java.util.stream.ReferencePipeline$Head.forEach(ReferencePipeline.java:583)
	at org.apache.hadoop.hdds.utils.BackgroundService$PeriodicalTask.run(BackgroundService.java:125)
	at java.util.concurrent.Executors$RunnableAdapter.call(Executors.java:511)
	at java.util.concurrent.FutureTask.runAndReset(FutureTask.java:308)
	at java.util.concurrent.ScheduledThreadPoolExecutor$ScheduledFutureTask.access$301(ScheduledThreadPoolExecutor.java:180)
	at java.util.concurrent.ScheduledThreadPoolExecutor$ScheduledFutureTask.run(ScheduledThreadPoolExecutor.java:294)
	at java.util.concurrent.ThreadPoolExecutor.runWorker(ThreadPoolExecutor.java:1149)
	at java.util.concurrent.ThreadPoolExecutor$Worker.run(ThreadPoolExecutor.java:624)
	at java.lang.Thread.run(Thread.java:748)
Caused by: java.lang.NullPointerException
	at org.apache.hadoop.ozone.om.OzoneManager.isLeader(OzoneManager.java:3430)
	at org.apache.hadoop.ozone.om.KeyDeletingService.shouldRun(KeyDeletingService.java:120)
	at org.apache.hadoop.ozone.om.KeyDeletingService.access$100(KeyDeletingService.java:58)
	at org.apache.hadoop.ozone.om.KeyDeletingService$KeyDeletingTask.call(KeyDeletingService.java:149)
	at org.apache.hadoop.ozone.om.KeyDeletingService$KeyDeletingTask.call(KeyDeletingService.java:137)
	at java.util.concurrent.FutureTask.run(FutureTask.java:266)
	at java.util.concurrent.Executors$RunnableAdapter.call(Executors.java:511)
	at java.util.concurrent.FutureTask.run(FutureTask.java:266)
	at java.util.concurrent.Executors$RunnableAdapter.call(Executors.java:511)
	at java.util.concurrent.FutureTask.run(FutureTask.java:266)
	at java.util.concurrent.ScheduledThreadPoolExecutor$ScheduledFutureTask.access$201(ScheduledThreadPoolExecutor.java:180)
	at java.util.concurrent.ScheduledThreadPoolExecutor$ScheduledFutureTask.run(ScheduledThreadPoolExecutor.java:293)
	... 3 more
2019-10-02 11:20:25,021 [Thread-8322] INFO  ratis.OzoneManagerRatisServer (OzoneManagerRatisServer.java:<init>(241)) - Instantiating OM Ratis server with GroupID: om-service-test1 and Raft Peers: localhost:10444, localhost:10432, localhost:10438
2019-10-02 11:20:25,022 [Thread-8322] INFO  impl.RaftServerProxy (ConfUtils.java:logGet(43)) - raft.rpc.type = GRPC (default)
2019-10-02 11:20:25,022 [Thread-8322] INFO  grpc.GrpcFactory (GrpcFactory.java:checkPooledByteBufAllocatorUseCacheForAllThreads(45)) - PERFORMANCE WARNING: useCacheForAllThreads is true that may cause Netty to create a lot garbage objects and, as a result, trigger GC.
	It is recommended to disable useCacheForAllThreads by setting -Dorg.apache.ratis.thirdparty.io.netty.allocator.useCacheForAllThreads=false in command line.
2019-10-02 11:20:25,023 [Thread-8322] INFO  grpc.GrpcConfigKeys$Server (ConfUtils.java:logGet(43)) - raft.grpc.server.port = 10444 (custom)
2019-10-02 11:20:25,023 [Thread-8322] INFO  server.GrpcService (ConfUtils.java:logGet(43)) - raft.grpc.message.size.max = 33554432 (custom)
2019-10-02 11:20:25,023 [Thread-8322] INFO  server.RaftServerConfigKeys (ConfUtils.java:logGet(43)) - raft.server.log.appender.buffer.byte-limit = 33554432 (custom)
2019-10-02 11:20:25,023 [Thread-8322] INFO  server.GrpcService (ConfUtils.java:logGet(43)) - raft.grpc.flow.control.window = 1MB (=1048576) (default)
2019-10-02 11:20:25,023 [Thread-8322] INFO  server.RaftServerConfigKeys (ConfUtils.java:logGet(43)) - raft.server.rpc.request.timeout = 3000ms (default)
2019-10-02 11:20:25,024 [Thread-8322] INFO  server.RaftServerConfigKeys (ConfUtils.java:logGet(43)) - raft.server.storage.dir = [/workdir/hadoop-ozone/integration-test/target/test-dir/MiniOzoneClusterImpl-4fbee6c2-d92b-4186-98e8-d11e1b77f972/omNode-3/ratis] (custom)
2019-10-02 11:20:25,025 [Thread-8322] INFO  impl.RaftServerProxy (RaftServerProxy.java:addNew(89)) - omNode-3: addNew group-523986131536:[omNode-3:localhost:10444, omNode-1:localhost:10432, omNode-2:localhost:10438] returns group-523986131536:java.util.concurrent.CompletableFuture@2f221b4f[Not completed]
2019-10-02 11:20:25,025 [pool-1628-thread-1] INFO  impl.RaftServerImpl (RaftServerImpl.java:<init>(95)) - omNode-3: new RaftServerImpl for group-523986131536:[omNode-3:localhost:10444, omNode-1:localhost:10432, omNode-2:localhost:10438] with OzoneManagerStateMachine:uninitialized
2019-10-02 11:20:25,025 [Thread-8322] INFO  om.OzoneManager (OzoneManager.java:initializeRatisServer(1389)) - OzoneManager Ratis server initialized at port 10444
2019-10-02 11:20:25,025 [pool-1628-thread-1] INFO  server.RaftServerConfigKeys (ConfUtils.java:logGet(43)) - raft.server.rpc.timeout.min = 1s (custom)
2019-10-02 11:20:25,025 [Thread-8322] WARN  scm.HddsServerUtil (HddsServerUtil.java:getDefaultRatisDirectory(354)) - Storage directory for Ratis is not configured. It is a good idea to map this to an SSD disk. Falling back to ozone.metadata.dirs
2019-10-02 11:20:25,025 [pool-1628-thread-1] INFO  server.RaftServerConfigKeys (ConfUtils.java:logGet(43)) - raft.server.rpc.timeout.max = 1200ms (custom)
2019-10-02 11:20:25,026 [pool-1628-thread-1] INFO  server.RaftServerConfigKeys (ConfUtils.java:logGet(43)) - raft.server.rpcslowness.timeout = 2s (custom)
2019-10-02 11:20:25,026 [Thread-8322] WARN  scm.HddsServerUtil (HddsServerUtil.java:getDefaultRatisDirectory(354)) - Storage directory for Ratis is not configured. It is a good idea to map this to an SSD disk. Falling back to ozone.metadata.dirs
2019-10-02 11:20:25,026 [pool-1628-thread-1] INFO  server.RaftServerConfigKeys (ConfUtils.java:logGet(43)) - raft.server.sleep.deviation.threshold = 300 (default)
2019-10-02 11:20:25,026 [pool-1628-thread-1] INFO  server.RaftServerConfigKeys (ConfUtils.java:logGet(43)) - raft.server.log.appender.install.snapshot.enabled = false (custom)
2019-10-02 11:20:25,026 [Thread-8322] INFO  snapshot.OzoneManagerSnapshotProvider (OzoneManagerSnapshotProvider.java:<init>(81)) - Initializing OM Snapshot Provider
2019-10-02 11:20:25,026 [pool-1628-thread-1] INFO  impl.RaftServerImpl (ServerState.java:<init>(103)) - omNode-3@group-523986131536: ConfigurationManager, init=-1: [omNode-3:localhost:10444, omNode-1:localhost:10432, omNode-2:localhost:10438], old=null, confs=<EMPTY_MAP>
2019-10-02 11:20:25,027 [pool-1628-thread-1] INFO  server.RaftServerConfigKeys (ConfUtils.java:logGet(43)) - raft.server.storage.dir = [/workdir/hadoop-ozone/integration-test/target/test-dir/MiniOzoneClusterImpl-4fbee6c2-d92b-4186-98e8-d11e1b77f972/omNode-3/ratis] (custom)
2019-10-02 11:20:25,027 [pool-1628-thread-1] INFO  server.RaftServerConfigKeys (ConfUtils.java:logGet(43)) - raft.server.log.corruption.policy = EXCEPTION (default)
2019-10-02 11:20:25,027 [pool-1628-thread-1] INFO  storage.RaftStorageDirectory (RaftStorageDirectory.java:analyzeStorage(246)) - The storage directory /workdir/hadoop-ozone/integration-test/target/test-dir/MiniOzoneClusterImpl-4fbee6c2-d92b-4186-98e8-d11e1b77f972/omNode-3/ratis/c9bc4cf4-3bc3-3c60-a66b-523986131536 does not exist. Creating ...
2019-10-02 11:20:25,028 [Thread-8322] INFO  ipc.CallQueueManager (CallQueueManager.java:<init>(84)) - Using callQueue: class java.util.concurrent.LinkedBlockingQueue, queueCapacity: 2000, scheduler: class org.apache.hadoop.ipc.DefaultRpcScheduler, ipcBackoff: false.
2019-10-02 11:20:25,029 [Socket Reader #1 for port 10440] INFO  ipc.Server (Server.java:run(1074)) - Starting Socket Reader #1 for port 10440
2019-10-02 11:20:25,046 [pool-1628-thread-1] INFO  storage.RaftStorageDirectory (RaftStorageDirectory.java:tryLock(328)) - Lock on /workdir/hadoop-ozone/integration-test/target/test-dir/MiniOzoneClusterImpl-4fbee6c2-d92b-4186-98e8-d11e1b77f972/omNode-3/ratis/c9bc4cf4-3bc3-3c60-a66b-523986131536/in_use.lock acquired by nodename 25089@pr-hdds-2231-nwbjw-3761139207
2019-10-02 11:20:25,050 [Thread-8322] INFO  om.OzoneManager (OzoneManager.java:start(1243)) - OzoneManager RPC server is listening at localhost/127.0.0.1:10440
2019-10-02 11:20:25,050 [Thread-8322] INFO  impl.MetricsSystemImpl (MetricsSystemImpl.java:init(158)) - OzoneManager metrics system started (again)
2019-10-02 11:20:25,050 [Thread-8322] INFO  ratis.OzoneManagerRatisServer (OzoneManagerRatisServer.java:start(331)) - Starting OzoneManagerRatisServer omNode-3 at port 10444
2019-10-02 11:20:25,064 [pool-1628-thread-1] INFO  storage.RaftStorage (RaftStorage.java:format(84)) - Storage directory /workdir/hadoop-ozone/integration-test/target/test-dir/MiniOzoneClusterImpl-4fbee6c2-d92b-4186-98e8-d11e1b77f972/omNode-3/ratis/c9bc4cf4-3bc3-3c60-a66b-523986131536 has been successfully formatted.
2019-10-02 11:20:25,064 [pool-1628-thread-1] INFO  server.RaftServerConfigKeys (ConfUtils.java:logGet(43)) - raft.server.notification.no-leader.timeout = 2s (custom)
2019-10-02 11:20:25,064 [pool-1628-thread-1] INFO  server.RaftServerConfigKeys (ConfUtils.java:logGet(43)) - raft.server.log.use.memory = false (default)
2019-10-02 11:20:25,065 [pool-1628-thread-1] INFO  server.RaftServerConfigKeys (ConfUtils.java:logGet(43)) - raft.server.log.purge.gap = 50 (custom)
2019-10-02 11:20:25,065 [pool-1628-thread-1] INFO  server.RaftServerConfigKeys (ConfUtils.java:logGet(43)) - raft.server.log.appender.buffer.byte-limit = 33554432 (custom)
2019-10-02 11:20:25,065 [pool-1628-thread-1] INFO  server.RaftServerConfigKeys (ConfUtils.java:logGet(43)) - raft.server.log.segment.size.max = 16384 (custom)
2019-10-02 11:20:25,065 [pool-1628-thread-1] INFO  server.RaftServerConfigKeys (ConfUtils.java:logGet(43)) - raft.server.log.segment.cache.num.max = 2 (custom)
2019-10-02 11:20:25,065 [pool-1628-thread-1] INFO  segmented.SegmentedRaftLogWorker (SegmentedRaftLogWorker.java:<init>(173)) - new omNode-3@group-523986131536-SegmentedRaftLogWorker for RaftStorage:Storage Directory /workdir/hadoop-ozone/integration-test/target/test-dir/MiniOzoneClusterImpl-4fbee6c2-d92b-4186-98e8-d11e1b77f972/omNode-3/ratis/c9bc4cf4-3bc3-3c60-a66b-523986131536
2019-10-02 11:20:25,065 [pool-1628-thread-1] INFO  server.RaftServerConfigKeys (ConfUtils.java:logGet(43)) - raft.server.log.queue.byte-limit = 64MB (=67108864) (default)
2019-10-02 11:20:25,066 [pool-1628-thread-1] INFO  server.RaftServerConfigKeys (ConfUtils.java:logGet(43)) - raft.server.log.queue.element-limit = 4096 (default)
2019-10-02 11:20:25,066 [pool-1628-thread-1] INFO  server.RaftServerConfigKeys (ConfUtils.java:logGet(43)) - raft.server.log.segment.size.max = 16384 (custom)
2019-10-02 11:20:25,066 [pool-1628-thread-1] INFO  server.RaftServerConfigKeys (ConfUtils.java:logGet(43)) - raft.server.log.preallocated.size = 16384 (custom)
2019-10-02 11:20:25,066 [pool-1628-thread-1] INFO  server.RaftServerConfigKeys (ConfUtils.java:logGet(43)) - raft.server.log.write.buffer.size = 64KB (=65536) (default)
2019-10-02 11:20:25,066 [pool-1628-thread-1] INFO  server.RaftServerConfigKeys (ConfUtils.java:logGet(43)) - raft.server.log.force.sync.num = 128 (default)
2019-10-02 11:20:25,066 [pool-1628-thread-1] INFO  server.RaftServerConfigKeys (ConfUtils.java:logGet(43)) - raft.server.log.statemachine.data.sync = true (default)
2019-10-02 11:20:25,066 [pool-1628-thread-1] INFO  server.RaftServerConfigKeys (ConfUtils.java:logGet(43)) - raft.server.log.statemachine.data.sync.timeout = 10s (default)
2019-10-02 11:20:25,066 [pool-1628-thread-1] INFO  server.RaftServerConfigKeys (ConfUtils.java:logGet(43)) - raft.server.log.statemachine.data.sync.timeout.retry = -1 (default)
2019-10-02 11:20:25,067 [pool-1628-thread-1] INFO  server.RaftServerConfigKeys (ConfUtils.java:logGet(43)) - raft.server.log.statemachine.data.caching.enabled = false (default)
2019-10-02 11:20:25,067 [pool-1628-thread-1] INFO  segmented.SegmentedRaftLogWorker (SegmentedRaftLogWorker.java:lambda$new$0(128)) - omNode-3@group-523986131536-SegmentedRaftLogWorker: flushIndex: setUnconditionally 0 -> -1
2019-10-02 11:20:25,067 [pool-1628-thread-1] INFO  server.RaftServerConfigKeys (ConfUtils.java:logGet(43)) - raft.server.snapshot.auto.trigger.enabled = true (custom)
2019-10-02 11:20:25,067 [pool-1628-thread-1] INFO  server.RaftServerConfigKeys (ConfUtils.java:logGet(43)) - raft.server.snapshot.auto.trigger.threshold = 50 (custom)
2019-10-02 11:20:25,067 [pool-1628-thread-1] INFO  server.RaftServerConfigKeys (ConfUtils.java:logGet(43)) - raft.server.snapshot.retention.file.num = -1 (default)
2019-10-02 11:20:25,067 [pool-1628-thread-1] INFO  server.RaftServerConfigKeys (ConfUtils.java:logGet(43)) - raft.server.retrycache.expirytime = 600000ms (custom)
2019-10-02 11:20:25,078 [Thread-8322] INFO  impl.RaftServerImpl (RaftServerImpl.java:start(181)) - omNode-3@group-523986131536: start as a follower, conf=-1: [omNode-3:localhost:10444, omNode-1:localhost:10432, omNode-2:localhost:10438], old=null
2019-10-02 11:20:25,078 [Thread-8322] INFO  impl.RaftServerImpl (RaftServerImpl.java:setRole(170)) - omNode-3@group-523986131536: changes role from      null to FOLLOWER at term 0 for startAsFollower
2019-10-02 11:20:25,078 [Thread-8322] INFO  impl.RoleInfo (RoleInfo.java:updateAndGet(143)) - omNode-3: start FollowerState
2019-10-02 11:20:25,079 [Thread-8322] INFO  util.JmxRegister (JmxRegister.java:tryRegister(44)) - Successfully registered JMX Bean with object name Ratis:service=RaftServer,group=group-523986131536,id=omNode-3
2019-10-02 11:20:25,079 [Thread-8322] INFO  impl.RaftServerProxy (RaftServerProxy.java:lambda$start$3(299)) - omNode-3: start RPC server
2019-10-02 11:20:25,080 [Thread-8322] INFO  server.GrpcService (GrpcService.java:startImpl(158)) - omNode-3: GrpcService started, listening on 0.0.0.0/0.0.0.0:10444
2019-10-02 11:20:25,088 [IPC Server Responder] INFO  ipc.Server (Server.java:run(1314)) - IPC Server Responder: starting
2019-10-02 11:20:25,088 [IPC Server listener on 10440] INFO  ipc.Server (Server.java:run(1153)) - IPC Server listener on 10440: starting
2019-10-02 11:20:25,096 [Thread-8322] INFO  hdfs.DFSUtil (DFSUtil.java:httpServerTemplateForNNAndJN(1641)) - Starting Web-server for ozoneManager at: http://0.0.0.0:10442
2019-10-02 11:20:25,097 [Thread-8322] INFO  server.AuthenticationFilter (AuthenticationFilter.java:constructSecretProvider(240)) - Unable to initialize FileSignerSecretProvider, falling back to use random secrets.
2019-10-02 11:20:25,098 [Thread-8322] WARN  http.HttpRequestLog (HttpRequestLog.java:getRequestLog(97)) - Jetty request log can only be enabled using Log4j
2019-10-02 11:20:25,099 [Thread-8322] INFO  http.HttpServer2 (HttpServer2.java:addGlobalFilter(975)) - Added global filter 'safety' (class=org.apache.hadoop.http.HttpServer2$QuotingInputFilter)
2019-10-02 11:20:25,100 [Thread-8322] INFO  http.HttpServer2 (HttpServer2.java:addFilter(948)) - Added filter static_user_filter (class=org.apache.hadoop.http.lib.StaticUserWebFilter$StaticUserFilter) to context ozoneManager
2019-10-02 11:20:25,100 [Thread-8322] INFO  http.HttpServer2 (HttpServer2.java:addFilter(958)) - Added filter static_user_filter (class=org.apache.hadoop.http.lib.StaticUserWebFilter$StaticUserFilter) to context static
2019-10-02 11:20:25,100 [Thread-8322] INFO  http.HttpServer2 (HttpServer2.java:addFilter(958)) - Added filter static_user_filter (class=org.apache.hadoop.http.lib.StaticUserWebFilter$StaticUserFilter) to context logs
2019-10-02 11:20:25,101 [Thread-8322] INFO  http.HttpServer2 (HttpServer2.java:bindListener(1191)) - Jetty bound to port 10442
2019-10-02 11:20:25,101 [Thread-8322] INFO  server.Server (Server.java:doStart(351)) - jetty-9.3.25.v20180904, build timestamp: 2018-09-04T21:11:46Z, git hash: 3ce520221d0240229c862b122d2b06c12a625732
2019-10-02 11:20:25,103 [Thread-8322] INFO  handler.ContextHandler (ContextHandler.java:doStart(781)) - Started o.e.j.s.ServletContextHandler@5e5ddd93{/logs,file:///workdir/hadoop-ozone/integration-test/target/log,AVAILABLE}
2019-10-02 11:20:25,104 [Thread-8322] INFO  handler.ContextHandler (ContextHandler.java:doStart(781)) - Started o.e.j.s.ServletContextHandler@3d453c89{/static,file:///workdir/hadoop-ozone/integration-test/target/test-classes/webapps/static,AVAILABLE}
2019-10-02 11:20:25,112 [Thread-8322] INFO  handler.ContextHandler (ContextHandler.java:doStart(781)) - Started o.e.j.w.WebAppContext@210bbbc9{/,file:///workdir/hadoop-ozone/integration-test/target/test-classes/webapps/ozoneManager/,AVAILABLE}{/ozoneManager}
2019-10-02 11:20:25,112 [Thread-8322] INFO  server.AbstractConnector (AbstractConnector.java:doStart(278)) - Started ServerConnector@66b2f7ed{HTTP/1.1,[http/1.1]}{0.0.0.0:10442}
2019-10-02 11:20:25,115 [Thread-8322] INFO  server.Server (Server.java:doStart(419)) - Started @637434ms
2019-10-02 11:20:25,115 [Thread-8322] WARN  impl.MetricsSystemImpl (MetricsSystemImpl.java:register(276)) - Sink prometheus already exists!
2019-10-02 11:20:25,116 [Thread-8322] INFO  server.BaseHttpServer (BaseHttpServer.java:updateConnectorAddress(215)) - HTTP server of OZONEMANAGER is listening at http://0.0.0.0:10442
2019-10-02 11:20:25,116 [Thread-8322] INFO  ozone.MiniOzoneHAClusterImpl (MiniOzoneHAClusterImpl.java:createOMService(274)) - Started OzoneManager RPC server at localhost/127.0.0.1:10440
2019-10-02 11:20:25,120 [Thread-8322] INFO  impl.MetricsSystemImpl (MetricsSystemImpl.java:init(158)) - HddsDatanode metrics system started (again)
2019-10-02 11:20:25,147 [Thread-8322] INFO  ozone.HddsDatanodeService (HddsDatanodeService.java:start(184)) - HddsDatanodeService host:pr-hdds-2231-nwbjw-3761139207 ip:192.168.30.47
2019-10-02 11:20:25,157 [Thread-8322] INFO  volume.HddsVolume (HddsVolume.java:<init>(176)) - Creating Volume: /workdir/hadoop-ozone/integration-test/target/test-dir/MiniOzoneClusterImpl-4fbee6c2-d92b-4186-98e8-d11e1b77f972/datanode-0/data/containers/hdds of  storage type : DISK and capacity : 1482555576320
2019-10-02 11:20:25,158 [Thread-8322] INFO  volume.VolumeSet (VolumeSet.java:initializeVolumeSet(170)) - Added Volume : /workdir/hadoop-ozone/integration-test/target/test-dir/MiniOzoneClusterImpl-4fbee6c2-d92b-4186-98e8-d11e1b77f972/datanode-0/data/containers/hdds to VolumeSet
2019-10-02 11:20:25,158 [Thread-8322] INFO  volume.ThrottledAsyncChecker (ThrottledAsyncChecker.java:schedule(139)) - Scheduling a check for org.apache.hadoop.ozone.container.common.volume.HddsVolume@4005ebf9
2019-10-02 11:20:25,158 [Thread-8322] INFO  volume.HddsVolumeChecker (HddsVolumeChecker.java:checkAllVolumes(202)) - Scheduled health check for volume org.apache.hadoop.ozone.container.common.volume.HddsVolume@4005ebf9
2019-10-02 11:20:25,174 [Thread-8322] INFO  impl.RaftServerProxy (ConfUtils.java:logGet(43)) - raft.rpc.type = GRPC (default)
2019-10-02 11:20:25,174 [Thread-8322] INFO  grpc.GrpcFactory (GrpcFactory.java:checkPooledByteBufAllocatorUseCacheForAllThreads(45)) - PERFORMANCE WARNING: useCacheForAllThreads is true that may cause Netty to create a lot garbage objects and, as a result, trigger GC.
	It is recommended to disable useCacheForAllThreads by setting -Dorg.apache.ratis.thirdparty.io.netty.allocator.useCacheForAllThreads=false in command line.
2019-10-02 11:20:25,175 [Thread-8322] INFO  grpc.GrpcConfigKeys$Server (ConfUtils.java:logGet(43)) - raft.grpc.server.port = 0 (default)
2019-10-02 11:20:25,175 [Thread-8322] INFO  server.GrpcService (ConfUtils.java:logGet(43)) - raft.grpc.message.size.max = 33570816 (custom)
2019-10-02 11:20:25,175 [Thread-8322] INFO  server.RaftServerConfigKeys (ConfUtils.java:logGet(43)) - raft.server.log.appender.buffer.byte-limit = 33554432 (custom)
2019-10-02 11:20:25,175 [Thread-8322] INFO  server.GrpcService (ConfUtils.java:logGet(43)) - raft.grpc.flow.control.window = 1MB (=1048576) (default)
2019-10-02 11:20:25,175 [Thread-8322] INFO  server.RaftServerConfigKeys (ConfUtils.java:logGet(43)) - raft.server.rpc.request.timeout = 3000ms (default)
2019-10-02 11:20:25,176 [Thread-8322] INFO  server.RaftServerConfigKeys (ConfUtils.java:logGet(43)) - raft.server.storage.dir = [/workdir/hadoop-ozone/integration-test/target/test-dir/MiniOzoneClusterImpl-4fbee6c2-d92b-4186-98e8-d11e1b77f972/datanode-0/data/ratis] (custom)
2019-10-02 11:20:25,177 [Thread-8322] INFO  hdfs.DFSUtil (DFSUtil.java:httpServerTemplateForNNAndJN(1641)) - Starting Web-server for hddsDatanode at: http://0.0.0.0:0
2019-10-02 11:20:25,178 [Thread-8322] INFO  server.AuthenticationFilter (AuthenticationFilter.java:constructSecretProvider(240)) - Unable to initialize FileSignerSecretProvider, falling back to use random secrets.
2019-10-02 11:20:25,178 [Thread-8322] WARN  http.HttpRequestLog (HttpRequestLog.java:getRequestLog(97)) - Jetty request log can only be enabled using Log4j
2019-10-02 11:20:25,180 [Thread-8322] INFO  http.HttpServer2 (HttpServer2.java:addGlobalFilter(975)) - Added global filter 'safety' (class=org.apache.hadoop.http.HttpServer2$QuotingInputFilter)
2019-10-02 11:20:25,180 [Thread-8322] INFO  http.HttpServer2 (HttpServer2.java:addFilter(948)) - Added filter static_user_filter (class=org.apache.hadoop.http.lib.StaticUserWebFilter$StaticUserFilter) to context hddsDatanode
2019-10-02 11:20:25,180 [Thread-8322] INFO  http.HttpServer2 (HttpServer2.java:addFilter(958)) - Added filter static_user_filter (class=org.apache.hadoop.http.lib.StaticUserWebFilter$StaticUserFilter) to context logs
2019-10-02 11:20:25,181 [Thread-8322] INFO  http.HttpServer2 (HttpServer2.java:addFilter(958)) - Added filter static_user_filter (class=org.apache.hadoop.http.lib.StaticUserWebFilter$StaticUserFilter) to context static
2019-10-02 11:20:25,181 [Thread-8322] INFO  http.HttpServer2 (HttpServer2.java:bindListener(1191)) - Jetty bound to port 33569
2019-10-02 11:20:25,181 [Thread-8322] INFO  server.Server (Server.java:doStart(351)) - jetty-9.3.25.v20180904, build timestamp: 2018-09-04T21:11:46Z, git hash: 3ce520221d0240229c862b122d2b06c12a625732
2019-10-02 11:20:25,183 [Thread-8322] INFO  handler.ContextHandler (ContextHandler.java:doStart(781)) - Started o.e.j.s.ServletContextHandler@603b46fe{/logs,file:///workdir/hadoop-ozone/integration-test/target/log,AVAILABLE}
2019-10-02 11:20:25,183 [Thread-8322] INFO  handler.ContextHandler (ContextHandler.java:doStart(781)) - Started o.e.j.s.ServletContextHandler@26f19b6f{/static,jar:file:/home/user/.m2/repository/org/apache/hadoop/hadoop-hdds-container-service/0.5.0-SNAPSHOT/hadoop-hdds-container-service-0.5.0-SNAPSHOT.jar!/webapps/static,AVAILABLE}
2019-10-02 11:20:25,211 [Thread-8322] INFO  handler.ContextHandler (ContextHandler.java:doStart(781)) - Started o.e.j.w.WebAppContext@60f55a08{/,file:///tmp/jetty-0.0.0.0-33569-hddsDatanode-_-any-4228515564059176311.dir/webapp/,AVAILABLE}{/hddsDatanode}
2019-10-02 11:20:25,211 [Thread-8322] INFO  server.AbstractConnector (AbstractConnector.java:doStart(278)) - Started ServerConnector@30e38bb5{HTTP/1.1,[http/1.1]}{0.0.0.0:33569}
2019-10-02 11:20:25,215 [Thread-8322] INFO  server.Server (Server.java:doStart(419)) - Started @637534ms
2019-10-02 11:20:25,215 [Thread-8322] WARN  impl.MetricsSystemImpl (MetricsSystemImpl.java:register(276)) - Sink prometheus already exists!
2019-10-02 11:20:25,216 [Thread-8322] INFO  server.BaseHttpServer (BaseHttpServer.java:updateConnectorAddress(215)) - HTTP server of HDDSDATANODE is listening at http://0.0.0.0:33569
2019-10-02 11:20:25,216 [Thread-8322] INFO  ozone.MiniOzoneClusterImpl (MiniOzoneClusterImpl.java:lambda$waitForClusterToBeReady$0(147)) - Waiting for cluster to be ready. Got 0 of 1 DN Heartbeats.
2019-10-02 11:20:25,217 [org.apache.hadoop.util.JvmPauseMonitor$Monitor@30125fd9] INFO  util.JvmPauseMonitor (JvmPauseMonitor.java:run(188)) - Starting JVM pause monitor
2019-10-02 11:20:25,219 [Datanode State Machine Thread - 0] INFO  datanode.InitDatanodeState (InitDatanodeState.java:persistContainerDatanodeDetails(140)) - DatanodeDetails is persisted to /workdir/hadoop-ozone/integration-test/target/test-dir/MiniOzoneClusterImpl-4fbee6c2-d92b-4186-98e8-d11e1b77f972/datanode-0/meta/datanode.id
2019-10-02 11:20:25,356 [grpc-default-executor-8] INFO  impl.RaftServerImpl (ServerState.java:setLeader(255)) - omNode-3@group-523986131536: change Leader from null to omNode-1 at term 1 for appendEntries, leader elected after 288ms
2019-10-02 11:20:25,371 [grpc-default-executor-8] INFO  impl.RaftServerImpl (ServerState.java:setRaftConf(356)) - omNode-3@group-523986131536: set configuration 0: [omNode-3:localhost:10444, omNode-1:localhost:10432, omNode-2:localhost:10438], old=null at 0
2019-10-02 11:20:25,372 [grpc-default-executor-8] INFO  segmented.SegmentedRaftLogWorker (SegmentedRaftLogWorker.java:startLogSegment(385)) - omNode-3@group-523986131536-SegmentedRaftLogWorker: Starting segment from index:0
2019-10-02 11:20:25,412 [omNode-3@group-523986131536-SegmentedRaftLogWorker] INFO  segmented.SegmentedRaftLogWorker (SegmentedRaftLogWorker.java:execute(574)) - omNode-3@group-523986131536-SegmentedRaftLogWorker: created new log segment /workdir/hadoop-ozone/integration-test/target/test-dir/MiniOzoneClusterImpl-4fbee6c2-d92b-4186-98e8-d11e1b77f972/omNode-3/ratis/c9bc4cf4-3bc3-3c60-a66b-523986131536/current/log_inprogress_0
2019-10-02 11:20:26,216 [Thread-8322] INFO  ozone.MiniOzoneClusterImpl (MiniOzoneClusterImpl.java:lambda$waitForClusterToBeReady$0(147)) - Waiting for cluster to be ready. Got 0 of 1 DN Heartbeats.
2019-10-02 11:20:27,219 [Thread-8322] INFO  ozone.MiniOzoneClusterImpl (MiniOzoneClusterImpl.java:lambda$waitForClusterToBeReady$0(147)) - Waiting for cluster to be ready. Got 0 of 1 DN Heartbeats.
2019-10-02 11:20:27,255 [Datanode State Machine Thread - 0] INFO  ozoneimpl.OzoneContainer (OzoneContainer.java:start(217)) - Attempting to start container services.
2019-10-02 11:20:27,256 [Datanode State Machine Thread - 0] INFO  ozoneimpl.OzoneContainer (OzoneContainer.java:startContainerScrub(179)) - Background container scanner has been disabled.
2019-10-02 11:20:27,256 [Datanode State Machine Thread - 0] INFO  ratis.XceiverServerRatis (XceiverServerRatis.java:start(417)) - Starting XceiverServerRatis 03341560-e152-4fdb-a49d-73c184ac5038 at port 0
2019-10-02 11:20:27,261 [Datanode State Machine Thread - 0] INFO  impl.RaftServerProxy (RaftServerProxy.java:lambda$start$3(299)) - 03341560-e152-4fdb-a49d-73c184ac5038: start RPC server
2019-10-02 11:20:27,263 [Datanode State Machine Thread - 0] INFO  server.GrpcService (GrpcService.java:startImpl(158)) - 03341560-e152-4fdb-a49d-73c184ac5038: GrpcService started, listening on 0.0.0.0/0.0.0.0:34499
2019-10-02 11:20:27,263 [Datanode State Machine Thread - 0] INFO  ratis.XceiverServerRatis (XceiverServerRatis.java:start(427)) - XceiverServerRatis 03341560-e152-4fdb-a49d-73c184ac5038 is started using port 34499
2019-10-02 11:20:27,263 [Datanode State Machine Thread - 0] INFO  server.XceiverServerGrpc (XceiverServerGrpc.java:start(149)) - XceiverServerGrpc 03341560-e152-4fdb-a49d-73c184ac5038 is started using port 44044
2019-10-02 11:20:28,223 [Thread-8322] INFO  ozone.MiniOzoneClusterImpl (MiniOzoneClusterImpl.java:lambda$waitForClusterToBeReady$0(147)) - Waiting for cluster to be ready. Got 0 of 1 DN Heartbeats.
2019-10-02 11:20:29,223 [Thread-8322] INFO  ozone.MiniOzoneClusterImpl (MiniOzoneClusterImpl.java:lambda$waitForClusterToBeReady$0(147)) - Cluster is ready. Got 1 of 1 DN Heartbeats.
2019-10-02 11:20:29,223 [IPC Server handler 1 on 34577] INFO  net.NetworkTopology (NetworkTopologyImpl.java:add(111)) - Added a new node: /default-rack/03341560-e152-4fdb-a49d-73c184ac5038
2019-10-02 11:20:29,226 [IPC Server handler 1 on 34577] INFO  node.SCMNodeManager (SCMNodeManager.java:register(266)) - Registered Data node : 03341560-e152-4fdb-a49d-73c184ac5038{ip: 192.168.30.47, host: pr-hdds-2231-nwbjw-3761139207, networkLocation: /default-rack, certSerialId: null}
2019-10-02 11:20:29,227 [EventQueue-NodeRegistrationContainerReportForDataNodeSafeModeRule] INFO  safemode.SCMSafeModeManager (DataNodeSafeModeRule.java:process(71)) - SCM in safe mode. 1 DataNodes registered, 1 required.
2019-10-02 11:20:29,229 [EventQueue-NodeRegistrationContainerReportForDataNodeSafeModeRule] INFO  safemode.SCMSafeModeManager (SCMSafeModeManager.java:validateSafeModeExitRules(177)) - ScmSafeModeManager, all rules are successfully validated
2019-10-02 11:20:29,229 [EventQueue-NodeRegistrationContainerReportForDataNodeSafeModeRule] INFO  safemode.SCMSafeModeManager (SCMSafeModeManager.java:exitSafeMode(193)) - SCM exiting safe mode.
2019-10-02 11:20:29,253 [grpc-default-executor-8] INFO  impl.RaftServerProxy (RaftServerProxy.java:addNew(89)) - 03341560-e152-4fdb-a49d-73c184ac5038: addNew group-67FCB73BC3F3:[03341560-e152-4fdb-a49d-73c184ac5038:192.168.30.47:34499] returns group-67FCB73BC3F3:java.util.concurrent.CompletableFuture@178e874b[Not completed]
2019-10-02 11:20:29,257 [pool-1636-thread-1] INFO  impl.RaftServerImpl (RaftServerImpl.java:<init>(95)) - 03341560-e152-4fdb-a49d-73c184ac5038: new RaftServerImpl for group-67FCB73BC3F3:[03341560-e152-4fdb-a49d-73c184ac5038:192.168.30.47:34499] with ContainerStateMachine:uninitialized
2019-10-02 11:20:29,257 [pool-1636-thread-1] INFO  server.RaftServerConfigKeys (ConfUtils.java:logGet(43)) - raft.server.rpc.timeout.min = 5s (custom)
2019-10-02 11:20:29,257 [pool-1636-thread-1] INFO  server.RaftServerConfigKeys (ConfUtils.java:logGet(43)) - raft.server.rpc.timeout.max = 5200ms (custom)
2019-10-02 11:20:29,257 [pool-1636-thread-1] INFO  server.RaftServerConfigKeys (ConfUtils.java:logGet(43)) - raft.server.rpcslowness.timeout = 120s (custom)
2019-10-02 11:20:29,257 [pool-1636-thread-1] INFO  server.RaftServerConfigKeys (ConfUtils.java:logGet(43)) - raft.server.sleep.deviation.threshold = 300 (default)
2019-10-02 11:20:29,257 [pool-1636-thread-1] INFO  server.RaftServerConfigKeys (ConfUtils.java:logGet(43)) - raft.server.log.appender.install.snapshot.enabled = false (custom)
2019-10-02 11:20:29,257 [pool-1636-thread-1] INFO  impl.RaftServerImpl (ServerState.java:<init>(103)) - 03341560-e152-4fdb-a49d-73c184ac5038@group-67FCB73BC3F3: ConfigurationManager, init=-1: [03341560-e152-4fdb-a49d-73c184ac5038:192.168.30.47:34499], old=null, confs=<EMPTY_MAP>
2019-10-02 11:20:29,258 [pool-1636-thread-1] INFO  server.RaftServerConfigKeys (ConfUtils.java:logGet(43)) - raft.server.storage.dir = [/workdir/hadoop-ozone/integration-test/target/test-dir/MiniOzoneClusterImpl-4fbee6c2-d92b-4186-98e8-d11e1b77f972/datanode-0/data/ratis] (custom)
2019-10-02 11:20:29,258 [pool-1636-thread-1] INFO  server.RaftServerConfigKeys (ConfUtils.java:logGet(43)) - raft.server.log.corruption.policy = EXCEPTION (default)
2019-10-02 11:20:29,258 [pool-1636-thread-1] INFO  storage.RaftStorageDirectory (RaftStorageDirectory.java:analyzeStorage(246)) - The storage directory /workdir/hadoop-ozone/integration-test/target/test-dir/MiniOzoneClusterImpl-4fbee6c2-d92b-4186-98e8-d11e1b77f972/datanode-0/data/ratis/4c2bfc1f-4b6c-4f56-b37e-67fcb73bc3f3 does not exist. Creating ...
2019-10-02 11:20:29,276 [Thread-8322] INFO  rpc.RpcClient (RpcClient.java:createVolume(276)) - Creating Volume: volume60841, with user70054 as owner.
2019-10-02 11:20:29,294 [OM StateMachine ApplyTransaction Thread - 0] INFO  volume.OMVolumeCreateRequest (OMVolumeCreateRequest.java:validateAndUpdateCache(194)) - created volume:volume60841 for user:user70054
2019-10-02 11:20:29,306 [Thread-8322] INFO  rpc.RpcClient (RpcClient.java:createBucket(415)) - Creating Bucket: volume60841/bucket34940, with Versioning false and Storage Type set to DISK and Encryption set to false 
2019-10-02 11:20:29,307 [OM StateMachine ApplyTransaction Thread - 0] INFO  volume.OMVolumeCreateRequest (OMVolumeCreateRequest.java:validateAndUpdateCache(194)) - created volume:volume60841 for user:user70054
2019-10-02 11:20:29,307 [OM StateMachine ApplyTransaction Thread - 0] INFO  volume.OMVolumeCreateRequest (OMVolumeCreateRequest.java:validateAndUpdateCache(194)) - created volume:volume60841 for user:user70054
2019-10-02 11:20:29,453 [pool-1636-thread-1] INFO  storage.RaftStorageDirectory (RaftStorageDirectory.java:tryLock(328)) - Lock on /workdir/hadoop-ozone/integration-test/target/test-dir/MiniOzoneClusterImpl-4fbee6c2-d92b-4186-98e8-d11e1b77f972/datanode-0/data/ratis/4c2bfc1f-4b6c-4f56-b37e-67fcb73bc3f3/in_use.lock acquired by nodename 25089@pr-hdds-2231-nwbjw-3761139207
2019-10-02 11:20:29,526 [pool-1636-thread-1] INFO  storage.RaftStorage (RaftStorage.java:format(84)) - Storage directory /workdir/hadoop-ozone/integration-test/target/test-dir/MiniOzoneClusterImpl-4fbee6c2-d92b-4186-98e8-d11e1b77f972/datanode-0/data/ratis/4c2bfc1f-4b6c-4f56-b37e-67fcb73bc3f3 has been successfully formatted.
2019-10-02 11:20:29,527 [pool-1636-thread-1] INFO  ratis.ContainerStateMachine (ContainerStateMachine.java:loadSnapshot(230)) - group-67FCB73BC3F3: The snapshot info is null. Setting the last applied indexto:(t:0, i:~)
2019-10-02 11:20:29,527 [pool-1636-thread-1] INFO  server.RaftServerConfigKeys (ConfUtils.java:logGet(43)) - raft.server.notification.no-leader.timeout = 120s (custom)
2019-10-02 11:20:29,527 [pool-1636-thread-1] INFO  server.RaftServerConfigKeys (ConfUtils.java:logGet(43)) - raft.server.log.use.memory = false (default)
2019-10-02 11:20:29,527 [pool-1636-thread-1] INFO  server.RaftServerConfigKeys (ConfUtils.java:logGet(43)) - raft.server.log.purge.gap = 1000000 (custom)
2019-10-02 11:20:29,528 [pool-1636-thread-1] INFO  server.RaftServerConfigKeys (ConfUtils.java:logGet(43)) - raft.server.log.appender.buffer.byte-limit = 33554432 (custom)
2019-10-02 11:20:29,528 [pool-1636-thread-1] INFO  server.RaftServerConfigKeys (ConfUtils.java:logGet(43)) - raft.server.log.segment.size.max = 1048576 (custom)
2019-10-02 11:20:29,530 [pool-1636-thread-1] INFO  server.RaftServerConfigKeys (ConfUtils.java:logGet(43)) - raft.server.log.segment.cache.num.max = 2 (custom)
2019-10-02 11:20:29,530 [pool-1636-thread-1] INFO  segmented.SegmentedRaftLogWorker (SegmentedRaftLogWorker.java:<init>(173)) - new 03341560-e152-4fdb-a49d-73c184ac5038@group-67FCB73BC3F3-SegmentedRaftLogWorker for RaftStorage:Storage Directory /workdir/hadoop-ozone/integration-test/target/test-dir/MiniOzoneClusterImpl-4fbee6c2-d92b-4186-98e8-d11e1b77f972/datanode-0/data/ratis/4c2bfc1f-4b6c-4f56-b37e-67fcb73bc3f3
2019-10-02 11:20:29,531 [pool-1636-thread-1] INFO  server.RaftServerConfigKeys (ConfUtils.java:logGet(43)) - raft.server.log.queue.byte-limit = 2147483647 (custom)
2019-10-02 11:20:29,531 [pool-1636-thread-1] INFO  server.RaftServerConfigKeys (ConfUtils.java:logGet(43)) - raft.server.log.queue.element-limit = 1024 (custom)
2019-10-02 11:20:29,531 [pool-1636-thread-1] INFO  server.RaftServerConfigKeys (ConfUtils.java:logGet(43)) - raft.server.log.segment.size.max = 1048576 (custom)
2019-10-02 11:20:29,531 [pool-1636-thread-1] INFO  server.RaftServerConfigKeys (ConfUtils.java:logGet(43)) - raft.server.log.preallocated.size = 16384 (custom)
2019-10-02 11:20:29,531 [pool-1636-thread-1] INFO  server.RaftServerConfigKeys (ConfUtils.java:logGet(43)) - raft.server.log.write.buffer.size = 33554432 (custom)
2019-10-02 11:20:29,531 [pool-1636-thread-1] INFO  server.RaftServerConfigKeys (ConfUtils.java:logGet(43)) - raft.server.log.force.sync.num = 128 (default)
2019-10-02 11:20:29,532 [pool-1636-thread-1] INFO  server.RaftServerConfigKeys (ConfUtils.java:logGet(43)) - raft.server.log.statemachine.data.sync = true (default)
2019-10-02 11:20:29,532 [pool-1636-thread-1] INFO  server.RaftServerConfigKeys (ConfUtils.java:logGet(43)) - raft.server.log.statemachine.data.sync.timeout = 10s (default)
2019-10-02 11:20:29,532 [pool-1636-thread-1] INFO  server.RaftServerConfigKeys (ConfUtils.java:logGet(43)) - raft.server.log.statemachine.data.sync.timeout.retry = -1 (default)
2019-10-02 11:20:29,532 [pool-1636-thread-1] INFO  server.RaftServerConfigKeys (ConfUtils.java:logGet(43)) - raft.server.log.statemachine.data.caching.enabled = true (custom)
2019-10-02 11:20:29,533 [pool-1636-thread-1] INFO  segmented.SegmentedRaftLogWorker (SegmentedRaftLogWorker.java:lambda$new$0(128)) - 03341560-e152-4fdb-a49d-73c184ac5038@group-67FCB73BC3F3-SegmentedRaftLogWorker: flushIndex: setUnconditionally 0 -> -1
2019-10-02 11:20:29,533 [pool-1636-thread-1] INFO  server.RaftServerConfigKeys (ConfUtils.java:logGet(43)) - raft.server.snapshot.auto.trigger.enabled = true (custom)
2019-10-02 11:20:29,533 [pool-1636-thread-1] INFO  server.RaftServerConfigKeys (ConfUtils.java:logGet(43)) - raft.server.snapshot.auto.trigger.threshold = 10000 (custom)
2019-10-02 11:20:29,533 [pool-1636-thread-1] INFO  server.RaftServerConfigKeys (ConfUtils.java:logGet(43)) - raft.server.snapshot.retention.file.num = 5 (custom)
2019-10-02 11:20:29,534 [pool-1636-thread-1] INFO  server.RaftServerConfigKeys (ConfUtils.java:logGet(43)) - raft.server.retrycache.expirytime = 600000ms (custom)
2019-10-02 11:20:29,536 [pool-1636-thread-1] INFO  impl.RaftServerImpl (RaftServerImpl.java:start(181)) - 03341560-e152-4fdb-a49d-73c184ac5038@group-67FCB73BC3F3: start as a follower, conf=-1: [03341560-e152-4fdb-a49d-73c184ac5038:192.168.30.47:34499], old=null
2019-10-02 11:20:29,536 [pool-1636-thread-1] INFO  impl.RaftServerImpl (RaftServerImpl.java:setRole(170)) - 03341560-e152-4fdb-a49d-73c184ac5038@group-67FCB73BC3F3: changes role from      null to FOLLOWER at term 0 for startAsFollower
2019-10-02 11:20:29,536 [pool-1636-thread-1] INFO  impl.RoleInfo (RoleInfo.java:updateAndGet(143)) - 03341560-e152-4fdb-a49d-73c184ac5038: start FollowerState
2019-10-02 11:20:29,536 [pool-1636-thread-1] INFO  util.JmxRegister (JmxRegister.java:tryRegister(44)) - Successfully registered JMX Bean with object name Ratis:service=RaftServer,group=group-67FCB73BC3F3,id=03341560-e152-4fdb-a49d-73c184ac5038
2019-10-02 11:20:29,545 [RatisPipelineUtilsThread] INFO  pipeline.PipelineStateManager (PipelineStateManager.java:addPipeline(56)) - Created pipeline Pipeline[ Id: 4c2bfc1f-4b6c-4f56-b37e-67fcb73bc3f3, Nodes: 03341560-e152-4fdb-a49d-73c184ac5038{ip: 192.168.30.47, host: pr-hdds-2231-nwbjw-3761139207, networkLocation: /default-rack, certSerialId: null}, Type:RATIS, Factor:ONE, State:OPEN]
2019-10-02 11:20:29,546 [IPC Server handler 0 on 38883] INFO  pipeline.PipelineStateManager (PipelineStateManager.java:addPipeline(56)) - Created pipeline Pipeline[ Id: 23fe8d27-2134-44cd-8503-ad8060707225, Nodes: 03341560-e152-4fdb-a49d-73c184ac5038{ip: 192.168.30.47, host: pr-hdds-2231-nwbjw-3761139207, networkLocation: /default-rack, certSerialId: null}, Type:STAND_ALONE, Factor:ONE, State:OPEN]
2019-10-02 11:20:31,372 [Thread-8322] INFO  ipc.Server (Server.java:stop(3082)) - Stopping server on 10434
2019-10-02 11:20:31,377 [IPC Server listener on 10434] INFO  ipc.Server (Server.java:run(1185)) - Stopping IPC Server listener on 10434
2019-10-02 11:20:31,377 [Thread-8322] INFO  impl.RaftServerProxy (RaftServerProxy.java:lambda$close$4(314)) - omNode-2: close
2019-10-02 11:20:31,377 [IPC Server Responder] INFO  ipc.Server (Server.java:run(1319)) - Stopping IPC Server Responder
2019-10-02 11:20:31,381 [Thread-8322] INFO  impl.RaftServerImpl (RaftServerImpl.java:lambda$shutdown$3(247)) - omNode-2@group-523986131536: shutdown
2019-10-02 11:20:31,388 [Thread-8322] INFO  util.JmxRegister (JmxRegister.java:unregister(73)) - Successfully un-registered JMX Bean with object name Ratis:service=RaftServer,group=group-523986131536,id=omNode-2
2019-10-02 11:20:31,388 [Thread-8322] INFO  impl.RoleInfo (RoleInfo.java:shutdownFollowerState(121)) - omNode-2: shutdown FollowerState
2019-10-02 11:20:31,388 [Thread-8322] INFO  impl.StateMachineUpdater (StateMachineUpdater.java:stopAndJoin(136)) - omNode-2@group-523986131536-StateMachineUpdater: set stopIndex = 43
2019-10-02 11:20:31,388 [Thread-8491] INFO  impl.FollowerState (FollowerState.java:run(117)) - omNode-2@group-523986131536-FollowerState was interrupted: java.lang.InterruptedException: sleep interrupted
2019-10-02 11:20:31,388 [omNode-2@group-523986131536-StateMachineUpdater] INFO  ratis.OzoneManagerStateMachine (OzoneManagerStateMachine.java:takeSnapshot(254)) - Saving Ratis snapshot on the OM.
2019-10-02 11:20:31,390 [omNode-2@group-523986131536-StateMachineUpdater] INFO  ratis.OMRatisSnapshotInfo (OMRatisSnapshotInfo.java:saveRatisSnapshotToDisk(107)) - Saved Ratis Snapshot on the OM with snapshotIndex 43
2019-10-02 11:20:31,390 [omNode-2@group-523986131536-StateMachineUpdater] INFO  impl.StateMachineUpdater (StateMachineUpdater.java:takeSnapshot(269)) - omNode-2@group-523986131536-StateMachineUpdater: Took a snapshot at index 43
2019-10-02 11:20:31,390 [omNode-2@group-523986131536-StateMachineUpdater] INFO  impl.StateMachineUpdater (StateMachineUpdater.java:lambda$new$0(84)) - omNode-2@group-523986131536-StateMachineUpdater: snapshotIndex: updateIncreasingly -1 -> 43
2019-10-02 11:20:31,390 [Thread-8322] INFO  impl.RaftServerImpl (ServerState.java:close(387)) - omNode-2@group-523986131536: closes. applyIndex: 43
2019-10-02 11:20:31,391 [omNode-2@group-523986131536-SegmentedRaftLogWorker] INFO  segmented.SegmentedRaftLogWorker (SegmentedRaftLogWorker.java:run(316)) - omNode-2@group-523986131536-SegmentedRaftLogWorker was interrupted, exiting. There are 0 tasks remaining in the queue.
2019-10-02 11:20:31,394 [Thread-8322] INFO  segmented.SegmentedRaftLogWorker (SegmentedRaftLogWorker.java:close(224)) - omNode-2@group-523986131536-SegmentedRaftLogWorker close()
2019-10-02 11:20:31,397 [Thread-8322] INFO  server.GrpcService (GrpcService.java:closeImpl(164)) - omNode-2: shutdown server with port 10438 now
2019-10-02 11:20:31,400 [grpc-default-executor-4] WARN  server.GrpcServerProtocolService (LogUtils.java:warn(134)) - omNode-2: installSnapshot onError, lastRequest: omNode-1->omNode-2#54-t1, previous=(t:1, i:43), leaderCommit=43, initializing? false, entries: size=1, first=(t:1, i:44), METADATAENTRY(c43): org.apache.ratis.thirdparty.io.grpc.StatusRuntimeException: CANCELLED: cancelled before receiving half close
2019-10-02 11:20:31,400 [grpc-default-executor-8] WARN  server.GrpcLogAppender (LogUtils.java:warn(134)) - omNode-1@group-523986131536->omNode-2-AppendLogResponseHandler: Failed appendEntries: org.apache.ratis.thirdparty.io.grpc.StatusRuntimeException: CANCELLED: HTTP/2 error code: CANCEL
Received Rst Stream
2019-10-02 11:20:31,400 [Thread-8322] INFO  server.GrpcService (GrpcService.java:closeImpl(172)) - omNode-2: shutdown server with port 10438 successfully
2019-10-02 11:20:31,403 [Thread-8322] INFO  ratis.OzoneManagerDoubleBuffer (OzoneManagerDoubleBuffer.java:stop(248)) - Stopping OMDoubleBuffer flush thread
2019-10-02 11:20:31,403 [grpc-default-executor-8] INFO  impl.FollowerInfo (FollowerInfo.java:lambda$new$0(51)) - omNode-1@group-523986131536->omNode-2: nextIndex: updateUnconditionally 45 -> 44
2019-10-02 11:20:31,403 [OMDoubleBufferFlushThread] INFO  ratis.OzoneManagerDoubleBuffer (OzoneManagerDoubleBuffer.java:flushTransactions(191)) - OMDoubleBuffer flush thread OMDoubleBufferFlushThread is interrupted and will exit. OMDoubleBufferFlushThread
2019-10-02 11:20:31,403 [Thread-8322] INFO  utils.BackgroundService (BackgroundService.java:shutdown(148)) - Shutting down service KeyDeletingService
2019-10-02 11:20:31,886 [grpc-default-executor-7] WARN  server.GrpcLogAppender (LogUtils.java:warn(134)) - omNode-1@group-523986131536->omNode-2-AppendLogResponseHandler: Failed appendEntries: org.apache.ratis.thirdparty.io.grpc.StatusRuntimeException: UNAVAILABLE: io exception
2019-10-02 11:20:31,887 [grpc-default-executor-7] INFO  impl.FollowerInfo (FollowerInfo.java:lambda$new$0(51)) - omNode-1@group-523986131536->omNode-2: nextIndex: updateUnconditionally 44 -> 43
2019-10-02 11:20:32,234 [Thread-8586] INFO  container.ReplicationManager (ReplicationManager.java:start(162)) - Starting Replication Monitor Thread.
2019-10-02 11:20:32,239 [ReplicationMonitor] INFO  container.ReplicationManager (ReplicationManager.java:run(225)) - Replication Monitor Thread took 0 milliseconds for processing 3 containers.
2019-10-02 11:20:32,387 [grpc-default-executor-8] WARN  server.GrpcLogAppender (LogUtils.java:warn(134)) - omNode-1@group-523986131536->omNode-2-AppendLogResponseHandler: Failed appendEntries: org.apache.ratis.thirdparty.io.grpc.StatusRuntimeException: UNAVAILABLE: io exception
2019-10-02 11:20:32,388 [grpc-default-executor-8] INFO  impl.FollowerInfo (FollowerInfo.java:lambda$new$0(51)) - omNode-1@group-523986131536->omNode-2: nextIndex: updateUnconditionally 43 -> 42
2019-10-02 11:20:32,563 [Thread-8322] INFO  handler.ContextHandler (ContextHandler.java:doStop(910)) - Stopped o.e.j.w.WebAppContext@7891ad73{/,null,UNAVAILABLE}{/ozoneManager}
2019-10-02 11:20:32,564 [Thread-8322] INFO  server.AbstractConnector (AbstractConnector.java:doStop(318)) - Stopped ServerConnector@494e166e{HTTP/1.1,[http/1.1]}{0.0.0.0:10436}
2019-10-02 11:20:32,564 [Thread-8322] INFO  handler.ContextHandler (ContextHandler.java:doStop(910)) - Stopped o.e.j.s.ServletContextHandler@30549544{/static,file:///workdir/hadoop-ozone/integration-test/target/test-classes/webapps/static,UNAVAILABLE}
2019-10-02 11:20:32,564 [Thread-8322] INFO  handler.ContextHandler (ContextHandler.java:doStop(910)) - Stopped o.e.j.s.ServletContextHandler@3c4c9848{/logs,file:///workdir/hadoop-ozone/integration-test/target/log,UNAVAILABLE}
2019-10-02 11:20:32,574 [grpc-default-executor-4] WARN  server.GrpcLogAppender (LogUtils.java:warn(134)) - omNode-1@group-523986131536->omNode-2-AppendLogResponseHandler: Failed appendEntries: org.apache.ratis.thirdparty.io.grpc.StatusRuntimeException: UNAVAILABLE: io exception
2019-10-02 11:20:32,575 [grpc-default-executor-4] INFO  impl.FollowerInfo (FollowerInfo.java:lambda$new$0(51)) - omNode-1@group-523986131536->omNode-2: nextIndex: updateUnconditionally 46 -> 45
2019-10-02 11:20:32,585 [grpc-default-executor-8] WARN  server.GrpcLogAppender (LogUtils.java:warn(134)) - omNode-1@group-523986131536->omNode-2-AppendLogResponseHandler: Failed appendEntries: org.apache.ratis.thirdparty.io.grpc.StatusRuntimeException: UNAVAILABLE: io exception
2019-10-02 11:20:32,586 [grpc-default-executor-8] INFO  impl.FollowerInfo (FollowerInfo.java:lambda$new$0(51)) - omNode-1@group-523986131536->omNode-2: nextIndex: updateUnconditionally 47 -> 45
2019-10-02 11:20:32,595 [grpc-default-executor-4] WARN  server.GrpcLogAppender (LogUtils.java:warn(134)) - omNode-1@group-523986131536->omNode-2-AppendLogResponseHandler: Failed appendEntries: org.apache.ratis.thirdparty.io.grpc.StatusRuntimeException: UNAVAILABLE: io exception
2019-10-02 11:20:32,596 [grpc-default-executor-4] INFO  impl.FollowerInfo (FollowerInfo.java:lambda$new$0(51)) - omNode-1@group-523986131536->omNode-2: nextIndex: updateUnconditionally 48 -> 45
2019-10-02 11:20:32,598 [grpc-default-executor-7] WARN  server.GrpcLogAppender (LogUtils.java:warn(134)) - omNode-1@group-523986131536->omNode-2-AppendLogResponseHandler: Failed appendEntries: org.apache.ratis.thirdparty.io.grpc.StatusRuntimeException: UNAVAILABLE: io exception
2019-10-02 11:20:32,598 [grpc-default-executor-7] INFO  impl.FollowerInfo (FollowerInfo.java:lambda$new$0(51)) - omNode-1@group-523986131536->omNode-2: nextIndex: updateUnconditionally 48 -> 45
2019-10-02 11:20:32,602 [grpc-default-executor-8] WARN  server.GrpcLogAppender (LogUtils.java:warn(134)) - omNode-1@group-523986131536->omNode-2-AppendLogResponseHandler: Failed appendEntries: org.apache.ratis.thirdparty.io.grpc.StatusRuntimeException: UNAVAILABLE: io exception
2019-10-02 11:20:32,603 [grpc-default-executor-8] INFO  impl.FollowerInfo (FollowerInfo.java:lambda$new$0(51)) - omNode-1@group-523986131536->omNode-2: nextIndex: updateUnconditionally 50 -> 45
2019-10-02 11:20:32,610 [grpc-default-executor-8] WARN  server.GrpcLogAppender (LogUtils.java:warn(134)) - omNode-1@group-523986131536->omNode-2-AppendLogResponseHandler: Failed appendEntries: org.apache.ratis.thirdparty.io.grpc.StatusRuntimeException: UNAVAILABLE: io exception
2019-10-02 11:20:32,611 [grpc-default-executor-8] INFO  impl.FollowerInfo (FollowerInfo.java:lambda$new$0(51)) - omNode-1@group-523986131536->omNode-2: nextIndex: updateUnconditionally 50 -> 45
2019-10-02 11:20:32,611 [omNode-1@group-523986131536-StateMachineUpdater] INFO  ratis.OzoneManagerStateMachine (OzoneManagerStateMachine.java:takeSnapshot(254)) - Saving Ratis snapshot on the OM.
2019-10-02 11:20:32,612 [grpc-default-executor-4] WARN  server.GrpcLogAppender (LogUtils.java:warn(134)) - omNode-1@group-523986131536->omNode-2-AppendLogResponseHandler: Failed appendEntries: org.apache.ratis.thirdparty.io.grpc.StatusRuntimeException: UNAVAILABLE: io exception
2019-10-02 11:20:32,612 [omNode-1@group-523986131536-StateMachineUpdater] INFO  ratis.OMRatisSnapshotInfo (OMRatisSnapshotInfo.java:saveRatisSnapshotToDisk(107)) - Saved Ratis Snapshot on the OM with snapshotIndex 49
2019-10-02 11:20:32,612 [grpc-default-executor-4] INFO  impl.FollowerInfo (FollowerInfo.java:lambda$new$0(51)) - omNode-1@group-523986131536->omNode-2: nextIndex: updateUnconditionally 51 -> 45
2019-10-02 11:20:32,612 [omNode-1@group-523986131536-StateMachineUpdater] INFO  impl.StateMachineUpdater (StateMachineUpdater.java:takeSnapshot(269)) - omNode-1@group-523986131536-StateMachineUpdater: Took a snapshot at index 49
2019-10-02 11:20:32,613 [omNode-1@group-523986131536-StateMachineUpdater] INFO  impl.StateMachineUpdater (StateMachineUpdater.java:lambda$new$0(84)) - omNode-1@group-523986131536-StateMachineUpdater: snapshotIndex: updateIncreasingly -1 -> 49
2019-10-02 11:20:32,620 [grpc-default-executor-7] WARN  server.GrpcLogAppender (LogUtils.java:warn(134)) - omNode-1@group-523986131536->omNode-2-AppendLogResponseHandler: Failed appendEntries: org.apache.ratis.thirdparty.io.grpc.StatusRuntimeException: UNAVAILABLE: io exception
2019-10-02 11:20:32,620 [grpc-default-executor-7] INFO  impl.FollowerInfo (FollowerInfo.java:lambda$new$0(51)) - omNode-1@group-523986131536->omNode-2: nextIndex: updateUnconditionally 52 -> 45
2019-10-02 11:20:32,623 [omNode-3@group-523986131536-StateMachineUpdater] INFO  ratis.OzoneManagerStateMachine (OzoneManagerStateMachine.java:takeSnapshot(254)) - Saving Ratis snapshot on the OM.
2019-10-02 11:20:32,624 [omNode-3@group-523986131536-StateMachineUpdater] INFO  ratis.OMRatisSnapshotInfo (OMRatisSnapshotInfo.java:saveRatisSnapshotToDisk(107)) - Saved Ratis Snapshot on the OM with snapshotIndex 49
2019-10-02 11:20:32,624 [omNode-3@group-523986131536-StateMachineUpdater] INFO  impl.StateMachineUpdater (StateMachineUpdater.java:takeSnapshot(269)) - omNode-3@group-523986131536-StateMachineUpdater: Took a snapshot at index 49
2019-10-02 11:20:32,624 [omNode-3@group-523986131536-StateMachineUpdater] INFO  impl.StateMachineUpdater (StateMachineUpdater.java:lambda$new$0(84)) - omNode-3@group-523986131536-StateMachineUpdater: snapshotIndex: updateIncreasingly -1 -> 49
2019-10-02 11:20:32,625 [grpc-default-executor-4] WARN  server.GrpcLogAppender (LogUtils.java:warn(134)) - omNode-1@group-523986131536->omNode-2-AppendLogResponseHandler: Failed appendEntries: org.apache.ratis.thirdparty.io.grpc.StatusRuntimeException: UNAVAILABLE: io exception
2019-10-02 11:20:32,625 [grpc-default-executor-4] INFO  impl.FollowerInfo (FollowerInfo.java:lambda$new$0(51)) - omNode-1@group-523986131536->omNode-2: nextIndex: updateUnconditionally 52 -> 45
2019-10-02 11:20:32,629 [grpc-default-executor-8] WARN  server.GrpcLogAppender (LogUtils.java:warn(134)) - omNode-1@group-523986131536->omNode-2-AppendLogResponseHandler: Failed appendEntries: org.apache.ratis.thirdparty.io.grpc.StatusRuntimeException: UNAVAILABLE: io exception
2019-10-02 11:20:32,629 [grpc-default-executor-8] INFO  impl.FollowerInfo (FollowerInfo.java:lambda$new$0(51)) - omNode-1@group-523986131536->omNode-2: nextIndex: updateUnconditionally 54 -> 45
2019-10-02 11:20:32,639 [grpc-default-executor-9] WARN  server.GrpcLogAppender (LogUtils.java:warn(134)) - omNode-1@group-523986131536->omNode-2-AppendLogResponseHandler: Failed appendEntries: org.apache.ratis.thirdparty.io.grpc.StatusRuntimeException: UNAVAILABLE: io exception
2019-10-02 11:20:32,639 [grpc-default-executor-9] INFO  impl.FollowerInfo (FollowerInfo.java:lambda$new$0(51)) - omNode-1@group-523986131536->omNode-2: nextIndex: updateUnconditionally 54 -> 45
2019-10-02 11:20:32,651 [grpc-default-executor-4] WARN  server.GrpcLogAppender (LogUtils.java:warn(134)) - omNode-1@group-523986131536->omNode-2-AppendLogResponseHandler: Failed appendEntries: org.apache.ratis.thirdparty.io.grpc.StatusRuntimeException: UNAVAILABLE: io exception
2019-10-02 11:20:32,651 [grpc-default-executor-4] INFO  impl.FollowerInfo (FollowerInfo.java:lambda$new$0(51)) - omNode-1@group-523986131536->omNode-2: nextIndex: updateUnconditionally 56 -> 45
2019-10-02 11:20:32,653 [grpc-default-executor-7] WARN  server.GrpcLogAppender (LogUtils.java:warn(134)) - omNode-1@group-523986131536->omNode-2-AppendLogResponseHandler: Failed appendEntries: org.apache.ratis.thirdparty.io.grpc.StatusRuntimeException: UNAVAILABLE: io exception
2019-10-02 11:20:32,653 [grpc-default-executor-7] INFO  impl.FollowerInfo (FollowerInfo.java:lambda$new$0(51)) - omNode-1@group-523986131536->omNode-2: nextIndex: updateUnconditionally 57 -> 45
2019-10-02 11:20:32,656 [grpc-default-executor-4] WARN  server.GrpcLogAppender (LogUtils.java:warn(134)) - omNode-1@group-523986131536->omNode-2-AppendLogResponseHandler: Failed appendEntries: org.apache.ratis.thirdparty.io.grpc.StatusRuntimeException: UNAVAILABLE: io exception
2019-10-02 11:20:32,657 [grpc-default-executor-4] INFO  impl.FollowerInfo (FollowerInfo.java:lambda$new$0(51)) - omNode-1@group-523986131536->omNode-2: nextIndex: updateUnconditionally 58 -> 45
2019-10-02 11:20:32,666 [grpc-default-executor-7] WARN  server.GrpcLogAppender (LogUtils.java:warn(134)) - omNode-1@group-523986131536->omNode-2-AppendLogResponseHandler: Failed appendEntries: org.apache.ratis.thirdparty.io.grpc.StatusRuntimeException: UNAVAILABLE: io exception
2019-10-02 11:20:32,666 [grpc-default-executor-7] INFO  impl.FollowerInfo (FollowerInfo.java:lambda$new$0(51)) - omNode-1@group-523986131536->omNode-2: nextIndex: updateUnconditionally 58 -> 45
2019-10-02 11:20:32,673 [grpc-default-executor-4] WARN  server.GrpcLogAppender (LogUtils.java:warn(134)) - omNode-1@group-523986131536->omNode-2-AppendLogResponseHandler: Failed appendEntries: org.apache.ratis.thirdparty.io.grpc.StatusRuntimeException: UNAVAILABLE: io exception
2019-10-02 11:20:32,674 [grpc-default-executor-4] INFO  impl.FollowerInfo (FollowerInfo.java:lambda$new$0(51)) - omNode-1@group-523986131536->omNode-2: nextIndex: updateUnconditionally 60 -> 45
2019-10-02 11:20:32,679 [grpc-default-executor-7] WARN  server.GrpcLogAppender (LogUtils.java:warn(134)) - omNode-1@group-523986131536->omNode-2-AppendLogResponseHandler: Failed appendEntries: org.apache.ratis.thirdparty.io.grpc.StatusRuntimeException: UNAVAILABLE: io exception
2019-10-02 11:20:32,679 [grpc-default-executor-7] INFO  impl.FollowerInfo (FollowerInfo.java:lambda$new$0(51)) - omNode-1@group-523986131536->omNode-2: nextIndex: updateUnconditionally 60 -> 45
2019-10-02 11:20:32,680 [grpc-default-executor-4] WARN  server.GrpcLogAppender (LogUtils.java:warn(134)) - omNode-1@group-523986131536->omNode-2-AppendLogResponseHandler: Failed appendEntries: org.apache.ratis.thirdparty.io.grpc.StatusRuntimeException: UNAVAILABLE: io exception
2019-10-02 11:20:32,680 [grpc-default-executor-4] INFO  impl.FollowerInfo (FollowerInfo.java:lambda$new$0(51)) - omNode-1@group-523986131536->omNode-2: nextIndex: updateUnconditionally 61 -> 45
2019-10-02 11:20:32,683 [grpc-default-executor-7] WARN  server.GrpcLogAppender (LogUtils.java:warn(134)) - omNode-1@group-523986131536->omNode-2-AppendLogResponseHandler: Failed appendEntries: org.apache.ratis.thirdparty.io.grpc.StatusRuntimeException: UNAVAILABLE: io exception
2019-10-02 11:20:32,684 [grpc-default-executor-7] INFO  impl.FollowerInfo (FollowerInfo.java:lambda$new$0(51)) - omNode-1@group-523986131536->omNode-2: nextIndex: updateUnconditionally 62 -> 45
2019-10-02 11:20:32,693 [grpc-default-executor-9] WARN  server.GrpcLogAppender (LogUtils.java:warn(134)) - omNode-1@group-523986131536->omNode-2-AppendLogResponseHandler: Failed appendEntries: org.apache.ratis.thirdparty.io.grpc.StatusRuntimeException: UNAVAILABLE: io exception
2019-10-02 11:20:32,693 [grpc-default-executor-9] INFO  impl.FollowerInfo (FollowerInfo.java:lambda$new$0(51)) - omNode-1@group-523986131536->omNode-2: nextIndex: updateUnconditionally 62 -> 45
2019-10-02 11:20:32,701 [grpc-default-executor-4] WARN  server.GrpcLogAppender (LogUtils.java:warn(134)) - omNode-1@group-523986131536->omNode-2-AppendLogResponseHandler: Failed appendEntries: org.apache.ratis.thirdparty.io.grpc.StatusRuntimeException: UNAVAILABLE: io exception
2019-10-02 11:20:32,701 [grpc-default-executor-4] INFO  impl.FollowerInfo (FollowerInfo.java:lambda$new$0(51)) - omNode-1@group-523986131536->omNode-2: nextIndex: updateUnconditionally 64 -> 45
2019-10-02 11:20:32,706 [grpc-default-executor-7] WARN  server.GrpcLogAppender (LogUtils.java:warn(134)) - omNode-1@group-523986131536->omNode-2-AppendLogResponseHandler: Failed appendEntries: org.apache.ratis.thirdparty.io.grpc.StatusRuntimeException: UNAVAILABLE: io exception
2019-10-02 11:20:32,706 [grpc-default-executor-7] INFO  impl.FollowerInfo (FollowerInfo.java:lambda$new$0(51)) - omNode-1@group-523986131536->omNode-2: nextIndex: updateUnconditionally 64 -> 45
2019-10-02 11:20:32,710 [grpc-default-executor-9] WARN  server.GrpcLogAppender (LogUtils.java:warn(134)) - omNode-1@group-523986131536->omNode-2-AppendLogResponseHandler: Failed appendEntries: org.apache.ratis.thirdparty.io.grpc.StatusRuntimeException: UNAVAILABLE: io exception
2019-10-02 11:20:32,710 [grpc-default-executor-9] INFO  impl.FollowerInfo (FollowerInfo.java:lambda$new$0(51)) - omNode-1@group-523986131536->omNode-2: nextIndex: updateUnconditionally 65 -> 45
2019-10-02 11:20:32,713 [grpc-default-executor-7] WARN  server.GrpcLogAppender (LogUtils.java:warn(134)) - omNode-1@group-523986131536->omNode-2-AppendLogResponseHandler: Failed appendEntries: org.apache.ratis.thirdparty.io.grpc.StatusRuntimeException: UNAVAILABLE: io exception
2019-10-02 11:20:32,713 [grpc-default-executor-7] INFO  impl.FollowerInfo (FollowerInfo.java:lambda$new$0(51)) - omNode-1@group-523986131536->omNode-2: nextIndex: updateUnconditionally 67 -> 45
2019-10-02 11:20:32,716 [grpc-default-executor-7] WARN  server.GrpcLogAppender (LogUtils.java:warn(134)) - omNode-1@group-523986131536->omNode-2-AppendLogResponseHandler: Failed appendEntries: org.apache.ratis.thirdparty.io.grpc.StatusRuntimeException: UNAVAILABLE: io exception
2019-10-02 11:20:32,716 [grpc-default-executor-7] INFO  impl.FollowerInfo (FollowerInfo.java:lambda$new$0(51)) - omNode-1@group-523986131536->omNode-2: nextIndex: updateUnconditionally 67 -> 45
2019-10-02 11:20:32,721 [grpc-default-executor-9] WARN  server.GrpcLogAppender (LogUtils.java:warn(134)) - omNode-1@group-523986131536->omNode-2-AppendLogResponseHandler: Failed appendEntries: org.apache.ratis.thirdparty.io.grpc.StatusRuntimeException: UNAVAILABLE: io exception
2019-10-02 11:20:32,721 [grpc-default-executor-9] INFO  impl.FollowerInfo (FollowerInfo.java:lambda$new$0(51)) - omNode-1@group-523986131536->omNode-2: nextIndex: updateUnconditionally 68 -> 45
2019-10-02 11:20:32,723 [grpc-default-executor-4] WARN  server.GrpcLogAppender (LogUtils.java:warn(134)) - omNode-1@group-523986131536->omNode-2-AppendLogResponseHandler: Failed appendEntries: org.apache.ratis.thirdparty.io.grpc.StatusRuntimeException: UNAVAILABLE: io exception
2019-10-02 11:20:32,724 [grpc-default-executor-4] INFO  impl.FollowerInfo (FollowerInfo.java:lambda$new$0(51)) - omNode-1@group-523986131536->omNode-2: nextIndex: updateUnconditionally 69 -> 45
2019-10-02 11:20:32,726 [grpc-default-executor-7] WARN  server.GrpcLogAppender (LogUtils.java:warn(134)) - omNode-1@group-523986131536->omNode-2-AppendLogResponseHandler: Failed appendEntries: org.apache.ratis.thirdparty.io.grpc.StatusRuntimeException: UNAVAILABLE: io exception
2019-10-02 11:20:32,726 [grpc-default-executor-7] INFO  impl.FollowerInfo (FollowerInfo.java:lambda$new$0(51)) - omNode-1@group-523986131536->omNode-2: nextIndex: updateUnconditionally 69 -> 45
2019-10-02 11:20:32,730 [grpc-default-executor-9] WARN  server.GrpcLogAppender (LogUtils.java:warn(134)) - omNode-1@group-523986131536->omNode-2-AppendLogResponseHandler: Failed appendEntries: org.apache.ratis.thirdparty.io.grpc.StatusRuntimeException: UNAVAILABLE: io exception
2019-10-02 11:20:32,730 [grpc-default-executor-9] INFO  impl.FollowerInfo (FollowerInfo.java:lambda$new$0(51)) - omNode-1@group-523986131536->omNode-2: nextIndex: updateUnconditionally 71 -> 45
2019-10-02 11:20:32,732 [grpc-default-executor-8] WARN  server.GrpcLogAppender (LogUtils.java:warn(134)) - omNode-1@group-523986131536->omNode-2-AppendLogResponseHandler: Failed appendEntries: org.apache.ratis.thirdparty.io.grpc.StatusRuntimeException: UNAVAILABLE: io exception
2019-10-02 11:20:32,733 [grpc-default-executor-8] INFO  impl.FollowerInfo (FollowerInfo.java:lambda$new$0(51)) - omNode-1@group-523986131536->omNode-2: nextIndex: updateUnconditionally 71 -> 45
2019-10-02 11:20:32,736 [IPC Server handler 1 on 10428] INFO  segmented.SegmentedRaftLogWorker (SegmentedRaftLogWorker.java:rollLogSegment(390)) - omNode-1@group-523986131536-SegmentedRaftLogWorker: Rolling segment log-0_70 to index:70
2019-10-02 11:20:32,737 [omNode-1@group-523986131536-SegmentedRaftLogWorker] INFO  segmented.SegmentedRaftLogWorker (SegmentedRaftLogWorker.java:execute(531)) - omNode-1@group-523986131536-SegmentedRaftLogWorker: Rolled log segment from /workdir/hadoop-ozone/integration-test/target/test-dir/MiniOzoneClusterImpl-4fbee6c2-d92b-4186-98e8-d11e1b77f972/omNode-1/ratis/c9bc4cf4-3bc3-3c60-a66b-523986131536/current/log_inprogress_0 to /workdir/hadoop-ozone/integration-test/target/test-dir/MiniOzoneClusterImpl-4fbee6c2-d92b-4186-98e8-d11e1b77f972/omNode-1/ratis/c9bc4cf4-3bc3-3c60-a66b-523986131536/current/log_0-70
2019-10-02 11:20:32,737 [grpc-default-executor-8] INFO  segmented.SegmentedRaftLogWorker (SegmentedRaftLogWorker.java:rollLogSegment(390)) - omNode-3@group-523986131536-SegmentedRaftLogWorker: Rolling segment log-0_70 to index:70
2019-10-02 11:20:32,738 [omNode-3@group-523986131536-SegmentedRaftLogWorker] INFO  segmented.SegmentedRaftLogWorker (SegmentedRaftLogWorker.java:execute(531)) - omNode-3@group-523986131536-SegmentedRaftLogWorker: Rolled log segment from /workdir/hadoop-ozone/integration-test/target/test-dir/MiniOzoneClusterImpl-4fbee6c2-d92b-4186-98e8-d11e1b77f972/omNode-3/ratis/c9bc4cf4-3bc3-3c60-a66b-523986131536/current/log_inprogress_0 to /workdir/hadoop-ozone/integration-test/target/test-dir/MiniOzoneClusterImpl-4fbee6c2-d92b-4186-98e8-d11e1b77f972/omNode-3/ratis/c9bc4cf4-3bc3-3c60-a66b-523986131536/current/log_0-70
2019-10-02 11:20:32,742 [grpc-default-executor-4] WARN  server.GrpcLogAppender (LogUtils.java:warn(134)) - omNode-1@group-523986131536->omNode-2-AppendLogResponseHandler: Failed appendEntries: org.apache.ratis.thirdparty.io.grpc.StatusRuntimeException: UNAVAILABLE: io exception
2019-10-02 11:20:32,742 [grpc-default-executor-4] INFO  impl.FollowerInfo (FollowerInfo.java:lambda$new$0(51)) - omNode-1@group-523986131536->omNode-2: nextIndex: updateUnconditionally 72 -> 45
2019-10-02 11:20:32,764 [omNode-1@group-523986131536-SegmentedRaftLogWorker] INFO  segmented.SegmentedRaftLogWorker (SegmentedRaftLogWorker.java:execute(574)) - omNode-1@group-523986131536-SegmentedRaftLogWorker: created new log segment /workdir/hadoop-ozone/integration-test/target/test-dir/MiniOzoneClusterImpl-4fbee6c2-d92b-4186-98e8-d11e1b77f972/omNode-1/ratis/c9bc4cf4-3bc3-3c60-a66b-523986131536/current/log_inprogress_71
2019-10-02 11:20:32,796 [omNode-3@group-523986131536-SegmentedRaftLogWorker] INFO  segmented.SegmentedRaftLogWorker (SegmentedRaftLogWorker.java:execute(574)) - omNode-3@group-523986131536-SegmentedRaftLogWorker: created new log segment /workdir/hadoop-ozone/integration-test/target/test-dir/MiniOzoneClusterImpl-4fbee6c2-d92b-4186-98e8-d11e1b77f972/omNode-3/ratis/c9bc4cf4-3bc3-3c60-a66b-523986131536/current/log_inprogress_71
2019-10-02 11:20:32,801 [grpc-default-executor-4] WARN  server.GrpcLogAppender (LogUtils.java:warn(134)) - omNode-1@group-523986131536->omNode-2-AppendLogResponseHandler: Failed appendEntries: org.apache.ratis.thirdparty.io.grpc.StatusRuntimeException: UNAVAILABLE: io exception
2019-10-02 11:20:32,802 [grpc-default-executor-4] INFO  impl.FollowerInfo (FollowerInfo.java:lambda$new$0(51)) - omNode-1@group-523986131536->omNode-2: nextIndex: updateUnconditionally 73 -> 45
2019-10-02 11:20:32,806 [grpc-default-executor-8] WARN  server.GrpcLogAppender (LogUtils.java:warn(134)) - omNode-1@group-523986131536->omNode-2-AppendLogResponseHandler: Failed appendEntries: org.apache.ratis.thirdparty.io.grpc.StatusRuntimeException: UNAVAILABLE: io exception
2019-10-02 11:20:32,806 [grpc-default-executor-8] INFO  impl.FollowerInfo (FollowerInfo.java:lambda$new$0(51)) - omNode-1@group-523986131536->omNode-2: nextIndex: updateUnconditionally 74 -> 45
2019-10-02 11:20:32,821 [grpc-default-executor-4] WARN  server.GrpcLogAppender (LogUtils.java:warn(134)) - omNode-1@group-523986131536->omNode-2-AppendLogResponseHandler: Failed appendEntries: org.apache.ratis.thirdparty.io.grpc.StatusRuntimeException: UNAVAILABLE: io exception
2019-10-02 11:20:32,821 [grpc-default-executor-4] INFO  impl.FollowerInfo (FollowerInfo.java:lambda$new$0(51)) - omNode-1@group-523986131536->omNode-2: nextIndex: updateUnconditionally 74 -> 45
2019-10-02 11:20:32,835 [grpc-default-executor-4] WARN  server.GrpcLogAppender (LogUtils.java:warn(134)) - omNode-1@group-523986131536->omNode-2-AppendLogResponseHandler: Failed appendEntries: org.apache.ratis.thirdparty.io.grpc.StatusRuntimeException: UNAVAILABLE: io exception
2019-10-02 11:20:32,836 [grpc-default-executor-4] INFO  impl.FollowerInfo (FollowerInfo.java:lambda$new$0(51)) - omNode-1@group-523986131536->omNode-2: nextIndex: updateUnconditionally 75 -> 45
2019-10-02 11:20:32,840 [grpc-default-executor-8] WARN  server.GrpcLogAppender (LogUtils.java:warn(134)) - omNode-1@group-523986131536->omNode-2-AppendLogResponseHandler: Failed appendEntries: org.apache.ratis.thirdparty.io.grpc.StatusRuntimeException: UNAVAILABLE: io exception
2019-10-02 11:20:32,840 [grpc-default-executor-8] INFO  impl.FollowerInfo (FollowerInfo.java:lambda$new$0(51)) - omNode-1@group-523986131536->omNode-2: nextIndex: updateUnconditionally 76 -> 45
2019-10-02 11:20:32,851 [grpc-default-executor-9] WARN  server.GrpcLogAppender (LogUtils.java:warn(134)) - omNode-1@group-523986131536->omNode-2-AppendLogResponseHandler: Failed appendEntries: org.apache.ratis.thirdparty.io.grpc.StatusRuntimeException: UNAVAILABLE: io exception
2019-10-02 11:20:32,851 [grpc-default-executor-9] INFO  impl.FollowerInfo (FollowerInfo.java:lambda$new$0(51)) - omNode-1@group-523986131536->omNode-2: nextIndex: updateUnconditionally 77 -> 45
2019-10-02 11:20:32,855 [grpc-default-executor-8] WARN  server.GrpcLogAppender (LogUtils.java:warn(134)) - omNode-1@group-523986131536->omNode-2-AppendLogResponseHandler: Failed appendEntries: org.apache.ratis.thirdparty.io.grpc.StatusRuntimeException: UNAVAILABLE: io exception
2019-10-02 11:20:32,856 [grpc-default-executor-8] INFO  impl.FollowerInfo (FollowerInfo.java:lambda$new$0(51)) - omNode-1@group-523986131536->omNode-2: nextIndex: updateUnconditionally 78 -> 45
2019-10-02 11:20:32,863 [grpc-default-executor-9] WARN  server.GrpcLogAppender (LogUtils.java:warn(134)) - omNode-1@group-523986131536->omNode-2-AppendLogResponseHandler: Failed appendEntries: org.apache.ratis.thirdparty.io.grpc.StatusRuntimeException: UNAVAILABLE: io exception
2019-10-02 11:20:32,863 [grpc-default-executor-9] INFO  impl.FollowerInfo (FollowerInfo.java:lambda$new$0(51)) - omNode-1@group-523986131536->omNode-2: nextIndex: updateUnconditionally 78 -> 45
2019-10-02 11:20:32,873 [grpc-default-executor-8] WARN  server.GrpcLogAppender (LogUtils.java:warn(134)) - omNode-1@group-523986131536->omNode-2-AppendLogResponseHandler: Failed appendEntries: org.apache.ratis.thirdparty.io.grpc.StatusRuntimeException: UNAVAILABLE: io exception
2019-10-02 11:20:32,873 [grpc-default-executor-8] INFO  impl.FollowerInfo (FollowerInfo.java:lambda$new$0(51)) - omNode-1@group-523986131536->omNode-2: nextIndex: updateUnconditionally 80 -> 45
2019-10-02 11:20:32,876 [grpc-default-executor-4] WARN  server.GrpcLogAppender (LogUtils.java:warn(134)) - omNode-1@group-523986131536->omNode-2-AppendLogResponseHandler: Failed appendEntries: org.apache.ratis.thirdparty.io.grpc.StatusRuntimeException: UNAVAILABLE: io exception
2019-10-02 11:20:32,876 [grpc-default-executor-4] INFO  impl.FollowerInfo (FollowerInfo.java:lambda$new$0(51)) - omNode-1@group-523986131536->omNode-2: nextIndex: updateUnconditionally 80 -> 45
2019-10-02 11:20:32,881 [grpc-default-executor-8] WARN  server.GrpcLogAppender (LogUtils.java:warn(134)) - omNode-1@group-523986131536->omNode-2-AppendLogResponseHandler: Failed appendEntries: org.apache.ratis.thirdparty.io.grpc.StatusRuntimeException: UNAVAILABLE: io exception
2019-10-02 11:20:32,881 [grpc-default-executor-8] INFO  impl.FollowerInfo (FollowerInfo.java:lambda$new$0(51)) - omNode-1@group-523986131536->omNode-2: nextIndex: updateUnconditionally 82 -> 45
2019-10-02 11:20:32,890 [grpc-default-executor-7] WARN  server.GrpcLogAppender (LogUtils.java:warn(134)) - omNode-1@group-523986131536->omNode-2-AppendLogResponseHandler: Failed appendEntries: org.apache.ratis.thirdparty.io.grpc.StatusRuntimeException: UNAVAILABLE: io exception
2019-10-02 11:20:32,890 [grpc-default-executor-7] INFO  impl.FollowerInfo (FollowerInfo.java:lambda$new$0(51)) - omNode-1@group-523986131536->omNode-2: nextIndex: updateUnconditionally 82 -> 45
2019-10-02 11:20:32,898 [grpc-default-executor-7] WARN  server.GrpcLogAppender (LogUtils.java:warn(134)) - omNode-1@group-523986131536->omNode-2-AppendLogResponseHandler: Failed appendEntries: org.apache.ratis.thirdparty.io.grpc.StatusRuntimeException: UNAVAILABLE: io exception
2019-10-02 11:20:32,899 [grpc-default-executor-7] INFO  impl.FollowerInfo (FollowerInfo.java:lambda$new$0(51)) - omNode-1@group-523986131536->omNode-2: nextIndex: updateUnconditionally 84 -> 45
2019-10-02 11:20:32,902 [grpc-default-executor-7] WARN  server.GrpcLogAppender (LogUtils.java:warn(134)) - omNode-1@group-523986131536->omNode-2-AppendLogResponseHandler: Failed appendEntries: org.apache.ratis.thirdparty.io.grpc.StatusRuntimeException: UNAVAILABLE: io exception
2019-10-02 11:20:32,903 [grpc-default-executor-7] INFO  impl.FollowerInfo (FollowerInfo.java:lambda$new$0(51)) - omNode-1@group-523986131536->omNode-2: nextIndex: updateUnconditionally 84 -> 45
2019-10-02 11:20:32,904 [grpc-default-executor-8] WARN  server.GrpcLogAppender (LogUtils.java:warn(134)) - omNode-1@group-523986131536->omNode-2-AppendLogResponseHandler: Failed appendEntries: org.apache.ratis.thirdparty.io.grpc.StatusRuntimeException: UNAVAILABLE: io exception
2019-10-02 11:20:32,904 [grpc-default-executor-8] INFO  impl.FollowerInfo (FollowerInfo.java:lambda$new$0(51)) - omNode-1@group-523986131536->omNode-2: nextIndex: updateUnconditionally 85 -> 45
2019-10-02 11:20:32,907 [grpc-default-executor-7] WARN  server.GrpcLogAppender (LogUtils.java:warn(134)) - omNode-1@group-523986131536->omNode-2-AppendLogResponseHandler: Failed appendEntries: org.apache.ratis.thirdparty.io.grpc.StatusRuntimeException: UNAVAILABLE: io exception
2019-10-02 11:20:32,907 [grpc-default-executor-7] INFO  impl.FollowerInfo (FollowerInfo.java:lambda$new$0(51)) - omNode-1@group-523986131536->omNode-2: nextIndex: updateUnconditionally 86 -> 45
2019-10-02 11:20:32,916 [grpc-default-executor-8] WARN  server.GrpcLogAppender (LogUtils.java:warn(134)) - omNode-1@group-523986131536->omNode-2-AppendLogResponseHandler: Failed appendEntries: org.apache.ratis.thirdparty.io.grpc.StatusRuntimeException: UNAVAILABLE: io exception
2019-10-02 11:20:32,916 [grpc-default-executor-8] INFO  impl.FollowerInfo (FollowerInfo.java:lambda$new$0(51)) - omNode-1@group-523986131536->omNode-2: nextIndex: updateUnconditionally 86 -> 45
2019-10-02 11:20:32,924 [grpc-default-executor-9] WARN  server.GrpcLogAppender (LogUtils.java:warn(134)) - omNode-1@group-523986131536->omNode-2-AppendLogResponseHandler: Failed appendEntries: org.apache.ratis.thirdparty.io.grpc.StatusRuntimeException: UNAVAILABLE: io exception
2019-10-02 11:20:32,925 [grpc-default-executor-9] INFO  impl.FollowerInfo (FollowerInfo.java:lambda$new$0(51)) - omNode-1@group-523986131536->omNode-2: nextIndex: updateUnconditionally 88 -> 45
2019-10-02 11:20:32,929 [grpc-default-executor-8] WARN  server.GrpcLogAppender (LogUtils.java:warn(134)) - omNode-1@group-523986131536->omNode-2-AppendLogResponseHandler: Failed appendEntries: org.apache.ratis.thirdparty.io.grpc.StatusRuntimeException: UNAVAILABLE: io exception
2019-10-02 11:20:32,930 [grpc-default-executor-8] INFO  impl.FollowerInfo (FollowerInfo.java:lambda$new$0(51)) - omNode-1@group-523986131536->omNode-2: nextIndex: updateUnconditionally 88 -> 45
2019-10-02 11:20:32,934 [grpc-default-executor-7] WARN  server.GrpcLogAppender (LogUtils.java:warn(134)) - omNode-1@group-523986131536->omNode-2-AppendLogResponseHandler: Failed appendEntries: org.apache.ratis.thirdparty.io.grpc.StatusRuntimeException: UNAVAILABLE: io exception
2019-10-02 11:20:32,934 [grpc-default-executor-7] INFO  impl.FollowerInfo (FollowerInfo.java:lambda$new$0(51)) - omNode-1@group-523986131536->omNode-2: nextIndex: updateUnconditionally 90 -> 45
2019-10-02 11:20:32,942 [grpc-default-executor-9] WARN  server.GrpcLogAppender (LogUtils.java:warn(134)) - omNode-1@group-523986131536->omNode-2-AppendLogResponseHandler: Failed appendEntries: org.apache.ratis.thirdparty.io.grpc.StatusRuntimeException: UNAVAILABLE: io exception
2019-10-02 11:20:32,943 [grpc-default-executor-9] INFO  impl.FollowerInfo (FollowerInfo.java:lambda$new$0(51)) - omNode-1@group-523986131536->omNode-2: nextIndex: updateUnconditionally 90 -> 45
2019-10-02 11:20:32,956 [grpc-default-executor-8] WARN  server.GrpcLogAppender (LogUtils.java:warn(134)) - omNode-1@group-523986131536->omNode-2-AppendLogResponseHandler: Failed appendEntries: org.apache.ratis.thirdparty.io.grpc.StatusRuntimeException: UNAVAILABLE: io exception
2019-10-02 11:20:32,956 [grpc-default-executor-8] INFO  impl.FollowerInfo (FollowerInfo.java:lambda$new$0(51)) - omNode-1@group-523986131536->omNode-2: nextIndex: updateUnconditionally 91 -> 45
2019-10-02 11:20:32,968 [grpc-default-executor-9] WARN  server.GrpcLogAppender (LogUtils.java:warn(134)) - omNode-1@group-523986131536->omNode-2-AppendLogResponseHandler: Failed appendEntries: org.apache.ratis.thirdparty.io.grpc.StatusRuntimeException: UNAVAILABLE: io exception
2019-10-02 11:20:32,968 [grpc-default-executor-9] INFO  impl.FollowerInfo (FollowerInfo.java:lambda$new$0(51)) - omNode-1@group-523986131536->omNode-2: nextIndex: updateUnconditionally 93 -> 45
2019-10-02 11:20:32,972 [grpc-default-executor-7] WARN  server.GrpcLogAppender (LogUtils.java:warn(134)) - omNode-1@group-523986131536->omNode-2-AppendLogResponseHandler: Failed appendEntries: org.apache.ratis.thirdparty.io.grpc.StatusRuntimeException: UNAVAILABLE: io exception
2019-10-02 11:20:32,973 [grpc-default-executor-7] INFO  impl.FollowerInfo (FollowerInfo.java:lambda$new$0(51)) - omNode-1@group-523986131536->omNode-2: nextIndex: updateUnconditionally 94 -> 45
2019-10-02 11:20:32,980 [grpc-default-executor-8] WARN  server.GrpcLogAppender (LogUtils.java:warn(134)) - omNode-1@group-523986131536->omNode-2-AppendLogResponseHandler: Failed appendEntries: org.apache.ratis.thirdparty.io.grpc.StatusRuntimeException: UNAVAILABLE: io exception
2019-10-02 11:20:32,981 [grpc-default-executor-8] INFO  impl.FollowerInfo (FollowerInfo.java:lambda$new$0(51)) - omNode-1@group-523986131536->omNode-2: nextIndex: updateUnconditionally 94 -> 45
2019-10-02 11:20:32,982 [grpc-default-executor-9] WARN  server.GrpcLogAppender (LogUtils.java:warn(134)) - omNode-1@group-523986131536->omNode-2-AppendLogResponseHandler: Failed appendEntries: org.apache.ratis.thirdparty.io.grpc.StatusRuntimeException: UNAVAILABLE: io exception
2019-10-02 11:20:32,982 [grpc-default-executor-9] INFO  impl.FollowerInfo (FollowerInfo.java:lambda$new$0(51)) - omNode-1@group-523986131536->omNode-2: nextIndex: updateUnconditionally 95 -> 45
2019-10-02 11:20:32,988 [grpc-default-executor-8] WARN  server.GrpcLogAppender (LogUtils.java:warn(134)) - omNode-1@group-523986131536->omNode-2-AppendLogResponseHandler: Failed appendEntries: org.apache.ratis.thirdparty.io.grpc.StatusRuntimeException: UNAVAILABLE: io exception
2019-10-02 11:20:32,988 [grpc-default-executor-8] INFO  impl.FollowerInfo (FollowerInfo.java:lambda$new$0(51)) - omNode-1@group-523986131536->omNode-2: nextIndex: updateUnconditionally 95 -> 45
2019-10-02 11:20:32,992 [grpc-default-executor-9] WARN  server.GrpcLogAppender (LogUtils.java:warn(134)) - omNode-1@group-523986131536->omNode-2-AppendLogResponseHandler: Failed appendEntries: org.apache.ratis.thirdparty.io.grpc.StatusRuntimeException: UNAVAILABLE: io exception
2019-10-02 11:20:32,993 [grpc-default-executor-9] INFO  impl.FollowerInfo (FollowerInfo.java:lambda$new$0(51)) - omNode-1@group-523986131536->omNode-2: nextIndex: updateUnconditionally 96 -> 45
2019-10-02 11:20:32,995 [grpc-default-executor-8] WARN  server.GrpcLogAppender (LogUtils.java:warn(134)) - omNode-1@group-523986131536->omNode-2-AppendLogResponseHandler: Failed appendEntries: org.apache.ratis.thirdparty.io.grpc.StatusRuntimeException: UNAVAILABLE: io exception
2019-10-02 11:20:32,995 [grpc-default-executor-8] INFO  impl.FollowerInfo (FollowerInfo.java:lambda$new$0(51)) - omNode-1@group-523986131536->omNode-2: nextIndex: updateUnconditionally 97 -> 45
2019-10-02 11:20:32,998 [grpc-default-executor-8] WARN  server.GrpcLogAppender (LogUtils.java:warn(134)) - omNode-1@group-523986131536->omNode-2-AppendLogResponseHandler: Failed appendEntries: org.apache.ratis.thirdparty.io.grpc.StatusRuntimeException: UNAVAILABLE: io exception
2019-10-02 11:20:32,998 [grpc-default-executor-8] INFO  impl.FollowerInfo (FollowerInfo.java:lambda$new$0(51)) - omNode-1@group-523986131536->omNode-2: nextIndex: updateUnconditionally 97 -> 45
2019-10-02 11:20:33,001 [grpc-default-executor-7] WARN  server.GrpcLogAppender (LogUtils.java:warn(134)) - omNode-1@group-523986131536->omNode-2-AppendLogResponseHandler: Failed appendEntries: org.apache.ratis.thirdparty.io.grpc.StatusRuntimeException: UNAVAILABLE: io exception
2019-10-02 11:20:33,002 [grpc-default-executor-7] INFO  impl.FollowerInfo (FollowerInfo.java:lambda$new$0(51)) - omNode-1@group-523986131536->omNode-2: nextIndex: updateUnconditionally 99 -> 45
2019-10-02 11:20:33,008 [grpc-default-executor-9] WARN  server.GrpcLogAppender (LogUtils.java:warn(134)) - omNode-1@group-523986131536->omNode-2-AppendLogResponseHandler: Failed appendEntries: org.apache.ratis.thirdparty.io.grpc.StatusRuntimeException: UNAVAILABLE: io exception
2019-10-02 11:20:33,008 [grpc-default-executor-9] INFO  impl.FollowerInfo (FollowerInfo.java:lambda$new$0(51)) - omNode-1@group-523986131536->omNode-2: nextIndex: updateUnconditionally 99 -> 45
2019-10-02 11:20:33,012 [grpc-default-executor-7] WARN  server.GrpcLogAppender (LogUtils.java:warn(134)) - omNode-1@group-523986131536->omNode-2-AppendLogResponseHandler: Failed appendEntries: org.apache.ratis.thirdparty.io.grpc.StatusRuntimeException: UNAVAILABLE: io exception
2019-10-02 11:20:33,013 [grpc-default-executor-7] INFO  impl.FollowerInfo (FollowerInfo.java:lambda$new$0(51)) - omNode-1@group-523986131536->omNode-2: nextIndex: updateUnconditionally 100 -> 45
2019-10-02 11:20:33,014 [omNode-1@group-523986131536-StateMachineUpdater] INFO  ratis.OzoneManagerStateMachine (OzoneManagerStateMachine.java:takeSnapshot(254)) - Saving Ratis snapshot on the OM.
2019-10-02 11:20:33,015 [grpc-default-executor-9] WARN  server.GrpcLogAppender (LogUtils.java:warn(134)) - omNode-1@group-523986131536->omNode-2-AppendLogResponseHandler: Failed appendEntries: org.apache.ratis.thirdparty.io.grpc.StatusRuntimeException: UNAVAILABLE: io exception
2019-10-02 11:20:33,015 [grpc-default-executor-9] INFO  impl.FollowerInfo (FollowerInfo.java:lambda$new$0(51)) - omNode-1@group-523986131536->omNode-2: nextIndex: updateUnconditionally 101 -> 45
2019-10-02 11:20:33,015 [omNode-1@group-523986131536-StateMachineUpdater] INFO  ratis.OMRatisSnapshotInfo (OMRatisSnapshotInfo.java:saveRatisSnapshotToDisk(107)) - Saved Ratis Snapshot on the OM with snapshotIndex 99
2019-10-02 11:20:33,015 [omNode-1@group-523986131536-StateMachineUpdater] INFO  impl.StateMachineUpdater (StateMachineUpdater.java:takeSnapshot(269)) - omNode-1@group-523986131536-StateMachineUpdater: Took a snapshot at index 99
2019-10-02 11:20:33,015 [omNode-1@group-523986131536-StateMachineUpdater] INFO  impl.StateMachineUpdater (StateMachineUpdater.java:lambda$new$0(84)) - omNode-1@group-523986131536-StateMachineUpdater: snapshotIndex: updateIncreasingly 49 -> 99
2019-10-02 11:20:33,016 [omNode-3@group-523986131536-StateMachineUpdater] INFO  ratis.OzoneManagerStateMachine (OzoneManagerStateMachine.java:takeSnapshot(254)) - Saving Ratis snapshot on the OM.
2019-10-02 11:20:33,017 [omNode-3@group-523986131536-StateMachineUpdater] INFO  ratis.OMRatisSnapshotInfo (OMRatisSnapshotInfo.java:saveRatisSnapshotToDisk(107)) - Saved Ratis Snapshot on the OM with snapshotIndex 99
2019-10-02 11:20:33,017 [omNode-3@group-523986131536-StateMachineUpdater] INFO  impl.StateMachineUpdater (StateMachineUpdater.java:takeSnapshot(269)) - omNode-3@group-523986131536-StateMachineUpdater: Took a snapshot at index 99
2019-10-02 11:20:33,017 [omNode-3@group-523986131536-StateMachineUpdater] INFO  impl.StateMachineUpdater (StateMachineUpdater.java:lambda$new$0(84)) - omNode-3@group-523986131536-StateMachineUpdater: snapshotIndex: updateIncreasingly 49 -> 99
2019-10-02 11:20:33,018 [grpc-default-executor-4] WARN  server.GrpcLogAppender (LogUtils.java:warn(134)) - omNode-1@group-523986131536->omNode-2-AppendLogResponseHandler: Failed appendEntries: org.apache.ratis.thirdparty.io.grpc.StatusRuntimeException: UNAVAILABLE: io exception
2019-10-02 11:20:33,018 [grpc-default-executor-4] INFO  impl.FollowerInfo (FollowerInfo.java:lambda$new$0(51)) - omNode-1@group-523986131536->omNode-2: nextIndex: updateUnconditionally 101 -> 45
2019-10-02 11:20:33,021 [grpc-default-executor-9] WARN  server.GrpcLogAppender (LogUtils.java:warn(134)) - omNode-1@group-523986131536->omNode-2-AppendLogResponseHandler: Failed appendEntries: org.apache.ratis.thirdparty.io.grpc.StatusRuntimeException: UNAVAILABLE: io exception
2019-10-02 11:20:33,021 [grpc-default-executor-9] INFO  impl.FollowerInfo (FollowerInfo.java:lambda$new$0(51)) - omNode-1@group-523986131536->omNode-2: nextIndex: updateUnconditionally 103 -> 45
2019-10-02 11:20:33,023 [grpc-default-executor-8] WARN  server.GrpcLogAppender (LogUtils.java:warn(134)) - omNode-1@group-523986131536->omNode-2-AppendLogResponseHandler: Failed appendEntries: org.apache.ratis.thirdparty.io.grpc.StatusRuntimeException: UNAVAILABLE: io exception
2019-10-02 11:20:33,023 [grpc-default-executor-8] INFO  impl.FollowerInfo (FollowerInfo.java:lambda$new$0(51)) - omNode-1@group-523986131536->omNode-2: nextIndex: updateUnconditionally 103 -> 45
2019-10-02 11:20:33,027 [grpc-default-executor-4] WARN  server.GrpcLogAppender (LogUtils.java:warn(134)) - omNode-1@group-523986131536->omNode-2-AppendLogResponseHandler: Failed appendEntries: org.apache.ratis.thirdparty.io.grpc.StatusRuntimeException: UNAVAILABLE: io exception
2019-10-02 11:20:33,027 [grpc-default-executor-4] INFO  impl.FollowerInfo (FollowerInfo.java:lambda$new$0(51)) - omNode-1@group-523986131536->omNode-2: nextIndex: updateUnconditionally 104 -> 45
2019-10-02 11:20:33,031 [grpc-default-executor-7] WARN  server.GrpcLogAppender (LogUtils.java:warn(134)) - omNode-1@group-523986131536->omNode-2-AppendLogResponseHandler: Failed appendEntries: org.apache.ratis.thirdparty.io.grpc.StatusRuntimeException: UNAVAILABLE: io exception
2019-10-02 11:20:33,032 [grpc-default-executor-7] INFO  impl.FollowerInfo (FollowerInfo.java:lambda$new$0(51)) - omNode-1@group-523986131536->omNode-2: nextIndex: updateUnconditionally 105 -> 45
2019-10-02 11:20:33,034 [grpc-default-executor-8] WARN  server.GrpcLogAppender (LogUtils.java:warn(134)) - omNode-1@group-523986131536->omNode-2-AppendLogResponseHandler: Failed appendEntries: org.apache.ratis.thirdparty.io.grpc.StatusRuntimeException: UNAVAILABLE: io exception
2019-10-02 11:20:33,034 [grpc-default-executor-8] INFO  impl.FollowerInfo (FollowerInfo.java:lambda$new$0(51)) - omNode-1@group-523986131536->omNode-2: nextIndex: updateUnconditionally 106 -> 45
2019-10-02 11:20:33,036 [grpc-default-executor-4] WARN  server.GrpcLogAppender (LogUtils.java:warn(134)) - omNode-1@group-523986131536->omNode-2-AppendLogResponseHandler: Failed appendEntries: org.apache.ratis.thirdparty.io.grpc.StatusRuntimeException: UNAVAILABLE: io exception
2019-10-02 11:20:33,036 [grpc-default-executor-4] INFO  impl.FollowerInfo (FollowerInfo.java:lambda$new$0(51)) - omNode-1@group-523986131536->omNode-2: nextIndex: updateUnconditionally 106 -> 45
2019-10-02 11:20:33,038 [grpc-default-executor-7] WARN  server.GrpcLogAppender (LogUtils.java:warn(134)) - omNode-1@group-523986131536->omNode-2-AppendLogResponseHandler: Failed appendEntries: org.apache.ratis.thirdparty.io.grpc.StatusRuntimeException: UNAVAILABLE: io exception
2019-10-02 11:20:33,038 [grpc-default-executor-7] INFO  impl.FollowerInfo (FollowerInfo.java:lambda$new$0(51)) - omNode-1@group-523986131536->omNode-2: nextIndex: updateUnconditionally 107 -> 45
2019-10-02 11:20:33,040 [grpc-default-executor-9] WARN  server.GrpcLogAppender (LogUtils.java:warn(134)) - omNode-1@group-523986131536->omNode-2-AppendLogResponseHandler: Failed appendEntries: org.apache.ratis.thirdparty.io.grpc.StatusRuntimeException: UNAVAILABLE: io exception
2019-10-02 11:20:33,040 [grpc-default-executor-9] INFO  impl.FollowerInfo (FollowerInfo.java:lambda$new$0(51)) - omNode-1@group-523986131536->omNode-2: nextIndex: updateUnconditionally 107 -> 45
2019-10-02 11:20:33,045 [grpc-default-executor-8] WARN  server.GrpcLogAppender (LogUtils.java:warn(134)) - omNode-1@group-523986131536->omNode-2-AppendLogResponseHandler: Failed appendEntries: org.apache.ratis.thirdparty.io.grpc.StatusRuntimeException: UNAVAILABLE: io exception
2019-10-02 11:20:33,046 [grpc-default-executor-8] INFO  impl.FollowerInfo (FollowerInfo.java:lambda$new$0(51)) - omNode-1@group-523986131536->omNode-2: nextIndex: updateUnconditionally 108 -> 45
2019-10-02 11:20:33,049 [grpc-default-executor-9] WARN  server.GrpcLogAppender (LogUtils.java:warn(134)) - omNode-1@group-523986131536->omNode-2-AppendLogResponseHandler: Failed appendEntries: org.apache.ratis.thirdparty.io.grpc.StatusRuntimeException: UNAVAILABLE: io exception
2019-10-02 11:20:33,049 [grpc-default-executor-9] INFO  impl.FollowerInfo (FollowerInfo.java:lambda$new$0(51)) - omNode-1@group-523986131536->omNode-2: nextIndex: updateUnconditionally 109 -> 45
2019-10-02 11:20:33,051 [grpc-default-executor-7] WARN  server.GrpcLogAppender (LogUtils.java:warn(134)) - omNode-1@group-523986131536->omNode-2-AppendLogResponseHandler: Failed appendEntries: org.apache.ratis.thirdparty.io.grpc.StatusRuntimeException: UNAVAILABLE: io exception
2019-10-02 11:20:33,052 [grpc-default-executor-7] INFO  impl.FollowerInfo (FollowerInfo.java:lambda$new$0(51)) - omNode-1@group-523986131536->omNode-2: nextIndex: updateUnconditionally 110 -> 45
2019-10-02 11:20:33,075 [grpc-default-executor-9] WARN  server.GrpcLogAppender (LogUtils.java:warn(134)) - omNode-1@group-523986131536->omNode-2-AppendLogResponseHandler: Failed appendEntries: org.apache.ratis.thirdparty.io.grpc.StatusRuntimeException: UNAVAILABLE: io exception
2019-10-02 11:20:33,076 [grpc-default-executor-9] INFO  impl.FollowerInfo (FollowerInfo.java:lambda$new$0(51)) - omNode-1@group-523986131536->omNode-2: nextIndex: updateUnconditionally 110 -> 45
2019-10-02 11:20:33,084 [grpc-default-executor-8] WARN  server.GrpcLogAppender (LogUtils.java:warn(134)) - omNode-1@group-523986131536->omNode-2-AppendLogResponseHandler: Failed appendEntries: org.apache.ratis.thirdparty.io.grpc.StatusRuntimeException: UNAVAILABLE: io exception
2019-10-02 11:20:33,085 [grpc-default-executor-8] INFO  impl.FollowerInfo (FollowerInfo.java:lambda$new$0(51)) - omNode-1@group-523986131536->omNode-2: nextIndex: updateUnconditionally 112 -> 45
2019-10-02 11:20:33,095 [grpc-default-executor-8] WARN  server.GrpcLogAppender (LogUtils.java:warn(134)) - omNode-1@group-523986131536->omNode-2-AppendLogResponseHandler: Failed appendEntries: org.apache.ratis.thirdparty.io.grpc.StatusRuntimeException: UNAVAILABLE: io exception
2019-10-02 11:20:33,096 [grpc-default-executor-8] INFO  impl.FollowerInfo (FollowerInfo.java:lambda$new$0(51)) - omNode-1@group-523986131536->omNode-2: nextIndex: updateUnconditionally 112 -> 45
2019-10-02 11:20:33,099 [grpc-default-executor-7] WARN  server.GrpcLogAppender (LogUtils.java:warn(134)) - omNode-1@group-523986131536->omNode-2-AppendLogResponseHandler: Failed appendEntries: org.apache.ratis.thirdparty.io.grpc.StatusRuntimeException: UNAVAILABLE: io exception
2019-10-02 11:20:33,100 [grpc-default-executor-7] INFO  impl.FollowerInfo (FollowerInfo.java:lambda$new$0(51)) - omNode-1@group-523986131536->omNode-2: nextIndex: updateUnconditionally 114 -> 45
2019-10-02 11:20:33,108 [grpc-default-executor-4] WARN  server.GrpcLogAppender (LogUtils.java:warn(134)) - omNode-1@group-523986131536->omNode-2-AppendLogResponseHandler: Failed appendEntries: org.apache.ratis.thirdparty.io.grpc.StatusRuntimeException: UNAVAILABLE: io exception
2019-10-02 11:20:33,109 [grpc-default-executor-4] INFO  impl.FollowerInfo (FollowerInfo.java:lambda$new$0(51)) - omNode-1@group-523986131536->omNode-2: nextIndex: updateUnconditionally 114 -> 45
2019-10-02 11:20:33,120 [grpc-default-executor-8] WARN  server.GrpcLogAppender (LogUtils.java:warn(134)) - omNode-1@group-523986131536->omNode-2-AppendLogResponseHandler: Failed appendEntries: org.apache.ratis.thirdparty.io.grpc.StatusRuntimeException: UNAVAILABLE: io exception
2019-10-02 11:20:33,120 [grpc-default-executor-8] INFO  impl.FollowerInfo (FollowerInfo.java:lambda$new$0(51)) - omNode-1@group-523986131536->omNode-2: nextIndex: updateUnconditionally 116 -> 45
2019-10-02 11:20:33,122 [grpc-default-executor-7] WARN  server.GrpcLogAppender (LogUtils.java:warn(134)) - omNode-1@group-523986131536->omNode-2-AppendLogResponseHandler: Failed appendEntries: org.apache.ratis.thirdparty.io.grpc.StatusRuntimeException: UNAVAILABLE: io exception
2019-10-02 11:20:33,122 [grpc-default-executor-7] INFO  impl.FollowerInfo (FollowerInfo.java:lambda$new$0(51)) - omNode-1@group-523986131536->omNode-2: nextIndex: updateUnconditionally 116 -> 45
2019-10-02 11:20:33,125 [grpc-default-executor-4] WARN  server.GrpcLogAppender (LogUtils.java:warn(134)) - omNode-1@group-523986131536->omNode-2-AppendLogResponseHandler: Failed appendEntries: org.apache.ratis.thirdparty.io.grpc.StatusRuntimeException: UNAVAILABLE: io exception
2019-10-02 11:20:33,126 [grpc-default-executor-4] INFO  impl.FollowerInfo (FollowerInfo.java:lambda$new$0(51)) - omNode-1@group-523986131536->omNode-2: nextIndex: updateUnconditionally 118 -> 45
2019-10-02 11:20:33,135 [grpc-default-executor-9] WARN  server.GrpcLogAppender (LogUtils.java:warn(134)) - omNode-1@group-523986131536->omNode-2-AppendLogResponseHandler: Failed appendEntries: org.apache.ratis.thirdparty.io.grpc.StatusRuntimeException: UNAVAILABLE: io exception
2019-10-02 11:20:33,135 [grpc-default-executor-9] INFO  impl.FollowerInfo (FollowerInfo.java:lambda$new$0(51)) - omNode-1@group-523986131536->omNode-2: nextIndex: updateUnconditionally 118 -> 45
2019-10-02 11:20:33,142 [grpc-default-executor-8] WARN  server.GrpcLogAppender (LogUtils.java:warn(134)) - omNode-1@group-523986131536->omNode-2-AppendLogResponseHandler: Failed appendEntries: org.apache.ratis.thirdparty.io.grpc.StatusRuntimeException: UNAVAILABLE: io exception
2019-10-02 11:20:33,143 [grpc-default-executor-8] INFO  impl.FollowerInfo (FollowerInfo.java:lambda$new$0(51)) - omNode-1@group-523986131536->omNode-2: nextIndex: updateUnconditionally 120 -> 45
2019-10-02 11:20:33,148 [grpc-default-executor-9] WARN  server.GrpcLogAppender (LogUtils.java:warn(134)) - omNode-1@group-523986131536->omNode-2-AppendLogResponseHandler: Failed appendEntries: org.apache.ratis.thirdparty.io.grpc.StatusRuntimeException: UNAVAILABLE: io exception
2019-10-02 11:20:33,148 [grpc-default-executor-9] INFO  impl.FollowerInfo (FollowerInfo.java:lambda$new$0(51)) - omNode-1@group-523986131536->omNode-2: nextIndex: updateUnconditionally 120 -> 45
2019-10-02 11:20:33,152 [grpc-default-executor-4] WARN  server.GrpcLogAppender (LogUtils.java:warn(134)) - omNode-1@group-523986131536->omNode-2-AppendLogResponseHandler: Failed appendEntries: org.apache.ratis.thirdparty.io.grpc.StatusRuntimeException: UNAVAILABLE: io exception
2019-10-02 11:20:33,152 [grpc-default-executor-4] INFO  impl.FollowerInfo (FollowerInfo.java:lambda$new$0(51)) - omNode-1@group-523986131536->omNode-2: nextIndex: updateUnconditionally 122 -> 45
2019-10-02 11:20:33,161 [grpc-default-executor-7] WARN  server.GrpcLogAppender (LogUtils.java:warn(134)) - omNode-1@group-523986131536->omNode-2-AppendLogResponseHandler: Failed appendEntries: org.apache.ratis.thirdparty.io.grpc.StatusRuntimeException: UNAVAILABLE: io exception
2019-10-02 11:20:33,161 [grpc-default-executor-7] INFO  impl.FollowerInfo (FollowerInfo.java:lambda$new$0(51)) - omNode-1@group-523986131536->omNode-2: nextIndex: updateUnconditionally 122 -> 45
2019-10-02 11:20:33,169 [grpc-default-executor-4] WARN  server.GrpcLogAppender (LogUtils.java:warn(134)) - omNode-1@group-523986131536->omNode-2-AppendLogResponseHandler: Failed appendEntries: org.apache.ratis.thirdparty.io.grpc.StatusRuntimeException: UNAVAILABLE: io exception
2019-10-02 11:20:33,169 [grpc-default-executor-4] INFO  impl.FollowerInfo (FollowerInfo.java:lambda$new$0(51)) - omNode-1@group-523986131536->omNode-2: nextIndex: updateUnconditionally 124 -> 45
2019-10-02 11:20:33,174 [grpc-default-executor-8] WARN  server.GrpcLogAppender (LogUtils.java:warn(134)) - omNode-1@group-523986131536->omNode-2-AppendLogResponseHandler: Failed appendEntries: org.apache.ratis.thirdparty.io.grpc.StatusRuntimeException: UNAVAILABLE: io exception
2019-10-02 11:20:33,174 [grpc-default-executor-8] INFO  impl.FollowerInfo (FollowerInfo.java:lambda$new$0(51)) - omNode-1@group-523986131536->omNode-2: nextIndex: updateUnconditionally 124 -> 45
2019-10-02 11:20:33,178 [grpc-default-executor-7] WARN  server.GrpcLogAppender (LogUtils.java:warn(134)) - omNode-1@group-523986131536->omNode-2-AppendLogResponseHandler: Failed appendEntries: org.apache.ratis.thirdparty.io.grpc.StatusRuntimeException: UNAVAILABLE: io exception
2019-10-02 11:20:33,178 [grpc-default-executor-7] INFO  impl.FollowerInfo (FollowerInfo.java:lambda$new$0(51)) - omNode-1@group-523986131536->omNode-2: nextIndex: updateUnconditionally 126 -> 45
2019-10-02 11:20:33,187 [grpc-default-executor-7] WARN  server.GrpcLogAppender (LogUtils.java:warn(134)) - omNode-1@group-523986131536->omNode-2-AppendLogResponseHandler: Failed appendEntries: org.apache.ratis.thirdparty.io.grpc.StatusRuntimeException: UNAVAILABLE: io exception
2019-10-02 11:20:33,188 [grpc-default-executor-7] INFO  impl.FollowerInfo (FollowerInfo.java:lambda$new$0(51)) - omNode-1@group-523986131536->omNode-2: nextIndex: updateUnconditionally 126 -> 45
2019-10-02 11:20:33,195 [grpc-default-executor-7] WARN  server.GrpcLogAppender (LogUtils.java:warn(134)) - omNode-1@group-523986131536->omNode-2-AppendLogResponseHandler: Failed appendEntries: org.apache.ratis.thirdparty.io.grpc.StatusRuntimeException: UNAVAILABLE: io exception
2019-10-02 11:20:33,196 [grpc-default-executor-7] INFO  impl.FollowerInfo (FollowerInfo.java:lambda$new$0(51)) - omNode-1@group-523986131536->omNode-2: nextIndex: updateUnconditionally 128 -> 45
2019-10-02 11:20:33,201 [grpc-default-executor-4] WARN  server.GrpcLogAppender (LogUtils.java:warn(134)) - omNode-1@group-523986131536->omNode-2-AppendLogResponseHandler: Failed appendEntries: org.apache.ratis.thirdparty.io.grpc.StatusRuntimeException: UNAVAILABLE: io exception
2019-10-02 11:20:33,201 [grpc-default-executor-4] INFO  impl.FollowerInfo (FollowerInfo.java:lambda$new$0(51)) - omNode-1@group-523986131536->omNode-2: nextIndex: updateUnconditionally 128 -> 45
2019-10-02 11:20:33,205 [grpc-default-executor-7] WARN  server.GrpcLogAppender (LogUtils.java:warn(134)) - omNode-1@group-523986131536->omNode-2-AppendLogResponseHandler: Failed appendEntries: org.apache.ratis.thirdparty.io.grpc.StatusRuntimeException: UNAVAILABLE: io exception
2019-10-02 11:20:33,205 [grpc-default-executor-7] INFO  impl.FollowerInfo (FollowerInfo.java:lambda$new$0(51)) - omNode-1@group-523986131536->omNode-2: nextIndex: updateUnconditionally 130 -> 45
2019-10-02 11:20:33,214 [grpc-default-executor-7] WARN  server.GrpcLogAppender (LogUtils.java:warn(134)) - omNode-1@group-523986131536->omNode-2-AppendLogResponseHandler: Failed appendEntries: org.apache.ratis.thirdparty.io.grpc.StatusRuntimeException: UNAVAILABLE: io exception
2019-10-02 11:20:33,214 [grpc-default-executor-7] INFO  impl.FollowerInfo (FollowerInfo.java:lambda$new$0(51)) - omNode-1@group-523986131536->omNode-2: nextIndex: updateUnconditionally 130 -> 45
2019-10-02 11:20:33,223 [grpc-default-executor-4] WARN  server.GrpcLogAppender (LogUtils.java:warn(134)) - omNode-1@group-523986131536->omNode-2-AppendLogResponseHandler: Failed appendEntries: org.apache.ratis.thirdparty.io.grpc.StatusRuntimeException: UNAVAILABLE: io exception
2019-10-02 11:20:33,223 [grpc-default-executor-4] INFO  impl.FollowerInfo (FollowerInfo.java:lambda$new$0(51)) - omNode-1@group-523986131536->omNode-2: nextIndex: updateUnconditionally 132 -> 45
2019-10-02 11:20:33,227 [grpc-default-executor-8] WARN  server.GrpcLogAppender (LogUtils.java:warn(134)) - omNode-1@group-523986131536->omNode-2-AppendLogResponseHandler: Failed appendEntries: org.apache.ratis.thirdparty.io.grpc.StatusRuntimeException: UNAVAILABLE: io exception
2019-10-02 11:20:33,228 [grpc-default-executor-8] INFO  impl.FollowerInfo (FollowerInfo.java:lambda$new$0(51)) - omNode-1@group-523986131536->omNode-2: nextIndex: updateUnconditionally 132 -> 45
2019-10-02 11:20:33,232 [grpc-default-executor-4] WARN  server.GrpcLogAppender (LogUtils.java:warn(134)) - omNode-1@group-523986131536->omNode-2-AppendLogResponseHandler: Failed appendEntries: org.apache.ratis.thirdparty.io.grpc.StatusRuntimeException: UNAVAILABLE: io exception
2019-10-02 11:20:33,232 [grpc-default-executor-4] INFO  impl.FollowerInfo (FollowerInfo.java:lambda$new$0(51)) - omNode-1@group-523986131536->omNode-2: nextIndex: updateUnconditionally 134 -> 45
2019-10-02 11:20:33,241 [grpc-default-executor-7] WARN  server.GrpcLogAppender (LogUtils.java:warn(134)) - omNode-1@group-523986131536->omNode-2-AppendLogResponseHandler: Failed appendEntries: org.apache.ratis.thirdparty.io.grpc.StatusRuntimeException: UNAVAILABLE: io exception
2019-10-02 11:20:33,241 [grpc-default-executor-7] INFO  impl.FollowerInfo (FollowerInfo.java:lambda$new$0(51)) - omNode-1@group-523986131536->omNode-2: nextIndex: updateUnconditionally 134 -> 45
2019-10-02 11:20:33,244 [grpc-default-executor-9] WARN  server.GrpcLogAppender (LogUtils.java:warn(134)) - omNode-1@group-523986131536->omNode-2-AppendLogResponseHandler: Failed appendEntries: org.apache.ratis.thirdparty.io.grpc.StatusRuntimeException: UNAVAILABLE: io exception
2019-10-02 11:20:33,244 [grpc-default-executor-9] INFO  impl.FollowerInfo (FollowerInfo.java:lambda$new$0(51)) - omNode-1@group-523986131536->omNode-2: nextIndex: updateUnconditionally 135 -> 45
2019-10-02 11:20:33,250 [grpc-default-executor-8] WARN  server.GrpcLogAppender (LogUtils.java:warn(134)) - omNode-1@group-523986131536->omNode-2-AppendLogResponseHandler: Failed appendEntries: org.apache.ratis.thirdparty.io.grpc.StatusRuntimeException: UNAVAILABLE: io exception
2019-10-02 11:20:33,250 [grpc-default-executor-8] INFO  impl.FollowerInfo (FollowerInfo.java:lambda$new$0(51)) - omNode-1@group-523986131536->omNode-2: nextIndex: updateUnconditionally 136 -> 45
2019-10-02 11:20:33,252 [grpc-default-executor-9] WARN  server.GrpcLogAppender (LogUtils.java:warn(134)) - omNode-1@group-523986131536->omNode-2-AppendLogResponseHandler: Failed appendEntries: org.apache.ratis.thirdparty.io.grpc.StatusRuntimeException: UNAVAILABLE: io exception
2019-10-02 11:20:33,252 [grpc-default-executor-9] INFO  impl.FollowerInfo (FollowerInfo.java:lambda$new$0(51)) - omNode-1@group-523986131536->omNode-2: nextIndex: updateUnconditionally 137 -> 45
2019-10-02 11:20:33,255 [grpc-default-executor-8] WARN  server.GrpcLogAppender (LogUtils.java:warn(134)) - omNode-1@group-523986131536->omNode-2-AppendLogResponseHandler: Failed appendEntries: org.apache.ratis.thirdparty.io.grpc.StatusRuntimeException: UNAVAILABLE: io exception
2019-10-02 11:20:33,255 [grpc-default-executor-8] INFO  impl.FollowerInfo (FollowerInfo.java:lambda$new$0(51)) - omNode-1@group-523986131536->omNode-2: nextIndex: updateUnconditionally 137 -> 45
2019-10-02 11:20:33,258 [grpc-default-executor-9] WARN  server.GrpcLogAppender (LogUtils.java:warn(134)) - omNode-1@group-523986131536->omNode-2-AppendLogResponseHandler: Failed appendEntries: org.apache.ratis.thirdparty.io.grpc.StatusRuntimeException: UNAVAILABLE: io exception
2019-10-02 11:20:33,258 [grpc-default-executor-9] INFO  impl.FollowerInfo (FollowerInfo.java:lambda$new$0(51)) - omNode-1@group-523986131536->omNode-2: nextIndex: updateUnconditionally 139 -> 45
2019-10-02 11:20:33,265 [grpc-default-executor-8] WARN  server.GrpcLogAppender (LogUtils.java:warn(134)) - omNode-1@group-523986131536->omNode-2-AppendLogResponseHandler: Failed appendEntries: org.apache.ratis.thirdparty.io.grpc.StatusRuntimeException: UNAVAILABLE: io exception
2019-10-02 11:20:33,265 [grpc-default-executor-8] INFO  impl.FollowerInfo (FollowerInfo.java:lambda$new$0(51)) - omNode-1@group-523986131536->omNode-2: nextIndex: updateUnconditionally 139 -> 45
2019-10-02 11:20:33,268 [IPC Server handler 14 on 10428] INFO  segmented.SegmentedRaftLogWorker (SegmentedRaftLogWorker.java:rollLogSegment(390)) - omNode-1@group-523986131536-SegmentedRaftLogWorker: Rolling segment log-71_138 to index:138
2019-10-02 11:20:33,268 [omNode-1@group-523986131536-SegmentedRaftLogWorker] INFO  segmented.SegmentedRaftLogWorker (SegmentedRaftLogWorker.java:execute(531)) - omNode-1@group-523986131536-SegmentedRaftLogWorker: Rolled log segment from /workdir/hadoop-ozone/integration-test/target/test-dir/MiniOzoneClusterImpl-4fbee6c2-d92b-4186-98e8-d11e1b77f972/omNode-1/ratis/c9bc4cf4-3bc3-3c60-a66b-523986131536/current/log_inprogress_71 to /workdir/hadoop-ozone/integration-test/target/test-dir/MiniOzoneClusterImpl-4fbee6c2-d92b-4186-98e8-d11e1b77f972/omNode-1/ratis/c9bc4cf4-3bc3-3c60-a66b-523986131536/current/log_71-138
2019-10-02 11:20:33,269 [grpc-default-executor-9] INFO  segmented.SegmentedRaftLogWorker (SegmentedRaftLogWorker.java:rollLogSegment(390)) - omNode-3@group-523986131536-SegmentedRaftLogWorker: Rolling segment log-71_138 to index:138
2019-10-02 11:20:33,269 [omNode-3@group-523986131536-SegmentedRaftLogWorker] INFO  segmented.SegmentedRaftLogWorker (SegmentedRaftLogWorker.java:execute(531)) - omNode-3@group-523986131536-SegmentedRaftLogWorker: Rolled log segment from /workdir/hadoop-ozone/integration-test/target/test-dir/MiniOzoneClusterImpl-4fbee6c2-d92b-4186-98e8-d11e1b77f972/omNode-3/ratis/c9bc4cf4-3bc3-3c60-a66b-523986131536/current/log_inprogress_71 to /workdir/hadoop-ozone/integration-test/target/test-dir/MiniOzoneClusterImpl-4fbee6c2-d92b-4186-98e8-d11e1b77f972/omNode-3/ratis/c9bc4cf4-3bc3-3c60-a66b-523986131536/current/log_71-138
2019-10-02 11:20:33,273 [grpc-default-executor-7] WARN  server.GrpcLogAppender (LogUtils.java:warn(134)) - omNode-1@group-523986131536->omNode-2-AppendLogResponseHandler: Failed appendEntries: org.apache.ratis.thirdparty.io.grpc.StatusRuntimeException: UNAVAILABLE: io exception
2019-10-02 11:20:33,273 [grpc-default-executor-7] INFO  impl.FollowerInfo (FollowerInfo.java:lambda$new$0(51)) - omNode-1@group-523986131536->omNode-2: nextIndex: updateUnconditionally 140 -> 45
2019-10-02 11:20:33,274 [omNode-1@group-523986131536-SegmentedRaftLogWorker] INFO  segmented.SegmentedRaftLogWorker (SegmentedRaftLogWorker.java:execute(574)) - omNode-1@group-523986131536-SegmentedRaftLogWorker: created new log segment /workdir/hadoop-ozone/integration-test/target/test-dir/MiniOzoneClusterImpl-4fbee6c2-d92b-4186-98e8-d11e1b77f972/omNode-1/ratis/c9bc4cf4-3bc3-3c60-a66b-523986131536/current/log_inprogress_139
2019-10-02 11:20:33,287 [omNode-3@group-523986131536-SegmentedRaftLogWorker] INFO  segmented.SegmentedRaftLogWorker (SegmentedRaftLogWorker.java:execute(574)) - omNode-3@group-523986131536-SegmentedRaftLogWorker: created new log segment /workdir/hadoop-ozone/integration-test/target/test-dir/MiniOzoneClusterImpl-4fbee6c2-d92b-4186-98e8-d11e1b77f972/omNode-3/ratis/c9bc4cf4-3bc3-3c60-a66b-523986131536/current/log_inprogress_139
2019-10-02 11:20:33,291 [grpc-default-executor-9] WARN  server.GrpcLogAppender (LogUtils.java:warn(134)) - omNode-1@group-523986131536->omNode-2-AppendLogResponseHandler: Failed appendEntries: org.apache.ratis.thirdparty.io.grpc.StatusRuntimeException: UNAVAILABLE: io exception
2019-10-02 11:20:33,291 [grpc-default-executor-9] INFO  impl.FollowerInfo (FollowerInfo.java:lambda$new$0(51)) - omNode-1@group-523986131536->omNode-2: nextIndex: updateUnconditionally 141 -> 45
2019-10-02 11:20:33,293 [grpc-default-executor-4] WARN  server.GrpcLogAppender (LogUtils.java:warn(134)) - omNode-1@group-523986131536->omNode-2-AppendLogResponseHandler: Failed appendEntries: org.apache.ratis.thirdparty.io.grpc.StatusRuntimeException: UNAVAILABLE: io exception
2019-10-02 11:20:33,293 [grpc-default-executor-4] INFO  impl.FollowerInfo (FollowerInfo.java:lambda$new$0(51)) - omNode-1@group-523986131536->omNode-2: nextIndex: updateUnconditionally 141 -> 45
2019-10-02 11:20:33,296 [grpc-default-executor-8] WARN  server.GrpcLogAppender (LogUtils.java:warn(134)) - omNode-1@group-523986131536->omNode-2-AppendLogResponseHandler: Failed appendEntries: org.apache.ratis.thirdparty.io.grpc.StatusRuntimeException: UNAVAILABLE: io exception
2019-10-02 11:20:33,297 [grpc-default-executor-8] INFO  impl.FollowerInfo (FollowerInfo.java:lambda$new$0(51)) - omNode-1@group-523986131536->omNode-2: nextIndex: updateUnconditionally 143 -> 45
2019-10-02 11:20:33,299 [grpc-default-executor-9] WARN  server.GrpcLogAppender (LogUtils.java:warn(134)) - omNode-1@group-523986131536->omNode-2-AppendLogResponseHandler: Failed appendEntries: org.apache.ratis.thirdparty.io.grpc.StatusRuntimeException: UNAVAILABLE: io exception
2019-10-02 11:20:33,299 [grpc-default-executor-9] INFO  impl.FollowerInfo (FollowerInfo.java:lambda$new$0(51)) - omNode-1@group-523986131536->omNode-2: nextIndex: updateUnconditionally 143 -> 45
2019-10-02 11:20:33,304 [grpc-default-executor-9] WARN  server.GrpcLogAppender (LogUtils.java:warn(134)) - omNode-1@group-523986131536->omNode-2-AppendLogResponseHandler: Failed appendEntries: org.apache.ratis.thirdparty.io.grpc.StatusRuntimeException: UNAVAILABLE: io exception
2019-10-02 11:20:33,304 [grpc-default-executor-9] INFO  impl.FollowerInfo (FollowerInfo.java:lambda$new$0(51)) - omNode-1@group-523986131536->omNode-2: nextIndex: updateUnconditionally 144 -> 45
2019-10-02 11:20:33,322 [grpc-default-executor-8] WARN  server.GrpcLogAppender (LogUtils.java:warn(134)) - omNode-1@group-523986131536->omNode-2-AppendLogResponseHandler: Failed appendEntries: org.apache.ratis.thirdparty.io.grpc.StatusRuntimeException: UNAVAILABLE: io exception
2019-10-02 11:20:33,323 [grpc-default-executor-8] INFO  impl.FollowerInfo (FollowerInfo.java:lambda$new$0(51)) - omNode-1@group-523986131536->omNode-2: nextIndex: updateUnconditionally 145 -> 45
2019-10-02 11:20:33,325 [grpc-default-executor-4] WARN  server.GrpcLogAppender (LogUtils.java:warn(134)) - omNode-1@group-523986131536->omNode-2-AppendLogResponseHandler: Failed appendEntries: org.apache.ratis.thirdparty.io.grpc.StatusRuntimeException: UNAVAILABLE: io exception
2019-10-02 11:20:33,325 [grpc-default-executor-4] INFO  impl.FollowerInfo (FollowerInfo.java:lambda$new$0(51)) - omNode-1@group-523986131536->omNode-2: nextIndex: updateUnconditionally 146 -> 45
2019-10-02 11:20:33,328 [grpc-default-executor-4] WARN  server.GrpcLogAppender (LogUtils.java:warn(134)) - omNode-1@group-523986131536->omNode-2-AppendLogResponseHandler: Failed appendEntries: org.apache.ratis.thirdparty.io.grpc.StatusRuntimeException: UNAVAILABLE: io exception
2019-10-02 11:20:33,328 [grpc-default-executor-4] INFO  impl.FollowerInfo (FollowerInfo.java:lambda$new$0(51)) - omNode-1@group-523986131536->omNode-2: nextIndex: updateUnconditionally 146 -> 45
2019-10-02 11:20:33,329 [grpc-default-executor-8] WARN  server.GrpcLogAppender (LogUtils.java:warn(134)) - omNode-1@group-523986131536->omNode-2-AppendLogResponseHandler: Failed appendEntries: org.apache.ratis.thirdparty.io.grpc.StatusRuntimeException: UNAVAILABLE: io exception
2019-10-02 11:20:33,329 [grpc-default-executor-8] INFO  impl.FollowerInfo (FollowerInfo.java:lambda$new$0(51)) - omNode-1@group-523986131536->omNode-2: nextIndex: updateUnconditionally 147 -> 45
2019-10-02 11:20:33,336 [grpc-default-executor-8] WARN  server.GrpcLogAppender (LogUtils.java:warn(134)) - omNode-1@group-523986131536->omNode-2-AppendLogResponseHandler: Failed appendEntries: org.apache.ratis.thirdparty.io.grpc.StatusRuntimeException: UNAVAILABLE: io exception
2019-10-02 11:20:33,336 [grpc-default-executor-8] INFO  impl.FollowerInfo (FollowerInfo.java:lambda$new$0(51)) - omNode-1@group-523986131536->omNode-2: nextIndex: updateUnconditionally 148 -> 45
2019-10-02 11:20:33,341 [grpc-default-executor-9] WARN  server.GrpcLogAppender (LogUtils.java:warn(134)) - omNode-1@group-523986131536->omNode-2-AppendLogResponseHandler: Failed appendEntries: org.apache.ratis.thirdparty.io.grpc.StatusRuntimeException: UNAVAILABLE: io exception
2019-10-02 11:20:33,341 [grpc-default-executor-9] INFO  impl.FollowerInfo (FollowerInfo.java:lambda$new$0(51)) - omNode-1@group-523986131536->omNode-2: nextIndex: updateUnconditionally 148 -> 45
2019-10-02 11:20:33,343 [grpc-default-executor-8] WARN  server.GrpcLogAppender (LogUtils.java:warn(134)) - omNode-1@group-523986131536->omNode-2-AppendLogResponseHandler: Failed appendEntries: org.apache.ratis.thirdparty.io.grpc.StatusRuntimeException: UNAVAILABLE: io exception
2019-10-02 11:20:33,343 [grpc-default-executor-8] INFO  impl.FollowerInfo (FollowerInfo.java:lambda$new$0(51)) - omNode-1@group-523986131536->omNode-2: nextIndex: updateUnconditionally 149 -> 45
2019-10-02 11:20:33,345 [grpc-default-executor-4] WARN  server.GrpcLogAppender (LogUtils.java:warn(134)) - omNode-1@group-523986131536->omNode-2-AppendLogResponseHandler: Failed appendEntries: org.apache.ratis.thirdparty.io.grpc.StatusRuntimeException: UNAVAILABLE: io exception
2019-10-02 11:20:33,345 [grpc-default-executor-4] INFO  impl.FollowerInfo (FollowerInfo.java:lambda$new$0(51)) - omNode-1@group-523986131536->omNode-2: nextIndex: updateUnconditionally 150 -> 45
2019-10-02 11:20:33,355 [grpc-default-executor-8] WARN  server.GrpcLogAppender (LogUtils.java:warn(134)) - omNode-1@group-523986131536->omNode-2-AppendLogResponseHandler: Failed appendEntries: org.apache.ratis.thirdparty.io.grpc.StatusRuntimeException: UNAVAILABLE: io exception
2019-10-02 11:20:33,355 [grpc-default-executor-8] INFO  impl.FollowerInfo (FollowerInfo.java:lambda$new$0(51)) - omNode-1@group-523986131536->omNode-2: nextIndex: updateUnconditionally 150 -> 45
2019-10-02 11:20:33,355 [omNode-1@group-523986131536-StateMachineUpdater] INFO  ratis.OzoneManagerStateMachine (OzoneManagerStateMachine.java:takeSnapshot(254)) - Saving Ratis snapshot on the OM.
2019-10-02 11:20:33,356 [omNode-1@group-523986131536-StateMachineUpdater] INFO  ratis.OMRatisSnapshotInfo (OMRatisSnapshotInfo.java:saveRatisSnapshotToDisk(107)) - Saved Ratis Snapshot on the OM with snapshotIndex 149
2019-10-02 11:20:33,356 [omNode-1@group-523986131536-StateMachineUpdater] INFO  impl.StateMachineUpdater (StateMachineUpdater.java:takeSnapshot(269)) - omNode-1@group-523986131536-StateMachineUpdater: Took a snapshot at index 149
2019-10-02 11:20:33,356 [omNode-1@group-523986131536-StateMachineUpdater] INFO  impl.StateMachineUpdater (StateMachineUpdater.java:lambda$new$0(84)) - omNode-1@group-523986131536-StateMachineUpdater: snapshotIndex: updateIncreasingly 99 -> 149
2019-10-02 11:20:33,367 [omNode-3@group-523986131536-StateMachineUpdater] INFO  ratis.OzoneManagerStateMachine (OzoneManagerStateMachine.java:takeSnapshot(254)) - Saving Ratis snapshot on the OM.
2019-10-02 11:20:33,368 [omNode-3@group-523986131536-StateMachineUpdater] INFO  ratis.OMRatisSnapshotInfo (OMRatisSnapshotInfo.java:saveRatisSnapshotToDisk(107)) - Saved Ratis Snapshot on the OM with snapshotIndex 149
2019-10-02 11:20:33,368 [omNode-3@group-523986131536-StateMachineUpdater] INFO  impl.StateMachineUpdater (StateMachineUpdater.java:takeSnapshot(269)) - omNode-3@group-523986131536-StateMachineUpdater: Took a snapshot at index 149
2019-10-02 11:20:33,368 [omNode-3@group-523986131536-StateMachineUpdater] INFO  impl.StateMachineUpdater (StateMachineUpdater.java:lambda$new$0(84)) - omNode-3@group-523986131536-StateMachineUpdater: snapshotIndex: updateIncreasingly 99 -> 149
2019-10-02 11:20:33,369 [grpc-default-executor-9] WARN  server.GrpcLogAppender (LogUtils.java:warn(134)) - omNode-1@group-523986131536->omNode-2-AppendLogResponseHandler: Failed appendEntries: org.apache.ratis.thirdparty.io.grpc.StatusRuntimeException: UNAVAILABLE: io exception
2019-10-02 11:20:33,369 [grpc-default-executor-9] INFO  impl.FollowerInfo (FollowerInfo.java:lambda$new$0(51)) - omNode-1@group-523986131536->omNode-2: nextIndex: updateUnconditionally 151 -> 45
2019-10-02 11:20:33,381 [grpc-default-executor-4] WARN  server.GrpcLogAppender (LogUtils.java:warn(134)) - omNode-1@group-523986131536->omNode-2-AppendLogResponseHandler: Failed appendEntries: org.apache.ratis.thirdparty.io.grpc.StatusRuntimeException: UNAVAILABLE: io exception
2019-10-02 11:20:33,381 [grpc-default-executor-4] INFO  impl.FollowerInfo (FollowerInfo.java:lambda$new$0(51)) - omNode-1@group-523986131536->omNode-2: nextIndex: updateUnconditionally 153 -> 45
2019-10-02 11:20:33,385 [grpc-default-executor-9] WARN  server.GrpcLogAppender (LogUtils.java:warn(134)) - omNode-1@group-523986131536->omNode-2-AppendLogResponseHandler: Failed appendEntries: org.apache.ratis.thirdparty.io.grpc.StatusRuntimeException: UNAVAILABLE: io exception
2019-10-02 11:20:33,385 [grpc-default-executor-9] INFO  impl.FollowerInfo (FollowerInfo.java:lambda$new$0(51)) - omNode-1@group-523986131536->omNode-2: nextIndex: updateUnconditionally 154 -> 45
2019-10-02 11:20:33,393 [grpc-default-executor-7] WARN  server.GrpcLogAppender (LogUtils.java:warn(134)) - omNode-1@group-523986131536->omNode-2-AppendLogResponseHandler: Failed appendEntries: org.apache.ratis.thirdparty.io.grpc.StatusRuntimeException: UNAVAILABLE: io exception
2019-10-02 11:20:33,393 [grpc-default-executor-7] INFO  impl.FollowerInfo (FollowerInfo.java:lambda$new$0(51)) - omNode-1@group-523986131536->omNode-2: nextIndex: updateUnconditionally 154 -> 45
2019-10-02 11:20:33,402 [grpc-default-executor-7] WARN  server.GrpcLogAppender (LogUtils.java:warn(134)) - omNode-1@group-523986131536->omNode-2-AppendLogResponseHandler: Failed appendEntries: org.apache.ratis.thirdparty.io.grpc.StatusRuntimeException: UNAVAILABLE: io exception
2019-10-02 11:20:33,403 [grpc-default-executor-7] INFO  impl.FollowerInfo (FollowerInfo.java:lambda$new$0(51)) - omNode-1@group-523986131536->omNode-2: nextIndex: updateUnconditionally 156 -> 45
2019-10-02 11:20:33,406 [grpc-default-executor-9] WARN  server.GrpcLogAppender (LogUtils.java:warn(134)) - omNode-1@group-523986131536->omNode-2-AppendLogResponseHandler: Failed appendEntries: org.apache.ratis.thirdparty.io.grpc.StatusRuntimeException: UNAVAILABLE: io exception
2019-10-02 11:20:33,406 [grpc-default-executor-9] INFO  impl.FollowerInfo (FollowerInfo.java:lambda$new$0(51)) - omNode-1@group-523986131536->omNode-2: nextIndex: updateUnconditionally 156 -> 45
2019-10-02 11:20:33,408 [grpc-default-executor-7] WARN  server.GrpcLogAppender (LogUtils.java:warn(134)) - omNode-1@group-523986131536->omNode-2-AppendLogResponseHandler: Failed appendEntries: org.apache.ratis.thirdparty.io.grpc.StatusRuntimeException: UNAVAILABLE: io exception
2019-10-02 11:20:33,408 [grpc-default-executor-7] INFO  impl.FollowerInfo (FollowerInfo.java:lambda$new$0(51)) - omNode-1@group-523986131536->omNode-2: nextIndex: updateUnconditionally 157 -> 45
2019-10-02 11:20:33,411 [grpc-default-executor-9] WARN  server.GrpcLogAppender (LogUtils.java:warn(134)) - omNode-1@group-523986131536->omNode-2-AppendLogResponseHandler: Failed appendEntries: org.apache.ratis.thirdparty.io.grpc.StatusRuntimeException: UNAVAILABLE: io exception
2019-10-02 11:20:33,411 [grpc-default-executor-9] INFO  impl.FollowerInfo (FollowerInfo.java:lambda$new$0(51)) - omNode-1@group-523986131536->omNode-2: nextIndex: updateUnconditionally 158 -> 45
2019-10-02 11:20:33,420 [grpc-default-executor-4] WARN  server.GrpcLogAppender (LogUtils.java:warn(134)) - omNode-1@group-523986131536->omNode-2-AppendLogResponseHandler: Failed appendEntries: org.apache.ratis.thirdparty.io.grpc.StatusRuntimeException: UNAVAILABLE: io exception
2019-10-02 11:20:33,420 [grpc-default-executor-4] INFO  impl.FollowerInfo (FollowerInfo.java:lambda$new$0(51)) - omNode-1@group-523986131536->omNode-2: nextIndex: updateUnconditionally 158 -> 45
2019-10-02 11:20:33,429 [grpc-default-executor-7] WARN  server.GrpcLogAppender (LogUtils.java:warn(134)) - omNode-1@group-523986131536->omNode-2-AppendLogResponseHandler: Failed appendEntries: org.apache.ratis.thirdparty.io.grpc.StatusRuntimeException: UNAVAILABLE: io exception
2019-10-02 11:20:33,430 [grpc-default-executor-7] INFO  impl.FollowerInfo (FollowerInfo.java:lambda$new$0(51)) - omNode-1@group-523986131536->omNode-2: nextIndex: updateUnconditionally 160 -> 45
2019-10-02 11:20:33,433 [grpc-default-executor-4] WARN  server.GrpcLogAppender (LogUtils.java:warn(134)) - omNode-1@group-523986131536->omNode-2-AppendLogResponseHandler: Failed appendEntries: org.apache.ratis.thirdparty.io.grpc.StatusRuntimeException: UNAVAILABLE: io exception
2019-10-02 11:20:33,433 [grpc-default-executor-4] INFO  impl.FollowerInfo (FollowerInfo.java:lambda$new$0(51)) - omNode-1@group-523986131536->omNode-2: nextIndex: updateUnconditionally 160 -> 45
2019-10-02 11:20:33,437 [grpc-default-executor-7] WARN  server.GrpcLogAppender (LogUtils.java:warn(134)) - omNode-1@group-523986131536->omNode-2-AppendLogResponseHandler: Failed appendEntries: org.apache.ratis.thirdparty.io.grpc.StatusRuntimeException: UNAVAILABLE: io exception
2019-10-02 11:20:33,437 [grpc-default-executor-7] INFO  impl.FollowerInfo (FollowerInfo.java:lambda$new$0(51)) - omNode-1@group-523986131536->omNode-2: nextIndex: updateUnconditionally 162 -> 45
2019-10-02 11:20:33,448 [grpc-default-executor-4] WARN  server.GrpcLogAppender (LogUtils.java:warn(134)) - omNode-1@group-523986131536->omNode-2-AppendLogResponseHandler: Failed appendEntries: org.apache.ratis.thirdparty.io.grpc.StatusRuntimeException: UNAVAILABLE: io exception
2019-10-02 11:20:33,448 [grpc-default-executor-4] INFO  impl.FollowerInfo (FollowerInfo.java:lambda$new$0(51)) - omNode-1@group-523986131536->omNode-2: nextIndex: updateUnconditionally 162 -> 45
2019-10-02 11:20:33,458 [grpc-default-executor-4] WARN  server.GrpcLogAppender (LogUtils.java:warn(134)) - omNode-1@group-523986131536->omNode-2-AppendLogResponseHandler: Failed appendEntries: org.apache.ratis.thirdparty.io.grpc.StatusRuntimeException: UNAVAILABLE: io exception
2019-10-02 11:20:33,458 [grpc-default-executor-4] INFO  impl.FollowerInfo (FollowerInfo.java:lambda$new$0(51)) - omNode-1@group-523986131536->omNode-2: nextIndex: updateUnconditionally 164 -> 45
2019-10-02 11:20:33,461 [grpc-default-executor-4] WARN  server.GrpcLogAppender (LogUtils.java:warn(134)) - omNode-1@group-523986131536->omNode-2-AppendLogResponseHandler: Failed appendEntries: org.apache.ratis.thirdparty.io.grpc.StatusRuntimeException: UNAVAILABLE: io exception
2019-10-02 11:20:33,461 [grpc-default-executor-4] INFO  impl.FollowerInfo (FollowerInfo.java:lambda$new$0(51)) - omNode-1@group-523986131536->omNode-2: nextIndex: updateUnconditionally 164 -> 45
2019-10-02 11:20:33,463 [grpc-default-executor-9] WARN  server.GrpcLogAppender (LogUtils.java:warn(134)) - omNode-1@group-523986131536->omNode-2-AppendLogResponseHandler: Failed appendEntries: org.apache.ratis.thirdparty.io.grpc.StatusRuntimeException: UNAVAILABLE: io exception
2019-10-02 11:20:33,463 [grpc-default-executor-9] INFO  impl.FollowerInfo (FollowerInfo.java:lambda$new$0(51)) - omNode-1@group-523986131536->omNode-2: nextIndex: updateUnconditionally 165 -> 45
2019-10-02 11:20:33,466 [grpc-default-executor-4] WARN  server.GrpcLogAppender (LogUtils.java:warn(134)) - omNode-1@group-523986131536->omNode-2-AppendLogResponseHandler: Failed appendEntries: org.apache.ratis.thirdparty.io.grpc.StatusRuntimeException: UNAVAILABLE: io exception
2019-10-02 11:20:33,466 [grpc-default-executor-4] INFO  impl.FollowerInfo (FollowerInfo.java:lambda$new$0(51)) - omNode-1@group-523986131536->omNode-2: nextIndex: updateUnconditionally 166 -> 45
2019-10-02 11:20:33,476 [grpc-default-executor-7] WARN  server.GrpcLogAppender (LogUtils.java:warn(134)) - omNode-1@group-523986131536->omNode-2-AppendLogResponseHandler: Failed appendEntries: org.apache.ratis.thirdparty.io.grpc.StatusRuntimeException: UNAVAILABLE: io exception
2019-10-02 11:20:33,476 [grpc-default-executor-7] INFO  impl.FollowerInfo (FollowerInfo.java:lambda$new$0(51)) - omNode-1@group-523986131536->omNode-2: nextIndex: updateUnconditionally 166 -> 45
2019-10-02 11:20:33,480 [grpc-default-executor-8] WARN  server.GrpcLogAppender (LogUtils.java:warn(134)) - omNode-1@group-523986131536->omNode-2-AppendLogResponseHandler: Failed appendEntries: org.apache.ratis.thirdparty.io.grpc.StatusRuntimeException: UNAVAILABLE: io exception
2019-10-02 11:20:33,481 [grpc-default-executor-8] INFO  impl.FollowerInfo (FollowerInfo.java:lambda$new$0(51)) - omNode-1@group-523986131536->omNode-2: nextIndex: updateUnconditionally 167 -> 45
2019-10-02 11:20:33,486 [grpc-default-executor-9] WARN  server.GrpcLogAppender (LogUtils.java:warn(134)) - omNode-1@group-523986131536->omNode-2-AppendLogResponseHandler: Failed appendEntries: org.apache.ratis.thirdparty.io.grpc.StatusRuntimeException: UNAVAILABLE: io exception
2019-10-02 11:20:33,486 [grpc-default-executor-9] INFO  impl.FollowerInfo (FollowerInfo.java:lambda$new$0(51)) - omNode-1@group-523986131536->omNode-2: nextIndex: updateUnconditionally 168 -> 45
2019-10-02 11:20:33,489 [grpc-default-executor-7] WARN  server.GrpcLogAppender (LogUtils.java:warn(134)) - omNode-1@group-523986131536->omNode-2-AppendLogResponseHandler: Failed appendEntries: org.apache.ratis.thirdparty.io.grpc.StatusRuntimeException: UNAVAILABLE: io exception
2019-10-02 11:20:33,489 [grpc-default-executor-7] INFO  impl.FollowerInfo (FollowerInfo.java:lambda$new$0(51)) - omNode-1@group-523986131536->omNode-2: nextIndex: updateUnconditionally 169 -> 45
2019-10-02 11:20:33,492 [grpc-default-executor-9] WARN  server.GrpcLogAppender (LogUtils.java:warn(134)) - omNode-1@group-523986131536->omNode-2-AppendLogResponseHandler: Failed appendEntries: org.apache.ratis.thirdparty.io.grpc.StatusRuntimeException: UNAVAILABLE: io exception
2019-10-02 11:20:33,492 [grpc-default-executor-9] INFO  impl.FollowerInfo (FollowerInfo.java:lambda$new$0(51)) - omNode-1@group-523986131536->omNode-2: nextIndex: updateUnconditionally 169 -> 45
2019-10-02 11:20:33,496 [grpc-default-executor-8] WARN  server.GrpcLogAppender (LogUtils.java:warn(134)) - omNode-1@group-523986131536->omNode-2-AppendLogResponseHandler: Failed appendEntries: org.apache.ratis.thirdparty.io.grpc.StatusRuntimeException: UNAVAILABLE: io exception
2019-10-02 11:20:33,496 [grpc-default-executor-8] INFO  impl.FollowerInfo (FollowerInfo.java:lambda$new$0(51)) - omNode-1@group-523986131536->omNode-2: nextIndex: updateUnconditionally 171 -> 45
2019-10-02 11:20:33,499 [grpc-default-executor-4] WARN  server.GrpcLogAppender (LogUtils.java:warn(134)) - omNode-1@group-523986131536->omNode-2-AppendLogResponseHandler: Failed appendEntries: org.apache.ratis.thirdparty.io.grpc.StatusRuntimeException: UNAVAILABLE: io exception
2019-10-02 11:20:33,499 [grpc-default-executor-4] INFO  impl.FollowerInfo (FollowerInfo.java:lambda$new$0(51)) - omNode-1@group-523986131536->omNode-2: nextIndex: updateUnconditionally 171 -> 45
2019-10-02 11:20:33,505 [grpc-default-executor-7] WARN  server.GrpcLogAppender (LogUtils.java:warn(134)) - omNode-1@group-523986131536->omNode-2-AppendLogResponseHandler: Failed appendEntries: org.apache.ratis.thirdparty.io.grpc.StatusRuntimeException: UNAVAILABLE: io exception
2019-10-02 11:20:33,505 [grpc-default-executor-7] INFO  impl.FollowerInfo (FollowerInfo.java:lambda$new$0(51)) - omNode-1@group-523986131536->omNode-2: nextIndex: updateUnconditionally 172 -> 45
2019-10-02 11:20:33,509 [grpc-default-executor-4] WARN  server.GrpcLogAppender (LogUtils.java:warn(134)) - omNode-1@group-523986131536->omNode-2-AppendLogResponseHandler: Failed appendEntries: org.apache.ratis.thirdparty.io.grpc.StatusRuntimeException: UNAVAILABLE: io exception
2019-10-02 11:20:33,509 [grpc-default-executor-4] INFO  impl.FollowerInfo (FollowerInfo.java:lambda$new$0(51)) - omNode-1@group-523986131536->omNode-2: nextIndex: updateUnconditionally 173 -> 45
2019-10-02 11:20:33,511 [grpc-default-executor-4] WARN  server.GrpcLogAppender (LogUtils.java:warn(134)) - omNode-1@group-523986131536->omNode-2-AppendLogResponseHandler: Failed appendEntries: org.apache.ratis.thirdparty.io.grpc.StatusRuntimeException: UNAVAILABLE: io exception
2019-10-02 11:20:33,511 [grpc-default-executor-4] INFO  impl.FollowerInfo (FollowerInfo.java:lambda$new$0(51)) - omNode-1@group-523986131536->omNode-2: nextIndex: updateUnconditionally 173 -> 45
2019-10-02 11:20:33,515 [grpc-default-executor-8] WARN  server.GrpcLogAppender (LogUtils.java:warn(134)) - omNode-1@group-523986131536->omNode-2-AppendLogResponseHandler: Failed appendEntries: org.apache.ratis.thirdparty.io.grpc.StatusRuntimeException: UNAVAILABLE: io exception
2019-10-02 11:20:33,516 [grpc-default-executor-8] INFO  impl.FollowerInfo (FollowerInfo.java:lambda$new$0(51)) - omNode-1@group-523986131536->omNode-2: nextIndex: updateUnconditionally 175 -> 45
2019-10-02 11:20:33,517 [grpc-default-executor-9] WARN  server.GrpcLogAppender (LogUtils.java:warn(134)) - omNode-1@group-523986131536->omNode-2-AppendLogResponseHandler: Failed appendEntries: org.apache.ratis.thirdparty.io.grpc.StatusRuntimeException: UNAVAILABLE: io exception
2019-10-02 11:20:33,518 [grpc-default-executor-9] INFO  impl.FollowerInfo (FollowerInfo.java:lambda$new$0(51)) - omNode-1@group-523986131536->omNode-2: nextIndex: updateUnconditionally 175 -> 45
2019-10-02 11:20:33,530 [grpc-default-executor-8] WARN  server.GrpcLogAppender (LogUtils.java:warn(134)) - omNode-1@group-523986131536->omNode-2-AppendLogResponseHandler: Failed appendEntries: org.apache.ratis.thirdparty.io.grpc.StatusRuntimeException: UNAVAILABLE: io exception
2019-10-02 11:20:33,530 [grpc-default-executor-8] INFO  impl.FollowerInfo (FollowerInfo.java:lambda$new$0(51)) - omNode-1@group-523986131536->omNode-2: nextIndex: updateUnconditionally 176 -> 45
2019-10-02 11:20:33,533 [grpc-default-executor-8] WARN  server.GrpcLogAppender (LogUtils.java:warn(134)) - omNode-1@group-523986131536->omNode-2-AppendLogResponseHandler: Failed appendEntries: org.apache.ratis.thirdparty.io.grpc.StatusRuntimeException: UNAVAILABLE: io exception
2019-10-02 11:20:33,533 [grpc-default-executor-8] INFO  impl.FollowerInfo (FollowerInfo.java:lambda$new$0(51)) - omNode-1@group-523986131536->omNode-2: nextIndex: updateUnconditionally 177 -> 45
2019-10-02 11:20:33,536 [grpc-default-executor-4] WARN  server.GrpcLogAppender (LogUtils.java:warn(134)) - omNode-1@group-523986131536->omNode-2-AppendLogResponseHandler: Failed appendEntries: org.apache.ratis.thirdparty.io.grpc.StatusRuntimeException: UNAVAILABLE: io exception
2019-10-02 11:20:33,536 [grpc-default-executor-4] INFO  impl.FollowerInfo (FollowerInfo.java:lambda$new$0(51)) - omNode-1@group-523986131536->omNode-2: nextIndex: updateUnconditionally 177 -> 45
2019-10-02 11:20:33,539 [grpc-default-executor-9] WARN  server.GrpcLogAppender (LogUtils.java:warn(134)) - omNode-1@group-523986131536->omNode-2-AppendLogResponseHandler: Failed appendEntries: org.apache.ratis.thirdparty.io.grpc.StatusRuntimeException: UNAVAILABLE: io exception
2019-10-02 11:20:33,540 [grpc-default-executor-9] INFO  impl.FollowerInfo (FollowerInfo.java:lambda$new$0(51)) - omNode-1@group-523986131536->omNode-2: nextIndex: updateUnconditionally 179 -> 45
2019-10-02 11:20:33,543 [grpc-default-executor-9] WARN  server.GrpcLogAppender (LogUtils.java:warn(134)) - omNode-1@group-523986131536->omNode-2-AppendLogResponseHandler: Failed appendEntries: org.apache.ratis.thirdparty.io.grpc.StatusRuntimeException: UNAVAILABLE: io exception
2019-10-02 11:20:33,543 [grpc-default-executor-9] INFO  impl.FollowerInfo (FollowerInfo.java:lambda$new$0(51)) - omNode-1@group-523986131536->omNode-2: nextIndex: updateUnconditionally 179 -> 45
2019-10-02 11:20:33,560 [grpc-default-executor-8] WARN  server.GrpcLogAppender (LogUtils.java:warn(134)) - omNode-1@group-523986131536->omNode-2-AppendLogResponseHandler: Failed appendEntries: org.apache.ratis.thirdparty.io.grpc.StatusRuntimeException: UNAVAILABLE: io exception
2019-10-02 11:20:33,560 [grpc-default-executor-8] INFO  impl.FollowerInfo (FollowerInfo.java:lambda$new$0(51)) - omNode-1@group-523986131536->omNode-2: nextIndex: updateUnconditionally 180 -> 45
2019-10-02 11:20:33,563 [grpc-default-executor-9] WARN  server.GrpcLogAppender (LogUtils.java:warn(134)) - omNode-1@group-523986131536->omNode-2-AppendLogResponseHandler: Failed appendEntries: org.apache.ratis.thirdparty.io.grpc.StatusRuntimeException: UNAVAILABLE: io exception
2019-10-02 11:20:33,563 [grpc-default-executor-9] INFO  impl.FollowerInfo (FollowerInfo.java:lambda$new$0(51)) - omNode-1@group-523986131536->omNode-2: nextIndex: updateUnconditionally 181 -> 45
2019-10-02 11:20:33,567 [grpc-default-executor-4] WARN  server.GrpcLogAppender (LogUtils.java:warn(134)) - omNode-1@group-523986131536->omNode-2-AppendLogResponseHandler: Failed appendEntries: org.apache.ratis.thirdparty.io.grpc.StatusRuntimeException: UNAVAILABLE: io exception
2019-10-02 11:20:33,567 [grpc-default-executor-4] INFO  impl.FollowerInfo (FollowerInfo.java:lambda$new$0(51)) - omNode-1@group-523986131536->omNode-2: nextIndex: updateUnconditionally 182 -> 45
2019-10-02 11:20:33,588 [grpc-default-executor-4] WARN  server.GrpcLogAppender (LogUtils.java:warn(134)) - omNode-1@group-523986131536->omNode-2-AppendLogResponseHandler: Failed appendEntries: org.apache.ratis.thirdparty.io.grpc.StatusRuntimeException: UNAVAILABLE: io exception
2019-10-02 11:20:33,589 [grpc-default-executor-4] INFO  impl.FollowerInfo (FollowerInfo.java:lambda$new$0(51)) - omNode-1@group-523986131536->omNode-2: nextIndex: updateUnconditionally 182 -> 45
2019-10-02 11:20:33,597 [grpc-default-executor-4] WARN  server.GrpcLogAppender (LogUtils.java:warn(134)) - omNode-1@group-523986131536->omNode-2-AppendLogResponseHandler: Failed appendEntries: org.apache.ratis.thirdparty.io.grpc.StatusRuntimeException: UNAVAILABLE: io exception
2019-10-02 11:20:33,597 [grpc-default-executor-4] INFO  impl.FollowerInfo (FollowerInfo.java:lambda$new$0(51)) - omNode-1@group-523986131536->omNode-2: nextIndex: updateUnconditionally 184 -> 45
2019-10-02 11:20:33,604 [grpc-default-executor-4] WARN  server.GrpcLogAppender (LogUtils.java:warn(134)) - omNode-1@group-523986131536->omNode-2-AppendLogResponseHandler: Failed appendEntries: org.apache.ratis.thirdparty.io.grpc.StatusRuntimeException: UNAVAILABLE: io exception
2019-10-02 11:20:33,604 [grpc-default-executor-4] INFO  impl.FollowerInfo (FollowerInfo.java:lambda$new$0(51)) - omNode-1@group-523986131536->omNode-2: nextIndex: updateUnconditionally 184 -> 45
2019-10-02 11:20:33,608 [grpc-default-executor-9] WARN  server.GrpcLogAppender (LogUtils.java:warn(134)) - omNode-1@group-523986131536->omNode-2-AppendLogResponseHandler: Failed appendEntries: org.apache.ratis.thirdparty.io.grpc.StatusRuntimeException: UNAVAILABLE: io exception
2019-10-02 11:20:33,608 [grpc-default-executor-9] INFO  impl.FollowerInfo (FollowerInfo.java:lambda$new$0(51)) - omNode-1@group-523986131536->omNode-2: nextIndex: updateUnconditionally 186 -> 45
2019-10-02 11:20:33,617 [grpc-default-executor-4] WARN  server.GrpcLogAppender (LogUtils.java:warn(134)) - omNode-1@group-523986131536->omNode-2-AppendLogResponseHandler: Failed appendEntries: org.apache.ratis.thirdparty.io.grpc.StatusRuntimeException: UNAVAILABLE: io exception
2019-10-02 11:20:33,617 [grpc-default-executor-4] INFO  impl.FollowerInfo (FollowerInfo.java:lambda$new$0(51)) - omNode-1@group-523986131536->omNode-2: nextIndex: updateUnconditionally 186 -> 45
2019-10-02 11:20:33,618 [grpc-default-executor-8] WARN  server.GrpcLogAppender (LogUtils.java:warn(134)) - omNode-1@group-523986131536->omNode-2-AppendLogResponseHandler: Failed appendEntries: org.apache.ratis.thirdparty.io.grpc.StatusRuntimeException: UNAVAILABLE: io exception
2019-10-02 11:20:33,619 [grpc-default-executor-8] INFO  impl.FollowerInfo (FollowerInfo.java:lambda$new$0(51)) - omNode-1@group-523986131536->omNode-2: nextIndex: updateUnconditionally 187 -> 45
2019-10-02 11:20:33,625 [grpc-default-executor-4] WARN  server.GrpcLogAppender (LogUtils.java:warn(134)) - omNode-1@group-523986131536->omNode-2-AppendLogResponseHandler: Failed appendEntries: org.apache.ratis.thirdparty.io.grpc.StatusRuntimeException: UNAVAILABLE: io exception
2019-10-02 11:20:33,626 [grpc-default-executor-4] INFO  impl.FollowerInfo (FollowerInfo.java:lambda$new$0(51)) - omNode-1@group-523986131536->omNode-2: nextIndex: updateUnconditionally 188 -> 45
2019-10-02 11:20:33,631 [grpc-default-executor-8] WARN  server.GrpcLogAppender (LogUtils.java:warn(134)) - omNode-1@group-523986131536->omNode-2-AppendLogResponseHandler: Failed appendEntries: org.apache.ratis.thirdparty.io.grpc.StatusRuntimeException: UNAVAILABLE: io exception
2019-10-02 11:20:33,631 [grpc-default-executor-8] INFO  impl.FollowerInfo (FollowerInfo.java:lambda$new$0(51)) - omNode-1@group-523986131536->omNode-2: nextIndex: updateUnconditionally 188 -> 45
2019-10-02 11:20:33,635 [grpc-default-executor-9] WARN  server.GrpcLogAppender (LogUtils.java:warn(134)) - omNode-1@group-523986131536->omNode-2-AppendLogResponseHandler: Failed appendEntries: org.apache.ratis.thirdparty.io.grpc.StatusRuntimeException: UNAVAILABLE: io exception
2019-10-02 11:20:33,635 [grpc-default-executor-9] INFO  impl.FollowerInfo (FollowerInfo.java:lambda$new$0(51)) - omNode-1@group-523986131536->omNode-2: nextIndex: updateUnconditionally 190 -> 45
2019-10-02 11:20:33,644 [grpc-default-executor-9] WARN  server.GrpcLogAppender (LogUtils.java:warn(134)) - omNode-1@group-523986131536->omNode-2-AppendLogResponseHandler: Failed appendEntries: org.apache.ratis.thirdparty.io.grpc.StatusRuntimeException: UNAVAILABLE: io exception
2019-10-02 11:20:33,644 [grpc-default-executor-9] INFO  impl.FollowerInfo (FollowerInfo.java:lambda$new$0(51)) - omNode-1@group-523986131536->omNode-2: nextIndex: updateUnconditionally 190 -> 45
2019-10-02 11:20:33,652 [grpc-default-executor-4] WARN  server.GrpcLogAppender (LogUtils.java:warn(134)) - omNode-1@group-523986131536->omNode-2-AppendLogResponseHandler: Failed appendEntries: org.apache.ratis.thirdparty.io.grpc.StatusRuntimeException: UNAVAILABLE: io exception
2019-10-02 11:20:33,652 [grpc-default-executor-4] INFO  impl.FollowerInfo (FollowerInfo.java:lambda$new$0(51)) - omNode-1@group-523986131536->omNode-2: nextIndex: updateUnconditionally 192 -> 45
2019-10-02 11:20:33,658 [grpc-default-executor-8] WARN  server.GrpcLogAppender (LogUtils.java:warn(134)) - omNode-1@group-523986131536->omNode-2-AppendLogResponseHandler: Failed appendEntries: org.apache.ratis.thirdparty.io.grpc.StatusRuntimeException: UNAVAILABLE: io exception
2019-10-02 11:20:33,659 [grpc-default-executor-8] INFO  impl.FollowerInfo (FollowerInfo.java:lambda$new$0(51)) - omNode-1@group-523986131536->omNode-2: nextIndex: updateUnconditionally 192 -> 45
2019-10-02 11:20:33,662 [grpc-default-executor-8] WARN  server.GrpcLogAppender (LogUtils.java:warn(134)) - omNode-1@group-523986131536->omNode-2-AppendLogResponseHandler: Failed appendEntries: org.apache.ratis.thirdparty.io.grpc.StatusRuntimeException: UNAVAILABLE: io exception
2019-10-02 11:20:33,663 [grpc-default-executor-8] INFO  impl.FollowerInfo (FollowerInfo.java:lambda$new$0(51)) - omNode-1@group-523986131536->omNode-2: nextIndex: updateUnconditionally 194 -> 45
2019-10-02 11:20:33,671 [grpc-default-executor-7] WARN  server.GrpcLogAppender (LogUtils.java:warn(134)) - omNode-1@group-523986131536->omNode-2-AppendLogResponseHandler: Failed appendEntries: org.apache.ratis.thirdparty.io.grpc.StatusRuntimeException: UNAVAILABLE: io exception
2019-10-02 11:20:33,671 [grpc-default-executor-7] INFO  impl.FollowerInfo (FollowerInfo.java:lambda$new$0(51)) - omNode-1@group-523986131536->omNode-2: nextIndex: updateUnconditionally 194 -> 45
2019-10-02 11:20:33,680 [grpc-default-executor-8] WARN  server.GrpcLogAppender (LogUtils.java:warn(134)) - omNode-1@group-523986131536->omNode-2-AppendLogResponseHandler: Failed appendEntries: org.apache.ratis.thirdparty.io.grpc.StatusRuntimeException: UNAVAILABLE: io exception
2019-10-02 11:20:33,680 [grpc-default-executor-8] INFO  impl.FollowerInfo (FollowerInfo.java:lambda$new$0(51)) - omNode-1@group-523986131536->omNode-2: nextIndex: updateUnconditionally 196 -> 45
2019-10-02 11:20:33,685 [grpc-default-executor-7] WARN  server.GrpcLogAppender (LogUtils.java:warn(134)) - omNode-1@group-523986131536->omNode-2-AppendLogResponseHandler: Failed appendEntries: org.apache.ratis.thirdparty.io.grpc.StatusRuntimeException: UNAVAILABLE: io exception
2019-10-02 11:20:33,685 [grpc-default-executor-7] INFO  impl.FollowerInfo (FollowerInfo.java:lambda$new$0(51)) - omNode-1@group-523986131536->omNode-2: nextIndex: updateUnconditionally 196 -> 45
2019-10-02 11:20:33,689 [grpc-default-executor-4] WARN  server.GrpcLogAppender (LogUtils.java:warn(134)) - omNode-1@group-523986131536->omNode-2-AppendLogResponseHandler: Failed appendEntries: org.apache.ratis.thirdparty.io.grpc.StatusRuntimeException: UNAVAILABLE: io exception
2019-10-02 11:20:33,689 [grpc-default-executor-4] INFO  impl.FollowerInfo (FollowerInfo.java:lambda$new$0(51)) - omNode-1@group-523986131536->omNode-2: nextIndex: updateUnconditionally 198 -> 45
2019-10-02 11:20:33,698 [grpc-default-executor-4] WARN  server.GrpcLogAppender (LogUtils.java:warn(134)) - omNode-1@group-523986131536->omNode-2-AppendLogResponseHandler: Failed appendEntries: org.apache.ratis.thirdparty.io.grpc.StatusRuntimeException: UNAVAILABLE: io exception
2019-10-02 11:20:33,698 [grpc-default-executor-4] INFO  impl.FollowerInfo (FollowerInfo.java:lambda$new$0(51)) - omNode-1@group-523986131536->omNode-2: nextIndex: updateUnconditionally 198 -> 45
2019-10-02 11:20:33,711 [grpc-default-executor-8] WARN  server.GrpcLogAppender (LogUtils.java:warn(134)) - omNode-1@group-523986131536->omNode-2-AppendLogResponseHandler: Failed appendEntries: org.apache.ratis.thirdparty.io.grpc.StatusRuntimeException: UNAVAILABLE: io exception
2019-10-02 11:20:33,711 [grpc-default-executor-8] INFO  impl.FollowerInfo (FollowerInfo.java:lambda$new$0(51)) - omNode-1@group-523986131536->omNode-2: nextIndex: updateUnconditionally 199 -> 45
2019-10-02 11:20:33,723 [omNode-1@group-523986131536-StateMachineUpdater] INFO  ratis.OzoneManagerStateMachine (OzoneManagerStateMachine.java:takeSnapshot(254)) - Saving Ratis snapshot on the OM.
2019-10-02 11:20:33,723 [omNode-1@group-523986131536-StateMachineUpdater] INFO  ratis.OMRatisSnapshotInfo (OMRatisSnapshotInfo.java:saveRatisSnapshotToDisk(107)) - Saved Ratis Snapshot on the OM with snapshotIndex 199
2019-10-02 11:20:33,723 [grpc-default-executor-8] WARN  server.GrpcLogAppender (LogUtils.java:warn(134)) - omNode-1@group-523986131536->omNode-2-AppendLogResponseHandler: Failed appendEntries: org.apache.ratis.thirdparty.io.grpc.StatusRuntimeException: UNAVAILABLE: io exception
2019-10-02 11:20:33,724 [omNode-1@group-523986131536-StateMachineUpdater] INFO  impl.StateMachineUpdater (StateMachineUpdater.java:takeSnapshot(269)) - omNode-1@group-523986131536-StateMachineUpdater: Took a snapshot at index 199
2019-10-02 11:20:33,724 [grpc-default-executor-8] INFO  impl.FollowerInfo (FollowerInfo.java:lambda$new$0(51)) - omNode-1@group-523986131536->omNode-2: nextIndex: updateUnconditionally 201 -> 45
2019-10-02 11:20:33,724 [omNode-1@group-523986131536-StateMachineUpdater] INFO  impl.StateMachineUpdater (StateMachineUpdater.java:lambda$new$0(84)) - omNode-1@group-523986131536-StateMachineUpdater: snapshotIndex: updateIncreasingly 149 -> 199
2019-10-02 11:20:33,727 [grpc-default-executor-4] WARN  server.GrpcLogAppender (LogUtils.java:warn(134)) - omNode-1@group-523986131536->omNode-2-AppendLogResponseHandler: Failed appendEntries: org.apache.ratis.thirdparty.io.grpc.StatusRuntimeException: UNAVAILABLE: io exception
2019-10-02 11:20:33,727 [grpc-default-executor-4] INFO  impl.FollowerInfo (FollowerInfo.java:lambda$new$0(51)) - omNode-1@group-523986131536->omNode-2: nextIndex: updateUnconditionally 202 -> 45
2019-10-02 11:20:33,735 [omNode-3@group-523986131536-StateMachineUpdater] INFO  ratis.OzoneManagerStateMachine (OzoneManagerStateMachine.java:takeSnapshot(254)) - Saving Ratis snapshot on the OM.
2019-10-02 11:20:33,736 [omNode-3@group-523986131536-StateMachineUpdater] INFO  ratis.OMRatisSnapshotInfo (OMRatisSnapshotInfo.java:saveRatisSnapshotToDisk(107)) - Saved Ratis Snapshot on the OM with snapshotIndex 199
2019-10-02 11:20:33,736 [omNode-3@group-523986131536-StateMachineUpdater] INFO  impl.StateMachineUpdater (StateMachineUpdater.java:takeSnapshot(269)) - omNode-3@group-523986131536-StateMachineUpdater: Took a snapshot at index 199
2019-10-02 11:20:33,736 [omNode-3@group-523986131536-StateMachineUpdater] INFO  impl.StateMachineUpdater (StateMachineUpdater.java:lambda$new$0(84)) - omNode-3@group-523986131536-StateMachineUpdater: snapshotIndex: updateIncreasingly 149 -> 199
2019-10-02 11:20:33,737 [grpc-default-executor-4] WARN  server.GrpcLogAppender (LogUtils.java:warn(134)) - omNode-1@group-523986131536->omNode-2-AppendLogResponseHandler: Failed appendEntries: org.apache.ratis.thirdparty.io.grpc.StatusRuntimeException: UNAVAILABLE: io exception
2019-10-02 11:20:33,737 [grpc-default-executor-4] INFO  impl.FollowerInfo (FollowerInfo.java:lambda$new$0(51)) - omNode-1@group-523986131536->omNode-2: nextIndex: updateUnconditionally 202 -> 45
2019-10-02 11:20:33,747 [grpc-default-executor-8] WARN  server.GrpcLogAppender (LogUtils.java:warn(134)) - omNode-1@group-523986131536->omNode-2-AppendLogResponseHandler: Failed appendEntries: org.apache.ratis.thirdparty.io.grpc.StatusRuntimeException: UNAVAILABLE: io exception
2019-10-02 11:20:33,747 [grpc-default-executor-8] INFO  impl.FollowerInfo (FollowerInfo.java:lambda$new$0(51)) - omNode-1@group-523986131536->omNode-2: nextIndex: updateUnconditionally 204 -> 45
2019-10-02 11:20:33,750 [grpc-default-executor-7] WARN  server.GrpcLogAppender (LogUtils.java:warn(134)) - omNode-1@group-523986131536->omNode-2-AppendLogResponseHandler: Failed appendEntries: org.apache.ratis.thirdparty.io.grpc.StatusRuntimeException: UNAVAILABLE: io exception
2019-10-02 11:20:33,751 [grpc-default-executor-7] INFO  impl.FollowerInfo (FollowerInfo.java:lambda$new$0(51)) - omNode-1@group-523986131536->omNode-2: nextIndex: updateUnconditionally 204 -> 45
2019-10-02 11:20:33,755 [grpc-default-executor-8] WARN  server.GrpcLogAppender (LogUtils.java:warn(134)) - omNode-1@group-523986131536->omNode-2-AppendLogResponseHandler: Failed appendEntries: org.apache.ratis.thirdparty.io.grpc.StatusRuntimeException: UNAVAILABLE: io exception
2019-10-02 11:20:33,755 [grpc-default-executor-8] INFO  impl.FollowerInfo (FollowerInfo.java:lambda$new$0(51)) - omNode-1@group-523986131536->omNode-2: nextIndex: updateUnconditionally 205 -> 45
2019-10-02 11:20:33,759 [grpc-default-executor-4] WARN  server.GrpcLogAppender (LogUtils.java:warn(134)) - omNode-1@group-523986131536->omNode-2-AppendLogResponseHandler: Failed appendEntries: org.apache.ratis.thirdparty.io.grpc.StatusRuntimeException: UNAVAILABLE: io exception
2019-10-02 11:20:33,759 [grpc-default-executor-4] INFO  impl.FollowerInfo (FollowerInfo.java:lambda$new$0(51)) - omNode-1@group-523986131536->omNode-2: nextIndex: updateUnconditionally 207 -> 45
2019-10-02 11:20:33,761 [grpc-default-executor-9] WARN  server.GrpcLogAppender (LogUtils.java:warn(134)) - omNode-1@group-523986131536->omNode-2-AppendLogResponseHandler: Failed appendEntries: org.apache.ratis.thirdparty.io.grpc.StatusRuntimeException: UNAVAILABLE: io exception
2019-10-02 11:20:33,762 [grpc-default-executor-9] INFO  impl.FollowerInfo (FollowerInfo.java:lambda$new$0(51)) - omNode-1@group-523986131536->omNode-2: nextIndex: updateUnconditionally 207 -> 45
2019-10-02 11:20:33,765 [IPC Server handler 9 on 10428] INFO  segmented.SegmentedRaftLogWorker (SegmentedRaftLogWorker.java:rollLogSegment(390)) - omNode-1@group-523986131536-SegmentedRaftLogWorker: Rolling segment log-139_206 to index:206
2019-10-02 11:20:33,766 [omNode-1@group-523986131536-SegmentedRaftLogWorker] INFO  segmented.SegmentedRaftLogWorker (SegmentedRaftLogWorker.java:execute(531)) - omNode-1@group-523986131536-SegmentedRaftLogWorker: Rolled log segment from /workdir/hadoop-ozone/integration-test/target/test-dir/MiniOzoneClusterImpl-4fbee6c2-d92b-4186-98e8-d11e1b77f972/omNode-1/ratis/c9bc4cf4-3bc3-3c60-a66b-523986131536/current/log_inprogress_139 to /workdir/hadoop-ozone/integration-test/target/test-dir/MiniOzoneClusterImpl-4fbee6c2-d92b-4186-98e8-d11e1b77f972/omNode-1/ratis/c9bc4cf4-3bc3-3c60-a66b-523986131536/current/log_139-206
2019-10-02 11:20:33,772 [grpc-default-executor-4] INFO  segmented.SegmentedRaftLogWorker (SegmentedRaftLogWorker.java:rollLogSegment(390)) - omNode-3@group-523986131536-SegmentedRaftLogWorker: Rolling segment log-139_206 to index:206
2019-10-02 11:20:33,773 [omNode-3@group-523986131536-SegmentedRaftLogWorker] INFO  segmented.SegmentedRaftLogWorker (SegmentedRaftLogWorker.java:execute(531)) - omNode-3@group-523986131536-SegmentedRaftLogWorker: Rolled log segment from /workdir/hadoop-ozone/integration-test/target/test-dir/MiniOzoneClusterImpl-4fbee6c2-d92b-4186-98e8-d11e1b77f972/omNode-3/ratis/c9bc4cf4-3bc3-3c60-a66b-523986131536/current/log_inprogress_139 to /workdir/hadoop-ozone/integration-test/target/test-dir/MiniOzoneClusterImpl-4fbee6c2-d92b-4186-98e8-d11e1b77f972/omNode-3/ratis/c9bc4cf4-3bc3-3c60-a66b-523986131536/current/log_139-206
2019-10-02 11:20:33,776 [omNode-1@group-523986131536-SegmentedRaftLogWorker] INFO  segmented.SegmentedRaftLogWorker (SegmentedRaftLogWorker.java:execute(574)) - omNode-1@group-523986131536-SegmentedRaftLogWorker: created new log segment /workdir/hadoop-ozone/integration-test/target/test-dir/MiniOzoneClusterImpl-4fbee6c2-d92b-4186-98e8-d11e1b77f972/omNode-1/ratis/c9bc4cf4-3bc3-3c60-a66b-523986131536/current/log_inprogress_207
2019-10-02 11:20:33,784 [omNode-3@group-523986131536-SegmentedRaftLogWorker] INFO  segmented.SegmentedRaftLogWorker (SegmentedRaftLogWorker.java:execute(574)) - omNode-3@group-523986131536-SegmentedRaftLogWorker: created new log segment /workdir/hadoop-ozone/integration-test/target/test-dir/MiniOzoneClusterImpl-4fbee6c2-d92b-4186-98e8-d11e1b77f972/omNode-3/ratis/c9bc4cf4-3bc3-3c60-a66b-523986131536/current/log_inprogress_207
2019-10-02 11:20:33,795 [grpc-default-executor-4] WARN  server.GrpcLogAppender (LogUtils.java:warn(134)) - omNode-1@group-523986131536->omNode-2-AppendLogResponseHandler: Failed appendEntries: org.apache.ratis.thirdparty.io.grpc.StatusRuntimeException: UNAVAILABLE: io exception
2019-10-02 11:20:33,797 [grpc-default-executor-4] INFO  impl.FollowerInfo (FollowerInfo.java:lambda$new$0(51)) - omNode-1@group-523986131536->omNode-2: nextIndex: updateUnconditionally 208 -> 45
2019-10-02 11:20:33,800 [grpc-default-executor-8] WARN  server.GrpcLogAppender (LogUtils.java:warn(134)) - omNode-1@group-523986131536->omNode-2-AppendLogResponseHandler: Failed appendEntries: org.apache.ratis.thirdparty.io.grpc.StatusRuntimeException: UNAVAILABLE: io exception
2019-10-02 11:20:33,800 [grpc-default-executor-8] INFO  impl.FollowerInfo (FollowerInfo.java:lambda$new$0(51)) - omNode-1@group-523986131536->omNode-2: nextIndex: updateUnconditionally 209 -> 45
2019-10-02 11:20:33,802 [grpc-default-executor-9] WARN  server.GrpcLogAppender (LogUtils.java:warn(134)) - omNode-1@group-523986131536->omNode-2-AppendLogResponseHandler: Failed appendEntries: org.apache.ratis.thirdparty.io.grpc.StatusRuntimeException: UNAVAILABLE: io exception
2019-10-02 11:20:33,802 [grpc-default-executor-9] INFO  impl.FollowerInfo (FollowerInfo.java:lambda$new$0(51)) - omNode-1@group-523986131536->omNode-2: nextIndex: updateUnconditionally 209 -> 45
2019-10-02 11:20:33,806 [grpc-default-executor-9] WARN  server.GrpcLogAppender (LogUtils.java:warn(134)) - omNode-1@group-523986131536->omNode-2-AppendLogResponseHandler: Failed appendEntries: org.apache.ratis.thirdparty.io.grpc.StatusRuntimeException: UNAVAILABLE: io exception
2019-10-02 11:20:33,806 [grpc-default-executor-9] INFO  impl.FollowerInfo (FollowerInfo.java:lambda$new$0(51)) - omNode-1@group-523986131536->omNode-2: nextIndex: updateUnconditionally 211 -> 45
2019-10-02 11:20:33,809 [grpc-default-executor-4] WARN  server.GrpcLogAppender (LogUtils.java:warn(134)) - omNode-1@group-523986131536->omNode-2-AppendLogResponseHandler: Failed appendEntries: org.apache.ratis.thirdparty.io.grpc.StatusRuntimeException: UNAVAILABLE: io exception
2019-10-02 11:20:33,809 [grpc-default-executor-4] INFO  impl.FollowerInfo (FollowerInfo.java:lambda$new$0(51)) - omNode-1@group-523986131536->omNode-2: nextIndex: updateUnconditionally 211 -> 45
2019-10-02 11:20:33,816 [grpc-default-executor-8] WARN  server.GrpcLogAppender (LogUtils.java:warn(134)) - omNode-1@group-523986131536->omNode-2-AppendLogResponseHandler: Failed appendEntries: org.apache.ratis.thirdparty.io.grpc.StatusRuntimeException: UNAVAILABLE: io exception
2019-10-02 11:20:33,816 [grpc-default-executor-8] INFO  impl.FollowerInfo (FollowerInfo.java:lambda$new$0(51)) - omNode-1@group-523986131536->omNode-2: nextIndex: updateUnconditionally 212 -> 45
2019-10-02 11:20:33,819 [grpc-default-executor-4] WARN  server.GrpcLogAppender (LogUtils.java:warn(134)) - omNode-1@group-523986131536->omNode-2-AppendLogResponseHandler: Failed appendEntries: org.apache.ratis.thirdparty.io.grpc.StatusRuntimeException: UNAVAILABLE: io exception
2019-10-02 11:20:33,819 [grpc-default-executor-4] INFO  impl.FollowerInfo (FollowerInfo.java:lambda$new$0(51)) - omNode-1@group-523986131536->omNode-2: nextIndex: updateUnconditionally 213 -> 45
2019-10-02 11:20:33,822 [grpc-default-executor-9] WARN  server.GrpcLogAppender (LogUtils.java:warn(134)) - omNode-1@group-523986131536->omNode-2-AppendLogResponseHandler: Failed appendEntries: org.apache.ratis.thirdparty.io.grpc.StatusRuntimeException: UNAVAILABLE: io exception
2019-10-02 11:20:33,822 [grpc-default-executor-9] INFO  impl.FollowerInfo (FollowerInfo.java:lambda$new$0(51)) - omNode-1@group-523986131536->omNode-2: nextIndex: updateUnconditionally 214 -> 45
2019-10-02 11:20:33,838 [grpc-default-executor-9] WARN  server.GrpcLogAppender (LogUtils.java:warn(134)) - omNode-1@group-523986131536->omNode-2-AppendLogResponseHandler: Failed appendEntries: org.apache.ratis.thirdparty.io.grpc.StatusRuntimeException: UNAVAILABLE: io exception
2019-10-02 11:20:33,838 [grpc-default-executor-9] INFO  impl.FollowerInfo (FollowerInfo.java:lambda$new$0(51)) - omNode-1@group-523986131536->omNode-2: nextIndex: updateUnconditionally 214 -> 45
2019-10-02 11:20:33,848 [grpc-default-executor-9] WARN  server.GrpcLogAppender (LogUtils.java:warn(134)) - omNode-1@group-523986131536->omNode-2-AppendLogResponseHandler: Failed appendEntries: org.apache.ratis.thirdparty.io.grpc.StatusRuntimeException: UNAVAILABLE: io exception
2019-10-02 11:20:33,848 [grpc-default-executor-9] INFO  impl.FollowerInfo (FollowerInfo.java:lambda$new$0(51)) - omNode-1@group-523986131536->omNode-2: nextIndex: updateUnconditionally 216 -> 45
2019-10-02 11:20:33,851 [grpc-default-executor-9] WARN  server.GrpcLogAppender (LogUtils.java:warn(134)) - omNode-1@group-523986131536->omNode-2-AppendLogResponseHandler: Failed appendEntries: org.apache.ratis.thirdparty.io.grpc.StatusRuntimeException: UNAVAILABLE: io exception
2019-10-02 11:20:33,851 [grpc-default-executor-9] INFO  impl.FollowerInfo (FollowerInfo.java:lambda$new$0(51)) - omNode-1@group-523986131536->omNode-2: nextIndex: updateUnconditionally 216 -> 45
2019-10-02 11:20:33,853 [grpc-default-executor-8] WARN  server.GrpcLogAppender (LogUtils.java:warn(134)) - omNode-1@group-523986131536->omNode-2-AppendLogResponseHandler: Failed appendEntries: org.apache.ratis.thirdparty.io.grpc.StatusRuntimeException: UNAVAILABLE: io exception
2019-10-02 11:20:33,853 [grpc-default-executor-8] INFO  impl.FollowerInfo (FollowerInfo.java:lambda$new$0(51)) - omNode-1@group-523986131536->omNode-2: nextIndex: updateUnconditionally 217 -> 45
2019-10-02 11:20:33,856 [grpc-default-executor-4] WARN  server.GrpcLogAppender (LogUtils.java:warn(134)) - omNode-1@group-523986131536->omNode-2-AppendLogResponseHandler: Failed appendEntries: org.apache.ratis.thirdparty.io.grpc.StatusRuntimeException: UNAVAILABLE: io exception
2019-10-02 11:20:33,856 [grpc-default-executor-4] INFO  impl.FollowerInfo (FollowerInfo.java:lambda$new$0(51)) - omNode-1@group-523986131536->omNode-2: nextIndex: updateUnconditionally 218 -> 45
2019-10-02 11:20:33,867 [grpc-default-executor-8] WARN  server.GrpcLogAppender (LogUtils.java:warn(134)) - omNode-1@group-523986131536->omNode-2-AppendLogResponseHandler: Failed appendEntries: org.apache.ratis.thirdparty.io.grpc.StatusRuntimeException: UNAVAILABLE: io exception
2019-10-02 11:20:33,867 [grpc-default-executor-8] INFO  impl.FollowerInfo (FollowerInfo.java:lambda$new$0(51)) - omNode-1@group-523986131536->omNode-2: nextIndex: updateUnconditionally 218 -> 45
2019-10-02 11:20:33,868 [grpc-default-executor-8] WARN  server.GrpcLogAppender (LogUtils.java:warn(134)) - omNode-1@group-523986131536->omNode-2-AppendLogResponseHandler: Failed appendEntries: org.apache.ratis.thirdparty.io.grpc.StatusRuntimeException: UNAVAILABLE: io exception
2019-10-02 11:20:33,868 [grpc-default-executor-8] INFO  impl.FollowerInfo (FollowerInfo.java:lambda$new$0(51)) - omNode-1@group-523986131536->omNode-2: nextIndex: updateUnconditionally 219 -> 45
2019-10-02 11:20:33,876 [grpc-default-executor-8] WARN  server.GrpcLogAppender (LogUtils.java:warn(134)) - omNode-1@group-523986131536->omNode-2-AppendLogResponseHandler: Failed appendEntries: org.apache.ratis.thirdparty.io.grpc.StatusRuntimeException: UNAVAILABLE: io exception
2019-10-02 11:20:33,876 [grpc-default-executor-8] INFO  impl.FollowerInfo (FollowerInfo.java:lambda$new$0(51)) - omNode-1@group-523986131536->omNode-2: nextIndex: updateUnconditionally 220 -> 45
2019-10-02 11:20:33,880 [grpc-default-executor-8] WARN  server.GrpcLogAppender (LogUtils.java:warn(134)) - omNode-1@group-523986131536->omNode-2-AppendLogResponseHandler: Failed appendEntries: org.apache.ratis.thirdparty.io.grpc.StatusRuntimeException: UNAVAILABLE: io exception
2019-10-02 11:20:33,880 [grpc-default-executor-8] INFO  impl.FollowerInfo (FollowerInfo.java:lambda$new$0(51)) - omNode-1@group-523986131536->omNode-2: nextIndex: updateUnconditionally 220 -> 45
2019-10-02 11:20:33,882 [grpc-default-executor-8] WARN  server.GrpcLogAppender (LogUtils.java:warn(134)) - omNode-1@group-523986131536->omNode-2-AppendLogResponseHandler: Failed appendEntries: org.apache.ratis.thirdparty.io.grpc.StatusRuntimeException: UNAVAILABLE: io exception
2019-10-02 11:20:33,882 [grpc-default-executor-8] INFO  impl.FollowerInfo (FollowerInfo.java:lambda$new$0(51)) - omNode-1@group-523986131536->omNode-2: nextIndex: updateUnconditionally 221 -> 45
2019-10-02 11:20:33,884 [grpc-default-executor-9] WARN  server.GrpcLogAppender (LogUtils.java:warn(134)) - omNode-1@group-523986131536->omNode-2-AppendLogResponseHandler: Failed appendEntries: org.apache.ratis.thirdparty.io.grpc.StatusRuntimeException: UNAVAILABLE: io exception
2019-10-02 11:20:33,884 [grpc-default-executor-9] INFO  impl.FollowerInfo (FollowerInfo.java:lambda$new$0(51)) - omNode-1@group-523986131536->omNode-2: nextIndex: updateUnconditionally 222 -> 45
2019-10-02 11:20:33,894 [grpc-default-executor-8] WARN  server.GrpcLogAppender (LogUtils.java:warn(134)) - omNode-1@group-523986131536->omNode-2-AppendLogResponseHandler: Failed appendEntries: org.apache.ratis.thirdparty.io.grpc.StatusRuntimeException: UNAVAILABLE: io exception
2019-10-02 11:20:33,894 [grpc-default-executor-8] INFO  impl.FollowerInfo (FollowerInfo.java:lambda$new$0(51)) - omNode-1@group-523986131536->omNode-2: nextIndex: updateUnconditionally 222 -> 45
2019-10-02 11:20:33,904 [grpc-default-executor-9] WARN  server.GrpcLogAppender (LogUtils.java:warn(134)) - omNode-1@group-523986131536->omNode-2-AppendLogResponseHandler: Failed appendEntries: org.apache.ratis.thirdparty.io.grpc.StatusRuntimeException: UNAVAILABLE: io exception
2019-10-02 11:20:33,904 [grpc-default-executor-9] INFO  impl.FollowerInfo (FollowerInfo.java:lambda$new$0(51)) - omNode-1@group-523986131536->omNode-2: nextIndex: updateUnconditionally 224 -> 45
2019-10-02 11:20:33,907 [grpc-default-executor-4] WARN  server.GrpcLogAppender (LogUtils.java:warn(134)) - omNode-1@group-523986131536->omNode-2-AppendLogResponseHandler: Failed appendEntries: org.apache.ratis.thirdparty.io.grpc.StatusRuntimeException: UNAVAILABLE: io exception
2019-10-02 11:20:33,907 [grpc-default-executor-4] INFO  impl.FollowerInfo (FollowerInfo.java:lambda$new$0(51)) - omNode-1@group-523986131536->omNode-2: nextIndex: updateUnconditionally 224 -> 45
2019-10-02 11:20:33,908 [grpc-default-executor-8] WARN  server.GrpcLogAppender (LogUtils.java:warn(134)) - omNode-1@group-523986131536->omNode-2-AppendLogResponseHandler: Failed appendEntries: org.apache.ratis.thirdparty.io.grpc.StatusRuntimeException: UNAVAILABLE: io exception
2019-10-02 11:20:33,909 [grpc-default-executor-8] INFO  impl.FollowerInfo (FollowerInfo.java:lambda$new$0(51)) - omNode-1@group-523986131536->omNode-2: nextIndex: updateUnconditionally 225 -> 45
2019-10-02 11:20:33,911 [grpc-default-executor-8] WARN  server.GrpcLogAppender (LogUtils.java:warn(134)) - omNode-1@group-523986131536->omNode-2-AppendLogResponseHandler: Failed appendEntries: org.apache.ratis.thirdparty.io.grpc.StatusRuntimeException: UNAVAILABLE: io exception
2019-10-02 11:20:33,911 [grpc-default-executor-8] INFO  impl.FollowerInfo (FollowerInfo.java:lambda$new$0(51)) - omNode-1@group-523986131536->omNode-2: nextIndex: updateUnconditionally 226 -> 45
2019-10-02 11:20:33,921 [grpc-default-executor-4] WARN  server.GrpcLogAppender (LogUtils.java:warn(134)) - omNode-1@group-523986131536->omNode-2-AppendLogResponseHandler: Failed appendEntries: org.apache.ratis.thirdparty.io.grpc.StatusRuntimeException: UNAVAILABLE: io exception
2019-10-02 11:20:33,921 [grpc-default-executor-4] INFO  impl.FollowerInfo (FollowerInfo.java:lambda$new$0(51)) - omNode-1@group-523986131536->omNode-2: nextIndex: updateUnconditionally 226 -> 45
2019-10-02 11:20:33,928 [grpc-default-executor-8] WARN  server.GrpcLogAppender (LogUtils.java:warn(134)) - omNode-1@group-523986131536->omNode-2-AppendLogResponseHandler: Failed appendEntries: org.apache.ratis.thirdparty.io.grpc.StatusRuntimeException: UNAVAILABLE: io exception
2019-10-02 11:20:33,928 [grpc-default-executor-8] INFO  impl.FollowerInfo (FollowerInfo.java:lambda$new$0(51)) - omNode-1@group-523986131536->omNode-2: nextIndex: updateUnconditionally 228 -> 45
2019-10-02 11:20:33,934 [grpc-default-executor-4] WARN  server.GrpcLogAppender (LogUtils.java:warn(134)) - omNode-1@group-523986131536->omNode-2-AppendLogResponseHandler: Failed appendEntries: org.apache.ratis.thirdparty.io.grpc.StatusRuntimeException: UNAVAILABLE: io exception
2019-10-02 11:20:33,934 [grpc-default-executor-4] INFO  impl.FollowerInfo (FollowerInfo.java:lambda$new$0(51)) - omNode-1@group-523986131536->omNode-2: nextIndex: updateUnconditionally 228 -> 45
2019-10-02 11:20:33,936 [grpc-default-executor-8] WARN  server.GrpcLogAppender (LogUtils.java:warn(134)) - omNode-1@group-523986131536->omNode-2-AppendLogResponseHandler: Failed appendEntries: org.apache.ratis.thirdparty.io.grpc.StatusRuntimeException: UNAVAILABLE: io exception
2019-10-02 11:20:33,936 [grpc-default-executor-8] INFO  impl.FollowerInfo (FollowerInfo.java:lambda$new$0(51)) - omNode-1@group-523986131536->omNode-2: nextIndex: updateUnconditionally 229 -> 45
2019-10-02 11:20:33,938 [grpc-default-executor-4] WARN  server.GrpcLogAppender (LogUtils.java:warn(134)) - omNode-1@group-523986131536->omNode-2-AppendLogResponseHandler: Failed appendEntries: org.apache.ratis.thirdparty.io.grpc.StatusRuntimeException: UNAVAILABLE: io exception
2019-10-02 11:20:33,938 [grpc-default-executor-4] INFO  impl.FollowerInfo (FollowerInfo.java:lambda$new$0(51)) - omNode-1@group-523986131536->omNode-2: nextIndex: updateUnconditionally 230 -> 45
2019-10-02 11:20:33,947 [grpc-default-executor-9] WARN  server.GrpcLogAppender (LogUtils.java:warn(134)) - omNode-1@group-523986131536->omNode-2-AppendLogResponseHandler: Failed appendEntries: org.apache.ratis.thirdparty.io.grpc.StatusRuntimeException: UNAVAILABLE: io exception
2019-10-02 11:20:33,947 [grpc-default-executor-9] INFO  impl.FollowerInfo (FollowerInfo.java:lambda$new$0(51)) - omNode-1@group-523986131536->omNode-2: nextIndex: updateUnconditionally 230 -> 45
2019-10-02 11:20:33,949 [grpc-default-executor-4] WARN  server.GrpcLogAppender (LogUtils.java:warn(134)) - omNode-1@group-523986131536->omNode-2-AppendLogResponseHandler: Failed appendEntries: org.apache.ratis.thirdparty.io.grpc.StatusRuntimeException: UNAVAILABLE: io exception
2019-10-02 11:20:33,949 [grpc-default-executor-4] INFO  impl.FollowerInfo (FollowerInfo.java:lambda$new$0(51)) - omNode-1@group-523986131536->omNode-2: nextIndex: updateUnconditionally 231 -> 45
2019-10-02 11:20:33,955 [grpc-default-executor-9] WARN  server.GrpcLogAppender (LogUtils.java:warn(134)) - omNode-1@group-523986131536->omNode-2-AppendLogResponseHandler: Failed appendEntries: org.apache.ratis.thirdparty.io.grpc.StatusRuntimeException: UNAVAILABLE: io exception
2019-10-02 11:20:33,955 [grpc-default-executor-9] INFO  impl.FollowerInfo (FollowerInfo.java:lambda$new$0(51)) - omNode-1@group-523986131536->omNode-2: nextIndex: updateUnconditionally 232 -> 45
2019-10-02 11:20:33,960 [grpc-default-executor-9] WARN  server.GrpcLogAppender (LogUtils.java:warn(134)) - omNode-1@group-523986131536->omNode-2-AppendLogResponseHandler: Failed appendEntries: org.apache.ratis.thirdparty.io.grpc.StatusRuntimeException: UNAVAILABLE: io exception
2019-10-02 11:20:33,961 [grpc-default-executor-9] INFO  impl.FollowerInfo (FollowerInfo.java:lambda$new$0(51)) - omNode-1@group-523986131536->omNode-2: nextIndex: updateUnconditionally 232 -> 45
2019-10-02 11:20:33,962 [grpc-default-executor-4] WARN  server.GrpcLogAppender (LogUtils.java:warn(134)) - omNode-1@group-523986131536->omNode-2-AppendLogResponseHandler: Failed appendEntries: org.apache.ratis.thirdparty.io.grpc.StatusRuntimeException: UNAVAILABLE: io exception
2019-10-02 11:20:33,962 [grpc-default-executor-4] INFO  impl.FollowerInfo (FollowerInfo.java:lambda$new$0(51)) - omNode-1@group-523986131536->omNode-2: nextIndex: updateUnconditionally 233 -> 45
2019-10-02 11:20:33,964 [grpc-default-executor-4] WARN  server.GrpcLogAppender (LogUtils.java:warn(134)) - omNode-1@group-523986131536->omNode-2-AppendLogResponseHandler: Failed appendEntries: org.apache.ratis.thirdparty.io.grpc.StatusRuntimeException: UNAVAILABLE: io exception
2019-10-02 11:20:33,964 [grpc-default-executor-4] INFO  impl.FollowerInfo (FollowerInfo.java:lambda$new$0(51)) - omNode-1@group-523986131536->omNode-2: nextIndex: updateUnconditionally 234 -> 45
2019-10-02 11:20:33,974 [grpc-default-executor-8] WARN  server.GrpcLogAppender (LogUtils.java:warn(134)) - omNode-1@group-523986131536->omNode-2-AppendLogResponseHandler: Failed appendEntries: org.apache.ratis.thirdparty.io.grpc.StatusRuntimeException: UNAVAILABLE: io exception
2019-10-02 11:20:33,974 [grpc-default-executor-8] INFO  impl.FollowerInfo (FollowerInfo.java:lambda$new$0(51)) - omNode-1@group-523986131536->omNode-2: nextIndex: updateUnconditionally 234 -> 45
2019-10-02 11:20:33,982 [grpc-default-executor-9] WARN  server.GrpcLogAppender (LogUtils.java:warn(134)) - omNode-1@group-523986131536->omNode-2-AppendLogResponseHandler: Failed appendEntries: org.apache.ratis.thirdparty.io.grpc.StatusRuntimeException: UNAVAILABLE: io exception
2019-10-02 11:20:33,982 [grpc-default-executor-9] INFO  impl.FollowerInfo (FollowerInfo.java:lambda$new$0(51)) - omNode-1@group-523986131536->omNode-2: nextIndex: updateUnconditionally 236 -> 45
2019-10-02 11:20:33,987 [grpc-default-executor-8] WARN  server.GrpcLogAppender (LogUtils.java:warn(134)) - omNode-1@group-523986131536->omNode-2-AppendLogResponseHandler: Failed appendEntries: org.apache.ratis.thirdparty.io.grpc.StatusRuntimeException: UNAVAILABLE: io exception
2019-10-02 11:20:33,987 [grpc-default-executor-8] INFO  impl.FollowerInfo (FollowerInfo.java:lambda$new$0(51)) - omNode-1@group-523986131536->omNode-2: nextIndex: updateUnconditionally 236 -> 45
2019-10-02 11:20:33,991 [grpc-default-executor-8] WARN  server.GrpcLogAppender (LogUtils.java:warn(134)) - omNode-1@group-523986131536->omNode-2-AppendLogResponseHandler: Failed appendEntries: org.apache.ratis.thirdparty.io.grpc.StatusRuntimeException: UNAVAILABLE: io exception
2019-10-02 11:20:33,991 [grpc-default-executor-8] INFO  impl.FollowerInfo (FollowerInfo.java:lambda$new$0(51)) - omNode-1@group-523986131536->omNode-2: nextIndex: updateUnconditionally 238 -> 45
2019-10-02 11:20:34,001 [grpc-default-executor-7] WARN  server.GrpcLogAppender (LogUtils.java:warn(134)) - omNode-1@group-523986131536->omNode-2-AppendLogResponseHandler: Failed appendEntries: org.apache.ratis.thirdparty.io.grpc.StatusRuntimeException: UNAVAILABLE: io exception
2019-10-02 11:20:34,002 [grpc-default-executor-7] INFO  impl.FollowerInfo (FollowerInfo.java:lambda$new$0(51)) - omNode-1@group-523986131536->omNode-2: nextIndex: updateUnconditionally 238 -> 45
2019-10-02 11:20:34,006 [grpc-default-executor-9] WARN  server.GrpcLogAppender (LogUtils.java:warn(134)) - omNode-1@group-523986131536->omNode-2-AppendLogResponseHandler: Failed appendEntries: org.apache.ratis.thirdparty.io.grpc.StatusRuntimeException: UNAVAILABLE: io exception
2019-10-02 11:20:34,006 [grpc-default-executor-9] INFO  impl.FollowerInfo (FollowerInfo.java:lambda$new$0(51)) - omNode-1@group-523986131536->omNode-2: nextIndex: updateUnconditionally 239 -> 45
2019-10-02 11:20:34,013 [grpc-default-executor-4] WARN  server.GrpcLogAppender (LogUtils.java:warn(134)) - omNode-1@group-523986131536->omNode-2-AppendLogResponseHandler: Failed appendEntries: org.apache.ratis.thirdparty.io.grpc.StatusRuntimeException: UNAVAILABLE: io exception
2019-10-02 11:20:34,013 [grpc-default-executor-4] INFO  impl.FollowerInfo (FollowerInfo.java:lambda$new$0(51)) - omNode-1@group-523986131536->omNode-2: nextIndex: updateUnconditionally 240 -> 45
2019-10-02 11:20:34,015 [grpc-default-executor-7] WARN  server.GrpcLogAppender (LogUtils.java:warn(134)) - omNode-1@group-523986131536->omNode-2-AppendLogResponseHandler: Failed appendEntries: org.apache.ratis.thirdparty.io.grpc.StatusRuntimeException: UNAVAILABLE: io exception
2019-10-02 11:20:34,015 [grpc-default-executor-7] INFO  impl.FollowerInfo (FollowerInfo.java:lambda$new$0(51)) - omNode-1@group-523986131536->omNode-2: nextIndex: updateUnconditionally 241 -> 45
2019-10-02 11:20:34,018 [grpc-default-executor-9] WARN  server.GrpcLogAppender (LogUtils.java:warn(134)) - omNode-1@group-523986131536->omNode-2-AppendLogResponseHandler: Failed appendEntries: org.apache.ratis.thirdparty.io.grpc.StatusRuntimeException: UNAVAILABLE: io exception
2019-10-02 11:20:34,019 [grpc-default-executor-9] INFO  impl.FollowerInfo (FollowerInfo.java:lambda$new$0(51)) - omNode-1@group-523986131536->omNode-2: nextIndex: updateUnconditionally 242 -> 45
2019-10-02 11:20:34,021 [grpc-default-executor-9] WARN  server.GrpcLogAppender (LogUtils.java:warn(134)) - omNode-1@group-523986131536->omNode-2-AppendLogResponseHandler: Failed appendEntries: org.apache.ratis.thirdparty.io.grpc.StatusRuntimeException: UNAVAILABLE: io exception
2019-10-02 11:20:34,021 [grpc-default-executor-9] INFO  impl.FollowerInfo (FollowerInfo.java:lambda$new$0(51)) - omNode-1@group-523986131536->omNode-2: nextIndex: updateUnconditionally 243 -> 45
2019-10-02 11:20:34,025 [grpc-default-executor-4] WARN  server.GrpcLogAppender (LogUtils.java:warn(134)) - omNode-1@group-523986131536->omNode-2-AppendLogResponseHandler: Failed appendEntries: org.apache.ratis.thirdparty.io.grpc.StatusRuntimeException: UNAVAILABLE: io exception
2019-10-02 11:20:34,025 [grpc-default-executor-4] INFO  impl.FollowerInfo (FollowerInfo.java:lambda$new$0(51)) - omNode-1@group-523986131536->omNode-2: nextIndex: updateUnconditionally 243 -> 45
2019-10-02 11:20:34,029 [grpc-default-executor-9] WARN  server.GrpcLogAppender (LogUtils.java:warn(134)) - omNode-1@group-523986131536->omNode-2-AppendLogResponseHandler: Failed appendEntries: org.apache.ratis.thirdparty.io.grpc.StatusRuntimeException: UNAVAILABLE: io exception
2019-10-02 11:20:34,029 [grpc-default-executor-9] INFO  impl.FollowerInfo (FollowerInfo.java:lambda$new$0(51)) - omNode-1@group-523986131536->omNode-2: nextIndex: updateUnconditionally 244 -> 45
2019-10-02 11:20:34,031 [grpc-default-executor-4] WARN  server.GrpcLogAppender (LogUtils.java:warn(134)) - omNode-1@group-523986131536->omNode-2-AppendLogResponseHandler: Failed appendEntries: org.apache.ratis.thirdparty.io.grpc.StatusRuntimeException: UNAVAILABLE: io exception
2019-10-02 11:20:34,031 [grpc-default-executor-4] INFO  impl.FollowerInfo (FollowerInfo.java:lambda$new$0(51)) - omNode-1@group-523986131536->omNode-2: nextIndex: updateUnconditionally 245 -> 45
2019-10-02 11:20:34,034 [grpc-default-executor-7] WARN  server.GrpcLogAppender (LogUtils.java:warn(134)) - omNode-1@group-523986131536->omNode-2-AppendLogResponseHandler: Failed appendEntries: org.apache.ratis.thirdparty.io.grpc.StatusRuntimeException: UNAVAILABLE: io exception
2019-10-02 11:20:34,034 [grpc-default-executor-7] INFO  impl.FollowerInfo (FollowerInfo.java:lambda$new$0(51)) - omNode-1@group-523986131536->omNode-2: nextIndex: updateUnconditionally 246 -> 45
2019-10-02 11:20:34,036 [grpc-default-executor-9] WARN  server.GrpcLogAppender (LogUtils.java:warn(134)) - omNode-1@group-523986131536->omNode-2-AppendLogResponseHandler: Failed appendEntries: org.apache.ratis.thirdparty.io.grpc.StatusRuntimeException: UNAVAILABLE: io exception
2019-10-02 11:20:34,036 [grpc-default-executor-9] INFO  impl.FollowerInfo (FollowerInfo.java:lambda$new$0(51)) - omNode-1@group-523986131536->omNode-2: nextIndex: updateUnconditionally 247 -> 45
2019-10-02 11:20:34,039 [grpc-default-executor-7] WARN  server.GrpcLogAppender (LogUtils.java:warn(134)) - omNode-1@group-523986131536->omNode-2-AppendLogResponseHandler: Failed appendEntries: org.apache.ratis.thirdparty.io.grpc.StatusRuntimeException: UNAVAILABLE: io exception
2019-10-02 11:20:34,039 [grpc-default-executor-7] INFO  impl.FollowerInfo (FollowerInfo.java:lambda$new$0(51)) - omNode-1@group-523986131536->omNode-2: nextIndex: updateUnconditionally 247 -> 45
2019-10-02 11:20:34,043 [grpc-default-executor-4] WARN  server.GrpcLogAppender (LogUtils.java:warn(134)) - omNode-1@group-523986131536->omNode-2-AppendLogResponseHandler: Failed appendEntries: org.apache.ratis.thirdparty.io.grpc.StatusRuntimeException: UNAVAILABLE: io exception
2019-10-02 11:20:34,044 [grpc-default-executor-4] INFO  impl.FollowerInfo (FollowerInfo.java:lambda$new$0(51)) - omNode-1@group-523986131536->omNode-2: nextIndex: updateUnconditionally 248 -> 45
2019-10-02 11:20:34,046 [grpc-default-executor-7] WARN  server.GrpcLogAppender (LogUtils.java:warn(134)) - omNode-1@group-523986131536->omNode-2-AppendLogResponseHandler: Failed appendEntries: org.apache.ratis.thirdparty.io.grpc.StatusRuntimeException: UNAVAILABLE: io exception
2019-10-02 11:20:34,047 [grpc-default-executor-7] INFO  impl.FollowerInfo (FollowerInfo.java:lambda$new$0(51)) - omNode-1@group-523986131536->omNode-2: nextIndex: updateUnconditionally 249 -> 45
2019-10-02 11:20:34,049 [grpc-default-executor-9] WARN  server.GrpcLogAppender (LogUtils.java:warn(134)) - omNode-1@group-523986131536->omNode-2-AppendLogResponseHandler: Failed appendEntries: org.apache.ratis.thirdparty.io.grpc.StatusRuntimeException: UNAVAILABLE: io exception
2019-10-02 11:20:34,049 [grpc-default-executor-9] INFO  impl.FollowerInfo (FollowerInfo.java:lambda$new$0(51)) - omNode-1@group-523986131536->omNode-2: nextIndex: updateUnconditionally 249 -> 45
2019-10-02 11:20:34,051 [omNode-1@group-523986131536-StateMachineUpdater] INFO  ratis.OzoneManagerStateMachine (OzoneManagerStateMachine.java:takeSnapshot(254)) - Saving Ratis snapshot on the OM.
2019-10-02 11:20:34,051 [grpc-default-executor-4] WARN  server.GrpcLogAppender (LogUtils.java:warn(134)) - omNode-1@group-523986131536->omNode-2-AppendLogResponseHandler: Failed appendEntries: org.apache.ratis.thirdparty.io.grpc.StatusRuntimeException: UNAVAILABLE: io exception
2019-10-02 11:20:34,051 [grpc-default-executor-4] INFO  impl.FollowerInfo (FollowerInfo.java:lambda$new$0(51)) - omNode-1@group-523986131536->omNode-2: nextIndex: updateUnconditionally 251 -> 45
2019-10-02 11:20:34,052 [omNode-1@group-523986131536-StateMachineUpdater] INFO  ratis.OMRatisSnapshotInfo (OMRatisSnapshotInfo.java:saveRatisSnapshotToDisk(107)) - Saved Ratis Snapshot on the OM with snapshotIndex 249
2019-10-02 11:20:34,052 [omNode-1@group-523986131536-StateMachineUpdater] INFO  impl.StateMachineUpdater (StateMachineUpdater.java:takeSnapshot(269)) - omNode-1@group-523986131536-StateMachineUpdater: Took a snapshot at index 249
2019-10-02 11:20:34,052 [omNode-1@group-523986131536-StateMachineUpdater] INFO  impl.StateMachineUpdater (StateMachineUpdater.java:lambda$new$0(84)) - omNode-1@group-523986131536-StateMachineUpdater: snapshotIndex: updateIncreasingly 199 -> 249
2019-10-02 11:20:34,053 [omNode-3@group-523986131536-StateMachineUpdater] INFO  ratis.OzoneManagerStateMachine (OzoneManagerStateMachine.java:takeSnapshot(254)) - Saving Ratis snapshot on the OM.
2019-10-02 11:20:34,054 [omNode-3@group-523986131536-StateMachineUpdater] INFO  ratis.OMRatisSnapshotInfo (OMRatisSnapshotInfo.java:saveRatisSnapshotToDisk(107)) - Saved Ratis Snapshot on the OM with snapshotIndex 249
2019-10-02 11:20:34,054 [omNode-3@group-523986131536-StateMachineUpdater] INFO  impl.StateMachineUpdater (StateMachineUpdater.java:takeSnapshot(269)) - omNode-3@group-523986131536-StateMachineUpdater: Took a snapshot at index 249
2019-10-02 11:20:34,054 [omNode-3@group-523986131536-StateMachineUpdater] INFO  impl.StateMachineUpdater (StateMachineUpdater.java:lambda$new$0(84)) - omNode-3@group-523986131536-StateMachineUpdater: snapshotIndex: updateIncreasingly 199 -> 249
2019-10-02 11:20:34,054 [grpc-default-executor-4] WARN  server.GrpcLogAppender (LogUtils.java:warn(134)) - omNode-1@group-523986131536->omNode-2-AppendLogResponseHandler: Failed appendEntries: org.apache.ratis.thirdparty.io.grpc.StatusRuntimeException: UNAVAILABLE: io exception
2019-10-02 11:20:34,055 [grpc-default-executor-4] INFO  impl.FollowerInfo (FollowerInfo.java:lambda$new$0(51)) - omNode-1@group-523986131536->omNode-2: nextIndex: updateUnconditionally 251 -> 45
2019-10-02 11:20:34,059 [grpc-default-executor-4] WARN  server.GrpcLogAppender (LogUtils.java:warn(134)) - omNode-1@group-523986131536->omNode-2-AppendLogResponseHandler: Failed appendEntries: org.apache.ratis.thirdparty.io.grpc.StatusRuntimeException: UNAVAILABLE: io exception
2019-10-02 11:20:34,059 [grpc-default-executor-4] INFO  impl.FollowerInfo (FollowerInfo.java:lambda$new$0(51)) - omNode-1@group-523986131536->omNode-2: nextIndex: updateUnconditionally 252 -> 45
2019-10-02 11:20:34,061 [grpc-default-executor-4] WARN  server.GrpcLogAppender (LogUtils.java:warn(134)) - omNode-1@group-523986131536->omNode-2-AppendLogResponseHandler: Failed appendEntries: org.apache.ratis.thirdparty.io.grpc.StatusRuntimeException: UNAVAILABLE: io exception
2019-10-02 11:20:34,062 [grpc-default-executor-4] INFO  impl.FollowerInfo (FollowerInfo.java:lambda$new$0(51)) - omNode-1@group-523986131536->omNode-2: nextIndex: updateUnconditionally 253 -> 45
2019-10-02 11:20:34,064 [grpc-default-executor-7] WARN  server.GrpcLogAppender (LogUtils.java:warn(134)) - omNode-1@group-523986131536->omNode-2-AppendLogResponseHandler: Failed appendEntries: org.apache.ratis.thirdparty.io.grpc.StatusRuntimeException: UNAVAILABLE: io exception
2019-10-02 11:20:34,064 [grpc-default-executor-7] INFO  impl.FollowerInfo (FollowerInfo.java:lambda$new$0(51)) - omNode-1@group-523986131536->omNode-2: nextIndex: updateUnconditionally 253 -> 45
2019-10-02 11:20:34,067 [grpc-default-executor-9] WARN  server.GrpcLogAppender (LogUtils.java:warn(134)) - omNode-1@group-523986131536->omNode-2-AppendLogResponseHandler: Failed appendEntries: org.apache.ratis.thirdparty.io.grpc.StatusRuntimeException: UNAVAILABLE: io exception
2019-10-02 11:20:34,067 [grpc-default-executor-9] INFO  impl.FollowerInfo (FollowerInfo.java:lambda$new$0(51)) - omNode-1@group-523986131536->omNode-2: nextIndex: updateUnconditionally 255 -> 45
2019-10-02 11:20:34,073 [grpc-default-executor-7] WARN  server.GrpcLogAppender (LogUtils.java:warn(134)) - omNode-1@group-523986131536->omNode-2-AppendLogResponseHandler: Failed appendEntries: org.apache.ratis.thirdparty.io.grpc.StatusRuntimeException: UNAVAILABLE: io exception
2019-10-02 11:20:34,074 [grpc-default-executor-7] INFO  impl.FollowerInfo (FollowerInfo.java:lambda$new$0(51)) - omNode-1@group-523986131536->omNode-2: nextIndex: updateUnconditionally 256 -> 45
2019-10-02 11:20:34,092 [grpc-default-executor-4] WARN  server.GrpcLogAppender (LogUtils.java:warn(134)) - omNode-1@group-523986131536->omNode-2-AppendLogResponseHandler: Failed appendEntries: org.apache.ratis.thirdparty.io.grpc.StatusRuntimeException: UNAVAILABLE: io exception
2019-10-02 11:20:34,093 [grpc-default-executor-4] INFO  impl.FollowerInfo (FollowerInfo.java:lambda$new$0(51)) - omNode-1@group-523986131536->omNode-2: nextIndex: updateUnconditionally 256 -> 45
2019-10-02 11:20:34,096 [grpc-default-executor-9] WARN  server.GrpcLogAppender (LogUtils.java:warn(134)) - omNode-1@group-523986131536->omNode-2-AppendLogResponseHandler: Failed appendEntries: org.apache.ratis.thirdparty.io.grpc.StatusRuntimeException: UNAVAILABLE: io exception
2019-10-02 11:20:34,096 [grpc-default-executor-9] INFO  impl.FollowerInfo (FollowerInfo.java:lambda$new$0(51)) - omNode-1@group-523986131536->omNode-2: nextIndex: updateUnconditionally 258 -> 45
2019-10-02 11:20:34,105 [grpc-default-executor-7] WARN  server.GrpcLogAppender (LogUtils.java:warn(134)) - omNode-1@group-523986131536->omNode-2-AppendLogResponseHandler: Failed appendEntries: org.apache.ratis.thirdparty.io.grpc.StatusRuntimeException: UNAVAILABLE: io exception
2019-10-02 11:20:34,105 [grpc-default-executor-7] INFO  impl.FollowerInfo (FollowerInfo.java:lambda$new$0(51)) - omNode-1@group-523986131536->omNode-2: nextIndex: updateUnconditionally 258 -> 45
2019-10-02 11:20:34,116 [grpc-default-executor-7] WARN  server.GrpcLogAppender (LogUtils.java:warn(134)) - omNode-1@group-523986131536->omNode-2-AppendLogResponseHandler: Failed appendEntries: org.apache.ratis.thirdparty.io.grpc.StatusRuntimeException: UNAVAILABLE: io exception
2019-10-02 11:20:34,116 [grpc-default-executor-7] INFO  impl.FollowerInfo (FollowerInfo.java:lambda$new$0(51)) - omNode-1@group-523986131536->omNode-2: nextIndex: updateUnconditionally 260 -> 45
2019-10-02 11:20:34,119 [grpc-default-executor-9] WARN  server.GrpcLogAppender (LogUtils.java:warn(134)) - omNode-1@group-523986131536->omNode-2-AppendLogResponseHandler: Failed appendEntries: org.apache.ratis.thirdparty.io.grpc.StatusRuntimeException: UNAVAILABLE: io exception
2019-10-02 11:20:34,119 [grpc-default-executor-9] INFO  impl.FollowerInfo (FollowerInfo.java:lambda$new$0(51)) - omNode-1@group-523986131536->omNode-2: nextIndex: updateUnconditionally 261 -> 45
2019-10-02 11:20:34,128 [grpc-default-executor-7] WARN  server.GrpcLogAppender (LogUtils.java:warn(134)) - omNode-1@group-523986131536->omNode-2-AppendLogResponseHandler: Failed appendEntries: org.apache.ratis.thirdparty.io.grpc.StatusRuntimeException: UNAVAILABLE: io exception
2019-10-02 11:20:34,128 [grpc-default-executor-7] INFO  impl.FollowerInfo (FollowerInfo.java:lambda$new$0(51)) - omNode-1@group-523986131536->omNode-2: nextIndex: updateUnconditionally 262 -> 45
2019-10-02 11:20:34,131 [grpc-default-executor-9] WARN  server.GrpcLogAppender (LogUtils.java:warn(134)) - omNode-1@group-523986131536->omNode-2-AppendLogResponseHandler: Failed appendEntries: org.apache.ratis.thirdparty.io.grpc.StatusRuntimeException: UNAVAILABLE: io exception
2019-10-02 11:20:34,131 [grpc-default-executor-9] INFO  impl.FollowerInfo (FollowerInfo.java:lambda$new$0(51)) - omNode-1@group-523986131536->omNode-2: nextIndex: updateUnconditionally 262 -> 45
2019-10-02 11:20:34,137 [grpc-default-executor-9] WARN  server.GrpcLogAppender (LogUtils.java:warn(134)) - omNode-1@group-523986131536->omNode-2-AppendLogResponseHandler: Failed appendEntries: org.apache.ratis.thirdparty.io.grpc.StatusRuntimeException: UNAVAILABLE: io exception
2019-10-02 11:20:34,138 [grpc-default-executor-9] INFO  impl.FollowerInfo (FollowerInfo.java:lambda$new$0(51)) - omNode-1@group-523986131536->omNode-2: nextIndex: updateUnconditionally 264 -> 45
2019-10-02 11:20:34,143 [grpc-default-executor-9] WARN  server.GrpcLogAppender (LogUtils.java:warn(134)) - omNode-1@group-523986131536->omNode-2-AppendLogResponseHandler: Failed appendEntries: org.apache.ratis.thirdparty.io.grpc.StatusRuntimeException: UNAVAILABLE: io exception
2019-10-02 11:20:34,143 [grpc-default-executor-9] INFO  impl.FollowerInfo (FollowerInfo.java:lambda$new$0(51)) - omNode-1@group-523986131536->omNode-2: nextIndex: updateUnconditionally 264 -> 45
2019-10-02 11:20:34,144 [grpc-default-executor-9] WARN  server.GrpcLogAppender (LogUtils.java:warn(134)) - omNode-1@group-523986131536->omNode-2-AppendLogResponseHandler: Failed appendEntries: org.apache.ratis.thirdparty.io.grpc.StatusRuntimeException: UNAVAILABLE: io exception
2019-10-02 11:20:34,144 [grpc-default-executor-9] INFO  impl.FollowerInfo (FollowerInfo.java:lambda$new$0(51)) - omNode-1@group-523986131536->omNode-2: nextIndex: updateUnconditionally 265 -> 45
2019-10-02 11:20:34,147 [grpc-default-executor-4] WARN  server.GrpcLogAppender (LogUtils.java:warn(134)) - omNode-1@group-523986131536->omNode-2-AppendLogResponseHandler: Failed appendEntries: org.apache.ratis.thirdparty.io.grpc.StatusRuntimeException: UNAVAILABLE: io exception
2019-10-02 11:20:34,147 [grpc-default-executor-4] INFO  impl.FollowerInfo (FollowerInfo.java:lambda$new$0(51)) - omNode-1@group-523986131536->omNode-2: nextIndex: updateUnconditionally 266 -> 45
2019-10-02 11:20:34,156 [grpc-default-executor-9] WARN  server.GrpcLogAppender (LogUtils.java:warn(134)) - omNode-1@group-523986131536->omNode-2-AppendLogResponseHandler: Failed appendEntries: org.apache.ratis.thirdparty.io.grpc.StatusRuntimeException: UNAVAILABLE: io exception
2019-10-02 11:20:34,156 [grpc-default-executor-9] INFO  impl.FollowerInfo (FollowerInfo.java:lambda$new$0(51)) - omNode-1@group-523986131536->omNode-2: nextIndex: updateUnconditionally 266 -> 45
2019-10-02 11:20:34,158 [grpc-default-executor-9] WARN  server.GrpcLogAppender (LogUtils.java:warn(134)) - omNode-1@group-523986131536->omNode-2-AppendLogResponseHandler: Failed appendEntries: org.apache.ratis.thirdparty.io.grpc.StatusRuntimeException: UNAVAILABLE: io exception
2019-10-02 11:20:34,159 [grpc-default-executor-9] INFO  impl.FollowerInfo (FollowerInfo.java:lambda$new$0(51)) - omNode-1@group-523986131536->omNode-2: nextIndex: updateUnconditionally 267 -> 45
2019-10-02 11:20:34,165 [grpc-default-executor-4] WARN  server.GrpcLogAppender (LogUtils.java:warn(134)) - omNode-1@group-523986131536->omNode-2-AppendLogResponseHandler: Failed appendEntries: org.apache.ratis.thirdparty.io.grpc.StatusRuntimeException: UNAVAILABLE: io exception
2019-10-02 11:20:34,166 [grpc-default-executor-4] INFO  impl.FollowerInfo (FollowerInfo.java:lambda$new$0(51)) - omNode-1@group-523986131536->omNode-2: nextIndex: updateUnconditionally 268 -> 45
2019-10-02 11:20:34,171 [grpc-default-executor-7] WARN  server.GrpcLogAppender (LogUtils.java:warn(134)) - omNode-1@group-523986131536->omNode-2-AppendLogResponseHandler: Failed appendEntries: org.apache.ratis.thirdparty.io.grpc.StatusRuntimeException: UNAVAILABLE: io exception
2019-10-02 11:20:34,172 [grpc-default-executor-7] INFO  impl.FollowerInfo (FollowerInfo.java:lambda$new$0(51)) - omNode-1@group-523986131536->omNode-2: nextIndex: updateUnconditionally 268 -> 45
2019-10-02 11:20:34,175 [grpc-default-executor-9] WARN  server.GrpcLogAppender (LogUtils.java:warn(134)) - omNode-1@group-523986131536->omNode-2-AppendLogResponseHandler: Failed appendEntries: org.apache.ratis.thirdparty.io.grpc.StatusRuntimeException: UNAVAILABLE: io exception
2019-10-02 11:20:34,175 [grpc-default-executor-9] INFO  impl.FollowerInfo (FollowerInfo.java:lambda$new$0(51)) - omNode-1@group-523986131536->omNode-2: nextIndex: updateUnconditionally 270 -> 45
2019-10-02 11:20:34,184 [grpc-default-executor-4] WARN  server.GrpcLogAppender (LogUtils.java:warn(134)) - omNode-1@group-523986131536->omNode-2-AppendLogResponseHandler: Failed appendEntries: org.apache.ratis.thirdparty.io.grpc.StatusRuntimeException: UNAVAILABLE: io exception
2019-10-02 11:20:34,184 [grpc-default-executor-4] INFO  impl.FollowerInfo (FollowerInfo.java:lambda$new$0(51)) - omNode-1@group-523986131536->omNode-2: nextIndex: updateUnconditionally 270 -> 45
2019-10-02 11:20:34,192 [grpc-default-executor-9] WARN  server.GrpcLogAppender (LogUtils.java:warn(134)) - omNode-1@group-523986131536->omNode-2-AppendLogResponseHandler: Failed appendEntries: org.apache.ratis.thirdparty.io.grpc.StatusRuntimeException: UNAVAILABLE: io exception
2019-10-02 11:20:34,193 [grpc-default-executor-9] INFO  impl.FollowerInfo (FollowerInfo.java:lambda$new$0(51)) - omNode-1@group-523986131536->omNode-2: nextIndex: updateUnconditionally 272 -> 45
2019-10-02 11:20:34,197 [grpc-default-executor-7] WARN  server.GrpcLogAppender (LogUtils.java:warn(134)) - omNode-1@group-523986131536->omNode-2-AppendLogResponseHandler: Failed appendEntries: org.apache.ratis.thirdparty.io.grpc.StatusRuntimeException: UNAVAILABLE: io exception
2019-10-02 11:20:34,198 [grpc-default-executor-7] INFO  impl.FollowerInfo (FollowerInfo.java:lambda$new$0(51)) - omNode-1@group-523986131536->omNode-2: nextIndex: updateUnconditionally 272 -> 45
2019-10-02 11:20:34,202 [grpc-default-executor-7] WARN  server.GrpcLogAppender (LogUtils.java:warn(134)) - omNode-1@group-523986131536->omNode-2-AppendLogResponseHandler: Failed appendEntries: org.apache.ratis.thirdparty.io.grpc.StatusRuntimeException: UNAVAILABLE: io exception
2019-10-02 11:20:34,202 [grpc-default-executor-7] INFO  impl.FollowerInfo (FollowerInfo.java:lambda$new$0(51)) - omNode-1@group-523986131536->omNode-2: nextIndex: updateUnconditionally 274 -> 45
2019-10-02 11:20:34,210 [grpc-default-executor-7] WARN  server.GrpcLogAppender (LogUtils.java:warn(134)) - omNode-1@group-523986131536->omNode-2-AppendLogResponseHandler: Failed appendEntries: org.apache.ratis.thirdparty.io.grpc.StatusRuntimeException: UNAVAILABLE: io exception
2019-10-02 11:20:34,210 [grpc-default-executor-7] INFO  impl.FollowerInfo (FollowerInfo.java:lambda$new$0(51)) - omNode-1@group-523986131536->omNode-2: nextIndex: updateUnconditionally 274 -> 45
2019-10-02 11:20:34,212 [grpc-default-executor-4] WARN  server.GrpcLogAppender (LogUtils.java:warn(134)) - omNode-1@group-523986131536->omNode-2-AppendLogResponseHandler: Failed appendEntries: org.apache.ratis.thirdparty.io.grpc.StatusRuntimeException: UNAVAILABLE: io exception
2019-10-02 11:20:34,212 [grpc-default-executor-4] INFO  impl.FollowerInfo (FollowerInfo.java:lambda$new$0(51)) - omNode-1@group-523986131536->omNode-2: nextIndex: updateUnconditionally 275 -> 45
2019-10-02 11:20:34,217 [IPC Server handler 3 on 10428] INFO  segmented.SegmentedRaftLogWorker (SegmentedRaftLogWorker.java:rollLogSegment(390)) - omNode-1@group-523986131536-SegmentedRaftLogWorker: Rolling segment log-207_274 to index:274
2019-10-02 11:20:34,218 [grpc-default-executor-7] INFO  segmented.SegmentedRaftLogWorker (SegmentedRaftLogWorker.java:rollLogSegment(390)) - omNode-3@group-523986131536-SegmentedRaftLogWorker: Rolling segment log-207_274 to index:274
2019-10-02 11:20:34,221 [omNode-1@group-523986131536-SegmentedRaftLogWorker] INFO  segmented.SegmentedRaftLogWorker (SegmentedRaftLogWorker.java:execute(531)) - omNode-1@group-523986131536-SegmentedRaftLogWorker: Rolled log segment from /workdir/hadoop-ozone/integration-test/target/test-dir/MiniOzoneClusterImpl-4fbee6c2-d92b-4186-98e8-d11e1b77f972/omNode-1/ratis/c9bc4cf4-3bc3-3c60-a66b-523986131536/current/log_inprogress_207 to /workdir/hadoop-ozone/integration-test/target/test-dir/MiniOzoneClusterImpl-4fbee6c2-d92b-4186-98e8-d11e1b77f972/omNode-1/ratis/c9bc4cf4-3bc3-3c60-a66b-523986131536/current/log_207-274
2019-10-02 11:20:34,221 [grpc-default-executor-9] WARN  server.GrpcLogAppender (LogUtils.java:warn(134)) - omNode-1@group-523986131536->omNode-2-AppendLogResponseHandler: Failed appendEntries: org.apache.ratis.thirdparty.io.grpc.StatusRuntimeException: UNAVAILABLE: io exception
2019-10-02 11:20:34,221 [grpc-default-executor-9] INFO  impl.FollowerInfo (FollowerInfo.java:lambda$new$0(51)) - omNode-1@group-523986131536->omNode-2: nextIndex: updateUnconditionally 276 -> 45
2019-10-02 11:20:34,222 [omNode-3@group-523986131536-SegmentedRaftLogWorker] INFO  segmented.SegmentedRaftLogWorker (SegmentedRaftLogWorker.java:execute(531)) - omNode-3@group-523986131536-SegmentedRaftLogWorker: Rolled log segment from /workdir/hadoop-ozone/integration-test/target/test-dir/MiniOzoneClusterImpl-4fbee6c2-d92b-4186-98e8-d11e1b77f972/omNode-3/ratis/c9bc4cf4-3bc3-3c60-a66b-523986131536/current/log_inprogress_207 to /workdir/hadoop-ozone/integration-test/target/test-dir/MiniOzoneClusterImpl-4fbee6c2-d92b-4186-98e8-d11e1b77f972/omNode-3/ratis/c9bc4cf4-3bc3-3c60-a66b-523986131536/current/log_207-274
2019-10-02 11:20:34,227 [omNode-1@group-523986131536-SegmentedRaftLogWorker] INFO  segmented.SegmentedRaftLogWorker (SegmentedRaftLogWorker.java:execute(574)) - omNode-1@group-523986131536-SegmentedRaftLogWorker: created new log segment /workdir/hadoop-ozone/integration-test/target/test-dir/MiniOzoneClusterImpl-4fbee6c2-d92b-4186-98e8-d11e1b77f972/omNode-1/ratis/c9bc4cf4-3bc3-3c60-a66b-523986131536/current/log_inprogress_275
2019-10-02 11:20:34,228 [grpc-default-executor-9] WARN  server.GrpcLogAppender (LogUtils.java:warn(134)) - omNode-1@group-523986131536->omNode-2-AppendLogResponseHandler: Failed appendEntries: org.apache.ratis.thirdparty.io.grpc.StatusRuntimeException: UNAVAILABLE: io exception
2019-10-02 11:20:34,230 [grpc-default-executor-9] INFO  impl.FollowerInfo (FollowerInfo.java:lambda$new$0(51)) - omNode-1@group-523986131536->omNode-2: nextIndex: updateUnconditionally 276 -> 45
2019-10-02 11:20:34,258 [omNode-3@group-523986131536-SegmentedRaftLogWorker] INFO  segmented.SegmentedRaftLogWorker (SegmentedRaftLogWorker.java:execute(574)) - omNode-3@group-523986131536-SegmentedRaftLogWorker: created new log segment /workdir/hadoop-ozone/integration-test/target/test-dir/MiniOzoneClusterImpl-4fbee6c2-d92b-4186-98e8-d11e1b77f972/omNode-3/ratis/c9bc4cf4-3bc3-3c60-a66b-523986131536/current/log_inprogress_275
2019-10-02 11:20:34,274 [grpc-default-executor-4] WARN  server.GrpcLogAppender (LogUtils.java:warn(134)) - omNode-1@group-523986131536->omNode-2-AppendLogResponseHandler: Failed appendEntries: org.apache.ratis.thirdparty.io.grpc.StatusRuntimeException: UNAVAILABLE: io exception
2019-10-02 11:20:34,274 [grpc-default-executor-4] INFO  impl.FollowerInfo (FollowerInfo.java:lambda$new$0(51)) - omNode-1@group-523986131536->omNode-2: nextIndex: updateUnconditionally 277 -> 45
2019-10-02 11:20:34,286 [grpc-default-executor-9] WARN  server.GrpcLogAppender (LogUtils.java:warn(134)) - omNode-1@group-523986131536->omNode-2-AppendLogResponseHandler: Failed appendEntries: org.apache.ratis.thirdparty.io.grpc.StatusRuntimeException: UNAVAILABLE: io exception
2019-10-02 11:20:34,286 [grpc-default-executor-9] INFO  impl.FollowerInfo (FollowerInfo.java:lambda$new$0(51)) - omNode-1@group-523986131536->omNode-2: nextIndex: updateUnconditionally 278 -> 45
2019-10-02 11:20:34,293 [grpc-default-executor-8] WARN  server.GrpcLogAppender (LogUtils.java:warn(134)) - omNode-1@group-523986131536->omNode-2-AppendLogResponseHandler: Failed appendEntries: org.apache.ratis.thirdparty.io.grpc.StatusRuntimeException: UNAVAILABLE: io exception
2019-10-02 11:20:34,293 [grpc-default-executor-8] INFO  impl.FollowerInfo (FollowerInfo.java:lambda$new$0(51)) - omNode-1@group-523986131536->omNode-2: nextIndex: updateUnconditionally 279 -> 45
2019-10-02 11:20:34,298 [grpc-default-executor-7] WARN  server.GrpcLogAppender (LogUtils.java:warn(134)) - omNode-1@group-523986131536->omNode-2-AppendLogResponseHandler: Failed appendEntries: org.apache.ratis.thirdparty.io.grpc.StatusRuntimeException: UNAVAILABLE: io exception
2019-10-02 11:20:34,298 [grpc-default-executor-7] INFO  impl.FollowerInfo (FollowerInfo.java:lambda$new$0(51)) - omNode-1@group-523986131536->omNode-2: nextIndex: updateUnconditionally 280 -> 45
2019-10-02 11:20:34,303 [grpc-default-executor-8] WARN  server.GrpcLogAppender (LogUtils.java:warn(134)) - omNode-1@group-523986131536->omNode-2-AppendLogResponseHandler: Failed appendEntries: org.apache.ratis.thirdparty.io.grpc.StatusRuntimeException: UNAVAILABLE: io exception
2019-10-02 11:20:34,303 [grpc-default-executor-8] INFO  impl.FollowerInfo (FollowerInfo.java:lambda$new$0(51)) - omNode-1@group-523986131536->omNode-2: nextIndex: updateUnconditionally 282 -> 45
2019-10-02 11:20:34,307 [grpc-default-executor-8] WARN  server.GrpcLogAppender (LogUtils.java:warn(134)) - omNode-1@group-523986131536->omNode-2-AppendLogResponseHandler: Failed appendEntries: org.apache.ratis.thirdparty.io.grpc.StatusRuntimeException: UNAVAILABLE: io exception
2019-10-02 11:20:34,307 [grpc-default-executor-8] INFO  impl.FollowerInfo (FollowerInfo.java:lambda$new$0(51)) - omNode-1@group-523986131536->omNode-2: nextIndex: updateUnconditionally 283 -> 45
2019-10-02 11:20:34,312 [grpc-default-executor-7] WARN  server.GrpcLogAppender (LogUtils.java:warn(134)) - omNode-1@group-523986131536->omNode-2-AppendLogResponseHandler: Failed appendEntries: org.apache.ratis.thirdparty.io.grpc.StatusRuntimeException: UNAVAILABLE: io exception
2019-10-02 11:20:34,312 [grpc-default-executor-7] INFO  impl.FollowerInfo (FollowerInfo.java:lambda$new$0(51)) - omNode-1@group-523986131536->omNode-2: nextIndex: updateUnconditionally 284 -> 45
2019-10-02 11:20:34,317 [grpc-default-executor-8] WARN  server.GrpcLogAppender (LogUtils.java:warn(134)) - omNode-1@group-523986131536->omNode-2-AppendLogResponseHandler: Failed appendEntries: org.apache.ratis.thirdparty.io.grpc.StatusRuntimeException: UNAVAILABLE: io exception
2019-10-02 11:20:34,318 [grpc-default-executor-8] INFO  impl.FollowerInfo (FollowerInfo.java:lambda$new$0(51)) - omNode-1@group-523986131536->omNode-2: nextIndex: updateUnconditionally 286 -> 45
2019-10-02 11:20:34,329 [grpc-default-executor-7] WARN  server.GrpcLogAppender (LogUtils.java:warn(134)) - omNode-1@group-523986131536->omNode-2-AppendLogResponseHandler: Failed appendEntries: org.apache.ratis.thirdparty.io.grpc.StatusRuntimeException: UNAVAILABLE: io exception
2019-10-02 11:20:34,329 [grpc-default-executor-7] INFO  impl.FollowerInfo (FollowerInfo.java:lambda$new$0(51)) - omNode-1@group-523986131536->omNode-2: nextIndex: updateUnconditionally 288 -> 45
2019-10-02 11:20:34,338 [grpc-default-executor-7] WARN  server.GrpcLogAppender (LogUtils.java:warn(134)) - omNode-1@group-523986131536->omNode-2-AppendLogResponseHandler: Failed appendEntries: org.apache.ratis.thirdparty.io.grpc.StatusRuntimeException: UNAVAILABLE: io exception
2019-10-02 11:20:34,338 [grpc-default-executor-7] INFO  impl.FollowerInfo (FollowerInfo.java:lambda$new$0(51)) - omNode-1@group-523986131536->omNode-2: nextIndex: updateUnconditionally 288 -> 45
2019-10-02 11:20:34,341 [grpc-default-executor-7] WARN  server.GrpcLogAppender (LogUtils.java:warn(134)) - omNode-1@group-523986131536->omNode-2-AppendLogResponseHandler: Failed appendEntries: org.apache.ratis.thirdparty.io.grpc.StatusRuntimeException: UNAVAILABLE: io exception
2019-10-02 11:20:34,342 [grpc-default-executor-7] INFO  impl.FollowerInfo (FollowerInfo.java:lambda$new$0(51)) - omNode-1@group-523986131536->omNode-2: nextIndex: updateUnconditionally 290 -> 45
2019-10-02 11:20:34,351 [grpc-default-executor-7] WARN  server.GrpcLogAppender (LogUtils.java:warn(134)) - omNode-1@group-523986131536->omNode-2-AppendLogResponseHandler: Failed appendEntries: org.apache.ratis.thirdparty.io.grpc.StatusRuntimeException: UNAVAILABLE: io exception
2019-10-02 11:20:34,352 [grpc-default-executor-7] INFO  impl.FollowerInfo (FollowerInfo.java:lambda$new$0(51)) - omNode-1@group-523986131536->omNode-2: nextIndex: updateUnconditionally 290 -> 45
2019-10-02 11:20:34,360 [grpc-default-executor-9] WARN  server.GrpcLogAppender (LogUtils.java:warn(134)) - omNode-1@group-523986131536->omNode-2-AppendLogResponseHandler: Failed appendEntries: org.apache.ratis.thirdparty.io.grpc.StatusRuntimeException: UNAVAILABLE: io exception
2019-10-02 11:20:34,360 [grpc-default-executor-9] INFO  impl.FollowerInfo (FollowerInfo.java:lambda$new$0(51)) - omNode-1@group-523986131536->omNode-2: nextIndex: updateUnconditionally 292 -> 45
2019-10-02 11:20:34,366 [grpc-default-executor-8] WARN  server.GrpcLogAppender (LogUtils.java:warn(134)) - omNode-1@group-523986131536->omNode-2-AppendLogResponseHandler: Failed appendEntries: org.apache.ratis.thirdparty.io.grpc.StatusRuntimeException: UNAVAILABLE: io exception
2019-10-02 11:20:34,366 [grpc-default-executor-8] INFO  impl.FollowerInfo (FollowerInfo.java:lambda$new$0(51)) - omNode-1@group-523986131536->omNode-2: nextIndex: updateUnconditionally 292 -> 45
2019-10-02 11:20:34,371 [grpc-default-executor-7] WARN  server.GrpcLogAppender (LogUtils.java:warn(134)) - omNode-1@group-523986131536->omNode-2-AppendLogResponseHandler: Failed appendEntries: org.apache.ratis.thirdparty.io.grpc.StatusRuntimeException: UNAVAILABLE: io exception
2019-10-02 11:20:34,372 [grpc-default-executor-7] INFO  impl.FollowerInfo (FollowerInfo.java:lambda$new$0(51)) - omNode-1@group-523986131536->omNode-2: nextIndex: updateUnconditionally 294 -> 45
2019-10-02 11:20:34,384 [grpc-default-executor-9] WARN  server.GrpcLogAppender (LogUtils.java:warn(134)) - omNode-1@group-523986131536->omNode-2-AppendLogResponseHandler: Failed appendEntries: org.apache.ratis.thirdparty.io.grpc.StatusRuntimeException: UNAVAILABLE: io exception
2019-10-02 11:20:34,384 [grpc-default-executor-9] INFO  impl.FollowerInfo (FollowerInfo.java:lambda$new$0(51)) - omNode-1@group-523986131536->omNode-2: nextIndex: updateUnconditionally 294 -> 45
2019-10-02 11:20:34,393 [grpc-default-executor-7] WARN  server.GrpcLogAppender (LogUtils.java:warn(134)) - omNode-1@group-523986131536->omNode-2-AppendLogResponseHandler: Failed appendEntries: org.apache.ratis.thirdparty.io.grpc.StatusRuntimeException: UNAVAILABLE: io exception
2019-10-02 11:20:34,393 [grpc-default-executor-7] INFO  impl.FollowerInfo (FollowerInfo.java:lambda$new$0(51)) - omNode-1@group-523986131536->omNode-2: nextIndex: updateUnconditionally 296 -> 45
2019-10-02 11:20:34,397 [grpc-default-executor-9] WARN  server.GrpcLogAppender (LogUtils.java:warn(134)) - omNode-1@group-523986131536->omNode-2-AppendLogResponseHandler: Failed appendEntries: org.apache.ratis.thirdparty.io.grpc.StatusRuntimeException: UNAVAILABLE: io exception
2019-10-02 11:20:34,398 [grpc-default-executor-9] INFO  impl.FollowerInfo (FollowerInfo.java:lambda$new$0(51)) - omNode-1@group-523986131536->omNode-2: nextIndex: updateUnconditionally 296 -> 45
2019-10-02 11:20:34,402 [grpc-default-executor-9] WARN  server.GrpcLogAppender (LogUtils.java:warn(134)) - omNode-1@group-523986131536->omNode-2-AppendLogResponseHandler: Failed appendEntries: org.apache.ratis.thirdparty.io.grpc.StatusRuntimeException: UNAVAILABLE: io exception
2019-10-02 11:20:34,402 [grpc-default-executor-9] INFO  impl.FollowerInfo (FollowerInfo.java:lambda$new$0(51)) - omNode-1@group-523986131536->omNode-2: nextIndex: updateUnconditionally 298 -> 45
2019-10-02 11:20:34,410 [grpc-default-executor-9] WARN  server.GrpcLogAppender (LogUtils.java:warn(134)) - omNode-1@group-523986131536->omNode-2-AppendLogResponseHandler: Failed appendEntries: org.apache.ratis.thirdparty.io.grpc.StatusRuntimeException: UNAVAILABLE: io exception
2019-10-02 11:20:34,410 [grpc-default-executor-9] INFO  impl.FollowerInfo (FollowerInfo.java:lambda$new$0(51)) - omNode-1@group-523986131536->omNode-2: nextIndex: updateUnconditionally 298 -> 45
2019-10-02 11:20:34,422 [omNode-1@group-523986131536-StateMachineUpdater] INFO  ratis.OzoneManagerStateMachine (OzoneManagerStateMachine.java:takeSnapshot(254)) - Saving Ratis snapshot on the OM.
2019-10-02 11:20:34,422 [grpc-default-executor-9] WARN  server.GrpcLogAppender (LogUtils.java:warn(134)) - omNode-1@group-523986131536->omNode-2-AppendLogResponseHandler: Failed appendEntries: org.apache.ratis.thirdparty.io.grpc.StatusRuntimeException: UNAVAILABLE: io exception
2019-10-02 11:20:34,422 [grpc-default-executor-9] INFO  impl.FollowerInfo (FollowerInfo.java:lambda$new$0(51)) - omNode-1@group-523986131536->omNode-2: nextIndex: updateUnconditionally 300 -> 45
2019-10-02 11:20:34,422 [omNode-1@group-523986131536-StateMachineUpdater] INFO  ratis.OMRatisSnapshotInfo (OMRatisSnapshotInfo.java:saveRatisSnapshotToDisk(107)) - Saved Ratis Snapshot on the OM with snapshotIndex 299
2019-10-02 11:20:34,422 [omNode-1@group-523986131536-StateMachineUpdater] INFO  impl.StateMachineUpdater (StateMachineUpdater.java:takeSnapshot(269)) - omNode-1@group-523986131536-StateMachineUpdater: Took a snapshot at index 299
2019-10-02 11:20:34,422 [omNode-1@group-523986131536-StateMachineUpdater] INFO  impl.StateMachineUpdater (StateMachineUpdater.java:lambda$new$0(84)) - omNode-1@group-523986131536-StateMachineUpdater: snapshotIndex: updateIncreasingly 249 -> 299
2019-10-02 11:20:34,426 [grpc-default-executor-8] WARN  server.GrpcLogAppender (LogUtils.java:warn(134)) - omNode-1@group-523986131536->omNode-2-AppendLogResponseHandler: Failed appendEntries: org.apache.ratis.thirdparty.io.grpc.StatusRuntimeException: UNAVAILABLE: io exception
2019-10-02 11:20:34,426 [grpc-default-executor-8] INFO  impl.FollowerInfo (FollowerInfo.java:lambda$new$0(51)) - omNode-1@group-523986131536->omNode-2: nextIndex: updateUnconditionally 302 -> 45
2019-10-02 11:20:34,433 [omNode-3@group-523986131536-StateMachineUpdater] INFO  ratis.OzoneManagerStateMachine (OzoneManagerStateMachine.java:takeSnapshot(254)) - Saving Ratis snapshot on the OM.
2019-10-02 11:20:34,434 [omNode-3@group-523986131536-StateMachineUpdater] INFO  ratis.OMRatisSnapshotInfo (OMRatisSnapshotInfo.java:saveRatisSnapshotToDisk(107)) - Saved Ratis Snapshot on the OM with snapshotIndex 299
2019-10-02 11:20:34,434 [omNode-3@group-523986131536-StateMachineUpdater] INFO  impl.StateMachineUpdater (StateMachineUpdater.java:takeSnapshot(269)) - omNode-3@group-523986131536-StateMachineUpdater: Took a snapshot at index 299
2019-10-02 11:20:34,434 [omNode-3@group-523986131536-StateMachineUpdater] INFO  impl.StateMachineUpdater (StateMachineUpdater.java:lambda$new$0(84)) - omNode-3@group-523986131536-StateMachineUpdater: snapshotIndex: updateIncreasingly 249 -> 299
2019-10-02 11:20:34,435 [grpc-default-executor-9] WARN  server.GrpcLogAppender (LogUtils.java:warn(134)) - omNode-1@group-523986131536->omNode-2-AppendLogResponseHandler: Failed appendEntries: org.apache.ratis.thirdparty.io.grpc.StatusRuntimeException: UNAVAILABLE: io exception
2019-10-02 11:20:34,435 [grpc-default-executor-9] INFO  impl.FollowerInfo (FollowerInfo.java:lambda$new$0(51)) - omNode-1@group-523986131536->omNode-2: nextIndex: updateUnconditionally 302 -> 45
2019-10-02 11:20:34,438 [grpc-default-executor-7] WARN  server.GrpcLogAppender (LogUtils.java:warn(134)) - omNode-1@group-523986131536->omNode-2-AppendLogResponseHandler: Failed appendEntries: org.apache.ratis.thirdparty.io.grpc.StatusRuntimeException: UNAVAILABLE: io exception
2019-10-02 11:20:34,438 [grpc-default-executor-7] INFO  impl.FollowerInfo (FollowerInfo.java:lambda$new$0(51)) - omNode-1@group-523986131536->omNode-2: nextIndex: updateUnconditionally 303 -> 45
2019-10-02 11:20:34,443 [grpc-default-executor-4] WARN  server.GrpcLogAppender (LogUtils.java:warn(134)) - omNode-1@group-523986131536->omNode-2-AppendLogResponseHandler: Failed appendEntries: org.apache.ratis.thirdparty.io.grpc.StatusRuntimeException: UNAVAILABLE: io exception
2019-10-02 11:20:34,443 [grpc-default-executor-4] INFO  impl.FollowerInfo (FollowerInfo.java:lambda$new$0(51)) - omNode-1@group-523986131536->omNode-2: nextIndex: updateUnconditionally 304 -> 45
2019-10-02 11:20:34,456 [grpc-default-executor-4] WARN  server.GrpcLogAppender (LogUtils.java:warn(134)) - omNode-1@group-523986131536->omNode-2-AppendLogResponseHandler: Failed appendEntries: org.apache.ratis.thirdparty.io.grpc.StatusRuntimeException: UNAVAILABLE: io exception
2019-10-02 11:20:34,456 [grpc-default-executor-4] INFO  impl.FollowerInfo (FollowerInfo.java:lambda$new$0(51)) - omNode-1@group-523986131536->omNode-2: nextIndex: updateUnconditionally 305 -> 45
2019-10-02 11:20:34,458 [grpc-default-executor-9] WARN  server.GrpcLogAppender (LogUtils.java:warn(134)) - omNode-1@group-523986131536->omNode-2-AppendLogResponseHandler: Failed appendEntries: org.apache.ratis.thirdparty.io.grpc.StatusRuntimeException: UNAVAILABLE: io exception
2019-10-02 11:20:34,458 [grpc-default-executor-9] INFO  impl.FollowerInfo (FollowerInfo.java:lambda$new$0(51)) - omNode-1@group-523986131536->omNode-2: nextIndex: updateUnconditionally 306 -> 45
2019-10-02 11:20:34,467 [grpc-default-executor-7] WARN  server.GrpcLogAppender (LogUtils.java:warn(134)) - omNode-1@group-523986131536->omNode-2-AppendLogResponseHandler: Failed appendEntries: org.apache.ratis.thirdparty.io.grpc.StatusRuntimeException: UNAVAILABLE: io exception
2019-10-02 11:20:34,468 [grpc-default-executor-7] INFO  impl.FollowerInfo (FollowerInfo.java:lambda$new$0(51)) - omNode-1@group-523986131536->omNode-2: nextIndex: updateUnconditionally 306 -> 45
2019-10-02 11:20:34,475 [grpc-default-executor-4] WARN  server.GrpcLogAppender (LogUtils.java:warn(134)) - omNode-1@group-523986131536->omNode-2-AppendLogResponseHandler: Failed appendEntries: org.apache.ratis.thirdparty.io.grpc.StatusRuntimeException: UNAVAILABLE: io exception
2019-10-02 11:20:34,476 [grpc-default-executor-4] INFO  impl.FollowerInfo (FollowerInfo.java:lambda$new$0(51)) - omNode-1@group-523986131536->omNode-2: nextIndex: updateUnconditionally 308 -> 45
2019-10-02 11:20:34,481 [grpc-default-executor-7] WARN  server.GrpcLogAppender (LogUtils.java:warn(134)) - omNode-1@group-523986131536->omNode-2-AppendLogResponseHandler: Failed appendEntries: org.apache.ratis.thirdparty.io.grpc.StatusRuntimeException: UNAVAILABLE: io exception
2019-10-02 11:20:34,481 [grpc-default-executor-7] INFO  impl.FollowerInfo (FollowerInfo.java:lambda$new$0(51)) - omNode-1@group-523986131536->omNode-2: nextIndex: updateUnconditionally 308 -> 45
2019-10-02 11:20:34,485 [grpc-default-executor-9] WARN  server.GrpcLogAppender (LogUtils.java:warn(134)) - omNode-1@group-523986131536->omNode-2-AppendLogResponseHandler: Failed appendEntries: org.apache.ratis.thirdparty.io.grpc.StatusRuntimeException: UNAVAILABLE: io exception
2019-10-02 11:20:34,485 [grpc-default-executor-9] INFO  impl.FollowerInfo (FollowerInfo.java:lambda$new$0(51)) - omNode-1@group-523986131536->omNode-2: nextIndex: updateUnconditionally 310 -> 45
2019-10-02 11:20:34,494 [grpc-default-executor-4] WARN  server.GrpcLogAppender (LogUtils.java:warn(134)) - omNode-1@group-523986131536->omNode-2-AppendLogResponseHandler: Failed appendEntries: org.apache.ratis.thirdparty.io.grpc.StatusRuntimeException: UNAVAILABLE: io exception
2019-10-02 11:20:34,494 [grpc-default-executor-4] INFO  impl.FollowerInfo (FollowerInfo.java:lambda$new$0(51)) - omNode-1@group-523986131536->omNode-2: nextIndex: updateUnconditionally 310 -> 45
2019-10-02 11:20:34,501 [grpc-default-executor-7] WARN  server.GrpcLogAppender (LogUtils.java:warn(134)) - omNode-1@group-523986131536->omNode-2-AppendLogResponseHandler: Failed appendEntries: org.apache.ratis.thirdparty.io.grpc.StatusRuntimeException: UNAVAILABLE: io exception
2019-10-02 11:20:34,501 [grpc-default-executor-7] INFO  impl.FollowerInfo (FollowerInfo.java:lambda$new$0(51)) - omNode-1@group-523986131536->omNode-2: nextIndex: updateUnconditionally 312 -> 45
2019-10-02 11:20:34,507 [grpc-default-executor-4] WARN  server.GrpcLogAppender (LogUtils.java:warn(134)) - omNode-1@group-523986131536->omNode-2-AppendLogResponseHandler: Failed appendEntries: org.apache.ratis.thirdparty.io.grpc.StatusRuntimeException: UNAVAILABLE: io exception
2019-10-02 11:20:34,507 [grpc-default-executor-4] INFO  impl.FollowerInfo (FollowerInfo.java:lambda$new$0(51)) - omNode-1@group-523986131536->omNode-2: nextIndex: updateUnconditionally 312 -> 45
2019-10-02 11:20:34,511 [grpc-default-executor-7] WARN  server.GrpcLogAppender (LogUtils.java:warn(134)) - omNode-1@group-523986131536->omNode-2-AppendLogResponseHandler: Failed appendEntries: org.apache.ratis.thirdparty.io.grpc.StatusRuntimeException: UNAVAILABLE: io exception
2019-10-02 11:20:34,511 [grpc-default-executor-7] INFO  impl.FollowerInfo (FollowerInfo.java:lambda$new$0(51)) - omNode-1@group-523986131536->omNode-2: nextIndex: updateUnconditionally 314 -> 45
2019-10-02 11:20:34,520 [grpc-default-executor-4] WARN  server.GrpcLogAppender (LogUtils.java:warn(134)) - omNode-1@group-523986131536->omNode-2-AppendLogResponseHandler: Failed appendEntries: org.apache.ratis.thirdparty.io.grpc.StatusRuntimeException: UNAVAILABLE: io exception
2019-10-02 11:20:34,520 [grpc-default-executor-4] INFO  impl.FollowerInfo (FollowerInfo.java:lambda$new$0(51)) - omNode-1@group-523986131536->omNode-2: nextIndex: updateUnconditionally 314 -> 45
2019-10-02 11:20:34,524 [grpc-default-executor-4] WARN  server.GrpcLogAppender (LogUtils.java:warn(134)) - omNode-1@group-523986131536->omNode-2-AppendLogResponseHandler: Failed appendEntries: org.apache.ratis.thirdparty.io.grpc.StatusRuntimeException: UNAVAILABLE: io exception
2019-10-02 11:20:34,524 [grpc-default-executor-4] INFO  impl.FollowerInfo (FollowerInfo.java:lambda$new$0(51)) - omNode-1@group-523986131536->omNode-2: nextIndex: updateUnconditionally 315 -> 45
2019-10-02 11:20:34,528 [grpc-default-executor-7] WARN  server.GrpcLogAppender (LogUtils.java:warn(134)) - omNode-1@group-523986131536->omNode-2-AppendLogResponseHandler: Failed appendEntries: org.apache.ratis.thirdparty.io.grpc.StatusRuntimeException: UNAVAILABLE: io exception
2019-10-02 11:20:34,528 [grpc-default-executor-7] INFO  impl.FollowerInfo (FollowerInfo.java:lambda$new$0(51)) - omNode-1@group-523986131536->omNode-2: nextIndex: updateUnconditionally 316 -> 45
2019-10-02 11:20:34,530 [grpc-default-executor-4] WARN  server.GrpcLogAppender (LogUtils.java:warn(134)) - omNode-1@group-523986131536->omNode-2-AppendLogResponseHandler: Failed appendEntries: org.apache.ratis.thirdparty.io.grpc.StatusRuntimeException: UNAVAILABLE: io exception
2019-10-02 11:20:34,530 [grpc-default-executor-4] INFO  impl.FollowerInfo (FollowerInfo.java:lambda$new$0(51)) - omNode-1@group-523986131536->omNode-2: nextIndex: updateUnconditionally 317 -> 45
2019-10-02 11:20:34,533 [grpc-default-executor-7] WARN  server.GrpcLogAppender (LogUtils.java:warn(134)) - omNode-1@group-523986131536->omNode-2-AppendLogResponseHandler: Failed appendEntries: org.apache.ratis.thirdparty.io.grpc.StatusRuntimeException: UNAVAILABLE: io exception
2019-10-02 11:20:34,533 [grpc-default-executor-7] INFO  impl.FollowerInfo (FollowerInfo.java:lambda$new$0(51)) - omNode-1@group-523986131536->omNode-2: nextIndex: updateUnconditionally 317 -> 45
2019-10-02 11:20:34,536 [grpc-default-executor-7] WARN  server.GrpcLogAppender (LogUtils.java:warn(134)) - omNode-1@group-523986131536->omNode-2-AppendLogResponseHandler: Failed appendEntries: org.apache.ratis.thirdparty.io.grpc.StatusRuntimeException: UNAVAILABLE: io exception
2019-10-02 11:20:34,536 [grpc-default-executor-7] INFO  impl.FollowerInfo (FollowerInfo.java:lambda$new$0(51)) - omNode-1@group-523986131536->omNode-2: nextIndex: updateUnconditionally 319 -> 45
2019-10-02 11:20:34,538 [grpc-default-executor-8] WARN  server.GrpcLogAppender (LogUtils.java:warn(134)) - omNode-1@group-523986131536->omNode-2-AppendLogResponseHandler: Failed appendEntries: org.apache.ratis.thirdparty.io.grpc.StatusRuntimeException: UNAVAILABLE: io exception
2019-10-02 11:20:34,538 [grpc-default-executor-8] INFO  impl.FollowerInfo (FollowerInfo.java:lambda$new$0(51)) - omNode-1@group-523986131536->omNode-2: nextIndex: updateUnconditionally 319 -> 45
2019-10-02 11:20:34,542 [grpc-default-executor-4] WARN  server.GrpcLogAppender (LogUtils.java:warn(134)) - omNode-1@group-523986131536->omNode-2-AppendLogResponseHandler: Failed appendEntries: org.apache.ratis.thirdparty.io.grpc.StatusRuntimeException: UNAVAILABLE: io exception
2019-10-02 11:20:34,542 [grpc-default-executor-4] INFO  impl.FollowerInfo (FollowerInfo.java:lambda$new$0(51)) - omNode-1@group-523986131536->omNode-2: nextIndex: updateUnconditionally 320 -> 45
2019-10-02 11:20:34,545 [grpc-default-executor-4] WARN  server.GrpcLogAppender (LogUtils.java:warn(134)) - omNode-1@group-523986131536->omNode-2-AppendLogResponseHandler: Failed appendEntries: org.apache.ratis.thirdparty.io.grpc.StatusRuntimeException: UNAVAILABLE: io exception
2019-10-02 11:20:34,545 [grpc-default-executor-4] INFO  impl.FollowerInfo (FollowerInfo.java:lambda$new$0(51)) - omNode-1@group-523986131536->omNode-2: nextIndex: updateUnconditionally 321 -> 45
2019-10-02 11:20:34,547 [grpc-default-executor-8] WARN  server.GrpcLogAppender (LogUtils.java:warn(134)) - omNode-1@group-523986131536->omNode-2-AppendLogResponseHandler: Failed appendEntries: org.apache.ratis.thirdparty.io.grpc.StatusRuntimeException: UNAVAILABLE: io exception
2019-10-02 11:20:34,548 [grpc-default-executor-8] INFO  impl.FollowerInfo (FollowerInfo.java:lambda$new$0(51)) - omNode-1@group-523986131536->omNode-2: nextIndex: updateUnconditionally 322 -> 45
2019-10-02 11:20:34,550 [grpc-default-executor-4] WARN  server.GrpcLogAppender (LogUtils.java:warn(134)) - omNode-1@group-523986131536->omNode-2-AppendLogResponseHandler: Failed appendEntries: org.apache.ratis.thirdparty.io.grpc.StatusRuntimeException: UNAVAILABLE: io exception
2019-10-02 11:20:34,550 [grpc-default-executor-4] INFO  impl.FollowerInfo (FollowerInfo.java:lambda$new$0(51)) - omNode-1@group-523986131536->omNode-2: nextIndex: updateUnconditionally 323 -> 45
2019-10-02 11:20:34,556 [grpc-default-executor-4] WARN  server.GrpcLogAppender (LogUtils.java:warn(134)) - omNode-1@group-523986131536->omNode-2-AppendLogResponseHandler: Failed appendEntries: org.apache.ratis.thirdparty.io.grpc.StatusRuntimeException: UNAVAILABLE: io exception
2019-10-02 11:20:34,556 [grpc-default-executor-4] INFO  impl.FollowerInfo (FollowerInfo.java:lambda$new$0(51)) - omNode-1@group-523986131536->omNode-2: nextIndex: updateUnconditionally 324 -> 45
2019-10-02 11:20:34,558 [grpc-default-executor-7] WARN  server.GrpcLogAppender (LogUtils.java:warn(134)) - omNode-1@group-523986131536->omNode-2-AppendLogResponseHandler: Failed appendEntries: org.apache.ratis.thirdparty.io.grpc.StatusRuntimeException: UNAVAILABLE: io exception
2019-10-02 11:20:34,558 [grpc-default-executor-7] INFO  impl.FollowerInfo (FollowerInfo.java:lambda$new$0(51)) - omNode-1@group-523986131536->omNode-2: nextIndex: updateUnconditionally 325 -> 45
2019-10-02 11:20:34,561 [grpc-default-executor-4] WARN  server.GrpcLogAppender (LogUtils.java:warn(134)) - omNode-1@group-523986131536->omNode-2-AppendLogResponseHandler: Failed appendEntries: org.apache.ratis.thirdparty.io.grpc.StatusRuntimeException: UNAVAILABLE: io exception
2019-10-02 11:20:34,561 [grpc-default-executor-4] INFO  impl.FollowerInfo (FollowerInfo.java:lambda$new$0(51)) - omNode-1@group-523986131536->omNode-2: nextIndex: updateUnconditionally 325 -> 45
2019-10-02 11:20:34,565 [grpc-default-executor-8] WARN  server.GrpcLogAppender (LogUtils.java:warn(134)) - omNode-1@group-523986131536->omNode-2-AppendLogResponseHandler: Failed appendEntries: org.apache.ratis.thirdparty.io.grpc.StatusRuntimeException: UNAVAILABLE: io exception
2019-10-02 11:20:34,565 [grpc-default-executor-8] INFO  impl.FollowerInfo (FollowerInfo.java:lambda$new$0(51)) - omNode-1@group-523986131536->omNode-2: nextIndex: updateUnconditionally 327 -> 45
2019-10-02 11:20:34,572 [grpc-default-executor-7] WARN  server.GrpcLogAppender (LogUtils.java:warn(134)) - omNode-1@group-523986131536->omNode-2-AppendLogResponseHandler: Failed appendEntries: org.apache.ratis.thirdparty.io.grpc.StatusRuntimeException: UNAVAILABLE: io exception
2019-10-02 11:20:34,572 [grpc-default-executor-7] INFO  impl.FollowerInfo (FollowerInfo.java:lambda$new$0(51)) - omNode-1@group-523986131536->omNode-2: nextIndex: updateUnconditionally 328 -> 45
2019-10-02 11:20:34,575 [grpc-default-executor-4] WARN  server.GrpcLogAppender (LogUtils.java:warn(134)) - omNode-1@group-523986131536->omNode-2-AppendLogResponseHandler: Failed appendEntries: org.apache.ratis.thirdparty.io.grpc.StatusRuntimeException: UNAVAILABLE: io exception
2019-10-02 11:20:34,575 [grpc-default-executor-4] INFO  impl.FollowerInfo (FollowerInfo.java:lambda$new$0(51)) - omNode-1@group-523986131536->omNode-2: nextIndex: updateUnconditionally 329 -> 45
2019-10-02 11:20:34,578 [grpc-default-executor-8] WARN  server.GrpcLogAppender (LogUtils.java:warn(134)) - omNode-1@group-523986131536->omNode-2-AppendLogResponseHandler: Failed appendEntries: org.apache.ratis.thirdparty.io.grpc.StatusRuntimeException: UNAVAILABLE: io exception
2019-10-02 11:20:34,578 [grpc-default-executor-8] INFO  impl.FollowerInfo (FollowerInfo.java:lambda$new$0(51)) - omNode-1@group-523986131536->omNode-2: nextIndex: updateUnconditionally 330 -> 45
2019-10-02 11:20:34,596 [grpc-default-executor-8] WARN  server.GrpcLogAppender (LogUtils.java:warn(134)) - omNode-1@group-523986131536->omNode-2-AppendLogResponseHandler: Failed appendEntries: org.apache.ratis.thirdparty.io.grpc.StatusRuntimeException: UNAVAILABLE: io exception
2019-10-02 11:20:34,597 [grpc-default-executor-8] INFO  impl.FollowerInfo (FollowerInfo.java:lambda$new$0(51)) - omNode-1@group-523986131536->omNode-2: nextIndex: updateUnconditionally 330 -> 45
2019-10-02 11:20:34,604 [grpc-default-executor-8] WARN  server.GrpcLogAppender (LogUtils.java:warn(134)) - omNode-1@group-523986131536->omNode-2-AppendLogResponseHandler: Failed appendEntries: org.apache.ratis.thirdparty.io.grpc.StatusRuntimeException: UNAVAILABLE: io exception
2019-10-02 11:20:34,605 [grpc-default-executor-8] INFO  impl.FollowerInfo (FollowerInfo.java:lambda$new$0(51)) - omNode-1@group-523986131536->omNode-2: nextIndex: updateUnconditionally 332 -> 45
2019-10-02 11:20:34,607 [grpc-default-executor-8] WARN  server.GrpcLogAppender (LogUtils.java:warn(134)) - omNode-1@group-523986131536->omNode-2-AppendLogResponseHandler: Failed appendEntries: org.apache.ratis.thirdparty.io.grpc.StatusRuntimeException: UNAVAILABLE: io exception
2019-10-02 11:20:34,608 [grpc-default-executor-8] INFO  impl.FollowerInfo (FollowerInfo.java:lambda$new$0(51)) - omNode-1@group-523986131536->omNode-2: nextIndex: updateUnconditionally 333 -> 45
2019-10-02 11:20:34,610 [grpc-default-executor-7] WARN  server.GrpcLogAppender (LogUtils.java:warn(134)) - omNode-1@group-523986131536->omNode-2-AppendLogResponseHandler: Failed appendEntries: org.apache.ratis.thirdparty.io.grpc.StatusRuntimeException: UNAVAILABLE: io exception
2019-10-02 11:20:34,610 [grpc-default-executor-7] INFO  impl.FollowerInfo (FollowerInfo.java:lambda$new$0(51)) - omNode-1@group-523986131536->omNode-2: nextIndex: updateUnconditionally 334 -> 45
2019-10-02 11:20:34,619 [grpc-default-executor-4] WARN  server.GrpcLogAppender (LogUtils.java:warn(134)) - omNode-1@group-523986131536->omNode-2-AppendLogResponseHandler: Failed appendEntries: org.apache.ratis.thirdparty.io.grpc.StatusRuntimeException: UNAVAILABLE: io exception
2019-10-02 11:20:34,619 [grpc-default-executor-4] INFO  impl.FollowerInfo (FollowerInfo.java:lambda$new$0(51)) - omNode-1@group-523986131536->omNode-2: nextIndex: updateUnconditionally 334 -> 45
2019-10-02 11:20:34,627 [grpc-default-executor-8] WARN  server.GrpcLogAppender (LogUtils.java:warn(134)) - omNode-1@group-523986131536->omNode-2-AppendLogResponseHandler: Failed appendEntries: org.apache.ratis.thirdparty.io.grpc.StatusRuntimeException: UNAVAILABLE: io exception
2019-10-02 11:20:34,627 [grpc-default-executor-8] INFO  impl.FollowerInfo (FollowerInfo.java:lambda$new$0(51)) - omNode-1@group-523986131536->omNode-2: nextIndex: updateUnconditionally 336 -> 45
2019-10-02 11:20:34,633 [grpc-default-executor-8] WARN  server.GrpcLogAppender (LogUtils.java:warn(134)) - omNode-1@group-523986131536->omNode-2-AppendLogResponseHandler: Failed appendEntries: org.apache.ratis.thirdparty.io.grpc.StatusRuntimeException: UNAVAILABLE: io exception
2019-10-02 11:20:34,633 [grpc-default-executor-8] INFO  impl.FollowerInfo (FollowerInfo.java:lambda$new$0(51)) - omNode-1@group-523986131536->omNode-2: nextIndex: updateUnconditionally 336 -> 45
2019-10-02 11:20:34,636 [grpc-default-executor-4] WARN  server.GrpcLogAppender (LogUtils.java:warn(134)) - omNode-1@group-523986131536->omNode-2-AppendLogResponseHandler: Failed appendEntries: org.apache.ratis.thirdparty.io.grpc.StatusRuntimeException: UNAVAILABLE: io exception
2019-10-02 11:20:34,636 [grpc-default-executor-4] INFO  impl.FollowerInfo (FollowerInfo.java:lambda$new$0(51)) - omNode-1@group-523986131536->omNode-2: nextIndex: updateUnconditionally 338 -> 45
2019-10-02 11:20:34,646 [grpc-default-executor-7] WARN  server.GrpcLogAppender (LogUtils.java:warn(134)) - omNode-1@group-523986131536->omNode-2-AppendLogResponseHandler: Failed appendEntries: org.apache.ratis.thirdparty.io.grpc.StatusRuntimeException: UNAVAILABLE: io exception
2019-10-02 11:20:34,646 [grpc-default-executor-7] INFO  impl.FollowerInfo (FollowerInfo.java:lambda$new$0(51)) - omNode-1@group-523986131536->omNode-2: nextIndex: updateUnconditionally 338 -> 45
2019-10-02 11:20:34,655 [grpc-default-executor-7] WARN  server.GrpcLogAppender (LogUtils.java:warn(134)) - omNode-1@group-523986131536->omNode-2-AppendLogResponseHandler: Failed appendEntries: org.apache.ratis.thirdparty.io.grpc.StatusRuntimeException: UNAVAILABLE: io exception
2019-10-02 11:20:34,655 [grpc-default-executor-7] INFO  impl.FollowerInfo (FollowerInfo.java:lambda$new$0(51)) - omNode-1@group-523986131536->omNode-2: nextIndex: updateUnconditionally 340 -> 45
2019-10-02 11:20:34,659 [grpc-default-executor-4] WARN  server.GrpcLogAppender (LogUtils.java:warn(134)) - omNode-1@group-523986131536->omNode-2-AppendLogResponseHandler: Failed appendEntries: org.apache.ratis.thirdparty.io.grpc.StatusRuntimeException: UNAVAILABLE: io exception
2019-10-02 11:20:34,659 [grpc-default-executor-4] INFO  impl.FollowerInfo (FollowerInfo.java:lambda$new$0(51)) - omNode-1@group-523986131536->omNode-2: nextIndex: updateUnconditionally 340 -> 45
2019-10-02 11:20:34,664 [grpc-default-executor-8] WARN  server.GrpcLogAppender (LogUtils.java:warn(134)) - omNode-1@group-523986131536->omNode-2-AppendLogResponseHandler: Failed appendEntries: org.apache.ratis.thirdparty.io.grpc.StatusRuntimeException: UNAVAILABLE: io exception
2019-10-02 11:20:34,664 [grpc-default-executor-8] INFO  impl.FollowerInfo (FollowerInfo.java:lambda$new$0(51)) - omNode-1@group-523986131536->omNode-2: nextIndex: updateUnconditionally 342 -> 45
2019-10-02 11:20:34,672 [grpc-default-executor-7] WARN  server.GrpcLogAppender (LogUtils.java:warn(134)) - omNode-1@group-523986131536->omNode-2-AppendLogResponseHandler: Failed appendEntries: org.apache.ratis.thirdparty.io.grpc.StatusRuntimeException: UNAVAILABLE: io exception
2019-10-02 11:20:34,672 [grpc-default-executor-7] INFO  impl.FollowerInfo (FollowerInfo.java:lambda$new$0(51)) - omNode-1@group-523986131536->omNode-2: nextIndex: updateUnconditionally 342 -> 45
2019-10-02 11:20:34,674 [Thread-8602] INFO  impl.FollowerState (FollowerState.java:run(108)) - 03341560-e152-4fdb-a49d-73c184ac5038@group-67FCB73BC3F3-FollowerState: change to CANDIDATE, lastRpcTime:5138ms, electionTimeout:5138ms
2019-10-02 11:20:34,675 [Thread-8602] INFO  impl.RoleInfo (RoleInfo.java:shutdownFollowerState(121)) - 03341560-e152-4fdb-a49d-73c184ac5038: shutdown FollowerState
2019-10-02 11:20:34,675 [Thread-8602] INFO  impl.RaftServerImpl (RaftServerImpl.java:setRole(170)) - 03341560-e152-4fdb-a49d-73c184ac5038@group-67FCB73BC3F3: changes role from  FOLLOWER to CANDIDATE at term 0 for changeToCandidate
2019-10-02 11:20:34,675 [Thread-8602] INFO  impl.RoleInfo (RoleInfo.java:updateAndGet(143)) - 03341560-e152-4fdb-a49d-73c184ac5038: start LeaderElection
2019-10-02 11:20:34,684 [IPC Server handler 17 on 10428] INFO  segmented.SegmentedRaftLogWorker (SegmentedRaftLogWorker.java:rollLogSegment(390)) - omNode-1@group-523986131536-SegmentedRaftLogWorker: Rolling segment log-275_342 to index:342
2019-10-02 11:20:34,685 [grpc-default-executor-4] INFO  segmented.SegmentedRaftLogWorker (SegmentedRaftLogWorker.java:rollLogSegment(390)) - omNode-3@group-523986131536-SegmentedRaftLogWorker: Rolling segment log-275_342 to index:342
2019-10-02 11:20:34,686 [grpc-default-executor-4] WARN  server.GrpcLogAppender (LogUtils.java:warn(134)) - omNode-1@group-523986131536->omNode-2-AppendLogResponseHandler: Failed appendEntries: org.apache.ratis.thirdparty.io.grpc.StatusRuntimeException: UNAVAILABLE: io exception
2019-10-02 11:20:34,686 [grpc-default-executor-4] INFO  impl.FollowerInfo (FollowerInfo.java:lambda$new$0(51)) - omNode-1@group-523986131536->omNode-2: nextIndex: updateUnconditionally 343 -> 45
2019-10-02 11:20:35,095 [omNode-3@group-523986131536-SegmentedRaftLogWorker] INFO  segmented.SegmentedRaftLogWorker (SegmentedRaftLogWorker.java:execute(531)) - omNode-3@group-523986131536-SegmentedRaftLogWorker: Rolled log segment from /workdir/hadoop-ozone/integration-test/target/test-dir/MiniOzoneClusterImpl-4fbee6c2-d92b-4186-98e8-d11e1b77f972/omNode-3/ratis/c9bc4cf4-3bc3-3c60-a66b-523986131536/current/log_inprogress_275 to /workdir/hadoop-ozone/integration-test/target/test-dir/MiniOzoneClusterImpl-4fbee6c2-d92b-4186-98e8-d11e1b77f972/omNode-3/ratis/c9bc4cf4-3bc3-3c60-a66b-523986131536/current/log_275-342
2019-10-02 11:20:35,095 [omNode-1@group-523986131536-SegmentedRaftLogWorker] INFO  segmented.SegmentedRaftLogWorker (SegmentedRaftLogWorker.java:execute(531)) - omNode-1@group-523986131536-SegmentedRaftLogWorker: Rolled log segment from /workdir/hadoop-ozone/integration-test/target/test-dir/MiniOzoneClusterImpl-4fbee6c2-d92b-4186-98e8-d11e1b77f972/omNode-1/ratis/c9bc4cf4-3bc3-3c60-a66b-523986131536/current/log_inprogress_275 to /workdir/hadoop-ozone/integration-test/target/test-dir/MiniOzoneClusterImpl-4fbee6c2-d92b-4186-98e8-d11e1b77f972/omNode-1/ratis/c9bc4cf4-3bc3-3c60-a66b-523986131536/current/log_275-342
2019-10-02 11:20:35,187 [grpc-default-executor-7] WARN  server.GrpcLogAppender (LogUtils.java:warn(134)) - omNode-1@group-523986131536->omNode-2-AppendLogResponseHandler: Failed appendEntries: org.apache.ratis.thirdparty.io.grpc.StatusRuntimeException: UNAVAILABLE: io exception
2019-10-02 11:20:35,191 [grpc-default-executor-7] INFO  impl.FollowerInfo (FollowerInfo.java:lambda$new$0(51)) - omNode-1@group-523986131536->omNode-2: nextIndex: updateUnconditionally 45 -> 44
2019-10-02 11:20:35,688 [grpc-default-executor-7] WARN  server.GrpcLogAppender (LogUtils.java:warn(134)) - omNode-1@group-523986131536->omNode-2-AppendLogResponseHandler: Failed appendEntries: org.apache.ratis.thirdparty.io.grpc.StatusRuntimeException: UNAVAILABLE: io exception
2019-10-02 11:20:35,688 [grpc-default-executor-7] INFO  impl.FollowerInfo (FollowerInfo.java:lambda$new$0(51)) - omNode-1@group-523986131536->omNode-2: nextIndex: updateUnconditionally 44 -> 43
2019-10-02 11:20:36,188 [grpc-default-executor-4] WARN  server.GrpcLogAppender (LogUtils.java:warn(134)) - omNode-1@group-523986131536->omNode-2-AppendLogResponseHandler: Failed appendEntries: org.apache.ratis.thirdparty.io.grpc.StatusRuntimeException: UNAVAILABLE: io exception
2019-10-02 11:20:36,192 [grpc-default-executor-4] INFO  impl.FollowerInfo (FollowerInfo.java:lambda$new$0(51)) - omNode-1@group-523986131536->omNode-2: nextIndex: updateUnconditionally 43 -> 42
2019-10-02 11:20:36,245 [03341560-e152-4fdb-a49d-73c184ac5038@group-67FCB73BC3F3-LeaderElection170] INFO  impl.LeaderElection (LeaderElection.java:askForVotes(178)) - 03341560-e152-4fdb-a49d-73c184ac5038@group-67FCB73BC3F3-LeaderElection170: begin an election at term 1 for -1: [03341560-e152-4fdb-a49d-73c184ac5038:192.168.30.47:34499], old=null
2019-10-02 11:20:36,245 [03341560-e152-4fdb-a49d-73c184ac5038@group-67FCB73BC3F3-LeaderElection170] INFO  impl.RoleInfo (RoleInfo.java:shutdownLeaderElection(134)) - 03341560-e152-4fdb-a49d-73c184ac5038: shutdown LeaderElection
2019-10-02 11:20:36,245 [03341560-e152-4fdb-a49d-73c184ac5038@group-67FCB73BC3F3-LeaderElection170] INFO  impl.RaftServerImpl (RaftServerImpl.java:setRole(170)) - 03341560-e152-4fdb-a49d-73c184ac5038@group-67FCB73BC3F3: changes role from CANDIDATE to LEADER at term 1 for changeToLeader
2019-10-02 11:20:36,245 [03341560-e152-4fdb-a49d-73c184ac5038@group-67FCB73BC3F3-LeaderElection170] INFO  impl.RaftServerImpl (ServerState.java:setLeader(255)) - 03341560-e152-4fdb-a49d-73c184ac5038@group-67FCB73BC3F3: change Leader from null to 03341560-e152-4fdb-a49d-73c184ac5038 at term 1 for becomeLeader, leader elected after 6718ms
2019-10-02 11:20:36,246 [03341560-e152-4fdb-a49d-73c184ac5038@group-67FCB73BC3F3-LeaderElection170] INFO  server.RaftServerConfigKeys (ConfUtils.java:logGet(43)) - raft.server.staging.catchup.gap = 1000 (default)
2019-10-02 11:20:36,246 [03341560-e152-4fdb-a49d-73c184ac5038@group-67FCB73BC3F3-LeaderElection170] INFO  server.RaftServerConfigKeys (ConfUtils.java:logGet(43)) - raft.server.rpc.sleep.time = 25ms (default)
2019-10-02 11:20:36,246 [03341560-e152-4fdb-a49d-73c184ac5038@group-67FCB73BC3F3-LeaderElection170] INFO  server.RaftServerConfigKeys (ConfUtils.java:logGet(43)) - raft.server.write.element-limit = 4096 (default)
2019-10-02 11:20:36,246 [03341560-e152-4fdb-a49d-73c184ac5038@group-67FCB73BC3F3-LeaderElection170] INFO  server.RaftServerConfigKeys (ConfUtils.java:logGet(43)) - raft.server.watch.timeout = 10s (default)
2019-10-02 11:20:36,246 [03341560-e152-4fdb-a49d-73c184ac5038@group-67FCB73BC3F3-LeaderElection170] INFO  server.RaftServerConfigKeys (ConfUtils.java:logGet(43)) - raft.server.watch.timeout.denomination = 1s (default)
2019-10-02 11:20:36,246 [03341560-e152-4fdb-a49d-73c184ac5038@group-67FCB73BC3F3-LeaderElection170] INFO  server.RaftServerConfigKeys (ConfUtils.java:logGet(43)) - raft.server.watch.element-limit = 65536 (default)
2019-10-02 11:20:36,248 [03341560-e152-4fdb-a49d-73c184ac5038@group-67FCB73BC3F3-LeaderElection170] INFO  impl.RoleInfo (RoleInfo.java:updateAndGet(143)) - 03341560-e152-4fdb-a49d-73c184ac5038: start LeaderState
2019-10-02 11:20:36,249 [03341560-e152-4fdb-a49d-73c184ac5038@group-67FCB73BC3F3-LeaderElection170] INFO  segmented.SegmentedRaftLogWorker (SegmentedRaftLogWorker.java:startLogSegment(385)) - 03341560-e152-4fdb-a49d-73c184ac5038@group-67FCB73BC3F3-SegmentedRaftLogWorker: Starting segment from index:0
2019-10-02 11:20:36,249 [03341560-e152-4fdb-a49d-73c184ac5038@group-67FCB73BC3F3-LeaderElection170] INFO  impl.RaftServerImpl (ServerState.java:setRaftConf(356)) - 03341560-e152-4fdb-a49d-73c184ac5038@group-67FCB73BC3F3: set configuration 0: [03341560-e152-4fdb-a49d-73c184ac5038:192.168.30.47:34499], old=null at 0
2019-10-02 11:20:36,485 [omNode-1@group-523986131536-SegmentedRaftLogWorker] INFO  segmented.SegmentedRaftLogWorker (SegmentedRaftLogWorker.java:execute(574)) - omNode-1@group-523986131536-SegmentedRaftLogWorker: created new log segment /workdir/hadoop-ozone/integration-test/target/test-dir/MiniOzoneClusterImpl-4fbee6c2-d92b-4186-98e8-d11e1b77f972/omNode-1/ratis/c9bc4cf4-3bc3-3c60-a66b-523986131536/current/log_inprogress_343
2019-10-02 11:20:36,485 [omNode-3@group-523986131536-SegmentedRaftLogWorker] INFO  segmented.SegmentedRaftLogWorker (SegmentedRaftLogWorker.java:execute(574)) - omNode-3@group-523986131536-SegmentedRaftLogWorker: created new log segment /workdir/hadoop-ozone/integration-test/target/test-dir/MiniOzoneClusterImpl-4fbee6c2-d92b-4186-98e8-d11e1b77f972/omNode-3/ratis/c9bc4cf4-3bc3-3c60-a66b-523986131536/current/log_inprogress_343
2019-10-02 11:20:36,488 [03341560-e152-4fdb-a49d-73c184ac5038@group-67FCB73BC3F3-SegmentedRaftLogWorker] INFO  segmented.SegmentedRaftLogWorker (SegmentedRaftLogWorker.java:execute(574)) - 03341560-e152-4fdb-a49d-73c184ac5038@group-67FCB73BC3F3-SegmentedRaftLogWorker: created new log segment /workdir/hadoop-ozone/integration-test/target/test-dir/MiniOzoneClusterImpl-4fbee6c2-d92b-4186-98e8-d11e1b77f972/datanode-0/data/ratis/4c2bfc1f-4b6c-4f56-b37e-67fcb73bc3f3/current/log_inprogress_0
2019-10-02 11:20:36,494 [grpc-default-executor-4] WARN  server.GrpcLogAppender (LogUtils.java:warn(134)) - omNode-1@group-523986131536->omNode-2-AppendLogResponseHandler: Failed appendEntries: org.apache.ratis.thirdparty.io.grpc.StatusRuntimeException: UNAVAILABLE: io exception
2019-10-02 11:20:36,494 [grpc-default-executor-4] INFO  impl.FollowerInfo (FollowerInfo.java:lambda$new$0(51)) - omNode-1@group-523986131536->omNode-2: nextIndex: updateUnconditionally 345 -> 45
2019-10-02 11:20:36,500 [grpc-default-executor-8] WARN  server.GrpcLogAppender (LogUtils.java:warn(134)) - omNode-1@group-523986131536->omNode-2-AppendLogResponseHandler: Failed appendEntries: org.apache.ratis.thirdparty.io.grpc.StatusRuntimeException: UNAVAILABLE: io exception
2019-10-02 11:20:36,500 [grpc-default-executor-8] INFO  impl.FollowerInfo (FollowerInfo.java:lambda$new$0(51)) - omNode-1@group-523986131536->omNode-2: nextIndex: updateUnconditionally 347 -> 45
2019-10-02 11:20:36,509 [grpc-default-executor-8] WARN  server.GrpcLogAppender (LogUtils.java:warn(134)) - omNode-1@group-523986131536->omNode-2-AppendLogResponseHandler: Failed appendEntries: org.apache.ratis.thirdparty.io.grpc.StatusRuntimeException: UNAVAILABLE: io exception
2019-10-02 11:20:36,510 [grpc-default-executor-8] INFO  impl.FollowerInfo (FollowerInfo.java:lambda$new$0(51)) - omNode-1@group-523986131536->omNode-2: nextIndex: updateUnconditionally 348 -> 45
2019-10-02 11:20:36,515 [grpc-default-executor-7] WARN  server.GrpcLogAppender (LogUtils.java:warn(134)) - omNode-1@group-523986131536->omNode-2-AppendLogResponseHandler: Failed appendEntries: org.apache.ratis.thirdparty.io.grpc.StatusRuntimeException: UNAVAILABLE: io exception
2019-10-02 11:20:36,516 [grpc-default-executor-7] INFO  impl.FollowerInfo (FollowerInfo.java:lambda$new$0(51)) - omNode-1@group-523986131536->omNode-2: nextIndex: updateUnconditionally 350 -> 45
2019-10-02 11:20:36,516 [omNode-1@group-523986131536-StateMachineUpdater] INFO  ratis.OzoneManagerStateMachine (OzoneManagerStateMachine.java:takeSnapshot(254)) - Saving Ratis snapshot on the OM.
2019-10-02 11:20:36,517 [omNode-1@group-523986131536-StateMachineUpdater] INFO  ratis.OMRatisSnapshotInfo (OMRatisSnapshotInfo.java:saveRatisSnapshotToDisk(107)) - Saved Ratis Snapshot on the OM with snapshotIndex 349
2019-10-02 11:20:36,518 [omNode-1@group-523986131536-StateMachineUpdater] INFO  impl.StateMachineUpdater (StateMachineUpdater.java:takeSnapshot(269)) - omNode-1@group-523986131536-StateMachineUpdater: Took a snapshot at index 349
2019-10-02 11:20:36,518 [omNode-1@group-523986131536-StateMachineUpdater] INFO  impl.StateMachineUpdater (StateMachineUpdater.java:lambda$new$0(84)) - omNode-1@group-523986131536-StateMachineUpdater: snapshotIndex: updateIncreasingly 299 -> 349
2019-10-02 11:20:36,519 [omNode-3@group-523986131536-StateMachineUpdater] INFO  ratis.OzoneManagerStateMachine (OzoneManagerStateMachine.java:takeSnapshot(254)) - Saving Ratis snapshot on the OM.
2019-10-02 11:20:36,519 [omNode-3@group-523986131536-StateMachineUpdater] INFO  ratis.OMRatisSnapshotInfo (OMRatisSnapshotInfo.java:saveRatisSnapshotToDisk(107)) - Saved Ratis Snapshot on the OM with snapshotIndex 349
2019-10-02 11:20:36,519 [omNode-3@group-523986131536-StateMachineUpdater] INFO  impl.StateMachineUpdater (StateMachineUpdater.java:takeSnapshot(269)) - omNode-3@group-523986131536-StateMachineUpdater: Took a snapshot at index 349
2019-10-02 11:20:36,520 [omNode-3@group-523986131536-StateMachineUpdater] INFO  impl.StateMachineUpdater (StateMachineUpdater.java:lambda$new$0(84)) - omNode-3@group-523986131536-StateMachineUpdater: snapshotIndex: updateIncreasingly 299 -> 349
2019-10-02 11:20:36,520 [grpc-default-executor-9] WARN  server.GrpcLogAppender (LogUtils.java:warn(134)) - omNode-1@group-523986131536->omNode-2-AppendLogResponseHandler: Failed appendEntries: org.apache.ratis.thirdparty.io.grpc.StatusRuntimeException: UNAVAILABLE: io exception
2019-10-02 11:20:36,520 [grpc-default-executor-9] INFO  impl.FollowerInfo (FollowerInfo.java:lambda$new$0(51)) - omNode-1@group-523986131536->omNode-2: nextIndex: updateUnconditionally 351 -> 45
2019-10-02 11:20:36,526 [grpc-default-executor-7] WARN  server.GrpcLogAppender (LogUtils.java:warn(134)) - omNode-1@group-523986131536->omNode-2-AppendLogResponseHandler: Failed appendEntries: org.apache.ratis.thirdparty.io.grpc.StatusRuntimeException: UNAVAILABLE: io exception
2019-10-02 11:20:36,526 [grpc-default-executor-7] INFO  impl.FollowerInfo (FollowerInfo.java:lambda$new$0(51)) - omNode-1@group-523986131536->omNode-2: nextIndex: updateUnconditionally 352 -> 45
2019-10-02 11:20:36,529 [grpc-default-executor-8] WARN  server.GrpcLogAppender (LogUtils.java:warn(134)) - omNode-1@group-523986131536->omNode-2-AppendLogResponseHandler: Failed appendEntries: org.apache.ratis.thirdparty.io.grpc.StatusRuntimeException: UNAVAILABLE: io exception
2019-10-02 11:20:36,529 [grpc-default-executor-8] INFO  impl.FollowerInfo (FollowerInfo.java:lambda$new$0(51)) - omNode-1@group-523986131536->omNode-2: nextIndex: updateUnconditionally 353 -> 45
2019-10-02 11:20:36,532 [grpc-default-executor-9] WARN  server.GrpcLogAppender (LogUtils.java:warn(134)) - omNode-1@group-523986131536->omNode-2-AppendLogResponseHandler: Failed appendEntries: org.apache.ratis.thirdparty.io.grpc.StatusRuntimeException: UNAVAILABLE: io exception
2019-10-02 11:20:36,532 [grpc-default-executor-9] INFO  impl.FollowerInfo (FollowerInfo.java:lambda$new$0(51)) - omNode-1@group-523986131536->omNode-2: nextIndex: updateUnconditionally 354 -> 45
2019-10-02 11:20:36,535 [grpc-default-executor-9] WARN  server.GrpcLogAppender (LogUtils.java:warn(134)) - omNode-1@group-523986131536->omNode-2-AppendLogResponseHandler: Failed appendEntries: org.apache.ratis.thirdparty.io.grpc.StatusRuntimeException: UNAVAILABLE: io exception
2019-10-02 11:20:36,535 [grpc-default-executor-9] INFO  impl.FollowerInfo (FollowerInfo.java:lambda$new$0(51)) - omNode-1@group-523986131536->omNode-2: nextIndex: updateUnconditionally 355 -> 45
2019-10-02 11:20:36,537 [grpc-default-executor-9] WARN  server.GrpcLogAppender (LogUtils.java:warn(134)) - omNode-1@group-523986131536->omNode-2-AppendLogResponseHandler: Failed appendEntries: org.apache.ratis.thirdparty.io.grpc.StatusRuntimeException: UNAVAILABLE: io exception
2019-10-02 11:20:36,537 [grpc-default-executor-9] INFO  impl.FollowerInfo (FollowerInfo.java:lambda$new$0(51)) - omNode-1@group-523986131536->omNode-2: nextIndex: updateUnconditionally 355 -> 45
2019-10-02 11:20:36,541 [grpc-default-executor-8] WARN  server.GrpcLogAppender (LogUtils.java:warn(134)) - omNode-1@group-523986131536->omNode-2-AppendLogResponseHandler: Failed appendEntries: org.apache.ratis.thirdparty.io.grpc.StatusRuntimeException: UNAVAILABLE: io exception
2019-10-02 11:20:36,541 [grpc-default-executor-8] INFO  impl.FollowerInfo (FollowerInfo.java:lambda$new$0(51)) - omNode-1@group-523986131536->omNode-2: nextIndex: updateUnconditionally 356 -> 45
2019-10-02 11:20:36,544 [grpc-default-executor-8] WARN  server.GrpcLogAppender (LogUtils.java:warn(134)) - omNode-1@group-523986131536->omNode-2-AppendLogResponseHandler: Failed appendEntries: org.apache.ratis.thirdparty.io.grpc.StatusRuntimeException: UNAVAILABLE: io exception
2019-10-02 11:20:36,544 [grpc-default-executor-8] INFO  impl.FollowerInfo (FollowerInfo.java:lambda$new$0(51)) - omNode-1@group-523986131536->omNode-2: nextIndex: updateUnconditionally 357 -> 45
2019-10-02 11:20:36,547 [grpc-default-executor-4] WARN  server.GrpcLogAppender (LogUtils.java:warn(134)) - omNode-1@group-523986131536->omNode-2-AppendLogResponseHandler: Failed appendEntries: org.apache.ratis.thirdparty.io.grpc.StatusRuntimeException: UNAVAILABLE: io exception
2019-10-02 11:20:36,547 [grpc-default-executor-4] INFO  impl.FollowerInfo (FollowerInfo.java:lambda$new$0(51)) - omNode-1@group-523986131536->omNode-2: nextIndex: updateUnconditionally 358 -> 45
2019-10-02 11:20:36,553 [grpc-default-executor-9] WARN  server.GrpcLogAppender (LogUtils.java:warn(134)) - omNode-1@group-523986131536->omNode-2-AppendLogResponseHandler: Failed appendEntries: org.apache.ratis.thirdparty.io.grpc.StatusRuntimeException: UNAVAILABLE: io exception
2019-10-02 11:20:36,553 [grpc-default-executor-9] INFO  impl.FollowerInfo (FollowerInfo.java:lambda$new$0(51)) - omNode-1@group-523986131536->omNode-2: nextIndex: updateUnconditionally 359 -> 45
2019-10-02 11:20:36,556 [grpc-default-executor-8] WARN  server.GrpcLogAppender (LogUtils.java:warn(134)) - omNode-1@group-523986131536->omNode-2-AppendLogResponseHandler: Failed appendEntries: org.apache.ratis.thirdparty.io.grpc.StatusRuntimeException: UNAVAILABLE: io exception
2019-10-02 11:20:36,556 [grpc-default-executor-8] INFO  impl.FollowerInfo (FollowerInfo.java:lambda$new$0(51)) - omNode-1@group-523986131536->omNode-2: nextIndex: updateUnconditionally 360 -> 45
2019-10-02 11:20:36,559 [grpc-default-executor-4] WARN  server.GrpcLogAppender (LogUtils.java:warn(134)) - omNode-1@group-523986131536->omNode-2-AppendLogResponseHandler: Failed appendEntries: org.apache.ratis.thirdparty.io.grpc.StatusRuntimeException: UNAVAILABLE: io exception
2019-10-02 11:20:36,559 [grpc-default-executor-4] INFO  impl.FollowerInfo (FollowerInfo.java:lambda$new$0(51)) - omNode-1@group-523986131536->omNode-2: nextIndex: updateUnconditionally 361 -> 45
2019-10-02 11:20:36,563 [grpc-default-executor-9] WARN  server.GrpcLogAppender (LogUtils.java:warn(134)) - omNode-1@group-523986131536->omNode-2-AppendLogResponseHandler: Failed appendEntries: org.apache.ratis.thirdparty.io.grpc.StatusRuntimeException: UNAVAILABLE: io exception
2019-10-02 11:20:36,563 [grpc-default-executor-9] INFO  impl.FollowerInfo (FollowerInfo.java:lambda$new$0(51)) - omNode-1@group-523986131536->omNode-2: nextIndex: updateUnconditionally 362 -> 45
2019-10-02 11:20:36,569 [grpc-default-executor-7] WARN  server.GrpcLogAppender (LogUtils.java:warn(134)) - omNode-1@group-523986131536->omNode-2-AppendLogResponseHandler: Failed appendEntries: org.apache.ratis.thirdparty.io.grpc.StatusRuntimeException: UNAVAILABLE: io exception
2019-10-02 11:20:36,569 [grpc-default-executor-7] INFO  impl.FollowerInfo (FollowerInfo.java:lambda$new$0(51)) - omNode-1@group-523986131536->omNode-2: nextIndex: updateUnconditionally 363 -> 45
2019-10-02 11:20:36,573 [grpc-default-executor-7] WARN  server.GrpcLogAppender (LogUtils.java:warn(134)) - omNode-1@group-523986131536->omNode-2-AppendLogResponseHandler: Failed appendEntries: org.apache.ratis.thirdparty.io.grpc.StatusRuntimeException: UNAVAILABLE: io exception
2019-10-02 11:20:36,573 [grpc-default-executor-7] INFO  impl.FollowerInfo (FollowerInfo.java:lambda$new$0(51)) - omNode-1@group-523986131536->omNode-2: nextIndex: updateUnconditionally 364 -> 45
2019-10-02 11:20:36,576 [grpc-default-executor-4] WARN  server.GrpcLogAppender (LogUtils.java:warn(134)) - omNode-1@group-523986131536->omNode-2-AppendLogResponseHandler: Failed appendEntries: org.apache.ratis.thirdparty.io.grpc.StatusRuntimeException: UNAVAILABLE: io exception
2019-10-02 11:20:36,576 [grpc-default-executor-4] INFO  impl.FollowerInfo (FollowerInfo.java:lambda$new$0(51)) - omNode-1@group-523986131536->omNode-2: nextIndex: updateUnconditionally 365 -> 45
2019-10-02 11:20:36,578 [grpc-default-executor-9] WARN  server.GrpcLogAppender (LogUtils.java:warn(134)) - omNode-1@group-523986131536->omNode-2-AppendLogResponseHandler: Failed appendEntries: org.apache.ratis.thirdparty.io.grpc.StatusRuntimeException: UNAVAILABLE: io exception
2019-10-02 11:20:36,578 [grpc-default-executor-9] INFO  impl.FollowerInfo (FollowerInfo.java:lambda$new$0(51)) - omNode-1@group-523986131536->omNode-2: nextIndex: updateUnconditionally 365 -> 45
2019-10-02 11:20:36,582 [grpc-default-executor-4] WARN  server.GrpcLogAppender (LogUtils.java:warn(134)) - omNode-1@group-523986131536->omNode-2-AppendLogResponseHandler: Failed appendEntries: org.apache.ratis.thirdparty.io.grpc.StatusRuntimeException: UNAVAILABLE: io exception
2019-10-02 11:20:36,582 [grpc-default-executor-4] INFO  impl.FollowerInfo (FollowerInfo.java:lambda$new$0(51)) - omNode-1@group-523986131536->omNode-2: nextIndex: updateUnconditionally 367 -> 45
2019-10-02 11:20:36,586 [grpc-default-executor-7] WARN  server.GrpcLogAppender (LogUtils.java:warn(134)) - omNode-1@group-523986131536->omNode-2-AppendLogResponseHandler: Failed appendEntries: org.apache.ratis.thirdparty.io.grpc.StatusRuntimeException: UNAVAILABLE: io exception
2019-10-02 11:20:36,586 [grpc-default-executor-7] INFO  impl.FollowerInfo (FollowerInfo.java:lambda$new$0(51)) - omNode-1@group-523986131536->omNode-2: nextIndex: updateUnconditionally 367 -> 45
2019-10-02 11:20:36,588 [grpc-default-executor-9] WARN  server.GrpcLogAppender (LogUtils.java:warn(134)) - omNode-1@group-523986131536->omNode-2-AppendLogResponseHandler: Failed appendEntries: org.apache.ratis.thirdparty.io.grpc.StatusRuntimeException: UNAVAILABLE: io exception
2019-10-02 11:20:36,589 [grpc-default-executor-9] INFO  impl.FollowerInfo (FollowerInfo.java:lambda$new$0(51)) - omNode-1@group-523986131536->omNode-2: nextIndex: updateUnconditionally 368 -> 45
2019-10-02 11:20:36,591 [grpc-default-executor-8] WARN  server.GrpcLogAppender (LogUtils.java:warn(134)) - omNode-1@group-523986131536->omNode-2-AppendLogResponseHandler: Failed appendEntries: org.apache.ratis.thirdparty.io.grpc.StatusRuntimeException: UNAVAILABLE: io exception
2019-10-02 11:20:36,591 [grpc-default-executor-8] INFO  impl.FollowerInfo (FollowerInfo.java:lambda$new$0(51)) - omNode-1@group-523986131536->omNode-2: nextIndex: updateUnconditionally 369 -> 45
2019-10-02 11:20:36,593 [grpc-default-executor-8] WARN  server.GrpcLogAppender (LogUtils.java:warn(134)) - omNode-1@group-523986131536->omNode-2-AppendLogResponseHandler: Failed appendEntries: org.apache.ratis.thirdparty.io.grpc.StatusRuntimeException: UNAVAILABLE: io exception
2019-10-02 11:20:36,593 [grpc-default-executor-8] INFO  impl.FollowerInfo (FollowerInfo.java:lambda$new$0(51)) - omNode-1@group-523986131536->omNode-2: nextIndex: updateUnconditionally 370 -> 45
2019-10-02 11:20:36,595 [grpc-default-executor-8] WARN  server.GrpcLogAppender (LogUtils.java:warn(134)) - omNode-1@group-523986131536->omNode-2-AppendLogResponseHandler: Failed appendEntries: org.apache.ratis.thirdparty.io.grpc.StatusRuntimeException: UNAVAILABLE: io exception
2019-10-02 11:20:36,595 [grpc-default-executor-8] INFO  impl.FollowerInfo (FollowerInfo.java:lambda$new$0(51)) - omNode-1@group-523986131536->omNode-2: nextIndex: updateUnconditionally 371 -> 45
2019-10-02 11:20:36,598 [grpc-default-executor-9] WARN  server.GrpcLogAppender (LogUtils.java:warn(134)) - omNode-1@group-523986131536->omNode-2-AppendLogResponseHandler: Failed appendEntries: org.apache.ratis.thirdparty.io.grpc.StatusRuntimeException: UNAVAILABLE: io exception
2019-10-02 11:20:36,598 [grpc-default-executor-9] INFO  impl.FollowerInfo (FollowerInfo.java:lambda$new$0(51)) - omNode-1@group-523986131536->omNode-2: nextIndex: updateUnconditionally 371 -> 45
2019-10-02 11:20:36,602 [grpc-default-executor-8] WARN  server.GrpcLogAppender (LogUtils.java:warn(134)) - omNode-1@group-523986131536->omNode-2-AppendLogResponseHandler: Failed appendEntries: org.apache.ratis.thirdparty.io.grpc.StatusRuntimeException: UNAVAILABLE: io exception
2019-10-02 11:20:36,602 [grpc-default-executor-8] INFO  impl.FollowerInfo (FollowerInfo.java:lambda$new$0(51)) - omNode-1@group-523986131536->omNode-2: nextIndex: updateUnconditionally 372 -> 45
2019-10-02 11:20:36,604 [grpc-default-executor-7] WARN  server.GrpcLogAppender (LogUtils.java:warn(134)) - omNode-1@group-523986131536->omNode-2-AppendLogResponseHandler: Failed appendEntries: org.apache.ratis.thirdparty.io.grpc.StatusRuntimeException: UNAVAILABLE: io exception
2019-10-02 11:20:36,605 [grpc-default-executor-7] INFO  impl.FollowerInfo (FollowerInfo.java:lambda$new$0(51)) - omNode-1@group-523986131536->omNode-2: nextIndex: updateUnconditionally 373 -> 45
2019-10-02 11:20:36,607 [grpc-default-executor-9] WARN  server.GrpcLogAppender (LogUtils.java:warn(134)) - omNode-1@group-523986131536->omNode-2-AppendLogResponseHandler: Failed appendEntries: org.apache.ratis.thirdparty.io.grpc.StatusRuntimeException: UNAVAILABLE: io exception
2019-10-02 11:20:36,607 [grpc-default-executor-9] INFO  impl.FollowerInfo (FollowerInfo.java:lambda$new$0(51)) - omNode-1@group-523986131536->omNode-2: nextIndex: updateUnconditionally 373 -> 45
2019-10-02 11:20:36,611 [grpc-default-executor-8] WARN  server.GrpcLogAppender (LogUtils.java:warn(134)) - omNode-1@group-523986131536->omNode-2-AppendLogResponseHandler: Failed appendEntries: org.apache.ratis.thirdparty.io.grpc.StatusRuntimeException: UNAVAILABLE: io exception
2019-10-02 11:20:36,611 [grpc-default-executor-8] INFO  impl.FollowerInfo (FollowerInfo.java:lambda$new$0(51)) - omNode-1@group-523986131536->omNode-2: nextIndex: updateUnconditionally 375 -> 45
2019-10-02 11:20:36,618 [grpc-default-executor-9] WARN  server.GrpcLogAppender (LogUtils.java:warn(134)) - omNode-1@group-523986131536->omNode-2-AppendLogResponseHandler: Failed appendEntries: org.apache.ratis.thirdparty.io.grpc.StatusRuntimeException: UNAVAILABLE: io exception
2019-10-02 11:20:36,618 [grpc-default-executor-9] INFO  impl.FollowerInfo (FollowerInfo.java:lambda$new$0(51)) - omNode-1@group-523986131536->omNode-2: nextIndex: updateUnconditionally 376 -> 45
2019-10-02 11:20:36,621 [grpc-default-executor-7] WARN  server.GrpcLogAppender (LogUtils.java:warn(134)) - omNode-1@group-523986131536->omNode-2-AppendLogResponseHandler: Failed appendEntries: org.apache.ratis.thirdparty.io.grpc.StatusRuntimeException: UNAVAILABLE: io exception
2019-10-02 11:20:36,622 [grpc-default-executor-7] INFO  impl.FollowerInfo (FollowerInfo.java:lambda$new$0(51)) - omNode-1@group-523986131536->omNode-2: nextIndex: updateUnconditionally 377 -> 45
2019-10-02 11:20:36,625 [grpc-default-executor-8] WARN  server.GrpcLogAppender (LogUtils.java:warn(134)) - omNode-1@group-523986131536->omNode-2-AppendLogResponseHandler: Failed appendEntries: org.apache.ratis.thirdparty.io.grpc.StatusRuntimeException: UNAVAILABLE: io exception
2019-10-02 11:20:36,625 [grpc-default-executor-8] INFO  impl.FollowerInfo (FollowerInfo.java:lambda$new$0(51)) - omNode-1@group-523986131536->omNode-2: nextIndex: updateUnconditionally 378 -> 45
2019-10-02 11:20:36,630 [grpc-default-executor-7] WARN  server.GrpcLogAppender (LogUtils.java:warn(134)) - omNode-1@group-523986131536->omNode-2-AppendLogResponseHandler: Failed appendEntries: org.apache.ratis.thirdparty.io.grpc.StatusRuntimeException: UNAVAILABLE: io exception
2019-10-02 11:20:36,634 [grpc-default-executor-7] INFO  impl.FollowerInfo (FollowerInfo.java:lambda$new$0(51)) - omNode-1@group-523986131536->omNode-2: nextIndex: updateUnconditionally 379 -> 45
2019-10-02 11:20:36,637 [grpc-default-executor-7] WARN  server.GrpcLogAppender (LogUtils.java:warn(134)) - omNode-1@group-523986131536->omNode-2-AppendLogResponseHandler: Failed appendEntries: org.apache.ratis.thirdparty.io.grpc.StatusRuntimeException: UNAVAILABLE: io exception
2019-10-02 11:20:36,637 [grpc-default-executor-7] INFO  impl.FollowerInfo (FollowerInfo.java:lambda$new$0(51)) - omNode-1@group-523986131536->omNode-2: nextIndex: updateUnconditionally 380 -> 45
2019-10-02 11:20:36,640 [grpc-default-executor-9] WARN  server.GrpcLogAppender (LogUtils.java:warn(134)) - omNode-1@group-523986131536->omNode-2-AppendLogResponseHandler: Failed appendEntries: org.apache.ratis.thirdparty.io.grpc.StatusRuntimeException: UNAVAILABLE: io exception
2019-10-02 11:20:36,640 [grpc-default-executor-9] INFO  impl.FollowerInfo (FollowerInfo.java:lambda$new$0(51)) - omNode-1@group-523986131536->omNode-2: nextIndex: updateUnconditionally 381 -> 45
2019-10-02 11:20:36,643 [grpc-default-executor-9] WARN  server.GrpcLogAppender (LogUtils.java:warn(134)) - omNode-1@group-523986131536->omNode-2-AppendLogResponseHandler: Failed appendEntries: org.apache.ratis.thirdparty.io.grpc.StatusRuntimeException: UNAVAILABLE: io exception
2019-10-02 11:20:36,643 [grpc-default-executor-9] INFO  impl.FollowerInfo (FollowerInfo.java:lambda$new$0(51)) - omNode-1@group-523986131536->omNode-2: nextIndex: updateUnconditionally 382 -> 45
2019-10-02 11:20:36,646 [grpc-default-executor-4] WARN  server.GrpcLogAppender (LogUtils.java:warn(134)) - omNode-1@group-523986131536->omNode-2-AppendLogResponseHandler: Failed appendEntries: org.apache.ratis.thirdparty.io.grpc.StatusRuntimeException: UNAVAILABLE: io exception
2019-10-02 11:20:36,647 [grpc-default-executor-4] INFO  impl.FollowerInfo (FollowerInfo.java:lambda$new$0(51)) - omNode-1@group-523986131536->omNode-2: nextIndex: updateUnconditionally 383 -> 45
2019-10-02 11:20:36,652 [grpc-default-executor-8] WARN  server.GrpcLogAppender (LogUtils.java:warn(134)) - omNode-1@group-523986131536->omNode-2-AppendLogResponseHandler: Failed appendEntries: org.apache.ratis.thirdparty.io.grpc.StatusRuntimeException: UNAVAILABLE: io exception
2019-10-02 11:20:36,652 [grpc-default-executor-8] INFO  impl.FollowerInfo (FollowerInfo.java:lambda$new$0(51)) - omNode-1@group-523986131536->omNode-2: nextIndex: updateUnconditionally 384 -> 45
2019-10-02 11:20:36,654 [grpc-default-executor-7] WARN  server.GrpcLogAppender (LogUtils.java:warn(134)) - omNode-1@group-523986131536->omNode-2-AppendLogResponseHandler: Failed appendEntries: org.apache.ratis.thirdparty.io.grpc.StatusRuntimeException: UNAVAILABLE: io exception
2019-10-02 11:20:36,654 [grpc-default-executor-7] INFO  impl.FollowerInfo (FollowerInfo.java:lambda$new$0(51)) - omNode-1@group-523986131536->omNode-2: nextIndex: updateUnconditionally 385 -> 45
2019-10-02 11:20:36,657 [grpc-default-executor-7] WARN  server.GrpcLogAppender (LogUtils.java:warn(134)) - omNode-1@group-523986131536->omNode-2-AppendLogResponseHandler: Failed appendEntries: org.apache.ratis.thirdparty.io.grpc.StatusRuntimeException: UNAVAILABLE: io exception
2019-10-02 11:20:36,657 [grpc-default-executor-7] INFO  impl.FollowerInfo (FollowerInfo.java:lambda$new$0(51)) - omNode-1@group-523986131536->omNode-2: nextIndex: updateUnconditionally 385 -> 45
2019-10-02 11:20:36,659 [grpc-default-executor-4] WARN  server.GrpcLogAppender (LogUtils.java:warn(134)) - omNode-1@group-523986131536->omNode-2-AppendLogResponseHandler: Failed appendEntries: org.apache.ratis.thirdparty.io.grpc.StatusRuntimeException: UNAVAILABLE: io exception
2019-10-02 11:20:36,659 [grpc-default-executor-4] INFO  impl.FollowerInfo (FollowerInfo.java:lambda$new$0(51)) - omNode-1@group-523986131536->omNode-2: nextIndex: updateUnconditionally 387 -> 45
2019-10-02 11:20:36,661 [grpc-default-executor-4] WARN  server.GrpcLogAppender (LogUtils.java:warn(134)) - omNode-1@group-523986131536->omNode-2-AppendLogResponseHandler: Failed appendEntries: org.apache.ratis.thirdparty.io.grpc.StatusRuntimeException: UNAVAILABLE: io exception
2019-10-02 11:20:36,662 [grpc-default-executor-4] INFO  impl.FollowerInfo (FollowerInfo.java:lambda$new$0(51)) - omNode-1@group-523986131536->omNode-2: nextIndex: updateUnconditionally 387 -> 45
2019-10-02 11:20:36,666 [grpc-default-executor-8] WARN  server.GrpcLogAppender (LogUtils.java:warn(134)) - omNode-1@group-523986131536->omNode-2-AppendLogResponseHandler: Failed appendEntries: org.apache.ratis.thirdparty.io.grpc.StatusRuntimeException: UNAVAILABLE: io exception
2019-10-02 11:20:36,666 [grpc-default-executor-8] INFO  impl.FollowerInfo (FollowerInfo.java:lambda$new$0(51)) - omNode-1@group-523986131536->omNode-2: nextIndex: updateUnconditionally 388 -> 45
2019-10-02 11:20:36,669 [grpc-default-executor-4] WARN  server.GrpcLogAppender (LogUtils.java:warn(134)) - omNode-1@group-523986131536->omNode-2-AppendLogResponseHandler: Failed appendEntries: org.apache.ratis.thirdparty.io.grpc.StatusRuntimeException: UNAVAILABLE: io exception
2019-10-02 11:20:36,670 [grpc-default-executor-4] INFO  impl.FollowerInfo (FollowerInfo.java:lambda$new$0(51)) - omNode-1@group-523986131536->omNode-2: nextIndex: updateUnconditionally 389 -> 45
2019-10-02 11:20:36,672 [grpc-default-executor-8] WARN  server.GrpcLogAppender (LogUtils.java:warn(134)) - omNode-1@group-523986131536->omNode-2-AppendLogResponseHandler: Failed appendEntries: org.apache.ratis.thirdparty.io.grpc.StatusRuntimeException: UNAVAILABLE: io exception
2019-10-02 11:20:36,672 [grpc-default-executor-8] INFO  impl.FollowerInfo (FollowerInfo.java:lambda$new$0(51)) - omNode-1@group-523986131536->omNode-2: nextIndex: updateUnconditionally 389 -> 45
2019-10-02 11:20:36,675 [grpc-default-executor-8] WARN  server.GrpcLogAppender (LogUtils.java:warn(134)) - omNode-1@group-523986131536->omNode-2-AppendLogResponseHandler: Failed appendEntries: org.apache.ratis.thirdparty.io.grpc.StatusRuntimeException: UNAVAILABLE: io exception
2019-10-02 11:20:36,675 [grpc-default-executor-8] INFO  impl.FollowerInfo (FollowerInfo.java:lambda$new$0(51)) - omNode-1@group-523986131536->omNode-2: nextIndex: updateUnconditionally 391 -> 45
2019-10-02 11:20:36,677 [grpc-default-executor-7] WARN  server.GrpcLogAppender (LogUtils.java:warn(134)) - omNode-1@group-523986131536->omNode-2-AppendLogResponseHandler: Failed appendEntries: org.apache.ratis.thirdparty.io.grpc.StatusRuntimeException: UNAVAILABLE: io exception
2019-10-02 11:20:36,677 [grpc-default-executor-7] INFO  impl.FollowerInfo (FollowerInfo.java:lambda$new$0(51)) - omNode-1@group-523986131536->omNode-2: nextIndex: updateUnconditionally 391 -> 45
2019-10-02 11:20:36,686 [grpc-default-executor-9] WARN  server.GrpcLogAppender (LogUtils.java:warn(134)) - omNode-1@group-523986131536->omNode-2-AppendLogResponseHandler: Failed appendEntries: org.apache.ratis.thirdparty.io.grpc.StatusRuntimeException: UNAVAILABLE: io exception
2019-10-02 11:20:36,687 [grpc-default-executor-9] INFO  impl.FollowerInfo (FollowerInfo.java:lambda$new$0(51)) - omNode-1@group-523986131536->omNode-2: nextIndex: updateUnconditionally 392 -> 45
2019-10-02 11:20:36,689 [grpc-default-executor-9] WARN  server.GrpcLogAppender (LogUtils.java:warn(134)) - omNode-1@group-523986131536->omNode-2-AppendLogResponseHandler: Failed appendEntries: org.apache.ratis.thirdparty.io.grpc.StatusRuntimeException: UNAVAILABLE: io exception
2019-10-02 11:20:36,689 [grpc-default-executor-9] INFO  impl.FollowerInfo (FollowerInfo.java:lambda$new$0(51)) - omNode-1@group-523986131536->omNode-2: nextIndex: updateUnconditionally 393 -> 45
2019-10-02 11:20:36,691 [grpc-default-executor-8] WARN  server.GrpcLogAppender (LogUtils.java:warn(134)) - omNode-1@group-523986131536->omNode-2-AppendLogResponseHandler: Failed appendEntries: org.apache.ratis.thirdparty.io.grpc.StatusRuntimeException: UNAVAILABLE: io exception
2019-10-02 11:20:36,691 [grpc-default-executor-8] INFO  impl.FollowerInfo (FollowerInfo.java:lambda$new$0(51)) - omNode-1@group-523986131536->omNode-2: nextIndex: updateUnconditionally 393 -> 45
2019-10-02 11:20:36,696 [grpc-default-executor-8] WARN  server.GrpcLogAppender (LogUtils.java:warn(134)) - omNode-1@group-523986131536->omNode-2-AppendLogResponseHandler: Failed appendEntries: org.apache.ratis.thirdparty.io.grpc.StatusRuntimeException: UNAVAILABLE: io exception
2019-10-02 11:20:36,696 [grpc-default-executor-8] INFO  impl.FollowerInfo (FollowerInfo.java:lambda$new$0(51)) - omNode-1@group-523986131536->omNode-2: nextIndex: updateUnconditionally 395 -> 45
2019-10-02 11:20:36,702 [grpc-default-executor-4] WARN  server.GrpcLogAppender (LogUtils.java:warn(134)) - omNode-1@group-523986131536->omNode-2-AppendLogResponseHandler: Failed appendEntries: org.apache.ratis.thirdparty.io.grpc.StatusRuntimeException: UNAVAILABLE: io exception
2019-10-02 11:20:36,702 [grpc-default-executor-4] INFO  impl.FollowerInfo (FollowerInfo.java:lambda$new$0(51)) - omNode-1@group-523986131536->omNode-2: nextIndex: updateUnconditionally 395 -> 45
2019-10-02 11:20:36,706 [grpc-default-executor-7] WARN  server.GrpcLogAppender (LogUtils.java:warn(134)) - omNode-1@group-523986131536->omNode-2-AppendLogResponseHandler: Failed appendEntries: org.apache.ratis.thirdparty.io.grpc.StatusRuntimeException: UNAVAILABLE: io exception
2019-10-02 11:20:36,706 [grpc-default-executor-7] INFO  impl.FollowerInfo (FollowerInfo.java:lambda$new$0(51)) - omNode-1@group-523986131536->omNode-2: nextIndex: updateUnconditionally 396 -> 45
2019-10-02 11:20:36,709 [grpc-default-executor-7] WARN  server.GrpcLogAppender (LogUtils.java:warn(134)) - omNode-1@group-523986131536->omNode-2-AppendLogResponseHandler: Failed appendEntries: org.apache.ratis.thirdparty.io.grpc.StatusRuntimeException: UNAVAILABLE: io exception
2019-10-02 11:20:36,709 [grpc-default-executor-7] INFO  impl.FollowerInfo (FollowerInfo.java:lambda$new$0(51)) - omNode-1@group-523986131536->omNode-2: nextIndex: updateUnconditionally 397 -> 45
2019-10-02 11:20:36,712 [grpc-default-executor-8] WARN  server.GrpcLogAppender (LogUtils.java:warn(134)) - omNode-1@group-523986131536->omNode-2-AppendLogResponseHandler: Failed appendEntries: org.apache.ratis.thirdparty.io.grpc.StatusRuntimeException: UNAVAILABLE: io exception
2019-10-02 11:20:36,713 [grpc-default-executor-8] INFO  impl.FollowerInfo (FollowerInfo.java:lambda$new$0(51)) - omNode-1@group-523986131536->omNode-2: nextIndex: updateUnconditionally 398 -> 45
2019-10-02 11:20:36,720 [grpc-default-executor-4] WARN  server.GrpcLogAppender (LogUtils.java:warn(134)) - omNode-1@group-523986131536->omNode-2-AppendLogResponseHandler: Failed appendEntries: org.apache.ratis.thirdparty.io.grpc.StatusRuntimeException: UNAVAILABLE: io exception
2019-10-02 11:20:36,720 [grpc-default-executor-4] INFO  impl.FollowerInfo (FollowerInfo.java:lambda$new$0(51)) - omNode-1@group-523986131536->omNode-2: nextIndex: updateUnconditionally 399 -> 45
2019-10-02 11:20:36,724 [grpc-default-executor-4] WARN  server.GrpcLogAppender (LogUtils.java:warn(134)) - omNode-1@group-523986131536->omNode-2-AppendLogResponseHandler: Failed appendEntries: org.apache.ratis.thirdparty.io.grpc.StatusRuntimeException: UNAVAILABLE: io exception
2019-10-02 11:20:36,724 [omNode-1@group-523986131536-StateMachineUpdater] INFO  ratis.OzoneManagerStateMachine (OzoneManagerStateMachine.java:takeSnapshot(254)) - Saving Ratis snapshot on the OM.
2019-10-02 11:20:36,724 [grpc-default-executor-4] INFO  impl.FollowerInfo (FollowerInfo.java:lambda$new$0(51)) - omNode-1@group-523986131536->omNode-2: nextIndex: updateUnconditionally 400 -> 45
2019-10-02 11:20:36,725 [omNode-1@group-523986131536-StateMachineUpdater] INFO  ratis.OMRatisSnapshotInfo (OMRatisSnapshotInfo.java:saveRatisSnapshotToDisk(107)) - Saved Ratis Snapshot on the OM with snapshotIndex 399
2019-10-02 11:20:36,725 [omNode-1@group-523986131536-StateMachineUpdater] INFO  impl.StateMachineUpdater (StateMachineUpdater.java:takeSnapshot(269)) - omNode-1@group-523986131536-StateMachineUpdater: Took a snapshot at index 399
2019-10-02 11:20:36,725 [omNode-1@group-523986131536-StateMachineUpdater] INFO  impl.StateMachineUpdater (StateMachineUpdater.java:lambda$new$0(84)) - omNode-1@group-523986131536-StateMachineUpdater: snapshotIndex: updateIncreasingly 349 -> 399
2019-10-02 11:20:36,726 [omNode-3@group-523986131536-StateMachineUpdater] INFO  ratis.OzoneManagerStateMachine (OzoneManagerStateMachine.java:takeSnapshot(254)) - Saving Ratis snapshot on the OM.
2019-10-02 11:20:36,727 [omNode-3@group-523986131536-StateMachineUpdater] INFO  ratis.OMRatisSnapshotInfo (OMRatisSnapshotInfo.java:saveRatisSnapshotToDisk(107)) - Saved Ratis Snapshot on the OM with snapshotIndex 399
2019-10-02 11:20:36,727 [omNode-3@group-523986131536-StateMachineUpdater] INFO  impl.StateMachineUpdater (StateMachineUpdater.java:takeSnapshot(269)) - omNode-3@group-523986131536-StateMachineUpdater: Took a snapshot at index 399
2019-10-02 11:20:36,727 [omNode-3@group-523986131536-StateMachineUpdater] INFO  impl.StateMachineUpdater (StateMachineUpdater.java:lambda$new$0(84)) - omNode-3@group-523986131536-StateMachineUpdater: snapshotIndex: updateIncreasingly 349 -> 399
2019-10-02 11:20:36,729 [grpc-default-executor-7] WARN  server.GrpcLogAppender (LogUtils.java:warn(134)) - omNode-1@group-523986131536->omNode-2-AppendLogResponseHandler: Failed appendEntries: org.apache.ratis.thirdparty.io.grpc.StatusRuntimeException: UNAVAILABLE: io exception
2019-10-02 11:20:36,729 [grpc-default-executor-7] INFO  impl.FollowerInfo (FollowerInfo.java:lambda$new$0(51)) - omNode-1@group-523986131536->omNode-2: nextIndex: updateUnconditionally 401 -> 45
2019-10-02 11:20:36,731 [grpc-default-executor-7] WARN  server.GrpcLogAppender (LogUtils.java:warn(134)) - omNode-1@group-523986131536->omNode-2-AppendLogResponseHandler: Failed appendEntries: org.apache.ratis.thirdparty.io.grpc.StatusRuntimeException: UNAVAILABLE: io exception
2019-10-02 11:20:36,731 [grpc-default-executor-7] INFO  impl.FollowerInfo (FollowerInfo.java:lambda$new$0(51)) - omNode-1@group-523986131536->omNode-2: nextIndex: updateUnconditionally 403 -> 45
2019-10-02 11:20:36,733 [grpc-default-executor-4] WARN  server.GrpcLogAppender (LogUtils.java:warn(134)) - omNode-1@group-523986131536->omNode-2-AppendLogResponseHandler: Failed appendEntries: org.apache.ratis.thirdparty.io.grpc.StatusRuntimeException: UNAVAILABLE: io exception
2019-10-02 11:20:36,736 [grpc-default-executor-4] INFO  impl.FollowerInfo (FollowerInfo.java:lambda$new$0(51)) - omNode-1@group-523986131536->omNode-2: nextIndex: updateUnconditionally 403 -> 45
2019-10-02 11:20:36,739 [grpc-default-executor-7] WARN  server.GrpcLogAppender (LogUtils.java:warn(134)) - omNode-1@group-523986131536->omNode-2-AppendLogResponseHandler: Failed appendEntries: org.apache.ratis.thirdparty.io.grpc.StatusRuntimeException: UNAVAILABLE: io exception
2019-10-02 11:20:36,739 [grpc-default-executor-7] INFO  impl.FollowerInfo (FollowerInfo.java:lambda$new$0(51)) - omNode-1@group-523986131536->omNode-2: nextIndex: updateUnconditionally 404 -> 45
2019-10-02 11:20:36,757 [grpc-default-executor-8] WARN  server.GrpcLogAppender (LogUtils.java:warn(134)) - omNode-1@group-523986131536->omNode-2-AppendLogResponseHandler: Failed appendEntries: org.apache.ratis.thirdparty.io.grpc.StatusRuntimeException: UNAVAILABLE: io exception
2019-10-02 11:20:36,757 [grpc-default-executor-8] INFO  impl.FollowerInfo (FollowerInfo.java:lambda$new$0(51)) - omNode-1@group-523986131536->omNode-2: nextIndex: updateUnconditionally 405 -> 45
2019-10-02 11:20:36,760 [grpc-default-executor-8] WARN  server.GrpcLogAppender (LogUtils.java:warn(134)) - omNode-1@group-523986131536->omNode-2-AppendLogResponseHandler: Failed appendEntries: org.apache.ratis.thirdparty.io.grpc.StatusRuntimeException: UNAVAILABLE: io exception
2019-10-02 11:20:36,760 [grpc-default-executor-8] INFO  impl.FollowerInfo (FollowerInfo.java:lambda$new$0(51)) - omNode-1@group-523986131536->omNode-2: nextIndex: updateUnconditionally 406 -> 45
2019-10-02 11:20:36,766 [grpc-default-executor-4] WARN  server.GrpcLogAppender (LogUtils.java:warn(134)) - omNode-1@group-523986131536->omNode-2-AppendLogResponseHandler: Failed appendEntries: org.apache.ratis.thirdparty.io.grpc.StatusRuntimeException: UNAVAILABLE: io exception
2019-10-02 11:20:36,766 [grpc-default-executor-4] INFO  impl.FollowerInfo (FollowerInfo.java:lambda$new$0(51)) - omNode-1@group-523986131536->omNode-2: nextIndex: updateUnconditionally 406 -> 45
2019-10-02 11:20:36,776 [grpc-default-executor-8] WARN  server.GrpcLogAppender (LogUtils.java:warn(134)) - omNode-1@group-523986131536->omNode-2-AppendLogResponseHandler: Failed appendEntries: org.apache.ratis.thirdparty.io.grpc.StatusRuntimeException: UNAVAILABLE: io exception
2019-10-02 11:20:36,777 [grpc-default-executor-8] INFO  impl.FollowerInfo (FollowerInfo.java:lambda$new$0(51)) - omNode-1@group-523986131536->omNode-2: nextIndex: updateUnconditionally 408 -> 45
2019-10-02 11:20:36,778 [grpc-default-executor-9] WARN  server.GrpcLogAppender (LogUtils.java:warn(134)) - omNode-1@group-523986131536->omNode-2-AppendLogResponseHandler: Failed appendEntries: org.apache.ratis.thirdparty.io.grpc.StatusRuntimeException: UNAVAILABLE: io exception
2019-10-02 11:20:36,779 [grpc-default-executor-9] INFO  impl.FollowerInfo (FollowerInfo.java:lambda$new$0(51)) - omNode-1@group-523986131536->omNode-2: nextIndex: updateUnconditionally 408 -> 45
2019-10-02 11:20:36,782 [grpc-default-executor-8] WARN  server.GrpcLogAppender (LogUtils.java:warn(134)) - omNode-1@group-523986131536->omNode-2-AppendLogResponseHandler: Failed appendEntries: org.apache.ratis.thirdparty.io.grpc.StatusRuntimeException: UNAVAILABLE: io exception
2019-10-02 11:20:36,783 [grpc-default-executor-8] INFO  impl.FollowerInfo (FollowerInfo.java:lambda$new$0(51)) - omNode-1@group-523986131536->omNode-2: nextIndex: updateUnconditionally 410 -> 45
2019-10-02 11:20:36,792 [grpc-default-executor-9] WARN  server.GrpcLogAppender (LogUtils.java:warn(134)) - omNode-1@group-523986131536->omNode-2-AppendLogResponseHandler: Failed appendEntries: org.apache.ratis.thirdparty.io.grpc.StatusRuntimeException: UNAVAILABLE: io exception
2019-10-02 11:20:36,792 [grpc-default-executor-9] INFO  impl.FollowerInfo (FollowerInfo.java:lambda$new$0(51)) - omNode-1@group-523986131536->omNode-2: nextIndex: updateUnconditionally 410 -> 45
2019-10-02 11:20:36,799 [IPC Server handler 11 on 10428] INFO  segmented.SegmentedRaftLogWorker (SegmentedRaftLogWorker.java:rollLogSegment(390)) - omNode-1@group-523986131536-SegmentedRaftLogWorker: Rolling segment log-343_410 to index:410
2019-10-02 11:20:36,800 [grpc-default-executor-8] INFO  segmented.SegmentedRaftLogWorker (SegmentedRaftLogWorker.java:rollLogSegment(390)) - omNode-3@group-523986131536-SegmentedRaftLogWorker: Rolling segment log-343_410 to index:410
2019-10-02 11:20:36,802 [grpc-default-executor-4] WARN  server.GrpcLogAppender (LogUtils.java:warn(134)) - omNode-1@group-523986131536->omNode-2-AppendLogResponseHandler: Failed appendEntries: org.apache.ratis.thirdparty.io.grpc.StatusRuntimeException: UNAVAILABLE: io exception
2019-10-02 11:20:36,802 [omNode-1@group-523986131536-SegmentedRaftLogWorker] INFO  segmented.SegmentedRaftLogWorker (SegmentedRaftLogWorker.java:execute(531)) - omNode-1@group-523986131536-SegmentedRaftLogWorker: Rolled log segment from /workdir/hadoop-ozone/integration-test/target/test-dir/MiniOzoneClusterImpl-4fbee6c2-d92b-4186-98e8-d11e1b77f972/omNode-1/ratis/c9bc4cf4-3bc3-3c60-a66b-523986131536/current/log_inprogress_343 to /workdir/hadoop-ozone/integration-test/target/test-dir/MiniOzoneClusterImpl-4fbee6c2-d92b-4186-98e8-d11e1b77f972/omNode-1/ratis/c9bc4cf4-3bc3-3c60-a66b-523986131536/current/log_343-410
2019-10-02 11:20:36,802 [grpc-default-executor-4] INFO  impl.FollowerInfo (FollowerInfo.java:lambda$new$0(51)) - omNode-1@group-523986131536->omNode-2: nextIndex: updateUnconditionally 412 -> 45
2019-10-02 11:20:36,802 [omNode-3@group-523986131536-SegmentedRaftLogWorker] INFO  segmented.SegmentedRaftLogWorker (SegmentedRaftLogWorker.java:execute(531)) - omNode-3@group-523986131536-SegmentedRaftLogWorker: Rolled log segment from /workdir/hadoop-ozone/integration-test/target/test-dir/MiniOzoneClusterImpl-4fbee6c2-d92b-4186-98e8-d11e1b77f972/omNode-3/ratis/c9bc4cf4-3bc3-3c60-a66b-523986131536/current/log_inprogress_343 to /workdir/hadoop-ozone/integration-test/target/test-dir/MiniOzoneClusterImpl-4fbee6c2-d92b-4186-98e8-d11e1b77f972/omNode-3/ratis/c9bc4cf4-3bc3-3c60-a66b-523986131536/current/log_343-410
2019-10-02 11:20:36,807 [grpc-default-executor-4] WARN  server.GrpcLogAppender (LogUtils.java:warn(134)) - omNode-1@group-523986131536->omNode-2-AppendLogResponseHandler: Failed appendEntries: org.apache.ratis.thirdparty.io.grpc.StatusRuntimeException: UNAVAILABLE: io exception
2019-10-02 11:20:36,807 [grpc-default-executor-4] INFO  impl.FollowerInfo (FollowerInfo.java:lambda$new$0(51)) - omNode-1@group-523986131536->omNode-2: nextIndex: updateUnconditionally 412 -> 45
2019-10-02 11:20:36,822 [omNode-1@group-523986131536-SegmentedRaftLogWorker] INFO  segmented.SegmentedRaftLogWorker (SegmentedRaftLogWorker.java:execute(574)) - omNode-1@group-523986131536-SegmentedRaftLogWorker: created new log segment /workdir/hadoop-ozone/integration-test/target/test-dir/MiniOzoneClusterImpl-4fbee6c2-d92b-4186-98e8-d11e1b77f972/omNode-1/ratis/c9bc4cf4-3bc3-3c60-a66b-523986131536/current/log_inprogress_411
2019-10-02 11:20:36,837 [omNode-3@group-523986131536-SegmentedRaftLogWorker] INFO  segmented.SegmentedRaftLogWorker (SegmentedRaftLogWorker.java:execute(574)) - omNode-3@group-523986131536-SegmentedRaftLogWorker: created new log segment /workdir/hadoop-ozone/integration-test/target/test-dir/MiniOzoneClusterImpl-4fbee6c2-d92b-4186-98e8-d11e1b77f972/omNode-3/ratis/c9bc4cf4-3bc3-3c60-a66b-523986131536/current/log_inprogress_411
2019-10-02 11:20:36,851 [grpc-default-executor-9] WARN  server.GrpcLogAppender (LogUtils.java:warn(134)) - omNode-1@group-523986131536->omNode-2-AppendLogResponseHandler: Failed appendEntries: org.apache.ratis.thirdparty.io.grpc.StatusRuntimeException: UNAVAILABLE: io exception
2019-10-02 11:20:36,851 [grpc-default-executor-9] INFO  impl.FollowerInfo (FollowerInfo.java:lambda$new$0(51)) - omNode-1@group-523986131536->omNode-2: nextIndex: updateUnconditionally 413 -> 45
2019-10-02 11:20:36,853 [grpc-default-executor-9] WARN  server.GrpcLogAppender (LogUtils.java:warn(134)) - omNode-1@group-523986131536->omNode-2-AppendLogResponseHandler: Failed appendEntries: org.apache.ratis.thirdparty.io.grpc.StatusRuntimeException: UNAVAILABLE: io exception
2019-10-02 11:20:36,854 [grpc-default-executor-9] INFO  impl.FollowerInfo (FollowerInfo.java:lambda$new$0(51)) - omNode-1@group-523986131536->omNode-2: nextIndex: updateUnconditionally 414 -> 45
2019-10-02 11:20:36,862 [grpc-default-executor-8] WARN  server.GrpcLogAppender (LogUtils.java:warn(134)) - omNode-1@group-523986131536->omNode-2-AppendLogResponseHandler: Failed appendEntries: org.apache.ratis.thirdparty.io.grpc.StatusRuntimeException: UNAVAILABLE: io exception
2019-10-02 11:20:36,863 [grpc-default-executor-8] INFO  impl.FollowerInfo (FollowerInfo.java:lambda$new$0(51)) - omNode-1@group-523986131536->omNode-2: nextIndex: updateUnconditionally 414 -> 45
2019-10-02 11:20:36,870 [grpc-default-executor-9] WARN  server.GrpcLogAppender (LogUtils.java:warn(134)) - omNode-1@group-523986131536->omNode-2-AppendLogResponseHandler: Failed appendEntries: org.apache.ratis.thirdparty.io.grpc.StatusRuntimeException: UNAVAILABLE: io exception
2019-10-02 11:20:36,870 [grpc-default-executor-9] INFO  impl.FollowerInfo (FollowerInfo.java:lambda$new$0(51)) - omNode-1@group-523986131536->omNode-2: nextIndex: updateUnconditionally 416 -> 45
2019-10-02 11:20:36,876 [grpc-default-executor-9] WARN  server.GrpcLogAppender (LogUtils.java:warn(134)) - omNode-1@group-523986131536->omNode-2-AppendLogResponseHandler: Failed appendEntries: org.apache.ratis.thirdparty.io.grpc.StatusRuntimeException: UNAVAILABLE: io exception
2019-10-02 11:20:36,876 [grpc-default-executor-9] INFO  impl.FollowerInfo (FollowerInfo.java:lambda$new$0(51)) - omNode-1@group-523986131536->omNode-2: nextIndex: updateUnconditionally 416 -> 45
2019-10-02 11:20:36,880 [grpc-default-executor-9] WARN  server.GrpcLogAppender (LogUtils.java:warn(134)) - omNode-1@group-523986131536->omNode-2-AppendLogResponseHandler: Failed appendEntries: org.apache.ratis.thirdparty.io.grpc.StatusRuntimeException: UNAVAILABLE: io exception
2019-10-02 11:20:36,880 [grpc-default-executor-9] INFO  impl.FollowerInfo (FollowerInfo.java:lambda$new$0(51)) - omNode-1@group-523986131536->omNode-2: nextIndex: updateUnconditionally 418 -> 45
2019-10-02 11:20:36,889 [grpc-default-executor-8] WARN  server.GrpcLogAppender (LogUtils.java:warn(134)) - omNode-1@group-523986131536->omNode-2-AppendLogResponseHandler: Failed appendEntries: org.apache.ratis.thirdparty.io.grpc.StatusRuntimeException: UNAVAILABLE: io exception
2019-10-02 11:20:36,890 [grpc-default-executor-8] INFO  impl.FollowerInfo (FollowerInfo.java:lambda$new$0(51)) - omNode-1@group-523986131536->omNode-2: nextIndex: updateUnconditionally 418 -> 45
2019-10-02 11:20:36,901 [grpc-default-executor-8] WARN  server.GrpcLogAppender (LogUtils.java:warn(134)) - omNode-1@group-523986131536->omNode-2-AppendLogResponseHandler: Failed appendEntries: org.apache.ratis.thirdparty.io.grpc.StatusRuntimeException: UNAVAILABLE: io exception
2019-10-02 11:20:36,901 [grpc-default-executor-8] INFO  impl.FollowerInfo (FollowerInfo.java:lambda$new$0(51)) - omNode-1@group-523986131536->omNode-2: nextIndex: updateUnconditionally 420 -> 45
2019-10-02 11:20:36,903 [grpc-default-executor-4] WARN  server.GrpcLogAppender (LogUtils.java:warn(134)) - omNode-1@group-523986131536->omNode-2-AppendLogResponseHandler: Failed appendEntries: org.apache.ratis.thirdparty.io.grpc.StatusRuntimeException: UNAVAILABLE: io exception
2019-10-02 11:20:36,904 [grpc-default-executor-4] INFO  impl.FollowerInfo (FollowerInfo.java:lambda$new$0(51)) - omNode-1@group-523986131536->omNode-2: nextIndex: updateUnconditionally 421 -> 45
2019-10-02 11:20:36,906 [grpc-default-executor-4] WARN  server.GrpcLogAppender (LogUtils.java:warn(134)) - omNode-1@group-523986131536->omNode-2-AppendLogResponseHandler: Failed appendEntries: org.apache.ratis.thirdparty.io.grpc.StatusRuntimeException: UNAVAILABLE: io exception
2019-10-02 11:20:36,906 [grpc-default-executor-4] INFO  impl.FollowerInfo (FollowerInfo.java:lambda$new$0(51)) - omNode-1@group-523986131536->omNode-2: nextIndex: updateUnconditionally 422 -> 45
2019-10-02 11:20:37,122 [grpc-default-executor-4] WARN  server.GrpcLogAppender (LogUtils.java:warn(134)) - omNode-1@group-523986131536->omNode-2-AppendLogResponseHandler: Failed appendEntries: org.apache.ratis.thirdparty.io.grpc.StatusRuntimeException: UNAVAILABLE: io exception
2019-10-02 11:20:37,123 [grpc-default-executor-4] INFO  impl.FollowerInfo (FollowerInfo.java:lambda$new$0(51)) - omNode-1@group-523986131536->omNode-2: nextIndex: updateUnconditionally 422 -> 45
2019-10-02 11:20:37,133 [grpc-default-executor-4] WARN  server.GrpcLogAppender (LogUtils.java:warn(134)) - omNode-1@group-523986131536->omNode-2-AppendLogResponseHandler: Failed appendEntries: org.apache.ratis.thirdparty.io.grpc.StatusRuntimeException: UNAVAILABLE: io exception
2019-10-02 11:20:37,133 [grpc-default-executor-4] INFO  impl.FollowerInfo (FollowerInfo.java:lambda$new$0(51)) - omNode-1@group-523986131536->omNode-2: nextIndex: updateUnconditionally 424 -> 45
2019-10-02 11:20:37,136 [grpc-default-executor-4] WARN  server.GrpcLogAppender (LogUtils.java:warn(134)) - omNode-1@group-523986131536->omNode-2-AppendLogResponseHandler: Failed appendEntries: org.apache.ratis.thirdparty.io.grpc.StatusRuntimeException: UNAVAILABLE: io exception
2019-10-02 11:20:37,136 [grpc-default-executor-4] INFO  impl.FollowerInfo (FollowerInfo.java:lambda$new$0(51)) - omNode-1@group-523986131536->omNode-2: nextIndex: updateUnconditionally 425 -> 45
2019-10-02 11:20:37,139 [grpc-default-executor-9] WARN  server.GrpcLogAppender (LogUtils.java:warn(134)) - omNode-1@group-523986131536->omNode-2-AppendLogResponseHandler: Failed appendEntries: org.apache.ratis.thirdparty.io.grpc.StatusRuntimeException: UNAVAILABLE: io exception
2019-10-02 11:20:37,139 [grpc-default-executor-9] INFO  impl.FollowerInfo (FollowerInfo.java:lambda$new$0(51)) - omNode-1@group-523986131536->omNode-2: nextIndex: updateUnconditionally 426 -> 45
2019-10-02 11:20:37,148 [grpc-default-executor-8] WARN  server.GrpcLogAppender (LogUtils.java:warn(134)) - omNode-1@group-523986131536->omNode-2-AppendLogResponseHandler: Failed appendEntries: org.apache.ratis.thirdparty.io.grpc.StatusRuntimeException: UNAVAILABLE: io exception
2019-10-02 11:20:37,148 [grpc-default-executor-8] INFO  impl.FollowerInfo (FollowerInfo.java:lambda$new$0(51)) - omNode-1@group-523986131536->omNode-2: nextIndex: updateUnconditionally 426 -> 45
2019-10-02 11:20:37,162 [grpc-default-executor-9] WARN  server.GrpcLogAppender (LogUtils.java:warn(134)) - omNode-1@group-523986131536->omNode-2-AppendLogResponseHandler: Failed appendEntries: org.apache.ratis.thirdparty.io.grpc.StatusRuntimeException: UNAVAILABLE: io exception
2019-10-02 11:20:37,162 [grpc-default-executor-9] INFO  impl.FollowerInfo (FollowerInfo.java:lambda$new$0(51)) - omNode-1@group-523986131536->omNode-2: nextIndex: updateUnconditionally 428 -> 45
2019-10-02 11:20:37,173 [grpc-default-executor-4] WARN  server.GrpcLogAppender (LogUtils.java:warn(134)) - omNode-1@group-523986131536->omNode-2-AppendLogResponseHandler: Failed appendEntries: org.apache.ratis.thirdparty.io.grpc.StatusRuntimeException: UNAVAILABLE: io exception
2019-10-02 11:20:37,174 [grpc-default-executor-4] INFO  impl.FollowerInfo (FollowerInfo.java:lambda$new$0(51)) - omNode-1@group-523986131536->omNode-2: nextIndex: updateUnconditionally 429 -> 45
2019-10-02 11:20:37,176 [grpc-default-executor-8] WARN  server.GrpcLogAppender (LogUtils.java:warn(134)) - omNode-1@group-523986131536->omNode-2-AppendLogResponseHandler: Failed appendEntries: org.apache.ratis.thirdparty.io.grpc.StatusRuntimeException: UNAVAILABLE: io exception
2019-10-02 11:20:37,176 [grpc-default-executor-8] INFO  impl.FollowerInfo (FollowerInfo.java:lambda$new$0(51)) - omNode-1@group-523986131536->omNode-2: nextIndex: updateUnconditionally 430 -> 45
2019-10-02 11:20:37,185 [grpc-default-executor-4] WARN  server.GrpcLogAppender (LogUtils.java:warn(134)) - omNode-1@group-523986131536->omNode-2-AppendLogResponseHandler: Failed appendEntries: org.apache.ratis.thirdparty.io.grpc.StatusRuntimeException: UNAVAILABLE: io exception
2019-10-02 11:20:37,186 [grpc-default-executor-4] INFO  impl.FollowerInfo (FollowerInfo.java:lambda$new$0(51)) - omNode-1@group-523986131536->omNode-2: nextIndex: updateUnconditionally 430 -> 45
2019-10-02 11:20:37,192 [grpc-default-executor-8] WARN  server.GrpcLogAppender (LogUtils.java:warn(134)) - omNode-1@group-523986131536->omNode-2-AppendLogResponseHandler: Failed appendEntries: org.apache.ratis.thirdparty.io.grpc.StatusRuntimeException: UNAVAILABLE: io exception
2019-10-02 11:20:37,192 [grpc-default-executor-8] INFO  impl.FollowerInfo (FollowerInfo.java:lambda$new$0(51)) - omNode-1@group-523986131536->omNode-2: nextIndex: updateUnconditionally 432 -> 45
2019-10-02 11:20:37,199 [grpc-default-executor-4] WARN  server.GrpcLogAppender (LogUtils.java:warn(134)) - omNode-1@group-523986131536->omNode-2-AppendLogResponseHandler: Failed appendEntries: org.apache.ratis.thirdparty.io.grpc.StatusRuntimeException: UNAVAILABLE: io exception
2019-10-02 11:20:37,199 [grpc-default-executor-4] INFO  impl.FollowerInfo (FollowerInfo.java:lambda$new$0(51)) - omNode-1@group-523986131536->omNode-2: nextIndex: updateUnconditionally 432 -> 45
2019-10-02 11:20:37,202 [grpc-default-executor-8] WARN  server.GrpcLogAppender (LogUtils.java:warn(134)) - omNode-1@group-523986131536->omNode-2-AppendLogResponseHandler: Failed appendEntries: org.apache.ratis.thirdparty.io.grpc.StatusRuntimeException: UNAVAILABLE: io exception
2019-10-02 11:20:37,202 [grpc-default-executor-8] INFO  impl.FollowerInfo (FollowerInfo.java:lambda$new$0(51)) - omNode-1@group-523986131536->omNode-2: nextIndex: updateUnconditionally 434 -> 45
2019-10-02 11:20:37,211 [grpc-default-executor-7] WARN  server.GrpcLogAppender (LogUtils.java:warn(134)) - omNode-1@group-523986131536->omNode-2-AppendLogResponseHandler: Failed appendEntries: org.apache.ratis.thirdparty.io.grpc.StatusRuntimeException: UNAVAILABLE: io exception
2019-10-02 11:20:37,211 [grpc-default-executor-7] INFO  impl.FollowerInfo (FollowerInfo.java:lambda$new$0(51)) - omNode-1@group-523986131536->omNode-2: nextIndex: updateUnconditionally 434 -> 45
2019-10-02 11:20:37,218 [grpc-default-executor-8] WARN  server.GrpcLogAppender (LogUtils.java:warn(134)) - omNode-1@group-523986131536->omNode-2-AppendLogResponseHandler: Failed appendEntries: org.apache.ratis.thirdparty.io.grpc.StatusRuntimeException: UNAVAILABLE: io exception
2019-10-02 11:20:37,218 [grpc-default-executor-8] INFO  impl.FollowerInfo (FollowerInfo.java:lambda$new$0(51)) - omNode-1@group-523986131536->omNode-2: nextIndex: updateUnconditionally 436 -> 45
2019-10-02 11:20:37,224 [grpc-default-executor-9] WARN  server.GrpcLogAppender (LogUtils.java:warn(134)) - omNode-1@group-523986131536->omNode-2-AppendLogResponseHandler: Failed appendEntries: org.apache.ratis.thirdparty.io.grpc.StatusRuntimeException: UNAVAILABLE: io exception
2019-10-02 11:20:37,225 [grpc-default-executor-9] INFO  impl.FollowerInfo (FollowerInfo.java:lambda$new$0(51)) - omNode-1@group-523986131536->omNode-2: nextIndex: updateUnconditionally 436 -> 45
2019-10-02 11:20:37,229 [grpc-default-executor-7] WARN  server.GrpcLogAppender (LogUtils.java:warn(134)) - omNode-1@group-523986131536->omNode-2-AppendLogResponseHandler: Failed appendEntries: org.apache.ratis.thirdparty.io.grpc.StatusRuntimeException: UNAVAILABLE: io exception
2019-10-02 11:20:37,229 [grpc-default-executor-7] INFO  impl.FollowerInfo (FollowerInfo.java:lambda$new$0(51)) - omNode-1@group-523986131536->omNode-2: nextIndex: updateUnconditionally 438 -> 45
2019-10-02 11:20:37,238 [grpc-default-executor-7] WARN  server.GrpcLogAppender (LogUtils.java:warn(134)) - omNode-1@group-523986131536->omNode-2-AppendLogResponseHandler: Failed appendEntries: org.apache.ratis.thirdparty.io.grpc.StatusRuntimeException: UNAVAILABLE: io exception
2019-10-02 11:20:37,238 [grpc-default-executor-7] INFO  impl.FollowerInfo (FollowerInfo.java:lambda$new$0(51)) - omNode-1@group-523986131536->omNode-2: nextIndex: updateUnconditionally 438 -> 45
2019-10-02 11:20:37,245 [grpc-default-executor-9] WARN  server.GrpcLogAppender (LogUtils.java:warn(134)) - omNode-1@group-523986131536->omNode-2-AppendLogResponseHandler: Failed appendEntries: org.apache.ratis.thirdparty.io.grpc.StatusRuntimeException: UNAVAILABLE: io exception
2019-10-02 11:20:37,246 [grpc-default-executor-9] INFO  impl.FollowerInfo (FollowerInfo.java:lambda$new$0(51)) - omNode-1@group-523986131536->omNode-2: nextIndex: updateUnconditionally 440 -> 45
2019-10-02 11:20:37,251 [grpc-default-executor-8] WARN  server.GrpcLogAppender (LogUtils.java:warn(134)) - omNode-1@group-523986131536->omNode-2-AppendLogResponseHandler: Failed appendEntries: org.apache.ratis.thirdparty.io.grpc.StatusRuntimeException: UNAVAILABLE: io exception
2019-10-02 11:20:37,251 [grpc-default-executor-8] INFO  impl.FollowerInfo (FollowerInfo.java:lambda$new$0(51)) - omNode-1@group-523986131536->omNode-2: nextIndex: updateUnconditionally 440 -> 45
2019-10-02 11:20:37,255 [grpc-default-executor-7] WARN  server.GrpcLogAppender (LogUtils.java:warn(134)) - omNode-1@group-523986131536->omNode-2-AppendLogResponseHandler: Failed appendEntries: org.apache.ratis.thirdparty.io.grpc.StatusRuntimeException: UNAVAILABLE: io exception
2019-10-02 11:20:37,255 [grpc-default-executor-7] INFO  impl.FollowerInfo (FollowerInfo.java:lambda$new$0(51)) - omNode-1@group-523986131536->omNode-2: nextIndex: updateUnconditionally 442 -> 45
2019-10-02 11:20:37,264 [grpc-default-executor-9] WARN  server.GrpcLogAppender (LogUtils.java:warn(134)) - omNode-1@group-523986131536->omNode-2-AppendLogResponseHandler: Failed appendEntries: org.apache.ratis.thirdparty.io.grpc.StatusRuntimeException: UNAVAILABLE: io exception
2019-10-02 11:20:37,265 [grpc-default-executor-9] INFO  impl.FollowerInfo (FollowerInfo.java:lambda$new$0(51)) - omNode-1@group-523986131536->omNode-2: nextIndex: updateUnconditionally 442 -> 45
2019-10-02 11:20:37,271 [grpc-default-executor-7] WARN  server.GrpcLogAppender (LogUtils.java:warn(134)) - omNode-1@group-523986131536->omNode-2-AppendLogResponseHandler: Failed appendEntries: org.apache.ratis.thirdparty.io.grpc.StatusRuntimeException: UNAVAILABLE: io exception
2019-10-02 11:20:37,273 [grpc-default-executor-7] INFO  impl.FollowerInfo (FollowerInfo.java:lambda$new$0(51)) - omNode-1@group-523986131536->omNode-2: nextIndex: updateUnconditionally 443 -> 45
2019-10-02 11:20:37,275 [grpc-default-executor-7] WARN  server.GrpcLogAppender (LogUtils.java:warn(134)) - omNode-1@group-523986131536->omNode-2-AppendLogResponseHandler: Failed appendEntries: org.apache.ratis.thirdparty.io.grpc.StatusRuntimeException: UNAVAILABLE: io exception
2019-10-02 11:20:37,276 [grpc-default-executor-7] INFO  impl.FollowerInfo (FollowerInfo.java:lambda$new$0(51)) - omNode-1@group-523986131536->omNode-2: nextIndex: updateUnconditionally 444 -> 45
2019-10-02 11:20:37,288 [grpc-default-executor-8] WARN  server.GrpcLogAppender (LogUtils.java:warn(134)) - omNode-1@group-523986131536->omNode-2-AppendLogResponseHandler: Failed appendEntries: org.apache.ratis.thirdparty.io.grpc.StatusRuntimeException: UNAVAILABLE: io exception
2019-10-02 11:20:37,289 [grpc-default-executor-8] INFO  impl.FollowerInfo (FollowerInfo.java:lambda$new$0(51)) - omNode-1@group-523986131536->omNode-2: nextIndex: updateUnconditionally 445 -> 45
2019-10-02 11:20:37,291 [grpc-default-executor-8] WARN  server.GrpcLogAppender (LogUtils.java:warn(134)) - omNode-1@group-523986131536->omNode-2-AppendLogResponseHandler: Failed appendEntries: org.apache.ratis.thirdparty.io.grpc.StatusRuntimeException: UNAVAILABLE: io exception
2019-10-02 11:20:37,291 [grpc-default-executor-8] INFO  impl.FollowerInfo (FollowerInfo.java:lambda$new$0(51)) - omNode-1@group-523986131536->omNode-2: nextIndex: updateUnconditionally 446 -> 45
2019-10-02 11:20:37,300 [grpc-default-executor-8] WARN  server.GrpcLogAppender (LogUtils.java:warn(134)) - omNode-1@group-523986131536->omNode-2-AppendLogResponseHandler: Failed appendEntries: org.apache.ratis.thirdparty.io.grpc.StatusRuntimeException: UNAVAILABLE: io exception
2019-10-02 11:20:37,300 [grpc-default-executor-8] INFO  impl.FollowerInfo (FollowerInfo.java:lambda$new$0(51)) - omNode-1@group-523986131536->omNode-2: nextIndex: updateUnconditionally 446 -> 45
2019-10-02 11:20:37,312 [grpc-default-executor-7] WARN  server.GrpcLogAppender (LogUtils.java:warn(134)) - omNode-1@group-523986131536->omNode-2-AppendLogResponseHandler: Failed appendEntries: org.apache.ratis.thirdparty.io.grpc.StatusRuntimeException: UNAVAILABLE: io exception
2019-10-02 11:20:37,312 [grpc-default-executor-7] INFO  impl.FollowerInfo (FollowerInfo.java:lambda$new$0(51)) - omNode-1@group-523986131536->omNode-2: nextIndex: updateUnconditionally 448 -> 45
2019-10-02 11:20:37,314 [grpc-default-executor-7] WARN  server.GrpcLogAppender (LogUtils.java:warn(134)) - omNode-1@group-523986131536->omNode-2-AppendLogResponseHandler: Failed appendEntries: org.apache.ratis.thirdparty.io.grpc.StatusRuntimeException: UNAVAILABLE: io exception
2019-10-02 11:20:37,314 [grpc-default-executor-7] INFO  impl.FollowerInfo (FollowerInfo.java:lambda$new$0(51)) - omNode-1@group-523986131536->omNode-2: nextIndex: updateUnconditionally 449 -> 45
2019-10-02 11:20:37,318 [grpc-default-executor-7] WARN  server.GrpcLogAppender (LogUtils.java:warn(134)) - omNode-1@group-523986131536->omNode-2-AppendLogResponseHandler: Failed appendEntries: org.apache.ratis.thirdparty.io.grpc.StatusRuntimeException: UNAVAILABLE: io exception
2019-10-02 11:20:37,318 [grpc-default-executor-7] INFO  impl.FollowerInfo (FollowerInfo.java:lambda$new$0(51)) - omNode-1@group-523986131536->omNode-2: nextIndex: updateUnconditionally 450 -> 45
2019-10-02 11:20:37,327 [omNode-1@group-523986131536-StateMachineUpdater] INFO  ratis.OzoneManagerStateMachine (OzoneManagerStateMachine.java:takeSnapshot(254)) - Saving Ratis snapshot on the OM.
2019-10-02 11:20:37,327 [grpc-default-executor-8] WARN  server.GrpcLogAppender (LogUtils.java:warn(134)) - omNode-1@group-523986131536->omNode-2-AppendLogResponseHandler: Failed appendEntries: org.apache.ratis.thirdparty.io.grpc.StatusRuntimeException: UNAVAILABLE: io exception
2019-10-02 11:20:37,327 [grpc-default-executor-8] INFO  impl.FollowerInfo (FollowerInfo.java:lambda$new$0(51)) - omNode-1@group-523986131536->omNode-2: nextIndex: updateUnconditionally 450 -> 45
2019-10-02 11:20:37,328 [omNode-1@group-523986131536-StateMachineUpdater] INFO  ratis.OMRatisSnapshotInfo (OMRatisSnapshotInfo.java:saveRatisSnapshotToDisk(107)) - Saved Ratis Snapshot on the OM with snapshotIndex 449
2019-10-02 11:20:37,328 [omNode-1@group-523986131536-StateMachineUpdater] INFO  impl.StateMachineUpdater (StateMachineUpdater.java:takeSnapshot(269)) - omNode-1@group-523986131536-StateMachineUpdater: Took a snapshot at index 449
2019-10-02 11:20:37,328 [omNode-1@group-523986131536-StateMachineUpdater] INFO  impl.StateMachineUpdater (StateMachineUpdater.java:lambda$new$0(84)) - omNode-1@group-523986131536-StateMachineUpdater: snapshotIndex: updateIncreasingly 399 -> 449
2019-10-02 11:20:37,344 [omNode-3@group-523986131536-StateMachineUpdater] INFO  ratis.OzoneManagerStateMachine (OzoneManagerStateMachine.java:takeSnapshot(254)) - Saving Ratis snapshot on the OM.
2019-10-02 11:20:37,345 [omNode-3@group-523986131536-StateMachineUpdater] INFO  ratis.OMRatisSnapshotInfo (OMRatisSnapshotInfo.java:saveRatisSnapshotToDisk(107)) - Saved Ratis Snapshot on the OM with snapshotIndex 449
2019-10-02 11:20:37,345 [omNode-3@group-523986131536-StateMachineUpdater] INFO  impl.StateMachineUpdater (StateMachineUpdater.java:takeSnapshot(269)) - omNode-3@group-523986131536-StateMachineUpdater: Took a snapshot at index 449
2019-10-02 11:20:37,345 [omNode-3@group-523986131536-StateMachineUpdater] INFO  impl.StateMachineUpdater (StateMachineUpdater.java:lambda$new$0(84)) - omNode-3@group-523986131536-StateMachineUpdater: snapshotIndex: updateIncreasingly 399 -> 449
2019-10-02 11:20:37,346 [grpc-default-executor-8] WARN  server.GrpcLogAppender (LogUtils.java:warn(134)) - omNode-1@group-523986131536->omNode-2-AppendLogResponseHandler: Failed appendEntries: org.apache.ratis.thirdparty.io.grpc.StatusRuntimeException: UNAVAILABLE: io exception
2019-10-02 11:20:37,346 [grpc-default-executor-8] INFO  impl.FollowerInfo (FollowerInfo.java:lambda$new$0(51)) - omNode-1@group-523986131536->omNode-2: nextIndex: updateUnconditionally 451 -> 45
2019-10-02 11:20:37,348 [grpc-default-executor-7] WARN  server.GrpcLogAppender (LogUtils.java:warn(134)) - omNode-1@group-523986131536->omNode-2-AppendLogResponseHandler: Failed appendEntries: org.apache.ratis.thirdparty.io.grpc.StatusRuntimeException: UNAVAILABLE: io exception
2019-10-02 11:20:37,348 [grpc-default-executor-7] INFO  impl.FollowerInfo (FollowerInfo.java:lambda$new$0(51)) - omNode-1@group-523986131536->omNode-2: nextIndex: updateUnconditionally 452 -> 45
2019-10-02 11:20:37,359 [grpc-default-executor-9] WARN  server.GrpcLogAppender (LogUtils.java:warn(134)) - omNode-1@group-523986131536->omNode-2-AppendLogResponseHandler: Failed appendEntries: org.apache.ratis.thirdparty.io.grpc.StatusRuntimeException: UNAVAILABLE: io exception
2019-10-02 11:20:37,359 [grpc-default-executor-9] INFO  impl.FollowerInfo (FollowerInfo.java:lambda$new$0(51)) - omNode-1@group-523986131536->omNode-2: nextIndex: updateUnconditionally 453 -> 45
2019-10-02 11:20:37,362 [grpc-default-executor-8] WARN  server.GrpcLogAppender (LogUtils.java:warn(134)) - omNode-1@group-523986131536->omNode-2-AppendLogResponseHandler: Failed appendEntries: org.apache.ratis.thirdparty.io.grpc.StatusRuntimeException: UNAVAILABLE: io exception
2019-10-02 11:20:37,362 [grpc-default-executor-8] INFO  impl.FollowerInfo (FollowerInfo.java:lambda$new$0(51)) - omNode-1@group-523986131536->omNode-2: nextIndex: updateUnconditionally 454 -> 45
2019-10-02 11:20:37,370 [grpc-default-executor-9] WARN  server.GrpcLogAppender (LogUtils.java:warn(134)) - omNode-1@group-523986131536->omNode-2-AppendLogResponseHandler: Failed appendEntries: org.apache.ratis.thirdparty.io.grpc.StatusRuntimeException: UNAVAILABLE: io exception
2019-10-02 11:20:37,370 [grpc-default-executor-9] INFO  impl.FollowerInfo (FollowerInfo.java:lambda$new$0(51)) - omNode-1@group-523986131536->omNode-2: nextIndex: updateUnconditionally 454 -> 45
2019-10-02 11:20:37,377 [grpc-default-executor-9] WARN  server.GrpcLogAppender (LogUtils.java:warn(134)) - omNode-1@group-523986131536->omNode-2-AppendLogResponseHandler: Failed appendEntries: org.apache.ratis.thirdparty.io.grpc.StatusRuntimeException: UNAVAILABLE: io exception
2019-10-02 11:20:37,377 [grpc-default-executor-9] INFO  impl.FollowerInfo (FollowerInfo.java:lambda$new$0(51)) - omNode-1@group-523986131536->omNode-2: nextIndex: updateUnconditionally 456 -> 45
2019-10-02 11:20:37,384 [grpc-default-executor-9] WARN  server.GrpcLogAppender (LogUtils.java:warn(134)) - omNode-1@group-523986131536->omNode-2-AppendLogResponseHandler: Failed appendEntries: org.apache.ratis.thirdparty.io.grpc.StatusRuntimeException: UNAVAILABLE: io exception
2019-10-02 11:20:37,384 [grpc-default-executor-9] INFO  impl.FollowerInfo (FollowerInfo.java:lambda$new$0(51)) - omNode-1@group-523986131536->omNode-2: nextIndex: updateUnconditionally 456 -> 45
2019-10-02 11:20:37,389 [grpc-default-executor-7] WARN  server.GrpcLogAppender (LogUtils.java:warn(134)) - omNode-1@group-523986131536->omNode-2-AppendLogResponseHandler: Failed appendEntries: org.apache.ratis.thirdparty.io.grpc.StatusRuntimeException: UNAVAILABLE: io exception
2019-10-02 11:20:37,389 [grpc-default-executor-7] INFO  impl.FollowerInfo (FollowerInfo.java:lambda$new$0(51)) - omNode-1@group-523986131536->omNode-2: nextIndex: updateUnconditionally 458 -> 45
2019-10-02 11:20:37,397 [grpc-default-executor-7] WARN  server.GrpcLogAppender (LogUtils.java:warn(134)) - omNode-1@group-523986131536->omNode-2-AppendLogResponseHandler: Failed appendEntries: org.apache.ratis.thirdparty.io.grpc.StatusRuntimeException: UNAVAILABLE: io exception
2019-10-02 11:20:37,398 [grpc-default-executor-7] INFO  impl.FollowerInfo (FollowerInfo.java:lambda$new$0(51)) - omNode-1@group-523986131536->omNode-2: nextIndex: updateUnconditionally 458 -> 45
2019-10-02 11:20:37,405 [grpc-default-executor-9] WARN  server.GrpcLogAppender (LogUtils.java:warn(134)) - omNode-1@group-523986131536->omNode-2-AppendLogResponseHandler: Failed appendEntries: org.apache.ratis.thirdparty.io.grpc.StatusRuntimeException: UNAVAILABLE: io exception
2019-10-02 11:20:37,406 [grpc-default-executor-9] INFO  impl.FollowerInfo (FollowerInfo.java:lambda$new$0(51)) - omNode-1@group-523986131536->omNode-2: nextIndex: updateUnconditionally 460 -> 45
2019-10-02 11:20:37,410 [grpc-default-executor-9] WARN  server.GrpcLogAppender (LogUtils.java:warn(134)) - omNode-1@group-523986131536->omNode-2-AppendLogResponseHandler: Failed appendEntries: org.apache.ratis.thirdparty.io.grpc.StatusRuntimeException: UNAVAILABLE: io exception
2019-10-02 11:20:37,411 [grpc-default-executor-9] INFO  impl.FollowerInfo (FollowerInfo.java:lambda$new$0(51)) - omNode-1@group-523986131536->omNode-2: nextIndex: updateUnconditionally 460 -> 45
2019-10-02 11:20:37,414 [grpc-default-executor-9] WARN  server.GrpcLogAppender (LogUtils.java:warn(134)) - omNode-1@group-523986131536->omNode-2-AppendLogResponseHandler: Failed appendEntries: org.apache.ratis.thirdparty.io.grpc.StatusRuntimeException: UNAVAILABLE: io exception
2019-10-02 11:20:37,414 [grpc-default-executor-9] INFO  impl.FollowerInfo (FollowerInfo.java:lambda$new$0(51)) - omNode-1@group-523986131536->omNode-2: nextIndex: updateUnconditionally 462 -> 45
2019-10-02 11:20:37,423 [grpc-default-executor-9] WARN  server.GrpcLogAppender (LogUtils.java:warn(134)) - omNode-1@group-523986131536->omNode-2-AppendLogResponseHandler: Failed appendEntries: org.apache.ratis.thirdparty.io.grpc.StatusRuntimeException: UNAVAILABLE: io exception
2019-10-02 11:20:37,423 [grpc-default-executor-9] INFO  impl.FollowerInfo (FollowerInfo.java:lambda$new$0(51)) - omNode-1@group-523986131536->omNode-2: nextIndex: updateUnconditionally 462 -> 45
2019-10-02 11:20:37,431 [grpc-default-executor-7] WARN  server.GrpcLogAppender (LogUtils.java:warn(134)) - omNode-1@group-523986131536->omNode-2-AppendLogResponseHandler: Failed appendEntries: org.apache.ratis.thirdparty.io.grpc.StatusRuntimeException: UNAVAILABLE: io exception
2019-10-02 11:20:37,431 [grpc-default-executor-7] INFO  impl.FollowerInfo (FollowerInfo.java:lambda$new$0(51)) - omNode-1@group-523986131536->omNode-2: nextIndex: updateUnconditionally 464 -> 45
2019-10-02 11:20:37,437 [grpc-default-executor-8] WARN  server.GrpcLogAppender (LogUtils.java:warn(134)) - omNode-1@group-523986131536->omNode-2-AppendLogResponseHandler: Failed appendEntries: org.apache.ratis.thirdparty.io.grpc.StatusRuntimeException: UNAVAILABLE: io exception
2019-10-02 11:20:37,437 [grpc-default-executor-8] INFO  impl.FollowerInfo (FollowerInfo.java:lambda$new$0(51)) - omNode-1@group-523986131536->omNode-2: nextIndex: updateUnconditionally 464 -> 45
2019-10-02 11:20:37,441 [grpc-default-executor-8] WARN  server.GrpcLogAppender (LogUtils.java:warn(134)) - omNode-1@group-523986131536->omNode-2-AppendLogResponseHandler: Failed appendEntries: org.apache.ratis.thirdparty.io.grpc.StatusRuntimeException: UNAVAILABLE: io exception
2019-10-02 11:20:37,442 [grpc-default-executor-8] INFO  impl.FollowerInfo (FollowerInfo.java:lambda$new$0(51)) - omNode-1@group-523986131536->omNode-2: nextIndex: updateUnconditionally 466 -> 45
2019-10-02 11:20:37,450 [grpc-default-executor-7] WARN  server.GrpcLogAppender (LogUtils.java:warn(134)) - omNode-1@group-523986131536->omNode-2-AppendLogResponseHandler: Failed appendEntries: org.apache.ratis.thirdparty.io.grpc.StatusRuntimeException: UNAVAILABLE: io exception
2019-10-02 11:20:37,450 [grpc-default-executor-7] INFO  impl.FollowerInfo (FollowerInfo.java:lambda$new$0(51)) - omNode-1@group-523986131536->omNode-2: nextIndex: updateUnconditionally 466 -> 45
2019-10-02 11:20:37,457 [grpc-default-executor-8] WARN  server.GrpcLogAppender (LogUtils.java:warn(134)) - omNode-1@group-523986131536->omNode-2-AppendLogResponseHandler: Failed appendEntries: org.apache.ratis.thirdparty.io.grpc.StatusRuntimeException: UNAVAILABLE: io exception
2019-10-02 11:20:37,457 [grpc-default-executor-8] INFO  impl.FollowerInfo (FollowerInfo.java:lambda$new$0(51)) - omNode-1@group-523986131536->omNode-2: nextIndex: updateUnconditionally 468 -> 45
2019-10-02 11:20:37,464 [grpc-default-executor-9] WARN  server.GrpcLogAppender (LogUtils.java:warn(134)) - omNode-1@group-523986131536->omNode-2-AppendLogResponseHandler: Failed appendEntries: org.apache.ratis.thirdparty.io.grpc.StatusRuntimeException: UNAVAILABLE: io exception
2019-10-02 11:20:37,464 [grpc-default-executor-9] INFO  impl.FollowerInfo (FollowerInfo.java:lambda$new$0(51)) - omNode-1@group-523986131536->omNode-2: nextIndex: updateUnconditionally 468 -> 45
2019-10-02 11:20:37,468 [grpc-default-executor-9] WARN  server.GrpcLogAppender (LogUtils.java:warn(134)) - omNode-1@group-523986131536->omNode-2-AppendLogResponseHandler: Failed appendEntries: org.apache.ratis.thirdparty.io.grpc.StatusRuntimeException: UNAVAILABLE: io exception
2019-10-02 11:20:37,468 [grpc-default-executor-9] INFO  impl.FollowerInfo (FollowerInfo.java:lambda$new$0(51)) - omNode-1@group-523986131536->omNode-2: nextIndex: updateUnconditionally 470 -> 45
2019-10-02 11:20:37,477 [grpc-default-executor-7] WARN  server.GrpcLogAppender (LogUtils.java:warn(134)) - omNode-1@group-523986131536->omNode-2-AppendLogResponseHandler: Failed appendEntries: org.apache.ratis.thirdparty.io.grpc.StatusRuntimeException: UNAVAILABLE: io exception
2019-10-02 11:20:37,477 [grpc-default-executor-7] INFO  impl.FollowerInfo (FollowerInfo.java:lambda$new$0(51)) - omNode-1@group-523986131536->omNode-2: nextIndex: updateUnconditionally 470 -> 45
2019-10-02 11:20:37,484 [grpc-default-executor-8] WARN  server.GrpcLogAppender (LogUtils.java:warn(134)) - omNode-1@group-523986131536->omNode-2-AppendLogResponseHandler: Failed appendEntries: org.apache.ratis.thirdparty.io.grpc.StatusRuntimeException: UNAVAILABLE: io exception
2019-10-02 11:20:37,484 [grpc-default-executor-8] INFO  impl.FollowerInfo (FollowerInfo.java:lambda$new$0(51)) - omNode-1@group-523986131536->omNode-2: nextIndex: updateUnconditionally 472 -> 45
2019-10-02 11:20:37,491 [grpc-default-executor-7] WARN  server.GrpcLogAppender (LogUtils.java:warn(134)) - omNode-1@group-523986131536->omNode-2-AppendLogResponseHandler: Failed appendEntries: org.apache.ratis.thirdparty.io.grpc.StatusRuntimeException: UNAVAILABLE: io exception
2019-10-02 11:20:37,491 [grpc-default-executor-7] INFO  impl.FollowerInfo (FollowerInfo.java:lambda$new$0(51)) - omNode-1@group-523986131536->omNode-2: nextIndex: updateUnconditionally 472 -> 45
2019-10-02 11:20:37,504 [grpc-default-executor-8] WARN  server.GrpcLogAppender (LogUtils.java:warn(134)) - omNode-1@group-523986131536->omNode-2-AppendLogResponseHandler: Failed appendEntries: org.apache.ratis.thirdparty.io.grpc.StatusRuntimeException: UNAVAILABLE: io exception
2019-10-02 11:20:37,504 [grpc-default-executor-8] INFO  impl.FollowerInfo (FollowerInfo.java:lambda$new$0(51)) - omNode-1@group-523986131536->omNode-2: nextIndex: updateUnconditionally 474 -> 45
2019-10-02 11:20:37,506 [grpc-default-executor-8] WARN  server.GrpcLogAppender (LogUtils.java:warn(134)) - omNode-1@group-523986131536->omNode-2-AppendLogResponseHandler: Failed appendEntries: org.apache.ratis.thirdparty.io.grpc.StatusRuntimeException: UNAVAILABLE: io exception
2019-10-02 11:20:37,506 [grpc-default-executor-8] INFO  impl.FollowerInfo (FollowerInfo.java:lambda$new$0(51)) - omNode-1@group-523986131536->omNode-2: nextIndex: updateUnconditionally 475 -> 45
2019-10-02 11:20:37,512 [grpc-default-executor-7] WARN  server.GrpcLogAppender (LogUtils.java:warn(134)) - omNode-1@group-523986131536->omNode-2-AppendLogResponseHandler: Failed appendEntries: org.apache.ratis.thirdparty.io.grpc.StatusRuntimeException: UNAVAILABLE: io exception
2019-10-02 11:20:37,512 [grpc-default-executor-7] INFO  impl.FollowerInfo (FollowerInfo.java:lambda$new$0(51)) - omNode-1@group-523986131536->omNode-2: nextIndex: updateUnconditionally 476 -> 45
2019-10-02 11:20:37,528 [grpc-default-executor-7] WARN  server.GrpcLogAppender (LogUtils.java:warn(134)) - omNode-1@group-523986131536->omNode-2-AppendLogResponseHandler: Failed appendEntries: org.apache.ratis.thirdparty.io.grpc.StatusRuntimeException: UNAVAILABLE: io exception
2019-10-02 11:20:37,528 [grpc-default-executor-7] INFO  impl.FollowerInfo (FollowerInfo.java:lambda$new$0(51)) - omNode-1@group-523986131536->omNode-2: nextIndex: updateUnconditionally 476 -> 45
2019-10-02 11:20:37,532 [grpc-default-executor-7] WARN  server.GrpcLogAppender (LogUtils.java:warn(134)) - omNode-1@group-523986131536->omNode-2-AppendLogResponseHandler: Failed appendEntries: org.apache.ratis.thirdparty.io.grpc.StatusRuntimeException: UNAVAILABLE: io exception
2019-10-02 11:20:37,532 [grpc-default-executor-7] INFO  impl.FollowerInfo (FollowerInfo.java:lambda$new$0(51)) - omNode-1@group-523986131536->omNode-2: nextIndex: updateUnconditionally 478 -> 45
2019-10-02 11:20:37,544 [grpc-default-executor-9] WARN  server.GrpcLogAppender (LogUtils.java:warn(134)) - omNode-1@group-523986131536->omNode-2-AppendLogResponseHandler: Failed appendEntries: org.apache.ratis.thirdparty.io.grpc.StatusRuntimeException: UNAVAILABLE: io exception
2019-10-02 11:20:37,544 [grpc-default-executor-9] INFO  impl.FollowerInfo (FollowerInfo.java:lambda$new$0(51)) - omNode-1@group-523986131536->omNode-2: nextIndex: updateUnconditionally 478 -> 45
2019-10-02 11:20:37,550 [IPC Server handler 7 on 10428] INFO  segmented.SegmentedRaftLogWorker (SegmentedRaftLogWorker.java:rollLogSegment(390)) - omNode-1@group-523986131536-SegmentedRaftLogWorker: Rolling segment log-411_478 to index:478
2019-10-02 11:20:37,551 [grpc-default-executor-8] INFO  segmented.SegmentedRaftLogWorker (SegmentedRaftLogWorker.java:rollLogSegment(390)) - omNode-3@group-523986131536-SegmentedRaftLogWorker: Rolling segment log-411_478 to index:478
2019-10-02 11:20:37,553 [grpc-default-executor-7] WARN  server.GrpcLogAppender (LogUtils.java:warn(134)) - omNode-1@group-523986131536->omNode-2-AppendLogResponseHandler: Failed appendEntries: org.apache.ratis.thirdparty.io.grpc.StatusRuntimeException: UNAVAILABLE: io exception
2019-10-02 11:20:37,553 [grpc-default-executor-7] INFO  impl.FollowerInfo (FollowerInfo.java:lambda$new$0(51)) - omNode-1@group-523986131536->omNode-2: nextIndex: updateUnconditionally 480 -> 45
2019-10-02 11:20:37,585 [omNode-1@group-523986131536-SegmentedRaftLogWorker] INFO  segmented.SegmentedRaftLogWorker (SegmentedRaftLogWorker.java:execute(531)) - omNode-1@group-523986131536-SegmentedRaftLogWorker: Rolled log segment from /workdir/hadoop-ozone/integration-test/target/test-dir/MiniOzoneClusterImpl-4fbee6c2-d92b-4186-98e8-d11e1b77f972/omNode-1/ratis/c9bc4cf4-3bc3-3c60-a66b-523986131536/current/log_inprogress_411 to /workdir/hadoop-ozone/integration-test/target/test-dir/MiniOzoneClusterImpl-4fbee6c2-d92b-4186-98e8-d11e1b77f972/omNode-1/ratis/c9bc4cf4-3bc3-3c60-a66b-523986131536/current/log_411-478
2019-10-02 11:20:37,585 [omNode-3@group-523986131536-SegmentedRaftLogWorker] INFO  segmented.SegmentedRaftLogWorker (SegmentedRaftLogWorker.java:execute(531)) - omNode-3@group-523986131536-SegmentedRaftLogWorker: Rolled log segment from /workdir/hadoop-ozone/integration-test/target/test-dir/MiniOzoneClusterImpl-4fbee6c2-d92b-4186-98e8-d11e1b77f972/omNode-3/ratis/c9bc4cf4-3bc3-3c60-a66b-523986131536/current/log_inprogress_411 to /workdir/hadoop-ozone/integration-test/target/test-dir/MiniOzoneClusterImpl-4fbee6c2-d92b-4186-98e8-d11e1b77f972/omNode-3/ratis/c9bc4cf4-3bc3-3c60-a66b-523986131536/current/log_411-478
2019-10-02 11:20:37,589 [grpc-default-executor-7] WARN  server.GrpcLogAppender (LogUtils.java:warn(134)) - omNode-1@group-523986131536->omNode-2-AppendLogResponseHandler: Failed appendEntries: org.apache.ratis.thirdparty.io.grpc.StatusRuntimeException: UNAVAILABLE: io exception
2019-10-02 11:20:37,593 [grpc-default-executor-7] INFO  impl.FollowerInfo (FollowerInfo.java:lambda$new$0(51)) - omNode-1@group-523986131536->omNode-2: nextIndex: updateUnconditionally 480 -> 45
2019-10-02 11:20:37,602 [omNode-1@group-523986131536-SegmentedRaftLogWorker] INFO  segmented.SegmentedRaftLogWorker (SegmentedRaftLogWorker.java:execute(574)) - omNode-1@group-523986131536-SegmentedRaftLogWorker: created new log segment /workdir/hadoop-ozone/integration-test/target/test-dir/MiniOzoneClusterImpl-4fbee6c2-d92b-4186-98e8-d11e1b77f972/omNode-1/ratis/c9bc4cf4-3bc3-3c60-a66b-523986131536/current/log_inprogress_479
2019-10-02 11:20:37,602 [omNode-3@group-523986131536-SegmentedRaftLogWorker] INFO  segmented.SegmentedRaftLogWorker (SegmentedRaftLogWorker.java:execute(574)) - omNode-3@group-523986131536-SegmentedRaftLogWorker: created new log segment /workdir/hadoop-ozone/integration-test/target/test-dir/MiniOzoneClusterImpl-4fbee6c2-d92b-4186-98e8-d11e1b77f972/omNode-3/ratis/c9bc4cf4-3bc3-3c60-a66b-523986131536/current/log_inprogress_479
2019-10-02 11:20:37,620 [grpc-default-executor-7] WARN  server.GrpcLogAppender (LogUtils.java:warn(134)) - omNode-1@group-523986131536->omNode-2-AppendLogResponseHandler: Failed appendEntries: org.apache.ratis.thirdparty.io.grpc.StatusRuntimeException: UNAVAILABLE: io exception
2019-10-02 11:20:37,620 [grpc-default-executor-7] INFO  impl.FollowerInfo (FollowerInfo.java:lambda$new$0(51)) - omNode-1@group-523986131536->omNode-2: nextIndex: updateUnconditionally 481 -> 45
2019-10-02 11:20:37,623 [grpc-default-executor-9] WARN  server.GrpcLogAppender (LogUtils.java:warn(134)) - omNode-1@group-523986131536->omNode-2-AppendLogResponseHandler: Failed appendEntries: org.apache.ratis.thirdparty.io.grpc.StatusRuntimeException: UNAVAILABLE: io exception
2019-10-02 11:20:37,623 [grpc-default-executor-9] INFO  impl.FollowerInfo (FollowerInfo.java:lambda$new$0(51)) - omNode-1@group-523986131536->omNode-2: nextIndex: updateUnconditionally 482 -> 45
2019-10-02 11:20:37,631 [grpc-default-executor-8] WARN  server.GrpcLogAppender (LogUtils.java:warn(134)) - omNode-1@group-523986131536->omNode-2-AppendLogResponseHandler: Failed appendEntries: org.apache.ratis.thirdparty.io.grpc.StatusRuntimeException: UNAVAILABLE: io exception
2019-10-02 11:20:37,632 [grpc-default-executor-8] INFO  impl.FollowerInfo (FollowerInfo.java:lambda$new$0(51)) - omNode-1@group-523986131536->omNode-2: nextIndex: updateUnconditionally 482 -> 45
2019-10-02 11:20:37,640 [grpc-default-executor-7] WARN  server.GrpcLogAppender (LogUtils.java:warn(134)) - omNode-1@group-523986131536->omNode-2-AppendLogResponseHandler: Failed appendEntries: org.apache.ratis.thirdparty.io.grpc.StatusRuntimeException: UNAVAILABLE: io exception
2019-10-02 11:20:37,640 [grpc-default-executor-7] INFO  impl.FollowerInfo (FollowerInfo.java:lambda$new$0(51)) - omNode-1@group-523986131536->omNode-2: nextIndex: updateUnconditionally 484 -> 45
2019-10-02 11:20:37,645 [grpc-default-executor-8] WARN  server.GrpcLogAppender (LogUtils.java:warn(134)) - omNode-1@group-523986131536->omNode-2-AppendLogResponseHandler: Failed appendEntries: org.apache.ratis.thirdparty.io.grpc.StatusRuntimeException: UNAVAILABLE: io exception
2019-10-02 11:20:37,645 [grpc-default-executor-8] INFO  impl.FollowerInfo (FollowerInfo.java:lambda$new$0(51)) - omNode-1@group-523986131536->omNode-2: nextIndex: updateUnconditionally 484 -> 45
2019-10-02 11:20:37,649 [grpc-default-executor-7] WARN  server.GrpcLogAppender (LogUtils.java:warn(134)) - omNode-1@group-523986131536->omNode-2-AppendLogResponseHandler: Failed appendEntries: org.apache.ratis.thirdparty.io.grpc.StatusRuntimeException: UNAVAILABLE: io exception
2019-10-02 11:20:37,649 [grpc-default-executor-7] INFO  impl.FollowerInfo (FollowerInfo.java:lambda$new$0(51)) - omNode-1@group-523986131536->omNode-2: nextIndex: updateUnconditionally 486 -> 45
2019-10-02 11:20:37,657 [grpc-default-executor-7] WARN  server.GrpcLogAppender (LogUtils.java:warn(134)) - omNode-1@group-523986131536->omNode-2-AppendLogResponseHandler: Failed appendEntries: org.apache.ratis.thirdparty.io.grpc.StatusRuntimeException: UNAVAILABLE: io exception
2019-10-02 11:20:37,658 [grpc-default-executor-7] INFO  impl.FollowerInfo (FollowerInfo.java:lambda$new$0(51)) - omNode-1@group-523986131536->omNode-2: nextIndex: updateUnconditionally 486 -> 45
2019-10-02 11:20:37,665 [grpc-default-executor-9] WARN  server.GrpcLogAppender (LogUtils.java:warn(134)) - omNode-1@group-523986131536->omNode-2-AppendLogResponseHandler: Failed appendEntries: org.apache.ratis.thirdparty.io.grpc.StatusRuntimeException: UNAVAILABLE: io exception
2019-10-02 11:20:37,665 [grpc-default-executor-9] INFO  impl.FollowerInfo (FollowerInfo.java:lambda$new$0(51)) - omNode-1@group-523986131536->omNode-2: nextIndex: updateUnconditionally 488 -> 45
2019-10-02 11:20:37,671 [grpc-default-executor-9] WARN  server.GrpcLogAppender (LogUtils.java:warn(134)) - omNode-1@group-523986131536->omNode-2-AppendLogResponseHandler: Failed appendEntries: org.apache.ratis.thirdparty.io.grpc.StatusRuntimeException: UNAVAILABLE: io exception
2019-10-02 11:20:37,671 [grpc-default-executor-9] INFO  impl.FollowerInfo (FollowerInfo.java:lambda$new$0(51)) - omNode-1@group-523986131536->omNode-2: nextIndex: updateUnconditionally 488 -> 45
2019-10-02 11:20:37,675 [grpc-default-executor-7] WARN  server.GrpcLogAppender (LogUtils.java:warn(134)) - omNode-1@group-523986131536->omNode-2-AppendLogResponseHandler: Failed appendEntries: org.apache.ratis.thirdparty.io.grpc.StatusRuntimeException: UNAVAILABLE: io exception
2019-10-02 11:20:37,675 [grpc-default-executor-7] INFO  impl.FollowerInfo (FollowerInfo.java:lambda$new$0(51)) - omNode-1@group-523986131536->omNode-2: nextIndex: updateUnconditionally 490 -> 45
2019-10-02 11:20:37,685 [grpc-default-executor-9] WARN  server.GrpcLogAppender (LogUtils.java:warn(134)) - omNode-1@group-523986131536->omNode-2-AppendLogResponseHandler: Failed appendEntries: org.apache.ratis.thirdparty.io.grpc.StatusRuntimeException: UNAVAILABLE: io exception
2019-10-02 11:20:37,685 [grpc-default-executor-9] INFO  impl.FollowerInfo (FollowerInfo.java:lambda$new$0(51)) - omNode-1@group-523986131536->omNode-2: nextIndex: updateUnconditionally 490 -> 45
2019-10-02 11:20:37,692 [grpc-default-executor-7] WARN  server.GrpcLogAppender (LogUtils.java:warn(134)) - omNode-1@group-523986131536->omNode-2-AppendLogResponseHandler: Failed appendEntries: org.apache.ratis.thirdparty.io.grpc.StatusRuntimeException: UNAVAILABLE: io exception
2019-10-02 11:20:37,692 [grpc-default-executor-7] INFO  impl.FollowerInfo (FollowerInfo.java:lambda$new$0(51)) - omNode-1@group-523986131536->omNode-2: nextIndex: updateUnconditionally 492 -> 45
2019-10-02 11:20:37,698 [grpc-default-executor-9] WARN  server.GrpcLogAppender (LogUtils.java:warn(134)) - omNode-1@group-523986131536->omNode-2-AppendLogResponseHandler: Failed appendEntries: org.apache.ratis.thirdparty.io.grpc.StatusRuntimeException: UNAVAILABLE: io exception
2019-10-02 11:20:37,698 [grpc-default-executor-9] INFO  impl.FollowerInfo (FollowerInfo.java:lambda$new$0(51)) - omNode-1@group-523986131536->omNode-2: nextIndex: updateUnconditionally 492 -> 45
2019-10-02 11:20:37,701 [grpc-default-executor-7] WARN  server.GrpcLogAppender (LogUtils.java:warn(134)) - omNode-1@group-523986131536->omNode-2-AppendLogResponseHandler: Failed appendEntries: org.apache.ratis.thirdparty.io.grpc.StatusRuntimeException: UNAVAILABLE: io exception
2019-10-02 11:20:37,702 [grpc-default-executor-7] INFO  impl.FollowerInfo (FollowerInfo.java:lambda$new$0(51)) - omNode-1@group-523986131536->omNode-2: nextIndex: updateUnconditionally 494 -> 45
2019-10-02 11:20:37,711 [grpc-default-executor-8] WARN  server.GrpcLogAppender (LogUtils.java:warn(134)) - omNode-1@group-523986131536->omNode-2-AppendLogResponseHandler: Failed appendEntries: org.apache.ratis.thirdparty.io.grpc.StatusRuntimeException: UNAVAILABLE: io exception
2019-10-02 11:20:37,711 [grpc-default-executor-8] INFO  impl.FollowerInfo (FollowerInfo.java:lambda$new$0(51)) - omNode-1@group-523986131536->omNode-2: nextIndex: updateUnconditionally 494 -> 45
2019-10-02 11:20:37,719 [grpc-default-executor-7] WARN  server.GrpcLogAppender (LogUtils.java:warn(134)) - omNode-1@group-523986131536->omNode-2-AppendLogResponseHandler: Failed appendEntries: org.apache.ratis.thirdparty.io.grpc.StatusRuntimeException: UNAVAILABLE: io exception
2019-10-02 11:20:37,719 [grpc-default-executor-7] INFO  impl.FollowerInfo (FollowerInfo.java:lambda$new$0(51)) - omNode-1@group-523986131536->omNode-2: nextIndex: updateUnconditionally 496 -> 45
2019-10-02 11:20:37,725 [grpc-default-executor-9] WARN  server.GrpcLogAppender (LogUtils.java:warn(134)) - omNode-1@group-523986131536->omNode-2-AppendLogResponseHandler: Failed appendEntries: org.apache.ratis.thirdparty.io.grpc.StatusRuntimeException: UNAVAILABLE: io exception
2019-10-02 11:20:37,725 [grpc-default-executor-9] INFO  impl.FollowerInfo (FollowerInfo.java:lambda$new$0(51)) - omNode-1@group-523986131536->omNode-2: nextIndex: updateUnconditionally 496 -> 45
2019-10-02 11:20:37,729 [grpc-default-executor-8] WARN  server.GrpcLogAppender (LogUtils.java:warn(134)) - omNode-1@group-523986131536->omNode-2-AppendLogResponseHandler: Failed appendEntries: org.apache.ratis.thirdparty.io.grpc.StatusRuntimeException: UNAVAILABLE: io exception
2019-10-02 11:20:37,729 [grpc-default-executor-8] INFO  impl.FollowerInfo (FollowerInfo.java:lambda$new$0(51)) - omNode-1@group-523986131536->omNode-2: nextIndex: updateUnconditionally 498 -> 45
2019-10-02 11:20:37,738 [grpc-default-executor-7] WARN  server.GrpcLogAppender (LogUtils.java:warn(134)) - omNode-1@group-523986131536->omNode-2-AppendLogResponseHandler: Failed appendEntries: org.apache.ratis.thirdparty.io.grpc.StatusRuntimeException: UNAVAILABLE: io exception
2019-10-02 11:20:37,739 [grpc-default-executor-7] INFO  impl.FollowerInfo (FollowerInfo.java:lambda$new$0(51)) - omNode-1@group-523986131536->omNode-2: nextIndex: updateUnconditionally 498 -> 45
2019-10-02 11:20:37,742 [grpc-default-executor-8] WARN  server.GrpcLogAppender (LogUtils.java:warn(134)) - omNode-1@group-523986131536->omNode-2-AppendLogResponseHandler: Failed appendEntries: org.apache.ratis.thirdparty.io.grpc.StatusRuntimeException: UNAVAILABLE: io exception
2019-10-02 11:20:37,742 [grpc-default-executor-8] INFO  impl.FollowerInfo (FollowerInfo.java:lambda$new$0(51)) - omNode-1@group-523986131536->omNode-2: nextIndex: updateUnconditionally 499 -> 45
2019-10-02 11:20:37,746 [grpc-default-executor-9] WARN  server.GrpcLogAppender (LogUtils.java:warn(134)) - omNode-1@group-523986131536->omNode-2-AppendLogResponseHandler: Failed appendEntries: org.apache.ratis.thirdparty.io.grpc.StatusRuntimeException: UNAVAILABLE: io exception
2019-10-02 11:20:37,746 [grpc-default-executor-9] INFO  impl.FollowerInfo (FollowerInfo.java:lambda$new$0(51)) - omNode-1@group-523986131536->omNode-2: nextIndex: updateUnconditionally 500 -> 45
2019-10-02 11:20:37,757 [omNode-1@group-523986131536-StateMachineUpdater] INFO  ratis.OzoneManagerStateMachine (OzoneManagerStateMachine.java:takeSnapshot(254)) - Saving Ratis snapshot on the OM.
2019-10-02 11:20:37,758 [omNode-1@group-523986131536-StateMachineUpdater] INFO  ratis.OMRatisSnapshotInfo (OMRatisSnapshotInfo.java:saveRatisSnapshotToDisk(107)) - Saved Ratis Snapshot on the OM with snapshotIndex 499
2019-10-02 11:20:37,758 [omNode-1@group-523986131536-StateMachineUpdater] INFO  impl.StateMachineUpdater (StateMachineUpdater.java:takeSnapshot(269)) - omNode-1@group-523986131536-StateMachineUpdater: Took a snapshot at index 499
2019-10-02 11:20:37,758 [omNode-1@group-523986131536-StateMachineUpdater] INFO  impl.StateMachineUpdater (StateMachineUpdater.java:lambda$new$0(84)) - omNode-1@group-523986131536-StateMachineUpdater: snapshotIndex: updateIncreasingly 449 -> 499
2019-10-02 11:20:37,758 [grpc-default-executor-8] WARN  server.GrpcLogAppender (LogUtils.java:warn(134)) - omNode-1@group-523986131536->omNode-2-AppendLogResponseHandler: Failed appendEntries: org.apache.ratis.thirdparty.io.grpc.StatusRuntimeException: UNAVAILABLE: io exception
2019-10-02 11:20:37,759 [grpc-default-executor-8] INFO  impl.FollowerInfo (FollowerInfo.java:lambda$new$0(51)) - omNode-1@group-523986131536->omNode-2: nextIndex: updateUnconditionally 501 -> 45
2019-10-02 11:20:37,761 [grpc-default-executor-7] WARN  server.GrpcLogAppender (LogUtils.java:warn(134)) - omNode-1@group-523986131536->omNode-2-AppendLogResponseHandler: Failed appendEntries: org.apache.ratis.thirdparty.io.grpc.StatusRuntimeException: UNAVAILABLE: io exception
2019-10-02 11:20:37,761 [grpc-default-executor-7] INFO  impl.FollowerInfo (FollowerInfo.java:lambda$new$0(51)) - omNode-1@group-523986131536->omNode-2: nextIndex: updateUnconditionally 502 -> 45
2019-10-02 11:20:37,770 [omNode-3@group-523986131536-StateMachineUpdater] INFO  ratis.OzoneManagerStateMachine (OzoneManagerStateMachine.java:takeSnapshot(254)) - Saving Ratis snapshot on the OM.
2019-10-02 11:20:37,771 [omNode-3@group-523986131536-StateMachineUpdater] INFO  ratis.OMRatisSnapshotInfo (OMRatisSnapshotInfo.java:saveRatisSnapshotToDisk(107)) - Saved Ratis Snapshot on the OM with snapshotIndex 499
2019-10-02 11:20:37,771 [omNode-3@group-523986131536-StateMachineUpdater] INFO  impl.StateMachineUpdater (StateMachineUpdater.java:takeSnapshot(269)) - omNode-3@group-523986131536-StateMachineUpdater: Took a snapshot at index 499
2019-10-02 11:20:37,771 [omNode-3@group-523986131536-StateMachineUpdater] INFO  impl.StateMachineUpdater (StateMachineUpdater.java:lambda$new$0(84)) - omNode-3@group-523986131536-StateMachineUpdater: snapshotIndex: updateIncreasingly 449 -> 499
2019-10-02 11:20:37,772 [grpc-default-executor-9] WARN  server.GrpcLogAppender (LogUtils.java:warn(134)) - omNode-1@group-523986131536->omNode-2-AppendLogResponseHandler: Failed appendEntries: org.apache.ratis.thirdparty.io.grpc.StatusRuntimeException: UNAVAILABLE: io exception
2019-10-02 11:20:37,772 [grpc-default-executor-9] INFO  impl.FollowerInfo (FollowerInfo.java:lambda$new$0(51)) - omNode-1@group-523986131536->omNode-2: nextIndex: updateUnconditionally 502 -> 45
2019-10-02 11:20:37,775 [grpc-default-executor-7] WARN  server.GrpcLogAppender (LogUtils.java:warn(134)) - omNode-1@group-523986131536->omNode-2-AppendLogResponseHandler: Failed appendEntries: org.apache.ratis.thirdparty.io.grpc.StatusRuntimeException: UNAVAILABLE: io exception
2019-10-02 11:20:37,776 [grpc-default-executor-7] INFO  impl.FollowerInfo (FollowerInfo.java:lambda$new$0(51)) - omNode-1@group-523986131536->omNode-2: nextIndex: updateUnconditionally 503 -> 45
2019-10-02 11:20:37,780 [grpc-default-executor-7] WARN  server.GrpcLogAppender (LogUtils.java:warn(134)) - omNode-1@group-523986131536->omNode-2-AppendLogResponseHandler: Failed appendEntries: org.apache.ratis.thirdparty.io.grpc.StatusRuntimeException: UNAVAILABLE: io exception
2019-10-02 11:20:37,780 [grpc-default-executor-7] INFO  impl.FollowerInfo (FollowerInfo.java:lambda$new$0(51)) - omNode-1@group-523986131536->omNode-2: nextIndex: updateUnconditionally 504 -> 45
2019-10-02 11:20:37,796 [grpc-default-executor-9] WARN  server.GrpcLogAppender (LogUtils.java:warn(134)) - omNode-1@group-523986131536->omNode-2-AppendLogResponseHandler: Failed appendEntries: org.apache.ratis.thirdparty.io.grpc.StatusRuntimeException: UNAVAILABLE: io exception
2019-10-02 11:20:37,796 [grpc-default-executor-9] INFO  impl.FollowerInfo (FollowerInfo.java:lambda$new$0(51)) - omNode-1@group-523986131536->omNode-2: nextIndex: updateUnconditionally 505 -> 45
2019-10-02 11:20:37,799 [grpc-default-executor-8] WARN  server.GrpcLogAppender (LogUtils.java:warn(134)) - omNode-1@group-523986131536->omNode-2-AppendLogResponseHandler: Failed appendEntries: org.apache.ratis.thirdparty.io.grpc.StatusRuntimeException: UNAVAILABLE: io exception
2019-10-02 11:20:37,799 [grpc-default-executor-8] INFO  impl.FollowerInfo (FollowerInfo.java:lambda$new$0(51)) - omNode-1@group-523986131536->omNode-2: nextIndex: updateUnconditionally 506 -> 45
2019-10-02 11:20:37,806 [grpc-default-executor-7] WARN  server.GrpcLogAppender (LogUtils.java:warn(134)) - omNode-1@group-523986131536->omNode-2-AppendLogResponseHandler: Failed appendEntries: org.apache.ratis.thirdparty.io.grpc.StatusRuntimeException: UNAVAILABLE: io exception
2019-10-02 11:20:37,806 [grpc-default-executor-7] INFO  impl.FollowerInfo (FollowerInfo.java:lambda$new$0(51)) - omNode-1@group-523986131536->omNode-2: nextIndex: updateUnconditionally 506 -> 45
2019-10-02 11:20:37,820 [grpc-default-executor-8] WARN  server.GrpcLogAppender (LogUtils.java:warn(134)) - omNode-1@group-523986131536->omNode-2-AppendLogResponseHandler: Failed appendEntries: org.apache.ratis.thirdparty.io.grpc.StatusRuntimeException: UNAVAILABLE: io exception
2019-10-02 11:20:37,820 [grpc-default-executor-8] INFO  impl.FollowerInfo (FollowerInfo.java:lambda$new$0(51)) - omNode-1@group-523986131536->omNode-2: nextIndex: updateUnconditionally 507 -> 45
2019-10-02 11:20:37,833 [grpc-default-executor-7] WARN  server.GrpcLogAppender (LogUtils.java:warn(134)) - omNode-1@group-523986131536->omNode-2-AppendLogResponseHandler: Failed appendEntries: org.apache.ratis.thirdparty.io.grpc.StatusRuntimeException: UNAVAILABLE: io exception
2019-10-02 11:20:37,833 [grpc-default-executor-7] INFO  impl.FollowerInfo (FollowerInfo.java:lambda$new$0(51)) - omNode-1@group-523986131536->omNode-2: nextIndex: updateUnconditionally 509 -> 45
2019-10-02 11:20:37,836 [grpc-default-executor-7] WARN  server.GrpcLogAppender (LogUtils.java:warn(134)) - omNode-1@group-523986131536->omNode-2-AppendLogResponseHandler: Failed appendEntries: org.apache.ratis.thirdparty.io.grpc.StatusRuntimeException: UNAVAILABLE: io exception
2019-10-02 11:20:37,836 [grpc-default-executor-7] INFO  impl.FollowerInfo (FollowerInfo.java:lambda$new$0(51)) - omNode-1@group-523986131536->omNode-2: nextIndex: updateUnconditionally 510 -> 45
2019-10-02 11:20:37,845 [grpc-default-executor-7] WARN  server.GrpcLogAppender (LogUtils.java:warn(134)) - omNode-1@group-523986131536->omNode-2-AppendLogResponseHandler: Failed appendEntries: org.apache.ratis.thirdparty.io.grpc.StatusRuntimeException: UNAVAILABLE: io exception
2019-10-02 11:20:37,845 [grpc-default-executor-7] INFO  impl.FollowerInfo (FollowerInfo.java:lambda$new$0(51)) - omNode-1@group-523986131536->omNode-2: nextIndex: updateUnconditionally 510 -> 45
2019-10-02 11:20:37,853 [grpc-default-executor-9] WARN  server.GrpcLogAppender (LogUtils.java:warn(134)) - omNode-1@group-523986131536->omNode-2-AppendLogResponseHandler: Failed appendEntries: org.apache.ratis.thirdparty.io.grpc.StatusRuntimeException: UNAVAILABLE: io exception
2019-10-02 11:20:37,854 [grpc-default-executor-9] INFO  impl.FollowerInfo (FollowerInfo.java:lambda$new$0(51)) - omNode-1@group-523986131536->omNode-2: nextIndex: updateUnconditionally 512 -> 45
2019-10-02 11:20:37,858 [grpc-default-executor-7] WARN  server.GrpcLogAppender (LogUtils.java:warn(134)) - omNode-1@group-523986131536->omNode-2-AppendLogResponseHandler: Failed appendEntries: org.apache.ratis.thirdparty.io.grpc.StatusRuntimeException: UNAVAILABLE: io exception
2019-10-02 11:20:37,858 [grpc-default-executor-7] INFO  impl.FollowerInfo (FollowerInfo.java:lambda$new$0(51)) - omNode-1@group-523986131536->omNode-2: nextIndex: updateUnconditionally 512 -> 45
2019-10-02 11:20:37,862 [grpc-default-executor-8] WARN  server.GrpcLogAppender (LogUtils.java:warn(134)) - omNode-1@group-523986131536->omNode-2-AppendLogResponseHandler: Failed appendEntries: org.apache.ratis.thirdparty.io.grpc.StatusRuntimeException: UNAVAILABLE: io exception
2019-10-02 11:20:37,862 [grpc-default-executor-8] INFO  impl.FollowerInfo (FollowerInfo.java:lambda$new$0(51)) - omNode-1@group-523986131536->omNode-2: nextIndex: updateUnconditionally 514 -> 45
2019-10-02 11:20:37,871 [grpc-default-executor-9] WARN  server.GrpcLogAppender (LogUtils.java:warn(134)) - omNode-1@group-523986131536->omNode-2-AppendLogResponseHandler: Failed appendEntries: org.apache.ratis.thirdparty.io.grpc.StatusRuntimeException: UNAVAILABLE: io exception
2019-10-02 11:20:37,871 [grpc-default-executor-9] INFO  impl.FollowerInfo (FollowerInfo.java:lambda$new$0(51)) - omNode-1@group-523986131536->omNode-2: nextIndex: updateUnconditionally 514 -> 45
2019-10-02 11:20:37,882 [grpc-default-executor-8] WARN  server.GrpcLogAppender (LogUtils.java:warn(134)) - omNode-1@group-523986131536->omNode-2-AppendLogResponseHandler: Failed appendEntries: org.apache.ratis.thirdparty.io.grpc.StatusRuntimeException: UNAVAILABLE: io exception
2019-10-02 11:20:37,882 [grpc-default-executor-8] INFO  impl.FollowerInfo (FollowerInfo.java:lambda$new$0(51)) - omNode-1@group-523986131536->omNode-2: nextIndex: updateUnconditionally 516 -> 45
2019-10-02 11:20:37,885 [grpc-default-executor-9] WARN  server.GrpcLogAppender (LogUtils.java:warn(134)) - omNode-1@group-523986131536->omNode-2-AppendLogResponseHandler: Failed appendEntries: org.apache.ratis.thirdparty.io.grpc.StatusRuntimeException: UNAVAILABLE: io exception
2019-10-02 11:20:37,885 [grpc-default-executor-9] INFO  impl.FollowerInfo (FollowerInfo.java:lambda$new$0(51)) - omNode-1@group-523986131536->omNode-2: nextIndex: updateUnconditionally 517 -> 45
2019-10-02 11:20:37,887 [grpc-default-executor-8] WARN  server.GrpcLogAppender (LogUtils.java:warn(134)) - omNode-1@group-523986131536->omNode-2-AppendLogResponseHandler: Failed appendEntries: org.apache.ratis.thirdparty.io.grpc.StatusRuntimeException: UNAVAILABLE: io exception
2019-10-02 11:20:37,892 [grpc-default-executor-8] INFO  impl.FollowerInfo (FollowerInfo.java:lambda$new$0(51)) - omNode-1@group-523986131536->omNode-2: nextIndex: updateUnconditionally 518 -> 45
2019-10-02 11:20:37,897 [grpc-default-executor-8] WARN  server.GrpcLogAppender (LogUtils.java:warn(134)) - omNode-1@group-523986131536->omNode-2-AppendLogResponseHandler: Failed appendEntries: org.apache.ratis.thirdparty.io.grpc.StatusRuntimeException: UNAVAILABLE: io exception
2019-10-02 11:20:37,897 [grpc-default-executor-8] INFO  impl.FollowerInfo (FollowerInfo.java:lambda$new$0(51)) - omNode-1@group-523986131536->omNode-2: nextIndex: updateUnconditionally 518 -> 45
2019-10-02 11:20:37,904 [grpc-default-executor-8] WARN  server.GrpcLogAppender (LogUtils.java:warn(134)) - omNode-1@group-523986131536->omNode-2-AppendLogResponseHandler: Failed appendEntries: org.apache.ratis.thirdparty.io.grpc.StatusRuntimeException: UNAVAILABLE: io exception
2019-10-02 11:20:37,904 [grpc-default-executor-8] INFO  impl.FollowerInfo (FollowerInfo.java:lambda$new$0(51)) - omNode-1@group-523986131536->omNode-2: nextIndex: updateUnconditionally 520 -> 45
2019-10-02 11:20:37,911 [grpc-default-executor-8] WARN  server.GrpcLogAppender (LogUtils.java:warn(134)) - omNode-1@group-523986131536->omNode-2-AppendLogResponseHandler: Failed appendEntries: org.apache.ratis.thirdparty.io.grpc.StatusRuntimeException: UNAVAILABLE: io exception
2019-10-02 11:20:37,911 [grpc-default-executor-8] INFO  impl.FollowerInfo (FollowerInfo.java:lambda$new$0(51)) - omNode-1@group-523986131536->omNode-2: nextIndex: updateUnconditionally 520 -> 45
2019-10-02 11:20:37,914 [grpc-default-executor-7] WARN  server.GrpcLogAppender (LogUtils.java:warn(134)) - omNode-1@group-523986131536->omNode-2-AppendLogResponseHandler: Failed appendEntries: org.apache.ratis.thirdparty.io.grpc.StatusRuntimeException: UNAVAILABLE: io exception
2019-10-02 11:20:37,915 [grpc-default-executor-7] INFO  impl.FollowerInfo (FollowerInfo.java:lambda$new$0(51)) - omNode-1@group-523986131536->omNode-2: nextIndex: updateUnconditionally 522 -> 45
2019-10-02 11:20:37,924 [grpc-default-executor-8] WARN  server.GrpcLogAppender (LogUtils.java:warn(134)) - omNode-1@group-523986131536->omNode-2-AppendLogResponseHandler: Failed appendEntries: org.apache.ratis.thirdparty.io.grpc.StatusRuntimeException: UNAVAILABLE: io exception
2019-10-02 11:20:37,924 [grpc-default-executor-8] INFO  impl.FollowerInfo (FollowerInfo.java:lambda$new$0(51)) - omNode-1@group-523986131536->omNode-2: nextIndex: updateUnconditionally 522 -> 45
2019-10-02 11:20:37,931 [grpc-default-executor-7] WARN  server.GrpcLogAppender (LogUtils.java:warn(134)) - omNode-1@group-523986131536->omNode-2-AppendLogResponseHandler: Failed appendEntries: org.apache.ratis.thirdparty.io.grpc.StatusRuntimeException: UNAVAILABLE: io exception
2019-10-02 11:20:37,932 [grpc-default-executor-7] INFO  impl.FollowerInfo (FollowerInfo.java:lambda$new$0(51)) - omNode-1@group-523986131536->omNode-2: nextIndex: updateUnconditionally 524 -> 45
2019-10-02 11:20:37,937 [grpc-default-executor-9] WARN  server.GrpcLogAppender (LogUtils.java:warn(134)) - omNode-1@group-523986131536->omNode-2-AppendLogResponseHandler: Failed appendEntries: org.apache.ratis.thirdparty.io.grpc.StatusRuntimeException: UNAVAILABLE: io exception
2019-10-02 11:20:37,938 [grpc-default-executor-9] INFO  impl.FollowerInfo (FollowerInfo.java:lambda$new$0(51)) - omNode-1@group-523986131536->omNode-2: nextIndex: updateUnconditionally 524 -> 45
2019-10-02 11:20:37,941 [grpc-default-executor-9] WARN  server.GrpcLogAppender (LogUtils.java:warn(134)) - omNode-1@group-523986131536->omNode-2-AppendLogResponseHandler: Failed appendEntries: org.apache.ratis.thirdparty.io.grpc.StatusRuntimeException: UNAVAILABLE: io exception
2019-10-02 11:20:37,941 [grpc-default-executor-9] INFO  impl.FollowerInfo (FollowerInfo.java:lambda$new$0(51)) - omNode-1@group-523986131536->omNode-2: nextIndex: updateUnconditionally 526 -> 45
2019-10-02 11:20:37,951 [grpc-default-executor-8] WARN  server.GrpcLogAppender (LogUtils.java:warn(134)) - omNode-1@group-523986131536->omNode-2-AppendLogResponseHandler: Failed appendEntries: org.apache.ratis.thirdparty.io.grpc.StatusRuntimeException: UNAVAILABLE: io exception
2019-10-02 11:20:37,951 [grpc-default-executor-8] INFO  impl.FollowerInfo (FollowerInfo.java:lambda$new$0(51)) - omNode-1@group-523986131536->omNode-2: nextIndex: updateUnconditionally 526 -> 45
2019-10-02 11:20:37,954 [grpc-default-executor-4] WARN  server.GrpcLogAppender (LogUtils.java:warn(134)) - omNode-1@group-523986131536->omNode-2-AppendLogResponseHandler: Failed appendEntries: org.apache.ratis.thirdparty.io.grpc.StatusRuntimeException: UNAVAILABLE: io exception
2019-10-02 11:20:37,954 [grpc-default-executor-4] INFO  impl.FollowerInfo (FollowerInfo.java:lambda$new$0(51)) - omNode-1@group-523986131536->omNode-2: nextIndex: updateUnconditionally 527 -> 45
2019-10-02 11:20:37,958 [grpc-default-executor-9] WARN  server.GrpcLogAppender (LogUtils.java:warn(134)) - omNode-1@group-523986131536->omNode-2-AppendLogResponseHandler: Failed appendEntries: org.apache.ratis.thirdparty.io.grpc.StatusRuntimeException: UNAVAILABLE: io exception
2019-10-02 11:20:37,958 [grpc-default-executor-9] INFO  impl.FollowerInfo (FollowerInfo.java:lambda$new$0(51)) - omNode-1@group-523986131536->omNode-2: nextIndex: updateUnconditionally 528 -> 45
2019-10-02 11:20:37,960 [grpc-default-executor-9] WARN  server.GrpcLogAppender (LogUtils.java:warn(134)) - omNode-1@group-523986131536->omNode-2-AppendLogResponseHandler: Failed appendEntries: org.apache.ratis.thirdparty.io.grpc.StatusRuntimeException: UNAVAILABLE: io exception
2019-10-02 11:20:37,961 [grpc-default-executor-9] INFO  impl.FollowerInfo (FollowerInfo.java:lambda$new$0(51)) - omNode-1@group-523986131536->omNode-2: nextIndex: updateUnconditionally 529 -> 45
2019-10-02 11:20:37,965 [grpc-default-executor-10] WARN  server.GrpcLogAppender (LogUtils.java:warn(134)) - omNode-1@group-523986131536->omNode-2-AppendLogResponseHandler: Failed appendEntries: org.apache.ratis.thirdparty.io.grpc.StatusRuntimeException: UNAVAILABLE: io exception
2019-10-02 11:20:37,966 [grpc-default-executor-10] INFO  impl.FollowerInfo (FollowerInfo.java:lambda$new$0(51)) - omNode-1@group-523986131536->omNode-2: nextIndex: updateUnconditionally 531 -> 45
2019-10-02 11:20:37,970 [grpc-default-executor-8] WARN  server.GrpcLogAppender (LogUtils.java:warn(134)) - omNode-1@group-523986131536->omNode-2-AppendLogResponseHandler: Failed appendEntries: org.apache.ratis.thirdparty.io.grpc.StatusRuntimeException: UNAVAILABLE: io exception
2019-10-02 11:20:37,971 [grpc-default-executor-8] INFO  impl.FollowerInfo (FollowerInfo.java:lambda$new$0(51)) - omNode-1@group-523986131536->omNode-2: nextIndex: updateUnconditionally 532 -> 45
2019-10-02 11:20:37,973 [grpc-default-executor-7] WARN  server.GrpcLogAppender (LogUtils.java:warn(134)) - omNode-1@group-523986131536->omNode-2-AppendLogResponseHandler: Failed appendEntries: org.apache.ratis.thirdparty.io.grpc.StatusRuntimeException: UNAVAILABLE: io exception
2019-10-02 11:20:37,973 [grpc-default-executor-7] INFO  impl.FollowerInfo (FollowerInfo.java:lambda$new$0(51)) - omNode-1@group-523986131536->omNode-2: nextIndex: updateUnconditionally 533 -> 45
2019-10-02 11:20:37,975 [grpc-default-executor-10] WARN  server.GrpcLogAppender (LogUtils.java:warn(134)) - omNode-1@group-523986131536->omNode-2-AppendLogResponseHandler: Failed appendEntries: org.apache.ratis.thirdparty.io.grpc.StatusRuntimeException: UNAVAILABLE: io exception
2019-10-02 11:20:37,976 [grpc-default-executor-10] INFO  impl.FollowerInfo (FollowerInfo.java:lambda$new$0(51)) - omNode-1@group-523986131536->omNode-2: nextIndex: updateUnconditionally 534 -> 45
2019-10-02 11:20:37,978 [grpc-default-executor-9] WARN  server.GrpcLogAppender (LogUtils.java:warn(134)) - omNode-1@group-523986131536->omNode-2-AppendLogResponseHandler: Failed appendEntries: org.apache.ratis.thirdparty.io.grpc.StatusRuntimeException: UNAVAILABLE: io exception
2019-10-02 11:20:37,979 [grpc-default-executor-9] INFO  impl.FollowerInfo (FollowerInfo.java:lambda$new$0(51)) - omNode-1@group-523986131536->omNode-2: nextIndex: updateUnconditionally 535 -> 45
2019-10-02 11:20:37,984 [grpc-default-executor-9] WARN  server.GrpcLogAppender (LogUtils.java:warn(134)) - omNode-1@group-523986131536->omNode-2-AppendLogResponseHandler: Failed appendEntries: org.apache.ratis.thirdparty.io.grpc.StatusRuntimeException: UNAVAILABLE: io exception
2019-10-02 11:20:37,984 [grpc-default-executor-9] INFO  impl.FollowerInfo (FollowerInfo.java:lambda$new$0(51)) - omNode-1@group-523986131536->omNode-2: nextIndex: updateUnconditionally 536 -> 45
2019-10-02 11:20:37,990 [grpc-default-executor-9] WARN  server.GrpcLogAppender (LogUtils.java:warn(134)) - omNode-1@group-523986131536->omNode-2-AppendLogResponseHandler: Failed appendEntries: org.apache.ratis.thirdparty.io.grpc.StatusRuntimeException: UNAVAILABLE: io exception
2019-10-02 11:20:37,990 [grpc-default-executor-9] INFO  impl.FollowerInfo (FollowerInfo.java:lambda$new$0(51)) - omNode-1@group-523986131536->omNode-2: nextIndex: updateUnconditionally 538 -> 45
2019-10-02 11:20:37,994 [grpc-default-executor-10] WARN  server.GrpcLogAppender (LogUtils.java:warn(134)) - omNode-1@group-523986131536->omNode-2-AppendLogResponseHandler: Failed appendEntries: org.apache.ratis.thirdparty.io.grpc.StatusRuntimeException: UNAVAILABLE: io exception
2019-10-02 11:20:37,995 [grpc-default-executor-10] INFO  impl.FollowerInfo (FollowerInfo.java:lambda$new$0(51)) - omNode-1@group-523986131536->omNode-2: nextIndex: updateUnconditionally 539 -> 45
2019-10-02 11:20:38,000 [grpc-default-executor-10] WARN  server.GrpcLogAppender (LogUtils.java:warn(134)) - omNode-1@group-523986131536->omNode-2-AppendLogResponseHandler: Failed appendEntries: org.apache.ratis.thirdparty.io.grpc.StatusRuntimeException: UNAVAILABLE: io exception
2019-10-02 11:20:38,000 [grpc-default-executor-10] INFO  impl.FollowerInfo (FollowerInfo.java:lambda$new$0(51)) - omNode-1@group-523986131536->omNode-2: nextIndex: updateUnconditionally 540 -> 45
2019-10-02 11:20:38,003 [grpc-default-executor-9] WARN  server.GrpcLogAppender (LogUtils.java:warn(134)) - omNode-1@group-523986131536->omNode-2-AppendLogResponseHandler: Failed appendEntries: org.apache.ratis.thirdparty.io.grpc.StatusRuntimeException: UNAVAILABLE: io exception
2019-10-02 11:20:38,003 [grpc-default-executor-9] INFO  impl.FollowerInfo (FollowerInfo.java:lambda$new$0(51)) - omNode-1@group-523986131536->omNode-2: nextIndex: updateUnconditionally 541 -> 45
2019-10-02 11:20:38,005 [grpc-default-executor-7] WARN  server.GrpcLogAppender (LogUtils.java:warn(134)) - omNode-1@group-523986131536->omNode-2-AppendLogResponseHandler: Failed appendEntries: org.apache.ratis.thirdparty.io.grpc.StatusRuntimeException: UNAVAILABLE: io exception
2019-10-02 11:20:38,005 [grpc-default-executor-7] INFO  impl.FollowerInfo (FollowerInfo.java:lambda$new$0(51)) - omNode-1@group-523986131536->omNode-2: nextIndex: updateUnconditionally 541 -> 45
2019-10-02 11:20:38,008 [grpc-default-executor-9] WARN  server.GrpcLogAppender (LogUtils.java:warn(134)) - omNode-1@group-523986131536->omNode-2-AppendLogResponseHandler: Failed appendEntries: org.apache.ratis.thirdparty.io.grpc.StatusRuntimeException: UNAVAILABLE: io exception
2019-10-02 11:20:38,008 [grpc-default-executor-9] INFO  impl.FollowerInfo (FollowerInfo.java:lambda$new$0(51)) - omNode-1@group-523986131536->omNode-2: nextIndex: updateUnconditionally 543 -> 45
2019-10-02 11:20:38,010 [grpc-default-executor-7] WARN  server.GrpcLogAppender (LogUtils.java:warn(134)) - omNode-1@group-523986131536->omNode-2-AppendLogResponseHandler: Failed appendEntries: org.apache.ratis.thirdparty.io.grpc.StatusRuntimeException: UNAVAILABLE: io exception
2019-10-02 11:20:38,010 [grpc-default-executor-7] INFO  impl.FollowerInfo (FollowerInfo.java:lambda$new$0(51)) - omNode-1@group-523986131536->omNode-2: nextIndex: updateUnconditionally 543 -> 45
2019-10-02 11:20:38,013 [grpc-default-executor-7] WARN  server.GrpcLogAppender (LogUtils.java:warn(134)) - omNode-1@group-523986131536->omNode-2-AppendLogResponseHandler: Failed appendEntries: org.apache.ratis.thirdparty.io.grpc.StatusRuntimeException: UNAVAILABLE: io exception
2019-10-02 11:20:38,013 [grpc-default-executor-7] INFO  impl.FollowerInfo (FollowerInfo.java:lambda$new$0(51)) - omNode-1@group-523986131536->omNode-2: nextIndex: updateUnconditionally 544 -> 45
2019-10-02 11:20:38,015 [Thread-8322] INFO  om.OzoneManager (OzoneManager.java:restart(1299)) - OzoneManager RPC server is listening at localhost/127.0.0.1:10434
2019-10-02 11:20:38,015 [Thread-8322] INFO  impl.MetricsSystemImpl (MetricsSystemImpl.java:init(158)) - OzoneManager metrics system started (again)
2019-10-02 11:20:38,017 [grpc-default-executor-7] WARN  server.GrpcLogAppender (LogUtils.java:warn(134)) - omNode-1@group-523986131536->omNode-2-AppendLogResponseHandler: Failed appendEntries: org.apache.ratis.thirdparty.io.grpc.StatusRuntimeException: UNAVAILABLE: io exception
2019-10-02 11:20:38,017 [grpc-default-executor-7] INFO  impl.FollowerInfo (FollowerInfo.java:lambda$new$0(51)) - omNode-1@group-523986131536->omNode-2: nextIndex: updateUnconditionally 545 -> 45
2019-10-02 11:20:38,041 [grpc-default-executor-7] WARN  server.GrpcLogAppender (LogUtils.java:warn(134)) - omNode-1@group-523986131536->omNode-2-AppendLogResponseHandler: Failed appendEntries: org.apache.ratis.thirdparty.io.grpc.StatusRuntimeException: UNAVAILABLE: io exception
2019-10-02 11:20:38,042 [grpc-default-executor-7] INFO  impl.FollowerInfo (FollowerInfo.java:lambda$new$0(51)) - omNode-1@group-523986131536->omNode-2: nextIndex: updateUnconditionally 545 -> 45
2019-10-02 11:20:38,044 [Thread-8322] WARN  server.ServerUtils (ServerUtils.java:getDBPath(222)) - ozone.om.db.dirs is not configured. We recommend adding this setting. Falling back to ozone.metadata.dirs instead.
2019-10-02 11:20:38,044 [Thread-8322] INFO  db.DBStoreBuilder (DBStoreBuilder.java:addTable(110)) - using custom profile for table: userTable
2019-10-02 11:20:38,044 [Thread-8322] INFO  db.DBStoreBuilder (DBStoreBuilder.java:processTables(161)) - Using default column profile:DBProfile.DISK for Table:userTable
2019-10-02 11:20:38,045 [Thread-8322] INFO  db.DBStoreBuilder (DBStoreBuilder.java:addTable(110)) - using custom profile for table: volumeTable
2019-10-02 11:20:38,045 [Thread-8322] INFO  db.DBStoreBuilder (DBStoreBuilder.java:processTables(161)) - Using default column profile:DBProfile.DISK for Table:volumeTable
2019-10-02 11:20:38,045 [Thread-8322] INFO  db.DBStoreBuilder (DBStoreBuilder.java:addTable(110)) - using custom profile for table: bucketTable
2019-10-02 11:20:38,045 [Thread-8322] INFO  db.DBStoreBuilder (DBStoreBuilder.java:processTables(161)) - Using default column profile:DBProfile.DISK for Table:bucketTable
2019-10-02 11:20:38,045 [Thread-8322] INFO  db.DBStoreBuilder (DBStoreBuilder.java:addTable(110)) - using custom profile for table: keyTable
2019-10-02 11:20:38,045 [Thread-8322] INFO  db.DBStoreBuilder (DBStoreBuilder.java:processTables(161)) - Using default column profile:DBProfile.DISK for Table:keyTable
2019-10-02 11:20:38,045 [Thread-8322] INFO  db.DBStoreBuilder (DBStoreBuilder.java:addTable(110)) - using custom profile for table: deletedTable
2019-10-02 11:20:38,045 [Thread-8322] INFO  db.DBStoreBuilder (DBStoreBuilder.java:processTables(161)) - Using default column profile:DBProfile.DISK for Table:deletedTable
2019-10-02 11:20:38,045 [Thread-8322] INFO  db.DBStoreBuilder (DBStoreBuilder.java:addTable(110)) - using custom profile for table: openKeyTable
2019-10-02 11:20:38,046 [Thread-8322] INFO  db.DBStoreBuilder (DBStoreBuilder.java:processTables(161)) - Using default column profile:DBProfile.DISK for Table:openKeyTable
2019-10-02 11:20:38,046 [Thread-8322] INFO  db.DBStoreBuilder (DBStoreBuilder.java:addTable(110)) - using custom profile for table: s3Table
2019-10-02 11:20:38,046 [Thread-8322] INFO  db.DBStoreBuilder (DBStoreBuilder.java:processTables(161)) - Using default column profile:DBProfile.DISK for Table:s3Table
2019-10-02 11:20:38,046 [Thread-8322] INFO  db.DBStoreBuilder (DBStoreBuilder.java:addTable(110)) - using custom profile for table: multipartInfoTable
2019-10-02 11:20:38,046 [Thread-8322] INFO  db.DBStoreBuilder (DBStoreBuilder.java:processTables(161)) - Using default column profile:DBProfile.DISK for Table:multipartInfoTable
2019-10-02 11:20:38,046 [Thread-8322] INFO  db.DBStoreBuilder (DBStoreBuilder.java:addTable(110)) - using custom profile for table: dTokenTable
2019-10-02 11:20:38,046 [Thread-8322] INFO  db.DBStoreBuilder (DBStoreBuilder.java:processTables(161)) - Using default column profile:DBProfile.DISK for Table:dTokenTable
2019-10-02 11:20:38,046 [Thread-8322] INFO  db.DBStoreBuilder (DBStoreBuilder.java:addTable(110)) - using custom profile for table: s3SecretTable
2019-10-02 11:20:38,046 [Thread-8322] INFO  db.DBStoreBuilder (DBStoreBuilder.java:processTables(161)) - Using default column profile:DBProfile.DISK for Table:s3SecretTable
2019-10-02 11:20:38,046 [Thread-8322] INFO  db.DBStoreBuilder (DBStoreBuilder.java:addTable(110)) - using custom profile for table: prefixTable
2019-10-02 11:20:38,047 [Thread-8322] INFO  db.DBStoreBuilder (DBStoreBuilder.java:processTables(161)) - Using default column profile:DBProfile.DISK for Table:prefixTable
2019-10-02 11:20:38,047 [Thread-8322] INFO  db.DBStoreBuilder (DBStoreBuilder.java:addTable(110)) - using custom profile for table: default
2019-10-02 11:20:38,047 [Thread-8322] INFO  db.DBStoreBuilder (DBStoreBuilder.java:processTables(167)) - Using default column profile:DBProfile.DISK for Table:default
2019-10-02 11:20:38,047 [Thread-8322] INFO  db.DBStoreBuilder (DBStoreBuilder.java:getDbProfile(198)) - Using default options. DBProfile.DISK
2019-10-02 11:20:38,298 [KeyDeletingService#0] WARN  utils.BackgroundService (BackgroundService.java:lambda$run$0(135)) - Background task fails to execute, retrying in next interval
java.util.concurrent.ExecutionException: java.lang.NullPointerException
	at java.util.concurrent.FutureTask.report(FutureTask.java:122)
	at java.util.concurrent.FutureTask.get(FutureTask.java:206)
	at org.apache.hadoop.hdds.utils.BackgroundService$PeriodicalTask.lambda$run$0(BackgroundService.java:129)
	at java.util.stream.ForEachOps$ForEachOp$OfRef.accept(ForEachOps.java:184)
	at java.util.ArrayList$ArrayListSpliterator.forEachRemaining(ArrayList.java:1382)
	at java.util.stream.AbstractPipeline.copyInto(AbstractPipeline.java:482)
	at java.util.stream.ForEachOps$ForEachTask.compute(ForEachOps.java:291)
	at java.util.concurrent.CountedCompleter.exec(CountedCompleter.java:731)
	at java.util.concurrent.ForkJoinTask.doExec(ForkJoinTask.java:289)
	at java.util.concurrent.ForkJoinTask.doInvoke(ForkJoinTask.java:401)
	at java.util.concurrent.ForkJoinTask.invoke(ForkJoinTask.java:734)
	at java.util.stream.ForEachOps$ForEachOp.evaluateParallel(ForEachOps.java:160)
	at java.util.stream.ForEachOps$ForEachOp$OfRef.evaluateParallel(ForEachOps.java:174)
	at java.util.stream.AbstractPipeline.evaluate(AbstractPipeline.java:233)
	at java.util.stream.ReferencePipeline.forEach(ReferencePipeline.java:418)
	at java.util.stream.ReferencePipeline$Head.forEach(ReferencePipeline.java:583)
	at org.apache.hadoop.hdds.utils.BackgroundService$PeriodicalTask.run(BackgroundService.java:125)
	at java.util.concurrent.Executors$RunnableAdapter.call(Executors.java:511)
	at java.util.concurrent.FutureTask.runAndReset(FutureTask.java:308)
	at java.util.concurrent.ScheduledThreadPoolExecutor$ScheduledFutureTask.access$301(ScheduledThreadPoolExecutor.java:180)
	at java.util.concurrent.ScheduledThreadPoolExecutor$ScheduledFutureTask.run(ScheduledThreadPoolExecutor.java:294)
	at java.util.concurrent.ThreadPoolExecutor.runWorker(ThreadPoolExecutor.java:1149)
	at java.util.concurrent.ThreadPoolExecutor$Worker.run(ThreadPoolExecutor.java:624)
	at java.lang.Thread.run(Thread.java:748)
Caused by: java.lang.NullPointerException
	at org.apache.hadoop.ozone.om.OzoneManager.isLeader(OzoneManager.java:3430)
	at org.apache.hadoop.ozone.om.KeyDeletingService.shouldRun(KeyDeletingService.java:120)
	at org.apache.hadoop.ozone.om.KeyDeletingService.access$100(KeyDeletingService.java:58)
	at org.apache.hadoop.ozone.om.KeyDeletingService$KeyDeletingTask.call(KeyDeletingService.java:149)
	at org.apache.hadoop.ozone.om.KeyDeletingService$KeyDeletingTask.call(KeyDeletingService.java:137)
	at java.util.concurrent.FutureTask.run(FutureTask.java:266)
	at java.util.concurrent.Executors$RunnableAdapter.call(Executors.java:511)
	at java.util.concurrent.FutureTask.run(FutureTask.java:266)
	at java.util.concurrent.Executors$RunnableAdapter.call(Executors.java:511)
	at java.util.concurrent.FutureTask.run(FutureTask.java:266)
	at java.util.concurrent.ScheduledThreadPoolExecutor$ScheduledFutureTask.access$201(ScheduledThreadPoolExecutor.java:180)
	at java.util.concurrent.ScheduledThreadPoolExecutor$ScheduledFutureTask.run(ScheduledThreadPoolExecutor.java:293)
	... 3 more
2019-10-02 11:20:38,319 [Thread-8322] INFO  ipc.CallQueueManager (CallQueueManager.java:<init>(84)) - Using callQueue: class java.util.concurrent.LinkedBlockingQueue, queueCapacity: 2000, scheduler: class org.apache.hadoop.ipc.DefaultRpcScheduler, ipcBackoff: false.
2019-10-02 11:20:38,320 [Socket Reader #1 for port 10434] INFO  ipc.Server (Server.java:run(1074)) - Starting Socket Reader #1 for port 10434
2019-10-02 11:20:38,324 [IPC Server Responder] INFO  ipc.Server (Server.java:run(1314)) - IPC Server Responder: starting
2019-10-02 11:20:38,324 [IPC Server listener on 10434] INFO  ipc.Server (Server.java:run(1153)) - IPC Server listener on 10434: starting
2019-10-02 11:20:38,331 [Thread-8322] WARN  scm.HddsServerUtil (HddsServerUtil.java:getDefaultRatisDirectory(354)) - Storage directory for Ratis is not configured. It is a good idea to map this to an SSD disk. Falling back to ozone.metadata.dirs
2019-10-02 11:20:38,331 [Thread-8322] INFO  ratis.OzoneManagerRatisServer (OzoneManagerRatisServer.java:<init>(241)) - Instantiating OM Ratis server with GroupID: om-service-test1 and Raft Peers: localhost:10438, localhost:10432, localhost:10444
2019-10-02 11:20:38,332 [Thread-8322] INFO  impl.RaftServerProxy (ConfUtils.java:logGet(43)) - raft.rpc.type = GRPC (default)
2019-10-02 11:20:38,332 [Thread-8322] INFO  grpc.GrpcFactory (GrpcFactory.java:checkPooledByteBufAllocatorUseCacheForAllThreads(45)) - PERFORMANCE WARNING: useCacheForAllThreads is true that may cause Netty to create a lot garbage objects and, as a result, trigger GC.
	It is recommended to disable useCacheForAllThreads by setting -Dorg.apache.ratis.thirdparty.io.netty.allocator.useCacheForAllThreads=false in command line.
2019-10-02 11:20:38,333 [Thread-8322] INFO  grpc.GrpcConfigKeys$Server (ConfUtils.java:logGet(43)) - raft.grpc.server.port = 10438 (custom)
2019-10-02 11:20:38,333 [Thread-8322] INFO  server.GrpcService (ConfUtils.java:logGet(43)) - raft.grpc.message.size.max = 33554432 (custom)
2019-10-02 11:20:38,333 [Thread-8322] INFO  server.RaftServerConfigKeys (ConfUtils.java:logGet(43)) - raft.server.log.appender.buffer.byte-limit = 33554432 (custom)
2019-10-02 11:20:38,333 [Thread-8322] INFO  server.GrpcService (ConfUtils.java:logGet(43)) - raft.grpc.flow.control.window = 1MB (=1048576) (default)
2019-10-02 11:20:38,333 [Thread-8322] INFO  server.RaftServerConfigKeys (ConfUtils.java:logGet(43)) - raft.server.rpc.request.timeout = 3000ms (default)
2019-10-02 11:20:38,334 [Thread-8322] INFO  server.RaftServerConfigKeys (ConfUtils.java:logGet(43)) - raft.server.storage.dir = [/workdir/hadoop-ozone/integration-test/target/test-dir/MiniOzoneClusterImpl-4fbee6c2-d92b-4186-98e8-d11e1b77f972/omNode-2/ratis] (custom)
2019-10-02 11:20:38,334 [Thread-8322] INFO  impl.RaftServerProxy (RaftServerProxy.java:lambda$null$0(191)) - omNode-2: found a subdirectory /workdir/hadoop-ozone/integration-test/target/test-dir/MiniOzoneClusterImpl-4fbee6c2-d92b-4186-98e8-d11e1b77f972/omNode-2/ratis/snapshot
2019-10-02 11:20:38,335 [Thread-8322] WARN  impl.RaftServerProxy (RaftServerProxy.java:lambda$null$0(197)) - omNode-2: Failed to initialize the group directory /workdir/hadoop-ozone/integration-test/target/test-dir/MiniOzoneClusterImpl-4fbee6c2-d92b-4186-98e8-d11e1b77f972/omNode-2/ratis/snapshot.  Ignoring it
java.lang.IllegalArgumentException: Invalid UUID string: snapshot
	at java.util.UUID.fromString(UUID.java:194)
	at org.apache.ratis.server.impl.RaftServerProxy.lambda$null$0(RaftServerProxy.java:192)
	at java.util.stream.ForEachOps$ForEachOp$OfRef.accept(ForEachOps.java:184)
	at java.util.stream.ReferencePipeline$2$1.accept(ReferencePipeline.java:175)
	at java.util.Spliterators$ArraySpliterator.forEachRemaining(Spliterators.java:948)
	at java.util.stream.AbstractPipeline.copyInto(AbstractPipeline.java:482)
	at java.util.stream.AbstractPipeline.wrapAndCopyInto(AbstractPipeline.java:472)
	at java.util.stream.ForEachOps$ForEachOp.evaluateSequential(ForEachOps.java:151)
	at java.util.stream.ForEachOps$ForEachOp$OfRef.evaluateSequential(ForEachOps.java:174)
	at java.util.stream.AbstractPipeline.evaluate(AbstractPipeline.java:234)
	at java.util.stream.ReferencePipeline.forEach(ReferencePipeline.java:418)
	at org.apache.ratis.server.impl.RaftServerProxy.lambda$initGroups$1(RaftServerProxy.java:189)
	at java.util.stream.ForEachOps$ForEachOp$OfRef.accept(ForEachOps.java:184)
	at java.util.ArrayList$ArrayListSpliterator.forEachRemaining(ArrayList.java:1382)
	at java.util.stream.AbstractPipeline.copyInto(AbstractPipeline.java:482)
	at java.util.stream.ForEachOps$ForEachTask.compute(ForEachOps.java:291)
	at java.util.concurrent.CountedCompleter.exec(CountedCompleter.java:731)
	at java.util.concurrent.ForkJoinTask.doExec(ForkJoinTask.java:289)
	at java.util.concurrent.ForkJoinTask.doInvoke(ForkJoinTask.java:401)
	at java.util.concurrent.ForkJoinTask.invoke(ForkJoinTask.java:734)
	at java.util.stream.ForEachOps$ForEachOp.evaluateParallel(ForEachOps.java:160)
	at java.util.stream.ForEachOps$ForEachOp$OfRef.evaluateParallel(ForEachOps.java:174)
	at java.util.stream.AbstractPipeline.evaluate(AbstractPipeline.java:233)
	at java.util.stream.ReferencePipeline.forEach(ReferencePipeline.java:418)
	at java.util.stream.ReferencePipeline$Head.forEach(ReferencePipeline.java:583)
	at org.apache.ratis.server.impl.RaftServerProxy.initGroups(RaftServerProxy.java:186)
	at org.apache.ratis.server.impl.ServerImplUtils.newRaftServer(ServerImplUtils.java:41)
	at org.apache.ratis.server.RaftServer$Builder.build(RaftServer.java:76)
	at org.apache.hadoop.ozone.om.ratis.OzoneManagerRatisServer.<init>(OzoneManagerRatisServer.java:251)
	at org.apache.hadoop.ozone.om.ratis.OzoneManagerRatisServer.newOMRatisServer(OzoneManagerRatisServer.java:302)
	at org.apache.hadoop.ozone.om.OzoneManager.initializeRatisServer(OzoneManager.java:1386)
	at org.apache.hadoop.ozone.om.OzoneManager.restart(OzoneManager.java:1330)
	at org.apache.hadoop.ozone.om.TestOzoneManagerHA.testOMRestart(TestOzoneManagerHA.java:1208)
	at sun.reflect.NativeMethodAccessorImpl.invoke0(Native Method)
	at sun.reflect.NativeMethodAccessorImpl.invoke(NativeMethodAccessorImpl.java:62)
	at sun.reflect.DelegatingMethodAccessorImpl.invoke(DelegatingMethodAccessorImpl.java:43)
	at java.lang.reflect.Method.invoke(Method.java:498)
	at org.junit.runners.model.FrameworkMethod$1.runReflectiveCall(FrameworkMethod.java:47)
	at org.junit.internal.runners.model.ReflectiveCallable.run(ReflectiveCallable.java:12)
	at org.junit.runners.model.FrameworkMethod.invokeExplosively(FrameworkMethod.java:44)
	at org.junit.internal.runners.statements.InvokeMethod.evaluate(InvokeMethod.java:17)
	at org.junit.internal.runners.statements.RunBefores.evaluate(RunBefores.java:26)
	at org.junit.internal.runners.statements.RunAfters.evaluate(RunAfters.java:27)
	at org.junit.rules.ExpectedException$ExpectedExceptionStatement.evaluate(ExpectedException.java:168)
	at org.junit.internal.runners.statements.FailOnTimeout$StatementThread.run(FailOnTimeout.java:74)
2019-10-02 11:20:38,335 [Thread-8322] INFO  impl.RaftServerProxy (RaftServerProxy.java:lambda$null$0(191)) - omNode-2: found a subdirectory /workdir/hadoop-ozone/integration-test/target/test-dir/MiniOzoneClusterImpl-4fbee6c2-d92b-4186-98e8-d11e1b77f972/omNode-2/ratis/c9bc4cf4-3bc3-3c60-a66b-523986131536
2019-10-02 11:20:38,336 [Thread-8322] INFO  impl.RaftServerProxy (RaftServerProxy.java:addNew(89)) - omNode-2: addNew group-523986131536:[omNode-3:localhost:10444, omNode-1:localhost:10432, omNode-2:localhost:10438] returns group-523986131536:java.util.concurrent.CompletableFuture@51ff4efd[Not completed]
2019-10-02 11:20:38,336 [pool-1789-thread-1] INFO  impl.RaftServerImpl (RaftServerImpl.java:<init>(95)) - omNode-2: new RaftServerImpl for group-523986131536:[omNode-3:localhost:10444, omNode-1:localhost:10432, omNode-2:localhost:10438] with OzoneManagerStateMachine:uninitialized
2019-10-02 11:20:38,337 [Thread-8322] INFO  om.OzoneManager (OzoneManager.java:initializeRatisServer(1389)) - OzoneManager Ratis server initialized at port 10438
2019-10-02 11:20:38,337 [pool-1789-thread-1] INFO  server.RaftServerConfigKeys (ConfUtils.java:logGet(43)) - raft.server.rpc.timeout.min = 1s (custom)
2019-10-02 11:20:38,337 [Thread-8322] INFO  ratis.OzoneManagerRatisServer (OzoneManagerRatisServer.java:start(331)) - Starting OzoneManagerRatisServer omNode-2 at port 10438
2019-10-02 11:20:38,337 [pool-1789-thread-1] INFO  server.RaftServerConfigKeys (ConfUtils.java:logGet(43)) - raft.server.rpc.timeout.max = 1200ms (custom)
2019-10-02 11:20:38,337 [pool-1789-thread-1] INFO  server.RaftServerConfigKeys (ConfUtils.java:logGet(43)) - raft.server.rpcslowness.timeout = 2s (custom)
2019-10-02 11:20:38,337 [pool-1789-thread-1] INFO  server.RaftServerConfigKeys (ConfUtils.java:logGet(43)) - raft.server.sleep.deviation.threshold = 300 (default)
2019-10-02 11:20:38,337 [pool-1789-thread-1] INFO  server.RaftServerConfigKeys (ConfUtils.java:logGet(43)) - raft.server.log.appender.install.snapshot.enabled = false (custom)
2019-10-02 11:20:38,338 [pool-1789-thread-1] INFO  impl.RaftServerImpl (ServerState.java:<init>(103)) - omNode-2@group-523986131536: ConfigurationManager, init=-1: [omNode-3:localhost:10444, omNode-1:localhost:10432, omNode-2:localhost:10438], old=null, confs=<EMPTY_MAP>
2019-10-02 11:20:38,338 [pool-1789-thread-1] INFO  server.RaftServerConfigKeys (ConfUtils.java:logGet(43)) - raft.server.storage.dir = [/workdir/hadoop-ozone/integration-test/target/test-dir/MiniOzoneClusterImpl-4fbee6c2-d92b-4186-98e8-d11e1b77f972/omNode-2/ratis] (custom)
2019-10-02 11:20:38,338 [pool-1789-thread-1] INFO  server.RaftServerConfigKeys (ConfUtils.java:logGet(43)) - raft.server.log.corruption.policy = EXCEPTION (default)
2019-10-02 11:20:38,359 [pool-1789-thread-1] INFO  storage.RaftStorageDirectory (RaftStorageDirectory.java:tryLock(328)) - Lock on /workdir/hadoop-ozone/integration-test/target/test-dir/MiniOzoneClusterImpl-4fbee6c2-d92b-4186-98e8-d11e1b77f972/omNode-2/ratis/c9bc4cf4-3bc3-3c60-a66b-523986131536/in_use.lock acquired by nodename 25089@pr-hdds-2231-nwbjw-3761139207
2019-10-02 11:20:38,362 [pool-1789-thread-1] INFO  impl.RaftServerImpl (ServerState.java:setRaftConf(356)) - omNode-2@group-523986131536: set configuration 0: [omNode-3:localhost:10444, omNode-1:localhost:10432, omNode-2:localhost:10438], old=null at 0
2019-10-02 11:20:38,362 [pool-1789-thread-1] INFO  server.RaftServerConfigKeys (ConfUtils.java:logGet(43)) - raft.server.notification.no-leader.timeout = 2s (custom)
2019-10-02 11:20:38,362 [pool-1789-thread-1] INFO  server.RaftServerConfigKeys (ConfUtils.java:logGet(43)) - raft.server.log.use.memory = false (default)
2019-10-02 11:20:38,362 [pool-1789-thread-1] INFO  server.RaftServerConfigKeys (ConfUtils.java:logGet(43)) - raft.server.log.purge.gap = 50 (custom)
2019-10-02 11:20:38,362 [pool-1789-thread-1] INFO  server.RaftServerConfigKeys (ConfUtils.java:logGet(43)) - raft.server.log.appender.buffer.byte-limit = 33554432 (custom)
2019-10-02 11:20:38,363 [pool-1789-thread-1] INFO  server.RaftServerConfigKeys (ConfUtils.java:logGet(43)) - raft.server.log.segment.size.max = 16384 (custom)
2019-10-02 11:20:38,363 [pool-1789-thread-1] INFO  server.RaftServerConfigKeys (ConfUtils.java:logGet(43)) - raft.server.log.segment.cache.num.max = 2 (custom)
2019-10-02 11:20:38,363 [pool-1789-thread-1] INFO  segmented.SegmentedRaftLogWorker (SegmentedRaftLogWorker.java:<init>(173)) - new omNode-2@group-523986131536-SegmentedRaftLogWorker for RaftStorage:Storage Directory /workdir/hadoop-ozone/integration-test/target/test-dir/MiniOzoneClusterImpl-4fbee6c2-d92b-4186-98e8-d11e1b77f972/omNode-2/ratis/c9bc4cf4-3bc3-3c60-a66b-523986131536
2019-10-02 11:20:38,363 [pool-1789-thread-1] INFO  server.RaftServerConfigKeys (ConfUtils.java:logGet(43)) - raft.server.log.queue.byte-limit = 64MB (=67108864) (default)
2019-10-02 11:20:38,363 [pool-1789-thread-1] INFO  server.RaftServerConfigKeys (ConfUtils.java:logGet(43)) - raft.server.log.queue.element-limit = 4096 (default)
2019-10-02 11:20:38,363 [pool-1789-thread-1] INFO  server.RaftServerConfigKeys (ConfUtils.java:logGet(43)) - raft.server.log.segment.size.max = 16384 (custom)
2019-10-02 11:20:38,364 [pool-1789-thread-1] INFO  server.RaftServerConfigKeys (ConfUtils.java:logGet(43)) - raft.server.log.preallocated.size = 16384 (custom)
2019-10-02 11:20:38,364 [pool-1789-thread-1] INFO  server.RaftServerConfigKeys (ConfUtils.java:logGet(43)) - raft.server.log.write.buffer.size = 64KB (=65536) (default)
2019-10-02 11:20:38,364 [pool-1789-thread-1] INFO  server.RaftServerConfigKeys (ConfUtils.java:logGet(43)) - raft.server.log.force.sync.num = 128 (default)
2019-10-02 11:20:38,364 [pool-1789-thread-1] INFO  server.RaftServerConfigKeys (ConfUtils.java:logGet(43)) - raft.server.log.statemachine.data.sync = true (default)
2019-10-02 11:20:38,364 [pool-1789-thread-1] INFO  server.RaftServerConfigKeys (ConfUtils.java:logGet(43)) - raft.server.log.statemachine.data.sync.timeout = 10s (default)
2019-10-02 11:20:38,364 [pool-1789-thread-1] INFO  server.RaftServerConfigKeys (ConfUtils.java:logGet(43)) - raft.server.log.statemachine.data.sync.timeout.retry = -1 (default)
2019-10-02 11:20:38,364 [pool-1789-thread-1] INFO  server.RaftServerConfigKeys (ConfUtils.java:logGet(43)) - raft.server.log.statemachine.data.caching.enabled = false (default)
2019-10-02 11:20:38,368 [pool-1789-thread-1] INFO  impl.RaftServerImpl (ServerState.java:setRaftConf(356)) - omNode-2@group-523986131536: set configuration 0: [omNode-3:localhost:10444, omNode-1:localhost:10432, omNode-2:localhost:10438], old=null at 0
2019-10-02 11:20:38,369 [pool-1789-thread-1] INFO  segmented.LogSegment (LogSegment.java:loadSegment(140)) - Successfully read 45 entries from segment file /workdir/hadoop-ozone/integration-test/target/test-dir/MiniOzoneClusterImpl-4fbee6c2-d92b-4186-98e8-d11e1b77f972/omNode-2/ratis/c9bc4cf4-3bc3-3c60-a66b-523986131536/current/log_inprogress_0
2019-10-02 11:20:38,370 [pool-1789-thread-1] INFO  segmented.SegmentedRaftLogWorker (SegmentedRaftLogWorker.java:lambda$new$0(128)) - omNode-2@group-523986131536-SegmentedRaftLogWorker: flushIndex: setUnconditionally 0 -> 44
2019-10-02 11:20:38,370 [pool-1789-thread-1] INFO  raftlog.RaftLog (RaftLog.java:lambda$new$0(61)) - omNode-2@group-523986131536-SegmentedRaftLog: commitIndex: updateToMax old=43, new=43, updated? false
2019-10-02 11:20:38,370 [pool-1789-thread-1] INFO  server.RaftServerConfigKeys (ConfUtils.java:logGet(43)) - raft.server.snapshot.auto.trigger.enabled = true (custom)
2019-10-02 11:20:38,370 [pool-1789-thread-1] INFO  server.RaftServerConfigKeys (ConfUtils.java:logGet(43)) - raft.server.snapshot.auto.trigger.threshold = 50 (custom)
2019-10-02 11:20:38,371 [pool-1789-thread-1] INFO  server.RaftServerConfigKeys (ConfUtils.java:logGet(43)) - raft.server.snapshot.retention.file.num = -1 (default)
2019-10-02 11:20:38,371 [pool-1789-thread-1] INFO  server.RaftServerConfigKeys (ConfUtils.java:logGet(43)) - raft.server.retrycache.expirytime = 600000ms (custom)
2019-10-02 11:20:38,375 [Thread-8322] INFO  impl.RaftServerImpl (RaftServerImpl.java:start(181)) - omNode-2@group-523986131536: start as a follower, conf=0: [omNode-3:localhost:10444, omNode-1:localhost:10432, omNode-2:localhost:10438], old=null
2019-10-02 11:20:38,375 [Thread-8322] INFO  impl.RaftServerImpl (RaftServerImpl.java:setRole(170)) - omNode-2@group-523986131536: changes role from      null to FOLLOWER at term 1 for startAsFollower
2019-10-02 11:20:38,375 [Thread-8322] INFO  impl.RoleInfo (RoleInfo.java:updateAndGet(143)) - omNode-2: start FollowerState
2019-10-02 11:20:38,376 [Thread-8322] INFO  util.JmxRegister (JmxRegister.java:tryRegister(44)) - Successfully registered JMX Bean with object name Ratis:service=RaftServer,group=group-523986131536,id=omNode-2
2019-10-02 11:20:38,376 [Thread-8322] INFO  impl.RaftServerProxy (RaftServerProxy.java:lambda$start$3(299)) - omNode-2: start RPC server
2019-10-02 11:20:38,377 [Thread-8322] INFO  server.GrpcService (GrpcService.java:startImpl(158)) - omNode-2: GrpcService started, listening on 0.0.0.0/0.0.0.0:10438
2019-10-02 11:20:38,379 [Thread-8322] INFO  hdfs.DFSUtil (DFSUtil.java:httpServerTemplateForNNAndJN(1641)) - Starting Web-server for ozoneManager at: http://0.0.0.0:10436
2019-10-02 11:20:38,381 [Thread-8322] INFO  server.AuthenticationFilter (AuthenticationFilter.java:constructSecretProvider(240)) - Unable to initialize FileSignerSecretProvider, falling back to use random secrets.
2019-10-02 11:20:38,381 [Thread-8322] WARN  http.HttpRequestLog (HttpRequestLog.java:getRequestLog(97)) - Jetty request log can only be enabled using Log4j
2019-10-02 11:20:38,383 [Thread-8322] INFO  http.HttpServer2 (HttpServer2.java:addGlobalFilter(975)) - Added global filter 'safety' (class=org.apache.hadoop.http.HttpServer2$QuotingInputFilter)
2019-10-02 11:20:38,384 [Thread-8322] INFO  http.HttpServer2 (HttpServer2.java:addFilter(948)) - Added filter static_user_filter (class=org.apache.hadoop.http.lib.StaticUserWebFilter$StaticUserFilter) to context ozoneManager
2019-10-02 11:20:38,384 [Thread-8322] INFO  http.HttpServer2 (HttpServer2.java:addFilter(958)) - Added filter static_user_filter (class=org.apache.hadoop.http.lib.StaticUserWebFilter$StaticUserFilter) to context logs
2019-10-02 11:20:38,384 [Thread-8322] INFO  http.HttpServer2 (HttpServer2.java:addFilter(958)) - Added filter static_user_filter (class=org.apache.hadoop.http.lib.StaticUserWebFilter$StaticUserFilter) to context static
2019-10-02 11:20:38,385 [Thread-8322] INFO  http.HttpServer2 (HttpServer2.java:bindListener(1191)) - Jetty bound to port 10436
2019-10-02 11:20:38,385 [Thread-8322] INFO  server.Server (Server.java:doStart(351)) - jetty-9.3.25.v20180904, build timestamp: 2018-09-04T21:11:46Z, git hash: 3ce520221d0240229c862b122d2b06c12a625732
2019-10-02 11:20:38,386 [Thread-8322] INFO  handler.ContextHandler (ContextHandler.java:doStart(781)) - Started o.e.j.s.ServletContextHandler@2eacecb{/logs,file:///workdir/hadoop-ozone/integration-test/target/log,AVAILABLE}
2019-10-02 11:20:38,387 [Thread-8322] INFO  handler.ContextHandler (ContextHandler.java:doStart(781)) - Started o.e.j.s.ServletContextHandler@6523a1b6{/static,file:///workdir/hadoop-ozone/integration-test/target/test-classes/webapps/static,AVAILABLE}
2019-10-02 11:20:38,544 [grpc-default-executor-7] INFO  impl.RaftServerImpl (ServerState.java:setLeader(255)) - omNode-2@group-523986131536: change Leader from null to omNode-1 at term 1 for appendEntries, leader elected after 181ms
2019-10-02 11:20:38,562 [grpc-default-executor-7] INFO  segmented.SegmentedRaftLogWorker (SegmentedRaftLogWorker.java:rollLogSegment(390)) - omNode-2@group-523986131536-SegmentedRaftLogWorker: Rolling segment log-0_70 to index:70
2019-10-02 11:20:38,565 [grpc-default-executor-7] INFO  segmented.SegmentedRaftLogWorker (SegmentedRaftLogWorker.java:rollLogSegment(390)) - omNode-2@group-523986131536-SegmentedRaftLogWorker: Rolling segment log-71_138 to index:138
2019-10-02 11:20:38,566 [grpc-default-executor-7] INFO  segmented.SegmentedRaftLogWorker (SegmentedRaftLogWorker.java:rollLogSegment(390)) - omNode-2@group-523986131536-SegmentedRaftLogWorker: Rolling segment log-139_206 to index:206
2019-10-02 11:20:38,567 [grpc-default-executor-7] INFO  segmented.SegmentedRaftLogWorker (SegmentedRaftLogWorker.java:rollLogSegment(390)) - omNode-2@group-523986131536-SegmentedRaftLogWorker: Rolling segment log-207_274 to index:274
2019-10-02 11:20:38,568 [grpc-default-executor-7] INFO  segmented.SegmentedRaftLogWorker (SegmentedRaftLogWorker.java:rollLogSegment(390)) - omNode-2@group-523986131536-SegmentedRaftLogWorker: Rolling segment log-275_342 to index:342
2019-10-02 11:20:38,569 [grpc-default-executor-7] INFO  segmented.SegmentedRaftLogWorker (SegmentedRaftLogWorker.java:rollLogSegment(390)) - omNode-2@group-523986131536-SegmentedRaftLogWorker: Rolling segment log-343_410 to index:410
2019-10-02 11:20:38,569 [grpc-default-executor-7] INFO  segmented.SegmentedRaftLogWorker (SegmentedRaftLogWorker.java:rollLogSegment(390)) - omNode-2@group-523986131536-SegmentedRaftLogWorker: Rolling segment log-411_478 to index:478
2019-10-02 11:20:38,580 [omNode-2@group-523986131536-SegmentedRaftLogWorker] INFO  segmented.SegmentedRaftLogWorker (SegmentedRaftLogWorker.java:execute(531)) - omNode-2@group-523986131536-SegmentedRaftLogWorker: Rolled log segment from /workdir/hadoop-ozone/integration-test/target/test-dir/MiniOzoneClusterImpl-4fbee6c2-d92b-4186-98e8-d11e1b77f972/omNode-2/ratis/c9bc4cf4-3bc3-3c60-a66b-523986131536/current/log_inprogress_0 to /workdir/hadoop-ozone/integration-test/target/test-dir/MiniOzoneClusterImpl-4fbee6c2-d92b-4186-98e8-d11e1b77f972/omNode-2/ratis/c9bc4cf4-3bc3-3c60-a66b-523986131536/current/log_0-70
2019-10-02 11:20:38,596 [omNode-2@group-523986131536-SegmentedRaftLogWorker] INFO  segmented.SegmentedRaftLogWorker (SegmentedRaftLogWorker.java:execute(574)) - omNode-2@group-523986131536-SegmentedRaftLogWorker: created new log segment /workdir/hadoop-ozone/integration-test/target/test-dir/MiniOzoneClusterImpl-4fbee6c2-d92b-4186-98e8-d11e1b77f972/omNode-2/ratis/c9bc4cf4-3bc3-3c60-a66b-523986131536/current/log_inprogress_71
2019-10-02 11:20:38,608 [omNode-2@group-523986131536-SegmentedRaftLogWorker] INFO  segmented.SegmentedRaftLogWorker (SegmentedRaftLogWorker.java:execute(531)) - omNode-2@group-523986131536-SegmentedRaftLogWorker: Rolled log segment from /workdir/hadoop-ozone/integration-test/target/test-dir/MiniOzoneClusterImpl-4fbee6c2-d92b-4186-98e8-d11e1b77f972/omNode-2/ratis/c9bc4cf4-3bc3-3c60-a66b-523986131536/current/log_inprogress_71 to /workdir/hadoop-ozone/integration-test/target/test-dir/MiniOzoneClusterImpl-4fbee6c2-d92b-4186-98e8-d11e1b77f972/omNode-2/ratis/c9bc4cf4-3bc3-3c60-a66b-523986131536/current/log_71-138
2019-10-02 11:20:38,631 [omNode-2@group-523986131536-SegmentedRaftLogWorker] INFO  segmented.SegmentedRaftLogWorker (SegmentedRaftLogWorker.java:execute(574)) - omNode-2@group-523986131536-SegmentedRaftLogWorker: created new log segment /workdir/hadoop-ozone/integration-test/target/test-dir/MiniOzoneClusterImpl-4fbee6c2-d92b-4186-98e8-d11e1b77f972/omNode-2/ratis/c9bc4cf4-3bc3-3c60-a66b-523986131536/current/log_inprogress_139
2019-10-02 11:20:38,643 [omNode-2@group-523986131536-SegmentedRaftLogWorker] INFO  segmented.SegmentedRaftLogWorker (SegmentedRaftLogWorker.java:execute(531)) - omNode-2@group-523986131536-SegmentedRaftLogWorker: Rolled log segment from /workdir/hadoop-ozone/integration-test/target/test-dir/MiniOzoneClusterImpl-4fbee6c2-d92b-4186-98e8-d11e1b77f972/omNode-2/ratis/c9bc4cf4-3bc3-3c60-a66b-523986131536/current/log_inprogress_139 to /workdir/hadoop-ozone/integration-test/target/test-dir/MiniOzoneClusterImpl-4fbee6c2-d92b-4186-98e8-d11e1b77f972/omNode-2/ratis/c9bc4cf4-3bc3-3c60-a66b-523986131536/current/log_139-206
2019-10-02 11:20:38,663 [omNode-2@group-523986131536-SegmentedRaftLogWorker] INFO  segmented.SegmentedRaftLogWorker (SegmentedRaftLogWorker.java:execute(574)) - omNode-2@group-523986131536-SegmentedRaftLogWorker: created new log segment /workdir/hadoop-ozone/integration-test/target/test-dir/MiniOzoneClusterImpl-4fbee6c2-d92b-4186-98e8-d11e1b77f972/omNode-2/ratis/c9bc4cf4-3bc3-3c60-a66b-523986131536/current/log_inprogress_207
2019-10-02 11:20:38,674 [omNode-2@group-523986131536-SegmentedRaftLogWorker] INFO  segmented.SegmentedRaftLogWorker (SegmentedRaftLogWorker.java:execute(531)) - omNode-2@group-523986131536-SegmentedRaftLogWorker: Rolled log segment from /workdir/hadoop-ozone/integration-test/target/test-dir/MiniOzoneClusterImpl-4fbee6c2-d92b-4186-98e8-d11e1b77f972/omNode-2/ratis/c9bc4cf4-3bc3-3c60-a66b-523986131536/current/log_inprogress_207 to /workdir/hadoop-ozone/integration-test/target/test-dir/MiniOzoneClusterImpl-4fbee6c2-d92b-4186-98e8-d11e1b77f972/omNode-2/ratis/c9bc4cf4-3bc3-3c60-a66b-523986131536/current/log_207-274
2019-10-02 11:20:38,697 [omNode-2@group-523986131536-SegmentedRaftLogWorker] INFO  segmented.SegmentedRaftLogWorker (SegmentedRaftLogWorker.java:execute(574)) - omNode-2@group-523986131536-SegmentedRaftLogWorker: created new log segment /workdir/hadoop-ozone/integration-test/target/test-dir/MiniOzoneClusterImpl-4fbee6c2-d92b-4186-98e8-d11e1b77f972/omNode-2/ratis/c9bc4cf4-3bc3-3c60-a66b-523986131536/current/log_inprogress_275
2019-10-02 11:20:38,709 [omNode-2@group-523986131536-SegmentedRaftLogWorker] INFO  segmented.SegmentedRaftLogWorker (SegmentedRaftLogWorker.java:execute(531)) - omNode-2@group-523986131536-SegmentedRaftLogWorker: Rolled log segment from /workdir/hadoop-ozone/integration-test/target/test-dir/MiniOzoneClusterImpl-4fbee6c2-d92b-4186-98e8-d11e1b77f972/omNode-2/ratis/c9bc4cf4-3bc3-3c60-a66b-523986131536/current/log_inprogress_275 to /workdir/hadoop-ozone/integration-test/target/test-dir/MiniOzoneClusterImpl-4fbee6c2-d92b-4186-98e8-d11e1b77f972/omNode-2/ratis/c9bc4cf4-3bc3-3c60-a66b-523986131536/current/log_275-342
2019-10-02 11:20:38,730 [omNode-2@group-523986131536-SegmentedRaftLogWorker] INFO  segmented.SegmentedRaftLogWorker (SegmentedRaftLogWorker.java:execute(574)) - omNode-2@group-523986131536-SegmentedRaftLogWorker: created new log segment /workdir/hadoop-ozone/integration-test/target/test-dir/MiniOzoneClusterImpl-4fbee6c2-d92b-4186-98e8-d11e1b77f972/omNode-2/ratis/c9bc4cf4-3bc3-3c60-a66b-523986131536/current/log_inprogress_343
2019-10-02 11:20:38,733 [omNode-2@group-523986131536-SegmentedRaftLogWorker] INFO  segmented.SegmentedRaftLogWorker (SegmentedRaftLogWorker.java:execute(531)) - omNode-2@group-523986131536-SegmentedRaftLogWorker: Rolled log segment from /workdir/hadoop-ozone/integration-test/target/test-dir/MiniOzoneClusterImpl-4fbee6c2-d92b-4186-98e8-d11e1b77f972/omNode-2/ratis/c9bc4cf4-3bc3-3c60-a66b-523986131536/current/log_inprogress_343 to /workdir/hadoop-ozone/integration-test/target/test-dir/MiniOzoneClusterImpl-4fbee6c2-d92b-4186-98e8-d11e1b77f972/omNode-2/ratis/c9bc4cf4-3bc3-3c60-a66b-523986131536/current/log_343-410
2019-10-02 11:20:38,739 [omNode-2@group-523986131536-SegmentedRaftLogWorker] INFO  segmented.SegmentedRaftLogWorker (SegmentedRaftLogWorker.java:execute(574)) - omNode-2@group-523986131536-SegmentedRaftLogWorker: created new log segment /workdir/hadoop-ozone/integration-test/target/test-dir/MiniOzoneClusterImpl-4fbee6c2-d92b-4186-98e8-d11e1b77f972/omNode-2/ratis/c9bc4cf4-3bc3-3c60-a66b-523986131536/current/log_inprogress_411
2019-10-02 11:20:38,741 [omNode-2@group-523986131536-SegmentedRaftLogWorker] INFO  segmented.SegmentedRaftLogWorker (SegmentedRaftLogWorker.java:execute(531)) - omNode-2@group-523986131536-SegmentedRaftLogWorker: Rolled log segment from /workdir/hadoop-ozone/integration-test/target/test-dir/MiniOzoneClusterImpl-4fbee6c2-d92b-4186-98e8-d11e1b77f972/omNode-2/ratis/c9bc4cf4-3bc3-3c60-a66b-523986131536/current/log_inprogress_411 to /workdir/hadoop-ozone/integration-test/target/test-dir/MiniOzoneClusterImpl-4fbee6c2-d92b-4186-98e8-d11e1b77f972/omNode-2/ratis/c9bc4cf4-3bc3-3c60-a66b-523986131536/current/log_411-478
2019-10-02 11:20:38,748 [omNode-2@group-523986131536-SegmentedRaftLogWorker] INFO  segmented.SegmentedRaftLogWorker (SegmentedRaftLogWorker.java:execute(574)) - omNode-2@group-523986131536-SegmentedRaftLogWorker: created new log segment /workdir/hadoop-ozone/integration-test/target/test-dir/MiniOzoneClusterImpl-4fbee6c2-d92b-4186-98e8-d11e1b77f972/omNode-2/ratis/c9bc4cf4-3bc3-3c60-a66b-523986131536/current/log_inprogress_479
2019-10-02 11:20:38,846 [omNode-2@group-523986131536-StateMachineUpdater] INFO  ratis.OzoneManagerStateMachine (OzoneManagerStateMachine.java:takeSnapshot(254)) - Saving Ratis snapshot on the OM.
2019-10-02 11:20:38,852 [omNode-2@group-523986131536-StateMachineUpdater] INFO  ratis.OMRatisSnapshotInfo (OMRatisSnapshotInfo.java:saveRatisSnapshotToDisk(107)) - Saved Ratis Snapshot on the OM with snapshotIndex 543
2019-10-02 11:20:38,852 [omNode-2@group-523986131536-StateMachineUpdater] INFO  impl.StateMachineUpdater (StateMachineUpdater.java:takeSnapshot(269)) - omNode-2@group-523986131536-StateMachineUpdater: Took a snapshot at index 543
2019-10-02 11:20:38,852 [omNode-2@group-523986131536-StateMachineUpdater] INFO  impl.StateMachineUpdater (StateMachineUpdater.java:lambda$new$0(84)) - omNode-2@group-523986131536-StateMachineUpdater: snapshotIndex: updateIncreasingly 43 -> 543
2019-10-02 11:20:38,852 [omNode-2@group-523986131536-StateMachineUpdater] INFO  raftlog.RaftLog (RaftLog.java:purge(344)) - omNode-2@group-523986131536-SegmentedRaftLog: purge 543
2019-10-02 11:20:38,853 [omNode-2@group-523986131536-SegmentedRaftLogWorker] INFO  raftlog.RaftLog (RaftLog.java:lambda$new$0(61)) - omNode-2@group-523986131536-SegmentedRaftLog: purgeIndex: updateToMax old=-1, new=478, updated? true
2019-10-02 11:20:39,866 [Thread-8322] INFO  handler.ContextHandler (ContextHandler.java:doStart(781)) - Started o.e.j.w.WebAppContext@1a7e641a{/,file:///workdir/hadoop-ozone/integration-test/target/test-classes/webapps/ozoneManager/,AVAILABLE}{/ozoneManager}
2019-10-02 11:20:39,867 [Thread-8322] INFO  server.AbstractConnector (AbstractConnector.java:doStart(278)) - Started ServerConnector@241c6cbe{HTTP/1.1,[http/1.1]}{0.0.0.0:10436}
2019-10-02 11:20:39,870 [Thread-8322] INFO  server.Server (Server.java:doStart(419)) - Started @652189ms
2019-10-02 11:20:39,871 [Thread-8322] WARN  impl.MetricsSystemImpl (MetricsSystemImpl.java:register(276)) - Sink prometheus already exists!
2019-10-02 11:20:39,872 [Thread-8322] INFO  server.BaseHttpServer (BaseHttpServer.java:updateConnectorAddress(215)) - HTTP server of OZONEMANAGER is listening at http://0.0.0.0:10436
2019-10-02 11:20:39,873 [org.apache.hadoop.util.JvmPauseMonitor$Monitor@60d38b1] INFO  util.JvmPauseMonitor (JvmPauseMonitor.java:run(188)) - Starting JVM pause monitor
2019-10-02 11:20:39,874 [Thread-8322] INFO  ratis.OMRatisSnapshotInfo (OMRatisSnapshotInfo.java:saveRatisSnapshotToDisk(107)) - Saved Ratis Snapshot on the OM with snapshotIndex 543
2019-10-02 11:20:39,874 [Thread-8322] INFO  ozone.MiniOzoneClusterImpl (MiniOzoneClusterImpl.java:shutdown(314)) - Shutting down the Mini Ozone Cluster
2019-10-02 11:20:39,874 [Thread-8322] INFO  ozone.MiniOzoneHAClusterImpl (MiniOzoneHAClusterImpl.java:stop(147)) - Stopping the OzoneManager omNode-3
2019-10-02 11:20:39,874 [Thread-8322] INFO  ipc.Server (Server.java:stop(3082)) - Stopping server on 10440
2019-10-02 11:20:39,881 [IPC Server listener on 10440] INFO  ipc.Server (Server.java:run(1185)) - Stopping IPC Server listener on 10440
2019-10-02 11:20:39,882 [Thread-8322] INFO  impl.RaftServerProxy (RaftServerProxy.java:lambda$close$4(314)) - omNode-3: close
2019-10-02 11:20:39,882 [IPC Server Responder] INFO  ipc.Server (Server.java:run(1319)) - Stopping IPC Server Responder
2019-10-02 11:20:39,899 [Thread-8322] INFO  impl.RaftServerImpl (RaftServerImpl.java:lambda$shutdown$3(247)) - omNode-3@group-523986131536: shutdown
2019-10-02 11:20:39,899 [Thread-8322] INFO  util.JmxRegister (JmxRegister.java:unregister(73)) - Successfully un-registered JMX Bean with object name Ratis:service=RaftServer,group=group-523986131536,id=omNode-3
2019-10-02 11:20:39,899 [Thread-8322] INFO  impl.RoleInfo (RoleInfo.java:shutdownFollowerState(121)) - omNode-3: shutdown FollowerState
2019-10-02 11:20:39,900 [omNode-3@group-523986131536-StateMachineUpdater] INFO  ratis.OzoneManagerStateMachine (OzoneManagerStateMachine.java:takeSnapshot(254)) - Saving Ratis snapshot on the OM.
2019-10-02 11:20:39,900 [Thread-8510] INFO  impl.FollowerState (FollowerState.java:run(117)) - omNode-3@group-523986131536-FollowerState was interrupted: java.lang.InterruptedException: sleep interrupted
2019-10-02 11:20:39,900 [Thread-8322] INFO  impl.StateMachineUpdater (StateMachineUpdater.java:stopAndJoin(136)) - omNode-3@group-523986131536-StateMachineUpdater: set stopIndex = 544
2019-10-02 11:20:39,900 [omNode-3@group-523986131536-StateMachineUpdater] INFO  ratis.OMRatisSnapshotInfo (OMRatisSnapshotInfo.java:saveRatisSnapshotToDisk(107)) - Saved Ratis Snapshot on the OM with snapshotIndex 543
2019-10-02 11:20:39,900 [omNode-3@group-523986131536-StateMachineUpdater] INFO  impl.StateMachineUpdater (StateMachineUpdater.java:takeSnapshot(269)) - omNode-3@group-523986131536-StateMachineUpdater: Took a snapshot at index 543
2019-10-02 11:20:39,901 [omNode-3@group-523986131536-StateMachineUpdater] INFO  impl.StateMachineUpdater (StateMachineUpdater.java:lambda$new$0(84)) - omNode-3@group-523986131536-StateMachineUpdater: snapshotIndex: updateIncreasingly 499 -> 543
2019-10-02 11:20:39,901 [omNode-3@group-523986131536-StateMachineUpdater] INFO  raftlog.RaftLog (RaftLog.java:purge(344)) - omNode-3@group-523986131536-SegmentedRaftLog: purge 543
2019-10-02 11:20:39,901 [omNode-3@group-523986131536-StateMachineUpdater] INFO  ratis.OzoneManagerStateMachine (OzoneManagerStateMachine.java:takeSnapshot(254)) - Saving Ratis snapshot on the OM.
2019-10-02 11:20:39,902 [omNode-3@group-523986131536-SegmentedRaftLogWorker] INFO  raftlog.RaftLog (RaftLog.java:lambda$new$0(61)) - omNode-3@group-523986131536-SegmentedRaftLog: purgeIndex: updateToMax old=-1, new=478, updated? true
2019-10-02 11:20:39,911 [omNode-3@group-523986131536-StateMachineUpdater] INFO  ratis.OMRatisSnapshotInfo (OMRatisSnapshotInfo.java:saveRatisSnapshotToDisk(107)) - Saved Ratis Snapshot on the OM with snapshotIndex 543
2019-10-02 11:20:39,912 [omNode-3@group-523986131536-StateMachineUpdater] INFO  impl.StateMachineUpdater (StateMachineUpdater.java:takeSnapshot(269)) - omNode-3@group-523986131536-StateMachineUpdater: Took a snapshot at index 543
2019-10-02 11:20:39,912 [omNode-3@group-523986131536-StateMachineUpdater] INFO  impl.StateMachineUpdater (StateMachineUpdater.java:lambda$new$0(84)) - omNode-3@group-523986131536-StateMachineUpdater: snapshotIndex: updateIncreasingly 543 -> 543
2019-10-02 11:20:39,912 [omNode-3@group-523986131536-StateMachineUpdater] INFO  raftlog.RaftLog (RaftLog.java:purge(344)) - omNode-3@group-523986131536-SegmentedRaftLog: purge 543
2019-10-02 11:20:39,912 [omNode-3@group-523986131536-StateMachineUpdater] INFO  raftlog.RaftLog (RaftLog.java:lambda$new$0(61)) - omNode-3@group-523986131536-SegmentedRaftLog: purgeIndex: updateToMax old=478, new=543, updated? true
2019-10-02 11:20:39,912 [Thread-8322] INFO  impl.RaftServerImpl (ServerState.java:close(387)) - omNode-3@group-523986131536: closes. applyIndex: 544
2019-10-02 11:20:39,913 [omNode-3@group-523986131536-SegmentedRaftLogWorker] INFO  segmented.SegmentedRaftLogWorker (SegmentedRaftLogWorker.java:run(316)) - omNode-3@group-523986131536-SegmentedRaftLogWorker was interrupted, exiting. There are 0 tasks remaining in the queue.
2019-10-02 11:20:39,916 [Thread-8322] INFO  segmented.SegmentedRaftLogWorker (SegmentedRaftLogWorker.java:close(224)) - omNode-3@group-523986131536-SegmentedRaftLogWorker close()
2019-10-02 11:20:39,921 [Thread-8322] INFO  server.GrpcService (GrpcService.java:closeImpl(164)) - omNode-3: shutdown server with port 10444 now
2019-10-02 11:20:39,925 [grpc-default-executor-9] WARN  server.GrpcServerProtocolService (LogUtils.java:warn(134)) - omNode-3: installSnapshot onError, lastRequest: omNode-1->omNode-3#563-t1, previous=(t:1, i:544), leaderCommit=544, initializing? false, entries: <empty>: org.apache.ratis.thirdparty.io.grpc.StatusRuntimeException: CANCELLED: cancelled before receiving half close
2019-10-02 11:20:39,925 [Thread-8322] INFO  server.GrpcService (GrpcService.java:closeImpl(172)) - omNode-3: shutdown server with port 10444 successfully
2019-10-02 11:20:39,925 [grpc-default-executor-7] WARN  server.GrpcLogAppender (LogUtils.java:warn(134)) - omNode-1@group-523986131536->omNode-3-AppendLogResponseHandler: Failed appendEntries: org.apache.ratis.thirdparty.io.grpc.StatusRuntimeException: CANCELLED: HTTP/2 error code: CANCEL
Received Rst Stream
2019-10-02 11:20:39,926 [Thread-8322] INFO  ratis.OzoneManagerDoubleBuffer (OzoneManagerDoubleBuffer.java:stop(248)) - Stopping OMDoubleBuffer flush thread
2019-10-02 11:20:39,926 [grpc-default-executor-7] INFO  impl.FollowerInfo (FollowerInfo.java:lambda$new$0(51)) - omNode-1@group-523986131536->omNode-3: nextIndex: updateUnconditionally 545 -> 544
2019-10-02 11:20:39,926 [OMDoubleBufferFlushThread] INFO  ratis.OzoneManagerDoubleBuffer (OzoneManagerDoubleBuffer.java:flushTransactions(191)) - OMDoubleBuffer flush thread OMDoubleBufferFlushThread is interrupted and will exit. OMDoubleBufferFlushThread
2019-10-02 11:20:39,927 [Thread-8322] INFO  utils.BackgroundService (BackgroundService.java:shutdown(148)) - Shutting down service KeyDeletingService
2019-10-02 11:20:39,928 [Thread-8322] INFO  handler.ContextHandler (ContextHandler.java:doStop(910)) - Stopped o.e.j.w.WebAppContext@210bbbc9{/,null,UNAVAILABLE}{/ozoneManager}
2019-10-02 11:20:39,928 [Thread-8322] INFO  server.AbstractConnector (AbstractConnector.java:doStop(318)) - Stopped ServerConnector@66b2f7ed{HTTP/1.1,[http/1.1]}{0.0.0.0:10442}
2019-10-02 11:20:39,929 [Thread-8322] INFO  handler.ContextHandler (ContextHandler.java:doStop(910)) - Stopped o.e.j.s.ServletContextHandler@3d453c89{/static,file:///workdir/hadoop-ozone/integration-test/target/test-classes/webapps/static,UNAVAILABLE}
2019-10-02 11:20:39,929 [Thread-8322] INFO  handler.ContextHandler (ContextHandler.java:doStop(910)) - Stopped o.e.j.s.ServletContextHandler@5e5ddd93{/logs,file:///workdir/hadoop-ozone/integration-test/target/log,UNAVAILABLE}
2019-10-02 11:20:39,942 [Thread-8322] INFO  ozone.MiniOzoneHAClusterImpl (MiniOzoneHAClusterImpl.java:stop(147)) - Stopping the OzoneManager omNode-1
2019-10-02 11:20:39,942 [Thread-8322] INFO  ipc.Server (Server.java:stop(3082)) - Stopping server on 10428
2019-10-02 11:20:39,946 [IPC Server listener on 10428] INFO  ipc.Server (Server.java:run(1185)) - Stopping IPC Server listener on 10428
2019-10-02 11:20:39,946 [IPC Server Responder] INFO  ipc.Server (Server.java:run(1319)) - Stopping IPC Server Responder
2019-10-02 11:20:39,947 [Thread-8322] INFO  impl.RaftServerProxy (RaftServerProxy.java:lambda$close$4(314)) - omNode-1: close
2019-10-02 11:20:39,947 [Thread-8322] INFO  impl.RaftServerImpl (RaftServerImpl.java:lambda$shutdown$3(247)) - omNode-1@group-523986131536: shutdown
2019-10-02 11:20:39,947 [Thread-8322] INFO  util.JmxRegister (JmxRegister.java:unregister(73)) - Successfully un-registered JMX Bean with object name Ratis:service=RaftServer,group=group-523986131536,id=omNode-1
2019-10-02 11:20:39,947 [Thread-8322] INFO  impl.RoleInfo (RoleInfo.java:shutdownLeaderState(104)) - omNode-1: shutdown LeaderState
2019-10-02 11:20:39,952 [Thread-8322] INFO  impl.PendingRequests (PendingRequests.java:sendNotLeaderResponses(202)) - omNode-1@group-523986131536-PendingRequests: sendNotLeaderResponses
2019-10-02 11:20:39,952 [org.apache.ratis.server.impl.LogAppender$AppenderDaemon$$Lambda$244/2010246934@b4dfbd5] WARN  server.GrpcLogAppender (GrpcLogAppender.java:mayWait(143)) - omNode-1@group-523986131536->omNode-2-GrpcLogAppender: Wait interrupted by java.lang.InterruptedException
2019-10-02 11:20:39,952 [org.apache.ratis.server.impl.LogAppender$AppenderDaemon$$Lambda$244/2010246934@747856ed] WARN  server.GrpcLogAppender (GrpcLogAppender.java:mayWait(143)) - omNode-1@group-523986131536->omNode-3-GrpcLogAppender: Wait interrupted by java.lang.InterruptedException
2019-10-02 11:20:39,957 [Thread-8322] INFO  impl.StateMachineUpdater (StateMachineUpdater.java:stopAndJoin(136)) - omNode-1@group-523986131536-StateMachineUpdater: set stopIndex = 544
2019-10-02 11:20:39,957 [omNode-1@group-523986131536-StateMachineUpdater] INFO  ratis.OzoneManagerStateMachine (OzoneManagerStateMachine.java:takeSnapshot(254)) - Saving Ratis snapshot on the OM.
2019-10-02 11:20:39,957 [grpc-default-executor-7] INFO  server.GrpcServerProtocolService (GrpcServerProtocolService.java:onCompleted(113)) - omNode-2: Completed APPEND_ENTRIES, lastRequest: omNode-1->omNode-2#614-t1, previous=(t:1, i:544), leaderCommit=544, initializing? false, entries: <empty>
2019-10-02 11:20:39,958 [grpc-default-executor-7] INFO  server.GrpcLogAppender (GrpcLogAppender.java:onCompleted(293)) - omNode-1@group-523986131536->omNode-2-AppendLogResponseHandler: follower responses appendEntries COMPLETED
2019-10-02 11:20:39,958 [omNode-1@group-523986131536-StateMachineUpdater] INFO  ratis.OMRatisSnapshotInfo (OMRatisSnapshotInfo.java:saveRatisSnapshotToDisk(107)) - Saved Ratis Snapshot on the OM with snapshotIndex 543
2019-10-02 11:20:39,958 [omNode-1@group-523986131536-StateMachineUpdater] INFO  impl.StateMachineUpdater (StateMachineUpdater.java:takeSnapshot(269)) - omNode-1@group-523986131536-StateMachineUpdater: Took a snapshot at index 543
2019-10-02 11:20:39,958 [omNode-1@group-523986131536-StateMachineUpdater] INFO  impl.StateMachineUpdater (StateMachineUpdater.java:lambda$new$0(84)) - omNode-1@group-523986131536-StateMachineUpdater: snapshotIndex: updateIncreasingly 499 -> 543
2019-10-02 11:20:39,958 [omNode-1@group-523986131536-StateMachineUpdater] INFO  raftlog.RaftLog (RaftLog.java:purge(344)) - omNode-1@group-523986131536-SegmentedRaftLog: purge 543
2019-10-02 11:20:39,959 [grpc-default-executor-7] INFO  impl.FollowerInfo (FollowerInfo.java:lambda$new$0(51)) - omNode-1@group-523986131536->omNode-2: nextIndex: updateUnconditionally 545 -> 544
2019-10-02 11:20:39,959 [omNode-1@group-523986131536-StateMachineUpdater] INFO  ratis.OzoneManagerStateMachine (OzoneManagerStateMachine.java:takeSnapshot(254)) - Saving Ratis snapshot on the OM.
2019-10-02 11:20:39,959 [omNode-1@group-523986131536-SegmentedRaftLogWorker] INFO  raftlog.RaftLog (RaftLog.java:lambda$new$0(61)) - omNode-1@group-523986131536-SegmentedRaftLog: purgeIndex: updateToMax old=-1, new=478, updated? true
2019-10-02 11:20:39,969 [omNode-1@group-523986131536-StateMachineUpdater] INFO  ratis.OMRatisSnapshotInfo (OMRatisSnapshotInfo.java:saveRatisSnapshotToDisk(107)) - Saved Ratis Snapshot on the OM with snapshotIndex 543
2019-10-02 11:20:39,969 [omNode-1@group-523986131536-StateMachineUpdater] INFO  impl.StateMachineUpdater (StateMachineUpdater.java:takeSnapshot(269)) - omNode-1@group-523986131536-StateMachineUpdater: Took a snapshot at index 543
2019-10-02 11:20:39,969 [omNode-1@group-523986131536-StateMachineUpdater] INFO  impl.StateMachineUpdater (StateMachineUpdater.java:lambda$new$0(84)) - omNode-1@group-523986131536-StateMachineUpdater: snapshotIndex: updateIncreasingly 543 -> 543
2019-10-02 11:20:39,969 [omNode-1@group-523986131536-StateMachineUpdater] INFO  raftlog.RaftLog (RaftLog.java:purge(344)) - omNode-1@group-523986131536-SegmentedRaftLog: purge 543
2019-10-02 11:20:39,969 [omNode-1@group-523986131536-StateMachineUpdater] INFO  raftlog.RaftLog (RaftLog.java:lambda$new$0(61)) - omNode-1@group-523986131536-SegmentedRaftLog: purgeIndex: updateToMax old=478, new=543, updated? true
2019-10-02 11:20:39,969 [Thread-8322] INFO  impl.RaftServerImpl (ServerState.java:close(387)) - omNode-1@group-523986131536: closes. applyIndex: 544
2019-10-02 11:20:39,970 [omNode-1@group-523986131536-SegmentedRaftLogWorker] INFO  segmented.SegmentedRaftLogWorker (SegmentedRaftLogWorker.java:run(316)) - omNode-1@group-523986131536-SegmentedRaftLogWorker was interrupted, exiting. There are 0 tasks remaining in the queue.
2019-10-02 11:20:39,972 [Thread-8322] INFO  segmented.SegmentedRaftLogWorker (SegmentedRaftLogWorker.java:close(224)) - omNode-1@group-523986131536-SegmentedRaftLogWorker close()
2019-10-02 11:20:39,977 [Thread-8322] INFO  server.GrpcService (GrpcService.java:closeImpl(164)) - omNode-1: shutdown server with port 10432 now
2019-10-02 11:20:39,977 [Thread-8322] INFO  server.GrpcService (GrpcService.java:closeImpl(172)) - omNode-1: shutdown server with port 10432 successfully
2019-10-02 11:20:39,977 [Thread-8322] INFO  ratis.OzoneManagerDoubleBuffer (OzoneManagerDoubleBuffer.java:stop(248)) - Stopping OMDoubleBuffer flush thread
2019-10-02 11:20:39,978 [OMDoubleBufferFlushThread] INFO  ratis.OzoneManagerDoubleBuffer (OzoneManagerDoubleBuffer.java:flushTransactions(191)) - OMDoubleBuffer flush thread OMDoubleBufferFlushThread is interrupted and will exit. OMDoubleBufferFlushThread
2019-10-02 11:20:39,978 [Thread-8322] INFO  utils.BackgroundService (BackgroundService.java:shutdown(148)) - Shutting down service KeyDeletingService
2019-10-02 11:20:39,979 [Thread-8322] INFO  handler.ContextHandler (ContextHandler.java:doStop(910)) - Stopped o.e.j.w.WebAppContext@7875e467{/,null,UNAVAILABLE}{/ozoneManager}
2019-10-02 11:20:39,979 [Thread-8322] INFO  server.AbstractConnector (AbstractConnector.java:doStop(318)) - Stopped ServerConnector@12282642{HTTP/1.1,[http/1.1]}{0.0.0.0:10430}
2019-10-02 11:20:39,979 [Thread-8322] INFO  handler.ContextHandler (ContextHandler.java:doStop(910)) - Stopped o.e.j.s.ServletContextHandler@10432172{/static,file:///workdir/hadoop-ozone/integration-test/target/test-classes/webapps/static,UNAVAILABLE}
2019-10-02 11:20:39,980 [Thread-8322] INFO  handler.ContextHandler (ContextHandler.java:doStop(910)) - Stopped o.e.j.s.ServletContextHandler@23326daf{/logs,file:///workdir/hadoop-ozone/integration-test/target/log,UNAVAILABLE}
2019-10-02 11:20:39,982 [Thread-8322] INFO  ozone.MiniOzoneHAClusterImpl (MiniOzoneHAClusterImpl.java:stop(147)) - Stopping the OzoneManager omNode-2
2019-10-02 11:20:39,982 [Thread-8322] INFO  ipc.Server (Server.java:stop(3082)) - Stopping server on 10434
2019-10-02 11:20:39,986 [IPC Server listener on 10434] INFO  ipc.Server (Server.java:run(1185)) - Stopping IPC Server listener on 10434
2019-10-02 11:20:39,987 [Thread-8322] INFO  impl.RaftServerProxy (RaftServerProxy.java:lambda$close$4(314)) - omNode-2: close
2019-10-02 11:20:39,986 [IPC Server Responder] INFO  ipc.Server (Server.java:run(1319)) - Stopping IPC Server Responder
2019-10-02 11:20:39,987 [Thread-8322] INFO  impl.RaftServerImpl (RaftServerImpl.java:lambda$shutdown$3(247)) - omNode-2@group-523986131536: shutdown
2019-10-02 11:20:39,988 [Thread-8322] INFO  util.JmxRegister (JmxRegister.java:unregister(73)) - Successfully un-registered JMX Bean with object name Ratis:service=RaftServer,group=group-523986131536,id=omNode-2
2019-10-02 11:20:39,988 [Thread-8322] INFO  impl.RoleInfo (RoleInfo.java:shutdownFollowerState(121)) - omNode-2: shutdown FollowerState
2019-10-02 11:20:39,988 [Thread-8322] INFO  impl.StateMachineUpdater (StateMachineUpdater.java:stopAndJoin(136)) - omNode-2@group-523986131536-StateMachineUpdater: set stopIndex = 544
2019-10-02 11:20:39,988 [Thread-9238] INFO  impl.FollowerState (FollowerState.java:run(117)) - omNode-2@group-523986131536-FollowerState was interrupted: java.lang.InterruptedException: sleep interrupted
2019-10-02 11:20:39,988 [omNode-2@group-523986131536-StateMachineUpdater] INFO  ratis.OzoneManagerStateMachine (OzoneManagerStateMachine.java:takeSnapshot(254)) - Saving Ratis snapshot on the OM.
2019-10-02 11:20:39,989 [omNode-2@group-523986131536-StateMachineUpdater] INFO  ratis.OMRatisSnapshotInfo (OMRatisSnapshotInfo.java:saveRatisSnapshotToDisk(107)) - Saved Ratis Snapshot on the OM with snapshotIndex 543
2019-10-02 11:20:39,989 [omNode-2@group-523986131536-StateMachineUpdater] INFO  impl.StateMachineUpdater (StateMachineUpdater.java:takeSnapshot(269)) - omNode-2@group-523986131536-StateMachineUpdater: Took a snapshot at index 543
2019-10-02 11:20:39,989 [omNode-2@group-523986131536-StateMachineUpdater] INFO  impl.StateMachineUpdater (StateMachineUpdater.java:lambda$new$0(84)) - omNode-2@group-523986131536-StateMachineUpdater: snapshotIndex: updateIncreasingly 543 -> 543
2019-10-02 11:20:39,989 [omNode-2@group-523986131536-StateMachineUpdater] INFO  raftlog.RaftLog (RaftLog.java:purge(344)) - omNode-2@group-523986131536-SegmentedRaftLog: purge 543
2019-10-02 11:20:39,989 [omNode-2@group-523986131536-StateMachineUpdater] INFO  raftlog.RaftLog (RaftLog.java:lambda$new$0(61)) - omNode-2@group-523986131536-SegmentedRaftLog: purgeIndex: updateToMax old=478, new=543, updated? true
2019-10-02 11:20:39,989 [omNode-2@group-523986131536-StateMachineUpdater] INFO  ratis.OzoneManagerStateMachine (OzoneManagerStateMachine.java:takeSnapshot(254)) - Saving Ratis snapshot on the OM.
2019-10-02 11:20:40,000 [omNode-2@group-523986131536-StateMachineUpdater] INFO  ratis.OMRatisSnapshotInfo (OMRatisSnapshotInfo.java:saveRatisSnapshotToDisk(107)) - Saved Ratis Snapshot on the OM with snapshotIndex 543
2019-10-02 11:20:40,000 [omNode-2@group-523986131536-StateMachineUpdater] INFO  impl.StateMachineUpdater (StateMachineUpdater.java:takeSnapshot(269)) - omNode-2@group-523986131536-StateMachineUpdater: Took a snapshot at index 543
2019-10-02 11:20:40,000 [omNode-2@group-523986131536-StateMachineUpdater] INFO  impl.StateMachineUpdater (StateMachineUpdater.java:lambda$new$0(84)) - omNode-2@group-523986131536-StateMachineUpdater: snapshotIndex: updateIncreasingly 543 -> 543
2019-10-02 11:20:40,000 [Thread-8322] INFO  impl.RaftServerImpl (ServerState.java:close(387)) - omNode-2@group-523986131536: closes. applyIndex: 544
2019-10-02 11:20:40,000 [omNode-2@group-523986131536-SegmentedRaftLogWorker] INFO  segmented.SegmentedRaftLogWorker (SegmentedRaftLogWorker.java:run(316)) - omNode-2@group-523986131536-SegmentedRaftLogWorker was interrupted, exiting. There are 0 tasks remaining in the queue.
2019-10-02 11:20:40,004 [Thread-8322] INFO  segmented.SegmentedRaftLogWorker (SegmentedRaftLogWorker.java:close(224)) - omNode-2@group-523986131536-SegmentedRaftLogWorker close()
2019-10-02 11:20:40,010 [Thread-8322] INFO  server.GrpcService (GrpcService.java:closeImpl(164)) - omNode-2: shutdown server with port 10438 now
2019-10-02 11:20:40,013 [Thread-8322] INFO  server.GrpcService (GrpcService.java:closeImpl(172)) - omNode-2: shutdown server with port 10438 successfully
2019-10-02 11:20:40,013 [Thread-8322] INFO  ratis.OzoneManagerDoubleBuffer (OzoneManagerDoubleBuffer.java:stop(248)) - Stopping OMDoubleBuffer flush thread
2019-10-02 11:20:40,014 [OMDoubleBufferFlushThread] INFO  ratis.OzoneManagerDoubleBuffer (OzoneManagerDoubleBuffer.java:flushTransactions(191)) - OMDoubleBuffer flush thread OMDoubleBufferFlushThread is interrupted and will exit. OMDoubleBufferFlushThread
2019-10-02 11:20:40,014 [Thread-8322] INFO  utils.BackgroundService (BackgroundService.java:shutdown(148)) - Shutting down service KeyDeletingService
2019-10-02 11:20:40,015 [Thread-8322] INFO  handler.ContextHandler (ContextHandler.java:doStop(910)) - Stopped o.e.j.w.WebAppContext@1a7e641a{/,null,UNAVAILABLE}{/ozoneManager}
2019-10-02 11:20:40,015 [Thread-8322] INFO  server.AbstractConnector (AbstractConnector.java:doStop(318)) - Stopped ServerConnector@241c6cbe{HTTP/1.1,[http/1.1]}{0.0.0.0:10436}
2019-10-02 11:20:40,015 [Thread-8322] INFO  handler.ContextHandler (ContextHandler.java:doStop(910)) - Stopped o.e.j.s.ServletContextHandler@6523a1b6{/static,file:///workdir/hadoop-ozone/integration-test/target/test-classes/webapps/static,UNAVAILABLE}
2019-10-02 11:20:40,015 [Thread-8322] INFO  handler.ContextHandler (ContextHandler.java:doStop(910)) - Stopped o.e.j.s.ServletContextHandler@2eacecb{/logs,file:///workdir/hadoop-ozone/integration-test/target/log,UNAVAILABLE}
2019-10-02 11:20:40,017 [Thread-8322] INFO  ozone.MiniOzoneClusterImpl (MiniOzoneClusterImpl.java:stop(330)) - Stopping the Mini Ozone Cluster
2019-10-02 11:20:40,017 [Thread-8322] INFO  ozone.MiniOzoneClusterImpl (MiniOzoneClusterImpl.java:stopDatanodes(377)) - Stopping the HddsDatanodes
2019-10-02 11:20:40,794 [Datanode State Machine Thread - 0] INFO  statemachine.DatanodeStateMachine (DatanodeStateMachine.java:lambda$startDaemon$0(350)) - Ozone container server started.
2019-10-02 11:20:45,018 [Thread-8322] INFO  ozoneimpl.OzoneContainer (OzoneContainer.java:stop(231)) - Attempting to stop container services.
2019-10-02 11:20:45,018 [Thread-8322] INFO  impl.RaftServerProxy (RaftServerProxy.java:lambda$close$4(314)) - 03341560-e152-4fdb-a49d-73c184ac5038: close
2019-10-02 11:20:45,019 [Thread-8322] INFO  impl.RaftServerImpl (RaftServerImpl.java:lambda$shutdown$3(247)) - 03341560-e152-4fdb-a49d-73c184ac5038@group-67FCB73BC3F3: shutdown
2019-10-02 11:20:45,019 [Thread-8322] INFO  util.JmxRegister (JmxRegister.java:unregister(73)) - Successfully un-registered JMX Bean with object name Ratis:service=RaftServer,group=group-67FCB73BC3F3,id=03341560-e152-4fdb-a49d-73c184ac5038
2019-10-02 11:20:45,019 [Thread-8322] INFO  impl.RoleInfo (RoleInfo.java:shutdownLeaderState(104)) - 03341560-e152-4fdb-a49d-73c184ac5038: shutdown LeaderState
2019-10-02 11:20:45,020 [Thread-8322] INFO  impl.PendingRequests (PendingRequests.java:sendNotLeaderResponses(202)) - 03341560-e152-4fdb-a49d-73c184ac5038@group-67FCB73BC3F3-PendingRequests: sendNotLeaderResponses
2019-10-02 11:20:45,020 [Thread-8322] INFO  impl.StateMachineUpdater (StateMachineUpdater.java:stopAndJoin(136)) - 03341560-e152-4fdb-a49d-73c184ac5038@group-67FCB73BC3F3-StateMachineUpdater: set stopIndex = 0
2019-10-02 11:20:45,026 [Thread-8322] INFO  impl.RaftServerImpl (ServerState.java:close(387)) - 03341560-e152-4fdb-a49d-73c184ac5038@group-67FCB73BC3F3: closes. applyIndex: 0
2019-10-02 11:20:45,027 [03341560-e152-4fdb-a49d-73c184ac5038@group-67FCB73BC3F3-SegmentedRaftLogWorker] INFO  segmented.SegmentedRaftLogWorker (SegmentedRaftLogWorker.java:run(316)) - 03341560-e152-4fdb-a49d-73c184ac5038@group-67FCB73BC3F3-SegmentedRaftLogWorker was interrupted, exiting. There are 0 tasks remaining in the queue.
2019-10-02 11:20:45,036 [Thread-8322] INFO  segmented.SegmentedRaftLogWorker (SegmentedRaftLogWorker.java:close(224)) - 03341560-e152-4fdb-a49d-73c184ac5038@group-67FCB73BC3F3-SegmentedRaftLogWorker close()
2019-10-02 11:20:45,054 [Thread-8322] INFO  server.GrpcService (GrpcService.java:closeImpl(164)) - 03341560-e152-4fdb-a49d-73c184ac5038: shutdown server with port 34499 now
2019-10-02 11:20:45,057 [Thread-8322] INFO  server.GrpcService (GrpcService.java:closeImpl(172)) - 03341560-e152-4fdb-a49d-73c184ac5038: shutdown server with port 34499 successfully
2019-10-02 11:20:45,064 [refreshUsed-/workdir/hadoop-ozone/integration-test/target/test-dir/MiniOzoneClusterImpl-4fbee6c2-d92b-4186-98e8-d11e1b77f972/datanode-0/data/containers] WARN  fs.CachingGetSpaceUsed (CachingGetSpaceUsed.java:run(183)) - Thread Interrupted waiting to refresh disk information: sleep interrupted
2019-10-02 11:20:45,077 [Thread-8322] INFO  utils.BackgroundService (BackgroundService.java:shutdown(148)) - Shutting down service BlockDeletingService
2019-10-02 11:20:45,084 [Thread-8322] INFO  statemachine.DatanodeStateMachine (DatanodeStateMachine.java:stopDaemon(395)) - Ozone container server stopped.
2019-10-02 11:20:45,257 [Thread-8322] INFO  handler.ContextHandler (ContextHandler.java:doStop(910)) - Stopped o.e.j.w.WebAppContext@60f55a08{/,null,UNAVAILABLE}{/hddsDatanode}
2019-10-02 11:20:45,258 [Thread-8322] INFO  server.AbstractConnector (AbstractConnector.java:doStop(318)) - Stopped ServerConnector@30e38bb5{HTTP/1.1,[http/1.1]}{0.0.0.0:0}
2019-10-02 11:20:45,259 [Thread-8322] INFO  handler.ContextHandler (ContextHandler.java:doStop(910)) - Stopped o.e.j.s.ServletContextHandler@26f19b6f{/static,jar:file:/home/user/.m2/repository/org/apache/hadoop/hadoop-hdds-container-service/0.5.0-SNAPSHOT/hadoop-hdds-container-service-0.5.0-SNAPSHOT.jar!/webapps/static,UNAVAILABLE}
2019-10-02 11:20:45,259 [Thread-8322] INFO  handler.ContextHandler (ContextHandler.java:doStop(910)) - Stopped o.e.j.s.ServletContextHandler@603b46fe{/logs,file:///workdir/hadoop-ozone/integration-test/target/log,UNAVAILABLE}
2019-10-02 11:20:45,260 [Thread-8322] INFO  ozone.MiniOzoneClusterImpl (MiniOzoneClusterImpl.java:stopSCM(392)) - Stopping the StorageContainerManager
2019-10-02 11:20:45,261 [Thread-8322] INFO  server.StorageContainerManager (StorageContainerManager.java:stop(808)) - Stopping Replication Manager Service.
2019-10-02 11:20:45,261 [Thread-8322] INFO  container.ReplicationManager (ReplicationManager.java:stop(203)) - Stopping Replication Monitor Thread.
2019-10-02 11:20:45,261 [Thread-8322] INFO  server.StorageContainerManager (StorageContainerManager.java:stop(815)) - Stopping Lease Manager of the command watchers
2019-10-02 11:20:45,261 [Thread-8322] INFO  server.StorageContainerManager (StorageContainerManager.java:stop(822)) - Stopping datanode service RPC server
2019-10-02 11:20:45,261 [Thread-8322] INFO  server.SCMDatanodeProtocolServer (SCMDatanodeProtocolServer.java:stop(367)) - Stopping the RPC server for DataNodes
2019-10-02 11:20:45,261 [Thread-8322] INFO  ipc.Server (Server.java:stop(3082)) - Stopping server on 34577
2019-10-02 11:20:45,266 [IPC Server listener on 34577] INFO  ipc.Server (Server.java:run(1185)) - Stopping IPC Server listener on 34577
2019-10-02 11:20:45,266 [IPC Server Responder] INFO  ipc.Server (Server.java:run(1319)) - Stopping IPC Server Responder
2019-10-02 11:20:45,327 [SCM Heartbeat Processing Thread - 0] WARN  node.NodeStateManager (NodeStateManager.java:scheduleNextHealthCheck(646)) - Current Thread is interrupted, shutting down HB processing thread for Node Manager.
2019-10-02 11:20:45,327 [Thread-8322] INFO  server.StorageContainerManager (StorageContainerManager.java:stop(830)) - Stopping block service RPC server
2019-10-02 11:20:45,328 [Thread-8322] INFO  server.SCMBlockProtocolServer (SCMBlockProtocolServer.java:stop(155)) - Stopping the RPC server for Block Protocol
2019-10-02 11:20:45,328 [Thread-8322] INFO  ipc.Server (Server.java:stop(3082)) - Stopping server on 38883
2019-10-02 11:20:45,332 [IPC Server listener on 38883] INFO  ipc.Server (Server.java:run(1185)) - Stopping IPC Server listener on 38883
2019-10-02 11:20:45,332 [IPC Server Responder] INFO  ipc.Server (Server.java:run(1319)) - Stopping IPC Server Responder
2019-10-02 11:20:45,332 [Thread-8322] INFO  server.StorageContainerManager (StorageContainerManager.java:stop(837)) - Stopping the StorageContainerLocationProtocol RPC server
2019-10-02 11:20:45,332 [Thread-8322] INFO  server.SCMClientProtocolServer (SCMClientProtocolServer.java:stop(158)) - Stopping the RPC server for Client Protocol
2019-10-02 11:20:45,332 [Thread-8322] INFO  ipc.Server (Server.java:stop(3082)) - Stopping server on 42362
2019-10-02 11:20:45,336 [Thread-8322] INFO  server.StorageContainerManager (StorageContainerManager.java:stop(844)) - Stopping Storage Container Manager HTTP server.
2019-10-02 11:20:45,336 [IPC Server Responder] INFO  ipc.Server (Server.java:run(1319)) - Stopping IPC Server Responder
2019-10-02 11:20:45,336 [Thread-8322] INFO  handler.ContextHandler (ContextHandler.java:doStop(910)) - Stopped o.e.j.w.WebAppContext@49bc1c52{/,null,UNAVAILABLE}{/scm}
2019-10-02 11:20:45,337 [Thread-8322] INFO  server.AbstractConnector (AbstractConnector.java:doStop(318)) - Stopped ServerConnector@80a2acf{HTTP/1.1,[http/1.1]}{0.0.0.0:0}
2019-10-02 11:20:45,337 [Thread-8322] INFO  handler.ContextHandler (ContextHandler.java:doStop(910)) - Stopped o.e.j.s.ServletContextHandler@32ca0bd8{/static,file:///workdir/hadoop-ozone/integration-test/target/test-classes/webapps/static,UNAVAILABLE}
2019-10-02 11:20:45,337 [Thread-8322] INFO  handler.ContextHandler (ContextHandler.java:doStop(910)) - Stopped o.e.j.s.ServletContextHandler@7c0053e6{/logs,file:///workdir/hadoop-ozone/integration-test/target/log,UNAVAILABLE}
2019-10-02 11:20:45,341 [IPC Server listener on 42362] INFO  ipc.Server (Server.java:run(1185)) - Stopping IPC Server listener on 42362
2019-10-02 11:20:45,346 [Thread-8322] INFO  server.StorageContainerManager (StorageContainerManager.java:stop(855)) - Stopping Block Manager Service.
2019-10-02 11:20:45,346 [Thread-8322] INFO  utils.BackgroundService (BackgroundService.java:shutdown(148)) - Shutting down service SCMBlockDeletingService
2019-10-02 11:20:45,347 [Thread-8322] INFO  utils.BackgroundService (BackgroundService.java:shutdown(148)) - Shutting down service SCMBlockDeletingService
2019-10-02 11:20:45,347 [Thread-8322] INFO  server.StorageContainerManager (StorageContainerManager.java:stop(877)) - Stopping SCM Event Queue.
2019-10-02 11:20:45,350 [Thread-8322] INFO  impl.MetricsSystemImpl (MetricsSystemImpl.java:stop(210)) - Stopping OzoneManager metrics system...
2019-10-02 11:20:45,366 [Thread-8322] INFO  impl.MetricsSystemImpl (MetricsSystemImpl.java:stop(216)) - OzoneManager metrics system stopped.
]]></system-out>
    <system-err><![CDATA[Oct 02, 2019 11:20:31 AM org.apache.ratis.thirdparty.io.grpc.internal.SerializingExecutor run
SEVERE: Exception while executing runnable org.apache.ratis.thirdparty.io.grpc.internal.ServerImpl$JumpToApplicationThreadServerStreamListener$1Closed@5a3bec01
org.apache.ratis.thirdparty.io.grpc.StatusRuntimeException: CANCELLED: call already cancelled
	at org.apache.ratis.thirdparty.io.grpc.Status.asRuntimeException(Status.java:517)
	at org.apache.ratis.thirdparty.io.grpc.stub.ServerCalls$ServerCallStreamObserverImpl.onCompleted(ServerCalls.java:356)
	at org.apache.ratis.grpc.server.GrpcServerProtocolService$ServerRequestStreamObserver.onError(GrpcServerProtocolService.java:121)
	at org.apache.ratis.thirdparty.io.grpc.stub.ServerCalls$StreamingServerCallHandler$StreamingServerCallListener.onCancel(ServerCalls.java:269)
	at org.apache.ratis.thirdparty.io.grpc.internal.ServerCallImpl$ServerStreamListenerImpl.closed(ServerCallImpl.java:293)
	at org.apache.ratis.thirdparty.io.grpc.internal.ServerImpl$JumpToApplicationThreadServerStreamListener$1Closed.runInContext(ServerImpl.java:741)
	at org.apache.ratis.thirdparty.io.grpc.internal.ContextRunnable.run(ContextRunnable.java:37)
	at org.apache.ratis.thirdparty.io.grpc.internal.SerializingExecutor.run(SerializingExecutor.java:123)
	at java.util.concurrent.ThreadPoolExecutor.runWorker(ThreadPoolExecutor.java:1149)
	at java.util.concurrent.ThreadPoolExecutor$Worker.run(ThreadPoolExecutor.java:624)
	at java.lang.Thread.run(Thread.java:748)

Oct 02, 2019 11:20:39 AM org.apache.ratis.thirdparty.io.grpc.internal.SerializingExecutor run
SEVERE: Exception while executing runnable org.apache.ratis.thirdparty.io.grpc.internal.ServerImpl$JumpToApplicationThreadServerStreamListener$1Closed@576d983e
org.apache.ratis.thirdparty.io.grpc.StatusRuntimeException: CANCELLED: call already cancelled
	at org.apache.ratis.thirdparty.io.grpc.Status.asRuntimeException(Status.java:517)
	at org.apache.ratis.thirdparty.io.grpc.stub.ServerCalls$ServerCallStreamObserverImpl.onCompleted(ServerCalls.java:356)
	at org.apache.ratis.grpc.server.GrpcServerProtocolService$ServerRequestStreamObserver.onError(GrpcServerProtocolService.java:121)
	at org.apache.ratis.thirdparty.io.grpc.stub.ServerCalls$StreamingServerCallHandler$StreamingServerCallListener.onCancel(ServerCalls.java:269)
	at org.apache.ratis.thirdparty.io.grpc.internal.ServerCallImpl$ServerStreamListenerImpl.closed(ServerCallImpl.java:293)
	at org.apache.ratis.thirdparty.io.grpc.internal.ServerImpl$JumpToApplicationThreadServerStreamListener$1Closed.runInContext(ServerImpl.java:741)
	at org.apache.ratis.thirdparty.io.grpc.internal.ContextRunnable.run(ContextRunnable.java:37)
	at org.apache.ratis.thirdparty.io.grpc.internal.SerializingExecutor.run(SerializingExecutor.java:123)
	at java.util.concurrent.ThreadPoolExecutor.runWorker(ThreadPoolExecutor.java:1149)
	at java.util.concurrent.ThreadPoolExecutor$Worker.run(ThreadPoolExecutor.java:624)
	at java.lang.Thread.run(Thread.java:748)

]]></system-err>
  </testcase>
</testsuite>