<?xml version="1.0" encoding="UTF-8"?>
<testsuite xmlns:xsi="http://www.w3.org/2001/XMLSchema-instance" xsi:noNamespaceSchemaLocation="https://maven.apache.org/surefire/maven-surefire-plugin/xsd/surefire-test-report.xsd" name="org.apache.hadoop.ozone.client.rpc.TestWatchForCommit" time="247.218" tests="5" errors="1" skipped="0" failures="0">
  <properties>
    <property name="awt.toolkit" value="sun.awt.X11.XToolkit"/>
    <property name="file.encoding.pkg" value="sun.io"/>
    <property name="java.specification.version" value="1.8"/>
    <property name="sun.cpu.isalist" value=""/>
    <property name="sun.jnu.encoding" value="UTF-8"/>
    <property name="java.class.path" value="/workdir/hadoop-ozone/integration-test/target/test-classes:/workdir/hadoop-ozone/integration-test/target/classes:/home/user/.m2/repository/org/apache/hadoop/hadoop-ozone-common/0.5.0-SNAPSHOT/hadoop-ozone-common-0.5.0-SNAPSHOT.jar:/home/user/.m2/repository/org/apache/commons/commons-compress/1.4.1/commons-compress-1.4.1.jar:/home/user/.m2/repository/org/tukaani/xz/1.0/xz-1.0.jar:/home/user/.m2/repository/org/apache/hadoop/hadoop-common/3.2.0/hadoop-common-3.2.0.jar:/home/user/.m2/repository/org/apache/hadoop/hadoop-hdfs/3.2.0/hadoop-hdfs-3.2.0.jar:/home/user/.m2/repository/org/apache/hadoop/hadoop-hdfs-client/3.2.0/hadoop-hdfs-client-3.2.0.jar:/home/user/.m2/repository/com/fasterxml/jackson/core/jackson-annotations/2.9.9/jackson-annotations-2.9.9.jar:/home/user/.m2/repository/org/apache/hadoop/hadoop-hdds-common/0.5.0-SNAPSHOT/hadoop-hdds-common-0.5.0-SNAPSHOT.jar:/home/user/.m2/repository/javax/annotation/javax.annotation-api/1.2/javax.annotation-api-1.2.jar:/home/user/.m2/repository/org/apache/ratis/ratis-server/0.5.0-201fc85-SNAPSHOT/ratis-server-0.5.0-201fc85-SNAPSHOT.jar:/home/user/.m2/repository/org/apache/ratis/ratis-thirdparty-misc/0.2.0/ratis-thirdparty-misc-0.2.0.jar:/home/user/.m2/repository/org/apache/ratis/ratis-proto/0.5.0-201fc85-SNAPSHOT/ratis-proto-0.5.0-201fc85-SNAPSHOT.jar:/home/user/.m2/repository/org/apache/ratis/ratis-common/0.5.0-201fc85-SNAPSHOT/ratis-common-0.5.0-201fc85-SNAPSHOT.jar:/home/user/.m2/repository/org/apache/ratis/ratis-client/0.5.0-201fc85-SNAPSHOT/ratis-client-0.5.0-201fc85-SNAPSHOT.jar:/home/user/.m2/repository/org/apache/ratis/ratis-metrics/0.5.0-201fc85-SNAPSHOT/ratis-metrics-0.5.0-201fc85-SNAPSHOT.jar:/home/user/.m2/repository/com/github/joshelser/dropwizard-metrics-hadoop-metrics2-reporter/0.1.2/dropwizard-metrics-hadoop-metrics2-reporter-0.1.2.jar:/home/user/.m2/repository/io/dropwizard/metrics/metrics-jvm/3.2.5/metrics-jvm-3.2.5.jar:/home/user/.m2/repository/io/dropwizard/metrics/metrics-ganglia/3.2.5/metrics-ganglia-3.2.5.jar:/home/user/.m2/repository/info/ganglia/gmetric4j/gmetric4j/1.0.7/gmetric4j-1.0.7.jar:/home/user/.m2/repository/org/apache/ratis/ratis-netty/0.5.0-201fc85-SNAPSHOT/ratis-netty-0.5.0-201fc85-SNAPSHOT.jar:/home/user/.m2/repository/org/apache/ratis/ratis-grpc/0.5.0-201fc85-SNAPSHOT/ratis-grpc-0.5.0-201fc85-SNAPSHOT.jar:/home/user/.m2/repository/org/rocksdb/rocksdbjni/6.0.1/rocksdbjni-6.0.1.jar:/home/user/.m2/repository/org/apache/logging/log4j/log4j-api/2.11.0/log4j-api-2.11.0.jar:/home/user/.m2/repository/org/apache/logging/log4j/log4j-core/2.11.0/log4j-core-2.11.0.jar:/home/user/.m2/repository/com/lmax/disruptor/3.4.2/disruptor-3.4.2.jar:/home/user/.m2/repository/org/apache/commons/commons-pool2/2.6.0/commons-pool2-2.6.0.jar:/home/user/.m2/repository/org/bouncycastle/bcpkix-jdk15on/1.60/bcpkix-jdk15on-1.60.jar:/home/user/.m2/repository/commons-validator/commons-validator/1.6/commons-validator-1.6.jar:/home/user/.m2/repository/commons-digester/commons-digester/1.8.1/commons-digester-1.8.1.jar:/home/user/.m2/repository/io/jaegertracing/jaeger-client/0.34.0/jaeger-client-0.34.0.jar:/home/user/.m2/repository/io/jaegertracing/jaeger-thrift/0.34.0/jaeger-thrift-0.34.0.jar:/home/user/.m2/repository/org/apache/thrift/libthrift/0.12.0/libthrift-0.12.0.jar:/home/user/.m2/repository/com/squareup/okhttp3/okhttp/3.9.0/okhttp-3.9.0.jar:/home/user/.m2/repository/com/squareup/okio/okio/1.13.0/okio-1.13.0.jar:/home/user/.m2/repository/io/jaegertracing/jaeger-core/0.34.0/jaeger-core-0.34.0.jar:/home/user/.m2/repository/io/jaegertracing/jaeger-tracerresolver/0.34.0/jaeger-tracerresolver-0.34.0.jar:/home/user/.m2/repository/io/opentracing/contrib/opentracing-tracerresolver/0.1.5/opentracing-tracerresolver-0.1.5.jar:/home/user/.m2/repository/io/opentracing/opentracing-util/0.31.0/opentracing-util-0.31.0.jar:/home/user/.m2/repository/io/opentracing/opentracing-api/0.31.0/opentracing-api-0.31.0.jar:/home/user/.m2/repository/io/opentracing/opentracing-noop/0.31.0/opentracing-noop-0.31.0.jar:/home/user/.m2/repository/org/apache/hadoop/hadoop-hdds-server-framework/0.5.0-SNAPSHOT/hadoop-hdds-server-framework-0.5.0-SNAPSHOT.jar:/home/user/.m2/repository/org/apache/hadoop/hadoop-hdds-container-service/0.5.0-SNAPSHOT/hadoop-hdds-container-service-0.5.0-SNAPSHOT.jar:/home/user/.m2/repository/org/apache/hadoop/hadoop-hdds-client/0.5.0-SNAPSHOT/hadoop-hdds-client-0.5.0-SNAPSHOT.jar:/home/user/.m2/repository/org/apache/hadoop/hadoop-hdds-tools/0.5.0-SNAPSHOT/hadoop-hdds-tools-0.5.0-SNAPSHOT.jar:/home/user/.m2/repository/org/apache/hadoop/hadoop-hdds-server-scm/0.5.0-SNAPSHOT/hadoop-hdds-server-scm-0.5.0-SNAPSHOT.jar:/home/user/.m2/repository/org/apache/hadoop/hadoop-hdds-docs/0.5.0-SNAPSHOT/hadoop-hdds-docs-0.5.0-SNAPSHOT.jar:/home/user/.m2/repository/io/dropwizard/metrics/metrics-core/3.2.4/metrics-core-3.2.4.jar:/home/user/.m2/repository/org/hamcrest/hamcrest-all/1.3/hamcrest-all-1.3.jar:/home/user/.m2/repository/org/bouncycastle/bcprov-jdk15on/1.60/bcprov-jdk15on-1.60.jar:/home/user/.m2/repository/info/picocli/picocli/3.9.6/picocli-3.9.6.jar:/home/user/.m2/repository/com/google/protobuf/protobuf-java/2.5.0/protobuf-java-2.5.0.jar:/home/user/.m2/repository/com/google/guava/guava/11.0.2/guava-11.0.2.jar:/home/user/.m2/repository/org/apache/hadoop/hadoop-ozone-ozone-manager/0.5.0-SNAPSHOT/hadoop-ozone-ozone-manager-0.5.0-SNAPSHOT.jar:/home/user/.m2/repository/org/apache/hadoop/hadoop-minikdc/3.2.0/hadoop-minikdc-3.2.0.jar:/home/user/.m2/repository/commons-io/commons-io/2.5/commons-io-2.5.jar:/home/user/.m2/repository/org/apache/kerby/kerb-simplekdc/1.0.1/kerb-simplekdc-1.0.1.jar:/home/user/.m2/repository/org/apache/kerby/kerb-client/1.0.1/kerb-client-1.0.1.jar:/home/user/.m2/repository/org/apache/kerby/kerby-config/1.0.1/kerby-config-1.0.1.jar:/home/user/.m2/repository/org/apache/kerby/kerb-core/1.0.1/kerb-core-1.0.1.jar:/home/user/.m2/repository/org/apache/kerby/kerby-pkix/1.0.1/kerby-pkix-1.0.1.jar:/home/user/.m2/repository/org/apache/kerby/kerby-asn1/1.0.1/kerby-asn1-1.0.1.jar:/home/user/.m2/repository/org/apache/kerby/kerby-util/1.0.1/kerby-util-1.0.1.jar:/home/user/.m2/repository/org/apache/kerby/kerb-common/1.0.1/kerb-common-1.0.1.jar:/home/user/.m2/repository/org/apache/kerby/kerb-crypto/1.0.1/kerb-crypto-1.0.1.jar:/home/user/.m2/repository/org/apache/kerby/kerb-util/1.0.1/kerb-util-1.0.1.jar:/home/user/.m2/repository/org/apache/kerby/token-provider/1.0.1/token-provider-1.0.1.jar:/home/user/.m2/repository/org/apache/kerby/kerb-admin/1.0.1/kerb-admin-1.0.1.jar:/home/user/.m2/repository/org/apache/kerby/kerb-server/1.0.1/kerb-server-1.0.1.jar:/home/user/.m2/repository/org/apache/kerby/kerb-identity/1.0.1/kerb-identity-1.0.1.jar:/home/user/.m2/repository/org/apache/kerby/kerby-xdr/1.0.1/kerby-xdr-1.0.1.jar:/home/user/.m2/repository/org/slf4j/slf4j-log4j12/1.7.25/slf4j-log4j12-1.7.25.jar:/home/user/.m2/repository/org/apache/hadoop/hadoop-ozone-s3gateway/0.5.0-SNAPSHOT/hadoop-ozone-s3gateway-0.5.0-SNAPSHOT.jar:/home/user/.m2/repository/org/jboss/weld/servlet/weld-servlet/2.4.7.Final/weld-servlet-2.4.7.Final.jar:/home/user/.m2/repository/org/glassfish/jersey/containers/jersey-container-servlet-core/2.27/jersey-container-servlet-core-2.27.jar:/home/user/.m2/repository/org/glassfish/hk2/external/javax.inject/2.5.0-b42/javax.inject-2.5.0-b42.jar:/home/user/.m2/repository/org/glassfish/jersey/core/jersey-common/2.27/jersey-common-2.27.jar:/home/user/.m2/repository/org/glassfish/hk2/osgi-resource-locator/1.0.1/osgi-resource-locator-1.0.1.jar:/home/user/.m2/repository/javax/ws/rs/javax.ws.rs-api/2.1/javax.ws.rs-api-2.1.jar:/home/user/.m2/repository/org/glassfish/jersey/ext/cdi/jersey-cdi1x/2.27/jersey-cdi1x-2.27.jar:/home/user/.m2/repository/org/glassfish/jersey/inject/jersey-hk2/2.27/jersey-hk2-2.27.jar:/home/user/.m2/repository/org/glassfish/hk2/hk2-locator/2.5.0-b42/hk2-locator-2.5.0-b42.jar:/home/user/.m2/repository/org/javassist/javassist/3.22.0-CR2/javassist-3.22.0-CR2.jar:/home/user/.m2/repository/org/glassfish/hk2/hk2-api/2.5.0/hk2-api-2.5.0.jar:/home/user/.m2/repository/org/glassfish/hk2/external/jakarta.inject/2.5.0/jakarta.inject-2.5.0.jar:/home/user/.m2/repository/org/glassfish/hk2/hk2-utils/2.5.0/hk2-utils-2.5.0.jar:/home/user/.m2/repository/jakarta/annotation/jakarta.annotation-api/1.3.4/jakarta.annotation-api-1.3.4.jar:/home/user/.m2/repository/org/glassfish/hk2/external/aopalliance-repackaged/2.5.0/aopalliance-repackaged-2.5.0.jar:/home/user/.m2/repository/com/fasterxml/jackson/dataformat/jackson-dataformat-xml/2.9.0/jackson-dataformat-xml-2.9.0.jar:/home/user/.m2/repository/com/fasterxml/jackson/core/jackson-core/2.9.9/jackson-core-2.9.9.jar:/home/user/.m2/repository/com/fasterxml/jackson/module/jackson-module-jaxb-annotations/2.9.9/jackson-module-jaxb-annotations-2.9.9.jar:/home/user/.m2/repository/javax/enterprise/cdi-api/1.2/cdi-api-1.2.jar:/home/user/.m2/repository/javax/el/javax.el-api/3.0.0/javax.el-api-3.0.0.jar:/home/user/.m2/repository/javax/interceptor/javax.interceptor-api/1.2/javax.interceptor-api-1.2.jar:/home/user/.m2/repository/javax/inject/javax.inject/1/javax.inject-1.jar:/home/user/.m2/repository/com/sun/xml/bind/jaxb-impl/2.3.0.1/jaxb-impl-2.3.0.1.jar:/home/user/.m2/repository/com/sun/xml/bind/jaxb-core/2.3.0.1/jaxb-core-2.3.0.1.jar:/home/user/.m2/repository/javax/xml/bind/jaxb-api/2.3.0/jaxb-api-2.3.0.jar:/home/user/.m2/repository/javax/activation/activation/1.1.1/activation-1.1.1.jar:/home/user/.m2/repository/org/apache/hadoop/hadoop-ozone-csi/0.5.0-SNAPSHOT/hadoop-ozone-csi-0.5.0-SNAPSHOT.jar:/home/user/.m2/repository/com/google/protobuf/protobuf-java-util/3.5.1/protobuf-java-util-3.5.1.jar:/home/user/.m2/repository/org/apache/hadoop/hadoop-hdds-config/0.5.0-SNAPSHOT/hadoop-hdds-config-0.5.0-SNAPSHOT.jar:/home/user/.m2/repository/io/grpc/grpc-netty/1.17.1/grpc-netty-1.17.1.jar:/home/user/.m2/repository/io/grpc/grpc-core/1.17.1/grpc-core-1.17.1.jar:/home/user/.m2/repository/io/grpc/grpc-context/1.17.1/grpc-context-1.17.1.jar:/home/user/.m2/repository/com/google/errorprone/error_prone_annotations/2.2.0/error_prone_annotations-2.2.0.jar:/home/user/.m2/repository/org/codehaus/mojo/animal-sniffer-annotations/1.17/animal-sniffer-annotations-1.17.jar:/home/user/.m2/repository/io/opencensus/opencensus-api/0.17.0/opencensus-api-0.17.0.jar:/home/user/.m2/repository/io/opencensus/opencensus-contrib-grpc-metrics/0.17.0/opencensus-contrib-grpc-metrics-0.17.0.jar:/home/user/.m2/repository/io/netty/netty-codec-http2/4.1.30.Final/netty-codec-http2-4.1.30.Final.jar:/home/user/.m2/repository/io/netty/netty-codec-http/4.1.30.Final/netty-codec-http-4.1.30.Final.jar:/home/user/.m2/repository/io/netty/netty-codec/4.1.30.Final/netty-codec-4.1.30.Final.jar:/home/user/.m2/repository/io/netty/netty-handler/4.1.30.Final/netty-handler-4.1.30.Final.jar:/home/user/.m2/repository/io/netty/netty-handler-proxy/4.1.30.Final/netty-handler-proxy-4.1.30.Final.jar:/home/user/.m2/repository/io/netty/netty-codec-socks/4.1.30.Final/netty-codec-socks-4.1.30.Final.jar:/home/user/.m2/repository/io/netty/netty-transport-native-epoll/4.1.30.Final/netty-transport-native-epoll-4.1.30.Final.jar:/home/user/.m2/repository/io/netty/netty-common/4.1.30.Final/netty-common-4.1.30.Final.jar:/home/user/.m2/repository/io/netty/netty-buffer/4.1.30.Final/netty-buffer-4.1.30.Final.jar:/home/user/.m2/repository/io/netty/netty-transport/4.1.30.Final/netty-transport-4.1.30.Final.jar:/home/user/.m2/repository/io/netty/netty-resolver/4.1.30.Final/netty-resolver-4.1.30.Final.jar:/home/user/.m2/repository/io/netty/netty-transport-native-unix-common/4.1.30.Final/netty-transport-native-unix-common-4.1.30.Final.jar:/home/user/.m2/repository/io/grpc/grpc-protobuf/1.17.1/grpc-protobuf-1.17.1.jar:/home/user/.m2/repository/com/google/api/grpc/proto-google-common-protos/1.0.0/proto-google-common-protos-1.0.0.jar:/home/user/.m2/repository/io/grpc/grpc-protobuf-lite/1.17.1/grpc-protobuf-lite-1.17.1.jar:/home/user/.m2/repository/io/grpc/grpc-stub/1.17.1/grpc-stub-1.17.1.jar:/home/user/.m2/repository/org/apache/hadoop/hadoop-ozone-recon/0.5.0-SNAPSHOT/hadoop-ozone-recon-0.5.0-SNAPSHOT.jar:/home/user/.m2/repository/org/apache/hadoop/hadoop-ozone-reconcodegen/0.5.0-SNAPSHOT/hadoop-ozone-reconcodegen-0.5.0-SNAPSHOT.jar:/home/user/.m2/repository/com/google/inject/extensions/guice-multibindings/4.0/guice-multibindings-4.0.jar:/home/user/.m2/repository/com/google/inject/guice/4.0/guice-4.0.jar:/home/user/.m2/repository/aopalliance/aopalliance/1.0/aopalliance-1.0.jar:/home/user/.m2/repository/com/google/inject/extensions/guice-servlet/4.0/guice-servlet-4.0.jar:/home/user/.m2/repository/org/glassfish/jersey/containers/jersey-container-servlet/2.27/jersey-container-servlet-2.27.jar:/home/user/.m2/repository/org/glassfish/hk2/guice-bridge/2.5.0/guice-bridge-2.5.0.jar:/home/user/.m2/repository/org/glassfish/jersey/core/jersey-server/2.27/jersey-server-2.27.jar:/home/user/.m2/repository/org/glassfish/jersey/core/jersey-client/2.27/jersey-client-2.27.jar:/home/user/.m2/repository/org/glassfish/jersey/media/jersey-media-jaxb/2.27/jersey-media-jaxb-2.27.jar:/home/user/.m2/repository/javax/validation/validation-api/1.1.0.Final/validation-api-1.1.0.Final.jar:/home/user/.m2/repository/org/glassfish/jersey/media/jersey-media-json-jackson/2.27/jersey-media-json-jackson-2.27.jar:/home/user/.m2/repository/org/glassfish/jersey/ext/jersey-entity-filtering/2.27/jersey-entity-filtering-2.27.jar:/home/user/.m2/repository/com/google/inject/extensions/guice-assistedinject/4.0/guice-assistedinject-4.0.jar:/home/user/.m2/repository/org/jooq/jooq/3.11.10/jooq-3.11.10.jar:/home/user/.m2/repository/org/jooq/jooq-meta/3.11.10/jooq-meta-3.11.10.jar:/home/user/.m2/repository/org/jooq/jooq-codegen/3.11.10/jooq-codegen-3.11.10.jar:/home/user/.m2/repository/com/jolbox/bonecp/0.8.0.RELEASE/bonecp-0.8.0.RELEASE.jar:/home/user/.m2/repository/org/xerial/sqlite-jdbc/3.25.2/sqlite-jdbc-3.25.2.jar:/home/user/.m2/repository/org/springframework/spring-jdbc/5.1.3.RELEASE/spring-jdbc-5.1.3.RELEASE.jar:/home/user/.m2/repository/org/springframework/spring-beans/5.1.3.RELEASE/spring-beans-5.1.3.RELEASE.jar:/home/user/.m2/repository/org/springframework/spring-core/5.1.3.RELEASE/spring-core-5.1.3.RELEASE.jar:/home/user/.m2/repository/org/springframework/spring-jcl/5.1.3.RELEASE/spring-jcl-5.1.3.RELEASE.jar:/home/user/.m2/repository/org/springframework/spring-tx/5.1.3.RELEASE/spring-tx-5.1.3.RELEASE.jar:/home/user/.m2/repository/org/apache/hadoop/hadoop-ozone-client/0.5.0-SNAPSHOT/hadoop-ozone-client-0.5.0-SNAPSHOT.jar:/home/user/.m2/repository/commons-lang/commons-lang/2.6/commons-lang-2.6.jar:/home/user/.m2/repository/org/apache/hadoop/hadoop-ozone-ozone-manager/0.5.0-SNAPSHOT/hadoop-ozone-ozone-manager-0.5.0-SNAPSHOT-tests.jar:/home/user/.m2/repository/junit/junit/4.11/junit-4.11.jar:/home/user/.m2/repository/org/hamcrest/hamcrest-core/1.3/hamcrest-core-1.3.jar:/home/user/.m2/repository/org/openjdk/jmh/jmh-core/1.19/jmh-core-1.19.jar:/home/user/.m2/repository/net/sf/jopt-simple/jopt-simple/4.6/jopt-simple-4.6.jar:/home/user/.m2/repository/org/apache/commons/commons-math3/3.1.1/commons-math3-3.1.1.jar:/home/user/.m2/repository/org/openjdk/jmh/jmh-generator-annprocess/1.19/jmh-generator-annprocess-1.19.jar:/home/user/.m2/repository/org/mockito/mockito-all/1.8.5/mockito-all-1.8.5.jar:/home/user/.m2/repository/org/apache/hadoop/hadoop-kms/3.2.0/hadoop-kms-3.2.0.jar:/home/user/.m2/repository/org/apache/hadoop/hadoop-auth/3.2.0/hadoop-auth-3.2.0.jar:/home/user/.m2/repository/com/nimbusds/nimbus-jose-jwt/4.41.1/nimbus-jose-jwt-4.41.1.jar:/home/user/.m2/repository/com/github/stephenc/jcip/jcip-annotations/1.0-1/jcip-annotations-1.0-1.jar:/home/user/.m2/repository/net/minidev/json-smart/2.3/json-smart-2.3.jar:/home/user/.m2/repository/net/minidev/accessors-smart/1.2/accessors-smart-1.2.jar:/home/user/.m2/repository/org/ow2/asm/asm/5.0.4/asm-5.0.4.jar:/home/user/.m2/repository/org/apache/curator/curator-framework/2.12.0/curator-framework-2.12.0.jar:/home/user/.m2/repository/com/sun/jersey/jersey-core/1.19/jersey-core-1.19.jar:/home/user/.m2/repository/javax/ws/rs/jsr311-api/1.1.1/jsr311-api-1.1.1.jar:/home/user/.m2/repository/com/sun/jersey/jersey-server/1.19/jersey-server-1.19.jar:/home/user/.m2/repository/javax/servlet/javax.servlet-api/3.1.0/javax.servlet-api-3.1.0.jar:/home/user/.m2/repository/org/eclipse/jetty/jetty-server/9.3.25.v20180904/jetty-server-9.3.25.v20180904.jar:/home/user/.m2/repository/org/eclipse/jetty/jetty-http/9.3.25.v20180904/jetty-http-9.3.25.v20180904.jar:/home/user/.m2/repository/org/eclipse/jetty/jetty-io/9.3.25.v20180904/jetty-io-9.3.25.v20180904.jar:/home/user/.m2/repository/org/eclipse/jetty/jetty-webapp/9.3.25.v20180904/jetty-webapp-9.3.25.v20180904.jar:/home/user/.m2/repository/org/eclipse/jetty/jetty-xml/9.3.25.v20180904/jetty-xml-9.3.25.v20180904.jar:/home/user/.m2/repository/log4j/log4j/1.2.17/log4j-1.2.17.jar:/home/user/.m2/repository/org/slf4j/slf4j-api/1.7.25/slf4j-api-1.7.25.jar:/home/user/.m2/repository/org/slf4j/jul-to-slf4j/1.7.25/jul-to-slf4j-1.7.25.jar:/home/user/.m2/repository/org/eclipse/jetty/jetty-util/9.3.25.v20180904/jetty-util-9.3.25.v20180904.jar:/home/user/.m2/repository/com/fasterxml/jackson/core/jackson-databind/2.9.9/jackson-databind-2.9.9.jar:/home/user/.m2/repository/org/apache/hadoop/hadoop-kms/3.2.0/hadoop-kms-3.2.0-tests.jar:/home/user/.m2/repository/org/apache/hadoop/hadoop-hdds-server-scm/0.5.0-SNAPSHOT/hadoop-hdds-server-scm-0.5.0-SNAPSHOT-tests.jar:/home/user/.m2/repository/org/apache/hadoop/hadoop-hdds-container-service/0.5.0-SNAPSHOT/hadoop-hdds-container-service-0.5.0-SNAPSHOT-tests.jar:/home/user/.m2/repository/org/yaml/snakeyaml/1.16/snakeyaml-1.16.jar:/home/user/.m2/repository/org/apache/hadoop/hadoop-common/3.2.0/hadoop-common-3.2.0-tests.jar:/home/user/.m2/repository/org/apache/hadoop/hadoop-annotations/3.2.0/hadoop-annotations-3.2.0.jar:/usr/lib/jvm/java-1.8-openjdk/jre/../lib/tools.jar:/home/user/.m2/repository/commons-cli/commons-cli/1.2/commons-cli-1.2.jar:/home/user/.m2/repository/org/apache/httpcomponents/httpclient/4.5.2/httpclient-4.5.2.jar:/home/user/.m2/repository/org/apache/httpcomponents/httpcore/4.4.4/httpcore-4.4.4.jar:/home/user/.m2/repository/commons-codec/commons-codec/1.11/commons-codec-1.11.jar:/home/user/.m2/repository/commons-net/commons-net/3.6/commons-net-3.6.jar:/home/user/.m2/repository/commons-collections/commons-collections/3.2.2/commons-collections-3.2.2.jar:/home/user/.m2/repository/org/eclipse/jetty/jetty-servlet/9.3.25.v20180904/jetty-servlet-9.3.25.v20180904.jar:/home/user/.m2/repository/org/eclipse/jetty/jetty-security/9.3.25.v20180904/jetty-security-9.3.25.v20180904.jar:/home/user/.m2/repository/javax/servlet/jsp/jsp-api/2.1/jsp-api-2.1.jar:/home/user/.m2/repository/com/sun/jersey/jersey-servlet/1.19/jersey-servlet-1.19.jar:/home/user/.m2/repository/com/sun/jersey/jersey-json/1.19/jersey-json-1.19.jar:/home/user/.m2/repository/org/codehaus/jettison/jettison/1.1/jettison-1.1.jar:/home/user/.m2/repository/org/codehaus/jackson/jackson-core-asl/1.9.13/jackson-core-asl-1.9.13.jar:/home/user/.m2/repository/org/codehaus/jackson/jackson-mapper-asl/1.9.13/jackson-mapper-asl-1.9.13.jar:/home/user/.m2/repository/org/codehaus/jackson/jackson-jaxrs/1.9.13/jackson-jaxrs-1.9.13.jar:/home/user/.m2/repository/org/codehaus/jackson/jackson-xc/1.9.13/jackson-xc-1.9.13.jar:/home/user/.m2/repository/commons-logging/commons-logging/1.1.3/commons-logging-1.1.3.jar:/home/user/.m2/repository/commons-beanutils/commons-beanutils/1.9.4/commons-beanutils-1.9.4.jar:/home/user/.m2/repository/org/apache/commons/commons-configuration2/2.1.1/commons-configuration2-2.1.1.jar:/home/user/.m2/repository/org/apache/commons/commons-lang3/3.7/commons-lang3-3.7.jar:/home/user/.m2/repository/org/apache/commons/commons-text/1.4/commons-text-1.4.jar:/home/user/.m2/repository/org/apache/avro/avro/1.7.7/avro-1.7.7.jar:/home/user/.m2/repository/com/thoughtworks/paranamer/paranamer/2.3/paranamer-2.3.jar:/home/user/.m2/repository/org/xerial/snappy/snappy-java/1.0.5/snappy-java-1.0.5.jar:/home/user/.m2/repository/com/google/re2j/re2j/1.1/re2j-1.1.jar:/home/user/.m2/repository/com/google/code/gson/gson/2.2.4/gson-2.2.4.jar:/home/user/.m2/repository/com/jcraft/jsch/0.1.54/jsch-0.1.54.jar:/home/user/.m2/repository/org/apache/curator/curator-client/2.12.0/curator-client-2.12.0.jar:/home/user/.m2/repository/org/apache/curator/curator-recipes/2.12.0/curator-recipes-2.12.0.jar:/home/user/.m2/repository/com/google/code/findbugs/jsr305/3.0.0/jsr305-3.0.0.jar:/home/user/.m2/repository/org/apache/htrace/htrace-core4/4.1.0-incubating/htrace-core4-4.1.0-incubating.jar:/home/user/.m2/repository/org/apache/zookeeper/zookeeper/3.4.13/zookeeper-3.4.13.jar:/home/user/.m2/repository/jline/jline/0.9.94/jline-0.9.94.jar:/home/user/.m2/repository/org/apache/yetus/audience-annotations/0.5.0/audience-annotations-0.5.0.jar:/home/user/.m2/repository/org/codehaus/woodstox/stax2-api/3.1.4/stax2-api-3.1.4.jar:/home/user/.m2/repository/com/fasterxml/woodstox/woodstox-core/5.0.3/woodstox-core-5.0.3.jar:/home/user/.m2/repository/dnsjava/dnsjava/2.1.7/dnsjava-2.1.7.jar:/home/user/.m2/repository/org/apache/hadoop/hadoop-hdfs/3.2.0/hadoop-hdfs-3.2.0-tests.jar:/home/user/.m2/repository/org/eclipse/jetty/jetty-util-ajax/9.3.25.v20180904/jetty-util-ajax-9.3.25.v20180904.jar:/home/user/.m2/repository/commons-daemon/commons-daemon/1.0.13/commons-daemon-1.0.13.jar:/home/user/.m2/repository/io/netty/netty/3.10.5.Final/netty-3.10.5.Final.jar:/home/user/.m2/repository/io/netty/netty-all/4.0.52.Final/netty-all-4.0.52.Final.jar:/home/user/.m2/repository/org/fusesource/leveldbjni/leveldbjni-all/1.8/leveldbjni-all-1.8.jar:"/>
    <property name="java.vm.vendor" value="IcedTea"/>
    <property name="sun.arch.data.model" value="64"/>
    <property name="test.build.dir" value="/workdir/hadoop-ozone/integration-test/target/test-dir"/>
    <property name="test.cache.data" value=""/>
    <property name="java.vendor.url" value="https://icedtea.classpath.org"/>
    <property name="user.timezone" value=""/>
    <property name="java.vm.specification.version" value="1.8"/>
    <property name="os.name" value="Linux"/>
    <property name="test.build.data" value="/workdir/hadoop-ozone/integration-test/target/test-dir"/>
    <property name="user.country" value="US"/>
    <property name="sun.java.launcher" value="SUN_STANDARD"/>
    <property name="sun.boot.library.path" value="/usr/lib/jvm/java-1.8-openjdk/jre/lib/amd64"/>
    <property name="sun.java.command" value="/workdir/hadoop-ozone/integration-test/target/surefire/surefirebooter6290746152768120710.jar /workdir/hadoop-ozone/integration-test/target/surefire 2019-10-02T10-56-57_943-jvmRun1 surefire1123559396040948716tmp surefire_618037105331654456172tmp"/>
    <property name="test" value="!TestMiniChaosOzoneCluster"/>
    <property name="surefire.test.class.path" value="/workdir/hadoop-ozone/integration-test/target/test-classes:/workdir/hadoop-ozone/integration-test/target/classes:/home/user/.m2/repository/org/apache/hadoop/hadoop-ozone-common/0.5.0-SNAPSHOT/hadoop-ozone-common-0.5.0-SNAPSHOT.jar:/home/user/.m2/repository/org/apache/commons/commons-compress/1.4.1/commons-compress-1.4.1.jar:/home/user/.m2/repository/org/tukaani/xz/1.0/xz-1.0.jar:/home/user/.m2/repository/org/apache/hadoop/hadoop-common/3.2.0/hadoop-common-3.2.0.jar:/home/user/.m2/repository/org/apache/hadoop/hadoop-hdfs/3.2.0/hadoop-hdfs-3.2.0.jar:/home/user/.m2/repository/org/apache/hadoop/hadoop-hdfs-client/3.2.0/hadoop-hdfs-client-3.2.0.jar:/home/user/.m2/repository/com/fasterxml/jackson/core/jackson-annotations/2.9.9/jackson-annotations-2.9.9.jar:/home/user/.m2/repository/org/apache/hadoop/hadoop-hdds-common/0.5.0-SNAPSHOT/hadoop-hdds-common-0.5.0-SNAPSHOT.jar:/home/user/.m2/repository/javax/annotation/javax.annotation-api/1.2/javax.annotation-api-1.2.jar:/home/user/.m2/repository/org/apache/ratis/ratis-server/0.5.0-201fc85-SNAPSHOT/ratis-server-0.5.0-201fc85-SNAPSHOT.jar:/home/user/.m2/repository/org/apache/ratis/ratis-thirdparty-misc/0.2.0/ratis-thirdparty-misc-0.2.0.jar:/home/user/.m2/repository/org/apache/ratis/ratis-proto/0.5.0-201fc85-SNAPSHOT/ratis-proto-0.5.0-201fc85-SNAPSHOT.jar:/home/user/.m2/repository/org/apache/ratis/ratis-common/0.5.0-201fc85-SNAPSHOT/ratis-common-0.5.0-201fc85-SNAPSHOT.jar:/home/user/.m2/repository/org/apache/ratis/ratis-client/0.5.0-201fc85-SNAPSHOT/ratis-client-0.5.0-201fc85-SNAPSHOT.jar:/home/user/.m2/repository/org/apache/ratis/ratis-metrics/0.5.0-201fc85-SNAPSHOT/ratis-metrics-0.5.0-201fc85-SNAPSHOT.jar:/home/user/.m2/repository/com/github/joshelser/dropwizard-metrics-hadoop-metrics2-reporter/0.1.2/dropwizard-metrics-hadoop-metrics2-reporter-0.1.2.jar:/home/user/.m2/repository/io/dropwizard/metrics/metrics-jvm/3.2.5/metrics-jvm-3.2.5.jar:/home/user/.m2/repository/io/dropwizard/metrics/metrics-ganglia/3.2.5/metrics-ganglia-3.2.5.jar:/home/user/.m2/repository/info/ganglia/gmetric4j/gmetric4j/1.0.7/gmetric4j-1.0.7.jar:/home/user/.m2/repository/org/apache/ratis/ratis-netty/0.5.0-201fc85-SNAPSHOT/ratis-netty-0.5.0-201fc85-SNAPSHOT.jar:/home/user/.m2/repository/org/apache/ratis/ratis-grpc/0.5.0-201fc85-SNAPSHOT/ratis-grpc-0.5.0-201fc85-SNAPSHOT.jar:/home/user/.m2/repository/org/rocksdb/rocksdbjni/6.0.1/rocksdbjni-6.0.1.jar:/home/user/.m2/repository/org/apache/logging/log4j/log4j-api/2.11.0/log4j-api-2.11.0.jar:/home/user/.m2/repository/org/apache/logging/log4j/log4j-core/2.11.0/log4j-core-2.11.0.jar:/home/user/.m2/repository/com/lmax/disruptor/3.4.2/disruptor-3.4.2.jar:/home/user/.m2/repository/org/apache/commons/commons-pool2/2.6.0/commons-pool2-2.6.0.jar:/home/user/.m2/repository/org/bouncycastle/bcpkix-jdk15on/1.60/bcpkix-jdk15on-1.60.jar:/home/user/.m2/repository/commons-validator/commons-validator/1.6/commons-validator-1.6.jar:/home/user/.m2/repository/commons-digester/commons-digester/1.8.1/commons-digester-1.8.1.jar:/home/user/.m2/repository/io/jaegertracing/jaeger-client/0.34.0/jaeger-client-0.34.0.jar:/home/user/.m2/repository/io/jaegertracing/jaeger-thrift/0.34.0/jaeger-thrift-0.34.0.jar:/home/user/.m2/repository/org/apache/thrift/libthrift/0.12.0/libthrift-0.12.0.jar:/home/user/.m2/repository/com/squareup/okhttp3/okhttp/3.9.0/okhttp-3.9.0.jar:/home/user/.m2/repository/com/squareup/okio/okio/1.13.0/okio-1.13.0.jar:/home/user/.m2/repository/io/jaegertracing/jaeger-core/0.34.0/jaeger-core-0.34.0.jar:/home/user/.m2/repository/io/jaegertracing/jaeger-tracerresolver/0.34.0/jaeger-tracerresolver-0.34.0.jar:/home/user/.m2/repository/io/opentracing/contrib/opentracing-tracerresolver/0.1.5/opentracing-tracerresolver-0.1.5.jar:/home/user/.m2/repository/io/opentracing/opentracing-util/0.31.0/opentracing-util-0.31.0.jar:/home/user/.m2/repository/io/opentracing/opentracing-api/0.31.0/opentracing-api-0.31.0.jar:/home/user/.m2/repository/io/opentracing/opentracing-noop/0.31.0/opentracing-noop-0.31.0.jar:/home/user/.m2/repository/org/apache/hadoop/hadoop-hdds-server-framework/0.5.0-SNAPSHOT/hadoop-hdds-server-framework-0.5.0-SNAPSHOT.jar:/home/user/.m2/repository/org/apache/hadoop/hadoop-hdds-container-service/0.5.0-SNAPSHOT/hadoop-hdds-container-service-0.5.0-SNAPSHOT.jar:/home/user/.m2/repository/org/apache/hadoop/hadoop-hdds-client/0.5.0-SNAPSHOT/hadoop-hdds-client-0.5.0-SNAPSHOT.jar:/home/user/.m2/repository/org/apache/hadoop/hadoop-hdds-tools/0.5.0-SNAPSHOT/hadoop-hdds-tools-0.5.0-SNAPSHOT.jar:/home/user/.m2/repository/org/apache/hadoop/hadoop-hdds-server-scm/0.5.0-SNAPSHOT/hadoop-hdds-server-scm-0.5.0-SNAPSHOT.jar:/home/user/.m2/repository/org/apache/hadoop/hadoop-hdds-docs/0.5.0-SNAPSHOT/hadoop-hdds-docs-0.5.0-SNAPSHOT.jar:/home/user/.m2/repository/io/dropwizard/metrics/metrics-core/3.2.4/metrics-core-3.2.4.jar:/home/user/.m2/repository/org/hamcrest/hamcrest-all/1.3/hamcrest-all-1.3.jar:/home/user/.m2/repository/org/bouncycastle/bcprov-jdk15on/1.60/bcprov-jdk15on-1.60.jar:/home/user/.m2/repository/info/picocli/picocli/3.9.6/picocli-3.9.6.jar:/home/user/.m2/repository/com/google/protobuf/protobuf-java/2.5.0/protobuf-java-2.5.0.jar:/home/user/.m2/repository/com/google/guava/guava/11.0.2/guava-11.0.2.jar:/home/user/.m2/repository/org/apache/hadoop/hadoop-ozone-ozone-manager/0.5.0-SNAPSHOT/hadoop-ozone-ozone-manager-0.5.0-SNAPSHOT.jar:/home/user/.m2/repository/org/apache/hadoop/hadoop-minikdc/3.2.0/hadoop-minikdc-3.2.0.jar:/home/user/.m2/repository/commons-io/commons-io/2.5/commons-io-2.5.jar:/home/user/.m2/repository/org/apache/kerby/kerb-simplekdc/1.0.1/kerb-simplekdc-1.0.1.jar:/home/user/.m2/repository/org/apache/kerby/kerb-client/1.0.1/kerb-client-1.0.1.jar:/home/user/.m2/repository/org/apache/kerby/kerby-config/1.0.1/kerby-config-1.0.1.jar:/home/user/.m2/repository/org/apache/kerby/kerb-core/1.0.1/kerb-core-1.0.1.jar:/home/user/.m2/repository/org/apache/kerby/kerby-pkix/1.0.1/kerby-pkix-1.0.1.jar:/home/user/.m2/repository/org/apache/kerby/kerby-asn1/1.0.1/kerby-asn1-1.0.1.jar:/home/user/.m2/repository/org/apache/kerby/kerby-util/1.0.1/kerby-util-1.0.1.jar:/home/user/.m2/repository/org/apache/kerby/kerb-common/1.0.1/kerb-common-1.0.1.jar:/home/user/.m2/repository/org/apache/kerby/kerb-crypto/1.0.1/kerb-crypto-1.0.1.jar:/home/user/.m2/repository/org/apache/kerby/kerb-util/1.0.1/kerb-util-1.0.1.jar:/home/user/.m2/repository/org/apache/kerby/token-provider/1.0.1/token-provider-1.0.1.jar:/home/user/.m2/repository/org/apache/kerby/kerb-admin/1.0.1/kerb-admin-1.0.1.jar:/home/user/.m2/repository/org/apache/kerby/kerb-server/1.0.1/kerb-server-1.0.1.jar:/home/user/.m2/repository/org/apache/kerby/kerb-identity/1.0.1/kerb-identity-1.0.1.jar:/home/user/.m2/repository/org/apache/kerby/kerby-xdr/1.0.1/kerby-xdr-1.0.1.jar:/home/user/.m2/repository/org/slf4j/slf4j-log4j12/1.7.25/slf4j-log4j12-1.7.25.jar:/home/user/.m2/repository/org/apache/hadoop/hadoop-ozone-s3gateway/0.5.0-SNAPSHOT/hadoop-ozone-s3gateway-0.5.0-SNAPSHOT.jar:/home/user/.m2/repository/org/jboss/weld/servlet/weld-servlet/2.4.7.Final/weld-servlet-2.4.7.Final.jar:/home/user/.m2/repository/org/glassfish/jersey/containers/jersey-container-servlet-core/2.27/jersey-container-servlet-core-2.27.jar:/home/user/.m2/repository/org/glassfish/hk2/external/javax.inject/2.5.0-b42/javax.inject-2.5.0-b42.jar:/home/user/.m2/repository/org/glassfish/jersey/core/jersey-common/2.27/jersey-common-2.27.jar:/home/user/.m2/repository/org/glassfish/hk2/osgi-resource-locator/1.0.1/osgi-resource-locator-1.0.1.jar:/home/user/.m2/repository/javax/ws/rs/javax.ws.rs-api/2.1/javax.ws.rs-api-2.1.jar:/home/user/.m2/repository/org/glassfish/jersey/ext/cdi/jersey-cdi1x/2.27/jersey-cdi1x-2.27.jar:/home/user/.m2/repository/org/glassfish/jersey/inject/jersey-hk2/2.27/jersey-hk2-2.27.jar:/home/user/.m2/repository/org/glassfish/hk2/hk2-locator/2.5.0-b42/hk2-locator-2.5.0-b42.jar:/home/user/.m2/repository/org/javassist/javassist/3.22.0-CR2/javassist-3.22.0-CR2.jar:/home/user/.m2/repository/org/glassfish/hk2/hk2-api/2.5.0/hk2-api-2.5.0.jar:/home/user/.m2/repository/org/glassfish/hk2/external/jakarta.inject/2.5.0/jakarta.inject-2.5.0.jar:/home/user/.m2/repository/org/glassfish/hk2/hk2-utils/2.5.0/hk2-utils-2.5.0.jar:/home/user/.m2/repository/jakarta/annotation/jakarta.annotation-api/1.3.4/jakarta.annotation-api-1.3.4.jar:/home/user/.m2/repository/org/glassfish/hk2/external/aopalliance-repackaged/2.5.0/aopalliance-repackaged-2.5.0.jar:/home/user/.m2/repository/com/fasterxml/jackson/dataformat/jackson-dataformat-xml/2.9.0/jackson-dataformat-xml-2.9.0.jar:/home/user/.m2/repository/com/fasterxml/jackson/core/jackson-core/2.9.9/jackson-core-2.9.9.jar:/home/user/.m2/repository/com/fasterxml/jackson/module/jackson-module-jaxb-annotations/2.9.9/jackson-module-jaxb-annotations-2.9.9.jar:/home/user/.m2/repository/javax/enterprise/cdi-api/1.2/cdi-api-1.2.jar:/home/user/.m2/repository/javax/el/javax.el-api/3.0.0/javax.el-api-3.0.0.jar:/home/user/.m2/repository/javax/interceptor/javax.interceptor-api/1.2/javax.interceptor-api-1.2.jar:/home/user/.m2/repository/javax/inject/javax.inject/1/javax.inject-1.jar:/home/user/.m2/repository/com/sun/xml/bind/jaxb-impl/2.3.0.1/jaxb-impl-2.3.0.1.jar:/home/user/.m2/repository/com/sun/xml/bind/jaxb-core/2.3.0.1/jaxb-core-2.3.0.1.jar:/home/user/.m2/repository/javax/xml/bind/jaxb-api/2.3.0/jaxb-api-2.3.0.jar:/home/user/.m2/repository/javax/activation/activation/1.1.1/activation-1.1.1.jar:/home/user/.m2/repository/org/apache/hadoop/hadoop-ozone-csi/0.5.0-SNAPSHOT/hadoop-ozone-csi-0.5.0-SNAPSHOT.jar:/home/user/.m2/repository/com/google/protobuf/protobuf-java-util/3.5.1/protobuf-java-util-3.5.1.jar:/home/user/.m2/repository/org/apache/hadoop/hadoop-hdds-config/0.5.0-SNAPSHOT/hadoop-hdds-config-0.5.0-SNAPSHOT.jar:/home/user/.m2/repository/io/grpc/grpc-netty/1.17.1/grpc-netty-1.17.1.jar:/home/user/.m2/repository/io/grpc/grpc-core/1.17.1/grpc-core-1.17.1.jar:/home/user/.m2/repository/io/grpc/grpc-context/1.17.1/grpc-context-1.17.1.jar:/home/user/.m2/repository/com/google/errorprone/error_prone_annotations/2.2.0/error_prone_annotations-2.2.0.jar:/home/user/.m2/repository/org/codehaus/mojo/animal-sniffer-annotations/1.17/animal-sniffer-annotations-1.17.jar:/home/user/.m2/repository/io/opencensus/opencensus-api/0.17.0/opencensus-api-0.17.0.jar:/home/user/.m2/repository/io/opencensus/opencensus-contrib-grpc-metrics/0.17.0/opencensus-contrib-grpc-metrics-0.17.0.jar:/home/user/.m2/repository/io/netty/netty-codec-http2/4.1.30.Final/netty-codec-http2-4.1.30.Final.jar:/home/user/.m2/repository/io/netty/netty-codec-http/4.1.30.Final/netty-codec-http-4.1.30.Final.jar:/home/user/.m2/repository/io/netty/netty-codec/4.1.30.Final/netty-codec-4.1.30.Final.jar:/home/user/.m2/repository/io/netty/netty-handler/4.1.30.Final/netty-handler-4.1.30.Final.jar:/home/user/.m2/repository/io/netty/netty-handler-proxy/4.1.30.Final/netty-handler-proxy-4.1.30.Final.jar:/home/user/.m2/repository/io/netty/netty-codec-socks/4.1.30.Final/netty-codec-socks-4.1.30.Final.jar:/home/user/.m2/repository/io/netty/netty-transport-native-epoll/4.1.30.Final/netty-transport-native-epoll-4.1.30.Final.jar:/home/user/.m2/repository/io/netty/netty-common/4.1.30.Final/netty-common-4.1.30.Final.jar:/home/user/.m2/repository/io/netty/netty-buffer/4.1.30.Final/netty-buffer-4.1.30.Final.jar:/home/user/.m2/repository/io/netty/netty-transport/4.1.30.Final/netty-transport-4.1.30.Final.jar:/home/user/.m2/repository/io/netty/netty-resolver/4.1.30.Final/netty-resolver-4.1.30.Final.jar:/home/user/.m2/repository/io/netty/netty-transport-native-unix-common/4.1.30.Final/netty-transport-native-unix-common-4.1.30.Final.jar:/home/user/.m2/repository/io/grpc/grpc-protobuf/1.17.1/grpc-protobuf-1.17.1.jar:/home/user/.m2/repository/com/google/api/grpc/proto-google-common-protos/1.0.0/proto-google-common-protos-1.0.0.jar:/home/user/.m2/repository/io/grpc/grpc-protobuf-lite/1.17.1/grpc-protobuf-lite-1.17.1.jar:/home/user/.m2/repository/io/grpc/grpc-stub/1.17.1/grpc-stub-1.17.1.jar:/home/user/.m2/repository/org/apache/hadoop/hadoop-ozone-recon/0.5.0-SNAPSHOT/hadoop-ozone-recon-0.5.0-SNAPSHOT.jar:/home/user/.m2/repository/org/apache/hadoop/hadoop-ozone-reconcodegen/0.5.0-SNAPSHOT/hadoop-ozone-reconcodegen-0.5.0-SNAPSHOT.jar:/home/user/.m2/repository/com/google/inject/extensions/guice-multibindings/4.0/guice-multibindings-4.0.jar:/home/user/.m2/repository/com/google/inject/guice/4.0/guice-4.0.jar:/home/user/.m2/repository/aopalliance/aopalliance/1.0/aopalliance-1.0.jar:/home/user/.m2/repository/com/google/inject/extensions/guice-servlet/4.0/guice-servlet-4.0.jar:/home/user/.m2/repository/org/glassfish/jersey/containers/jersey-container-servlet/2.27/jersey-container-servlet-2.27.jar:/home/user/.m2/repository/org/glassfish/hk2/guice-bridge/2.5.0/guice-bridge-2.5.0.jar:/home/user/.m2/repository/org/glassfish/jersey/core/jersey-server/2.27/jersey-server-2.27.jar:/home/user/.m2/repository/org/glassfish/jersey/core/jersey-client/2.27/jersey-client-2.27.jar:/home/user/.m2/repository/org/glassfish/jersey/media/jersey-media-jaxb/2.27/jersey-media-jaxb-2.27.jar:/home/user/.m2/repository/javax/validation/validation-api/1.1.0.Final/validation-api-1.1.0.Final.jar:/home/user/.m2/repository/org/glassfish/jersey/media/jersey-media-json-jackson/2.27/jersey-media-json-jackson-2.27.jar:/home/user/.m2/repository/org/glassfish/jersey/ext/jersey-entity-filtering/2.27/jersey-entity-filtering-2.27.jar:/home/user/.m2/repository/com/google/inject/extensions/guice-assistedinject/4.0/guice-assistedinject-4.0.jar:/home/user/.m2/repository/org/jooq/jooq/3.11.10/jooq-3.11.10.jar:/home/user/.m2/repository/org/jooq/jooq-meta/3.11.10/jooq-meta-3.11.10.jar:/home/user/.m2/repository/org/jooq/jooq-codegen/3.11.10/jooq-codegen-3.11.10.jar:/home/user/.m2/repository/com/jolbox/bonecp/0.8.0.RELEASE/bonecp-0.8.0.RELEASE.jar:/home/user/.m2/repository/org/xerial/sqlite-jdbc/3.25.2/sqlite-jdbc-3.25.2.jar:/home/user/.m2/repository/org/springframework/spring-jdbc/5.1.3.RELEASE/spring-jdbc-5.1.3.RELEASE.jar:/home/user/.m2/repository/org/springframework/spring-beans/5.1.3.RELEASE/spring-beans-5.1.3.RELEASE.jar:/home/user/.m2/repository/org/springframework/spring-core/5.1.3.RELEASE/spring-core-5.1.3.RELEASE.jar:/home/user/.m2/repository/org/springframework/spring-jcl/5.1.3.RELEASE/spring-jcl-5.1.3.RELEASE.jar:/home/user/.m2/repository/org/springframework/spring-tx/5.1.3.RELEASE/spring-tx-5.1.3.RELEASE.jar:/home/user/.m2/repository/org/apache/hadoop/hadoop-ozone-client/0.5.0-SNAPSHOT/hadoop-ozone-client-0.5.0-SNAPSHOT.jar:/home/user/.m2/repository/commons-lang/commons-lang/2.6/commons-lang-2.6.jar:/home/user/.m2/repository/org/apache/hadoop/hadoop-ozone-ozone-manager/0.5.0-SNAPSHOT/hadoop-ozone-ozone-manager-0.5.0-SNAPSHOT-tests.jar:/home/user/.m2/repository/junit/junit/4.11/junit-4.11.jar:/home/user/.m2/repository/org/hamcrest/hamcrest-core/1.3/hamcrest-core-1.3.jar:/home/user/.m2/repository/org/openjdk/jmh/jmh-core/1.19/jmh-core-1.19.jar:/home/user/.m2/repository/net/sf/jopt-simple/jopt-simple/4.6/jopt-simple-4.6.jar:/home/user/.m2/repository/org/apache/commons/commons-math3/3.1.1/commons-math3-3.1.1.jar:/home/user/.m2/repository/org/openjdk/jmh/jmh-generator-annprocess/1.19/jmh-generator-annprocess-1.19.jar:/home/user/.m2/repository/org/mockito/mockito-all/1.8.5/mockito-all-1.8.5.jar:/home/user/.m2/repository/org/apache/hadoop/hadoop-kms/3.2.0/hadoop-kms-3.2.0.jar:/home/user/.m2/repository/org/apache/hadoop/hadoop-auth/3.2.0/hadoop-auth-3.2.0.jar:/home/user/.m2/repository/com/nimbusds/nimbus-jose-jwt/4.41.1/nimbus-jose-jwt-4.41.1.jar:/home/user/.m2/repository/com/github/stephenc/jcip/jcip-annotations/1.0-1/jcip-annotations-1.0-1.jar:/home/user/.m2/repository/net/minidev/json-smart/2.3/json-smart-2.3.jar:/home/user/.m2/repository/net/minidev/accessors-smart/1.2/accessors-smart-1.2.jar:/home/user/.m2/repository/org/ow2/asm/asm/5.0.4/asm-5.0.4.jar:/home/user/.m2/repository/org/apache/curator/curator-framework/2.12.0/curator-framework-2.12.0.jar:/home/user/.m2/repository/com/sun/jersey/jersey-core/1.19/jersey-core-1.19.jar:/home/user/.m2/repository/javax/ws/rs/jsr311-api/1.1.1/jsr311-api-1.1.1.jar:/home/user/.m2/repository/com/sun/jersey/jersey-server/1.19/jersey-server-1.19.jar:/home/user/.m2/repository/javax/servlet/javax.servlet-api/3.1.0/javax.servlet-api-3.1.0.jar:/home/user/.m2/repository/org/eclipse/jetty/jetty-server/9.3.25.v20180904/jetty-server-9.3.25.v20180904.jar:/home/user/.m2/repository/org/eclipse/jetty/jetty-http/9.3.25.v20180904/jetty-http-9.3.25.v20180904.jar:/home/user/.m2/repository/org/eclipse/jetty/jetty-io/9.3.25.v20180904/jetty-io-9.3.25.v20180904.jar:/home/user/.m2/repository/org/eclipse/jetty/jetty-webapp/9.3.25.v20180904/jetty-webapp-9.3.25.v20180904.jar:/home/user/.m2/repository/org/eclipse/jetty/jetty-xml/9.3.25.v20180904/jetty-xml-9.3.25.v20180904.jar:/home/user/.m2/repository/log4j/log4j/1.2.17/log4j-1.2.17.jar:/home/user/.m2/repository/org/slf4j/slf4j-api/1.7.25/slf4j-api-1.7.25.jar:/home/user/.m2/repository/org/slf4j/jul-to-slf4j/1.7.25/jul-to-slf4j-1.7.25.jar:/home/user/.m2/repository/org/eclipse/jetty/jetty-util/9.3.25.v20180904/jetty-util-9.3.25.v20180904.jar:/home/user/.m2/repository/com/fasterxml/jackson/core/jackson-databind/2.9.9/jackson-databind-2.9.9.jar:/home/user/.m2/repository/org/apache/hadoop/hadoop-kms/3.2.0/hadoop-kms-3.2.0-tests.jar:/home/user/.m2/repository/org/apache/hadoop/hadoop-hdds-server-scm/0.5.0-SNAPSHOT/hadoop-hdds-server-scm-0.5.0-SNAPSHOT-tests.jar:/home/user/.m2/repository/org/apache/hadoop/hadoop-hdds-container-service/0.5.0-SNAPSHOT/hadoop-hdds-container-service-0.5.0-SNAPSHOT-tests.jar:/home/user/.m2/repository/org/yaml/snakeyaml/1.16/snakeyaml-1.16.jar:/home/user/.m2/repository/org/apache/hadoop/hadoop-common/3.2.0/hadoop-common-3.2.0-tests.jar:/home/user/.m2/repository/org/apache/hadoop/hadoop-annotations/3.2.0/hadoop-annotations-3.2.0.jar:/usr/lib/jvm/java-1.8-openjdk/jre/../lib/tools.jar:/home/user/.m2/repository/commons-cli/commons-cli/1.2/commons-cli-1.2.jar:/home/user/.m2/repository/org/apache/httpcomponents/httpclient/4.5.2/httpclient-4.5.2.jar:/home/user/.m2/repository/org/apache/httpcomponents/httpcore/4.4.4/httpcore-4.4.4.jar:/home/user/.m2/repository/commons-codec/commons-codec/1.11/commons-codec-1.11.jar:/home/user/.m2/repository/commons-net/commons-net/3.6/commons-net-3.6.jar:/home/user/.m2/repository/commons-collections/commons-collections/3.2.2/commons-collections-3.2.2.jar:/home/user/.m2/repository/org/eclipse/jetty/jetty-servlet/9.3.25.v20180904/jetty-servlet-9.3.25.v20180904.jar:/home/user/.m2/repository/org/eclipse/jetty/jetty-security/9.3.25.v20180904/jetty-security-9.3.25.v20180904.jar:/home/user/.m2/repository/javax/servlet/jsp/jsp-api/2.1/jsp-api-2.1.jar:/home/user/.m2/repository/com/sun/jersey/jersey-servlet/1.19/jersey-servlet-1.19.jar:/home/user/.m2/repository/com/sun/jersey/jersey-json/1.19/jersey-json-1.19.jar:/home/user/.m2/repository/org/codehaus/jettison/jettison/1.1/jettison-1.1.jar:/home/user/.m2/repository/org/codehaus/jackson/jackson-core-asl/1.9.13/jackson-core-asl-1.9.13.jar:/home/user/.m2/repository/org/codehaus/jackson/jackson-mapper-asl/1.9.13/jackson-mapper-asl-1.9.13.jar:/home/user/.m2/repository/org/codehaus/jackson/jackson-jaxrs/1.9.13/jackson-jaxrs-1.9.13.jar:/home/user/.m2/repository/org/codehaus/jackson/jackson-xc/1.9.13/jackson-xc-1.9.13.jar:/home/user/.m2/repository/commons-logging/commons-logging/1.1.3/commons-logging-1.1.3.jar:/home/user/.m2/repository/commons-beanutils/commons-beanutils/1.9.4/commons-beanutils-1.9.4.jar:/home/user/.m2/repository/org/apache/commons/commons-configuration2/2.1.1/commons-configuration2-2.1.1.jar:/home/user/.m2/repository/org/apache/commons/commons-lang3/3.7/commons-lang3-3.7.jar:/home/user/.m2/repository/org/apache/commons/commons-text/1.4/commons-text-1.4.jar:/home/user/.m2/repository/org/apache/avro/avro/1.7.7/avro-1.7.7.jar:/home/user/.m2/repository/com/thoughtworks/paranamer/paranamer/2.3/paranamer-2.3.jar:/home/user/.m2/repository/org/xerial/snappy/snappy-java/1.0.5/snappy-java-1.0.5.jar:/home/user/.m2/repository/com/google/re2j/re2j/1.1/re2j-1.1.jar:/home/user/.m2/repository/com/google/code/gson/gson/2.2.4/gson-2.2.4.jar:/home/user/.m2/repository/com/jcraft/jsch/0.1.54/jsch-0.1.54.jar:/home/user/.m2/repository/org/apache/curator/curator-client/2.12.0/curator-client-2.12.0.jar:/home/user/.m2/repository/org/apache/curator/curator-recipes/2.12.0/curator-recipes-2.12.0.jar:/home/user/.m2/repository/com/google/code/findbugs/jsr305/3.0.0/jsr305-3.0.0.jar:/home/user/.m2/repository/org/apache/htrace/htrace-core4/4.1.0-incubating/htrace-core4-4.1.0-incubating.jar:/home/user/.m2/repository/org/apache/zookeeper/zookeeper/3.4.13/zookeeper-3.4.13.jar:/home/user/.m2/repository/jline/jline/0.9.94/jline-0.9.94.jar:/home/user/.m2/repository/org/apache/yetus/audience-annotations/0.5.0/audience-annotations-0.5.0.jar:/home/user/.m2/repository/org/codehaus/woodstox/stax2-api/3.1.4/stax2-api-3.1.4.jar:/home/user/.m2/repository/com/fasterxml/woodstox/woodstox-core/5.0.3/woodstox-core-5.0.3.jar:/home/user/.m2/repository/dnsjava/dnsjava/2.1.7/dnsjava-2.1.7.jar:/home/user/.m2/repository/org/apache/hadoop/hadoop-hdfs/3.2.0/hadoop-hdfs-3.2.0-tests.jar:/home/user/.m2/repository/org/eclipse/jetty/jetty-util-ajax/9.3.25.v20180904/jetty-util-ajax-9.3.25.v20180904.jar:/home/user/.m2/repository/commons-daemon/commons-daemon/1.0.13/commons-daemon-1.0.13.jar:/home/user/.m2/repository/io/netty/netty/3.10.5.Final/netty-3.10.5.Final.jar:/home/user/.m2/repository/io/netty/netty-all/4.0.52.Final/netty-all-4.0.52.Final.jar:/home/user/.m2/repository/org/fusesource/leveldbjni/leveldbjni-all/1.8/leveldbjni-all-1.8.jar:"/>
    <property name="sun.cpu.endian" value="little"/>
    <property name="user.home" value="/home/user"/>
    <property name="user.language" value="en"/>
    <property name="java.specification.vendor" value="Oracle Corporation"/>
    <property name="java.home" value="/usr/lib/jvm/java-1.8-openjdk/jre"/>
    <property name="java.security.krb5.conf" value="/workdir/hadoop-ozone/integration-test/target/test-classes/krb5.conf"/>
    <property name="basedir" value="/workdir/hadoop-ozone/integration-test"/>
    <property name="file.separator" value="/"/>
    <property name="line.separator" value="&#10;"/>
    <property name="java.vm.specification.vendor" value="Oracle Corporation"/>
    <property name="java.specification.name" value="Java Platform API Specification"/>
    <property name="java.awt.graphicsenv" value="sun.awt.X11GraphicsEnvironment"/>
    <property name="surefire.real.class.path" value="/workdir/hadoop-ozone/integration-test/target/surefire/surefirebooter6290746152768120710.jar"/>
    <property name="hadoop.log.dir" value="/workdir/hadoop-ozone/integration-test/target/log"/>
    <property name="sun.boot.class.path" value="/usr/lib/jvm/java-1.8-openjdk/jre/lib/resources.jar:/usr/lib/jvm/java-1.8-openjdk/jre/lib/rt.jar:/usr/lib/jvm/java-1.8-openjdk/jre/lib/sunrsasign.jar:/usr/lib/jvm/java-1.8-openjdk/jre/lib/jsse.jar:/usr/lib/jvm/java-1.8-openjdk/jre/lib/jce.jar:/usr/lib/jvm/java-1.8-openjdk/jre/lib/charsets.jar:/usr/lib/jvm/java-1.8-openjdk/jre/lib/jfr.jar:/usr/lib/jvm/java-1.8-openjdk/jre/classes"/>
    <property name="sun.management.compiler" value="HotSpot 64-Bit Tiered Compilers"/>
    <property name="java.runtime.version" value="1.8.0_212-b04"/>
    <property name="java.net.preferIPv4Stack" value="true"/>
    <property name="user.name" value="jenkins1000"/>
    <property name="path.separator" value=":"/>
    <property name="java.security.egd" value="file:///dev/urandom"/>
    <property name="os.version" value="3.10.0-957.12.2.el7.x86_64"/>
    <property name="java.endorsed.dirs" value="/usr/lib/jvm/java-1.8-openjdk/jre/lib/endorsed"/>
    <property name="java.runtime.name" value="OpenJDK Runtime Environment"/>
    <property name="file.encoding" value="UTF-8"/>
    <property name="java.vm.name" value="OpenJDK 64-Bit Server VM"/>
    <property name="test.build.webapps" value=""/>
    <property name="localRepository" value="/home/user/.m2/repository"/>
    <property name="java.vendor.url.bug" value="https://icedtea.classpath.org/bugzilla"/>
    <property name="java.io.tmpdir" value="/tmp"/>
    <property name="require.test.libhadoop" value=""/>
    <property name="java.version" value="1.8.0_212"/>
    <property name="user.dir" value="/workdir/hadoop-ozone/integration-test"/>
    <property name="os.arch" value="amd64"/>
    <property name="java.vm.specification.name" value="Java Virtual Machine Specification"/>
    <property name="test.build.classes" value="/workdir/hadoop-ozone/integration-test/target/test-classes"/>
    <property name="java.awt.printerjob" value="sun.print.PSPrinterJob"/>
    <property name="sun.os.patch.level" value="unknown"/>
    <property name="hadoop.tmp.dir" value="/workdir/hadoop-ozone/integration-test/target/tmp"/>
    <property name="java.library.path" value="/usr/lib/jvm/java-1.8-openjdk/jre/lib/amd64/server:/usr/lib/jvm/java-1.8-openjdk/jre/lib/amd64:/usr/lib/jvm/java-1.8-openjdk/jre/../lib/amd64:/workdir/hadoop-ozone/integration-test/target/native/target/usr/local/lib:/workdir/hadoop-ozone/integration-test/../../hadoop-common-project/hadoop-common/target/native/target/usr/local/lib:/usr/java/packages/lib/amd64:/usr/lib64:/lib64:/lib:/usr/lib"/>
    <property name="java.vm.info" value="mixed mode"/>
    <property name="java.vendor" value="IcedTea"/>
    <property name="java.vm.version" value="25.212-b04"/>
    <property name="java.ext.dirs" value="/usr/lib/jvm/java-1.8-openjdk/jre/lib/ext:/usr/java/packages/lib/ext"/>
    <property name="sun.io.unicode.encoding" value="UnicodeLittle"/>
    <property name="java.class.version" value="52.0"/>
  </properties>
  <testcase name="testWatchForCommitWithKeyWrite" classname="org.apache.hadoop.ozone.client.rpc.TestWatchForCommit" time="77.914"/>
  <testcase name="testWatchForCommitWithSmallerTimeoutValue" classname="org.apache.hadoop.ozone.client.rpc.TestWatchForCommit" time="43.066"/>
  <testcase name="testWatchForCommitForRetryfailure" classname="org.apache.hadoop.ozone.client.rpc.TestWatchForCommit" time="70.355"/>
  <testcase name="testWatchForCommitForGroupMismatchException" classname="org.apache.hadoop.ozone.client.rpc.TestWatchForCommit" time="33.112"/>
  <testcase name="test2WayCommitForTimeoutException" classname="org.apache.hadoop.ozone.client.rpc.TestWatchForCommit" time="22.709">
    <error type="java.util.concurrent.TimeoutException">java.util.concurrent.TimeoutException
	at java.util.concurrent.CompletableFuture.timedGet(CompletableFuture.java:1771)
	at java.util.concurrent.CompletableFuture.get(CompletableFuture.java:1915)
	at org.apache.hadoop.hdds.scm.XceiverClientRatis.watchForCommit(XceiverClientRatis.java:298)
	at org.apache.hadoop.ozone.client.rpc.TestWatchForCommit.test2WayCommitForTimeoutException(TestWatchForCommit.java:391)
	at sun.reflect.NativeMethodAccessorImpl.invoke0(Native Method)
	at sun.reflect.NativeMethodAccessorImpl.invoke(NativeMethodAccessorImpl.java:62)
	at sun.reflect.DelegatingMethodAccessorImpl.invoke(DelegatingMethodAccessorImpl.java:43)
	at java.lang.reflect.Method.invoke(Method.java:498)
	at org.junit.runners.model.FrameworkMethod$1.runReflectiveCall(FrameworkMethod.java:47)
	at org.junit.internal.runners.model.ReflectiveCallable.run(ReflectiveCallable.java:12)
	at org.junit.runners.model.FrameworkMethod.invokeExplosively(FrameworkMethod.java:44)
	at org.junit.internal.runners.statements.InvokeMethod.evaluate(InvokeMethod.java:17)
	at org.junit.runners.ParentRunner.runLeaf(ParentRunner.java:271)
	at org.junit.runners.BlockJUnit4ClassRunner.runChild(BlockJUnit4ClassRunner.java:70)
	at org.junit.runners.BlockJUnit4ClassRunner.runChild(BlockJUnit4ClassRunner.java:50)
	at org.junit.runners.ParentRunner$3.run(ParentRunner.java:238)
	at org.junit.runners.ParentRunner$1.schedule(ParentRunner.java:63)
	at org.junit.runners.ParentRunner.runChildren(ParentRunner.java:236)
	at org.junit.runners.ParentRunner.access$000(ParentRunner.java:53)
	at org.junit.runners.ParentRunner$2.evaluate(ParentRunner.java:229)
	at org.junit.runners.ParentRunner.run(ParentRunner.java:309)
	at org.apache.maven.surefire.junit4.JUnit4Provider.execute(JUnit4Provider.java:365)
	at org.apache.maven.surefire.junit4.JUnit4Provider.executeWithRerun(JUnit4Provider.java:273)
	at org.apache.maven.surefire.junit4.JUnit4Provider.executeTestSet(JUnit4Provider.java:238)
	at org.apache.maven.surefire.junit4.JUnit4Provider.invoke(JUnit4Provider.java:159)
	at org.apache.maven.surefire.booter.ForkedBooter.invokeProviderInSameClassLoader(ForkedBooter.java:384)
	at org.apache.maven.surefire.booter.ForkedBooter.runSuitesInProcess(ForkedBooter.java:345)
	at org.apache.maven.surefire.booter.ForkedBooter.execute(ForkedBooter.java:126)
	at org.apache.maven.surefire.booter.ForkedBooter.main(ForkedBooter.java:418)
</error>
    <system-out><![CDATA[2019-10-02 12:09:28,888 [main] WARN  server.ServerUtils (ServerUtils.java:getScmDbDir(145)) - ozone.scm.db.dirs is not configured. We recommend adding this setting. Falling back to ozone.metadata.dirs instead.
2019-10-02 12:09:28,914 [main] WARN  server.ServerUtils (ServerUtils.java:getScmDbDir(145)) - ozone.scm.db.dirs is not configured. We recommend adding this setting. Falling back to ozone.metadata.dirs instead.
2019-10-02 12:09:28,915 [main] WARN  server.ServerUtils (ServerUtils.java:getScmDbDir(145)) - ozone.scm.db.dirs is not configured. We recommend adding this setting. Falling back to ozone.metadata.dirs instead.
2019-10-02 12:09:28,915 [main] INFO  db.DBStoreBuilder (DBStoreBuilder.java:addTable(110)) - using custom profile for table: deletedBlocks
2019-10-02 12:09:28,916 [main] INFO  db.DBStoreBuilder (DBStoreBuilder.java:processTables(161)) - Using default column profile:DBProfile.DISK for Table:deletedBlocks
2019-10-02 12:09:28,916 [main] INFO  db.DBStoreBuilder (DBStoreBuilder.java:addTable(110)) - using custom profile for table: validCerts
2019-10-02 12:09:28,916 [main] INFO  db.DBStoreBuilder (DBStoreBuilder.java:processTables(161)) - Using default column profile:DBProfile.DISK for Table:validCerts
2019-10-02 12:09:28,916 [main] INFO  db.DBStoreBuilder (DBStoreBuilder.java:addTable(110)) - using custom profile for table: revokedCerts
2019-10-02 12:09:28,916 [main] INFO  db.DBStoreBuilder (DBStoreBuilder.java:processTables(161)) - Using default column profile:DBProfile.DISK for Table:revokedCerts
2019-10-02 12:09:28,917 [main] INFO  db.DBStoreBuilder (DBStoreBuilder.java:addTable(110)) - using custom profile for table: default
2019-10-02 12:09:28,917 [main] INFO  db.DBStoreBuilder (DBStoreBuilder.java:processTables(167)) - Using default column profile:DBProfile.DISK for Table:default
2019-10-02 12:09:28,917 [main] INFO  db.DBStoreBuilder (DBStoreBuilder.java:getDbProfile(198)) - Using default options. DBProfile.DISK
2019-10-02 12:09:29,065 [main] INFO  net.NodeSchemaLoader (NodeSchemaLoader.java:loadSchemaFromFile(125)) - Loading file from sun.misc.CompoundEnumeration@4f081b5d
2019-10-02 12:09:29,065 [main] INFO  net.NodeSchemaLoader (NodeSchemaLoader.java:loadSchema(171)) - Loading network topology layer schema file
2019-10-02 12:09:29,069 [main] WARN  server.ServerUtils (ServerUtils.java:sanitizeUserArgs(70)) - ozone.scm.stale.node.interval value = 300000 is larger than max = 100000 based on the key value of ozone.scm.heartbeat.thread.interval, reset to the max value 100000.
2019-10-02 12:09:29,069 [main] WARN  server.ServerUtils (ServerUtils.java:sanitizeUserArgs(70)) - ozone.scm.stale.node.interval value = 300000 is larger than max = 100000 based on the key value of ozone.scm.heartbeat.thread.interval, reset to the max value 100000.
2019-10-02 12:09:29,069 [main] INFO  node.SCMNodeManager (SCMNodeManager.java:<init>(114)) - Entering startup safe mode.
2019-10-02 12:09:29,070 [main] INFO  algorithms.ContainerPlacementPolicyFactory (ContainerPlacementPolicyFactory.java:getPolicy(57)) - Create container placement policy of type org.apache.hadoop.hdds.scm.container.placement.algorithms.SCMContainerPlacementRandom
2019-10-02 12:09:29,070 [main] WARN  server.ServerUtils (ServerUtils.java:getScmDbDir(145)) - ozone.scm.db.dirs is not configured. We recommend adding this setting. Falling back to ozone.metadata.dirs instead.
2019-10-02 12:09:29,090 [main] INFO  pipeline.SCMPipelineManager (SCMPipelineManager.java:initializePipelineState(132)) - No pipeline exists in current db
2019-10-02 12:09:29,090 [main] WARN  server.ServerUtils (ServerUtils.java:getScmDbDir(145)) - ozone.scm.db.dirs is not configured. We recommend adding this setting. Falling back to ozone.metadata.dirs instead.
2019-10-02 12:09:29,115 [main] WARN  events.EventQueue (EventQueue.java:fireEvent(183)) - No event handler registered for event TypedEvent{payloadType=SafeModeStatus, name='SafeModeStatus'}
2019-10-02 12:09:29,116 [main] INFO  ipc.CallQueueManager (CallQueueManager.java:<init>(84)) - Using callQueue: class java.util.concurrent.LinkedBlockingQueue, queueCapacity: 2000, scheduler: class org.apache.hadoop.ipc.DefaultRpcScheduler, ipcBackoff: false.
2019-10-02 12:09:29,117 [Socket Reader #1 for port 41417] INFO  ipc.Server (Server.java:run(1074)) - Starting Socket Reader #1 for port 41417
2019-10-02 12:09:29,119 [main] INFO  ipc.CallQueueManager (CallQueueManager.java:<init>(84)) - Using callQueue: class java.util.concurrent.LinkedBlockingQueue, queueCapacity: 2000, scheduler: class org.apache.hadoop.ipc.DefaultRpcScheduler, ipcBackoff: false.
2019-10-02 12:09:29,120 [Socket Reader #1 for port 39599] INFO  ipc.Server (Server.java:run(1074)) - Starting Socket Reader #1 for port 39599
2019-10-02 12:09:29,122 [main] INFO  ipc.CallQueueManager (CallQueueManager.java:<init>(84)) - Using callQueue: class java.util.concurrent.LinkedBlockingQueue, queueCapacity: 2000, scheduler: class org.apache.hadoop.ipc.DefaultRpcScheduler, ipcBackoff: false.
2019-10-02 12:09:29,123 [Socket Reader #1 for port 38882] INFO  ipc.Server (Server.java:run(1074)) - Starting Socket Reader #1 for port 38882
2019-10-02 12:09:29,125 [main] INFO  hdfs.DFSUtil (DFSUtil.java:httpServerTemplateForNNAndJN(1641)) - Starting Web-server for scm at: http://0.0.0.0:0
2019-10-02 12:09:29,127 [main] INFO  server.AuthenticationFilter (AuthenticationFilter.java:constructSecretProvider(240)) - Unable to initialize FileSignerSecretProvider, falling back to use random secrets.
2019-10-02 12:09:29,128 [main] WARN  http.HttpRequestLog (HttpRequestLog.java:getRequestLog(97)) - Jetty request log can only be enabled using Log4j
2019-10-02 12:09:29,129 [main] INFO  http.HttpServer2 (HttpServer2.java:addGlobalFilter(975)) - Added global filter 'safety' (class=org.apache.hadoop.http.HttpServer2$QuotingInputFilter)
2019-10-02 12:09:29,130 [main] INFO  http.HttpServer2 (HttpServer2.java:addFilter(948)) - Added filter static_user_filter (class=org.apache.hadoop.http.lib.StaticUserWebFilter$StaticUserFilter) to context scm
2019-10-02 12:09:29,130 [main] INFO  http.HttpServer2 (HttpServer2.java:addFilter(958)) - Added filter static_user_filter (class=org.apache.hadoop.http.lib.StaticUserWebFilter$StaticUserFilter) to context static
2019-10-02 12:09:29,130 [main] INFO  http.HttpServer2 (HttpServer2.java:addFilter(958)) - Added filter static_user_filter (class=org.apache.hadoop.http.lib.StaticUserWebFilter$StaticUserFilter) to context logs
2019-10-02 12:09:29,131 [main] INFO  server.StorageContainerManager (StorageContainerManager.java:start(770)) - StorageContainerLocationProtocol RPC server is listening at /0.0.0.0:38882
2019-10-02 12:09:29,134 [main] WARN  impl.MetricsConfig (MetricsConfig.java:loadFirst(134)) - Cannot locate configuration: tried hadoop-metrics2-storagecontainermanager.properties,hadoop-metrics2.properties
2019-10-02 12:09:29,134 [main] INFO  impl.MetricsSystemImpl (MetricsSystemImpl.java:startTimer(374)) - Scheduled Metric snapshot period at 10 second(s).
2019-10-02 12:09:29,135 [main] INFO  impl.MetricsSystemImpl (MetricsSystemImpl.java:start(191)) - StorageContainerManager metrics system started
2019-10-02 12:09:29,203 [main] WARN  impl.MetricsSystemImpl (MetricsSystemImpl.java:register(276)) - Sink prometheus already exists!
2019-10-02 12:09:29,306 [main] INFO  server.SCMClientProtocolServer (SCMClientProtocolServer.java:start(150)) - RPC server for Client  is listening at /0.0.0.0:38882
2019-10-02 12:09:29,306 [IPC Server Responder] INFO  ipc.Server (Server.java:run(1314)) - IPC Server Responder: starting
2019-10-02 12:09:29,308 [IPC Server listener on 38882] INFO  ipc.Server (Server.java:run(1153)) - IPC Server listener on 38882: starting
2019-10-02 12:09:29,312 [main] INFO  server.StorageContainerManager (StorageContainerManager.java:start(780)) - ScmBlockLocationProtocol RPC server is listening at /0.0.0.0:39599
2019-10-02 12:09:29,313 [main] INFO  server.SCMBlockProtocolServer (SCMBlockProtocolServer.java:start(146)) - RPC server for Block Protocol is listening at /0.0.0.0:39599
2019-10-02 12:09:29,313 [IPC Server Responder] INFO  ipc.Server (Server.java:run(1314)) - IPC Server Responder: starting
2019-10-02 12:09:29,313 [IPC Server listener on 39599] INFO  ipc.Server (Server.java:run(1153)) - IPC Server listener on 39599: starting
2019-10-02 12:09:29,316 [main] INFO  server.StorageContainerManager (StorageContainerManager.java:start(784)) - ScmDatanodeProtocl RPC server is listening at /0.0.0.0:41417
2019-10-02 12:09:29,317 [main] INFO  server.SCMDatanodeProtocolServer (SCMDatanodeProtocolServer.java:start(191)) - RPC server for DataNodes is listening at /0.0.0.0:41417
2019-10-02 12:09:29,317 [IPC Server Responder] INFO  ipc.Server (Server.java:run(1314)) - IPC Server Responder: starting
2019-10-02 12:09:29,317 [IPC Server listener on 41417] INFO  ipc.Server (Server.java:run(1153)) - IPC Server listener on 41417: starting
2019-10-02 12:09:29,321 [main] INFO  http.HttpServer2 (HttpServer2.java:bindListener(1191)) - Jetty bound to port 36047
2019-10-02 12:09:29,321 [main] INFO  server.Server (Server.java:doStart(351)) - jetty-9.3.25.v20180904, build timestamp: 2018-09-04T21:11:46Z, git hash: 3ce520221d0240229c862b122d2b06c12a625732
2019-10-02 12:09:29,323 [main] INFO  handler.ContextHandler (ContextHandler.java:doStart(781)) - Started o.e.j.s.ServletContextHandler@64021427{/logs,file:///workdir/hadoop-ozone/integration-test/target/log,AVAILABLE}
2019-10-02 12:09:29,323 [main] INFO  handler.ContextHandler (ContextHandler.java:doStart(781)) - Started o.e.j.s.ServletContextHandler@217dc48e{/static,file:///workdir/hadoop-ozone/integration-test/target/test-classes/webapps/static,AVAILABLE}
2019-10-02 12:09:29,327 [main] INFO  handler.ContextHandler (ContextHandler.java:doStart(781)) - Started o.e.j.w.WebAppContext@b379bc6{/,file:///workdir/hadoop-ozone/integration-test/target/test-classes/webapps/scm/,AVAILABLE}{/scm}
2019-10-02 12:09:29,327 [main] INFO  server.AbstractConnector (AbstractConnector.java:doStart(278)) - Started ServerConnector@374c40ba{HTTP/1.1,[http/1.1]}{0.0.0.0:36047}
2019-10-02 12:09:29,328 [main] INFO  server.Server (Server.java:doStart(419)) - Started @225314ms
2019-10-02 12:09:29,329 [main] WARN  impl.MetricsSystemImpl (MetricsSystemImpl.java:register(276)) - Sink prometheus already exists!
2019-10-02 12:09:29,329 [main] INFO  server.BaseHttpServer (BaseHttpServer.java:updateConnectorAddress(215)) - HTTP server of SCM is listening at http://0.0.0.0:36047
2019-10-02 12:09:29,330 [main] WARN  server.ServerUtils (ServerUtils.java:getDBPath(222)) - ozone.om.db.dirs is not configured. We recommend adding this setting. Falling back to ozone.metadata.dirs instead.
2019-10-02 12:09:29,331 [org.apache.hadoop.util.JvmPauseMonitor$Monitor@6dcab9d9] INFO  util.JvmPauseMonitor (JvmPauseMonitor.java:run(188)) - Starting JVM pause monitor
2019-10-02 12:09:29,354 [main] WARN  server.ServerUtils (ServerUtils.java:getDBPath(222)) - ozone.om.db.dirs is not configured. We recommend adding this setting. Falling back to ozone.metadata.dirs instead.
2019-10-02 12:09:29,355 [main] WARN  server.ServerUtils (ServerUtils.java:getDBPath(222)) - ozone.om.db.dirs is not configured. We recommend adding this setting. Falling back to ozone.metadata.dirs instead.
2019-10-02 12:09:29,355 [main] INFO  om.OzoneManager (OzoneManager.java:setOMNodeDetails(652)) - OM Service ID is not set. Setting it to the default ID: omServiceIdDefault
2019-10-02 12:09:29,355 [main] INFO  om.OzoneManager (OzoneManager.java:setOMNodeDetails(658)) - OM Node ID is not set. Setting it to the OmStorage's OmID: 99515c25-829e-4846-8040-13cae0f8e697
2019-10-02 12:09:29,355 [main] INFO  om.OzoneManager (OzoneManager.java:loadOMHAConfigs(609)) - Found matching OM address with OMServiceId: null, OMNodeId: null, RPC Address: localhost:0 and Ratis port: 9872
2019-10-02 12:09:29,363 [main] WARN  server.ServerUtils (ServerUtils.java:getDBPath(222)) - ozone.om.db.dirs is not configured. We recommend adding this setting. Falling back to ozone.metadata.dirs instead.
2019-10-02 12:09:29,364 [main] INFO  db.DBStoreBuilder (DBStoreBuilder.java:addTable(110)) - using custom profile for table: userTable
2019-10-02 12:09:29,364 [main] INFO  db.DBStoreBuilder (DBStoreBuilder.java:processTables(161)) - Using default column profile:DBProfile.DISK for Table:userTable
2019-10-02 12:09:29,364 [main] INFO  db.DBStoreBuilder (DBStoreBuilder.java:addTable(110)) - using custom profile for table: volumeTable
2019-10-02 12:09:29,364 [main] INFO  db.DBStoreBuilder (DBStoreBuilder.java:processTables(161)) - Using default column profile:DBProfile.DISK for Table:volumeTable
2019-10-02 12:09:29,364 [main] INFO  db.DBStoreBuilder (DBStoreBuilder.java:addTable(110)) - using custom profile for table: bucketTable
2019-10-02 12:09:29,365 [main] INFO  db.DBStoreBuilder (DBStoreBuilder.java:processTables(161)) - Using default column profile:DBProfile.DISK for Table:bucketTable
2019-10-02 12:09:29,365 [main] INFO  db.DBStoreBuilder (DBStoreBuilder.java:addTable(110)) - using custom profile for table: keyTable
2019-10-02 12:09:29,365 [main] INFO  db.DBStoreBuilder (DBStoreBuilder.java:processTables(161)) - Using default column profile:DBProfile.DISK for Table:keyTable
2019-10-02 12:09:29,365 [main] INFO  db.DBStoreBuilder (DBStoreBuilder.java:addTable(110)) - using custom profile for table: deletedTable
2019-10-02 12:09:29,365 [main] INFO  db.DBStoreBuilder (DBStoreBuilder.java:processTables(161)) - Using default column profile:DBProfile.DISK for Table:deletedTable
2019-10-02 12:09:29,366 [main] INFO  db.DBStoreBuilder (DBStoreBuilder.java:addTable(110)) - using custom profile for table: openKeyTable
2019-10-02 12:09:29,366 [main] INFO  db.DBStoreBuilder (DBStoreBuilder.java:processTables(161)) - Using default column profile:DBProfile.DISK for Table:openKeyTable
2019-10-02 12:09:29,366 [main] INFO  db.DBStoreBuilder (DBStoreBuilder.java:addTable(110)) - using custom profile for table: s3Table
2019-10-02 12:09:29,366 [main] INFO  db.DBStoreBuilder (DBStoreBuilder.java:processTables(161)) - Using default column profile:DBProfile.DISK for Table:s3Table
2019-10-02 12:09:29,366 [main] INFO  db.DBStoreBuilder (DBStoreBuilder.java:addTable(110)) - using custom profile for table: multipartInfoTable
2019-10-02 12:09:29,366 [main] INFO  db.DBStoreBuilder (DBStoreBuilder.java:processTables(161)) - Using default column profile:DBProfile.DISK for Table:multipartInfoTable
2019-10-02 12:09:29,367 [main] INFO  db.DBStoreBuilder (DBStoreBuilder.java:addTable(110)) - using custom profile for table: dTokenTable
2019-10-02 12:09:29,367 [main] INFO  db.DBStoreBuilder (DBStoreBuilder.java:processTables(161)) - Using default column profile:DBProfile.DISK for Table:dTokenTable
2019-10-02 12:09:29,367 [main] INFO  db.DBStoreBuilder (DBStoreBuilder.java:addTable(110)) - using custom profile for table: s3SecretTable
2019-10-02 12:09:29,367 [main] INFO  db.DBStoreBuilder (DBStoreBuilder.java:processTables(161)) - Using default column profile:DBProfile.DISK for Table:s3SecretTable
2019-10-02 12:09:29,367 [main] INFO  db.DBStoreBuilder (DBStoreBuilder.java:addTable(110)) - using custom profile for table: prefixTable
2019-10-02 12:09:29,368 [main] INFO  db.DBStoreBuilder (DBStoreBuilder.java:processTables(161)) - Using default column profile:DBProfile.DISK for Table:prefixTable
2019-10-02 12:09:29,368 [main] INFO  db.DBStoreBuilder (DBStoreBuilder.java:addTable(110)) - using custom profile for table: default
2019-10-02 12:09:29,368 [main] INFO  db.DBStoreBuilder (DBStoreBuilder.java:processTables(167)) - Using default column profile:DBProfile.DISK for Table:default
2019-10-02 12:09:29,368 [main] INFO  db.DBStoreBuilder (DBStoreBuilder.java:getDbProfile(198)) - Using default options. DBProfile.DISK
2019-10-02 12:09:29,991 [main] INFO  ipc.CallQueueManager (CallQueueManager.java:<init>(84)) - Using callQueue: class java.util.concurrent.LinkedBlockingQueue, queueCapacity: 2000, scheduler: class org.apache.hadoop.ipc.DefaultRpcScheduler, ipcBackoff: false.
2019-10-02 12:09:29,992 [Socket Reader #1 for port 36493] INFO  ipc.Server (Server.java:run(1074)) - Starting Socket Reader #1 for port 36493
2019-10-02 12:09:30,006 [main] INFO  om.OzoneManager (OzoneManager.java:start(1243)) - OzoneManager RPC server is listening at localhost/127.0.0.1:36493
2019-10-02 12:09:30,007 [main] INFO  impl.MetricsSystemImpl (MetricsSystemImpl.java:init(158)) - OzoneManager metrics system started (again)
2019-10-02 12:09:30,007 [IPC Server Responder] INFO  ipc.Server (Server.java:run(1314)) - IPC Server Responder: starting
2019-10-02 12:09:30,007 [IPC Server listener on 36493] INFO  ipc.Server (Server.java:run(1153)) - IPC Server listener on 36493: starting
2019-10-02 12:09:30,012 [main] INFO  hdfs.DFSUtil (DFSUtil.java:httpServerTemplateForNNAndJN(1641)) - Starting Web-server for ozoneManager at: http://0.0.0.0:0
2019-10-02 12:09:30,014 [main] INFO  server.AuthenticationFilter (AuthenticationFilter.java:constructSecretProvider(240)) - Unable to initialize FileSignerSecretProvider, falling back to use random secrets.
2019-10-02 12:09:30,015 [main] WARN  http.HttpRequestLog (HttpRequestLog.java:getRequestLog(97)) - Jetty request log can only be enabled using Log4j
2019-10-02 12:09:30,017 [main] INFO  http.HttpServer2 (HttpServer2.java:addGlobalFilter(975)) - Added global filter 'safety' (class=org.apache.hadoop.http.HttpServer2$QuotingInputFilter)
2019-10-02 12:09:30,018 [main] INFO  http.HttpServer2 (HttpServer2.java:addFilter(948)) - Added filter static_user_filter (class=org.apache.hadoop.http.lib.StaticUserWebFilter$StaticUserFilter) to context ozoneManager
2019-10-02 12:09:30,018 [main] INFO  http.HttpServer2 (HttpServer2.java:addFilter(958)) - Added filter static_user_filter (class=org.apache.hadoop.http.lib.StaticUserWebFilter$StaticUserFilter) to context static
2019-10-02 12:09:30,018 [main] INFO  http.HttpServer2 (HttpServer2.java:addFilter(958)) - Added filter static_user_filter (class=org.apache.hadoop.http.lib.StaticUserWebFilter$StaticUserFilter) to context logs
2019-10-02 12:09:30,019 [main] INFO  http.HttpServer2 (HttpServer2.java:bindListener(1191)) - Jetty bound to port 40081
2019-10-02 12:09:30,019 [main] INFO  server.Server (Server.java:doStart(351)) - jetty-9.3.25.v20180904, build timestamp: 2018-09-04T21:11:46Z, git hash: 3ce520221d0240229c862b122d2b06c12a625732
2019-10-02 12:09:30,021 [main] INFO  handler.ContextHandler (ContextHandler.java:doStart(781)) - Started o.e.j.s.ServletContextHandler@582e9152{/logs,file:///workdir/hadoop-ozone/integration-test/target/log,AVAILABLE}
2019-10-02 12:09:30,022 [main] INFO  handler.ContextHandler (ContextHandler.java:doStart(781)) - Started o.e.j.s.ServletContextHandler@349c4d1c{/static,file:///workdir/hadoop-ozone/integration-test/target/test-classes/webapps/static,AVAILABLE}
2019-10-02 12:09:30,026 [main] INFO  handler.ContextHandler (ContextHandler.java:doStart(781)) - Started o.e.j.w.WebAppContext@240f350a{/,file:///workdir/hadoop-ozone/integration-test/target/test-classes/webapps/ozoneManager/,AVAILABLE}{/ozoneManager}
2019-10-02 12:09:30,027 [main] INFO  server.AbstractConnector (AbstractConnector.java:doStart(278)) - Started ServerConnector@706f6d26{HTTP/1.1,[http/1.1]}{0.0.0.0:40081}
2019-10-02 12:09:30,028 [main] INFO  server.Server (Server.java:doStart(419)) - Started @226014ms
2019-10-02 12:09:30,028 [main] WARN  impl.MetricsSystemImpl (MetricsSystemImpl.java:register(276)) - Sink prometheus already exists!
2019-10-02 12:09:30,029 [main] INFO  server.BaseHttpServer (BaseHttpServer.java:updateConnectorAddress(215)) - HTTP server of OZONEMANAGER is listening at http://0.0.0.0:40081
2019-10-02 12:09:30,046 [main] INFO  impl.MetricsSystemImpl (MetricsSystemImpl.java:init(158)) - HddsDatanode metrics system started (again)
2019-10-02 12:09:30,049 [main] INFO  ozone.HddsDatanodeService (HddsDatanodeService.java:start(184)) - HddsDatanodeService host:pr-hdds-2231-nwbjw-3761139207 ip:192.168.30.47
2019-10-02 12:09:30,055 [main] INFO  volume.HddsVolume (HddsVolume.java:<init>(176)) - Creating Volume: /workdir/hadoop-ozone/integration-test/target/test-dir/MiniOzoneClusterImpl-a1e414a2-928d-43cb-8cf0-dd5a5830e04c/datanode-0/data/containers/hdds of  storage type : DISK and capacity : 1482555576320
2019-10-02 12:09:30,055 [main] INFO  volume.VolumeSet (VolumeSet.java:initializeVolumeSet(170)) - Added Volume : /workdir/hadoop-ozone/integration-test/target/test-dir/MiniOzoneClusterImpl-a1e414a2-928d-43cb-8cf0-dd5a5830e04c/datanode-0/data/containers/hdds to VolumeSet
2019-10-02 12:09:30,055 [main] INFO  volume.ThrottledAsyncChecker (ThrottledAsyncChecker.java:schedule(139)) - Scheduling a check for org.apache.hadoop.ozone.container.common.volume.HddsVolume@19fec3d6
2019-10-02 12:09:30,056 [main] INFO  volume.HddsVolumeChecker (HddsVolumeChecker.java:checkAllVolumes(202)) - Scheduled health check for volume org.apache.hadoop.ozone.container.common.volume.HddsVolume@19fec3d6
2019-10-02 12:09:30,068 [main] INFO  impl.RaftServerProxy (ConfUtils.java:logGet(43)) - raft.rpc.type = GRPC (default)
2019-10-02 12:09:30,068 [main] INFO  grpc.GrpcFactory (GrpcFactory.java:checkPooledByteBufAllocatorUseCacheForAllThreads(45)) - PERFORMANCE WARNING: useCacheForAllThreads is true that may cause Netty to create a lot garbage objects and, as a result, trigger GC.
	It is recommended to disable useCacheForAllThreads by setting -Dorg.apache.ratis.thirdparty.io.netty.allocator.useCacheForAllThreads=false in command line.
2019-10-02 12:09:30,068 [main] INFO  grpc.GrpcConfigKeys$Server (ConfUtils.java:logGet(43)) - raft.grpc.server.port = 0 (default)
2019-10-02 12:09:30,068 [main] INFO  server.GrpcService (ConfUtils.java:logGet(43)) - raft.grpc.message.size.max = 33570816 (custom)
2019-10-02 12:09:30,069 [main] INFO  server.RaftServerConfigKeys (ConfUtils.java:logGet(43)) - raft.server.log.appender.buffer.byte-limit = 33554432 (custom)
2019-10-02 12:09:30,069 [main] INFO  server.GrpcService (ConfUtils.java:logGet(43)) - raft.grpc.flow.control.window = 1MB (=1048576) (default)
2019-10-02 12:09:30,069 [main] INFO  server.RaftServerConfigKeys (ConfUtils.java:logGet(43)) - raft.server.rpc.request.timeout = 3000ms (default)
2019-10-02 12:09:30,069 [main] INFO  server.RaftServerConfigKeys (ConfUtils.java:logGet(43)) - raft.server.storage.dir = [/workdir/hadoop-ozone/integration-test/target/test-dir/MiniOzoneClusterImpl-a1e414a2-928d-43cb-8cf0-dd5a5830e04c/datanode-0/data/ratis] (custom)
2019-10-02 12:09:30,071 [main] INFO  hdfs.DFSUtil (DFSUtil.java:httpServerTemplateForNNAndJN(1641)) - Starting Web-server for hddsDatanode at: http://0.0.0.0:0
2019-10-02 12:09:30,072 [main] INFO  server.AuthenticationFilter (AuthenticationFilter.java:constructSecretProvider(240)) - Unable to initialize FileSignerSecretProvider, falling back to use random secrets.
2019-10-02 12:09:30,073 [main] WARN  http.HttpRequestLog (HttpRequestLog.java:getRequestLog(97)) - Jetty request log can only be enabled using Log4j
2019-10-02 12:09:30,074 [main] INFO  http.HttpServer2 (HttpServer2.java:addGlobalFilter(975)) - Added global filter 'safety' (class=org.apache.hadoop.http.HttpServer2$QuotingInputFilter)
2019-10-02 12:09:30,075 [main] INFO  http.HttpServer2 (HttpServer2.java:addFilter(948)) - Added filter static_user_filter (class=org.apache.hadoop.http.lib.StaticUserWebFilter$StaticUserFilter) to context hddsDatanode
2019-10-02 12:09:30,075 [main] INFO  http.HttpServer2 (HttpServer2.java:addFilter(958)) - Added filter static_user_filter (class=org.apache.hadoop.http.lib.StaticUserWebFilter$StaticUserFilter) to context static
2019-10-02 12:09:30,075 [main] INFO  http.HttpServer2 (HttpServer2.java:addFilter(958)) - Added filter static_user_filter (class=org.apache.hadoop.http.lib.StaticUserWebFilter$StaticUserFilter) to context logs
2019-10-02 12:09:30,076 [main] INFO  http.HttpServer2 (HttpServer2.java:bindListener(1191)) - Jetty bound to port 37458
2019-10-02 12:09:30,076 [main] INFO  server.Server (Server.java:doStart(351)) - jetty-9.3.25.v20180904, build timestamp: 2018-09-04T21:11:46Z, git hash: 3ce520221d0240229c862b122d2b06c12a625732
2019-10-02 12:09:30,077 [main] INFO  handler.ContextHandler (ContextHandler.java:doStart(781)) - Started o.e.j.s.ServletContextHandler@a0c5be{/logs,file:///workdir/hadoop-ozone/integration-test/target/log,AVAILABLE}
2019-10-02 12:09:30,078 [main] INFO  handler.ContextHandler (ContextHandler.java:doStart(781)) - Started o.e.j.s.ServletContextHandler@14efa279{/static,jar:file:/home/user/.m2/repository/org/apache/hadoop/hadoop-hdds-container-service/0.5.0-SNAPSHOT/hadoop-hdds-container-service-0.5.0-SNAPSHOT.jar!/webapps/static,AVAILABLE}
2019-10-02 12:09:30,108 [main] INFO  handler.ContextHandler (ContextHandler.java:doStart(781)) - Started o.e.j.w.WebAppContext@5a4d4f9c{/,file:///tmp/jetty-0.0.0.0-37458-hddsDatanode-_-any-150787716166731371.dir/webapp/,AVAILABLE}{/hddsDatanode}
2019-10-02 12:09:30,109 [main] INFO  server.AbstractConnector (AbstractConnector.java:doStart(278)) - Started ServerConnector@153d6d74{HTTP/1.1,[http/1.1]}{0.0.0.0:37458}
2019-10-02 12:09:30,110 [main] INFO  server.Server (Server.java:doStart(419)) - Started @226096ms
2019-10-02 12:09:30,110 [main] WARN  impl.MetricsSystemImpl (MetricsSystemImpl.java:register(276)) - Sink prometheus already exists!
2019-10-02 12:09:30,111 [main] INFO  server.BaseHttpServer (BaseHttpServer.java:updateConnectorAddress(215)) - HTTP server of HDDSDATANODE is listening at http://0.0.0.0:37458
2019-10-02 12:09:30,111 [main] INFO  impl.MetricsSystemImpl (MetricsSystemImpl.java:init(158)) - HddsDatanode metrics system started (again)
2019-10-02 12:09:30,115 [org.apache.hadoop.util.JvmPauseMonitor$Monitor@26908047] INFO  util.JvmPauseMonitor (JvmPauseMonitor.java:run(188)) - Starting JVM pause monitor
2019-10-02 12:09:30,116 [main] INFO  ozone.HddsDatanodeService (HddsDatanodeService.java:start(184)) - HddsDatanodeService host:pr-hdds-2231-nwbjw-3761139207 ip:192.168.30.47
2019-10-02 12:09:30,117 [Datanode State Machine Thread - 0] INFO  datanode.InitDatanodeState (InitDatanodeState.java:persistContainerDatanodeDetails(140)) - DatanodeDetails is persisted to /workdir/hadoop-ozone/integration-test/target/test-dir/MiniOzoneClusterImpl-a1e414a2-928d-43cb-8cf0-dd5a5830e04c/datanode-0/meta/datanode.id
2019-10-02 12:09:30,122 [main] INFO  volume.HddsVolume (HddsVolume.java:<init>(176)) - Creating Volume: /workdir/hadoop-ozone/integration-test/target/test-dir/MiniOzoneClusterImpl-a1e414a2-928d-43cb-8cf0-dd5a5830e04c/datanode-1/data/containers/hdds of  storage type : DISK and capacity : 1482555576320
2019-10-02 12:09:30,122 [main] INFO  volume.VolumeSet (VolumeSet.java:initializeVolumeSet(170)) - Added Volume : /workdir/hadoop-ozone/integration-test/target/test-dir/MiniOzoneClusterImpl-a1e414a2-928d-43cb-8cf0-dd5a5830e04c/datanode-1/data/containers/hdds to VolumeSet
2019-10-02 12:09:30,122 [main] INFO  volume.ThrottledAsyncChecker (ThrottledAsyncChecker.java:schedule(139)) - Scheduling a check for org.apache.hadoop.ozone.container.common.volume.HddsVolume@39023dbf
2019-10-02 12:09:30,122 [main] INFO  volume.HddsVolumeChecker (HddsVolumeChecker.java:checkAllVolumes(202)) - Scheduled health check for volume org.apache.hadoop.ozone.container.common.volume.HddsVolume@39023dbf
2019-10-02 12:09:30,137 [main] INFO  impl.RaftServerProxy (ConfUtils.java:logGet(43)) - raft.rpc.type = GRPC (default)
2019-10-02 12:09:30,137 [main] INFO  grpc.GrpcFactory (GrpcFactory.java:checkPooledByteBufAllocatorUseCacheForAllThreads(45)) - PERFORMANCE WARNING: useCacheForAllThreads is true that may cause Netty to create a lot garbage objects and, as a result, trigger GC.
	It is recommended to disable useCacheForAllThreads by setting -Dorg.apache.ratis.thirdparty.io.netty.allocator.useCacheForAllThreads=false in command line.
2019-10-02 12:09:30,137 [main] INFO  grpc.GrpcConfigKeys$Server (ConfUtils.java:logGet(43)) - raft.grpc.server.port = 0 (default)
2019-10-02 12:09:30,137 [main] INFO  server.GrpcService (ConfUtils.java:logGet(43)) - raft.grpc.message.size.max = 33570816 (custom)
2019-10-02 12:09:30,137 [main] INFO  server.RaftServerConfigKeys (ConfUtils.java:logGet(43)) - raft.server.log.appender.buffer.byte-limit = 33554432 (custom)
2019-10-02 12:09:30,138 [main] INFO  server.GrpcService (ConfUtils.java:logGet(43)) - raft.grpc.flow.control.window = 1MB (=1048576) (default)
2019-10-02 12:09:30,138 [main] INFO  server.RaftServerConfigKeys (ConfUtils.java:logGet(43)) - raft.server.rpc.request.timeout = 3000ms (default)
2019-10-02 12:09:30,138 [main] INFO  server.RaftServerConfigKeys (ConfUtils.java:logGet(43)) - raft.server.storage.dir = [/workdir/hadoop-ozone/integration-test/target/test-dir/MiniOzoneClusterImpl-a1e414a2-928d-43cb-8cf0-dd5a5830e04c/datanode-1/data/ratis] (custom)
2019-10-02 12:09:30,140 [main] INFO  hdfs.DFSUtil (DFSUtil.java:httpServerTemplateForNNAndJN(1641)) - Starting Web-server for hddsDatanode at: http://0.0.0.0:0
2019-10-02 12:09:30,141 [main] INFO  server.AuthenticationFilter (AuthenticationFilter.java:constructSecretProvider(240)) - Unable to initialize FileSignerSecretProvider, falling back to use random secrets.
2019-10-02 12:09:30,141 [main] WARN  http.HttpRequestLog (HttpRequestLog.java:getRequestLog(97)) - Jetty request log can only be enabled using Log4j
2019-10-02 12:09:30,143 [main] INFO  http.HttpServer2 (HttpServer2.java:addGlobalFilter(975)) - Added global filter 'safety' (class=org.apache.hadoop.http.HttpServer2$QuotingInputFilter)
2019-10-02 12:09:30,143 [main] INFO  http.HttpServer2 (HttpServer2.java:addFilter(948)) - Added filter static_user_filter (class=org.apache.hadoop.http.lib.StaticUserWebFilter$StaticUserFilter) to context hddsDatanode
2019-10-02 12:09:30,143 [main] INFO  http.HttpServer2 (HttpServer2.java:addFilter(958)) - Added filter static_user_filter (class=org.apache.hadoop.http.lib.StaticUserWebFilter$StaticUserFilter) to context static
2019-10-02 12:09:30,143 [main] INFO  http.HttpServer2 (HttpServer2.java:addFilter(958)) - Added filter static_user_filter (class=org.apache.hadoop.http.lib.StaticUserWebFilter$StaticUserFilter) to context logs
2019-10-02 12:09:30,144 [main] INFO  http.HttpServer2 (HttpServer2.java:bindListener(1191)) - Jetty bound to port 32881
2019-10-02 12:09:30,144 [main] INFO  server.Server (Server.java:doStart(351)) - jetty-9.3.25.v20180904, build timestamp: 2018-09-04T21:11:46Z, git hash: 3ce520221d0240229c862b122d2b06c12a625732
2019-10-02 12:09:30,146 [main] INFO  handler.ContextHandler (ContextHandler.java:doStart(781)) - Started o.e.j.s.ServletContextHandler@492be039{/logs,file:///workdir/hadoop-ozone/integration-test/target/log,AVAILABLE}
2019-10-02 12:09:30,146 [main] INFO  handler.ContextHandler (ContextHandler.java:doStart(781)) - Started o.e.j.s.ServletContextHandler@1118d539{/static,jar:file:/home/user/.m2/repository/org/apache/hadoop/hadoop-hdds-container-service/0.5.0-SNAPSHOT/hadoop-hdds-container-service-0.5.0-SNAPSHOT.jar!/webapps/static,AVAILABLE}
2019-10-02 12:09:30,171 [main] INFO  handler.ContextHandler (ContextHandler.java:doStart(781)) - Started o.e.j.w.WebAppContext@4ef18604{/,file:///tmp/jetty-0.0.0.0-32881-hddsDatanode-_-any-4163707423202218502.dir/webapp/,AVAILABLE}{/hddsDatanode}
2019-10-02 12:09:30,171 [main] INFO  server.AbstractConnector (AbstractConnector.java:doStart(278)) - Started ServerConnector@372f0a99{HTTP/1.1,[http/1.1]}{0.0.0.0:32881}
2019-10-02 12:09:30,172 [main] INFO  server.Server (Server.java:doStart(419)) - Started @226158ms
2019-10-02 12:09:30,173 [main] WARN  impl.MetricsSystemImpl (MetricsSystemImpl.java:register(276)) - Sink prometheus already exists!
2019-10-02 12:09:30,173 [main] INFO  server.BaseHttpServer (BaseHttpServer.java:updateConnectorAddress(215)) - HTTP server of HDDSDATANODE is listening at http://0.0.0.0:32881
2019-10-02 12:09:30,174 [main] INFO  impl.MetricsSystemImpl (MetricsSystemImpl.java:init(158)) - HddsDatanode metrics system started (again)
2019-10-02 12:09:30,175 [org.apache.hadoop.util.JvmPauseMonitor$Monitor@2fb5ccd4] INFO  util.JvmPauseMonitor (JvmPauseMonitor.java:run(188)) - Starting JVM pause monitor
2019-10-02 12:09:30,178 [Datanode State Machine Thread - 0] INFO  datanode.InitDatanodeState (InitDatanodeState.java:persistContainerDatanodeDetails(140)) - DatanodeDetails is persisted to /workdir/hadoop-ozone/integration-test/target/test-dir/MiniOzoneClusterImpl-a1e414a2-928d-43cb-8cf0-dd5a5830e04c/datanode-1/meta/datanode.id
2019-10-02 12:09:30,179 [main] INFO  ozone.HddsDatanodeService (HddsDatanodeService.java:start(184)) - HddsDatanodeService host:pr-hdds-2231-nwbjw-3761139207 ip:192.168.30.47
2019-10-02 12:09:30,185 [main] INFO  volume.HddsVolume (HddsVolume.java:<init>(176)) - Creating Volume: /workdir/hadoop-ozone/integration-test/target/test-dir/MiniOzoneClusterImpl-a1e414a2-928d-43cb-8cf0-dd5a5830e04c/datanode-2/data/containers/hdds of  storage type : DISK and capacity : 1482555576320
2019-10-02 12:09:30,185 [main] INFO  volume.VolumeSet (VolumeSet.java:initializeVolumeSet(170)) - Added Volume : /workdir/hadoop-ozone/integration-test/target/test-dir/MiniOzoneClusterImpl-a1e414a2-928d-43cb-8cf0-dd5a5830e04c/datanode-2/data/containers/hdds to VolumeSet
2019-10-02 12:09:30,185 [main] INFO  volume.ThrottledAsyncChecker (ThrottledAsyncChecker.java:schedule(139)) - Scheduling a check for org.apache.hadoop.ozone.container.common.volume.HddsVolume@4c18516
2019-10-02 12:09:30,186 [main] INFO  volume.HddsVolumeChecker (HddsVolumeChecker.java:checkAllVolumes(202)) - Scheduled health check for volume org.apache.hadoop.ozone.container.common.volume.HddsVolume@4c18516
2019-10-02 12:09:30,198 [main] INFO  impl.RaftServerProxy (ConfUtils.java:logGet(43)) - raft.rpc.type = GRPC (default)
2019-10-02 12:09:30,198 [main] INFO  grpc.GrpcFactory (GrpcFactory.java:checkPooledByteBufAllocatorUseCacheForAllThreads(45)) - PERFORMANCE WARNING: useCacheForAllThreads is true that may cause Netty to create a lot garbage objects and, as a result, trigger GC.
	It is recommended to disable useCacheForAllThreads by setting -Dorg.apache.ratis.thirdparty.io.netty.allocator.useCacheForAllThreads=false in command line.
2019-10-02 12:09:30,198 [main] INFO  grpc.GrpcConfigKeys$Server (ConfUtils.java:logGet(43)) - raft.grpc.server.port = 0 (default)
2019-10-02 12:09:30,199 [main] INFO  server.GrpcService (ConfUtils.java:logGet(43)) - raft.grpc.message.size.max = 33570816 (custom)
2019-10-02 12:09:30,199 [main] INFO  server.RaftServerConfigKeys (ConfUtils.java:logGet(43)) - raft.server.log.appender.buffer.byte-limit = 33554432 (custom)
2019-10-02 12:09:30,199 [main] INFO  server.GrpcService (ConfUtils.java:logGet(43)) - raft.grpc.flow.control.window = 1MB (=1048576) (default)
2019-10-02 12:09:30,199 [main] INFO  server.RaftServerConfigKeys (ConfUtils.java:logGet(43)) - raft.server.rpc.request.timeout = 3000ms (default)
2019-10-02 12:09:30,199 [main] INFO  server.RaftServerConfigKeys (ConfUtils.java:logGet(43)) - raft.server.storage.dir = [/workdir/hadoop-ozone/integration-test/target/test-dir/MiniOzoneClusterImpl-a1e414a2-928d-43cb-8cf0-dd5a5830e04c/datanode-2/data/ratis] (custom)
2019-10-02 12:09:30,200 [main] INFO  hdfs.DFSUtil (DFSUtil.java:httpServerTemplateForNNAndJN(1641)) - Starting Web-server for hddsDatanode at: http://0.0.0.0:0
2019-10-02 12:09:30,202 [main] INFO  server.AuthenticationFilter (AuthenticationFilter.java:constructSecretProvider(240)) - Unable to initialize FileSignerSecretProvider, falling back to use random secrets.
2019-10-02 12:09:30,202 [main] WARN  http.HttpRequestLog (HttpRequestLog.java:getRequestLog(97)) - Jetty request log can only be enabled using Log4j
2019-10-02 12:09:30,203 [main] INFO  http.HttpServer2 (HttpServer2.java:addGlobalFilter(975)) - Added global filter 'safety' (class=org.apache.hadoop.http.HttpServer2$QuotingInputFilter)
2019-10-02 12:09:30,204 [main] INFO  http.HttpServer2 (HttpServer2.java:addFilter(948)) - Added filter static_user_filter (class=org.apache.hadoop.http.lib.StaticUserWebFilter$StaticUserFilter) to context hddsDatanode
2019-10-02 12:09:30,204 [main] INFO  http.HttpServer2 (HttpServer2.java:addFilter(958)) - Added filter static_user_filter (class=org.apache.hadoop.http.lib.StaticUserWebFilter$StaticUserFilter) to context logs
2019-10-02 12:09:30,204 [main] INFO  http.HttpServer2 (HttpServer2.java:addFilter(958)) - Added filter static_user_filter (class=org.apache.hadoop.http.lib.StaticUserWebFilter$StaticUserFilter) to context static
2019-10-02 12:09:30,205 [main] INFO  http.HttpServer2 (HttpServer2.java:bindListener(1191)) - Jetty bound to port 43330
2019-10-02 12:09:30,205 [main] INFO  server.Server (Server.java:doStart(351)) - jetty-9.3.25.v20180904, build timestamp: 2018-09-04T21:11:46Z, git hash: 3ce520221d0240229c862b122d2b06c12a625732
2019-10-02 12:09:30,207 [main] INFO  handler.ContextHandler (ContextHandler.java:doStart(781)) - Started o.e.j.s.ServletContextHandler@7b96de8d{/logs,file:///workdir/hadoop-ozone/integration-test/target/log,AVAILABLE}
2019-10-02 12:09:30,207 [main] INFO  handler.ContextHandler (ContextHandler.java:doStart(781)) - Started o.e.j.s.ServletContextHandler@4dc52559{/static,jar:file:/home/user/.m2/repository/org/apache/hadoop/hadoop-hdds-container-service/0.5.0-SNAPSHOT/hadoop-hdds-container-service-0.5.0-SNAPSHOT.jar!/webapps/static,AVAILABLE}
2019-10-02 12:09:30,249 [main] INFO  handler.ContextHandler (ContextHandler.java:doStart(781)) - Started o.e.j.w.WebAppContext@50598a1a{/,file:///tmp/jetty-0.0.0.0-43330-hddsDatanode-_-any-632663321591894158.dir/webapp/,AVAILABLE}{/hddsDatanode}
2019-10-02 12:09:30,250 [main] INFO  server.AbstractConnector (AbstractConnector.java:doStart(278)) - Started ServerConnector@14de1901{HTTP/1.1,[http/1.1]}{0.0.0.0:43330}
2019-10-02 12:09:30,251 [main] INFO  server.Server (Server.java:doStart(419)) - Started @226237ms
2019-10-02 12:09:30,251 [main] WARN  impl.MetricsSystemImpl (MetricsSystemImpl.java:register(276)) - Sink prometheus already exists!
2019-10-02 12:09:30,252 [main] INFO  server.BaseHttpServer (BaseHttpServer.java:updateConnectorAddress(215)) - HTTP server of HDDSDATANODE is listening at http://0.0.0.0:43330
2019-10-02 12:09:30,252 [main] INFO  impl.MetricsSystemImpl (MetricsSystemImpl.java:init(158)) - HddsDatanode metrics system started (again)
2019-10-02 12:09:30,257 [org.apache.hadoop.util.JvmPauseMonitor$Monitor@2c903c59] INFO  util.JvmPauseMonitor (JvmPauseMonitor.java:run(188)) - Starting JVM pause monitor
2019-10-02 12:09:30,257 [main] INFO  ozone.HddsDatanodeService (HddsDatanodeService.java:start(184)) - HddsDatanodeService host:pr-hdds-2231-nwbjw-3761139207 ip:192.168.30.47
2019-10-02 12:09:30,258 [Datanode State Machine Thread - 0] INFO  datanode.InitDatanodeState (InitDatanodeState.java:persistContainerDatanodeDetails(140)) - DatanodeDetails is persisted to /workdir/hadoop-ozone/integration-test/target/test-dir/MiniOzoneClusterImpl-a1e414a2-928d-43cb-8cf0-dd5a5830e04c/datanode-2/meta/datanode.id
2019-10-02 12:09:30,262 [main] INFO  volume.HddsVolume (HddsVolume.java:<init>(176)) - Creating Volume: /workdir/hadoop-ozone/integration-test/target/test-dir/MiniOzoneClusterImpl-a1e414a2-928d-43cb-8cf0-dd5a5830e04c/datanode-3/data/containers/hdds of  storage type : DISK and capacity : 1482555576320
2019-10-02 12:09:30,262 [main] INFO  volume.VolumeSet (VolumeSet.java:initializeVolumeSet(170)) - Added Volume : /workdir/hadoop-ozone/integration-test/target/test-dir/MiniOzoneClusterImpl-a1e414a2-928d-43cb-8cf0-dd5a5830e04c/datanode-3/data/containers/hdds to VolumeSet
2019-10-02 12:09:30,263 [main] INFO  volume.ThrottledAsyncChecker (ThrottledAsyncChecker.java:schedule(139)) - Scheduling a check for org.apache.hadoop.ozone.container.common.volume.HddsVolume@6a09484c
2019-10-02 12:09:30,263 [main] INFO  volume.HddsVolumeChecker (HddsVolumeChecker.java:checkAllVolumes(202)) - Scheduled health check for volume org.apache.hadoop.ozone.container.common.volume.HddsVolume@6a09484c
2019-10-02 12:09:30,276 [main] INFO  impl.RaftServerProxy (ConfUtils.java:logGet(43)) - raft.rpc.type = GRPC (default)
2019-10-02 12:09:30,276 [main] INFO  grpc.GrpcFactory (GrpcFactory.java:checkPooledByteBufAllocatorUseCacheForAllThreads(45)) - PERFORMANCE WARNING: useCacheForAllThreads is true that may cause Netty to create a lot garbage objects and, as a result, trigger GC.
	It is recommended to disable useCacheForAllThreads by setting -Dorg.apache.ratis.thirdparty.io.netty.allocator.useCacheForAllThreads=false in command line.
2019-10-02 12:09:30,277 [main] INFO  grpc.GrpcConfigKeys$Server (ConfUtils.java:logGet(43)) - raft.grpc.server.port = 0 (default)
2019-10-02 12:09:30,277 [main] INFO  server.GrpcService (ConfUtils.java:logGet(43)) - raft.grpc.message.size.max = 33570816 (custom)
2019-10-02 12:09:30,277 [main] INFO  server.RaftServerConfigKeys (ConfUtils.java:logGet(43)) - raft.server.log.appender.buffer.byte-limit = 33554432 (custom)
2019-10-02 12:09:30,277 [main] INFO  server.GrpcService (ConfUtils.java:logGet(43)) - raft.grpc.flow.control.window = 1MB (=1048576) (default)
2019-10-02 12:09:30,277 [main] INFO  server.RaftServerConfigKeys (ConfUtils.java:logGet(43)) - raft.server.rpc.request.timeout = 3000ms (default)
2019-10-02 12:09:30,278 [main] INFO  server.RaftServerConfigKeys (ConfUtils.java:logGet(43)) - raft.server.storage.dir = [/workdir/hadoop-ozone/integration-test/target/test-dir/MiniOzoneClusterImpl-a1e414a2-928d-43cb-8cf0-dd5a5830e04c/datanode-3/data/ratis] (custom)
2019-10-02 12:09:30,279 [main] INFO  hdfs.DFSUtil (DFSUtil.java:httpServerTemplateForNNAndJN(1641)) - Starting Web-server for hddsDatanode at: http://0.0.0.0:0
2019-10-02 12:09:30,280 [main] INFO  server.AuthenticationFilter (AuthenticationFilter.java:constructSecretProvider(240)) - Unable to initialize FileSignerSecretProvider, falling back to use random secrets.
2019-10-02 12:09:30,281 [main] WARN  http.HttpRequestLog (HttpRequestLog.java:getRequestLog(97)) - Jetty request log can only be enabled using Log4j
2019-10-02 12:09:30,282 [main] INFO  http.HttpServer2 (HttpServer2.java:addGlobalFilter(975)) - Added global filter 'safety' (class=org.apache.hadoop.http.HttpServer2$QuotingInputFilter)
2019-10-02 12:09:30,282 [main] INFO  http.HttpServer2 (HttpServer2.java:addFilter(948)) - Added filter static_user_filter (class=org.apache.hadoop.http.lib.StaticUserWebFilter$StaticUserFilter) to context hddsDatanode
2019-10-02 12:09:30,283 [main] INFO  http.HttpServer2 (HttpServer2.java:addFilter(958)) - Added filter static_user_filter (class=org.apache.hadoop.http.lib.StaticUserWebFilter$StaticUserFilter) to context logs
2019-10-02 12:09:30,283 [main] INFO  http.HttpServer2 (HttpServer2.java:addFilter(958)) - Added filter static_user_filter (class=org.apache.hadoop.http.lib.StaticUserWebFilter$StaticUserFilter) to context static
2019-10-02 12:09:30,283 [main] INFO  http.HttpServer2 (HttpServer2.java:bindListener(1191)) - Jetty bound to port 46164
2019-10-02 12:09:30,284 [main] INFO  server.Server (Server.java:doStart(351)) - jetty-9.3.25.v20180904, build timestamp: 2018-09-04T21:11:46Z, git hash: 3ce520221d0240229c862b122d2b06c12a625732
2019-10-02 12:09:30,285 [main] INFO  handler.ContextHandler (ContextHandler.java:doStart(781)) - Started o.e.j.s.ServletContextHandler@61359e87{/logs,file:///workdir/hadoop-ozone/integration-test/target/log,AVAILABLE}
2019-10-02 12:09:30,286 [main] INFO  handler.ContextHandler (ContextHandler.java:doStart(781)) - Started o.e.j.s.ServletContextHandler@45037e16{/static,jar:file:/home/user/.m2/repository/org/apache/hadoop/hadoop-hdds-container-service/0.5.0-SNAPSHOT/hadoop-hdds-container-service-0.5.0-SNAPSHOT.jar!/webapps/static,AVAILABLE}
2019-10-02 12:09:30,314 [main] INFO  handler.ContextHandler (ContextHandler.java:doStart(781)) - Started o.e.j.w.WebAppContext@34279b8a{/,file:///tmp/jetty-0.0.0.0-46164-hddsDatanode-_-any-6374548423377255227.dir/webapp/,AVAILABLE}{/hddsDatanode}
2019-10-02 12:09:30,314 [main] INFO  server.AbstractConnector (AbstractConnector.java:doStart(278)) - Started ServerConnector@687389a6{HTTP/1.1,[http/1.1]}{0.0.0.0:46164}
2019-10-02 12:09:30,316 [main] INFO  server.Server (Server.java:doStart(419)) - Started @226301ms
2019-10-02 12:09:30,316 [main] WARN  impl.MetricsSystemImpl (MetricsSystemImpl.java:register(276)) - Sink prometheus already exists!
2019-10-02 12:09:30,316 [main] INFO  server.BaseHttpServer (BaseHttpServer.java:updateConnectorAddress(215)) - HTTP server of HDDSDATANODE is listening at http://0.0.0.0:46164
2019-10-02 12:09:30,317 [main] INFO  impl.MetricsSystemImpl (MetricsSystemImpl.java:init(158)) - HddsDatanode metrics system started (again)
2019-10-02 12:09:30,321 [org.apache.hadoop.util.JvmPauseMonitor$Monitor@13af35b] INFO  util.JvmPauseMonitor (JvmPauseMonitor.java:run(188)) - Starting JVM pause monitor
2019-10-02 12:09:30,322 [main] INFO  ozone.HddsDatanodeService (HddsDatanodeService.java:start(184)) - HddsDatanodeService host:pr-hdds-2231-nwbjw-3761139207 ip:192.168.30.47
2019-10-02 12:09:30,322 [Datanode State Machine Thread - 0] INFO  datanode.InitDatanodeState (InitDatanodeState.java:persistContainerDatanodeDetails(140)) - DatanodeDetails is persisted to /workdir/hadoop-ozone/integration-test/target/test-dir/MiniOzoneClusterImpl-a1e414a2-928d-43cb-8cf0-dd5a5830e04c/datanode-3/meta/datanode.id
2019-10-02 12:09:30,327 [main] INFO  volume.HddsVolume (HddsVolume.java:<init>(176)) - Creating Volume: /workdir/hadoop-ozone/integration-test/target/test-dir/MiniOzoneClusterImpl-a1e414a2-928d-43cb-8cf0-dd5a5830e04c/datanode-4/data/containers/hdds of  storage type : DISK and capacity : 1482555576320
2019-10-02 12:09:30,327 [main] INFO  volume.VolumeSet (VolumeSet.java:initializeVolumeSet(170)) - Added Volume : /workdir/hadoop-ozone/integration-test/target/test-dir/MiniOzoneClusterImpl-a1e414a2-928d-43cb-8cf0-dd5a5830e04c/datanode-4/data/containers/hdds to VolumeSet
2019-10-02 12:09:30,328 [main] INFO  volume.ThrottledAsyncChecker (ThrottledAsyncChecker.java:schedule(139)) - Scheduling a check for org.apache.hadoop.ozone.container.common.volume.HddsVolume@681061d6
2019-10-02 12:09:30,328 [main] INFO  volume.HddsVolumeChecker (HddsVolumeChecker.java:checkAllVolumes(202)) - Scheduled health check for volume org.apache.hadoop.ozone.container.common.volume.HddsVolume@681061d6
2019-10-02 12:09:30,341 [main] INFO  impl.RaftServerProxy (ConfUtils.java:logGet(43)) - raft.rpc.type = GRPC (default)
2019-10-02 12:09:30,341 [main] INFO  grpc.GrpcFactory (GrpcFactory.java:checkPooledByteBufAllocatorUseCacheForAllThreads(45)) - PERFORMANCE WARNING: useCacheForAllThreads is true that may cause Netty to create a lot garbage objects and, as a result, trigger GC.
	It is recommended to disable useCacheForAllThreads by setting -Dorg.apache.ratis.thirdparty.io.netty.allocator.useCacheForAllThreads=false in command line.
2019-10-02 12:09:30,341 [main] INFO  grpc.GrpcConfigKeys$Server (ConfUtils.java:logGet(43)) - raft.grpc.server.port = 0 (default)
2019-10-02 12:09:30,341 [main] INFO  server.GrpcService (ConfUtils.java:logGet(43)) - raft.grpc.message.size.max = 33570816 (custom)
2019-10-02 12:09:30,342 [main] INFO  server.RaftServerConfigKeys (ConfUtils.java:logGet(43)) - raft.server.log.appender.buffer.byte-limit = 33554432 (custom)
2019-10-02 12:09:30,342 [main] INFO  server.GrpcService (ConfUtils.java:logGet(43)) - raft.grpc.flow.control.window = 1MB (=1048576) (default)
2019-10-02 12:09:30,342 [main] INFO  server.RaftServerConfigKeys (ConfUtils.java:logGet(43)) - raft.server.rpc.request.timeout = 3000ms (default)
2019-10-02 12:09:30,342 [main] INFO  server.RaftServerConfigKeys (ConfUtils.java:logGet(43)) - raft.server.storage.dir = [/workdir/hadoop-ozone/integration-test/target/test-dir/MiniOzoneClusterImpl-a1e414a2-928d-43cb-8cf0-dd5a5830e04c/datanode-4/data/ratis] (custom)
2019-10-02 12:09:30,343 [main] INFO  hdfs.DFSUtil (DFSUtil.java:httpServerTemplateForNNAndJN(1641)) - Starting Web-server for hddsDatanode at: http://0.0.0.0:0
2019-10-02 12:09:30,345 [main] INFO  server.AuthenticationFilter (AuthenticationFilter.java:constructSecretProvider(240)) - Unable to initialize FileSignerSecretProvider, falling back to use random secrets.
2019-10-02 12:09:30,345 [main] WARN  http.HttpRequestLog (HttpRequestLog.java:getRequestLog(97)) - Jetty request log can only be enabled using Log4j
2019-10-02 12:09:30,346 [main] INFO  http.HttpServer2 (HttpServer2.java:addGlobalFilter(975)) - Added global filter 'safety' (class=org.apache.hadoop.http.HttpServer2$QuotingInputFilter)
2019-10-02 12:09:30,347 [main] INFO  http.HttpServer2 (HttpServer2.java:addFilter(948)) - Added filter static_user_filter (class=org.apache.hadoop.http.lib.StaticUserWebFilter$StaticUserFilter) to context hddsDatanode
2019-10-02 12:09:30,347 [main] INFO  http.HttpServer2 (HttpServer2.java:addFilter(958)) - Added filter static_user_filter (class=org.apache.hadoop.http.lib.StaticUserWebFilter$StaticUserFilter) to context static
2019-10-02 12:09:30,347 [main] INFO  http.HttpServer2 (HttpServer2.java:addFilter(958)) - Added filter static_user_filter (class=org.apache.hadoop.http.lib.StaticUserWebFilter$StaticUserFilter) to context logs
2019-10-02 12:09:30,348 [main] INFO  http.HttpServer2 (HttpServer2.java:bindListener(1191)) - Jetty bound to port 37542
2019-10-02 12:09:30,348 [main] INFO  server.Server (Server.java:doStart(351)) - jetty-9.3.25.v20180904, build timestamp: 2018-09-04T21:11:46Z, git hash: 3ce520221d0240229c862b122d2b06c12a625732
2019-10-02 12:09:30,349 [main] INFO  handler.ContextHandler (ContextHandler.java:doStart(781)) - Started o.e.j.s.ServletContextHandler@599f1b7{/logs,file:///workdir/hadoop-ozone/integration-test/target/log,AVAILABLE}
2019-10-02 12:09:30,350 [main] INFO  handler.ContextHandler (ContextHandler.java:doStart(781)) - Started o.e.j.s.ServletContextHandler@64f4f12{/static,jar:file:/home/user/.m2/repository/org/apache/hadoop/hadoop-hdds-container-service/0.5.0-SNAPSHOT/hadoop-hdds-container-service-0.5.0-SNAPSHOT.jar!/webapps/static,AVAILABLE}
2019-10-02 12:09:30,377 [main] INFO  handler.ContextHandler (ContextHandler.java:doStart(781)) - Started o.e.j.w.WebAppContext@6ac45c0c{/,file:///tmp/jetty-0.0.0.0-37542-hddsDatanode-_-any-5142189280475358406.dir/webapp/,AVAILABLE}{/hddsDatanode}
2019-10-02 12:09:30,378 [main] INFO  server.AbstractConnector (AbstractConnector.java:doStart(278)) - Started ServerConnector@12192604{HTTP/1.1,[http/1.1]}{0.0.0.0:37542}
2019-10-02 12:09:30,379 [main] INFO  server.Server (Server.java:doStart(419)) - Started @226365ms
2019-10-02 12:09:30,379 [main] WARN  impl.MetricsSystemImpl (MetricsSystemImpl.java:register(276)) - Sink prometheus already exists!
2019-10-02 12:09:30,380 [main] INFO  server.BaseHttpServer (BaseHttpServer.java:updateConnectorAddress(215)) - HTTP server of HDDSDATANODE is listening at http://0.0.0.0:37542
2019-10-02 12:09:30,380 [main] INFO  impl.MetricsSystemImpl (MetricsSystemImpl.java:init(158)) - HddsDatanode metrics system started (again)
2019-10-02 12:09:30,385 [org.apache.hadoop.util.JvmPauseMonitor$Monitor@1ea6150b] INFO  util.JvmPauseMonitor (JvmPauseMonitor.java:run(188)) - Starting JVM pause monitor
2019-10-02 12:09:30,386 [main] INFO  ozone.HddsDatanodeService (HddsDatanodeService.java:start(184)) - HddsDatanodeService host:pr-hdds-2231-nwbjw-3761139207 ip:192.168.30.47
2019-10-02 12:09:30,387 [Datanode State Machine Thread - 0] INFO  datanode.InitDatanodeState (InitDatanodeState.java:persistContainerDatanodeDetails(140)) - DatanodeDetails is persisted to /workdir/hadoop-ozone/integration-test/target/test-dir/MiniOzoneClusterImpl-a1e414a2-928d-43cb-8cf0-dd5a5830e04c/datanode-4/meta/datanode.id
2019-10-02 12:09:30,393 [main] INFO  volume.HddsVolume (HddsVolume.java:<init>(176)) - Creating Volume: /workdir/hadoop-ozone/integration-test/target/test-dir/MiniOzoneClusterImpl-a1e414a2-928d-43cb-8cf0-dd5a5830e04c/datanode-5/data/containers/hdds of  storage type : DISK and capacity : 1482555576320
2019-10-02 12:09:30,393 [main] INFO  volume.VolumeSet (VolumeSet.java:initializeVolumeSet(170)) - Added Volume : /workdir/hadoop-ozone/integration-test/target/test-dir/MiniOzoneClusterImpl-a1e414a2-928d-43cb-8cf0-dd5a5830e04c/datanode-5/data/containers/hdds to VolumeSet
2019-10-02 12:09:30,393 [main] INFO  volume.ThrottledAsyncChecker (ThrottledAsyncChecker.java:schedule(139)) - Scheduling a check for org.apache.hadoop.ozone.container.common.volume.HddsVolume@2eb0cefe
2019-10-02 12:09:30,394 [main] INFO  volume.HddsVolumeChecker (HddsVolumeChecker.java:checkAllVolumes(202)) - Scheduled health check for volume org.apache.hadoop.ozone.container.common.volume.HddsVolume@2eb0cefe
2019-10-02 12:09:30,408 [main] INFO  impl.RaftServerProxy (ConfUtils.java:logGet(43)) - raft.rpc.type = GRPC (default)
2019-10-02 12:09:30,409 [main] INFO  grpc.GrpcFactory (GrpcFactory.java:checkPooledByteBufAllocatorUseCacheForAllThreads(45)) - PERFORMANCE WARNING: useCacheForAllThreads is true that may cause Netty to create a lot garbage objects and, as a result, trigger GC.
	It is recommended to disable useCacheForAllThreads by setting -Dorg.apache.ratis.thirdparty.io.netty.allocator.useCacheForAllThreads=false in command line.
2019-10-02 12:09:30,409 [main] INFO  grpc.GrpcConfigKeys$Server (ConfUtils.java:logGet(43)) - raft.grpc.server.port = 0 (default)
2019-10-02 12:09:30,409 [main] INFO  server.GrpcService (ConfUtils.java:logGet(43)) - raft.grpc.message.size.max = 33570816 (custom)
2019-10-02 12:09:30,409 [main] INFO  server.RaftServerConfigKeys (ConfUtils.java:logGet(43)) - raft.server.log.appender.buffer.byte-limit = 33554432 (custom)
2019-10-02 12:09:30,409 [main] INFO  server.GrpcService (ConfUtils.java:logGet(43)) - raft.grpc.flow.control.window = 1MB (=1048576) (default)
2019-10-02 12:09:30,409 [main] INFO  server.RaftServerConfigKeys (ConfUtils.java:logGet(43)) - raft.server.rpc.request.timeout = 3000ms (default)
2019-10-02 12:09:30,410 [main] INFO  server.RaftServerConfigKeys (ConfUtils.java:logGet(43)) - raft.server.storage.dir = [/workdir/hadoop-ozone/integration-test/target/test-dir/MiniOzoneClusterImpl-a1e414a2-928d-43cb-8cf0-dd5a5830e04c/datanode-5/data/ratis] (custom)
2019-10-02 12:09:30,411 [main] INFO  hdfs.DFSUtil (DFSUtil.java:httpServerTemplateForNNAndJN(1641)) - Starting Web-server for hddsDatanode at: http://0.0.0.0:0
2019-10-02 12:09:30,412 [main] INFO  server.AuthenticationFilter (AuthenticationFilter.java:constructSecretProvider(240)) - Unable to initialize FileSignerSecretProvider, falling back to use random secrets.
2019-10-02 12:09:30,413 [main] WARN  http.HttpRequestLog (HttpRequestLog.java:getRequestLog(97)) - Jetty request log can only be enabled using Log4j
2019-10-02 12:09:30,414 [main] INFO  http.HttpServer2 (HttpServer2.java:addGlobalFilter(975)) - Added global filter 'safety' (class=org.apache.hadoop.http.HttpServer2$QuotingInputFilter)
2019-10-02 12:09:30,414 [main] INFO  http.HttpServer2 (HttpServer2.java:addFilter(948)) - Added filter static_user_filter (class=org.apache.hadoop.http.lib.StaticUserWebFilter$StaticUserFilter) to context hddsDatanode
2019-10-02 12:09:30,414 [main] INFO  http.HttpServer2 (HttpServer2.java:addFilter(958)) - Added filter static_user_filter (class=org.apache.hadoop.http.lib.StaticUserWebFilter$StaticUserFilter) to context logs
2019-10-02 12:09:30,415 [main] INFO  http.HttpServer2 (HttpServer2.java:addFilter(958)) - Added filter static_user_filter (class=org.apache.hadoop.http.lib.StaticUserWebFilter$StaticUserFilter) to context static
2019-10-02 12:09:30,415 [main] INFO  http.HttpServer2 (HttpServer2.java:bindListener(1191)) - Jetty bound to port 45145
2019-10-02 12:09:30,415 [main] INFO  server.Server (Server.java:doStart(351)) - jetty-9.3.25.v20180904, build timestamp: 2018-09-04T21:11:46Z, git hash: 3ce520221d0240229c862b122d2b06c12a625732
2019-10-02 12:09:30,417 [main] INFO  handler.ContextHandler (ContextHandler.java:doStart(781)) - Started o.e.j.s.ServletContextHandler@4584304{/logs,file:///workdir/hadoop-ozone/integration-test/target/log,AVAILABLE}
2019-10-02 12:09:30,417 [main] INFO  handler.ContextHandler (ContextHandler.java:doStart(781)) - Started o.e.j.s.ServletContextHandler@6f50d55c{/static,jar:file:/home/user/.m2/repository/org/apache/hadoop/hadoop-hdds-container-service/0.5.0-SNAPSHOT/hadoop-hdds-container-service-0.5.0-SNAPSHOT.jar!/webapps/static,AVAILABLE}
2019-10-02 12:09:30,446 [main] INFO  handler.ContextHandler (ContextHandler.java:doStart(781)) - Started o.e.j.w.WebAppContext@5eb87338{/,file:///tmp/jetty-0.0.0.0-45145-hddsDatanode-_-any-4352460195441144178.dir/webapp/,AVAILABLE}{/hddsDatanode}
2019-10-02 12:09:30,447 [main] INFO  server.AbstractConnector (AbstractConnector.java:doStart(278)) - Started ServerConnector@2b999ee8{HTTP/1.1,[http/1.1]}{0.0.0.0:45145}
2019-10-02 12:09:30,449 [main] INFO  server.Server (Server.java:doStart(419)) - Started @226434ms
2019-10-02 12:09:30,449 [main] WARN  impl.MetricsSystemImpl (MetricsSystemImpl.java:register(276)) - Sink prometheus already exists!
2019-10-02 12:09:30,449 [main] INFO  server.BaseHttpServer (BaseHttpServer.java:updateConnectorAddress(215)) - HTTP server of HDDSDATANODE is listening at http://0.0.0.0:45145
2019-10-02 12:09:30,450 [main] INFO  impl.MetricsSystemImpl (MetricsSystemImpl.java:init(158)) - HddsDatanode metrics system started (again)
2019-10-02 12:09:30,455 [org.apache.hadoop.util.JvmPauseMonitor$Monitor@7deed077] INFO  util.JvmPauseMonitor (JvmPauseMonitor.java:run(188)) - Starting JVM pause monitor
2019-10-02 12:09:30,456 [main] INFO  ozone.HddsDatanodeService (HddsDatanodeService.java:start(184)) - HddsDatanodeService host:pr-hdds-2231-nwbjw-3761139207 ip:192.168.30.47
2019-10-02 12:09:30,456 [Datanode State Machine Thread - 0] INFO  datanode.InitDatanodeState (InitDatanodeState.java:persistContainerDatanodeDetails(140)) - DatanodeDetails is persisted to /workdir/hadoop-ozone/integration-test/target/test-dir/MiniOzoneClusterImpl-a1e414a2-928d-43cb-8cf0-dd5a5830e04c/datanode-5/meta/datanode.id
2019-10-02 12:09:30,461 [main] INFO  volume.HddsVolume (HddsVolume.java:<init>(176)) - Creating Volume: /workdir/hadoop-ozone/integration-test/target/test-dir/MiniOzoneClusterImpl-a1e414a2-928d-43cb-8cf0-dd5a5830e04c/datanode-6/data/containers/hdds of  storage type : DISK and capacity : 1482555576320
2019-10-02 12:09:30,462 [main] INFO  volume.VolumeSet (VolumeSet.java:initializeVolumeSet(170)) - Added Volume : /workdir/hadoop-ozone/integration-test/target/test-dir/MiniOzoneClusterImpl-a1e414a2-928d-43cb-8cf0-dd5a5830e04c/datanode-6/data/containers/hdds to VolumeSet
2019-10-02 12:09:30,462 [main] INFO  volume.ThrottledAsyncChecker (ThrottledAsyncChecker.java:schedule(139)) - Scheduling a check for org.apache.hadoop.ozone.container.common.volume.HddsVolume@4fea840f
2019-10-02 12:09:30,462 [main] INFO  volume.HddsVolumeChecker (HddsVolumeChecker.java:checkAllVolumes(202)) - Scheduled health check for volume org.apache.hadoop.ozone.container.common.volume.HddsVolume@4fea840f
2019-10-02 12:09:30,477 [main] INFO  impl.RaftServerProxy (ConfUtils.java:logGet(43)) - raft.rpc.type = GRPC (default)
2019-10-02 12:09:30,478 [main] INFO  grpc.GrpcFactory (GrpcFactory.java:checkPooledByteBufAllocatorUseCacheForAllThreads(45)) - PERFORMANCE WARNING: useCacheForAllThreads is true that may cause Netty to create a lot garbage objects and, as a result, trigger GC.
	It is recommended to disable useCacheForAllThreads by setting -Dorg.apache.ratis.thirdparty.io.netty.allocator.useCacheForAllThreads=false in command line.
2019-10-02 12:09:30,478 [main] INFO  grpc.GrpcConfigKeys$Server (ConfUtils.java:logGet(43)) - raft.grpc.server.port = 0 (default)
2019-10-02 12:09:30,478 [main] INFO  server.GrpcService (ConfUtils.java:logGet(43)) - raft.grpc.message.size.max = 33570816 (custom)
2019-10-02 12:09:30,478 [main] INFO  server.RaftServerConfigKeys (ConfUtils.java:logGet(43)) - raft.server.log.appender.buffer.byte-limit = 33554432 (custom)
2019-10-02 12:09:30,479 [main] INFO  server.GrpcService (ConfUtils.java:logGet(43)) - raft.grpc.flow.control.window = 1MB (=1048576) (default)
2019-10-02 12:09:30,479 [main] INFO  server.RaftServerConfigKeys (ConfUtils.java:logGet(43)) - raft.server.rpc.request.timeout = 3000ms (default)
2019-10-02 12:09:30,479 [main] INFO  server.RaftServerConfigKeys (ConfUtils.java:logGet(43)) - raft.server.storage.dir = [/workdir/hadoop-ozone/integration-test/target/test-dir/MiniOzoneClusterImpl-a1e414a2-928d-43cb-8cf0-dd5a5830e04c/datanode-6/data/ratis] (custom)
2019-10-02 12:09:30,480 [main] INFO  hdfs.DFSUtil (DFSUtil.java:httpServerTemplateForNNAndJN(1641)) - Starting Web-server for hddsDatanode at: http://0.0.0.0:0
2019-10-02 12:09:30,481 [main] INFO  server.AuthenticationFilter (AuthenticationFilter.java:constructSecretProvider(240)) - Unable to initialize FileSignerSecretProvider, falling back to use random secrets.
2019-10-02 12:09:30,482 [main] WARN  http.HttpRequestLog (HttpRequestLog.java:getRequestLog(97)) - Jetty request log can only be enabled using Log4j
2019-10-02 12:09:30,483 [main] INFO  http.HttpServer2 (HttpServer2.java:addGlobalFilter(975)) - Added global filter 'safety' (class=org.apache.hadoop.http.HttpServer2$QuotingInputFilter)
2019-10-02 12:09:30,484 [main] INFO  http.HttpServer2 (HttpServer2.java:addFilter(948)) - Added filter static_user_filter (class=org.apache.hadoop.http.lib.StaticUserWebFilter$StaticUserFilter) to context hddsDatanode
2019-10-02 12:09:30,484 [main] INFO  http.HttpServer2 (HttpServer2.java:addFilter(958)) - Added filter static_user_filter (class=org.apache.hadoop.http.lib.StaticUserWebFilter$StaticUserFilter) to context logs
2019-10-02 12:09:30,484 [main] INFO  http.HttpServer2 (HttpServer2.java:addFilter(958)) - Added filter static_user_filter (class=org.apache.hadoop.http.lib.StaticUserWebFilter$StaticUserFilter) to context static
2019-10-02 12:09:30,484 [main] INFO  http.HttpServer2 (HttpServer2.java:bindListener(1191)) - Jetty bound to port 43939
2019-10-02 12:09:30,484 [main] INFO  server.Server (Server.java:doStart(351)) - jetty-9.3.25.v20180904, build timestamp: 2018-09-04T21:11:46Z, git hash: 3ce520221d0240229c862b122d2b06c12a625732
2019-10-02 12:09:30,486 [main] INFO  handler.ContextHandler (ContextHandler.java:doStart(781)) - Started o.e.j.s.ServletContextHandler@66e341e9{/logs,file:///workdir/hadoop-ozone/integration-test/target/log,AVAILABLE}
2019-10-02 12:09:30,486 [main] INFO  handler.ContextHandler (ContextHandler.java:doStart(781)) - Started o.e.j.s.ServletContextHandler@546ed2a0{/static,jar:file:/home/user/.m2/repository/org/apache/hadoop/hadoop-hdds-container-service/0.5.0-SNAPSHOT/hadoop-hdds-container-service-0.5.0-SNAPSHOT.jar!/webapps/static,AVAILABLE}
2019-10-02 12:09:30,513 [main] INFO  handler.ContextHandler (ContextHandler.java:doStart(781)) - Started o.e.j.w.WebAppContext@511da44f{/,file:///tmp/jetty-0.0.0.0-43939-hddsDatanode-_-any-2101195353975924003.dir/webapp/,AVAILABLE}{/hddsDatanode}
2019-10-02 12:09:30,514 [main] INFO  server.AbstractConnector (AbstractConnector.java:doStart(278)) - Started ServerConnector@4645679e{HTTP/1.1,[http/1.1]}{0.0.0.0:43939}
2019-10-02 12:09:30,516 [main] INFO  server.Server (Server.java:doStart(419)) - Started @226502ms
2019-10-02 12:09:30,516 [main] WARN  impl.MetricsSystemImpl (MetricsSystemImpl.java:register(276)) - Sink prometheus already exists!
2019-10-02 12:09:30,517 [main] INFO  server.BaseHttpServer (BaseHttpServer.java:updateConnectorAddress(215)) - HTTP server of HDDSDATANODE is listening at http://0.0.0.0:43939
2019-10-02 12:09:30,517 [main] INFO  ozone.MiniOzoneClusterImpl (MiniOzoneClusterImpl.java:lambda$waitForClusterToBeReady$0(147)) - Waiting for cluster to be ready. Got 0 of 7 DN Heartbeats.
2019-10-02 12:09:30,518 [org.apache.hadoop.util.JvmPauseMonitor$Monitor@23962958] INFO  util.JvmPauseMonitor (JvmPauseMonitor.java:run(188)) - Starting JVM pause monitor
2019-10-02 12:09:30,519 [Datanode State Machine Thread - 0] INFO  datanode.InitDatanodeState (InitDatanodeState.java:persistContainerDatanodeDetails(140)) - DatanodeDetails is persisted to /workdir/hadoop-ozone/integration-test/target/test-dir/MiniOzoneClusterImpl-a1e414a2-928d-43cb-8cf0-dd5a5830e04c/datanode-6/meta/datanode.id
2019-10-02 12:09:31,517 [main] INFO  ozone.MiniOzoneClusterImpl (MiniOzoneClusterImpl.java:lambda$waitForClusterToBeReady$0(147)) - Waiting for cluster to be ready. Got 0 of 7 DN Heartbeats.
2019-10-02 12:09:32,165 [Datanode State Machine Thread - 0] INFO  ozoneimpl.OzoneContainer (OzoneContainer.java:start(217)) - Attempting to start container services.
2019-10-02 12:09:32,165 [Datanode State Machine Thread - 0] INFO  ozoneimpl.OzoneContainer (OzoneContainer.java:startContainerScrub(179)) - Background container scanner has been disabled.
2019-10-02 12:09:32,165 [Datanode State Machine Thread - 0] INFO  ratis.XceiverServerRatis (XceiverServerRatis.java:start(417)) - Starting XceiverServerRatis 03547a15-859a-45d6-b0ce-d12496de5dda at port 0
2019-10-02 12:09:32,173 [Datanode State Machine Thread - 0] INFO  impl.RaftServerProxy (RaftServerProxy.java:lambda$start$3(299)) - 03547a15-859a-45d6-b0ce-d12496de5dda: start RPC server
2019-10-02 12:09:32,175 [Datanode State Machine Thread - 0] INFO  server.GrpcService (GrpcService.java:startImpl(158)) - 03547a15-859a-45d6-b0ce-d12496de5dda: GrpcService started, listening on 0.0.0.0/0.0.0.0:43588
2019-10-02 12:09:32,175 [Datanode State Machine Thread - 0] INFO  ratis.XceiverServerRatis (XceiverServerRatis.java:start(427)) - XceiverServerRatis 03547a15-859a-45d6-b0ce-d12496de5dda is started using port 43588
2019-10-02 12:09:32,176 [Datanode State Machine Thread - 0] INFO  server.XceiverServerGrpc (XceiverServerGrpc.java:start(149)) - XceiverServerGrpc 03547a15-859a-45d6-b0ce-d12496de5dda is started using port 35614
2019-10-02 12:09:32,195 [Datanode State Machine Thread - 0] INFO  ozoneimpl.OzoneContainer (OzoneContainer.java:start(217)) - Attempting to start container services.
2019-10-02 12:09:32,195 [Datanode State Machine Thread - 0] INFO  ozoneimpl.OzoneContainer (OzoneContainer.java:startContainerScrub(179)) - Background container scanner has been disabled.
2019-10-02 12:09:32,195 [Datanode State Machine Thread - 0] INFO  ratis.XceiverServerRatis (XceiverServerRatis.java:start(417)) - Starting XceiverServerRatis 6bdf831b-f033-4291-83f0-c30608baa8e5 at port 0
2019-10-02 12:09:32,202 [Datanode State Machine Thread - 0] INFO  impl.RaftServerProxy (RaftServerProxy.java:lambda$start$3(299)) - 6bdf831b-f033-4291-83f0-c30608baa8e5: start RPC server
2019-10-02 12:09:32,202 [Datanode State Machine Thread - 0] INFO  server.GrpcService (GrpcService.java:startImpl(158)) - 6bdf831b-f033-4291-83f0-c30608baa8e5: GrpcService started, listening on 0.0.0.0/0.0.0.0:35483
2019-10-02 12:09:32,202 [Datanode State Machine Thread - 0] INFO  ratis.XceiverServerRatis (XceiverServerRatis.java:start(427)) - XceiverServerRatis 6bdf831b-f033-4291-83f0-c30608baa8e5 is started using port 35483
2019-10-02 12:09:32,203 [Datanode State Machine Thread - 0] INFO  server.XceiverServerGrpc (XceiverServerGrpc.java:start(149)) - XceiverServerGrpc 6bdf831b-f033-4291-83f0-c30608baa8e5 is started using port 33764
2019-10-02 12:09:32,279 [Datanode State Machine Thread - 0] INFO  ozoneimpl.OzoneContainer (OzoneContainer.java:start(217)) - Attempting to start container services.
2019-10-02 12:09:32,279 [Datanode State Machine Thread - 0] INFO  ozoneimpl.OzoneContainer (OzoneContainer.java:startContainerScrub(179)) - Background container scanner has been disabled.
2019-10-02 12:09:32,279 [Datanode State Machine Thread - 0] INFO  ratis.XceiverServerRatis (XceiverServerRatis.java:start(417)) - Starting XceiverServerRatis f33d517f-e42f-4acb-af98-039ff957946e at port 0
2019-10-02 12:09:32,285 [Datanode State Machine Thread - 0] INFO  impl.RaftServerProxy (RaftServerProxy.java:lambda$start$3(299)) - f33d517f-e42f-4acb-af98-039ff957946e: start RPC server
2019-10-02 12:09:32,287 [Datanode State Machine Thread - 0] INFO  server.GrpcService (GrpcService.java:startImpl(158)) - f33d517f-e42f-4acb-af98-039ff957946e: GrpcService started, listening on 0.0.0.0/0.0.0.0:41104
2019-10-02 12:09:32,288 [Datanode State Machine Thread - 0] INFO  ratis.XceiverServerRatis (XceiverServerRatis.java:start(427)) - XceiverServerRatis f33d517f-e42f-4acb-af98-039ff957946e is started using port 41104
2019-10-02 12:09:32,288 [Datanode State Machine Thread - 0] INFO  server.XceiverServerGrpc (XceiverServerGrpc.java:start(149)) - XceiverServerGrpc f33d517f-e42f-4acb-af98-039ff957946e is started using port 34075
2019-10-02 12:09:32,344 [Datanode State Machine Thread - 0] INFO  ozoneimpl.OzoneContainer (OzoneContainer.java:start(217)) - Attempting to start container services.
2019-10-02 12:09:32,345 [Datanode State Machine Thread - 0] INFO  ozoneimpl.OzoneContainer (OzoneContainer.java:startContainerScrub(179)) - Background container scanner has been disabled.
2019-10-02 12:09:32,345 [Datanode State Machine Thread - 0] INFO  ratis.XceiverServerRatis (XceiverServerRatis.java:start(417)) - Starting XceiverServerRatis 207ab1ec-2856-4677-9fa8-2ee545bd3e9e at port 0
2019-10-02 12:09:32,350 [Datanode State Machine Thread - 0] INFO  impl.RaftServerProxy (RaftServerProxy.java:lambda$start$3(299)) - 207ab1ec-2856-4677-9fa8-2ee545bd3e9e: start RPC server
2019-10-02 12:09:32,353 [Datanode State Machine Thread - 0] INFO  server.GrpcService (GrpcService.java:startImpl(158)) - 207ab1ec-2856-4677-9fa8-2ee545bd3e9e: GrpcService started, listening on 0.0.0.0/0.0.0.0:40536
2019-10-02 12:09:32,353 [Datanode State Machine Thread - 0] INFO  ratis.XceiverServerRatis (XceiverServerRatis.java:start(427)) - XceiverServerRatis 207ab1ec-2856-4677-9fa8-2ee545bd3e9e is started using port 40536
2019-10-02 12:09:32,353 [Datanode State Machine Thread - 0] INFO  server.XceiverServerGrpc (XceiverServerGrpc.java:start(149)) - XceiverServerGrpc 207ab1ec-2856-4677-9fa8-2ee545bd3e9e is started using port 43244
2019-10-02 12:09:32,407 [Datanode State Machine Thread - 0] INFO  ozoneimpl.OzoneContainer (OzoneContainer.java:start(217)) - Attempting to start container services.
2019-10-02 12:09:32,408 [Datanode State Machine Thread - 0] INFO  ozoneimpl.OzoneContainer (OzoneContainer.java:startContainerScrub(179)) - Background container scanner has been disabled.
2019-10-02 12:09:32,408 [Datanode State Machine Thread - 0] INFO  ratis.XceiverServerRatis (XceiverServerRatis.java:start(417)) - Starting XceiverServerRatis 951e34a4-428b-40d1-882b-e95786ef97f1 at port 0
2019-10-02 12:09:32,414 [Datanode State Machine Thread - 0] INFO  impl.RaftServerProxy (RaftServerProxy.java:lambda$start$3(299)) - 951e34a4-428b-40d1-882b-e95786ef97f1: start RPC server
2019-10-02 12:09:32,417 [Datanode State Machine Thread - 0] INFO  server.GrpcService (GrpcService.java:startImpl(158)) - 951e34a4-428b-40d1-882b-e95786ef97f1: GrpcService started, listening on 0.0.0.0/0.0.0.0:33549
2019-10-02 12:09:32,417 [Datanode State Machine Thread - 0] INFO  ratis.XceiverServerRatis (XceiverServerRatis.java:start(427)) - XceiverServerRatis 951e34a4-428b-40d1-882b-e95786ef97f1 is started using port 33549
2019-10-02 12:09:32,419 [Datanode State Machine Thread - 0] INFO  server.XceiverServerGrpc (XceiverServerGrpc.java:start(149)) - XceiverServerGrpc 951e34a4-428b-40d1-882b-e95786ef97f1 is started using port 45736
2019-10-02 12:09:32,497 [Datanode State Machine Thread - 0] INFO  ozoneimpl.OzoneContainer (OzoneContainer.java:start(217)) - Attempting to start container services.
2019-10-02 12:09:32,497 [Datanode State Machine Thread - 0] INFO  ozoneimpl.OzoneContainer (OzoneContainer.java:startContainerScrub(179)) - Background container scanner has been disabled.
2019-10-02 12:09:32,498 [Datanode State Machine Thread - 0] INFO  ratis.XceiverServerRatis (XceiverServerRatis.java:start(417)) - Starting XceiverServerRatis fdf94c36-46e8-42d3-bacb-d2f2ee6f832e at port 0
2019-10-02 12:09:32,504 [Datanode State Machine Thread - 0] INFO  impl.RaftServerProxy (RaftServerProxy.java:lambda$start$3(299)) - fdf94c36-46e8-42d3-bacb-d2f2ee6f832e: start RPC server
2019-10-02 12:09:32,505 [Datanode State Machine Thread - 0] INFO  server.GrpcService (GrpcService.java:startImpl(158)) - fdf94c36-46e8-42d3-bacb-d2f2ee6f832e: GrpcService started, listening on 0.0.0.0/0.0.0.0:41567
2019-10-02 12:09:32,505 [Datanode State Machine Thread - 0] INFO  ratis.XceiverServerRatis (XceiverServerRatis.java:start(427)) - XceiverServerRatis fdf94c36-46e8-42d3-bacb-d2f2ee6f832e is started using port 41567
2019-10-02 12:09:32,505 [Datanode State Machine Thread - 0] INFO  server.XceiverServerGrpc (XceiverServerGrpc.java:start(149)) - XceiverServerGrpc fdf94c36-46e8-42d3-bacb-d2f2ee6f832e is started using port 46326
2019-10-02 12:09:32,518 [main] INFO  ozone.MiniOzoneClusterImpl (MiniOzoneClusterImpl.java:lambda$waitForClusterToBeReady$0(147)) - Waiting for cluster to be ready. Got 0 of 7 DN Heartbeats.
2019-10-02 12:09:32,541 [Datanode State Machine Thread - 0] INFO  ozoneimpl.OzoneContainer (OzoneContainer.java:start(217)) - Attempting to start container services.
2019-10-02 12:09:32,541 [Datanode State Machine Thread - 0] INFO  ozoneimpl.OzoneContainer (OzoneContainer.java:startContainerScrub(179)) - Background container scanner has been disabled.
2019-10-02 12:09:32,542 [Datanode State Machine Thread - 0] INFO  ratis.XceiverServerRatis (XceiverServerRatis.java:start(417)) - Starting XceiverServerRatis cd5c7bdf-638b-4723-98ff-57cb3a80d125 at port 0
2019-10-02 12:09:32,548 [Datanode State Machine Thread - 0] INFO  impl.RaftServerProxy (RaftServerProxy.java:lambda$start$3(299)) - cd5c7bdf-638b-4723-98ff-57cb3a80d125: start RPC server
2019-10-02 12:09:32,551 [Datanode State Machine Thread - 0] INFO  server.GrpcService (GrpcService.java:startImpl(158)) - cd5c7bdf-638b-4723-98ff-57cb3a80d125: GrpcService started, listening on 0.0.0.0/0.0.0.0:36692
2019-10-02 12:09:32,551 [Datanode State Machine Thread - 0] INFO  ratis.XceiverServerRatis (XceiverServerRatis.java:start(427)) - XceiverServerRatis cd5c7bdf-638b-4723-98ff-57cb3a80d125 is started using port 36692
2019-10-02 12:09:32,551 [Datanode State Machine Thread - 0] INFO  server.XceiverServerGrpc (XceiverServerGrpc.java:start(149)) - XceiverServerGrpc cd5c7bdf-638b-4723-98ff-57cb3a80d125 is started using port 37413
2019-10-02 12:09:33,519 [main] INFO  ozone.MiniOzoneClusterImpl (MiniOzoneClusterImpl.java:lambda$waitForClusterToBeReady$0(147)) - Waiting for cluster to be ready. Got 0 of 7 DN Heartbeats.
2019-10-02 12:09:34,122 [IPC Server handler 4 on 41417] INFO  net.NetworkTopology (NetworkTopologyImpl.java:add(111)) - Added a new node: /default-rack/03547a15-859a-45d6-b0ce-d12496de5dda
2019-10-02 12:09:34,122 [IPC Server handler 4 on 41417] INFO  node.SCMNodeManager (SCMNodeManager.java:register(266)) - Registered Data node : 03547a15-859a-45d6-b0ce-d12496de5dda{ip: 192.168.30.47, host: pr-hdds-2231-nwbjw-3761139207, networkLocation: /default-rack, certSerialId: null}
2019-10-02 12:09:34,126 [EventQueue-NodeRegistrationContainerReportForDataNodeSafeModeRule] INFO  safemode.SCMSafeModeManager (DataNodeSafeModeRule.java:process(71)) - SCM in safe mode. 1 DataNodes registered, 1 required.
2019-10-02 12:09:34,129 [EventQueue-NodeRegistrationContainerReportForDataNodeSafeModeRule] INFO  safemode.SCMSafeModeManager (SCMSafeModeManager.java:validateSafeModeExitRules(177)) - ScmSafeModeManager, all rules are successfully validated
2019-10-02 12:09:34,129 [EventQueue-NodeRegistrationContainerReportForDataNodeSafeModeRule] INFO  safemode.SCMSafeModeManager (SCMSafeModeManager.java:exitSafeMode(193)) - SCM exiting safe mode.
2019-10-02 12:09:34,139 [grpc-default-executor-2] INFO  impl.RaftServerProxy (RaftServerProxy.java:addNew(89)) - 03547a15-859a-45d6-b0ce-d12496de5dda: addNew group-382AE31D3BA0:[03547a15-859a-45d6-b0ce-d12496de5dda:192.168.30.47:43588] returns group-382AE31D3BA0:java.util.concurrent.CompletableFuture@62847125[Not completed]
2019-10-02 12:09:34,143 [pool-383-thread-1] INFO  impl.RaftServerImpl (RaftServerImpl.java:<init>(95)) - 03547a15-859a-45d6-b0ce-d12496de5dda: new RaftServerImpl for group-382AE31D3BA0:[03547a15-859a-45d6-b0ce-d12496de5dda:192.168.30.47:43588] with ContainerStateMachine:uninitialized
2019-10-02 12:09:34,143 [pool-383-thread-1] INFO  server.RaftServerConfigKeys (ConfUtils.java:logGet(43)) - raft.server.rpc.timeout.min = 5s (custom)
2019-10-02 12:09:34,143 [pool-383-thread-1] INFO  server.RaftServerConfigKeys (ConfUtils.java:logGet(43)) - raft.server.rpc.timeout.max = 5200ms (custom)
2019-10-02 12:09:34,143 [pool-383-thread-1] INFO  server.RaftServerConfigKeys (ConfUtils.java:logGet(43)) - raft.server.rpcslowness.timeout = 120s (custom)
2019-10-02 12:09:34,143 [pool-383-thread-1] INFO  server.RaftServerConfigKeys (ConfUtils.java:logGet(43)) - raft.server.sleep.deviation.threshold = 300 (default)
2019-10-02 12:09:34,143 [pool-383-thread-1] INFO  server.RaftServerConfigKeys (ConfUtils.java:logGet(43)) - raft.server.log.appender.install.snapshot.enabled = false (custom)
2019-10-02 12:09:34,144 [pool-383-thread-1] INFO  impl.RaftServerImpl (ServerState.java:<init>(103)) - 03547a15-859a-45d6-b0ce-d12496de5dda@group-382AE31D3BA0: ConfigurationManager, init=-1: [03547a15-859a-45d6-b0ce-d12496de5dda:192.168.30.47:43588], old=null, confs=<EMPTY_MAP>
2019-10-02 12:09:34,144 [pool-383-thread-1] INFO  server.RaftServerConfigKeys (ConfUtils.java:logGet(43)) - raft.server.storage.dir = [/workdir/hadoop-ozone/integration-test/target/test-dir/MiniOzoneClusterImpl-a1e414a2-928d-43cb-8cf0-dd5a5830e04c/datanode-0/data/ratis] (custom)
2019-10-02 12:09:34,144 [pool-383-thread-1] INFO  server.RaftServerConfigKeys (ConfUtils.java:logGet(43)) - raft.server.log.corruption.policy = EXCEPTION (default)
2019-10-02 12:09:34,145 [pool-383-thread-1] INFO  storage.RaftStorageDirectory (RaftStorageDirectory.java:analyzeStorage(246)) - The storage directory /workdir/hadoop-ozone/integration-test/target/test-dir/MiniOzoneClusterImpl-a1e414a2-928d-43cb-8cf0-dd5a5830e04c/datanode-0/data/ratis/19bb1a08-d59b-41ea-97d6-382ae31d3ba0 does not exist. Creating ...
2019-10-02 12:09:34,177 [IPC Server handler 6 on 41417] INFO  net.NetworkTopology (NetworkTopologyImpl.java:add(111)) - Added a new node: /default-rack/6bdf831b-f033-4291-83f0-c30608baa8e5
2019-10-02 12:09:34,178 [IPC Server handler 6 on 41417] INFO  node.SCMNodeManager (SCMNodeManager.java:register(266)) - Registered Data node : 6bdf831b-f033-4291-83f0-c30608baa8e5{ip: 192.168.30.47, host: pr-hdds-2231-nwbjw-3761139207, networkLocation: /default-rack, certSerialId: null}
2019-10-02 12:09:34,178 [pool-383-thread-1] INFO  storage.RaftStorageDirectory (RaftStorageDirectory.java:tryLock(328)) - Lock on /workdir/hadoop-ozone/integration-test/target/test-dir/MiniOzoneClusterImpl-a1e414a2-928d-43cb-8cf0-dd5a5830e04c/datanode-0/data/ratis/19bb1a08-d59b-41ea-97d6-382ae31d3ba0/in_use.lock acquired by nodename 9178@pr-hdds-2231-nwbjw-3761139207
2019-10-02 12:09:34,204 [pool-383-thread-1] INFO  storage.RaftStorage (RaftStorage.java:format(84)) - Storage directory /workdir/hadoop-ozone/integration-test/target/test-dir/MiniOzoneClusterImpl-a1e414a2-928d-43cb-8cf0-dd5a5830e04c/datanode-0/data/ratis/19bb1a08-d59b-41ea-97d6-382ae31d3ba0 has been successfully formatted.
2019-10-02 12:09:34,204 [pool-383-thread-1] INFO  ratis.ContainerStateMachine (ContainerStateMachine.java:loadSnapshot(230)) - group-382AE31D3BA0: The snapshot info is null. Setting the last applied indexto:(t:0, i:~)
2019-10-02 12:09:34,205 [pool-383-thread-1] INFO  server.RaftServerConfigKeys (ConfUtils.java:logGet(43)) - raft.server.notification.no-leader.timeout = 120s (custom)
2019-10-02 12:09:34,205 [pool-383-thread-1] INFO  server.RaftServerConfigKeys (ConfUtils.java:logGet(43)) - raft.server.log.use.memory = false (default)
2019-10-02 12:09:34,205 [pool-383-thread-1] INFO  server.RaftServerConfigKeys (ConfUtils.java:logGet(43)) - raft.server.log.purge.gap = 1000000 (custom)
2019-10-02 12:09:34,205 [pool-383-thread-1] INFO  server.RaftServerConfigKeys (ConfUtils.java:logGet(43)) - raft.server.log.appender.buffer.byte-limit = 33554432 (custom)
2019-10-02 12:09:34,205 [pool-383-thread-1] INFO  server.RaftServerConfigKeys (ConfUtils.java:logGet(43)) - raft.server.log.segment.size.max = 1048576 (custom)
2019-10-02 12:09:34,208 [pool-383-thread-1] INFO  server.RaftServerConfigKeys (ConfUtils.java:logGet(43)) - raft.server.log.segment.cache.num.max = 2 (custom)
2019-10-02 12:09:34,209 [pool-383-thread-1] INFO  segmented.SegmentedRaftLogWorker (SegmentedRaftLogWorker.java:<init>(173)) - new 03547a15-859a-45d6-b0ce-d12496de5dda@group-382AE31D3BA0-SegmentedRaftLogWorker for RaftStorage:Storage Directory /workdir/hadoop-ozone/integration-test/target/test-dir/MiniOzoneClusterImpl-a1e414a2-928d-43cb-8cf0-dd5a5830e04c/datanode-0/data/ratis/19bb1a08-d59b-41ea-97d6-382ae31d3ba0
2019-10-02 12:09:34,209 [pool-383-thread-1] INFO  server.RaftServerConfigKeys (ConfUtils.java:logGet(43)) - raft.server.log.queue.byte-limit = 2147483647 (custom)
2019-10-02 12:09:34,209 [pool-383-thread-1] INFO  server.RaftServerConfigKeys (ConfUtils.java:logGet(43)) - raft.server.log.queue.element-limit = 1024 (custom)
2019-10-02 12:09:34,209 [pool-383-thread-1] INFO  server.RaftServerConfigKeys (ConfUtils.java:logGet(43)) - raft.server.log.segment.size.max = 1048576 (custom)
2019-10-02 12:09:34,209 [pool-383-thread-1] INFO  server.RaftServerConfigKeys (ConfUtils.java:logGet(43)) - raft.server.log.preallocated.size = 16384 (custom)
2019-10-02 12:09:34,210 [pool-383-thread-1] INFO  server.RaftServerConfigKeys (ConfUtils.java:logGet(43)) - raft.server.log.write.buffer.size = 33554432 (custom)
2019-10-02 12:09:34,210 [pool-383-thread-1] INFO  server.RaftServerConfigKeys (ConfUtils.java:logGet(43)) - raft.server.log.force.sync.num = 128 (default)
2019-10-02 12:09:34,210 [pool-383-thread-1] INFO  server.RaftServerConfigKeys (ConfUtils.java:logGet(43)) - raft.server.log.statemachine.data.sync = true (default)
2019-10-02 12:09:34,210 [pool-383-thread-1] INFO  server.RaftServerConfigKeys (ConfUtils.java:logGet(43)) - raft.server.log.statemachine.data.sync.timeout = 10s (default)
2019-10-02 12:09:34,210 [pool-383-thread-1] INFO  server.RaftServerConfigKeys (ConfUtils.java:logGet(43)) - raft.server.log.statemachine.data.sync.timeout.retry = -1 (default)
2019-10-02 12:09:34,211 [pool-383-thread-1] INFO  server.RaftServerConfigKeys (ConfUtils.java:logGet(43)) - raft.server.log.statemachine.data.caching.enabled = true (custom)
2019-10-02 12:09:34,211 [pool-383-thread-1] INFO  segmented.SegmentedRaftLogWorker (SegmentedRaftLogWorker.java:lambda$new$0(128)) - 03547a15-859a-45d6-b0ce-d12496de5dda@group-382AE31D3BA0-SegmentedRaftLogWorker: flushIndex: setUnconditionally 0 -> -1
2019-10-02 12:09:34,211 [pool-383-thread-1] INFO  server.RaftServerConfigKeys (ConfUtils.java:logGet(43)) - raft.server.snapshot.auto.trigger.enabled = true (custom)
2019-10-02 12:09:34,212 [pool-383-thread-1] INFO  server.RaftServerConfigKeys (ConfUtils.java:logGet(43)) - raft.server.snapshot.auto.trigger.threshold = 10000 (custom)
2019-10-02 12:09:34,212 [pool-383-thread-1] INFO  server.RaftServerConfigKeys (ConfUtils.java:logGet(43)) - raft.server.snapshot.retention.file.num = 5 (custom)
2019-10-02 12:09:34,212 [pool-383-thread-1] INFO  server.RaftServerConfigKeys (ConfUtils.java:logGet(43)) - raft.server.retrycache.expirytime = 600000ms (custom)
2019-10-02 12:09:34,215 [pool-383-thread-1] INFO  impl.RaftServerImpl (RaftServerImpl.java:start(181)) - 03547a15-859a-45d6-b0ce-d12496de5dda@group-382AE31D3BA0: start as a follower, conf=-1: [03547a15-859a-45d6-b0ce-d12496de5dda:192.168.30.47:43588], old=null
2019-10-02 12:09:34,215 [pool-383-thread-1] INFO  impl.RaftServerImpl (RaftServerImpl.java:setRole(170)) - 03547a15-859a-45d6-b0ce-d12496de5dda@group-382AE31D3BA0: changes role from      null to FOLLOWER at term 0 for startAsFollower
2019-10-02 12:09:34,215 [pool-383-thread-1] INFO  impl.RoleInfo (RoleInfo.java:updateAndGet(143)) - 03547a15-859a-45d6-b0ce-d12496de5dda: start FollowerState
2019-10-02 12:09:34,215 [pool-383-thread-1] INFO  util.JmxRegister (JmxRegister.java:tryRegister(44)) - Successfully registered JMX Bean with object name Ratis:service=RaftServer,group=group-382AE31D3BA0,id=03547a15-859a-45d6-b0ce-d12496de5dda
2019-10-02 12:09:34,221 [RatisPipelineUtilsThread] INFO  pipeline.PipelineStateManager (PipelineStateManager.java:addPipeline(56)) - Created pipeline Pipeline[ Id: 19bb1a08-d59b-41ea-97d6-382ae31d3ba0, Nodes: 03547a15-859a-45d6-b0ce-d12496de5dda{ip: 192.168.30.47, host: pr-hdds-2231-nwbjw-3761139207, networkLocation: /default-rack, certSerialId: null}, Type:RATIS, Factor:ONE, State:OPEN]
2019-10-02 12:09:34,227 [grpc-default-executor-2] INFO  impl.RaftServerProxy (RaftServerProxy.java:addNew(89)) - 6bdf831b-f033-4291-83f0-c30608baa8e5: addNew group-76FB53768652:[6bdf831b-f033-4291-83f0-c30608baa8e5:192.168.30.47:35483] returns group-76FB53768652:java.util.concurrent.CompletableFuture@255661cb[Not completed]
2019-10-02 12:09:34,230 [pool-393-thread-1] INFO  impl.RaftServerImpl (RaftServerImpl.java:<init>(95)) - 6bdf831b-f033-4291-83f0-c30608baa8e5: new RaftServerImpl for group-76FB53768652:[6bdf831b-f033-4291-83f0-c30608baa8e5:192.168.30.47:35483] with ContainerStateMachine:uninitialized
2019-10-02 12:09:34,230 [pool-393-thread-1] INFO  server.RaftServerConfigKeys (ConfUtils.java:logGet(43)) - raft.server.rpc.timeout.min = 5s (custom)
2019-10-02 12:09:34,230 [pool-393-thread-1] INFO  server.RaftServerConfigKeys (ConfUtils.java:logGet(43)) - raft.server.rpc.timeout.max = 5200ms (custom)
2019-10-02 12:09:34,230 [pool-393-thread-1] INFO  server.RaftServerConfigKeys (ConfUtils.java:logGet(43)) - raft.server.rpcslowness.timeout = 120s (custom)
2019-10-02 12:09:34,230 [pool-393-thread-1] INFO  server.RaftServerConfigKeys (ConfUtils.java:logGet(43)) - raft.server.sleep.deviation.threshold = 300 (default)
2019-10-02 12:09:34,230 [pool-393-thread-1] INFO  server.RaftServerConfigKeys (ConfUtils.java:logGet(43)) - raft.server.log.appender.install.snapshot.enabled = false (custom)
2019-10-02 12:09:34,231 [pool-393-thread-1] INFO  impl.RaftServerImpl (ServerState.java:<init>(103)) - 6bdf831b-f033-4291-83f0-c30608baa8e5@group-76FB53768652: ConfigurationManager, init=-1: [6bdf831b-f033-4291-83f0-c30608baa8e5:192.168.30.47:35483], old=null, confs=<EMPTY_MAP>
2019-10-02 12:09:34,231 [pool-393-thread-1] INFO  server.RaftServerConfigKeys (ConfUtils.java:logGet(43)) - raft.server.storage.dir = [/workdir/hadoop-ozone/integration-test/target/test-dir/MiniOzoneClusterImpl-a1e414a2-928d-43cb-8cf0-dd5a5830e04c/datanode-1/data/ratis] (custom)
2019-10-02 12:09:34,231 [pool-393-thread-1] INFO  server.RaftServerConfigKeys (ConfUtils.java:logGet(43)) - raft.server.log.corruption.policy = EXCEPTION (default)
2019-10-02 12:09:34,231 [pool-393-thread-1] INFO  storage.RaftStorageDirectory (RaftStorageDirectory.java:analyzeStorage(246)) - The storage directory /workdir/hadoop-ozone/integration-test/target/test-dir/MiniOzoneClusterImpl-a1e414a2-928d-43cb-8cf0-dd5a5830e04c/datanode-1/data/ratis/375a6e19-6241-40be-b052-76fb53768652 does not exist. Creating ...
2019-10-02 12:09:34,254 [pool-393-thread-1] INFO  storage.RaftStorageDirectory (RaftStorageDirectory.java:tryLock(328)) - Lock on /workdir/hadoop-ozone/integration-test/target/test-dir/MiniOzoneClusterImpl-a1e414a2-928d-43cb-8cf0-dd5a5830e04c/datanode-1/data/ratis/375a6e19-6241-40be-b052-76fb53768652/in_use.lock acquired by nodename 9178@pr-hdds-2231-nwbjw-3761139207
2019-10-02 12:09:34,258 [IPC Server handler 5 on 41417] INFO  net.NetworkTopology (NetworkTopologyImpl.java:add(111)) - Added a new node: /default-rack/f33d517f-e42f-4acb-af98-039ff957946e
2019-10-02 12:09:34,258 [IPC Server handler 5 on 41417] INFO  node.SCMNodeManager (SCMNodeManager.java:register(266)) - Registered Data node : f33d517f-e42f-4acb-af98-039ff957946e{ip: 192.168.30.47, host: pr-hdds-2231-nwbjw-3761139207, networkLocation: /default-rack, certSerialId: null}
2019-10-02 12:09:34,277 [pool-393-thread-1] INFO  storage.RaftStorage (RaftStorage.java:format(84)) - Storage directory /workdir/hadoop-ozone/integration-test/target/test-dir/MiniOzoneClusterImpl-a1e414a2-928d-43cb-8cf0-dd5a5830e04c/datanode-1/data/ratis/375a6e19-6241-40be-b052-76fb53768652 has been successfully formatted.
2019-10-02 12:09:34,277 [pool-393-thread-1] INFO  ratis.ContainerStateMachine (ContainerStateMachine.java:loadSnapshot(230)) - group-76FB53768652: The snapshot info is null. Setting the last applied indexto:(t:0, i:~)
2019-10-02 12:09:34,277 [pool-393-thread-1] INFO  server.RaftServerConfigKeys (ConfUtils.java:logGet(43)) - raft.server.notification.no-leader.timeout = 120s (custom)
2019-10-02 12:09:34,278 [pool-393-thread-1] INFO  server.RaftServerConfigKeys (ConfUtils.java:logGet(43)) - raft.server.log.use.memory = false (default)
2019-10-02 12:09:34,278 [pool-393-thread-1] INFO  server.RaftServerConfigKeys (ConfUtils.java:logGet(43)) - raft.server.log.purge.gap = 1000000 (custom)
2019-10-02 12:09:34,278 [pool-393-thread-1] INFO  server.RaftServerConfigKeys (ConfUtils.java:logGet(43)) - raft.server.log.appender.buffer.byte-limit = 33554432 (custom)
2019-10-02 12:09:34,278 [pool-393-thread-1] INFO  server.RaftServerConfigKeys (ConfUtils.java:logGet(43)) - raft.server.log.segment.size.max = 1048576 (custom)
2019-10-02 12:09:34,283 [pool-393-thread-1] INFO  server.RaftServerConfigKeys (ConfUtils.java:logGet(43)) - raft.server.log.segment.cache.num.max = 2 (custom)
2019-10-02 12:09:34,283 [pool-393-thread-1] INFO  segmented.SegmentedRaftLogWorker (SegmentedRaftLogWorker.java:<init>(173)) - new 6bdf831b-f033-4291-83f0-c30608baa8e5@group-76FB53768652-SegmentedRaftLogWorker for RaftStorage:Storage Directory /workdir/hadoop-ozone/integration-test/target/test-dir/MiniOzoneClusterImpl-a1e414a2-928d-43cb-8cf0-dd5a5830e04c/datanode-1/data/ratis/375a6e19-6241-40be-b052-76fb53768652
2019-10-02 12:09:34,283 [pool-393-thread-1] INFO  server.RaftServerConfigKeys (ConfUtils.java:logGet(43)) - raft.server.log.queue.byte-limit = 2147483647 (custom)
2019-10-02 12:09:34,284 [pool-393-thread-1] INFO  server.RaftServerConfigKeys (ConfUtils.java:logGet(43)) - raft.server.log.queue.element-limit = 1024 (custom)
2019-10-02 12:09:34,284 [pool-393-thread-1] INFO  server.RaftServerConfigKeys (ConfUtils.java:logGet(43)) - raft.server.log.segment.size.max = 1048576 (custom)
2019-10-02 12:09:34,284 [pool-393-thread-1] INFO  server.RaftServerConfigKeys (ConfUtils.java:logGet(43)) - raft.server.log.preallocated.size = 16384 (custom)
2019-10-02 12:09:34,284 [pool-393-thread-1] INFO  server.RaftServerConfigKeys (ConfUtils.java:logGet(43)) - raft.server.log.write.buffer.size = 33554432 (custom)
2019-10-02 12:09:34,284 [pool-393-thread-1] INFO  server.RaftServerConfigKeys (ConfUtils.java:logGet(43)) - raft.server.log.force.sync.num = 128 (default)
2019-10-02 12:09:34,284 [pool-393-thread-1] INFO  server.RaftServerConfigKeys (ConfUtils.java:logGet(43)) - raft.server.log.statemachine.data.sync = true (default)
2019-10-02 12:09:34,284 [pool-393-thread-1] INFO  server.RaftServerConfigKeys (ConfUtils.java:logGet(43)) - raft.server.log.statemachine.data.sync.timeout = 10s (default)
2019-10-02 12:09:34,284 [pool-393-thread-1] INFO  server.RaftServerConfigKeys (ConfUtils.java:logGet(43)) - raft.server.log.statemachine.data.sync.timeout.retry = -1 (default)
2019-10-02 12:09:34,285 [pool-393-thread-1] INFO  server.RaftServerConfigKeys (ConfUtils.java:logGet(43)) - raft.server.log.statemachine.data.caching.enabled = true (custom)
2019-10-02 12:09:34,285 [pool-393-thread-1] INFO  segmented.SegmentedRaftLogWorker (SegmentedRaftLogWorker.java:lambda$new$0(128)) - 6bdf831b-f033-4291-83f0-c30608baa8e5@group-76FB53768652-SegmentedRaftLogWorker: flushIndex: setUnconditionally 0 -> -1
2019-10-02 12:09:34,285 [pool-393-thread-1] INFO  server.RaftServerConfigKeys (ConfUtils.java:logGet(43)) - raft.server.snapshot.auto.trigger.enabled = true (custom)
2019-10-02 12:09:34,286 [pool-393-thread-1] INFO  server.RaftServerConfigKeys (ConfUtils.java:logGet(43)) - raft.server.snapshot.auto.trigger.threshold = 10000 (custom)
2019-10-02 12:09:34,286 [pool-393-thread-1] INFO  server.RaftServerConfigKeys (ConfUtils.java:logGet(43)) - raft.server.snapshot.retention.file.num = 5 (custom)
2019-10-02 12:09:34,286 [pool-393-thread-1] INFO  server.RaftServerConfigKeys (ConfUtils.java:logGet(43)) - raft.server.retrycache.expirytime = 600000ms (custom)
2019-10-02 12:09:34,288 [pool-393-thread-1] INFO  impl.RaftServerImpl (RaftServerImpl.java:start(181)) - 6bdf831b-f033-4291-83f0-c30608baa8e5@group-76FB53768652: start as a follower, conf=-1: [6bdf831b-f033-4291-83f0-c30608baa8e5:192.168.30.47:35483], old=null
2019-10-02 12:09:34,288 [pool-393-thread-1] INFO  impl.RaftServerImpl (RaftServerImpl.java:setRole(170)) - 6bdf831b-f033-4291-83f0-c30608baa8e5@group-76FB53768652: changes role from      null to FOLLOWER at term 0 for startAsFollower
2019-10-02 12:09:34,288 [pool-393-thread-1] INFO  impl.RoleInfo (RoleInfo.java:updateAndGet(143)) - 6bdf831b-f033-4291-83f0-c30608baa8e5: start FollowerState
2019-10-02 12:09:34,288 [pool-393-thread-1] INFO  util.JmxRegister (JmxRegister.java:tryRegister(44)) - Successfully registered JMX Bean with object name Ratis:service=RaftServer,group=group-76FB53768652,id=6bdf831b-f033-4291-83f0-c30608baa8e5
2019-10-02 12:09:34,293 [RatisPipelineUtilsThread] INFO  pipeline.PipelineStateManager (PipelineStateManager.java:addPipeline(56)) - Created pipeline Pipeline[ Id: 375a6e19-6241-40be-b052-76fb53768652, Nodes: 6bdf831b-f033-4291-83f0-c30608baa8e5{ip: 192.168.30.47, host: pr-hdds-2231-nwbjw-3761139207, networkLocation: /default-rack, certSerialId: null}, Type:RATIS, Factor:ONE, State:OPEN]
2019-10-02 12:09:34,301 [grpc-default-executor-2] INFO  impl.RaftServerProxy (RaftServerProxy.java:addNew(89)) - f33d517f-e42f-4acb-af98-039ff957946e: addNew group-BB971FD85770:[f33d517f-e42f-4acb-af98-039ff957946e:192.168.30.47:41104] returns group-BB971FD85770:java.util.concurrent.CompletableFuture@75f14c74[Not completed]
2019-10-02 12:09:34,303 [pool-403-thread-1] INFO  impl.RaftServerImpl (RaftServerImpl.java:<init>(95)) - f33d517f-e42f-4acb-af98-039ff957946e: new RaftServerImpl for group-BB971FD85770:[f33d517f-e42f-4acb-af98-039ff957946e:192.168.30.47:41104] with ContainerStateMachine:uninitialized
2019-10-02 12:09:34,303 [pool-403-thread-1] INFO  server.RaftServerConfigKeys (ConfUtils.java:logGet(43)) - raft.server.rpc.timeout.min = 5s (custom)
2019-10-02 12:09:34,303 [pool-403-thread-1] INFO  server.RaftServerConfigKeys (ConfUtils.java:logGet(43)) - raft.server.rpc.timeout.max = 5200ms (custom)
2019-10-02 12:09:34,303 [pool-403-thread-1] INFO  server.RaftServerConfigKeys (ConfUtils.java:logGet(43)) - raft.server.rpcslowness.timeout = 120s (custom)
2019-10-02 12:09:34,303 [pool-403-thread-1] INFO  server.RaftServerConfigKeys (ConfUtils.java:logGet(43)) - raft.server.sleep.deviation.threshold = 300 (default)
2019-10-02 12:09:34,303 [pool-403-thread-1] INFO  server.RaftServerConfigKeys (ConfUtils.java:logGet(43)) - raft.server.log.appender.install.snapshot.enabled = false (custom)
2019-10-02 12:09:34,304 [pool-403-thread-1] INFO  impl.RaftServerImpl (ServerState.java:<init>(103)) - f33d517f-e42f-4acb-af98-039ff957946e@group-BB971FD85770: ConfigurationManager, init=-1: [f33d517f-e42f-4acb-af98-039ff957946e:192.168.30.47:41104], old=null, confs=<EMPTY_MAP>
2019-10-02 12:09:34,304 [pool-403-thread-1] INFO  server.RaftServerConfigKeys (ConfUtils.java:logGet(43)) - raft.server.storage.dir = [/workdir/hadoop-ozone/integration-test/target/test-dir/MiniOzoneClusterImpl-a1e414a2-928d-43cb-8cf0-dd5a5830e04c/datanode-2/data/ratis] (custom)
2019-10-02 12:09:34,304 [pool-403-thread-1] INFO  server.RaftServerConfigKeys (ConfUtils.java:logGet(43)) - raft.server.log.corruption.policy = EXCEPTION (default)
2019-10-02 12:09:34,304 [pool-403-thread-1] INFO  storage.RaftStorageDirectory (RaftStorageDirectory.java:analyzeStorage(246)) - The storage directory /workdir/hadoop-ozone/integration-test/target/test-dir/MiniOzoneClusterImpl-a1e414a2-928d-43cb-8cf0-dd5a5830e04c/datanode-2/data/ratis/470f6369-08b2-4728-a329-bb971fd85770 does not exist. Creating ...
2019-10-02 12:09:34,322 [IPC Server handler 15 on 41417] INFO  net.NetworkTopology (NetworkTopologyImpl.java:add(111)) - Added a new node: /default-rack/207ab1ec-2856-4677-9fa8-2ee545bd3e9e
2019-10-02 12:09:34,322 [IPC Server handler 15 on 41417] INFO  node.SCMNodeManager (SCMNodeManager.java:register(266)) - Registered Data node : 207ab1ec-2856-4677-9fa8-2ee545bd3e9e{ip: 192.168.30.47, host: pr-hdds-2231-nwbjw-3761139207, networkLocation: /default-rack, certSerialId: null}
2019-10-02 12:09:34,327 [pool-403-thread-1] INFO  storage.RaftStorageDirectory (RaftStorageDirectory.java:tryLock(328)) - Lock on /workdir/hadoop-ozone/integration-test/target/test-dir/MiniOzoneClusterImpl-a1e414a2-928d-43cb-8cf0-dd5a5830e04c/datanode-2/data/ratis/470f6369-08b2-4728-a329-bb971fd85770/in_use.lock acquired by nodename 9178@pr-hdds-2231-nwbjw-3761139207
2019-10-02 12:09:34,350 [pool-403-thread-1] INFO  storage.RaftStorage (RaftStorage.java:format(84)) - Storage directory /workdir/hadoop-ozone/integration-test/target/test-dir/MiniOzoneClusterImpl-a1e414a2-928d-43cb-8cf0-dd5a5830e04c/datanode-2/data/ratis/470f6369-08b2-4728-a329-bb971fd85770 has been successfully formatted.
2019-10-02 12:09:34,350 [pool-403-thread-1] INFO  ratis.ContainerStateMachine (ContainerStateMachine.java:loadSnapshot(230)) - group-BB971FD85770: The snapshot info is null. Setting the last applied indexto:(t:0, i:~)
2019-10-02 12:09:34,350 [pool-403-thread-1] INFO  server.RaftServerConfigKeys (ConfUtils.java:logGet(43)) - raft.server.notification.no-leader.timeout = 120s (custom)
2019-10-02 12:09:34,350 [pool-403-thread-1] INFO  server.RaftServerConfigKeys (ConfUtils.java:logGet(43)) - raft.server.log.use.memory = false (default)
2019-10-02 12:09:34,350 [pool-403-thread-1] INFO  server.RaftServerConfigKeys (ConfUtils.java:logGet(43)) - raft.server.log.purge.gap = 1000000 (custom)
2019-10-02 12:09:34,350 [pool-403-thread-1] INFO  server.RaftServerConfigKeys (ConfUtils.java:logGet(43)) - raft.server.log.appender.buffer.byte-limit = 33554432 (custom)
2019-10-02 12:09:34,350 [pool-403-thread-1] INFO  server.RaftServerConfigKeys (ConfUtils.java:logGet(43)) - raft.server.log.segment.size.max = 1048576 (custom)
2019-10-02 12:09:34,352 [pool-403-thread-1] INFO  server.RaftServerConfigKeys (ConfUtils.java:logGet(43)) - raft.server.log.segment.cache.num.max = 2 (custom)
2019-10-02 12:09:34,352 [pool-403-thread-1] INFO  segmented.SegmentedRaftLogWorker (SegmentedRaftLogWorker.java:<init>(173)) - new f33d517f-e42f-4acb-af98-039ff957946e@group-BB971FD85770-SegmentedRaftLogWorker for RaftStorage:Storage Directory /workdir/hadoop-ozone/integration-test/target/test-dir/MiniOzoneClusterImpl-a1e414a2-928d-43cb-8cf0-dd5a5830e04c/datanode-2/data/ratis/470f6369-08b2-4728-a329-bb971fd85770
2019-10-02 12:09:34,352 [pool-403-thread-1] INFO  server.RaftServerConfigKeys (ConfUtils.java:logGet(43)) - raft.server.log.queue.byte-limit = 2147483647 (custom)
2019-10-02 12:09:34,352 [pool-403-thread-1] INFO  server.RaftServerConfigKeys (ConfUtils.java:logGet(43)) - raft.server.log.queue.element-limit = 1024 (custom)
2019-10-02 12:09:34,352 [pool-403-thread-1] INFO  server.RaftServerConfigKeys (ConfUtils.java:logGet(43)) - raft.server.log.segment.size.max = 1048576 (custom)
2019-10-02 12:09:34,352 [pool-403-thread-1] INFO  server.RaftServerConfigKeys (ConfUtils.java:logGet(43)) - raft.server.log.preallocated.size = 16384 (custom)
2019-10-02 12:09:34,353 [pool-403-thread-1] INFO  server.RaftServerConfigKeys (ConfUtils.java:logGet(43)) - raft.server.log.write.buffer.size = 33554432 (custom)
2019-10-02 12:09:34,353 [pool-403-thread-1] INFO  server.RaftServerConfigKeys (ConfUtils.java:logGet(43)) - raft.server.log.force.sync.num = 128 (default)
2019-10-02 12:09:34,353 [pool-403-thread-1] INFO  server.RaftServerConfigKeys (ConfUtils.java:logGet(43)) - raft.server.log.statemachine.data.sync = true (default)
2019-10-02 12:09:34,353 [pool-403-thread-1] INFO  server.RaftServerConfigKeys (ConfUtils.java:logGet(43)) - raft.server.log.statemachine.data.sync.timeout = 10s (default)
2019-10-02 12:09:34,353 [pool-403-thread-1] INFO  server.RaftServerConfigKeys (ConfUtils.java:logGet(43)) - raft.server.log.statemachine.data.sync.timeout.retry = -1 (default)
2019-10-02 12:09:34,353 [pool-403-thread-1] INFO  server.RaftServerConfigKeys (ConfUtils.java:logGet(43)) - raft.server.log.statemachine.data.caching.enabled = true (custom)
2019-10-02 12:09:34,353 [pool-403-thread-1] INFO  segmented.SegmentedRaftLogWorker (SegmentedRaftLogWorker.java:lambda$new$0(128)) - f33d517f-e42f-4acb-af98-039ff957946e@group-BB971FD85770-SegmentedRaftLogWorker: flushIndex: setUnconditionally 0 -> -1
2019-10-02 12:09:34,353 [pool-403-thread-1] INFO  server.RaftServerConfigKeys (ConfUtils.java:logGet(43)) - raft.server.snapshot.auto.trigger.enabled = true (custom)
2019-10-02 12:09:34,354 [pool-403-thread-1] INFO  server.RaftServerConfigKeys (ConfUtils.java:logGet(43)) - raft.server.snapshot.auto.trigger.threshold = 10000 (custom)
2019-10-02 12:09:34,354 [pool-403-thread-1] INFO  server.RaftServerConfigKeys (ConfUtils.java:logGet(43)) - raft.server.snapshot.retention.file.num = 5 (custom)
2019-10-02 12:09:34,354 [pool-403-thread-1] INFO  server.RaftServerConfigKeys (ConfUtils.java:logGet(43)) - raft.server.retrycache.expirytime = 600000ms (custom)
2019-10-02 12:09:34,355 [pool-403-thread-1] INFO  impl.RaftServerImpl (RaftServerImpl.java:start(181)) - f33d517f-e42f-4acb-af98-039ff957946e@group-BB971FD85770: start as a follower, conf=-1: [f33d517f-e42f-4acb-af98-039ff957946e:192.168.30.47:41104], old=null
2019-10-02 12:09:34,355 [pool-403-thread-1] INFO  impl.RaftServerImpl (RaftServerImpl.java:setRole(170)) - f33d517f-e42f-4acb-af98-039ff957946e@group-BB971FD85770: changes role from      null to FOLLOWER at term 0 for startAsFollower
2019-10-02 12:09:34,355 [pool-403-thread-1] INFO  impl.RoleInfo (RoleInfo.java:updateAndGet(143)) - f33d517f-e42f-4acb-af98-039ff957946e: start FollowerState
2019-10-02 12:09:34,355 [pool-403-thread-1] INFO  util.JmxRegister (JmxRegister.java:tryRegister(44)) - Successfully registered JMX Bean with object name Ratis:service=RaftServer,group=group-BB971FD85770,id=f33d517f-e42f-4acb-af98-039ff957946e
2019-10-02 12:09:34,359 [RatisPipelineUtilsThread] INFO  pipeline.PipelineStateManager (PipelineStateManager.java:addPipeline(56)) - Created pipeline Pipeline[ Id: 470f6369-08b2-4728-a329-bb971fd85770, Nodes: f33d517f-e42f-4acb-af98-039ff957946e{ip: 192.168.30.47, host: pr-hdds-2231-nwbjw-3761139207, networkLocation: /default-rack, certSerialId: null}, Type:RATIS, Factor:ONE, State:OPEN]
2019-10-02 12:09:34,367 [grpc-default-executor-2] INFO  impl.RaftServerProxy (RaftServerProxy.java:addNew(89)) - 207ab1ec-2856-4677-9fa8-2ee545bd3e9e: addNew group-65372688C0CF:[207ab1ec-2856-4677-9fa8-2ee545bd3e9e:192.168.30.47:40536] returns group-65372688C0CF:java.util.concurrent.CompletableFuture@20e38f0d[Not completed]
2019-10-02 12:09:34,368 [pool-413-thread-1] INFO  impl.RaftServerImpl (RaftServerImpl.java:<init>(95)) - 207ab1ec-2856-4677-9fa8-2ee545bd3e9e: new RaftServerImpl for group-65372688C0CF:[207ab1ec-2856-4677-9fa8-2ee545bd3e9e:192.168.30.47:40536] with ContainerStateMachine:uninitialized
2019-10-02 12:09:34,368 [pool-413-thread-1] INFO  server.RaftServerConfigKeys (ConfUtils.java:logGet(43)) - raft.server.rpc.timeout.min = 5s (custom)
2019-10-02 12:09:34,368 [pool-413-thread-1] INFO  server.RaftServerConfigKeys (ConfUtils.java:logGet(43)) - raft.server.rpc.timeout.max = 5200ms (custom)
2019-10-02 12:09:34,368 [pool-413-thread-1] INFO  server.RaftServerConfigKeys (ConfUtils.java:logGet(43)) - raft.server.rpcslowness.timeout = 120s (custom)
2019-10-02 12:09:34,368 [pool-413-thread-1] INFO  server.RaftServerConfigKeys (ConfUtils.java:logGet(43)) - raft.server.sleep.deviation.threshold = 300 (default)
2019-10-02 12:09:34,369 [pool-413-thread-1] INFO  server.RaftServerConfigKeys (ConfUtils.java:logGet(43)) - raft.server.log.appender.install.snapshot.enabled = false (custom)
2019-10-02 12:09:34,369 [pool-413-thread-1] INFO  impl.RaftServerImpl (ServerState.java:<init>(103)) - 207ab1ec-2856-4677-9fa8-2ee545bd3e9e@group-65372688C0CF: ConfigurationManager, init=-1: [207ab1ec-2856-4677-9fa8-2ee545bd3e9e:192.168.30.47:40536], old=null, confs=<EMPTY_MAP>
2019-10-02 12:09:34,369 [pool-413-thread-1] INFO  server.RaftServerConfigKeys (ConfUtils.java:logGet(43)) - raft.server.storage.dir = [/workdir/hadoop-ozone/integration-test/target/test-dir/MiniOzoneClusterImpl-a1e414a2-928d-43cb-8cf0-dd5a5830e04c/datanode-3/data/ratis] (custom)
2019-10-02 12:09:34,369 [pool-413-thread-1] INFO  server.RaftServerConfigKeys (ConfUtils.java:logGet(43)) - raft.server.log.corruption.policy = EXCEPTION (default)
2019-10-02 12:09:34,369 [pool-413-thread-1] INFO  storage.RaftStorageDirectory (RaftStorageDirectory.java:analyzeStorage(246)) - The storage directory /workdir/hadoop-ozone/integration-test/target/test-dir/MiniOzoneClusterImpl-a1e414a2-928d-43cb-8cf0-dd5a5830e04c/datanode-3/data/ratis/ac635ca1-70d7-4494-9dcb-65372688c0cf does not exist. Creating ...
2019-10-02 12:09:34,386 [IPC Server handler 3 on 41417] INFO  net.NetworkTopology (NetworkTopologyImpl.java:add(111)) - Added a new node: /default-rack/951e34a4-428b-40d1-882b-e95786ef97f1
2019-10-02 12:09:34,386 [IPC Server handler 3 on 41417] INFO  node.SCMNodeManager (SCMNodeManager.java:register(266)) - Registered Data node : 951e34a4-428b-40d1-882b-e95786ef97f1{ip: 192.168.30.47, host: pr-hdds-2231-nwbjw-3761139207, networkLocation: /default-rack, certSerialId: null}
2019-10-02 12:09:34,393 [pool-413-thread-1] INFO  storage.RaftStorageDirectory (RaftStorageDirectory.java:tryLock(328)) - Lock on /workdir/hadoop-ozone/integration-test/target/test-dir/MiniOzoneClusterImpl-a1e414a2-928d-43cb-8cf0-dd5a5830e04c/datanode-3/data/ratis/ac635ca1-70d7-4494-9dcb-65372688c0cf/in_use.lock acquired by nodename 9178@pr-hdds-2231-nwbjw-3761139207
2019-10-02 12:09:34,416 [pool-413-thread-1] INFO  storage.RaftStorage (RaftStorage.java:format(84)) - Storage directory /workdir/hadoop-ozone/integration-test/target/test-dir/MiniOzoneClusterImpl-a1e414a2-928d-43cb-8cf0-dd5a5830e04c/datanode-3/data/ratis/ac635ca1-70d7-4494-9dcb-65372688c0cf has been successfully formatted.
2019-10-02 12:09:34,416 [pool-413-thread-1] INFO  ratis.ContainerStateMachine (ContainerStateMachine.java:loadSnapshot(230)) - group-65372688C0CF: The snapshot info is null. Setting the last applied indexto:(t:0, i:~)
2019-10-02 12:09:34,416 [pool-413-thread-1] INFO  server.RaftServerConfigKeys (ConfUtils.java:logGet(43)) - raft.server.notification.no-leader.timeout = 120s (custom)
2019-10-02 12:09:34,416 [pool-413-thread-1] INFO  server.RaftServerConfigKeys (ConfUtils.java:logGet(43)) - raft.server.log.use.memory = false (default)
2019-10-02 12:09:34,416 [pool-413-thread-1] INFO  server.RaftServerConfigKeys (ConfUtils.java:logGet(43)) - raft.server.log.purge.gap = 1000000 (custom)
2019-10-02 12:09:34,416 [pool-413-thread-1] INFO  server.RaftServerConfigKeys (ConfUtils.java:logGet(43)) - raft.server.log.appender.buffer.byte-limit = 33554432 (custom)
2019-10-02 12:09:34,416 [pool-413-thread-1] INFO  server.RaftServerConfigKeys (ConfUtils.java:logGet(43)) - raft.server.log.segment.size.max = 1048576 (custom)
2019-10-02 12:09:34,418 [pool-413-thread-1] INFO  server.RaftServerConfigKeys (ConfUtils.java:logGet(43)) - raft.server.log.segment.cache.num.max = 2 (custom)
2019-10-02 12:09:34,418 [pool-413-thread-1] INFO  segmented.SegmentedRaftLogWorker (SegmentedRaftLogWorker.java:<init>(173)) - new 207ab1ec-2856-4677-9fa8-2ee545bd3e9e@group-65372688C0CF-SegmentedRaftLogWorker for RaftStorage:Storage Directory /workdir/hadoop-ozone/integration-test/target/test-dir/MiniOzoneClusterImpl-a1e414a2-928d-43cb-8cf0-dd5a5830e04c/datanode-3/data/ratis/ac635ca1-70d7-4494-9dcb-65372688c0cf
2019-10-02 12:09:34,418 [pool-413-thread-1] INFO  server.RaftServerConfigKeys (ConfUtils.java:logGet(43)) - raft.server.log.queue.byte-limit = 2147483647 (custom)
2019-10-02 12:09:34,418 [pool-413-thread-1] INFO  server.RaftServerConfigKeys (ConfUtils.java:logGet(43)) - raft.server.log.queue.element-limit = 1024 (custom)
2019-10-02 12:09:34,418 [pool-413-thread-1] INFO  server.RaftServerConfigKeys (ConfUtils.java:logGet(43)) - raft.server.log.segment.size.max = 1048576 (custom)
2019-10-02 12:09:34,419 [pool-413-thread-1] INFO  server.RaftServerConfigKeys (ConfUtils.java:logGet(43)) - raft.server.log.preallocated.size = 16384 (custom)
2019-10-02 12:09:34,419 [pool-413-thread-1] INFO  server.RaftServerConfigKeys (ConfUtils.java:logGet(43)) - raft.server.log.write.buffer.size = 33554432 (custom)
2019-10-02 12:09:34,419 [pool-413-thread-1] INFO  server.RaftServerConfigKeys (ConfUtils.java:logGet(43)) - raft.server.log.force.sync.num = 128 (default)
2019-10-02 12:09:34,419 [pool-413-thread-1] INFO  server.RaftServerConfigKeys (ConfUtils.java:logGet(43)) - raft.server.log.statemachine.data.sync = true (default)
2019-10-02 12:09:34,419 [pool-413-thread-1] INFO  server.RaftServerConfigKeys (ConfUtils.java:logGet(43)) - raft.server.log.statemachine.data.sync.timeout = 10s (default)
2019-10-02 12:09:34,419 [pool-413-thread-1] INFO  server.RaftServerConfigKeys (ConfUtils.java:logGet(43)) - raft.server.log.statemachine.data.sync.timeout.retry = -1 (default)
2019-10-02 12:09:34,420 [pool-413-thread-1] INFO  server.RaftServerConfigKeys (ConfUtils.java:logGet(43)) - raft.server.log.statemachine.data.caching.enabled = true (custom)
2019-10-02 12:09:34,420 [pool-413-thread-1] INFO  segmented.SegmentedRaftLogWorker (SegmentedRaftLogWorker.java:lambda$new$0(128)) - 207ab1ec-2856-4677-9fa8-2ee545bd3e9e@group-65372688C0CF-SegmentedRaftLogWorker: flushIndex: setUnconditionally 0 -> -1
2019-10-02 12:09:34,420 [pool-413-thread-1] INFO  server.RaftServerConfigKeys (ConfUtils.java:logGet(43)) - raft.server.snapshot.auto.trigger.enabled = true (custom)
2019-10-02 12:09:34,420 [pool-413-thread-1] INFO  server.RaftServerConfigKeys (ConfUtils.java:logGet(43)) - raft.server.snapshot.auto.trigger.threshold = 10000 (custom)
2019-10-02 12:09:34,420 [pool-413-thread-1] INFO  server.RaftServerConfigKeys (ConfUtils.java:logGet(43)) - raft.server.snapshot.retention.file.num = 5 (custom)
2019-10-02 12:09:34,421 [pool-413-thread-1] INFO  server.RaftServerConfigKeys (ConfUtils.java:logGet(43)) - raft.server.retrycache.expirytime = 600000ms (custom)
2019-10-02 12:09:34,422 [pool-413-thread-1] INFO  impl.RaftServerImpl (RaftServerImpl.java:start(181)) - 207ab1ec-2856-4677-9fa8-2ee545bd3e9e@group-65372688C0CF: start as a follower, conf=-1: [207ab1ec-2856-4677-9fa8-2ee545bd3e9e:192.168.30.47:40536], old=null
2019-10-02 12:09:34,422 [pool-413-thread-1] INFO  impl.RaftServerImpl (RaftServerImpl.java:setRole(170)) - 207ab1ec-2856-4677-9fa8-2ee545bd3e9e@group-65372688C0CF: changes role from      null to FOLLOWER at term 0 for startAsFollower
2019-10-02 12:09:34,422 [pool-413-thread-1] INFO  impl.RoleInfo (RoleInfo.java:updateAndGet(143)) - 207ab1ec-2856-4677-9fa8-2ee545bd3e9e: start FollowerState
2019-10-02 12:09:34,423 [pool-413-thread-1] INFO  util.JmxRegister (JmxRegister.java:tryRegister(44)) - Successfully registered JMX Bean with object name Ratis:service=RaftServer,group=group-65372688C0CF,id=207ab1ec-2856-4677-9fa8-2ee545bd3e9e
2019-10-02 12:09:34,426 [RatisPipelineUtilsThread] INFO  pipeline.PipelineStateManager (PipelineStateManager.java:addPipeline(56)) - Created pipeline Pipeline[ Id: ac635ca1-70d7-4494-9dcb-65372688c0cf, Nodes: 207ab1ec-2856-4677-9fa8-2ee545bd3e9e{ip: 192.168.30.47, host: pr-hdds-2231-nwbjw-3761139207, networkLocation: /default-rack, certSerialId: null}, Type:RATIS, Factor:ONE, State:OPEN]
2019-10-02 12:09:34,432 [grpc-default-executor-2] INFO  impl.RaftServerProxy (RaftServerProxy.java:addNew(89)) - 951e34a4-428b-40d1-882b-e95786ef97f1: addNew group-AB3AEDFCCC0A:[951e34a4-428b-40d1-882b-e95786ef97f1:192.168.30.47:33549] returns group-AB3AEDFCCC0A:java.util.concurrent.CompletableFuture@509b3322[Not completed]
2019-10-02 12:09:34,433 [pool-423-thread-1] INFO  impl.RaftServerImpl (RaftServerImpl.java:<init>(95)) - 951e34a4-428b-40d1-882b-e95786ef97f1: new RaftServerImpl for group-AB3AEDFCCC0A:[951e34a4-428b-40d1-882b-e95786ef97f1:192.168.30.47:33549] with ContainerStateMachine:uninitialized
2019-10-02 12:09:34,433 [pool-423-thread-1] INFO  server.RaftServerConfigKeys (ConfUtils.java:logGet(43)) - raft.server.rpc.timeout.min = 5s (custom)
2019-10-02 12:09:34,433 [pool-423-thread-1] INFO  server.RaftServerConfigKeys (ConfUtils.java:logGet(43)) - raft.server.rpc.timeout.max = 5200ms (custom)
2019-10-02 12:09:34,433 [pool-423-thread-1] INFO  server.RaftServerConfigKeys (ConfUtils.java:logGet(43)) - raft.server.rpcslowness.timeout = 120s (custom)
2019-10-02 12:09:34,433 [pool-423-thread-1] INFO  server.RaftServerConfigKeys (ConfUtils.java:logGet(43)) - raft.server.sleep.deviation.threshold = 300 (default)
2019-10-02 12:09:34,433 [pool-423-thread-1] INFO  server.RaftServerConfigKeys (ConfUtils.java:logGet(43)) - raft.server.log.appender.install.snapshot.enabled = false (custom)
2019-10-02 12:09:34,433 [pool-423-thread-1] INFO  impl.RaftServerImpl (ServerState.java:<init>(103)) - 951e34a4-428b-40d1-882b-e95786ef97f1@group-AB3AEDFCCC0A: ConfigurationManager, init=-1: [951e34a4-428b-40d1-882b-e95786ef97f1:192.168.30.47:33549], old=null, confs=<EMPTY_MAP>
2019-10-02 12:09:34,433 [pool-423-thread-1] INFO  server.RaftServerConfigKeys (ConfUtils.java:logGet(43)) - raft.server.storage.dir = [/workdir/hadoop-ozone/integration-test/target/test-dir/MiniOzoneClusterImpl-a1e414a2-928d-43cb-8cf0-dd5a5830e04c/datanode-4/data/ratis] (custom)
2019-10-02 12:09:34,433 [pool-423-thread-1] INFO  server.RaftServerConfigKeys (ConfUtils.java:logGet(43)) - raft.server.log.corruption.policy = EXCEPTION (default)
2019-10-02 12:09:34,434 [pool-423-thread-1] INFO  storage.RaftStorageDirectory (RaftStorageDirectory.java:analyzeStorage(246)) - The storage directory /workdir/hadoop-ozone/integration-test/target/test-dir/MiniOzoneClusterImpl-a1e414a2-928d-43cb-8cf0-dd5a5830e04c/datanode-4/data/ratis/aa8850c4-fd08-4637-b4c9-ab3aedfccc0a does not exist. Creating ...
2019-10-02 12:09:34,456 [IPC Server handler 0 on 41417] INFO  net.NetworkTopology (NetworkTopologyImpl.java:add(111)) - Added a new node: /default-rack/fdf94c36-46e8-42d3-bacb-d2f2ee6f832e
2019-10-02 12:09:34,456 [IPC Server handler 0 on 41417] INFO  node.SCMNodeManager (SCMNodeManager.java:register(266)) - Registered Data node : fdf94c36-46e8-42d3-bacb-d2f2ee6f832e{ip: 192.168.30.47, host: pr-hdds-2231-nwbjw-3761139207, networkLocation: /default-rack, certSerialId: null}
2019-10-02 12:09:34,457 [pool-423-thread-1] INFO  storage.RaftStorageDirectory (RaftStorageDirectory.java:tryLock(328)) - Lock on /workdir/hadoop-ozone/integration-test/target/test-dir/MiniOzoneClusterImpl-a1e414a2-928d-43cb-8cf0-dd5a5830e04c/datanode-4/data/ratis/aa8850c4-fd08-4637-b4c9-ab3aedfccc0a/in_use.lock acquired by nodename 9178@pr-hdds-2231-nwbjw-3761139207
2019-10-02 12:09:34,499 [pool-423-thread-1] INFO  storage.RaftStorage (RaftStorage.java:format(84)) - Storage directory /workdir/hadoop-ozone/integration-test/target/test-dir/MiniOzoneClusterImpl-a1e414a2-928d-43cb-8cf0-dd5a5830e04c/datanode-4/data/ratis/aa8850c4-fd08-4637-b4c9-ab3aedfccc0a has been successfully formatted.
2019-10-02 12:09:34,499 [pool-423-thread-1] INFO  ratis.ContainerStateMachine (ContainerStateMachine.java:loadSnapshot(230)) - group-AB3AEDFCCC0A: The snapshot info is null. Setting the last applied indexto:(t:0, i:~)
2019-10-02 12:09:34,499 [pool-423-thread-1] INFO  server.RaftServerConfigKeys (ConfUtils.java:logGet(43)) - raft.server.notification.no-leader.timeout = 120s (custom)
2019-10-02 12:09:34,500 [pool-423-thread-1] INFO  server.RaftServerConfigKeys (ConfUtils.java:logGet(43)) - raft.server.log.use.memory = false (default)
2019-10-02 12:09:34,500 [pool-423-thread-1] INFO  server.RaftServerConfigKeys (ConfUtils.java:logGet(43)) - raft.server.log.purge.gap = 1000000 (custom)
2019-10-02 12:09:34,500 [pool-423-thread-1] INFO  server.RaftServerConfigKeys (ConfUtils.java:logGet(43)) - raft.server.log.appender.buffer.byte-limit = 33554432 (custom)
2019-10-02 12:09:34,500 [pool-423-thread-1] INFO  server.RaftServerConfigKeys (ConfUtils.java:logGet(43)) - raft.server.log.segment.size.max = 1048576 (custom)
2019-10-02 12:09:34,501 [pool-423-thread-1] INFO  server.RaftServerConfigKeys (ConfUtils.java:logGet(43)) - raft.server.log.segment.cache.num.max = 2 (custom)
2019-10-02 12:09:34,501 [pool-423-thread-1] INFO  segmented.SegmentedRaftLogWorker (SegmentedRaftLogWorker.java:<init>(173)) - new 951e34a4-428b-40d1-882b-e95786ef97f1@group-AB3AEDFCCC0A-SegmentedRaftLogWorker for RaftStorage:Storage Directory /workdir/hadoop-ozone/integration-test/target/test-dir/MiniOzoneClusterImpl-a1e414a2-928d-43cb-8cf0-dd5a5830e04c/datanode-4/data/ratis/aa8850c4-fd08-4637-b4c9-ab3aedfccc0a
2019-10-02 12:09:34,501 [pool-423-thread-1] INFO  server.RaftServerConfigKeys (ConfUtils.java:logGet(43)) - raft.server.log.queue.byte-limit = 2147483647 (custom)
2019-10-02 12:09:34,502 [pool-423-thread-1] INFO  server.RaftServerConfigKeys (ConfUtils.java:logGet(43)) - raft.server.log.queue.element-limit = 1024 (custom)
2019-10-02 12:09:34,502 [pool-423-thread-1] INFO  server.RaftServerConfigKeys (ConfUtils.java:logGet(43)) - raft.server.log.segment.size.max = 1048576 (custom)
2019-10-02 12:09:34,502 [pool-423-thread-1] INFO  server.RaftServerConfigKeys (ConfUtils.java:logGet(43)) - raft.server.log.preallocated.size = 16384 (custom)
2019-10-02 12:09:34,502 [pool-423-thread-1] INFO  server.RaftServerConfigKeys (ConfUtils.java:logGet(43)) - raft.server.log.write.buffer.size = 33554432 (custom)
2019-10-02 12:09:34,502 [pool-423-thread-1] INFO  server.RaftServerConfigKeys (ConfUtils.java:logGet(43)) - raft.server.log.force.sync.num = 128 (default)
2019-10-02 12:09:34,502 [pool-423-thread-1] INFO  server.RaftServerConfigKeys (ConfUtils.java:logGet(43)) - raft.server.log.statemachine.data.sync = true (default)
2019-10-02 12:09:34,502 [pool-423-thread-1] INFO  server.RaftServerConfigKeys (ConfUtils.java:logGet(43)) - raft.server.log.statemachine.data.sync.timeout = 10s (default)
2019-10-02 12:09:34,502 [pool-423-thread-1] INFO  server.RaftServerConfigKeys (ConfUtils.java:logGet(43)) - raft.server.log.statemachine.data.sync.timeout.retry = -1 (default)
2019-10-02 12:09:34,502 [pool-423-thread-1] INFO  server.RaftServerConfigKeys (ConfUtils.java:logGet(43)) - raft.server.log.statemachine.data.caching.enabled = true (custom)
2019-10-02 12:09:34,503 [pool-423-thread-1] INFO  segmented.SegmentedRaftLogWorker (SegmentedRaftLogWorker.java:lambda$new$0(128)) - 951e34a4-428b-40d1-882b-e95786ef97f1@group-AB3AEDFCCC0A-SegmentedRaftLogWorker: flushIndex: setUnconditionally 0 -> -1
2019-10-02 12:09:34,503 [pool-423-thread-1] INFO  server.RaftServerConfigKeys (ConfUtils.java:logGet(43)) - raft.server.snapshot.auto.trigger.enabled = true (custom)
2019-10-02 12:09:34,503 [pool-423-thread-1] INFO  server.RaftServerConfigKeys (ConfUtils.java:logGet(43)) - raft.server.snapshot.auto.trigger.threshold = 10000 (custom)
2019-10-02 12:09:34,503 [pool-423-thread-1] INFO  server.RaftServerConfigKeys (ConfUtils.java:logGet(43)) - raft.server.snapshot.retention.file.num = 5 (custom)
2019-10-02 12:09:34,503 [pool-423-thread-1] INFO  server.RaftServerConfigKeys (ConfUtils.java:logGet(43)) - raft.server.retrycache.expirytime = 600000ms (custom)
2019-10-02 12:09:34,504 [pool-423-thread-1] INFO  impl.RaftServerImpl (RaftServerImpl.java:start(181)) - 951e34a4-428b-40d1-882b-e95786ef97f1@group-AB3AEDFCCC0A: start as a follower, conf=-1: [951e34a4-428b-40d1-882b-e95786ef97f1:192.168.30.47:33549], old=null
2019-10-02 12:09:34,504 [pool-423-thread-1] INFO  impl.RaftServerImpl (RaftServerImpl.java:setRole(170)) - 951e34a4-428b-40d1-882b-e95786ef97f1@group-AB3AEDFCCC0A: changes role from      null to FOLLOWER at term 0 for startAsFollower
2019-10-02 12:09:34,504 [pool-423-thread-1] INFO  impl.RoleInfo (RoleInfo.java:updateAndGet(143)) - 951e34a4-428b-40d1-882b-e95786ef97f1: start FollowerState
2019-10-02 12:09:34,505 [pool-423-thread-1] INFO  util.JmxRegister (JmxRegister.java:tryRegister(44)) - Successfully registered JMX Bean with object name Ratis:service=RaftServer,group=group-AB3AEDFCCC0A,id=951e34a4-428b-40d1-882b-e95786ef97f1
2019-10-02 12:09:34,508 [RatisPipelineUtilsThread] INFO  pipeline.PipelineStateManager (PipelineStateManager.java:addPipeline(56)) - Created pipeline Pipeline[ Id: aa8850c4-fd08-4637-b4c9-ab3aedfccc0a, Nodes: 951e34a4-428b-40d1-882b-e95786ef97f1{ip: 192.168.30.47, host: pr-hdds-2231-nwbjw-3761139207, networkLocation: /default-rack, certSerialId: null}, Type:RATIS, Factor:ONE, State:OPEN]
2019-10-02 12:09:34,517 [grpc-default-executor-2] INFO  impl.RaftServerProxy (RaftServerProxy.java:addNew(89)) - fdf94c36-46e8-42d3-bacb-d2f2ee6f832e: addNew group-D9A0CBB81D98:[fdf94c36-46e8-42d3-bacb-d2f2ee6f832e:192.168.30.47:41567] returns group-D9A0CBB81D98:java.util.concurrent.CompletableFuture@148993ee[Not completed]
2019-10-02 12:09:34,518 [IPC Server handler 4 on 41417] INFO  net.NetworkTopology (NetworkTopologyImpl.java:add(111)) - Added a new node: /default-rack/cd5c7bdf-638b-4723-98ff-57cb3a80d125
2019-10-02 12:09:34,518 [pool-433-thread-1] INFO  impl.RaftServerImpl (RaftServerImpl.java:<init>(95)) - fdf94c36-46e8-42d3-bacb-d2f2ee6f832e: new RaftServerImpl for group-D9A0CBB81D98:[fdf94c36-46e8-42d3-bacb-d2f2ee6f832e:192.168.30.47:41567] with ContainerStateMachine:uninitialized
2019-10-02 12:09:34,518 [IPC Server handler 4 on 41417] INFO  node.SCMNodeManager (SCMNodeManager.java:register(266)) - Registered Data node : cd5c7bdf-638b-4723-98ff-57cb3a80d125{ip: 192.168.30.47, host: pr-hdds-2231-nwbjw-3761139207, networkLocation: /default-rack, certSerialId: null}
2019-10-02 12:09:34,519 [pool-433-thread-1] INFO  server.RaftServerConfigKeys (ConfUtils.java:logGet(43)) - raft.server.rpc.timeout.min = 5s (custom)
2019-10-02 12:09:34,519 [pool-433-thread-1] INFO  server.RaftServerConfigKeys (ConfUtils.java:logGet(43)) - raft.server.rpc.timeout.max = 5200ms (custom)
2019-10-02 12:09:34,519 [main] INFO  ozone.MiniOzoneClusterImpl (MiniOzoneClusterImpl.java:lambda$waitForClusterToBeReady$0(147)) - Cluster is ready. Got 7 of 7 DN Heartbeats.
2019-10-02 12:09:34,519 [pool-433-thread-1] INFO  server.RaftServerConfigKeys (ConfUtils.java:logGet(43)) - raft.server.rpcslowness.timeout = 120s (custom)
2019-10-02 12:09:34,519 [pool-433-thread-1] INFO  server.RaftServerConfigKeys (ConfUtils.java:logGet(43)) - raft.server.sleep.deviation.threshold = 300 (default)
2019-10-02 12:09:34,520 [pool-433-thread-1] INFO  server.RaftServerConfigKeys (ConfUtils.java:logGet(43)) - raft.server.log.appender.install.snapshot.enabled = false (custom)
2019-10-02 12:09:34,520 [pool-433-thread-1] INFO  impl.RaftServerImpl (ServerState.java:<init>(103)) - fdf94c36-46e8-42d3-bacb-d2f2ee6f832e@group-D9A0CBB81D98: ConfigurationManager, init=-1: [fdf94c36-46e8-42d3-bacb-d2f2ee6f832e:192.168.30.47:41567], old=null, confs=<EMPTY_MAP>
2019-10-02 12:09:34,520 [pool-433-thread-1] INFO  server.RaftServerConfigKeys (ConfUtils.java:logGet(43)) - raft.server.storage.dir = [/workdir/hadoop-ozone/integration-test/target/test-dir/MiniOzoneClusterImpl-a1e414a2-928d-43cb-8cf0-dd5a5830e04c/datanode-5/data/ratis] (custom)
2019-10-02 12:09:34,520 [pool-433-thread-1] INFO  server.RaftServerConfigKeys (ConfUtils.java:logGet(43)) - raft.server.log.corruption.policy = EXCEPTION (default)
2019-10-02 12:09:34,520 [pool-433-thread-1] INFO  storage.RaftStorageDirectory (RaftStorageDirectory.java:analyzeStorage(246)) - The storage directory /workdir/hadoop-ozone/integration-test/target/test-dir/MiniOzoneClusterImpl-a1e414a2-928d-43cb-8cf0-dd5a5830e04c/datanode-5/data/ratis/dca941a6-cef0-4d30-9444-d9a0cbb81d98 does not exist. Creating ...
2019-10-02 12:09:34,544 [pool-433-thread-1] INFO  storage.RaftStorageDirectory (RaftStorageDirectory.java:tryLock(328)) - Lock on /workdir/hadoop-ozone/integration-test/target/test-dir/MiniOzoneClusterImpl-a1e414a2-928d-43cb-8cf0-dd5a5830e04c/datanode-5/data/ratis/dca941a6-cef0-4d30-9444-d9a0cbb81d98/in_use.lock acquired by nodename 9178@pr-hdds-2231-nwbjw-3761139207
2019-10-02 12:09:34,557 [main] INFO  rpc.RpcClient (RpcClient.java:createVolume(276)) - Creating Volume: watchforcommithandlingtest, with jenkins1000 as owner.
2019-10-02 12:09:34,560 [IPC Server handler 1 on 36493] INFO  volume.OMVolumeCreateRequest (OMVolumeCreateRequest.java:validateAndUpdateCache(194)) - created volume:watchforcommithandlingtest for user:jenkins1000
2019-10-02 12:09:34,571 [pool-433-thread-1] INFO  storage.RaftStorage (RaftStorage.java:format(84)) - Storage directory /workdir/hadoop-ozone/integration-test/target/test-dir/MiniOzoneClusterImpl-a1e414a2-928d-43cb-8cf0-dd5a5830e04c/datanode-5/data/ratis/dca941a6-cef0-4d30-9444-d9a0cbb81d98 has been successfully formatted.
2019-10-02 12:09:34,574 [pool-433-thread-1] INFO  ratis.ContainerStateMachine (ContainerStateMachine.java:loadSnapshot(230)) - group-D9A0CBB81D98: The snapshot info is null. Setting the last applied indexto:(t:0, i:~)
2019-10-02 12:09:34,574 [pool-433-thread-1] INFO  server.RaftServerConfigKeys (ConfUtils.java:logGet(43)) - raft.server.notification.no-leader.timeout = 120s (custom)
2019-10-02 12:09:34,574 [pool-433-thread-1] INFO  server.RaftServerConfigKeys (ConfUtils.java:logGet(43)) - raft.server.log.use.memory = false (default)
2019-10-02 12:09:34,574 [pool-433-thread-1] INFO  server.RaftServerConfigKeys (ConfUtils.java:logGet(43)) - raft.server.log.purge.gap = 1000000 (custom)
2019-10-02 12:09:34,574 [main] INFO  rpc.RpcClient (RpcClient.java:createBucket(415)) - Creating Bucket: watchforcommithandlingtest/watchforcommithandlingtest, with Versioning false and Storage Type set to DISK and Encryption set to false 
2019-10-02 12:09:34,574 [pool-433-thread-1] INFO  server.RaftServerConfigKeys (ConfUtils.java:logGet(43)) - raft.server.log.appender.buffer.byte-limit = 33554432 (custom)
2019-10-02 12:09:34,575 [pool-433-thread-1] INFO  server.RaftServerConfigKeys (ConfUtils.java:logGet(43)) - raft.server.log.segment.size.max = 1048576 (custom)
2019-10-02 12:09:34,578 [pool-433-thread-1] INFO  server.RaftServerConfigKeys (ConfUtils.java:logGet(43)) - raft.server.log.segment.cache.num.max = 2 (custom)
2019-10-02 12:09:34,578 [main] INFO  ozone.MiniOzoneClusterImpl (MiniOzoneClusterImpl.java:getStorageContainerLocationClient(234)) - Creating StorageContainerLocationProtocol RPC client with address /0.0.0.0:38882
2019-10-02 12:09:34,578 [pool-433-thread-1] INFO  segmented.SegmentedRaftLogWorker (SegmentedRaftLogWorker.java:<init>(173)) - new fdf94c36-46e8-42d3-bacb-d2f2ee6f832e@group-D9A0CBB81D98-SegmentedRaftLogWorker for RaftStorage:Storage Directory /workdir/hadoop-ozone/integration-test/target/test-dir/MiniOzoneClusterImpl-a1e414a2-928d-43cb-8cf0-dd5a5830e04c/datanode-5/data/ratis/dca941a6-cef0-4d30-9444-d9a0cbb81d98
2019-10-02 12:09:34,578 [pool-433-thread-1] INFO  server.RaftServerConfigKeys (ConfUtils.java:logGet(43)) - raft.server.log.queue.byte-limit = 2147483647 (custom)
2019-10-02 12:09:34,578 [pool-433-thread-1] INFO  server.RaftServerConfigKeys (ConfUtils.java:logGet(43)) - raft.server.log.queue.element-limit = 1024 (custom)
2019-10-02 12:09:34,578 [pool-433-thread-1] INFO  server.RaftServerConfigKeys (ConfUtils.java:logGet(43)) - raft.server.log.segment.size.max = 1048576 (custom)
2019-10-02 12:09:34,579 [pool-433-thread-1] INFO  server.RaftServerConfigKeys (ConfUtils.java:logGet(43)) - raft.server.log.preallocated.size = 16384 (custom)
2019-10-02 12:09:34,579 [pool-433-thread-1] INFO  server.RaftServerConfigKeys (ConfUtils.java:logGet(43)) - raft.server.log.write.buffer.size = 33554432 (custom)
2019-10-02 12:09:34,579 [pool-433-thread-1] INFO  server.RaftServerConfigKeys (ConfUtils.java:logGet(43)) - raft.server.log.force.sync.num = 128 (default)
2019-10-02 12:09:34,579 [pool-433-thread-1] INFO  server.RaftServerConfigKeys (ConfUtils.java:logGet(43)) - raft.server.log.statemachine.data.sync = true (default)
2019-10-02 12:09:34,579 [pool-433-thread-1] INFO  server.RaftServerConfigKeys (ConfUtils.java:logGet(43)) - raft.server.log.statemachine.data.sync.timeout = 10s (default)
2019-10-02 12:09:34,579 [pool-433-thread-1] INFO  server.RaftServerConfigKeys (ConfUtils.java:logGet(43)) - raft.server.log.statemachine.data.sync.timeout.retry = -1 (default)
2019-10-02 12:09:34,580 [pool-433-thread-1] INFO  server.RaftServerConfigKeys (ConfUtils.java:logGet(43)) - raft.server.log.statemachine.data.caching.enabled = true (custom)
2019-10-02 12:09:34,580 [pool-433-thread-1] INFO  segmented.SegmentedRaftLogWorker (SegmentedRaftLogWorker.java:lambda$new$0(128)) - fdf94c36-46e8-42d3-bacb-d2f2ee6f832e@group-D9A0CBB81D98-SegmentedRaftLogWorker: flushIndex: setUnconditionally 0 -> -1
2019-10-02 12:09:34,580 [pool-433-thread-1] INFO  server.RaftServerConfigKeys (ConfUtils.java:logGet(43)) - raft.server.snapshot.auto.trigger.enabled = true (custom)
2019-10-02 12:09:34,580 [pool-433-thread-1] INFO  server.RaftServerConfigKeys (ConfUtils.java:logGet(43)) - raft.server.snapshot.auto.trigger.threshold = 10000 (custom)
2019-10-02 12:09:34,580 [pool-433-thread-1] INFO  server.RaftServerConfigKeys (ConfUtils.java:logGet(43)) - raft.server.snapshot.retention.file.num = 5 (custom)
2019-10-02 12:09:34,581 [pool-433-thread-1] INFO  server.RaftServerConfigKeys (ConfUtils.java:logGet(43)) - raft.server.retrycache.expirytime = 600000ms (custom)
2019-10-02 12:09:34,583 [pool-433-thread-1] INFO  impl.RaftServerImpl (RaftServerImpl.java:start(181)) - fdf94c36-46e8-42d3-bacb-d2f2ee6f832e@group-D9A0CBB81D98: start as a follower, conf=-1: [fdf94c36-46e8-42d3-bacb-d2f2ee6f832e:192.168.30.47:41567], old=null
2019-10-02 12:09:34,583 [pool-433-thread-1] INFO  impl.RaftServerImpl (RaftServerImpl.java:setRole(170)) - fdf94c36-46e8-42d3-bacb-d2f2ee6f832e@group-D9A0CBB81D98: changes role from      null to FOLLOWER at term 0 for startAsFollower
2019-10-02 12:09:34,583 [pool-433-thread-1] INFO  impl.RoleInfo (RoleInfo.java:updateAndGet(143)) - fdf94c36-46e8-42d3-bacb-d2f2ee6f832e: start FollowerState
2019-10-02 12:09:34,583 [pool-433-thread-1] INFO  util.JmxRegister (JmxRegister.java:tryRegister(44)) - Successfully registered JMX Bean with object name Ratis:service=RaftServer,group=group-D9A0CBB81D98,id=fdf94c36-46e8-42d3-bacb-d2f2ee6f832e
2019-10-02 12:09:34,587 [RatisPipelineUtilsThread] INFO  pipeline.PipelineStateManager (PipelineStateManager.java:addPipeline(56)) - Created pipeline Pipeline[ Id: dca941a6-cef0-4d30-9444-d9a0cbb81d98, Nodes: fdf94c36-46e8-42d3-bacb-d2f2ee6f832e{ip: 192.168.30.47, host: pr-hdds-2231-nwbjw-3761139207, networkLocation: /default-rack, certSerialId: null}, Type:RATIS, Factor:ONE, State:OPEN]
2019-10-02 12:09:34,592 [grpc-default-executor-2] INFO  impl.RaftServerProxy (RaftServerProxy.java:addNew(89)) - cd5c7bdf-638b-4723-98ff-57cb3a80d125: addNew group-954B550E6281:[cd5c7bdf-638b-4723-98ff-57cb3a80d125:192.168.30.47:36692] returns group-954B550E6281:java.util.concurrent.CompletableFuture@61e1b414[Not completed]
2019-10-02 12:09:34,593 [pool-443-thread-1] INFO  impl.RaftServerImpl (RaftServerImpl.java:<init>(95)) - cd5c7bdf-638b-4723-98ff-57cb3a80d125: new RaftServerImpl for group-954B550E6281:[cd5c7bdf-638b-4723-98ff-57cb3a80d125:192.168.30.47:36692] with ContainerStateMachine:uninitialized
2019-10-02 12:09:34,594 [pool-443-thread-1] INFO  server.RaftServerConfigKeys (ConfUtils.java:logGet(43)) - raft.server.rpc.timeout.min = 5s (custom)
2019-10-02 12:09:34,594 [pool-443-thread-1] INFO  server.RaftServerConfigKeys (ConfUtils.java:logGet(43)) - raft.server.rpc.timeout.max = 5200ms (custom)
2019-10-02 12:09:34,594 [pool-443-thread-1] INFO  server.RaftServerConfigKeys (ConfUtils.java:logGet(43)) - raft.server.rpcslowness.timeout = 120s (custom)
2019-10-02 12:09:34,594 [pool-443-thread-1] INFO  server.RaftServerConfigKeys (ConfUtils.java:logGet(43)) - raft.server.sleep.deviation.threshold = 300 (default)
2019-10-02 12:09:34,594 [pool-443-thread-1] INFO  server.RaftServerConfigKeys (ConfUtils.java:logGet(43)) - raft.server.log.appender.install.snapshot.enabled = false (custom)
2019-10-02 12:09:34,594 [pool-443-thread-1] INFO  impl.RaftServerImpl (ServerState.java:<init>(103)) - cd5c7bdf-638b-4723-98ff-57cb3a80d125@group-954B550E6281: ConfigurationManager, init=-1: [cd5c7bdf-638b-4723-98ff-57cb3a80d125:192.168.30.47:36692], old=null, confs=<EMPTY_MAP>
2019-10-02 12:09:34,594 [pool-443-thread-1] INFO  server.RaftServerConfigKeys (ConfUtils.java:logGet(43)) - raft.server.storage.dir = [/workdir/hadoop-ozone/integration-test/target/test-dir/MiniOzoneClusterImpl-a1e414a2-928d-43cb-8cf0-dd5a5830e04c/datanode-6/data/ratis] (custom)
2019-10-02 12:09:34,594 [pool-443-thread-1] INFO  server.RaftServerConfigKeys (ConfUtils.java:logGet(43)) - raft.server.log.corruption.policy = EXCEPTION (default)
2019-10-02 12:09:34,595 [pool-443-thread-1] INFO  storage.RaftStorageDirectory (RaftStorageDirectory.java:analyzeStorage(246)) - The storage directory /workdir/hadoop-ozone/integration-test/target/test-dir/MiniOzoneClusterImpl-a1e414a2-928d-43cb-8cf0-dd5a5830e04c/datanode-6/data/ratis/494eb888-267f-41cd-aff6-954b550e6281 does not exist. Creating ...
2019-10-02 12:09:34,618 [pool-443-thread-1] INFO  storage.RaftStorageDirectory (RaftStorageDirectory.java:tryLock(328)) - Lock on /workdir/hadoop-ozone/integration-test/target/test-dir/MiniOzoneClusterImpl-a1e414a2-928d-43cb-8cf0-dd5a5830e04c/datanode-6/data/ratis/494eb888-267f-41cd-aff6-954b550e6281/in_use.lock acquired by nodename 9178@pr-hdds-2231-nwbjw-3761139207
2019-10-02 12:09:34,642 [pool-443-thread-1] INFO  storage.RaftStorage (RaftStorage.java:format(84)) - Storage directory /workdir/hadoop-ozone/integration-test/target/test-dir/MiniOzoneClusterImpl-a1e414a2-928d-43cb-8cf0-dd5a5830e04c/datanode-6/data/ratis/494eb888-267f-41cd-aff6-954b550e6281 has been successfully formatted.
2019-10-02 12:09:34,642 [pool-443-thread-1] INFO  ratis.ContainerStateMachine (ContainerStateMachine.java:loadSnapshot(230)) - group-954B550E6281: The snapshot info is null. Setting the last applied indexto:(t:0, i:~)
2019-10-02 12:09:34,642 [pool-443-thread-1] INFO  server.RaftServerConfigKeys (ConfUtils.java:logGet(43)) - raft.server.notification.no-leader.timeout = 120s (custom)
2019-10-02 12:09:34,642 [pool-443-thread-1] INFO  server.RaftServerConfigKeys (ConfUtils.java:logGet(43)) - raft.server.log.use.memory = false (default)
2019-10-02 12:09:34,642 [pool-443-thread-1] INFO  server.RaftServerConfigKeys (ConfUtils.java:logGet(43)) - raft.server.log.purge.gap = 1000000 (custom)
2019-10-02 12:09:34,642 [pool-443-thread-1] INFO  server.RaftServerConfigKeys (ConfUtils.java:logGet(43)) - raft.server.log.appender.buffer.byte-limit = 33554432 (custom)
2019-10-02 12:09:34,642 [pool-443-thread-1] INFO  server.RaftServerConfigKeys (ConfUtils.java:logGet(43)) - raft.server.log.segment.size.max = 1048576 (custom)
2019-10-02 12:09:34,644 [pool-443-thread-1] INFO  server.RaftServerConfigKeys (ConfUtils.java:logGet(43)) - raft.server.log.segment.cache.num.max = 2 (custom)
2019-10-02 12:09:34,644 [pool-443-thread-1] INFO  segmented.SegmentedRaftLogWorker (SegmentedRaftLogWorker.java:<init>(173)) - new cd5c7bdf-638b-4723-98ff-57cb3a80d125@group-954B550E6281-SegmentedRaftLogWorker for RaftStorage:Storage Directory /workdir/hadoop-ozone/integration-test/target/test-dir/MiniOzoneClusterImpl-a1e414a2-928d-43cb-8cf0-dd5a5830e04c/datanode-6/data/ratis/494eb888-267f-41cd-aff6-954b550e6281
2019-10-02 12:09:34,645 [pool-443-thread-1] INFO  server.RaftServerConfigKeys (ConfUtils.java:logGet(43)) - raft.server.log.queue.byte-limit = 2147483647 (custom)
2019-10-02 12:09:34,645 [pool-443-thread-1] INFO  server.RaftServerConfigKeys (ConfUtils.java:logGet(43)) - raft.server.log.queue.element-limit = 1024 (custom)
2019-10-02 12:09:34,645 [pool-443-thread-1] INFO  server.RaftServerConfigKeys (ConfUtils.java:logGet(43)) - raft.server.log.segment.size.max = 1048576 (custom)
2019-10-02 12:09:34,645 [pool-443-thread-1] INFO  server.RaftServerConfigKeys (ConfUtils.java:logGet(43)) - raft.server.log.preallocated.size = 16384 (custom)
2019-10-02 12:09:34,645 [pool-443-thread-1] INFO  server.RaftServerConfigKeys (ConfUtils.java:logGet(43)) - raft.server.log.write.buffer.size = 33554432 (custom)
2019-10-02 12:09:34,645 [pool-443-thread-1] INFO  server.RaftServerConfigKeys (ConfUtils.java:logGet(43)) - raft.server.log.force.sync.num = 128 (default)
2019-10-02 12:09:34,645 [pool-443-thread-1] INFO  server.RaftServerConfigKeys (ConfUtils.java:logGet(43)) - raft.server.log.statemachine.data.sync = true (default)
2019-10-02 12:09:34,645 [pool-443-thread-1] INFO  server.RaftServerConfigKeys (ConfUtils.java:logGet(43)) - raft.server.log.statemachine.data.sync.timeout = 10s (default)
2019-10-02 12:09:34,646 [pool-443-thread-1] INFO  server.RaftServerConfigKeys (ConfUtils.java:logGet(43)) - raft.server.log.statemachine.data.sync.timeout.retry = -1 (default)
2019-10-02 12:09:34,646 [pool-443-thread-1] INFO  server.RaftServerConfigKeys (ConfUtils.java:logGet(43)) - raft.server.log.statemachine.data.caching.enabled = true (custom)
2019-10-02 12:09:34,646 [pool-443-thread-1] INFO  segmented.SegmentedRaftLogWorker (SegmentedRaftLogWorker.java:lambda$new$0(128)) - cd5c7bdf-638b-4723-98ff-57cb3a80d125@group-954B550E6281-SegmentedRaftLogWorker: flushIndex: setUnconditionally 0 -> -1
2019-10-02 12:09:34,646 [pool-443-thread-1] INFO  server.RaftServerConfigKeys (ConfUtils.java:logGet(43)) - raft.server.snapshot.auto.trigger.enabled = true (custom)
2019-10-02 12:09:34,647 [pool-443-thread-1] INFO  server.RaftServerConfigKeys (ConfUtils.java:logGet(43)) - raft.server.snapshot.auto.trigger.threshold = 10000 (custom)
2019-10-02 12:09:34,647 [pool-443-thread-1] INFO  server.RaftServerConfigKeys (ConfUtils.java:logGet(43)) - raft.server.snapshot.retention.file.num = 5 (custom)
2019-10-02 12:09:34,647 [pool-443-thread-1] INFO  server.RaftServerConfigKeys (ConfUtils.java:logGet(43)) - raft.server.retrycache.expirytime = 600000ms (custom)
2019-10-02 12:09:34,648 [pool-443-thread-1] INFO  impl.RaftServerImpl (RaftServerImpl.java:start(181)) - cd5c7bdf-638b-4723-98ff-57cb3a80d125@group-954B550E6281: start as a follower, conf=-1: [cd5c7bdf-638b-4723-98ff-57cb3a80d125:192.168.30.47:36692], old=null
2019-10-02 12:09:34,648 [pool-443-thread-1] INFO  impl.RaftServerImpl (RaftServerImpl.java:setRole(170)) - cd5c7bdf-638b-4723-98ff-57cb3a80d125@group-954B550E6281: changes role from      null to FOLLOWER at term 0 for startAsFollower
2019-10-02 12:09:34,648 [pool-443-thread-1] INFO  impl.RoleInfo (RoleInfo.java:updateAndGet(143)) - cd5c7bdf-638b-4723-98ff-57cb3a80d125: start FollowerState
2019-10-02 12:09:34,649 [pool-443-thread-1] INFO  util.JmxRegister (JmxRegister.java:tryRegister(44)) - Successfully registered JMX Bean with object name Ratis:service=RaftServer,group=group-954B550E6281,id=cd5c7bdf-638b-4723-98ff-57cb3a80d125
2019-10-02 12:09:34,652 [RatisPipelineUtilsThread] INFO  pipeline.PipelineStateManager (PipelineStateManager.java:addPipeline(56)) - Created pipeline Pipeline[ Id: 494eb888-267f-41cd-aff6-954b550e6281, Nodes: cd5c7bdf-638b-4723-98ff-57cb3a80d125{ip: 192.168.30.47, host: pr-hdds-2231-nwbjw-3761139207, networkLocation: /default-rack, certSerialId: null}, Type:RATIS, Factor:ONE, State:OPEN]
2019-10-02 12:09:34,662 [grpc-default-executor-8] INFO  impl.RaftServerProxy (RaftServerProxy.java:addNew(89)) - 03547a15-859a-45d6-b0ce-d12496de5dda: addNew group-001D6A18E9CA:[951e34a4-428b-40d1-882b-e95786ef97f1:192.168.30.47:33549, 03547a15-859a-45d6-b0ce-d12496de5dda:192.168.30.47:43588, f33d517f-e42f-4acb-af98-039ff957946e:192.168.30.47:41104] returns group-001D6A18E9CA:java.util.concurrent.CompletableFuture@56de16d9[Not completed]
2019-10-02 12:09:34,663 [grpc-default-executor-8] INFO  impl.RaftServerProxy (RaftServerProxy.java:addNew(89)) - 951e34a4-428b-40d1-882b-e95786ef97f1: addNew group-001D6A18E9CA:[951e34a4-428b-40d1-882b-e95786ef97f1:192.168.30.47:33549, 03547a15-859a-45d6-b0ce-d12496de5dda:192.168.30.47:43588, f33d517f-e42f-4acb-af98-039ff957946e:192.168.30.47:41104] returns group-001D6A18E9CA:java.util.concurrent.CompletableFuture@787dbeb0[Not completed]
2019-10-02 12:09:34,663 [pool-383-thread-1] INFO  impl.RaftServerImpl (RaftServerImpl.java:<init>(95)) - 03547a15-859a-45d6-b0ce-d12496de5dda: new RaftServerImpl for group-001D6A18E9CA:[951e34a4-428b-40d1-882b-e95786ef97f1:192.168.30.47:33549, 03547a15-859a-45d6-b0ce-d12496de5dda:192.168.30.47:43588, f33d517f-e42f-4acb-af98-039ff957946e:192.168.30.47:41104] with ContainerStateMachine:uninitialized
2019-10-02 12:09:34,663 [grpc-default-executor-8] INFO  impl.RaftServerProxy (RaftServerProxy.java:addNew(89)) - f33d517f-e42f-4acb-af98-039ff957946e: addNew group-001D6A18E9CA:[951e34a4-428b-40d1-882b-e95786ef97f1:192.168.30.47:33549, 03547a15-859a-45d6-b0ce-d12496de5dda:192.168.30.47:43588, f33d517f-e42f-4acb-af98-039ff957946e:192.168.30.47:41104] returns group-001D6A18E9CA:java.util.concurrent.CompletableFuture@2dbdb7da[Not completed]
2019-10-02 12:09:34,663 [pool-383-thread-1] INFO  server.RaftServerConfigKeys (ConfUtils.java:logGet(43)) - raft.server.rpc.timeout.min = 5s (custom)
2019-10-02 12:09:34,664 [pool-383-thread-1] INFO  server.RaftServerConfigKeys (ConfUtils.java:logGet(43)) - raft.server.rpc.timeout.max = 5200ms (custom)
2019-10-02 12:09:34,664 [pool-383-thread-1] INFO  server.RaftServerConfigKeys (ConfUtils.java:logGet(43)) - raft.server.rpcslowness.timeout = 120s (custom)
2019-10-02 12:09:34,664 [pool-383-thread-1] INFO  server.RaftServerConfigKeys (ConfUtils.java:logGet(43)) - raft.server.sleep.deviation.threshold = 300 (default)
2019-10-02 12:09:34,664 [pool-383-thread-1] INFO  server.RaftServerConfigKeys (ConfUtils.java:logGet(43)) - raft.server.log.appender.install.snapshot.enabled = false (custom)
2019-10-02 12:09:34,664 [pool-423-thread-1] INFO  impl.RaftServerImpl (RaftServerImpl.java:<init>(95)) - 951e34a4-428b-40d1-882b-e95786ef97f1: new RaftServerImpl for group-001D6A18E9CA:[951e34a4-428b-40d1-882b-e95786ef97f1:192.168.30.47:33549, 03547a15-859a-45d6-b0ce-d12496de5dda:192.168.30.47:43588, f33d517f-e42f-4acb-af98-039ff957946e:192.168.30.47:41104] with ContainerStateMachine:uninitialized
2019-10-02 12:09:34,664 [pool-383-thread-1] INFO  impl.RaftServerImpl (ServerState.java:<init>(103)) - 03547a15-859a-45d6-b0ce-d12496de5dda@group-001D6A18E9CA: ConfigurationManager, init=-1: [951e34a4-428b-40d1-882b-e95786ef97f1:192.168.30.47:33549, 03547a15-859a-45d6-b0ce-d12496de5dda:192.168.30.47:43588, f33d517f-e42f-4acb-af98-039ff957946e:192.168.30.47:41104], old=null, confs=<EMPTY_MAP>
2019-10-02 12:09:34,664 [pool-423-thread-1] INFO  server.RaftServerConfigKeys (ConfUtils.java:logGet(43)) - raft.server.rpc.timeout.min = 5s (custom)
2019-10-02 12:09:34,665 [pool-383-thread-1] INFO  server.RaftServerConfigKeys (ConfUtils.java:logGet(43)) - raft.server.storage.dir = [/workdir/hadoop-ozone/integration-test/target/test-dir/MiniOzoneClusterImpl-a1e414a2-928d-43cb-8cf0-dd5a5830e04c/datanode-0/data/ratis] (custom)
2019-10-02 12:09:34,665 [pool-403-thread-1] INFO  impl.RaftServerImpl (RaftServerImpl.java:<init>(95)) - f33d517f-e42f-4acb-af98-039ff957946e: new RaftServerImpl for group-001D6A18E9CA:[951e34a4-428b-40d1-882b-e95786ef97f1:192.168.30.47:33549, 03547a15-859a-45d6-b0ce-d12496de5dda:192.168.30.47:43588, f33d517f-e42f-4acb-af98-039ff957946e:192.168.30.47:41104] with ContainerStateMachine:uninitialized
2019-10-02 12:09:34,665 [pool-423-thread-1] INFO  server.RaftServerConfigKeys (ConfUtils.java:logGet(43)) - raft.server.rpc.timeout.max = 5200ms (custom)
2019-10-02 12:09:34,665 [pool-383-thread-1] INFO  server.RaftServerConfigKeys (ConfUtils.java:logGet(43)) - raft.server.log.corruption.policy = EXCEPTION (default)
2019-10-02 12:09:34,665 [pool-403-thread-1] INFO  server.RaftServerConfigKeys (ConfUtils.java:logGet(43)) - raft.server.rpc.timeout.min = 5s (custom)
2019-10-02 12:09:34,665 [pool-423-thread-1] INFO  server.RaftServerConfigKeys (ConfUtils.java:logGet(43)) - raft.server.rpcslowness.timeout = 120s (custom)
2019-10-02 12:09:34,665 [pool-403-thread-1] INFO  server.RaftServerConfigKeys (ConfUtils.java:logGet(43)) - raft.server.rpc.timeout.max = 5200ms (custom)
2019-10-02 12:09:34,665 [pool-383-thread-1] INFO  storage.RaftStorageDirectory (RaftStorageDirectory.java:analyzeStorage(246)) - The storage directory /workdir/hadoop-ozone/integration-test/target/test-dir/MiniOzoneClusterImpl-a1e414a2-928d-43cb-8cf0-dd5a5830e04c/datanode-0/data/ratis/77df1a2a-a8ae-4c51-9be2-001d6a18e9ca does not exist. Creating ...
2019-10-02 12:09:34,666 [pool-403-thread-1] INFO  server.RaftServerConfigKeys (ConfUtils.java:logGet(43)) - raft.server.rpcslowness.timeout = 120s (custom)
2019-10-02 12:09:34,665 [pool-423-thread-1] INFO  server.RaftServerConfigKeys (ConfUtils.java:logGet(43)) - raft.server.sleep.deviation.threshold = 300 (default)
2019-10-02 12:09:34,666 [pool-403-thread-1] INFO  server.RaftServerConfigKeys (ConfUtils.java:logGet(43)) - raft.server.sleep.deviation.threshold = 300 (default)
2019-10-02 12:09:34,666 [pool-423-thread-1] INFO  server.RaftServerConfigKeys (ConfUtils.java:logGet(43)) - raft.server.log.appender.install.snapshot.enabled = false (custom)
2019-10-02 12:09:34,666 [pool-403-thread-1] INFO  server.RaftServerConfigKeys (ConfUtils.java:logGet(43)) - raft.server.log.appender.install.snapshot.enabled = false (custom)
2019-10-02 12:09:34,666 [pool-423-thread-1] INFO  impl.RaftServerImpl (ServerState.java:<init>(103)) - 951e34a4-428b-40d1-882b-e95786ef97f1@group-001D6A18E9CA: ConfigurationManager, init=-1: [951e34a4-428b-40d1-882b-e95786ef97f1:192.168.30.47:33549, 03547a15-859a-45d6-b0ce-d12496de5dda:192.168.30.47:43588, f33d517f-e42f-4acb-af98-039ff957946e:192.168.30.47:41104], old=null, confs=<EMPTY_MAP>
2019-10-02 12:09:34,666 [pool-403-thread-1] INFO  impl.RaftServerImpl (ServerState.java:<init>(103)) - f33d517f-e42f-4acb-af98-039ff957946e@group-001D6A18E9CA: ConfigurationManager, init=-1: [951e34a4-428b-40d1-882b-e95786ef97f1:192.168.30.47:33549, 03547a15-859a-45d6-b0ce-d12496de5dda:192.168.30.47:43588, f33d517f-e42f-4acb-af98-039ff957946e:192.168.30.47:41104], old=null, confs=<EMPTY_MAP>
2019-10-02 12:09:34,666 [pool-423-thread-1] INFO  server.RaftServerConfigKeys (ConfUtils.java:logGet(43)) - raft.server.storage.dir = [/workdir/hadoop-ozone/integration-test/target/test-dir/MiniOzoneClusterImpl-a1e414a2-928d-43cb-8cf0-dd5a5830e04c/datanode-4/data/ratis] (custom)
2019-10-02 12:09:34,667 [pool-403-thread-1] INFO  server.RaftServerConfigKeys (ConfUtils.java:logGet(43)) - raft.server.storage.dir = [/workdir/hadoop-ozone/integration-test/target/test-dir/MiniOzoneClusterImpl-a1e414a2-928d-43cb-8cf0-dd5a5830e04c/datanode-2/data/ratis] (custom)
2019-10-02 12:09:34,667 [pool-423-thread-1] INFO  server.RaftServerConfigKeys (ConfUtils.java:logGet(43)) - raft.server.log.corruption.policy = EXCEPTION (default)
2019-10-02 12:09:34,667 [pool-403-thread-1] INFO  server.RaftServerConfigKeys (ConfUtils.java:logGet(43)) - raft.server.log.corruption.policy = EXCEPTION (default)
2019-10-02 12:09:34,667 [pool-423-thread-1] INFO  storage.RaftStorageDirectory (RaftStorageDirectory.java:analyzeStorage(246)) - The storage directory /workdir/hadoop-ozone/integration-test/target/test-dir/MiniOzoneClusterImpl-a1e414a2-928d-43cb-8cf0-dd5a5830e04c/datanode-4/data/ratis/77df1a2a-a8ae-4c51-9be2-001d6a18e9ca does not exist. Creating ...
2019-10-02 12:09:34,667 [pool-403-thread-1] INFO  storage.RaftStorageDirectory (RaftStorageDirectory.java:analyzeStorage(246)) - The storage directory /workdir/hadoop-ozone/integration-test/target/test-dir/MiniOzoneClusterImpl-a1e414a2-928d-43cb-8cf0-dd5a5830e04c/datanode-2/data/ratis/77df1a2a-a8ae-4c51-9be2-001d6a18e9ca does not exist. Creating ...
2019-10-02 12:09:34,689 [pool-403-thread-1] INFO  storage.RaftStorageDirectory (RaftStorageDirectory.java:tryLock(328)) - Lock on /workdir/hadoop-ozone/integration-test/target/test-dir/MiniOzoneClusterImpl-a1e414a2-928d-43cb-8cf0-dd5a5830e04c/datanode-2/data/ratis/77df1a2a-a8ae-4c51-9be2-001d6a18e9ca/in_use.lock acquired by nodename 9178@pr-hdds-2231-nwbjw-3761139207
2019-10-02 12:09:34,689 [pool-423-thread-1] INFO  storage.RaftStorageDirectory (RaftStorageDirectory.java:tryLock(328)) - Lock on /workdir/hadoop-ozone/integration-test/target/test-dir/MiniOzoneClusterImpl-a1e414a2-928d-43cb-8cf0-dd5a5830e04c/datanode-4/data/ratis/77df1a2a-a8ae-4c51-9be2-001d6a18e9ca/in_use.lock acquired by nodename 9178@pr-hdds-2231-nwbjw-3761139207
2019-10-02 12:09:34,689 [pool-383-thread-1] INFO  storage.RaftStorageDirectory (RaftStorageDirectory.java:tryLock(328)) - Lock on /workdir/hadoop-ozone/integration-test/target/test-dir/MiniOzoneClusterImpl-a1e414a2-928d-43cb-8cf0-dd5a5830e04c/datanode-0/data/ratis/77df1a2a-a8ae-4c51-9be2-001d6a18e9ca/in_use.lock acquired by nodename 9178@pr-hdds-2231-nwbjw-3761139207
2019-10-02 12:09:34,712 [pool-403-thread-1] INFO  storage.RaftStorage (RaftStorage.java:format(84)) - Storage directory /workdir/hadoop-ozone/integration-test/target/test-dir/MiniOzoneClusterImpl-a1e414a2-928d-43cb-8cf0-dd5a5830e04c/datanode-2/data/ratis/77df1a2a-a8ae-4c51-9be2-001d6a18e9ca has been successfully formatted.
2019-10-02 12:09:34,712 [pool-383-thread-1] INFO  storage.RaftStorage (RaftStorage.java:format(84)) - Storage directory /workdir/hadoop-ozone/integration-test/target/test-dir/MiniOzoneClusterImpl-a1e414a2-928d-43cb-8cf0-dd5a5830e04c/datanode-0/data/ratis/77df1a2a-a8ae-4c51-9be2-001d6a18e9ca has been successfully formatted.
2019-10-02 12:09:34,713 [pool-403-thread-1] INFO  ratis.ContainerStateMachine (ContainerStateMachine.java:loadSnapshot(230)) - group-001D6A18E9CA: The snapshot info is null. Setting the last applied indexto:(t:0, i:~)
2019-10-02 12:09:34,712 [pool-423-thread-1] INFO  storage.RaftStorage (RaftStorage.java:format(84)) - Storage directory /workdir/hadoop-ozone/integration-test/target/test-dir/MiniOzoneClusterImpl-a1e414a2-928d-43cb-8cf0-dd5a5830e04c/datanode-4/data/ratis/77df1a2a-a8ae-4c51-9be2-001d6a18e9ca has been successfully formatted.
2019-10-02 12:09:34,713 [pool-403-thread-1] INFO  server.RaftServerConfigKeys (ConfUtils.java:logGet(43)) - raft.server.notification.no-leader.timeout = 120s (custom)
2019-10-02 12:09:34,713 [pool-383-thread-1] INFO  ratis.ContainerStateMachine (ContainerStateMachine.java:loadSnapshot(230)) - group-001D6A18E9CA: The snapshot info is null. Setting the last applied indexto:(t:0, i:~)
2019-10-02 12:09:34,713 [pool-423-thread-1] INFO  ratis.ContainerStateMachine (ContainerStateMachine.java:loadSnapshot(230)) - group-001D6A18E9CA: The snapshot info is null. Setting the last applied indexto:(t:0, i:~)
2019-10-02 12:09:34,713 [pool-403-thread-1] INFO  server.RaftServerConfigKeys (ConfUtils.java:logGet(43)) - raft.server.log.use.memory = false (default)
2019-10-02 12:09:34,713 [pool-423-thread-1] INFO  server.RaftServerConfigKeys (ConfUtils.java:logGet(43)) - raft.server.notification.no-leader.timeout = 120s (custom)
2019-10-02 12:09:34,713 [pool-383-thread-1] INFO  server.RaftServerConfigKeys (ConfUtils.java:logGet(43)) - raft.server.notification.no-leader.timeout = 120s (custom)
2019-10-02 12:09:34,714 [pool-423-thread-1] INFO  server.RaftServerConfigKeys (ConfUtils.java:logGet(43)) - raft.server.log.use.memory = false (default)
2019-10-02 12:09:34,714 [pool-403-thread-1] INFO  server.RaftServerConfigKeys (ConfUtils.java:logGet(43)) - raft.server.log.purge.gap = 1000000 (custom)
2019-10-02 12:09:34,714 [pool-423-thread-1] INFO  server.RaftServerConfigKeys (ConfUtils.java:logGet(43)) - raft.server.log.purge.gap = 1000000 (custom)
2019-10-02 12:09:34,714 [pool-383-thread-1] INFO  server.RaftServerConfigKeys (ConfUtils.java:logGet(43)) - raft.server.log.use.memory = false (default)
2019-10-02 12:09:34,714 [pool-423-thread-1] INFO  server.RaftServerConfigKeys (ConfUtils.java:logGet(43)) - raft.server.log.appender.buffer.byte-limit = 33554432 (custom)
2019-10-02 12:09:34,714 [pool-403-thread-1] INFO  server.RaftServerConfigKeys (ConfUtils.java:logGet(43)) - raft.server.log.appender.buffer.byte-limit = 33554432 (custom)
2019-10-02 12:09:34,715 [pool-423-thread-1] INFO  server.RaftServerConfigKeys (ConfUtils.java:logGet(43)) - raft.server.log.segment.size.max = 1048576 (custom)
2019-10-02 12:09:34,714 [pool-383-thread-1] INFO  server.RaftServerConfigKeys (ConfUtils.java:logGet(43)) - raft.server.log.purge.gap = 1000000 (custom)
2019-10-02 12:09:34,715 [pool-423-thread-1] INFO  server.RaftServerConfigKeys (ConfUtils.java:logGet(43)) - raft.server.log.segment.cache.num.max = 2 (custom)
2019-10-02 12:09:34,715 [pool-403-thread-1] INFO  server.RaftServerConfigKeys (ConfUtils.java:logGet(43)) - raft.server.log.segment.size.max = 1048576 (custom)
2019-10-02 12:09:34,715 [pool-423-thread-1] INFO  segmented.SegmentedRaftLogWorker (SegmentedRaftLogWorker.java:<init>(173)) - new 951e34a4-428b-40d1-882b-e95786ef97f1@group-001D6A18E9CA-SegmentedRaftLogWorker for RaftStorage:Storage Directory /workdir/hadoop-ozone/integration-test/target/test-dir/MiniOzoneClusterImpl-a1e414a2-928d-43cb-8cf0-dd5a5830e04c/datanode-4/data/ratis/77df1a2a-a8ae-4c51-9be2-001d6a18e9ca
2019-10-02 12:09:34,715 [pool-383-thread-1] INFO  server.RaftServerConfigKeys (ConfUtils.java:logGet(43)) - raft.server.log.appender.buffer.byte-limit = 33554432 (custom)
2019-10-02 12:09:34,716 [pool-423-thread-1] INFO  server.RaftServerConfigKeys (ConfUtils.java:logGet(43)) - raft.server.log.queue.byte-limit = 2147483647 (custom)
2019-10-02 12:09:34,715 [pool-403-thread-1] INFO  server.RaftServerConfigKeys (ConfUtils.java:logGet(43)) - raft.server.log.segment.cache.num.max = 2 (custom)
2019-10-02 12:09:34,716 [pool-423-thread-1] INFO  server.RaftServerConfigKeys (ConfUtils.java:logGet(43)) - raft.server.log.queue.element-limit = 1024 (custom)
2019-10-02 12:09:34,716 [pool-383-thread-1] INFO  server.RaftServerConfigKeys (ConfUtils.java:logGet(43)) - raft.server.log.segment.size.max = 1048576 (custom)
2019-10-02 12:09:34,716 [pool-423-thread-1] INFO  server.RaftServerConfigKeys (ConfUtils.java:logGet(43)) - raft.server.log.segment.size.max = 1048576 (custom)
2019-10-02 12:09:34,716 [pool-403-thread-1] INFO  segmented.SegmentedRaftLogWorker (SegmentedRaftLogWorker.java:<init>(173)) - new f33d517f-e42f-4acb-af98-039ff957946e@group-001D6A18E9CA-SegmentedRaftLogWorker for RaftStorage:Storage Directory /workdir/hadoop-ozone/integration-test/target/test-dir/MiniOzoneClusterImpl-a1e414a2-928d-43cb-8cf0-dd5a5830e04c/datanode-2/data/ratis/77df1a2a-a8ae-4c51-9be2-001d6a18e9ca
2019-10-02 12:09:34,717 [pool-423-thread-1] INFO  server.RaftServerConfigKeys (ConfUtils.java:logGet(43)) - raft.server.log.preallocated.size = 16384 (custom)
2019-10-02 12:09:34,716 [pool-383-thread-1] INFO  server.RaftServerConfigKeys (ConfUtils.java:logGet(43)) - raft.server.log.segment.cache.num.max = 2 (custom)
2019-10-02 12:09:34,717 [pool-423-thread-1] INFO  server.RaftServerConfigKeys (ConfUtils.java:logGet(43)) - raft.server.log.write.buffer.size = 33554432 (custom)
2019-10-02 12:09:34,717 [pool-403-thread-1] INFO  server.RaftServerConfigKeys (ConfUtils.java:logGet(43)) - raft.server.log.queue.byte-limit = 2147483647 (custom)
2019-10-02 12:09:34,717 [pool-423-thread-1] INFO  server.RaftServerConfigKeys (ConfUtils.java:logGet(43)) - raft.server.log.force.sync.num = 128 (default)
2019-10-02 12:09:34,717 [pool-383-thread-1] INFO  segmented.SegmentedRaftLogWorker (SegmentedRaftLogWorker.java:<init>(173)) - new 03547a15-859a-45d6-b0ce-d12496de5dda@group-001D6A18E9CA-SegmentedRaftLogWorker for RaftStorage:Storage Directory /workdir/hadoop-ozone/integration-test/target/test-dir/MiniOzoneClusterImpl-a1e414a2-928d-43cb-8cf0-dd5a5830e04c/datanode-0/data/ratis/77df1a2a-a8ae-4c51-9be2-001d6a18e9ca
2019-10-02 12:09:34,717 [pool-423-thread-1] INFO  server.RaftServerConfigKeys (ConfUtils.java:logGet(43)) - raft.server.log.statemachine.data.sync = true (default)
2019-10-02 12:09:34,717 [pool-403-thread-1] INFO  server.RaftServerConfigKeys (ConfUtils.java:logGet(43)) - raft.server.log.queue.element-limit = 1024 (custom)
2019-10-02 12:09:34,718 [pool-423-thread-1] INFO  server.RaftServerConfigKeys (ConfUtils.java:logGet(43)) - raft.server.log.statemachine.data.sync.timeout = 10s (default)
2019-10-02 12:09:34,718 [pool-383-thread-1] INFO  server.RaftServerConfigKeys (ConfUtils.java:logGet(43)) - raft.server.log.queue.byte-limit = 2147483647 (custom)
2019-10-02 12:09:34,718 [pool-423-thread-1] INFO  server.RaftServerConfigKeys (ConfUtils.java:logGet(43)) - raft.server.log.statemachine.data.sync.timeout.retry = -1 (default)
2019-10-02 12:09:34,718 [pool-403-thread-1] INFO  server.RaftServerConfigKeys (ConfUtils.java:logGet(43)) - raft.server.log.segment.size.max = 1048576 (custom)
2019-10-02 12:09:34,719 [pool-423-thread-1] INFO  server.RaftServerConfigKeys (ConfUtils.java:logGet(43)) - raft.server.log.statemachine.data.caching.enabled = true (custom)
2019-10-02 12:09:34,718 [pool-383-thread-1] INFO  server.RaftServerConfigKeys (ConfUtils.java:logGet(43)) - raft.server.log.queue.element-limit = 1024 (custom)
2019-10-02 12:09:34,719 [pool-403-thread-1] INFO  server.RaftServerConfigKeys (ConfUtils.java:logGet(43)) - raft.server.log.preallocated.size = 16384 (custom)
2019-10-02 12:09:34,719 [pool-383-thread-1] INFO  server.RaftServerConfigKeys (ConfUtils.java:logGet(43)) - raft.server.log.segment.size.max = 1048576 (custom)
2019-10-02 12:09:34,719 [pool-423-thread-1] INFO  segmented.SegmentedRaftLogWorker (SegmentedRaftLogWorker.java:lambda$new$0(128)) - 951e34a4-428b-40d1-882b-e95786ef97f1@group-001D6A18E9CA-SegmentedRaftLogWorker: flushIndex: setUnconditionally 0 -> -1
2019-10-02 12:09:34,719 [pool-383-thread-1] INFO  server.RaftServerConfigKeys (ConfUtils.java:logGet(43)) - raft.server.log.preallocated.size = 16384 (custom)
2019-10-02 12:09:34,719 [pool-403-thread-1] INFO  server.RaftServerConfigKeys (ConfUtils.java:logGet(43)) - raft.server.log.write.buffer.size = 33554432 (custom)
2019-10-02 12:09:34,720 [pool-423-thread-1] INFO  server.RaftServerConfigKeys (ConfUtils.java:logGet(43)) - raft.server.snapshot.auto.trigger.enabled = true (custom)
2019-10-02 12:09:34,720 [pool-383-thread-1] INFO  server.RaftServerConfigKeys (ConfUtils.java:logGet(43)) - raft.server.log.write.buffer.size = 33554432 (custom)
2019-10-02 12:09:34,720 [pool-423-thread-1] INFO  server.RaftServerConfigKeys (ConfUtils.java:logGet(43)) - raft.server.snapshot.auto.trigger.threshold = 10000 (custom)
2019-10-02 12:09:34,720 [pool-403-thread-1] INFO  server.RaftServerConfigKeys (ConfUtils.java:logGet(43)) - raft.server.log.force.sync.num = 128 (default)
2019-10-02 12:09:34,720 [pool-423-thread-1] INFO  server.RaftServerConfigKeys (ConfUtils.java:logGet(43)) - raft.server.snapshot.retention.file.num = 5 (custom)
2019-10-02 12:09:34,720 [pool-383-thread-1] INFO  server.RaftServerConfigKeys (ConfUtils.java:logGet(43)) - raft.server.log.force.sync.num = 128 (default)
2019-10-02 12:09:34,721 [pool-423-thread-1] INFO  server.RaftServerConfigKeys (ConfUtils.java:logGet(43)) - raft.server.retrycache.expirytime = 600000ms (custom)
2019-10-02 12:09:34,720 [pool-403-thread-1] INFO  server.RaftServerConfigKeys (ConfUtils.java:logGet(43)) - raft.server.log.statemachine.data.sync = true (default)
2019-10-02 12:09:34,721 [pool-383-thread-1] INFO  server.RaftServerConfigKeys (ConfUtils.java:logGet(43)) - raft.server.log.statemachine.data.sync = true (default)
2019-10-02 12:09:34,721 [pool-403-thread-1] INFO  server.RaftServerConfigKeys (ConfUtils.java:logGet(43)) - raft.server.log.statemachine.data.sync.timeout = 10s (default)
2019-10-02 12:09:34,721 [pool-383-thread-1] INFO  server.RaftServerConfigKeys (ConfUtils.java:logGet(43)) - raft.server.log.statemachine.data.sync.timeout = 10s (default)
2019-10-02 12:09:34,721 [pool-403-thread-1] INFO  server.RaftServerConfigKeys (ConfUtils.java:logGet(43)) - raft.server.log.statemachine.data.sync.timeout.retry = -1 (default)
2019-10-02 12:09:34,722 [pool-383-thread-1] INFO  server.RaftServerConfigKeys (ConfUtils.java:logGet(43)) - raft.server.log.statemachine.data.sync.timeout.retry = -1 (default)
2019-10-02 12:09:34,722 [pool-403-thread-1] INFO  server.RaftServerConfigKeys (ConfUtils.java:logGet(43)) - raft.server.log.statemachine.data.caching.enabled = true (custom)
2019-10-02 12:09:34,722 [pool-383-thread-1] INFO  server.RaftServerConfigKeys (ConfUtils.java:logGet(43)) - raft.server.log.statemachine.data.caching.enabled = true (custom)
2019-10-02 12:09:34,722 [pool-403-thread-1] INFO  segmented.SegmentedRaftLogWorker (SegmentedRaftLogWorker.java:lambda$new$0(128)) - f33d517f-e42f-4acb-af98-039ff957946e@group-001D6A18E9CA-SegmentedRaftLogWorker: flushIndex: setUnconditionally 0 -> -1
2019-10-02 12:09:34,722 [pool-383-thread-1] INFO  segmented.SegmentedRaftLogWorker (SegmentedRaftLogWorker.java:lambda$new$0(128)) - 03547a15-859a-45d6-b0ce-d12496de5dda@group-001D6A18E9CA-SegmentedRaftLogWorker: flushIndex: setUnconditionally 0 -> -1
2019-10-02 12:09:34,722 [pool-403-thread-1] INFO  server.RaftServerConfigKeys (ConfUtils.java:logGet(43)) - raft.server.snapshot.auto.trigger.enabled = true (custom)
2019-10-02 12:09:34,723 [pool-403-thread-1] INFO  server.RaftServerConfigKeys (ConfUtils.java:logGet(43)) - raft.server.snapshot.auto.trigger.threshold = 10000 (custom)
2019-10-02 12:09:34,723 [pool-383-thread-1] INFO  server.RaftServerConfigKeys (ConfUtils.java:logGet(43)) - raft.server.snapshot.auto.trigger.enabled = true (custom)
2019-10-02 12:09:34,723 [pool-403-thread-1] INFO  server.RaftServerConfigKeys (ConfUtils.java:logGet(43)) - raft.server.snapshot.retention.file.num = 5 (custom)
2019-10-02 12:09:34,723 [pool-383-thread-1] INFO  server.RaftServerConfigKeys (ConfUtils.java:logGet(43)) - raft.server.snapshot.auto.trigger.threshold = 10000 (custom)
2019-10-02 12:09:34,723 [pool-403-thread-1] INFO  server.RaftServerConfigKeys (ConfUtils.java:logGet(43)) - raft.server.retrycache.expirytime = 600000ms (custom)
2019-10-02 12:09:34,723 [pool-423-thread-1] INFO  impl.RaftServerImpl (RaftServerImpl.java:start(181)) - 951e34a4-428b-40d1-882b-e95786ef97f1@group-001D6A18E9CA: start as a follower, conf=-1: [951e34a4-428b-40d1-882b-e95786ef97f1:192.168.30.47:33549, 03547a15-859a-45d6-b0ce-d12496de5dda:192.168.30.47:43588, f33d517f-e42f-4acb-af98-039ff957946e:192.168.30.47:41104], old=null
2019-10-02 12:09:34,723 [pool-383-thread-1] INFO  server.RaftServerConfigKeys (ConfUtils.java:logGet(43)) - raft.server.snapshot.retention.file.num = 5 (custom)
2019-10-02 12:09:34,724 [pool-423-thread-1] INFO  impl.RaftServerImpl (RaftServerImpl.java:setRole(170)) - 951e34a4-428b-40d1-882b-e95786ef97f1@group-001D6A18E9CA: changes role from      null to FOLLOWER at term 0 for startAsFollower
2019-10-02 12:09:34,724 [pool-383-thread-1] INFO  server.RaftServerConfigKeys (ConfUtils.java:logGet(43)) - raft.server.retrycache.expirytime = 600000ms (custom)
2019-10-02 12:09:34,724 [pool-423-thread-1] INFO  impl.RoleInfo (RoleInfo.java:updateAndGet(143)) - 951e34a4-428b-40d1-882b-e95786ef97f1: start FollowerState
2019-10-02 12:09:34,725 [pool-423-thread-1] INFO  util.JmxRegister (JmxRegister.java:tryRegister(44)) - Successfully registered JMX Bean with object name Ratis:service=RaftServer,group=group-001D6A18E9CA,id=951e34a4-428b-40d1-882b-e95786ef97f1
2019-10-02 12:09:34,727 [pool-403-thread-1] INFO  impl.RaftServerImpl (RaftServerImpl.java:start(181)) - f33d517f-e42f-4acb-af98-039ff957946e@group-001D6A18E9CA: start as a follower, conf=-1: [951e34a4-428b-40d1-882b-e95786ef97f1:192.168.30.47:33549, 03547a15-859a-45d6-b0ce-d12496de5dda:192.168.30.47:43588, f33d517f-e42f-4acb-af98-039ff957946e:192.168.30.47:41104], old=null
2019-10-02 12:09:34,727 [pool-403-thread-1] INFO  impl.RaftServerImpl (RaftServerImpl.java:setRole(170)) - f33d517f-e42f-4acb-af98-039ff957946e@group-001D6A18E9CA: changes role from      null to FOLLOWER at term 0 for startAsFollower
2019-10-02 12:09:34,728 [pool-403-thread-1] INFO  impl.RoleInfo (RoleInfo.java:updateAndGet(143)) - f33d517f-e42f-4acb-af98-039ff957946e: start FollowerState
2019-10-02 12:09:34,728 [pool-383-thread-1] INFO  impl.RaftServerImpl (RaftServerImpl.java:start(181)) - 03547a15-859a-45d6-b0ce-d12496de5dda@group-001D6A18E9CA: start as a follower, conf=-1: [951e34a4-428b-40d1-882b-e95786ef97f1:192.168.30.47:33549, 03547a15-859a-45d6-b0ce-d12496de5dda:192.168.30.47:43588, f33d517f-e42f-4acb-af98-039ff957946e:192.168.30.47:41104], old=null
2019-10-02 12:09:34,728 [pool-383-thread-1] INFO  impl.RaftServerImpl (RaftServerImpl.java:setRole(170)) - 03547a15-859a-45d6-b0ce-d12496de5dda@group-001D6A18E9CA: changes role from      null to FOLLOWER at term 0 for startAsFollower
2019-10-02 12:09:34,728 [pool-403-thread-1] INFO  util.JmxRegister (JmxRegister.java:tryRegister(44)) - Successfully registered JMX Bean with object name Ratis:service=RaftServer,group=group-001D6A18E9CA,id=f33d517f-e42f-4acb-af98-039ff957946e
2019-10-02 12:09:34,728 [pool-383-thread-1] INFO  impl.RoleInfo (RoleInfo.java:updateAndGet(143)) - 03547a15-859a-45d6-b0ce-d12496de5dda: start FollowerState
2019-10-02 12:09:34,729 [pool-383-thread-1] INFO  util.JmxRegister (JmxRegister.java:tryRegister(44)) - Successfully registered JMX Bean with object name Ratis:service=RaftServer,group=group-001D6A18E9CA,id=03547a15-859a-45d6-b0ce-d12496de5dda
2019-10-02 12:09:34,733 [RatisPipelineUtilsThread] INFO  pipeline.PipelineStateManager (PipelineStateManager.java:addPipeline(56)) - Created pipeline Pipeline[ Id: 77df1a2a-a8ae-4c51-9be2-001d6a18e9ca, Nodes: 951e34a4-428b-40d1-882b-e95786ef97f1{ip: 192.168.30.47, host: pr-hdds-2231-nwbjw-3761139207, networkLocation: /default-rack, certSerialId: null}03547a15-859a-45d6-b0ce-d12496de5dda{ip: 192.168.30.47, host: pr-hdds-2231-nwbjw-3761139207, networkLocation: /default-rack, certSerialId: null}f33d517f-e42f-4acb-af98-039ff957946e{ip: 192.168.30.47, host: pr-hdds-2231-nwbjw-3761139207, networkLocation: /default-rack, certSerialId: null}, Type:RATIS, Factor:THREE, State:OPEN]
2019-10-02 12:09:34,744 [grpc-default-executor-2] INFO  impl.RaftServerProxy (RaftServerProxy.java:addNew(89)) - cd5c7bdf-638b-4723-98ff-57cb3a80d125: addNew group-546D5ABC192E:[207ab1ec-2856-4677-9fa8-2ee545bd3e9e:192.168.30.47:40536, fdf94c36-46e8-42d3-bacb-d2f2ee6f832e:192.168.30.47:41567, cd5c7bdf-638b-4723-98ff-57cb3a80d125:192.168.30.47:36692] returns group-546D5ABC192E:java.util.concurrent.CompletableFuture@53be8b6e[Not completed]
2019-10-02 12:09:34,744 [grpc-default-executor-8] INFO  impl.RaftServerProxy (RaftServerProxy.java:addNew(89)) - 207ab1ec-2856-4677-9fa8-2ee545bd3e9e: addNew group-546D5ABC192E:[207ab1ec-2856-4677-9fa8-2ee545bd3e9e:192.168.30.47:40536, fdf94c36-46e8-42d3-bacb-d2f2ee6f832e:192.168.30.47:41567, cd5c7bdf-638b-4723-98ff-57cb3a80d125:192.168.30.47:36692] returns group-546D5ABC192E:java.util.concurrent.CompletableFuture@459a09f6[Not completed]
2019-10-02 12:09:34,747 [grpc-default-executor-2] INFO  impl.RaftServerProxy (RaftServerProxy.java:addNew(89)) - fdf94c36-46e8-42d3-bacb-d2f2ee6f832e: addNew group-546D5ABC192E:[207ab1ec-2856-4677-9fa8-2ee545bd3e9e:192.168.30.47:40536, fdf94c36-46e8-42d3-bacb-d2f2ee6f832e:192.168.30.47:41567, cd5c7bdf-638b-4723-98ff-57cb3a80d125:192.168.30.47:36692] returns group-546D5ABC192E:java.util.concurrent.CompletableFuture@3f93d419[Not completed]
2019-10-02 12:09:34,747 [pool-443-thread-1] INFO  impl.RaftServerImpl (RaftServerImpl.java:<init>(95)) - cd5c7bdf-638b-4723-98ff-57cb3a80d125: new RaftServerImpl for group-546D5ABC192E:[207ab1ec-2856-4677-9fa8-2ee545bd3e9e:192.168.30.47:40536, fdf94c36-46e8-42d3-bacb-d2f2ee6f832e:192.168.30.47:41567, cd5c7bdf-638b-4723-98ff-57cb3a80d125:192.168.30.47:36692] with ContainerStateMachine:uninitialized
2019-10-02 12:09:34,747 [pool-443-thread-1] INFO  server.RaftServerConfigKeys (ConfUtils.java:logGet(43)) - raft.server.rpc.timeout.min = 5s (custom)
2019-10-02 12:09:34,747 [pool-443-thread-1] INFO  server.RaftServerConfigKeys (ConfUtils.java:logGet(43)) - raft.server.rpc.timeout.max = 5200ms (custom)
2019-10-02 12:09:34,747 [pool-443-thread-1] INFO  server.RaftServerConfigKeys (ConfUtils.java:logGet(43)) - raft.server.rpcslowness.timeout = 120s (custom)
2019-10-02 12:09:34,747 [pool-443-thread-1] INFO  server.RaftServerConfigKeys (ConfUtils.java:logGet(43)) - raft.server.sleep.deviation.threshold = 300 (default)
2019-10-02 12:09:34,748 [pool-443-thread-1] INFO  server.RaftServerConfigKeys (ConfUtils.java:logGet(43)) - raft.server.log.appender.install.snapshot.enabled = false (custom)
2019-10-02 12:09:34,748 [pool-443-thread-1] INFO  impl.RaftServerImpl (ServerState.java:<init>(103)) - cd5c7bdf-638b-4723-98ff-57cb3a80d125@group-546D5ABC192E: ConfigurationManager, init=-1: [207ab1ec-2856-4677-9fa8-2ee545bd3e9e:192.168.30.47:40536, fdf94c36-46e8-42d3-bacb-d2f2ee6f832e:192.168.30.47:41567, cd5c7bdf-638b-4723-98ff-57cb3a80d125:192.168.30.47:36692], old=null, confs=<EMPTY_MAP>
2019-10-02 12:09:34,748 [pool-433-thread-1] INFO  impl.RaftServerImpl (RaftServerImpl.java:<init>(95)) - fdf94c36-46e8-42d3-bacb-d2f2ee6f832e: new RaftServerImpl for group-546D5ABC192E:[207ab1ec-2856-4677-9fa8-2ee545bd3e9e:192.168.30.47:40536, fdf94c36-46e8-42d3-bacb-d2f2ee6f832e:192.168.30.47:41567, cd5c7bdf-638b-4723-98ff-57cb3a80d125:192.168.30.47:36692] with ContainerStateMachine:uninitialized
2019-10-02 12:09:34,748 [pool-443-thread-1] INFO  server.RaftServerConfigKeys (ConfUtils.java:logGet(43)) - raft.server.storage.dir = [/workdir/hadoop-ozone/integration-test/target/test-dir/MiniOzoneClusterImpl-a1e414a2-928d-43cb-8cf0-dd5a5830e04c/datanode-6/data/ratis] (custom)
2019-10-02 12:09:34,748 [pool-433-thread-1] INFO  server.RaftServerConfigKeys (ConfUtils.java:logGet(43)) - raft.server.rpc.timeout.min = 5s (custom)
2019-10-02 12:09:34,748 [pool-433-thread-1] INFO  server.RaftServerConfigKeys (ConfUtils.java:logGet(43)) - raft.server.rpc.timeout.max = 5200ms (custom)
2019-10-02 12:09:34,748 [pool-443-thread-1] INFO  server.RaftServerConfigKeys (ConfUtils.java:logGet(43)) - raft.server.log.corruption.policy = EXCEPTION (default)
2019-10-02 12:09:34,748 [pool-433-thread-1] INFO  server.RaftServerConfigKeys (ConfUtils.java:logGet(43)) - raft.server.rpcslowness.timeout = 120s (custom)
2019-10-02 12:09:34,748 [pool-443-thread-1] INFO  storage.RaftStorageDirectory (RaftStorageDirectory.java:analyzeStorage(246)) - The storage directory /workdir/hadoop-ozone/integration-test/target/test-dir/MiniOzoneClusterImpl-a1e414a2-928d-43cb-8cf0-dd5a5830e04c/datanode-6/data/ratis/6c6093bd-9a09-4649-8b15-546d5abc192e does not exist. Creating ...
2019-10-02 12:09:34,748 [pool-413-thread-1] INFO  impl.RaftServerImpl (RaftServerImpl.java:<init>(95)) - 207ab1ec-2856-4677-9fa8-2ee545bd3e9e: new RaftServerImpl for group-546D5ABC192E:[207ab1ec-2856-4677-9fa8-2ee545bd3e9e:192.168.30.47:40536, fdf94c36-46e8-42d3-bacb-d2f2ee6f832e:192.168.30.47:41567, cd5c7bdf-638b-4723-98ff-57cb3a80d125:192.168.30.47:36692] with ContainerStateMachine:uninitialized
2019-10-02 12:09:34,748 [pool-433-thread-1] INFO  server.RaftServerConfigKeys (ConfUtils.java:logGet(43)) - raft.server.sleep.deviation.threshold = 300 (default)
2019-10-02 12:09:34,749 [pool-413-thread-1] INFO  server.RaftServerConfigKeys (ConfUtils.java:logGet(43)) - raft.server.rpc.timeout.min = 5s (custom)
2019-10-02 12:09:34,749 [pool-433-thread-1] INFO  server.RaftServerConfigKeys (ConfUtils.java:logGet(43)) - raft.server.log.appender.install.snapshot.enabled = false (custom)
2019-10-02 12:09:34,749 [pool-413-thread-1] INFO  server.RaftServerConfigKeys (ConfUtils.java:logGet(43)) - raft.server.rpc.timeout.max = 5200ms (custom)
2019-10-02 12:09:34,749 [pool-433-thread-1] INFO  impl.RaftServerImpl (ServerState.java:<init>(103)) - fdf94c36-46e8-42d3-bacb-d2f2ee6f832e@group-546D5ABC192E: ConfigurationManager, init=-1: [207ab1ec-2856-4677-9fa8-2ee545bd3e9e:192.168.30.47:40536, fdf94c36-46e8-42d3-bacb-d2f2ee6f832e:192.168.30.47:41567, cd5c7bdf-638b-4723-98ff-57cb3a80d125:192.168.30.47:36692], old=null, confs=<EMPTY_MAP>
2019-10-02 12:09:34,749 [pool-413-thread-1] INFO  server.RaftServerConfigKeys (ConfUtils.java:logGet(43)) - raft.server.rpcslowness.timeout = 120s (custom)
2019-10-02 12:09:34,749 [pool-433-thread-1] INFO  server.RaftServerConfigKeys (ConfUtils.java:logGet(43)) - raft.server.storage.dir = [/workdir/hadoop-ozone/integration-test/target/test-dir/MiniOzoneClusterImpl-a1e414a2-928d-43cb-8cf0-dd5a5830e04c/datanode-5/data/ratis] (custom)
2019-10-02 12:09:34,749 [pool-413-thread-1] INFO  server.RaftServerConfigKeys (ConfUtils.java:logGet(43)) - raft.server.sleep.deviation.threshold = 300 (default)
2019-10-02 12:09:34,750 [pool-413-thread-1] INFO  server.RaftServerConfigKeys (ConfUtils.java:logGet(43)) - raft.server.log.appender.install.snapshot.enabled = false (custom)
2019-10-02 12:09:34,750 [pool-433-thread-1] INFO  server.RaftServerConfigKeys (ConfUtils.java:logGet(43)) - raft.server.log.corruption.policy = EXCEPTION (default)
2019-10-02 12:09:34,750 [pool-413-thread-1] INFO  impl.RaftServerImpl (ServerState.java:<init>(103)) - 207ab1ec-2856-4677-9fa8-2ee545bd3e9e@group-546D5ABC192E: ConfigurationManager, init=-1: [207ab1ec-2856-4677-9fa8-2ee545bd3e9e:192.168.30.47:40536, fdf94c36-46e8-42d3-bacb-d2f2ee6f832e:192.168.30.47:41567, cd5c7bdf-638b-4723-98ff-57cb3a80d125:192.168.30.47:36692], old=null, confs=<EMPTY_MAP>
2019-10-02 12:09:34,750 [pool-433-thread-1] INFO  storage.RaftStorageDirectory (RaftStorageDirectory.java:analyzeStorage(246)) - The storage directory /workdir/hadoop-ozone/integration-test/target/test-dir/MiniOzoneClusterImpl-a1e414a2-928d-43cb-8cf0-dd5a5830e04c/datanode-5/data/ratis/6c6093bd-9a09-4649-8b15-546d5abc192e does not exist. Creating ...
2019-10-02 12:09:34,750 [pool-413-thread-1] INFO  server.RaftServerConfigKeys (ConfUtils.java:logGet(43)) - raft.server.storage.dir = [/workdir/hadoop-ozone/integration-test/target/test-dir/MiniOzoneClusterImpl-a1e414a2-928d-43cb-8cf0-dd5a5830e04c/datanode-3/data/ratis] (custom)
2019-10-02 12:09:34,750 [pool-413-thread-1] INFO  server.RaftServerConfigKeys (ConfUtils.java:logGet(43)) - raft.server.log.corruption.policy = EXCEPTION (default)
2019-10-02 12:09:34,751 [pool-413-thread-1] INFO  storage.RaftStorageDirectory (RaftStorageDirectory.java:analyzeStorage(246)) - The storage directory /workdir/hadoop-ozone/integration-test/target/test-dir/MiniOzoneClusterImpl-a1e414a2-928d-43cb-8cf0-dd5a5830e04c/datanode-3/data/ratis/6c6093bd-9a09-4649-8b15-546d5abc192e does not exist. Creating ...
2019-10-02 12:09:34,771 [pool-413-thread-1] INFO  storage.RaftStorageDirectory (RaftStorageDirectory.java:tryLock(328)) - Lock on /workdir/hadoop-ozone/integration-test/target/test-dir/MiniOzoneClusterImpl-a1e414a2-928d-43cb-8cf0-dd5a5830e04c/datanode-3/data/ratis/6c6093bd-9a09-4649-8b15-546d5abc192e/in_use.lock acquired by nodename 9178@pr-hdds-2231-nwbjw-3761139207
2019-10-02 12:09:34,771 [pool-433-thread-1] INFO  storage.RaftStorageDirectory (RaftStorageDirectory.java:tryLock(328)) - Lock on /workdir/hadoop-ozone/integration-test/target/test-dir/MiniOzoneClusterImpl-a1e414a2-928d-43cb-8cf0-dd5a5830e04c/datanode-5/data/ratis/6c6093bd-9a09-4649-8b15-546d5abc192e/in_use.lock acquired by nodename 9178@pr-hdds-2231-nwbjw-3761139207
2019-10-02 12:09:34,771 [pool-443-thread-1] INFO  storage.RaftStorageDirectory (RaftStorageDirectory.java:tryLock(328)) - Lock on /workdir/hadoop-ozone/integration-test/target/test-dir/MiniOzoneClusterImpl-a1e414a2-928d-43cb-8cf0-dd5a5830e04c/datanode-6/data/ratis/6c6093bd-9a09-4649-8b15-546d5abc192e/in_use.lock acquired by nodename 9178@pr-hdds-2231-nwbjw-3761139207
2019-10-02 12:09:34,794 [pool-443-thread-1] INFO  storage.RaftStorage (RaftStorage.java:format(84)) - Storage directory /workdir/hadoop-ozone/integration-test/target/test-dir/MiniOzoneClusterImpl-a1e414a2-928d-43cb-8cf0-dd5a5830e04c/datanode-6/data/ratis/6c6093bd-9a09-4649-8b15-546d5abc192e has been successfully formatted.
2019-10-02 12:09:34,795 [pool-433-thread-1] INFO  storage.RaftStorage (RaftStorage.java:format(84)) - Storage directory /workdir/hadoop-ozone/integration-test/target/test-dir/MiniOzoneClusterImpl-a1e414a2-928d-43cb-8cf0-dd5a5830e04c/datanode-5/data/ratis/6c6093bd-9a09-4649-8b15-546d5abc192e has been successfully formatted.
2019-10-02 12:09:34,794 [pool-413-thread-1] INFO  storage.RaftStorage (RaftStorage.java:format(84)) - Storage directory /workdir/hadoop-ozone/integration-test/target/test-dir/MiniOzoneClusterImpl-a1e414a2-928d-43cb-8cf0-dd5a5830e04c/datanode-3/data/ratis/6c6093bd-9a09-4649-8b15-546d5abc192e has been successfully formatted.
2019-10-02 12:09:34,795 [pool-443-thread-1] INFO  ratis.ContainerStateMachine (ContainerStateMachine.java:loadSnapshot(230)) - group-546D5ABC192E: The snapshot info is null. Setting the last applied indexto:(t:0, i:~)
2019-10-02 12:09:34,795 [pool-413-thread-1] INFO  ratis.ContainerStateMachine (ContainerStateMachine.java:loadSnapshot(230)) - group-546D5ABC192E: The snapshot info is null. Setting the last applied indexto:(t:0, i:~)
2019-10-02 12:09:34,795 [pool-443-thread-1] INFO  server.RaftServerConfigKeys (ConfUtils.java:logGet(43)) - raft.server.notification.no-leader.timeout = 120s (custom)
2019-10-02 12:09:34,795 [pool-433-thread-1] INFO  ratis.ContainerStateMachine (ContainerStateMachine.java:loadSnapshot(230)) - group-546D5ABC192E: The snapshot info is null. Setting the last applied indexto:(t:0, i:~)
2019-10-02 12:09:34,795 [pool-443-thread-1] INFO  server.RaftServerConfigKeys (ConfUtils.java:logGet(43)) - raft.server.log.use.memory = false (default)
2019-10-02 12:09:34,795 [pool-413-thread-1] INFO  server.RaftServerConfigKeys (ConfUtils.java:logGet(43)) - raft.server.notification.no-leader.timeout = 120s (custom)
2019-10-02 12:09:34,796 [pool-443-thread-1] INFO  server.RaftServerConfigKeys (ConfUtils.java:logGet(43)) - raft.server.log.purge.gap = 1000000 (custom)
2019-10-02 12:09:34,795 [pool-433-thread-1] INFO  server.RaftServerConfigKeys (ConfUtils.java:logGet(43)) - raft.server.notification.no-leader.timeout = 120s (custom)
2019-10-02 12:09:34,796 [pool-443-thread-1] INFO  server.RaftServerConfigKeys (ConfUtils.java:logGet(43)) - raft.server.log.appender.buffer.byte-limit = 33554432 (custom)
2019-10-02 12:09:34,796 [pool-413-thread-1] INFO  server.RaftServerConfigKeys (ConfUtils.java:logGet(43)) - raft.server.log.use.memory = false (default)
2019-10-02 12:09:34,796 [pool-443-thread-1] INFO  server.RaftServerConfigKeys (ConfUtils.java:logGet(43)) - raft.server.log.segment.size.max = 1048576 (custom)
2019-10-02 12:09:34,796 [pool-433-thread-1] INFO  server.RaftServerConfigKeys (ConfUtils.java:logGet(43)) - raft.server.log.use.memory = false (default)
2019-10-02 12:09:34,796 [pool-443-thread-1] INFO  server.RaftServerConfigKeys (ConfUtils.java:logGet(43)) - raft.server.log.segment.cache.num.max = 2 (custom)
2019-10-02 12:09:34,796 [pool-413-thread-1] INFO  server.RaftServerConfigKeys (ConfUtils.java:logGet(43)) - raft.server.log.purge.gap = 1000000 (custom)
2019-10-02 12:09:34,797 [pool-443-thread-1] INFO  segmented.SegmentedRaftLogWorker (SegmentedRaftLogWorker.java:<init>(173)) - new cd5c7bdf-638b-4723-98ff-57cb3a80d125@group-546D5ABC192E-SegmentedRaftLogWorker for RaftStorage:Storage Directory /workdir/hadoop-ozone/integration-test/target/test-dir/MiniOzoneClusterImpl-a1e414a2-928d-43cb-8cf0-dd5a5830e04c/datanode-6/data/ratis/6c6093bd-9a09-4649-8b15-546d5abc192e
2019-10-02 12:09:34,796 [pool-433-thread-1] INFO  server.RaftServerConfigKeys (ConfUtils.java:logGet(43)) - raft.server.log.purge.gap = 1000000 (custom)
2019-10-02 12:09:34,797 [pool-443-thread-1] INFO  server.RaftServerConfigKeys (ConfUtils.java:logGet(43)) - raft.server.log.queue.byte-limit = 2147483647 (custom)
2019-10-02 12:09:34,797 [pool-443-thread-1] INFO  server.RaftServerConfigKeys (ConfUtils.java:logGet(43)) - raft.server.log.queue.element-limit = 1024 (custom)
2019-10-02 12:09:34,797 [pool-413-thread-1] INFO  server.RaftServerConfigKeys (ConfUtils.java:logGet(43)) - raft.server.log.appender.buffer.byte-limit = 33554432 (custom)
2019-10-02 12:09:34,797 [pool-443-thread-1] INFO  server.RaftServerConfigKeys (ConfUtils.java:logGet(43)) - raft.server.log.segment.size.max = 1048576 (custom)
2019-10-02 12:09:34,797 [pool-443-thread-1] INFO  server.RaftServerConfigKeys (ConfUtils.java:logGet(43)) - raft.server.log.preallocated.size = 16384 (custom)
2019-10-02 12:09:34,797 [pool-433-thread-1] INFO  server.RaftServerConfigKeys (ConfUtils.java:logGet(43)) - raft.server.log.appender.buffer.byte-limit = 33554432 (custom)
2019-10-02 12:09:34,797 [pool-443-thread-1] INFO  server.RaftServerConfigKeys (ConfUtils.java:logGet(43)) - raft.server.log.write.buffer.size = 33554432 (custom)
2019-10-02 12:09:34,798 [pool-443-thread-1] INFO  server.RaftServerConfigKeys (ConfUtils.java:logGet(43)) - raft.server.log.force.sync.num = 128 (default)
2019-10-02 12:09:34,797 [pool-413-thread-1] INFO  server.RaftServerConfigKeys (ConfUtils.java:logGet(43)) - raft.server.log.segment.size.max = 1048576 (custom)
2019-10-02 12:09:34,798 [pool-443-thread-1] INFO  server.RaftServerConfigKeys (ConfUtils.java:logGet(43)) - raft.server.log.statemachine.data.sync = true (default)
2019-10-02 12:09:34,798 [pool-433-thread-1] INFO  server.RaftServerConfigKeys (ConfUtils.java:logGet(43)) - raft.server.log.segment.size.max = 1048576 (custom)
2019-10-02 12:09:34,798 [pool-443-thread-1] INFO  server.RaftServerConfigKeys (ConfUtils.java:logGet(43)) - raft.server.log.statemachine.data.sync.timeout = 10s (default)
2019-10-02 12:09:34,798 [pool-443-thread-1] INFO  server.RaftServerConfigKeys (ConfUtils.java:logGet(43)) - raft.server.log.statemachine.data.sync.timeout.retry = -1 (default)
2019-10-02 12:09:34,798 [pool-413-thread-1] INFO  server.RaftServerConfigKeys (ConfUtils.java:logGet(43)) - raft.server.log.segment.cache.num.max = 2 (custom)
2019-10-02 12:09:34,798 [pool-443-thread-1] INFO  server.RaftServerConfigKeys (ConfUtils.java:logGet(43)) - raft.server.log.statemachine.data.caching.enabled = true (custom)
2019-10-02 12:09:34,798 [pool-433-thread-1] INFO  server.RaftServerConfigKeys (ConfUtils.java:logGet(43)) - raft.server.log.segment.cache.num.max = 2 (custom)
2019-10-02 12:09:34,799 [pool-443-thread-1] INFO  segmented.SegmentedRaftLogWorker (SegmentedRaftLogWorker.java:lambda$new$0(128)) - cd5c7bdf-638b-4723-98ff-57cb3a80d125@group-546D5ABC192E-SegmentedRaftLogWorker: flushIndex: setUnconditionally 0 -> -1
2019-10-02 12:09:34,799 [pool-413-thread-1] INFO  segmented.SegmentedRaftLogWorker (SegmentedRaftLogWorker.java:<init>(173)) - new 207ab1ec-2856-4677-9fa8-2ee545bd3e9e@group-546D5ABC192E-SegmentedRaftLogWorker for RaftStorage:Storage Directory /workdir/hadoop-ozone/integration-test/target/test-dir/MiniOzoneClusterImpl-a1e414a2-928d-43cb-8cf0-dd5a5830e04c/datanode-3/data/ratis/6c6093bd-9a09-4649-8b15-546d5abc192e
2019-10-02 12:09:34,799 [pool-433-thread-1] INFO  segmented.SegmentedRaftLogWorker (SegmentedRaftLogWorker.java:<init>(173)) - new fdf94c36-46e8-42d3-bacb-d2f2ee6f832e@group-546D5ABC192E-SegmentedRaftLogWorker for RaftStorage:Storage Directory /workdir/hadoop-ozone/integration-test/target/test-dir/MiniOzoneClusterImpl-a1e414a2-928d-43cb-8cf0-dd5a5830e04c/datanode-5/data/ratis/6c6093bd-9a09-4649-8b15-546d5abc192e
2019-10-02 12:09:34,799 [pool-413-thread-1] INFO  server.RaftServerConfigKeys (ConfUtils.java:logGet(43)) - raft.server.log.queue.byte-limit = 2147483647 (custom)
2019-10-02 12:09:34,799 [pool-443-thread-1] INFO  server.RaftServerConfigKeys (ConfUtils.java:logGet(43)) - raft.server.snapshot.auto.trigger.enabled = true (custom)
2019-10-02 12:09:34,799 [pool-413-thread-1] INFO  server.RaftServerConfigKeys (ConfUtils.java:logGet(43)) - raft.server.log.queue.element-limit = 1024 (custom)
2019-10-02 12:09:34,799 [pool-433-thread-1] INFO  server.RaftServerConfigKeys (ConfUtils.java:logGet(43)) - raft.server.log.queue.byte-limit = 2147483647 (custom)
2019-10-02 12:09:34,799 [pool-413-thread-1] INFO  server.RaftServerConfigKeys (ConfUtils.java:logGet(43)) - raft.server.log.segment.size.max = 1048576 (custom)
2019-10-02 12:09:34,799 [pool-443-thread-1] INFO  server.RaftServerConfigKeys (ConfUtils.java:logGet(43)) - raft.server.snapshot.auto.trigger.threshold = 10000 (custom)
2019-10-02 12:09:34,800 [pool-413-thread-1] INFO  server.RaftServerConfigKeys (ConfUtils.java:logGet(43)) - raft.server.log.preallocated.size = 16384 (custom)
2019-10-02 12:09:34,800 [pool-433-thread-1] INFO  server.RaftServerConfigKeys (ConfUtils.java:logGet(43)) - raft.server.log.queue.element-limit = 1024 (custom)
2019-10-02 12:09:34,800 [pool-413-thread-1] INFO  server.RaftServerConfigKeys (ConfUtils.java:logGet(43)) - raft.server.log.write.buffer.size = 33554432 (custom)
2019-10-02 12:09:34,800 [pool-443-thread-1] INFO  server.RaftServerConfigKeys (ConfUtils.java:logGet(43)) - raft.server.snapshot.retention.file.num = 5 (custom)
2019-10-02 12:09:34,800 [pool-413-thread-1] INFO  server.RaftServerConfigKeys (ConfUtils.java:logGet(43)) - raft.server.log.force.sync.num = 128 (default)
2019-10-02 12:09:34,800 [pool-433-thread-1] INFO  server.RaftServerConfigKeys (ConfUtils.java:logGet(43)) - raft.server.log.segment.size.max = 1048576 (custom)
2019-10-02 12:09:34,800 [pool-413-thread-1] INFO  server.RaftServerConfigKeys (ConfUtils.java:logGet(43)) - raft.server.log.statemachine.data.sync = true (default)
2019-10-02 12:09:34,800 [pool-443-thread-1] INFO  server.RaftServerConfigKeys (ConfUtils.java:logGet(43)) - raft.server.retrycache.expirytime = 600000ms (custom)
2019-10-02 12:09:34,801 [pool-413-thread-1] INFO  server.RaftServerConfigKeys (ConfUtils.java:logGet(43)) - raft.server.log.statemachine.data.sync.timeout = 10s (default)
2019-10-02 12:09:34,801 [pool-433-thread-1] INFO  server.RaftServerConfigKeys (ConfUtils.java:logGet(43)) - raft.server.log.preallocated.size = 16384 (custom)
2019-10-02 12:09:34,801 [pool-413-thread-1] INFO  server.RaftServerConfigKeys (ConfUtils.java:logGet(43)) - raft.server.log.statemachine.data.sync.timeout.retry = -1 (default)
2019-10-02 12:09:34,801 [pool-433-thread-1] INFO  server.RaftServerConfigKeys (ConfUtils.java:logGet(43)) - raft.server.log.write.buffer.size = 33554432 (custom)
2019-10-02 12:09:34,801 [pool-413-thread-1] INFO  server.RaftServerConfigKeys (ConfUtils.java:logGet(43)) - raft.server.log.statemachine.data.caching.enabled = true (custom)
2019-10-02 12:09:34,801 [pool-433-thread-1] INFO  server.RaftServerConfigKeys (ConfUtils.java:logGet(43)) - raft.server.log.force.sync.num = 128 (default)
2019-10-02 12:09:34,802 [pool-413-thread-1] INFO  segmented.SegmentedRaftLogWorker (SegmentedRaftLogWorker.java:lambda$new$0(128)) - 207ab1ec-2856-4677-9fa8-2ee545bd3e9e@group-546D5ABC192E-SegmentedRaftLogWorker: flushIndex: setUnconditionally 0 -> -1
2019-10-02 12:09:34,802 [pool-443-thread-1] INFO  impl.RaftServerImpl (RaftServerImpl.java:start(181)) - cd5c7bdf-638b-4723-98ff-57cb3a80d125@group-546D5ABC192E: start as a follower, conf=-1: [207ab1ec-2856-4677-9fa8-2ee545bd3e9e:192.168.30.47:40536, fdf94c36-46e8-42d3-bacb-d2f2ee6f832e:192.168.30.47:41567, cd5c7bdf-638b-4723-98ff-57cb3a80d125:192.168.30.47:36692], old=null
2019-10-02 12:09:34,802 [pool-433-thread-1] INFO  server.RaftServerConfigKeys (ConfUtils.java:logGet(43)) - raft.server.log.statemachine.data.sync = true (default)
2019-10-02 12:09:34,802 [pool-413-thread-1] INFO  server.RaftServerConfigKeys (ConfUtils.java:logGet(43)) - raft.server.snapshot.auto.trigger.enabled = true (custom)
2019-10-02 12:09:34,802 [pool-443-thread-1] INFO  impl.RaftServerImpl (RaftServerImpl.java:setRole(170)) - cd5c7bdf-638b-4723-98ff-57cb3a80d125@group-546D5ABC192E: changes role from      null to FOLLOWER at term 0 for startAsFollower
2019-10-02 12:09:34,802 [pool-413-thread-1] INFO  server.RaftServerConfigKeys (ConfUtils.java:logGet(43)) - raft.server.snapshot.auto.trigger.threshold = 10000 (custom)
2019-10-02 12:09:34,803 [pool-413-thread-1] INFO  server.RaftServerConfigKeys (ConfUtils.java:logGet(43)) - raft.server.snapshot.retention.file.num = 5 (custom)
2019-10-02 12:09:34,802 [pool-433-thread-1] INFO  server.RaftServerConfigKeys (ConfUtils.java:logGet(43)) - raft.server.log.statemachine.data.sync.timeout = 10s (default)
2019-10-02 12:09:34,803 [pool-413-thread-1] INFO  server.RaftServerConfigKeys (ConfUtils.java:logGet(43)) - raft.server.retrycache.expirytime = 600000ms (custom)
2019-10-02 12:09:34,802 [pool-443-thread-1] INFO  impl.RoleInfo (RoleInfo.java:updateAndGet(143)) - cd5c7bdf-638b-4723-98ff-57cb3a80d125: start FollowerState
2019-10-02 12:09:34,803 [pool-433-thread-1] INFO  server.RaftServerConfigKeys (ConfUtils.java:logGet(43)) - raft.server.log.statemachine.data.sync.timeout.retry = -1 (default)
2019-10-02 12:09:34,803 [pool-443-thread-1] INFO  util.JmxRegister (JmxRegister.java:tryRegister(44)) - Successfully registered JMX Bean with object name Ratis:service=RaftServer,group=group-546D5ABC192E,id=cd5c7bdf-638b-4723-98ff-57cb3a80d125
2019-10-02 12:09:34,803 [pool-433-thread-1] INFO  server.RaftServerConfigKeys (ConfUtils.java:logGet(43)) - raft.server.log.statemachine.data.caching.enabled = true (custom)
2019-10-02 12:09:34,804 [pool-433-thread-1] INFO  segmented.SegmentedRaftLogWorker (SegmentedRaftLogWorker.java:lambda$new$0(128)) - fdf94c36-46e8-42d3-bacb-d2f2ee6f832e@group-546D5ABC192E-SegmentedRaftLogWorker: flushIndex: setUnconditionally 0 -> -1
2019-10-02 12:09:34,804 [pool-433-thread-1] INFO  server.RaftServerConfigKeys (ConfUtils.java:logGet(43)) - raft.server.snapshot.auto.trigger.enabled = true (custom)
2019-10-02 12:09:34,804 [pool-433-thread-1] INFO  server.RaftServerConfigKeys (ConfUtils.java:logGet(43)) - raft.server.snapshot.auto.trigger.threshold = 10000 (custom)
2019-10-02 12:09:34,804 [pool-433-thread-1] INFO  server.RaftServerConfigKeys (ConfUtils.java:logGet(43)) - raft.server.snapshot.retention.file.num = 5 (custom)
2019-10-02 12:09:34,805 [pool-433-thread-1] INFO  server.RaftServerConfigKeys (ConfUtils.java:logGet(43)) - raft.server.retrycache.expirytime = 600000ms (custom)
2019-10-02 12:09:34,806 [pool-413-thread-1] INFO  impl.RaftServerImpl (RaftServerImpl.java:start(181)) - 207ab1ec-2856-4677-9fa8-2ee545bd3e9e@group-546D5ABC192E: start as a follower, conf=-1: [207ab1ec-2856-4677-9fa8-2ee545bd3e9e:192.168.30.47:40536, fdf94c36-46e8-42d3-bacb-d2f2ee6f832e:192.168.30.47:41567, cd5c7bdf-638b-4723-98ff-57cb3a80d125:192.168.30.47:36692], old=null
2019-10-02 12:09:34,806 [pool-413-thread-1] INFO  impl.RaftServerImpl (RaftServerImpl.java:setRole(170)) - 207ab1ec-2856-4677-9fa8-2ee545bd3e9e@group-546D5ABC192E: changes role from      null to FOLLOWER at term 0 for startAsFollower
2019-10-02 12:09:34,806 [pool-413-thread-1] INFO  impl.RoleInfo (RoleInfo.java:updateAndGet(143)) - 207ab1ec-2856-4677-9fa8-2ee545bd3e9e: start FollowerState
2019-10-02 12:09:34,807 [pool-413-thread-1] INFO  util.JmxRegister (JmxRegister.java:tryRegister(44)) - Successfully registered JMX Bean with object name Ratis:service=RaftServer,group=group-546D5ABC192E,id=207ab1ec-2856-4677-9fa8-2ee545bd3e9e
2019-10-02 12:09:34,807 [pool-433-thread-1] INFO  impl.RaftServerImpl (RaftServerImpl.java:start(181)) - fdf94c36-46e8-42d3-bacb-d2f2ee6f832e@group-546D5ABC192E: start as a follower, conf=-1: [207ab1ec-2856-4677-9fa8-2ee545bd3e9e:192.168.30.47:40536, fdf94c36-46e8-42d3-bacb-d2f2ee6f832e:192.168.30.47:41567, cd5c7bdf-638b-4723-98ff-57cb3a80d125:192.168.30.47:36692], old=null
2019-10-02 12:09:34,807 [pool-433-thread-1] INFO  impl.RaftServerImpl (RaftServerImpl.java:setRole(170)) - fdf94c36-46e8-42d3-bacb-d2f2ee6f832e@group-546D5ABC192E: changes role from      null to FOLLOWER at term 0 for startAsFollower
2019-10-02 12:09:34,807 [pool-433-thread-1] INFO  impl.RoleInfo (RoleInfo.java:updateAndGet(143)) - fdf94c36-46e8-42d3-bacb-d2f2ee6f832e: start FollowerState
2019-10-02 12:09:34,808 [pool-433-thread-1] INFO  util.JmxRegister (JmxRegister.java:tryRegister(44)) - Successfully registered JMX Bean with object name Ratis:service=RaftServer,group=group-546D5ABC192E,id=fdf94c36-46e8-42d3-bacb-d2f2ee6f832e
2019-10-02 12:09:34,813 [RatisPipelineUtilsThread] INFO  pipeline.PipelineStateManager (PipelineStateManager.java:addPipeline(56)) - Created pipeline Pipeline[ Id: 6c6093bd-9a09-4649-8b15-546d5abc192e, Nodes: 207ab1ec-2856-4677-9fa8-2ee545bd3e9e{ip: 192.168.30.47, host: pr-hdds-2231-nwbjw-3761139207, networkLocation: /default-rack, certSerialId: null}cd5c7bdf-638b-4723-98ff-57cb3a80d125{ip: 192.168.30.47, host: pr-hdds-2231-nwbjw-3761139207, networkLocation: /default-rack, certSerialId: null}fdf94c36-46e8-42d3-bacb-d2f2ee6f832e{ip: 192.168.30.47, host: pr-hdds-2231-nwbjw-3761139207, networkLocation: /default-rack, certSerialId: null}, Type:RATIS, Factor:THREE, State:OPEN]
2019-10-02 12:09:37,132 [Thread-2318] INFO  container.ReplicationManager (ReplicationManager.java:start(162)) - Starting Replication Monitor Thread.
2019-10-02 12:09:37,145 [ReplicationMonitor] INFO  container.ReplicationManager (ReplicationManager.java:run(225)) - Replication Monitor Thread took 1 milliseconds for processing 1 containers.
2019-10-02 12:09:39,304 [Thread-2320] INFO  impl.FollowerState (FollowerState.java:run(108)) - 03547a15-859a-45d6-b0ce-d12496de5dda@group-382AE31D3BA0-FollowerState: change to CANDIDATE, lastRpcTime:5088ms, electionTimeout:5088ms
2019-10-02 12:09:39,307 [Thread-2320] INFO  impl.RoleInfo (RoleInfo.java:shutdownFollowerState(121)) - 03547a15-859a-45d6-b0ce-d12496de5dda: shutdown FollowerState
2019-10-02 12:09:39,307 [Thread-2320] INFO  impl.RaftServerImpl (RaftServerImpl.java:setRole(170)) - 03547a15-859a-45d6-b0ce-d12496de5dda@group-382AE31D3BA0: changes role from  FOLLOWER to CANDIDATE at term 0 for changeToCandidate
2019-10-02 12:09:39,307 [Thread-2320] INFO  impl.RoleInfo (RoleInfo.java:updateAndGet(143)) - 03547a15-859a-45d6-b0ce-d12496de5dda: start LeaderElection
2019-10-02 12:09:39,334 [03547a15-859a-45d6-b0ce-d12496de5dda@group-382AE31D3BA0-LeaderElection63] INFO  impl.LeaderElection (LeaderElection.java:askForVotes(178)) - 03547a15-859a-45d6-b0ce-d12496de5dda@group-382AE31D3BA0-LeaderElection63: begin an election at term 1 for -1: [03547a15-859a-45d6-b0ce-d12496de5dda:192.168.30.47:43588], old=null
2019-10-02 12:09:39,335 [03547a15-859a-45d6-b0ce-d12496de5dda@group-382AE31D3BA0-LeaderElection63] INFO  impl.RoleInfo (RoleInfo.java:shutdownLeaderElection(134)) - 03547a15-859a-45d6-b0ce-d12496de5dda: shutdown LeaderElection
2019-10-02 12:09:39,335 [03547a15-859a-45d6-b0ce-d12496de5dda@group-382AE31D3BA0-LeaderElection63] INFO  impl.RaftServerImpl (RaftServerImpl.java:setRole(170)) - 03547a15-859a-45d6-b0ce-d12496de5dda@group-382AE31D3BA0: changes role from CANDIDATE to LEADER at term 1 for changeToLeader
2019-10-02 12:09:39,335 [03547a15-859a-45d6-b0ce-d12496de5dda@group-382AE31D3BA0-LeaderElection63] INFO  impl.RaftServerImpl (ServerState.java:setLeader(255)) - 03547a15-859a-45d6-b0ce-d12496de5dda@group-382AE31D3BA0: change Leader from null to 03547a15-859a-45d6-b0ce-d12496de5dda at term 1 for becomeLeader, leader elected after 5130ms
2019-10-02 12:09:39,335 [03547a15-859a-45d6-b0ce-d12496de5dda@group-382AE31D3BA0-LeaderElection63] INFO  server.RaftServerConfigKeys (ConfUtils.java:logGet(43)) - raft.server.staging.catchup.gap = 1000 (default)
2019-10-02 12:09:39,335 [03547a15-859a-45d6-b0ce-d12496de5dda@group-382AE31D3BA0-LeaderElection63] INFO  server.RaftServerConfigKeys (ConfUtils.java:logGet(43)) - raft.server.rpc.sleep.time = 25ms (default)
2019-10-02 12:09:39,336 [03547a15-859a-45d6-b0ce-d12496de5dda@group-382AE31D3BA0-LeaderElection63] INFO  server.RaftServerConfigKeys (ConfUtils.java:logGet(43)) - raft.server.write.element-limit = 4096 (default)
2019-10-02 12:09:39,336 [03547a15-859a-45d6-b0ce-d12496de5dda@group-382AE31D3BA0-LeaderElection63] INFO  server.RaftServerConfigKeys (ConfUtils.java:logGet(43)) - raft.server.watch.timeout = 10s (default)
2019-10-02 12:09:39,336 [03547a15-859a-45d6-b0ce-d12496de5dda@group-382AE31D3BA0-LeaderElection63] INFO  server.RaftServerConfigKeys (ConfUtils.java:logGet(43)) - raft.server.watch.timeout.denomination = 1s (default)
2019-10-02 12:09:39,336 [03547a15-859a-45d6-b0ce-d12496de5dda@group-382AE31D3BA0-LeaderElection63] INFO  server.RaftServerConfigKeys (ConfUtils.java:logGet(43)) - raft.server.watch.element-limit = 65536 (default)
2019-10-02 12:09:39,338 [03547a15-859a-45d6-b0ce-d12496de5dda@group-382AE31D3BA0-LeaderElection63] INFO  impl.RoleInfo (RoleInfo.java:updateAndGet(143)) - 03547a15-859a-45d6-b0ce-d12496de5dda: start LeaderState
2019-10-02 12:09:39,339 [03547a15-859a-45d6-b0ce-d12496de5dda@group-382AE31D3BA0-LeaderElection63] INFO  segmented.SegmentedRaftLogWorker (SegmentedRaftLogWorker.java:startLogSegment(385)) - 03547a15-859a-45d6-b0ce-d12496de5dda@group-382AE31D3BA0-SegmentedRaftLogWorker: Starting segment from index:0
2019-10-02 12:09:39,340 [03547a15-859a-45d6-b0ce-d12496de5dda@group-382AE31D3BA0-LeaderElection63] INFO  impl.RaftServerImpl (ServerState.java:setRaftConf(356)) - 03547a15-859a-45d6-b0ce-d12496de5dda@group-382AE31D3BA0: set configuration 0: [03547a15-859a-45d6-b0ce-d12496de5dda:192.168.30.47:43588], old=null at 0
2019-10-02 12:09:39,380 [Thread-2326] INFO  impl.FollowerState (FollowerState.java:run(108)) - f33d517f-e42f-4acb-af98-039ff957946e@group-BB971FD85770-FollowerState: change to CANDIDATE, lastRpcTime:5024ms, electionTimeout:5024ms
2019-10-02 12:09:39,380 [Thread-2326] INFO  impl.RoleInfo (RoleInfo.java:shutdownFollowerState(121)) - f33d517f-e42f-4acb-af98-039ff957946e: shutdown FollowerState
2019-10-02 12:09:39,380 [Thread-2326] INFO  impl.RaftServerImpl (RaftServerImpl.java:setRole(170)) - f33d517f-e42f-4acb-af98-039ff957946e@group-BB971FD85770: changes role from  FOLLOWER to CANDIDATE at term 0 for changeToCandidate
2019-10-02 12:09:39,380 [Thread-2326] INFO  impl.RoleInfo (RoleInfo.java:updateAndGet(143)) - f33d517f-e42f-4acb-af98-039ff957946e: start LeaderElection
2019-10-02 12:09:39,386 [03547a15-859a-45d6-b0ce-d12496de5dda@group-382AE31D3BA0-SegmentedRaftLogWorker] INFO  segmented.SegmentedRaftLogWorker (SegmentedRaftLogWorker.java:execute(574)) - 03547a15-859a-45d6-b0ce-d12496de5dda@group-382AE31D3BA0-SegmentedRaftLogWorker: created new log segment /workdir/hadoop-ozone/integration-test/target/test-dir/MiniOzoneClusterImpl-a1e414a2-928d-43cb-8cf0-dd5a5830e04c/datanode-0/data/ratis/19bb1a08-d59b-41ea-97d6-382ae31d3ba0/current/log_inprogress_0
2019-10-02 12:09:39,399 [f33d517f-e42f-4acb-af98-039ff957946e@group-BB971FD85770-LeaderElection64] INFO  impl.LeaderElection (LeaderElection.java:askForVotes(178)) - f33d517f-e42f-4acb-af98-039ff957946e@group-BB971FD85770-LeaderElection64: begin an election at term 1 for -1: [f33d517f-e42f-4acb-af98-039ff957946e:192.168.30.47:41104], old=null
2019-10-02 12:09:39,399 [f33d517f-e42f-4acb-af98-039ff957946e@group-BB971FD85770-LeaderElection64] INFO  impl.RoleInfo (RoleInfo.java:shutdownLeaderElection(134)) - f33d517f-e42f-4acb-af98-039ff957946e: shutdown LeaderElection
2019-10-02 12:09:39,399 [f33d517f-e42f-4acb-af98-039ff957946e@group-BB971FD85770-LeaderElection64] INFO  impl.RaftServerImpl (RaftServerImpl.java:setRole(170)) - f33d517f-e42f-4acb-af98-039ff957946e@group-BB971FD85770: changes role from CANDIDATE to LEADER at term 1 for changeToLeader
2019-10-02 12:09:39,399 [f33d517f-e42f-4acb-af98-039ff957946e@group-BB971FD85770-LeaderElection64] INFO  impl.RaftServerImpl (ServerState.java:setLeader(255)) - f33d517f-e42f-4acb-af98-039ff957946e@group-BB971FD85770: change Leader from null to f33d517f-e42f-4acb-af98-039ff957946e at term 1 for becomeLeader, leader elected after 5049ms
2019-10-02 12:09:39,399 [f33d517f-e42f-4acb-af98-039ff957946e@group-BB971FD85770-LeaderElection64] INFO  server.RaftServerConfigKeys (ConfUtils.java:logGet(43)) - raft.server.staging.catchup.gap = 1000 (default)
2019-10-02 12:09:39,399 [f33d517f-e42f-4acb-af98-039ff957946e@group-BB971FD85770-LeaderElection64] INFO  server.RaftServerConfigKeys (ConfUtils.java:logGet(43)) - raft.server.rpc.sleep.time = 25ms (default)
2019-10-02 12:09:39,399 [f33d517f-e42f-4acb-af98-039ff957946e@group-BB971FD85770-LeaderElection64] INFO  server.RaftServerConfigKeys (ConfUtils.java:logGet(43)) - raft.server.write.element-limit = 4096 (default)
2019-10-02 12:09:39,400 [f33d517f-e42f-4acb-af98-039ff957946e@group-BB971FD85770-LeaderElection64] INFO  server.RaftServerConfigKeys (ConfUtils.java:logGet(43)) - raft.server.watch.timeout = 10s (default)
2019-10-02 12:09:39,400 [f33d517f-e42f-4acb-af98-039ff957946e@group-BB971FD85770-LeaderElection64] INFO  server.RaftServerConfigKeys (ConfUtils.java:logGet(43)) - raft.server.watch.timeout.denomination = 1s (default)
2019-10-02 12:09:39,400 [f33d517f-e42f-4acb-af98-039ff957946e@group-BB971FD85770-LeaderElection64] INFO  server.RaftServerConfigKeys (ConfUtils.java:logGet(43)) - raft.server.watch.element-limit = 65536 (default)
2019-10-02 12:09:39,401 [f33d517f-e42f-4acb-af98-039ff957946e@group-BB971FD85770-LeaderElection64] INFO  impl.RoleInfo (RoleInfo.java:updateAndGet(143)) - f33d517f-e42f-4acb-af98-039ff957946e: start LeaderState
2019-10-02 12:09:39,401 [f33d517f-e42f-4acb-af98-039ff957946e@group-BB971FD85770-LeaderElection64] INFO  segmented.SegmentedRaftLogWorker (SegmentedRaftLogWorker.java:startLogSegment(385)) - f33d517f-e42f-4acb-af98-039ff957946e@group-BB971FD85770-SegmentedRaftLogWorker: Starting segment from index:0
2019-10-02 12:09:39,402 [f33d517f-e42f-4acb-af98-039ff957946e@group-BB971FD85770-LeaderElection64] INFO  impl.RaftServerImpl (ServerState.java:setRaftConf(356)) - f33d517f-e42f-4acb-af98-039ff957946e@group-BB971FD85770: set configuration 0: [f33d517f-e42f-4acb-af98-039ff957946e:192.168.30.47:41104], old=null at 0
2019-10-02 12:09:39,428 [Thread-2323] INFO  impl.FollowerState (FollowerState.java:run(108)) - 6bdf831b-f033-4291-83f0-c30608baa8e5@group-76FB53768652-FollowerState: change to CANDIDATE, lastRpcTime:5139ms, electionTimeout:5139ms
2019-10-02 12:09:39,428 [Thread-2323] INFO  impl.RoleInfo (RoleInfo.java:shutdownFollowerState(121)) - 6bdf831b-f033-4291-83f0-c30608baa8e5: shutdown FollowerState
2019-10-02 12:09:39,428 [Thread-2323] INFO  impl.RaftServerImpl (RaftServerImpl.java:setRole(170)) - 6bdf831b-f033-4291-83f0-c30608baa8e5@group-76FB53768652: changes role from  FOLLOWER to CANDIDATE at term 0 for changeToCandidate
2019-10-02 12:09:39,428 [Thread-2323] INFO  impl.RoleInfo (RoleInfo.java:updateAndGet(143)) - 6bdf831b-f033-4291-83f0-c30608baa8e5: start LeaderElection
2019-10-02 12:09:39,437 [f33d517f-e42f-4acb-af98-039ff957946e@group-BB971FD85770-SegmentedRaftLogWorker] INFO  segmented.SegmentedRaftLogWorker (SegmentedRaftLogWorker.java:execute(574)) - f33d517f-e42f-4acb-af98-039ff957946e@group-BB971FD85770-SegmentedRaftLogWorker: created new log segment /workdir/hadoop-ozone/integration-test/target/test-dir/MiniOzoneClusterImpl-a1e414a2-928d-43cb-8cf0-dd5a5830e04c/datanode-2/data/ratis/470f6369-08b2-4728-a329-bb971fd85770/current/log_inprogress_0
2019-10-02 12:09:39,451 [6bdf831b-f033-4291-83f0-c30608baa8e5@group-76FB53768652-LeaderElection65] INFO  impl.LeaderElection (LeaderElection.java:askForVotes(178)) - 6bdf831b-f033-4291-83f0-c30608baa8e5@group-76FB53768652-LeaderElection65: begin an election at term 1 for -1: [6bdf831b-f033-4291-83f0-c30608baa8e5:192.168.30.47:35483], old=null
2019-10-02 12:09:39,451 [6bdf831b-f033-4291-83f0-c30608baa8e5@group-76FB53768652-LeaderElection65] INFO  impl.RoleInfo (RoleInfo.java:shutdownLeaderElection(134)) - 6bdf831b-f033-4291-83f0-c30608baa8e5: shutdown LeaderElection
2019-10-02 12:09:39,451 [6bdf831b-f033-4291-83f0-c30608baa8e5@group-76FB53768652-LeaderElection65] INFO  impl.RaftServerImpl (RaftServerImpl.java:setRole(170)) - 6bdf831b-f033-4291-83f0-c30608baa8e5@group-76FB53768652: changes role from CANDIDATE to LEADER at term 1 for changeToLeader
2019-10-02 12:09:39,451 [6bdf831b-f033-4291-83f0-c30608baa8e5@group-76FB53768652-LeaderElection65] INFO  impl.RaftServerImpl (ServerState.java:setLeader(255)) - 6bdf831b-f033-4291-83f0-c30608baa8e5@group-76FB53768652: change Leader from null to 6bdf831b-f033-4291-83f0-c30608baa8e5 at term 1 for becomeLeader, leader elected after 5173ms
2019-10-02 12:09:39,451 [6bdf831b-f033-4291-83f0-c30608baa8e5@group-76FB53768652-LeaderElection65] INFO  server.RaftServerConfigKeys (ConfUtils.java:logGet(43)) - raft.server.staging.catchup.gap = 1000 (default)
2019-10-02 12:09:39,451 [6bdf831b-f033-4291-83f0-c30608baa8e5@group-76FB53768652-LeaderElection65] INFO  server.RaftServerConfigKeys (ConfUtils.java:logGet(43)) - raft.server.rpc.sleep.time = 25ms (default)
2019-10-02 12:09:39,451 [6bdf831b-f033-4291-83f0-c30608baa8e5@group-76FB53768652-LeaderElection65] INFO  server.RaftServerConfigKeys (ConfUtils.java:logGet(43)) - raft.server.write.element-limit = 4096 (default)
2019-10-02 12:09:39,451 [6bdf831b-f033-4291-83f0-c30608baa8e5@group-76FB53768652-LeaderElection65] INFO  server.RaftServerConfigKeys (ConfUtils.java:logGet(43)) - raft.server.watch.timeout = 10s (default)
2019-10-02 12:09:39,452 [6bdf831b-f033-4291-83f0-c30608baa8e5@group-76FB53768652-LeaderElection65] INFO  server.RaftServerConfigKeys (ConfUtils.java:logGet(43)) - raft.server.watch.timeout.denomination = 1s (default)
2019-10-02 12:09:39,452 [6bdf831b-f033-4291-83f0-c30608baa8e5@group-76FB53768652-LeaderElection65] INFO  server.RaftServerConfigKeys (ConfUtils.java:logGet(43)) - raft.server.watch.element-limit = 65536 (default)
2019-10-02 12:09:39,453 [6bdf831b-f033-4291-83f0-c30608baa8e5@group-76FB53768652-LeaderElection65] INFO  impl.RoleInfo (RoleInfo.java:updateAndGet(143)) - 6bdf831b-f033-4291-83f0-c30608baa8e5: start LeaderState
2019-10-02 12:09:39,454 [6bdf831b-f033-4291-83f0-c30608baa8e5@group-76FB53768652-LeaderElection65] INFO  segmented.SegmentedRaftLogWorker (SegmentedRaftLogWorker.java:startLogSegment(385)) - 6bdf831b-f033-4291-83f0-c30608baa8e5@group-76FB53768652-SegmentedRaftLogWorker: Starting segment from index:0
2019-10-02 12:09:39,454 [6bdf831b-f033-4291-83f0-c30608baa8e5@group-76FB53768652-LeaderElection65] INFO  impl.RaftServerImpl (ServerState.java:setRaftConf(356)) - 6bdf831b-f033-4291-83f0-c30608baa8e5@group-76FB53768652: set configuration 0: [6bdf831b-f033-4291-83f0-c30608baa8e5:192.168.30.47:35483], old=null at 0
2019-10-02 12:09:39,460 [Thread-2329] INFO  impl.FollowerState (FollowerState.java:run(108)) - 207ab1ec-2856-4677-9fa8-2ee545bd3e9e@group-65372688C0CF-FollowerState: change to CANDIDATE, lastRpcTime:5037ms, electionTimeout:5037ms
2019-10-02 12:09:39,460 [Thread-2329] INFO  impl.RoleInfo (RoleInfo.java:shutdownFollowerState(121)) - 207ab1ec-2856-4677-9fa8-2ee545bd3e9e: shutdown FollowerState
2019-10-02 12:09:39,460 [Thread-2329] INFO  impl.RaftServerImpl (RaftServerImpl.java:setRole(170)) - 207ab1ec-2856-4677-9fa8-2ee545bd3e9e@group-65372688C0CF: changes role from  FOLLOWER to CANDIDATE at term 0 for changeToCandidate
2019-10-02 12:09:39,460 [Thread-2329] INFO  impl.RoleInfo (RoleInfo.java:updateAndGet(143)) - 207ab1ec-2856-4677-9fa8-2ee545bd3e9e: start LeaderElection
2019-10-02 12:09:39,504 [6bdf831b-f033-4291-83f0-c30608baa8e5@group-76FB53768652-SegmentedRaftLogWorker] INFO  segmented.SegmentedRaftLogWorker (SegmentedRaftLogWorker.java:execute(574)) - 6bdf831b-f033-4291-83f0-c30608baa8e5@group-76FB53768652-SegmentedRaftLogWorker: created new log segment /workdir/hadoop-ozone/integration-test/target/test-dir/MiniOzoneClusterImpl-a1e414a2-928d-43cb-8cf0-dd5a5830e04c/datanode-1/data/ratis/375a6e19-6241-40be-b052-76fb53768652/current/log_inprogress_0
2019-10-02 12:09:39,504 [207ab1ec-2856-4677-9fa8-2ee545bd3e9e@group-65372688C0CF-LeaderElection66] INFO  impl.LeaderElection (LeaderElection.java:askForVotes(178)) - 207ab1ec-2856-4677-9fa8-2ee545bd3e9e@group-65372688C0CF-LeaderElection66: begin an election at term 1 for -1: [207ab1ec-2856-4677-9fa8-2ee545bd3e9e:192.168.30.47:40536], old=null
2019-10-02 12:09:39,504 [207ab1ec-2856-4677-9fa8-2ee545bd3e9e@group-65372688C0CF-LeaderElection66] INFO  impl.RoleInfo (RoleInfo.java:shutdownLeaderElection(134)) - 207ab1ec-2856-4677-9fa8-2ee545bd3e9e: shutdown LeaderElection
2019-10-02 12:09:39,504 [207ab1ec-2856-4677-9fa8-2ee545bd3e9e@group-65372688C0CF-LeaderElection66] INFO  impl.RaftServerImpl (RaftServerImpl.java:setRole(170)) - 207ab1ec-2856-4677-9fa8-2ee545bd3e9e@group-65372688C0CF: changes role from CANDIDATE to LEADER at term 1 for changeToLeader
2019-10-02 12:09:39,504 [207ab1ec-2856-4677-9fa8-2ee545bd3e9e@group-65372688C0CF-LeaderElection66] INFO  impl.RaftServerImpl (ServerState.java:setLeader(255)) - 207ab1ec-2856-4677-9fa8-2ee545bd3e9e@group-65372688C0CF: change Leader from null to 207ab1ec-2856-4677-9fa8-2ee545bd3e9e at term 1 for becomeLeader, leader elected after 5088ms
2019-10-02 12:09:39,505 [207ab1ec-2856-4677-9fa8-2ee545bd3e9e@group-65372688C0CF-LeaderElection66] INFO  server.RaftServerConfigKeys (ConfUtils.java:logGet(43)) - raft.server.staging.catchup.gap = 1000 (default)
2019-10-02 12:09:39,505 [207ab1ec-2856-4677-9fa8-2ee545bd3e9e@group-65372688C0CF-LeaderElection66] INFO  server.RaftServerConfigKeys (ConfUtils.java:logGet(43)) - raft.server.rpc.sleep.time = 25ms (default)
2019-10-02 12:09:39,505 [207ab1ec-2856-4677-9fa8-2ee545bd3e9e@group-65372688C0CF-LeaderElection66] INFO  server.RaftServerConfigKeys (ConfUtils.java:logGet(43)) - raft.server.write.element-limit = 4096 (default)
2019-10-02 12:09:39,505 [207ab1ec-2856-4677-9fa8-2ee545bd3e9e@group-65372688C0CF-LeaderElection66] INFO  server.RaftServerConfigKeys (ConfUtils.java:logGet(43)) - raft.server.watch.timeout = 10s (default)
2019-10-02 12:09:39,505 [207ab1ec-2856-4677-9fa8-2ee545bd3e9e@group-65372688C0CF-LeaderElection66] INFO  server.RaftServerConfigKeys (ConfUtils.java:logGet(43)) - raft.server.watch.timeout.denomination = 1s (default)
2019-10-02 12:09:39,505 [207ab1ec-2856-4677-9fa8-2ee545bd3e9e@group-65372688C0CF-LeaderElection66] INFO  server.RaftServerConfigKeys (ConfUtils.java:logGet(43)) - raft.server.watch.element-limit = 65536 (default)
2019-10-02 12:09:39,507 [207ab1ec-2856-4677-9fa8-2ee545bd3e9e@group-65372688C0CF-LeaderElection66] INFO  impl.RoleInfo (RoleInfo.java:updateAndGet(143)) - 207ab1ec-2856-4677-9fa8-2ee545bd3e9e: start LeaderState
2019-10-02 12:09:39,507 [207ab1ec-2856-4677-9fa8-2ee545bd3e9e@group-65372688C0CF-LeaderElection66] INFO  segmented.SegmentedRaftLogWorker (SegmentedRaftLogWorker.java:startLogSegment(385)) - 207ab1ec-2856-4677-9fa8-2ee545bd3e9e@group-65372688C0CF-SegmentedRaftLogWorker: Starting segment from index:0
2019-10-02 12:09:39,507 [207ab1ec-2856-4677-9fa8-2ee545bd3e9e@group-65372688C0CF-LeaderElection66] INFO  impl.RaftServerImpl (ServerState.java:setRaftConf(356)) - 207ab1ec-2856-4677-9fa8-2ee545bd3e9e@group-65372688C0CF: set configuration 0: [207ab1ec-2856-4677-9fa8-2ee545bd3e9e:192.168.30.47:40536], old=null at 0
2019-10-02 12:09:39,552 [207ab1ec-2856-4677-9fa8-2ee545bd3e9e@group-65372688C0CF-SegmentedRaftLogWorker] INFO  segmented.SegmentedRaftLogWorker (SegmentedRaftLogWorker.java:execute(574)) - 207ab1ec-2856-4677-9fa8-2ee545bd3e9e@group-65372688C0CF-SegmentedRaftLogWorker: created new log segment /workdir/hadoop-ozone/integration-test/target/test-dir/MiniOzoneClusterImpl-a1e414a2-928d-43cb-8cf0-dd5a5830e04c/datanode-3/data/ratis/ac635ca1-70d7-4494-9dcb-65372688c0cf/current/log_inprogress_0
2019-10-02 12:09:39,601 [Thread-2337] INFO  impl.FollowerState (FollowerState.java:run(108)) - fdf94c36-46e8-42d3-bacb-d2f2ee6f832e@group-D9A0CBB81D98-FollowerState: change to CANDIDATE, lastRpcTime:5018ms, electionTimeout:5018ms
2019-10-02 12:09:39,602 [Thread-2337] INFO  impl.RoleInfo (RoleInfo.java:shutdownFollowerState(121)) - fdf94c36-46e8-42d3-bacb-d2f2ee6f832e: shutdown FollowerState
2019-10-02 12:09:39,602 [Thread-2337] INFO  impl.RaftServerImpl (RaftServerImpl.java:setRole(170)) - fdf94c36-46e8-42d3-bacb-d2f2ee6f832e@group-D9A0CBB81D98: changes role from  FOLLOWER to CANDIDATE at term 0 for changeToCandidate
2019-10-02 12:09:39,602 [Thread-2337] INFO  impl.RoleInfo (RoleInfo.java:updateAndGet(143)) - fdf94c36-46e8-42d3-bacb-d2f2ee6f832e: start LeaderElection
2019-10-02 12:09:39,628 [Thread-2332] INFO  impl.FollowerState (FollowerState.java:run(108)) - 951e34a4-428b-40d1-882b-e95786ef97f1@group-AB3AEDFCCC0A-FollowerState: change to CANDIDATE, lastRpcTime:5123ms, electionTimeout:5123ms
2019-10-02 12:09:39,628 [Thread-2332] INFO  impl.RoleInfo (RoleInfo.java:shutdownFollowerState(121)) - 951e34a4-428b-40d1-882b-e95786ef97f1: shutdown FollowerState
2019-10-02 12:09:39,628 [Thread-2332] INFO  impl.RaftServerImpl (RaftServerImpl.java:setRole(170)) - 951e34a4-428b-40d1-882b-e95786ef97f1@group-AB3AEDFCCC0A: changes role from  FOLLOWER to CANDIDATE at term 0 for changeToCandidate
2019-10-02 12:09:39,628 [Thread-2332] INFO  impl.RoleInfo (RoleInfo.java:updateAndGet(143)) - 951e34a4-428b-40d1-882b-e95786ef97f1: start LeaderElection
2019-10-02 12:09:39,638 [fdf94c36-46e8-42d3-bacb-d2f2ee6f832e@group-D9A0CBB81D98-LeaderElection67] INFO  impl.LeaderElection (LeaderElection.java:askForVotes(178)) - fdf94c36-46e8-42d3-bacb-d2f2ee6f832e@group-D9A0CBB81D98-LeaderElection67: begin an election at term 1 for -1: [fdf94c36-46e8-42d3-bacb-d2f2ee6f832e:192.168.30.47:41567], old=null
2019-10-02 12:09:39,638 [fdf94c36-46e8-42d3-bacb-d2f2ee6f832e@group-D9A0CBB81D98-LeaderElection67] INFO  impl.RoleInfo (RoleInfo.java:shutdownLeaderElection(134)) - fdf94c36-46e8-42d3-bacb-d2f2ee6f832e: shutdown LeaderElection
2019-10-02 12:09:39,638 [fdf94c36-46e8-42d3-bacb-d2f2ee6f832e@group-D9A0CBB81D98-LeaderElection67] INFO  impl.RaftServerImpl (RaftServerImpl.java:setRole(170)) - fdf94c36-46e8-42d3-bacb-d2f2ee6f832e@group-D9A0CBB81D98: changes role from CANDIDATE to LEADER at term 1 for changeToLeader
2019-10-02 12:09:39,638 [fdf94c36-46e8-42d3-bacb-d2f2ee6f832e@group-D9A0CBB81D98-LeaderElection67] INFO  impl.RaftServerImpl (ServerState.java:setLeader(255)) - fdf94c36-46e8-42d3-bacb-d2f2ee6f832e@group-D9A0CBB81D98: change Leader from null to fdf94c36-46e8-42d3-bacb-d2f2ee6f832e at term 1 for becomeLeader, leader elected after 5064ms
2019-10-02 12:09:39,638 [fdf94c36-46e8-42d3-bacb-d2f2ee6f832e@group-D9A0CBB81D98-LeaderElection67] INFO  server.RaftServerConfigKeys (ConfUtils.java:logGet(43)) - raft.server.staging.catchup.gap = 1000 (default)
2019-10-02 12:09:39,638 [fdf94c36-46e8-42d3-bacb-d2f2ee6f832e@group-D9A0CBB81D98-LeaderElection67] INFO  server.RaftServerConfigKeys (ConfUtils.java:logGet(43)) - raft.server.rpc.sleep.time = 25ms (default)
2019-10-02 12:09:39,638 [fdf94c36-46e8-42d3-bacb-d2f2ee6f832e@group-D9A0CBB81D98-LeaderElection67] INFO  server.RaftServerConfigKeys (ConfUtils.java:logGet(43)) - raft.server.write.element-limit = 4096 (default)
2019-10-02 12:09:39,638 [fdf94c36-46e8-42d3-bacb-d2f2ee6f832e@group-D9A0CBB81D98-LeaderElection67] INFO  server.RaftServerConfigKeys (ConfUtils.java:logGet(43)) - raft.server.watch.timeout = 10s (default)
2019-10-02 12:09:39,638 [fdf94c36-46e8-42d3-bacb-d2f2ee6f832e@group-D9A0CBB81D98-LeaderElection67] INFO  server.RaftServerConfigKeys (ConfUtils.java:logGet(43)) - raft.server.watch.timeout.denomination = 1s (default)
2019-10-02 12:09:39,639 [fdf94c36-46e8-42d3-bacb-d2f2ee6f832e@group-D9A0CBB81D98-LeaderElection67] INFO  server.RaftServerConfigKeys (ConfUtils.java:logGet(43)) - raft.server.watch.element-limit = 65536 (default)
2019-10-02 12:09:39,640 [fdf94c36-46e8-42d3-bacb-d2f2ee6f832e@group-D9A0CBB81D98-LeaderElection67] INFO  impl.RoleInfo (RoleInfo.java:updateAndGet(143)) - fdf94c36-46e8-42d3-bacb-d2f2ee6f832e: start LeaderState
2019-10-02 12:09:39,640 [fdf94c36-46e8-42d3-bacb-d2f2ee6f832e@group-D9A0CBB81D98-LeaderElection67] INFO  segmented.SegmentedRaftLogWorker (SegmentedRaftLogWorker.java:startLogSegment(385)) - fdf94c36-46e8-42d3-bacb-d2f2ee6f832e@group-D9A0CBB81D98-SegmentedRaftLogWorker: Starting segment from index:0
2019-10-02 12:09:39,640 [fdf94c36-46e8-42d3-bacb-d2f2ee6f832e@group-D9A0CBB81D98-LeaderElection67] INFO  impl.RaftServerImpl (ServerState.java:setRaftConf(356)) - fdf94c36-46e8-42d3-bacb-d2f2ee6f832e@group-D9A0CBB81D98: set configuration 0: [fdf94c36-46e8-42d3-bacb-d2f2ee6f832e:192.168.30.47:41567], old=null at 0
2019-10-02 12:09:39,655 [951e34a4-428b-40d1-882b-e95786ef97f1@group-AB3AEDFCCC0A-LeaderElection68] INFO  impl.LeaderElection (LeaderElection.java:askForVotes(178)) - 951e34a4-428b-40d1-882b-e95786ef97f1@group-AB3AEDFCCC0A-LeaderElection68: begin an election at term 1 for -1: [951e34a4-428b-40d1-882b-e95786ef97f1:192.168.30.47:33549], old=null
2019-10-02 12:09:39,655 [951e34a4-428b-40d1-882b-e95786ef97f1@group-AB3AEDFCCC0A-LeaderElection68] INFO  impl.RoleInfo (RoleInfo.java:shutdownLeaderElection(134)) - 951e34a4-428b-40d1-882b-e95786ef97f1: shutdown LeaderElection
2019-10-02 12:09:39,655 [951e34a4-428b-40d1-882b-e95786ef97f1@group-AB3AEDFCCC0A-LeaderElection68] INFO  impl.RaftServerImpl (RaftServerImpl.java:setRole(170)) - 951e34a4-428b-40d1-882b-e95786ef97f1@group-AB3AEDFCCC0A: changes role from CANDIDATE to LEADER at term 1 for changeToLeader
2019-10-02 12:09:39,655 [951e34a4-428b-40d1-882b-e95786ef97f1@group-AB3AEDFCCC0A-LeaderElection68] INFO  impl.RaftServerImpl (ServerState.java:setLeader(255)) - 951e34a4-428b-40d1-882b-e95786ef97f1@group-AB3AEDFCCC0A: change Leader from null to 951e34a4-428b-40d1-882b-e95786ef97f1 at term 1 for becomeLeader, leader elected after 5155ms
2019-10-02 12:09:39,655 [951e34a4-428b-40d1-882b-e95786ef97f1@group-AB3AEDFCCC0A-LeaderElection68] INFO  server.RaftServerConfigKeys (ConfUtils.java:logGet(43)) - raft.server.staging.catchup.gap = 1000 (default)
2019-10-02 12:09:39,655 [951e34a4-428b-40d1-882b-e95786ef97f1@group-AB3AEDFCCC0A-LeaderElection68] INFO  server.RaftServerConfigKeys (ConfUtils.java:logGet(43)) - raft.server.rpc.sleep.time = 25ms (default)
2019-10-02 12:09:39,656 [951e34a4-428b-40d1-882b-e95786ef97f1@group-AB3AEDFCCC0A-LeaderElection68] INFO  server.RaftServerConfigKeys (ConfUtils.java:logGet(43)) - raft.server.write.element-limit = 4096 (default)
2019-10-02 12:09:39,656 [951e34a4-428b-40d1-882b-e95786ef97f1@group-AB3AEDFCCC0A-LeaderElection68] INFO  server.RaftServerConfigKeys (ConfUtils.java:logGet(43)) - raft.server.watch.timeout = 10s (default)
2019-10-02 12:09:39,656 [951e34a4-428b-40d1-882b-e95786ef97f1@group-AB3AEDFCCC0A-LeaderElection68] INFO  server.RaftServerConfigKeys (ConfUtils.java:logGet(43)) - raft.server.watch.timeout.denomination = 1s (default)
2019-10-02 12:09:39,656 [951e34a4-428b-40d1-882b-e95786ef97f1@group-AB3AEDFCCC0A-LeaderElection68] INFO  server.RaftServerConfigKeys (ConfUtils.java:logGet(43)) - raft.server.watch.element-limit = 65536 (default)
2019-10-02 12:09:39,657 [951e34a4-428b-40d1-882b-e95786ef97f1@group-AB3AEDFCCC0A-LeaderElection68] INFO  impl.RoleInfo (RoleInfo.java:updateAndGet(143)) - 951e34a4-428b-40d1-882b-e95786ef97f1: start LeaderState
2019-10-02 12:09:39,658 [951e34a4-428b-40d1-882b-e95786ef97f1@group-AB3AEDFCCC0A-LeaderElection68] INFO  segmented.SegmentedRaftLogWorker (SegmentedRaftLogWorker.java:startLogSegment(385)) - 951e34a4-428b-40d1-882b-e95786ef97f1@group-AB3AEDFCCC0A-SegmentedRaftLogWorker: Starting segment from index:0
2019-10-02 12:09:39,658 [951e34a4-428b-40d1-882b-e95786ef97f1@group-AB3AEDFCCC0A-LeaderElection68] INFO  impl.RaftServerImpl (ServerState.java:setRaftConf(356)) - 951e34a4-428b-40d1-882b-e95786ef97f1@group-AB3AEDFCCC0A: set configuration 0: [951e34a4-428b-40d1-882b-e95786ef97f1:192.168.30.47:33549], old=null at 0
2019-10-02 12:09:39,697 [fdf94c36-46e8-42d3-bacb-d2f2ee6f832e@group-D9A0CBB81D98-SegmentedRaftLogWorker] INFO  segmented.SegmentedRaftLogWorker (SegmentedRaftLogWorker.java:execute(574)) - fdf94c36-46e8-42d3-bacb-d2f2ee6f832e@group-D9A0CBB81D98-SegmentedRaftLogWorker: created new log segment /workdir/hadoop-ozone/integration-test/target/test-dir/MiniOzoneClusterImpl-a1e414a2-928d-43cb-8cf0-dd5a5830e04c/datanode-5/data/ratis/dca941a6-cef0-4d30-9444-d9a0cbb81d98/current/log_inprogress_0
2019-10-02 12:09:39,713 [Thread-2340] INFO  impl.FollowerState (FollowerState.java:run(108)) - cd5c7bdf-638b-4723-98ff-57cb3a80d125@group-954B550E6281-FollowerState: change to CANDIDATE, lastRpcTime:5064ms, electionTimeout:5064ms
2019-10-02 12:09:39,713 [Thread-2340] INFO  impl.RoleInfo (RoleInfo.java:shutdownFollowerState(121)) - cd5c7bdf-638b-4723-98ff-57cb3a80d125: shutdown FollowerState
2019-10-02 12:09:39,713 [Thread-2340] INFO  impl.RaftServerImpl (RaftServerImpl.java:setRole(170)) - cd5c7bdf-638b-4723-98ff-57cb3a80d125@group-954B550E6281: changes role from  FOLLOWER to CANDIDATE at term 0 for changeToCandidate
2019-10-02 12:09:39,713 [Thread-2340] INFO  impl.RoleInfo (RoleInfo.java:updateAndGet(143)) - cd5c7bdf-638b-4723-98ff-57cb3a80d125: start LeaderElection
2019-10-02 12:09:39,714 [951e34a4-428b-40d1-882b-e95786ef97f1@group-AB3AEDFCCC0A-SegmentedRaftLogWorker] INFO  segmented.SegmentedRaftLogWorker (SegmentedRaftLogWorker.java:execute(574)) - 951e34a4-428b-40d1-882b-e95786ef97f1@group-AB3AEDFCCC0A-SegmentedRaftLogWorker: created new log segment /workdir/hadoop-ozone/integration-test/target/test-dir/MiniOzoneClusterImpl-a1e414a2-928d-43cb-8cf0-dd5a5830e04c/datanode-4/data/ratis/aa8850c4-fd08-4637-b4c9-ab3aedfccc0a/current/log_inprogress_0
2019-10-02 12:09:39,747 [cd5c7bdf-638b-4723-98ff-57cb3a80d125@group-954B550E6281-LeaderElection69] INFO  impl.LeaderElection (LeaderElection.java:askForVotes(178)) - cd5c7bdf-638b-4723-98ff-57cb3a80d125@group-954B550E6281-LeaderElection69: begin an election at term 1 for -1: [cd5c7bdf-638b-4723-98ff-57cb3a80d125:192.168.30.47:36692], old=null
2019-10-02 12:09:39,748 [cd5c7bdf-638b-4723-98ff-57cb3a80d125@group-954B550E6281-LeaderElection69] INFO  impl.RoleInfo (RoleInfo.java:shutdownLeaderElection(134)) - cd5c7bdf-638b-4723-98ff-57cb3a80d125: shutdown LeaderElection
2019-10-02 12:09:39,748 [cd5c7bdf-638b-4723-98ff-57cb3a80d125@group-954B550E6281-LeaderElection69] INFO  impl.RaftServerImpl (RaftServerImpl.java:setRole(170)) - cd5c7bdf-638b-4723-98ff-57cb3a80d125@group-954B550E6281: changes role from CANDIDATE to LEADER at term 1 for changeToLeader
2019-10-02 12:09:39,748 [cd5c7bdf-638b-4723-98ff-57cb3a80d125@group-954B550E6281-LeaderElection69] INFO  impl.RaftServerImpl (ServerState.java:setLeader(255)) - cd5c7bdf-638b-4723-98ff-57cb3a80d125@group-954B550E6281: change Leader from null to cd5c7bdf-638b-4723-98ff-57cb3a80d125 at term 1 for becomeLeader, leader elected after 5105ms
2019-10-02 12:09:39,748 [cd5c7bdf-638b-4723-98ff-57cb3a80d125@group-954B550E6281-LeaderElection69] INFO  server.RaftServerConfigKeys (ConfUtils.java:logGet(43)) - raft.server.staging.catchup.gap = 1000 (default)
2019-10-02 12:09:39,748 [cd5c7bdf-638b-4723-98ff-57cb3a80d125@group-954B550E6281-LeaderElection69] INFO  server.RaftServerConfigKeys (ConfUtils.java:logGet(43)) - raft.server.rpc.sleep.time = 25ms (default)
2019-10-02 12:09:39,748 [cd5c7bdf-638b-4723-98ff-57cb3a80d125@group-954B550E6281-LeaderElection69] INFO  server.RaftServerConfigKeys (ConfUtils.java:logGet(43)) - raft.server.write.element-limit = 4096 (default)
2019-10-02 12:09:39,748 [cd5c7bdf-638b-4723-98ff-57cb3a80d125@group-954B550E6281-LeaderElection69] INFO  server.RaftServerConfigKeys (ConfUtils.java:logGet(43)) - raft.server.watch.timeout = 10s (default)
2019-10-02 12:09:39,748 [cd5c7bdf-638b-4723-98ff-57cb3a80d125@group-954B550E6281-LeaderElection69] INFO  server.RaftServerConfigKeys (ConfUtils.java:logGet(43)) - raft.server.watch.timeout.denomination = 1s (default)
2019-10-02 12:09:39,749 [cd5c7bdf-638b-4723-98ff-57cb3a80d125@group-954B550E6281-LeaderElection69] INFO  server.RaftServerConfigKeys (ConfUtils.java:logGet(43)) - raft.server.watch.element-limit = 65536 (default)
2019-10-02 12:09:39,750 [cd5c7bdf-638b-4723-98ff-57cb3a80d125@group-954B550E6281-LeaderElection69] INFO  impl.RoleInfo (RoleInfo.java:updateAndGet(143)) - cd5c7bdf-638b-4723-98ff-57cb3a80d125: start LeaderState
2019-10-02 12:09:39,751 [cd5c7bdf-638b-4723-98ff-57cb3a80d125@group-954B550E6281-LeaderElection69] INFO  segmented.SegmentedRaftLogWorker (SegmentedRaftLogWorker.java:startLogSegment(385)) - cd5c7bdf-638b-4723-98ff-57cb3a80d125@group-954B550E6281-SegmentedRaftLogWorker: Starting segment from index:0
2019-10-02 12:09:39,751 [cd5c7bdf-638b-4723-98ff-57cb3a80d125@group-954B550E6281-LeaderElection69] INFO  impl.RaftServerImpl (ServerState.java:setRaftConf(356)) - cd5c7bdf-638b-4723-98ff-57cb3a80d125@group-954B550E6281: set configuration 0: [cd5c7bdf-638b-4723-98ff-57cb3a80d125:192.168.30.47:36692], old=null at 0
2019-10-02 12:09:39,777 [Thread-2347] INFO  impl.FollowerState (FollowerState.java:run(108)) - 03547a15-859a-45d6-b0ce-d12496de5dda@group-001D6A18E9CA-FollowerState: change to CANDIDATE, lastRpcTime:5048ms, electionTimeout:5048ms
2019-10-02 12:09:39,777 [Thread-2347] INFO  impl.RoleInfo (RoleInfo.java:shutdownFollowerState(121)) - 03547a15-859a-45d6-b0ce-d12496de5dda: shutdown FollowerState
2019-10-02 12:09:39,777 [Thread-2347] INFO  impl.RaftServerImpl (RaftServerImpl.java:setRole(170)) - 03547a15-859a-45d6-b0ce-d12496de5dda@group-001D6A18E9CA: changes role from  FOLLOWER to CANDIDATE at term 0 for changeToCandidate
2019-10-02 12:09:39,777 [Thread-2347] INFO  impl.RoleInfo (RoleInfo.java:updateAndGet(143)) - 03547a15-859a-45d6-b0ce-d12496de5dda: start LeaderElection
2019-10-02 12:09:39,798 [cd5c7bdf-638b-4723-98ff-57cb3a80d125@group-954B550E6281-SegmentedRaftLogWorker] INFO  segmented.SegmentedRaftLogWorker (SegmentedRaftLogWorker.java:execute(574)) - cd5c7bdf-638b-4723-98ff-57cb3a80d125@group-954B550E6281-SegmentedRaftLogWorker: created new log segment /workdir/hadoop-ozone/integration-test/target/test-dir/MiniOzoneClusterImpl-a1e414a2-928d-43cb-8cf0-dd5a5830e04c/datanode-6/data/ratis/494eb888-267f-41cd-aff6-954b550e6281/current/log_inprogress_0
2019-10-02 12:09:39,798 [03547a15-859a-45d6-b0ce-d12496de5dda@group-001D6A18E9CA-LeaderElection70] INFO  impl.LeaderElection (LeaderElection.java:askForVotes(178)) - 03547a15-859a-45d6-b0ce-d12496de5dda@group-001D6A18E9CA-LeaderElection70: begin an election at term 1 for -1: [951e34a4-428b-40d1-882b-e95786ef97f1:192.168.30.47:33549, 03547a15-859a-45d6-b0ce-d12496de5dda:192.168.30.47:43588, f33d517f-e42f-4acb-af98-039ff957946e:192.168.30.47:41104], old=null
2019-10-02 12:09:39,808 [grpc-default-executor-2] INFO  impl.RaftServerImpl (RaftServerImpl.java:setRole(170)) - f33d517f-e42f-4acb-af98-039ff957946e@group-001D6A18E9CA: changes role from  FOLLOWER to FOLLOWER at term 1 for recognizeCandidate:03547a15-859a-45d6-b0ce-d12496de5dda
2019-10-02 12:09:39,808 [grpc-default-executor-2] INFO  impl.RoleInfo (RoleInfo.java:shutdownFollowerState(121)) - f33d517f-e42f-4acb-af98-039ff957946e: shutdown FollowerState
2019-10-02 12:09:39,808 [grpc-default-executor-2] INFO  impl.RoleInfo (RoleInfo.java:updateAndGet(143)) - f33d517f-e42f-4acb-af98-039ff957946e: start FollowerState
2019-10-02 12:09:39,808 [grpc-default-executor-8] INFO  impl.RaftServerImpl (RaftServerImpl.java:setRole(170)) - 951e34a4-428b-40d1-882b-e95786ef97f1@group-001D6A18E9CA: changes role from  FOLLOWER to FOLLOWER at term 1 for recognizeCandidate:03547a15-859a-45d6-b0ce-d12496de5dda
2019-10-02 12:09:39,809 [Thread-2346] INFO  impl.FollowerState (FollowerState.java:run(117)) - f33d517f-e42f-4acb-af98-039ff957946e@group-001D6A18E9CA-FollowerState was interrupted: java.lang.InterruptedException: sleep interrupted
2019-10-02 12:09:39,809 [grpc-default-executor-8] INFO  impl.RoleInfo (RoleInfo.java:shutdownFollowerState(121)) - 951e34a4-428b-40d1-882b-e95786ef97f1: shutdown FollowerState
2019-10-02 12:09:39,809 [grpc-default-executor-8] INFO  impl.RoleInfo (RoleInfo.java:updateAndGet(143)) - 951e34a4-428b-40d1-882b-e95786ef97f1: start FollowerState
2019-10-02 12:09:39,809 [Thread-2345] INFO  impl.FollowerState (FollowerState.java:run(117)) - 951e34a4-428b-40d1-882b-e95786ef97f1@group-001D6A18E9CA-FollowerState was interrupted: java.lang.InterruptedException: sleep interrupted
2019-10-02 12:09:39,811 [Thread-2356] INFO  impl.FollowerState (FollowerState.java:run(108)) - 207ab1ec-2856-4677-9fa8-2ee545bd3e9e@group-546D5ABC192E-FollowerState: change to CANDIDATE, lastRpcTime:5004ms, electionTimeout:5004ms
2019-10-02 12:09:39,811 [Thread-2356] INFO  impl.RoleInfo (RoleInfo.java:shutdownFollowerState(121)) - 207ab1ec-2856-4677-9fa8-2ee545bd3e9e: shutdown FollowerState
2019-10-02 12:09:39,811 [Thread-2356] INFO  impl.RaftServerImpl (RaftServerImpl.java:setRole(170)) - 207ab1ec-2856-4677-9fa8-2ee545bd3e9e@group-546D5ABC192E: changes role from  FOLLOWER to CANDIDATE at term 0 for changeToCandidate
2019-10-02 12:09:39,811 [Thread-2356] INFO  impl.RoleInfo (RoleInfo.java:updateAndGet(143)) - 207ab1ec-2856-4677-9fa8-2ee545bd3e9e: start LeaderElection
2019-10-02 12:09:39,824 [03547a15-859a-45d6-b0ce-d12496de5dda@group-001D6A18E9CA-LeaderElection70] INFO  impl.LeaderElection (LeaderElection.java:logAndReturn(56)) - 03547a15-859a-45d6-b0ce-d12496de5dda@group-001D6A18E9CA-LeaderElection70: Election PASSED; received 1 response(s) [03547a15-859a-45d6-b0ce-d12496de5dda<-f33d517f-e42f-4acb-af98-039ff957946e#0:OK-t1] and 0 exception(s); 03547a15-859a-45d6-b0ce-d12496de5dda@group-001D6A18E9CA:t1, leader=null, voted=03547a15-859a-45d6-b0ce-d12496de5dda, raftlog=03547a15-859a-45d6-b0ce-d12496de5dda@group-001D6A18E9CA-SegmentedRaftLog:OPENED:c-1,f-1,i0, conf=-1: [951e34a4-428b-40d1-882b-e95786ef97f1:192.168.30.47:33549, 03547a15-859a-45d6-b0ce-d12496de5dda:192.168.30.47:43588, f33d517f-e42f-4acb-af98-039ff957946e:192.168.30.47:41104], old=null
2019-10-02 12:09:39,825 [03547a15-859a-45d6-b0ce-d12496de5dda@group-001D6A18E9CA-LeaderElection70] INFO  impl.RoleInfo (RoleInfo.java:shutdownLeaderElection(134)) - 03547a15-859a-45d6-b0ce-d12496de5dda: shutdown LeaderElection
2019-10-02 12:09:39,825 [03547a15-859a-45d6-b0ce-d12496de5dda@group-001D6A18E9CA-LeaderElection70] INFO  impl.RaftServerImpl (RaftServerImpl.java:setRole(170)) - 03547a15-859a-45d6-b0ce-d12496de5dda@group-001D6A18E9CA: changes role from CANDIDATE to LEADER at term 1 for changeToLeader
2019-10-02 12:09:39,825 [03547a15-859a-45d6-b0ce-d12496de5dda@group-001D6A18E9CA-LeaderElection70] INFO  impl.RaftServerImpl (ServerState.java:setLeader(255)) - 03547a15-859a-45d6-b0ce-d12496de5dda@group-001D6A18E9CA: change Leader from null to 03547a15-859a-45d6-b0ce-d12496de5dda at term 1 for becomeLeader, leader elected after 5111ms
2019-10-02 12:09:39,825 [03547a15-859a-45d6-b0ce-d12496de5dda@group-001D6A18E9CA-LeaderElection70] INFO  server.RaftServerConfigKeys (ConfUtils.java:logGet(43)) - raft.server.staging.catchup.gap = 1000 (default)
2019-10-02 12:09:39,825 [03547a15-859a-45d6-b0ce-d12496de5dda@group-001D6A18E9CA-LeaderElection70] INFO  server.RaftServerConfigKeys (ConfUtils.java:logGet(43)) - raft.server.rpc.sleep.time = 25ms (default)
2019-10-02 12:09:39,825 [03547a15-859a-45d6-b0ce-d12496de5dda@group-001D6A18E9CA-LeaderElection70] INFO  server.RaftServerConfigKeys (ConfUtils.java:logGet(43)) - raft.server.write.element-limit = 4096 (default)
2019-10-02 12:09:39,825 [03547a15-859a-45d6-b0ce-d12496de5dda@group-001D6A18E9CA-LeaderElection70] INFO  server.RaftServerConfigKeys (ConfUtils.java:logGet(43)) - raft.server.watch.timeout = 10s (default)
2019-10-02 12:09:39,825 [03547a15-859a-45d6-b0ce-d12496de5dda@group-001D6A18E9CA-LeaderElection70] INFO  server.RaftServerConfigKeys (ConfUtils.java:logGet(43)) - raft.server.watch.timeout.denomination = 1s (default)
2019-10-02 12:09:39,826 [03547a15-859a-45d6-b0ce-d12496de5dda@group-001D6A18E9CA-LeaderElection70] INFO  server.RaftServerConfigKeys (ConfUtils.java:logGet(43)) - raft.server.watch.element-limit = 65536 (default)
2019-10-02 12:09:39,827 [03547a15-859a-45d6-b0ce-d12496de5dda@group-001D6A18E9CA-LeaderElection70] INFO  server.RaftServerConfigKeys (ConfUtils.java:logGet(43)) - raft.server.log.appender.snapshot.chunk.size.max = 16MB (=16777216) (default)
2019-10-02 12:09:39,827 [03547a15-859a-45d6-b0ce-d12496de5dda@group-001D6A18E9CA-LeaderElection70] INFO  server.RaftServerConfigKeys (ConfUtils.java:logGet(43)) - raft.server.log.appender.buffer.byte-limit = 33554432 (custom)
2019-10-02 12:09:39,827 [03547a15-859a-45d6-b0ce-d12496de5dda@group-001D6A18E9CA-LeaderElection70] INFO  server.RaftServerConfigKeys (ConfUtils.java:logGet(43)) - raft.server.log.appender.buffer.element-limit = 1 (custom)
2019-10-02 12:09:39,827 [03547a15-859a-45d6-b0ce-d12496de5dda@group-001D6A18E9CA-LeaderElection70] INFO  grpc.GrpcConfigKeys$Server (ConfUtils.java:logGet(43)) - raft.grpc.server.leader.outstanding.appends.max = 128 (default)
2019-10-02 12:09:39,827 [03547a15-859a-45d6-b0ce-d12496de5dda@group-001D6A18E9CA-LeaderElection70] INFO  server.RaftServerConfigKeys (ConfUtils.java:logGet(43)) - raft.server.rpc.request.timeout = 3000ms (default)
2019-10-02 12:09:39,827 [03547a15-859a-45d6-b0ce-d12496de5dda@group-001D6A18E9CA-LeaderElection70] INFO  server.RaftServerConfigKeys (ConfUtils.java:logGet(43)) - raft.server.log.appender.install.snapshot.enabled = false (custom)
2019-10-02 12:09:39,828 [03547a15-859a-45d6-b0ce-d12496de5dda@group-001D6A18E9CA-LeaderElection70] INFO  server.RaftServerConfigKeys (ConfUtils.java:logGet(43)) - raft.server.log.appender.snapshot.chunk.size.max = 16MB (=16777216) (default)
2019-10-02 12:09:39,828 [03547a15-859a-45d6-b0ce-d12496de5dda@group-001D6A18E9CA-LeaderElection70] INFO  server.RaftServerConfigKeys (ConfUtils.java:logGet(43)) - raft.server.log.appender.buffer.byte-limit = 33554432 (custom)
2019-10-02 12:09:39,828 [03547a15-859a-45d6-b0ce-d12496de5dda@group-001D6A18E9CA-LeaderElection70] INFO  server.RaftServerConfigKeys (ConfUtils.java:logGet(43)) - raft.server.log.appender.buffer.element-limit = 1 (custom)
2019-10-02 12:09:39,828 [03547a15-859a-45d6-b0ce-d12496de5dda@group-001D6A18E9CA-LeaderElection70] INFO  grpc.GrpcConfigKeys$Server (ConfUtils.java:logGet(43)) - raft.grpc.server.leader.outstanding.appends.max = 128 (default)
2019-10-02 12:09:39,828 [03547a15-859a-45d6-b0ce-d12496de5dda@group-001D6A18E9CA-LeaderElection70] INFO  server.RaftServerConfigKeys (ConfUtils.java:logGet(43)) - raft.server.rpc.request.timeout = 3000ms (default)
2019-10-02 12:09:39,828 [03547a15-859a-45d6-b0ce-d12496de5dda@group-001D6A18E9CA-LeaderElection70] INFO  server.RaftServerConfigKeys (ConfUtils.java:logGet(43)) - raft.server.log.appender.install.snapshot.enabled = false (custom)
2019-10-02 12:09:39,828 [03547a15-859a-45d6-b0ce-d12496de5dda@group-001D6A18E9CA-LeaderElection70] INFO  impl.RoleInfo (RoleInfo.java:updateAndGet(143)) - 03547a15-859a-45d6-b0ce-d12496de5dda: start LeaderState
2019-10-02 12:09:39,828 [03547a15-859a-45d6-b0ce-d12496de5dda@group-001D6A18E9CA-LeaderElection70] INFO  segmented.SegmentedRaftLogWorker (SegmentedRaftLogWorker.java:startLogSegment(385)) - 03547a15-859a-45d6-b0ce-d12496de5dda@group-001D6A18E9CA-SegmentedRaftLogWorker: Starting segment from index:0
2019-10-02 12:09:39,829 [03547a15-859a-45d6-b0ce-d12496de5dda@group-001D6A18E9CA-LeaderElection70] INFO  impl.RaftServerImpl (ServerState.java:setRaftConf(356)) - 03547a15-859a-45d6-b0ce-d12496de5dda@group-001D6A18E9CA: set configuration 0: [951e34a4-428b-40d1-882b-e95786ef97f1:192.168.30.47:33549, 03547a15-859a-45d6-b0ce-d12496de5dda:192.168.30.47:43588, f33d517f-e42f-4acb-af98-039ff957946e:192.168.30.47:41104], old=null at 0
2019-10-02 12:09:39,830 [grpc-default-executor-2] INFO  impl.RaftServerImpl (ServerState.java:setLeader(255)) - f33d517f-e42f-4acb-af98-039ff957946e@group-001D6A18E9CA: change Leader from null to 03547a15-859a-45d6-b0ce-d12496de5dda at term 1 for appendEntries, leader elected after 5117ms
2019-10-02 12:09:39,862 [207ab1ec-2856-4677-9fa8-2ee545bd3e9e@group-546D5ABC192E-LeaderElection71] INFO  impl.LeaderElection (LeaderElection.java:askForVotes(178)) - 207ab1ec-2856-4677-9fa8-2ee545bd3e9e@group-546D5ABC192E-LeaderElection71: begin an election at term 1 for -1: [207ab1ec-2856-4677-9fa8-2ee545bd3e9e:192.168.30.47:40536, fdf94c36-46e8-42d3-bacb-d2f2ee6f832e:192.168.30.47:41567, cd5c7bdf-638b-4723-98ff-57cb3a80d125:192.168.30.47:36692], old=null
2019-10-02 12:09:39,862 [grpc-default-executor-9] INFO  impl.RaftServerImpl (ServerState.java:setLeader(255)) - 951e34a4-428b-40d1-882b-e95786ef97f1@group-001D6A18E9CA: change Leader from null to 03547a15-859a-45d6-b0ce-d12496de5dda at term 1 for appendEntries, leader elected after 5148ms
2019-10-02 12:09:39,863 [grpc-default-executor-9] INFO  impl.RaftServerImpl (ServerState.java:setRaftConf(356)) - f33d517f-e42f-4acb-af98-039ff957946e@group-001D6A18E9CA: set configuration 0: [951e34a4-428b-40d1-882b-e95786ef97f1:192.168.30.47:33549, 03547a15-859a-45d6-b0ce-d12496de5dda:192.168.30.47:43588, f33d517f-e42f-4acb-af98-039ff957946e:192.168.30.47:41104], old=null at 0
2019-10-02 12:09:39,863 [grpc-default-executor-9] INFO  segmented.SegmentedRaftLogWorker (SegmentedRaftLogWorker.java:startLogSegment(385)) - f33d517f-e42f-4acb-af98-039ff957946e@group-001D6A18E9CA-SegmentedRaftLogWorker: Starting segment from index:0
2019-10-02 12:09:39,864 [grpc-default-executor-9] INFO  impl.RaftServerImpl (ServerState.java:setRaftConf(356)) - 951e34a4-428b-40d1-882b-e95786ef97f1@group-001D6A18E9CA: set configuration 0: [951e34a4-428b-40d1-882b-e95786ef97f1:192.168.30.47:33549, 03547a15-859a-45d6-b0ce-d12496de5dda:192.168.30.47:43588, f33d517f-e42f-4acb-af98-039ff957946e:192.168.30.47:41104], old=null at 0
2019-10-02 12:09:39,864 [grpc-default-executor-9] INFO  segmented.SegmentedRaftLogWorker (SegmentedRaftLogWorker.java:startLogSegment(385)) - 951e34a4-428b-40d1-882b-e95786ef97f1@group-001D6A18E9CA-SegmentedRaftLogWorker: Starting segment from index:0
2019-10-02 12:09:39,900 [grpc-default-executor-9] INFO  impl.RaftServerImpl (RaftServerImpl.java:setRole(170)) - fdf94c36-46e8-42d3-bacb-d2f2ee6f832e@group-546D5ABC192E: changes role from  FOLLOWER to FOLLOWER at term 1 for recognizeCandidate:207ab1ec-2856-4677-9fa8-2ee545bd3e9e
2019-10-02 12:09:39,901 [grpc-default-executor-9] INFO  impl.RoleInfo (RoleInfo.java:shutdownFollowerState(121)) - fdf94c36-46e8-42d3-bacb-d2f2ee6f832e: shutdown FollowerState
2019-10-02 12:09:39,901 [03547a15-859a-45d6-b0ce-d12496de5dda@group-001D6A18E9CA-SegmentedRaftLogWorker] INFO  segmented.SegmentedRaftLogWorker (SegmentedRaftLogWorker.java:execute(574)) - 03547a15-859a-45d6-b0ce-d12496de5dda@group-001D6A18E9CA-SegmentedRaftLogWorker: created new log segment /workdir/hadoop-ozone/integration-test/target/test-dir/MiniOzoneClusterImpl-a1e414a2-928d-43cb-8cf0-dd5a5830e04c/datanode-0/data/ratis/77df1a2a-a8ae-4c51-9be2-001d6a18e9ca/current/log_inprogress_0
2019-10-02 12:09:39,901 [grpc-default-executor-9] INFO  impl.RoleInfo (RoleInfo.java:updateAndGet(143)) - fdf94c36-46e8-42d3-bacb-d2f2ee6f832e: start FollowerState
2019-10-02 12:09:39,904 [Thread-2357] INFO  impl.FollowerState (FollowerState.java:run(117)) - fdf94c36-46e8-42d3-bacb-d2f2ee6f832e@group-546D5ABC192E-FollowerState was interrupted: java.lang.InterruptedException: sleep interrupted
2019-10-02 12:09:39,904 [grpc-default-executor-2] INFO  impl.RaftServerImpl (RaftServerImpl.java:setRole(170)) - cd5c7bdf-638b-4723-98ff-57cb3a80d125@group-546D5ABC192E: changes role from  FOLLOWER to FOLLOWER at term 1 for recognizeCandidate:207ab1ec-2856-4677-9fa8-2ee545bd3e9e
2019-10-02 12:09:39,904 [grpc-default-executor-2] INFO  impl.RoleInfo (RoleInfo.java:shutdownFollowerState(121)) - cd5c7bdf-638b-4723-98ff-57cb3a80d125: shutdown FollowerState
2019-10-02 12:09:39,904 [grpc-default-executor-2] INFO  impl.RoleInfo (RoleInfo.java:updateAndGet(143)) - cd5c7bdf-638b-4723-98ff-57cb3a80d125: start FollowerState
2019-10-02 12:09:39,904 [Thread-2352] INFO  impl.FollowerState (FollowerState.java:run(117)) - cd5c7bdf-638b-4723-98ff-57cb3a80d125@group-546D5ABC192E-FollowerState was interrupted: java.lang.InterruptedException: sleep interrupted
2019-10-02 12:09:39,925 [f33d517f-e42f-4acb-af98-039ff957946e@group-001D6A18E9CA-SegmentedRaftLogWorker] INFO  segmented.SegmentedRaftLogWorker (SegmentedRaftLogWorker.java:execute(574)) - f33d517f-e42f-4acb-af98-039ff957946e@group-001D6A18E9CA-SegmentedRaftLogWorker: created new log segment /workdir/hadoop-ozone/integration-test/target/test-dir/MiniOzoneClusterImpl-a1e414a2-928d-43cb-8cf0-dd5a5830e04c/datanode-2/data/ratis/77df1a2a-a8ae-4c51-9be2-001d6a18e9ca/current/log_inprogress_0
2019-10-02 12:09:39,925 [951e34a4-428b-40d1-882b-e95786ef97f1@group-001D6A18E9CA-SegmentedRaftLogWorker] INFO  segmented.SegmentedRaftLogWorker (SegmentedRaftLogWorker.java:execute(574)) - 951e34a4-428b-40d1-882b-e95786ef97f1@group-001D6A18E9CA-SegmentedRaftLogWorker: created new log segment /workdir/hadoop-ozone/integration-test/target/test-dir/MiniOzoneClusterImpl-a1e414a2-928d-43cb-8cf0-dd5a5830e04c/datanode-4/data/ratis/77df1a2a-a8ae-4c51-9be2-001d6a18e9ca/current/log_inprogress_0
2019-10-02 12:09:39,926 [207ab1ec-2856-4677-9fa8-2ee545bd3e9e@group-546D5ABC192E-LeaderElection71] INFO  impl.LeaderElection (LeaderElection.java:logAndReturn(56)) - 207ab1ec-2856-4677-9fa8-2ee545bd3e9e@group-546D5ABC192E-LeaderElection71: Election PASSED; received 1 response(s) [207ab1ec-2856-4677-9fa8-2ee545bd3e9e<-cd5c7bdf-638b-4723-98ff-57cb3a80d125#0:OK-t1] and 0 exception(s); 207ab1ec-2856-4677-9fa8-2ee545bd3e9e@group-546D5ABC192E:t1, leader=null, voted=207ab1ec-2856-4677-9fa8-2ee545bd3e9e, raftlog=207ab1ec-2856-4677-9fa8-2ee545bd3e9e@group-546D5ABC192E-SegmentedRaftLog:OPENED:c-1,f-1,i0, conf=-1: [207ab1ec-2856-4677-9fa8-2ee545bd3e9e:192.168.30.47:40536, fdf94c36-46e8-42d3-bacb-d2f2ee6f832e:192.168.30.47:41567, cd5c7bdf-638b-4723-98ff-57cb3a80d125:192.168.30.47:36692], old=null
2019-10-02 12:09:39,926 [207ab1ec-2856-4677-9fa8-2ee545bd3e9e@group-546D5ABC192E-LeaderElection71] INFO  impl.RoleInfo (RoleInfo.java:shutdownLeaderElection(134)) - 207ab1ec-2856-4677-9fa8-2ee545bd3e9e: shutdown LeaderElection
2019-10-02 12:09:39,926 [207ab1ec-2856-4677-9fa8-2ee545bd3e9e@group-546D5ABC192E-LeaderElection71] INFO  impl.RaftServerImpl (RaftServerImpl.java:setRole(170)) - 207ab1ec-2856-4677-9fa8-2ee545bd3e9e@group-546D5ABC192E: changes role from CANDIDATE to LEADER at term 1 for changeToLeader
2019-10-02 12:09:39,926 [207ab1ec-2856-4677-9fa8-2ee545bd3e9e@group-546D5ABC192E-LeaderElection71] INFO  impl.RaftServerImpl (ServerState.java:setLeader(255)) - 207ab1ec-2856-4677-9fa8-2ee545bd3e9e@group-546D5ABC192E: change Leader from null to 207ab1ec-2856-4677-9fa8-2ee545bd3e9e at term 1 for becomeLeader, leader elected after 5131ms
2019-10-02 12:09:39,926 [207ab1ec-2856-4677-9fa8-2ee545bd3e9e@group-546D5ABC192E-LeaderElection71] INFO  server.RaftServerConfigKeys (ConfUtils.java:logGet(43)) - raft.server.staging.catchup.gap = 1000 (default)
2019-10-02 12:09:39,927 [207ab1ec-2856-4677-9fa8-2ee545bd3e9e@group-546D5ABC192E-LeaderElection71] INFO  server.RaftServerConfigKeys (ConfUtils.java:logGet(43)) - raft.server.rpc.sleep.time = 25ms (default)
2019-10-02 12:09:39,927 [207ab1ec-2856-4677-9fa8-2ee545bd3e9e@group-546D5ABC192E-LeaderElection71] INFO  server.RaftServerConfigKeys (ConfUtils.java:logGet(43)) - raft.server.write.element-limit = 4096 (default)
2019-10-02 12:09:39,927 [207ab1ec-2856-4677-9fa8-2ee545bd3e9e@group-546D5ABC192E-LeaderElection71] INFO  server.RaftServerConfigKeys (ConfUtils.java:logGet(43)) - raft.server.watch.timeout = 10s (default)
2019-10-02 12:09:39,927 [207ab1ec-2856-4677-9fa8-2ee545bd3e9e@group-546D5ABC192E-LeaderElection71] INFO  server.RaftServerConfigKeys (ConfUtils.java:logGet(43)) - raft.server.watch.timeout.denomination = 1s (default)
2019-10-02 12:09:39,927 [207ab1ec-2856-4677-9fa8-2ee545bd3e9e@group-546D5ABC192E-LeaderElection71] INFO  server.RaftServerConfigKeys (ConfUtils.java:logGet(43)) - raft.server.watch.element-limit = 65536 (default)
2019-10-02 12:09:39,929 [207ab1ec-2856-4677-9fa8-2ee545bd3e9e@group-546D5ABC192E-LeaderElection71] INFO  server.RaftServerConfigKeys (ConfUtils.java:logGet(43)) - raft.server.log.appender.snapshot.chunk.size.max = 16MB (=16777216) (default)
2019-10-02 12:09:39,929 [207ab1ec-2856-4677-9fa8-2ee545bd3e9e@group-546D5ABC192E-LeaderElection71] INFO  server.RaftServerConfigKeys (ConfUtils.java:logGet(43)) - raft.server.log.appender.buffer.byte-limit = 33554432 (custom)
2019-10-02 12:09:39,929 [207ab1ec-2856-4677-9fa8-2ee545bd3e9e@group-546D5ABC192E-LeaderElection71] INFO  server.RaftServerConfigKeys (ConfUtils.java:logGet(43)) - raft.server.log.appender.buffer.element-limit = 1 (custom)
2019-10-02 12:09:39,929 [207ab1ec-2856-4677-9fa8-2ee545bd3e9e@group-546D5ABC192E-LeaderElection71] INFO  grpc.GrpcConfigKeys$Server (ConfUtils.java:logGet(43)) - raft.grpc.server.leader.outstanding.appends.max = 128 (default)
2019-10-02 12:09:39,929 [207ab1ec-2856-4677-9fa8-2ee545bd3e9e@group-546D5ABC192E-LeaderElection71] INFO  server.RaftServerConfigKeys (ConfUtils.java:logGet(43)) - raft.server.rpc.request.timeout = 3000ms (default)
2019-10-02 12:09:39,930 [207ab1ec-2856-4677-9fa8-2ee545bd3e9e@group-546D5ABC192E-LeaderElection71] INFO  server.RaftServerConfigKeys (ConfUtils.java:logGet(43)) - raft.server.log.appender.install.snapshot.enabled = false (custom)
2019-10-02 12:09:39,930 [207ab1ec-2856-4677-9fa8-2ee545bd3e9e@group-546D5ABC192E-LeaderElection71] INFO  server.RaftServerConfigKeys (ConfUtils.java:logGet(43)) - raft.server.log.appender.snapshot.chunk.size.max = 16MB (=16777216) (default)
2019-10-02 12:09:39,930 [207ab1ec-2856-4677-9fa8-2ee545bd3e9e@group-546D5ABC192E-LeaderElection71] INFO  server.RaftServerConfigKeys (ConfUtils.java:logGet(43)) - raft.server.log.appender.buffer.byte-limit = 33554432 (custom)
2019-10-02 12:09:39,930 [207ab1ec-2856-4677-9fa8-2ee545bd3e9e@group-546D5ABC192E-LeaderElection71] INFO  server.RaftServerConfigKeys (ConfUtils.java:logGet(43)) - raft.server.log.appender.buffer.element-limit = 1 (custom)
2019-10-02 12:09:39,930 [207ab1ec-2856-4677-9fa8-2ee545bd3e9e@group-546D5ABC192E-LeaderElection71] INFO  grpc.GrpcConfigKeys$Server (ConfUtils.java:logGet(43)) - raft.grpc.server.leader.outstanding.appends.max = 128 (default)
2019-10-02 12:09:39,930 [207ab1ec-2856-4677-9fa8-2ee545bd3e9e@group-546D5ABC192E-LeaderElection71] INFO  server.RaftServerConfigKeys (ConfUtils.java:logGet(43)) - raft.server.rpc.request.timeout = 3000ms (default)
2019-10-02 12:09:39,930 [207ab1ec-2856-4677-9fa8-2ee545bd3e9e@group-546D5ABC192E-LeaderElection71] INFO  server.RaftServerConfigKeys (ConfUtils.java:logGet(43)) - raft.server.log.appender.install.snapshot.enabled = false (custom)
2019-10-02 12:09:39,930 [207ab1ec-2856-4677-9fa8-2ee545bd3e9e@group-546D5ABC192E-LeaderElection71] INFO  impl.RoleInfo (RoleInfo.java:updateAndGet(143)) - 207ab1ec-2856-4677-9fa8-2ee545bd3e9e: start LeaderState
2019-10-02 12:09:39,931 [207ab1ec-2856-4677-9fa8-2ee545bd3e9e@group-546D5ABC192E-LeaderElection71] INFO  segmented.SegmentedRaftLogWorker (SegmentedRaftLogWorker.java:startLogSegment(385)) - 207ab1ec-2856-4677-9fa8-2ee545bd3e9e@group-546D5ABC192E-SegmentedRaftLogWorker: Starting segment from index:0
2019-10-02 12:09:39,931 [207ab1ec-2856-4677-9fa8-2ee545bd3e9e@group-546D5ABC192E-LeaderElection71] INFO  impl.RaftServerImpl (ServerState.java:setRaftConf(356)) - 207ab1ec-2856-4677-9fa8-2ee545bd3e9e@group-546D5ABC192E: set configuration 0: [207ab1ec-2856-4677-9fa8-2ee545bd3e9e:192.168.30.47:40536, fdf94c36-46e8-42d3-bacb-d2f2ee6f832e:192.168.30.47:41567, cd5c7bdf-638b-4723-98ff-57cb3a80d125:192.168.30.47:36692], old=null at 0
2019-10-02 12:09:39,957 [grpc-default-executor-2] INFO  impl.RaftServerImpl (ServerState.java:setLeader(255)) - fdf94c36-46e8-42d3-bacb-d2f2ee6f832e@group-546D5ABC192E: change Leader from null to 207ab1ec-2856-4677-9fa8-2ee545bd3e9e at term 1 for appendEntries, leader elected after 5161ms
2019-10-02 12:09:39,960 [grpc-default-executor-2] INFO  impl.RaftServerImpl (ServerState.java:setLeader(255)) - cd5c7bdf-638b-4723-98ff-57cb3a80d125@group-546D5ABC192E: change Leader from null to 207ab1ec-2856-4677-9fa8-2ee545bd3e9e at term 1 for appendEntries, leader elected after 5164ms
2019-10-02 12:09:39,981 [grpc-default-executor-9] INFO  impl.RaftServerImpl (ServerState.java:setRaftConf(356)) - fdf94c36-46e8-42d3-bacb-d2f2ee6f832e@group-546D5ABC192E: set configuration 0: [207ab1ec-2856-4677-9fa8-2ee545bd3e9e:192.168.30.47:40536, fdf94c36-46e8-42d3-bacb-d2f2ee6f832e:192.168.30.47:41567, cd5c7bdf-638b-4723-98ff-57cb3a80d125:192.168.30.47:36692], old=null at 0
2019-10-02 12:09:39,981 [grpc-default-executor-3] INFO  impl.RaftServerImpl (ServerState.java:setRaftConf(356)) - cd5c7bdf-638b-4723-98ff-57cb3a80d125@group-546D5ABC192E: set configuration 0: [207ab1ec-2856-4677-9fa8-2ee545bd3e9e:192.168.30.47:40536, fdf94c36-46e8-42d3-bacb-d2f2ee6f832e:192.168.30.47:41567, cd5c7bdf-638b-4723-98ff-57cb3a80d125:192.168.30.47:36692], old=null at 0
2019-10-02 12:09:39,982 [grpc-default-executor-3] INFO  segmented.SegmentedRaftLogWorker (SegmentedRaftLogWorker.java:startLogSegment(385)) - cd5c7bdf-638b-4723-98ff-57cb3a80d125@group-546D5ABC192E-SegmentedRaftLogWorker: Starting segment from index:0
2019-10-02 12:09:39,981 [grpc-default-executor-9] INFO  segmented.SegmentedRaftLogWorker (SegmentedRaftLogWorker.java:startLogSegment(385)) - fdf94c36-46e8-42d3-bacb-d2f2ee6f832e@group-546D5ABC192E-SegmentedRaftLogWorker: Starting segment from index:0
2019-10-02 12:09:39,996 [207ab1ec-2856-4677-9fa8-2ee545bd3e9e@group-546D5ABC192E-SegmentedRaftLogWorker] INFO  segmented.SegmentedRaftLogWorker (SegmentedRaftLogWorker.java:execute(574)) - 207ab1ec-2856-4677-9fa8-2ee545bd3e9e@group-546D5ABC192E-SegmentedRaftLogWorker: created new log segment /workdir/hadoop-ozone/integration-test/target/test-dir/MiniOzoneClusterImpl-a1e414a2-928d-43cb-8cf0-dd5a5830e04c/datanode-3/data/ratis/6c6093bd-9a09-4649-8b15-546d5abc192e/current/log_inprogress_0
2019-10-02 12:09:40,025 [cd5c7bdf-638b-4723-98ff-57cb3a80d125@group-546D5ABC192E-SegmentedRaftLogWorker] INFO  segmented.SegmentedRaftLogWorker (SegmentedRaftLogWorker.java:execute(574)) - cd5c7bdf-638b-4723-98ff-57cb3a80d125@group-546D5ABC192E-SegmentedRaftLogWorker: created new log segment /workdir/hadoop-ozone/integration-test/target/test-dir/MiniOzoneClusterImpl-a1e414a2-928d-43cb-8cf0-dd5a5830e04c/datanode-6/data/ratis/6c6093bd-9a09-4649-8b15-546d5abc192e/current/log_inprogress_0
2019-10-02 12:09:40,025 [fdf94c36-46e8-42d3-bacb-d2f2ee6f832e@group-546D5ABC192E-SegmentedRaftLogWorker] INFO  segmented.SegmentedRaftLogWorker (SegmentedRaftLogWorker.java:execute(574)) - fdf94c36-46e8-42d3-bacb-d2f2ee6f832e@group-546D5ABC192E-SegmentedRaftLogWorker: created new log segment /workdir/hadoop-ozone/integration-test/target/test-dir/MiniOzoneClusterImpl-a1e414a2-928d-43cb-8cf0-dd5a5830e04c/datanode-5/data/ratis/6c6093bd-9a09-4649-8b15-546d5abc192e/current/log_inprogress_0
2019-10-02 12:09:40,175 [Datanode State Machine Thread - 0] INFO  statemachine.DatanodeStateMachine (DatanodeStateMachine.java:lambda$startDaemon$0(350)) - Ozone container server started.
2019-10-02 12:09:45,146 [main] INFO  ozoneimpl.OzoneContainer (OzoneContainer.java:stop(231)) - Attempting to stop container services.
2019-10-02 12:09:45,147 [main] INFO  impl.RaftServerProxy (RaftServerProxy.java:lambda$close$4(314)) - 951e34a4-428b-40d1-882b-e95786ef97f1: close
2019-10-02 12:09:45,147 [main] INFO  impl.RaftServerImpl (RaftServerImpl.java:lambda$shutdown$3(247)) - 951e34a4-428b-40d1-882b-e95786ef97f1@group-AB3AEDFCCC0A: shutdown
2019-10-02 12:09:45,148 [main] INFO  util.JmxRegister (JmxRegister.java:unregister(73)) - Successfully un-registered JMX Bean with object name Ratis:service=RaftServer,group=group-AB3AEDFCCC0A,id=951e34a4-428b-40d1-882b-e95786ef97f1
2019-10-02 12:09:45,148 [main] INFO  impl.RoleInfo (RoleInfo.java:shutdownLeaderState(104)) - 951e34a4-428b-40d1-882b-e95786ef97f1: shutdown LeaderState
2019-10-02 12:09:45,149 [main] INFO  impl.PendingRequests (PendingRequests.java:sendNotLeaderResponses(202)) - 951e34a4-428b-40d1-882b-e95786ef97f1@group-AB3AEDFCCC0A-PendingRequests: sendNotLeaderResponses
2019-10-02 12:09:45,149 [main] INFO  impl.StateMachineUpdater (StateMachineUpdater.java:stopAndJoin(136)) - 951e34a4-428b-40d1-882b-e95786ef97f1@group-AB3AEDFCCC0A-StateMachineUpdater: set stopIndex = 0
2019-10-02 12:09:45,150 [main] INFO  impl.RaftServerImpl (ServerState.java:close(387)) - 951e34a4-428b-40d1-882b-e95786ef97f1@group-AB3AEDFCCC0A: closes. applyIndex: 0
2019-10-02 12:09:45,151 [951e34a4-428b-40d1-882b-e95786ef97f1@group-AB3AEDFCCC0A-SegmentedRaftLogWorker] INFO  segmented.SegmentedRaftLogWorker (SegmentedRaftLogWorker.java:run(316)) - 951e34a4-428b-40d1-882b-e95786ef97f1@group-AB3AEDFCCC0A-SegmentedRaftLogWorker was interrupted, exiting. There are 0 tasks remaining in the queue.
2019-10-02 12:09:45,156 [main] INFO  segmented.SegmentedRaftLogWorker (SegmentedRaftLogWorker.java:close(224)) - 951e34a4-428b-40d1-882b-e95786ef97f1@group-AB3AEDFCCC0A-SegmentedRaftLogWorker close()
2019-10-02 12:09:45,160 [main] INFO  impl.RaftServerImpl (RaftServerImpl.java:lambda$shutdown$3(247)) - 951e34a4-428b-40d1-882b-e95786ef97f1@group-001D6A18E9CA: shutdown
2019-10-02 12:09:45,160 [main] INFO  util.JmxRegister (JmxRegister.java:unregister(73)) - Successfully un-registered JMX Bean with object name Ratis:service=RaftServer,group=group-001D6A18E9CA,id=951e34a4-428b-40d1-882b-e95786ef97f1
2019-10-02 12:09:45,161 [main] INFO  impl.RoleInfo (RoleInfo.java:shutdownFollowerState(121)) - 951e34a4-428b-40d1-882b-e95786ef97f1: shutdown FollowerState
2019-10-02 12:09:45,161 [main] INFO  impl.StateMachineUpdater (StateMachineUpdater.java:stopAndJoin(136)) - 951e34a4-428b-40d1-882b-e95786ef97f1@group-001D6A18E9CA-StateMachineUpdater: set stopIndex = 2
2019-10-02 12:09:45,161 [Thread-2390] INFO  impl.FollowerState (FollowerState.java:run(117)) - 951e34a4-428b-40d1-882b-e95786ef97f1@group-001D6A18E9CA-FollowerState was interrupted: java.lang.InterruptedException: sleep interrupted
2019-10-02 12:09:45,161 [951e34a4-428b-40d1-882b-e95786ef97f1@group-001D6A18E9CA-StateMachineUpdater] INFO  ratis.ContainerStateMachine (ContainerStateMachine.java:takeSnapshot(293)) - group-001D6A18E9CA: Taking a snapshot at:(t:1, i:1) file /workdir/hadoop-ozone/integration-test/target/test-dir/MiniOzoneClusterImpl-a1e414a2-928d-43cb-8cf0-dd5a5830e04c/datanode-4/data/ratis/77df1a2a-a8ae-4c51-9be2-001d6a18e9ca/sm/snapshot.1_1
2019-10-02 12:09:45,203 [951e34a4-428b-40d1-882b-e95786ef97f1@group-001D6A18E9CA-StateMachineUpdater] INFO  ratis.ContainerStateMachine (ContainerStateMachine.java:takeSnapshot(304)) - group-001D6A18E9CA: Finished taking a snapshot at:(t:1, i:1) file:/workdir/hadoop-ozone/integration-test/target/test-dir/MiniOzoneClusterImpl-a1e414a2-928d-43cb-8cf0-dd5a5830e04c/datanode-4/data/ratis/77df1a2a-a8ae-4c51-9be2-001d6a18e9ca/sm/snapshot.1_1 time:42
2019-10-02 12:09:45,204 [951e34a4-428b-40d1-882b-e95786ef97f1@group-001D6A18E9CA-StateMachineUpdater] INFO  impl.StateMachineUpdater (StateMachineUpdater.java:takeSnapshot(269)) - 951e34a4-428b-40d1-882b-e95786ef97f1@group-001D6A18E9CA-StateMachineUpdater: Took a snapshot at index 1
2019-10-02 12:09:45,204 [951e34a4-428b-40d1-882b-e95786ef97f1@group-001D6A18E9CA-StateMachineUpdater] INFO  impl.StateMachineUpdater (StateMachineUpdater.java:lambda$new$0(84)) - 951e34a4-428b-40d1-882b-e95786ef97f1@group-001D6A18E9CA-StateMachineUpdater: snapshotIndex: updateIncreasingly -1 -> 1
2019-10-02 12:09:45,204 [951e34a4-428b-40d1-882b-e95786ef97f1@group-001D6A18E9CA-StateMachineUpdater] INFO  ratis.ContainerStateMachine (ContainerStateMachine.java:takeSnapshot(293)) - group-001D6A18E9CA: Taking a snapshot at:(t:1, i:1) file /workdir/hadoop-ozone/integration-test/target/test-dir/MiniOzoneClusterImpl-a1e414a2-928d-43cb-8cf0-dd5a5830e04c/datanode-4/data/ratis/77df1a2a-a8ae-4c51-9be2-001d6a18e9ca/sm/snapshot.1_1
2019-10-02 12:09:45,228 [951e34a4-428b-40d1-882b-e95786ef97f1@group-001D6A18E9CA-StateMachineUpdater] INFO  ratis.ContainerStateMachine (ContainerStateMachine.java:takeSnapshot(304)) - group-001D6A18E9CA: Finished taking a snapshot at:(t:1, i:1) file:/workdir/hadoop-ozone/integration-test/target/test-dir/MiniOzoneClusterImpl-a1e414a2-928d-43cb-8cf0-dd5a5830e04c/datanode-4/data/ratis/77df1a2a-a8ae-4c51-9be2-001d6a18e9ca/sm/snapshot.1_1 time:24
2019-10-02 12:09:45,229 [951e34a4-428b-40d1-882b-e95786ef97f1@group-001D6A18E9CA-StateMachineUpdater] INFO  impl.StateMachineUpdater (StateMachineUpdater.java:takeSnapshot(269)) - 951e34a4-428b-40d1-882b-e95786ef97f1@group-001D6A18E9CA-StateMachineUpdater: Took a snapshot at index 1
2019-10-02 12:09:45,229 [951e34a4-428b-40d1-882b-e95786ef97f1@group-001D6A18E9CA-StateMachineUpdater] INFO  impl.StateMachineUpdater (StateMachineUpdater.java:lambda$new$0(84)) - 951e34a4-428b-40d1-882b-e95786ef97f1@group-001D6A18E9CA-StateMachineUpdater: snapshotIndex: updateIncreasingly 1 -> 1
2019-10-02 12:09:45,229 [main] INFO  impl.RaftServerImpl (ServerState.java:close(387)) - 951e34a4-428b-40d1-882b-e95786ef97f1@group-001D6A18E9CA: closes. applyIndex: 2
2019-10-02 12:09:45,230 [951e34a4-428b-40d1-882b-e95786ef97f1@group-001D6A18E9CA-SegmentedRaftLogWorker] INFO  segmented.SegmentedRaftLogWorker (SegmentedRaftLogWorker.java:run(316)) - 951e34a4-428b-40d1-882b-e95786ef97f1@group-001D6A18E9CA-SegmentedRaftLogWorker was interrupted, exiting. There are 0 tasks remaining in the queue.
2019-10-02 12:09:45,233 [main] INFO  segmented.SegmentedRaftLogWorker (SegmentedRaftLogWorker.java:close(224)) - 951e34a4-428b-40d1-882b-e95786ef97f1@group-001D6A18E9CA-SegmentedRaftLogWorker close()
2019-10-02 12:09:45,237 [main] INFO  server.GrpcService (GrpcService.java:closeImpl(164)) - 951e34a4-428b-40d1-882b-e95786ef97f1: shutdown server with port 33549 now
2019-10-02 12:09:45,239 [grpc-default-executor-3] WARN  server.GrpcServerProtocolService (LogUtils.java:warn(134)) - 951e34a4-428b-40d1-882b-e95786ef97f1: installSnapshot onError, lastRequest: 03547a15-859a-45d6-b0ce-d12496de5dda->951e34a4-428b-40d1-882b-e95786ef97f1#5-t1, previous=(t:1, i:2), leaderCommit=2, initializing? false, entries: <empty>: org.apache.ratis.thirdparty.io.grpc.StatusRuntimeException: CANCELLED: cancelled before receiving half close
2019-10-02 12:09:45,239 [main] INFO  server.GrpcService (GrpcService.java:closeImpl(172)) - 951e34a4-428b-40d1-882b-e95786ef97f1: shutdown server with port 33549 successfully
2019-10-02 12:09:45,239 [grpc-default-executor-8] WARN  server.GrpcLogAppender (LogUtils.java:warn(134)) - 03547a15-859a-45d6-b0ce-d12496de5dda@group-001D6A18E9CA->951e34a4-428b-40d1-882b-e95786ef97f1-AppendLogResponseHandler: Failed appendEntries: org.apache.ratis.thirdparty.io.grpc.StatusRuntimeException: CANCELLED: HTTP/2 error code: CANCEL
Received Rst Stream
2019-10-02 12:09:45,240 [grpc-default-executor-8] INFO  impl.FollowerInfo (FollowerInfo.java:lambda$new$0(51)) - 03547a15-859a-45d6-b0ce-d12496de5dda@group-001D6A18E9CA->951e34a4-428b-40d1-882b-e95786ef97f1: nextIndex: updateUnconditionally 3 -> 2
2019-10-02 12:09:45,242 [refreshUsed-/workdir/hadoop-ozone/integration-test/target/test-dir/MiniOzoneClusterImpl-a1e414a2-928d-43cb-8cf0-dd5a5830e04c/datanode-4/data/containers] WARN  fs.CachingGetSpaceUsed (CachingGetSpaceUsed.java:run(183)) - Thread Interrupted waiting to refresh disk information: sleep interrupted
2019-10-02 12:09:45,257 [main] INFO  utils.BackgroundService (BackgroundService.java:shutdown(148)) - Shutting down service BlockDeletingService
2019-10-02 12:09:45,264 [main] INFO  statemachine.DatanodeStateMachine (DatanodeStateMachine.java:stopDaemon(395)) - Ozone container server stopped.
2019-10-02 12:09:45,266 [main] INFO  handler.ContextHandler (ContextHandler.java:doStop(910)) - Stopped o.e.j.w.WebAppContext@6ac45c0c{/,null,UNAVAILABLE}{/hddsDatanode}
2019-10-02 12:09:45,266 [main] INFO  server.AbstractConnector (AbstractConnector.java:doStop(318)) - Stopped ServerConnector@12192604{HTTP/1.1,[http/1.1]}{0.0.0.0:0}
2019-10-02 12:09:45,266 [main] INFO  handler.ContextHandler (ContextHandler.java:doStop(910)) - Stopped o.e.j.s.ServletContextHandler@64f4f12{/static,jar:file:/home/user/.m2/repository/org/apache/hadoop/hadoop-hdds-container-service/0.5.0-SNAPSHOT/hadoop-hdds-container-service-0.5.0-SNAPSHOT.jar!/webapps/static,UNAVAILABLE}
2019-10-02 12:09:45,267 [main] INFO  handler.ContextHandler (ContextHandler.java:doStop(910)) - Stopped o.e.j.s.ServletContextHandler@599f1b7{/logs,file:///workdir/hadoop-ozone/integration-test/target/log,UNAVAILABLE}
2019-10-02 12:09:45,273 [grpc-default-executor-9] WARN  server.GrpcLogAppender (LogUtils.java:warn(134)) - 03547a15-859a-45d6-b0ce-d12496de5dda@group-001D6A18E9CA->951e34a4-428b-40d1-882b-e95786ef97f1-AppendLogResponseHandler: Failed appendEntries: org.apache.ratis.thirdparty.io.grpc.StatusRuntimeException: UNAVAILABLE: io exception
2019-10-02 12:09:45,273 [grpc-default-executor-9] INFO  impl.FollowerInfo (FollowerInfo.java:lambda$new$0(51)) - 03547a15-859a-45d6-b0ce-d12496de5dda@group-001D6A18E9CA->951e34a4-428b-40d1-882b-e95786ef97f1: nextIndex: updateUnconditionally 3 -> 2
2019-10-02 12:09:45,288 [grpc-default-executor-8] WARN  server.GrpcLogAppender (LogUtils.java:warn(134)) - 03547a15-859a-45d6-b0ce-d12496de5dda@group-001D6A18E9CA->951e34a4-428b-40d1-882b-e95786ef97f1-AppendLogResponseHandler: Failed appendEntries: org.apache.ratis.thirdparty.io.grpc.StatusRuntimeException: UNAVAILABLE: io exception
2019-10-02 12:09:45,288 [grpc-default-executor-8] INFO  impl.FollowerInfo (FollowerInfo.java:lambda$new$0(51)) - 03547a15-859a-45d6-b0ce-d12496de5dda@group-001D6A18E9CA->951e34a4-428b-40d1-882b-e95786ef97f1: nextIndex: updateUnconditionally 3 -> 2
2019-10-02 12:09:45,300 [grpc-default-executor-8] WARN  server.GrpcLogAppender (LogUtils.java:warn(134)) - 03547a15-859a-45d6-b0ce-d12496de5dda@group-001D6A18E9CA->951e34a4-428b-40d1-882b-e95786ef97f1-AppendLogResponseHandler: Failed appendEntries: org.apache.ratis.thirdparty.io.grpc.StatusRuntimeException: UNAVAILABLE: io exception
2019-10-02 12:09:45,300 [grpc-default-executor-8] INFO  impl.FollowerInfo (FollowerInfo.java:lambda$new$0(51)) - 03547a15-859a-45d6-b0ce-d12496de5dda@group-001D6A18E9CA->951e34a4-428b-40d1-882b-e95786ef97f1: nextIndex: updateUnconditionally 3 -> 2
2019-10-02 12:09:45,314 [EventQueue-IncrementalContainerReportForIncrementalContainerReportHandler] WARN  container.IncrementalContainerReportHandler (AbstractContainerReportHandler.java:updateContainerState(143)) - Container #1 is in OPEN state, but the datanode 03547a15-859a-45d6-b0ce-d12496de5dda{ip: 192.168.30.47, host: pr-hdds-2231-nwbjw-3761139207, networkLocation: /default-rack, certSerialId: null} reports an CLOSING replica.
2019-10-02 12:09:45,330 [EventQueue-IncrementalContainerReportForIncrementalContainerReportHandler] WARN  container.IncrementalContainerReportHandler (AbstractContainerReportHandler.java:updateContainerState(143)) - Container #1 is in OPEN state, but the datanode f33d517f-e42f-4acb-af98-039ff957946e{ip: 192.168.30.47, host: pr-hdds-2231-nwbjw-3761139207, networkLocation: /default-rack, certSerialId: null} reports an CLOSING replica.
2019-10-02 12:09:45,415 [RatisApplyTransactionExecutor 1] INFO  interfaces.Container (KeyValueContainer.java:flushAndSyncDB(386)) - Container 1 is synced with bcsId 0.
2019-10-02 12:09:45,498 [RatisApplyTransactionExecutor 1] INFO  interfaces.Container (KeyValueContainer.java:flushAndSyncDB(386)) - Container 1 is synced with bcsId 0.
2019-10-02 12:09:45,509 [RatisApplyTransactionExecutor 1] INFO  interfaces.Container (KeyValueContainer.java:flushAndSyncDB(386)) - Container 1 is synced with bcsId 0.
2019-10-02 12:09:45,509 [RatisApplyTransactionExecutor 1] INFO  interfaces.Container (KeyValueContainer.java:flushAndSyncDB(386)) - Container 1 is synced with bcsId 0.
2019-10-02 12:09:45,533 [RatisApplyTransactionExecutor 1] INFO  interfaces.Container (KeyValueContainer.java:close(335)) - Container 1 is closed with bcsId 0.
2019-10-02 12:09:45,533 [RatisApplyTransactionExecutor 1] INFO  interfaces.Container (KeyValueContainer.java:close(335)) - Container 1 is closed with bcsId 0.
2019-10-02 12:09:45,540 [EventQueue-IncrementalContainerReportForIncrementalContainerReportHandler] WARN  container.IncrementalContainerReportHandler (AbstractContainerReportHandler.java:updateContainerState(143)) - Container #1 is in OPEN state, but the datanode 03547a15-859a-45d6-b0ce-d12496de5dda{ip: 192.168.30.47, host: pr-hdds-2231-nwbjw-3761139207, networkLocation: /default-rack, certSerialId: null} reports an CLOSED replica.
2019-10-02 12:09:45,540 [EventQueue-IncrementalContainerReportForIncrementalContainerReportHandler] WARN  container.IncrementalContainerReportHandler (AbstractContainerReportHandler.java:updateContainerState(143)) - Container #1 is in OPEN state, but the datanode f33d517f-e42f-4acb-af98-039ff957946e{ip: 192.168.30.47, host: pr-hdds-2231-nwbjw-3761139207, networkLocation: /default-rack, certSerialId: null} reports an CLOSED replica.
2019-10-02 12:09:47,800 [grpc-default-executor-9] WARN  server.GrpcLogAppender (LogUtils.java:warn(134)) - 03547a15-859a-45d6-b0ce-d12496de5dda@group-001D6A18E9CA->951e34a4-428b-40d1-882b-e95786ef97f1-AppendLogResponseHandler: Failed appendEntries: org.apache.ratis.thirdparty.io.grpc.StatusRuntimeException: UNAVAILABLE: io exception
2019-10-02 12:09:47,801 [grpc-default-executor-9] INFO  impl.FollowerInfo (FollowerInfo.java:lambda$new$0(51)) - 03547a15-859a-45d6-b0ce-d12496de5dda@group-001D6A18E9CA->951e34a4-428b-40d1-882b-e95786ef97f1: nextIndex: updateUnconditionally 2 -> 1
2019-10-02 12:09:48,555 [main] WARN  scm.XceiverClientRatis (XceiverClientRatis.java:watchForCommit(292)) - 3 way commit failed on pipeline Pipeline[ Id: 77df1a2a-a8ae-4c51-9be2-001d6a18e9ca, Nodes: 951e34a4-428b-40d1-882b-e95786ef97f1{ip: 192.168.30.47, host: pr-hdds-2231-nwbjw-3761139207, networkLocation: /default-rack, certSerialId: null}03547a15-859a-45d6-b0ce-d12496de5dda{ip: 192.168.30.47, host: pr-hdds-2231-nwbjw-3761139207, networkLocation: /default-rack, certSerialId: null}f33d517f-e42f-4acb-af98-039ff957946e{ip: 192.168.30.47, host: pr-hdds-2231-nwbjw-3761139207, networkLocation: /default-rack, certSerialId: null}, Type:RATIS, Factor:THREE, State:OPEN]
java.util.concurrent.TimeoutException
	at java.util.concurrent.CompletableFuture.timedGet(CompletableFuture.java:1771)
	at java.util.concurrent.CompletableFuture.get(CompletableFuture.java:1915)
	at org.apache.hadoop.hdds.scm.XceiverClientRatis.watchForCommit(XceiverClientRatis.java:289)
	at org.apache.hadoop.ozone.client.rpc.TestWatchForCommit.test2WayCommitForTimeoutException(TestWatchForCommit.java:391)
	at sun.reflect.NativeMethodAccessorImpl.invoke0(Native Method)
	at sun.reflect.NativeMethodAccessorImpl.invoke(NativeMethodAccessorImpl.java:62)
	at sun.reflect.DelegatingMethodAccessorImpl.invoke(DelegatingMethodAccessorImpl.java:43)
	at java.lang.reflect.Method.invoke(Method.java:498)
	at org.junit.runners.model.FrameworkMethod$1.runReflectiveCall(FrameworkMethod.java:47)
	at org.junit.internal.runners.model.ReflectiveCallable.run(ReflectiveCallable.java:12)
	at org.junit.runners.model.FrameworkMethod.invokeExplosively(FrameworkMethod.java:44)
	at org.junit.internal.runners.statements.InvokeMethod.evaluate(InvokeMethod.java:17)
	at org.junit.runners.ParentRunner.runLeaf(ParentRunner.java:271)
	at org.junit.runners.BlockJUnit4ClassRunner.runChild(BlockJUnit4ClassRunner.java:70)
	at org.junit.runners.BlockJUnit4ClassRunner.runChild(BlockJUnit4ClassRunner.java:50)
	at org.junit.runners.ParentRunner$3.run(ParentRunner.java:238)
	at org.junit.runners.ParentRunner$1.schedule(ParentRunner.java:63)
	at org.junit.runners.ParentRunner.runChildren(ParentRunner.java:236)
	at org.junit.runners.ParentRunner.access$000(ParentRunner.java:53)
	at org.junit.runners.ParentRunner$2.evaluate(ParentRunner.java:229)
	at org.junit.runners.ParentRunner.run(ParentRunner.java:309)
	at org.apache.maven.surefire.junit4.JUnit4Provider.execute(JUnit4Provider.java:365)
	at org.apache.maven.surefire.junit4.JUnit4Provider.executeWithRerun(JUnit4Provider.java:273)
	at org.apache.maven.surefire.junit4.JUnit4Provider.executeTestSet(JUnit4Provider.java:238)
	at org.apache.maven.surefire.junit4.JUnit4Provider.invoke(JUnit4Provider.java:159)
	at org.apache.maven.surefire.booter.ForkedBooter.invokeProviderInSameClassLoader(ForkedBooter.java:384)
	at org.apache.maven.surefire.booter.ForkedBooter.runSuitesInProcess(ForkedBooter.java:345)
	at org.apache.maven.surefire.booter.ForkedBooter.execute(ForkedBooter.java:126)
	at org.apache.maven.surefire.booter.ForkedBooter.main(ForkedBooter.java:418)
2019-10-02 12:09:48,565 [Thread-2443] INFO  client.GrpcClientProtocolService (GrpcClientProtocolService.java:lambda$processClientRequest$0(278)) - Failed RaftClientRequest:client-681CFA155C6B->f33d517f-e42f-4acb-af98-039ff957946e@group-001D6A18E9CA, cid=106, seq=0, Watch-MAJORITY_COMMITTED(3), Message:<EMPTY>, reply=RaftClientReply:client-681CFA155C6B->f33d517f-e42f-4acb-af98-039ff957946e@group-001D6A18E9CA, cid=106, FAILED org.apache.ratis.protocol.NotLeaderException: Server f33d517f-e42f-4acb-af98-039ff957946e@group-001D6A18E9CA is not the leader 03547a15-859a-45d6-b0ce-d12496de5dda:192.168.30.47:43588, logIndex=0, commits[f33d517f-e42f-4acb-af98-039ff957946e:c4, 951e34a4-428b-40d1-882b-e95786ef97f1:c2, 03547a15-859a-45d6-b0ce-d12496de5dda:c4]
2019-10-02 12:09:50,304 [grpc-default-executor-9] WARN  server.GrpcLogAppender (LogUtils.java:warn(134)) - 03547a15-859a-45d6-b0ce-d12496de5dda@group-001D6A18E9CA->951e34a4-428b-40d1-882b-e95786ef97f1-AppendLogResponseHandler: Failed appendEntries: org.apache.ratis.thirdparty.io.grpc.StatusRuntimeException: UNAVAILABLE: io exception
2019-10-02 12:09:50,307 [grpc-default-executor-9] INFO  impl.FollowerInfo (FollowerInfo.java:lambda$new$0(51)) - 03547a15-859a-45d6-b0ce-d12496de5dda@group-001D6A18E9CA->951e34a4-428b-40d1-882b-e95786ef97f1: nextIndex: updateUnconditionally 1 -> 0
]]></system-out>
    <system-err><![CDATA[Oct 02, 2019 12:09:45 PM org.apache.ratis.thirdparty.io.grpc.internal.SerializingExecutor run
SEVERE: Exception while executing runnable org.apache.ratis.thirdparty.io.grpc.internal.ServerImpl$JumpToApplicationThreadServerStreamListener$1Closed@5f94a399
org.apache.ratis.thirdparty.io.grpc.StatusRuntimeException: CANCELLED: call already cancelled
	at org.apache.ratis.thirdparty.io.grpc.Status.asRuntimeException(Status.java:517)
	at org.apache.ratis.thirdparty.io.grpc.stub.ServerCalls$ServerCallStreamObserverImpl.onCompleted(ServerCalls.java:356)
	at org.apache.ratis.grpc.server.GrpcServerProtocolService$ServerRequestStreamObserver.onError(GrpcServerProtocolService.java:121)
	at org.apache.ratis.thirdparty.io.grpc.stub.ServerCalls$StreamingServerCallHandler$StreamingServerCallListener.onCancel(ServerCalls.java:269)
	at org.apache.ratis.thirdparty.io.grpc.internal.ServerCallImpl$ServerStreamListenerImpl.closed(ServerCallImpl.java:293)
	at org.apache.ratis.thirdparty.io.grpc.internal.ServerImpl$JumpToApplicationThreadServerStreamListener$1Closed.runInContext(ServerImpl.java:741)
	at org.apache.ratis.thirdparty.io.grpc.internal.ContextRunnable.run(ContextRunnable.java:37)
	at org.apache.ratis.thirdparty.io.grpc.internal.SerializingExecutor.run(SerializingExecutor.java:123)
	at java.util.concurrent.ThreadPoolExecutor.runWorker(ThreadPoolExecutor.java:1149)
	at java.util.concurrent.ThreadPoolExecutor$Worker.run(ThreadPoolExecutor.java:624)
	at java.lang.Thread.run(Thread.java:748)

]]></system-err>
  </testcase>
</testsuite>