<?xml version="1.0" encoding="UTF-8"?>
<testsuite xmlns:xsi="http://www.w3.org/2001/XMLSchema-instance" xsi:noNamespaceSchemaLocation="https://maven.apache.org/surefire/maven-surefire-plugin/xsd/surefire-test-report.xsd" name="org.apache.hadoop.ozone.freon.TestDataValidateWithDummyContainers" time="35.267" tests="3" errors="1" skipped="0" failures="0">
  <properties>
    <property name="awt.toolkit" value="sun.awt.X11.XToolkit"/>
    <property name="file.encoding.pkg" value="sun.io"/>
    <property name="java.specification.version" value="1.8"/>
    <property name="sun.cpu.isalist" value=""/>
    <property name="sun.jnu.encoding" value="UTF-8"/>
    <property name="java.class.path" value="/workdir/hadoop-ozone/tools/target/test-classes:/workdir/hadoop-ozone/tools/target/classes:/home/user/.m2/repository/org/apache/hadoop/hadoop-ozone-ozone-manager/0.5.0-SNAPSHOT/hadoop-ozone-ozone-manager-0.5.0-SNAPSHOT.jar:/home/user/.m2/repository/org/apache/hadoop/hadoop-hdds-docs/0.5.0-SNAPSHOT/hadoop-hdds-docs-0.5.0-SNAPSHOT.jar:/home/user/.m2/repository/org/bouncycastle/bcprov-jdk15on/1.60/bcprov-jdk15on-1.60.jar:/home/user/.m2/repository/org/apache/hadoop/hadoop-ozone-common/0.5.0-SNAPSHOT/hadoop-ozone-common-0.5.0-SNAPSHOT.jar:/home/user/.m2/repository/org/apache/commons/commons-compress/1.4.1/commons-compress-1.4.1.jar:/home/user/.m2/repository/org/tukaani/xz/1.0/xz-1.0.jar:/home/user/.m2/repository/org/apache/hadoop/hadoop-hdfs-client/3.2.0/hadoop-hdfs-client-3.2.0.jar:/home/user/.m2/repository/com/fasterxml/jackson/core/jackson-annotations/2.9.9/jackson-annotations-2.9.9.jar:/home/user/.m2/repository/org/apache/hadoop/hadoop-hdds-common/0.5.0-SNAPSHOT/hadoop-hdds-common-0.5.0-SNAPSHOT.jar:/home/user/.m2/repository/org/apache/hadoop/hadoop-hdds-config/0.5.0-SNAPSHOT/hadoop-hdds-config-0.5.0-SNAPSHOT.jar:/home/user/.m2/repository/javax/annotation/javax.annotation-api/1.2/javax.annotation-api-1.2.jar:/home/user/.m2/repository/org/apache/ratis/ratis-server/0.4.0/ratis-server-0.4.0.jar:/home/user/.m2/repository/org/apache/ratis/ratis-thirdparty-misc/0.2.0/ratis-thirdparty-misc-0.2.0.jar:/home/user/.m2/repository/org/apache/ratis/ratis-proto/0.4.0/ratis-proto-0.4.0.jar:/home/user/.m2/repository/org/apache/ratis/ratis-common/0.4.0/ratis-common-0.4.0.jar:/home/user/.m2/repository/org/apache/ratis/ratis-client/0.4.0/ratis-client-0.4.0.jar:/home/user/.m2/repository/org/apache/ratis/ratis-metrics/0.4.0/ratis-metrics-0.4.0.jar:/home/user/.m2/repository/com/github/joshelser/dropwizard-metrics-hadoop-metrics2-reporter/0.1.2/dropwizard-metrics-hadoop-metrics2-reporter-0.1.2.jar:/home/user/.m2/repository/io/dropwizard/metrics/metrics-jvm/3.2.5/metrics-jvm-3.2.5.jar:/home/user/.m2/repository/io/dropwizard/metrics/metrics-ganglia/3.2.5/metrics-ganglia-3.2.5.jar:/home/user/.m2/repository/info/ganglia/gmetric4j/gmetric4j/1.0.7/gmetric4j-1.0.7.jar:/home/user/.m2/repository/org/apache/ratis/ratis-netty/0.4.0/ratis-netty-0.4.0.jar:/home/user/.m2/repository/org/apache/ratis/ratis-grpc/0.4.0/ratis-grpc-0.4.0.jar:/home/user/.m2/repository/org/rocksdb/rocksdbjni/6.0.1/rocksdbjni-6.0.1.jar:/home/user/.m2/repository/org/apache/logging/log4j/log4j-api/2.11.0/log4j-api-2.11.0.jar:/home/user/.m2/repository/org/apache/logging/log4j/log4j-core/2.11.0/log4j-core-2.11.0.jar:/home/user/.m2/repository/com/lmax/disruptor/3.4.2/disruptor-3.4.2.jar:/home/user/.m2/repository/org/apache/commons/commons-pool2/2.6.0/commons-pool2-2.6.0.jar:/home/user/.m2/repository/org/bouncycastle/bcpkix-jdk15on/1.60/bcpkix-jdk15on-1.60.jar:/home/user/.m2/repository/commons-validator/commons-validator/1.6/commons-validator-1.6.jar:/home/user/.m2/repository/commons-digester/commons-digester/1.8.1/commons-digester-1.8.1.jar:/home/user/.m2/repository/io/jaegertracing/jaeger-client/0.34.0/jaeger-client-0.34.0.jar:/home/user/.m2/repository/io/jaegertracing/jaeger-thrift/0.34.0/jaeger-thrift-0.34.0.jar:/home/user/.m2/repository/org/apache/thrift/libthrift/0.12.0/libthrift-0.12.0.jar:/home/user/.m2/repository/com/squareup/okhttp3/okhttp/3.9.0/okhttp-3.9.0.jar:/home/user/.m2/repository/com/squareup/okio/okio/1.13.0/okio-1.13.0.jar:/home/user/.m2/repository/io/jaegertracing/jaeger-core/0.34.0/jaeger-core-0.34.0.jar:/home/user/.m2/repository/io/jaegertracing/jaeger-tracerresolver/0.34.0/jaeger-tracerresolver-0.34.0.jar:/home/user/.m2/repository/io/opentracing/contrib/opentracing-tracerresolver/0.1.5/opentracing-tracerresolver-0.1.5.jar:/home/user/.m2/repository/io/opentracing/opentracing-util/0.31.0/opentracing-util-0.31.0.jar:/home/user/.m2/repository/io/opentracing/opentracing-api/0.31.0/opentracing-api-0.31.0.jar:/home/user/.m2/repository/io/opentracing/opentracing-noop/0.31.0/opentracing-noop-0.31.0.jar:/home/user/.m2/repository/org/yaml/snakeyaml/1.16/snakeyaml-1.16.jar:/home/user/.m2/repository/org/apache/hadoop/hadoop-hdds-container-service/0.5.0-SNAPSHOT/hadoop-hdds-container-service-0.5.0-SNAPSHOT.jar:/home/user/.m2/repository/org/apache/hadoop/hadoop-hdds-client/0.5.0-SNAPSHOT/hadoop-hdds-client-0.5.0-SNAPSHOT.jar:/home/user/.m2/repository/org/apache/hadoop/hadoop-hdds-tools/0.5.0-SNAPSHOT/hadoop-hdds-tools-0.5.0-SNAPSHOT.jar:/home/user/.m2/repository/org/xerial/sqlite-jdbc/3.25.2/sqlite-jdbc-3.25.2.jar:/home/user/.m2/repository/org/apache/hadoop/hadoop-hdds-server-scm/0.5.0-SNAPSHOT/hadoop-hdds-server-scm-0.5.0-SNAPSHOT.jar:/home/user/.m2/repository/org/hamcrest/hamcrest-all/1.3/hamcrest-all-1.3.jar:/home/user/.m2/repository/info/picocli/picocli/3.9.6/picocli-3.9.6.jar:/home/user/.m2/repository/com/google/protobuf/protobuf-java/2.5.0/protobuf-java-2.5.0.jar:/home/user/.m2/repository/com/google/guava/guava/11.0.2/guava-11.0.2.jar:/home/user/.m2/repository/org/apache/hadoop/hadoop-ozone-client/0.5.0-SNAPSHOT/hadoop-ozone-client-0.5.0-SNAPSHOT.jar:/workdir/hadoop-ozone/ozonefs/target/classes:/home/user/.m2/repository/org/apache/hadoop/hadoop-hdds-server-framework/0.5.0-SNAPSHOT/hadoop-hdds-server-framework-0.5.0-SNAPSHOT.jar:/home/user/.m2/repository/org/apache/hadoop/hadoop-common/3.2.0/hadoop-common-3.2.0.jar:/home/user/.m2/repository/org/apache/hadoop/hadoop-annotations/3.2.0/hadoop-annotations-3.2.0.jar:/usr/lib/jvm/java-1.8-openjdk/jre/../lib/tools.jar:/home/user/.m2/repository/commons-cli/commons-cli/1.2/commons-cli-1.2.jar:/home/user/.m2/repository/org/apache/commons/commons-math3/3.1.1/commons-math3-3.1.1.jar:/home/user/.m2/repository/org/apache/httpcomponents/httpclient/4.5.2/httpclient-4.5.2.jar:/home/user/.m2/repository/org/apache/httpcomponents/httpcore/4.4.4/httpcore-4.4.4.jar:/home/user/.m2/repository/commons-codec/commons-codec/1.11/commons-codec-1.11.jar:/home/user/.m2/repository/commons-io/commons-io/2.5/commons-io-2.5.jar:/home/user/.m2/repository/commons-net/commons-net/3.6/commons-net-3.6.jar:/home/user/.m2/repository/commons-collections/commons-collections/3.2.2/commons-collections-3.2.2.jar:/home/user/.m2/repository/javax/servlet/javax.servlet-api/3.1.0/javax.servlet-api-3.1.0.jar:/home/user/.m2/repository/org/eclipse/jetty/jetty-server/9.3.25.v20180904/jetty-server-9.3.25.v20180904.jar:/home/user/.m2/repository/org/eclipse/jetty/jetty-http/9.3.25.v20180904/jetty-http-9.3.25.v20180904.jar:/home/user/.m2/repository/org/eclipse/jetty/jetty-io/9.3.25.v20180904/jetty-io-9.3.25.v20180904.jar:/home/user/.m2/repository/org/eclipse/jetty/jetty-util/9.3.25.v20180904/jetty-util-9.3.25.v20180904.jar:/home/user/.m2/repository/org/eclipse/jetty/jetty-servlet/9.3.25.v20180904/jetty-servlet-9.3.25.v20180904.jar:/home/user/.m2/repository/org/eclipse/jetty/jetty-security/9.3.25.v20180904/jetty-security-9.3.25.v20180904.jar:/home/user/.m2/repository/org/eclipse/jetty/jetty-webapp/9.3.25.v20180904/jetty-webapp-9.3.25.v20180904.jar:/home/user/.m2/repository/org/eclipse/jetty/jetty-xml/9.3.25.v20180904/jetty-xml-9.3.25.v20180904.jar:/home/user/.m2/repository/javax/servlet/jsp/jsp-api/2.1/jsp-api-2.1.jar:/home/user/.m2/repository/com/sun/jersey/jersey-core/1.19/jersey-core-1.19.jar:/home/user/.m2/repository/javax/ws/rs/jsr311-api/1.1.1/jsr311-api-1.1.1.jar:/home/user/.m2/repository/com/sun/jersey/jersey-servlet/1.19/jersey-servlet-1.19.jar:/home/user/.m2/repository/com/sun/jersey/jersey-json/1.19/jersey-json-1.19.jar:/home/user/.m2/repository/org/codehaus/jettison/jettison/1.1/jettison-1.1.jar:/home/user/.m2/repository/com/sun/xml/bind/jaxb-impl/2.3.0.1/jaxb-impl-2.3.0.1.jar:/home/user/.m2/repository/org/codehaus/jackson/jackson-core-asl/1.9.13/jackson-core-asl-1.9.13.jar:/home/user/.m2/repository/org/codehaus/jackson/jackson-mapper-asl/1.9.13/jackson-mapper-asl-1.9.13.jar:/home/user/.m2/repository/org/codehaus/jackson/jackson-jaxrs/1.9.13/jackson-jaxrs-1.9.13.jar:/home/user/.m2/repository/org/codehaus/jackson/jackson-xc/1.9.13/jackson-xc-1.9.13.jar:/home/user/.m2/repository/com/sun/jersey/jersey-server/1.19/jersey-server-1.19.jar:/home/user/.m2/repository/commons-logging/commons-logging/1.1.3/commons-logging-1.1.3.jar:/home/user/.m2/repository/log4j/log4j/1.2.17/log4j-1.2.17.jar:/home/user/.m2/repository/commons-beanutils/commons-beanutils/1.9.4/commons-beanutils-1.9.4.jar:/home/user/.m2/repository/org/apache/commons/commons-configuration2/2.1.1/commons-configuration2-2.1.1.jar:/home/user/.m2/repository/org/apache/commons/commons-lang3/3.7/commons-lang3-3.7.jar:/home/user/.m2/repository/org/apache/commons/commons-text/1.4/commons-text-1.4.jar:/home/user/.m2/repository/org/slf4j/slf4j-api/1.7.25/slf4j-api-1.7.25.jar:/home/user/.m2/repository/org/slf4j/slf4j-log4j12/1.7.25/slf4j-log4j12-1.7.25.jar:/home/user/.m2/repository/org/apache/avro/avro/1.7.7/avro-1.7.7.jar:/home/user/.m2/repository/com/thoughtworks/paranamer/paranamer/2.3/paranamer-2.3.jar:/home/user/.m2/repository/org/xerial/snappy/snappy-java/1.0.5/snappy-java-1.0.5.jar:/home/user/.m2/repository/com/google/re2j/re2j/1.1/re2j-1.1.jar:/home/user/.m2/repository/com/google/code/gson/gson/2.2.4/gson-2.2.4.jar:/home/user/.m2/repository/org/apache/hadoop/hadoop-auth/3.2.0/hadoop-auth-3.2.0.jar:/home/user/.m2/repository/com/nimbusds/nimbus-jose-jwt/4.41.1/nimbus-jose-jwt-4.41.1.jar:/home/user/.m2/repository/com/github/stephenc/jcip/jcip-annotations/1.0-1/jcip-annotations-1.0-1.jar:/home/user/.m2/repository/net/minidev/json-smart/2.3/json-smart-2.3.jar:/home/user/.m2/repository/net/minidev/accessors-smart/1.2/accessors-smart-1.2.jar:/home/user/.m2/repository/org/apache/curator/curator-framework/2.12.0/curator-framework-2.12.0.jar:/home/user/.m2/repository/com/jcraft/jsch/0.1.54/jsch-0.1.54.jar:/home/user/.m2/repository/org/apache/curator/curator-client/2.12.0/curator-client-2.12.0.jar:/home/user/.m2/repository/org/apache/curator/curator-recipes/2.12.0/curator-recipes-2.12.0.jar:/home/user/.m2/repository/com/google/code/findbugs/jsr305/3.0.0/jsr305-3.0.0.jar:/home/user/.m2/repository/org/apache/htrace/htrace-core4/4.1.0-incubating/htrace-core4-4.1.0-incubating.jar:/home/user/.m2/repository/org/apache/zookeeper/zookeeper/3.4.13/zookeeper-3.4.13.jar:/home/user/.m2/repository/jline/jline/0.9.94/jline-0.9.94.jar:/home/user/.m2/repository/org/apache/yetus/audience-annotations/0.5.0/audience-annotations-0.5.0.jar:/home/user/.m2/repository/org/apache/kerby/kerb-simplekdc/1.0.1/kerb-simplekdc-1.0.1.jar:/home/user/.m2/repository/org/apache/kerby/kerb-client/1.0.1/kerb-client-1.0.1.jar:/home/user/.m2/repository/org/apache/kerby/kerby-config/1.0.1/kerby-config-1.0.1.jar:/home/user/.m2/repository/org/apache/kerby/kerb-core/1.0.1/kerb-core-1.0.1.jar:/home/user/.m2/repository/org/apache/kerby/kerby-pkix/1.0.1/kerby-pkix-1.0.1.jar:/home/user/.m2/repository/org/apache/kerby/kerby-asn1/1.0.1/kerby-asn1-1.0.1.jar:/home/user/.m2/repository/org/apache/kerby/kerby-util/1.0.1/kerby-util-1.0.1.jar:/home/user/.m2/repository/org/apache/kerby/kerb-common/1.0.1/kerb-common-1.0.1.jar:/home/user/.m2/repository/org/apache/kerby/kerb-crypto/1.0.1/kerb-crypto-1.0.1.jar:/home/user/.m2/repository/org/apache/kerby/kerb-util/1.0.1/kerb-util-1.0.1.jar:/home/user/.m2/repository/org/apache/kerby/token-provider/1.0.1/token-provider-1.0.1.jar:/home/user/.m2/repository/org/apache/kerby/kerb-admin/1.0.1/kerb-admin-1.0.1.jar:/home/user/.m2/repository/org/apache/kerby/kerb-server/1.0.1/kerb-server-1.0.1.jar:/home/user/.m2/repository/org/apache/kerby/kerb-identity/1.0.1/kerb-identity-1.0.1.jar:/home/user/.m2/repository/org/apache/kerby/kerby-xdr/1.0.1/kerby-xdr-1.0.1.jar:/home/user/.m2/repository/com/fasterxml/jackson/core/jackson-databind/2.9.9/jackson-databind-2.9.9.jar:/home/user/.m2/repository/com/fasterxml/jackson/core/jackson-core/2.9.9/jackson-core-2.9.9.jar:/home/user/.m2/repository/org/codehaus/woodstox/stax2-api/3.1.4/stax2-api-3.1.4.jar:/home/user/.m2/repository/com/fasterxml/woodstox/woodstox-core/5.0.3/woodstox-core-5.0.3.jar:/home/user/.m2/repository/dnsjava/dnsjava/2.1.7/dnsjava-2.1.7.jar:/home/user/.m2/repository/org/apache/hadoop/hadoop-hdfs/3.2.0/hadoop-hdfs-3.2.0.jar:/home/user/.m2/repository/org/eclipse/jetty/jetty-util-ajax/9.3.25.v20180904/jetty-util-ajax-9.3.25.v20180904.jar:/home/user/.m2/repository/commons-daemon/commons-daemon/1.0.13/commons-daemon-1.0.13.jar:/home/user/.m2/repository/io/netty/netty/3.10.5.Final/netty-3.10.5.Final.jar:/home/user/.m2/repository/io/netty/netty-all/4.0.52.Final/netty-all-4.0.52.Final.jar:/home/user/.m2/repository/org/fusesource/leveldbjni/leveldbjni-all/1.8/leveldbjni-all-1.8.jar:/home/user/.m2/repository/com/sun/xml/bind/jaxb-core/2.3.0.1/jaxb-core-2.3.0.1.jar:/home/user/.m2/repository/javax/xml/bind/jaxb-api/2.3.0/jaxb-api-2.3.0.jar:/home/user/.m2/repository/javax/activation/activation/1.1.1/activation-1.1.1.jar:/home/user/.m2/repository/io/dropwizard/metrics/metrics-core/3.2.4/metrics-core-3.2.4.jar:/home/user/.m2/repository/org/openjdk/jmh/jmh-core/1.19/jmh-core-1.19.jar:/home/user/.m2/repository/net/sf/jopt-simple/jopt-simple/4.6/jopt-simple-4.6.jar:/home/user/.m2/repository/org/openjdk/jmh/jmh-generator-annprocess/1.19/jmh-generator-annprocess-1.19.jar:/home/user/.m2/repository/com/amazonaws/aws-java-sdk-s3/1.11.615/aws-java-sdk-s3-1.11.615.jar:/home/user/.m2/repository/com/amazonaws/aws-java-sdk-kms/1.11.615/aws-java-sdk-kms-1.11.615.jar:/home/user/.m2/repository/com/amazonaws/aws-java-sdk-core/1.11.615/aws-java-sdk-core-1.11.615.jar:/home/user/.m2/repository/software/amazon/ion/ion-java/1.0.2/ion-java-1.0.2.jar:/home/user/.m2/repository/com/fasterxml/jackson/dataformat/jackson-dataformat-cbor/2.9.9/jackson-dataformat-cbor-2.9.9.jar:/home/user/.m2/repository/joda-time/joda-time/2.9.9/joda-time-2.9.9.jar:/home/user/.m2/repository/com/amazonaws/jmespath-java/1.11.615/jmespath-java-1.11.615.jar:/home/user/.m2/repository/com/google/code/findbugs/findbugs/3.0.1/findbugs-3.0.1.jar:/home/user/.m2/repository/net/jcip/jcip-annotations/1.0/jcip-annotations-1.0.jar:/home/user/.m2/repository/com/google/code/findbugs/bcel-findbugs/6.0/bcel-findbugs-6.0.jar:/home/user/.m2/repository/com/google/code/findbugs/jFormatString/2.0.1/jFormatString-2.0.1.jar:/home/user/.m2/repository/dom4j/dom4j/1.6.1/dom4j-1.6.1.jar:/home/user/.m2/repository/xml-apis/xml-apis/1.0.b2/xml-apis-1.0.b2.jar:/home/user/.m2/repository/org/ow2/asm/asm-debug-all/5.0.2/asm-debug-all-5.0.2.jar:/home/user/.m2/repository/org/ow2/asm/asm-commons/5.0.2/asm-commons-5.0.2.jar:/home/user/.m2/repository/org/ow2/asm/asm-tree/5.0.2/asm-tree-5.0.2.jar:/home/user/.m2/repository/org/ow2/asm/asm/5.0.4/asm-5.0.4.jar:/home/user/.m2/repository/commons-lang/commons-lang/2.6/commons-lang-2.6.jar:/home/user/.m2/repository/com/apple/AppleJavaExtensions/1.4/AppleJavaExtensions-1.4.jar:/home/user/.m2/repository/jaxen/jaxen/1.1.6/jaxen-1.1.6.jar:/home/user/.m2/repository/junit/junit/4.11/junit-4.11.jar:/home/user/.m2/repository/org/hamcrest/hamcrest-core/1.3/hamcrest-core-1.3.jar:/home/user/.m2/repository/org/apache/hadoop/hadoop-common/3.2.0/hadoop-common-3.2.0-tests.jar:/workdir/hadoop-ozone/integration-test/target/test-classes:/home/user/.m2/repository/org/apache/hadoop/hadoop-ozone-s3gateway/0.5.0-SNAPSHOT/hadoop-ozone-s3gateway-0.5.0-SNAPSHOT.jar:/home/user/.m2/repository/org/jboss/weld/servlet/weld-servlet/2.4.7.Final/weld-servlet-2.4.7.Final.jar:/home/user/.m2/repository/org/glassfish/jersey/containers/jersey-container-servlet-core/2.27/jersey-container-servlet-core-2.27.jar:/home/user/.m2/repository/org/glassfish/hk2/external/javax.inject/2.5.0-b42/javax.inject-2.5.0-b42.jar:/home/user/.m2/repository/org/glassfish/jersey/core/jersey-common/2.27/jersey-common-2.27.jar:/home/user/.m2/repository/org/glassfish/hk2/osgi-resource-locator/1.0.1/osgi-resource-locator-1.0.1.jar:/home/user/.m2/repository/javax/ws/rs/javax.ws.rs-api/2.1/javax.ws.rs-api-2.1.jar:/home/user/.m2/repository/org/glassfish/jersey/ext/cdi/jersey-cdi1x/2.27/jersey-cdi1x-2.27.jar:/home/user/.m2/repository/org/glassfish/jersey/inject/jersey-hk2/2.27/jersey-hk2-2.27.jar:/home/user/.m2/repository/org/glassfish/hk2/hk2-locator/2.5.0-b42/hk2-locator-2.5.0-b42.jar:/home/user/.m2/repository/org/javassist/javassist/3.22.0-CR2/javassist-3.22.0-CR2.jar:/home/user/.m2/repository/org/glassfish/hk2/hk2-api/2.5.0/hk2-api-2.5.0.jar:/home/user/.m2/repository/org/glassfish/hk2/external/jakarta.inject/2.5.0/jakarta.inject-2.5.0.jar:/home/user/.m2/repository/org/glassfish/hk2/hk2-utils/2.5.0/hk2-utils-2.5.0.jar:/home/user/.m2/repository/jakarta/annotation/jakarta.annotation-api/1.3.4/jakarta.annotation-api-1.3.4.jar:/home/user/.m2/repository/org/glassfish/hk2/external/aopalliance-repackaged/2.5.0/aopalliance-repackaged-2.5.0.jar:/home/user/.m2/repository/com/fasterxml/jackson/dataformat/jackson-dataformat-xml/2.9.0/jackson-dataformat-xml-2.9.0.jar:/home/user/.m2/repository/com/fasterxml/jackson/module/jackson-module-jaxb-annotations/2.9.9/jackson-module-jaxb-annotations-2.9.9.jar:/home/user/.m2/repository/javax/enterprise/cdi-api/1.2/cdi-api-1.2.jar:/home/user/.m2/repository/javax/el/javax.el-api/3.0.0/javax.el-api-3.0.0.jar:/home/user/.m2/repository/javax/interceptor/javax.interceptor-api/1.2/javax.interceptor-api-1.2.jar:/home/user/.m2/repository/javax/inject/javax.inject/1/javax.inject-1.jar:/home/user/.m2/repository/org/apache/hadoop/hadoop-ozone-csi/0.5.0-SNAPSHOT/hadoop-ozone-csi-0.5.0-SNAPSHOT.jar:/home/user/.m2/repository/com/google/protobuf/protobuf-java-util/3.5.1/protobuf-java-util-3.5.1.jar:/home/user/.m2/repository/io/grpc/grpc-netty/1.17.1/grpc-netty-1.17.1.jar:/home/user/.m2/repository/io/grpc/grpc-core/1.17.1/grpc-core-1.17.1.jar:/home/user/.m2/repository/io/grpc/grpc-context/1.17.1/grpc-context-1.17.1.jar:/home/user/.m2/repository/com/google/errorprone/error_prone_annotations/2.2.0/error_prone_annotations-2.2.0.jar:/home/user/.m2/repository/org/codehaus/mojo/animal-sniffer-annotations/1.17/animal-sniffer-annotations-1.17.jar:/home/user/.m2/repository/io/opencensus/opencensus-api/0.17.0/opencensus-api-0.17.0.jar:/home/user/.m2/repository/io/opencensus/opencensus-contrib-grpc-metrics/0.17.0/opencensus-contrib-grpc-metrics-0.17.0.jar:/home/user/.m2/repository/io/netty/netty-codec-http2/4.1.30.Final/netty-codec-http2-4.1.30.Final.jar:/home/user/.m2/repository/io/netty/netty-codec-http/4.1.30.Final/netty-codec-http-4.1.30.Final.jar:/home/user/.m2/repository/io/netty/netty-codec/4.1.30.Final/netty-codec-4.1.30.Final.jar:/home/user/.m2/repository/io/netty/netty-handler/4.1.30.Final/netty-handler-4.1.30.Final.jar:/home/user/.m2/repository/io/netty/netty-handler-proxy/4.1.30.Final/netty-handler-proxy-4.1.30.Final.jar:/home/user/.m2/repository/io/netty/netty-codec-socks/4.1.30.Final/netty-codec-socks-4.1.30.Final.jar:/home/user/.m2/repository/io/netty/netty-transport-native-epoll/4.1.30.Final/netty-transport-native-epoll-4.1.30.Final.jar:/home/user/.m2/repository/io/netty/netty-common/4.1.30.Final/netty-common-4.1.30.Final.jar:/home/user/.m2/repository/io/netty/netty-buffer/4.1.30.Final/netty-buffer-4.1.30.Final.jar:/home/user/.m2/repository/io/netty/netty-transport/4.1.30.Final/netty-transport-4.1.30.Final.jar:/home/user/.m2/repository/io/netty/netty-resolver/4.1.30.Final/netty-resolver-4.1.30.Final.jar:/home/user/.m2/repository/io/netty/netty-transport-native-unix-common/4.1.30.Final/netty-transport-native-unix-common-4.1.30.Final.jar:/home/user/.m2/repository/io/grpc/grpc-protobuf/1.17.1/grpc-protobuf-1.17.1.jar:/home/user/.m2/repository/com/google/api/grpc/proto-google-common-protos/1.0.0/proto-google-common-protos-1.0.0.jar:/home/user/.m2/repository/io/grpc/grpc-protobuf-lite/1.17.1/grpc-protobuf-lite-1.17.1.jar:/home/user/.m2/repository/io/grpc/grpc-stub/1.17.1/grpc-stub-1.17.1.jar:/home/user/.m2/repository/org/apache/hadoop/hadoop-ozone-recon/0.5.0-SNAPSHOT/hadoop-ozone-recon-0.5.0-SNAPSHOT.jar:/home/user/.m2/repository/org/apache/hadoop/hadoop-ozone-reconcodegen/0.5.0-SNAPSHOT/hadoop-ozone-reconcodegen-0.5.0-SNAPSHOT.jar:/home/user/.m2/repository/com/google/inject/extensions/guice-multibindings/4.0/guice-multibindings-4.0.jar:/home/user/.m2/repository/com/google/inject/guice/4.0/guice-4.0.jar:/home/user/.m2/repository/aopalliance/aopalliance/1.0/aopalliance-1.0.jar:/home/user/.m2/repository/com/google/inject/extensions/guice-servlet/4.0/guice-servlet-4.0.jar:/home/user/.m2/repository/org/glassfish/jersey/containers/jersey-container-servlet/2.27/jersey-container-servlet-2.27.jar:/home/user/.m2/repository/org/glassfish/hk2/guice-bridge/2.5.0/guice-bridge-2.5.0.jar:/home/user/.m2/repository/org/glassfish/jersey/core/jersey-server/2.27/jersey-server-2.27.jar:/home/user/.m2/repository/org/glassfish/jersey/core/jersey-client/2.27/jersey-client-2.27.jar:/home/user/.m2/repository/org/glassfish/jersey/media/jersey-media-jaxb/2.27/jersey-media-jaxb-2.27.jar:/home/user/.m2/repository/javax/validation/validation-api/1.1.0.Final/validation-api-1.1.0.Final.jar:/home/user/.m2/repository/org/glassfish/jersey/media/jersey-media-json-jackson/2.27/jersey-media-json-jackson-2.27.jar:/home/user/.m2/repository/org/glassfish/jersey/ext/jersey-entity-filtering/2.27/jersey-entity-filtering-2.27.jar:/home/user/.m2/repository/com/google/inject/extensions/guice-assistedinject/4.0/guice-assistedinject-4.0.jar:/home/user/.m2/repository/org/jooq/jooq/3.11.10/jooq-3.11.10.jar:/home/user/.m2/repository/org/jooq/jooq-meta/3.11.10/jooq-meta-3.11.10.jar:/home/user/.m2/repository/org/jooq/jooq-codegen/3.11.10/jooq-codegen-3.11.10.jar:/home/user/.m2/repository/com/jolbox/bonecp/0.8.0.RELEASE/bonecp-0.8.0.RELEASE.jar:/home/user/.m2/repository/org/springframework/spring-jdbc/5.1.3.RELEASE/spring-jdbc-5.1.3.RELEASE.jar:/home/user/.m2/repository/org/springframework/spring-beans/5.1.3.RELEASE/spring-beans-5.1.3.RELEASE.jar:/home/user/.m2/repository/org/springframework/spring-core/5.1.3.RELEASE/spring-core-5.1.3.RELEASE.jar:/home/user/.m2/repository/org/springframework/spring-jcl/5.1.3.RELEASE/spring-jcl-5.1.3.RELEASE.jar:/home/user/.m2/repository/org/springframework/spring-tx/5.1.3.RELEASE/spring-tx-5.1.3.RELEASE.jar:/home/user/.m2/repository/org/mockito/mockito-core/2.15.0/mockito-core-2.15.0.jar:/home/user/.m2/repository/net/bytebuddy/byte-buddy/1.7.9/byte-buddy-1.7.9.jar:/home/user/.m2/repository/net/bytebuddy/byte-buddy-agent/1.7.9/byte-buddy-agent-1.7.9.jar:/home/user/.m2/repository/org/objenesis/objenesis/1.0/objenesis-1.0.jar:"/>
    <property name="java.vm.vendor" value="IcedTea"/>
    <property name="sun.arch.data.model" value="64"/>
    <property name="test.build.dir" value="/workdir/hadoop-ozone/tools/target/test-dir"/>
    <property name="test.cache.data" value=""/>
    <property name="java.vendor.url" value="https://icedtea.classpath.org"/>
    <property name="user.timezone" value=""/>
    <property name="java.vm.specification.version" value="1.8"/>
    <property name="os.name" value="Linux"/>
    <property name="test.build.data" value="/workdir/hadoop-ozone/tools/target/test-dir"/>
    <property name="user.country" value="US"/>
    <property name="sun.java.launcher" value="SUN_STANDARD"/>
    <property name="sun.boot.library.path" value="/usr/lib/jvm/java-1.8-openjdk/jre/lib/amd64"/>
    <property name="sun.java.command" value="/workdir/hadoop-ozone/tools/target/surefire/surefirebooter3813129863665761678.jar /workdir/hadoop-ozone/tools/target/surefire 2019-10-10T12-13-30_573-jvmRun1 surefire4688132715625160230tmp surefire_1131980164965307864018tmp"/>
    <property name="test" value="!TestMiniChaosOzoneCluster"/>
    <property name="surefire.test.class.path" value="/workdir/hadoop-ozone/tools/target/test-classes:/workdir/hadoop-ozone/tools/target/classes:/home/user/.m2/repository/org/apache/hadoop/hadoop-ozone-ozone-manager/0.5.0-SNAPSHOT/hadoop-ozone-ozone-manager-0.5.0-SNAPSHOT.jar:/home/user/.m2/repository/org/apache/hadoop/hadoop-hdds-docs/0.5.0-SNAPSHOT/hadoop-hdds-docs-0.5.0-SNAPSHOT.jar:/home/user/.m2/repository/org/bouncycastle/bcprov-jdk15on/1.60/bcprov-jdk15on-1.60.jar:/home/user/.m2/repository/org/apache/hadoop/hadoop-ozone-common/0.5.0-SNAPSHOT/hadoop-ozone-common-0.5.0-SNAPSHOT.jar:/home/user/.m2/repository/org/apache/commons/commons-compress/1.4.1/commons-compress-1.4.1.jar:/home/user/.m2/repository/org/tukaani/xz/1.0/xz-1.0.jar:/home/user/.m2/repository/org/apache/hadoop/hadoop-hdfs-client/3.2.0/hadoop-hdfs-client-3.2.0.jar:/home/user/.m2/repository/com/fasterxml/jackson/core/jackson-annotations/2.9.9/jackson-annotations-2.9.9.jar:/home/user/.m2/repository/org/apache/hadoop/hadoop-hdds-common/0.5.0-SNAPSHOT/hadoop-hdds-common-0.5.0-SNAPSHOT.jar:/home/user/.m2/repository/org/apache/hadoop/hadoop-hdds-config/0.5.0-SNAPSHOT/hadoop-hdds-config-0.5.0-SNAPSHOT.jar:/home/user/.m2/repository/javax/annotation/javax.annotation-api/1.2/javax.annotation-api-1.2.jar:/home/user/.m2/repository/org/apache/ratis/ratis-server/0.4.0/ratis-server-0.4.0.jar:/home/user/.m2/repository/org/apache/ratis/ratis-thirdparty-misc/0.2.0/ratis-thirdparty-misc-0.2.0.jar:/home/user/.m2/repository/org/apache/ratis/ratis-proto/0.4.0/ratis-proto-0.4.0.jar:/home/user/.m2/repository/org/apache/ratis/ratis-common/0.4.0/ratis-common-0.4.0.jar:/home/user/.m2/repository/org/apache/ratis/ratis-client/0.4.0/ratis-client-0.4.0.jar:/home/user/.m2/repository/org/apache/ratis/ratis-metrics/0.4.0/ratis-metrics-0.4.0.jar:/home/user/.m2/repository/com/github/joshelser/dropwizard-metrics-hadoop-metrics2-reporter/0.1.2/dropwizard-metrics-hadoop-metrics2-reporter-0.1.2.jar:/home/user/.m2/repository/io/dropwizard/metrics/metrics-jvm/3.2.5/metrics-jvm-3.2.5.jar:/home/user/.m2/repository/io/dropwizard/metrics/metrics-ganglia/3.2.5/metrics-ganglia-3.2.5.jar:/home/user/.m2/repository/info/ganglia/gmetric4j/gmetric4j/1.0.7/gmetric4j-1.0.7.jar:/home/user/.m2/repository/org/apache/ratis/ratis-netty/0.4.0/ratis-netty-0.4.0.jar:/home/user/.m2/repository/org/apache/ratis/ratis-grpc/0.4.0/ratis-grpc-0.4.0.jar:/home/user/.m2/repository/org/rocksdb/rocksdbjni/6.0.1/rocksdbjni-6.0.1.jar:/home/user/.m2/repository/org/apache/logging/log4j/log4j-api/2.11.0/log4j-api-2.11.0.jar:/home/user/.m2/repository/org/apache/logging/log4j/log4j-core/2.11.0/log4j-core-2.11.0.jar:/home/user/.m2/repository/com/lmax/disruptor/3.4.2/disruptor-3.4.2.jar:/home/user/.m2/repository/org/apache/commons/commons-pool2/2.6.0/commons-pool2-2.6.0.jar:/home/user/.m2/repository/org/bouncycastle/bcpkix-jdk15on/1.60/bcpkix-jdk15on-1.60.jar:/home/user/.m2/repository/commons-validator/commons-validator/1.6/commons-validator-1.6.jar:/home/user/.m2/repository/commons-digester/commons-digester/1.8.1/commons-digester-1.8.1.jar:/home/user/.m2/repository/io/jaegertracing/jaeger-client/0.34.0/jaeger-client-0.34.0.jar:/home/user/.m2/repository/io/jaegertracing/jaeger-thrift/0.34.0/jaeger-thrift-0.34.0.jar:/home/user/.m2/repository/org/apache/thrift/libthrift/0.12.0/libthrift-0.12.0.jar:/home/user/.m2/repository/com/squareup/okhttp3/okhttp/3.9.0/okhttp-3.9.0.jar:/home/user/.m2/repository/com/squareup/okio/okio/1.13.0/okio-1.13.0.jar:/home/user/.m2/repository/io/jaegertracing/jaeger-core/0.34.0/jaeger-core-0.34.0.jar:/home/user/.m2/repository/io/jaegertracing/jaeger-tracerresolver/0.34.0/jaeger-tracerresolver-0.34.0.jar:/home/user/.m2/repository/io/opentracing/contrib/opentracing-tracerresolver/0.1.5/opentracing-tracerresolver-0.1.5.jar:/home/user/.m2/repository/io/opentracing/opentracing-util/0.31.0/opentracing-util-0.31.0.jar:/home/user/.m2/repository/io/opentracing/opentracing-api/0.31.0/opentracing-api-0.31.0.jar:/home/user/.m2/repository/io/opentracing/opentracing-noop/0.31.0/opentracing-noop-0.31.0.jar:/home/user/.m2/repository/org/yaml/snakeyaml/1.16/snakeyaml-1.16.jar:/home/user/.m2/repository/org/apache/hadoop/hadoop-hdds-container-service/0.5.0-SNAPSHOT/hadoop-hdds-container-service-0.5.0-SNAPSHOT.jar:/home/user/.m2/repository/org/apache/hadoop/hadoop-hdds-client/0.5.0-SNAPSHOT/hadoop-hdds-client-0.5.0-SNAPSHOT.jar:/home/user/.m2/repository/org/apache/hadoop/hadoop-hdds-tools/0.5.0-SNAPSHOT/hadoop-hdds-tools-0.5.0-SNAPSHOT.jar:/home/user/.m2/repository/org/xerial/sqlite-jdbc/3.25.2/sqlite-jdbc-3.25.2.jar:/home/user/.m2/repository/org/apache/hadoop/hadoop-hdds-server-scm/0.5.0-SNAPSHOT/hadoop-hdds-server-scm-0.5.0-SNAPSHOT.jar:/home/user/.m2/repository/org/hamcrest/hamcrest-all/1.3/hamcrest-all-1.3.jar:/home/user/.m2/repository/info/picocli/picocli/3.9.6/picocli-3.9.6.jar:/home/user/.m2/repository/com/google/protobuf/protobuf-java/2.5.0/protobuf-java-2.5.0.jar:/home/user/.m2/repository/com/google/guava/guava/11.0.2/guava-11.0.2.jar:/home/user/.m2/repository/org/apache/hadoop/hadoop-ozone-client/0.5.0-SNAPSHOT/hadoop-ozone-client-0.5.0-SNAPSHOT.jar:/workdir/hadoop-ozone/ozonefs/target/classes:/home/user/.m2/repository/org/apache/hadoop/hadoop-hdds-server-framework/0.5.0-SNAPSHOT/hadoop-hdds-server-framework-0.5.0-SNAPSHOT.jar:/home/user/.m2/repository/org/apache/hadoop/hadoop-common/3.2.0/hadoop-common-3.2.0.jar:/home/user/.m2/repository/org/apache/hadoop/hadoop-annotations/3.2.0/hadoop-annotations-3.2.0.jar:/usr/lib/jvm/java-1.8-openjdk/jre/../lib/tools.jar:/home/user/.m2/repository/commons-cli/commons-cli/1.2/commons-cli-1.2.jar:/home/user/.m2/repository/org/apache/commons/commons-math3/3.1.1/commons-math3-3.1.1.jar:/home/user/.m2/repository/org/apache/httpcomponents/httpclient/4.5.2/httpclient-4.5.2.jar:/home/user/.m2/repository/org/apache/httpcomponents/httpcore/4.4.4/httpcore-4.4.4.jar:/home/user/.m2/repository/commons-codec/commons-codec/1.11/commons-codec-1.11.jar:/home/user/.m2/repository/commons-io/commons-io/2.5/commons-io-2.5.jar:/home/user/.m2/repository/commons-net/commons-net/3.6/commons-net-3.6.jar:/home/user/.m2/repository/commons-collections/commons-collections/3.2.2/commons-collections-3.2.2.jar:/home/user/.m2/repository/javax/servlet/javax.servlet-api/3.1.0/javax.servlet-api-3.1.0.jar:/home/user/.m2/repository/org/eclipse/jetty/jetty-server/9.3.25.v20180904/jetty-server-9.3.25.v20180904.jar:/home/user/.m2/repository/org/eclipse/jetty/jetty-http/9.3.25.v20180904/jetty-http-9.3.25.v20180904.jar:/home/user/.m2/repository/org/eclipse/jetty/jetty-io/9.3.25.v20180904/jetty-io-9.3.25.v20180904.jar:/home/user/.m2/repository/org/eclipse/jetty/jetty-util/9.3.25.v20180904/jetty-util-9.3.25.v20180904.jar:/home/user/.m2/repository/org/eclipse/jetty/jetty-servlet/9.3.25.v20180904/jetty-servlet-9.3.25.v20180904.jar:/home/user/.m2/repository/org/eclipse/jetty/jetty-security/9.3.25.v20180904/jetty-security-9.3.25.v20180904.jar:/home/user/.m2/repository/org/eclipse/jetty/jetty-webapp/9.3.25.v20180904/jetty-webapp-9.3.25.v20180904.jar:/home/user/.m2/repository/org/eclipse/jetty/jetty-xml/9.3.25.v20180904/jetty-xml-9.3.25.v20180904.jar:/home/user/.m2/repository/javax/servlet/jsp/jsp-api/2.1/jsp-api-2.1.jar:/home/user/.m2/repository/com/sun/jersey/jersey-core/1.19/jersey-core-1.19.jar:/home/user/.m2/repository/javax/ws/rs/jsr311-api/1.1.1/jsr311-api-1.1.1.jar:/home/user/.m2/repository/com/sun/jersey/jersey-servlet/1.19/jersey-servlet-1.19.jar:/home/user/.m2/repository/com/sun/jersey/jersey-json/1.19/jersey-json-1.19.jar:/home/user/.m2/repository/org/codehaus/jettison/jettison/1.1/jettison-1.1.jar:/home/user/.m2/repository/com/sun/xml/bind/jaxb-impl/2.3.0.1/jaxb-impl-2.3.0.1.jar:/home/user/.m2/repository/org/codehaus/jackson/jackson-core-asl/1.9.13/jackson-core-asl-1.9.13.jar:/home/user/.m2/repository/org/codehaus/jackson/jackson-mapper-asl/1.9.13/jackson-mapper-asl-1.9.13.jar:/home/user/.m2/repository/org/codehaus/jackson/jackson-jaxrs/1.9.13/jackson-jaxrs-1.9.13.jar:/home/user/.m2/repository/org/codehaus/jackson/jackson-xc/1.9.13/jackson-xc-1.9.13.jar:/home/user/.m2/repository/com/sun/jersey/jersey-server/1.19/jersey-server-1.19.jar:/home/user/.m2/repository/commons-logging/commons-logging/1.1.3/commons-logging-1.1.3.jar:/home/user/.m2/repository/log4j/log4j/1.2.17/log4j-1.2.17.jar:/home/user/.m2/repository/commons-beanutils/commons-beanutils/1.9.4/commons-beanutils-1.9.4.jar:/home/user/.m2/repository/org/apache/commons/commons-configuration2/2.1.1/commons-configuration2-2.1.1.jar:/home/user/.m2/repository/org/apache/commons/commons-lang3/3.7/commons-lang3-3.7.jar:/home/user/.m2/repository/org/apache/commons/commons-text/1.4/commons-text-1.4.jar:/home/user/.m2/repository/org/slf4j/slf4j-api/1.7.25/slf4j-api-1.7.25.jar:/home/user/.m2/repository/org/slf4j/slf4j-log4j12/1.7.25/slf4j-log4j12-1.7.25.jar:/home/user/.m2/repository/org/apache/avro/avro/1.7.7/avro-1.7.7.jar:/home/user/.m2/repository/com/thoughtworks/paranamer/paranamer/2.3/paranamer-2.3.jar:/home/user/.m2/repository/org/xerial/snappy/snappy-java/1.0.5/snappy-java-1.0.5.jar:/home/user/.m2/repository/com/google/re2j/re2j/1.1/re2j-1.1.jar:/home/user/.m2/repository/com/google/code/gson/gson/2.2.4/gson-2.2.4.jar:/home/user/.m2/repository/org/apache/hadoop/hadoop-auth/3.2.0/hadoop-auth-3.2.0.jar:/home/user/.m2/repository/com/nimbusds/nimbus-jose-jwt/4.41.1/nimbus-jose-jwt-4.41.1.jar:/home/user/.m2/repository/com/github/stephenc/jcip/jcip-annotations/1.0-1/jcip-annotations-1.0-1.jar:/home/user/.m2/repository/net/minidev/json-smart/2.3/json-smart-2.3.jar:/home/user/.m2/repository/net/minidev/accessors-smart/1.2/accessors-smart-1.2.jar:/home/user/.m2/repository/org/apache/curator/curator-framework/2.12.0/curator-framework-2.12.0.jar:/home/user/.m2/repository/com/jcraft/jsch/0.1.54/jsch-0.1.54.jar:/home/user/.m2/repository/org/apache/curator/curator-client/2.12.0/curator-client-2.12.0.jar:/home/user/.m2/repository/org/apache/curator/curator-recipes/2.12.0/curator-recipes-2.12.0.jar:/home/user/.m2/repository/com/google/code/findbugs/jsr305/3.0.0/jsr305-3.0.0.jar:/home/user/.m2/repository/org/apache/htrace/htrace-core4/4.1.0-incubating/htrace-core4-4.1.0-incubating.jar:/home/user/.m2/repository/org/apache/zookeeper/zookeeper/3.4.13/zookeeper-3.4.13.jar:/home/user/.m2/repository/jline/jline/0.9.94/jline-0.9.94.jar:/home/user/.m2/repository/org/apache/yetus/audience-annotations/0.5.0/audience-annotations-0.5.0.jar:/home/user/.m2/repository/org/apache/kerby/kerb-simplekdc/1.0.1/kerb-simplekdc-1.0.1.jar:/home/user/.m2/repository/org/apache/kerby/kerb-client/1.0.1/kerb-client-1.0.1.jar:/home/user/.m2/repository/org/apache/kerby/kerby-config/1.0.1/kerby-config-1.0.1.jar:/home/user/.m2/repository/org/apache/kerby/kerb-core/1.0.1/kerb-core-1.0.1.jar:/home/user/.m2/repository/org/apache/kerby/kerby-pkix/1.0.1/kerby-pkix-1.0.1.jar:/home/user/.m2/repository/org/apache/kerby/kerby-asn1/1.0.1/kerby-asn1-1.0.1.jar:/home/user/.m2/repository/org/apache/kerby/kerby-util/1.0.1/kerby-util-1.0.1.jar:/home/user/.m2/repository/org/apache/kerby/kerb-common/1.0.1/kerb-common-1.0.1.jar:/home/user/.m2/repository/org/apache/kerby/kerb-crypto/1.0.1/kerb-crypto-1.0.1.jar:/home/user/.m2/repository/org/apache/kerby/kerb-util/1.0.1/kerb-util-1.0.1.jar:/home/user/.m2/repository/org/apache/kerby/token-provider/1.0.1/token-provider-1.0.1.jar:/home/user/.m2/repository/org/apache/kerby/kerb-admin/1.0.1/kerb-admin-1.0.1.jar:/home/user/.m2/repository/org/apache/kerby/kerb-server/1.0.1/kerb-server-1.0.1.jar:/home/user/.m2/repository/org/apache/kerby/kerb-identity/1.0.1/kerb-identity-1.0.1.jar:/home/user/.m2/repository/org/apache/kerby/kerby-xdr/1.0.1/kerby-xdr-1.0.1.jar:/home/user/.m2/repository/com/fasterxml/jackson/core/jackson-databind/2.9.9/jackson-databind-2.9.9.jar:/home/user/.m2/repository/com/fasterxml/jackson/core/jackson-core/2.9.9/jackson-core-2.9.9.jar:/home/user/.m2/repository/org/codehaus/woodstox/stax2-api/3.1.4/stax2-api-3.1.4.jar:/home/user/.m2/repository/com/fasterxml/woodstox/woodstox-core/5.0.3/woodstox-core-5.0.3.jar:/home/user/.m2/repository/dnsjava/dnsjava/2.1.7/dnsjava-2.1.7.jar:/home/user/.m2/repository/org/apache/hadoop/hadoop-hdfs/3.2.0/hadoop-hdfs-3.2.0.jar:/home/user/.m2/repository/org/eclipse/jetty/jetty-util-ajax/9.3.25.v20180904/jetty-util-ajax-9.3.25.v20180904.jar:/home/user/.m2/repository/commons-daemon/commons-daemon/1.0.13/commons-daemon-1.0.13.jar:/home/user/.m2/repository/io/netty/netty/3.10.5.Final/netty-3.10.5.Final.jar:/home/user/.m2/repository/io/netty/netty-all/4.0.52.Final/netty-all-4.0.52.Final.jar:/home/user/.m2/repository/org/fusesource/leveldbjni/leveldbjni-all/1.8/leveldbjni-all-1.8.jar:/home/user/.m2/repository/com/sun/xml/bind/jaxb-core/2.3.0.1/jaxb-core-2.3.0.1.jar:/home/user/.m2/repository/javax/xml/bind/jaxb-api/2.3.0/jaxb-api-2.3.0.jar:/home/user/.m2/repository/javax/activation/activation/1.1.1/activation-1.1.1.jar:/home/user/.m2/repository/io/dropwizard/metrics/metrics-core/3.2.4/metrics-core-3.2.4.jar:/home/user/.m2/repository/org/openjdk/jmh/jmh-core/1.19/jmh-core-1.19.jar:/home/user/.m2/repository/net/sf/jopt-simple/jopt-simple/4.6/jopt-simple-4.6.jar:/home/user/.m2/repository/org/openjdk/jmh/jmh-generator-annprocess/1.19/jmh-generator-annprocess-1.19.jar:/home/user/.m2/repository/com/amazonaws/aws-java-sdk-s3/1.11.615/aws-java-sdk-s3-1.11.615.jar:/home/user/.m2/repository/com/amazonaws/aws-java-sdk-kms/1.11.615/aws-java-sdk-kms-1.11.615.jar:/home/user/.m2/repository/com/amazonaws/aws-java-sdk-core/1.11.615/aws-java-sdk-core-1.11.615.jar:/home/user/.m2/repository/software/amazon/ion/ion-java/1.0.2/ion-java-1.0.2.jar:/home/user/.m2/repository/com/fasterxml/jackson/dataformat/jackson-dataformat-cbor/2.9.9/jackson-dataformat-cbor-2.9.9.jar:/home/user/.m2/repository/joda-time/joda-time/2.9.9/joda-time-2.9.9.jar:/home/user/.m2/repository/com/amazonaws/jmespath-java/1.11.615/jmespath-java-1.11.615.jar:/home/user/.m2/repository/com/google/code/findbugs/findbugs/3.0.1/findbugs-3.0.1.jar:/home/user/.m2/repository/net/jcip/jcip-annotations/1.0/jcip-annotations-1.0.jar:/home/user/.m2/repository/com/google/code/findbugs/bcel-findbugs/6.0/bcel-findbugs-6.0.jar:/home/user/.m2/repository/com/google/code/findbugs/jFormatString/2.0.1/jFormatString-2.0.1.jar:/home/user/.m2/repository/dom4j/dom4j/1.6.1/dom4j-1.6.1.jar:/home/user/.m2/repository/xml-apis/xml-apis/1.0.b2/xml-apis-1.0.b2.jar:/home/user/.m2/repository/org/ow2/asm/asm-debug-all/5.0.2/asm-debug-all-5.0.2.jar:/home/user/.m2/repository/org/ow2/asm/asm-commons/5.0.2/asm-commons-5.0.2.jar:/home/user/.m2/repository/org/ow2/asm/asm-tree/5.0.2/asm-tree-5.0.2.jar:/home/user/.m2/repository/org/ow2/asm/asm/5.0.4/asm-5.0.4.jar:/home/user/.m2/repository/commons-lang/commons-lang/2.6/commons-lang-2.6.jar:/home/user/.m2/repository/com/apple/AppleJavaExtensions/1.4/AppleJavaExtensions-1.4.jar:/home/user/.m2/repository/jaxen/jaxen/1.1.6/jaxen-1.1.6.jar:/home/user/.m2/repository/junit/junit/4.11/junit-4.11.jar:/home/user/.m2/repository/org/hamcrest/hamcrest-core/1.3/hamcrest-core-1.3.jar:/home/user/.m2/repository/org/apache/hadoop/hadoop-common/3.2.0/hadoop-common-3.2.0-tests.jar:/workdir/hadoop-ozone/integration-test/target/test-classes:/home/user/.m2/repository/org/apache/hadoop/hadoop-ozone-s3gateway/0.5.0-SNAPSHOT/hadoop-ozone-s3gateway-0.5.0-SNAPSHOT.jar:/home/user/.m2/repository/org/jboss/weld/servlet/weld-servlet/2.4.7.Final/weld-servlet-2.4.7.Final.jar:/home/user/.m2/repository/org/glassfish/jersey/containers/jersey-container-servlet-core/2.27/jersey-container-servlet-core-2.27.jar:/home/user/.m2/repository/org/glassfish/hk2/external/javax.inject/2.5.0-b42/javax.inject-2.5.0-b42.jar:/home/user/.m2/repository/org/glassfish/jersey/core/jersey-common/2.27/jersey-common-2.27.jar:/home/user/.m2/repository/org/glassfish/hk2/osgi-resource-locator/1.0.1/osgi-resource-locator-1.0.1.jar:/home/user/.m2/repository/javax/ws/rs/javax.ws.rs-api/2.1/javax.ws.rs-api-2.1.jar:/home/user/.m2/repository/org/glassfish/jersey/ext/cdi/jersey-cdi1x/2.27/jersey-cdi1x-2.27.jar:/home/user/.m2/repository/org/glassfish/jersey/inject/jersey-hk2/2.27/jersey-hk2-2.27.jar:/home/user/.m2/repository/org/glassfish/hk2/hk2-locator/2.5.0-b42/hk2-locator-2.5.0-b42.jar:/home/user/.m2/repository/org/javassist/javassist/3.22.0-CR2/javassist-3.22.0-CR2.jar:/home/user/.m2/repository/org/glassfish/hk2/hk2-api/2.5.0/hk2-api-2.5.0.jar:/home/user/.m2/repository/org/glassfish/hk2/external/jakarta.inject/2.5.0/jakarta.inject-2.5.0.jar:/home/user/.m2/repository/org/glassfish/hk2/hk2-utils/2.5.0/hk2-utils-2.5.0.jar:/home/user/.m2/repository/jakarta/annotation/jakarta.annotation-api/1.3.4/jakarta.annotation-api-1.3.4.jar:/home/user/.m2/repository/org/glassfish/hk2/external/aopalliance-repackaged/2.5.0/aopalliance-repackaged-2.5.0.jar:/home/user/.m2/repository/com/fasterxml/jackson/dataformat/jackson-dataformat-xml/2.9.0/jackson-dataformat-xml-2.9.0.jar:/home/user/.m2/repository/com/fasterxml/jackson/module/jackson-module-jaxb-annotations/2.9.9/jackson-module-jaxb-annotations-2.9.9.jar:/home/user/.m2/repository/javax/enterprise/cdi-api/1.2/cdi-api-1.2.jar:/home/user/.m2/repository/javax/el/javax.el-api/3.0.0/javax.el-api-3.0.0.jar:/home/user/.m2/repository/javax/interceptor/javax.interceptor-api/1.2/javax.interceptor-api-1.2.jar:/home/user/.m2/repository/javax/inject/javax.inject/1/javax.inject-1.jar:/home/user/.m2/repository/org/apache/hadoop/hadoop-ozone-csi/0.5.0-SNAPSHOT/hadoop-ozone-csi-0.5.0-SNAPSHOT.jar:/home/user/.m2/repository/com/google/protobuf/protobuf-java-util/3.5.1/protobuf-java-util-3.5.1.jar:/home/user/.m2/repository/io/grpc/grpc-netty/1.17.1/grpc-netty-1.17.1.jar:/home/user/.m2/repository/io/grpc/grpc-core/1.17.1/grpc-core-1.17.1.jar:/home/user/.m2/repository/io/grpc/grpc-context/1.17.1/grpc-context-1.17.1.jar:/home/user/.m2/repository/com/google/errorprone/error_prone_annotations/2.2.0/error_prone_annotations-2.2.0.jar:/home/user/.m2/repository/org/codehaus/mojo/animal-sniffer-annotations/1.17/animal-sniffer-annotations-1.17.jar:/home/user/.m2/repository/io/opencensus/opencensus-api/0.17.0/opencensus-api-0.17.0.jar:/home/user/.m2/repository/io/opencensus/opencensus-contrib-grpc-metrics/0.17.0/opencensus-contrib-grpc-metrics-0.17.0.jar:/home/user/.m2/repository/io/netty/netty-codec-http2/4.1.30.Final/netty-codec-http2-4.1.30.Final.jar:/home/user/.m2/repository/io/netty/netty-codec-http/4.1.30.Final/netty-codec-http-4.1.30.Final.jar:/home/user/.m2/repository/io/netty/netty-codec/4.1.30.Final/netty-codec-4.1.30.Final.jar:/home/user/.m2/repository/io/netty/netty-handler/4.1.30.Final/netty-handler-4.1.30.Final.jar:/home/user/.m2/repository/io/netty/netty-handler-proxy/4.1.30.Final/netty-handler-proxy-4.1.30.Final.jar:/home/user/.m2/repository/io/netty/netty-codec-socks/4.1.30.Final/netty-codec-socks-4.1.30.Final.jar:/home/user/.m2/repository/io/netty/netty-transport-native-epoll/4.1.30.Final/netty-transport-native-epoll-4.1.30.Final.jar:/home/user/.m2/repository/io/netty/netty-common/4.1.30.Final/netty-common-4.1.30.Final.jar:/home/user/.m2/repository/io/netty/netty-buffer/4.1.30.Final/netty-buffer-4.1.30.Final.jar:/home/user/.m2/repository/io/netty/netty-transport/4.1.30.Final/netty-transport-4.1.30.Final.jar:/home/user/.m2/repository/io/netty/netty-resolver/4.1.30.Final/netty-resolver-4.1.30.Final.jar:/home/user/.m2/repository/io/netty/netty-transport-native-unix-common/4.1.30.Final/netty-transport-native-unix-common-4.1.30.Final.jar:/home/user/.m2/repository/io/grpc/grpc-protobuf/1.17.1/grpc-protobuf-1.17.1.jar:/home/user/.m2/repository/com/google/api/grpc/proto-google-common-protos/1.0.0/proto-google-common-protos-1.0.0.jar:/home/user/.m2/repository/io/grpc/grpc-protobuf-lite/1.17.1/grpc-protobuf-lite-1.17.1.jar:/home/user/.m2/repository/io/grpc/grpc-stub/1.17.1/grpc-stub-1.17.1.jar:/home/user/.m2/repository/org/apache/hadoop/hadoop-ozone-recon/0.5.0-SNAPSHOT/hadoop-ozone-recon-0.5.0-SNAPSHOT.jar:/home/user/.m2/repository/org/apache/hadoop/hadoop-ozone-reconcodegen/0.5.0-SNAPSHOT/hadoop-ozone-reconcodegen-0.5.0-SNAPSHOT.jar:/home/user/.m2/repository/com/google/inject/extensions/guice-multibindings/4.0/guice-multibindings-4.0.jar:/home/user/.m2/repository/com/google/inject/guice/4.0/guice-4.0.jar:/home/user/.m2/repository/aopalliance/aopalliance/1.0/aopalliance-1.0.jar:/home/user/.m2/repository/com/google/inject/extensions/guice-servlet/4.0/guice-servlet-4.0.jar:/home/user/.m2/repository/org/glassfish/jersey/containers/jersey-container-servlet/2.27/jersey-container-servlet-2.27.jar:/home/user/.m2/repository/org/glassfish/hk2/guice-bridge/2.5.0/guice-bridge-2.5.0.jar:/home/user/.m2/repository/org/glassfish/jersey/core/jersey-server/2.27/jersey-server-2.27.jar:/home/user/.m2/repository/org/glassfish/jersey/core/jersey-client/2.27/jersey-client-2.27.jar:/home/user/.m2/repository/org/glassfish/jersey/media/jersey-media-jaxb/2.27/jersey-media-jaxb-2.27.jar:/home/user/.m2/repository/javax/validation/validation-api/1.1.0.Final/validation-api-1.1.0.Final.jar:/home/user/.m2/repository/org/glassfish/jersey/media/jersey-media-json-jackson/2.27/jersey-media-json-jackson-2.27.jar:/home/user/.m2/repository/org/glassfish/jersey/ext/jersey-entity-filtering/2.27/jersey-entity-filtering-2.27.jar:/home/user/.m2/repository/com/google/inject/extensions/guice-assistedinject/4.0/guice-assistedinject-4.0.jar:/home/user/.m2/repository/org/jooq/jooq/3.11.10/jooq-3.11.10.jar:/home/user/.m2/repository/org/jooq/jooq-meta/3.11.10/jooq-meta-3.11.10.jar:/home/user/.m2/repository/org/jooq/jooq-codegen/3.11.10/jooq-codegen-3.11.10.jar:/home/user/.m2/repository/com/jolbox/bonecp/0.8.0.RELEASE/bonecp-0.8.0.RELEASE.jar:/home/user/.m2/repository/org/springframework/spring-jdbc/5.1.3.RELEASE/spring-jdbc-5.1.3.RELEASE.jar:/home/user/.m2/repository/org/springframework/spring-beans/5.1.3.RELEASE/spring-beans-5.1.3.RELEASE.jar:/home/user/.m2/repository/org/springframework/spring-core/5.1.3.RELEASE/spring-core-5.1.3.RELEASE.jar:/home/user/.m2/repository/org/springframework/spring-jcl/5.1.3.RELEASE/spring-jcl-5.1.3.RELEASE.jar:/home/user/.m2/repository/org/springframework/spring-tx/5.1.3.RELEASE/spring-tx-5.1.3.RELEASE.jar:/home/user/.m2/repository/org/mockito/mockito-core/2.15.0/mockito-core-2.15.0.jar:/home/user/.m2/repository/net/bytebuddy/byte-buddy/1.7.9/byte-buddy-1.7.9.jar:/home/user/.m2/repository/net/bytebuddy/byte-buddy-agent/1.7.9/byte-buddy-agent-1.7.9.jar:/home/user/.m2/repository/org/objenesis/objenesis/1.0/objenesis-1.0.jar:"/>
    <property name="sun.cpu.endian" value="little"/>
    <property name="user.home" value="/home/user"/>
    <property name="user.language" value="en"/>
    <property name="java.specification.vendor" value="Oracle Corporation"/>
    <property name="java.home" value="/usr/lib/jvm/java-1.8-openjdk/jre"/>
    <property name="java.security.krb5.conf" value="/workdir/hadoop-ozone/tools/target/test-classes/krb5.conf"/>
    <property name="basedir" value="/workdir/hadoop-ozone/tools"/>
    <property name="file.separator" value="/"/>
    <property name="line.separator" value="&#10;"/>
    <property name="java.vm.specification.vendor" value="Oracle Corporation"/>
    <property name="java.specification.name" value="Java Platform API Specification"/>
    <property name="java.awt.graphicsenv" value="sun.awt.X11GraphicsEnvironment"/>
    <property name="surefire.real.class.path" value="/workdir/hadoop-ozone/tools/target/surefire/surefirebooter3813129863665761678.jar"/>
    <property name="hadoop.log.dir" value="/workdir/hadoop-ozone/tools/target/log"/>
    <property name="sun.boot.class.path" value="/usr/lib/jvm/java-1.8-openjdk/jre/lib/resources.jar:/usr/lib/jvm/java-1.8-openjdk/jre/lib/rt.jar:/usr/lib/jvm/java-1.8-openjdk/jre/lib/sunrsasign.jar:/usr/lib/jvm/java-1.8-openjdk/jre/lib/jsse.jar:/usr/lib/jvm/java-1.8-openjdk/jre/lib/jce.jar:/usr/lib/jvm/java-1.8-openjdk/jre/lib/charsets.jar:/usr/lib/jvm/java-1.8-openjdk/jre/lib/jfr.jar:/usr/lib/jvm/java-1.8-openjdk/jre/classes"/>
    <property name="sun.management.compiler" value="HotSpot 64-Bit Tiered Compilers"/>
    <property name="java.runtime.version" value="1.8.0_212-b04"/>
    <property name="java.net.preferIPv4Stack" value="true"/>
    <property name="user.name" value="jenkins1000"/>
    <property name="path.separator" value=":"/>
    <property name="java.security.egd" value="file:///dev/urandom"/>
    <property name="os.version" value="3.10.0-957.12.2.el7.x86_64"/>
    <property name="java.endorsed.dirs" value="/usr/lib/jvm/java-1.8-openjdk/jre/lib/endorsed"/>
    <property name="java.runtime.name" value="OpenJDK Runtime Environment"/>
    <property name="file.encoding" value="UTF-8"/>
    <property name="java.vm.name" value="OpenJDK 64-Bit Server VM"/>
    <property name="test.build.webapps" value=""/>
    <property name="localRepository" value="/home/user/.m2/repository"/>
    <property name="java.vendor.url.bug" value="https://icedtea.classpath.org/bugzilla"/>
    <property name="java.io.tmpdir" value="/tmp"/>
    <property name="require.test.libhadoop" value=""/>
    <property name="java.version" value="1.8.0_212"/>
    <property name="user.dir" value="/workdir/hadoop-ozone/tools"/>
    <property name="os.arch" value="amd64"/>
    <property name="java.vm.specification.name" value="Java Virtual Machine Specification"/>
    <property name="test.build.classes" value="/workdir/hadoop-ozone/tools/target/test-classes"/>
    <property name="java.awt.printerjob" value="sun.print.PSPrinterJob"/>
    <property name="sun.os.patch.level" value="unknown"/>
    <property name="hadoop.tmp.dir" value="/workdir/hadoop-ozone/tools/target/tmp"/>
    <property name="java.library.path" value="/usr/lib/jvm/java-1.8-openjdk/jre/lib/amd64/server:/usr/lib/jvm/java-1.8-openjdk/jre/lib/amd64:/usr/lib/jvm/java-1.8-openjdk/jre/../lib/amd64:/workdir/hadoop-ozone/tools/target/native/target/usr/local/lib:/workdir/hadoop-ozone/tools/../../hadoop-common-project/hadoop-common/target/native/target/usr/local/lib:/usr/java/packages/lib/amd64:/usr/lib64:/lib64:/lib:/usr/lib"/>
    <property name="java.vm.info" value="mixed mode"/>
    <property name="java.vendor" value="IcedTea"/>
    <property name="java.vm.version" value="25.212-b04"/>
    <property name="java.ext.dirs" value="/usr/lib/jvm/java-1.8-openjdk/jre/lib/ext:/usr/java/packages/lib/ext"/>
    <property name="sun.io.unicode.encoding" value="UnicodeLittle"/>
    <property name="java.class.version" value="52.0"/>
  </properties>
  <testcase name="validateWriteTest" classname="org.apache.hadoop.ozone.freon.TestDataValidateWithDummyContainers" time="0.001"/>
  <testcase name="ratisTestLargeKey" classname="org.apache.hadoop.ozone.freon.TestDataValidateWithDummyContainers" time="5.581">
    <error message="Allocated 4 blocks. Requested 5 blocks" type="INTERNAL_ERROR org.apache.hadoop.ozone.om.exceptions.OMException">INTERNAL_ERROR org.apache.hadoop.ozone.om.exceptions.OMException: Allocated 4 blocks. Requested 5 blocks
	at org.apache.hadoop.ozone.om.protocolPB.OzoneManagerProtocolClientSideTranslatorPB.handleError(OzoneManagerProtocolClientSideTranslatorPB.java:732)
	at org.apache.hadoop.ozone.om.protocolPB.OzoneManagerProtocolClientSideTranslatorPB.openKey(OzoneManagerProtocolClientSideTranslatorPB.java:723)
	at sun.reflect.NativeMethodAccessorImpl.invoke0(Native Method)
	at sun.reflect.NativeMethodAccessorImpl.invoke(NativeMethodAccessorImpl.java:62)
	at sun.reflect.DelegatingMethodAccessorImpl.invoke(DelegatingMethodAccessorImpl.java:43)
	at java.lang.reflect.Method.invoke(Method.java:498)
	at org.apache.hadoop.hdds.tracing.TraceAllMethod.invoke(TraceAllMethod.java:66)
	at com.sun.proxy.$Proxy37.openKey(Unknown Source)
	at org.apache.hadoop.ozone.client.rpc.RpcClient.createKey(RpcClient.java:614)
	at org.apache.hadoop.ozone.client.OzoneBucket.createKey(OzoneBucket.java:325)
	at org.apache.hadoop.ozone.freon.RandomKeyGenerator.createKey(RandomKeyGenerator.java:695)
	at org.apache.hadoop.ozone.freon.RandomKeyGenerator.access$1100(RandomKeyGenerator.java:88)
	at org.apache.hadoop.ozone.freon.RandomKeyGenerator$ObjectCreator.run(RandomKeyGenerator.java:615)
	at java.util.concurrent.Executors$RunnableAdapter.call(Executors.java:511)
	at java.util.concurrent.FutureTask.run(FutureTask.java:266)
	at java.util.concurrent.ThreadPoolExecutor.runWorker(ThreadPoolExecutor.java:1149)
	at java.util.concurrent.ThreadPoolExecutor$Worker.run(ThreadPoolExecutor.java:624)
	at java.lang.Thread.run(Thread.java:748)
</error>
    <system-out><![CDATA[2019-10-10 13:56:23,876 [main] INFO  freon.RandomKeyGenerator (RandomKeyGenerator.java:call(258)) - Override validateWrites to false, because hdds.container.chunk.persistdata is set to false.
2019-10-10 13:56:24,184 [grpc-default-executor-0] INFO  impl.RaftServerProxy (RaftServerProxy.java:addNew(89)) - 39db11a1-2bf0-4888-8c59-fbc9f67196dc: addNew group-3BA45F7D3146:[39db11a1-2bf0-4888-8c59-fbc9f67196dc:192.168.5.143:36249] returns group-3BA45F7D3146:java.util.concurrent.CompletableFuture@78fba721[Not completed]
2019-10-10 13:56:24,213 [pool-27-thread-1] INFO  impl.RaftServerImpl (RaftServerImpl.java:<init>(95)) - 39db11a1-2bf0-4888-8c59-fbc9f67196dc: new RaftServerImpl for group-3BA45F7D3146:[39db11a1-2bf0-4888-8c59-fbc9f67196dc:192.168.5.143:36249] with ContainerStateMachine:uninitialized
2019-10-10 13:56:24,216 [pool-27-thread-1] INFO  server.RaftServerConfigKeys (ConfUtils.java:logGet(43)) - raft.server.rpc.timeout.min = 5s (custom)
2019-10-10 13:56:24,218 [pool-27-thread-1] INFO  server.RaftServerConfigKeys (ConfUtils.java:logGet(43)) - raft.server.rpc.timeout.max = 5200ms (custom)
2019-10-10 13:56:24,218 [pool-27-thread-1] INFO  server.RaftServerConfigKeys (ConfUtils.java:logGet(43)) - raft.server.rpcslowness.timeout = 120s (custom)
2019-10-10 13:56:24,219 [pool-27-thread-1] INFO  server.RaftServerConfigKeys (ConfUtils.java:logGet(43)) - raft.server.sleep.deviation.threshold = 300 (default)
2019-10-10 13:56:24,220 [pool-27-thread-1] INFO  server.RaftServerConfigKeys (ConfUtils.java:logGet(43)) - raft.server.log.appender.install.snapshot.enabled = false (custom)
2019-10-10 13:56:24,231 [pool-27-thread-1] INFO  impl.RaftServerImpl (ServerState.java:<init>(103)) - 39db11a1-2bf0-4888-8c59-fbc9f67196dc@group-3BA45F7D3146: ConfigurationManager, init=-1: [39db11a1-2bf0-4888-8c59-fbc9f67196dc:192.168.5.143:36249], old=null, confs=<EMPTY_MAP>
2019-10-10 13:56:24,232 [pool-27-thread-1] INFO  server.RaftServerConfigKeys (ConfUtils.java:logGet(43)) - raft.server.storage.dir = [/workdir/hadoop-ozone/tools/target/test-dir/MiniOzoneClusterImpl-bcdf28f0-062a-4770-a1ba-339398413d60/datanode-0/data/ratis] (custom)
2019-10-10 13:56:24,242 [pool-27-thread-1] INFO  storage.RaftStorageDirectory (RaftStorageDirectory.java:analyzeStorage(246)) - The storage directory /workdir/hadoop-ozone/tools/target/test-dir/MiniOzoneClusterImpl-bcdf28f0-062a-4770-a1ba-339398413d60/datanode-0/data/ratis/33849745-80a1-457a-bd14-3ba45f7d3146 does not exist. Creating ...
2019-10-10 13:56:24,265 [pool-27-thread-1] INFO  storage.RaftStorageDirectory (RaftStorageDirectory.java:tryLock(328)) - Lock on /workdir/hadoop-ozone/tools/target/test-dir/MiniOzoneClusterImpl-bcdf28f0-062a-4770-a1ba-339398413d60/datanode-0/data/ratis/33849745-80a1-457a-bd14-3ba45f7d3146/in_use.lock acquired by nodename 16603@pr-hdds-1569-9zzhf-258611273
2019-10-10 13:56:24,287 [pool-27-thread-1] INFO  storage.RaftStorage (RaftStorage.java:format(72)) - Storage directory /workdir/hadoop-ozone/tools/target/test-dir/MiniOzoneClusterImpl-bcdf28f0-062a-4770-a1ba-339398413d60/datanode-0/data/ratis/33849745-80a1-457a-bd14-3ba45f7d3146 has been successfully formatted.
2019-10-10 13:56:24,290 [pool-27-thread-1] INFO  ratis.ContainerStateMachine (ContainerStateMachine.java:loadSnapshot(230)) - group-3BA45F7D3146: The snapshot info is null. Setting the last applied indexto:(t:0, i:~)
2019-10-10 13:56:24,291 [pool-27-thread-1] INFO  server.RaftServerConfigKeys (ConfUtils.java:logGet(43)) - raft.server.notification.no-leader.timeout = 120s (custom)
2019-10-10 13:56:24,295 [pool-27-thread-1] INFO  server.RaftServerConfigKeys (ConfUtils.java:logGet(43)) - raft.server.log.use.memory = false (default)
2019-10-10 13:56:24,304 [pool-27-thread-1] INFO  server.RaftServerConfigKeys (ConfUtils.java:logGet(43)) - raft.server.log.purge.gap = 1000000 (custom)
2019-10-10 13:56:24,304 [pool-27-thread-1] INFO  server.RaftServerConfigKeys (ConfUtils.java:logGet(43)) - raft.server.log.appender.buffer.byte-limit = 33554432 (custom)
2019-10-10 13:56:24,308 [pool-27-thread-1] INFO  server.RaftServerConfigKeys (ConfUtils.java:logGet(43)) - raft.server.log.segment.size.max = 1048576 (custom)
2019-10-10 13:56:24,315 [pool-27-thread-1] INFO  server.RaftServerConfigKeys (ConfUtils.java:logGet(43)) - raft.server.log.segment.cache.num.max = 2 (custom)
2019-10-10 13:56:24,337 [pool-27-thread-1] INFO  segmented.SegmentedRaftLogWorker (SegmentedRaftLogWorker.java:<init>(172)) - new 39db11a1-2bf0-4888-8c59-fbc9f67196dc@group-3BA45F7D3146-SegmentedRaftLogWorker for RaftStorage:Storage Directory /workdir/hadoop-ozone/tools/target/test-dir/MiniOzoneClusterImpl-bcdf28f0-062a-4770-a1ba-339398413d60/datanode-0/data/ratis/33849745-80a1-457a-bd14-3ba45f7d3146
2019-10-10 13:56:24,340 [pool-27-thread-1] INFO  impl.MetricsSystemImpl (MetricsSystemImpl.java:init(158)) - ratis metrics system started (again)
2019-10-10 13:56:24,348 [pool-27-thread-1] INFO  metrics.MetricRegistries (MetricRegistriesLoader.java:load(64)) - Loaded MetricRegistries class org.apache.ratis.metrics.impl.MetricRegistriesImpl
2019-10-10 13:56:24,397 [pool-27-thread-1] INFO  server.RaftServerConfigKeys (ConfUtils.java:logGet(43)) - raft.server.log.queue.byte-limit = 2147483647 (custom)
2019-10-10 13:56:24,398 [pool-27-thread-1] INFO  server.RaftServerConfigKeys (ConfUtils.java:logGet(43)) - raft.server.log.queue.element-limit = 1024 (custom)
2019-10-10 13:56:24,402 [pool-27-thread-1] INFO  server.RaftServerConfigKeys (ConfUtils.java:logGet(43)) - raft.server.log.segment.size.max = 1048576 (custom)
2019-10-10 13:56:24,403 [pool-27-thread-1] INFO  server.RaftServerConfigKeys (ConfUtils.java:logGet(43)) - raft.server.log.preallocated.size = 16384 (custom)
2019-10-10 13:56:24,404 [pool-27-thread-1] INFO  server.RaftServerConfigKeys (ConfUtils.java:logGet(43)) - raft.server.log.write.buffer.size = 33554432 (custom)
2019-10-10 13:56:24,404 [pool-27-thread-1] INFO  server.RaftServerConfigKeys (ConfUtils.java:logGet(43)) - raft.server.log.force.sync.num = 128 (default)
2019-10-10 13:56:24,405 [pool-27-thread-1] INFO  server.RaftServerConfigKeys (ConfUtils.java:logGet(43)) - raft.server.log.statemachine.data.sync = true (default)
2019-10-10 13:56:24,405 [pool-27-thread-1] INFO  server.RaftServerConfigKeys (ConfUtils.java:logGet(43)) - raft.server.log.statemachine.data.sync.timeout = 10s (default)
2019-10-10 13:56:24,406 [pool-27-thread-1] INFO  server.RaftServerConfigKeys (ConfUtils.java:logGet(43)) - raft.server.log.statemachine.data.sync.timeout.retry = -1 (default)
2019-10-10 13:56:24,416 [main] INFO  freon.RandomKeyGenerator (RandomKeyGenerator.java:call(283)) - Number of Threads: 10
2019-10-10 13:56:24,416 [pool-27-thread-1] INFO  server.RaftServerConfigKeys (ConfUtils.java:logGet(43)) - raft.server.log.statemachine.data.caching.enabled = true (custom)
2019-10-10 13:56:24,417 [main] INFO  freon.RandomKeyGenerator (RandomKeyGenerator.java:call(288)) - Number of Volumes: 1.
2019-10-10 13:56:24,417 [main] INFO  freon.RandomKeyGenerator (RandomKeyGenerator.java:call(289)) - Number of Buckets per Volume: 1.
2019-10-10 13:56:24,417 [main] INFO  freon.RandomKeyGenerator (RandomKeyGenerator.java:call(290)) - Number of Keys per Bucket: 1.
2019-10-10 13:56:24,417 [main] INFO  freon.RandomKeyGenerator (RandomKeyGenerator.java:call(291)) - Key size: 20971520 bytes
2019-10-10 13:56:24,418 [main] INFO  freon.RandomKeyGenerator (RandomKeyGenerator.java:call(292)) - Buffer size: 4096 bytes
2019-10-10 13:56:24,418 [main] INFO  freon.RandomKeyGenerator (RandomKeyGenerator.java:call(293)) - validateWrites : false
2019-10-10 13:56:24,425 [pool-27-thread-1] INFO  segmented.SegmentedRaftLogWorker (SegmentedRaftLogWorker.java:lambda$new$0(132)) - 39db11a1-2bf0-4888-8c59-fbc9f67196dc@group-3BA45F7D3146-SegmentedRaftLogWorker: flushIndex: setUnconditionally 0 -> -1
2019-10-10 13:56:24,425 [main] INFO  freon.RandomKeyGenerator (RandomKeyGenerator.java:call(313)) - Starting progress bar Thread.

 0.00% |█                                                                                                    |  0/1 Time: 0:00:002019-10-10 13:56:24,429 [pool-27-thread-1] INFO  server.RaftServerConfigKeys (ConfUtils.java:logGet(43)) - raft.server.snapshot.auto.trigger.enabled = true (custom)
2019-10-10 13:56:24,430 [pool-27-thread-1] INFO  server.RaftServerConfigKeys (ConfUtils.java:logGet(43)) - raft.server.snapshot.auto.trigger.threshold = 10000 (custom)
2019-10-10 13:56:24,430 [pool-27-thread-1] INFO  server.RaftServerConfigKeys (ConfUtils.java:logGet(43)) - raft.server.snapshot.retention.num.files = 5 (custom)
2019-10-10 13:56:24,431 [pool-27-thread-1] INFO  server.RaftServerConfigKeys (ConfUtils.java:logGet(43)) - raft.server.retrycache.expirytime = 600000ms (custom)
2019-10-10 13:56:24,453 [pool-73-thread-1] INFO  rpc.RpcClient (RpcClient.java:createVolume(276)) - Creating Volume: vol-0-73690, with jenkins1000 as owner.
2019-10-10 13:56:24,468 [pool-27-thread-1] INFO  impl.RaftServerImpl (RaftServerImpl.java:start(185)) - 39db11a1-2bf0-4888-8c59-fbc9f67196dc@group-3BA45F7D3146: start as a follower, conf=-1: [39db11a1-2bf0-4888-8c59-fbc9f67196dc:192.168.5.143:36249], old=null
2019-10-10 13:56:24,469 [pool-27-thread-1] INFO  impl.RaftServerImpl (RaftServerImpl.java:setRole(174)) - 39db11a1-2bf0-4888-8c59-fbc9f67196dc@group-3BA45F7D3146: changes role from      null to FOLLOWER at term 0 for startAsFollower
2019-10-10 13:56:24,470 [pool-27-thread-1] INFO  impl.RoleInfo (RoleInfo.java:updateAndGet(143)) - 39db11a1-2bf0-4888-8c59-fbc9f67196dc: start FollowerState
2019-10-10 13:56:24,472 [pool-27-thread-1] INFO  util.JmxRegister (JmxRegister.java:tryRegister(44)) - Successfully registered JMX Bean with object name Ratis:service=RaftServer,group=group-3BA45F7D3146,id=39db11a1-2bf0-4888-8c59-fbc9f67196dc
2019-10-10 13:56:24,534 [RatisPipelineUtilsThread] INFO  pipeline.PipelineStateManager (PipelineStateManager.java:addPipeline(56)) - Created pipeline Pipeline[ Id: 33849745-80a1-457a-bd14-3ba45f7d3146, Nodes: 39db11a1-2bf0-4888-8c59-fbc9f67196dc{ip: 192.168.5.143, host: pr-hdds-1569-9zzhf-258611273, networkLocation: /default-rack, certSerialId: null}, Type:RATIS, Factor:ONE, State:OPEN]
2019-10-10 13:56:24,558 [grpc-default-executor-0] INFO  impl.RaftServerProxy (RaftServerProxy.java:addNew(89)) - 5218105c-ec00-489c-8975-03c8dbf7f3f7: addNew group-F9D5A8118D71:[5218105c-ec00-489c-8975-03c8dbf7f3f7:192.168.5.143:39229] returns group-F9D5A8118D71:java.util.concurrent.CompletableFuture@7311b256[Not completed]
2019-10-10 13:56:24,596 [pool-57-thread-1] INFO  impl.RaftServerImpl (RaftServerImpl.java:<init>(95)) - 5218105c-ec00-489c-8975-03c8dbf7f3f7: new RaftServerImpl for group-F9D5A8118D71:[5218105c-ec00-489c-8975-03c8dbf7f3f7:192.168.5.143:39229] with ContainerStateMachine:uninitialized
2019-10-10 13:56:24,597 [pool-57-thread-1] INFO  server.RaftServerConfigKeys (ConfUtils.java:logGet(43)) - raft.server.rpc.timeout.min = 5s (custom)
2019-10-10 13:56:24,597 [pool-57-thread-1] INFO  server.RaftServerConfigKeys (ConfUtils.java:logGet(43)) - raft.server.rpc.timeout.max = 5200ms (custom)
2019-10-10 13:56:24,597 [pool-57-thread-1] INFO  server.RaftServerConfigKeys (ConfUtils.java:logGet(43)) - raft.server.rpcslowness.timeout = 120s (custom)
2019-10-10 13:56:24,598 [pool-57-thread-1] INFO  server.RaftServerConfigKeys (ConfUtils.java:logGet(43)) - raft.server.sleep.deviation.threshold = 300 (default)
2019-10-10 13:56:24,598 [pool-57-thread-1] INFO  server.RaftServerConfigKeys (ConfUtils.java:logGet(43)) - raft.server.log.appender.install.snapshot.enabled = false (custom)
2019-10-10 13:56:24,598 [pool-57-thread-1] INFO  impl.RaftServerImpl (ServerState.java:<init>(103)) - 5218105c-ec00-489c-8975-03c8dbf7f3f7@group-F9D5A8118D71: ConfigurationManager, init=-1: [5218105c-ec00-489c-8975-03c8dbf7f3f7:192.168.5.143:39229], old=null, confs=<EMPTY_MAP>
2019-10-10 13:56:24,598 [pool-57-thread-1] INFO  server.RaftServerConfigKeys (ConfUtils.java:logGet(43)) - raft.server.storage.dir = [/workdir/hadoop-ozone/tools/target/test-dir/MiniOzoneClusterImpl-bcdf28f0-062a-4770-a1ba-339398413d60/datanode-3/data/ratis] (custom)
2019-10-10 13:56:24,599 [pool-57-thread-1] INFO  storage.RaftStorageDirectory (RaftStorageDirectory.java:analyzeStorage(246)) - The storage directory /workdir/hadoop-ozone/tools/target/test-dir/MiniOzoneClusterImpl-bcdf28f0-062a-4770-a1ba-339398413d60/datanode-3/data/ratis/54d6b363-5472-495b-bbdf-f9d5a8118d71 does not exist. Creating ...
2019-10-10 13:56:24,608 [IPC Server handler 7 on 35727] INFO  volume.OMVolumeCreateRequest (OMVolumeCreateRequest.java:validateAndUpdateCache(189)) - created volume:vol-0-73690 for user:jenkins1000
2019-10-10 13:56:24,623 [pool-57-thread-1] INFO  storage.RaftStorageDirectory (RaftStorageDirectory.java:tryLock(328)) - Lock on /workdir/hadoop-ozone/tools/target/test-dir/MiniOzoneClusterImpl-bcdf28f0-062a-4770-a1ba-339398413d60/datanode-3/data/ratis/54d6b363-5472-495b-bbdf-f9d5a8118d71/in_use.lock acquired by nodename 16603@pr-hdds-1569-9zzhf-258611273
2019-10-10 13:56:24,636 [pool-57-thread-1] INFO  storage.RaftStorage (RaftStorage.java:format(72)) - Storage directory /workdir/hadoop-ozone/tools/target/test-dir/MiniOzoneClusterImpl-bcdf28f0-062a-4770-a1ba-339398413d60/datanode-3/data/ratis/54d6b363-5472-495b-bbdf-f9d5a8118d71 has been successfully formatted.
2019-10-10 13:56:24,637 [pool-57-thread-1] INFO  ratis.ContainerStateMachine (ContainerStateMachine.java:loadSnapshot(230)) - group-F9D5A8118D71: The snapshot info is null. Setting the last applied indexto:(t:0, i:~)
2019-10-10 13:56:24,639 [pool-57-thread-1] INFO  server.RaftServerConfigKeys (ConfUtils.java:logGet(43)) - raft.server.notification.no-leader.timeout = 120s (custom)
2019-10-10 13:56:24,639 [pool-57-thread-1] INFO  server.RaftServerConfigKeys (ConfUtils.java:logGet(43)) - raft.server.log.use.memory = false (default)
2019-10-10 13:56:24,639 [pool-57-thread-1] INFO  server.RaftServerConfigKeys (ConfUtils.java:logGet(43)) - raft.server.log.purge.gap = 1000000 (custom)
2019-10-10 13:56:24,639 [pool-57-thread-1] INFO  server.RaftServerConfigKeys (ConfUtils.java:logGet(43)) - raft.server.log.appender.buffer.byte-limit = 33554432 (custom)
2019-10-10 13:56:24,639 [pool-57-thread-1] INFO  server.RaftServerConfigKeys (ConfUtils.java:logGet(43)) - raft.server.log.segment.size.max = 1048576 (custom)
2019-10-10 13:56:24,640 [pool-57-thread-1] INFO  server.RaftServerConfigKeys (ConfUtils.java:logGet(43)) - raft.server.log.segment.cache.num.max = 2 (custom)
2019-10-10 13:56:24,640 [pool-57-thread-1] INFO  segmented.SegmentedRaftLogWorker (SegmentedRaftLogWorker.java:<init>(172)) - new 5218105c-ec00-489c-8975-03c8dbf7f3f7@group-F9D5A8118D71-SegmentedRaftLogWorker for RaftStorage:Storage Directory /workdir/hadoop-ozone/tools/target/test-dir/MiniOzoneClusterImpl-bcdf28f0-062a-4770-a1ba-339398413d60/datanode-3/data/ratis/54d6b363-5472-495b-bbdf-f9d5a8118d71
2019-10-10 13:56:24,649 [pool-57-thread-1] INFO  server.RaftServerConfigKeys (ConfUtils.java:logGet(43)) - raft.server.log.queue.byte-limit = 2147483647 (custom)
2019-10-10 13:56:24,649 [pool-57-thread-1] INFO  server.RaftServerConfigKeys (ConfUtils.java:logGet(43)) - raft.server.log.queue.element-limit = 1024 (custom)
2019-10-10 13:56:24,649 [pool-57-thread-1] INFO  server.RaftServerConfigKeys (ConfUtils.java:logGet(43)) - raft.server.log.segment.size.max = 1048576 (custom)
2019-10-10 13:56:24,650 [pool-57-thread-1] INFO  server.RaftServerConfigKeys (ConfUtils.java:logGet(43)) - raft.server.log.preallocated.size = 16384 (custom)
2019-10-10 13:56:24,650 [pool-57-thread-1] INFO  server.RaftServerConfigKeys (ConfUtils.java:logGet(43)) - raft.server.log.write.buffer.size = 33554432 (custom)
2019-10-10 13:56:24,650 [pool-57-thread-1] INFO  server.RaftServerConfigKeys (ConfUtils.java:logGet(43)) - raft.server.log.force.sync.num = 128 (default)
2019-10-10 13:56:24,650 [pool-57-thread-1] INFO  server.RaftServerConfigKeys (ConfUtils.java:logGet(43)) - raft.server.log.statemachine.data.sync = true (default)
2019-10-10 13:56:24,650 [pool-57-thread-1] INFO  server.RaftServerConfigKeys (ConfUtils.java:logGet(43)) - raft.server.log.statemachine.data.sync.timeout = 10s (default)
2019-10-10 13:56:24,651 [pool-57-thread-1] INFO  server.RaftServerConfigKeys (ConfUtils.java:logGet(43)) - raft.server.log.statemachine.data.sync.timeout.retry = -1 (default)
2019-10-10 13:56:24,651 [pool-57-thread-1] INFO  server.RaftServerConfigKeys (ConfUtils.java:logGet(43)) - raft.server.log.statemachine.data.caching.enabled = true (custom)
2019-10-10 13:56:24,651 [pool-73-thread-2] INFO  rpc.RpcClient (RpcClient.java:createBucket(415)) - Creating Bucket: vol-0-73690/bucket-0-01548, with Versioning false and Storage Type set to DISK and Encryption set to false 
2019-10-10 13:56:24,652 [pool-57-thread-1] INFO  segmented.SegmentedRaftLogWorker (SegmentedRaftLogWorker.java:lambda$new$0(132)) - 5218105c-ec00-489c-8975-03c8dbf7f3f7@group-F9D5A8118D71-SegmentedRaftLogWorker: flushIndex: setUnconditionally 0 -> -1
2019-10-10 13:56:24,653 [pool-57-thread-1] INFO  server.RaftServerConfigKeys (ConfUtils.java:logGet(43)) - raft.server.snapshot.auto.trigger.enabled = true (custom)
2019-10-10 13:56:24,653 [pool-57-thread-1] INFO  server.RaftServerConfigKeys (ConfUtils.java:logGet(43)) - raft.server.snapshot.auto.trigger.threshold = 10000 (custom)
2019-10-10 13:56:24,653 [pool-57-thread-1] INFO  server.RaftServerConfigKeys (ConfUtils.java:logGet(43)) - raft.server.snapshot.retention.num.files = 5 (custom)
2019-10-10 13:56:24,654 [pool-57-thread-1] INFO  server.RaftServerConfigKeys (ConfUtils.java:logGet(43)) - raft.server.retrycache.expirytime = 600000ms (custom)
2019-10-10 13:56:24,659 [pool-57-thread-1] INFO  impl.RaftServerImpl (RaftServerImpl.java:start(185)) - 5218105c-ec00-489c-8975-03c8dbf7f3f7@group-F9D5A8118D71: start as a follower, conf=-1: [5218105c-ec00-489c-8975-03c8dbf7f3f7:192.168.5.143:39229], old=null
2019-10-10 13:56:24,660 [pool-57-thread-1] INFO  impl.RaftServerImpl (RaftServerImpl.java:setRole(174)) - 5218105c-ec00-489c-8975-03c8dbf7f3f7@group-F9D5A8118D71: changes role from      null to FOLLOWER at term 0 for startAsFollower
2019-10-10 13:56:24,660 [pool-57-thread-1] INFO  impl.RoleInfo (RoleInfo.java:updateAndGet(143)) - 5218105c-ec00-489c-8975-03c8dbf7f3f7: start FollowerState
2019-10-10 13:56:24,661 [pool-57-thread-1] INFO  util.JmxRegister (JmxRegister.java:tryRegister(44)) - Successfully registered JMX Bean with object name Ratis:service=RaftServer,group=group-F9D5A8118D71,id=5218105c-ec00-489c-8975-03c8dbf7f3f7
2019-10-10 13:56:24,681 [RatisPipelineUtilsThread] INFO  pipeline.PipelineStateManager (PipelineStateManager.java:addPipeline(56)) - Created pipeline Pipeline[ Id: 54d6b363-5472-495b-bbdf-f9d5a8118d71, Nodes: 5218105c-ec00-489c-8975-03c8dbf7f3f7{ip: 192.168.5.143, host: pr-hdds-1569-9zzhf-258611273, networkLocation: /default-rack, certSerialId: null}, Type:RATIS, Factor:ONE, State:OPEN]
2019-10-10 13:56:24,707 [grpc-default-executor-0] INFO  impl.RaftServerProxy (RaftServerProxy.java:addNew(89)) - 15ba042c-ab06-4316-a093-57bc1e6c44e0: addNew group-50800C4A9D32:[15ba042c-ab06-4316-a093-57bc1e6c44e0:192.168.5.143:37743] returns group-50800C4A9D32:java.util.concurrent.CompletableFuture@c33b2a0[Not completed]
2019-10-10 13:56:24,728 [pool-67-thread-1] INFO  impl.RaftServerImpl (RaftServerImpl.java:<init>(95)) - 15ba042c-ab06-4316-a093-57bc1e6c44e0: new RaftServerImpl for group-50800C4A9D32:[15ba042c-ab06-4316-a093-57bc1e6c44e0:192.168.5.143:37743] with ContainerStateMachine:uninitialized
2019-10-10 13:56:24,728 [pool-67-thread-1] INFO  server.RaftServerConfigKeys (ConfUtils.java:logGet(43)) - raft.server.rpc.timeout.min = 5s (custom)
2019-10-10 13:56:24,729 [pool-67-thread-1] INFO  server.RaftServerConfigKeys (ConfUtils.java:logGet(43)) - raft.server.rpc.timeout.max = 5200ms (custom)
2019-10-10 13:56:24,729 [pool-67-thread-1] INFO  server.RaftServerConfigKeys (ConfUtils.java:logGet(43)) - raft.server.rpcslowness.timeout = 120s (custom)
2019-10-10 13:56:24,729 [pool-67-thread-1] INFO  server.RaftServerConfigKeys (ConfUtils.java:logGet(43)) - raft.server.sleep.deviation.threshold = 300 (default)
2019-10-10 13:56:24,729 [pool-67-thread-1] INFO  server.RaftServerConfigKeys (ConfUtils.java:logGet(43)) - raft.server.log.appender.install.snapshot.enabled = false (custom)
2019-10-10 13:56:24,729 [pool-67-thread-1] INFO  impl.RaftServerImpl (ServerState.java:<init>(103)) - 15ba042c-ab06-4316-a093-57bc1e6c44e0@group-50800C4A9D32: ConfigurationManager, init=-1: [15ba042c-ab06-4316-a093-57bc1e6c44e0:192.168.5.143:37743], old=null, confs=<EMPTY_MAP>
2019-10-10 13:56:24,730 [pool-67-thread-1] INFO  server.RaftServerConfigKeys (ConfUtils.java:logGet(43)) - raft.server.storage.dir = [/workdir/hadoop-ozone/tools/target/test-dir/MiniOzoneClusterImpl-bcdf28f0-062a-4770-a1ba-339398413d60/datanode-4/data/ratis] (custom)
2019-10-10 13:56:24,730 [pool-67-thread-1] INFO  storage.RaftStorageDirectory (RaftStorageDirectory.java:analyzeStorage(246)) - The storage directory /workdir/hadoop-ozone/tools/target/test-dir/MiniOzoneClusterImpl-bcdf28f0-062a-4770-a1ba-339398413d60/datanode-4/data/ratis/e941c50e-5b78-4ca8-af60-50800c4a9d32 does not exist. Creating ...
2019-10-10 13:56:24,743 [pool-67-thread-1] INFO  storage.RaftStorageDirectory (RaftStorageDirectory.java:tryLock(328)) - Lock on /workdir/hadoop-ozone/tools/target/test-dir/MiniOzoneClusterImpl-bcdf28f0-062a-4770-a1ba-339398413d60/datanode-4/data/ratis/e941c50e-5b78-4ca8-af60-50800c4a9d32/in_use.lock acquired by nodename 16603@pr-hdds-1569-9zzhf-258611273
2019-10-10 13:56:24,764 [pool-67-thread-1] INFO  storage.RaftStorage (RaftStorage.java:format(72)) - Storage directory /workdir/hadoop-ozone/tools/target/test-dir/MiniOzoneClusterImpl-bcdf28f0-062a-4770-a1ba-339398413d60/datanode-4/data/ratis/e941c50e-5b78-4ca8-af60-50800c4a9d32 has been successfully formatted.
2019-10-10 13:56:24,765 [pool-67-thread-1] INFO  ratis.ContainerStateMachine (ContainerStateMachine.java:loadSnapshot(230)) - group-50800C4A9D32: The snapshot info is null. Setting the last applied indexto:(t:0, i:~)
2019-10-10 13:56:24,765 [pool-67-thread-1] INFO  server.RaftServerConfigKeys (ConfUtils.java:logGet(43)) - raft.server.notification.no-leader.timeout = 120s (custom)
2019-10-10 13:56:24,767 [pool-67-thread-1] INFO  server.RaftServerConfigKeys (ConfUtils.java:logGet(43)) - raft.server.log.use.memory = false (default)
2019-10-10 13:56:24,767 [pool-67-thread-1] INFO  server.RaftServerConfigKeys (ConfUtils.java:logGet(43)) - raft.server.log.purge.gap = 1000000 (custom)
2019-10-10 13:56:24,767 [pool-67-thread-1] INFO  server.RaftServerConfigKeys (ConfUtils.java:logGet(43)) - raft.server.log.appender.buffer.byte-limit = 33554432 (custom)
2019-10-10 13:56:24,768 [pool-67-thread-1] INFO  server.RaftServerConfigKeys (ConfUtils.java:logGet(43)) - raft.server.log.segment.size.max = 1048576 (custom)
2019-10-10 13:56:24,768 [pool-67-thread-1] INFO  server.RaftServerConfigKeys (ConfUtils.java:logGet(43)) - raft.server.log.segment.cache.num.max = 2 (custom)
2019-10-10 13:56:24,768 [pool-67-thread-1] INFO  segmented.SegmentedRaftLogWorker (SegmentedRaftLogWorker.java:<init>(172)) - new 15ba042c-ab06-4316-a093-57bc1e6c44e0@group-50800C4A9D32-SegmentedRaftLogWorker for RaftStorage:Storage Directory /workdir/hadoop-ozone/tools/target/test-dir/MiniOzoneClusterImpl-bcdf28f0-062a-4770-a1ba-339398413d60/datanode-4/data/ratis/e941c50e-5b78-4ca8-af60-50800c4a9d32
2019-10-10 13:56:24,800 [pool-67-thread-1] INFO  server.RaftServerConfigKeys (ConfUtils.java:logGet(43)) - raft.server.log.queue.byte-limit = 2147483647 (custom)
2019-10-10 13:56:24,800 [pool-67-thread-1] INFO  server.RaftServerConfigKeys (ConfUtils.java:logGet(43)) - raft.server.log.queue.element-limit = 1024 (custom)
2019-10-10 13:56:24,800 [pool-67-thread-1] INFO  server.RaftServerConfigKeys (ConfUtils.java:logGet(43)) - raft.server.log.segment.size.max = 1048576 (custom)
2019-10-10 13:56:24,801 [pool-67-thread-1] INFO  server.RaftServerConfigKeys (ConfUtils.java:logGet(43)) - raft.server.log.preallocated.size = 16384 (custom)
2019-10-10 13:56:24,801 [pool-67-thread-1] INFO  server.RaftServerConfigKeys (ConfUtils.java:logGet(43)) - raft.server.log.write.buffer.size = 33554432 (custom)
2019-10-10 13:56:24,801 [pool-67-thread-1] INFO  server.RaftServerConfigKeys (ConfUtils.java:logGet(43)) - raft.server.log.force.sync.num = 128 (default)
2019-10-10 13:56:24,801 [pool-67-thread-1] INFO  server.RaftServerConfigKeys (ConfUtils.java:logGet(43)) - raft.server.log.statemachine.data.sync = true (default)
2019-10-10 13:56:24,802 [pool-67-thread-1] INFO  server.RaftServerConfigKeys (ConfUtils.java:logGet(43)) - raft.server.log.statemachine.data.sync.timeout = 10s (default)
2019-10-10 13:56:24,802 [pool-67-thread-1] INFO  server.RaftServerConfigKeys (ConfUtils.java:logGet(43)) - raft.server.log.statemachine.data.sync.timeout.retry = -1 (default)
2019-10-10 13:56:24,802 [pool-67-thread-1] INFO  server.RaftServerConfigKeys (ConfUtils.java:logGet(43)) - raft.server.log.statemachine.data.caching.enabled = true (custom)
2019-10-10 13:56:24,803 [pool-67-thread-1] INFO  segmented.SegmentedRaftLogWorker (SegmentedRaftLogWorker.java:lambda$new$0(132)) - 15ba042c-ab06-4316-a093-57bc1e6c44e0@group-50800C4A9D32-SegmentedRaftLogWorker: flushIndex: setUnconditionally 0 -> -1
2019-10-10 13:56:24,803 [pool-67-thread-1] INFO  server.RaftServerConfigKeys (ConfUtils.java:logGet(43)) - raft.server.snapshot.auto.trigger.enabled = true (custom)
2019-10-10 13:56:24,804 [pool-67-thread-1] INFO  server.RaftServerConfigKeys (ConfUtils.java:logGet(43)) - raft.server.snapshot.auto.trigger.threshold = 10000 (custom)
2019-10-10 13:56:24,804 [pool-67-thread-1] INFO  server.RaftServerConfigKeys (ConfUtils.java:logGet(43)) - raft.server.snapshot.retention.num.files = 5 (custom)
2019-10-10 13:56:24,804 [pool-67-thread-1] INFO  server.RaftServerConfigKeys (ConfUtils.java:logGet(43)) - raft.server.retrycache.expirytime = 600000ms (custom)
2019-10-10 13:56:24,811 [pool-67-thread-1] INFO  impl.RaftServerImpl (RaftServerImpl.java:start(185)) - 15ba042c-ab06-4316-a093-57bc1e6c44e0@group-50800C4A9D32: start as a follower, conf=-1: [15ba042c-ab06-4316-a093-57bc1e6c44e0:192.168.5.143:37743], old=null
2019-10-10 13:56:24,811 [pool-67-thread-1] INFO  impl.RaftServerImpl (RaftServerImpl.java:setRole(174)) - 15ba042c-ab06-4316-a093-57bc1e6c44e0@group-50800C4A9D32: changes role from      null to FOLLOWER at term 0 for startAsFollower
2019-10-10 13:56:24,811 [pool-67-thread-1] INFO  impl.RoleInfo (RoleInfo.java:updateAndGet(143)) - 15ba042c-ab06-4316-a093-57bc1e6c44e0: start FollowerState
2019-10-10 13:56:24,812 [pool-67-thread-1] INFO  util.JmxRegister (JmxRegister.java:tryRegister(44)) - Successfully registered JMX Bean with object name Ratis:service=RaftServer,group=group-50800C4A9D32,id=15ba042c-ab06-4316-a093-57bc1e6c44e0
2019-10-10 13:56:24,824 [RatisPipelineUtilsThread] INFO  pipeline.PipelineStateManager (PipelineStateManager.java:addPipeline(56)) - Created pipeline Pipeline[ Id: e941c50e-5b78-4ca8-af60-50800c4a9d32, Nodes: 15ba042c-ab06-4316-a093-57bc1e6c44e0{ip: 192.168.5.143, host: pr-hdds-1569-9zzhf-258611273, networkLocation: /default-rack, certSerialId: null}, Type:RATIS, Factor:ONE, State:OPEN]
2019-10-10 13:56:24,845 [grpc-default-executor-0] INFO  impl.RaftServerProxy (RaftServerProxy.java:addNew(89)) - d5a64498-0763-4a42-aa87-ac8414963a4d: addNew group-813516E8CBC2:[d5a64498-0763-4a42-aa87-ac8414963a4d:192.168.5.143:34030] returns group-813516E8CBC2:java.util.concurrent.CompletableFuture@7629f855[Not completed]
2019-10-10 13:56:24,852 [pool-47-thread-1] INFO  impl.RaftServerImpl (RaftServerImpl.java:<init>(95)) - d5a64498-0763-4a42-aa87-ac8414963a4d: new RaftServerImpl for group-813516E8CBC2:[d5a64498-0763-4a42-aa87-ac8414963a4d:192.168.5.143:34030] with ContainerStateMachine:uninitialized
2019-10-10 13:56:24,856 [pool-47-thread-1] INFO  server.RaftServerConfigKeys (ConfUtils.java:logGet(43)) - raft.server.rpc.timeout.min = 5s (custom)
2019-10-10 13:56:24,856 [pool-47-thread-1] INFO  server.RaftServerConfigKeys (ConfUtils.java:logGet(43)) - raft.server.rpc.timeout.max = 5200ms (custom)
2019-10-10 13:56:24,857 [pool-47-thread-1] INFO  server.RaftServerConfigKeys (ConfUtils.java:logGet(43)) - raft.server.rpcslowness.timeout = 120s (custom)
2019-10-10 13:56:24,857 [pool-47-thread-1] INFO  server.RaftServerConfigKeys (ConfUtils.java:logGet(43)) - raft.server.sleep.deviation.threshold = 300 (default)
2019-10-10 13:56:24,857 [pool-47-thread-1] INFO  server.RaftServerConfigKeys (ConfUtils.java:logGet(43)) - raft.server.log.appender.install.snapshot.enabled = false (custom)
2019-10-10 13:56:24,858 [pool-47-thread-1] INFO  impl.RaftServerImpl (ServerState.java:<init>(103)) - d5a64498-0763-4a42-aa87-ac8414963a4d@group-813516E8CBC2: ConfigurationManager, init=-1: [d5a64498-0763-4a42-aa87-ac8414963a4d:192.168.5.143:34030], old=null, confs=<EMPTY_MAP>
2019-10-10 13:56:24,858 [pool-47-thread-1] INFO  server.RaftServerConfigKeys (ConfUtils.java:logGet(43)) - raft.server.storage.dir = [/workdir/hadoop-ozone/tools/target/test-dir/MiniOzoneClusterImpl-bcdf28f0-062a-4770-a1ba-339398413d60/datanode-2/data/ratis] (custom)
2019-10-10 13:56:24,859 [pool-47-thread-1] INFO  storage.RaftStorageDirectory (RaftStorageDirectory.java:analyzeStorage(246)) - The storage directory /workdir/hadoop-ozone/tools/target/test-dir/MiniOzoneClusterImpl-bcdf28f0-062a-4770-a1ba-339398413d60/datanode-2/data/ratis/4d5d226c-21ca-4dbe-8b04-813516e8cbc2 does not exist. Creating ...
2019-10-10 13:56:24,884 [pool-47-thread-1] INFO  storage.RaftStorageDirectory (RaftStorageDirectory.java:tryLock(328)) - Lock on /workdir/hadoop-ozone/tools/target/test-dir/MiniOzoneClusterImpl-bcdf28f0-062a-4770-a1ba-339398413d60/datanode-2/data/ratis/4d5d226c-21ca-4dbe-8b04-813516e8cbc2/in_use.lock acquired by nodename 16603@pr-hdds-1569-9zzhf-258611273
2019-10-10 13:56:24,897 [pool-47-thread-1] INFO  storage.RaftStorage (RaftStorage.java:format(72)) - Storage directory /workdir/hadoop-ozone/tools/target/test-dir/MiniOzoneClusterImpl-bcdf28f0-062a-4770-a1ba-339398413d60/datanode-2/data/ratis/4d5d226c-21ca-4dbe-8b04-813516e8cbc2 has been successfully formatted.
2019-10-10 13:56:24,897 [pool-47-thread-1] INFO  ratis.ContainerStateMachine (ContainerStateMachine.java:loadSnapshot(230)) - group-813516E8CBC2: The snapshot info is null. Setting the last applied indexto:(t:0, i:~)
2019-10-10 13:56:24,898 [pool-47-thread-1] INFO  server.RaftServerConfigKeys (ConfUtils.java:logGet(43)) - raft.server.notification.no-leader.timeout = 120s (custom)
2019-10-10 13:56:24,898 [pool-47-thread-1] INFO  server.RaftServerConfigKeys (ConfUtils.java:logGet(43)) - raft.server.log.use.memory = false (default)
2019-10-10 13:56:24,898 [pool-47-thread-1] INFO  server.RaftServerConfigKeys (ConfUtils.java:logGet(43)) - raft.server.log.purge.gap = 1000000 (custom)
2019-10-10 13:56:24,898 [pool-47-thread-1] INFO  server.RaftServerConfigKeys (ConfUtils.java:logGet(43)) - raft.server.log.appender.buffer.byte-limit = 33554432 (custom)
2019-10-10 13:56:24,899 [pool-47-thread-1] INFO  server.RaftServerConfigKeys (ConfUtils.java:logGet(43)) - raft.server.log.segment.size.max = 1048576 (custom)
2019-10-10 13:56:24,899 [pool-47-thread-1] INFO  server.RaftServerConfigKeys (ConfUtils.java:logGet(43)) - raft.server.log.segment.cache.num.max = 2 (custom)
2019-10-10 13:56:24,899 [pool-47-thread-1] INFO  segmented.SegmentedRaftLogWorker (SegmentedRaftLogWorker.java:<init>(172)) - new d5a64498-0763-4a42-aa87-ac8414963a4d@group-813516E8CBC2-SegmentedRaftLogWorker for RaftStorage:Storage Directory /workdir/hadoop-ozone/tools/target/test-dir/MiniOzoneClusterImpl-bcdf28f0-062a-4770-a1ba-339398413d60/datanode-2/data/ratis/4d5d226c-21ca-4dbe-8b04-813516e8cbc2
2019-10-10 13:56:24,905 [pool-47-thread-1] INFO  server.RaftServerConfigKeys (ConfUtils.java:logGet(43)) - raft.server.log.queue.byte-limit = 2147483647 (custom)
2019-10-10 13:56:24,905 [pool-47-thread-1] INFO  server.RaftServerConfigKeys (ConfUtils.java:logGet(43)) - raft.server.log.queue.element-limit = 1024 (custom)
2019-10-10 13:56:24,905 [pool-47-thread-1] INFO  server.RaftServerConfigKeys (ConfUtils.java:logGet(43)) - raft.server.log.segment.size.max = 1048576 (custom)
2019-10-10 13:56:24,906 [pool-47-thread-1] INFO  server.RaftServerConfigKeys (ConfUtils.java:logGet(43)) - raft.server.log.preallocated.size = 16384 (custom)
2019-10-10 13:56:24,906 [pool-47-thread-1] INFO  server.RaftServerConfigKeys (ConfUtils.java:logGet(43)) - raft.server.log.write.buffer.size = 33554432 (custom)
2019-10-10 13:56:24,906 [pool-47-thread-1] INFO  server.RaftServerConfigKeys (ConfUtils.java:logGet(43)) - raft.server.log.force.sync.num = 128 (default)
2019-10-10 13:56:24,906 [pool-47-thread-1] INFO  server.RaftServerConfigKeys (ConfUtils.java:logGet(43)) - raft.server.log.statemachine.data.sync = true (default)
2019-10-10 13:56:24,906 [pool-47-thread-1] INFO  server.RaftServerConfigKeys (ConfUtils.java:logGet(43)) - raft.server.log.statemachine.data.sync.timeout = 10s (default)
2019-10-10 13:56:24,907 [pool-47-thread-1] INFO  server.RaftServerConfigKeys (ConfUtils.java:logGet(43)) - raft.server.log.statemachine.data.sync.timeout.retry = -1 (default)
2019-10-10 13:56:24,907 [pool-47-thread-1] INFO  server.RaftServerConfigKeys (ConfUtils.java:logGet(43)) - raft.server.log.statemachine.data.caching.enabled = true (custom)
2019-10-10 13:56:24,907 [pool-47-thread-1] INFO  segmented.SegmentedRaftLogWorker (SegmentedRaftLogWorker.java:lambda$new$0(132)) - d5a64498-0763-4a42-aa87-ac8414963a4d@group-813516E8CBC2-SegmentedRaftLogWorker: flushIndex: setUnconditionally 0 -> -1
2019-10-10 13:56:24,908 [pool-47-thread-1] INFO  server.RaftServerConfigKeys (ConfUtils.java:logGet(43)) - raft.server.snapshot.auto.trigger.enabled = true (custom)
2019-10-10 13:56:24,908 [pool-47-thread-1] INFO  server.RaftServerConfigKeys (ConfUtils.java:logGet(43)) - raft.server.snapshot.auto.trigger.threshold = 10000 (custom)
2019-10-10 13:56:24,908 [pool-47-thread-1] INFO  server.RaftServerConfigKeys (ConfUtils.java:logGet(43)) - raft.server.snapshot.retention.num.files = 5 (custom)
2019-10-10 13:56:24,908 [pool-47-thread-1] INFO  server.RaftServerConfigKeys (ConfUtils.java:logGet(43)) - raft.server.retrycache.expirytime = 600000ms (custom)
2019-10-10 13:56:24,914 [pool-47-thread-1] INFO  impl.RaftServerImpl (RaftServerImpl.java:start(185)) - d5a64498-0763-4a42-aa87-ac8414963a4d@group-813516E8CBC2: start as a follower, conf=-1: [d5a64498-0763-4a42-aa87-ac8414963a4d:192.168.5.143:34030], old=null
2019-10-10 13:56:24,914 [pool-47-thread-1] INFO  impl.RaftServerImpl (RaftServerImpl.java:setRole(174)) - d5a64498-0763-4a42-aa87-ac8414963a4d@group-813516E8CBC2: changes role from      null to FOLLOWER at term 0 for startAsFollower
2019-10-10 13:56:24,914 [pool-47-thread-1] INFO  impl.RoleInfo (RoleInfo.java:updateAndGet(143)) - d5a64498-0763-4a42-aa87-ac8414963a4d: start FollowerState
2019-10-10 13:56:24,915 [pool-47-thread-1] INFO  util.JmxRegister (JmxRegister.java:tryRegister(44)) - Successfully registered JMX Bean with object name Ratis:service=RaftServer,group=group-813516E8CBC2,id=d5a64498-0763-4a42-aa87-ac8414963a4d
2019-10-10 13:56:24,930 [RatisPipelineUtilsThread] INFO  pipeline.PipelineStateManager (PipelineStateManager.java:addPipeline(56)) - Created pipeline Pipeline[ Id: 4d5d226c-21ca-4dbe-8b04-813516e8cbc2, Nodes: d5a64498-0763-4a42-aa87-ac8414963a4d{ip: 192.168.5.143, host: pr-hdds-1569-9zzhf-258611273, networkLocation: /default-rack, certSerialId: null}, Type:RATIS, Factor:ONE, State:OPEN]
2019-10-10 13:56:24,958 [grpc-default-executor-0] INFO  impl.RaftServerProxy (RaftServerProxy.java:addNew(89)) - 3c54e875-d475-43fa-939e-86f411c5e19c: addNew group-DC35A29F10D7:[3c54e875-d475-43fa-939e-86f411c5e19c:192.168.5.143:45288] returns group-DC35A29F10D7:java.util.concurrent.CompletableFuture@75765b4[Not completed]
2019-10-10 13:56:24,961 [pool-37-thread-1] INFO  impl.RaftServerImpl (RaftServerImpl.java:<init>(95)) - 3c54e875-d475-43fa-939e-86f411c5e19c: new RaftServerImpl for group-DC35A29F10D7:[3c54e875-d475-43fa-939e-86f411c5e19c:192.168.5.143:45288] with ContainerStateMachine:uninitialized
2019-10-10 13:56:24,961 [pool-37-thread-1] INFO  server.RaftServerConfigKeys (ConfUtils.java:logGet(43)) - raft.server.rpc.timeout.min = 5s (custom)
2019-10-10 13:56:24,962 [pool-37-thread-1] INFO  server.RaftServerConfigKeys (ConfUtils.java:logGet(43)) - raft.server.rpc.timeout.max = 5200ms (custom)
2019-10-10 13:56:24,962 [pool-37-thread-1] INFO  server.RaftServerConfigKeys (ConfUtils.java:logGet(43)) - raft.server.rpcslowness.timeout = 120s (custom)
2019-10-10 13:56:24,962 [pool-37-thread-1] INFO  server.RaftServerConfigKeys (ConfUtils.java:logGet(43)) - raft.server.sleep.deviation.threshold = 300 (default)
2019-10-10 13:56:24,962 [pool-37-thread-1] INFO  server.RaftServerConfigKeys (ConfUtils.java:logGet(43)) - raft.server.log.appender.install.snapshot.enabled = false (custom)
2019-10-10 13:56:24,964 [pool-37-thread-1] INFO  impl.RaftServerImpl (ServerState.java:<init>(103)) - 3c54e875-d475-43fa-939e-86f411c5e19c@group-DC35A29F10D7: ConfigurationManager, init=-1: [3c54e875-d475-43fa-939e-86f411c5e19c:192.168.5.143:45288], old=null, confs=<EMPTY_MAP>
2019-10-10 13:56:24,965 [pool-37-thread-1] INFO  server.RaftServerConfigKeys (ConfUtils.java:logGet(43)) - raft.server.storage.dir = [/workdir/hadoop-ozone/tools/target/test-dir/MiniOzoneClusterImpl-bcdf28f0-062a-4770-a1ba-339398413d60/datanode-1/data/ratis] (custom)
2019-10-10 13:56:24,965 [pool-37-thread-1] INFO  storage.RaftStorageDirectory (RaftStorageDirectory.java:analyzeStorage(246)) - The storage directory /workdir/hadoop-ozone/tools/target/test-dir/MiniOzoneClusterImpl-bcdf28f0-062a-4770-a1ba-339398413d60/datanode-1/data/ratis/e22072de-5c22-4047-b0b1-dc35a29f10d7 does not exist. Creating ...
2019-10-10 13:56:24,978 [pool-37-thread-1] INFO  storage.RaftStorageDirectory (RaftStorageDirectory.java:tryLock(328)) - Lock on /workdir/hadoop-ozone/tools/target/test-dir/MiniOzoneClusterImpl-bcdf28f0-062a-4770-a1ba-339398413d60/datanode-1/data/ratis/e22072de-5c22-4047-b0b1-dc35a29f10d7/in_use.lock acquired by nodename 16603@pr-hdds-1569-9zzhf-258611273
2019-10-10 13:56:25,003 [pool-37-thread-1] INFO  storage.RaftStorage (RaftStorage.java:format(72)) - Storage directory /workdir/hadoop-ozone/tools/target/test-dir/MiniOzoneClusterImpl-bcdf28f0-062a-4770-a1ba-339398413d60/datanode-1/data/ratis/e22072de-5c22-4047-b0b1-dc35a29f10d7 has been successfully formatted.
2019-10-10 13:56:25,004 [pool-37-thread-1] INFO  ratis.ContainerStateMachine (ContainerStateMachine.java:loadSnapshot(230)) - group-DC35A29F10D7: The snapshot info is null. Setting the last applied indexto:(t:0, i:~)
2019-10-10 13:56:25,004 [pool-37-thread-1] INFO  server.RaftServerConfigKeys (ConfUtils.java:logGet(43)) - raft.server.notification.no-leader.timeout = 120s (custom)
2019-10-10 13:56:25,004 [pool-37-thread-1] INFO  server.RaftServerConfigKeys (ConfUtils.java:logGet(43)) - raft.server.log.use.memory = false (default)
2019-10-10 13:56:25,005 [pool-37-thread-1] INFO  server.RaftServerConfigKeys (ConfUtils.java:logGet(43)) - raft.server.log.purge.gap = 1000000 (custom)
2019-10-10 13:56:25,005 [pool-37-thread-1] INFO  server.RaftServerConfigKeys (ConfUtils.java:logGet(43)) - raft.server.log.appender.buffer.byte-limit = 33554432 (custom)
2019-10-10 13:56:25,005 [pool-37-thread-1] INFO  server.RaftServerConfigKeys (ConfUtils.java:logGet(43)) - raft.server.log.segment.size.max = 1048576 (custom)
2019-10-10 13:56:25,005 [pool-37-thread-1] INFO  server.RaftServerConfigKeys (ConfUtils.java:logGet(43)) - raft.server.log.segment.cache.num.max = 2 (custom)
2019-10-10 13:56:25,005 [pool-37-thread-1] INFO  segmented.SegmentedRaftLogWorker (SegmentedRaftLogWorker.java:<init>(172)) - new 3c54e875-d475-43fa-939e-86f411c5e19c@group-DC35A29F10D7-SegmentedRaftLogWorker for RaftStorage:Storage Directory /workdir/hadoop-ozone/tools/target/test-dir/MiniOzoneClusterImpl-bcdf28f0-062a-4770-a1ba-339398413d60/datanode-1/data/ratis/e22072de-5c22-4047-b0b1-dc35a29f10d7
2019-10-10 13:56:25,010 [pool-37-thread-1] INFO  server.RaftServerConfigKeys (ConfUtils.java:logGet(43)) - raft.server.log.queue.byte-limit = 2147483647 (custom)
2019-10-10 13:56:25,010 [pool-37-thread-1] INFO  server.RaftServerConfigKeys (ConfUtils.java:logGet(43)) - raft.server.log.queue.element-limit = 1024 (custom)
2019-10-10 13:56:25,011 [pool-37-thread-1] INFO  server.RaftServerConfigKeys (ConfUtils.java:logGet(43)) - raft.server.log.segment.size.max = 1048576 (custom)
2019-10-10 13:56:25,011 [pool-37-thread-1] INFO  server.RaftServerConfigKeys (ConfUtils.java:logGet(43)) - raft.server.log.preallocated.size = 16384 (custom)
2019-10-10 13:56:25,011 [pool-37-thread-1] INFO  server.RaftServerConfigKeys (ConfUtils.java:logGet(43)) - raft.server.log.write.buffer.size = 33554432 (custom)
2019-10-10 13:56:25,011 [pool-37-thread-1] INFO  server.RaftServerConfigKeys (ConfUtils.java:logGet(43)) - raft.server.log.force.sync.num = 128 (default)
2019-10-10 13:56:25,012 [pool-37-thread-1] INFO  server.RaftServerConfigKeys (ConfUtils.java:logGet(43)) - raft.server.log.statemachine.data.sync = true (default)
2019-10-10 13:56:25,012 [pool-37-thread-1] INFO  server.RaftServerConfigKeys (ConfUtils.java:logGet(43)) - raft.server.log.statemachine.data.sync.timeout = 10s (default)
2019-10-10 13:56:25,012 [pool-37-thread-1] INFO  server.RaftServerConfigKeys (ConfUtils.java:logGet(43)) - raft.server.log.statemachine.data.sync.timeout.retry = -1 (default)
2019-10-10 13:56:25,012 [pool-37-thread-1] INFO  server.RaftServerConfigKeys (ConfUtils.java:logGet(43)) - raft.server.log.statemachine.data.caching.enabled = true (custom)
2019-10-10 13:56:25,013 [pool-37-thread-1] INFO  segmented.SegmentedRaftLogWorker (SegmentedRaftLogWorker.java:lambda$new$0(132)) - 3c54e875-d475-43fa-939e-86f411c5e19c@group-DC35A29F10D7-SegmentedRaftLogWorker: flushIndex: setUnconditionally 0 -> -1
2019-10-10 13:56:25,013 [pool-37-thread-1] INFO  server.RaftServerConfigKeys (ConfUtils.java:logGet(43)) - raft.server.snapshot.auto.trigger.enabled = true (custom)
2019-10-10 13:56:25,014 [pool-37-thread-1] INFO  server.RaftServerConfigKeys (ConfUtils.java:logGet(43)) - raft.server.snapshot.auto.trigger.threshold = 10000 (custom)
2019-10-10 13:56:25,014 [pool-37-thread-1] INFO  server.RaftServerConfigKeys (ConfUtils.java:logGet(43)) - raft.server.snapshot.retention.num.files = 5 (custom)
2019-10-10 13:56:25,014 [pool-37-thread-1] INFO  server.RaftServerConfigKeys (ConfUtils.java:logGet(43)) - raft.server.retrycache.expirytime = 600000ms (custom)
2019-10-10 13:56:25,019 [pool-37-thread-1] INFO  impl.RaftServerImpl (RaftServerImpl.java:start(185)) - 3c54e875-d475-43fa-939e-86f411c5e19c@group-DC35A29F10D7: start as a follower, conf=-1: [3c54e875-d475-43fa-939e-86f411c5e19c:192.168.5.143:45288], old=null
2019-10-10 13:56:25,019 [pool-37-thread-1] INFO  impl.RaftServerImpl (RaftServerImpl.java:setRole(174)) - 3c54e875-d475-43fa-939e-86f411c5e19c@group-DC35A29F10D7: changes role from      null to FOLLOWER at term 0 for startAsFollower
2019-10-10 13:56:25,019 [pool-37-thread-1] INFO  impl.RoleInfo (RoleInfo.java:updateAndGet(143)) - 3c54e875-d475-43fa-939e-86f411c5e19c: start FollowerState
2019-10-10 13:56:25,019 [pool-37-thread-1] INFO  util.JmxRegister (JmxRegister.java:tryRegister(44)) - Successfully registered JMX Bean with object name Ratis:service=RaftServer,group=group-DC35A29F10D7,id=3c54e875-d475-43fa-939e-86f411c5e19c
2019-10-10 13:56:25,033 [RatisPipelineUtilsThread] INFO  pipeline.PipelineStateManager (PipelineStateManager.java:addPipeline(56)) - Created pipeline Pipeline[ Id: e22072de-5c22-4047-b0b1-dc35a29f10d7, Nodes: 3c54e875-d475-43fa-939e-86f411c5e19c{ip: 192.168.5.143, host: pr-hdds-1569-9zzhf-258611273, networkLocation: /default-rack, certSerialId: null}, Type:RATIS, Factor:ONE, State:OPEN]
2019-10-10 13:56:25,398 [RatisPipelineUtilsThread] ERROR pipeline.SCMPipelineManager (SCMPipelineManager.java:createPipeline(193)) - Pipeline creation failed.
org.apache.hadoop.hdds.scm.exceptions.SCMException: Cannot create pipeline of factor 1 using 0 nodes. Used 5 nodes. Healthy nodes 5
	at org.apache.hadoop.hdds.scm.pipeline.RatisPipelineProvider.pickNodesNeverUsed(RatisPipelineProvider.java:115)
	at org.apache.hadoop.hdds.scm.pipeline.RatisPipelineProvider.create(RatisPipelineProvider.java:127)
	at org.apache.hadoop.hdds.scm.pipeline.PipelineFactory.create(PipelineFactory.java:58)
	at org.apache.hadoop.hdds.scm.pipeline.SCMPipelineManager.createPipeline(SCMPipelineManager.java:183)
	at org.apache.hadoop.hdds.scm.pipeline.BackgroundPipelineCreator.createPipelines(BackgroundPipelineCreator.java:100)
	at java.util.concurrent.Executors$RunnableAdapter.call(Executors.java:511)
	at java.util.concurrent.FutureTask.run(FutureTask.java:266)
	at java.util.concurrent.ScheduledThreadPoolExecutor$ScheduledFutureTask.access$201(ScheduledThreadPoolExecutor.java:180)
	at java.util.concurrent.ScheduledThreadPoolExecutor$ScheduledFutureTask.run(ScheduledThreadPoolExecutor.java:293)
	at java.util.concurrent.ThreadPoolExecutor.runWorker(ThreadPoolExecutor.java:1149)
	at java.util.concurrent.ThreadPoolExecutor$Worker.run(ThreadPoolExecutor.java:624)
	at java.lang.Thread.run(Thread.java:748)
 0.00% |█                                                                                                    |  0/1 Time: 0:00:012019-10-10 13:56:25,492 [grpc-default-executor-2] INFO  impl.RaftServerProxy (RaftServerProxy.java:addNew(89)) - d5a64498-0763-4a42-aa87-ac8414963a4d: addNew group-19478D4C44DF:[5218105c-ec00-489c-8975-03c8dbf7f3f7:192.168.5.143:39229, 15ba042c-ab06-4316-a093-57bc1e6c44e0:192.168.5.143:37743, d5a64498-0763-4a42-aa87-ac8414963a4d:192.168.5.143:34030] returns group-19478D4C44DF:java.util.concurrent.CompletableFuture@3ecc210b[Not completed]
2019-10-10 13:56:25,492 [grpc-default-executor-1] INFO  impl.RaftServerProxy (RaftServerProxy.java:addNew(89)) - 15ba042c-ab06-4316-a093-57bc1e6c44e0: addNew group-19478D4C44DF:[5218105c-ec00-489c-8975-03c8dbf7f3f7:192.168.5.143:39229, 15ba042c-ab06-4316-a093-57bc1e6c44e0:192.168.5.143:37743, d5a64498-0763-4a42-aa87-ac8414963a4d:192.168.5.143:34030] returns group-19478D4C44DF:java.util.concurrent.CompletableFuture@2c38c37a[Not completed]
2019-10-10 13:56:25,496 [grpc-default-executor-1] INFO  impl.RaftServerProxy (RaftServerProxy.java:addNew(89)) - 5218105c-ec00-489c-8975-03c8dbf7f3f7: addNew group-19478D4C44DF:[5218105c-ec00-489c-8975-03c8dbf7f3f7:192.168.5.143:39229, 15ba042c-ab06-4316-a093-57bc1e6c44e0:192.168.5.143:37743, d5a64498-0763-4a42-aa87-ac8414963a4d:192.168.5.143:34030] returns group-19478D4C44DF:java.util.concurrent.CompletableFuture@693a5899[Not completed]
2019-10-10 13:56:25,497 [pool-67-thread-1] INFO  impl.RaftServerImpl (RaftServerImpl.java:<init>(95)) - 15ba042c-ab06-4316-a093-57bc1e6c44e0: new RaftServerImpl for group-19478D4C44DF:[5218105c-ec00-489c-8975-03c8dbf7f3f7:192.168.5.143:39229, 15ba042c-ab06-4316-a093-57bc1e6c44e0:192.168.5.143:37743, d5a64498-0763-4a42-aa87-ac8414963a4d:192.168.5.143:34030] with ContainerStateMachine:uninitialized
2019-10-10 13:56:25,497 [pool-67-thread-1] INFO  server.RaftServerConfigKeys (ConfUtils.java:logGet(43)) - raft.server.rpc.timeout.min = 5s (custom)
2019-10-10 13:56:25,498 [pool-67-thread-1] INFO  server.RaftServerConfigKeys (ConfUtils.java:logGet(43)) - raft.server.rpc.timeout.max = 5200ms (custom)
2019-10-10 13:56:25,498 [pool-67-thread-1] INFO  server.RaftServerConfigKeys (ConfUtils.java:logGet(43)) - raft.server.rpcslowness.timeout = 120s (custom)
2019-10-10 13:56:25,498 [pool-67-thread-1] INFO  server.RaftServerConfigKeys (ConfUtils.java:logGet(43)) - raft.server.sleep.deviation.threshold = 300 (default)
2019-10-10 13:56:25,498 [pool-67-thread-1] INFO  server.RaftServerConfigKeys (ConfUtils.java:logGet(43)) - raft.server.log.appender.install.snapshot.enabled = false (custom)
2019-10-10 13:56:25,498 [pool-57-thread-1] INFO  impl.RaftServerImpl (RaftServerImpl.java:<init>(95)) - 5218105c-ec00-489c-8975-03c8dbf7f3f7: new RaftServerImpl for group-19478D4C44DF:[5218105c-ec00-489c-8975-03c8dbf7f3f7:192.168.5.143:39229, 15ba042c-ab06-4316-a093-57bc1e6c44e0:192.168.5.143:37743, d5a64498-0763-4a42-aa87-ac8414963a4d:192.168.5.143:34030] with ContainerStateMachine:uninitialized
2019-10-10 13:56:25,498 [pool-67-thread-1] INFO  impl.RaftServerImpl (ServerState.java:<init>(103)) - 15ba042c-ab06-4316-a093-57bc1e6c44e0@group-19478D4C44DF: ConfigurationManager, init=-1: [5218105c-ec00-489c-8975-03c8dbf7f3f7:192.168.5.143:39229, 15ba042c-ab06-4316-a093-57bc1e6c44e0:192.168.5.143:37743, d5a64498-0763-4a42-aa87-ac8414963a4d:192.168.5.143:34030], old=null, confs=<EMPTY_MAP>
2019-10-10 13:56:25,498 [pool-57-thread-1] INFO  server.RaftServerConfigKeys (ConfUtils.java:logGet(43)) - raft.server.rpc.timeout.min = 5s (custom)
2019-10-10 13:56:25,499 [pool-57-thread-1] INFO  server.RaftServerConfigKeys (ConfUtils.java:logGet(43)) - raft.server.rpc.timeout.max = 5200ms (custom)
2019-10-10 13:56:25,499 [pool-67-thread-1] INFO  server.RaftServerConfigKeys (ConfUtils.java:logGet(43)) - raft.server.storage.dir = [/workdir/hadoop-ozone/tools/target/test-dir/MiniOzoneClusterImpl-bcdf28f0-062a-4770-a1ba-339398413d60/datanode-4/data/ratis] (custom)
2019-10-10 13:56:25,499 [pool-57-thread-1] INFO  server.RaftServerConfigKeys (ConfUtils.java:logGet(43)) - raft.server.rpcslowness.timeout = 120s (custom)
2019-10-10 13:56:25,499 [pool-47-thread-1] INFO  impl.RaftServerImpl (RaftServerImpl.java:<init>(95)) - d5a64498-0763-4a42-aa87-ac8414963a4d: new RaftServerImpl for group-19478D4C44DF:[5218105c-ec00-489c-8975-03c8dbf7f3f7:192.168.5.143:39229, 15ba042c-ab06-4316-a093-57bc1e6c44e0:192.168.5.143:37743, d5a64498-0763-4a42-aa87-ac8414963a4d:192.168.5.143:34030] with ContainerStateMachine:uninitialized
2019-10-10 13:56:25,499 [pool-57-thread-1] INFO  server.RaftServerConfigKeys (ConfUtils.java:logGet(43)) - raft.server.sleep.deviation.threshold = 300 (default)
2019-10-10 13:56:25,499 [pool-47-thread-1] INFO  server.RaftServerConfigKeys (ConfUtils.java:logGet(43)) - raft.server.rpc.timeout.min = 5s (custom)
2019-10-10 13:56:25,500 [pool-67-thread-1] INFO  storage.RaftStorageDirectory (RaftStorageDirectory.java:analyzeStorage(246)) - The storage directory /workdir/hadoop-ozone/tools/target/test-dir/MiniOzoneClusterImpl-bcdf28f0-062a-4770-a1ba-339398413d60/datanode-4/data/ratis/cef65cbf-fe27-4775-8305-19478d4c44df does not exist. Creating ...
2019-10-10 13:56:25,500 [pool-57-thread-1] INFO  server.RaftServerConfigKeys (ConfUtils.java:logGet(43)) - raft.server.log.appender.install.snapshot.enabled = false (custom)
2019-10-10 13:56:25,500 [pool-47-thread-1] INFO  server.RaftServerConfigKeys (ConfUtils.java:logGet(43)) - raft.server.rpc.timeout.max = 5200ms (custom)
2019-10-10 13:56:25,500 [pool-57-thread-1] INFO  impl.RaftServerImpl (ServerState.java:<init>(103)) - 5218105c-ec00-489c-8975-03c8dbf7f3f7@group-19478D4C44DF: ConfigurationManager, init=-1: [5218105c-ec00-489c-8975-03c8dbf7f3f7:192.168.5.143:39229, 15ba042c-ab06-4316-a093-57bc1e6c44e0:192.168.5.143:37743, d5a64498-0763-4a42-aa87-ac8414963a4d:192.168.5.143:34030], old=null, confs=<EMPTY_MAP>
2019-10-10 13:56:25,500 [pool-47-thread-1] INFO  server.RaftServerConfigKeys (ConfUtils.java:logGet(43)) - raft.server.rpcslowness.timeout = 120s (custom)
2019-10-10 13:56:25,500 [pool-57-thread-1] INFO  server.RaftServerConfigKeys (ConfUtils.java:logGet(43)) - raft.server.storage.dir = [/workdir/hadoop-ozone/tools/target/test-dir/MiniOzoneClusterImpl-bcdf28f0-062a-4770-a1ba-339398413d60/datanode-3/data/ratis] (custom)
2019-10-10 13:56:25,501 [pool-47-thread-1] INFO  server.RaftServerConfigKeys (ConfUtils.java:logGet(43)) - raft.server.sleep.deviation.threshold = 300 (default)
2019-10-10 13:56:25,501 [pool-47-thread-1] INFO  server.RaftServerConfigKeys (ConfUtils.java:logGet(43)) - raft.server.log.appender.install.snapshot.enabled = false (custom)
2019-10-10 13:56:25,501 [pool-57-thread-1] INFO  storage.RaftStorageDirectory (RaftStorageDirectory.java:analyzeStorage(246)) - The storage directory /workdir/hadoop-ozone/tools/target/test-dir/MiniOzoneClusterImpl-bcdf28f0-062a-4770-a1ba-339398413d60/datanode-3/data/ratis/cef65cbf-fe27-4775-8305-19478d4c44df does not exist. Creating ...
2019-10-10 13:56:25,501 [pool-47-thread-1] INFO  impl.RaftServerImpl (ServerState.java:<init>(103)) - d5a64498-0763-4a42-aa87-ac8414963a4d@group-19478D4C44DF: ConfigurationManager, init=-1: [5218105c-ec00-489c-8975-03c8dbf7f3f7:192.168.5.143:39229, 15ba042c-ab06-4316-a093-57bc1e6c44e0:192.168.5.143:37743, d5a64498-0763-4a42-aa87-ac8414963a4d:192.168.5.143:34030], old=null, confs=<EMPTY_MAP>
2019-10-10 13:56:25,501 [pool-47-thread-1] INFO  server.RaftServerConfigKeys (ConfUtils.java:logGet(43)) - raft.server.storage.dir = [/workdir/hadoop-ozone/tools/target/test-dir/MiniOzoneClusterImpl-bcdf28f0-062a-4770-a1ba-339398413d60/datanode-2/data/ratis] (custom)
2019-10-10 13:56:25,502 [pool-47-thread-1] INFO  storage.RaftStorageDirectory (RaftStorageDirectory.java:analyzeStorage(246)) - The storage directory /workdir/hadoop-ozone/tools/target/test-dir/MiniOzoneClusterImpl-bcdf28f0-062a-4770-a1ba-339398413d60/datanode-2/data/ratis/cef65cbf-fe27-4775-8305-19478d4c44df does not exist. Creating ...
2019-10-10 13:56:25,513 [pool-57-thread-1] INFO  storage.RaftStorageDirectory (RaftStorageDirectory.java:tryLock(328)) - Lock on /workdir/hadoop-ozone/tools/target/test-dir/MiniOzoneClusterImpl-bcdf28f0-062a-4770-a1ba-339398413d60/datanode-3/data/ratis/cef65cbf-fe27-4775-8305-19478d4c44df/in_use.lock acquired by nodename 16603@pr-hdds-1569-9zzhf-258611273
2019-10-10 13:56:25,513 [pool-67-thread-1] INFO  storage.RaftStorageDirectory (RaftStorageDirectory.java:tryLock(328)) - Lock on /workdir/hadoop-ozone/tools/target/test-dir/MiniOzoneClusterImpl-bcdf28f0-062a-4770-a1ba-339398413d60/datanode-4/data/ratis/cef65cbf-fe27-4775-8305-19478d4c44df/in_use.lock acquired by nodename 16603@pr-hdds-1569-9zzhf-258611273
2019-10-10 13:56:25,513 [pool-47-thread-1] INFO  storage.RaftStorageDirectory (RaftStorageDirectory.java:tryLock(328)) - Lock on /workdir/hadoop-ozone/tools/target/test-dir/MiniOzoneClusterImpl-bcdf28f0-062a-4770-a1ba-339398413d60/datanode-2/data/ratis/cef65cbf-fe27-4775-8305-19478d4c44df/in_use.lock acquired by nodename 16603@pr-hdds-1569-9zzhf-258611273
2019-10-10 13:56:25,528 [pool-67-thread-1] INFO  storage.RaftStorage (RaftStorage.java:format(72)) - Storage directory /workdir/hadoop-ozone/tools/target/test-dir/MiniOzoneClusterImpl-bcdf28f0-062a-4770-a1ba-339398413d60/datanode-4/data/ratis/cef65cbf-fe27-4775-8305-19478d4c44df has been successfully formatted.
2019-10-10 13:56:25,528 [pool-47-thread-1] INFO  storage.RaftStorage (RaftStorage.java:format(72)) - Storage directory /workdir/hadoop-ozone/tools/target/test-dir/MiniOzoneClusterImpl-bcdf28f0-062a-4770-a1ba-339398413d60/datanode-2/data/ratis/cef65cbf-fe27-4775-8305-19478d4c44df has been successfully formatted.
2019-10-10 13:56:25,528 [pool-57-thread-1] INFO  storage.RaftStorage (RaftStorage.java:format(72)) - Storage directory /workdir/hadoop-ozone/tools/target/test-dir/MiniOzoneClusterImpl-bcdf28f0-062a-4770-a1ba-339398413d60/datanode-3/data/ratis/cef65cbf-fe27-4775-8305-19478d4c44df has been successfully formatted.
2019-10-10 13:56:25,534 [pool-67-thread-1] INFO  ratis.ContainerStateMachine (ContainerStateMachine.java:loadSnapshot(230)) - group-19478D4C44DF: The snapshot info is null. Setting the last applied indexto:(t:0, i:~)
2019-10-10 13:56:25,535 [pool-57-thread-1] INFO  ratis.ContainerStateMachine (ContainerStateMachine.java:loadSnapshot(230)) - group-19478D4C44DF: The snapshot info is null. Setting the last applied indexto:(t:0, i:~)
2019-10-10 13:56:25,535 [pool-67-thread-1] INFO  server.RaftServerConfigKeys (ConfUtils.java:logGet(43)) - raft.server.notification.no-leader.timeout = 120s (custom)
2019-10-10 13:56:25,535 [pool-47-thread-1] INFO  ratis.ContainerStateMachine (ContainerStateMachine.java:loadSnapshot(230)) - group-19478D4C44DF: The snapshot info is null. Setting the last applied indexto:(t:0, i:~)
2019-10-10 13:56:25,535 [pool-67-thread-1] INFO  server.RaftServerConfigKeys (ConfUtils.java:logGet(43)) - raft.server.log.use.memory = false (default)
2019-10-10 13:56:25,535 [pool-57-thread-1] INFO  server.RaftServerConfigKeys (ConfUtils.java:logGet(43)) - raft.server.notification.no-leader.timeout = 120s (custom)
2019-10-10 13:56:25,535 [pool-67-thread-1] INFO  server.RaftServerConfigKeys (ConfUtils.java:logGet(43)) - raft.server.log.purge.gap = 1000000 (custom)
2019-10-10 13:56:25,535 [pool-47-thread-1] INFO  server.RaftServerConfigKeys (ConfUtils.java:logGet(43)) - raft.server.notification.no-leader.timeout = 120s (custom)
2019-10-10 13:56:25,536 [pool-67-thread-1] INFO  server.RaftServerConfigKeys (ConfUtils.java:logGet(43)) - raft.server.log.appender.buffer.byte-limit = 33554432 (custom)
2019-10-10 13:56:25,536 [pool-57-thread-1] INFO  server.RaftServerConfigKeys (ConfUtils.java:logGet(43)) - raft.server.log.use.memory = false (default)
2019-10-10 13:56:25,536 [pool-67-thread-1] INFO  server.RaftServerConfigKeys (ConfUtils.java:logGet(43)) - raft.server.log.segment.size.max = 1048576 (custom)
2019-10-10 13:56:25,536 [pool-47-thread-1] INFO  server.RaftServerConfigKeys (ConfUtils.java:logGet(43)) - raft.server.log.use.memory = false (default)
2019-10-10 13:56:25,536 [pool-67-thread-1] INFO  server.RaftServerConfigKeys (ConfUtils.java:logGet(43)) - raft.server.log.segment.cache.num.max = 2 (custom)
2019-10-10 13:56:25,536 [pool-57-thread-1] INFO  server.RaftServerConfigKeys (ConfUtils.java:logGet(43)) - raft.server.log.purge.gap = 1000000 (custom)
2019-10-10 13:56:25,537 [pool-67-thread-1] INFO  segmented.SegmentedRaftLogWorker (SegmentedRaftLogWorker.java:<init>(172)) - new 15ba042c-ab06-4316-a093-57bc1e6c44e0@group-19478D4C44DF-SegmentedRaftLogWorker for RaftStorage:Storage Directory /workdir/hadoop-ozone/tools/target/test-dir/MiniOzoneClusterImpl-bcdf28f0-062a-4770-a1ba-339398413d60/datanode-4/data/ratis/cef65cbf-fe27-4775-8305-19478d4c44df
2019-10-10 13:56:25,537 [pool-47-thread-1] INFO  server.RaftServerConfigKeys (ConfUtils.java:logGet(43)) - raft.server.log.purge.gap = 1000000 (custom)
2019-10-10 13:56:25,537 [pool-67-thread-1] INFO  server.RaftServerConfigKeys (ConfUtils.java:logGet(43)) - raft.server.log.queue.byte-limit = 2147483647 (custom)
2019-10-10 13:56:25,537 [pool-57-thread-1] INFO  server.RaftServerConfigKeys (ConfUtils.java:logGet(43)) - raft.server.log.appender.buffer.byte-limit = 33554432 (custom)
2019-10-10 13:56:25,538 [pool-67-thread-1] INFO  server.RaftServerConfigKeys (ConfUtils.java:logGet(43)) - raft.server.log.queue.element-limit = 1024 (custom)
2019-10-10 13:56:25,537 [pool-47-thread-1] INFO  server.RaftServerConfigKeys (ConfUtils.java:logGet(43)) - raft.server.log.appender.buffer.byte-limit = 33554432 (custom)
2019-10-10 13:56:25,538 [pool-67-thread-1] INFO  server.RaftServerConfigKeys (ConfUtils.java:logGet(43)) - raft.server.log.segment.size.max = 1048576 (custom)
2019-10-10 13:56:25,538 [pool-57-thread-1] INFO  server.RaftServerConfigKeys (ConfUtils.java:logGet(43)) - raft.server.log.segment.size.max = 1048576 (custom)
2019-10-10 13:56:25,538 [pool-67-thread-1] INFO  server.RaftServerConfigKeys (ConfUtils.java:logGet(43)) - raft.server.log.preallocated.size = 16384 (custom)
2019-10-10 13:56:25,538 [pool-47-thread-1] INFO  server.RaftServerConfigKeys (ConfUtils.java:logGet(43)) - raft.server.log.segment.size.max = 1048576 (custom)
2019-10-10 13:56:25,539 [pool-67-thread-1] INFO  server.RaftServerConfigKeys (ConfUtils.java:logGet(43)) - raft.server.log.write.buffer.size = 33554432 (custom)
2019-10-10 13:56:25,538 [pool-57-thread-1] INFO  server.RaftServerConfigKeys (ConfUtils.java:logGet(43)) - raft.server.log.segment.cache.num.max = 2 (custom)
2019-10-10 13:56:25,539 [pool-67-thread-1] INFO  server.RaftServerConfigKeys (ConfUtils.java:logGet(43)) - raft.server.log.force.sync.num = 128 (default)
2019-10-10 13:56:25,539 [pool-47-thread-1] INFO  server.RaftServerConfigKeys (ConfUtils.java:logGet(43)) - raft.server.log.segment.cache.num.max = 2 (custom)
2019-10-10 13:56:25,539 [pool-67-thread-1] INFO  server.RaftServerConfigKeys (ConfUtils.java:logGet(43)) - raft.server.log.statemachine.data.sync = true (default)
2019-10-10 13:56:25,539 [pool-57-thread-1] INFO  segmented.SegmentedRaftLogWorker (SegmentedRaftLogWorker.java:<init>(172)) - new 5218105c-ec00-489c-8975-03c8dbf7f3f7@group-19478D4C44DF-SegmentedRaftLogWorker for RaftStorage:Storage Directory /workdir/hadoop-ozone/tools/target/test-dir/MiniOzoneClusterImpl-bcdf28f0-062a-4770-a1ba-339398413d60/datanode-3/data/ratis/cef65cbf-fe27-4775-8305-19478d4c44df
2019-10-10 13:56:25,540 [pool-67-thread-1] INFO  server.RaftServerConfigKeys (ConfUtils.java:logGet(43)) - raft.server.log.statemachine.data.sync.timeout = 10s (default)
2019-10-10 13:56:25,540 [pool-47-thread-1] INFO  segmented.SegmentedRaftLogWorker (SegmentedRaftLogWorker.java:<init>(172)) - new d5a64498-0763-4a42-aa87-ac8414963a4d@group-19478D4C44DF-SegmentedRaftLogWorker for RaftStorage:Storage Directory /workdir/hadoop-ozone/tools/target/test-dir/MiniOzoneClusterImpl-bcdf28f0-062a-4770-a1ba-339398413d60/datanode-2/data/ratis/cef65cbf-fe27-4775-8305-19478d4c44df
2019-10-10 13:56:25,540 [pool-67-thread-1] INFO  server.RaftServerConfigKeys (ConfUtils.java:logGet(43)) - raft.server.log.statemachine.data.sync.timeout.retry = -1 (default)
2019-10-10 13:56:25,540 [pool-57-thread-1] INFO  server.RaftServerConfigKeys (ConfUtils.java:logGet(43)) - raft.server.log.queue.byte-limit = 2147483647 (custom)
2019-10-10 13:56:25,541 [pool-67-thread-1] INFO  server.RaftServerConfigKeys (ConfUtils.java:logGet(43)) - raft.server.log.statemachine.data.caching.enabled = true (custom)
2019-10-10 13:56:25,540 [pool-47-thread-1] INFO  server.RaftServerConfigKeys (ConfUtils.java:logGet(43)) - raft.server.log.queue.byte-limit = 2147483647 (custom)
2019-10-10 13:56:25,541 [pool-57-thread-1] INFO  server.RaftServerConfigKeys (ConfUtils.java:logGet(43)) - raft.server.log.queue.element-limit = 1024 (custom)
2019-10-10 13:56:25,541 [pool-47-thread-1] INFO  server.RaftServerConfigKeys (ConfUtils.java:logGet(43)) - raft.server.log.queue.element-limit = 1024 (custom)
2019-10-10 13:56:25,541 [pool-57-thread-1] INFO  server.RaftServerConfigKeys (ConfUtils.java:logGet(43)) - raft.server.log.segment.size.max = 1048576 (custom)
2019-10-10 13:56:25,541 [pool-67-thread-1] INFO  segmented.SegmentedRaftLogWorker (SegmentedRaftLogWorker.java:lambda$new$0(132)) - 15ba042c-ab06-4316-a093-57bc1e6c44e0@group-19478D4C44DF-SegmentedRaftLogWorker: flushIndex: setUnconditionally 0 -> -1
2019-10-10 13:56:25,541 [pool-57-thread-1] INFO  server.RaftServerConfigKeys (ConfUtils.java:logGet(43)) - raft.server.log.preallocated.size = 16384 (custom)
2019-10-10 13:56:25,541 [pool-47-thread-1] INFO  server.RaftServerConfigKeys (ConfUtils.java:logGet(43)) - raft.server.log.segment.size.max = 1048576 (custom)
2019-10-10 13:56:25,542 [pool-67-thread-1] INFO  server.RaftServerConfigKeys (ConfUtils.java:logGet(43)) - raft.server.snapshot.auto.trigger.enabled = true (custom)
2019-10-10 13:56:25,542 [pool-57-thread-1] INFO  server.RaftServerConfigKeys (ConfUtils.java:logGet(43)) - raft.server.log.write.buffer.size = 33554432 (custom)
2019-10-10 13:56:25,542 [pool-67-thread-1] INFO  server.RaftServerConfigKeys (ConfUtils.java:logGet(43)) - raft.server.snapshot.auto.trigger.threshold = 10000 (custom)
2019-10-10 13:56:25,542 [pool-47-thread-1] INFO  server.RaftServerConfigKeys (ConfUtils.java:logGet(43)) - raft.server.log.preallocated.size = 16384 (custom)
2019-10-10 13:56:25,542 [pool-67-thread-1] INFO  server.RaftServerConfigKeys (ConfUtils.java:logGet(43)) - raft.server.snapshot.retention.num.files = 5 (custom)
2019-10-10 13:56:25,542 [pool-57-thread-1] INFO  server.RaftServerConfigKeys (ConfUtils.java:logGet(43)) - raft.server.log.force.sync.num = 128 (default)
2019-10-10 13:56:25,543 [pool-47-thread-1] INFO  server.RaftServerConfigKeys (ConfUtils.java:logGet(43)) - raft.server.log.write.buffer.size = 33554432 (custom)
2019-10-10 13:56:25,543 [pool-57-thread-1] INFO  server.RaftServerConfigKeys (ConfUtils.java:logGet(43)) - raft.server.log.statemachine.data.sync = true (default)
2019-10-10 13:56:25,543 [pool-67-thread-1] INFO  server.RaftServerConfigKeys (ConfUtils.java:logGet(43)) - raft.server.retrycache.expirytime = 600000ms (custom)
2019-10-10 13:56:25,543 [pool-57-thread-1] INFO  server.RaftServerConfigKeys (ConfUtils.java:logGet(43)) - raft.server.log.statemachine.data.sync.timeout = 10s (default)
2019-10-10 13:56:25,543 [pool-47-thread-1] INFO  server.RaftServerConfigKeys (ConfUtils.java:logGet(43)) - raft.server.log.force.sync.num = 128 (default)
2019-10-10 13:56:25,544 [pool-57-thread-1] INFO  server.RaftServerConfigKeys (ConfUtils.java:logGet(43)) - raft.server.log.statemachine.data.sync.timeout.retry = -1 (default)
2019-10-10 13:56:25,544 [pool-47-thread-1] INFO  server.RaftServerConfigKeys (ConfUtils.java:logGet(43)) - raft.server.log.statemachine.data.sync = true (default)
2019-10-10 13:56:25,544 [pool-57-thread-1] INFO  server.RaftServerConfigKeys (ConfUtils.java:logGet(43)) - raft.server.log.statemachine.data.caching.enabled = true (custom)
2019-10-10 13:56:25,544 [pool-47-thread-1] INFO  server.RaftServerConfigKeys (ConfUtils.java:logGet(43)) - raft.server.log.statemachine.data.sync.timeout = 10s (default)
2019-10-10 13:56:25,544 [pool-47-thread-1] INFO  server.RaftServerConfigKeys (ConfUtils.java:logGet(43)) - raft.server.log.statemachine.data.sync.timeout.retry = -1 (default)
2019-10-10 13:56:25,544 [pool-57-thread-1] INFO  segmented.SegmentedRaftLogWorker (SegmentedRaftLogWorker.java:lambda$new$0(132)) - 5218105c-ec00-489c-8975-03c8dbf7f3f7@group-19478D4C44DF-SegmentedRaftLogWorker: flushIndex: setUnconditionally 0 -> -1
2019-10-10 13:56:25,545 [pool-47-thread-1] INFO  server.RaftServerConfigKeys (ConfUtils.java:logGet(43)) - raft.server.log.statemachine.data.caching.enabled = true (custom)
2019-10-10 13:56:25,545 [pool-57-thread-1] INFO  server.RaftServerConfigKeys (ConfUtils.java:logGet(43)) - raft.server.snapshot.auto.trigger.enabled = true (custom)
2019-10-10 13:56:25,545 [pool-47-thread-1] INFO  segmented.SegmentedRaftLogWorker (SegmentedRaftLogWorker.java:lambda$new$0(132)) - d5a64498-0763-4a42-aa87-ac8414963a4d@group-19478D4C44DF-SegmentedRaftLogWorker: flushIndex: setUnconditionally 0 -> -1
2019-10-10 13:56:25,545 [pool-57-thread-1] INFO  server.RaftServerConfigKeys (ConfUtils.java:logGet(43)) - raft.server.snapshot.auto.trigger.threshold = 10000 (custom)
2019-10-10 13:56:25,545 [pool-57-thread-1] INFO  server.RaftServerConfigKeys (ConfUtils.java:logGet(43)) - raft.server.snapshot.retention.num.files = 5 (custom)
2019-10-10 13:56:25,546 [pool-47-thread-1] INFO  server.RaftServerConfigKeys (ConfUtils.java:logGet(43)) - raft.server.snapshot.auto.trigger.enabled = true (custom)
2019-10-10 13:56:25,546 [pool-57-thread-1] INFO  server.RaftServerConfigKeys (ConfUtils.java:logGet(43)) - raft.server.retrycache.expirytime = 600000ms (custom)
2019-10-10 13:56:25,546 [pool-47-thread-1] INFO  server.RaftServerConfigKeys (ConfUtils.java:logGet(43)) - raft.server.snapshot.auto.trigger.threshold = 10000 (custom)
2019-10-10 13:56:25,546 [pool-47-thread-1] INFO  server.RaftServerConfigKeys (ConfUtils.java:logGet(43)) - raft.server.snapshot.retention.num.files = 5 (custom)
2019-10-10 13:56:25,546 [pool-47-thread-1] INFO  server.RaftServerConfigKeys (ConfUtils.java:logGet(43)) - raft.server.retrycache.expirytime = 600000ms (custom)
2019-10-10 13:56:25,548 [pool-67-thread-1] INFO  impl.RaftServerImpl (RaftServerImpl.java:start(185)) - 15ba042c-ab06-4316-a093-57bc1e6c44e0@group-19478D4C44DF: start as a follower, conf=-1: [5218105c-ec00-489c-8975-03c8dbf7f3f7:192.168.5.143:39229, 15ba042c-ab06-4316-a093-57bc1e6c44e0:192.168.5.143:37743, d5a64498-0763-4a42-aa87-ac8414963a4d:192.168.5.143:34030], old=null
2019-10-10 13:56:25,548 [pool-67-thread-1] INFO  impl.RaftServerImpl (RaftServerImpl.java:setRole(174)) - 15ba042c-ab06-4316-a093-57bc1e6c44e0@group-19478D4C44DF: changes role from      null to FOLLOWER at term 0 for startAsFollower
2019-10-10 13:56:25,548 [pool-67-thread-1] INFO  impl.RoleInfo (RoleInfo.java:updateAndGet(143)) - 15ba042c-ab06-4316-a093-57bc1e6c44e0: start FollowerState
2019-10-10 13:56:25,549 [pool-67-thread-1] INFO  util.JmxRegister (JmxRegister.java:tryRegister(44)) - Successfully registered JMX Bean with object name Ratis:service=RaftServer,group=group-19478D4C44DF,id=15ba042c-ab06-4316-a093-57bc1e6c44e0
2019-10-10 13:56:25,550 [pool-57-thread-1] INFO  impl.RaftServerImpl (RaftServerImpl.java:start(185)) - 5218105c-ec00-489c-8975-03c8dbf7f3f7@group-19478D4C44DF: start as a follower, conf=-1: [5218105c-ec00-489c-8975-03c8dbf7f3f7:192.168.5.143:39229, 15ba042c-ab06-4316-a093-57bc1e6c44e0:192.168.5.143:37743, d5a64498-0763-4a42-aa87-ac8414963a4d:192.168.5.143:34030], old=null
2019-10-10 13:56:25,550 [pool-57-thread-1] INFO  impl.RaftServerImpl (RaftServerImpl.java:setRole(174)) - 5218105c-ec00-489c-8975-03c8dbf7f3f7@group-19478D4C44DF: changes role from      null to FOLLOWER at term 0 for startAsFollower
2019-10-10 13:56:25,550 [pool-47-thread-1] INFO  impl.RaftServerImpl (RaftServerImpl.java:start(185)) - d5a64498-0763-4a42-aa87-ac8414963a4d@group-19478D4C44DF: start as a follower, conf=-1: [5218105c-ec00-489c-8975-03c8dbf7f3f7:192.168.5.143:39229, 15ba042c-ab06-4316-a093-57bc1e6c44e0:192.168.5.143:37743, d5a64498-0763-4a42-aa87-ac8414963a4d:192.168.5.143:34030], old=null
2019-10-10 13:56:25,550 [pool-57-thread-1] INFO  impl.RoleInfo (RoleInfo.java:updateAndGet(143)) - 5218105c-ec00-489c-8975-03c8dbf7f3f7: start FollowerState
2019-10-10 13:56:25,550 [pool-47-thread-1] INFO  impl.RaftServerImpl (RaftServerImpl.java:setRole(174)) - d5a64498-0763-4a42-aa87-ac8414963a4d@group-19478D4C44DF: changes role from      null to FOLLOWER at term 0 for startAsFollower
2019-10-10 13:56:25,550 [pool-47-thread-1] INFO  impl.RoleInfo (RoleInfo.java:updateAndGet(143)) - d5a64498-0763-4a42-aa87-ac8414963a4d: start FollowerState
2019-10-10 13:56:25,551 [pool-57-thread-1] INFO  util.JmxRegister (JmxRegister.java:tryRegister(44)) - Successfully registered JMX Bean with object name Ratis:service=RaftServer,group=group-19478D4C44DF,id=5218105c-ec00-489c-8975-03c8dbf7f3f7
2019-10-10 13:56:25,551 [pool-47-thread-1] INFO  util.JmxRegister (JmxRegister.java:tryRegister(44)) - Successfully registered JMX Bean with object name Ratis:service=RaftServer,group=group-19478D4C44DF,id=d5a64498-0763-4a42-aa87-ac8414963a4d
2019-10-10 13:56:25,581 [RatisPipelineUtilsThread] INFO  pipeline.PipelineStateManager (PipelineStateManager.java:addPipeline(56)) - Created pipeline Pipeline[ Id: cef65cbf-fe27-4775-8305-19478d4c44df, Nodes: d5a64498-0763-4a42-aa87-ac8414963a4d{ip: 192.168.5.143, host: pr-hdds-1569-9zzhf-258611273, networkLocation: /default-rack, certSerialId: null}5218105c-ec00-489c-8975-03c8dbf7f3f7{ip: 192.168.5.143, host: pr-hdds-1569-9zzhf-258611273, networkLocation: /default-rack, certSerialId: null}15ba042c-ab06-4316-a093-57bc1e6c44e0{ip: 192.168.5.143, host: pr-hdds-1569-9zzhf-258611273, networkLocation: /default-rack, certSerialId: null}, Type:RATIS, Factor:THREE, State:OPEN]
2019-10-10 13:56:25,609 [grpc-default-executor-2] INFO  impl.RaftServerProxy (RaftServerProxy.java:addNew(89)) - 5218105c-ec00-489c-8975-03c8dbf7f3f7: addNew group-4AF99A8C89F7:[15ba042c-ab06-4316-a093-57bc1e6c44e0:192.168.5.143:37743, 5218105c-ec00-489c-8975-03c8dbf7f3f7:192.168.5.143:39229, d5a64498-0763-4a42-aa87-ac8414963a4d:192.168.5.143:34030] returns group-4AF99A8C89F7:java.util.concurrent.CompletableFuture@fb8bce8[Not completed]
2019-10-10 13:56:25,610 [grpc-default-executor-0] INFO  impl.RaftServerProxy (RaftServerProxy.java:addNew(89)) - d5a64498-0763-4a42-aa87-ac8414963a4d: addNew group-4AF99A8C89F7:[15ba042c-ab06-4316-a093-57bc1e6c44e0:192.168.5.143:37743, 5218105c-ec00-489c-8975-03c8dbf7f3f7:192.168.5.143:39229, d5a64498-0763-4a42-aa87-ac8414963a4d:192.168.5.143:34030] returns group-4AF99A8C89F7:java.util.concurrent.CompletableFuture@4a367000[Not completed]
2019-10-10 13:56:25,613 [grpc-default-executor-1] INFO  impl.RaftServerProxy (RaftServerProxy.java:addNew(89)) - 15ba042c-ab06-4316-a093-57bc1e6c44e0: addNew group-4AF99A8C89F7:[15ba042c-ab06-4316-a093-57bc1e6c44e0:192.168.5.143:37743, 5218105c-ec00-489c-8975-03c8dbf7f3f7:192.168.5.143:39229, d5a64498-0763-4a42-aa87-ac8414963a4d:192.168.5.143:34030] returns group-4AF99A8C89F7:java.util.concurrent.CompletableFuture@5899f4ff[Not completed]
2019-10-10 13:56:25,614 [pool-57-thread-1] INFO  impl.RaftServerImpl (RaftServerImpl.java:<init>(95)) - 5218105c-ec00-489c-8975-03c8dbf7f3f7: new RaftServerImpl for group-4AF99A8C89F7:[15ba042c-ab06-4316-a093-57bc1e6c44e0:192.168.5.143:37743, 5218105c-ec00-489c-8975-03c8dbf7f3f7:192.168.5.143:39229, d5a64498-0763-4a42-aa87-ac8414963a4d:192.168.5.143:34030] with ContainerStateMachine:uninitialized
2019-10-10 13:56:25,614 [pool-57-thread-1] INFO  server.RaftServerConfigKeys (ConfUtils.java:logGet(43)) - raft.server.rpc.timeout.min = 5s (custom)
2019-10-10 13:56:25,614 [pool-57-thread-1] INFO  server.RaftServerConfigKeys (ConfUtils.java:logGet(43)) - raft.server.rpc.timeout.max = 5200ms (custom)
2019-10-10 13:56:25,615 [pool-57-thread-1] INFO  server.RaftServerConfigKeys (ConfUtils.java:logGet(43)) - raft.server.rpcslowness.timeout = 120s (custom)
2019-10-10 13:56:25,615 [pool-57-thread-1] INFO  server.RaftServerConfigKeys (ConfUtils.java:logGet(43)) - raft.server.sleep.deviation.threshold = 300 (default)
2019-10-10 13:56:25,615 [pool-57-thread-1] INFO  server.RaftServerConfigKeys (ConfUtils.java:logGet(43)) - raft.server.log.appender.install.snapshot.enabled = false (custom)
2019-10-10 13:56:25,615 [pool-57-thread-1] INFO  impl.RaftServerImpl (ServerState.java:<init>(103)) - 5218105c-ec00-489c-8975-03c8dbf7f3f7@group-4AF99A8C89F7: ConfigurationManager, init=-1: [15ba042c-ab06-4316-a093-57bc1e6c44e0:192.168.5.143:37743, 5218105c-ec00-489c-8975-03c8dbf7f3f7:192.168.5.143:39229, d5a64498-0763-4a42-aa87-ac8414963a4d:192.168.5.143:34030], old=null, confs=<EMPTY_MAP>
2019-10-10 13:56:25,615 [pool-47-thread-1] INFO  impl.RaftServerImpl (RaftServerImpl.java:<init>(95)) - d5a64498-0763-4a42-aa87-ac8414963a4d: new RaftServerImpl for group-4AF99A8C89F7:[15ba042c-ab06-4316-a093-57bc1e6c44e0:192.168.5.143:37743, 5218105c-ec00-489c-8975-03c8dbf7f3f7:192.168.5.143:39229, d5a64498-0763-4a42-aa87-ac8414963a4d:192.168.5.143:34030] with ContainerStateMachine:uninitialized
2019-10-10 13:56:25,615 [pool-57-thread-1] INFO  server.RaftServerConfigKeys (ConfUtils.java:logGet(43)) - raft.server.storage.dir = [/workdir/hadoop-ozone/tools/target/test-dir/MiniOzoneClusterImpl-bcdf28f0-062a-4770-a1ba-339398413d60/datanode-3/data/ratis] (custom)
2019-10-10 13:56:25,615 [pool-47-thread-1] INFO  server.RaftServerConfigKeys (ConfUtils.java:logGet(43)) - raft.server.rpc.timeout.min = 5s (custom)
2019-10-10 13:56:25,616 [pool-47-thread-1] INFO  server.RaftServerConfigKeys (ConfUtils.java:logGet(43)) - raft.server.rpc.timeout.max = 5200ms (custom)
2019-10-10 13:56:25,616 [pool-57-thread-1] INFO  storage.RaftStorageDirectory (RaftStorageDirectory.java:analyzeStorage(246)) - The storage directory /workdir/hadoop-ozone/tools/target/test-dir/MiniOzoneClusterImpl-bcdf28f0-062a-4770-a1ba-339398413d60/datanode-3/data/ratis/d2dc7b71-8888-410d-876f-4af99a8c89f7 does not exist. Creating ...
2019-10-10 13:56:25,616 [pool-47-thread-1] INFO  server.RaftServerConfigKeys (ConfUtils.java:logGet(43)) - raft.server.rpcslowness.timeout = 120s (custom)
2019-10-10 13:56:25,616 [pool-67-thread-1] INFO  impl.RaftServerImpl (RaftServerImpl.java:<init>(95)) - 15ba042c-ab06-4316-a093-57bc1e6c44e0: new RaftServerImpl for group-4AF99A8C89F7:[15ba042c-ab06-4316-a093-57bc1e6c44e0:192.168.5.143:37743, 5218105c-ec00-489c-8975-03c8dbf7f3f7:192.168.5.143:39229, d5a64498-0763-4a42-aa87-ac8414963a4d:192.168.5.143:34030] with ContainerStateMachine:uninitialized
2019-10-10 13:56:25,616 [pool-47-thread-1] INFO  server.RaftServerConfigKeys (ConfUtils.java:logGet(43)) - raft.server.sleep.deviation.threshold = 300 (default)
2019-10-10 13:56:25,616 [pool-67-thread-1] INFO  server.RaftServerConfigKeys (ConfUtils.java:logGet(43)) - raft.server.rpc.timeout.min = 5s (custom)
2019-10-10 13:56:25,617 [pool-47-thread-1] INFO  server.RaftServerConfigKeys (ConfUtils.java:logGet(43)) - raft.server.log.appender.install.snapshot.enabled = false (custom)
2019-10-10 13:56:25,617 [pool-67-thread-1] INFO  server.RaftServerConfigKeys (ConfUtils.java:logGet(43)) - raft.server.rpc.timeout.max = 5200ms (custom)
2019-10-10 13:56:25,617 [pool-47-thread-1] INFO  impl.RaftServerImpl (ServerState.java:<init>(103)) - d5a64498-0763-4a42-aa87-ac8414963a4d@group-4AF99A8C89F7: ConfigurationManager, init=-1: [15ba042c-ab06-4316-a093-57bc1e6c44e0:192.168.5.143:37743, 5218105c-ec00-489c-8975-03c8dbf7f3f7:192.168.5.143:39229, d5a64498-0763-4a42-aa87-ac8414963a4d:192.168.5.143:34030], old=null, confs=<EMPTY_MAP>
2019-10-10 13:56:25,617 [pool-67-thread-1] INFO  server.RaftServerConfigKeys (ConfUtils.java:logGet(43)) - raft.server.rpcslowness.timeout = 120s (custom)
2019-10-10 13:56:25,617 [pool-47-thread-1] INFO  server.RaftServerConfigKeys (ConfUtils.java:logGet(43)) - raft.server.storage.dir = [/workdir/hadoop-ozone/tools/target/test-dir/MiniOzoneClusterImpl-bcdf28f0-062a-4770-a1ba-339398413d60/datanode-2/data/ratis] (custom)
2019-10-10 13:56:25,617 [pool-67-thread-1] INFO  server.RaftServerConfigKeys (ConfUtils.java:logGet(43)) - raft.server.sleep.deviation.threshold = 300 (default)
2019-10-10 13:56:25,618 [pool-67-thread-1] INFO  server.RaftServerConfigKeys (ConfUtils.java:logGet(43)) - raft.server.log.appender.install.snapshot.enabled = false (custom)
2019-10-10 13:56:25,618 [pool-47-thread-1] INFO  storage.RaftStorageDirectory (RaftStorageDirectory.java:analyzeStorage(246)) - The storage directory /workdir/hadoop-ozone/tools/target/test-dir/MiniOzoneClusterImpl-bcdf28f0-062a-4770-a1ba-339398413d60/datanode-2/data/ratis/d2dc7b71-8888-410d-876f-4af99a8c89f7 does not exist. Creating ...
2019-10-10 13:56:25,618 [pool-67-thread-1] INFO  impl.RaftServerImpl (ServerState.java:<init>(103)) - 15ba042c-ab06-4316-a093-57bc1e6c44e0@group-4AF99A8C89F7: ConfigurationManager, init=-1: [15ba042c-ab06-4316-a093-57bc1e6c44e0:192.168.5.143:37743, 5218105c-ec00-489c-8975-03c8dbf7f3f7:192.168.5.143:39229, d5a64498-0763-4a42-aa87-ac8414963a4d:192.168.5.143:34030], old=null, confs=<EMPTY_MAP>
2019-10-10 13:56:25,618 [pool-67-thread-1] INFO  server.RaftServerConfigKeys (ConfUtils.java:logGet(43)) - raft.server.storage.dir = [/workdir/hadoop-ozone/tools/target/test-dir/MiniOzoneClusterImpl-bcdf28f0-062a-4770-a1ba-339398413d60/datanode-4/data/ratis] (custom)
2019-10-10 13:56:25,619 [pool-67-thread-1] INFO  storage.RaftStorageDirectory (RaftStorageDirectory.java:analyzeStorage(246)) - The storage directory /workdir/hadoop-ozone/tools/target/test-dir/MiniOzoneClusterImpl-bcdf28f0-062a-4770-a1ba-339398413d60/datanode-4/data/ratis/d2dc7b71-8888-410d-876f-4af99a8c89f7 does not exist. Creating ...
2019-10-10 13:56:25,629 [pool-47-thread-1] INFO  storage.RaftStorageDirectory (RaftStorageDirectory.java:tryLock(328)) - Lock on /workdir/hadoop-ozone/tools/target/test-dir/MiniOzoneClusterImpl-bcdf28f0-062a-4770-a1ba-339398413d60/datanode-2/data/ratis/d2dc7b71-8888-410d-876f-4af99a8c89f7/in_use.lock acquired by nodename 16603@pr-hdds-1569-9zzhf-258611273
2019-10-10 13:56:25,629 [pool-57-thread-1] INFO  storage.RaftStorageDirectory (RaftStorageDirectory.java:tryLock(328)) - Lock on /workdir/hadoop-ozone/tools/target/test-dir/MiniOzoneClusterImpl-bcdf28f0-062a-4770-a1ba-339398413d60/datanode-3/data/ratis/d2dc7b71-8888-410d-876f-4af99a8c89f7/in_use.lock acquired by nodename 16603@pr-hdds-1569-9zzhf-258611273
2019-10-10 13:56:25,629 [pool-67-thread-1] INFO  storage.RaftStorageDirectory (RaftStorageDirectory.java:tryLock(328)) - Lock on /workdir/hadoop-ozone/tools/target/test-dir/MiniOzoneClusterImpl-bcdf28f0-062a-4770-a1ba-339398413d60/datanode-4/data/ratis/d2dc7b71-8888-410d-876f-4af99a8c89f7/in_use.lock acquired by nodename 16603@pr-hdds-1569-9zzhf-258611273
2019-10-10 13:56:25,644 [pool-67-thread-1] INFO  storage.RaftStorage (RaftStorage.java:format(72)) - Storage directory /workdir/hadoop-ozone/tools/target/test-dir/MiniOzoneClusterImpl-bcdf28f0-062a-4770-a1ba-339398413d60/datanode-4/data/ratis/d2dc7b71-8888-410d-876f-4af99a8c89f7 has been successfully formatted.
2019-10-10 13:56:25,644 [pool-57-thread-1] INFO  storage.RaftStorage (RaftStorage.java:format(72)) - Storage directory /workdir/hadoop-ozone/tools/target/test-dir/MiniOzoneClusterImpl-bcdf28f0-062a-4770-a1ba-339398413d60/datanode-3/data/ratis/d2dc7b71-8888-410d-876f-4af99a8c89f7 has been successfully formatted.
2019-10-10 13:56:25,644 [pool-47-thread-1] INFO  storage.RaftStorage (RaftStorage.java:format(72)) - Storage directory /workdir/hadoop-ozone/tools/target/test-dir/MiniOzoneClusterImpl-bcdf28f0-062a-4770-a1ba-339398413d60/datanode-2/data/ratis/d2dc7b71-8888-410d-876f-4af99a8c89f7 has been successfully formatted.
2019-10-10 13:56:25,644 [pool-67-thread-1] INFO  ratis.ContainerStateMachine (ContainerStateMachine.java:loadSnapshot(230)) - group-4AF99A8C89F7: The snapshot info is null. Setting the last applied indexto:(t:0, i:~)
2019-10-10 13:56:25,644 [pool-57-thread-1] INFO  ratis.ContainerStateMachine (ContainerStateMachine.java:loadSnapshot(230)) - group-4AF99A8C89F7: The snapshot info is null. Setting the last applied indexto:(t:0, i:~)
2019-10-10 13:56:25,644 [pool-67-thread-1] INFO  server.RaftServerConfigKeys (ConfUtils.java:logGet(43)) - raft.server.notification.no-leader.timeout = 120s (custom)
2019-10-10 13:56:25,644 [pool-47-thread-1] INFO  ratis.ContainerStateMachine (ContainerStateMachine.java:loadSnapshot(230)) - group-4AF99A8C89F7: The snapshot info is null. Setting the last applied indexto:(t:0, i:~)
2019-10-10 13:56:25,645 [pool-67-thread-1] INFO  server.RaftServerConfigKeys (ConfUtils.java:logGet(43)) - raft.server.log.use.memory = false (default)
2019-10-10 13:56:25,645 [pool-47-thread-1] INFO  server.RaftServerConfigKeys (ConfUtils.java:logGet(43)) - raft.server.notification.no-leader.timeout = 120s (custom)
2019-10-10 13:56:25,644 [pool-57-thread-1] INFO  server.RaftServerConfigKeys (ConfUtils.java:logGet(43)) - raft.server.notification.no-leader.timeout = 120s (custom)
2019-10-10 13:56:25,645 [pool-47-thread-1] INFO  server.RaftServerConfigKeys (ConfUtils.java:logGet(43)) - raft.server.log.use.memory = false (default)
2019-10-10 13:56:25,645 [pool-67-thread-1] INFO  server.RaftServerConfigKeys (ConfUtils.java:logGet(43)) - raft.server.log.purge.gap = 1000000 (custom)
2019-10-10 13:56:25,645 [pool-47-thread-1] INFO  server.RaftServerConfigKeys (ConfUtils.java:logGet(43)) - raft.server.log.purge.gap = 1000000 (custom)
2019-10-10 13:56:25,645 [pool-57-thread-1] INFO  server.RaftServerConfigKeys (ConfUtils.java:logGet(43)) - raft.server.log.use.memory = false (default)
2019-10-10 13:56:25,646 [pool-47-thread-1] INFO  server.RaftServerConfigKeys (ConfUtils.java:logGet(43)) - raft.server.log.appender.buffer.byte-limit = 33554432 (custom)
2019-10-10 13:56:25,645 [pool-67-thread-1] INFO  server.RaftServerConfigKeys (ConfUtils.java:logGet(43)) - raft.server.log.appender.buffer.byte-limit = 33554432 (custom)
2019-10-10 13:56:25,646 [pool-47-thread-1] INFO  server.RaftServerConfigKeys (ConfUtils.java:logGet(43)) - raft.server.log.segment.size.max = 1048576 (custom)
2019-10-10 13:56:25,646 [pool-57-thread-1] INFO  server.RaftServerConfigKeys (ConfUtils.java:logGet(43)) - raft.server.log.purge.gap = 1000000 (custom)
2019-10-10 13:56:25,646 [pool-47-thread-1] INFO  server.RaftServerConfigKeys (ConfUtils.java:logGet(43)) - raft.server.log.segment.cache.num.max = 2 (custom)
2019-10-10 13:56:25,646 [pool-67-thread-1] INFO  server.RaftServerConfigKeys (ConfUtils.java:logGet(43)) - raft.server.log.segment.size.max = 1048576 (custom)
2019-10-10 13:56:25,647 [pool-47-thread-1] INFO  segmented.SegmentedRaftLogWorker (SegmentedRaftLogWorker.java:<init>(172)) - new d5a64498-0763-4a42-aa87-ac8414963a4d@group-4AF99A8C89F7-SegmentedRaftLogWorker for RaftStorage:Storage Directory /workdir/hadoop-ozone/tools/target/test-dir/MiniOzoneClusterImpl-bcdf28f0-062a-4770-a1ba-339398413d60/datanode-2/data/ratis/d2dc7b71-8888-410d-876f-4af99a8c89f7
2019-10-10 13:56:25,646 [pool-57-thread-1] INFO  server.RaftServerConfigKeys (ConfUtils.java:logGet(43)) - raft.server.log.appender.buffer.byte-limit = 33554432 (custom)
2019-10-10 13:56:25,647 [pool-47-thread-1] INFO  server.RaftServerConfigKeys (ConfUtils.java:logGet(43)) - raft.server.log.queue.byte-limit = 2147483647 (custom)
2019-10-10 13:56:25,647 [pool-67-thread-1] INFO  server.RaftServerConfigKeys (ConfUtils.java:logGet(43)) - raft.server.log.segment.cache.num.max = 2 (custom)
2019-10-10 13:56:25,647 [pool-47-thread-1] INFO  server.RaftServerConfigKeys (ConfUtils.java:logGet(43)) - raft.server.log.queue.element-limit = 1024 (custom)
2019-10-10 13:56:25,647 [pool-57-thread-1] INFO  server.RaftServerConfigKeys (ConfUtils.java:logGet(43)) - raft.server.log.segment.size.max = 1048576 (custom)
2019-10-10 13:56:25,648 [pool-47-thread-1] INFO  server.RaftServerConfigKeys (ConfUtils.java:logGet(43)) - raft.server.log.segment.size.max = 1048576 (custom)
2019-10-10 13:56:25,648 [pool-67-thread-1] INFO  segmented.SegmentedRaftLogWorker (SegmentedRaftLogWorker.java:<init>(172)) - new 15ba042c-ab06-4316-a093-57bc1e6c44e0@group-4AF99A8C89F7-SegmentedRaftLogWorker for RaftStorage:Storage Directory /workdir/hadoop-ozone/tools/target/test-dir/MiniOzoneClusterImpl-bcdf28f0-062a-4770-a1ba-339398413d60/datanode-4/data/ratis/d2dc7b71-8888-410d-876f-4af99a8c89f7
2019-10-10 13:56:25,648 [pool-47-thread-1] INFO  server.RaftServerConfigKeys (ConfUtils.java:logGet(43)) - raft.server.log.preallocated.size = 16384 (custom)
2019-10-10 13:56:25,648 [pool-57-thread-1] INFO  server.RaftServerConfigKeys (ConfUtils.java:logGet(43)) - raft.server.log.segment.cache.num.max = 2 (custom)
2019-10-10 13:56:25,648 [pool-47-thread-1] INFO  server.RaftServerConfigKeys (ConfUtils.java:logGet(43)) - raft.server.log.write.buffer.size = 33554432 (custom)
2019-10-10 13:56:25,648 [pool-67-thread-1] INFO  server.RaftServerConfigKeys (ConfUtils.java:logGet(43)) - raft.server.log.queue.byte-limit = 2147483647 (custom)
2019-10-10 13:56:25,649 [pool-47-thread-1] INFO  server.RaftServerConfigKeys (ConfUtils.java:logGet(43)) - raft.server.log.force.sync.num = 128 (default)
2019-10-10 13:56:25,649 [pool-57-thread-1] INFO  segmented.SegmentedRaftLogWorker (SegmentedRaftLogWorker.java:<init>(172)) - new 5218105c-ec00-489c-8975-03c8dbf7f3f7@group-4AF99A8C89F7-SegmentedRaftLogWorker for RaftStorage:Storage Directory /workdir/hadoop-ozone/tools/target/test-dir/MiniOzoneClusterImpl-bcdf28f0-062a-4770-a1ba-339398413d60/datanode-3/data/ratis/d2dc7b71-8888-410d-876f-4af99a8c89f7
2019-10-10 13:56:25,649 [pool-47-thread-1] INFO  server.RaftServerConfigKeys (ConfUtils.java:logGet(43)) - raft.server.log.statemachine.data.sync = true (default)
2019-10-10 13:56:25,649 [pool-67-thread-1] INFO  server.RaftServerConfigKeys (ConfUtils.java:logGet(43)) - raft.server.log.queue.element-limit = 1024 (custom)
2019-10-10 13:56:25,650 [pool-47-thread-1] INFO  server.RaftServerConfigKeys (ConfUtils.java:logGet(43)) - raft.server.log.statemachine.data.sync.timeout = 10s (default)
2019-10-10 13:56:25,649 [pool-57-thread-1] INFO  server.RaftServerConfigKeys (ConfUtils.java:logGet(43)) - raft.server.log.queue.byte-limit = 2147483647 (custom)
2019-10-10 13:56:25,650 [pool-47-thread-1] INFO  server.RaftServerConfigKeys (ConfUtils.java:logGet(43)) - raft.server.log.statemachine.data.sync.timeout.retry = -1 (default)
2019-10-10 13:56:25,650 [pool-67-thread-1] INFO  server.RaftServerConfigKeys (ConfUtils.java:logGet(43)) - raft.server.log.segment.size.max = 1048576 (custom)
2019-10-10 13:56:25,650 [pool-47-thread-1] INFO  server.RaftServerConfigKeys (ConfUtils.java:logGet(43)) - raft.server.log.statemachine.data.caching.enabled = true (custom)
2019-10-10 13:56:25,650 [pool-57-thread-1] INFO  server.RaftServerConfigKeys (ConfUtils.java:logGet(43)) - raft.server.log.queue.element-limit = 1024 (custom)
2019-10-10 13:56:25,651 [pool-67-thread-1] INFO  server.RaftServerConfigKeys (ConfUtils.java:logGet(43)) - raft.server.log.preallocated.size = 16384 (custom)
2019-10-10 13:56:25,651 [pool-47-thread-1] INFO  segmented.SegmentedRaftLogWorker (SegmentedRaftLogWorker.java:lambda$new$0(132)) - d5a64498-0763-4a42-aa87-ac8414963a4d@group-4AF99A8C89F7-SegmentedRaftLogWorker: flushIndex: setUnconditionally 0 -> -1
2019-10-10 13:56:25,651 [pool-57-thread-1] INFO  server.RaftServerConfigKeys (ConfUtils.java:logGet(43)) - raft.server.log.segment.size.max = 1048576 (custom)
2019-10-10 13:56:25,651 [pool-67-thread-1] INFO  server.RaftServerConfigKeys (ConfUtils.java:logGet(43)) - raft.server.log.write.buffer.size = 33554432 (custom)
2019-10-10 13:56:25,652 [pool-47-thread-1] INFO  server.RaftServerConfigKeys (ConfUtils.java:logGet(43)) - raft.server.snapshot.auto.trigger.enabled = true (custom)
2019-10-10 13:56:25,652 [pool-57-thread-1] INFO  server.RaftServerConfigKeys (ConfUtils.java:logGet(43)) - raft.server.log.preallocated.size = 16384 (custom)
2019-10-10 13:56:25,652 [pool-47-thread-1] INFO  server.RaftServerConfigKeys (ConfUtils.java:logGet(43)) - raft.server.snapshot.auto.trigger.threshold = 10000 (custom)
2019-10-10 13:56:25,652 [pool-67-thread-1] INFO  server.RaftServerConfigKeys (ConfUtils.java:logGet(43)) - raft.server.log.force.sync.num = 128 (default)
2019-10-10 13:56:25,652 [pool-47-thread-1] INFO  server.RaftServerConfigKeys (ConfUtils.java:logGet(43)) - raft.server.snapshot.retention.num.files = 5 (custom)
2019-10-10 13:56:25,652 [pool-57-thread-1] INFO  server.RaftServerConfigKeys (ConfUtils.java:logGet(43)) - raft.server.log.write.buffer.size = 33554432 (custom)
2019-10-10 13:56:25,653 [pool-47-thread-1] INFO  server.RaftServerConfigKeys (ConfUtils.java:logGet(43)) - raft.server.retrycache.expirytime = 600000ms (custom)
2019-10-10 13:56:25,653 [pool-67-thread-1] INFO  server.RaftServerConfigKeys (ConfUtils.java:logGet(43)) - raft.server.log.statemachine.data.sync = true (default)
2019-10-10 13:56:25,653 [pool-57-thread-1] INFO  server.RaftServerConfigKeys (ConfUtils.java:logGet(43)) - raft.server.log.force.sync.num = 128 (default)
2019-10-10 13:56:25,653 [pool-67-thread-1] INFO  server.RaftServerConfigKeys (ConfUtils.java:logGet(43)) - raft.server.log.statemachine.data.sync.timeout = 10s (default)
2019-10-10 13:56:25,653 [pool-57-thread-1] INFO  server.RaftServerConfigKeys (ConfUtils.java:logGet(43)) - raft.server.log.statemachine.data.sync = true (default)
2019-10-10 13:56:25,654 [pool-67-thread-1] INFO  server.RaftServerConfigKeys (ConfUtils.java:logGet(43)) - raft.server.log.statemachine.data.sync.timeout.retry = -1 (default)
2019-10-10 13:56:25,654 [pool-57-thread-1] INFO  server.RaftServerConfigKeys (ConfUtils.java:logGet(43)) - raft.server.log.statemachine.data.sync.timeout = 10s (default)
2019-10-10 13:56:25,654 [pool-57-thread-1] INFO  server.RaftServerConfigKeys (ConfUtils.java:logGet(43)) - raft.server.log.statemachine.data.sync.timeout.retry = -1 (default)
2019-10-10 13:56:25,654 [pool-67-thread-1] INFO  server.RaftServerConfigKeys (ConfUtils.java:logGet(43)) - raft.server.log.statemachine.data.caching.enabled = true (custom)
2019-10-10 13:56:25,655 [pool-57-thread-1] INFO  server.RaftServerConfigKeys (ConfUtils.java:logGet(43)) - raft.server.log.statemachine.data.caching.enabled = true (custom)
2019-10-10 13:56:25,655 [pool-67-thread-1] INFO  segmented.SegmentedRaftLogWorker (SegmentedRaftLogWorker.java:lambda$new$0(132)) - 15ba042c-ab06-4316-a093-57bc1e6c44e0@group-4AF99A8C89F7-SegmentedRaftLogWorker: flushIndex: setUnconditionally 0 -> -1
2019-10-10 13:56:25,655 [pool-57-thread-1] INFO  segmented.SegmentedRaftLogWorker (SegmentedRaftLogWorker.java:lambda$new$0(132)) - 5218105c-ec00-489c-8975-03c8dbf7f3f7@group-4AF99A8C89F7-SegmentedRaftLogWorker: flushIndex: setUnconditionally 0 -> -1
2019-10-10 13:56:25,655 [pool-67-thread-1] INFO  server.RaftServerConfigKeys (ConfUtils.java:logGet(43)) - raft.server.snapshot.auto.trigger.enabled = true (custom)
2019-10-10 13:56:25,656 [pool-57-thread-1] INFO  server.RaftServerConfigKeys (ConfUtils.java:logGet(43)) - raft.server.snapshot.auto.trigger.enabled = true (custom)
2019-10-10 13:56:25,656 [pool-67-thread-1] INFO  server.RaftServerConfigKeys (ConfUtils.java:logGet(43)) - raft.server.snapshot.auto.trigger.threshold = 10000 (custom)
2019-10-10 13:56:25,656 [pool-57-thread-1] INFO  server.RaftServerConfigKeys (ConfUtils.java:logGet(43)) - raft.server.snapshot.auto.trigger.threshold = 10000 (custom)
2019-10-10 13:56:25,656 [pool-67-thread-1] INFO  server.RaftServerConfigKeys (ConfUtils.java:logGet(43)) - raft.server.snapshot.retention.num.files = 5 (custom)
2019-10-10 13:56:25,656 [pool-57-thread-1] INFO  server.RaftServerConfigKeys (ConfUtils.java:logGet(43)) - raft.server.snapshot.retention.num.files = 5 (custom)
2019-10-10 13:56:25,657 [pool-67-thread-1] INFO  server.RaftServerConfigKeys (ConfUtils.java:logGet(43)) - raft.server.retrycache.expirytime = 600000ms (custom)
2019-10-10 13:56:25,657 [pool-57-thread-1] INFO  server.RaftServerConfigKeys (ConfUtils.java:logGet(43)) - raft.server.retrycache.expirytime = 600000ms (custom)
2019-10-10 13:56:25,657 [pool-47-thread-1] INFO  impl.RaftServerImpl (RaftServerImpl.java:start(185)) - d5a64498-0763-4a42-aa87-ac8414963a4d@group-4AF99A8C89F7: start as a follower, conf=-1: [15ba042c-ab06-4316-a093-57bc1e6c44e0:192.168.5.143:37743, 5218105c-ec00-489c-8975-03c8dbf7f3f7:192.168.5.143:39229, d5a64498-0763-4a42-aa87-ac8414963a4d:192.168.5.143:34030], old=null
2019-10-10 13:56:25,657 [pool-47-thread-1] INFO  impl.RaftServerImpl (RaftServerImpl.java:setRole(174)) - d5a64498-0763-4a42-aa87-ac8414963a4d@group-4AF99A8C89F7: changes role from      null to FOLLOWER at term 0 for startAsFollower
2019-10-10 13:56:25,658 [pool-47-thread-1] INFO  impl.RoleInfo (RoleInfo.java:updateAndGet(143)) - d5a64498-0763-4a42-aa87-ac8414963a4d: start FollowerState
2019-10-10 13:56:25,658 [pool-47-thread-1] INFO  util.JmxRegister (JmxRegister.java:tryRegister(44)) - Successfully registered JMX Bean with object name Ratis:service=RaftServer,group=group-4AF99A8C89F7,id=d5a64498-0763-4a42-aa87-ac8414963a4d
2019-10-10 13:56:25,669 [pool-67-thread-1] INFO  impl.RaftServerImpl (RaftServerImpl.java:start(185)) - 15ba042c-ab06-4316-a093-57bc1e6c44e0@group-4AF99A8C89F7: start as a follower, conf=-1: [15ba042c-ab06-4316-a093-57bc1e6c44e0:192.168.5.143:37743, 5218105c-ec00-489c-8975-03c8dbf7f3f7:192.168.5.143:39229, d5a64498-0763-4a42-aa87-ac8414963a4d:192.168.5.143:34030], old=null
2019-10-10 13:56:25,670 [pool-67-thread-1] INFO  impl.RaftServerImpl (RaftServerImpl.java:setRole(174)) - 15ba042c-ab06-4316-a093-57bc1e6c44e0@group-4AF99A8C89F7: changes role from      null to FOLLOWER at term 0 for startAsFollower
2019-10-10 13:56:25,670 [pool-67-thread-1] INFO  impl.RoleInfo (RoleInfo.java:updateAndGet(143)) - 15ba042c-ab06-4316-a093-57bc1e6c44e0: start FollowerState
2019-10-10 13:56:25,670 [pool-57-thread-1] INFO  impl.RaftServerImpl (RaftServerImpl.java:start(185)) - 5218105c-ec00-489c-8975-03c8dbf7f3f7@group-4AF99A8C89F7: start as a follower, conf=-1: [15ba042c-ab06-4316-a093-57bc1e6c44e0:192.168.5.143:37743, 5218105c-ec00-489c-8975-03c8dbf7f3f7:192.168.5.143:39229, d5a64498-0763-4a42-aa87-ac8414963a4d:192.168.5.143:34030], old=null
2019-10-10 13:56:25,672 [pool-57-thread-1] INFO  impl.RaftServerImpl (RaftServerImpl.java:setRole(174)) - 5218105c-ec00-489c-8975-03c8dbf7f3f7@group-4AF99A8C89F7: changes role from      null to FOLLOWER at term 0 for startAsFollower
2019-10-10 13:56:25,672 [pool-67-thread-1] INFO  util.JmxRegister (JmxRegister.java:tryRegister(44)) - Successfully registered JMX Bean with object name Ratis:service=RaftServer,group=group-4AF99A8C89F7,id=15ba042c-ab06-4316-a093-57bc1e6c44e0
2019-10-10 13:56:25,672 [pool-57-thread-1] INFO  impl.RoleInfo (RoleInfo.java:updateAndGet(143)) - 5218105c-ec00-489c-8975-03c8dbf7f3f7: start FollowerState
2019-10-10 13:56:25,673 [pool-57-thread-1] INFO  util.JmxRegister (JmxRegister.java:tryRegister(44)) - Successfully registered JMX Bean with object name Ratis:service=RaftServer,group=group-4AF99A8C89F7,id=5218105c-ec00-489c-8975-03c8dbf7f3f7
2019-10-10 13:56:25,690 [RatisPipelineUtilsThread] INFO  pipeline.PipelineStateManager (PipelineStateManager.java:addPipeline(56)) - Created pipeline Pipeline[ Id: d2dc7b71-8888-410d-876f-4af99a8c89f7, Nodes: 15ba042c-ab06-4316-a093-57bc1e6c44e0{ip: 192.168.5.143, host: pr-hdds-1569-9zzhf-258611273, networkLocation: /default-rack, certSerialId: null}5218105c-ec00-489c-8975-03c8dbf7f3f7{ip: 192.168.5.143, host: pr-hdds-1569-9zzhf-258611273, networkLocation: /default-rack, certSerialId: null}d5a64498-0763-4a42-aa87-ac8414963a4d{ip: 192.168.5.143, host: pr-hdds-1569-9zzhf-258611273, networkLocation: /default-rack, certSerialId: null}, Type:RATIS, Factor:THREE, State:OPEN]
2019-10-10 13:56:25,717 [grpc-default-executor-1] INFO  impl.RaftServerProxy (RaftServerProxy.java:addNew(89)) - d5a64498-0763-4a42-aa87-ac8414963a4d: addNew group-DF3356F29085:[15ba042c-ab06-4316-a093-57bc1e6c44e0:192.168.5.143:37743, 5218105c-ec00-489c-8975-03c8dbf7f3f7:192.168.5.143:39229, d5a64498-0763-4a42-aa87-ac8414963a4d:192.168.5.143:34030] returns group-DF3356F29085:java.util.concurrent.CompletableFuture@915a7d6[Not completed]
2019-10-10 13:56:25,720 [grpc-default-executor-0] INFO  impl.RaftServerProxy (RaftServerProxy.java:addNew(89)) - 5218105c-ec00-489c-8975-03c8dbf7f3f7: addNew group-DF3356F29085:[15ba042c-ab06-4316-a093-57bc1e6c44e0:192.168.5.143:37743, 5218105c-ec00-489c-8975-03c8dbf7f3f7:192.168.5.143:39229, d5a64498-0763-4a42-aa87-ac8414963a4d:192.168.5.143:34030] returns group-DF3356F29085:java.util.concurrent.CompletableFuture@6617a9b4[Not completed]
2019-10-10 13:56:25,722 [grpc-default-executor-1] INFO  impl.RaftServerProxy (RaftServerProxy.java:addNew(89)) - 15ba042c-ab06-4316-a093-57bc1e6c44e0: addNew group-DF3356F29085:[15ba042c-ab06-4316-a093-57bc1e6c44e0:192.168.5.143:37743, 5218105c-ec00-489c-8975-03c8dbf7f3f7:192.168.5.143:39229, d5a64498-0763-4a42-aa87-ac8414963a4d:192.168.5.143:34030] returns group-DF3356F29085:java.util.concurrent.CompletableFuture@a6588e5[Not completed]
2019-10-10 13:56:25,724 [pool-47-thread-1] INFO  impl.RaftServerImpl (RaftServerImpl.java:<init>(95)) - d5a64498-0763-4a42-aa87-ac8414963a4d: new RaftServerImpl for group-DF3356F29085:[15ba042c-ab06-4316-a093-57bc1e6c44e0:192.168.5.143:37743, 5218105c-ec00-489c-8975-03c8dbf7f3f7:192.168.5.143:39229, d5a64498-0763-4a42-aa87-ac8414963a4d:192.168.5.143:34030] with ContainerStateMachine:uninitialized
2019-10-10 13:56:25,724 [pool-47-thread-1] INFO  server.RaftServerConfigKeys (ConfUtils.java:logGet(43)) - raft.server.rpc.timeout.min = 5s (custom)
2019-10-10 13:56:25,724 [pool-47-thread-1] INFO  server.RaftServerConfigKeys (ConfUtils.java:logGet(43)) - raft.server.rpc.timeout.max = 5200ms (custom)
2019-10-10 13:56:25,724 [pool-47-thread-1] INFO  server.RaftServerConfigKeys (ConfUtils.java:logGet(43)) - raft.server.rpcslowness.timeout = 120s (custom)
2019-10-10 13:56:25,725 [pool-47-thread-1] INFO  server.RaftServerConfigKeys (ConfUtils.java:logGet(43)) - raft.server.sleep.deviation.threshold = 300 (default)
2019-10-10 13:56:25,725 [pool-47-thread-1] INFO  server.RaftServerConfigKeys (ConfUtils.java:logGet(43)) - raft.server.log.appender.install.snapshot.enabled = false (custom)
2019-10-10 13:56:25,725 [pool-47-thread-1] INFO  impl.RaftServerImpl (ServerState.java:<init>(103)) - d5a64498-0763-4a42-aa87-ac8414963a4d@group-DF3356F29085: ConfigurationManager, init=-1: [15ba042c-ab06-4316-a093-57bc1e6c44e0:192.168.5.143:37743, 5218105c-ec00-489c-8975-03c8dbf7f3f7:192.168.5.143:39229, d5a64498-0763-4a42-aa87-ac8414963a4d:192.168.5.143:34030], old=null, confs=<EMPTY_MAP>
2019-10-10 13:56:25,725 [pool-67-thread-1] INFO  impl.RaftServerImpl (RaftServerImpl.java:<init>(95)) - 15ba042c-ab06-4316-a093-57bc1e6c44e0: new RaftServerImpl for group-DF3356F29085:[15ba042c-ab06-4316-a093-57bc1e6c44e0:192.168.5.143:37743, 5218105c-ec00-489c-8975-03c8dbf7f3f7:192.168.5.143:39229, d5a64498-0763-4a42-aa87-ac8414963a4d:192.168.5.143:34030] with ContainerStateMachine:uninitialized
2019-10-10 13:56:25,726 [pool-47-thread-1] INFO  server.RaftServerConfigKeys (ConfUtils.java:logGet(43)) - raft.server.storage.dir = [/workdir/hadoop-ozone/tools/target/test-dir/MiniOzoneClusterImpl-bcdf28f0-062a-4770-a1ba-339398413d60/datanode-2/data/ratis] (custom)
2019-10-10 13:56:25,726 [pool-67-thread-1] INFO  server.RaftServerConfigKeys (ConfUtils.java:logGet(43)) - raft.server.rpc.timeout.min = 5s (custom)
2019-10-10 13:56:25,726 [pool-67-thread-1] INFO  server.RaftServerConfigKeys (ConfUtils.java:logGet(43)) - raft.server.rpc.timeout.max = 5200ms (custom)
2019-10-10 13:56:25,726 [pool-47-thread-1] INFO  storage.RaftStorageDirectory (RaftStorageDirectory.java:analyzeStorage(246)) - The storage directory /workdir/hadoop-ozone/tools/target/test-dir/MiniOzoneClusterImpl-bcdf28f0-062a-4770-a1ba-339398413d60/datanode-2/data/ratis/83c8c55c-2702-420e-8c19-df3356f29085 does not exist. Creating ...
2019-10-10 13:56:25,726 [pool-67-thread-1] INFO  server.RaftServerConfigKeys (ConfUtils.java:logGet(43)) - raft.server.rpcslowness.timeout = 120s (custom)
2019-10-10 13:56:25,727 [pool-67-thread-1] INFO  server.RaftServerConfigKeys (ConfUtils.java:logGet(43)) - raft.server.sleep.deviation.threshold = 300 (default)
2019-10-10 13:56:25,727 [pool-57-thread-1] INFO  impl.RaftServerImpl (RaftServerImpl.java:<init>(95)) - 5218105c-ec00-489c-8975-03c8dbf7f3f7: new RaftServerImpl for group-DF3356F29085:[15ba042c-ab06-4316-a093-57bc1e6c44e0:192.168.5.143:37743, 5218105c-ec00-489c-8975-03c8dbf7f3f7:192.168.5.143:39229, d5a64498-0763-4a42-aa87-ac8414963a4d:192.168.5.143:34030] with ContainerStateMachine:uninitialized
2019-10-10 13:56:25,727 [pool-67-thread-1] INFO  server.RaftServerConfigKeys (ConfUtils.java:logGet(43)) - raft.server.log.appender.install.snapshot.enabled = false (custom)
2019-10-10 13:56:25,727 [pool-57-thread-1] INFO  server.RaftServerConfigKeys (ConfUtils.java:logGet(43)) - raft.server.rpc.timeout.min = 5s (custom)
2019-10-10 13:56:25,727 [pool-67-thread-1] INFO  impl.RaftServerImpl (ServerState.java:<init>(103)) - 15ba042c-ab06-4316-a093-57bc1e6c44e0@group-DF3356F29085: ConfigurationManager, init=-1: [15ba042c-ab06-4316-a093-57bc1e6c44e0:192.168.5.143:37743, 5218105c-ec00-489c-8975-03c8dbf7f3f7:192.168.5.143:39229, d5a64498-0763-4a42-aa87-ac8414963a4d:192.168.5.143:34030], old=null, confs=<EMPTY_MAP>
2019-10-10 13:56:25,728 [pool-57-thread-1] INFO  server.RaftServerConfigKeys (ConfUtils.java:logGet(43)) - raft.server.rpc.timeout.max = 5200ms (custom)
2019-10-10 13:56:25,728 [pool-67-thread-1] INFO  server.RaftServerConfigKeys (ConfUtils.java:logGet(43)) - raft.server.storage.dir = [/workdir/hadoop-ozone/tools/target/test-dir/MiniOzoneClusterImpl-bcdf28f0-062a-4770-a1ba-339398413d60/datanode-4/data/ratis] (custom)
2019-10-10 13:56:25,728 [pool-57-thread-1] INFO  server.RaftServerConfigKeys (ConfUtils.java:logGet(43)) - raft.server.rpcslowness.timeout = 120s (custom)
2019-10-10 13:56:25,728 [pool-57-thread-1] INFO  server.RaftServerConfigKeys (ConfUtils.java:logGet(43)) - raft.server.sleep.deviation.threshold = 300 (default)
2019-10-10 13:56:25,728 [pool-67-thread-1] INFO  storage.RaftStorageDirectory (RaftStorageDirectory.java:analyzeStorage(246)) - The storage directory /workdir/hadoop-ozone/tools/target/test-dir/MiniOzoneClusterImpl-bcdf28f0-062a-4770-a1ba-339398413d60/datanode-4/data/ratis/83c8c55c-2702-420e-8c19-df3356f29085 does not exist. Creating ...
2019-10-10 13:56:25,728 [pool-57-thread-1] INFO  server.RaftServerConfigKeys (ConfUtils.java:logGet(43)) - raft.server.log.appender.install.snapshot.enabled = false (custom)
2019-10-10 13:56:25,729 [pool-57-thread-1] INFO  impl.RaftServerImpl (ServerState.java:<init>(103)) - 5218105c-ec00-489c-8975-03c8dbf7f3f7@group-DF3356F29085: ConfigurationManager, init=-1: [15ba042c-ab06-4316-a093-57bc1e6c44e0:192.168.5.143:37743, 5218105c-ec00-489c-8975-03c8dbf7f3f7:192.168.5.143:39229, d5a64498-0763-4a42-aa87-ac8414963a4d:192.168.5.143:34030], old=null, confs=<EMPTY_MAP>
2019-10-10 13:56:25,729 [pool-57-thread-1] INFO  server.RaftServerConfigKeys (ConfUtils.java:logGet(43)) - raft.server.storage.dir = [/workdir/hadoop-ozone/tools/target/test-dir/MiniOzoneClusterImpl-bcdf28f0-062a-4770-a1ba-339398413d60/datanode-3/data/ratis] (custom)
2019-10-10 13:56:25,730 [pool-57-thread-1] INFO  storage.RaftStorageDirectory (RaftStorageDirectory.java:analyzeStorage(246)) - The storage directory /workdir/hadoop-ozone/tools/target/test-dir/MiniOzoneClusterImpl-bcdf28f0-062a-4770-a1ba-339398413d60/datanode-3/data/ratis/83c8c55c-2702-420e-8c19-df3356f29085 does not exist. Creating ...
2019-10-10 13:56:25,740 [pool-67-thread-1] INFO  storage.RaftStorageDirectory (RaftStorageDirectory.java:tryLock(328)) - Lock on /workdir/hadoop-ozone/tools/target/test-dir/MiniOzoneClusterImpl-bcdf28f0-062a-4770-a1ba-339398413d60/datanode-4/data/ratis/83c8c55c-2702-420e-8c19-df3356f29085/in_use.lock acquired by nodename 16603@pr-hdds-1569-9zzhf-258611273
2019-10-10 13:56:25,740 [pool-47-thread-1] INFO  storage.RaftStorageDirectory (RaftStorageDirectory.java:tryLock(328)) - Lock on /workdir/hadoop-ozone/tools/target/test-dir/MiniOzoneClusterImpl-bcdf28f0-062a-4770-a1ba-339398413d60/datanode-2/data/ratis/83c8c55c-2702-420e-8c19-df3356f29085/in_use.lock acquired by nodename 16603@pr-hdds-1569-9zzhf-258611273
2019-10-10 13:56:25,740 [pool-57-thread-1] INFO  storage.RaftStorageDirectory (RaftStorageDirectory.java:tryLock(328)) - Lock on /workdir/hadoop-ozone/tools/target/test-dir/MiniOzoneClusterImpl-bcdf28f0-062a-4770-a1ba-339398413d60/datanode-3/data/ratis/83c8c55c-2702-420e-8c19-df3356f29085/in_use.lock acquired by nodename 16603@pr-hdds-1569-9zzhf-258611273
2019-10-10 13:56:25,754 [pool-67-thread-1] INFO  storage.RaftStorage (RaftStorage.java:format(72)) - Storage directory /workdir/hadoop-ozone/tools/target/test-dir/MiniOzoneClusterImpl-bcdf28f0-062a-4770-a1ba-339398413d60/datanode-4/data/ratis/83c8c55c-2702-420e-8c19-df3356f29085 has been successfully formatted.
2019-10-10 13:56:25,754 [pool-57-thread-1] INFO  storage.RaftStorage (RaftStorage.java:format(72)) - Storage directory /workdir/hadoop-ozone/tools/target/test-dir/MiniOzoneClusterImpl-bcdf28f0-062a-4770-a1ba-339398413d60/datanode-3/data/ratis/83c8c55c-2702-420e-8c19-df3356f29085 has been successfully formatted.
2019-10-10 13:56:25,754 [pool-47-thread-1] INFO  storage.RaftStorage (RaftStorage.java:format(72)) - Storage directory /workdir/hadoop-ozone/tools/target/test-dir/MiniOzoneClusterImpl-bcdf28f0-062a-4770-a1ba-339398413d60/datanode-2/data/ratis/83c8c55c-2702-420e-8c19-df3356f29085 has been successfully formatted.
2019-10-10 13:56:25,754 [pool-67-thread-1] INFO  ratis.ContainerStateMachine (ContainerStateMachine.java:loadSnapshot(230)) - group-DF3356F29085: The snapshot info is null. Setting the last applied indexto:(t:0, i:~)
2019-10-10 13:56:25,754 [pool-57-thread-1] INFO  ratis.ContainerStateMachine (ContainerStateMachine.java:loadSnapshot(230)) - group-DF3356F29085: The snapshot info is null. Setting the last applied indexto:(t:0, i:~)
2019-10-10 13:56:25,755 [pool-47-thread-1] INFO  ratis.ContainerStateMachine (ContainerStateMachine.java:loadSnapshot(230)) - group-DF3356F29085: The snapshot info is null. Setting the last applied indexto:(t:0, i:~)
2019-10-10 13:56:25,755 [pool-67-thread-1] INFO  server.RaftServerConfigKeys (ConfUtils.java:logGet(43)) - raft.server.notification.no-leader.timeout = 120s (custom)
2019-10-10 13:56:25,755 [pool-47-thread-1] INFO  server.RaftServerConfigKeys (ConfUtils.java:logGet(43)) - raft.server.notification.no-leader.timeout = 120s (custom)
2019-10-10 13:56:25,755 [pool-57-thread-1] INFO  server.RaftServerConfigKeys (ConfUtils.java:logGet(43)) - raft.server.notification.no-leader.timeout = 120s (custom)
2019-10-10 13:56:25,755 [pool-47-thread-1] INFO  server.RaftServerConfigKeys (ConfUtils.java:logGet(43)) - raft.server.log.use.memory = false (default)
2019-10-10 13:56:25,755 [pool-67-thread-1] INFO  server.RaftServerConfigKeys (ConfUtils.java:logGet(43)) - raft.server.log.use.memory = false (default)
2019-10-10 13:56:25,756 [pool-47-thread-1] INFO  server.RaftServerConfigKeys (ConfUtils.java:logGet(43)) - raft.server.log.purge.gap = 1000000 (custom)
2019-10-10 13:56:25,756 [pool-57-thread-1] INFO  server.RaftServerConfigKeys (ConfUtils.java:logGet(43)) - raft.server.log.use.memory = false (default)
2019-10-10 13:56:25,756 [pool-47-thread-1] INFO  server.RaftServerConfigKeys (ConfUtils.java:logGet(43)) - raft.server.log.appender.buffer.byte-limit = 33554432 (custom)
2019-10-10 13:56:25,756 [pool-67-thread-1] INFO  server.RaftServerConfigKeys (ConfUtils.java:logGet(43)) - raft.server.log.purge.gap = 1000000 (custom)
2019-10-10 13:56:25,756 [pool-47-thread-1] INFO  server.RaftServerConfigKeys (ConfUtils.java:logGet(43)) - raft.server.log.segment.size.max = 1048576 (custom)
2019-10-10 13:56:25,756 [pool-57-thread-1] INFO  server.RaftServerConfigKeys (ConfUtils.java:logGet(43)) - raft.server.log.purge.gap = 1000000 (custom)
2019-10-10 13:56:25,757 [pool-47-thread-1] INFO  server.RaftServerConfigKeys (ConfUtils.java:logGet(43)) - raft.server.log.segment.cache.num.max = 2 (custom)
2019-10-10 13:56:25,756 [pool-67-thread-1] INFO  server.RaftServerConfigKeys (ConfUtils.java:logGet(43)) - raft.server.log.appender.buffer.byte-limit = 33554432 (custom)
2019-10-10 13:56:25,757 [pool-47-thread-1] INFO  segmented.SegmentedRaftLogWorker (SegmentedRaftLogWorker.java:<init>(172)) - new d5a64498-0763-4a42-aa87-ac8414963a4d@group-DF3356F29085-SegmentedRaftLogWorker for RaftStorage:Storage Directory /workdir/hadoop-ozone/tools/target/test-dir/MiniOzoneClusterImpl-bcdf28f0-062a-4770-a1ba-339398413d60/datanode-2/data/ratis/83c8c55c-2702-420e-8c19-df3356f29085
2019-10-10 13:56:25,757 [pool-57-thread-1] INFO  server.RaftServerConfigKeys (ConfUtils.java:logGet(43)) - raft.server.log.appender.buffer.byte-limit = 33554432 (custom)
2019-10-10 13:56:25,757 [pool-47-thread-1] INFO  server.RaftServerConfigKeys (ConfUtils.java:logGet(43)) - raft.server.log.queue.byte-limit = 2147483647 (custom)
2019-10-10 13:56:25,757 [pool-67-thread-1] INFO  server.RaftServerConfigKeys (ConfUtils.java:logGet(43)) - raft.server.log.segment.size.max = 1048576 (custom)
2019-10-10 13:56:25,758 [pool-47-thread-1] INFO  server.RaftServerConfigKeys (ConfUtils.java:logGet(43)) - raft.server.log.queue.element-limit = 1024 (custom)
2019-10-10 13:56:25,757 [pool-57-thread-1] INFO  server.RaftServerConfigKeys (ConfUtils.java:logGet(43)) - raft.server.log.segment.size.max = 1048576 (custom)
2019-10-10 13:56:25,758 [pool-47-thread-1] INFO  server.RaftServerConfigKeys (ConfUtils.java:logGet(43)) - raft.server.log.segment.size.max = 1048576 (custom)
2019-10-10 13:56:25,758 [pool-67-thread-1] INFO  server.RaftServerConfigKeys (ConfUtils.java:logGet(43)) - raft.server.log.segment.cache.num.max = 2 (custom)
2019-10-10 13:56:25,758 [pool-47-thread-1] INFO  server.RaftServerConfigKeys (ConfUtils.java:logGet(43)) - raft.server.log.preallocated.size = 16384 (custom)
2019-10-10 13:56:25,758 [pool-57-thread-1] INFO  server.RaftServerConfigKeys (ConfUtils.java:logGet(43)) - raft.server.log.segment.cache.num.max = 2 (custom)
2019-10-10 13:56:25,759 [pool-47-thread-1] INFO  server.RaftServerConfigKeys (ConfUtils.java:logGet(43)) - raft.server.log.write.buffer.size = 33554432 (custom)
2019-10-10 13:56:25,758 [pool-67-thread-1] INFO  segmented.SegmentedRaftLogWorker (SegmentedRaftLogWorker.java:<init>(172)) - new 15ba042c-ab06-4316-a093-57bc1e6c44e0@group-DF3356F29085-SegmentedRaftLogWorker for RaftStorage:Storage Directory /workdir/hadoop-ozone/tools/target/test-dir/MiniOzoneClusterImpl-bcdf28f0-062a-4770-a1ba-339398413d60/datanode-4/data/ratis/83c8c55c-2702-420e-8c19-df3356f29085
2019-10-10 13:56:25,759 [pool-47-thread-1] INFO  server.RaftServerConfigKeys (ConfUtils.java:logGet(43)) - raft.server.log.force.sync.num = 128 (default)
2019-10-10 13:56:25,759 [pool-57-thread-1] INFO  segmented.SegmentedRaftLogWorker (SegmentedRaftLogWorker.java:<init>(172)) - new 5218105c-ec00-489c-8975-03c8dbf7f3f7@group-DF3356F29085-SegmentedRaftLogWorker for RaftStorage:Storage Directory /workdir/hadoop-ozone/tools/target/test-dir/MiniOzoneClusterImpl-bcdf28f0-062a-4770-a1ba-339398413d60/datanode-3/data/ratis/83c8c55c-2702-420e-8c19-df3356f29085
2019-10-10 13:56:25,759 [pool-47-thread-1] INFO  server.RaftServerConfigKeys (ConfUtils.java:logGet(43)) - raft.server.log.statemachine.data.sync = true (default)
2019-10-10 13:56:25,759 [pool-67-thread-1] INFO  server.RaftServerConfigKeys (ConfUtils.java:logGet(43)) - raft.server.log.queue.byte-limit = 2147483647 (custom)
2019-10-10 13:56:25,760 [pool-47-thread-1] INFO  server.RaftServerConfigKeys (ConfUtils.java:logGet(43)) - raft.server.log.statemachine.data.sync.timeout = 10s (default)
2019-10-10 13:56:25,759 [pool-57-thread-1] INFO  server.RaftServerConfigKeys (ConfUtils.java:logGet(43)) - raft.server.log.queue.byte-limit = 2147483647 (custom)
2019-10-10 13:56:25,760 [pool-47-thread-1] INFO  server.RaftServerConfigKeys (ConfUtils.java:logGet(43)) - raft.server.log.statemachine.data.sync.timeout.retry = -1 (default)
2019-10-10 13:56:25,760 [pool-67-thread-1] INFO  server.RaftServerConfigKeys (ConfUtils.java:logGet(43)) - raft.server.log.queue.element-limit = 1024 (custom)
2019-10-10 13:56:25,760 [pool-47-thread-1] INFO  server.RaftServerConfigKeys (ConfUtils.java:logGet(43)) - raft.server.log.statemachine.data.caching.enabled = true (custom)
2019-10-10 13:56:25,760 [pool-57-thread-1] INFO  server.RaftServerConfigKeys (ConfUtils.java:logGet(43)) - raft.server.log.queue.element-limit = 1024 (custom)
2019-10-10 13:56:25,760 [pool-67-thread-1] INFO  server.RaftServerConfigKeys (ConfUtils.java:logGet(43)) - raft.server.log.segment.size.max = 1048576 (custom)
2019-10-10 13:56:25,761 [pool-57-thread-1] INFO  server.RaftServerConfigKeys (ConfUtils.java:logGet(43)) - raft.server.log.segment.size.max = 1048576 (custom)
2019-10-10 13:56:25,761 [pool-47-thread-1] INFO  segmented.SegmentedRaftLogWorker (SegmentedRaftLogWorker.java:lambda$new$0(132)) - d5a64498-0763-4a42-aa87-ac8414963a4d@group-DF3356F29085-SegmentedRaftLogWorker: flushIndex: setUnconditionally 0 -> -1
2019-10-10 13:56:25,761 [pool-57-thread-1] INFO  server.RaftServerConfigKeys (ConfUtils.java:logGet(43)) - raft.server.log.preallocated.size = 16384 (custom)
2019-10-10 13:56:25,761 [pool-67-thread-1] INFO  server.RaftServerConfigKeys (ConfUtils.java:logGet(43)) - raft.server.log.preallocated.size = 16384 (custom)
2019-10-10 13:56:25,761 [pool-57-thread-1] INFO  server.RaftServerConfigKeys (ConfUtils.java:logGet(43)) - raft.server.log.write.buffer.size = 33554432 (custom)
2019-10-10 13:56:25,761 [pool-47-thread-1] INFO  server.RaftServerConfigKeys (ConfUtils.java:logGet(43)) - raft.server.snapshot.auto.trigger.enabled = true (custom)
2019-10-10 13:56:25,762 [pool-57-thread-1] INFO  server.RaftServerConfigKeys (ConfUtils.java:logGet(43)) - raft.server.log.force.sync.num = 128 (default)
2019-10-10 13:56:25,762 [pool-67-thread-1] INFO  server.RaftServerConfigKeys (ConfUtils.java:logGet(43)) - raft.server.log.write.buffer.size = 33554432 (custom)
2019-10-10 13:56:25,762 [pool-57-thread-1] INFO  server.RaftServerConfigKeys (ConfUtils.java:logGet(43)) - raft.server.log.statemachine.data.sync = true (default)
2019-10-10 13:56:25,762 [pool-47-thread-1] INFO  server.RaftServerConfigKeys (ConfUtils.java:logGet(43)) - raft.server.snapshot.auto.trigger.threshold = 10000 (custom)
2019-10-10 13:56:25,763 [pool-57-thread-1] INFO  server.RaftServerConfigKeys (ConfUtils.java:logGet(43)) - raft.server.log.statemachine.data.sync.timeout = 10s (default)
2019-10-10 13:56:25,762 [pool-67-thread-1] INFO  server.RaftServerConfigKeys (ConfUtils.java:logGet(43)) - raft.server.log.force.sync.num = 128 (default)
2019-10-10 13:56:25,763 [pool-57-thread-1] INFO  server.RaftServerConfigKeys (ConfUtils.java:logGet(43)) - raft.server.log.statemachine.data.sync.timeout.retry = -1 (default)
2019-10-10 13:56:25,763 [pool-47-thread-1] INFO  server.RaftServerConfigKeys (ConfUtils.java:logGet(43)) - raft.server.snapshot.retention.num.files = 5 (custom)
2019-10-10 13:56:25,763 [pool-67-thread-1] INFO  server.RaftServerConfigKeys (ConfUtils.java:logGet(43)) - raft.server.log.statemachine.data.sync = true (default)
2019-10-10 13:56:25,763 [pool-47-thread-1] INFO  server.RaftServerConfigKeys (ConfUtils.java:logGet(43)) - raft.server.retrycache.expirytime = 600000ms (custom)
2019-10-10 13:56:25,763 [pool-57-thread-1] INFO  server.RaftServerConfigKeys (ConfUtils.java:logGet(43)) - raft.server.log.statemachine.data.caching.enabled = true (custom)
2019-10-10 13:56:25,764 [pool-67-thread-1] INFO  server.RaftServerConfigKeys (ConfUtils.java:logGet(43)) - raft.server.log.statemachine.data.sync.timeout = 10s (default)
2019-10-10 13:56:25,764 [pool-67-thread-1] INFO  server.RaftServerConfigKeys (ConfUtils.java:logGet(43)) - raft.server.log.statemachine.data.sync.timeout.retry = -1 (default)
2019-10-10 13:56:25,764 [pool-57-thread-1] INFO  segmented.SegmentedRaftLogWorker (SegmentedRaftLogWorker.java:lambda$new$0(132)) - 5218105c-ec00-489c-8975-03c8dbf7f3f7@group-DF3356F29085-SegmentedRaftLogWorker: flushIndex: setUnconditionally 0 -> -1
2019-10-10 13:56:25,764 [pool-67-thread-1] INFO  server.RaftServerConfigKeys (ConfUtils.java:logGet(43)) - raft.server.log.statemachine.data.caching.enabled = true (custom)
2019-10-10 13:56:25,765 [pool-57-thread-1] INFO  server.RaftServerConfigKeys (ConfUtils.java:logGet(43)) - raft.server.snapshot.auto.trigger.enabled = true (custom)
2019-10-10 13:56:25,765 [pool-67-thread-1] INFO  segmented.SegmentedRaftLogWorker (SegmentedRaftLogWorker.java:lambda$new$0(132)) - 15ba042c-ab06-4316-a093-57bc1e6c44e0@group-DF3356F29085-SegmentedRaftLogWorker: flushIndex: setUnconditionally 0 -> -1
2019-10-10 13:56:25,765 [pool-57-thread-1] INFO  server.RaftServerConfigKeys (ConfUtils.java:logGet(43)) - raft.server.snapshot.auto.trigger.threshold = 10000 (custom)
2019-10-10 13:56:25,765 [pool-67-thread-1] INFO  server.RaftServerConfigKeys (ConfUtils.java:logGet(43)) - raft.server.snapshot.auto.trigger.enabled = true (custom)
2019-10-10 13:56:25,765 [pool-57-thread-1] INFO  server.RaftServerConfigKeys (ConfUtils.java:logGet(43)) - raft.server.snapshot.retention.num.files = 5 (custom)
2019-10-10 13:56:25,765 [pool-67-thread-1] INFO  server.RaftServerConfigKeys (ConfUtils.java:logGet(43)) - raft.server.snapshot.auto.trigger.threshold = 10000 (custom)
2019-10-10 13:56:25,766 [pool-67-thread-1] INFO  server.RaftServerConfigKeys (ConfUtils.java:logGet(43)) - raft.server.snapshot.retention.num.files = 5 (custom)
2019-10-10 13:56:25,766 [pool-57-thread-1] INFO  server.RaftServerConfigKeys (ConfUtils.java:logGet(43)) - raft.server.retrycache.expirytime = 600000ms (custom)
2019-10-10 13:56:25,766 [pool-67-thread-1] INFO  server.RaftServerConfigKeys (ConfUtils.java:logGet(43)) - raft.server.retrycache.expirytime = 600000ms (custom)
2019-10-10 13:56:25,770 [pool-47-thread-1] INFO  impl.RaftServerImpl (RaftServerImpl.java:start(185)) - d5a64498-0763-4a42-aa87-ac8414963a4d@group-DF3356F29085: start as a follower, conf=-1: [15ba042c-ab06-4316-a093-57bc1e6c44e0:192.168.5.143:37743, 5218105c-ec00-489c-8975-03c8dbf7f3f7:192.168.5.143:39229, d5a64498-0763-4a42-aa87-ac8414963a4d:192.168.5.143:34030], old=null
2019-10-10 13:56:25,770 [pool-47-thread-1] INFO  impl.RaftServerImpl (RaftServerImpl.java:setRole(174)) - d5a64498-0763-4a42-aa87-ac8414963a4d@group-DF3356F29085: changes role from      null to FOLLOWER at term 0 for startAsFollower
2019-10-10 13:56:25,770 [pool-47-thread-1] INFO  impl.RoleInfo (RoleInfo.java:updateAndGet(143)) - d5a64498-0763-4a42-aa87-ac8414963a4d: start FollowerState
2019-10-10 13:56:25,771 [pool-47-thread-1] INFO  util.JmxRegister (JmxRegister.java:tryRegister(44)) - Successfully registered JMX Bean with object name Ratis:service=RaftServer,group=group-DF3356F29085,id=d5a64498-0763-4a42-aa87-ac8414963a4d
2019-10-10 13:56:25,772 [pool-57-thread-1] INFO  impl.RaftServerImpl (RaftServerImpl.java:start(185)) - 5218105c-ec00-489c-8975-03c8dbf7f3f7@group-DF3356F29085: start as a follower, conf=-1: [15ba042c-ab06-4316-a093-57bc1e6c44e0:192.168.5.143:37743, 5218105c-ec00-489c-8975-03c8dbf7f3f7:192.168.5.143:39229, d5a64498-0763-4a42-aa87-ac8414963a4d:192.168.5.143:34030], old=null
2019-10-10 13:56:25,772 [pool-57-thread-1] INFO  impl.RaftServerImpl (RaftServerImpl.java:setRole(174)) - 5218105c-ec00-489c-8975-03c8dbf7f3f7@group-DF3356F29085: changes role from      null to FOLLOWER at term 0 for startAsFollower
2019-10-10 13:56:25,772 [pool-67-thread-1] INFO  impl.RaftServerImpl (RaftServerImpl.java:start(185)) - 15ba042c-ab06-4316-a093-57bc1e6c44e0@group-DF3356F29085: start as a follower, conf=-1: [15ba042c-ab06-4316-a093-57bc1e6c44e0:192.168.5.143:37743, 5218105c-ec00-489c-8975-03c8dbf7f3f7:192.168.5.143:39229, d5a64498-0763-4a42-aa87-ac8414963a4d:192.168.5.143:34030], old=null
2019-10-10 13:56:25,773 [pool-57-thread-1] INFO  impl.RoleInfo (RoleInfo.java:updateAndGet(143)) - 5218105c-ec00-489c-8975-03c8dbf7f3f7: start FollowerState
2019-10-10 13:56:25,773 [pool-67-thread-1] INFO  impl.RaftServerImpl (RaftServerImpl.java:setRole(174)) - 15ba042c-ab06-4316-a093-57bc1e6c44e0@group-DF3356F29085: changes role from      null to FOLLOWER at term 0 for startAsFollower
2019-10-10 13:56:25,773 [pool-67-thread-1] INFO  impl.RoleInfo (RoleInfo.java:updateAndGet(143)) - 15ba042c-ab06-4316-a093-57bc1e6c44e0: start FollowerState
2019-10-10 13:56:25,773 [pool-57-thread-1] INFO  util.JmxRegister (JmxRegister.java:tryRegister(44)) - Successfully registered JMX Bean with object name Ratis:service=RaftServer,group=group-DF3356F29085,id=5218105c-ec00-489c-8975-03c8dbf7f3f7
2019-10-10 13:56:25,773 [pool-67-thread-1] INFO  util.JmxRegister (JmxRegister.java:tryRegister(44)) - Successfully registered JMX Bean with object name Ratis:service=RaftServer,group=group-DF3356F29085,id=15ba042c-ab06-4316-a093-57bc1e6c44e0
2019-10-10 13:56:25,797 [RatisPipelineUtilsThread] INFO  pipeline.PipelineStateManager (PipelineStateManager.java:addPipeline(56)) - Created pipeline Pipeline[ Id: 83c8c55c-2702-420e-8c19-df3356f29085, Nodes: 15ba042c-ab06-4316-a093-57bc1e6c44e0{ip: 192.168.5.143, host: pr-hdds-1569-9zzhf-258611273, networkLocation: /default-rack, certSerialId: null}5218105c-ec00-489c-8975-03c8dbf7f3f7{ip: 192.168.5.143, host: pr-hdds-1569-9zzhf-258611273, networkLocation: /default-rack, certSerialId: null}d5a64498-0763-4a42-aa87-ac8414963a4d{ip: 192.168.5.143, host: pr-hdds-1569-9zzhf-258611273, networkLocation: /default-rack, certSerialId: null}, Type:RATIS, Factor:THREE, State:OPEN]
2019-10-10 13:56:25,819 [grpc-default-executor-0] INFO  impl.RaftServerProxy (RaftServerProxy.java:addNew(89)) - 5218105c-ec00-489c-8975-03c8dbf7f3f7: addNew group-666C5E26E2F7:[15ba042c-ab06-4316-a093-57bc1e6c44e0:192.168.5.143:37743, 5218105c-ec00-489c-8975-03c8dbf7f3f7:192.168.5.143:39229, d5a64498-0763-4a42-aa87-ac8414963a4d:192.168.5.143:34030] returns group-666C5E26E2F7:java.util.concurrent.CompletableFuture@672bfedc[Not completed]
2019-10-10 13:56:25,823 [grpc-default-executor-0] INFO  impl.RaftServerProxy (RaftServerProxy.java:addNew(89)) - d5a64498-0763-4a42-aa87-ac8414963a4d: addNew group-666C5E26E2F7:[15ba042c-ab06-4316-a093-57bc1e6c44e0:192.168.5.143:37743, 5218105c-ec00-489c-8975-03c8dbf7f3f7:192.168.5.143:39229, d5a64498-0763-4a42-aa87-ac8414963a4d:192.168.5.143:34030] returns group-666C5E26E2F7:java.util.concurrent.CompletableFuture@748b2db1[Not completed]
2019-10-10 13:56:25,823 [grpc-default-executor-2] INFO  impl.RaftServerProxy (RaftServerProxy.java:addNew(89)) - 15ba042c-ab06-4316-a093-57bc1e6c44e0: addNew group-666C5E26E2F7:[15ba042c-ab06-4316-a093-57bc1e6c44e0:192.168.5.143:37743, 5218105c-ec00-489c-8975-03c8dbf7f3f7:192.168.5.143:39229, d5a64498-0763-4a42-aa87-ac8414963a4d:192.168.5.143:34030] returns group-666C5E26E2F7:java.util.concurrent.CompletableFuture@1a7c98eb[Not completed]
2019-10-10 13:56:25,825 [pool-57-thread-1] INFO  impl.RaftServerImpl (RaftServerImpl.java:<init>(95)) - 5218105c-ec00-489c-8975-03c8dbf7f3f7: new RaftServerImpl for group-666C5E26E2F7:[15ba042c-ab06-4316-a093-57bc1e6c44e0:192.168.5.143:37743, 5218105c-ec00-489c-8975-03c8dbf7f3f7:192.168.5.143:39229, d5a64498-0763-4a42-aa87-ac8414963a4d:192.168.5.143:34030] with ContainerStateMachine:uninitialized
2019-10-10 13:56:25,825 [pool-57-thread-1] INFO  server.RaftServerConfigKeys (ConfUtils.java:logGet(43)) - raft.server.rpc.timeout.min = 5s (custom)
2019-10-10 13:56:25,825 [pool-57-thread-1] INFO  server.RaftServerConfigKeys (ConfUtils.java:logGet(43)) - raft.server.rpc.timeout.max = 5200ms (custom)
2019-10-10 13:56:25,826 [pool-57-thread-1] INFO  server.RaftServerConfigKeys (ConfUtils.java:logGet(43)) - raft.server.rpcslowness.timeout = 120s (custom)
2019-10-10 13:56:25,826 [pool-57-thread-1] INFO  server.RaftServerConfigKeys (ConfUtils.java:logGet(43)) - raft.server.sleep.deviation.threshold = 300 (default)
2019-10-10 13:56:25,826 [pool-57-thread-1] INFO  server.RaftServerConfigKeys (ConfUtils.java:logGet(43)) - raft.server.log.appender.install.snapshot.enabled = false (custom)
2019-10-10 13:56:25,826 [pool-47-thread-1] INFO  impl.RaftServerImpl (RaftServerImpl.java:<init>(95)) - d5a64498-0763-4a42-aa87-ac8414963a4d: new RaftServerImpl for group-666C5E26E2F7:[15ba042c-ab06-4316-a093-57bc1e6c44e0:192.168.5.143:37743, 5218105c-ec00-489c-8975-03c8dbf7f3f7:192.168.5.143:39229, d5a64498-0763-4a42-aa87-ac8414963a4d:192.168.5.143:34030] with ContainerStateMachine:uninitialized
2019-10-10 13:56:25,826 [pool-57-thread-1] INFO  impl.RaftServerImpl (ServerState.java:<init>(103)) - 5218105c-ec00-489c-8975-03c8dbf7f3f7@group-666C5E26E2F7: ConfigurationManager, init=-1: [15ba042c-ab06-4316-a093-57bc1e6c44e0:192.168.5.143:37743, 5218105c-ec00-489c-8975-03c8dbf7f3f7:192.168.5.143:39229, d5a64498-0763-4a42-aa87-ac8414963a4d:192.168.5.143:34030], old=null, confs=<EMPTY_MAP>
2019-10-10 13:56:25,826 [pool-47-thread-1] INFO  server.RaftServerConfigKeys (ConfUtils.java:logGet(43)) - raft.server.rpc.timeout.min = 5s (custom)
2019-10-10 13:56:25,827 [pool-57-thread-1] INFO  server.RaftServerConfigKeys (ConfUtils.java:logGet(43)) - raft.server.storage.dir = [/workdir/hadoop-ozone/tools/target/test-dir/MiniOzoneClusterImpl-bcdf28f0-062a-4770-a1ba-339398413d60/datanode-3/data/ratis] (custom)
2019-10-10 13:56:25,827 [pool-67-thread-1] INFO  impl.RaftServerImpl (RaftServerImpl.java:<init>(95)) - 15ba042c-ab06-4316-a093-57bc1e6c44e0: new RaftServerImpl for group-666C5E26E2F7:[15ba042c-ab06-4316-a093-57bc1e6c44e0:192.168.5.143:37743, 5218105c-ec00-489c-8975-03c8dbf7f3f7:192.168.5.143:39229, d5a64498-0763-4a42-aa87-ac8414963a4d:192.168.5.143:34030] with ContainerStateMachine:uninitialized
2019-10-10 13:56:25,827 [pool-47-thread-1] INFO  server.RaftServerConfigKeys (ConfUtils.java:logGet(43)) - raft.server.rpc.timeout.max = 5200ms (custom)
2019-10-10 13:56:25,827 [pool-67-thread-1] INFO  server.RaftServerConfigKeys (ConfUtils.java:logGet(43)) - raft.server.rpc.timeout.min = 5s (custom)
2019-10-10 13:56:25,827 [pool-47-thread-1] INFO  server.RaftServerConfigKeys (ConfUtils.java:logGet(43)) - raft.server.rpcslowness.timeout = 120s (custom)
2019-10-10 13:56:25,827 [pool-67-thread-1] INFO  server.RaftServerConfigKeys (ConfUtils.java:logGet(43)) - raft.server.rpc.timeout.max = 5200ms (custom)
2019-10-10 13:56:25,827 [pool-57-thread-1] INFO  storage.RaftStorageDirectory (RaftStorageDirectory.java:analyzeStorage(246)) - The storage directory /workdir/hadoop-ozone/tools/target/test-dir/MiniOzoneClusterImpl-bcdf28f0-062a-4770-a1ba-339398413d60/datanode-3/data/ratis/28a0eca0-873f-44f4-8cb9-666c5e26e2f7 does not exist. Creating ...
2019-10-10 13:56:25,827 [pool-67-thread-1] INFO  server.RaftServerConfigKeys (ConfUtils.java:logGet(43)) - raft.server.rpcslowness.timeout = 120s (custom)
2019-10-10 13:56:25,827 [pool-47-thread-1] INFO  server.RaftServerConfigKeys (ConfUtils.java:logGet(43)) - raft.server.sleep.deviation.threshold = 300 (default)
2019-10-10 13:56:25,828 [pool-67-thread-1] INFO  server.RaftServerConfigKeys (ConfUtils.java:logGet(43)) - raft.server.sleep.deviation.threshold = 300 (default)
2019-10-10 13:56:25,828 [pool-47-thread-1] INFO  server.RaftServerConfigKeys (ConfUtils.java:logGet(43)) - raft.server.log.appender.install.snapshot.enabled = false (custom)
2019-10-10 13:56:25,828 [pool-67-thread-1] INFO  server.RaftServerConfigKeys (ConfUtils.java:logGet(43)) - raft.server.log.appender.install.snapshot.enabled = false (custom)
2019-10-10 13:56:25,828 [pool-47-thread-1] INFO  impl.RaftServerImpl (ServerState.java:<init>(103)) - d5a64498-0763-4a42-aa87-ac8414963a4d@group-666C5E26E2F7: ConfigurationManager, init=-1: [15ba042c-ab06-4316-a093-57bc1e6c44e0:192.168.5.143:37743, 5218105c-ec00-489c-8975-03c8dbf7f3f7:192.168.5.143:39229, d5a64498-0763-4a42-aa87-ac8414963a4d:192.168.5.143:34030], old=null, confs=<EMPTY_MAP>
2019-10-10 13:56:25,828 [pool-67-thread-1] INFO  impl.RaftServerImpl (ServerState.java:<init>(103)) - 15ba042c-ab06-4316-a093-57bc1e6c44e0@group-666C5E26E2F7: ConfigurationManager, init=-1: [15ba042c-ab06-4316-a093-57bc1e6c44e0:192.168.5.143:37743, 5218105c-ec00-489c-8975-03c8dbf7f3f7:192.168.5.143:39229, d5a64498-0763-4a42-aa87-ac8414963a4d:192.168.5.143:34030], old=null, confs=<EMPTY_MAP>
2019-10-10 13:56:25,828 [pool-47-thread-1] INFO  server.RaftServerConfigKeys (ConfUtils.java:logGet(43)) - raft.server.storage.dir = [/workdir/hadoop-ozone/tools/target/test-dir/MiniOzoneClusterImpl-bcdf28f0-062a-4770-a1ba-339398413d60/datanode-2/data/ratis] (custom)
2019-10-10 13:56:25,828 [pool-67-thread-1] INFO  server.RaftServerConfigKeys (ConfUtils.java:logGet(43)) - raft.server.storage.dir = [/workdir/hadoop-ozone/tools/target/test-dir/MiniOzoneClusterImpl-bcdf28f0-062a-4770-a1ba-339398413d60/datanode-4/data/ratis] (custom)
2019-10-10 13:56:25,829 [pool-47-thread-1] INFO  storage.RaftStorageDirectory (RaftStorageDirectory.java:analyzeStorage(246)) - The storage directory /workdir/hadoop-ozone/tools/target/test-dir/MiniOzoneClusterImpl-bcdf28f0-062a-4770-a1ba-339398413d60/datanode-2/data/ratis/28a0eca0-873f-44f4-8cb9-666c5e26e2f7 does not exist. Creating ...
2019-10-10 13:56:25,829 [pool-67-thread-1] INFO  storage.RaftStorageDirectory (RaftStorageDirectory.java:analyzeStorage(246)) - The storage directory /workdir/hadoop-ozone/tools/target/test-dir/MiniOzoneClusterImpl-bcdf28f0-062a-4770-a1ba-339398413d60/datanode-4/data/ratis/28a0eca0-873f-44f4-8cb9-666c5e26e2f7 does not exist. Creating ...
2019-10-10 13:56:25,841 [pool-47-thread-1] INFO  storage.RaftStorageDirectory (RaftStorageDirectory.java:tryLock(328)) - Lock on /workdir/hadoop-ozone/tools/target/test-dir/MiniOzoneClusterImpl-bcdf28f0-062a-4770-a1ba-339398413d60/datanode-2/data/ratis/28a0eca0-873f-44f4-8cb9-666c5e26e2f7/in_use.lock acquired by nodename 16603@pr-hdds-1569-9zzhf-258611273
2019-10-10 13:56:25,841 [pool-57-thread-1] INFO  storage.RaftStorageDirectory (RaftStorageDirectory.java:tryLock(328)) - Lock on /workdir/hadoop-ozone/tools/target/test-dir/MiniOzoneClusterImpl-bcdf28f0-062a-4770-a1ba-339398413d60/datanode-3/data/ratis/28a0eca0-873f-44f4-8cb9-666c5e26e2f7/in_use.lock acquired by nodename 16603@pr-hdds-1569-9zzhf-258611273
2019-10-10 13:56:25,841 [pool-67-thread-1] INFO  storage.RaftStorageDirectory (RaftStorageDirectory.java:tryLock(328)) - Lock on /workdir/hadoop-ozone/tools/target/test-dir/MiniOzoneClusterImpl-bcdf28f0-062a-4770-a1ba-339398413d60/datanode-4/data/ratis/28a0eca0-873f-44f4-8cb9-666c5e26e2f7/in_use.lock acquired by nodename 16603@pr-hdds-1569-9zzhf-258611273
2019-10-10 13:56:25,858 [pool-57-thread-1] INFO  storage.RaftStorage (RaftStorage.java:format(72)) - Storage directory /workdir/hadoop-ozone/tools/target/test-dir/MiniOzoneClusterImpl-bcdf28f0-062a-4770-a1ba-339398413d60/datanode-3/data/ratis/28a0eca0-873f-44f4-8cb9-666c5e26e2f7 has been successfully formatted.
2019-10-10 13:56:25,858 [pool-67-thread-1] INFO  storage.RaftStorage (RaftStorage.java:format(72)) - Storage directory /workdir/hadoop-ozone/tools/target/test-dir/MiniOzoneClusterImpl-bcdf28f0-062a-4770-a1ba-339398413d60/datanode-4/data/ratis/28a0eca0-873f-44f4-8cb9-666c5e26e2f7 has been successfully formatted.
2019-10-10 13:56:25,858 [pool-47-thread-1] INFO  storage.RaftStorage (RaftStorage.java:format(72)) - Storage directory /workdir/hadoop-ozone/tools/target/test-dir/MiniOzoneClusterImpl-bcdf28f0-062a-4770-a1ba-339398413d60/datanode-2/data/ratis/28a0eca0-873f-44f4-8cb9-666c5e26e2f7 has been successfully formatted.
2019-10-10 13:56:25,858 [pool-57-thread-1] INFO  ratis.ContainerStateMachine (ContainerStateMachine.java:loadSnapshot(230)) - group-666C5E26E2F7: The snapshot info is null. Setting the last applied indexto:(t:0, i:~)
2019-10-10 13:56:25,858 [pool-67-thread-1] INFO  ratis.ContainerStateMachine (ContainerStateMachine.java:loadSnapshot(230)) - group-666C5E26E2F7: The snapshot info is null. Setting the last applied indexto:(t:0, i:~)
2019-10-10 13:56:25,858 [pool-57-thread-1] INFO  server.RaftServerConfigKeys (ConfUtils.java:logGet(43)) - raft.server.notification.no-leader.timeout = 120s (custom)
2019-10-10 13:56:25,858 [pool-47-thread-1] INFO  ratis.ContainerStateMachine (ContainerStateMachine.java:loadSnapshot(230)) - group-666C5E26E2F7: The snapshot info is null. Setting the last applied indexto:(t:0, i:~)
2019-10-10 13:56:25,859 [pool-57-thread-1] INFO  server.RaftServerConfigKeys (ConfUtils.java:logGet(43)) - raft.server.log.use.memory = false (default)
2019-10-10 13:56:25,858 [pool-67-thread-1] INFO  server.RaftServerConfigKeys (ConfUtils.java:logGet(43)) - raft.server.notification.no-leader.timeout = 120s (custom)
2019-10-10 13:56:25,859 [pool-57-thread-1] INFO  server.RaftServerConfigKeys (ConfUtils.java:logGet(43)) - raft.server.log.purge.gap = 1000000 (custom)
2019-10-10 13:56:25,859 [pool-47-thread-1] INFO  server.RaftServerConfigKeys (ConfUtils.java:logGet(43)) - raft.server.notification.no-leader.timeout = 120s (custom)
2019-10-10 13:56:25,859 [pool-57-thread-1] INFO  server.RaftServerConfigKeys (ConfUtils.java:logGet(43)) - raft.server.log.appender.buffer.byte-limit = 33554432 (custom)
2019-10-10 13:56:25,859 [pool-67-thread-1] INFO  server.RaftServerConfigKeys (ConfUtils.java:logGet(43)) - raft.server.log.use.memory = false (default)
2019-10-10 13:56:25,860 [pool-57-thread-1] INFO  server.RaftServerConfigKeys (ConfUtils.java:logGet(43)) - raft.server.log.segment.size.max = 1048576 (custom)
2019-10-10 13:56:25,860 [pool-47-thread-1] INFO  server.RaftServerConfigKeys (ConfUtils.java:logGet(43)) - raft.server.log.use.memory = false (default)
2019-10-10 13:56:25,860 [pool-57-thread-1] INFO  server.RaftServerConfigKeys (ConfUtils.java:logGet(43)) - raft.server.log.segment.cache.num.max = 2 (custom)
2019-10-10 13:56:25,860 [pool-67-thread-1] INFO  server.RaftServerConfigKeys (ConfUtils.java:logGet(43)) - raft.server.log.purge.gap = 1000000 (custom)
2019-10-10 13:56:25,861 [pool-57-thread-1] INFO  segmented.SegmentedRaftLogWorker (SegmentedRaftLogWorker.java:<init>(172)) - new 5218105c-ec00-489c-8975-03c8dbf7f3f7@group-666C5E26E2F7-SegmentedRaftLogWorker for RaftStorage:Storage Directory /workdir/hadoop-ozone/tools/target/test-dir/MiniOzoneClusterImpl-bcdf28f0-062a-4770-a1ba-339398413d60/datanode-3/data/ratis/28a0eca0-873f-44f4-8cb9-666c5e26e2f7
2019-10-10 13:56:25,860 [pool-47-thread-1] INFO  server.RaftServerConfigKeys (ConfUtils.java:logGet(43)) - raft.server.log.purge.gap = 1000000 (custom)
2019-10-10 13:56:25,861 [pool-57-thread-1] INFO  server.RaftServerConfigKeys (ConfUtils.java:logGet(43)) - raft.server.log.queue.byte-limit = 2147483647 (custom)
2019-10-10 13:56:25,861 [pool-67-thread-1] INFO  server.RaftServerConfigKeys (ConfUtils.java:logGet(43)) - raft.server.log.appender.buffer.byte-limit = 33554432 (custom)
2019-10-10 13:56:25,861 [pool-57-thread-1] INFO  server.RaftServerConfigKeys (ConfUtils.java:logGet(43)) - raft.server.log.queue.element-limit = 1024 (custom)
2019-10-10 13:56:25,861 [pool-47-thread-1] INFO  server.RaftServerConfigKeys (ConfUtils.java:logGet(43)) - raft.server.log.appender.buffer.byte-limit = 33554432 (custom)
2019-10-10 13:56:25,862 [pool-57-thread-1] INFO  server.RaftServerConfigKeys (ConfUtils.java:logGet(43)) - raft.server.log.segment.size.max = 1048576 (custom)
2019-10-10 13:56:25,861 [pool-67-thread-1] INFO  server.RaftServerConfigKeys (ConfUtils.java:logGet(43)) - raft.server.log.segment.size.max = 1048576 (custom)
2019-10-10 13:56:25,862 [pool-57-thread-1] INFO  server.RaftServerConfigKeys (ConfUtils.java:logGet(43)) - raft.server.log.preallocated.size = 16384 (custom)
2019-10-10 13:56:25,862 [pool-47-thread-1] INFO  server.RaftServerConfigKeys (ConfUtils.java:logGet(43)) - raft.server.log.segment.size.max = 1048576 (custom)
2019-10-10 13:56:25,862 [pool-57-thread-1] INFO  server.RaftServerConfigKeys (ConfUtils.java:logGet(43)) - raft.server.log.write.buffer.size = 33554432 (custom)
2019-10-10 13:56:25,862 [pool-67-thread-1] INFO  server.RaftServerConfigKeys (ConfUtils.java:logGet(43)) - raft.server.log.segment.cache.num.max = 2 (custom)
2019-10-10 13:56:25,863 [pool-57-thread-1] INFO  server.RaftServerConfigKeys (ConfUtils.java:logGet(43)) - raft.server.log.force.sync.num = 128 (default)
2019-10-10 13:56:25,863 [pool-47-thread-1] INFO  server.RaftServerConfigKeys (ConfUtils.java:logGet(43)) - raft.server.log.segment.cache.num.max = 2 (custom)
2019-10-10 13:56:25,863 [pool-57-thread-1] INFO  server.RaftServerConfigKeys (ConfUtils.java:logGet(43)) - raft.server.log.statemachine.data.sync = true (default)
2019-10-10 13:56:25,863 [pool-67-thread-1] INFO  segmented.SegmentedRaftLogWorker (SegmentedRaftLogWorker.java:<init>(172)) - new 15ba042c-ab06-4316-a093-57bc1e6c44e0@group-666C5E26E2F7-SegmentedRaftLogWorker for RaftStorage:Storage Directory /workdir/hadoop-ozone/tools/target/test-dir/MiniOzoneClusterImpl-bcdf28f0-062a-4770-a1ba-339398413d60/datanode-4/data/ratis/28a0eca0-873f-44f4-8cb9-666c5e26e2f7
2019-10-10 13:56:25,864 [pool-57-thread-1] INFO  server.RaftServerConfigKeys (ConfUtils.java:logGet(43)) - raft.server.log.statemachine.data.sync.timeout = 10s (default)
2019-10-10 13:56:25,864 [pool-57-thread-1] INFO  server.RaftServerConfigKeys (ConfUtils.java:logGet(43)) - raft.server.log.statemachine.data.sync.timeout.retry = -1 (default)
2019-10-10 13:56:25,863 [pool-47-thread-1] INFO  segmented.SegmentedRaftLogWorker (SegmentedRaftLogWorker.java:<init>(172)) - new d5a64498-0763-4a42-aa87-ac8414963a4d@group-666C5E26E2F7-SegmentedRaftLogWorker for RaftStorage:Storage Directory /workdir/hadoop-ozone/tools/target/test-dir/MiniOzoneClusterImpl-bcdf28f0-062a-4770-a1ba-339398413d60/datanode-2/data/ratis/28a0eca0-873f-44f4-8cb9-666c5e26e2f7
2019-10-10 13:56:25,864 [pool-67-thread-1] INFO  server.RaftServerConfigKeys (ConfUtils.java:logGet(43)) - raft.server.log.queue.byte-limit = 2147483647 (custom)
2019-10-10 13:56:25,864 [pool-57-thread-1] INFO  server.RaftServerConfigKeys (ConfUtils.java:logGet(43)) - raft.server.log.statemachine.data.caching.enabled = true (custom)
2019-10-10 13:56:25,864 [pool-47-thread-1] INFO  server.RaftServerConfigKeys (ConfUtils.java:logGet(43)) - raft.server.log.queue.byte-limit = 2147483647 (custom)
2019-10-10 13:56:25,865 [pool-67-thread-1] INFO  server.RaftServerConfigKeys (ConfUtils.java:logGet(43)) - raft.server.log.queue.element-limit = 1024 (custom)
2019-10-10 13:56:25,865 [pool-57-thread-1] INFO  segmented.SegmentedRaftLogWorker (SegmentedRaftLogWorker.java:lambda$new$0(132)) - 5218105c-ec00-489c-8975-03c8dbf7f3f7@group-666C5E26E2F7-SegmentedRaftLogWorker: flushIndex: setUnconditionally 0 -> -1
2019-10-10 13:56:25,865 [pool-47-thread-1] INFO  server.RaftServerConfigKeys (ConfUtils.java:logGet(43)) - raft.server.log.queue.element-limit = 1024 (custom)
2019-10-10 13:56:25,866 [pool-57-thread-1] INFO  server.RaftServerConfigKeys (ConfUtils.java:logGet(43)) - raft.server.snapshot.auto.trigger.enabled = true (custom)
2019-10-10 13:56:25,865 [pool-67-thread-1] INFO  server.RaftServerConfigKeys (ConfUtils.java:logGet(43)) - raft.server.log.segment.size.max = 1048576 (custom)
2019-10-10 13:56:25,866 [pool-57-thread-1] INFO  server.RaftServerConfigKeys (ConfUtils.java:logGet(43)) - raft.server.snapshot.auto.trigger.threshold = 10000 (custom)
2019-10-10 13:56:25,866 [pool-47-thread-1] INFO  server.RaftServerConfigKeys (ConfUtils.java:logGet(43)) - raft.server.log.segment.size.max = 1048576 (custom)
2019-10-10 13:56:25,866 [pool-57-thread-1] INFO  server.RaftServerConfigKeys (ConfUtils.java:logGet(43)) - raft.server.snapshot.retention.num.files = 5 (custom)
2019-10-10 13:56:25,866 [pool-67-thread-1] INFO  server.RaftServerConfigKeys (ConfUtils.java:logGet(43)) - raft.server.log.preallocated.size = 16384 (custom)
2019-10-10 13:56:25,867 [pool-57-thread-1] INFO  server.RaftServerConfigKeys (ConfUtils.java:logGet(43)) - raft.server.retrycache.expirytime = 600000ms (custom)
2019-10-10 13:56:25,866 [pool-47-thread-1] INFO  server.RaftServerConfigKeys (ConfUtils.java:logGet(43)) - raft.server.log.preallocated.size = 16384 (custom)
2019-10-10 13:56:25,867 [pool-67-thread-1] INFO  server.RaftServerConfigKeys (ConfUtils.java:logGet(43)) - raft.server.log.write.buffer.size = 33554432 (custom)
2019-10-10 13:56:25,867 [pool-47-thread-1] INFO  server.RaftServerConfigKeys (ConfUtils.java:logGet(43)) - raft.server.log.write.buffer.size = 33554432 (custom)
2019-10-10 13:56:25,867 [pool-67-thread-1] INFO  server.RaftServerConfigKeys (ConfUtils.java:logGet(43)) - raft.server.log.force.sync.num = 128 (default)
2019-10-10 13:56:25,867 [pool-47-thread-1] INFO  server.RaftServerConfigKeys (ConfUtils.java:logGet(43)) - raft.server.log.force.sync.num = 128 (default)
2019-10-10 13:56:25,868 [pool-67-thread-1] INFO  server.RaftServerConfigKeys (ConfUtils.java:logGet(43)) - raft.server.log.statemachine.data.sync = true (default)
2019-10-10 13:56:25,868 [pool-47-thread-1] INFO  server.RaftServerConfigKeys (ConfUtils.java:logGet(43)) - raft.server.log.statemachine.data.sync = true (default)
2019-10-10 13:56:25,868 [pool-67-thread-1] INFO  server.RaftServerConfigKeys (ConfUtils.java:logGet(43)) - raft.server.log.statemachine.data.sync.timeout = 10s (default)
2019-10-10 13:56:25,868 [pool-47-thread-1] INFO  server.RaftServerConfigKeys (ConfUtils.java:logGet(43)) - raft.server.log.statemachine.data.sync.timeout = 10s (default)
2019-10-10 13:56:25,868 [pool-67-thread-1] INFO  server.RaftServerConfigKeys (ConfUtils.java:logGet(43)) - raft.server.log.statemachine.data.sync.timeout.retry = -1 (default)
2019-10-10 13:56:25,868 [pool-47-thread-1] INFO  server.RaftServerConfigKeys (ConfUtils.java:logGet(43)) - raft.server.log.statemachine.data.sync.timeout.retry = -1 (default)
2019-10-10 13:56:25,869 [pool-67-thread-1] INFO  server.RaftServerConfigKeys (ConfUtils.java:logGet(43)) - raft.server.log.statemachine.data.caching.enabled = true (custom)
2019-10-10 13:56:25,869 [pool-47-thread-1] INFO  server.RaftServerConfigKeys (ConfUtils.java:logGet(43)) - raft.server.log.statemachine.data.caching.enabled = true (custom)
2019-10-10 13:56:25,869 [pool-67-thread-1] INFO  segmented.SegmentedRaftLogWorker (SegmentedRaftLogWorker.java:lambda$new$0(132)) - 15ba042c-ab06-4316-a093-57bc1e6c44e0@group-666C5E26E2F7-SegmentedRaftLogWorker: flushIndex: setUnconditionally 0 -> -1
2019-10-10 13:56:25,869 [pool-47-thread-1] INFO  segmented.SegmentedRaftLogWorker (SegmentedRaftLogWorker.java:lambda$new$0(132)) - d5a64498-0763-4a42-aa87-ac8414963a4d@group-666C5E26E2F7-SegmentedRaftLogWorker: flushIndex: setUnconditionally 0 -> -1
2019-10-10 13:56:25,870 [pool-67-thread-1] INFO  server.RaftServerConfigKeys (ConfUtils.java:logGet(43)) - raft.server.snapshot.auto.trigger.enabled = true (custom)
2019-10-10 13:56:25,870 [pool-47-thread-1] INFO  server.RaftServerConfigKeys (ConfUtils.java:logGet(43)) - raft.server.snapshot.auto.trigger.enabled = true (custom)
2019-10-10 13:56:25,870 [pool-67-thread-1] INFO  server.RaftServerConfigKeys (ConfUtils.java:logGet(43)) - raft.server.snapshot.auto.trigger.threshold = 10000 (custom)
2019-10-10 13:56:25,870 [pool-47-thread-1] INFO  server.RaftServerConfigKeys (ConfUtils.java:logGet(43)) - raft.server.snapshot.auto.trigger.threshold = 10000 (custom)
2019-10-10 13:56:25,870 [pool-67-thread-1] INFO  server.RaftServerConfigKeys (ConfUtils.java:logGet(43)) - raft.server.snapshot.retention.num.files = 5 (custom)
2019-10-10 13:56:25,870 [pool-57-thread-1] INFO  impl.RaftServerImpl (RaftServerImpl.java:start(185)) - 5218105c-ec00-489c-8975-03c8dbf7f3f7@group-666C5E26E2F7: start as a follower, conf=-1: [15ba042c-ab06-4316-a093-57bc1e6c44e0:192.168.5.143:37743, 5218105c-ec00-489c-8975-03c8dbf7f3f7:192.168.5.143:39229, d5a64498-0763-4a42-aa87-ac8414963a4d:192.168.5.143:34030], old=null
2019-10-10 13:56:25,871 [pool-67-thread-1] INFO  server.RaftServerConfigKeys (ConfUtils.java:logGet(43)) - raft.server.retrycache.expirytime = 600000ms (custom)
2019-10-10 13:56:25,870 [pool-47-thread-1] INFO  server.RaftServerConfigKeys (ConfUtils.java:logGet(43)) - raft.server.snapshot.retention.num.files = 5 (custom)
2019-10-10 13:56:25,871 [pool-57-thread-1] INFO  impl.RaftServerImpl (RaftServerImpl.java:setRole(174)) - 5218105c-ec00-489c-8975-03c8dbf7f3f7@group-666C5E26E2F7: changes role from      null to FOLLOWER at term 0 for startAsFollower
2019-10-10 13:56:25,871 [pool-47-thread-1] INFO  server.RaftServerConfigKeys (ConfUtils.java:logGet(43)) - raft.server.retrycache.expirytime = 600000ms (custom)
2019-10-10 13:56:25,871 [pool-57-thread-1] INFO  impl.RoleInfo (RoleInfo.java:updateAndGet(143)) - 5218105c-ec00-489c-8975-03c8dbf7f3f7: start FollowerState
2019-10-10 13:56:25,872 [pool-57-thread-1] INFO  util.JmxRegister (JmxRegister.java:tryRegister(44)) - Successfully registered JMX Bean with object name Ratis:service=RaftServer,group=group-666C5E26E2F7,id=5218105c-ec00-489c-8975-03c8dbf7f3f7
2019-10-10 13:56:25,874 [pool-67-thread-1] INFO  impl.RaftServerImpl (RaftServerImpl.java:start(185)) - 15ba042c-ab06-4316-a093-57bc1e6c44e0@group-666C5E26E2F7: start as a follower, conf=-1: [15ba042c-ab06-4316-a093-57bc1e6c44e0:192.168.5.143:37743, 5218105c-ec00-489c-8975-03c8dbf7f3f7:192.168.5.143:39229, d5a64498-0763-4a42-aa87-ac8414963a4d:192.168.5.143:34030], old=null
2019-10-10 13:56:25,874 [pool-67-thread-1] INFO  impl.RaftServerImpl (RaftServerImpl.java:setRole(174)) - 15ba042c-ab06-4316-a093-57bc1e6c44e0@group-666C5E26E2F7: changes role from      null to FOLLOWER at term 0 for startAsFollower
2019-10-10 13:56:25,875 [pool-47-thread-1] INFO  impl.RaftServerImpl (RaftServerImpl.java:start(185)) - d5a64498-0763-4a42-aa87-ac8414963a4d@group-666C5E26E2F7: start as a follower, conf=-1: [15ba042c-ab06-4316-a093-57bc1e6c44e0:192.168.5.143:37743, 5218105c-ec00-489c-8975-03c8dbf7f3f7:192.168.5.143:39229, d5a64498-0763-4a42-aa87-ac8414963a4d:192.168.5.143:34030], old=null
2019-10-10 13:56:25,875 [pool-67-thread-1] INFO  impl.RoleInfo (RoleInfo.java:updateAndGet(143)) - 15ba042c-ab06-4316-a093-57bc1e6c44e0: start FollowerState
2019-10-10 13:56:25,876 [pool-47-thread-1] INFO  impl.RaftServerImpl (RaftServerImpl.java:setRole(174)) - d5a64498-0763-4a42-aa87-ac8414963a4d@group-666C5E26E2F7: changes role from      null to FOLLOWER at term 0 for startAsFollower
2019-10-10 13:56:25,877 [pool-47-thread-1] INFO  impl.RoleInfo (RoleInfo.java:updateAndGet(143)) - d5a64498-0763-4a42-aa87-ac8414963a4d: start FollowerState
2019-10-10 13:56:25,877 [pool-67-thread-1] INFO  util.JmxRegister (JmxRegister.java:tryRegister(44)) - Successfully registered JMX Bean with object name Ratis:service=RaftServer,group=group-666C5E26E2F7,id=15ba042c-ab06-4316-a093-57bc1e6c44e0
2019-10-10 13:56:25,877 [pool-47-thread-1] INFO  util.JmxRegister (JmxRegister.java:tryRegister(44)) - Successfully registered JMX Bean with object name Ratis:service=RaftServer,group=group-666C5E26E2F7,id=d5a64498-0763-4a42-aa87-ac8414963a4d
2019-10-10 13:56:25,885 [RatisPipelineUtilsThread] INFO  pipeline.PipelineStateManager (PipelineStateManager.java:addPipeline(56)) - Created pipeline Pipeline[ Id: 28a0eca0-873f-44f4-8cb9-666c5e26e2f7, Nodes: 15ba042c-ab06-4316-a093-57bc1e6c44e0{ip: 192.168.5.143, host: pr-hdds-1569-9zzhf-258611273, networkLocation: /default-rack, certSerialId: null}5218105c-ec00-489c-8975-03c8dbf7f3f7{ip: 192.168.5.143, host: pr-hdds-1569-9zzhf-258611273, networkLocation: /default-rack, certSerialId: null}d5a64498-0763-4a42-aa87-ac8414963a4d{ip: 192.168.5.143, host: pr-hdds-1569-9zzhf-258611273, networkLocation: /default-rack, certSerialId: null}, Type:RATIS, Factor:THREE, State:OPEN]
2019-10-10 13:56:25,923 [grpc-default-executor-2] INFO  impl.RaftServerProxy (RaftServerProxy.java:addNew(89)) - d5a64498-0763-4a42-aa87-ac8414963a4d: addNew group-3B82BFD3F858:[15ba042c-ab06-4316-a093-57bc1e6c44e0:192.168.5.143:37743, 5218105c-ec00-489c-8975-03c8dbf7f3f7:192.168.5.143:39229, d5a64498-0763-4a42-aa87-ac8414963a4d:192.168.5.143:34030] returns group-3B82BFD3F858:java.util.concurrent.CompletableFuture@13e77dc5[Not completed]
2019-10-10 13:56:25,923 [grpc-default-executor-0] INFO  impl.RaftServerProxy (RaftServerProxy.java:addNew(89)) - 5218105c-ec00-489c-8975-03c8dbf7f3f7: addNew group-3B82BFD3F858:[15ba042c-ab06-4316-a093-57bc1e6c44e0:192.168.5.143:37743, 5218105c-ec00-489c-8975-03c8dbf7f3f7:192.168.5.143:39229, d5a64498-0763-4a42-aa87-ac8414963a4d:192.168.5.143:34030] returns group-3B82BFD3F858:java.util.concurrent.CompletableFuture@971ce00[Not completed]
2019-10-10 13:56:25,923 [grpc-default-executor-1] INFO  impl.RaftServerProxy (RaftServerProxy.java:addNew(89)) - 15ba042c-ab06-4316-a093-57bc1e6c44e0: addNew group-3B82BFD3F858:[15ba042c-ab06-4316-a093-57bc1e6c44e0:192.168.5.143:37743, 5218105c-ec00-489c-8975-03c8dbf7f3f7:192.168.5.143:39229, d5a64498-0763-4a42-aa87-ac8414963a4d:192.168.5.143:34030] returns group-3B82BFD3F858:java.util.concurrent.CompletableFuture@2b5f4994[Not completed]
2019-10-10 13:56:25,927 [pool-67-thread-1] INFO  impl.RaftServerImpl (RaftServerImpl.java:<init>(95)) - 15ba042c-ab06-4316-a093-57bc1e6c44e0: new RaftServerImpl for group-3B82BFD3F858:[15ba042c-ab06-4316-a093-57bc1e6c44e0:192.168.5.143:37743, 5218105c-ec00-489c-8975-03c8dbf7f3f7:192.168.5.143:39229, d5a64498-0763-4a42-aa87-ac8414963a4d:192.168.5.143:34030] with ContainerStateMachine:uninitialized
2019-10-10 13:56:25,927 [pool-67-thread-1] INFO  server.RaftServerConfigKeys (ConfUtils.java:logGet(43)) - raft.server.rpc.timeout.min = 5s (custom)
2019-10-10 13:56:25,927 [pool-67-thread-1] INFO  server.RaftServerConfigKeys (ConfUtils.java:logGet(43)) - raft.server.rpc.timeout.max = 5200ms (custom)
2019-10-10 13:56:25,928 [pool-67-thread-1] INFO  server.RaftServerConfigKeys (ConfUtils.java:logGet(43)) - raft.server.rpcslowness.timeout = 120s (custom)
2019-10-10 13:56:25,928 [pool-67-thread-1] INFO  server.RaftServerConfigKeys (ConfUtils.java:logGet(43)) - raft.server.sleep.deviation.threshold = 300 (default)
2019-10-10 13:56:25,928 [pool-67-thread-1] INFO  server.RaftServerConfigKeys (ConfUtils.java:logGet(43)) - raft.server.log.appender.install.snapshot.enabled = false (custom)
2019-10-10 13:56:25,928 [pool-67-thread-1] INFO  impl.RaftServerImpl (ServerState.java:<init>(103)) - 15ba042c-ab06-4316-a093-57bc1e6c44e0@group-3B82BFD3F858: ConfigurationManager, init=-1: [15ba042c-ab06-4316-a093-57bc1e6c44e0:192.168.5.143:37743, 5218105c-ec00-489c-8975-03c8dbf7f3f7:192.168.5.143:39229, d5a64498-0763-4a42-aa87-ac8414963a4d:192.168.5.143:34030], old=null, confs=<EMPTY_MAP>
2019-10-10 13:56:25,928 [pool-57-thread-1] INFO  impl.RaftServerImpl (RaftServerImpl.java:<init>(95)) - 5218105c-ec00-489c-8975-03c8dbf7f3f7: new RaftServerImpl for group-3B82BFD3F858:[15ba042c-ab06-4316-a093-57bc1e6c44e0:192.168.5.143:37743, 5218105c-ec00-489c-8975-03c8dbf7f3f7:192.168.5.143:39229, d5a64498-0763-4a42-aa87-ac8414963a4d:192.168.5.143:34030] with ContainerStateMachine:uninitialized
2019-10-10 13:56:25,928 [pool-67-thread-1] INFO  server.RaftServerConfigKeys (ConfUtils.java:logGet(43)) - raft.server.storage.dir = [/workdir/hadoop-ozone/tools/target/test-dir/MiniOzoneClusterImpl-bcdf28f0-062a-4770-a1ba-339398413d60/datanode-4/data/ratis] (custom)
2019-10-10 13:56:25,929 [pool-57-thread-1] INFO  server.RaftServerConfigKeys (ConfUtils.java:logGet(43)) - raft.server.rpc.timeout.min = 5s (custom)
2019-10-10 13:56:25,929 [pool-57-thread-1] INFO  server.RaftServerConfigKeys (ConfUtils.java:logGet(43)) - raft.server.rpc.timeout.max = 5200ms (custom)
2019-10-10 13:56:25,929 [pool-67-thread-1] INFO  storage.RaftStorageDirectory (RaftStorageDirectory.java:analyzeStorage(246)) - The storage directory /workdir/hadoop-ozone/tools/target/test-dir/MiniOzoneClusterImpl-bcdf28f0-062a-4770-a1ba-339398413d60/datanode-4/data/ratis/0eda5499-5f5e-47db-b6d5-3b82bfd3f858 does not exist. Creating ...
2019-10-10 13:56:25,929 [pool-57-thread-1] INFO  server.RaftServerConfigKeys (ConfUtils.java:logGet(43)) - raft.server.rpcslowness.timeout = 120s (custom)
2019-10-10 13:56:25,929 [pool-57-thread-1] INFO  server.RaftServerConfigKeys (ConfUtils.java:logGet(43)) - raft.server.sleep.deviation.threshold = 300 (default)
2019-10-10 13:56:25,929 [pool-57-thread-1] INFO  server.RaftServerConfigKeys (ConfUtils.java:logGet(43)) - raft.server.log.appender.install.snapshot.enabled = false (custom)
2019-10-10 13:56:25,930 [pool-57-thread-1] INFO  impl.RaftServerImpl (ServerState.java:<init>(103)) - 5218105c-ec00-489c-8975-03c8dbf7f3f7@group-3B82BFD3F858: ConfigurationManager, init=-1: [15ba042c-ab06-4316-a093-57bc1e6c44e0:192.168.5.143:37743, 5218105c-ec00-489c-8975-03c8dbf7f3f7:192.168.5.143:39229, d5a64498-0763-4a42-aa87-ac8414963a4d:192.168.5.143:34030], old=null, confs=<EMPTY_MAP>
2019-10-10 13:56:25,930 [pool-47-thread-1] INFO  impl.RaftServerImpl (RaftServerImpl.java:<init>(95)) - d5a64498-0763-4a42-aa87-ac8414963a4d: new RaftServerImpl for group-3B82BFD3F858:[15ba042c-ab06-4316-a093-57bc1e6c44e0:192.168.5.143:37743, 5218105c-ec00-489c-8975-03c8dbf7f3f7:192.168.5.143:39229, d5a64498-0763-4a42-aa87-ac8414963a4d:192.168.5.143:34030] with ContainerStateMachine:uninitialized
2019-10-10 13:56:25,930 [pool-57-thread-1] INFO  server.RaftServerConfigKeys (ConfUtils.java:logGet(43)) - raft.server.storage.dir = [/workdir/hadoop-ozone/tools/target/test-dir/MiniOzoneClusterImpl-bcdf28f0-062a-4770-a1ba-339398413d60/datanode-3/data/ratis] (custom)
2019-10-10 13:56:25,930 [pool-47-thread-1] INFO  server.RaftServerConfigKeys (ConfUtils.java:logGet(43)) - raft.server.rpc.timeout.min = 5s (custom)
2019-10-10 13:56:25,930 [pool-47-thread-1] INFO  server.RaftServerConfigKeys (ConfUtils.java:logGet(43)) - raft.server.rpc.timeout.max = 5200ms (custom)
2019-10-10 13:56:25,930 [pool-47-thread-1] INFO  server.RaftServerConfigKeys (ConfUtils.java:logGet(43)) - raft.server.rpcslowness.timeout = 120s (custom)
2019-10-10 13:56:25,931 [pool-57-thread-1] INFO  storage.RaftStorageDirectory (RaftStorageDirectory.java:analyzeStorage(246)) - The storage directory /workdir/hadoop-ozone/tools/target/test-dir/MiniOzoneClusterImpl-bcdf28f0-062a-4770-a1ba-339398413d60/datanode-3/data/ratis/0eda5499-5f5e-47db-b6d5-3b82bfd3f858 does not exist. Creating ...
2019-10-10 13:56:25,931 [pool-47-thread-1] INFO  server.RaftServerConfigKeys (ConfUtils.java:logGet(43)) - raft.server.sleep.deviation.threshold = 300 (default)
2019-10-10 13:56:25,931 [pool-47-thread-1] INFO  server.RaftServerConfigKeys (ConfUtils.java:logGet(43)) - raft.server.log.appender.install.snapshot.enabled = false (custom)
2019-10-10 13:56:25,931 [pool-47-thread-1] INFO  impl.RaftServerImpl (ServerState.java:<init>(103)) - d5a64498-0763-4a42-aa87-ac8414963a4d@group-3B82BFD3F858: ConfigurationManager, init=-1: [15ba042c-ab06-4316-a093-57bc1e6c44e0:192.168.5.143:37743, 5218105c-ec00-489c-8975-03c8dbf7f3f7:192.168.5.143:39229, d5a64498-0763-4a42-aa87-ac8414963a4d:192.168.5.143:34030], old=null, confs=<EMPTY_MAP>
2019-10-10 13:56:25,931 [pool-47-thread-1] INFO  server.RaftServerConfigKeys (ConfUtils.java:logGet(43)) - raft.server.storage.dir = [/workdir/hadoop-ozone/tools/target/test-dir/MiniOzoneClusterImpl-bcdf28f0-062a-4770-a1ba-339398413d60/datanode-2/data/ratis] (custom)
2019-10-10 13:56:25,932 [pool-47-thread-1] INFO  storage.RaftStorageDirectory (RaftStorageDirectory.java:analyzeStorage(246)) - The storage directory /workdir/hadoop-ozone/tools/target/test-dir/MiniOzoneClusterImpl-bcdf28f0-062a-4770-a1ba-339398413d60/datanode-2/data/ratis/0eda5499-5f5e-47db-b6d5-3b82bfd3f858 does not exist. Creating ...
2019-10-10 13:56:25,954 [pool-47-thread-1] INFO  storage.RaftStorageDirectory (RaftStorageDirectory.java:tryLock(328)) - Lock on /workdir/hadoop-ozone/tools/target/test-dir/MiniOzoneClusterImpl-bcdf28f0-062a-4770-a1ba-339398413d60/datanode-2/data/ratis/0eda5499-5f5e-47db-b6d5-3b82bfd3f858/in_use.lock acquired by nodename 16603@pr-hdds-1569-9zzhf-258611273
2019-10-10 13:56:25,954 [pool-67-thread-1] INFO  storage.RaftStorageDirectory (RaftStorageDirectory.java:tryLock(328)) - Lock on /workdir/hadoop-ozone/tools/target/test-dir/MiniOzoneClusterImpl-bcdf28f0-062a-4770-a1ba-339398413d60/datanode-4/data/ratis/0eda5499-5f5e-47db-b6d5-3b82bfd3f858/in_use.lock acquired by nodename 16603@pr-hdds-1569-9zzhf-258611273
2019-10-10 13:56:25,954 [pool-57-thread-1] INFO  storage.RaftStorageDirectory (RaftStorageDirectory.java:tryLock(328)) - Lock on /workdir/hadoop-ozone/tools/target/test-dir/MiniOzoneClusterImpl-bcdf28f0-062a-4770-a1ba-339398413d60/datanode-3/data/ratis/0eda5499-5f5e-47db-b6d5-3b82bfd3f858/in_use.lock acquired by nodename 16603@pr-hdds-1569-9zzhf-258611273
2019-10-10 13:56:25,968 [pool-47-thread-1] INFO  storage.RaftStorage (RaftStorage.java:format(72)) - Storage directory /workdir/hadoop-ozone/tools/target/test-dir/MiniOzoneClusterImpl-bcdf28f0-062a-4770-a1ba-339398413d60/datanode-2/data/ratis/0eda5499-5f5e-47db-b6d5-3b82bfd3f858 has been successfully formatted.
2019-10-10 13:56:25,968 [pool-57-thread-1] INFO  storage.RaftStorage (RaftStorage.java:format(72)) - Storage directory /workdir/hadoop-ozone/tools/target/test-dir/MiniOzoneClusterImpl-bcdf28f0-062a-4770-a1ba-339398413d60/datanode-3/data/ratis/0eda5499-5f5e-47db-b6d5-3b82bfd3f858 has been successfully formatted.
2019-10-10 13:56:25,968 [pool-67-thread-1] INFO  storage.RaftStorage (RaftStorage.java:format(72)) - Storage directory /workdir/hadoop-ozone/tools/target/test-dir/MiniOzoneClusterImpl-bcdf28f0-062a-4770-a1ba-339398413d60/datanode-4/data/ratis/0eda5499-5f5e-47db-b6d5-3b82bfd3f858 has been successfully formatted.
2019-10-10 13:56:25,968 [pool-47-thread-1] INFO  ratis.ContainerStateMachine (ContainerStateMachine.java:loadSnapshot(230)) - group-3B82BFD3F858: The snapshot info is null. Setting the last applied indexto:(t:0, i:~)
2019-10-10 13:56:25,969 [pool-57-thread-1] INFO  ratis.ContainerStateMachine (ContainerStateMachine.java:loadSnapshot(230)) - group-3B82BFD3F858: The snapshot info is null. Setting the last applied indexto:(t:0, i:~)
2019-10-10 13:56:25,969 [pool-47-thread-1] INFO  server.RaftServerConfigKeys (ConfUtils.java:logGet(43)) - raft.server.notification.no-leader.timeout = 120s (custom)
2019-10-10 13:56:25,969 [pool-67-thread-1] INFO  ratis.ContainerStateMachine (ContainerStateMachine.java:loadSnapshot(230)) - group-3B82BFD3F858: The snapshot info is null. Setting the last applied indexto:(t:0, i:~)
2019-10-10 13:56:25,969 [pool-47-thread-1] INFO  server.RaftServerConfigKeys (ConfUtils.java:logGet(43)) - raft.server.log.use.memory = false (default)
2019-10-10 13:56:25,969 [pool-57-thread-1] INFO  server.RaftServerConfigKeys (ConfUtils.java:logGet(43)) - raft.server.notification.no-leader.timeout = 120s (custom)
2019-10-10 13:56:25,969 [pool-47-thread-1] INFO  server.RaftServerConfigKeys (ConfUtils.java:logGet(43)) - raft.server.log.purge.gap = 1000000 (custom)
2019-10-10 13:56:25,969 [pool-67-thread-1] INFO  server.RaftServerConfigKeys (ConfUtils.java:logGet(43)) - raft.server.notification.no-leader.timeout = 120s (custom)
2019-10-10 13:56:25,970 [pool-47-thread-1] INFO  server.RaftServerConfigKeys (ConfUtils.java:logGet(43)) - raft.server.log.appender.buffer.byte-limit = 33554432 (custom)
2019-10-10 13:56:25,970 [pool-57-thread-1] INFO  server.RaftServerConfigKeys (ConfUtils.java:logGet(43)) - raft.server.log.use.memory = false (default)
2019-10-10 13:56:25,970 [pool-47-thread-1] INFO  server.RaftServerConfigKeys (ConfUtils.java:logGet(43)) - raft.server.log.segment.size.max = 1048576 (custom)
2019-10-10 13:56:25,970 [pool-67-thread-1] INFO  server.RaftServerConfigKeys (ConfUtils.java:logGet(43)) - raft.server.log.use.memory = false (default)
2019-10-10 13:56:25,970 [pool-47-thread-1] INFO  server.RaftServerConfigKeys (ConfUtils.java:logGet(43)) - raft.server.log.segment.cache.num.max = 2 (custom)
2019-10-10 13:56:25,970 [pool-57-thread-1] INFO  server.RaftServerConfigKeys (ConfUtils.java:logGet(43)) - raft.server.log.purge.gap = 1000000 (custom)
2019-10-10 13:56:25,971 [pool-47-thread-1] INFO  segmented.SegmentedRaftLogWorker (SegmentedRaftLogWorker.java:<init>(172)) - new d5a64498-0763-4a42-aa87-ac8414963a4d@group-3B82BFD3F858-SegmentedRaftLogWorker for RaftStorage:Storage Directory /workdir/hadoop-ozone/tools/target/test-dir/MiniOzoneClusterImpl-bcdf28f0-062a-4770-a1ba-339398413d60/datanode-2/data/ratis/0eda5499-5f5e-47db-b6d5-3b82bfd3f858
2019-10-10 13:56:25,971 [pool-67-thread-1] INFO  server.RaftServerConfigKeys (ConfUtils.java:logGet(43)) - raft.server.log.purge.gap = 1000000 (custom)
2019-10-10 13:56:25,971 [pool-47-thread-1] INFO  server.RaftServerConfigKeys (ConfUtils.java:logGet(43)) - raft.server.log.queue.byte-limit = 2147483647 (custom)
2019-10-10 13:56:25,971 [pool-57-thread-1] INFO  server.RaftServerConfigKeys (ConfUtils.java:logGet(43)) - raft.server.log.appender.buffer.byte-limit = 33554432 (custom)
2019-10-10 13:56:25,971 [pool-47-thread-1] INFO  server.RaftServerConfigKeys (ConfUtils.java:logGet(43)) - raft.server.log.queue.element-limit = 1024 (custom)
2019-10-10 13:56:25,971 [pool-67-thread-1] INFO  server.RaftServerConfigKeys (ConfUtils.java:logGet(43)) - raft.server.log.appender.buffer.byte-limit = 33554432 (custom)
2019-10-10 13:56:25,972 [pool-47-thread-1] INFO  server.RaftServerConfigKeys (ConfUtils.java:logGet(43)) - raft.server.log.segment.size.max = 1048576 (custom)
2019-10-10 13:56:25,972 [pool-57-thread-1] INFO  server.RaftServerConfigKeys (ConfUtils.java:logGet(43)) - raft.server.log.segment.size.max = 1048576 (custom)
2019-10-10 13:56:25,972 [pool-47-thread-1] INFO  server.RaftServerConfigKeys (ConfUtils.java:logGet(43)) - raft.server.log.preallocated.size = 16384 (custom)
2019-10-10 13:56:25,972 [pool-67-thread-1] INFO  server.RaftServerConfigKeys (ConfUtils.java:logGet(43)) - raft.server.log.segment.size.max = 1048576 (custom)
2019-10-10 13:56:25,973 [pool-47-thread-1] INFO  server.RaftServerConfigKeys (ConfUtils.java:logGet(43)) - raft.server.log.write.buffer.size = 33554432 (custom)
2019-10-10 13:56:25,972 [pool-57-thread-1] INFO  server.RaftServerConfigKeys (ConfUtils.java:logGet(43)) - raft.server.log.segment.cache.num.max = 2 (custom)
2019-10-10 13:56:25,973 [pool-47-thread-1] INFO  server.RaftServerConfigKeys (ConfUtils.java:logGet(43)) - raft.server.log.force.sync.num = 128 (default)
2019-10-10 13:56:25,973 [pool-67-thread-1] INFO  server.RaftServerConfigKeys (ConfUtils.java:logGet(43)) - raft.server.log.segment.cache.num.max = 2 (custom)
2019-10-10 13:56:25,973 [pool-47-thread-1] INFO  server.RaftServerConfigKeys (ConfUtils.java:logGet(43)) - raft.server.log.statemachine.data.sync = true (default)
2019-10-10 13:56:25,973 [pool-57-thread-1] INFO  segmented.SegmentedRaftLogWorker (SegmentedRaftLogWorker.java:<init>(172)) - new 5218105c-ec00-489c-8975-03c8dbf7f3f7@group-3B82BFD3F858-SegmentedRaftLogWorker for RaftStorage:Storage Directory /workdir/hadoop-ozone/tools/target/test-dir/MiniOzoneClusterImpl-bcdf28f0-062a-4770-a1ba-339398413d60/datanode-3/data/ratis/0eda5499-5f5e-47db-b6d5-3b82bfd3f858
2019-10-10 13:56:25,974 [pool-47-thread-1] INFO  server.RaftServerConfigKeys (ConfUtils.java:logGet(43)) - raft.server.log.statemachine.data.sync.timeout = 10s (default)
2019-10-10 13:56:25,973 [pool-67-thread-1] INFO  segmented.SegmentedRaftLogWorker (SegmentedRaftLogWorker.java:<init>(172)) - new 15ba042c-ab06-4316-a093-57bc1e6c44e0@group-3B82BFD3F858-SegmentedRaftLogWorker for RaftStorage:Storage Directory /workdir/hadoop-ozone/tools/target/test-dir/MiniOzoneClusterImpl-bcdf28f0-062a-4770-a1ba-339398413d60/datanode-4/data/ratis/0eda5499-5f5e-47db-b6d5-3b82bfd3f858
2019-10-10 13:56:25,974 [pool-47-thread-1] INFO  server.RaftServerConfigKeys (ConfUtils.java:logGet(43)) - raft.server.log.statemachine.data.sync.timeout.retry = -1 (default)
2019-10-10 13:56:25,974 [pool-57-thread-1] INFO  server.RaftServerConfigKeys (ConfUtils.java:logGet(43)) - raft.server.log.queue.byte-limit = 2147483647 (custom)
2019-10-10 13:56:25,974 [pool-47-thread-1] INFO  server.RaftServerConfigKeys (ConfUtils.java:logGet(43)) - raft.server.log.statemachine.data.caching.enabled = true (custom)
2019-10-10 13:56:25,974 [pool-67-thread-1] INFO  server.RaftServerConfigKeys (ConfUtils.java:logGet(43)) - raft.server.log.queue.byte-limit = 2147483647 (custom)
2019-10-10 13:56:25,975 [pool-57-thread-1] INFO  server.RaftServerConfigKeys (ConfUtils.java:logGet(43)) - raft.server.log.queue.element-limit = 1024 (custom)
2019-10-10 13:56:25,975 [pool-47-thread-1] INFO  segmented.SegmentedRaftLogWorker (SegmentedRaftLogWorker.java:lambda$new$0(132)) - d5a64498-0763-4a42-aa87-ac8414963a4d@group-3B82BFD3F858-SegmentedRaftLogWorker: flushIndex: setUnconditionally 0 -> -1
2019-10-10 13:56:25,975 [pool-67-thread-1] INFO  server.RaftServerConfigKeys (ConfUtils.java:logGet(43)) - raft.server.log.queue.element-limit = 1024 (custom)
2019-10-10 13:56:25,976 [pool-47-thread-1] INFO  server.RaftServerConfigKeys (ConfUtils.java:logGet(43)) - raft.server.snapshot.auto.trigger.enabled = true (custom)
2019-10-10 13:56:25,975 [pool-57-thread-1] INFO  server.RaftServerConfigKeys (ConfUtils.java:logGet(43)) - raft.server.log.segment.size.max = 1048576 (custom)
2019-10-10 13:56:25,976 [pool-47-thread-1] INFO  server.RaftServerConfigKeys (ConfUtils.java:logGet(43)) - raft.server.snapshot.auto.trigger.threshold = 10000 (custom)
2019-10-10 13:56:25,976 [pool-67-thread-1] INFO  server.RaftServerConfigKeys (ConfUtils.java:logGet(43)) - raft.server.log.segment.size.max = 1048576 (custom)
2019-10-10 13:56:25,976 [pool-47-thread-1] INFO  server.RaftServerConfigKeys (ConfUtils.java:logGet(43)) - raft.server.snapshot.retention.num.files = 5 (custom)
2019-10-10 13:56:25,976 [pool-57-thread-1] INFO  server.RaftServerConfigKeys (ConfUtils.java:logGet(43)) - raft.server.log.preallocated.size = 16384 (custom)
2019-10-10 13:56:25,976 [pool-67-thread-1] INFO  server.RaftServerConfigKeys (ConfUtils.java:logGet(43)) - raft.server.log.preallocated.size = 16384 (custom)
2019-10-10 13:56:25,977 [pool-57-thread-1] INFO  server.RaftServerConfigKeys (ConfUtils.java:logGet(43)) - raft.server.log.write.buffer.size = 33554432 (custom)
2019-10-10 13:56:25,977 [pool-47-thread-1] INFO  server.RaftServerConfigKeys (ConfUtils.java:logGet(43)) - raft.server.retrycache.expirytime = 600000ms (custom)
2019-10-10 13:56:25,977 [pool-57-thread-1] INFO  server.RaftServerConfigKeys (ConfUtils.java:logGet(43)) - raft.server.log.force.sync.num = 128 (default)
2019-10-10 13:56:25,977 [pool-67-thread-1] INFO  server.RaftServerConfigKeys (ConfUtils.java:logGet(43)) - raft.server.log.write.buffer.size = 33554432 (custom)
2019-10-10 13:56:25,978 [pool-57-thread-1] INFO  server.RaftServerConfigKeys (ConfUtils.java:logGet(43)) - raft.server.log.statemachine.data.sync = true (default)
2019-10-10 13:56:25,978 [pool-67-thread-1] INFO  server.RaftServerConfigKeys (ConfUtils.java:logGet(43)) - raft.server.log.force.sync.num = 128 (default)
2019-10-10 13:56:25,978 [pool-57-thread-1] INFO  server.RaftServerConfigKeys (ConfUtils.java:logGet(43)) - raft.server.log.statemachine.data.sync.timeout = 10s (default)
2019-10-10 13:56:25,978 [pool-67-thread-1] INFO  server.RaftServerConfigKeys (ConfUtils.java:logGet(43)) - raft.server.log.statemachine.data.sync = true (default)
2019-10-10 13:56:25,978 [pool-57-thread-1] INFO  server.RaftServerConfigKeys (ConfUtils.java:logGet(43)) - raft.server.log.statemachine.data.sync.timeout.retry = -1 (default)
2019-10-10 13:56:25,979 [pool-67-thread-1] INFO  server.RaftServerConfigKeys (ConfUtils.java:logGet(43)) - raft.server.log.statemachine.data.sync.timeout = 10s (default)
2019-10-10 13:56:25,979 [pool-57-thread-1] INFO  server.RaftServerConfigKeys (ConfUtils.java:logGet(43)) - raft.server.log.statemachine.data.caching.enabled = true (custom)
2019-10-10 13:56:25,979 [pool-67-thread-1] INFO  server.RaftServerConfigKeys (ConfUtils.java:logGet(43)) - raft.server.log.statemachine.data.sync.timeout.retry = -1 (default)
2019-10-10 13:56:25,979 [pool-67-thread-1] INFO  server.RaftServerConfigKeys (ConfUtils.java:logGet(43)) - raft.server.log.statemachine.data.caching.enabled = true (custom)
2019-10-10 13:56:25,979 [pool-57-thread-1] INFO  segmented.SegmentedRaftLogWorker (SegmentedRaftLogWorker.java:lambda$new$0(132)) - 5218105c-ec00-489c-8975-03c8dbf7f3f7@group-3B82BFD3F858-SegmentedRaftLogWorker: flushIndex: setUnconditionally 0 -> -1
2019-10-10 13:56:25,980 [pool-67-thread-1] INFO  segmented.SegmentedRaftLogWorker (SegmentedRaftLogWorker.java:lambda$new$0(132)) - 15ba042c-ab06-4316-a093-57bc1e6c44e0@group-3B82BFD3F858-SegmentedRaftLogWorker: flushIndex: setUnconditionally 0 -> -1
2019-10-10 13:56:25,980 [pool-57-thread-1] INFO  server.RaftServerConfigKeys (ConfUtils.java:logGet(43)) - raft.server.snapshot.auto.trigger.enabled = true (custom)
2019-10-10 13:56:25,980 [pool-67-thread-1] INFO  server.RaftServerConfigKeys (ConfUtils.java:logGet(43)) - raft.server.snapshot.auto.trigger.enabled = true (custom)
2019-10-10 13:56:25,980 [pool-47-thread-1] INFO  impl.RaftServerImpl (RaftServerImpl.java:start(185)) - d5a64498-0763-4a42-aa87-ac8414963a4d@group-3B82BFD3F858: start as a follower, conf=-1: [15ba042c-ab06-4316-a093-57bc1e6c44e0:192.168.5.143:37743, 5218105c-ec00-489c-8975-03c8dbf7f3f7:192.168.5.143:39229, d5a64498-0763-4a42-aa87-ac8414963a4d:192.168.5.143:34030], old=null
2019-10-10 13:56:25,980 [pool-57-thread-1] INFO  server.RaftServerConfigKeys (ConfUtils.java:logGet(43)) - raft.server.snapshot.auto.trigger.threshold = 10000 (custom)
2019-10-10 13:56:25,981 [pool-47-thread-1] INFO  impl.RaftServerImpl (RaftServerImpl.java:setRole(174)) - d5a64498-0763-4a42-aa87-ac8414963a4d@group-3B82BFD3F858: changes role from      null to FOLLOWER at term 0 for startAsFollower
2019-10-10 13:56:25,980 [pool-67-thread-1] INFO  server.RaftServerConfigKeys (ConfUtils.java:logGet(43)) - raft.server.snapshot.auto.trigger.threshold = 10000 (custom)
2019-10-10 13:56:25,981 [pool-47-thread-1] INFO  impl.RoleInfo (RoleInfo.java:updateAndGet(143)) - d5a64498-0763-4a42-aa87-ac8414963a4d: start FollowerState
2019-10-10 13:56:25,981 [pool-57-thread-1] INFO  server.RaftServerConfigKeys (ConfUtils.java:logGet(43)) - raft.server.snapshot.retention.num.files = 5 (custom)
2019-10-10 13:56:25,981 [pool-67-thread-1] INFO  server.RaftServerConfigKeys (ConfUtils.java:logGet(43)) - raft.server.snapshot.retention.num.files = 5 (custom)
2019-10-10 13:56:25,981 [pool-47-thread-1] INFO  util.JmxRegister (JmxRegister.java:tryRegister(44)) - Successfully registered JMX Bean with object name Ratis:service=RaftServer,group=group-3B82BFD3F858,id=d5a64498-0763-4a42-aa87-ac8414963a4d
2019-10-10 13:56:25,982 [pool-67-thread-1] INFO  server.RaftServerConfigKeys (ConfUtils.java:logGet(43)) - raft.server.retrycache.expirytime = 600000ms (custom)
2019-10-10 13:56:25,981 [pool-57-thread-1] INFO  server.RaftServerConfigKeys (ConfUtils.java:logGet(43)) - raft.server.retrycache.expirytime = 600000ms (custom)
2019-10-10 13:56:25,991 [pool-67-thread-1] INFO  impl.RaftServerImpl (RaftServerImpl.java:start(185)) - 15ba042c-ab06-4316-a093-57bc1e6c44e0@group-3B82BFD3F858: start as a follower, conf=-1: [15ba042c-ab06-4316-a093-57bc1e6c44e0:192.168.5.143:37743, 5218105c-ec00-489c-8975-03c8dbf7f3f7:192.168.5.143:39229, d5a64498-0763-4a42-aa87-ac8414963a4d:192.168.5.143:34030], old=null
2019-10-10 13:56:25,991 [pool-67-thread-1] INFO  impl.RaftServerImpl (RaftServerImpl.java:setRole(174)) - 15ba042c-ab06-4316-a093-57bc1e6c44e0@group-3B82BFD3F858: changes role from      null to FOLLOWER at term 0 for startAsFollower
2019-10-10 13:56:25,992 [pool-67-thread-1] INFO  impl.RoleInfo (RoleInfo.java:updateAndGet(143)) - 15ba042c-ab06-4316-a093-57bc1e6c44e0: start FollowerState
2019-10-10 13:56:25,992 [pool-67-thread-1] INFO  util.JmxRegister (JmxRegister.java:tryRegister(44)) - Successfully registered JMX Bean with object name Ratis:service=RaftServer,group=group-3B82BFD3F858,id=15ba042c-ab06-4316-a093-57bc1e6c44e0
2019-10-10 13:56:25,992 [pool-57-thread-1] INFO  impl.RaftServerImpl (RaftServerImpl.java:start(185)) - 5218105c-ec00-489c-8975-03c8dbf7f3f7@group-3B82BFD3F858: start as a follower, conf=-1: [15ba042c-ab06-4316-a093-57bc1e6c44e0:192.168.5.143:37743, 5218105c-ec00-489c-8975-03c8dbf7f3f7:192.168.5.143:39229, d5a64498-0763-4a42-aa87-ac8414963a4d:192.168.5.143:34030], old=null
2019-10-10 13:56:25,993 [pool-57-thread-1] INFO  impl.RaftServerImpl (RaftServerImpl.java:setRole(174)) - 5218105c-ec00-489c-8975-03c8dbf7f3f7@group-3B82BFD3F858: changes role from      null to FOLLOWER at term 0 for startAsFollower
2019-10-10 13:56:25,993 [pool-57-thread-1] INFO  impl.RoleInfo (RoleInfo.java:updateAndGet(143)) - 5218105c-ec00-489c-8975-03c8dbf7f3f7: start FollowerState
2019-10-10 13:56:26,000 [pool-57-thread-1] INFO  util.JmxRegister (JmxRegister.java:tryRegister(44)) - Successfully registered JMX Bean with object name Ratis:service=RaftServer,group=group-3B82BFD3F858,id=5218105c-ec00-489c-8975-03c8dbf7f3f7
2019-10-10 13:56:26,018 [RatisPipelineUtilsThread] INFO  pipeline.PipelineStateManager (PipelineStateManager.java:addPipeline(56)) - Created pipeline Pipeline[ Id: 0eda5499-5f5e-47db-b6d5-3b82bfd3f858, Nodes: 15ba042c-ab06-4316-a093-57bc1e6c44e0{ip: 192.168.5.143, host: pr-hdds-1569-9zzhf-258611273, networkLocation: /default-rack, certSerialId: null}d5a64498-0763-4a42-aa87-ac8414963a4d{ip: 192.168.5.143, host: pr-hdds-1569-9zzhf-258611273, networkLocation: /default-rack, certSerialId: null}5218105c-ec00-489c-8975-03c8dbf7f3f7{ip: 192.168.5.143, host: pr-hdds-1569-9zzhf-258611273, networkLocation: /default-rack, certSerialId: null}, Type:RATIS, Factor:THREE, State:OPEN]
2019-10-10 13:56:26,019 [IPC Server handler 1 on 43609] WARN  block.BlockManagerImpl (BlockManagerImpl.java:allocateBlock(192)) - Pipeline creation failed for type:RATIS factor:THREE. Datanodes may be used up.
org.apache.hadoop.hdds.scm.exceptions.SCMException: Pipeline number meets the limit: 10
	at org.apache.hadoop.hdds.scm.pipeline.SCMPipelineManager.createPipeline(SCMPipelineManager.java:178)
	at org.apache.hadoop.hdds.scm.block.BlockManagerImpl.allocateBlock(BlockManagerImpl.java:190)
	at org.apache.hadoop.hdds.scm.server.SCMBlockProtocolServer.allocateBlock(SCMBlockProtocolServer.java:182)
	at org.apache.hadoop.ozone.protocolPB.ScmBlockLocationProtocolServerSideTranslatorPB.allocateScmBlock(ScmBlockLocationProtocolServerSideTranslatorPB.java:183)
	at org.apache.hadoop.ozone.protocolPB.ScmBlockLocationProtocolServerSideTranslatorPB.processMessage(ScmBlockLocationProtocolServerSideTranslatorPB.java:141)
	at org.apache.hadoop.ozone.protocolPB.ScmBlockLocationProtocolServerSideTranslatorPB.send(ScmBlockLocationProtocolServerSideTranslatorPB.java:116)
	at org.apache.hadoop.hdds.protocol.proto.ScmBlockLocationProtocolProtos$ScmBlockLocationProtocolService$2.callBlockingMethod(ScmBlockLocationProtocolProtos.java:13157)
	at org.apache.hadoop.ipc.ProtobufRpcEngine$Server$ProtoBufRpcInvoker.call(ProtobufRpcEngine.java:524)
	at org.apache.hadoop.ipc.RPC$Server.call(RPC.java:1025)
	at org.apache.hadoop.ipc.Server$RpcCall.run(Server.java:876)
	at org.apache.hadoop.ipc.Server$RpcCall.run(Server.java:822)
	at java.security.AccessController.doPrivileged(Native Method)
	at javax.security.auth.Subject.doAs(Subject.java:422)
	at org.apache.hadoop.security.UserGroupInformation.doAs(UserGroupInformation.java:1730)
	at org.apache.hadoop.ipc.Server$Handler.run(Server.java:2682)
2019-10-10 13:56:26,019 [IPC Server handler 1 on 43609] ERROR block.BlockManagerImpl (BlockManagerImpl.java:allocateBlock(226)) - Unable to allocate a block for the size: 4194304, type: RATIS, factor: THREE
2019-10-10 13:56:26,055 [pool-73-thread-3] ERROR freon.RandomKeyGenerator (RandomKeyGenerator.java:createKey(733)) - Exception while adding key: key-0-81782 in bucket: bucket-0-01548 of volume: vol-0-73690.
INTERNAL_ERROR org.apache.hadoop.ozone.om.exceptions.OMException: Allocated 4 blocks. Requested 5 blocks
	at org.apache.hadoop.ozone.om.protocolPB.OzoneManagerProtocolClientSideTranslatorPB.handleError(OzoneManagerProtocolClientSideTranslatorPB.java:732)
	at org.apache.hadoop.ozone.om.protocolPB.OzoneManagerProtocolClientSideTranslatorPB.openKey(OzoneManagerProtocolClientSideTranslatorPB.java:723)
	at sun.reflect.NativeMethodAccessorImpl.invoke0(Native Method)
	at sun.reflect.NativeMethodAccessorImpl.invoke(NativeMethodAccessorImpl.java:62)
	at sun.reflect.DelegatingMethodAccessorImpl.invoke(DelegatingMethodAccessorImpl.java:43)
	at java.lang.reflect.Method.invoke(Method.java:498)
	at org.apache.hadoop.hdds.tracing.TraceAllMethod.invoke(TraceAllMethod.java:66)
	at com.sun.proxy.$Proxy37.openKey(Unknown Source)
	at org.apache.hadoop.ozone.client.rpc.RpcClient.createKey(RpcClient.java:614)
	at org.apache.hadoop.ozone.client.OzoneBucket.createKey(OzoneBucket.java:325)
	at org.apache.hadoop.ozone.freon.RandomKeyGenerator.createKey(RandomKeyGenerator.java:695)
	at org.apache.hadoop.ozone.freon.RandomKeyGenerator.access$1100(RandomKeyGenerator.java:88)
	at org.apache.hadoop.ozone.freon.RandomKeyGenerator$ObjectCreator.run(RandomKeyGenerator.java:615)
	at java.util.concurrent.Executors$RunnableAdapter.call(Executors.java:511)
	at java.util.concurrent.FutureTask.run(FutureTask.java:266)
	at java.util.concurrent.ThreadPoolExecutor.runWorker(ThreadPoolExecutor.java:1149)
	at java.util.concurrent.ThreadPoolExecutor$Worker.run(ThreadPoolExecutor.java:624)
	at java.lang.Thread.run(Thread.java:748)
 0.00% |█                                                                                                    |  0/1 Time: 0:00:022019-10-10 13:56:26,572 [Thread-208] INFO  container.ReplicationManager (ReplicationManager.java:start(163)) - Starting Replication Monitor Thread.
2019-10-10 13:56:26,575 [ReplicationMonitor] INFO  container.ReplicationManager (ReplicationManager.java:run(226)) - Replication Monitor Thread took 1 milliseconds for processing 4 containers.
 0.00% |█                                                                                                    |  0/1 Time: 0:00:03 0.00% |█                                                                                                    |  0/1 Time: 0:00:04 100.00% |█████████████████████████████████████████████████████████████████████████████████████████████████████|  1/1 Time: 0:00:05
]]></system-out>
  </testcase>
  <testcase name="standaloneTestLargeKey" classname="org.apache.hadoop.ozone.freon.TestDataValidateWithDummyContainers" time="5.07"/>
</testsuite>