<?xml version="1.0" encoding="UTF-8"?>
<testsuite xmlns:xsi="http://www.w3.org/2001/XMLSchema-instance" xsi:noNamespaceSchemaLocation="https://maven.apache.org/surefire/maven-surefire-plugin/xsd/surefire-test-report.xsd" name="org.apache.hadoop.ozone.client.rpc.TestDeleteWithSlowFollower" time="140.752" tests="1" errors="0" skipped="0" failures="1">
  <properties>
    <property name="awt.toolkit" value="sun.awt.X11.XToolkit"/>
    <property name="file.encoding.pkg" value="sun.io"/>
    <property name="java.specification.version" value="1.8"/>
    <property name="sun.cpu.isalist" value=""/>
    <property name="sun.jnu.encoding" value="ANSI_X3.4-1968"/>
    <property name="java.class.path" value="/workdir/hadoop-ozone/integration-test/target/test-classes:/workdir/hadoop-ozone/integration-test/target/classes:/home/user/.m2/repository/org/apache/hadoop/hadoop-ozone-common/0.5.0-SNAPSHOT/hadoop-ozone-common-0.5.0-SNAPSHOT.jar:/home/user/.m2/repository/org/apache/commons/commons-compress/1.4.1/commons-compress-1.4.1.jar:/home/user/.m2/repository/org/tukaani/xz/1.0/xz-1.0.jar:/home/user/.m2/repository/org/apache/hadoop/hadoop-common/3.2.0/hadoop-common-3.2.0.jar:/home/user/.m2/repository/org/apache/hadoop/hadoop-hdfs/3.2.0/hadoop-hdfs-3.2.0.jar:/home/user/.m2/repository/org/apache/hadoop/hadoop-hdfs-client/3.2.0/hadoop-hdfs-client-3.2.0.jar:/home/user/.m2/repository/com/fasterxml/jackson/core/jackson-annotations/2.9.9/jackson-annotations-2.9.9.jar:/home/user/.m2/repository/org/apache/hadoop/hadoop-hdds-common/0.5.0-SNAPSHOT/hadoop-hdds-common-0.5.0-SNAPSHOT.jar:/home/user/.m2/repository/javax/annotation/javax.annotation-api/1.2/javax.annotation-api-1.2.jar:/home/user/.m2/repository/org/apache/ratis/ratis-server/0.5.0-ced7dbf-SNAPSHOT/ratis-server-0.5.0-ced7dbf-SNAPSHOT.jar:/home/user/.m2/repository/org/apache/ratis/ratis-thirdparty-misc/0.2.0/ratis-thirdparty-misc-0.2.0.jar:/home/user/.m2/repository/org/apache/ratis/ratis-proto/0.5.0-ced7dbf-SNAPSHOT/ratis-proto-0.5.0-ced7dbf-SNAPSHOT.jar:/home/user/.m2/repository/org/apache/ratis/ratis-common/0.5.0-ced7dbf-SNAPSHOT/ratis-common-0.5.0-ced7dbf-SNAPSHOT.jar:/home/user/.m2/repository/org/apache/ratis/ratis-client/0.5.0-ced7dbf-SNAPSHOT/ratis-client-0.5.0-ced7dbf-SNAPSHOT.jar:/home/user/.m2/repository/org/apache/ratis/ratis-metrics/0.5.0-ced7dbf-SNAPSHOT/ratis-metrics-0.5.0-ced7dbf-SNAPSHOT.jar:/home/user/.m2/repository/org/apache/ratis/ratis-netty/0.5.0-ced7dbf-SNAPSHOT/ratis-netty-0.5.0-ced7dbf-SNAPSHOT.jar:/home/user/.m2/repository/org/apache/ratis/ratis-grpc/0.5.0-ced7dbf-SNAPSHOT/ratis-grpc-0.5.0-ced7dbf-SNAPSHOT.jar:/home/user/.m2/repository/org/rocksdb/rocksdbjni/6.0.1/rocksdbjni-6.0.1.jar:/home/user/.m2/repository/org/apache/logging/log4j/log4j-api/2.11.0/log4j-api-2.11.0.jar:/home/user/.m2/repository/org/apache/logging/log4j/log4j-core/2.11.0/log4j-core-2.11.0.jar:/home/user/.m2/repository/com/lmax/disruptor/3.4.2/disruptor-3.4.2.jar:/home/user/.m2/repository/org/apache/commons/commons-pool2/2.6.0/commons-pool2-2.6.0.jar:/home/user/.m2/repository/org/bouncycastle/bcpkix-jdk15on/1.60/bcpkix-jdk15on-1.60.jar:/home/user/.m2/repository/commons-validator/commons-validator/1.6/commons-validator-1.6.jar:/home/user/.m2/repository/commons-digester/commons-digester/1.8.1/commons-digester-1.8.1.jar:/home/user/.m2/repository/io/jaegertracing/jaeger-client/0.34.0/jaeger-client-0.34.0.jar:/home/user/.m2/repository/io/jaegertracing/jaeger-thrift/0.34.0/jaeger-thrift-0.34.0.jar:/home/user/.m2/repository/org/apache/thrift/libthrift/0.12.0/libthrift-0.12.0.jar:/home/user/.m2/repository/com/squareup/okhttp3/okhttp/3.9.0/okhttp-3.9.0.jar:/home/user/.m2/repository/com/squareup/okio/okio/1.13.0/okio-1.13.0.jar:/home/user/.m2/repository/io/jaegertracing/jaeger-core/0.34.0/jaeger-core-0.34.0.jar:/home/user/.m2/repository/io/jaegertracing/jaeger-tracerresolver/0.34.0/jaeger-tracerresolver-0.34.0.jar:/home/user/.m2/repository/io/opentracing/contrib/opentracing-tracerresolver/0.1.5/opentracing-tracerresolver-0.1.5.jar:/home/user/.m2/repository/io/opentracing/opentracing-util/0.31.0/opentracing-util-0.31.0.jar:/home/user/.m2/repository/io/opentracing/opentracing-api/0.31.0/opentracing-api-0.31.0.jar:/home/user/.m2/repository/io/opentracing/opentracing-noop/0.31.0/opentracing-noop-0.31.0.jar:/home/user/.m2/repository/org/apache/hadoop/hadoop-hdds-server-framework/0.5.0-SNAPSHOT/hadoop-hdds-server-framework-0.5.0-SNAPSHOT.jar:/home/user/.m2/repository/org/apache/hadoop/hadoop-hdds-container-service/0.5.0-SNAPSHOT/hadoop-hdds-container-service-0.5.0-SNAPSHOT.jar:/home/user/.m2/repository/org/apache/hadoop/hadoop-hdds-client/0.5.0-SNAPSHOT/hadoop-hdds-client-0.5.0-SNAPSHOT.jar:/home/user/.m2/repository/org/apache/hadoop/hadoop-hdds-tools/0.5.0-SNAPSHOT/hadoop-hdds-tools-0.5.0-SNAPSHOT.jar:/home/user/.m2/repository/org/apache/hadoop/hadoop-hdds-server-scm/0.5.0-SNAPSHOT/hadoop-hdds-server-scm-0.5.0-SNAPSHOT.jar:/home/user/.m2/repository/org/apache/hadoop/hadoop-hdds-docs/0.5.0-SNAPSHOT/hadoop-hdds-docs-0.5.0-SNAPSHOT.jar:/home/user/.m2/repository/io/dropwizard/metrics/metrics-core/3.2.4/metrics-core-3.2.4.jar:/home/user/.m2/repository/org/hamcrest/hamcrest-all/1.3/hamcrest-all-1.3.jar:/home/user/.m2/repository/org/bouncycastle/bcprov-jdk15on/1.60/bcprov-jdk15on-1.60.jar:/home/user/.m2/repository/info/picocli/picocli/3.9.6/picocli-3.9.6.jar:/home/user/.m2/repository/com/google/protobuf/protobuf-java/2.5.0/protobuf-java-2.5.0.jar:/home/user/.m2/repository/com/google/guava/guava/11.0.2/guava-11.0.2.jar:/home/user/.m2/repository/org/apache/hadoop/hadoop-ozone-ozone-manager/0.5.0-SNAPSHOT/hadoop-ozone-ozone-manager-0.5.0-SNAPSHOT.jar:/home/user/.m2/repository/org/apache/hadoop/hadoop-minikdc/3.2.0/hadoop-minikdc-3.2.0.jar:/home/user/.m2/repository/commons-io/commons-io/2.5/commons-io-2.5.jar:/home/user/.m2/repository/org/apache/kerby/kerb-simplekdc/1.0.1/kerb-simplekdc-1.0.1.jar:/home/user/.m2/repository/org/apache/kerby/kerb-client/1.0.1/kerb-client-1.0.1.jar:/home/user/.m2/repository/org/apache/kerby/kerby-config/1.0.1/kerby-config-1.0.1.jar:/home/user/.m2/repository/org/apache/kerby/kerb-core/1.0.1/kerb-core-1.0.1.jar:/home/user/.m2/repository/org/apache/kerby/kerby-pkix/1.0.1/kerby-pkix-1.0.1.jar:/home/user/.m2/repository/org/apache/kerby/kerby-asn1/1.0.1/kerby-asn1-1.0.1.jar:/home/user/.m2/repository/org/apache/kerby/kerby-util/1.0.1/kerby-util-1.0.1.jar:/home/user/.m2/repository/org/apache/kerby/kerb-common/1.0.1/kerb-common-1.0.1.jar:/home/user/.m2/repository/org/apache/kerby/kerb-crypto/1.0.1/kerb-crypto-1.0.1.jar:/home/user/.m2/repository/org/apache/kerby/kerb-util/1.0.1/kerb-util-1.0.1.jar:/home/user/.m2/repository/org/apache/kerby/token-provider/1.0.1/token-provider-1.0.1.jar:/home/user/.m2/repository/org/apache/kerby/kerb-admin/1.0.1/kerb-admin-1.0.1.jar:/home/user/.m2/repository/org/apache/kerby/kerb-server/1.0.1/kerb-server-1.0.1.jar:/home/user/.m2/repository/org/apache/kerby/kerb-identity/1.0.1/kerb-identity-1.0.1.jar:/home/user/.m2/repository/org/apache/kerby/kerby-xdr/1.0.1/kerby-xdr-1.0.1.jar:/home/user/.m2/repository/org/slf4j/slf4j-log4j12/1.7.25/slf4j-log4j12-1.7.25.jar:/home/user/.m2/repository/org/apache/hadoop/hadoop-ozone-s3gateway/0.5.0-SNAPSHOT/hadoop-ozone-s3gateway-0.5.0-SNAPSHOT.jar:/home/user/.m2/repository/org/jboss/weld/servlet/weld-servlet/2.4.7.Final/weld-servlet-2.4.7.Final.jar:/home/user/.m2/repository/org/glassfish/jersey/containers/jersey-container-servlet-core/2.27/jersey-container-servlet-core-2.27.jar:/home/user/.m2/repository/org/glassfish/hk2/external/javax.inject/2.5.0-b42/javax.inject-2.5.0-b42.jar:/home/user/.m2/repository/org/glassfish/jersey/core/jersey-common/2.27/jersey-common-2.27.jar:/home/user/.m2/repository/org/glassfish/hk2/osgi-resource-locator/1.0.1/osgi-resource-locator-1.0.1.jar:/home/user/.m2/repository/javax/ws/rs/javax.ws.rs-api/2.1/javax.ws.rs-api-2.1.jar:/home/user/.m2/repository/org/glassfish/jersey/ext/cdi/jersey-cdi1x/2.27/jersey-cdi1x-2.27.jar:/home/user/.m2/repository/org/glassfish/jersey/inject/jersey-hk2/2.27/jersey-hk2-2.27.jar:/home/user/.m2/repository/org/glassfish/hk2/hk2-locator/2.5.0-b42/hk2-locator-2.5.0-b42.jar:/home/user/.m2/repository/org/javassist/javassist/3.22.0-CR2/javassist-3.22.0-CR2.jar:/home/user/.m2/repository/org/glassfish/hk2/hk2-api/2.5.0/hk2-api-2.5.0.jar:/home/user/.m2/repository/org/glassfish/hk2/external/jakarta.inject/2.5.0/jakarta.inject-2.5.0.jar:/home/user/.m2/repository/org/glassfish/hk2/hk2-utils/2.5.0/hk2-utils-2.5.0.jar:/home/user/.m2/repository/jakarta/annotation/jakarta.annotation-api/1.3.4/jakarta.annotation-api-1.3.4.jar:/home/user/.m2/repository/org/glassfish/hk2/external/aopalliance-repackaged/2.5.0/aopalliance-repackaged-2.5.0.jar:/home/user/.m2/repository/com/fasterxml/jackson/dataformat/jackson-dataformat-xml/2.9.0/jackson-dataformat-xml-2.9.0.jar:/home/user/.m2/repository/com/fasterxml/jackson/core/jackson-core/2.9.9/jackson-core-2.9.9.jar:/home/user/.m2/repository/com/fasterxml/jackson/module/jackson-module-jaxb-annotations/2.9.9/jackson-module-jaxb-annotations-2.9.9.jar:/home/user/.m2/repository/javax/enterprise/cdi-api/1.2/cdi-api-1.2.jar:/home/user/.m2/repository/javax/el/javax.el-api/3.0.0/javax.el-api-3.0.0.jar:/home/user/.m2/repository/javax/interceptor/javax.interceptor-api/1.2/javax.interceptor-api-1.2.jar:/home/user/.m2/repository/javax/inject/javax.inject/1/javax.inject-1.jar:/home/user/.m2/repository/com/sun/xml/bind/jaxb-impl/2.3.0.1/jaxb-impl-2.3.0.1.jar:/home/user/.m2/repository/com/sun/xml/bind/jaxb-core/2.3.0.1/jaxb-core-2.3.0.1.jar:/home/user/.m2/repository/javax/xml/bind/jaxb-api/2.3.0/jaxb-api-2.3.0.jar:/home/user/.m2/repository/javax/activation/activation/1.1.1/activation-1.1.1.jar:/home/user/.m2/repository/org/apache/hadoop/hadoop-ozone-csi/0.5.0-SNAPSHOT/hadoop-ozone-csi-0.5.0-SNAPSHOT.jar:/home/user/.m2/repository/com/google/protobuf/protobuf-java-util/3.5.1/protobuf-java-util-3.5.1.jar:/home/user/.m2/repository/org/apache/hadoop/hadoop-hdds-config/0.5.0-SNAPSHOT/hadoop-hdds-config-0.5.0-SNAPSHOT.jar:/home/user/.m2/repository/io/grpc/grpc-netty/1.17.1/grpc-netty-1.17.1.jar:/home/user/.m2/repository/io/grpc/grpc-core/1.17.1/grpc-core-1.17.1.jar:/home/user/.m2/repository/io/grpc/grpc-context/1.17.1/grpc-context-1.17.1.jar:/home/user/.m2/repository/com/google/errorprone/error_prone_annotations/2.2.0/error_prone_annotations-2.2.0.jar:/home/user/.m2/repository/org/codehaus/mojo/animal-sniffer-annotations/1.17/animal-sniffer-annotations-1.17.jar:/home/user/.m2/repository/io/opencensus/opencensus-api/0.17.0/opencensus-api-0.17.0.jar:/home/user/.m2/repository/io/opencensus/opencensus-contrib-grpc-metrics/0.17.0/opencensus-contrib-grpc-metrics-0.17.0.jar:/home/user/.m2/repository/io/netty/netty-codec-http2/4.1.30.Final/netty-codec-http2-4.1.30.Final.jar:/home/user/.m2/repository/io/netty/netty-codec-http/4.1.30.Final/netty-codec-http-4.1.30.Final.jar:/home/user/.m2/repository/io/netty/netty-codec/4.1.30.Final/netty-codec-4.1.30.Final.jar:/home/user/.m2/repository/io/netty/netty-handler/4.1.30.Final/netty-handler-4.1.30.Final.jar:/home/user/.m2/repository/io/netty/netty-handler-proxy/4.1.30.Final/netty-handler-proxy-4.1.30.Final.jar:/home/user/.m2/repository/io/netty/netty-codec-socks/4.1.30.Final/netty-codec-socks-4.1.30.Final.jar:/home/user/.m2/repository/io/netty/netty-transport-native-epoll/4.1.30.Final/netty-transport-native-epoll-4.1.30.Final.jar:/home/user/.m2/repository/io/netty/netty-common/4.1.30.Final/netty-common-4.1.30.Final.jar:/home/user/.m2/repository/io/netty/netty-buffer/4.1.30.Final/netty-buffer-4.1.30.Final.jar:/home/user/.m2/repository/io/netty/netty-transport/4.1.30.Final/netty-transport-4.1.30.Final.jar:/home/user/.m2/repository/io/netty/netty-resolver/4.1.30.Final/netty-resolver-4.1.30.Final.jar:/home/user/.m2/repository/io/netty/netty-transport-native-unix-common/4.1.30.Final/netty-transport-native-unix-common-4.1.30.Final.jar:/home/user/.m2/repository/io/grpc/grpc-protobuf/1.17.1/grpc-protobuf-1.17.1.jar:/home/user/.m2/repository/com/google/api/grpc/proto-google-common-protos/1.0.0/proto-google-common-protos-1.0.0.jar:/home/user/.m2/repository/io/grpc/grpc-protobuf-lite/1.17.1/grpc-protobuf-lite-1.17.1.jar:/home/user/.m2/repository/io/grpc/grpc-stub/1.17.1/grpc-stub-1.17.1.jar:/home/user/.m2/repository/org/apache/hadoop/hadoop-ozone-recon/0.5.0-SNAPSHOT/hadoop-ozone-recon-0.5.0-SNAPSHOT.jar:/home/user/.m2/repository/org/apache/hadoop/hadoop-ozone-reconcodegen/0.5.0-SNAPSHOT/hadoop-ozone-reconcodegen-0.5.0-SNAPSHOT.jar:/home/user/.m2/repository/com/google/inject/extensions/guice-multibindings/4.0/guice-multibindings-4.0.jar:/home/user/.m2/repository/com/google/inject/guice/4.0/guice-4.0.jar:/home/user/.m2/repository/aopalliance/aopalliance/1.0/aopalliance-1.0.jar:/home/user/.m2/repository/com/google/inject/extensions/guice-servlet/4.0/guice-servlet-4.0.jar:/home/user/.m2/repository/org/glassfish/jersey/containers/jersey-container-servlet/2.27/jersey-container-servlet-2.27.jar:/home/user/.m2/repository/org/glassfish/hk2/guice-bridge/2.5.0/guice-bridge-2.5.0.jar:/home/user/.m2/repository/org/glassfish/jersey/core/jersey-server/2.27/jersey-server-2.27.jar:/home/user/.m2/repository/org/glassfish/jersey/core/jersey-client/2.27/jersey-client-2.27.jar:/home/user/.m2/repository/org/glassfish/jersey/media/jersey-media-jaxb/2.27/jersey-media-jaxb-2.27.jar:/home/user/.m2/repository/javax/validation/validation-api/1.1.0.Final/validation-api-1.1.0.Final.jar:/home/user/.m2/repository/org/glassfish/jersey/media/jersey-media-json-jackson/2.27/jersey-media-json-jackson-2.27.jar:/home/user/.m2/repository/org/glassfish/jersey/ext/jersey-entity-filtering/2.27/jersey-entity-filtering-2.27.jar:/home/user/.m2/repository/com/google/inject/extensions/guice-assistedinject/4.0/guice-assistedinject-4.0.jar:/home/user/.m2/repository/org/jooq/jooq/3.11.10/jooq-3.11.10.jar:/home/user/.m2/repository/org/jooq/jooq-meta/3.11.10/jooq-meta-3.11.10.jar:/home/user/.m2/repository/org/jooq/jooq-codegen/3.11.10/jooq-codegen-3.11.10.jar:/home/user/.m2/repository/com/jolbox/bonecp/0.8.0.RELEASE/bonecp-0.8.0.RELEASE.jar:/home/user/.m2/repository/org/xerial/sqlite-jdbc/3.25.2/sqlite-jdbc-3.25.2.jar:/home/user/.m2/repository/org/springframework/spring-jdbc/5.1.3.RELEASE/spring-jdbc-5.1.3.RELEASE.jar:/home/user/.m2/repository/org/springframework/spring-beans/5.1.3.RELEASE/spring-beans-5.1.3.RELEASE.jar:/home/user/.m2/repository/org/springframework/spring-core/5.1.3.RELEASE/spring-core-5.1.3.RELEASE.jar:/home/user/.m2/repository/org/springframework/spring-jcl/5.1.3.RELEASE/spring-jcl-5.1.3.RELEASE.jar:/home/user/.m2/repository/org/springframework/spring-tx/5.1.3.RELEASE/spring-tx-5.1.3.RELEASE.jar:/home/user/.m2/repository/org/apache/hadoop/hadoop-ozone-client/0.5.0-SNAPSHOT/hadoop-ozone-client-0.5.0-SNAPSHOT.jar:/home/user/.m2/repository/commons-lang/commons-lang/2.6/commons-lang-2.6.jar:/home/user/.m2/repository/org/apache/hadoop/hadoop-ozone-ozone-manager/0.5.0-SNAPSHOT/hadoop-ozone-ozone-manager-0.5.0-SNAPSHOT-tests.jar:/home/user/.m2/repository/junit/junit/4.11/junit-4.11.jar:/home/user/.m2/repository/org/hamcrest/hamcrest-core/1.3/hamcrest-core-1.3.jar:/home/user/.m2/repository/org/openjdk/jmh/jmh-core/1.19/jmh-core-1.19.jar:/home/user/.m2/repository/net/sf/jopt-simple/jopt-simple/4.6/jopt-simple-4.6.jar:/home/user/.m2/repository/org/apache/commons/commons-math3/3.1.1/commons-math3-3.1.1.jar:/home/user/.m2/repository/org/openjdk/jmh/jmh-generator-annprocess/1.19/jmh-generator-annprocess-1.19.jar:/home/user/.m2/repository/org/mockito/mockito-all/1.8.5/mockito-all-1.8.5.jar:/home/user/.m2/repository/org/apache/hadoop/hadoop-kms/3.2.0/hadoop-kms-3.2.0.jar:/home/user/.m2/repository/org/apache/hadoop/hadoop-auth/3.2.0/hadoop-auth-3.2.0.jar:/home/user/.m2/repository/com/nimbusds/nimbus-jose-jwt/4.41.1/nimbus-jose-jwt-4.41.1.jar:/home/user/.m2/repository/com/github/stephenc/jcip/jcip-annotations/1.0-1/jcip-annotations-1.0-1.jar:/home/user/.m2/repository/net/minidev/json-smart/2.3/json-smart-2.3.jar:/home/user/.m2/repository/net/minidev/accessors-smart/1.2/accessors-smart-1.2.jar:/home/user/.m2/repository/org/ow2/asm/asm/5.0.4/asm-5.0.4.jar:/home/user/.m2/repository/org/apache/curator/curator-framework/2.12.0/curator-framework-2.12.0.jar:/home/user/.m2/repository/com/sun/jersey/jersey-core/1.19/jersey-core-1.19.jar:/home/user/.m2/repository/javax/ws/rs/jsr311-api/1.1.1/jsr311-api-1.1.1.jar:/home/user/.m2/repository/com/sun/jersey/jersey-server/1.19/jersey-server-1.19.jar:/home/user/.m2/repository/javax/servlet/javax.servlet-api/3.1.0/javax.servlet-api-3.1.0.jar:/home/user/.m2/repository/org/eclipse/jetty/jetty-server/9.3.25.v20180904/jetty-server-9.3.25.v20180904.jar:/home/user/.m2/repository/org/eclipse/jetty/jetty-http/9.3.25.v20180904/jetty-http-9.3.25.v20180904.jar:/home/user/.m2/repository/org/eclipse/jetty/jetty-io/9.3.25.v20180904/jetty-io-9.3.25.v20180904.jar:/home/user/.m2/repository/org/eclipse/jetty/jetty-webapp/9.3.25.v20180904/jetty-webapp-9.3.25.v20180904.jar:/home/user/.m2/repository/org/eclipse/jetty/jetty-xml/9.3.25.v20180904/jetty-xml-9.3.25.v20180904.jar:/home/user/.m2/repository/log4j/log4j/1.2.17/log4j-1.2.17.jar:/home/user/.m2/repository/org/slf4j/slf4j-api/1.7.25/slf4j-api-1.7.25.jar:/home/user/.m2/repository/org/slf4j/jul-to-slf4j/1.7.25/jul-to-slf4j-1.7.25.jar:/home/user/.m2/repository/org/eclipse/jetty/jetty-util/9.3.25.v20180904/jetty-util-9.3.25.v20180904.jar:/home/user/.m2/repository/com/fasterxml/jackson/core/jackson-databind/2.9.9/jackson-databind-2.9.9.jar:/home/user/.m2/repository/org/apache/hadoop/hadoop-kms/3.2.0/hadoop-kms-3.2.0-tests.jar:/home/user/.m2/repository/org/apache/hadoop/hadoop-hdds-server-scm/0.5.0-SNAPSHOT/hadoop-hdds-server-scm-0.5.0-SNAPSHOT-tests.jar:/home/user/.m2/repository/org/apache/hadoop/hadoop-hdds-container-service/0.5.0-SNAPSHOT/hadoop-hdds-container-service-0.5.0-SNAPSHOT-tests.jar:/home/user/.m2/repository/org/yaml/snakeyaml/1.16/snakeyaml-1.16.jar:/home/user/.m2/repository/org/apache/hadoop/hadoop-common/3.2.0/hadoop-common-3.2.0-tests.jar:/home/user/.m2/repository/org/apache/hadoop/hadoop-annotations/3.2.0/hadoop-annotations-3.2.0.jar:/usr/lib/jvm/java-1.8.0-openjdk-1.8.0.222.b10-1.el7_7.x86_64/jre/../lib/tools.jar:/home/user/.m2/repository/commons-cli/commons-cli/1.2/commons-cli-1.2.jar:/home/user/.m2/repository/org/apache/httpcomponents/httpclient/4.5.2/httpclient-4.5.2.jar:/home/user/.m2/repository/org/apache/httpcomponents/httpcore/4.4.4/httpcore-4.4.4.jar:/home/user/.m2/repository/commons-codec/commons-codec/1.11/commons-codec-1.11.jar:/home/user/.m2/repository/commons-net/commons-net/3.6/commons-net-3.6.jar:/home/user/.m2/repository/commons-collections/commons-collections/3.2.2/commons-collections-3.2.2.jar:/home/user/.m2/repository/org/eclipse/jetty/jetty-servlet/9.3.25.v20180904/jetty-servlet-9.3.25.v20180904.jar:/home/user/.m2/repository/org/eclipse/jetty/jetty-security/9.3.25.v20180904/jetty-security-9.3.25.v20180904.jar:/home/user/.m2/repository/javax/servlet/jsp/jsp-api/2.1/jsp-api-2.1.jar:/home/user/.m2/repository/com/sun/jersey/jersey-servlet/1.19/jersey-servlet-1.19.jar:/home/user/.m2/repository/com/sun/jersey/jersey-json/1.19/jersey-json-1.19.jar:/home/user/.m2/repository/org/codehaus/jettison/jettison/1.1/jettison-1.1.jar:/home/user/.m2/repository/org/codehaus/jackson/jackson-core-asl/1.9.13/jackson-core-asl-1.9.13.jar:/home/user/.m2/repository/org/codehaus/jackson/jackson-mapper-asl/1.9.13/jackson-mapper-asl-1.9.13.jar:/home/user/.m2/repository/org/codehaus/jackson/jackson-jaxrs/1.9.13/jackson-jaxrs-1.9.13.jar:/home/user/.m2/repository/org/codehaus/jackson/jackson-xc/1.9.13/jackson-xc-1.9.13.jar:/home/user/.m2/repository/commons-logging/commons-logging/1.1.3/commons-logging-1.1.3.jar:/home/user/.m2/repository/commons-beanutils/commons-beanutils/1.9.4/commons-beanutils-1.9.4.jar:/home/user/.m2/repository/org/apache/commons/commons-configuration2/2.1.1/commons-configuration2-2.1.1.jar:/home/user/.m2/repository/org/apache/commons/commons-lang3/3.7/commons-lang3-3.7.jar:/home/user/.m2/repository/org/apache/commons/commons-text/1.4/commons-text-1.4.jar:/home/user/.m2/repository/org/apache/avro/avro/1.7.7/avro-1.7.7.jar:/home/user/.m2/repository/com/thoughtworks/paranamer/paranamer/2.3/paranamer-2.3.jar:/home/user/.m2/repository/org/xerial/snappy/snappy-java/1.0.5/snappy-java-1.0.5.jar:/home/user/.m2/repository/com/google/re2j/re2j/1.1/re2j-1.1.jar:/home/user/.m2/repository/com/google/code/gson/gson/2.2.4/gson-2.2.4.jar:/home/user/.m2/repository/com/jcraft/jsch/0.1.54/jsch-0.1.54.jar:/home/user/.m2/repository/org/apache/curator/curator-client/2.12.0/curator-client-2.12.0.jar:/home/user/.m2/repository/org/apache/curator/curator-recipes/2.12.0/curator-recipes-2.12.0.jar:/home/user/.m2/repository/com/google/code/findbugs/jsr305/3.0.0/jsr305-3.0.0.jar:/home/user/.m2/repository/org/apache/htrace/htrace-core4/4.1.0-incubating/htrace-core4-4.1.0-incubating.jar:/home/user/.m2/repository/org/apache/zookeeper/zookeeper/3.4.13/zookeeper-3.4.13.jar:/home/user/.m2/repository/jline/jline/0.9.94/jline-0.9.94.jar:/home/user/.m2/repository/org/apache/yetus/audience-annotations/0.5.0/audience-annotations-0.5.0.jar:/home/user/.m2/repository/org/codehaus/woodstox/stax2-api/3.1.4/stax2-api-3.1.4.jar:/home/user/.m2/repository/com/fasterxml/woodstox/woodstox-core/5.0.3/woodstox-core-5.0.3.jar:/home/user/.m2/repository/dnsjava/dnsjava/2.1.7/dnsjava-2.1.7.jar:/home/user/.m2/repository/org/apache/hadoop/hadoop-hdfs/3.2.0/hadoop-hdfs-3.2.0-tests.jar:/home/user/.m2/repository/org/eclipse/jetty/jetty-util-ajax/9.3.25.v20180904/jetty-util-ajax-9.3.25.v20180904.jar:/home/user/.m2/repository/commons-daemon/commons-daemon/1.0.13/commons-daemon-1.0.13.jar:/home/user/.m2/repository/io/netty/netty/3.10.5.Final/netty-3.10.5.Final.jar:/home/user/.m2/repository/io/netty/netty-all/4.0.52.Final/netty-all-4.0.52.Final.jar:/home/user/.m2/repository/org/fusesource/leveldbjni/leveldbjni-all/1.8/leveldbjni-all-1.8.jar:"/>
    <property name="java.vm.vendor" value="Oracle Corporation"/>
    <property name="sun.arch.data.model" value="64"/>
    <property name="test.build.dir" value="/workdir/hadoop-ozone/integration-test/target/test-dir"/>
    <property name="test.cache.data" value=""/>
    <property name="java.vendor.url" value="http://java.oracle.com/"/>
    <property name="user.timezone" value=""/>
    <property name="java.vm.specification.version" value="1.8"/>
    <property name="os.name" value="Linux"/>
    <property name="test.build.data" value="/workdir/hadoop-ozone/integration-test/target/test-dir"/>
    <property name="user.country" value="US"/>
    <property name="sun.java.launcher" value="SUN_STANDARD"/>
    <property name="sun.boot.library.path" value="/usr/lib/jvm/java-1.8.0-openjdk-1.8.0.222.b10-1.el7_7.x86_64/jre/lib/amd64"/>
    <property name="sun.java.command" value="/workdir/hadoop-ozone/integration-test/target/surefire/surefirebooter3459246360797688466.jar /workdir/hadoop-ozone/integration-test/target/surefire 2019-10-21T05-15-02_251-jvmRun1 surefire5933132469190703027tmp surefire_421031783381919898050tmp"/>
    <property name="surefire.test.class.path" value="/workdir/hadoop-ozone/integration-test/target/test-classes:/workdir/hadoop-ozone/integration-test/target/classes:/home/user/.m2/repository/org/apache/hadoop/hadoop-ozone-common/0.5.0-SNAPSHOT/hadoop-ozone-common-0.5.0-SNAPSHOT.jar:/home/user/.m2/repository/org/apache/commons/commons-compress/1.4.1/commons-compress-1.4.1.jar:/home/user/.m2/repository/org/tukaani/xz/1.0/xz-1.0.jar:/home/user/.m2/repository/org/apache/hadoop/hadoop-common/3.2.0/hadoop-common-3.2.0.jar:/home/user/.m2/repository/org/apache/hadoop/hadoop-hdfs/3.2.0/hadoop-hdfs-3.2.0.jar:/home/user/.m2/repository/org/apache/hadoop/hadoop-hdfs-client/3.2.0/hadoop-hdfs-client-3.2.0.jar:/home/user/.m2/repository/com/fasterxml/jackson/core/jackson-annotations/2.9.9/jackson-annotations-2.9.9.jar:/home/user/.m2/repository/org/apache/hadoop/hadoop-hdds-common/0.5.0-SNAPSHOT/hadoop-hdds-common-0.5.0-SNAPSHOT.jar:/home/user/.m2/repository/javax/annotation/javax.annotation-api/1.2/javax.annotation-api-1.2.jar:/home/user/.m2/repository/org/apache/ratis/ratis-server/0.5.0-ced7dbf-SNAPSHOT/ratis-server-0.5.0-ced7dbf-SNAPSHOT.jar:/home/user/.m2/repository/org/apache/ratis/ratis-thirdparty-misc/0.2.0/ratis-thirdparty-misc-0.2.0.jar:/home/user/.m2/repository/org/apache/ratis/ratis-proto/0.5.0-ced7dbf-SNAPSHOT/ratis-proto-0.5.0-ced7dbf-SNAPSHOT.jar:/home/user/.m2/repository/org/apache/ratis/ratis-common/0.5.0-ced7dbf-SNAPSHOT/ratis-common-0.5.0-ced7dbf-SNAPSHOT.jar:/home/user/.m2/repository/org/apache/ratis/ratis-client/0.5.0-ced7dbf-SNAPSHOT/ratis-client-0.5.0-ced7dbf-SNAPSHOT.jar:/home/user/.m2/repository/org/apache/ratis/ratis-metrics/0.5.0-ced7dbf-SNAPSHOT/ratis-metrics-0.5.0-ced7dbf-SNAPSHOT.jar:/home/user/.m2/repository/org/apache/ratis/ratis-netty/0.5.0-ced7dbf-SNAPSHOT/ratis-netty-0.5.0-ced7dbf-SNAPSHOT.jar:/home/user/.m2/repository/org/apache/ratis/ratis-grpc/0.5.0-ced7dbf-SNAPSHOT/ratis-grpc-0.5.0-ced7dbf-SNAPSHOT.jar:/home/user/.m2/repository/org/rocksdb/rocksdbjni/6.0.1/rocksdbjni-6.0.1.jar:/home/user/.m2/repository/org/apache/logging/log4j/log4j-api/2.11.0/log4j-api-2.11.0.jar:/home/user/.m2/repository/org/apache/logging/log4j/log4j-core/2.11.0/log4j-core-2.11.0.jar:/home/user/.m2/repository/com/lmax/disruptor/3.4.2/disruptor-3.4.2.jar:/home/user/.m2/repository/org/apache/commons/commons-pool2/2.6.0/commons-pool2-2.6.0.jar:/home/user/.m2/repository/org/bouncycastle/bcpkix-jdk15on/1.60/bcpkix-jdk15on-1.60.jar:/home/user/.m2/repository/commons-validator/commons-validator/1.6/commons-validator-1.6.jar:/home/user/.m2/repository/commons-digester/commons-digester/1.8.1/commons-digester-1.8.1.jar:/home/user/.m2/repository/io/jaegertracing/jaeger-client/0.34.0/jaeger-client-0.34.0.jar:/home/user/.m2/repository/io/jaegertracing/jaeger-thrift/0.34.0/jaeger-thrift-0.34.0.jar:/home/user/.m2/repository/org/apache/thrift/libthrift/0.12.0/libthrift-0.12.0.jar:/home/user/.m2/repository/com/squareup/okhttp3/okhttp/3.9.0/okhttp-3.9.0.jar:/home/user/.m2/repository/com/squareup/okio/okio/1.13.0/okio-1.13.0.jar:/home/user/.m2/repository/io/jaegertracing/jaeger-core/0.34.0/jaeger-core-0.34.0.jar:/home/user/.m2/repository/io/jaegertracing/jaeger-tracerresolver/0.34.0/jaeger-tracerresolver-0.34.0.jar:/home/user/.m2/repository/io/opentracing/contrib/opentracing-tracerresolver/0.1.5/opentracing-tracerresolver-0.1.5.jar:/home/user/.m2/repository/io/opentracing/opentracing-util/0.31.0/opentracing-util-0.31.0.jar:/home/user/.m2/repository/io/opentracing/opentracing-api/0.31.0/opentracing-api-0.31.0.jar:/home/user/.m2/repository/io/opentracing/opentracing-noop/0.31.0/opentracing-noop-0.31.0.jar:/home/user/.m2/repository/org/apache/hadoop/hadoop-hdds-server-framework/0.5.0-SNAPSHOT/hadoop-hdds-server-framework-0.5.0-SNAPSHOT.jar:/home/user/.m2/repository/org/apache/hadoop/hadoop-hdds-container-service/0.5.0-SNAPSHOT/hadoop-hdds-container-service-0.5.0-SNAPSHOT.jar:/home/user/.m2/repository/org/apache/hadoop/hadoop-hdds-client/0.5.0-SNAPSHOT/hadoop-hdds-client-0.5.0-SNAPSHOT.jar:/home/user/.m2/repository/org/apache/hadoop/hadoop-hdds-tools/0.5.0-SNAPSHOT/hadoop-hdds-tools-0.5.0-SNAPSHOT.jar:/home/user/.m2/repository/org/apache/hadoop/hadoop-hdds-server-scm/0.5.0-SNAPSHOT/hadoop-hdds-server-scm-0.5.0-SNAPSHOT.jar:/home/user/.m2/repository/org/apache/hadoop/hadoop-hdds-docs/0.5.0-SNAPSHOT/hadoop-hdds-docs-0.5.0-SNAPSHOT.jar:/home/user/.m2/repository/io/dropwizard/metrics/metrics-core/3.2.4/metrics-core-3.2.4.jar:/home/user/.m2/repository/org/hamcrest/hamcrest-all/1.3/hamcrest-all-1.3.jar:/home/user/.m2/repository/org/bouncycastle/bcprov-jdk15on/1.60/bcprov-jdk15on-1.60.jar:/home/user/.m2/repository/info/picocli/picocli/3.9.6/picocli-3.9.6.jar:/home/user/.m2/repository/com/google/protobuf/protobuf-java/2.5.0/protobuf-java-2.5.0.jar:/home/user/.m2/repository/com/google/guava/guava/11.0.2/guava-11.0.2.jar:/home/user/.m2/repository/org/apache/hadoop/hadoop-ozone-ozone-manager/0.5.0-SNAPSHOT/hadoop-ozone-ozone-manager-0.5.0-SNAPSHOT.jar:/home/user/.m2/repository/org/apache/hadoop/hadoop-minikdc/3.2.0/hadoop-minikdc-3.2.0.jar:/home/user/.m2/repository/commons-io/commons-io/2.5/commons-io-2.5.jar:/home/user/.m2/repository/org/apache/kerby/kerb-simplekdc/1.0.1/kerb-simplekdc-1.0.1.jar:/home/user/.m2/repository/org/apache/kerby/kerb-client/1.0.1/kerb-client-1.0.1.jar:/home/user/.m2/repository/org/apache/kerby/kerby-config/1.0.1/kerby-config-1.0.1.jar:/home/user/.m2/repository/org/apache/kerby/kerb-core/1.0.1/kerb-core-1.0.1.jar:/home/user/.m2/repository/org/apache/kerby/kerby-pkix/1.0.1/kerby-pkix-1.0.1.jar:/home/user/.m2/repository/org/apache/kerby/kerby-asn1/1.0.1/kerby-asn1-1.0.1.jar:/home/user/.m2/repository/org/apache/kerby/kerby-util/1.0.1/kerby-util-1.0.1.jar:/home/user/.m2/repository/org/apache/kerby/kerb-common/1.0.1/kerb-common-1.0.1.jar:/home/user/.m2/repository/org/apache/kerby/kerb-crypto/1.0.1/kerb-crypto-1.0.1.jar:/home/user/.m2/repository/org/apache/kerby/kerb-util/1.0.1/kerb-util-1.0.1.jar:/home/user/.m2/repository/org/apache/kerby/token-provider/1.0.1/token-provider-1.0.1.jar:/home/user/.m2/repository/org/apache/kerby/kerb-admin/1.0.1/kerb-admin-1.0.1.jar:/home/user/.m2/repository/org/apache/kerby/kerb-server/1.0.1/kerb-server-1.0.1.jar:/home/user/.m2/repository/org/apache/kerby/kerb-identity/1.0.1/kerb-identity-1.0.1.jar:/home/user/.m2/repository/org/apache/kerby/kerby-xdr/1.0.1/kerby-xdr-1.0.1.jar:/home/user/.m2/repository/org/slf4j/slf4j-log4j12/1.7.25/slf4j-log4j12-1.7.25.jar:/home/user/.m2/repository/org/apache/hadoop/hadoop-ozone-s3gateway/0.5.0-SNAPSHOT/hadoop-ozone-s3gateway-0.5.0-SNAPSHOT.jar:/home/user/.m2/repository/org/jboss/weld/servlet/weld-servlet/2.4.7.Final/weld-servlet-2.4.7.Final.jar:/home/user/.m2/repository/org/glassfish/jersey/containers/jersey-container-servlet-core/2.27/jersey-container-servlet-core-2.27.jar:/home/user/.m2/repository/org/glassfish/hk2/external/javax.inject/2.5.0-b42/javax.inject-2.5.0-b42.jar:/home/user/.m2/repository/org/glassfish/jersey/core/jersey-common/2.27/jersey-common-2.27.jar:/home/user/.m2/repository/org/glassfish/hk2/osgi-resource-locator/1.0.1/osgi-resource-locator-1.0.1.jar:/home/user/.m2/repository/javax/ws/rs/javax.ws.rs-api/2.1/javax.ws.rs-api-2.1.jar:/home/user/.m2/repository/org/glassfish/jersey/ext/cdi/jersey-cdi1x/2.27/jersey-cdi1x-2.27.jar:/home/user/.m2/repository/org/glassfish/jersey/inject/jersey-hk2/2.27/jersey-hk2-2.27.jar:/home/user/.m2/repository/org/glassfish/hk2/hk2-locator/2.5.0-b42/hk2-locator-2.5.0-b42.jar:/home/user/.m2/repository/org/javassist/javassist/3.22.0-CR2/javassist-3.22.0-CR2.jar:/home/user/.m2/repository/org/glassfish/hk2/hk2-api/2.5.0/hk2-api-2.5.0.jar:/home/user/.m2/repository/org/glassfish/hk2/external/jakarta.inject/2.5.0/jakarta.inject-2.5.0.jar:/home/user/.m2/repository/org/glassfish/hk2/hk2-utils/2.5.0/hk2-utils-2.5.0.jar:/home/user/.m2/repository/jakarta/annotation/jakarta.annotation-api/1.3.4/jakarta.annotation-api-1.3.4.jar:/home/user/.m2/repository/org/glassfish/hk2/external/aopalliance-repackaged/2.5.0/aopalliance-repackaged-2.5.0.jar:/home/user/.m2/repository/com/fasterxml/jackson/dataformat/jackson-dataformat-xml/2.9.0/jackson-dataformat-xml-2.9.0.jar:/home/user/.m2/repository/com/fasterxml/jackson/core/jackson-core/2.9.9/jackson-core-2.9.9.jar:/home/user/.m2/repository/com/fasterxml/jackson/module/jackson-module-jaxb-annotations/2.9.9/jackson-module-jaxb-annotations-2.9.9.jar:/home/user/.m2/repository/javax/enterprise/cdi-api/1.2/cdi-api-1.2.jar:/home/user/.m2/repository/javax/el/javax.el-api/3.0.0/javax.el-api-3.0.0.jar:/home/user/.m2/repository/javax/interceptor/javax.interceptor-api/1.2/javax.interceptor-api-1.2.jar:/home/user/.m2/repository/javax/inject/javax.inject/1/javax.inject-1.jar:/home/user/.m2/repository/com/sun/xml/bind/jaxb-impl/2.3.0.1/jaxb-impl-2.3.0.1.jar:/home/user/.m2/repository/com/sun/xml/bind/jaxb-core/2.3.0.1/jaxb-core-2.3.0.1.jar:/home/user/.m2/repository/javax/xml/bind/jaxb-api/2.3.0/jaxb-api-2.3.0.jar:/home/user/.m2/repository/javax/activation/activation/1.1.1/activation-1.1.1.jar:/home/user/.m2/repository/org/apache/hadoop/hadoop-ozone-csi/0.5.0-SNAPSHOT/hadoop-ozone-csi-0.5.0-SNAPSHOT.jar:/home/user/.m2/repository/com/google/protobuf/protobuf-java-util/3.5.1/protobuf-java-util-3.5.1.jar:/home/user/.m2/repository/org/apache/hadoop/hadoop-hdds-config/0.5.0-SNAPSHOT/hadoop-hdds-config-0.5.0-SNAPSHOT.jar:/home/user/.m2/repository/io/grpc/grpc-netty/1.17.1/grpc-netty-1.17.1.jar:/home/user/.m2/repository/io/grpc/grpc-core/1.17.1/grpc-core-1.17.1.jar:/home/user/.m2/repository/io/grpc/grpc-context/1.17.1/grpc-context-1.17.1.jar:/home/user/.m2/repository/com/google/errorprone/error_prone_annotations/2.2.0/error_prone_annotations-2.2.0.jar:/home/user/.m2/repository/org/codehaus/mojo/animal-sniffer-annotations/1.17/animal-sniffer-annotations-1.17.jar:/home/user/.m2/repository/io/opencensus/opencensus-api/0.17.0/opencensus-api-0.17.0.jar:/home/user/.m2/repository/io/opencensus/opencensus-contrib-grpc-metrics/0.17.0/opencensus-contrib-grpc-metrics-0.17.0.jar:/home/user/.m2/repository/io/netty/netty-codec-http2/4.1.30.Final/netty-codec-http2-4.1.30.Final.jar:/home/user/.m2/repository/io/netty/netty-codec-http/4.1.30.Final/netty-codec-http-4.1.30.Final.jar:/home/user/.m2/repository/io/netty/netty-codec/4.1.30.Final/netty-codec-4.1.30.Final.jar:/home/user/.m2/repository/io/netty/netty-handler/4.1.30.Final/netty-handler-4.1.30.Final.jar:/home/user/.m2/repository/io/netty/netty-handler-proxy/4.1.30.Final/netty-handler-proxy-4.1.30.Final.jar:/home/user/.m2/repository/io/netty/netty-codec-socks/4.1.30.Final/netty-codec-socks-4.1.30.Final.jar:/home/user/.m2/repository/io/netty/netty-transport-native-epoll/4.1.30.Final/netty-transport-native-epoll-4.1.30.Final.jar:/home/user/.m2/repository/io/netty/netty-common/4.1.30.Final/netty-common-4.1.30.Final.jar:/home/user/.m2/repository/io/netty/netty-buffer/4.1.30.Final/netty-buffer-4.1.30.Final.jar:/home/user/.m2/repository/io/netty/netty-transport/4.1.30.Final/netty-transport-4.1.30.Final.jar:/home/user/.m2/repository/io/netty/netty-resolver/4.1.30.Final/netty-resolver-4.1.30.Final.jar:/home/user/.m2/repository/io/netty/netty-transport-native-unix-common/4.1.30.Final/netty-transport-native-unix-common-4.1.30.Final.jar:/home/user/.m2/repository/io/grpc/grpc-protobuf/1.17.1/grpc-protobuf-1.17.1.jar:/home/user/.m2/repository/com/google/api/grpc/proto-google-common-protos/1.0.0/proto-google-common-protos-1.0.0.jar:/home/user/.m2/repository/io/grpc/grpc-protobuf-lite/1.17.1/grpc-protobuf-lite-1.17.1.jar:/home/user/.m2/repository/io/grpc/grpc-stub/1.17.1/grpc-stub-1.17.1.jar:/home/user/.m2/repository/org/apache/hadoop/hadoop-ozone-recon/0.5.0-SNAPSHOT/hadoop-ozone-recon-0.5.0-SNAPSHOT.jar:/home/user/.m2/repository/org/apache/hadoop/hadoop-ozone-reconcodegen/0.5.0-SNAPSHOT/hadoop-ozone-reconcodegen-0.5.0-SNAPSHOT.jar:/home/user/.m2/repository/com/google/inject/extensions/guice-multibindings/4.0/guice-multibindings-4.0.jar:/home/user/.m2/repository/com/google/inject/guice/4.0/guice-4.0.jar:/home/user/.m2/repository/aopalliance/aopalliance/1.0/aopalliance-1.0.jar:/home/user/.m2/repository/com/google/inject/extensions/guice-servlet/4.0/guice-servlet-4.0.jar:/home/user/.m2/repository/org/glassfish/jersey/containers/jersey-container-servlet/2.27/jersey-container-servlet-2.27.jar:/home/user/.m2/repository/org/glassfish/hk2/guice-bridge/2.5.0/guice-bridge-2.5.0.jar:/home/user/.m2/repository/org/glassfish/jersey/core/jersey-server/2.27/jersey-server-2.27.jar:/home/user/.m2/repository/org/glassfish/jersey/core/jersey-client/2.27/jersey-client-2.27.jar:/home/user/.m2/repository/org/glassfish/jersey/media/jersey-media-jaxb/2.27/jersey-media-jaxb-2.27.jar:/home/user/.m2/repository/javax/validation/validation-api/1.1.0.Final/validation-api-1.1.0.Final.jar:/home/user/.m2/repository/org/glassfish/jersey/media/jersey-media-json-jackson/2.27/jersey-media-json-jackson-2.27.jar:/home/user/.m2/repository/org/glassfish/jersey/ext/jersey-entity-filtering/2.27/jersey-entity-filtering-2.27.jar:/home/user/.m2/repository/com/google/inject/extensions/guice-assistedinject/4.0/guice-assistedinject-4.0.jar:/home/user/.m2/repository/org/jooq/jooq/3.11.10/jooq-3.11.10.jar:/home/user/.m2/repository/org/jooq/jooq-meta/3.11.10/jooq-meta-3.11.10.jar:/home/user/.m2/repository/org/jooq/jooq-codegen/3.11.10/jooq-codegen-3.11.10.jar:/home/user/.m2/repository/com/jolbox/bonecp/0.8.0.RELEASE/bonecp-0.8.0.RELEASE.jar:/home/user/.m2/repository/org/xerial/sqlite-jdbc/3.25.2/sqlite-jdbc-3.25.2.jar:/home/user/.m2/repository/org/springframework/spring-jdbc/5.1.3.RELEASE/spring-jdbc-5.1.3.RELEASE.jar:/home/user/.m2/repository/org/springframework/spring-beans/5.1.3.RELEASE/spring-beans-5.1.3.RELEASE.jar:/home/user/.m2/repository/org/springframework/spring-core/5.1.3.RELEASE/spring-core-5.1.3.RELEASE.jar:/home/user/.m2/repository/org/springframework/spring-jcl/5.1.3.RELEASE/spring-jcl-5.1.3.RELEASE.jar:/home/user/.m2/repository/org/springframework/spring-tx/5.1.3.RELEASE/spring-tx-5.1.3.RELEASE.jar:/home/user/.m2/repository/org/apache/hadoop/hadoop-ozone-client/0.5.0-SNAPSHOT/hadoop-ozone-client-0.5.0-SNAPSHOT.jar:/home/user/.m2/repository/commons-lang/commons-lang/2.6/commons-lang-2.6.jar:/home/user/.m2/repository/org/apache/hadoop/hadoop-ozone-ozone-manager/0.5.0-SNAPSHOT/hadoop-ozone-ozone-manager-0.5.0-SNAPSHOT-tests.jar:/home/user/.m2/repository/junit/junit/4.11/junit-4.11.jar:/home/user/.m2/repository/org/hamcrest/hamcrest-core/1.3/hamcrest-core-1.3.jar:/home/user/.m2/repository/org/openjdk/jmh/jmh-core/1.19/jmh-core-1.19.jar:/home/user/.m2/repository/net/sf/jopt-simple/jopt-simple/4.6/jopt-simple-4.6.jar:/home/user/.m2/repository/org/apache/commons/commons-math3/3.1.1/commons-math3-3.1.1.jar:/home/user/.m2/repository/org/openjdk/jmh/jmh-generator-annprocess/1.19/jmh-generator-annprocess-1.19.jar:/home/user/.m2/repository/org/mockito/mockito-all/1.8.5/mockito-all-1.8.5.jar:/home/user/.m2/repository/org/apache/hadoop/hadoop-kms/3.2.0/hadoop-kms-3.2.0.jar:/home/user/.m2/repository/org/apache/hadoop/hadoop-auth/3.2.0/hadoop-auth-3.2.0.jar:/home/user/.m2/repository/com/nimbusds/nimbus-jose-jwt/4.41.1/nimbus-jose-jwt-4.41.1.jar:/home/user/.m2/repository/com/github/stephenc/jcip/jcip-annotations/1.0-1/jcip-annotations-1.0-1.jar:/home/user/.m2/repository/net/minidev/json-smart/2.3/json-smart-2.3.jar:/home/user/.m2/repository/net/minidev/accessors-smart/1.2/accessors-smart-1.2.jar:/home/user/.m2/repository/org/ow2/asm/asm/5.0.4/asm-5.0.4.jar:/home/user/.m2/repository/org/apache/curator/curator-framework/2.12.0/curator-framework-2.12.0.jar:/home/user/.m2/repository/com/sun/jersey/jersey-core/1.19/jersey-core-1.19.jar:/home/user/.m2/repository/javax/ws/rs/jsr311-api/1.1.1/jsr311-api-1.1.1.jar:/home/user/.m2/repository/com/sun/jersey/jersey-server/1.19/jersey-server-1.19.jar:/home/user/.m2/repository/javax/servlet/javax.servlet-api/3.1.0/javax.servlet-api-3.1.0.jar:/home/user/.m2/repository/org/eclipse/jetty/jetty-server/9.3.25.v20180904/jetty-server-9.3.25.v20180904.jar:/home/user/.m2/repository/org/eclipse/jetty/jetty-http/9.3.25.v20180904/jetty-http-9.3.25.v20180904.jar:/home/user/.m2/repository/org/eclipse/jetty/jetty-io/9.3.25.v20180904/jetty-io-9.3.25.v20180904.jar:/home/user/.m2/repository/org/eclipse/jetty/jetty-webapp/9.3.25.v20180904/jetty-webapp-9.3.25.v20180904.jar:/home/user/.m2/repository/org/eclipse/jetty/jetty-xml/9.3.25.v20180904/jetty-xml-9.3.25.v20180904.jar:/home/user/.m2/repository/log4j/log4j/1.2.17/log4j-1.2.17.jar:/home/user/.m2/repository/org/slf4j/slf4j-api/1.7.25/slf4j-api-1.7.25.jar:/home/user/.m2/repository/org/slf4j/jul-to-slf4j/1.7.25/jul-to-slf4j-1.7.25.jar:/home/user/.m2/repository/org/eclipse/jetty/jetty-util/9.3.25.v20180904/jetty-util-9.3.25.v20180904.jar:/home/user/.m2/repository/com/fasterxml/jackson/core/jackson-databind/2.9.9/jackson-databind-2.9.9.jar:/home/user/.m2/repository/org/apache/hadoop/hadoop-kms/3.2.0/hadoop-kms-3.2.0-tests.jar:/home/user/.m2/repository/org/apache/hadoop/hadoop-hdds-server-scm/0.5.0-SNAPSHOT/hadoop-hdds-server-scm-0.5.0-SNAPSHOT-tests.jar:/home/user/.m2/repository/org/apache/hadoop/hadoop-hdds-container-service/0.5.0-SNAPSHOT/hadoop-hdds-container-service-0.5.0-SNAPSHOT-tests.jar:/home/user/.m2/repository/org/yaml/snakeyaml/1.16/snakeyaml-1.16.jar:/home/user/.m2/repository/org/apache/hadoop/hadoop-common/3.2.0/hadoop-common-3.2.0-tests.jar:/home/user/.m2/repository/org/apache/hadoop/hadoop-annotations/3.2.0/hadoop-annotations-3.2.0.jar:/usr/lib/jvm/java-1.8.0-openjdk-1.8.0.222.b10-1.el7_7.x86_64/jre/../lib/tools.jar:/home/user/.m2/repository/commons-cli/commons-cli/1.2/commons-cli-1.2.jar:/home/user/.m2/repository/org/apache/httpcomponents/httpclient/4.5.2/httpclient-4.5.2.jar:/home/user/.m2/repository/org/apache/httpcomponents/httpcore/4.4.4/httpcore-4.4.4.jar:/home/user/.m2/repository/commons-codec/commons-codec/1.11/commons-codec-1.11.jar:/home/user/.m2/repository/commons-net/commons-net/3.6/commons-net-3.6.jar:/home/user/.m2/repository/commons-collections/commons-collections/3.2.2/commons-collections-3.2.2.jar:/home/user/.m2/repository/org/eclipse/jetty/jetty-servlet/9.3.25.v20180904/jetty-servlet-9.3.25.v20180904.jar:/home/user/.m2/repository/org/eclipse/jetty/jetty-security/9.3.25.v20180904/jetty-security-9.3.25.v20180904.jar:/home/user/.m2/repository/javax/servlet/jsp/jsp-api/2.1/jsp-api-2.1.jar:/home/user/.m2/repository/com/sun/jersey/jersey-servlet/1.19/jersey-servlet-1.19.jar:/home/user/.m2/repository/com/sun/jersey/jersey-json/1.19/jersey-json-1.19.jar:/home/user/.m2/repository/org/codehaus/jettison/jettison/1.1/jettison-1.1.jar:/home/user/.m2/repository/org/codehaus/jackson/jackson-core-asl/1.9.13/jackson-core-asl-1.9.13.jar:/home/user/.m2/repository/org/codehaus/jackson/jackson-mapper-asl/1.9.13/jackson-mapper-asl-1.9.13.jar:/home/user/.m2/repository/org/codehaus/jackson/jackson-jaxrs/1.9.13/jackson-jaxrs-1.9.13.jar:/home/user/.m2/repository/org/codehaus/jackson/jackson-xc/1.9.13/jackson-xc-1.9.13.jar:/home/user/.m2/repository/commons-logging/commons-logging/1.1.3/commons-logging-1.1.3.jar:/home/user/.m2/repository/commons-beanutils/commons-beanutils/1.9.4/commons-beanutils-1.9.4.jar:/home/user/.m2/repository/org/apache/commons/commons-configuration2/2.1.1/commons-configuration2-2.1.1.jar:/home/user/.m2/repository/org/apache/commons/commons-lang3/3.7/commons-lang3-3.7.jar:/home/user/.m2/repository/org/apache/commons/commons-text/1.4/commons-text-1.4.jar:/home/user/.m2/repository/org/apache/avro/avro/1.7.7/avro-1.7.7.jar:/home/user/.m2/repository/com/thoughtworks/paranamer/paranamer/2.3/paranamer-2.3.jar:/home/user/.m2/repository/org/xerial/snappy/snappy-java/1.0.5/snappy-java-1.0.5.jar:/home/user/.m2/repository/com/google/re2j/re2j/1.1/re2j-1.1.jar:/home/user/.m2/repository/com/google/code/gson/gson/2.2.4/gson-2.2.4.jar:/home/user/.m2/repository/com/jcraft/jsch/0.1.54/jsch-0.1.54.jar:/home/user/.m2/repository/org/apache/curator/curator-client/2.12.0/curator-client-2.12.0.jar:/home/user/.m2/repository/org/apache/curator/curator-recipes/2.12.0/curator-recipes-2.12.0.jar:/home/user/.m2/repository/com/google/code/findbugs/jsr305/3.0.0/jsr305-3.0.0.jar:/home/user/.m2/repository/org/apache/htrace/htrace-core4/4.1.0-incubating/htrace-core4-4.1.0-incubating.jar:/home/user/.m2/repository/org/apache/zookeeper/zookeeper/3.4.13/zookeeper-3.4.13.jar:/home/user/.m2/repository/jline/jline/0.9.94/jline-0.9.94.jar:/home/user/.m2/repository/org/apache/yetus/audience-annotations/0.5.0/audience-annotations-0.5.0.jar:/home/user/.m2/repository/org/codehaus/woodstox/stax2-api/3.1.4/stax2-api-3.1.4.jar:/home/user/.m2/repository/com/fasterxml/woodstox/woodstox-core/5.0.3/woodstox-core-5.0.3.jar:/home/user/.m2/repository/dnsjava/dnsjava/2.1.7/dnsjava-2.1.7.jar:/home/user/.m2/repository/org/apache/hadoop/hadoop-hdfs/3.2.0/hadoop-hdfs-3.2.0-tests.jar:/home/user/.m2/repository/org/eclipse/jetty/jetty-util-ajax/9.3.25.v20180904/jetty-util-ajax-9.3.25.v20180904.jar:/home/user/.m2/repository/commons-daemon/commons-daemon/1.0.13/commons-daemon-1.0.13.jar:/home/user/.m2/repository/io/netty/netty/3.10.5.Final/netty-3.10.5.Final.jar:/home/user/.m2/repository/io/netty/netty-all/4.0.52.Final/netty-all-4.0.52.Final.jar:/home/user/.m2/repository/org/fusesource/leveldbjni/leveldbjni-all/1.8/leveldbjni-all-1.8.jar:"/>
    <property name="sun.cpu.endian" value="little"/>
    <property name="user.home" value="/home/user"/>
    <property name="user.language" value="en"/>
    <property name="java.specification.vendor" value="Oracle Corporation"/>
    <property name="java.home" value="/usr/lib/jvm/java-1.8.0-openjdk-1.8.0.222.b10-1.el7_7.x86_64/jre"/>
    <property name="surefire.excludesFile" value="/tools/ozone-bad-unit-tests"/>
    <property name="java.security.krb5.conf" value="/workdir/hadoop-ozone/integration-test/target/test-classes/krb5.conf"/>
    <property name="basedir" value="/workdir/hadoop-ozone/integration-test"/>
    <property name="file.separator" value="/"/>
    <property name="line.separator" value="&#10;"/>
    <property name="java.vm.specification.vendor" value="Oracle Corporation"/>
    <property name="java.specification.name" value="Java Platform API Specification"/>
    <property name="java.awt.graphicsenv" value="sun.awt.X11GraphicsEnvironment"/>
    <property name="surefire.real.class.path" value="/workdir/hadoop-ozone/integration-test/target/surefire/surefirebooter3459246360797688466.jar"/>
    <property name="hadoop.log.dir" value="/workdir/hadoop-ozone/integration-test/target/log"/>
    <property name="sun.boot.class.path" value="/usr/lib/jvm/java-1.8.0-openjdk-1.8.0.222.b10-1.el7_7.x86_64/jre/lib/resources.jar:/usr/lib/jvm/java-1.8.0-openjdk-1.8.0.222.b10-1.el7_7.x86_64/jre/lib/rt.jar:/usr/lib/jvm/java-1.8.0-openjdk-1.8.0.222.b10-1.el7_7.x86_64/jre/lib/sunrsasign.jar:/usr/lib/jvm/java-1.8.0-openjdk-1.8.0.222.b10-1.el7_7.x86_64/jre/lib/jsse.jar:/usr/lib/jvm/java-1.8.0-openjdk-1.8.0.222.b10-1.el7_7.x86_64/jre/lib/jce.jar:/usr/lib/jvm/java-1.8.0-openjdk-1.8.0.222.b10-1.el7_7.x86_64/jre/lib/charsets.jar:/usr/lib/jvm/java-1.8.0-openjdk-1.8.0.222.b10-1.el7_7.x86_64/jre/lib/jfr.jar:/usr/lib/jvm/java-1.8.0-openjdk-1.8.0.222.b10-1.el7_7.x86_64/jre/classes"/>
    <property name="sun.management.compiler" value="HotSpot 64-Bit Tiered Compilers"/>
    <property name="java.runtime.version" value="1.8.0_222-b10"/>
    <property name="java.net.preferIPv4Stack" value="true"/>
    <property name="user.name" value="jenkins1000"/>
    <property name="path.separator" value=":"/>
    <property name="java.security.egd" value="file:///dev/urandom"/>
    <property name="os.version" value="3.10.0-957.12.2.el7.x86_64"/>
    <property name="java.endorsed.dirs" value="/usr/lib/jvm/java-1.8.0-openjdk-1.8.0.222.b10-1.el7_7.x86_64/jre/lib/endorsed"/>
    <property name="java.runtime.name" value="OpenJDK Runtime Environment"/>
    <property name="file.encoding" value="ANSI_X3.4-1968"/>
    <property name="java.vm.name" value="OpenJDK 64-Bit Server VM"/>
    <property name="test.build.webapps" value=""/>
    <property name="localRepository" value="/home/user/.m2/repository"/>
    <property name="java.vendor.url.bug" value="http://bugreport.sun.com/bugreport/"/>
    <property name="java.io.tmpdir" value="/tmp"/>
    <property name="require.test.libhadoop" value=""/>
    <property name="java.version" value="1.8.0_222"/>
    <property name="user.dir" value="/workdir/hadoop-ozone/integration-test"/>
    <property name="os.arch" value="amd64"/>
    <property name="java.vm.specification.name" value="Java Virtual Machine Specification"/>
    <property name="test.build.classes" value="/workdir/hadoop-ozone/integration-test/target/test-classes"/>
    <property name="java.awt.printerjob" value="sun.print.PSPrinterJob"/>
    <property name="sun.os.patch.level" value="unknown"/>
    <property name="hadoop.tmp.dir" value="/workdir/hadoop-ozone/integration-test/target/tmp"/>
    <property name="java.library.path" value="/usr/lib:/workdir/hadoop-ozone/integration-test/target/native/target/usr/local/lib:/workdir/hadoop-ozone/integration-test/../../hadoop-common-project/hadoop-common/target/native/target/usr/local/lib:/usr/java/packages/lib/amd64:/usr/lib64:/lib64:/lib:/usr/lib"/>
    <property name="java.vm.info" value="mixed mode"/>
    <property name="java.vendor" value="Oracle Corporation"/>
    <property name="java.vm.version" value="25.222-b10"/>
    <property name="java.ext.dirs" value="/usr/lib/jvm/java-1.8.0-openjdk-1.8.0.222.b10-1.el7_7.x86_64/jre/lib/ext:/usr/java/packages/lib/ext"/>
    <property name="sun.io.unicode.encoding" value="UnicodeLittle"/>
    <property name="java.class.version" value="52.0"/>
  </properties>
  <testcase name="testDeleteKeyWithSlowFollower" classname="org.apache.hadoop.ozone.client.rpc.TestDeleteWithSlowFollower" time="111.693">
    <failure type="java.lang.AssertionError">java.lang.AssertionError
	at org.junit.Assert.fail(Assert.java:86)
	at org.junit.Assert.assertTrue(Assert.java:41)
	at org.junit.Assert.assertTrue(Assert.java:52)
	at org.apache.hadoop.ozone.client.rpc.TestDeleteWithSlowFollower.testDeleteKeyWithSlowFollower(TestDeleteWithSlowFollower.java:265)
	at sun.reflect.NativeMethodAccessorImpl.invoke0(Native Method)
	at sun.reflect.NativeMethodAccessorImpl.invoke(NativeMethodAccessorImpl.java:62)
	at sun.reflect.DelegatingMethodAccessorImpl.invoke(DelegatingMethodAccessorImpl.java:43)
	at java.lang.reflect.Method.invoke(Method.java:498)
	at org.junit.runners.model.FrameworkMethod$1.runReflectiveCall(FrameworkMethod.java:47)
	at org.junit.internal.runners.model.ReflectiveCallable.run(ReflectiveCallable.java:12)
	at org.junit.runners.model.FrameworkMethod.invokeExplosively(FrameworkMethod.java:44)
	at org.junit.internal.runners.statements.InvokeMethod.evaluate(InvokeMethod.java:17)
	at org.junit.runners.ParentRunner.runLeaf(ParentRunner.java:271)
	at org.junit.runners.BlockJUnit4ClassRunner.runChild(BlockJUnit4ClassRunner.java:70)
	at org.junit.runners.BlockJUnit4ClassRunner.runChild(BlockJUnit4ClassRunner.java:50)
	at org.junit.runners.ParentRunner$3.run(ParentRunner.java:238)
	at org.junit.runners.ParentRunner$1.schedule(ParentRunner.java:63)
	at org.junit.runners.ParentRunner.runChildren(ParentRunner.java:236)
	at org.junit.runners.ParentRunner.access$000(ParentRunner.java:53)
	at org.junit.runners.ParentRunner$2.evaluate(ParentRunner.java:229)
	at org.junit.internal.runners.statements.RunBefores.evaluate(RunBefores.java:26)
	at org.junit.internal.runners.statements.RunAfters.evaluate(RunAfters.java:27)
	at org.junit.runners.ParentRunner.run(ParentRunner.java:309)
	at org.apache.maven.surefire.junit4.JUnit4Provider.execute(JUnit4Provider.java:365)
	at org.apache.maven.surefire.junit4.JUnit4Provider.executeWithRerun(JUnit4Provider.java:273)
	at org.apache.maven.surefire.junit4.JUnit4Provider.executeTestSet(JUnit4Provider.java:238)
	at org.apache.maven.surefire.junit4.JUnit4Provider.invoke(JUnit4Provider.java:159)
	at org.apache.maven.surefire.booter.ForkedBooter.invokeProviderInSameClassLoader(ForkedBooter.java:384)
	at org.apache.maven.surefire.booter.ForkedBooter.runSuitesInProcess(ForkedBooter.java:345)
	at org.apache.maven.surefire.booter.ForkedBooter.execute(ForkedBooter.java:126)
	at org.apache.maven.surefire.booter.ForkedBooter.main(ForkedBooter.java:418)
</failure>
    <system-out><![CDATA[2019-10-21 06:03:04,271 [main] WARN  server.ServerUtils (ServerUtils.java:getScmDbDir(145)) - ozone.scm.db.dirs is not configured. We recommend adding this setting. Falling back to ozone.metadata.dirs instead.
2019-10-21 06:03:04,410 [main] WARN  server.ServerUtils (ServerUtils.java:getScmDbDir(145)) - ozone.scm.db.dirs is not configured. We recommend adding this setting. Falling back to ozone.metadata.dirs instead.
2019-10-21 06:03:04,414 [main] WARN  server.ServerUtils (ServerUtils.java:getScmDbDir(145)) - ozone.scm.db.dirs is not configured. We recommend adding this setting. Falling back to ozone.metadata.dirs instead.
2019-10-21 06:03:04,447 [main] INFO  util.log (Log.java:initialized(192)) - Logging initialized @860ms
2019-10-21 06:03:04,546 [main] INFO  db.DBStoreBuilder (DBStoreBuilder.java:addTable(117)) - using custom profile for table: deletedBlocks
2019-10-21 06:03:04,546 [main] INFO  db.DBStoreBuilder (DBStoreBuilder.java:processTables(168)) - Using default column profile:DBProfile.DISK for Table:deletedBlocks
2019-10-21 06:03:04,547 [main] INFO  db.DBStoreBuilder (DBStoreBuilder.java:addTable(117)) - using custom profile for table: validCerts
2019-10-21 06:03:04,547 [main] INFO  db.DBStoreBuilder (DBStoreBuilder.java:processTables(168)) - Using default column profile:DBProfile.DISK for Table:validCerts
2019-10-21 06:03:04,548 [main] INFO  db.DBStoreBuilder (DBStoreBuilder.java:addTable(117)) - using custom profile for table: revokedCerts
2019-10-21 06:03:04,548 [main] INFO  db.DBStoreBuilder (DBStoreBuilder.java:processTables(168)) - Using default column profile:DBProfile.DISK for Table:revokedCerts
2019-10-21 06:03:04,559 [main] INFO  db.DBStoreBuilder (DBStoreBuilder.java:addTable(117)) - using custom profile for table: default
2019-10-21 06:03:04,559 [main] INFO  db.DBStoreBuilder (DBStoreBuilder.java:processTables(174)) - Using default column profile:DBProfile.DISK for Table:default
2019-10-21 06:03:04,561 [main] INFO  db.DBStoreBuilder (DBStoreBuilder.java:getDbProfile(205)) - Using default options. DBProfile.DISK
2019-10-21 06:03:04,711 [main] INFO  net.NodeSchemaLoader (NodeSchemaLoader.java:loadSchemaFromFile(125)) - Loading file from sun.misc.CompoundEnumeration@78691363
2019-10-21 06:03:04,714 [main] INFO  net.NodeSchemaLoader (NodeSchemaLoader.java:loadSchema(171)) - Loading network topology layer schema file
2019-10-21 06:03:04,775 [main] WARN  server.ServerUtils (ServerUtils.java:sanitizeUserArgs(70)) - ozone.scm.stale.node.interval value = 1000000 is larger than max = 100000 based on the key value of ozone.scm.heartbeat.thread.interval, reset to the max value 100000.
2019-10-21 06:03:04,778 [main] WARN  server.ServerUtils (ServerUtils.java:sanitizeUserArgs(70)) - ozone.scm.stale.node.interval value = 1000000 is larger than max = 100000 based on the key value of ozone.scm.heartbeat.thread.interval, reset to the max value 100000.
2019-10-21 06:03:04,780 [main] INFO  node.SCMNodeManager (SCMNodeManager.java:<init>(116)) - Entering startup safe mode.
2019-10-21 06:03:04,852 [main] INFO  algorithms.ContainerPlacementPolicyFactory (ContainerPlacementPolicyFactory.java:getPolicy(57)) - Create container placement policy of type org.apache.hadoop.hdds.scm.container.placement.algorithms.SCMContainerPlacementRandom
2019-10-21 06:03:04,866 [main] WARN  server.ServerUtils (ServerUtils.java:getScmDbDir(145)) - ozone.scm.db.dirs is not configured. We recommend adding this setting. Falling back to ozone.metadata.dirs instead.
2019-10-21 06:03:04,928 [main] INFO  pipeline.SCMPipelineManager (SCMPipelineManager.java:initializePipelineState(133)) - No pipeline exists in current db
2019-10-21 06:03:04,931 [main] WARN  server.ServerUtils (ServerUtils.java:getScmDbDir(145)) - ozone.scm.db.dirs is not configured. We recommend adding this setting. Falling back to ozone.metadata.dirs instead.
2019-10-21 06:03:05,040 [main] WARN  events.EventQueue (EventQueue.java:fireEvent(183)) - No event handler registered for event TypedEvent{payloadType=SafeModeStatus, name='SafeModeStatus'}
2019-10-21 06:03:05,390 [main] INFO  ipc.CallQueueManager (CallQueueManager.java:<init>(84)) - Using callQueue: class java.util.concurrent.LinkedBlockingQueue, queueCapacity: 2000, scheduler: class org.apache.hadoop.ipc.DefaultRpcScheduler, ipcBackoff: false.
2019-10-21 06:03:05,518 [Socket Reader #1 for port 45675] INFO  ipc.Server (Server.java:run(1074)) - Starting Socket Reader #1 for port 45675
2019-10-21 06:03:05,558 [main] INFO  ipc.CallQueueManager (CallQueueManager.java:<init>(84)) - Using callQueue: class java.util.concurrent.LinkedBlockingQueue, queueCapacity: 2000, scheduler: class org.apache.hadoop.ipc.DefaultRpcScheduler, ipcBackoff: false.
2019-10-21 06:03:05,559 [Socket Reader #1 for port 33618] INFO  ipc.Server (Server.java:run(1074)) - Starting Socket Reader #1 for port 33618
2019-10-21 06:03:05,569 [main] INFO  ipc.CallQueueManager (CallQueueManager.java:<init>(84)) - Using callQueue: class java.util.concurrent.LinkedBlockingQueue, queueCapacity: 2000, scheduler: class org.apache.hadoop.ipc.DefaultRpcScheduler, ipcBackoff: false.
2019-10-21 06:03:05,570 [Socket Reader #1 for port 40774] INFO  ipc.Server (Server.java:run(1074)) - Starting Socket Reader #1 for port 40774
2019-10-21 06:03:05,597 [main] INFO  hdfs.DFSUtil (DFSUtil.java:httpServerTemplateForNNAndJN(1641)) - Starting Web-server for scm at: http://0.0.0.0:0
2019-10-21 06:03:05,777 [main] INFO  server.AuthenticationFilter (AuthenticationFilter.java:constructSecretProvider(240)) - Unable to initialize FileSignerSecretProvider, falling back to use random secrets.
2019-10-21 06:03:05,786 [main] WARN  http.HttpRequestLog (HttpRequestLog.java:getRequestLog(97)) - Jetty request log can only be enabled using Log4j
2019-10-21 06:03:05,794 [main] INFO  http.HttpServer2 (HttpServer2.java:addGlobalFilter(975)) - Added global filter 'safety' (class=org.apache.hadoop.http.HttpServer2$QuotingInputFilter)
2019-10-21 06:03:05,796 [main] INFO  http.HttpServer2 (HttpServer2.java:addFilter(948)) - Added filter static_user_filter (class=org.apache.hadoop.http.lib.StaticUserWebFilter$StaticUserFilter) to context scm
2019-10-21 06:03:05,797 [main] INFO  http.HttpServer2 (HttpServer2.java:addFilter(958)) - Added filter static_user_filter (class=org.apache.hadoop.http.lib.StaticUserWebFilter$StaticUserFilter) to context logs
2019-10-21 06:03:05,797 [main] INFO  http.HttpServer2 (HttpServer2.java:addFilter(958)) - Added filter static_user_filter (class=org.apache.hadoop.http.lib.StaticUserWebFilter$StaticUserFilter) to context static
2019-10-21 06:03:05,826 [main] INFO  server.StorageContainerManager (StorageContainerManager.java:start(772)) - StorageContainerLocationProtocol RPC server is listening at /0.0.0.0:40774
2019-10-21 06:03:05,892 [main] WARN  impl.MetricsConfig (MetricsConfig.java:loadFirst(134)) - Cannot locate configuration: tried hadoop-metrics2-storagecontainermanager.properties,hadoop-metrics2.properties
2019-10-21 06:03:05,907 [main] INFO  impl.MetricsSystemImpl (MetricsSystemImpl.java:startTimer(374)) - Scheduled Metric snapshot period at 10 second(s).
2019-10-21 06:03:05,907 [main] INFO  impl.MetricsSystemImpl (MetricsSystemImpl.java:start(191)) - StorageContainerManager metrics system started
2019-10-21 06:03:06,140 [main] INFO  server.SCMClientProtocolServer (SCMClientProtocolServer.java:start(159)) - RPC server for Client  is listening at /0.0.0.0:40774
2019-10-21 06:03:06,140 [IPC Server Responder] INFO  ipc.Server (Server.java:run(1314)) - IPC Server Responder: starting
2019-10-21 06:03:06,141 [IPC Server listener on 40774] INFO  ipc.Server (Server.java:run(1153)) - IPC Server listener on 40774: starting
2019-10-21 06:03:06,143 [main] INFO  server.StorageContainerManager (StorageContainerManager.java:start(782)) - ScmBlockLocationProtocol RPC server is listening at /0.0.0.0:33618
2019-10-21 06:03:06,144 [main] INFO  server.SCMBlockProtocolServer (SCMBlockProtocolServer.java:start(146)) - RPC server for Block Protocol is listening at /0.0.0.0:33618
2019-10-21 06:03:06,145 [IPC Server Responder] INFO  ipc.Server (Server.java:run(1314)) - IPC Server Responder: starting
2019-10-21 06:03:06,145 [IPC Server listener on 33618] INFO  ipc.Server (Server.java:run(1153)) - IPC Server listener on 33618: starting
2019-10-21 06:03:06,148 [main] INFO  server.StorageContainerManager (StorageContainerManager.java:start(786)) - ScmDatanodeProtocl RPC server is listening at /0.0.0.0:45675
2019-10-21 06:03:06,148 [main] INFO  server.SCMDatanodeProtocolServer (SCMDatanodeProtocolServer.java:start(169)) - RPC server for DataNodes is listening at /0.0.0.0:45675
2019-10-21 06:03:06,149 [IPC Server Responder] INFO  ipc.Server (Server.java:run(1314)) - IPC Server Responder: starting
2019-10-21 06:03:06,149 [IPC Server listener on 45675] INFO  ipc.Server (Server.java:run(1153)) - IPC Server listener on 45675: starting
2019-10-21 06:03:06,152 [main] INFO  http.HttpServer2 (HttpServer2.java:bindListener(1191)) - Jetty bound to port 41711
2019-10-21 06:03:06,154 [main] INFO  server.Server (Server.java:doStart(351)) - jetty-9.3.25.v20180904, build timestamp: 2018-09-04T21:11:46Z, git hash: 3ce520221d0240229c862b122d2b06c12a625732
2019-10-21 06:03:06,191 [main] INFO  handler.ContextHandler (ContextHandler.java:doStart(781)) - Started o.e.j.s.ServletContextHandler@753432a2{/logs,file:///workdir/hadoop-ozone/integration-test/target/log,AVAILABLE}
2019-10-21 06:03:06,191 [main] INFO  handler.ContextHandler (ContextHandler.java:doStart(781)) - Started o.e.j.s.ServletContextHandler@4983159f{/static,file:///workdir/hadoop-ozone/integration-test/target/test-classes/webapps/static,AVAILABLE}
2019-10-21 06:03:06,223 [main] INFO  handler.ContextHandler (ContextHandler.java:doStart(781)) - Started o.e.j.w.WebAppContext@70ab80e3{/,file:///workdir/hadoop-ozone/integration-test/target/test-classes/webapps/scm/,AVAILABLE}{/scm}
2019-10-21 06:03:06,229 [main] INFO  server.AbstractConnector (AbstractConnector.java:doStart(278)) - Started ServerConnector@410954b{HTTP/1.1,[http/1.1]}{0.0.0.0:41711}
2019-10-21 06:03:06,229 [main] INFO  server.Server (Server.java:doStart(419)) - Started @2643ms
2019-10-21 06:03:06,231 [main] INFO  impl.MetricsSinkAdapter (MetricsSinkAdapter.java:start(204)) - Sink prometheus started
2019-10-21 06:03:06,231 [main] INFO  impl.MetricsSystemImpl (MetricsSystemImpl.java:registerSink(301)) - Registered sink prometheus
2019-10-21 06:03:06,233 [main] INFO  server.BaseHttpServer (BaseHttpServer.java:updateConnectorAddress(215)) - HTTP server of SCM is listening at http://0.0.0.0:41711
2019-10-21 06:03:06,240 [org.apache.hadoop.util.JvmPauseMonitor$Monitor@579d011c] INFO  util.JvmPauseMonitor (JvmPauseMonitor.java:run(188)) - Starting JVM pause monitor
2019-10-21 06:03:06,243 [main] WARN  server.ServerUtils (ServerUtils.java:getDBPath(222)) - ozone.om.db.dirs is not configured. We recommend adding this setting. Falling back to ozone.metadata.dirs instead.
2019-10-21 06:03:06,348 [main] INFO  ha.OMHANodeDetails (OMHANodeDetails.java:loadOMHAConfig(190)) - Configuration either no ozone.om.address set. Falling back to the default OM address /127.0.0.1:0
2019-10-21 06:03:06,349 [main] INFO  ha.OMHANodeDetails (OMHANodeDetails.java:getOMNodeDetails(220)) - OM Service ID is not set. Setting it to the default ID: omServiceIdDefault
2019-10-21 06:03:06,351 [main] WARN  server.ServerUtils (ServerUtils.java:getDBPath(222)) - ozone.om.db.dirs is not configured. We recommend adding this setting. Falling back to ozone.metadata.dirs instead.
2019-10-21 06:03:06,351 [main] WARN  server.ServerUtils (ServerUtils.java:getDBPath(222)) - ozone.om.db.dirs is not configured. We recommend adding this setting. Falling back to ozone.metadata.dirs instead.
2019-10-21 06:03:06,994 [main] WARN  server.ServerUtils (ServerUtils.java:getDBPath(222)) - ozone.om.db.dirs is not configured. We recommend adding this setting. Falling back to ozone.metadata.dirs instead.
2019-10-21 06:03:07,002 [main] INFO  db.DBStoreBuilder (DBStoreBuilder.java:addTable(117)) - using custom profile for table: userTable
2019-10-21 06:03:07,002 [main] INFO  db.DBStoreBuilder (DBStoreBuilder.java:processTables(168)) - Using default column profile:DBProfile.DISK for Table:userTable
2019-10-21 06:03:07,003 [main] INFO  db.DBStoreBuilder (DBStoreBuilder.java:addTable(117)) - using custom profile for table: volumeTable
2019-10-21 06:03:07,003 [main] INFO  db.DBStoreBuilder (DBStoreBuilder.java:processTables(168)) - Using default column profile:DBProfile.DISK for Table:volumeTable
2019-10-21 06:03:07,003 [main] INFO  db.DBStoreBuilder (DBStoreBuilder.java:addTable(117)) - using custom profile for table: bucketTable
2019-10-21 06:03:07,003 [main] INFO  db.DBStoreBuilder (DBStoreBuilder.java:processTables(168)) - Using default column profile:DBProfile.DISK for Table:bucketTable
2019-10-21 06:03:07,003 [main] INFO  db.DBStoreBuilder (DBStoreBuilder.java:addTable(117)) - using custom profile for table: keyTable
2019-10-21 06:03:07,004 [main] INFO  db.DBStoreBuilder (DBStoreBuilder.java:processTables(168)) - Using default column profile:DBProfile.DISK for Table:keyTable
2019-10-21 06:03:07,004 [main] INFO  db.DBStoreBuilder (DBStoreBuilder.java:addTable(117)) - using custom profile for table: deletedTable
2019-10-21 06:03:07,004 [main] INFO  db.DBStoreBuilder (DBStoreBuilder.java:processTables(168)) - Using default column profile:DBProfile.DISK for Table:deletedTable
2019-10-21 06:03:07,004 [main] INFO  db.DBStoreBuilder (DBStoreBuilder.java:addTable(117)) - using custom profile for table: openKeyTable
2019-10-21 06:03:07,005 [main] INFO  db.DBStoreBuilder (DBStoreBuilder.java:processTables(168)) - Using default column profile:DBProfile.DISK for Table:openKeyTable
2019-10-21 06:03:07,005 [main] INFO  db.DBStoreBuilder (DBStoreBuilder.java:addTable(117)) - using custom profile for table: s3Table
2019-10-21 06:03:07,005 [main] INFO  db.DBStoreBuilder (DBStoreBuilder.java:processTables(168)) - Using default column profile:DBProfile.DISK for Table:s3Table
2019-10-21 06:03:07,005 [main] INFO  db.DBStoreBuilder (DBStoreBuilder.java:addTable(117)) - using custom profile for table: multipartInfoTable
2019-10-21 06:03:07,005 [main] INFO  db.DBStoreBuilder (DBStoreBuilder.java:processTables(168)) - Using default column profile:DBProfile.DISK for Table:multipartInfoTable
2019-10-21 06:03:07,006 [main] INFO  db.DBStoreBuilder (DBStoreBuilder.java:addTable(117)) - using custom profile for table: dTokenTable
2019-10-21 06:03:07,006 [main] INFO  db.DBStoreBuilder (DBStoreBuilder.java:processTables(168)) - Using default column profile:DBProfile.DISK for Table:dTokenTable
2019-10-21 06:03:07,006 [main] INFO  db.DBStoreBuilder (DBStoreBuilder.java:addTable(117)) - using custom profile for table: s3SecretTable
2019-10-21 06:03:07,006 [main] INFO  db.DBStoreBuilder (DBStoreBuilder.java:processTables(168)) - Using default column profile:DBProfile.DISK for Table:s3SecretTable
2019-10-21 06:03:07,007 [main] INFO  db.DBStoreBuilder (DBStoreBuilder.java:addTable(117)) - using custom profile for table: prefixTable
2019-10-21 06:03:07,007 [main] INFO  db.DBStoreBuilder (DBStoreBuilder.java:processTables(168)) - Using default column profile:DBProfile.DISK for Table:prefixTable
2019-10-21 06:03:07,007 [main] INFO  db.DBStoreBuilder (DBStoreBuilder.java:addTable(117)) - using custom profile for table: default
2019-10-21 06:03:07,007 [main] INFO  db.DBStoreBuilder (DBStoreBuilder.java:processTables(174)) - Using default column profile:DBProfile.DISK for Table:default
2019-10-21 06:03:07,007 [main] INFO  db.DBStoreBuilder (DBStoreBuilder.java:getDbProfile(205)) - Using default options. DBProfile.DISK
2019-10-21 06:03:07,439 [main] INFO  ipc.CallQueueManager (CallQueueManager.java:<init>(84)) - Using callQueue: class java.util.concurrent.LinkedBlockingQueue, queueCapacity: 2000, scheduler: class org.apache.hadoop.ipc.DefaultRpcScheduler, ipcBackoff: false.
2019-10-21 06:03:07,440 [Socket Reader #1 for port 37257] INFO  ipc.Server (Server.java:run(1074)) - Starting Socket Reader #1 for port 37257
2019-10-21 06:03:07,466 [main] INFO  om.OzoneManager (OzoneManager.java:start(1074)) - OzoneManager RPC server is listening at localhost/127.0.0.1:37257
2019-10-21 06:03:07,466 [main] INFO  impl.MetricsSystemImpl (MetricsSystemImpl.java:init(158)) - OzoneManager metrics system started (again)
2019-10-21 06:03:07,475 [IPC Server Responder] INFO  ipc.Server (Server.java:run(1314)) - IPC Server Responder: starting
2019-10-21 06:03:07,475 [IPC Server listener on 37257] INFO  ipc.Server (Server.java:run(1153)) - IPC Server listener on 37257: starting
2019-10-21 06:03:07,480 [main] INFO  hdfs.DFSUtil (DFSUtil.java:httpServerTemplateForNNAndJN(1641)) - Starting Web-server for ozoneManager at: http://0.0.0.0:0
2019-10-21 06:03:07,483 [main] INFO  server.AuthenticationFilter (AuthenticationFilter.java:constructSecretProvider(240)) - Unable to initialize FileSignerSecretProvider, falling back to use random secrets.
2019-10-21 06:03:07,484 [main] WARN  http.HttpRequestLog (HttpRequestLog.java:getRequestLog(97)) - Jetty request log can only be enabled using Log4j
2019-10-21 06:03:07,487 [main] INFO  http.HttpServer2 (HttpServer2.java:addGlobalFilter(975)) - Added global filter 'safety' (class=org.apache.hadoop.http.HttpServer2$QuotingInputFilter)
2019-10-21 06:03:07,489 [main] INFO  http.HttpServer2 (HttpServer2.java:addFilter(948)) - Added filter static_user_filter (class=org.apache.hadoop.http.lib.StaticUserWebFilter$StaticUserFilter) to context ozoneManager
2019-10-21 06:03:07,489 [main] INFO  http.HttpServer2 (HttpServer2.java:addFilter(958)) - Added filter static_user_filter (class=org.apache.hadoop.http.lib.StaticUserWebFilter$StaticUserFilter) to context logs
2019-10-21 06:03:07,489 [main] INFO  http.HttpServer2 (HttpServer2.java:addFilter(958)) - Added filter static_user_filter (class=org.apache.hadoop.http.lib.StaticUserWebFilter$StaticUserFilter) to context static
2019-10-21 06:03:07,492 [main] INFO  http.HttpServer2 (HttpServer2.java:bindListener(1191)) - Jetty bound to port 39710
2019-10-21 06:03:07,493 [main] INFO  server.Server (Server.java:doStart(351)) - jetty-9.3.25.v20180904, build timestamp: 2018-09-04T21:11:46Z, git hash: 3ce520221d0240229c862b122d2b06c12a625732
2019-10-21 06:03:07,496 [main] INFO  handler.ContextHandler (ContextHandler.java:doStart(781)) - Started o.e.j.s.ServletContextHandler@65cc8228{/logs,file:///workdir/hadoop-ozone/integration-test/target/log,AVAILABLE}
2019-10-21 06:03:07,497 [main] INFO  handler.ContextHandler (ContextHandler.java:doStart(781)) - Started o.e.j.s.ServletContextHandler@21719a0{/static,file:///workdir/hadoop-ozone/integration-test/target/test-classes/webapps/static,AVAILABLE}
2019-10-21 06:03:07,504 [main] INFO  handler.ContextHandler (ContextHandler.java:doStart(781)) - Started o.e.j.w.WebAppContext@c446b14{/,file:///workdir/hadoop-ozone/integration-test/target/test-classes/webapps/ozoneManager/,AVAILABLE}{/ozoneManager}
2019-10-21 06:03:07,505 [main] INFO  server.AbstractConnector (AbstractConnector.java:doStart(278)) - Started ServerConnector@3af356f{HTTP/1.1,[http/1.1]}{0.0.0.0:39710}
2019-10-21 06:03:07,505 [main] INFO  server.Server (Server.java:doStart(419)) - Started @3919ms
2019-10-21 06:03:07,505 [main] WARN  impl.MetricsSystemImpl (MetricsSystemImpl.java:register(276)) - Sink prometheus already exists!
2019-10-21 06:03:07,507 [main] INFO  server.BaseHttpServer (BaseHttpServer.java:updateConnectorAddress(215)) - HTTP server of OZONEMANAGER is listening at http://0.0.0.0:39710
2019-10-21 06:03:07,804 [main] INFO  impl.MetricsSystemImpl (MetricsSystemImpl.java:init(158)) - HddsDatanode metrics system started (again)
2019-10-21 06:03:07,850 [main] INFO  ozone.HddsDatanodeService (HddsDatanodeService.java:start(184)) - HddsDatanodeService host:pr-hdds-1868-wsm2n-11235469 ip:192.168.34.63
2019-10-21 06:03:07,883 [main] INFO  volume.HddsVolume (HddsVolume.java:<init>(176)) - Creating Volume: /workdir/hadoop-ozone/integration-test/target/test-dir/MiniOzoneClusterImpl-57da642c-82d6-499f-aa71-47bf78ddd986/datanode-0/data/containers/hdds of  storage type : DISK and capacity : 1482555576320
2019-10-21 06:03:07,885 [main] INFO  volume.VolumeSet (VolumeSet.java:initializeVolumeSet(170)) - Added Volume : /workdir/hadoop-ozone/integration-test/target/test-dir/MiniOzoneClusterImpl-57da642c-82d6-499f-aa71-47bf78ddd986/datanode-0/data/containers/hdds to VolumeSet
2019-10-21 06:03:07,888 [main] INFO  volume.ThrottledAsyncChecker (ThrottledAsyncChecker.java:schedule(141)) - Scheduling a check for /workdir/hadoop-ozone/integration-test/target/test-dir/MiniOzoneClusterImpl-57da642c-82d6-499f-aa71-47bf78ddd986/datanode-0/data/containers/hdds
2019-10-21 06:03:07,905 [main] INFO  volume.HddsVolumeChecker (HddsVolumeChecker.java:checkAllVolumes(204)) - Scheduled health check for volume /workdir/hadoop-ozone/integration-test/target/test-dir/MiniOzoneClusterImpl-57da642c-82d6-499f-aa71-47bf78ddd986/datanode-0/data/containers/hdds
2019-10-21 06:03:08,023 [main] INFO  impl.RaftServerProxy (ConfUtils.java:logGet(43)) - raft.rpc.type = GRPC (default)
2019-10-21 06:03:08,087 [main] INFO  grpc.GrpcFactory (GrpcFactory.java:checkPooledByteBufAllocatorUseCacheForAllThreads(45)) - PERFORMANCE WARNING: useCacheForAllThreads is true that may cause Netty to create a lot garbage objects and, as a result, trigger GC.
	It is recommended to disable useCacheForAllThreads by setting -Dorg.apache.ratis.thirdparty.io.netty.allocator.useCacheForAllThreads=false in command line.
2019-10-21 06:03:08,092 [main] INFO  grpc.GrpcConfigKeys$Server (ConfUtils.java:logGet(43)) - raft.grpc.server.port = 0 (default)
2019-10-21 06:03:08,092 [main] INFO  server.GrpcService (ConfUtils.java:logGet(43)) - raft.grpc.message.size.max = 33570816 (custom)
2019-10-21 06:03:08,094 [main] INFO  server.RaftServerConfigKeys (ConfUtils.java:logGet(43)) - raft.server.log.appender.buffer.byte-limit = 33554432 (custom)
2019-10-21 06:03:08,095 [main] INFO  server.GrpcService (ConfUtils.java:logGet(43)) - raft.grpc.flow.control.window = 1MB (=1048576) (default)
2019-10-21 06:03:08,096 [main] INFO  server.RaftServerConfigKeys (ConfUtils.java:logGet(43)) - raft.server.rpc.request.timeout = 3000ms (default)
2019-10-21 06:03:08,240 [main] INFO  server.RaftServerConfigKeys (ConfUtils.java:logGet(43)) - raft.server.storage.dir = [/workdir/hadoop-ozone/integration-test/target/test-dir/MiniOzoneClusterImpl-57da642c-82d6-499f-aa71-47bf78ddd986/datanode-0/data/ratis] (custom)
2019-10-21 06:03:08,285 [main] INFO  hdfs.DFSUtil (DFSUtil.java:httpServerTemplateForNNAndJN(1641)) - Starting Web-server for hddsDatanode at: http://0.0.0.0:0
2019-10-21 06:03:08,287 [main] INFO  server.AuthenticationFilter (AuthenticationFilter.java:constructSecretProvider(240)) - Unable to initialize FileSignerSecretProvider, falling back to use random secrets.
2019-10-21 06:03:08,288 [main] WARN  http.HttpRequestLog (HttpRequestLog.java:getRequestLog(97)) - Jetty request log can only be enabled using Log4j
2019-10-21 06:03:08,291 [main] INFO  http.HttpServer2 (HttpServer2.java:addGlobalFilter(975)) - Added global filter 'safety' (class=org.apache.hadoop.http.HttpServer2$QuotingInputFilter)
2019-10-21 06:03:08,292 [main] INFO  http.HttpServer2 (HttpServer2.java:addFilter(948)) - Added filter static_user_filter (class=org.apache.hadoop.http.lib.StaticUserWebFilter$StaticUserFilter) to context hddsDatanode
2019-10-21 06:03:08,292 [main] INFO  http.HttpServer2 (HttpServer2.java:addFilter(958)) - Added filter static_user_filter (class=org.apache.hadoop.http.lib.StaticUserWebFilter$StaticUserFilter) to context logs
2019-10-21 06:03:08,292 [main] INFO  http.HttpServer2 (HttpServer2.java:addFilter(958)) - Added filter static_user_filter (class=org.apache.hadoop.http.lib.StaticUserWebFilter$StaticUserFilter) to context static
2019-10-21 06:03:08,294 [main] INFO  http.HttpServer2 (HttpServer2.java:bindListener(1191)) - Jetty bound to port 39516
2019-10-21 06:03:08,294 [main] INFO  server.Server (Server.java:doStart(351)) - jetty-9.3.25.v20180904, build timestamp: 2018-09-04T21:11:46Z, git hash: 3ce520221d0240229c862b122d2b06c12a625732
2019-10-21 06:03:08,297 [main] INFO  handler.ContextHandler (ContextHandler.java:doStart(781)) - Started o.e.j.s.ServletContextHandler@21079a12{/logs,file:///workdir/hadoop-ozone/integration-test/target/log,AVAILABLE}
2019-10-21 06:03:08,298 [main] INFO  handler.ContextHandler (ContextHandler.java:doStart(781)) - Started o.e.j.s.ServletContextHandler@67c5ac52{/static,jar:file:/home/user/.m2/repository/org/apache/hadoop/hadoop-hdds-container-service/0.5.0-SNAPSHOT/hadoop-hdds-container-service-0.5.0-SNAPSHOT.jar!/webapps/static,AVAILABLE}
2019-10-21 06:03:08,348 [main] INFO  handler.ContextHandler (ContextHandler.java:doStart(781)) - Started o.e.j.w.WebAppContext@2436ea2f{/,file:///tmp/jetty-0.0.0.0-39516-hddsDatanode-_-any-5928357915165275670.dir/webapp/,AVAILABLE}{/hddsDatanode}
2019-10-21 06:03:08,349 [main] INFO  server.AbstractConnector (AbstractConnector.java:doStart(278)) - Started ServerConnector@f951a7f{HTTP/1.1,[http/1.1]}{0.0.0.0:39516}
2019-10-21 06:03:08,349 [main] INFO  server.Server (Server.java:doStart(419)) - Started @4763ms
2019-10-21 06:03:08,350 [main] WARN  impl.MetricsSystemImpl (MetricsSystemImpl.java:register(276)) - Sink prometheus already exists!
2019-10-21 06:03:08,351 [main] INFO  server.BaseHttpServer (BaseHttpServer.java:updateConnectorAddress(215)) - HTTP server of HDDSDATANODE is listening at http://0.0.0.0:39516
2019-10-21 06:03:08,353 [main] INFO  impl.MetricsSystemImpl (MetricsSystemImpl.java:init(158)) - HddsDatanode metrics system started (again)
2019-10-21 06:03:08,356 [main] INFO  ozone.HddsDatanodeService (HddsDatanodeService.java:start(184)) - HddsDatanodeService host:pr-hdds-1868-wsm2n-11235469 ip:192.168.34.63
2019-10-21 06:03:08,359 [org.apache.hadoop.util.JvmPauseMonitor$Monitor@2b3a683c] INFO  util.JvmPauseMonitor (JvmPauseMonitor.java:run(188)) - Starting JVM pause monitor
2019-10-21 06:03:08,367 [main] INFO  volume.HddsVolume (HddsVolume.java:<init>(176)) - Creating Volume: /workdir/hadoop-ozone/integration-test/target/test-dir/MiniOzoneClusterImpl-57da642c-82d6-499f-aa71-47bf78ddd986/datanode-1/data/containers/hdds of  storage type : DISK and capacity : 1482555576320
2019-10-21 06:03:08,368 [main] INFO  volume.VolumeSet (VolumeSet.java:initializeVolumeSet(170)) - Added Volume : /workdir/hadoop-ozone/integration-test/target/test-dir/MiniOzoneClusterImpl-57da642c-82d6-499f-aa71-47bf78ddd986/datanode-1/data/containers/hdds to VolumeSet
2019-10-21 06:03:08,368 [main] INFO  volume.ThrottledAsyncChecker (ThrottledAsyncChecker.java:schedule(141)) - Scheduling a check for /workdir/hadoop-ozone/integration-test/target/test-dir/MiniOzoneClusterImpl-57da642c-82d6-499f-aa71-47bf78ddd986/datanode-1/data/containers/hdds
2019-10-21 06:03:08,369 [main] INFO  volume.HddsVolumeChecker (HddsVolumeChecker.java:checkAllVolumes(204)) - Scheduled health check for volume /workdir/hadoop-ozone/integration-test/target/test-dir/MiniOzoneClusterImpl-57da642c-82d6-499f-aa71-47bf78ddd986/datanode-1/data/containers/hdds
2019-10-21 06:03:08,392 [main] INFO  impl.RaftServerProxy (ConfUtils.java:logGet(43)) - raft.rpc.type = GRPC (default)
2019-10-21 06:03:08,393 [main] INFO  grpc.GrpcFactory (GrpcFactory.java:checkPooledByteBufAllocatorUseCacheForAllThreads(45)) - PERFORMANCE WARNING: useCacheForAllThreads is true that may cause Netty to create a lot garbage objects and, as a result, trigger GC.
	It is recommended to disable useCacheForAllThreads by setting -Dorg.apache.ratis.thirdparty.io.netty.allocator.useCacheForAllThreads=false in command line.
2019-10-21 06:03:08,393 [main] INFO  grpc.GrpcConfigKeys$Server (ConfUtils.java:logGet(43)) - raft.grpc.server.port = 0 (default)
2019-10-21 06:03:08,393 [main] INFO  server.GrpcService (ConfUtils.java:logGet(43)) - raft.grpc.message.size.max = 33570816 (custom)
2019-10-21 06:03:08,394 [main] INFO  server.RaftServerConfigKeys (ConfUtils.java:logGet(43)) - raft.server.log.appender.buffer.byte-limit = 33554432 (custom)
2019-10-21 06:03:08,394 [main] INFO  server.GrpcService (ConfUtils.java:logGet(43)) - raft.grpc.flow.control.window = 1MB (=1048576) (default)
2019-10-21 06:03:08,395 [main] INFO  server.RaftServerConfigKeys (ConfUtils.java:logGet(43)) - raft.server.rpc.request.timeout = 3000ms (default)
2019-10-21 06:03:08,395 [main] INFO  server.RaftServerConfigKeys (ConfUtils.java:logGet(43)) - raft.server.storage.dir = [/workdir/hadoop-ozone/integration-test/target/test-dir/MiniOzoneClusterImpl-57da642c-82d6-499f-aa71-47bf78ddd986/datanode-1/data/ratis] (custom)
2019-10-21 06:03:08,398 [main] INFO  hdfs.DFSUtil (DFSUtil.java:httpServerTemplateForNNAndJN(1641)) - Starting Web-server for hddsDatanode at: http://0.0.0.0:0
2019-10-21 06:03:08,400 [main] INFO  server.AuthenticationFilter (AuthenticationFilter.java:constructSecretProvider(240)) - Unable to initialize FileSignerSecretProvider, falling back to use random secrets.
2019-10-21 06:03:08,400 [main] WARN  http.HttpRequestLog (HttpRequestLog.java:getRequestLog(97)) - Jetty request log can only be enabled using Log4j
2019-10-21 06:03:08,403 [main] INFO  http.HttpServer2 (HttpServer2.java:addGlobalFilter(975)) - Added global filter 'safety' (class=org.apache.hadoop.http.HttpServer2$QuotingInputFilter)
2019-10-21 06:03:08,403 [main] INFO  http.HttpServer2 (HttpServer2.java:addFilter(948)) - Added filter static_user_filter (class=org.apache.hadoop.http.lib.StaticUserWebFilter$StaticUserFilter) to context hddsDatanode
2019-10-21 06:03:08,404 [main] INFO  http.HttpServer2 (HttpServer2.java:addFilter(958)) - Added filter static_user_filter (class=org.apache.hadoop.http.lib.StaticUserWebFilter$StaticUserFilter) to context static
2019-10-21 06:03:08,404 [main] INFO  http.HttpServer2 (HttpServer2.java:addFilter(958)) - Added filter static_user_filter (class=org.apache.hadoop.http.lib.StaticUserWebFilter$StaticUserFilter) to context logs
2019-10-21 06:03:08,405 [main] INFO  http.HttpServer2 (HttpServer2.java:bindListener(1191)) - Jetty bound to port 40704
2019-10-21 06:03:08,405 [main] INFO  server.Server (Server.java:doStart(351)) - jetty-9.3.25.v20180904, build timestamp: 2018-09-04T21:11:46Z, git hash: 3ce520221d0240229c862b122d2b06c12a625732
2019-10-21 06:03:08,408 [main] INFO  handler.ContextHandler (ContextHandler.java:doStart(781)) - Started o.e.j.s.ServletContextHandler@78d6447a{/logs,file:///workdir/hadoop-ozone/integration-test/target/log,AVAILABLE}
2019-10-21 06:03:08,408 [main] INFO  handler.ContextHandler (ContextHandler.java:doStart(781)) - Started o.e.j.s.ServletContextHandler@1e469dfd{/static,jar:file:/home/user/.m2/repository/org/apache/hadoop/hadoop-hdds-container-service/0.5.0-SNAPSHOT/hadoop-hdds-container-service-0.5.0-SNAPSHOT.jar!/webapps/static,AVAILABLE}
2019-10-21 06:03:08,445 [main] INFO  handler.ContextHandler (ContextHandler.java:doStart(781)) - Started o.e.j.w.WebAppContext@2af69643{/,file:///tmp/jetty-0.0.0.0-40704-hddsDatanode-_-any-4408813597340375891.dir/webapp/,AVAILABLE}{/hddsDatanode}
2019-10-21 06:03:08,445 [main] INFO  server.AbstractConnector (AbstractConnector.java:doStart(278)) - Started ServerConnector@587a1cfb{HTTP/1.1,[http/1.1]}{0.0.0.0:40704}
2019-10-21 06:03:08,446 [main] INFO  server.Server (Server.java:doStart(419)) - Started @4860ms
2019-10-21 06:03:08,446 [main] WARN  impl.MetricsSystemImpl (MetricsSystemImpl.java:register(276)) - Sink prometheus already exists!
2019-10-21 06:03:08,448 [main] INFO  server.BaseHttpServer (BaseHttpServer.java:updateConnectorAddress(215)) - HTTP server of HDDSDATANODE is listening at http://0.0.0.0:40704
2019-10-21 06:03:08,448 [main] INFO  impl.MetricsSystemImpl (MetricsSystemImpl.java:init(158)) - HddsDatanode metrics system started (again)
2019-10-21 06:03:08,451 [main] INFO  ozone.HddsDatanodeService (HddsDatanodeService.java:start(184)) - HddsDatanodeService host:pr-hdds-1868-wsm2n-11235469 ip:192.168.34.63
2019-10-21 06:03:08,452 [org.apache.hadoop.util.JvmPauseMonitor$Monitor@61543e36] INFO  util.JvmPauseMonitor (JvmPauseMonitor.java:run(188)) - Starting JVM pause monitor
2019-10-21 06:03:08,462 [main] INFO  volume.HddsVolume (HddsVolume.java:<init>(176)) - Creating Volume: /workdir/hadoop-ozone/integration-test/target/test-dir/MiniOzoneClusterImpl-57da642c-82d6-499f-aa71-47bf78ddd986/datanode-2/data/containers/hdds of  storage type : DISK and capacity : 1482555576320
2019-10-21 06:03:08,463 [main] INFO  volume.VolumeSet (VolumeSet.java:initializeVolumeSet(170)) - Added Volume : /workdir/hadoop-ozone/integration-test/target/test-dir/MiniOzoneClusterImpl-57da642c-82d6-499f-aa71-47bf78ddd986/datanode-2/data/containers/hdds to VolumeSet
2019-10-21 06:03:08,463 [main] INFO  volume.ThrottledAsyncChecker (ThrottledAsyncChecker.java:schedule(141)) - Scheduling a check for /workdir/hadoop-ozone/integration-test/target/test-dir/MiniOzoneClusterImpl-57da642c-82d6-499f-aa71-47bf78ddd986/datanode-2/data/containers/hdds
2019-10-21 06:03:08,464 [Datanode State Machine Thread - 0] INFO  datanode.InitDatanodeState (InitDatanodeState.java:persistContainerDatanodeDetails(140)) - DatanodeDetails is persisted to /workdir/hadoop-ozone/integration-test/target/test-dir/MiniOzoneClusterImpl-57da642c-82d6-499f-aa71-47bf78ddd986/datanode-0/meta/datanode.id
2019-10-21 06:03:08,464 [main] INFO  volume.HddsVolumeChecker (HddsVolumeChecker.java:checkAllVolumes(204)) - Scheduled health check for volume /workdir/hadoop-ozone/integration-test/target/test-dir/MiniOzoneClusterImpl-57da642c-82d6-499f-aa71-47bf78ddd986/datanode-2/data/containers/hdds
2019-10-21 06:03:08,468 [Datanode State Machine Thread - 0] INFO  datanode.InitDatanodeState (InitDatanodeState.java:persistContainerDatanodeDetails(140)) - DatanodeDetails is persisted to /workdir/hadoop-ozone/integration-test/target/test-dir/MiniOzoneClusterImpl-57da642c-82d6-499f-aa71-47bf78ddd986/datanode-1/meta/datanode.id
2019-10-21 06:03:08,485 [main] INFO  impl.RaftServerProxy (ConfUtils.java:logGet(43)) - raft.rpc.type = GRPC (default)
2019-10-21 06:03:08,486 [main] INFO  grpc.GrpcFactory (GrpcFactory.java:checkPooledByteBufAllocatorUseCacheForAllThreads(45)) - PERFORMANCE WARNING: useCacheForAllThreads is true that may cause Netty to create a lot garbage objects and, as a result, trigger GC.
	It is recommended to disable useCacheForAllThreads by setting -Dorg.apache.ratis.thirdparty.io.netty.allocator.useCacheForAllThreads=false in command line.
2019-10-21 06:03:08,486 [main] INFO  grpc.GrpcConfigKeys$Server (ConfUtils.java:logGet(43)) - raft.grpc.server.port = 0 (default)
2019-10-21 06:03:08,486 [main] INFO  server.GrpcService (ConfUtils.java:logGet(43)) - raft.grpc.message.size.max = 33570816 (custom)
2019-10-21 06:03:08,487 [main] INFO  server.RaftServerConfigKeys (ConfUtils.java:logGet(43)) - raft.server.log.appender.buffer.byte-limit = 33554432 (custom)
2019-10-21 06:03:08,487 [main] INFO  server.GrpcService (ConfUtils.java:logGet(43)) - raft.grpc.flow.control.window = 1MB (=1048576) (default)
2019-10-21 06:03:08,487 [main] INFO  server.RaftServerConfigKeys (ConfUtils.java:logGet(43)) - raft.server.rpc.request.timeout = 3000ms (default)
2019-10-21 06:03:08,488 [main] INFO  server.RaftServerConfigKeys (ConfUtils.java:logGet(43)) - raft.server.storage.dir = [/workdir/hadoop-ozone/integration-test/target/test-dir/MiniOzoneClusterImpl-57da642c-82d6-499f-aa71-47bf78ddd986/datanode-2/data/ratis] (custom)
2019-10-21 06:03:08,491 [main] INFO  hdfs.DFSUtil (DFSUtil.java:httpServerTemplateForNNAndJN(1641)) - Starting Web-server for hddsDatanode at: http://0.0.0.0:0
2019-10-21 06:03:08,493 [main] INFO  server.AuthenticationFilter (AuthenticationFilter.java:constructSecretProvider(240)) - Unable to initialize FileSignerSecretProvider, falling back to use random secrets.
2019-10-21 06:03:08,493 [main] WARN  http.HttpRequestLog (HttpRequestLog.java:getRequestLog(97)) - Jetty request log can only be enabled using Log4j
2019-10-21 06:03:08,495 [main] INFO  http.HttpServer2 (HttpServer2.java:addGlobalFilter(975)) - Added global filter 'safety' (class=org.apache.hadoop.http.HttpServer2$QuotingInputFilter)
2019-10-21 06:03:08,496 [main] INFO  http.HttpServer2 (HttpServer2.java:addFilter(948)) - Added filter static_user_filter (class=org.apache.hadoop.http.lib.StaticUserWebFilter$StaticUserFilter) to context hddsDatanode
2019-10-21 06:03:08,496 [main] INFO  http.HttpServer2 (HttpServer2.java:addFilter(958)) - Added filter static_user_filter (class=org.apache.hadoop.http.lib.StaticUserWebFilter$StaticUserFilter) to context static
2019-10-21 06:03:08,496 [main] INFO  http.HttpServer2 (HttpServer2.java:addFilter(958)) - Added filter static_user_filter (class=org.apache.hadoop.http.lib.StaticUserWebFilter$StaticUserFilter) to context logs
2019-10-21 06:03:08,497 [main] INFO  http.HttpServer2 (HttpServer2.java:bindListener(1191)) - Jetty bound to port 41747
2019-10-21 06:03:08,497 [main] INFO  server.Server (Server.java:doStart(351)) - jetty-9.3.25.v20180904, build timestamp: 2018-09-04T21:11:46Z, git hash: 3ce520221d0240229c862b122d2b06c12a625732
2019-10-21 06:03:08,501 [main] INFO  handler.ContextHandler (ContextHandler.java:doStart(781)) - Started o.e.j.s.ServletContextHandler@51c959a4{/logs,file:///workdir/hadoop-ozone/integration-test/target/log,AVAILABLE}
2019-10-21 06:03:08,501 [main] INFO  handler.ContextHandler (ContextHandler.java:doStart(781)) - Started o.e.j.s.ServletContextHandler@10a0fe30{/static,jar:file:/home/user/.m2/repository/org/apache/hadoop/hadoop-hdds-container-service/0.5.0-SNAPSHOT/hadoop-hdds-container-service-0.5.0-SNAPSHOT.jar!/webapps/static,AVAILABLE}
2019-10-21 06:03:08,534 [main] INFO  handler.ContextHandler (ContextHandler.java:doStart(781)) - Started o.e.j.w.WebAppContext@63c12e52{/,file:///tmp/jetty-0.0.0.0-41747-hddsDatanode-_-any-2596053702984258168.dir/webapp/,AVAILABLE}{/hddsDatanode}
2019-10-21 06:03:08,534 [main] INFO  server.AbstractConnector (AbstractConnector.java:doStart(278)) - Started ServerConnector@21bd20ee{HTTP/1.1,[http/1.1]}{0.0.0.0:41747}
2019-10-21 06:03:08,536 [main] INFO  server.Server (Server.java:doStart(419)) - Started @4950ms
2019-10-21 06:03:08,537 [main] WARN  impl.MetricsSystemImpl (MetricsSystemImpl.java:register(276)) - Sink prometheus already exists!
2019-10-21 06:03:08,539 [main] INFO  server.BaseHttpServer (BaseHttpServer.java:updateConnectorAddress(215)) - HTTP server of HDDSDATANODE is listening at http://0.0.0.0:41747
2019-10-21 06:03:08,541 [main] INFO  ozone.MiniOzoneClusterImpl (MiniOzoneClusterImpl.java:lambda$waitForClusterToBeReady$2(170)) - Waiting for cluster to be ready. Got 0 of 3 DN Heartbeats.
2019-10-21 06:03:08,542 [org.apache.hadoop.util.JvmPauseMonitor$Monitor@1374b9bc] INFO  util.JvmPauseMonitor (JvmPauseMonitor.java:run(188)) - Starting JVM pause monitor
2019-10-21 06:03:08,548 [Datanode State Machine Thread - 0] INFO  datanode.InitDatanodeState (InitDatanodeState.java:persistContainerDatanodeDetails(140)) - DatanodeDetails is persisted to /workdir/hadoop-ozone/integration-test/target/test-dir/MiniOzoneClusterImpl-57da642c-82d6-499f-aa71-47bf78ddd986/datanode-2/meta/datanode.id
2019-10-21 06:03:09,542 [main] INFO  ozone.MiniOzoneClusterImpl (MiniOzoneClusterImpl.java:lambda$waitForClusterToBeReady$2(170)) - Waiting for cluster to be ready. Got 0 of 3 DN Heartbeats.
2019-10-21 06:03:10,447 [Datanode State Machine Thread - 0] INFO  ozoneimpl.OzoneContainer (OzoneContainer.java:start(213)) - Attempting to start container services.
2019-10-21 06:03:10,450 [Datanode State Machine Thread - 0] INFO  ozoneimpl.OzoneContainer (OzoneContainer.java:startContainerScrub(177)) - Background container scanner has been disabled.
2019-10-21 06:03:10,451 [Datanode State Machine Thread - 0] INFO  ratis.XceiverServerRatis (XceiverServerRatis.java:start(424)) - Starting XceiverServerRatis 2de534ac-c407-4ec5-ab68-e4d0e1b50d95 at port 0
2019-10-21 06:03:10,471 [Datanode State Machine Thread - 0] INFO  ozoneimpl.OzoneContainer (OzoneContainer.java:start(213)) - Attempting to start container services.
2019-10-21 06:03:10,477 [Datanode State Machine Thread - 0] INFO  ozoneimpl.OzoneContainer (OzoneContainer.java:startContainerScrub(177)) - Background container scanner has been disabled.
2019-10-21 06:03:10,477 [Datanode State Machine Thread - 0] INFO  ratis.XceiverServerRatis (XceiverServerRatis.java:start(424)) - Starting XceiverServerRatis a588f1ac-0e88-414d-9361-c050928a17f1 at port 0
2019-10-21 06:03:10,483 [Datanode State Machine Thread - 0] INFO  impl.RaftServerProxy (RaftServerProxy.java:lambda$start$3(299)) - 2de534ac-c407-4ec5-ab68-e4d0e1b50d95: start RPC server
2019-10-21 06:03:10,489 [Datanode State Machine Thread - 0] INFO  impl.RaftServerProxy (RaftServerProxy.java:lambda$start$3(299)) - a588f1ac-0e88-414d-9361-c050928a17f1: start RPC server
2019-10-21 06:03:10,542 [main] INFO  ozone.MiniOzoneClusterImpl (MiniOzoneClusterImpl.java:lambda$waitForClusterToBeReady$2(170)) - Waiting for cluster to be ready. Got 0 of 3 DN Heartbeats.
2019-10-21 06:03:10,559 [Datanode State Machine Thread - 0] INFO  ozoneimpl.OzoneContainer (OzoneContainer.java:start(213)) - Attempting to start container services.
2019-10-21 06:03:10,564 [Datanode State Machine Thread - 0] INFO  ozoneimpl.OzoneContainer (OzoneContainer.java:startContainerScrub(177)) - Background container scanner has been disabled.
2019-10-21 06:03:10,564 [Datanode State Machine Thread - 0] INFO  ratis.XceiverServerRatis (XceiverServerRatis.java:start(424)) - Starting XceiverServerRatis 5389c291-9dbf-4ff3-95a2-a367bd79a92b at port 0
2019-10-21 06:03:10,576 [Datanode State Machine Thread - 0] INFO  impl.RaftServerProxy (RaftServerProxy.java:lambda$start$3(299)) - 5389c291-9dbf-4ff3-95a2-a367bd79a92b: start RPC server
2019-10-21 06:03:10,654 [Datanode State Machine Thread - 0] INFO  server.GrpcService (GrpcService.java:startImpl(158)) - 2de534ac-c407-4ec5-ab68-e4d0e1b50d95: GrpcService started, listening on 0.0.0.0/0.0.0.0:40946
2019-10-21 06:03:10,654 [Datanode State Machine Thread - 0] INFO  server.GrpcService (GrpcService.java:startImpl(158)) - a588f1ac-0e88-414d-9361-c050928a17f1: GrpcService started, listening on 0.0.0.0/0.0.0.0:38160
2019-10-21 06:03:10,655 [Datanode State Machine Thread - 0] INFO  ratis.XceiverServerRatis (XceiverServerRatis.java:start(434)) - XceiverServerRatis 2de534ac-c407-4ec5-ab68-e4d0e1b50d95 is started using port 40946
2019-10-21 06:03:10,654 [Datanode State Machine Thread - 0] INFO  server.GrpcService (GrpcService.java:startImpl(158)) - 5389c291-9dbf-4ff3-95a2-a367bd79a92b: GrpcService started, listening on 0.0.0.0/0.0.0.0:45480
2019-10-21 06:03:10,655 [Datanode State Machine Thread - 0] INFO  ratis.XceiverServerRatis (XceiverServerRatis.java:start(434)) - XceiverServerRatis a588f1ac-0e88-414d-9361-c050928a17f1 is started using port 38160
2019-10-21 06:03:10,655 [Datanode State Machine Thread - 0] INFO  ratis.XceiverServerRatis (XceiverServerRatis.java:start(434)) - XceiverServerRatis 5389c291-9dbf-4ff3-95a2-a367bd79a92b is started using port 45480
2019-10-21 06:03:10,660 [Datanode State Machine Thread - 0] INFO  server.XceiverServerGrpc (XceiverServerGrpc.java:start(149)) - XceiverServerGrpc 2de534ac-c407-4ec5-ab68-e4d0e1b50d95 is started using port 34050
2019-10-21 06:03:10,660 [Datanode State Machine Thread - 0] INFO  server.XceiverServerGrpc (XceiverServerGrpc.java:start(149)) - XceiverServerGrpc a588f1ac-0e88-414d-9361-c050928a17f1 is started using port 44760
2019-10-21 06:03:10,660 [Datanode State Machine Thread - 0] INFO  server.XceiverServerGrpc (XceiverServerGrpc.java:start(149)) - XceiverServerGrpc 5389c291-9dbf-4ff3-95a2-a367bd79a92b is started using port 35519
2019-10-21 06:03:11,543 [main] INFO  ozone.MiniOzoneClusterImpl (MiniOzoneClusterImpl.java:lambda$waitForClusterToBeReady$2(170)) - Waiting for cluster to be ready. Got 0 of 3 DN Heartbeats.
2019-10-21 06:03:12,396 [IPC Server handler 0 on 45675] INFO  net.NetworkTopology (NetworkTopologyImpl.java:add(111)) - Added a new node: /default-rack/2de534ac-c407-4ec5-ab68-e4d0e1b50d95
2019-10-21 06:03:12,397 [IPC Server handler 0 on 45675] INFO  node.SCMNodeManager (SCMNodeManager.java:register(268)) - Registered Data node : 2de534ac-c407-4ec5-ab68-e4d0e1b50d95{ip: 192.168.34.63, host: pr-hdds-1868-wsm2n-11235469, networkLocation: /default-rack, certSerialId: null}
2019-10-21 06:03:12,401 [EventQueue-NodeRegistrationContainerReportForDataNodeSafeModeRule] INFO  safemode.SCMSafeModeManager (DataNodeSafeModeRule.java:process(71)) - SCM in safe mode. 1 DataNodes registered, 1 required.
2019-10-21 06:03:12,402 [EventQueue-NodeRegistrationContainerReportForDataNodeSafeModeRule] INFO  safemode.SCMSafeModeManager (SCMSafeModeManager.java:validateSafeModeExitRules(177)) - ScmSafeModeManager, all rules are successfully validated
2019-10-21 06:03:12,402 [EventQueue-NodeRegistrationContainerReportForDataNodeSafeModeRule] INFO  safemode.SCMSafeModeManager (SCMSafeModeManager.java:exitSafeMode(193)) - SCM exiting safe mode.
2019-10-21 06:03:12,456 [IPC Server handler 1 on 45675] INFO  net.NetworkTopology (NetworkTopologyImpl.java:add(111)) - Added a new node: /default-rack/a588f1ac-0e88-414d-9361-c050928a17f1
2019-10-21 06:03:12,456 [IPC Server handler 1 on 45675] INFO  node.SCMNodeManager (SCMNodeManager.java:register(268)) - Registered Data node : a588f1ac-0e88-414d-9361-c050928a17f1{ip: 192.168.34.63, host: pr-hdds-1868-wsm2n-11235469, networkLocation: /default-rack, certSerialId: null}
2019-10-21 06:03:12,545 [IPC Server handler 2 on 45675] INFO  net.NetworkTopology (NetworkTopologyImpl.java:add(111)) - Added a new node: /default-rack/5389c291-9dbf-4ff3-95a2-a367bd79a92b
2019-10-21 06:03:12,545 [IPC Server handler 2 on 45675] INFO  node.SCMNodeManager (SCMNodeManager.java:register(268)) - Registered Data node : 5389c291-9dbf-4ff3-95a2-a367bd79a92b{ip: 192.168.34.63, host: pr-hdds-1868-wsm2n-11235469, networkLocation: /default-rack, certSerialId: null}
2019-10-21 06:03:12,895 [grpc-default-executor-0] INFO  impl.RaftServerProxy (RaftServerProxy.java:addNew(89)) - 2de534ac-c407-4ec5-ab68-e4d0e1b50d95: addNew group-2AC4E1B6A703:[2de534ac-c407-4ec5-ab68-e4d0e1b50d95:192.168.34.63:40946] returns group-2AC4E1B6A703:java.util.concurrent.CompletableFuture@4d278d8d[Not completed]
2019-10-21 06:03:12,907 [pool-27-thread-1] INFO  impl.RaftServerImpl (RaftServerImpl.java:<init>(98)) - 2de534ac-c407-4ec5-ab68-e4d0e1b50d95: new RaftServerImpl for group-2AC4E1B6A703:[2de534ac-c407-4ec5-ab68-e4d0e1b50d95:192.168.34.63:40946] with ContainerStateMachine:uninitialized
2019-10-21 06:03:12,909 [pool-27-thread-1] INFO  server.RaftServerConfigKeys (ConfUtils.java:logGet(43)) - raft.server.rpc.timeout.min = 5s (custom)
2019-10-21 06:03:12,910 [pool-27-thread-1] INFO  server.RaftServerConfigKeys (ConfUtils.java:logGet(43)) - raft.server.rpc.timeout.max = 5200ms (custom)
2019-10-21 06:03:12,910 [pool-27-thread-1] INFO  server.RaftServerConfigKeys (ConfUtils.java:logGet(43)) - raft.server.rpcslowness.timeout = 1000s (custom)
2019-10-21 06:03:12,911 [pool-27-thread-1] INFO  server.RaftServerConfigKeys (ConfUtils.java:logGet(43)) - raft.server.sleep.deviation.threshold = 300 (default)
2019-10-21 06:03:12,912 [pool-27-thread-1] INFO  server.RaftServerConfigKeys (ConfUtils.java:logGet(43)) - raft.server.log.appender.install.snapshot.enabled = false (custom)
2019-10-21 06:03:12,919 [pool-27-thread-1] INFO  impl.RaftServerImpl (ServerState.java:<init>(103)) - 2de534ac-c407-4ec5-ab68-e4d0e1b50d95@group-2AC4E1B6A703: ConfigurationManager, init=-1: [2de534ac-c407-4ec5-ab68-e4d0e1b50d95:192.168.34.63:40946], old=null, confs=<EMPTY_MAP>
2019-10-21 06:03:12,920 [pool-27-thread-1] INFO  server.RaftServerConfigKeys (ConfUtils.java:logGet(43)) - raft.server.storage.dir = [/workdir/hadoop-ozone/integration-test/target/test-dir/MiniOzoneClusterImpl-57da642c-82d6-499f-aa71-47bf78ddd986/datanode-0/data/ratis] (custom)
2019-10-21 06:03:12,926 [pool-27-thread-1] INFO  server.RaftServerConfigKeys (ConfUtils.java:logGet(43)) - raft.server.log.corruption.policy = EXCEPTION (default)
2019-10-21 06:03:12,928 [pool-27-thread-1] INFO  storage.RaftStorageDirectory (RaftStorageDirectory.java:analyzeStorage(246)) - The storage directory /workdir/hadoop-ozone/integration-test/target/test-dir/MiniOzoneClusterImpl-57da642c-82d6-499f-aa71-47bf78ddd986/datanode-0/data/ratis/af64c3fc-7c38-4394-a4ee-2ac4e1b6a703 does not exist. Creating ...
2019-10-21 06:03:12,944 [pool-27-thread-1] INFO  storage.RaftStorageDirectory (RaftStorageDirectory.java:tryLock(328)) - Lock on /workdir/hadoop-ozone/integration-test/target/test-dir/MiniOzoneClusterImpl-57da642c-82d6-499f-aa71-47bf78ddd986/datanode-0/data/ratis/af64c3fc-7c38-4394-a4ee-2ac4e1b6a703/in_use.lock acquired by nodename 22508@pr-hdds-1868-wsm2n-11235469
2019-10-21 06:03:12,959 [pool-27-thread-1] INFO  storage.RaftStorage (RaftStorage.java:format(84)) - Storage directory /workdir/hadoop-ozone/integration-test/target/test-dir/MiniOzoneClusterImpl-57da642c-82d6-499f-aa71-47bf78ddd986/datanode-0/data/ratis/af64c3fc-7c38-4394-a4ee-2ac4e1b6a703 has been successfully formatted.
2019-10-21 06:03:12,961 [pool-27-thread-1] INFO  ratis.ContainerStateMachine (ContainerStateMachine.java:loadSnapshot(233)) - group-2AC4E1B6A703: The snapshot info is null. Setting the last applied indexto:(t:0, i:~)
2019-10-21 06:03:12,961 [pool-27-thread-1] INFO  server.RaftServerConfigKeys (ConfUtils.java:logGet(43)) - raft.server.notification.no-leader.timeout = 1000s (custom)
2019-10-21 06:03:12,963 [pool-27-thread-1] INFO  server.RaftServerConfigKeys (ConfUtils.java:logGet(43)) - raft.server.log.use.memory = false (default)
2019-10-21 06:03:12,969 [pool-27-thread-1] INFO  server.RaftServerConfigKeys (ConfUtils.java:logGet(43)) - raft.server.log.purge.gap = 1000000 (custom)
2019-10-21 06:03:12,969 [pool-27-thread-1] INFO  server.RaftServerConfigKeys (ConfUtils.java:logGet(43)) - raft.server.log.appender.buffer.byte-limit = 33554432 (custom)
2019-10-21 06:03:12,971 [pool-27-thread-1] INFO  server.RaftServerConfigKeys (ConfUtils.java:logGet(43)) - raft.server.log.segment.size.max = 1048576 (custom)
2019-10-21 06:03:12,976 [pool-27-thread-1] INFO  metrics.MetricRegistries (MetricRegistriesLoader.java:load(64)) - Loaded MetricRegistries class org.apache.ratis.metrics.impl.MetricRegistriesImpl
2019-10-21 06:03:12,980 [pool-27-thread-1] WARN  impl.MetricRegistriesImpl (MetricRegistriesImpl.java:lambda$create$1(61)) - First MetricRegistry has been created without registering reporters. You may need to call MetricRegistries.global().addReportRegistration(...) before.
2019-10-21 06:03:12,986 [pool-27-thread-1] INFO  server.RaftServerConfigKeys (ConfUtils.java:logGet(43)) - raft.server.log.segment.cache.num.max = 2 (custom)
2019-10-21 06:03:12,991 [pool-27-thread-1] INFO  segmented.SegmentedRaftLogWorker (SegmentedRaftLogWorker.java:<init>(173)) - new 2de534ac-c407-4ec5-ab68-e4d0e1b50d95@group-2AC4E1B6A703-SegmentedRaftLogWorker for RaftStorage:Storage Directory /workdir/hadoop-ozone/integration-test/target/test-dir/MiniOzoneClusterImpl-57da642c-82d6-499f-aa71-47bf78ddd986/datanode-0/data/ratis/af64c3fc-7c38-4394-a4ee-2ac4e1b6a703
2019-10-21 06:03:12,992 [pool-27-thread-1] INFO  server.RaftServerConfigKeys (ConfUtils.java:logGet(43)) - raft.server.log.queue.byte-limit = 2147483647 (custom)
2019-10-21 06:03:12,992 [pool-27-thread-1] INFO  server.RaftServerConfigKeys (ConfUtils.java:logGet(43)) - raft.server.log.queue.element-limit = 1024 (custom)
2019-10-21 06:03:12,994 [pool-27-thread-1] INFO  server.RaftServerConfigKeys (ConfUtils.java:logGet(43)) - raft.server.log.segment.size.max = 1048576 (custom)
2019-10-21 06:03:12,995 [pool-27-thread-1] INFO  server.RaftServerConfigKeys (ConfUtils.java:logGet(43)) - raft.server.log.preallocated.size = 16384 (custom)
2019-10-21 06:03:12,995 [pool-27-thread-1] INFO  server.RaftServerConfigKeys (ConfUtils.java:logGet(43)) - raft.server.log.write.buffer.size = 33554432 (custom)
2019-10-21 06:03:12,996 [pool-27-thread-1] INFO  server.RaftServerConfigKeys (ConfUtils.java:logGet(43)) - raft.server.log.force.sync.num = 128 (default)
2019-10-21 06:03:12,997 [pool-27-thread-1] INFO  server.RaftServerConfigKeys (ConfUtils.java:logGet(43)) - raft.server.log.statemachine.data.sync = true (default)
2019-10-21 06:03:12,997 [pool-27-thread-1] INFO  server.RaftServerConfigKeys (ConfUtils.java:logGet(43)) - raft.server.log.statemachine.data.sync.timeout = 10s (default)
2019-10-21 06:03:12,998 [pool-27-thread-1] INFO  server.RaftServerConfigKeys (ConfUtils.java:logGet(43)) - raft.server.log.statemachine.data.sync.timeout.retry = -1 (default)
2019-10-21 06:03:13,008 [pool-27-thread-1] INFO  server.RaftServerConfigKeys (ConfUtils.java:logGet(43)) - raft.server.log.statemachine.data.caching.enabled = true (custom)
2019-10-21 06:03:13,013 [pool-27-thread-1] INFO  segmented.SegmentedRaftLogWorker (SegmentedRaftLogWorker.java:lambda$new$0(128)) - 2de534ac-c407-4ec5-ab68-e4d0e1b50d95@group-2AC4E1B6A703-SegmentedRaftLogWorker: flushIndex: setUnconditionally 0 -> -1
2019-10-21 06:03:13,017 [pool-27-thread-1] INFO  server.RaftServerConfigKeys (ConfUtils.java:logGet(43)) - raft.server.snapshot.auto.trigger.enabled = true (custom)
2019-10-21 06:03:13,018 [pool-27-thread-1] INFO  server.RaftServerConfigKeys (ConfUtils.java:logGet(43)) - raft.server.snapshot.auto.trigger.threshold = 10000 (custom)
2019-10-21 06:03:13,018 [pool-27-thread-1] INFO  server.RaftServerConfigKeys (ConfUtils.java:logGet(43)) - raft.server.snapshot.retention.file.num = 5 (custom)
2019-10-21 06:03:13,019 [pool-27-thread-1] INFO  server.RaftServerConfigKeys (ConfUtils.java:logGet(43)) - raft.server.retrycache.expirytime = 600000ms (custom)
2019-10-21 06:03:13,038 [pool-27-thread-1] WARN  impl.MetricRegistriesImpl (MetricRegistriesImpl.java:lambda$create$1(61)) - First MetricRegistry has been created without registering reporters. You may need to call MetricRegistries.global().addReportRegistration(...) before.
2019-10-21 06:03:13,040 [pool-27-thread-1] WARN  impl.MetricRegistriesImpl (MetricRegistriesImpl.java:lambda$create$1(61)) - First MetricRegistry has been created without registering reporters. You may need to call MetricRegistries.global().addReportRegistration(...) before.
2019-10-21 06:03:13,041 [pool-27-thread-1] INFO  impl.RaftServerImpl (RaftServerImpl.java:start(184)) - 2de534ac-c407-4ec5-ab68-e4d0e1b50d95@group-2AC4E1B6A703: start as a follower, conf=-1: [2de534ac-c407-4ec5-ab68-e4d0e1b50d95:192.168.34.63:40946], old=null
2019-10-21 06:03:13,042 [pool-27-thread-1] INFO  impl.RaftServerImpl (RaftServerImpl.java:setRole(173)) - 2de534ac-c407-4ec5-ab68-e4d0e1b50d95@group-2AC4E1B6A703: changes role from      null to FOLLOWER at term 0 for startAsFollower
2019-10-21 06:03:13,043 [pool-27-thread-1] INFO  impl.RoleInfo (RoleInfo.java:updateAndGet(143)) - 2de534ac-c407-4ec5-ab68-e4d0e1b50d95: start FollowerState
2019-10-21 06:03:13,045 [pool-27-thread-1] INFO  util.JmxRegister (JmxRegister.java:tryRegister(44)) - Successfully registered JMX Bean with object name Ratis:service=RaftServer,group=group-2AC4E1B6A703,id=2de534ac-c407-4ec5-ab68-e4d0e1b50d95
2019-10-21 06:03:13,047 [pool-27-thread-1] WARN  impl.MetricRegistriesImpl (MetricRegistriesImpl.java:lambda$create$1(61)) - First MetricRegistry has been created without registering reporters. You may need to call MetricRegistries.global().addReportRegistration(...) before.
2019-10-21 06:03:13,113 [RatisPipelineUtilsThread] INFO  pipeline.PipelineStateManager (PipelineStateManager.java:addPipeline(55)) - Created pipeline Pipeline[ Id: af64c3fc-7c38-4394-a4ee-2ac4e1b6a703, Nodes: 2de534ac-c407-4ec5-ab68-e4d0e1b50d95{ip: 192.168.34.63, host: pr-hdds-1868-wsm2n-11235469, networkLocation: /default-rack, certSerialId: null}, Type:RATIS, Factor:ONE, State:ALLOCATED]
2019-10-21 06:03:13,131 [grpc-default-executor-0] INFO  impl.RaftServerProxy (RaftServerProxy.java:addNew(89)) - 5389c291-9dbf-4ff3-95a2-a367bd79a92b: addNew group-E247BBAD1DD8:[5389c291-9dbf-4ff3-95a2-a367bd79a92b:192.168.34.63:45480] returns group-E247BBAD1DD8:java.util.concurrent.CompletableFuture@218735d2[Not completed]
2019-10-21 06:03:13,158 [pool-47-thread-1] INFO  impl.RaftServerImpl (RaftServerImpl.java:<init>(98)) - 5389c291-9dbf-4ff3-95a2-a367bd79a92b: new RaftServerImpl for group-E247BBAD1DD8:[5389c291-9dbf-4ff3-95a2-a367bd79a92b:192.168.34.63:45480] with ContainerStateMachine:uninitialized
2019-10-21 06:03:13,159 [pool-47-thread-1] INFO  server.RaftServerConfigKeys (ConfUtils.java:logGet(43)) - raft.server.rpc.timeout.min = 5s (custom)
2019-10-21 06:03:13,160 [pool-47-thread-1] INFO  server.RaftServerConfigKeys (ConfUtils.java:logGet(43)) - raft.server.rpc.timeout.max = 5200ms (custom)
2019-10-21 06:03:13,160 [pool-47-thread-1] INFO  server.RaftServerConfigKeys (ConfUtils.java:logGet(43)) - raft.server.rpcslowness.timeout = 1000s (custom)
2019-10-21 06:03:13,160 [pool-47-thread-1] INFO  server.RaftServerConfigKeys (ConfUtils.java:logGet(43)) - raft.server.sleep.deviation.threshold = 300 (default)
2019-10-21 06:03:13,160 [pool-47-thread-1] INFO  server.RaftServerConfigKeys (ConfUtils.java:logGet(43)) - raft.server.log.appender.install.snapshot.enabled = false (custom)
2019-10-21 06:03:13,161 [pool-47-thread-1] INFO  impl.RaftServerImpl (ServerState.java:<init>(103)) - 5389c291-9dbf-4ff3-95a2-a367bd79a92b@group-E247BBAD1DD8: ConfigurationManager, init=-1: [5389c291-9dbf-4ff3-95a2-a367bd79a92b:192.168.34.63:45480], old=null, confs=<EMPTY_MAP>
2019-10-21 06:03:13,161 [pool-47-thread-1] INFO  server.RaftServerConfigKeys (ConfUtils.java:logGet(43)) - raft.server.storage.dir = [/workdir/hadoop-ozone/integration-test/target/test-dir/MiniOzoneClusterImpl-57da642c-82d6-499f-aa71-47bf78ddd986/datanode-2/data/ratis] (custom)
2019-10-21 06:03:13,162 [pool-47-thread-1] INFO  server.RaftServerConfigKeys (ConfUtils.java:logGet(43)) - raft.server.log.corruption.policy = EXCEPTION (default)
2019-10-21 06:03:13,162 [pool-47-thread-1] INFO  storage.RaftStorageDirectory (RaftStorageDirectory.java:analyzeStorage(246)) - The storage directory /workdir/hadoop-ozone/integration-test/target/test-dir/MiniOzoneClusterImpl-57da642c-82d6-499f-aa71-47bf78ddd986/datanode-2/data/ratis/8bfe27db-0fb3-48c7-a189-e247bbad1dd8 does not exist. Creating ...
2019-10-21 06:03:13,176 [pool-47-thread-1] INFO  storage.RaftStorageDirectory (RaftStorageDirectory.java:tryLock(328)) - Lock on /workdir/hadoop-ozone/integration-test/target/test-dir/MiniOzoneClusterImpl-57da642c-82d6-499f-aa71-47bf78ddd986/datanode-2/data/ratis/8bfe27db-0fb3-48c7-a189-e247bbad1dd8/in_use.lock acquired by nodename 22508@pr-hdds-1868-wsm2n-11235469
2019-10-21 06:03:13,189 [pool-47-thread-1] INFO  storage.RaftStorage (RaftStorage.java:format(84)) - Storage directory /workdir/hadoop-ozone/integration-test/target/test-dir/MiniOzoneClusterImpl-57da642c-82d6-499f-aa71-47bf78ddd986/datanode-2/data/ratis/8bfe27db-0fb3-48c7-a189-e247bbad1dd8 has been successfully formatted.
2019-10-21 06:03:13,192 [pool-47-thread-1] INFO  ratis.ContainerStateMachine (ContainerStateMachine.java:loadSnapshot(233)) - group-E247BBAD1DD8: The snapshot info is null. Setting the last applied indexto:(t:0, i:~)
2019-10-21 06:03:13,193 [pool-47-thread-1] INFO  server.RaftServerConfigKeys (ConfUtils.java:logGet(43)) - raft.server.notification.no-leader.timeout = 1000s (custom)
2019-10-21 06:03:13,193 [pool-47-thread-1] INFO  server.RaftServerConfigKeys (ConfUtils.java:logGet(43)) - raft.server.log.use.memory = false (default)
2019-10-21 06:03:13,194 [pool-47-thread-1] INFO  server.RaftServerConfigKeys (ConfUtils.java:logGet(43)) - raft.server.log.purge.gap = 1000000 (custom)
2019-10-21 06:03:13,194 [pool-47-thread-1] INFO  server.RaftServerConfigKeys (ConfUtils.java:logGet(43)) - raft.server.log.appender.buffer.byte-limit = 33554432 (custom)
2019-10-21 06:03:13,194 [pool-47-thread-1] INFO  server.RaftServerConfigKeys (ConfUtils.java:logGet(43)) - raft.server.log.segment.size.max = 1048576 (custom)
2019-10-21 06:03:13,195 [pool-47-thread-1] WARN  impl.MetricRegistriesImpl (MetricRegistriesImpl.java:lambda$create$1(61)) - First MetricRegistry has been created without registering reporters. You may need to call MetricRegistries.global().addReportRegistration(...) before.
2019-10-21 06:03:13,196 [pool-47-thread-1] INFO  server.RaftServerConfigKeys (ConfUtils.java:logGet(43)) - raft.server.log.segment.cache.num.max = 2 (custom)
2019-10-21 06:03:13,196 [pool-47-thread-1] INFO  segmented.SegmentedRaftLogWorker (SegmentedRaftLogWorker.java:<init>(173)) - new 5389c291-9dbf-4ff3-95a2-a367bd79a92b@group-E247BBAD1DD8-SegmentedRaftLogWorker for RaftStorage:Storage Directory /workdir/hadoop-ozone/integration-test/target/test-dir/MiniOzoneClusterImpl-57da642c-82d6-499f-aa71-47bf78ddd986/datanode-2/data/ratis/8bfe27db-0fb3-48c7-a189-e247bbad1dd8
2019-10-21 06:03:13,197 [pool-47-thread-1] INFO  server.RaftServerConfigKeys (ConfUtils.java:logGet(43)) - raft.server.log.queue.byte-limit = 2147483647 (custom)
2019-10-21 06:03:13,197 [pool-47-thread-1] INFO  server.RaftServerConfigKeys (ConfUtils.java:logGet(43)) - raft.server.log.queue.element-limit = 1024 (custom)
2019-10-21 06:03:13,197 [pool-47-thread-1] INFO  server.RaftServerConfigKeys (ConfUtils.java:logGet(43)) - raft.server.log.segment.size.max = 1048576 (custom)
2019-10-21 06:03:13,198 [pool-47-thread-1] INFO  server.RaftServerConfigKeys (ConfUtils.java:logGet(43)) - raft.server.log.preallocated.size = 16384 (custom)
2019-10-21 06:03:13,198 [pool-47-thread-1] INFO  server.RaftServerConfigKeys (ConfUtils.java:logGet(43)) - raft.server.log.write.buffer.size = 33554432 (custom)
2019-10-21 06:03:13,198 [pool-47-thread-1] INFO  server.RaftServerConfigKeys (ConfUtils.java:logGet(43)) - raft.server.log.force.sync.num = 128 (default)
2019-10-21 06:03:13,198 [pool-47-thread-1] INFO  server.RaftServerConfigKeys (ConfUtils.java:logGet(43)) - raft.server.log.statemachine.data.sync = true (default)
2019-10-21 06:03:13,198 [pool-47-thread-1] INFO  server.RaftServerConfigKeys (ConfUtils.java:logGet(43)) - raft.server.log.statemachine.data.sync.timeout = 10s (default)
2019-10-21 06:03:13,199 [pool-47-thread-1] INFO  server.RaftServerConfigKeys (ConfUtils.java:logGet(43)) - raft.server.log.statemachine.data.sync.timeout.retry = -1 (default)
2019-10-21 06:03:13,199 [pool-47-thread-1] INFO  server.RaftServerConfigKeys (ConfUtils.java:logGet(43)) - raft.server.log.statemachine.data.caching.enabled = true (custom)
2019-10-21 06:03:13,200 [pool-47-thread-1] INFO  segmented.SegmentedRaftLogWorker (SegmentedRaftLogWorker.java:lambda$new$0(128)) - 5389c291-9dbf-4ff3-95a2-a367bd79a92b@group-E247BBAD1DD8-SegmentedRaftLogWorker: flushIndex: setUnconditionally 0 -> -1
2019-10-21 06:03:13,201 [pool-47-thread-1] INFO  server.RaftServerConfigKeys (ConfUtils.java:logGet(43)) - raft.server.snapshot.auto.trigger.enabled = true (custom)
2019-10-21 06:03:13,201 [pool-47-thread-1] INFO  server.RaftServerConfigKeys (ConfUtils.java:logGet(43)) - raft.server.snapshot.auto.trigger.threshold = 10000 (custom)
2019-10-21 06:03:13,201 [pool-47-thread-1] INFO  server.RaftServerConfigKeys (ConfUtils.java:logGet(43)) - raft.server.snapshot.retention.file.num = 5 (custom)
2019-10-21 06:03:13,201 [pool-47-thread-1] INFO  server.RaftServerConfigKeys (ConfUtils.java:logGet(43)) - raft.server.retrycache.expirytime = 600000ms (custom)
2019-10-21 06:03:13,202 [pool-47-thread-1] WARN  impl.MetricRegistriesImpl (MetricRegistriesImpl.java:lambda$create$1(61)) - First MetricRegistry has been created without registering reporters. You may need to call MetricRegistries.global().addReportRegistration(...) before.
2019-10-21 06:03:13,202 [pool-47-thread-1] WARN  impl.MetricRegistriesImpl (MetricRegistriesImpl.java:lambda$create$1(61)) - First MetricRegistry has been created without registering reporters. You may need to call MetricRegistries.global().addReportRegistration(...) before.
2019-10-21 06:03:13,202 [pool-47-thread-1] INFO  impl.RaftServerImpl (RaftServerImpl.java:start(184)) - 5389c291-9dbf-4ff3-95a2-a367bd79a92b@group-E247BBAD1DD8: start as a follower, conf=-1: [5389c291-9dbf-4ff3-95a2-a367bd79a92b:192.168.34.63:45480], old=null
2019-10-21 06:03:13,203 [pool-47-thread-1] INFO  impl.RaftServerImpl (RaftServerImpl.java:setRole(173)) - 5389c291-9dbf-4ff3-95a2-a367bd79a92b@group-E247BBAD1DD8: changes role from      null to FOLLOWER at term 0 for startAsFollower
2019-10-21 06:03:13,203 [pool-47-thread-1] INFO  impl.RoleInfo (RoleInfo.java:updateAndGet(143)) - 5389c291-9dbf-4ff3-95a2-a367bd79a92b: start FollowerState
2019-10-21 06:03:13,205 [pool-47-thread-1] INFO  util.JmxRegister (JmxRegister.java:tryRegister(44)) - Successfully registered JMX Bean with object name Ratis:service=RaftServer,group=group-E247BBAD1DD8,id=5389c291-9dbf-4ff3-95a2-a367bd79a92b
2019-10-21 06:03:13,206 [pool-47-thread-1] WARN  impl.MetricRegistriesImpl (MetricRegistriesImpl.java:lambda$create$1(61)) - First MetricRegistry has been created without registering reporters. You may need to call MetricRegistries.global().addReportRegistration(...) before.
2019-10-21 06:03:13,223 [RatisPipelineUtilsThread] INFO  pipeline.PipelineStateManager (PipelineStateManager.java:addPipeline(55)) - Created pipeline Pipeline[ Id: 8bfe27db-0fb3-48c7-a189-e247bbad1dd8, Nodes: 5389c291-9dbf-4ff3-95a2-a367bd79a92b{ip: 192.168.34.63, host: pr-hdds-1868-wsm2n-11235469, networkLocation: /default-rack, certSerialId: null}, Type:RATIS, Factor:ONE, State:ALLOCATED]
2019-10-21 06:03:13,244 [grpc-default-executor-0] INFO  impl.RaftServerProxy (RaftServerProxy.java:addNew(89)) - a588f1ac-0e88-414d-9361-c050928a17f1: addNew group-85828D3FE327:[a588f1ac-0e88-414d-9361-c050928a17f1:192.168.34.63:38160] returns group-85828D3FE327:java.util.concurrent.CompletableFuture@40bf9a71[Not completed]
2019-10-21 06:03:13,262 [pool-37-thread-1] INFO  impl.RaftServerImpl (RaftServerImpl.java:<init>(98)) - a588f1ac-0e88-414d-9361-c050928a17f1: new RaftServerImpl for group-85828D3FE327:[a588f1ac-0e88-414d-9361-c050928a17f1:192.168.34.63:38160] with ContainerStateMachine:uninitialized
2019-10-21 06:03:13,263 [pool-37-thread-1] INFO  server.RaftServerConfigKeys (ConfUtils.java:logGet(43)) - raft.server.rpc.timeout.min = 5s (custom)
2019-10-21 06:03:13,264 [pool-37-thread-1] INFO  server.RaftServerConfigKeys (ConfUtils.java:logGet(43)) - raft.server.rpc.timeout.max = 5200ms (custom)
2019-10-21 06:03:13,264 [pool-37-thread-1] INFO  server.RaftServerConfigKeys (ConfUtils.java:logGet(43)) - raft.server.rpcslowness.timeout = 1000s (custom)
2019-10-21 06:03:13,264 [pool-37-thread-1] INFO  server.RaftServerConfigKeys (ConfUtils.java:logGet(43)) - raft.server.sleep.deviation.threshold = 300 (default)
2019-10-21 06:03:13,264 [pool-37-thread-1] INFO  server.RaftServerConfigKeys (ConfUtils.java:logGet(43)) - raft.server.log.appender.install.snapshot.enabled = false (custom)
2019-10-21 06:03:13,264 [pool-37-thread-1] INFO  impl.RaftServerImpl (ServerState.java:<init>(103)) - a588f1ac-0e88-414d-9361-c050928a17f1@group-85828D3FE327: ConfigurationManager, init=-1: [a588f1ac-0e88-414d-9361-c050928a17f1:192.168.34.63:38160], old=null, confs=<EMPTY_MAP>
2019-10-21 06:03:13,265 [pool-37-thread-1] INFO  server.RaftServerConfigKeys (ConfUtils.java:logGet(43)) - raft.server.storage.dir = [/workdir/hadoop-ozone/integration-test/target/test-dir/MiniOzoneClusterImpl-57da642c-82d6-499f-aa71-47bf78ddd986/datanode-1/data/ratis] (custom)
2019-10-21 06:03:13,265 [pool-37-thread-1] INFO  server.RaftServerConfigKeys (ConfUtils.java:logGet(43)) - raft.server.log.corruption.policy = EXCEPTION (default)
2019-10-21 06:03:13,265 [pool-37-thread-1] INFO  storage.RaftStorageDirectory (RaftStorageDirectory.java:analyzeStorage(246)) - The storage directory /workdir/hadoop-ozone/integration-test/target/test-dir/MiniOzoneClusterImpl-57da642c-82d6-499f-aa71-47bf78ddd986/datanode-1/data/ratis/99610bc7-8307-43be-a837-85828d3fe327 does not exist. Creating ...
2019-10-21 06:03:13,278 [pool-37-thread-1] INFO  storage.RaftStorageDirectory (RaftStorageDirectory.java:tryLock(328)) - Lock on /workdir/hadoop-ozone/integration-test/target/test-dir/MiniOzoneClusterImpl-57da642c-82d6-499f-aa71-47bf78ddd986/datanode-1/data/ratis/99610bc7-8307-43be-a837-85828d3fe327/in_use.lock acquired by nodename 22508@pr-hdds-1868-wsm2n-11235469
2019-10-21 06:03:13,292 [pool-37-thread-1] INFO  storage.RaftStorage (RaftStorage.java:format(84)) - Storage directory /workdir/hadoop-ozone/integration-test/target/test-dir/MiniOzoneClusterImpl-57da642c-82d6-499f-aa71-47bf78ddd986/datanode-1/data/ratis/99610bc7-8307-43be-a837-85828d3fe327 has been successfully formatted.
2019-10-21 06:03:13,292 [pool-37-thread-1] INFO  ratis.ContainerStateMachine (ContainerStateMachine.java:loadSnapshot(233)) - group-85828D3FE327: The snapshot info is null. Setting the last applied indexto:(t:0, i:~)
2019-10-21 06:03:13,292 [pool-37-thread-1] INFO  server.RaftServerConfigKeys (ConfUtils.java:logGet(43)) - raft.server.notification.no-leader.timeout = 1000s (custom)
2019-10-21 06:03:13,292 [pool-37-thread-1] INFO  server.RaftServerConfigKeys (ConfUtils.java:logGet(43)) - raft.server.log.use.memory = false (default)
2019-10-21 06:03:13,293 [pool-37-thread-1] INFO  server.RaftServerConfigKeys (ConfUtils.java:logGet(43)) - raft.server.log.purge.gap = 1000000 (custom)
2019-10-21 06:03:13,293 [pool-37-thread-1] INFO  server.RaftServerConfigKeys (ConfUtils.java:logGet(43)) - raft.server.log.appender.buffer.byte-limit = 33554432 (custom)
2019-10-21 06:03:13,293 [pool-37-thread-1] INFO  server.RaftServerConfigKeys (ConfUtils.java:logGet(43)) - raft.server.log.segment.size.max = 1048576 (custom)
2019-10-21 06:03:13,293 [pool-37-thread-1] WARN  impl.MetricRegistriesImpl (MetricRegistriesImpl.java:lambda$create$1(61)) - First MetricRegistry has been created without registering reporters. You may need to call MetricRegistries.global().addReportRegistration(...) before.
2019-10-21 06:03:13,293 [pool-37-thread-1] INFO  server.RaftServerConfigKeys (ConfUtils.java:logGet(43)) - raft.server.log.segment.cache.num.max = 2 (custom)
2019-10-21 06:03:13,293 [pool-37-thread-1] INFO  segmented.SegmentedRaftLogWorker (SegmentedRaftLogWorker.java:<init>(173)) - new a588f1ac-0e88-414d-9361-c050928a17f1@group-85828D3FE327-SegmentedRaftLogWorker for RaftStorage:Storage Directory /workdir/hadoop-ozone/integration-test/target/test-dir/MiniOzoneClusterImpl-57da642c-82d6-499f-aa71-47bf78ddd986/datanode-1/data/ratis/99610bc7-8307-43be-a837-85828d3fe327
2019-10-21 06:03:13,294 [pool-37-thread-1] INFO  server.RaftServerConfigKeys (ConfUtils.java:logGet(43)) - raft.server.log.queue.byte-limit = 2147483647 (custom)
2019-10-21 06:03:13,294 [pool-37-thread-1] INFO  server.RaftServerConfigKeys (ConfUtils.java:logGet(43)) - raft.server.log.queue.element-limit = 1024 (custom)
2019-10-21 06:03:13,294 [pool-37-thread-1] INFO  server.RaftServerConfigKeys (ConfUtils.java:logGet(43)) - raft.server.log.segment.size.max = 1048576 (custom)
2019-10-21 06:03:13,294 [pool-37-thread-1] INFO  server.RaftServerConfigKeys (ConfUtils.java:logGet(43)) - raft.server.log.preallocated.size = 16384 (custom)
2019-10-21 06:03:13,294 [pool-37-thread-1] INFO  server.RaftServerConfigKeys (ConfUtils.java:logGet(43)) - raft.server.log.write.buffer.size = 33554432 (custom)
2019-10-21 06:03:13,294 [pool-37-thread-1] INFO  server.RaftServerConfigKeys (ConfUtils.java:logGet(43)) - raft.server.log.force.sync.num = 128 (default)
2019-10-21 06:03:13,295 [pool-37-thread-1] INFO  server.RaftServerConfigKeys (ConfUtils.java:logGet(43)) - raft.server.log.statemachine.data.sync = true (default)
2019-10-21 06:03:13,295 [pool-37-thread-1] INFO  server.RaftServerConfigKeys (ConfUtils.java:logGet(43)) - raft.server.log.statemachine.data.sync.timeout = 10s (default)
2019-10-21 06:03:13,295 [pool-37-thread-1] INFO  server.RaftServerConfigKeys (ConfUtils.java:logGet(43)) - raft.server.log.statemachine.data.sync.timeout.retry = -1 (default)
2019-10-21 06:03:13,295 [pool-37-thread-1] INFO  server.RaftServerConfigKeys (ConfUtils.java:logGet(43)) - raft.server.log.statemachine.data.caching.enabled = true (custom)
2019-10-21 06:03:13,296 [pool-37-thread-1] INFO  segmented.SegmentedRaftLogWorker (SegmentedRaftLogWorker.java:lambda$new$0(128)) - a588f1ac-0e88-414d-9361-c050928a17f1@group-85828D3FE327-SegmentedRaftLogWorker: flushIndex: setUnconditionally 0 -> -1
2019-10-21 06:03:13,296 [pool-37-thread-1] INFO  server.RaftServerConfigKeys (ConfUtils.java:logGet(43)) - raft.server.snapshot.auto.trigger.enabled = true (custom)
2019-10-21 06:03:13,296 [pool-37-thread-1] INFO  server.RaftServerConfigKeys (ConfUtils.java:logGet(43)) - raft.server.snapshot.auto.trigger.threshold = 10000 (custom)
2019-10-21 06:03:13,297 [pool-37-thread-1] INFO  server.RaftServerConfigKeys (ConfUtils.java:logGet(43)) - raft.server.snapshot.retention.file.num = 5 (custom)
2019-10-21 06:03:13,297 [pool-37-thread-1] INFO  server.RaftServerConfigKeys (ConfUtils.java:logGet(43)) - raft.server.retrycache.expirytime = 600000ms (custom)
2019-10-21 06:03:13,297 [pool-37-thread-1] WARN  impl.MetricRegistriesImpl (MetricRegistriesImpl.java:lambda$create$1(61)) - First MetricRegistry has been created without registering reporters. You may need to call MetricRegistries.global().addReportRegistration(...) before.
2019-10-21 06:03:13,297 [pool-37-thread-1] WARN  impl.MetricRegistriesImpl (MetricRegistriesImpl.java:lambda$create$1(61)) - First MetricRegistry has been created without registering reporters. You may need to call MetricRegistries.global().addReportRegistration(...) before.
2019-10-21 06:03:13,298 [pool-37-thread-1] INFO  impl.RaftServerImpl (RaftServerImpl.java:start(184)) - a588f1ac-0e88-414d-9361-c050928a17f1@group-85828D3FE327: start as a follower, conf=-1: [a588f1ac-0e88-414d-9361-c050928a17f1:192.168.34.63:38160], old=null
2019-10-21 06:03:13,298 [pool-37-thread-1] INFO  impl.RaftServerImpl (RaftServerImpl.java:setRole(173)) - a588f1ac-0e88-414d-9361-c050928a17f1@group-85828D3FE327: changes role from      null to FOLLOWER at term 0 for startAsFollower
2019-10-21 06:03:13,298 [pool-37-thread-1] INFO  impl.RoleInfo (RoleInfo.java:updateAndGet(143)) - a588f1ac-0e88-414d-9361-c050928a17f1: start FollowerState
2019-10-21 06:03:13,299 [pool-37-thread-1] INFO  util.JmxRegister (JmxRegister.java:tryRegister(44)) - Successfully registered JMX Bean with object name Ratis:service=RaftServer,group=group-85828D3FE327,id=a588f1ac-0e88-414d-9361-c050928a17f1
2019-10-21 06:03:13,299 [pool-37-thread-1] WARN  impl.MetricRegistriesImpl (MetricRegistriesImpl.java:lambda$create$1(61)) - First MetricRegistry has been created without registering reporters. You may need to call MetricRegistries.global().addReportRegistration(...) before.
2019-10-21 06:03:13,310 [RatisPipelineUtilsThread] INFO  pipeline.PipelineStateManager (PipelineStateManager.java:addPipeline(55)) - Created pipeline Pipeline[ Id: 99610bc7-8307-43be-a837-85828d3fe327, Nodes: a588f1ac-0e88-414d-9361-c050928a17f1{ip: 192.168.34.63, host: pr-hdds-1868-wsm2n-11235469, networkLocation: /default-rack, certSerialId: null}, Type:RATIS, Factor:ONE, State:ALLOCATED]
2019-10-21 06:03:13,343 [grpc-default-executor-2] INFO  impl.RaftServerProxy (RaftServerProxy.java:addNew(89)) - 5389c291-9dbf-4ff3-95a2-a367bd79a92b: addNew group-C4B2929464DD:[2de534ac-c407-4ec5-ab68-e4d0e1b50d95:192.168.34.63:40946, 5389c291-9dbf-4ff3-95a2-a367bd79a92b:192.168.34.63:45480, a588f1ac-0e88-414d-9361-c050928a17f1:192.168.34.63:38160] returns group-C4B2929464DD:java.util.concurrent.CompletableFuture@370146c8[Not completed]
2019-10-21 06:03:13,347 [grpc-default-executor-2] INFO  impl.RaftServerProxy (RaftServerProxy.java:addNew(89)) - 2de534ac-c407-4ec5-ab68-e4d0e1b50d95: addNew group-C4B2929464DD:[2de534ac-c407-4ec5-ab68-e4d0e1b50d95:192.168.34.63:40946, 5389c291-9dbf-4ff3-95a2-a367bd79a92b:192.168.34.63:45480, a588f1ac-0e88-414d-9361-c050928a17f1:192.168.34.63:38160] returns group-C4B2929464DD:java.util.concurrent.CompletableFuture@763c4cf3[Not completed]
2019-10-21 06:03:13,348 [pool-47-thread-1] INFO  impl.RaftServerImpl (RaftServerImpl.java:<init>(98)) - 5389c291-9dbf-4ff3-95a2-a367bd79a92b: new RaftServerImpl for group-C4B2929464DD:[2de534ac-c407-4ec5-ab68-e4d0e1b50d95:192.168.34.63:40946, 5389c291-9dbf-4ff3-95a2-a367bd79a92b:192.168.34.63:45480, a588f1ac-0e88-414d-9361-c050928a17f1:192.168.34.63:38160] with ContainerStateMachine:uninitialized
2019-10-21 06:03:13,348 [pool-47-thread-1] INFO  server.RaftServerConfigKeys (ConfUtils.java:logGet(43)) - raft.server.rpc.timeout.min = 5s (custom)
2019-10-21 06:03:13,349 [grpc-default-executor-2] INFO  impl.RaftServerProxy (RaftServerProxy.java:addNew(89)) - a588f1ac-0e88-414d-9361-c050928a17f1: addNew group-C4B2929464DD:[2de534ac-c407-4ec5-ab68-e4d0e1b50d95:192.168.34.63:40946, 5389c291-9dbf-4ff3-95a2-a367bd79a92b:192.168.34.63:45480, a588f1ac-0e88-414d-9361-c050928a17f1:192.168.34.63:38160] returns group-C4B2929464DD:java.util.concurrent.CompletableFuture@7a0ad70b[Not completed]
2019-10-21 06:03:13,349 [pool-47-thread-1] INFO  server.RaftServerConfigKeys (ConfUtils.java:logGet(43)) - raft.server.rpc.timeout.max = 5200ms (custom)
2019-10-21 06:03:13,349 [pool-47-thread-1] INFO  server.RaftServerConfigKeys (ConfUtils.java:logGet(43)) - raft.server.rpcslowness.timeout = 1000s (custom)
2019-10-21 06:03:13,349 [pool-47-thread-1] INFO  server.RaftServerConfigKeys (ConfUtils.java:logGet(43)) - raft.server.sleep.deviation.threshold = 300 (default)
2019-10-21 06:03:13,350 [pool-47-thread-1] INFO  server.RaftServerConfigKeys (ConfUtils.java:logGet(43)) - raft.server.log.appender.install.snapshot.enabled = false (custom)
2019-10-21 06:03:13,350 [pool-27-thread-1] INFO  impl.RaftServerImpl (RaftServerImpl.java:<init>(98)) - 2de534ac-c407-4ec5-ab68-e4d0e1b50d95: new RaftServerImpl for group-C4B2929464DD:[2de534ac-c407-4ec5-ab68-e4d0e1b50d95:192.168.34.63:40946, 5389c291-9dbf-4ff3-95a2-a367bd79a92b:192.168.34.63:45480, a588f1ac-0e88-414d-9361-c050928a17f1:192.168.34.63:38160] with ContainerStateMachine:uninitialized
2019-10-21 06:03:13,350 [pool-47-thread-1] INFO  impl.RaftServerImpl (ServerState.java:<init>(103)) - 5389c291-9dbf-4ff3-95a2-a367bd79a92b@group-C4B2929464DD: ConfigurationManager, init=-1: [2de534ac-c407-4ec5-ab68-e4d0e1b50d95:192.168.34.63:40946, 5389c291-9dbf-4ff3-95a2-a367bd79a92b:192.168.34.63:45480, a588f1ac-0e88-414d-9361-c050928a17f1:192.168.34.63:38160], old=null, confs=<EMPTY_MAP>
2019-10-21 06:03:13,350 [pool-27-thread-1] INFO  server.RaftServerConfigKeys (ConfUtils.java:logGet(43)) - raft.server.rpc.timeout.min = 5s (custom)
2019-10-21 06:03:13,350 [pool-47-thread-1] INFO  server.RaftServerConfigKeys (ConfUtils.java:logGet(43)) - raft.server.storage.dir = [/workdir/hadoop-ozone/integration-test/target/test-dir/MiniOzoneClusterImpl-57da642c-82d6-499f-aa71-47bf78ddd986/datanode-2/data/ratis] (custom)
2019-10-21 06:03:13,350 [pool-37-thread-1] INFO  impl.RaftServerImpl (RaftServerImpl.java:<init>(98)) - a588f1ac-0e88-414d-9361-c050928a17f1: new RaftServerImpl for group-C4B2929464DD:[2de534ac-c407-4ec5-ab68-e4d0e1b50d95:192.168.34.63:40946, 5389c291-9dbf-4ff3-95a2-a367bd79a92b:192.168.34.63:45480, a588f1ac-0e88-414d-9361-c050928a17f1:192.168.34.63:38160] with ContainerStateMachine:uninitialized
2019-10-21 06:03:13,350 [pool-27-thread-1] INFO  server.RaftServerConfigKeys (ConfUtils.java:logGet(43)) - raft.server.rpc.timeout.max = 5200ms (custom)
2019-10-21 06:03:13,351 [pool-37-thread-1] INFO  server.RaftServerConfigKeys (ConfUtils.java:logGet(43)) - raft.server.rpc.timeout.min = 5s (custom)
2019-10-21 06:03:13,351 [pool-27-thread-1] INFO  server.RaftServerConfigKeys (ConfUtils.java:logGet(43)) - raft.server.rpcslowness.timeout = 1000s (custom)
2019-10-21 06:03:13,351 [pool-47-thread-1] INFO  server.RaftServerConfigKeys (ConfUtils.java:logGet(43)) - raft.server.log.corruption.policy = EXCEPTION (default)
2019-10-21 06:03:13,351 [pool-27-thread-1] INFO  server.RaftServerConfigKeys (ConfUtils.java:logGet(43)) - raft.server.sleep.deviation.threshold = 300 (default)
2019-10-21 06:03:13,352 [pool-47-thread-1] INFO  storage.RaftStorageDirectory (RaftStorageDirectory.java:analyzeStorage(246)) - The storage directory /workdir/hadoop-ozone/integration-test/target/test-dir/MiniOzoneClusterImpl-57da642c-82d6-499f-aa71-47bf78ddd986/datanode-2/data/ratis/c62217e0-a1d8-4551-b861-c4b2929464dd does not exist. Creating ...
2019-10-21 06:03:13,351 [pool-37-thread-1] INFO  server.RaftServerConfigKeys (ConfUtils.java:logGet(43)) - raft.server.rpc.timeout.max = 5200ms (custom)
2019-10-21 06:03:13,352 [pool-27-thread-1] INFO  server.RaftServerConfigKeys (ConfUtils.java:logGet(43)) - raft.server.log.appender.install.snapshot.enabled = false (custom)
2019-10-21 06:03:13,352 [pool-37-thread-1] INFO  server.RaftServerConfigKeys (ConfUtils.java:logGet(43)) - raft.server.rpcslowness.timeout = 1000s (custom)
2019-10-21 06:03:13,352 [pool-27-thread-1] INFO  impl.RaftServerImpl (ServerState.java:<init>(103)) - 2de534ac-c407-4ec5-ab68-e4d0e1b50d95@group-C4B2929464DD: ConfigurationManager, init=-1: [2de534ac-c407-4ec5-ab68-e4d0e1b50d95:192.168.34.63:40946, 5389c291-9dbf-4ff3-95a2-a367bd79a92b:192.168.34.63:45480, a588f1ac-0e88-414d-9361-c050928a17f1:192.168.34.63:38160], old=null, confs=<EMPTY_MAP>
2019-10-21 06:03:13,352 [pool-37-thread-1] INFO  server.RaftServerConfigKeys (ConfUtils.java:logGet(43)) - raft.server.sleep.deviation.threshold = 300 (default)
2019-10-21 06:03:13,352 [pool-37-thread-1] INFO  server.RaftServerConfigKeys (ConfUtils.java:logGet(43)) - raft.server.log.appender.install.snapshot.enabled = false (custom)
2019-10-21 06:03:13,353 [pool-27-thread-1] INFO  server.RaftServerConfigKeys (ConfUtils.java:logGet(43)) - raft.server.storage.dir = [/workdir/hadoop-ozone/integration-test/target/test-dir/MiniOzoneClusterImpl-57da642c-82d6-499f-aa71-47bf78ddd986/datanode-0/data/ratis] (custom)
2019-10-21 06:03:13,353 [pool-37-thread-1] INFO  impl.RaftServerImpl (ServerState.java:<init>(103)) - a588f1ac-0e88-414d-9361-c050928a17f1@group-C4B2929464DD: ConfigurationManager, init=-1: [2de534ac-c407-4ec5-ab68-e4d0e1b50d95:192.168.34.63:40946, 5389c291-9dbf-4ff3-95a2-a367bd79a92b:192.168.34.63:45480, a588f1ac-0e88-414d-9361-c050928a17f1:192.168.34.63:38160], old=null, confs=<EMPTY_MAP>
2019-10-21 06:03:13,353 [pool-37-thread-1] INFO  server.RaftServerConfigKeys (ConfUtils.java:logGet(43)) - raft.server.storage.dir = [/workdir/hadoop-ozone/integration-test/target/test-dir/MiniOzoneClusterImpl-57da642c-82d6-499f-aa71-47bf78ddd986/datanode-1/data/ratis] (custom)
2019-10-21 06:03:13,353 [pool-27-thread-1] INFO  server.RaftServerConfigKeys (ConfUtils.java:logGet(43)) - raft.server.log.corruption.policy = EXCEPTION (default)
2019-10-21 06:03:13,353 [pool-37-thread-1] INFO  server.RaftServerConfigKeys (ConfUtils.java:logGet(43)) - raft.server.log.corruption.policy = EXCEPTION (default)
2019-10-21 06:03:13,353 [pool-27-thread-1] INFO  storage.RaftStorageDirectory (RaftStorageDirectory.java:analyzeStorage(246)) - The storage directory /workdir/hadoop-ozone/integration-test/target/test-dir/MiniOzoneClusterImpl-57da642c-82d6-499f-aa71-47bf78ddd986/datanode-0/data/ratis/c62217e0-a1d8-4551-b861-c4b2929464dd does not exist. Creating ...
2019-10-21 06:03:13,354 [pool-37-thread-1] INFO  storage.RaftStorageDirectory (RaftStorageDirectory.java:analyzeStorage(246)) - The storage directory /workdir/hadoop-ozone/integration-test/target/test-dir/MiniOzoneClusterImpl-57da642c-82d6-499f-aa71-47bf78ddd986/datanode-1/data/ratis/c62217e0-a1d8-4551-b861-c4b2929464dd does not exist. Creating ...
2019-10-21 06:03:13,365 [pool-27-thread-1] INFO  storage.RaftStorageDirectory (RaftStorageDirectory.java:tryLock(328)) - Lock on /workdir/hadoop-ozone/integration-test/target/test-dir/MiniOzoneClusterImpl-57da642c-82d6-499f-aa71-47bf78ddd986/datanode-0/data/ratis/c62217e0-a1d8-4551-b861-c4b2929464dd/in_use.lock acquired by nodename 22508@pr-hdds-1868-wsm2n-11235469
2019-10-21 06:03:13,365 [pool-37-thread-1] INFO  storage.RaftStorageDirectory (RaftStorageDirectory.java:tryLock(328)) - Lock on /workdir/hadoop-ozone/integration-test/target/test-dir/MiniOzoneClusterImpl-57da642c-82d6-499f-aa71-47bf78ddd986/datanode-1/data/ratis/c62217e0-a1d8-4551-b861-c4b2929464dd/in_use.lock acquired by nodename 22508@pr-hdds-1868-wsm2n-11235469
2019-10-21 06:03:13,365 [pool-47-thread-1] INFO  storage.RaftStorageDirectory (RaftStorageDirectory.java:tryLock(328)) - Lock on /workdir/hadoop-ozone/integration-test/target/test-dir/MiniOzoneClusterImpl-57da642c-82d6-499f-aa71-47bf78ddd986/datanode-2/data/ratis/c62217e0-a1d8-4551-b861-c4b2929464dd/in_use.lock acquired by nodename 22508@pr-hdds-1868-wsm2n-11235469
2019-10-21 06:03:13,379 [pool-47-thread-1] INFO  storage.RaftStorage (RaftStorage.java:format(84)) - Storage directory /workdir/hadoop-ozone/integration-test/target/test-dir/MiniOzoneClusterImpl-57da642c-82d6-499f-aa71-47bf78ddd986/datanode-2/data/ratis/c62217e0-a1d8-4551-b861-c4b2929464dd has been successfully formatted.
2019-10-21 06:03:13,379 [pool-27-thread-1] INFO  storage.RaftStorage (RaftStorage.java:format(84)) - Storage directory /workdir/hadoop-ozone/integration-test/target/test-dir/MiniOzoneClusterImpl-57da642c-82d6-499f-aa71-47bf78ddd986/datanode-0/data/ratis/c62217e0-a1d8-4551-b861-c4b2929464dd has been successfully formatted.
2019-10-21 06:03:13,379 [pool-37-thread-1] INFO  storage.RaftStorage (RaftStorage.java:format(84)) - Storage directory /workdir/hadoop-ozone/integration-test/target/test-dir/MiniOzoneClusterImpl-57da642c-82d6-499f-aa71-47bf78ddd986/datanode-1/data/ratis/c62217e0-a1d8-4551-b861-c4b2929464dd has been successfully formatted.
2019-10-21 06:03:13,380 [pool-47-thread-1] INFO  ratis.ContainerStateMachine (ContainerStateMachine.java:loadSnapshot(233)) - group-C4B2929464DD: The snapshot info is null. Setting the last applied indexto:(t:0, i:~)
2019-10-21 06:03:13,380 [pool-27-thread-1] INFO  ratis.ContainerStateMachine (ContainerStateMachine.java:loadSnapshot(233)) - group-C4B2929464DD: The snapshot info is null. Setting the last applied indexto:(t:0, i:~)
2019-10-21 06:03:13,380 [pool-37-thread-1] INFO  ratis.ContainerStateMachine (ContainerStateMachine.java:loadSnapshot(233)) - group-C4B2929464DD: The snapshot info is null. Setting the last applied indexto:(t:0, i:~)
2019-10-21 06:03:13,380 [pool-47-thread-1] INFO  server.RaftServerConfigKeys (ConfUtils.java:logGet(43)) - raft.server.notification.no-leader.timeout = 1000s (custom)
2019-10-21 06:03:13,381 [pool-37-thread-1] INFO  server.RaftServerConfigKeys (ConfUtils.java:logGet(43)) - raft.server.notification.no-leader.timeout = 1000s (custom)
2019-10-21 06:03:13,380 [pool-27-thread-1] INFO  server.RaftServerConfigKeys (ConfUtils.java:logGet(43)) - raft.server.notification.no-leader.timeout = 1000s (custom)
2019-10-21 06:03:13,381 [pool-37-thread-1] INFO  server.RaftServerConfigKeys (ConfUtils.java:logGet(43)) - raft.server.log.use.memory = false (default)
2019-10-21 06:03:13,381 [pool-47-thread-1] INFO  server.RaftServerConfigKeys (ConfUtils.java:logGet(43)) - raft.server.log.use.memory = false (default)
2019-10-21 06:03:13,381 [pool-37-thread-1] INFO  server.RaftServerConfigKeys (ConfUtils.java:logGet(43)) - raft.server.log.purge.gap = 1000000 (custom)
2019-10-21 06:03:13,381 [pool-27-thread-1] INFO  server.RaftServerConfigKeys (ConfUtils.java:logGet(43)) - raft.server.log.use.memory = false (default)
2019-10-21 06:03:13,381 [pool-37-thread-1] INFO  server.RaftServerConfigKeys (ConfUtils.java:logGet(43)) - raft.server.log.appender.buffer.byte-limit = 33554432 (custom)
2019-10-21 06:03:13,381 [pool-47-thread-1] INFO  server.RaftServerConfigKeys (ConfUtils.java:logGet(43)) - raft.server.log.purge.gap = 1000000 (custom)
2019-10-21 06:03:13,382 [pool-37-thread-1] INFO  server.RaftServerConfigKeys (ConfUtils.java:logGet(43)) - raft.server.log.segment.size.max = 1048576 (custom)
2019-10-21 06:03:13,382 [pool-27-thread-1] INFO  server.RaftServerConfigKeys (ConfUtils.java:logGet(43)) - raft.server.log.purge.gap = 1000000 (custom)
2019-10-21 06:03:13,382 [pool-37-thread-1] INFO  server.RaftServerConfigKeys (ConfUtils.java:logGet(43)) - raft.server.log.segment.cache.num.max = 2 (custom)
2019-10-21 06:03:13,382 [pool-27-thread-1] INFO  server.RaftServerConfigKeys (ConfUtils.java:logGet(43)) - raft.server.log.appender.buffer.byte-limit = 33554432 (custom)
2019-10-21 06:03:13,382 [pool-47-thread-1] INFO  server.RaftServerConfigKeys (ConfUtils.java:logGet(43)) - raft.server.log.appender.buffer.byte-limit = 33554432 (custom)
2019-10-21 06:03:13,382 [pool-27-thread-1] INFO  server.RaftServerConfigKeys (ConfUtils.java:logGet(43)) - raft.server.log.segment.size.max = 1048576 (custom)
2019-10-21 06:03:13,382 [pool-37-thread-1] INFO  segmented.SegmentedRaftLogWorker (SegmentedRaftLogWorker.java:<init>(173)) - new a588f1ac-0e88-414d-9361-c050928a17f1@group-C4B2929464DD-SegmentedRaftLogWorker for RaftStorage:Storage Directory /workdir/hadoop-ozone/integration-test/target/test-dir/MiniOzoneClusterImpl-57da642c-82d6-499f-aa71-47bf78ddd986/datanode-1/data/ratis/c62217e0-a1d8-4551-b861-c4b2929464dd
2019-10-21 06:03:13,383 [pool-47-thread-1] INFO  server.RaftServerConfigKeys (ConfUtils.java:logGet(43)) - raft.server.log.segment.size.max = 1048576 (custom)
2019-10-21 06:03:13,383 [pool-37-thread-1] INFO  server.RaftServerConfigKeys (ConfUtils.java:logGet(43)) - raft.server.log.queue.byte-limit = 2147483647 (custom)
2019-10-21 06:03:13,383 [pool-27-thread-1] INFO  server.RaftServerConfigKeys (ConfUtils.java:logGet(43)) - raft.server.log.segment.cache.num.max = 2 (custom)
2019-10-21 06:03:13,383 [pool-37-thread-1] INFO  server.RaftServerConfigKeys (ConfUtils.java:logGet(43)) - raft.server.log.queue.element-limit = 1024 (custom)
2019-10-21 06:03:13,383 [pool-47-thread-1] INFO  server.RaftServerConfigKeys (ConfUtils.java:logGet(43)) - raft.server.log.segment.cache.num.max = 2 (custom)
2019-10-21 06:03:13,384 [pool-37-thread-1] INFO  server.RaftServerConfigKeys (ConfUtils.java:logGet(43)) - raft.server.log.segment.size.max = 1048576 (custom)
2019-10-21 06:03:13,383 [pool-27-thread-1] INFO  segmented.SegmentedRaftLogWorker (SegmentedRaftLogWorker.java:<init>(173)) - new 2de534ac-c407-4ec5-ab68-e4d0e1b50d95@group-C4B2929464DD-SegmentedRaftLogWorker for RaftStorage:Storage Directory /workdir/hadoop-ozone/integration-test/target/test-dir/MiniOzoneClusterImpl-57da642c-82d6-499f-aa71-47bf78ddd986/datanode-0/data/ratis/c62217e0-a1d8-4551-b861-c4b2929464dd
2019-10-21 06:03:13,384 [pool-37-thread-1] INFO  server.RaftServerConfigKeys (ConfUtils.java:logGet(43)) - raft.server.log.preallocated.size = 16384 (custom)
2019-10-21 06:03:13,384 [pool-47-thread-1] INFO  segmented.SegmentedRaftLogWorker (SegmentedRaftLogWorker.java:<init>(173)) - new 5389c291-9dbf-4ff3-95a2-a367bd79a92b@group-C4B2929464DD-SegmentedRaftLogWorker for RaftStorage:Storage Directory /workdir/hadoop-ozone/integration-test/target/test-dir/MiniOzoneClusterImpl-57da642c-82d6-499f-aa71-47bf78ddd986/datanode-2/data/ratis/c62217e0-a1d8-4551-b861-c4b2929464dd
2019-10-21 06:03:13,384 [pool-37-thread-1] INFO  server.RaftServerConfigKeys (ConfUtils.java:logGet(43)) - raft.server.log.write.buffer.size = 33554432 (custom)
2019-10-21 06:03:13,384 [pool-27-thread-1] INFO  server.RaftServerConfigKeys (ConfUtils.java:logGet(43)) - raft.server.log.queue.byte-limit = 2147483647 (custom)
2019-10-21 06:03:13,384 [pool-37-thread-1] INFO  server.RaftServerConfigKeys (ConfUtils.java:logGet(43)) - raft.server.log.force.sync.num = 128 (default)
2019-10-21 06:03:13,384 [pool-47-thread-1] INFO  server.RaftServerConfigKeys (ConfUtils.java:logGet(43)) - raft.server.log.queue.byte-limit = 2147483647 (custom)
2019-10-21 06:03:13,385 [pool-37-thread-1] INFO  server.RaftServerConfigKeys (ConfUtils.java:logGet(43)) - raft.server.log.statemachine.data.sync = true (default)
2019-10-21 06:03:13,385 [pool-27-thread-1] INFO  server.RaftServerConfigKeys (ConfUtils.java:logGet(43)) - raft.server.log.queue.element-limit = 1024 (custom)
2019-10-21 06:03:13,385 [pool-37-thread-1] INFO  server.RaftServerConfigKeys (ConfUtils.java:logGet(43)) - raft.server.log.statemachine.data.sync.timeout = 10s (default)
2019-10-21 06:03:13,385 [pool-47-thread-1] INFO  server.RaftServerConfigKeys (ConfUtils.java:logGet(43)) - raft.server.log.queue.element-limit = 1024 (custom)
2019-10-21 06:03:13,385 [pool-37-thread-1] INFO  server.RaftServerConfigKeys (ConfUtils.java:logGet(43)) - raft.server.log.statemachine.data.sync.timeout.retry = -1 (default)
2019-10-21 06:03:13,385 [pool-27-thread-1] INFO  server.RaftServerConfigKeys (ConfUtils.java:logGet(43)) - raft.server.log.segment.size.max = 1048576 (custom)
2019-10-21 06:03:13,386 [pool-37-thread-1] INFO  server.RaftServerConfigKeys (ConfUtils.java:logGet(43)) - raft.server.log.statemachine.data.caching.enabled = true (custom)
2019-10-21 06:03:13,385 [pool-47-thread-1] INFO  server.RaftServerConfigKeys (ConfUtils.java:logGet(43)) - raft.server.log.segment.size.max = 1048576 (custom)
2019-10-21 06:03:13,386 [pool-27-thread-1] INFO  server.RaftServerConfigKeys (ConfUtils.java:logGet(43)) - raft.server.log.preallocated.size = 16384 (custom)
2019-10-21 06:03:13,386 [pool-37-thread-1] INFO  segmented.SegmentedRaftLogWorker (SegmentedRaftLogWorker.java:lambda$new$0(128)) - a588f1ac-0e88-414d-9361-c050928a17f1@group-C4B2929464DD-SegmentedRaftLogWorker: flushIndex: setUnconditionally 0 -> -1
2019-10-21 06:03:13,386 [pool-47-thread-1] INFO  server.RaftServerConfigKeys (ConfUtils.java:logGet(43)) - raft.server.log.preallocated.size = 16384 (custom)
2019-10-21 06:03:13,386 [pool-27-thread-1] INFO  server.RaftServerConfigKeys (ConfUtils.java:logGet(43)) - raft.server.log.write.buffer.size = 33554432 (custom)
2019-10-21 06:03:13,387 [pool-37-thread-1] INFO  server.RaftServerConfigKeys (ConfUtils.java:logGet(43)) - raft.server.snapshot.auto.trigger.enabled = true (custom)
2019-10-21 06:03:13,387 [pool-47-thread-1] INFO  server.RaftServerConfigKeys (ConfUtils.java:logGet(43)) - raft.server.log.write.buffer.size = 33554432 (custom)
2019-10-21 06:03:13,387 [pool-37-thread-1] INFO  server.RaftServerConfigKeys (ConfUtils.java:logGet(43)) - raft.server.snapshot.auto.trigger.threshold = 10000 (custom)
2019-10-21 06:03:13,387 [pool-27-thread-1] INFO  server.RaftServerConfigKeys (ConfUtils.java:logGet(43)) - raft.server.log.force.sync.num = 128 (default)
2019-10-21 06:03:13,387 [pool-37-thread-1] INFO  server.RaftServerConfigKeys (ConfUtils.java:logGet(43)) - raft.server.snapshot.retention.file.num = 5 (custom)
2019-10-21 06:03:13,387 [pool-47-thread-1] INFO  server.RaftServerConfigKeys (ConfUtils.java:logGet(43)) - raft.server.log.force.sync.num = 128 (default)
2019-10-21 06:03:13,387 [pool-37-thread-1] INFO  server.RaftServerConfigKeys (ConfUtils.java:logGet(43)) - raft.server.retrycache.expirytime = 600000ms (custom)
2019-10-21 06:03:13,387 [pool-27-thread-1] INFO  server.RaftServerConfigKeys (ConfUtils.java:logGet(43)) - raft.server.log.statemachine.data.sync = true (default)
2019-10-21 06:03:13,388 [pool-37-thread-1] WARN  impl.MetricRegistriesImpl (MetricRegistriesImpl.java:lambda$create$1(61)) - First MetricRegistry has been created without registering reporters. You may need to call MetricRegistries.global().addReportRegistration(...) before.
2019-10-21 06:03:13,388 [pool-47-thread-1] INFO  server.RaftServerConfigKeys (ConfUtils.java:logGet(43)) - raft.server.log.statemachine.data.sync = true (default)
2019-10-21 06:03:13,388 [pool-37-thread-1] WARN  impl.MetricRegistriesImpl (MetricRegistriesImpl.java:lambda$create$1(61)) - First MetricRegistry has been created without registering reporters. You may need to call MetricRegistries.global().addReportRegistration(...) before.
2019-10-21 06:03:13,388 [pool-27-thread-1] INFO  server.RaftServerConfigKeys (ConfUtils.java:logGet(43)) - raft.server.log.statemachine.data.sync.timeout = 10s (default)
2019-10-21 06:03:13,388 [pool-37-thread-1] INFO  impl.RaftServerImpl (RaftServerImpl.java:start(184)) - a588f1ac-0e88-414d-9361-c050928a17f1@group-C4B2929464DD: start as a follower, conf=-1: [2de534ac-c407-4ec5-ab68-e4d0e1b50d95:192.168.34.63:40946, 5389c291-9dbf-4ff3-95a2-a367bd79a92b:192.168.34.63:45480, a588f1ac-0e88-414d-9361-c050928a17f1:192.168.34.63:38160], old=null
2019-10-21 06:03:13,388 [pool-47-thread-1] INFO  server.RaftServerConfigKeys (ConfUtils.java:logGet(43)) - raft.server.log.statemachine.data.sync.timeout = 10s (default)
2019-10-21 06:03:13,389 [pool-37-thread-1] INFO  impl.RaftServerImpl (RaftServerImpl.java:setRole(173)) - a588f1ac-0e88-414d-9361-c050928a17f1@group-C4B2929464DD: changes role from      null to FOLLOWER at term 0 for startAsFollower
2019-10-21 06:03:13,388 [pool-27-thread-1] INFO  server.RaftServerConfigKeys (ConfUtils.java:logGet(43)) - raft.server.log.statemachine.data.sync.timeout.retry = -1 (default)
2019-10-21 06:03:13,389 [pool-37-thread-1] INFO  impl.RoleInfo (RoleInfo.java:updateAndGet(143)) - a588f1ac-0e88-414d-9361-c050928a17f1: start FollowerState
2019-10-21 06:03:13,389 [pool-47-thread-1] INFO  server.RaftServerConfigKeys (ConfUtils.java:logGet(43)) - raft.server.log.statemachine.data.sync.timeout.retry = -1 (default)
2019-10-21 06:03:13,389 [pool-27-thread-1] INFO  server.RaftServerConfigKeys (ConfUtils.java:logGet(43)) - raft.server.log.statemachine.data.caching.enabled = true (custom)
2019-10-21 06:03:13,389 [pool-47-thread-1] INFO  server.RaftServerConfigKeys (ConfUtils.java:logGet(43)) - raft.server.log.statemachine.data.caching.enabled = true (custom)
2019-10-21 06:03:13,389 [pool-37-thread-1] INFO  util.JmxRegister (JmxRegister.java:tryRegister(44)) - Successfully registered JMX Bean with object name Ratis:service=RaftServer,group=group-C4B2929464DD,id=a588f1ac-0e88-414d-9361-c050928a17f1
2019-10-21 06:03:13,390 [pool-37-thread-1] WARN  impl.MetricRegistriesImpl (MetricRegistriesImpl.java:lambda$create$1(61)) - First MetricRegistry has been created without registering reporters. You may need to call MetricRegistries.global().addReportRegistration(...) before.
2019-10-21 06:03:13,390 [pool-47-thread-1] INFO  segmented.SegmentedRaftLogWorker (SegmentedRaftLogWorker.java:lambda$new$0(128)) - 5389c291-9dbf-4ff3-95a2-a367bd79a92b@group-C4B2929464DD-SegmentedRaftLogWorker: flushIndex: setUnconditionally 0 -> -1
2019-10-21 06:03:13,390 [pool-27-thread-1] INFO  segmented.SegmentedRaftLogWorker (SegmentedRaftLogWorker.java:lambda$new$0(128)) - 2de534ac-c407-4ec5-ab68-e4d0e1b50d95@group-C4B2929464DD-SegmentedRaftLogWorker: flushIndex: setUnconditionally 0 -> -1
2019-10-21 06:03:13,390 [pool-47-thread-1] INFO  server.RaftServerConfigKeys (ConfUtils.java:logGet(43)) - raft.server.snapshot.auto.trigger.enabled = true (custom)
2019-10-21 06:03:13,390 [pool-47-thread-1] INFO  server.RaftServerConfigKeys (ConfUtils.java:logGet(43)) - raft.server.snapshot.auto.trigger.threshold = 10000 (custom)
2019-10-21 06:03:13,391 [pool-47-thread-1] INFO  server.RaftServerConfigKeys (ConfUtils.java:logGet(43)) - raft.server.snapshot.retention.file.num = 5 (custom)
2019-10-21 06:03:13,391 [pool-27-thread-1] INFO  server.RaftServerConfigKeys (ConfUtils.java:logGet(43)) - raft.server.snapshot.auto.trigger.enabled = true (custom)
2019-10-21 06:03:13,391 [pool-47-thread-1] INFO  server.RaftServerConfigKeys (ConfUtils.java:logGet(43)) - raft.server.retrycache.expirytime = 600000ms (custom)
2019-10-21 06:03:13,391 [pool-27-thread-1] INFO  server.RaftServerConfigKeys (ConfUtils.java:logGet(43)) - raft.server.snapshot.auto.trigger.threshold = 10000 (custom)
2019-10-21 06:03:13,391 [pool-47-thread-1] WARN  impl.MetricRegistriesImpl (MetricRegistriesImpl.java:lambda$create$1(61)) - First MetricRegistry has been created without registering reporters. You may need to call MetricRegistries.global().addReportRegistration(...) before.
2019-10-21 06:03:13,391 [pool-27-thread-1] INFO  server.RaftServerConfigKeys (ConfUtils.java:logGet(43)) - raft.server.snapshot.retention.file.num = 5 (custom)
2019-10-21 06:03:13,392 [pool-47-thread-1] WARN  impl.MetricRegistriesImpl (MetricRegistriesImpl.java:lambda$create$1(61)) - First MetricRegistry has been created without registering reporters. You may need to call MetricRegistries.global().addReportRegistration(...) before.
2019-10-21 06:03:13,393 [pool-27-thread-1] INFO  server.RaftServerConfigKeys (ConfUtils.java:logGet(43)) - raft.server.retrycache.expirytime = 600000ms (custom)
2019-10-21 06:03:13,393 [pool-47-thread-1] INFO  impl.RaftServerImpl (RaftServerImpl.java:start(184)) - 5389c291-9dbf-4ff3-95a2-a367bd79a92b@group-C4B2929464DD: start as a follower, conf=-1: [2de534ac-c407-4ec5-ab68-e4d0e1b50d95:192.168.34.63:40946, 5389c291-9dbf-4ff3-95a2-a367bd79a92b:192.168.34.63:45480, a588f1ac-0e88-414d-9361-c050928a17f1:192.168.34.63:38160], old=null
2019-10-21 06:03:13,394 [pool-27-thread-1] WARN  impl.MetricRegistriesImpl (MetricRegistriesImpl.java:lambda$create$1(61)) - First MetricRegistry has been created without registering reporters. You may need to call MetricRegistries.global().addReportRegistration(...) before.
2019-10-21 06:03:13,394 [pool-47-thread-1] INFO  impl.RaftServerImpl (RaftServerImpl.java:setRole(173)) - 5389c291-9dbf-4ff3-95a2-a367bd79a92b@group-C4B2929464DD: changes role from      null to FOLLOWER at term 0 for startAsFollower
2019-10-21 06:03:13,394 [pool-27-thread-1] WARN  impl.MetricRegistriesImpl (MetricRegistriesImpl.java:lambda$create$1(61)) - First MetricRegistry has been created without registering reporters. You may need to call MetricRegistries.global().addReportRegistration(...) before.
2019-10-21 06:03:13,395 [pool-47-thread-1] INFO  impl.RoleInfo (RoleInfo.java:updateAndGet(143)) - 5389c291-9dbf-4ff3-95a2-a367bd79a92b: start FollowerState
2019-10-21 06:03:13,395 [pool-27-thread-1] INFO  impl.RaftServerImpl (RaftServerImpl.java:start(184)) - 2de534ac-c407-4ec5-ab68-e4d0e1b50d95@group-C4B2929464DD: start as a follower, conf=-1: [2de534ac-c407-4ec5-ab68-e4d0e1b50d95:192.168.34.63:40946, 5389c291-9dbf-4ff3-95a2-a367bd79a92b:192.168.34.63:45480, a588f1ac-0e88-414d-9361-c050928a17f1:192.168.34.63:38160], old=null
2019-10-21 06:03:13,396 [pool-27-thread-1] INFO  impl.RaftServerImpl (RaftServerImpl.java:setRole(173)) - 2de534ac-c407-4ec5-ab68-e4d0e1b50d95@group-C4B2929464DD: changes role from      null to FOLLOWER at term 0 for startAsFollower
2019-10-21 06:03:13,397 [pool-27-thread-1] INFO  impl.RoleInfo (RoleInfo.java:updateAndGet(143)) - 2de534ac-c407-4ec5-ab68-e4d0e1b50d95: start FollowerState
2019-10-21 06:03:13,397 [pool-47-thread-1] INFO  util.JmxRegister (JmxRegister.java:tryRegister(44)) - Successfully registered JMX Bean with object name Ratis:service=RaftServer,group=group-C4B2929464DD,id=5389c291-9dbf-4ff3-95a2-a367bd79a92b
2019-10-21 06:03:13,398 [pool-47-thread-1] WARN  impl.MetricRegistriesImpl (MetricRegistriesImpl.java:lambda$create$1(61)) - First MetricRegistry has been created without registering reporters. You may need to call MetricRegistries.global().addReportRegistration(...) before.
2019-10-21 06:03:13,398 [pool-27-thread-1] INFO  util.JmxRegister (JmxRegister.java:tryRegister(44)) - Successfully registered JMX Bean with object name Ratis:service=RaftServer,group=group-C4B2929464DD,id=2de534ac-c407-4ec5-ab68-e4d0e1b50d95
2019-10-21 06:03:13,399 [pool-27-thread-1] WARN  impl.MetricRegistriesImpl (MetricRegistriesImpl.java:lambda$create$1(61)) - First MetricRegistry has been created without registering reporters. You may need to call MetricRegistries.global().addReportRegistration(...) before.
2019-10-21 06:03:13,418 [RatisPipelineUtilsThread] INFO  pipeline.PipelineStateManager (PipelineStateManager.java:addPipeline(55)) - Created pipeline Pipeline[ Id: c62217e0-a1d8-4551-b861-c4b2929464dd, Nodes: 2de534ac-c407-4ec5-ab68-e4d0e1b50d95{ip: 192.168.34.63, host: pr-hdds-1868-wsm2n-11235469, networkLocation: /default-rack, certSerialId: null}5389c291-9dbf-4ff3-95a2-a367bd79a92b{ip: 192.168.34.63, host: pr-hdds-1868-wsm2n-11235469, networkLocation: /default-rack, certSerialId: null}a588f1ac-0e88-414d-9361-c050928a17f1{ip: 192.168.34.63, host: pr-hdds-1868-wsm2n-11235469, networkLocation: /default-rack, certSerialId: null}, Type:RATIS, Factor:THREE, State:ALLOCATED]
2019-10-21 06:03:13,421 [main] INFO  ozone.MiniOzoneClusterImpl (MiniOzoneClusterImpl.java:lambda$waitForClusterToBeReady$2(162)) - Waiting for 4 number of pipelines out of 4, to report a leader.
2019-10-21 06:03:14,422 [main] INFO  ozone.MiniOzoneClusterImpl (MiniOzoneClusterImpl.java:lambda$waitForClusterToBeReady$2(162)) - Waiting for 4 number of pipelines out of 4, to report a leader.
2019-10-21 06:03:15,409 [Thread-181] INFO  container.ReplicationManager (ReplicationManager.java:start(162)) - Starting Replication Monitor Thread.
2019-10-21 06:03:15,412 [Thread-181] INFO  pipeline.SCMPipelineManager (SCMPipelineManager.java:finalizeAndDestroyPipeline(316)) - destroying pipeline:Pipeline[ Id: c62217e0-a1d8-4551-b861-c4b2929464dd, Nodes: 2de534ac-c407-4ec5-ab68-e4d0e1b50d95{ip: 192.168.34.63, host: pr-hdds-1868-wsm2n-11235469, networkLocation: /default-rack, certSerialId: null}5389c291-9dbf-4ff3-95a2-a367bd79a92b{ip: 192.168.34.63, host: pr-hdds-1868-wsm2n-11235469, networkLocation: /default-rack, certSerialId: null}a588f1ac-0e88-414d-9361-c050928a17f1{ip: 192.168.34.63, host: pr-hdds-1868-wsm2n-11235469, networkLocation: /default-rack, certSerialId: null}, Type:RATIS, Factor:THREE, State:ALLOCATED]
2019-10-21 06:03:15,412 [ReplicationMonitor] INFO  container.ReplicationManager (ReplicationManager.java:run(225)) - Replication Monitor Thread took 1 milliseconds for processing 0 containers.
2019-10-21 06:03:15,413 [Thread-181] INFO  pipeline.PipelineStateManager (PipelineStateManager.java:finalizePipeline(121)) - Pipeline Pipeline[ Id: c62217e0-a1d8-4551-b861-c4b2929464dd, Nodes: 2de534ac-c407-4ec5-ab68-e4d0e1b50d95{ip: 192.168.34.63, host: pr-hdds-1868-wsm2n-11235469, networkLocation: /default-rack, certSerialId: null}5389c291-9dbf-4ff3-95a2-a367bd79a92b{ip: 192.168.34.63, host: pr-hdds-1868-wsm2n-11235469, networkLocation: /default-rack, certSerialId: null}a588f1ac-0e88-414d-9361-c050928a17f1{ip: 192.168.34.63, host: pr-hdds-1868-wsm2n-11235469, networkLocation: /default-rack, certSerialId: null}, Type:RATIS, Factor:THREE, State:CLOSED] moved to CLOSED state
2019-10-21 06:03:15,423 [main] INFO  ozone.MiniOzoneClusterImpl (MiniOzoneClusterImpl.java:lambda$waitForClusterToBeReady$2(162)) - Waiting for 3 number of pipelines out of 4, to report a leader.
2019-10-21 06:03:15,446 [grpc-default-executor-2] INFO  impl.RaftServerProxy (RaftServerProxy.java:remove(95)) - 2de534ac-c407-4ec5-ab68-e4d0e1b50d95: remove  FOLLOWER 2de534ac-c407-4ec5-ab68-e4d0e1b50d95@group-C4B2929464DD:t0, leader=null, voted=null, raftlog=2de534ac-c407-4ec5-ab68-e4d0e1b50d95@group-C4B2929464DD-SegmentedRaftLog:OPENED:c-1,f-1,i0, conf=-1: [2de534ac-c407-4ec5-ab68-e4d0e1b50d95:192.168.34.63:40946, 5389c291-9dbf-4ff3-95a2-a367bd79a92b:192.168.34.63:45480, a588f1ac-0e88-414d-9361-c050928a17f1:192.168.34.63:38160], old=null RUNNING
2019-10-21 06:03:15,450 [grpc-default-executor-2] INFO  impl.RaftServerImpl (RaftServerImpl.java:lambda$shutdown$3(250)) - 2de534ac-c407-4ec5-ab68-e4d0e1b50d95@group-C4B2929464DD: shutdown
2019-10-21 06:03:15,451 [grpc-default-executor-2] INFO  util.JmxRegister (JmxRegister.java:unregister(73)) - Successfully un-registered JMX Bean with object name Ratis:service=RaftServer,group=group-C4B2929464DD,id=2de534ac-c407-4ec5-ab68-e4d0e1b50d95
2019-10-21 06:03:15,451 [grpc-default-executor-2] INFO  impl.RoleInfo (RoleInfo.java:shutdownFollowerState(121)) - 2de534ac-c407-4ec5-ab68-e4d0e1b50d95: shutdown FollowerState
2019-10-21 06:03:15,451 [grpc-default-executor-2] INFO  impl.StateMachineUpdater (StateMachineUpdater.java:stopAndJoin(136)) - 2de534ac-c407-4ec5-ab68-e4d0e1b50d95@group-C4B2929464DD-StateMachineUpdater: set stopIndex = -1
2019-10-21 06:03:15,451 [Thread-200] INFO  impl.FollowerState (FollowerState.java:run(120)) - 2de534ac-c407-4ec5-ab68-e4d0e1b50d95@group-C4B2929464DD-FollowerState was interrupted: java.lang.InterruptedException: sleep interrupted
2019-10-21 06:03:15,454 [grpc-default-executor-2] INFO  impl.RaftServerImpl (ServerState.java:close(387)) - 2de534ac-c407-4ec5-ab68-e4d0e1b50d95@group-C4B2929464DD: closes. applyIndex: -1
2019-10-21 06:03:15,460 [2de534ac-c407-4ec5-ab68-e4d0e1b50d95@group-C4B2929464DD-SegmentedRaftLogWorker] INFO  segmented.SegmentedRaftLogWorker (SegmentedRaftLogWorker.java:run(316)) - 2de534ac-c407-4ec5-ab68-e4d0e1b50d95@group-C4B2929464DD-SegmentedRaftLogWorker was interrupted, exiting. There are 0 tasks remaining in the queue.
2019-10-21 06:03:15,462 [grpc-default-executor-2] INFO  segmented.SegmentedRaftLogWorker (SegmentedRaftLogWorker.java:close(224)) - 2de534ac-c407-4ec5-ab68-e4d0e1b50d95@group-C4B2929464DD-SegmentedRaftLogWorker close()
2019-10-21 06:03:15,493 [grpc-default-executor-2] INFO  impl.RaftServerProxy (RaftServerProxy.java:remove(95)) - 5389c291-9dbf-4ff3-95a2-a367bd79a92b: remove  FOLLOWER 5389c291-9dbf-4ff3-95a2-a367bd79a92b@group-C4B2929464DD:t0, leader=null, voted=null, raftlog=5389c291-9dbf-4ff3-95a2-a367bd79a92b@group-C4B2929464DD-SegmentedRaftLog:OPENED:c-1,f-1,i0, conf=-1: [2de534ac-c407-4ec5-ab68-e4d0e1b50d95:192.168.34.63:40946, 5389c291-9dbf-4ff3-95a2-a367bd79a92b:192.168.34.63:45480, a588f1ac-0e88-414d-9361-c050928a17f1:192.168.34.63:38160], old=null RUNNING
2019-10-21 06:03:15,493 [grpc-default-executor-2] INFO  impl.RaftServerImpl (RaftServerImpl.java:lambda$shutdown$3(250)) - 5389c291-9dbf-4ff3-95a2-a367bd79a92b@group-C4B2929464DD: shutdown
2019-10-21 06:03:15,493 [grpc-default-executor-2] INFO  util.JmxRegister (JmxRegister.java:unregister(73)) - Successfully un-registered JMX Bean with object name Ratis:service=RaftServer,group=group-C4B2929464DD,id=5389c291-9dbf-4ff3-95a2-a367bd79a92b
2019-10-21 06:03:15,493 [grpc-default-executor-2] INFO  impl.RoleInfo (RoleInfo.java:shutdownFollowerState(121)) - 5389c291-9dbf-4ff3-95a2-a367bd79a92b: shutdown FollowerState
2019-10-21 06:03:15,493 [grpc-default-executor-2] INFO  impl.StateMachineUpdater (StateMachineUpdater.java:stopAndJoin(136)) - 5389c291-9dbf-4ff3-95a2-a367bd79a92b@group-C4B2929464DD-StateMachineUpdater: set stopIndex = -1
2019-10-21 06:03:15,494 [Thread-199] INFO  impl.FollowerState (FollowerState.java:run(120)) - 5389c291-9dbf-4ff3-95a2-a367bd79a92b@group-C4B2929464DD-FollowerState was interrupted: java.lang.InterruptedException: sleep interrupted
2019-10-21 06:03:15,495 [grpc-default-executor-2] INFO  impl.RaftServerImpl (ServerState.java:close(387)) - 5389c291-9dbf-4ff3-95a2-a367bd79a92b@group-C4B2929464DD: closes. applyIndex: -1
2019-10-21 06:03:15,497 [5389c291-9dbf-4ff3-95a2-a367bd79a92b@group-C4B2929464DD-SegmentedRaftLogWorker] INFO  segmented.SegmentedRaftLogWorker (SegmentedRaftLogWorker.java:run(316)) - 5389c291-9dbf-4ff3-95a2-a367bd79a92b@group-C4B2929464DD-SegmentedRaftLogWorker was interrupted, exiting. There are 0 tasks remaining in the queue.
2019-10-21 06:03:15,497 [grpc-default-executor-2] INFO  segmented.SegmentedRaftLogWorker (SegmentedRaftLogWorker.java:close(224)) - 5389c291-9dbf-4ff3-95a2-a367bd79a92b@group-C4B2929464DD-SegmentedRaftLogWorker close()
2019-10-21 06:03:15,519 [grpc-default-executor-2] INFO  impl.RaftServerProxy (RaftServerProxy.java:remove(95)) - a588f1ac-0e88-414d-9361-c050928a17f1: remove  FOLLOWER a588f1ac-0e88-414d-9361-c050928a17f1@group-C4B2929464DD:t0, leader=null, voted=null, raftlog=a588f1ac-0e88-414d-9361-c050928a17f1@group-C4B2929464DD-SegmentedRaftLog:OPENED:c-1,f-1,i0, conf=-1: [2de534ac-c407-4ec5-ab68-e4d0e1b50d95:192.168.34.63:40946, 5389c291-9dbf-4ff3-95a2-a367bd79a92b:192.168.34.63:45480, a588f1ac-0e88-414d-9361-c050928a17f1:192.168.34.63:38160], old=null RUNNING
2019-10-21 06:03:15,520 [grpc-default-executor-2] INFO  impl.RaftServerImpl (RaftServerImpl.java:lambda$shutdown$3(250)) - a588f1ac-0e88-414d-9361-c050928a17f1@group-C4B2929464DD: shutdown
2019-10-21 06:03:15,520 [grpc-default-executor-2] INFO  util.JmxRegister (JmxRegister.java:unregister(73)) - Successfully un-registered JMX Bean with object name Ratis:service=RaftServer,group=group-C4B2929464DD,id=a588f1ac-0e88-414d-9361-c050928a17f1
2019-10-21 06:03:15,520 [grpc-default-executor-2] INFO  impl.RoleInfo (RoleInfo.java:shutdownFollowerState(121)) - a588f1ac-0e88-414d-9361-c050928a17f1: shutdown FollowerState
2019-10-21 06:03:15,520 [grpc-default-executor-2] INFO  impl.StateMachineUpdater (StateMachineUpdater.java:stopAndJoin(136)) - a588f1ac-0e88-414d-9361-c050928a17f1@group-C4B2929464DD-StateMachineUpdater: set stopIndex = -1
2019-10-21 06:03:15,520 [Thread-195] INFO  impl.FollowerState (FollowerState.java:run(120)) - a588f1ac-0e88-414d-9361-c050928a17f1@group-C4B2929464DD-FollowerState was interrupted: java.lang.InterruptedException: sleep interrupted
2019-10-21 06:03:15,522 [grpc-default-executor-2] INFO  impl.RaftServerImpl (ServerState.java:close(387)) - a588f1ac-0e88-414d-9361-c050928a17f1@group-C4B2929464DD: closes. applyIndex: -1
2019-10-21 06:03:15,524 [a588f1ac-0e88-414d-9361-c050928a17f1@group-C4B2929464DD-SegmentedRaftLogWorker] INFO  segmented.SegmentedRaftLogWorker (SegmentedRaftLogWorker.java:run(316)) - a588f1ac-0e88-414d-9361-c050928a17f1@group-C4B2929464DD-SegmentedRaftLogWorker was interrupted, exiting. There are 0 tasks remaining in the queue.
2019-10-21 06:03:15,524 [grpc-default-executor-2] INFO  segmented.SegmentedRaftLogWorker (SegmentedRaftLogWorker.java:close(224)) - a588f1ac-0e88-414d-9361-c050928a17f1@group-C4B2929464DD-SegmentedRaftLogWorker close()
2019-10-21 06:03:15,535 [Thread-181] INFO  pipeline.PipelineStateManager (PipelineStateManager.java:removePipeline(106)) - Pipeline Pipeline[ Id: c62217e0-a1d8-4551-b861-c4b2929464dd, Nodes: 2de534ac-c407-4ec5-ab68-e4d0e1b50d95{ip: 192.168.34.63, host: pr-hdds-1868-wsm2n-11235469, networkLocation: /default-rack, certSerialId: null}5389c291-9dbf-4ff3-95a2-a367bd79a92b{ip: 192.168.34.63, host: pr-hdds-1868-wsm2n-11235469, networkLocation: /default-rack, certSerialId: null}a588f1ac-0e88-414d-9361-c050928a17f1{ip: 192.168.34.63, host: pr-hdds-1868-wsm2n-11235469, networkLocation: /default-rack, certSerialId: null}, Type:RATIS, Factor:THREE, State:CLOSED] removed from db
2019-10-21 06:03:15,536 [Thread-181] INFO  pipeline.SCMPipelineManager (SCMPipelineManager.java:finalizeAndDestroyPipeline(316)) - destroying pipeline:Pipeline[ Id: 99610bc7-8307-43be-a837-85828d3fe327, Nodes: a588f1ac-0e88-414d-9361-c050928a17f1{ip: 192.168.34.63, host: pr-hdds-1868-wsm2n-11235469, networkLocation: /default-rack, certSerialId: null}, Type:RATIS, Factor:ONE, State:ALLOCATED]
2019-10-21 06:03:15,563 [grpc-default-executor-1] INFO  impl.RaftServerProxy (RaftServerProxy.java:addNew(89)) - 2de534ac-c407-4ec5-ab68-e4d0e1b50d95: addNew group-58705FFBD881:[2de534ac-c407-4ec5-ab68-e4d0e1b50d95:192.168.34.63:40946, 5389c291-9dbf-4ff3-95a2-a367bd79a92b:192.168.34.63:45480, a588f1ac-0e88-414d-9361-c050928a17f1:192.168.34.63:38160] returns group-58705FFBD881:java.util.concurrent.CompletableFuture@3bb5e7c[Not completed]
2019-10-21 06:03:15,563 [grpc-default-executor-0] INFO  impl.RaftServerProxy (RaftServerProxy.java:addNew(89)) - 5389c291-9dbf-4ff3-95a2-a367bd79a92b: addNew group-58705FFBD881:[2de534ac-c407-4ec5-ab68-e4d0e1b50d95:192.168.34.63:40946, 5389c291-9dbf-4ff3-95a2-a367bd79a92b:192.168.34.63:45480, a588f1ac-0e88-414d-9361-c050928a17f1:192.168.34.63:38160] returns group-58705FFBD881:java.util.concurrent.CompletableFuture@578bb15f[Not completed]
2019-10-21 06:03:15,564 [grpc-default-executor-2] INFO  impl.RaftServerProxy (RaftServerProxy.java:addNew(89)) - a588f1ac-0e88-414d-9361-c050928a17f1: addNew group-58705FFBD881:[2de534ac-c407-4ec5-ab68-e4d0e1b50d95:192.168.34.63:40946, 5389c291-9dbf-4ff3-95a2-a367bd79a92b:192.168.34.63:45480, a588f1ac-0e88-414d-9361-c050928a17f1:192.168.34.63:38160] returns group-58705FFBD881:java.util.concurrent.CompletableFuture@6a531892[Not completed]
2019-10-21 06:03:15,566 [pool-27-thread-1] INFO  impl.RaftServerImpl (RaftServerImpl.java:<init>(98)) - 2de534ac-c407-4ec5-ab68-e4d0e1b50d95: new RaftServerImpl for group-58705FFBD881:[2de534ac-c407-4ec5-ab68-e4d0e1b50d95:192.168.34.63:40946, 5389c291-9dbf-4ff3-95a2-a367bd79a92b:192.168.34.63:45480, a588f1ac-0e88-414d-9361-c050928a17f1:192.168.34.63:38160] with ContainerStateMachine:uninitialized
2019-10-21 06:03:15,566 [pool-27-thread-1] INFO  server.RaftServerConfigKeys (ConfUtils.java:logGet(43)) - raft.server.rpc.timeout.min = 5s (custom)
2019-10-21 06:03:15,567 [pool-27-thread-1] INFO  server.RaftServerConfigKeys (ConfUtils.java:logGet(43)) - raft.server.rpc.timeout.max = 5200ms (custom)
2019-10-21 06:03:15,567 [pool-27-thread-1] INFO  server.RaftServerConfigKeys (ConfUtils.java:logGet(43)) - raft.server.rpcslowness.timeout = 1000s (custom)
2019-10-21 06:03:15,567 [pool-27-thread-1] INFO  server.RaftServerConfigKeys (ConfUtils.java:logGet(43)) - raft.server.sleep.deviation.threshold = 300 (default)
2019-10-21 06:03:15,567 [pool-27-thread-1] INFO  server.RaftServerConfigKeys (ConfUtils.java:logGet(43)) - raft.server.log.appender.install.snapshot.enabled = false (custom)
2019-10-21 06:03:15,567 [pool-27-thread-1] INFO  impl.RaftServerImpl (ServerState.java:<init>(103)) - 2de534ac-c407-4ec5-ab68-e4d0e1b50d95@group-58705FFBD881: ConfigurationManager, init=-1: [2de534ac-c407-4ec5-ab68-e4d0e1b50d95:192.168.34.63:40946, 5389c291-9dbf-4ff3-95a2-a367bd79a92b:192.168.34.63:45480, a588f1ac-0e88-414d-9361-c050928a17f1:192.168.34.63:38160], old=null, confs=<EMPTY_MAP>
2019-10-21 06:03:15,567 [pool-37-thread-1] INFO  impl.RaftServerImpl (RaftServerImpl.java:<init>(98)) - a588f1ac-0e88-414d-9361-c050928a17f1: new RaftServerImpl for group-58705FFBD881:[2de534ac-c407-4ec5-ab68-e4d0e1b50d95:192.168.34.63:40946, 5389c291-9dbf-4ff3-95a2-a367bd79a92b:192.168.34.63:45480, a588f1ac-0e88-414d-9361-c050928a17f1:192.168.34.63:38160] with ContainerStateMachine:uninitialized
2019-10-21 06:03:15,567 [pool-27-thread-1] INFO  server.RaftServerConfigKeys (ConfUtils.java:logGet(43)) - raft.server.storage.dir = [/workdir/hadoop-ozone/integration-test/target/test-dir/MiniOzoneClusterImpl-57da642c-82d6-499f-aa71-47bf78ddd986/datanode-0/data/ratis] (custom)
2019-10-21 06:03:15,567 [pool-37-thread-1] INFO  server.RaftServerConfigKeys (ConfUtils.java:logGet(43)) - raft.server.rpc.timeout.min = 5s (custom)
2019-10-21 06:03:15,568 [pool-37-thread-1] INFO  server.RaftServerConfigKeys (ConfUtils.java:logGet(43)) - raft.server.rpc.timeout.max = 5200ms (custom)
2019-10-21 06:03:15,568 [pool-27-thread-1] INFO  server.RaftServerConfigKeys (ConfUtils.java:logGet(43)) - raft.server.log.corruption.policy = EXCEPTION (default)
2019-10-21 06:03:15,568 [pool-37-thread-1] INFO  server.RaftServerConfigKeys (ConfUtils.java:logGet(43)) - raft.server.rpcslowness.timeout = 1000s (custom)
2019-10-21 06:03:15,568 [pool-27-thread-1] INFO  storage.RaftStorageDirectory (RaftStorageDirectory.java:analyzeStorage(246)) - The storage directory /workdir/hadoop-ozone/integration-test/target/test-dir/MiniOzoneClusterImpl-57da642c-82d6-499f-aa71-47bf78ddd986/datanode-0/data/ratis/8f9e0d08-2118-49e4-bafd-58705ffbd881 does not exist. Creating ...
2019-10-21 06:03:15,568 [pool-37-thread-1] INFO  server.RaftServerConfigKeys (ConfUtils.java:logGet(43)) - raft.server.sleep.deviation.threshold = 300 (default)
2019-10-21 06:03:15,568 [pool-37-thread-1] INFO  server.RaftServerConfigKeys (ConfUtils.java:logGet(43)) - raft.server.log.appender.install.snapshot.enabled = false (custom)
2019-10-21 06:03:15,569 [pool-37-thread-1] INFO  impl.RaftServerImpl (ServerState.java:<init>(103)) - a588f1ac-0e88-414d-9361-c050928a17f1@group-58705FFBD881: ConfigurationManager, init=-1: [2de534ac-c407-4ec5-ab68-e4d0e1b50d95:192.168.34.63:40946, 5389c291-9dbf-4ff3-95a2-a367bd79a92b:192.168.34.63:45480, a588f1ac-0e88-414d-9361-c050928a17f1:192.168.34.63:38160], old=null, confs=<EMPTY_MAP>
2019-10-21 06:03:15,569 [pool-37-thread-1] INFO  server.RaftServerConfigKeys (ConfUtils.java:logGet(43)) - raft.server.storage.dir = [/workdir/hadoop-ozone/integration-test/target/test-dir/MiniOzoneClusterImpl-57da642c-82d6-499f-aa71-47bf78ddd986/datanode-1/data/ratis] (custom)
2019-10-21 06:03:15,569 [pool-37-thread-1] INFO  server.RaftServerConfigKeys (ConfUtils.java:logGet(43)) - raft.server.log.corruption.policy = EXCEPTION (default)
2019-10-21 06:03:15,569 [pool-47-thread-1] INFO  impl.RaftServerImpl (RaftServerImpl.java:<init>(98)) - 5389c291-9dbf-4ff3-95a2-a367bd79a92b: new RaftServerImpl for group-58705FFBD881:[2de534ac-c407-4ec5-ab68-e4d0e1b50d95:192.168.34.63:40946, 5389c291-9dbf-4ff3-95a2-a367bd79a92b:192.168.34.63:45480, a588f1ac-0e88-414d-9361-c050928a17f1:192.168.34.63:38160] with ContainerStateMachine:uninitialized
2019-10-21 06:03:15,569 [pool-37-thread-1] INFO  storage.RaftStorageDirectory (RaftStorageDirectory.java:analyzeStorage(246)) - The storage directory /workdir/hadoop-ozone/integration-test/target/test-dir/MiniOzoneClusterImpl-57da642c-82d6-499f-aa71-47bf78ddd986/datanode-1/data/ratis/8f9e0d08-2118-49e4-bafd-58705ffbd881 does not exist. Creating ...
2019-10-21 06:03:15,570 [pool-47-thread-1] INFO  server.RaftServerConfigKeys (ConfUtils.java:logGet(43)) - raft.server.rpc.timeout.min = 5s (custom)
2019-10-21 06:03:15,570 [pool-47-thread-1] INFO  server.RaftServerConfigKeys (ConfUtils.java:logGet(43)) - raft.server.rpc.timeout.max = 5200ms (custom)
2019-10-21 06:03:15,570 [pool-47-thread-1] INFO  server.RaftServerConfigKeys (ConfUtils.java:logGet(43)) - raft.server.rpcslowness.timeout = 1000s (custom)
2019-10-21 06:03:15,570 [pool-47-thread-1] INFO  server.RaftServerConfigKeys (ConfUtils.java:logGet(43)) - raft.server.sleep.deviation.threshold = 300 (default)
2019-10-21 06:03:15,570 [pool-47-thread-1] INFO  server.RaftServerConfigKeys (ConfUtils.java:logGet(43)) - raft.server.log.appender.install.snapshot.enabled = false (custom)
2019-10-21 06:03:15,571 [pool-47-thread-1] INFO  impl.RaftServerImpl (ServerState.java:<init>(103)) - 5389c291-9dbf-4ff3-95a2-a367bd79a92b@group-58705FFBD881: ConfigurationManager, init=-1: [2de534ac-c407-4ec5-ab68-e4d0e1b50d95:192.168.34.63:40946, 5389c291-9dbf-4ff3-95a2-a367bd79a92b:192.168.34.63:45480, a588f1ac-0e88-414d-9361-c050928a17f1:192.168.34.63:38160], old=null, confs=<EMPTY_MAP>
2019-10-21 06:03:15,571 [pool-47-thread-1] INFO  server.RaftServerConfigKeys (ConfUtils.java:logGet(43)) - raft.server.storage.dir = [/workdir/hadoop-ozone/integration-test/target/test-dir/MiniOzoneClusterImpl-57da642c-82d6-499f-aa71-47bf78ddd986/datanode-2/data/ratis] (custom)
2019-10-21 06:03:15,571 [pool-47-thread-1] INFO  server.RaftServerConfigKeys (ConfUtils.java:logGet(43)) - raft.server.log.corruption.policy = EXCEPTION (default)
2019-10-21 06:03:15,572 [pool-47-thread-1] INFO  storage.RaftStorageDirectory (RaftStorageDirectory.java:analyzeStorage(246)) - The storage directory /workdir/hadoop-ozone/integration-test/target/test-dir/MiniOzoneClusterImpl-57da642c-82d6-499f-aa71-47bf78ddd986/datanode-2/data/ratis/8f9e0d08-2118-49e4-bafd-58705ffbd881 does not exist. Creating ...
2019-10-21 06:03:15,582 [pool-37-thread-1] INFO  storage.RaftStorageDirectory (RaftStorageDirectory.java:tryLock(328)) - Lock on /workdir/hadoop-ozone/integration-test/target/test-dir/MiniOzoneClusterImpl-57da642c-82d6-499f-aa71-47bf78ddd986/datanode-1/data/ratis/8f9e0d08-2118-49e4-bafd-58705ffbd881/in_use.lock acquired by nodename 22508@pr-hdds-1868-wsm2n-11235469
2019-10-21 06:03:15,582 [pool-27-thread-1] INFO  storage.RaftStorageDirectory (RaftStorageDirectory.java:tryLock(328)) - Lock on /workdir/hadoop-ozone/integration-test/target/test-dir/MiniOzoneClusterImpl-57da642c-82d6-499f-aa71-47bf78ddd986/datanode-0/data/ratis/8f9e0d08-2118-49e4-bafd-58705ffbd881/in_use.lock acquired by nodename 22508@pr-hdds-1868-wsm2n-11235469
2019-10-21 06:03:15,582 [pool-47-thread-1] INFO  storage.RaftStorageDirectory (RaftStorageDirectory.java:tryLock(328)) - Lock on /workdir/hadoop-ozone/integration-test/target/test-dir/MiniOzoneClusterImpl-57da642c-82d6-499f-aa71-47bf78ddd986/datanode-2/data/ratis/8f9e0d08-2118-49e4-bafd-58705ffbd881/in_use.lock acquired by nodename 22508@pr-hdds-1868-wsm2n-11235469
2019-10-21 06:03:15,596 [pool-47-thread-1] INFO  storage.RaftStorage (RaftStorage.java:format(84)) - Storage directory /workdir/hadoop-ozone/integration-test/target/test-dir/MiniOzoneClusterImpl-57da642c-82d6-499f-aa71-47bf78ddd986/datanode-2/data/ratis/8f9e0d08-2118-49e4-bafd-58705ffbd881 has been successfully formatted.
2019-10-21 06:03:15,596 [pool-27-thread-1] INFO  storage.RaftStorage (RaftStorage.java:format(84)) - Storage directory /workdir/hadoop-ozone/integration-test/target/test-dir/MiniOzoneClusterImpl-57da642c-82d6-499f-aa71-47bf78ddd986/datanode-0/data/ratis/8f9e0d08-2118-49e4-bafd-58705ffbd881 has been successfully formatted.
2019-10-21 06:03:15,596 [pool-37-thread-1] INFO  storage.RaftStorage (RaftStorage.java:format(84)) - Storage directory /workdir/hadoop-ozone/integration-test/target/test-dir/MiniOzoneClusterImpl-57da642c-82d6-499f-aa71-47bf78ddd986/datanode-1/data/ratis/8f9e0d08-2118-49e4-bafd-58705ffbd881 has been successfully formatted.
2019-10-21 06:03:15,596 [pool-47-thread-1] INFO  ratis.ContainerStateMachine (ContainerStateMachine.java:loadSnapshot(233)) - group-58705FFBD881: The snapshot info is null. Setting the last applied indexto:(t:0, i:~)
2019-10-21 06:03:15,597 [pool-37-thread-1] INFO  ratis.ContainerStateMachine (ContainerStateMachine.java:loadSnapshot(233)) - group-58705FFBD881: The snapshot info is null. Setting the last applied indexto:(t:0, i:~)
2019-10-21 06:03:15,597 [pool-27-thread-1] INFO  ratis.ContainerStateMachine (ContainerStateMachine.java:loadSnapshot(233)) - group-58705FFBD881: The snapshot info is null. Setting the last applied indexto:(t:0, i:~)
2019-10-21 06:03:15,597 [pool-37-thread-1] INFO  server.RaftServerConfigKeys (ConfUtils.java:logGet(43)) - raft.server.notification.no-leader.timeout = 1000s (custom)
2019-10-21 06:03:15,597 [pool-47-thread-1] INFO  server.RaftServerConfigKeys (ConfUtils.java:logGet(43)) - raft.server.notification.no-leader.timeout = 1000s (custom)
2019-10-21 06:03:15,597 [pool-37-thread-1] INFO  server.RaftServerConfigKeys (ConfUtils.java:logGet(43)) - raft.server.log.use.memory = false (default)
2019-10-21 06:03:15,597 [pool-27-thread-1] INFO  server.RaftServerConfigKeys (ConfUtils.java:logGet(43)) - raft.server.notification.no-leader.timeout = 1000s (custom)
2019-10-21 06:03:15,597 [pool-37-thread-1] INFO  server.RaftServerConfigKeys (ConfUtils.java:logGet(43)) - raft.server.log.purge.gap = 1000000 (custom)
2019-10-21 06:03:15,597 [pool-47-thread-1] INFO  server.RaftServerConfigKeys (ConfUtils.java:logGet(43)) - raft.server.log.use.memory = false (default)
2019-10-21 06:03:15,598 [pool-37-thread-1] INFO  server.RaftServerConfigKeys (ConfUtils.java:logGet(43)) - raft.server.log.appender.buffer.byte-limit = 33554432 (custom)
2019-10-21 06:03:15,598 [pool-27-thread-1] INFO  server.RaftServerConfigKeys (ConfUtils.java:logGet(43)) - raft.server.log.use.memory = false (default)
2019-10-21 06:03:15,598 [pool-37-thread-1] INFO  server.RaftServerConfigKeys (ConfUtils.java:logGet(43)) - raft.server.log.segment.size.max = 1048576 (custom)
2019-10-21 06:03:15,598 [pool-47-thread-1] INFO  server.RaftServerConfigKeys (ConfUtils.java:logGet(43)) - raft.server.log.purge.gap = 1000000 (custom)
2019-10-21 06:03:15,598 [pool-37-thread-1] INFO  server.RaftServerConfigKeys (ConfUtils.java:logGet(43)) - raft.server.log.segment.cache.num.max = 2 (custom)
2019-10-21 06:03:15,598 [pool-27-thread-1] INFO  server.RaftServerConfigKeys (ConfUtils.java:logGet(43)) - raft.server.log.purge.gap = 1000000 (custom)
2019-10-21 06:03:15,599 [pool-37-thread-1] INFO  segmented.SegmentedRaftLogWorker (SegmentedRaftLogWorker.java:<init>(173)) - new a588f1ac-0e88-414d-9361-c050928a17f1@group-58705FFBD881-SegmentedRaftLogWorker for RaftStorage:Storage Directory /workdir/hadoop-ozone/integration-test/target/test-dir/MiniOzoneClusterImpl-57da642c-82d6-499f-aa71-47bf78ddd986/datanode-1/data/ratis/8f9e0d08-2118-49e4-bafd-58705ffbd881
2019-10-21 06:03:15,598 [pool-47-thread-1] INFO  server.RaftServerConfigKeys (ConfUtils.java:logGet(43)) - raft.server.log.appender.buffer.byte-limit = 33554432 (custom)
2019-10-21 06:03:15,599 [pool-37-thread-1] INFO  server.RaftServerConfigKeys (ConfUtils.java:logGet(43)) - raft.server.log.queue.byte-limit = 2147483647 (custom)
2019-10-21 06:03:15,599 [pool-47-thread-1] INFO  server.RaftServerConfigKeys (ConfUtils.java:logGet(43)) - raft.server.log.segment.size.max = 1048576 (custom)
2019-10-21 06:03:15,599 [pool-27-thread-1] INFO  server.RaftServerConfigKeys (ConfUtils.java:logGet(43)) - raft.server.log.appender.buffer.byte-limit = 33554432 (custom)
2019-10-21 06:03:15,599 [pool-47-thread-1] INFO  server.RaftServerConfigKeys (ConfUtils.java:logGet(43)) - raft.server.log.segment.cache.num.max = 2 (custom)
2019-10-21 06:03:15,599 [pool-37-thread-1] INFO  server.RaftServerConfigKeys (ConfUtils.java:logGet(43)) - raft.server.log.queue.element-limit = 1024 (custom)
2019-10-21 06:03:15,600 [pool-47-thread-1] INFO  segmented.SegmentedRaftLogWorker (SegmentedRaftLogWorker.java:<init>(173)) - new 5389c291-9dbf-4ff3-95a2-a367bd79a92b@group-58705FFBD881-SegmentedRaftLogWorker for RaftStorage:Storage Directory /workdir/hadoop-ozone/integration-test/target/test-dir/MiniOzoneClusterImpl-57da642c-82d6-499f-aa71-47bf78ddd986/datanode-2/data/ratis/8f9e0d08-2118-49e4-bafd-58705ffbd881
2019-10-21 06:03:15,599 [pool-27-thread-1] INFO  server.RaftServerConfigKeys (ConfUtils.java:logGet(43)) - raft.server.log.segment.size.max = 1048576 (custom)
2019-10-21 06:03:15,600 [pool-47-thread-1] INFO  server.RaftServerConfigKeys (ConfUtils.java:logGet(43)) - raft.server.log.queue.byte-limit = 2147483647 (custom)
2019-10-21 06:03:15,600 [pool-37-thread-1] INFO  server.RaftServerConfigKeys (ConfUtils.java:logGet(43)) - raft.server.log.segment.size.max = 1048576 (custom)
2019-10-21 06:03:15,600 [pool-27-thread-1] INFO  server.RaftServerConfigKeys (ConfUtils.java:logGet(43)) - raft.server.log.segment.cache.num.max = 2 (custom)
2019-10-21 06:03:15,600 [pool-37-thread-1] INFO  server.RaftServerConfigKeys (ConfUtils.java:logGet(43)) - raft.server.log.preallocated.size = 16384 (custom)
2019-10-21 06:03:15,600 [pool-47-thread-1] INFO  server.RaftServerConfigKeys (ConfUtils.java:logGet(43)) - raft.server.log.queue.element-limit = 1024 (custom)
2019-10-21 06:03:15,601 [pool-37-thread-1] INFO  server.RaftServerConfigKeys (ConfUtils.java:logGet(43)) - raft.server.log.write.buffer.size = 33554432 (custom)
2019-10-21 06:03:15,601 [pool-27-thread-1] INFO  segmented.SegmentedRaftLogWorker (SegmentedRaftLogWorker.java:<init>(173)) - new 2de534ac-c407-4ec5-ab68-e4d0e1b50d95@group-58705FFBD881-SegmentedRaftLogWorker for RaftStorage:Storage Directory /workdir/hadoop-ozone/integration-test/target/test-dir/MiniOzoneClusterImpl-57da642c-82d6-499f-aa71-47bf78ddd986/datanode-0/data/ratis/8f9e0d08-2118-49e4-bafd-58705ffbd881
2019-10-21 06:03:15,601 [pool-37-thread-1] INFO  server.RaftServerConfigKeys (ConfUtils.java:logGet(43)) - raft.server.log.force.sync.num = 128 (default)
2019-10-21 06:03:15,601 [pool-47-thread-1] INFO  server.RaftServerConfigKeys (ConfUtils.java:logGet(43)) - raft.server.log.segment.size.max = 1048576 (custom)
2019-10-21 06:03:15,601 [pool-37-thread-1] INFO  server.RaftServerConfigKeys (ConfUtils.java:logGet(43)) - raft.server.log.statemachine.data.sync = true (default)
2019-10-21 06:03:15,601 [pool-27-thread-1] INFO  server.RaftServerConfigKeys (ConfUtils.java:logGet(43)) - raft.server.log.queue.byte-limit = 2147483647 (custom)
2019-10-21 06:03:15,602 [pool-37-thread-1] INFO  server.RaftServerConfigKeys (ConfUtils.java:logGet(43)) - raft.server.log.statemachine.data.sync.timeout = 10s (default)
2019-10-21 06:03:15,601 [pool-47-thread-1] INFO  server.RaftServerConfigKeys (ConfUtils.java:logGet(43)) - raft.server.log.preallocated.size = 16384 (custom)
2019-10-21 06:03:15,602 [pool-37-thread-1] INFO  server.RaftServerConfigKeys (ConfUtils.java:logGet(43)) - raft.server.log.statemachine.data.sync.timeout.retry = -1 (default)
2019-10-21 06:03:15,602 [pool-27-thread-1] INFO  server.RaftServerConfigKeys (ConfUtils.java:logGet(43)) - raft.server.log.queue.element-limit = 1024 (custom)
2019-10-21 06:03:15,602 [pool-47-thread-1] INFO  server.RaftServerConfigKeys (ConfUtils.java:logGet(43)) - raft.server.log.write.buffer.size = 33554432 (custom)
2019-10-21 06:03:15,602 [pool-37-thread-1] INFO  server.RaftServerConfigKeys (ConfUtils.java:logGet(43)) - raft.server.log.statemachine.data.caching.enabled = true (custom)
2019-10-21 06:03:15,602 [pool-27-thread-1] INFO  server.RaftServerConfigKeys (ConfUtils.java:logGet(43)) - raft.server.log.segment.size.max = 1048576 (custom)
2019-10-21 06:03:15,602 [pool-47-thread-1] INFO  server.RaftServerConfigKeys (ConfUtils.java:logGet(43)) - raft.server.log.force.sync.num = 128 (default)
2019-10-21 06:03:15,603 [pool-37-thread-1] INFO  segmented.SegmentedRaftLogWorker (SegmentedRaftLogWorker.java:lambda$new$0(128)) - a588f1ac-0e88-414d-9361-c050928a17f1@group-58705FFBD881-SegmentedRaftLogWorker: flushIndex: setUnconditionally 0 -> -1
2019-10-21 06:03:15,603 [pool-27-thread-1] INFO  server.RaftServerConfigKeys (ConfUtils.java:logGet(43)) - raft.server.log.preallocated.size = 16384 (custom)
2019-10-21 06:03:15,603 [pool-47-thread-1] INFO  server.RaftServerConfigKeys (ConfUtils.java:logGet(43)) - raft.server.log.statemachine.data.sync = true (default)
2019-10-21 06:03:15,603 [pool-37-thread-1] INFO  server.RaftServerConfigKeys (ConfUtils.java:logGet(43)) - raft.server.snapshot.auto.trigger.enabled = true (custom)
2019-10-21 06:03:15,603 [pool-27-thread-1] INFO  server.RaftServerConfigKeys (ConfUtils.java:logGet(43)) - raft.server.log.write.buffer.size = 33554432 (custom)
2019-10-21 06:03:15,603 [pool-37-thread-1] INFO  server.RaftServerConfigKeys (ConfUtils.java:logGet(43)) - raft.server.snapshot.auto.trigger.threshold = 10000 (custom)
2019-10-21 06:03:15,603 [pool-47-thread-1] INFO  server.RaftServerConfigKeys (ConfUtils.java:logGet(43)) - raft.server.log.statemachine.data.sync.timeout = 10s (default)
2019-10-21 06:03:15,604 [pool-37-thread-1] INFO  server.RaftServerConfigKeys (ConfUtils.java:logGet(43)) - raft.server.snapshot.retention.file.num = 5 (custom)
2019-10-21 06:03:15,604 [pool-27-thread-1] INFO  server.RaftServerConfigKeys (ConfUtils.java:logGet(43)) - raft.server.log.force.sync.num = 128 (default)
2019-10-21 06:03:15,604 [pool-37-thread-1] INFO  server.RaftServerConfigKeys (ConfUtils.java:logGet(43)) - raft.server.retrycache.expirytime = 600000ms (custom)
2019-10-21 06:03:15,604 [pool-47-thread-1] INFO  server.RaftServerConfigKeys (ConfUtils.java:logGet(43)) - raft.server.log.statemachine.data.sync.timeout.retry = -1 (default)
2019-10-21 06:03:15,604 [pool-37-thread-1] WARN  impl.MetricRegistriesImpl (MetricRegistriesImpl.java:lambda$create$1(61)) - First MetricRegistry has been created without registering reporters. You may need to call MetricRegistries.global().addReportRegistration(...) before.
2019-10-21 06:03:15,604 [pool-27-thread-1] INFO  server.RaftServerConfigKeys (ConfUtils.java:logGet(43)) - raft.server.log.statemachine.data.sync = true (default)
2019-10-21 06:03:15,605 [pool-47-thread-1] INFO  server.RaftServerConfigKeys (ConfUtils.java:logGet(43)) - raft.server.log.statemachine.data.caching.enabled = true (custom)
2019-10-21 06:03:15,605 [pool-37-thread-1] WARN  impl.MetricRegistriesImpl (MetricRegistriesImpl.java:lambda$create$1(61)) - First MetricRegistry has been created without registering reporters. You may need to call MetricRegistries.global().addReportRegistration(...) before.
2019-10-21 06:03:15,605 [pool-27-thread-1] INFO  server.RaftServerConfigKeys (ConfUtils.java:logGet(43)) - raft.server.log.statemachine.data.sync.timeout = 10s (default)
2019-10-21 06:03:15,605 [pool-37-thread-1] INFO  impl.RaftServerImpl (RaftServerImpl.java:start(184)) - a588f1ac-0e88-414d-9361-c050928a17f1@group-58705FFBD881: start as a follower, conf=-1: [2de534ac-c407-4ec5-ab68-e4d0e1b50d95:192.168.34.63:40946, 5389c291-9dbf-4ff3-95a2-a367bd79a92b:192.168.34.63:45480, a588f1ac-0e88-414d-9361-c050928a17f1:192.168.34.63:38160], old=null
2019-10-21 06:03:15,605 [pool-27-thread-1] INFO  server.RaftServerConfigKeys (ConfUtils.java:logGet(43)) - raft.server.log.statemachine.data.sync.timeout.retry = -1 (default)
2019-10-21 06:03:15,605 [pool-47-thread-1] INFO  segmented.SegmentedRaftLogWorker (SegmentedRaftLogWorker.java:lambda$new$0(128)) - 5389c291-9dbf-4ff3-95a2-a367bd79a92b@group-58705FFBD881-SegmentedRaftLogWorker: flushIndex: setUnconditionally 0 -> -1
2019-10-21 06:03:15,606 [pool-27-thread-1] INFO  server.RaftServerConfigKeys (ConfUtils.java:logGet(43)) - raft.server.log.statemachine.data.caching.enabled = true (custom)
2019-10-21 06:03:15,605 [pool-37-thread-1] INFO  impl.RaftServerImpl (RaftServerImpl.java:setRole(173)) - a588f1ac-0e88-414d-9361-c050928a17f1@group-58705FFBD881: changes role from      null to FOLLOWER at term 0 for startAsFollower
2019-10-21 06:03:15,606 [pool-47-thread-1] INFO  server.RaftServerConfigKeys (ConfUtils.java:logGet(43)) - raft.server.snapshot.auto.trigger.enabled = true (custom)
2019-10-21 06:03:15,606 [pool-37-thread-1] INFO  impl.RoleInfo (RoleInfo.java:updateAndGet(143)) - a588f1ac-0e88-414d-9361-c050928a17f1: start FollowerState
2019-10-21 06:03:15,606 [pool-47-thread-1] INFO  server.RaftServerConfigKeys (ConfUtils.java:logGet(43)) - raft.server.snapshot.auto.trigger.threshold = 10000 (custom)
2019-10-21 06:03:15,606 [pool-27-thread-1] INFO  segmented.SegmentedRaftLogWorker (SegmentedRaftLogWorker.java:lambda$new$0(128)) - 2de534ac-c407-4ec5-ab68-e4d0e1b50d95@group-58705FFBD881-SegmentedRaftLogWorker: flushIndex: setUnconditionally 0 -> -1
2019-10-21 06:03:15,606 [pool-47-thread-1] INFO  server.RaftServerConfigKeys (ConfUtils.java:logGet(43)) - raft.server.snapshot.retention.file.num = 5 (custom)
2019-10-21 06:03:15,607 [pool-37-thread-1] INFO  util.JmxRegister (JmxRegister.java:tryRegister(44)) - Successfully registered JMX Bean with object name Ratis:service=RaftServer,group=group-58705FFBD881,id=a588f1ac-0e88-414d-9361-c050928a17f1
2019-10-21 06:03:15,607 [pool-27-thread-1] INFO  server.RaftServerConfigKeys (ConfUtils.java:logGet(43)) - raft.server.snapshot.auto.trigger.enabled = true (custom)
2019-10-21 06:03:15,607 [pool-37-thread-1] WARN  impl.MetricRegistriesImpl (MetricRegistriesImpl.java:lambda$create$1(61)) - First MetricRegistry has been created without registering reporters. You may need to call MetricRegistries.global().addReportRegistration(...) before.
2019-10-21 06:03:15,607 [pool-47-thread-1] INFO  server.RaftServerConfigKeys (ConfUtils.java:logGet(43)) - raft.server.retrycache.expirytime = 600000ms (custom)
2019-10-21 06:03:15,607 [pool-27-thread-1] INFO  server.RaftServerConfigKeys (ConfUtils.java:logGet(43)) - raft.server.snapshot.auto.trigger.threshold = 10000 (custom)
2019-10-21 06:03:15,607 [pool-47-thread-1] WARN  impl.MetricRegistriesImpl (MetricRegistriesImpl.java:lambda$create$1(61)) - First MetricRegistry has been created without registering reporters. You may need to call MetricRegistries.global().addReportRegistration(...) before.
2019-10-21 06:03:15,608 [pool-27-thread-1] INFO  server.RaftServerConfigKeys (ConfUtils.java:logGet(43)) - raft.server.snapshot.retention.file.num = 5 (custom)
2019-10-21 06:03:15,608 [pool-47-thread-1] WARN  impl.MetricRegistriesImpl (MetricRegistriesImpl.java:lambda$create$1(61)) - First MetricRegistry has been created without registering reporters. You may need to call MetricRegistries.global().addReportRegistration(...) before.
2019-10-21 06:03:15,608 [pool-27-thread-1] INFO  server.RaftServerConfigKeys (ConfUtils.java:logGet(43)) - raft.server.retrycache.expirytime = 600000ms (custom)
2019-10-21 06:03:15,608 [pool-27-thread-1] WARN  impl.MetricRegistriesImpl (MetricRegistriesImpl.java:lambda$create$1(61)) - First MetricRegistry has been created without registering reporters. You may need to call MetricRegistries.global().addReportRegistration(...) before.
2019-10-21 06:03:15,608 [pool-47-thread-1] INFO  impl.RaftServerImpl (RaftServerImpl.java:start(184)) - 5389c291-9dbf-4ff3-95a2-a367bd79a92b@group-58705FFBD881: start as a follower, conf=-1: [2de534ac-c407-4ec5-ab68-e4d0e1b50d95:192.168.34.63:40946, 5389c291-9dbf-4ff3-95a2-a367bd79a92b:192.168.34.63:45480, a588f1ac-0e88-414d-9361-c050928a17f1:192.168.34.63:38160], old=null
2019-10-21 06:03:15,608 [pool-27-thread-1] WARN  impl.MetricRegistriesImpl (MetricRegistriesImpl.java:lambda$create$1(61)) - First MetricRegistry has been created without registering reporters. You may need to call MetricRegistries.global().addReportRegistration(...) before.
2019-10-21 06:03:15,609 [pool-47-thread-1] INFO  impl.RaftServerImpl (RaftServerImpl.java:setRole(173)) - 5389c291-9dbf-4ff3-95a2-a367bd79a92b@group-58705FFBD881: changes role from      null to FOLLOWER at term 0 for startAsFollower
2019-10-21 06:03:15,613 [pool-27-thread-1] INFO  impl.RaftServerImpl (RaftServerImpl.java:start(184)) - 2de534ac-c407-4ec5-ab68-e4d0e1b50d95@group-58705FFBD881: start as a follower, conf=-1: [2de534ac-c407-4ec5-ab68-e4d0e1b50d95:192.168.34.63:40946, 5389c291-9dbf-4ff3-95a2-a367bd79a92b:192.168.34.63:45480, a588f1ac-0e88-414d-9361-c050928a17f1:192.168.34.63:38160], old=null
2019-10-21 06:03:15,613 [pool-47-thread-1] INFO  impl.RoleInfo (RoleInfo.java:updateAndGet(143)) - 5389c291-9dbf-4ff3-95a2-a367bd79a92b: start FollowerState
2019-10-21 06:03:15,613 [pool-27-thread-1] INFO  impl.RaftServerImpl (RaftServerImpl.java:setRole(173)) - 2de534ac-c407-4ec5-ab68-e4d0e1b50d95@group-58705FFBD881: changes role from      null to FOLLOWER at term 0 for startAsFollower
2019-10-21 06:03:15,614 [pool-47-thread-1] INFO  util.JmxRegister (JmxRegister.java:tryRegister(44)) - Successfully registered JMX Bean with object name Ratis:service=RaftServer,group=group-58705FFBD881,id=5389c291-9dbf-4ff3-95a2-a367bd79a92b
2019-10-21 06:03:15,614 [pool-27-thread-1] INFO  impl.RoleInfo (RoleInfo.java:updateAndGet(143)) - 2de534ac-c407-4ec5-ab68-e4d0e1b50d95: start FollowerState
2019-10-21 06:03:15,614 [pool-47-thread-1] WARN  impl.MetricRegistriesImpl (MetricRegistriesImpl.java:lambda$create$1(61)) - First MetricRegistry has been created without registering reporters. You may need to call MetricRegistries.global().addReportRegistration(...) before.
2019-10-21 06:03:15,616 [pool-27-thread-1] INFO  util.JmxRegister (JmxRegister.java:tryRegister(44)) - Successfully registered JMX Bean with object name Ratis:service=RaftServer,group=group-58705FFBD881,id=2de534ac-c407-4ec5-ab68-e4d0e1b50d95
2019-10-21 06:03:15,616 [pool-27-thread-1] WARN  impl.MetricRegistriesImpl (MetricRegistriesImpl.java:lambda$create$1(61)) - First MetricRegistry has been created without registering reporters. You may need to call MetricRegistries.global().addReportRegistration(...) before.
2019-10-21 06:03:15,628 [RatisPipelineUtilsThread] INFO  pipeline.PipelineStateManager (PipelineStateManager.java:addPipeline(55)) - Created pipeline Pipeline[ Id: 8f9e0d08-2118-49e4-bafd-58705ffbd881, Nodes: 2de534ac-c407-4ec5-ab68-e4d0e1b50d95{ip: 192.168.34.63, host: pr-hdds-1868-wsm2n-11235469, networkLocation: /default-rack, certSerialId: null}5389c291-9dbf-4ff3-95a2-a367bd79a92b{ip: 192.168.34.63, host: pr-hdds-1868-wsm2n-11235469, networkLocation: /default-rack, certSerialId: null}a588f1ac-0e88-414d-9361-c050928a17f1{ip: 192.168.34.63, host: pr-hdds-1868-wsm2n-11235469, networkLocation: /default-rack, certSerialId: null}, Type:RATIS, Factor:THREE, State:ALLOCATED]
2019-10-21 06:03:15,629 [Thread-181] INFO  pipeline.PipelineStateManager (PipelineStateManager.java:finalizePipeline(121)) - Pipeline Pipeline[ Id: 99610bc7-8307-43be-a837-85828d3fe327, Nodes: a588f1ac-0e88-414d-9361-c050928a17f1{ip: 192.168.34.63, host: pr-hdds-1868-wsm2n-11235469, networkLocation: /default-rack, certSerialId: null}, Type:RATIS, Factor:ONE, State:CLOSED] moved to CLOSED state
2019-10-21 06:03:15,641 [grpc-default-executor-2] INFO  impl.RaftServerProxy (RaftServerProxy.java:remove(95)) - a588f1ac-0e88-414d-9361-c050928a17f1: remove  FOLLOWER a588f1ac-0e88-414d-9361-c050928a17f1@group-85828D3FE327:t0, leader=null, voted=null, raftlog=a588f1ac-0e88-414d-9361-c050928a17f1@group-85828D3FE327-SegmentedRaftLog:OPENED:c-1,f-1,i0, conf=-1: [a588f1ac-0e88-414d-9361-c050928a17f1:192.168.34.63:38160], old=null RUNNING
2019-10-21 06:03:15,642 [grpc-default-executor-2] INFO  impl.RaftServerImpl (RaftServerImpl.java:lambda$shutdown$3(250)) - a588f1ac-0e88-414d-9361-c050928a17f1@group-85828D3FE327: shutdown
2019-10-21 06:03:15,642 [grpc-default-executor-2] INFO  util.JmxRegister (JmxRegister.java:unregister(73)) - Successfully un-registered JMX Bean with object name Ratis:service=RaftServer,group=group-85828D3FE327,id=a588f1ac-0e88-414d-9361-c050928a17f1
2019-10-21 06:03:15,642 [grpc-default-executor-2] INFO  impl.RoleInfo (RoleInfo.java:shutdownFollowerState(121)) - a588f1ac-0e88-414d-9361-c050928a17f1: shutdown FollowerState
2019-10-21 06:03:15,642 [grpc-default-executor-2] INFO  impl.StateMachineUpdater (StateMachineUpdater.java:stopAndJoin(136)) - a588f1ac-0e88-414d-9361-c050928a17f1@group-85828D3FE327-StateMachineUpdater: set stopIndex = -1
2019-10-21 06:03:15,643 [Thread-192] INFO  impl.FollowerState (FollowerState.java:run(120)) - a588f1ac-0e88-414d-9361-c050928a17f1@group-85828D3FE327-FollowerState was interrupted: java.lang.InterruptedException: sleep interrupted
2019-10-21 06:03:15,643 [grpc-default-executor-2] INFO  impl.RaftServerImpl (ServerState.java:close(387)) - a588f1ac-0e88-414d-9361-c050928a17f1@group-85828D3FE327: closes. applyIndex: -1
2019-10-21 06:03:15,645 [a588f1ac-0e88-414d-9361-c050928a17f1@group-85828D3FE327-SegmentedRaftLogWorker] INFO  segmented.SegmentedRaftLogWorker (SegmentedRaftLogWorker.java:run(316)) - a588f1ac-0e88-414d-9361-c050928a17f1@group-85828D3FE327-SegmentedRaftLogWorker was interrupted, exiting. There are 0 tasks remaining in the queue.
2019-10-21 06:03:15,645 [grpc-default-executor-2] INFO  segmented.SegmentedRaftLogWorker (SegmentedRaftLogWorker.java:close(224)) - a588f1ac-0e88-414d-9361-c050928a17f1@group-85828D3FE327-SegmentedRaftLogWorker close()
2019-10-21 06:03:15,655 [Thread-181] INFO  pipeline.PipelineStateManager (PipelineStateManager.java:removePipeline(106)) - Pipeline Pipeline[ Id: 99610bc7-8307-43be-a837-85828d3fe327, Nodes: a588f1ac-0e88-414d-9361-c050928a17f1{ip: 192.168.34.63, host: pr-hdds-1868-wsm2n-11235469, networkLocation: /default-rack, certSerialId: null}, Type:RATIS, Factor:ONE, State:CLOSED] removed from db
2019-10-21 06:03:15,655 [Thread-181] INFO  pipeline.SCMPipelineManager (SCMPipelineManager.java:finalizeAndDestroyPipeline(316)) - destroying pipeline:Pipeline[ Id: 8bfe27db-0fb3-48c7-a189-e247bbad1dd8, Nodes: 5389c291-9dbf-4ff3-95a2-a367bd79a92b{ip: 192.168.34.63, host: pr-hdds-1868-wsm2n-11235469, networkLocation: /default-rack, certSerialId: null}, Type:RATIS, Factor:ONE, State:ALLOCATED]
2019-10-21 06:03:15,666 [grpc-default-executor-2] INFO  impl.RaftServerProxy (RaftServerProxy.java:addNew(89)) - a588f1ac-0e88-414d-9361-c050928a17f1: addNew group-B2E41A75A66B:[a588f1ac-0e88-414d-9361-c050928a17f1:192.168.34.63:38160] returns group-B2E41A75A66B:java.util.concurrent.CompletableFuture@44122e9[Not completed]
2019-10-21 06:03:15,667 [pool-37-thread-1] INFO  impl.RaftServerImpl (RaftServerImpl.java:<init>(98)) - a588f1ac-0e88-414d-9361-c050928a17f1: new RaftServerImpl for group-B2E41A75A66B:[a588f1ac-0e88-414d-9361-c050928a17f1:192.168.34.63:38160] with ContainerStateMachine:uninitialized
2019-10-21 06:03:15,668 [pool-37-thread-1] INFO  server.RaftServerConfigKeys (ConfUtils.java:logGet(43)) - raft.server.rpc.timeout.min = 5s (custom)
2019-10-21 06:03:15,668 [pool-37-thread-1] INFO  server.RaftServerConfigKeys (ConfUtils.java:logGet(43)) - raft.server.rpc.timeout.max = 5200ms (custom)
2019-10-21 06:03:15,668 [pool-37-thread-1] INFO  server.RaftServerConfigKeys (ConfUtils.java:logGet(43)) - raft.server.rpcslowness.timeout = 1000s (custom)
2019-10-21 06:03:15,668 [pool-37-thread-1] INFO  server.RaftServerConfigKeys (ConfUtils.java:logGet(43)) - raft.server.sleep.deviation.threshold = 300 (default)
2019-10-21 06:03:15,668 [pool-37-thread-1] INFO  server.RaftServerConfigKeys (ConfUtils.java:logGet(43)) - raft.server.log.appender.install.snapshot.enabled = false (custom)
2019-10-21 06:03:15,668 [pool-37-thread-1] INFO  impl.RaftServerImpl (ServerState.java:<init>(103)) - a588f1ac-0e88-414d-9361-c050928a17f1@group-B2E41A75A66B: ConfigurationManager, init=-1: [a588f1ac-0e88-414d-9361-c050928a17f1:192.168.34.63:38160], old=null, confs=<EMPTY_MAP>
2019-10-21 06:03:15,668 [pool-37-thread-1] INFO  server.RaftServerConfigKeys (ConfUtils.java:logGet(43)) - raft.server.storage.dir = [/workdir/hadoop-ozone/integration-test/target/test-dir/MiniOzoneClusterImpl-57da642c-82d6-499f-aa71-47bf78ddd986/datanode-1/data/ratis] (custom)
2019-10-21 06:03:15,669 [pool-37-thread-1] INFO  server.RaftServerConfigKeys (ConfUtils.java:logGet(43)) - raft.server.log.corruption.policy = EXCEPTION (default)
2019-10-21 06:03:15,669 [pool-37-thread-1] INFO  storage.RaftStorageDirectory (RaftStorageDirectory.java:analyzeStorage(246)) - The storage directory /workdir/hadoop-ozone/integration-test/target/test-dir/MiniOzoneClusterImpl-57da642c-82d6-499f-aa71-47bf78ddd986/datanode-1/data/ratis/a04d7402-9fde-4d8d-8d85-b2e41a75a66b does not exist. Creating ...
2019-10-21 06:03:15,682 [pool-37-thread-1] INFO  storage.RaftStorageDirectory (RaftStorageDirectory.java:tryLock(328)) - Lock on /workdir/hadoop-ozone/integration-test/target/test-dir/MiniOzoneClusterImpl-57da642c-82d6-499f-aa71-47bf78ddd986/datanode-1/data/ratis/a04d7402-9fde-4d8d-8d85-b2e41a75a66b/in_use.lock acquired by nodename 22508@pr-hdds-1868-wsm2n-11235469
2019-10-21 06:03:15,695 [pool-37-thread-1] INFO  storage.RaftStorage (RaftStorage.java:format(84)) - Storage directory /workdir/hadoop-ozone/integration-test/target/test-dir/MiniOzoneClusterImpl-57da642c-82d6-499f-aa71-47bf78ddd986/datanode-1/data/ratis/a04d7402-9fde-4d8d-8d85-b2e41a75a66b has been successfully formatted.
2019-10-21 06:03:15,695 [pool-37-thread-1] INFO  ratis.ContainerStateMachine (ContainerStateMachine.java:loadSnapshot(233)) - group-B2E41A75A66B: The snapshot info is null. Setting the last applied indexto:(t:0, i:~)
2019-10-21 06:03:15,695 [pool-37-thread-1] INFO  server.RaftServerConfigKeys (ConfUtils.java:logGet(43)) - raft.server.notification.no-leader.timeout = 1000s (custom)
2019-10-21 06:03:15,695 [pool-37-thread-1] INFO  server.RaftServerConfigKeys (ConfUtils.java:logGet(43)) - raft.server.log.use.memory = false (default)
2019-10-21 06:03:15,695 [pool-37-thread-1] INFO  server.RaftServerConfigKeys (ConfUtils.java:logGet(43)) - raft.server.log.purge.gap = 1000000 (custom)
2019-10-21 06:03:15,695 [pool-37-thread-1] INFO  server.RaftServerConfigKeys (ConfUtils.java:logGet(43)) - raft.server.log.appender.buffer.byte-limit = 33554432 (custom)
2019-10-21 06:03:15,696 [pool-37-thread-1] INFO  server.RaftServerConfigKeys (ConfUtils.java:logGet(43)) - raft.server.log.segment.size.max = 1048576 (custom)
2019-10-21 06:03:15,696 [pool-37-thread-1] INFO  server.RaftServerConfigKeys (ConfUtils.java:logGet(43)) - raft.server.log.segment.cache.num.max = 2 (custom)
2019-10-21 06:03:15,696 [pool-37-thread-1] INFO  segmented.SegmentedRaftLogWorker (SegmentedRaftLogWorker.java:<init>(173)) - new a588f1ac-0e88-414d-9361-c050928a17f1@group-B2E41A75A66B-SegmentedRaftLogWorker for RaftStorage:Storage Directory /workdir/hadoop-ozone/integration-test/target/test-dir/MiniOzoneClusterImpl-57da642c-82d6-499f-aa71-47bf78ddd986/datanode-1/data/ratis/a04d7402-9fde-4d8d-8d85-b2e41a75a66b
2019-10-21 06:03:15,696 [pool-37-thread-1] INFO  server.RaftServerConfigKeys (ConfUtils.java:logGet(43)) - raft.server.log.queue.byte-limit = 2147483647 (custom)
2019-10-21 06:03:15,696 [pool-37-thread-1] INFO  server.RaftServerConfigKeys (ConfUtils.java:logGet(43)) - raft.server.log.queue.element-limit = 1024 (custom)
2019-10-21 06:03:15,696 [pool-37-thread-1] INFO  server.RaftServerConfigKeys (ConfUtils.java:logGet(43)) - raft.server.log.segment.size.max = 1048576 (custom)
2019-10-21 06:03:15,696 [pool-37-thread-1] INFO  server.RaftServerConfigKeys (ConfUtils.java:logGet(43)) - raft.server.log.preallocated.size = 16384 (custom)
2019-10-21 06:03:15,696 [pool-37-thread-1] INFO  server.RaftServerConfigKeys (ConfUtils.java:logGet(43)) - raft.server.log.write.buffer.size = 33554432 (custom)
2019-10-21 06:03:15,696 [pool-37-thread-1] INFO  server.RaftServerConfigKeys (ConfUtils.java:logGet(43)) - raft.server.log.force.sync.num = 128 (default)
2019-10-21 06:03:15,697 [pool-37-thread-1] INFO  server.RaftServerConfigKeys (ConfUtils.java:logGet(43)) - raft.server.log.statemachine.data.sync = true (default)
2019-10-21 06:03:15,697 [pool-37-thread-1] INFO  server.RaftServerConfigKeys (ConfUtils.java:logGet(43)) - raft.server.log.statemachine.data.sync.timeout = 10s (default)
2019-10-21 06:03:15,697 [pool-37-thread-1] INFO  server.RaftServerConfigKeys (ConfUtils.java:logGet(43)) - raft.server.log.statemachine.data.sync.timeout.retry = -1 (default)
2019-10-21 06:03:15,697 [pool-37-thread-1] INFO  server.RaftServerConfigKeys (ConfUtils.java:logGet(43)) - raft.server.log.statemachine.data.caching.enabled = true (custom)
2019-10-21 06:03:15,697 [pool-37-thread-1] INFO  segmented.SegmentedRaftLogWorker (SegmentedRaftLogWorker.java:lambda$new$0(128)) - a588f1ac-0e88-414d-9361-c050928a17f1@group-B2E41A75A66B-SegmentedRaftLogWorker: flushIndex: setUnconditionally 0 -> -1
2019-10-21 06:03:15,698 [pool-37-thread-1] INFO  server.RaftServerConfigKeys (ConfUtils.java:logGet(43)) - raft.server.snapshot.auto.trigger.enabled = true (custom)
2019-10-21 06:03:15,698 [pool-37-thread-1] INFO  server.RaftServerConfigKeys (ConfUtils.java:logGet(43)) - raft.server.snapshot.auto.trigger.threshold = 10000 (custom)
2019-10-21 06:03:15,698 [pool-37-thread-1] INFO  server.RaftServerConfigKeys (ConfUtils.java:logGet(43)) - raft.server.snapshot.retention.file.num = 5 (custom)
2019-10-21 06:03:15,698 [pool-37-thread-1] INFO  server.RaftServerConfigKeys (ConfUtils.java:logGet(43)) - raft.server.retrycache.expirytime = 600000ms (custom)
2019-10-21 06:03:15,698 [pool-37-thread-1] WARN  impl.MetricRegistriesImpl (MetricRegistriesImpl.java:lambda$create$1(61)) - First MetricRegistry has been created without registering reporters. You may need to call MetricRegistries.global().addReportRegistration(...) before.
2019-10-21 06:03:15,698 [pool-37-thread-1] WARN  impl.MetricRegistriesImpl (MetricRegistriesImpl.java:lambda$create$1(61)) - First MetricRegistry has been created without registering reporters. You may need to call MetricRegistries.global().addReportRegistration(...) before.
2019-10-21 06:03:15,699 [pool-37-thread-1] INFO  impl.RaftServerImpl (RaftServerImpl.java:start(184)) - a588f1ac-0e88-414d-9361-c050928a17f1@group-B2E41A75A66B: start as a follower, conf=-1: [a588f1ac-0e88-414d-9361-c050928a17f1:192.168.34.63:38160], old=null
2019-10-21 06:03:15,699 [pool-37-thread-1] INFO  impl.RaftServerImpl (RaftServerImpl.java:setRole(173)) - a588f1ac-0e88-414d-9361-c050928a17f1@group-B2E41A75A66B: changes role from      null to FOLLOWER at term 0 for startAsFollower
2019-10-21 06:03:15,699 [pool-37-thread-1] INFO  impl.RoleInfo (RoleInfo.java:updateAndGet(143)) - a588f1ac-0e88-414d-9361-c050928a17f1: start FollowerState
2019-10-21 06:03:15,699 [pool-37-thread-1] INFO  util.JmxRegister (JmxRegister.java:tryRegister(44)) - Successfully registered JMX Bean with object name Ratis:service=RaftServer,group=group-B2E41A75A66B,id=a588f1ac-0e88-414d-9361-c050928a17f1
2019-10-21 06:03:15,699 [pool-37-thread-1] WARN  impl.MetricRegistriesImpl (MetricRegistriesImpl.java:lambda$create$1(61)) - First MetricRegistry has been created without registering reporters. You may need to call MetricRegistries.global().addReportRegistration(...) before.
2019-10-21 06:03:15,708 [RatisPipelineUtilsThread] INFO  pipeline.PipelineStateManager (PipelineStateManager.java:addPipeline(55)) - Created pipeline Pipeline[ Id: a04d7402-9fde-4d8d-8d85-b2e41a75a66b, Nodes: a588f1ac-0e88-414d-9361-c050928a17f1{ip: 192.168.34.63, host: pr-hdds-1868-wsm2n-11235469, networkLocation: /default-rack, certSerialId: null}, Type:RATIS, Factor:ONE, State:ALLOCATED]
2019-10-21 06:03:15,710 [Thread-181] INFO  pipeline.PipelineStateManager (PipelineStateManager.java:finalizePipeline(121)) - Pipeline Pipeline[ Id: 8bfe27db-0fb3-48c7-a189-e247bbad1dd8, Nodes: 5389c291-9dbf-4ff3-95a2-a367bd79a92b{ip: 192.168.34.63, host: pr-hdds-1868-wsm2n-11235469, networkLocation: /default-rack, certSerialId: null}, Type:RATIS, Factor:ONE, State:CLOSED] moved to CLOSED state
2019-10-21 06:03:15,722 [grpc-default-executor-2] INFO  impl.RaftServerProxy (RaftServerProxy.java:remove(95)) - 5389c291-9dbf-4ff3-95a2-a367bd79a92b: remove  FOLLOWER 5389c291-9dbf-4ff3-95a2-a367bd79a92b@group-E247BBAD1DD8:t0, leader=null, voted=null, raftlog=5389c291-9dbf-4ff3-95a2-a367bd79a92b@group-E247BBAD1DD8-SegmentedRaftLog:OPENED:c-1,f-1,i0, conf=-1: [5389c291-9dbf-4ff3-95a2-a367bd79a92b:192.168.34.63:45480], old=null RUNNING
2019-10-21 06:03:15,723 [grpc-default-executor-2] INFO  impl.RaftServerImpl (RaftServerImpl.java:lambda$shutdown$3(250)) - 5389c291-9dbf-4ff3-95a2-a367bd79a92b@group-E247BBAD1DD8: shutdown
2019-10-21 06:03:15,723 [grpc-default-executor-2] INFO  util.JmxRegister (JmxRegister.java:unregister(73)) - Successfully un-registered JMX Bean with object name Ratis:service=RaftServer,group=group-E247BBAD1DD8,id=5389c291-9dbf-4ff3-95a2-a367bd79a92b
2019-10-21 06:03:15,723 [grpc-default-executor-2] INFO  impl.RoleInfo (RoleInfo.java:shutdownFollowerState(121)) - 5389c291-9dbf-4ff3-95a2-a367bd79a92b: shutdown FollowerState
2019-10-21 06:03:15,723 [grpc-default-executor-2] INFO  impl.StateMachineUpdater (StateMachineUpdater.java:stopAndJoin(136)) - 5389c291-9dbf-4ff3-95a2-a367bd79a92b@group-E247BBAD1DD8-StateMachineUpdater: set stopIndex = -1
2019-10-21 06:03:15,724 [Thread-189] INFO  impl.FollowerState (FollowerState.java:run(120)) - 5389c291-9dbf-4ff3-95a2-a367bd79a92b@group-E247BBAD1DD8-FollowerState was interrupted: java.lang.InterruptedException: sleep interrupted
2019-10-21 06:03:15,724 [grpc-default-executor-2] INFO  impl.RaftServerImpl (ServerState.java:close(387)) - 5389c291-9dbf-4ff3-95a2-a367bd79a92b@group-E247BBAD1DD8: closes. applyIndex: -1
2019-10-21 06:03:15,726 [5389c291-9dbf-4ff3-95a2-a367bd79a92b@group-E247BBAD1DD8-SegmentedRaftLogWorker] INFO  segmented.SegmentedRaftLogWorker (SegmentedRaftLogWorker.java:run(316)) - 5389c291-9dbf-4ff3-95a2-a367bd79a92b@group-E247BBAD1DD8-SegmentedRaftLogWorker was interrupted, exiting. There are 0 tasks remaining in the queue.
2019-10-21 06:03:15,726 [grpc-default-executor-2] INFO  segmented.SegmentedRaftLogWorker (SegmentedRaftLogWorker.java:close(224)) - 5389c291-9dbf-4ff3-95a2-a367bd79a92b@group-E247BBAD1DD8-SegmentedRaftLogWorker close()
2019-10-21 06:03:15,733 [Thread-181] INFO  pipeline.PipelineStateManager (PipelineStateManager.java:removePipeline(106)) - Pipeline Pipeline[ Id: 8bfe27db-0fb3-48c7-a189-e247bbad1dd8, Nodes: 5389c291-9dbf-4ff3-95a2-a367bd79a92b{ip: 192.168.34.63, host: pr-hdds-1868-wsm2n-11235469, networkLocation: /default-rack, certSerialId: null}, Type:RATIS, Factor:ONE, State:CLOSED] removed from db
2019-10-21 06:03:15,734 [Thread-181] INFO  pipeline.SCMPipelineManager (SCMPipelineManager.java:finalizeAndDestroyPipeline(316)) - destroying pipeline:Pipeline[ Id: af64c3fc-7c38-4394-a4ee-2ac4e1b6a703, Nodes: 2de534ac-c407-4ec5-ab68-e4d0e1b50d95{ip: 192.168.34.63, host: pr-hdds-1868-wsm2n-11235469, networkLocation: /default-rack, certSerialId: null}, Type:RATIS, Factor:ONE, State:ALLOCATED]
2019-10-21 06:03:15,746 [grpc-default-executor-2] INFO  impl.RaftServerProxy (RaftServerProxy.java:addNew(89)) - 5389c291-9dbf-4ff3-95a2-a367bd79a92b: addNew group-56D42338712D:[5389c291-9dbf-4ff3-95a2-a367bd79a92b:192.168.34.63:45480] returns group-56D42338712D:java.util.concurrent.CompletableFuture@5cebefc6[Not completed]
2019-10-21 06:03:15,748 [pool-47-thread-1] INFO  impl.RaftServerImpl (RaftServerImpl.java:<init>(98)) - 5389c291-9dbf-4ff3-95a2-a367bd79a92b: new RaftServerImpl for group-56D42338712D:[5389c291-9dbf-4ff3-95a2-a367bd79a92b:192.168.34.63:45480] with ContainerStateMachine:uninitialized
2019-10-21 06:03:15,748 [pool-47-thread-1] INFO  server.RaftServerConfigKeys (ConfUtils.java:logGet(43)) - raft.server.rpc.timeout.min = 5s (custom)
2019-10-21 06:03:15,748 [pool-47-thread-1] INFO  server.RaftServerConfigKeys (ConfUtils.java:logGet(43)) - raft.server.rpc.timeout.max = 5200ms (custom)
2019-10-21 06:03:15,748 [pool-47-thread-1] INFO  server.RaftServerConfigKeys (ConfUtils.java:logGet(43)) - raft.server.rpcslowness.timeout = 1000s (custom)
2019-10-21 06:03:15,749 [pool-47-thread-1] INFO  server.RaftServerConfigKeys (ConfUtils.java:logGet(43)) - raft.server.sleep.deviation.threshold = 300 (default)
2019-10-21 06:03:15,749 [pool-47-thread-1] INFO  server.RaftServerConfigKeys (ConfUtils.java:logGet(43)) - raft.server.log.appender.install.snapshot.enabled = false (custom)
2019-10-21 06:03:15,749 [pool-47-thread-1] INFO  impl.RaftServerImpl (ServerState.java:<init>(103)) - 5389c291-9dbf-4ff3-95a2-a367bd79a92b@group-56D42338712D: ConfigurationManager, init=-1: [5389c291-9dbf-4ff3-95a2-a367bd79a92b:192.168.34.63:45480], old=null, confs=<EMPTY_MAP>
2019-10-21 06:03:15,749 [pool-47-thread-1] INFO  server.RaftServerConfigKeys (ConfUtils.java:logGet(43)) - raft.server.storage.dir = [/workdir/hadoop-ozone/integration-test/target/test-dir/MiniOzoneClusterImpl-57da642c-82d6-499f-aa71-47bf78ddd986/datanode-2/data/ratis] (custom)
2019-10-21 06:03:15,750 [pool-47-thread-1] INFO  server.RaftServerConfigKeys (ConfUtils.java:logGet(43)) - raft.server.log.corruption.policy = EXCEPTION (default)
2019-10-21 06:03:15,750 [pool-47-thread-1] INFO  storage.RaftStorageDirectory (RaftStorageDirectory.java:analyzeStorage(246)) - The storage directory /workdir/hadoop-ozone/integration-test/target/test-dir/MiniOzoneClusterImpl-57da642c-82d6-499f-aa71-47bf78ddd986/datanode-2/data/ratis/38f96a19-6b6f-4703-a3b5-56d42338712d does not exist. Creating ...
2019-10-21 06:03:15,763 [pool-47-thread-1] INFO  storage.RaftStorageDirectory (RaftStorageDirectory.java:tryLock(328)) - Lock on /workdir/hadoop-ozone/integration-test/target/test-dir/MiniOzoneClusterImpl-57da642c-82d6-499f-aa71-47bf78ddd986/datanode-2/data/ratis/38f96a19-6b6f-4703-a3b5-56d42338712d/in_use.lock acquired by nodename 22508@pr-hdds-1868-wsm2n-11235469
2019-10-21 06:03:15,776 [pool-47-thread-1] INFO  storage.RaftStorage (RaftStorage.java:format(84)) - Storage directory /workdir/hadoop-ozone/integration-test/target/test-dir/MiniOzoneClusterImpl-57da642c-82d6-499f-aa71-47bf78ddd986/datanode-2/data/ratis/38f96a19-6b6f-4703-a3b5-56d42338712d has been successfully formatted.
2019-10-21 06:03:15,776 [pool-47-thread-1] INFO  ratis.ContainerStateMachine (ContainerStateMachine.java:loadSnapshot(233)) - group-56D42338712D: The snapshot info is null. Setting the last applied indexto:(t:0, i:~)
2019-10-21 06:03:15,777 [pool-47-thread-1] INFO  server.RaftServerConfigKeys (ConfUtils.java:logGet(43)) - raft.server.notification.no-leader.timeout = 1000s (custom)
2019-10-21 06:03:15,777 [pool-47-thread-1] INFO  server.RaftServerConfigKeys (ConfUtils.java:logGet(43)) - raft.server.log.use.memory = false (default)
2019-10-21 06:03:15,777 [pool-47-thread-1] INFO  server.RaftServerConfigKeys (ConfUtils.java:logGet(43)) - raft.server.log.purge.gap = 1000000 (custom)
2019-10-21 06:03:15,777 [pool-47-thread-1] INFO  server.RaftServerConfigKeys (ConfUtils.java:logGet(43)) - raft.server.log.appender.buffer.byte-limit = 33554432 (custom)
2019-10-21 06:03:15,777 [pool-47-thread-1] INFO  server.RaftServerConfigKeys (ConfUtils.java:logGet(43)) - raft.server.log.segment.size.max = 1048576 (custom)
2019-10-21 06:03:15,777 [pool-47-thread-1] INFO  server.RaftServerConfigKeys (ConfUtils.java:logGet(43)) - raft.server.log.segment.cache.num.max = 2 (custom)
2019-10-21 06:03:15,778 [pool-47-thread-1] INFO  segmented.SegmentedRaftLogWorker (SegmentedRaftLogWorker.java:<init>(173)) - new 5389c291-9dbf-4ff3-95a2-a367bd79a92b@group-56D42338712D-SegmentedRaftLogWorker for RaftStorage:Storage Directory /workdir/hadoop-ozone/integration-test/target/test-dir/MiniOzoneClusterImpl-57da642c-82d6-499f-aa71-47bf78ddd986/datanode-2/data/ratis/38f96a19-6b6f-4703-a3b5-56d42338712d
2019-10-21 06:03:15,778 [pool-47-thread-1] INFO  server.RaftServerConfigKeys (ConfUtils.java:logGet(43)) - raft.server.log.queue.byte-limit = 2147483647 (custom)
2019-10-21 06:03:15,778 [pool-47-thread-1] INFO  server.RaftServerConfigKeys (ConfUtils.java:logGet(43)) - raft.server.log.queue.element-limit = 1024 (custom)
2019-10-21 06:03:15,778 [pool-47-thread-1] INFO  server.RaftServerConfigKeys (ConfUtils.java:logGet(43)) - raft.server.log.segment.size.max = 1048576 (custom)
2019-10-21 06:03:15,778 [pool-47-thread-1] INFO  server.RaftServerConfigKeys (ConfUtils.java:logGet(43)) - raft.server.log.preallocated.size = 16384 (custom)
2019-10-21 06:03:15,778 [pool-47-thread-1] INFO  server.RaftServerConfigKeys (ConfUtils.java:logGet(43)) - raft.server.log.write.buffer.size = 33554432 (custom)
2019-10-21 06:03:15,779 [pool-47-thread-1] INFO  server.RaftServerConfigKeys (ConfUtils.java:logGet(43)) - raft.server.log.force.sync.num = 128 (default)
2019-10-21 06:03:15,779 [pool-47-thread-1] INFO  server.RaftServerConfigKeys (ConfUtils.java:logGet(43)) - raft.server.log.statemachine.data.sync = true (default)
2019-10-21 06:03:15,779 [pool-47-thread-1] INFO  server.RaftServerConfigKeys (ConfUtils.java:logGet(43)) - raft.server.log.statemachine.data.sync.timeout = 10s (default)
2019-10-21 06:03:15,779 [pool-47-thread-1] INFO  server.RaftServerConfigKeys (ConfUtils.java:logGet(43)) - raft.server.log.statemachine.data.sync.timeout.retry = -1 (default)
2019-10-21 06:03:15,779 [pool-47-thread-1] INFO  server.RaftServerConfigKeys (ConfUtils.java:logGet(43)) - raft.server.log.statemachine.data.caching.enabled = true (custom)
2019-10-21 06:03:15,780 [pool-47-thread-1] INFO  segmented.SegmentedRaftLogWorker (SegmentedRaftLogWorker.java:lambda$new$0(128)) - 5389c291-9dbf-4ff3-95a2-a367bd79a92b@group-56D42338712D-SegmentedRaftLogWorker: flushIndex: setUnconditionally 0 -> -1
2019-10-21 06:03:15,780 [pool-47-thread-1] INFO  server.RaftServerConfigKeys (ConfUtils.java:logGet(43)) - raft.server.snapshot.auto.trigger.enabled = true (custom)
2019-10-21 06:03:15,780 [pool-47-thread-1] INFO  server.RaftServerConfigKeys (ConfUtils.java:logGet(43)) - raft.server.snapshot.auto.trigger.threshold = 10000 (custom)
2019-10-21 06:03:15,781 [pool-47-thread-1] INFO  server.RaftServerConfigKeys (ConfUtils.java:logGet(43)) - raft.server.snapshot.retention.file.num = 5 (custom)
2019-10-21 06:03:15,781 [pool-47-thread-1] INFO  server.RaftServerConfigKeys (ConfUtils.java:logGet(43)) - raft.server.retrycache.expirytime = 600000ms (custom)
2019-10-21 06:03:15,781 [pool-47-thread-1] WARN  impl.MetricRegistriesImpl (MetricRegistriesImpl.java:lambda$create$1(61)) - First MetricRegistry has been created without registering reporters. You may need to call MetricRegistries.global().addReportRegistration(...) before.
2019-10-21 06:03:15,781 [pool-47-thread-1] WARN  impl.MetricRegistriesImpl (MetricRegistriesImpl.java:lambda$create$1(61)) - First MetricRegistry has been created without registering reporters. You may need to call MetricRegistries.global().addReportRegistration(...) before.
2019-10-21 06:03:15,782 [pool-47-thread-1] INFO  impl.RaftServerImpl (RaftServerImpl.java:start(184)) - 5389c291-9dbf-4ff3-95a2-a367bd79a92b@group-56D42338712D: start as a follower, conf=-1: [5389c291-9dbf-4ff3-95a2-a367bd79a92b:192.168.34.63:45480], old=null
2019-10-21 06:03:15,782 [pool-47-thread-1] INFO  impl.RaftServerImpl (RaftServerImpl.java:setRole(173)) - 5389c291-9dbf-4ff3-95a2-a367bd79a92b@group-56D42338712D: changes role from      null to FOLLOWER at term 0 for startAsFollower
2019-10-21 06:03:15,782 [pool-47-thread-1] INFO  impl.RoleInfo (RoleInfo.java:updateAndGet(143)) - 5389c291-9dbf-4ff3-95a2-a367bd79a92b: start FollowerState
2019-10-21 06:03:15,782 [pool-47-thread-1] INFO  util.JmxRegister (JmxRegister.java:tryRegister(44)) - Successfully registered JMX Bean with object name Ratis:service=RaftServer,group=group-56D42338712D,id=5389c291-9dbf-4ff3-95a2-a367bd79a92b
2019-10-21 06:03:15,783 [pool-47-thread-1] WARN  impl.MetricRegistriesImpl (MetricRegistriesImpl.java:lambda$create$1(61)) - First MetricRegistry has been created without registering reporters. You may need to call MetricRegistries.global().addReportRegistration(...) before.
2019-10-21 06:03:15,787 [RatisPipelineUtilsThread] INFO  pipeline.PipelineStateManager (PipelineStateManager.java:addPipeline(55)) - Created pipeline Pipeline[ Id: 38f96a19-6b6f-4703-a3b5-56d42338712d, Nodes: 5389c291-9dbf-4ff3-95a2-a367bd79a92b{ip: 192.168.34.63, host: pr-hdds-1868-wsm2n-11235469, networkLocation: /default-rack, certSerialId: null}, Type:RATIS, Factor:ONE, State:ALLOCATED]
2019-10-21 06:03:15,788 [Thread-181] INFO  pipeline.PipelineStateManager (PipelineStateManager.java:finalizePipeline(121)) - Pipeline Pipeline[ Id: af64c3fc-7c38-4394-a4ee-2ac4e1b6a703, Nodes: 2de534ac-c407-4ec5-ab68-e4d0e1b50d95{ip: 192.168.34.63, host: pr-hdds-1868-wsm2n-11235469, networkLocation: /default-rack, certSerialId: null}, Type:RATIS, Factor:ONE, State:CLOSED] moved to CLOSED state
2019-10-21 06:03:15,800 [grpc-default-executor-2] INFO  impl.RaftServerProxy (RaftServerProxy.java:remove(95)) - 2de534ac-c407-4ec5-ab68-e4d0e1b50d95: remove  FOLLOWER 2de534ac-c407-4ec5-ab68-e4d0e1b50d95@group-2AC4E1B6A703:t0, leader=null, voted=null, raftlog=2de534ac-c407-4ec5-ab68-e4d0e1b50d95@group-2AC4E1B6A703-SegmentedRaftLog:OPENED:c-1,f-1,i0, conf=-1: [2de534ac-c407-4ec5-ab68-e4d0e1b50d95:192.168.34.63:40946], old=null RUNNING
2019-10-21 06:03:15,801 [grpc-default-executor-2] INFO  impl.RaftServerImpl (RaftServerImpl.java:lambda$shutdown$3(250)) - 2de534ac-c407-4ec5-ab68-e4d0e1b50d95@group-2AC4E1B6A703: shutdown
2019-10-21 06:03:15,801 [grpc-default-executor-2] INFO  util.JmxRegister (JmxRegister.java:unregister(73)) - Successfully un-registered JMX Bean with object name Ratis:service=RaftServer,group=group-2AC4E1B6A703,id=2de534ac-c407-4ec5-ab68-e4d0e1b50d95
2019-10-21 06:03:15,801 [grpc-default-executor-2] INFO  impl.RoleInfo (RoleInfo.java:shutdownFollowerState(121)) - 2de534ac-c407-4ec5-ab68-e4d0e1b50d95: shutdown FollowerState
2019-10-21 06:03:15,801 [grpc-default-executor-2] INFO  impl.StateMachineUpdater (StateMachineUpdater.java:stopAndJoin(136)) - 2de534ac-c407-4ec5-ab68-e4d0e1b50d95@group-2AC4E1B6A703-StateMachineUpdater: set stopIndex = -1
2019-10-21 06:03:15,801 [Thread-186] INFO  impl.FollowerState (FollowerState.java:run(120)) - 2de534ac-c407-4ec5-ab68-e4d0e1b50d95@group-2AC4E1B6A703-FollowerState was interrupted: java.lang.InterruptedException: sleep interrupted
2019-10-21 06:03:15,802 [grpc-default-executor-2] INFO  impl.RaftServerImpl (ServerState.java:close(387)) - 2de534ac-c407-4ec5-ab68-e4d0e1b50d95@group-2AC4E1B6A703: closes. applyIndex: -1
2019-10-21 06:03:15,803 [2de534ac-c407-4ec5-ab68-e4d0e1b50d95@group-2AC4E1B6A703-SegmentedRaftLogWorker] INFO  segmented.SegmentedRaftLogWorker (SegmentedRaftLogWorker.java:run(316)) - 2de534ac-c407-4ec5-ab68-e4d0e1b50d95@group-2AC4E1B6A703-SegmentedRaftLogWorker was interrupted, exiting. There are 0 tasks remaining in the queue.
2019-10-21 06:03:15,803 [grpc-default-executor-2] INFO  segmented.SegmentedRaftLogWorker (SegmentedRaftLogWorker.java:close(224)) - 2de534ac-c407-4ec5-ab68-e4d0e1b50d95@group-2AC4E1B6A703-SegmentedRaftLogWorker close()
2019-10-21 06:03:15,810 [Thread-181] INFO  pipeline.PipelineStateManager (PipelineStateManager.java:removePipeline(106)) - Pipeline Pipeline[ Id: af64c3fc-7c38-4394-a4ee-2ac4e1b6a703, Nodes: 2de534ac-c407-4ec5-ab68-e4d0e1b50d95{ip: 192.168.34.63, host: pr-hdds-1868-wsm2n-11235469, networkLocation: /default-rack, certSerialId: null}, Type:RATIS, Factor:ONE, State:CLOSED] removed from db
2019-10-21 06:03:15,818 [grpc-default-executor-2] INFO  impl.RaftServerProxy (RaftServerProxy.java:addNew(89)) - 2de534ac-c407-4ec5-ab68-e4d0e1b50d95: addNew group-E1E4B886E720:[2de534ac-c407-4ec5-ab68-e4d0e1b50d95:192.168.34.63:40946] returns group-E1E4B886E720:java.util.concurrent.CompletableFuture@118a687f[Not completed]
2019-10-21 06:03:15,820 [pool-27-thread-1] INFO  impl.RaftServerImpl (RaftServerImpl.java:<init>(98)) - 2de534ac-c407-4ec5-ab68-e4d0e1b50d95: new RaftServerImpl for group-E1E4B886E720:[2de534ac-c407-4ec5-ab68-e4d0e1b50d95:192.168.34.63:40946] with ContainerStateMachine:uninitialized
2019-10-21 06:03:15,820 [pool-27-thread-1] INFO  server.RaftServerConfigKeys (ConfUtils.java:logGet(43)) - raft.server.rpc.timeout.min = 5s (custom)
2019-10-21 06:03:15,820 [pool-27-thread-1] INFO  server.RaftServerConfigKeys (ConfUtils.java:logGet(43)) - raft.server.rpc.timeout.max = 5200ms (custom)
2019-10-21 06:03:15,820 [pool-27-thread-1] INFO  server.RaftServerConfigKeys (ConfUtils.java:logGet(43)) - raft.server.rpcslowness.timeout = 1000s (custom)
2019-10-21 06:03:15,820 [pool-27-thread-1] INFO  server.RaftServerConfigKeys (ConfUtils.java:logGet(43)) - raft.server.sleep.deviation.threshold = 300 (default)
2019-10-21 06:03:15,820 [pool-27-thread-1] INFO  server.RaftServerConfigKeys (ConfUtils.java:logGet(43)) - raft.server.log.appender.install.snapshot.enabled = false (custom)
2019-10-21 06:03:15,820 [pool-27-thread-1] INFO  impl.RaftServerImpl (ServerState.java:<init>(103)) - 2de534ac-c407-4ec5-ab68-e4d0e1b50d95@group-E1E4B886E720: ConfigurationManager, init=-1: [2de534ac-c407-4ec5-ab68-e4d0e1b50d95:192.168.34.63:40946], old=null, confs=<EMPTY_MAP>
2019-10-21 06:03:15,821 [pool-27-thread-1] INFO  server.RaftServerConfigKeys (ConfUtils.java:logGet(43)) - raft.server.storage.dir = [/workdir/hadoop-ozone/integration-test/target/test-dir/MiniOzoneClusterImpl-57da642c-82d6-499f-aa71-47bf78ddd986/datanode-0/data/ratis] (custom)
2019-10-21 06:03:15,821 [pool-27-thread-1] INFO  server.RaftServerConfigKeys (ConfUtils.java:logGet(43)) - raft.server.log.corruption.policy = EXCEPTION (default)
2019-10-21 06:03:15,821 [pool-27-thread-1] INFO  storage.RaftStorageDirectory (RaftStorageDirectory.java:analyzeStorage(246)) - The storage directory /workdir/hadoop-ozone/integration-test/target/test-dir/MiniOzoneClusterImpl-57da642c-82d6-499f-aa71-47bf78ddd986/datanode-0/data/ratis/96a14152-a85c-4e3f-8a62-e1e4b886e720 does not exist. Creating ...
2019-10-21 06:03:15,834 [pool-27-thread-1] INFO  storage.RaftStorageDirectory (RaftStorageDirectory.java:tryLock(328)) - Lock on /workdir/hadoop-ozone/integration-test/target/test-dir/MiniOzoneClusterImpl-57da642c-82d6-499f-aa71-47bf78ddd986/datanode-0/data/ratis/96a14152-a85c-4e3f-8a62-e1e4b886e720/in_use.lock acquired by nodename 22508@pr-hdds-1868-wsm2n-11235469
2019-10-21 06:03:15,851 [pool-27-thread-1] INFO  storage.RaftStorage (RaftStorage.java:format(84)) - Storage directory /workdir/hadoop-ozone/integration-test/target/test-dir/MiniOzoneClusterImpl-57da642c-82d6-499f-aa71-47bf78ddd986/datanode-0/data/ratis/96a14152-a85c-4e3f-8a62-e1e4b886e720 has been successfully formatted.
2019-10-21 06:03:15,851 [pool-27-thread-1] INFO  ratis.ContainerStateMachine (ContainerStateMachine.java:loadSnapshot(233)) - group-E1E4B886E720: The snapshot info is null. Setting the last applied indexto:(t:0, i:~)
2019-10-21 06:03:15,851 [pool-27-thread-1] INFO  server.RaftServerConfigKeys (ConfUtils.java:logGet(43)) - raft.server.notification.no-leader.timeout = 1000s (custom)
2019-10-21 06:03:15,851 [pool-27-thread-1] INFO  server.RaftServerConfigKeys (ConfUtils.java:logGet(43)) - raft.server.log.use.memory = false (default)
2019-10-21 06:03:15,851 [pool-27-thread-1] INFO  server.RaftServerConfigKeys (ConfUtils.java:logGet(43)) - raft.server.log.purge.gap = 1000000 (custom)
2019-10-21 06:03:15,851 [pool-27-thread-1] INFO  server.RaftServerConfigKeys (ConfUtils.java:logGet(43)) - raft.server.log.appender.buffer.byte-limit = 33554432 (custom)
2019-10-21 06:03:15,852 [pool-27-thread-1] INFO  server.RaftServerConfigKeys (ConfUtils.java:logGet(43)) - raft.server.log.segment.size.max = 1048576 (custom)
2019-10-21 06:03:15,852 [pool-27-thread-1] INFO  server.RaftServerConfigKeys (ConfUtils.java:logGet(43)) - raft.server.log.segment.cache.num.max = 2 (custom)
2019-10-21 06:03:15,852 [pool-27-thread-1] INFO  segmented.SegmentedRaftLogWorker (SegmentedRaftLogWorker.java:<init>(173)) - new 2de534ac-c407-4ec5-ab68-e4d0e1b50d95@group-E1E4B886E720-SegmentedRaftLogWorker for RaftStorage:Storage Directory /workdir/hadoop-ozone/integration-test/target/test-dir/MiniOzoneClusterImpl-57da642c-82d6-499f-aa71-47bf78ddd986/datanode-0/data/ratis/96a14152-a85c-4e3f-8a62-e1e4b886e720
2019-10-21 06:03:15,852 [pool-27-thread-1] INFO  server.RaftServerConfigKeys (ConfUtils.java:logGet(43)) - raft.server.log.queue.byte-limit = 2147483647 (custom)
2019-10-21 06:03:15,852 [pool-27-thread-1] INFO  server.RaftServerConfigKeys (ConfUtils.java:logGet(43)) - raft.server.log.queue.element-limit = 1024 (custom)
2019-10-21 06:03:15,852 [pool-27-thread-1] INFO  server.RaftServerConfigKeys (ConfUtils.java:logGet(43)) - raft.server.log.segment.size.max = 1048576 (custom)
2019-10-21 06:03:15,852 [pool-27-thread-1] INFO  server.RaftServerConfigKeys (ConfUtils.java:logGet(43)) - raft.server.log.preallocated.size = 16384 (custom)
2019-10-21 06:03:15,852 [pool-27-thread-1] INFO  server.RaftServerConfigKeys (ConfUtils.java:logGet(43)) - raft.server.log.write.buffer.size = 33554432 (custom)
2019-10-21 06:03:15,852 [pool-27-thread-1] INFO  server.RaftServerConfigKeys (ConfUtils.java:logGet(43)) - raft.server.log.force.sync.num = 128 (default)
2019-10-21 06:03:15,853 [pool-27-thread-1] INFO  server.RaftServerConfigKeys (ConfUtils.java:logGet(43)) - raft.server.log.statemachine.data.sync = true (default)
2019-10-21 06:03:15,853 [pool-27-thread-1] INFO  server.RaftServerConfigKeys (ConfUtils.java:logGet(43)) - raft.server.log.statemachine.data.sync.timeout = 10s (default)
2019-10-21 06:03:15,853 [pool-27-thread-1] INFO  server.RaftServerConfigKeys (ConfUtils.java:logGet(43)) - raft.server.log.statemachine.data.sync.timeout.retry = -1 (default)
2019-10-21 06:03:15,853 [pool-27-thread-1] INFO  server.RaftServerConfigKeys (ConfUtils.java:logGet(43)) - raft.server.log.statemachine.data.caching.enabled = true (custom)
2019-10-21 06:03:15,853 [pool-27-thread-1] INFO  segmented.SegmentedRaftLogWorker (SegmentedRaftLogWorker.java:lambda$new$0(128)) - 2de534ac-c407-4ec5-ab68-e4d0e1b50d95@group-E1E4B886E720-SegmentedRaftLogWorker: flushIndex: setUnconditionally 0 -> -1
2019-10-21 06:03:15,854 [pool-27-thread-1] INFO  server.RaftServerConfigKeys (ConfUtils.java:logGet(43)) - raft.server.snapshot.auto.trigger.enabled = true (custom)
2019-10-21 06:03:15,854 [pool-27-thread-1] INFO  server.RaftServerConfigKeys (ConfUtils.java:logGet(43)) - raft.server.snapshot.auto.trigger.threshold = 10000 (custom)
2019-10-21 06:03:15,854 [pool-27-thread-1] INFO  server.RaftServerConfigKeys (ConfUtils.java:logGet(43)) - raft.server.snapshot.retention.file.num = 5 (custom)
2019-10-21 06:03:15,854 [pool-27-thread-1] INFO  server.RaftServerConfigKeys (ConfUtils.java:logGet(43)) - raft.server.retrycache.expirytime = 600000ms (custom)
2019-10-21 06:03:15,854 [pool-27-thread-1] WARN  impl.MetricRegistriesImpl (MetricRegistriesImpl.java:lambda$create$1(61)) - First MetricRegistry has been created without registering reporters. You may need to call MetricRegistries.global().addReportRegistration(...) before.
2019-10-21 06:03:15,854 [pool-27-thread-1] WARN  impl.MetricRegistriesImpl (MetricRegistriesImpl.java:lambda$create$1(61)) - First MetricRegistry has been created without registering reporters. You may need to call MetricRegistries.global().addReportRegistration(...) before.
2019-10-21 06:03:15,855 [pool-27-thread-1] INFO  impl.RaftServerImpl (RaftServerImpl.java:start(184)) - 2de534ac-c407-4ec5-ab68-e4d0e1b50d95@group-E1E4B886E720: start as a follower, conf=-1: [2de534ac-c407-4ec5-ab68-e4d0e1b50d95:192.168.34.63:40946], old=null
2019-10-21 06:03:15,855 [pool-27-thread-1] INFO  impl.RaftServerImpl (RaftServerImpl.java:setRole(173)) - 2de534ac-c407-4ec5-ab68-e4d0e1b50d95@group-E1E4B886E720: changes role from      null to FOLLOWER at term 0 for startAsFollower
2019-10-21 06:03:15,855 [pool-27-thread-1] INFO  impl.RoleInfo (RoleInfo.java:updateAndGet(143)) - 2de534ac-c407-4ec5-ab68-e4d0e1b50d95: start FollowerState
2019-10-21 06:03:15,855 [pool-27-thread-1] INFO  util.JmxRegister (JmxRegister.java:tryRegister(44)) - Successfully registered JMX Bean with object name Ratis:service=RaftServer,group=group-E1E4B886E720,id=2de534ac-c407-4ec5-ab68-e4d0e1b50d95
2019-10-21 06:03:15,855 [pool-27-thread-1] WARN  impl.MetricRegistriesImpl (MetricRegistriesImpl.java:lambda$create$1(61)) - First MetricRegistry has been created without registering reporters. You may need to call MetricRegistries.global().addReportRegistration(...) before.
2019-10-21 06:03:15,860 [RatisPipelineUtilsThread] INFO  pipeline.PipelineStateManager (PipelineStateManager.java:addPipeline(55)) - Created pipeline Pipeline[ Id: 96a14152-a85c-4e3f-8a62-e1e4b886e720, Nodes: 2de534ac-c407-4ec5-ab68-e4d0e1b50d95{ip: 192.168.34.63, host: pr-hdds-1868-wsm2n-11235469, networkLocation: /default-rack, certSerialId: null}, Type:RATIS, Factor:ONE, State:ALLOCATED]
2019-10-21 06:03:16,423 [main] INFO  ozone.MiniOzoneClusterImpl (MiniOzoneClusterImpl.java:lambda$waitForClusterToBeReady$2(162)) - Waiting for 4 number of pipelines out of 4, to report a leader.
2019-10-21 06:03:17,424 [main] INFO  ozone.MiniOzoneClusterImpl (MiniOzoneClusterImpl.java:lambda$waitForClusterToBeReady$2(162)) - Waiting for 4 number of pipelines out of 4, to report a leader.
2019-10-21 06:03:18,425 [main] INFO  ozone.MiniOzoneClusterImpl (MiniOzoneClusterImpl.java:lambda$waitForClusterToBeReady$2(162)) - Waiting for 4 number of pipelines out of 4, to report a leader.
2019-10-21 06:03:19,427 [main] INFO  ozone.MiniOzoneClusterImpl (MiniOzoneClusterImpl.java:lambda$waitForClusterToBeReady$2(162)) - Waiting for 4 number of pipelines out of 4, to report a leader.
2019-10-21 06:03:20,428 [main] INFO  ozone.MiniOzoneClusterImpl (MiniOzoneClusterImpl.java:lambda$waitForClusterToBeReady$2(162)) - Waiting for 4 number of pipelines out of 4, to report a leader.
2019-10-21 06:03:20,634 [Thread-218] INFO  impl.FollowerState (FollowerState.java:run(111)) - 5389c291-9dbf-4ff3-95a2-a367bd79a92b@group-58705FFBD881-FollowerState: change to CANDIDATE, lastRpcTime:5021ms, electionTimeout:5020ms
2019-10-21 06:03:20,638 [Thread-218] INFO  impl.RoleInfo (RoleInfo.java:shutdownFollowerState(121)) - 5389c291-9dbf-4ff3-95a2-a367bd79a92b: shutdown FollowerState
2019-10-21 06:03:20,638 [Thread-218] INFO  impl.RaftServerImpl (RaftServerImpl.java:setRole(173)) - 5389c291-9dbf-4ff3-95a2-a367bd79a92b@group-58705FFBD881: changes role from  FOLLOWER to CANDIDATE at term 0 for changeToCandidate
2019-10-21 06:03:20,647 [Thread-218] INFO  impl.RoleInfo (RoleInfo.java:updateAndGet(143)) - 5389c291-9dbf-4ff3-95a2-a367bd79a92b: start LeaderElection
2019-10-21 06:03:20,663 [Thread-214] INFO  impl.FollowerState (FollowerState.java:run(111)) - a588f1ac-0e88-414d-9361-c050928a17f1@group-58705FFBD881-FollowerState: change to CANDIDATE, lastRpcTime:5056ms, electionTimeout:5056ms
2019-10-21 06:03:20,663 [Thread-214] INFO  impl.RoleInfo (RoleInfo.java:shutdownFollowerState(121)) - a588f1ac-0e88-414d-9361-c050928a17f1: shutdown FollowerState
2019-10-21 06:03:20,663 [Thread-214] INFO  impl.RaftServerImpl (RaftServerImpl.java:setRole(173)) - a588f1ac-0e88-414d-9361-c050928a17f1@group-58705FFBD881: changes role from  FOLLOWER to CANDIDATE at term 0 for changeToCandidate
2019-10-21 06:03:20,663 [Thread-214] INFO  impl.RoleInfo (RoleInfo.java:updateAndGet(143)) - a588f1ac-0e88-414d-9361-c050928a17f1: start LeaderElection
2019-10-21 06:03:20,672 [5389c291-9dbf-4ff3-95a2-a367bd79a92b@group-58705FFBD881-LeaderElection1] INFO  impl.LeaderElection (LeaderElection.java:askForVotes(178)) - 5389c291-9dbf-4ff3-95a2-a367bd79a92b@group-58705FFBD881-LeaderElection1: begin an election at term 1 for -1: [2de534ac-c407-4ec5-ab68-e4d0e1b50d95:192.168.34.63:40946, 5389c291-9dbf-4ff3-95a2-a367bd79a92b:192.168.34.63:45480, a588f1ac-0e88-414d-9361-c050928a17f1:192.168.34.63:38160], old=null
2019-10-21 06:03:20,672 [a588f1ac-0e88-414d-9361-c050928a17f1@group-58705FFBD881-LeaderElection2] INFO  impl.LeaderElection (LeaderElection.java:askForVotes(178)) - a588f1ac-0e88-414d-9361-c050928a17f1@group-58705FFBD881-LeaderElection2: begin an election at term 1 for -1: [2de534ac-c407-4ec5-ab68-e4d0e1b50d95:192.168.34.63:40946, 5389c291-9dbf-4ff3-95a2-a367bd79a92b:192.168.34.63:45480, a588f1ac-0e88-414d-9361-c050928a17f1:192.168.34.63:38160], old=null
2019-10-21 06:03:20,712 [grpc-default-executor-2] INFO  impl.RaftServerImpl (RaftServerImpl.java:setRole(173)) - 2de534ac-c407-4ec5-ab68-e4d0e1b50d95@group-58705FFBD881: changes role from  FOLLOWER to FOLLOWER at term 1 for recognizeCandidate:5389c291-9dbf-4ff3-95a2-a367bd79a92b
2019-10-21 06:03:20,713 [grpc-default-executor-2] INFO  impl.RoleInfo (RoleInfo.java:shutdownFollowerState(121)) - 2de534ac-c407-4ec5-ab68-e4d0e1b50d95: shutdown FollowerState
2019-10-21 06:03:20,713 [grpc-default-executor-2] INFO  impl.RoleInfo (RoleInfo.java:updateAndGet(143)) - 2de534ac-c407-4ec5-ab68-e4d0e1b50d95: start FollowerState
2019-10-21 06:03:20,713 [Thread-219] INFO  impl.FollowerState (FollowerState.java:run(120)) - 2de534ac-c407-4ec5-ab68-e4d0e1b50d95@group-58705FFBD881-FollowerState was interrupted: java.lang.InterruptedException: sleep interrupted
2019-10-21 06:03:20,737 [5389c291-9dbf-4ff3-95a2-a367bd79a92b@group-58705FFBD881-LeaderElection1] INFO  impl.LeaderElection (LeaderElection.java:logAndReturn(56)) - 5389c291-9dbf-4ff3-95a2-a367bd79a92b@group-58705FFBD881-LeaderElection1: Election PASSED; received 2 response(s) [5389c291-9dbf-4ff3-95a2-a367bd79a92b<-2de534ac-c407-4ec5-ab68-e4d0e1b50d95#0:OK-t1, 5389c291-9dbf-4ff3-95a2-a367bd79a92b<-a588f1ac-0e88-414d-9361-c050928a17f1#0:FAIL-t1] and 0 exception(s); 5389c291-9dbf-4ff3-95a2-a367bd79a92b@group-58705FFBD881:t1, leader=null, voted=5389c291-9dbf-4ff3-95a2-a367bd79a92b, raftlog=5389c291-9dbf-4ff3-95a2-a367bd79a92b@group-58705FFBD881-SegmentedRaftLog:OPENED:c-1,f-1,i0, conf=-1: [2de534ac-c407-4ec5-ab68-e4d0e1b50d95:192.168.34.63:40946, 5389c291-9dbf-4ff3-95a2-a367bd79a92b:192.168.34.63:45480, a588f1ac-0e88-414d-9361-c050928a17f1:192.168.34.63:38160], old=null
2019-10-21 06:03:20,737 [a588f1ac-0e88-414d-9361-c050928a17f1@group-58705FFBD881-LeaderElection2] INFO  impl.LeaderElection (LeaderElection.java:logAndReturn(56)) - a588f1ac-0e88-414d-9361-c050928a17f1@group-58705FFBD881-LeaderElection2: Election REJECTED; received 2 response(s) [a588f1ac-0e88-414d-9361-c050928a17f1<-2de534ac-c407-4ec5-ab68-e4d0e1b50d95#0:FAIL-t1, a588f1ac-0e88-414d-9361-c050928a17f1<-5389c291-9dbf-4ff3-95a2-a367bd79a92b#0:FAIL-t1] and 0 exception(s); a588f1ac-0e88-414d-9361-c050928a17f1@group-58705FFBD881:t1, leader=null, voted=a588f1ac-0e88-414d-9361-c050928a17f1, raftlog=a588f1ac-0e88-414d-9361-c050928a17f1@group-58705FFBD881-SegmentedRaftLog:OPENED:c-1,f-1,i0, conf=-1: [2de534ac-c407-4ec5-ab68-e4d0e1b50d95:192.168.34.63:40946, 5389c291-9dbf-4ff3-95a2-a367bd79a92b:192.168.34.63:45480, a588f1ac-0e88-414d-9361-c050928a17f1:192.168.34.63:38160], old=null
2019-10-21 06:03:20,740 [5389c291-9dbf-4ff3-95a2-a367bd79a92b@group-58705FFBD881-LeaderElection1] INFO  impl.RoleInfo (RoleInfo.java:shutdownLeaderElection(134)) - 5389c291-9dbf-4ff3-95a2-a367bd79a92b: shutdown LeaderElection
2019-10-21 06:03:20,741 [a588f1ac-0e88-414d-9361-c050928a17f1@group-58705FFBD881-LeaderElection2] INFO  impl.RaftServerImpl (RaftServerImpl.java:setRole(173)) - a588f1ac-0e88-414d-9361-c050928a17f1@group-58705FFBD881: changes role from CANDIDATE to FOLLOWER at term 1 for DISCOVERED_A_NEW_TERM
2019-10-21 06:03:20,742 [a588f1ac-0e88-414d-9361-c050928a17f1@group-58705FFBD881-LeaderElection2] INFO  impl.RoleInfo (RoleInfo.java:shutdownLeaderElection(134)) - a588f1ac-0e88-414d-9361-c050928a17f1: shutdown LeaderElection
2019-10-21 06:03:20,742 [5389c291-9dbf-4ff3-95a2-a367bd79a92b@group-58705FFBD881-LeaderElection1] INFO  impl.RaftServerImpl (RaftServerImpl.java:setRole(173)) - 5389c291-9dbf-4ff3-95a2-a367bd79a92b@group-58705FFBD881: changes role from CANDIDATE to LEADER at term 1 for changeToLeader
2019-10-21 06:03:20,742 [5389c291-9dbf-4ff3-95a2-a367bd79a92b@group-58705FFBD881-LeaderElection1] INFO  ratis.XceiverServerRatis (XceiverServerRatis.java:handleLeaderChangedNotification(701)) - Leader change notification received for group: group-58705FFBD881 with new leaderId: 5389c291-9dbf-4ff3-95a2-a367bd79a92b
2019-10-21 06:03:20,742 [a588f1ac-0e88-414d-9361-c050928a17f1@group-58705FFBD881-LeaderElection2] INFO  impl.RoleInfo (RoleInfo.java:updateAndGet(143)) - a588f1ac-0e88-414d-9361-c050928a17f1: start FollowerState
2019-10-21 06:03:20,747 [5389c291-9dbf-4ff3-95a2-a367bd79a92b@group-58705FFBD881-LeaderElection1] INFO  impl.RaftServerImpl (ServerState.java:setLeader(255)) - 5389c291-9dbf-4ff3-95a2-a367bd79a92b@group-58705FFBD881: change Leader from null to 5389c291-9dbf-4ff3-95a2-a367bd79a92b at term 1 for becomeLeader, leader elected after 5145ms
2019-10-21 06:03:20,750 [EventQueue-PipelineReportForPipelineReportHandler] INFO  pipeline.PipelineReportHandler (PipelineReportHandler.java:processPipelineReport(112)) - Pipeline PipelineID=38f96a19-6b6f-4703-a3b5-56d42338712d reported by 5389c291-9dbf-4ff3-95a2-a367bd79a92b{ip: 192.168.34.63, host: pr-hdds-1868-wsm2n-11235469, networkLocation: /default-rack, certSerialId: null} with leaderId 
2019-10-21 06:03:20,754 [5389c291-9dbf-4ff3-95a2-a367bd79a92b@group-58705FFBD881-LeaderElection1] INFO  server.RaftServerConfigKeys (ConfUtils.java:logGet(43)) - raft.server.staging.catchup.gap = 1000 (default)
2019-10-21 06:03:20,754 [5389c291-9dbf-4ff3-95a2-a367bd79a92b@group-58705FFBD881-LeaderElection1] INFO  server.RaftServerConfigKeys (ConfUtils.java:logGet(43)) - raft.server.rpc.sleep.time = 25ms (default)
2019-10-21 06:03:20,755 [EventQueue-PipelineReportForPipelineReportHandler] INFO  pipeline.PipelineStateManager (PipelineStateManager.java:openPipeline(134)) - Pipeline Pipeline[ Id: 38f96a19-6b6f-4703-a3b5-56d42338712d, Nodes: 5389c291-9dbf-4ff3-95a2-a367bd79a92b{ip: 192.168.34.63, host: pr-hdds-1868-wsm2n-11235469, networkLocation: /default-rack, certSerialId: null}, Type:RATIS, Factor:ONE, State:OPEN] moved to OPEN state
2019-10-21 06:03:20,756 [EventQueue-PipelineReportForPipelineReportHandler] INFO  pipeline.PipelineReportHandler (PipelineReportHandler.java:processPipelineReport(112)) - Pipeline PipelineID=8f9e0d08-2118-49e4-bafd-58705ffbd881 reported by 5389c291-9dbf-4ff3-95a2-a367bd79a92b{ip: 192.168.34.63, host: pr-hdds-1868-wsm2n-11235469, networkLocation: /default-rack, certSerialId: null} with leaderId 5389c291-9dbf-4ff3-95a2-a367bd79a92b
2019-10-21 06:03:20,759 [5389c291-9dbf-4ff3-95a2-a367bd79a92b@group-58705FFBD881-LeaderElection1] INFO  server.RaftServerConfigKeys (ConfUtils.java:logGet(43)) - raft.server.write.element-limit = 4096 (default)
2019-10-21 06:03:20,763 [5389c291-9dbf-4ff3-95a2-a367bd79a92b@group-58705FFBD881-LeaderElection1] INFO  server.RaftServerConfigKeys (ConfUtils.java:logGet(43)) - raft.server.watch.timeout = 10s (default)
2019-10-21 06:03:20,763 [5389c291-9dbf-4ff3-95a2-a367bd79a92b@group-58705FFBD881-LeaderElection1] INFO  server.RaftServerConfigKeys (ConfUtils.java:logGet(43)) - raft.server.watch.timeout.denomination = 1s (default)
2019-10-21 06:03:20,764 [5389c291-9dbf-4ff3-95a2-a367bd79a92b@group-58705FFBD881-LeaderElection1] INFO  server.RaftServerConfigKeys (ConfUtils.java:logGet(43)) - raft.server.watch.element-limit = 65536 (default)
2019-10-21 06:03:20,775 [5389c291-9dbf-4ff3-95a2-a367bd79a92b@group-58705FFBD881-LeaderElection1] INFO  server.RaftServerConfigKeys (ConfUtils.java:logGet(43)) - raft.server.log.appender.snapshot.chunk.size.max = 16MB (=16777216) (default)
2019-10-21 06:03:20,776 [5389c291-9dbf-4ff3-95a2-a367bd79a92b@group-58705FFBD881-LeaderElection1] INFO  server.RaftServerConfigKeys (ConfUtils.java:logGet(43)) - raft.server.log.appender.buffer.byte-limit = 33554432 (custom)
2019-10-21 06:03:20,776 [5389c291-9dbf-4ff3-95a2-a367bd79a92b@group-58705FFBD881-LeaderElection1] INFO  server.RaftServerConfigKeys (ConfUtils.java:logGet(43)) - raft.server.log.appender.buffer.element-limit = 1 (custom)
2019-10-21 06:03:20,780 [5389c291-9dbf-4ff3-95a2-a367bd79a92b@group-58705FFBD881-LeaderElection1] INFO  grpc.GrpcConfigKeys$Server (ConfUtils.java:logGet(43)) - raft.grpc.server.leader.outstanding.appends.max = 128 (default)
2019-10-21 06:03:20,783 [5389c291-9dbf-4ff3-95a2-a367bd79a92b@group-58705FFBD881-LeaderElection1] INFO  server.RaftServerConfigKeys (ConfUtils.java:logGet(43)) - raft.server.rpc.request.timeout = 3000ms (default)
2019-10-21 06:03:20,784 [5389c291-9dbf-4ff3-95a2-a367bd79a92b@group-58705FFBD881-LeaderElection1] INFO  server.RaftServerConfigKeys (ConfUtils.java:logGet(43)) - raft.server.log.appender.install.snapshot.enabled = false (custom)
2019-10-21 06:03:20,785 [5389c291-9dbf-4ff3-95a2-a367bd79a92b@group-58705FFBD881-LeaderElection1] WARN  impl.MetricRegistriesImpl (MetricRegistriesImpl.java:lambda$create$1(61)) - First MetricRegistry has been created without registering reporters. You may need to call MetricRegistries.global().addReportRegistration(...) before.
2019-10-21 06:03:20,786 [5389c291-9dbf-4ff3-95a2-a367bd79a92b@group-58705FFBD881-LeaderElection1] INFO  server.RaftServerConfigKeys (ConfUtils.java:logGet(43)) - raft.server.log.appender.snapshot.chunk.size.max = 16MB (=16777216) (default)
2019-10-21 06:03:20,787 [5389c291-9dbf-4ff3-95a2-a367bd79a92b@group-58705FFBD881-LeaderElection1] INFO  server.RaftServerConfigKeys (ConfUtils.java:logGet(43)) - raft.server.log.appender.buffer.byte-limit = 33554432 (custom)
2019-10-21 06:03:20,787 [5389c291-9dbf-4ff3-95a2-a367bd79a92b@group-58705FFBD881-LeaderElection1] INFO  server.RaftServerConfigKeys (ConfUtils.java:logGet(43)) - raft.server.log.appender.buffer.element-limit = 1 (custom)
2019-10-21 06:03:20,787 [5389c291-9dbf-4ff3-95a2-a367bd79a92b@group-58705FFBD881-LeaderElection1] INFO  grpc.GrpcConfigKeys$Server (ConfUtils.java:logGet(43)) - raft.grpc.server.leader.outstanding.appends.max = 128 (default)
2019-10-21 06:03:20,787 [5389c291-9dbf-4ff3-95a2-a367bd79a92b@group-58705FFBD881-LeaderElection1] INFO  server.RaftServerConfigKeys (ConfUtils.java:logGet(43)) - raft.server.rpc.request.timeout = 3000ms (default)
2019-10-21 06:03:20,787 [5389c291-9dbf-4ff3-95a2-a367bd79a92b@group-58705FFBD881-LeaderElection1] INFO  server.RaftServerConfigKeys (ConfUtils.java:logGet(43)) - raft.server.log.appender.install.snapshot.enabled = false (custom)
2019-10-21 06:03:20,792 [5389c291-9dbf-4ff3-95a2-a367bd79a92b@group-58705FFBD881-LeaderElection1] INFO  impl.RoleInfo (RoleInfo.java:updateAndGet(143)) - 5389c291-9dbf-4ff3-95a2-a367bd79a92b: start LeaderState
2019-10-21 06:03:20,811 [5389c291-9dbf-4ff3-95a2-a367bd79a92b@group-58705FFBD881-LeaderElection1] INFO  segmented.SegmentedRaftLogWorker (SegmentedRaftLogWorker.java:startLogSegment(385)) - 5389c291-9dbf-4ff3-95a2-a367bd79a92b@group-58705FFBD881-SegmentedRaftLogWorker: Starting segment from index:0
2019-10-21 06:03:20,823 [5389c291-9dbf-4ff3-95a2-a367bd79a92b@group-58705FFBD881-LeaderElection1] INFO  impl.RaftServerImpl (ServerState.java:setRaftConf(356)) - 5389c291-9dbf-4ff3-95a2-a367bd79a92b@group-58705FFBD881: set configuration 0: [2de534ac-c407-4ec5-ab68-e4d0e1b50d95:192.168.34.63:40946, 5389c291-9dbf-4ff3-95a2-a367bd79a92b:192.168.34.63:45480, a588f1ac-0e88-414d-9361-c050928a17f1:192.168.34.63:38160], old=null at 0
2019-10-21 06:03:20,850 [grpc-default-executor-2] INFO  ratis.XceiverServerRatis (XceiverServerRatis.java:handleLeaderChangedNotification(701)) - Leader change notification received for group: group-58705FFBD881 with new leaderId: 5389c291-9dbf-4ff3-95a2-a367bd79a92b
2019-10-21 06:03:20,850 [grpc-default-executor-1] INFO  ratis.XceiverServerRatis (XceiverServerRatis.java:handleLeaderChangedNotification(701)) - Leader change notification received for group: group-58705FFBD881 with new leaderId: 5389c291-9dbf-4ff3-95a2-a367bd79a92b
2019-10-21 06:03:20,850 [grpc-default-executor-2] INFO  impl.RaftServerImpl (ServerState.java:setLeader(255)) - a588f1ac-0e88-414d-9361-c050928a17f1@group-58705FFBD881: change Leader from null to 5389c291-9dbf-4ff3-95a2-a367bd79a92b at term 1 for appendEntries, leader elected after 5252ms
2019-10-21 06:03:20,850 [grpc-default-executor-1] INFO  impl.RaftServerImpl (ServerState.java:setLeader(255)) - 2de534ac-c407-4ec5-ab68-e4d0e1b50d95@group-58705FFBD881: change Leader from null to 5389c291-9dbf-4ff3-95a2-a367bd79a92b at term 1 for appendEntries, leader elected after 5252ms
2019-10-21 06:03:20,851 [EventQueue-PipelineReportForPipelineReportHandler] INFO  pipeline.PipelineReportHandler (PipelineReportHandler.java:processPipelineReport(112)) - Pipeline PipelineID=a04d7402-9fde-4d8d-8d85-b2e41a75a66b reported by a588f1ac-0e88-414d-9361-c050928a17f1{ip: 192.168.34.63, host: pr-hdds-1868-wsm2n-11235469, networkLocation: /default-rack, certSerialId: null} with leaderId 
2019-10-21 06:03:20,852 [EventQueue-PipelineReportForPipelineReportHandler] INFO  pipeline.PipelineStateManager (PipelineStateManager.java:openPipeline(134)) - Pipeline Pipeline[ Id: a04d7402-9fde-4d8d-8d85-b2e41a75a66b, Nodes: a588f1ac-0e88-414d-9361-c050928a17f1{ip: 192.168.34.63, host: pr-hdds-1868-wsm2n-11235469, networkLocation: /default-rack, certSerialId: null}, Type:RATIS, Factor:ONE, State:OPEN] moved to OPEN state
2019-10-21 06:03:20,852 [EventQueue-PipelineReportForPipelineReportHandler] INFO  pipeline.PipelineReportHandler (PipelineReportHandler.java:processPipelineReport(112)) - Pipeline PipelineID=8f9e0d08-2118-49e4-bafd-58705ffbd881 reported by a588f1ac-0e88-414d-9361-c050928a17f1{ip: 192.168.34.63, host: pr-hdds-1868-wsm2n-11235469, networkLocation: /default-rack, certSerialId: null} with leaderId 5389c291-9dbf-4ff3-95a2-a367bd79a92b
2019-10-21 06:03:20,852 [EventQueue-PipelineReportForPipelineReportHandler] INFO  pipeline.PipelineReportHandler (PipelineReportHandler.java:processPipelineReport(112)) - Pipeline PipelineID=96a14152-a85c-4e3f-8a62-e1e4b886e720 reported by 2de534ac-c407-4ec5-ab68-e4d0e1b50d95{ip: 192.168.34.63, host: pr-hdds-1868-wsm2n-11235469, networkLocation: /default-rack, certSerialId: null} with leaderId 
2019-10-21 06:03:20,852 [EventQueue-PipelineReportForPipelineReportHandler] INFO  pipeline.PipelineStateManager (PipelineStateManager.java:openPipeline(134)) - Pipeline Pipeline[ Id: 96a14152-a85c-4e3f-8a62-e1e4b886e720, Nodes: 2de534ac-c407-4ec5-ab68-e4d0e1b50d95{ip: 192.168.34.63, host: pr-hdds-1868-wsm2n-11235469, networkLocation: /default-rack, certSerialId: null}, Type:RATIS, Factor:ONE, State:OPEN] moved to OPEN state
2019-10-21 06:03:20,853 [EventQueue-PipelineReportForPipelineReportHandler] INFO  pipeline.PipelineReportHandler (PipelineReportHandler.java:processPipelineReport(112)) - Pipeline PipelineID=8f9e0d08-2118-49e4-bafd-58705ffbd881 reported by 2de534ac-c407-4ec5-ab68-e4d0e1b50d95{ip: 192.168.34.63, host: pr-hdds-1868-wsm2n-11235469, networkLocation: /default-rack, certSerialId: null} with leaderId 5389c291-9dbf-4ff3-95a2-a367bd79a92b
2019-10-21 06:03:20,854 [EventQueue-PipelineReportForPipelineReportHandler] INFO  pipeline.PipelineStateManager (PipelineStateManager.java:openPipeline(134)) - Pipeline Pipeline[ Id: 8f9e0d08-2118-49e4-bafd-58705ffbd881, Nodes: 2de534ac-c407-4ec5-ab68-e4d0e1b50d95{ip: 192.168.34.63, host: pr-hdds-1868-wsm2n-11235469, networkLocation: /default-rack, certSerialId: null}5389c291-9dbf-4ff3-95a2-a367bd79a92b{ip: 192.168.34.63, host: pr-hdds-1868-wsm2n-11235469, networkLocation: /default-rack, certSerialId: null}a588f1ac-0e88-414d-9361-c050928a17f1{ip: 192.168.34.63, host: pr-hdds-1868-wsm2n-11235469, networkLocation: /default-rack, certSerialId: null}, Type:RATIS, Factor:THREE, State:OPEN] moved to OPEN state
2019-10-21 06:03:20,881 [grpc-default-executor-2] INFO  impl.RaftServerImpl (ServerState.java:setRaftConf(356)) - a588f1ac-0e88-414d-9361-c050928a17f1@group-58705FFBD881: set configuration 0: [2de534ac-c407-4ec5-ab68-e4d0e1b50d95:192.168.34.63:40946, 5389c291-9dbf-4ff3-95a2-a367bd79a92b:192.168.34.63:45480, a588f1ac-0e88-414d-9361-c050928a17f1:192.168.34.63:38160], old=null at 0
2019-10-21 06:03:20,881 [grpc-default-executor-1] INFO  impl.RaftServerImpl (ServerState.java:setRaftConf(356)) - 2de534ac-c407-4ec5-ab68-e4d0e1b50d95@group-58705FFBD881: set configuration 0: [2de534ac-c407-4ec5-ab68-e4d0e1b50d95:192.168.34.63:40946, 5389c291-9dbf-4ff3-95a2-a367bd79a92b:192.168.34.63:45480, a588f1ac-0e88-414d-9361-c050928a17f1:192.168.34.63:38160], old=null at 0
2019-10-21 06:03:20,882 [grpc-default-executor-2] INFO  segmented.SegmentedRaftLogWorker (SegmentedRaftLogWorker.java:startLogSegment(385)) - a588f1ac-0e88-414d-9361-c050928a17f1@group-58705FFBD881-SegmentedRaftLogWorker: Starting segment from index:0
2019-10-21 06:03:20,882 [grpc-default-executor-1] INFO  segmented.SegmentedRaftLogWorker (SegmentedRaftLogWorker.java:startLogSegment(385)) - 2de534ac-c407-4ec5-ab68-e4d0e1b50d95@group-58705FFBD881-SegmentedRaftLogWorker: Starting segment from index:0
2019-10-21 06:03:20,891 [Thread-227] INFO  impl.FollowerState (FollowerState.java:run(111)) - a588f1ac-0e88-414d-9361-c050928a17f1@group-B2E41A75A66B-FollowerState: change to CANDIDATE, lastRpcTime:5192ms, electionTimeout:5192ms
2019-10-21 06:03:20,891 [Thread-227] INFO  impl.RoleInfo (RoleInfo.java:shutdownFollowerState(121)) - a588f1ac-0e88-414d-9361-c050928a17f1: shutdown FollowerState
2019-10-21 06:03:20,892 [Thread-227] INFO  impl.RaftServerImpl (RaftServerImpl.java:setRole(173)) - a588f1ac-0e88-414d-9361-c050928a17f1@group-B2E41A75A66B: changes role from  FOLLOWER to CANDIDATE at term 0 for changeToCandidate
2019-10-21 06:03:20,892 [Thread-227] INFO  impl.RoleInfo (RoleInfo.java:updateAndGet(143)) - a588f1ac-0e88-414d-9361-c050928a17f1: start LeaderElection
2019-10-21 06:03:20,907 [a588f1ac-0e88-414d-9361-c050928a17f1@group-B2E41A75A66B-LeaderElection3] INFO  impl.LeaderElection (LeaderElection.java:askForVotes(178)) - a588f1ac-0e88-414d-9361-c050928a17f1@group-B2E41A75A66B-LeaderElection3: begin an election at term 1 for -1: [a588f1ac-0e88-414d-9361-c050928a17f1:192.168.34.63:38160], old=null
2019-10-21 06:03:20,907 [a588f1ac-0e88-414d-9361-c050928a17f1@group-B2E41A75A66B-LeaderElection3] INFO  impl.RoleInfo (RoleInfo.java:shutdownLeaderElection(134)) - a588f1ac-0e88-414d-9361-c050928a17f1: shutdown LeaderElection
2019-10-21 06:03:20,907 [a588f1ac-0e88-414d-9361-c050928a17f1@group-B2E41A75A66B-LeaderElection3] INFO  impl.RaftServerImpl (RaftServerImpl.java:setRole(173)) - a588f1ac-0e88-414d-9361-c050928a17f1@group-B2E41A75A66B: changes role from CANDIDATE to LEADER at term 1 for changeToLeader
2019-10-21 06:03:20,907 [a588f1ac-0e88-414d-9361-c050928a17f1@group-B2E41A75A66B-LeaderElection3] INFO  ratis.XceiverServerRatis (XceiverServerRatis.java:handleLeaderChangedNotification(701)) - Leader change notification received for group: group-B2E41A75A66B with new leaderId: a588f1ac-0e88-414d-9361-c050928a17f1
2019-10-21 06:03:20,907 [a588f1ac-0e88-414d-9361-c050928a17f1@group-B2E41A75A66B-LeaderElection3] INFO  impl.RaftServerImpl (ServerState.java:setLeader(255)) - a588f1ac-0e88-414d-9361-c050928a17f1@group-B2E41A75A66B: change Leader from null to a588f1ac-0e88-414d-9361-c050928a17f1 at term 1 for becomeLeader, leader elected after 5211ms
2019-10-21 06:03:20,907 [a588f1ac-0e88-414d-9361-c050928a17f1@group-B2E41A75A66B-LeaderElection3] INFO  server.RaftServerConfigKeys (ConfUtils.java:logGet(43)) - raft.server.staging.catchup.gap = 1000 (default)
2019-10-21 06:03:20,907 [a588f1ac-0e88-414d-9361-c050928a17f1@group-B2E41A75A66B-LeaderElection3] INFO  server.RaftServerConfigKeys (ConfUtils.java:logGet(43)) - raft.server.rpc.sleep.time = 25ms (default)
2019-10-21 06:03:20,908 [a588f1ac-0e88-414d-9361-c050928a17f1@group-B2E41A75A66B-LeaderElection3] INFO  server.RaftServerConfigKeys (ConfUtils.java:logGet(43)) - raft.server.write.element-limit = 4096 (default)
2019-10-21 06:03:20,908 [a588f1ac-0e88-414d-9361-c050928a17f1@group-B2E41A75A66B-LeaderElection3] INFO  server.RaftServerConfigKeys (ConfUtils.java:logGet(43)) - raft.server.watch.timeout = 10s (default)
2019-10-21 06:03:20,908 [a588f1ac-0e88-414d-9361-c050928a17f1@group-B2E41A75A66B-LeaderElection3] INFO  server.RaftServerConfigKeys (ConfUtils.java:logGet(43)) - raft.server.watch.timeout.denomination = 1s (default)
2019-10-21 06:03:20,908 [a588f1ac-0e88-414d-9361-c050928a17f1@group-B2E41A75A66B-LeaderElection3] INFO  server.RaftServerConfigKeys (ConfUtils.java:logGet(43)) - raft.server.watch.element-limit = 65536 (default)
2019-10-21 06:03:20,908 [a588f1ac-0e88-414d-9361-c050928a17f1@group-B2E41A75A66B-LeaderElection3] INFO  impl.RoleInfo (RoleInfo.java:updateAndGet(143)) - a588f1ac-0e88-414d-9361-c050928a17f1: start LeaderState
2019-10-21 06:03:20,909 [a588f1ac-0e88-414d-9361-c050928a17f1@group-B2E41A75A66B-LeaderElection3] INFO  segmented.SegmentedRaftLogWorker (SegmentedRaftLogWorker.java:startLogSegment(385)) - a588f1ac-0e88-414d-9361-c050928a17f1@group-B2E41A75A66B-SegmentedRaftLogWorker: Starting segment from index:0
2019-10-21 06:03:20,909 [a588f1ac-0e88-414d-9361-c050928a17f1@group-B2E41A75A66B-LeaderElection3] INFO  impl.RaftServerImpl (ServerState.java:setRaftConf(356)) - a588f1ac-0e88-414d-9361-c050928a17f1@group-B2E41A75A66B: set configuration 0: [a588f1ac-0e88-414d-9361-c050928a17f1:192.168.34.63:38160], old=null at 0
2019-10-21 06:03:20,961 [Thread-231] INFO  impl.FollowerState (FollowerState.java:run(111)) - 5389c291-9dbf-4ff3-95a2-a367bd79a92b@group-56D42338712D-FollowerState: change to CANDIDATE, lastRpcTime:5179ms, electionTimeout:5179ms
2019-10-21 06:03:20,962 [Thread-231] INFO  impl.RoleInfo (RoleInfo.java:shutdownFollowerState(121)) - 5389c291-9dbf-4ff3-95a2-a367bd79a92b: shutdown FollowerState
2019-10-21 06:03:20,962 [Thread-231] INFO  impl.RaftServerImpl (RaftServerImpl.java:setRole(173)) - 5389c291-9dbf-4ff3-95a2-a367bd79a92b@group-56D42338712D: changes role from  FOLLOWER to CANDIDATE at term 0 for changeToCandidate
2019-10-21 06:03:20,962 [Thread-231] INFO  impl.RoleInfo (RoleInfo.java:updateAndGet(143)) - 5389c291-9dbf-4ff3-95a2-a367bd79a92b: start LeaderElection
2019-10-21 06:03:20,978 [5389c291-9dbf-4ff3-95a2-a367bd79a92b@group-56D42338712D-LeaderElection4] INFO  impl.LeaderElection (LeaderElection.java:askForVotes(178)) - 5389c291-9dbf-4ff3-95a2-a367bd79a92b@group-56D42338712D-LeaderElection4: begin an election at term 1 for -1: [5389c291-9dbf-4ff3-95a2-a367bd79a92b:192.168.34.63:45480], old=null
2019-10-21 06:03:20,978 [5389c291-9dbf-4ff3-95a2-a367bd79a92b@group-56D42338712D-LeaderElection4] INFO  impl.RoleInfo (RoleInfo.java:shutdownLeaderElection(134)) - 5389c291-9dbf-4ff3-95a2-a367bd79a92b: shutdown LeaderElection
2019-10-21 06:03:20,978 [5389c291-9dbf-4ff3-95a2-a367bd79a92b@group-56D42338712D-LeaderElection4] INFO  impl.RaftServerImpl (RaftServerImpl.java:setRole(173)) - 5389c291-9dbf-4ff3-95a2-a367bd79a92b@group-56D42338712D: changes role from CANDIDATE to LEADER at term 1 for changeToLeader
2019-10-21 06:03:20,978 [5389c291-9dbf-4ff3-95a2-a367bd79a92b@group-56D42338712D-LeaderElection4] INFO  ratis.XceiverServerRatis (XceiverServerRatis.java:handleLeaderChangedNotification(701)) - Leader change notification received for group: group-56D42338712D with new leaderId: 5389c291-9dbf-4ff3-95a2-a367bd79a92b
2019-10-21 06:03:20,979 [5389c291-9dbf-4ff3-95a2-a367bd79a92b@group-56D42338712D-LeaderElection4] INFO  impl.RaftServerImpl (ServerState.java:setLeader(255)) - 5389c291-9dbf-4ff3-95a2-a367bd79a92b@group-56D42338712D: change Leader from null to 5389c291-9dbf-4ff3-95a2-a367bd79a92b at term 1 for becomeLeader, leader elected after 5201ms
2019-10-21 06:03:20,979 [5389c291-9dbf-4ff3-95a2-a367bd79a92b@group-56D42338712D-LeaderElection4] INFO  server.RaftServerConfigKeys (ConfUtils.java:logGet(43)) - raft.server.staging.catchup.gap = 1000 (default)
2019-10-21 06:03:20,979 [5389c291-9dbf-4ff3-95a2-a367bd79a92b@group-56D42338712D-LeaderElection4] INFO  server.RaftServerConfigKeys (ConfUtils.java:logGet(43)) - raft.server.rpc.sleep.time = 25ms (default)
2019-10-21 06:03:20,980 [5389c291-9dbf-4ff3-95a2-a367bd79a92b@group-56D42338712D-LeaderElection4] INFO  server.RaftServerConfigKeys (ConfUtils.java:logGet(43)) - raft.server.write.element-limit = 4096 (default)
2019-10-21 06:03:20,980 [5389c291-9dbf-4ff3-95a2-a367bd79a92b@group-56D42338712D-LeaderElection4] INFO  server.RaftServerConfigKeys (ConfUtils.java:logGet(43)) - raft.server.watch.timeout = 10s (default)
2019-10-21 06:03:20,980 [5389c291-9dbf-4ff3-95a2-a367bd79a92b@group-56D42338712D-LeaderElection4] INFO  server.RaftServerConfigKeys (ConfUtils.java:logGet(43)) - raft.server.watch.timeout.denomination = 1s (default)
2019-10-21 06:03:20,981 [5389c291-9dbf-4ff3-95a2-a367bd79a92b@group-56D42338712D-LeaderElection4] INFO  server.RaftServerConfigKeys (ConfUtils.java:logGet(43)) - raft.server.watch.element-limit = 65536 (default)
2019-10-21 06:03:20,981 [5389c291-9dbf-4ff3-95a2-a367bd79a92b@group-56D42338712D-LeaderElection4] INFO  impl.RoleInfo (RoleInfo.java:updateAndGet(143)) - 5389c291-9dbf-4ff3-95a2-a367bd79a92b: start LeaderState
2019-10-21 06:03:20,982 [5389c291-9dbf-4ff3-95a2-a367bd79a92b@group-56D42338712D-LeaderElection4] INFO  segmented.SegmentedRaftLogWorker (SegmentedRaftLogWorker.java:startLogSegment(385)) - 5389c291-9dbf-4ff3-95a2-a367bd79a92b@group-56D42338712D-SegmentedRaftLogWorker: Starting segment from index:0
2019-10-21 06:03:20,983 [5389c291-9dbf-4ff3-95a2-a367bd79a92b@group-56D42338712D-LeaderElection4] INFO  impl.RaftServerImpl (ServerState.java:setRaftConf(356)) - 5389c291-9dbf-4ff3-95a2-a367bd79a92b@group-56D42338712D: set configuration 0: [5389c291-9dbf-4ff3-95a2-a367bd79a92b:192.168.34.63:45480], old=null at 0
2019-10-21 06:03:21,017 [Thread-235] INFO  impl.FollowerState (FollowerState.java:run(111)) - 2de534ac-c407-4ec5-ab68-e4d0e1b50d95@group-E1E4B886E720-FollowerState: change to CANDIDATE, lastRpcTime:5162ms, electionTimeout:5156ms
2019-10-21 06:03:21,017 [Thread-235] INFO  impl.RoleInfo (RoleInfo.java:shutdownFollowerState(121)) - 2de534ac-c407-4ec5-ab68-e4d0e1b50d95: shutdown FollowerState
2019-10-21 06:03:21,017 [Thread-235] INFO  impl.RaftServerImpl (RaftServerImpl.java:setRole(173)) - 2de534ac-c407-4ec5-ab68-e4d0e1b50d95@group-E1E4B886E720: changes role from  FOLLOWER to CANDIDATE at term 0 for changeToCandidate
2019-10-21 06:03:21,018 [Thread-235] INFO  impl.RoleInfo (RoleInfo.java:updateAndGet(143)) - 2de534ac-c407-4ec5-ab68-e4d0e1b50d95: start LeaderElection
2019-10-21 06:03:21,034 [a588f1ac-0e88-414d-9361-c050928a17f1@group-58705FFBD881-SegmentedRaftLogWorker] INFO  segmented.SegmentedRaftLogWorker (SegmentedRaftLogWorker.java:execute(576)) - a588f1ac-0e88-414d-9361-c050928a17f1@group-58705FFBD881-SegmentedRaftLogWorker: created new log segment /workdir/hadoop-ozone/integration-test/target/test-dir/MiniOzoneClusterImpl-57da642c-82d6-499f-aa71-47bf78ddd986/datanode-1/data/ratis/8f9e0d08-2118-49e4-bafd-58705ffbd881/current/log_inprogress_0
2019-10-21 06:03:21,034 [a588f1ac-0e88-414d-9361-c050928a17f1@group-B2E41A75A66B-SegmentedRaftLogWorker] INFO  segmented.SegmentedRaftLogWorker (SegmentedRaftLogWorker.java:execute(576)) - a588f1ac-0e88-414d-9361-c050928a17f1@group-B2E41A75A66B-SegmentedRaftLogWorker: created new log segment /workdir/hadoop-ozone/integration-test/target/test-dir/MiniOzoneClusterImpl-57da642c-82d6-499f-aa71-47bf78ddd986/datanode-1/data/ratis/a04d7402-9fde-4d8d-8d85-b2e41a75a66b/current/log_inprogress_0
2019-10-21 06:03:21,034 [2de534ac-c407-4ec5-ab68-e4d0e1b50d95@group-E1E4B886E720-LeaderElection5] INFO  impl.LeaderElection (LeaderElection.java:askForVotes(178)) - 2de534ac-c407-4ec5-ab68-e4d0e1b50d95@group-E1E4B886E720-LeaderElection5: begin an election at term 1 for -1: [2de534ac-c407-4ec5-ab68-e4d0e1b50d95:192.168.34.63:40946], old=null
2019-10-21 06:03:21,034 [5389c291-9dbf-4ff3-95a2-a367bd79a92b@group-56D42338712D-SegmentedRaftLogWorker] INFO  segmented.SegmentedRaftLogWorker (SegmentedRaftLogWorker.java:execute(576)) - 5389c291-9dbf-4ff3-95a2-a367bd79a92b@group-56D42338712D-SegmentedRaftLogWorker: created new log segment /workdir/hadoop-ozone/integration-test/target/test-dir/MiniOzoneClusterImpl-57da642c-82d6-499f-aa71-47bf78ddd986/datanode-2/data/ratis/38f96a19-6b6f-4703-a3b5-56d42338712d/current/log_inprogress_0
2019-10-21 06:03:21,034 [5389c291-9dbf-4ff3-95a2-a367bd79a92b@group-58705FFBD881-SegmentedRaftLogWorker] INFO  segmented.SegmentedRaftLogWorker (SegmentedRaftLogWorker.java:execute(576)) - 5389c291-9dbf-4ff3-95a2-a367bd79a92b@group-58705FFBD881-SegmentedRaftLogWorker: created new log segment /workdir/hadoop-ozone/integration-test/target/test-dir/MiniOzoneClusterImpl-57da642c-82d6-499f-aa71-47bf78ddd986/datanode-2/data/ratis/8f9e0d08-2118-49e4-bafd-58705ffbd881/current/log_inprogress_0
2019-10-21 06:03:21,034 [2de534ac-c407-4ec5-ab68-e4d0e1b50d95@group-58705FFBD881-SegmentedRaftLogWorker] INFO  segmented.SegmentedRaftLogWorker (SegmentedRaftLogWorker.java:execute(576)) - 2de534ac-c407-4ec5-ab68-e4d0e1b50d95@group-58705FFBD881-SegmentedRaftLogWorker: created new log segment /workdir/hadoop-ozone/integration-test/target/test-dir/MiniOzoneClusterImpl-57da642c-82d6-499f-aa71-47bf78ddd986/datanode-0/data/ratis/8f9e0d08-2118-49e4-bafd-58705ffbd881/current/log_inprogress_0
2019-10-21 06:03:21,035 [2de534ac-c407-4ec5-ab68-e4d0e1b50d95@group-E1E4B886E720-LeaderElection5] INFO  impl.RoleInfo (RoleInfo.java:shutdownLeaderElection(134)) - 2de534ac-c407-4ec5-ab68-e4d0e1b50d95: shutdown LeaderElection
2019-10-21 06:03:21,035 [2de534ac-c407-4ec5-ab68-e4d0e1b50d95@group-E1E4B886E720-LeaderElection5] INFO  impl.RaftServerImpl (RaftServerImpl.java:setRole(173)) - 2de534ac-c407-4ec5-ab68-e4d0e1b50d95@group-E1E4B886E720: changes role from CANDIDATE to LEADER at term 1 for changeToLeader
2019-10-21 06:03:21,035 [2de534ac-c407-4ec5-ab68-e4d0e1b50d95@group-E1E4B886E720-LeaderElection5] INFO  ratis.XceiverServerRatis (XceiverServerRatis.java:handleLeaderChangedNotification(701)) - Leader change notification received for group: group-E1E4B886E720 with new leaderId: 2de534ac-c407-4ec5-ab68-e4d0e1b50d95
2019-10-21 06:03:21,036 [2de534ac-c407-4ec5-ab68-e4d0e1b50d95@group-E1E4B886E720-LeaderElection5] INFO  impl.RaftServerImpl (ServerState.java:setLeader(255)) - 2de534ac-c407-4ec5-ab68-e4d0e1b50d95@group-E1E4B886E720: change Leader from null to 2de534ac-c407-4ec5-ab68-e4d0e1b50d95 at term 1 for becomeLeader, leader elected after 5184ms
2019-10-21 06:03:21,036 [2de534ac-c407-4ec5-ab68-e4d0e1b50d95@group-E1E4B886E720-LeaderElection5] INFO  server.RaftServerConfigKeys (ConfUtils.java:logGet(43)) - raft.server.staging.catchup.gap = 1000 (default)
2019-10-21 06:03:21,036 [2de534ac-c407-4ec5-ab68-e4d0e1b50d95@group-E1E4B886E720-LeaderElection5] INFO  server.RaftServerConfigKeys (ConfUtils.java:logGet(43)) - raft.server.rpc.sleep.time = 25ms (default)
2019-10-21 06:03:21,036 [2de534ac-c407-4ec5-ab68-e4d0e1b50d95@group-E1E4B886E720-LeaderElection5] INFO  server.RaftServerConfigKeys (ConfUtils.java:logGet(43)) - raft.server.write.element-limit = 4096 (default)
2019-10-21 06:03:21,036 [2de534ac-c407-4ec5-ab68-e4d0e1b50d95@group-E1E4B886E720-LeaderElection5] INFO  server.RaftServerConfigKeys (ConfUtils.java:logGet(43)) - raft.server.watch.timeout = 10s (default)
2019-10-21 06:03:21,036 [2de534ac-c407-4ec5-ab68-e4d0e1b50d95@group-E1E4B886E720-LeaderElection5] INFO  server.RaftServerConfigKeys (ConfUtils.java:logGet(43)) - raft.server.watch.timeout.denomination = 1s (default)
2019-10-21 06:03:21,036 [2de534ac-c407-4ec5-ab68-e4d0e1b50d95@group-E1E4B886E720-LeaderElection5] INFO  server.RaftServerConfigKeys (ConfUtils.java:logGet(43)) - raft.server.watch.element-limit = 65536 (default)
2019-10-21 06:03:21,037 [2de534ac-c407-4ec5-ab68-e4d0e1b50d95@group-E1E4B886E720-LeaderElection5] INFO  impl.RoleInfo (RoleInfo.java:updateAndGet(143)) - 2de534ac-c407-4ec5-ab68-e4d0e1b50d95: start LeaderState
2019-10-21 06:03:21,037 [2de534ac-c407-4ec5-ab68-e4d0e1b50d95@group-E1E4B886E720-LeaderElection5] INFO  segmented.SegmentedRaftLogWorker (SegmentedRaftLogWorker.java:startLogSegment(385)) - 2de534ac-c407-4ec5-ab68-e4d0e1b50d95@group-E1E4B886E720-SegmentedRaftLogWorker: Starting segment from index:0
2019-10-21 06:03:21,037 [2de534ac-c407-4ec5-ab68-e4d0e1b50d95@group-E1E4B886E720-LeaderElection5] INFO  impl.RaftServerImpl (ServerState.java:setRaftConf(356)) - 2de534ac-c407-4ec5-ab68-e4d0e1b50d95@group-E1E4B886E720: set configuration 0: [2de534ac-c407-4ec5-ab68-e4d0e1b50d95:192.168.34.63:40946], old=null at 0
2019-10-21 06:03:21,080 [2de534ac-c407-4ec5-ab68-e4d0e1b50d95@group-E1E4B886E720-SegmentedRaftLogWorker] INFO  segmented.SegmentedRaftLogWorker (SegmentedRaftLogWorker.java:execute(576)) - 2de534ac-c407-4ec5-ab68-e4d0e1b50d95@group-E1E4B886E720-SegmentedRaftLogWorker: created new log segment /workdir/hadoop-ozone/integration-test/target/test-dir/MiniOzoneClusterImpl-57da642c-82d6-499f-aa71-47bf78ddd986/datanode-0/data/ratis/96a14152-a85c-4e3f-8a62-e1e4b886e720/current/log_inprogress_0
2019-10-21 06:03:21,428 [main] INFO  ozone.MiniOzoneClusterImpl (MiniOzoneClusterImpl.java:lambda$waitForClusterToBeReady$2(170)) - Cluster is ready. Got 3 of 3 DN Heartbeats.
2019-10-21 06:03:22,309 [main] INFO  rpc.RpcClient (RpcClient.java:createVolume(272)) - Creating Volume: testcontainerstatemachinefailures, with jenkins1000 as owner.
2019-10-21 06:03:22,411 [IPC Server handler 13 on 37257] INFO  volume.OMVolumeCreateRequest (OMVolumeCreateRequest.java:validateAndUpdateCache(193)) - created volume:testcontainerstatemachinefailures for user:jenkins1000
2019-10-21 06:03:22,433 [main] INFO  rpc.RpcClient (RpcClient.java:createBucket(411)) - Creating Bucket: testcontainerstatemachinefailures/testcontainerstatemachinefailures, with Versioning false and Storage Type set to DISK and Encryption set to false 
2019-10-21 06:03:22,587 [main] INFO  impl.MetricsSystemImpl (MetricsSystemImpl.java:init(158)) - XceiverClientMetrics metrics system started (again)
2019-10-21 06:03:23,085 [Datanode State Machine Thread - 0] INFO  statemachine.DatanodeStateMachine (DatanodeStateMachine.java:lambda$startDaemon$0(350)) - Ozone container server started.
2019-10-21 06:03:28,069 [main] INFO  ozoneimpl.OzoneContainer (OzoneContainer.java:stop(227)) - Attempting to stop container services.
2019-10-21 06:03:28,070 [main] INFO  impl.RaftServerProxy (RaftServerProxy.java:lambda$close$4(314)) - a588f1ac-0e88-414d-9361-c050928a17f1: close
2019-10-21 06:03:28,072 [main] INFO  impl.RaftServerImpl (RaftServerImpl.java:lambda$shutdown$3(250)) - a588f1ac-0e88-414d-9361-c050928a17f1@group-B2E41A75A66B: shutdown
2019-10-21 06:03:28,072 [ForkJoinPool.commonPool-worker-0] INFO  impl.RaftServerImpl (RaftServerImpl.java:lambda$shutdown$3(250)) - a588f1ac-0e88-414d-9361-c050928a17f1@group-58705FFBD881: shutdown
2019-10-21 06:03:28,073 [main] INFO  util.JmxRegister (JmxRegister.java:unregister(73)) - Successfully un-registered JMX Bean with object name Ratis:service=RaftServer,group=group-B2E41A75A66B,id=a588f1ac-0e88-414d-9361-c050928a17f1
2019-10-21 06:03:28,073 [ForkJoinPool.commonPool-worker-0] INFO  util.JmxRegister (JmxRegister.java:unregister(73)) - Successfully un-registered JMX Bean with object name Ratis:service=RaftServer,group=group-58705FFBD881,id=a588f1ac-0e88-414d-9361-c050928a17f1
2019-10-21 06:03:28,073 [main] INFO  impl.RoleInfo (RoleInfo.java:shutdownLeaderState(104)) - a588f1ac-0e88-414d-9361-c050928a17f1: shutdown LeaderState
2019-10-21 06:03:28,073 [ForkJoinPool.commonPool-worker-0] INFO  impl.RoleInfo (RoleInfo.java:shutdownFollowerState(121)) - a588f1ac-0e88-414d-9361-c050928a17f1: shutdown FollowerState
2019-10-21 06:03:28,074 [ForkJoinPool.commonPool-worker-0] INFO  impl.StateMachineUpdater (StateMachineUpdater.java:stopAndJoin(136)) - a588f1ac-0e88-414d-9361-c050928a17f1@group-58705FFBD881-StateMachineUpdater: set stopIndex = 4
2019-10-21 06:03:28,074 [Thread-253] INFO  impl.FollowerState (FollowerState.java:run(120)) - a588f1ac-0e88-414d-9361-c050928a17f1@group-58705FFBD881-FollowerState was interrupted: java.lang.InterruptedException: sleep interrupted
2019-10-21 06:03:28,082 [main] INFO  impl.PendingRequests (PendingRequests.java:sendNotLeaderResponses(206)) - a588f1ac-0e88-414d-9361-c050928a17f1@group-B2E41A75A66B-PendingRequests: sendNotLeaderResponses
2019-10-21 06:03:28,082 [a588f1ac-0e88-414d-9361-c050928a17f1@group-58705FFBD881-StateMachineUpdater] INFO  ratis.ContainerStateMachine (ContainerStateMachine.java:takeSnapshot(296)) - group-58705FFBD881: Taking a snapshot at:(t:1, i:3) file /workdir/hadoop-ozone/integration-test/target/test-dir/MiniOzoneClusterImpl-57da642c-82d6-499f-aa71-47bf78ddd986/datanode-1/data/ratis/8f9e0d08-2118-49e4-bafd-58705ffbd881/sm/snapshot.1_3
2019-10-21 06:03:28,085 [main] INFO  impl.StateMachineUpdater (StateMachineUpdater.java:stopAndJoin(136)) - a588f1ac-0e88-414d-9361-c050928a17f1@group-B2E41A75A66B-StateMachineUpdater: set stopIndex = 0
2019-10-21 06:03:28,086 [main] INFO  impl.RaftServerImpl (ServerState.java:close(387)) - a588f1ac-0e88-414d-9361-c050928a17f1@group-B2E41A75A66B: closes. applyIndex: 0
2019-10-21 06:03:28,087 [a588f1ac-0e88-414d-9361-c050928a17f1@group-B2E41A75A66B-SegmentedRaftLogWorker] INFO  segmented.SegmentedRaftLogWorker (SegmentedRaftLogWorker.java:run(316)) - a588f1ac-0e88-414d-9361-c050928a17f1@group-B2E41A75A66B-SegmentedRaftLogWorker was interrupted, exiting. There are 0 tasks remaining in the queue.
2019-10-21 06:03:28,088 [main] INFO  segmented.SegmentedRaftLogWorker (SegmentedRaftLogWorker.java:close(224)) - a588f1ac-0e88-414d-9361-c050928a17f1@group-B2E41A75A66B-SegmentedRaftLogWorker close()
2019-10-21 06:03:28,182 [a588f1ac-0e88-414d-9361-c050928a17f1@group-58705FFBD881-StateMachineUpdater] INFO  ratis.ContainerStateMachine (ContainerStateMachine.java:takeSnapshot(307)) - group-58705FFBD881: Finished taking a snapshot at:(t:1, i:3) file:/workdir/hadoop-ozone/integration-test/target/test-dir/MiniOzoneClusterImpl-57da642c-82d6-499f-aa71-47bf78ddd986/datanode-1/data/ratis/8f9e0d08-2118-49e4-bafd-58705ffbd881/sm/snapshot.1_3 time:108
2019-10-21 06:03:28,183 [a588f1ac-0e88-414d-9361-c050928a17f1@group-58705FFBD881-StateMachineUpdater] INFO  impl.StateMachineUpdater (StateMachineUpdater.java:takeSnapshot(269)) - a588f1ac-0e88-414d-9361-c050928a17f1@group-58705FFBD881-StateMachineUpdater: Took a snapshot at index 3
2019-10-21 06:03:28,183 [a588f1ac-0e88-414d-9361-c050928a17f1@group-58705FFBD881-StateMachineUpdater] INFO  impl.StateMachineUpdater (StateMachineUpdater.java:lambda$new$0(84)) - a588f1ac-0e88-414d-9361-c050928a17f1@group-58705FFBD881-StateMachineUpdater: snapshotIndex: updateIncreasingly -1 -> 3
2019-10-21 06:03:28,186 [a588f1ac-0e88-414d-9361-c050928a17f1@group-58705FFBD881-StateMachineUpdater] INFO  ratis.ContainerStateMachine (ContainerStateMachine.java:takeSnapshot(296)) - group-58705FFBD881: Taking a snapshot at:(t:1, i:3) file /workdir/hadoop-ozone/integration-test/target/test-dir/MiniOzoneClusterImpl-57da642c-82d6-499f-aa71-47bf78ddd986/datanode-1/data/ratis/8f9e0d08-2118-49e4-bafd-58705ffbd881/sm/snapshot.1_3
2019-10-21 06:03:28,198 [a588f1ac-0e88-414d-9361-c050928a17f1@group-58705FFBD881-StateMachineUpdater] INFO  ratis.ContainerStateMachine (ContainerStateMachine.java:takeSnapshot(307)) - group-58705FFBD881: Finished taking a snapshot at:(t:1, i:3) file:/workdir/hadoop-ozone/integration-test/target/test-dir/MiniOzoneClusterImpl-57da642c-82d6-499f-aa71-47bf78ddd986/datanode-1/data/ratis/8f9e0d08-2118-49e4-bafd-58705ffbd881/sm/snapshot.1_3 time:13
2019-10-21 06:03:28,198 [a588f1ac-0e88-414d-9361-c050928a17f1@group-58705FFBD881-StateMachineUpdater] INFO  impl.StateMachineUpdater (StateMachineUpdater.java:takeSnapshot(269)) - a588f1ac-0e88-414d-9361-c050928a17f1@group-58705FFBD881-StateMachineUpdater: Took a snapshot at index 3
2019-10-21 06:03:28,198 [a588f1ac-0e88-414d-9361-c050928a17f1@group-58705FFBD881-StateMachineUpdater] INFO  impl.StateMachineUpdater (StateMachineUpdater.java:lambda$new$0(84)) - a588f1ac-0e88-414d-9361-c050928a17f1@group-58705FFBD881-StateMachineUpdater: snapshotIndex: updateIncreasingly 3 -> 3
2019-10-21 06:03:28,199 [ForkJoinPool.commonPool-worker-0] INFO  impl.RaftServerImpl (ServerState.java:close(387)) - a588f1ac-0e88-414d-9361-c050928a17f1@group-58705FFBD881: closes. applyIndex: 4
2019-10-21 06:03:28,199 [a588f1ac-0e88-414d-9361-c050928a17f1@group-58705FFBD881-SegmentedRaftLogWorker] INFO  segmented.SegmentedRaftLogWorker (SegmentedRaftLogWorker.java:run(316)) - a588f1ac-0e88-414d-9361-c050928a17f1@group-58705FFBD881-SegmentedRaftLogWorker was interrupted, exiting. There are 0 tasks remaining in the queue.
2019-10-21 06:03:28,201 [ForkJoinPool.commonPool-worker-0] INFO  segmented.SegmentedRaftLogWorker (SegmentedRaftLogWorker.java:close(224)) - a588f1ac-0e88-414d-9361-c050928a17f1@group-58705FFBD881-SegmentedRaftLogWorker close()
2019-10-21 06:03:28,204 [main] INFO  server.GrpcService (GrpcService.java:closeImpl(164)) - a588f1ac-0e88-414d-9361-c050928a17f1: shutdown server with port 38160 now
2019-10-21 06:03:28,214 [grpc-default-executor-2] WARN  server.GrpcServerProtocolService (LogUtils.java:warn(134)) - a588f1ac-0e88-414d-9361-c050928a17f1: installSnapshot onError, lastRequest: 5389c291-9dbf-4ff3-95a2-a367bd79a92b->a588f1ac-0e88-414d-9361-c050928a17f1#7-t1, previous=(t:1, i:4), leaderCommit=4, initializing? false, entries: <empty>: org.apache.ratis.thirdparty.io.grpc.StatusRuntimeException: CANCELLED: cancelled before receiving half close
2019-10-21 06:03:28,214 [main] INFO  server.GrpcService (GrpcService.java:closeImpl(172)) - a588f1ac-0e88-414d-9361-c050928a17f1: shutdown server with port 38160 successfully
2019-10-21 06:03:28,217 [refreshUsed-/workdir/hadoop-ozone/integration-test/target/test-dir/MiniOzoneClusterImpl-57da642c-82d6-499f-aa71-47bf78ddd986/datanode-1/data/containers] WARN  fs.CachingGetSpaceUsed (CachingGetSpaceUsed.java:run(183)) - Thread Interrupted waiting to refresh disk information: sleep interrupted
2019-10-21 06:03:28,222 [grpc-default-executor-2] WARN  server.GrpcLogAppender (LogUtils.java:warn(134)) - 5389c291-9dbf-4ff3-95a2-a367bd79a92b@group-58705FFBD881->a588f1ac-0e88-414d-9361-c050928a17f1-AppendLogResponseHandler: Failed appendEntries: org.apache.ratis.thirdparty.io.grpc.StatusRuntimeException: CANCELLED: HTTP/2 error code: CANCEL
Received Rst Stream
2019-10-21 06:03:28,232 [main] INFO  utils.BackgroundService (BackgroundService.java:shutdown(151)) - Shutting down service BlockDeletingService
2019-10-21 06:03:28,235 [main] INFO  statemachine.DatanodeStateMachine (DatanodeStateMachine.java:stopDaemon(395)) - Ozone container server stopped.
2019-10-21 06:03:28,251 [main] INFO  handler.ContextHandler (ContextHandler.java:doStop(910)) - Stopped o.e.j.w.WebAppContext@2af69643{/,null,UNAVAILABLE}{/hddsDatanode}
2019-10-21 06:03:28,257 [main] INFO  server.AbstractConnector (AbstractConnector.java:doStop(318)) - Stopped ServerConnector@587a1cfb{HTTP/1.1,[http/1.1]}{0.0.0.0:0}
2019-10-21 06:03:28,258 [main] INFO  handler.ContextHandler (ContextHandler.java:doStop(910)) - Stopped o.e.j.s.ServletContextHandler@1e469dfd{/static,jar:file:/home/user/.m2/repository/org/apache/hadoop/hadoop-hdds-container-service/0.5.0-SNAPSHOT/hadoop-hdds-container-service-0.5.0-SNAPSHOT.jar!/webapps/static,UNAVAILABLE}
2019-10-21 06:03:28,258 [main] INFO  handler.ContextHandler (ContextHandler.java:doStop(910)) - Stopped o.e.j.s.ServletContextHandler@78d6447a{/logs,file:///workdir/hadoop-ozone/integration-test/target/log,UNAVAILABLE}
2019-10-21 06:03:31,266 [java.util.concurrent.ThreadPoolExecutor$Worker@29bf4258[State = -1, empty queue]] WARN  server.GrpcLogAppender (GrpcLogAppender.java:timeoutAppendRequest(209)) - 5389c291-9dbf-4ff3-95a2-a367bd79a92b@group-58705FFBD881->a588f1ac-0e88-414d-9361-c050928a17f1-GrpcLogAppender: appendEntries Timeout, request=5389c291-9dbf-4ff3-95a2-a367bd79a92b->a588f1ac-0e88-414d-9361-c050928a17f1#8-t1, previous=(t:1, i:4), leaderCommit=4, initializing? false, entries: size=1, first=(t:1, i:5), STATEMACHINELOGENTRY, client-6D3018828CA9, cid=20
2019-10-21 06:03:31,267 [java.util.concurrent.ThreadPoolExecutor$Worker@29bf4258[State = -1, empty queue]] WARN  server.GrpcLogAppender (GrpcLogAppender.java:timeoutAppendRequest(209)) - 5389c291-9dbf-4ff3-95a2-a367bd79a92b@group-58705FFBD881->a588f1ac-0e88-414d-9361-c050928a17f1-GrpcLogAppender: appendEntries Timeout, request=5389c291-9dbf-4ff3-95a2-a367bd79a92b->a588f1ac-0e88-414d-9361-c050928a17f1#9-t1, previous=(t:1, i:5), leaderCommit=4, initializing? false, entries: size=1, first=(t:1, i:6), STATEMACHINELOGENTRY, client-6D3018828CA9, cid=21
2019-10-21 06:03:31,280 [java.util.concurrent.ThreadPoolExecutor$Worker@29bf4258[State = -1, empty queue]] WARN  server.GrpcLogAppender (GrpcLogAppender.java:timeoutAppendRequest(209)) - 5389c291-9dbf-4ff3-95a2-a367bd79a92b@group-58705FFBD881->a588f1ac-0e88-414d-9361-c050928a17f1-GrpcLogAppender: appendEntries Timeout, request=5389c291-9dbf-4ff3-95a2-a367bd79a92b->a588f1ac-0e88-414d-9361-c050928a17f1#10-t1, previous=(t:1, i:6), leaderCommit=6, initializing? false, entries: size=1, first=(t:1, i:7), METADATAENTRY(c5)
2019-10-21 06:03:31,280 [java.util.concurrent.ThreadPoolExecutor$Worker@29bf4258[State = -1, empty queue]] WARN  server.GrpcLogAppender (GrpcLogAppender.java:timeoutAppendRequest(209)) - 5389c291-9dbf-4ff3-95a2-a367bd79a92b@group-58705FFBD881->a588f1ac-0e88-414d-9361-c050928a17f1-GrpcLogAppender: appendEntries Timeout, request=5389c291-9dbf-4ff3-95a2-a367bd79a92b->a588f1ac-0e88-414d-9361-c050928a17f1#11-t1, previous=(t:1, i:7), leaderCommit=6, initializing? false, entries: size=1, first=(t:1, i:8), METADATAENTRY(c6)
2019-10-21 06:03:33,782 [java.util.concurrent.ThreadPoolExecutor$Worker@29bf4258[State = -1, empty queue]] WARN  server.GrpcLogAppender (GrpcLogAppender.java:timeoutAppendRequest(209)) - 5389c291-9dbf-4ff3-95a2-a367bd79a92b@group-58705FFBD881->a588f1ac-0e88-414d-9361-c050928a17f1-GrpcLogAppender: appendEntries Timeout, request=5389c291-9dbf-4ff3-95a2-a367bd79a92b->a588f1ac-0e88-414d-9361-c050928a17f1#12-t1, previous=(t:1, i:8), leaderCommit=8, initializing? false, entries: <empty>
2019-10-21 06:03:36,283 [java.util.concurrent.ThreadPoolExecutor$Worker@29bf4258[State = -1, empty queue]] WARN  server.GrpcLogAppender (GrpcLogAppender.java:timeoutAppendRequest(209)) - 5389c291-9dbf-4ff3-95a2-a367bd79a92b@group-58705FFBD881->a588f1ac-0e88-414d-9361-c050928a17f1-GrpcLogAppender: appendEntries Timeout, request=5389c291-9dbf-4ff3-95a2-a367bd79a92b->a588f1ac-0e88-414d-9361-c050928a17f1#13-t1, previous=(t:1, i:8), leaderCommit=8, initializing? false, entries: <empty>
2019-10-21 06:03:38,761 [Thread-310] INFO  client.GrpcClientProtocolService (GrpcClientProtocolService.java:lambda$processClientRequest$0(279)) - Failed RaftClientRequest:client-6D3018828CA9->5389c291-9dbf-4ff3-95a2-a367bd79a92b@group-58705FFBD881, cid=22, seq=0, Watch-ALL_COMMITTED(6), Message:<EMPTY>, reply=RaftClientReply:client-6D3018828CA9->5389c291-9dbf-4ff3-95a2-a367bd79a92b@group-58705FFBD881, cid=22, FAILED org.apache.ratis.protocol.NotReplicatedException: Request with call Id 22 and log index 6 is not yet replicated to ALL_COMMITTED, logIndex=6, commits[5389c291-9dbf-4ff3-95a2-a367bd79a92b:c8, 2de534ac-c407-4ec5-ab68-e4d0e1b50d95:c8, a588f1ac-0e88-414d-9361-c050928a17f1:c4]
2019-10-21 06:03:38,788 [java.util.concurrent.ThreadPoolExecutor$Worker@29bf4258[State = -1, empty queue]] WARN  server.GrpcLogAppender (GrpcLogAppender.java:timeoutAppendRequest(209)) - 5389c291-9dbf-4ff3-95a2-a367bd79a92b@group-58705FFBD881->a588f1ac-0e88-414d-9361-c050928a17f1-GrpcLogAppender: appendEntries Timeout, request=5389c291-9dbf-4ff3-95a2-a367bd79a92b->a588f1ac-0e88-414d-9361-c050928a17f1#14-t1, previous=(t:1, i:8), leaderCommit=8, initializing? false, entries: <empty>
2019-10-21 06:03:41,289 [java.util.concurrent.ThreadPoolExecutor$Worker@29bf4258[State = -1, empty queue]] WARN  server.GrpcLogAppender (GrpcLogAppender.java:timeoutAppendRequest(209)) - 5389c291-9dbf-4ff3-95a2-a367bd79a92b@group-58705FFBD881->a588f1ac-0e88-414d-9361-c050928a17f1-GrpcLogAppender: appendEntries Timeout, request=5389c291-9dbf-4ff3-95a2-a367bd79a92b->a588f1ac-0e88-414d-9361-c050928a17f1#15-t1, previous=(t:1, i:8), leaderCommit=8, initializing? false, entries: <empty>
2019-10-21 06:03:43,789 [java.util.concurrent.ThreadPoolExecutor$Worker@29bf4258[State = -1, empty queue]] WARN  server.GrpcLogAppender (GrpcLogAppender.java:timeoutAppendRequest(209)) - 5389c291-9dbf-4ff3-95a2-a367bd79a92b@group-58705FFBD881->a588f1ac-0e88-414d-9361-c050928a17f1-GrpcLogAppender: appendEntries Timeout, request=5389c291-9dbf-4ff3-95a2-a367bd79a92b->a588f1ac-0e88-414d-9361-c050928a17f1#16-t1, previous=(t:1, i:8), leaderCommit=8, initializing? false, entries: <empty>
2019-10-21 06:03:46,291 [java.util.concurrent.ThreadPoolExecutor$Worker@29bf4258[State = -1, empty queue]] WARN  server.GrpcLogAppender (GrpcLogAppender.java:timeoutAppendRequest(209)) - 5389c291-9dbf-4ff3-95a2-a367bd79a92b@group-58705FFBD881->a588f1ac-0e88-414d-9361-c050928a17f1-GrpcLogAppender: appendEntries Timeout, request=5389c291-9dbf-4ff3-95a2-a367bd79a92b->a588f1ac-0e88-414d-9361-c050928a17f1#17-t1, previous=(t:1, i:8), leaderCommit=8, initializing? false, entries: <empty>
2019-10-21 06:03:48,348 [Thread-319] INFO  client.GrpcClientProtocolService (GrpcClientProtocolService.java:lambda$processClientRequest$0(279)) - Failed RaftClientRequest:client-6D3018828CA9->2de534ac-c407-4ec5-ab68-e4d0e1b50d95@group-58705FFBD881, cid=22, seq=0, Watch-ALL_COMMITTED(6), Message:<EMPTY>, reply=RaftClientReply:client-6D3018828CA9->2de534ac-c407-4ec5-ab68-e4d0e1b50d95@group-58705FFBD881, cid=22, FAILED org.apache.ratis.protocol.NotLeaderException: Server 2de534ac-c407-4ec5-ab68-e4d0e1b50d95@group-58705FFBD881 is not the leader 5389c291-9dbf-4ff3-95a2-a367bd79a92b:192.168.34.63:45480, logIndex=0, commits[2de534ac-c407-4ec5-ab68-e4d0e1b50d95:c8, 5389c291-9dbf-4ff3-95a2-a367bd79a92b:c8, a588f1ac-0e88-414d-9361-c050928a17f1:c4]
2019-10-21 06:03:48,755 [Thread-322] INFO  client.GrpcClientProtocolService (GrpcClientProtocolService.java:lambda$processClientRequest$0(279)) - Failed RaftClientRequest:client-6D3018828CA9->5389c291-9dbf-4ff3-95a2-a367bd79a92b@group-58705FFBD881, cid=22, seq=0, Watch-ALL_COMMITTED(6), Message:<EMPTY>, reply=RaftClientReply:client-6D3018828CA9->5389c291-9dbf-4ff3-95a2-a367bd79a92b@group-58705FFBD881, cid=22, FAILED org.apache.ratis.protocol.NotReplicatedException: Request with call Id 22 and log index 6 is not yet replicated to ALL_COMMITTED, logIndex=6, commits[5389c291-9dbf-4ff3-95a2-a367bd79a92b:c8, 2de534ac-c407-4ec5-ab68-e4d0e1b50d95:c8, a588f1ac-0e88-414d-9361-c050928a17f1:c4]
2019-10-21 06:03:48,797 [java.util.concurrent.ThreadPoolExecutor$Worker@29bf4258[State = -1, empty queue]] WARN  server.GrpcLogAppender (GrpcLogAppender.java:timeoutAppendRequest(209)) - 5389c291-9dbf-4ff3-95a2-a367bd79a92b@group-58705FFBD881->a588f1ac-0e88-414d-9361-c050928a17f1-GrpcLogAppender: appendEntries Timeout, request=5389c291-9dbf-4ff3-95a2-a367bd79a92b->a588f1ac-0e88-414d-9361-c050928a17f1#18-t1, previous=(t:1, i:8), leaderCommit=8, initializing? false, entries: <empty>
2019-10-21 06:03:51,298 [java.util.concurrent.ThreadPoolExecutor$Worker@29bf4258[State = -1, empty queue]] WARN  server.GrpcLogAppender (GrpcLogAppender.java:timeoutAppendRequest(209)) - 5389c291-9dbf-4ff3-95a2-a367bd79a92b@group-58705FFBD881->a588f1ac-0e88-414d-9361-c050928a17f1-GrpcLogAppender: appendEntries Timeout, request=5389c291-9dbf-4ff3-95a2-a367bd79a92b->a588f1ac-0e88-414d-9361-c050928a17f1#19-t1, previous=(t:1, i:8), leaderCommit=8, initializing? false, entries: <empty>
2019-10-21 06:03:53,800 [java.util.concurrent.ThreadPoolExecutor$Worker@29bf4258[State = -1, empty queue]] WARN  server.GrpcLogAppender (GrpcLogAppender.java:timeoutAppendRequest(209)) - 5389c291-9dbf-4ff3-95a2-a367bd79a92b@group-58705FFBD881->a588f1ac-0e88-414d-9361-c050928a17f1-GrpcLogAppender: appendEntries Timeout, request=5389c291-9dbf-4ff3-95a2-a367bd79a92b->a588f1ac-0e88-414d-9361-c050928a17f1#20-t1, previous=(t:1, i:8), leaderCommit=8, initializing? false, entries: <empty>
2019-10-21 06:03:56,301 [java.util.concurrent.ThreadPoolExecutor$Worker@29bf4258[State = -1, empty queue]] WARN  server.GrpcLogAppender (GrpcLogAppender.java:timeoutAppendRequest(209)) - 5389c291-9dbf-4ff3-95a2-a367bd79a92b@group-58705FFBD881->a588f1ac-0e88-414d-9361-c050928a17f1-GrpcLogAppender: appendEntries Timeout, request=5389c291-9dbf-4ff3-95a2-a367bd79a92b->a588f1ac-0e88-414d-9361-c050928a17f1#21-t1, previous=(t:1, i:8), leaderCommit=8, initializing? false, entries: <empty>
2019-10-21 06:03:57,385 [Thread-328] INFO  client.GrpcClientProtocolService (GrpcClientProtocolService.java:lambda$processClientRequest$0(279)) - Failed RaftClientRequest:client-6D3018828CA9->2de534ac-c407-4ec5-ab68-e4d0e1b50d95@group-58705FFBD881, cid=22, seq=0, Watch-ALL_COMMITTED(6), Message:<EMPTY>, reply=RaftClientReply:client-6D3018828CA9->2de534ac-c407-4ec5-ab68-e4d0e1b50d95@group-58705FFBD881, cid=22, FAILED org.apache.ratis.protocol.NotLeaderException: Server 2de534ac-c407-4ec5-ab68-e4d0e1b50d95@group-58705FFBD881 is not the leader 5389c291-9dbf-4ff3-95a2-a367bd79a92b:192.168.34.63:45480, logIndex=0, commits[2de534ac-c407-4ec5-ab68-e4d0e1b50d95:c8, 5389c291-9dbf-4ff3-95a2-a367bd79a92b:c8, a588f1ac-0e88-414d-9361-c050928a17f1:c4]
2019-10-21 06:03:58,301 [main] WARN  scm.XceiverClientRatis (XceiverClientRatis.java:watchForCommit(277)) - 3 way commit failed on pipeline Pipeline[ Id: 8f9e0d08-2118-49e4-bafd-58705ffbd881, Nodes: 2de534ac-c407-4ec5-ab68-e4d0e1b50d95{ip: 192.168.34.63, host: pr-hdds-1868-wsm2n-11235469, networkLocation: /default-rack, certSerialId: null}5389c291-9dbf-4ff3-95a2-a367bd79a92b{ip: 192.168.34.63, host: pr-hdds-1868-wsm2n-11235469, networkLocation: /default-rack, certSerialId: null}a588f1ac-0e88-414d-9361-c050928a17f1{ip: 192.168.34.63, host: pr-hdds-1868-wsm2n-11235469, networkLocation: /default-rack, certSerialId: null}, Type:RATIS, Factor:THREE, State:OPEN]
java.util.concurrent.TimeoutException
	at java.util.concurrent.CompletableFuture.timedGet(CompletableFuture.java:1771)
	at java.util.concurrent.CompletableFuture.get(CompletableFuture.java:1915)
	at org.apache.hadoop.hdds.scm.XceiverClientRatis.watchForCommit(XceiverClientRatis.java:274)
	at org.apache.hadoop.hdds.scm.storage.CommitWatcher.watchForCommit(CommitWatcher.java:198)
	at org.apache.hadoop.hdds.scm.storage.CommitWatcher.watchOnLastIndex(CommitWatcher.java:161)
	at org.apache.hadoop.hdds.scm.storage.BlockOutputStream.watchForCommit(BlockOutputStream.java:346)
	at org.apache.hadoop.hdds.scm.storage.BlockOutputStream.handleFlush(BlockOutputStream.java:482)
	at org.apache.hadoop.hdds.scm.storage.BlockOutputStream.close(BlockOutputStream.java:496)
	at org.apache.hadoop.ozone.client.io.BlockOutputStreamEntry.close(BlockOutputStreamEntry.java:143)
	at org.apache.hadoop.ozone.client.io.KeyOutputStream.handleFlushOrClose(KeyOutputStream.java:435)
	at org.apache.hadoop.ozone.client.io.KeyOutputStream.close(KeyOutputStream.java:473)
	at org.apache.hadoop.ozone.client.io.OzoneOutputStream.close(OzoneOutputStream.java:60)
	at org.apache.hadoop.ozone.client.rpc.TestDeleteWithSlowFollower.testDeleteKeyWithSlowFollower(TestDeleteWithSlowFollower.java:193)
	at sun.reflect.NativeMethodAccessorImpl.invoke0(Native Method)
	at sun.reflect.NativeMethodAccessorImpl.invoke(NativeMethodAccessorImpl.java:62)
	at sun.reflect.DelegatingMethodAccessorImpl.invoke(DelegatingMethodAccessorImpl.java:43)
	at java.lang.reflect.Method.invoke(Method.java:498)
	at org.junit.runners.model.FrameworkMethod$1.runReflectiveCall(FrameworkMethod.java:47)
	at org.junit.internal.runners.model.ReflectiveCallable.run(ReflectiveCallable.java:12)
	at org.junit.runners.model.FrameworkMethod.invokeExplosively(FrameworkMethod.java:44)
	at org.junit.internal.runners.statements.InvokeMethod.evaluate(InvokeMethod.java:17)
	at org.junit.runners.ParentRunner.runLeaf(ParentRunner.java:271)
	at org.junit.runners.BlockJUnit4ClassRunner.runChild(BlockJUnit4ClassRunner.java:70)
	at org.junit.runners.BlockJUnit4ClassRunner.runChild(BlockJUnit4ClassRunner.java:50)
	at org.junit.runners.ParentRunner$3.run(ParentRunner.java:238)
	at org.junit.runners.ParentRunner$1.schedule(ParentRunner.java:63)
	at org.junit.runners.ParentRunner.runChildren(ParentRunner.java:236)
	at org.junit.runners.ParentRunner.access$000(ParentRunner.java:53)
	at org.junit.runners.ParentRunner$2.evaluate(ParentRunner.java:229)
	at org.junit.internal.runners.statements.RunBefores.evaluate(RunBefores.java:26)
	at org.junit.internal.runners.statements.RunAfters.evaluate(RunAfters.java:27)
	at org.junit.runners.ParentRunner.run(ParentRunner.java:309)
	at org.apache.maven.surefire.junit4.JUnit4Provider.execute(JUnit4Provider.java:365)
	at org.apache.maven.surefire.junit4.JUnit4Provider.executeWithRerun(JUnit4Provider.java:273)
	at org.apache.maven.surefire.junit4.JUnit4Provider.executeTestSet(JUnit4Provider.java:238)
	at org.apache.maven.surefire.junit4.JUnit4Provider.invoke(JUnit4Provider.java:159)
	at org.apache.maven.surefire.booter.ForkedBooter.invokeProviderInSameClassLoader(ForkedBooter.java:384)
	at org.apache.maven.surefire.booter.ForkedBooter.runSuitesInProcess(ForkedBooter.java:345)
	at org.apache.maven.surefire.booter.ForkedBooter.execute(ForkedBooter.java:126)
	at org.apache.maven.surefire.booter.ForkedBooter.main(ForkedBooter.java:418)
2019-10-21 06:03:58,321 [main] INFO  scm.XceiverClientRatis (XceiverClientRatis.java:lambda$watchForCommit$5(295)) - Could not commit index 6 on pipeline Pipeline[ Id: 8f9e0d08-2118-49e4-bafd-58705ffbd881, Nodes: 2de534ac-c407-4ec5-ab68-e4d0e1b50d95{ip: 192.168.34.63, host: pr-hdds-1868-wsm2n-11235469, networkLocation: /default-rack, certSerialId: null}5389c291-9dbf-4ff3-95a2-a367bd79a92b{ip: 192.168.34.63, host: pr-hdds-1868-wsm2n-11235469, networkLocation: /default-rack, certSerialId: null}a588f1ac-0e88-414d-9361-c050928a17f1{ip: 192.168.34.63, host: pr-hdds-1868-wsm2n-11235469, networkLocation: /default-rack, certSerialId: null}, Type:RATIS, Factor:THREE, State:OPEN] to all the nodes. Server a588f1ac-0e88-414d-9361-c050928a17f1 has failed. Committed by majority.
2019-10-21 06:03:58,321 [main] WARN  storage.BlockOutputStream (BlockOutputStream.java:watchForCommit(352)) - Failed to commit BlockId conID: 1 locID: 102998855024836608 bcsId: 6 on Pipeline[ Id: 8f9e0d08-2118-49e4-bafd-58705ffbd881, Nodes: 2de534ac-c407-4ec5-ab68-e4d0e1b50d95{ip: 192.168.34.63, host: pr-hdds-1868-wsm2n-11235469, networkLocation: /default-rack, certSerialId: null}5389c291-9dbf-4ff3-95a2-a367bd79a92b{ip: 192.168.34.63, host: pr-hdds-1868-wsm2n-11235469, networkLocation: /default-rack, certSerialId: null}a588f1ac-0e88-414d-9361-c050928a17f1{ip: 192.168.34.63, host: pr-hdds-1868-wsm2n-11235469, networkLocation: /default-rack, certSerialId: null}, Type:RATIS, Factor:THREE, State:OPEN]. Failed nodes: [a588f1ac-0e88-414d-9361-c050928a17f1{ip: null, host: null, networkLocation: /default-rack, certSerialId: null}]
2019-10-21 06:03:58,404 [EventQueue-IncrementalContainerReportForIncrementalContainerReportHandler] WARN  container.IncrementalContainerReportHandler (AbstractContainerReportHandler.java:updateContainerState(145)) - Container #1 is in OPEN state, but the datanode 5389c291-9dbf-4ff3-95a2-a367bd79a92b{ip: 192.168.34.63, host: pr-hdds-1868-wsm2n-11235469, networkLocation: /default-rack, certSerialId: null} reports an CLOSING replica.
2019-10-21 06:03:58,421 [RatisApplyTransactionExecutor 1] INFO  interfaces.Container (KeyValueContainer.java:flushAndSyncDB(386)) - Container 1 is synced with bcsId 6.
2019-10-21 06:03:58,422 [RatisApplyTransactionExecutor 1] INFO  interfaces.Container (KeyValueContainer.java:flushAndSyncDB(386)) - Container 1 is synced with bcsId 6.
2019-10-21 06:03:58,437 [RatisApplyTransactionExecutor 1] INFO  interfaces.Container (KeyValueContainer.java:close(335)) - Container 1 is closed with bcsId 6.
2019-10-21 06:03:58,438 [EventQueue-IncrementalContainerReportForIncrementalContainerReportHandler] WARN  container.IncrementalContainerReportHandler (AbstractContainerReportHandler.java:updateContainerState(145)) - Container #1 is in OPEN state, but the datanode 2de534ac-c407-4ec5-ab68-e4d0e1b50d95{ip: 192.168.34.63, host: pr-hdds-1868-wsm2n-11235469, networkLocation: /default-rack, certSerialId: null} reports an CLOSING replica.
2019-10-21 06:03:58,439 [EventQueue-IncrementalContainerReportForIncrementalContainerReportHandler] WARN  container.IncrementalContainerReportHandler (AbstractContainerReportHandler.java:updateContainerState(145)) - Container #1 is in OPEN state, but the datanode 5389c291-9dbf-4ff3-95a2-a367bd79a92b{ip: 192.168.34.63, host: pr-hdds-1868-wsm2n-11235469, networkLocation: /default-rack, certSerialId: null} reports an CLOSED replica.
2019-10-21 06:03:58,448 [RatisApplyTransactionExecutor 1] INFO  interfaces.Container (KeyValueContainer.java:flushAndSyncDB(386)) - Container 1 is synced with bcsId 6.
2019-10-21 06:03:58,450 [RatisApplyTransactionExecutor 1] INFO  interfaces.Container (KeyValueContainer.java:flushAndSyncDB(386)) - Container 1 is synced with bcsId 6.
2019-10-21 06:03:58,465 [RatisApplyTransactionExecutor 1] INFO  interfaces.Container (KeyValueContainer.java:close(335)) - Container 1 is closed with bcsId 6.
2019-10-21 06:03:58,467 [EventQueue-IncrementalContainerReportForIncrementalContainerReportHandler] WARN  container.IncrementalContainerReportHandler (AbstractContainerReportHandler.java:updateContainerState(145)) - Container #1 is in OPEN state, but the datanode 2de534ac-c407-4ec5-ab68-e4d0e1b50d95{ip: 192.168.34.63, host: pr-hdds-1868-wsm2n-11235469, networkLocation: /default-rack, certSerialId: null} reports an CLOSED replica.
2019-10-21 06:03:58,519 [IPC Server handler 0 on 33618] INFO  server.SCMBlockProtocolServer (SCMBlockProtocolServer.java:deleteKeyBlocks(212)) - SCM is informed by OM to delete 1 blocks
2019-10-21 06:03:58,520 [IPC Server handler 0 on 33618] INFO  block.BlockManagerImpl (BlockManagerImpl.java:deleteBlocks(285)) - Deleting blocks conID: 1 locID: 102998855024836608 bcsId: 0
2019-10-21 06:03:58,567 [EventQueue-ContainerReportForContainerReportHandler] WARN  container.ContainerReportHandler (AbstractContainerReportHandler.java:updateContainerState(145)) - Container #1 is in OPEN state, but the datanode 2de534ac-c407-4ec5-ab68-e4d0e1b50d95{ip: 192.168.34.63, host: pr-hdds-1868-wsm2n-11235469, networkLocation: /default-rack, certSerialId: null} reports an CLOSED replica.
2019-10-21 06:03:58,638 [EventQueue-ContainerReportForContainerReportHandler] WARN  container.ContainerReportHandler (AbstractContainerReportHandler.java:updateContainerState(145)) - Container #1 is in OPEN state, but the datanode 5389c291-9dbf-4ff3-95a2-a367bd79a92b{ip: 192.168.34.63, host: pr-hdds-1868-wsm2n-11235469, networkLocation: /default-rack, certSerialId: null} reports an CLOSED replica.
2019-10-21 06:03:58,700 [BlockDeletingService#2] WARN  background.BlockDeletingService (BlockDeletingService.java:isDeletionAllowed(187)) - Close Container log Index 6 is not replicated across allthe servers in the pipeline 8f9e0d08-2118-49e4-bafd-58705ffbd881 as the min replicated index is 4. Deletion is not allowed in this container yet.
2019-10-21 06:03:58,702 [BlockDeletingService#2] WARN  background.BlockDeletingService (BlockDeletingService.java:isDeletionAllowed(187)) - Close Container log Index 6 is not replicated across allthe servers in the pipeline 8f9e0d08-2118-49e4-bafd-58705ffbd881 as the min replicated index is 4. Deletion is not allowed in this container yet.
2019-10-21 06:03:58,755 [Thread-345] INFO  client.GrpcClientProtocolService (GrpcClientProtocolService.java:lambda$processClientRequest$0(279)) - Failed RaftClientRequest:client-6D3018828CA9->5389c291-9dbf-4ff3-95a2-a367bd79a92b@group-58705FFBD881, cid=22, seq=0, Watch-ALL_COMMITTED(6), Message:<EMPTY>, reply=RaftClientReply:client-6D3018828CA9->5389c291-9dbf-4ff3-95a2-a367bd79a92b@group-58705FFBD881, cid=22, FAILED org.apache.ratis.protocol.NotReplicatedException: Request with call Id 22 and log index 6 is not yet replicated to ALL_COMMITTED, logIndex=6, commits[5389c291-9dbf-4ff3-95a2-a367bd79a92b:c10, 2de534ac-c407-4ec5-ab68-e4d0e1b50d95:c9, a588f1ac-0e88-414d-9361-c050928a17f1:c4]
2019-10-21 06:03:58,803 [java.util.concurrent.ThreadPoolExecutor$Worker@29bf4258[State = -1, empty queue]] WARN  server.GrpcLogAppender (GrpcLogAppender.java:timeoutAppendRequest(209)) - 5389c291-9dbf-4ff3-95a2-a367bd79a92b@group-58705FFBD881->a588f1ac-0e88-414d-9361-c050928a17f1-GrpcLogAppender: appendEntries Timeout, request=5389c291-9dbf-4ff3-95a2-a367bd79a92b->a588f1ac-0e88-414d-9361-c050928a17f1#22-t1, previous=(t:1, i:8), leaderCommit=8, initializing? false, entries: <empty>
2019-10-21 06:03:58,867 [EventQueue-ContainerReportForContainerReportHandler] WARN  container.ContainerReportHandler (AbstractContainerReportHandler.java:updateContainerState(145)) - Container #1 is in OPEN state, but the datanode 2de534ac-c407-4ec5-ab68-e4d0e1b50d95{ip: 192.168.34.63, host: pr-hdds-1868-wsm2n-11235469, networkLocation: /default-rack, certSerialId: null} reports an CLOSED replica.
2019-10-21 06:03:58,939 [EventQueue-ContainerReportForContainerReportHandler] WARN  container.ContainerReportHandler (AbstractContainerReportHandler.java:updateContainerState(145)) - Container #1 is in OPEN state, but the datanode 5389c291-9dbf-4ff3-95a2-a367bd79a92b{ip: 192.168.34.63, host: pr-hdds-1868-wsm2n-11235469, networkLocation: /default-rack, certSerialId: null} reports an CLOSED replica.
2019-10-21 06:03:59,067 [EventQueue-ContainerReportForContainerReportHandler] WARN  container.ContainerReportHandler (AbstractContainerReportHandler.java:updateContainerState(145)) - Container #1 is in OPEN state, but the datanode 2de534ac-c407-4ec5-ab68-e4d0e1b50d95{ip: 192.168.34.63, host: pr-hdds-1868-wsm2n-11235469, networkLocation: /default-rack, certSerialId: null} reports an CLOSED replica.
2019-10-21 06:03:59,239 [EventQueue-ContainerReportForContainerReportHandler] WARN  container.ContainerReportHandler (AbstractContainerReportHandler.java:updateContainerState(145)) - Container #1 is in OPEN state, but the datanode 5389c291-9dbf-4ff3-95a2-a367bd79a92b{ip: 192.168.34.63, host: pr-hdds-1868-wsm2n-11235469, networkLocation: /default-rack, certSerialId: null} reports an CLOSED replica.
2019-10-21 06:03:59,367 [EventQueue-ContainerReportForContainerReportHandler] WARN  container.ContainerReportHandler (AbstractContainerReportHandler.java:updateContainerState(145)) - Container #1 is in OPEN state, but the datanode 2de534ac-c407-4ec5-ab68-e4d0e1b50d95{ip: 192.168.34.63, host: pr-hdds-1868-wsm2n-11235469, networkLocation: /default-rack, certSerialId: null} reports an CLOSED replica.
2019-10-21 06:03:59,568 [EventQueue-ContainerReportForContainerReportHandler] WARN  container.ContainerReportHandler (AbstractContainerReportHandler.java:updateContainerState(145)) - Container #1 is in OPEN state, but the datanode 2de534ac-c407-4ec5-ab68-e4d0e1b50d95{ip: 192.168.34.63, host: pr-hdds-1868-wsm2n-11235469, networkLocation: /default-rack, certSerialId: null} reports an CLOSED replica.
2019-10-21 06:03:59,640 [EventQueue-ContainerReportForContainerReportHandler] WARN  container.ContainerReportHandler (AbstractContainerReportHandler.java:updateContainerState(145)) - Container #1 is in OPEN state, but the datanode 5389c291-9dbf-4ff3-95a2-a367bd79a92b{ip: 192.168.34.63, host: pr-hdds-1868-wsm2n-11235469, networkLocation: /default-rack, certSerialId: null} reports an CLOSED replica.
2019-10-21 06:03:59,702 [BlockDeletingService#2] WARN  background.BlockDeletingService (BlockDeletingService.java:isDeletionAllowed(187)) - Close Container log Index 6 is not replicated across allthe servers in the pipeline 8f9e0d08-2118-49e4-bafd-58705ffbd881 as the min replicated index is 4. Deletion is not allowed in this container yet.
2019-10-21 06:03:59,704 [BlockDeletingService#2] WARN  background.BlockDeletingService (BlockDeletingService.java:isDeletionAllowed(187)) - Close Container log Index 6 is not replicated across allthe servers in the pipeline 8f9e0d08-2118-49e4-bafd-58705ffbd881 as the min replicated index is 4. Deletion is not allowed in this container yet.
2019-10-21 06:03:59,968 [EventQueue-ContainerReportForContainerReportHandler] WARN  container.ContainerReportHandler (AbstractContainerReportHandler.java:updateContainerState(145)) - Container #1 is in OPEN state, but the datanode 2de534ac-c407-4ec5-ab68-e4d0e1b50d95{ip: 192.168.34.63, host: pr-hdds-1868-wsm2n-11235469, networkLocation: /default-rack, certSerialId: null} reports an CLOSED replica.
2019-10-21 06:04:00,040 [EventQueue-ContainerReportForContainerReportHandler] WARN  container.ContainerReportHandler (AbstractContainerReportHandler.java:updateContainerState(145)) - Container #1 is in OPEN state, but the datanode 5389c291-9dbf-4ff3-95a2-a367bd79a92b{ip: 192.168.34.63, host: pr-hdds-1868-wsm2n-11235469, networkLocation: /default-rack, certSerialId: null} reports an CLOSED replica.
2019-10-21 06:04:00,339 [EventQueue-ContainerReportForContainerReportHandler] WARN  container.ContainerReportHandler (AbstractContainerReportHandler.java:updateContainerState(145)) - Container #1 is in OPEN state, but the datanode 5389c291-9dbf-4ff3-95a2-a367bd79a92b{ip: 192.168.34.63, host: pr-hdds-1868-wsm2n-11235469, networkLocation: /default-rack, certSerialId: null} reports an CLOSED replica.
2019-10-21 06:04:00,370 [EventQueue-ContainerReportForContainerReportHandler] WARN  container.ContainerReportHandler (AbstractContainerReportHandler.java:updateContainerState(145)) - Container #1 is in OPEN state, but the datanode 2de534ac-c407-4ec5-ab68-e4d0e1b50d95{ip: 192.168.34.63, host: pr-hdds-1868-wsm2n-11235469, networkLocation: /default-rack, certSerialId: null} reports an CLOSED replica.
2019-10-21 06:04:00,541 [EventQueue-ContainerReportForContainerReportHandler] WARN  container.ContainerReportHandler (AbstractContainerReportHandler.java:updateContainerState(145)) - Container #1 is in OPEN state, but the datanode 5389c291-9dbf-4ff3-95a2-a367bd79a92b{ip: 192.168.34.63, host: pr-hdds-1868-wsm2n-11235469, networkLocation: /default-rack, certSerialId: null} reports an CLOSED replica.
2019-10-21 06:04:00,670 [EventQueue-ContainerReportForContainerReportHandler] WARN  container.ContainerReportHandler (AbstractContainerReportHandler.java:updateContainerState(145)) - Container #1 is in OPEN state, but the datanode 2de534ac-c407-4ec5-ab68-e4d0e1b50d95{ip: 192.168.34.63, host: pr-hdds-1868-wsm2n-11235469, networkLocation: /default-rack, certSerialId: null} reports an CLOSED replica.
2019-10-21 06:04:00,705 [BlockDeletingService#2] WARN  background.BlockDeletingService (BlockDeletingService.java:isDeletionAllowed(187)) - Close Container log Index 6 is not replicated across allthe servers in the pipeline 8f9e0d08-2118-49e4-bafd-58705ffbd881 as the min replicated index is 4. Deletion is not allowed in this container yet.
2019-10-21 06:04:00,706 [BlockDeletingService#2] WARN  background.BlockDeletingService (BlockDeletingService.java:isDeletionAllowed(187)) - Close Container log Index 6 is not replicated across allthe servers in the pipeline 8f9e0d08-2118-49e4-bafd-58705ffbd881 as the min replicated index is 4. Deletion is not allowed in this container yet.
2019-10-21 06:04:00,841 [EventQueue-ContainerReportForContainerReportHandler] WARN  container.ContainerReportHandler (AbstractContainerReportHandler.java:updateContainerState(145)) - Container #1 is in OPEN state, but the datanode 5389c291-9dbf-4ff3-95a2-a367bd79a92b{ip: 192.168.34.63, host: pr-hdds-1868-wsm2n-11235469, networkLocation: /default-rack, certSerialId: null} reports an CLOSED replica.
2019-10-21 06:04:00,971 [EventQueue-ContainerReportForContainerReportHandler] WARN  container.ContainerReportHandler (AbstractContainerReportHandler.java:updateContainerState(145)) - Container #1 is in OPEN state, but the datanode 2de534ac-c407-4ec5-ab68-e4d0e1b50d95{ip: 192.168.34.63, host: pr-hdds-1868-wsm2n-11235469, networkLocation: /default-rack, certSerialId: null} reports an CLOSED replica.
2019-10-21 06:04:01,141 [EventQueue-ContainerReportForContainerReportHandler] WARN  container.ContainerReportHandler (AbstractContainerReportHandler.java:updateContainerState(145)) - Container #1 is in OPEN state, but the datanode 5389c291-9dbf-4ff3-95a2-a367bd79a92b{ip: 192.168.34.63, host: pr-hdds-1868-wsm2n-11235469, networkLocation: /default-rack, certSerialId: null} reports an CLOSED replica.
2019-10-21 06:04:01,170 [EventQueue-ContainerReportForContainerReportHandler] WARN  container.ContainerReportHandler (AbstractContainerReportHandler.java:updateContainerState(145)) - Container #1 is in OPEN state, but the datanode 2de534ac-c407-4ec5-ab68-e4d0e1b50d95{ip: 192.168.34.63, host: pr-hdds-1868-wsm2n-11235469, networkLocation: /default-rack, certSerialId: null} reports an CLOSED replica.
2019-10-21 06:04:01,309 [java.util.concurrent.ThreadPoolExecutor$Worker@29bf4258[State = -1, empty queue]] WARN  server.GrpcLogAppender (GrpcLogAppender.java:timeoutAppendRequest(209)) - 5389c291-9dbf-4ff3-95a2-a367bd79a92b@group-58705FFBD881->a588f1ac-0e88-414d-9361-c050928a17f1-GrpcLogAppender: appendEntries Timeout, request=5389c291-9dbf-4ff3-95a2-a367bd79a92b->a588f1ac-0e88-414d-9361-c050928a17f1#23-t1, previous=(t:1, i:8), leaderCommit=8, initializing? false, entries: <empty>
2019-10-21 06:04:01,370 [EventQueue-ContainerReportForContainerReportHandler] WARN  container.ContainerReportHandler (AbstractContainerReportHandler.java:updateContainerState(145)) - Container #1 is in OPEN state, but the datanode 2de534ac-c407-4ec5-ab68-e4d0e1b50d95{ip: 192.168.34.63, host: pr-hdds-1868-wsm2n-11235469, networkLocation: /default-rack, certSerialId: null} reports an CLOSED replica.
2019-10-21 06:04:01,377 [java.util.concurrent.ThreadPoolExecutor$Worker@29bf4258[State = -1, empty queue]] WARN  server.GrpcLogAppender (GrpcLogAppender.java:timeoutAppendRequest(209)) - 5389c291-9dbf-4ff3-95a2-a367bd79a92b@group-58705FFBD881->a588f1ac-0e88-414d-9361-c050928a17f1-GrpcLogAppender: appendEntries Timeout, request=5389c291-9dbf-4ff3-95a2-a367bd79a92b->a588f1ac-0e88-414d-9361-c050928a17f1#24-t1, previous=(t:1, i:8), leaderCommit=8, initializing? false, entries: size=1, first=(t:1, i:9), STATEMACHINELOGENTRY, client-CA61B1A517CA, cid=24
2019-10-21 06:04:01,390 [java.util.concurrent.ThreadPoolExecutor$Worker@29bf4258[State = -1, empty queue]] WARN  server.GrpcLogAppender (GrpcLogAppender.java:timeoutAppendRequest(209)) - 5389c291-9dbf-4ff3-95a2-a367bd79a92b@group-58705FFBD881->a588f1ac-0e88-414d-9361-c050928a17f1-GrpcLogAppender: appendEntries Timeout, request=5389c291-9dbf-4ff3-95a2-a367bd79a92b->a588f1ac-0e88-414d-9361-c050928a17f1#25-t1, previous=(t:1, i:9), leaderCommit=9, initializing? false, entries: size=1, first=(t:1, i:10), METADATAENTRY(c9)
2019-10-21 06:04:01,541 [EventQueue-ContainerReportForContainerReportHandler] WARN  container.ContainerReportHandler (AbstractContainerReportHandler.java:updateContainerState(145)) - Container #1 is in OPEN state, but the datanode 5389c291-9dbf-4ff3-95a2-a367bd79a92b{ip: 192.168.34.63, host: pr-hdds-1868-wsm2n-11235469, networkLocation: /default-rack, certSerialId: null} reports an CLOSED replica.
2019-10-21 06:04:01,671 [EventQueue-ContainerReportForContainerReportHandler] WARN  container.ContainerReportHandler (AbstractContainerReportHandler.java:updateContainerState(145)) - Container #1 is in OPEN state, but the datanode 2de534ac-c407-4ec5-ab68-e4d0e1b50d95{ip: 192.168.34.63, host: pr-hdds-1868-wsm2n-11235469, networkLocation: /default-rack, certSerialId: null} reports an CLOSED replica.
2019-10-21 06:04:01,708 [BlockDeletingService#2] WARN  background.BlockDeletingService (BlockDeletingService.java:isDeletionAllowed(187)) - Close Container log Index 6 is not replicated across allthe servers in the pipeline 8f9e0d08-2118-49e4-bafd-58705ffbd881 as the min replicated index is 4. Deletion is not allowed in this container yet.
2019-10-21 06:04:01,708 [BlockDeletingService#2] WARN  background.BlockDeletingService (BlockDeletingService.java:isDeletionAllowed(187)) - Close Container log Index 6 is not replicated across allthe servers in the pipeline 8f9e0d08-2118-49e4-bafd-58705ffbd881 as the min replicated index is 4. Deletion is not allowed in this container yet.
2019-10-21 06:04:01,842 [EventQueue-ContainerReportForContainerReportHandler] WARN  container.ContainerReportHandler (AbstractContainerReportHandler.java:updateContainerState(145)) - Container #1 is in OPEN state, but the datanode 5389c291-9dbf-4ff3-95a2-a367bd79a92b{ip: 192.168.34.63, host: pr-hdds-1868-wsm2n-11235469, networkLocation: /default-rack, certSerialId: null} reports an CLOSED replica.
2019-10-21 06:04:01,972 [EventQueue-ContainerReportForContainerReportHandler] WARN  container.ContainerReportHandler (AbstractContainerReportHandler.java:updateContainerState(145)) - Container #1 is in OPEN state, but the datanode 2de534ac-c407-4ec5-ab68-e4d0e1b50d95{ip: 192.168.34.63, host: pr-hdds-1868-wsm2n-11235469, networkLocation: /default-rack, certSerialId: null} reports an CLOSED replica.
2019-10-21 06:04:02,042 [EventQueue-ContainerReportForContainerReportHandler] WARN  container.ContainerReportHandler (AbstractContainerReportHandler.java:updateContainerState(145)) - Container #1 is in OPEN state, but the datanode 5389c291-9dbf-4ff3-95a2-a367bd79a92b{ip: 192.168.34.63, host: pr-hdds-1868-wsm2n-11235469, networkLocation: /default-rack, certSerialId: null} reports an CLOSED replica.
2019-10-21 06:04:02,271 [EventQueue-ContainerReportForContainerReportHandler] WARN  container.ContainerReportHandler (AbstractContainerReportHandler.java:updateContainerState(145)) - Container #1 is in OPEN state, but the datanode 2de534ac-c407-4ec5-ab68-e4d0e1b50d95{ip: 192.168.34.63, host: pr-hdds-1868-wsm2n-11235469, networkLocation: /default-rack, certSerialId: null} reports an CLOSED replica.
2019-10-21 06:04:02,343 [EventQueue-ContainerReportForContainerReportHandler] WARN  container.ContainerReportHandler (AbstractContainerReportHandler.java:updateContainerState(145)) - Container #1 is in OPEN state, but the datanode 5389c291-9dbf-4ff3-95a2-a367bd79a92b{ip: 192.168.34.63, host: pr-hdds-1868-wsm2n-11235469, networkLocation: /default-rack, certSerialId: null} reports an CLOSED replica.
2019-10-21 06:04:02,572 [EventQueue-ContainerReportForContainerReportHandler] WARN  container.ContainerReportHandler (AbstractContainerReportHandler.java:updateContainerState(145)) - Container #1 is in OPEN state, but the datanode 2de534ac-c407-4ec5-ab68-e4d0e1b50d95{ip: 192.168.34.63, host: pr-hdds-1868-wsm2n-11235469, networkLocation: /default-rack, certSerialId: null} reports an CLOSED replica.
2019-10-21 06:04:02,643 [EventQueue-ContainerReportForContainerReportHandler] WARN  container.ContainerReportHandler (AbstractContainerReportHandler.java:updateContainerState(145)) - Container #1 is in OPEN state, but the datanode 5389c291-9dbf-4ff3-95a2-a367bd79a92b{ip: 192.168.34.63, host: pr-hdds-1868-wsm2n-11235469, networkLocation: /default-rack, certSerialId: null} reports an CLOSED replica.
2019-10-21 06:04:02,725 [BlockDeletingService#2] WARN  background.BlockDeletingService (BlockDeletingService.java:isDeletionAllowed(187)) - Close Container log Index 6 is not replicated across allthe servers in the pipeline 8f9e0d08-2118-49e4-bafd-58705ffbd881 as the min replicated index is 4. Deletion is not allowed in this container yet.
2019-10-21 06:04:02,725 [BlockDeletingService#2] WARN  background.BlockDeletingService (BlockDeletingService.java:isDeletionAllowed(187)) - Close Container log Index 6 is not replicated across allthe servers in the pipeline 8f9e0d08-2118-49e4-bafd-58705ffbd881 as the min replicated index is 4. Deletion is not allowed in this container yet.
2019-10-21 06:04:02,873 [EventQueue-ContainerReportForContainerReportHandler] WARN  container.ContainerReportHandler (AbstractContainerReportHandler.java:updateContainerState(145)) - Container #1 is in OPEN state, but the datanode 2de534ac-c407-4ec5-ab68-e4d0e1b50d95{ip: 192.168.34.63, host: pr-hdds-1868-wsm2n-11235469, networkLocation: /default-rack, certSerialId: null} reports an CLOSED replica.
2019-10-21 06:04:02,944 [EventQueue-ContainerReportForContainerReportHandler] WARN  container.ContainerReportHandler (AbstractContainerReportHandler.java:updateContainerState(145)) - Container #1 is in OPEN state, but the datanode 5389c291-9dbf-4ff3-95a2-a367bd79a92b{ip: 192.168.34.63, host: pr-hdds-1868-wsm2n-11235469, networkLocation: /default-rack, certSerialId: null} reports an CLOSED replica.
2019-10-21 06:04:03,174 [EventQueue-ContainerReportForContainerReportHandler] WARN  container.ContainerReportHandler (AbstractContainerReportHandler.java:updateContainerState(145)) - Container #1 is in OPEN state, but the datanode 2de534ac-c407-4ec5-ab68-e4d0e1b50d95{ip: 192.168.34.63, host: pr-hdds-1868-wsm2n-11235469, networkLocation: /default-rack, certSerialId: null} reports an CLOSED replica.
2019-10-21 06:04:03,344 [EventQueue-ContainerReportForContainerReportHandler] WARN  container.ContainerReportHandler (AbstractContainerReportHandler.java:updateContainerState(145)) - Container #1 is in OPEN state, but the datanode 5389c291-9dbf-4ff3-95a2-a367bd79a92b{ip: 192.168.34.63, host: pr-hdds-1868-wsm2n-11235469, networkLocation: /default-rack, certSerialId: null} reports an CLOSED replica.
2019-10-21 06:04:03,374 [EventQueue-ContainerReportForContainerReportHandler] WARN  container.ContainerReportHandler (AbstractContainerReportHandler.java:updateContainerState(145)) - Container #1 is in OPEN state, but the datanode 2de534ac-c407-4ec5-ab68-e4d0e1b50d95{ip: 192.168.34.63, host: pr-hdds-1868-wsm2n-11235469, networkLocation: /default-rack, certSerialId: null} reports an CLOSED replica.
2019-10-21 06:04:03,674 [EventQueue-ContainerReportForContainerReportHandler] WARN  container.ContainerReportHandler (AbstractContainerReportHandler.java:updateContainerState(145)) - Container #1 is in OPEN state, but the datanode 2de534ac-c407-4ec5-ab68-e4d0e1b50d95{ip: 192.168.34.63, host: pr-hdds-1868-wsm2n-11235469, networkLocation: /default-rack, certSerialId: null} reports an CLOSED replica.
2019-10-21 06:04:03,729 [BlockDeletingService#2] WARN  background.BlockDeletingService (BlockDeletingService.java:isDeletionAllowed(187)) - Close Container log Index 6 is not replicated across allthe servers in the pipeline 8f9e0d08-2118-49e4-bafd-58705ffbd881 as the min replicated index is 4. Deletion is not allowed in this container yet.
2019-10-21 06:04:03,729 [BlockDeletingService#2] WARN  background.BlockDeletingService (BlockDeletingService.java:isDeletionAllowed(187)) - Close Container log Index 6 is not replicated across allthe servers in the pipeline 8f9e0d08-2118-49e4-bafd-58705ffbd881 as the min replicated index is 4. Deletion is not allowed in this container yet.
2019-10-21 06:04:03,743 [EventQueue-ContainerReportForContainerReportHandler] WARN  container.ContainerReportHandler (AbstractContainerReportHandler.java:updateContainerState(145)) - Container #1 is in OPEN state, but the datanode 5389c291-9dbf-4ff3-95a2-a367bd79a92b{ip: 192.168.34.63, host: pr-hdds-1868-wsm2n-11235469, networkLocation: /default-rack, certSerialId: null} reports an CLOSED replica.
2019-10-21 06:04:03,874 [EventQueue-ContainerReportForContainerReportHandler] WARN  container.ContainerReportHandler (AbstractContainerReportHandler.java:updateContainerState(145)) - Container #1 is in OPEN state, but the datanode 2de534ac-c407-4ec5-ab68-e4d0e1b50d95{ip: 192.168.34.63, host: pr-hdds-1868-wsm2n-11235469, networkLocation: /default-rack, certSerialId: null} reports an CLOSED replica.
2019-10-21 06:04:03,892 [java.util.concurrent.ThreadPoolExecutor$Worker@29bf4258[State = -1, empty queue]] WARN  server.GrpcLogAppender (GrpcLogAppender.java:timeoutAppendRequest(209)) - 5389c291-9dbf-4ff3-95a2-a367bd79a92b@group-58705FFBD881->a588f1ac-0e88-414d-9361-c050928a17f1-GrpcLogAppender: appendEntries Timeout, request=5389c291-9dbf-4ff3-95a2-a367bd79a92b->a588f1ac-0e88-414d-9361-c050928a17f1#26-t1, previous=(t:1, i:10), leaderCommit=10, initializing? false, entries: <empty>
2019-10-21 06:04:04,044 [EventQueue-ContainerReportForContainerReportHandler] WARN  container.ContainerReportHandler (AbstractContainerReportHandler.java:updateContainerState(145)) - Container #1 is in OPEN state, but the datanode 5389c291-9dbf-4ff3-95a2-a367bd79a92b{ip: 192.168.34.63, host: pr-hdds-1868-wsm2n-11235469, networkLocation: /default-rack, certSerialId: null} reports an CLOSED replica.
2019-10-21 06:04:04,243 [EventQueue-ContainerReportForContainerReportHandler] WARN  container.ContainerReportHandler (AbstractContainerReportHandler.java:updateContainerState(145)) - Container #1 is in OPEN state, but the datanode 5389c291-9dbf-4ff3-95a2-a367bd79a92b{ip: 192.168.34.63, host: pr-hdds-1868-wsm2n-11235469, networkLocation: /default-rack, certSerialId: null} reports an CLOSED replica.
2019-10-21 06:04:04,274 [EventQueue-ContainerReportForContainerReportHandler] WARN  container.ContainerReportHandler (AbstractContainerReportHandler.java:updateContainerState(145)) - Container #1 is in OPEN state, but the datanode 2de534ac-c407-4ec5-ab68-e4d0e1b50d95{ip: 192.168.34.63, host: pr-hdds-1868-wsm2n-11235469, networkLocation: /default-rack, certSerialId: null} reports an CLOSED replica.
2019-10-21 06:04:04,544 [EventQueue-ContainerReportForContainerReportHandler] WARN  container.ContainerReportHandler (AbstractContainerReportHandler.java:updateContainerState(145)) - Container #1 is in OPEN state, but the datanode 5389c291-9dbf-4ff3-95a2-a367bd79a92b{ip: 192.168.34.63, host: pr-hdds-1868-wsm2n-11235469, networkLocation: /default-rack, certSerialId: null} reports an CLOSED replica.
2019-10-21 06:04:04,679 [EventQueue-ContainerReportForContainerReportHandler] WARN  container.ContainerReportHandler (AbstractContainerReportHandler.java:updateContainerState(145)) - Container #1 is in OPEN state, but the datanode 2de534ac-c407-4ec5-ab68-e4d0e1b50d95{ip: 192.168.34.63, host: pr-hdds-1868-wsm2n-11235469, networkLocation: /default-rack, certSerialId: null} reports an CLOSED replica.
2019-10-21 06:04:04,735 [BlockDeletingService#2] WARN  background.BlockDeletingService (BlockDeletingService.java:isDeletionAllowed(187)) - Close Container log Index 6 is not replicated across allthe servers in the pipeline 8f9e0d08-2118-49e4-bafd-58705ffbd881 as the min replicated index is 4. Deletion is not allowed in this container yet.
2019-10-21 06:04:04,735 [BlockDeletingService#2] WARN  background.BlockDeletingService (BlockDeletingService.java:isDeletionAllowed(187)) - Close Container log Index 6 is not replicated across allthe servers in the pipeline 8f9e0d08-2118-49e4-bafd-58705ffbd881 as the min replicated index is 4. Deletion is not allowed in this container yet.
2019-10-21 06:04:04,943 [EventQueue-ContainerReportForContainerReportHandler] WARN  container.ContainerReportHandler (AbstractContainerReportHandler.java:updateContainerState(145)) - Container #1 is in OPEN state, but the datanode 5389c291-9dbf-4ff3-95a2-a367bd79a92b{ip: 192.168.34.63, host: pr-hdds-1868-wsm2n-11235469, networkLocation: /default-rack, certSerialId: null} reports an CLOSED replica.
2019-10-21 06:04:04,975 [EventQueue-ContainerReportForContainerReportHandler] WARN  container.ContainerReportHandler (AbstractContainerReportHandler.java:updateContainerState(145)) - Container #1 is in OPEN state, but the datanode 2de534ac-c407-4ec5-ab68-e4d0e1b50d95{ip: 192.168.34.63, host: pr-hdds-1868-wsm2n-11235469, networkLocation: /default-rack, certSerialId: null} reports an CLOSED replica.
2019-10-21 06:04:05,144 [EventQueue-ContainerReportForContainerReportHandler] WARN  container.ContainerReportHandler (AbstractContainerReportHandler.java:updateContainerState(145)) - Container #1 is in OPEN state, but the datanode 5389c291-9dbf-4ff3-95a2-a367bd79a92b{ip: 192.168.34.63, host: pr-hdds-1868-wsm2n-11235469, networkLocation: /default-rack, certSerialId: null} reports an CLOSED replica.
2019-10-21 06:04:05,376 [EventQueue-ContainerReportForContainerReportHandler] WARN  container.ContainerReportHandler (AbstractContainerReportHandler.java:updateContainerState(145)) - Container #1 is in OPEN state, but the datanode 2de534ac-c407-4ec5-ab68-e4d0e1b50d95{ip: 192.168.34.63, host: pr-hdds-1868-wsm2n-11235469, networkLocation: /default-rack, certSerialId: null} reports an CLOSED replica.
2019-10-21 06:04:05,543 [EventQueue-ContainerReportForContainerReportHandler] WARN  container.ContainerReportHandler (AbstractContainerReportHandler.java:updateContainerState(145)) - Container #1 is in OPEN state, but the datanode 5389c291-9dbf-4ff3-95a2-a367bd79a92b{ip: 192.168.34.63, host: pr-hdds-1868-wsm2n-11235469, networkLocation: /default-rack, certSerialId: null} reports an CLOSED replica.
2019-10-21 06:04:05,576 [EventQueue-ContainerReportForContainerReportHandler] WARN  container.ContainerReportHandler (AbstractContainerReportHandler.java:updateContainerState(145)) - Container #1 is in OPEN state, but the datanode 2de534ac-c407-4ec5-ab68-e4d0e1b50d95{ip: 192.168.34.63, host: pr-hdds-1868-wsm2n-11235469, networkLocation: /default-rack, certSerialId: null} reports an CLOSED replica.
2019-10-21 06:04:05,737 [BlockDeletingService#2] WARN  background.BlockDeletingService (BlockDeletingService.java:isDeletionAllowed(187)) - Close Container log Index 6 is not replicated across allthe servers in the pipeline 8f9e0d08-2118-49e4-bafd-58705ffbd881 as the min replicated index is 4. Deletion is not allowed in this container yet.
2019-10-21 06:04:05,737 [BlockDeletingService#2] WARN  background.BlockDeletingService (BlockDeletingService.java:isDeletionAllowed(187)) - Close Container log Index 6 is not replicated across allthe servers in the pipeline 8f9e0d08-2118-49e4-bafd-58705ffbd881 as the min replicated index is 4. Deletion is not allowed in this container yet.
2019-10-21 06:04:05,845 [EventQueue-ContainerReportForContainerReportHandler] WARN  container.ContainerReportHandler (AbstractContainerReportHandler.java:updateContainerState(145)) - Container #1 is in OPEN state, but the datanode 5389c291-9dbf-4ff3-95a2-a367bd79a92b{ip: 192.168.34.63, host: pr-hdds-1868-wsm2n-11235469, networkLocation: /default-rack, certSerialId: null} reports an CLOSED replica.
2019-10-21 06:04:05,978 [EventQueue-ContainerReportForContainerReportHandler] WARN  container.ContainerReportHandler (AbstractContainerReportHandler.java:updateContainerState(145)) - Container #1 is in OPEN state, but the datanode 2de534ac-c407-4ec5-ab68-e4d0e1b50d95{ip: 192.168.34.63, host: pr-hdds-1868-wsm2n-11235469, networkLocation: /default-rack, certSerialId: null} reports an CLOSED replica.
2019-10-21 06:04:06,145 [EventQueue-ContainerReportForContainerReportHandler] WARN  container.ContainerReportHandler (AbstractContainerReportHandler.java:updateContainerState(145)) - Container #1 is in OPEN state, but the datanode 5389c291-9dbf-4ff3-95a2-a367bd79a92b{ip: 192.168.34.63, host: pr-hdds-1868-wsm2n-11235469, networkLocation: /default-rack, certSerialId: null} reports an CLOSED replica.
2019-10-21 06:04:06,277 [EventQueue-ContainerReportForContainerReportHandler] WARN  container.ContainerReportHandler (AbstractContainerReportHandler.java:updateContainerState(145)) - Container #1 is in OPEN state, but the datanode 2de534ac-c407-4ec5-ab68-e4d0e1b50d95{ip: 192.168.34.63, host: pr-hdds-1868-wsm2n-11235469, networkLocation: /default-rack, certSerialId: null} reports an CLOSED replica.
2019-10-21 06:04:06,394 [java.util.concurrent.ThreadPoolExecutor$Worker@29bf4258[State = -1, empty queue]] WARN  server.GrpcLogAppender (GrpcLogAppender.java:timeoutAppendRequest(209)) - 5389c291-9dbf-4ff3-95a2-a367bd79a92b@group-58705FFBD881->a588f1ac-0e88-414d-9361-c050928a17f1-GrpcLogAppender: appendEntries Timeout, request=5389c291-9dbf-4ff3-95a2-a367bd79a92b->a588f1ac-0e88-414d-9361-c050928a17f1#27-t1, previous=(t:1, i:10), leaderCommit=10, initializing? false, entries: <empty>
2019-10-21 06:04:06,445 [EventQueue-ContainerReportForContainerReportHandler] WARN  container.ContainerReportHandler (AbstractContainerReportHandler.java:updateContainerState(145)) - Container #1 is in OPEN state, but the datanode 5389c291-9dbf-4ff3-95a2-a367bd79a92b{ip: 192.168.34.63, host: pr-hdds-1868-wsm2n-11235469, networkLocation: /default-rack, certSerialId: null} reports an CLOSED replica.
2019-10-21 06:04:06,478 [EventQueue-ContainerReportForContainerReportHandler] WARN  container.ContainerReportHandler (AbstractContainerReportHandler.java:updateContainerState(145)) - Container #1 is in OPEN state, but the datanode 2de534ac-c407-4ec5-ab68-e4d0e1b50d95{ip: 192.168.34.63, host: pr-hdds-1868-wsm2n-11235469, networkLocation: /default-rack, certSerialId: null} reports an CLOSED replica.
2019-10-21 06:04:06,744 [BlockDeletingService#2] WARN  background.BlockDeletingService (BlockDeletingService.java:isDeletionAllowed(187)) - Close Container log Index 6 is not replicated across allthe servers in the pipeline 8f9e0d08-2118-49e4-bafd-58705ffbd881 as the min replicated index is 4. Deletion is not allowed in this container yet.
2019-10-21 06:04:06,744 [BlockDeletingService#2] WARN  background.BlockDeletingService (BlockDeletingService.java:isDeletionAllowed(187)) - Close Container log Index 6 is not replicated across allthe servers in the pipeline 8f9e0d08-2118-49e4-bafd-58705ffbd881 as the min replicated index is 4. Deletion is not allowed in this container yet.
2019-10-21 06:04:06,748 [EventQueue-ContainerReportForContainerReportHandler] WARN  container.ContainerReportHandler (AbstractContainerReportHandler.java:updateContainerState(145)) - Container #1 is in OPEN state, but the datanode 5389c291-9dbf-4ff3-95a2-a367bd79a92b{ip: 192.168.34.63, host: pr-hdds-1868-wsm2n-11235469, networkLocation: /default-rack, certSerialId: null} reports an CLOSED replica.
2019-10-21 06:04:06,779 [EventQueue-ContainerReportForContainerReportHandler] WARN  container.ContainerReportHandler (AbstractContainerReportHandler.java:updateContainerState(145)) - Container #1 is in OPEN state, but the datanode 2de534ac-c407-4ec5-ab68-e4d0e1b50d95{ip: 192.168.34.63, host: pr-hdds-1868-wsm2n-11235469, networkLocation: /default-rack, certSerialId: null} reports an CLOSED replica.
2019-10-21 06:04:07,079 [EventQueue-ContainerReportForContainerReportHandler] WARN  container.ContainerReportHandler (AbstractContainerReportHandler.java:updateContainerState(145)) - Container #1 is in OPEN state, but the datanode 2de534ac-c407-4ec5-ab68-e4d0e1b50d95{ip: 192.168.34.63, host: pr-hdds-1868-wsm2n-11235469, networkLocation: /default-rack, certSerialId: null} reports an CLOSED replica.
2019-10-21 06:04:07,149 [EventQueue-ContainerReportForContainerReportHandler] WARN  container.ContainerReportHandler (AbstractContainerReportHandler.java:updateContainerState(145)) - Container #1 is in OPEN state, but the datanode 5389c291-9dbf-4ff3-95a2-a367bd79a92b{ip: 192.168.34.63, host: pr-hdds-1868-wsm2n-11235469, networkLocation: /default-rack, certSerialId: null} reports an CLOSED replica.
2019-10-21 06:04:07,378 [EventQueue-ContainerReportForContainerReportHandler] WARN  container.ContainerReportHandler (AbstractContainerReportHandler.java:updateContainerState(145)) - Container #1 is in OPEN state, but the datanode 2de534ac-c407-4ec5-ab68-e4d0e1b50d95{ip: 192.168.34.63, host: pr-hdds-1868-wsm2n-11235469, networkLocation: /default-rack, certSerialId: null} reports an CLOSED replica.
2019-10-21 06:04:07,422 [Thread-369] INFO  client.GrpcClientProtocolService (GrpcClientProtocolService.java:lambda$processClientRequest$0(279)) - Failed RaftClientRequest:client-6D3018828CA9->2de534ac-c407-4ec5-ab68-e4d0e1b50d95@group-58705FFBD881, cid=22, seq=0, Watch-ALL_COMMITTED(6), Message:<EMPTY>, reply=RaftClientReply:client-6D3018828CA9->2de534ac-c407-4ec5-ab68-e4d0e1b50d95@group-58705FFBD881, cid=22, FAILED org.apache.ratis.protocol.NotLeaderException: Server 2de534ac-c407-4ec5-ab68-e4d0e1b50d95@group-58705FFBD881 is not the leader 5389c291-9dbf-4ff3-95a2-a367bd79a92b:192.168.34.63:45480, logIndex=0, commits[2de534ac-c407-4ec5-ab68-e4d0e1b50d95:c10, 5389c291-9dbf-4ff3-95a2-a367bd79a92b:c10, a588f1ac-0e88-414d-9361-c050928a17f1:c4]
2019-10-21 06:04:07,448 [EventQueue-ContainerReportForContainerReportHandler] WARN  container.ContainerReportHandler (AbstractContainerReportHandler.java:updateContainerState(145)) - Container #1 is in OPEN state, but the datanode 5389c291-9dbf-4ff3-95a2-a367bd79a92b{ip: 192.168.34.63, host: pr-hdds-1868-wsm2n-11235469, networkLocation: /default-rack, certSerialId: null} reports an CLOSED replica.
2019-10-21 06:04:07,679 [EventQueue-ContainerReportForContainerReportHandler] WARN  container.ContainerReportHandler (AbstractContainerReportHandler.java:updateContainerState(145)) - Container #1 is in OPEN state, but the datanode 2de534ac-c407-4ec5-ab68-e4d0e1b50d95{ip: 192.168.34.63, host: pr-hdds-1868-wsm2n-11235469, networkLocation: /default-rack, certSerialId: null} reports an CLOSED replica.
2019-10-21 06:04:07,746 [BlockDeletingService#2] WARN  background.BlockDeletingService (BlockDeletingService.java:isDeletionAllowed(187)) - Close Container log Index 6 is not replicated across allthe servers in the pipeline 8f9e0d08-2118-49e4-bafd-58705ffbd881 as the min replicated index is 4. Deletion is not allowed in this container yet.
2019-10-21 06:04:07,746 [BlockDeletingService#2] WARN  background.BlockDeletingService (BlockDeletingService.java:isDeletionAllowed(187)) - Close Container log Index 6 is not replicated across allthe servers in the pipeline 8f9e0d08-2118-49e4-bafd-58705ffbd881 as the min replicated index is 4. Deletion is not allowed in this container yet.
2019-10-21 06:04:07,755 [Thread-374] INFO  client.GrpcClientProtocolService (GrpcClientProtocolService.java:lambda$processClientRequest$0(279)) - Failed RaftClientRequest:client-6D3018828CA9->5389c291-9dbf-4ff3-95a2-a367bd79a92b@group-58705FFBD881, cid=22, seq=0, Watch-ALL_COMMITTED(6), Message:<EMPTY>, reply=RaftClientReply:client-6D3018828CA9->5389c291-9dbf-4ff3-95a2-a367bd79a92b@group-58705FFBD881, cid=22, FAILED org.apache.ratis.protocol.NotReplicatedException: Request with call Id 22 and log index 6 is not yet replicated to ALL_COMMITTED, logIndex=6, commits[5389c291-9dbf-4ff3-95a2-a367bd79a92b:c10, 2de534ac-c407-4ec5-ab68-e4d0e1b50d95:c10, a588f1ac-0e88-414d-9361-c050928a17f1:c4]
2019-10-21 06:04:07,849 [EventQueue-ContainerReportForContainerReportHandler] WARN  container.ContainerReportHandler (AbstractContainerReportHandler.java:updateContainerState(145)) - Container #1 is in OPEN state, but the datanode 5389c291-9dbf-4ff3-95a2-a367bd79a92b{ip: 192.168.34.63, host: pr-hdds-1868-wsm2n-11235469, networkLocation: /default-rack, certSerialId: null} reports an CLOSED replica.
2019-10-21 06:04:07,978 [EventQueue-ContainerReportForContainerReportHandler] WARN  container.ContainerReportHandler (AbstractContainerReportHandler.java:updateContainerState(145)) - Container #1 is in OPEN state, but the datanode 2de534ac-c407-4ec5-ab68-e4d0e1b50d95{ip: 192.168.34.63, host: pr-hdds-1868-wsm2n-11235469, networkLocation: /default-rack, certSerialId: null} reports an CLOSED replica.
2019-10-21 06:04:08,149 [EventQueue-ContainerReportForContainerReportHandler] WARN  container.ContainerReportHandler (AbstractContainerReportHandler.java:updateContainerState(145)) - Container #1 is in OPEN state, but the datanode 5389c291-9dbf-4ff3-95a2-a367bd79a92b{ip: 192.168.34.63, host: pr-hdds-1868-wsm2n-11235469, networkLocation: /default-rack, certSerialId: null} reports an CLOSED replica.
2019-10-21 06:04:08,278 [EventQueue-ContainerReportForContainerReportHandler] WARN  container.ContainerReportHandler (AbstractContainerReportHandler.java:updateContainerState(145)) - Container #1 is in OPEN state, but the datanode 2de534ac-c407-4ec5-ab68-e4d0e1b50d95{ip: 192.168.34.63, host: pr-hdds-1868-wsm2n-11235469, networkLocation: /default-rack, certSerialId: null} reports an CLOSED replica.
2019-10-21 06:04:08,449 [EventQueue-ContainerReportForContainerReportHandler] WARN  container.ContainerReportHandler (AbstractContainerReportHandler.java:updateContainerState(145)) - Container #1 is in OPEN state, but the datanode 5389c291-9dbf-4ff3-95a2-a367bd79a92b{ip: 192.168.34.63, host: pr-hdds-1868-wsm2n-11235469, networkLocation: /default-rack, certSerialId: null} reports an CLOSED replica.
2019-10-21 06:04:08,678 [EventQueue-ContainerReportForContainerReportHandler] WARN  container.ContainerReportHandler (AbstractContainerReportHandler.java:updateContainerState(145)) - Container #1 is in OPEN state, but the datanode 2de534ac-c407-4ec5-ab68-e4d0e1b50d95{ip: 192.168.34.63, host: pr-hdds-1868-wsm2n-11235469, networkLocation: /default-rack, certSerialId: null} reports an CLOSED replica.
2019-10-21 06:04:08,748 [BlockDeletingService#2] WARN  background.BlockDeletingService (BlockDeletingService.java:isDeletionAllowed(187)) - Close Container log Index 6 is not replicated across allthe servers in the pipeline 8f9e0d08-2118-49e4-bafd-58705ffbd881 as the min replicated index is 4. Deletion is not allowed in this container yet.
2019-10-21 06:04:08,750 [BlockDeletingService#2] WARN  background.BlockDeletingService (BlockDeletingService.java:isDeletionAllowed(187)) - Close Container log Index 6 is not replicated across allthe servers in the pipeline 8f9e0d08-2118-49e4-bafd-58705ffbd881 as the min replicated index is 4. Deletion is not allowed in this container yet.
2019-10-21 06:04:08,849 [EventQueue-ContainerReportForContainerReportHandler] WARN  container.ContainerReportHandler (AbstractContainerReportHandler.java:updateContainerState(145)) - Container #1 is in OPEN state, but the datanode 5389c291-9dbf-4ff3-95a2-a367bd79a92b{ip: 192.168.34.63, host: pr-hdds-1868-wsm2n-11235469, networkLocation: /default-rack, certSerialId: null} reports an CLOSED replica.
2019-10-21 06:04:08,897 [java.util.concurrent.ThreadPoolExecutor$Worker@29bf4258[State = -1, empty queue]] WARN  server.GrpcLogAppender (GrpcLogAppender.java:timeoutAppendRequest(209)) - 5389c291-9dbf-4ff3-95a2-a367bd79a92b@group-58705FFBD881->a588f1ac-0e88-414d-9361-c050928a17f1-GrpcLogAppender: appendEntries Timeout, request=5389c291-9dbf-4ff3-95a2-a367bd79a92b->a588f1ac-0e88-414d-9361-c050928a17f1#28-t1, previous=(t:1, i:10), leaderCommit=10, initializing? false, entries: <empty>
2019-10-21 06:04:08,978 [EventQueue-ContainerReportForContainerReportHandler] WARN  container.ContainerReportHandler (AbstractContainerReportHandler.java:updateContainerState(145)) - Container #1 is in OPEN state, but the datanode 2de534ac-c407-4ec5-ab68-e4d0e1b50d95{ip: 192.168.34.63, host: pr-hdds-1868-wsm2n-11235469, networkLocation: /default-rack, certSerialId: null} reports an CLOSED replica.
2019-10-21 06:04:09,149 [EventQueue-ContainerReportForContainerReportHandler] WARN  container.ContainerReportHandler (AbstractContainerReportHandler.java:updateContainerState(145)) - Container #1 is in OPEN state, but the datanode 5389c291-9dbf-4ff3-95a2-a367bd79a92b{ip: 192.168.34.63, host: pr-hdds-1868-wsm2n-11235469, networkLocation: /default-rack, certSerialId: null} reports an CLOSED replica.
2019-10-21 06:04:09,178 [EventQueue-ContainerReportForContainerReportHandler] WARN  container.ContainerReportHandler (AbstractContainerReportHandler.java:updateContainerState(145)) - Container #1 is in OPEN state, but the datanode 2de534ac-c407-4ec5-ab68-e4d0e1b50d95{ip: 192.168.34.63, host: pr-hdds-1868-wsm2n-11235469, networkLocation: /default-rack, certSerialId: null} reports an CLOSED replica.
2019-10-21 06:04:09,448 [EventQueue-ContainerReportForContainerReportHandler] WARN  container.ContainerReportHandler (AbstractContainerReportHandler.java:updateContainerState(145)) - Container #1 is in OPEN state, but the datanode 5389c291-9dbf-4ff3-95a2-a367bd79a92b{ip: 192.168.34.63, host: pr-hdds-1868-wsm2n-11235469, networkLocation: /default-rack, certSerialId: null} reports an CLOSED replica.
2019-10-21 06:04:09,478 [EventQueue-ContainerReportForContainerReportHandler] WARN  container.ContainerReportHandler (AbstractContainerReportHandler.java:updateContainerState(145)) - Container #1 is in OPEN state, but the datanode 2de534ac-c407-4ec5-ab68-e4d0e1b50d95{ip: 192.168.34.63, host: pr-hdds-1868-wsm2n-11235469, networkLocation: /default-rack, certSerialId: null} reports an CLOSED replica.
2019-10-21 06:04:09,748 [EventQueue-ContainerReportForContainerReportHandler] WARN  container.ContainerReportHandler (AbstractContainerReportHandler.java:updateContainerState(145)) - Container #1 is in OPEN state, but the datanode 5389c291-9dbf-4ff3-95a2-a367bd79a92b{ip: 192.168.34.63, host: pr-hdds-1868-wsm2n-11235469, networkLocation: /default-rack, certSerialId: null} reports an CLOSED replica.
2019-10-21 06:04:09,752 [BlockDeletingService#2] WARN  background.BlockDeletingService (BlockDeletingService.java:isDeletionAllowed(187)) - Close Container log Index 6 is not replicated across allthe servers in the pipeline 8f9e0d08-2118-49e4-bafd-58705ffbd881 as the min replicated index is 4. Deletion is not allowed in this container yet.
2019-10-21 06:04:09,752 [BlockDeletingService#2] WARN  background.BlockDeletingService (BlockDeletingService.java:isDeletionAllowed(187)) - Close Container log Index 6 is not replicated across allthe servers in the pipeline 8f9e0d08-2118-49e4-bafd-58705ffbd881 as the min replicated index is 4. Deletion is not allowed in this container yet.
2019-10-21 06:04:09,778 [EventQueue-ContainerReportForContainerReportHandler] WARN  container.ContainerReportHandler (AbstractContainerReportHandler.java:updateContainerState(145)) - Container #1 is in OPEN state, but the datanode 2de534ac-c407-4ec5-ab68-e4d0e1b50d95{ip: 192.168.34.63, host: pr-hdds-1868-wsm2n-11235469, networkLocation: /default-rack, certSerialId: null} reports an CLOSED replica.
2019-10-21 06:04:10,049 [EventQueue-ContainerReportForContainerReportHandler] WARN  container.ContainerReportHandler (AbstractContainerReportHandler.java:updateContainerState(145)) - Container #1 is in OPEN state, but the datanode 5389c291-9dbf-4ff3-95a2-a367bd79a92b{ip: 192.168.34.63, host: pr-hdds-1868-wsm2n-11235469, networkLocation: /default-rack, certSerialId: null} reports an CLOSED replica.
2019-10-21 06:04:10,178 [EventQueue-ContainerReportForContainerReportHandler] WARN  container.ContainerReportHandler (AbstractContainerReportHandler.java:updateContainerState(145)) - Container #1 is in OPEN state, but the datanode 2de534ac-c407-4ec5-ab68-e4d0e1b50d95{ip: 192.168.34.63, host: pr-hdds-1868-wsm2n-11235469, networkLocation: /default-rack, certSerialId: null} reports an CLOSED replica.
2019-10-21 06:04:10,349 [EventQueue-ContainerReportForContainerReportHandler] WARN  container.ContainerReportHandler (AbstractContainerReportHandler.java:updateContainerState(145)) - Container #1 is in OPEN state, but the datanode 5389c291-9dbf-4ff3-95a2-a367bd79a92b{ip: 192.168.34.63, host: pr-hdds-1868-wsm2n-11235469, networkLocation: /default-rack, certSerialId: null} reports an CLOSED replica.
2019-10-21 06:04:10,378 [EventQueue-ContainerReportForContainerReportHandler] WARN  container.ContainerReportHandler (AbstractContainerReportHandler.java:updateContainerState(145)) - Container #1 is in OPEN state, but the datanode 2de534ac-c407-4ec5-ab68-e4d0e1b50d95{ip: 192.168.34.63, host: pr-hdds-1868-wsm2n-11235469, networkLocation: /default-rack, certSerialId: null} reports an CLOSED replica.
2019-10-21 06:04:10,650 [EventQueue-ContainerReportForContainerReportHandler] WARN  container.ContainerReportHandler (AbstractContainerReportHandler.java:updateContainerState(145)) - Container #1 is in OPEN state, but the datanode 5389c291-9dbf-4ff3-95a2-a367bd79a92b{ip: 192.168.34.63, host: pr-hdds-1868-wsm2n-11235469, networkLocation: /default-rack, certSerialId: null} reports an CLOSED replica.
2019-10-21 06:04:10,678 [EventQueue-ContainerReportForContainerReportHandler] WARN  container.ContainerReportHandler (AbstractContainerReportHandler.java:updateContainerState(145)) - Container #1 is in OPEN state, but the datanode 2de534ac-c407-4ec5-ab68-e4d0e1b50d95{ip: 192.168.34.63, host: pr-hdds-1868-wsm2n-11235469, networkLocation: /default-rack, certSerialId: null} reports an CLOSED replica.
2019-10-21 06:04:10,754 [BlockDeletingService#2] WARN  background.BlockDeletingService (BlockDeletingService.java:isDeletionAllowed(187)) - Close Container log Index 6 is not replicated across allthe servers in the pipeline 8f9e0d08-2118-49e4-bafd-58705ffbd881 as the min replicated index is 4. Deletion is not allowed in this container yet.
2019-10-21 06:04:10,754 [BlockDeletingService#2] WARN  background.BlockDeletingService (BlockDeletingService.java:isDeletionAllowed(187)) - Close Container log Index 6 is not replicated across allthe servers in the pipeline 8f9e0d08-2118-49e4-bafd-58705ffbd881 as the min replicated index is 4. Deletion is not allowed in this container yet.
2019-10-21 06:04:10,851 [EventQueue-ContainerReportForContainerReportHandler] WARN  container.ContainerReportHandler (AbstractContainerReportHandler.java:updateContainerState(145)) - Container #1 is in OPEN state, but the datanode 5389c291-9dbf-4ff3-95a2-a367bd79a92b{ip: 192.168.34.63, host: pr-hdds-1868-wsm2n-11235469, networkLocation: /default-rack, certSerialId: null} reports an CLOSED replica.
2019-10-21 06:04:10,979 [EventQueue-ContainerReportForContainerReportHandler] WARN  container.ContainerReportHandler (AbstractContainerReportHandler.java:updateContainerState(145)) - Container #1 is in OPEN state, but the datanode 2de534ac-c407-4ec5-ab68-e4d0e1b50d95{ip: 192.168.34.63, host: pr-hdds-1868-wsm2n-11235469, networkLocation: /default-rack, certSerialId: null} reports an CLOSED replica.
2019-10-21 06:04:11,151 [EventQueue-ContainerReportForContainerReportHandler] WARN  container.ContainerReportHandler (AbstractContainerReportHandler.java:updateContainerState(145)) - Container #1 is in OPEN state, but the datanode 5389c291-9dbf-4ff3-95a2-a367bd79a92b{ip: 192.168.34.63, host: pr-hdds-1868-wsm2n-11235469, networkLocation: /default-rack, certSerialId: null} reports an CLOSED replica.
2019-10-21 06:04:11,279 [EventQueue-ContainerReportForContainerReportHandler] WARN  container.ContainerReportHandler (AbstractContainerReportHandler.java:updateContainerState(145)) - Container #1 is in OPEN state, but the datanode 2de534ac-c407-4ec5-ab68-e4d0e1b50d95{ip: 192.168.34.63, host: pr-hdds-1868-wsm2n-11235469, networkLocation: /default-rack, certSerialId: null} reports an CLOSED replica.
2019-10-21 06:04:11,352 [EventQueue-ContainerReportForContainerReportHandler] WARN  container.ContainerReportHandler (AbstractContainerReportHandler.java:updateContainerState(145)) - Container #1 is in OPEN state, but the datanode 5389c291-9dbf-4ff3-95a2-a367bd79a92b{ip: 192.168.34.63, host: pr-hdds-1868-wsm2n-11235469, networkLocation: /default-rack, certSerialId: null} reports an CLOSED replica.
2019-10-21 06:04:11,397 [java.util.concurrent.ThreadPoolExecutor$Worker@29bf4258[State = -1, empty queue]] WARN  server.GrpcLogAppender (GrpcLogAppender.java:timeoutAppendRequest(209)) - 5389c291-9dbf-4ff3-95a2-a367bd79a92b@group-58705FFBD881->a588f1ac-0e88-414d-9361-c050928a17f1-GrpcLogAppender: appendEntries Timeout, request=5389c291-9dbf-4ff3-95a2-a367bd79a92b->a588f1ac-0e88-414d-9361-c050928a17f1#29-t1, previous=(t:1, i:10), leaderCommit=10, initializing? false, entries: <empty>
2019-10-21 06:04:11,652 [EventQueue-ContainerReportForContainerReportHandler] WARN  container.ContainerReportHandler (AbstractContainerReportHandler.java:updateContainerState(145)) - Container #1 is in OPEN state, but the datanode 5389c291-9dbf-4ff3-95a2-a367bd79a92b{ip: 192.168.34.63, host: pr-hdds-1868-wsm2n-11235469, networkLocation: /default-rack, certSerialId: null} reports an CLOSED replica.
2019-10-21 06:04:11,680 [EventQueue-ContainerReportForContainerReportHandler] WARN  container.ContainerReportHandler (AbstractContainerReportHandler.java:updateContainerState(145)) - Container #1 is in OPEN state, but the datanode 2de534ac-c407-4ec5-ab68-e4d0e1b50d95{ip: 192.168.34.63, host: pr-hdds-1868-wsm2n-11235469, networkLocation: /default-rack, certSerialId: null} reports an CLOSED replica.
2019-10-21 06:04:11,756 [BlockDeletingService#2] WARN  background.BlockDeletingService (BlockDeletingService.java:isDeletionAllowed(187)) - Close Container log Index 6 is not replicated across allthe servers in the pipeline 8f9e0d08-2118-49e4-bafd-58705ffbd881 as the min replicated index is 4. Deletion is not allowed in this container yet.
2019-10-21 06:04:11,756 [BlockDeletingService#2] WARN  background.BlockDeletingService (BlockDeletingService.java:isDeletionAllowed(187)) - Close Container log Index 6 is not replicated across allthe servers in the pipeline 8f9e0d08-2118-49e4-bafd-58705ffbd881 as the min replicated index is 4. Deletion is not allowed in this container yet.
2019-10-21 06:04:11,881 [EventQueue-ContainerReportForContainerReportHandler] WARN  container.ContainerReportHandler (AbstractContainerReportHandler.java:updateContainerState(145)) - Container #1 is in OPEN state, but the datanode 2de534ac-c407-4ec5-ab68-e4d0e1b50d95{ip: 192.168.34.63, host: pr-hdds-1868-wsm2n-11235469, networkLocation: /default-rack, certSerialId: null} reports an CLOSED replica.
2019-10-21 06:04:11,952 [EventQueue-ContainerReportForContainerReportHandler] WARN  container.ContainerReportHandler (AbstractContainerReportHandler.java:updateContainerState(145)) - Container #1 is in OPEN state, but the datanode 5389c291-9dbf-4ff3-95a2-a367bd79a92b{ip: 192.168.34.63, host: pr-hdds-1868-wsm2n-11235469, networkLocation: /default-rack, certSerialId: null} reports an CLOSED replica.
2019-10-21 06:04:12,152 [EventQueue-ContainerReportForContainerReportHandler] WARN  container.ContainerReportHandler (AbstractContainerReportHandler.java:updateContainerState(145)) - Container #1 is in OPEN state, but the datanode 5389c291-9dbf-4ff3-95a2-a367bd79a92b{ip: 192.168.34.63, host: pr-hdds-1868-wsm2n-11235469, networkLocation: /default-rack, certSerialId: null} reports an CLOSED replica.
2019-10-21 06:04:12,282 [EventQueue-ContainerReportForContainerReportHandler] WARN  container.ContainerReportHandler (AbstractContainerReportHandler.java:updateContainerState(145)) - Container #1 is in OPEN state, but the datanode 2de534ac-c407-4ec5-ab68-e4d0e1b50d95{ip: 192.168.34.63, host: pr-hdds-1868-wsm2n-11235469, networkLocation: /default-rack, certSerialId: null} reports an CLOSED replica.
2019-10-21 06:04:12,452 [EventQueue-ContainerReportForContainerReportHandler] WARN  container.ContainerReportHandler (AbstractContainerReportHandler.java:updateContainerState(145)) - Container #1 is in OPEN state, but the datanode 5389c291-9dbf-4ff3-95a2-a367bd79a92b{ip: 192.168.34.63, host: pr-hdds-1868-wsm2n-11235469, networkLocation: /default-rack, certSerialId: null} reports an CLOSED replica.
2019-10-21 06:04:12,585 [EventQueue-ContainerReportForContainerReportHandler] WARN  container.ContainerReportHandler (AbstractContainerReportHandler.java:updateContainerState(145)) - Container #1 is in OPEN state, but the datanode 2de534ac-c407-4ec5-ab68-e4d0e1b50d95{ip: 192.168.34.63, host: pr-hdds-1868-wsm2n-11235469, networkLocation: /default-rack, certSerialId: null} reports an CLOSED replica.
2019-10-21 06:04:12,759 [BlockDeletingService#2] WARN  background.BlockDeletingService (BlockDeletingService.java:isDeletionAllowed(187)) - Close Container log Index 6 is not replicated across allthe servers in the pipeline 8f9e0d08-2118-49e4-bafd-58705ffbd881 as the min replicated index is 4. Deletion is not allowed in this container yet.
2019-10-21 06:04:12,759 [BlockDeletingService#2] WARN  background.BlockDeletingService (BlockDeletingService.java:isDeletionAllowed(187)) - Close Container log Index 6 is not replicated across allthe servers in the pipeline 8f9e0d08-2118-49e4-bafd-58705ffbd881 as the min replicated index is 4. Deletion is not allowed in this container yet.
2019-10-21 06:04:12,785 [EventQueue-ContainerReportForContainerReportHandler] WARN  container.ContainerReportHandler (AbstractContainerReportHandler.java:updateContainerState(145)) - Container #1 is in OPEN state, but the datanode 2de534ac-c407-4ec5-ab68-e4d0e1b50d95{ip: 192.168.34.63, host: pr-hdds-1868-wsm2n-11235469, networkLocation: /default-rack, certSerialId: null} reports an CLOSED replica.
2019-10-21 06:04:12,853 [EventQueue-ContainerReportForContainerReportHandler] WARN  container.ContainerReportHandler (AbstractContainerReportHandler.java:updateContainerState(145)) - Container #1 is in OPEN state, but the datanode 5389c291-9dbf-4ff3-95a2-a367bd79a92b{ip: 192.168.34.63, host: pr-hdds-1868-wsm2n-11235469, networkLocation: /default-rack, certSerialId: null} reports an CLOSED replica.
2019-10-21 06:04:13,084 [EventQueue-ContainerReportForContainerReportHandler] WARN  container.ContainerReportHandler (AbstractContainerReportHandler.java:updateContainerState(145)) - Container #1 is in OPEN state, but the datanode 2de534ac-c407-4ec5-ab68-e4d0e1b50d95{ip: 192.168.34.63, host: pr-hdds-1868-wsm2n-11235469, networkLocation: /default-rack, certSerialId: null} reports an CLOSED replica.
2019-10-21 06:04:13,153 [EventQueue-ContainerReportForContainerReportHandler] WARN  container.ContainerReportHandler (AbstractContainerReportHandler.java:updateContainerState(145)) - Container #1 is in OPEN state, but the datanode 5389c291-9dbf-4ff3-95a2-a367bd79a92b{ip: 192.168.34.63, host: pr-hdds-1868-wsm2n-11235469, networkLocation: /default-rack, certSerialId: null} reports an CLOSED replica.
2019-10-21 06:04:13,284 [EventQueue-ContainerReportForContainerReportHandler] WARN  container.ContainerReportHandler (AbstractContainerReportHandler.java:updateContainerState(145)) - Container #1 is in OPEN state, but the datanode 2de534ac-c407-4ec5-ab68-e4d0e1b50d95{ip: 192.168.34.63, host: pr-hdds-1868-wsm2n-11235469, networkLocation: /default-rack, certSerialId: null} reports an CLOSED replica.
2019-10-21 06:04:13,454 [EventQueue-ContainerReportForContainerReportHandler] WARN  container.ContainerReportHandler (AbstractContainerReportHandler.java:updateContainerState(145)) - Container #1 is in OPEN state, but the datanode 5389c291-9dbf-4ff3-95a2-a367bd79a92b{ip: 192.168.34.63, host: pr-hdds-1868-wsm2n-11235469, networkLocation: /default-rack, certSerialId: null} reports an CLOSED replica.
2019-10-21 06:04:13,684 [EventQueue-ContainerReportForContainerReportHandler] WARN  container.ContainerReportHandler (AbstractContainerReportHandler.java:updateContainerState(145)) - Container #1 is in OPEN state, but the datanode 2de534ac-c407-4ec5-ab68-e4d0e1b50d95{ip: 192.168.34.63, host: pr-hdds-1868-wsm2n-11235469, networkLocation: /default-rack, certSerialId: null} reports an CLOSED replica.
2019-10-21 06:04:13,754 [EventQueue-ContainerReportForContainerReportHandler] WARN  container.ContainerReportHandler (AbstractContainerReportHandler.java:updateContainerState(145)) - Container #1 is in OPEN state, but the datanode 5389c291-9dbf-4ff3-95a2-a367bd79a92b{ip: 192.168.34.63, host: pr-hdds-1868-wsm2n-11235469, networkLocation: /default-rack, certSerialId: null} reports an CLOSED replica.
2019-10-21 06:04:13,761 [BlockDeletingService#2] WARN  background.BlockDeletingService (BlockDeletingService.java:isDeletionAllowed(187)) - Close Container log Index 6 is not replicated across allthe servers in the pipeline 8f9e0d08-2118-49e4-bafd-58705ffbd881 as the min replicated index is 4. Deletion is not allowed in this container yet.
2019-10-21 06:04:13,761 [BlockDeletingService#2] WARN  background.BlockDeletingService (BlockDeletingService.java:isDeletionAllowed(187)) - Close Container log Index 6 is not replicated across allthe servers in the pipeline 8f9e0d08-2118-49e4-bafd-58705ffbd881 as the min replicated index is 4. Deletion is not allowed in this container yet.
2019-10-21 06:04:13,885 [EventQueue-ContainerReportForContainerReportHandler] WARN  container.ContainerReportHandler (AbstractContainerReportHandler.java:updateContainerState(145)) - Container #1 is in OPEN state, but the datanode 2de534ac-c407-4ec5-ab68-e4d0e1b50d95{ip: 192.168.34.63, host: pr-hdds-1868-wsm2n-11235469, networkLocation: /default-rack, certSerialId: null} reports an CLOSED replica.
2019-10-21 06:04:13,899 [java.util.concurrent.ThreadPoolExecutor$Worker@29bf4258[State = -1, empty queue]] WARN  server.GrpcLogAppender (GrpcLogAppender.java:timeoutAppendRequest(209)) - 5389c291-9dbf-4ff3-95a2-a367bd79a92b@group-58705FFBD881->a588f1ac-0e88-414d-9361-c050928a17f1-GrpcLogAppender: appendEntries Timeout, request=5389c291-9dbf-4ff3-95a2-a367bd79a92b->a588f1ac-0e88-414d-9361-c050928a17f1#30-t1, previous=(t:1, i:10), leaderCommit=10, initializing? false, entries: <empty>
2019-10-21 06:04:14,055 [EventQueue-ContainerReportForContainerReportHandler] WARN  container.ContainerReportHandler (AbstractContainerReportHandler.java:updateContainerState(145)) - Container #1 is in OPEN state, but the datanode 5389c291-9dbf-4ff3-95a2-a367bd79a92b{ip: 192.168.34.63, host: pr-hdds-1868-wsm2n-11235469, networkLocation: /default-rack, certSerialId: null} reports an CLOSED replica.
2019-10-21 06:04:14,187 [EventQueue-ContainerReportForContainerReportHandler] WARN  container.ContainerReportHandler (AbstractContainerReportHandler.java:updateContainerState(145)) - Container #1 is in OPEN state, but the datanode 2de534ac-c407-4ec5-ab68-e4d0e1b50d95{ip: 192.168.34.63, host: pr-hdds-1868-wsm2n-11235469, networkLocation: /default-rack, certSerialId: null} reports an CLOSED replica.
2019-10-21 06:04:14,355 [EventQueue-ContainerReportForContainerReportHandler] WARN  container.ContainerReportHandler (AbstractContainerReportHandler.java:updateContainerState(145)) - Container #1 is in OPEN state, but the datanode 5389c291-9dbf-4ff3-95a2-a367bd79a92b{ip: 192.168.34.63, host: pr-hdds-1868-wsm2n-11235469, networkLocation: /default-rack, certSerialId: null} reports an CLOSED replica.
2019-10-21 06:04:14,587 [EventQueue-ContainerReportForContainerReportHandler] WARN  container.ContainerReportHandler (AbstractContainerReportHandler.java:updateContainerState(145)) - Container #1 is in OPEN state, but the datanode 2de534ac-c407-4ec5-ab68-e4d0e1b50d95{ip: 192.168.34.63, host: pr-hdds-1868-wsm2n-11235469, networkLocation: /default-rack, certSerialId: null} reports an CLOSED replica.
2019-10-21 06:04:14,656 [EventQueue-ContainerReportForContainerReportHandler] WARN  container.ContainerReportHandler (AbstractContainerReportHandler.java:updateContainerState(145)) - Container #1 is in OPEN state, but the datanode 5389c291-9dbf-4ff3-95a2-a367bd79a92b{ip: 192.168.34.63, host: pr-hdds-1868-wsm2n-11235469, networkLocation: /default-rack, certSerialId: null} reports an CLOSED replica.
2019-10-21 06:04:14,764 [BlockDeletingService#2] WARN  background.BlockDeletingService (BlockDeletingService.java:isDeletionAllowed(187)) - Close Container log Index 6 is not replicated across allthe servers in the pipeline 8f9e0d08-2118-49e4-bafd-58705ffbd881 as the min replicated index is 4. Deletion is not allowed in this container yet.
2019-10-21 06:04:14,764 [BlockDeletingService#2] WARN  background.BlockDeletingService (BlockDeletingService.java:isDeletionAllowed(187)) - Close Container log Index 6 is not replicated across allthe servers in the pipeline 8f9e0d08-2118-49e4-bafd-58705ffbd881 as the min replicated index is 4. Deletion is not allowed in this container yet.
2019-10-21 06:04:14,888 [EventQueue-ContainerReportForContainerReportHandler] WARN  container.ContainerReportHandler (AbstractContainerReportHandler.java:updateContainerState(145)) - Container #1 is in OPEN state, but the datanode 2de534ac-c407-4ec5-ab68-e4d0e1b50d95{ip: 192.168.34.63, host: pr-hdds-1868-wsm2n-11235469, networkLocation: /default-rack, certSerialId: null} reports an CLOSED replica.
2019-10-21 06:04:14,956 [EventQueue-ContainerReportForContainerReportHandler] WARN  container.ContainerReportHandler (AbstractContainerReportHandler.java:updateContainerState(145)) - Container #1 is in OPEN state, but the datanode 5389c291-9dbf-4ff3-95a2-a367bd79a92b{ip: 192.168.34.63, host: pr-hdds-1868-wsm2n-11235469, networkLocation: /default-rack, certSerialId: null} reports an CLOSED replica.
2019-10-21 06:04:15,088 [EventQueue-ContainerReportForContainerReportHandler] WARN  container.ContainerReportHandler (AbstractContainerReportHandler.java:updateContainerState(145)) - Container #1 is in OPEN state, but the datanode 2de534ac-c407-4ec5-ab68-e4d0e1b50d95{ip: 192.168.34.63, host: pr-hdds-1868-wsm2n-11235469, networkLocation: /default-rack, certSerialId: null} reports an CLOSED replica.
2019-10-21 06:04:15,256 [EventQueue-ContainerReportForContainerReportHandler] WARN  container.ContainerReportHandler (AbstractContainerReportHandler.java:updateContainerState(145)) - Container #1 is in OPEN state, but the datanode 5389c291-9dbf-4ff3-95a2-a367bd79a92b{ip: 192.168.34.63, host: pr-hdds-1868-wsm2n-11235469, networkLocation: /default-rack, certSerialId: null} reports an CLOSED replica.
2019-10-21 06:04:15,288 [EventQueue-ContainerReportForContainerReportHandler] WARN  container.ContainerReportHandler (AbstractContainerReportHandler.java:updateContainerState(145)) - Container #1 is in OPEN state, but the datanode 2de534ac-c407-4ec5-ab68-e4d0e1b50d95{ip: 192.168.34.63, host: pr-hdds-1868-wsm2n-11235469, networkLocation: /default-rack, certSerialId: null} reports an CLOSED replica.
2019-10-21 06:04:15,457 [EventQueue-ContainerReportForContainerReportHandler] WARN  container.ContainerReportHandler (AbstractContainerReportHandler.java:updateContainerState(145)) - Container #1 is in OPEN state, but the datanode 5389c291-9dbf-4ff3-95a2-a367bd79a92b{ip: 192.168.34.63, host: pr-hdds-1868-wsm2n-11235469, networkLocation: /default-rack, certSerialId: null} reports an CLOSED replica.
2019-10-21 06:04:15,688 [EventQueue-ContainerReportForContainerReportHandler] WARN  container.ContainerReportHandler (AbstractContainerReportHandler.java:updateContainerState(145)) - Container #1 is in OPEN state, but the datanode 2de534ac-c407-4ec5-ab68-e4d0e1b50d95{ip: 192.168.34.63, host: pr-hdds-1868-wsm2n-11235469, networkLocation: /default-rack, certSerialId: null} reports an CLOSED replica.
2019-10-21 06:04:15,767 [BlockDeletingService#2] WARN  background.BlockDeletingService (BlockDeletingService.java:isDeletionAllowed(187)) - Close Container log Index 6 is not replicated across allthe servers in the pipeline 8f9e0d08-2118-49e4-bafd-58705ffbd881 as the min replicated index is 4. Deletion is not allowed in this container yet.
2019-10-21 06:04:15,767 [BlockDeletingService#2] WARN  background.BlockDeletingService (BlockDeletingService.java:isDeletionAllowed(187)) - Close Container log Index 6 is not replicated across allthe servers in the pipeline 8f9e0d08-2118-49e4-bafd-58705ffbd881 as the min replicated index is 4. Deletion is not allowed in this container yet.
2019-10-21 06:04:15,857 [EventQueue-ContainerReportForContainerReportHandler] WARN  container.ContainerReportHandler (AbstractContainerReportHandler.java:updateContainerState(145)) - Container #1 is in OPEN state, but the datanode 5389c291-9dbf-4ff3-95a2-a367bd79a92b{ip: 192.168.34.63, host: pr-hdds-1868-wsm2n-11235469, networkLocation: /default-rack, certSerialId: null} reports an CLOSED replica.
2019-10-21 06:04:15,888 [EventQueue-ContainerReportForContainerReportHandler] WARN  container.ContainerReportHandler (AbstractContainerReportHandler.java:updateContainerState(145)) - Container #1 is in OPEN state, but the datanode 2de534ac-c407-4ec5-ab68-e4d0e1b50d95{ip: 192.168.34.63, host: pr-hdds-1868-wsm2n-11235469, networkLocation: /default-rack, certSerialId: null} reports an CLOSED replica.
2019-10-21 06:04:16,157 [EventQueue-ContainerReportForContainerReportHandler] WARN  container.ContainerReportHandler (AbstractContainerReportHandler.java:updateContainerState(145)) - Container #1 is in OPEN state, but the datanode 5389c291-9dbf-4ff3-95a2-a367bd79a92b{ip: 192.168.34.63, host: pr-hdds-1868-wsm2n-11235469, networkLocation: /default-rack, certSerialId: null} reports an CLOSED replica.
2019-10-21 06:04:16,288 [EventQueue-ContainerReportForContainerReportHandler] WARN  container.ContainerReportHandler (AbstractContainerReportHandler.java:updateContainerState(145)) - Container #1 is in OPEN state, but the datanode 2de534ac-c407-4ec5-ab68-e4d0e1b50d95{ip: 192.168.34.63, host: pr-hdds-1868-wsm2n-11235469, networkLocation: /default-rack, certSerialId: null} reports an CLOSED replica.
2019-10-21 06:04:16,401 [java.util.concurrent.ThreadPoolExecutor$Worker@29bf4258[State = -1, empty queue]] WARN  server.GrpcLogAppender (GrpcLogAppender.java:timeoutAppendRequest(209)) - 5389c291-9dbf-4ff3-95a2-a367bd79a92b@group-58705FFBD881->a588f1ac-0e88-414d-9361-c050928a17f1-GrpcLogAppender: appendEntries Timeout, request=5389c291-9dbf-4ff3-95a2-a367bd79a92b->a588f1ac-0e88-414d-9361-c050928a17f1#31-t1, previous=(t:1, i:10), leaderCommit=10, initializing? false, entries: <empty>
2019-10-21 06:04:16,450 [Thread-398] INFO  client.GrpcClientProtocolService (GrpcClientProtocolService.java:lambda$processClientRequest$0(279)) - Failed RaftClientRequest:client-6D3018828CA9->2de534ac-c407-4ec5-ab68-e4d0e1b50d95@group-58705FFBD881, cid=22, seq=0, Watch-ALL_COMMITTED(6), Message:<EMPTY>, reply=RaftClientReply:client-6D3018828CA9->2de534ac-c407-4ec5-ab68-e4d0e1b50d95@group-58705FFBD881, cid=22, FAILED org.apache.ratis.protocol.NotLeaderException: Server 2de534ac-c407-4ec5-ab68-e4d0e1b50d95@group-58705FFBD881 is not the leader 5389c291-9dbf-4ff3-95a2-a367bd79a92b:192.168.34.63:45480, logIndex=0, commits[2de534ac-c407-4ec5-ab68-e4d0e1b50d95:c10, 5389c291-9dbf-4ff3-95a2-a367bd79a92b:c10, a588f1ac-0e88-414d-9361-c050928a17f1:c4]
2019-10-21 06:04:16,458 [EventQueue-ContainerReportForContainerReportHandler] WARN  container.ContainerReportHandler (AbstractContainerReportHandler.java:updateContainerState(145)) - Container #1 is in OPEN state, but the datanode 5389c291-9dbf-4ff3-95a2-a367bd79a92b{ip: 192.168.34.63, host: pr-hdds-1868-wsm2n-11235469, networkLocation: /default-rack, certSerialId: null} reports an CLOSED replica.
2019-10-21 06:04:16,488 [EventQueue-ContainerReportForContainerReportHandler] WARN  container.ContainerReportHandler (AbstractContainerReportHandler.java:updateContainerState(145)) - Container #1 is in OPEN state, but the datanode 2de534ac-c407-4ec5-ab68-e4d0e1b50d95{ip: 192.168.34.63, host: pr-hdds-1868-wsm2n-11235469, networkLocation: /default-rack, certSerialId: null} reports an CLOSED replica.
2019-10-21 06:04:16,768 [BlockDeletingService#2] WARN  background.BlockDeletingService (BlockDeletingService.java:isDeletionAllowed(187)) - Close Container log Index 6 is not replicated across allthe servers in the pipeline 8f9e0d08-2118-49e4-bafd-58705ffbd881 as the min replicated index is 4. Deletion is not allowed in this container yet.
2019-10-21 06:04:16,769 [BlockDeletingService#2] WARN  background.BlockDeletingService (BlockDeletingService.java:isDeletionAllowed(187)) - Close Container log Index 6 is not replicated across allthe servers in the pipeline 8f9e0d08-2118-49e4-bafd-58705ffbd881 as the min replicated index is 4. Deletion is not allowed in this container yet.
2019-10-21 06:04:16,788 [EventQueue-ContainerReportForContainerReportHandler] WARN  container.ContainerReportHandler (AbstractContainerReportHandler.java:updateContainerState(145)) - Container #1 is in OPEN state, but the datanode 2de534ac-c407-4ec5-ab68-e4d0e1b50d95{ip: 192.168.34.63, host: pr-hdds-1868-wsm2n-11235469, networkLocation: /default-rack, certSerialId: null} reports an CLOSED replica.
2019-10-21 06:04:16,859 [EventQueue-ContainerReportForContainerReportHandler] WARN  container.ContainerReportHandler (AbstractContainerReportHandler.java:updateContainerState(145)) - Container #1 is in OPEN state, but the datanode 5389c291-9dbf-4ff3-95a2-a367bd79a92b{ip: 192.168.34.63, host: pr-hdds-1868-wsm2n-11235469, networkLocation: /default-rack, certSerialId: null} reports an CLOSED replica.
2019-10-21 06:04:17,159 [EventQueue-ContainerReportForContainerReportHandler] WARN  container.ContainerReportHandler (AbstractContainerReportHandler.java:updateContainerState(145)) - Container #1 is in OPEN state, but the datanode 5389c291-9dbf-4ff3-95a2-a367bd79a92b{ip: 192.168.34.63, host: pr-hdds-1868-wsm2n-11235469, networkLocation: /default-rack, certSerialId: null} reports an CLOSED replica.
2019-10-21 06:04:17,189 [EventQueue-ContainerReportForContainerReportHandler] WARN  container.ContainerReportHandler (AbstractContainerReportHandler.java:updateContainerState(145)) - Container #1 is in OPEN state, but the datanode 2de534ac-c407-4ec5-ab68-e4d0e1b50d95{ip: 192.168.34.63, host: pr-hdds-1868-wsm2n-11235469, networkLocation: /default-rack, certSerialId: null} reports an CLOSED replica.
2019-10-21 06:04:17,460 [EventQueue-ContainerReportForContainerReportHandler] WARN  container.ContainerReportHandler (AbstractContainerReportHandler.java:updateContainerState(145)) - Container #1 is in OPEN state, but the datanode 5389c291-9dbf-4ff3-95a2-a367bd79a92b{ip: 192.168.34.63, host: pr-hdds-1868-wsm2n-11235469, networkLocation: /default-rack, certSerialId: null} reports an CLOSED replica.
2019-10-21 06:04:17,490 [EventQueue-ContainerReportForContainerReportHandler] WARN  container.ContainerReportHandler (AbstractContainerReportHandler.java:updateContainerState(145)) - Container #1 is in OPEN state, but the datanode 2de534ac-c407-4ec5-ab68-e4d0e1b50d95{ip: 192.168.34.63, host: pr-hdds-1868-wsm2n-11235469, networkLocation: /default-rack, certSerialId: null} reports an CLOSED replica.
2019-10-21 06:04:17,661 [EventQueue-ContainerReportForContainerReportHandler] WARN  container.ContainerReportHandler (AbstractContainerReportHandler.java:updateContainerState(145)) - Container #1 is in OPEN state, but the datanode 5389c291-9dbf-4ff3-95a2-a367bd79a92b{ip: 192.168.34.63, host: pr-hdds-1868-wsm2n-11235469, networkLocation: /default-rack, certSerialId: null} reports an CLOSED replica.
2019-10-21 06:04:17,758 [Thread-403] INFO  client.GrpcClientProtocolService (GrpcClientProtocolService.java:lambda$processClientRequest$0(279)) - Failed RaftClientRequest:client-6D3018828CA9->5389c291-9dbf-4ff3-95a2-a367bd79a92b@group-58705FFBD881, cid=22, seq=0, Watch-ALL_COMMITTED(6), Message:<EMPTY>, reply=RaftClientReply:client-6D3018828CA9->5389c291-9dbf-4ff3-95a2-a367bd79a92b@group-58705FFBD881, cid=22, FAILED org.apache.ratis.protocol.NotReplicatedException: Request with call Id 22 and log index 6 is not yet replicated to ALL_COMMITTED, logIndex=6, commits[5389c291-9dbf-4ff3-95a2-a367bd79a92b:c10, 2de534ac-c407-4ec5-ab68-e4d0e1b50d95:c10, a588f1ac-0e88-414d-9361-c050928a17f1:c4]
2019-10-21 06:04:17,771 [BlockDeletingService#2] WARN  background.BlockDeletingService (BlockDeletingService.java:isDeletionAllowed(187)) - Close Container log Index 6 is not replicated across allthe servers in the pipeline 8f9e0d08-2118-49e4-bafd-58705ffbd881 as the min replicated index is 4. Deletion is not allowed in this container yet.
2019-10-21 06:04:17,771 [BlockDeletingService#2] WARN  background.BlockDeletingService (BlockDeletingService.java:isDeletionAllowed(187)) - Close Container log Index 6 is not replicated across allthe servers in the pipeline 8f9e0d08-2118-49e4-bafd-58705ffbd881 as the min replicated index is 4. Deletion is not allowed in this container yet.
2019-10-21 06:04:17,890 [EventQueue-ContainerReportForContainerReportHandler] WARN  container.ContainerReportHandler (AbstractContainerReportHandler.java:updateContainerState(145)) - Container #1 is in OPEN state, but the datanode 2de534ac-c407-4ec5-ab68-e4d0e1b50d95{ip: 192.168.34.63, host: pr-hdds-1868-wsm2n-11235469, networkLocation: /default-rack, certSerialId: null} reports an CLOSED replica.
2019-10-21 06:04:18,062 [EventQueue-ContainerReportForContainerReportHandler] WARN  container.ContainerReportHandler (AbstractContainerReportHandler.java:updateContainerState(145)) - Container #1 is in OPEN state, but the datanode 5389c291-9dbf-4ff3-95a2-a367bd79a92b{ip: 192.168.34.63, host: pr-hdds-1868-wsm2n-11235469, networkLocation: /default-rack, certSerialId: null} reports an CLOSED replica.
2019-10-21 06:04:18,190 [EventQueue-ContainerReportForContainerReportHandler] WARN  container.ContainerReportHandler (AbstractContainerReportHandler.java:updateContainerState(145)) - Container #1 is in OPEN state, but the datanode 2de534ac-c407-4ec5-ab68-e4d0e1b50d95{ip: 192.168.34.63, host: pr-hdds-1868-wsm2n-11235469, networkLocation: /default-rack, certSerialId: null} reports an CLOSED replica.
2019-10-21 06:04:18,461 [EventQueue-ContainerReportForContainerReportHandler] WARN  container.ContainerReportHandler (AbstractContainerReportHandler.java:updateContainerState(145)) - Container #1 is in OPEN state, but the datanode 5389c291-9dbf-4ff3-95a2-a367bd79a92b{ip: 192.168.34.63, host: pr-hdds-1868-wsm2n-11235469, networkLocation: /default-rack, certSerialId: null} reports an CLOSED replica.
2019-10-21 06:04:18,490 [EventQueue-ContainerReportForContainerReportHandler] WARN  container.ContainerReportHandler (AbstractContainerReportHandler.java:updateContainerState(145)) - Container #1 is in OPEN state, but the datanode 2de534ac-c407-4ec5-ab68-e4d0e1b50d95{ip: 192.168.34.63, host: pr-hdds-1868-wsm2n-11235469, networkLocation: /default-rack, certSerialId: null} reports an CLOSED replica.
2019-10-21 06:04:18,762 [EventQueue-ContainerReportForContainerReportHandler] WARN  container.ContainerReportHandler (AbstractContainerReportHandler.java:updateContainerState(145)) - Container #1 is in OPEN state, but the datanode 5389c291-9dbf-4ff3-95a2-a367bd79a92b{ip: 192.168.34.63, host: pr-hdds-1868-wsm2n-11235469, networkLocation: /default-rack, certSerialId: null} reports an CLOSED replica.
2019-10-21 06:04:18,773 [BlockDeletingService#2] WARN  background.BlockDeletingService (BlockDeletingService.java:isDeletionAllowed(187)) - Close Container log Index 6 is not replicated across allthe servers in the pipeline 8f9e0d08-2118-49e4-bafd-58705ffbd881 as the min replicated index is 4. Deletion is not allowed in this container yet.
2019-10-21 06:04:18,774 [BlockDeletingService#2] WARN  background.BlockDeletingService (BlockDeletingService.java:isDeletionAllowed(187)) - Close Container log Index 6 is not replicated across allthe servers in the pipeline 8f9e0d08-2118-49e4-bafd-58705ffbd881 as the min replicated index is 4. Deletion is not allowed in this container yet.
2019-10-21 06:04:18,790 [EventQueue-ContainerReportForContainerReportHandler] WARN  container.ContainerReportHandler (AbstractContainerReportHandler.java:updateContainerState(145)) - Container #1 is in OPEN state, but the datanode 2de534ac-c407-4ec5-ab68-e4d0e1b50d95{ip: 192.168.34.63, host: pr-hdds-1868-wsm2n-11235469, networkLocation: /default-rack, certSerialId: null} reports an CLOSED replica.
2019-10-21 06:04:18,903 [java.util.concurrent.ThreadPoolExecutor$Worker@29bf4258[State = -1, empty queue]] WARN  server.GrpcLogAppender (GrpcLogAppender.java:timeoutAppendRequest(209)) - 5389c291-9dbf-4ff3-95a2-a367bd79a92b@group-58705FFBD881->a588f1ac-0e88-414d-9361-c050928a17f1-GrpcLogAppender: appendEntries Timeout, request=5389c291-9dbf-4ff3-95a2-a367bd79a92b->a588f1ac-0e88-414d-9361-c050928a17f1#32-t1, previous=(t:1, i:10), leaderCommit=10, initializing? false, entries: <empty>
2019-10-21 06:04:18,962 [EventQueue-ContainerReportForContainerReportHandler] WARN  container.ContainerReportHandler (AbstractContainerReportHandler.java:updateContainerState(145)) - Container #1 is in OPEN state, but the datanode 5389c291-9dbf-4ff3-95a2-a367bd79a92b{ip: 192.168.34.63, host: pr-hdds-1868-wsm2n-11235469, networkLocation: /default-rack, certSerialId: null} reports an CLOSED replica.
2019-10-21 06:04:19,089 [EventQueue-ContainerReportForContainerReportHandler] WARN  container.ContainerReportHandler (AbstractContainerReportHandler.java:updateContainerState(145)) - Container #1 is in OPEN state, but the datanode 2de534ac-c407-4ec5-ab68-e4d0e1b50d95{ip: 192.168.34.63, host: pr-hdds-1868-wsm2n-11235469, networkLocation: /default-rack, certSerialId: null} reports an CLOSED replica.
2019-10-21 06:04:19,262 [EventQueue-ContainerReportForContainerReportHandler] WARN  container.ContainerReportHandler (AbstractContainerReportHandler.java:updateContainerState(145)) - Container #1 is in OPEN state, but the datanode 5389c291-9dbf-4ff3-95a2-a367bd79a92b{ip: 192.168.34.63, host: pr-hdds-1868-wsm2n-11235469, networkLocation: /default-rack, certSerialId: null} reports an CLOSED replica.
2019-10-21 06:04:19,290 [EventQueue-ContainerReportForContainerReportHandler] WARN  container.ContainerReportHandler (AbstractContainerReportHandler.java:updateContainerState(145)) - Container #1 is in OPEN state, but the datanode 2de534ac-c407-4ec5-ab68-e4d0e1b50d95{ip: 192.168.34.63, host: pr-hdds-1868-wsm2n-11235469, networkLocation: /default-rack, certSerialId: null} reports an CLOSED replica.
2019-10-21 06:04:19,563 [EventQueue-ContainerReportForContainerReportHandler] WARN  container.ContainerReportHandler (AbstractContainerReportHandler.java:updateContainerState(145)) - Container #1 is in OPEN state, but the datanode 5389c291-9dbf-4ff3-95a2-a367bd79a92b{ip: 192.168.34.63, host: pr-hdds-1868-wsm2n-11235469, networkLocation: /default-rack, certSerialId: null} reports an CLOSED replica.
2019-10-21 06:04:19,690 [EventQueue-ContainerReportForContainerReportHandler] WARN  container.ContainerReportHandler (AbstractContainerReportHandler.java:updateContainerState(145)) - Container #1 is in OPEN state, but the datanode 2de534ac-c407-4ec5-ab68-e4d0e1b50d95{ip: 192.168.34.63, host: pr-hdds-1868-wsm2n-11235469, networkLocation: /default-rack, certSerialId: null} reports an CLOSED replica.
2019-10-21 06:04:19,775 [BlockDeletingService#2] WARN  background.BlockDeletingService (BlockDeletingService.java:isDeletionAllowed(187)) - Close Container log Index 6 is not replicated across allthe servers in the pipeline 8f9e0d08-2118-49e4-bafd-58705ffbd881 as the min replicated index is 4. Deletion is not allowed in this container yet.
2019-10-21 06:04:19,775 [BlockDeletingService#2] WARN  background.BlockDeletingService (BlockDeletingService.java:isDeletionAllowed(187)) - Close Container log Index 6 is not replicated across allthe servers in the pipeline 8f9e0d08-2118-49e4-bafd-58705ffbd881 as the min replicated index is 4. Deletion is not allowed in this container yet.
2019-10-21 06:04:19,964 [EventQueue-ContainerReportForContainerReportHandler] WARN  container.ContainerReportHandler (AbstractContainerReportHandler.java:updateContainerState(145)) - Container #1 is in OPEN state, but the datanode 5389c291-9dbf-4ff3-95a2-a367bd79a92b{ip: 192.168.34.63, host: pr-hdds-1868-wsm2n-11235469, networkLocation: /default-rack, certSerialId: null} reports an CLOSED replica.
2019-10-21 06:04:19,991 [EventQueue-ContainerReportForContainerReportHandler] WARN  container.ContainerReportHandler (AbstractContainerReportHandler.java:updateContainerState(145)) - Container #1 is in OPEN state, but the datanode 2de534ac-c407-4ec5-ab68-e4d0e1b50d95{ip: 192.168.34.63, host: pr-hdds-1868-wsm2n-11235469, networkLocation: /default-rack, certSerialId: null} reports an CLOSED replica.
2019-10-21 06:04:20,262 [EventQueue-ContainerReportForContainerReportHandler] WARN  container.ContainerReportHandler (AbstractContainerReportHandler.java:updateContainerState(145)) - Container #1 is in OPEN state, but the datanode 5389c291-9dbf-4ff3-95a2-a367bd79a92b{ip: 192.168.34.63, host: pr-hdds-1868-wsm2n-11235469, networkLocation: /default-rack, certSerialId: null} reports an CLOSED replica.
2019-10-21 06:04:20,392 [EventQueue-ContainerReportForContainerReportHandler] WARN  container.ContainerReportHandler (AbstractContainerReportHandler.java:updateContainerState(145)) - Container #1 is in OPEN state, but the datanode 2de534ac-c407-4ec5-ab68-e4d0e1b50d95{ip: 192.168.34.63, host: pr-hdds-1868-wsm2n-11235469, networkLocation: /default-rack, certSerialId: null} reports an CLOSED replica.
2019-10-21 06:04:20,462 [EventQueue-ContainerReportForContainerReportHandler] WARN  container.ContainerReportHandler (AbstractContainerReportHandler.java:updateContainerState(145)) - Container #1 is in OPEN state, but the datanode 5389c291-9dbf-4ff3-95a2-a367bd79a92b{ip: 192.168.34.63, host: pr-hdds-1868-wsm2n-11235469, networkLocation: /default-rack, certSerialId: null} reports an CLOSED replica.
2019-10-21 06:04:20,592 [EventQueue-ContainerReportForContainerReportHandler] WARN  container.ContainerReportHandler (AbstractContainerReportHandler.java:updateContainerState(145)) - Container #1 is in OPEN state, but the datanode 2de534ac-c407-4ec5-ab68-e4d0e1b50d95{ip: 192.168.34.63, host: pr-hdds-1868-wsm2n-11235469, networkLocation: /default-rack, certSerialId: null} reports an CLOSED replica.
2019-10-21 06:04:20,763 [EventQueue-ContainerReportForContainerReportHandler] WARN  container.ContainerReportHandler (AbstractContainerReportHandler.java:updateContainerState(145)) - Container #1 is in OPEN state, but the datanode 5389c291-9dbf-4ff3-95a2-a367bd79a92b{ip: 192.168.34.63, host: pr-hdds-1868-wsm2n-11235469, networkLocation: /default-rack, certSerialId: null} reports an CLOSED replica.
2019-10-21 06:04:20,778 [BlockDeletingService#2] WARN  background.BlockDeletingService (BlockDeletingService.java:isDeletionAllowed(187)) - Close Container log Index 6 is not replicated across allthe servers in the pipeline 8f9e0d08-2118-49e4-bafd-58705ffbd881 as the min replicated index is 4. Deletion is not allowed in this container yet.
2019-10-21 06:04:20,778 [BlockDeletingService#2] WARN  background.BlockDeletingService (BlockDeletingService.java:isDeletionAllowed(187)) - Close Container log Index 6 is not replicated across allthe servers in the pipeline 8f9e0d08-2118-49e4-bafd-58705ffbd881 as the min replicated index is 4. Deletion is not allowed in this container yet.
2019-10-21 06:04:20,792 [EventQueue-ContainerReportForContainerReportHandler] WARN  container.ContainerReportHandler (AbstractContainerReportHandler.java:updateContainerState(145)) - Container #1 is in OPEN state, but the datanode 2de534ac-c407-4ec5-ab68-e4d0e1b50d95{ip: 192.168.34.63, host: pr-hdds-1868-wsm2n-11235469, networkLocation: /default-rack, certSerialId: null} reports an CLOSED replica.
2019-10-21 06:04:20,963 [EventQueue-ContainerReportForContainerReportHandler] WARN  container.ContainerReportHandler (AbstractContainerReportHandler.java:updateContainerState(145)) - Container #1 is in OPEN state, but the datanode 5389c291-9dbf-4ff3-95a2-a367bd79a92b{ip: 192.168.34.63, host: pr-hdds-1868-wsm2n-11235469, networkLocation: /default-rack, certSerialId: null} reports an CLOSED replica.
2019-10-21 06:04:21,095 [EventQueue-ContainerReportForContainerReportHandler] WARN  container.ContainerReportHandler (AbstractContainerReportHandler.java:updateContainerState(145)) - Container #1 is in OPEN state, but the datanode 2de534ac-c407-4ec5-ab68-e4d0e1b50d95{ip: 192.168.34.63, host: pr-hdds-1868-wsm2n-11235469, networkLocation: /default-rack, certSerialId: null} reports an CLOSED replica.
2019-10-21 06:04:21,364 [EventQueue-ContainerReportForContainerReportHandler] WARN  container.ContainerReportHandler (AbstractContainerReportHandler.java:updateContainerState(145)) - Container #1 is in OPEN state, but the datanode 5389c291-9dbf-4ff3-95a2-a367bd79a92b{ip: 192.168.34.63, host: pr-hdds-1868-wsm2n-11235469, networkLocation: /default-rack, certSerialId: null} reports an CLOSED replica.
2019-10-21 06:04:21,404 [java.util.concurrent.ThreadPoolExecutor$Worker@29bf4258[State = -1, empty queue]] WARN  server.GrpcLogAppender (GrpcLogAppender.java:timeoutAppendRequest(209)) - 5389c291-9dbf-4ff3-95a2-a367bd79a92b@group-58705FFBD881->a588f1ac-0e88-414d-9361-c050928a17f1-GrpcLogAppender: appendEntries Timeout, request=5389c291-9dbf-4ff3-95a2-a367bd79a92b->a588f1ac-0e88-414d-9361-c050928a17f1#33-t1, previous=(t:1, i:10), leaderCommit=10, initializing? false, entries: <empty>
2019-10-21 06:04:21,495 [EventQueue-ContainerReportForContainerReportHandler] WARN  container.ContainerReportHandler (AbstractContainerReportHandler.java:updateContainerState(145)) - Container #1 is in OPEN state, but the datanode 2de534ac-c407-4ec5-ab68-e4d0e1b50d95{ip: 192.168.34.63, host: pr-hdds-1868-wsm2n-11235469, networkLocation: /default-rack, certSerialId: null} reports an CLOSED replica.
2019-10-21 06:04:21,565 [EventQueue-ContainerReportForContainerReportHandler] WARN  container.ContainerReportHandler (AbstractContainerReportHandler.java:updateContainerState(145)) - Container #1 is in OPEN state, but the datanode 5389c291-9dbf-4ff3-95a2-a367bd79a92b{ip: 192.168.34.63, host: pr-hdds-1868-wsm2n-11235469, networkLocation: /default-rack, certSerialId: null} reports an CLOSED replica.
2019-10-21 06:04:21,695 [EventQueue-ContainerReportForContainerReportHandler] WARN  container.ContainerReportHandler (AbstractContainerReportHandler.java:updateContainerState(145)) - Container #1 is in OPEN state, but the datanode 2de534ac-c407-4ec5-ab68-e4d0e1b50d95{ip: 192.168.34.63, host: pr-hdds-1868-wsm2n-11235469, networkLocation: /default-rack, certSerialId: null} reports an CLOSED replica.
2019-10-21 06:04:21,802 [BlockDeletingService#2] WARN  background.BlockDeletingService (BlockDeletingService.java:isDeletionAllowed(187)) - Close Container log Index 6 is not replicated across allthe servers in the pipeline 8f9e0d08-2118-49e4-bafd-58705ffbd881 as the min replicated index is 4. Deletion is not allowed in this container yet.
2019-10-21 06:04:21,802 [BlockDeletingService#2] WARN  background.BlockDeletingService (BlockDeletingService.java:isDeletionAllowed(187)) - Close Container log Index 6 is not replicated across allthe servers in the pipeline 8f9e0d08-2118-49e4-bafd-58705ffbd881 as the min replicated index is 4. Deletion is not allowed in this container yet.
2019-10-21 06:04:21,865 [EventQueue-ContainerReportForContainerReportHandler] WARN  container.ContainerReportHandler (AbstractContainerReportHandler.java:updateContainerState(145)) - Container #1 is in OPEN state, but the datanode 5389c291-9dbf-4ff3-95a2-a367bd79a92b{ip: 192.168.34.63, host: pr-hdds-1868-wsm2n-11235469, networkLocation: /default-rack, certSerialId: null} reports an CLOSED replica.
2019-10-21 06:04:21,896 [EventQueue-ContainerReportForContainerReportHandler] WARN  container.ContainerReportHandler (AbstractContainerReportHandler.java:updateContainerState(145)) - Container #1 is in OPEN state, but the datanode 2de534ac-c407-4ec5-ab68-e4d0e1b50d95{ip: 192.168.34.63, host: pr-hdds-1868-wsm2n-11235469, networkLocation: /default-rack, certSerialId: null} reports an CLOSED replica.
2019-10-21 06:04:22,165 [EventQueue-ContainerReportForContainerReportHandler] WARN  container.ContainerReportHandler (AbstractContainerReportHandler.java:updateContainerState(145)) - Container #1 is in OPEN state, but the datanode 5389c291-9dbf-4ff3-95a2-a367bd79a92b{ip: 192.168.34.63, host: pr-hdds-1868-wsm2n-11235469, networkLocation: /default-rack, certSerialId: null} reports an CLOSED replica.
2019-10-21 06:04:22,196 [EventQueue-ContainerReportForContainerReportHandler] WARN  container.ContainerReportHandler (AbstractContainerReportHandler.java:updateContainerState(145)) - Container #1 is in OPEN state, but the datanode 2de534ac-c407-4ec5-ab68-e4d0e1b50d95{ip: 192.168.34.63, host: pr-hdds-1868-wsm2n-11235469, networkLocation: /default-rack, certSerialId: null} reports an CLOSED replica.
2019-10-21 06:04:22,364 [EventQueue-ContainerReportForContainerReportHandler] WARN  container.ContainerReportHandler (AbstractContainerReportHandler.java:updateContainerState(145)) - Container #1 is in OPEN state, but the datanode 5389c291-9dbf-4ff3-95a2-a367bd79a92b{ip: 192.168.34.63, host: pr-hdds-1868-wsm2n-11235469, networkLocation: /default-rack, certSerialId: null} reports an CLOSED replica.
2019-10-21 06:04:22,497 [EventQueue-ContainerReportForContainerReportHandler] WARN  container.ContainerReportHandler (AbstractContainerReportHandler.java:updateContainerState(145)) - Container #1 is in OPEN state, but the datanode 2de534ac-c407-4ec5-ab68-e4d0e1b50d95{ip: 192.168.34.63, host: pr-hdds-1868-wsm2n-11235469, networkLocation: /default-rack, certSerialId: null} reports an CLOSED replica.
2019-10-21 06:04:22,764 [EventQueue-ContainerReportForContainerReportHandler] WARN  container.ContainerReportHandler (AbstractContainerReportHandler.java:updateContainerState(145)) - Container #1 is in OPEN state, but the datanode 5389c291-9dbf-4ff3-95a2-a367bd79a92b{ip: 192.168.34.63, host: pr-hdds-1868-wsm2n-11235469, networkLocation: /default-rack, certSerialId: null} reports an CLOSED replica.
2019-10-21 06:04:22,803 [BlockDeletingService#2] WARN  background.BlockDeletingService (BlockDeletingService.java:isDeletionAllowed(187)) - Close Container log Index 6 is not replicated across allthe servers in the pipeline 8f9e0d08-2118-49e4-bafd-58705ffbd881 as the min replicated index is 4. Deletion is not allowed in this container yet.
2019-10-21 06:04:22,803 [BlockDeletingService#2] WARN  background.BlockDeletingService (BlockDeletingService.java:isDeletionAllowed(187)) - Close Container log Index 6 is not replicated across allthe servers in the pipeline 8f9e0d08-2118-49e4-bafd-58705ffbd881 as the min replicated index is 4. Deletion is not allowed in this container yet.
2019-10-21 06:04:22,896 [EventQueue-ContainerReportForContainerReportHandler] WARN  container.ContainerReportHandler (AbstractContainerReportHandler.java:updateContainerState(145)) - Container #1 is in OPEN state, but the datanode 2de534ac-c407-4ec5-ab68-e4d0e1b50d95{ip: 192.168.34.63, host: pr-hdds-1868-wsm2n-11235469, networkLocation: /default-rack, certSerialId: null} reports an CLOSED replica.
2019-10-21 06:04:23,065 [EventQueue-ContainerReportForContainerReportHandler] WARN  container.ContainerReportHandler (AbstractContainerReportHandler.java:updateContainerState(145)) - Container #1 is in OPEN state, but the datanode 5389c291-9dbf-4ff3-95a2-a367bd79a92b{ip: 192.168.34.63, host: pr-hdds-1868-wsm2n-11235469, networkLocation: /default-rack, certSerialId: null} reports an CLOSED replica.
2019-10-21 06:04:23,197 [EventQueue-ContainerReportForContainerReportHandler] WARN  container.ContainerReportHandler (AbstractContainerReportHandler.java:updateContainerState(145)) - Container #1 is in OPEN state, but the datanode 2de534ac-c407-4ec5-ab68-e4d0e1b50d95{ip: 192.168.34.63, host: pr-hdds-1868-wsm2n-11235469, networkLocation: /default-rack, certSerialId: null} reports an CLOSED replica.
2019-10-21 06:04:23,364 [EventQueue-ContainerReportForContainerReportHandler] WARN  container.ContainerReportHandler (AbstractContainerReportHandler.java:updateContainerState(145)) - Container #1 is in OPEN state, but the datanode 5389c291-9dbf-4ff3-95a2-a367bd79a92b{ip: 192.168.34.63, host: pr-hdds-1868-wsm2n-11235469, networkLocation: /default-rack, certSerialId: null} reports an CLOSED replica.
2019-10-21 06:04:23,496 [EventQueue-ContainerReportForContainerReportHandler] WARN  container.ContainerReportHandler (AbstractContainerReportHandler.java:updateContainerState(145)) - Container #1 is in OPEN state, but the datanode 2de534ac-c407-4ec5-ab68-e4d0e1b50d95{ip: 192.168.34.63, host: pr-hdds-1868-wsm2n-11235469, networkLocation: /default-rack, certSerialId: null} reports an CLOSED replica.
2019-10-21 06:04:23,665 [EventQueue-ContainerReportForContainerReportHandler] WARN  container.ContainerReportHandler (AbstractContainerReportHandler.java:updateContainerState(145)) - Container #1 is in OPEN state, but the datanode 5389c291-9dbf-4ff3-95a2-a367bd79a92b{ip: 192.168.34.63, host: pr-hdds-1868-wsm2n-11235469, networkLocation: /default-rack, certSerialId: null} reports an CLOSED replica.
2019-10-21 06:04:23,796 [EventQueue-ContainerReportForContainerReportHandler] WARN  container.ContainerReportHandler (AbstractContainerReportHandler.java:updateContainerState(145)) - Container #1 is in OPEN state, but the datanode 2de534ac-c407-4ec5-ab68-e4d0e1b50d95{ip: 192.168.34.63, host: pr-hdds-1868-wsm2n-11235469, networkLocation: /default-rack, certSerialId: null} reports an CLOSED replica.
2019-10-21 06:04:23,805 [BlockDeletingService#2] WARN  background.BlockDeletingService (BlockDeletingService.java:isDeletionAllowed(187)) - Close Container log Index 6 is not replicated across allthe servers in the pipeline 8f9e0d08-2118-49e4-bafd-58705ffbd881 as the min replicated index is 4. Deletion is not allowed in this container yet.
2019-10-21 06:04:23,805 [BlockDeletingService#2] WARN  background.BlockDeletingService (BlockDeletingService.java:isDeletionAllowed(187)) - Close Container log Index 6 is not replicated across allthe servers in the pipeline 8f9e0d08-2118-49e4-bafd-58705ffbd881 as the min replicated index is 4. Deletion is not allowed in this container yet.
2019-10-21 06:04:23,906 [java.util.concurrent.ThreadPoolExecutor$Worker@29bf4258[State = -1, empty queue]] WARN  server.GrpcLogAppender (GrpcLogAppender.java:timeoutAppendRequest(209)) - 5389c291-9dbf-4ff3-95a2-a367bd79a92b@group-58705FFBD881->a588f1ac-0e88-414d-9361-c050928a17f1-GrpcLogAppender: appendEntries Timeout, request=5389c291-9dbf-4ff3-95a2-a367bd79a92b->a588f1ac-0e88-414d-9361-c050928a17f1#34-t1, previous=(t:1, i:10), leaderCommit=10, initializing? false, entries: <empty>
2019-10-21 06:04:23,965 [EventQueue-ContainerReportForContainerReportHandler] WARN  container.ContainerReportHandler (AbstractContainerReportHandler.java:updateContainerState(145)) - Container #1 is in OPEN state, but the datanode 5389c291-9dbf-4ff3-95a2-a367bd79a92b{ip: 192.168.34.63, host: pr-hdds-1868-wsm2n-11235469, networkLocation: /default-rack, certSerialId: null} reports an CLOSED replica.
2019-10-21 06:04:24,196 [EventQueue-ContainerReportForContainerReportHandler] WARN  container.ContainerReportHandler (AbstractContainerReportHandler.java:updateContainerState(145)) - Container #1 is in OPEN state, but the datanode 2de534ac-c407-4ec5-ab68-e4d0e1b50d95{ip: 192.168.34.63, host: pr-hdds-1868-wsm2n-11235469, networkLocation: /default-rack, certSerialId: null} reports an CLOSED replica.
2019-10-21 06:04:24,266 [EventQueue-ContainerReportForContainerReportHandler] WARN  container.ContainerReportHandler (AbstractContainerReportHandler.java:updateContainerState(145)) - Container #1 is in OPEN state, but the datanode 5389c291-9dbf-4ff3-95a2-a367bd79a92b{ip: 192.168.34.63, host: pr-hdds-1868-wsm2n-11235469, networkLocation: /default-rack, certSerialId: null} reports an CLOSED replica.
2019-10-21 06:04:24,466 [EventQueue-ContainerReportForContainerReportHandler] WARN  container.ContainerReportHandler (AbstractContainerReportHandler.java:updateContainerState(145)) - Container #1 is in OPEN state, but the datanode 5389c291-9dbf-4ff3-95a2-a367bd79a92b{ip: 192.168.34.63, host: pr-hdds-1868-wsm2n-11235469, networkLocation: /default-rack, certSerialId: null} reports an CLOSED replica.
2019-10-21 06:04:24,597 [EventQueue-ContainerReportForContainerReportHandler] WARN  container.ContainerReportHandler (AbstractContainerReportHandler.java:updateContainerState(145)) - Container #1 is in OPEN state, but the datanode 2de534ac-c407-4ec5-ab68-e4d0e1b50d95{ip: 192.168.34.63, host: pr-hdds-1868-wsm2n-11235469, networkLocation: /default-rack, certSerialId: null} reports an CLOSED replica.
2019-10-21 06:04:24,766 [EventQueue-ContainerReportForContainerReportHandler] WARN  container.ContainerReportHandler (AbstractContainerReportHandler.java:updateContainerState(145)) - Container #1 is in OPEN state, but the datanode 5389c291-9dbf-4ff3-95a2-a367bd79a92b{ip: 192.168.34.63, host: pr-hdds-1868-wsm2n-11235469, networkLocation: /default-rack, certSerialId: null} reports an CLOSED replica.
2019-10-21 06:04:24,807 [BlockDeletingService#2] WARN  background.BlockDeletingService (BlockDeletingService.java:isDeletionAllowed(187)) - Close Container log Index 6 is not replicated across allthe servers in the pipeline 8f9e0d08-2118-49e4-bafd-58705ffbd881 as the min replicated index is 4. Deletion is not allowed in this container yet.
2019-10-21 06:04:24,807 [BlockDeletingService#2] WARN  background.BlockDeletingService (BlockDeletingService.java:isDeletionAllowed(187)) - Close Container log Index 6 is not replicated across allthe servers in the pipeline 8f9e0d08-2118-49e4-bafd-58705ffbd881 as the min replicated index is 4. Deletion is not allowed in this container yet.
2019-10-21 06:04:24,897 [EventQueue-ContainerReportForContainerReportHandler] WARN  container.ContainerReportHandler (AbstractContainerReportHandler.java:updateContainerState(145)) - Container #1 is in OPEN state, but the datanode 2de534ac-c407-4ec5-ab68-e4d0e1b50d95{ip: 192.168.34.63, host: pr-hdds-1868-wsm2n-11235469, networkLocation: /default-rack, certSerialId: null} reports an CLOSED replica.
2019-10-21 06:04:24,966 [EventQueue-ContainerReportForContainerReportHandler] WARN  container.ContainerReportHandler (AbstractContainerReportHandler.java:updateContainerState(145)) - Container #1 is in OPEN state, but the datanode 5389c291-9dbf-4ff3-95a2-a367bd79a92b{ip: 192.168.34.63, host: pr-hdds-1868-wsm2n-11235469, networkLocation: /default-rack, certSerialId: null} reports an CLOSED replica.
2019-10-21 06:04:25,097 [EventQueue-ContainerReportForContainerReportHandler] WARN  container.ContainerReportHandler (AbstractContainerReportHandler.java:updateContainerState(145)) - Container #1 is in OPEN state, but the datanode 2de534ac-c407-4ec5-ab68-e4d0e1b50d95{ip: 192.168.34.63, host: pr-hdds-1868-wsm2n-11235469, networkLocation: /default-rack, certSerialId: null} reports an CLOSED replica.
2019-10-21 06:04:25,167 [EventQueue-ContainerReportForContainerReportHandler] WARN  container.ContainerReportHandler (AbstractContainerReportHandler.java:updateContainerState(145)) - Container #1 is in OPEN state, but the datanode 5389c291-9dbf-4ff3-95a2-a367bd79a92b{ip: 192.168.34.63, host: pr-hdds-1868-wsm2n-11235469, networkLocation: /default-rack, certSerialId: null} reports an CLOSED replica.
2019-10-21 06:04:25,396 [EventQueue-ContainerReportForContainerReportHandler] WARN  container.ContainerReportHandler (AbstractContainerReportHandler.java:updateContainerState(145)) - Container #1 is in OPEN state, but the datanode 2de534ac-c407-4ec5-ab68-e4d0e1b50d95{ip: 192.168.34.63, host: pr-hdds-1868-wsm2n-11235469, networkLocation: /default-rack, certSerialId: null} reports an CLOSED replica.
2019-10-21 06:04:25,487 [Thread-425] INFO  client.GrpcClientProtocolService (GrpcClientProtocolService.java:lambda$processClientRequest$0(279)) - Failed RaftClientRequest:client-6D3018828CA9->2de534ac-c407-4ec5-ab68-e4d0e1b50d95@group-58705FFBD881, cid=22, seq=0, Watch-ALL_COMMITTED(6), Message:<EMPTY>, reply=RaftClientReply:client-6D3018828CA9->2de534ac-c407-4ec5-ab68-e4d0e1b50d95@group-58705FFBD881, cid=22, FAILED org.apache.ratis.protocol.NotLeaderException: Server 2de534ac-c407-4ec5-ab68-e4d0e1b50d95@group-58705FFBD881 is not the leader 5389c291-9dbf-4ff3-95a2-a367bd79a92b:192.168.34.63:45480, logIndex=0, commits[2de534ac-c407-4ec5-ab68-e4d0e1b50d95:c10, 5389c291-9dbf-4ff3-95a2-a367bd79a92b:c10, a588f1ac-0e88-414d-9361-c050928a17f1:c4]
2019-10-21 06:04:25,569 [EventQueue-ContainerReportForContainerReportHandler] WARN  container.ContainerReportHandler (AbstractContainerReportHandler.java:updateContainerState(145)) - Container #1 is in OPEN state, but the datanode 5389c291-9dbf-4ff3-95a2-a367bd79a92b{ip: 192.168.34.63, host: pr-hdds-1868-wsm2n-11235469, networkLocation: /default-rack, certSerialId: null} reports an CLOSED replica.
2019-10-21 06:04:25,596 [EventQueue-ContainerReportForContainerReportHandler] WARN  container.ContainerReportHandler (AbstractContainerReportHandler.java:updateContainerState(145)) - Container #1 is in OPEN state, but the datanode 2de534ac-c407-4ec5-ab68-e4d0e1b50d95{ip: 192.168.34.63, host: pr-hdds-1868-wsm2n-11235469, networkLocation: /default-rack, certSerialId: null} reports an CLOSED replica.
2019-10-21 06:04:25,770 [EventQueue-ContainerReportForContainerReportHandler] WARN  container.ContainerReportHandler (AbstractContainerReportHandler.java:updateContainerState(145)) - Container #1 is in OPEN state, but the datanode 5389c291-9dbf-4ff3-95a2-a367bd79a92b{ip: 192.168.34.63, host: pr-hdds-1868-wsm2n-11235469, networkLocation: /default-rack, certSerialId: null} reports an CLOSED replica.
2019-10-21 06:04:25,809 [BlockDeletingService#2] WARN  background.BlockDeletingService (BlockDeletingService.java:isDeletionAllowed(187)) - Close Container log Index 6 is not replicated across allthe servers in the pipeline 8f9e0d08-2118-49e4-bafd-58705ffbd881 as the min replicated index is 4. Deletion is not allowed in this container yet.
2019-10-21 06:04:25,809 [BlockDeletingService#2] WARN  background.BlockDeletingService (BlockDeletingService.java:isDeletionAllowed(187)) - Close Container log Index 6 is not replicated across allthe servers in the pipeline 8f9e0d08-2118-49e4-bafd-58705ffbd881 as the min replicated index is 4. Deletion is not allowed in this container yet.
2019-10-21 06:04:25,896 [EventQueue-ContainerReportForContainerReportHandler] WARN  container.ContainerReportHandler (AbstractContainerReportHandler.java:updateContainerState(145)) - Container #1 is in OPEN state, but the datanode 2de534ac-c407-4ec5-ab68-e4d0e1b50d95{ip: 192.168.34.63, host: pr-hdds-1868-wsm2n-11235469, networkLocation: /default-rack, certSerialId: null} reports an CLOSED replica.
2019-10-21 06:04:26,069 [EventQueue-ContainerReportForContainerReportHandler] WARN  container.ContainerReportHandler (AbstractContainerReportHandler.java:updateContainerState(145)) - Container #1 is in OPEN state, but the datanode 5389c291-9dbf-4ff3-95a2-a367bd79a92b{ip: 192.168.34.63, host: pr-hdds-1868-wsm2n-11235469, networkLocation: /default-rack, certSerialId: null} reports an CLOSED replica.
2019-10-21 06:04:26,198 [EventQueue-ContainerReportForContainerReportHandler] WARN  container.ContainerReportHandler (AbstractContainerReportHandler.java:updateContainerState(145)) - Container #1 is in OPEN state, but the datanode 2de534ac-c407-4ec5-ab68-e4d0e1b50d95{ip: 192.168.34.63, host: pr-hdds-1868-wsm2n-11235469, networkLocation: /default-rack, certSerialId: null} reports an CLOSED replica.
2019-10-21 06:04:26,370 [EventQueue-ContainerReportForContainerReportHandler] WARN  container.ContainerReportHandler (AbstractContainerReportHandler.java:updateContainerState(145)) - Container #1 is in OPEN state, but the datanode 5389c291-9dbf-4ff3-95a2-a367bd79a92b{ip: 192.168.34.63, host: pr-hdds-1868-wsm2n-11235469, networkLocation: /default-rack, certSerialId: null} reports an CLOSED replica.
2019-10-21 06:04:26,407 [java.util.concurrent.ThreadPoolExecutor$Worker@29bf4258[State = -1, empty queue]] WARN  server.GrpcLogAppender (GrpcLogAppender.java:timeoutAppendRequest(209)) - 5389c291-9dbf-4ff3-95a2-a367bd79a92b@group-58705FFBD881->a588f1ac-0e88-414d-9361-c050928a17f1-GrpcLogAppender: appendEntries Timeout, request=5389c291-9dbf-4ff3-95a2-a367bd79a92b->a588f1ac-0e88-414d-9361-c050928a17f1#35-t1, previous=(t:1, i:10), leaderCommit=10, initializing? false, entries: <empty>
2019-10-21 06:04:26,498 [EventQueue-ContainerReportForContainerReportHandler] WARN  container.ContainerReportHandler (AbstractContainerReportHandler.java:updateContainerState(145)) - Container #1 is in OPEN state, but the datanode 2de534ac-c407-4ec5-ab68-e4d0e1b50d95{ip: 192.168.34.63, host: pr-hdds-1868-wsm2n-11235469, networkLocation: /default-rack, certSerialId: null} reports an CLOSED replica.
2019-10-21 06:04:26,670 [EventQueue-ContainerReportForContainerReportHandler] WARN  container.ContainerReportHandler (AbstractContainerReportHandler.java:updateContainerState(145)) - Container #1 is in OPEN state, but the datanode 5389c291-9dbf-4ff3-95a2-a367bd79a92b{ip: 192.168.34.63, host: pr-hdds-1868-wsm2n-11235469, networkLocation: /default-rack, certSerialId: null} reports an CLOSED replica.
2019-10-21 06:04:26,756 [Thread-431] INFO  client.GrpcClientProtocolService (GrpcClientProtocolService.java:lambda$processClientRequest$0(279)) - Failed RaftClientRequest:client-6D3018828CA9->5389c291-9dbf-4ff3-95a2-a367bd79a92b@group-58705FFBD881, cid=22, seq=0, Watch-ALL_COMMITTED(6), Message:<EMPTY>, reply=RaftClientReply:client-6D3018828CA9->5389c291-9dbf-4ff3-95a2-a367bd79a92b@group-58705FFBD881, cid=22, FAILED org.apache.ratis.protocol.NotReplicatedException: Request with call Id 22 and log index 6 is not yet replicated to ALL_COMMITTED, logIndex=6, commits[5389c291-9dbf-4ff3-95a2-a367bd79a92b:c10, 2de534ac-c407-4ec5-ab68-e4d0e1b50d95:c10, a588f1ac-0e88-414d-9361-c050928a17f1:c4]
2019-10-21 06:04:26,798 [EventQueue-ContainerReportForContainerReportHandler] WARN  container.ContainerReportHandler (AbstractContainerReportHandler.java:updateContainerState(145)) - Container #1 is in OPEN state, but the datanode 2de534ac-c407-4ec5-ab68-e4d0e1b50d95{ip: 192.168.34.63, host: pr-hdds-1868-wsm2n-11235469, networkLocation: /default-rack, certSerialId: null} reports an CLOSED replica.
2019-10-21 06:04:26,814 [BlockDeletingService#2] WARN  background.BlockDeletingService (BlockDeletingService.java:isDeletionAllowed(187)) - Close Container log Index 6 is not replicated across allthe servers in the pipeline 8f9e0d08-2118-49e4-bafd-58705ffbd881 as the min replicated index is 4. Deletion is not allowed in this container yet.
2019-10-21 06:04:26,815 [BlockDeletingService#2] WARN  background.BlockDeletingService (BlockDeletingService.java:isDeletionAllowed(187)) - Close Container log Index 6 is not replicated across allthe servers in the pipeline 8f9e0d08-2118-49e4-bafd-58705ffbd881 as the min replicated index is 4. Deletion is not allowed in this container yet.
2019-10-21 06:04:26,970 [EventQueue-ContainerReportForContainerReportHandler] WARN  container.ContainerReportHandler (AbstractContainerReportHandler.java:updateContainerState(145)) - Container #1 is in OPEN state, but the datanode 5389c291-9dbf-4ff3-95a2-a367bd79a92b{ip: 192.168.34.63, host: pr-hdds-1868-wsm2n-11235469, networkLocation: /default-rack, certSerialId: null} reports an CLOSED replica.
2019-10-21 06:04:27,198 [EventQueue-ContainerReportForContainerReportHandler] WARN  container.ContainerReportHandler (AbstractContainerReportHandler.java:updateContainerState(145)) - Container #1 is in OPEN state, but the datanode 2de534ac-c407-4ec5-ab68-e4d0e1b50d95{ip: 192.168.34.63, host: pr-hdds-1868-wsm2n-11235469, networkLocation: /default-rack, certSerialId: null} reports an CLOSED replica.
2019-10-21 06:04:27,371 [EventQueue-ContainerReportForContainerReportHandler] WARN  container.ContainerReportHandler (AbstractContainerReportHandler.java:updateContainerState(145)) - Container #1 is in OPEN state, but the datanode 5389c291-9dbf-4ff3-95a2-a367bd79a92b{ip: 192.168.34.63, host: pr-hdds-1868-wsm2n-11235469, networkLocation: /default-rack, certSerialId: null} reports an CLOSED replica.
2019-10-21 06:04:27,398 [EventQueue-ContainerReportForContainerReportHandler] WARN  container.ContainerReportHandler (AbstractContainerReportHandler.java:updateContainerState(145)) - Container #1 is in OPEN state, but the datanode 2de534ac-c407-4ec5-ab68-e4d0e1b50d95{ip: 192.168.34.63, host: pr-hdds-1868-wsm2n-11235469, networkLocation: /default-rack, certSerialId: null} reports an CLOSED replica.
2019-10-21 06:04:27,773 [EventQueue-ContainerReportForContainerReportHandler] WARN  container.ContainerReportHandler (AbstractContainerReportHandler.java:updateContainerState(145)) - Container #1 is in OPEN state, but the datanode 5389c291-9dbf-4ff3-95a2-a367bd79a92b{ip: 192.168.34.63, host: pr-hdds-1868-wsm2n-11235469, networkLocation: /default-rack, certSerialId: null} reports an CLOSED replica.
2019-10-21 06:04:27,799 [EventQueue-ContainerReportForContainerReportHandler] WARN  container.ContainerReportHandler (AbstractContainerReportHandler.java:updateContainerState(145)) - Container #1 is in OPEN state, but the datanode 2de534ac-c407-4ec5-ab68-e4d0e1b50d95{ip: 192.168.34.63, host: pr-hdds-1868-wsm2n-11235469, networkLocation: /default-rack, certSerialId: null} reports an CLOSED replica.
2019-10-21 06:04:27,818 [BlockDeletingService#2] WARN  background.BlockDeletingService (BlockDeletingService.java:isDeletionAllowed(187)) - Close Container log Index 6 is not replicated across allthe servers in the pipeline 8f9e0d08-2118-49e4-bafd-58705ffbd881 as the min replicated index is 4. Deletion is not allowed in this container yet.
2019-10-21 06:04:27,818 [BlockDeletingService#2] WARN  background.BlockDeletingService (BlockDeletingService.java:isDeletionAllowed(187)) - Close Container log Index 6 is not replicated across allthe servers in the pipeline 8f9e0d08-2118-49e4-bafd-58705ffbd881 as the min replicated index is 4. Deletion is not allowed in this container yet.
2019-10-21 06:04:27,973 [EventQueue-ContainerReportForContainerReportHandler] WARN  container.ContainerReportHandler (AbstractContainerReportHandler.java:updateContainerState(145)) - Container #1 is in OPEN state, but the datanode 5389c291-9dbf-4ff3-95a2-a367bd79a92b{ip: 192.168.34.63, host: pr-hdds-1868-wsm2n-11235469, networkLocation: /default-rack, certSerialId: null} reports an CLOSED replica.
2019-10-21 06:04:28,099 [EventQueue-ContainerReportForContainerReportHandler] WARN  container.ContainerReportHandler (AbstractContainerReportHandler.java:updateContainerState(145)) - Container #1 is in OPEN state, but the datanode 2de534ac-c407-4ec5-ab68-e4d0e1b50d95{ip: 192.168.34.63, host: pr-hdds-1868-wsm2n-11235469, networkLocation: /default-rack, certSerialId: null} reports an CLOSED replica.
2019-10-21 06:04:28,173 [EventQueue-ContainerReportForContainerReportHandler] WARN  container.ContainerReportHandler (AbstractContainerReportHandler.java:updateContainerState(145)) - Container #1 is in OPEN state, but the datanode 5389c291-9dbf-4ff3-95a2-a367bd79a92b{ip: 192.168.34.63, host: pr-hdds-1868-wsm2n-11235469, networkLocation: /default-rack, certSerialId: null} reports an CLOSED replica.
2019-10-21 06:04:28,399 [EventQueue-ContainerReportForContainerReportHandler] WARN  container.ContainerReportHandler (AbstractContainerReportHandler.java:updateContainerState(145)) - Container #1 is in OPEN state, but the datanode 2de534ac-c407-4ec5-ab68-e4d0e1b50d95{ip: 192.168.34.63, host: pr-hdds-1868-wsm2n-11235469, networkLocation: /default-rack, certSerialId: null} reports an CLOSED replica.
2019-10-21 06:04:28,574 [EventQueue-ContainerReportForContainerReportHandler] WARN  container.ContainerReportHandler (AbstractContainerReportHandler.java:updateContainerState(145)) - Container #1 is in OPEN state, but the datanode 5389c291-9dbf-4ff3-95a2-a367bd79a92b{ip: 192.168.34.63, host: pr-hdds-1868-wsm2n-11235469, networkLocation: /default-rack, certSerialId: null} reports an CLOSED replica.
2019-10-21 06:04:28,701 [EventQueue-ContainerReportForContainerReportHandler] WARN  container.ContainerReportHandler (AbstractContainerReportHandler.java:updateContainerState(145)) - Container #1 is in OPEN state, but the datanode 2de534ac-c407-4ec5-ab68-e4d0e1b50d95{ip: 192.168.34.63, host: pr-hdds-1868-wsm2n-11235469, networkLocation: /default-rack, certSerialId: null} reports an CLOSED replica.
2019-10-21 06:04:28,774 [EventQueue-ContainerReportForContainerReportHandler] WARN  container.ContainerReportHandler (AbstractContainerReportHandler.java:updateContainerState(145)) - Container #1 is in OPEN state, but the datanode 5389c291-9dbf-4ff3-95a2-a367bd79a92b{ip: 192.168.34.63, host: pr-hdds-1868-wsm2n-11235469, networkLocation: /default-rack, certSerialId: null} reports an CLOSED replica.
2019-10-21 06:04:28,821 [BlockDeletingService#2] WARN  background.BlockDeletingService (BlockDeletingService.java:isDeletionAllowed(187)) - Close Container log Index 6 is not replicated across allthe servers in the pipeline 8f9e0d08-2118-49e4-bafd-58705ffbd881 as the min replicated index is 4. Deletion is not allowed in this container yet.
2019-10-21 06:04:28,821 [BlockDeletingService#2] WARN  background.BlockDeletingService (BlockDeletingService.java:isDeletionAllowed(187)) - Close Container log Index 6 is not replicated across allthe servers in the pipeline 8f9e0d08-2118-49e4-bafd-58705ffbd881 as the min replicated index is 4. Deletion is not allowed in this container yet.
2019-10-21 06:04:28,909 [java.util.concurrent.ThreadPoolExecutor$Worker@29bf4258[State = -1, empty queue]] WARN  server.GrpcLogAppender (GrpcLogAppender.java:timeoutAppendRequest(209)) - 5389c291-9dbf-4ff3-95a2-a367bd79a92b@group-58705FFBD881->a588f1ac-0e88-414d-9361-c050928a17f1-GrpcLogAppender: appendEntries Timeout, request=5389c291-9dbf-4ff3-95a2-a367bd79a92b->a588f1ac-0e88-414d-9361-c050928a17f1#36-t1, previous=(t:1, i:10), leaderCommit=10, initializing? false, entries: <empty>
2019-10-21 06:04:29,001 [EventQueue-ContainerReportForContainerReportHandler] WARN  container.ContainerReportHandler (AbstractContainerReportHandler.java:updateContainerState(145)) - Container #1 is in OPEN state, but the datanode 2de534ac-c407-4ec5-ab68-e4d0e1b50d95{ip: 192.168.34.63, host: pr-hdds-1868-wsm2n-11235469, networkLocation: /default-rack, certSerialId: null} reports an CLOSED replica.
2019-10-21 06:04:29,175 [EventQueue-ContainerReportForContainerReportHandler] WARN  container.ContainerReportHandler (AbstractContainerReportHandler.java:updateContainerState(145)) - Container #1 is in OPEN state, but the datanode 5389c291-9dbf-4ff3-95a2-a367bd79a92b{ip: 192.168.34.63, host: pr-hdds-1868-wsm2n-11235469, networkLocation: /default-rack, certSerialId: null} reports an CLOSED replica.
2019-10-21 06:04:29,201 [EventQueue-ContainerReportForContainerReportHandler] WARN  container.ContainerReportHandler (AbstractContainerReportHandler.java:updateContainerState(145)) - Container #1 is in OPEN state, but the datanode 2de534ac-c407-4ec5-ab68-e4d0e1b50d95{ip: 192.168.34.63, host: pr-hdds-1868-wsm2n-11235469, networkLocation: /default-rack, certSerialId: null} reports an CLOSED replica.
2019-10-21 06:04:29,375 [EventQueue-ContainerReportForContainerReportHandler] WARN  container.ContainerReportHandler (AbstractContainerReportHandler.java:updateContainerState(145)) - Container #1 is in OPEN state, but the datanode 5389c291-9dbf-4ff3-95a2-a367bd79a92b{ip: 192.168.34.63, host: pr-hdds-1868-wsm2n-11235469, networkLocation: /default-rack, certSerialId: null} reports an CLOSED replica.
2019-10-21 06:04:29,602 [EventQueue-ContainerReportForContainerReportHandler] WARN  container.ContainerReportHandler (AbstractContainerReportHandler.java:updateContainerState(145)) - Container #1 is in OPEN state, but the datanode 2de534ac-c407-4ec5-ab68-e4d0e1b50d95{ip: 192.168.34.63, host: pr-hdds-1868-wsm2n-11235469, networkLocation: /default-rack, certSerialId: null} reports an CLOSED replica.
2019-10-21 06:04:29,776 [EventQueue-ContainerReportForContainerReportHandler] WARN  container.ContainerReportHandler (AbstractContainerReportHandler.java:updateContainerState(145)) - Container #1 is in OPEN state, but the datanode 5389c291-9dbf-4ff3-95a2-a367bd79a92b{ip: 192.168.34.63, host: pr-hdds-1868-wsm2n-11235469, networkLocation: /default-rack, certSerialId: null} reports an CLOSED replica.
2019-10-21 06:04:29,824 [BlockDeletingService#2] WARN  background.BlockDeletingService (BlockDeletingService.java:isDeletionAllowed(187)) - Close Container log Index 6 is not replicated across allthe servers in the pipeline 8f9e0d08-2118-49e4-bafd-58705ffbd881 as the min replicated index is 4. Deletion is not allowed in this container yet.
2019-10-21 06:04:29,824 [BlockDeletingService#2] WARN  background.BlockDeletingService (BlockDeletingService.java:isDeletionAllowed(187)) - Close Container log Index 6 is not replicated across allthe servers in the pipeline 8f9e0d08-2118-49e4-bafd-58705ffbd881 as the min replicated index is 4. Deletion is not allowed in this container yet.
2019-10-21 06:04:29,902 [EventQueue-ContainerReportForContainerReportHandler] WARN  container.ContainerReportHandler (AbstractContainerReportHandler.java:updateContainerState(145)) - Container #1 is in OPEN state, but the datanode 2de534ac-c407-4ec5-ab68-e4d0e1b50d95{ip: 192.168.34.63, host: pr-hdds-1868-wsm2n-11235469, networkLocation: /default-rack, certSerialId: null} reports an CLOSED replica.
2019-10-21 06:04:29,976 [EventQueue-ContainerReportForContainerReportHandler] WARN  container.ContainerReportHandler (AbstractContainerReportHandler.java:updateContainerState(145)) - Container #1 is in OPEN state, but the datanode 5389c291-9dbf-4ff3-95a2-a367bd79a92b{ip: 192.168.34.63, host: pr-hdds-1868-wsm2n-11235469, networkLocation: /default-rack, certSerialId: null} reports an CLOSED replica.
2019-10-21 06:04:30,177 [EventQueue-ContainerReportForContainerReportHandler] WARN  container.ContainerReportHandler (AbstractContainerReportHandler.java:updateContainerState(145)) - Container #1 is in OPEN state, but the datanode 5389c291-9dbf-4ff3-95a2-a367bd79a92b{ip: 192.168.34.63, host: pr-hdds-1868-wsm2n-11235469, networkLocation: /default-rack, certSerialId: null} reports an CLOSED replica.
2019-10-21 06:04:30,302 [EventQueue-ContainerReportForContainerReportHandler] WARN  container.ContainerReportHandler (AbstractContainerReportHandler.java:updateContainerState(145)) - Container #1 is in OPEN state, but the datanode 2de534ac-c407-4ec5-ab68-e4d0e1b50d95{ip: 192.168.34.63, host: pr-hdds-1868-wsm2n-11235469, networkLocation: /default-rack, certSerialId: null} reports an CLOSED replica.
2019-10-21 06:04:30,476 [EventQueue-ContainerReportForContainerReportHandler] WARN  container.ContainerReportHandler (AbstractContainerReportHandler.java:updateContainerState(145)) - Container #1 is in OPEN state, but the datanode 5389c291-9dbf-4ff3-95a2-a367bd79a92b{ip: 192.168.34.63, host: pr-hdds-1868-wsm2n-11235469, networkLocation: /default-rack, certSerialId: null} reports an CLOSED replica.
2019-10-21 06:04:30,603 [EventQueue-ContainerReportForContainerReportHandler] WARN  container.ContainerReportHandler (AbstractContainerReportHandler.java:updateContainerState(145)) - Container #1 is in OPEN state, but the datanode 2de534ac-c407-4ec5-ab68-e4d0e1b50d95{ip: 192.168.34.63, host: pr-hdds-1868-wsm2n-11235469, networkLocation: /default-rack, certSerialId: null} reports an CLOSED replica.
2019-10-21 06:04:30,777 [EventQueue-ContainerReportForContainerReportHandler] WARN  container.ContainerReportHandler (AbstractContainerReportHandler.java:updateContainerState(145)) - Container #1 is in OPEN state, but the datanode 5389c291-9dbf-4ff3-95a2-a367bd79a92b{ip: 192.168.34.63, host: pr-hdds-1868-wsm2n-11235469, networkLocation: /default-rack, certSerialId: null} reports an CLOSED replica.
2019-10-21 06:04:30,803 [EventQueue-ContainerReportForContainerReportHandler] WARN  container.ContainerReportHandler (AbstractContainerReportHandler.java:updateContainerState(145)) - Container #1 is in OPEN state, but the datanode 2de534ac-c407-4ec5-ab68-e4d0e1b50d95{ip: 192.168.34.63, host: pr-hdds-1868-wsm2n-11235469, networkLocation: /default-rack, certSerialId: null} reports an CLOSED replica.
2019-10-21 06:04:30,827 [BlockDeletingService#2] WARN  background.BlockDeletingService (BlockDeletingService.java:isDeletionAllowed(187)) - Close Container log Index 6 is not replicated across allthe servers in the pipeline 8f9e0d08-2118-49e4-bafd-58705ffbd881 as the min replicated index is 4. Deletion is not allowed in this container yet.
2019-10-21 06:04:30,827 [BlockDeletingService#2] WARN  background.BlockDeletingService (BlockDeletingService.java:isDeletionAllowed(187)) - Close Container log Index 6 is not replicated across allthe servers in the pipeline 8f9e0d08-2118-49e4-bafd-58705ffbd881 as the min replicated index is 4. Deletion is not allowed in this container yet.
2019-10-21 06:04:31,077 [EventQueue-ContainerReportForContainerReportHandler] WARN  container.ContainerReportHandler (AbstractContainerReportHandler.java:updateContainerState(145)) - Container #1 is in OPEN state, but the datanode 5389c291-9dbf-4ff3-95a2-a367bd79a92b{ip: 192.168.34.63, host: pr-hdds-1868-wsm2n-11235469, networkLocation: /default-rack, certSerialId: null} reports an CLOSED replica.
2019-10-21 06:04:31,203 [EventQueue-ContainerReportForContainerReportHandler] WARN  container.ContainerReportHandler (AbstractContainerReportHandler.java:updateContainerState(145)) - Container #1 is in OPEN state, but the datanode 2de534ac-c407-4ec5-ab68-e4d0e1b50d95{ip: 192.168.34.63, host: pr-hdds-1868-wsm2n-11235469, networkLocation: /default-rack, certSerialId: null} reports an CLOSED replica.
2019-10-21 06:04:31,378 [EventQueue-ContainerReportForContainerReportHandler] WARN  container.ContainerReportHandler (AbstractContainerReportHandler.java:updateContainerState(145)) - Container #1 is in OPEN state, but the datanode 5389c291-9dbf-4ff3-95a2-a367bd79a92b{ip: 192.168.34.63, host: pr-hdds-1868-wsm2n-11235469, networkLocation: /default-rack, certSerialId: null} reports an CLOSED replica.
2019-10-21 06:04:31,411 [java.util.concurrent.ThreadPoolExecutor$Worker@29bf4258[State = -1, empty queue]] WARN  server.GrpcLogAppender (GrpcLogAppender.java:timeoutAppendRequest(209)) - 5389c291-9dbf-4ff3-95a2-a367bd79a92b@group-58705FFBD881->a588f1ac-0e88-414d-9361-c050928a17f1-GrpcLogAppender: appendEntries Timeout, request=5389c291-9dbf-4ff3-95a2-a367bd79a92b->a588f1ac-0e88-414d-9361-c050928a17f1#37-t1, previous=(t:1, i:10), leaderCommit=10, initializing? false, entries: <empty>
2019-10-21 06:04:31,503 [EventQueue-ContainerReportForContainerReportHandler] WARN  container.ContainerReportHandler (AbstractContainerReportHandler.java:updateContainerState(145)) - Container #1 is in OPEN state, but the datanode 2de534ac-c407-4ec5-ab68-e4d0e1b50d95{ip: 192.168.34.63, host: pr-hdds-1868-wsm2n-11235469, networkLocation: /default-rack, certSerialId: null} reports an CLOSED replica.
2019-10-21 06:04:31,580 [EventQueue-ContainerReportForContainerReportHandler] WARN  container.ContainerReportHandler (AbstractContainerReportHandler.java:updateContainerState(145)) - Container #1 is in OPEN state, but the datanode 5389c291-9dbf-4ff3-95a2-a367bd79a92b{ip: 192.168.34.63, host: pr-hdds-1868-wsm2n-11235469, networkLocation: /default-rack, certSerialId: null} reports an CLOSED replica.
2019-10-21 06:04:31,704 [EventQueue-ContainerReportForContainerReportHandler] WARN  container.ContainerReportHandler (AbstractContainerReportHandler.java:updateContainerState(145)) - Container #1 is in OPEN state, but the datanode 2de534ac-c407-4ec5-ab68-e4d0e1b50d95{ip: 192.168.34.63, host: pr-hdds-1868-wsm2n-11235469, networkLocation: /default-rack, certSerialId: null} reports an CLOSED replica.
2019-10-21 06:04:31,829 [BlockDeletingService#2] WARN  background.BlockDeletingService (BlockDeletingService.java:isDeletionAllowed(187)) - Close Container log Index 6 is not replicated across allthe servers in the pipeline 8f9e0d08-2118-49e4-bafd-58705ffbd881 as the min replicated index is 4. Deletion is not allowed in this container yet.
2019-10-21 06:04:31,829 [BlockDeletingService#2] WARN  background.BlockDeletingService (BlockDeletingService.java:isDeletionAllowed(187)) - Close Container log Index 6 is not replicated across allthe servers in the pipeline 8f9e0d08-2118-49e4-bafd-58705ffbd881 as the min replicated index is 4. Deletion is not allowed in this container yet.
2019-10-21 06:04:31,980 [EventQueue-ContainerReportForContainerReportHandler] WARN  container.ContainerReportHandler (AbstractContainerReportHandler.java:updateContainerState(145)) - Container #1 is in OPEN state, but the datanode 5389c291-9dbf-4ff3-95a2-a367bd79a92b{ip: 192.168.34.63, host: pr-hdds-1868-wsm2n-11235469, networkLocation: /default-rack, certSerialId: null} reports an CLOSED replica.
2019-10-21 06:04:32,004 [EventQueue-ContainerReportForContainerReportHandler] WARN  container.ContainerReportHandler (AbstractContainerReportHandler.java:updateContainerState(145)) - Container #1 is in OPEN state, but the datanode 2de534ac-c407-4ec5-ab68-e4d0e1b50d95{ip: 192.168.34.63, host: pr-hdds-1868-wsm2n-11235469, networkLocation: /default-rack, certSerialId: null} reports an CLOSED replica.
2019-10-21 06:04:32,204 [EventQueue-ContainerReportForContainerReportHandler] WARN  container.ContainerReportHandler (AbstractContainerReportHandler.java:updateContainerState(145)) - Container #1 is in OPEN state, but the datanode 2de534ac-c407-4ec5-ab68-e4d0e1b50d95{ip: 192.168.34.63, host: pr-hdds-1868-wsm2n-11235469, networkLocation: /default-rack, certSerialId: null} reports an CLOSED replica.
2019-10-21 06:04:32,280 [EventQueue-ContainerReportForContainerReportHandler] WARN  container.ContainerReportHandler (AbstractContainerReportHandler.java:updateContainerState(145)) - Container #1 is in OPEN state, but the datanode 5389c291-9dbf-4ff3-95a2-a367bd79a92b{ip: 192.168.34.63, host: pr-hdds-1868-wsm2n-11235469, networkLocation: /default-rack, certSerialId: null} reports an CLOSED replica.
2019-10-21 06:04:32,404 [EventQueue-ContainerReportForContainerReportHandler] WARN  container.ContainerReportHandler (AbstractContainerReportHandler.java:updateContainerState(145)) - Container #1 is in OPEN state, but the datanode 2de534ac-c407-4ec5-ab68-e4d0e1b50d95{ip: 192.168.34.63, host: pr-hdds-1868-wsm2n-11235469, networkLocation: /default-rack, certSerialId: null} reports an CLOSED replica.
2019-10-21 06:04:32,480 [EventQueue-ContainerReportForContainerReportHandler] WARN  container.ContainerReportHandler (AbstractContainerReportHandler.java:updateContainerState(145)) - Container #1 is in OPEN state, but the datanode 5389c291-9dbf-4ff3-95a2-a367bd79a92b{ip: 192.168.34.63, host: pr-hdds-1868-wsm2n-11235469, networkLocation: /default-rack, certSerialId: null} reports an CLOSED replica.
2019-10-21 06:04:32,705 [EventQueue-ContainerReportForContainerReportHandler] WARN  container.ContainerReportHandler (AbstractContainerReportHandler.java:updateContainerState(145)) - Container #1 is in OPEN state, but the datanode 2de534ac-c407-4ec5-ab68-e4d0e1b50d95{ip: 192.168.34.63, host: pr-hdds-1868-wsm2n-11235469, networkLocation: /default-rack, certSerialId: null} reports an CLOSED replica.
2019-10-21 06:04:32,781 [EventQueue-ContainerReportForContainerReportHandler] WARN  container.ContainerReportHandler (AbstractContainerReportHandler.java:updateContainerState(145)) - Container #1 is in OPEN state, but the datanode 5389c291-9dbf-4ff3-95a2-a367bd79a92b{ip: 192.168.34.63, host: pr-hdds-1868-wsm2n-11235469, networkLocation: /default-rack, certSerialId: null} reports an CLOSED replica.
2019-10-21 06:04:32,830 [BlockDeletingService#2] WARN  background.BlockDeletingService (BlockDeletingService.java:isDeletionAllowed(187)) - Close Container log Index 6 is not replicated across allthe servers in the pipeline 8f9e0d08-2118-49e4-bafd-58705ffbd881 as the min replicated index is 4. Deletion is not allowed in this container yet.
2019-10-21 06:04:32,830 [BlockDeletingService#2] WARN  background.BlockDeletingService (BlockDeletingService.java:isDeletionAllowed(187)) - Close Container log Index 6 is not replicated across allthe servers in the pipeline 8f9e0d08-2118-49e4-bafd-58705ffbd881 as the min replicated index is 4. Deletion is not allowed in this container yet.
2019-10-21 06:04:32,983 [EventQueue-ContainerReportForContainerReportHandler] WARN  container.ContainerReportHandler (AbstractContainerReportHandler.java:updateContainerState(145)) - Container #1 is in OPEN state, but the datanode 5389c291-9dbf-4ff3-95a2-a367bd79a92b{ip: 192.168.34.63, host: pr-hdds-1868-wsm2n-11235469, networkLocation: /default-rack, certSerialId: null} reports an CLOSED replica.
2019-10-21 06:04:33,006 [EventQueue-ContainerReportForContainerReportHandler] WARN  container.ContainerReportHandler (AbstractContainerReportHandler.java:updateContainerState(145)) - Container #1 is in OPEN state, but the datanode 2de534ac-c407-4ec5-ab68-e4d0e1b50d95{ip: 192.168.34.63, host: pr-hdds-1868-wsm2n-11235469, networkLocation: /default-rack, certSerialId: null} reports an CLOSED replica.
2019-10-21 06:04:33,284 [EventQueue-ContainerReportForContainerReportHandler] WARN  container.ContainerReportHandler (AbstractContainerReportHandler.java:updateContainerState(145)) - Container #1 is in OPEN state, but the datanode 5389c291-9dbf-4ff3-95a2-a367bd79a92b{ip: 192.168.34.63, host: pr-hdds-1868-wsm2n-11235469, networkLocation: /default-rack, certSerialId: null} reports an CLOSED replica.
2019-10-21 06:04:33,306 [EventQueue-ContainerReportForContainerReportHandler] WARN  container.ContainerReportHandler (AbstractContainerReportHandler.java:updateContainerState(145)) - Container #1 is in OPEN state, but the datanode 2de534ac-c407-4ec5-ab68-e4d0e1b50d95{ip: 192.168.34.63, host: pr-hdds-1868-wsm2n-11235469, networkLocation: /default-rack, certSerialId: null} reports an CLOSED replica.
2019-10-21 06:04:33,484 [EventQueue-ContainerReportForContainerReportHandler] WARN  container.ContainerReportHandler (AbstractContainerReportHandler.java:updateContainerState(145)) - Container #1 is in OPEN state, but the datanode 5389c291-9dbf-4ff3-95a2-a367bd79a92b{ip: 192.168.34.63, host: pr-hdds-1868-wsm2n-11235469, networkLocation: /default-rack, certSerialId: null} reports an CLOSED replica.
2019-10-21 06:04:33,706 [EventQueue-ContainerReportForContainerReportHandler] WARN  container.ContainerReportHandler (AbstractContainerReportHandler.java:updateContainerState(145)) - Container #1 is in OPEN state, but the datanode 2de534ac-c407-4ec5-ab68-e4d0e1b50d95{ip: 192.168.34.63, host: pr-hdds-1868-wsm2n-11235469, networkLocation: /default-rack, certSerialId: null} reports an CLOSED replica.
2019-10-21 06:04:33,786 [EventQueue-ContainerReportForContainerReportHandler] WARN  container.ContainerReportHandler (AbstractContainerReportHandler.java:updateContainerState(145)) - Container #1 is in OPEN state, but the datanode 5389c291-9dbf-4ff3-95a2-a367bd79a92b{ip: 192.168.34.63, host: pr-hdds-1868-wsm2n-11235469, networkLocation: /default-rack, certSerialId: null} reports an CLOSED replica.
2019-10-21 06:04:33,832 [BlockDeletingService#2] WARN  background.BlockDeletingService (BlockDeletingService.java:isDeletionAllowed(187)) - Close Container log Index 6 is not replicated across allthe servers in the pipeline 8f9e0d08-2118-49e4-bafd-58705ffbd881 as the min replicated index is 4. Deletion is not allowed in this container yet.
2019-10-21 06:04:33,832 [BlockDeletingService#2] WARN  background.BlockDeletingService (BlockDeletingService.java:isDeletionAllowed(187)) - Close Container log Index 6 is not replicated across allthe servers in the pipeline 8f9e0d08-2118-49e4-bafd-58705ffbd881 as the min replicated index is 4. Deletion is not allowed in this container yet.
2019-10-21 06:04:33,906 [EventQueue-ContainerReportForContainerReportHandler] WARN  container.ContainerReportHandler (AbstractContainerReportHandler.java:updateContainerState(145)) - Container #1 is in OPEN state, but the datanode 2de534ac-c407-4ec5-ab68-e4d0e1b50d95{ip: 192.168.34.63, host: pr-hdds-1868-wsm2n-11235469, networkLocation: /default-rack, certSerialId: null} reports an CLOSED replica.
2019-10-21 06:04:33,913 [java.util.concurrent.ThreadPoolExecutor$Worker@29bf4258[State = -1, empty queue]] WARN  server.GrpcLogAppender (GrpcLogAppender.java:timeoutAppendRequest(209)) - 5389c291-9dbf-4ff3-95a2-a367bd79a92b@group-58705FFBD881->a588f1ac-0e88-414d-9361-c050928a17f1-GrpcLogAppender: appendEntries Timeout, request=5389c291-9dbf-4ff3-95a2-a367bd79a92b->a588f1ac-0e88-414d-9361-c050928a17f1#38-t1, previous=(t:1, i:10), leaderCommit=10, initializing? false, entries: <empty>
2019-10-21 06:04:34,089 [EventQueue-ContainerReportForContainerReportHandler] WARN  container.ContainerReportHandler (AbstractContainerReportHandler.java:updateContainerState(145)) - Container #1 is in OPEN state, but the datanode 5389c291-9dbf-4ff3-95a2-a367bd79a92b{ip: 192.168.34.63, host: pr-hdds-1868-wsm2n-11235469, networkLocation: /default-rack, certSerialId: null} reports an CLOSED replica.
2019-10-21 06:04:34,206 [EventQueue-ContainerReportForContainerReportHandler] WARN  container.ContainerReportHandler (AbstractContainerReportHandler.java:updateContainerState(145)) - Container #1 is in OPEN state, but the datanode 2de534ac-c407-4ec5-ab68-e4d0e1b50d95{ip: 192.168.34.63, host: pr-hdds-1868-wsm2n-11235469, networkLocation: /default-rack, certSerialId: null} reports an CLOSED replica.
2019-10-21 06:04:34,392 [EventQueue-ContainerReportForContainerReportHandler] WARN  container.ContainerReportHandler (AbstractContainerReportHandler.java:updateContainerState(145)) - Container #1 is in OPEN state, but the datanode 5389c291-9dbf-4ff3-95a2-a367bd79a92b{ip: 192.168.34.63, host: pr-hdds-1868-wsm2n-11235469, networkLocation: /default-rack, certSerialId: null} reports an CLOSED replica.
2019-10-21 06:04:34,518 [Thread-453] INFO  client.GrpcClientProtocolService (GrpcClientProtocolService.java:lambda$processClientRequest$0(279)) - Failed RaftClientRequest:client-6D3018828CA9->2de534ac-c407-4ec5-ab68-e4d0e1b50d95@group-58705FFBD881, cid=22, seq=0, Watch-ALL_COMMITTED(6), Message:<EMPTY>, reply=RaftClientReply:client-6D3018828CA9->2de534ac-c407-4ec5-ab68-e4d0e1b50d95@group-58705FFBD881, cid=22, FAILED org.apache.ratis.protocol.NotLeaderException: Server 2de534ac-c407-4ec5-ab68-e4d0e1b50d95@group-58705FFBD881 is not the leader 5389c291-9dbf-4ff3-95a2-a367bd79a92b:192.168.34.63:45480, logIndex=0, commits[2de534ac-c407-4ec5-ab68-e4d0e1b50d95:c10, 5389c291-9dbf-4ff3-95a2-a367bd79a92b:c10, a588f1ac-0e88-414d-9361-c050928a17f1:c4]
2019-10-21 06:04:34,593 [EventQueue-ContainerReportForContainerReportHandler] WARN  container.ContainerReportHandler (AbstractContainerReportHandler.java:updateContainerState(145)) - Container #1 is in OPEN state, but the datanode 5389c291-9dbf-4ff3-95a2-a367bd79a92b{ip: 192.168.34.63, host: pr-hdds-1868-wsm2n-11235469, networkLocation: /default-rack, certSerialId: null} reports an CLOSED replica.
2019-10-21 06:04:34,606 [EventQueue-ContainerReportForContainerReportHandler] WARN  container.ContainerReportHandler (AbstractContainerReportHandler.java:updateContainerState(145)) - Container #1 is in OPEN state, but the datanode 2de534ac-c407-4ec5-ab68-e4d0e1b50d95{ip: 192.168.34.63, host: pr-hdds-1868-wsm2n-11235469, networkLocation: /default-rack, certSerialId: null} reports an CLOSED replica.
2019-10-21 06:04:34,806 [EventQueue-ContainerReportForContainerReportHandler] WARN  container.ContainerReportHandler (AbstractContainerReportHandler.java:updateContainerState(145)) - Container #1 is in OPEN state, but the datanode 2de534ac-c407-4ec5-ab68-e4d0e1b50d95{ip: 192.168.34.63, host: pr-hdds-1868-wsm2n-11235469, networkLocation: /default-rack, certSerialId: null} reports an CLOSED replica.
2019-10-21 06:04:34,833 [BlockDeletingService#2] WARN  background.BlockDeletingService (BlockDeletingService.java:isDeletionAllowed(187)) - Close Container log Index 6 is not replicated across allthe servers in the pipeline 8f9e0d08-2118-49e4-bafd-58705ffbd881 as the min replicated index is 4. Deletion is not allowed in this container yet.
2019-10-21 06:04:34,833 [BlockDeletingService#2] WARN  background.BlockDeletingService (BlockDeletingService.java:isDeletionAllowed(187)) - Close Container log Index 6 is not replicated across allthe servers in the pipeline 8f9e0d08-2118-49e4-bafd-58705ffbd881 as the min replicated index is 4. Deletion is not allowed in this container yet.
2019-10-21 06:04:34,893 [EventQueue-ContainerReportForContainerReportHandler] WARN  container.ContainerReportHandler (AbstractContainerReportHandler.java:updateContainerState(145)) - Container #1 is in OPEN state, but the datanode 5389c291-9dbf-4ff3-95a2-a367bd79a92b{ip: 192.168.34.63, host: pr-hdds-1868-wsm2n-11235469, networkLocation: /default-rack, certSerialId: null} reports an CLOSED replica.
2019-10-21 06:04:35,106 [EventQueue-ContainerReportForContainerReportHandler] WARN  container.ContainerReportHandler (AbstractContainerReportHandler.java:updateContainerState(145)) - Container #1 is in OPEN state, but the datanode 2de534ac-c407-4ec5-ab68-e4d0e1b50d95{ip: 192.168.34.63, host: pr-hdds-1868-wsm2n-11235469, networkLocation: /default-rack, certSerialId: null} reports an CLOSED replica.
2019-10-21 06:04:35,294 [EventQueue-ContainerReportForContainerReportHandler] WARN  container.ContainerReportHandler (AbstractContainerReportHandler.java:updateContainerState(145)) - Container #1 is in OPEN state, but the datanode 5389c291-9dbf-4ff3-95a2-a367bd79a92b{ip: 192.168.34.63, host: pr-hdds-1868-wsm2n-11235469, networkLocation: /default-rack, certSerialId: null} reports an CLOSED replica.
2019-10-21 06:04:35,306 [EventQueue-ContainerReportForContainerReportHandler] WARN  container.ContainerReportHandler (AbstractContainerReportHandler.java:updateContainerState(145)) - Container #1 is in OPEN state, but the datanode 2de534ac-c407-4ec5-ab68-e4d0e1b50d95{ip: 192.168.34.63, host: pr-hdds-1868-wsm2n-11235469, networkLocation: /default-rack, certSerialId: null} reports an CLOSED replica.
2019-10-21 06:04:35,494 [EventQueue-ContainerReportForContainerReportHandler] WARN  container.ContainerReportHandler (AbstractContainerReportHandler.java:updateContainerState(145)) - Container #1 is in OPEN state, but the datanode 5389c291-9dbf-4ff3-95a2-a367bd79a92b{ip: 192.168.34.63, host: pr-hdds-1868-wsm2n-11235469, networkLocation: /default-rack, certSerialId: null} reports an CLOSED replica.
2019-10-21 06:04:35,706 [EventQueue-ContainerReportForContainerReportHandler] WARN  container.ContainerReportHandler (AbstractContainerReportHandler.java:updateContainerState(145)) - Container #1 is in OPEN state, but the datanode 2de534ac-c407-4ec5-ab68-e4d0e1b50d95{ip: 192.168.34.63, host: pr-hdds-1868-wsm2n-11235469, networkLocation: /default-rack, certSerialId: null} reports an CLOSED replica.
2019-10-21 06:04:35,756 [Thread-458] INFO  client.GrpcClientProtocolService (GrpcClientProtocolService.java:lambda$processClientRequest$0(279)) - Failed RaftClientRequest:client-6D3018828CA9->5389c291-9dbf-4ff3-95a2-a367bd79a92b@group-58705FFBD881, cid=22, seq=0, Watch-ALL_COMMITTED(6), Message:<EMPTY>, reply=RaftClientReply:client-6D3018828CA9->5389c291-9dbf-4ff3-95a2-a367bd79a92b@group-58705FFBD881, cid=22, FAILED org.apache.ratis.protocol.NotReplicatedException: Request with call Id 22 and log index 6 is not yet replicated to ALL_COMMITTED, logIndex=6, commits[5389c291-9dbf-4ff3-95a2-a367bd79a92b:c10, 2de534ac-c407-4ec5-ab68-e4d0e1b50d95:c10, a588f1ac-0e88-414d-9361-c050928a17f1:c4]
2019-10-21 06:04:35,794 [EventQueue-ContainerReportForContainerReportHandler] WARN  container.ContainerReportHandler (AbstractContainerReportHandler.java:updateContainerState(145)) - Container #1 is in OPEN state, but the datanode 5389c291-9dbf-4ff3-95a2-a367bd79a92b{ip: 192.168.34.63, host: pr-hdds-1868-wsm2n-11235469, networkLocation: /default-rack, certSerialId: null} reports an CLOSED replica.
2019-10-21 06:04:35,836 [BlockDeletingService#2] WARN  background.BlockDeletingService (BlockDeletingService.java:isDeletionAllowed(187)) - Close Container log Index 6 is not replicated across allthe servers in the pipeline 8f9e0d08-2118-49e4-bafd-58705ffbd881 as the min replicated index is 4. Deletion is not allowed in this container yet.
2019-10-21 06:04:35,837 [BlockDeletingService#2] WARN  background.BlockDeletingService (BlockDeletingService.java:isDeletionAllowed(187)) - Close Container log Index 6 is not replicated across allthe servers in the pipeline 8f9e0d08-2118-49e4-bafd-58705ffbd881 as the min replicated index is 4. Deletion is not allowed in this container yet.
2019-10-21 06:04:36,006 [EventQueue-ContainerReportForContainerReportHandler] WARN  container.ContainerReportHandler (AbstractContainerReportHandler.java:updateContainerState(145)) - Container #1 is in OPEN state, but the datanode 2de534ac-c407-4ec5-ab68-e4d0e1b50d95{ip: 192.168.34.63, host: pr-hdds-1868-wsm2n-11235469, networkLocation: /default-rack, certSerialId: null} reports an CLOSED replica.
2019-10-21 06:04:36,194 [EventQueue-ContainerReportForContainerReportHandler] WARN  container.ContainerReportHandler (AbstractContainerReportHandler.java:updateContainerState(145)) - Container #1 is in OPEN state, but the datanode 5389c291-9dbf-4ff3-95a2-a367bd79a92b{ip: 192.168.34.63, host: pr-hdds-1868-wsm2n-11235469, networkLocation: /default-rack, certSerialId: null} reports an CLOSED replica.
2019-10-21 06:04:36,308 [EventQueue-ContainerReportForContainerReportHandler] WARN  container.ContainerReportHandler (AbstractContainerReportHandler.java:updateContainerState(145)) - Container #1 is in OPEN state, but the datanode 2de534ac-c407-4ec5-ab68-e4d0e1b50d95{ip: 192.168.34.63, host: pr-hdds-1868-wsm2n-11235469, networkLocation: /default-rack, certSerialId: null} reports an CLOSED replica.
2019-10-21 06:04:36,414 [java.util.concurrent.ThreadPoolExecutor$Worker@29bf4258[State = -1, empty queue]] WARN  server.GrpcLogAppender (GrpcLogAppender.java:timeoutAppendRequest(209)) - 5389c291-9dbf-4ff3-95a2-a367bd79a92b@group-58705FFBD881->a588f1ac-0e88-414d-9361-c050928a17f1-GrpcLogAppender: appendEntries Timeout, request=5389c291-9dbf-4ff3-95a2-a367bd79a92b->a588f1ac-0e88-414d-9361-c050928a17f1#39-t1, previous=(t:1, i:10), leaderCommit=10, initializing? false, entries: <empty>
2019-10-21 06:04:36,495 [EventQueue-ContainerReportForContainerReportHandler] WARN  container.ContainerReportHandler (AbstractContainerReportHandler.java:updateContainerState(145)) - Container #1 is in OPEN state, but the datanode 5389c291-9dbf-4ff3-95a2-a367bd79a92b{ip: 192.168.34.63, host: pr-hdds-1868-wsm2n-11235469, networkLocation: /default-rack, certSerialId: null} reports an CLOSED replica.
2019-10-21 06:04:36,708 [EventQueue-ContainerReportForContainerReportHandler] WARN  container.ContainerReportHandler (AbstractContainerReportHandler.java:updateContainerState(145)) - Container #1 is in OPEN state, but the datanode 2de534ac-c407-4ec5-ab68-e4d0e1b50d95{ip: 192.168.34.63, host: pr-hdds-1868-wsm2n-11235469, networkLocation: /default-rack, certSerialId: null} reports an CLOSED replica.
2019-10-21 06:04:36,795 [EventQueue-ContainerReportForContainerReportHandler] WARN  container.ContainerReportHandler (AbstractContainerReportHandler.java:updateContainerState(145)) - Container #1 is in OPEN state, but the datanode 5389c291-9dbf-4ff3-95a2-a367bd79a92b{ip: 192.168.34.63, host: pr-hdds-1868-wsm2n-11235469, networkLocation: /default-rack, certSerialId: null} reports an CLOSED replica.
2019-10-21 06:04:36,857 [BlockDeletingService#2] WARN  background.BlockDeletingService (BlockDeletingService.java:isDeletionAllowed(187)) - Close Container log Index 6 is not replicated across allthe servers in the pipeline 8f9e0d08-2118-49e4-bafd-58705ffbd881 as the min replicated index is 4. Deletion is not allowed in this container yet.
2019-10-21 06:04:36,857 [BlockDeletingService#2] WARN  background.BlockDeletingService (BlockDeletingService.java:isDeletionAllowed(187)) - Close Container log Index 6 is not replicated across allthe servers in the pipeline 8f9e0d08-2118-49e4-bafd-58705ffbd881 as the min replicated index is 4. Deletion is not allowed in this container yet.
2019-10-21 06:04:36,908 [EventQueue-ContainerReportForContainerReportHandler] WARN  container.ContainerReportHandler (AbstractContainerReportHandler.java:updateContainerState(145)) - Container #1 is in OPEN state, but the datanode 2de534ac-c407-4ec5-ab68-e4d0e1b50d95{ip: 192.168.34.63, host: pr-hdds-1868-wsm2n-11235469, networkLocation: /default-rack, certSerialId: null} reports an CLOSED replica.
2019-10-21 06:04:36,995 [EventQueue-ContainerReportForContainerReportHandler] WARN  container.ContainerReportHandler (AbstractContainerReportHandler.java:updateContainerState(145)) - Container #1 is in OPEN state, but the datanode 5389c291-9dbf-4ff3-95a2-a367bd79a92b{ip: 192.168.34.63, host: pr-hdds-1868-wsm2n-11235469, networkLocation: /default-rack, certSerialId: null} reports an CLOSED replica.
2019-10-21 06:04:37,195 [EventQueue-ContainerReportForContainerReportHandler] WARN  container.ContainerReportHandler (AbstractContainerReportHandler.java:updateContainerState(145)) - Container #1 is in OPEN state, but the datanode 5389c291-9dbf-4ff3-95a2-a367bd79a92b{ip: 192.168.34.63, host: pr-hdds-1868-wsm2n-11235469, networkLocation: /default-rack, certSerialId: null} reports an CLOSED replica.
2019-10-21 06:04:37,207 [EventQueue-ContainerReportForContainerReportHandler] WARN  container.ContainerReportHandler (AbstractContainerReportHandler.java:updateContainerState(145)) - Container #1 is in OPEN state, but the datanode 2de534ac-c407-4ec5-ab68-e4d0e1b50d95{ip: 192.168.34.63, host: pr-hdds-1868-wsm2n-11235469, networkLocation: /default-rack, certSerialId: null} reports an CLOSED replica.
2019-10-21 06:04:37,407 [EventQueue-ContainerReportForContainerReportHandler] WARN  container.ContainerReportHandler (AbstractContainerReportHandler.java:updateContainerState(145)) - Container #1 is in OPEN state, but the datanode 2de534ac-c407-4ec5-ab68-e4d0e1b50d95{ip: 192.168.34.63, host: pr-hdds-1868-wsm2n-11235469, networkLocation: /default-rack, certSerialId: null} reports an CLOSED replica.
2019-10-21 06:04:37,595 [EventQueue-ContainerReportForContainerReportHandler] WARN  container.ContainerReportHandler (AbstractContainerReportHandler.java:updateContainerState(145)) - Container #1 is in OPEN state, but the datanode 5389c291-9dbf-4ff3-95a2-a367bd79a92b{ip: 192.168.34.63, host: pr-hdds-1868-wsm2n-11235469, networkLocation: /default-rack, certSerialId: null} reports an CLOSED replica.
2019-10-21 06:04:37,807 [EventQueue-ContainerReportForContainerReportHandler] WARN  container.ContainerReportHandler (AbstractContainerReportHandler.java:updateContainerState(145)) - Container #1 is in OPEN state, but the datanode 2de534ac-c407-4ec5-ab68-e4d0e1b50d95{ip: 192.168.34.63, host: pr-hdds-1868-wsm2n-11235469, networkLocation: /default-rack, certSerialId: null} reports an CLOSED replica.
2019-10-21 06:04:37,858 [BlockDeletingService#2] WARN  background.BlockDeletingService (BlockDeletingService.java:isDeletionAllowed(187)) - Close Container log Index 6 is not replicated across allthe servers in the pipeline 8f9e0d08-2118-49e4-bafd-58705ffbd881 as the min replicated index is 4. Deletion is not allowed in this container yet.
2019-10-21 06:04:37,858 [BlockDeletingService#2] WARN  background.BlockDeletingService (BlockDeletingService.java:isDeletionAllowed(187)) - Close Container log Index 6 is not replicated across allthe servers in the pipeline 8f9e0d08-2118-49e4-bafd-58705ffbd881 as the min replicated index is 4. Deletion is not allowed in this container yet.
2019-10-21 06:04:37,895 [EventQueue-ContainerReportForContainerReportHandler] WARN  container.ContainerReportHandler (AbstractContainerReportHandler.java:updateContainerState(145)) - Container #1 is in OPEN state, but the datanode 5389c291-9dbf-4ff3-95a2-a367bd79a92b{ip: 192.168.34.63, host: pr-hdds-1868-wsm2n-11235469, networkLocation: /default-rack, certSerialId: null} reports an CLOSED replica.
2019-10-21 06:04:38,095 [EventQueue-ContainerReportForContainerReportHandler] WARN  container.ContainerReportHandler (AbstractContainerReportHandler.java:updateContainerState(145)) - Container #1 is in OPEN state, but the datanode 5389c291-9dbf-4ff3-95a2-a367bd79a92b{ip: 192.168.34.63, host: pr-hdds-1868-wsm2n-11235469, networkLocation: /default-rack, certSerialId: null} reports an CLOSED replica.
2019-10-21 06:04:38,107 [EventQueue-ContainerReportForContainerReportHandler] WARN  container.ContainerReportHandler (AbstractContainerReportHandler.java:updateContainerState(145)) - Container #1 is in OPEN state, but the datanode 2de534ac-c407-4ec5-ab68-e4d0e1b50d95{ip: 192.168.34.63, host: pr-hdds-1868-wsm2n-11235469, networkLocation: /default-rack, certSerialId: null} reports an CLOSED replica.
2019-10-21 06:04:38,307 [EventQueue-ContainerReportForContainerReportHandler] WARN  container.ContainerReportHandler (AbstractContainerReportHandler.java:updateContainerState(145)) - Container #1 is in OPEN state, but the datanode 2de534ac-c407-4ec5-ab68-e4d0e1b50d95{ip: 192.168.34.63, host: pr-hdds-1868-wsm2n-11235469, networkLocation: /default-rack, certSerialId: null} reports an CLOSED replica.
2019-10-21 06:04:38,496 [EventQueue-ContainerReportForContainerReportHandler] WARN  container.ContainerReportHandler (AbstractContainerReportHandler.java:updateContainerState(145)) - Container #1 is in OPEN state, but the datanode 5389c291-9dbf-4ff3-95a2-a367bd79a92b{ip: 192.168.34.63, host: pr-hdds-1868-wsm2n-11235469, networkLocation: /default-rack, certSerialId: null} reports an CLOSED replica.
2019-10-21 06:04:38,507 [EventQueue-ContainerReportForContainerReportHandler] WARN  container.ContainerReportHandler (AbstractContainerReportHandler.java:updateContainerState(145)) - Container #1 is in OPEN state, but the datanode 2de534ac-c407-4ec5-ab68-e4d0e1b50d95{ip: 192.168.34.63, host: pr-hdds-1868-wsm2n-11235469, networkLocation: /default-rack, certSerialId: null} reports an CLOSED replica.
2019-10-21 06:04:38,707 [EventQueue-ContainerReportForContainerReportHandler] WARN  container.ContainerReportHandler (AbstractContainerReportHandler.java:updateContainerState(145)) - Container #1 is in OPEN state, but the datanode 2de534ac-c407-4ec5-ab68-e4d0e1b50d95{ip: 192.168.34.63, host: pr-hdds-1868-wsm2n-11235469, networkLocation: /default-rack, certSerialId: null} reports an CLOSED replica.
2019-10-21 06:04:38,797 [EventQueue-ContainerReportForContainerReportHandler] WARN  container.ContainerReportHandler (AbstractContainerReportHandler.java:updateContainerState(145)) - Container #1 is in OPEN state, but the datanode 5389c291-9dbf-4ff3-95a2-a367bd79a92b{ip: 192.168.34.63, host: pr-hdds-1868-wsm2n-11235469, networkLocation: /default-rack, certSerialId: null} reports an CLOSED replica.
2019-10-21 06:04:38,860 [BlockDeletingService#2] WARN  background.BlockDeletingService (BlockDeletingService.java:isDeletionAllowed(187)) - Close Container log Index 6 is not replicated across allthe servers in the pipeline 8f9e0d08-2118-49e4-bafd-58705ffbd881 as the min replicated index is 4. Deletion is not allowed in this container yet.
2019-10-21 06:04:38,860 [BlockDeletingService#2] WARN  background.BlockDeletingService (BlockDeletingService.java:isDeletionAllowed(187)) - Close Container log Index 6 is not replicated across allthe servers in the pipeline 8f9e0d08-2118-49e4-bafd-58705ffbd881 as the min replicated index is 4. Deletion is not allowed in this container yet.
2019-10-21 06:04:38,907 [EventQueue-ContainerReportForContainerReportHandler] WARN  container.ContainerReportHandler (AbstractContainerReportHandler.java:updateContainerState(145)) - Container #1 is in OPEN state, but the datanode 2de534ac-c407-4ec5-ab68-e4d0e1b50d95{ip: 192.168.34.63, host: pr-hdds-1868-wsm2n-11235469, networkLocation: /default-rack, certSerialId: null} reports an CLOSED replica.
2019-10-21 06:04:38,914 [java.util.concurrent.ThreadPoolExecutor$Worker@29bf4258[State = -1, empty queue]] WARN  server.GrpcLogAppender (GrpcLogAppender.java:timeoutAppendRequest(209)) - 5389c291-9dbf-4ff3-95a2-a367bd79a92b@group-58705FFBD881->a588f1ac-0e88-414d-9361-c050928a17f1-GrpcLogAppender: appendEntries Timeout, request=5389c291-9dbf-4ff3-95a2-a367bd79a92b->a588f1ac-0e88-414d-9361-c050928a17f1#40-t1, previous=(t:1, i:10), leaderCommit=10, initializing? false, entries: <empty>
2019-10-21 06:04:38,998 [EventQueue-ContainerReportForContainerReportHandler] WARN  container.ContainerReportHandler (AbstractContainerReportHandler.java:updateContainerState(145)) - Container #1 is in OPEN state, but the datanode 5389c291-9dbf-4ff3-95a2-a367bd79a92b{ip: 192.168.34.63, host: pr-hdds-1868-wsm2n-11235469, networkLocation: /default-rack, certSerialId: null} reports an CLOSED replica.
2019-10-21 06:04:39,207 [EventQueue-ContainerReportForContainerReportHandler] WARN  container.ContainerReportHandler (AbstractContainerReportHandler.java:updateContainerState(145)) - Container #1 is in OPEN state, but the datanode 2de534ac-c407-4ec5-ab68-e4d0e1b50d95{ip: 192.168.34.63, host: pr-hdds-1868-wsm2n-11235469, networkLocation: /default-rack, certSerialId: null} reports an CLOSED replica.
2019-10-21 06:04:39,298 [EventQueue-ContainerReportForContainerReportHandler] WARN  container.ContainerReportHandler (AbstractContainerReportHandler.java:updateContainerState(145)) - Container #1 is in OPEN state, but the datanode 5389c291-9dbf-4ff3-95a2-a367bd79a92b{ip: 192.168.34.63, host: pr-hdds-1868-wsm2n-11235469, networkLocation: /default-rack, certSerialId: null} reports an CLOSED replica.
2019-10-21 06:04:39,507 [EventQueue-ContainerReportForContainerReportHandler] WARN  container.ContainerReportHandler (AbstractContainerReportHandler.java:updateContainerState(145)) - Container #1 is in OPEN state, but the datanode 2de534ac-c407-4ec5-ab68-e4d0e1b50d95{ip: 192.168.34.63, host: pr-hdds-1868-wsm2n-11235469, networkLocation: /default-rack, certSerialId: null} reports an CLOSED replica.
2019-10-21 06:04:39,600 [EventQueue-ContainerReportForContainerReportHandler] WARN  container.ContainerReportHandler (AbstractContainerReportHandler.java:updateContainerState(145)) - Container #1 is in OPEN state, but the datanode 5389c291-9dbf-4ff3-95a2-a367bd79a92b{ip: 192.168.34.63, host: pr-hdds-1868-wsm2n-11235469, networkLocation: /default-rack, certSerialId: null} reports an CLOSED replica.
2019-10-21 06:04:39,809 [EventQueue-ContainerReportForContainerReportHandler] WARN  container.ContainerReportHandler (AbstractContainerReportHandler.java:updateContainerState(145)) - Container #1 is in OPEN state, but the datanode 2de534ac-c407-4ec5-ab68-e4d0e1b50d95{ip: 192.168.34.63, host: pr-hdds-1868-wsm2n-11235469, networkLocation: /default-rack, certSerialId: null} reports an CLOSED replica.
2019-10-21 06:04:39,861 [BlockDeletingService#2] WARN  background.BlockDeletingService (BlockDeletingService.java:isDeletionAllowed(187)) - Close Container log Index 6 is not replicated across allthe servers in the pipeline 8f9e0d08-2118-49e4-bafd-58705ffbd881 as the min replicated index is 4. Deletion is not allowed in this container yet.
2019-10-21 06:04:39,861 [BlockDeletingService#2] WARN  background.BlockDeletingService (BlockDeletingService.java:isDeletionAllowed(187)) - Close Container log Index 6 is not replicated across allthe servers in the pipeline 8f9e0d08-2118-49e4-bafd-58705ffbd881 as the min replicated index is 4. Deletion is not allowed in this container yet.
2019-10-21 06:04:39,900 [EventQueue-ContainerReportForContainerReportHandler] WARN  container.ContainerReportHandler (AbstractContainerReportHandler.java:updateContainerState(145)) - Container #1 is in OPEN state, but the datanode 5389c291-9dbf-4ff3-95a2-a367bd79a92b{ip: 192.168.34.63, host: pr-hdds-1868-wsm2n-11235469, networkLocation: /default-rack, certSerialId: null} reports an CLOSED replica.
2019-10-21 06:04:40,110 [EventQueue-ContainerReportForContainerReportHandler] WARN  container.ContainerReportHandler (AbstractContainerReportHandler.java:updateContainerState(145)) - Container #1 is in OPEN state, but the datanode 2de534ac-c407-4ec5-ab68-e4d0e1b50d95{ip: 192.168.34.63, host: pr-hdds-1868-wsm2n-11235469, networkLocation: /default-rack, certSerialId: null} reports an CLOSED replica.
2019-10-21 06:04:40,201 [EventQueue-ContainerReportForContainerReportHandler] WARN  container.ContainerReportHandler (AbstractContainerReportHandler.java:updateContainerState(145)) - Container #1 is in OPEN state, but the datanode 5389c291-9dbf-4ff3-95a2-a367bd79a92b{ip: 192.168.34.63, host: pr-hdds-1868-wsm2n-11235469, networkLocation: /default-rack, certSerialId: null} reports an CLOSED replica.
2019-10-21 06:04:40,402 [EventQueue-ContainerReportForContainerReportHandler] WARN  container.ContainerReportHandler (AbstractContainerReportHandler.java:updateContainerState(145)) - Container #1 is in OPEN state, but the datanode 5389c291-9dbf-4ff3-95a2-a367bd79a92b{ip: 192.168.34.63, host: pr-hdds-1868-wsm2n-11235469, networkLocation: /default-rack, certSerialId: null} reports an CLOSED replica.
2019-10-21 06:04:40,412 [EventQueue-ContainerReportForContainerReportHandler] WARN  container.ContainerReportHandler (AbstractContainerReportHandler.java:updateContainerState(145)) - Container #1 is in OPEN state, but the datanode 2de534ac-c407-4ec5-ab68-e4d0e1b50d95{ip: 192.168.34.63, host: pr-hdds-1868-wsm2n-11235469, networkLocation: /default-rack, certSerialId: null} reports an CLOSED replica.
2019-10-21 06:04:40,714 [EventQueue-ContainerReportForContainerReportHandler] WARN  container.ContainerReportHandler (AbstractContainerReportHandler.java:updateContainerState(145)) - Container #1 is in OPEN state, but the datanode 2de534ac-c407-4ec5-ab68-e4d0e1b50d95{ip: 192.168.34.63, host: pr-hdds-1868-wsm2n-11235469, networkLocation: /default-rack, certSerialId: null} reports an CLOSED replica.
2019-10-21 06:04:40,804 [EventQueue-ContainerReportForContainerReportHandler] WARN  container.ContainerReportHandler (AbstractContainerReportHandler.java:updateContainerState(145)) - Container #1 is in OPEN state, but the datanode 5389c291-9dbf-4ff3-95a2-a367bd79a92b{ip: 192.168.34.63, host: pr-hdds-1868-wsm2n-11235469, networkLocation: /default-rack, certSerialId: null} reports an CLOSED replica.
2019-10-21 06:04:40,863 [BlockDeletingService#2] WARN  background.BlockDeletingService (BlockDeletingService.java:isDeletionAllowed(187)) - Close Container log Index 6 is not replicated across allthe servers in the pipeline 8f9e0d08-2118-49e4-bafd-58705ffbd881 as the min replicated index is 4. Deletion is not allowed in this container yet.
2019-10-21 06:04:40,863 [BlockDeletingService#2] WARN  background.BlockDeletingService (BlockDeletingService.java:isDeletionAllowed(187)) - Close Container log Index 6 is not replicated across allthe servers in the pipeline 8f9e0d08-2118-49e4-bafd-58705ffbd881 as the min replicated index is 4. Deletion is not allowed in this container yet.
2019-10-21 06:04:40,915 [EventQueue-ContainerReportForContainerReportHandler] WARN  container.ContainerReportHandler (AbstractContainerReportHandler.java:updateContainerState(145)) - Container #1 is in OPEN state, but the datanode 2de534ac-c407-4ec5-ab68-e4d0e1b50d95{ip: 192.168.34.63, host: pr-hdds-1868-wsm2n-11235469, networkLocation: /default-rack, certSerialId: null} reports an CLOSED replica.
2019-10-21 06:04:41,005 [EventQueue-ContainerReportForContainerReportHandler] WARN  container.ContainerReportHandler (AbstractContainerReportHandler.java:updateContainerState(145)) - Container #1 is in OPEN state, but the datanode 5389c291-9dbf-4ff3-95a2-a367bd79a92b{ip: 192.168.34.63, host: pr-hdds-1868-wsm2n-11235469, networkLocation: /default-rack, certSerialId: null} reports an CLOSED replica.
2019-10-21 06:04:41,217 [EventQueue-ContainerReportForContainerReportHandler] WARN  container.ContainerReportHandler (AbstractContainerReportHandler.java:updateContainerState(145)) - Container #1 is in OPEN state, but the datanode 2de534ac-c407-4ec5-ab68-e4d0e1b50d95{ip: 192.168.34.63, host: pr-hdds-1868-wsm2n-11235469, networkLocation: /default-rack, certSerialId: null} reports an CLOSED replica.
2019-10-21 06:04:41,304 [EventQueue-ContainerReportForContainerReportHandler] WARN  container.ContainerReportHandler (AbstractContainerReportHandler.java:updateContainerState(145)) - Container #1 is in OPEN state, but the datanode 5389c291-9dbf-4ff3-95a2-a367bd79a92b{ip: 192.168.34.63, host: pr-hdds-1868-wsm2n-11235469, networkLocation: /default-rack, certSerialId: null} reports an CLOSED replica.
2019-10-21 06:04:41,415 [java.util.concurrent.ThreadPoolExecutor$Worker@29bf4258[State = -1, empty queue]] WARN  server.GrpcLogAppender (GrpcLogAppender.java:timeoutAppendRequest(209)) - 5389c291-9dbf-4ff3-95a2-a367bd79a92b@group-58705FFBD881->a588f1ac-0e88-414d-9361-c050928a17f1-GrpcLogAppender: appendEntries Timeout, request=5389c291-9dbf-4ff3-95a2-a367bd79a92b->a588f1ac-0e88-414d-9361-c050928a17f1#41-t1, previous=(t:1, i:10), leaderCommit=10, initializing? false, entries: <empty>
2019-10-21 06:04:41,504 [EventQueue-ContainerReportForContainerReportHandler] WARN  container.ContainerReportHandler (AbstractContainerReportHandler.java:updateContainerState(145)) - Container #1 is in OPEN state, but the datanode 5389c291-9dbf-4ff3-95a2-a367bd79a92b{ip: 192.168.34.63, host: pr-hdds-1868-wsm2n-11235469, networkLocation: /default-rack, certSerialId: null} reports an CLOSED replica.
2019-10-21 06:04:41,517 [EventQueue-ContainerReportForContainerReportHandler] WARN  container.ContainerReportHandler (AbstractContainerReportHandler.java:updateContainerState(145)) - Container #1 is in OPEN state, but the datanode 2de534ac-c407-4ec5-ab68-e4d0e1b50d95{ip: 192.168.34.63, host: pr-hdds-1868-wsm2n-11235469, networkLocation: /default-rack, certSerialId: null} reports an CLOSED replica.
2019-10-21 06:04:41,805 [EventQueue-ContainerReportForContainerReportHandler] WARN  container.ContainerReportHandler (AbstractContainerReportHandler.java:updateContainerState(145)) - Container #1 is in OPEN state, but the datanode 5389c291-9dbf-4ff3-95a2-a367bd79a92b{ip: 192.168.34.63, host: pr-hdds-1868-wsm2n-11235469, networkLocation: /default-rack, certSerialId: null} reports an CLOSED replica.
2019-10-21 06:04:41,864 [BlockDeletingService#2] WARN  background.BlockDeletingService (BlockDeletingService.java:isDeletionAllowed(187)) - Close Container log Index 6 is not replicated across allthe servers in the pipeline 8f9e0d08-2118-49e4-bafd-58705ffbd881 as the min replicated index is 4. Deletion is not allowed in this container yet.
2019-10-21 06:04:41,864 [BlockDeletingService#2] WARN  background.BlockDeletingService (BlockDeletingService.java:isDeletionAllowed(187)) - Close Container log Index 6 is not replicated across allthe servers in the pipeline 8f9e0d08-2118-49e4-bafd-58705ffbd881 as the min replicated index is 4. Deletion is not allowed in this container yet.
2019-10-21 06:04:41,917 [EventQueue-ContainerReportForContainerReportHandler] WARN  container.ContainerReportHandler (AbstractContainerReportHandler.java:updateContainerState(145)) - Container #1 is in OPEN state, but the datanode 2de534ac-c407-4ec5-ab68-e4d0e1b50d95{ip: 192.168.34.63, host: pr-hdds-1868-wsm2n-11235469, networkLocation: /default-rack, certSerialId: null} reports an CLOSED replica.
2019-10-21 06:04:42,117 [EventQueue-ContainerReportForContainerReportHandler] WARN  container.ContainerReportHandler (AbstractContainerReportHandler.java:updateContainerState(145)) - Container #1 is in OPEN state, but the datanode 2de534ac-c407-4ec5-ab68-e4d0e1b50d95{ip: 192.168.34.63, host: pr-hdds-1868-wsm2n-11235469, networkLocation: /default-rack, certSerialId: null} reports an CLOSED replica.
2019-10-21 06:04:42,205 [EventQueue-ContainerReportForContainerReportHandler] WARN  container.ContainerReportHandler (AbstractContainerReportHandler.java:updateContainerState(145)) - Container #1 is in OPEN state, but the datanode 5389c291-9dbf-4ff3-95a2-a367bd79a92b{ip: 192.168.34.63, host: pr-hdds-1868-wsm2n-11235469, networkLocation: /default-rack, certSerialId: null} reports an CLOSED replica.
2019-10-21 06:04:42,417 [EventQueue-ContainerReportForContainerReportHandler] WARN  container.ContainerReportHandler (AbstractContainerReportHandler.java:updateContainerState(145)) - Container #1 is in OPEN state, but the datanode 2de534ac-c407-4ec5-ab68-e4d0e1b50d95{ip: 192.168.34.63, host: pr-hdds-1868-wsm2n-11235469, networkLocation: /default-rack, certSerialId: null} reports an CLOSED replica.
2019-10-21 06:04:42,505 [EventQueue-ContainerReportForContainerReportHandler] WARN  container.ContainerReportHandler (AbstractContainerReportHandler.java:updateContainerState(145)) - Container #1 is in OPEN state, but the datanode 5389c291-9dbf-4ff3-95a2-a367bd79a92b{ip: 192.168.34.63, host: pr-hdds-1868-wsm2n-11235469, networkLocation: /default-rack, certSerialId: null} reports an CLOSED replica.
2019-10-21 06:04:42,717 [EventQueue-ContainerReportForContainerReportHandler] WARN  container.ContainerReportHandler (AbstractContainerReportHandler.java:updateContainerState(145)) - Container #1 is in OPEN state, but the datanode 2de534ac-c407-4ec5-ab68-e4d0e1b50d95{ip: 192.168.34.63, host: pr-hdds-1868-wsm2n-11235469, networkLocation: /default-rack, certSerialId: null} reports an CLOSED replica.
2019-10-21 06:04:42,866 [BlockDeletingService#2] WARN  background.BlockDeletingService (BlockDeletingService.java:isDeletionAllowed(187)) - Close Container log Index 6 is not replicated across allthe servers in the pipeline 8f9e0d08-2118-49e4-bafd-58705ffbd881 as the min replicated index is 4. Deletion is not allowed in this container yet.
2019-10-21 06:04:42,866 [BlockDeletingService#2] WARN  background.BlockDeletingService (BlockDeletingService.java:isDeletionAllowed(187)) - Close Container log Index 6 is not replicated across allthe servers in the pipeline 8f9e0d08-2118-49e4-bafd-58705ffbd881 as the min replicated index is 4. Deletion is not allowed in this container yet.
2019-10-21 06:04:42,905 [EventQueue-ContainerReportForContainerReportHandler] WARN  container.ContainerReportHandler (AbstractContainerReportHandler.java:updateContainerState(145)) - Container #1 is in OPEN state, but the datanode 5389c291-9dbf-4ff3-95a2-a367bd79a92b{ip: 192.168.34.63, host: pr-hdds-1868-wsm2n-11235469, networkLocation: /default-rack, certSerialId: null} reports an CLOSED replica.
2019-10-21 06:04:43,017 [EventQueue-ContainerReportForContainerReportHandler] WARN  container.ContainerReportHandler (AbstractContainerReportHandler.java:updateContainerState(145)) - Container #1 is in OPEN state, but the datanode 2de534ac-c407-4ec5-ab68-e4d0e1b50d95{ip: 192.168.34.63, host: pr-hdds-1868-wsm2n-11235469, networkLocation: /default-rack, certSerialId: null} reports an CLOSED replica.
2019-10-21 06:04:43,206 [EventQueue-ContainerReportForContainerReportHandler] WARN  container.ContainerReportHandler (AbstractContainerReportHandler.java:updateContainerState(145)) - Container #1 is in OPEN state, but the datanode 5389c291-9dbf-4ff3-95a2-a367bd79a92b{ip: 192.168.34.63, host: pr-hdds-1868-wsm2n-11235469, networkLocation: /default-rack, certSerialId: null} reports an CLOSED replica.
2019-10-21 06:04:43,317 [EventQueue-ContainerReportForContainerReportHandler] WARN  container.ContainerReportHandler (AbstractContainerReportHandler.java:updateContainerState(145)) - Container #1 is in OPEN state, but the datanode 2de534ac-c407-4ec5-ab68-e4d0e1b50d95{ip: 192.168.34.63, host: pr-hdds-1868-wsm2n-11235469, networkLocation: /default-rack, certSerialId: null} reports an CLOSED replica.
2019-10-21 06:04:43,546 [Thread-481] INFO  client.GrpcClientProtocolService (GrpcClientProtocolService.java:lambda$processClientRequest$0(279)) - Failed RaftClientRequest:client-6D3018828CA9->2de534ac-c407-4ec5-ab68-e4d0e1b50d95@group-58705FFBD881, cid=22, seq=0, Watch-ALL_COMMITTED(6), Message:<EMPTY>, reply=RaftClientReply:client-6D3018828CA9->2de534ac-c407-4ec5-ab68-e4d0e1b50d95@group-58705FFBD881, cid=22, FAILED org.apache.ratis.protocol.NotLeaderException: Server 2de534ac-c407-4ec5-ab68-e4d0e1b50d95@group-58705FFBD881 is not the leader 5389c291-9dbf-4ff3-95a2-a367bd79a92b:192.168.34.63:45480, logIndex=0, commits[2de534ac-c407-4ec5-ab68-e4d0e1b50d95:c10, 5389c291-9dbf-4ff3-95a2-a367bd79a92b:c10, a588f1ac-0e88-414d-9361-c050928a17f1:c4]
2019-10-21 06:04:43,607 [EventQueue-ContainerReportForContainerReportHandler] WARN  container.ContainerReportHandler (AbstractContainerReportHandler.java:updateContainerState(145)) - Container #1 is in OPEN state, but the datanode 5389c291-9dbf-4ff3-95a2-a367bd79a92b{ip: 192.168.34.63, host: pr-hdds-1868-wsm2n-11235469, networkLocation: /default-rack, certSerialId: null} reports an CLOSED replica.
2019-10-21 06:04:43,618 [EventQueue-ContainerReportForContainerReportHandler] WARN  container.ContainerReportHandler (AbstractContainerReportHandler.java:updateContainerState(145)) - Container #1 is in OPEN state, but the datanode 2de534ac-c407-4ec5-ab68-e4d0e1b50d95{ip: 192.168.34.63, host: pr-hdds-1868-wsm2n-11235469, networkLocation: /default-rack, certSerialId: null} reports an CLOSED replica.
2019-10-21 06:04:43,867 [BlockDeletingService#2] WARN  background.BlockDeletingService (BlockDeletingService.java:isDeletionAllowed(187)) - Close Container log Index 6 is not replicated across allthe servers in the pipeline 8f9e0d08-2118-49e4-bafd-58705ffbd881 as the min replicated index is 4. Deletion is not allowed in this container yet.
2019-10-21 06:04:43,868 [BlockDeletingService#2] WARN  background.BlockDeletingService (BlockDeletingService.java:isDeletionAllowed(187)) - Close Container log Index 6 is not replicated across allthe servers in the pipeline 8f9e0d08-2118-49e4-bafd-58705ffbd881 as the min replicated index is 4. Deletion is not allowed in this container yet.
2019-10-21 06:04:43,916 [java.util.concurrent.ThreadPoolExecutor$Worker@29bf4258[State = -1, empty queue]] WARN  server.GrpcLogAppender (GrpcLogAppender.java:timeoutAppendRequest(209)) - 5389c291-9dbf-4ff3-95a2-a367bd79a92b@group-58705FFBD881->a588f1ac-0e88-414d-9361-c050928a17f1-GrpcLogAppender: appendEntries Timeout, request=5389c291-9dbf-4ff3-95a2-a367bd79a92b->a588f1ac-0e88-414d-9361-c050928a17f1#42-t1, previous=(t:1, i:10), leaderCommit=10, initializing? false, entries: <empty>
2019-10-21 06:04:44,008 [EventQueue-ContainerReportForContainerReportHandler] WARN  container.ContainerReportHandler (AbstractContainerReportHandler.java:updateContainerState(145)) - Container #1 is in OPEN state, but the datanode 5389c291-9dbf-4ff3-95a2-a367bd79a92b{ip: 192.168.34.63, host: pr-hdds-1868-wsm2n-11235469, networkLocation: /default-rack, certSerialId: null} reports an CLOSED replica.
2019-10-21 06:04:44,018 [EventQueue-ContainerReportForContainerReportHandler] WARN  container.ContainerReportHandler (AbstractContainerReportHandler.java:updateContainerState(145)) - Container #1 is in OPEN state, but the datanode 2de534ac-c407-4ec5-ab68-e4d0e1b50d95{ip: 192.168.34.63, host: pr-hdds-1868-wsm2n-11235469, networkLocation: /default-rack, certSerialId: null} reports an CLOSED replica.
2019-10-21 06:04:44,308 [EventQueue-ContainerReportForContainerReportHandler] WARN  container.ContainerReportHandler (AbstractContainerReportHandler.java:updateContainerState(145)) - Container #1 is in OPEN state, but the datanode 5389c291-9dbf-4ff3-95a2-a367bd79a92b{ip: 192.168.34.63, host: pr-hdds-1868-wsm2n-11235469, networkLocation: /default-rack, certSerialId: null} reports an CLOSED replica.
2019-10-21 06:04:44,317 [EventQueue-ContainerReportForContainerReportHandler] WARN  container.ContainerReportHandler (AbstractContainerReportHandler.java:updateContainerState(145)) - Container #1 is in OPEN state, but the datanode 2de534ac-c407-4ec5-ab68-e4d0e1b50d95{ip: 192.168.34.63, host: pr-hdds-1868-wsm2n-11235469, networkLocation: /default-rack, certSerialId: null} reports an CLOSED replica.
2019-10-21 06:04:44,508 [EventQueue-ContainerReportForContainerReportHandler] WARN  container.ContainerReportHandler (AbstractContainerReportHandler.java:updateContainerState(145)) - Container #1 is in OPEN state, but the datanode 5389c291-9dbf-4ff3-95a2-a367bd79a92b{ip: 192.168.34.63, host: pr-hdds-1868-wsm2n-11235469, networkLocation: /default-rack, certSerialId: null} reports an CLOSED replica.
2019-10-21 06:04:44,617 [EventQueue-ContainerReportForContainerReportHandler] WARN  container.ContainerReportHandler (AbstractContainerReportHandler.java:updateContainerState(145)) - Container #1 is in OPEN state, but the datanode 2de534ac-c407-4ec5-ab68-e4d0e1b50d95{ip: 192.168.34.63, host: pr-hdds-1868-wsm2n-11235469, networkLocation: /default-rack, certSerialId: null} reports an CLOSED replica.
2019-10-21 06:04:44,755 [Thread-486] INFO  client.GrpcClientProtocolService (GrpcClientProtocolService.java:lambda$processClientRequest$0(279)) - Failed RaftClientRequest:client-6D3018828CA9->5389c291-9dbf-4ff3-95a2-a367bd79a92b@group-58705FFBD881, cid=22, seq=0, Watch-ALL_COMMITTED(6), Message:<EMPTY>, reply=RaftClientReply:client-6D3018828CA9->5389c291-9dbf-4ff3-95a2-a367bd79a92b@group-58705FFBD881, cid=22, FAILED org.apache.ratis.protocol.NotReplicatedException: Request with call Id 22 and log index 6 is not yet replicated to ALL_COMMITTED, logIndex=6, commits[5389c291-9dbf-4ff3-95a2-a367bd79a92b:c10, 2de534ac-c407-4ec5-ab68-e4d0e1b50d95:c10, a588f1ac-0e88-414d-9361-c050928a17f1:c4]
2019-10-21 06:04:44,808 [EventQueue-ContainerReportForContainerReportHandler] WARN  container.ContainerReportHandler (AbstractContainerReportHandler.java:updateContainerState(145)) - Container #1 is in OPEN state, but the datanode 5389c291-9dbf-4ff3-95a2-a367bd79a92b{ip: 192.168.34.63, host: pr-hdds-1868-wsm2n-11235469, networkLocation: /default-rack, certSerialId: null} reports an CLOSED replica.
2019-10-21 06:04:44,870 [BlockDeletingService#2] WARN  background.BlockDeletingService (BlockDeletingService.java:isDeletionAllowed(187)) - Close Container log Index 6 is not replicated across allthe servers in the pipeline 8f9e0d08-2118-49e4-bafd-58705ffbd881 as the min replicated index is 4. Deletion is not allowed in this container yet.
2019-10-21 06:04:44,870 [BlockDeletingService#2] WARN  background.BlockDeletingService (BlockDeletingService.java:isDeletionAllowed(187)) - Close Container log Index 6 is not replicated across allthe servers in the pipeline 8f9e0d08-2118-49e4-bafd-58705ffbd881 as the min replicated index is 4. Deletion is not allowed in this container yet.
2019-10-21 06:04:44,917 [EventQueue-ContainerReportForContainerReportHandler] WARN  container.ContainerReportHandler (AbstractContainerReportHandler.java:updateContainerState(145)) - Container #1 is in OPEN state, but the datanode 2de534ac-c407-4ec5-ab68-e4d0e1b50d95{ip: 192.168.34.63, host: pr-hdds-1868-wsm2n-11235469, networkLocation: /default-rack, certSerialId: null} reports an CLOSED replica.
2019-10-21 06:04:45,107 [EventQueue-ContainerReportForContainerReportHandler] WARN  container.ContainerReportHandler (AbstractContainerReportHandler.java:updateContainerState(145)) - Container #1 is in OPEN state, but the datanode 5389c291-9dbf-4ff3-95a2-a367bd79a92b{ip: 192.168.34.63, host: pr-hdds-1868-wsm2n-11235469, networkLocation: /default-rack, certSerialId: null} reports an CLOSED replica.
2019-10-21 06:04:45,217 [EventQueue-ContainerReportForContainerReportHandler] WARN  container.ContainerReportHandler (AbstractContainerReportHandler.java:updateContainerState(145)) - Container #1 is in OPEN state, but the datanode 2de534ac-c407-4ec5-ab68-e4d0e1b50d95{ip: 192.168.34.63, host: pr-hdds-1868-wsm2n-11235469, networkLocation: /default-rack, certSerialId: null} reports an CLOSED replica.
2019-10-21 06:04:45,307 [EventQueue-ContainerReportForContainerReportHandler] WARN  container.ContainerReportHandler (AbstractContainerReportHandler.java:updateContainerState(145)) - Container #1 is in OPEN state, but the datanode 5389c291-9dbf-4ff3-95a2-a367bd79a92b{ip: 192.168.34.63, host: pr-hdds-1868-wsm2n-11235469, networkLocation: /default-rack, certSerialId: null} reports an CLOSED replica.
2019-10-21 06:04:45,517 [EventQueue-ContainerReportForContainerReportHandler] WARN  container.ContainerReportHandler (AbstractContainerReportHandler.java:updateContainerState(145)) - Container #1 is in OPEN state, but the datanode 2de534ac-c407-4ec5-ab68-e4d0e1b50d95{ip: 192.168.34.63, host: pr-hdds-1868-wsm2n-11235469, networkLocation: /default-rack, certSerialId: null} reports an CLOSED replica.
2019-10-21 06:04:45,707 [EventQueue-ContainerReportForContainerReportHandler] WARN  container.ContainerReportHandler (AbstractContainerReportHandler.java:updateContainerState(145)) - Container #1 is in OPEN state, but the datanode 5389c291-9dbf-4ff3-95a2-a367bd79a92b{ip: 192.168.34.63, host: pr-hdds-1868-wsm2n-11235469, networkLocation: /default-rack, certSerialId: null} reports an CLOSED replica.
2019-10-21 06:04:45,817 [EventQueue-ContainerReportForContainerReportHandler] WARN  container.ContainerReportHandler (AbstractContainerReportHandler.java:updateContainerState(145)) - Container #1 is in OPEN state, but the datanode 2de534ac-c407-4ec5-ab68-e4d0e1b50d95{ip: 192.168.34.63, host: pr-hdds-1868-wsm2n-11235469, networkLocation: /default-rack, certSerialId: null} reports an CLOSED replica.
2019-10-21 06:04:45,872 [BlockDeletingService#2] WARN  background.BlockDeletingService (BlockDeletingService.java:isDeletionAllowed(187)) - Close Container log Index 6 is not replicated across allthe servers in the pipeline 8f9e0d08-2118-49e4-bafd-58705ffbd881 as the min replicated index is 4. Deletion is not allowed in this container yet.
2019-10-21 06:04:45,872 [BlockDeletingService#2] WARN  background.BlockDeletingService (BlockDeletingService.java:isDeletionAllowed(187)) - Close Container log Index 6 is not replicated across allthe servers in the pipeline 8f9e0d08-2118-49e4-bafd-58705ffbd881 as the min replicated index is 4. Deletion is not allowed in this container yet.
2019-10-21 06:04:45,907 [EventQueue-ContainerReportForContainerReportHandler] WARN  container.ContainerReportHandler (AbstractContainerReportHandler.java:updateContainerState(145)) - Container #1 is in OPEN state, but the datanode 5389c291-9dbf-4ff3-95a2-a367bd79a92b{ip: 192.168.34.63, host: pr-hdds-1868-wsm2n-11235469, networkLocation: /default-rack, certSerialId: null} reports an CLOSED replica.
2019-10-21 06:04:46,207 [EventQueue-ContainerReportForContainerReportHandler] WARN  container.ContainerReportHandler (AbstractContainerReportHandler.java:updateContainerState(145)) - Container #1 is in OPEN state, but the datanode 5389c291-9dbf-4ff3-95a2-a367bd79a92b{ip: 192.168.34.63, host: pr-hdds-1868-wsm2n-11235469, networkLocation: /default-rack, certSerialId: null} reports an CLOSED replica.
2019-10-21 06:04:46,217 [EventQueue-ContainerReportForContainerReportHandler] WARN  container.ContainerReportHandler (AbstractContainerReportHandler.java:updateContainerState(145)) - Container #1 is in OPEN state, but the datanode 2de534ac-c407-4ec5-ab68-e4d0e1b50d95{ip: 192.168.34.63, host: pr-hdds-1868-wsm2n-11235469, networkLocation: /default-rack, certSerialId: null} reports an CLOSED replica.
2019-10-21 06:04:46,407 [EventQueue-ContainerReportForContainerReportHandler] WARN  container.ContainerReportHandler (AbstractContainerReportHandler.java:updateContainerState(145)) - Container #1 is in OPEN state, but the datanode 5389c291-9dbf-4ff3-95a2-a367bd79a92b{ip: 192.168.34.63, host: pr-hdds-1868-wsm2n-11235469, networkLocation: /default-rack, certSerialId: null} reports an CLOSED replica.
2019-10-21 06:04:46,417 [java.util.concurrent.ThreadPoolExecutor$Worker@29bf4258[State = -1, empty queue]] WARN  server.GrpcLogAppender (GrpcLogAppender.java:timeoutAppendRequest(209)) - 5389c291-9dbf-4ff3-95a2-a367bd79a92b@group-58705FFBD881->a588f1ac-0e88-414d-9361-c050928a17f1-GrpcLogAppender: appendEntries Timeout, request=5389c291-9dbf-4ff3-95a2-a367bd79a92b->a588f1ac-0e88-414d-9361-c050928a17f1#43-t1, previous=(t:1, i:10), leaderCommit=10, initializing? false, entries: <empty>
2019-10-21 06:04:46,417 [EventQueue-ContainerReportForContainerReportHandler] WARN  container.ContainerReportHandler (AbstractContainerReportHandler.java:updateContainerState(145)) - Container #1 is in OPEN state, but the datanode 2de534ac-c407-4ec5-ab68-e4d0e1b50d95{ip: 192.168.34.63, host: pr-hdds-1868-wsm2n-11235469, networkLocation: /default-rack, certSerialId: null} reports an CLOSED replica.
2019-10-21 06:04:46,708 [EventQueue-ContainerReportForContainerReportHandler] WARN  container.ContainerReportHandler (AbstractContainerReportHandler.java:updateContainerState(145)) - Container #1 is in OPEN state, but the datanode 5389c291-9dbf-4ff3-95a2-a367bd79a92b{ip: 192.168.34.63, host: pr-hdds-1868-wsm2n-11235469, networkLocation: /default-rack, certSerialId: null} reports an CLOSED replica.
2019-10-21 06:04:46,817 [EventQueue-ContainerReportForContainerReportHandler] WARN  container.ContainerReportHandler (AbstractContainerReportHandler.java:updateContainerState(145)) - Container #1 is in OPEN state, but the datanode 2de534ac-c407-4ec5-ab68-e4d0e1b50d95{ip: 192.168.34.63, host: pr-hdds-1868-wsm2n-11235469, networkLocation: /default-rack, certSerialId: null} reports an CLOSED replica.
2019-10-21 06:04:46,874 [BlockDeletingService#2] WARN  background.BlockDeletingService (BlockDeletingService.java:isDeletionAllowed(187)) - Close Container log Index 6 is not replicated across allthe servers in the pipeline 8f9e0d08-2118-49e4-bafd-58705ffbd881 as the min replicated index is 4. Deletion is not allowed in this container yet.
2019-10-21 06:04:46,874 [BlockDeletingService#2] WARN  background.BlockDeletingService (BlockDeletingService.java:isDeletionAllowed(187)) - Close Container log Index 6 is not replicated across allthe servers in the pipeline 8f9e0d08-2118-49e4-bafd-58705ffbd881 as the min replicated index is 4. Deletion is not allowed in this container yet.
2019-10-21 06:04:47,008 [EventQueue-ContainerReportForContainerReportHandler] WARN  container.ContainerReportHandler (AbstractContainerReportHandler.java:updateContainerState(145)) - Container #1 is in OPEN state, but the datanode 5389c291-9dbf-4ff3-95a2-a367bd79a92b{ip: 192.168.34.63, host: pr-hdds-1868-wsm2n-11235469, networkLocation: /default-rack, certSerialId: null} reports an CLOSED replica.
2019-10-21 06:04:47,118 [EventQueue-ContainerReportForContainerReportHandler] WARN  container.ContainerReportHandler (AbstractContainerReportHandler.java:updateContainerState(145)) - Container #1 is in OPEN state, but the datanode 2de534ac-c407-4ec5-ab68-e4d0e1b50d95{ip: 192.168.34.63, host: pr-hdds-1868-wsm2n-11235469, networkLocation: /default-rack, certSerialId: null} reports an CLOSED replica.
2019-10-21 06:04:47,309 [EventQueue-ContainerReportForContainerReportHandler] WARN  container.ContainerReportHandler (AbstractContainerReportHandler.java:updateContainerState(145)) - Container #1 is in OPEN state, but the datanode 5389c291-9dbf-4ff3-95a2-a367bd79a92b{ip: 192.168.34.63, host: pr-hdds-1868-wsm2n-11235469, networkLocation: /default-rack, certSerialId: null} reports an CLOSED replica.
2019-10-21 06:04:47,319 [EventQueue-ContainerReportForContainerReportHandler] WARN  container.ContainerReportHandler (AbstractContainerReportHandler.java:updateContainerState(145)) - Container #1 is in OPEN state, but the datanode 2de534ac-c407-4ec5-ab68-e4d0e1b50d95{ip: 192.168.34.63, host: pr-hdds-1868-wsm2n-11235469, networkLocation: /default-rack, certSerialId: null} reports an CLOSED replica.
2019-10-21 06:04:47,621 [EventQueue-ContainerReportForContainerReportHandler] WARN  container.ContainerReportHandler (AbstractContainerReportHandler.java:updateContainerState(145)) - Container #1 is in OPEN state, but the datanode 2de534ac-c407-4ec5-ab68-e4d0e1b50d95{ip: 192.168.34.63, host: pr-hdds-1868-wsm2n-11235469, networkLocation: /default-rack, certSerialId: null} reports an CLOSED replica.
2019-10-21 06:04:47,709 [EventQueue-ContainerReportForContainerReportHandler] WARN  container.ContainerReportHandler (AbstractContainerReportHandler.java:updateContainerState(145)) - Container #1 is in OPEN state, but the datanode 5389c291-9dbf-4ff3-95a2-a367bd79a92b{ip: 192.168.34.63, host: pr-hdds-1868-wsm2n-11235469, networkLocation: /default-rack, certSerialId: null} reports an CLOSED replica.
2019-10-21 06:04:47,878 [BlockDeletingService#2] WARN  background.BlockDeletingService (BlockDeletingService.java:isDeletionAllowed(187)) - Close Container log Index 6 is not replicated across allthe servers in the pipeline 8f9e0d08-2118-49e4-bafd-58705ffbd881 as the min replicated index is 4. Deletion is not allowed in this container yet.
2019-10-21 06:04:47,878 [BlockDeletingService#2] WARN  background.BlockDeletingService (BlockDeletingService.java:isDeletionAllowed(187)) - Close Container log Index 6 is not replicated across allthe servers in the pipeline 8f9e0d08-2118-49e4-bafd-58705ffbd881 as the min replicated index is 4. Deletion is not allowed in this container yet.
2019-10-21 06:04:48,010 [EventQueue-ContainerReportForContainerReportHandler] WARN  container.ContainerReportHandler (AbstractContainerReportHandler.java:updateContainerState(145)) - Container #1 is in OPEN state, but the datanode 5389c291-9dbf-4ff3-95a2-a367bd79a92b{ip: 192.168.34.63, host: pr-hdds-1868-wsm2n-11235469, networkLocation: /default-rack, certSerialId: null} reports an CLOSED replica.
2019-10-21 06:04:48,021 [EventQueue-ContainerReportForContainerReportHandler] WARN  container.ContainerReportHandler (AbstractContainerReportHandler.java:updateContainerState(145)) - Container #1 is in OPEN state, but the datanode 2de534ac-c407-4ec5-ab68-e4d0e1b50d95{ip: 192.168.34.63, host: pr-hdds-1868-wsm2n-11235469, networkLocation: /default-rack, certSerialId: null} reports an CLOSED replica.
2019-10-21 06:04:48,221 [EventQueue-ContainerReportForContainerReportHandler] WARN  container.ContainerReportHandler (AbstractContainerReportHandler.java:updateContainerState(145)) - Container #1 is in OPEN state, but the datanode 2de534ac-c407-4ec5-ab68-e4d0e1b50d95{ip: 192.168.34.63, host: pr-hdds-1868-wsm2n-11235469, networkLocation: /default-rack, certSerialId: null} reports an CLOSED replica.
2019-10-21 06:04:48,311 [EventQueue-ContainerReportForContainerReportHandler] WARN  container.ContainerReportHandler (AbstractContainerReportHandler.java:updateContainerState(145)) - Container #1 is in OPEN state, but the datanode 5389c291-9dbf-4ff3-95a2-a367bd79a92b{ip: 192.168.34.63, host: pr-hdds-1868-wsm2n-11235469, networkLocation: /default-rack, certSerialId: null} reports an CLOSED replica.
2019-10-21 06:04:48,610 [EventQueue-ContainerReportForContainerReportHandler] WARN  container.ContainerReportHandler (AbstractContainerReportHandler.java:updateContainerState(145)) - Container #1 is in OPEN state, but the datanode 5389c291-9dbf-4ff3-95a2-a367bd79a92b{ip: 192.168.34.63, host: pr-hdds-1868-wsm2n-11235469, networkLocation: /default-rack, certSerialId: null} reports an CLOSED replica.
2019-10-21 06:04:48,620 [EventQueue-ContainerReportForContainerReportHandler] WARN  container.ContainerReportHandler (AbstractContainerReportHandler.java:updateContainerState(145)) - Container #1 is in OPEN state, but the datanode 2de534ac-c407-4ec5-ab68-e4d0e1b50d95{ip: 192.168.34.63, host: pr-hdds-1868-wsm2n-11235469, networkLocation: /default-rack, certSerialId: null} reports an CLOSED replica.
2019-10-21 06:04:48,810 [EventQueue-ContainerReportForContainerReportHandler] WARN  container.ContainerReportHandler (AbstractContainerReportHandler.java:updateContainerState(145)) - Container #1 is in OPEN state, but the datanode 5389c291-9dbf-4ff3-95a2-a367bd79a92b{ip: 192.168.34.63, host: pr-hdds-1868-wsm2n-11235469, networkLocation: /default-rack, certSerialId: null} reports an CLOSED replica.
2019-10-21 06:04:48,880 [BlockDeletingService#2] WARN  background.BlockDeletingService (BlockDeletingService.java:isDeletionAllowed(187)) - Close Container log Index 6 is not replicated across allthe servers in the pipeline 8f9e0d08-2118-49e4-bafd-58705ffbd881 as the min replicated index is 4. Deletion is not allowed in this container yet.
2019-10-21 06:04:48,880 [BlockDeletingService#2] WARN  background.BlockDeletingService (BlockDeletingService.java:isDeletionAllowed(187)) - Close Container log Index 6 is not replicated across allthe servers in the pipeline 8f9e0d08-2118-49e4-bafd-58705ffbd881 as the min replicated index is 4. Deletion is not allowed in this container yet.
2019-10-21 06:04:48,917 [java.util.concurrent.ThreadPoolExecutor$Worker@29bf4258[State = -1, empty queue]] WARN  server.GrpcLogAppender (GrpcLogAppender.java:timeoutAppendRequest(209)) - 5389c291-9dbf-4ff3-95a2-a367bd79a92b@group-58705FFBD881->a588f1ac-0e88-414d-9361-c050928a17f1-GrpcLogAppender: appendEntries Timeout, request=5389c291-9dbf-4ff3-95a2-a367bd79a92b->a588f1ac-0e88-414d-9361-c050928a17f1#44-t1, previous=(t:1, i:10), leaderCommit=10, initializing? false, entries: <empty>
2019-10-21 06:04:49,021 [EventQueue-ContainerReportForContainerReportHandler] WARN  container.ContainerReportHandler (AbstractContainerReportHandler.java:updateContainerState(145)) - Container #1 is in OPEN state, but the datanode 2de534ac-c407-4ec5-ab68-e4d0e1b50d95{ip: 192.168.34.63, host: pr-hdds-1868-wsm2n-11235469, networkLocation: /default-rack, certSerialId: null} reports an CLOSED replica.
2019-10-21 06:04:49,111 [EventQueue-ContainerReportForContainerReportHandler] WARN  container.ContainerReportHandler (AbstractContainerReportHandler.java:updateContainerState(145)) - Container #1 is in OPEN state, but the datanode 5389c291-9dbf-4ff3-95a2-a367bd79a92b{ip: 192.168.34.63, host: pr-hdds-1868-wsm2n-11235469, networkLocation: /default-rack, certSerialId: null} reports an CLOSED replica.
2019-10-21 06:04:49,321 [EventQueue-ContainerReportForContainerReportHandler] WARN  container.ContainerReportHandler (AbstractContainerReportHandler.java:updateContainerState(145)) - Container #1 is in OPEN state, but the datanode 2de534ac-c407-4ec5-ab68-e4d0e1b50d95{ip: 192.168.34.63, host: pr-hdds-1868-wsm2n-11235469, networkLocation: /default-rack, certSerialId: null} reports an CLOSED replica.
2019-10-21 06:04:49,411 [EventQueue-ContainerReportForContainerReportHandler] WARN  container.ContainerReportHandler (AbstractContainerReportHandler.java:updateContainerState(145)) - Container #1 is in OPEN state, but the datanode 5389c291-9dbf-4ff3-95a2-a367bd79a92b{ip: 192.168.34.63, host: pr-hdds-1868-wsm2n-11235469, networkLocation: /default-rack, certSerialId: null} reports an CLOSED replica.
2019-10-21 06:04:49,621 [EventQueue-ContainerReportForContainerReportHandler] WARN  container.ContainerReportHandler (AbstractContainerReportHandler.java:updateContainerState(145)) - Container #1 is in OPEN state, but the datanode 2de534ac-c407-4ec5-ab68-e4d0e1b50d95{ip: 192.168.34.63, host: pr-hdds-1868-wsm2n-11235469, networkLocation: /default-rack, certSerialId: null} reports an CLOSED replica.
2019-10-21 06:04:49,712 [EventQueue-ContainerReportForContainerReportHandler] WARN  container.ContainerReportHandler (AbstractContainerReportHandler.java:updateContainerState(145)) - Container #1 is in OPEN state, but the datanode 5389c291-9dbf-4ff3-95a2-a367bd79a92b{ip: 192.168.34.63, host: pr-hdds-1868-wsm2n-11235469, networkLocation: /default-rack, certSerialId: null} reports an CLOSED replica.
2019-10-21 06:04:49,883 [BlockDeletingService#2] WARN  background.BlockDeletingService (BlockDeletingService.java:isDeletionAllowed(187)) - Close Container log Index 6 is not replicated across allthe servers in the pipeline 8f9e0d08-2118-49e4-bafd-58705ffbd881 as the min replicated index is 4. Deletion is not allowed in this container yet.
2019-10-21 06:04:49,883 [BlockDeletingService#2] WARN  background.BlockDeletingService (BlockDeletingService.java:isDeletionAllowed(187)) - Close Container log Index 6 is not replicated across allthe servers in the pipeline 8f9e0d08-2118-49e4-bafd-58705ffbd881 as the min replicated index is 4. Deletion is not allowed in this container yet.
2019-10-21 06:04:49,921 [EventQueue-ContainerReportForContainerReportHandler] WARN  container.ContainerReportHandler (AbstractContainerReportHandler.java:updateContainerState(145)) - Container #1 is in OPEN state, but the datanode 2de534ac-c407-4ec5-ab68-e4d0e1b50d95{ip: 192.168.34.63, host: pr-hdds-1868-wsm2n-11235469, networkLocation: /default-rack, certSerialId: null} reports an CLOSED replica.
2019-10-21 06:04:50,012 [EventQueue-ContainerReportForContainerReportHandler] WARN  container.ContainerReportHandler (AbstractContainerReportHandler.java:updateContainerState(145)) - Container #1 is in OPEN state, but the datanode 5389c291-9dbf-4ff3-95a2-a367bd79a92b{ip: 192.168.34.63, host: pr-hdds-1868-wsm2n-11235469, networkLocation: /default-rack, certSerialId: null} reports an CLOSED replica.
2019-10-21 06:04:50,222 [EventQueue-ContainerReportForContainerReportHandler] WARN  container.ContainerReportHandler (AbstractContainerReportHandler.java:updateContainerState(145)) - Container #1 is in OPEN state, but the datanode 2de534ac-c407-4ec5-ab68-e4d0e1b50d95{ip: 192.168.34.63, host: pr-hdds-1868-wsm2n-11235469, networkLocation: /default-rack, certSerialId: null} reports an CLOSED replica.
2019-10-21 06:04:50,312 [EventQueue-ContainerReportForContainerReportHandler] WARN  container.ContainerReportHandler (AbstractContainerReportHandler.java:updateContainerState(145)) - Container #1 is in OPEN state, but the datanode 5389c291-9dbf-4ff3-95a2-a367bd79a92b{ip: 192.168.34.63, host: pr-hdds-1868-wsm2n-11235469, networkLocation: /default-rack, certSerialId: null} reports an CLOSED replica.
2019-10-21 06:04:50,421 [EventQueue-ContainerReportForContainerReportHandler] WARN  container.ContainerReportHandler (AbstractContainerReportHandler.java:updateContainerState(145)) - Container #1 is in OPEN state, but the datanode 2de534ac-c407-4ec5-ab68-e4d0e1b50d95{ip: 192.168.34.63, host: pr-hdds-1868-wsm2n-11235469, networkLocation: /default-rack, certSerialId: null} reports an CLOSED replica.
2019-10-21 06:04:50,512 [EventQueue-ContainerReportForContainerReportHandler] WARN  container.ContainerReportHandler (AbstractContainerReportHandler.java:updateContainerState(145)) - Container #1 is in OPEN state, but the datanode 5389c291-9dbf-4ff3-95a2-a367bd79a92b{ip: 192.168.34.63, host: pr-hdds-1868-wsm2n-11235469, networkLocation: /default-rack, certSerialId: null} reports an CLOSED replica.
2019-10-21 06:04:50,622 [EventQueue-ContainerReportForContainerReportHandler] WARN  container.ContainerReportHandler (AbstractContainerReportHandler.java:updateContainerState(145)) - Container #1 is in OPEN state, but the datanode 2de534ac-c407-4ec5-ab68-e4d0e1b50d95{ip: 192.168.34.63, host: pr-hdds-1868-wsm2n-11235469, networkLocation: /default-rack, certSerialId: null} reports an CLOSED replica.
2019-10-21 06:04:50,812 [EventQueue-ContainerReportForContainerReportHandler] WARN  container.ContainerReportHandler (AbstractContainerReportHandler.java:updateContainerState(145)) - Container #1 is in OPEN state, but the datanode 5389c291-9dbf-4ff3-95a2-a367bd79a92b{ip: 192.168.34.63, host: pr-hdds-1868-wsm2n-11235469, networkLocation: /default-rack, certSerialId: null} reports an CLOSED replica.
2019-10-21 06:04:50,885 [BlockDeletingService#2] WARN  background.BlockDeletingService (BlockDeletingService.java:isDeletionAllowed(187)) - Close Container log Index 6 is not replicated across allthe servers in the pipeline 8f9e0d08-2118-49e4-bafd-58705ffbd881 as the min replicated index is 4. Deletion is not allowed in this container yet.
2019-10-21 06:04:50,886 [BlockDeletingService#2] WARN  background.BlockDeletingService (BlockDeletingService.java:isDeletionAllowed(187)) - Close Container log Index 6 is not replicated across allthe servers in the pipeline 8f9e0d08-2118-49e4-bafd-58705ffbd881 as the min replicated index is 4. Deletion is not allowed in this container yet.
2019-10-21 06:04:50,921 [EventQueue-ContainerReportForContainerReportHandler] WARN  container.ContainerReportHandler (AbstractContainerReportHandler.java:updateContainerState(145)) - Container #1 is in OPEN state, but the datanode 2de534ac-c407-4ec5-ab68-e4d0e1b50d95{ip: 192.168.34.63, host: pr-hdds-1868-wsm2n-11235469, networkLocation: /default-rack, certSerialId: null} reports an CLOSED replica.
2019-10-21 06:04:51,013 [EventQueue-ContainerReportForContainerReportHandler] WARN  container.ContainerReportHandler (AbstractContainerReportHandler.java:updateContainerState(145)) - Container #1 is in OPEN state, but the datanode 5389c291-9dbf-4ff3-95a2-a367bd79a92b{ip: 192.168.34.63, host: pr-hdds-1868-wsm2n-11235469, networkLocation: /default-rack, certSerialId: null} reports an CLOSED replica.
2019-10-21 06:04:51,313 [EventQueue-ContainerReportForContainerReportHandler] WARN  container.ContainerReportHandler (AbstractContainerReportHandler.java:updateContainerState(145)) - Container #1 is in OPEN state, but the datanode 5389c291-9dbf-4ff3-95a2-a367bd79a92b{ip: 192.168.34.63, host: pr-hdds-1868-wsm2n-11235469, networkLocation: /default-rack, certSerialId: null} reports an CLOSED replica.
2019-10-21 06:04:51,321 [EventQueue-ContainerReportForContainerReportHandler] WARN  container.ContainerReportHandler (AbstractContainerReportHandler.java:updateContainerState(145)) - Container #1 is in OPEN state, but the datanode 2de534ac-c407-4ec5-ab68-e4d0e1b50d95{ip: 192.168.34.63, host: pr-hdds-1868-wsm2n-11235469, networkLocation: /default-rack, certSerialId: null} reports an CLOSED replica.
2019-10-21 06:04:51,421 [java.util.concurrent.ThreadPoolExecutor$Worker@29bf4258[State = -1, empty queue]] WARN  server.GrpcLogAppender (GrpcLogAppender.java:timeoutAppendRequest(209)) - 5389c291-9dbf-4ff3-95a2-a367bd79a92b@group-58705FFBD881->a588f1ac-0e88-414d-9361-c050928a17f1-GrpcLogAppender: appendEntries Timeout, request=5389c291-9dbf-4ff3-95a2-a367bd79a92b->a588f1ac-0e88-414d-9361-c050928a17f1#45-t1, previous=(t:1, i:10), leaderCommit=10, initializing? false, entries: <empty>
2019-10-21 06:04:51,514 [EventQueue-ContainerReportForContainerReportHandler] WARN  container.ContainerReportHandler (AbstractContainerReportHandler.java:updateContainerState(145)) - Container #1 is in OPEN state, but the datanode 5389c291-9dbf-4ff3-95a2-a367bd79a92b{ip: 192.168.34.63, host: pr-hdds-1868-wsm2n-11235469, networkLocation: /default-rack, certSerialId: null} reports an CLOSED replica.
2019-10-21 06:04:51,714 [EventQueue-ContainerReportForContainerReportHandler] WARN  container.ContainerReportHandler (AbstractContainerReportHandler.java:updateContainerState(145)) - Container #1 is in OPEN state, but the datanode 5389c291-9dbf-4ff3-95a2-a367bd79a92b{ip: 192.168.34.63, host: pr-hdds-1868-wsm2n-11235469, networkLocation: /default-rack, certSerialId: null} reports an CLOSED replica.
2019-10-21 06:04:51,722 [EventQueue-ContainerReportForContainerReportHandler] WARN  container.ContainerReportHandler (AbstractContainerReportHandler.java:updateContainerState(145)) - Container #1 is in OPEN state, but the datanode 2de534ac-c407-4ec5-ab68-e4d0e1b50d95{ip: 192.168.34.63, host: pr-hdds-1868-wsm2n-11235469, networkLocation: /default-rack, certSerialId: null} reports an CLOSED replica.
2019-10-21 06:04:51,889 [BlockDeletingService#2] WARN  background.BlockDeletingService (BlockDeletingService.java:isDeletionAllowed(187)) - Close Container log Index 6 is not replicated across allthe servers in the pipeline 8f9e0d08-2118-49e4-bafd-58705ffbd881 as the min replicated index is 4. Deletion is not allowed in this container yet.
2019-10-21 06:04:51,889 [BlockDeletingService#2] WARN  background.BlockDeletingService (BlockDeletingService.java:isDeletionAllowed(187)) - Close Container log Index 6 is not replicated across allthe servers in the pipeline 8f9e0d08-2118-49e4-bafd-58705ffbd881 as the min replicated index is 4. Deletion is not allowed in this container yet.
2019-10-21 06:04:52,018 [EventQueue-ContainerReportForContainerReportHandler] WARN  container.ContainerReportHandler (AbstractContainerReportHandler.java:updateContainerState(145)) - Container #1 is in OPEN state, but the datanode 5389c291-9dbf-4ff3-95a2-a367bd79a92b{ip: 192.168.34.63, host: pr-hdds-1868-wsm2n-11235469, networkLocation: /default-rack, certSerialId: null} reports an CLOSED replica.
2019-10-21 06:04:52,121 [EventQueue-ContainerReportForContainerReportHandler] WARN  container.ContainerReportHandler (AbstractContainerReportHandler.java:updateContainerState(145)) - Container #1 is in OPEN state, but the datanode 2de534ac-c407-4ec5-ab68-e4d0e1b50d95{ip: 192.168.34.63, host: pr-hdds-1868-wsm2n-11235469, networkLocation: /default-rack, certSerialId: null} reports an CLOSED replica.
2019-10-21 06:04:52,322 [EventQueue-ContainerReportForContainerReportHandler] WARN  container.ContainerReportHandler (AbstractContainerReportHandler.java:updateContainerState(145)) - Container #1 is in OPEN state, but the datanode 2de534ac-c407-4ec5-ab68-e4d0e1b50d95{ip: 192.168.34.63, host: pr-hdds-1868-wsm2n-11235469, networkLocation: /default-rack, certSerialId: null} reports an CLOSED replica.
2019-10-21 06:04:52,415 [EventQueue-ContainerReportForContainerReportHandler] WARN  container.ContainerReportHandler (AbstractContainerReportHandler.java:updateContainerState(145)) - Container #1 is in OPEN state, but the datanode 5389c291-9dbf-4ff3-95a2-a367bd79a92b{ip: 192.168.34.63, host: pr-hdds-1868-wsm2n-11235469, networkLocation: /default-rack, certSerialId: null} reports an CLOSED replica.
2019-10-21 06:04:52,717 [EventQueue-ContainerReportForContainerReportHandler] WARN  container.ContainerReportHandler (AbstractContainerReportHandler.java:updateContainerState(145)) - Container #1 is in OPEN state, but the datanode 5389c291-9dbf-4ff3-95a2-a367bd79a92b{ip: 192.168.34.63, host: pr-hdds-1868-wsm2n-11235469, networkLocation: /default-rack, certSerialId: null} reports an CLOSED replica.
2019-10-21 06:04:52,722 [EventQueue-ContainerReportForContainerReportHandler] WARN  container.ContainerReportHandler (AbstractContainerReportHandler.java:updateContainerState(145)) - Container #1 is in OPEN state, but the datanode 2de534ac-c407-4ec5-ab68-e4d0e1b50d95{ip: 192.168.34.63, host: pr-hdds-1868-wsm2n-11235469, networkLocation: /default-rack, certSerialId: null} reports an CLOSED replica.
2019-10-21 06:04:52,891 [BlockDeletingService#2] WARN  background.BlockDeletingService (BlockDeletingService.java:isDeletionAllowed(187)) - Close Container log Index 6 is not replicated across allthe servers in the pipeline 8f9e0d08-2118-49e4-bafd-58705ffbd881 as the min replicated index is 4. Deletion is not allowed in this container yet.
2019-10-21 06:04:52,891 [BlockDeletingService#2] WARN  background.BlockDeletingService (BlockDeletingService.java:isDeletionAllowed(187)) - Close Container log Index 6 is not replicated across allthe servers in the pipeline 8f9e0d08-2118-49e4-bafd-58705ffbd881 as the min replicated index is 4. Deletion is not allowed in this container yet.
2019-10-21 06:04:52,917 [EventQueue-ContainerReportForContainerReportHandler] WARN  container.ContainerReportHandler (AbstractContainerReportHandler.java:updateContainerState(145)) - Container #1 is in OPEN state, but the datanode 5389c291-9dbf-4ff3-95a2-a367bd79a92b{ip: 192.168.34.63, host: pr-hdds-1868-wsm2n-11235469, networkLocation: /default-rack, certSerialId: null} reports an CLOSED replica.
2019-10-21 06:04:53,022 [EventQueue-ContainerReportForContainerReportHandler] WARN  container.ContainerReportHandler (AbstractContainerReportHandler.java:updateContainerState(145)) - Container #1 is in OPEN state, but the datanode 2de534ac-c407-4ec5-ab68-e4d0e1b50d95{ip: 192.168.34.63, host: pr-hdds-1868-wsm2n-11235469, networkLocation: /default-rack, certSerialId: null} reports an CLOSED replica.
2019-10-21 06:04:53,118 [EventQueue-ContainerReportForContainerReportHandler] WARN  container.ContainerReportHandler (AbstractContainerReportHandler.java:updateContainerState(145)) - Container #1 is in OPEN state, but the datanode 5389c291-9dbf-4ff3-95a2-a367bd79a92b{ip: 192.168.34.63, host: pr-hdds-1868-wsm2n-11235469, networkLocation: /default-rack, certSerialId: null} reports an CLOSED replica.
2019-10-21 06:04:53,322 [EventQueue-ContainerReportForContainerReportHandler] WARN  container.ContainerReportHandler (AbstractContainerReportHandler.java:updateContainerState(145)) - Container #1 is in OPEN state, but the datanode 2de534ac-c407-4ec5-ab68-e4d0e1b50d95{ip: 192.168.34.63, host: pr-hdds-1868-wsm2n-11235469, networkLocation: /default-rack, certSerialId: null} reports an CLOSED replica.
2019-10-21 06:04:53,417 [EventQueue-ContainerReportForContainerReportHandler] WARN  container.ContainerReportHandler (AbstractContainerReportHandler.java:updateContainerState(145)) - Container #1 is in OPEN state, but the datanode 5389c291-9dbf-4ff3-95a2-a367bd79a92b{ip: 192.168.34.63, host: pr-hdds-1868-wsm2n-11235469, networkLocation: /default-rack, certSerialId: null} reports an CLOSED replica.
2019-10-21 06:04:53,622 [EventQueue-ContainerReportForContainerReportHandler] WARN  container.ContainerReportHandler (AbstractContainerReportHandler.java:updateContainerState(145)) - Container #1 is in OPEN state, but the datanode 2de534ac-c407-4ec5-ab68-e4d0e1b50d95{ip: 192.168.34.63, host: pr-hdds-1868-wsm2n-11235469, networkLocation: /default-rack, certSerialId: null} reports an CLOSED replica.
2019-10-21 06:04:53,756 [Thread-513] INFO  client.GrpcClientProtocolService (GrpcClientProtocolService.java:lambda$processClientRequest$0(279)) - Failed RaftClientRequest:client-6D3018828CA9->5389c291-9dbf-4ff3-95a2-a367bd79a92b@group-58705FFBD881, cid=22, seq=0, Watch-ALL_COMMITTED(6), Message:<EMPTY>, reply=RaftClientReply:client-6D3018828CA9->5389c291-9dbf-4ff3-95a2-a367bd79a92b@group-58705FFBD881, cid=22, FAILED org.apache.ratis.protocol.NotReplicatedException: Request with call Id 22 and log index 6 is not yet replicated to ALL_COMMITTED, logIndex=6, commits[5389c291-9dbf-4ff3-95a2-a367bd79a92b:c10, 2de534ac-c407-4ec5-ab68-e4d0e1b50d95:c10, a588f1ac-0e88-414d-9361-c050928a17f1:c4]
2019-10-21 06:04:53,818 [EventQueue-ContainerReportForContainerReportHandler] WARN  container.ContainerReportHandler (AbstractContainerReportHandler.java:updateContainerState(145)) - Container #1 is in OPEN state, but the datanode 5389c291-9dbf-4ff3-95a2-a367bd79a92b{ip: 192.168.34.63, host: pr-hdds-1868-wsm2n-11235469, networkLocation: /default-rack, certSerialId: null} reports an CLOSED replica.
2019-10-21 06:04:53,893 [BlockDeletingService#2] WARN  background.BlockDeletingService (BlockDeletingService.java:isDeletionAllowed(187)) - Close Container log Index 6 is not replicated across allthe servers in the pipeline 8f9e0d08-2118-49e4-bafd-58705ffbd881 as the min replicated index is 4. Deletion is not allowed in this container yet.
2019-10-21 06:04:53,895 [BlockDeletingService#2] WARN  background.BlockDeletingService (BlockDeletingService.java:isDeletionAllowed(187)) - Close Container log Index 6 is not replicated across allthe servers in the pipeline 8f9e0d08-2118-49e4-bafd-58705ffbd881 as the min replicated index is 4. Deletion is not allowed in this container yet.
2019-10-21 06:04:53,922 [EventQueue-ContainerReportForContainerReportHandler] WARN  container.ContainerReportHandler (AbstractContainerReportHandler.java:updateContainerState(145)) - Container #1 is in OPEN state, but the datanode 2de534ac-c407-4ec5-ab68-e4d0e1b50d95{ip: 192.168.34.63, host: pr-hdds-1868-wsm2n-11235469, networkLocation: /default-rack, certSerialId: null} reports an CLOSED replica.
2019-10-21 06:04:53,923 [java.util.concurrent.ThreadPoolExecutor$Worker@29bf4258[State = -1, empty queue]] WARN  server.GrpcLogAppender (GrpcLogAppender.java:timeoutAppendRequest(209)) - 5389c291-9dbf-4ff3-95a2-a367bd79a92b@group-58705FFBD881->a588f1ac-0e88-414d-9361-c050928a17f1-GrpcLogAppender: appendEntries Timeout, request=5389c291-9dbf-4ff3-95a2-a367bd79a92b->a588f1ac-0e88-414d-9361-c050928a17f1#46-t1, previous=(t:1, i:10), leaderCommit=10, initializing? false, entries: <empty>
2019-10-21 06:04:54,119 [EventQueue-ContainerReportForContainerReportHandler] WARN  container.ContainerReportHandler (AbstractContainerReportHandler.java:updateContainerState(145)) - Container #1 is in OPEN state, but the datanode 5389c291-9dbf-4ff3-95a2-a367bd79a92b{ip: 192.168.34.63, host: pr-hdds-1868-wsm2n-11235469, networkLocation: /default-rack, certSerialId: null} reports an CLOSED replica.
2019-10-21 06:04:54,221 [EventQueue-ContainerReportForContainerReportHandler] WARN  container.ContainerReportHandler (AbstractContainerReportHandler.java:updateContainerState(145)) - Container #1 is in OPEN state, but the datanode 2de534ac-c407-4ec5-ab68-e4d0e1b50d95{ip: 192.168.34.63, host: pr-hdds-1868-wsm2n-11235469, networkLocation: /default-rack, certSerialId: null} reports an CLOSED replica.
2019-10-21 06:04:54,519 [EventQueue-ContainerReportForContainerReportHandler] WARN  container.ContainerReportHandler (AbstractContainerReportHandler.java:updateContainerState(145)) - Container #1 is in OPEN state, but the datanode 5389c291-9dbf-4ff3-95a2-a367bd79a92b{ip: 192.168.34.63, host: pr-hdds-1868-wsm2n-11235469, networkLocation: /default-rack, certSerialId: null} reports an CLOSED replica.
2019-10-21 06:04:54,521 [EventQueue-ContainerReportForContainerReportHandler] WARN  container.ContainerReportHandler (AbstractContainerReportHandler.java:updateContainerState(145)) - Container #1 is in OPEN state, but the datanode 2de534ac-c407-4ec5-ab68-e4d0e1b50d95{ip: 192.168.34.63, host: pr-hdds-1868-wsm2n-11235469, networkLocation: /default-rack, certSerialId: null} reports an CLOSED replica.
2019-10-21 06:04:54,721 [EventQueue-ContainerReportForContainerReportHandler] WARN  container.ContainerReportHandler (AbstractContainerReportHandler.java:updateContainerState(145)) - Container #1 is in OPEN state, but the datanode 2de534ac-c407-4ec5-ab68-e4d0e1b50d95{ip: 192.168.34.63, host: pr-hdds-1868-wsm2n-11235469, networkLocation: /default-rack, certSerialId: null} reports an CLOSED replica.
2019-10-21 06:04:54,897 [BlockDeletingService#2] WARN  background.BlockDeletingService (BlockDeletingService.java:isDeletionAllowed(187)) - Close Container log Index 6 is not replicated across allthe servers in the pipeline 8f9e0d08-2118-49e4-bafd-58705ffbd881 as the min replicated index is 4. Deletion is not allowed in this container yet.
2019-10-21 06:04:54,897 [BlockDeletingService#2] WARN  background.BlockDeletingService (BlockDeletingService.java:isDeletionAllowed(187)) - Close Container log Index 6 is not replicated across allthe servers in the pipeline 8f9e0d08-2118-49e4-bafd-58705ffbd881 as the min replicated index is 4. Deletion is not allowed in this container yet.
2019-10-21 06:04:54,919 [EventQueue-ContainerReportForContainerReportHandler] WARN  container.ContainerReportHandler (AbstractContainerReportHandler.java:updateContainerState(145)) - Container #1 is in OPEN state, but the datanode 5389c291-9dbf-4ff3-95a2-a367bd79a92b{ip: 192.168.34.63, host: pr-hdds-1868-wsm2n-11235469, networkLocation: /default-rack, certSerialId: null} reports an CLOSED replica.
2019-10-21 06:04:55,021 [EventQueue-ContainerReportForContainerReportHandler] WARN  container.ContainerReportHandler (AbstractContainerReportHandler.java:updateContainerState(145)) - Container #1 is in OPEN state, but the datanode 2de534ac-c407-4ec5-ab68-e4d0e1b50d95{ip: 192.168.34.63, host: pr-hdds-1868-wsm2n-11235469, networkLocation: /default-rack, certSerialId: null} reports an CLOSED replica.
2019-10-21 06:04:55,120 [EventQueue-ContainerReportForContainerReportHandler] WARN  container.ContainerReportHandler (AbstractContainerReportHandler.java:updateContainerState(145)) - Container #1 is in OPEN state, but the datanode 5389c291-9dbf-4ff3-95a2-a367bd79a92b{ip: 192.168.34.63, host: pr-hdds-1868-wsm2n-11235469, networkLocation: /default-rack, certSerialId: null} reports an CLOSED replica.
2019-10-21 06:04:55,322 [EventQueue-ContainerReportForContainerReportHandler] WARN  container.ContainerReportHandler (AbstractContainerReportHandler.java:updateContainerState(145)) - Container #1 is in OPEN state, but the datanode 2de534ac-c407-4ec5-ab68-e4d0e1b50d95{ip: 192.168.34.63, host: pr-hdds-1868-wsm2n-11235469, networkLocation: /default-rack, certSerialId: null} reports an CLOSED replica.
2019-10-21 06:04:55,521 [EventQueue-ContainerReportForContainerReportHandler] WARN  container.ContainerReportHandler (AbstractContainerReportHandler.java:updateContainerState(145)) - Container #1 is in OPEN state, but the datanode 5389c291-9dbf-4ff3-95a2-a367bd79a92b{ip: 192.168.34.63, host: pr-hdds-1868-wsm2n-11235469, networkLocation: /default-rack, certSerialId: null} reports an CLOSED replica.
2019-10-21 06:04:55,522 [EventQueue-ContainerReportForContainerReportHandler] WARN  container.ContainerReportHandler (AbstractContainerReportHandler.java:updateContainerState(145)) - Container #1 is in OPEN state, but the datanode 2de534ac-c407-4ec5-ab68-e4d0e1b50d95{ip: 192.168.34.63, host: pr-hdds-1868-wsm2n-11235469, networkLocation: /default-rack, certSerialId: null} reports an CLOSED replica.
2019-10-21 06:04:55,901 [BlockDeletingService#2] WARN  background.BlockDeletingService (BlockDeletingService.java:isDeletionAllowed(187)) - Close Container log Index 6 is not replicated across allthe servers in the pipeline 8f9e0d08-2118-49e4-bafd-58705ffbd881 as the min replicated index is 4. Deletion is not allowed in this container yet.
2019-10-21 06:04:55,901 [BlockDeletingService#2] WARN  background.BlockDeletingService (BlockDeletingService.java:isDeletionAllowed(187)) - Close Container log Index 6 is not replicated across allthe servers in the pipeline 8f9e0d08-2118-49e4-bafd-58705ffbd881 as the min replicated index is 4. Deletion is not allowed in this container yet.
2019-10-21 06:04:55,921 [EventQueue-ContainerReportForContainerReportHandler] WARN  container.ContainerReportHandler (AbstractContainerReportHandler.java:updateContainerState(145)) - Container #1 is in OPEN state, but the datanode 5389c291-9dbf-4ff3-95a2-a367bd79a92b{ip: 192.168.34.63, host: pr-hdds-1868-wsm2n-11235469, networkLocation: /default-rack, certSerialId: null} reports an CLOSED replica.
2019-10-21 06:04:55,921 [EventQueue-ContainerReportForContainerReportHandler] WARN  container.ContainerReportHandler (AbstractContainerReportHandler.java:updateContainerState(145)) - Container #1 is in OPEN state, but the datanode 2de534ac-c407-4ec5-ab68-e4d0e1b50d95{ip: 192.168.34.63, host: pr-hdds-1868-wsm2n-11235469, networkLocation: /default-rack, certSerialId: null} reports an CLOSED replica.
2019-10-21 06:04:56,122 [EventQueue-ContainerReportForContainerReportHandler] WARN  container.ContainerReportHandler (AbstractContainerReportHandler.java:updateContainerState(145)) - Container #1 is in OPEN state, but the datanode 2de534ac-c407-4ec5-ab68-e4d0e1b50d95{ip: 192.168.34.63, host: pr-hdds-1868-wsm2n-11235469, networkLocation: /default-rack, certSerialId: null} reports an CLOSED replica.
2019-10-21 06:04:56,221 [EventQueue-ContainerReportForContainerReportHandler] WARN  container.ContainerReportHandler (AbstractContainerReportHandler.java:updateContainerState(145)) - Container #1 is in OPEN state, but the datanode 5389c291-9dbf-4ff3-95a2-a367bd79a92b{ip: 192.168.34.63, host: pr-hdds-1868-wsm2n-11235469, networkLocation: /default-rack, certSerialId: null} reports an CLOSED replica.
2019-10-21 06:04:56,321 [EventQueue-ContainerReportForContainerReportHandler] WARN  container.ContainerReportHandler (AbstractContainerReportHandler.java:updateContainerState(145)) - Container #1 is in OPEN state, but the datanode 2de534ac-c407-4ec5-ab68-e4d0e1b50d95{ip: 192.168.34.63, host: pr-hdds-1868-wsm2n-11235469, networkLocation: /default-rack, certSerialId: null} reports an CLOSED replica.
2019-10-21 06:04:56,425 [java.util.concurrent.ThreadPoolExecutor$Worker@29bf4258[State = -1, empty queue]] WARN  server.GrpcLogAppender (GrpcLogAppender.java:timeoutAppendRequest(209)) - 5389c291-9dbf-4ff3-95a2-a367bd79a92b@group-58705FFBD881->a588f1ac-0e88-414d-9361-c050928a17f1-GrpcLogAppender: appendEntries Timeout, request=5389c291-9dbf-4ff3-95a2-a367bd79a92b->a588f1ac-0e88-414d-9361-c050928a17f1#47-t1, previous=(t:1, i:10), leaderCommit=10, initializing? false, entries: <empty>
2019-10-21 06:04:56,620 [EventQueue-ContainerReportForContainerReportHandler] WARN  container.ContainerReportHandler (AbstractContainerReportHandler.java:updateContainerState(145)) - Container #1 is in OPEN state, but the datanode 5389c291-9dbf-4ff3-95a2-a367bd79a92b{ip: 192.168.34.63, host: pr-hdds-1868-wsm2n-11235469, networkLocation: /default-rack, certSerialId: null} reports an CLOSED replica.
2019-10-21 06:04:56,621 [EventQueue-ContainerReportForContainerReportHandler] WARN  container.ContainerReportHandler (AbstractContainerReportHandler.java:updateContainerState(145)) - Container #1 is in OPEN state, but the datanode 2de534ac-c407-4ec5-ab68-e4d0e1b50d95{ip: 192.168.34.63, host: pr-hdds-1868-wsm2n-11235469, networkLocation: /default-rack, certSerialId: null} reports an CLOSED replica.
2019-10-21 06:04:56,904 [BlockDeletingService#2] WARN  background.BlockDeletingService (BlockDeletingService.java:isDeletionAllowed(187)) - Close Container log Index 6 is not replicated across allthe servers in the pipeline 8f9e0d08-2118-49e4-bafd-58705ffbd881 as the min replicated index is 4. Deletion is not allowed in this container yet.
2019-10-21 06:04:56,904 [BlockDeletingService#2] WARN  background.BlockDeletingService (BlockDeletingService.java:isDeletionAllowed(187)) - Close Container log Index 6 is not replicated across allthe servers in the pipeline 8f9e0d08-2118-49e4-bafd-58705ffbd881 as the min replicated index is 4. Deletion is not allowed in this container yet.
2019-10-21 06:04:56,920 [EventQueue-ContainerReportForContainerReportHandler] WARN  container.ContainerReportHandler (AbstractContainerReportHandler.java:updateContainerState(145)) - Container #1 is in OPEN state, but the datanode 5389c291-9dbf-4ff3-95a2-a367bd79a92b{ip: 192.168.34.63, host: pr-hdds-1868-wsm2n-11235469, networkLocation: /default-rack, certSerialId: null} reports an CLOSED replica.
2019-10-21 06:04:56,921 [EventQueue-ContainerReportForContainerReportHandler] WARN  container.ContainerReportHandler (AbstractContainerReportHandler.java:updateContainerState(145)) - Container #1 is in OPEN state, but the datanode 2de534ac-c407-4ec5-ab68-e4d0e1b50d95{ip: 192.168.34.63, host: pr-hdds-1868-wsm2n-11235469, networkLocation: /default-rack, certSerialId: null} reports an CLOSED replica.
2019-10-21 06:04:57,121 [EventQueue-ContainerReportForContainerReportHandler] WARN  container.ContainerReportHandler (AbstractContainerReportHandler.java:updateContainerState(145)) - Container #1 is in OPEN state, but the datanode 2de534ac-c407-4ec5-ab68-e4d0e1b50d95{ip: 192.168.34.63, host: pr-hdds-1868-wsm2n-11235469, networkLocation: /default-rack, certSerialId: null} reports an CLOSED replica.
2019-10-21 06:04:57,220 [EventQueue-ContainerReportForContainerReportHandler] WARN  container.ContainerReportHandler (AbstractContainerReportHandler.java:updateContainerState(145)) - Container #1 is in OPEN state, but the datanode 5389c291-9dbf-4ff3-95a2-a367bd79a92b{ip: 192.168.34.63, host: pr-hdds-1868-wsm2n-11235469, networkLocation: /default-rack, certSerialId: null} reports an CLOSED replica.
2019-10-21 06:04:57,420 [EventQueue-ContainerReportForContainerReportHandler] WARN  container.ContainerReportHandler (AbstractContainerReportHandler.java:updateContainerState(145)) - Container #1 is in OPEN state, but the datanode 5389c291-9dbf-4ff3-95a2-a367bd79a92b{ip: 192.168.34.63, host: pr-hdds-1868-wsm2n-11235469, networkLocation: /default-rack, certSerialId: null} reports an CLOSED replica.
2019-10-21 06:04:57,422 [EventQueue-ContainerReportForContainerReportHandler] WARN  container.ContainerReportHandler (AbstractContainerReportHandler.java:updateContainerState(145)) - Container #1 is in OPEN state, but the datanode 2de534ac-c407-4ec5-ab68-e4d0e1b50d95{ip: 192.168.34.63, host: pr-hdds-1868-wsm2n-11235469, networkLocation: /default-rack, certSerialId: null} reports an CLOSED replica.
2019-10-21 06:04:57,624 [EventQueue-ContainerReportForContainerReportHandler] WARN  container.ContainerReportHandler (AbstractContainerReportHandler.java:updateContainerState(145)) - Container #1 is in OPEN state, but the datanode 2de534ac-c407-4ec5-ab68-e4d0e1b50d95{ip: 192.168.34.63, host: pr-hdds-1868-wsm2n-11235469, networkLocation: /default-rack, certSerialId: null} reports an CLOSED replica.
2019-10-21 06:04:57,822 [EventQueue-ContainerReportForContainerReportHandler] WARN  container.ContainerReportHandler (AbstractContainerReportHandler.java:updateContainerState(145)) - Container #1 is in OPEN state, but the datanode 5389c291-9dbf-4ff3-95a2-a367bd79a92b{ip: 192.168.34.63, host: pr-hdds-1868-wsm2n-11235469, networkLocation: /default-rack, certSerialId: null} reports an CLOSED replica.
2019-10-21 06:04:57,906 [BlockDeletingService#2] WARN  background.BlockDeletingService (BlockDeletingService.java:isDeletionAllowed(187)) - Close Container log Index 6 is not replicated across allthe servers in the pipeline 8f9e0d08-2118-49e4-bafd-58705ffbd881 as the min replicated index is 4. Deletion is not allowed in this container yet.
2019-10-21 06:04:57,906 [BlockDeletingService#2] WARN  background.BlockDeletingService (BlockDeletingService.java:isDeletionAllowed(187)) - Close Container log Index 6 is not replicated across allthe servers in the pipeline 8f9e0d08-2118-49e4-bafd-58705ffbd881 as the min replicated index is 4. Deletion is not allowed in this container yet.
2019-10-21 06:04:58,021 [EventQueue-ContainerReportForContainerReportHandler] WARN  container.ContainerReportHandler (AbstractContainerReportHandler.java:updateContainerState(145)) - Container #1 is in OPEN state, but the datanode 5389c291-9dbf-4ff3-95a2-a367bd79a92b{ip: 192.168.34.63, host: pr-hdds-1868-wsm2n-11235469, networkLocation: /default-rack, certSerialId: null} reports an CLOSED replica.
2019-10-21 06:04:58,023 [EventQueue-ContainerReportForContainerReportHandler] WARN  container.ContainerReportHandler (AbstractContainerReportHandler.java:updateContainerState(145)) - Container #1 is in OPEN state, but the datanode 2de534ac-c407-4ec5-ab68-e4d0e1b50d95{ip: 192.168.34.63, host: pr-hdds-1868-wsm2n-11235469, networkLocation: /default-rack, certSerialId: null} reports an CLOSED replica.
2019-10-21 06:04:58,322 [EventQueue-ContainerReportForContainerReportHandler] WARN  container.ContainerReportHandler (AbstractContainerReportHandler.java:updateContainerState(145)) - Container #1 is in OPEN state, but the datanode 5389c291-9dbf-4ff3-95a2-a367bd79a92b{ip: 192.168.34.63, host: pr-hdds-1868-wsm2n-11235469, networkLocation: /default-rack, certSerialId: null} reports an CLOSED replica.
2019-10-21 06:04:58,324 [EventQueue-ContainerReportForContainerReportHandler] WARN  container.ContainerReportHandler (AbstractContainerReportHandler.java:updateContainerState(145)) - Container #1 is in OPEN state, but the datanode 2de534ac-c407-4ec5-ab68-e4d0e1b50d95{ip: 192.168.34.63, host: pr-hdds-1868-wsm2n-11235469, networkLocation: /default-rack, certSerialId: null} reports an CLOSED replica.
2019-10-21 06:04:58,626 [EventQueue-ContainerReportForContainerReportHandler] WARN  container.ContainerReportHandler (AbstractContainerReportHandler.java:updateContainerState(145)) - Container #1 is in OPEN state, but the datanode 2de534ac-c407-4ec5-ab68-e4d0e1b50d95{ip: 192.168.34.63, host: pr-hdds-1868-wsm2n-11235469, networkLocation: /default-rack, certSerialId: null} reports an CLOSED replica.
2019-10-21 06:04:58,723 [EventQueue-ContainerReportForContainerReportHandler] WARN  container.ContainerReportHandler (AbstractContainerReportHandler.java:updateContainerState(145)) - Container #1 is in OPEN state, but the datanode 5389c291-9dbf-4ff3-95a2-a367bd79a92b{ip: 192.168.34.63, host: pr-hdds-1868-wsm2n-11235469, networkLocation: /default-rack, certSerialId: null} reports an CLOSED replica.
2019-10-21 06:04:58,908 [BlockDeletingService#2] WARN  background.BlockDeletingService (BlockDeletingService.java:isDeletionAllowed(187)) - Close Container log Index 6 is not replicated across allthe servers in the pipeline 8f9e0d08-2118-49e4-bafd-58705ffbd881 as the min replicated index is 4. Deletion is not allowed in this container yet.
2019-10-21 06:04:58,908 [BlockDeletingService#2] WARN  background.BlockDeletingService (BlockDeletingService.java:isDeletionAllowed(187)) - Close Container log Index 6 is not replicated across allthe servers in the pipeline 8f9e0d08-2118-49e4-bafd-58705ffbd881 as the min replicated index is 4. Deletion is not allowed in this container yet.
2019-10-21 06:04:58,926 [java.util.concurrent.ThreadPoolExecutor$Worker@29bf4258[State = -1, empty queue]] WARN  server.GrpcLogAppender (GrpcLogAppender.java:timeoutAppendRequest(209)) - 5389c291-9dbf-4ff3-95a2-a367bd79a92b@group-58705FFBD881->a588f1ac-0e88-414d-9361-c050928a17f1-GrpcLogAppender: appendEntries Timeout, request=5389c291-9dbf-4ff3-95a2-a367bd79a92b->a588f1ac-0e88-414d-9361-c050928a17f1#48-t1, previous=(t:1, i:10), leaderCommit=10, initializing? false, entries: <empty>
2019-10-21 06:04:59,022 [EventQueue-ContainerReportForContainerReportHandler] WARN  container.ContainerReportHandler (AbstractContainerReportHandler.java:updateContainerState(145)) - Container #1 is in OPEN state, but the datanode 5389c291-9dbf-4ff3-95a2-a367bd79a92b{ip: 192.168.34.63, host: pr-hdds-1868-wsm2n-11235469, networkLocation: /default-rack, certSerialId: null} reports an CLOSED replica.
2019-10-21 06:04:59,026 [EventQueue-ContainerReportForContainerReportHandler] WARN  container.ContainerReportHandler (AbstractContainerReportHandler.java:updateContainerState(145)) - Container #1 is in OPEN state, but the datanode 2de534ac-c407-4ec5-ab68-e4d0e1b50d95{ip: 192.168.34.63, host: pr-hdds-1868-wsm2n-11235469, networkLocation: /default-rack, certSerialId: null} reports an CLOSED replica.
2019-10-21 06:04:59,326 [EventQueue-ContainerReportForContainerReportHandler] WARN  container.ContainerReportHandler (AbstractContainerReportHandler.java:updateContainerState(145)) - Container #1 is in OPEN state, but the datanode 2de534ac-c407-4ec5-ab68-e4d0e1b50d95{ip: 192.168.34.63, host: pr-hdds-1868-wsm2n-11235469, networkLocation: /default-rack, certSerialId: null} reports an CLOSED replica.
2019-10-21 06:04:59,423 [EventQueue-ContainerReportForContainerReportHandler] WARN  container.ContainerReportHandler (AbstractContainerReportHandler.java:updateContainerState(145)) - Container #1 is in OPEN state, but the datanode 5389c291-9dbf-4ff3-95a2-a367bd79a92b{ip: 192.168.34.63, host: pr-hdds-1868-wsm2n-11235469, networkLocation: /default-rack, certSerialId: null} reports an CLOSED replica.
2019-10-21 06:04:59,723 [EventQueue-ContainerReportForContainerReportHandler] WARN  container.ContainerReportHandler (AbstractContainerReportHandler.java:updateContainerState(145)) - Container #1 is in OPEN state, but the datanode 5389c291-9dbf-4ff3-95a2-a367bd79a92b{ip: 192.168.34.63, host: pr-hdds-1868-wsm2n-11235469, networkLocation: /default-rack, certSerialId: null} reports an CLOSED replica.
2019-10-21 06:04:59,726 [EventQueue-ContainerReportForContainerReportHandler] WARN  container.ContainerReportHandler (AbstractContainerReportHandler.java:updateContainerState(145)) - Container #1 is in OPEN state, but the datanode 2de534ac-c407-4ec5-ab68-e4d0e1b50d95{ip: 192.168.34.63, host: pr-hdds-1868-wsm2n-11235469, networkLocation: /default-rack, certSerialId: null} reports an CLOSED replica.
2019-10-21 06:04:59,910 [BlockDeletingService#2] WARN  background.BlockDeletingService (BlockDeletingService.java:isDeletionAllowed(187)) - Close Container log Index 6 is not replicated across allthe servers in the pipeline 8f9e0d08-2118-49e4-bafd-58705ffbd881 as the min replicated index is 4. Deletion is not allowed in this container yet.
2019-10-21 06:04:59,910 [BlockDeletingService#2] WARN  background.BlockDeletingService (BlockDeletingService.java:isDeletionAllowed(187)) - Close Container log Index 6 is not replicated across allthe servers in the pipeline 8f9e0d08-2118-49e4-bafd-58705ffbd881 as the min replicated index is 4. Deletion is not allowed in this container yet.
2019-10-21 06:04:59,924 [EventQueue-ContainerReportForContainerReportHandler] WARN  container.ContainerReportHandler (AbstractContainerReportHandler.java:updateContainerState(145)) - Container #1 is in OPEN state, but the datanode 5389c291-9dbf-4ff3-95a2-a367bd79a92b{ip: 192.168.34.63, host: pr-hdds-1868-wsm2n-11235469, networkLocation: /default-rack, certSerialId: null} reports an CLOSED replica.
2019-10-21 06:05:00,026 [EventQueue-ContainerReportForContainerReportHandler] WARN  container.ContainerReportHandler (AbstractContainerReportHandler.java:updateContainerState(145)) - Container #1 is in OPEN state, but the datanode 2de534ac-c407-4ec5-ab68-e4d0e1b50d95{ip: 192.168.34.63, host: pr-hdds-1868-wsm2n-11235469, networkLocation: /default-rack, certSerialId: null} reports an CLOSED replica.
2019-10-21 06:05:00,224 [EventQueue-ContainerReportForContainerReportHandler] WARN  container.ContainerReportHandler (AbstractContainerReportHandler.java:updateContainerState(145)) - Container #1 is in OPEN state, but the datanode 5389c291-9dbf-4ff3-95a2-a367bd79a92b{ip: 192.168.34.63, host: pr-hdds-1868-wsm2n-11235469, networkLocation: /default-rack, certSerialId: null} reports an CLOSED replica.
2019-10-21 06:05:00,326 [EventQueue-ContainerReportForContainerReportHandler] WARN  container.ContainerReportHandler (AbstractContainerReportHandler.java:updateContainerState(145)) - Container #1 is in OPEN state, but the datanode 2de534ac-c407-4ec5-ab68-e4d0e1b50d95{ip: 192.168.34.63, host: pr-hdds-1868-wsm2n-11235469, networkLocation: /default-rack, certSerialId: null} reports an CLOSED replica.
2019-10-21 06:05:00,524 [EventQueue-ContainerReportForContainerReportHandler] WARN  container.ContainerReportHandler (AbstractContainerReportHandler.java:updateContainerState(145)) - Container #1 is in OPEN state, but the datanode 5389c291-9dbf-4ff3-95a2-a367bd79a92b{ip: 192.168.34.63, host: pr-hdds-1868-wsm2n-11235469, networkLocation: /default-rack, certSerialId: null} reports an CLOSED replica.
2019-10-21 06:05:00,527 [EventQueue-ContainerReportForContainerReportHandler] WARN  container.ContainerReportHandler (AbstractContainerReportHandler.java:updateContainerState(145)) - Container #1 is in OPEN state, but the datanode 2de534ac-c407-4ec5-ab68-e4d0e1b50d95{ip: 192.168.34.63, host: pr-hdds-1868-wsm2n-11235469, networkLocation: /default-rack, certSerialId: null} reports an CLOSED replica.
2019-10-21 06:05:00,824 [EventQueue-ContainerReportForContainerReportHandler] WARN  container.ContainerReportHandler (AbstractContainerReportHandler.java:updateContainerState(145)) - Container #1 is in OPEN state, but the datanode 5389c291-9dbf-4ff3-95a2-a367bd79a92b{ip: 192.168.34.63, host: pr-hdds-1868-wsm2n-11235469, networkLocation: /default-rack, certSerialId: null} reports an CLOSED replica.
2019-10-21 06:05:00,827 [EventQueue-ContainerReportForContainerReportHandler] WARN  container.ContainerReportHandler (AbstractContainerReportHandler.java:updateContainerState(145)) - Container #1 is in OPEN state, but the datanode 2de534ac-c407-4ec5-ab68-e4d0e1b50d95{ip: 192.168.34.63, host: pr-hdds-1868-wsm2n-11235469, networkLocation: /default-rack, certSerialId: null} reports an CLOSED replica.
2019-10-21 06:05:00,916 [BlockDeletingService#2] WARN  background.BlockDeletingService (BlockDeletingService.java:isDeletionAllowed(187)) - Close Container log Index 6 is not replicated across allthe servers in the pipeline 8f9e0d08-2118-49e4-bafd-58705ffbd881 as the min replicated index is 4. Deletion is not allowed in this container yet.
2019-10-21 06:05:00,916 [BlockDeletingService#2] WARN  background.BlockDeletingService (BlockDeletingService.java:isDeletionAllowed(187)) - Close Container log Index 6 is not replicated across allthe servers in the pipeline 8f9e0d08-2118-49e4-bafd-58705ffbd881 as the min replicated index is 4. Deletion is not allowed in this container yet.
2019-10-21 06:05:01,025 [EventQueue-ContainerReportForContainerReportHandler] WARN  container.ContainerReportHandler (AbstractContainerReportHandler.java:updateContainerState(145)) - Container #1 is in OPEN state, but the datanode 5389c291-9dbf-4ff3-95a2-a367bd79a92b{ip: 192.168.34.63, host: pr-hdds-1868-wsm2n-11235469, networkLocation: /default-rack, certSerialId: null} reports an CLOSED replica.
2019-10-21 06:05:01,127 [EventQueue-ContainerReportForContainerReportHandler] WARN  container.ContainerReportHandler (AbstractContainerReportHandler.java:updateContainerState(145)) - Container #1 is in OPEN state, but the datanode 2de534ac-c407-4ec5-ab68-e4d0e1b50d95{ip: 192.168.34.63, host: pr-hdds-1868-wsm2n-11235469, networkLocation: /default-rack, certSerialId: null} reports an CLOSED replica.
2019-10-21 06:05:01,424 [EventQueue-ContainerReportForContainerReportHandler] WARN  container.ContainerReportHandler (AbstractContainerReportHandler.java:updateContainerState(145)) - Container #1 is in OPEN state, but the datanode 5389c291-9dbf-4ff3-95a2-a367bd79a92b{ip: 192.168.34.63, host: pr-hdds-1868-wsm2n-11235469, networkLocation: /default-rack, certSerialId: null} reports an CLOSED replica.
2019-10-21 06:05:01,427 [EventQueue-ContainerReportForContainerReportHandler] WARN  container.ContainerReportHandler (AbstractContainerReportHandler.java:updateContainerState(145)) - Container #1 is in OPEN state, but the datanode 2de534ac-c407-4ec5-ab68-e4d0e1b50d95{ip: 192.168.34.63, host: pr-hdds-1868-wsm2n-11235469, networkLocation: /default-rack, certSerialId: null} reports an CLOSED replica.
2019-10-21 06:05:01,429 [java.util.concurrent.ThreadPoolExecutor$Worker@29bf4258[State = -1, empty queue]] WARN  server.GrpcLogAppender (GrpcLogAppender.java:timeoutAppendRequest(209)) - 5389c291-9dbf-4ff3-95a2-a367bd79a92b@group-58705FFBD881->a588f1ac-0e88-414d-9361-c050928a17f1-GrpcLogAppender: appendEntries Timeout, request=5389c291-9dbf-4ff3-95a2-a367bd79a92b->a588f1ac-0e88-414d-9361-c050928a17f1#49-t1, previous=(t:1, i:10), leaderCommit=10, initializing? false, entries: <empty>
2019-10-21 06:05:01,625 [EventQueue-ContainerReportForContainerReportHandler] WARN  container.ContainerReportHandler (AbstractContainerReportHandler.java:updateContainerState(145)) - Container #1 is in OPEN state, but the datanode 5389c291-9dbf-4ff3-95a2-a367bd79a92b{ip: 192.168.34.63, host: pr-hdds-1868-wsm2n-11235469, networkLocation: /default-rack, certSerialId: null} reports an CLOSED replica.
2019-10-21 06:05:01,627 [EventQueue-ContainerReportForContainerReportHandler] WARN  container.ContainerReportHandler (AbstractContainerReportHandler.java:updateContainerState(145)) - Container #1 is in OPEN state, but the datanode 2de534ac-c407-4ec5-ab68-e4d0e1b50d95{ip: 192.168.34.63, host: pr-hdds-1868-wsm2n-11235469, networkLocation: /default-rack, certSerialId: null} reports an CLOSED replica.
2019-10-21 06:05:01,918 [BlockDeletingService#2] WARN  background.BlockDeletingService (BlockDeletingService.java:isDeletionAllowed(187)) - Close Container log Index 6 is not replicated across allthe servers in the pipeline 8f9e0d08-2118-49e4-bafd-58705ffbd881 as the min replicated index is 4. Deletion is not allowed in this container yet.
2019-10-21 06:05:01,918 [BlockDeletingService#2] WARN  background.BlockDeletingService (BlockDeletingService.java:isDeletionAllowed(187)) - Close Container log Index 6 is not replicated across allthe servers in the pipeline 8f9e0d08-2118-49e4-bafd-58705ffbd881 as the min replicated index is 4. Deletion is not allowed in this container yet.
2019-10-21 06:05:01,925 [EventQueue-ContainerReportForContainerReportHandler] WARN  container.ContainerReportHandler (AbstractContainerReportHandler.java:updateContainerState(145)) - Container #1 is in OPEN state, but the datanode 5389c291-9dbf-4ff3-95a2-a367bd79a92b{ip: 192.168.34.63, host: pr-hdds-1868-wsm2n-11235469, networkLocation: /default-rack, certSerialId: null} reports an CLOSED replica.
2019-10-21 06:05:02,027 [EventQueue-ContainerReportForContainerReportHandler] WARN  container.ContainerReportHandler (AbstractContainerReportHandler.java:updateContainerState(145)) - Container #1 is in OPEN state, but the datanode 2de534ac-c407-4ec5-ab68-e4d0e1b50d95{ip: 192.168.34.63, host: pr-hdds-1868-wsm2n-11235469, networkLocation: /default-rack, certSerialId: null} reports an CLOSED replica.
2019-10-21 06:05:02,225 [EventQueue-ContainerReportForContainerReportHandler] WARN  container.ContainerReportHandler (AbstractContainerReportHandler.java:updateContainerState(145)) - Container #1 is in OPEN state, but the datanode 5389c291-9dbf-4ff3-95a2-a367bd79a92b{ip: 192.168.34.63, host: pr-hdds-1868-wsm2n-11235469, networkLocation: /default-rack, certSerialId: null} reports an CLOSED replica.
2019-10-21 06:05:02,327 [EventQueue-ContainerReportForContainerReportHandler] WARN  container.ContainerReportHandler (AbstractContainerReportHandler.java:updateContainerState(145)) - Container #1 is in OPEN state, but the datanode 2de534ac-c407-4ec5-ab68-e4d0e1b50d95{ip: 192.168.34.63, host: pr-hdds-1868-wsm2n-11235469, networkLocation: /default-rack, certSerialId: null} reports an CLOSED replica.
2019-10-21 06:05:02,527 [EventQueue-ContainerReportForContainerReportHandler] WARN  container.ContainerReportHandler (AbstractContainerReportHandler.java:updateContainerState(145)) - Container #1 is in OPEN state, but the datanode 2de534ac-c407-4ec5-ab68-e4d0e1b50d95{ip: 192.168.34.63, host: pr-hdds-1868-wsm2n-11235469, networkLocation: /default-rack, certSerialId: null} reports an CLOSED replica.
2019-10-21 06:05:02,626 [EventQueue-ContainerReportForContainerReportHandler] WARN  container.ContainerReportHandler (AbstractContainerReportHandler.java:updateContainerState(145)) - Container #1 is in OPEN state, but the datanode 5389c291-9dbf-4ff3-95a2-a367bd79a92b{ip: 192.168.34.63, host: pr-hdds-1868-wsm2n-11235469, networkLocation: /default-rack, certSerialId: null} reports an CLOSED replica.
2019-10-21 06:05:02,827 [EventQueue-ContainerReportForContainerReportHandler] WARN  container.ContainerReportHandler (AbstractContainerReportHandler.java:updateContainerState(145)) - Container #1 is in OPEN state, but the datanode 2de534ac-c407-4ec5-ab68-e4d0e1b50d95{ip: 192.168.34.63, host: pr-hdds-1868-wsm2n-11235469, networkLocation: /default-rack, certSerialId: null} reports an CLOSED replica.
2019-10-21 06:05:02,828 [EventQueue-ContainerReportForContainerReportHandler] WARN  container.ContainerReportHandler (AbstractContainerReportHandler.java:updateContainerState(145)) - Container #1 is in OPEN state, but the datanode 5389c291-9dbf-4ff3-95a2-a367bd79a92b{ip: 192.168.34.63, host: pr-hdds-1868-wsm2n-11235469, networkLocation: /default-rack, certSerialId: null} reports an CLOSED replica.
2019-10-21 06:05:02,921 [BlockDeletingService#2] WARN  background.BlockDeletingService (BlockDeletingService.java:isDeletionAllowed(187)) - Close Container log Index 6 is not replicated across allthe servers in the pipeline 8f9e0d08-2118-49e4-bafd-58705ffbd881 as the min replicated index is 4. Deletion is not allowed in this container yet.
2019-10-21 06:05:02,921 [BlockDeletingService#2] WARN  background.BlockDeletingService (BlockDeletingService.java:isDeletionAllowed(187)) - Close Container log Index 6 is not replicated across allthe servers in the pipeline 8f9e0d08-2118-49e4-bafd-58705ffbd881 as the min replicated index is 4. Deletion is not allowed in this container yet.
2019-10-21 06:05:03,027 [EventQueue-ContainerReportForContainerReportHandler] WARN  container.ContainerReportHandler (AbstractContainerReportHandler.java:updateContainerState(145)) - Container #1 is in OPEN state, but the datanode 5389c291-9dbf-4ff3-95a2-a367bd79a92b{ip: 192.168.34.63, host: pr-hdds-1868-wsm2n-11235469, networkLocation: /default-rack, certSerialId: null} reports an CLOSED replica.
2019-10-21 06:05:03,028 [EventQueue-ContainerReportForContainerReportHandler] WARN  container.ContainerReportHandler (AbstractContainerReportHandler.java:updateContainerState(145)) - Container #1 is in OPEN state, but the datanode 2de534ac-c407-4ec5-ab68-e4d0e1b50d95{ip: 192.168.34.63, host: pr-hdds-1868-wsm2n-11235469, networkLocation: /default-rack, certSerialId: null} reports an CLOSED replica.
2019-10-21 06:05:03,030 [EventQueue-StaleNodeForStaleNodeHandler] INFO  node.StaleNodeHandler (StaleNodeHandler.java:onMessage(58)) - Datanode a588f1ac-0e88-414d-9361-c050928a17f1{ip: 192.168.34.63, host: pr-hdds-1868-wsm2n-11235469, networkLocation: /default-rack, certSerialId: null} moved to stale state. Finalizing its pipelines [PipelineID=a04d7402-9fde-4d8d-8d85-b2e41a75a66b, PipelineID=8f9e0d08-2118-49e4-bafd-58705ffbd881]
2019-10-21 06:05:03,030 [EventQueue-StaleNodeForStaleNodeHandler] INFO  pipeline.SCMPipelineManager (SCMPipelineManager.java:finalizeAndDestroyPipeline(316)) - destroying pipeline:Pipeline[ Id: a04d7402-9fde-4d8d-8d85-b2e41a75a66b, Nodes: a588f1ac-0e88-414d-9361-c050928a17f1{ip: 192.168.34.63, host: pr-hdds-1868-wsm2n-11235469, networkLocation: /default-rack, certSerialId: null}, Type:RATIS, Factor:ONE, State:OPEN]
2019-10-21 06:05:03,031 [EventQueue-StaleNodeForStaleNodeHandler] INFO  pipeline.PipelineStateManager (PipelineStateManager.java:finalizePipeline(121)) - Pipeline Pipeline[ Id: a04d7402-9fde-4d8d-8d85-b2e41a75a66b, Nodes: a588f1ac-0e88-414d-9361-c050928a17f1{ip: 192.168.34.63, host: pr-hdds-1868-wsm2n-11235469, networkLocation: /default-rack, certSerialId: null}, Type:RATIS, Factor:ONE, State:CLOSED] moved to CLOSED state
2019-10-21 06:05:03,033 [EventQueue-StaleNodeForStaleNodeHandler] INFO  pipeline.SCMPipelineManager (SCMPipelineManager.java:finalizeAndDestroyPipeline(316)) - destroying pipeline:Pipeline[ Id: 8f9e0d08-2118-49e4-bafd-58705ffbd881, Nodes: 2de534ac-c407-4ec5-ab68-e4d0e1b50d95{ip: 192.168.34.63, host: pr-hdds-1868-wsm2n-11235469, networkLocation: /default-rack, certSerialId: null}5389c291-9dbf-4ff3-95a2-a367bd79a92b{ip: 192.168.34.63, host: pr-hdds-1868-wsm2n-11235469, networkLocation: /default-rack, certSerialId: null}a588f1ac-0e88-414d-9361-c050928a17f1{ip: 192.168.34.63, host: pr-hdds-1868-wsm2n-11235469, networkLocation: /default-rack, certSerialId: null}, Type:RATIS, Factor:THREE, State:OPEN]
2019-10-21 06:05:03,034 [EventQueue-StaleNodeForStaleNodeHandler] INFO  pipeline.PipelineStateManager (PipelineStateManager.java:finalizePipeline(121)) - Pipeline Pipeline[ Id: 8f9e0d08-2118-49e4-bafd-58705ffbd881, Nodes: 2de534ac-c407-4ec5-ab68-e4d0e1b50d95{ip: 192.168.34.63, host: pr-hdds-1868-wsm2n-11235469, networkLocation: /default-rack, certSerialId: null}5389c291-9dbf-4ff3-95a2-a367bd79a92b{ip: 192.168.34.63, host: pr-hdds-1868-wsm2n-11235469, networkLocation: /default-rack, certSerialId: null}a588f1ac-0e88-414d-9361-c050928a17f1{ip: 192.168.34.63, host: pr-hdds-1868-wsm2n-11235469, networkLocation: /default-rack, certSerialId: null}, Type:RATIS, Factor:THREE, State:CLOSED] moved to CLOSED state
2019-10-21 06:05:03,034 [EventQueue-CloseContainerForCloseContainerEventHandler] INFO  container.CloseContainerEventHandler (CloseContainerEventHandler.java:onMessage(61)) - Close container Event triggered for container : #1
2019-10-21 06:05:03,329 [EventQueue-ContainerReportForContainerReportHandler] INFO  container.ContainerReportHandler (AbstractContainerReportHandler.java:updateContainerState(178)) - Moving container #1 to CLOSED state, datanode 2de534ac-c407-4ec5-ab68-e4d0e1b50d95{ip: 192.168.34.63, host: pr-hdds-1868-wsm2n-11235469, networkLocation: /default-rack, certSerialId: null} reported CLOSED replica.
2019-10-21 06:05:03,337 [SCMBlockDeletingService#0] INFO  block.SCMBlockDeletingService (SCMBlockDeletingService.java:call(184)) - Totally added 3 delete blocks command for 3 datanodes, task elapsed time: 7ms
2019-10-21 06:05:03,429 [EventQueue-PendingDeleteStatusForPendingDeleteHandler] INFO  block.SCMBlockDeletingService (SCMBlockDeletingService.java:handlePendingDeletes(115)) - Block deletion txnID mismatch in datanode 5389c291-9dbf-4ff3-95a2-a367bd79a92b for containerID 1. Datanode delete txnID: 0, SCM txnID: 1
2019-10-21 06:05:03,618 [Thread-548] INFO  client.GrpcClientProtocolService (GrpcClientProtocolService.java:lambda$processClientRequest$0(279)) - Failed RaftClientRequest:client-6D3018828CA9->2de534ac-c407-4ec5-ab68-e4d0e1b50d95@group-58705FFBD881, cid=22, seq=0, Watch-ALL_COMMITTED(6), Message:<EMPTY>, reply=RaftClientReply:client-6D3018828CA9->2de534ac-c407-4ec5-ab68-e4d0e1b50d95@group-58705FFBD881, cid=22, FAILED org.apache.ratis.protocol.NotLeaderException: Server 2de534ac-c407-4ec5-ab68-e4d0e1b50d95@group-58705FFBD881 is not the leader 5389c291-9dbf-4ff3-95a2-a367bd79a92b:192.168.34.63:45480, logIndex=0, commits[2de534ac-c407-4ec5-ab68-e4d0e1b50d95:c10, 5389c291-9dbf-4ff3-95a2-a367bd79a92b:c10, a588f1ac-0e88-414d-9361-c050928a17f1:c4]
2019-10-21 06:05:03,631 [EventQueue-PendingDeleteStatusForPendingDeleteHandler] INFO  block.SCMBlockDeletingService (SCMBlockDeletingService.java:handlePendingDeletes(115)) - Block deletion txnID mismatch in datanode 2de534ac-c407-4ec5-ab68-e4d0e1b50d95 for containerID 1. Datanode delete txnID: 0, SCM txnID: 1
2019-10-21 06:05:03,728 [EventQueue-PendingDeleteStatusForPendingDeleteHandler] INFO  block.SCMBlockDeletingService (SCMBlockDeletingService.java:handlePendingDeletes(115)) - Block deletion txnID mismatch in datanode 5389c291-9dbf-4ff3-95a2-a367bd79a92b for containerID 1. Datanode delete txnID: 0, SCM txnID: 1
2019-10-21 06:05:03,755 [Thread-551] INFO  client.GrpcClientProtocolService (GrpcClientProtocolService.java:lambda$processClientRequest$0(279)) - Failed RaftClientRequest:client-6D3018828CA9->5389c291-9dbf-4ff3-95a2-a367bd79a92b@group-58705FFBD881, cid=22, seq=0, Watch-ALL_COMMITTED(6), Message:<EMPTY>, reply=RaftClientReply:client-6D3018828CA9->5389c291-9dbf-4ff3-95a2-a367bd79a92b@group-58705FFBD881, cid=22, FAILED org.apache.ratis.protocol.NotReplicatedException: Request with call Id 22 and log index 6 is not yet replicated to ALL_COMMITTED, logIndex=6, commits[5389c291-9dbf-4ff3-95a2-a367bd79a92b:c10, 2de534ac-c407-4ec5-ab68-e4d0e1b50d95:c10, a588f1ac-0e88-414d-9361-c050928a17f1:c4]
2019-10-21 06:05:03,829 [Command processor thread] INFO  commandhandler.DeleteBlocksCommandHandler (DeleteBlocksCommandHandler.java:handle(106)) - Start to delete container blocks, TXIDs=[1(0)], numOfContainers=1, numOfBlocks=1
2019-10-21 06:05:03,922 [BlockDeletingService#2] WARN  background.BlockDeletingService (BlockDeletingService.java:isDeletionAllowed(187)) - Close Container log Index 6 is not replicated across allthe servers in the pipeline 8f9e0d08-2118-49e4-bafd-58705ffbd881 as the min replicated index is 4. Deletion is not allowed in this container yet.
2019-10-21 06:05:03,922 [BlockDeletingService#2] WARN  background.BlockDeletingService (BlockDeletingService.java:isDeletionAllowed(187)) - Close Container log Index 6 is not replicated across allthe servers in the pipeline 8f9e0d08-2118-49e4-bafd-58705ffbd881 as the min replicated index is 4. Deletion is not allowed in this container yet.
2019-10-21 06:05:03,931 [java.util.concurrent.ThreadPoolExecutor$Worker@29bf4258[State = -1, empty queue]] WARN  server.GrpcLogAppender (GrpcLogAppender.java:timeoutAppendRequest(209)) - 5389c291-9dbf-4ff3-95a2-a367bd79a92b@group-58705FFBD881->a588f1ac-0e88-414d-9361-c050928a17f1-GrpcLogAppender: appendEntries Timeout, request=5389c291-9dbf-4ff3-95a2-a367bd79a92b->a588f1ac-0e88-414d-9361-c050928a17f1#50-t1, previous=(t:1, i:10), leaderCommit=10, initializing? false, entries: <empty>
2019-10-21 06:05:03,933 [EventQueue-PendingDeleteStatusForPendingDeleteHandler] INFO  block.SCMBlockDeletingService (SCMBlockDeletingService.java:handlePendingDeletes(115)) - Block deletion txnID mismatch in datanode 2de534ac-c407-4ec5-ab68-e4d0e1b50d95 for containerID 1. Datanode delete txnID: 0, SCM txnID: 1
2019-10-21 06:05:03,981 [main] INFO  impl.MetricsSystemImpl (MetricsSystemImpl.java:init(158)) - HddsDatanode metrics system started (again)
2019-10-21 06:05:04,022 [main] INFO  ozone.HddsDatanodeService (HddsDatanodeService.java:start(184)) - HddsDatanodeService host:pr-hdds-1868-wsm2n-11235469 ip:192.168.34.63
2019-10-21 06:05:04,026 [main] INFO  volume.VolumeUsage (VolumeUsage.java:loadScmUsed(144)) - Cached ScmUsed found for /workdir/hadoop-ozone/integration-test/target/test-dir/MiniOzoneClusterImpl-57da642c-82d6-499f-aa71-47bf78ddd986/datanode-1/data/containers : 4096 
2019-10-21 06:05:04,026 [main] INFO  volume.HddsVolume (HddsVolume.java:<init>(176)) - Creating Volume: /workdir/hadoop-ozone/integration-test/target/test-dir/MiniOzoneClusterImpl-57da642c-82d6-499f-aa71-47bf78ddd986/datanode-1/data/containers/hdds of  storage type : DISK and capacity : 1482555576320
2019-10-21 06:05:04,027 [main] INFO  volume.VolumeSet (VolumeSet.java:initializeVolumeSet(170)) - Added Volume : /workdir/hadoop-ozone/integration-test/target/test-dir/MiniOzoneClusterImpl-57da642c-82d6-499f-aa71-47bf78ddd986/datanode-1/data/containers/hdds to VolumeSet
2019-10-21 06:05:04,027 [main] INFO  volume.ThrottledAsyncChecker (ThrottledAsyncChecker.java:schedule(141)) - Scheduling a check for /workdir/hadoop-ozone/integration-test/target/test-dir/MiniOzoneClusterImpl-57da642c-82d6-499f-aa71-47bf78ddd986/datanode-1/data/containers/hdds
2019-10-21 06:05:04,028 [main] INFO  volume.HddsVolumeChecker (HddsVolumeChecker.java:checkAllVolumes(204)) - Scheduled health check for volume /workdir/hadoop-ozone/integration-test/target/test-dir/MiniOzoneClusterImpl-57da642c-82d6-499f-aa71-47bf78ddd986/datanode-1/data/containers/hdds
2019-10-21 06:05:04,068 [main] INFO  impl.RaftServerProxy (ConfUtils.java:logGet(43)) - raft.rpc.type = GRPC (default)
2019-10-21 06:05:04,069 [main] INFO  grpc.GrpcFactory (GrpcFactory.java:checkPooledByteBufAllocatorUseCacheForAllThreads(45)) - PERFORMANCE WARNING: useCacheForAllThreads is true that may cause Netty to create a lot garbage objects and, as a result, trigger GC.
	It is recommended to disable useCacheForAllThreads by setting -Dorg.apache.ratis.thirdparty.io.netty.allocator.useCacheForAllThreads=false in command line.
2019-10-21 06:05:04,069 [main] INFO  grpc.GrpcConfigKeys$Server (ConfUtils.java:logGet(43)) - raft.grpc.server.port = 38160 (custom)
2019-10-21 06:05:04,070 [main] INFO  server.GrpcService (ConfUtils.java:logGet(43)) - raft.grpc.message.size.max = 33570816 (custom)
2019-10-21 06:05:04,070 [main] INFO  server.RaftServerConfigKeys (ConfUtils.java:logGet(43)) - raft.server.log.appender.buffer.byte-limit = 33554432 (custom)
2019-10-21 06:05:04,070 [main] INFO  server.GrpcService (ConfUtils.java:logGet(43)) - raft.grpc.flow.control.window = 1MB (=1048576) (default)
2019-10-21 06:05:04,070 [main] INFO  server.RaftServerConfigKeys (ConfUtils.java:logGet(43)) - raft.server.rpc.request.timeout = 3000ms (default)
2019-10-21 06:05:04,071 [main] INFO  server.RaftServerConfigKeys (ConfUtils.java:logGet(43)) - raft.server.storage.dir = [/workdir/hadoop-ozone/integration-test/target/test-dir/MiniOzoneClusterImpl-57da642c-82d6-499f-aa71-47bf78ddd986/datanode-1/data/ratis] (custom)
2019-10-21 06:05:04,071 [main] INFO  impl.RaftServerProxy (RaftServerProxy.java:lambda$null$0(191)) - a588f1ac-0e88-414d-9361-c050928a17f1: found a subdirectory /workdir/hadoop-ozone/integration-test/target/test-dir/MiniOzoneClusterImpl-57da642c-82d6-499f-aa71-47bf78ddd986/datanode-1/data/ratis/a04d7402-9fde-4d8d-8d85-b2e41a75a66b
2019-10-21 06:05:04,072 [main] INFO  impl.RaftServerProxy (RaftServerProxy.java:addNew(89)) - a588f1ac-0e88-414d-9361-c050928a17f1: addNew group-B2E41A75A66B:[] returns group-B2E41A75A66B:java.util.concurrent.CompletableFuture@3d1f558a[Not completed]
2019-10-21 06:05:04,072 [main] INFO  impl.RaftServerProxy (RaftServerProxy.java:lambda$null$0(191)) - a588f1ac-0e88-414d-9361-c050928a17f1: found a subdirectory /workdir/hadoop-ozone/integration-test/target/test-dir/MiniOzoneClusterImpl-57da642c-82d6-499f-aa71-47bf78ddd986/datanode-1/data/ratis/8f9e0d08-2118-49e4-bafd-58705ffbd881
2019-10-21 06:05:04,073 [main] INFO  impl.RaftServerProxy (RaftServerProxy.java:addNew(89)) - a588f1ac-0e88-414d-9361-c050928a17f1: addNew group-58705FFBD881:[] returns group-58705FFBD881:java.util.concurrent.CompletableFuture@6abdec0e[Not completed]
2019-10-21 06:05:04,075 [pool-59-thread-1] INFO  impl.RaftServerImpl (RaftServerImpl.java:<init>(98)) - a588f1ac-0e88-414d-9361-c050928a17f1: new RaftServerImpl for group-B2E41A75A66B:[] with ContainerStateMachine:uninitialized
2019-10-21 06:05:04,076 [pool-59-thread-1] INFO  server.RaftServerConfigKeys (ConfUtils.java:logGet(43)) - raft.server.rpc.timeout.min = 5s (custom)
2019-10-21 06:05:04,076 [pool-59-thread-1] INFO  server.RaftServerConfigKeys (ConfUtils.java:logGet(43)) - raft.server.rpc.timeout.max = 5200ms (custom)
2019-10-21 06:05:04,076 [pool-59-thread-1] INFO  server.RaftServerConfigKeys (ConfUtils.java:logGet(43)) - raft.server.rpcslowness.timeout = 1000s (custom)
2019-10-21 06:05:04,076 [pool-59-thread-1] INFO  server.RaftServerConfigKeys (ConfUtils.java:logGet(43)) - raft.server.sleep.deviation.threshold = 300 (default)
2019-10-21 06:05:04,076 [pool-59-thread-1] INFO  server.RaftServerConfigKeys (ConfUtils.java:logGet(43)) - raft.server.log.appender.install.snapshot.enabled = false (custom)
2019-10-21 06:05:04,076 [pool-59-thread-1] INFO  impl.RaftServerImpl (ServerState.java:<init>(103)) - a588f1ac-0e88-414d-9361-c050928a17f1@group-B2E41A75A66B: ConfigurationManager, init=-1: [], old=null, confs=<EMPTY_MAP>
2019-10-21 06:05:04,076 [pool-59-thread-1] INFO  server.RaftServerConfigKeys (ConfUtils.java:logGet(43)) - raft.server.storage.dir = [/workdir/hadoop-ozone/integration-test/target/test-dir/MiniOzoneClusterImpl-57da642c-82d6-499f-aa71-47bf78ddd986/datanode-1/data/ratis] (custom)
2019-10-21 06:05:04,077 [pool-59-thread-1] INFO  server.RaftServerConfigKeys (ConfUtils.java:logGet(43)) - raft.server.log.corruption.policy = EXCEPTION (default)
2019-10-21 06:05:04,077 [main] INFO  hdfs.DFSUtil (DFSUtil.java:httpServerTemplateForNNAndJN(1641)) - Starting Web-server for hddsDatanode at: http://0.0.0.0:40704
2019-10-21 06:05:04,079 [main] INFO  server.AuthenticationFilter (AuthenticationFilter.java:constructSecretProvider(240)) - Unable to initialize FileSignerSecretProvider, falling back to use random secrets.
2019-10-21 06:05:04,080 [main] WARN  http.HttpRequestLog (HttpRequestLog.java:getRequestLog(97)) - Jetty request log can only be enabled using Log4j
2019-10-21 06:05:04,082 [main] INFO  http.HttpServer2 (HttpServer2.java:addGlobalFilter(975)) - Added global filter 'safety' (class=org.apache.hadoop.http.HttpServer2$QuotingInputFilter)
2019-10-21 06:05:04,083 [main] INFO  http.HttpServer2 (HttpServer2.java:addFilter(948)) - Added filter static_user_filter (class=org.apache.hadoop.http.lib.StaticUserWebFilter$StaticUserFilter) to context hddsDatanode
2019-10-21 06:05:04,083 [main] INFO  http.HttpServer2 (HttpServer2.java:addFilter(958)) - Added filter static_user_filter (class=org.apache.hadoop.http.lib.StaticUserWebFilter$StaticUserFilter) to context logs
2019-10-21 06:05:04,083 [main] INFO  http.HttpServer2 (HttpServer2.java:addFilter(958)) - Added filter static_user_filter (class=org.apache.hadoop.http.lib.StaticUserWebFilter$StaticUserFilter) to context static
2019-10-21 06:05:04,085 [main] INFO  http.HttpServer2 (HttpServer2.java:bindListener(1191)) - Jetty bound to port 40704
2019-10-21 06:05:04,085 [main] INFO  server.Server (Server.java:doStart(351)) - jetty-9.3.25.v20180904, build timestamp: 2018-09-04T21:11:46Z, git hash: 3ce520221d0240229c862b122d2b06c12a625732
2019-10-21 06:05:04,087 [main] INFO  handler.ContextHandler (ContextHandler.java:doStart(781)) - Started o.e.j.s.ServletContextHandler@2f7efd0b{/logs,file:///workdir/hadoop-ozone/integration-test/target/log,AVAILABLE}
2019-10-21 06:05:04,088 [main] INFO  handler.ContextHandler (ContextHandler.java:doStart(781)) - Started o.e.j.s.ServletContextHandler@6801b414{/static,jar:file:/home/user/.m2/repository/org/apache/hadoop/hadoop-hdds-container-service/0.5.0-SNAPSHOT/hadoop-hdds-container-service-0.5.0-SNAPSHOT.jar!/webapps/static,AVAILABLE}
2019-10-21 06:05:04,089 [pool-59-thread-1] INFO  storage.RaftStorageDirectory (RaftStorageDirectory.java:tryLock(328)) - Lock on /workdir/hadoop-ozone/integration-test/target/test-dir/MiniOzoneClusterImpl-57da642c-82d6-499f-aa71-47bf78ddd986/datanode-1/data/ratis/a04d7402-9fde-4d8d-8d85-b2e41a75a66b/in_use.lock acquired by nodename 22508@pr-hdds-1868-wsm2n-11235469
2019-10-21 06:05:04,090 [pool-59-thread-1] INFO  ratis.ContainerStateMachine (ContainerStateMachine.java:loadSnapshot(233)) - group-B2E41A75A66B: The snapshot info is null. Setting the last applied indexto:(t:0, i:~)
2019-10-21 06:05:04,090 [pool-59-thread-1] INFO  server.RaftServerConfigKeys (ConfUtils.java:logGet(43)) - raft.server.notification.no-leader.timeout = 1000s (custom)
2019-10-21 06:05:04,091 [pool-59-thread-1] INFO  server.RaftServerConfigKeys (ConfUtils.java:logGet(43)) - raft.server.log.use.memory = false (default)
2019-10-21 06:05:04,091 [pool-59-thread-1] INFO  server.RaftServerConfigKeys (ConfUtils.java:logGet(43)) - raft.server.log.purge.gap = 1000000 (custom)
2019-10-21 06:05:04,091 [pool-59-thread-1] INFO  server.RaftServerConfigKeys (ConfUtils.java:logGet(43)) - raft.server.log.appender.buffer.byte-limit = 33554432 (custom)
2019-10-21 06:05:04,091 [pool-59-thread-1] INFO  server.RaftServerConfigKeys (ConfUtils.java:logGet(43)) - raft.server.log.segment.size.max = 1048576 (custom)
2019-10-21 06:05:04,091 [pool-59-thread-1] INFO  server.RaftServerConfigKeys (ConfUtils.java:logGet(43)) - raft.server.log.segment.cache.num.max = 2 (custom)
2019-10-21 06:05:04,091 [pool-59-thread-1] INFO  segmented.SegmentedRaftLogWorker (SegmentedRaftLogWorker.java:<init>(173)) - new a588f1ac-0e88-414d-9361-c050928a17f1@group-B2E41A75A66B-SegmentedRaftLogWorker for RaftStorage:Storage Directory /workdir/hadoop-ozone/integration-test/target/test-dir/MiniOzoneClusterImpl-57da642c-82d6-499f-aa71-47bf78ddd986/datanode-1/data/ratis/a04d7402-9fde-4d8d-8d85-b2e41a75a66b
2019-10-21 06:05:04,091 [pool-59-thread-1] INFO  server.RaftServerConfigKeys (ConfUtils.java:logGet(43)) - raft.server.log.queue.byte-limit = 2147483647 (custom)
2019-10-21 06:05:04,091 [pool-59-thread-1] INFO  server.RaftServerConfigKeys (ConfUtils.java:logGet(43)) - raft.server.log.queue.element-limit = 1024 (custom)
2019-10-21 06:05:04,091 [pool-59-thread-1] INFO  server.RaftServerConfigKeys (ConfUtils.java:logGet(43)) - raft.server.log.segment.size.max = 1048576 (custom)
2019-10-21 06:05:04,092 [pool-59-thread-1] INFO  server.RaftServerConfigKeys (ConfUtils.java:logGet(43)) - raft.server.log.preallocated.size = 16384 (custom)
2019-10-21 06:05:04,092 [pool-59-thread-1] INFO  server.RaftServerConfigKeys (ConfUtils.java:logGet(43)) - raft.server.log.write.buffer.size = 33554432 (custom)
2019-10-21 06:05:04,092 [pool-59-thread-1] INFO  server.RaftServerConfigKeys (ConfUtils.java:logGet(43)) - raft.server.log.force.sync.num = 128 (default)
2019-10-21 06:05:04,092 [pool-59-thread-1] INFO  server.RaftServerConfigKeys (ConfUtils.java:logGet(43)) - raft.server.log.statemachine.data.sync = true (default)
2019-10-21 06:05:04,092 [pool-59-thread-1] INFO  server.RaftServerConfigKeys (ConfUtils.java:logGet(43)) - raft.server.log.statemachine.data.sync.timeout = 10s (default)
2019-10-21 06:05:04,092 [pool-59-thread-1] INFO  server.RaftServerConfigKeys (ConfUtils.java:logGet(43)) - raft.server.log.statemachine.data.sync.timeout.retry = -1 (default)
2019-10-21 06:05:04,092 [pool-59-thread-1] INFO  server.RaftServerConfigKeys (ConfUtils.java:logGet(43)) - raft.server.log.statemachine.data.caching.enabled = true (custom)
2019-10-21 06:05:04,098 [pool-59-thread-1] INFO  impl.RaftServerImpl (ServerState.java:setRaftConf(356)) - a588f1ac-0e88-414d-9361-c050928a17f1@group-B2E41A75A66B: set configuration 0: [a588f1ac-0e88-414d-9361-c050928a17f1:192.168.34.63:38160], old=null at 0
2019-10-21 06:05:04,099 [pool-59-thread-1] INFO  segmented.LogSegment (LogSegment.java:loadSegment(140)) - Successfully read 1 entries from segment file /workdir/hadoop-ozone/integration-test/target/test-dir/MiniOzoneClusterImpl-57da642c-82d6-499f-aa71-47bf78ddd986/datanode-1/data/ratis/a04d7402-9fde-4d8d-8d85-b2e41a75a66b/current/log_inprogress_0
2019-10-21 06:05:04,099 [pool-59-thread-1] INFO  segmented.SegmentedRaftLogWorker (SegmentedRaftLogWorker.java:lambda$new$0(128)) - a588f1ac-0e88-414d-9361-c050928a17f1@group-B2E41A75A66B-SegmentedRaftLogWorker: flushIndex: setUnconditionally 0 -> 0
2019-10-21 06:05:04,122 [pool-59-thread-1] INFO  server.RaftServerConfigKeys (ConfUtils.java:logGet(43)) - raft.server.snapshot.auto.trigger.enabled = true (custom)
2019-10-21 06:05:04,122 [pool-59-thread-1] INFO  server.RaftServerConfigKeys (ConfUtils.java:logGet(43)) - raft.server.snapshot.auto.trigger.threshold = 10000 (custom)
2019-10-21 06:05:04,122 [pool-59-thread-1] INFO  server.RaftServerConfigKeys (ConfUtils.java:logGet(43)) - raft.server.snapshot.retention.file.num = 5 (custom)
2019-10-21 06:05:04,122 [pool-59-thread-1] INFO  server.RaftServerConfigKeys (ConfUtils.java:logGet(43)) - raft.server.retrycache.expirytime = 600000ms (custom)
2019-10-21 06:05:04,124 [pool-59-thread-1] INFO  impl.RaftServerImpl (RaftServerImpl.java:<init>(98)) - a588f1ac-0e88-414d-9361-c050928a17f1: new RaftServerImpl for group-58705FFBD881:[] with ContainerStateMachine:uninitialized
2019-10-21 06:05:04,124 [pool-59-thread-1] INFO  server.RaftServerConfigKeys (ConfUtils.java:logGet(43)) - raft.server.rpc.timeout.min = 5s (custom)
2019-10-21 06:05:04,124 [pool-59-thread-1] INFO  server.RaftServerConfigKeys (ConfUtils.java:logGet(43)) - raft.server.rpc.timeout.max = 5200ms (custom)
2019-10-21 06:05:04,124 [pool-59-thread-1] INFO  server.RaftServerConfigKeys (ConfUtils.java:logGet(43)) - raft.server.rpcslowness.timeout = 1000s (custom)
2019-10-21 06:05:04,124 [pool-59-thread-1] INFO  server.RaftServerConfigKeys (ConfUtils.java:logGet(43)) - raft.server.sleep.deviation.threshold = 300 (default)
2019-10-21 06:05:04,124 [pool-59-thread-1] INFO  server.RaftServerConfigKeys (ConfUtils.java:logGet(43)) - raft.server.log.appender.install.snapshot.enabled = false (custom)
2019-10-21 06:05:04,124 [pool-59-thread-1] INFO  impl.RaftServerImpl (ServerState.java:<init>(103)) - a588f1ac-0e88-414d-9361-c050928a17f1@group-58705FFBD881: ConfigurationManager, init=-1: [], old=null, confs=<EMPTY_MAP>
2019-10-21 06:05:04,124 [pool-59-thread-1] INFO  server.RaftServerConfigKeys (ConfUtils.java:logGet(43)) - raft.server.storage.dir = [/workdir/hadoop-ozone/integration-test/target/test-dir/MiniOzoneClusterImpl-57da642c-82d6-499f-aa71-47bf78ddd986/datanode-1/data/ratis] (custom)
2019-10-21 06:05:04,125 [pool-59-thread-1] INFO  server.RaftServerConfigKeys (ConfUtils.java:logGet(43)) - raft.server.log.corruption.policy = EXCEPTION (default)
2019-10-21 06:05:04,126 [main] INFO  handler.ContextHandler (ContextHandler.java:doStart(781)) - Started o.e.j.w.WebAppContext@17ba57f0{/,file:///tmp/jetty-0.0.0.0-40704-hddsDatanode-_-any-4702414645997972393.dir/webapp/,AVAILABLE}{/hddsDatanode}
2019-10-21 06:05:04,127 [main] INFO  server.AbstractConnector (AbstractConnector.java:doStart(278)) - Started ServerConnector@3481ff98{HTTP/1.1,[http/1.1]}{0.0.0.0:40704}
2019-10-21 06:05:04,127 [main] INFO  server.Server (Server.java:doStart(419)) - Started @120541ms
2019-10-21 06:05:04,128 [main] WARN  impl.MetricsSystemImpl (MetricsSystemImpl.java:register(276)) - Sink prometheus already exists!
2019-10-21 06:05:04,130 [main] INFO  server.BaseHttpServer (BaseHttpServer.java:updateConnectorAddress(215)) - HTTP server of HDDSDATANODE is listening at http://0.0.0.0:40704
2019-10-21 06:05:04,131 [org.apache.hadoop.util.JvmPauseMonitor$Monitor@5c43be48] INFO  util.JvmPauseMonitor (JvmPauseMonitor.java:run(188)) - Starting JVM pause monitor
2019-10-21 06:05:04,137 [pool-59-thread-1] INFO  storage.RaftStorageDirectory (RaftStorageDirectory.java:tryLock(328)) - Lock on /workdir/hadoop-ozone/integration-test/target/test-dir/MiniOzoneClusterImpl-57da642c-82d6-499f-aa71-47bf78ddd986/datanode-1/data/ratis/8f9e0d08-2118-49e4-bafd-58705ffbd881/in_use.lock acquired by nodename 22508@pr-hdds-1868-wsm2n-11235469
2019-10-21 06:05:04,139 [pool-59-thread-1] INFO  ratis.ContainerStateMachine (ContainerStateMachine.java:loadSnapshot(242)) - group-58705FFBD881: Setting the last applied index to (t:1, i:3)
2019-10-21 06:05:04,143 [pool-59-thread-1] INFO  impl.RaftServerImpl (ServerState.java:setRaftConf(356)) - a588f1ac-0e88-414d-9361-c050928a17f1@group-58705FFBD881: set configuration 0: [2de534ac-c407-4ec5-ab68-e4d0e1b50d95:192.168.34.63:40946, 5389c291-9dbf-4ff3-95a2-a367bd79a92b:192.168.34.63:45480, a588f1ac-0e88-414d-9361-c050928a17f1:192.168.34.63:38160], old=null at 0
2019-10-21 06:05:04,143 [pool-59-thread-1] INFO  server.RaftServerConfigKeys (ConfUtils.java:logGet(43)) - raft.server.notification.no-leader.timeout = 1000s (custom)
2019-10-21 06:05:04,143 [pool-59-thread-1] INFO  server.RaftServerConfigKeys (ConfUtils.java:logGet(43)) - raft.server.log.use.memory = false (default)
2019-10-21 06:05:04,144 [pool-59-thread-1] INFO  server.RaftServerConfigKeys (ConfUtils.java:logGet(43)) - raft.server.log.purge.gap = 1000000 (custom)
2019-10-21 06:05:04,144 [pool-59-thread-1] INFO  server.RaftServerConfigKeys (ConfUtils.java:logGet(43)) - raft.server.log.appender.buffer.byte-limit = 33554432 (custom)
2019-10-21 06:05:04,144 [pool-59-thread-1] INFO  server.RaftServerConfigKeys (ConfUtils.java:logGet(43)) - raft.server.log.segment.size.max = 1048576 (custom)
2019-10-21 06:05:04,144 [pool-59-thread-1] INFO  server.RaftServerConfigKeys (ConfUtils.java:logGet(43)) - raft.server.log.segment.cache.num.max = 2 (custom)
2019-10-21 06:05:04,144 [pool-59-thread-1] INFO  segmented.SegmentedRaftLogWorker (SegmentedRaftLogWorker.java:<init>(173)) - new a588f1ac-0e88-414d-9361-c050928a17f1@group-58705FFBD881-SegmentedRaftLogWorker for RaftStorage:Storage Directory /workdir/hadoop-ozone/integration-test/target/test-dir/MiniOzoneClusterImpl-57da642c-82d6-499f-aa71-47bf78ddd986/datanode-1/data/ratis/8f9e0d08-2118-49e4-bafd-58705ffbd881
2019-10-21 06:05:04,144 [pool-59-thread-1] INFO  server.RaftServerConfigKeys (ConfUtils.java:logGet(43)) - raft.server.log.queue.byte-limit = 2147483647 (custom)
2019-10-21 06:05:04,144 [pool-59-thread-1] INFO  server.RaftServerConfigKeys (ConfUtils.java:logGet(43)) - raft.server.log.queue.element-limit = 1024 (custom)
2019-10-21 06:05:04,144 [pool-59-thread-1] INFO  server.RaftServerConfigKeys (ConfUtils.java:logGet(43)) - raft.server.log.segment.size.max = 1048576 (custom)
2019-10-21 06:05:04,144 [pool-59-thread-1] INFO  server.RaftServerConfigKeys (ConfUtils.java:logGet(43)) - raft.server.log.preallocated.size = 16384 (custom)
2019-10-21 06:05:04,144 [pool-59-thread-1] INFO  server.RaftServerConfigKeys (ConfUtils.java:logGet(43)) - raft.server.log.write.buffer.size = 33554432 (custom)
2019-10-21 06:05:04,144 [pool-59-thread-1] INFO  server.RaftServerConfigKeys (ConfUtils.java:logGet(43)) - raft.server.log.force.sync.num = 128 (default)
2019-10-21 06:05:04,144 [pool-59-thread-1] INFO  server.RaftServerConfigKeys (ConfUtils.java:logGet(43)) - raft.server.log.statemachine.data.sync = true (default)
2019-10-21 06:05:04,145 [pool-59-thread-1] INFO  server.RaftServerConfigKeys (ConfUtils.java:logGet(43)) - raft.server.log.statemachine.data.sync.timeout = 10s (default)
2019-10-21 06:05:04,145 [pool-59-thread-1] INFO  server.RaftServerConfigKeys (ConfUtils.java:logGet(43)) - raft.server.log.statemachine.data.sync.timeout.retry = -1 (default)
2019-10-21 06:05:04,145 [pool-59-thread-1] INFO  server.RaftServerConfigKeys (ConfUtils.java:logGet(43)) - raft.server.log.statemachine.data.caching.enabled = true (custom)
2019-10-21 06:05:04,145 [pool-59-thread-1] INFO  impl.RaftServerImpl (ServerState.java:setRaftConf(356)) - a588f1ac-0e88-414d-9361-c050928a17f1@group-58705FFBD881: set configuration 0: [2de534ac-c407-4ec5-ab68-e4d0e1b50d95:192.168.34.63:40946, 5389c291-9dbf-4ff3-95a2-a367bd79a92b:192.168.34.63:45480, a588f1ac-0e88-414d-9361-c050928a17f1:192.168.34.63:38160], old=null at 0
2019-10-21 06:05:04,146 [pool-59-thread-1] INFO  segmented.LogSegment (LogSegment.java:loadSegment(140)) - Successfully read 5 entries from segment file /workdir/hadoop-ozone/integration-test/target/test-dir/MiniOzoneClusterImpl-57da642c-82d6-499f-aa71-47bf78ddd986/datanode-1/data/ratis/8f9e0d08-2118-49e4-bafd-58705ffbd881/current/log_inprogress_0
2019-10-21 06:05:04,146 [pool-59-thread-1] INFO  segmented.SegmentedRaftLogWorker (SegmentedRaftLogWorker.java:lambda$new$0(128)) - a588f1ac-0e88-414d-9361-c050928a17f1@group-58705FFBD881-SegmentedRaftLogWorker: flushIndex: setUnconditionally 0 -> 4
2019-10-21 06:05:04,169 [pool-59-thread-1] INFO  raftlog.RaftLog (RaftLog.java:lambda$new$0(61)) - a588f1ac-0e88-414d-9361-c050928a17f1@group-58705FFBD881-SegmentedRaftLog: commitIndex: updateToMax old=3, new=3, updated? false
2019-10-21 06:05:04,170 [pool-59-thread-1] INFO  server.RaftServerConfigKeys (ConfUtils.java:logGet(43)) - raft.server.snapshot.auto.trigger.enabled = true (custom)
2019-10-21 06:05:04,170 [pool-59-thread-1] INFO  server.RaftServerConfigKeys (ConfUtils.java:logGet(43)) - raft.server.snapshot.auto.trigger.threshold = 10000 (custom)
2019-10-21 06:05:04,170 [pool-59-thread-1] INFO  server.RaftServerConfigKeys (ConfUtils.java:logGet(43)) - raft.server.snapshot.retention.file.num = 5 (custom)
2019-10-21 06:05:04,170 [pool-59-thread-1] INFO  server.RaftServerConfigKeys (ConfUtils.java:logGet(43)) - raft.server.retrycache.expirytime = 600000ms (custom)
2019-10-21 06:05:04,328 [Command processor thread] INFO  commandhandler.DeleteBlocksCommandHandler (DeleteBlocksCommandHandler.java:handle(106)) - Start to delete container blocks, TXIDs=[1(0)], numOfContainers=1, numOfBlocks=1
2019-10-21 06:05:04,332 [EventQueue-PendingDeleteStatusForPendingDeleteHandler] INFO  block.SCMBlockDeletingService (SCMBlockDeletingService.java:handlePendingDeletes(115)) - Block deletion txnID mismatch in datanode 2de534ac-c407-4ec5-ab68-e4d0e1b50d95 for containerID 1. Datanode delete txnID: 0, SCM txnID: 1
2019-10-21 06:05:04,338 [pool-7-thread-1] INFO  commands.RetriableDatanodeEventWatcher (RetriableDatanodeEventWatcher.java:onTimeout(47)) - RetriableDatanodeCommand type=deleteBlocksCommand with id=1571637903336 timed out. Retrying.
2019-10-21 06:05:04,338 [pool-7-thread-1] INFO  commands.RetriableDatanodeEventWatcher (RetriableDatanodeEventWatcher.java:onTimeout(47)) - RetriableDatanodeCommand type=deleteBlocksCommand with id=1571637903338 timed out. Retrying.
2019-10-21 06:05:04,338 [SCMBlockDeletingService#0] INFO  block.SCMBlockDeletingService (SCMBlockDeletingService.java:call(184)) - Totally added 2 delete blocks command for 2 datanodes, task elapsed time: 1ms
2019-10-21 06:05:04,925 [BlockDeletingService#2] WARN  background.BlockDeletingService (BlockDeletingService.java:isDeletionAllowed(187)) - Close Container log Index 6 is not replicated across allthe servers in the pipeline 8f9e0d08-2118-49e4-bafd-58705ffbd881 as the min replicated index is 4. Deletion is not allowed in this container yet.
2019-10-21 06:05:04,925 [BlockDeletingService#2] WARN  background.BlockDeletingService (BlockDeletingService.java:isDeletionAllowed(187)) - Close Container log Index 6 is not replicated across allthe servers in the pipeline 8f9e0d08-2118-49e4-bafd-58705ffbd881 as the min replicated index is 4. Deletion is not allowed in this container yet.
2019-10-21 06:05:05,332 [Command processor thread] INFO  commandhandler.DeleteBlocksCommandHandler (DeleteBlocksCommandHandler.java:handle(106)) - Start to delete container blocks, TXIDs=[1(2)], numOfContainers=1, numOfBlocks=1
2019-10-21 06:05:05,332 [Command processor thread] INFO  commandhandler.DeleteBlocksCommandHandler (DeleteBlocksCommandHandler.java:handle(106)) - Start to delete container blocks, TXIDs=[1(0)], numOfContainers=1, numOfBlocks=1
2019-10-21 06:05:05,339 [pool-7-thread-1] INFO  commands.RetriableDatanodeEventWatcher (RetriableDatanodeEventWatcher.java:onTimeout(47)) - RetriableDatanodeCommand type=deleteBlocksCommand with id=1571637903340 timed out. Retrying.
2019-10-21 06:05:05,339 [pool-7-thread-2] INFO  commands.RetriableDatanodeEventWatcher (RetriableDatanodeEventWatcher.java:onTimeout(47)) - RetriableDatanodeCommand type=deleteBlocksCommand with id=1571637903338 timed out. Retrying.
2019-10-21 06:05:05,339 [pool-7-thread-3] INFO  commands.RetriableDatanodeEventWatcher (RetriableDatanodeEventWatcher.java:onTimeout(47)) - RetriableDatanodeCommand type=deleteBlocksCommand with id=1571637903339 timed out. Retrying.
2019-10-21 06:05:05,340 [SCMBlockDeletingService#0] INFO  block.SCMBlockDeletingService (SCMBlockDeletingService.java:call(184)) - Totally added 1 delete blocks command for 1 datanodes, task elapsed time: 1ms
2019-10-21 06:05:05,434 [EventQueue-DeleteBlockStatusForEventWatcher$$Lambda$30/1725165248] WARN  events.EventWatcher (EventWatcher.java:lambda$start$0(110)) - Completion event without active lease. Id=1571637903336
2019-10-21 06:05:05,927 [BlockDeletingService#2] WARN  background.BlockDeletingService (BlockDeletingService.java:isDeletionAllowed(187)) - Close Container log Index 6 is not replicated across allthe servers in the pipeline 8f9e0d08-2118-49e4-bafd-58705ffbd881 as the min replicated index is 4. Deletion is not allowed in this container yet.
2019-10-21 06:05:05,927 [BlockDeletingService#2] WARN  background.BlockDeletingService (BlockDeletingService.java:isDeletionAllowed(187)) - Close Container log Index 6 is not replicated across allthe servers in the pipeline 8f9e0d08-2118-49e4-bafd-58705ffbd881 as the min replicated index is 4. Deletion is not allowed in this container yet.
2019-10-21 06:05:06,133 [Datanode State Machine Thread - 0] INFO  ozoneimpl.OzoneContainer (OzoneContainer.java:start(213)) - Attempting to start container services.
2019-10-21 06:05:06,134 [Datanode State Machine Thread - 0] INFO  ozoneimpl.OzoneContainer (OzoneContainer.java:startContainerScrub(177)) - Background container scanner has been disabled.
2019-10-21 06:05:06,134 [Datanode State Machine Thread - 0] INFO  ratis.XceiverServerRatis (XceiverServerRatis.java:start(424)) - Starting XceiverServerRatis a588f1ac-0e88-414d-9361-c050928a17f1 at port 38160
2019-10-21 06:05:06,149 [Datanode State Machine Thread - 0] INFO  impl.RaftServerImpl (RaftServerImpl.java:start(184)) - a588f1ac-0e88-414d-9361-c050928a17f1@group-58705FFBD881: start as a follower, conf=0: [2de534ac-c407-4ec5-ab68-e4d0e1b50d95:192.168.34.63:40946, 5389c291-9dbf-4ff3-95a2-a367bd79a92b:192.168.34.63:45480, a588f1ac-0e88-414d-9361-c050928a17f1:192.168.34.63:38160], old=null
2019-10-21 06:05:06,150 [ForkJoinPool.commonPool-worker-0] INFO  impl.RaftServerImpl (RaftServerImpl.java:start(184)) - a588f1ac-0e88-414d-9361-c050928a17f1@group-B2E41A75A66B: start as a follower, conf=0: [a588f1ac-0e88-414d-9361-c050928a17f1:192.168.34.63:38160], old=null
2019-10-21 06:05:06,150 [Datanode State Machine Thread - 0] INFO  impl.RaftServerImpl (RaftServerImpl.java:setRole(173)) - a588f1ac-0e88-414d-9361-c050928a17f1@group-58705FFBD881: changes role from      null to FOLLOWER at term 1 for startAsFollower
2019-10-21 06:05:06,151 [ForkJoinPool.commonPool-worker-0] INFO  impl.RaftServerImpl (RaftServerImpl.java:setRole(173)) - a588f1ac-0e88-414d-9361-c050928a17f1@group-B2E41A75A66B: changes role from      null to FOLLOWER at term 1 for startAsFollower
2019-10-21 06:05:06,151 [Datanode State Machine Thread - 0] INFO  impl.RoleInfo (RoleInfo.java:updateAndGet(143)) - a588f1ac-0e88-414d-9361-c050928a17f1: start FollowerState
2019-10-21 06:05:06,151 [ForkJoinPool.commonPool-worker-0] INFO  impl.RoleInfo (RoleInfo.java:updateAndGet(143)) - a588f1ac-0e88-414d-9361-c050928a17f1: start FollowerState
2019-10-21 06:05:06,152 [Datanode State Machine Thread - 0] INFO  util.JmxRegister (JmxRegister.java:tryRegister(44)) - Successfully registered JMX Bean with object name Ratis:service=RaftServer,group=group-58705FFBD881,id=a588f1ac-0e88-414d-9361-c050928a17f1
2019-10-21 06:05:06,152 [ForkJoinPool.commonPool-worker-0] INFO  util.JmxRegister (JmxRegister.java:tryRegister(44)) - Successfully registered JMX Bean with object name Ratis:service=RaftServer,group=group-B2E41A75A66B,id=a588f1ac-0e88-414d-9361-c050928a17f1
2019-10-21 06:05:06,155 [Datanode State Machine Thread - 0] INFO  impl.RaftServerProxy (RaftServerProxy.java:lambda$start$3(299)) - a588f1ac-0e88-414d-9361-c050928a17f1: start RPC server
2019-10-21 06:05:06,156 [Datanode State Machine Thread - 0] INFO  server.GrpcService (GrpcService.java:startImpl(158)) - a588f1ac-0e88-414d-9361-c050928a17f1: GrpcService started, listening on 0.0.0.0/0.0.0.0:38160
2019-10-21 06:05:06,339 [pool-7-thread-3] INFO  commands.RetriableDatanodeEventWatcher (RetriableDatanodeEventWatcher.java:onTimeout(47)) - RetriableDatanodeCommand type=deleteBlocksCommand with id=1571637903340 timed out. Retrying.
2019-10-21 06:05:06,340 [pool-7-thread-3] INFO  commands.RetriableDatanodeEventWatcher (RetriableDatanodeEventWatcher.java:onTimeout(47)) - RetriableDatanodeCommand type=deleteBlocksCommand with id=1571637903341 timed out. Retrying.
2019-10-21 06:05:06,340 [pool-7-thread-2] INFO  commands.RetriableDatanodeEventWatcher (RetriableDatanodeEventWatcher.java:onTimeout(47)) - RetriableDatanodeCommand type=deleteBlocksCommand with id=1571637903338 timed out. Retrying.
2019-10-21 06:05:06,341 [SCMBlockDeletingService#0] INFO  block.SCMBlockDeletingService (SCMBlockDeletingService.java:call(184)) - Totally added 1 delete blocks command for 1 datanodes, task elapsed time: 1ms
2019-10-21 06:05:06,432 [Command processor thread] INFO  commandhandler.DeleteBlocksCommandHandler (DeleteBlocksCommandHandler.java:handle(106)) - Start to delete container blocks, TXIDs=[1(2)], numOfContainers=1, numOfBlocks=1
2019-10-21 06:05:06,435 [java.util.concurrent.ThreadPoolExecutor$Worker@29bf4258[State = -1, empty queue]] WARN  server.GrpcLogAppender (GrpcLogAppender.java:timeoutAppendRequest(209)) - 5389c291-9dbf-4ff3-95a2-a367bd79a92b@group-58705FFBD881->a588f1ac-0e88-414d-9361-c050928a17f1-GrpcLogAppender: appendEntries Timeout, request=5389c291-9dbf-4ff3-95a2-a367bd79a92b->a588f1ac-0e88-414d-9361-c050928a17f1#51-t1, previous=(t:1, i:10), leaderCommit=10, initializing? false, entries: <empty>
2019-10-21 06:05:06,636 [EventQueue-DeleteBlockStatusForEventWatcher$$Lambda$30/1725165248] WARN  events.EventWatcher (EventWatcher.java:lambda$start$0(110)) - Completion event without active lease. Id=1571637903339
2019-10-21 06:05:06,929 [BlockDeletingService#2] WARN  background.BlockDeletingService (BlockDeletingService.java:isDeletionAllowed(187)) - Close Container log Index 6 is not replicated across allthe servers in the pipeline 8f9e0d08-2118-49e4-bafd-58705ffbd881 as the min replicated index is 4. Deletion is not allowed in this container yet.
2019-10-21 06:05:06,929 [BlockDeletingService#2] WARN  background.BlockDeletingService (BlockDeletingService.java:isDeletionAllowed(187)) - Close Container log Index 6 is not replicated across allthe servers in the pipeline 8f9e0d08-2118-49e4-bafd-58705ffbd881 as the min replicated index is 4. Deletion is not allowed in this container yet.
2019-10-21 06:05:07,340 [pool-7-thread-3] INFO  commands.RetriableDatanodeEventWatcher (RetriableDatanodeEventWatcher.java:onTimeout(47)) - RetriableDatanodeCommand type=deleteBlocksCommand with id=1571637903341 timed out. Retrying.
2019-10-21 06:05:07,340 [pool-7-thread-1] INFO  commands.RetriableDatanodeEventWatcher (RetriableDatanodeEventWatcher.java:onTimeout(47)) - RetriableDatanodeCommand type=deleteBlocksCommand with id=1571637903338 timed out. Retrying.
2019-10-21 06:05:07,340 [pool-7-thread-2] INFO  commands.RetriableDatanodeEventWatcher (RetriableDatanodeEventWatcher.java:onTimeout(47)) - RetriableDatanodeCommand type=deleteBlocksCommand with id=1571637903340 timed out. Retrying.
2019-10-21 06:05:07,341 [pool-7-thread-2] INFO  commands.RetriableDatanodeEventWatcher (RetriableDatanodeEventWatcher.java:onTimeout(47)) - RetriableDatanodeCommand type=deleteBlocksCommand with id=1571637903342 timed out. Retrying.
2019-10-21 06:05:07,342 [SCMBlockDeletingService#0] INFO  block.SCMBlockDeletingService (SCMBlockDeletingService.java:call(184)) - Totally added 1 delete blocks command for 1 datanodes, task elapsed time: 0ms
2019-10-21 06:05:07,930 [BlockDeletingService#2] WARN  background.BlockDeletingService (BlockDeletingService.java:isDeletionAllowed(187)) - Close Container log Index 6 is not replicated across allthe servers in the pipeline 8f9e0d08-2118-49e4-bafd-58705ffbd881 as the min replicated index is 4. Deletion is not allowed in this container yet.
2019-10-21 06:05:07,930 [BlockDeletingService#2] WARN  background.BlockDeletingService (BlockDeletingService.java:isDeletionAllowed(187)) - Close Container log Index 6 is not replicated across allthe servers in the pipeline 8f9e0d08-2118-49e4-bafd-58705ffbd881 as the min replicated index is 4. Deletion is not allowed in this container yet.
2019-10-21 06:05:08,133 [EventQueue-PendingDeleteStatusForPendingDeleteHandler] INFO  block.SCMBlockDeletingService (SCMBlockDeletingService.java:handlePendingDeletes(115)) - Block deletion txnID mismatch in datanode a588f1ac-0e88-414d-9361-c050928a17f1 for containerID 1. Datanode delete txnID: 0, SCM txnID: 1
2019-10-21 06:05:08,341 [pool-7-thread-2] INFO  commands.RetriableDatanodeEventWatcher (RetriableDatanodeEventWatcher.java:onTimeout(47)) - RetriableDatanodeCommand type=deleteBlocksCommand with id=1571637903342 timed out. Retrying.
2019-10-21 06:05:08,341 [pool-7-thread-3] INFO  commands.RetriableDatanodeEventWatcher (RetriableDatanodeEventWatcher.java:onTimeout(47)) - RetriableDatanodeCommand type=deleteBlocksCommand with id=1571637903341 timed out. Retrying.
2019-10-21 06:05:08,342 [pool-7-thread-1] INFO  commands.RetriableDatanodeEventWatcher (RetriableDatanodeEventWatcher.java:onTimeout(47)) - RetriableDatanodeCommand type=deleteBlocksCommand with id=1571637903340 timed out. Retrying.
2019-10-21 06:05:08,342 [pool-7-thread-4] INFO  commands.RetriableDatanodeEventWatcher (RetriableDatanodeEventWatcher.java:onTimeout(47)) - RetriableDatanodeCommand type=deleteBlocksCommand with id=1571637903338 timed out. Retrying.
2019-10-21 06:05:08,342 [pool-7-thread-4] INFO  commands.RetriableDatanodeEventWatcher (RetriableDatanodeEventWatcher.java:onTimeout(47)) - RetriableDatanodeCommand type=deleteBlocksCommand with id=1571637903343 timed out. Retrying.
2019-10-21 06:05:08,343 [SCMBlockDeletingService#0] INFO  block.SCMBlockDeletingService (SCMBlockDeletingService.java:call(184)) - Totally added 1 delete blocks command for 1 datanodes, task elapsed time: 0ms
2019-10-21 06:05:08,931 [BlockDeletingService#2] WARN  background.BlockDeletingService (BlockDeletingService.java:isDeletionAllowed(187)) - Close Container log Index 6 is not replicated across allthe servers in the pipeline 8f9e0d08-2118-49e4-bafd-58705ffbd881 as the min replicated index is 4. Deletion is not allowed in this container yet.
2019-10-21 06:05:08,932 [BlockDeletingService#2] WARN  background.BlockDeletingService (BlockDeletingService.java:isDeletionAllowed(187)) - Close Container log Index 6 is not replicated across allthe servers in the pipeline 8f9e0d08-2118-49e4-bafd-58705ffbd881 as the min replicated index is 4. Deletion is not allowed in this container yet.
2019-10-21 06:05:08,939 [java.util.concurrent.ThreadPoolExecutor$Worker@29bf4258[State = -1, empty queue]] WARN  server.GrpcLogAppender (GrpcLogAppender.java:timeoutAppendRequest(209)) - 5389c291-9dbf-4ff3-95a2-a367bd79a92b@group-58705FFBD881->a588f1ac-0e88-414d-9361-c050928a17f1-GrpcLogAppender: appendEntries Timeout, request=5389c291-9dbf-4ff3-95a2-a367bd79a92b->a588f1ac-0e88-414d-9361-c050928a17f1#52-t1, previous=(t:1, i:10), leaderCommit=10, initializing? false, entries: <empty>
2019-10-21 06:05:09,342 [pool-7-thread-4] INFO  commands.RetriableDatanodeEventWatcher (RetriableDatanodeEventWatcher.java:onTimeout(47)) - RetriableDatanodeCommand type=deleteBlocksCommand with id=1571637903342 timed out. Retrying.
2019-10-21 06:05:09,342 [pool-7-thread-1] INFO  commands.RetriableDatanodeEventWatcher (RetriableDatanodeEventWatcher.java:onTimeout(47)) - RetriableDatanodeCommand type=deleteBlocksCommand with id=1571637903340 timed out. Retrying.
2019-10-21 06:05:09,343 [pool-7-thread-2] INFO  commands.RetriableDatanodeEventWatcher (RetriableDatanodeEventWatcher.java:onTimeout(47)) - RetriableDatanodeCommand type=deleteBlocksCommand with id=1571637903338 timed out. Retrying.
2019-10-21 06:05:09,343 [pool-7-thread-3] INFO  commands.RetriableDatanodeEventWatcher (RetriableDatanodeEventWatcher.java:onTimeout(47)) - RetriableDatanodeCommand type=deleteBlocksCommand with id=1571637903341 timed out. Retrying.
2019-10-21 06:05:09,343 [pool-7-thread-1] INFO  commands.RetriableDatanodeEventWatcher (RetriableDatanodeEventWatcher.java:onTimeout(47)) - RetriableDatanodeCommand type=deleteBlocksCommand with id=1571637903343 timed out. Retrying.
2019-10-21 06:05:09,343 [pool-7-thread-2] INFO  commands.RetriableDatanodeEventWatcher (RetriableDatanodeEventWatcher.java:onTimeout(47)) - RetriableDatanodeCommand type=deleteBlocksCommand with id=1571637903344 timed out. Retrying.
2019-10-21 06:05:09,344 [SCMBlockDeletingService#0] INFO  block.SCMBlockDeletingService (SCMBlockDeletingService.java:call(184)) - Totally added 1 delete blocks command for 1 datanodes, task elapsed time: 0ms
2019-10-21 06:05:09,933 [BlockDeletingService#2] WARN  background.BlockDeletingService (BlockDeletingService.java:isDeletionAllowed(187)) - Close Container log Index 6 is not replicated across allthe servers in the pipeline 8f9e0d08-2118-49e4-bafd-58705ffbd881 as the min replicated index is 4. Deletion is not allowed in this container yet.
2019-10-21 06:05:09,933 [BlockDeletingService#2] WARN  background.BlockDeletingService (BlockDeletingService.java:isDeletionAllowed(187)) - Close Container log Index 6 is not replicated across allthe servers in the pipeline 8f9e0d08-2118-49e4-bafd-58705ffbd881 as the min replicated index is 4. Deletion is not allowed in this container yet.
2019-10-21 06:05:10,133 [EventQueue-PendingDeleteStatusForPendingDeleteHandler] INFO  block.SCMBlockDeletingService (SCMBlockDeletingService.java:handlePendingDeletes(115)) - Block deletion txnID mismatch in datanode a588f1ac-0e88-414d-9361-c050928a17f1 for containerID 1. Datanode delete txnID: 0, SCM txnID: 1
2019-10-21 06:05:10,152 [grpc-default-executor-0] INFO  impl.RaftServerProxy (RaftServerProxy.java:addNew(89)) - a588f1ac-0e88-414d-9361-c050928a17f1: addNew group-E28F0B23F358:[a588f1ac-0e88-414d-9361-c050928a17f1:192.168.34.63:38160] returns group-E28F0B23F358:java.util.concurrent.CompletableFuture@38b110b0[Not completed]
2019-10-21 06:05:10,154 [pool-59-thread-1] INFO  impl.RaftServerImpl (RaftServerImpl.java:<init>(98)) - a588f1ac-0e88-414d-9361-c050928a17f1: new RaftServerImpl for group-E28F0B23F358:[a588f1ac-0e88-414d-9361-c050928a17f1:192.168.34.63:38160] with ContainerStateMachine:uninitialized
2019-10-21 06:05:10,154 [pool-59-thread-1] INFO  server.RaftServerConfigKeys (ConfUtils.java:logGet(43)) - raft.server.rpc.timeout.min = 5s (custom)
2019-10-21 06:05:10,155 [pool-59-thread-1] INFO  server.RaftServerConfigKeys (ConfUtils.java:logGet(43)) - raft.server.rpc.timeout.max = 5200ms (custom)
2019-10-21 06:05:10,155 [pool-59-thread-1] INFO  server.RaftServerConfigKeys (ConfUtils.java:logGet(43)) - raft.server.rpcslowness.timeout = 1000s (custom)
2019-10-21 06:05:10,155 [pool-59-thread-1] INFO  server.RaftServerConfigKeys (ConfUtils.java:logGet(43)) - raft.server.sleep.deviation.threshold = 300 (default)
2019-10-21 06:05:10,155 [pool-59-thread-1] INFO  server.RaftServerConfigKeys (ConfUtils.java:logGet(43)) - raft.server.log.appender.install.snapshot.enabled = false (custom)
2019-10-21 06:05:10,155 [pool-59-thread-1] INFO  impl.RaftServerImpl (ServerState.java:<init>(103)) - a588f1ac-0e88-414d-9361-c050928a17f1@group-E28F0B23F358: ConfigurationManager, init=-1: [a588f1ac-0e88-414d-9361-c050928a17f1:192.168.34.63:38160], old=null, confs=<EMPTY_MAP>
2019-10-21 06:05:10,155 [pool-59-thread-1] INFO  server.RaftServerConfigKeys (ConfUtils.java:logGet(43)) - raft.server.storage.dir = [/workdir/hadoop-ozone/integration-test/target/test-dir/MiniOzoneClusterImpl-57da642c-82d6-499f-aa71-47bf78ddd986/datanode-1/data/ratis] (custom)
2019-10-21 06:05:10,156 [pool-59-thread-1] INFO  server.RaftServerConfigKeys (ConfUtils.java:logGet(43)) - raft.server.log.corruption.policy = EXCEPTION (default)
2019-10-21 06:05:10,156 [pool-59-thread-1] INFO  storage.RaftStorageDirectory (RaftStorageDirectory.java:analyzeStorage(246)) - The storage directory /workdir/hadoop-ozone/integration-test/target/test-dir/MiniOzoneClusterImpl-57da642c-82d6-499f-aa71-47bf78ddd986/datanode-1/data/ratis/0674f291-2660-4d2a-a901-e28f0b23f358 does not exist. Creating ...
2019-10-21 06:05:10,169 [pool-59-thread-1] INFO  storage.RaftStorageDirectory (RaftStorageDirectory.java:tryLock(328)) - Lock on /workdir/hadoop-ozone/integration-test/target/test-dir/MiniOzoneClusterImpl-57da642c-82d6-499f-aa71-47bf78ddd986/datanode-1/data/ratis/0674f291-2660-4d2a-a901-e28f0b23f358/in_use.lock acquired by nodename 22508@pr-hdds-1868-wsm2n-11235469
2019-10-21 06:05:10,183 [pool-59-thread-1] INFO  storage.RaftStorage (RaftStorage.java:format(84)) - Storage directory /workdir/hadoop-ozone/integration-test/target/test-dir/MiniOzoneClusterImpl-57da642c-82d6-499f-aa71-47bf78ddd986/datanode-1/data/ratis/0674f291-2660-4d2a-a901-e28f0b23f358 has been successfully formatted.
2019-10-21 06:05:10,183 [pool-59-thread-1] INFO  ratis.ContainerStateMachine (ContainerStateMachine.java:loadSnapshot(233)) - group-E28F0B23F358: The snapshot info is null. Setting the last applied indexto:(t:0, i:~)
2019-10-21 06:05:10,183 [pool-59-thread-1] INFO  server.RaftServerConfigKeys (ConfUtils.java:logGet(43)) - raft.server.notification.no-leader.timeout = 1000s (custom)
2019-10-21 06:05:10,184 [pool-59-thread-1] INFO  server.RaftServerConfigKeys (ConfUtils.java:logGet(43)) - raft.server.log.use.memory = false (default)
2019-10-21 06:05:10,184 [pool-59-thread-1] INFO  server.RaftServerConfigKeys (ConfUtils.java:logGet(43)) - raft.server.log.purge.gap = 1000000 (custom)
2019-10-21 06:05:10,184 [pool-59-thread-1] INFO  server.RaftServerConfigKeys (ConfUtils.java:logGet(43)) - raft.server.log.appender.buffer.byte-limit = 33554432 (custom)
2019-10-21 06:05:10,184 [pool-59-thread-1] INFO  server.RaftServerConfigKeys (ConfUtils.java:logGet(43)) - raft.server.log.segment.size.max = 1048576 (custom)
2019-10-21 06:05:10,184 [pool-59-thread-1] INFO  server.RaftServerConfigKeys (ConfUtils.java:logGet(43)) - raft.server.log.segment.cache.num.max = 2 (custom)
2019-10-21 06:05:10,184 [pool-59-thread-1] INFO  segmented.SegmentedRaftLogWorker (SegmentedRaftLogWorker.java:<init>(173)) - new a588f1ac-0e88-414d-9361-c050928a17f1@group-E28F0B23F358-SegmentedRaftLogWorker for RaftStorage:Storage Directory /workdir/hadoop-ozone/integration-test/target/test-dir/MiniOzoneClusterImpl-57da642c-82d6-499f-aa71-47bf78ddd986/datanode-1/data/ratis/0674f291-2660-4d2a-a901-e28f0b23f358
2019-10-21 06:05:10,184 [pool-59-thread-1] INFO  server.RaftServerConfigKeys (ConfUtils.java:logGet(43)) - raft.server.log.queue.byte-limit = 2147483647 (custom)
2019-10-21 06:05:10,185 [pool-59-thread-1] INFO  server.RaftServerConfigKeys (ConfUtils.java:logGet(43)) - raft.server.log.queue.element-limit = 1024 (custom)
2019-10-21 06:05:10,185 [pool-59-thread-1] INFO  server.RaftServerConfigKeys (ConfUtils.java:logGet(43)) - raft.server.log.segment.size.max = 1048576 (custom)
2019-10-21 06:05:10,185 [pool-59-thread-1] INFO  server.RaftServerConfigKeys (ConfUtils.java:logGet(43)) - raft.server.log.preallocated.size = 16384 (custom)
2019-10-21 06:05:10,185 [pool-59-thread-1] INFO  server.RaftServerConfigKeys (ConfUtils.java:logGet(43)) - raft.server.log.write.buffer.size = 33554432 (custom)
2019-10-21 06:05:10,185 [pool-59-thread-1] INFO  server.RaftServerConfigKeys (ConfUtils.java:logGet(43)) - raft.server.log.force.sync.num = 128 (default)
2019-10-21 06:05:10,185 [pool-59-thread-1] INFO  server.RaftServerConfigKeys (ConfUtils.java:logGet(43)) - raft.server.log.statemachine.data.sync = true (default)
2019-10-21 06:05:10,185 [pool-59-thread-1] INFO  server.RaftServerConfigKeys (ConfUtils.java:logGet(43)) - raft.server.log.statemachine.data.sync.timeout = 10s (default)
2019-10-21 06:05:10,185 [pool-59-thread-1] INFO  server.RaftServerConfigKeys (ConfUtils.java:logGet(43)) - raft.server.log.statemachine.data.sync.timeout.retry = -1 (default)
2019-10-21 06:05:10,186 [pool-59-thread-1] INFO  server.RaftServerConfigKeys (ConfUtils.java:logGet(43)) - raft.server.log.statemachine.data.caching.enabled = true (custom)
2019-10-21 06:05:10,186 [pool-59-thread-1] INFO  segmented.SegmentedRaftLogWorker (SegmentedRaftLogWorker.java:lambda$new$0(128)) - a588f1ac-0e88-414d-9361-c050928a17f1@group-E28F0B23F358-SegmentedRaftLogWorker: flushIndex: setUnconditionally 0 -> -1
2019-10-21 06:05:10,187 [pool-59-thread-1] INFO  server.RaftServerConfigKeys (ConfUtils.java:logGet(43)) - raft.server.snapshot.auto.trigger.enabled = true (custom)
2019-10-21 06:05:10,187 [pool-59-thread-1] INFO  server.RaftServerConfigKeys (ConfUtils.java:logGet(43)) - raft.server.snapshot.auto.trigger.threshold = 10000 (custom)
2019-10-21 06:05:10,187 [pool-59-thread-1] INFO  server.RaftServerConfigKeys (ConfUtils.java:logGet(43)) - raft.server.snapshot.retention.file.num = 5 (custom)
2019-10-21 06:05:10,187 [pool-59-thread-1] INFO  server.RaftServerConfigKeys (ConfUtils.java:logGet(43)) - raft.server.retrycache.expirytime = 600000ms (custom)
2019-10-21 06:05:10,188 [pool-59-thread-1] WARN  impl.MetricRegistriesImpl (MetricRegistriesImpl.java:lambda$create$1(61)) - First MetricRegistry has been created without registering reporters. You may need to call MetricRegistries.global().addReportRegistration(...) before.
2019-10-21 06:05:10,188 [pool-59-thread-1] WARN  impl.MetricRegistriesImpl (MetricRegistriesImpl.java:lambda$create$1(61)) - First MetricRegistry has been created without registering reporters. You may need to call MetricRegistries.global().addReportRegistration(...) before.
2019-10-21 06:05:10,188 [pool-59-thread-1] INFO  impl.RaftServerImpl (RaftServerImpl.java:start(184)) - a588f1ac-0e88-414d-9361-c050928a17f1@group-E28F0B23F358: start as a follower, conf=-1: [a588f1ac-0e88-414d-9361-c050928a17f1:192.168.34.63:38160], old=null
2019-10-21 06:05:10,188 [pool-59-thread-1] INFO  impl.RaftServerImpl (RaftServerImpl.java:setRole(173)) - a588f1ac-0e88-414d-9361-c050928a17f1@group-E28F0B23F358: changes role from      null to FOLLOWER at term 0 for startAsFollower
2019-10-21 06:05:10,189 [pool-59-thread-1] INFO  impl.RoleInfo (RoleInfo.java:updateAndGet(143)) - a588f1ac-0e88-414d-9361-c050928a17f1: start FollowerState
2019-10-21 06:05:10,189 [pool-59-thread-1] INFO  util.JmxRegister (JmxRegister.java:tryRegister(44)) - Successfully registered JMX Bean with object name Ratis:service=RaftServer,group=group-E28F0B23F358,id=a588f1ac-0e88-414d-9361-c050928a17f1
2019-10-21 06:05:10,190 [pool-59-thread-1] WARN  impl.MetricRegistriesImpl (MetricRegistriesImpl.java:lambda$create$1(61)) - First MetricRegistry has been created without registering reporters. You may need to call MetricRegistries.global().addReportRegistration(...) before.
2019-10-21 06:05:10,208 [RatisPipelineUtilsThread] INFO  pipeline.PipelineStateManager (PipelineStateManager.java:addPipeline(55)) - Created pipeline Pipeline[ Id: 0674f291-2660-4d2a-a901-e28f0b23f358, Nodes: a588f1ac-0e88-414d-9361-c050928a17f1{ip: 192.168.34.63, host: pr-hdds-1868-wsm2n-11235469, networkLocation: /default-rack, certSerialId: null}, Type:RATIS, Factor:ONE, State:ALLOCATED]
2019-10-21 06:05:10,220 [grpc-default-executor-4] INFO  impl.RaftServerProxy (RaftServerProxy.java:addNew(89)) - 2de534ac-c407-4ec5-ab68-e4d0e1b50d95: addNew group-CD92465FA989:[2de534ac-c407-4ec5-ab68-e4d0e1b50d95:192.168.34.63:40946, 5389c291-9dbf-4ff3-95a2-a367bd79a92b:192.168.34.63:45480, a588f1ac-0e88-414d-9361-c050928a17f1:192.168.34.63:38160] returns group-CD92465FA989:java.util.concurrent.CompletableFuture@3818710e[Not completed]
2019-10-21 06:05:10,222 [grpc-default-executor-0] INFO  impl.RaftServerProxy (RaftServerProxy.java:addNew(89)) - 5389c291-9dbf-4ff3-95a2-a367bd79a92b: addNew group-CD92465FA989:[2de534ac-c407-4ec5-ab68-e4d0e1b50d95:192.168.34.63:40946, 5389c291-9dbf-4ff3-95a2-a367bd79a92b:192.168.34.63:45480, a588f1ac-0e88-414d-9361-c050928a17f1:192.168.34.63:38160] returns group-CD92465FA989:java.util.concurrent.CompletableFuture@23bdc6d6[Not completed]
2019-10-21 06:05:10,222 [grpc-default-executor-1] INFO  impl.RaftServerProxy (RaftServerProxy.java:addNew(89)) - a588f1ac-0e88-414d-9361-c050928a17f1: addNew group-CD92465FA989:[2de534ac-c407-4ec5-ab68-e4d0e1b50d95:192.168.34.63:40946, 5389c291-9dbf-4ff3-95a2-a367bd79a92b:192.168.34.63:45480, a588f1ac-0e88-414d-9361-c050928a17f1:192.168.34.63:38160] returns group-CD92465FA989:java.util.concurrent.CompletableFuture@409678fa[Not completed]
2019-10-21 06:05:10,225 [pool-27-thread-1] INFO  impl.RaftServerImpl (RaftServerImpl.java:<init>(98)) - 2de534ac-c407-4ec5-ab68-e4d0e1b50d95: new RaftServerImpl for group-CD92465FA989:[2de534ac-c407-4ec5-ab68-e4d0e1b50d95:192.168.34.63:40946, 5389c291-9dbf-4ff3-95a2-a367bd79a92b:192.168.34.63:45480, a588f1ac-0e88-414d-9361-c050928a17f1:192.168.34.63:38160] with ContainerStateMachine:uninitialized
2019-10-21 06:05:10,225 [pool-27-thread-1] INFO  server.RaftServerConfigKeys (ConfUtils.java:logGet(43)) - raft.server.rpc.timeout.min = 5s (custom)
2019-10-21 06:05:10,225 [pool-27-thread-1] INFO  server.RaftServerConfigKeys (ConfUtils.java:logGet(43)) - raft.server.rpc.timeout.max = 5200ms (custom)
2019-10-21 06:05:10,225 [pool-27-thread-1] INFO  server.RaftServerConfigKeys (ConfUtils.java:logGet(43)) - raft.server.rpcslowness.timeout = 1000s (custom)
2019-10-21 06:05:10,225 [pool-27-thread-1] INFO  server.RaftServerConfigKeys (ConfUtils.java:logGet(43)) - raft.server.sleep.deviation.threshold = 300 (default)
2019-10-21 06:05:10,225 [pool-27-thread-1] INFO  server.RaftServerConfigKeys (ConfUtils.java:logGet(43)) - raft.server.log.appender.install.snapshot.enabled = false (custom)
2019-10-21 06:05:10,226 [pool-27-thread-1] INFO  impl.RaftServerImpl (ServerState.java:<init>(103)) - 2de534ac-c407-4ec5-ab68-e4d0e1b50d95@group-CD92465FA989: ConfigurationManager, init=-1: [2de534ac-c407-4ec5-ab68-e4d0e1b50d95:192.168.34.63:40946, 5389c291-9dbf-4ff3-95a2-a367bd79a92b:192.168.34.63:45480, a588f1ac-0e88-414d-9361-c050928a17f1:192.168.34.63:38160], old=null, confs=<EMPTY_MAP>
2019-10-21 06:05:10,226 [pool-27-thread-1] INFO  server.RaftServerConfigKeys (ConfUtils.java:logGet(43)) - raft.server.storage.dir = [/workdir/hadoop-ozone/integration-test/target/test-dir/MiniOzoneClusterImpl-57da642c-82d6-499f-aa71-47bf78ddd986/datanode-0/data/ratis] (custom)
2019-10-21 06:05:10,226 [pool-27-thread-1] INFO  server.RaftServerConfigKeys (ConfUtils.java:logGet(43)) - raft.server.log.corruption.policy = EXCEPTION (default)
2019-10-21 06:05:10,226 [pool-47-thread-1] INFO  impl.RaftServerImpl (RaftServerImpl.java:<init>(98)) - 5389c291-9dbf-4ff3-95a2-a367bd79a92b: new RaftServerImpl for group-CD92465FA989:[2de534ac-c407-4ec5-ab68-e4d0e1b50d95:192.168.34.63:40946, 5389c291-9dbf-4ff3-95a2-a367bd79a92b:192.168.34.63:45480, a588f1ac-0e88-414d-9361-c050928a17f1:192.168.34.63:38160] with ContainerStateMachine:uninitialized
2019-10-21 06:05:10,226 [pool-27-thread-1] INFO  storage.RaftStorageDirectory (RaftStorageDirectory.java:analyzeStorage(246)) - The storage directory /workdir/hadoop-ozone/integration-test/target/test-dir/MiniOzoneClusterImpl-57da642c-82d6-499f-aa71-47bf78ddd986/datanode-0/data/ratis/97a9378e-0c35-4702-aa2a-cd92465fa989 does not exist. Creating ...
2019-10-21 06:05:10,226 [pool-47-thread-1] INFO  server.RaftServerConfigKeys (ConfUtils.java:logGet(43)) - raft.server.rpc.timeout.min = 5s (custom)
2019-10-21 06:05:10,227 [pool-47-thread-1] INFO  server.RaftServerConfigKeys (ConfUtils.java:logGet(43)) - raft.server.rpc.timeout.max = 5200ms (custom)
2019-10-21 06:05:10,227 [pool-47-thread-1] INFO  server.RaftServerConfigKeys (ConfUtils.java:logGet(43)) - raft.server.rpcslowness.timeout = 1000s (custom)
2019-10-21 06:05:10,227 [pool-47-thread-1] INFO  server.RaftServerConfigKeys (ConfUtils.java:logGet(43)) - raft.server.sleep.deviation.threshold = 300 (default)
2019-10-21 06:05:10,227 [pool-47-thread-1] INFO  server.RaftServerConfigKeys (ConfUtils.java:logGet(43)) - raft.server.log.appender.install.snapshot.enabled = false (custom)
2019-10-21 06:05:10,227 [pool-47-thread-1] INFO  impl.RaftServerImpl (ServerState.java:<init>(103)) - 5389c291-9dbf-4ff3-95a2-a367bd79a92b@group-CD92465FA989: ConfigurationManager, init=-1: [2de534ac-c407-4ec5-ab68-e4d0e1b50d95:192.168.34.63:40946, 5389c291-9dbf-4ff3-95a2-a367bd79a92b:192.168.34.63:45480, a588f1ac-0e88-414d-9361-c050928a17f1:192.168.34.63:38160], old=null, confs=<EMPTY_MAP>
2019-10-21 06:05:10,228 [pool-47-thread-1] INFO  server.RaftServerConfigKeys (ConfUtils.java:logGet(43)) - raft.server.storage.dir = [/workdir/hadoop-ozone/integration-test/target/test-dir/MiniOzoneClusterImpl-57da642c-82d6-499f-aa71-47bf78ddd986/datanode-2/data/ratis] (custom)
2019-10-21 06:05:10,228 [pool-59-thread-1] INFO  impl.RaftServerImpl (RaftServerImpl.java:<init>(98)) - a588f1ac-0e88-414d-9361-c050928a17f1: new RaftServerImpl for group-CD92465FA989:[2de534ac-c407-4ec5-ab68-e4d0e1b50d95:192.168.34.63:40946, 5389c291-9dbf-4ff3-95a2-a367bd79a92b:192.168.34.63:45480, a588f1ac-0e88-414d-9361-c050928a17f1:192.168.34.63:38160] with ContainerStateMachine:uninitialized
2019-10-21 06:05:10,228 [pool-47-thread-1] INFO  server.RaftServerConfigKeys (ConfUtils.java:logGet(43)) - raft.server.log.corruption.policy = EXCEPTION (default)
2019-10-21 06:05:10,228 [pool-59-thread-1] INFO  server.RaftServerConfigKeys (ConfUtils.java:logGet(43)) - raft.server.rpc.timeout.min = 5s (custom)
2019-10-21 06:05:10,228 [pool-47-thread-1] INFO  storage.RaftStorageDirectory (RaftStorageDirectory.java:analyzeStorage(246)) - The storage directory /workdir/hadoop-ozone/integration-test/target/test-dir/MiniOzoneClusterImpl-57da642c-82d6-499f-aa71-47bf78ddd986/datanode-2/data/ratis/97a9378e-0c35-4702-aa2a-cd92465fa989 does not exist. Creating ...
2019-10-21 06:05:10,228 [pool-59-thread-1] INFO  server.RaftServerConfigKeys (ConfUtils.java:logGet(43)) - raft.server.rpc.timeout.max = 5200ms (custom)
2019-10-21 06:05:10,229 [pool-59-thread-1] INFO  server.RaftServerConfigKeys (ConfUtils.java:logGet(43)) - raft.server.rpcslowness.timeout = 1000s (custom)
2019-10-21 06:05:10,229 [pool-59-thread-1] INFO  server.RaftServerConfigKeys (ConfUtils.java:logGet(43)) - raft.server.sleep.deviation.threshold = 300 (default)
2019-10-21 06:05:10,229 [pool-59-thread-1] INFO  server.RaftServerConfigKeys (ConfUtils.java:logGet(43)) - raft.server.log.appender.install.snapshot.enabled = false (custom)
2019-10-21 06:05:10,229 [pool-59-thread-1] INFO  impl.RaftServerImpl (ServerState.java:<init>(103)) - a588f1ac-0e88-414d-9361-c050928a17f1@group-CD92465FA989: ConfigurationManager, init=-1: [2de534ac-c407-4ec5-ab68-e4d0e1b50d95:192.168.34.63:40946, 5389c291-9dbf-4ff3-95a2-a367bd79a92b:192.168.34.63:45480, a588f1ac-0e88-414d-9361-c050928a17f1:192.168.34.63:38160], old=null, confs=<EMPTY_MAP>
2019-10-21 06:05:10,229 [pool-59-thread-1] INFO  server.RaftServerConfigKeys (ConfUtils.java:logGet(43)) - raft.server.storage.dir = [/workdir/hadoop-ozone/integration-test/target/test-dir/MiniOzoneClusterImpl-57da642c-82d6-499f-aa71-47bf78ddd986/datanode-1/data/ratis] (custom)
2019-10-21 06:05:10,230 [pool-59-thread-1] INFO  server.RaftServerConfigKeys (ConfUtils.java:logGet(43)) - raft.server.log.corruption.policy = EXCEPTION (default)
2019-10-21 06:05:10,230 [pool-59-thread-1] INFO  storage.RaftStorageDirectory (RaftStorageDirectory.java:analyzeStorage(246)) - The storage directory /workdir/hadoop-ozone/integration-test/target/test-dir/MiniOzoneClusterImpl-57da642c-82d6-499f-aa71-47bf78ddd986/datanode-1/data/ratis/97a9378e-0c35-4702-aa2a-cd92465fa989 does not exist. Creating ...
2019-10-21 06:05:10,240 [pool-27-thread-1] INFO  storage.RaftStorageDirectory (RaftStorageDirectory.java:tryLock(328)) - Lock on /workdir/hadoop-ozone/integration-test/target/test-dir/MiniOzoneClusterImpl-57da642c-82d6-499f-aa71-47bf78ddd986/datanode-0/data/ratis/97a9378e-0c35-4702-aa2a-cd92465fa989/in_use.lock acquired by nodename 22508@pr-hdds-1868-wsm2n-11235469
2019-10-21 06:05:10,240 [pool-59-thread-1] INFO  storage.RaftStorageDirectory (RaftStorageDirectory.java:tryLock(328)) - Lock on /workdir/hadoop-ozone/integration-test/target/test-dir/MiniOzoneClusterImpl-57da642c-82d6-499f-aa71-47bf78ddd986/datanode-1/data/ratis/97a9378e-0c35-4702-aa2a-cd92465fa989/in_use.lock acquired by nodename 22508@pr-hdds-1868-wsm2n-11235469
2019-10-21 06:05:10,240 [pool-47-thread-1] INFO  storage.RaftStorageDirectory (RaftStorageDirectory.java:tryLock(328)) - Lock on /workdir/hadoop-ozone/integration-test/target/test-dir/MiniOzoneClusterImpl-57da642c-82d6-499f-aa71-47bf78ddd986/datanode-2/data/ratis/97a9378e-0c35-4702-aa2a-cd92465fa989/in_use.lock acquired by nodename 22508@pr-hdds-1868-wsm2n-11235469
2019-10-21 06:05:10,254 [pool-47-thread-1] INFO  storage.RaftStorage (RaftStorage.java:format(84)) - Storage directory /workdir/hadoop-ozone/integration-test/target/test-dir/MiniOzoneClusterImpl-57da642c-82d6-499f-aa71-47bf78ddd986/datanode-2/data/ratis/97a9378e-0c35-4702-aa2a-cd92465fa989 has been successfully formatted.
2019-10-21 06:05:10,254 [pool-59-thread-1] INFO  storage.RaftStorage (RaftStorage.java:format(84)) - Storage directory /workdir/hadoop-ozone/integration-test/target/test-dir/MiniOzoneClusterImpl-57da642c-82d6-499f-aa71-47bf78ddd986/datanode-1/data/ratis/97a9378e-0c35-4702-aa2a-cd92465fa989 has been successfully formatted.
2019-10-21 06:05:10,254 [pool-27-thread-1] INFO  storage.RaftStorage (RaftStorage.java:format(84)) - Storage directory /workdir/hadoop-ozone/integration-test/target/test-dir/MiniOzoneClusterImpl-57da642c-82d6-499f-aa71-47bf78ddd986/datanode-0/data/ratis/97a9378e-0c35-4702-aa2a-cd92465fa989 has been successfully formatted.
2019-10-21 06:05:10,254 [pool-47-thread-1] INFO  ratis.ContainerStateMachine (ContainerStateMachine.java:loadSnapshot(233)) - group-CD92465FA989: The snapshot info is null. Setting the last applied indexto:(t:0, i:~)
2019-10-21 06:05:10,254 [pool-59-thread-1] INFO  ratis.ContainerStateMachine (ContainerStateMachine.java:loadSnapshot(233)) - group-CD92465FA989: The snapshot info is null. Setting the last applied indexto:(t:0, i:~)
2019-10-21 06:05:10,254 [pool-47-thread-1] INFO  server.RaftServerConfigKeys (ConfUtils.java:logGet(43)) - raft.server.notification.no-leader.timeout = 1000s (custom)
2019-10-21 06:05:10,254 [pool-27-thread-1] INFO  ratis.ContainerStateMachine (ContainerStateMachine.java:loadSnapshot(233)) - group-CD92465FA989: The snapshot info is null. Setting the last applied indexto:(t:0, i:~)
2019-10-21 06:05:10,255 [pool-47-thread-1] INFO  server.RaftServerConfigKeys (ConfUtils.java:logGet(43)) - raft.server.log.use.memory = false (default)
2019-10-21 06:05:10,255 [pool-59-thread-1] INFO  server.RaftServerConfigKeys (ConfUtils.java:logGet(43)) - raft.server.notification.no-leader.timeout = 1000s (custom)
2019-10-21 06:05:10,255 [pool-47-thread-1] INFO  server.RaftServerConfigKeys (ConfUtils.java:logGet(43)) - raft.server.log.purge.gap = 1000000 (custom)
2019-10-21 06:05:10,255 [pool-27-thread-1] INFO  server.RaftServerConfigKeys (ConfUtils.java:logGet(43)) - raft.server.notification.no-leader.timeout = 1000s (custom)
2019-10-21 06:05:10,255 [pool-47-thread-1] INFO  server.RaftServerConfigKeys (ConfUtils.java:logGet(43)) - raft.server.log.appender.buffer.byte-limit = 33554432 (custom)
2019-10-21 06:05:10,255 [pool-59-thread-1] INFO  server.RaftServerConfigKeys (ConfUtils.java:logGet(43)) - raft.server.log.use.memory = false (default)
2019-10-21 06:05:10,255 [pool-47-thread-1] INFO  server.RaftServerConfigKeys (ConfUtils.java:logGet(43)) - raft.server.log.segment.size.max = 1048576 (custom)
2019-10-21 06:05:10,255 [pool-27-thread-1] INFO  server.RaftServerConfigKeys (ConfUtils.java:logGet(43)) - raft.server.log.use.memory = false (default)
2019-10-21 06:05:10,256 [pool-47-thread-1] INFO  server.RaftServerConfigKeys (ConfUtils.java:logGet(43)) - raft.server.log.segment.cache.num.max = 2 (custom)
2019-10-21 06:05:10,256 [pool-59-thread-1] INFO  server.RaftServerConfigKeys (ConfUtils.java:logGet(43)) - raft.server.log.purge.gap = 1000000 (custom)
2019-10-21 06:05:10,256 [pool-47-thread-1] INFO  segmented.SegmentedRaftLogWorker (SegmentedRaftLogWorker.java:<init>(173)) - new 5389c291-9dbf-4ff3-95a2-a367bd79a92b@group-CD92465FA989-SegmentedRaftLogWorker for RaftStorage:Storage Directory /workdir/hadoop-ozone/integration-test/target/test-dir/MiniOzoneClusterImpl-57da642c-82d6-499f-aa71-47bf78ddd986/datanode-2/data/ratis/97a9378e-0c35-4702-aa2a-cd92465fa989
2019-10-21 06:05:10,256 [pool-27-thread-1] INFO  server.RaftServerConfigKeys (ConfUtils.java:logGet(43)) - raft.server.log.purge.gap = 1000000 (custom)
2019-10-21 06:05:10,256 [pool-47-thread-1] INFO  server.RaftServerConfigKeys (ConfUtils.java:logGet(43)) - raft.server.log.queue.byte-limit = 2147483647 (custom)
2019-10-21 06:05:10,256 [pool-59-thread-1] INFO  server.RaftServerConfigKeys (ConfUtils.java:logGet(43)) - raft.server.log.appender.buffer.byte-limit = 33554432 (custom)
2019-10-21 06:05:10,256 [pool-47-thread-1] INFO  server.RaftServerConfigKeys (ConfUtils.java:logGet(43)) - raft.server.log.queue.element-limit = 1024 (custom)
2019-10-21 06:05:10,256 [pool-27-thread-1] INFO  server.RaftServerConfigKeys (ConfUtils.java:logGet(43)) - raft.server.log.appender.buffer.byte-limit = 33554432 (custom)
2019-10-21 06:05:10,257 [pool-47-thread-1] INFO  server.RaftServerConfigKeys (ConfUtils.java:logGet(43)) - raft.server.log.segment.size.max = 1048576 (custom)
2019-10-21 06:05:10,257 [pool-59-thread-1] INFO  server.RaftServerConfigKeys (ConfUtils.java:logGet(43)) - raft.server.log.segment.size.max = 1048576 (custom)
2019-10-21 06:05:10,257 [pool-47-thread-1] INFO  server.RaftServerConfigKeys (ConfUtils.java:logGet(43)) - raft.server.log.preallocated.size = 16384 (custom)
2019-10-21 06:05:10,257 [pool-27-thread-1] INFO  server.RaftServerConfigKeys (ConfUtils.java:logGet(43)) - raft.server.log.segment.size.max = 1048576 (custom)
2019-10-21 06:05:10,257 [pool-47-thread-1] INFO  server.RaftServerConfigKeys (ConfUtils.java:logGet(43)) - raft.server.log.write.buffer.size = 33554432 (custom)
2019-10-21 06:05:10,257 [pool-59-thread-1] INFO  server.RaftServerConfigKeys (ConfUtils.java:logGet(43)) - raft.server.log.segment.cache.num.max = 2 (custom)
2019-10-21 06:05:10,257 [pool-47-thread-1] INFO  server.RaftServerConfigKeys (ConfUtils.java:logGet(43)) - raft.server.log.force.sync.num = 128 (default)
2019-10-21 06:05:10,257 [pool-27-thread-1] INFO  server.RaftServerConfigKeys (ConfUtils.java:logGet(43)) - raft.server.log.segment.cache.num.max = 2 (custom)
2019-10-21 06:05:10,258 [pool-47-thread-1] INFO  server.RaftServerConfigKeys (ConfUtils.java:logGet(43)) - raft.server.log.statemachine.data.sync = true (default)
2019-10-21 06:05:10,258 [pool-59-thread-1] INFO  segmented.SegmentedRaftLogWorker (SegmentedRaftLogWorker.java:<init>(173)) - new a588f1ac-0e88-414d-9361-c050928a17f1@group-CD92465FA989-SegmentedRaftLogWorker for RaftStorage:Storage Directory /workdir/hadoop-ozone/integration-test/target/test-dir/MiniOzoneClusterImpl-57da642c-82d6-499f-aa71-47bf78ddd986/datanode-1/data/ratis/97a9378e-0c35-4702-aa2a-cd92465fa989
2019-10-21 06:05:10,258 [pool-47-thread-1] INFO  server.RaftServerConfigKeys (ConfUtils.java:logGet(43)) - raft.server.log.statemachine.data.sync.timeout = 10s (default)
2019-10-21 06:05:10,258 [pool-27-thread-1] INFO  segmented.SegmentedRaftLogWorker (SegmentedRaftLogWorker.java:<init>(173)) - new 2de534ac-c407-4ec5-ab68-e4d0e1b50d95@group-CD92465FA989-SegmentedRaftLogWorker for RaftStorage:Storage Directory /workdir/hadoop-ozone/integration-test/target/test-dir/MiniOzoneClusterImpl-57da642c-82d6-499f-aa71-47bf78ddd986/datanode-0/data/ratis/97a9378e-0c35-4702-aa2a-cd92465fa989
2019-10-21 06:05:10,258 [pool-47-thread-1] INFO  server.RaftServerConfigKeys (ConfUtils.java:logGet(43)) - raft.server.log.statemachine.data.sync.timeout.retry = -1 (default)
2019-10-21 06:05:10,258 [pool-59-thread-1] INFO  server.RaftServerConfigKeys (ConfUtils.java:logGet(43)) - raft.server.log.queue.byte-limit = 2147483647 (custom)
2019-10-21 06:05:10,258 [pool-27-thread-1] INFO  server.RaftServerConfigKeys (ConfUtils.java:logGet(43)) - raft.server.log.queue.byte-limit = 2147483647 (custom)
2019-10-21 06:05:10,259 [pool-59-thread-1] INFO  server.RaftServerConfigKeys (ConfUtils.java:logGet(43)) - raft.server.log.queue.element-limit = 1024 (custom)
2019-10-21 06:05:10,259 [pool-47-thread-1] INFO  server.RaftServerConfigKeys (ConfUtils.java:logGet(43)) - raft.server.log.statemachine.data.caching.enabled = true (custom)
2019-10-21 06:05:10,259 [pool-59-thread-1] INFO  server.RaftServerConfigKeys (ConfUtils.java:logGet(43)) - raft.server.log.segment.size.max = 1048576 (custom)
2019-10-21 06:05:10,259 [pool-27-thread-1] INFO  server.RaftServerConfigKeys (ConfUtils.java:logGet(43)) - raft.server.log.queue.element-limit = 1024 (custom)
2019-10-21 06:05:10,259 [pool-59-thread-1] INFO  server.RaftServerConfigKeys (ConfUtils.java:logGet(43)) - raft.server.log.preallocated.size = 16384 (custom)
2019-10-21 06:05:10,259 [pool-27-thread-1] INFO  server.RaftServerConfigKeys (ConfUtils.java:logGet(43)) - raft.server.log.segment.size.max = 1048576 (custom)
2019-10-21 06:05:10,259 [pool-47-thread-1] INFO  segmented.SegmentedRaftLogWorker (SegmentedRaftLogWorker.java:lambda$new$0(128)) - 5389c291-9dbf-4ff3-95a2-a367bd79a92b@group-CD92465FA989-SegmentedRaftLogWorker: flushIndex: setUnconditionally 0 -> -1
2019-10-21 06:05:10,259 [pool-27-thread-1] INFO  server.RaftServerConfigKeys (ConfUtils.java:logGet(43)) - raft.server.log.preallocated.size = 16384 (custom)
2019-10-21 06:05:10,259 [pool-59-thread-1] INFO  server.RaftServerConfigKeys (ConfUtils.java:logGet(43)) - raft.server.log.write.buffer.size = 33554432 (custom)
2019-10-21 06:05:10,260 [pool-27-thread-1] INFO  server.RaftServerConfigKeys (ConfUtils.java:logGet(43)) - raft.server.log.write.buffer.size = 33554432 (custom)
2019-10-21 06:05:10,260 [pool-47-thread-1] INFO  server.RaftServerConfigKeys (ConfUtils.java:logGet(43)) - raft.server.snapshot.auto.trigger.enabled = true (custom)
2019-10-21 06:05:10,260 [pool-59-thread-1] INFO  server.RaftServerConfigKeys (ConfUtils.java:logGet(43)) - raft.server.log.force.sync.num = 128 (default)
2019-10-21 06:05:10,260 [pool-47-thread-1] INFO  server.RaftServerConfigKeys (ConfUtils.java:logGet(43)) - raft.server.snapshot.auto.trigger.threshold = 10000 (custom)
2019-10-21 06:05:10,260 [pool-27-thread-1] INFO  server.RaftServerConfigKeys (ConfUtils.java:logGet(43)) - raft.server.log.force.sync.num = 128 (default)
2019-10-21 06:05:10,260 [pool-47-thread-1] INFO  server.RaftServerConfigKeys (ConfUtils.java:logGet(43)) - raft.server.snapshot.retention.file.num = 5 (custom)
2019-10-21 06:05:10,260 [pool-59-thread-1] INFO  server.RaftServerConfigKeys (ConfUtils.java:logGet(43)) - raft.server.log.statemachine.data.sync = true (default)
2019-10-21 06:05:10,260 [pool-27-thread-1] INFO  server.RaftServerConfigKeys (ConfUtils.java:logGet(43)) - raft.server.log.statemachine.data.sync = true (default)
2019-10-21 06:05:10,261 [pool-47-thread-1] INFO  server.RaftServerConfigKeys (ConfUtils.java:logGet(43)) - raft.server.retrycache.expirytime = 600000ms (custom)
2019-10-21 06:05:10,261 [pool-59-thread-1] INFO  server.RaftServerConfigKeys (ConfUtils.java:logGet(43)) - raft.server.log.statemachine.data.sync.timeout = 10s (default)
2019-10-21 06:05:10,261 [pool-47-thread-1] WARN  impl.MetricRegistriesImpl (MetricRegistriesImpl.java:lambda$create$1(61)) - First MetricRegistry has been created without registering reporters. You may need to call MetricRegistries.global().addReportRegistration(...) before.
2019-10-21 06:05:10,261 [pool-27-thread-1] INFO  server.RaftServerConfigKeys (ConfUtils.java:logGet(43)) - raft.server.log.statemachine.data.sync.timeout = 10s (default)
2019-10-21 06:05:10,261 [pool-47-thread-1] WARN  impl.MetricRegistriesImpl (MetricRegistriesImpl.java:lambda$create$1(61)) - First MetricRegistry has been created without registering reporters. You may need to call MetricRegistries.global().addReportRegistration(...) before.
2019-10-21 06:05:10,261 [pool-59-thread-1] INFO  server.RaftServerConfigKeys (ConfUtils.java:logGet(43)) - raft.server.log.statemachine.data.sync.timeout.retry = -1 (default)
2019-10-21 06:05:10,261 [pool-47-thread-1] INFO  impl.RaftServerImpl (RaftServerImpl.java:start(184)) - 5389c291-9dbf-4ff3-95a2-a367bd79a92b@group-CD92465FA989: start as a follower, conf=-1: [2de534ac-c407-4ec5-ab68-e4d0e1b50d95:192.168.34.63:40946, 5389c291-9dbf-4ff3-95a2-a367bd79a92b:192.168.34.63:45480, a588f1ac-0e88-414d-9361-c050928a17f1:192.168.34.63:38160], old=null
2019-10-21 06:05:10,261 [pool-27-thread-1] INFO  server.RaftServerConfigKeys (ConfUtils.java:logGet(43)) - raft.server.log.statemachine.data.sync.timeout.retry = -1 (default)
2019-10-21 06:05:10,262 [pool-47-thread-1] INFO  impl.RaftServerImpl (RaftServerImpl.java:setRole(173)) - 5389c291-9dbf-4ff3-95a2-a367bd79a92b@group-CD92465FA989: changes role from      null to FOLLOWER at term 0 for startAsFollower
2019-10-21 06:05:10,262 [pool-27-thread-1] INFO  server.RaftServerConfigKeys (ConfUtils.java:logGet(43)) - raft.server.log.statemachine.data.caching.enabled = true (custom)
2019-10-21 06:05:10,262 [pool-59-thread-1] INFO  server.RaftServerConfigKeys (ConfUtils.java:logGet(43)) - raft.server.log.statemachine.data.caching.enabled = true (custom)
2019-10-21 06:05:10,262 [pool-47-thread-1] INFO  impl.RoleInfo (RoleInfo.java:updateAndGet(143)) - 5389c291-9dbf-4ff3-95a2-a367bd79a92b: start FollowerState
2019-10-21 06:05:10,262 [pool-27-thread-1] INFO  segmented.SegmentedRaftLogWorker (SegmentedRaftLogWorker.java:lambda$new$0(128)) - 2de534ac-c407-4ec5-ab68-e4d0e1b50d95@group-CD92465FA989-SegmentedRaftLogWorker: flushIndex: setUnconditionally 0 -> -1
2019-10-21 06:05:10,262 [pool-59-thread-1] INFO  segmented.SegmentedRaftLogWorker (SegmentedRaftLogWorker.java:lambda$new$0(128)) - a588f1ac-0e88-414d-9361-c050928a17f1@group-CD92465FA989-SegmentedRaftLogWorker: flushIndex: setUnconditionally 0 -> -1
2019-10-21 06:05:10,263 [pool-27-thread-1] INFO  server.RaftServerConfigKeys (ConfUtils.java:logGet(43)) - raft.server.snapshot.auto.trigger.enabled = true (custom)
2019-10-21 06:05:10,263 [pool-27-thread-1] INFO  server.RaftServerConfigKeys (ConfUtils.java:logGet(43)) - raft.server.snapshot.auto.trigger.threshold = 10000 (custom)
2019-10-21 06:05:10,263 [pool-47-thread-1] INFO  util.JmxRegister (JmxRegister.java:tryRegister(44)) - Successfully registered JMX Bean with object name Ratis:service=RaftServer,group=group-CD92465FA989,id=5389c291-9dbf-4ff3-95a2-a367bd79a92b
2019-10-21 06:05:10,263 [pool-59-thread-1] INFO  server.RaftServerConfigKeys (ConfUtils.java:logGet(43)) - raft.server.snapshot.auto.trigger.enabled = true (custom)
2019-10-21 06:05:10,263 [pool-47-thread-1] WARN  impl.MetricRegistriesImpl (MetricRegistriesImpl.java:lambda$create$1(61)) - First MetricRegistry has been created without registering reporters. You may need to call MetricRegistries.global().addReportRegistration(...) before.
2019-10-21 06:05:10,263 [pool-27-thread-1] INFO  server.RaftServerConfigKeys (ConfUtils.java:logGet(43)) - raft.server.snapshot.retention.file.num = 5 (custom)
2019-10-21 06:05:10,263 [pool-59-thread-1] INFO  server.RaftServerConfigKeys (ConfUtils.java:logGet(43)) - raft.server.snapshot.auto.trigger.threshold = 10000 (custom)
2019-10-21 06:05:10,263 [pool-27-thread-1] INFO  server.RaftServerConfigKeys (ConfUtils.java:logGet(43)) - raft.server.retrycache.expirytime = 600000ms (custom)
2019-10-21 06:05:10,264 [pool-59-thread-1] INFO  server.RaftServerConfigKeys (ConfUtils.java:logGet(43)) - raft.server.snapshot.retention.file.num = 5 (custom)
2019-10-21 06:05:10,264 [pool-27-thread-1] WARN  impl.MetricRegistriesImpl (MetricRegistriesImpl.java:lambda$create$1(61)) - First MetricRegistry has been created without registering reporters. You may need to call MetricRegistries.global().addReportRegistration(...) before.
2019-10-21 06:05:10,264 [pool-59-thread-1] INFO  server.RaftServerConfigKeys (ConfUtils.java:logGet(43)) - raft.server.retrycache.expirytime = 600000ms (custom)
2019-10-21 06:05:10,264 [pool-27-thread-1] WARN  impl.MetricRegistriesImpl (MetricRegistriesImpl.java:lambda$create$1(61)) - First MetricRegistry has been created without registering reporters. You may need to call MetricRegistries.global().addReportRegistration(...) before.
2019-10-21 06:05:10,264 [pool-59-thread-1] WARN  impl.MetricRegistriesImpl (MetricRegistriesImpl.java:lambda$create$1(61)) - First MetricRegistry has been created without registering reporters. You may need to call MetricRegistries.global().addReportRegistration(...) before.
2019-10-21 06:05:10,264 [pool-59-thread-1] WARN  impl.MetricRegistriesImpl (MetricRegistriesImpl.java:lambda$create$1(61)) - First MetricRegistry has been created without registering reporters. You may need to call MetricRegistries.global().addReportRegistration(...) before.
2019-10-21 06:05:10,264 [pool-27-thread-1] INFO  impl.RaftServerImpl (RaftServerImpl.java:start(184)) - 2de534ac-c407-4ec5-ab68-e4d0e1b50d95@group-CD92465FA989: start as a follower, conf=-1: [2de534ac-c407-4ec5-ab68-e4d0e1b50d95:192.168.34.63:40946, 5389c291-9dbf-4ff3-95a2-a367bd79a92b:192.168.34.63:45480, a588f1ac-0e88-414d-9361-c050928a17f1:192.168.34.63:38160], old=null
2019-10-21 06:05:10,265 [pool-59-thread-1] INFO  impl.RaftServerImpl (RaftServerImpl.java:start(184)) - a588f1ac-0e88-414d-9361-c050928a17f1@group-CD92465FA989: start as a follower, conf=-1: [2de534ac-c407-4ec5-ab68-e4d0e1b50d95:192.168.34.63:40946, 5389c291-9dbf-4ff3-95a2-a367bd79a92b:192.168.34.63:45480, a588f1ac-0e88-414d-9361-c050928a17f1:192.168.34.63:38160], old=null
2019-10-21 06:05:10,266 [pool-27-thread-1] INFO  impl.RaftServerImpl (RaftServerImpl.java:setRole(173)) - 2de534ac-c407-4ec5-ab68-e4d0e1b50d95@group-CD92465FA989: changes role from      null to FOLLOWER at term 0 for startAsFollower
2019-10-21 06:05:10,266 [pool-59-thread-1] INFO  impl.RaftServerImpl (RaftServerImpl.java:setRole(173)) - a588f1ac-0e88-414d-9361-c050928a17f1@group-CD92465FA989: changes role from      null to FOLLOWER at term 0 for startAsFollower
2019-10-21 06:05:10,266 [pool-27-thread-1] INFO  impl.RoleInfo (RoleInfo.java:updateAndGet(143)) - 2de534ac-c407-4ec5-ab68-e4d0e1b50d95: start FollowerState
2019-10-21 06:05:10,266 [pool-59-thread-1] INFO  impl.RoleInfo (RoleInfo.java:updateAndGet(143)) - a588f1ac-0e88-414d-9361-c050928a17f1: start FollowerState
2019-10-21 06:05:10,266 [pool-27-thread-1] INFO  util.JmxRegister (JmxRegister.java:tryRegister(44)) - Successfully registered JMX Bean with object name Ratis:service=RaftServer,group=group-CD92465FA989,id=2de534ac-c407-4ec5-ab68-e4d0e1b50d95
2019-10-21 06:05:10,266 [pool-59-thread-1] INFO  util.JmxRegister (JmxRegister.java:tryRegister(44)) - Successfully registered JMX Bean with object name Ratis:service=RaftServer,group=group-CD92465FA989,id=a588f1ac-0e88-414d-9361-c050928a17f1
2019-10-21 06:05:10,267 [pool-27-thread-1] WARN  impl.MetricRegistriesImpl (MetricRegistriesImpl.java:lambda$create$1(61)) - First MetricRegistry has been created without registering reporters. You may need to call MetricRegistries.global().addReportRegistration(...) before.
2019-10-21 06:05:10,267 [pool-59-thread-1] WARN  impl.MetricRegistriesImpl (MetricRegistriesImpl.java:lambda$create$1(61)) - First MetricRegistry has been created without registering reporters. You may need to call MetricRegistries.global().addReportRegistration(...) before.
2019-10-21 06:05:10,273 [RatisPipelineUtilsThread] INFO  pipeline.PipelineStateManager (PipelineStateManager.java:addPipeline(55)) - Created pipeline Pipeline[ Id: 97a9378e-0c35-4702-aa2a-cd92465fa989, Nodes: 2de534ac-c407-4ec5-ab68-e4d0e1b50d95{ip: 192.168.34.63, host: pr-hdds-1868-wsm2n-11235469, networkLocation: /default-rack, certSerialId: null}5389c291-9dbf-4ff3-95a2-a367bd79a92b{ip: 192.168.34.63, host: pr-hdds-1868-wsm2n-11235469, networkLocation: /default-rack, certSerialId: null}a588f1ac-0e88-414d-9361-c050928a17f1{ip: 192.168.34.63, host: pr-hdds-1868-wsm2n-11235469, networkLocation: /default-rack, certSerialId: null}, Type:RATIS, Factor:THREE, State:ALLOCATED]
2019-10-21 06:05:10,344 [pool-7-thread-2] INFO  commands.RetriableDatanodeEventWatcher (RetriableDatanodeEventWatcher.java:onTimeout(47)) - RetriableDatanodeCommand type=deleteBlocksCommand with id=1571637903344 timed out. Retrying.
2019-10-21 06:05:10,344 [pool-7-thread-5] INFO  commands.RetriableDatanodeEventWatcher (RetriableDatanodeEventWatcher.java:onTimeout(47)) - RetriableDatanodeCommand type=deleteBlocksCommand with id=1571637903340 timed out. Retrying.
2019-10-21 06:05:10,346 [pool-7-thread-7] INFO  commands.RetriableDatanodeEventWatcher (RetriableDatanodeEventWatcher.java:onTimeout(47)) - RetriableDatanodeCommand type=deleteBlocksCommand with id=1571637903338 timed out. Retrying.
2019-10-21 06:05:10,346 [pool-7-thread-6] INFO  commands.RetriableDatanodeEventWatcher (RetriableDatanodeEventWatcher.java:onTimeout(47)) - RetriableDatanodeCommand type=deleteBlocksCommand with id=1571637903341 timed out. Retrying.
2019-10-21 06:05:10,346 [SCMBlockDeletingService#0] INFO  block.SCMBlockDeletingService (SCMBlockDeletingService.java:call(184)) - Totally added 1 delete blocks command for 1 datanodes, task elapsed time: 1ms
2019-10-21 06:05:10,346 [pool-7-thread-3] INFO  commands.RetriableDatanodeEventWatcher (RetriableDatanodeEventWatcher.java:onTimeout(47)) - RetriableDatanodeCommand type=deleteBlocksCommand with id=1571637903342 timed out. Retrying.
2019-10-21 06:05:10,347 [pool-7-thread-4] INFO  commands.RetriableDatanodeEventWatcher (RetriableDatanodeEventWatcher.java:onTimeout(47)) - RetriableDatanodeCommand type=deleteBlocksCommand with id=1571637903343 timed out. Retrying.
2019-10-21 06:05:10,347 [pool-7-thread-1] INFO  commands.RetriableDatanodeEventWatcher (RetriableDatanodeEventWatcher.java:onTimeout(47)) - RetriableDatanodeCommand type=deleteBlocksCommand with id=1571637903345 timed out. Retrying.
2019-10-21 06:05:10,433 [EventQueue-PendingDeleteStatusForPendingDeleteHandler] INFO  block.SCMBlockDeletingService (SCMBlockDeletingService.java:handlePendingDeletes(115)) - Block deletion txnID mismatch in datanode a588f1ac-0e88-414d-9361-c050928a17f1 for containerID 1. Datanode delete txnID: 0, SCM txnID: 1
2019-10-21 06:05:10,835 [EventQueue-PendingDeleteStatusForPendingDeleteHandler] INFO  block.SCMBlockDeletingService (SCMBlockDeletingService.java:handlePendingDeletes(115)) - Block deletion txnID mismatch in datanode a588f1ac-0e88-414d-9361-c050928a17f1 for containerID 1. Datanode delete txnID: 0, SCM txnID: 1
2019-10-21 06:05:10,934 [BlockDeletingService#2] WARN  background.BlockDeletingService (BlockDeletingService.java:isDeletionAllowed(187)) - Close Container log Index 6 is not replicated across allthe servers in the pipeline 8f9e0d08-2118-49e4-bafd-58705ffbd881 as the min replicated index is 4. Deletion is not allowed in this container yet.
2019-10-21 06:05:10,935 [BlockDeletingService#2] WARN  background.BlockDeletingService (BlockDeletingService.java:isDeletionAllowed(187)) - Close Container log Index 6 is not replicated across allthe servers in the pipeline 8f9e0d08-2118-49e4-bafd-58705ffbd881 as the min replicated index is 4. Deletion is not allowed in this container yet.
2019-10-21 06:05:11,136 [EventQueue-PendingDeleteStatusForPendingDeleteHandler] INFO  block.SCMBlockDeletingService (SCMBlockDeletingService.java:handlePendingDeletes(115)) - Block deletion txnID mismatch in datanode a588f1ac-0e88-414d-9361-c050928a17f1 for containerID 1. Datanode delete txnID: 0, SCM txnID: 1
2019-10-21 06:05:11,151 [Command processor thread] INFO  commandhandler.DeleteBlocksCommandHandler (DeleteBlocksCommandHandler.java:handle(106)) - Start to delete container blocks, TXIDs=[1(0)], numOfContainers=1, numOfBlocks=1
2019-10-21 06:05:11,152 [Command processor thread] INFO  commandhandler.DeleteBlocksCommandHandler (DeleteBlocksCommandHandler.java:handle(106)) - Start to delete container blocks, TXIDs=[1(2)], numOfContainers=1, numOfBlocks=1
2019-10-21 06:05:11,152 [Command processor thread] INFO  commandhandler.DeleteBlocksCommandHandler (DeleteBlocksCommandHandler.java:handle(106)) - Start to delete container blocks, TXIDs=[1(0)], numOfContainers=1, numOfBlocks=1
2019-10-21 06:05:11,153 [Command processor thread] INFO  commandhandler.DeleteBlocksCommandHandler (DeleteBlocksCommandHandler.java:handle(106)) - Start to delete container blocks, TXIDs=[1(2)], numOfContainers=1, numOfBlocks=1
2019-10-21 06:05:11,153 [Command processor thread] INFO  commandhandler.DeleteBlocksCommandHandler (DeleteBlocksCommandHandler.java:handle(106)) - Start to delete container blocks, TXIDs=[1(4)], numOfContainers=1, numOfBlocks=1
2019-10-21 06:05:11,153 [Command processor thread] INFO  commandhandler.DeleteBlocksCommandHandler (DeleteBlocksCommandHandler.java:handle(106)) - Start to delete container blocks, TXIDs=[1(0)], numOfContainers=1, numOfBlocks=1
2019-10-21 06:05:11,153 [Command processor thread] INFO  commandhandler.DeleteBlocksCommandHandler (DeleteBlocksCommandHandler.java:handle(106)) - Start to delete container blocks, TXIDs=[1(2)], numOfContainers=1, numOfBlocks=1
2019-10-21 06:05:11,154 [Command processor thread] INFO  commandhandler.DeleteBlocksCommandHandler (DeleteBlocksCommandHandler.java:handle(106)) - Start to delete container blocks, TXIDs=[1(4)], numOfContainers=1, numOfBlocks=1
2019-10-21 06:05:11,154 [Command processor thread] INFO  commandhandler.DeleteBlocksCommandHandler (DeleteBlocksCommandHandler.java:handle(106)) - Start to delete container blocks, TXIDs=[1(0)], numOfContainers=1, numOfBlocks=1
2019-10-21 06:05:11,154 [Command processor thread] INFO  commandhandler.DeleteBlocksCommandHandler (DeleteBlocksCommandHandler.java:handle(106)) - Start to delete container blocks, TXIDs=[1(5)], numOfContainers=1, numOfBlocks=1
2019-10-21 06:05:11,154 [Command processor thread] INFO  commandhandler.DeleteBlocksCommandHandler (DeleteBlocksCommandHandler.java:handle(106)) - Start to delete container blocks, TXIDs=[1(4)], numOfContainers=1, numOfBlocks=1
2019-10-21 06:05:11,155 [Command processor thread] INFO  commandhandler.DeleteBlocksCommandHandler (DeleteBlocksCommandHandler.java:handle(106)) - Start to delete container blocks, TXIDs=[1(0)], numOfContainers=1, numOfBlocks=1
2019-10-21 06:05:11,155 [Command processor thread] INFO  commandhandler.DeleteBlocksCommandHandler (DeleteBlocksCommandHandler.java:handle(106)) - Start to delete container blocks, TXIDs=[1(2)], numOfContainers=1, numOfBlocks=1
2019-10-21 06:05:11,155 [Command processor thread] INFO  commandhandler.DeleteBlocksCommandHandler (DeleteBlocksCommandHandler.java:handle(106)) - Start to delete container blocks, TXIDs=[1(5)], numOfContainers=1, numOfBlocks=1
2019-10-21 06:05:11,155 [Command processor thread] INFO  commandhandler.DeleteBlocksCommandHandler (DeleteBlocksCommandHandler.java:handle(106)) - Start to delete container blocks, TXIDs=[1(5)], numOfContainers=1, numOfBlocks=1
2019-10-21 06:05:11,156 [Command processor thread] INFO  commandhandler.DeleteBlocksCommandHandler (DeleteBlocksCommandHandler.java:handle(106)) - Start to delete container blocks, TXIDs=[1(5)], numOfContainers=1, numOfBlocks=1
2019-10-21 06:05:11,156 [Command processor thread] INFO  commandhandler.DeleteBlocksCommandHandler (DeleteBlocksCommandHandler.java:handle(106)) - Start to delete container blocks, TXIDs=[1(4)], numOfContainers=1, numOfBlocks=1
2019-10-21 06:05:11,156 [Command processor thread] INFO  commandhandler.DeleteBlocksCommandHandler (DeleteBlocksCommandHandler.java:handle(106)) - Start to delete container blocks, TXIDs=[1(2)], numOfContainers=1, numOfBlocks=1
2019-10-21 06:05:11,157 [Command processor thread] INFO  commandhandler.DeleteBlocksCommandHandler (DeleteBlocksCommandHandler.java:handle(106)) - Start to delete container blocks, TXIDs=[1(0)], numOfContainers=1, numOfBlocks=1
2019-10-21 06:05:11,157 [Command processor thread] INFO  commandhandler.DeleteBlocksCommandHandler (DeleteBlocksCommandHandler.java:handle(106)) - Start to delete container blocks, TXIDs=[1(5)], numOfContainers=1, numOfBlocks=1
2019-10-21 06:05:11,157 [Command processor thread] INFO  commandhandler.DeleteBlocksCommandHandler (DeleteBlocksCommandHandler.java:handle(106)) - Start to delete container blocks, TXIDs=[1(5)], numOfContainers=1, numOfBlocks=1
2019-10-21 06:05:11,157 [Command processor thread] INFO  commandhandler.DeleteBlocksCommandHandler (DeleteBlocksCommandHandler.java:handle(106)) - Start to delete container blocks, TXIDs=[1(5)], numOfContainers=1, numOfBlocks=1
2019-10-21 06:05:11,158 [Command processor thread] INFO  commandhandler.DeleteBlocksCommandHandler (DeleteBlocksCommandHandler.java:handle(106)) - Start to delete container blocks, TXIDs=[1(2)], numOfContainers=1, numOfBlocks=1
2019-10-21 06:05:11,158 [Command processor thread] INFO  commandhandler.DeleteBlocksCommandHandler (DeleteBlocksCommandHandler.java:handle(106)) - Start to delete container blocks, TXIDs=[1(0)], numOfContainers=1, numOfBlocks=1
2019-10-21 06:05:11,158 [Command processor thread] INFO  commandhandler.DeleteBlocksCommandHandler (DeleteBlocksCommandHandler.java:handle(106)) - Start to delete container blocks, TXIDs=[1(4)], numOfContainers=1, numOfBlocks=1
2019-10-21 06:05:11,158 [Command processor thread] INFO  commandhandler.DeleteBlocksCommandHandler (DeleteBlocksCommandHandler.java:handle(106)) - Start to delete container blocks, TXIDs=[1(5)], numOfContainers=1, numOfBlocks=1
2019-10-21 06:05:11,159 [Command processor thread] INFO  commandhandler.DeleteBlocksCommandHandler (DeleteBlocksCommandHandler.java:handle(106)) - Start to delete container blocks, TXIDs=[1(5)], numOfContainers=1, numOfBlocks=1
2019-10-21 06:05:11,159 [Command processor thread] INFO  commandhandler.DeleteBlocksCommandHandler (DeleteBlocksCommandHandler.java:handle(106)) - Start to delete container blocks, TXIDs=[1(5)], numOfContainers=1, numOfBlocks=1
2019-10-21 06:05:11,159 [Command processor thread] INFO  commandhandler.DeleteBlocksCommandHandler (DeleteBlocksCommandHandler.java:handle(106)) - Start to delete container blocks, TXIDs=[1(5)], numOfContainers=1, numOfBlocks=1
2019-10-21 06:05:11,159 [Command processor thread] INFO  commandhandler.DeleteBlocksCommandHandler (DeleteBlocksCommandHandler.java:handle(106)) - Start to delete container blocks, TXIDs=[1(2)], numOfContainers=1, numOfBlocks=1
2019-10-21 06:05:11,160 [Command processor thread] INFO  commandhandler.DeleteBlocksCommandHandler (DeleteBlocksCommandHandler.java:handle(106)) - Start to delete container blocks, TXIDs=[1(33)], numOfContainers=1, numOfBlocks=1
2019-10-21 06:05:11,160 [Command processor thread] INFO  commandhandler.DeleteBlocksCommandHandler (DeleteBlocksCommandHandler.java:handle(106)) - Start to delete container blocks, TXIDs=[1(0)], numOfContainers=1, numOfBlocks=1
2019-10-21 06:05:11,160 [Command processor thread] INFO  commandhandler.DeleteBlocksCommandHandler (DeleteBlocksCommandHandler.java:handle(106)) - Start to delete container blocks, TXIDs=[1(4)], numOfContainers=1, numOfBlocks=1
2019-10-21 06:05:11,160 [Command processor thread] INFO  commandhandler.DeleteBlocksCommandHandler (DeleteBlocksCommandHandler.java:handle(106)) - Start to delete container blocks, TXIDs=[1(5)], numOfContainers=1, numOfBlocks=1
2019-10-21 06:05:11,161 [Command processor thread] INFO  commandhandler.DeleteBlocksCommandHandler (DeleteBlocksCommandHandler.java:handle(106)) - Start to delete container blocks, TXIDs=[1(5)], numOfContainers=1, numOfBlocks=1
2019-10-21 06:05:11,161 [Command processor thread] INFO  commandhandler.DeleteBlocksCommandHandler (DeleteBlocksCommandHandler.java:handle(106)) - Start to delete container blocks, TXIDs=[1(5)], numOfContainers=1, numOfBlocks=1
2019-10-21 06:05:11,191 [Thread-577] INFO  impl.FollowerState (FollowerState.java:run(111)) - a588f1ac-0e88-414d-9361-c050928a17f1@group-B2E41A75A66B-FollowerState: change to CANDIDATE, lastRpcTime:5039ms, electionTimeout:5039ms
2019-10-21 06:05:11,191 [Thread-577] INFO  impl.RoleInfo (RoleInfo.java:shutdownFollowerState(121)) - a588f1ac-0e88-414d-9361-c050928a17f1: shutdown FollowerState
2019-10-21 06:05:11,191 [Thread-577] INFO  impl.RaftServerImpl (RaftServerImpl.java:setRole(173)) - a588f1ac-0e88-414d-9361-c050928a17f1@group-B2E41A75A66B: changes role from  FOLLOWER to CANDIDATE at term 1 for changeToCandidate
2019-10-21 06:05:11,192 [Thread-577] INFO  impl.RoleInfo (RoleInfo.java:updateAndGet(143)) - a588f1ac-0e88-414d-9361-c050928a17f1: start LeaderElection
2019-10-21 06:05:11,207 [a588f1ac-0e88-414d-9361-c050928a17f1@group-B2E41A75A66B-LeaderElection6] INFO  impl.LeaderElection (LeaderElection.java:askForVotes(178)) - a588f1ac-0e88-414d-9361-c050928a17f1@group-B2E41A75A66B-LeaderElection6: begin an election at term 2 for 0: [a588f1ac-0e88-414d-9361-c050928a17f1:192.168.34.63:38160], old=null
2019-10-21 06:05:11,208 [a588f1ac-0e88-414d-9361-c050928a17f1@group-B2E41A75A66B-LeaderElection6] INFO  impl.RoleInfo (RoleInfo.java:shutdownLeaderElection(134)) - a588f1ac-0e88-414d-9361-c050928a17f1: shutdown LeaderElection
2019-10-21 06:05:11,208 [a588f1ac-0e88-414d-9361-c050928a17f1@group-B2E41A75A66B-LeaderElection6] INFO  impl.RaftServerImpl (RaftServerImpl.java:setRole(173)) - a588f1ac-0e88-414d-9361-c050928a17f1@group-B2E41A75A66B: changes role from CANDIDATE to LEADER at term 2 for changeToLeader
2019-10-21 06:05:11,208 [a588f1ac-0e88-414d-9361-c050928a17f1@group-B2E41A75A66B-LeaderElection6] INFO  ratis.XceiverServerRatis (XceiverServerRatis.java:handleLeaderChangedNotification(701)) - Leader change notification received for group: group-B2E41A75A66B with new leaderId: a588f1ac-0e88-414d-9361-c050928a17f1
2019-10-21 06:05:11,208 [a588f1ac-0e88-414d-9361-c050928a17f1@group-B2E41A75A66B-LeaderElection6] INFO  impl.RaftServerImpl (ServerState.java:setLeader(255)) - a588f1ac-0e88-414d-9361-c050928a17f1@group-B2E41A75A66B: change Leader from null to a588f1ac-0e88-414d-9361-c050928a17f1 at term 2 for becomeLeader, leader elected after 7117ms
2019-10-21 06:05:11,208 [a588f1ac-0e88-414d-9361-c050928a17f1@group-B2E41A75A66B-LeaderElection6] INFO  server.RaftServerConfigKeys (ConfUtils.java:logGet(43)) - raft.server.staging.catchup.gap = 1000 (default)
2019-10-21 06:05:11,208 [a588f1ac-0e88-414d-9361-c050928a17f1@group-B2E41A75A66B-LeaderElection6] INFO  server.RaftServerConfigKeys (ConfUtils.java:logGet(43)) - raft.server.rpc.sleep.time = 25ms (default)
2019-10-21 06:05:11,209 [a588f1ac-0e88-414d-9361-c050928a17f1@group-B2E41A75A66B-LeaderElection6] INFO  server.RaftServerConfigKeys (ConfUtils.java:logGet(43)) - raft.server.write.element-limit = 4096 (default)
2019-10-21 06:05:11,209 [a588f1ac-0e88-414d-9361-c050928a17f1@group-B2E41A75A66B-LeaderElection6] INFO  server.RaftServerConfigKeys (ConfUtils.java:logGet(43)) - raft.server.watch.timeout = 10s (default)
2019-10-21 06:05:11,209 [a588f1ac-0e88-414d-9361-c050928a17f1@group-B2E41A75A66B-LeaderElection6] INFO  server.RaftServerConfigKeys (ConfUtils.java:logGet(43)) - raft.server.watch.timeout.denomination = 1s (default)
2019-10-21 06:05:11,209 [a588f1ac-0e88-414d-9361-c050928a17f1@group-B2E41A75A66B-LeaderElection6] INFO  server.RaftServerConfigKeys (ConfUtils.java:logGet(43)) - raft.server.watch.element-limit = 65536 (default)
2019-10-21 06:05:11,209 [EventQueue-PipelineReportForPipelineReportHandler] INFO  pipeline.PipelineReportHandler (PipelineReportHandler.java:processPipelineReport(112)) - Pipeline PipelineID=0674f291-2660-4d2a-a901-e28f0b23f358 reported by a588f1ac-0e88-414d-9361-c050928a17f1{ip: 192.168.34.63, host: pr-hdds-1868-wsm2n-11235469, networkLocation: /default-rack, certSerialId: null} with leaderId 
2019-10-21 06:05:11,209 [a588f1ac-0e88-414d-9361-c050928a17f1@group-B2E41A75A66B-LeaderElection6] INFO  impl.RoleInfo (RoleInfo.java:updateAndGet(143)) - a588f1ac-0e88-414d-9361-c050928a17f1: start LeaderState
2019-10-21 06:05:11,210 [EventQueue-PipelineReportForPipelineReportHandler] INFO  pipeline.PipelineStateManager (PipelineStateManager.java:openPipeline(134)) - Pipeline Pipeline[ Id: 0674f291-2660-4d2a-a901-e28f0b23f358, Nodes: a588f1ac-0e88-414d-9361-c050928a17f1{ip: 192.168.34.63, host: pr-hdds-1868-wsm2n-11235469, networkLocation: /default-rack, certSerialId: null}, Type:RATIS, Factor:ONE, State:OPEN] moved to OPEN state
2019-10-21 06:05:11,210 [a588f1ac-0e88-414d-9361-c050928a17f1@group-B2E41A75A66B-LeaderElection6] INFO  segmented.SegmentedRaftLogWorker (SegmentedRaftLogWorker.java:rollLogSegment(390)) - a588f1ac-0e88-414d-9361-c050928a17f1@group-B2E41A75A66B-SegmentedRaftLogWorker: Rolling segment log-0_0 to index:0
2019-10-21 06:05:11,210 [EventQueue-PipelineReportForPipelineReportHandler] INFO  pipeline.PipelineReportHandler (PipelineReportHandler.java:processPipelineReport(112)) - Pipeline PipelineID=97a9378e-0c35-4702-aa2a-cd92465fa989 reported by a588f1ac-0e88-414d-9361-c050928a17f1{ip: 192.168.34.63, host: pr-hdds-1868-wsm2n-11235469, networkLocation: /default-rack, certSerialId: null} with leaderId 
2019-10-21 06:05:11,213 [a588f1ac-0e88-414d-9361-c050928a17f1@group-B2E41A75A66B-LeaderElection6] INFO  impl.RaftServerImpl (ServerState.java:setRaftConf(356)) - a588f1ac-0e88-414d-9361-c050928a17f1@group-B2E41A75A66B: set configuration 1: [a588f1ac-0e88-414d-9361-c050928a17f1:192.168.34.63:38160], old=null at 1
2019-10-21 06:05:11,215 [a588f1ac-0e88-414d-9361-c050928a17f1@group-B2E41A75A66B-SegmentedRaftLogWorker] INFO  segmented.SegmentedRaftLogWorker (SegmentedRaftLogWorker.java:execute(533)) - a588f1ac-0e88-414d-9361-c050928a17f1@group-B2E41A75A66B-SegmentedRaftLogWorker: Rolled log segment from /workdir/hadoop-ozone/integration-test/target/test-dir/MiniOzoneClusterImpl-57da642c-82d6-499f-aa71-47bf78ddd986/datanode-1/data/ratis/a04d7402-9fde-4d8d-8d85-b2e41a75a66b/current/log_inprogress_0 to /workdir/hadoop-ozone/integration-test/target/test-dir/MiniOzoneClusterImpl-57da642c-82d6-499f-aa71-47bf78ddd986/datanode-1/data/ratis/a04d7402-9fde-4d8d-8d85-b2e41a75a66b/current/log_0-0
2019-10-21 06:05:11,259 [a588f1ac-0e88-414d-9361-c050928a17f1@group-B2E41A75A66B-SegmentedRaftLogWorker] INFO  segmented.SegmentedRaftLogWorker (SegmentedRaftLogWorker.java:execute(576)) - a588f1ac-0e88-414d-9361-c050928a17f1@group-B2E41A75A66B-SegmentedRaftLogWorker: created new log segment /workdir/hadoop-ozone/integration-test/target/test-dir/MiniOzoneClusterImpl-57da642c-82d6-499f-aa71-47bf78ddd986/datanode-1/data/ratis/a04d7402-9fde-4d8d-8d85-b2e41a75a66b/current/log_inprogress_1
2019-10-21 06:05:11,291 [Thread-576] INFO  impl.FollowerState (FollowerState.java:run(111)) - a588f1ac-0e88-414d-9361-c050928a17f1@group-58705FFBD881-FollowerState: change to CANDIDATE, lastRpcTime:5139ms, electionTimeout:5139ms
2019-10-21 06:05:11,292 [Thread-576] INFO  impl.RoleInfo (RoleInfo.java:shutdownFollowerState(121)) - a588f1ac-0e88-414d-9361-c050928a17f1: shutdown FollowerState
2019-10-21 06:05:11,292 [Thread-576] INFO  impl.RaftServerImpl (RaftServerImpl.java:setRole(173)) - a588f1ac-0e88-414d-9361-c050928a17f1@group-58705FFBD881: changes role from  FOLLOWER to CANDIDATE at term 1 for changeToCandidate
2019-10-21 06:05:11,293 [Thread-576] INFO  impl.RoleInfo (RoleInfo.java:updateAndGet(143)) - a588f1ac-0e88-414d-9361-c050928a17f1: start LeaderElection
2019-10-21 06:05:11,308 [a588f1ac-0e88-414d-9361-c050928a17f1@group-58705FFBD881-LeaderElection7] INFO  impl.LeaderElection (LeaderElection.java:askForVotes(178)) - a588f1ac-0e88-414d-9361-c050928a17f1@group-58705FFBD881-LeaderElection7: begin an election at term 2 for 0: [2de534ac-c407-4ec5-ab68-e4d0e1b50d95:192.168.34.63:40946, 5389c291-9dbf-4ff3-95a2-a367bd79a92b:192.168.34.63:45480, a588f1ac-0e88-414d-9361-c050928a17f1:192.168.34.63:38160], old=null
2019-10-21 06:05:11,323 [grpc-default-executor-1] INFO  impl.RaftServerImpl (ServerState.java:setLeader(255)) - 2de534ac-c407-4ec5-ab68-e4d0e1b50d95@group-58705FFBD881: change Leader from 5389c291-9dbf-4ff3-95a2-a367bd79a92b to null at term 2 for updateCurrentTerm
2019-10-21 06:05:11,324 [grpc-default-executor-0] INFO  impl.RaftServerImpl (ServerState.java:setLeader(255)) - 5389c291-9dbf-4ff3-95a2-a367bd79a92b@group-58705FFBD881: change Leader from 5389c291-9dbf-4ff3-95a2-a367bd79a92b to null at term 2 for updateCurrentTerm
2019-10-21 06:05:11,324 [grpc-default-executor-1] INFO  impl.RaftServerImpl (RaftServerImpl.java:setRole(173)) - 2de534ac-c407-4ec5-ab68-e4d0e1b50d95@group-58705FFBD881: changes role from  FOLLOWER to FOLLOWER at term 2 for recognizeCandidate:a588f1ac-0e88-414d-9361-c050928a17f1
2019-10-21 06:05:11,324 [grpc-default-executor-0] INFO  impl.RaftServerImpl (RaftServerImpl.java:setRole(173)) - 5389c291-9dbf-4ff3-95a2-a367bd79a92b@group-58705FFBD881: changes role from    LEADER to FOLLOWER at term 2 for recognizeCandidate:a588f1ac-0e88-414d-9361-c050928a17f1
2019-10-21 06:05:11,324 [grpc-default-executor-1] INFO  impl.RoleInfo (RoleInfo.java:shutdownFollowerState(121)) - 2de534ac-c407-4ec5-ab68-e4d0e1b50d95: shutdown FollowerState
2019-10-21 06:05:11,324 [grpc-default-executor-0] INFO  impl.RoleInfo (RoleInfo.java:shutdownLeaderState(104)) - 5389c291-9dbf-4ff3-95a2-a367bd79a92b: shutdown LeaderState
2019-10-21 06:05:11,324 [Thread-252] INFO  impl.FollowerState (FollowerState.java:run(120)) - 2de534ac-c407-4ec5-ab68-e4d0e1b50d95@group-58705FFBD881-FollowerState was interrupted: java.lang.InterruptedException: sleep interrupted
2019-10-21 06:05:11,324 [grpc-default-executor-1] INFO  impl.RoleInfo (RoleInfo.java:updateAndGet(143)) - 2de534ac-c407-4ec5-ab68-e4d0e1b50d95: start FollowerState
2019-10-21 06:05:11,327 [grpc-default-executor-0] INFO  impl.PendingRequests (PendingRequests.java:sendNotLeaderResponses(206)) - 5389c291-9dbf-4ff3-95a2-a367bd79a92b@group-58705FFBD881-PendingRequests: sendNotLeaderResponses
2019-10-21 06:05:11,328 [org.apache.ratis.server.impl.LogAppender$AppenderDaemon$$Lambda$380/323076565@42ac0f6c] WARN  server.GrpcLogAppender (GrpcLogAppender.java:mayWait(149)) - 5389c291-9dbf-4ff3-95a2-a367bd79a92b@group-58705FFBD881->2de534ac-c407-4ec5-ab68-e4d0e1b50d95-GrpcLogAppender: Wait interrupted by java.lang.InterruptedException
2019-10-21 06:05:11,328 [org.apache.ratis.server.impl.LogAppender$AppenderDaemon$$Lambda$380/323076565@1a2e3611] WARN  server.GrpcLogAppender (GrpcLogAppender.java:mayWait(149)) - 5389c291-9dbf-4ff3-95a2-a367bd79a92b@group-58705FFBD881->a588f1ac-0e88-414d-9361-c050928a17f1-GrpcLogAppender: Wait interrupted by java.lang.InterruptedException
2019-10-21 06:05:11,333 [Thread-617] INFO  client.GrpcClientProtocolService (GrpcClientProtocolService.java:lambda$processClientRequest$0(279)) - Failed RaftClientRequest:client-6D3018828CA9->5389c291-9dbf-4ff3-95a2-a367bd79a92b@group-58705FFBD881, cid=22, seq=0, Watch-ALL_COMMITTED(6), Message:<EMPTY>, reply=RaftClientReply:client-6D3018828CA9->5389c291-9dbf-4ff3-95a2-a367bd79a92b@group-58705FFBD881, cid=22, FAILED org.apache.ratis.protocol.NotLeaderException: Server 5389c291-9dbf-4ff3-95a2-a367bd79a92b@group-58705FFBD881 is not the leader, logIndex=0, commits[5389c291-9dbf-4ff3-95a2-a367bd79a92b:c10, 2de534ac-c407-4ec5-ab68-e4d0e1b50d95:c10, a588f1ac-0e88-414d-9361-c050928a17f1:c4]
2019-10-21 06:05:11,333 [grpc-default-executor-0] INFO  impl.RoleInfo (RoleInfo.java:updateAndGet(143)) - 5389c291-9dbf-4ff3-95a2-a367bd79a92b: start FollowerState
2019-10-21 06:05:11,336 [grpc-default-executor-5] INFO  server.GrpcServerProtocolService (GrpcServerProtocolService.java:onCompleted(113)) - 2de534ac-c407-4ec5-ab68-e4d0e1b50d95: Completed APPEND_ENTRIES, lastRequest: 5389c291-9dbf-4ff3-95a2-a367bd79a92b->2de534ac-c407-4ec5-ab68-e4d0e1b50d95#54-t1, previous=(t:1, i:10), leaderCommit=10, initializing? false, entries: <empty>
2019-10-21 06:05:11,341 [grpc-default-executor-4] INFO  server.GrpcLogAppender (GrpcLogAppender.java:onCompleted(308)) - 5389c291-9dbf-4ff3-95a2-a367bd79a92b@group-58705FFBD881->2de534ac-c407-4ec5-ab68-e4d0e1b50d95-AppendLogResponseHandler: follower responses appendEntries COMPLETED
2019-10-21 06:05:11,344 [grpc-default-executor-4] INFO  impl.FollowerInfo (FollowerInfo.java:lambda$new$0(51)) - 5389c291-9dbf-4ff3-95a2-a367bd79a92b@group-58705FFBD881->2de534ac-c407-4ec5-ab68-e4d0e1b50d95: nextIndex: updateUnconditionally 11 -> 10
2019-10-21 06:05:11,347 [pool-7-thread-1] INFO  commands.RetriableDatanodeEventWatcher (RetriableDatanodeEventWatcher.java:onTimeout(47)) - RetriableDatanodeCommand type=deleteBlocksCommand with id=1571637903346 timed out. Retrying.
2019-10-21 06:05:11,348 [pool-7-thread-6] INFO  commands.RetriableDatanodeEventWatcher (RetriableDatanodeEventWatcher.java:onTimeout(47)) - RetriableDatanodeCommand type=deleteBlocksCommand with id=1571637903342 timed out. Retrying.
2019-10-21 06:05:11,348 [a588f1ac-0e88-414d-9361-c050928a17f1@group-58705FFBD881-LeaderElection7] INFO  impl.LeaderElection (LeaderElection.java:logAndReturn(56)) - a588f1ac-0e88-414d-9361-c050928a17f1@group-58705FFBD881-LeaderElection7: Election REJECTED; received 2 response(s) [a588f1ac-0e88-414d-9361-c050928a17f1<-2de534ac-c407-4ec5-ab68-e4d0e1b50d95#0:FAIL-t2, a588f1ac-0e88-414d-9361-c050928a17f1<-5389c291-9dbf-4ff3-95a2-a367bd79a92b#0:FAIL-t2] and 0 exception(s); a588f1ac-0e88-414d-9361-c050928a17f1@group-58705FFBD881:t2, leader=null, voted=a588f1ac-0e88-414d-9361-c050928a17f1, raftlog=a588f1ac-0e88-414d-9361-c050928a17f1@group-58705FFBD881-SegmentedRaftLog:OPENED:c3,f4,i4, conf=0: [2de534ac-c407-4ec5-ab68-e4d0e1b50d95:192.168.34.63:40946, 5389c291-9dbf-4ff3-95a2-a367bd79a92b:192.168.34.63:45480, a588f1ac-0e88-414d-9361-c050928a17f1:192.168.34.63:38160], old=null
2019-10-21 06:05:11,348 [pool-7-thread-2] INFO  commands.RetriableDatanodeEventWatcher (RetriableDatanodeEventWatcher.java:onTimeout(47)) - RetriableDatanodeCommand type=deleteBlocksCommand with id=1571637903341 timed out. Retrying.
2019-10-21 06:05:11,348 [SCMBlockDeletingService#0] INFO  block.SCMBlockDeletingService (SCMBlockDeletingService.java:call(184)) - Totally added 1 delete blocks command for 1 datanodes, task elapsed time: 1ms
2019-10-21 06:05:11,348 [a588f1ac-0e88-414d-9361-c050928a17f1@group-58705FFBD881-LeaderElection7] INFO  impl.RaftServerImpl (RaftServerImpl.java:setRole(173)) - a588f1ac-0e88-414d-9361-c050928a17f1@group-58705FFBD881: changes role from CANDIDATE to FOLLOWER at term 2 for DISCOVERED_A_NEW_TERM
2019-10-21 06:05:11,349 [pool-7-thread-7] INFO  commands.RetriableDatanodeEventWatcher (RetriableDatanodeEventWatcher.java:onTimeout(47)) - RetriableDatanodeCommand type=deleteBlocksCommand with id=1571637903343 timed out. Retrying.
2019-10-21 06:05:11,349 [a588f1ac-0e88-414d-9361-c050928a17f1@group-58705FFBD881-LeaderElection7] INFO  impl.RoleInfo (RoleInfo.java:shutdownLeaderElection(134)) - a588f1ac-0e88-414d-9361-c050928a17f1: shutdown LeaderElection
2019-10-21 06:05:11,349 [pool-7-thread-4] INFO  commands.RetriableDatanodeEventWatcher (RetriableDatanodeEventWatcher.java:onTimeout(47)) - RetriableDatanodeCommand type=deleteBlocksCommand with id=1571637903344 timed out. Retrying.
2019-10-21 06:05:11,349 [a588f1ac-0e88-414d-9361-c050928a17f1@group-58705FFBD881-LeaderElection7] INFO  impl.RoleInfo (RoleInfo.java:updateAndGet(143)) - a588f1ac-0e88-414d-9361-c050928a17f1: start FollowerState
2019-10-21 06:05:11,350 [pool-7-thread-3] INFO  commands.RetriableDatanodeEventWatcher (RetriableDatanodeEventWatcher.java:onTimeout(47)) - RetriableDatanodeCommand type=deleteBlocksCommand with id=1571637903345 timed out. Retrying.
2019-10-21 06:05:11,350 [pool-7-thread-5] INFO  commands.RetriableDatanodeEventWatcher (RetriableDatanodeEventWatcher.java:onTimeout(47)) - RetriableDatanodeCommand type=deleteBlocksCommand with id=1571637903340 timed out. Retrying.
2019-10-21 06:05:11,351 [pool-7-thread-8] INFO  commands.RetriableDatanodeEventWatcher (RetriableDatanodeEventWatcher.java:onTimeout(47)) - RetriableDatanodeCommand type=deleteBlocksCommand with id=1571637903338 timed out. Retrying.
2019-10-21 06:05:11,412 [EventQueue-DeleteBlockStatusForDeletedBlockLogImpl] WARN  block.DeletedBlockLogImpl (DeletedBlockLogImpl.java:commitTransactions(205)) - Transaction txId=1 commit by dnId=a588f1ac-0e88-414d-9361-c050928a17f1 for containerID=#1 failed. Corresponding entry not found.
2019-10-21 06:05:11,412 [IPC Server handler 8 on 45675] WARN  block.DeletedBlockLogImpl (DeletedBlockLogImpl.java:incrementCount(141)) - Deleted TXID not found.
2019-10-21 06:05:11,413 [EventQueue-DeleteBlockStatusForDeletedBlockLogImpl] WARN  block.DeletedBlockLogImpl (DeletedBlockLogImpl.java:commitTransactions(205)) - Transaction txId=1 commit by dnId=a588f1ac-0e88-414d-9361-c050928a17f1 for containerID=#1 failed. Corresponding entry not found.
2019-10-21 06:05:11,413 [IPC Server handler 8 on 45675] WARN  block.DeletedBlockLogImpl (DeletedBlockLogImpl.java:incrementCount(141)) - Deleted TXID not found.
2019-10-21 06:05:11,413 [EventQueue-DeleteBlockStatusForDeletedBlockLogImpl] WARN  block.DeletedBlockLogImpl (DeletedBlockLogImpl.java:commitTransactions(205)) - Transaction txId=1 commit by dnId=a588f1ac-0e88-414d-9361-c050928a17f1 for containerID=#1 failed. Corresponding entry not found.
2019-10-21 06:05:11,413 [IPC Server handler 8 on 45675] WARN  block.DeletedBlockLogImpl (DeletedBlockLogImpl.java:incrementCount(141)) - Deleted TXID not found.
2019-10-21 06:05:11,413 [EventQueue-DeleteBlockStatusForDeletedBlockLogImpl] WARN  block.DeletedBlockLogImpl (DeletedBlockLogImpl.java:commitTransactions(205)) - Transaction txId=1 commit by dnId=a588f1ac-0e88-414d-9361-c050928a17f1 for containerID=#1 failed. Corresponding entry not found.
2019-10-21 06:05:11,414 [IPC Server handler 8 on 45675] WARN  block.DeletedBlockLogImpl (DeletedBlockLogImpl.java:incrementCount(141)) - Deleted TXID not found.
2019-10-21 06:05:11,414 [EventQueue-DeleteBlockStatusForDeletedBlockLogImpl] WARN  block.DeletedBlockLogImpl (DeletedBlockLogImpl.java:commitTransactions(205)) - Transaction txId=1 commit by dnId=a588f1ac-0e88-414d-9361-c050928a17f1 for containerID=#1 failed. Corresponding entry not found.
2019-10-21 06:05:11,414 [IPC Server handler 8 on 45675] WARN  block.DeletedBlockLogImpl (DeletedBlockLogImpl.java:incrementCount(141)) - Deleted TXID not found.
2019-10-21 06:05:11,414 [EventQueue-DeleteBlockStatusForDeletedBlockLogImpl] WARN  block.DeletedBlockLogImpl (DeletedBlockLogImpl.java:commitTransactions(205)) - Transaction txId=1 commit by dnId=a588f1ac-0e88-414d-9361-c050928a17f1 for containerID=#1 failed. Corresponding entry not found.
2019-10-21 06:05:11,414 [IPC Server handler 8 on 45675] WARN  block.DeletedBlockLogImpl (DeletedBlockLogImpl.java:incrementCount(141)) - Deleted TXID not found.
2019-10-21 06:05:11,414 [EventQueue-DeleteBlockStatusForDeletedBlockLogImpl] WARN  block.DeletedBlockLogImpl (DeletedBlockLogImpl.java:commitTransactions(205)) - Transaction txId=1 commit by dnId=a588f1ac-0e88-414d-9361-c050928a17f1 for containerID=#1 failed. Corresponding entry not found.
2019-10-21 06:05:11,414 [IPC Server handler 8 on 45675] WARN  block.DeletedBlockLogImpl (DeletedBlockLogImpl.java:incrementCount(141)) - Deleted TXID not found.
2019-10-21 06:05:11,415 [IPC Server handler 8 on 45675] WARN  block.DeletedBlockLogImpl (DeletedBlockLogImpl.java:incrementCount(141)) - Deleted TXID not found.
2019-10-21 06:05:11,440 [java.util.concurrent.ThreadPoolExecutor$Worker@29bf4258[State = -1, empty queue]] WARN  server.GrpcLogAppender (GrpcLogAppender.java:timeoutAppendRequest(209)) - 5389c291-9dbf-4ff3-95a2-a367bd79a92b@group-58705FFBD881->a588f1ac-0e88-414d-9361-c050928a17f1-GrpcLogAppender: appendEntries Timeout, request=5389c291-9dbf-4ff3-95a2-a367bd79a92b->a588f1ac-0e88-414d-9361-c050928a17f1#53-t1, previous=(t:1, i:10), leaderCommit=10, initializing? false, entries: <empty>
2019-10-21 06:05:11,937 [BlockDeletingService#2] WARN  background.BlockDeletingService (BlockDeletingService.java:isDeletionAllowed(187)) - Close Container log Index 6 is not replicated across allthe servers in the pipeline 8f9e0d08-2118-49e4-bafd-58705ffbd881 as the min replicated index is 4. Deletion is not allowed in this container yet.
2019-10-21 06:05:11,937 [BlockDeletingService#2] WARN  background.BlockDeletingService (BlockDeletingService.java:isDeletionAllowed(187)) - Close Container log Index 6 is not replicated across allthe servers in the pipeline 8f9e0d08-2118-49e4-bafd-58705ffbd881 as the min replicated index is 4. Deletion is not allowed in this container yet.
2019-10-21 06:05:12,251 [Command processor thread] INFO  commandhandler.DeleteBlocksCommandHandler (DeleteBlocksCommandHandler.java:handle(106)) - Start to delete container blocks, TXIDs=[1(33)], numOfContainers=1, numOfBlocks=1
2019-10-21 06:05:12,253 [Command processor thread] INFO  commandhandler.DeleteBlocksCommandHandler (DeleteBlocksCommandHandler.java:handle(106)) - Start to delete container blocks, TXIDs=[1(41)], numOfContainers=1, numOfBlocks=1
2019-10-21 06:05:12,253 [Command processor thread] INFO  commandhandler.DeleteBlocksCommandHandler (DeleteBlocksCommandHandler.java:handle(106)) - Start to delete container blocks, TXIDs=[1(5)], numOfContainers=1, numOfBlocks=1
2019-10-21 06:05:12,254 [Command processor thread] INFO  commandhandler.DeleteBlocksCommandHandler (DeleteBlocksCommandHandler.java:handle(106)) - Start to delete container blocks, TXIDs=[1(4)], numOfContainers=1, numOfBlocks=1
2019-10-21 06:05:12,254 [Command processor thread] INFO  commandhandler.DeleteBlocksCommandHandler (DeleteBlocksCommandHandler.java:handle(106)) - Start to delete container blocks, TXIDs=[1(5)], numOfContainers=1, numOfBlocks=1
2019-10-21 06:05:12,254 [Command processor thread] INFO  commandhandler.DeleteBlocksCommandHandler (DeleteBlocksCommandHandler.java:handle(106)) - Start to delete container blocks, TXIDs=[1(5)], numOfContainers=1, numOfBlocks=1
2019-10-21 06:05:12,254 [Command processor thread] INFO  commandhandler.DeleteBlocksCommandHandler (DeleteBlocksCommandHandler.java:handle(106)) - Start to delete container blocks, TXIDs=[1(5)], numOfContainers=1, numOfBlocks=1
2019-10-21 06:05:12,255 [Command processor thread] INFO  commandhandler.DeleteBlocksCommandHandler (DeleteBlocksCommandHandler.java:handle(106)) - Start to delete container blocks, TXIDs=[1(2)], numOfContainers=1, numOfBlocks=1
2019-10-21 06:05:12,255 [Command processor thread] INFO  commandhandler.DeleteBlocksCommandHandler (DeleteBlocksCommandHandler.java:handle(106)) - Start to delete container blocks, TXIDs=[1(0)], numOfContainers=1, numOfBlocks=1
2019-10-21 06:05:12,352 [pool-7-thread-8] INFO  commands.RetriableDatanodeEventWatcher (RetriableDatanodeEventWatcher.java:onTimeout(47)) - RetriableDatanodeCommand type=deleteBlocksCommand with id=1571637903347 timed out. Retrying.
2019-10-21 06:05:12,357 [Thread-624] INFO  client.GrpcClientProtocolService (GrpcClientProtocolService.java:lambda$processClientRequest$0(279)) - Failed RaftClientRequest:client-6D3018828CA9->a588f1ac-0e88-414d-9361-c050928a17f1@group-58705FFBD881, cid=22, seq=0, Watch-ALL_COMMITTED(6), Message:<EMPTY>, reply=RaftClientReply:client-6D3018828CA9->a588f1ac-0e88-414d-9361-c050928a17f1@group-58705FFBD881, cid=22, FAILED org.apache.ratis.protocol.NotLeaderException: Server a588f1ac-0e88-414d-9361-c050928a17f1@group-58705FFBD881 is not the leader, logIndex=0, commits[a588f1ac-0e88-414d-9361-c050928a17f1:c3]
2019-10-21 06:05:12,411 [IPC Server handler 19 on 45675] WARN  block.DeletedBlockLogImpl (DeletedBlockLogImpl.java:incrementCount(141)) - Deleted TXID not found.
2019-10-21 06:05:12,411 [EventQueue-DeleteBlockStatusForEventWatcher$$Lambda$30/1725165248] WARN  events.EventWatcher (EventWatcher.java:lambda$start$0(110)) - Completion event without active lease. Id=1571637903346
2019-10-21 06:05:12,412 [EventQueue-DeleteBlockStatusForDeletedBlockLogImpl] WARN  block.DeletedBlockLogImpl (DeletedBlockLogImpl.java:commitTransactions(205)) - Transaction txId=1 commit by dnId=a588f1ac-0e88-414d-9361-c050928a17f1 for containerID=#1 failed. Corresponding entry not found.
2019-10-21 06:05:12,413 [EventQueue-DeleteBlockStatusForEventWatcher$$Lambda$30/1725165248] WARN  events.EventWatcher (EventWatcher.java:lambda$start$0(110)) - Completion event without active lease. Id=1571637903344
2019-10-21 06:05:12,413 [EventQueue-DeleteBlockStatusForDeletedBlockLogImpl] WARN  block.DeletedBlockLogImpl (DeletedBlockLogImpl.java:commitTransactions(205)) - Transaction txId=1 commit by dnId=a588f1ac-0e88-414d-9361-c050928a17f1 for containerID=#1 failed. Corresponding entry not found.
2019-10-21 06:05:12,413 [EventQueue-DeleteBlockStatusForEventWatcher$$Lambda$30/1725165248] WARN  events.EventWatcher (EventWatcher.java:lambda$start$0(110)) - Completion event without active lease. Id=1571637903345
2019-10-21 06:05:12,413 [EventQueue-DeleteBlockStatusForDeletedBlockLogImpl] WARN  block.DeletedBlockLogImpl (DeletedBlockLogImpl.java:commitTransactions(205)) - Transaction txId=1 commit by dnId=a588f1ac-0e88-414d-9361-c050928a17f1 for containerID=#1 failed. Corresponding entry not found.
2019-10-21 06:05:12,413 [EventQueue-DeleteBlockStatusForEventWatcher$$Lambda$30/1725165248] WARN  events.EventWatcher (EventWatcher.java:lambda$start$0(110)) - Completion event without active lease. Id=1571637903342
2019-10-21 06:05:12,413 [EventQueue-DeleteBlockStatusForDeletedBlockLogImpl] WARN  block.DeletedBlockLogImpl (DeletedBlockLogImpl.java:commitTransactions(205)) - Transaction txId=1 commit by dnId=a588f1ac-0e88-414d-9361-c050928a17f1 for containerID=#1 failed. Corresponding entry not found.
2019-10-21 06:05:12,413 [EventQueue-DeleteBlockStatusForEventWatcher$$Lambda$30/1725165248] WARN  events.EventWatcher (EventWatcher.java:lambda$start$0(110)) - Completion event without active lease. Id=1571637903343
2019-10-21 06:05:12,414 [EventQueue-DeleteBlockStatusForDeletedBlockLogImpl] WARN  block.DeletedBlockLogImpl (DeletedBlockLogImpl.java:commitTransactions(205)) - Transaction txId=1 commit by dnId=a588f1ac-0e88-414d-9361-c050928a17f1 for containerID=#1 failed. Corresponding entry not found.
2019-10-21 06:05:12,414 [EventQueue-DeleteBlockStatusForEventWatcher$$Lambda$30/1725165248] WARN  events.EventWatcher (EventWatcher.java:lambda$start$0(110)) - Completion event without active lease. Id=1571637903340
2019-10-21 06:05:12,414 [EventQueue-DeleteBlockStatusForDeletedBlockLogImpl] WARN  block.DeletedBlockLogImpl (DeletedBlockLogImpl.java:commitTransactions(205)) - Transaction txId=1 commit by dnId=a588f1ac-0e88-414d-9361-c050928a17f1 for containerID=#1 failed. Corresponding entry not found.
2019-10-21 06:05:12,414 [EventQueue-DeleteBlockStatusForEventWatcher$$Lambda$30/1725165248] WARN  events.EventWatcher (EventWatcher.java:lambda$start$0(110)) - Completion event without active lease. Id=1571637903341
2019-10-21 06:05:12,414 [EventQueue-DeleteBlockStatusForDeletedBlockLogImpl] WARN  block.DeletedBlockLogImpl (DeletedBlockLogImpl.java:commitTransactions(205)) - Transaction txId=1 commit by dnId=a588f1ac-0e88-414d-9361-c050928a17f1 for containerID=#1 failed. Corresponding entry not found.
2019-10-21 06:05:12,414 [EventQueue-DeleteBlockStatusForEventWatcher$$Lambda$30/1725165248] WARN  events.EventWatcher (EventWatcher.java:lambda$start$0(110)) - Completion event without active lease. Id=1571637903338
2019-10-21 06:05:12,414 [EventQueue-DeleteBlockStatusForDeletedBlockLogImpl] WARN  block.DeletedBlockLogImpl (DeletedBlockLogImpl.java:commitTransactions(205)) - Transaction txId=1 commit by dnId=a588f1ac-0e88-414d-9361-c050928a17f1 for containerID=#1 failed. Corresponding entry not found.
2019-10-21 06:05:12,414 [EventQueue-DeleteBlockStatusForDeletedBlockLogImpl] WARN  block.DeletedBlockLogImpl (DeletedBlockLogImpl.java:commitTransactions(205)) - Transaction txId=1 commit by dnId=a588f1ac-0e88-414d-9361-c050928a17f1 for containerID=#1 failed. Corresponding entry not found.
2019-10-21 06:05:12,939 [BlockDeletingService#2] WARN  background.BlockDeletingService (BlockDeletingService.java:isDeletionAllowed(187)) - Close Container log Index 6 is not replicated across allthe servers in the pipeline 8f9e0d08-2118-49e4-bafd-58705ffbd881 as the min replicated index is 4. Deletion is not allowed in this container yet.
2019-10-21 06:05:12,939 [BlockDeletingService#2] WARN  background.BlockDeletingService (BlockDeletingService.java:isDeletionAllowed(187)) - Close Container log Index 6 is not replicated across allthe servers in the pipeline 8f9e0d08-2118-49e4-bafd-58705ffbd881 as the min replicated index is 4. Deletion is not allowed in this container yet.
2019-10-21 06:05:13,308 [Command processor thread] INFO  commandhandler.DeleteBlocksCommandHandler (DeleteBlocksCommandHandler.java:handle(106)) - Start to delete container blocks, TXIDs=[1(41)], numOfContainers=1, numOfBlocks=1
2019-10-21 06:05:13,380 [Thread-630] INFO  client.GrpcClientProtocolService (GrpcClientProtocolService.java:lambda$processClientRequest$0(279)) - Failed RaftClientRequest:client-6D3018828CA9->5389c291-9dbf-4ff3-95a2-a367bd79a92b@group-58705FFBD881, cid=22, seq=0, Watch-ALL_COMMITTED(6), Message:<EMPTY>, reply=RaftClientReply:client-6D3018828CA9->5389c291-9dbf-4ff3-95a2-a367bd79a92b@group-58705FFBD881, cid=22, FAILED org.apache.ratis.protocol.NotLeaderException: Server 5389c291-9dbf-4ff3-95a2-a367bd79a92b@group-58705FFBD881 is not the leader, logIndex=0, commits[5389c291-9dbf-4ff3-95a2-a367bd79a92b:c10, 2de534ac-c407-4ec5-ab68-e4d0e1b50d95:c10, a588f1ac-0e88-414d-9361-c050928a17f1:c4]
2019-10-21 06:05:13,411 [EventQueue-DeleteBlockStatusForEventWatcher$$Lambda$30/1725165248] WARN  events.EventWatcher (EventWatcher.java:lambda$start$0(110)) - Completion event without active lease. Id=1571637903347
2019-10-21 06:05:13,411 [EventQueue-DeleteBlockStatusForDeletedBlockLogImpl] WARN  block.DeletedBlockLogImpl (DeletedBlockLogImpl.java:commitTransactions(205)) - Transaction txId=1 commit by dnId=a588f1ac-0e88-414d-9361-c050928a17f1 for containerID=#1 failed. Corresponding entry not found.
2019-10-21 06:05:13,940 [BlockDeletingService#2] WARN  background.BlockDeletingService (BlockDeletingService.java:isDeletionAllowed(187)) - Close Container log Index 6 is not replicated across allthe servers in the pipeline 8f9e0d08-2118-49e4-bafd-58705ffbd881 as the min replicated index is 4. Deletion is not allowed in this container yet.
2019-10-21 06:05:13,941 [java.util.concurrent.ThreadPoolExecutor$Worker@29bf4258[State = -1, empty queue]] WARN  server.GrpcLogAppender (GrpcLogAppender.java:timeoutAppendRequest(209)) - 5389c291-9dbf-4ff3-95a2-a367bd79a92b@group-58705FFBD881->a588f1ac-0e88-414d-9361-c050928a17f1-GrpcLogAppender: appendEntries Timeout, request=5389c291-9dbf-4ff3-95a2-a367bd79a92b->a588f1ac-0e88-414d-9361-c050928a17f1#54-t1, previous=(t:1, i:10), leaderCommit=10, initializing? false, entries: <empty>
2019-10-21 06:05:13,941 [BlockDeletingService#2] WARN  background.BlockDeletingService (BlockDeletingService.java:isDeletionAllowed(187)) - Close Container log Index 6 is not replicated across allthe servers in the pipeline 8f9e0d08-2118-49e4-bafd-58705ffbd881 as the min replicated index is 4. Deletion is not allowed in this container yet.
]]></system-out>
    <system-err><![CDATA[ERROR StatusLogger No Log4j 2 configuration file found. Using default configuration (logging only errors to the console), or user programmatically provided configurations. Set system property 'log4j2.debug' to show Log4j 2 internal initialization logging. See https://logging.apache.org/log4j/2.x/manual/configuration.html for instructions on how to configure Log4j 2
Oct 21, 2019 6:03:28 AM org.apache.ratis.thirdparty.io.grpc.internal.SerializingExecutor run
SEVERE: Exception while executing runnable org.apache.ratis.thirdparty.io.grpc.internal.ServerImpl$JumpToApplicationThreadServerStreamListener$1Closed@38d02225
org.apache.ratis.thirdparty.io.grpc.StatusRuntimeException: CANCELLED: call already cancelled
	at org.apache.ratis.thirdparty.io.grpc.Status.asRuntimeException(Status.java:517)
	at org.apache.ratis.thirdparty.io.grpc.stub.ServerCalls$ServerCallStreamObserverImpl.onCompleted(ServerCalls.java:356)
	at org.apache.ratis.grpc.server.GrpcServerProtocolService$ServerRequestStreamObserver.onError(GrpcServerProtocolService.java:121)
	at org.apache.ratis.thirdparty.io.grpc.stub.ServerCalls$StreamingServerCallHandler$StreamingServerCallListener.onCancel(ServerCalls.java:269)
	at org.apache.ratis.thirdparty.io.grpc.internal.ServerCallImpl$ServerStreamListenerImpl.closed(ServerCallImpl.java:293)
	at org.apache.ratis.thirdparty.io.grpc.internal.ServerImpl$JumpToApplicationThreadServerStreamListener$1Closed.runInContext(ServerImpl.java:741)
	at org.apache.ratis.thirdparty.io.grpc.internal.ContextRunnable.run(ContextRunnable.java:37)
	at org.apache.ratis.thirdparty.io.grpc.internal.SerializingExecutor.run(SerializingExecutor.java:123)
	at java.util.concurrent.ThreadPoolExecutor.runWorker(ThreadPoolExecutor.java:1149)
	at java.util.concurrent.ThreadPoolExecutor$Worker.run(ThreadPoolExecutor.java:624)
	at java.lang.Thread.run(Thread.java:748)

Oct 21, 2019 6:03:28 AM org.apache.ratis.thirdparty.io.grpc.internal.SerializingExecutor run
SEVERE: Exception while executing runnable org.apache.ratis.thirdparty.io.grpc.internal.ClientCallImpl$ClientStreamListenerImpl$1StreamClosed@46d0a2e
java.lang.NullPointerException
	at org.apache.ratis.grpc.server.GrpcLogAppender$AppendLogResponseHandler.onError(GrpcLogAppender.java:303)
	at org.apache.ratis.thirdparty.io.grpc.stub.ClientCalls$StreamObserverToCallListenerAdapter.onClose(ClientCalls.java:434)
	at org.apache.ratis.thirdparty.io.grpc.PartialForwardingClientCallListener.onClose(PartialForwardingClientCallListener.java:39)
	at org.apache.ratis.thirdparty.io.grpc.ForwardingClientCallListener.onClose(ForwardingClientCallListener.java:23)
	at org.apache.ratis.thirdparty.io.grpc.ForwardingClientCallListener$SimpleForwardingClientCallListener.onClose(ForwardingClientCallListener.java:40)
	at org.apache.ratis.thirdparty.io.grpc.internal.CensusStatsModule$StatsClientInterceptor$1$1.onClose(CensusStatsModule.java:678)
	at org.apache.ratis.thirdparty.io.grpc.PartialForwardingClientCallListener.onClose(PartialForwardingClientCallListener.java:39)
	at org.apache.ratis.thirdparty.io.grpc.ForwardingClientCallListener.onClose(ForwardingClientCallListener.java:23)
	at org.apache.ratis.thirdparty.io.grpc.ForwardingClientCallListener$SimpleForwardingClientCallListener.onClose(ForwardingClientCallListener.java:40)
	at org.apache.ratis.thirdparty.io.grpc.internal.CensusTracingModule$TracingClientInterceptor$1$1.onClose(CensusTracingModule.java:397)
	at org.apache.ratis.thirdparty.io.grpc.internal.ClientCallImpl.closeObserver(ClientCallImpl.java:459)
	at org.apache.ratis.thirdparty.io.grpc.internal.ClientCallImpl.access$300(ClientCallImpl.java:63)
	at org.apache.ratis.thirdparty.io.grpc.internal.ClientCallImpl$ClientStreamListenerImpl.close(ClientCallImpl.java:546)
	at org.apache.ratis.thirdparty.io.grpc.internal.ClientCallImpl$ClientStreamListenerImpl.access$600(ClientCallImpl.java:467)
	at org.apache.ratis.thirdparty.io.grpc.internal.ClientCallImpl$ClientStreamListenerImpl$1StreamClosed.runInContext(ClientCallImpl.java:584)
	at org.apache.ratis.thirdparty.io.grpc.internal.ContextRunnable.run(ContextRunnable.java:37)
	at org.apache.ratis.thirdparty.io.grpc.internal.SerializingExecutor.run(SerializingExecutor.java:123)
	at java.util.concurrent.ThreadPoolExecutor.runWorker(ThreadPoolExecutor.java:1149)
	at java.util.concurrent.ThreadPoolExecutor$Worker.run(ThreadPoolExecutor.java:624)
	at java.lang.Thread.run(Thread.java:748)

]]></system-err>
  </testcase>
</testsuite>