<?xml version="1.0" encoding="UTF-8"?>
<testsuite xmlns:xsi="http://www.w3.org/2001/XMLSchema-instance" xsi:noNamespaceSchemaLocation="https://maven.apache.org/surefire/maven-surefire-plugin/xsd/surefire-test-report.xsd" name="org.apache.hadoop.ozone.freon.TestDataValidateWithUnsafeByteOperations" time="71.424" tests="3" errors="1" skipped="0" failures="0">
  <properties>
    <property name="awt.toolkit" value="sun.awt.X11.XToolkit"/>
    <property name="file.encoding.pkg" value="sun.io"/>
    <property name="java.specification.version" value="1.8"/>
    <property name="sun.cpu.isalist" value=""/>
    <property name="sun.jnu.encoding" value="ANSI_X3.4-1968"/>
    <property name="java.class.path" value="/workdir/hadoop-ozone/tools/target/test-classes:/workdir/hadoop-ozone/tools/target/classes:/home/user/.m2/repository/org/apache/hadoop/hadoop-ozone-ozone-manager/0.5.0-SNAPSHOT/hadoop-ozone-ozone-manager-0.5.0-SNAPSHOT.jar:/home/user/.m2/repository/org/apache/hadoop/hadoop-hdds-docs/0.5.0-SNAPSHOT/hadoop-hdds-docs-0.5.0-SNAPSHOT.jar:/home/user/.m2/repository/org/bouncycastle/bcprov-jdk15on/1.60/bcprov-jdk15on-1.60.jar:/home/user/.m2/repository/org/apache/hadoop/hadoop-ozone-common/0.5.0-SNAPSHOT/hadoop-ozone-common-0.5.0-SNAPSHOT.jar:/home/user/.m2/repository/org/apache/commons/commons-compress/1.4.1/commons-compress-1.4.1.jar:/home/user/.m2/repository/org/tukaani/xz/1.0/xz-1.0.jar:/home/user/.m2/repository/org/apache/hadoop/hadoop-hdfs-client/3.2.0/hadoop-hdfs-client-3.2.0.jar:/home/user/.m2/repository/com/fasterxml/jackson/core/jackson-annotations/2.9.9/jackson-annotations-2.9.9.jar:/home/user/.m2/repository/org/apache/hadoop/hadoop-hdds-common/0.5.0-SNAPSHOT/hadoop-hdds-common-0.5.0-SNAPSHOT.jar:/home/user/.m2/repository/org/apache/hadoop/hadoop-hdds-config/0.5.0-SNAPSHOT/hadoop-hdds-config-0.5.0-SNAPSHOT.jar:/home/user/.m2/repository/javax/annotation/javax.annotation-api/1.2/javax.annotation-api-1.2.jar:/home/user/.m2/repository/org/apache/ratis/ratis-server/0.5.0-3f446aa-SNAPSHOT/ratis-server-0.5.0-3f446aa-SNAPSHOT.jar:/home/user/.m2/repository/org/apache/ratis/ratis-thirdparty-misc/0.2.0/ratis-thirdparty-misc-0.2.0.jar:/home/user/.m2/repository/org/apache/ratis/ratis-proto/0.5.0-3f446aa-SNAPSHOT/ratis-proto-0.5.0-3f446aa-SNAPSHOT.jar:/home/user/.m2/repository/org/apache/ratis/ratis-common/0.5.0-3f446aa-SNAPSHOT/ratis-common-0.5.0-3f446aa-SNAPSHOT.jar:/home/user/.m2/repository/org/apache/ratis/ratis-client/0.5.0-3f446aa-SNAPSHOT/ratis-client-0.5.0-3f446aa-SNAPSHOT.jar:/home/user/.m2/repository/org/apache/ratis/ratis-metrics/0.5.0-3f446aa-SNAPSHOT/ratis-metrics-0.5.0-3f446aa-SNAPSHOT.jar:/home/user/.m2/repository/com/github/joshelser/dropwizard-metrics-hadoop-metrics2-reporter/0.1.2/dropwizard-metrics-hadoop-metrics2-reporter-0.1.2.jar:/home/user/.m2/repository/io/dropwizard/metrics/metrics-jvm/3.2.5/metrics-jvm-3.2.5.jar:/home/user/.m2/repository/io/dropwizard/metrics/metrics-ganglia/3.2.5/metrics-ganglia-3.2.5.jar:/home/user/.m2/repository/info/ganglia/gmetric4j/gmetric4j/1.0.7/gmetric4j-1.0.7.jar:/home/user/.m2/repository/org/apache/ratis/ratis-netty/0.5.0-3f446aa-SNAPSHOT/ratis-netty-0.5.0-3f446aa-SNAPSHOT.jar:/home/user/.m2/repository/org/apache/ratis/ratis-grpc/0.5.0-3f446aa-SNAPSHOT/ratis-grpc-0.5.0-3f446aa-SNAPSHOT.jar:/home/user/.m2/repository/org/rocksdb/rocksdbjni/6.0.1/rocksdbjni-6.0.1.jar:/home/user/.m2/repository/org/apache/logging/log4j/log4j-api/2.11.0/log4j-api-2.11.0.jar:/home/user/.m2/repository/org/apache/logging/log4j/log4j-core/2.11.0/log4j-core-2.11.0.jar:/home/user/.m2/repository/com/lmax/disruptor/3.4.2/disruptor-3.4.2.jar:/home/user/.m2/repository/org/apache/commons/commons-pool2/2.6.0/commons-pool2-2.6.0.jar:/home/user/.m2/repository/org/bouncycastle/bcpkix-jdk15on/1.60/bcpkix-jdk15on-1.60.jar:/home/user/.m2/repository/commons-validator/commons-validator/1.6/commons-validator-1.6.jar:/home/user/.m2/repository/commons-digester/commons-digester/1.8.1/commons-digester-1.8.1.jar:/home/user/.m2/repository/io/jaegertracing/jaeger-client/0.34.0/jaeger-client-0.34.0.jar:/home/user/.m2/repository/io/jaegertracing/jaeger-thrift/0.34.0/jaeger-thrift-0.34.0.jar:/home/user/.m2/repository/org/apache/thrift/libthrift/0.12.0/libthrift-0.12.0.jar:/home/user/.m2/repository/com/squareup/okhttp3/okhttp/3.9.0/okhttp-3.9.0.jar:/home/user/.m2/repository/com/squareup/okio/okio/1.13.0/okio-1.13.0.jar:/home/user/.m2/repository/io/jaegertracing/jaeger-core/0.34.0/jaeger-core-0.34.0.jar:/home/user/.m2/repository/io/jaegertracing/jaeger-tracerresolver/0.34.0/jaeger-tracerresolver-0.34.0.jar:/home/user/.m2/repository/io/opentracing/contrib/opentracing-tracerresolver/0.1.5/opentracing-tracerresolver-0.1.5.jar:/home/user/.m2/repository/io/opentracing/opentracing-util/0.31.0/opentracing-util-0.31.0.jar:/home/user/.m2/repository/io/opentracing/opentracing-api/0.31.0/opentracing-api-0.31.0.jar:/home/user/.m2/repository/io/opentracing/opentracing-noop/0.31.0/opentracing-noop-0.31.0.jar:/home/user/.m2/repository/org/yaml/snakeyaml/1.16/snakeyaml-1.16.jar:/home/user/.m2/repository/org/apache/hadoop/hadoop-hdds-container-service/0.5.0-SNAPSHOT/hadoop-hdds-container-service-0.5.0-SNAPSHOT.jar:/home/user/.m2/repository/org/apache/hadoop/hadoop-hdds-client/0.5.0-SNAPSHOT/hadoop-hdds-client-0.5.0-SNAPSHOT.jar:/home/user/.m2/repository/org/apache/hadoop/hadoop-hdds-tools/0.5.0-SNAPSHOT/hadoop-hdds-tools-0.5.0-SNAPSHOT.jar:/home/user/.m2/repository/org/xerial/sqlite-jdbc/3.25.2/sqlite-jdbc-3.25.2.jar:/home/user/.m2/repository/org/apache/hadoop/hadoop-hdds-server-scm/0.5.0-SNAPSHOT/hadoop-hdds-server-scm-0.5.0-SNAPSHOT.jar:/home/user/.m2/repository/org/hamcrest/hamcrest-all/1.3/hamcrest-all-1.3.jar:/home/user/.m2/repository/info/picocli/picocli/3.9.6/picocli-3.9.6.jar:/home/user/.m2/repository/com/google/protobuf/protobuf-java/2.5.0/protobuf-java-2.5.0.jar:/home/user/.m2/repository/com/google/guava/guava/11.0.2/guava-11.0.2.jar:/home/user/.m2/repository/org/apache/hadoop/hadoop-ozone-client/0.5.0-SNAPSHOT/hadoop-ozone-client-0.5.0-SNAPSHOT.jar:/workdir/hadoop-ozone/ozonefs/target/classes:/home/user/.m2/repository/org/apache/httpcomponents/httpclient/4.5.2/httpclient-4.5.2.jar:/home/user/.m2/repository/org/apache/httpcomponents/httpcore/4.4.4/httpcore-4.4.4.jar:/home/user/.m2/repository/org/apache/hadoop/hadoop-hdds-server-framework/0.5.0-SNAPSHOT/hadoop-hdds-server-framework-0.5.0-SNAPSHOT.jar:/home/user/.m2/repository/org/apache/hadoop/hadoop-common/3.2.0/hadoop-common-3.2.0.jar:/home/user/.m2/repository/org/apache/hadoop/hadoop-annotations/3.2.0/hadoop-annotations-3.2.0.jar:/usr/lib/jvm/java-1.8.0-openjdk-1.8.0.222.b10-1.el7_7.x86_64/jre/../lib/tools.jar:/home/user/.m2/repository/commons-cli/commons-cli/1.2/commons-cli-1.2.jar:/home/user/.m2/repository/org/apache/commons/commons-math3/3.1.1/commons-math3-3.1.1.jar:/home/user/.m2/repository/commons-codec/commons-codec/1.11/commons-codec-1.11.jar:/home/user/.m2/repository/commons-io/commons-io/2.5/commons-io-2.5.jar:/home/user/.m2/repository/commons-net/commons-net/3.6/commons-net-3.6.jar:/home/user/.m2/repository/commons-collections/commons-collections/3.2.2/commons-collections-3.2.2.jar:/home/user/.m2/repository/javax/servlet/javax.servlet-api/3.1.0/javax.servlet-api-3.1.0.jar:/home/user/.m2/repository/org/eclipse/jetty/jetty-server/9.3.25.v20180904/jetty-server-9.3.25.v20180904.jar:/home/user/.m2/repository/org/eclipse/jetty/jetty-http/9.3.25.v20180904/jetty-http-9.3.25.v20180904.jar:/home/user/.m2/repository/org/eclipse/jetty/jetty-io/9.3.25.v20180904/jetty-io-9.3.25.v20180904.jar:/home/user/.m2/repository/org/eclipse/jetty/jetty-util/9.3.25.v20180904/jetty-util-9.3.25.v20180904.jar:/home/user/.m2/repository/org/eclipse/jetty/jetty-servlet/9.3.25.v20180904/jetty-servlet-9.3.25.v20180904.jar:/home/user/.m2/repository/org/eclipse/jetty/jetty-security/9.3.25.v20180904/jetty-security-9.3.25.v20180904.jar:/home/user/.m2/repository/org/eclipse/jetty/jetty-webapp/9.3.25.v20180904/jetty-webapp-9.3.25.v20180904.jar:/home/user/.m2/repository/org/eclipse/jetty/jetty-xml/9.3.25.v20180904/jetty-xml-9.3.25.v20180904.jar:/home/user/.m2/repository/javax/servlet/jsp/jsp-api/2.1/jsp-api-2.1.jar:/home/user/.m2/repository/com/sun/jersey/jersey-core/1.19/jersey-core-1.19.jar:/home/user/.m2/repository/javax/ws/rs/jsr311-api/1.1.1/jsr311-api-1.1.1.jar:/home/user/.m2/repository/com/sun/jersey/jersey-servlet/1.19/jersey-servlet-1.19.jar:/home/user/.m2/repository/com/sun/jersey/jersey-json/1.19/jersey-json-1.19.jar:/home/user/.m2/repository/org/codehaus/jettison/jettison/1.1/jettison-1.1.jar:/home/user/.m2/repository/com/sun/xml/bind/jaxb-impl/2.3.0.1/jaxb-impl-2.3.0.1.jar:/home/user/.m2/repository/org/codehaus/jackson/jackson-core-asl/1.9.13/jackson-core-asl-1.9.13.jar:/home/user/.m2/repository/org/codehaus/jackson/jackson-mapper-asl/1.9.13/jackson-mapper-asl-1.9.13.jar:/home/user/.m2/repository/org/codehaus/jackson/jackson-jaxrs/1.9.13/jackson-jaxrs-1.9.13.jar:/home/user/.m2/repository/org/codehaus/jackson/jackson-xc/1.9.13/jackson-xc-1.9.13.jar:/home/user/.m2/repository/com/sun/jersey/jersey-server/1.19/jersey-server-1.19.jar:/home/user/.m2/repository/commons-logging/commons-logging/1.1.3/commons-logging-1.1.3.jar:/home/user/.m2/repository/log4j/log4j/1.2.17/log4j-1.2.17.jar:/home/user/.m2/repository/commons-beanutils/commons-beanutils/1.9.4/commons-beanutils-1.9.4.jar:/home/user/.m2/repository/org/apache/commons/commons-configuration2/2.1.1/commons-configuration2-2.1.1.jar:/home/user/.m2/repository/org/apache/commons/commons-lang3/3.7/commons-lang3-3.7.jar:/home/user/.m2/repository/org/apache/commons/commons-text/1.4/commons-text-1.4.jar:/home/user/.m2/repository/org/slf4j/slf4j-api/1.7.25/slf4j-api-1.7.25.jar:/home/user/.m2/repository/org/slf4j/slf4j-log4j12/1.7.25/slf4j-log4j12-1.7.25.jar:/home/user/.m2/repository/org/apache/avro/avro/1.7.7/avro-1.7.7.jar:/home/user/.m2/repository/com/thoughtworks/paranamer/paranamer/2.3/paranamer-2.3.jar:/home/user/.m2/repository/org/xerial/snappy/snappy-java/1.0.5/snappy-java-1.0.5.jar:/home/user/.m2/repository/com/google/re2j/re2j/1.1/re2j-1.1.jar:/home/user/.m2/repository/com/google/code/gson/gson/2.2.4/gson-2.2.4.jar:/home/user/.m2/repository/org/apache/hadoop/hadoop-auth/3.2.0/hadoop-auth-3.2.0.jar:/home/user/.m2/repository/com/nimbusds/nimbus-jose-jwt/4.41.1/nimbus-jose-jwt-4.41.1.jar:/home/user/.m2/repository/com/github/stephenc/jcip/jcip-annotations/1.0-1/jcip-annotations-1.0-1.jar:/home/user/.m2/repository/net/minidev/json-smart/2.3/json-smart-2.3.jar:/home/user/.m2/repository/net/minidev/accessors-smart/1.2/accessors-smart-1.2.jar:/home/user/.m2/repository/org/apache/curator/curator-framework/2.12.0/curator-framework-2.12.0.jar:/home/user/.m2/repository/com/jcraft/jsch/0.1.54/jsch-0.1.54.jar:/home/user/.m2/repository/org/apache/curator/curator-client/2.12.0/curator-client-2.12.0.jar:/home/user/.m2/repository/org/apache/curator/curator-recipes/2.12.0/curator-recipes-2.12.0.jar:/home/user/.m2/repository/com/google/code/findbugs/jsr305/3.0.0/jsr305-3.0.0.jar:/home/user/.m2/repository/org/apache/htrace/htrace-core4/4.1.0-incubating/htrace-core4-4.1.0-incubating.jar:/home/user/.m2/repository/org/apache/zookeeper/zookeeper/3.4.13/zookeeper-3.4.13.jar:/home/user/.m2/repository/jline/jline/0.9.94/jline-0.9.94.jar:/home/user/.m2/repository/org/apache/yetus/audience-annotations/0.5.0/audience-annotations-0.5.0.jar:/home/user/.m2/repository/org/apache/kerby/kerb-simplekdc/1.0.1/kerb-simplekdc-1.0.1.jar:/home/user/.m2/repository/org/apache/kerby/kerb-client/1.0.1/kerb-client-1.0.1.jar:/home/user/.m2/repository/org/apache/kerby/kerby-config/1.0.1/kerby-config-1.0.1.jar:/home/user/.m2/repository/org/apache/kerby/kerb-core/1.0.1/kerb-core-1.0.1.jar:/home/user/.m2/repository/org/apache/kerby/kerby-pkix/1.0.1/kerby-pkix-1.0.1.jar:/home/user/.m2/repository/org/apache/kerby/kerby-asn1/1.0.1/kerby-asn1-1.0.1.jar:/home/user/.m2/repository/org/apache/kerby/kerby-util/1.0.1/kerby-util-1.0.1.jar:/home/user/.m2/repository/org/apache/kerby/kerb-common/1.0.1/kerb-common-1.0.1.jar:/home/user/.m2/repository/org/apache/kerby/kerb-crypto/1.0.1/kerb-crypto-1.0.1.jar:/home/user/.m2/repository/org/apache/kerby/kerb-util/1.0.1/kerb-util-1.0.1.jar:/home/user/.m2/repository/org/apache/kerby/token-provider/1.0.1/token-provider-1.0.1.jar:/home/user/.m2/repository/org/apache/kerby/kerb-admin/1.0.1/kerb-admin-1.0.1.jar:/home/user/.m2/repository/org/apache/kerby/kerb-server/1.0.1/kerb-server-1.0.1.jar:/home/user/.m2/repository/org/apache/kerby/kerb-identity/1.0.1/kerb-identity-1.0.1.jar:/home/user/.m2/repository/org/apache/kerby/kerby-xdr/1.0.1/kerby-xdr-1.0.1.jar:/home/user/.m2/repository/com/fasterxml/jackson/core/jackson-databind/2.9.9/jackson-databind-2.9.9.jar:/home/user/.m2/repository/com/fasterxml/jackson/core/jackson-core/2.9.9/jackson-core-2.9.9.jar:/home/user/.m2/repository/org/codehaus/woodstox/stax2-api/3.1.4/stax2-api-3.1.4.jar:/home/user/.m2/repository/com/fasterxml/woodstox/woodstox-core/5.0.3/woodstox-core-5.0.3.jar:/home/user/.m2/repository/dnsjava/dnsjava/2.1.7/dnsjava-2.1.7.jar:/home/user/.m2/repository/org/apache/hadoop/hadoop-hdfs/3.2.0/hadoop-hdfs-3.2.0.jar:/home/user/.m2/repository/org/eclipse/jetty/jetty-util-ajax/9.3.25.v20180904/jetty-util-ajax-9.3.25.v20180904.jar:/home/user/.m2/repository/commons-daemon/commons-daemon/1.0.13/commons-daemon-1.0.13.jar:/home/user/.m2/repository/io/netty/netty/3.10.5.Final/netty-3.10.5.Final.jar:/home/user/.m2/repository/io/netty/netty-all/4.0.52.Final/netty-all-4.0.52.Final.jar:/home/user/.m2/repository/org/fusesource/leveldbjni/leveldbjni-all/1.8/leveldbjni-all-1.8.jar:/home/user/.m2/repository/com/sun/xml/bind/jaxb-core/2.3.0.1/jaxb-core-2.3.0.1.jar:/home/user/.m2/repository/javax/xml/bind/jaxb-api/2.3.0/jaxb-api-2.3.0.jar:/home/user/.m2/repository/javax/activation/activation/1.1.1/activation-1.1.1.jar:/home/user/.m2/repository/org/openjdk/jmh/jmh-core/1.19/jmh-core-1.19.jar:/home/user/.m2/repository/net/sf/jopt-simple/jopt-simple/4.6/jopt-simple-4.6.jar:/home/user/.m2/repository/org/openjdk/jmh/jmh-generator-annprocess/1.19/jmh-generator-annprocess-1.19.jar:/home/user/.m2/repository/io/dropwizard/metrics/metrics-core/3.2.4/metrics-core-3.2.4.jar:/home/user/.m2/repository/com/amazonaws/aws-java-sdk-s3/1.11.615/aws-java-sdk-s3-1.11.615.jar:/home/user/.m2/repository/com/amazonaws/aws-java-sdk-kms/1.11.615/aws-java-sdk-kms-1.11.615.jar:/home/user/.m2/repository/com/amazonaws/aws-java-sdk-core/1.11.615/aws-java-sdk-core-1.11.615.jar:/home/user/.m2/repository/software/amazon/ion/ion-java/1.0.2/ion-java-1.0.2.jar:/home/user/.m2/repository/com/fasterxml/jackson/dataformat/jackson-dataformat-cbor/2.9.9/jackson-dataformat-cbor-2.9.9.jar:/home/user/.m2/repository/joda-time/joda-time/2.9.9/joda-time-2.9.9.jar:/home/user/.m2/repository/com/amazonaws/jmespath-java/1.11.615/jmespath-java-1.11.615.jar:/home/user/.m2/repository/com/github/spotbugs/spotbugs/3.1.12/spotbugs-3.1.12.jar:/home/user/.m2/repository/org/ow2/asm/asm/5.0.4/asm-5.0.4.jar:/home/user/.m2/repository/org/ow2/asm/asm-analysis/7.0/asm-analysis-7.0.jar:/home/user/.m2/repository/org/ow2/asm/asm-commons/7.0/asm-commons-7.0.jar:/home/user/.m2/repository/org/ow2/asm/asm-tree/7.0/asm-tree-7.0.jar:/home/user/.m2/repository/org/ow2/asm/asm-util/7.0/asm-util-7.0.jar:/home/user/.m2/repository/org/apache/bcel/bcel/6.3/bcel-6.3.jar:/home/user/.m2/repository/net/jcip/jcip-annotations/1.0/jcip-annotations-1.0.jar:/home/user/.m2/repository/org/dom4j/dom4j/2.1.1/dom4j-2.1.1.jar:/home/user/.m2/repository/jaxen/jaxen/1.1.6/jaxen-1.1.6.jar:/home/user/.m2/repository/commons-lang/commons-lang/2.6/commons-lang-2.6.jar:/home/user/.m2/repository/com/github/spotbugs/spotbugs-annotations/3.1.12/spotbugs-annotations-3.1.12.jar:/home/user/.m2/repository/junit/junit/4.11/junit-4.11.jar:/home/user/.m2/repository/org/hamcrest/hamcrest-core/1.3/hamcrest-core-1.3.jar:/home/user/.m2/repository/org/apache/hadoop/hadoop-common/3.2.0/hadoop-common-3.2.0-tests.jar:/workdir/hadoop-ozone/integration-test/target/test-classes:/home/user/.m2/repository/org/apache/hadoop/hadoop-ozone-s3gateway/0.5.0-SNAPSHOT/hadoop-ozone-s3gateway-0.5.0-SNAPSHOT.jar:/home/user/.m2/repository/org/jboss/weld/servlet/weld-servlet/2.4.7.Final/weld-servlet-2.4.7.Final.jar:/home/user/.m2/repository/org/glassfish/jersey/containers/jersey-container-servlet-core/2.27/jersey-container-servlet-core-2.27.jar:/home/user/.m2/repository/org/glassfish/hk2/external/javax.inject/2.5.0-b42/javax.inject-2.5.0-b42.jar:/home/user/.m2/repository/org/glassfish/jersey/core/jersey-common/2.27/jersey-common-2.27.jar:/home/user/.m2/repository/org/glassfish/hk2/osgi-resource-locator/1.0.1/osgi-resource-locator-1.0.1.jar:/home/user/.m2/repository/javax/ws/rs/javax.ws.rs-api/2.1/javax.ws.rs-api-2.1.jar:/home/user/.m2/repository/org/glassfish/jersey/ext/cdi/jersey-cdi1x/2.27/jersey-cdi1x-2.27.jar:/home/user/.m2/repository/org/glassfish/jersey/inject/jersey-hk2/2.27/jersey-hk2-2.27.jar:/home/user/.m2/repository/org/glassfish/hk2/hk2-locator/2.5.0-b42/hk2-locator-2.5.0-b42.jar:/home/user/.m2/repository/org/javassist/javassist/3.22.0-CR2/javassist-3.22.0-CR2.jar:/home/user/.m2/repository/org/glassfish/hk2/hk2-api/2.5.0/hk2-api-2.5.0.jar:/home/user/.m2/repository/org/glassfish/hk2/external/jakarta.inject/2.5.0/jakarta.inject-2.5.0.jar:/home/user/.m2/repository/org/glassfish/hk2/hk2-utils/2.5.0/hk2-utils-2.5.0.jar:/home/user/.m2/repository/jakarta/annotation/jakarta.annotation-api/1.3.4/jakarta.annotation-api-1.3.4.jar:/home/user/.m2/repository/org/glassfish/hk2/external/aopalliance-repackaged/2.5.0/aopalliance-repackaged-2.5.0.jar:/home/user/.m2/repository/com/fasterxml/jackson/dataformat/jackson-dataformat-xml/2.9.0/jackson-dataformat-xml-2.9.0.jar:/home/user/.m2/repository/com/fasterxml/jackson/module/jackson-module-jaxb-annotations/2.9.9/jackson-module-jaxb-annotations-2.9.9.jar:/home/user/.m2/repository/javax/enterprise/cdi-api/1.2/cdi-api-1.2.jar:/home/user/.m2/repository/javax/el/javax.el-api/3.0.0/javax.el-api-3.0.0.jar:/home/user/.m2/repository/javax/interceptor/javax.interceptor-api/1.2/javax.interceptor-api-1.2.jar:/home/user/.m2/repository/javax/inject/javax.inject/1/javax.inject-1.jar:/home/user/.m2/repository/org/apache/hadoop/hadoop-ozone-csi/0.5.0-SNAPSHOT/hadoop-ozone-csi-0.5.0-SNAPSHOT.jar:/home/user/.m2/repository/com/google/protobuf/protobuf-java-util/3.5.1/protobuf-java-util-3.5.1.jar:/home/user/.m2/repository/io/grpc/grpc-netty/1.17.1/grpc-netty-1.17.1.jar:/home/user/.m2/repository/io/grpc/grpc-core/1.17.1/grpc-core-1.17.1.jar:/home/user/.m2/repository/io/grpc/grpc-context/1.17.1/grpc-context-1.17.1.jar:/home/user/.m2/repository/com/google/errorprone/error_prone_annotations/2.2.0/error_prone_annotations-2.2.0.jar:/home/user/.m2/repository/org/codehaus/mojo/animal-sniffer-annotations/1.17/animal-sniffer-annotations-1.17.jar:/home/user/.m2/repository/io/opencensus/opencensus-api/0.17.0/opencensus-api-0.17.0.jar:/home/user/.m2/repository/io/opencensus/opencensus-contrib-grpc-metrics/0.17.0/opencensus-contrib-grpc-metrics-0.17.0.jar:/home/user/.m2/repository/io/netty/netty-codec-http2/4.1.30.Final/netty-codec-http2-4.1.30.Final.jar:/home/user/.m2/repository/io/netty/netty-codec-http/4.1.30.Final/netty-codec-http-4.1.30.Final.jar:/home/user/.m2/repository/io/netty/netty-codec/4.1.30.Final/netty-codec-4.1.30.Final.jar:/home/user/.m2/repository/io/netty/netty-handler/4.1.30.Final/netty-handler-4.1.30.Final.jar:/home/user/.m2/repository/io/netty/netty-handler-proxy/4.1.30.Final/netty-handler-proxy-4.1.30.Final.jar:/home/user/.m2/repository/io/netty/netty-codec-socks/4.1.30.Final/netty-codec-socks-4.1.30.Final.jar:/home/user/.m2/repository/io/netty/netty-transport-native-epoll/4.1.30.Final/netty-transport-native-epoll-4.1.30.Final.jar:/home/user/.m2/repository/io/netty/netty-common/4.1.30.Final/netty-common-4.1.30.Final.jar:/home/user/.m2/repository/io/netty/netty-buffer/4.1.30.Final/netty-buffer-4.1.30.Final.jar:/home/user/.m2/repository/io/netty/netty-transport/4.1.30.Final/netty-transport-4.1.30.Final.jar:/home/user/.m2/repository/io/netty/netty-resolver/4.1.30.Final/netty-resolver-4.1.30.Final.jar:/home/user/.m2/repository/io/netty/netty-transport-native-unix-common/4.1.30.Final/netty-transport-native-unix-common-4.1.30.Final.jar:/home/user/.m2/repository/io/grpc/grpc-protobuf/1.17.1/grpc-protobuf-1.17.1.jar:/home/user/.m2/repository/com/google/api/grpc/proto-google-common-protos/1.0.0/proto-google-common-protos-1.0.0.jar:/home/user/.m2/repository/io/grpc/grpc-protobuf-lite/1.17.1/grpc-protobuf-lite-1.17.1.jar:/home/user/.m2/repository/io/grpc/grpc-stub/1.17.1/grpc-stub-1.17.1.jar:/home/user/.m2/repository/org/apache/hadoop/hadoop-ozone-recon/0.5.0-SNAPSHOT/hadoop-ozone-recon-0.5.0-SNAPSHOT.jar:/home/user/.m2/repository/org/apache/hadoop/hadoop-ozone-reconcodegen/0.5.0-SNAPSHOT/hadoop-ozone-reconcodegen-0.5.0-SNAPSHOT.jar:/home/user/.m2/repository/com/google/inject/extensions/guice-multibindings/4.0/guice-multibindings-4.0.jar:/home/user/.m2/repository/com/google/inject/guice/4.0/guice-4.0.jar:/home/user/.m2/repository/aopalliance/aopalliance/1.0/aopalliance-1.0.jar:/home/user/.m2/repository/com/google/inject/extensions/guice-servlet/4.0/guice-servlet-4.0.jar:/home/user/.m2/repository/org/glassfish/jersey/containers/jersey-container-servlet/2.27/jersey-container-servlet-2.27.jar:/home/user/.m2/repository/org/glassfish/hk2/guice-bridge/2.5.0/guice-bridge-2.5.0.jar:/home/user/.m2/repository/org/glassfish/jersey/core/jersey-server/2.27/jersey-server-2.27.jar:/home/user/.m2/repository/org/glassfish/jersey/core/jersey-client/2.27/jersey-client-2.27.jar:/home/user/.m2/repository/org/glassfish/jersey/media/jersey-media-jaxb/2.27/jersey-media-jaxb-2.27.jar:/home/user/.m2/repository/javax/validation/validation-api/1.1.0.Final/validation-api-1.1.0.Final.jar:/home/user/.m2/repository/org/glassfish/jersey/media/jersey-media-json-jackson/2.27/jersey-media-json-jackson-2.27.jar:/home/user/.m2/repository/org/glassfish/jersey/ext/jersey-entity-filtering/2.27/jersey-entity-filtering-2.27.jar:/home/user/.m2/repository/com/google/inject/extensions/guice-assistedinject/4.0/guice-assistedinject-4.0.jar:/home/user/.m2/repository/org/jooq/jooq/3.11.10/jooq-3.11.10.jar:/home/user/.m2/repository/org/jooq/jooq-meta/3.11.10/jooq-meta-3.11.10.jar:/home/user/.m2/repository/org/jooq/jooq-codegen/3.11.10/jooq-codegen-3.11.10.jar:/home/user/.m2/repository/com/jolbox/bonecp/0.8.0.RELEASE/bonecp-0.8.0.RELEASE.jar:/home/user/.m2/repository/org/springframework/spring-jdbc/5.1.3.RELEASE/spring-jdbc-5.1.3.RELEASE.jar:/home/user/.m2/repository/org/springframework/spring-beans/5.1.3.RELEASE/spring-beans-5.1.3.RELEASE.jar:/home/user/.m2/repository/org/springframework/spring-core/5.1.3.RELEASE/spring-core-5.1.3.RELEASE.jar:/home/user/.m2/repository/org/springframework/spring-jcl/5.1.3.RELEASE/spring-jcl-5.1.3.RELEASE.jar:/home/user/.m2/repository/org/springframework/spring-tx/5.1.3.RELEASE/spring-tx-5.1.3.RELEASE.jar:/home/user/.m2/repository/org/mockito/mockito-core/2.15.0/mockito-core-2.15.0.jar:/home/user/.m2/repository/net/bytebuddy/byte-buddy/1.7.9/byte-buddy-1.7.9.jar:/home/user/.m2/repository/net/bytebuddy/byte-buddy-agent/1.7.9/byte-buddy-agent-1.7.9.jar:/home/user/.m2/repository/org/objenesis/objenesis/1.0/objenesis-1.0.jar:"/>
    <property name="java.vm.vendor" value="Oracle Corporation"/>
    <property name="sun.arch.data.model" value="64"/>
    <property name="test.build.dir" value="/workdir/hadoop-ozone/tools/target/test-dir"/>
    <property name="test.cache.data" value=""/>
    <property name="java.vendor.url" value="http://java.oracle.com/"/>
    <property name="user.timezone" value=""/>
    <property name="java.vm.specification.version" value="1.8"/>
    <property name="os.name" value="Linux"/>
    <property name="test.build.data" value="/workdir/hadoop-ozone/tools/target/test-dir"/>
    <property name="user.country" value="US"/>
    <property name="sun.java.launcher" value="SUN_STANDARD"/>
    <property name="sun.boot.library.path" value="/usr/lib/jvm/java-1.8.0-openjdk-1.8.0.222.b10-1.el7_7.x86_64/jre/lib/amd64"/>
    <property name="sun.java.command" value="/workdir/hadoop-ozone/tools/target/surefire/surefirebooter6133616123642381805.jar /workdir/hadoop-ozone/tools/target/surefire 2019-10-20T03-31-45_442-jvmRun1 surefire7763786662233536730tmp surefire_105695229842112096029tmp"/>
    <property name="surefire.test.class.path" value="/workdir/hadoop-ozone/tools/target/test-classes:/workdir/hadoop-ozone/tools/target/classes:/home/user/.m2/repository/org/apache/hadoop/hadoop-ozone-ozone-manager/0.5.0-SNAPSHOT/hadoop-ozone-ozone-manager-0.5.0-SNAPSHOT.jar:/home/user/.m2/repository/org/apache/hadoop/hadoop-hdds-docs/0.5.0-SNAPSHOT/hadoop-hdds-docs-0.5.0-SNAPSHOT.jar:/home/user/.m2/repository/org/bouncycastle/bcprov-jdk15on/1.60/bcprov-jdk15on-1.60.jar:/home/user/.m2/repository/org/apache/hadoop/hadoop-ozone-common/0.5.0-SNAPSHOT/hadoop-ozone-common-0.5.0-SNAPSHOT.jar:/home/user/.m2/repository/org/apache/commons/commons-compress/1.4.1/commons-compress-1.4.1.jar:/home/user/.m2/repository/org/tukaani/xz/1.0/xz-1.0.jar:/home/user/.m2/repository/org/apache/hadoop/hadoop-hdfs-client/3.2.0/hadoop-hdfs-client-3.2.0.jar:/home/user/.m2/repository/com/fasterxml/jackson/core/jackson-annotations/2.9.9/jackson-annotations-2.9.9.jar:/home/user/.m2/repository/org/apache/hadoop/hadoop-hdds-common/0.5.0-SNAPSHOT/hadoop-hdds-common-0.5.0-SNAPSHOT.jar:/home/user/.m2/repository/org/apache/hadoop/hadoop-hdds-config/0.5.0-SNAPSHOT/hadoop-hdds-config-0.5.0-SNAPSHOT.jar:/home/user/.m2/repository/javax/annotation/javax.annotation-api/1.2/javax.annotation-api-1.2.jar:/home/user/.m2/repository/org/apache/ratis/ratis-server/0.5.0-3f446aa-SNAPSHOT/ratis-server-0.5.0-3f446aa-SNAPSHOT.jar:/home/user/.m2/repository/org/apache/ratis/ratis-thirdparty-misc/0.2.0/ratis-thirdparty-misc-0.2.0.jar:/home/user/.m2/repository/org/apache/ratis/ratis-proto/0.5.0-3f446aa-SNAPSHOT/ratis-proto-0.5.0-3f446aa-SNAPSHOT.jar:/home/user/.m2/repository/org/apache/ratis/ratis-common/0.5.0-3f446aa-SNAPSHOT/ratis-common-0.5.0-3f446aa-SNAPSHOT.jar:/home/user/.m2/repository/org/apache/ratis/ratis-client/0.5.0-3f446aa-SNAPSHOT/ratis-client-0.5.0-3f446aa-SNAPSHOT.jar:/home/user/.m2/repository/org/apache/ratis/ratis-metrics/0.5.0-3f446aa-SNAPSHOT/ratis-metrics-0.5.0-3f446aa-SNAPSHOT.jar:/home/user/.m2/repository/com/github/joshelser/dropwizard-metrics-hadoop-metrics2-reporter/0.1.2/dropwizard-metrics-hadoop-metrics2-reporter-0.1.2.jar:/home/user/.m2/repository/io/dropwizard/metrics/metrics-jvm/3.2.5/metrics-jvm-3.2.5.jar:/home/user/.m2/repository/io/dropwizard/metrics/metrics-ganglia/3.2.5/metrics-ganglia-3.2.5.jar:/home/user/.m2/repository/info/ganglia/gmetric4j/gmetric4j/1.0.7/gmetric4j-1.0.7.jar:/home/user/.m2/repository/org/apache/ratis/ratis-netty/0.5.0-3f446aa-SNAPSHOT/ratis-netty-0.5.0-3f446aa-SNAPSHOT.jar:/home/user/.m2/repository/org/apache/ratis/ratis-grpc/0.5.0-3f446aa-SNAPSHOT/ratis-grpc-0.5.0-3f446aa-SNAPSHOT.jar:/home/user/.m2/repository/org/rocksdb/rocksdbjni/6.0.1/rocksdbjni-6.0.1.jar:/home/user/.m2/repository/org/apache/logging/log4j/log4j-api/2.11.0/log4j-api-2.11.0.jar:/home/user/.m2/repository/org/apache/logging/log4j/log4j-core/2.11.0/log4j-core-2.11.0.jar:/home/user/.m2/repository/com/lmax/disruptor/3.4.2/disruptor-3.4.2.jar:/home/user/.m2/repository/org/apache/commons/commons-pool2/2.6.0/commons-pool2-2.6.0.jar:/home/user/.m2/repository/org/bouncycastle/bcpkix-jdk15on/1.60/bcpkix-jdk15on-1.60.jar:/home/user/.m2/repository/commons-validator/commons-validator/1.6/commons-validator-1.6.jar:/home/user/.m2/repository/commons-digester/commons-digester/1.8.1/commons-digester-1.8.1.jar:/home/user/.m2/repository/io/jaegertracing/jaeger-client/0.34.0/jaeger-client-0.34.0.jar:/home/user/.m2/repository/io/jaegertracing/jaeger-thrift/0.34.0/jaeger-thrift-0.34.0.jar:/home/user/.m2/repository/org/apache/thrift/libthrift/0.12.0/libthrift-0.12.0.jar:/home/user/.m2/repository/com/squareup/okhttp3/okhttp/3.9.0/okhttp-3.9.0.jar:/home/user/.m2/repository/com/squareup/okio/okio/1.13.0/okio-1.13.0.jar:/home/user/.m2/repository/io/jaegertracing/jaeger-core/0.34.0/jaeger-core-0.34.0.jar:/home/user/.m2/repository/io/jaegertracing/jaeger-tracerresolver/0.34.0/jaeger-tracerresolver-0.34.0.jar:/home/user/.m2/repository/io/opentracing/contrib/opentracing-tracerresolver/0.1.5/opentracing-tracerresolver-0.1.5.jar:/home/user/.m2/repository/io/opentracing/opentracing-util/0.31.0/opentracing-util-0.31.0.jar:/home/user/.m2/repository/io/opentracing/opentracing-api/0.31.0/opentracing-api-0.31.0.jar:/home/user/.m2/repository/io/opentracing/opentracing-noop/0.31.0/opentracing-noop-0.31.0.jar:/home/user/.m2/repository/org/yaml/snakeyaml/1.16/snakeyaml-1.16.jar:/home/user/.m2/repository/org/apache/hadoop/hadoop-hdds-container-service/0.5.0-SNAPSHOT/hadoop-hdds-container-service-0.5.0-SNAPSHOT.jar:/home/user/.m2/repository/org/apache/hadoop/hadoop-hdds-client/0.5.0-SNAPSHOT/hadoop-hdds-client-0.5.0-SNAPSHOT.jar:/home/user/.m2/repository/org/apache/hadoop/hadoop-hdds-tools/0.5.0-SNAPSHOT/hadoop-hdds-tools-0.5.0-SNAPSHOT.jar:/home/user/.m2/repository/org/xerial/sqlite-jdbc/3.25.2/sqlite-jdbc-3.25.2.jar:/home/user/.m2/repository/org/apache/hadoop/hadoop-hdds-server-scm/0.5.0-SNAPSHOT/hadoop-hdds-server-scm-0.5.0-SNAPSHOT.jar:/home/user/.m2/repository/org/hamcrest/hamcrest-all/1.3/hamcrest-all-1.3.jar:/home/user/.m2/repository/info/picocli/picocli/3.9.6/picocli-3.9.6.jar:/home/user/.m2/repository/com/google/protobuf/protobuf-java/2.5.0/protobuf-java-2.5.0.jar:/home/user/.m2/repository/com/google/guava/guava/11.0.2/guava-11.0.2.jar:/home/user/.m2/repository/org/apache/hadoop/hadoop-ozone-client/0.5.0-SNAPSHOT/hadoop-ozone-client-0.5.0-SNAPSHOT.jar:/workdir/hadoop-ozone/ozonefs/target/classes:/home/user/.m2/repository/org/apache/httpcomponents/httpclient/4.5.2/httpclient-4.5.2.jar:/home/user/.m2/repository/org/apache/httpcomponents/httpcore/4.4.4/httpcore-4.4.4.jar:/home/user/.m2/repository/org/apache/hadoop/hadoop-hdds-server-framework/0.5.0-SNAPSHOT/hadoop-hdds-server-framework-0.5.0-SNAPSHOT.jar:/home/user/.m2/repository/org/apache/hadoop/hadoop-common/3.2.0/hadoop-common-3.2.0.jar:/home/user/.m2/repository/org/apache/hadoop/hadoop-annotations/3.2.0/hadoop-annotations-3.2.0.jar:/usr/lib/jvm/java-1.8.0-openjdk-1.8.0.222.b10-1.el7_7.x86_64/jre/../lib/tools.jar:/home/user/.m2/repository/commons-cli/commons-cli/1.2/commons-cli-1.2.jar:/home/user/.m2/repository/org/apache/commons/commons-math3/3.1.1/commons-math3-3.1.1.jar:/home/user/.m2/repository/commons-codec/commons-codec/1.11/commons-codec-1.11.jar:/home/user/.m2/repository/commons-io/commons-io/2.5/commons-io-2.5.jar:/home/user/.m2/repository/commons-net/commons-net/3.6/commons-net-3.6.jar:/home/user/.m2/repository/commons-collections/commons-collections/3.2.2/commons-collections-3.2.2.jar:/home/user/.m2/repository/javax/servlet/javax.servlet-api/3.1.0/javax.servlet-api-3.1.0.jar:/home/user/.m2/repository/org/eclipse/jetty/jetty-server/9.3.25.v20180904/jetty-server-9.3.25.v20180904.jar:/home/user/.m2/repository/org/eclipse/jetty/jetty-http/9.3.25.v20180904/jetty-http-9.3.25.v20180904.jar:/home/user/.m2/repository/org/eclipse/jetty/jetty-io/9.3.25.v20180904/jetty-io-9.3.25.v20180904.jar:/home/user/.m2/repository/org/eclipse/jetty/jetty-util/9.3.25.v20180904/jetty-util-9.3.25.v20180904.jar:/home/user/.m2/repository/org/eclipse/jetty/jetty-servlet/9.3.25.v20180904/jetty-servlet-9.3.25.v20180904.jar:/home/user/.m2/repository/org/eclipse/jetty/jetty-security/9.3.25.v20180904/jetty-security-9.3.25.v20180904.jar:/home/user/.m2/repository/org/eclipse/jetty/jetty-webapp/9.3.25.v20180904/jetty-webapp-9.3.25.v20180904.jar:/home/user/.m2/repository/org/eclipse/jetty/jetty-xml/9.3.25.v20180904/jetty-xml-9.3.25.v20180904.jar:/home/user/.m2/repository/javax/servlet/jsp/jsp-api/2.1/jsp-api-2.1.jar:/home/user/.m2/repository/com/sun/jersey/jersey-core/1.19/jersey-core-1.19.jar:/home/user/.m2/repository/javax/ws/rs/jsr311-api/1.1.1/jsr311-api-1.1.1.jar:/home/user/.m2/repository/com/sun/jersey/jersey-servlet/1.19/jersey-servlet-1.19.jar:/home/user/.m2/repository/com/sun/jersey/jersey-json/1.19/jersey-json-1.19.jar:/home/user/.m2/repository/org/codehaus/jettison/jettison/1.1/jettison-1.1.jar:/home/user/.m2/repository/com/sun/xml/bind/jaxb-impl/2.3.0.1/jaxb-impl-2.3.0.1.jar:/home/user/.m2/repository/org/codehaus/jackson/jackson-core-asl/1.9.13/jackson-core-asl-1.9.13.jar:/home/user/.m2/repository/org/codehaus/jackson/jackson-mapper-asl/1.9.13/jackson-mapper-asl-1.9.13.jar:/home/user/.m2/repository/org/codehaus/jackson/jackson-jaxrs/1.9.13/jackson-jaxrs-1.9.13.jar:/home/user/.m2/repository/org/codehaus/jackson/jackson-xc/1.9.13/jackson-xc-1.9.13.jar:/home/user/.m2/repository/com/sun/jersey/jersey-server/1.19/jersey-server-1.19.jar:/home/user/.m2/repository/commons-logging/commons-logging/1.1.3/commons-logging-1.1.3.jar:/home/user/.m2/repository/log4j/log4j/1.2.17/log4j-1.2.17.jar:/home/user/.m2/repository/commons-beanutils/commons-beanutils/1.9.4/commons-beanutils-1.9.4.jar:/home/user/.m2/repository/org/apache/commons/commons-configuration2/2.1.1/commons-configuration2-2.1.1.jar:/home/user/.m2/repository/org/apache/commons/commons-lang3/3.7/commons-lang3-3.7.jar:/home/user/.m2/repository/org/apache/commons/commons-text/1.4/commons-text-1.4.jar:/home/user/.m2/repository/org/slf4j/slf4j-api/1.7.25/slf4j-api-1.7.25.jar:/home/user/.m2/repository/org/slf4j/slf4j-log4j12/1.7.25/slf4j-log4j12-1.7.25.jar:/home/user/.m2/repository/org/apache/avro/avro/1.7.7/avro-1.7.7.jar:/home/user/.m2/repository/com/thoughtworks/paranamer/paranamer/2.3/paranamer-2.3.jar:/home/user/.m2/repository/org/xerial/snappy/snappy-java/1.0.5/snappy-java-1.0.5.jar:/home/user/.m2/repository/com/google/re2j/re2j/1.1/re2j-1.1.jar:/home/user/.m2/repository/com/google/code/gson/gson/2.2.4/gson-2.2.4.jar:/home/user/.m2/repository/org/apache/hadoop/hadoop-auth/3.2.0/hadoop-auth-3.2.0.jar:/home/user/.m2/repository/com/nimbusds/nimbus-jose-jwt/4.41.1/nimbus-jose-jwt-4.41.1.jar:/home/user/.m2/repository/com/github/stephenc/jcip/jcip-annotations/1.0-1/jcip-annotations-1.0-1.jar:/home/user/.m2/repository/net/minidev/json-smart/2.3/json-smart-2.3.jar:/home/user/.m2/repository/net/minidev/accessors-smart/1.2/accessors-smart-1.2.jar:/home/user/.m2/repository/org/apache/curator/curator-framework/2.12.0/curator-framework-2.12.0.jar:/home/user/.m2/repository/com/jcraft/jsch/0.1.54/jsch-0.1.54.jar:/home/user/.m2/repository/org/apache/curator/curator-client/2.12.0/curator-client-2.12.0.jar:/home/user/.m2/repository/org/apache/curator/curator-recipes/2.12.0/curator-recipes-2.12.0.jar:/home/user/.m2/repository/com/google/code/findbugs/jsr305/3.0.0/jsr305-3.0.0.jar:/home/user/.m2/repository/org/apache/htrace/htrace-core4/4.1.0-incubating/htrace-core4-4.1.0-incubating.jar:/home/user/.m2/repository/org/apache/zookeeper/zookeeper/3.4.13/zookeeper-3.4.13.jar:/home/user/.m2/repository/jline/jline/0.9.94/jline-0.9.94.jar:/home/user/.m2/repository/org/apache/yetus/audience-annotations/0.5.0/audience-annotations-0.5.0.jar:/home/user/.m2/repository/org/apache/kerby/kerb-simplekdc/1.0.1/kerb-simplekdc-1.0.1.jar:/home/user/.m2/repository/org/apache/kerby/kerb-client/1.0.1/kerb-client-1.0.1.jar:/home/user/.m2/repository/org/apache/kerby/kerby-config/1.0.1/kerby-config-1.0.1.jar:/home/user/.m2/repository/org/apache/kerby/kerb-core/1.0.1/kerb-core-1.0.1.jar:/home/user/.m2/repository/org/apache/kerby/kerby-pkix/1.0.1/kerby-pkix-1.0.1.jar:/home/user/.m2/repository/org/apache/kerby/kerby-asn1/1.0.1/kerby-asn1-1.0.1.jar:/home/user/.m2/repository/org/apache/kerby/kerby-util/1.0.1/kerby-util-1.0.1.jar:/home/user/.m2/repository/org/apache/kerby/kerb-common/1.0.1/kerb-common-1.0.1.jar:/home/user/.m2/repository/org/apache/kerby/kerb-crypto/1.0.1/kerb-crypto-1.0.1.jar:/home/user/.m2/repository/org/apache/kerby/kerb-util/1.0.1/kerb-util-1.0.1.jar:/home/user/.m2/repository/org/apache/kerby/token-provider/1.0.1/token-provider-1.0.1.jar:/home/user/.m2/repository/org/apache/kerby/kerb-admin/1.0.1/kerb-admin-1.0.1.jar:/home/user/.m2/repository/org/apache/kerby/kerb-server/1.0.1/kerb-server-1.0.1.jar:/home/user/.m2/repository/org/apache/kerby/kerb-identity/1.0.1/kerb-identity-1.0.1.jar:/home/user/.m2/repository/org/apache/kerby/kerby-xdr/1.0.1/kerby-xdr-1.0.1.jar:/home/user/.m2/repository/com/fasterxml/jackson/core/jackson-databind/2.9.9/jackson-databind-2.9.9.jar:/home/user/.m2/repository/com/fasterxml/jackson/core/jackson-core/2.9.9/jackson-core-2.9.9.jar:/home/user/.m2/repository/org/codehaus/woodstox/stax2-api/3.1.4/stax2-api-3.1.4.jar:/home/user/.m2/repository/com/fasterxml/woodstox/woodstox-core/5.0.3/woodstox-core-5.0.3.jar:/home/user/.m2/repository/dnsjava/dnsjava/2.1.7/dnsjava-2.1.7.jar:/home/user/.m2/repository/org/apache/hadoop/hadoop-hdfs/3.2.0/hadoop-hdfs-3.2.0.jar:/home/user/.m2/repository/org/eclipse/jetty/jetty-util-ajax/9.3.25.v20180904/jetty-util-ajax-9.3.25.v20180904.jar:/home/user/.m2/repository/commons-daemon/commons-daemon/1.0.13/commons-daemon-1.0.13.jar:/home/user/.m2/repository/io/netty/netty/3.10.5.Final/netty-3.10.5.Final.jar:/home/user/.m2/repository/io/netty/netty-all/4.0.52.Final/netty-all-4.0.52.Final.jar:/home/user/.m2/repository/org/fusesource/leveldbjni/leveldbjni-all/1.8/leveldbjni-all-1.8.jar:/home/user/.m2/repository/com/sun/xml/bind/jaxb-core/2.3.0.1/jaxb-core-2.3.0.1.jar:/home/user/.m2/repository/javax/xml/bind/jaxb-api/2.3.0/jaxb-api-2.3.0.jar:/home/user/.m2/repository/javax/activation/activation/1.1.1/activation-1.1.1.jar:/home/user/.m2/repository/org/openjdk/jmh/jmh-core/1.19/jmh-core-1.19.jar:/home/user/.m2/repository/net/sf/jopt-simple/jopt-simple/4.6/jopt-simple-4.6.jar:/home/user/.m2/repository/org/openjdk/jmh/jmh-generator-annprocess/1.19/jmh-generator-annprocess-1.19.jar:/home/user/.m2/repository/io/dropwizard/metrics/metrics-core/3.2.4/metrics-core-3.2.4.jar:/home/user/.m2/repository/com/amazonaws/aws-java-sdk-s3/1.11.615/aws-java-sdk-s3-1.11.615.jar:/home/user/.m2/repository/com/amazonaws/aws-java-sdk-kms/1.11.615/aws-java-sdk-kms-1.11.615.jar:/home/user/.m2/repository/com/amazonaws/aws-java-sdk-core/1.11.615/aws-java-sdk-core-1.11.615.jar:/home/user/.m2/repository/software/amazon/ion/ion-java/1.0.2/ion-java-1.0.2.jar:/home/user/.m2/repository/com/fasterxml/jackson/dataformat/jackson-dataformat-cbor/2.9.9/jackson-dataformat-cbor-2.9.9.jar:/home/user/.m2/repository/joda-time/joda-time/2.9.9/joda-time-2.9.9.jar:/home/user/.m2/repository/com/amazonaws/jmespath-java/1.11.615/jmespath-java-1.11.615.jar:/home/user/.m2/repository/com/github/spotbugs/spotbugs/3.1.12/spotbugs-3.1.12.jar:/home/user/.m2/repository/org/ow2/asm/asm/5.0.4/asm-5.0.4.jar:/home/user/.m2/repository/org/ow2/asm/asm-analysis/7.0/asm-analysis-7.0.jar:/home/user/.m2/repository/org/ow2/asm/asm-commons/7.0/asm-commons-7.0.jar:/home/user/.m2/repository/org/ow2/asm/asm-tree/7.0/asm-tree-7.0.jar:/home/user/.m2/repository/org/ow2/asm/asm-util/7.0/asm-util-7.0.jar:/home/user/.m2/repository/org/apache/bcel/bcel/6.3/bcel-6.3.jar:/home/user/.m2/repository/net/jcip/jcip-annotations/1.0/jcip-annotations-1.0.jar:/home/user/.m2/repository/org/dom4j/dom4j/2.1.1/dom4j-2.1.1.jar:/home/user/.m2/repository/jaxen/jaxen/1.1.6/jaxen-1.1.6.jar:/home/user/.m2/repository/commons-lang/commons-lang/2.6/commons-lang-2.6.jar:/home/user/.m2/repository/com/github/spotbugs/spotbugs-annotations/3.1.12/spotbugs-annotations-3.1.12.jar:/home/user/.m2/repository/junit/junit/4.11/junit-4.11.jar:/home/user/.m2/repository/org/hamcrest/hamcrest-core/1.3/hamcrest-core-1.3.jar:/home/user/.m2/repository/org/apache/hadoop/hadoop-common/3.2.0/hadoop-common-3.2.0-tests.jar:/workdir/hadoop-ozone/integration-test/target/test-classes:/home/user/.m2/repository/org/apache/hadoop/hadoop-ozone-s3gateway/0.5.0-SNAPSHOT/hadoop-ozone-s3gateway-0.5.0-SNAPSHOT.jar:/home/user/.m2/repository/org/jboss/weld/servlet/weld-servlet/2.4.7.Final/weld-servlet-2.4.7.Final.jar:/home/user/.m2/repository/org/glassfish/jersey/containers/jersey-container-servlet-core/2.27/jersey-container-servlet-core-2.27.jar:/home/user/.m2/repository/org/glassfish/hk2/external/javax.inject/2.5.0-b42/javax.inject-2.5.0-b42.jar:/home/user/.m2/repository/org/glassfish/jersey/core/jersey-common/2.27/jersey-common-2.27.jar:/home/user/.m2/repository/org/glassfish/hk2/osgi-resource-locator/1.0.1/osgi-resource-locator-1.0.1.jar:/home/user/.m2/repository/javax/ws/rs/javax.ws.rs-api/2.1/javax.ws.rs-api-2.1.jar:/home/user/.m2/repository/org/glassfish/jersey/ext/cdi/jersey-cdi1x/2.27/jersey-cdi1x-2.27.jar:/home/user/.m2/repository/org/glassfish/jersey/inject/jersey-hk2/2.27/jersey-hk2-2.27.jar:/home/user/.m2/repository/org/glassfish/hk2/hk2-locator/2.5.0-b42/hk2-locator-2.5.0-b42.jar:/home/user/.m2/repository/org/javassist/javassist/3.22.0-CR2/javassist-3.22.0-CR2.jar:/home/user/.m2/repository/org/glassfish/hk2/hk2-api/2.5.0/hk2-api-2.5.0.jar:/home/user/.m2/repository/org/glassfish/hk2/external/jakarta.inject/2.5.0/jakarta.inject-2.5.0.jar:/home/user/.m2/repository/org/glassfish/hk2/hk2-utils/2.5.0/hk2-utils-2.5.0.jar:/home/user/.m2/repository/jakarta/annotation/jakarta.annotation-api/1.3.4/jakarta.annotation-api-1.3.4.jar:/home/user/.m2/repository/org/glassfish/hk2/external/aopalliance-repackaged/2.5.0/aopalliance-repackaged-2.5.0.jar:/home/user/.m2/repository/com/fasterxml/jackson/dataformat/jackson-dataformat-xml/2.9.0/jackson-dataformat-xml-2.9.0.jar:/home/user/.m2/repository/com/fasterxml/jackson/module/jackson-module-jaxb-annotations/2.9.9/jackson-module-jaxb-annotations-2.9.9.jar:/home/user/.m2/repository/javax/enterprise/cdi-api/1.2/cdi-api-1.2.jar:/home/user/.m2/repository/javax/el/javax.el-api/3.0.0/javax.el-api-3.0.0.jar:/home/user/.m2/repository/javax/interceptor/javax.interceptor-api/1.2/javax.interceptor-api-1.2.jar:/home/user/.m2/repository/javax/inject/javax.inject/1/javax.inject-1.jar:/home/user/.m2/repository/org/apache/hadoop/hadoop-ozone-csi/0.5.0-SNAPSHOT/hadoop-ozone-csi-0.5.0-SNAPSHOT.jar:/home/user/.m2/repository/com/google/protobuf/protobuf-java-util/3.5.1/protobuf-java-util-3.5.1.jar:/home/user/.m2/repository/io/grpc/grpc-netty/1.17.1/grpc-netty-1.17.1.jar:/home/user/.m2/repository/io/grpc/grpc-core/1.17.1/grpc-core-1.17.1.jar:/home/user/.m2/repository/io/grpc/grpc-context/1.17.1/grpc-context-1.17.1.jar:/home/user/.m2/repository/com/google/errorprone/error_prone_annotations/2.2.0/error_prone_annotations-2.2.0.jar:/home/user/.m2/repository/org/codehaus/mojo/animal-sniffer-annotations/1.17/animal-sniffer-annotations-1.17.jar:/home/user/.m2/repository/io/opencensus/opencensus-api/0.17.0/opencensus-api-0.17.0.jar:/home/user/.m2/repository/io/opencensus/opencensus-contrib-grpc-metrics/0.17.0/opencensus-contrib-grpc-metrics-0.17.0.jar:/home/user/.m2/repository/io/netty/netty-codec-http2/4.1.30.Final/netty-codec-http2-4.1.30.Final.jar:/home/user/.m2/repository/io/netty/netty-codec-http/4.1.30.Final/netty-codec-http-4.1.30.Final.jar:/home/user/.m2/repository/io/netty/netty-codec/4.1.30.Final/netty-codec-4.1.30.Final.jar:/home/user/.m2/repository/io/netty/netty-handler/4.1.30.Final/netty-handler-4.1.30.Final.jar:/home/user/.m2/repository/io/netty/netty-handler-proxy/4.1.30.Final/netty-handler-proxy-4.1.30.Final.jar:/home/user/.m2/repository/io/netty/netty-codec-socks/4.1.30.Final/netty-codec-socks-4.1.30.Final.jar:/home/user/.m2/repository/io/netty/netty-transport-native-epoll/4.1.30.Final/netty-transport-native-epoll-4.1.30.Final.jar:/home/user/.m2/repository/io/netty/netty-common/4.1.30.Final/netty-common-4.1.30.Final.jar:/home/user/.m2/repository/io/netty/netty-buffer/4.1.30.Final/netty-buffer-4.1.30.Final.jar:/home/user/.m2/repository/io/netty/netty-transport/4.1.30.Final/netty-transport-4.1.30.Final.jar:/home/user/.m2/repository/io/netty/netty-resolver/4.1.30.Final/netty-resolver-4.1.30.Final.jar:/home/user/.m2/repository/io/netty/netty-transport-native-unix-common/4.1.30.Final/netty-transport-native-unix-common-4.1.30.Final.jar:/home/user/.m2/repository/io/grpc/grpc-protobuf/1.17.1/grpc-protobuf-1.17.1.jar:/home/user/.m2/repository/com/google/api/grpc/proto-google-common-protos/1.0.0/proto-google-common-protos-1.0.0.jar:/home/user/.m2/repository/io/grpc/grpc-protobuf-lite/1.17.1/grpc-protobuf-lite-1.17.1.jar:/home/user/.m2/repository/io/grpc/grpc-stub/1.17.1/grpc-stub-1.17.1.jar:/home/user/.m2/repository/org/apache/hadoop/hadoop-ozone-recon/0.5.0-SNAPSHOT/hadoop-ozone-recon-0.5.0-SNAPSHOT.jar:/home/user/.m2/repository/org/apache/hadoop/hadoop-ozone-reconcodegen/0.5.0-SNAPSHOT/hadoop-ozone-reconcodegen-0.5.0-SNAPSHOT.jar:/home/user/.m2/repository/com/google/inject/extensions/guice-multibindings/4.0/guice-multibindings-4.0.jar:/home/user/.m2/repository/com/google/inject/guice/4.0/guice-4.0.jar:/home/user/.m2/repository/aopalliance/aopalliance/1.0/aopalliance-1.0.jar:/home/user/.m2/repository/com/google/inject/extensions/guice-servlet/4.0/guice-servlet-4.0.jar:/home/user/.m2/repository/org/glassfish/jersey/containers/jersey-container-servlet/2.27/jersey-container-servlet-2.27.jar:/home/user/.m2/repository/org/glassfish/hk2/guice-bridge/2.5.0/guice-bridge-2.5.0.jar:/home/user/.m2/repository/org/glassfish/jersey/core/jersey-server/2.27/jersey-server-2.27.jar:/home/user/.m2/repository/org/glassfish/jersey/core/jersey-client/2.27/jersey-client-2.27.jar:/home/user/.m2/repository/org/glassfish/jersey/media/jersey-media-jaxb/2.27/jersey-media-jaxb-2.27.jar:/home/user/.m2/repository/javax/validation/validation-api/1.1.0.Final/validation-api-1.1.0.Final.jar:/home/user/.m2/repository/org/glassfish/jersey/media/jersey-media-json-jackson/2.27/jersey-media-json-jackson-2.27.jar:/home/user/.m2/repository/org/glassfish/jersey/ext/jersey-entity-filtering/2.27/jersey-entity-filtering-2.27.jar:/home/user/.m2/repository/com/google/inject/extensions/guice-assistedinject/4.0/guice-assistedinject-4.0.jar:/home/user/.m2/repository/org/jooq/jooq/3.11.10/jooq-3.11.10.jar:/home/user/.m2/repository/org/jooq/jooq-meta/3.11.10/jooq-meta-3.11.10.jar:/home/user/.m2/repository/org/jooq/jooq-codegen/3.11.10/jooq-codegen-3.11.10.jar:/home/user/.m2/repository/com/jolbox/bonecp/0.8.0.RELEASE/bonecp-0.8.0.RELEASE.jar:/home/user/.m2/repository/org/springframework/spring-jdbc/5.1.3.RELEASE/spring-jdbc-5.1.3.RELEASE.jar:/home/user/.m2/repository/org/springframework/spring-beans/5.1.3.RELEASE/spring-beans-5.1.3.RELEASE.jar:/home/user/.m2/repository/org/springframework/spring-core/5.1.3.RELEASE/spring-core-5.1.3.RELEASE.jar:/home/user/.m2/repository/org/springframework/spring-jcl/5.1.3.RELEASE/spring-jcl-5.1.3.RELEASE.jar:/home/user/.m2/repository/org/springframework/spring-tx/5.1.3.RELEASE/spring-tx-5.1.3.RELEASE.jar:/home/user/.m2/repository/org/mockito/mockito-core/2.15.0/mockito-core-2.15.0.jar:/home/user/.m2/repository/net/bytebuddy/byte-buddy/1.7.9/byte-buddy-1.7.9.jar:/home/user/.m2/repository/net/bytebuddy/byte-buddy-agent/1.7.9/byte-buddy-agent-1.7.9.jar:/home/user/.m2/repository/org/objenesis/objenesis/1.0/objenesis-1.0.jar:"/>
    <property name="sun.cpu.endian" value="little"/>
    <property name="user.home" value="/home/user"/>
    <property name="user.language" value="en"/>
    <property name="java.specification.vendor" value="Oracle Corporation"/>
    <property name="java.home" value="/usr/lib/jvm/java-1.8.0-openjdk-1.8.0.222.b10-1.el7_7.x86_64/jre"/>
    <property name="surefire.excludesFile" value="/tools/ozone-bad-unit-tests"/>
    <property name="java.security.krb5.conf" value="/workdir/hadoop-ozone/tools/target/test-classes/krb5.conf"/>
    <property name="basedir" value="/workdir/hadoop-ozone/tools"/>
    <property name="file.separator" value="/"/>
    <property name="line.separator" value="&#10;"/>
    <property name="java.vm.specification.vendor" value="Oracle Corporation"/>
    <property name="java.specification.name" value="Java Platform API Specification"/>
    <property name="java.awt.graphicsenv" value="sun.awt.X11GraphicsEnvironment"/>
    <property name="surefire.real.class.path" value="/workdir/hadoop-ozone/tools/target/surefire/surefirebooter6133616123642381805.jar"/>
    <property name="hadoop.log.dir" value="/workdir/hadoop-ozone/tools/target/log"/>
    <property name="sun.boot.class.path" value="/usr/lib/jvm/java-1.8.0-openjdk-1.8.0.222.b10-1.el7_7.x86_64/jre/lib/resources.jar:/usr/lib/jvm/java-1.8.0-openjdk-1.8.0.222.b10-1.el7_7.x86_64/jre/lib/rt.jar:/usr/lib/jvm/java-1.8.0-openjdk-1.8.0.222.b10-1.el7_7.x86_64/jre/lib/sunrsasign.jar:/usr/lib/jvm/java-1.8.0-openjdk-1.8.0.222.b10-1.el7_7.x86_64/jre/lib/jsse.jar:/usr/lib/jvm/java-1.8.0-openjdk-1.8.0.222.b10-1.el7_7.x86_64/jre/lib/jce.jar:/usr/lib/jvm/java-1.8.0-openjdk-1.8.0.222.b10-1.el7_7.x86_64/jre/lib/charsets.jar:/usr/lib/jvm/java-1.8.0-openjdk-1.8.0.222.b10-1.el7_7.x86_64/jre/lib/jfr.jar:/usr/lib/jvm/java-1.8.0-openjdk-1.8.0.222.b10-1.el7_7.x86_64/jre/classes"/>
    <property name="sun.management.compiler" value="HotSpot 64-Bit Tiered Compilers"/>
    <property name="java.runtime.version" value="1.8.0_222-b10"/>
    <property name="java.net.preferIPv4Stack" value="true"/>
    <property name="user.name" value="jenkins1000"/>
    <property name="path.separator" value=":"/>
    <property name="java.security.egd" value="file:///dev/urandom"/>
    <property name="os.version" value="3.10.0-957.12.2.el7.x86_64"/>
    <property name="java.endorsed.dirs" value="/usr/lib/jvm/java-1.8.0-openjdk-1.8.0.222.b10-1.el7_7.x86_64/jre/lib/endorsed"/>
    <property name="java.runtime.name" value="OpenJDK Runtime Environment"/>
    <property name="file.encoding" value="ANSI_X3.4-1968"/>
    <property name="java.vm.name" value="OpenJDK 64-Bit Server VM"/>
    <property name="test.build.webapps" value=""/>
    <property name="localRepository" value="/home/user/.m2/repository"/>
    <property name="java.vendor.url.bug" value="http://bugreport.sun.com/bugreport/"/>
    <property name="java.io.tmpdir" value="/tmp"/>
    <property name="require.test.libhadoop" value=""/>
    <property name="java.version" value="1.8.0_222"/>
    <property name="user.dir" value="/workdir/hadoop-ozone/tools"/>
    <property name="os.arch" value="amd64"/>
    <property name="java.vm.specification.name" value="Java Virtual Machine Specification"/>
    <property name="test.build.classes" value="/workdir/hadoop-ozone/tools/target/test-classes"/>
    <property name="java.awt.printerjob" value="sun.print.PSPrinterJob"/>
    <property name="sun.os.patch.level" value="unknown"/>
    <property name="hadoop.tmp.dir" value="/workdir/hadoop-ozone/tools/target/tmp"/>
    <property name="java.library.path" value="/usr/lib:/workdir/hadoop-ozone/tools/target/native/target/usr/local/lib:/workdir/hadoop-ozone/tools/../../hadoop-common-project/hadoop-common/target/native/target/usr/local/lib:/usr/java/packages/lib/amd64:/usr/lib64:/lib64:/lib:/usr/lib"/>
    <property name="java.vm.info" value="mixed mode"/>
    <property name="java.vendor" value="Oracle Corporation"/>
    <property name="java.vm.version" value="25.222-b10"/>
    <property name="java.ext.dirs" value="/usr/lib/jvm/java-1.8.0-openjdk-1.8.0.222.b10-1.el7_7.x86_64/jre/lib/ext:/usr/java/packages/lib/ext"/>
    <property name="sun.io.unicode.encoding" value="UnicodeLittle"/>
    <property name="java.class.version" value="52.0"/>
  </properties>
  <testcase name="ratisTestLargeKey" classname="org.apache.hadoop.ozone.freon.TestDataValidateWithUnsafeByteOperations" time="20.869">
    <error message="Allocated 4 blocks. Requested 5 blocks" type="INTERNAL_ERROR org.apache.hadoop.ozone.om.exceptions.OMException">INTERNAL_ERROR org.apache.hadoop.ozone.om.exceptions.OMException: Allocated 4 blocks. Requested 5 blocks
	at org.apache.hadoop.ozone.om.protocolPB.OzoneManagerProtocolClientSideTranslatorPB.handleError(OzoneManagerProtocolClientSideTranslatorPB.java:732)
	at org.apache.hadoop.ozone.om.protocolPB.OzoneManagerProtocolClientSideTranslatorPB.openKey(OzoneManagerProtocolClientSideTranslatorPB.java:723)
	at sun.reflect.NativeMethodAccessorImpl.invoke0(Native Method)
	at sun.reflect.NativeMethodAccessorImpl.invoke(NativeMethodAccessorImpl.java:62)
	at sun.reflect.DelegatingMethodAccessorImpl.invoke(DelegatingMethodAccessorImpl.java:43)
	at java.lang.reflect.Method.invoke(Method.java:498)
	at org.apache.hadoop.hdds.tracing.TraceAllMethod.invoke(TraceAllMethod.java:66)
	at com.sun.proxy.$Proxy37.openKey(Unknown Source)
	at org.apache.hadoop.ozone.client.rpc.RpcClient.createKey(RpcClient.java:614)
	at org.apache.hadoop.ozone.client.OzoneBucket.createKey(OzoneBucket.java:325)
	at org.apache.hadoop.ozone.freon.RandomKeyGenerator.createKey(RandomKeyGenerator.java:695)
	at org.apache.hadoop.ozone.freon.RandomKeyGenerator.access$1100(RandomKeyGenerator.java:88)
	at org.apache.hadoop.ozone.freon.RandomKeyGenerator$ObjectCreator.run(RandomKeyGenerator.java:615)
	at java.util.concurrent.Executors$RunnableAdapter.call(Executors.java:511)
	at java.util.concurrent.FutureTask.run(FutureTask.java:266)
	at java.util.concurrent.ThreadPoolExecutor.runWorker(ThreadPoolExecutor.java:1149)
	at java.util.concurrent.ThreadPoolExecutor$Worker.run(ThreadPoolExecutor.java:624)
	at java.lang.Thread.run(Thread.java:748)
</error>
    <system-out><![CDATA[2019-10-20 06:19:16,888 [main] WARN  server.ServerUtils (ServerUtils.java:getScmDbDir(145)) - ozone.scm.db.dirs is not configured. We recommend adding this setting. Falling back to ozone.metadata.dirs instead.
2019-10-20 06:19:17,021 [main] WARN  server.ServerUtils (ServerUtils.java:getScmDbDir(145)) - ozone.scm.db.dirs is not configured. We recommend adding this setting. Falling back to ozone.metadata.dirs instead.
2019-10-20 06:19:17,025 [main] WARN  server.ServerUtils (ServerUtils.java:getScmDbDir(145)) - ozone.scm.db.dirs is not configured. We recommend adding this setting. Falling back to ozone.metadata.dirs instead.
2019-10-20 06:19:17,057 [main] INFO  util.log (Log.java:initialized(192)) - Logging initialized @799ms
2019-10-20 06:19:17,179 [main] INFO  db.DBStoreBuilder (DBStoreBuilder.java:addTable(117)) - using custom profile for table: deletedBlocks
2019-10-20 06:19:17,179 [main] INFO  db.DBStoreBuilder (DBStoreBuilder.java:processTables(168)) - Using default column profile:DBProfile.DISK for Table:deletedBlocks
2019-10-20 06:19:17,180 [main] INFO  db.DBStoreBuilder (DBStoreBuilder.java:addTable(117)) - using custom profile for table: validCerts
2019-10-20 06:19:17,180 [main] INFO  db.DBStoreBuilder (DBStoreBuilder.java:processTables(168)) - Using default column profile:DBProfile.DISK for Table:validCerts
2019-10-20 06:19:17,180 [main] INFO  db.DBStoreBuilder (DBStoreBuilder.java:addTable(117)) - using custom profile for table: revokedCerts
2019-10-20 06:19:17,181 [main] INFO  db.DBStoreBuilder (DBStoreBuilder.java:processTables(168)) - Using default column profile:DBProfile.DISK for Table:revokedCerts
2019-10-20 06:19:17,192 [main] INFO  db.DBStoreBuilder (DBStoreBuilder.java:addTable(117)) - using custom profile for table: default
2019-10-20 06:19:17,192 [main] INFO  db.DBStoreBuilder (DBStoreBuilder.java:processTables(174)) - Using default column profile:DBProfile.DISK for Table:default
2019-10-20 06:19:17,194 [main] INFO  db.DBStoreBuilder (DBStoreBuilder.java:getDbProfile(205)) - Using default options. DBProfile.DISK
2019-10-20 06:19:17,573 [main] INFO  net.NodeSchemaLoader (NodeSchemaLoader.java:loadSchemaFromFile(125)) - Loading file from sun.misc.CompoundEnumeration@3754a4bf
2019-10-20 06:19:17,575 [main] INFO  net.NodeSchemaLoader (NodeSchemaLoader.java:loadSchema(171)) - Loading network topology layer schema file
2019-10-20 06:19:17,657 [main] WARN  server.ServerUtils (ServerUtils.java:sanitizeUserArgs(70)) - ozone.scm.stale.node.interval value = 300000 is larger than max = 100000 based on the key value of ozone.scm.heartbeat.thread.interval, reset to the max value 100000.
2019-10-20 06:19:17,659 [main] WARN  server.ServerUtils (ServerUtils.java:sanitizeUserArgs(70)) - ozone.scm.stale.node.interval value = 300000 is larger than max = 100000 based on the key value of ozone.scm.heartbeat.thread.interval, reset to the max value 100000.
2019-10-20 06:19:17,662 [main] INFO  node.SCMNodeManager (SCMNodeManager.java:<init>(116)) - Entering startup safe mode.
2019-10-20 06:19:17,725 [main] INFO  algorithms.ContainerPlacementPolicyFactory (ContainerPlacementPolicyFactory.java:getPolicy(57)) - Create container placement policy of type org.apache.hadoop.hdds.scm.container.placement.algorithms.SCMContainerPlacementRandom
2019-10-20 06:19:17,739 [main] WARN  server.ServerUtils (ServerUtils.java:getScmDbDir(145)) - ozone.scm.db.dirs is not configured. We recommend adding this setting. Falling back to ozone.metadata.dirs instead.
2019-10-20 06:19:18,020 [main] INFO  pipeline.SCMPipelineManager (SCMPipelineManager.java:initializePipelineState(132)) - No pipeline exists in current db
2019-10-20 06:19:18,024 [main] WARN  server.ServerUtils (ServerUtils.java:getScmDbDir(145)) - ozone.scm.db.dirs is not configured. We recommend adding this setting. Falling back to ozone.metadata.dirs instead.
2019-10-20 06:19:23,202 [main] WARN  events.EventQueue (EventQueue.java:fireEvent(183)) - No event handler registered for event TypedEvent{payloadType=SafeModeStatus, name='SafeModeStatus'}
2019-10-20 06:19:23,645 [main] INFO  ipc.CallQueueManager (CallQueueManager.java:<init>(84)) - Using callQueue: class java.util.concurrent.LinkedBlockingQueue, queueCapacity: 2000, scheduler: class org.apache.hadoop.ipc.DefaultRpcScheduler, ipcBackoff: false.
2019-10-20 06:19:23,675 [Socket Reader #1 for port 42634] INFO  ipc.Server (Server.java:run(1074)) - Starting Socket Reader #1 for port 42634
2019-10-20 06:19:23,821 [main] INFO  ipc.CallQueueManager (CallQueueManager.java:<init>(84)) - Using callQueue: class java.util.concurrent.LinkedBlockingQueue, queueCapacity: 2000, scheduler: class org.apache.hadoop.ipc.DefaultRpcScheduler, ipcBackoff: false.
2019-10-20 06:19:23,822 [Socket Reader #1 for port 42449] INFO  ipc.Server (Server.java:run(1074)) - Starting Socket Reader #1 for port 42449
2019-10-20 06:19:23,833 [main] INFO  ipc.CallQueueManager (CallQueueManager.java:<init>(84)) - Using callQueue: class java.util.concurrent.LinkedBlockingQueue, queueCapacity: 2000, scheduler: class org.apache.hadoop.ipc.DefaultRpcScheduler, ipcBackoff: false.
2019-10-20 06:19:23,834 [Socket Reader #1 for port 42502] INFO  ipc.Server (Server.java:run(1074)) - Starting Socket Reader #1 for port 42502
2019-10-20 06:19:23,862 [main] INFO  hdfs.DFSUtil (DFSUtil.java:httpServerTemplateForNNAndJN(1641)) - Starting Web-server for scm at: http://0.0.0.0:0
2019-10-20 06:19:24,005 [main] INFO  server.AuthenticationFilter (AuthenticationFilter.java:constructSecretProvider(240)) - Unable to initialize FileSignerSecretProvider, falling back to use random secrets.
2019-10-20 06:19:24,021 [main] WARN  http.HttpRequestLog (HttpRequestLog.java:getRequestLog(97)) - Jetty request log can only be enabled using Log4j
2019-10-20 06:19:24,031 [main] INFO  http.HttpServer2 (HttpServer2.java:addGlobalFilter(975)) - Added global filter 'safety' (class=org.apache.hadoop.http.HttpServer2$QuotingInputFilter)
2019-10-20 06:19:24,034 [main] INFO  http.HttpServer2 (HttpServer2.java:addFilter(948)) - Added filter static_user_filter (class=org.apache.hadoop.http.lib.StaticUserWebFilter$StaticUserFilter) to context scm
2019-10-20 06:19:24,034 [main] INFO  http.HttpServer2 (HttpServer2.java:addFilter(958)) - Added filter static_user_filter (class=org.apache.hadoop.http.lib.StaticUserWebFilter$StaticUserFilter) to context logs
2019-10-20 06:19:24,034 [main] INFO  http.HttpServer2 (HttpServer2.java:addFilter(958)) - Added filter static_user_filter (class=org.apache.hadoop.http.lib.StaticUserWebFilter$StaticUserFilter) to context static
2019-10-20 06:19:24,061 [main] INFO  server.StorageContainerManager (StorageContainerManager.java:start(772)) - StorageContainerLocationProtocol RPC server is listening at /0.0.0.0:42502
2019-10-20 06:19:24,123 [main] WARN  impl.MetricsConfig (MetricsConfig.java:loadFirst(134)) - Cannot locate configuration: tried hadoop-metrics2-storagecontainermanager.properties,hadoop-metrics2.properties
2019-10-20 06:19:24,144 [main] INFO  impl.MetricsSystemImpl (MetricsSystemImpl.java:startTimer(374)) - Scheduled Metric snapshot period at 10 second(s).
2019-10-20 06:19:24,144 [main] INFO  impl.MetricsSystemImpl (MetricsSystemImpl.java:start(191)) - StorageContainerManager metrics system started
2019-10-20 06:19:24,389 [main] INFO  server.SCMClientProtocolServer (SCMClientProtocolServer.java:start(159)) - RPC server for Client  is listening at /0.0.0.0:42502
2019-10-20 06:19:24,390 [IPC Server Responder] INFO  ipc.Server (Server.java:run(1314)) - IPC Server Responder: starting
2019-10-20 06:19:24,390 [IPC Server listener on 42502] INFO  ipc.Server (Server.java:run(1153)) - IPC Server listener on 42502: starting
2019-10-20 06:19:24,393 [main] INFO  server.StorageContainerManager (StorageContainerManager.java:start(782)) - ScmBlockLocationProtocol RPC server is listening at /0.0.0.0:42449
2019-10-20 06:19:24,394 [main] INFO  server.SCMBlockProtocolServer (SCMBlockProtocolServer.java:start(146)) - RPC server for Block Protocol is listening at /0.0.0.0:42449
2019-10-20 06:19:24,394 [IPC Server Responder] INFO  ipc.Server (Server.java:run(1314)) - IPC Server Responder: starting
2019-10-20 06:19:24,394 [IPC Server listener on 42449] INFO  ipc.Server (Server.java:run(1153)) - IPC Server listener on 42449: starting
2019-10-20 06:19:24,398 [main] INFO  server.StorageContainerManager (StorageContainerManager.java:start(786)) - ScmDatanodeProtocl RPC server is listening at /0.0.0.0:42634
2019-10-20 06:19:24,398 [main] INFO  server.SCMDatanodeProtocolServer (SCMDatanodeProtocolServer.java:start(169)) - RPC server for DataNodes is listening at /0.0.0.0:42634
2019-10-20 06:19:24,399 [IPC Server Responder] INFO  ipc.Server (Server.java:run(1314)) - IPC Server Responder: starting
2019-10-20 06:19:24,399 [IPC Server listener on 42634] INFO  ipc.Server (Server.java:run(1153)) - IPC Server listener on 42634: starting
2019-10-20 06:19:24,404 [main] INFO  http.HttpServer2 (HttpServer2.java:bindListener(1191)) - Jetty bound to port 33504
2019-10-20 06:19:24,405 [main] INFO  server.Server (Server.java:doStart(351)) - jetty-9.3.25.v20180904, build timestamp: 2018-09-04T21:11:46Z, git hash: 3ce520221d0240229c862b122d2b06c12a625732
2019-10-20 06:19:24,438 [main] INFO  handler.ContextHandler (ContextHandler.java:doStart(781)) - Started o.e.j.s.ServletContextHandler@2d36e77e{/logs,file:///workdir/hadoop-ozone/tools/target/log,AVAILABLE}
2019-10-20 06:19:24,439 [main] INFO  handler.ContextHandler (ContextHandler.java:doStart(781)) - Started o.e.j.s.ServletContextHandler@2c7b5824{/static,jar:file:/home/user/.m2/repository/org/apache/hadoop/hadoop-hdds-server-scm/0.5.0-SNAPSHOT/hadoop-hdds-server-scm-0.5.0-SNAPSHOT.jar!/webapps/static,AVAILABLE}
2019-10-20 06:19:24,510 [main] INFO  handler.ContextHandler (ContextHandler.java:doStart(781)) - Started o.e.j.w.WebAppContext@452e26d0{/,file:///tmp/jetty-0.0.0.0-33504-scm-_-any-1794867093519815140.dir/webapp/,AVAILABLE}{/scm}
2019-10-20 06:19:24,515 [main] INFO  server.AbstractConnector (AbstractConnector.java:doStart(278)) - Started ServerConnector@4263b080{HTTP/1.1,[http/1.1]}{0.0.0.0:33504}
2019-10-20 06:19:24,516 [main] INFO  server.Server (Server.java:doStart(419)) - Started @8257ms
2019-10-20 06:19:24,518 [main] INFO  impl.MetricsSinkAdapter (MetricsSinkAdapter.java:start(204)) - Sink prometheus started
2019-10-20 06:19:24,518 [main] INFO  impl.MetricsSystemImpl (MetricsSystemImpl.java:registerSink(301)) - Registered sink prometheus
2019-10-20 06:19:24,521 [main] INFO  server.BaseHttpServer (BaseHttpServer.java:updateConnectorAddress(215)) - HTTP server of SCM is listening at http://0.0.0.0:33504
2019-10-20 06:19:24,531 [org.apache.hadoop.util.JvmPauseMonitor$Monitor@21ca139c] INFO  util.JvmPauseMonitor (JvmPauseMonitor.java:run(188)) - Starting JVM pause monitor
2019-10-20 06:19:24,538 [main] WARN  server.ServerUtils (ServerUtils.java:getDBPath(222)) - ozone.om.db.dirs is not configured. We recommend adding this setting. Falling back to ozone.metadata.dirs instead.
2019-10-20 06:19:24,708 [main] INFO  ha.OMHANodeDetails (OMHANodeDetails.java:loadOMHAConfig(190)) - Configuration either no ozone.om.address set. Falling back to the default OM address /127.0.0.1:0
2019-10-20 06:19:24,708 [main] INFO  ha.OMHANodeDetails (OMHANodeDetails.java:getOMNodeDetails(220)) - OM Service ID is not set. Setting it to the default ID: omServiceIdDefault
2019-10-20 06:19:24,710 [main] WARN  server.ServerUtils (ServerUtils.java:getDBPath(222)) - ozone.om.db.dirs is not configured. We recommend adding this setting. Falling back to ozone.metadata.dirs instead.
2019-10-20 06:19:24,711 [main] WARN  server.ServerUtils (ServerUtils.java:getDBPath(222)) - ozone.om.db.dirs is not configured. We recommend adding this setting. Falling back to ozone.metadata.dirs instead.
2019-10-20 06:19:25,348 [main] WARN  server.ServerUtils (ServerUtils.java:getDBPath(222)) - ozone.om.db.dirs is not configured. We recommend adding this setting. Falling back to ozone.metadata.dirs instead.
2019-10-20 06:19:25,357 [main] INFO  db.DBStoreBuilder (DBStoreBuilder.java:addTable(117)) - using custom profile for table: userTable
2019-10-20 06:19:25,357 [main] INFO  db.DBStoreBuilder (DBStoreBuilder.java:processTables(168)) - Using default column profile:DBProfile.DISK for Table:userTable
2019-10-20 06:19:25,357 [main] INFO  db.DBStoreBuilder (DBStoreBuilder.java:addTable(117)) - using custom profile for table: volumeTable
2019-10-20 06:19:25,357 [main] INFO  db.DBStoreBuilder (DBStoreBuilder.java:processTables(168)) - Using default column profile:DBProfile.DISK for Table:volumeTable
2019-10-20 06:19:25,358 [main] INFO  db.DBStoreBuilder (DBStoreBuilder.java:addTable(117)) - using custom profile for table: bucketTable
2019-10-20 06:19:25,358 [main] INFO  db.DBStoreBuilder (DBStoreBuilder.java:processTables(168)) - Using default column profile:DBProfile.DISK for Table:bucketTable
2019-10-20 06:19:25,358 [main] INFO  db.DBStoreBuilder (DBStoreBuilder.java:addTable(117)) - using custom profile for table: keyTable
2019-10-20 06:19:25,358 [main] INFO  db.DBStoreBuilder (DBStoreBuilder.java:processTables(168)) - Using default column profile:DBProfile.DISK for Table:keyTable
2019-10-20 06:19:25,359 [main] INFO  db.DBStoreBuilder (DBStoreBuilder.java:addTable(117)) - using custom profile for table: deletedTable
2019-10-20 06:19:25,359 [main] INFO  db.DBStoreBuilder (DBStoreBuilder.java:processTables(168)) - Using default column profile:DBProfile.DISK for Table:deletedTable
2019-10-20 06:19:25,359 [main] INFO  db.DBStoreBuilder (DBStoreBuilder.java:addTable(117)) - using custom profile for table: openKeyTable
2019-10-20 06:19:25,359 [main] INFO  db.DBStoreBuilder (DBStoreBuilder.java:processTables(168)) - Using default column profile:DBProfile.DISK for Table:openKeyTable
2019-10-20 06:19:25,360 [main] INFO  db.DBStoreBuilder (DBStoreBuilder.java:addTable(117)) - using custom profile for table: s3Table
2019-10-20 06:19:25,360 [main] INFO  db.DBStoreBuilder (DBStoreBuilder.java:processTables(168)) - Using default column profile:DBProfile.DISK for Table:s3Table
2019-10-20 06:19:25,360 [main] INFO  db.DBStoreBuilder (DBStoreBuilder.java:addTable(117)) - using custom profile for table: multipartInfoTable
2019-10-20 06:19:25,360 [main] INFO  db.DBStoreBuilder (DBStoreBuilder.java:processTables(168)) - Using default column profile:DBProfile.DISK for Table:multipartInfoTable
2019-10-20 06:19:25,361 [main] INFO  db.DBStoreBuilder (DBStoreBuilder.java:addTable(117)) - using custom profile for table: dTokenTable
2019-10-20 06:19:25,361 [main] INFO  db.DBStoreBuilder (DBStoreBuilder.java:processTables(168)) - Using default column profile:DBProfile.DISK for Table:dTokenTable
2019-10-20 06:19:25,361 [main] INFO  db.DBStoreBuilder (DBStoreBuilder.java:addTable(117)) - using custom profile for table: s3SecretTable
2019-10-20 06:19:25,361 [main] INFO  db.DBStoreBuilder (DBStoreBuilder.java:processTables(168)) - Using default column profile:DBProfile.DISK for Table:s3SecretTable
2019-10-20 06:19:25,361 [main] INFO  db.DBStoreBuilder (DBStoreBuilder.java:addTable(117)) - using custom profile for table: prefixTable
2019-10-20 06:19:25,362 [main] INFO  db.DBStoreBuilder (DBStoreBuilder.java:processTables(168)) - Using default column profile:DBProfile.DISK for Table:prefixTable
2019-10-20 06:19:25,362 [main] INFO  db.DBStoreBuilder (DBStoreBuilder.java:addTable(117)) - using custom profile for table: default
2019-10-20 06:19:25,362 [main] INFO  db.DBStoreBuilder (DBStoreBuilder.java:processTables(174)) - Using default column profile:DBProfile.DISK for Table:default
2019-10-20 06:19:25,362 [main] INFO  db.DBStoreBuilder (DBStoreBuilder.java:getDbProfile(205)) - Using default options. DBProfile.DISK
2019-10-20 06:19:26,267 [main] INFO  ipc.CallQueueManager (CallQueueManager.java:<init>(84)) - Using callQueue: class java.util.concurrent.LinkedBlockingQueue, queueCapacity: 2000, scheduler: class org.apache.hadoop.ipc.DefaultRpcScheduler, ipcBackoff: false.
2019-10-20 06:19:26,268 [Socket Reader #1 for port 44156] INFO  ipc.Server (Server.java:run(1074)) - Starting Socket Reader #1 for port 44156
2019-10-20 06:19:26,292 [main] INFO  om.OzoneManager (OzoneManager.java:start(1074)) - OzoneManager RPC server is listening at localhost/127.0.0.1:44156
2019-10-20 06:19:26,292 [main] INFO  impl.MetricsSystemImpl (MetricsSystemImpl.java:init(158)) - OzoneManager metrics system started (again)
2019-10-20 06:19:26,302 [IPC Server Responder] INFO  ipc.Server (Server.java:run(1314)) - IPC Server Responder: starting
2019-10-20 06:19:26,302 [IPC Server listener on 44156] INFO  ipc.Server (Server.java:run(1153)) - IPC Server listener on 44156: starting
2019-10-20 06:19:26,309 [main] INFO  hdfs.DFSUtil (DFSUtil.java:httpServerTemplateForNNAndJN(1641)) - Starting Web-server for ozoneManager at: http://0.0.0.0:0
2019-10-20 06:19:26,311 [main] INFO  server.AuthenticationFilter (AuthenticationFilter.java:constructSecretProvider(240)) - Unable to initialize FileSignerSecretProvider, falling back to use random secrets.
2019-10-20 06:19:26,311 [main] WARN  http.HttpRequestLog (HttpRequestLog.java:getRequestLog(97)) - Jetty request log can only be enabled using Log4j
2019-10-20 06:19:26,313 [main] INFO  http.HttpServer2 (HttpServer2.java:addGlobalFilter(975)) - Added global filter 'safety' (class=org.apache.hadoop.http.HttpServer2$QuotingInputFilter)
2019-10-20 06:19:26,314 [main] INFO  http.HttpServer2 (HttpServer2.java:addFilter(948)) - Added filter static_user_filter (class=org.apache.hadoop.http.lib.StaticUserWebFilter$StaticUserFilter) to context ozoneManager
2019-10-20 06:19:26,314 [main] INFO  http.HttpServer2 (HttpServer2.java:addFilter(958)) - Added filter static_user_filter (class=org.apache.hadoop.http.lib.StaticUserWebFilter$StaticUserFilter) to context static
2019-10-20 06:19:26,315 [main] INFO  http.HttpServer2 (HttpServer2.java:addFilter(958)) - Added filter static_user_filter (class=org.apache.hadoop.http.lib.StaticUserWebFilter$StaticUserFilter) to context logs
2019-10-20 06:19:26,317 [main] INFO  http.HttpServer2 (HttpServer2.java:bindListener(1191)) - Jetty bound to port 46287
2019-10-20 06:19:26,317 [main] INFO  server.Server (Server.java:doStart(351)) - jetty-9.3.25.v20180904, build timestamp: 2018-09-04T21:11:46Z, git hash: 3ce520221d0240229c862b122d2b06c12a625732
2019-10-20 06:19:26,320 [main] INFO  handler.ContextHandler (ContextHandler.java:doStart(781)) - Started o.e.j.s.ServletContextHandler@4443ef6f{/logs,file:///workdir/hadoop-ozone/tools/target/log,AVAILABLE}
2019-10-20 06:19:26,321 [main] INFO  handler.ContextHandler (ContextHandler.java:doStart(781)) - Started o.e.j.s.ServletContextHandler@51751e5f{/static,jar:file:/home/user/.m2/repository/org/apache/hadoop/hadoop-ozone-ozone-manager/0.5.0-SNAPSHOT/hadoop-ozone-ozone-manager-0.5.0-SNAPSHOT.jar!/webapps/static,AVAILABLE}
2019-10-20 06:19:26,377 [main] INFO  handler.ContextHandler (ContextHandler.java:doStart(781)) - Started o.e.j.w.WebAppContext@4a29f290{/,file:///tmp/jetty-0.0.0.0-46287-ozoneManager-_-any-3821923212623863060.dir/webapp/,AVAILABLE}{/ozoneManager}
2019-10-20 06:19:26,378 [main] INFO  server.AbstractConnector (AbstractConnector.java:doStart(278)) - Started ServerConnector@4bee18dc{HTTP/1.1,[http/1.1]}{0.0.0.0:46287}
2019-10-20 06:19:26,379 [main] INFO  server.Server (Server.java:doStart(419)) - Started @10120ms
2019-10-20 06:19:26,379 [main] WARN  impl.MetricsSystemImpl (MetricsSystemImpl.java:register(276)) - Sink prometheus already exists!
2019-10-20 06:19:26,380 [main] INFO  server.BaseHttpServer (BaseHttpServer.java:updateConnectorAddress(215)) - HTTP server of OZONEMANAGER is listening at http://0.0.0.0:46287
2019-10-20 06:19:26,689 [main] INFO  impl.MetricsSystemImpl (MetricsSystemImpl.java:init(158)) - HddsDatanode metrics system started (again)
2019-10-20 06:19:26,739 [main] INFO  ozone.HddsDatanodeService (HddsDatanodeService.java:start(184)) - HddsDatanodeService host:trunk-nightly-20191020-r5wzl-4145440258 ip:192.168.164.239
2019-10-20 06:19:26,773 [main] INFO  volume.HddsVolume (HddsVolume.java:<init>(176)) - Creating Volume: /workdir/hadoop-ozone/tools/target/test-dir/MiniOzoneClusterImpl-58b3a14b-8347-4dab-aab6-d610c62ac67a/datanode-0/data/containers/hdds of  storage type : DISK and capacity : 1482555576320
2019-10-20 06:19:26,775 [main] INFO  volume.VolumeSet (VolumeSet.java:initializeVolumeSet(170)) - Added Volume : /workdir/hadoop-ozone/tools/target/test-dir/MiniOzoneClusterImpl-58b3a14b-8347-4dab-aab6-d610c62ac67a/datanode-0/data/containers/hdds to VolumeSet
2019-10-20 06:19:26,778 [main] INFO  volume.ThrottledAsyncChecker (ThrottledAsyncChecker.java:schedule(141)) - Scheduling a check for /workdir/hadoop-ozone/tools/target/test-dir/MiniOzoneClusterImpl-58b3a14b-8347-4dab-aab6-d610c62ac67a/datanode-0/data/containers/hdds
2019-10-20 06:19:26,795 [main] INFO  volume.HddsVolumeChecker (HddsVolumeChecker.java:checkAllVolumes(204)) - Scheduled health check for volume /workdir/hadoop-ozone/tools/target/test-dir/MiniOzoneClusterImpl-58b3a14b-8347-4dab-aab6-d610c62ac67a/datanode-0/data/containers/hdds
2019-10-20 06:19:26,903 [main] INFO  impl.RaftServerProxy (ConfUtils.java:logGet(43)) - raft.rpc.type = GRPC (default)
2019-10-20 06:19:26,972 [main] INFO  grpc.GrpcFactory (GrpcFactory.java:checkPooledByteBufAllocatorUseCacheForAllThreads(45)) - PERFORMANCE WARNING: useCacheForAllThreads is true that may cause Netty to create a lot garbage objects and, as a result, trigger GC.
	It is recommended to disable useCacheForAllThreads by setting -Dorg.apache.ratis.thirdparty.io.netty.allocator.useCacheForAllThreads=false in command line.
2019-10-20 06:19:26,978 [main] INFO  grpc.GrpcConfigKeys$Server (ConfUtils.java:logGet(43)) - raft.grpc.server.port = 0 (default)
2019-10-20 06:19:26,979 [main] INFO  server.GrpcService (ConfUtils.java:logGet(43)) - raft.grpc.message.size.max = 33570816 (custom)
2019-10-20 06:19:26,980 [main] INFO  server.RaftServerConfigKeys (ConfUtils.java:logGet(43)) - raft.server.log.appender.buffer.byte-limit = 33554432 (custom)
2019-10-20 06:19:26,981 [main] INFO  server.GrpcService (ConfUtils.java:logGet(43)) - raft.grpc.flow.control.window = 1MB (=1048576) (default)
2019-10-20 06:19:26,982 [main] INFO  server.RaftServerConfigKeys (ConfUtils.java:logGet(43)) - raft.server.rpc.request.timeout = 3000ms (default)
2019-10-20 06:19:27,146 [main] INFO  server.RaftServerConfigKeys (ConfUtils.java:logGet(43)) - raft.server.storage.dir = [/workdir/hadoop-ozone/tools/target/test-dir/MiniOzoneClusterImpl-58b3a14b-8347-4dab-aab6-d610c62ac67a/datanode-0/data/ratis] (custom)
2019-10-20 06:19:27,217 [main] INFO  hdfs.DFSUtil (DFSUtil.java:httpServerTemplateForNNAndJN(1641)) - Starting Web-server for hddsDatanode at: http://0.0.0.0:0
2019-10-20 06:19:27,219 [main] INFO  server.AuthenticationFilter (AuthenticationFilter.java:constructSecretProvider(240)) - Unable to initialize FileSignerSecretProvider, falling back to use random secrets.
2019-10-20 06:19:27,220 [main] WARN  http.HttpRequestLog (HttpRequestLog.java:getRequestLog(97)) - Jetty request log can only be enabled using Log4j
2019-10-20 06:19:27,222 [main] INFO  http.HttpServer2 (HttpServer2.java:addGlobalFilter(975)) - Added global filter 'safety' (class=org.apache.hadoop.http.HttpServer2$QuotingInputFilter)
2019-10-20 06:19:27,223 [main] INFO  http.HttpServer2 (HttpServer2.java:addFilter(948)) - Added filter static_user_filter (class=org.apache.hadoop.http.lib.StaticUserWebFilter$StaticUserFilter) to context hddsDatanode
2019-10-20 06:19:27,223 [main] INFO  http.HttpServer2 (HttpServer2.java:addFilter(958)) - Added filter static_user_filter (class=org.apache.hadoop.http.lib.StaticUserWebFilter$StaticUserFilter) to context static
2019-10-20 06:19:27,223 [main] INFO  http.HttpServer2 (HttpServer2.java:addFilter(958)) - Added filter static_user_filter (class=org.apache.hadoop.http.lib.StaticUserWebFilter$StaticUserFilter) to context logs
2019-10-20 06:19:27,224 [main] INFO  http.HttpServer2 (HttpServer2.java:bindListener(1191)) - Jetty bound to port 35179
2019-10-20 06:19:27,224 [main] INFO  server.Server (Server.java:doStart(351)) - jetty-9.3.25.v20180904, build timestamp: 2018-09-04T21:11:46Z, git hash: 3ce520221d0240229c862b122d2b06c12a625732
2019-10-20 06:19:27,228 [main] INFO  handler.ContextHandler (ContextHandler.java:doStart(781)) - Started o.e.j.s.ServletContextHandler@1deceb67{/logs,file:///workdir/hadoop-ozone/tools/target/log,AVAILABLE}
2019-10-20 06:19:27,229 [main] INFO  handler.ContextHandler (ContextHandler.java:doStart(781)) - Started o.e.j.s.ServletContextHandler@64984b0f{/static,jar:file:/home/user/.m2/repository/org/apache/hadoop/hadoop-hdds-container-service/0.5.0-SNAPSHOT/hadoop-hdds-container-service-0.5.0-SNAPSHOT.jar!/webapps/static,AVAILABLE}
2019-10-20 06:19:27,260 [main] INFO  handler.ContextHandler (ContextHandler.java:doStart(781)) - Started o.e.j.w.WebAppContext@1f7076bc{/,file:///tmp/jetty-0.0.0.0-35179-hddsDatanode-_-any-8984148263811362770.dir/webapp/,AVAILABLE}{/hddsDatanode}
2019-10-20 06:19:27,261 [main] INFO  server.AbstractConnector (AbstractConnector.java:doStart(278)) - Started ServerConnector@71904469{HTTP/1.1,[http/1.1]}{0.0.0.0:35179}
2019-10-20 06:19:27,262 [main] INFO  server.Server (Server.java:doStart(419)) - Started @11003ms
2019-10-20 06:19:27,262 [main] WARN  impl.MetricsSystemImpl (MetricsSystemImpl.java:register(276)) - Sink prometheus already exists!
2019-10-20 06:19:27,263 [main] INFO  server.BaseHttpServer (BaseHttpServer.java:updateConnectorAddress(215)) - HTTP server of HDDSDATANODE is listening at http://0.0.0.0:35179
2019-10-20 06:19:27,263 [main] INFO  impl.MetricsSystemImpl (MetricsSystemImpl.java:init(158)) - HddsDatanode metrics system started (again)
2019-10-20 06:19:27,266 [main] INFO  ozone.HddsDatanodeService (HddsDatanodeService.java:start(184)) - HddsDatanodeService host:trunk-nightly-20191020-r5wzl-4145440258 ip:192.168.164.239
2019-10-20 06:19:27,268 [org.apache.hadoop.util.JvmPauseMonitor$Monitor@329bfb27] INFO  util.JvmPauseMonitor (JvmPauseMonitor.java:run(188)) - Starting JVM pause monitor
2019-10-20 06:19:27,274 [main] INFO  volume.HddsVolume (HddsVolume.java:<init>(176)) - Creating Volume: /workdir/hadoop-ozone/tools/target/test-dir/MiniOzoneClusterImpl-58b3a14b-8347-4dab-aab6-d610c62ac67a/datanode-1/data/containers/hdds of  storage type : DISK and capacity : 1482555576320
2019-10-20 06:19:27,275 [main] INFO  volume.VolumeSet (VolumeSet.java:initializeVolumeSet(170)) - Added Volume : /workdir/hadoop-ozone/tools/target/test-dir/MiniOzoneClusterImpl-58b3a14b-8347-4dab-aab6-d610c62ac67a/datanode-1/data/containers/hdds to VolumeSet
2019-10-20 06:19:27,275 [main] INFO  volume.ThrottledAsyncChecker (ThrottledAsyncChecker.java:schedule(141)) - Scheduling a check for /workdir/hadoop-ozone/tools/target/test-dir/MiniOzoneClusterImpl-58b3a14b-8347-4dab-aab6-d610c62ac67a/datanode-1/data/containers/hdds
2019-10-20 06:19:27,276 [main] INFO  volume.HddsVolumeChecker (HddsVolumeChecker.java:checkAllVolumes(204)) - Scheduled health check for volume /workdir/hadoop-ozone/tools/target/test-dir/MiniOzoneClusterImpl-58b3a14b-8347-4dab-aab6-d610c62ac67a/datanode-1/data/containers/hdds
2019-10-20 06:19:27,290 [main] INFO  impl.RaftServerProxy (ConfUtils.java:logGet(43)) - raft.rpc.type = GRPC (default)
2019-10-20 06:19:27,290 [main] INFO  grpc.GrpcFactory (GrpcFactory.java:checkPooledByteBufAllocatorUseCacheForAllThreads(45)) - PERFORMANCE WARNING: useCacheForAllThreads is true that may cause Netty to create a lot garbage objects and, as a result, trigger GC.
	It is recommended to disable useCacheForAllThreads by setting -Dorg.apache.ratis.thirdparty.io.netty.allocator.useCacheForAllThreads=false in command line.
2019-10-20 06:19:27,291 [main] INFO  grpc.GrpcConfigKeys$Server (ConfUtils.java:logGet(43)) - raft.grpc.server.port = 0 (default)
2019-10-20 06:19:27,291 [main] INFO  server.GrpcService (ConfUtils.java:logGet(43)) - raft.grpc.message.size.max = 33570816 (custom)
2019-10-20 06:19:27,291 [main] INFO  server.RaftServerConfigKeys (ConfUtils.java:logGet(43)) - raft.server.log.appender.buffer.byte-limit = 33554432 (custom)
2019-10-20 06:19:27,291 [main] INFO  server.GrpcService (ConfUtils.java:logGet(43)) - raft.grpc.flow.control.window = 1MB (=1048576) (default)
2019-10-20 06:19:27,292 [main] INFO  server.RaftServerConfigKeys (ConfUtils.java:logGet(43)) - raft.server.rpc.request.timeout = 3000ms (default)
2019-10-20 06:19:27,292 [main] INFO  server.RaftServerConfigKeys (ConfUtils.java:logGet(43)) - raft.server.storage.dir = [/workdir/hadoop-ozone/tools/target/test-dir/MiniOzoneClusterImpl-58b3a14b-8347-4dab-aab6-d610c62ac67a/datanode-1/data/ratis] (custom)
2019-10-20 06:19:27,294 [main] INFO  hdfs.DFSUtil (DFSUtil.java:httpServerTemplateForNNAndJN(1641)) - Starting Web-server for hddsDatanode at: http://0.0.0.0:0
2019-10-20 06:19:27,295 [main] INFO  server.AuthenticationFilter (AuthenticationFilter.java:constructSecretProvider(240)) - Unable to initialize FileSignerSecretProvider, falling back to use random secrets.
2019-10-20 06:19:27,295 [main] WARN  http.HttpRequestLog (HttpRequestLog.java:getRequestLog(97)) - Jetty request log can only be enabled using Log4j
2019-10-20 06:19:27,297 [main] INFO  http.HttpServer2 (HttpServer2.java:addGlobalFilter(975)) - Added global filter 'safety' (class=org.apache.hadoop.http.HttpServer2$QuotingInputFilter)
2019-10-20 06:19:27,298 [main] INFO  http.HttpServer2 (HttpServer2.java:addFilter(948)) - Added filter static_user_filter (class=org.apache.hadoop.http.lib.StaticUserWebFilter$StaticUserFilter) to context hddsDatanode
2019-10-20 06:19:27,298 [main] INFO  http.HttpServer2 (HttpServer2.java:addFilter(958)) - Added filter static_user_filter (class=org.apache.hadoop.http.lib.StaticUserWebFilter$StaticUserFilter) to context logs
2019-10-20 06:19:27,298 [main] INFO  http.HttpServer2 (HttpServer2.java:addFilter(958)) - Added filter static_user_filter (class=org.apache.hadoop.http.lib.StaticUserWebFilter$StaticUserFilter) to context static
2019-10-20 06:19:27,299 [main] INFO  http.HttpServer2 (HttpServer2.java:bindListener(1191)) - Jetty bound to port 39412
2019-10-20 06:19:27,299 [main] INFO  server.Server (Server.java:doStart(351)) - jetty-9.3.25.v20180904, build timestamp: 2018-09-04T21:11:46Z, git hash: 3ce520221d0240229c862b122d2b06c12a625732
2019-10-20 06:19:27,301 [main] INFO  handler.ContextHandler (ContextHandler.java:doStart(781)) - Started o.e.j.s.ServletContextHandler@7add323c{/logs,file:///workdir/hadoop-ozone/tools/target/log,AVAILABLE}
2019-10-20 06:19:27,302 [main] INFO  handler.ContextHandler (ContextHandler.java:doStart(781)) - Started o.e.j.s.ServletContextHandler@4760f169{/static,jar:file:/home/user/.m2/repository/org/apache/hadoop/hadoop-hdds-container-service/0.5.0-SNAPSHOT/hadoop-hdds-container-service-0.5.0-SNAPSHOT.jar!/webapps/static,AVAILABLE}
2019-10-20 06:19:27,332 [main] INFO  handler.ContextHandler (ContextHandler.java:doStart(781)) - Started o.e.j.w.WebAppContext@1effd53c{/,file:///tmp/jetty-0.0.0.0-39412-hddsDatanode-_-any-649449135085747168.dir/webapp/,AVAILABLE}{/hddsDatanode}
2019-10-20 06:19:27,332 [main] INFO  server.AbstractConnector (AbstractConnector.java:doStart(278)) - Started ServerConnector@46c269e0{HTTP/1.1,[http/1.1]}{0.0.0.0:39412}
2019-10-20 06:19:27,333 [main] INFO  server.Server (Server.java:doStart(419)) - Started @11074ms
2019-10-20 06:19:27,333 [main] WARN  impl.MetricsSystemImpl (MetricsSystemImpl.java:register(276)) - Sink prometheus already exists!
2019-10-20 06:19:27,334 [main] INFO  server.BaseHttpServer (BaseHttpServer.java:updateConnectorAddress(215)) - HTTP server of HDDSDATANODE is listening at http://0.0.0.0:39412
2019-10-20 06:19:27,334 [main] INFO  impl.MetricsSystemImpl (MetricsSystemImpl.java:init(158)) - HddsDatanode metrics system started (again)
2019-10-20 06:19:27,337 [main] INFO  ozone.HddsDatanodeService (HddsDatanodeService.java:start(184)) - HddsDatanodeService host:trunk-nightly-20191020-r5wzl-4145440258 ip:192.168.164.239
2019-10-20 06:19:27,337 [org.apache.hadoop.util.JvmPauseMonitor$Monitor@5989f635] INFO  util.JvmPauseMonitor (JvmPauseMonitor.java:run(188)) - Starting JVM pause monitor
2019-10-20 06:19:27,345 [main] INFO  volume.HddsVolume (HddsVolume.java:<init>(176)) - Creating Volume: /workdir/hadoop-ozone/tools/target/test-dir/MiniOzoneClusterImpl-58b3a14b-8347-4dab-aab6-d610c62ac67a/datanode-2/data/containers/hdds of  storage type : DISK and capacity : 1482555576320
2019-10-20 06:19:27,345 [main] INFO  volume.VolumeSet (VolumeSet.java:initializeVolumeSet(170)) - Added Volume : /workdir/hadoop-ozone/tools/target/test-dir/MiniOzoneClusterImpl-58b3a14b-8347-4dab-aab6-d610c62ac67a/datanode-2/data/containers/hdds to VolumeSet
2019-10-20 06:19:27,346 [main] INFO  volume.ThrottledAsyncChecker (ThrottledAsyncChecker.java:schedule(141)) - Scheduling a check for /workdir/hadoop-ozone/tools/target/test-dir/MiniOzoneClusterImpl-58b3a14b-8347-4dab-aab6-d610c62ac67a/datanode-2/data/containers/hdds
2019-10-20 06:19:27,346 [main] INFO  volume.HddsVolumeChecker (HddsVolumeChecker.java:checkAllVolumes(204)) - Scheduled health check for volume /workdir/hadoop-ozone/tools/target/test-dir/MiniOzoneClusterImpl-58b3a14b-8347-4dab-aab6-d610c62ac67a/datanode-2/data/containers/hdds
2019-10-20 06:19:27,350 [Datanode State Machine Thread - 0] INFO  datanode.InitDatanodeState (InitDatanodeState.java:persistContainerDatanodeDetails(140)) - DatanodeDetails is persisted to /workdir/hadoop-ozone/tools/target/test-dir/MiniOzoneClusterImpl-58b3a14b-8347-4dab-aab6-d610c62ac67a/datanode-0/meta/datanode.id
2019-10-20 06:19:27,353 [Datanode State Machine Thread - 0] INFO  datanode.InitDatanodeState (InitDatanodeState.java:persistContainerDatanodeDetails(140)) - DatanodeDetails is persisted to /workdir/hadoop-ozone/tools/target/test-dir/MiniOzoneClusterImpl-58b3a14b-8347-4dab-aab6-d610c62ac67a/datanode-1/meta/datanode.id
2019-10-20 06:19:27,361 [main] INFO  impl.RaftServerProxy (ConfUtils.java:logGet(43)) - raft.rpc.type = GRPC (default)
2019-10-20 06:19:27,361 [main] INFO  grpc.GrpcFactory (GrpcFactory.java:checkPooledByteBufAllocatorUseCacheForAllThreads(45)) - PERFORMANCE WARNING: useCacheForAllThreads is true that may cause Netty to create a lot garbage objects and, as a result, trigger GC.
	It is recommended to disable useCacheForAllThreads by setting -Dorg.apache.ratis.thirdparty.io.netty.allocator.useCacheForAllThreads=false in command line.
2019-10-20 06:19:27,361 [main] INFO  grpc.GrpcConfigKeys$Server (ConfUtils.java:logGet(43)) - raft.grpc.server.port = 0 (default)
2019-10-20 06:19:27,362 [main] INFO  server.GrpcService (ConfUtils.java:logGet(43)) - raft.grpc.message.size.max = 33570816 (custom)
2019-10-20 06:19:27,362 [main] INFO  server.RaftServerConfigKeys (ConfUtils.java:logGet(43)) - raft.server.log.appender.buffer.byte-limit = 33554432 (custom)
2019-10-20 06:19:27,362 [main] INFO  server.GrpcService (ConfUtils.java:logGet(43)) - raft.grpc.flow.control.window = 1MB (=1048576) (default)
2019-10-20 06:19:27,362 [main] INFO  server.RaftServerConfigKeys (ConfUtils.java:logGet(43)) - raft.server.rpc.request.timeout = 3000ms (default)
2019-10-20 06:19:27,363 [main] INFO  server.RaftServerConfigKeys (ConfUtils.java:logGet(43)) - raft.server.storage.dir = [/workdir/hadoop-ozone/tools/target/test-dir/MiniOzoneClusterImpl-58b3a14b-8347-4dab-aab6-d610c62ac67a/datanode-2/data/ratis] (custom)
2019-10-20 06:19:27,365 [main] INFO  hdfs.DFSUtil (DFSUtil.java:httpServerTemplateForNNAndJN(1641)) - Starting Web-server for hddsDatanode at: http://0.0.0.0:0
2019-10-20 06:19:27,367 [main] INFO  server.AuthenticationFilter (AuthenticationFilter.java:constructSecretProvider(240)) - Unable to initialize FileSignerSecretProvider, falling back to use random secrets.
2019-10-20 06:19:27,368 [main] WARN  http.HttpRequestLog (HttpRequestLog.java:getRequestLog(97)) - Jetty request log can only be enabled using Log4j
2019-10-20 06:19:27,370 [main] INFO  http.HttpServer2 (HttpServer2.java:addGlobalFilter(975)) - Added global filter 'safety' (class=org.apache.hadoop.http.HttpServer2$QuotingInputFilter)
2019-10-20 06:19:27,370 [main] INFO  http.HttpServer2 (HttpServer2.java:addFilter(948)) - Added filter static_user_filter (class=org.apache.hadoop.http.lib.StaticUserWebFilter$StaticUserFilter) to context hddsDatanode
2019-10-20 06:19:27,370 [main] INFO  http.HttpServer2 (HttpServer2.java:addFilter(958)) - Added filter static_user_filter (class=org.apache.hadoop.http.lib.StaticUserWebFilter$StaticUserFilter) to context logs
2019-10-20 06:19:27,371 [main] INFO  http.HttpServer2 (HttpServer2.java:addFilter(958)) - Added filter static_user_filter (class=org.apache.hadoop.http.lib.StaticUserWebFilter$StaticUserFilter) to context static
2019-10-20 06:19:27,371 [main] INFO  http.HttpServer2 (HttpServer2.java:bindListener(1191)) - Jetty bound to port 37589
2019-10-20 06:19:27,372 [main] INFO  server.Server (Server.java:doStart(351)) - jetty-9.3.25.v20180904, build timestamp: 2018-09-04T21:11:46Z, git hash: 3ce520221d0240229c862b122d2b06c12a625732
2019-10-20 06:19:27,375 [main] INFO  handler.ContextHandler (ContextHandler.java:doStart(781)) - Started o.e.j.s.ServletContextHandler@352c44a8{/logs,file:///workdir/hadoop-ozone/tools/target/log,AVAILABLE}
2019-10-20 06:19:27,376 [main] INFO  handler.ContextHandler (ContextHandler.java:doStart(781)) - Started o.e.j.s.ServletContextHandler@a66e580{/static,jar:file:/home/user/.m2/repository/org/apache/hadoop/hadoop-hdds-container-service/0.5.0-SNAPSHOT/hadoop-hdds-container-service-0.5.0-SNAPSHOT.jar!/webapps/static,AVAILABLE}
2019-10-20 06:19:27,406 [main] INFO  handler.ContextHandler (ContextHandler.java:doStart(781)) - Started o.e.j.w.WebAppContext@cb7fa71{/,file:///tmp/jetty-0.0.0.0-37589-hddsDatanode-_-any-3464503180438606921.dir/webapp/,AVAILABLE}{/hddsDatanode}
2019-10-20 06:19:27,407 [main] INFO  server.AbstractConnector (AbstractConnector.java:doStart(278)) - Started ServerConnector@3dffc764{HTTP/1.1,[http/1.1]}{0.0.0.0:37589}
2019-10-20 06:19:27,407 [main] INFO  server.Server (Server.java:doStart(419)) - Started @11149ms
2019-10-20 06:19:27,407 [main] WARN  impl.MetricsSystemImpl (MetricsSystemImpl.java:register(276)) - Sink prometheus already exists!
2019-10-20 06:19:27,409 [main] INFO  server.BaseHttpServer (BaseHttpServer.java:updateConnectorAddress(215)) - HTTP server of HDDSDATANODE is listening at http://0.0.0.0:37589
2019-10-20 06:19:27,409 [main] INFO  impl.MetricsSystemImpl (MetricsSystemImpl.java:init(158)) - HddsDatanode metrics system started (again)
2019-10-20 06:19:27,413 [main] INFO  ozone.HddsDatanodeService (HddsDatanodeService.java:start(184)) - HddsDatanodeService host:trunk-nightly-20191020-r5wzl-4145440258 ip:192.168.164.239
2019-10-20 06:19:27,413 [org.apache.hadoop.util.JvmPauseMonitor$Monitor@7fcf1a7f] INFO  util.JvmPauseMonitor (JvmPauseMonitor.java:run(188)) - Starting JVM pause monitor
2019-10-20 06:19:27,415 [Datanode State Machine Thread - 0] INFO  datanode.InitDatanodeState (InitDatanodeState.java:persistContainerDatanodeDetails(140)) - DatanodeDetails is persisted to /workdir/hadoop-ozone/tools/target/test-dir/MiniOzoneClusterImpl-58b3a14b-8347-4dab-aab6-d610c62ac67a/datanode-2/meta/datanode.id
2019-10-20 06:19:27,420 [main] INFO  volume.HddsVolume (HddsVolume.java:<init>(176)) - Creating Volume: /workdir/hadoop-ozone/tools/target/test-dir/MiniOzoneClusterImpl-58b3a14b-8347-4dab-aab6-d610c62ac67a/datanode-3/data/containers/hdds of  storage type : DISK and capacity : 1482555576320
2019-10-20 06:19:27,420 [main] INFO  volume.VolumeSet (VolumeSet.java:initializeVolumeSet(170)) - Added Volume : /workdir/hadoop-ozone/tools/target/test-dir/MiniOzoneClusterImpl-58b3a14b-8347-4dab-aab6-d610c62ac67a/datanode-3/data/containers/hdds to VolumeSet
2019-10-20 06:19:27,421 [main] INFO  volume.ThrottledAsyncChecker (ThrottledAsyncChecker.java:schedule(141)) - Scheduling a check for /workdir/hadoop-ozone/tools/target/test-dir/MiniOzoneClusterImpl-58b3a14b-8347-4dab-aab6-d610c62ac67a/datanode-3/data/containers/hdds
2019-10-20 06:19:27,421 [main] INFO  volume.HddsVolumeChecker (HddsVolumeChecker.java:checkAllVolumes(204)) - Scheduled health check for volume /workdir/hadoop-ozone/tools/target/test-dir/MiniOzoneClusterImpl-58b3a14b-8347-4dab-aab6-d610c62ac67a/datanode-3/data/containers/hdds
2019-10-20 06:19:27,444 [main] INFO  impl.RaftServerProxy (ConfUtils.java:logGet(43)) - raft.rpc.type = GRPC (default)
2019-10-20 06:19:27,445 [main] INFO  grpc.GrpcFactory (GrpcFactory.java:checkPooledByteBufAllocatorUseCacheForAllThreads(45)) - PERFORMANCE WARNING: useCacheForAllThreads is true that may cause Netty to create a lot garbage objects and, as a result, trigger GC.
	It is recommended to disable useCacheForAllThreads by setting -Dorg.apache.ratis.thirdparty.io.netty.allocator.useCacheForAllThreads=false in command line.
2019-10-20 06:19:27,445 [main] INFO  grpc.GrpcConfigKeys$Server (ConfUtils.java:logGet(43)) - raft.grpc.server.port = 0 (default)
2019-10-20 06:19:27,445 [main] INFO  server.GrpcService (ConfUtils.java:logGet(43)) - raft.grpc.message.size.max = 33570816 (custom)
2019-10-20 06:19:27,446 [main] INFO  server.RaftServerConfigKeys (ConfUtils.java:logGet(43)) - raft.server.log.appender.buffer.byte-limit = 33554432 (custom)
2019-10-20 06:19:27,446 [main] INFO  server.GrpcService (ConfUtils.java:logGet(43)) - raft.grpc.flow.control.window = 1MB (=1048576) (default)
2019-10-20 06:19:27,446 [main] INFO  server.RaftServerConfigKeys (ConfUtils.java:logGet(43)) - raft.server.rpc.request.timeout = 3000ms (default)
2019-10-20 06:19:27,447 [main] INFO  server.RaftServerConfigKeys (ConfUtils.java:logGet(43)) - raft.server.storage.dir = [/workdir/hadoop-ozone/tools/target/test-dir/MiniOzoneClusterImpl-58b3a14b-8347-4dab-aab6-d610c62ac67a/datanode-3/data/ratis] (custom)
2019-10-20 06:19:27,450 [main] INFO  hdfs.DFSUtil (DFSUtil.java:httpServerTemplateForNNAndJN(1641)) - Starting Web-server for hddsDatanode at: http://0.0.0.0:0
2019-10-20 06:19:27,452 [main] INFO  server.AuthenticationFilter (AuthenticationFilter.java:constructSecretProvider(240)) - Unable to initialize FileSignerSecretProvider, falling back to use random secrets.
2019-10-20 06:19:27,452 [main] WARN  http.HttpRequestLog (HttpRequestLog.java:getRequestLog(97)) - Jetty request log can only be enabled using Log4j
2019-10-20 06:19:27,454 [main] INFO  http.HttpServer2 (HttpServer2.java:addGlobalFilter(975)) - Added global filter 'safety' (class=org.apache.hadoop.http.HttpServer2$QuotingInputFilter)
2019-10-20 06:19:27,455 [main] INFO  http.HttpServer2 (HttpServer2.java:addFilter(948)) - Added filter static_user_filter (class=org.apache.hadoop.http.lib.StaticUserWebFilter$StaticUserFilter) to context hddsDatanode
2019-10-20 06:19:27,455 [main] INFO  http.HttpServer2 (HttpServer2.java:addFilter(958)) - Added filter static_user_filter (class=org.apache.hadoop.http.lib.StaticUserWebFilter$StaticUserFilter) to context logs
2019-10-20 06:19:27,456 [main] INFO  http.HttpServer2 (HttpServer2.java:addFilter(958)) - Added filter static_user_filter (class=org.apache.hadoop.http.lib.StaticUserWebFilter$StaticUserFilter) to context static
2019-10-20 06:19:27,457 [main] INFO  http.HttpServer2 (HttpServer2.java:bindListener(1191)) - Jetty bound to port 39939
2019-10-20 06:19:27,457 [main] INFO  server.Server (Server.java:doStart(351)) - jetty-9.3.25.v20180904, build timestamp: 2018-09-04T21:11:46Z, git hash: 3ce520221d0240229c862b122d2b06c12a625732
2019-10-20 06:19:27,459 [main] INFO  handler.ContextHandler (ContextHandler.java:doStart(781)) - Started o.e.j.s.ServletContextHandler@455c1d8c{/logs,file:///workdir/hadoop-ozone/tools/target/log,AVAILABLE}
2019-10-20 06:19:27,460 [main] INFO  handler.ContextHandler (ContextHandler.java:doStart(781)) - Started o.e.j.s.ServletContextHandler@1422ac7f{/static,jar:file:/home/user/.m2/repository/org/apache/hadoop/hadoop-hdds-container-service/0.5.0-SNAPSHOT/hadoop-hdds-container-service-0.5.0-SNAPSHOT.jar!/webapps/static,AVAILABLE}
2019-10-20 06:19:27,490 [main] INFO  handler.ContextHandler (ContextHandler.java:doStart(781)) - Started o.e.j.w.WebAppContext@1aad0b1{/,file:///tmp/jetty-0.0.0.0-39939-hddsDatanode-_-any-1336808782105225545.dir/webapp/,AVAILABLE}{/hddsDatanode}
2019-10-20 06:19:27,491 [main] INFO  server.AbstractConnector (AbstractConnector.java:doStart(278)) - Started ServerConnector@c3edf4c{HTTP/1.1,[http/1.1]}{0.0.0.0:39939}
2019-10-20 06:19:27,491 [main] INFO  server.Server (Server.java:doStart(419)) - Started @11233ms
2019-10-20 06:19:27,492 [main] WARN  impl.MetricsSystemImpl (MetricsSystemImpl.java:register(276)) - Sink prometheus already exists!
2019-10-20 06:19:27,493 [main] INFO  server.BaseHttpServer (BaseHttpServer.java:updateConnectorAddress(215)) - HTTP server of HDDSDATANODE is listening at http://0.0.0.0:39939
2019-10-20 06:19:27,493 [main] INFO  impl.MetricsSystemImpl (MetricsSystemImpl.java:init(158)) - HddsDatanode metrics system started (again)
2019-10-20 06:19:27,496 [main] INFO  ozone.HddsDatanodeService (HddsDatanodeService.java:start(184)) - HddsDatanodeService host:trunk-nightly-20191020-r5wzl-4145440258 ip:192.168.164.239
2019-10-20 06:19:27,497 [org.apache.hadoop.util.JvmPauseMonitor$Monitor@a78ffca] INFO  util.JvmPauseMonitor (JvmPauseMonitor.java:run(188)) - Starting JVM pause monitor
2019-10-20 06:19:27,500 [Datanode State Machine Thread - 0] INFO  datanode.InitDatanodeState (InitDatanodeState.java:persistContainerDatanodeDetails(140)) - DatanodeDetails is persisted to /workdir/hadoop-ozone/tools/target/test-dir/MiniOzoneClusterImpl-58b3a14b-8347-4dab-aab6-d610c62ac67a/datanode-3/meta/datanode.id
2019-10-20 06:19:27,505 [main] INFO  volume.HddsVolume (HddsVolume.java:<init>(176)) - Creating Volume: /workdir/hadoop-ozone/tools/target/test-dir/MiniOzoneClusterImpl-58b3a14b-8347-4dab-aab6-d610c62ac67a/datanode-4/data/containers/hdds of  storage type : DISK and capacity : 1482555576320
2019-10-20 06:19:27,506 [main] INFO  volume.VolumeSet (VolumeSet.java:initializeVolumeSet(170)) - Added Volume : /workdir/hadoop-ozone/tools/target/test-dir/MiniOzoneClusterImpl-58b3a14b-8347-4dab-aab6-d610c62ac67a/datanode-4/data/containers/hdds to VolumeSet
2019-10-20 06:19:27,506 [main] INFO  volume.ThrottledAsyncChecker (ThrottledAsyncChecker.java:schedule(141)) - Scheduling a check for /workdir/hadoop-ozone/tools/target/test-dir/MiniOzoneClusterImpl-58b3a14b-8347-4dab-aab6-d610c62ac67a/datanode-4/data/containers/hdds
2019-10-20 06:19:27,506 [main] INFO  volume.HddsVolumeChecker (HddsVolumeChecker.java:checkAllVolumes(204)) - Scheduled health check for volume /workdir/hadoop-ozone/tools/target/test-dir/MiniOzoneClusterImpl-58b3a14b-8347-4dab-aab6-d610c62ac67a/datanode-4/data/containers/hdds
2019-10-20 06:19:27,523 [main] INFO  impl.RaftServerProxy (ConfUtils.java:logGet(43)) - raft.rpc.type = GRPC (default)
2019-10-20 06:19:27,524 [main] INFO  grpc.GrpcFactory (GrpcFactory.java:checkPooledByteBufAllocatorUseCacheForAllThreads(45)) - PERFORMANCE WARNING: useCacheForAllThreads is true that may cause Netty to create a lot garbage objects and, as a result, trigger GC.
	It is recommended to disable useCacheForAllThreads by setting -Dorg.apache.ratis.thirdparty.io.netty.allocator.useCacheForAllThreads=false in command line.
2019-10-20 06:19:27,524 [main] INFO  grpc.GrpcConfigKeys$Server (ConfUtils.java:logGet(43)) - raft.grpc.server.port = 0 (default)
2019-10-20 06:19:27,524 [main] INFO  server.GrpcService (ConfUtils.java:logGet(43)) - raft.grpc.message.size.max = 33570816 (custom)
2019-10-20 06:19:27,524 [main] INFO  server.RaftServerConfigKeys (ConfUtils.java:logGet(43)) - raft.server.log.appender.buffer.byte-limit = 33554432 (custom)
2019-10-20 06:19:27,524 [main] INFO  server.GrpcService (ConfUtils.java:logGet(43)) - raft.grpc.flow.control.window = 1MB (=1048576) (default)
2019-10-20 06:19:27,525 [main] INFO  server.RaftServerConfigKeys (ConfUtils.java:logGet(43)) - raft.server.rpc.request.timeout = 3000ms (default)
2019-10-20 06:19:27,525 [main] INFO  server.RaftServerConfigKeys (ConfUtils.java:logGet(43)) - raft.server.storage.dir = [/workdir/hadoop-ozone/tools/target/test-dir/MiniOzoneClusterImpl-58b3a14b-8347-4dab-aab6-d610c62ac67a/datanode-4/data/ratis] (custom)
2019-10-20 06:19:27,527 [main] INFO  hdfs.DFSUtil (DFSUtil.java:httpServerTemplateForNNAndJN(1641)) - Starting Web-server for hddsDatanode at: http://0.0.0.0:0
2019-10-20 06:19:27,530 [main] INFO  server.AuthenticationFilter (AuthenticationFilter.java:constructSecretProvider(240)) - Unable to initialize FileSignerSecretProvider, falling back to use random secrets.
2019-10-20 06:19:27,532 [main] WARN  http.HttpRequestLog (HttpRequestLog.java:getRequestLog(97)) - Jetty request log can only be enabled using Log4j
2019-10-20 06:19:27,535 [main] INFO  http.HttpServer2 (HttpServer2.java:addGlobalFilter(975)) - Added global filter 'safety' (class=org.apache.hadoop.http.HttpServer2$QuotingInputFilter)
2019-10-20 06:19:27,536 [main] INFO  http.HttpServer2 (HttpServer2.java:addFilter(948)) - Added filter static_user_filter (class=org.apache.hadoop.http.lib.StaticUserWebFilter$StaticUserFilter) to context hddsDatanode
2019-10-20 06:19:27,536 [main] INFO  http.HttpServer2 (HttpServer2.java:addFilter(958)) - Added filter static_user_filter (class=org.apache.hadoop.http.lib.StaticUserWebFilter$StaticUserFilter) to context static
2019-10-20 06:19:27,536 [main] INFO  http.HttpServer2 (HttpServer2.java:addFilter(958)) - Added filter static_user_filter (class=org.apache.hadoop.http.lib.StaticUserWebFilter$StaticUserFilter) to context logs
2019-10-20 06:19:27,538 [main] INFO  http.HttpServer2 (HttpServer2.java:bindListener(1191)) - Jetty bound to port 41066
2019-10-20 06:19:27,538 [main] INFO  server.Server (Server.java:doStart(351)) - jetty-9.3.25.v20180904, build timestamp: 2018-09-04T21:11:46Z, git hash: 3ce520221d0240229c862b122d2b06c12a625732
2019-10-20 06:19:27,541 [main] INFO  handler.ContextHandler (ContextHandler.java:doStart(781)) - Started o.e.j.s.ServletContextHandler@75de29c0{/logs,file:///workdir/hadoop-ozone/tools/target/log,AVAILABLE}
2019-10-20 06:19:27,542 [main] INFO  handler.ContextHandler (ContextHandler.java:doStart(781)) - Started o.e.j.s.ServletContextHandler@296e281a{/static,jar:file:/home/user/.m2/repository/org/apache/hadoop/hadoop-hdds-container-service/0.5.0-SNAPSHOT/hadoop-hdds-container-service-0.5.0-SNAPSHOT.jar!/webapps/static,AVAILABLE}
2019-10-20 06:19:27,588 [main] INFO  handler.ContextHandler (ContextHandler.java:doStart(781)) - Started o.e.j.w.WebAppContext@68ab0936{/,file:///tmp/jetty-0.0.0.0-41066-hddsDatanode-_-any-8016274920374199871.dir/webapp/,AVAILABLE}{/hddsDatanode}
2019-10-20 06:19:27,589 [main] INFO  server.AbstractConnector (AbstractConnector.java:doStart(278)) - Started ServerConnector@3cd9aa64{HTTP/1.1,[http/1.1]}{0.0.0.0:41066}
2019-10-20 06:19:27,589 [main] INFO  server.Server (Server.java:doStart(419)) - Started @11331ms
2019-10-20 06:19:27,589 [main] WARN  impl.MetricsSystemImpl (MetricsSystemImpl.java:register(276)) - Sink prometheus already exists!
2019-10-20 06:19:27,591 [main] INFO  server.BaseHttpServer (BaseHttpServer.java:updateConnectorAddress(215)) - HTTP server of HDDSDATANODE is listening at http://0.0.0.0:41066
2019-10-20 06:19:27,594 [main] INFO  ozone.MiniOzoneClusterImpl (MiniOzoneClusterImpl.java:lambda$waitForClusterToBeReady$0(147)) - Waiting for cluster to be ready. Got 0 of 5 DN Heartbeats.
2019-10-20 06:19:27,594 [org.apache.hadoop.util.JvmPauseMonitor$Monitor@c47ccea] INFO  util.JvmPauseMonitor (JvmPauseMonitor.java:run(188)) - Starting JVM pause monitor
2019-10-20 06:19:27,598 [Datanode State Machine Thread - 0] INFO  datanode.InitDatanodeState (InitDatanodeState.java:persistContainerDatanodeDetails(140)) - DatanodeDetails is persisted to /workdir/hadoop-ozone/tools/target/test-dir/MiniOzoneClusterImpl-58b3a14b-8347-4dab-aab6-d610c62ac67a/datanode-4/meta/datanode.id
2019-10-20 06:19:28,594 [main] INFO  ozone.MiniOzoneClusterImpl (MiniOzoneClusterImpl.java:lambda$waitForClusterToBeReady$0(147)) - Waiting for cluster to be ready. Got 0 of 5 DN Heartbeats.
2019-10-20 06:19:29,595 [main] INFO  ozone.MiniOzoneClusterImpl (MiniOzoneClusterImpl.java:lambda$waitForClusterToBeReady$0(147)) - Waiting for cluster to be ready. Got 0 of 5 DN Heartbeats.
2019-10-20 06:19:30,595 [main] INFO  ozone.MiniOzoneClusterImpl (MiniOzoneClusterImpl.java:lambda$waitForClusterToBeReady$0(147)) - Waiting for cluster to be ready. Got 0 of 5 DN Heartbeats.
2019-10-20 06:19:31,596 [main] INFO  ozone.MiniOzoneClusterImpl (MiniOzoneClusterImpl.java:lambda$waitForClusterToBeReady$0(147)) - Waiting for cluster to be ready. Got 0 of 5 DN Heartbeats.
2019-10-20 06:19:32,426 [Datanode State Machine Thread - 0] INFO  ozoneimpl.OzoneContainer (OzoneContainer.java:start(213)) - Attempting to start container services.
2019-10-20 06:19:32,426 [Datanode State Machine Thread - 0] INFO  ozoneimpl.OzoneContainer (OzoneContainer.java:start(213)) - Attempting to start container services.
2019-10-20 06:19:32,426 [Datanode State Machine Thread - 0] INFO  ozoneimpl.OzoneContainer (OzoneContainer.java:start(213)) - Attempting to start container services.
2019-10-20 06:19:32,426 [Datanode State Machine Thread - 0] INFO  ozoneimpl.OzoneContainer (OzoneContainer.java:start(213)) - Attempting to start container services.
2019-10-20 06:19:32,426 [Datanode State Machine Thread - 0] INFO  ozoneimpl.OzoneContainer (OzoneContainer.java:start(213)) - Attempting to start container services.
2019-10-20 06:19:32,434 [Datanode State Machine Thread - 0] INFO  ozoneimpl.OzoneContainer (OzoneContainer.java:startContainerScrub(177)) - Background container scanner has been disabled.
2019-10-20 06:19:32,434 [Datanode State Machine Thread - 0] INFO  ozoneimpl.OzoneContainer (OzoneContainer.java:startContainerScrub(177)) - Background container scanner has been disabled.
2019-10-20 06:19:32,434 [Datanode State Machine Thread - 0] INFO  ratis.XceiverServerRatis (XceiverServerRatis.java:start(418)) - Starting XceiverServerRatis fe749939-5c4f-4520-aea5-9c3fb525c39c at port 0
2019-10-20 06:19:32,435 [Datanode State Machine Thread - 0] INFO  ozoneimpl.OzoneContainer (OzoneContainer.java:startContainerScrub(177)) - Background container scanner has been disabled.
2019-10-20 06:19:32,434 [Datanode State Machine Thread - 0] INFO  ozoneimpl.OzoneContainer (OzoneContainer.java:startContainerScrub(177)) - Background container scanner has been disabled.
2019-10-20 06:19:32,434 [Datanode State Machine Thread - 0] INFO  ozoneimpl.OzoneContainer (OzoneContainer.java:startContainerScrub(177)) - Background container scanner has been disabled.
2019-10-20 06:19:32,435 [Datanode State Machine Thread - 0] INFO  ratis.XceiverServerRatis (XceiverServerRatis.java:start(418)) - Starting XceiverServerRatis 93f57cf9-5ad5-4d84-9869-e9d0db32cadd at port 0
2019-10-20 06:19:32,435 [Datanode State Machine Thread - 0] INFO  ratis.XceiverServerRatis (XceiverServerRatis.java:start(418)) - Starting XceiverServerRatis 6c1327b8-5bfa-47cd-850a-df150bd7b196 at port 0
2019-10-20 06:19:32,434 [Datanode State Machine Thread - 0] INFO  ratis.XceiverServerRatis (XceiverServerRatis.java:start(418)) - Starting XceiverServerRatis 8b894bc2-e65a-4d0e-8b6e-c1cf65a9f844 at port 0
2019-10-20 06:19:32,435 [Datanode State Machine Thread - 0] INFO  ratis.XceiverServerRatis (XceiverServerRatis.java:start(418)) - Starting XceiverServerRatis 92501a76-e5f9-437d-b0dc-6dcfbf7802b8 at port 0
2019-10-20 06:19:32,503 [Datanode State Machine Thread - 0] INFO  impl.RaftServerProxy (RaftServerProxy.java:lambda$start$3(299)) - 6c1327b8-5bfa-47cd-850a-df150bd7b196: start RPC server
2019-10-20 06:19:32,508 [Datanode State Machine Thread - 0] INFO  impl.RaftServerProxy (RaftServerProxy.java:lambda$start$3(299)) - 8b894bc2-e65a-4d0e-8b6e-c1cf65a9f844: start RPC server
2019-10-20 06:19:32,508 [Datanode State Machine Thread - 0] INFO  impl.RaftServerProxy (RaftServerProxy.java:lambda$start$3(299)) - fe749939-5c4f-4520-aea5-9c3fb525c39c: start RPC server
2019-10-20 06:19:32,510 [Datanode State Machine Thread - 0] INFO  impl.RaftServerProxy (RaftServerProxy.java:lambda$start$3(299)) - 92501a76-e5f9-437d-b0dc-6dcfbf7802b8: start RPC server
2019-10-20 06:19:32,510 [Datanode State Machine Thread - 0] INFO  impl.RaftServerProxy (RaftServerProxy.java:lambda$start$3(299)) - 93f57cf9-5ad5-4d84-9869-e9d0db32cadd: start RPC server
2019-10-20 06:19:32,597 [main] INFO  ozone.MiniOzoneClusterImpl (MiniOzoneClusterImpl.java:lambda$waitForClusterToBeReady$0(147)) - Waiting for cluster to be ready. Got 0 of 5 DN Heartbeats.
2019-10-20 06:19:32,629 [Datanode State Machine Thread - 0] INFO  server.GrpcService (GrpcService.java:startImpl(158)) - fe749939-5c4f-4520-aea5-9c3fb525c39c: GrpcService started, listening on 0.0.0.0/0.0.0.0:41202
2019-10-20 06:19:32,629 [Datanode State Machine Thread - 0] INFO  server.GrpcService (GrpcService.java:startImpl(158)) - 92501a76-e5f9-437d-b0dc-6dcfbf7802b8: GrpcService started, listening on 0.0.0.0/0.0.0.0:39204
2019-10-20 06:19:32,629 [Datanode State Machine Thread - 0] INFO  server.GrpcService (GrpcService.java:startImpl(158)) - 6c1327b8-5bfa-47cd-850a-df150bd7b196: GrpcService started, listening on 0.0.0.0/0.0.0.0:34482
2019-10-20 06:19:32,629 [Datanode State Machine Thread - 0] INFO  server.GrpcService (GrpcService.java:startImpl(158)) - 8b894bc2-e65a-4d0e-8b6e-c1cf65a9f844: GrpcService started, listening on 0.0.0.0/0.0.0.0:40379
2019-10-20 06:19:32,629 [Datanode State Machine Thread - 0] INFO  server.GrpcService (GrpcService.java:startImpl(158)) - 93f57cf9-5ad5-4d84-9869-e9d0db32cadd: GrpcService started, listening on 0.0.0.0/0.0.0.0:36895
2019-10-20 06:19:32,631 [Datanode State Machine Thread - 0] INFO  ratis.XceiverServerRatis (XceiverServerRatis.java:start(428)) - XceiverServerRatis 8b894bc2-e65a-4d0e-8b6e-c1cf65a9f844 is started using port 40379
2019-10-20 06:19:32,631 [Datanode State Machine Thread - 0] INFO  ratis.XceiverServerRatis (XceiverServerRatis.java:start(428)) - XceiverServerRatis 6c1327b8-5bfa-47cd-850a-df150bd7b196 is started using port 34482
2019-10-20 06:19:32,630 [Datanode State Machine Thread - 0] INFO  ratis.XceiverServerRatis (XceiverServerRatis.java:start(428)) - XceiverServerRatis 92501a76-e5f9-437d-b0dc-6dcfbf7802b8 is started using port 39204
2019-10-20 06:19:32,630 [Datanode State Machine Thread - 0] INFO  ratis.XceiverServerRatis (XceiverServerRatis.java:start(428)) - XceiverServerRatis fe749939-5c4f-4520-aea5-9c3fb525c39c is started using port 41202
2019-10-20 06:19:32,631 [Datanode State Machine Thread - 0] INFO  ratis.XceiverServerRatis (XceiverServerRatis.java:start(428)) - XceiverServerRatis 93f57cf9-5ad5-4d84-9869-e9d0db32cadd is started using port 36895
2019-10-20 06:19:32,639 [Datanode State Machine Thread - 0] INFO  server.XceiverServerGrpc (XceiverServerGrpc.java:start(149)) - XceiverServerGrpc 6c1327b8-5bfa-47cd-850a-df150bd7b196 is started using port 44257
2019-10-20 06:19:32,640 [Datanode State Machine Thread - 0] INFO  server.XceiverServerGrpc (XceiverServerGrpc.java:start(149)) - XceiverServerGrpc 92501a76-e5f9-437d-b0dc-6dcfbf7802b8 is started using port 43971
2019-10-20 06:19:32,640 [Datanode State Machine Thread - 0] INFO  server.XceiverServerGrpc (XceiverServerGrpc.java:start(149)) - XceiverServerGrpc fe749939-5c4f-4520-aea5-9c3fb525c39c is started using port 42610
2019-10-20 06:19:32,640 [Datanode State Machine Thread - 0] INFO  server.XceiverServerGrpc (XceiverServerGrpc.java:start(149)) - XceiverServerGrpc 8b894bc2-e65a-4d0e-8b6e-c1cf65a9f844 is started using port 40908
2019-10-20 06:19:32,639 [Datanode State Machine Thread - 0] INFO  server.XceiverServerGrpc (XceiverServerGrpc.java:start(149)) - XceiverServerGrpc 93f57cf9-5ad5-4d84-9869-e9d0db32cadd is started using port 36650
2019-10-20 06:19:33,313 [IPC Server handler 4 on 42634] INFO  net.NetworkTopology (NetworkTopologyImpl.java:add(111)) - Added a new node: /default-rack/93f57cf9-5ad5-4d84-9869-e9d0db32cadd
2019-10-20 06:19:33,313 [IPC Server handler 4 on 42634] INFO  node.SCMNodeManager (SCMNodeManager.java:register(268)) - Registered Data node : 93f57cf9-5ad5-4d84-9869-e9d0db32cadd{ip: 192.168.164.239, host: trunk-nightly-20191020-r5wzl-4145440258, networkLocation: /default-rack, certSerialId: null}
2019-10-20 06:19:33,316 [EventQueue-NodeRegistrationContainerReportForDataNodeSafeModeRule] INFO  safemode.SCMSafeModeManager (DataNodeSafeModeRule.java:process(71)) - SCM in safe mode. 1 DataNodes registered, 1 required.
2019-10-20 06:19:33,318 [EventQueue-NodeRegistrationContainerReportForDataNodeSafeModeRule] INFO  safemode.SCMSafeModeManager (SCMSafeModeManager.java:validateSafeModeExitRules(177)) - ScmSafeModeManager, all rules are successfully validated
2019-10-20 06:19:33,319 [EventQueue-NodeRegistrationContainerReportForDataNodeSafeModeRule] INFO  safemode.SCMSafeModeManager (SCMSafeModeManager.java:exitSafeMode(193)) - SCM exiting safe mode.
2019-10-20 06:19:33,341 [IPC Server handler 6 on 42634] INFO  net.NetworkTopology (NetworkTopologyImpl.java:add(111)) - Added a new node: /default-rack/6c1327b8-5bfa-47cd-850a-df150bd7b196
2019-10-20 06:19:33,341 [IPC Server handler 6 on 42634] INFO  node.SCMNodeManager (SCMNodeManager.java:register(268)) - Registered Data node : 6c1327b8-5bfa-47cd-850a-df150bd7b196{ip: 192.168.164.239, host: trunk-nightly-20191020-r5wzl-4145440258, networkLocation: /default-rack, certSerialId: null}
2019-10-20 06:19:33,417 [IPC Server handler 1 on 42634] INFO  net.NetworkTopology (NetworkTopologyImpl.java:add(111)) - Added a new node: /default-rack/8b894bc2-e65a-4d0e-8b6e-c1cf65a9f844
2019-10-20 06:19:33,418 [IPC Server handler 1 on 42634] INFO  node.SCMNodeManager (SCMNodeManager.java:register(268)) - Registered Data node : 8b894bc2-e65a-4d0e-8b6e-c1cf65a9f844{ip: 192.168.164.239, host: trunk-nightly-20191020-r5wzl-4145440258, networkLocation: /default-rack, certSerialId: null}
2019-10-20 06:19:33,502 [IPC Server handler 2 on 42634] INFO  net.NetworkTopology (NetworkTopologyImpl.java:add(111)) - Added a new node: /default-rack/92501a76-e5f9-437d-b0dc-6dcfbf7802b8
2019-10-20 06:19:33,503 [IPC Server handler 2 on 42634] INFO  node.SCMNodeManager (SCMNodeManager.java:register(268)) - Registered Data node : 92501a76-e5f9-437d-b0dc-6dcfbf7802b8{ip: 192.168.164.239, host: trunk-nightly-20191020-r5wzl-4145440258, networkLocation: /default-rack, certSerialId: null}
2019-10-20 06:19:33,598 [main] INFO  ozone.MiniOzoneClusterImpl (MiniOzoneClusterImpl.java:lambda$waitForClusterToBeReady$0(147)) - Waiting for cluster to be ready. Got 4 of 5 DN Heartbeats.
2019-10-20 06:19:33,600 [IPC Server handler 4 on 42634] INFO  net.NetworkTopology (NetworkTopologyImpl.java:add(111)) - Added a new node: /default-rack/fe749939-5c4f-4520-aea5-9c3fb525c39c
2019-10-20 06:19:33,601 [IPC Server handler 4 on 42634] INFO  node.SCMNodeManager (SCMNodeManager.java:register(268)) - Registered Data node : fe749939-5c4f-4520-aea5-9c3fb525c39c{ip: 192.168.164.239, host: trunk-nightly-20191020-r5wzl-4145440258, networkLocation: /default-rack, certSerialId: null}
2019-10-20 06:19:33,849 [grpc-default-executor-0] INFO  impl.RaftServerProxy (RaftServerProxy.java:addNew(89)) - 93f57cf9-5ad5-4d84-9869-e9d0db32cadd: addNew group-51D17A1DBCBF:[93f57cf9-5ad5-4d84-9869-e9d0db32cadd:192.168.164.239:36895] returns group-51D17A1DBCBF:java.util.concurrent.CompletableFuture@444d89f6[Not completed]
2019-10-20 06:19:33,866 [pool-27-thread-1] INFO  impl.RaftServerImpl (RaftServerImpl.java:<init>(104)) - 93f57cf9-5ad5-4d84-9869-e9d0db32cadd: new RaftServerImpl for group-51D17A1DBCBF:[93f57cf9-5ad5-4d84-9869-e9d0db32cadd:192.168.164.239:36895] with ContainerStateMachine:uninitialized
2019-10-20 06:19:33,868 [pool-27-thread-1] INFO  server.RaftServerConfigKeys (ConfUtils.java:logGet(43)) - raft.server.rpc.timeout.min = 5s (custom)
2019-10-20 06:19:33,869 [pool-27-thread-1] INFO  server.RaftServerConfigKeys (ConfUtils.java:logGet(43)) - raft.server.rpc.timeout.max = 5200ms (custom)
2019-10-20 06:19:33,869 [pool-27-thread-1] INFO  server.RaftServerConfigKeys (ConfUtils.java:logGet(43)) - raft.server.rpcslowness.timeout = 120s (custom)
2019-10-20 06:19:33,870 [pool-27-thread-1] INFO  server.RaftServerConfigKeys (ConfUtils.java:logGet(43)) - raft.server.sleep.deviation.threshold = 300 (default)
2019-10-20 06:19:33,871 [pool-27-thread-1] INFO  server.RaftServerConfigKeys (ConfUtils.java:logGet(43)) - raft.server.log.appender.install.snapshot.enabled = false (custom)
2019-10-20 06:19:33,881 [pool-27-thread-1] INFO  impl.RaftServerImpl (ServerState.java:<init>(103)) - 93f57cf9-5ad5-4d84-9869-e9d0db32cadd@group-51D17A1DBCBF: ConfigurationManager, init=-1: [93f57cf9-5ad5-4d84-9869-e9d0db32cadd:192.168.164.239:36895], old=null, confs=<EMPTY_MAP>
2019-10-20 06:19:33,882 [pool-27-thread-1] INFO  server.RaftServerConfigKeys (ConfUtils.java:logGet(43)) - raft.server.storage.dir = [/workdir/hadoop-ozone/tools/target/test-dir/MiniOzoneClusterImpl-58b3a14b-8347-4dab-aab6-d610c62ac67a/datanode-0/data/ratis] (custom)
2019-10-20 06:19:33,890 [pool-27-thread-1] INFO  server.RaftServerConfigKeys (ConfUtils.java:logGet(43)) - raft.server.log.corruption.policy = EXCEPTION (default)
2019-10-20 06:19:33,892 [pool-27-thread-1] INFO  storage.RaftStorageDirectory (RaftStorageDirectory.java:analyzeStorage(246)) - The storage directory /workdir/hadoop-ozone/tools/target/test-dir/MiniOzoneClusterImpl-58b3a14b-8347-4dab-aab6-d610c62ac67a/datanode-0/data/ratis/910799e0-9582-4471-a87e-51d17a1dbcbf does not exist. Creating ...
2019-10-20 06:19:34,598 [main] INFO  ozone.MiniOzoneClusterImpl (MiniOzoneClusterImpl.java:lambda$waitForClusterToBeReady$0(147)) - Cluster is ready. Got 5 of 5 DN Heartbeats.
2019-10-20 06:19:35,209 [main] INFO  freon.RandomKeyGenerator (RandomKeyGenerator.java:call(283)) - Number of Threads: 10
2019-10-20 06:19:35,210 [main] INFO  freon.RandomKeyGenerator (RandomKeyGenerator.java:call(288)) - Number of Volumes: 1.
2019-10-20 06:19:35,210 [main] INFO  freon.RandomKeyGenerator (RandomKeyGenerator.java:call(289)) - Number of Buckets per Volume: 1.
2019-10-20 06:19:35,210 [main] INFO  freon.RandomKeyGenerator (RandomKeyGenerator.java:call(290)) - Number of Keys per Bucket: 1.
2019-10-20 06:19:35,210 [main] INFO  freon.RandomKeyGenerator (RandomKeyGenerator.java:call(291)) - Key size: 20971520 bytes
2019-10-20 06:19:35,211 [main] INFO  freon.RandomKeyGenerator (RandomKeyGenerator.java:call(292)) - Buffer size: 4096 bytes
2019-10-20 06:19:35,211 [main] INFO  freon.RandomKeyGenerator (RandomKeyGenerator.java:call(293)) - validateWrites : true
2019-10-20 06:19:35,215 [main] INFO  freon.RandomKeyGenerator (RandomKeyGenerator.java:call(307)) - Data validation is enabled.
2019-10-20 06:19:35,217 [main] INFO  freon.RandomKeyGenerator (RandomKeyGenerator.java:call(313)) - Starting progress bar Thread.

 0.00% |?                                                                                                    |  0/1 Time: 0:00:002019-10-20 06:19:35,244 [pool-73-thread-1] INFO  rpc.RpcClient (RpcClient.java:createVolume(272)) - Creating Volume: vol-0-32608, with jenkins1000 as owner.
2019-10-20 06:19:35,343 [IPC Server handler 0 on 44156] INFO  volume.OMVolumeCreateRequest (OMVolumeCreateRequest.java:validateAndUpdateCache(193)) - created volume:vol-0-32608 for user:jenkins1000
2019-10-20 06:19:35,519 [pool-27-thread-1] INFO  storage.RaftStorageDirectory (RaftStorageDirectory.java:tryLock(328)) - Lock on /workdir/hadoop-ozone/tools/target/test-dir/MiniOzoneClusterImpl-58b3a14b-8347-4dab-aab6-d610c62ac67a/datanode-0/data/ratis/910799e0-9582-4471-a87e-51d17a1dbcbf/in_use.lock acquired by nodename 10681@trunk-nightly-20191020-r5wzl-4145440258
 0.00% |?                                                                                                    |  0/1 Time: 0:00:012019-10-20 06:19:36,324 [Thread-208] INFO  container.ReplicationManager (ReplicationManager.java:start(162)) - Starting Replication Monitor Thread.
2019-10-20 06:19:36,328 [ReplicationMonitor] INFO  container.ReplicationManager (ReplicationManager.java:run(225)) - Replication Monitor Thread took 1 milliseconds for processing 0 containers.
2019-10-20 06:19:36,498 [RATISCREATEPIPELINE1] ERROR pipeline.RatisPipelineProvider (RatisPipelineProvider.java:lambda$null$5(237)) - Failed invoke Ratis rpc org.apache.hadoop.hdds.scm.pipeline.RatisPipelineProvider$$Lambda$197/1639088927@69ca8deb for 93f57cf9-5ad5-4d84-9869-e9d0db32cadd
org.apache.ratis.protocol.TimeoutIOException: deadline exceeded after 2964563227ns
	at org.apache.ratis.grpc.GrpcUtil.tryUnwrapException(GrpcUtil.java:82)
	at org.apache.ratis.grpc.GrpcUtil.unwrapException(GrpcUtil.java:75)
	at org.apache.ratis.grpc.client.GrpcClientProtocolClient.blockingCall(GrpcClientProtocolClient.java:184)
	at org.apache.ratis.grpc.client.GrpcClientProtocolClient.groupAdd(GrpcClientProtocolClient.java:153)
	at org.apache.ratis.grpc.client.GrpcClientRpc.sendRequest(GrpcClientRpc.java:94)
	at org.apache.ratis.client.impl.RaftClientImpl.sendRequest(RaftClientImpl.java:278)
	at org.apache.ratis.client.impl.RaftClientImpl.groupAdd(RaftClientImpl.java:205)
	at org.apache.hadoop.hdds.scm.pipeline.RatisPipelineProvider.lambda$initializePipeline$4(RatisPipelineProvider.java:198)
	at org.apache.hadoop.hdds.scm.pipeline.RatisPipelineProvider.lambda$null$5(RatisPipelineProvider.java:233)
	at java.util.stream.ForEachOps$ForEachOp$OfRef.accept(ForEachOps.java:183)
	at java.util.ArrayList$ArrayListSpliterator.forEachRemaining(ArrayList.java:1382)
	at java.util.stream.AbstractPipeline.copyInto(AbstractPipeline.java:482)
	at java.util.stream.ForEachOps$ForEachTask.compute(ForEachOps.java:290)
	at java.util.concurrent.CountedCompleter.exec(CountedCompleter.java:731)
	at java.util.concurrent.ForkJoinTask.doExec(ForkJoinTask.java:289)
	at java.util.concurrent.ForkJoinTask.doInvoke(ForkJoinTask.java:401)
	at java.util.concurrent.ForkJoinTask.invoke(ForkJoinTask.java:734)
	at java.util.stream.ForEachOps$ForEachOp.evaluateParallel(ForEachOps.java:159)
	at java.util.stream.ForEachOps$ForEachOp$OfRef.evaluateParallel(ForEachOps.java:173)
	at java.util.stream.AbstractPipeline.evaluate(AbstractPipeline.java:233)
	at java.util.stream.ReferencePipeline.forEach(ReferencePipeline.java:485)
	at java.util.stream.ReferencePipeline$Head.forEach(ReferencePipeline.java:650)
	at org.apache.hadoop.hdds.scm.pipeline.RatisPipelineProvider.lambda$callRatisRpc$6(RatisPipelineProvider.java:227)
	at java.util.concurrent.ForkJoinTask$AdaptedRunnableAction.exec(ForkJoinTask.java:1386)
	at java.util.concurrent.ForkJoinTask.doExec(ForkJoinTask.java:289)
	at java.util.concurrent.ForkJoinPool$WorkQueue.runTask(ForkJoinPool.java:1056)
	at java.util.concurrent.ForkJoinPool.runWorker(ForkJoinPool.java:1692)
	at java.util.concurrent.ForkJoinWorkerThread.run(ForkJoinWorkerThread.java:157)
Caused by: org.apache.ratis.thirdparty.io.grpc.StatusRuntimeException: DEADLINE_EXCEEDED: deadline exceeded after 2964563227ns
	at org.apache.ratis.thirdparty.io.grpc.stub.ClientCalls.toStatusRuntimeException(ClientCalls.java:233)
	at org.apache.ratis.thirdparty.io.grpc.stub.ClientCalls.getUnchecked(ClientCalls.java:214)
	at org.apache.ratis.thirdparty.io.grpc.stub.ClientCalls.blockingUnaryCall(ClientCalls.java:139)
	at org.apache.ratis.proto.grpc.AdminProtocolServiceGrpc$AdminProtocolServiceBlockingStub.groupManagement(AdminProtocolServiceGrpc.java:274)
	at org.apache.ratis.grpc.client.GrpcClientProtocolClient.lambda$groupAdd$3(GrpcClientProtocolClient.java:155)
	at org.apache.ratis.grpc.client.GrpcClientProtocolClient.blockingCall(GrpcClientProtocolClient.java:182)
	... 25 more
2019-10-20 06:19:36,552 [grpc-default-executor-1] INFO  impl.RaftServerProxy (RaftServerProxy.java:addNew(89)) - fe749939-5c4f-4520-aea5-9c3fb525c39c: addNew group-466441C093D1:[92501a76-e5f9-437d-b0dc-6dcfbf7802b8:192.168.164.239:39204, 6c1327b8-5bfa-47cd-850a-df150bd7b196:192.168.164.239:34482, fe749939-5c4f-4520-aea5-9c3fb525c39c:192.168.164.239:41202] returns group-466441C093D1:java.util.concurrent.CompletableFuture@37a524fb[Not completed]
2019-10-20 06:19:36,554 [grpc-default-executor-2] INFO  impl.RaftServerProxy (RaftServerProxy.java:addNew(89)) - 92501a76-e5f9-437d-b0dc-6dcfbf7802b8: addNew group-466441C093D1:[92501a76-e5f9-437d-b0dc-6dcfbf7802b8:192.168.164.239:39204, 6c1327b8-5bfa-47cd-850a-df150bd7b196:192.168.164.239:34482, fe749939-5c4f-4520-aea5-9c3fb525c39c:192.168.164.239:41202] returns group-466441C093D1:java.util.concurrent.CompletableFuture@414327c0[Not completed]
2019-10-20 06:19:36,559 [grpc-default-executor-0] INFO  impl.RaftServerProxy (RaftServerProxy.java:addNew(89)) - 6c1327b8-5bfa-47cd-850a-df150bd7b196: addNew group-466441C093D1:[92501a76-e5f9-437d-b0dc-6dcfbf7802b8:192.168.164.239:39204, 6c1327b8-5bfa-47cd-850a-df150bd7b196:192.168.164.239:34482, fe749939-5c4f-4520-aea5-9c3fb525c39c:192.168.164.239:41202] returns group-466441C093D1:java.util.concurrent.CompletableFuture@50469a4e[Not completed]
2019-10-20 06:19:36,589 [pool-67-thread-1] INFO  impl.RaftServerImpl (RaftServerImpl.java:<init>(104)) - fe749939-5c4f-4520-aea5-9c3fb525c39c: new RaftServerImpl for group-466441C093D1:[92501a76-e5f9-437d-b0dc-6dcfbf7802b8:192.168.164.239:39204, 6c1327b8-5bfa-47cd-850a-df150bd7b196:192.168.164.239:34482, fe749939-5c4f-4520-aea5-9c3fb525c39c:192.168.164.239:41202] with ContainerStateMachine:uninitialized
2019-10-20 06:19:36,591 [pool-67-thread-1] INFO  server.RaftServerConfigKeys (ConfUtils.java:logGet(43)) - raft.server.rpc.timeout.min = 5s (custom)
2019-10-20 06:19:36,594 [pool-67-thread-1] INFO  server.RaftServerConfigKeys (ConfUtils.java:logGet(43)) - raft.server.rpc.timeout.max = 5200ms (custom)
2019-10-20 06:19:36,607 [pool-67-thread-1] INFO  server.RaftServerConfigKeys (ConfUtils.java:logGet(43)) - raft.server.rpcslowness.timeout = 120s (custom)
2019-10-20 06:19:36,607 [pool-67-thread-1] INFO  server.RaftServerConfigKeys (ConfUtils.java:logGet(43)) - raft.server.sleep.deviation.threshold = 300 (default)
2019-10-20 06:19:36,607 [pool-67-thread-1] INFO  server.RaftServerConfigKeys (ConfUtils.java:logGet(43)) - raft.server.log.appender.install.snapshot.enabled = false (custom)
2019-10-20 06:19:36,608 [pool-67-thread-1] INFO  impl.RaftServerImpl (ServerState.java:<init>(103)) - fe749939-5c4f-4520-aea5-9c3fb525c39c@group-466441C093D1: ConfigurationManager, init=-1: [92501a76-e5f9-437d-b0dc-6dcfbf7802b8:192.168.164.239:39204, 6c1327b8-5bfa-47cd-850a-df150bd7b196:192.168.164.239:34482, fe749939-5c4f-4520-aea5-9c3fb525c39c:192.168.164.239:41202], old=null, confs=<EMPTY_MAP>
2019-10-20 06:19:36,609 [pool-67-thread-1] INFO  server.RaftServerConfigKeys (ConfUtils.java:logGet(43)) - raft.server.storage.dir = [/workdir/hadoop-ozone/tools/target/test-dir/MiniOzoneClusterImpl-58b3a14b-8347-4dab-aab6-d610c62ac67a/datanode-4/data/ratis] (custom)
2019-10-20 06:19:36,610 [pool-37-thread-1] INFO  impl.RaftServerImpl (RaftServerImpl.java:<init>(104)) - 6c1327b8-5bfa-47cd-850a-df150bd7b196: new RaftServerImpl for group-466441C093D1:[92501a76-e5f9-437d-b0dc-6dcfbf7802b8:192.168.164.239:39204, 6c1327b8-5bfa-47cd-850a-df150bd7b196:192.168.164.239:34482, fe749939-5c4f-4520-aea5-9c3fb525c39c:192.168.164.239:41202] with ContainerStateMachine:uninitialized
2019-10-20 06:19:36,610 [pool-67-thread-1] INFO  server.RaftServerConfigKeys (ConfUtils.java:logGet(43)) - raft.server.log.corruption.policy = EXCEPTION (default)
2019-10-20 06:19:36,610 [pool-37-thread-1] INFO  server.RaftServerConfigKeys (ConfUtils.java:logGet(43)) - raft.server.rpc.timeout.min = 5s (custom)
2019-10-20 06:19:36,610 [pool-37-thread-1] INFO  server.RaftServerConfigKeys (ConfUtils.java:logGet(43)) - raft.server.rpc.timeout.max = 5200ms (custom)
2019-10-20 06:19:36,610 [pool-67-thread-1] INFO  storage.RaftStorageDirectory (RaftStorageDirectory.java:analyzeStorage(246)) - The storage directory /workdir/hadoop-ozone/tools/target/test-dir/MiniOzoneClusterImpl-58b3a14b-8347-4dab-aab6-d610c62ac67a/datanode-4/data/ratis/4cf0ab31-3992-4fd1-ae57-466441c093d1 does not exist. Creating ...
2019-10-20 06:19:36,611 [pool-37-thread-1] INFO  server.RaftServerConfigKeys (ConfUtils.java:logGet(43)) - raft.server.rpcslowness.timeout = 120s (custom)
2019-10-20 06:19:36,611 [pool-37-thread-1] INFO  server.RaftServerConfigKeys (ConfUtils.java:logGet(43)) - raft.server.sleep.deviation.threshold = 300 (default)
2019-10-20 06:19:36,612 [pool-37-thread-1] INFO  server.RaftServerConfigKeys (ConfUtils.java:logGet(43)) - raft.server.log.appender.install.snapshot.enabled = false (custom)
2019-10-20 06:19:36,612 [pool-37-thread-1] INFO  impl.RaftServerImpl (ServerState.java:<init>(103)) - 6c1327b8-5bfa-47cd-850a-df150bd7b196@group-466441C093D1: ConfigurationManager, init=-1: [92501a76-e5f9-437d-b0dc-6dcfbf7802b8:192.168.164.239:39204, 6c1327b8-5bfa-47cd-850a-df150bd7b196:192.168.164.239:34482, fe749939-5c4f-4520-aea5-9c3fb525c39c:192.168.164.239:41202], old=null, confs=<EMPTY_MAP>
2019-10-20 06:19:36,612 [pool-57-thread-1] INFO  impl.RaftServerImpl (RaftServerImpl.java:<init>(104)) - 92501a76-e5f9-437d-b0dc-6dcfbf7802b8: new RaftServerImpl for group-466441C093D1:[92501a76-e5f9-437d-b0dc-6dcfbf7802b8:192.168.164.239:39204, 6c1327b8-5bfa-47cd-850a-df150bd7b196:192.168.164.239:34482, fe749939-5c4f-4520-aea5-9c3fb525c39c:192.168.164.239:41202] with ContainerStateMachine:uninitialized
2019-10-20 06:19:36,612 [pool-37-thread-1] INFO  server.RaftServerConfigKeys (ConfUtils.java:logGet(43)) - raft.server.storage.dir = [/workdir/hadoop-ozone/tools/target/test-dir/MiniOzoneClusterImpl-58b3a14b-8347-4dab-aab6-d610c62ac67a/datanode-1/data/ratis] (custom)
2019-10-20 06:19:36,612 [pool-57-thread-1] INFO  server.RaftServerConfigKeys (ConfUtils.java:logGet(43)) - raft.server.rpc.timeout.min = 5s (custom)
2019-10-20 06:19:36,613 [pool-57-thread-1] INFO  server.RaftServerConfigKeys (ConfUtils.java:logGet(43)) - raft.server.rpc.timeout.max = 5200ms (custom)
2019-10-20 06:19:36,613 [pool-37-thread-1] INFO  server.RaftServerConfigKeys (ConfUtils.java:logGet(43)) - raft.server.log.corruption.policy = EXCEPTION (default)
2019-10-20 06:19:36,613 [pool-57-thread-1] INFO  server.RaftServerConfigKeys (ConfUtils.java:logGet(43)) - raft.server.rpcslowness.timeout = 120s (custom)
2019-10-20 06:19:36,613 [pool-57-thread-1] INFO  server.RaftServerConfigKeys (ConfUtils.java:logGet(43)) - raft.server.sleep.deviation.threshold = 300 (default)
2019-10-20 06:19:36,613 [pool-37-thread-1] INFO  storage.RaftStorageDirectory (RaftStorageDirectory.java:analyzeStorage(246)) - The storage directory /workdir/hadoop-ozone/tools/target/test-dir/MiniOzoneClusterImpl-58b3a14b-8347-4dab-aab6-d610c62ac67a/datanode-1/data/ratis/4cf0ab31-3992-4fd1-ae57-466441c093d1 does not exist. Creating ...
2019-10-20 06:19:36,613 [pool-57-thread-1] INFO  server.RaftServerConfigKeys (ConfUtils.java:logGet(43)) - raft.server.log.appender.install.snapshot.enabled = false (custom)
2019-10-20 06:19:36,613 [pool-57-thread-1] INFO  impl.RaftServerImpl (ServerState.java:<init>(103)) - 92501a76-e5f9-437d-b0dc-6dcfbf7802b8@group-466441C093D1: ConfigurationManager, init=-1: [92501a76-e5f9-437d-b0dc-6dcfbf7802b8:192.168.164.239:39204, 6c1327b8-5bfa-47cd-850a-df150bd7b196:192.168.164.239:34482, fe749939-5c4f-4520-aea5-9c3fb525c39c:192.168.164.239:41202], old=null, confs=<EMPTY_MAP>
2019-10-20 06:19:36,614 [pool-57-thread-1] INFO  server.RaftServerConfigKeys (ConfUtils.java:logGet(43)) - raft.server.storage.dir = [/workdir/hadoop-ozone/tools/target/test-dir/MiniOzoneClusterImpl-58b3a14b-8347-4dab-aab6-d610c62ac67a/datanode-3/data/ratis] (custom)
2019-10-20 06:19:36,614 [pool-57-thread-1] INFO  server.RaftServerConfigKeys (ConfUtils.java:logGet(43)) - raft.server.log.corruption.policy = EXCEPTION (default)
2019-10-20 06:19:36,614 [pool-57-thread-1] INFO  storage.RaftStorageDirectory (RaftStorageDirectory.java:analyzeStorage(246)) - The storage directory /workdir/hadoop-ozone/tools/target/test-dir/MiniOzoneClusterImpl-58b3a14b-8347-4dab-aab6-d610c62ac67a/datanode-3/data/ratis/4cf0ab31-3992-4fd1-ae57-466441c093d1 does not exist. Creating ...
 0.00% |?                                                                                                    |  0/1 Time: 0:00:022019-10-20 06:19:37,905 [pool-73-thread-2] INFO  rpc.RpcClient (RpcClient.java:createBucket(411)) - Creating Bucket: vol-0-32608/bucket-0-16585, with Versioning false and Storage Type set to DISK and Encryption set to false 
 0.00% |?                                                                                                    |  0/1 Time: 0:00:03 0.00% |?                                                                                                    |  0/1 Time: 0:00:042019-10-20 06:19:39,521 [RATISCREATEPIPELINE2] ERROR pipeline.RatisPipelineProvider (RatisPipelineProvider.java:lambda$null$5(237)) - Failed invoke Ratis rpc org.apache.hadoop.hdds.scm.pipeline.RatisPipelineProvider$$Lambda$197/1639088927@23b15fd4 for 92501a76-e5f9-437d-b0dc-6dcfbf7802b8
org.apache.ratis.protocol.TimeoutIOException: deadline exceeded after 2999577957ns
	at org.apache.ratis.grpc.GrpcUtil.tryUnwrapException(GrpcUtil.java:82)
	at org.apache.ratis.grpc.GrpcUtil.unwrapException(GrpcUtil.java:75)
	at org.apache.ratis.grpc.client.GrpcClientProtocolClient.blockingCall(GrpcClientProtocolClient.java:184)
	at org.apache.ratis.grpc.client.GrpcClientProtocolClient.groupAdd(GrpcClientProtocolClient.java:153)
	at org.apache.ratis.grpc.client.GrpcClientRpc.sendRequest(GrpcClientRpc.java:94)
	at org.apache.ratis.client.impl.RaftClientImpl.sendRequest(RaftClientImpl.java:278)
	at org.apache.ratis.client.impl.RaftClientImpl.groupAdd(RaftClientImpl.java:205)
	at org.apache.hadoop.hdds.scm.pipeline.RatisPipelineProvider.lambda$initializePipeline$4(RatisPipelineProvider.java:198)
	at org.apache.hadoop.hdds.scm.pipeline.RatisPipelineProvider.lambda$null$5(RatisPipelineProvider.java:233)
	at java.util.stream.ForEachOps$ForEachOp$OfRef.accept(ForEachOps.java:183)
	at java.util.ArrayList$ArrayListSpliterator.forEachRemaining(ArrayList.java:1382)
	at java.util.stream.AbstractPipeline.copyInto(AbstractPipeline.java:482)
	at java.util.stream.ForEachOps$ForEachTask.compute(ForEachOps.java:290)
	at java.util.concurrent.CountedCompleter.exec(CountedCompleter.java:731)
	at java.util.concurrent.ForkJoinTask.doExec(ForkJoinTask.java:289)
	at java.util.concurrent.ForkJoinPool$WorkQueue.runTask(ForkJoinPool.java:1056)
	at java.util.concurrent.ForkJoinPool.runWorker(ForkJoinPool.java:1692)
	at java.util.concurrent.ForkJoinWorkerThread.run(ForkJoinWorkerThread.java:157)
Caused by: org.apache.ratis.thirdparty.io.grpc.StatusRuntimeException: DEADLINE_EXCEEDED: deadline exceeded after 2999577957ns
	at org.apache.ratis.thirdparty.io.grpc.stub.ClientCalls.toStatusRuntimeException(ClientCalls.java:233)
	at org.apache.ratis.thirdparty.io.grpc.stub.ClientCalls.getUnchecked(ClientCalls.java:214)
	at org.apache.ratis.thirdparty.io.grpc.stub.ClientCalls.blockingUnaryCall(ClientCalls.java:139)
	at org.apache.ratis.proto.grpc.AdminProtocolServiceGrpc$AdminProtocolServiceBlockingStub.groupManagement(AdminProtocolServiceGrpc.java:274)
	at org.apache.ratis.grpc.client.GrpcClientProtocolClient.lambda$groupAdd$3(GrpcClientProtocolClient.java:155)
	at org.apache.ratis.grpc.client.GrpcClientProtocolClient.blockingCall(GrpcClientProtocolClient.java:182)
	... 15 more
2019-10-20 06:19:39,524 [RATISCREATEPIPELINE1] ERROR pipeline.RatisPipelineProvider (RatisPipelineProvider.java:lambda$null$5(237)) - Failed invoke Ratis rpc org.apache.hadoop.hdds.scm.pipeline.RatisPipelineProvider$$Lambda$197/1639088927@23b15fd4 for fe749939-5c4f-4520-aea5-9c3fb525c39c
org.apache.ratis.protocol.TimeoutIOException: deadline exceeded after 2997241964ns
	at org.apache.ratis.grpc.GrpcUtil.tryUnwrapException(GrpcUtil.java:82)
	at org.apache.ratis.grpc.GrpcUtil.unwrapException(GrpcUtil.java:75)
	at org.apache.ratis.grpc.client.GrpcClientProtocolClient.blockingCall(GrpcClientProtocolClient.java:184)
	at org.apache.ratis.grpc.client.GrpcClientProtocolClient.groupAdd(GrpcClientProtocolClient.java:153)
	at org.apache.ratis.grpc.client.GrpcClientRpc.sendRequest(GrpcClientRpc.java:94)
	at org.apache.ratis.client.impl.RaftClientImpl.sendRequest(RaftClientImpl.java:278)
	at org.apache.ratis.client.impl.RaftClientImpl.groupAdd(RaftClientImpl.java:205)
	at org.apache.hadoop.hdds.scm.pipeline.RatisPipelineProvider.lambda$initializePipeline$4(RatisPipelineProvider.java:198)
	at org.apache.hadoop.hdds.scm.pipeline.RatisPipelineProvider.lambda$null$5(RatisPipelineProvider.java:233)
	at java.util.stream.ForEachOps$ForEachOp$OfRef.accept(ForEachOps.java:183)
	at java.util.ArrayList$ArrayListSpliterator.forEachRemaining(ArrayList.java:1382)
	at java.util.stream.AbstractPipeline.copyInto(AbstractPipeline.java:482)
	at java.util.stream.ForEachOps$ForEachTask.compute(ForEachOps.java:290)
	at java.util.concurrent.CountedCompleter.exec(CountedCompleter.java:731)
	at java.util.concurrent.ForkJoinTask.doExec(ForkJoinTask.java:289)
	at java.util.concurrent.ForkJoinTask.doInvoke(ForkJoinTask.java:401)
	at java.util.concurrent.ForkJoinTask.invoke(ForkJoinTask.java:734)
	at java.util.stream.ForEachOps$ForEachOp.evaluateParallel(ForEachOps.java:159)
	at java.util.stream.ForEachOps$ForEachOp$OfRef.evaluateParallel(ForEachOps.java:173)
	at java.util.stream.AbstractPipeline.evaluate(AbstractPipeline.java:233)
	at java.util.stream.ReferencePipeline.forEach(ReferencePipeline.java:485)
	at java.util.stream.ReferencePipeline$Head.forEach(ReferencePipeline.java:650)
	at org.apache.hadoop.hdds.scm.pipeline.RatisPipelineProvider.lambda$callRatisRpc$6(RatisPipelineProvider.java:227)
	at java.util.concurrent.ForkJoinTask$AdaptedRunnableAction.exec(ForkJoinTask.java:1386)
	at java.util.concurrent.ForkJoinTask.doExec(ForkJoinTask.java:289)
	at java.util.concurrent.ForkJoinPool$WorkQueue.runTask(ForkJoinPool.java:1056)
	at java.util.concurrent.ForkJoinPool.runWorker(ForkJoinPool.java:1692)
	at java.util.concurrent.ForkJoinWorkerThread.run(ForkJoinWorkerThread.java:157)
Caused by: org.apache.ratis.thirdparty.io.grpc.StatusRuntimeException: DEADLINE_EXCEEDED: deadline exceeded after 2997241964ns
	at org.apache.ratis.thirdparty.io.grpc.stub.ClientCalls.toStatusRuntimeException(ClientCalls.java:233)
	at org.apache.ratis.thirdparty.io.grpc.stub.ClientCalls.getUnchecked(ClientCalls.java:214)
	at org.apache.ratis.thirdparty.io.grpc.stub.ClientCalls.blockingUnaryCall(ClientCalls.java:139)
	at org.apache.ratis.proto.grpc.AdminProtocolServiceGrpc$AdminProtocolServiceBlockingStub.groupManagement(AdminProtocolServiceGrpc.java:274)
	at org.apache.ratis.grpc.client.GrpcClientProtocolClient.lambda$groupAdd$3(GrpcClientProtocolClient.java:155)
	at org.apache.ratis.grpc.client.GrpcClientProtocolClient.blockingCall(GrpcClientProtocolClient.java:182)
	... 25 more
2019-10-20 06:19:39,529 [RATISCREATEPIPELINE3] ERROR pipeline.RatisPipelineProvider (RatisPipelineProvider.java:lambda$null$5(237)) - Failed invoke Ratis rpc org.apache.hadoop.hdds.scm.pipeline.RatisPipelineProvider$$Lambda$197/1639088927@23b15fd4 for 6c1327b8-5bfa-47cd-850a-df150bd7b196
org.apache.ratis.protocol.TimeoutIOException: deadline exceeded after 2999554023ns
	at org.apache.ratis.grpc.GrpcUtil.tryUnwrapException(GrpcUtil.java:82)
	at org.apache.ratis.grpc.GrpcUtil.unwrapException(GrpcUtil.java:75)
	at org.apache.ratis.grpc.client.GrpcClientProtocolClient.blockingCall(GrpcClientProtocolClient.java:184)
	at org.apache.ratis.grpc.client.GrpcClientProtocolClient.groupAdd(GrpcClientProtocolClient.java:153)
	at org.apache.ratis.grpc.client.GrpcClientRpc.sendRequest(GrpcClientRpc.java:94)
	at org.apache.ratis.client.impl.RaftClientImpl.sendRequest(RaftClientImpl.java:278)
	at org.apache.ratis.client.impl.RaftClientImpl.groupAdd(RaftClientImpl.java:205)
	at org.apache.hadoop.hdds.scm.pipeline.RatisPipelineProvider.lambda$initializePipeline$4(RatisPipelineProvider.java:198)
	at org.apache.hadoop.hdds.scm.pipeline.RatisPipelineProvider.lambda$null$5(RatisPipelineProvider.java:233)
	at java.util.stream.ForEachOps$ForEachOp$OfRef.accept(ForEachOps.java:183)
	at java.util.ArrayList$ArrayListSpliterator.forEachRemaining(ArrayList.java:1382)
	at java.util.stream.AbstractPipeline.copyInto(AbstractPipeline.java:482)
	at java.util.stream.ForEachOps$ForEachTask.compute(ForEachOps.java:290)
	at java.util.concurrent.CountedCompleter.exec(CountedCompleter.java:731)
	at java.util.concurrent.ForkJoinTask.doExec(ForkJoinTask.java:289)
	at java.util.concurrent.ForkJoinPool$WorkQueue.runTask(ForkJoinPool.java:1056)
	at java.util.concurrent.ForkJoinPool.runWorker(ForkJoinPool.java:1692)
	at java.util.concurrent.ForkJoinWorkerThread.run(ForkJoinWorkerThread.java:157)
Caused by: org.apache.ratis.thirdparty.io.grpc.StatusRuntimeException: DEADLINE_EXCEEDED: deadline exceeded after 2999554023ns
	at org.apache.ratis.thirdparty.io.grpc.stub.ClientCalls.toStatusRuntimeException(ClientCalls.java:233)
	at org.apache.ratis.thirdparty.io.grpc.stub.ClientCalls.getUnchecked(ClientCalls.java:214)
	at org.apache.ratis.thirdparty.io.grpc.stub.ClientCalls.blockingUnaryCall(ClientCalls.java:139)
	at org.apache.ratis.proto.grpc.AdminProtocolServiceGrpc$AdminProtocolServiceBlockingStub.groupManagement(AdminProtocolServiceGrpc.java:274)
	at org.apache.ratis.grpc.client.GrpcClientProtocolClient.lambda$groupAdd$3(GrpcClientProtocolClient.java:155)
	at org.apache.ratis.grpc.client.GrpcClientProtocolClient.blockingCall(GrpcClientProtocolClient.java:182)
	... 15 more
2019-10-20 06:19:39,553 [grpc-default-executor-3] INFO  impl.RaftServerProxy (RaftServerProxy.java:addNew(89)) - 92501a76-e5f9-437d-b0dc-6dcfbf7802b8: addNew group-518F4D5B86F1:[92501a76-e5f9-437d-b0dc-6dcfbf7802b8:192.168.164.239:39204] returns group-518F4D5B86F1:java.util.concurrent.CompletableFuture@7f674d89[Not completed]
2019-10-20 06:19:40,020 [pool-67-thread-1] INFO  storage.RaftStorageDirectory (RaftStorageDirectory.java:tryLock(328)) - Lock on /workdir/hadoop-ozone/tools/target/test-dir/MiniOzoneClusterImpl-58b3a14b-8347-4dab-aab6-d610c62ac67a/datanode-4/data/ratis/4cf0ab31-3992-4fd1-ae57-466441c093d1/in_use.lock acquired by nodename 10681@trunk-nightly-20191020-r5wzl-4145440258
2019-10-20 06:19:40,020 [pool-57-thread-1] INFO  storage.RaftStorageDirectory (RaftStorageDirectory.java:tryLock(328)) - Lock on /workdir/hadoop-ozone/tools/target/test-dir/MiniOzoneClusterImpl-58b3a14b-8347-4dab-aab6-d610c62ac67a/datanode-3/data/ratis/4cf0ab31-3992-4fd1-ae57-466441c093d1/in_use.lock acquired by nodename 10681@trunk-nightly-20191020-r5wzl-4145440258
2019-10-20 06:19:40,023 [pool-27-thread-1] INFO  storage.RaftStorage (RaftStorage.java:format(84)) - Storage directory /workdir/hadoop-ozone/tools/target/test-dir/MiniOzoneClusterImpl-58b3a14b-8347-4dab-aab6-d610c62ac67a/datanode-0/data/ratis/910799e0-9582-4471-a87e-51d17a1dbcbf has been successfully formatted.
2019-10-20 06:19:40,023 [pool-37-thread-1] INFO  storage.RaftStorageDirectory (RaftStorageDirectory.java:tryLock(328)) - Lock on /workdir/hadoop-ozone/tools/target/test-dir/MiniOzoneClusterImpl-58b3a14b-8347-4dab-aab6-d610c62ac67a/datanode-1/data/ratis/4cf0ab31-3992-4fd1-ae57-466441c093d1/in_use.lock acquired by nodename 10681@trunk-nightly-20191020-r5wzl-4145440258
2019-10-20 06:19:40,027 [pool-27-thread-1] INFO  ratis.ContainerStateMachine (ContainerStateMachine.java:loadSnapshot(231)) - group-51D17A1DBCBF: The snapshot info is null. Setting the last applied indexto:(t:0, i:~)
2019-10-20 06:19:40,027 [pool-27-thread-1] INFO  server.RaftServerConfigKeys (ConfUtils.java:logGet(43)) - raft.server.notification.no-leader.timeout = 120s (custom)
2019-10-20 06:19:40,030 [pool-27-thread-1] INFO  server.RaftServerConfigKeys (ConfUtils.java:logGet(43)) - raft.server.log.use.memory = false (default)
2019-10-20 06:19:40,038 [pool-27-thread-1] INFO  server.RaftServerConfigKeys (ConfUtils.java:logGet(43)) - raft.server.log.purge.gap = 1000000 (custom)
2019-10-20 06:19:40,039 [pool-27-thread-1] INFO  server.RaftServerConfigKeys (ConfUtils.java:logGet(43)) - raft.server.log.appender.buffer.byte-limit = 33554432 (custom)
2019-10-20 06:19:40,044 [pool-27-thread-1] INFO  server.RaftServerConfigKeys (ConfUtils.java:logGet(43)) - raft.server.log.segment.size.max = 1048576 (custom)
2019-10-20 06:19:40,047 [pool-27-thread-1] INFO  impl.MetricsSystemImpl (MetricsSystemImpl.java:init(158)) - ratis metrics system started (again)
2019-10-20 06:19:40,053 [pool-27-thread-1] INFO  metrics.MetricRegistries (MetricRegistriesLoader.java:load(64)) - Loaded MetricRegistries class org.apache.ratis.metrics.impl.MetricRegistriesImpl
2019-10-20 06:19:40,103 [pool-27-thread-1] INFO  server.RaftServerConfigKeys (ConfUtils.java:logGet(43)) - raft.server.log.segment.cache.num.max = 2 (custom)
2019-10-20 06:19:40,109 [pool-27-thread-1] INFO  segmented.SegmentedRaftLogWorker (SegmentedRaftLogWorker.java:<init>(173)) - new 93f57cf9-5ad5-4d84-9869-e9d0db32cadd@group-51D17A1DBCBF-SegmentedRaftLogWorker for RaftStorage:Storage Directory /workdir/hadoop-ozone/tools/target/test-dir/MiniOzoneClusterImpl-58b3a14b-8347-4dab-aab6-d610c62ac67a/datanode-0/data/ratis/910799e0-9582-4471-a87e-51d17a1dbcbf
2019-10-20 06:19:40,109 [pool-27-thread-1] INFO  server.RaftServerConfigKeys (ConfUtils.java:logGet(43)) - raft.server.log.queue.byte-limit = 2147483647 (custom)
2019-10-20 06:19:40,110 [pool-27-thread-1] INFO  server.RaftServerConfigKeys (ConfUtils.java:logGet(43)) - raft.server.log.queue.element-limit = 1024 (custom)
2019-10-20 06:19:40,111 [pool-27-thread-1] INFO  server.RaftServerConfigKeys (ConfUtils.java:logGet(43)) - raft.server.log.segment.size.max = 1048576 (custom)
2019-10-20 06:19:40,111 [pool-27-thread-1] INFO  server.RaftServerConfigKeys (ConfUtils.java:logGet(43)) - raft.server.log.preallocated.size = 16384 (custom)
2019-10-20 06:19:40,112 [pool-27-thread-1] INFO  server.RaftServerConfigKeys (ConfUtils.java:logGet(43)) - raft.server.log.write.buffer.size = 33554432 (custom)
2019-10-20 06:19:40,112 [pool-27-thread-1] INFO  server.RaftServerConfigKeys (ConfUtils.java:logGet(43)) - raft.server.log.force.sync.num = 128 (default)
2019-10-20 06:19:40,113 [pool-27-thread-1] INFO  server.RaftServerConfigKeys (ConfUtils.java:logGet(43)) - raft.server.log.statemachine.data.sync = true (default)
2019-10-20 06:19:40,113 [pool-27-thread-1] INFO  server.RaftServerConfigKeys (ConfUtils.java:logGet(43)) - raft.server.log.statemachine.data.sync.timeout = 10s (default)
2019-10-20 06:19:40,114 [pool-27-thread-1] INFO  server.RaftServerConfigKeys (ConfUtils.java:logGet(43)) - raft.server.log.statemachine.data.sync.timeout.retry = -1 (default)
2019-10-20 06:19:40,125 [pool-27-thread-1] INFO  server.RaftServerConfigKeys (ConfUtils.java:logGet(43)) - raft.server.log.statemachine.data.caching.enabled = true (custom)
2019-10-20 06:19:40,189 [pool-27-thread-1] INFO  segmented.SegmentedRaftLogWorker (SegmentedRaftLogWorker.java:lambda$new$0(128)) - 93f57cf9-5ad5-4d84-9869-e9d0db32cadd@group-51D17A1DBCBF-SegmentedRaftLogWorker: flushIndex: setUnconditionally 0 -> -1
 0.00% |?                                                                                                    |  0/1 Time: 0:00:052019-10-20 06:19:40,458 [pool-27-thread-1] INFO  server.RaftServerConfigKeys (ConfUtils.java:logGet(43)) - raft.server.snapshot.auto.trigger.enabled = true (custom)
2019-10-20 06:19:40,459 [pool-27-thread-1] INFO  server.RaftServerConfigKeys (ConfUtils.java:logGet(43)) - raft.server.snapshot.auto.trigger.threshold = 10000 (custom)
2019-10-20 06:19:40,461 [pool-27-thread-1] INFO  server.RaftServerConfigKeys (ConfUtils.java:logGet(43)) - raft.server.snapshot.retention.file.num = 5 (custom)
2019-10-20 06:19:40,462 [pool-27-thread-1] INFO  server.RaftServerConfigKeys (ConfUtils.java:logGet(43)) - raft.server.retrycache.expirytime = 600000ms (custom)
2019-10-20 06:19:40,493 [pool-27-thread-1] INFO  impl.RaftServerImpl (RaftServerImpl.java:start(195)) - 93f57cf9-5ad5-4d84-9869-e9d0db32cadd@group-51D17A1DBCBF: start as a follower, conf=-1: [93f57cf9-5ad5-4d84-9869-e9d0db32cadd:192.168.164.239:36895], old=null
2019-10-20 06:19:40,494 [pool-27-thread-1] INFO  impl.RaftServerImpl (RaftServerImpl.java:setRole(184)) - 93f57cf9-5ad5-4d84-9869-e9d0db32cadd@group-51D17A1DBCBF: changes role from      null to FOLLOWER at term 0 for startAsFollower
2019-10-20 06:19:40,495 [pool-27-thread-1] INFO  impl.RoleInfo (RoleInfo.java:updateAndGet(143)) - 93f57cf9-5ad5-4d84-9869-e9d0db32cadd: start FollowerState
2019-10-20 06:19:40,497 [pool-27-thread-1] INFO  util.JmxRegister (JmxRegister.java:tryRegister(44)) - Successfully registered JMX Bean with object name Ratis:service=RaftServer,group=group-51D17A1DBCBF,id=93f57cf9-5ad5-4d84-9869-e9d0db32cadd
2019-10-20 06:19:40,521 [pool-57-thread-1] INFO  storage.RaftStorage (RaftStorage.java:format(84)) - Storage directory /workdir/hadoop-ozone/tools/target/test-dir/MiniOzoneClusterImpl-58b3a14b-8347-4dab-aab6-d610c62ac67a/datanode-3/data/ratis/4cf0ab31-3992-4fd1-ae57-466441c093d1 has been successfully formatted.
2019-10-20 06:19:40,521 [pool-37-thread-1] INFO  storage.RaftStorage (RaftStorage.java:format(84)) - Storage directory /workdir/hadoop-ozone/tools/target/test-dir/MiniOzoneClusterImpl-58b3a14b-8347-4dab-aab6-d610c62ac67a/datanode-1/data/ratis/4cf0ab31-3992-4fd1-ae57-466441c093d1 has been successfully formatted.
2019-10-20 06:19:40,521 [pool-67-thread-1] INFO  storage.RaftStorage (RaftStorage.java:format(84)) - Storage directory /workdir/hadoop-ozone/tools/target/test-dir/MiniOzoneClusterImpl-58b3a14b-8347-4dab-aab6-d610c62ac67a/datanode-4/data/ratis/4cf0ab31-3992-4fd1-ae57-466441c093d1 has been successfully formatted.
2019-10-20 06:19:40,524 [pool-57-thread-1] INFO  ratis.ContainerStateMachine (ContainerStateMachine.java:loadSnapshot(231)) - group-466441C093D1: The snapshot info is null. Setting the last applied indexto:(t:0, i:~)
2019-10-20 06:19:40,525 [pool-37-thread-1] INFO  ratis.ContainerStateMachine (ContainerStateMachine.java:loadSnapshot(231)) - group-466441C093D1: The snapshot info is null. Setting the last applied indexto:(t:0, i:~)
2019-10-20 06:19:40,525 [pool-57-thread-1] INFO  server.RaftServerConfigKeys (ConfUtils.java:logGet(43)) - raft.server.notification.no-leader.timeout = 120s (custom)
2019-10-20 06:19:40,525 [pool-67-thread-1] INFO  ratis.ContainerStateMachine (ContainerStateMachine.java:loadSnapshot(231)) - group-466441C093D1: The snapshot info is null. Setting the last applied indexto:(t:0, i:~)
2019-10-20 06:19:40,525 [pool-57-thread-1] INFO  server.RaftServerConfigKeys (ConfUtils.java:logGet(43)) - raft.server.log.use.memory = false (default)
2019-10-20 06:19:40,525 [pool-37-thread-1] INFO  server.RaftServerConfigKeys (ConfUtils.java:logGet(43)) - raft.server.notification.no-leader.timeout = 120s (custom)
2019-10-20 06:19:40,526 [pool-57-thread-1] INFO  server.RaftServerConfigKeys (ConfUtils.java:logGet(43)) - raft.server.log.purge.gap = 1000000 (custom)
2019-10-20 06:19:40,526 [pool-67-thread-1] INFO  server.RaftServerConfigKeys (ConfUtils.java:logGet(43)) - raft.server.notification.no-leader.timeout = 120s (custom)
2019-10-20 06:19:40,526 [pool-57-thread-1] INFO  server.RaftServerConfigKeys (ConfUtils.java:logGet(43)) - raft.server.log.appender.buffer.byte-limit = 33554432 (custom)
2019-10-20 06:19:40,526 [pool-37-thread-1] INFO  server.RaftServerConfigKeys (ConfUtils.java:logGet(43)) - raft.server.log.use.memory = false (default)
2019-10-20 06:19:40,526 [pool-57-thread-1] INFO  server.RaftServerConfigKeys (ConfUtils.java:logGet(43)) - raft.server.log.segment.size.max = 1048576 (custom)
2019-10-20 06:19:40,526 [pool-67-thread-1] INFO  server.RaftServerConfigKeys (ConfUtils.java:logGet(43)) - raft.server.log.use.memory = false (default)
2019-10-20 06:19:40,527 [pool-37-thread-1] INFO  server.RaftServerConfigKeys (ConfUtils.java:logGet(43)) - raft.server.log.purge.gap = 1000000 (custom)
2019-10-20 06:19:40,527 [pool-67-thread-1] INFO  server.RaftServerConfigKeys (ConfUtils.java:logGet(43)) - raft.server.log.purge.gap = 1000000 (custom)
2019-10-20 06:19:40,533 [pool-37-thread-1] INFO  server.RaftServerConfigKeys (ConfUtils.java:logGet(43)) - raft.server.log.appender.buffer.byte-limit = 33554432 (custom)
2019-10-20 06:19:40,543 [pool-67-thread-1] INFO  server.RaftServerConfigKeys (ConfUtils.java:logGet(43)) - raft.server.log.appender.buffer.byte-limit = 33554432 (custom)
2019-10-20 06:19:40,548 [pool-37-thread-1] INFO  server.RaftServerConfigKeys (ConfUtils.java:logGet(43)) - raft.server.log.segment.size.max = 1048576 (custom)
2019-10-20 06:19:40,548 [pool-67-thread-1] INFO  server.RaftServerConfigKeys (ConfUtils.java:logGet(43)) - raft.server.log.segment.size.max = 1048576 (custom)
2019-10-20 06:19:40,554 [pool-57-thread-1] INFO  server.RaftServerConfigKeys (ConfUtils.java:logGet(43)) - raft.server.log.segment.cache.num.max = 2 (custom)
2019-10-20 06:19:40,554 [pool-57-thread-1] INFO  segmented.SegmentedRaftLogWorker (SegmentedRaftLogWorker.java:<init>(173)) - new 92501a76-e5f9-437d-b0dc-6dcfbf7802b8@group-466441C093D1-SegmentedRaftLogWorker for RaftStorage:Storage Directory /workdir/hadoop-ozone/tools/target/test-dir/MiniOzoneClusterImpl-58b3a14b-8347-4dab-aab6-d610c62ac67a/datanode-3/data/ratis/4cf0ab31-3992-4fd1-ae57-466441c093d1
2019-10-20 06:19:40,556 [pool-57-thread-1] INFO  server.RaftServerConfigKeys (ConfUtils.java:logGet(43)) - raft.server.log.queue.byte-limit = 2147483647 (custom)
2019-10-20 06:19:40,556 [pool-37-thread-1] INFO  server.RaftServerConfigKeys (ConfUtils.java:logGet(43)) - raft.server.log.segment.cache.num.max = 2 (custom)
2019-10-20 06:19:40,556 [pool-57-thread-1] INFO  server.RaftServerConfigKeys (ConfUtils.java:logGet(43)) - raft.server.log.queue.element-limit = 1024 (custom)
2019-10-20 06:19:40,556 [pool-67-thread-1] INFO  server.RaftServerConfigKeys (ConfUtils.java:logGet(43)) - raft.server.log.segment.cache.num.max = 2 (custom)
2019-10-20 06:19:40,556 [pool-37-thread-1] INFO  segmented.SegmentedRaftLogWorker (SegmentedRaftLogWorker.java:<init>(173)) - new 6c1327b8-5bfa-47cd-850a-df150bd7b196@group-466441C093D1-SegmentedRaftLogWorker for RaftStorage:Storage Directory /workdir/hadoop-ozone/tools/target/test-dir/MiniOzoneClusterImpl-58b3a14b-8347-4dab-aab6-d610c62ac67a/datanode-1/data/ratis/4cf0ab31-3992-4fd1-ae57-466441c093d1
2019-10-20 06:19:40,556 [pool-67-thread-1] INFO  segmented.SegmentedRaftLogWorker (SegmentedRaftLogWorker.java:<init>(173)) - new fe749939-5c4f-4520-aea5-9c3fb525c39c@group-466441C093D1-SegmentedRaftLogWorker for RaftStorage:Storage Directory /workdir/hadoop-ozone/tools/target/test-dir/MiniOzoneClusterImpl-58b3a14b-8347-4dab-aab6-d610c62ac67a/datanode-4/data/ratis/4cf0ab31-3992-4fd1-ae57-466441c093d1
2019-10-20 06:19:40,556 [pool-57-thread-1] INFO  server.RaftServerConfigKeys (ConfUtils.java:logGet(43)) - raft.server.log.segment.size.max = 1048576 (custom)
2019-10-20 06:19:40,557 [pool-67-thread-1] INFO  server.RaftServerConfigKeys (ConfUtils.java:logGet(43)) - raft.server.log.queue.byte-limit = 2147483647 (custom)
2019-10-20 06:19:40,557 [pool-37-thread-1] INFO  server.RaftServerConfigKeys (ConfUtils.java:logGet(43)) - raft.server.log.queue.byte-limit = 2147483647 (custom)
2019-10-20 06:19:40,557 [pool-67-thread-1] INFO  server.RaftServerConfigKeys (ConfUtils.java:logGet(43)) - raft.server.log.queue.element-limit = 1024 (custom)
2019-10-20 06:19:40,557 [pool-57-thread-1] INFO  server.RaftServerConfigKeys (ConfUtils.java:logGet(43)) - raft.server.log.preallocated.size = 16384 (custom)
2019-10-20 06:19:40,557 [pool-67-thread-1] INFO  server.RaftServerConfigKeys (ConfUtils.java:logGet(43)) - raft.server.log.segment.size.max = 1048576 (custom)
2019-10-20 06:19:40,557 [pool-37-thread-1] INFO  server.RaftServerConfigKeys (ConfUtils.java:logGet(43)) - raft.server.log.queue.element-limit = 1024 (custom)
2019-10-20 06:19:40,558 [pool-67-thread-1] INFO  server.RaftServerConfigKeys (ConfUtils.java:logGet(43)) - raft.server.log.preallocated.size = 16384 (custom)
2019-10-20 06:19:40,557 [pool-57-thread-1] INFO  server.RaftServerConfigKeys (ConfUtils.java:logGet(43)) - raft.server.log.write.buffer.size = 33554432 (custom)
2019-10-20 06:19:40,558 [pool-67-thread-1] INFO  server.RaftServerConfigKeys (ConfUtils.java:logGet(43)) - raft.server.log.write.buffer.size = 33554432 (custom)
2019-10-20 06:19:40,558 [pool-37-thread-1] INFO  server.RaftServerConfigKeys (ConfUtils.java:logGet(43)) - raft.server.log.segment.size.max = 1048576 (custom)
2019-10-20 06:19:40,558 [pool-67-thread-1] INFO  server.RaftServerConfigKeys (ConfUtils.java:logGet(43)) - raft.server.log.force.sync.num = 128 (default)
2019-10-20 06:19:40,558 [pool-57-thread-1] INFO  server.RaftServerConfigKeys (ConfUtils.java:logGet(43)) - raft.server.log.force.sync.num = 128 (default)
2019-10-20 06:19:40,558 [pool-67-thread-1] INFO  server.RaftServerConfigKeys (ConfUtils.java:logGet(43)) - raft.server.log.statemachine.data.sync = true (default)
2019-10-20 06:19:40,558 [pool-37-thread-1] INFO  server.RaftServerConfigKeys (ConfUtils.java:logGet(43)) - raft.server.log.preallocated.size = 16384 (custom)
2019-10-20 06:19:40,559 [pool-67-thread-1] INFO  server.RaftServerConfigKeys (ConfUtils.java:logGet(43)) - raft.server.log.statemachine.data.sync.timeout = 10s (default)
2019-10-20 06:19:40,559 [pool-57-thread-1] INFO  server.RaftServerConfigKeys (ConfUtils.java:logGet(43)) - raft.server.log.statemachine.data.sync = true (default)
2019-10-20 06:19:40,559 [pool-67-thread-1] INFO  server.RaftServerConfigKeys (ConfUtils.java:logGet(43)) - raft.server.log.statemachine.data.sync.timeout.retry = -1 (default)
2019-10-20 06:19:40,559 [pool-37-thread-1] INFO  server.RaftServerConfigKeys (ConfUtils.java:logGet(43)) - raft.server.log.write.buffer.size = 33554432 (custom)
2019-10-20 06:19:40,559 [pool-57-thread-1] INFO  server.RaftServerConfigKeys (ConfUtils.java:logGet(43)) - raft.server.log.statemachine.data.sync.timeout = 10s (default)
2019-10-20 06:19:40,559 [pool-37-thread-1] INFO  server.RaftServerConfigKeys (ConfUtils.java:logGet(43)) - raft.server.log.force.sync.num = 128 (default)
2019-10-20 06:19:40,560 [pool-57-thread-1] INFO  server.RaftServerConfigKeys (ConfUtils.java:logGet(43)) - raft.server.log.statemachine.data.sync.timeout.retry = -1 (default)
2019-10-20 06:19:40,560 [pool-37-thread-1] INFO  server.RaftServerConfigKeys (ConfUtils.java:logGet(43)) - raft.server.log.statemachine.data.sync = true (default)
2019-10-20 06:19:40,560 [pool-37-thread-1] INFO  server.RaftServerConfigKeys (ConfUtils.java:logGet(43)) - raft.server.log.statemachine.data.sync.timeout = 10s (default)
2019-10-20 06:19:40,560 [pool-67-thread-1] INFO  server.RaftServerConfigKeys (ConfUtils.java:logGet(43)) - raft.server.log.statemachine.data.caching.enabled = true (custom)
2019-10-20 06:19:40,560 [pool-37-thread-1] INFO  server.RaftServerConfigKeys (ConfUtils.java:logGet(43)) - raft.server.log.statemachine.data.sync.timeout.retry = -1 (default)
2019-10-20 06:19:40,561 [pool-57-thread-1] INFO  server.RaftServerConfigKeys (ConfUtils.java:logGet(43)) - raft.server.log.statemachine.data.caching.enabled = true (custom)
2019-10-20 06:19:40,561 [pool-67-thread-1] INFO  segmented.SegmentedRaftLogWorker (SegmentedRaftLogWorker.java:lambda$new$0(128)) - fe749939-5c4f-4520-aea5-9c3fb525c39c@group-466441C093D1-SegmentedRaftLogWorker: flushIndex: setUnconditionally 0 -> -1
2019-10-20 06:19:40,561 [pool-57-thread-1] INFO  segmented.SegmentedRaftLogWorker (SegmentedRaftLogWorker.java:lambda$new$0(128)) - 92501a76-e5f9-437d-b0dc-6dcfbf7802b8@group-466441C093D1-SegmentedRaftLogWorker: flushIndex: setUnconditionally 0 -> -1
2019-10-20 06:19:40,561 [pool-67-thread-1] INFO  server.RaftServerConfigKeys (ConfUtils.java:logGet(43)) - raft.server.snapshot.auto.trigger.enabled = true (custom)
2019-10-20 06:19:40,561 [pool-37-thread-1] INFO  server.RaftServerConfigKeys (ConfUtils.java:logGet(43)) - raft.server.log.statemachine.data.caching.enabled = true (custom)
2019-10-20 06:19:40,561 [pool-67-thread-1] INFO  server.RaftServerConfigKeys (ConfUtils.java:logGet(43)) - raft.server.snapshot.auto.trigger.threshold = 10000 (custom)
2019-10-20 06:19:40,561 [pool-57-thread-1] INFO  server.RaftServerConfigKeys (ConfUtils.java:logGet(43)) - raft.server.snapshot.auto.trigger.enabled = true (custom)
2019-10-20 06:19:40,562 [pool-37-thread-1] INFO  segmented.SegmentedRaftLogWorker (SegmentedRaftLogWorker.java:lambda$new$0(128)) - 6c1327b8-5bfa-47cd-850a-df150bd7b196@group-466441C093D1-SegmentedRaftLogWorker: flushIndex: setUnconditionally 0 -> -1
2019-10-20 06:19:40,562 [pool-67-thread-1] INFO  server.RaftServerConfigKeys (ConfUtils.java:logGet(43)) - raft.server.snapshot.retention.file.num = 5 (custom)
2019-10-20 06:19:40,562 [pool-57-thread-1] INFO  server.RaftServerConfigKeys (ConfUtils.java:logGet(43)) - raft.server.snapshot.auto.trigger.threshold = 10000 (custom)
2019-10-20 06:19:40,562 [pool-37-thread-1] INFO  server.RaftServerConfigKeys (ConfUtils.java:logGet(43)) - raft.server.snapshot.auto.trigger.enabled = true (custom)
2019-10-20 06:19:40,562 [pool-67-thread-1] INFO  server.RaftServerConfigKeys (ConfUtils.java:logGet(43)) - raft.server.retrycache.expirytime = 600000ms (custom)
2019-10-20 06:19:40,562 [pool-37-thread-1] INFO  server.RaftServerConfigKeys (ConfUtils.java:logGet(43)) - raft.server.snapshot.auto.trigger.threshold = 10000 (custom)
2019-10-20 06:19:40,562 [pool-57-thread-1] INFO  server.RaftServerConfigKeys (ConfUtils.java:logGet(43)) - raft.server.snapshot.retention.file.num = 5 (custom)
2019-10-20 06:19:40,563 [pool-37-thread-1] INFO  server.RaftServerConfigKeys (ConfUtils.java:logGet(43)) - raft.server.snapshot.retention.file.num = 5 (custom)
2019-10-20 06:19:40,563 [pool-57-thread-1] INFO  server.RaftServerConfigKeys (ConfUtils.java:logGet(43)) - raft.server.retrycache.expirytime = 600000ms (custom)
2019-10-20 06:19:40,563 [pool-37-thread-1] INFO  server.RaftServerConfigKeys (ConfUtils.java:logGet(43)) - raft.server.retrycache.expirytime = 600000ms (custom)
2019-10-20 06:19:40,574 [pool-67-thread-1] INFO  impl.RaftServerImpl (RaftServerImpl.java:start(195)) - fe749939-5c4f-4520-aea5-9c3fb525c39c@group-466441C093D1: start as a follower, conf=-1: [92501a76-e5f9-437d-b0dc-6dcfbf7802b8:192.168.164.239:39204, 6c1327b8-5bfa-47cd-850a-df150bd7b196:192.168.164.239:34482, fe749939-5c4f-4520-aea5-9c3fb525c39c:192.168.164.239:41202], old=null
2019-10-20 06:19:40,574 [pool-67-thread-1] INFO  impl.RaftServerImpl (RaftServerImpl.java:setRole(184)) - fe749939-5c4f-4520-aea5-9c3fb525c39c@group-466441C093D1: changes role from      null to FOLLOWER at term 0 for startAsFollower
2019-10-20 06:19:40,574 [pool-67-thread-1] INFO  impl.RoleInfo (RoleInfo.java:updateAndGet(143)) - fe749939-5c4f-4520-aea5-9c3fb525c39c: start FollowerState
2019-10-20 06:19:40,576 [pool-67-thread-1] INFO  util.JmxRegister (JmxRegister.java:tryRegister(44)) - Successfully registered JMX Bean with object name Ratis:service=RaftServer,group=group-466441C093D1,id=fe749939-5c4f-4520-aea5-9c3fb525c39c
2019-10-20 06:19:40,577 [pool-37-thread-1] INFO  impl.RaftServerImpl (RaftServerImpl.java:start(195)) - 6c1327b8-5bfa-47cd-850a-df150bd7b196@group-466441C093D1: start as a follower, conf=-1: [92501a76-e5f9-437d-b0dc-6dcfbf7802b8:192.168.164.239:39204, 6c1327b8-5bfa-47cd-850a-df150bd7b196:192.168.164.239:34482, fe749939-5c4f-4520-aea5-9c3fb525c39c:192.168.164.239:41202], old=null
2019-10-20 06:19:40,577 [pool-37-thread-1] INFO  impl.RaftServerImpl (RaftServerImpl.java:setRole(184)) - 6c1327b8-5bfa-47cd-850a-df150bd7b196@group-466441C093D1: changes role from      null to FOLLOWER at term 0 for startAsFollower
2019-10-20 06:19:40,577 [pool-37-thread-1] INFO  impl.RoleInfo (RoleInfo.java:updateAndGet(143)) - 6c1327b8-5bfa-47cd-850a-df150bd7b196: start FollowerState
2019-10-20 06:19:40,577 [pool-37-thread-1] INFO  util.JmxRegister (JmxRegister.java:tryRegister(44)) - Successfully registered JMX Bean with object name Ratis:service=RaftServer,group=group-466441C093D1,id=6c1327b8-5bfa-47cd-850a-df150bd7b196
2019-10-20 06:19:40,578 [pool-57-thread-1] INFO  impl.RaftServerImpl (RaftServerImpl.java:<init>(104)) - 92501a76-e5f9-437d-b0dc-6dcfbf7802b8: new RaftServerImpl for group-518F4D5B86F1:[92501a76-e5f9-437d-b0dc-6dcfbf7802b8:192.168.164.239:39204] with ContainerStateMachine:uninitialized
2019-10-20 06:19:40,578 [pool-57-thread-1] INFO  server.RaftServerConfigKeys (ConfUtils.java:logGet(43)) - raft.server.rpc.timeout.min = 5s (custom)
2019-10-20 06:19:40,578 [pool-57-thread-1] INFO  server.RaftServerConfigKeys (ConfUtils.java:logGet(43)) - raft.server.rpc.timeout.max = 5200ms (custom)
2019-10-20 06:19:40,579 [pool-57-thread-1] INFO  server.RaftServerConfigKeys (ConfUtils.java:logGet(43)) - raft.server.rpcslowness.timeout = 120s (custom)
2019-10-20 06:19:40,579 [pool-57-thread-1] INFO  server.RaftServerConfigKeys (ConfUtils.java:logGet(43)) - raft.server.sleep.deviation.threshold = 300 (default)
2019-10-20 06:19:40,579 [pool-57-thread-1] INFO  server.RaftServerConfigKeys (ConfUtils.java:logGet(43)) - raft.server.log.appender.install.snapshot.enabled = false (custom)
2019-10-20 06:19:40,580 [pool-57-thread-1] INFO  impl.RaftServerImpl (ServerState.java:<init>(103)) - 92501a76-e5f9-437d-b0dc-6dcfbf7802b8@group-518F4D5B86F1: ConfigurationManager, init=-1: [92501a76-e5f9-437d-b0dc-6dcfbf7802b8:192.168.164.239:39204], old=null, confs=<EMPTY_MAP>
2019-10-20 06:19:40,580 [pool-57-thread-1] INFO  server.RaftServerConfigKeys (ConfUtils.java:logGet(43)) - raft.server.storage.dir = [/workdir/hadoop-ozone/tools/target/test-dir/MiniOzoneClusterImpl-58b3a14b-8347-4dab-aab6-d610c62ac67a/datanode-3/data/ratis] (custom)
2019-10-20 06:19:40,580 [pool-57-thread-1] INFO  server.RaftServerConfigKeys (ConfUtils.java:logGet(43)) - raft.server.log.corruption.policy = EXCEPTION (default)
2019-10-20 06:19:40,580 [pool-57-thread-1] INFO  storage.RaftStorageDirectory (RaftStorageDirectory.java:analyzeStorage(246)) - The storage directory /workdir/hadoop-ozone/tools/target/test-dir/MiniOzoneClusterImpl-58b3a14b-8347-4dab-aab6-d610c62ac67a/datanode-3/data/ratis/3d9fe682-c764-4f6e-ae53-518f4d5b86f1 does not exist. Creating ...
2019-10-20 06:19:40,677 [Thread-223] INFO  impl.FollowerState (FollowerState.java:run(108)) - fe749939-5c4f-4520-aea5-9c3fb525c39c@group-466441C093D1-FollowerState: change to CANDIDATE, lastRpcTime:102ms, electionTimeout:101ms
2019-10-20 06:19:40,680 [Thread-223] INFO  impl.RoleInfo (RoleInfo.java:shutdownFollowerState(121)) - fe749939-5c4f-4520-aea5-9c3fb525c39c: shutdown FollowerState
2019-10-20 06:19:40,680 [Thread-223] INFO  impl.RaftServerImpl (RaftServerImpl.java:setRole(184)) - fe749939-5c4f-4520-aea5-9c3fb525c39c@group-466441C093D1: changes role from  FOLLOWER to CANDIDATE at term 0 for changeToCandidate
2019-10-20 06:19:40,687 [Thread-218] INFO  impl.FollowerState (FollowerState.java:run(108)) - 93f57cf9-5ad5-4d84-9869-e9d0db32cadd@group-51D17A1DBCBF-FollowerState: change to CANDIDATE, lastRpcTime:192ms, electionTimeout:191ms
2019-10-20 06:19:40,688 [Thread-223] INFO  impl.RoleInfo (RoleInfo.java:updateAndGet(143)) - fe749939-5c4f-4520-aea5-9c3fb525c39c: start LeaderElection
2019-10-20 06:19:40,688 [Thread-218] INFO  impl.RoleInfo (RoleInfo.java:shutdownFollowerState(121)) - 93f57cf9-5ad5-4d84-9869-e9d0db32cadd: shutdown FollowerState
2019-10-20 06:19:40,688 [Thread-218] INFO  impl.RaftServerImpl (RaftServerImpl.java:setRole(184)) - 93f57cf9-5ad5-4d84-9869-e9d0db32cadd@group-51D17A1DBCBF: changes role from  FOLLOWER to CANDIDATE at term 0 for changeToCandidate
2019-10-20 06:19:40,692 [Thread-218] INFO  impl.RoleInfo (RoleInfo.java:updateAndGet(143)) - 93f57cf9-5ad5-4d84-9869-e9d0db32cadd: start LeaderElection
2019-10-20 06:19:40,713 [Thread-224] INFO  impl.FollowerState (FollowerState.java:run(108)) - 6c1327b8-5bfa-47cd-850a-df150bd7b196@group-466441C093D1-FollowerState: change to CANDIDATE, lastRpcTime:136ms, electionTimeout:136ms
2019-10-20 06:19:40,714 [Thread-224] INFO  impl.RoleInfo (RoleInfo.java:shutdownFollowerState(121)) - 6c1327b8-5bfa-47cd-850a-df150bd7b196: shutdown FollowerState
2019-10-20 06:19:40,714 [Thread-224] INFO  impl.RaftServerImpl (RaftServerImpl.java:setRole(184)) - 6c1327b8-5bfa-47cd-850a-df150bd7b196@group-466441C093D1: changes role from  FOLLOWER to CANDIDATE at term 0 for changeToCandidate
2019-10-20 06:19:40,714 [Thread-224] INFO  impl.RoleInfo (RoleInfo.java:updateAndGet(143)) - 6c1327b8-5bfa-47cd-850a-df150bd7b196: start LeaderElection
 0.00% |?                                                                                                    |  0/1 Time: 0:00:06 0.00% |?                                                                                                    |  0/1 Time: 0:00:072019-10-20 06:19:42,547 [RATISCREATEPIPELINE1] ERROR pipeline.RatisPipelineProvider (RatisPipelineProvider.java:lambda$null$5(237)) - Failed invoke Ratis rpc org.apache.hadoop.hdds.scm.pipeline.RatisPipelineProvider$$Lambda$197/1639088927@6f22e694 for 92501a76-e5f9-437d-b0dc-6dcfbf7802b8
org.apache.ratis.protocol.TimeoutIOException: deadline exceeded after 2999708401ns
	at org.apache.ratis.grpc.GrpcUtil.tryUnwrapException(GrpcUtil.java:82)
	at org.apache.ratis.grpc.GrpcUtil.unwrapException(GrpcUtil.java:75)
	at org.apache.ratis.grpc.client.GrpcClientProtocolClient.blockingCall(GrpcClientProtocolClient.java:184)
	at org.apache.ratis.grpc.client.GrpcClientProtocolClient.groupAdd(GrpcClientProtocolClient.java:153)
	at org.apache.ratis.grpc.client.GrpcClientRpc.sendRequest(GrpcClientRpc.java:94)
	at org.apache.ratis.client.impl.RaftClientImpl.sendRequest(RaftClientImpl.java:278)
	at org.apache.ratis.client.impl.RaftClientImpl.groupAdd(RaftClientImpl.java:205)
	at org.apache.hadoop.hdds.scm.pipeline.RatisPipelineProvider.lambda$initializePipeline$4(RatisPipelineProvider.java:198)
	at org.apache.hadoop.hdds.scm.pipeline.RatisPipelineProvider.lambda$null$5(RatisPipelineProvider.java:233)
	at java.util.stream.ForEachOps$ForEachOp$OfRef.accept(ForEachOps.java:183)
	at java.util.ArrayList$ArrayListSpliterator.forEachRemaining(ArrayList.java:1382)
	at java.util.stream.AbstractPipeline.copyInto(AbstractPipeline.java:482)
	at java.util.stream.ForEachOps$ForEachTask.compute(ForEachOps.java:290)
	at java.util.concurrent.CountedCompleter.exec(CountedCompleter.java:731)
	at java.util.concurrent.ForkJoinTask.doExec(ForkJoinTask.java:289)
	at java.util.concurrent.ForkJoinTask.doInvoke(ForkJoinTask.java:401)
	at java.util.concurrent.ForkJoinTask.invoke(ForkJoinTask.java:734)
	at java.util.stream.ForEachOps$ForEachOp.evaluateParallel(ForEachOps.java:159)
	at java.util.stream.ForEachOps$ForEachOp$OfRef.evaluateParallel(ForEachOps.java:173)
	at java.util.stream.AbstractPipeline.evaluate(AbstractPipeline.java:233)
	at java.util.stream.ReferencePipeline.forEach(ReferencePipeline.java:485)
	at java.util.stream.ReferencePipeline$Head.forEach(ReferencePipeline.java:650)
	at org.apache.hadoop.hdds.scm.pipeline.RatisPipelineProvider.lambda$callRatisRpc$6(RatisPipelineProvider.java:227)
	at java.util.concurrent.ForkJoinTask$AdaptedRunnableAction.exec(ForkJoinTask.java:1386)
	at java.util.concurrent.ForkJoinTask.doExec(ForkJoinTask.java:289)
	at java.util.concurrent.ForkJoinPool$WorkQueue.runTask(ForkJoinPool.java:1056)
	at java.util.concurrent.ForkJoinPool.runWorker(ForkJoinPool.java:1692)
	at java.util.concurrent.ForkJoinWorkerThread.run(ForkJoinWorkerThread.java:157)
Caused by: org.apache.ratis.thirdparty.io.grpc.StatusRuntimeException: DEADLINE_EXCEEDED: deadline exceeded after 2999708401ns
	at org.apache.ratis.thirdparty.io.grpc.stub.ClientCalls.toStatusRuntimeException(ClientCalls.java:233)
	at org.apache.ratis.thirdparty.io.grpc.stub.ClientCalls.getUnchecked(ClientCalls.java:214)
	at org.apache.ratis.thirdparty.io.grpc.stub.ClientCalls.blockingUnaryCall(ClientCalls.java:139)
	at org.apache.ratis.proto.grpc.AdminProtocolServiceGrpc$AdminProtocolServiceBlockingStub.groupManagement(AdminProtocolServiceGrpc.java:274)
	at org.apache.ratis.grpc.client.GrpcClientProtocolClient.lambda$groupAdd$3(GrpcClientProtocolClient.java:155)
	at org.apache.ratis.grpc.client.GrpcClientProtocolClient.blockingCall(GrpcClientProtocolClient.java:182)
	... 25 more
2019-10-20 06:19:42,584 [grpc-default-executor-0] INFO  impl.RaftServerProxy (RaftServerProxy.java:addNew(89)) - 6c1327b8-5bfa-47cd-850a-df150bd7b196: addNew group-5C6E57934170:[92501a76-e5f9-437d-b0dc-6dcfbf7802b8:192.168.164.239:39204, 6c1327b8-5bfa-47cd-850a-df150bd7b196:192.168.164.239:34482, fe749939-5c4f-4520-aea5-9c3fb525c39c:192.168.164.239:41202] returns group-5C6E57934170:java.util.concurrent.CompletableFuture@7cfea4da[Not completed]
2019-10-20 06:19:42,587 [grpc-default-executor-2] INFO  impl.RaftServerProxy (RaftServerProxy.java:addNew(89)) - 92501a76-e5f9-437d-b0dc-6dcfbf7802b8: addNew group-5C6E57934170:[92501a76-e5f9-437d-b0dc-6dcfbf7802b8:192.168.164.239:39204, 6c1327b8-5bfa-47cd-850a-df150bd7b196:192.168.164.239:34482, fe749939-5c4f-4520-aea5-9c3fb525c39c:192.168.164.239:41202] returns group-5C6E57934170:java.util.concurrent.CompletableFuture@70c8c2bd[Not completed]
2019-10-20 06:19:42,587 [grpc-default-executor-3] INFO  impl.RaftServerProxy (RaftServerProxy.java:addNew(89)) - fe749939-5c4f-4520-aea5-9c3fb525c39c: addNew group-5C6E57934170:[92501a76-e5f9-437d-b0dc-6dcfbf7802b8:192.168.164.239:39204, 6c1327b8-5bfa-47cd-850a-df150bd7b196:192.168.164.239:34482, fe749939-5c4f-4520-aea5-9c3fb525c39c:192.168.164.239:41202] returns group-5C6E57934170:java.util.concurrent.CompletableFuture@3e5a47b2[Not completed]
2019-10-20 06:19:42,588 [pool-37-thread-1] INFO  impl.RaftServerImpl (RaftServerImpl.java:<init>(104)) - 6c1327b8-5bfa-47cd-850a-df150bd7b196: new RaftServerImpl for group-5C6E57934170:[92501a76-e5f9-437d-b0dc-6dcfbf7802b8:192.168.164.239:39204, 6c1327b8-5bfa-47cd-850a-df150bd7b196:192.168.164.239:34482, fe749939-5c4f-4520-aea5-9c3fb525c39c:192.168.164.239:41202] with ContainerStateMachine:uninitialized
2019-10-20 06:19:42,589 [pool-37-thread-1] INFO  server.RaftServerConfigKeys (ConfUtils.java:logGet(43)) - raft.server.rpc.timeout.min = 5s (custom)
2019-10-20 06:19:42,589 [pool-37-thread-1] INFO  server.RaftServerConfigKeys (ConfUtils.java:logGet(43)) - raft.server.rpc.timeout.max = 5200ms (custom)
2019-10-20 06:19:42,589 [pool-37-thread-1] INFO  server.RaftServerConfigKeys (ConfUtils.java:logGet(43)) - raft.server.rpcslowness.timeout = 120s (custom)
2019-10-20 06:19:42,589 [pool-37-thread-1] INFO  server.RaftServerConfigKeys (ConfUtils.java:logGet(43)) - raft.server.sleep.deviation.threshold = 300 (default)
2019-10-20 06:19:42,589 [pool-37-thread-1] INFO  server.RaftServerConfigKeys (ConfUtils.java:logGet(43)) - raft.server.log.appender.install.snapshot.enabled = false (custom)
2019-10-20 06:19:42,589 [pool-67-thread-1] INFO  impl.RaftServerImpl (RaftServerImpl.java:<init>(104)) - fe749939-5c4f-4520-aea5-9c3fb525c39c: new RaftServerImpl for group-5C6E57934170:[92501a76-e5f9-437d-b0dc-6dcfbf7802b8:192.168.164.239:39204, 6c1327b8-5bfa-47cd-850a-df150bd7b196:192.168.164.239:34482, fe749939-5c4f-4520-aea5-9c3fb525c39c:192.168.164.239:41202] with ContainerStateMachine:uninitialized
2019-10-20 06:19:42,589 [pool-37-thread-1] INFO  impl.RaftServerImpl (ServerState.java:<init>(103)) - 6c1327b8-5bfa-47cd-850a-df150bd7b196@group-5C6E57934170: ConfigurationManager, init=-1: [92501a76-e5f9-437d-b0dc-6dcfbf7802b8:192.168.164.239:39204, 6c1327b8-5bfa-47cd-850a-df150bd7b196:192.168.164.239:34482, fe749939-5c4f-4520-aea5-9c3fb525c39c:192.168.164.239:41202], old=null, confs=<EMPTY_MAP>
2019-10-20 06:19:42,590 [pool-67-thread-1] INFO  server.RaftServerConfigKeys (ConfUtils.java:logGet(43)) - raft.server.rpc.timeout.min = 5s (custom)
2019-10-20 06:19:42,590 [pool-37-thread-1] INFO  server.RaftServerConfigKeys (ConfUtils.java:logGet(43)) - raft.server.storage.dir = [/workdir/hadoop-ozone/tools/target/test-dir/MiniOzoneClusterImpl-58b3a14b-8347-4dab-aab6-d610c62ac67a/datanode-1/data/ratis] (custom)
2019-10-20 06:19:42,590 [pool-67-thread-1] INFO  server.RaftServerConfigKeys (ConfUtils.java:logGet(43)) - raft.server.rpc.timeout.max = 5200ms (custom)
2019-10-20 06:19:42,590 [pool-67-thread-1] INFO  server.RaftServerConfigKeys (ConfUtils.java:logGet(43)) - raft.server.rpcslowness.timeout = 120s (custom)
2019-10-20 06:19:42,590 [pool-37-thread-1] INFO  server.RaftServerConfigKeys (ConfUtils.java:logGet(43)) - raft.server.log.corruption.policy = EXCEPTION (default)
2019-10-20 06:19:42,590 [pool-67-thread-1] INFO  server.RaftServerConfigKeys (ConfUtils.java:logGet(43)) - raft.server.sleep.deviation.threshold = 300 (default)
2019-10-20 06:19:42,591 [pool-37-thread-1] INFO  storage.RaftStorageDirectory (RaftStorageDirectory.java:analyzeStorage(246)) - The storage directory /workdir/hadoop-ozone/tools/target/test-dir/MiniOzoneClusterImpl-58b3a14b-8347-4dab-aab6-d610c62ac67a/datanode-1/data/ratis/9bd04ab9-614d-43d9-a580-5c6e57934170 does not exist. Creating ...
2019-10-20 06:19:42,591 [pool-67-thread-1] INFO  server.RaftServerConfigKeys (ConfUtils.java:logGet(43)) - raft.server.log.appender.install.snapshot.enabled = false (custom)
2019-10-20 06:19:42,591 [pool-67-thread-1] INFO  impl.RaftServerImpl (ServerState.java:<init>(103)) - fe749939-5c4f-4520-aea5-9c3fb525c39c@group-5C6E57934170: ConfigurationManager, init=-1: [92501a76-e5f9-437d-b0dc-6dcfbf7802b8:192.168.164.239:39204, 6c1327b8-5bfa-47cd-850a-df150bd7b196:192.168.164.239:34482, fe749939-5c4f-4520-aea5-9c3fb525c39c:192.168.164.239:41202], old=null, confs=<EMPTY_MAP>
2019-10-20 06:19:42,591 [pool-67-thread-1] INFO  server.RaftServerConfigKeys (ConfUtils.java:logGet(43)) - raft.server.storage.dir = [/workdir/hadoop-ozone/tools/target/test-dir/MiniOzoneClusterImpl-58b3a14b-8347-4dab-aab6-d610c62ac67a/datanode-4/data/ratis] (custom)
2019-10-20 06:19:42,592 [pool-67-thread-1] INFO  server.RaftServerConfigKeys (ConfUtils.java:logGet(43)) - raft.server.log.corruption.policy = EXCEPTION (default)
2019-10-20 06:19:42,592 [pool-67-thread-1] INFO  storage.RaftStorageDirectory (RaftStorageDirectory.java:analyzeStorage(246)) - The storage directory /workdir/hadoop-ozone/tools/target/test-dir/MiniOzoneClusterImpl-58b3a14b-8347-4dab-aab6-d610c62ac67a/datanode-4/data/ratis/9bd04ab9-614d-43d9-a580-5c6e57934170 does not exist. Creating ...
2019-10-20 06:19:43,122 [pool-57-thread-1] INFO  storage.RaftStorageDirectory (RaftStorageDirectory.java:tryLock(328)) - Lock on /workdir/hadoop-ozone/tools/target/test-dir/MiniOzoneClusterImpl-58b3a14b-8347-4dab-aab6-d610c62ac67a/datanode-3/data/ratis/3d9fe682-c764-4f6e-ae53-518f4d5b86f1/in_use.lock acquired by nodename 10681@trunk-nightly-20191020-r5wzl-4145440258
2019-10-20 06:19:43,194 [fe749939-5c4f-4520-aea5-9c3fb525c39c@group-466441C093D1-LeaderElection1] INFO  impl.LeaderElection (LeaderElection.java:askForVotes(178)) - fe749939-5c4f-4520-aea5-9c3fb525c39c@group-466441C093D1-LeaderElection1: begin an election at term 1 for -1: [92501a76-e5f9-437d-b0dc-6dcfbf7802b8:192.168.164.239:39204, 6c1327b8-5bfa-47cd-850a-df150bd7b196:192.168.164.239:34482, fe749939-5c4f-4520-aea5-9c3fb525c39c:192.168.164.239:41202], old=null
2019-10-20 06:19:43,194 [93f57cf9-5ad5-4d84-9869-e9d0db32cadd@group-51D17A1DBCBF-LeaderElection2] INFO  impl.LeaderElection (LeaderElection.java:askForVotes(178)) - 93f57cf9-5ad5-4d84-9869-e9d0db32cadd@group-51D17A1DBCBF-LeaderElection2: begin an election at term 1 for -1: [93f57cf9-5ad5-4d84-9869-e9d0db32cadd:192.168.164.239:36895], old=null
2019-10-20 06:19:43,194 [6c1327b8-5bfa-47cd-850a-df150bd7b196@group-466441C093D1-LeaderElection3] INFO  impl.LeaderElection (LeaderElection.java:askForVotes(178)) - 6c1327b8-5bfa-47cd-850a-df150bd7b196@group-466441C093D1-LeaderElection3: begin an election at term 1 for -1: [92501a76-e5f9-437d-b0dc-6dcfbf7802b8:192.168.164.239:39204, 6c1327b8-5bfa-47cd-850a-df150bd7b196:192.168.164.239:34482, fe749939-5c4f-4520-aea5-9c3fb525c39c:192.168.164.239:41202], old=null
2019-10-20 06:19:43,198 [93f57cf9-5ad5-4d84-9869-e9d0db32cadd@group-51D17A1DBCBF-LeaderElection2] INFO  impl.RoleInfo (RoleInfo.java:shutdownLeaderElection(134)) - 93f57cf9-5ad5-4d84-9869-e9d0db32cadd: shutdown LeaderElection
2019-10-20 06:19:43,200 [93f57cf9-5ad5-4d84-9869-e9d0db32cadd@group-51D17A1DBCBF-LeaderElection2] INFO  impl.RaftServerImpl (RaftServerImpl.java:setRole(184)) - 93f57cf9-5ad5-4d84-9869-e9d0db32cadd@group-51D17A1DBCBF: changes role from CANDIDATE to LEADER at term 1 for changeToLeader
2019-10-20 06:19:43,200 [93f57cf9-5ad5-4d84-9869-e9d0db32cadd@group-51D17A1DBCBF-LeaderElection2] INFO  impl.RaftServerImpl (ServerState.java:setLeader(256)) - 93f57cf9-5ad5-4d84-9869-e9d0db32cadd@group-51D17A1DBCBF: change Leader from null to 93f57cf9-5ad5-4d84-9869-e9d0db32cadd at term 1 for becomeLeader, leader elected after 3172ms
2019-10-20 06:19:43,208 [93f57cf9-5ad5-4d84-9869-e9d0db32cadd@group-51D17A1DBCBF-LeaderElection2] INFO  server.RaftServerConfigKeys (ConfUtils.java:logGet(43)) - raft.server.staging.catchup.gap = 1000 (default)
2019-10-20 06:19:43,208 [93f57cf9-5ad5-4d84-9869-e9d0db32cadd@group-51D17A1DBCBF-LeaderElection2] INFO  server.RaftServerConfigKeys (ConfUtils.java:logGet(43)) - raft.server.rpc.sleep.time = 25ms (default)
2019-10-20 06:19:43,216 [93f57cf9-5ad5-4d84-9869-e9d0db32cadd@group-51D17A1DBCBF-LeaderElection2] INFO  server.RaftServerConfigKeys (ConfUtils.java:logGet(43)) - raft.server.write.element-limit = 4096 (default)
2019-10-20 06:19:43,232 [93f57cf9-5ad5-4d84-9869-e9d0db32cadd@group-51D17A1DBCBF-LeaderElection2] INFO  server.RaftServerConfigKeys (ConfUtils.java:logGet(43)) - raft.server.watch.timeout = 10s (default)
2019-10-20 06:19:43,233 [93f57cf9-5ad5-4d84-9869-e9d0db32cadd@group-51D17A1DBCBF-LeaderElection2] INFO  server.RaftServerConfigKeys (ConfUtils.java:logGet(43)) - raft.server.watch.timeout.denomination = 1s (default)
2019-10-20 06:19:43,236 [93f57cf9-5ad5-4d84-9869-e9d0db32cadd@group-51D17A1DBCBF-LeaderElection2] INFO  server.RaftServerConfigKeys (ConfUtils.java:logGet(43)) - raft.server.watch.element-limit = 65536 (default)
2019-10-20 06:19:43,252 [grpc-default-executor-3] WARN  server.GrpcServerProtocolService (LogUtils.java:warn(134)) - 92501a76-e5f9-437d-b0dc-6dcfbf7802b8: Failed requestVote 6c1327b8-5bfa-47cd-850a-df150bd7b196->92501a76-e5f9-437d-b0dc-6dcfbf7802b8#0: org.apache.ratis.protocol.ServerNotReadyException: 92501a76-e5f9-437d-b0dc-6dcfbf7802b8@group-466441C093D1 is not in [RUNNING]: current state is NEW
2019-10-20 06:19:43,252 [grpc-default-executor-0] WARN  server.GrpcServerProtocolService (LogUtils.java:warn(134)) - 92501a76-e5f9-437d-b0dc-6dcfbf7802b8: Failed requestVote fe749939-5c4f-4520-aea5-9c3fb525c39c->92501a76-e5f9-437d-b0dc-6dcfbf7802b8#0: org.apache.ratis.protocol.ServerNotReadyException: 92501a76-e5f9-437d-b0dc-6dcfbf7802b8@group-466441C093D1 is not in [RUNNING]: current state is NEW
2019-10-20 06:19:43,273 [93f57cf9-5ad5-4d84-9869-e9d0db32cadd@group-51D17A1DBCBF-LeaderElection2] INFO  impl.RoleInfo (RoleInfo.java:updateAndGet(143)) - 93f57cf9-5ad5-4d84-9869-e9d0db32cadd: start LeaderState
2019-10-20 06:19:43,290 [93f57cf9-5ad5-4d84-9869-e9d0db32cadd@group-51D17A1DBCBF-LeaderElection2] INFO  segmented.SegmentedRaftLogWorker (SegmentedRaftLogWorker.java:startLogSegment(385)) - 93f57cf9-5ad5-4d84-9869-e9d0db32cadd@group-51D17A1DBCBF-SegmentedRaftLogWorker: Starting segment from index:0
2019-10-20 06:19:43,302 [fe749939-5c4f-4520-aea5-9c3fb525c39c@group-466441C093D1-LeaderElection1] INFO  impl.LeaderElection (LeaderElection.java:logAndReturn(56)) - fe749939-5c4f-4520-aea5-9c3fb525c39c@group-466441C093D1-LeaderElection1: Election TIMEOUT; received 1 response(s) [fe749939-5c4f-4520-aea5-9c3fb525c39c<-6c1327b8-5bfa-47cd-850a-df150bd7b196#0:FAIL-t1] and 0 exception(s); fe749939-5c4f-4520-aea5-9c3fb525c39c@group-466441C093D1:t1, leader=null, voted=fe749939-5c4f-4520-aea5-9c3fb525c39c, raftlog=fe749939-5c4f-4520-aea5-9c3fb525c39c@group-466441C093D1-SegmentedRaftLog:OPENED:c-1,f-1,i0, conf=-1: [92501a76-e5f9-437d-b0dc-6dcfbf7802b8:192.168.164.239:39204, 6c1327b8-5bfa-47cd-850a-df150bd7b196:192.168.164.239:34482, fe749939-5c4f-4520-aea5-9c3fb525c39c:192.168.164.239:41202], old=null
2019-10-20 06:19:43,304 [93f57cf9-5ad5-4d84-9869-e9d0db32cadd@group-51D17A1DBCBF-LeaderElection2] INFO  impl.RaftServerImpl (ServerState.java:setRaftConf(357)) - 93f57cf9-5ad5-4d84-9869-e9d0db32cadd@group-51D17A1DBCBF: set configuration 0: [93f57cf9-5ad5-4d84-9869-e9d0db32cadd:192.168.164.239:36895], old=null at 0
2019-10-20 06:19:43,314 [6c1327b8-5bfa-47cd-850a-df150bd7b196@group-466441C093D1-LeaderElection3] INFO  impl.LeaderElection (LogUtils.java:infoOrTrace(149)) - 6c1327b8-5bfa-47cd-850a-df150bd7b196@group-466441C093D1-LeaderElection3 got exception when requesting votes: {}
java.util.concurrent.ExecutionException: org.apache.ratis.thirdparty.io.grpc.StatusRuntimeException: INTERNAL: 92501a76-e5f9-437d-b0dc-6dcfbf7802b8@group-466441C093D1 is not in [RUNNING]: current state is NEW
	at java.util.concurrent.FutureTask.report(FutureTask.java:122)
	at java.util.concurrent.FutureTask.get(FutureTask.java:192)
	at org.apache.ratis.server.impl.LeaderElection.waitForResults(LeaderElection.java:259)
	at org.apache.ratis.server.impl.LeaderElection.askForVotes(LeaderElection.java:197)
	at org.apache.ratis.server.impl.LeaderElection.run(LeaderElection.java:133)
	at java.lang.Thread.run(Thread.java:748)
Caused by: org.apache.ratis.thirdparty.io.grpc.StatusRuntimeException: INTERNAL: 92501a76-e5f9-437d-b0dc-6dcfbf7802b8@group-466441C093D1 is not in [RUNNING]: current state is NEW
	at org.apache.ratis.thirdparty.io.grpc.stub.ClientCalls.toStatusRuntimeException(ClientCalls.java:233)
	at org.apache.ratis.thirdparty.io.grpc.stub.ClientCalls.getUnchecked(ClientCalls.java:214)
	at org.apache.ratis.thirdparty.io.grpc.stub.ClientCalls.blockingUnaryCall(ClientCalls.java:139)
	at org.apache.ratis.proto.grpc.RaftServerProtocolServiceGrpc$RaftServerProtocolServiceBlockingStub.requestVote(RaftServerProtocolServiceGrpc.java:265)
	at org.apache.ratis.grpc.server.GrpcServerProtocolClient.requestVote(GrpcServerProtocolClient.java:99)
	at org.apache.ratis.grpc.server.GrpcService.requestVote(GrpcService.java:204)
	at org.apache.ratis.server.impl.LeaderElection.lambda$submitRequests$1(LeaderElection.java:234)
	at java.util.concurrent.FutureTask.run(FutureTask.java:266)
	at java.util.concurrent.Executors$RunnableAdapter.call(Executors.java:511)
	at java.util.concurrent.FutureTask.run(FutureTask.java:266)
	at java.util.concurrent.ThreadPoolExecutor.runWorker(ThreadPoolExecutor.java:1149)
	at java.util.concurrent.ThreadPoolExecutor$Worker.run(ThreadPoolExecutor.java:624)
	... 1 more
2019-10-20 06:19:43,316 [6c1327b8-5bfa-47cd-850a-df150bd7b196@group-466441C093D1-LeaderElection3] INFO  impl.LeaderElection (LeaderElection.java:logAndReturn(56)) - 6c1327b8-5bfa-47cd-850a-df150bd7b196@group-466441C093D1-LeaderElection3: Election REJECTED; received 1 response(s) [6c1327b8-5bfa-47cd-850a-df150bd7b196<-fe749939-5c4f-4520-aea5-9c3fb525c39c#0:FAIL-t1] and 1 exception(s); 6c1327b8-5bfa-47cd-850a-df150bd7b196@group-466441C093D1:t1, leader=null, voted=6c1327b8-5bfa-47cd-850a-df150bd7b196, raftlog=6c1327b8-5bfa-47cd-850a-df150bd7b196@group-466441C093D1-SegmentedRaftLog:OPENED:c-1,f-1,i0, conf=-1: [92501a76-e5f9-437d-b0dc-6dcfbf7802b8:192.168.164.239:39204, 6c1327b8-5bfa-47cd-850a-df150bd7b196:192.168.164.239:34482, fe749939-5c4f-4520-aea5-9c3fb525c39c:192.168.164.239:41202], old=null
2019-10-20 06:19:43,316 [6c1327b8-5bfa-47cd-850a-df150bd7b196@group-466441C093D1-LeaderElection3] INFO  impl.LeaderElection (LogUtils.java:infoOrTrace(149)) -   Exception 0: {}
java.util.concurrent.ExecutionException: org.apache.ratis.thirdparty.io.grpc.StatusRuntimeException: INTERNAL: 92501a76-e5f9-437d-b0dc-6dcfbf7802b8@group-466441C093D1 is not in [RUNNING]: current state is NEW
	at java.util.concurrent.FutureTask.report(FutureTask.java:122)
	at java.util.concurrent.FutureTask.get(FutureTask.java:192)
	at org.apache.ratis.server.impl.LeaderElection.waitForResults(LeaderElection.java:259)
	at org.apache.ratis.server.impl.LeaderElection.askForVotes(LeaderElection.java:197)
	at org.apache.ratis.server.impl.LeaderElection.run(LeaderElection.java:133)
	at java.lang.Thread.run(Thread.java:748)
Caused by: org.apache.ratis.thirdparty.io.grpc.StatusRuntimeException: INTERNAL: 92501a76-e5f9-437d-b0dc-6dcfbf7802b8@group-466441C093D1 is not in [RUNNING]: current state is NEW
	at org.apache.ratis.thirdparty.io.grpc.stub.ClientCalls.toStatusRuntimeException(ClientCalls.java:233)
	at org.apache.ratis.thirdparty.io.grpc.stub.ClientCalls.getUnchecked(ClientCalls.java:214)
	at org.apache.ratis.thirdparty.io.grpc.stub.ClientCalls.blockingUnaryCall(ClientCalls.java:139)
	at org.apache.ratis.proto.grpc.RaftServerProtocolServiceGrpc$RaftServerProtocolServiceBlockingStub.requestVote(RaftServerProtocolServiceGrpc.java:265)
	at org.apache.ratis.grpc.server.GrpcServerProtocolClient.requestVote(GrpcServerProtocolClient.java:99)
	at org.apache.ratis.grpc.server.GrpcService.requestVote(GrpcService.java:204)
	at org.apache.ratis.server.impl.LeaderElection.lambda$submitRequests$1(LeaderElection.java:234)
	at java.util.concurrent.FutureTask.run(FutureTask.java:266)
	at java.util.concurrent.Executors$RunnableAdapter.call(Executors.java:511)
	at java.util.concurrent.FutureTask.run(FutureTask.java:266)
	at java.util.concurrent.ThreadPoolExecutor.runWorker(ThreadPoolExecutor.java:1149)
	at java.util.concurrent.ThreadPoolExecutor$Worker.run(ThreadPoolExecutor.java:624)
	... 1 more
2019-10-20 06:19:43,318 [6c1327b8-5bfa-47cd-850a-df150bd7b196@group-466441C093D1-LeaderElection3] INFO  impl.RaftServerImpl (RaftServerImpl.java:setRole(184)) - 6c1327b8-5bfa-47cd-850a-df150bd7b196@group-466441C093D1: changes role from CANDIDATE to FOLLOWER at term 1 for DISCOVERED_A_NEW_TERM
2019-10-20 06:19:43,318 [6c1327b8-5bfa-47cd-850a-df150bd7b196@group-466441C093D1-LeaderElection3] INFO  impl.RoleInfo (RoleInfo.java:shutdownLeaderElection(134)) - 6c1327b8-5bfa-47cd-850a-df150bd7b196: shutdown LeaderElection
2019-10-20 06:19:43,318 [6c1327b8-5bfa-47cd-850a-df150bd7b196@group-466441C093D1-LeaderElection3] INFO  impl.RoleInfo (RoleInfo.java:updateAndGet(143)) - 6c1327b8-5bfa-47cd-850a-df150bd7b196: start FollowerState
2019-10-20 06:19:43,418 [Thread-235] INFO  impl.FollowerState (FollowerState.java:run(108)) - 6c1327b8-5bfa-47cd-850a-df150bd7b196@group-466441C093D1-FollowerState: change to CANDIDATE, lastRpcTime:100ms, electionTimeout:99ms
2019-10-20 06:19:43,434 [Thread-235] INFO  impl.RoleInfo (RoleInfo.java:shutdownFollowerState(121)) - 6c1327b8-5bfa-47cd-850a-df150bd7b196: shutdown FollowerState
2019-10-20 06:19:43,434 [Thread-235] INFO  impl.RaftServerImpl (RaftServerImpl.java:setRole(184)) - 6c1327b8-5bfa-47cd-850a-df150bd7b196@group-466441C093D1: changes role from  FOLLOWER to CANDIDATE at term 1 for changeToCandidate
2019-10-20 06:19:43,434 [Thread-235] INFO  impl.RoleInfo (RoleInfo.java:updateAndGet(143)) - 6c1327b8-5bfa-47cd-850a-df150bd7b196: start LeaderElection
 0.00% |?                                                                                                    |  0/1 Time: 0:00:082019-10-20 06:19:43,489 [pool-37-thread-1] INFO  storage.RaftStorageDirectory (RaftStorageDirectory.java:tryLock(328)) - Lock on /workdir/hadoop-ozone/tools/target/test-dir/MiniOzoneClusterImpl-58b3a14b-8347-4dab-aab6-d610c62ac67a/datanode-1/data/ratis/9bd04ab9-614d-43d9-a580-5c6e57934170/in_use.lock acquired by nodename 10681@trunk-nightly-20191020-r5wzl-4145440258
2019-10-20 06:19:43,489 [pool-67-thread-1] INFO  storage.RaftStorageDirectory (RaftStorageDirectory.java:tryLock(328)) - Lock on /workdir/hadoop-ozone/tools/target/test-dir/MiniOzoneClusterImpl-58b3a14b-8347-4dab-aab6-d610c62ac67a/datanode-4/data/ratis/9bd04ab9-614d-43d9-a580-5c6e57934170/in_use.lock acquired by nodename 10681@trunk-nightly-20191020-r5wzl-4145440258
 0.00% |?                                                                                                    |  0/1 Time: 0:00:09 0.00% |?                                                                                                    |  0/1 Time: 0:00:102019-10-20 06:19:45,524 [pool-37-thread-1] INFO  storage.RaftStorage (RaftStorage.java:format(84)) - Storage directory /workdir/hadoop-ozone/tools/target/test-dir/MiniOzoneClusterImpl-58b3a14b-8347-4dab-aab6-d610c62ac67a/datanode-1/data/ratis/9bd04ab9-614d-43d9-a580-5c6e57934170 has been successfully formatted.
2019-10-20 06:19:45,524 [6c1327b8-5bfa-47cd-850a-df150bd7b196@group-466441C093D1-LeaderElection4] INFO  impl.LeaderElection (LeaderElection.java:askForVotes(178)) - 6c1327b8-5bfa-47cd-850a-df150bd7b196@group-466441C093D1-LeaderElection4: begin an election at term 2 for -1: [92501a76-e5f9-437d-b0dc-6dcfbf7802b8:192.168.164.239:39204, 6c1327b8-5bfa-47cd-850a-df150bd7b196:192.168.164.239:34482, fe749939-5c4f-4520-aea5-9c3fb525c39c:192.168.164.239:41202], old=null
2019-10-20 06:19:45,524 [fe749939-5c4f-4520-aea5-9c3fb525c39c@group-466441C093D1-LeaderElection1] INFO  impl.LeaderElection (LeaderElection.java:askForVotes(178)) - fe749939-5c4f-4520-aea5-9c3fb525c39c@group-466441C093D1-LeaderElection1: begin an election at term 2 for -1: [92501a76-e5f9-437d-b0dc-6dcfbf7802b8:192.168.164.239:39204, 6c1327b8-5bfa-47cd-850a-df150bd7b196:192.168.164.239:34482, fe749939-5c4f-4520-aea5-9c3fb525c39c:192.168.164.239:41202], old=null
2019-10-20 06:19:45,524 [93f57cf9-5ad5-4d84-9869-e9d0db32cadd@group-51D17A1DBCBF-SegmentedRaftLogWorker] INFO  segmented.SegmentedRaftLogWorker (SegmentedRaftLogWorker.java:execute(576)) - 93f57cf9-5ad5-4d84-9869-e9d0db32cadd@group-51D17A1DBCBF-SegmentedRaftLogWorker: created new log segment /workdir/hadoop-ozone/tools/target/test-dir/MiniOzoneClusterImpl-58b3a14b-8347-4dab-aab6-d610c62ac67a/datanode-0/data/ratis/910799e0-9582-4471-a87e-51d17a1dbcbf/current/log_inprogress_0
2019-10-20 06:19:45,524 [pool-57-thread-1] INFO  storage.RaftStorage (RaftStorage.java:format(84)) - Storage directory /workdir/hadoop-ozone/tools/target/test-dir/MiniOzoneClusterImpl-58b3a14b-8347-4dab-aab6-d610c62ac67a/datanode-3/data/ratis/3d9fe682-c764-4f6e-ae53-518f4d5b86f1 has been successfully formatted.
2019-10-20 06:19:45,524 [pool-67-thread-1] INFO  storage.RaftStorage (RaftStorage.java:format(84)) - Storage directory /workdir/hadoop-ozone/tools/target/test-dir/MiniOzoneClusterImpl-58b3a14b-8347-4dab-aab6-d610c62ac67a/datanode-4/data/ratis/9bd04ab9-614d-43d9-a580-5c6e57934170 has been successfully formatted.
2019-10-20 06:19:45,525 [pool-37-thread-1] INFO  ratis.ContainerStateMachine (ContainerStateMachine.java:loadSnapshot(231)) - group-5C6E57934170: The snapshot info is null. Setting the last applied indexto:(t:0, i:~)
2019-10-20 06:19:45,526 [pool-67-thread-1] INFO  ratis.ContainerStateMachine (ContainerStateMachine.java:loadSnapshot(231)) - group-5C6E57934170: The snapshot info is null. Setting the last applied indexto:(t:0, i:~)
2019-10-20 06:19:45,526 [pool-37-thread-1] INFO  server.RaftServerConfigKeys (ConfUtils.java:logGet(43)) - raft.server.notification.no-leader.timeout = 120s (custom)
2019-10-20 06:19:45,526 [pool-57-thread-1] INFO  ratis.ContainerStateMachine (ContainerStateMachine.java:loadSnapshot(231)) - group-518F4D5B86F1: The snapshot info is null. Setting the last applied indexto:(t:0, i:~)
2019-10-20 06:19:45,526 [pool-37-thread-1] INFO  server.RaftServerConfigKeys (ConfUtils.java:logGet(43)) - raft.server.log.use.memory = false (default)
2019-10-20 06:19:45,526 [pool-67-thread-1] INFO  server.RaftServerConfigKeys (ConfUtils.java:logGet(43)) - raft.server.notification.no-leader.timeout = 120s (custom)
2019-10-20 06:19:45,527 [pool-37-thread-1] INFO  server.RaftServerConfigKeys (ConfUtils.java:logGet(43)) - raft.server.log.purge.gap = 1000000 (custom)
2019-10-20 06:19:45,526 [pool-57-thread-1] INFO  server.RaftServerConfigKeys (ConfUtils.java:logGet(43)) - raft.server.notification.no-leader.timeout = 120s (custom)
2019-10-20 06:19:45,527 [pool-37-thread-1] INFO  server.RaftServerConfigKeys (ConfUtils.java:logGet(43)) - raft.server.log.appender.buffer.byte-limit = 33554432 (custom)
2019-10-20 06:19:45,527 [pool-67-thread-1] INFO  server.RaftServerConfigKeys (ConfUtils.java:logGet(43)) - raft.server.log.use.memory = false (default)
2019-10-20 06:19:45,527 [pool-37-thread-1] INFO  server.RaftServerConfigKeys (ConfUtils.java:logGet(43)) - raft.server.log.segment.size.max = 1048576 (custom)
2019-10-20 06:19:45,527 [pool-57-thread-1] INFO  server.RaftServerConfigKeys (ConfUtils.java:logGet(43)) - raft.server.log.use.memory = false (default)
2019-10-20 06:19:45,528 [pool-37-thread-1] INFO  server.RaftServerConfigKeys (ConfUtils.java:logGet(43)) - raft.server.log.segment.cache.num.max = 2 (custom)
2019-10-20 06:19:45,528 [pool-67-thread-1] INFO  server.RaftServerConfigKeys (ConfUtils.java:logGet(43)) - raft.server.log.purge.gap = 1000000 (custom)
2019-10-20 06:19:45,528 [pool-37-thread-1] INFO  segmented.SegmentedRaftLogWorker (SegmentedRaftLogWorker.java:<init>(173)) - new 6c1327b8-5bfa-47cd-850a-df150bd7b196@group-5C6E57934170-SegmentedRaftLogWorker for RaftStorage:Storage Directory /workdir/hadoop-ozone/tools/target/test-dir/MiniOzoneClusterImpl-58b3a14b-8347-4dab-aab6-d610c62ac67a/datanode-1/data/ratis/9bd04ab9-614d-43d9-a580-5c6e57934170
2019-10-20 06:19:45,528 [pool-57-thread-1] INFO  server.RaftServerConfigKeys (ConfUtils.java:logGet(43)) - raft.server.log.purge.gap = 1000000 (custom)
2019-10-20 06:19:45,529 [pool-37-thread-1] INFO  server.RaftServerConfigKeys (ConfUtils.java:logGet(43)) - raft.server.log.queue.byte-limit = 2147483647 (custom)
2019-10-20 06:19:45,528 [pool-67-thread-1] INFO  server.RaftServerConfigKeys (ConfUtils.java:logGet(43)) - raft.server.log.appender.buffer.byte-limit = 33554432 (custom)
2019-10-20 06:19:45,529 [pool-37-thread-1] INFO  server.RaftServerConfigKeys (ConfUtils.java:logGet(43)) - raft.server.log.queue.element-limit = 1024 (custom)
2019-10-20 06:19:45,529 [pool-57-thread-1] INFO  server.RaftServerConfigKeys (ConfUtils.java:logGet(43)) - raft.server.log.appender.buffer.byte-limit = 33554432 (custom)
2019-10-20 06:19:45,529 [pool-37-thread-1] INFO  server.RaftServerConfigKeys (ConfUtils.java:logGet(43)) - raft.server.log.segment.size.max = 1048576 (custom)
2019-10-20 06:19:45,529 [pool-67-thread-1] INFO  server.RaftServerConfigKeys (ConfUtils.java:logGet(43)) - raft.server.log.segment.size.max = 1048576 (custom)
2019-10-20 06:19:45,530 [pool-37-thread-1] INFO  server.RaftServerConfigKeys (ConfUtils.java:logGet(43)) - raft.server.log.preallocated.size = 16384 (custom)
2019-10-20 06:19:45,530 [pool-57-thread-1] INFO  server.RaftServerConfigKeys (ConfUtils.java:logGet(43)) - raft.server.log.segment.size.max = 1048576 (custom)
2019-10-20 06:19:45,530 [pool-37-thread-1] INFO  server.RaftServerConfigKeys (ConfUtils.java:logGet(43)) - raft.server.log.write.buffer.size = 33554432 (custom)
2019-10-20 06:19:45,530 [pool-67-thread-1] INFO  server.RaftServerConfigKeys (ConfUtils.java:logGet(43)) - raft.server.log.segment.cache.num.max = 2 (custom)
2019-10-20 06:19:45,533 [pool-37-thread-1] INFO  server.RaftServerConfigKeys (ConfUtils.java:logGet(43)) - raft.server.log.force.sync.num = 128 (default)
2019-10-20 06:19:45,530 [pool-57-thread-1] INFO  server.RaftServerConfigKeys (ConfUtils.java:logGet(43)) - raft.server.log.segment.cache.num.max = 2 (custom)
2019-10-20 06:19:45,533 [pool-37-thread-1] INFO  server.RaftServerConfigKeys (ConfUtils.java:logGet(43)) - raft.server.log.statemachine.data.sync = true (default)
2019-10-20 06:19:45,533 [pool-67-thread-1] INFO  segmented.SegmentedRaftLogWorker (SegmentedRaftLogWorker.java:<init>(173)) - new fe749939-5c4f-4520-aea5-9c3fb525c39c@group-5C6E57934170-SegmentedRaftLogWorker for RaftStorage:Storage Directory /workdir/hadoop-ozone/tools/target/test-dir/MiniOzoneClusterImpl-58b3a14b-8347-4dab-aab6-d610c62ac67a/datanode-4/data/ratis/9bd04ab9-614d-43d9-a580-5c6e57934170
2019-10-20 06:19:45,534 [pool-37-thread-1] INFO  server.RaftServerConfigKeys (ConfUtils.java:logGet(43)) - raft.server.log.statemachine.data.sync.timeout = 10s (default)
2019-10-20 06:19:45,533 [pool-57-thread-1] INFO  segmented.SegmentedRaftLogWorker (SegmentedRaftLogWorker.java:<init>(173)) - new 92501a76-e5f9-437d-b0dc-6dcfbf7802b8@group-518F4D5B86F1-SegmentedRaftLogWorker for RaftStorage:Storage Directory /workdir/hadoop-ozone/tools/target/test-dir/MiniOzoneClusterImpl-58b3a14b-8347-4dab-aab6-d610c62ac67a/datanode-3/data/ratis/3d9fe682-c764-4f6e-ae53-518f4d5b86f1
2019-10-20 06:19:45,534 [pool-37-thread-1] INFO  server.RaftServerConfigKeys (ConfUtils.java:logGet(43)) - raft.server.log.statemachine.data.sync.timeout.retry = -1 (default)
2019-10-20 06:19:45,534 [pool-67-thread-1] INFO  server.RaftServerConfigKeys (ConfUtils.java:logGet(43)) - raft.server.log.queue.byte-limit = 2147483647 (custom)
2019-10-20 06:19:45,536 [pool-37-thread-1] INFO  server.RaftServerConfigKeys (ConfUtils.java:logGet(43)) - raft.server.log.statemachine.data.caching.enabled = true (custom)
2019-10-20 06:19:45,535 [pool-57-thread-1] INFO  server.RaftServerConfigKeys (ConfUtils.java:logGet(43)) - raft.server.log.queue.byte-limit = 2147483647 (custom)
2019-10-20 06:19:45,536 [pool-67-thread-1] INFO  server.RaftServerConfigKeys (ConfUtils.java:logGet(43)) - raft.server.log.queue.element-limit = 1024 (custom)
2019-10-20 06:19:45,537 [pool-57-thread-1] INFO  server.RaftServerConfigKeys (ConfUtils.java:logGet(43)) - raft.server.log.queue.element-limit = 1024 (custom)
2019-10-20 06:19:45,537 [pool-37-thread-1] INFO  segmented.SegmentedRaftLogWorker (SegmentedRaftLogWorker.java:lambda$new$0(128)) - 6c1327b8-5bfa-47cd-850a-df150bd7b196@group-5C6E57934170-SegmentedRaftLogWorker: flushIndex: setUnconditionally 0 -> -1
2019-10-20 06:19:45,538 [pool-57-thread-1] INFO  server.RaftServerConfigKeys (ConfUtils.java:logGet(43)) - raft.server.log.segment.size.max = 1048576 (custom)
2019-10-20 06:19:45,538 [pool-67-thread-1] INFO  server.RaftServerConfigKeys (ConfUtils.java:logGet(43)) - raft.server.log.segment.size.max = 1048576 (custom)
2019-10-20 06:19:45,538 [pool-37-thread-1] INFO  server.RaftServerConfigKeys (ConfUtils.java:logGet(43)) - raft.server.snapshot.auto.trigger.enabled = true (custom)
2019-10-20 06:19:45,538 [pool-57-thread-1] INFO  server.RaftServerConfigKeys (ConfUtils.java:logGet(43)) - raft.server.log.preallocated.size = 16384 (custom)
2019-10-20 06:19:45,538 [grpc-default-executor-0] WARN  server.GrpcServerProtocolService (LogUtils.java:warn(134)) - 92501a76-e5f9-437d-b0dc-6dcfbf7802b8: Failed requestVote fe749939-5c4f-4520-aea5-9c3fb525c39c->92501a76-e5f9-437d-b0dc-6dcfbf7802b8#0: org.apache.ratis.protocol.ServerNotReadyException: 92501a76-e5f9-437d-b0dc-6dcfbf7802b8@group-466441C093D1 is not in [RUNNING]: current state is NEW
2019-10-20 06:19:45,540 [pool-57-thread-1] INFO  server.RaftServerConfigKeys (ConfUtils.java:logGet(43)) - raft.server.log.write.buffer.size = 33554432 (custom)
2019-10-20 06:19:45,539 [pool-37-thread-1] INFO  server.RaftServerConfigKeys (ConfUtils.java:logGet(43)) - raft.server.snapshot.auto.trigger.threshold = 10000 (custom)
2019-10-20 06:19:45,538 [pool-67-thread-1] INFO  server.RaftServerConfigKeys (ConfUtils.java:logGet(43)) - raft.server.log.preallocated.size = 16384 (custom)
2019-10-20 06:19:45,548 [pool-37-thread-1] INFO  server.RaftServerConfigKeys (ConfUtils.java:logGet(43)) - raft.server.snapshot.retention.file.num = 5 (custom)
2019-10-20 06:19:45,541 [grpc-default-executor-1] WARN  server.GrpcServerProtocolService (LogUtils.java:warn(134)) - 92501a76-e5f9-437d-b0dc-6dcfbf7802b8: Failed requestVote 6c1327b8-5bfa-47cd-850a-df150bd7b196->92501a76-e5f9-437d-b0dc-6dcfbf7802b8#0: org.apache.ratis.protocol.ServerNotReadyException: 92501a76-e5f9-437d-b0dc-6dcfbf7802b8@group-466441C093D1 is not in [RUNNING]: current state is NEW
2019-10-20 06:19:45,548 [pool-37-thread-1] INFO  server.RaftServerConfigKeys (ConfUtils.java:logGet(43)) - raft.server.retrycache.expirytime = 600000ms (custom)
2019-10-20 06:19:45,541 [pool-57-thread-1] INFO  server.RaftServerConfigKeys (ConfUtils.java:logGet(43)) - raft.server.log.force.sync.num = 128 (default)
2019-10-20 06:19:45,548 [pool-67-thread-1] INFO  server.RaftServerConfigKeys (ConfUtils.java:logGet(43)) - raft.server.log.write.buffer.size = 33554432 (custom)
2019-10-20 06:19:45,549 [pool-57-thread-1] INFO  server.RaftServerConfigKeys (ConfUtils.java:logGet(43)) - raft.server.log.statemachine.data.sync = true (default)
2019-10-20 06:19:45,551 [pool-67-thread-1] INFO  server.RaftServerConfigKeys (ConfUtils.java:logGet(43)) - raft.server.log.force.sync.num = 128 (default)
2019-10-20 06:19:45,551 [pool-57-thread-1] INFO  server.RaftServerConfigKeys (ConfUtils.java:logGet(43)) - raft.server.log.statemachine.data.sync.timeout = 10s (default)
2019-10-20 06:19:45,552 [pool-67-thread-1] INFO  server.RaftServerConfigKeys (ConfUtils.java:logGet(43)) - raft.server.log.statemachine.data.sync = true (default)
2019-10-20 06:19:45,555 [pool-57-thread-1] INFO  server.RaftServerConfigKeys (ConfUtils.java:logGet(43)) - raft.server.log.statemachine.data.sync.timeout.retry = -1 (default)
2019-10-20 06:19:45,556 [pool-67-thread-1] INFO  server.RaftServerConfigKeys (ConfUtils.java:logGet(43)) - raft.server.log.statemachine.data.sync.timeout = 10s (default)
2019-10-20 06:19:45,557 [pool-67-thread-1] INFO  server.RaftServerConfigKeys (ConfUtils.java:logGet(43)) - raft.server.log.statemachine.data.sync.timeout.retry = -1 (default)
2019-10-20 06:19:45,558 [pool-67-thread-1] INFO  server.RaftServerConfigKeys (ConfUtils.java:logGet(43)) - raft.server.log.statemachine.data.caching.enabled = true (custom)
2019-10-20 06:19:45,559 [pool-57-thread-1] INFO  server.RaftServerConfigKeys (ConfUtils.java:logGet(43)) - raft.server.log.statemachine.data.caching.enabled = true (custom)
2019-10-20 06:19:45,560 [pool-67-thread-1] INFO  segmented.SegmentedRaftLogWorker (SegmentedRaftLogWorker.java:lambda$new$0(128)) - fe749939-5c4f-4520-aea5-9c3fb525c39c@group-5C6E57934170-SegmentedRaftLogWorker: flushIndex: setUnconditionally 0 -> -1
2019-10-20 06:19:45,562 [RATISCREATEPIPELINE2] ERROR pipeline.RatisPipelineProvider (RatisPipelineProvider.java:lambda$null$5(237)) - Failed invoke Ratis rpc org.apache.hadoop.hdds.scm.pipeline.RatisPipelineProvider$$Lambda$197/1639088927@4b163403 for 6c1327b8-5bfa-47cd-850a-df150bd7b196
org.apache.ratis.protocol.TimeoutIOException: deadline exceeded after 2998555617ns
	at org.apache.ratis.grpc.GrpcUtil.tryUnwrapException(GrpcUtil.java:82)
	at org.apache.ratis.grpc.GrpcUtil.unwrapException(GrpcUtil.java:75)
	at org.apache.ratis.grpc.client.GrpcClientProtocolClient.blockingCall(GrpcClientProtocolClient.java:184)
	at org.apache.ratis.grpc.client.GrpcClientProtocolClient.groupAdd(GrpcClientProtocolClient.java:153)
	at org.apache.ratis.grpc.client.GrpcClientRpc.sendRequest(GrpcClientRpc.java:94)
	at org.apache.ratis.client.impl.RaftClientImpl.sendRequest(RaftClientImpl.java:278)
	at org.apache.ratis.client.impl.RaftClientImpl.groupAdd(RaftClientImpl.java:205)
	at org.apache.hadoop.hdds.scm.pipeline.RatisPipelineProvider.lambda$initializePipeline$4(RatisPipelineProvider.java:198)
	at org.apache.hadoop.hdds.scm.pipeline.RatisPipelineProvider.lambda$null$5(RatisPipelineProvider.java:233)
	at java.util.stream.ForEachOps$ForEachOp$OfRef.accept(ForEachOps.java:183)
	at java.util.ArrayList$ArrayListSpliterator.forEachRemaining(ArrayList.java:1382)
	at java.util.stream.AbstractPipeline.copyInto(AbstractPipeline.java:482)
	at java.util.stream.ForEachOps$ForEachTask.compute(ForEachOps.java:290)
	at java.util.concurrent.CountedCompleter.exec(CountedCompleter.java:731)
	at java.util.concurrent.ForkJoinTask.doExec(ForkJoinTask.java:289)
	at java.util.concurrent.ForkJoinPool$WorkQueue.runTask(ForkJoinPool.java:1056)
	at java.util.concurrent.ForkJoinPool.runWorker(ForkJoinPool.java:1692)
	at java.util.concurrent.ForkJoinWorkerThread.run(ForkJoinWorkerThread.java:157)
Caused by: org.apache.ratis.thirdparty.io.grpc.StatusRuntimeException: DEADLINE_EXCEEDED: deadline exceeded after 2998555617ns
	at org.apache.ratis.thirdparty.io.grpc.stub.ClientCalls.toStatusRuntimeException(ClientCalls.java:233)
	at org.apache.ratis.thirdparty.io.grpc.stub.ClientCalls.getUnchecked(ClientCalls.java:214)
	at org.apache.ratis.thirdparty.io.grpc.stub.ClientCalls.blockingUnaryCall(ClientCalls.java:139)
	at org.apache.ratis.proto.grpc.AdminProtocolServiceGrpc$AdminProtocolServiceBlockingStub.groupManagement(AdminProtocolServiceGrpc.java:274)
	at org.apache.ratis.grpc.client.GrpcClientProtocolClient.lambda$groupAdd$3(GrpcClientProtocolClient.java:155)
	at org.apache.ratis.grpc.client.GrpcClientProtocolClient.blockingCall(GrpcClientProtocolClient.java:182)
	... 15 more
2019-10-20 06:19:45,560 [pool-57-thread-1] INFO  segmented.SegmentedRaftLogWorker (SegmentedRaftLogWorker.java:lambda$new$0(128)) - 92501a76-e5f9-437d-b0dc-6dcfbf7802b8@group-518F4D5B86F1-SegmentedRaftLogWorker: flushIndex: setUnconditionally 0 -> -1
2019-10-20 06:19:45,565 [pool-67-thread-1] INFO  server.RaftServerConfigKeys (ConfUtils.java:logGet(43)) - raft.server.snapshot.auto.trigger.enabled = true (custom)
2019-10-20 06:19:45,562 [RATISCREATEPIPELINE1] ERROR pipeline.RatisPipelineProvider (RatisPipelineProvider.java:lambda$null$5(237)) - Failed invoke Ratis rpc org.apache.hadoop.hdds.scm.pipeline.RatisPipelineProvider$$Lambda$197/1639088927@4b163403 for fe749939-5c4f-4520-aea5-9c3fb525c39c
org.apache.ratis.protocol.TimeoutIOException: deadline exceeded after 2998573592ns
	at org.apache.ratis.grpc.GrpcUtil.tryUnwrapException(GrpcUtil.java:82)
	at org.apache.ratis.grpc.GrpcUtil.unwrapException(GrpcUtil.java:75)
	at org.apache.ratis.grpc.client.GrpcClientProtocolClient.blockingCall(GrpcClientProtocolClient.java:184)
	at org.apache.ratis.grpc.client.GrpcClientProtocolClient.groupAdd(GrpcClientProtocolClient.java:153)
	at org.apache.ratis.grpc.client.GrpcClientRpc.sendRequest(GrpcClientRpc.java:94)
	at org.apache.ratis.client.impl.RaftClientImpl.sendRequest(RaftClientImpl.java:278)
	at org.apache.ratis.client.impl.RaftClientImpl.groupAdd(RaftClientImpl.java:205)
	at org.apache.hadoop.hdds.scm.pipeline.RatisPipelineProvider.lambda$initializePipeline$4(RatisPipelineProvider.java:198)
	at org.apache.hadoop.hdds.scm.pipeline.RatisPipelineProvider.lambda$null$5(RatisPipelineProvider.java:233)
	at java.util.stream.ForEachOps$ForEachOp$OfRef.accept(ForEachOps.java:183)
	at java.util.ArrayList$ArrayListSpliterator.forEachRemaining(ArrayList.java:1382)
	at java.util.stream.AbstractPipeline.copyInto(AbstractPipeline.java:482)
	at java.util.stream.ForEachOps$ForEachTask.compute(ForEachOps.java:290)
	at java.util.concurrent.CountedCompleter.exec(CountedCompleter.java:731)
	at java.util.concurrent.ForkJoinTask.doExec(ForkJoinTask.java:289)
	at java.util.concurrent.ForkJoinTask.doInvoke(ForkJoinTask.java:401)
	at java.util.concurrent.ForkJoinTask.invoke(ForkJoinTask.java:734)
	at java.util.stream.ForEachOps$ForEachOp.evaluateParallel(ForEachOps.java:159)
	at java.util.stream.ForEachOps$ForEachOp$OfRef.evaluateParallel(ForEachOps.java:173)
	at java.util.stream.AbstractPipeline.evaluate(AbstractPipeline.java:233)
	at java.util.stream.ReferencePipeline.forEach(ReferencePipeline.java:485)
	at java.util.stream.ReferencePipeline$Head.forEach(ReferencePipeline.java:650)
	at org.apache.hadoop.hdds.scm.pipeline.RatisPipelineProvider.lambda$callRatisRpc$6(RatisPipelineProvider.java:227)
	at java.util.concurrent.ForkJoinTask$AdaptedRunnableAction.exec(ForkJoinTask.java:1386)
	at java.util.concurrent.ForkJoinTask.doExec(ForkJoinTask.java:289)
	at java.util.concurrent.ForkJoinPool$WorkQueue.runTask(ForkJoinPool.java:1056)
	at java.util.concurrent.ForkJoinPool.runWorker(ForkJoinPool.java:1692)
	at java.util.concurrent.ForkJoinWorkerThread.run(ForkJoinWorkerThread.java:157)
Caused by: org.apache.ratis.thirdparty.io.grpc.StatusRuntimeException: DEADLINE_EXCEEDED: deadline exceeded after 2998573592ns
	at org.apache.ratis.thirdparty.io.grpc.stub.ClientCalls.toStatusRuntimeException(ClientCalls.java:233)
	at org.apache.ratis.thirdparty.io.grpc.stub.ClientCalls.getUnchecked(ClientCalls.java:214)
	at org.apache.ratis.thirdparty.io.grpc.stub.ClientCalls.blockingUnaryCall(ClientCalls.java:139)
	at org.apache.ratis.proto.grpc.AdminProtocolServiceGrpc$AdminProtocolServiceBlockingStub.groupManagement(AdminProtocolServiceGrpc.java:274)
	at org.apache.ratis.grpc.client.GrpcClientProtocolClient.lambda$groupAdd$3(GrpcClientProtocolClient.java:155)
	at org.apache.ratis.grpc.client.GrpcClientProtocolClient.blockingCall(GrpcClientProtocolClient.java:182)
	... 25 more
2019-10-20 06:19:45,562 [RATISCREATEPIPELINE3] ERROR pipeline.RatisPipelineProvider (RatisPipelineProvider.java:lambda$null$5(237)) - Failed invoke Ratis rpc org.apache.hadoop.hdds.scm.pipeline.RatisPipelineProvider$$Lambda$197/1639088927@4b163403 for 92501a76-e5f9-437d-b0dc-6dcfbf7802b8
org.apache.ratis.protocol.TimeoutIOException: deadline exceeded after 2998572530ns
	at org.apache.ratis.grpc.GrpcUtil.tryUnwrapException(GrpcUtil.java:82)
	at org.apache.ratis.grpc.GrpcUtil.unwrapException(GrpcUtil.java:75)
	at org.apache.ratis.grpc.client.GrpcClientProtocolClient.blockingCall(GrpcClientProtocolClient.java:184)
	at org.apache.ratis.grpc.client.GrpcClientProtocolClient.groupAdd(GrpcClientProtocolClient.java:153)
	at org.apache.ratis.grpc.client.GrpcClientRpc.sendRequest(GrpcClientRpc.java:94)
	at org.apache.ratis.client.impl.RaftClientImpl.sendRequest(RaftClientImpl.java:278)
	at org.apache.ratis.client.impl.RaftClientImpl.groupAdd(RaftClientImpl.java:205)
	at org.apache.hadoop.hdds.scm.pipeline.RatisPipelineProvider.lambda$initializePipeline$4(RatisPipelineProvider.java:198)
	at org.apache.hadoop.hdds.scm.pipeline.RatisPipelineProvider.lambda$null$5(RatisPipelineProvider.java:233)
	at java.util.stream.ForEachOps$ForEachOp$OfRef.accept(ForEachOps.java:183)
	at java.util.ArrayList$ArrayListSpliterator.forEachRemaining(ArrayList.java:1382)
	at java.util.stream.AbstractPipeline.copyInto(AbstractPipeline.java:482)
	at java.util.stream.ForEachOps$ForEachTask.compute(ForEachOps.java:290)
	at java.util.concurrent.CountedCompleter.exec(CountedCompleter.java:731)
	at java.util.concurrent.ForkJoinTask.doExec(ForkJoinTask.java:289)
	at java.util.concurrent.ForkJoinPool$WorkQueue.runTask(ForkJoinPool.java:1056)
	at java.util.concurrent.ForkJoinPool.runWorker(ForkJoinPool.java:1692)
	at java.util.concurrent.ForkJoinWorkerThread.run(ForkJoinWorkerThread.java:157)
Caused by: org.apache.ratis.thirdparty.io.grpc.StatusRuntimeException: DEADLINE_EXCEEDED: deadline exceeded after 2998572530ns
	at org.apache.ratis.thirdparty.io.grpc.stub.ClientCalls.toStatusRuntimeException(ClientCalls.java:233)
	at org.apache.ratis.thirdparty.io.grpc.stub.ClientCalls.getUnchecked(ClientCalls.java:214)
	at org.apache.ratis.thirdparty.io.grpc.stub.ClientCalls.blockingUnaryCall(ClientCalls.java:139)
	at org.apache.ratis.proto.grpc.AdminProtocolServiceGrpc$AdminProtocolServiceBlockingStub.groupManagement(AdminProtocolServiceGrpc.java:274)
	at org.apache.ratis.grpc.client.GrpcClientProtocolClient.lambda$groupAdd$3(GrpcClientProtocolClient.java:155)
	at org.apache.ratis.grpc.client.GrpcClientProtocolClient.blockingCall(GrpcClientProtocolClient.java:182)
	... 15 more
2019-10-20 06:19:45,574 [pool-37-thread-1] INFO  impl.RaftServerImpl (RaftServerImpl.java:start(195)) - 6c1327b8-5bfa-47cd-850a-df150bd7b196@group-5C6E57934170: start as a follower, conf=-1: [92501a76-e5f9-437d-b0dc-6dcfbf7802b8:192.168.164.239:39204, 6c1327b8-5bfa-47cd-850a-df150bd7b196:192.168.164.239:34482, fe749939-5c4f-4520-aea5-9c3fb525c39c:192.168.164.239:41202], old=null
2019-10-20 06:19:45,574 [6c1327b8-5bfa-47cd-850a-df150bd7b196@group-466441C093D1-LeaderElection4] INFO  impl.LeaderElection (LogUtils.java:infoOrTrace(149)) - 6c1327b8-5bfa-47cd-850a-df150bd7b196@group-466441C093D1-LeaderElection4 got exception when requesting votes: {}
java.util.concurrent.ExecutionException: org.apache.ratis.thirdparty.io.grpc.StatusRuntimeException: INTERNAL: 92501a76-e5f9-437d-b0dc-6dcfbf7802b8@group-466441C093D1 is not in [RUNNING]: current state is NEW
	at java.util.concurrent.FutureTask.report(FutureTask.java:122)
	at java.util.concurrent.FutureTask.get(FutureTask.java:192)
	at org.apache.ratis.server.impl.LeaderElection.waitForResults(LeaderElection.java:259)
	at org.apache.ratis.server.impl.LeaderElection.askForVotes(LeaderElection.java:197)
	at org.apache.ratis.server.impl.LeaderElection.run(LeaderElection.java:133)
	at java.lang.Thread.run(Thread.java:748)
Caused by: org.apache.ratis.thirdparty.io.grpc.StatusRuntimeException: INTERNAL: 92501a76-e5f9-437d-b0dc-6dcfbf7802b8@group-466441C093D1 is not in [RUNNING]: current state is NEW
	at org.apache.ratis.thirdparty.io.grpc.stub.ClientCalls.toStatusRuntimeException(ClientCalls.java:233)
	at org.apache.ratis.thirdparty.io.grpc.stub.ClientCalls.getUnchecked(ClientCalls.java:214)
	at org.apache.ratis.thirdparty.io.grpc.stub.ClientCalls.blockingUnaryCall(ClientCalls.java:139)
	at org.apache.ratis.proto.grpc.RaftServerProtocolServiceGrpc$RaftServerProtocolServiceBlockingStub.requestVote(RaftServerProtocolServiceGrpc.java:265)
	at org.apache.ratis.grpc.server.GrpcServerProtocolClient.requestVote(GrpcServerProtocolClient.java:99)
	at org.apache.ratis.grpc.server.GrpcService.requestVote(GrpcService.java:204)
	at org.apache.ratis.server.impl.LeaderElection.lambda$submitRequests$1(LeaderElection.java:234)
	at java.util.concurrent.FutureTask.run(FutureTask.java:266)
	at java.util.concurrent.Executors$RunnableAdapter.call(Executors.java:511)
	at java.util.concurrent.FutureTask.run(FutureTask.java:266)
	at java.util.concurrent.ThreadPoolExecutor.runWorker(ThreadPoolExecutor.java:1149)
	at java.util.concurrent.ThreadPoolExecutor$Worker.run(ThreadPoolExecutor.java:624)
	... 1 more
2019-10-20 06:19:45,570 [fe749939-5c4f-4520-aea5-9c3fb525c39c@group-466441C093D1-LeaderElection1] INFO  impl.LeaderElection (LogUtils.java:infoOrTrace(149)) - fe749939-5c4f-4520-aea5-9c3fb525c39c@group-466441C093D1-LeaderElection1 got exception when requesting votes: {}
java.util.concurrent.ExecutionException: org.apache.ratis.thirdparty.io.grpc.StatusRuntimeException: INTERNAL: 92501a76-e5f9-437d-b0dc-6dcfbf7802b8@group-466441C093D1 is not in [RUNNING]: current state is NEW
	at java.util.concurrent.FutureTask.report(FutureTask.java:122)
	at java.util.concurrent.FutureTask.get(FutureTask.java:192)
	at org.apache.ratis.server.impl.LeaderElection.waitForResults(LeaderElection.java:259)
	at org.apache.ratis.server.impl.LeaderElection.askForVotes(LeaderElection.java:197)
	at org.apache.ratis.server.impl.LeaderElection.run(LeaderElection.java:133)
	at java.lang.Thread.run(Thread.java:748)
Caused by: org.apache.ratis.thirdparty.io.grpc.StatusRuntimeException: INTERNAL: 92501a76-e5f9-437d-b0dc-6dcfbf7802b8@group-466441C093D1 is not in [RUNNING]: current state is NEW
	at org.apache.ratis.thirdparty.io.grpc.stub.ClientCalls.toStatusRuntimeException(ClientCalls.java:233)
	at org.apache.ratis.thirdparty.io.grpc.stub.ClientCalls.getUnchecked(ClientCalls.java:214)
	at org.apache.ratis.thirdparty.io.grpc.stub.ClientCalls.blockingUnaryCall(ClientCalls.java:139)
	at org.apache.ratis.proto.grpc.RaftServerProtocolServiceGrpc$RaftServerProtocolServiceBlockingStub.requestVote(RaftServerProtocolServiceGrpc.java:265)
	at org.apache.ratis.grpc.server.GrpcServerProtocolClient.requestVote(GrpcServerProtocolClient.java:99)
	at org.apache.ratis.grpc.server.GrpcService.requestVote(GrpcService.java:204)
	at org.apache.ratis.server.impl.LeaderElection.lambda$submitRequests$1(LeaderElection.java:234)
	at java.util.concurrent.FutureTask.run(FutureTask.java:266)
	at java.util.concurrent.Executors$RunnableAdapter.call(Executors.java:511)
	at java.util.concurrent.FutureTask.run(FutureTask.java:266)
	at java.util.concurrent.ThreadPoolExecutor.runWorker(ThreadPoolExecutor.java:1149)
	at java.util.concurrent.ThreadPoolExecutor$Worker.run(ThreadPoolExecutor.java:624)
	... 1 more
2019-10-20 06:19:45,569 [pool-67-thread-1] INFO  server.RaftServerConfigKeys (ConfUtils.java:logGet(43)) - raft.server.snapshot.auto.trigger.threshold = 10000 (custom)
2019-10-20 06:19:45,569 [pool-57-thread-1] INFO  server.RaftServerConfigKeys (ConfUtils.java:logGet(43)) - raft.server.snapshot.auto.trigger.enabled = true (custom)
2019-10-20 06:19:45,579 [pool-67-thread-1] INFO  server.RaftServerConfigKeys (ConfUtils.java:logGet(43)) - raft.server.snapshot.retention.file.num = 5 (custom)
2019-10-20 06:19:45,579 [fe749939-5c4f-4520-aea5-9c3fb525c39c@group-466441C093D1-LeaderElection1] INFO  impl.LeaderElection (LeaderElection.java:logAndReturn(56)) - fe749939-5c4f-4520-aea5-9c3fb525c39c@group-466441C093D1-LeaderElection1: Election REJECTED; received 1 response(s) [fe749939-5c4f-4520-aea5-9c3fb525c39c<-6c1327b8-5bfa-47cd-850a-df150bd7b196#0:FAIL-t2] and 1 exception(s); fe749939-5c4f-4520-aea5-9c3fb525c39c@group-466441C093D1:t2, leader=null, voted=fe749939-5c4f-4520-aea5-9c3fb525c39c, raftlog=fe749939-5c4f-4520-aea5-9c3fb525c39c@group-466441C093D1-SegmentedRaftLog:OPENED:c-1,f-1,i0, conf=-1: [92501a76-e5f9-437d-b0dc-6dcfbf7802b8:192.168.164.239:39204, 6c1327b8-5bfa-47cd-850a-df150bd7b196:192.168.164.239:34482, fe749939-5c4f-4520-aea5-9c3fb525c39c:192.168.164.239:41202], old=null
2019-10-20 06:19:45,580 [fe749939-5c4f-4520-aea5-9c3fb525c39c@group-466441C093D1-LeaderElection1] INFO  impl.LeaderElection (LogUtils.java:infoOrTrace(149)) -   Exception 0: {}
java.util.concurrent.ExecutionException: org.apache.ratis.thirdparty.io.grpc.StatusRuntimeException: INTERNAL: 92501a76-e5f9-437d-b0dc-6dcfbf7802b8@group-466441C093D1 is not in [RUNNING]: current state is NEW
	at java.util.concurrent.FutureTask.report(FutureTask.java:122)
	at java.util.concurrent.FutureTask.get(FutureTask.java:192)
	at org.apache.ratis.server.impl.LeaderElection.waitForResults(LeaderElection.java:259)
	at org.apache.ratis.server.impl.LeaderElection.askForVotes(LeaderElection.java:197)
	at org.apache.ratis.server.impl.LeaderElection.run(LeaderElection.java:133)
	at java.lang.Thread.run(Thread.java:748)
Caused by: org.apache.ratis.thirdparty.io.grpc.StatusRuntimeException: INTERNAL: 92501a76-e5f9-437d-b0dc-6dcfbf7802b8@group-466441C093D1 is not in [RUNNING]: current state is NEW
	at org.apache.ratis.thirdparty.io.grpc.stub.ClientCalls.toStatusRuntimeException(ClientCalls.java:233)
	at org.apache.ratis.thirdparty.io.grpc.stub.ClientCalls.getUnchecked(ClientCalls.java:214)
	at org.apache.ratis.thirdparty.io.grpc.stub.ClientCalls.blockingUnaryCall(ClientCalls.java:139)
	at org.apache.ratis.proto.grpc.RaftServerProtocolServiceGrpc$RaftServerProtocolServiceBlockingStub.requestVote(RaftServerProtocolServiceGrpc.java:265)
	at org.apache.ratis.grpc.server.GrpcServerProtocolClient.requestVote(GrpcServerProtocolClient.java:99)
	at org.apache.ratis.grpc.server.GrpcService.requestVote(GrpcService.java:204)
	at org.apache.ratis.server.impl.LeaderElection.lambda$submitRequests$1(LeaderElection.java:234)
	at java.util.concurrent.FutureTask.run(FutureTask.java:266)
	at java.util.concurrent.Executors$RunnableAdapter.call(Executors.java:511)
	at java.util.concurrent.FutureTask.run(FutureTask.java:266)
	at java.util.concurrent.ThreadPoolExecutor.runWorker(ThreadPoolExecutor.java:1149)
	at java.util.concurrent.ThreadPoolExecutor$Worker.run(ThreadPoolExecutor.java:624)
	... 1 more
2019-10-20 06:19:45,577 [6c1327b8-5bfa-47cd-850a-df150bd7b196@group-466441C093D1-LeaderElection4] INFO  impl.LeaderElection (LeaderElection.java:logAndReturn(56)) - 6c1327b8-5bfa-47cd-850a-df150bd7b196@group-466441C093D1-LeaderElection4: Election REJECTED; received 1 response(s) [6c1327b8-5bfa-47cd-850a-df150bd7b196<-fe749939-5c4f-4520-aea5-9c3fb525c39c#0:FAIL-t2] and 1 exception(s); 6c1327b8-5bfa-47cd-850a-df150bd7b196@group-466441C093D1:t2, leader=null, voted=6c1327b8-5bfa-47cd-850a-df150bd7b196, raftlog=6c1327b8-5bfa-47cd-850a-df150bd7b196@group-466441C093D1-SegmentedRaftLog:OPENED:c-1,f-1,i0, conf=-1: [92501a76-e5f9-437d-b0dc-6dcfbf7802b8:192.168.164.239:39204, 6c1327b8-5bfa-47cd-850a-df150bd7b196:192.168.164.239:34482, fe749939-5c4f-4520-aea5-9c3fb525c39c:192.168.164.239:41202], old=null
2019-10-20 06:19:45,574 [pool-37-thread-1] INFO  impl.RaftServerImpl (RaftServerImpl.java:setRole(184)) - 6c1327b8-5bfa-47cd-850a-df150bd7b196@group-5C6E57934170: changes role from      null to FOLLOWER at term 0 for startAsFollower
2019-10-20 06:19:45,583 [6c1327b8-5bfa-47cd-850a-df150bd7b196@group-466441C093D1-LeaderElection4] INFO  impl.LeaderElection (LogUtils.java:infoOrTrace(149)) -   Exception 0: {}
java.util.concurrent.ExecutionException: org.apache.ratis.thirdparty.io.grpc.StatusRuntimeException: INTERNAL: 92501a76-e5f9-437d-b0dc-6dcfbf7802b8@group-466441C093D1 is not in [RUNNING]: current state is NEW
	at java.util.concurrent.FutureTask.report(FutureTask.java:122)
	at java.util.concurrent.FutureTask.get(FutureTask.java:192)
	at org.apache.ratis.server.impl.LeaderElection.waitForResults(LeaderElection.java:259)
	at org.apache.ratis.server.impl.LeaderElection.askForVotes(LeaderElection.java:197)
	at org.apache.ratis.server.impl.LeaderElection.run(LeaderElection.java:133)
	at java.lang.Thread.run(Thread.java:748)
Caused by: org.apache.ratis.thirdparty.io.grpc.StatusRuntimeException: INTERNAL: 92501a76-e5f9-437d-b0dc-6dcfbf7802b8@group-466441C093D1 is not in [RUNNING]: current state is NEW
	at org.apache.ratis.thirdparty.io.grpc.stub.ClientCalls.toStatusRuntimeException(ClientCalls.java:233)
	at org.apache.ratis.thirdparty.io.grpc.stub.ClientCalls.getUnchecked(ClientCalls.java:214)
	at org.apache.ratis.thirdparty.io.grpc.stub.ClientCalls.blockingUnaryCall(ClientCalls.java:139)
	at org.apache.ratis.proto.grpc.RaftServerProtocolServiceGrpc$RaftServerProtocolServiceBlockingStub.requestVote(RaftServerProtocolServiceGrpc.java:265)
	at org.apache.ratis.grpc.server.GrpcServerProtocolClient.requestVote(GrpcServerProtocolClient.java:99)
	at org.apache.ratis.grpc.server.GrpcService.requestVote(GrpcService.java:204)
	at org.apache.ratis.server.impl.LeaderElection.lambda$submitRequests$1(LeaderElection.java:234)
	at java.util.concurrent.FutureTask.run(FutureTask.java:266)
	at java.util.concurrent.Executors$RunnableAdapter.call(Executors.java:511)
	at java.util.concurrent.FutureTask.run(FutureTask.java:266)
	at java.util.concurrent.ThreadPoolExecutor.runWorker(ThreadPoolExecutor.java:1149)
	at java.util.concurrent.ThreadPoolExecutor$Worker.run(ThreadPoolExecutor.java:624)
	... 1 more
2019-10-20 06:19:45,582 [fe749939-5c4f-4520-aea5-9c3fb525c39c@group-466441C093D1-LeaderElection1] INFO  impl.RaftServerImpl (RaftServerImpl.java:setRole(184)) - fe749939-5c4f-4520-aea5-9c3fb525c39c@group-466441C093D1: changes role from CANDIDATE to FOLLOWER at term 2 for DISCOVERED_A_NEW_TERM
2019-10-20 06:19:45,587 [fe749939-5c4f-4520-aea5-9c3fb525c39c@group-466441C093D1-LeaderElection1] INFO  impl.RoleInfo (RoleInfo.java:shutdownLeaderElection(134)) - fe749939-5c4f-4520-aea5-9c3fb525c39c: shutdown LeaderElection
2019-10-20 06:19:45,580 [pool-67-thread-1] INFO  server.RaftServerConfigKeys (ConfUtils.java:logGet(43)) - raft.server.retrycache.expirytime = 600000ms (custom)
2019-10-20 06:19:45,580 [pool-57-thread-1] INFO  server.RaftServerConfigKeys (ConfUtils.java:logGet(43)) - raft.server.snapshot.auto.trigger.threshold = 10000 (custom)
2019-10-20 06:19:45,589 [fe749939-5c4f-4520-aea5-9c3fb525c39c@group-466441C093D1-LeaderElection1] INFO  impl.RoleInfo (RoleInfo.java:updateAndGet(143)) - fe749939-5c4f-4520-aea5-9c3fb525c39c: start FollowerState
2019-10-20 06:19:45,587 [6c1327b8-5bfa-47cd-850a-df150bd7b196@group-466441C093D1-LeaderElection4] INFO  impl.RaftServerImpl (RaftServerImpl.java:setRole(184)) - 6c1327b8-5bfa-47cd-850a-df150bd7b196@group-466441C093D1: changes role from CANDIDATE to FOLLOWER at term 2 for DISCOVERED_A_NEW_TERM
2019-10-20 06:19:45,585 [pool-37-thread-1] INFO  impl.RoleInfo (RoleInfo.java:updateAndGet(143)) - 6c1327b8-5bfa-47cd-850a-df150bd7b196: start FollowerState
2019-10-20 06:19:45,591 [6c1327b8-5bfa-47cd-850a-df150bd7b196@group-466441C093D1-LeaderElection4] INFO  impl.RoleInfo (RoleInfo.java:shutdownLeaderElection(134)) - 6c1327b8-5bfa-47cd-850a-df150bd7b196: shutdown LeaderElection
2019-10-20 06:19:45,590 [pool-57-thread-1] INFO  server.RaftServerConfigKeys (ConfUtils.java:logGet(43)) - raft.server.snapshot.retention.file.num = 5 (custom)
2019-10-20 06:19:45,592 [6c1327b8-5bfa-47cd-850a-df150bd7b196@group-466441C093D1-LeaderElection4] INFO  impl.RoleInfo (RoleInfo.java:updateAndGet(143)) - 6c1327b8-5bfa-47cd-850a-df150bd7b196: start FollowerState
2019-10-20 06:19:45,594 [pool-37-thread-1] INFO  util.JmxRegister (JmxRegister.java:tryRegister(44)) - Successfully registered JMX Bean with object name Ratis:service=RaftServer,group=group-5C6E57934170,id=6c1327b8-5bfa-47cd-850a-df150bd7b196
2019-10-20 06:19:45,595 [pool-57-thread-1] INFO  server.RaftServerConfigKeys (ConfUtils.java:logGet(43)) - raft.server.retrycache.expirytime = 600000ms (custom)
2019-10-20 06:19:45,608 [pool-67-thread-1] INFO  impl.RaftServerImpl (RaftServerImpl.java:start(195)) - fe749939-5c4f-4520-aea5-9c3fb525c39c@group-5C6E57934170: start as a follower, conf=-1: [92501a76-e5f9-437d-b0dc-6dcfbf7802b8:192.168.164.239:39204, 6c1327b8-5bfa-47cd-850a-df150bd7b196:192.168.164.239:34482, fe749939-5c4f-4520-aea5-9c3fb525c39c:192.168.164.239:41202], old=null
2019-10-20 06:19:45,608 [grpc-default-executor-3] INFO  impl.RaftServerProxy (RaftServerProxy.java:addNew(89)) - fe749939-5c4f-4520-aea5-9c3fb525c39c: addNew group-3A0AD6DB8537:[92501a76-e5f9-437d-b0dc-6dcfbf7802b8:192.168.164.239:39204, 6c1327b8-5bfa-47cd-850a-df150bd7b196:192.168.164.239:34482, fe749939-5c4f-4520-aea5-9c3fb525c39c:192.168.164.239:41202] returns group-3A0AD6DB8537:java.util.concurrent.CompletableFuture@3fb8aa01[Not completed]
2019-10-20 06:19:45,609 [grpc-default-executor-1] INFO  impl.RaftServerProxy (RaftServerProxy.java:addNew(89)) - 6c1327b8-5bfa-47cd-850a-df150bd7b196: addNew group-3A0AD6DB8537:[92501a76-e5f9-437d-b0dc-6dcfbf7802b8:192.168.164.239:39204, 6c1327b8-5bfa-47cd-850a-df150bd7b196:192.168.164.239:34482, fe749939-5c4f-4520-aea5-9c3fb525c39c:192.168.164.239:41202] returns group-3A0AD6DB8537:java.util.concurrent.CompletableFuture@2be1b4ab[Not completed]
2019-10-20 06:19:45,609 [pool-67-thread-1] INFO  impl.RaftServerImpl (RaftServerImpl.java:setRole(184)) - fe749939-5c4f-4520-aea5-9c3fb525c39c@group-5C6E57934170: changes role from      null to FOLLOWER at term 0 for startAsFollower
2019-10-20 06:19:45,610 [pool-67-thread-1] INFO  impl.RoleInfo (RoleInfo.java:updateAndGet(143)) - fe749939-5c4f-4520-aea5-9c3fb525c39c: start FollowerState
2019-10-20 06:19:45,610 [grpc-default-executor-3] INFO  impl.RaftServerProxy (RaftServerProxy.java:addNew(89)) - 92501a76-e5f9-437d-b0dc-6dcfbf7802b8: addNew group-3A0AD6DB8537:[92501a76-e5f9-437d-b0dc-6dcfbf7802b8:192.168.164.239:39204, 6c1327b8-5bfa-47cd-850a-df150bd7b196:192.168.164.239:34482, fe749939-5c4f-4520-aea5-9c3fb525c39c:192.168.164.239:41202] returns group-3A0AD6DB8537:java.util.concurrent.CompletableFuture@4bf85e94[Not completed]
2019-10-20 06:19:45,611 [pool-67-thread-1] INFO  util.JmxRegister (JmxRegister.java:tryRegister(44)) - Successfully registered JMX Bean with object name Ratis:service=RaftServer,group=group-5C6E57934170,id=fe749939-5c4f-4520-aea5-9c3fb525c39c
2019-10-20 06:19:45,611 [pool-57-thread-1] INFO  impl.RaftServerImpl (RaftServerImpl.java:start(195)) - 92501a76-e5f9-437d-b0dc-6dcfbf7802b8@group-466441C093D1: start as a follower, conf=-1: [92501a76-e5f9-437d-b0dc-6dcfbf7802b8:192.168.164.239:39204, 6c1327b8-5bfa-47cd-850a-df150bd7b196:192.168.164.239:34482, fe749939-5c4f-4520-aea5-9c3fb525c39c:192.168.164.239:41202], old=null
2019-10-20 06:19:45,612 [pool-57-thread-1] INFO  impl.RaftServerImpl (RaftServerImpl.java:setRole(184)) - 92501a76-e5f9-437d-b0dc-6dcfbf7802b8@group-466441C093D1: changes role from      null to FOLLOWER at term 0 for startAsFollower
2019-10-20 06:19:45,612 [pool-57-thread-1] INFO  impl.RoleInfo (RoleInfo.java:updateAndGet(143)) - 92501a76-e5f9-437d-b0dc-6dcfbf7802b8: start FollowerState
2019-10-20 06:19:45,612 [pool-57-thread-1] INFO  util.JmxRegister (JmxRegister.java:tryRegister(44)) - Successfully registered JMX Bean with object name Ratis:service=RaftServer,group=group-466441C093D1,id=92501a76-e5f9-437d-b0dc-6dcfbf7802b8
2019-10-20 06:19:45,614 [pool-37-thread-1] INFO  impl.RaftServerImpl (RaftServerImpl.java:<init>(104)) - 6c1327b8-5bfa-47cd-850a-df150bd7b196: new RaftServerImpl for group-3A0AD6DB8537:[92501a76-e5f9-437d-b0dc-6dcfbf7802b8:192.168.164.239:39204, 6c1327b8-5bfa-47cd-850a-df150bd7b196:192.168.164.239:34482, fe749939-5c4f-4520-aea5-9c3fb525c39c:192.168.164.239:41202] with ContainerStateMachine:uninitialized
2019-10-20 06:19:45,614 [pool-37-thread-1] INFO  server.RaftServerConfigKeys (ConfUtils.java:logGet(43)) - raft.server.rpc.timeout.min = 5s (custom)
2019-10-20 06:19:45,614 [pool-37-thread-1] INFO  server.RaftServerConfigKeys (ConfUtils.java:logGet(43)) - raft.server.rpc.timeout.max = 5200ms (custom)
2019-10-20 06:19:45,614 [pool-37-thread-1] INFO  server.RaftServerConfigKeys (ConfUtils.java:logGet(43)) - raft.server.rpcslowness.timeout = 120s (custom)
2019-10-20 06:19:45,615 [pool-37-thread-1] INFO  server.RaftServerConfigKeys (ConfUtils.java:logGet(43)) - raft.server.sleep.deviation.threshold = 300 (default)
2019-10-20 06:19:45,615 [pool-37-thread-1] INFO  server.RaftServerConfigKeys (ConfUtils.java:logGet(43)) - raft.server.log.appender.install.snapshot.enabled = false (custom)
2019-10-20 06:19:45,615 [pool-37-thread-1] INFO  impl.RaftServerImpl (ServerState.java:<init>(103)) - 6c1327b8-5bfa-47cd-850a-df150bd7b196@group-3A0AD6DB8537: ConfigurationManager, init=-1: [92501a76-e5f9-437d-b0dc-6dcfbf7802b8:192.168.164.239:39204, 6c1327b8-5bfa-47cd-850a-df150bd7b196:192.168.164.239:34482, fe749939-5c4f-4520-aea5-9c3fb525c39c:192.168.164.239:41202], old=null, confs=<EMPTY_MAP>
2019-10-20 06:19:45,615 [pool-37-thread-1] INFO  server.RaftServerConfigKeys (ConfUtils.java:logGet(43)) - raft.server.storage.dir = [/workdir/hadoop-ozone/tools/target/test-dir/MiniOzoneClusterImpl-58b3a14b-8347-4dab-aab6-d610c62ac67a/datanode-1/data/ratis] (custom)
2019-10-20 06:19:45,616 [pool-37-thread-1] INFO  server.RaftServerConfigKeys (ConfUtils.java:logGet(43)) - raft.server.log.corruption.policy = EXCEPTION (default)
2019-10-20 06:19:45,616 [pool-37-thread-1] INFO  storage.RaftStorageDirectory (RaftStorageDirectory.java:analyzeStorage(246)) - The storage directory /workdir/hadoop-ozone/tools/target/test-dir/MiniOzoneClusterImpl-58b3a14b-8347-4dab-aab6-d610c62ac67a/datanode-1/data/ratis/f0213d88-ec45-4d11-9beb-3a0ad6db8537 does not exist. Creating ...
2019-10-20 06:19:45,617 [pool-67-thread-1] INFO  impl.RaftServerImpl (RaftServerImpl.java:<init>(104)) - fe749939-5c4f-4520-aea5-9c3fb525c39c: new RaftServerImpl for group-3A0AD6DB8537:[92501a76-e5f9-437d-b0dc-6dcfbf7802b8:192.168.164.239:39204, 6c1327b8-5bfa-47cd-850a-df150bd7b196:192.168.164.239:34482, fe749939-5c4f-4520-aea5-9c3fb525c39c:192.168.164.239:41202] with ContainerStateMachine:uninitialized
2019-10-20 06:19:45,617 [pool-67-thread-1] INFO  server.RaftServerConfigKeys (ConfUtils.java:logGet(43)) - raft.server.rpc.timeout.min = 5s (custom)
2019-10-20 06:19:45,617 [pool-67-thread-1] INFO  server.RaftServerConfigKeys (ConfUtils.java:logGet(43)) - raft.server.rpc.timeout.max = 5200ms (custom)
2019-10-20 06:19:45,618 [pool-67-thread-1] INFO  server.RaftServerConfigKeys (ConfUtils.java:logGet(43)) - raft.server.rpcslowness.timeout = 120s (custom)
2019-10-20 06:19:45,618 [pool-67-thread-1] INFO  server.RaftServerConfigKeys (ConfUtils.java:logGet(43)) - raft.server.sleep.deviation.threshold = 300 (default)
2019-10-20 06:19:45,618 [pool-67-thread-1] INFO  server.RaftServerConfigKeys (ConfUtils.java:logGet(43)) - raft.server.log.appender.install.snapshot.enabled = false (custom)
2019-10-20 06:19:45,618 [pool-67-thread-1] INFO  impl.RaftServerImpl (ServerState.java:<init>(103)) - fe749939-5c4f-4520-aea5-9c3fb525c39c@group-3A0AD6DB8537: ConfigurationManager, init=-1: [92501a76-e5f9-437d-b0dc-6dcfbf7802b8:192.168.164.239:39204, 6c1327b8-5bfa-47cd-850a-df150bd7b196:192.168.164.239:34482, fe749939-5c4f-4520-aea5-9c3fb525c39c:192.168.164.239:41202], old=null, confs=<EMPTY_MAP>
2019-10-20 06:19:45,618 [pool-57-thread-1] INFO  impl.RaftServerImpl (RaftServerImpl.java:<init>(104)) - 92501a76-e5f9-437d-b0dc-6dcfbf7802b8: new RaftServerImpl for group-5C6E57934170:[92501a76-e5f9-437d-b0dc-6dcfbf7802b8:192.168.164.239:39204, 6c1327b8-5bfa-47cd-850a-df150bd7b196:192.168.164.239:34482, fe749939-5c4f-4520-aea5-9c3fb525c39c:192.168.164.239:41202] with ContainerStateMachine:uninitialized
2019-10-20 06:19:45,618 [pool-67-thread-1] INFO  server.RaftServerConfigKeys (ConfUtils.java:logGet(43)) - raft.server.storage.dir = [/workdir/hadoop-ozone/tools/target/test-dir/MiniOzoneClusterImpl-58b3a14b-8347-4dab-aab6-d610c62ac67a/datanode-4/data/ratis] (custom)
2019-10-20 06:19:45,618 [pool-57-thread-1] INFO  server.RaftServerConfigKeys (ConfUtils.java:logGet(43)) - raft.server.rpc.timeout.min = 5s (custom)
2019-10-20 06:19:45,618 [pool-57-thread-1] INFO  server.RaftServerConfigKeys (ConfUtils.java:logGet(43)) - raft.server.rpc.timeout.max = 5200ms (custom)
2019-10-20 06:19:45,619 [pool-67-thread-1] INFO  server.RaftServerConfigKeys (ConfUtils.java:logGet(43)) - raft.server.log.corruption.policy = EXCEPTION (default)
2019-10-20 06:19:45,619 [pool-57-thread-1] INFO  server.RaftServerConfigKeys (ConfUtils.java:logGet(43)) - raft.server.rpcslowness.timeout = 120s (custom)
2019-10-20 06:19:45,619 [pool-57-thread-1] INFO  server.RaftServerConfigKeys (ConfUtils.java:logGet(43)) - raft.server.sleep.deviation.threshold = 300 (default)
2019-10-20 06:19:45,619 [pool-67-thread-1] INFO  storage.RaftStorageDirectory (RaftStorageDirectory.java:analyzeStorage(246)) - The storage directory /workdir/hadoop-ozone/tools/target/test-dir/MiniOzoneClusterImpl-58b3a14b-8347-4dab-aab6-d610c62ac67a/datanode-4/data/ratis/f0213d88-ec45-4d11-9beb-3a0ad6db8537 does not exist. Creating ...
2019-10-20 06:19:45,619 [pool-57-thread-1] INFO  server.RaftServerConfigKeys (ConfUtils.java:logGet(43)) - raft.server.log.appender.install.snapshot.enabled = false (custom)
2019-10-20 06:19:45,619 [pool-57-thread-1] INFO  impl.RaftServerImpl (ServerState.java:<init>(103)) - 92501a76-e5f9-437d-b0dc-6dcfbf7802b8@group-5C6E57934170: ConfigurationManager, init=-1: [92501a76-e5f9-437d-b0dc-6dcfbf7802b8:192.168.164.239:39204, 6c1327b8-5bfa-47cd-850a-df150bd7b196:192.168.164.239:34482, fe749939-5c4f-4520-aea5-9c3fb525c39c:192.168.164.239:41202], old=null, confs=<EMPTY_MAP>
2019-10-20 06:19:45,619 [pool-57-thread-1] INFO  server.RaftServerConfigKeys (ConfUtils.java:logGet(43)) - raft.server.storage.dir = [/workdir/hadoop-ozone/tools/target/test-dir/MiniOzoneClusterImpl-58b3a14b-8347-4dab-aab6-d610c62ac67a/datanode-3/data/ratis] (custom)
2019-10-20 06:19:45,620 [pool-57-thread-1] INFO  server.RaftServerConfigKeys (ConfUtils.java:logGet(43)) - raft.server.log.corruption.policy = EXCEPTION (default)
2019-10-20 06:19:45,620 [pool-57-thread-1] INFO  storage.RaftStorageDirectory (RaftStorageDirectory.java:analyzeStorage(246)) - The storage directory /workdir/hadoop-ozone/tools/target/test-dir/MiniOzoneClusterImpl-58b3a14b-8347-4dab-aab6-d610c62ac67a/datanode-3/data/ratis/9bd04ab9-614d-43d9-a580-5c6e57934170 does not exist. Creating ...
2019-10-20 06:19:45,650 [Thread-247] INFO  impl.FollowerState (FollowerState.java:run(108)) - fe749939-5c4f-4520-aea5-9c3fb525c39c@group-5C6E57934170-FollowerState: change to CANDIDATE, lastRpcTime:39ms, electionTimeout:39ms
2019-10-20 06:19:45,650 [Thread-247] INFO  impl.RoleInfo (RoleInfo.java:shutdownFollowerState(121)) - fe749939-5c4f-4520-aea5-9c3fb525c39c: shutdown FollowerState
2019-10-20 06:19:45,650 [Thread-247] INFO  impl.RaftServerImpl (RaftServerImpl.java:setRole(184)) - fe749939-5c4f-4520-aea5-9c3fb525c39c@group-5C6E57934170: changes role from  FOLLOWER to CANDIDATE at term 0 for changeToCandidate
2019-10-20 06:19:45,651 [Thread-247] INFO  impl.RoleInfo (RoleInfo.java:updateAndGet(143)) - fe749939-5c4f-4520-aea5-9c3fb525c39c: start LeaderElection
2019-10-20 06:19:45,718 [Thread-244] INFO  impl.FollowerState (FollowerState.java:run(108)) - fe749939-5c4f-4520-aea5-9c3fb525c39c@group-466441C093D1-FollowerState: change to CANDIDATE, lastRpcTime:129ms, electionTimeout:126ms
2019-10-20 06:19:45,718 [Thread-244] INFO  impl.RoleInfo (RoleInfo.java:shutdownFollowerState(121)) - fe749939-5c4f-4520-aea5-9c3fb525c39c: shutdown FollowerState
2019-10-20 06:19:45,718 [Thread-244] INFO  impl.RaftServerImpl (RaftServerImpl.java:setRole(184)) - fe749939-5c4f-4520-aea5-9c3fb525c39c@group-466441C093D1: changes role from  FOLLOWER to CANDIDATE at term 2 for changeToCandidate
2019-10-20 06:19:45,718 [Thread-244] INFO  impl.RoleInfo (RoleInfo.java:updateAndGet(143)) - fe749939-5c4f-4520-aea5-9c3fb525c39c: start LeaderElection
2019-10-20 06:19:45,750 [Thread-243] INFO  impl.FollowerState (FollowerState.java:run(108)) - 6c1327b8-5bfa-47cd-850a-df150bd7b196@group-5C6E57934170-FollowerState: change to CANDIDATE, lastRpcTime:164ms, electionTimeout:156ms
2019-10-20 06:19:45,750 [Thread-243] INFO  impl.RoleInfo (RoleInfo.java:shutdownFollowerState(121)) - 6c1327b8-5bfa-47cd-850a-df150bd7b196: shutdown FollowerState
2019-10-20 06:19:45,750 [Thread-243] INFO  impl.RaftServerImpl (RaftServerImpl.java:setRole(184)) - 6c1327b8-5bfa-47cd-850a-df150bd7b196@group-5C6E57934170: changes role from  FOLLOWER to CANDIDATE at term 0 for changeToCandidate
2019-10-20 06:19:45,751 [Thread-243] INFO  impl.RoleInfo (RoleInfo.java:updateAndGet(143)) - 6c1327b8-5bfa-47cd-850a-df150bd7b196: start LeaderElection
2019-10-20 06:19:45,751 [Thread-245] INFO  impl.FollowerState (FollowerState.java:run(108)) - 6c1327b8-5bfa-47cd-850a-df150bd7b196@group-466441C093D1-FollowerState: change to CANDIDATE, lastRpcTime:158ms, electionTimeout:155ms
2019-10-20 06:19:45,753 [Thread-245] INFO  impl.RoleInfo (RoleInfo.java:shutdownFollowerState(121)) - 6c1327b8-5bfa-47cd-850a-df150bd7b196: shutdown FollowerState
2019-10-20 06:19:45,754 [Thread-245] INFO  impl.RaftServerImpl (RaftServerImpl.java:setRole(184)) - 6c1327b8-5bfa-47cd-850a-df150bd7b196@group-466441C093D1: changes role from  FOLLOWER to CANDIDATE at term 2 for changeToCandidate
2019-10-20 06:19:45,754 [Thread-245] INFO  impl.RoleInfo (RoleInfo.java:updateAndGet(143)) - 6c1327b8-5bfa-47cd-850a-df150bd7b196: start LeaderElection
2019-10-20 06:19:45,795 [Thread-249] INFO  impl.FollowerState (FollowerState.java:run(108)) - 92501a76-e5f9-437d-b0dc-6dcfbf7802b8@group-466441C093D1-FollowerState: change to CANDIDATE, lastRpcTime:183ms, electionTimeout:183ms
2019-10-20 06:19:45,796 [Thread-249] INFO  impl.RoleInfo (RoleInfo.java:shutdownFollowerState(121)) - 92501a76-e5f9-437d-b0dc-6dcfbf7802b8: shutdown FollowerState
2019-10-20 06:19:45,796 [Thread-249] INFO  impl.RaftServerImpl (RaftServerImpl.java:setRole(184)) - 92501a76-e5f9-437d-b0dc-6dcfbf7802b8@group-466441C093D1: changes role from  FOLLOWER to CANDIDATE at term 0 for changeToCandidate
2019-10-20 06:19:45,796 [Thread-249] INFO  impl.RoleInfo (RoleInfo.java:updateAndGet(143)) - 92501a76-e5f9-437d-b0dc-6dcfbf7802b8: start LeaderElection
 0.00% |?                                                                                                    |  0/1 Time: 0:00:112019-10-20 06:19:46,760 [pool-67-thread-1] INFO  storage.RaftStorageDirectory (RaftStorageDirectory.java:tryLock(328)) - Lock on /workdir/hadoop-ozone/tools/target/test-dir/MiniOzoneClusterImpl-58b3a14b-8347-4dab-aab6-d610c62ac67a/datanode-4/data/ratis/f0213d88-ec45-4d11-9beb-3a0ad6db8537/in_use.lock acquired by nodename 10681@trunk-nightly-20191020-r5wzl-4145440258
2019-10-20 06:19:46,760 [pool-57-thread-1] INFO  storage.RaftStorageDirectory (RaftStorageDirectory.java:tryLock(328)) - Lock on /workdir/hadoop-ozone/tools/target/test-dir/MiniOzoneClusterImpl-58b3a14b-8347-4dab-aab6-d610c62ac67a/datanode-3/data/ratis/9bd04ab9-614d-43d9-a580-5c6e57934170/in_use.lock acquired by nodename 10681@trunk-nightly-20191020-r5wzl-4145440258
2019-10-20 06:19:46,760 [pool-37-thread-1] INFO  storage.RaftStorageDirectory (RaftStorageDirectory.java:tryLock(328)) - Lock on /workdir/hadoop-ozone/tools/target/test-dir/MiniOzoneClusterImpl-58b3a14b-8347-4dab-aab6-d610c62ac67a/datanode-1/data/ratis/f0213d88-ec45-4d11-9beb-3a0ad6db8537/in_use.lock acquired by nodename 10681@trunk-nightly-20191020-r5wzl-4145440258
2019-10-20 06:19:46,832 [fe749939-5c4f-4520-aea5-9c3fb525c39c@group-466441C093D1-LeaderElection6] INFO  impl.LeaderElection (LeaderElection.java:askForVotes(178)) - fe749939-5c4f-4520-aea5-9c3fb525c39c@group-466441C093D1-LeaderElection6: begin an election at term 3 for -1: [92501a76-e5f9-437d-b0dc-6dcfbf7802b8:192.168.164.239:39204, 6c1327b8-5bfa-47cd-850a-df150bd7b196:192.168.164.239:34482, fe749939-5c4f-4520-aea5-9c3fb525c39c:192.168.164.239:41202], old=null
2019-10-20 06:19:46,832 [6c1327b8-5bfa-47cd-850a-df150bd7b196@group-466441C093D1-LeaderElection8] INFO  impl.LeaderElection (LeaderElection.java:askForVotes(178)) - 6c1327b8-5bfa-47cd-850a-df150bd7b196@group-466441C093D1-LeaderElection8: begin an election at term 3 for -1: [92501a76-e5f9-437d-b0dc-6dcfbf7802b8:192.168.164.239:39204, 6c1327b8-5bfa-47cd-850a-df150bd7b196:192.168.164.239:34482, fe749939-5c4f-4520-aea5-9c3fb525c39c:192.168.164.239:41202], old=null
2019-10-20 06:19:46,832 [fe749939-5c4f-4520-aea5-9c3fb525c39c@group-5C6E57934170-LeaderElection5] INFO  impl.LeaderElection (LeaderElection.java:askForVotes(178)) - fe749939-5c4f-4520-aea5-9c3fb525c39c@group-5C6E57934170-LeaderElection5: begin an election at term 1 for -1: [92501a76-e5f9-437d-b0dc-6dcfbf7802b8:192.168.164.239:39204, 6c1327b8-5bfa-47cd-850a-df150bd7b196:192.168.164.239:34482, fe749939-5c4f-4520-aea5-9c3fb525c39c:192.168.164.239:41202], old=null
2019-10-20 06:19:46,832 [6c1327b8-5bfa-47cd-850a-df150bd7b196@group-5C6E57934170-LeaderElection7] INFO  impl.LeaderElection (LeaderElection.java:askForVotes(178)) - 6c1327b8-5bfa-47cd-850a-df150bd7b196@group-5C6E57934170-LeaderElection7: begin an election at term 1 for -1: [92501a76-e5f9-437d-b0dc-6dcfbf7802b8:192.168.164.239:39204, 6c1327b8-5bfa-47cd-850a-df150bd7b196:192.168.164.239:34482, fe749939-5c4f-4520-aea5-9c3fb525c39c:192.168.164.239:41202], old=null
2019-10-20 06:19:46,879 [6c1327b8-5bfa-47cd-850a-df150bd7b196@group-5C6E57934170-LeaderElection7] INFO  impl.LeaderElection (LeaderElection.java:logAndReturn(56)) - 6c1327b8-5bfa-47cd-850a-df150bd7b196@group-5C6E57934170-LeaderElection7: Election TIMEOUT; received 1 response(s) [6c1327b8-5bfa-47cd-850a-df150bd7b196<-fe749939-5c4f-4520-aea5-9c3fb525c39c#0:FAIL-t1] and 0 exception(s); 6c1327b8-5bfa-47cd-850a-df150bd7b196@group-5C6E57934170:t1, leader=null, voted=6c1327b8-5bfa-47cd-850a-df150bd7b196, raftlog=6c1327b8-5bfa-47cd-850a-df150bd7b196@group-5C6E57934170-SegmentedRaftLog:OPENED:c-1,f-1,i0, conf=-1: [92501a76-e5f9-437d-b0dc-6dcfbf7802b8:192.168.164.239:39204, 6c1327b8-5bfa-47cd-850a-df150bd7b196:192.168.164.239:34482, fe749939-5c4f-4520-aea5-9c3fb525c39c:192.168.164.239:41202], old=null
2019-10-20 06:19:46,886 [6c1327b8-5bfa-47cd-850a-df150bd7b196@group-466441C093D1-LeaderElection8] INFO  impl.LeaderElection (LeaderElection.java:logAndReturn(56)) - 6c1327b8-5bfa-47cd-850a-df150bd7b196@group-466441C093D1-LeaderElection8: Election TIMEOUT; received 1 response(s) [6c1327b8-5bfa-47cd-850a-df150bd7b196<-fe749939-5c4f-4520-aea5-9c3fb525c39c#0:FAIL-t3] and 0 exception(s); 6c1327b8-5bfa-47cd-850a-df150bd7b196@group-466441C093D1:t3, leader=null, voted=6c1327b8-5bfa-47cd-850a-df150bd7b196, raftlog=6c1327b8-5bfa-47cd-850a-df150bd7b196@group-466441C093D1-SegmentedRaftLog:OPENED:c-1,f-1,i0, conf=-1: [92501a76-e5f9-437d-b0dc-6dcfbf7802b8:192.168.164.239:39204, 6c1327b8-5bfa-47cd-850a-df150bd7b196:192.168.164.239:34482, fe749939-5c4f-4520-aea5-9c3fb525c39c:192.168.164.239:41202], old=null
2019-10-20 06:19:46,954 [fe749939-5c4f-4520-aea5-9c3fb525c39c@group-466441C093D1-LeaderElection6] INFO  impl.LeaderElection (LeaderElection.java:logAndReturn(56)) - fe749939-5c4f-4520-aea5-9c3fb525c39c@group-466441C093D1-LeaderElection6: Election TIMEOUT; received 1 response(s) [fe749939-5c4f-4520-aea5-9c3fb525c39c<-6c1327b8-5bfa-47cd-850a-df150bd7b196#0:FAIL-t3] and 0 exception(s); fe749939-5c4f-4520-aea5-9c3fb525c39c@group-466441C093D1:t3, leader=null, voted=fe749939-5c4f-4520-aea5-9c3fb525c39c, raftlog=fe749939-5c4f-4520-aea5-9c3fb525c39c@group-466441C093D1-SegmentedRaftLog:OPENED:c-1,f-1,i0, conf=-1: [92501a76-e5f9-437d-b0dc-6dcfbf7802b8:192.168.164.239:39204, 6c1327b8-5bfa-47cd-850a-df150bd7b196:192.168.164.239:34482, fe749939-5c4f-4520-aea5-9c3fb525c39c:192.168.164.239:41202], old=null
2019-10-20 06:19:46,958 [fe749939-5c4f-4520-aea5-9c3fb525c39c@group-5C6E57934170-LeaderElection5] INFO  impl.LeaderElection (LeaderElection.java:logAndReturn(56)) - fe749939-5c4f-4520-aea5-9c3fb525c39c@group-5C6E57934170-LeaderElection5: Election TIMEOUT; received 1 response(s) [fe749939-5c4f-4520-aea5-9c3fb525c39c<-6c1327b8-5bfa-47cd-850a-df150bd7b196#0:FAIL-t1] and 0 exception(s); fe749939-5c4f-4520-aea5-9c3fb525c39c@group-5C6E57934170:t1, leader=null, voted=fe749939-5c4f-4520-aea5-9c3fb525c39c, raftlog=fe749939-5c4f-4520-aea5-9c3fb525c39c@group-5C6E57934170-SegmentedRaftLog:OPENED:c-1,f-1,i0, conf=-1: [92501a76-e5f9-437d-b0dc-6dcfbf7802b8:192.168.164.239:39204, 6c1327b8-5bfa-47cd-850a-df150bd7b196:192.168.164.239:34482, fe749939-5c4f-4520-aea5-9c3fb525c39c:192.168.164.239:41202], old=null
2019-10-20 06:19:47,135 [92501a76-e5f9-437d-b0dc-6dcfbf7802b8@group-466441C093D1-LeaderElection9] INFO  impl.LeaderElection (LeaderElection.java:askForVotes(178)) - 92501a76-e5f9-437d-b0dc-6dcfbf7802b8@group-466441C093D1-LeaderElection9: begin an election at term 1 for -1: [92501a76-e5f9-437d-b0dc-6dcfbf7802b8:192.168.164.239:39204, 6c1327b8-5bfa-47cd-850a-df150bd7b196:192.168.164.239:34482, fe749939-5c4f-4520-aea5-9c3fb525c39c:192.168.164.239:41202], old=null
2019-10-20 06:19:47,136 [grpc-default-executor-1] INFO  impl.RaftServerImpl (RaftServerImpl.java:setRole(184)) - 92501a76-e5f9-437d-b0dc-6dcfbf7802b8@group-466441C093D1: changes role from CANDIDATE to FOLLOWER at term 3 for recognizeCandidate:fe749939-5c4f-4520-aea5-9c3fb525c39c
2019-10-20 06:19:47,138 [grpc-default-executor-1] INFO  impl.RoleInfo (RoleInfo.java:shutdownLeaderElection(134)) - 92501a76-e5f9-437d-b0dc-6dcfbf7802b8: shutdown LeaderElection
2019-10-20 06:19:47,138 [grpc-default-executor-1] INFO  impl.RoleInfo (RoleInfo.java:updateAndGet(143)) - 92501a76-e5f9-437d-b0dc-6dcfbf7802b8: start FollowerState
 0.00% |?                                                                                                    |  0/1 Time: 0:00:12 0.00% |?                                                                                                    |  0/1 Time: 0:00:132019-10-20 06:19:48,593 [RATISCREATEPIPELINE3] ERROR pipeline.RatisPipelineProvider (RatisPipelineProvider.java:lambda$null$5(237)) - Failed invoke Ratis rpc org.apache.hadoop.hdds.scm.pipeline.RatisPipelineProvider$$Lambda$197/1639088927@69e2330e for 92501a76-e5f9-437d-b0dc-6dcfbf7802b8
org.apache.ratis.protocol.TimeoutIOException: deadline exceeded after 2998543529ns
	at org.apache.ratis.grpc.GrpcUtil.tryUnwrapException(GrpcUtil.java:82)
	at org.apache.ratis.grpc.GrpcUtil.unwrapException(GrpcUtil.java:75)
	at org.apache.ratis.grpc.client.GrpcClientProtocolClient.blockingCall(GrpcClientProtocolClient.java:184)
	at org.apache.ratis.grpc.client.GrpcClientProtocolClient.groupAdd(GrpcClientProtocolClient.java:153)
	at org.apache.ratis.grpc.client.GrpcClientRpc.sendRequest(GrpcClientRpc.java:94)
	at org.apache.ratis.client.impl.RaftClientImpl.sendRequest(RaftClientImpl.java:278)
	at org.apache.ratis.client.impl.RaftClientImpl.groupAdd(RaftClientImpl.java:205)
	at org.apache.hadoop.hdds.scm.pipeline.RatisPipelineProvider.lambda$initializePipeline$4(RatisPipelineProvider.java:198)
	at org.apache.hadoop.hdds.scm.pipeline.RatisPipelineProvider.lambda$null$5(RatisPipelineProvider.java:233)
	at java.util.stream.ForEachOps$ForEachOp$OfRef.accept(ForEachOps.java:183)
	at java.util.ArrayList$ArrayListSpliterator.forEachRemaining(ArrayList.java:1382)
	at java.util.stream.AbstractPipeline.copyInto(AbstractPipeline.java:482)
	at java.util.stream.ForEachOps$ForEachTask.compute(ForEachOps.java:290)
	at java.util.concurrent.CountedCompleter.exec(CountedCompleter.java:731)
	at java.util.concurrent.ForkJoinTask.doExec(ForkJoinTask.java:289)
	at java.util.concurrent.ForkJoinPool$WorkQueue.runTask(ForkJoinPool.java:1056)
	at java.util.concurrent.ForkJoinPool.runWorker(ForkJoinPool.java:1692)
	at java.util.concurrent.ForkJoinWorkerThread.run(ForkJoinWorkerThread.java:157)
Caused by: org.apache.ratis.thirdparty.io.grpc.StatusRuntimeException: DEADLINE_EXCEEDED: deadline exceeded after 2998543529ns
	at org.apache.ratis.thirdparty.io.grpc.stub.ClientCalls.toStatusRuntimeException(ClientCalls.java:233)
	at org.apache.ratis.thirdparty.io.grpc.stub.ClientCalls.getUnchecked(ClientCalls.java:214)
	at org.apache.ratis.thirdparty.io.grpc.stub.ClientCalls.blockingUnaryCall(ClientCalls.java:139)
	at org.apache.ratis.proto.grpc.AdminProtocolServiceGrpc$AdminProtocolServiceBlockingStub.groupManagement(AdminProtocolServiceGrpc.java:274)
	at org.apache.ratis.grpc.client.GrpcClientProtocolClient.lambda$groupAdd$3(GrpcClientProtocolClient.java:155)
	at org.apache.ratis.grpc.client.GrpcClientProtocolClient.blockingCall(GrpcClientProtocolClient.java:182)
	... 15 more
2019-10-20 06:19:48,593 [RATISCREATEPIPELINE1] ERROR pipeline.RatisPipelineProvider (RatisPipelineProvider.java:lambda$null$5(237)) - Failed invoke Ratis rpc org.apache.hadoop.hdds.scm.pipeline.RatisPipelineProvider$$Lambda$197/1639088927@69e2330e for fe749939-5c4f-4520-aea5-9c3fb525c39c
org.apache.ratis.protocol.TimeoutIOException: deadline exceeded after 2997322160ns
	at org.apache.ratis.grpc.GrpcUtil.tryUnwrapException(GrpcUtil.java:82)
	at org.apache.ratis.grpc.GrpcUtil.unwrapException(GrpcUtil.java:75)
	at org.apache.ratis.grpc.client.GrpcClientProtocolClient.blockingCall(GrpcClientProtocolClient.java:184)
	at org.apache.ratis.grpc.client.GrpcClientProtocolClient.groupAdd(GrpcClientProtocolClient.java:153)
	at org.apache.ratis.grpc.client.GrpcClientRpc.sendRequest(GrpcClientRpc.java:94)
	at org.apache.ratis.client.impl.RaftClientImpl.sendRequest(RaftClientImpl.java:278)
	at org.apache.ratis.client.impl.RaftClientImpl.groupAdd(RaftClientImpl.java:205)
	at org.apache.hadoop.hdds.scm.pipeline.RatisPipelineProvider.lambda$initializePipeline$4(RatisPipelineProvider.java:198)
	at org.apache.hadoop.hdds.scm.pipeline.RatisPipelineProvider.lambda$null$5(RatisPipelineProvider.java:233)
	at java.util.stream.ForEachOps$ForEachOp$OfRef.accept(ForEachOps.java:183)
	at java.util.ArrayList$ArrayListSpliterator.forEachRemaining(ArrayList.java:1382)
	at java.util.stream.AbstractPipeline.copyInto(AbstractPipeline.java:482)
	at java.util.stream.ForEachOps$ForEachTask.compute(ForEachOps.java:290)
	at java.util.concurrent.CountedCompleter.exec(CountedCompleter.java:731)
	at java.util.concurrent.ForkJoinTask.doExec(ForkJoinTask.java:289)
	at java.util.concurrent.ForkJoinTask.doInvoke(ForkJoinTask.java:401)
	at java.util.concurrent.ForkJoinTask.invoke(ForkJoinTask.java:734)
	at java.util.stream.ForEachOps$ForEachOp.evaluateParallel(ForEachOps.java:159)
	at java.util.stream.ForEachOps$ForEachOp$OfRef.evaluateParallel(ForEachOps.java:173)
	at java.util.stream.AbstractPipeline.evaluate(AbstractPipeline.java:233)
	at java.util.stream.ReferencePipeline.forEach(ReferencePipeline.java:485)
	at java.util.stream.ReferencePipeline$Head.forEach(ReferencePipeline.java:650)
	at org.apache.hadoop.hdds.scm.pipeline.RatisPipelineProvider.lambda$callRatisRpc$6(RatisPipelineProvider.java:227)
	at java.util.concurrent.ForkJoinTask$AdaptedRunnableAction.exec(ForkJoinTask.java:1386)
	at java.util.concurrent.ForkJoinTask.doExec(ForkJoinTask.java:289)
	at java.util.concurrent.ForkJoinPool$WorkQueue.runTask(ForkJoinPool.java:1056)
	at java.util.concurrent.ForkJoinPool.runWorker(ForkJoinPool.java:1692)
	at java.util.concurrent.ForkJoinWorkerThread.run(ForkJoinWorkerThread.java:157)
Caused by: org.apache.ratis.thirdparty.io.grpc.StatusRuntimeException: DEADLINE_EXCEEDED: deadline exceeded after 2997322160ns
	at org.apache.ratis.thirdparty.io.grpc.stub.ClientCalls.toStatusRuntimeException(ClientCalls.java:233)
	at org.apache.ratis.thirdparty.io.grpc.stub.ClientCalls.getUnchecked(ClientCalls.java:214)
	at org.apache.ratis.thirdparty.io.grpc.stub.ClientCalls.blockingUnaryCall(ClientCalls.java:139)
	at org.apache.ratis.proto.grpc.AdminProtocolServiceGrpc$AdminProtocolServiceBlockingStub.groupManagement(AdminProtocolServiceGrpc.java:274)
	at org.apache.ratis.grpc.client.GrpcClientProtocolClient.lambda$groupAdd$3(GrpcClientProtocolClient.java:155)
	at org.apache.ratis.grpc.client.GrpcClientProtocolClient.blockingCall(GrpcClientProtocolClient.java:182)
	... 25 more
2019-10-20 06:19:48,593 [RATISCREATEPIPELINE2] ERROR pipeline.RatisPipelineProvider (RatisPipelineProvider.java:lambda$null$5(237)) - Failed invoke Ratis rpc org.apache.hadoop.hdds.scm.pipeline.RatisPipelineProvider$$Lambda$197/1639088927@69e2330e for 6c1327b8-5bfa-47cd-850a-df150bd7b196
org.apache.ratis.protocol.TimeoutIOException: deadline exceeded after 2998488881ns
	at org.apache.ratis.grpc.GrpcUtil.tryUnwrapException(GrpcUtil.java:82)
	at org.apache.ratis.grpc.GrpcUtil.unwrapException(GrpcUtil.java:75)
	at org.apache.ratis.grpc.client.GrpcClientProtocolClient.blockingCall(GrpcClientProtocolClient.java:184)
	at org.apache.ratis.grpc.client.GrpcClientProtocolClient.groupAdd(GrpcClientProtocolClient.java:153)
	at org.apache.ratis.grpc.client.GrpcClientRpc.sendRequest(GrpcClientRpc.java:94)
	at org.apache.ratis.client.impl.RaftClientImpl.sendRequest(RaftClientImpl.java:278)
	at org.apache.ratis.client.impl.RaftClientImpl.groupAdd(RaftClientImpl.java:205)
	at org.apache.hadoop.hdds.scm.pipeline.RatisPipelineProvider.lambda$initializePipeline$4(RatisPipelineProvider.java:198)
	at org.apache.hadoop.hdds.scm.pipeline.RatisPipelineProvider.lambda$null$5(RatisPipelineProvider.java:233)
	at java.util.stream.ForEachOps$ForEachOp$OfRef.accept(ForEachOps.java:183)
	at java.util.ArrayList$ArrayListSpliterator.forEachRemaining(ArrayList.java:1382)
	at java.util.stream.AbstractPipeline.copyInto(AbstractPipeline.java:482)
	at java.util.stream.ForEachOps$ForEachTask.compute(ForEachOps.java:290)
	at java.util.concurrent.CountedCompleter.exec(CountedCompleter.java:731)
	at java.util.concurrent.ForkJoinTask.doExec(ForkJoinTask.java:289)
	at java.util.concurrent.ForkJoinPool$WorkQueue.runTask(ForkJoinPool.java:1056)
	at java.util.concurrent.ForkJoinPool.runWorker(ForkJoinPool.java:1692)
	at java.util.concurrent.ForkJoinWorkerThread.run(ForkJoinWorkerThread.java:157)
Caused by: org.apache.ratis.thirdparty.io.grpc.StatusRuntimeException: DEADLINE_EXCEEDED: deadline exceeded after 2998488881ns
	at org.apache.ratis.thirdparty.io.grpc.stub.ClientCalls.toStatusRuntimeException(ClientCalls.java:233)
	at org.apache.ratis.thirdparty.io.grpc.stub.ClientCalls.getUnchecked(ClientCalls.java:214)
	at org.apache.ratis.thirdparty.io.grpc.stub.ClientCalls.blockingUnaryCall(ClientCalls.java:139)
	at org.apache.ratis.proto.grpc.AdminProtocolServiceGrpc$AdminProtocolServiceBlockingStub.groupManagement(AdminProtocolServiceGrpc.java:274)
	at org.apache.ratis.grpc.client.GrpcClientProtocolClient.lambda$groupAdd$3(GrpcClientProtocolClient.java:155)
	at org.apache.ratis.grpc.client.GrpcClientProtocolClient.blockingCall(GrpcClientProtocolClient.java:182)
	... 15 more
2019-10-20 06:19:48,598 [IPC Server handler 1 on 42449] WARN  block.BlockManagerImpl (BlockManagerImpl.java:allocateBlock(200)) - Pipeline creation failed for type:RATIS factor:THREE. Retrying get pipelines call once.
org.apache.hadoop.io.MultipleIOException: 3 exceptions [java.io.IOException: Failed invoke Ratis rpc org.apache.hadoop.hdds.scm.pipeline.RatisPipelineProvider$$Lambda$197/1639088927@69e2330e for 92501a76-e5f9-437d-b0dc-6dcfbf7802b8, java.io.IOException: Failed invoke Ratis rpc org.apache.hadoop.hdds.scm.pipeline.RatisPipelineProvider$$Lambda$197/1639088927@69e2330e for fe749939-5c4f-4520-aea5-9c3fb525c39c, java.io.IOException: Failed invoke Ratis rpc org.apache.hadoop.hdds.scm.pipeline.RatisPipelineProvider$$Lambda$197/1639088927@69e2330e for 6c1327b8-5bfa-47cd-850a-df150bd7b196]
	at org.apache.hadoop.io.MultipleIOException.createIOException(MultipleIOException.java:53)
	at org.apache.hadoop.hdds.scm.pipeline.RatisPipelineProvider.callRatisRpc(RatisPipelineProvider.java:253)
	at org.apache.hadoop.hdds.scm.pipeline.RatisPipelineProvider.initializePipeline(RatisPipelineProvider.java:196)
	at org.apache.hadoop.hdds.scm.pipeline.RatisPipelineProvider.create(RatisPipelineProvider.java:163)
	at org.apache.hadoop.hdds.scm.pipeline.PipelineFactory.create(PipelineFactory.java:58)
	at org.apache.hadoop.hdds.scm.pipeline.SCMPipelineManager.createPipeline(SCMPipelineManager.java:155)
	at org.apache.hadoop.hdds.scm.block.BlockManagerImpl.allocateBlock(BlockManagerImpl.java:198)
	at org.apache.hadoop.hdds.scm.server.SCMBlockProtocolServer.allocateBlock(SCMBlockProtocolServer.java:182)
	at org.apache.hadoop.hdds.scm.protocol.ScmBlockLocationProtocolServerSideTranslatorPB.allocateScmBlock(ScmBlockLocationProtocolServerSideTranslatorPB.java:159)
	at org.apache.hadoop.hdds.scm.protocol.ScmBlockLocationProtocolServerSideTranslatorPB.processMessage(ScmBlockLocationProtocolServerSideTranslatorPB.java:117)
	at org.apache.hadoop.hdds.server.OzoneProtocolMessageDispatcher.processRequest(OzoneProtocolMessageDispatcher.java:72)
	at org.apache.hadoop.hdds.scm.protocol.ScmBlockLocationProtocolServerSideTranslatorPB.send(ScmBlockLocationProtocolServerSideTranslatorPB.java:98)
	at org.apache.hadoop.hdds.protocol.proto.ScmBlockLocationProtocolProtos$ScmBlockLocationProtocolService$2.callBlockingMethod(ScmBlockLocationProtocolProtos.java:13157)
	at org.apache.hadoop.ipc.ProtobufRpcEngine$Server$ProtoBufRpcInvoker.call(ProtobufRpcEngine.java:524)
	at org.apache.hadoop.ipc.RPC$Server.call(RPC.java:1025)
	at org.apache.hadoop.ipc.Server$RpcCall.run(Server.java:876)
	at org.apache.hadoop.ipc.Server$RpcCall.run(Server.java:822)
	at java.security.AccessController.doPrivileged(Native Method)
	at javax.security.auth.Subject.doAs(Subject.java:422)
	at org.apache.hadoop.security.UserGroupInformation.doAs(UserGroupInformation.java:1730)
	at org.apache.hadoop.ipc.Server$Handler.run(Server.java:2682)
2019-10-20 06:19:48,599 [IPC Server handler 1 on 42449] INFO  block.BlockManagerImpl (BlockManagerImpl.java:allocateBlock(212)) - Could not find available pipeline of type:RATIS and factor:THREE even after retrying
2019-10-20 06:19:48,599 [IPC Server handler 1 on 42449] ERROR block.BlockManagerImpl (BlockManagerImpl.java:allocateBlock(236)) - Unable to allocate a block for the size: 4194304, type: RATIS, factor: THREE
2019-10-20 06:19:48,618 [grpc-default-executor-7] INFO  impl.RaftServerProxy (RaftServerProxy.java:addNew(89)) - fe749939-5c4f-4520-aea5-9c3fb525c39c: addNew group-5D45762F7765:[92501a76-e5f9-437d-b0dc-6dcfbf7802b8:192.168.164.239:39204, 6c1327b8-5bfa-47cd-850a-df150bd7b196:192.168.164.239:34482, fe749939-5c4f-4520-aea5-9c3fb525c39c:192.168.164.239:41202] returns group-5D45762F7765:java.util.concurrent.CompletableFuture@70d114ba[Not completed]
2019-10-20 06:19:48,618 [grpc-default-executor-5] INFO  impl.RaftServerProxy (RaftServerProxy.java:addNew(89)) - 6c1327b8-5bfa-47cd-850a-df150bd7b196: addNew group-5D45762F7765:[92501a76-e5f9-437d-b0dc-6dcfbf7802b8:192.168.164.239:39204, 6c1327b8-5bfa-47cd-850a-df150bd7b196:192.168.164.239:34482, fe749939-5c4f-4520-aea5-9c3fb525c39c:192.168.164.239:41202] returns group-5D45762F7765:java.util.concurrent.CompletableFuture@7acde8b[Not completed]
2019-10-20 06:19:48,621 [grpc-default-executor-5] INFO  impl.RaftServerProxy (RaftServerProxy.java:addNew(89)) - 92501a76-e5f9-437d-b0dc-6dcfbf7802b8: addNew group-5D45762F7765:[92501a76-e5f9-437d-b0dc-6dcfbf7802b8:192.168.164.239:39204, 6c1327b8-5bfa-47cd-850a-df150bd7b196:192.168.164.239:34482, fe749939-5c4f-4520-aea5-9c3fb525c39c:192.168.164.239:41202] returns group-5D45762F7765:java.util.concurrent.CompletableFuture@7e1df5c7[Not completed]
2019-10-20 06:19:49,180 [pool-57-thread-1] INFO  storage.RaftStorage (RaftStorage.java:format(84)) - Storage directory /workdir/hadoop-ozone/tools/target/test-dir/MiniOzoneClusterImpl-58b3a14b-8347-4dab-aab6-d610c62ac67a/datanode-3/data/ratis/9bd04ab9-614d-43d9-a580-5c6e57934170 has been successfully formatted.
2019-10-20 06:19:49,180 [fe749939-5c4f-4520-aea5-9c3fb525c39c@group-5C6E57934170-LeaderElection5] INFO  impl.LeaderElection (LeaderElection.java:askForVotes(178)) - fe749939-5c4f-4520-aea5-9c3fb525c39c@group-5C6E57934170-LeaderElection5: begin an election at term 2 for -1: [92501a76-e5f9-437d-b0dc-6dcfbf7802b8:192.168.164.239:39204, 6c1327b8-5bfa-47cd-850a-df150bd7b196:192.168.164.239:34482, fe749939-5c4f-4520-aea5-9c3fb525c39c:192.168.164.239:41202], old=null
2019-10-20 06:19:49,180 [grpc-default-executor-2] INFO  impl.RaftServerImpl (RaftServerImpl.java:setRole(184)) - 92501a76-e5f9-437d-b0dc-6dcfbf7802b8@group-466441C093D1: changes role from  FOLLOWER to FOLLOWER at term 3 for recognizeCandidate:6c1327b8-5bfa-47cd-850a-df150bd7b196
2019-10-20 06:19:49,180 [fe749939-5c4f-4520-aea5-9c3fb525c39c@group-466441C093D1-LeaderElection6] INFO  impl.LeaderElection (LeaderElection.java:askForVotes(178)) - fe749939-5c4f-4520-aea5-9c3fb525c39c@group-466441C093D1-LeaderElection6: begin an election at term 4 for -1: [92501a76-e5f9-437d-b0dc-6dcfbf7802b8:192.168.164.239:39204, 6c1327b8-5bfa-47cd-850a-df150bd7b196:192.168.164.239:34482, fe749939-5c4f-4520-aea5-9c3fb525c39c:192.168.164.239:41202], old=null
2019-10-20 06:19:49,180 [6c1327b8-5bfa-47cd-850a-df150bd7b196@group-5C6E57934170-LeaderElection7] INFO  impl.LeaderElection (LeaderElection.java:askForVotes(178)) - 6c1327b8-5bfa-47cd-850a-df150bd7b196@group-5C6E57934170-LeaderElection7: begin an election at term 2 for -1: [92501a76-e5f9-437d-b0dc-6dcfbf7802b8:192.168.164.239:39204, 6c1327b8-5bfa-47cd-850a-df150bd7b196:192.168.164.239:34482, fe749939-5c4f-4520-aea5-9c3fb525c39c:192.168.164.239:41202], old=null
2019-10-20 06:19:49,180 [pool-67-thread-1] INFO  storage.RaftStorage (RaftStorage.java:format(84)) - Storage directory /workdir/hadoop-ozone/tools/target/test-dir/MiniOzoneClusterImpl-58b3a14b-8347-4dab-aab6-d610c62ac67a/datanode-4/data/ratis/f0213d88-ec45-4d11-9beb-3a0ad6db8537 has been successfully formatted.
2019-10-20 06:19:49,180 [6c1327b8-5bfa-47cd-850a-df150bd7b196@group-466441C093D1-LeaderElection8] INFO  impl.LeaderElection (LeaderElection.java:askForVotes(178)) - 6c1327b8-5bfa-47cd-850a-df150bd7b196@group-466441C093D1-LeaderElection8: begin an election at term 4 for -1: [92501a76-e5f9-437d-b0dc-6dcfbf7802b8:192.168.164.239:39204, 6c1327b8-5bfa-47cd-850a-df150bd7b196:192.168.164.239:34482, fe749939-5c4f-4520-aea5-9c3fb525c39c:192.168.164.239:41202], old=null
2019-10-20 06:19:49,180 [pool-37-thread-1] INFO  storage.RaftStorage (RaftStorage.java:format(84)) - Storage directory /workdir/hadoop-ozone/tools/target/test-dir/MiniOzoneClusterImpl-58b3a14b-8347-4dab-aab6-d610c62ac67a/datanode-1/data/ratis/f0213d88-ec45-4d11-9beb-3a0ad6db8537 has been successfully formatted.
2019-10-20 06:19:49,181 [pool-67-thread-1] INFO  ratis.ContainerStateMachine (ContainerStateMachine.java:loadSnapshot(231)) - group-3A0AD6DB8537: The snapshot info is null. Setting the last applied indexto:(t:0, i:~)
2019-10-20 06:19:49,180 [grpc-default-executor-2] INFO  impl.RoleInfo (RoleInfo.java:shutdownFollowerState(121)) - 92501a76-e5f9-437d-b0dc-6dcfbf7802b8: shutdown FollowerState
2019-10-20 06:19:49,180 [pool-57-thread-1] INFO  ratis.ContainerStateMachine (ContainerStateMachine.java:loadSnapshot(231)) - group-5C6E57934170: The snapshot info is null. Setting the last applied indexto:(t:0, i:~)
2019-10-20 06:19:49,182 [pool-67-thread-1] INFO  server.RaftServerConfigKeys (ConfUtils.java:logGet(43)) - raft.server.notification.no-leader.timeout = 120s (custom)
2019-10-20 06:19:49,182 [pool-37-thread-1] INFO  ratis.ContainerStateMachine (ContainerStateMachine.java:loadSnapshot(231)) - group-3A0AD6DB8537: The snapshot info is null. Setting the last applied indexto:(t:0, i:~)
2019-10-20 06:19:49,183 [pool-67-thread-1] INFO  server.RaftServerConfigKeys (ConfUtils.java:logGet(43)) - raft.server.log.use.memory = false (default)
2019-10-20 06:19:49,182 [grpc-default-executor-2] INFO  impl.RoleInfo (RoleInfo.java:updateAndGet(143)) - 92501a76-e5f9-437d-b0dc-6dcfbf7802b8: start FollowerState
2019-10-20 06:19:49,182 [pool-57-thread-1] INFO  server.RaftServerConfigKeys (ConfUtils.java:logGet(43)) - raft.server.notification.no-leader.timeout = 120s (custom)
2019-10-20 06:19:49,185 [pool-67-thread-1] INFO  server.RaftServerConfigKeys (ConfUtils.java:logGet(43)) - raft.server.log.purge.gap = 1000000 (custom)
2019-10-20 06:19:49,183 [pool-37-thread-1] INFO  server.RaftServerConfigKeys (ConfUtils.java:logGet(43)) - raft.server.notification.no-leader.timeout = 120s (custom)
2019-10-20 06:19:49,185 [pool-67-thread-1] INFO  server.RaftServerConfigKeys (ConfUtils.java:logGet(43)) - raft.server.log.appender.buffer.byte-limit = 33554432 (custom)
2019-10-20 06:19:49,185 [pool-57-thread-1] INFO  server.RaftServerConfigKeys (ConfUtils.java:logGet(43)) - raft.server.log.use.memory = false (default)
2019-10-20 06:19:49,186 [pool-67-thread-1] INFO  server.RaftServerConfigKeys (ConfUtils.java:logGet(43)) - raft.server.log.segment.size.max = 1048576 (custom)
2019-10-20 06:19:49,185 [pool-37-thread-1] INFO  server.RaftServerConfigKeys (ConfUtils.java:logGet(43)) - raft.server.log.use.memory = false (default)
2019-10-20 06:19:49,186 [pool-67-thread-1] INFO  server.RaftServerConfigKeys (ConfUtils.java:logGet(43)) - raft.server.log.segment.cache.num.max = 2 (custom)
2019-10-20 06:19:49,186 [pool-57-thread-1] INFO  server.RaftServerConfigKeys (ConfUtils.java:logGet(43)) - raft.server.log.purge.gap = 1000000 (custom)
2019-10-20 06:19:49,186 [pool-67-thread-1] INFO  segmented.SegmentedRaftLogWorker (SegmentedRaftLogWorker.java:<init>(173)) - new fe749939-5c4f-4520-aea5-9c3fb525c39c@group-3A0AD6DB8537-SegmentedRaftLogWorker for RaftStorage:Storage Directory /workdir/hadoop-ozone/tools/target/test-dir/MiniOzoneClusterImpl-58b3a14b-8347-4dab-aab6-d610c62ac67a/datanode-4/data/ratis/f0213d88-ec45-4d11-9beb-3a0ad6db8537
2019-10-20 06:19:49,186 [pool-37-thread-1] INFO  server.RaftServerConfigKeys (ConfUtils.java:logGet(43)) - raft.server.log.purge.gap = 1000000 (custom)
2019-10-20 06:19:49,187 [pool-67-thread-1] INFO  server.RaftServerConfigKeys (ConfUtils.java:logGet(43)) - raft.server.log.queue.byte-limit = 2147483647 (custom)
2019-10-20 06:19:49,187 [pool-57-thread-1] INFO  server.RaftServerConfigKeys (ConfUtils.java:logGet(43)) - raft.server.log.appender.buffer.byte-limit = 33554432 (custom)
2019-10-20 06:19:49,187 [pool-67-thread-1] INFO  server.RaftServerConfigKeys (ConfUtils.java:logGet(43)) - raft.server.log.queue.element-limit = 1024 (custom)
2019-10-20 06:19:49,187 [pool-37-thread-1] INFO  server.RaftServerConfigKeys (ConfUtils.java:logGet(43)) - raft.server.log.appender.buffer.byte-limit = 33554432 (custom)
2019-10-20 06:19:49,189 [pool-67-thread-1] INFO  server.RaftServerConfigKeys (ConfUtils.java:logGet(43)) - raft.server.log.segment.size.max = 1048576 (custom)
2019-10-20 06:19:49,189 [pool-57-thread-1] INFO  server.RaftServerConfigKeys (ConfUtils.java:logGet(43)) - raft.server.log.segment.size.max = 1048576 (custom)
2019-10-20 06:19:49,192 [pool-67-thread-1] INFO  server.RaftServerConfigKeys (ConfUtils.java:logGet(43)) - raft.server.log.preallocated.size = 16384 (custom)
2019-10-20 06:19:49,191 [pool-37-thread-1] INFO  server.RaftServerConfigKeys (ConfUtils.java:logGet(43)) - raft.server.log.segment.size.max = 1048576 (custom)
2019-10-20 06:19:49,192 [pool-67-thread-1] INFO  server.RaftServerConfigKeys (ConfUtils.java:logGet(43)) - raft.server.log.write.buffer.size = 33554432 (custom)
2019-10-20 06:19:49,192 [pool-57-thread-1] INFO  server.RaftServerConfigKeys (ConfUtils.java:logGet(43)) - raft.server.log.segment.cache.num.max = 2 (custom)
2019-10-20 06:19:49,194 [pool-67-thread-1] INFO  server.RaftServerConfigKeys (ConfUtils.java:logGet(43)) - raft.server.log.force.sync.num = 128 (default)
2019-10-20 06:19:49,194 [pool-37-thread-1] INFO  server.RaftServerConfigKeys (ConfUtils.java:logGet(43)) - raft.server.log.segment.cache.num.max = 2 (custom)
2019-10-20 06:19:49,195 [pool-67-thread-1] INFO  server.RaftServerConfigKeys (ConfUtils.java:logGet(43)) - raft.server.log.statemachine.data.sync = true (default)
2019-10-20 06:19:49,197 [pool-37-thread-1] INFO  segmented.SegmentedRaftLogWorker (SegmentedRaftLogWorker.java:<init>(173)) - new 6c1327b8-5bfa-47cd-850a-df150bd7b196@group-3A0AD6DB8537-SegmentedRaftLogWorker for RaftStorage:Storage Directory /workdir/hadoop-ozone/tools/target/test-dir/MiniOzoneClusterImpl-58b3a14b-8347-4dab-aab6-d610c62ac67a/datanode-1/data/ratis/f0213d88-ec45-4d11-9beb-3a0ad6db8537
2019-10-20 06:19:49,195 [pool-57-thread-1] INFO  segmented.SegmentedRaftLogWorker (SegmentedRaftLogWorker.java:<init>(173)) - new 92501a76-e5f9-437d-b0dc-6dcfbf7802b8@group-5C6E57934170-SegmentedRaftLogWorker for RaftStorage:Storage Directory /workdir/hadoop-ozone/tools/target/test-dir/MiniOzoneClusterImpl-58b3a14b-8347-4dab-aab6-d610c62ac67a/datanode-3/data/ratis/9bd04ab9-614d-43d9-a580-5c6e57934170
2019-10-20 06:19:49,197 [pool-37-thread-1] INFO  server.RaftServerConfigKeys (ConfUtils.java:logGet(43)) - raft.server.log.queue.byte-limit = 2147483647 (custom)
2019-10-20 06:19:49,197 [pool-67-thread-1] INFO  server.RaftServerConfigKeys (ConfUtils.java:logGet(43)) - raft.server.log.statemachine.data.sync.timeout = 10s (default)
2019-10-20 06:19:49,199 [pool-37-thread-1] INFO  server.RaftServerConfigKeys (ConfUtils.java:logGet(43)) - raft.server.log.queue.element-limit = 1024 (custom)
2019-10-20 06:19:49,197 [pool-57-thread-1] INFO  server.RaftServerConfigKeys (ConfUtils.java:logGet(43)) - raft.server.log.queue.byte-limit = 2147483647 (custom)
2019-10-20 06:19:49,201 [pool-37-thread-1] INFO  server.RaftServerConfigKeys (ConfUtils.java:logGet(43)) - raft.server.log.segment.size.max = 1048576 (custom)
2019-10-20 06:19:49,200 [pool-67-thread-1] INFO  server.RaftServerConfigKeys (ConfUtils.java:logGet(43)) - raft.server.log.statemachine.data.sync.timeout.retry = -1 (default)
2019-10-20 06:19:49,202 [pool-37-thread-1] INFO  server.RaftServerConfigKeys (ConfUtils.java:logGet(43)) - raft.server.log.preallocated.size = 16384 (custom)
2019-10-20 06:19:49,202 [pool-57-thread-1] INFO  server.RaftServerConfigKeys (ConfUtils.java:logGet(43)) - raft.server.log.queue.element-limit = 1024 (custom)
2019-10-20 06:19:49,203 [pool-37-thread-1] INFO  server.RaftServerConfigKeys (ConfUtils.java:logGet(43)) - raft.server.log.write.buffer.size = 33554432 (custom)
2019-10-20 06:19:49,202 [pool-67-thread-1] INFO  server.RaftServerConfigKeys (ConfUtils.java:logGet(43)) - raft.server.log.statemachine.data.caching.enabled = true (custom)
2019-10-20 06:19:49,203 [pool-37-thread-1] INFO  server.RaftServerConfigKeys (ConfUtils.java:logGet(43)) - raft.server.log.force.sync.num = 128 (default)
2019-10-20 06:19:49,203 [pool-57-thread-1] INFO  server.RaftServerConfigKeys (ConfUtils.java:logGet(43)) - raft.server.log.segment.size.max = 1048576 (custom)
2019-10-20 06:19:49,204 [pool-67-thread-1] INFO  segmented.SegmentedRaftLogWorker (SegmentedRaftLogWorker.java:lambda$new$0(128)) - fe749939-5c4f-4520-aea5-9c3fb525c39c@group-3A0AD6DB8537-SegmentedRaftLogWorker: flushIndex: setUnconditionally 0 -> -1
2019-10-20 06:19:49,204 [pool-37-thread-1] INFO  server.RaftServerConfigKeys (ConfUtils.java:logGet(43)) - raft.server.log.statemachine.data.sync = true (default)
2019-10-20 06:19:49,205 [pool-67-thread-1] INFO  server.RaftServerConfigKeys (ConfUtils.java:logGet(43)) - raft.server.snapshot.auto.trigger.enabled = true (custom)
2019-10-20 06:19:49,204 [pool-57-thread-1] INFO  server.RaftServerConfigKeys (ConfUtils.java:logGet(43)) - raft.server.log.preallocated.size = 16384 (custom)
2019-10-20 06:19:49,205 [pool-67-thread-1] INFO  server.RaftServerConfigKeys (ConfUtils.java:logGet(43)) - raft.server.snapshot.auto.trigger.threshold = 10000 (custom)
2019-10-20 06:19:49,205 [pool-37-thread-1] INFO  server.RaftServerConfigKeys (ConfUtils.java:logGet(43)) - raft.server.log.statemachine.data.sync.timeout = 10s (default)
2019-10-20 06:19:49,206 [pool-67-thread-1] INFO  server.RaftServerConfigKeys (ConfUtils.java:logGet(43)) - raft.server.snapshot.retention.file.num = 5 (custom)
2019-10-20 06:19:49,206 [pool-57-thread-1] INFO  server.RaftServerConfigKeys (ConfUtils.java:logGet(43)) - raft.server.log.write.buffer.size = 33554432 (custom)
2019-10-20 06:19:49,206 [pool-67-thread-1] INFO  server.RaftServerConfigKeys (ConfUtils.java:logGet(43)) - raft.server.retrycache.expirytime = 600000ms (custom)
2019-10-20 06:19:49,206 [pool-37-thread-1] INFO  server.RaftServerConfigKeys (ConfUtils.java:logGet(43)) - raft.server.log.statemachine.data.sync.timeout.retry = -1 (default)
2019-10-20 06:19:49,206 [pool-57-thread-1] INFO  server.RaftServerConfigKeys (ConfUtils.java:logGet(43)) - raft.server.log.force.sync.num = 128 (default)
2019-10-20 06:19:49,207 [pool-37-thread-1] INFO  server.RaftServerConfigKeys (ConfUtils.java:logGet(43)) - raft.server.log.statemachine.data.caching.enabled = true (custom)
2019-10-20 06:19:49,207 [pool-57-thread-1] INFO  server.RaftServerConfigKeys (ConfUtils.java:logGet(43)) - raft.server.log.statemachine.data.sync = true (default)
2019-10-20 06:19:49,207 [pool-57-thread-1] INFO  server.RaftServerConfigKeys (ConfUtils.java:logGet(43)) - raft.server.log.statemachine.data.sync.timeout = 10s (default)
2019-10-20 06:19:49,207 [pool-37-thread-1] INFO  segmented.SegmentedRaftLogWorker (SegmentedRaftLogWorker.java:lambda$new$0(128)) - 6c1327b8-5bfa-47cd-850a-df150bd7b196@group-3A0AD6DB8537-SegmentedRaftLogWorker: flushIndex: setUnconditionally 0 -> -1
2019-10-20 06:19:49,208 [pool-57-thread-1] INFO  server.RaftServerConfigKeys (ConfUtils.java:logGet(43)) - raft.server.log.statemachine.data.sync.timeout.retry = -1 (default)
2019-10-20 06:19:49,208 [pool-37-thread-1] INFO  server.RaftServerConfigKeys (ConfUtils.java:logGet(43)) - raft.server.snapshot.auto.trigger.enabled = true (custom)
2019-10-20 06:19:49,208 [pool-57-thread-1] INFO  server.RaftServerConfigKeys (ConfUtils.java:logGet(43)) - raft.server.log.statemachine.data.caching.enabled = true (custom)
2019-10-20 06:19:49,208 [pool-37-thread-1] INFO  server.RaftServerConfigKeys (ConfUtils.java:logGet(43)) - raft.server.snapshot.auto.trigger.threshold = 10000 (custom)
2019-10-20 06:19:49,209 [pool-37-thread-1] INFO  server.RaftServerConfigKeys (ConfUtils.java:logGet(43)) - raft.server.snapshot.retention.file.num = 5 (custom)
2019-10-20 06:19:49,209 [pool-57-thread-1] INFO  segmented.SegmentedRaftLogWorker (SegmentedRaftLogWorker.java:lambda$new$0(128)) - 92501a76-e5f9-437d-b0dc-6dcfbf7802b8@group-5C6E57934170-SegmentedRaftLogWorker: flushIndex: setUnconditionally 0 -> -1
2019-10-20 06:19:49,209 [pool-37-thread-1] INFO  server.RaftServerConfigKeys (ConfUtils.java:logGet(43)) - raft.server.retrycache.expirytime = 600000ms (custom)
2019-10-20 06:19:49,209 [pool-57-thread-1] INFO  server.RaftServerConfigKeys (ConfUtils.java:logGet(43)) - raft.server.snapshot.auto.trigger.enabled = true (custom)
2019-10-20 06:19:49,209 [pool-57-thread-1] INFO  server.RaftServerConfigKeys (ConfUtils.java:logGet(43)) - raft.server.snapshot.auto.trigger.threshold = 10000 (custom)
2019-10-20 06:19:49,209 [pool-57-thread-1] INFO  server.RaftServerConfigKeys (ConfUtils.java:logGet(43)) - raft.server.snapshot.retention.file.num = 5 (custom)
2019-10-20 06:19:49,210 [pool-57-thread-1] INFO  server.RaftServerConfigKeys (ConfUtils.java:logGet(43)) - raft.server.retrycache.expirytime = 600000ms (custom)
2019-10-20 06:19:49,212 [pool-67-thread-1] INFO  impl.RaftServerImpl (RaftServerImpl.java:<init>(104)) - fe749939-5c4f-4520-aea5-9c3fb525c39c: new RaftServerImpl for group-5D45762F7765:[92501a76-e5f9-437d-b0dc-6dcfbf7802b8:192.168.164.239:39204, 6c1327b8-5bfa-47cd-850a-df150bd7b196:192.168.164.239:34482, fe749939-5c4f-4520-aea5-9c3fb525c39c:192.168.164.239:41202] with ContainerStateMachine:uninitialized
2019-10-20 06:19:49,212 [pool-67-thread-1] INFO  server.RaftServerConfigKeys (ConfUtils.java:logGet(43)) - raft.server.rpc.timeout.min = 5s (custom)
2019-10-20 06:19:49,212 [pool-67-thread-1] INFO  server.RaftServerConfigKeys (ConfUtils.java:logGet(43)) - raft.server.rpc.timeout.max = 5200ms (custom)
2019-10-20 06:19:49,212 [pool-67-thread-1] INFO  server.RaftServerConfigKeys (ConfUtils.java:logGet(43)) - raft.server.rpcslowness.timeout = 120s (custom)
2019-10-20 06:19:49,212 [pool-67-thread-1] INFO  server.RaftServerConfigKeys (ConfUtils.java:logGet(43)) - raft.server.sleep.deviation.threshold = 300 (default)
2019-10-20 06:19:49,213 [pool-67-thread-1] INFO  server.RaftServerConfigKeys (ConfUtils.java:logGet(43)) - raft.server.log.appender.install.snapshot.enabled = false (custom)
2019-10-20 06:19:49,213 [pool-67-thread-1] INFO  impl.RaftServerImpl (ServerState.java:<init>(103)) - fe749939-5c4f-4520-aea5-9c3fb525c39c@group-5D45762F7765: ConfigurationManager, init=-1: [92501a76-e5f9-437d-b0dc-6dcfbf7802b8:192.168.164.239:39204, 6c1327b8-5bfa-47cd-850a-df150bd7b196:192.168.164.239:34482, fe749939-5c4f-4520-aea5-9c3fb525c39c:192.168.164.239:41202], old=null, confs=<EMPTY_MAP>
2019-10-20 06:19:49,213 [pool-67-thread-1] INFO  server.RaftServerConfigKeys (ConfUtils.java:logGet(43)) - raft.server.storage.dir = [/workdir/hadoop-ozone/tools/target/test-dir/MiniOzoneClusterImpl-58b3a14b-8347-4dab-aab6-d610c62ac67a/datanode-4/data/ratis] (custom)
2019-10-20 06:19:49,213 [pool-67-thread-1] INFO  server.RaftServerConfigKeys (ConfUtils.java:logGet(43)) - raft.server.log.corruption.policy = EXCEPTION (default)
2019-10-20 06:19:49,213 [pool-67-thread-1] INFO  storage.RaftStorageDirectory (RaftStorageDirectory.java:analyzeStorage(246)) - The storage directory /workdir/hadoop-ozone/tools/target/test-dir/MiniOzoneClusterImpl-58b3a14b-8347-4dab-aab6-d610c62ac67a/datanode-4/data/ratis/4859694b-5929-4248-8761-5d45762f7765 does not exist. Creating ...
2019-10-20 06:19:49,215 [grpc-default-executor-6] WARN  server.GrpcServerProtocolService (LogUtils.java:warn(134)) - 92501a76-e5f9-437d-b0dc-6dcfbf7802b8: Failed requestVote 6c1327b8-5bfa-47cd-850a-df150bd7b196->92501a76-e5f9-437d-b0dc-6dcfbf7802b8#0: org.apache.ratis.protocol.ServerNotReadyException: 92501a76-e5f9-437d-b0dc-6dcfbf7802b8@group-5C6E57934170 is not in [RUNNING]: current state is NEW
2019-10-20 06:19:49,215 [grpc-default-executor-4] WARN  server.GrpcServerProtocolService (LogUtils.java:warn(134)) - 92501a76-e5f9-437d-b0dc-6dcfbf7802b8: Failed requestVote fe749939-5c4f-4520-aea5-9c3fb525c39c->92501a76-e5f9-437d-b0dc-6dcfbf7802b8#0: org.apache.ratis.protocol.ServerNotReadyException: 92501a76-e5f9-437d-b0dc-6dcfbf7802b8@group-5C6E57934170 is not in [RUNNING]: current state is NEW
2019-10-20 06:19:49,215 [grpc-default-executor-3] WARN  server.GrpcServerProtocolService (LogUtils.java:warn(134)) - 92501a76-e5f9-437d-b0dc-6dcfbf7802b8: Failed requestVote 6c1327b8-5bfa-47cd-850a-df150bd7b196->92501a76-e5f9-437d-b0dc-6dcfbf7802b8#0: org.apache.ratis.protocol.ServerNotReadyException: 92501a76-e5f9-437d-b0dc-6dcfbf7802b8@group-5C6E57934170 is not in [RUNNING]: current state is NEW
2019-10-20 06:19:49,215 [grpc-default-executor-5] WARN  server.GrpcServerProtocolService (LogUtils.java:warn(134)) - 92501a76-e5f9-437d-b0dc-6dcfbf7802b8: Failed requestVote fe749939-5c4f-4520-aea5-9c3fb525c39c->92501a76-e5f9-437d-b0dc-6dcfbf7802b8#0: org.apache.ratis.protocol.ServerNotReadyException: 92501a76-e5f9-437d-b0dc-6dcfbf7802b8@group-5C6E57934170 is not in [RUNNING]: current state is NEW
2019-10-20 06:19:49,216 [pool-37-thread-1] INFO  impl.RaftServerImpl (RaftServerImpl.java:<init>(104)) - 6c1327b8-5bfa-47cd-850a-df150bd7b196: new RaftServerImpl for group-5D45762F7765:[92501a76-e5f9-437d-b0dc-6dcfbf7802b8:192.168.164.239:39204, 6c1327b8-5bfa-47cd-850a-df150bd7b196:192.168.164.239:34482, fe749939-5c4f-4520-aea5-9c3fb525c39c:192.168.164.239:41202] with ContainerStateMachine:uninitialized
2019-10-20 06:19:49,217 [pool-37-thread-1] INFO  server.RaftServerConfigKeys (ConfUtils.java:logGet(43)) - raft.server.rpc.timeout.min = 5s (custom)
2019-10-20 06:19:49,217 [pool-37-thread-1] INFO  server.RaftServerConfigKeys (ConfUtils.java:logGet(43)) - raft.server.rpc.timeout.max = 5200ms (custom)
2019-10-20 06:19:49,217 [pool-37-thread-1] INFO  server.RaftServerConfigKeys (ConfUtils.java:logGet(43)) - raft.server.rpcslowness.timeout = 120s (custom)
2019-10-20 06:19:49,217 [pool-37-thread-1] INFO  server.RaftServerConfigKeys (ConfUtils.java:logGet(43)) - raft.server.sleep.deviation.threshold = 300 (default)
2019-10-20 06:19:49,217 [pool-37-thread-1] INFO  server.RaftServerConfigKeys (ConfUtils.java:logGet(43)) - raft.server.log.appender.install.snapshot.enabled = false (custom)
2019-10-20 06:19:49,217 [pool-57-thread-1] INFO  impl.RaftServerImpl (RaftServerImpl.java:<init>(104)) - 92501a76-e5f9-437d-b0dc-6dcfbf7802b8: new RaftServerImpl for group-3A0AD6DB8537:[92501a76-e5f9-437d-b0dc-6dcfbf7802b8:192.168.164.239:39204, 6c1327b8-5bfa-47cd-850a-df150bd7b196:192.168.164.239:34482, fe749939-5c4f-4520-aea5-9c3fb525c39c:192.168.164.239:41202] with ContainerStateMachine:uninitialized
2019-10-20 06:19:49,217 [pool-37-thread-1] INFO  impl.RaftServerImpl (ServerState.java:<init>(103)) - 6c1327b8-5bfa-47cd-850a-df150bd7b196@group-5D45762F7765: ConfigurationManager, init=-1: [92501a76-e5f9-437d-b0dc-6dcfbf7802b8:192.168.164.239:39204, 6c1327b8-5bfa-47cd-850a-df150bd7b196:192.168.164.239:34482, fe749939-5c4f-4520-aea5-9c3fb525c39c:192.168.164.239:41202], old=null, confs=<EMPTY_MAP>
2019-10-20 06:19:49,218 [pool-57-thread-1] INFO  server.RaftServerConfigKeys (ConfUtils.java:logGet(43)) - raft.server.rpc.timeout.min = 5s (custom)
2019-10-20 06:19:49,218 [pool-37-thread-1] INFO  server.RaftServerConfigKeys (ConfUtils.java:logGet(43)) - raft.server.storage.dir = [/workdir/hadoop-ozone/tools/target/test-dir/MiniOzoneClusterImpl-58b3a14b-8347-4dab-aab6-d610c62ac67a/datanode-1/data/ratis] (custom)
2019-10-20 06:19:49,218 [pool-57-thread-1] INFO  server.RaftServerConfigKeys (ConfUtils.java:logGet(43)) - raft.server.rpc.timeout.max = 5200ms (custom)
2019-10-20 06:19:49,218 [pool-57-thread-1] INFO  server.RaftServerConfigKeys (ConfUtils.java:logGet(43)) - raft.server.rpcslowness.timeout = 120s (custom)
2019-10-20 06:19:49,218 [pool-37-thread-1] INFO  server.RaftServerConfigKeys (ConfUtils.java:logGet(43)) - raft.server.log.corruption.policy = EXCEPTION (default)
2019-10-20 06:19:49,218 [pool-57-thread-1] INFO  server.RaftServerConfigKeys (ConfUtils.java:logGet(43)) - raft.server.sleep.deviation.threshold = 300 (default)
2019-10-20 06:19:49,219 [pool-37-thread-1] INFO  storage.RaftStorageDirectory (RaftStorageDirectory.java:analyzeStorage(246)) - The storage directory /workdir/hadoop-ozone/tools/target/test-dir/MiniOzoneClusterImpl-58b3a14b-8347-4dab-aab6-d610c62ac67a/datanode-1/data/ratis/4859694b-5929-4248-8761-5d45762f7765 does not exist. Creating ...
2019-10-20 06:19:49,219 [pool-57-thread-1] INFO  server.RaftServerConfigKeys (ConfUtils.java:logGet(43)) - raft.server.log.appender.install.snapshot.enabled = false (custom)
2019-10-20 06:19:49,219 [pool-57-thread-1] INFO  impl.RaftServerImpl (ServerState.java:<init>(103)) - 92501a76-e5f9-437d-b0dc-6dcfbf7802b8@group-3A0AD6DB8537: ConfigurationManager, init=-1: [92501a76-e5f9-437d-b0dc-6dcfbf7802b8:192.168.164.239:39204, 6c1327b8-5bfa-47cd-850a-df150bd7b196:192.168.164.239:34482, fe749939-5c4f-4520-aea5-9c3fb525c39c:192.168.164.239:41202], old=null, confs=<EMPTY_MAP>
2019-10-20 06:19:49,219 [pool-57-thread-1] INFO  server.RaftServerConfigKeys (ConfUtils.java:logGet(43)) - raft.server.storage.dir = [/workdir/hadoop-ozone/tools/target/test-dir/MiniOzoneClusterImpl-58b3a14b-8347-4dab-aab6-d610c62ac67a/datanode-3/data/ratis] (custom)
2019-10-20 06:19:49,219 [pool-57-thread-1] INFO  server.RaftServerConfigKeys (ConfUtils.java:logGet(43)) - raft.server.log.corruption.policy = EXCEPTION (default)
2019-10-20 06:19:49,220 [pool-57-thread-1] INFO  storage.RaftStorageDirectory (RaftStorageDirectory.java:analyzeStorage(246)) - The storage directory /workdir/hadoop-ozone/tools/target/test-dir/MiniOzoneClusterImpl-58b3a14b-8347-4dab-aab6-d610c62ac67a/datanode-3/data/ratis/f0213d88-ec45-4d11-9beb-3a0ad6db8537 does not exist. Creating ...
2019-10-20 06:19:49,223 [6c1327b8-5bfa-47cd-850a-df150bd7b196@group-5C6E57934170-LeaderElection7] INFO  impl.LeaderElection (LogUtils.java:infoOrTrace(149)) - 6c1327b8-5bfa-47cd-850a-df150bd7b196@group-5C6E57934170-LeaderElection7 got exception when requesting votes: {}
java.util.concurrent.ExecutionException: org.apache.ratis.thirdparty.io.grpc.StatusRuntimeException: INTERNAL: 92501a76-e5f9-437d-b0dc-6dcfbf7802b8@group-5C6E57934170 is not in [RUNNING]: current state is NEW
	at java.util.concurrent.FutureTask.report(FutureTask.java:122)
	at java.util.concurrent.FutureTask.get(FutureTask.java:192)
	at org.apache.ratis.server.impl.LeaderElection.waitForResults(LeaderElection.java:259)
	at org.apache.ratis.server.impl.LeaderElection.askForVotes(LeaderElection.java:197)
	at org.apache.ratis.server.impl.LeaderElection.run(LeaderElection.java:133)
	at java.lang.Thread.run(Thread.java:748)
Caused by: org.apache.ratis.thirdparty.io.grpc.StatusRuntimeException: INTERNAL: 92501a76-e5f9-437d-b0dc-6dcfbf7802b8@group-5C6E57934170 is not in [RUNNING]: current state is NEW
	at org.apache.ratis.thirdparty.io.grpc.stub.ClientCalls.toStatusRuntimeException(ClientCalls.java:233)
	at org.apache.ratis.thirdparty.io.grpc.stub.ClientCalls.getUnchecked(ClientCalls.java:214)
	at org.apache.ratis.thirdparty.io.grpc.stub.ClientCalls.blockingUnaryCall(ClientCalls.java:139)
	at org.apache.ratis.proto.grpc.RaftServerProtocolServiceGrpc$RaftServerProtocolServiceBlockingStub.requestVote(RaftServerProtocolServiceGrpc.java:265)
	at org.apache.ratis.grpc.server.GrpcServerProtocolClient.requestVote(GrpcServerProtocolClient.java:99)
	at org.apache.ratis.grpc.server.GrpcService.requestVote(GrpcService.java:204)
	at org.apache.ratis.server.impl.LeaderElection.lambda$submitRequests$1(LeaderElection.java:234)
	at java.util.concurrent.FutureTask.run(FutureTask.java:266)
	at java.util.concurrent.Executors$RunnableAdapter.call(Executors.java:511)
	at java.util.concurrent.FutureTask.run(FutureTask.java:266)
	at java.util.concurrent.ThreadPoolExecutor.runWorker(ThreadPoolExecutor.java:1149)
	at java.util.concurrent.ThreadPoolExecutor$Worker.run(ThreadPoolExecutor.java:624)
	... 1 more
2019-10-20 06:19:49,226 [6c1327b8-5bfa-47cd-850a-df150bd7b196@group-5C6E57934170-LeaderElection7] INFO  impl.LeaderElection (LeaderElection.java:logAndReturn(56)) - 6c1327b8-5bfa-47cd-850a-df150bd7b196@group-5C6E57934170-LeaderElection7: Election REJECTED; received 1 response(s) [6c1327b8-5bfa-47cd-850a-df150bd7b196<-fe749939-5c4f-4520-aea5-9c3fb525c39c#0:FAIL-t2] and 1 exception(s); 6c1327b8-5bfa-47cd-850a-df150bd7b196@group-5C6E57934170:t2, leader=null, voted=6c1327b8-5bfa-47cd-850a-df150bd7b196, raftlog=6c1327b8-5bfa-47cd-850a-df150bd7b196@group-5C6E57934170-SegmentedRaftLog:OPENED:c-1,f-1,i0, conf=-1: [92501a76-e5f9-437d-b0dc-6dcfbf7802b8:192.168.164.239:39204, 6c1327b8-5bfa-47cd-850a-df150bd7b196:192.168.164.239:34482, fe749939-5c4f-4520-aea5-9c3fb525c39c:192.168.164.239:41202], old=null
2019-10-20 06:19:49,226 [6c1327b8-5bfa-47cd-850a-df150bd7b196@group-5C6E57934170-LeaderElection7] INFO  impl.LeaderElection (LogUtils.java:infoOrTrace(149)) -   Exception 0: {}
java.util.concurrent.ExecutionException: org.apache.ratis.thirdparty.io.grpc.StatusRuntimeException: INTERNAL: 92501a76-e5f9-437d-b0dc-6dcfbf7802b8@group-5C6E57934170 is not in [RUNNING]: current state is NEW
	at java.util.concurrent.FutureTask.report(FutureTask.java:122)
	at java.util.concurrent.FutureTask.get(FutureTask.java:192)
	at org.apache.ratis.server.impl.LeaderElection.waitForResults(LeaderElection.java:259)
	at org.apache.ratis.server.impl.LeaderElection.askForVotes(LeaderElection.java:197)
	at org.apache.ratis.server.impl.LeaderElection.run(LeaderElection.java:133)
	at java.lang.Thread.run(Thread.java:748)
Caused by: org.apache.ratis.thirdparty.io.grpc.StatusRuntimeException: INTERNAL: 92501a76-e5f9-437d-b0dc-6dcfbf7802b8@group-5C6E57934170 is not in [RUNNING]: current state is NEW
	at org.apache.ratis.thirdparty.io.grpc.stub.ClientCalls.toStatusRuntimeException(ClientCalls.java:233)
	at org.apache.ratis.thirdparty.io.grpc.stub.ClientCalls.getUnchecked(ClientCalls.java:214)
	at org.apache.ratis.thirdparty.io.grpc.stub.ClientCalls.blockingUnaryCall(ClientCalls.java:139)
	at org.apache.ratis.proto.grpc.RaftServerProtocolServiceGrpc$RaftServerProtocolServiceBlockingStub.requestVote(RaftServerProtocolServiceGrpc.java:265)
	at org.apache.ratis.grpc.server.GrpcServerProtocolClient.requestVote(GrpcServerProtocolClient.java:99)
	at org.apache.ratis.grpc.server.GrpcService.requestVote(GrpcService.java:204)
	at org.apache.ratis.server.impl.LeaderElection.lambda$submitRequests$1(LeaderElection.java:234)
	at java.util.concurrent.FutureTask.run(FutureTask.java:266)
	at java.util.concurrent.Executors$RunnableAdapter.call(Executors.java:511)
	at java.util.concurrent.FutureTask.run(FutureTask.java:266)
	at java.util.concurrent.ThreadPoolExecutor.runWorker(ThreadPoolExecutor.java:1149)
	at java.util.concurrent.ThreadPoolExecutor$Worker.run(ThreadPoolExecutor.java:624)
	... 1 more
2019-10-20 06:19:49,226 [fe749939-5c4f-4520-aea5-9c3fb525c39c@group-5C6E57934170-LeaderElection5] INFO  impl.LeaderElection (LogUtils.java:infoOrTrace(149)) - fe749939-5c4f-4520-aea5-9c3fb525c39c@group-5C6E57934170-LeaderElection5 got exception when requesting votes: {}
java.util.concurrent.ExecutionException: org.apache.ratis.thirdparty.io.grpc.StatusRuntimeException: INTERNAL: 92501a76-e5f9-437d-b0dc-6dcfbf7802b8@group-5C6E57934170 is not in [RUNNING]: current state is NEW
	at java.util.concurrent.FutureTask.report(FutureTask.java:122)
	at java.util.concurrent.FutureTask.get(FutureTask.java:192)
	at org.apache.ratis.server.impl.LeaderElection.waitForResults(LeaderElection.java:259)
	at org.apache.ratis.server.impl.LeaderElection.askForVotes(LeaderElection.java:197)
	at org.apache.ratis.server.impl.LeaderElection.run(LeaderElection.java:133)
	at java.lang.Thread.run(Thread.java:748)
Caused by: org.apache.ratis.thirdparty.io.grpc.StatusRuntimeException: INTERNAL: 92501a76-e5f9-437d-b0dc-6dcfbf7802b8@group-5C6E57934170 is not in [RUNNING]: current state is NEW
	at org.apache.ratis.thirdparty.io.grpc.stub.ClientCalls.toStatusRuntimeException(ClientCalls.java:233)
	at org.apache.ratis.thirdparty.io.grpc.stub.ClientCalls.getUnchecked(ClientCalls.java:214)
	at org.apache.ratis.thirdparty.io.grpc.stub.ClientCalls.blockingUnaryCall(ClientCalls.java:139)
	at org.apache.ratis.proto.grpc.RaftServerProtocolServiceGrpc$RaftServerProtocolServiceBlockingStub.requestVote(RaftServerProtocolServiceGrpc.java:265)
	at org.apache.ratis.grpc.server.GrpcServerProtocolClient.requestVote(GrpcServerProtocolClient.java:99)
	at org.apache.ratis.grpc.server.GrpcService.requestVote(GrpcService.java:204)
	at org.apache.ratis.server.impl.LeaderElection.lambda$submitRequests$1(LeaderElection.java:234)
	at java.util.concurrent.FutureTask.run(FutureTask.java:266)
	at java.util.concurrent.Executors$RunnableAdapter.call(Executors.java:511)
	at java.util.concurrent.FutureTask.run(FutureTask.java:266)
	at java.util.concurrent.ThreadPoolExecutor.runWorker(ThreadPoolExecutor.java:1149)
	at java.util.concurrent.ThreadPoolExecutor$Worker.run(ThreadPoolExecutor.java:624)
	... 1 more
2019-10-20 06:19:49,227 [6c1327b8-5bfa-47cd-850a-df150bd7b196@group-5C6E57934170-LeaderElection7] INFO  impl.RaftServerImpl (RaftServerImpl.java:setRole(184)) - 6c1327b8-5bfa-47cd-850a-df150bd7b196@group-5C6E57934170: changes role from CANDIDATE to FOLLOWER at term 2 for DISCOVERED_A_NEW_TERM
2019-10-20 06:19:49,235 [6c1327b8-5bfa-47cd-850a-df150bd7b196@group-5C6E57934170-LeaderElection7] INFO  impl.RoleInfo (RoleInfo.java:shutdownLeaderElection(134)) - 6c1327b8-5bfa-47cd-850a-df150bd7b196: shutdown LeaderElection
2019-10-20 06:19:49,235 [fe749939-5c4f-4520-aea5-9c3fb525c39c@group-5C6E57934170-LeaderElection5] INFO  impl.LeaderElection (LeaderElection.java:logAndReturn(56)) - fe749939-5c4f-4520-aea5-9c3fb525c39c@group-5C6E57934170-LeaderElection5: Election REJECTED; received 1 response(s) [fe749939-5c4f-4520-aea5-9c3fb525c39c<-6c1327b8-5bfa-47cd-850a-df150bd7b196#0:FAIL-t2] and 1 exception(s); fe749939-5c4f-4520-aea5-9c3fb525c39c@group-5C6E57934170:t2, leader=null, voted=fe749939-5c4f-4520-aea5-9c3fb525c39c, raftlog=fe749939-5c4f-4520-aea5-9c3fb525c39c@group-5C6E57934170-SegmentedRaftLog:OPENED:c-1,f-1,i0, conf=-1: [92501a76-e5f9-437d-b0dc-6dcfbf7802b8:192.168.164.239:39204, 6c1327b8-5bfa-47cd-850a-df150bd7b196:192.168.164.239:34482, fe749939-5c4f-4520-aea5-9c3fb525c39c:192.168.164.239:41202], old=null
2019-10-20 06:19:49,235 [6c1327b8-5bfa-47cd-850a-df150bd7b196@group-5C6E57934170-LeaderElection7] INFO  impl.RoleInfo (RoleInfo.java:updateAndGet(143)) - 6c1327b8-5bfa-47cd-850a-df150bd7b196: start FollowerState
2019-10-20 06:19:49,235 [fe749939-5c4f-4520-aea5-9c3fb525c39c@group-5C6E57934170-LeaderElection5] INFO  impl.LeaderElection (LogUtils.java:infoOrTrace(149)) -   Exception 0: {}
java.util.concurrent.ExecutionException: org.apache.ratis.thirdparty.io.grpc.StatusRuntimeException: INTERNAL: 92501a76-e5f9-437d-b0dc-6dcfbf7802b8@group-5C6E57934170 is not in [RUNNING]: current state is NEW
	at java.util.concurrent.FutureTask.report(FutureTask.java:122)
	at java.util.concurrent.FutureTask.get(FutureTask.java:192)
	at org.apache.ratis.server.impl.LeaderElection.waitForResults(LeaderElection.java:259)
	at org.apache.ratis.server.impl.LeaderElection.askForVotes(LeaderElection.java:197)
	at org.apache.ratis.server.impl.LeaderElection.run(LeaderElection.java:133)
	at java.lang.Thread.run(Thread.java:748)
Caused by: org.apache.ratis.thirdparty.io.grpc.StatusRuntimeException: INTERNAL: 92501a76-e5f9-437d-b0dc-6dcfbf7802b8@group-5C6E57934170 is not in [RUNNING]: current state is NEW
	at org.apache.ratis.thirdparty.io.grpc.stub.ClientCalls.toStatusRuntimeException(ClientCalls.java:233)
	at org.apache.ratis.thirdparty.io.grpc.stub.ClientCalls.getUnchecked(ClientCalls.java:214)
	at org.apache.ratis.thirdparty.io.grpc.stub.ClientCalls.blockingUnaryCall(ClientCalls.java:139)
	at org.apache.ratis.proto.grpc.RaftServerProtocolServiceGrpc$RaftServerProtocolServiceBlockingStub.requestVote(RaftServerProtocolServiceGrpc.java:265)
	at org.apache.ratis.grpc.server.GrpcServerProtocolClient.requestVote(GrpcServerProtocolClient.java:99)
	at org.apache.ratis.grpc.server.GrpcService.requestVote(GrpcService.java:204)
	at org.apache.ratis.server.impl.LeaderElection.lambda$submitRequests$1(LeaderElection.java:234)
	at java.util.concurrent.FutureTask.run(FutureTask.java:266)
	at java.util.concurrent.Executors$RunnableAdapter.call(Executors.java:511)
	at java.util.concurrent.FutureTask.run(FutureTask.java:266)
	at java.util.concurrent.ThreadPoolExecutor.runWorker(ThreadPoolExecutor.java:1149)
	at java.util.concurrent.ThreadPoolExecutor$Worker.run(ThreadPoolExecutor.java:624)
	... 1 more
2019-10-20 06:19:49,237 [fe749939-5c4f-4520-aea5-9c3fb525c39c@group-5C6E57934170-LeaderElection5] INFO  impl.RaftServerImpl (RaftServerImpl.java:setRole(184)) - fe749939-5c4f-4520-aea5-9c3fb525c39c@group-5C6E57934170: changes role from CANDIDATE to FOLLOWER at term 2 for DISCOVERED_A_NEW_TERM
2019-10-20 06:19:49,237 [fe749939-5c4f-4520-aea5-9c3fb525c39c@group-5C6E57934170-LeaderElection5] INFO  impl.RoleInfo (RoleInfo.java:shutdownLeaderElection(134)) - fe749939-5c4f-4520-aea5-9c3fb525c39c: shutdown LeaderElection
2019-10-20 06:19:49,237 [fe749939-5c4f-4520-aea5-9c3fb525c39c@group-5C6E57934170-LeaderElection5] INFO  impl.RoleInfo (RoleInfo.java:updateAndGet(143)) - fe749939-5c4f-4520-aea5-9c3fb525c39c: start FollowerState
2019-10-20 06:19:49,263 [6c1327b8-5bfa-47cd-850a-df150bd7b196@group-466441C093D1-LeaderElection8] INFO  impl.LeaderElection (LeaderElection.java:logAndReturn(56)) - 6c1327b8-5bfa-47cd-850a-df150bd7b196@group-466441C093D1-LeaderElection8: Election TIMEOUT; received 1 response(s) [6c1327b8-5bfa-47cd-850a-df150bd7b196<-fe749939-5c4f-4520-aea5-9c3fb525c39c#0:FAIL-t4] and 0 exception(s); 6c1327b8-5bfa-47cd-850a-df150bd7b196@group-466441C093D1:t4, leader=null, voted=6c1327b8-5bfa-47cd-850a-df150bd7b196, raftlog=6c1327b8-5bfa-47cd-850a-df150bd7b196@group-466441C093D1-SegmentedRaftLog:OPENED:c-1,f-1,i0, conf=-1: [92501a76-e5f9-437d-b0dc-6dcfbf7802b8:192.168.164.239:39204, 6c1327b8-5bfa-47cd-850a-df150bd7b196:192.168.164.239:34482, fe749939-5c4f-4520-aea5-9c3fb525c39c:192.168.164.239:41202], old=null
2019-10-20 06:19:49,287 [Thread-279] INFO  impl.FollowerState (FollowerState.java:run(108)) - fe749939-5c4f-4520-aea5-9c3fb525c39c@group-5C6E57934170-FollowerState: change to CANDIDATE, lastRpcTime:50ms, electionTimeout:50ms
2019-10-20 06:19:49,288 [Thread-279] INFO  impl.RoleInfo (RoleInfo.java:shutdownFollowerState(121)) - fe749939-5c4f-4520-aea5-9c3fb525c39c: shutdown FollowerState
2019-10-20 06:19:49,288 [Thread-279] INFO  impl.RaftServerImpl (RaftServerImpl.java:setRole(184)) - fe749939-5c4f-4520-aea5-9c3fb525c39c@group-5C6E57934170: changes role from  FOLLOWER to CANDIDATE at term 2 for changeToCandidate
2019-10-20 06:19:49,288 [Thread-279] INFO  impl.RoleInfo (RoleInfo.java:updateAndGet(143)) - fe749939-5c4f-4520-aea5-9c3fb525c39c: start LeaderElection
2019-10-20 06:19:49,332 [fe749939-5c4f-4520-aea5-9c3fb525c39c@group-466441C093D1-LeaderElection6] INFO  impl.LeaderElection (LeaderElection.java:logAndReturn(56)) - fe749939-5c4f-4520-aea5-9c3fb525c39c@group-466441C093D1-LeaderElection6: Election TIMEOUT; received 1 response(s) [fe749939-5c4f-4520-aea5-9c3fb525c39c<-6c1327b8-5bfa-47cd-850a-df150bd7b196#0:FAIL-t4] and 0 exception(s); fe749939-5c4f-4520-aea5-9c3fb525c39c@group-466441C093D1:t4, leader=null, voted=fe749939-5c4f-4520-aea5-9c3fb525c39c, raftlog=fe749939-5c4f-4520-aea5-9c3fb525c39c@group-466441C093D1-SegmentedRaftLog:OPENED:c-1,f-1,i0, conf=-1: [92501a76-e5f9-437d-b0dc-6dcfbf7802b8:192.168.164.239:39204, 6c1327b8-5bfa-47cd-850a-df150bd7b196:192.168.164.239:34482, fe749939-5c4f-4520-aea5-9c3fb525c39c:192.168.164.239:41202], old=null
2019-10-20 06:19:49,418 [Thread-278] INFO  impl.FollowerState (FollowerState.java:run(108)) - 6c1327b8-5bfa-47cd-850a-df150bd7b196@group-5C6E57934170-FollowerState: change to CANDIDATE, lastRpcTime:183ms, electionTimeout:182ms
2019-10-20 06:19:49,418 [Thread-278] INFO  impl.RoleInfo (RoleInfo.java:shutdownFollowerState(121)) - 6c1327b8-5bfa-47cd-850a-df150bd7b196: shutdown FollowerState
2019-10-20 06:19:49,419 [Thread-278] INFO  impl.RaftServerImpl (RaftServerImpl.java:setRole(184)) - 6c1327b8-5bfa-47cd-850a-df150bd7b196@group-5C6E57934170: changes role from  FOLLOWER to CANDIDATE at term 2 for changeToCandidate
2019-10-20 06:19:49,419 [Thread-278] INFO  impl.RoleInfo (RoleInfo.java:updateAndGet(143)) - 6c1327b8-5bfa-47cd-850a-df150bd7b196: start LeaderElection
 0.00% |?                                                                                                    |  0/1 Time: 0:00:142019-10-20 06:19:49,792 [pool-57-thread-1] INFO  storage.RaftStorageDirectory (RaftStorageDirectory.java:tryLock(328)) - Lock on /workdir/hadoop-ozone/tools/target/test-dir/MiniOzoneClusterImpl-58b3a14b-8347-4dab-aab6-d610c62ac67a/datanode-3/data/ratis/f0213d88-ec45-4d11-9beb-3a0ad6db8537/in_use.lock acquired by nodename 10681@trunk-nightly-20191020-r5wzl-4145440258
2019-10-20 06:19:49,792 [pool-37-thread-1] INFO  storage.RaftStorageDirectory (RaftStorageDirectory.java:tryLock(328)) - Lock on /workdir/hadoop-ozone/tools/target/test-dir/MiniOzoneClusterImpl-58b3a14b-8347-4dab-aab6-d610c62ac67a/datanode-1/data/ratis/4859694b-5929-4248-8761-5d45762f7765/in_use.lock acquired by nodename 10681@trunk-nightly-20191020-r5wzl-4145440258
2019-10-20 06:19:49,792 [pool-67-thread-1] INFO  storage.RaftStorageDirectory (RaftStorageDirectory.java:tryLock(328)) - Lock on /workdir/hadoop-ozone/tools/target/test-dir/MiniOzoneClusterImpl-58b3a14b-8347-4dab-aab6-d610c62ac67a/datanode-4/data/ratis/4859694b-5929-4248-8761-5d45762f7765/in_use.lock acquired by nodename 10681@trunk-nightly-20191020-r5wzl-4145440258
2019-10-20 06:19:49,794 [Thread-273] INFO  impl.FollowerState (FollowerState.java:run(108)) - 92501a76-e5f9-437d-b0dc-6dcfbf7802b8@group-466441C093D1-FollowerState: change to CANDIDATE, lastRpcTime:611ms, electionTimeout:85ms
2019-10-20 06:19:49,794 [fe749939-5c4f-4520-aea5-9c3fb525c39c@group-5C6E57934170-LeaderElection10] INFO  impl.LeaderElection (LeaderElection.java:askForVotes(178)) - fe749939-5c4f-4520-aea5-9c3fb525c39c@group-5C6E57934170-LeaderElection10: begin an election at term 3 for -1: [92501a76-e5f9-437d-b0dc-6dcfbf7802b8:192.168.164.239:39204, 6c1327b8-5bfa-47cd-850a-df150bd7b196:192.168.164.239:34482, fe749939-5c4f-4520-aea5-9c3fb525c39c:192.168.164.239:41202], old=null
2019-10-20 06:19:49,794 [6c1327b8-5bfa-47cd-850a-df150bd7b196@group-466441C093D1-LeaderElection8] INFO  impl.LeaderElection (LeaderElection.java:askForVotes(178)) - 6c1327b8-5bfa-47cd-850a-df150bd7b196@group-466441C093D1-LeaderElection8: begin an election at term 5 for -1: [92501a76-e5f9-437d-b0dc-6dcfbf7802b8:192.168.164.239:39204, 6c1327b8-5bfa-47cd-850a-df150bd7b196:192.168.164.239:34482, fe749939-5c4f-4520-aea5-9c3fb525c39c:192.168.164.239:41202], old=null
2019-10-20 06:19:49,794 [6c1327b8-5bfa-47cd-850a-df150bd7b196@group-5C6E57934170-LeaderElection11] INFO  impl.LeaderElection (LeaderElection.java:askForVotes(178)) - 6c1327b8-5bfa-47cd-850a-df150bd7b196@group-5C6E57934170-LeaderElection11: begin an election at term 3 for -1: [92501a76-e5f9-437d-b0dc-6dcfbf7802b8:192.168.164.239:39204, 6c1327b8-5bfa-47cd-850a-df150bd7b196:192.168.164.239:34482, fe749939-5c4f-4520-aea5-9c3fb525c39c:192.168.164.239:41202], old=null
2019-10-20 06:19:49,794 [fe749939-5c4f-4520-aea5-9c3fb525c39c@group-466441C093D1-LeaderElection6] INFO  impl.LeaderElection (LeaderElection.java:askForVotes(178)) - fe749939-5c4f-4520-aea5-9c3fb525c39c@group-466441C093D1-LeaderElection6: begin an election at term 5 for -1: [92501a76-e5f9-437d-b0dc-6dcfbf7802b8:192.168.164.239:39204, 6c1327b8-5bfa-47cd-850a-df150bd7b196:192.168.164.239:34482, fe749939-5c4f-4520-aea5-9c3fb525c39c:192.168.164.239:41202], old=null
2019-10-20 06:19:49,794 [Thread-273] INFO  impl.RoleInfo (RoleInfo.java:shutdownFollowerState(121)) - 92501a76-e5f9-437d-b0dc-6dcfbf7802b8: shutdown FollowerState
2019-10-20 06:19:49,795 [Thread-273] INFO  impl.RaftServerImpl (RaftServerImpl.java:setRole(184)) - 92501a76-e5f9-437d-b0dc-6dcfbf7802b8@group-466441C093D1: changes role from  FOLLOWER to CANDIDATE at term 3 for changeToCandidate
2019-10-20 06:19:49,796 [Thread-273] INFO  impl.RoleInfo (RoleInfo.java:updateAndGet(143)) - 92501a76-e5f9-437d-b0dc-6dcfbf7802b8: start LeaderElection
2019-10-20 06:19:49,796 [grpc-default-executor-0] INFO  impl.RaftServerImpl (RaftServerImpl.java:setRole(184)) - 92501a76-e5f9-437d-b0dc-6dcfbf7802b8@group-466441C093D1: changes role from CANDIDATE to FOLLOWER at term 4 for recognizeCandidate:6c1327b8-5bfa-47cd-850a-df150bd7b196
2019-10-20 06:19:49,798 [grpc-default-executor-0] INFO  impl.RoleInfo (RoleInfo.java:shutdownLeaderElection(134)) - 92501a76-e5f9-437d-b0dc-6dcfbf7802b8: shutdown LeaderElection
2019-10-20 06:19:49,798 [grpc-default-executor-0] INFO  impl.RoleInfo (RoleInfo.java:updateAndGet(143)) - 92501a76-e5f9-437d-b0dc-6dcfbf7802b8: start FollowerState
2019-10-20 06:19:49,809 [grpc-default-executor-6] WARN  server.GrpcServerProtocolService (LogUtils.java:warn(134)) - 92501a76-e5f9-437d-b0dc-6dcfbf7802b8: Failed requestVote 6c1327b8-5bfa-47cd-850a-df150bd7b196->92501a76-e5f9-437d-b0dc-6dcfbf7802b8#0: org.apache.ratis.protocol.ServerNotReadyException: 92501a76-e5f9-437d-b0dc-6dcfbf7802b8@group-5C6E57934170 is not in [RUNNING]: current state is NEW
2019-10-20 06:19:49,810 [grpc-default-executor-4] WARN  server.GrpcServerProtocolService (LogUtils.java:warn(134)) - 92501a76-e5f9-437d-b0dc-6dcfbf7802b8: Failed requestVote fe749939-5c4f-4520-aea5-9c3fb525c39c->92501a76-e5f9-437d-b0dc-6dcfbf7802b8#0: org.apache.ratis.protocol.ServerNotReadyException: 92501a76-e5f9-437d-b0dc-6dcfbf7802b8@group-5C6E57934170 is not in [RUNNING]: current state is NEW
2019-10-20 06:19:49,814 [6c1327b8-5bfa-47cd-850a-df150bd7b196@group-5C6E57934170-LeaderElection11] INFO  impl.LeaderElection (LogUtils.java:infoOrTrace(149)) - 6c1327b8-5bfa-47cd-850a-df150bd7b196@group-5C6E57934170-LeaderElection11 got exception when requesting votes: {}
java.util.concurrent.ExecutionException: org.apache.ratis.thirdparty.io.grpc.StatusRuntimeException: INTERNAL: 92501a76-e5f9-437d-b0dc-6dcfbf7802b8@group-5C6E57934170 is not in [RUNNING]: current state is NEW
	at java.util.concurrent.FutureTask.report(FutureTask.java:122)
	at java.util.concurrent.FutureTask.get(FutureTask.java:192)
	at org.apache.ratis.server.impl.LeaderElection.waitForResults(LeaderElection.java:259)
	at org.apache.ratis.server.impl.LeaderElection.askForVotes(LeaderElection.java:197)
	at org.apache.ratis.server.impl.LeaderElection.run(LeaderElection.java:133)
	at java.lang.Thread.run(Thread.java:748)
Caused by: org.apache.ratis.thirdparty.io.grpc.StatusRuntimeException: INTERNAL: 92501a76-e5f9-437d-b0dc-6dcfbf7802b8@group-5C6E57934170 is not in [RUNNING]: current state is NEW
	at org.apache.ratis.thirdparty.io.grpc.stub.ClientCalls.toStatusRuntimeException(ClientCalls.java:233)
	at org.apache.ratis.thirdparty.io.grpc.stub.ClientCalls.getUnchecked(ClientCalls.java:214)
	at org.apache.ratis.thirdparty.io.grpc.stub.ClientCalls.blockingUnaryCall(ClientCalls.java:139)
	at org.apache.ratis.proto.grpc.RaftServerProtocolServiceGrpc$RaftServerProtocolServiceBlockingStub.requestVote(RaftServerProtocolServiceGrpc.java:265)
	at org.apache.ratis.grpc.server.GrpcServerProtocolClient.requestVote(GrpcServerProtocolClient.java:99)
	at org.apache.ratis.grpc.server.GrpcService.requestVote(GrpcService.java:204)
	at org.apache.ratis.server.impl.LeaderElection.lambda$submitRequests$1(LeaderElection.java:234)
	at java.util.concurrent.FutureTask.run(FutureTask.java:266)
	at java.util.concurrent.Executors$RunnableAdapter.call(Executors.java:511)
	at java.util.concurrent.FutureTask.run(FutureTask.java:266)
	at java.util.concurrent.ThreadPoolExecutor.runWorker(ThreadPoolExecutor.java:1149)
	at java.util.concurrent.ThreadPoolExecutor$Worker.run(ThreadPoolExecutor.java:624)
	... 1 more
2019-10-20 06:19:49,816 [fe749939-5c4f-4520-aea5-9c3fb525c39c@group-5C6E57934170-LeaderElection10] INFO  impl.LeaderElection (LogUtils.java:infoOrTrace(149)) - fe749939-5c4f-4520-aea5-9c3fb525c39c@group-5C6E57934170-LeaderElection10 got exception when requesting votes: {}
java.util.concurrent.ExecutionException: org.apache.ratis.thirdparty.io.grpc.StatusRuntimeException: INTERNAL: 92501a76-e5f9-437d-b0dc-6dcfbf7802b8@group-5C6E57934170 is not in [RUNNING]: current state is NEW
	at java.util.concurrent.FutureTask.report(FutureTask.java:122)
	at java.util.concurrent.FutureTask.get(FutureTask.java:192)
	at org.apache.ratis.server.impl.LeaderElection.waitForResults(LeaderElection.java:259)
	at org.apache.ratis.server.impl.LeaderElection.askForVotes(LeaderElection.java:197)
	at org.apache.ratis.server.impl.LeaderElection.run(LeaderElection.java:133)
	at java.lang.Thread.run(Thread.java:748)
Caused by: org.apache.ratis.thirdparty.io.grpc.StatusRuntimeException: INTERNAL: 92501a76-e5f9-437d-b0dc-6dcfbf7802b8@group-5C6E57934170 is not in [RUNNING]: current state is NEW
	at org.apache.ratis.thirdparty.io.grpc.stub.ClientCalls.toStatusRuntimeException(ClientCalls.java:233)
	at org.apache.ratis.thirdparty.io.grpc.stub.ClientCalls.getUnchecked(ClientCalls.java:214)
	at org.apache.ratis.thirdparty.io.grpc.stub.ClientCalls.blockingUnaryCall(ClientCalls.java:139)
	at org.apache.ratis.proto.grpc.RaftServerProtocolServiceGrpc$RaftServerProtocolServiceBlockingStub.requestVote(RaftServerProtocolServiceGrpc.java:265)
	at org.apache.ratis.grpc.server.GrpcServerProtocolClient.requestVote(GrpcServerProtocolClient.java:99)
	at org.apache.ratis.grpc.server.GrpcService.requestVote(GrpcService.java:204)
	at org.apache.ratis.server.impl.LeaderElection.lambda$submitRequests$1(LeaderElection.java:234)
	at java.util.concurrent.FutureTask.run(FutureTask.java:266)
	at java.util.concurrent.Executors$RunnableAdapter.call(Executors.java:511)
	at java.util.concurrent.FutureTask.run(FutureTask.java:266)
	at java.util.concurrent.ThreadPoolExecutor.runWorker(ThreadPoolExecutor.java:1149)
	at java.util.concurrent.ThreadPoolExecutor$Worker.run(ThreadPoolExecutor.java:624)
	... 1 more
2019-10-20 06:19:49,816 [6c1327b8-5bfa-47cd-850a-df150bd7b196@group-5C6E57934170-LeaderElection11] INFO  impl.LeaderElection (LeaderElection.java:logAndReturn(56)) - 6c1327b8-5bfa-47cd-850a-df150bd7b196@group-5C6E57934170-LeaderElection11: Election REJECTED; received 1 response(s) [6c1327b8-5bfa-47cd-850a-df150bd7b196<-fe749939-5c4f-4520-aea5-9c3fb525c39c#0:FAIL-t3] and 1 exception(s); 6c1327b8-5bfa-47cd-850a-df150bd7b196@group-5C6E57934170:t3, leader=null, voted=6c1327b8-5bfa-47cd-850a-df150bd7b196, raftlog=6c1327b8-5bfa-47cd-850a-df150bd7b196@group-5C6E57934170-SegmentedRaftLog:OPENED:c-1,f-1,i0, conf=-1: [92501a76-e5f9-437d-b0dc-6dcfbf7802b8:192.168.164.239:39204, 6c1327b8-5bfa-47cd-850a-df150bd7b196:192.168.164.239:34482, fe749939-5c4f-4520-aea5-9c3fb525c39c:192.168.164.239:41202], old=null
2019-10-20 06:19:49,817 [fe749939-5c4f-4520-aea5-9c3fb525c39c@group-5C6E57934170-LeaderElection10] INFO  impl.LeaderElection (LeaderElection.java:logAndReturn(56)) - fe749939-5c4f-4520-aea5-9c3fb525c39c@group-5C6E57934170-LeaderElection10: Election REJECTED; received 1 response(s) [fe749939-5c4f-4520-aea5-9c3fb525c39c<-6c1327b8-5bfa-47cd-850a-df150bd7b196#0:FAIL-t3] and 1 exception(s); fe749939-5c4f-4520-aea5-9c3fb525c39c@group-5C6E57934170:t3, leader=null, voted=fe749939-5c4f-4520-aea5-9c3fb525c39c, raftlog=fe749939-5c4f-4520-aea5-9c3fb525c39c@group-5C6E57934170-SegmentedRaftLog:OPENED:c-1,f-1,i0, conf=-1: [92501a76-e5f9-437d-b0dc-6dcfbf7802b8:192.168.164.239:39204, 6c1327b8-5bfa-47cd-850a-df150bd7b196:192.168.164.239:34482, fe749939-5c4f-4520-aea5-9c3fb525c39c:192.168.164.239:41202], old=null
2019-10-20 06:19:49,818 [6c1327b8-5bfa-47cd-850a-df150bd7b196@group-5C6E57934170-LeaderElection11] INFO  impl.LeaderElection (LogUtils.java:infoOrTrace(149)) -   Exception 0: {}
java.util.concurrent.ExecutionException: org.apache.ratis.thirdparty.io.grpc.StatusRuntimeException: INTERNAL: 92501a76-e5f9-437d-b0dc-6dcfbf7802b8@group-5C6E57934170 is not in [RUNNING]: current state is NEW
	at java.util.concurrent.FutureTask.report(FutureTask.java:122)
	at java.util.concurrent.FutureTask.get(FutureTask.java:192)
	at org.apache.ratis.server.impl.LeaderElection.waitForResults(LeaderElection.java:259)
	at org.apache.ratis.server.impl.LeaderElection.askForVotes(LeaderElection.java:197)
	at org.apache.ratis.server.impl.LeaderElection.run(LeaderElection.java:133)
	at java.lang.Thread.run(Thread.java:748)
Caused by: org.apache.ratis.thirdparty.io.grpc.StatusRuntimeException: INTERNAL: 92501a76-e5f9-437d-b0dc-6dcfbf7802b8@group-5C6E57934170 is not in [RUNNING]: current state is NEW
	at org.apache.ratis.thirdparty.io.grpc.stub.ClientCalls.toStatusRuntimeException(ClientCalls.java:233)
	at org.apache.ratis.thirdparty.io.grpc.stub.ClientCalls.getUnchecked(ClientCalls.java:214)
	at org.apache.ratis.thirdparty.io.grpc.stub.ClientCalls.blockingUnaryCall(ClientCalls.java:139)
	at org.apache.ratis.proto.grpc.RaftServerProtocolServiceGrpc$RaftServerProtocolServiceBlockingStub.requestVote(RaftServerProtocolServiceGrpc.java:265)
	at org.apache.ratis.grpc.server.GrpcServerProtocolClient.requestVote(GrpcServerProtocolClient.java:99)
	at org.apache.ratis.grpc.server.GrpcService.requestVote(GrpcService.java:204)
	at org.apache.ratis.server.impl.LeaderElection.lambda$submitRequests$1(LeaderElection.java:234)
	at java.util.concurrent.FutureTask.run(FutureTask.java:266)
	at java.util.concurrent.Executors$RunnableAdapter.call(Executors.java:511)
	at java.util.concurrent.FutureTask.run(FutureTask.java:266)
	at java.util.concurrent.ThreadPoolExecutor.runWorker(ThreadPoolExecutor.java:1149)
	at java.util.concurrent.ThreadPoolExecutor$Worker.run(ThreadPoolExecutor.java:624)
	... 1 more
2019-10-20 06:19:49,819 [grpc-default-executor-7] INFO  impl.RaftServerImpl (RaftServerImpl.java:setRole(184)) - 92501a76-e5f9-437d-b0dc-6dcfbf7802b8@group-466441C093D1: changes role from  FOLLOWER to FOLLOWER at term 4 for recognizeCandidate:fe749939-5c4f-4520-aea5-9c3fb525c39c
2019-10-20 06:19:49,819 [pool-37-thread-1] INFO  storage.RaftStorage (RaftStorage.java:format(84)) - Storage directory /workdir/hadoop-ozone/tools/target/test-dir/MiniOzoneClusterImpl-58b3a14b-8347-4dab-aab6-d610c62ac67a/datanode-1/data/ratis/4859694b-5929-4248-8761-5d45762f7765 has been successfully formatted.
2019-10-20 06:19:49,819 [pool-57-thread-1] INFO  storage.RaftStorage (RaftStorage.java:format(84)) - Storage directory /workdir/hadoop-ozone/tools/target/test-dir/MiniOzoneClusterImpl-58b3a14b-8347-4dab-aab6-d610c62ac67a/datanode-3/data/ratis/f0213d88-ec45-4d11-9beb-3a0ad6db8537 has been successfully formatted.
2019-10-20 06:19:49,819 [pool-67-thread-1] INFO  storage.RaftStorage (RaftStorage.java:format(84)) - Storage directory /workdir/hadoop-ozone/tools/target/test-dir/MiniOzoneClusterImpl-58b3a14b-8347-4dab-aab6-d610c62ac67a/datanode-4/data/ratis/4859694b-5929-4248-8761-5d45762f7765 has been successfully formatted.
2019-10-20 06:19:49,818 [fe749939-5c4f-4520-aea5-9c3fb525c39c@group-5C6E57934170-LeaderElection10] INFO  impl.LeaderElection (LogUtils.java:infoOrTrace(149)) -   Exception 0: {}
java.util.concurrent.ExecutionException: org.apache.ratis.thirdparty.io.grpc.StatusRuntimeException: INTERNAL: 92501a76-e5f9-437d-b0dc-6dcfbf7802b8@group-5C6E57934170 is not in [RUNNING]: current state is NEW
	at java.util.concurrent.FutureTask.report(FutureTask.java:122)
	at java.util.concurrent.FutureTask.get(FutureTask.java:192)
	at org.apache.ratis.server.impl.LeaderElection.waitForResults(LeaderElection.java:259)
	at org.apache.ratis.server.impl.LeaderElection.askForVotes(LeaderElection.java:197)
	at org.apache.ratis.server.impl.LeaderElection.run(LeaderElection.java:133)
	at java.lang.Thread.run(Thread.java:748)
Caused by: org.apache.ratis.thirdparty.io.grpc.StatusRuntimeException: INTERNAL: 92501a76-e5f9-437d-b0dc-6dcfbf7802b8@group-5C6E57934170 is not in [RUNNING]: current state is NEW
	at org.apache.ratis.thirdparty.io.grpc.stub.ClientCalls.toStatusRuntimeException(ClientCalls.java:233)
	at org.apache.ratis.thirdparty.io.grpc.stub.ClientCalls.getUnchecked(ClientCalls.java:214)
	at org.apache.ratis.thirdparty.io.grpc.stub.ClientCalls.blockingUnaryCall(ClientCalls.java:139)
	at org.apache.ratis.proto.grpc.RaftServerProtocolServiceGrpc$RaftServerProtocolServiceBlockingStub.requestVote(RaftServerProtocolServiceGrpc.java:265)
	at org.apache.ratis.grpc.server.GrpcServerProtocolClient.requestVote(GrpcServerProtocolClient.java:99)
	at org.apache.ratis.grpc.server.GrpcService.requestVote(GrpcService.java:204)
	at org.apache.ratis.server.impl.LeaderElection.lambda$submitRequests$1(LeaderElection.java:234)
	at java.util.concurrent.FutureTask.run(FutureTask.java:266)
	at java.util.concurrent.Executors$RunnableAdapter.call(Executors.java:511)
	at java.util.concurrent.FutureTask.run(FutureTask.java:266)
	at java.util.concurrent.ThreadPoolExecutor.runWorker(ThreadPoolExecutor.java:1149)
	at java.util.concurrent.ThreadPoolExecutor$Worker.run(ThreadPoolExecutor.java:624)
	... 1 more
2019-10-20 06:19:49,823 [pool-67-thread-1] INFO  ratis.ContainerStateMachine (ContainerStateMachine.java:loadSnapshot(231)) - group-5D45762F7765: The snapshot info is null. Setting the last applied indexto:(t:0, i:~)
2019-10-20 06:19:49,823 [pool-57-thread-1] INFO  ratis.ContainerStateMachine (ContainerStateMachine.java:loadSnapshot(231)) - group-3A0AD6DB8537: The snapshot info is null. Setting the last applied indexto:(t:0, i:~)
2019-10-20 06:19:49,823 [pool-37-thread-1] INFO  ratis.ContainerStateMachine (ContainerStateMachine.java:loadSnapshot(231)) - group-5D45762F7765: The snapshot info is null. Setting the last applied indexto:(t:0, i:~)
2019-10-20 06:19:49,822 [grpc-default-executor-7] INFO  impl.RoleInfo (RoleInfo.java:shutdownFollowerState(121)) - 92501a76-e5f9-437d-b0dc-6dcfbf7802b8: shutdown FollowerState
2019-10-20 06:19:49,820 [6c1327b8-5bfa-47cd-850a-df150bd7b196@group-5C6E57934170-LeaderElection11] INFO  impl.RaftServerImpl (RaftServerImpl.java:setRole(184)) - 6c1327b8-5bfa-47cd-850a-df150bd7b196@group-5C6E57934170: changes role from CANDIDATE to FOLLOWER at term 3 for DISCOVERED_A_NEW_TERM
2019-10-20 06:19:49,827 [Thread-291] INFO  impl.FollowerState (FollowerState.java:run(117)) - 92501a76-e5f9-437d-b0dc-6dcfbf7802b8@group-466441C093D1-FollowerState was interrupted: java.lang.InterruptedException: sleep interrupted
2019-10-20 06:19:49,826 [pool-37-thread-1] INFO  server.RaftServerConfigKeys (ConfUtils.java:logGet(43)) - raft.server.notification.no-leader.timeout = 120s (custom)
2019-10-20 06:19:49,826 [pool-57-thread-1] INFO  server.RaftServerConfigKeys (ConfUtils.java:logGet(43)) - raft.server.notification.no-leader.timeout = 120s (custom)
2019-10-20 06:19:49,826 [pool-67-thread-1] INFO  server.RaftServerConfigKeys (ConfUtils.java:logGet(43)) - raft.server.notification.no-leader.timeout = 120s (custom)
2019-10-20 06:19:49,823 [fe749939-5c4f-4520-aea5-9c3fb525c39c@group-5C6E57934170-LeaderElection10] INFO  impl.RaftServerImpl (RaftServerImpl.java:setRole(184)) - fe749939-5c4f-4520-aea5-9c3fb525c39c@group-5C6E57934170: changes role from CANDIDATE to FOLLOWER at term 3 for DISCOVERED_A_NEW_TERM
2019-10-20 06:19:49,828 [pool-67-thread-1] INFO  server.RaftServerConfigKeys (ConfUtils.java:logGet(43)) - raft.server.log.use.memory = false (default)
2019-10-20 06:19:49,828 [pool-57-thread-1] INFO  server.RaftServerConfigKeys (ConfUtils.java:logGet(43)) - raft.server.log.use.memory = false (default)
2019-10-20 06:19:49,828 [pool-37-thread-1] INFO  server.RaftServerConfigKeys (ConfUtils.java:logGet(43)) - raft.server.log.use.memory = false (default)
2019-10-20 06:19:49,827 [grpc-default-executor-7] INFO  impl.RoleInfo (RoleInfo.java:updateAndGet(143)) - 92501a76-e5f9-437d-b0dc-6dcfbf7802b8: start FollowerState
2019-10-20 06:19:49,827 [6c1327b8-5bfa-47cd-850a-df150bd7b196@group-5C6E57934170-LeaderElection11] INFO  impl.RoleInfo (RoleInfo.java:shutdownLeaderElection(134)) - 6c1327b8-5bfa-47cd-850a-df150bd7b196: shutdown LeaderElection
2019-10-20 06:19:49,829 [pool-37-thread-1] INFO  server.RaftServerConfigKeys (ConfUtils.java:logGet(43)) - raft.server.log.purge.gap = 1000000 (custom)
2019-10-20 06:19:49,829 [pool-57-thread-1] INFO  server.RaftServerConfigKeys (ConfUtils.java:logGet(43)) - raft.server.log.purge.gap = 1000000 (custom)
2019-10-20 06:19:49,829 [pool-67-thread-1] INFO  server.RaftServerConfigKeys (ConfUtils.java:logGet(43)) - raft.server.log.purge.gap = 1000000 (custom)
2019-10-20 06:19:49,828 [fe749939-5c4f-4520-aea5-9c3fb525c39c@group-5C6E57934170-LeaderElection10] INFO  impl.RoleInfo (RoleInfo.java:shutdownLeaderElection(134)) - fe749939-5c4f-4520-aea5-9c3fb525c39c: shutdown LeaderElection
2019-10-20 06:19:49,830 [pool-67-thread-1] INFO  server.RaftServerConfigKeys (ConfUtils.java:logGet(43)) - raft.server.log.appender.buffer.byte-limit = 33554432 (custom)
2019-10-20 06:19:49,830 [pool-57-thread-1] INFO  server.RaftServerConfigKeys (ConfUtils.java:logGet(43)) - raft.server.log.appender.buffer.byte-limit = 33554432 (custom)
2019-10-20 06:19:49,829 [pool-37-thread-1] INFO  server.RaftServerConfigKeys (ConfUtils.java:logGet(43)) - raft.server.log.appender.buffer.byte-limit = 33554432 (custom)
2019-10-20 06:19:49,829 [6c1327b8-5bfa-47cd-850a-df150bd7b196@group-5C6E57934170-LeaderElection11] INFO  impl.RoleInfo (RoleInfo.java:updateAndGet(143)) - 6c1327b8-5bfa-47cd-850a-df150bd7b196: start FollowerState
2019-10-20 06:19:49,830 [pool-37-thread-1] INFO  server.RaftServerConfigKeys (ConfUtils.java:logGet(43)) - raft.server.log.segment.size.max = 1048576 (custom)
2019-10-20 06:19:49,830 [pool-57-thread-1] INFO  server.RaftServerConfigKeys (ConfUtils.java:logGet(43)) - raft.server.log.segment.size.max = 1048576 (custom)
2019-10-20 06:19:49,830 [pool-67-thread-1] INFO  server.RaftServerConfigKeys (ConfUtils.java:logGet(43)) - raft.server.log.segment.size.max = 1048576 (custom)
2019-10-20 06:19:49,830 [fe749939-5c4f-4520-aea5-9c3fb525c39c@group-5C6E57934170-LeaderElection10] INFO  impl.RoleInfo (RoleInfo.java:updateAndGet(143)) - fe749939-5c4f-4520-aea5-9c3fb525c39c: start FollowerState
2019-10-20 06:19:49,833 [pool-37-thread-1] INFO  server.RaftServerConfigKeys (ConfUtils.java:logGet(43)) - raft.server.log.segment.cache.num.max = 2 (custom)
2019-10-20 06:19:49,833 [pool-57-thread-1] INFO  server.RaftServerConfigKeys (ConfUtils.java:logGet(43)) - raft.server.log.segment.cache.num.max = 2 (custom)
2019-10-20 06:19:49,835 [pool-67-thread-1] INFO  server.RaftServerConfigKeys (ConfUtils.java:logGet(43)) - raft.server.log.segment.cache.num.max = 2 (custom)
2019-10-20 06:19:49,836 [pool-57-thread-1] INFO  segmented.SegmentedRaftLogWorker (SegmentedRaftLogWorker.java:<init>(173)) - new 92501a76-e5f9-437d-b0dc-6dcfbf7802b8@group-3A0AD6DB8537-SegmentedRaftLogWorker for RaftStorage:Storage Directory /workdir/hadoop-ozone/tools/target/test-dir/MiniOzoneClusterImpl-58b3a14b-8347-4dab-aab6-d610c62ac67a/datanode-3/data/ratis/f0213d88-ec45-4d11-9beb-3a0ad6db8537
2019-10-20 06:19:49,836 [pool-37-thread-1] INFO  segmented.SegmentedRaftLogWorker (SegmentedRaftLogWorker.java:<init>(173)) - new 6c1327b8-5bfa-47cd-850a-df150bd7b196@group-5D45762F7765-SegmentedRaftLogWorker for RaftStorage:Storage Directory /workdir/hadoop-ozone/tools/target/test-dir/MiniOzoneClusterImpl-58b3a14b-8347-4dab-aab6-d610c62ac67a/datanode-1/data/ratis/4859694b-5929-4248-8761-5d45762f7765
2019-10-20 06:19:49,837 [pool-57-thread-1] INFO  server.RaftServerConfigKeys (ConfUtils.java:logGet(43)) - raft.server.log.queue.byte-limit = 2147483647 (custom)
2019-10-20 06:19:49,836 [pool-67-thread-1] INFO  segmented.SegmentedRaftLogWorker (SegmentedRaftLogWorker.java:<init>(173)) - new fe749939-5c4f-4520-aea5-9c3fb525c39c@group-5D45762F7765-SegmentedRaftLogWorker for RaftStorage:Storage Directory /workdir/hadoop-ozone/tools/target/test-dir/MiniOzoneClusterImpl-58b3a14b-8347-4dab-aab6-d610c62ac67a/datanode-4/data/ratis/4859694b-5929-4248-8761-5d45762f7765
2019-10-20 06:19:49,837 [pool-57-thread-1] INFO  server.RaftServerConfigKeys (ConfUtils.java:logGet(43)) - raft.server.log.queue.element-limit = 1024 (custom)
2019-10-20 06:19:49,837 [pool-37-thread-1] INFO  server.RaftServerConfigKeys (ConfUtils.java:logGet(43)) - raft.server.log.queue.byte-limit = 2147483647 (custom)
2019-10-20 06:19:49,837 [pool-57-thread-1] INFO  server.RaftServerConfigKeys (ConfUtils.java:logGet(43)) - raft.server.log.segment.size.max = 1048576 (custom)
2019-10-20 06:19:49,837 [pool-67-thread-1] INFO  server.RaftServerConfigKeys (ConfUtils.java:logGet(43)) - raft.server.log.queue.byte-limit = 2147483647 (custom)
2019-10-20 06:19:49,837 [pool-57-thread-1] INFO  server.RaftServerConfigKeys (ConfUtils.java:logGet(43)) - raft.server.log.preallocated.size = 16384 (custom)
2019-10-20 06:19:49,837 [pool-37-thread-1] INFO  server.RaftServerConfigKeys (ConfUtils.java:logGet(43)) - raft.server.log.queue.element-limit = 1024 (custom)
2019-10-20 06:19:49,838 [pool-57-thread-1] INFO  server.RaftServerConfigKeys (ConfUtils.java:logGet(43)) - raft.server.log.write.buffer.size = 33554432 (custom)
2019-10-20 06:19:49,838 [pool-67-thread-1] INFO  server.RaftServerConfigKeys (ConfUtils.java:logGet(43)) - raft.server.log.queue.element-limit = 1024 (custom)
2019-10-20 06:19:49,838 [pool-57-thread-1] INFO  server.RaftServerConfigKeys (ConfUtils.java:logGet(43)) - raft.server.log.force.sync.num = 128 (default)
2019-10-20 06:19:49,838 [pool-37-thread-1] INFO  server.RaftServerConfigKeys (ConfUtils.java:logGet(43)) - raft.server.log.segment.size.max = 1048576 (custom)
2019-10-20 06:19:49,838 [pool-57-thread-1] INFO  server.RaftServerConfigKeys (ConfUtils.java:logGet(43)) - raft.server.log.statemachine.data.sync = true (default)
2019-10-20 06:19:49,838 [pool-67-thread-1] INFO  server.RaftServerConfigKeys (ConfUtils.java:logGet(43)) - raft.server.log.segment.size.max = 1048576 (custom)
2019-10-20 06:19:49,839 [pool-57-thread-1] INFO  server.RaftServerConfigKeys (ConfUtils.java:logGet(43)) - raft.server.log.statemachine.data.sync.timeout = 10s (default)
2019-10-20 06:19:49,838 [pool-37-thread-1] INFO  server.RaftServerConfigKeys (ConfUtils.java:logGet(43)) - raft.server.log.preallocated.size = 16384 (custom)
2019-10-20 06:19:49,839 [pool-57-thread-1] INFO  server.RaftServerConfigKeys (ConfUtils.java:logGet(43)) - raft.server.log.statemachine.data.sync.timeout.retry = -1 (default)
2019-10-20 06:19:49,839 [pool-67-thread-1] INFO  server.RaftServerConfigKeys (ConfUtils.java:logGet(43)) - raft.server.log.preallocated.size = 16384 (custom)
2019-10-20 06:19:49,839 [pool-37-thread-1] INFO  server.RaftServerConfigKeys (ConfUtils.java:logGet(43)) - raft.server.log.write.buffer.size = 33554432 (custom)
2019-10-20 06:19:49,839 [pool-57-thread-1] INFO  server.RaftServerConfigKeys (ConfUtils.java:logGet(43)) - raft.server.log.statemachine.data.caching.enabled = true (custom)
2019-10-20 06:19:49,839 [pool-67-thread-1] INFO  server.RaftServerConfigKeys (ConfUtils.java:logGet(43)) - raft.server.log.write.buffer.size = 33554432 (custom)
2019-10-20 06:19:49,839 [pool-37-thread-1] INFO  server.RaftServerConfigKeys (ConfUtils.java:logGet(43)) - raft.server.log.force.sync.num = 128 (default)
2019-10-20 06:19:49,840 [pool-67-thread-1] INFO  server.RaftServerConfigKeys (ConfUtils.java:logGet(43)) - raft.server.log.force.sync.num = 128 (default)
2019-10-20 06:19:49,840 [pool-57-thread-1] INFO  segmented.SegmentedRaftLogWorker (SegmentedRaftLogWorker.java:lambda$new$0(128)) - 92501a76-e5f9-437d-b0dc-6dcfbf7802b8@group-3A0AD6DB8537-SegmentedRaftLogWorker: flushIndex: setUnconditionally 0 -> -1
2019-10-20 06:19:49,840 [pool-37-thread-1] INFO  server.RaftServerConfigKeys (ConfUtils.java:logGet(43)) - raft.server.log.statemachine.data.sync = true (default)
2019-10-20 06:19:49,840 [pool-67-thread-1] INFO  server.RaftServerConfigKeys (ConfUtils.java:logGet(43)) - raft.server.log.statemachine.data.sync = true (default)
2019-10-20 06:19:49,840 [pool-37-thread-1] INFO  server.RaftServerConfigKeys (ConfUtils.java:logGet(43)) - raft.server.log.statemachine.data.sync.timeout = 10s (default)
2019-10-20 06:19:49,840 [pool-57-thread-1] INFO  server.RaftServerConfigKeys (ConfUtils.java:logGet(43)) - raft.server.snapshot.auto.trigger.enabled = true (custom)
2019-10-20 06:19:49,840 [pool-67-thread-1] INFO  server.RaftServerConfigKeys (ConfUtils.java:logGet(43)) - raft.server.log.statemachine.data.sync.timeout = 10s (default)
2019-10-20 06:19:49,841 [pool-57-thread-1] INFO  server.RaftServerConfigKeys (ConfUtils.java:logGet(43)) - raft.server.snapshot.auto.trigger.threshold = 10000 (custom)
2019-10-20 06:19:49,841 [pool-37-thread-1] INFO  server.RaftServerConfigKeys (ConfUtils.java:logGet(43)) - raft.server.log.statemachine.data.sync.timeout.retry = -1 (default)
2019-10-20 06:19:49,841 [pool-57-thread-1] INFO  server.RaftServerConfigKeys (ConfUtils.java:logGet(43)) - raft.server.snapshot.retention.file.num = 5 (custom)
2019-10-20 06:19:49,841 [pool-67-thread-1] INFO  server.RaftServerConfigKeys (ConfUtils.java:logGet(43)) - raft.server.log.statemachine.data.sync.timeout.retry = -1 (default)
2019-10-20 06:19:49,841 [pool-57-thread-1] INFO  server.RaftServerConfigKeys (ConfUtils.java:logGet(43)) - raft.server.retrycache.expirytime = 600000ms (custom)
2019-10-20 06:19:49,841 [pool-67-thread-1] INFO  server.RaftServerConfigKeys (ConfUtils.java:logGet(43)) - raft.server.log.statemachine.data.caching.enabled = true (custom)
2019-10-20 06:19:49,841 [pool-37-thread-1] INFO  server.RaftServerConfigKeys (ConfUtils.java:logGet(43)) - raft.server.log.statemachine.data.caching.enabled = true (custom)
2019-10-20 06:19:49,846 [pool-57-thread-1] INFO  impl.RaftServerImpl (RaftServerImpl.java:start(195)) - 92501a76-e5f9-437d-b0dc-6dcfbf7802b8@group-518F4D5B86F1: start as a follower, conf=-1: [92501a76-e5f9-437d-b0dc-6dcfbf7802b8:192.168.164.239:39204], old=null
2019-10-20 06:19:49,846 [pool-57-thread-1] INFO  impl.RaftServerImpl (RaftServerImpl.java:setRole(184)) - 92501a76-e5f9-437d-b0dc-6dcfbf7802b8@group-518F4D5B86F1: changes role from      null to FOLLOWER at term 0 for startAsFollower
2019-10-20 06:19:49,846 [pool-57-thread-1] INFO  impl.RoleInfo (RoleInfo.java:updateAndGet(143)) - 92501a76-e5f9-437d-b0dc-6dcfbf7802b8: start FollowerState
2019-10-20 06:19:49,847 [pool-57-thread-1] INFO  util.JmxRegister (JmxRegister.java:tryRegister(44)) - Successfully registered JMX Bean with object name Ratis:service=RaftServer,group=group-518F4D5B86F1,id=92501a76-e5f9-437d-b0dc-6dcfbf7802b8
2019-10-20 06:19:49,851 [pool-67-thread-1] INFO  segmented.SegmentedRaftLogWorker (SegmentedRaftLogWorker.java:lambda$new$0(128)) - fe749939-5c4f-4520-aea5-9c3fb525c39c@group-5D45762F7765-SegmentedRaftLogWorker: flushIndex: setUnconditionally 0 -> -1
2019-10-20 06:19:49,851 [pool-37-thread-1] INFO  segmented.SegmentedRaftLogWorker (SegmentedRaftLogWorker.java:lambda$new$0(128)) - 6c1327b8-5bfa-47cd-850a-df150bd7b196@group-5D45762F7765-SegmentedRaftLogWorker: flushIndex: setUnconditionally 0 -> -1
2019-10-20 06:19:49,851 [pool-67-thread-1] INFO  server.RaftServerConfigKeys (ConfUtils.java:logGet(43)) - raft.server.snapshot.auto.trigger.enabled = true (custom)
2019-10-20 06:19:49,851 [pool-37-thread-1] INFO  server.RaftServerConfigKeys (ConfUtils.java:logGet(43)) - raft.server.snapshot.auto.trigger.enabled = true (custom)
2019-10-20 06:19:49,851 [pool-67-thread-1] INFO  server.RaftServerConfigKeys (ConfUtils.java:logGet(43)) - raft.server.snapshot.auto.trigger.threshold = 10000 (custom)
2019-10-20 06:19:49,851 [pool-37-thread-1] INFO  server.RaftServerConfigKeys (ConfUtils.java:logGet(43)) - raft.server.snapshot.auto.trigger.threshold = 10000 (custom)
2019-10-20 06:19:49,852 [pool-67-thread-1] INFO  server.RaftServerConfigKeys (ConfUtils.java:logGet(43)) - raft.server.snapshot.retention.file.num = 5 (custom)
2019-10-20 06:19:49,852 [pool-37-thread-1] INFO  server.RaftServerConfigKeys (ConfUtils.java:logGet(43)) - raft.server.snapshot.retention.file.num = 5 (custom)
2019-10-20 06:19:49,852 [pool-67-thread-1] INFO  server.RaftServerConfigKeys (ConfUtils.java:logGet(43)) - raft.server.retrycache.expirytime = 600000ms (custom)
2019-10-20 06:19:49,852 [Thread-265] INFO  impl.FollowerState (FollowerState.java:run(108)) - 92501a76-e5f9-437d-b0dc-6dcfbf7802b8@group-466441C093D1-FollowerState: change to CANDIDATE, lastRpcTime:659ms, electionTimeout:78ms
2019-10-20 06:19:49,852 [pool-37-thread-1] INFO  server.RaftServerConfigKeys (ConfUtils.java:logGet(43)) - raft.server.retrycache.expirytime = 600000ms (custom)
2019-10-20 06:19:49,852 [Thread-265] INFO  impl.RoleInfo (RoleInfo.java:shutdownFollowerState(121)) - 92501a76-e5f9-437d-b0dc-6dcfbf7802b8: shutdown FollowerState
2019-10-20 06:19:49,852 [pool-57-thread-1] INFO  impl.RaftServerImpl (RaftServerImpl.java:<init>(104)) - 92501a76-e5f9-437d-b0dc-6dcfbf7802b8: new RaftServerImpl for group-5D45762F7765:[92501a76-e5f9-437d-b0dc-6dcfbf7802b8:192.168.164.239:39204, 6c1327b8-5bfa-47cd-850a-df150bd7b196:192.168.164.239:34482, fe749939-5c4f-4520-aea5-9c3fb525c39c:192.168.164.239:41202] with ContainerStateMachine:uninitialized
2019-10-20 06:19:49,852 [Thread-265] INFO  impl.RaftServerImpl (RaftServerImpl.java:setRole(184)) - 92501a76-e5f9-437d-b0dc-6dcfbf7802b8@group-466441C093D1: changes role from  FOLLOWER to CANDIDATE at term 4 for changeToCandidate
2019-10-20 06:19:49,853 [pool-57-thread-1] INFO  server.RaftServerConfigKeys (ConfUtils.java:logGet(43)) - raft.server.rpc.timeout.min = 5s (custom)
2019-10-20 06:19:49,853 [Thread-292] INFO  impl.FollowerState (FollowerState.java:run(117)) - 92501a76-e5f9-437d-b0dc-6dcfbf7802b8@group-466441C093D1-FollowerState was interrupted: java.lang.InterruptedException: sleep interrupted
2019-10-20 06:19:49,853 [pool-57-thread-1] INFO  server.RaftServerConfigKeys (ConfUtils.java:logGet(43)) - raft.server.rpc.timeout.max = 5200ms (custom)
2019-10-20 06:19:49,853 [Thread-265] INFO  impl.RoleInfo (RoleInfo.java:updateAndGet(143)) - 92501a76-e5f9-437d-b0dc-6dcfbf7802b8: start LeaderElection
2019-10-20 06:19:49,855 [pool-57-thread-1] INFO  server.RaftServerConfigKeys (ConfUtils.java:logGet(43)) - raft.server.rpcslowness.timeout = 120s (custom)
2019-10-20 06:19:49,855 [6c1327b8-5bfa-47cd-850a-df150bd7b196@group-466441C093D1-LeaderElection8] INFO  impl.LeaderElection (LeaderElection.java:logAndReturn(56)) - 6c1327b8-5bfa-47cd-850a-df150bd7b196@group-466441C093D1-LeaderElection8: Election TIMEOUT; received 1 response(s) [6c1327b8-5bfa-47cd-850a-df150bd7b196<-fe749939-5c4f-4520-aea5-9c3fb525c39c#0:FAIL-t5] and 0 exception(s); 6c1327b8-5bfa-47cd-850a-df150bd7b196@group-466441C093D1:t5, leader=null, voted=6c1327b8-5bfa-47cd-850a-df150bd7b196, raftlog=6c1327b8-5bfa-47cd-850a-df150bd7b196@group-466441C093D1-SegmentedRaftLog:OPENED:c-1,f-1,i0, conf=-1: [92501a76-e5f9-437d-b0dc-6dcfbf7802b8:192.168.164.239:39204, 6c1327b8-5bfa-47cd-850a-df150bd7b196:192.168.164.239:34482, fe749939-5c4f-4520-aea5-9c3fb525c39c:192.168.164.239:41202], old=null
2019-10-20 06:19:49,855 [pool-57-thread-1] INFO  server.RaftServerConfigKeys (ConfUtils.java:logGet(43)) - raft.server.sleep.deviation.threshold = 300 (default)
2019-10-20 06:19:49,857 [pool-57-thread-1] INFO  server.RaftServerConfigKeys (ConfUtils.java:logGet(43)) - raft.server.log.appender.install.snapshot.enabled = false (custom)
2019-10-20 06:19:49,857 [pool-57-thread-1] INFO  impl.RaftServerImpl (ServerState.java:<init>(103)) - 92501a76-e5f9-437d-b0dc-6dcfbf7802b8@group-5D45762F7765: ConfigurationManager, init=-1: [92501a76-e5f9-437d-b0dc-6dcfbf7802b8:192.168.164.239:39204, 6c1327b8-5bfa-47cd-850a-df150bd7b196:192.168.164.239:34482, fe749939-5c4f-4520-aea5-9c3fb525c39c:192.168.164.239:41202], old=null, confs=<EMPTY_MAP>
2019-10-20 06:19:49,859 [pool-57-thread-1] INFO  server.RaftServerConfigKeys (ConfUtils.java:logGet(43)) - raft.server.storage.dir = [/workdir/hadoop-ozone/tools/target/test-dir/MiniOzoneClusterImpl-58b3a14b-8347-4dab-aab6-d610c62ac67a/datanode-3/data/ratis] (custom)
2019-10-20 06:19:49,859 [pool-57-thread-1] INFO  server.RaftServerConfigKeys (ConfUtils.java:logGet(43)) - raft.server.log.corruption.policy = EXCEPTION (default)
2019-10-20 06:19:49,860 [pool-57-thread-1] INFO  storage.RaftStorageDirectory (RaftStorageDirectory.java:analyzeStorage(246)) - The storage directory /workdir/hadoop-ozone/tools/target/test-dir/MiniOzoneClusterImpl-58b3a14b-8347-4dab-aab6-d610c62ac67a/datanode-3/data/ratis/4859694b-5929-4248-8761-5d45762f7765 does not exist. Creating ...
2019-10-20 06:19:49,862 [pool-67-thread-1] INFO  impl.RaftServerImpl (RaftServerImpl.java:start(195)) - fe749939-5c4f-4520-aea5-9c3fb525c39c@group-3A0AD6DB8537: start as a follower, conf=-1: [92501a76-e5f9-437d-b0dc-6dcfbf7802b8:192.168.164.239:39204, 6c1327b8-5bfa-47cd-850a-df150bd7b196:192.168.164.239:34482, fe749939-5c4f-4520-aea5-9c3fb525c39c:192.168.164.239:41202], old=null
2019-10-20 06:19:49,863 [Thread-293] INFO  impl.FollowerState (FollowerState.java:run(108)) - 6c1327b8-5bfa-47cd-850a-df150bd7b196@group-5C6E57934170-FollowerState: change to CANDIDATE, lastRpcTime:33ms, electionTimeout:30ms
2019-10-20 06:19:49,864 [pool-67-thread-1] INFO  impl.RaftServerImpl (RaftServerImpl.java:setRole(184)) - fe749939-5c4f-4520-aea5-9c3fb525c39c@group-3A0AD6DB8537: changes role from      null to FOLLOWER at term 0 for startAsFollower
2019-10-20 06:19:49,864 [Thread-293] INFO  impl.RoleInfo (RoleInfo.java:shutdownFollowerState(121)) - 6c1327b8-5bfa-47cd-850a-df150bd7b196: shutdown FollowerState
2019-10-20 06:19:49,864 [pool-67-thread-1] INFO  impl.RoleInfo (RoleInfo.java:updateAndGet(143)) - fe749939-5c4f-4520-aea5-9c3fb525c39c: start FollowerState
2019-10-20 06:19:49,864 [Thread-293] INFO  impl.RaftServerImpl (RaftServerImpl.java:setRole(184)) - 6c1327b8-5bfa-47cd-850a-df150bd7b196@group-5C6E57934170: changes role from  FOLLOWER to CANDIDATE at term 3 for changeToCandidate
2019-10-20 06:19:49,864 [Thread-293] INFO  impl.RoleInfo (RoleInfo.java:updateAndGet(143)) - 6c1327b8-5bfa-47cd-850a-df150bd7b196: start LeaderElection
2019-10-20 06:19:49,864 [pool-37-thread-1] INFO  impl.RaftServerImpl (RaftServerImpl.java:start(195)) - 6c1327b8-5bfa-47cd-850a-df150bd7b196@group-3A0AD6DB8537: start as a follower, conf=-1: [92501a76-e5f9-437d-b0dc-6dcfbf7802b8:192.168.164.239:39204, 6c1327b8-5bfa-47cd-850a-df150bd7b196:192.168.164.239:34482, fe749939-5c4f-4520-aea5-9c3fb525c39c:192.168.164.239:41202], old=null
2019-10-20 06:19:49,864 [pool-67-thread-1] INFO  util.JmxRegister (JmxRegister.java:tryRegister(44)) - Successfully registered JMX Bean with object name Ratis:service=RaftServer,group=group-3A0AD6DB8537,id=fe749939-5c4f-4520-aea5-9c3fb525c39c
2019-10-20 06:19:49,866 [pool-37-thread-1] INFO  impl.RaftServerImpl (RaftServerImpl.java:setRole(184)) - 6c1327b8-5bfa-47cd-850a-df150bd7b196@group-3A0AD6DB8537: changes role from      null to FOLLOWER at term 0 for startAsFollower
2019-10-20 06:19:49,866 [pool-37-thread-1] INFO  impl.RoleInfo (RoleInfo.java:updateAndGet(143)) - 6c1327b8-5bfa-47cd-850a-df150bd7b196: start FollowerState
2019-10-20 06:19:49,866 [pool-37-thread-1] INFO  util.JmxRegister (JmxRegister.java:tryRegister(44)) - Successfully registered JMX Bean with object name Ratis:service=RaftServer,group=group-3A0AD6DB8537,id=6c1327b8-5bfa-47cd-850a-df150bd7b196
2019-10-20 06:19:49,870 [pool-67-thread-1] INFO  impl.RaftServerImpl (RaftServerImpl.java:start(195)) - fe749939-5c4f-4520-aea5-9c3fb525c39c@group-5D45762F7765: start as a follower, conf=-1: [92501a76-e5f9-437d-b0dc-6dcfbf7802b8:192.168.164.239:39204, 6c1327b8-5bfa-47cd-850a-df150bd7b196:192.168.164.239:34482, fe749939-5c4f-4520-aea5-9c3fb525c39c:192.168.164.239:41202], old=null
2019-10-20 06:19:49,870 [pool-67-thread-1] INFO  impl.RaftServerImpl (RaftServerImpl.java:setRole(184)) - fe749939-5c4f-4520-aea5-9c3fb525c39c@group-5D45762F7765: changes role from      null to FOLLOWER at term 0 for startAsFollower
2019-10-20 06:19:49,871 [pool-67-thread-1] INFO  impl.RoleInfo (RoleInfo.java:updateAndGet(143)) - fe749939-5c4f-4520-aea5-9c3fb525c39c: start FollowerState
2019-10-20 06:19:49,871 [pool-67-thread-1] INFO  util.JmxRegister (JmxRegister.java:tryRegister(44)) - Successfully registered JMX Bean with object name Ratis:service=RaftServer,group=group-5D45762F7765,id=fe749939-5c4f-4520-aea5-9c3fb525c39c
2019-10-20 06:19:49,871 [pool-37-thread-1] INFO  impl.RaftServerImpl (RaftServerImpl.java:start(195)) - 6c1327b8-5bfa-47cd-850a-df150bd7b196@group-5D45762F7765: start as a follower, conf=-1: [92501a76-e5f9-437d-b0dc-6dcfbf7802b8:192.168.164.239:39204, 6c1327b8-5bfa-47cd-850a-df150bd7b196:192.168.164.239:34482, fe749939-5c4f-4520-aea5-9c3fb525c39c:192.168.164.239:41202], old=null
2019-10-20 06:19:49,871 [pool-37-thread-1] INFO  impl.RaftServerImpl (RaftServerImpl.java:setRole(184)) - 6c1327b8-5bfa-47cd-850a-df150bd7b196@group-5D45762F7765: changes role from      null to FOLLOWER at term 0 for startAsFollower
2019-10-20 06:19:49,872 [pool-37-thread-1] INFO  impl.RoleInfo (RoleInfo.java:updateAndGet(143)) - 6c1327b8-5bfa-47cd-850a-df150bd7b196: start FollowerState
2019-10-20 06:19:49,872 [pool-37-thread-1] INFO  util.JmxRegister (JmxRegister.java:tryRegister(44)) - Successfully registered JMX Bean with object name Ratis:service=RaftServer,group=group-5D45762F7765,id=6c1327b8-5bfa-47cd-850a-df150bd7b196
2019-10-20 06:19:49,877 [pool-57-thread-1] INFO  storage.RaftStorageDirectory (RaftStorageDirectory.java:tryLock(328)) - Lock on /workdir/hadoop-ozone/tools/target/test-dir/MiniOzoneClusterImpl-58b3a14b-8347-4dab-aab6-d610c62ac67a/datanode-3/data/ratis/4859694b-5929-4248-8761-5d45762f7765/in_use.lock acquired by nodename 10681@trunk-nightly-20191020-r5wzl-4145440258
2019-10-20 06:19:49,878 [92501a76-e5f9-437d-b0dc-6dcfbf7802b8@group-466441C093D1-LeaderElection13] INFO  impl.LeaderElection (LeaderElection.java:askForVotes(178)) - 92501a76-e5f9-437d-b0dc-6dcfbf7802b8@group-466441C093D1-LeaderElection13: begin an election at term 5 for -1: [92501a76-e5f9-437d-b0dc-6dcfbf7802b8:192.168.164.239:39204, 6c1327b8-5bfa-47cd-850a-df150bd7b196:192.168.164.239:34482, fe749939-5c4f-4520-aea5-9c3fb525c39c:192.168.164.239:41202], old=null
2019-10-20 06:19:49,878 [6c1327b8-5bfa-47cd-850a-df150bd7b196@group-466441C093D1-LeaderElection8] INFO  impl.LeaderElection (LeaderElection.java:askForVotes(178)) - 6c1327b8-5bfa-47cd-850a-df150bd7b196@group-466441C093D1-LeaderElection8: begin an election at term 6 for -1: [92501a76-e5f9-437d-b0dc-6dcfbf7802b8:192.168.164.239:39204, 6c1327b8-5bfa-47cd-850a-df150bd7b196:192.168.164.239:34482, fe749939-5c4f-4520-aea5-9c3fb525c39c:192.168.164.239:41202], old=null
2019-10-20 06:19:49,885 [fe749939-5c4f-4520-aea5-9c3fb525c39c@group-466441C093D1-LeaderElection6] INFO  impl.LeaderElection (LeaderElection.java:logAndReturn(56)) - fe749939-5c4f-4520-aea5-9c3fb525c39c@group-466441C093D1-LeaderElection6: Election REJECTED; received 2 response(s) [fe749939-5c4f-4520-aea5-9c3fb525c39c<-92501a76-e5f9-437d-b0dc-6dcfbf7802b8#0:FAIL-t5, fe749939-5c4f-4520-aea5-9c3fb525c39c<-6c1327b8-5bfa-47cd-850a-df150bd7b196#0:FAIL-t5] and 0 exception(s); fe749939-5c4f-4520-aea5-9c3fb525c39c@group-466441C093D1:t5, leader=null, voted=fe749939-5c4f-4520-aea5-9c3fb525c39c, raftlog=fe749939-5c4f-4520-aea5-9c3fb525c39c@group-466441C093D1-SegmentedRaftLog:OPENED:c-1,f-1,i0, conf=-1: [92501a76-e5f9-437d-b0dc-6dcfbf7802b8:192.168.164.239:39204, 6c1327b8-5bfa-47cd-850a-df150bd7b196:192.168.164.239:34482, fe749939-5c4f-4520-aea5-9c3fb525c39c:192.168.164.239:41202], old=null
2019-10-20 06:19:49,885 [fe749939-5c4f-4520-aea5-9c3fb525c39c@group-466441C093D1-LeaderElection6] INFO  impl.RaftServerImpl (RaftServerImpl.java:setRole(184)) - fe749939-5c4f-4520-aea5-9c3fb525c39c@group-466441C093D1: changes role from CANDIDATE to FOLLOWER at term 5 for DISCOVERED_A_NEW_TERM
2019-10-20 06:19:49,886 [fe749939-5c4f-4520-aea5-9c3fb525c39c@group-466441C093D1-LeaderElection6] INFO  impl.RoleInfo (RoleInfo.java:shutdownLeaderElection(134)) - fe749939-5c4f-4520-aea5-9c3fb525c39c: shutdown LeaderElection
2019-10-20 06:19:49,888 [fe749939-5c4f-4520-aea5-9c3fb525c39c@group-466441C093D1-LeaderElection6] INFO  impl.RoleInfo (RoleInfo.java:updateAndGet(143)) - fe749939-5c4f-4520-aea5-9c3fb525c39c: start FollowerState
2019-10-20 06:19:49,889 [grpc-default-executor-5] INFO  impl.RaftServerImpl (RaftServerImpl.java:setRole(184)) - fe749939-5c4f-4520-aea5-9c3fb525c39c@group-466441C093D1: changes role from  FOLLOWER to FOLLOWER at term 6 for recognizeCandidate:6c1327b8-5bfa-47cd-850a-df150bd7b196
2019-10-20 06:19:49,890 [grpc-default-executor-5] INFO  impl.RoleInfo (RoleInfo.java:shutdownFollowerState(121)) - fe749939-5c4f-4520-aea5-9c3fb525c39c: shutdown FollowerState
2019-10-20 06:19:49,890 [grpc-default-executor-5] INFO  impl.RoleInfo (RoleInfo.java:updateAndGet(143)) - fe749939-5c4f-4520-aea5-9c3fb525c39c: start FollowerState
2019-10-20 06:19:49,890 [Thread-313] INFO  impl.FollowerState (FollowerState.java:run(117)) - fe749939-5c4f-4520-aea5-9c3fb525c39c@group-466441C093D1-FollowerState was interrupted: java.lang.InterruptedException: sleep interrupted
2019-10-20 06:19:49,890 [Thread-294] INFO  impl.FollowerState (FollowerState.java:run(108)) - fe749939-5c4f-4520-aea5-9c3fb525c39c@group-5C6E57934170-FollowerState: change to CANDIDATE, lastRpcTime:60ms, electionTimeout:54ms
2019-10-20 06:19:49,892 [Thread-294] INFO  impl.RoleInfo (RoleInfo.java:shutdownFollowerState(121)) - fe749939-5c4f-4520-aea5-9c3fb525c39c: shutdown FollowerState
2019-10-20 06:19:49,892 [Thread-294] INFO  impl.RaftServerImpl (RaftServerImpl.java:setRole(184)) - fe749939-5c4f-4520-aea5-9c3fb525c39c@group-5C6E57934170: changes role from  FOLLOWER to CANDIDATE at term 3 for changeToCandidate
2019-10-20 06:19:49,892 [Thread-294] INFO  impl.RoleInfo (RoleInfo.java:updateAndGet(143)) - fe749939-5c4f-4520-aea5-9c3fb525c39c: start LeaderElection
2019-10-20 06:19:49,894 [pool-57-thread-1] INFO  storage.RaftStorage (RaftStorage.java:format(84)) - Storage directory /workdir/hadoop-ozone/tools/target/test-dir/MiniOzoneClusterImpl-58b3a14b-8347-4dab-aab6-d610c62ac67a/datanode-3/data/ratis/4859694b-5929-4248-8761-5d45762f7765 has been successfully formatted.
2019-10-20 06:19:49,894 [92501a76-e5f9-437d-b0dc-6dcfbf7802b8@group-466441C093D1-LeaderElection12] INFO  impl.LeaderElection (LeaderElection.java:askForVotes(178)) - 92501a76-e5f9-437d-b0dc-6dcfbf7802b8@group-466441C093D1-LeaderElection12: begin an election at term 6 for -1: [92501a76-e5f9-437d-b0dc-6dcfbf7802b8:192.168.164.239:39204, 6c1327b8-5bfa-47cd-850a-df150bd7b196:192.168.164.239:34482, fe749939-5c4f-4520-aea5-9c3fb525c39c:192.168.164.239:41202], old=null
2019-10-20 06:19:49,894 [6c1327b8-5bfa-47cd-850a-df150bd7b196@group-5C6E57934170-LeaderElection14] INFO  impl.LeaderElection (LeaderElection.java:askForVotes(178)) - 6c1327b8-5bfa-47cd-850a-df150bd7b196@group-5C6E57934170-LeaderElection14: begin an election at term 4 for -1: [92501a76-e5f9-437d-b0dc-6dcfbf7802b8:192.168.164.239:39204, 6c1327b8-5bfa-47cd-850a-df150bd7b196:192.168.164.239:34482, fe749939-5c4f-4520-aea5-9c3fb525c39c:192.168.164.239:41202], old=null
2019-10-20 06:19:49,895 [pool-57-thread-1] INFO  ratis.ContainerStateMachine (ContainerStateMachine.java:loadSnapshot(231)) - group-5D45762F7765: The snapshot info is null. Setting the last applied indexto:(t:0, i:~)
2019-10-20 06:19:49,895 [pool-57-thread-1] INFO  server.RaftServerConfigKeys (ConfUtils.java:logGet(43)) - raft.server.notification.no-leader.timeout = 120s (custom)
2019-10-20 06:19:49,895 [92501a76-e5f9-437d-b0dc-6dcfbf7802b8@group-466441C093D1-LeaderElection9] INFO  impl.LeaderElection (LeaderElection.java:logAndReturn(56)) - 92501a76-e5f9-437d-b0dc-6dcfbf7802b8@group-466441C093D1-LeaderElection9: Election REJECTED; received 0 response(s) [] and 0 exception(s); 92501a76-e5f9-437d-b0dc-6dcfbf7802b8@group-466441C093D1:t6, leader=null, voted=92501a76-e5f9-437d-b0dc-6dcfbf7802b8, raftlog=92501a76-e5f9-437d-b0dc-6dcfbf7802b8@group-466441C093D1-SegmentedRaftLog:OPENED:c-1,f-1,i0, conf=-1: [92501a76-e5f9-437d-b0dc-6dcfbf7802b8:192.168.164.239:39204, 6c1327b8-5bfa-47cd-850a-df150bd7b196:192.168.164.239:34482, fe749939-5c4f-4520-aea5-9c3fb525c39c:192.168.164.239:41202], old=null
2019-10-20 06:19:49,895 [92501a76-e5f9-437d-b0dc-6dcfbf7802b8@group-466441C093D1-LeaderElection12] INFO  impl.LeaderElection (LeaderElection.java:logAndReturn(56)) - 92501a76-e5f9-437d-b0dc-6dcfbf7802b8@group-466441C093D1-LeaderElection12: Election REJECTED; received 0 response(s) [] and 0 exception(s); 92501a76-e5f9-437d-b0dc-6dcfbf7802b8@group-466441C093D1:t6, leader=null, voted=92501a76-e5f9-437d-b0dc-6dcfbf7802b8, raftlog=92501a76-e5f9-437d-b0dc-6dcfbf7802b8@group-466441C093D1-SegmentedRaftLog:OPENED:c-1,f-1,i0, conf=-1: [92501a76-e5f9-437d-b0dc-6dcfbf7802b8:192.168.164.239:39204, 6c1327b8-5bfa-47cd-850a-df150bd7b196:192.168.164.239:34482, fe749939-5c4f-4520-aea5-9c3fb525c39c:192.168.164.239:41202], old=null
2019-10-20 06:19:49,895 [pool-57-thread-1] INFO  server.RaftServerConfigKeys (ConfUtils.java:logGet(43)) - raft.server.log.use.memory = false (default)
2019-10-20 06:19:49,904 [92501a76-e5f9-437d-b0dc-6dcfbf7802b8@group-466441C093D1-LeaderElection13] INFO  impl.LeaderElection (LeaderElection.java:logAndReturn(56)) - 92501a76-e5f9-437d-b0dc-6dcfbf7802b8@group-466441C093D1-LeaderElection13: Election REJECTED; received 0 response(s) [] and 0 exception(s); 92501a76-e5f9-437d-b0dc-6dcfbf7802b8@group-466441C093D1:t6, leader=null, voted=92501a76-e5f9-437d-b0dc-6dcfbf7802b8, raftlog=92501a76-e5f9-437d-b0dc-6dcfbf7802b8@group-466441C093D1-SegmentedRaftLog:OPENED:c-1,f-1,i0, conf=-1: [92501a76-e5f9-437d-b0dc-6dcfbf7802b8:192.168.164.239:39204, 6c1327b8-5bfa-47cd-850a-df150bd7b196:192.168.164.239:34482, fe749939-5c4f-4520-aea5-9c3fb525c39c:192.168.164.239:41202], old=null
2019-10-20 06:19:49,906 [pool-57-thread-1] INFO  server.RaftServerConfigKeys (ConfUtils.java:logGet(43)) - raft.server.log.purge.gap = 1000000 (custom)
2019-10-20 06:19:49,908 [pool-57-thread-1] INFO  server.RaftServerConfigKeys (ConfUtils.java:logGet(43)) - raft.server.log.appender.buffer.byte-limit = 33554432 (custom)
2019-10-20 06:19:49,909 [pool-57-thread-1] INFO  server.RaftServerConfigKeys (ConfUtils.java:logGet(43)) - raft.server.log.segment.size.max = 1048576 (custom)
2019-10-20 06:19:49,909 [pool-57-thread-1] INFO  server.RaftServerConfigKeys (ConfUtils.java:logGet(43)) - raft.server.log.segment.cache.num.max = 2 (custom)
2019-10-20 06:19:49,909 [fe749939-5c4f-4520-aea5-9c3fb525c39c@group-5C6E57934170-LeaderElection15] INFO  impl.LeaderElection (LeaderElection.java:askForVotes(178)) - fe749939-5c4f-4520-aea5-9c3fb525c39c@group-5C6E57934170-LeaderElection15: begin an election at term 4 for -1: [92501a76-e5f9-437d-b0dc-6dcfbf7802b8:192.168.164.239:39204, 6c1327b8-5bfa-47cd-850a-df150bd7b196:192.168.164.239:34482, fe749939-5c4f-4520-aea5-9c3fb525c39c:192.168.164.239:41202], old=null
2019-10-20 06:19:49,909 [pool-57-thread-1] INFO  segmented.SegmentedRaftLogWorker (SegmentedRaftLogWorker.java:<init>(173)) - new 92501a76-e5f9-437d-b0dc-6dcfbf7802b8@group-5D45762F7765-SegmentedRaftLogWorker for RaftStorage:Storage Directory /workdir/hadoop-ozone/tools/target/test-dir/MiniOzoneClusterImpl-58b3a14b-8347-4dab-aab6-d610c62ac67a/datanode-3/data/ratis/4859694b-5929-4248-8761-5d45762f7765
2019-10-20 06:19:49,910 [pool-57-thread-1] INFO  server.RaftServerConfigKeys (ConfUtils.java:logGet(43)) - raft.server.log.queue.byte-limit = 2147483647 (custom)
2019-10-20 06:19:49,911 [pool-57-thread-1] INFO  server.RaftServerConfigKeys (ConfUtils.java:logGet(43)) - raft.server.log.queue.element-limit = 1024 (custom)
2019-10-20 06:19:49,912 [pool-57-thread-1] INFO  server.RaftServerConfigKeys (ConfUtils.java:logGet(43)) - raft.server.log.segment.size.max = 1048576 (custom)
2019-10-20 06:19:49,912 [pool-57-thread-1] INFO  server.RaftServerConfigKeys (ConfUtils.java:logGet(43)) - raft.server.log.preallocated.size = 16384 (custom)
2019-10-20 06:19:49,912 [pool-57-thread-1] INFO  server.RaftServerConfigKeys (ConfUtils.java:logGet(43)) - raft.server.log.write.buffer.size = 33554432 (custom)
2019-10-20 06:19:49,912 [pool-57-thread-1] INFO  server.RaftServerConfigKeys (ConfUtils.java:logGet(43)) - raft.server.log.force.sync.num = 128 (default)
2019-10-20 06:19:49,912 [pool-57-thread-1] INFO  server.RaftServerConfigKeys (ConfUtils.java:logGet(43)) - raft.server.log.statemachine.data.sync = true (default)
2019-10-20 06:19:49,913 [pool-57-thread-1] INFO  server.RaftServerConfigKeys (ConfUtils.java:logGet(43)) - raft.server.log.statemachine.data.sync.timeout = 10s (default)
2019-10-20 06:19:49,913 [pool-57-thread-1] INFO  server.RaftServerConfigKeys (ConfUtils.java:logGet(43)) - raft.server.log.statemachine.data.sync.timeout.retry = -1 (default)
2019-10-20 06:19:49,913 [fe749939-5c4f-4520-aea5-9c3fb525c39c@group-5C6E57934170-LeaderElection15] INFO  impl.LeaderElection (LeaderElection.java:logAndReturn(56)) - fe749939-5c4f-4520-aea5-9c3fb525c39c@group-5C6E57934170-LeaderElection15: Election TIMEOUT; received 0 response(s) [] and 0 exception(s); fe749939-5c4f-4520-aea5-9c3fb525c39c@group-5C6E57934170:t4, leader=null, voted=fe749939-5c4f-4520-aea5-9c3fb525c39c, raftlog=fe749939-5c4f-4520-aea5-9c3fb525c39c@group-5C6E57934170-SegmentedRaftLog:OPENED:c-1,f-1,i0, conf=-1: [92501a76-e5f9-437d-b0dc-6dcfbf7802b8:192.168.164.239:39204, 6c1327b8-5bfa-47cd-850a-df150bd7b196:192.168.164.239:34482, fe749939-5c4f-4520-aea5-9c3fb525c39c:192.168.164.239:41202], old=null
2019-10-20 06:19:49,913 [pool-57-thread-1] INFO  server.RaftServerConfigKeys (ConfUtils.java:logGet(43)) - raft.server.log.statemachine.data.caching.enabled = true (custom)
2019-10-20 06:19:49,913 [pool-57-thread-1] INFO  segmented.SegmentedRaftLogWorker (SegmentedRaftLogWorker.java:lambda$new$0(128)) - 92501a76-e5f9-437d-b0dc-6dcfbf7802b8@group-5D45762F7765-SegmentedRaftLogWorker: flushIndex: setUnconditionally 0 -> -1
2019-10-20 06:19:49,914 [pool-57-thread-1] INFO  server.RaftServerConfigKeys (ConfUtils.java:logGet(43)) - raft.server.snapshot.auto.trigger.enabled = true (custom)
2019-10-20 06:19:49,914 [pool-57-thread-1] INFO  server.RaftServerConfigKeys (ConfUtils.java:logGet(43)) - raft.server.snapshot.auto.trigger.threshold = 10000 (custom)
2019-10-20 06:19:49,914 [pool-57-thread-1] INFO  server.RaftServerConfigKeys (ConfUtils.java:logGet(43)) - raft.server.snapshot.retention.file.num = 5 (custom)
2019-10-20 06:19:49,914 [pool-57-thread-1] INFO  server.RaftServerConfigKeys (ConfUtils.java:logGet(43)) - raft.server.retrycache.expirytime = 600000ms (custom)
2019-10-20 06:19:49,914 [grpc-default-executor-5] WARN  server.GrpcServerProtocolService (LogUtils.java:warn(134)) - 92501a76-e5f9-437d-b0dc-6dcfbf7802b8: Failed requestVote fe749939-5c4f-4520-aea5-9c3fb525c39c->92501a76-e5f9-437d-b0dc-6dcfbf7802b8#0: org.apache.ratis.protocol.ServerNotReadyException: 92501a76-e5f9-437d-b0dc-6dcfbf7802b8@group-5C6E57934170 is not in [RUNNING]: current state is NEW
2019-10-20 06:19:49,921 [Thread-306] INFO  impl.FollowerState (FollowerState.java:run(108)) - fe749939-5c4f-4520-aea5-9c3fb525c39c@group-5D45762F7765-FollowerState: change to CANDIDATE, lastRpcTime:50ms, electionTimeout:44ms
2019-10-20 06:19:49,923 [grpc-default-executor-3] WARN  server.GrpcServerProtocolService (LogUtils.java:warn(134)) - 92501a76-e5f9-437d-b0dc-6dcfbf7802b8: Failed requestVote 6c1327b8-5bfa-47cd-850a-df150bd7b196->92501a76-e5f9-437d-b0dc-6dcfbf7802b8#0: org.apache.ratis.protocol.ServerNotReadyException: 92501a76-e5f9-437d-b0dc-6dcfbf7802b8@group-5C6E57934170 is not in [RUNNING]: current state is NEW
2019-10-20 06:19:49,924 [Thread-306] INFO  impl.RoleInfo (RoleInfo.java:shutdownFollowerState(121)) - fe749939-5c4f-4520-aea5-9c3fb525c39c: shutdown FollowerState
2019-10-20 06:19:49,924 [Thread-306] INFO  impl.RaftServerImpl (RaftServerImpl.java:setRole(184)) - fe749939-5c4f-4520-aea5-9c3fb525c39c@group-5D45762F7765: changes role from  FOLLOWER to CANDIDATE at term 0 for changeToCandidate
2019-10-20 06:19:49,924 [Thread-306] INFO  impl.RoleInfo (RoleInfo.java:updateAndGet(143)) - fe749939-5c4f-4520-aea5-9c3fb525c39c: start LeaderElection
2019-10-20 06:19:49,927 [6c1327b8-5bfa-47cd-850a-df150bd7b196@group-466441C093D1-LeaderElection8] INFO  impl.LeaderElection (LeaderElection.java:logAndReturn(56)) - 6c1327b8-5bfa-47cd-850a-df150bd7b196@group-466441C093D1-LeaderElection8: Election PASSED; received 2 response(s) [6c1327b8-5bfa-47cd-850a-df150bd7b196<-92501a76-e5f9-437d-b0dc-6dcfbf7802b8#0:FAIL-t6, 6c1327b8-5bfa-47cd-850a-df150bd7b196<-fe749939-5c4f-4520-aea5-9c3fb525c39c#0:OK-t6] and 0 exception(s); 6c1327b8-5bfa-47cd-850a-df150bd7b196@group-466441C093D1:t6, leader=null, voted=6c1327b8-5bfa-47cd-850a-df150bd7b196, raftlog=6c1327b8-5bfa-47cd-850a-df150bd7b196@group-466441C093D1-SegmentedRaftLog:OPENED:c-1,f-1,i0, conf=-1: [92501a76-e5f9-437d-b0dc-6dcfbf7802b8:192.168.164.239:39204, 6c1327b8-5bfa-47cd-850a-df150bd7b196:192.168.164.239:34482, fe749939-5c4f-4520-aea5-9c3fb525c39c:192.168.164.239:41202], old=null
2019-10-20 06:19:49,927 [6c1327b8-5bfa-47cd-850a-df150bd7b196@group-466441C093D1-LeaderElection8] INFO  impl.RoleInfo (RoleInfo.java:shutdownLeaderElection(134)) - 6c1327b8-5bfa-47cd-850a-df150bd7b196: shutdown LeaderElection
2019-10-20 06:19:49,927 [6c1327b8-5bfa-47cd-850a-df150bd7b196@group-466441C093D1-LeaderElection8] INFO  impl.RaftServerImpl (RaftServerImpl.java:setRole(184)) - 6c1327b8-5bfa-47cd-850a-df150bd7b196@group-466441C093D1: changes role from CANDIDATE to LEADER at term 6 for changeToLeader
2019-10-20 06:19:49,928 [6c1327b8-5bfa-47cd-850a-df150bd7b196@group-466441C093D1-LeaderElection8] INFO  impl.RaftServerImpl (ServerState.java:setLeader(256)) - 6c1327b8-5bfa-47cd-850a-df150bd7b196@group-466441C093D1: change Leader from null to 6c1327b8-5bfa-47cd-850a-df150bd7b196 at term 6 for becomeLeader, leader elected after 9402ms
2019-10-20 06:19:49,932 [6c1327b8-5bfa-47cd-850a-df150bd7b196@group-466441C093D1-LeaderElection8] INFO  server.RaftServerConfigKeys (ConfUtils.java:logGet(43)) - raft.server.staging.catchup.gap = 1000 (default)
2019-10-20 06:19:49,933 [6c1327b8-5bfa-47cd-850a-df150bd7b196@group-466441C093D1-LeaderElection8] INFO  server.RaftServerConfigKeys (ConfUtils.java:logGet(43)) - raft.server.rpc.sleep.time = 25ms (default)
2019-10-20 06:19:49,933 [6c1327b8-5bfa-47cd-850a-df150bd7b196@group-466441C093D1-LeaderElection8] INFO  server.RaftServerConfigKeys (ConfUtils.java:logGet(43)) - raft.server.write.element-limit = 4096 (default)
2019-10-20 06:19:49,933 [pool-57-thread-1] INFO  impl.RaftServerImpl (RaftServerImpl.java:start(195)) - 92501a76-e5f9-437d-b0dc-6dcfbf7802b8@group-5C6E57934170: start as a follower, conf=-1: [92501a76-e5f9-437d-b0dc-6dcfbf7802b8:192.168.164.239:39204, 6c1327b8-5bfa-47cd-850a-df150bd7b196:192.168.164.239:34482, fe749939-5c4f-4520-aea5-9c3fb525c39c:192.168.164.239:41202], old=null
2019-10-20 06:19:49,935 [pool-57-thread-1] INFO  impl.RaftServerImpl (RaftServerImpl.java:setRole(184)) - 92501a76-e5f9-437d-b0dc-6dcfbf7802b8@group-5C6E57934170: changes role from      null to FOLLOWER at term 0 for startAsFollower
2019-10-20 06:19:49,935 [pool-57-thread-1] INFO  impl.RoleInfo (RoleInfo.java:updateAndGet(143)) - 92501a76-e5f9-437d-b0dc-6dcfbf7802b8: start FollowerState
2019-10-20 06:19:49,935 [pool-57-thread-1] INFO  util.JmxRegister (JmxRegister.java:tryRegister(44)) - Successfully registered JMX Bean with object name Ratis:service=RaftServer,group=group-5C6E57934170,id=92501a76-e5f9-437d-b0dc-6dcfbf7802b8
2019-10-20 06:19:49,936 [6c1327b8-5bfa-47cd-850a-df150bd7b196@group-466441C093D1-LeaderElection8] INFO  server.RaftServerConfigKeys (ConfUtils.java:logGet(43)) - raft.server.watch.timeout = 10s (default)
2019-10-20 06:19:49,937 [6c1327b8-5bfa-47cd-850a-df150bd7b196@group-466441C093D1-LeaderElection8] INFO  server.RaftServerConfigKeys (ConfUtils.java:logGet(43)) - raft.server.watch.timeout.denomination = 1s (default)
2019-10-20 06:19:49,937 [6c1327b8-5bfa-47cd-850a-df150bd7b196@group-466441C093D1-LeaderElection8] INFO  server.RaftServerConfigKeys (ConfUtils.java:logGet(43)) - raft.server.watch.element-limit = 65536 (default)
2019-10-20 06:19:49,942 [6c1327b8-5bfa-47cd-850a-df150bd7b196@group-5C6E57934170-LeaderElection14] INFO  impl.LeaderElection (LogUtils.java:infoOrTrace(149)) - 6c1327b8-5bfa-47cd-850a-df150bd7b196@group-5C6E57934170-LeaderElection14 got exception when requesting votes: {}
java.util.concurrent.ExecutionException: org.apache.ratis.thirdparty.io.grpc.StatusRuntimeException: INTERNAL: 92501a76-e5f9-437d-b0dc-6dcfbf7802b8@group-5C6E57934170 is not in [RUNNING]: current state is NEW
	at java.util.concurrent.FutureTask.report(FutureTask.java:122)
	at java.util.concurrent.FutureTask.get(FutureTask.java:192)
	at org.apache.ratis.server.impl.LeaderElection.waitForResults(LeaderElection.java:259)
	at org.apache.ratis.server.impl.LeaderElection.askForVotes(LeaderElection.java:197)
	at org.apache.ratis.server.impl.LeaderElection.run(LeaderElection.java:133)
	at java.lang.Thread.run(Thread.java:748)
Caused by: org.apache.ratis.thirdparty.io.grpc.StatusRuntimeException: INTERNAL: 92501a76-e5f9-437d-b0dc-6dcfbf7802b8@group-5C6E57934170 is not in [RUNNING]: current state is NEW
	at org.apache.ratis.thirdparty.io.grpc.stub.ClientCalls.toStatusRuntimeException(ClientCalls.java:233)
	at org.apache.ratis.thirdparty.io.grpc.stub.ClientCalls.getUnchecked(ClientCalls.java:214)
	at org.apache.ratis.thirdparty.io.grpc.stub.ClientCalls.blockingUnaryCall(ClientCalls.java:139)
	at org.apache.ratis.proto.grpc.RaftServerProtocolServiceGrpc$RaftServerProtocolServiceBlockingStub.requestVote(RaftServerProtocolServiceGrpc.java:265)
	at org.apache.ratis.grpc.server.GrpcServerProtocolClient.requestVote(GrpcServerProtocolClient.java:99)
	at org.apache.ratis.grpc.server.GrpcService.requestVote(GrpcService.java:204)
	at org.apache.ratis.server.impl.LeaderElection.lambda$submitRequests$1(LeaderElection.java:234)
	at java.util.concurrent.FutureTask.run(FutureTask.java:266)
	at java.util.concurrent.Executors$RunnableAdapter.call(Executors.java:511)
	at java.util.concurrent.FutureTask.run(FutureTask.java:266)
	at java.util.concurrent.ThreadPoolExecutor.runWorker(ThreadPoolExecutor.java:1149)
	at java.util.concurrent.ThreadPoolExecutor$Worker.run(ThreadPoolExecutor.java:624)
	... 1 more
2019-10-20 06:19:49,946 [fe749939-5c4f-4520-aea5-9c3fb525c39c@group-5C6E57934170-LeaderElection15] INFO  impl.LeaderElection (LeaderElection.java:askForVotes(178)) - fe749939-5c4f-4520-aea5-9c3fb525c39c@group-5C6E57934170-LeaderElection15: begin an election at term 5 for -1: [92501a76-e5f9-437d-b0dc-6dcfbf7802b8:192.168.164.239:39204, 6c1327b8-5bfa-47cd-850a-df150bd7b196:192.168.164.239:34482, fe749939-5c4f-4520-aea5-9c3fb525c39c:192.168.164.239:41202], old=null
2019-10-20 06:19:49,947 [pool-57-thread-1] INFO  impl.RaftServerImpl (RaftServerImpl.java:start(195)) - 92501a76-e5f9-437d-b0dc-6dcfbf7802b8@group-3A0AD6DB8537: start as a follower, conf=-1: [92501a76-e5f9-437d-b0dc-6dcfbf7802b8:192.168.164.239:39204, 6c1327b8-5bfa-47cd-850a-df150bd7b196:192.168.164.239:34482, fe749939-5c4f-4520-aea5-9c3fb525c39c:192.168.164.239:41202], old=null
2019-10-20 06:19:49,947 [pool-57-thread-1] INFO  impl.RaftServerImpl (RaftServerImpl.java:setRole(184)) - 92501a76-e5f9-437d-b0dc-6dcfbf7802b8@group-3A0AD6DB8537: changes role from      null to FOLLOWER at term 0 for startAsFollower
2019-10-20 06:19:49,947 [pool-57-thread-1] INFO  impl.RoleInfo (RoleInfo.java:updateAndGet(143)) - 92501a76-e5f9-437d-b0dc-6dcfbf7802b8: start FollowerState
2019-10-20 06:19:49,948 [pool-57-thread-1] INFO  util.JmxRegister (JmxRegister.java:tryRegister(44)) - Successfully registered JMX Bean with object name Ratis:service=RaftServer,group=group-3A0AD6DB8537,id=92501a76-e5f9-437d-b0dc-6dcfbf7802b8
2019-10-20 06:19:49,950 [6c1327b8-5bfa-47cd-850a-df150bd7b196@group-5C6E57934170-LeaderElection14] INFO  impl.LeaderElection (LeaderElection.java:logAndReturn(56)) - 6c1327b8-5bfa-47cd-850a-df150bd7b196@group-5C6E57934170-LeaderElection14: Election DISCOVERED_A_NEW_TERM; received 1 response(s) [6c1327b8-5bfa-47cd-850a-df150bd7b196<-fe749939-5c4f-4520-aea5-9c3fb525c39c#0:FAIL-t5] and 1 exception(s); 6c1327b8-5bfa-47cd-850a-df150bd7b196@group-5C6E57934170:t4, leader=null, voted=6c1327b8-5bfa-47cd-850a-df150bd7b196, raftlog=6c1327b8-5bfa-47cd-850a-df150bd7b196@group-5C6E57934170-SegmentedRaftLog:OPENED:c-1,f-1,i0, conf=-1: [92501a76-e5f9-437d-b0dc-6dcfbf7802b8:192.168.164.239:39204, 6c1327b8-5bfa-47cd-850a-df150bd7b196:192.168.164.239:34482, fe749939-5c4f-4520-aea5-9c3fb525c39c:192.168.164.239:41202], old=null
2019-10-20 06:19:49,951 [6c1327b8-5bfa-47cd-850a-df150bd7b196@group-5C6E57934170-LeaderElection14] INFO  impl.LeaderElection (LogUtils.java:infoOrTrace(149)) -   Exception 0: {}
java.util.concurrent.ExecutionException: org.apache.ratis.thirdparty.io.grpc.StatusRuntimeException: INTERNAL: 92501a76-e5f9-437d-b0dc-6dcfbf7802b8@group-5C6E57934170 is not in [RUNNING]: current state is NEW
	at java.util.concurrent.FutureTask.report(FutureTask.java:122)
	at java.util.concurrent.FutureTask.get(FutureTask.java:192)
	at org.apache.ratis.server.impl.LeaderElection.waitForResults(LeaderElection.java:259)
	at org.apache.ratis.server.impl.LeaderElection.askForVotes(LeaderElection.java:197)
	at org.apache.ratis.server.impl.LeaderElection.run(LeaderElection.java:133)
	at java.lang.Thread.run(Thread.java:748)
Caused by: org.apache.ratis.thirdparty.io.grpc.StatusRuntimeException: INTERNAL: 92501a76-e5f9-437d-b0dc-6dcfbf7802b8@group-5C6E57934170 is not in [RUNNING]: current state is NEW
	at org.apache.ratis.thirdparty.io.grpc.stub.ClientCalls.toStatusRuntimeException(ClientCalls.java:233)
	at org.apache.ratis.thirdparty.io.grpc.stub.ClientCalls.getUnchecked(ClientCalls.java:214)
	at org.apache.ratis.thirdparty.io.grpc.stub.ClientCalls.blockingUnaryCall(ClientCalls.java:139)
	at org.apache.ratis.proto.grpc.RaftServerProtocolServiceGrpc$RaftServerProtocolServiceBlockingStub.requestVote(RaftServerProtocolServiceGrpc.java:265)
	at org.apache.ratis.grpc.server.GrpcServerProtocolClient.requestVote(GrpcServerProtocolClient.java:99)
	at org.apache.ratis.grpc.server.GrpcService.requestVote(GrpcService.java:204)
	at org.apache.ratis.server.impl.LeaderElection.lambda$submitRequests$1(LeaderElection.java:234)
	at java.util.concurrent.FutureTask.run(FutureTask.java:266)
	at java.util.concurrent.Executors$RunnableAdapter.call(Executors.java:511)
	at java.util.concurrent.FutureTask.run(FutureTask.java:266)
	at java.util.concurrent.ThreadPoolExecutor.runWorker(ThreadPoolExecutor.java:1149)
	at java.util.concurrent.ThreadPoolExecutor$Worker.run(ThreadPoolExecutor.java:624)
	... 1 more
2019-10-20 06:19:49,952 [6c1327b8-5bfa-47cd-850a-df150bd7b196@group-5C6E57934170-LeaderElection14] INFO  impl.RaftServerImpl (RaftServerImpl.java:setRole(184)) - 6c1327b8-5bfa-47cd-850a-df150bd7b196@group-5C6E57934170: changes role from CANDIDATE to FOLLOWER at term 5 for DISCOVERED_A_NEW_TERM
2019-10-20 06:19:49,958 [6c1327b8-5bfa-47cd-850a-df150bd7b196@group-5C6E57934170-LeaderElection14] INFO  impl.RoleInfo (RoleInfo.java:shutdownLeaderElection(134)) - 6c1327b8-5bfa-47cd-850a-df150bd7b196: shutdown LeaderElection
2019-10-20 06:19:49,958 [6c1327b8-5bfa-47cd-850a-df150bd7b196@group-466441C093D1-LeaderElection8] INFO  server.RaftServerConfigKeys (ConfUtils.java:logGet(43)) - raft.server.log.appender.snapshot.chunk.size.max = 16MB (=16777216) (default)
2019-10-20 06:19:49,960 [6c1327b8-5bfa-47cd-850a-df150bd7b196@group-5C6E57934170-LeaderElection14] INFO  impl.RoleInfo (RoleInfo.java:updateAndGet(143)) - 6c1327b8-5bfa-47cd-850a-df150bd7b196: start FollowerState
2019-10-20 06:19:49,960 [6c1327b8-5bfa-47cd-850a-df150bd7b196@group-466441C093D1-LeaderElection8] INFO  server.RaftServerConfigKeys (ConfUtils.java:logGet(43)) - raft.server.log.appender.buffer.byte-limit = 33554432 (custom)
2019-10-20 06:19:49,961 [6c1327b8-5bfa-47cd-850a-df150bd7b196@group-466441C093D1-LeaderElection8] INFO  server.RaftServerConfigKeys (ConfUtils.java:logGet(43)) - raft.server.log.appender.buffer.element-limit = 1 (custom)
2019-10-20 06:19:49,966 [grpc-default-executor-4] INFO  impl.RaftServerImpl (RaftServerImpl.java:setRole(184)) - 92501a76-e5f9-437d-b0dc-6dcfbf7802b8@group-5C6E57934170: changes role from  FOLLOWER to FOLLOWER at term 5 for recognizeCandidate:fe749939-5c4f-4520-aea5-9c3fb525c39c
2019-10-20 06:19:49,967 [grpc-default-executor-4] INFO  impl.RoleInfo (RoleInfo.java:shutdownFollowerState(121)) - 92501a76-e5f9-437d-b0dc-6dcfbf7802b8: shutdown FollowerState
2019-10-20 06:19:49,967 [Thread-328] INFO  impl.FollowerState (FollowerState.java:run(117)) - 92501a76-e5f9-437d-b0dc-6dcfbf7802b8@group-5C6E57934170-FollowerState was interrupted: java.lang.InterruptedException: sleep interrupted
2019-10-20 06:19:49,967 [grpc-default-executor-4] INFO  impl.RoleInfo (RoleInfo.java:updateAndGet(143)) - 92501a76-e5f9-437d-b0dc-6dcfbf7802b8: start FollowerState
2019-10-20 06:19:49,971 [Thread-332] INFO  impl.FollowerState (FollowerState.java:run(108)) - 92501a76-e5f9-437d-b0dc-6dcfbf7802b8@group-3A0AD6DB8537-FollowerState: change to CANDIDATE, lastRpcTime:24ms, electionTimeout:21ms
2019-10-20 06:19:49,972 [Thread-332] INFO  impl.RoleInfo (RoleInfo.java:shutdownFollowerState(121)) - 92501a76-e5f9-437d-b0dc-6dcfbf7802b8: shutdown FollowerState
2019-10-20 06:19:49,972 [Thread-332] INFO  impl.RaftServerImpl (RaftServerImpl.java:setRole(184)) - 92501a76-e5f9-437d-b0dc-6dcfbf7802b8@group-3A0AD6DB8537: changes role from  FOLLOWER to CANDIDATE at term 0 for changeToCandidate
2019-10-20 06:19:49,972 [Thread-332] INFO  impl.RoleInfo (RoleInfo.java:updateAndGet(143)) - 92501a76-e5f9-437d-b0dc-6dcfbf7802b8: start LeaderElection
2019-10-20 06:19:49,972 [pool-57-thread-1] INFO  impl.RaftServerImpl (RaftServerImpl.java:start(195)) - 92501a76-e5f9-437d-b0dc-6dcfbf7802b8@group-5D45762F7765: start as a follower, conf=-1: [92501a76-e5f9-437d-b0dc-6dcfbf7802b8:192.168.164.239:39204, 6c1327b8-5bfa-47cd-850a-df150bd7b196:192.168.164.239:34482, fe749939-5c4f-4520-aea5-9c3fb525c39c:192.168.164.239:41202], old=null
2019-10-20 06:19:49,973 [pool-57-thread-1] INFO  impl.RaftServerImpl (RaftServerImpl.java:setRole(184)) - 92501a76-e5f9-437d-b0dc-6dcfbf7802b8@group-5D45762F7765: changes role from      null to FOLLOWER at term 0 for startAsFollower
2019-10-20 06:19:49,975 [pool-57-thread-1] INFO  impl.RoleInfo (RoleInfo.java:updateAndGet(143)) - 92501a76-e5f9-437d-b0dc-6dcfbf7802b8: start FollowerState
2019-10-20 06:19:49,975 [fe749939-5c4f-4520-aea5-9c3fb525c39c@group-5D45762F7765-LeaderElection16] INFO  impl.LeaderElection (LeaderElection.java:askForVotes(178)) - fe749939-5c4f-4520-aea5-9c3fb525c39c@group-5D45762F7765-LeaderElection16: begin an election at term 1 for -1: [92501a76-e5f9-437d-b0dc-6dcfbf7802b8:192.168.164.239:39204, 6c1327b8-5bfa-47cd-850a-df150bd7b196:192.168.164.239:34482, fe749939-5c4f-4520-aea5-9c3fb525c39c:192.168.164.239:41202], old=null
2019-10-20 06:19:49,975 [pool-57-thread-1] INFO  util.JmxRegister (JmxRegister.java:tryRegister(44)) - Successfully registered JMX Bean with object name Ratis:service=RaftServer,group=group-5D45762F7765,id=92501a76-e5f9-437d-b0dc-6dcfbf7802b8
2019-10-20 06:19:49,977 [6c1327b8-5bfa-47cd-850a-df150bd7b196@group-466441C093D1-LeaderElection8] INFO  grpc.GrpcConfigKeys$Server (ConfUtils.java:logGet(43)) - raft.grpc.server.leader.outstanding.appends.max = 128 (default)
2019-10-20 06:19:49,977 [6c1327b8-5bfa-47cd-850a-df150bd7b196@group-466441C093D1-LeaderElection8] INFO  server.RaftServerConfigKeys (ConfUtils.java:logGet(43)) - raft.server.rpc.request.timeout = 3000ms (default)
2019-10-20 06:19:49,978 [6c1327b8-5bfa-47cd-850a-df150bd7b196@group-466441C093D1-LeaderElection8] INFO  server.RaftServerConfigKeys (ConfUtils.java:logGet(43)) - raft.server.log.appender.install.snapshot.enabled = false (custom)
2019-10-20 06:19:49,979 [grpc-default-executor-3] INFO  impl.RaftServerImpl (RaftServerImpl.java:setRole(184)) - 6c1327b8-5bfa-47cd-850a-df150bd7b196@group-5D45762F7765: changes role from  FOLLOWER to FOLLOWER at term 1 for recognizeCandidate:fe749939-5c4f-4520-aea5-9c3fb525c39c
2019-10-20 06:19:49,979 [grpc-default-executor-7] INFO  impl.RaftServerImpl (RaftServerImpl.java:setRole(184)) - 92501a76-e5f9-437d-b0dc-6dcfbf7802b8@group-5D45762F7765: changes role from  FOLLOWER to FOLLOWER at term 1 for recognizeCandidate:fe749939-5c4f-4520-aea5-9c3fb525c39c
2019-10-20 06:19:49,980 [grpc-default-executor-3] INFO  impl.RoleInfo (RoleInfo.java:shutdownFollowerState(121)) - 6c1327b8-5bfa-47cd-850a-df150bd7b196: shutdown FollowerState
2019-10-20 06:19:49,980 [grpc-default-executor-7] INFO  impl.RoleInfo (RoleInfo.java:shutdownFollowerState(121)) - 92501a76-e5f9-437d-b0dc-6dcfbf7802b8: shutdown FollowerState
2019-10-20 06:19:49,980 [grpc-default-executor-3] INFO  impl.RoleInfo (RoleInfo.java:updateAndGet(143)) - 6c1327b8-5bfa-47cd-850a-df150bd7b196: start FollowerState
2019-10-20 06:19:49,980 [Thread-308] INFO  impl.FollowerState (FollowerState.java:run(117)) - 6c1327b8-5bfa-47cd-850a-df150bd7b196@group-5D45762F7765-FollowerState was interrupted: java.lang.InterruptedException: sleep interrupted
2019-10-20 06:19:49,980 [Thread-337] INFO  impl.FollowerState (FollowerState.java:run(117)) - 92501a76-e5f9-437d-b0dc-6dcfbf7802b8@group-5D45762F7765-FollowerState was interrupted: java.lang.InterruptedException: sleep interrupted
2019-10-20 06:19:49,982 [grpc-default-executor-7] INFO  impl.RoleInfo (RoleInfo.java:updateAndGet(143)) - 92501a76-e5f9-437d-b0dc-6dcfbf7802b8: start FollowerState
2019-10-20 06:19:49,986 [6c1327b8-5bfa-47cd-850a-df150bd7b196@group-466441C093D1-LeaderElection8] INFO  server.RaftServerConfigKeys (ConfUtils.java:logGet(43)) - raft.server.log.appender.snapshot.chunk.size.max = 16MB (=16777216) (default)
2019-10-20 06:19:49,987 [6c1327b8-5bfa-47cd-850a-df150bd7b196@group-466441C093D1-LeaderElection8] INFO  server.RaftServerConfigKeys (ConfUtils.java:logGet(43)) - raft.server.log.appender.buffer.byte-limit = 33554432 (custom)
2019-10-20 06:19:49,987 [6c1327b8-5bfa-47cd-850a-df150bd7b196@group-466441C093D1-LeaderElection8] INFO  server.RaftServerConfigKeys (ConfUtils.java:logGet(43)) - raft.server.log.appender.buffer.element-limit = 1 (custom)
2019-10-20 06:19:49,987 [6c1327b8-5bfa-47cd-850a-df150bd7b196@group-466441C093D1-LeaderElection8] INFO  grpc.GrpcConfigKeys$Server (ConfUtils.java:logGet(43)) - raft.grpc.server.leader.outstanding.appends.max = 128 (default)
2019-10-20 06:19:49,987 [6c1327b8-5bfa-47cd-850a-df150bd7b196@group-466441C093D1-LeaderElection8] INFO  server.RaftServerConfigKeys (ConfUtils.java:logGet(43)) - raft.server.rpc.request.timeout = 3000ms (default)
2019-10-20 06:19:49,987 [6c1327b8-5bfa-47cd-850a-df150bd7b196@group-466441C093D1-LeaderElection8] INFO  server.RaftServerConfigKeys (ConfUtils.java:logGet(43)) - raft.server.log.appender.install.snapshot.enabled = false (custom)
2019-10-20 06:19:49,991 [fe749939-5c4f-4520-aea5-9c3fb525c39c@group-5D45762F7765-LeaderElection16] INFO  impl.LeaderElection (LeaderElection.java:logAndReturn(56)) - fe749939-5c4f-4520-aea5-9c3fb525c39c@group-5D45762F7765-LeaderElection16: Election TIMEOUT; received 0 response(s) [] and 0 exception(s); fe749939-5c4f-4520-aea5-9c3fb525c39c@group-5D45762F7765:t1, leader=null, voted=fe749939-5c4f-4520-aea5-9c3fb525c39c, raftlog=fe749939-5c4f-4520-aea5-9c3fb525c39c@group-5D45762F7765-SegmentedRaftLog:OPENED:c-1,f-1,i0, conf=-1: [92501a76-e5f9-437d-b0dc-6dcfbf7802b8:192.168.164.239:39204, 6c1327b8-5bfa-47cd-850a-df150bd7b196:192.168.164.239:34482, fe749939-5c4f-4520-aea5-9c3fb525c39c:192.168.164.239:41202], old=null
2019-10-20 06:19:49,992 [92501a76-e5f9-437d-b0dc-6dcfbf7802b8@group-3A0AD6DB8537-LeaderElection17] INFO  impl.LeaderElection (LeaderElection.java:askForVotes(178)) - 92501a76-e5f9-437d-b0dc-6dcfbf7802b8@group-3A0AD6DB8537-LeaderElection17: begin an election at term 1 for -1: [92501a76-e5f9-437d-b0dc-6dcfbf7802b8:192.168.164.239:39204, 6c1327b8-5bfa-47cd-850a-df150bd7b196:192.168.164.239:34482, fe749939-5c4f-4520-aea5-9c3fb525c39c:192.168.164.239:41202], old=null
2019-10-20 06:19:49,992 [grpc-default-executor-5] INFO  impl.RaftServerImpl (RaftServerImpl.java:setRole(184)) - 6c1327b8-5bfa-47cd-850a-df150bd7b196@group-5C6E57934170: changes role from  FOLLOWER to FOLLOWER at term 5 for recognizeCandidate:fe749939-5c4f-4520-aea5-9c3fb525c39c
2019-10-20 06:19:49,994 [6c1327b8-5bfa-47cd-850a-df150bd7b196@group-466441C093D1-LeaderElection8] INFO  impl.RoleInfo (RoleInfo.java:updateAndGet(143)) - 6c1327b8-5bfa-47cd-850a-df150bd7b196: start LeaderState
2019-10-20 06:19:49,994 [grpc-default-executor-5] INFO  impl.RoleInfo (RoleInfo.java:shutdownFollowerState(121)) - 6c1327b8-5bfa-47cd-850a-df150bd7b196: shutdown FollowerState
2019-10-20 06:19:49,995 [Thread-333] INFO  impl.FollowerState (FollowerState.java:run(117)) - 6c1327b8-5bfa-47cd-850a-df150bd7b196@group-5C6E57934170-FollowerState was interrupted: java.lang.InterruptedException: sleep interrupted
2019-10-20 06:19:49,995 [grpc-default-executor-5] INFO  impl.RoleInfo (RoleInfo.java:updateAndGet(143)) - 6c1327b8-5bfa-47cd-850a-df150bd7b196: start FollowerState
2019-10-20 06:19:49,995 [6c1327b8-5bfa-47cd-850a-df150bd7b196@group-466441C093D1-LeaderElection8] INFO  segmented.SegmentedRaftLogWorker (SegmentedRaftLogWorker.java:startLogSegment(385)) - 6c1327b8-5bfa-47cd-850a-df150bd7b196@group-466441C093D1-SegmentedRaftLogWorker: Starting segment from index:0
2019-10-20 06:19:49,997 [fe749939-5c4f-4520-aea5-9c3fb525c39c@group-5C6E57934170-LeaderElection15] INFO  impl.LeaderElection (LeaderElection.java:logAndReturn(56)) - fe749939-5c4f-4520-aea5-9c3fb525c39c@group-5C6E57934170-LeaderElection15: Election PASSED; received 1 response(s) [fe749939-5c4f-4520-aea5-9c3fb525c39c<-92501a76-e5f9-437d-b0dc-6dcfbf7802b8#0:OK-t5] and 0 exception(s); fe749939-5c4f-4520-aea5-9c3fb525c39c@group-5C6E57934170:t5, leader=null, voted=fe749939-5c4f-4520-aea5-9c3fb525c39c, raftlog=fe749939-5c4f-4520-aea5-9c3fb525c39c@group-5C6E57934170-SegmentedRaftLog:OPENED:c-1,f-1,i0, conf=-1: [92501a76-e5f9-437d-b0dc-6dcfbf7802b8:192.168.164.239:39204, 6c1327b8-5bfa-47cd-850a-df150bd7b196:192.168.164.239:34482, fe749939-5c4f-4520-aea5-9c3fb525c39c:192.168.164.239:41202], old=null
2019-10-20 06:19:49,997 [6c1327b8-5bfa-47cd-850a-df150bd7b196@group-466441C093D1-LeaderElection8] INFO  impl.RaftServerImpl (ServerState.java:setRaftConf(357)) - 6c1327b8-5bfa-47cd-850a-df150bd7b196@group-466441C093D1: set configuration 0: [92501a76-e5f9-437d-b0dc-6dcfbf7802b8:192.168.164.239:39204, 6c1327b8-5bfa-47cd-850a-df150bd7b196:192.168.164.239:34482, fe749939-5c4f-4520-aea5-9c3fb525c39c:192.168.164.239:41202], old=null at 0
2019-10-20 06:19:49,997 [Thread-304] INFO  impl.FollowerState (FollowerState.java:run(108)) - 6c1327b8-5bfa-47cd-850a-df150bd7b196@group-3A0AD6DB8537-FollowerState: change to CANDIDATE, lastRpcTime:130ms, electionTimeout:130ms
2019-10-20 06:19:50,022 [Thread-296] INFO  impl.FollowerState (FollowerState.java:run(108)) - 92501a76-e5f9-437d-b0dc-6dcfbf7802b8@group-518F4D5B86F1-FollowerState: change to CANDIDATE, lastRpcTime:176ms, electionTimeout:166ms
2019-10-20 06:19:49,997 [fe749939-5c4f-4520-aea5-9c3fb525c39c@group-5C6E57934170-LeaderElection15] INFO  impl.RoleInfo (RoleInfo.java:shutdownLeaderElection(134)) - fe749939-5c4f-4520-aea5-9c3fb525c39c: shutdown LeaderElection
2019-10-20 06:19:50,023 [Thread-296] INFO  impl.RoleInfo (RoleInfo.java:shutdownFollowerState(121)) - 92501a76-e5f9-437d-b0dc-6dcfbf7802b8: shutdown FollowerState
2019-10-20 06:19:50,023 [Thread-304] INFO  impl.RoleInfo (RoleInfo.java:shutdownFollowerState(121)) - 6c1327b8-5bfa-47cd-850a-df150bd7b196: shutdown FollowerState
2019-10-20 06:19:50,023 [Thread-314] INFO  impl.FollowerState (FollowerState.java:run(108)) - fe749939-5c4f-4520-aea5-9c3fb525c39c@group-466441C093D1-FollowerState: change to CANDIDATE, lastRpcTime:132ms, electionTimeout:132ms
2019-10-20 06:19:50,023 [Thread-304] INFO  impl.RaftServerImpl (RaftServerImpl.java:setRole(184)) - 6c1327b8-5bfa-47cd-850a-df150bd7b196@group-3A0AD6DB8537: changes role from  FOLLOWER to CANDIDATE at term 0 for changeToCandidate
2019-10-20 06:19:50,023 [Thread-296] INFO  impl.RaftServerImpl (RaftServerImpl.java:setRole(184)) - 92501a76-e5f9-437d-b0dc-6dcfbf7802b8@group-518F4D5B86F1: changes role from  FOLLOWER to CANDIDATE at term 0 for changeToCandidate
2019-10-20 06:19:50,025 [Thread-304] INFO  impl.RoleInfo (RoleInfo.java:updateAndGet(143)) - 6c1327b8-5bfa-47cd-850a-df150bd7b196: start LeaderElection
2019-10-20 06:19:50,023 [fe749939-5c4f-4520-aea5-9c3fb525c39c@group-5C6E57934170-LeaderElection15] INFO  impl.RaftServerImpl (RaftServerImpl.java:setRole(184)) - fe749939-5c4f-4520-aea5-9c3fb525c39c@group-5C6E57934170: changes role from CANDIDATE to LEADER at term 5 for changeToLeader
2019-10-20 06:19:50,023 [IPC Server handler 1 on 42449] INFO  pipeline.PipelineStateManager (PipelineStateManager.java:addPipeline(56)) - Created pipeline Pipeline[ Id: 4859694b-5929-4248-8761-5d45762f7765, Nodes: 92501a76-e5f9-437d-b0dc-6dcfbf7802b8{ip: 192.168.164.239, host: trunk-nightly-20191020-r5wzl-4145440258, networkLocation: /default-rack, certSerialId: null}fe749939-5c4f-4520-aea5-9c3fb525c39c{ip: 192.168.164.239, host: trunk-nightly-20191020-r5wzl-4145440258, networkLocation: /default-rack, certSerialId: null}6c1327b8-5bfa-47cd-850a-df150bd7b196{ip: 192.168.164.239, host: trunk-nightly-20191020-r5wzl-4145440258, networkLocation: /default-rack, certSerialId: null}, Type:RATIS, Factor:THREE, State:OPEN]
2019-10-20 06:19:50,028 [grpc-default-executor-4] INFO  impl.RaftServerImpl (RaftServerImpl.java:setRole(184)) - 6c1327b8-5bfa-47cd-850a-df150bd7b196@group-3A0AD6DB8537: changes role from CANDIDATE to FOLLOWER at term 1 for recognizeCandidate:92501a76-e5f9-437d-b0dc-6dcfbf7802b8
2019-10-20 06:19:50,027 [fe749939-5c4f-4520-aea5-9c3fb525c39c@group-5C6E57934170-LeaderElection15] INFO  impl.RaftServerImpl (ServerState.java:setLeader(256)) - fe749939-5c4f-4520-aea5-9c3fb525c39c@group-5C6E57934170: change Leader from null to fe749939-5c4f-4520-aea5-9c3fb525c39c at term 5 for becomeLeader, leader elected after 4501ms
2019-10-20 06:19:50,025 [Thread-296] INFO  impl.RoleInfo (RoleInfo.java:updateAndGet(143)) - 92501a76-e5f9-437d-b0dc-6dcfbf7802b8: start LeaderElection
2019-10-20 06:19:50,023 [Thread-314] INFO  impl.RoleInfo (RoleInfo.java:shutdownFollowerState(121)) - fe749939-5c4f-4520-aea5-9c3fb525c39c: shutdown FollowerState
2019-10-20 06:19:50,029 [grpc-default-executor-4] INFO  impl.RoleInfo (RoleInfo.java:shutdownLeaderElection(134)) - 6c1327b8-5bfa-47cd-850a-df150bd7b196: shutdown LeaderElection
2019-10-20 06:19:50,030 [fe749939-5c4f-4520-aea5-9c3fb525c39c@group-5C6E57934170-LeaderElection15] INFO  server.RaftServerConfigKeys (ConfUtils.java:logGet(43)) - raft.server.staging.catchup.gap = 1000 (default)
2019-10-20 06:19:50,029 [grpc-default-executor-0] INFO  impl.RaftServerImpl (RaftServerImpl.java:setRole(184)) - fe749939-5c4f-4520-aea5-9c3fb525c39c@group-3A0AD6DB8537: changes role from  FOLLOWER to FOLLOWER at term 1 for recognizeCandidate:92501a76-e5f9-437d-b0dc-6dcfbf7802b8
2019-10-20 06:19:50,034 [grpc-default-executor-4] INFO  impl.RoleInfo (RoleInfo.java:updateAndGet(143)) - 6c1327b8-5bfa-47cd-850a-df150bd7b196: start FollowerState
2019-10-20 06:19:50,034 [fe749939-5c4f-4520-aea5-9c3fb525c39c@group-5C6E57934170-LeaderElection15] INFO  server.RaftServerConfigKeys (ConfUtils.java:logGet(43)) - raft.server.rpc.sleep.time = 25ms (default)
2019-10-20 06:19:50,032 [Thread-314] INFO  impl.RaftServerImpl (RaftServerImpl.java:setRole(184)) - fe749939-5c4f-4520-aea5-9c3fb525c39c@group-466441C093D1: changes role from  FOLLOWER to CANDIDATE at term 6 for changeToCandidate
2019-10-20 06:19:50,034 [fe749939-5c4f-4520-aea5-9c3fb525c39c@group-5C6E57934170-LeaderElection15] INFO  server.RaftServerConfigKeys (ConfUtils.java:logGet(43)) - raft.server.write.element-limit = 4096 (default)
2019-10-20 06:19:50,034 [grpc-default-executor-0] INFO  impl.RoleInfo (RoleInfo.java:shutdownFollowerState(121)) - fe749939-5c4f-4520-aea5-9c3fb525c39c: shutdown FollowerState
2019-10-20 06:19:50,035 [Thread-314] INFO  impl.RoleInfo (RoleInfo.java:updateAndGet(143)) - fe749939-5c4f-4520-aea5-9c3fb525c39c: start LeaderElection
2019-10-20 06:19:50,034 [fe749939-5c4f-4520-aea5-9c3fb525c39c@group-5C6E57934170-LeaderElection15] INFO  server.RaftServerConfigKeys (ConfUtils.java:logGet(43)) - raft.server.watch.timeout = 10s (default)
2019-10-20 06:19:50,035 [grpc-default-executor-0] INFO  impl.RoleInfo (RoleInfo.java:updateAndGet(143)) - fe749939-5c4f-4520-aea5-9c3fb525c39c: start FollowerState
2019-10-20 06:19:50,035 [fe749939-5c4f-4520-aea5-9c3fb525c39c@group-5C6E57934170-LeaderElection15] INFO  server.RaftServerConfigKeys (ConfUtils.java:logGet(43)) - raft.server.watch.timeout.denomination = 1s (default)
2019-10-20 06:19:50,035 [fe749939-5c4f-4520-aea5-9c3fb525c39c@group-5C6E57934170-LeaderElection15] INFO  server.RaftServerConfigKeys (ConfUtils.java:logGet(43)) - raft.server.watch.element-limit = 65536 (default)
2019-10-20 06:19:50,036 [fe749939-5c4f-4520-aea5-9c3fb525c39c@group-5D45762F7765-LeaderElection16] INFO  impl.LeaderElection (LeaderElection.java:askForVotes(178)) - fe749939-5c4f-4520-aea5-9c3fb525c39c@group-5D45762F7765-LeaderElection16: begin an election at term 2 for -1: [92501a76-e5f9-437d-b0dc-6dcfbf7802b8:192.168.164.239:39204, 6c1327b8-5bfa-47cd-850a-df150bd7b196:192.168.164.239:34482, fe749939-5c4f-4520-aea5-9c3fb525c39c:192.168.164.239:41202], old=null
2019-10-20 06:19:50,038 [fe749939-5c4f-4520-aea5-9c3fb525c39c@group-5C6E57934170-LeaderElection15] INFO  server.RaftServerConfigKeys (ConfUtils.java:logGet(43)) - raft.server.log.appender.snapshot.chunk.size.max = 16MB (=16777216) (default)
2019-10-20 06:19:50,038 [fe749939-5c4f-4520-aea5-9c3fb525c39c@group-5C6E57934170-LeaderElection15] INFO  server.RaftServerConfigKeys (ConfUtils.java:logGet(43)) - raft.server.log.appender.buffer.byte-limit = 33554432 (custom)
2019-10-20 06:19:50,038 [fe749939-5c4f-4520-aea5-9c3fb525c39c@group-5C6E57934170-LeaderElection15] INFO  server.RaftServerConfigKeys (ConfUtils.java:logGet(43)) - raft.server.log.appender.buffer.element-limit = 1 (custom)
2019-10-20 06:19:50,038 [fe749939-5c4f-4520-aea5-9c3fb525c39c@group-5C6E57934170-LeaderElection15] INFO  grpc.GrpcConfigKeys$Server (ConfUtils.java:logGet(43)) - raft.grpc.server.leader.outstanding.appends.max = 128 (default)
2019-10-20 06:19:50,040 [fe749939-5c4f-4520-aea5-9c3fb525c39c@group-5C6E57934170-LeaderElection15] INFO  server.RaftServerConfigKeys (ConfUtils.java:logGet(43)) - raft.server.rpc.request.timeout = 3000ms (default)
2019-10-20 06:19:50,040 [fe749939-5c4f-4520-aea5-9c3fb525c39c@group-5C6E57934170-LeaderElection15] INFO  server.RaftServerConfigKeys (ConfUtils.java:logGet(43)) - raft.server.log.appender.install.snapshot.enabled = false (custom)
2019-10-20 06:19:50,040 [grpc-default-executor-3] INFO  impl.RaftServerImpl (RaftServerImpl.java:setRole(184)) - 6c1327b8-5bfa-47cd-850a-df150bd7b196@group-5D45762F7765: changes role from  FOLLOWER to FOLLOWER at term 2 for recognizeCandidate:fe749939-5c4f-4520-aea5-9c3fb525c39c
2019-10-20 06:19:50,040 [grpc-default-executor-3] INFO  impl.RoleInfo (RoleInfo.java:shutdownFollowerState(121)) - 6c1327b8-5bfa-47cd-850a-df150bd7b196: shutdown FollowerState
2019-10-20 06:19:50,040 [grpc-default-executor-7] INFO  impl.RaftServerImpl (RaftServerImpl.java:setRole(184)) - 92501a76-e5f9-437d-b0dc-6dcfbf7802b8@group-5D45762F7765: changes role from  FOLLOWER to FOLLOWER at term 2 for recognizeCandidate:fe749939-5c4f-4520-aea5-9c3fb525c39c
2019-10-20 06:19:50,040 [grpc-default-executor-3] INFO  impl.RoleInfo (RoleInfo.java:updateAndGet(143)) - 6c1327b8-5bfa-47cd-850a-df150bd7b196: start FollowerState
2019-10-20 06:19:50,041 [Thread-341] INFO  impl.FollowerState (FollowerState.java:run(117)) - 6c1327b8-5bfa-47cd-850a-df150bd7b196@group-5D45762F7765-FollowerState was interrupted: java.lang.InterruptedException: sleep interrupted
2019-10-20 06:19:50,041 [grpc-default-executor-7] INFO  impl.RoleInfo (RoleInfo.java:shutdownFollowerState(121)) - 92501a76-e5f9-437d-b0dc-6dcfbf7802b8: shutdown FollowerState
2019-10-20 06:19:50,042 [Thread-343] INFO  impl.FollowerState (FollowerState.java:run(117)) - 92501a76-e5f9-437d-b0dc-6dcfbf7802b8@group-5D45762F7765-FollowerState was interrupted: java.lang.InterruptedException: sleep interrupted
2019-10-20 06:19:50,042 [grpc-default-executor-7] INFO  impl.RoleInfo (RoleInfo.java:updateAndGet(143)) - 92501a76-e5f9-437d-b0dc-6dcfbf7802b8: start FollowerState
2019-10-20 06:19:50,044 [fe749939-5c4f-4520-aea5-9c3fb525c39c@group-5C6E57934170-LeaderElection15] INFO  server.RaftServerConfigKeys (ConfUtils.java:logGet(43)) - raft.server.log.appender.snapshot.chunk.size.max = 16MB (=16777216) (default)
2019-10-20 06:19:50,044 [fe749939-5c4f-4520-aea5-9c3fb525c39c@group-5C6E57934170-LeaderElection15] INFO  server.RaftServerConfigKeys (ConfUtils.java:logGet(43)) - raft.server.log.appender.buffer.byte-limit = 33554432 (custom)
2019-10-20 06:19:50,044 [6c1327b8-5bfa-47cd-850a-df150bd7b196@group-466441C093D1-SegmentedRaftLogWorker] INFO  segmented.SegmentedRaftLogWorker (SegmentedRaftLogWorker.java:execute(576)) - 6c1327b8-5bfa-47cd-850a-df150bd7b196@group-466441C093D1-SegmentedRaftLogWorker: created new log segment /workdir/hadoop-ozone/tools/target/test-dir/MiniOzoneClusterImpl-58b3a14b-8347-4dab-aab6-d610c62ac67a/datanode-1/data/ratis/4cf0ab31-3992-4fd1-ae57-466441c093d1/current/log_inprogress_0
2019-10-20 06:19:50,044 [fe749939-5c4f-4520-aea5-9c3fb525c39c@group-5C6E57934170-LeaderElection15] INFO  server.RaftServerConfigKeys (ConfUtils.java:logGet(43)) - raft.server.log.appender.buffer.element-limit = 1 (custom)
2019-10-20 06:19:50,044 [fe749939-5c4f-4520-aea5-9c3fb525c39c@group-5C6E57934170-LeaderElection15] INFO  grpc.GrpcConfigKeys$Server (ConfUtils.java:logGet(43)) - raft.grpc.server.leader.outstanding.appends.max = 128 (default)
2019-10-20 06:19:50,045 [fe749939-5c4f-4520-aea5-9c3fb525c39c@group-5C6E57934170-LeaderElection15] INFO  server.RaftServerConfigKeys (ConfUtils.java:logGet(43)) - raft.server.rpc.request.timeout = 3000ms (default)
2019-10-20 06:19:50,045 [fe749939-5c4f-4520-aea5-9c3fb525c39c@group-5C6E57934170-LeaderElection15] INFO  server.RaftServerConfigKeys (ConfUtils.java:logGet(43)) - raft.server.log.appender.install.snapshot.enabled = false (custom)
2019-10-20 06:19:50,047 [fe749939-5c4f-4520-aea5-9c3fb525c39c@group-5C6E57934170-LeaderElection15] INFO  impl.RoleInfo (RoleInfo.java:updateAndGet(143)) - fe749939-5c4f-4520-aea5-9c3fb525c39c: start LeaderState
2019-10-20 06:19:50,047 [fe749939-5c4f-4520-aea5-9c3fb525c39c@group-5C6E57934170-LeaderElection15] INFO  segmented.SegmentedRaftLogWorker (SegmentedRaftLogWorker.java:startLogSegment(385)) - fe749939-5c4f-4520-aea5-9c3fb525c39c@group-5C6E57934170-SegmentedRaftLogWorker: Starting segment from index:0
2019-10-20 06:19:50,048 [fe749939-5c4f-4520-aea5-9c3fb525c39c@group-5C6E57934170-LeaderElection15] INFO  impl.RaftServerImpl (ServerState.java:setRaftConf(357)) - fe749939-5c4f-4520-aea5-9c3fb525c39c@group-5C6E57934170: set configuration 0: [92501a76-e5f9-437d-b0dc-6dcfbf7802b8:192.168.164.239:39204, 6c1327b8-5bfa-47cd-850a-df150bd7b196:192.168.164.239:34482, fe749939-5c4f-4520-aea5-9c3fb525c39c:192.168.164.239:41202], old=null at 0
2019-10-20 06:19:50,055 [grpc-default-executor-5] INFO  impl.RaftServerImpl (RaftServerImpl.java:setRole(184)) - 92501a76-e5f9-437d-b0dc-6dcfbf7802b8@group-466441C093D1: changes role from CANDIDATE to FOLLOWER at term 6 for appendEntries
2019-10-20 06:19:50,079 [92501a76-e5f9-437d-b0dc-6dcfbf7802b8@group-518F4D5B86F1-LeaderElection19] INFO  impl.LeaderElection (LeaderElection.java:askForVotes(178)) - 92501a76-e5f9-437d-b0dc-6dcfbf7802b8@group-518F4D5B86F1-LeaderElection19: begin an election at term 1 for -1: [92501a76-e5f9-437d-b0dc-6dcfbf7802b8:192.168.164.239:39204], old=null
2019-10-20 06:19:50,079 [grpc-default-executor-5] INFO  impl.RoleInfo (RoleInfo.java:shutdownLeaderElection(134)) - 92501a76-e5f9-437d-b0dc-6dcfbf7802b8: shutdown LeaderElection
2019-10-20 06:19:50,079 [fe749939-5c4f-4520-aea5-9c3fb525c39c@group-466441C093D1-LeaderElection20] INFO  impl.LeaderElection (LeaderElection.java:askForVotes(178)) - fe749939-5c4f-4520-aea5-9c3fb525c39c@group-466441C093D1-LeaderElection20: begin an election at term 7 for -1: [92501a76-e5f9-437d-b0dc-6dcfbf7802b8:192.168.164.239:39204, 6c1327b8-5bfa-47cd-850a-df150bd7b196:192.168.164.239:34482, fe749939-5c4f-4520-aea5-9c3fb525c39c:192.168.164.239:41202], old=null
2019-10-20 06:19:50,079 [grpc-default-executor-8] INFO  impl.RaftServerImpl (ServerState.java:setLeader(256)) - 92501a76-e5f9-437d-b0dc-6dcfbf7802b8@group-5C6E57934170: change Leader from null to fe749939-5c4f-4520-aea5-9c3fb525c39c at term 5 for appendEntries, leader elected after 896ms
2019-10-20 06:19:50,055 [grpc-default-executor-2] INFO  impl.RaftServerImpl (ServerState.java:setLeader(256)) - 6c1327b8-5bfa-47cd-850a-df150bd7b196@group-5C6E57934170: change Leader from null to fe749939-5c4f-4520-aea5-9c3fb525c39c at term 5 for appendEntries, leader elected after 4529ms
2019-10-20 06:19:50,080 [grpc-default-executor-5] INFO  impl.RoleInfo (RoleInfo.java:updateAndGet(143)) - 92501a76-e5f9-437d-b0dc-6dcfbf7802b8: start FollowerState
2019-10-20 06:19:50,079 [92501a76-e5f9-437d-b0dc-6dcfbf7802b8@group-518F4D5B86F1-LeaderElection19] INFO  impl.RoleInfo (RoleInfo.java:shutdownLeaderElection(134)) - 92501a76-e5f9-437d-b0dc-6dcfbf7802b8: shutdown LeaderElection
2019-10-20 06:19:50,080 [grpc-default-executor-5] INFO  impl.RaftServerImpl (ServerState.java:setLeader(256)) - 92501a76-e5f9-437d-b0dc-6dcfbf7802b8@group-466441C093D1: change Leader from null to 6c1327b8-5bfa-47cd-850a-df150bd7b196 at term 6 for appendEntries, leader elected after 9555ms
2019-10-20 06:19:50,080 [92501a76-e5f9-437d-b0dc-6dcfbf7802b8@group-518F4D5B86F1-LeaderElection19] INFO  impl.RaftServerImpl (RaftServerImpl.java:setRole(184)) - 92501a76-e5f9-437d-b0dc-6dcfbf7802b8@group-518F4D5B86F1: changes role from CANDIDATE to LEADER at term 1 for changeToLeader
2019-10-20 06:19:50,081 [92501a76-e5f9-437d-b0dc-6dcfbf7802b8@group-518F4D5B86F1-LeaderElection19] INFO  impl.RaftServerImpl (ServerState.java:setLeader(256)) - 92501a76-e5f9-437d-b0dc-6dcfbf7802b8@group-518F4D5B86F1: change Leader from null to 92501a76-e5f9-437d-b0dc-6dcfbf7802b8 at term 1 for becomeLeader, leader elected after 4554ms
2019-10-20 06:19:50,082 [92501a76-e5f9-437d-b0dc-6dcfbf7802b8@group-518F4D5B86F1-LeaderElection19] INFO  server.RaftServerConfigKeys (ConfUtils.java:logGet(43)) - raft.server.staging.catchup.gap = 1000 (default)
2019-10-20 06:19:50,082 [92501a76-e5f9-437d-b0dc-6dcfbf7802b8@group-518F4D5B86F1-LeaderElection19] INFO  server.RaftServerConfigKeys (ConfUtils.java:logGet(43)) - raft.server.rpc.sleep.time = 25ms (default)
2019-10-20 06:19:50,082 [92501a76-e5f9-437d-b0dc-6dcfbf7802b8@group-518F4D5B86F1-LeaderElection19] INFO  server.RaftServerConfigKeys (ConfUtils.java:logGet(43)) - raft.server.write.element-limit = 4096 (default)
2019-10-20 06:19:50,083 [92501a76-e5f9-437d-b0dc-6dcfbf7802b8@group-518F4D5B86F1-LeaderElection19] INFO  server.RaftServerConfigKeys (ConfUtils.java:logGet(43)) - raft.server.watch.timeout = 10s (default)
2019-10-20 06:19:50,083 [92501a76-e5f9-437d-b0dc-6dcfbf7802b8@group-518F4D5B86F1-LeaderElection19] INFO  server.RaftServerConfigKeys (ConfUtils.java:logGet(43)) - raft.server.watch.timeout.denomination = 1s (default)
2019-10-20 06:19:50,083 [92501a76-e5f9-437d-b0dc-6dcfbf7802b8@group-518F4D5B86F1-LeaderElection19] INFO  server.RaftServerConfigKeys (ConfUtils.java:logGet(43)) - raft.server.watch.element-limit = 65536 (default)
2019-10-20 06:19:50,083 [92501a76-e5f9-437d-b0dc-6dcfbf7802b8@group-3A0AD6DB8537-LeaderElection17] INFO  impl.LeaderElection (LeaderElection.java:logAndReturn(56)) - 92501a76-e5f9-437d-b0dc-6dcfbf7802b8@group-3A0AD6DB8537-LeaderElection17: Election PASSED; received 2 response(s) [92501a76-e5f9-437d-b0dc-6dcfbf7802b8<-6c1327b8-5bfa-47cd-850a-df150bd7b196#0:FAIL-t1, 92501a76-e5f9-437d-b0dc-6dcfbf7802b8<-fe749939-5c4f-4520-aea5-9c3fb525c39c#0:OK-t1] and 0 exception(s); 92501a76-e5f9-437d-b0dc-6dcfbf7802b8@group-3A0AD6DB8537:t1, leader=null, voted=92501a76-e5f9-437d-b0dc-6dcfbf7802b8, raftlog=92501a76-e5f9-437d-b0dc-6dcfbf7802b8@group-3A0AD6DB8537-SegmentedRaftLog:OPENED:c-1,f-1,i0, conf=-1: [92501a76-e5f9-437d-b0dc-6dcfbf7802b8:192.168.164.239:39204, 6c1327b8-5bfa-47cd-850a-df150bd7b196:192.168.164.239:34482, fe749939-5c4f-4520-aea5-9c3fb525c39c:192.168.164.239:41202], old=null
2019-10-20 06:19:50,084 [fe749939-5c4f-4520-aea5-9c3fb525c39c@group-5D45762F7765-LeaderElection16] INFO  impl.LeaderElection (LeaderElection.java:logAndReturn(56)) - fe749939-5c4f-4520-aea5-9c3fb525c39c@group-5D45762F7765-LeaderElection16: Election PASSED; received 1 response(s) [fe749939-5c4f-4520-aea5-9c3fb525c39c<-6c1327b8-5bfa-47cd-850a-df150bd7b196#0:OK-t2] and 0 exception(s); fe749939-5c4f-4520-aea5-9c3fb525c39c@group-5D45762F7765:t2, leader=null, voted=fe749939-5c4f-4520-aea5-9c3fb525c39c, raftlog=fe749939-5c4f-4520-aea5-9c3fb525c39c@group-5D45762F7765-SegmentedRaftLog:OPENED:c-1,f-1,i0, conf=-1: [92501a76-e5f9-437d-b0dc-6dcfbf7802b8:192.168.164.239:39204, 6c1327b8-5bfa-47cd-850a-df150bd7b196:192.168.164.239:34482, fe749939-5c4f-4520-aea5-9c3fb525c39c:192.168.164.239:41202], old=null
2019-10-20 06:19:50,084 [fe749939-5c4f-4520-aea5-9c3fb525c39c@group-5D45762F7765-LeaderElection16] INFO  impl.RoleInfo (RoleInfo.java:shutdownLeaderElection(134)) - fe749939-5c4f-4520-aea5-9c3fb525c39c: shutdown LeaderElection
2019-10-20 06:19:50,084 [fe749939-5c4f-4520-aea5-9c3fb525c39c@group-5D45762F7765-LeaderElection16] INFO  impl.RaftServerImpl (RaftServerImpl.java:setRole(184)) - fe749939-5c4f-4520-aea5-9c3fb525c39c@group-5D45762F7765: changes role from CANDIDATE to LEADER at term 2 for changeToLeader
2019-10-20 06:19:50,084 [92501a76-e5f9-437d-b0dc-6dcfbf7802b8@group-3A0AD6DB8537-LeaderElection17] INFO  impl.RoleInfo (RoleInfo.java:shutdownLeaderElection(134)) - 92501a76-e5f9-437d-b0dc-6dcfbf7802b8: shutdown LeaderElection
2019-10-20 06:19:50,084 [fe749939-5c4f-4520-aea5-9c3fb525c39c@group-5D45762F7765-LeaderElection16] INFO  impl.RaftServerImpl (ServerState.java:setLeader(256)) - fe749939-5c4f-4520-aea5-9c3fb525c39c@group-5D45762F7765: change Leader from null to fe749939-5c4f-4520-aea5-9c3fb525c39c at term 2 for becomeLeader, leader elected after 260ms
2019-10-20 06:19:50,087 [92501a76-e5f9-437d-b0dc-6dcfbf7802b8@group-3A0AD6DB8537-LeaderElection17] INFO  impl.RaftServerImpl (RaftServerImpl.java:setRole(184)) - 92501a76-e5f9-437d-b0dc-6dcfbf7802b8@group-3A0AD6DB8537: changes role from CANDIDATE to LEADER at term 1 for changeToLeader
2019-10-20 06:19:50,087 [fe749939-5c4f-4520-aea5-9c3fb525c39c@group-5D45762F7765-LeaderElection16] INFO  server.RaftServerConfigKeys (ConfUtils.java:logGet(43)) - raft.server.staging.catchup.gap = 1000 (default)
2019-10-20 06:19:50,087 [92501a76-e5f9-437d-b0dc-6dcfbf7802b8@group-3A0AD6DB8537-LeaderElection17] INFO  impl.RaftServerImpl (ServerState.java:setLeader(256)) - 92501a76-e5f9-437d-b0dc-6dcfbf7802b8@group-3A0AD6DB8537: change Leader from null to 92501a76-e5f9-437d-b0dc-6dcfbf7802b8 at term 1 for becomeLeader, leader elected after 261ms
2019-10-20 06:19:50,087 [fe749939-5c4f-4520-aea5-9c3fb525c39c@group-5D45762F7765-LeaderElection16] INFO  server.RaftServerConfigKeys (ConfUtils.java:logGet(43)) - raft.server.rpc.sleep.time = 25ms (default)
2019-10-20 06:19:50,088 [92501a76-e5f9-437d-b0dc-6dcfbf7802b8@group-3A0AD6DB8537-LeaderElection17] INFO  server.RaftServerConfigKeys (ConfUtils.java:logGet(43)) - raft.server.staging.catchup.gap = 1000 (default)
2019-10-20 06:19:50,088 [92501a76-e5f9-437d-b0dc-6dcfbf7802b8@group-3A0AD6DB8537-LeaderElection17] INFO  server.RaftServerConfigKeys (ConfUtils.java:logGet(43)) - raft.server.rpc.sleep.time = 25ms (default)
2019-10-20 06:19:50,088 [fe749939-5c4f-4520-aea5-9c3fb525c39c@group-5D45762F7765-LeaderElection16] INFO  server.RaftServerConfigKeys (ConfUtils.java:logGet(43)) - raft.server.write.element-limit = 4096 (default)
2019-10-20 06:19:50,089 [fe749939-5c4f-4520-aea5-9c3fb525c39c@group-5D45762F7765-LeaderElection16] INFO  server.RaftServerConfigKeys (ConfUtils.java:logGet(43)) - raft.server.watch.timeout = 10s (default)
2019-10-20 06:19:50,089 [92501a76-e5f9-437d-b0dc-6dcfbf7802b8@group-3A0AD6DB8537-LeaderElection17] INFO  server.RaftServerConfigKeys (ConfUtils.java:logGet(43)) - raft.server.write.element-limit = 4096 (default)
2019-10-20 06:19:50,089 [fe749939-5c4f-4520-aea5-9c3fb525c39c@group-5D45762F7765-LeaderElection16] INFO  server.RaftServerConfigKeys (ConfUtils.java:logGet(43)) - raft.server.watch.timeout.denomination = 1s (default)
2019-10-20 06:19:50,091 [92501a76-e5f9-437d-b0dc-6dcfbf7802b8@group-3A0AD6DB8537-LeaderElection17] INFO  server.RaftServerConfigKeys (ConfUtils.java:logGet(43)) - raft.server.watch.timeout = 10s (default)
2019-10-20 06:19:50,091 [fe749939-5c4f-4520-aea5-9c3fb525c39c@group-5D45762F7765-LeaderElection16] INFO  server.RaftServerConfigKeys (ConfUtils.java:logGet(43)) - raft.server.watch.element-limit = 65536 (default)
2019-10-20 06:19:50,091 [92501a76-e5f9-437d-b0dc-6dcfbf7802b8@group-3A0AD6DB8537-LeaderElection17] INFO  server.RaftServerConfigKeys (ConfUtils.java:logGet(43)) - raft.server.watch.timeout.denomination = 1s (default)
2019-10-20 06:19:50,092 [92501a76-e5f9-437d-b0dc-6dcfbf7802b8@group-3A0AD6DB8537-LeaderElection17] INFO  server.RaftServerConfigKeys (ConfUtils.java:logGet(43)) - raft.server.watch.element-limit = 65536 (default)
2019-10-20 06:19:50,092 [92501a76-e5f9-437d-b0dc-6dcfbf7802b8@group-518F4D5B86F1-LeaderElection19] INFO  impl.RoleInfo (RoleInfo.java:updateAndGet(143)) - 92501a76-e5f9-437d-b0dc-6dcfbf7802b8: start LeaderState
2019-10-20 06:19:50,092 [92501a76-e5f9-437d-b0dc-6dcfbf7802b8@group-518F4D5B86F1-LeaderElection19] INFO  segmented.SegmentedRaftLogWorker (SegmentedRaftLogWorker.java:startLogSegment(385)) - 92501a76-e5f9-437d-b0dc-6dcfbf7802b8@group-518F4D5B86F1-SegmentedRaftLogWorker: Starting segment from index:0
2019-10-20 06:19:50,093 [92501a76-e5f9-437d-b0dc-6dcfbf7802b8@group-518F4D5B86F1-LeaderElection19] INFO  impl.RaftServerImpl (ServerState.java:setRaftConf(357)) - 92501a76-e5f9-437d-b0dc-6dcfbf7802b8@group-518F4D5B86F1: set configuration 0: [92501a76-e5f9-437d-b0dc-6dcfbf7802b8:192.168.164.239:39204], old=null at 0
2019-10-20 06:19:50,093 [Thread-327] INFO  impl.RaftServerImpl (ServerState.java:setLeader(256)) - 6c1327b8-5bfa-47cd-850a-df150bd7b196@group-466441C093D1: change Leader from 6c1327b8-5bfa-47cd-850a-df150bd7b196 to null at term 7 for updateCurrentTerm
2019-10-20 06:19:50,093 [Thread-327] INFO  impl.RaftServerImpl (RaftServerImpl.java:setRole(184)) - 6c1327b8-5bfa-47cd-850a-df150bd7b196@group-466441C093D1: changes role from    LEADER to FOLLOWER at term 7 for stepDown
2019-10-20 06:19:50,094 [Thread-327] INFO  impl.RoleInfo (RoleInfo.java:shutdownLeaderState(104)) - 6c1327b8-5bfa-47cd-850a-df150bd7b196: shutdown LeaderState
2019-10-20 06:19:50,130 [org.apache.ratis.server.impl.LogAppender$AppenderDaemon$$Lambda$462/843913483@58ff1180] WARN  server.GrpcLogAppender (GrpcLogAppender.java:mayWait(149)) - 6c1327b8-5bfa-47cd-850a-df150bd7b196@group-466441C093D1->fe749939-5c4f-4520-aea5-9c3fb525c39c-GrpcLogAppender: Wait interrupted by java.lang.InterruptedException
2019-10-20 06:19:50,130 [fe749939-5c4f-4520-aea5-9c3fb525c39c@group-5C6E57934170-SegmentedRaftLogWorker] INFO  segmented.SegmentedRaftLogWorker (SegmentedRaftLogWorker.java:execute(576)) - fe749939-5c4f-4520-aea5-9c3fb525c39c@group-5C6E57934170-SegmentedRaftLogWorker: created new log segment /workdir/hadoop-ozone/tools/target/test-dir/MiniOzoneClusterImpl-58b3a14b-8347-4dab-aab6-d610c62ac67a/datanode-4/data/ratis/9bd04ab9-614d-43d9-a580-5c6e57934170/current/log_inprogress_0
2019-10-20 06:19:50,131 [6c1327b8-5bfa-47cd-850a-df150bd7b196@group-3A0AD6DB8537-LeaderElection18] INFO  impl.LeaderElection (LeaderElection.java:askForVotes(178)) - 6c1327b8-5bfa-47cd-850a-df150bd7b196@group-3A0AD6DB8537-LeaderElection18: begin an election at term 2 for -1: [92501a76-e5f9-437d-b0dc-6dcfbf7802b8:192.168.164.239:39204, 6c1327b8-5bfa-47cd-850a-df150bd7b196:192.168.164.239:34482, fe749939-5c4f-4520-aea5-9c3fb525c39c:192.168.164.239:41202], old=null
2019-10-20 06:19:50,133 [Thread-357] INFO  impl.FollowerState (FollowerState.java:run(108)) - 6c1327b8-5bfa-47cd-850a-df150bd7b196@group-5D45762F7765-FollowerState: change to CANDIDATE, lastRpcTime:92ms, electionTimeout:68ms
2019-10-20 06:19:50,135 [Thread-327] INFO  impl.PendingRequests (PendingRequests.java:sendNotLeaderResponses(202)) - 6c1327b8-5bfa-47cd-850a-df150bd7b196@group-466441C093D1-PendingRequests: sendNotLeaderResponses
2019-10-20 06:19:50,133 [org.apache.ratis.server.impl.LogAppender$AppenderDaemon$$Lambda$462/843913483@3abdedb8] WARN  server.GrpcLogAppender (GrpcLogAppender.java:mayWait(149)) - 6c1327b8-5bfa-47cd-850a-df150bd7b196@group-466441C093D1->92501a76-e5f9-437d-b0dc-6dcfbf7802b8-GrpcLogAppender: Wait interrupted by java.lang.InterruptedException
2019-10-20 06:19:50,140 [Thread-357] INFO  impl.RoleInfo (RoleInfo.java:shutdownFollowerState(121)) - 6c1327b8-5bfa-47cd-850a-df150bd7b196: shutdown FollowerState
2019-10-20 06:19:50,140 [6c1327b8-5bfa-47cd-850a-df150bd7b196@group-3A0AD6DB8537-LeaderElection18] INFO  impl.LeaderElection (LeaderElection.java:logAndReturn(56)) - 6c1327b8-5bfa-47cd-850a-df150bd7b196@group-3A0AD6DB8537-LeaderElection18: Election REJECTED; received 0 response(s) [] and 0 exception(s); 6c1327b8-5bfa-47cd-850a-df150bd7b196@group-3A0AD6DB8537:t2, leader=null, voted=6c1327b8-5bfa-47cd-850a-df150bd7b196, raftlog=6c1327b8-5bfa-47cd-850a-df150bd7b196@group-3A0AD6DB8537-SegmentedRaftLog:OPENED:c-1,f-1,i0, conf=-1: [92501a76-e5f9-437d-b0dc-6dcfbf7802b8:192.168.164.239:39204, 6c1327b8-5bfa-47cd-850a-df150bd7b196:192.168.164.239:34482, fe749939-5c4f-4520-aea5-9c3fb525c39c:192.168.164.239:41202], old=null
2019-10-20 06:19:50,139 [Thread-358] INFO  impl.FollowerState (FollowerState.java:run(108)) - 92501a76-e5f9-437d-b0dc-6dcfbf7802b8@group-5D45762F7765-FollowerState: change to CANDIDATE, lastRpcTime:97ms, electionTimeout:92ms
2019-10-20 06:19:50,140 [Thread-357] INFO  impl.RaftServerImpl (RaftServerImpl.java:setRole(184)) - 6c1327b8-5bfa-47cd-850a-df150bd7b196@group-5D45762F7765: changes role from  FOLLOWER to CANDIDATE at term 2 for changeToCandidate
2019-10-20 06:19:50,143 [grpc-default-executor-0] INFO  impl.RaftServerImpl (ServerState.java:setLeader(256)) - 92501a76-e5f9-437d-b0dc-6dcfbf7802b8@group-466441C093D1: change Leader from 6c1327b8-5bfa-47cd-850a-df150bd7b196 to null at term 7 for updateCurrentTerm
2019-10-20 06:19:50,143 [Thread-357] INFO  impl.RoleInfo (RoleInfo.java:updateAndGet(143)) - 6c1327b8-5bfa-47cd-850a-df150bd7b196: start LeaderElection
2019-10-20 06:19:50,143 [grpc-default-executor-0] INFO  impl.RaftServerImpl (RaftServerImpl.java:setRole(184)) - 92501a76-e5f9-437d-b0dc-6dcfbf7802b8@group-466441C093D1: changes role from  FOLLOWER to FOLLOWER at term 7 for recognizeCandidate:fe749939-5c4f-4520-aea5-9c3fb525c39c
2019-10-20 06:19:50,144 [grpc-default-executor-0] INFO  impl.RoleInfo (RoleInfo.java:shutdownFollowerState(121)) - 92501a76-e5f9-437d-b0dc-6dcfbf7802b8: shutdown FollowerState
2019-10-20 06:19:50,144 [grpc-default-executor-0] INFO  impl.RoleInfo (RoleInfo.java:updateAndGet(143)) - 92501a76-e5f9-437d-b0dc-6dcfbf7802b8: start FollowerState
2019-10-20 06:19:50,144 [Thread-364] INFO  impl.FollowerState (FollowerState.java:run(117)) - 92501a76-e5f9-437d-b0dc-6dcfbf7802b8@group-466441C093D1-FollowerState was interrupted: java.lang.InterruptedException: sleep interrupted
2019-10-20 06:19:50,149 [Thread-327] INFO  impl.RoleInfo (RoleInfo.java:updateAndGet(143)) - 6c1327b8-5bfa-47cd-850a-df150bd7b196: start FollowerState
2019-10-20 06:19:50,149 [Thread-358] INFO  impl.RoleInfo (RoleInfo.java:shutdownFollowerState(121)) - 92501a76-e5f9-437d-b0dc-6dcfbf7802b8: shutdown FollowerState
2019-10-20 06:19:50,149 [Thread-353] INFO  impl.FollowerState (FollowerState.java:run(108)) - fe749939-5c4f-4520-aea5-9c3fb525c39c@group-3A0AD6DB8537-FollowerState: change to CANDIDATE, lastRpcTime:114ms, electionTimeout:114ms
2019-10-20 06:19:50,149 [grpc-default-executor-8] INFO  server.GrpcServerProtocolService (GrpcServerProtocolService.java:onCompleted(113)) - fe749939-5c4f-4520-aea5-9c3fb525c39c: Completed APPEND_ENTRIES, lastRequest: 6c1327b8-5bfa-47cd-850a-df150bd7b196->fe749939-5c4f-4520-aea5-9c3fb525c39c#0-t6, previous=(t:0, i:0), leaderCommit=-1, initializing? false, entries: <empty>
2019-10-20 06:19:50,149 [Thread-358] INFO  impl.RaftServerImpl (RaftServerImpl.java:setRole(184)) - 92501a76-e5f9-437d-b0dc-6dcfbf7802b8@group-5D45762F7765: changes role from  FOLLOWER to CANDIDATE at term 2 for changeToCandidate
2019-10-20 06:19:50,149 [grpc-default-executor-2] INFO  server.GrpcServerProtocolService (GrpcServerProtocolService.java:onCompleted(113)) - 92501a76-e5f9-437d-b0dc-6dcfbf7802b8: Completed APPEND_ENTRIES, lastRequest: 6c1327b8-5bfa-47cd-850a-df150bd7b196->92501a76-e5f9-437d-b0dc-6dcfbf7802b8#0-t6, previous=(t:0, i:0), leaderCommit=-1, initializing? false, entries: <empty>
2019-10-20 06:19:50,150 [Thread-358] INFO  impl.RoleInfo (RoleInfo.java:updateAndGet(143)) - 92501a76-e5f9-437d-b0dc-6dcfbf7802b8: start LeaderElection
2019-10-20 06:19:50,150 [Thread-353] INFO  impl.RoleInfo (RoleInfo.java:shutdownFollowerState(121)) - fe749939-5c4f-4520-aea5-9c3fb525c39c: shutdown FollowerState
2019-10-20 06:19:50,150 [fe749939-5c4f-4520-aea5-9c3fb525c39c@group-5D45762F7765-LeaderElection16] INFO  server.RaftServerConfigKeys (ConfUtils.java:logGet(43)) - raft.server.log.appender.snapshot.chunk.size.max = 16MB (=16777216) (default)
2019-10-20 06:19:50,150 [92501a76-e5f9-437d-b0dc-6dcfbf7802b8@group-3A0AD6DB8537-LeaderElection17] INFO  server.RaftServerConfigKeys (ConfUtils.java:logGet(43)) - raft.server.log.appender.snapshot.chunk.size.max = 16MB (=16777216) (default)
2019-10-20 06:19:50,150 [Thread-353] INFO  impl.RaftServerImpl (RaftServerImpl.java:setRole(184)) - fe749939-5c4f-4520-aea5-9c3fb525c39c@group-3A0AD6DB8537: changes role from  FOLLOWER to CANDIDATE at term 1 for changeToCandidate
2019-10-20 06:19:50,153 [pool-73-thread-3] ERROR freon.RandomKeyGenerator (RandomKeyGenerator.java:createKey(733)) - Exception while adding key: key-0-19266 in bucket: bucket-0-16585 of volume: vol-0-32608.
INTERNAL_ERROR org.apache.hadoop.ozone.om.exceptions.OMException: Allocated 4 blocks. Requested 5 blocks
	at org.apache.hadoop.ozone.om.protocolPB.OzoneManagerProtocolClientSideTranslatorPB.handleError(OzoneManagerProtocolClientSideTranslatorPB.java:732)
	at org.apache.hadoop.ozone.om.protocolPB.OzoneManagerProtocolClientSideTranslatorPB.openKey(OzoneManagerProtocolClientSideTranslatorPB.java:723)
	at sun.reflect.NativeMethodAccessorImpl.invoke0(Native Method)
	at sun.reflect.NativeMethodAccessorImpl.invoke(NativeMethodAccessorImpl.java:62)
	at sun.reflect.DelegatingMethodAccessorImpl.invoke(DelegatingMethodAccessorImpl.java:43)
	at java.lang.reflect.Method.invoke(Method.java:498)
	at org.apache.hadoop.hdds.tracing.TraceAllMethod.invoke(TraceAllMethod.java:66)
	at com.sun.proxy.$Proxy37.openKey(Unknown Source)
	at org.apache.hadoop.ozone.client.rpc.RpcClient.createKey(RpcClient.java:614)
	at org.apache.hadoop.ozone.client.OzoneBucket.createKey(OzoneBucket.java:325)
	at org.apache.hadoop.ozone.freon.RandomKeyGenerator.createKey(RandomKeyGenerator.java:695)
	at org.apache.hadoop.ozone.freon.RandomKeyGenerator.access$1100(RandomKeyGenerator.java:88)
	at org.apache.hadoop.ozone.freon.RandomKeyGenerator$ObjectCreator.run(RandomKeyGenerator.java:615)
	at java.util.concurrent.Executors$RunnableAdapter.call(Executors.java:511)
	at java.util.concurrent.FutureTask.run(FutureTask.java:266)
	at java.util.concurrent.ThreadPoolExecutor.runWorker(ThreadPoolExecutor.java:1149)
	at java.util.concurrent.ThreadPoolExecutor$Worker.run(ThreadPoolExecutor.java:624)
	at java.lang.Thread.run(Thread.java:748)
2019-10-20 06:19:50,152 [92501a76-e5f9-437d-b0dc-6dcfbf7802b8@group-3A0AD6DB8537-LeaderElection17] INFO  server.RaftServerConfigKeys (ConfUtils.java:logGet(43)) - raft.server.log.appender.buffer.byte-limit = 33554432 (custom)
2019-10-20 06:19:50,152 [fe749939-5c4f-4520-aea5-9c3fb525c39c@group-5D45762F7765-LeaderElection16] INFO  server.RaftServerConfigKeys (ConfUtils.java:logGet(43)) - raft.server.log.appender.buffer.byte-limit = 33554432 (custom)
2019-10-20 06:19:50,154 [92501a76-e5f9-437d-b0dc-6dcfbf7802b8@group-3A0AD6DB8537-LeaderElection17] INFO  server.RaftServerConfigKeys (ConfUtils.java:logGet(43)) - raft.server.log.appender.buffer.element-limit = 1 (custom)
2019-10-20 06:19:50,154 [92501a76-e5f9-437d-b0dc-6dcfbf7802b8@group-518F4D5B86F1-SegmentedRaftLogWorker] INFO  segmented.SegmentedRaftLogWorker (SegmentedRaftLogWorker.java:execute(576)) - 92501a76-e5f9-437d-b0dc-6dcfbf7802b8@group-518F4D5B86F1-SegmentedRaftLogWorker: created new log segment /workdir/hadoop-ozone/tools/target/test-dir/MiniOzoneClusterImpl-58b3a14b-8347-4dab-aab6-d610c62ac67a/datanode-3/data/ratis/3d9fe682-c764-4f6e-ae53-518f4d5b86f1/current/log_inprogress_0
2019-10-20 06:19:50,154 [grpc-default-executor-2] INFO  server.GrpcLogAppender (GrpcLogAppender.java:onCompleted(308)) - 6c1327b8-5bfa-47cd-850a-df150bd7b196@group-466441C093D1->fe749939-5c4f-4520-aea5-9c3fb525c39c-AppendLogResponseHandler: follower responses appendEntries COMPLETED
2019-10-20 06:19:50,154 [grpc-default-executor-8] INFO  server.GrpcLogAppender (GrpcLogAppender.java:onCompleted(308)) - 6c1327b8-5bfa-47cd-850a-df150bd7b196@group-466441C093D1->92501a76-e5f9-437d-b0dc-6dcfbf7802b8-AppendLogResponseHandler: follower responses appendEntries COMPLETED
2019-10-20 06:19:50,154 [Thread-353] INFO  impl.RoleInfo (RoleInfo.java:updateAndGet(143)) - fe749939-5c4f-4520-aea5-9c3fb525c39c: start LeaderElection
2019-10-20 06:19:50,155 [92501a76-e5f9-437d-b0dc-6dcfbf7802b8@group-3A0AD6DB8537-LeaderElection17] INFO  grpc.GrpcConfigKeys$Server (ConfUtils.java:logGet(43)) - raft.grpc.server.leader.outstanding.appends.max = 128 (default)
2019-10-20 06:19:50,155 [fe749939-5c4f-4520-aea5-9c3fb525c39c@group-5D45762F7765-LeaderElection16] INFO  server.RaftServerConfigKeys (ConfUtils.java:logGet(43)) - raft.server.log.appender.buffer.element-limit = 1 (custom)
2019-10-20 06:19:50,158 [grpc-default-executor-4] INFO  impl.RaftServerImpl (RaftServerImpl.java:setRole(184)) - fe749939-5c4f-4520-aea5-9c3fb525c39c@group-3A0AD6DB8537: changes role from CANDIDATE to FOLLOWER at term 2 for recognizeCandidate:6c1327b8-5bfa-47cd-850a-df150bd7b196
2019-10-20 06:19:50,157 [92501a76-e5f9-437d-b0dc-6dcfbf7802b8@group-3A0AD6DB8537-LeaderElection17] INFO  server.RaftServerConfigKeys (ConfUtils.java:logGet(43)) - raft.server.rpc.request.timeout = 3000ms (default)
2019-10-20 06:19:50,158 [grpc-default-executor-4] INFO  impl.RoleInfo (RoleInfo.java:shutdownLeaderElection(134)) - fe749939-5c4f-4520-aea5-9c3fb525c39c: shutdown LeaderElection
2019-10-20 06:19:50,158 [fe749939-5c4f-4520-aea5-9c3fb525c39c@group-5D45762F7765-LeaderElection16] INFO  grpc.GrpcConfigKeys$Server (ConfUtils.java:logGet(43)) - raft.grpc.server.leader.outstanding.appends.max = 128 (default)
2019-10-20 06:19:50,159 [grpc-default-executor-4] INFO  impl.RoleInfo (RoleInfo.java:updateAndGet(143)) - fe749939-5c4f-4520-aea5-9c3fb525c39c: start FollowerState
2019-10-20 06:19:50,159 [92501a76-e5f9-437d-b0dc-6dcfbf7802b8@group-3A0AD6DB8537-LeaderElection17] INFO  server.RaftServerConfigKeys (ConfUtils.java:logGet(43)) - raft.server.log.appender.install.snapshot.enabled = false (custom)
2019-10-20 06:19:50,159 [fe749939-5c4f-4520-aea5-9c3fb525c39c@group-5D45762F7765-LeaderElection16] INFO  server.RaftServerConfigKeys (ConfUtils.java:logGet(43)) - raft.server.rpc.request.timeout = 3000ms (default)
2019-10-20 06:19:50,159 [fe749939-5c4f-4520-aea5-9c3fb525c39c@group-5D45762F7765-LeaderElection16] INFO  server.RaftServerConfigKeys (ConfUtils.java:logGet(43)) - raft.server.log.appender.install.snapshot.enabled = false (custom)
2019-10-20 06:19:50,159 [grpc-default-executor-7] INFO  impl.RaftServerImpl (ServerState.java:setRaftConf(357)) - 6c1327b8-5bfa-47cd-850a-df150bd7b196@group-5C6E57934170: set configuration 0: [92501a76-e5f9-437d-b0dc-6dcfbf7802b8:192.168.164.239:39204, 6c1327b8-5bfa-47cd-850a-df150bd7b196:192.168.164.239:34482, fe749939-5c4f-4520-aea5-9c3fb525c39c:192.168.164.239:41202], old=null at 0
2019-10-20 06:19:50,160 [grpc-default-executor-3] INFO  impl.RaftServerImpl (ServerState.java:setRaftConf(357)) - 92501a76-e5f9-437d-b0dc-6dcfbf7802b8@group-5C6E57934170: set configuration 0: [92501a76-e5f9-437d-b0dc-6dcfbf7802b8:192.168.164.239:39204, 6c1327b8-5bfa-47cd-850a-df150bd7b196:192.168.164.239:34482, fe749939-5c4f-4520-aea5-9c3fb525c39c:192.168.164.239:41202], old=null at 0
2019-10-20 06:19:50,160 [grpc-default-executor-7] INFO  segmented.SegmentedRaftLogWorker (SegmentedRaftLogWorker.java:startLogSegment(385)) - 6c1327b8-5bfa-47cd-850a-df150bd7b196@group-5C6E57934170-SegmentedRaftLogWorker: Starting segment from index:0
2019-10-20 06:19:50,160 [grpc-default-executor-3] INFO  segmented.SegmentedRaftLogWorker (SegmentedRaftLogWorker.java:startLogSegment(385)) - 92501a76-e5f9-437d-b0dc-6dcfbf7802b8@group-5C6E57934170-SegmentedRaftLogWorker: Starting segment from index:0
2019-10-20 06:19:50,163 [92501a76-e5f9-437d-b0dc-6dcfbf7802b8@group-3A0AD6DB8537-LeaderElection17] INFO  server.RaftServerConfigKeys (ConfUtils.java:logGet(43)) - raft.server.log.appender.snapshot.chunk.size.max = 16MB (=16777216) (default)
2019-10-20 06:19:50,163 [92501a76-e5f9-437d-b0dc-6dcfbf7802b8@group-3A0AD6DB8537-LeaderElection17] INFO  server.RaftServerConfigKeys (ConfUtils.java:logGet(43)) - raft.server.log.appender.buffer.byte-limit = 33554432 (custom)
2019-10-20 06:19:50,163 [92501a76-e5f9-437d-b0dc-6dcfbf7802b8@group-3A0AD6DB8537-LeaderElection17] INFO  server.RaftServerConfigKeys (ConfUtils.java:logGet(43)) - raft.server.log.appender.buffer.element-limit = 1 (custom)
2019-10-20 06:19:50,163 [fe749939-5c4f-4520-aea5-9c3fb525c39c@group-5D45762F7765-LeaderElection16] INFO  server.RaftServerConfigKeys (ConfUtils.java:logGet(43)) - raft.server.log.appender.snapshot.chunk.size.max = 16MB (=16777216) (default)
2019-10-20 06:19:50,163 [92501a76-e5f9-437d-b0dc-6dcfbf7802b8@group-3A0AD6DB8537-LeaderElection17] INFO  grpc.GrpcConfigKeys$Server (ConfUtils.java:logGet(43)) - raft.grpc.server.leader.outstanding.appends.max = 128 (default)
2019-10-20 06:19:50,164 [fe749939-5c4f-4520-aea5-9c3fb525c39c@group-5D45762F7765-LeaderElection16] INFO  server.RaftServerConfigKeys (ConfUtils.java:logGet(43)) - raft.server.log.appender.buffer.byte-limit = 33554432 (custom)
2019-10-20 06:19:50,164 [92501a76-e5f9-437d-b0dc-6dcfbf7802b8@group-3A0AD6DB8537-LeaderElection17] INFO  server.RaftServerConfigKeys (ConfUtils.java:logGet(43)) - raft.server.rpc.request.timeout = 3000ms (default)
2019-10-20 06:19:50,164 [fe749939-5c4f-4520-aea5-9c3fb525c39c@group-5D45762F7765-LeaderElection16] INFO  server.RaftServerConfigKeys (ConfUtils.java:logGet(43)) - raft.server.log.appender.buffer.element-limit = 1 (custom)
2019-10-20 06:19:50,164 [92501a76-e5f9-437d-b0dc-6dcfbf7802b8@group-3A0AD6DB8537-LeaderElection17] INFO  server.RaftServerConfigKeys (ConfUtils.java:logGet(43)) - raft.server.log.appender.install.snapshot.enabled = false (custom)
2019-10-20 06:19:50,164 [fe749939-5c4f-4520-aea5-9c3fb525c39c@group-5D45762F7765-LeaderElection16] INFO  grpc.GrpcConfigKeys$Server (ConfUtils.java:logGet(43)) - raft.grpc.server.leader.outstanding.appends.max = 128 (default)
2019-10-20 06:19:50,164 [fe749939-5c4f-4520-aea5-9c3fb525c39c@group-5D45762F7765-LeaderElection16] INFO  server.RaftServerConfigKeys (ConfUtils.java:logGet(43)) - raft.server.rpc.request.timeout = 3000ms (default)
2019-10-20 06:19:50,165 [fe749939-5c4f-4520-aea5-9c3fb525c39c@group-5D45762F7765-LeaderElection16] INFO  server.RaftServerConfigKeys (ConfUtils.java:logGet(43)) - raft.server.log.appender.install.snapshot.enabled = false (custom)
2019-10-20 06:19:50,168 [92501a76-e5f9-437d-b0dc-6dcfbf7802b8@group-3A0AD6DB8537-LeaderElection17] INFO  impl.RoleInfo (RoleInfo.java:updateAndGet(143)) - 92501a76-e5f9-437d-b0dc-6dcfbf7802b8: start LeaderState
2019-10-20 06:19:50,168 [92501a76-e5f9-437d-b0dc-6dcfbf7802b8@group-3A0AD6DB8537-LeaderElection17] INFO  segmented.SegmentedRaftLogWorker (SegmentedRaftLogWorker.java:startLogSegment(385)) - 92501a76-e5f9-437d-b0dc-6dcfbf7802b8@group-3A0AD6DB8537-SegmentedRaftLogWorker: Starting segment from index:0
2019-10-20 06:19:50,168 [fe749939-5c4f-4520-aea5-9c3fb525c39c@group-5D45762F7765-LeaderElection16] INFO  impl.RoleInfo (RoleInfo.java:updateAndGet(143)) - fe749939-5c4f-4520-aea5-9c3fb525c39c: start LeaderState
2019-10-20 06:19:50,169 [fe749939-5c4f-4520-aea5-9c3fb525c39c@group-5D45762F7765-LeaderElection16] INFO  segmented.SegmentedRaftLogWorker (SegmentedRaftLogWorker.java:startLogSegment(385)) - fe749939-5c4f-4520-aea5-9c3fb525c39c@group-5D45762F7765-SegmentedRaftLogWorker: Starting segment from index:0
2019-10-20 06:19:50,169 [Thread-350] INFO  impl.FollowerState (FollowerState.java:run(108)) - 6c1327b8-5bfa-47cd-850a-df150bd7b196@group-3A0AD6DB8537-FollowerState: change to CANDIDATE, lastRpcTime:135ms, electionTimeout:135ms
2019-10-20 06:19:50,170 [92501a76-e5f9-437d-b0dc-6dcfbf7802b8@group-3A0AD6DB8537-LeaderElection17] INFO  impl.RaftServerImpl (ServerState.java:setRaftConf(357)) - 92501a76-e5f9-437d-b0dc-6dcfbf7802b8@group-3A0AD6DB8537: set configuration 0: [92501a76-e5f9-437d-b0dc-6dcfbf7802b8:192.168.164.239:39204, 6c1327b8-5bfa-47cd-850a-df150bd7b196:192.168.164.239:34482, fe749939-5c4f-4520-aea5-9c3fb525c39c:192.168.164.239:41202], old=null at 0
2019-10-20 06:19:50,170 [Thread-350] INFO  impl.RoleInfo (RoleInfo.java:shutdownFollowerState(121)) - 6c1327b8-5bfa-47cd-850a-df150bd7b196: shutdown FollowerState
2019-10-20 06:19:50,170 [fe749939-5c4f-4520-aea5-9c3fb525c39c@group-5D45762F7765-LeaderElection16] INFO  impl.RaftServerImpl (ServerState.java:setRaftConf(357)) - fe749939-5c4f-4520-aea5-9c3fb525c39c@group-5D45762F7765: set configuration 0: [92501a76-e5f9-437d-b0dc-6dcfbf7802b8:192.168.164.239:39204, 6c1327b8-5bfa-47cd-850a-df150bd7b196:192.168.164.239:34482, fe749939-5c4f-4520-aea5-9c3fb525c39c:192.168.164.239:41202], old=null at 0
2019-10-20 06:19:50,170 [grpc-default-executor-5] INFO  impl.RaftServerImpl (ServerState.java:setLeader(256)) - 92501a76-e5f9-437d-b0dc-6dcfbf7802b8@group-3A0AD6DB8537: change Leader from 92501a76-e5f9-437d-b0dc-6dcfbf7802b8 to null at term 2 for updateCurrentTerm
2019-10-20 06:19:50,170 [Thread-350] INFO  impl.RaftServerImpl (RaftServerImpl.java:setRole(184)) - 6c1327b8-5bfa-47cd-850a-df150bd7b196@group-3A0AD6DB8537: changes role from  FOLLOWER to CANDIDATE at term 2 for changeToCandidate
2019-10-20 06:19:50,170 [grpc-default-executor-5] INFO  impl.RaftServerImpl (RaftServerImpl.java:setRole(184)) - 92501a76-e5f9-437d-b0dc-6dcfbf7802b8@group-3A0AD6DB8537: changes role from    LEADER to FOLLOWER at term 2 for recognizeCandidate:6c1327b8-5bfa-47cd-850a-df150bd7b196
2019-10-20 06:19:50,170 [grpc-default-executor-5] INFO  impl.RoleInfo (RoleInfo.java:shutdownLeaderState(104)) - 92501a76-e5f9-437d-b0dc-6dcfbf7802b8: shutdown LeaderState
2019-10-20 06:19:50,171 [Thread-350] INFO  impl.RoleInfo (RoleInfo.java:updateAndGet(143)) - 6c1327b8-5bfa-47cd-850a-df150bd7b196: start LeaderElection
2019-10-20 06:19:50,203 [92501a76-e5f9-437d-b0dc-6dcfbf7802b8@group-5D45762F7765-LeaderElection22] INFO  impl.LeaderElection (LeaderElection.java:askForVotes(178)) - 92501a76-e5f9-437d-b0dc-6dcfbf7802b8@group-5D45762F7765-LeaderElection22: begin an election at term 3 for -1: [92501a76-e5f9-437d-b0dc-6dcfbf7802b8:192.168.164.239:39204, 6c1327b8-5bfa-47cd-850a-df150bd7b196:192.168.164.239:34482, fe749939-5c4f-4520-aea5-9c3fb525c39c:192.168.164.239:41202], old=null
2019-10-20 06:19:50,203 [6c1327b8-5bfa-47cd-850a-df150bd7b196@group-5D45762F7765-LeaderElection21] INFO  impl.LeaderElection (LeaderElection.java:askForVotes(178)) - 6c1327b8-5bfa-47cd-850a-df150bd7b196@group-5D45762F7765-LeaderElection21: begin an election at term 3 for -1: [92501a76-e5f9-437d-b0dc-6dcfbf7802b8:192.168.164.239:39204, 6c1327b8-5bfa-47cd-850a-df150bd7b196:192.168.164.239:34482, fe749939-5c4f-4520-aea5-9c3fb525c39c:192.168.164.239:41202], old=null
2019-10-20 06:19:50,208 [grpc-default-executor-6] INFO  impl.RaftServerImpl (RaftServerImpl.java:setRole(184)) - 6c1327b8-5bfa-47cd-850a-df150bd7b196@group-466441C093D1: changes role from  FOLLOWER to FOLLOWER at term 7 for recognizeCandidate:fe749939-5c4f-4520-aea5-9c3fb525c39c
2019-10-20 06:19:50,206 [grpc-default-executor-5] INFO  impl.PendingRequests (PendingRequests.java:sendNotLeaderResponses(202)) - 92501a76-e5f9-437d-b0dc-6dcfbf7802b8@group-3A0AD6DB8537-PendingRequests: sendNotLeaderResponses
2019-10-20 06:19:50,208 [grpc-default-executor-6] INFO  impl.RoleInfo (RoleInfo.java:shutdownFollowerState(121)) - 6c1327b8-5bfa-47cd-850a-df150bd7b196: shutdown FollowerState
2019-10-20 06:19:50,209 [org.apache.ratis.server.impl.LogAppender$AppenderDaemon$$Lambda$462/843913483@620c25cb] WARN  server.GrpcLogAppender (GrpcLogAppender.java:mayWait(149)) - 92501a76-e5f9-437d-b0dc-6dcfbf7802b8@group-3A0AD6DB8537->6c1327b8-5bfa-47cd-850a-df150bd7b196-GrpcLogAppender: Wait interrupted by java.lang.InterruptedException
2019-10-20 06:19:50,209 [grpc-default-executor-6] INFO  impl.RoleInfo (RoleInfo.java:updateAndGet(143)) - 6c1327b8-5bfa-47cd-850a-df150bd7b196: start FollowerState
2019-10-20 06:19:50,209 [grpc-default-executor-5] INFO  impl.RoleInfo (RoleInfo.java:updateAndGet(143)) - 92501a76-e5f9-437d-b0dc-6dcfbf7802b8: start FollowerState
2019-10-20 06:19:50,209 [Thread-377] INFO  impl.FollowerState (FollowerState.java:run(117)) - 6c1327b8-5bfa-47cd-850a-df150bd7b196@group-466441C093D1-FollowerState was interrupted: java.lang.InterruptedException: sleep interrupted
2019-10-20 06:19:50,213 [fe749939-5c4f-4520-aea5-9c3fb525c39c@group-466441C093D1-LeaderElection20] INFO  impl.LeaderElection (LeaderElection.java:logAndReturn(56)) - fe749939-5c4f-4520-aea5-9c3fb525c39c@group-466441C093D1-LeaderElection20: Election PASSED; received 1 response(s) [fe749939-5c4f-4520-aea5-9c3fb525c39c<-92501a76-e5f9-437d-b0dc-6dcfbf7802b8#0:OK-t7] and 0 exception(s); fe749939-5c4f-4520-aea5-9c3fb525c39c@group-466441C093D1:t7, leader=null, voted=fe749939-5c4f-4520-aea5-9c3fb525c39c, raftlog=fe749939-5c4f-4520-aea5-9c3fb525c39c@group-466441C093D1-SegmentedRaftLog:OPENED:c-1,f-1,i0, conf=-1: [92501a76-e5f9-437d-b0dc-6dcfbf7802b8:192.168.164.239:39204, 6c1327b8-5bfa-47cd-850a-df150bd7b196:192.168.164.239:34482, fe749939-5c4f-4520-aea5-9c3fb525c39c:192.168.164.239:41202], old=null
2019-10-20 06:19:50,215 [fe749939-5c4f-4520-aea5-9c3fb525c39c@group-466441C093D1-LeaderElection20] INFO  impl.RoleInfo (RoleInfo.java:shutdownLeaderElection(134)) - fe749939-5c4f-4520-aea5-9c3fb525c39c: shutdown LeaderElection
2019-10-20 06:19:50,215 [fe749939-5c4f-4520-aea5-9c3fb525c39c@group-466441C093D1-LeaderElection20] INFO  impl.RaftServerImpl (RaftServerImpl.java:setRole(184)) - fe749939-5c4f-4520-aea5-9c3fb525c39c@group-466441C093D1: changes role from CANDIDATE to LEADER at term 7 for changeToLeader
2019-10-20 06:19:50,215 [org.apache.ratis.server.impl.LogAppender$AppenderDaemon$$Lambda$462/843913483@532424e7] WARN  server.GrpcLogAppender (GrpcLogAppender.java:mayWait(149)) - 92501a76-e5f9-437d-b0dc-6dcfbf7802b8@group-3A0AD6DB8537->fe749939-5c4f-4520-aea5-9c3fb525c39c-GrpcLogAppender: Wait interrupted by java.lang.InterruptedException
2019-10-20 06:19:50,215 [fe749939-5c4f-4520-aea5-9c3fb525c39c@group-466441C093D1-LeaderElection20] INFO  impl.RaftServerImpl (ServerState.java:setLeader(256)) - fe749939-5c4f-4520-aea5-9c3fb525c39c@group-466441C093D1: change Leader from null to fe749939-5c4f-4520-aea5-9c3fb525c39c at term 7 for becomeLeader, leader elected after 9689ms
2019-10-20 06:19:50,217 [fe749939-5c4f-4520-aea5-9c3fb525c39c@group-466441C093D1-LeaderElection20] INFO  server.RaftServerConfigKeys (ConfUtils.java:logGet(43)) - raft.server.staging.catchup.gap = 1000 (default)
2019-10-20 06:19:50,217 [fe749939-5c4f-4520-aea5-9c3fb525c39c@group-466441C093D1-LeaderElection20] INFO  server.RaftServerConfigKeys (ConfUtils.java:logGet(43)) - raft.server.rpc.sleep.time = 25ms (default)
2019-10-20 06:19:50,218 [fe749939-5c4f-4520-aea5-9c3fb525c39c@group-466441C093D1-LeaderElection20] INFO  server.RaftServerConfigKeys (ConfUtils.java:logGet(43)) - raft.server.write.element-limit = 4096 (default)
2019-10-20 06:19:50,218 [fe749939-5c4f-4520-aea5-9c3fb525c39c@group-466441C093D1-LeaderElection20] INFO  server.RaftServerConfigKeys (ConfUtils.java:logGet(43)) - raft.server.watch.timeout = 10s (default)
2019-10-20 06:19:50,218 [fe749939-5c4f-4520-aea5-9c3fb525c39c@group-466441C093D1-LeaderElection20] INFO  server.RaftServerConfigKeys (ConfUtils.java:logGet(43)) - raft.server.watch.timeout.denomination = 1s (default)
2019-10-20 06:19:50,218 [fe749939-5c4f-4520-aea5-9c3fb525c39c@group-466441C093D1-LeaderElection20] INFO  server.RaftServerConfigKeys (ConfUtils.java:logGet(43)) - raft.server.watch.element-limit = 65536 (default)
2019-10-20 06:19:50,219 [Thread-371] INFO  impl.RaftServerImpl (ServerState.java:setLeader(256)) - fe749939-5c4f-4520-aea5-9c3fb525c39c@group-5D45762F7765: change Leader from fe749939-5c4f-4520-aea5-9c3fb525c39c to null at term 3 for updateCurrentTerm
2019-10-20 06:19:50,219 [Thread-371] INFO  impl.RaftServerImpl (RaftServerImpl.java:setRole(184)) - fe749939-5c4f-4520-aea5-9c3fb525c39c@group-5D45762F7765: changes role from    LEADER to FOLLOWER at term 3 for stepDown
2019-10-20 06:19:50,219 [Thread-371] INFO  impl.RoleInfo (RoleInfo.java:shutdownLeaderState(104)) - fe749939-5c4f-4520-aea5-9c3fb525c39c: shutdown LeaderState
2019-10-20 06:19:50,225 [Thread-371] INFO  impl.PendingRequests (PendingRequests.java:sendNotLeaderResponses(202)) - fe749939-5c4f-4520-aea5-9c3fb525c39c@group-5D45762F7765-PendingRequests: sendNotLeaderResponses
2019-10-20 06:19:50,225 [org.apache.ratis.server.impl.LogAppender$AppenderDaemon$$Lambda$462/843913483@2767f77d] WARN  server.GrpcLogAppender (GrpcLogAppender.java:mayWait(149)) - fe749939-5c4f-4520-aea5-9c3fb525c39c@group-5D45762F7765->92501a76-e5f9-437d-b0dc-6dcfbf7802b8-GrpcLogAppender: Wait interrupted by java.lang.InterruptedException
2019-10-20 06:19:50,225 [Thread-371] INFO  impl.RoleInfo (RoleInfo.java:updateAndGet(143)) - fe749939-5c4f-4520-aea5-9c3fb525c39c: start FollowerState
2019-10-20 06:19:50,226 [org.apache.ratis.server.impl.LogAppender$AppenderDaemon$$Lambda$462/843913483@76145ab7] WARN  server.GrpcLogAppender (GrpcLogAppender.java:mayWait(149)) - fe749939-5c4f-4520-aea5-9c3fb525c39c@group-5D45762F7765->6c1327b8-5bfa-47cd-850a-df150bd7b196-GrpcLogAppender: Wait interrupted by java.lang.InterruptedException
2019-10-20 06:19:50,226 [grpc-default-executor-3] INFO  server.GrpcServerProtocolService (GrpcServerProtocolService.java:onCompleted(113)) - 92501a76-e5f9-437d-b0dc-6dcfbf7802b8: Completed APPEND_ENTRIES, lastRequest: fe749939-5c4f-4520-aea5-9c3fb525c39c->92501a76-e5f9-437d-b0dc-6dcfbf7802b8#0-t2, previous=(t:0, i:0), leaderCommit=-1, initializing? false, entries: <empty>
2019-10-20 06:19:50,227 [92501a76-e5f9-437d-b0dc-6dcfbf7802b8@group-5D45762F7765-LeaderElection22] INFO  impl.LeaderElection (LeaderElection.java:logAndReturn(56)) - 92501a76-e5f9-437d-b0dc-6dcfbf7802b8@group-5D45762F7765-LeaderElection22: Election TIMEOUT; received 0 response(s) [] and 0 exception(s); 92501a76-e5f9-437d-b0dc-6dcfbf7802b8@group-5D45762F7765:t3, leader=null, voted=92501a76-e5f9-437d-b0dc-6dcfbf7802b8, raftlog=92501a76-e5f9-437d-b0dc-6dcfbf7802b8@group-5D45762F7765-SegmentedRaftLog:OPENED:c-1,f-1,i0, conf=-1: [92501a76-e5f9-437d-b0dc-6dcfbf7802b8:192.168.164.239:39204, 6c1327b8-5bfa-47cd-850a-df150bd7b196:192.168.164.239:34482, fe749939-5c4f-4520-aea5-9c3fb525c39c:192.168.164.239:41202], old=null
2019-10-20 06:19:50,227 [grpc-default-executor-7] INFO  server.GrpcServerProtocolService (GrpcServerProtocolService.java:onCompleted(113)) - 6c1327b8-5bfa-47cd-850a-df150bd7b196: Completed APPEND_ENTRIES, lastRequest: fe749939-5c4f-4520-aea5-9c3fb525c39c->6c1327b8-5bfa-47cd-850a-df150bd7b196#0-t2, previous=(t:0, i:0), leaderCommit=-1, initializing? false, entries: <empty>
2019-10-20 06:19:50,227 [grpc-default-executor-0] INFO  server.GrpcLogAppender (GrpcLogAppender.java:onCompleted(308)) - fe749939-5c4f-4520-aea5-9c3fb525c39c@group-5D45762F7765->92501a76-e5f9-437d-b0dc-6dcfbf7802b8-AppendLogResponseHandler: follower responses appendEntries COMPLETED
2019-10-20 06:19:50,231 [fe749939-5c4f-4520-aea5-9c3fb525c39c@group-466441C093D1-LeaderElection20] INFO  server.RaftServerConfigKeys (ConfUtils.java:logGet(43)) - raft.server.log.appender.snapshot.chunk.size.max = 16MB (=16777216) (default)
2019-10-20 06:19:50,231 [fe749939-5c4f-4520-aea5-9c3fb525c39c@group-466441C093D1-LeaderElection20] INFO  server.RaftServerConfigKeys (ConfUtils.java:logGet(43)) - raft.server.log.appender.buffer.byte-limit = 33554432 (custom)
2019-10-20 06:19:50,231 [fe749939-5c4f-4520-aea5-9c3fb525c39c@group-466441C093D1-LeaderElection20] INFO  server.RaftServerConfigKeys (ConfUtils.java:logGet(43)) - raft.server.log.appender.buffer.element-limit = 1 (custom)
2019-10-20 06:19:50,232 [fe749939-5c4f-4520-aea5-9c3fb525c39c@group-466441C093D1-LeaderElection20] INFO  grpc.GrpcConfigKeys$Server (ConfUtils.java:logGet(43)) - raft.grpc.server.leader.outstanding.appends.max = 128 (default)
2019-10-20 06:19:50,232 [fe749939-5c4f-4520-aea5-9c3fb525c39c@group-466441C093D1-LeaderElection20] INFO  server.RaftServerConfigKeys (ConfUtils.java:logGet(43)) - raft.server.rpc.request.timeout = 3000ms (default)
2019-10-20 06:19:50,232 [fe749939-5c4f-4520-aea5-9c3fb525c39c@group-466441C093D1-LeaderElection20] INFO  server.RaftServerConfigKeys (ConfUtils.java:logGet(43)) - raft.server.log.appender.install.snapshot.enabled = false (custom)
2019-10-20 06:19:50,236 [grpc-default-executor-2] INFO  impl.FollowerInfo (FollowerInfo.java:lambda$new$0(51)) - 6c1327b8-5bfa-47cd-850a-df150bd7b196@group-466441C093D1->fe749939-5c4f-4520-aea5-9c3fb525c39c: nextIndex: updateUnconditionally 0 -> 0
2019-10-20 06:19:50,237 [fe749939-5c4f-4520-aea5-9c3fb525c39c@group-466441C093D1-LeaderElection20] INFO  server.RaftServerConfigKeys (ConfUtils.java:logGet(43)) - raft.server.log.appender.snapshot.chunk.size.max = 16MB (=16777216) (default)
2019-10-20 06:19:50,237 [fe749939-5c4f-4520-aea5-9c3fb525c39c@group-466441C093D1-LeaderElection20] INFO  server.RaftServerConfigKeys (ConfUtils.java:logGet(43)) - raft.server.log.appender.buffer.byte-limit = 33554432 (custom)
2019-10-20 06:19:50,237 [fe749939-5c4f-4520-aea5-9c3fb525c39c@group-466441C093D1-LeaderElection20] INFO  server.RaftServerConfigKeys (ConfUtils.java:logGet(43)) - raft.server.log.appender.buffer.element-limit = 1 (custom)
2019-10-20 06:19:50,237 [fe749939-5c4f-4520-aea5-9c3fb525c39c@group-466441C093D1-LeaderElection20] INFO  grpc.GrpcConfigKeys$Server (ConfUtils.java:logGet(43)) - raft.grpc.server.leader.outstanding.appends.max = 128 (default)
2019-10-20 06:19:50,237 [fe749939-5c4f-4520-aea5-9c3fb525c39c@group-466441C093D1-LeaderElection20] INFO  server.RaftServerConfigKeys (ConfUtils.java:logGet(43)) - raft.server.rpc.request.timeout = 3000ms (default)
2019-10-20 06:19:50,237 [fe749939-5c4f-4520-aea5-9c3fb525c39c@group-466441C093D1-LeaderElection20] INFO  server.RaftServerConfigKeys (ConfUtils.java:logGet(43)) - raft.server.log.appender.install.snapshot.enabled = false (custom)
2019-10-20 06:19:50,239 [fe749939-5c4f-4520-aea5-9c3fb525c39c@group-5D45762F7765-SegmentedRaftLogWorker] INFO  segmented.SegmentedRaftLogWorker (SegmentedRaftLogWorker.java:execute(576)) - fe749939-5c4f-4520-aea5-9c3fb525c39c@group-5D45762F7765-SegmentedRaftLogWorker: created new log segment /workdir/hadoop-ozone/tools/target/test-dir/MiniOzoneClusterImpl-58b3a14b-8347-4dab-aab6-d610c62ac67a/datanode-4/data/ratis/4859694b-5929-4248-8761-5d45762f7765/current/log_inprogress_0
2019-10-20 06:19:50,239 [92501a76-e5f9-437d-b0dc-6dcfbf7802b8@group-5C6E57934170-SegmentedRaftLogWorker] INFO  segmented.SegmentedRaftLogWorker (SegmentedRaftLogWorker.java:execute(576)) - 92501a76-e5f9-437d-b0dc-6dcfbf7802b8@group-5C6E57934170-SegmentedRaftLogWorker: created new log segment /workdir/hadoop-ozone/tools/target/test-dir/MiniOzoneClusterImpl-58b3a14b-8347-4dab-aab6-d610c62ac67a/datanode-3/data/ratis/9bd04ab9-614d-43d9-a580-5c6e57934170/current/log_inprogress_0
2019-10-20 06:19:50,241 [6c1327b8-5bfa-47cd-850a-df150bd7b196@group-3A0AD6DB8537-LeaderElection24] INFO  impl.LeaderElection (LeaderElection.java:askForVotes(178)) - 6c1327b8-5bfa-47cd-850a-df150bd7b196@group-3A0AD6DB8537-LeaderElection24: begin an election at term 3 for -1: [92501a76-e5f9-437d-b0dc-6dcfbf7802b8:192.168.164.239:39204, 6c1327b8-5bfa-47cd-850a-df150bd7b196:192.168.164.239:34482, fe749939-5c4f-4520-aea5-9c3fb525c39c:192.168.164.239:41202], old=null
2019-10-20 06:19:50,242 [grpc-default-executor-6] INFO  server.GrpcServerProtocolService (GrpcServerProtocolService.java:onCompleted(113)) - fe749939-5c4f-4520-aea5-9c3fb525c39c: Completed APPEND_ENTRIES, lastRequest: 92501a76-e5f9-437d-b0dc-6dcfbf7802b8->fe749939-5c4f-4520-aea5-9c3fb525c39c#0-t1, previous=(t:0, i:0), leaderCommit=-1, initializing? false, entries: <empty>
2019-10-20 06:19:50,241 [grpc-default-executor-1] INFO  impl.RaftServerImpl (RaftServerImpl.java:setRole(184)) - fe749939-5c4f-4520-aea5-9c3fb525c39c@group-5D45762F7765: changes role from  FOLLOWER to FOLLOWER at term 3 for recognizeCandidate:92501a76-e5f9-437d-b0dc-6dcfbf7802b8
2019-10-20 06:19:50,241 [fe749939-5c4f-4520-aea5-9c3fb525c39c@group-466441C093D1-LeaderElection20] INFO  impl.RoleInfo (RoleInfo.java:updateAndGet(143)) - fe749939-5c4f-4520-aea5-9c3fb525c39c: start LeaderState
2019-10-20 06:19:50,241 [fe749939-5c4f-4520-aea5-9c3fb525c39c@group-3A0AD6DB8537-LeaderElection23] INFO  impl.LeaderElection (LeaderElection.java:askForVotes(178)) - fe749939-5c4f-4520-aea5-9c3fb525c39c@group-3A0AD6DB8537-LeaderElection23: begin an election at term 3 for -1: [92501a76-e5f9-437d-b0dc-6dcfbf7802b8:192.168.164.239:39204, 6c1327b8-5bfa-47cd-850a-df150bd7b196:192.168.164.239:34482, fe749939-5c4f-4520-aea5-9c3fb525c39c:192.168.164.239:41202], old=null
2019-10-20 06:19:50,239 [92501a76-e5f9-437d-b0dc-6dcfbf7802b8@group-5D45762F7765-LeaderElection22] INFO  impl.LeaderElection (LeaderElection.java:askForVotes(178)) - 92501a76-e5f9-437d-b0dc-6dcfbf7802b8@group-5D45762F7765-LeaderElection22: begin an election at term 4 for -1: [92501a76-e5f9-437d-b0dc-6dcfbf7802b8:192.168.164.239:39204, 6c1327b8-5bfa-47cd-850a-df150bd7b196:192.168.164.239:34482, fe749939-5c4f-4520-aea5-9c3fb525c39c:192.168.164.239:41202], old=null
2019-10-20 06:19:50,242 [fe749939-5c4f-4520-aea5-9c3fb525c39c@group-466441C093D1-LeaderElection20] INFO  segmented.SegmentedRaftLogWorker (SegmentedRaftLogWorker.java:startLogSegment(385)) - fe749939-5c4f-4520-aea5-9c3fb525c39c@group-466441C093D1-SegmentedRaftLogWorker: Starting segment from index:0
2019-10-20 06:19:50,239 [92501a76-e5f9-437d-b0dc-6dcfbf7802b8@group-3A0AD6DB8537-SegmentedRaftLogWorker] INFO  segmented.SegmentedRaftLogWorker (SegmentedRaftLogWorker.java:execute(576)) - 92501a76-e5f9-437d-b0dc-6dcfbf7802b8@group-3A0AD6DB8537-SegmentedRaftLogWorker: created new log segment /workdir/hadoop-ozone/tools/target/test-dir/MiniOzoneClusterImpl-58b3a14b-8347-4dab-aab6-d610c62ac67a/datanode-3/data/ratis/f0213d88-ec45-4d11-9beb-3a0ad6db8537/current/log_inprogress_0
2019-10-20 06:19:50,239 [6c1327b8-5bfa-47cd-850a-df150bd7b196@group-5C6E57934170-SegmentedRaftLogWorker] INFO  segmented.SegmentedRaftLogWorker (SegmentedRaftLogWorker.java:execute(576)) - 6c1327b8-5bfa-47cd-850a-df150bd7b196@group-5C6E57934170-SegmentedRaftLogWorker: created new log segment /workdir/hadoop-ozone/tools/target/test-dir/MiniOzoneClusterImpl-58b3a14b-8347-4dab-aab6-d610c62ac67a/datanode-1/data/ratis/9bd04ab9-614d-43d9-a580-5c6e57934170/current/log_inprogress_0
2019-10-20 06:19:50,242 [grpc-default-executor-1] INFO  impl.RoleInfo (RoleInfo.java:shutdownFollowerState(121)) - fe749939-5c4f-4520-aea5-9c3fb525c39c: shutdown FollowerState
2019-10-20 06:19:50,242 [grpc-default-executor-4] INFO  server.GrpcServerProtocolService (GrpcServerProtocolService.java:onCompleted(113)) - 6c1327b8-5bfa-47cd-850a-df150bd7b196: Completed APPEND_ENTRIES, lastRequest: 92501a76-e5f9-437d-b0dc-6dcfbf7802b8->6c1327b8-5bfa-47cd-850a-df150bd7b196#0-t1, previous=(t:0, i:0), leaderCommit=-1, initializing? false, entries: <empty>
2019-10-20 06:19:50,243 [Thread-396] INFO  impl.FollowerState (FollowerState.java:run(117)) - fe749939-5c4f-4520-aea5-9c3fb525c39c@group-5D45762F7765-FollowerState was interrupted: java.lang.InterruptedException: sleep interrupted
2019-10-20 06:19:50,243 [fe749939-5c4f-4520-aea5-9c3fb525c39c@group-3A0AD6DB8537-LeaderElection23] INFO  impl.LeaderElection (LeaderElection.java:logAndReturn(56)) - fe749939-5c4f-4520-aea5-9c3fb525c39c@group-3A0AD6DB8537-LeaderElection23: Election REJECTED; received 0 response(s) [] and 0 exception(s); fe749939-5c4f-4520-aea5-9c3fb525c39c@group-3A0AD6DB8537:t3, leader=null, voted=fe749939-5c4f-4520-aea5-9c3fb525c39c, raftlog=fe749939-5c4f-4520-aea5-9c3fb525c39c@group-3A0AD6DB8537-SegmentedRaftLog:OPENED:c-1,f-1,i0, conf=-1: [92501a76-e5f9-437d-b0dc-6dcfbf7802b8:192.168.164.239:39204, 6c1327b8-5bfa-47cd-850a-df150bd7b196:192.168.164.239:34482, fe749939-5c4f-4520-aea5-9c3fb525c39c:192.168.164.239:41202], old=null
2019-10-20 06:19:50,243 [grpc-default-executor-5] INFO  server.GrpcLogAppender (GrpcLogAppender.java:onCompleted(308)) - 92501a76-e5f9-437d-b0dc-6dcfbf7802b8@group-3A0AD6DB8537->fe749939-5c4f-4520-aea5-9c3fb525c39c-AppendLogResponseHandler: follower responses appendEntries COMPLETED
2019-10-20 06:19:50,243 [grpc-default-executor-1] INFO  impl.RoleInfo (RoleInfo.java:updateAndGet(143)) - fe749939-5c4f-4520-aea5-9c3fb525c39c: start FollowerState
2019-10-20 06:19:50,271 [Thread-382] INFO  impl.FollowerState (FollowerState.java:run(108)) - fe749939-5c4f-4520-aea5-9c3fb525c39c@group-3A0AD6DB8537-FollowerState: change to CANDIDATE, lastRpcTime:111ms, electionTimeout:87ms
2019-10-20 06:19:50,271 [Thread-382] INFO  impl.RoleInfo (RoleInfo.java:shutdownFollowerState(121)) - fe749939-5c4f-4520-aea5-9c3fb525c39c: shutdown FollowerState
2019-10-20 06:19:50,271 [grpc-default-executor-4] INFO  server.GrpcLogAppender (GrpcLogAppender.java:onCompleted(308)) - 92501a76-e5f9-437d-b0dc-6dcfbf7802b8@group-3A0AD6DB8537->6c1327b8-5bfa-47cd-850a-df150bd7b196-AppendLogResponseHandler: follower responses appendEntries COMPLETED
2019-10-20 06:19:50,271 [Thread-382] INFO  impl.RaftServerImpl (RaftServerImpl.java:setRole(184)) - fe749939-5c4f-4520-aea5-9c3fb525c39c@group-3A0AD6DB8537: changes role from  FOLLOWER to CANDIDATE at term 3 for changeToCandidate
2019-10-20 06:19:50,271 [fe749939-5c4f-4520-aea5-9c3fb525c39c@group-466441C093D1-LeaderElection20] INFO  impl.RaftServerImpl (ServerState.java:setRaftConf(357)) - fe749939-5c4f-4520-aea5-9c3fb525c39c@group-466441C093D1: set configuration 0: [92501a76-e5f9-437d-b0dc-6dcfbf7802b8:192.168.164.239:39204, 6c1327b8-5bfa-47cd-850a-df150bd7b196:192.168.164.239:34482, fe749939-5c4f-4520-aea5-9c3fb525c39c:192.168.164.239:41202], old=null at 0
2019-10-20 06:19:50,273 [Thread-382] INFO  impl.RoleInfo (RoleInfo.java:updateAndGet(143)) - fe749939-5c4f-4520-aea5-9c3fb525c39c: start LeaderElection
2019-10-20 06:19:50,271 [grpc-default-executor-8] INFO  impl.FollowerInfo (FollowerInfo.java:lambda$new$0(51)) - 6c1327b8-5bfa-47cd-850a-df150bd7b196@group-466441C093D1->92501a76-e5f9-437d-b0dc-6dcfbf7802b8: nextIndex: updateUnconditionally 0 -> 0
2019-10-20 06:19:50,271 [grpc-default-executor-3] INFO  server.GrpcLogAppender (GrpcLogAppender.java:onCompleted(308)) - fe749939-5c4f-4520-aea5-9c3fb525c39c@group-5D45762F7765->6c1327b8-5bfa-47cd-850a-df150bd7b196-AppendLogResponseHandler: follower responses appendEntries COMPLETED
2019-10-20 06:19:50,271 [grpc-default-executor-7] INFO  impl.RaftServerImpl (RaftServerImpl.java:setRole(184)) - fe749939-5c4f-4520-aea5-9c3fb525c39c@group-5D45762F7765: changes role from  FOLLOWER to FOLLOWER at term 3 for recognizeCandidate:6c1327b8-5bfa-47cd-850a-df150bd7b196
2019-10-20 06:19:50,275 [6c1327b8-5bfa-47cd-850a-df150bd7b196@group-5D45762F7765-LeaderElection21] INFO  impl.LeaderElection (LeaderElection.java:logAndReturn(56)) - 6c1327b8-5bfa-47cd-850a-df150bd7b196@group-5D45762F7765-LeaderElection21: Election TIMEOUT; received 1 response(s) [6c1327b8-5bfa-47cd-850a-df150bd7b196<-92501a76-e5f9-437d-b0dc-6dcfbf7802b8#0:FAIL-t3] and 0 exception(s); 6c1327b8-5bfa-47cd-850a-df150bd7b196@group-5D45762F7765:t3, leader=null, voted=6c1327b8-5bfa-47cd-850a-df150bd7b196, raftlog=6c1327b8-5bfa-47cd-850a-df150bd7b196@group-5D45762F7765-SegmentedRaftLog:OPENED:c-1,f-1,i0, conf=-1: [92501a76-e5f9-437d-b0dc-6dcfbf7802b8:192.168.164.239:39204, 6c1327b8-5bfa-47cd-850a-df150bd7b196:192.168.164.239:34482, fe749939-5c4f-4520-aea5-9c3fb525c39c:192.168.164.239:41202], old=null
2019-10-20 06:19:50,279 [grpc-default-executor-7] INFO  impl.RoleInfo (RoleInfo.java:shutdownFollowerState(121)) - fe749939-5c4f-4520-aea5-9c3fb525c39c: shutdown FollowerState
2019-10-20 06:19:50,279 [grpc-default-executor-7] INFO  impl.RoleInfo (RoleInfo.java:updateAndGet(143)) - fe749939-5c4f-4520-aea5-9c3fb525c39c: start FollowerState
2019-10-20 06:19:50,279 [Thread-406] INFO  impl.FollowerState (FollowerState.java:run(117)) - fe749939-5c4f-4520-aea5-9c3fb525c39c@group-5D45762F7765-FollowerState was interrupted: java.lang.InterruptedException: sleep interrupted
2019-10-20 06:19:50,283 [grpc-default-executor-5] INFO  impl.FollowerInfo (FollowerInfo.java:lambda$new$0(51)) - 92501a76-e5f9-437d-b0dc-6dcfbf7802b8@group-3A0AD6DB8537->fe749939-5c4f-4520-aea5-9c3fb525c39c: nextIndex: updateUnconditionally 0 -> 0
2019-10-20 06:19:50,287 [grpc-default-executor-1] INFO  impl.RaftServerImpl (ServerState.java:setLeader(256)) - 92501a76-e5f9-437d-b0dc-6dcfbf7802b8@group-466441C093D1: change Leader from null to fe749939-5c4f-4520-aea5-9c3fb525c39c at term 7 for appendEntries, leader elected after 143ms
2019-10-20 06:19:50,287 [grpc-default-executor-8] INFO  impl.RaftServerImpl (ServerState.java:setLeader(256)) - 6c1327b8-5bfa-47cd-850a-df150bd7b196@group-466441C093D1: change Leader from null to fe749939-5c4f-4520-aea5-9c3fb525c39c at term 7 for appendEntries, leader elected after 193ms
2019-10-20 06:19:50,293 [grpc-default-executor-8] INFO  impl.RaftServerImpl (ServerState.java:setRaftConf(357)) - 92501a76-e5f9-437d-b0dc-6dcfbf7802b8@group-466441C093D1: set configuration 0: [92501a76-e5f9-437d-b0dc-6dcfbf7802b8:192.168.164.239:39204, 6c1327b8-5bfa-47cd-850a-df150bd7b196:192.168.164.239:34482, fe749939-5c4f-4520-aea5-9c3fb525c39c:192.168.164.239:41202], old=null at 0
2019-10-20 06:19:50,293 [grpc-default-executor-8] INFO  segmented.SegmentedRaftLogWorker (SegmentedRaftLogWorker.java:startLogSegment(385)) - 92501a76-e5f9-437d-b0dc-6dcfbf7802b8@group-466441C093D1-SegmentedRaftLogWorker: Starting segment from index:0
2019-10-20 06:19:50,293 [grpc-default-executor-1] INFO  impl.RaftServerImpl (ServerState.java:setRaftConf(357)) - 6c1327b8-5bfa-47cd-850a-df150bd7b196@group-466441C093D1: set configuration 0: [92501a76-e5f9-437d-b0dc-6dcfbf7802b8:192.168.164.239:39204, 6c1327b8-5bfa-47cd-850a-df150bd7b196:192.168.164.239:34482, fe749939-5c4f-4520-aea5-9c3fb525c39c:192.168.164.239:41202], old=null at 0
2019-10-20 06:19:50,294 [grpc-default-executor-5] INFO  impl.RaftServerImpl (RaftServerImpl.java:setRole(184)) - 92501a76-e5f9-437d-b0dc-6dcfbf7802b8@group-3A0AD6DB8537: changes role from  FOLLOWER to FOLLOWER at term 3 for recognizeCandidate:6c1327b8-5bfa-47cd-850a-df150bd7b196
2019-10-20 06:19:50,294 [grpc-default-executor-5] INFO  impl.RoleInfo (RoleInfo.java:shutdownFollowerState(121)) - 92501a76-e5f9-437d-b0dc-6dcfbf7802b8: shutdown FollowerState
2019-10-20 06:19:50,294 [Thread-391] INFO  impl.FollowerState (FollowerState.java:run(117)) - 92501a76-e5f9-437d-b0dc-6dcfbf7802b8@group-3A0AD6DB8537-FollowerState was interrupted: java.lang.InterruptedException: sleep interrupted
2019-10-20 06:19:50,294 [grpc-default-executor-5] INFO  impl.RoleInfo (RoleInfo.java:updateAndGet(143)) - 92501a76-e5f9-437d-b0dc-6dcfbf7802b8: start FollowerState
2019-10-20 06:19:50,320 [fe749939-5c4f-4520-aea5-9c3fb525c39c@group-3A0AD6DB8537-LeaderElection25] INFO  impl.LeaderElection (LeaderElection.java:askForVotes(178)) - fe749939-5c4f-4520-aea5-9c3fb525c39c@group-3A0AD6DB8537-LeaderElection25: begin an election at term 4 for -1: [92501a76-e5f9-437d-b0dc-6dcfbf7802b8:192.168.164.239:39204, 6c1327b8-5bfa-47cd-850a-df150bd7b196:192.168.164.239:34482, fe749939-5c4f-4520-aea5-9c3fb525c39c:192.168.164.239:41202], old=null
2019-10-20 06:19:50,320 [6c1327b8-5bfa-47cd-850a-df150bd7b196@group-5D45762F7765-LeaderElection21] INFO  impl.LeaderElection (LeaderElection.java:askForVotes(178)) - 6c1327b8-5bfa-47cd-850a-df150bd7b196@group-5D45762F7765-LeaderElection21: begin an election at term 4 for -1: [92501a76-e5f9-437d-b0dc-6dcfbf7802b8:192.168.164.239:39204, 6c1327b8-5bfa-47cd-850a-df150bd7b196:192.168.164.239:34482, fe749939-5c4f-4520-aea5-9c3fb525c39c:192.168.164.239:41202], old=null
2019-10-20 06:19:50,320 [fe749939-5c4f-4520-aea5-9c3fb525c39c@group-466441C093D1-SegmentedRaftLogWorker] INFO  segmented.SegmentedRaftLogWorker (SegmentedRaftLogWorker.java:execute(576)) - fe749939-5c4f-4520-aea5-9c3fb525c39c@group-466441C093D1-SegmentedRaftLogWorker: created new log segment /workdir/hadoop-ozone/tools/target/test-dir/MiniOzoneClusterImpl-58b3a14b-8347-4dab-aab6-d610c62ac67a/datanode-4/data/ratis/4cf0ab31-3992-4fd1-ae57-466441c093d1/current/log_inprogress_0
2019-10-20 06:19:50,323 [6c1327b8-5bfa-47cd-850a-df150bd7b196@group-3A0AD6DB8537-LeaderElection24] INFO  impl.LeaderElection (LeaderElection.java:logAndReturn(56)) - 6c1327b8-5bfa-47cd-850a-df150bd7b196@group-3A0AD6DB8537-LeaderElection24: Election DISCOVERED_A_NEW_TERM; received 1 response(s) [6c1327b8-5bfa-47cd-850a-df150bd7b196<-fe749939-5c4f-4520-aea5-9c3fb525c39c#0:FAIL-t4] and 0 exception(s); 6c1327b8-5bfa-47cd-850a-df150bd7b196@group-3A0AD6DB8537:t3, leader=null, voted=6c1327b8-5bfa-47cd-850a-df150bd7b196, raftlog=6c1327b8-5bfa-47cd-850a-df150bd7b196@group-3A0AD6DB8537-SegmentedRaftLog:OPENED:c-1,f-1,i0, conf=-1: [92501a76-e5f9-437d-b0dc-6dcfbf7802b8:192.168.164.239:39204, 6c1327b8-5bfa-47cd-850a-df150bd7b196:192.168.164.239:34482, fe749939-5c4f-4520-aea5-9c3fb525c39c:192.168.164.239:41202], old=null
2019-10-20 06:19:50,323 [grpc-default-executor-4] INFO  impl.FollowerInfo (FollowerInfo.java:lambda$new$0(51)) - 92501a76-e5f9-437d-b0dc-6dcfbf7802b8@group-3A0AD6DB8537->6c1327b8-5bfa-47cd-850a-df150bd7b196: nextIndex: updateUnconditionally 0 -> 0
2019-10-20 06:19:50,323 [6c1327b8-5bfa-47cd-850a-df150bd7b196@group-3A0AD6DB8537-LeaderElection24] INFO  impl.RaftServerImpl (RaftServerImpl.java:setRole(184)) - 6c1327b8-5bfa-47cd-850a-df150bd7b196@group-3A0AD6DB8537: changes role from CANDIDATE to FOLLOWER at term 4 for DISCOVERED_A_NEW_TERM
2019-10-20 06:19:50,323 [grpc-default-executor-1] INFO  segmented.SegmentedRaftLogWorker (SegmentedRaftLogWorker.java:truncate(401)) - 6c1327b8-5bfa-47cd-850a-df150bd7b196@group-466441C093D1-SegmentedRaftLogWorker: Truncating segments toTruncate: null
  toDelete: [(0, 0) isOpen? true, length=0, newEndIndex=-1], start index 0
2019-10-20 06:19:50,324 [6c1327b8-5bfa-47cd-850a-df150bd7b196@group-3A0AD6DB8537-LeaderElection24] INFO  impl.RoleInfo (RoleInfo.java:shutdownLeaderElection(134)) - 6c1327b8-5bfa-47cd-850a-df150bd7b196: shutdown LeaderElection
2019-10-20 06:19:50,326 [6c1327b8-5bfa-47cd-850a-df150bd7b196@group-3A0AD6DB8537-LeaderElection24] INFO  impl.RoleInfo (RoleInfo.java:updateAndGet(143)) - 6c1327b8-5bfa-47cd-850a-df150bd7b196: start FollowerState
2019-10-20 06:19:50,326 [grpc-default-executor-1] INFO  segmented.SegmentedRaftLogWorker (SegmentedRaftLogWorker.java:startLogSegment(385)) - 6c1327b8-5bfa-47cd-850a-df150bd7b196@group-466441C093D1-SegmentedRaftLogWorker: Starting segment from index:0
2019-10-20 06:19:50,327 [grpc-default-executor-7] INFO  impl.RaftServerImpl (RaftServerImpl.java:setRole(184)) - fe749939-5c4f-4520-aea5-9c3fb525c39c@group-5D45762F7765: changes role from  FOLLOWER to FOLLOWER at term 4 for recognizeCandidate:6c1327b8-5bfa-47cd-850a-df150bd7b196
2019-10-20 06:19:50,327 [grpc-default-executor-7] INFO  impl.RoleInfo (RoleInfo.java:shutdownFollowerState(121)) - fe749939-5c4f-4520-aea5-9c3fb525c39c: shutdown FollowerState
2019-10-20 06:19:50,327 [Thread-411] INFO  impl.FollowerState (FollowerState.java:run(117)) - fe749939-5c4f-4520-aea5-9c3fb525c39c@group-5D45762F7765-FollowerState was interrupted: java.lang.InterruptedException: sleep interrupted
2019-10-20 06:19:50,327 [grpc-default-executor-7] INFO  impl.RoleInfo (RoleInfo.java:updateAndGet(143)) - fe749939-5c4f-4520-aea5-9c3fb525c39c: start FollowerState
2019-10-20 06:19:50,328 [92501a76-e5f9-437d-b0dc-6dcfbf7802b8@group-5D45762F7765-LeaderElection22] INFO  impl.LeaderElection (LeaderElection.java:logAndReturn(56)) - 92501a76-e5f9-437d-b0dc-6dcfbf7802b8@group-5D45762F7765-LeaderElection22: Election TIMEOUT; received 1 response(s) [92501a76-e5f9-437d-b0dc-6dcfbf7802b8<-6c1327b8-5bfa-47cd-850a-df150bd7b196#0:FAIL-t4] and 0 exception(s); 92501a76-e5f9-437d-b0dc-6dcfbf7802b8@group-5D45762F7765:t4, leader=null, voted=92501a76-e5f9-437d-b0dc-6dcfbf7802b8, raftlog=92501a76-e5f9-437d-b0dc-6dcfbf7802b8@group-5D45762F7765-SegmentedRaftLog:OPENED:c-1,f-1,i0, conf=-1: [92501a76-e5f9-437d-b0dc-6dcfbf7802b8:192.168.164.239:39204, 6c1327b8-5bfa-47cd-850a-df150bd7b196:192.168.164.239:34482, fe749939-5c4f-4520-aea5-9c3fb525c39c:192.168.164.239:41202], old=null
2019-10-20 06:19:50,329 [6c1327b8-5bfa-47cd-850a-df150bd7b196@group-466441C093D1-SegmentedRaftLogWorker] INFO  segmented.SegmentedRaftLogWorker (SegmentedRaftLogWorker.java:execute(640)) - 6c1327b8-5bfa-47cd-850a-df150bd7b196@group-466441C093D1-SegmentedRaftLogWorker: Deleted log file /workdir/hadoop-ozone/tools/target/test-dir/MiniOzoneClusterImpl-58b3a14b-8347-4dab-aab6-d610c62ac67a/datanode-1/data/ratis/4cf0ab31-3992-4fd1-ae57-466441c093d1/current/log_inprogress_0
2019-10-20 06:19:50,330 [6c1327b8-5bfa-47cd-850a-df150bd7b196@group-466441C093D1-SegmentedRaftLogWorker] INFO  segmented.SegmentedRaftLogWorker (SegmentedRaftLogWorker.java:lambda$new$0(128)) - 6c1327b8-5bfa-47cd-850a-df150bd7b196@group-466441C093D1-SegmentedRaftLogWorker: flushIndex: setUnconditionally 0 -> -1
2019-10-20 06:19:50,363 [92501a76-e5f9-437d-b0dc-6dcfbf7802b8@group-466441C093D1-SegmentedRaftLogWorker] INFO  segmented.SegmentedRaftLogWorker (SegmentedRaftLogWorker.java:execute(576)) - 92501a76-e5f9-437d-b0dc-6dcfbf7802b8@group-466441C093D1-SegmentedRaftLogWorker: created new log segment /workdir/hadoop-ozone/tools/target/test-dir/MiniOzoneClusterImpl-58b3a14b-8347-4dab-aab6-d610c62ac67a/datanode-3/data/ratis/4cf0ab31-3992-4fd1-ae57-466441c093d1/current/log_inprogress_0
2019-10-20 06:19:50,364 [92501a76-e5f9-437d-b0dc-6dcfbf7802b8@group-5D45762F7765-LeaderElection22] INFO  impl.LeaderElection (LeaderElection.java:askForVotes(178)) - 92501a76-e5f9-437d-b0dc-6dcfbf7802b8@group-5D45762F7765-LeaderElection22: begin an election at term 5 for -1: [92501a76-e5f9-437d-b0dc-6dcfbf7802b8:192.168.164.239:39204, 6c1327b8-5bfa-47cd-850a-df150bd7b196:192.168.164.239:34482, fe749939-5c4f-4520-aea5-9c3fb525c39c:192.168.164.239:41202], old=null
2019-10-20 06:19:50,365 [grpc-default-executor-8] INFO  impl.RaftServerImpl (RaftServerImpl.java:setRole(184)) - fe749939-5c4f-4520-aea5-9c3fb525c39c@group-5D45762F7765: changes role from  FOLLOWER to FOLLOWER at term 4 for recognizeCandidate:92501a76-e5f9-437d-b0dc-6dcfbf7802b8
2019-10-20 06:19:50,365 [grpc-default-executor-9] INFO  impl.RaftServerImpl (RaftServerImpl.java:setRole(184)) - 92501a76-e5f9-437d-b0dc-6dcfbf7802b8@group-3A0AD6DB8537: changes role from  FOLLOWER to FOLLOWER at term 4 for recognizeCandidate:fe749939-5c4f-4520-aea5-9c3fb525c39c
2019-10-20 06:19:50,365 [Thread-420] INFO  impl.FollowerState (FollowerState.java:run(108)) - 6c1327b8-5bfa-47cd-850a-df150bd7b196@group-3A0AD6DB8537-FollowerState: change to CANDIDATE, lastRpcTime:38ms, electionTimeout:5ms
2019-10-20 06:19:50,365 [grpc-default-executor-9] INFO  impl.RoleInfo (RoleInfo.java:shutdownFollowerState(121)) - 92501a76-e5f9-437d-b0dc-6dcfbf7802b8: shutdown FollowerState
2019-10-20 06:19:50,365 [grpc-default-executor-8] INFO  impl.RoleInfo (RoleInfo.java:shutdownFollowerState(121)) - fe749939-5c4f-4520-aea5-9c3fb525c39c: shutdown FollowerState
2019-10-20 06:19:50,365 [Thread-415] INFO  impl.FollowerState (FollowerState.java:run(117)) - 92501a76-e5f9-437d-b0dc-6dcfbf7802b8@group-3A0AD6DB8537-FollowerState was interrupted: java.lang.InterruptedException: sleep interrupted
2019-10-20 06:19:50,366 [Thread-421] INFO  impl.FollowerState (FollowerState.java:run(117)) - fe749939-5c4f-4520-aea5-9c3fb525c39c@group-5D45762F7765-FollowerState was interrupted: java.lang.InterruptedException: sleep interrupted
2019-10-20 06:19:50,365 [grpc-default-executor-9] INFO  impl.RoleInfo (RoleInfo.java:updateAndGet(143)) - 92501a76-e5f9-437d-b0dc-6dcfbf7802b8: start FollowerState
2019-10-20 06:19:50,365 [Thread-420] INFO  impl.RoleInfo (RoleInfo.java:shutdownFollowerState(121)) - 6c1327b8-5bfa-47cd-850a-df150bd7b196: shutdown FollowerState
2019-10-20 06:19:50,366 [grpc-default-executor-8] INFO  impl.RoleInfo (RoleInfo.java:updateAndGet(143)) - fe749939-5c4f-4520-aea5-9c3fb525c39c: start FollowerState
2019-10-20 06:19:50,369 [Thread-420] INFO  impl.RaftServerImpl (RaftServerImpl.java:setRole(184)) - 6c1327b8-5bfa-47cd-850a-df150bd7b196@group-3A0AD6DB8537: changes role from  FOLLOWER to CANDIDATE at term 4 for changeToCandidate
2019-10-20 06:19:50,371 [Thread-420] INFO  impl.RoleInfo (RoleInfo.java:updateAndGet(143)) - 6c1327b8-5bfa-47cd-850a-df150bd7b196: start LeaderElection
2019-10-20 06:19:50,372 [grpc-default-executor-4] INFO  impl.RaftServerImpl (RaftServerImpl.java:setRole(184)) - 6c1327b8-5bfa-47cd-850a-df150bd7b196@group-3A0AD6DB8537: changes role from CANDIDATE to FOLLOWER at term 4 for recognizeCandidate:fe749939-5c4f-4520-aea5-9c3fb525c39c
2019-10-20 06:19:50,372 [grpc-default-executor-4] INFO  impl.RoleInfo (RoleInfo.java:shutdownLeaderElection(134)) - 6c1327b8-5bfa-47cd-850a-df150bd7b196: shutdown LeaderElection
2019-10-20 06:19:50,374 [grpc-default-executor-4] INFO  impl.RoleInfo (RoleInfo.java:updateAndGet(143)) - 6c1327b8-5bfa-47cd-850a-df150bd7b196: start FollowerState
2019-10-20 06:19:50,374 [6c1327b8-5bfa-47cd-850a-df150bd7b196@group-5D45762F7765-LeaderElection21] INFO  impl.LeaderElection (LeaderElection.java:logAndReturn(56)) - 6c1327b8-5bfa-47cd-850a-df150bd7b196@group-5D45762F7765-LeaderElection21: Election DISCOVERED_A_NEW_TERM; received 2 response(s) [6c1327b8-5bfa-47cd-850a-df150bd7b196<-92501a76-e5f9-437d-b0dc-6dcfbf7802b8#0:FAIL-t5, 6c1327b8-5bfa-47cd-850a-df150bd7b196<-fe749939-5c4f-4520-aea5-9c3fb525c39c#0:FAIL-t4] and 0 exception(s); 6c1327b8-5bfa-47cd-850a-df150bd7b196@group-5D45762F7765:t4, leader=null, voted=6c1327b8-5bfa-47cd-850a-df150bd7b196, raftlog=6c1327b8-5bfa-47cd-850a-df150bd7b196@group-5D45762F7765-SegmentedRaftLog:OPENED:c-1,f-1,i0, conf=-1: [92501a76-e5f9-437d-b0dc-6dcfbf7802b8:192.168.164.239:39204, 6c1327b8-5bfa-47cd-850a-df150bd7b196:192.168.164.239:34482, fe749939-5c4f-4520-aea5-9c3fb525c39c:192.168.164.239:41202], old=null
2019-10-20 06:19:50,374 [6c1327b8-5bfa-47cd-850a-df150bd7b196@group-5D45762F7765-LeaderElection21] INFO  impl.RaftServerImpl (RaftServerImpl.java:setRole(184)) - 6c1327b8-5bfa-47cd-850a-df150bd7b196@group-5D45762F7765: changes role from CANDIDATE to FOLLOWER at term 5 for DISCOVERED_A_NEW_TERM
2019-10-20 06:19:50,374 [6c1327b8-5bfa-47cd-850a-df150bd7b196@group-5D45762F7765-LeaderElection21] INFO  impl.RoleInfo (RoleInfo.java:shutdownLeaderElection(134)) - 6c1327b8-5bfa-47cd-850a-df150bd7b196: shutdown LeaderElection
2019-10-20 06:19:50,374 [6c1327b8-5bfa-47cd-850a-df150bd7b196@group-5D45762F7765-LeaderElection21] INFO  impl.RoleInfo (RoleInfo.java:updateAndGet(143)) - 6c1327b8-5bfa-47cd-850a-df150bd7b196: start FollowerState
2019-10-20 06:19:50,375 [grpc-default-executor-4] INFO  impl.RaftServerImpl (RaftServerImpl.java:setRole(184)) - fe749939-5c4f-4520-aea5-9c3fb525c39c@group-5D45762F7765: changes role from  FOLLOWER to FOLLOWER at term 5 for recognizeCandidate:92501a76-e5f9-437d-b0dc-6dcfbf7802b8
2019-10-20 06:19:50,376 [grpc-default-executor-4] INFO  impl.RoleInfo (RoleInfo.java:shutdownFollowerState(121)) - fe749939-5c4f-4520-aea5-9c3fb525c39c: shutdown FollowerState
2019-10-20 06:19:50,376 [Thread-425] INFO  impl.FollowerState (FollowerState.java:run(117)) - fe749939-5c4f-4520-aea5-9c3fb525c39c@group-5D45762F7765-FollowerState was interrupted: java.lang.InterruptedException: sleep interrupted
2019-10-20 06:19:50,376 [grpc-default-executor-4] INFO  impl.RoleInfo (RoleInfo.java:updateAndGet(143)) - fe749939-5c4f-4520-aea5-9c3fb525c39c: start FollowerState
2019-10-20 06:19:50,391 [6c1327b8-5bfa-47cd-850a-df150bd7b196@group-466441C093D1-SegmentedRaftLogWorker] INFO  segmented.SegmentedRaftLogWorker (SegmentedRaftLogWorker.java:execute(576)) - 6c1327b8-5bfa-47cd-850a-df150bd7b196@group-466441C093D1-SegmentedRaftLogWorker: created new log segment /workdir/hadoop-ozone/tools/target/test-dir/MiniOzoneClusterImpl-58b3a14b-8347-4dab-aab6-d610c62ac67a/datanode-1/data/ratis/4cf0ab31-3992-4fd1-ae57-466441c093d1/current/log_inprogress_0
2019-10-20 06:19:50,393 [fe749939-5c4f-4520-aea5-9c3fb525c39c@group-3A0AD6DB8537-LeaderElection25] INFO  impl.LeaderElection (LeaderElection.java:logAndReturn(56)) - fe749939-5c4f-4520-aea5-9c3fb525c39c@group-3A0AD6DB8537-LeaderElection25: Election REJECTED; received 2 response(s) [fe749939-5c4f-4520-aea5-9c3fb525c39c<-92501a76-e5f9-437d-b0dc-6dcfbf7802b8#0:FAIL-t4, fe749939-5c4f-4520-aea5-9c3fb525c39c<-6c1327b8-5bfa-47cd-850a-df150bd7b196#0:FAIL-t4] and 0 exception(s); fe749939-5c4f-4520-aea5-9c3fb525c39c@group-3A0AD6DB8537:t4, leader=null, voted=fe749939-5c4f-4520-aea5-9c3fb525c39c, raftlog=fe749939-5c4f-4520-aea5-9c3fb525c39c@group-3A0AD6DB8537-SegmentedRaftLog:OPENED:c-1,f-1,i0, conf=-1: [92501a76-e5f9-437d-b0dc-6dcfbf7802b8:192.168.164.239:39204, 6c1327b8-5bfa-47cd-850a-df150bd7b196:192.168.164.239:34482, fe749939-5c4f-4520-aea5-9c3fb525c39c:192.168.164.239:41202], old=null
2019-10-20 06:19:50,393 [fe749939-5c4f-4520-aea5-9c3fb525c39c@group-3A0AD6DB8537-LeaderElection25] INFO  impl.RaftServerImpl (RaftServerImpl.java:setRole(184)) - fe749939-5c4f-4520-aea5-9c3fb525c39c@group-3A0AD6DB8537: changes role from CANDIDATE to FOLLOWER at term 4 for DISCOVERED_A_NEW_TERM
2019-10-20 06:19:50,393 [fe749939-5c4f-4520-aea5-9c3fb525c39c@group-3A0AD6DB8537-LeaderElection25] INFO  impl.RoleInfo (RoleInfo.java:shutdownLeaderElection(134)) - fe749939-5c4f-4520-aea5-9c3fb525c39c: shutdown LeaderElection
2019-10-20 06:19:50,393 [fe749939-5c4f-4520-aea5-9c3fb525c39c@group-3A0AD6DB8537-LeaderElection25] INFO  impl.RoleInfo (RoleInfo.java:updateAndGet(143)) - fe749939-5c4f-4520-aea5-9c3fb525c39c: start FollowerState
2019-10-20 06:19:50,417 [grpc-default-executor-7] INFO  impl.RaftServerImpl (RaftServerImpl.java:setRole(184)) - 6c1327b8-5bfa-47cd-850a-df150bd7b196@group-5D45762F7765: changes role from  FOLLOWER to FOLLOWER at term 5 for recognizeCandidate:92501a76-e5f9-437d-b0dc-6dcfbf7802b8
2019-10-20 06:19:50,419 [grpc-default-executor-7] INFO  impl.RoleInfo (RoleInfo.java:shutdownFollowerState(121)) - 6c1327b8-5bfa-47cd-850a-df150bd7b196: shutdown FollowerState
2019-10-20 06:19:50,419 [grpc-default-executor-7] INFO  impl.RoleInfo (RoleInfo.java:updateAndGet(143)) - 6c1327b8-5bfa-47cd-850a-df150bd7b196: start FollowerState
2019-10-20 06:19:50,419 [Thread-428] INFO  impl.FollowerState (FollowerState.java:run(117)) - 6c1327b8-5bfa-47cd-850a-df150bd7b196@group-5D45762F7765-FollowerState was interrupted: java.lang.InterruptedException: sleep interrupted
2019-10-20 06:19:50,449 [92501a76-e5f9-437d-b0dc-6dcfbf7802b8@group-5D45762F7765-LeaderElection22] INFO  impl.LeaderElection (LeaderElection.java:logAndReturn(56)) - 92501a76-e5f9-437d-b0dc-6dcfbf7802b8@group-5D45762F7765-LeaderElection22: Election PASSED; received 2 response(s) [92501a76-e5f9-437d-b0dc-6dcfbf7802b8<-6c1327b8-5bfa-47cd-850a-df150bd7b196#0:OK-t5, 92501a76-e5f9-437d-b0dc-6dcfbf7802b8<-fe749939-5c4f-4520-aea5-9c3fb525c39c#0:FAIL-t5] and 0 exception(s); 92501a76-e5f9-437d-b0dc-6dcfbf7802b8@group-5D45762F7765:t5, leader=null, voted=92501a76-e5f9-437d-b0dc-6dcfbf7802b8, raftlog=92501a76-e5f9-437d-b0dc-6dcfbf7802b8@group-5D45762F7765-SegmentedRaftLog:OPENED:c-1,f-1,i0, conf=-1: [92501a76-e5f9-437d-b0dc-6dcfbf7802b8:192.168.164.239:39204, 6c1327b8-5bfa-47cd-850a-df150bd7b196:192.168.164.239:34482, fe749939-5c4f-4520-aea5-9c3fb525c39c:192.168.164.239:41202], old=null
2019-10-20 06:19:50,449 [92501a76-e5f9-437d-b0dc-6dcfbf7802b8@group-5D45762F7765-LeaderElection22] INFO  impl.RoleInfo (RoleInfo.java:shutdownLeaderElection(134)) - 92501a76-e5f9-437d-b0dc-6dcfbf7802b8: shutdown LeaderElection
2019-10-20 06:19:50,449 [92501a76-e5f9-437d-b0dc-6dcfbf7802b8@group-5D45762F7765-LeaderElection22] INFO  impl.RaftServerImpl (RaftServerImpl.java:setRole(184)) - 92501a76-e5f9-437d-b0dc-6dcfbf7802b8@group-5D45762F7765: changes role from CANDIDATE to LEADER at term 5 for changeToLeader
2019-10-20 06:19:50,449 [92501a76-e5f9-437d-b0dc-6dcfbf7802b8@group-5D45762F7765-LeaderElection22] INFO  impl.RaftServerImpl (ServerState.java:setLeader(256)) - 92501a76-e5f9-437d-b0dc-6dcfbf7802b8@group-5D45762F7765: change Leader from null to 92501a76-e5f9-437d-b0dc-6dcfbf7802b8 at term 5 for becomeLeader, leader elected after 554ms
2019-10-20 06:19:50,449 [92501a76-e5f9-437d-b0dc-6dcfbf7802b8@group-5D45762F7765-LeaderElection22] INFO  server.RaftServerConfigKeys (ConfUtils.java:logGet(43)) - raft.server.staging.catchup.gap = 1000 (default)
2019-10-20 06:19:50,450 [92501a76-e5f9-437d-b0dc-6dcfbf7802b8@group-5D45762F7765-LeaderElection22] INFO  server.RaftServerConfigKeys (ConfUtils.java:logGet(43)) - raft.server.rpc.sleep.time = 25ms (default)
2019-10-20 06:19:50,450 [92501a76-e5f9-437d-b0dc-6dcfbf7802b8@group-5D45762F7765-LeaderElection22] INFO  server.RaftServerConfigKeys (ConfUtils.java:logGet(43)) - raft.server.write.element-limit = 4096 (default)
2019-10-20 06:19:50,450 [92501a76-e5f9-437d-b0dc-6dcfbf7802b8@group-5D45762F7765-LeaderElection22] INFO  server.RaftServerConfigKeys (ConfUtils.java:logGet(43)) - raft.server.watch.timeout = 10s (default)
2019-10-20 06:19:50,450 [92501a76-e5f9-437d-b0dc-6dcfbf7802b8@group-5D45762F7765-LeaderElection22] INFO  server.RaftServerConfigKeys (ConfUtils.java:logGet(43)) - raft.server.watch.timeout.denomination = 1s (default)
2019-10-20 06:19:50,451 [92501a76-e5f9-437d-b0dc-6dcfbf7802b8@group-5D45762F7765-LeaderElection22] INFO  server.RaftServerConfigKeys (ConfUtils.java:logGet(43)) - raft.server.watch.element-limit = 65536 (default)
2019-10-20 06:19:50,451 [Thread-427] INFO  impl.FollowerState (FollowerState.java:run(108)) - 6c1327b8-5bfa-47cd-850a-df150bd7b196@group-3A0AD6DB8537-FollowerState: change to CANDIDATE, lastRpcTime:77ms, electionTimeout:77ms
2019-10-20 06:19:50,452 [Thread-427] INFO  impl.RoleInfo (RoleInfo.java:shutdownFollowerState(121)) - 6c1327b8-5bfa-47cd-850a-df150bd7b196: shutdown FollowerState
2019-10-20 06:19:50,452 [Thread-427] INFO  impl.RaftServerImpl (RaftServerImpl.java:setRole(184)) - 6c1327b8-5bfa-47cd-850a-df150bd7b196@group-3A0AD6DB8537: changes role from  FOLLOWER to CANDIDATE at term 4 for changeToCandidate
2019-10-20 06:19:50,453 [Thread-427] INFO  impl.RoleInfo (RoleInfo.java:updateAndGet(143)) - 6c1327b8-5bfa-47cd-850a-df150bd7b196: start LeaderElection
 100.00% |?????????????????????????????????????????????????????????????????????????????????????????????????????|  1/1 Time: 0:00:15
2019-10-20 06:19:50,461 [92501a76-e5f9-437d-b0dc-6dcfbf7802b8@group-5D45762F7765-LeaderElection22] INFO  server.RaftServerConfigKeys (ConfUtils.java:logGet(43)) - raft.server.log.appender.snapshot.chunk.size.max = 16MB (=16777216) (default)
2019-10-20 06:19:50,461 [92501a76-e5f9-437d-b0dc-6dcfbf7802b8@group-5D45762F7765-LeaderElection22] INFO  server.RaftServerConfigKeys (ConfUtils.java:logGet(43)) - raft.server.log.appender.buffer.byte-limit = 33554432 (custom)
2019-10-20 06:19:50,462 [92501a76-e5f9-437d-b0dc-6dcfbf7802b8@group-5D45762F7765-LeaderElection22] INFO  server.RaftServerConfigKeys (ConfUtils.java:logGet(43)) - raft.server.log.appender.buffer.element-limit = 1 (custom)
2019-10-20 06:19:50,462 [92501a76-e5f9-437d-b0dc-6dcfbf7802b8@group-5D45762F7765-LeaderElection22] INFO  grpc.GrpcConfigKeys$Server (ConfUtils.java:logGet(43)) - raft.grpc.server.leader.outstanding.appends.max = 128 (default)
2019-10-20 06:19:50,462 [92501a76-e5f9-437d-b0dc-6dcfbf7802b8@group-5D45762F7765-LeaderElection22] INFO  server.RaftServerConfigKeys (ConfUtils.java:logGet(43)) - raft.server.rpc.request.timeout = 3000ms (default)
2019-10-20 06:19:50,462 [92501a76-e5f9-437d-b0dc-6dcfbf7802b8@group-5D45762F7765-LeaderElection22] INFO  server.RaftServerConfigKeys (ConfUtils.java:logGet(43)) - raft.server.log.appender.install.snapshot.enabled = false (custom)
2019-10-20 06:19:50,466 [92501a76-e5f9-437d-b0dc-6dcfbf7802b8@group-5D45762F7765-LeaderElection22] INFO  server.RaftServerConfigKeys (ConfUtils.java:logGet(43)) - raft.server.log.appender.snapshot.chunk.size.max = 16MB (=16777216) (default)
2019-10-20 06:19:50,466 [92501a76-e5f9-437d-b0dc-6dcfbf7802b8@group-5D45762F7765-LeaderElection22] INFO  server.RaftServerConfigKeys (ConfUtils.java:logGet(43)) - raft.server.log.appender.buffer.byte-limit = 33554432 (custom)
2019-10-20 06:19:50,466 [92501a76-e5f9-437d-b0dc-6dcfbf7802b8@group-5D45762F7765-LeaderElection22] INFO  server.RaftServerConfigKeys (ConfUtils.java:logGet(43)) - raft.server.log.appender.buffer.element-limit = 1 (custom)
2019-10-20 06:19:50,466 [92501a76-e5f9-437d-b0dc-6dcfbf7802b8@group-5D45762F7765-LeaderElection22] INFO  grpc.GrpcConfigKeys$Server (ConfUtils.java:logGet(43)) - raft.grpc.server.leader.outstanding.appends.max = 128 (default)
2019-10-20 06:19:50,466 [92501a76-e5f9-437d-b0dc-6dcfbf7802b8@group-5D45762F7765-LeaderElection22] INFO  server.RaftServerConfigKeys (ConfUtils.java:logGet(43)) - raft.server.rpc.request.timeout = 3000ms (default)
2019-10-20 06:19:50,467 [92501a76-e5f9-437d-b0dc-6dcfbf7802b8@group-5D45762F7765-LeaderElection22] INFO  server.RaftServerConfigKeys (ConfUtils.java:logGet(43)) - raft.server.log.appender.install.snapshot.enabled = false (custom)
2019-10-20 06:19:50,470 [92501a76-e5f9-437d-b0dc-6dcfbf7802b8@group-5D45762F7765-LeaderElection22] INFO  impl.RoleInfo (RoleInfo.java:updateAndGet(143)) - 92501a76-e5f9-437d-b0dc-6dcfbf7802b8: start LeaderState
2019-10-20 06:19:50,470 [92501a76-e5f9-437d-b0dc-6dcfbf7802b8@group-5D45762F7765-LeaderElection22] INFO  segmented.SegmentedRaftLogWorker (SegmentedRaftLogWorker.java:startLogSegment(385)) - 92501a76-e5f9-437d-b0dc-6dcfbf7802b8@group-5D45762F7765-SegmentedRaftLogWorker: Starting segment from index:0
2019-10-20 06:19:50,471 [92501a76-e5f9-437d-b0dc-6dcfbf7802b8@group-5D45762F7765-LeaderElection22] INFO  impl.RaftServerImpl (ServerState.java:setRaftConf(357)) - 92501a76-e5f9-437d-b0dc-6dcfbf7802b8@group-5D45762F7765: set configuration 0: [92501a76-e5f9-437d-b0dc-6dcfbf7802b8:192.168.164.239:39204, 6c1327b8-5bfa-47cd-850a-df150bd7b196:192.168.164.239:34482, fe749939-5c4f-4520-aea5-9c3fb525c39c:192.168.164.239:41202], old=null at 0
2019-10-20 06:19:50,475 [grpc-default-executor-7] INFO  impl.RaftServerImpl (ServerState.java:setLeader(256)) - fe749939-5c4f-4520-aea5-9c3fb525c39c@group-5D45762F7765: change Leader from null to 92501a76-e5f9-437d-b0dc-6dcfbf7802b8 at term 5 for appendEntries, leader elected after 256ms
2019-10-20 06:19:50,475 [grpc-default-executor-4] INFO  impl.RaftServerImpl (ServerState.java:setLeader(256)) - 6c1327b8-5bfa-47cd-850a-df150bd7b196@group-5D45762F7765: change Leader from null to 92501a76-e5f9-437d-b0dc-6dcfbf7802b8 at term 5 for appendEntries, leader elected after 648ms
2019-10-20 06:19:50,481 [grpc-default-executor-7] INFO  impl.RaftServerImpl (ServerState.java:setRaftConf(357)) - fe749939-5c4f-4520-aea5-9c3fb525c39c@group-5D45762F7765: set configuration 0: [92501a76-e5f9-437d-b0dc-6dcfbf7802b8:192.168.164.239:39204, 6c1327b8-5bfa-47cd-850a-df150bd7b196:192.168.164.239:34482, fe749939-5c4f-4520-aea5-9c3fb525c39c:192.168.164.239:41202], old=null at 0
2019-10-20 06:19:50,481 [grpc-default-executor-7] INFO  segmented.SegmentedRaftLogWorker (SegmentedRaftLogWorker.java:truncate(401)) - fe749939-5c4f-4520-aea5-9c3fb525c39c@group-5D45762F7765-SegmentedRaftLogWorker: Truncating segments toTruncate: null
  toDelete: [(0, 0) isOpen? true, length=0, newEndIndex=-1], start index 0
2019-10-20 06:19:50,481 [grpc-default-executor-4] INFO  impl.RaftServerImpl (ServerState.java:setRaftConf(357)) - 6c1327b8-5bfa-47cd-850a-df150bd7b196@group-5D45762F7765: set configuration 0: [92501a76-e5f9-437d-b0dc-6dcfbf7802b8:192.168.164.239:39204, 6c1327b8-5bfa-47cd-850a-df150bd7b196:192.168.164.239:34482, fe749939-5c4f-4520-aea5-9c3fb525c39c:192.168.164.239:41202], old=null at 0
2019-10-20 06:19:50,481 [grpc-default-executor-7] INFO  segmented.SegmentedRaftLogWorker (SegmentedRaftLogWorker.java:startLogSegment(385)) - fe749939-5c4f-4520-aea5-9c3fb525c39c@group-5D45762F7765-SegmentedRaftLogWorker: Starting segment from index:0
2019-10-20 06:19:50,481 [grpc-default-executor-4] INFO  segmented.SegmentedRaftLogWorker (SegmentedRaftLogWorker.java:startLogSegment(385)) - 6c1327b8-5bfa-47cd-850a-df150bd7b196@group-5D45762F7765-SegmentedRaftLogWorker: Starting segment from index:0
2019-10-20 06:19:50,481 [6c1327b8-5bfa-47cd-850a-df150bd7b196@group-3A0AD6DB8537-LeaderElection27] INFO  impl.LeaderElection (LeaderElection.java:askForVotes(178)) - 6c1327b8-5bfa-47cd-850a-df150bd7b196@group-3A0AD6DB8537-LeaderElection27: begin an election at term 5 for -1: [92501a76-e5f9-437d-b0dc-6dcfbf7802b8:192.168.164.239:39204, 6c1327b8-5bfa-47cd-850a-df150bd7b196:192.168.164.239:34482, fe749939-5c4f-4520-aea5-9c3fb525c39c:192.168.164.239:41202], old=null
2019-10-20 06:19:50,482 [fe749939-5c4f-4520-aea5-9c3fb525c39c@group-5D45762F7765-SegmentedRaftLogWorker] INFO  segmented.SegmentedRaftLogWorker (SegmentedRaftLogWorker.java:execute(640)) - fe749939-5c4f-4520-aea5-9c3fb525c39c@group-5D45762F7765-SegmentedRaftLogWorker: Deleted log file /workdir/hadoop-ozone/tools/target/test-dir/MiniOzoneClusterImpl-58b3a14b-8347-4dab-aab6-d610c62ac67a/datanode-4/data/ratis/4859694b-5929-4248-8761-5d45762f7765/current/log_inprogress_0
2019-10-20 06:19:50,482 [fe749939-5c4f-4520-aea5-9c3fb525c39c@group-5D45762F7765-SegmentedRaftLogWorker] INFO  segmented.SegmentedRaftLogWorker (SegmentedRaftLogWorker.java:lambda$new$0(128)) - fe749939-5c4f-4520-aea5-9c3fb525c39c@group-5D45762F7765-SegmentedRaftLogWorker: flushIndex: setUnconditionally 0 -> -1
2019-10-20 06:19:50,523 [6c1327b8-5bfa-47cd-850a-df150bd7b196@group-3A0AD6DB8537-LeaderElection27] INFO  impl.LeaderElection (LeaderElection.java:logAndReturn(56)) - 6c1327b8-5bfa-47cd-850a-df150bd7b196@group-3A0AD6DB8537-LeaderElection27: Election TIMEOUT; received 0 response(s) [] and 0 exception(s); 6c1327b8-5bfa-47cd-850a-df150bd7b196@group-3A0AD6DB8537:t5, leader=null, voted=6c1327b8-5bfa-47cd-850a-df150bd7b196, raftlog=6c1327b8-5bfa-47cd-850a-df150bd7b196@group-3A0AD6DB8537-SegmentedRaftLog:OPENED:c-1,f-1,i0, conf=-1: [92501a76-e5f9-437d-b0dc-6dcfbf7802b8:192.168.164.239:39204, 6c1327b8-5bfa-47cd-850a-df150bd7b196:192.168.164.239:34482, fe749939-5c4f-4520-aea5-9c3fb525c39c:192.168.164.239:41202], old=null
2019-10-20 06:19:50,526 [grpc-default-executor-4] INFO  impl.RaftServerImpl (RaftServerImpl.java:setRole(184)) - fe749939-5c4f-4520-aea5-9c3fb525c39c@group-3A0AD6DB8537: changes role from  FOLLOWER to FOLLOWER at term 5 for recognizeCandidate:6c1327b8-5bfa-47cd-850a-df150bd7b196
2019-10-20 06:19:50,526 [grpc-default-executor-7] INFO  impl.RaftServerImpl (RaftServerImpl.java:setRole(184)) - 92501a76-e5f9-437d-b0dc-6dcfbf7802b8@group-3A0AD6DB8537: changes role from  FOLLOWER to FOLLOWER at term 5 for recognizeCandidate:6c1327b8-5bfa-47cd-850a-df150bd7b196
2019-10-20 06:19:50,526 [grpc-default-executor-4] INFO  impl.RoleInfo (RoleInfo.java:shutdownFollowerState(121)) - fe749939-5c4f-4520-aea5-9c3fb525c39c: shutdown FollowerState
2019-10-20 06:19:50,528 [grpc-default-executor-7] INFO  impl.RoleInfo (RoleInfo.java:shutdownFollowerState(121)) - 92501a76-e5f9-437d-b0dc-6dcfbf7802b8: shutdown FollowerState
2019-10-20 06:19:50,528 [grpc-default-executor-4] INFO  impl.RoleInfo (RoleInfo.java:updateAndGet(143)) - fe749939-5c4f-4520-aea5-9c3fb525c39c: start FollowerState
2019-10-20 06:19:50,528 [Thread-431] INFO  impl.FollowerState (FollowerState.java:run(117)) - fe749939-5c4f-4520-aea5-9c3fb525c39c@group-3A0AD6DB8537-FollowerState was interrupted: java.lang.InterruptedException: sleep interrupted
2019-10-20 06:19:50,528 [grpc-default-executor-7] INFO  impl.RoleInfo (RoleInfo.java:updateAndGet(143)) - 92501a76-e5f9-437d-b0dc-6dcfbf7802b8: start FollowerState
2019-10-20 06:19:50,528 [Thread-424] INFO  impl.FollowerState (FollowerState.java:run(117)) - 92501a76-e5f9-437d-b0dc-6dcfbf7802b8@group-3A0AD6DB8537-FollowerState was interrupted: java.lang.InterruptedException: sleep interrupted
2019-10-20 06:19:50,537 [fe749939-5c4f-4520-aea5-9c3fb525c39c@group-5D45762F7765-SegmentedRaftLogWorker] INFO  segmented.SegmentedRaftLogWorker (SegmentedRaftLogWorker.java:execute(576)) - fe749939-5c4f-4520-aea5-9c3fb525c39c@group-5D45762F7765-SegmentedRaftLogWorker: created new log segment /workdir/hadoop-ozone/tools/target/test-dir/MiniOzoneClusterImpl-58b3a14b-8347-4dab-aab6-d610c62ac67a/datanode-4/data/ratis/4859694b-5929-4248-8761-5d45762f7765/current/log_inprogress_0
2019-10-20 06:19:50,537 [6c1327b8-5bfa-47cd-850a-df150bd7b196@group-5D45762F7765-SegmentedRaftLogWorker] INFO  segmented.SegmentedRaftLogWorker (SegmentedRaftLogWorker.java:execute(576)) - 6c1327b8-5bfa-47cd-850a-df150bd7b196@group-5D45762F7765-SegmentedRaftLogWorker: created new log segment /workdir/hadoop-ozone/tools/target/test-dir/MiniOzoneClusterImpl-58b3a14b-8347-4dab-aab6-d610c62ac67a/datanode-1/data/ratis/4859694b-5929-4248-8761-5d45762f7765/current/log_inprogress_0
2019-10-20 06:19:50,537 [6c1327b8-5bfa-47cd-850a-df150bd7b196@group-3A0AD6DB8537-LeaderElection27] INFO  impl.LeaderElection (LeaderElection.java:askForVotes(178)) - 6c1327b8-5bfa-47cd-850a-df150bd7b196@group-3A0AD6DB8537-LeaderElection27: begin an election at term 6 for -1: [92501a76-e5f9-437d-b0dc-6dcfbf7802b8:192.168.164.239:39204, 6c1327b8-5bfa-47cd-850a-df150bd7b196:192.168.164.239:34482, fe749939-5c4f-4520-aea5-9c3fb525c39c:192.168.164.239:41202], old=null
2019-10-20 06:19:50,537 [92501a76-e5f9-437d-b0dc-6dcfbf7802b8@group-5D45762F7765-SegmentedRaftLogWorker] INFO  segmented.SegmentedRaftLogWorker (SegmentedRaftLogWorker.java:execute(576)) - 92501a76-e5f9-437d-b0dc-6dcfbf7802b8@group-5D45762F7765-SegmentedRaftLogWorker: created new log segment /workdir/hadoop-ozone/tools/target/test-dir/MiniOzoneClusterImpl-58b3a14b-8347-4dab-aab6-d610c62ac67a/datanode-3/data/ratis/4859694b-5929-4248-8761-5d45762f7765/current/log_inprogress_0
2019-10-20 06:19:50,559 [grpc-default-executor-8] INFO  impl.RaftServerImpl (RaftServerImpl.java:setRole(184)) - fe749939-5c4f-4520-aea5-9c3fb525c39c@group-3A0AD6DB8537: changes role from  FOLLOWER to FOLLOWER at term 6 for recognizeCandidate:6c1327b8-5bfa-47cd-850a-df150bd7b196
2019-10-20 06:19:50,559 [grpc-default-executor-8] INFO  impl.RoleInfo (RoleInfo.java:shutdownFollowerState(121)) - fe749939-5c4f-4520-aea5-9c3fb525c39c: shutdown FollowerState
2019-10-20 06:19:50,559 [grpc-default-executor-8] INFO  impl.RoleInfo (RoleInfo.java:updateAndGet(143)) - fe749939-5c4f-4520-aea5-9c3fb525c39c: start FollowerState
2019-10-20 06:19:50,559 [Thread-444] INFO  impl.FollowerState (FollowerState.java:run(117)) - fe749939-5c4f-4520-aea5-9c3fb525c39c@group-3A0AD6DB8537-FollowerState was interrupted: java.lang.InterruptedException: sleep interrupted
2019-10-20 06:19:50,560 [grpc-default-executor-9] INFO  impl.RaftServerImpl (RaftServerImpl.java:setRole(184)) - 92501a76-e5f9-437d-b0dc-6dcfbf7802b8@group-3A0AD6DB8537: changes role from  FOLLOWER to FOLLOWER at term 6 for recognizeCandidate:6c1327b8-5bfa-47cd-850a-df150bd7b196
2019-10-20 06:19:50,560 [grpc-default-executor-9] INFO  impl.RoleInfo (RoleInfo.java:shutdownFollowerState(121)) - 92501a76-e5f9-437d-b0dc-6dcfbf7802b8: shutdown FollowerState
2019-10-20 06:19:50,561 [grpc-default-executor-9] INFO  impl.RoleInfo (RoleInfo.java:updateAndGet(143)) - 92501a76-e5f9-437d-b0dc-6dcfbf7802b8: start FollowerState
2019-10-20 06:19:50,561 [Thread-445] INFO  impl.FollowerState (FollowerState.java:run(117)) - 92501a76-e5f9-437d-b0dc-6dcfbf7802b8@group-3A0AD6DB8537-FollowerState was interrupted: java.lang.InterruptedException: sleep interrupted
2019-10-20 06:19:50,584 [6c1327b8-5bfa-47cd-850a-df150bd7b196@group-3A0AD6DB8537-LeaderElection27] INFO  impl.LeaderElection (LeaderElection.java:logAndReturn(56)) - 6c1327b8-5bfa-47cd-850a-df150bd7b196@group-3A0AD6DB8537-LeaderElection27: Election PASSED; received 2 response(s) [6c1327b8-5bfa-47cd-850a-df150bd7b196<-92501a76-e5f9-437d-b0dc-6dcfbf7802b8#0:FAIL-t6, 6c1327b8-5bfa-47cd-850a-df150bd7b196<-fe749939-5c4f-4520-aea5-9c3fb525c39c#0:OK-t6] and 0 exception(s); 6c1327b8-5bfa-47cd-850a-df150bd7b196@group-3A0AD6DB8537:t6, leader=null, voted=6c1327b8-5bfa-47cd-850a-df150bd7b196, raftlog=6c1327b8-5bfa-47cd-850a-df150bd7b196@group-3A0AD6DB8537-SegmentedRaftLog:OPENED:c-1,f-1,i0, conf=-1: [92501a76-e5f9-437d-b0dc-6dcfbf7802b8:192.168.164.239:39204, 6c1327b8-5bfa-47cd-850a-df150bd7b196:192.168.164.239:34482, fe749939-5c4f-4520-aea5-9c3fb525c39c:192.168.164.239:41202], old=null
2019-10-20 06:19:50,584 [6c1327b8-5bfa-47cd-850a-df150bd7b196@group-3A0AD6DB8537-LeaderElection27] INFO  impl.RoleInfo (RoleInfo.java:shutdownLeaderElection(134)) - 6c1327b8-5bfa-47cd-850a-df150bd7b196: shutdown LeaderElection
2019-10-20 06:19:50,585 [6c1327b8-5bfa-47cd-850a-df150bd7b196@group-3A0AD6DB8537-LeaderElection27] INFO  impl.RaftServerImpl (RaftServerImpl.java:setRole(184)) - 6c1327b8-5bfa-47cd-850a-df150bd7b196@group-3A0AD6DB8537: changes role from CANDIDATE to LEADER at term 6 for changeToLeader
2019-10-20 06:19:50,585 [6c1327b8-5bfa-47cd-850a-df150bd7b196@group-3A0AD6DB8537-LeaderElection27] INFO  impl.RaftServerImpl (ServerState.java:setLeader(256)) - 6c1327b8-5bfa-47cd-850a-df150bd7b196@group-3A0AD6DB8537: change Leader from null to 6c1327b8-5bfa-47cd-850a-df150bd7b196 at term 6 for becomeLeader, leader elected after 1401ms
2019-10-20 06:19:50,585 [6c1327b8-5bfa-47cd-850a-df150bd7b196@group-3A0AD6DB8537-LeaderElection27] INFO  server.RaftServerConfigKeys (ConfUtils.java:logGet(43)) - raft.server.staging.catchup.gap = 1000 (default)
2019-10-20 06:19:50,585 [6c1327b8-5bfa-47cd-850a-df150bd7b196@group-3A0AD6DB8537-LeaderElection27] INFO  server.RaftServerConfigKeys (ConfUtils.java:logGet(43)) - raft.server.rpc.sleep.time = 25ms (default)
2019-10-20 06:19:50,586 [6c1327b8-5bfa-47cd-850a-df150bd7b196@group-3A0AD6DB8537-LeaderElection27] INFO  server.RaftServerConfigKeys (ConfUtils.java:logGet(43)) - raft.server.write.element-limit = 4096 (default)
2019-10-20 06:19:50,586 [6c1327b8-5bfa-47cd-850a-df150bd7b196@group-3A0AD6DB8537-LeaderElection27] INFO  server.RaftServerConfigKeys (ConfUtils.java:logGet(43)) - raft.server.watch.timeout = 10s (default)
2019-10-20 06:19:50,586 [6c1327b8-5bfa-47cd-850a-df150bd7b196@group-3A0AD6DB8537-LeaderElection27] INFO  server.RaftServerConfigKeys (ConfUtils.java:logGet(43)) - raft.server.watch.timeout.denomination = 1s (default)
2019-10-20 06:19:50,586 [6c1327b8-5bfa-47cd-850a-df150bd7b196@group-3A0AD6DB8537-LeaderElection27] INFO  server.RaftServerConfigKeys (ConfUtils.java:logGet(43)) - raft.server.watch.element-limit = 65536 (default)
2019-10-20 06:19:50,590 [6c1327b8-5bfa-47cd-850a-df150bd7b196@group-3A0AD6DB8537-LeaderElection27] INFO  server.RaftServerConfigKeys (ConfUtils.java:logGet(43)) - raft.server.log.appender.snapshot.chunk.size.max = 16MB (=16777216) (default)
2019-10-20 06:19:50,590 [6c1327b8-5bfa-47cd-850a-df150bd7b196@group-3A0AD6DB8537-LeaderElection27] INFO  server.RaftServerConfigKeys (ConfUtils.java:logGet(43)) - raft.server.log.appender.buffer.byte-limit = 33554432 (custom)
2019-10-20 06:19:50,590 [6c1327b8-5bfa-47cd-850a-df150bd7b196@group-3A0AD6DB8537-LeaderElection27] INFO  server.RaftServerConfigKeys (ConfUtils.java:logGet(43)) - raft.server.log.appender.buffer.element-limit = 1 (custom)
2019-10-20 06:19:50,591 [6c1327b8-5bfa-47cd-850a-df150bd7b196@group-3A0AD6DB8537-LeaderElection27] INFO  grpc.GrpcConfigKeys$Server (ConfUtils.java:logGet(43)) - raft.grpc.server.leader.outstanding.appends.max = 128 (default)
2019-10-20 06:19:50,591 [6c1327b8-5bfa-47cd-850a-df150bd7b196@group-3A0AD6DB8537-LeaderElection27] INFO  server.RaftServerConfigKeys (ConfUtils.java:logGet(43)) - raft.server.rpc.request.timeout = 3000ms (default)
2019-10-20 06:19:50,591 [6c1327b8-5bfa-47cd-850a-df150bd7b196@group-3A0AD6DB8537-LeaderElection27] INFO  server.RaftServerConfigKeys (ConfUtils.java:logGet(43)) - raft.server.log.appender.install.snapshot.enabled = false (custom)
2019-10-20 06:19:50,593 [6c1327b8-5bfa-47cd-850a-df150bd7b196@group-3A0AD6DB8537-LeaderElection27] INFO  server.RaftServerConfigKeys (ConfUtils.java:logGet(43)) - raft.server.log.appender.snapshot.chunk.size.max = 16MB (=16777216) (default)
2019-10-20 06:19:50,593 [6c1327b8-5bfa-47cd-850a-df150bd7b196@group-3A0AD6DB8537-LeaderElection27] INFO  server.RaftServerConfigKeys (ConfUtils.java:logGet(43)) - raft.server.log.appender.buffer.byte-limit = 33554432 (custom)
2019-10-20 06:19:50,594 [6c1327b8-5bfa-47cd-850a-df150bd7b196@group-3A0AD6DB8537-LeaderElection27] INFO  server.RaftServerConfigKeys (ConfUtils.java:logGet(43)) - raft.server.log.appender.buffer.element-limit = 1 (custom)
2019-10-20 06:19:50,594 [6c1327b8-5bfa-47cd-850a-df150bd7b196@group-3A0AD6DB8537-LeaderElection27] INFO  grpc.GrpcConfigKeys$Server (ConfUtils.java:logGet(43)) - raft.grpc.server.leader.outstanding.appends.max = 128 (default)
2019-10-20 06:19:50,594 [6c1327b8-5bfa-47cd-850a-df150bd7b196@group-3A0AD6DB8537-LeaderElection27] INFO  server.RaftServerConfigKeys (ConfUtils.java:logGet(43)) - raft.server.rpc.request.timeout = 3000ms (default)
2019-10-20 06:19:50,594 [6c1327b8-5bfa-47cd-850a-df150bd7b196@group-3A0AD6DB8537-LeaderElection27] INFO  server.RaftServerConfigKeys (ConfUtils.java:logGet(43)) - raft.server.log.appender.install.snapshot.enabled = false (custom)
2019-10-20 06:19:50,596 [6c1327b8-5bfa-47cd-850a-df150bd7b196@group-3A0AD6DB8537-LeaderElection27] INFO  impl.RoleInfo (RoleInfo.java:updateAndGet(143)) - 6c1327b8-5bfa-47cd-850a-df150bd7b196: start LeaderState
2019-10-20 06:19:50,596 [6c1327b8-5bfa-47cd-850a-df150bd7b196@group-3A0AD6DB8537-LeaderElection27] INFO  segmented.SegmentedRaftLogWorker (SegmentedRaftLogWorker.java:startLogSegment(385)) - 6c1327b8-5bfa-47cd-850a-df150bd7b196@group-3A0AD6DB8537-SegmentedRaftLogWorker: Starting segment from index:0
2019-10-20 06:19:50,597 [6c1327b8-5bfa-47cd-850a-df150bd7b196@group-3A0AD6DB8537-LeaderElection27] INFO  impl.RaftServerImpl (ServerState.java:setRaftConf(357)) - 6c1327b8-5bfa-47cd-850a-df150bd7b196@group-3A0AD6DB8537: set configuration 0: [92501a76-e5f9-437d-b0dc-6dcfbf7802b8:192.168.164.239:39204, 6c1327b8-5bfa-47cd-850a-df150bd7b196:192.168.164.239:34482, fe749939-5c4f-4520-aea5-9c3fb525c39c:192.168.164.239:41202], old=null at 0
2019-10-20 06:19:50,600 [grpc-default-executor-9] INFO  impl.RaftServerImpl (ServerState.java:setLeader(256)) - 92501a76-e5f9-437d-b0dc-6dcfbf7802b8@group-3A0AD6DB8537: change Leader from null to 6c1327b8-5bfa-47cd-850a-df150bd7b196 at term 6 for appendEntries, leader elected after 429ms
2019-10-20 06:19:50,626 [Thread-450] INFO  impl.FollowerState (FollowerState.java:run(108)) - fe749939-5c4f-4520-aea5-9c3fb525c39c@group-3A0AD6DB8537-FollowerState: change to CANDIDATE, lastRpcTime:67ms, electionTimeout:44ms
2019-10-20 06:19:50,628 [Thread-450] INFO  impl.RoleInfo (RoleInfo.java:shutdownFollowerState(121)) - fe749939-5c4f-4520-aea5-9c3fb525c39c: shutdown FollowerState
2019-10-20 06:19:50,628 [Thread-450] INFO  impl.RaftServerImpl (RaftServerImpl.java:setRole(184)) - fe749939-5c4f-4520-aea5-9c3fb525c39c@group-3A0AD6DB8537: changes role from  FOLLOWER to CANDIDATE at term 6 for changeToCandidate
2019-10-20 06:19:50,628 [Thread-450] INFO  impl.RoleInfo (RoleInfo.java:updateAndGet(143)) - fe749939-5c4f-4520-aea5-9c3fb525c39c: start LeaderElection
2019-10-20 06:19:50,628 [grpc-default-executor-8] INFO  impl.RaftServerImpl (RaftServerImpl.java:setRole(184)) - fe749939-5c4f-4520-aea5-9c3fb525c39c@group-3A0AD6DB8537: changes role from CANDIDATE to FOLLOWER at term 6 for appendEntries
2019-10-20 06:19:50,629 [grpc-default-executor-8] INFO  impl.RoleInfo (RoleInfo.java:shutdownLeaderElection(134)) - fe749939-5c4f-4520-aea5-9c3fb525c39c: shutdown LeaderElection
2019-10-20 06:19:50,629 [grpc-default-executor-8] INFO  impl.RoleInfo (RoleInfo.java:updateAndGet(143)) - fe749939-5c4f-4520-aea5-9c3fb525c39c: start FollowerState
2019-10-20 06:19:50,629 [grpc-default-executor-8] INFO  impl.RaftServerImpl (ServerState.java:setLeader(256)) - fe749939-5c4f-4520-aea5-9c3fb525c39c@group-3A0AD6DB8537: change Leader from null to 6c1327b8-5bfa-47cd-850a-df150bd7b196 at term 6 for appendEntries, leader elected after 1447ms
2019-10-20 06:19:50,629 [fe749939-5c4f-4520-aea5-9c3fb525c39c@group-3A0AD6DB8537-LeaderElection28] INFO  impl.RaftServerImpl (ServerState.java:setLeader(256)) - fe749939-5c4f-4520-aea5-9c3fb525c39c@group-3A0AD6DB8537: change Leader from 6c1327b8-5bfa-47cd-850a-df150bd7b196 to null at term 6 for initElection
2019-10-20 06:19:50,631 [grpc-default-executor-9] INFO  impl.RaftServerImpl (ServerState.java:setRaftConf(357)) - 92501a76-e5f9-437d-b0dc-6dcfbf7802b8@group-3A0AD6DB8537: set configuration 0: [92501a76-e5f9-437d-b0dc-6dcfbf7802b8:192.168.164.239:39204, 6c1327b8-5bfa-47cd-850a-df150bd7b196:192.168.164.239:34482, fe749939-5c4f-4520-aea5-9c3fb525c39c:192.168.164.239:41202], old=null at 0
2019-10-20 06:19:50,632 [grpc-default-executor-9] INFO  segmented.SegmentedRaftLogWorker (SegmentedRaftLogWorker.java:truncate(401)) - 92501a76-e5f9-437d-b0dc-6dcfbf7802b8@group-3A0AD6DB8537-SegmentedRaftLogWorker: Truncating segments toTruncate: null
  toDelete: [(0, 0) isOpen? true, length=0, newEndIndex=-1], start index 0
2019-10-20 06:19:50,632 [grpc-default-executor-9] INFO  segmented.SegmentedRaftLogWorker (SegmentedRaftLogWorker.java:startLogSegment(385)) - 92501a76-e5f9-437d-b0dc-6dcfbf7802b8@group-3A0AD6DB8537-SegmentedRaftLogWorker: Starting segment from index:0
2019-10-20 06:19:50,632 [92501a76-e5f9-437d-b0dc-6dcfbf7802b8@group-3A0AD6DB8537-SegmentedRaftLogWorker] INFO  segmented.SegmentedRaftLogWorker (SegmentedRaftLogWorker.java:execute(640)) - 92501a76-e5f9-437d-b0dc-6dcfbf7802b8@group-3A0AD6DB8537-SegmentedRaftLogWorker: Deleted log file /workdir/hadoop-ozone/tools/target/test-dir/MiniOzoneClusterImpl-58b3a14b-8347-4dab-aab6-d610c62ac67a/datanode-3/data/ratis/f0213d88-ec45-4d11-9beb-3a0ad6db8537/current/log_inprogress_0
2019-10-20 06:19:50,633 [92501a76-e5f9-437d-b0dc-6dcfbf7802b8@group-3A0AD6DB8537-SegmentedRaftLogWorker] INFO  segmented.SegmentedRaftLogWorker (SegmentedRaftLogWorker.java:lambda$new$0(128)) - 92501a76-e5f9-437d-b0dc-6dcfbf7802b8@group-3A0AD6DB8537-SegmentedRaftLogWorker: flushIndex: setUnconditionally 0 -> -1
2019-10-20 06:19:50,647 [6c1327b8-5bfa-47cd-850a-df150bd7b196@group-3A0AD6DB8537-SegmentedRaftLogWorker] INFO  segmented.SegmentedRaftLogWorker (SegmentedRaftLogWorker.java:execute(576)) - 6c1327b8-5bfa-47cd-850a-df150bd7b196@group-3A0AD6DB8537-SegmentedRaftLogWorker: created new log segment /workdir/hadoop-ozone/tools/target/test-dir/MiniOzoneClusterImpl-58b3a14b-8347-4dab-aab6-d610c62ac67a/datanode-1/data/ratis/f0213d88-ec45-4d11-9beb-3a0ad6db8537/current/log_inprogress_0
2019-10-20 06:19:50,648 [fe749939-5c4f-4520-aea5-9c3fb525c39c@group-3A0AD6DB8537-LeaderElection28] INFO  impl.LeaderElection (LeaderElection.java:askForVotes(178)) - fe749939-5c4f-4520-aea5-9c3fb525c39c@group-3A0AD6DB8537-LeaderElection28: begin an election at term 7 for -1: [92501a76-e5f9-437d-b0dc-6dcfbf7802b8:192.168.164.239:39204, 6c1327b8-5bfa-47cd-850a-df150bd7b196:192.168.164.239:34482, fe749939-5c4f-4520-aea5-9c3fb525c39c:192.168.164.239:41202], old=null
2019-10-20 06:19:50,648 [fe749939-5c4f-4520-aea5-9c3fb525c39c@group-3A0AD6DB8537-LeaderElection28] INFO  impl.LeaderElection (LeaderElection.java:logAndReturn(56)) - fe749939-5c4f-4520-aea5-9c3fb525c39c@group-3A0AD6DB8537-LeaderElection28: Election REJECTED; received 0 response(s) [] and 0 exception(s); fe749939-5c4f-4520-aea5-9c3fb525c39c@group-3A0AD6DB8537:t7, leader=null, voted=fe749939-5c4f-4520-aea5-9c3fb525c39c, raftlog=fe749939-5c4f-4520-aea5-9c3fb525c39c@group-3A0AD6DB8537-SegmentedRaftLog:OPENED:c-1,f-1,i0, conf=-1: [92501a76-e5f9-437d-b0dc-6dcfbf7802b8:192.168.164.239:39204, 6c1327b8-5bfa-47cd-850a-df150bd7b196:192.168.164.239:34482, fe749939-5c4f-4520-aea5-9c3fb525c39c:192.168.164.239:41202], old=null
2019-10-20 06:19:50,651 [grpc-default-executor-9] INFO  impl.RaftServerImpl (ServerState.java:setLeader(256)) - 92501a76-e5f9-437d-b0dc-6dcfbf7802b8@group-3A0AD6DB8537: change Leader from 6c1327b8-5bfa-47cd-850a-df150bd7b196 to null at term 7 for updateCurrentTerm
2019-10-20 06:19:50,651 [grpc-default-executor-9] INFO  impl.RaftServerImpl (RaftServerImpl.java:setRole(184)) - 92501a76-e5f9-437d-b0dc-6dcfbf7802b8@group-3A0AD6DB8537: changes role from  FOLLOWER to FOLLOWER at term 7 for recognizeCandidate:fe749939-5c4f-4520-aea5-9c3fb525c39c
2019-10-20 06:19:50,651 [grpc-default-executor-9] INFO  impl.RoleInfo (RoleInfo.java:shutdownFollowerState(121)) - 92501a76-e5f9-437d-b0dc-6dcfbf7802b8: shutdown FollowerState
2019-10-20 06:19:50,651 [grpc-default-executor-9] INFO  impl.RoleInfo (RoleInfo.java:updateAndGet(143)) - 92501a76-e5f9-437d-b0dc-6dcfbf7802b8: start FollowerState
2019-10-20 06:19:50,651 [Thread-451] INFO  impl.FollowerState (FollowerState.java:run(117)) - 92501a76-e5f9-437d-b0dc-6dcfbf7802b8@group-3A0AD6DB8537-FollowerState was interrupted: java.lang.InterruptedException: sleep interrupted
2019-10-20 06:19:50,669 [grpc-default-executor-8] INFO  impl.RaftServerImpl (ServerState.java:setLeader(256)) - 6c1327b8-5bfa-47cd-850a-df150bd7b196@group-3A0AD6DB8537: change Leader from 6c1327b8-5bfa-47cd-850a-df150bd7b196 to null at term 7 for updateCurrentTerm
2019-10-20 06:19:50,669 [grpc-default-executor-8] INFO  impl.RaftServerImpl (RaftServerImpl.java:setRole(184)) - 6c1327b8-5bfa-47cd-850a-df150bd7b196@group-3A0AD6DB8537: changes role from    LEADER to FOLLOWER at term 7 for recognizeCandidate:fe749939-5c4f-4520-aea5-9c3fb525c39c
2019-10-20 06:19:50,669 [grpc-default-executor-8] INFO  impl.RoleInfo (RoleInfo.java:shutdownLeaderState(104)) - 6c1327b8-5bfa-47cd-850a-df150bd7b196: shutdown LeaderState
2019-10-20 06:19:50,672 [org.apache.ratis.server.impl.LogAppender$AppenderDaemon$$Lambda$462/843913483@6f498c28] WARN  server.GrpcLogAppender (GrpcLogAppender.java:mayWait(149)) - 6c1327b8-5bfa-47cd-850a-df150bd7b196@group-3A0AD6DB8537->92501a76-e5f9-437d-b0dc-6dcfbf7802b8-GrpcLogAppender: Wait interrupted by java.lang.InterruptedException
2019-10-20 06:19:50,672 [grpc-default-executor-8] INFO  impl.PendingRequests (PendingRequests.java:sendNotLeaderResponses(202)) - 6c1327b8-5bfa-47cd-850a-df150bd7b196@group-3A0AD6DB8537-PendingRequests: sendNotLeaderResponses
2019-10-20 06:19:50,672 [org.apache.ratis.server.impl.LogAppender$AppenderDaemon$$Lambda$462/843913483@3ef20f48] WARN  server.GrpcLogAppender (GrpcLogAppender.java:mayWait(149)) - 6c1327b8-5bfa-47cd-850a-df150bd7b196@group-3A0AD6DB8537->fe749939-5c4f-4520-aea5-9c3fb525c39c-GrpcLogAppender: Wait interrupted by java.lang.InterruptedException
2019-10-20 06:19:50,672 [grpc-default-executor-8] INFO  impl.RoleInfo (RoleInfo.java:updateAndGet(143)) - 6c1327b8-5bfa-47cd-850a-df150bd7b196: start FollowerState
2019-10-20 06:19:50,674 [grpc-default-executor-4] INFO  server.GrpcServerProtocolService (GrpcServerProtocolService.java:onCompleted(113)) - 92501a76-e5f9-437d-b0dc-6dcfbf7802b8: Completed APPEND_ENTRIES, lastRequest: 6c1327b8-5bfa-47cd-850a-df150bd7b196->92501a76-e5f9-437d-b0dc-6dcfbf7802b8#1-t6, previous=(t:0, i:0), leaderCommit=-1, initializing? false, entries: size=1, first=(t:6, i:0), CONFIGURATIONENTRY
2019-10-20 06:19:50,674 [grpc-default-executor-1] INFO  server.GrpcServerProtocolService (GrpcServerProtocolService.java:onCompleted(113)) - fe749939-5c4f-4520-aea5-9c3fb525c39c: Completed APPEND_ENTRIES, lastRequest: 6c1327b8-5bfa-47cd-850a-df150bd7b196->fe749939-5c4f-4520-aea5-9c3fb525c39c#1-t6, previous=(t:0, i:0), leaderCommit=-1, initializing? false, entries: size=1, first=(t:6, i:0), CONFIGURATIONENTRY
2019-10-20 06:19:50,674 [grpc-default-executor-1] INFO  server.GrpcLogAppender (GrpcLogAppender.java:onCompleted(308)) - 6c1327b8-5bfa-47cd-850a-df150bd7b196@group-3A0AD6DB8537->92501a76-e5f9-437d-b0dc-6dcfbf7802b8-AppendLogResponseHandler: follower responses appendEntries COMPLETED
2019-10-20 06:19:50,676 [grpc-default-executor-1] INFO  impl.FollowerInfo (FollowerInfo.java:lambda$new$0(51)) - 6c1327b8-5bfa-47cd-850a-df150bd7b196@group-3A0AD6DB8537->92501a76-e5f9-437d-b0dc-6dcfbf7802b8: nextIndex: updateUnconditionally 1 -> 0
2019-10-20 06:19:50,692 [92501a76-e5f9-437d-b0dc-6dcfbf7802b8@group-3A0AD6DB8537-SegmentedRaftLogWorker] INFO  segmented.SegmentedRaftLogWorker (SegmentedRaftLogWorker.java:execute(576)) - 92501a76-e5f9-437d-b0dc-6dcfbf7802b8@group-3A0AD6DB8537-SegmentedRaftLogWorker: created new log segment /workdir/hadoop-ozone/tools/target/test-dir/MiniOzoneClusterImpl-58b3a14b-8347-4dab-aab6-d610c62ac67a/datanode-3/data/ratis/f0213d88-ec45-4d11-9beb-3a0ad6db8537/current/log_inprogress_0
2019-10-20 06:19:50,692 [grpc-default-executor-7] INFO  server.GrpcLogAppender (GrpcLogAppender.java:onCompleted(308)) - 6c1327b8-5bfa-47cd-850a-df150bd7b196@group-3A0AD6DB8537->fe749939-5c4f-4520-aea5-9c3fb525c39c-AppendLogResponseHandler: follower responses appendEntries COMPLETED
2019-10-20 06:19:50,695 [grpc-default-executor-7] INFO  impl.FollowerInfo (FollowerInfo.java:lambda$new$0(51)) - 6c1327b8-5bfa-47cd-850a-df150bd7b196@group-3A0AD6DB8537->fe749939-5c4f-4520-aea5-9c3fb525c39c: nextIndex: updateUnconditionally 1 -> 0
2019-10-20 06:19:55,231 [grpc-default-executor-0] INFO  impl.FollowerInfo (FollowerInfo.java:lambda$new$0(51)) - fe749939-5c4f-4520-aea5-9c3fb525c39c@group-5D45762F7765->92501a76-e5f9-437d-b0dc-6dcfbf7802b8: nextIndex: updateUnconditionally 0 -> 0
]]></system-out>
    <system-err><![CDATA[ERROR StatusLogger No Log4j 2 configuration file found. Using default configuration (logging only errors to the console), or user programmatically provided configurations. Set system property 'log4j2.debug' to show Log4j 2 internal initialization logging. See https://logging.apache.org/log4j/2.x/manual/configuration.html for instructions on how to configure Log4j 2
Exception in thread "92501a76-e5f9-437d-b0dc-6dcfbf7802b8@group-466441C093D1-LeaderElection13" java.lang.IllegalStateException: ILLEGAL TRANSITION: In 92501a76-e5f9-437d-b0dc-6dcfbf7802b8@group-466441C093D1-LeaderElection13, RUNNING -> CLOSED
	at org.apache.ratis.util.Preconditions.assertTrue(Preconditions.java:63)
	at org.apache.ratis.util.LifeCycle$State.validate(LifeCycle.java:123)
	at org.apache.ratis.util.LifeCycle.transition(LifeCycle.java:143)
	at org.apache.ratis.server.impl.LeaderElection.run(LeaderElection.java:151)
	at java.lang.Thread.run(Thread.java:748)
Exception in thread "6c1327b8-5bfa-47cd-850a-df150bd7b196@group-3A0AD6DB8537-LeaderElection26" java.lang.IllegalStateException: ILLEGAL TRANSITION: In 6c1327b8-5bfa-47cd-850a-df150bd7b196@group-3A0AD6DB8537-LeaderElection26, RUNNING -> CLOSED
	at org.apache.ratis.util.Preconditions.assertTrue(Preconditions.java:63)
	at org.apache.ratis.util.LifeCycle$State.validate(LifeCycle.java:123)
	at org.apache.ratis.util.LifeCycle.transition(LifeCycle.java:143)
	at org.apache.ratis.server.impl.LeaderElection.run(LeaderElection.java:151)
	at java.lang.Thread.run(Thread.java:748)
]]></system-err>
  </testcase>
  <testcase name="standaloneTestLargeKey" classname="org.apache.hadoop.ozone.freon.TestDataValidateWithUnsafeByteOperations" time="10.592"/>
  <testcase name="validateWriteTest" classname="org.apache.hadoop.ozone.freon.TestDataValidateWithUnsafeByteOperations" time="6.061"/>
</testsuite>