<?xml version="1.0" encoding="UTF-8"?>
<testsuite xmlns:xsi="http://www.w3.org/2001/XMLSchema-instance" xsi:noNamespaceSchemaLocation="https://maven.apache.org/surefire/maven-surefire-plugin/xsd/surefire-test-report.xsd" name="org.apache.hadoop.ozone.client.rpc.TestMultiBlockWritesWithDnFailures" time="279.632" tests="2" errors="2" skipped="0" failures="0">
  <properties>
    <property name="awt.toolkit" value="sun.awt.X11.XToolkit"/>
    <property name="file.encoding.pkg" value="sun.io"/>
    <property name="java.specification.version" value="1.8"/>
    <property name="sun.cpu.isalist" value=""/>
    <property name="sun.jnu.encoding" value="UTF-8"/>
    <property name="java.class.path" value="/workdir/hadoop-ozone/integration-test/target/test-classes:/workdir/hadoop-ozone/integration-test/target/classes:/home/user/.m2/repository/org/apache/hadoop/hadoop-ozone-common/0.5.0-SNAPSHOT/hadoop-ozone-common-0.5.0-SNAPSHOT.jar:/home/user/.m2/repository/org/apache/commons/commons-compress/1.4.1/commons-compress-1.4.1.jar:/home/user/.m2/repository/org/tukaani/xz/1.0/xz-1.0.jar:/home/user/.m2/repository/org/apache/hadoop/hadoop-common/3.2.0/hadoop-common-3.2.0.jar:/home/user/.m2/repository/org/apache/hadoop/hadoop-hdfs/3.2.0/hadoop-hdfs-3.2.0.jar:/home/user/.m2/repository/org/apache/hadoop/hadoop-hdfs-client/3.2.0/hadoop-hdfs-client-3.2.0.jar:/home/user/.m2/repository/com/fasterxml/jackson/core/jackson-annotations/2.9.9/jackson-annotations-2.9.9.jar:/home/user/.m2/repository/org/apache/hadoop/hadoop-hdds-common/0.5.0-SNAPSHOT/hadoop-hdds-common-0.5.0-SNAPSHOT.jar:/home/user/.m2/repository/javax/annotation/javax.annotation-api/1.2/javax.annotation-api-1.2.jar:/home/user/.m2/repository/org/apache/ratis/ratis-server/0.4.0/ratis-server-0.4.0.jar:/home/user/.m2/repository/org/apache/ratis/ratis-thirdparty-misc/0.2.0/ratis-thirdparty-misc-0.2.0.jar:/home/user/.m2/repository/org/apache/ratis/ratis-proto/0.4.0/ratis-proto-0.4.0.jar:/home/user/.m2/repository/org/apache/ratis/ratis-common/0.4.0/ratis-common-0.4.0.jar:/home/user/.m2/repository/org/apache/ratis/ratis-client/0.4.0/ratis-client-0.4.0.jar:/home/user/.m2/repository/org/apache/ratis/ratis-metrics/0.4.0/ratis-metrics-0.4.0.jar:/home/user/.m2/repository/com/github/joshelser/dropwizard-metrics-hadoop-metrics2-reporter/0.1.2/dropwizard-metrics-hadoop-metrics2-reporter-0.1.2.jar:/home/user/.m2/repository/io/dropwizard/metrics/metrics-jvm/3.2.5/metrics-jvm-3.2.5.jar:/home/user/.m2/repository/io/dropwizard/metrics/metrics-ganglia/3.2.5/metrics-ganglia-3.2.5.jar:/home/user/.m2/repository/info/ganglia/gmetric4j/gmetric4j/1.0.7/gmetric4j-1.0.7.jar:/home/user/.m2/repository/org/apache/ratis/ratis-netty/0.4.0/ratis-netty-0.4.0.jar:/home/user/.m2/repository/org/apache/ratis/ratis-grpc/0.4.0/ratis-grpc-0.4.0.jar:/home/user/.m2/repository/org/rocksdb/rocksdbjni/6.0.1/rocksdbjni-6.0.1.jar:/home/user/.m2/repository/org/apache/logging/log4j/log4j-api/2.11.0/log4j-api-2.11.0.jar:/home/user/.m2/repository/org/apache/logging/log4j/log4j-core/2.11.0/log4j-core-2.11.0.jar:/home/user/.m2/repository/com/lmax/disruptor/3.4.2/disruptor-3.4.2.jar:/home/user/.m2/repository/org/apache/commons/commons-pool2/2.6.0/commons-pool2-2.6.0.jar:/home/user/.m2/repository/org/bouncycastle/bcpkix-jdk15on/1.60/bcpkix-jdk15on-1.60.jar:/home/user/.m2/repository/commons-validator/commons-validator/1.6/commons-validator-1.6.jar:/home/user/.m2/repository/commons-digester/commons-digester/1.8.1/commons-digester-1.8.1.jar:/home/user/.m2/repository/io/jaegertracing/jaeger-client/0.34.0/jaeger-client-0.34.0.jar:/home/user/.m2/repository/io/jaegertracing/jaeger-thrift/0.34.0/jaeger-thrift-0.34.0.jar:/home/user/.m2/repository/org/apache/thrift/libthrift/0.12.0/libthrift-0.12.0.jar:/home/user/.m2/repository/com/squareup/okhttp3/okhttp/3.9.0/okhttp-3.9.0.jar:/home/user/.m2/repository/com/squareup/okio/okio/1.13.0/okio-1.13.0.jar:/home/user/.m2/repository/io/jaegertracing/jaeger-core/0.34.0/jaeger-core-0.34.0.jar:/home/user/.m2/repository/io/jaegertracing/jaeger-tracerresolver/0.34.0/jaeger-tracerresolver-0.34.0.jar:/home/user/.m2/repository/io/opentracing/contrib/opentracing-tracerresolver/0.1.5/opentracing-tracerresolver-0.1.5.jar:/home/user/.m2/repository/io/opentracing/opentracing-util/0.31.0/opentracing-util-0.31.0.jar:/home/user/.m2/repository/io/opentracing/opentracing-api/0.31.0/opentracing-api-0.31.0.jar:/home/user/.m2/repository/io/opentracing/opentracing-noop/0.31.0/opentracing-noop-0.31.0.jar:/home/user/.m2/repository/org/apache/hadoop/hadoop-hdds-server-framework/0.5.0-SNAPSHOT/hadoop-hdds-server-framework-0.5.0-SNAPSHOT.jar:/home/user/.m2/repository/org/apache/hadoop/hadoop-hdds-container-service/0.5.0-SNAPSHOT/hadoop-hdds-container-service-0.5.0-SNAPSHOT.jar:/home/user/.m2/repository/org/apache/hadoop/hadoop-hdds-client/0.5.0-SNAPSHOT/hadoop-hdds-client-0.5.0-SNAPSHOT.jar:/home/user/.m2/repository/org/apache/hadoop/hadoop-hdds-tools/0.5.0-SNAPSHOT/hadoop-hdds-tools-0.5.0-SNAPSHOT.jar:/home/user/.m2/repository/org/apache/hadoop/hadoop-hdds-server-scm/0.5.0-SNAPSHOT/hadoop-hdds-server-scm-0.5.0-SNAPSHOT.jar:/home/user/.m2/repository/org/apache/hadoop/hadoop-hdds-docs/0.5.0-SNAPSHOT/hadoop-hdds-docs-0.5.0-SNAPSHOT.jar:/home/user/.m2/repository/io/dropwizard/metrics/metrics-core/3.2.4/metrics-core-3.2.4.jar:/home/user/.m2/repository/org/hamcrest/hamcrest-all/1.3/hamcrest-all-1.3.jar:/home/user/.m2/repository/org/bouncycastle/bcprov-jdk15on/1.60/bcprov-jdk15on-1.60.jar:/home/user/.m2/repository/info/picocli/picocli/3.9.6/picocli-3.9.6.jar:/home/user/.m2/repository/com/google/protobuf/protobuf-java/2.5.0/protobuf-java-2.5.0.jar:/home/user/.m2/repository/com/google/guava/guava/11.0.2/guava-11.0.2.jar:/home/user/.m2/repository/org/apache/hadoop/hadoop-ozone-ozone-manager/0.5.0-SNAPSHOT/hadoop-ozone-ozone-manager-0.5.0-SNAPSHOT.jar:/home/user/.m2/repository/org/apache/hadoop/hadoop-minikdc/3.2.0/hadoop-minikdc-3.2.0.jar:/home/user/.m2/repository/commons-io/commons-io/2.5/commons-io-2.5.jar:/home/user/.m2/repository/org/apache/kerby/kerb-simplekdc/1.0.1/kerb-simplekdc-1.0.1.jar:/home/user/.m2/repository/org/apache/kerby/kerb-client/1.0.1/kerb-client-1.0.1.jar:/home/user/.m2/repository/org/apache/kerby/kerby-config/1.0.1/kerby-config-1.0.1.jar:/home/user/.m2/repository/org/apache/kerby/kerb-core/1.0.1/kerb-core-1.0.1.jar:/home/user/.m2/repository/org/apache/kerby/kerby-pkix/1.0.1/kerby-pkix-1.0.1.jar:/home/user/.m2/repository/org/apache/kerby/kerby-asn1/1.0.1/kerby-asn1-1.0.1.jar:/home/user/.m2/repository/org/apache/kerby/kerby-util/1.0.1/kerby-util-1.0.1.jar:/home/user/.m2/repository/org/apache/kerby/kerb-common/1.0.1/kerb-common-1.0.1.jar:/home/user/.m2/repository/org/apache/kerby/kerb-crypto/1.0.1/kerb-crypto-1.0.1.jar:/home/user/.m2/repository/org/apache/kerby/kerb-util/1.0.1/kerb-util-1.0.1.jar:/home/user/.m2/repository/org/apache/kerby/token-provider/1.0.1/token-provider-1.0.1.jar:/home/user/.m2/repository/org/apache/kerby/kerb-admin/1.0.1/kerb-admin-1.0.1.jar:/home/user/.m2/repository/org/apache/kerby/kerb-server/1.0.1/kerb-server-1.0.1.jar:/home/user/.m2/repository/org/apache/kerby/kerb-identity/1.0.1/kerb-identity-1.0.1.jar:/home/user/.m2/repository/org/apache/kerby/kerby-xdr/1.0.1/kerby-xdr-1.0.1.jar:/home/user/.m2/repository/org/slf4j/slf4j-log4j12/1.7.25/slf4j-log4j12-1.7.25.jar:/home/user/.m2/repository/org/apache/hadoop/hadoop-ozone-s3gateway/0.5.0-SNAPSHOT/hadoop-ozone-s3gateway-0.5.0-SNAPSHOT.jar:/home/user/.m2/repository/org/jboss/weld/servlet/weld-servlet/2.4.7.Final/weld-servlet-2.4.7.Final.jar:/home/user/.m2/repository/org/glassfish/jersey/containers/jersey-container-servlet-core/2.27/jersey-container-servlet-core-2.27.jar:/home/user/.m2/repository/org/glassfish/hk2/external/javax.inject/2.5.0-b42/javax.inject-2.5.0-b42.jar:/home/user/.m2/repository/org/glassfish/jersey/core/jersey-common/2.27/jersey-common-2.27.jar:/home/user/.m2/repository/org/glassfish/hk2/osgi-resource-locator/1.0.1/osgi-resource-locator-1.0.1.jar:/home/user/.m2/repository/javax/ws/rs/javax.ws.rs-api/2.1/javax.ws.rs-api-2.1.jar:/home/user/.m2/repository/org/glassfish/jersey/ext/cdi/jersey-cdi1x/2.27/jersey-cdi1x-2.27.jar:/home/user/.m2/repository/org/glassfish/jersey/inject/jersey-hk2/2.27/jersey-hk2-2.27.jar:/home/user/.m2/repository/org/glassfish/hk2/hk2-locator/2.5.0-b42/hk2-locator-2.5.0-b42.jar:/home/user/.m2/repository/org/javassist/javassist/3.22.0-CR2/javassist-3.22.0-CR2.jar:/home/user/.m2/repository/org/glassfish/hk2/hk2-api/2.5.0/hk2-api-2.5.0.jar:/home/user/.m2/repository/org/glassfish/hk2/external/jakarta.inject/2.5.0/jakarta.inject-2.5.0.jar:/home/user/.m2/repository/org/glassfish/hk2/hk2-utils/2.5.0/hk2-utils-2.5.0.jar:/home/user/.m2/repository/jakarta/annotation/jakarta.annotation-api/1.3.4/jakarta.annotation-api-1.3.4.jar:/home/user/.m2/repository/org/glassfish/hk2/external/aopalliance-repackaged/2.5.0/aopalliance-repackaged-2.5.0.jar:/home/user/.m2/repository/com/fasterxml/jackson/dataformat/jackson-dataformat-xml/2.9.0/jackson-dataformat-xml-2.9.0.jar:/home/user/.m2/repository/com/fasterxml/jackson/core/jackson-core/2.9.9/jackson-core-2.9.9.jar:/home/user/.m2/repository/com/fasterxml/jackson/module/jackson-module-jaxb-annotations/2.9.9/jackson-module-jaxb-annotations-2.9.9.jar:/home/user/.m2/repository/javax/enterprise/cdi-api/1.2/cdi-api-1.2.jar:/home/user/.m2/repository/javax/el/javax.el-api/3.0.0/javax.el-api-3.0.0.jar:/home/user/.m2/repository/javax/interceptor/javax.interceptor-api/1.2/javax.interceptor-api-1.2.jar:/home/user/.m2/repository/javax/inject/javax.inject/1/javax.inject-1.jar:/home/user/.m2/repository/com/sun/xml/bind/jaxb-impl/2.3.0.1/jaxb-impl-2.3.0.1.jar:/home/user/.m2/repository/com/sun/xml/bind/jaxb-core/2.3.0.1/jaxb-core-2.3.0.1.jar:/home/user/.m2/repository/javax/xml/bind/jaxb-api/2.3.0/jaxb-api-2.3.0.jar:/home/user/.m2/repository/javax/activation/activation/1.1.1/activation-1.1.1.jar:/home/user/.m2/repository/org/apache/hadoop/hadoop-ozone-csi/0.5.0-SNAPSHOT/hadoop-ozone-csi-0.5.0-SNAPSHOT.jar:/home/user/.m2/repository/com/google/protobuf/protobuf-java-util/3.5.1/protobuf-java-util-3.5.1.jar:/home/user/.m2/repository/org/apache/hadoop/hadoop-hdds-config/0.5.0-SNAPSHOT/hadoop-hdds-config-0.5.0-SNAPSHOT.jar:/home/user/.m2/repository/io/grpc/grpc-netty/1.17.1/grpc-netty-1.17.1.jar:/home/user/.m2/repository/io/grpc/grpc-core/1.17.1/grpc-core-1.17.1.jar:/home/user/.m2/repository/io/grpc/grpc-context/1.17.1/grpc-context-1.17.1.jar:/home/user/.m2/repository/com/google/errorprone/error_prone_annotations/2.2.0/error_prone_annotations-2.2.0.jar:/home/user/.m2/repository/org/codehaus/mojo/animal-sniffer-annotations/1.17/animal-sniffer-annotations-1.17.jar:/home/user/.m2/repository/io/opencensus/opencensus-api/0.17.0/opencensus-api-0.17.0.jar:/home/user/.m2/repository/io/opencensus/opencensus-contrib-grpc-metrics/0.17.0/opencensus-contrib-grpc-metrics-0.17.0.jar:/home/user/.m2/repository/io/netty/netty-codec-http2/4.1.30.Final/netty-codec-http2-4.1.30.Final.jar:/home/user/.m2/repository/io/netty/netty-codec-http/4.1.30.Final/netty-codec-http-4.1.30.Final.jar:/home/user/.m2/repository/io/netty/netty-codec/4.1.30.Final/netty-codec-4.1.30.Final.jar:/home/user/.m2/repository/io/netty/netty-handler/4.1.30.Final/netty-handler-4.1.30.Final.jar:/home/user/.m2/repository/io/netty/netty-handler-proxy/4.1.30.Final/netty-handler-proxy-4.1.30.Final.jar:/home/user/.m2/repository/io/netty/netty-codec-socks/4.1.30.Final/netty-codec-socks-4.1.30.Final.jar:/home/user/.m2/repository/io/netty/netty-transport-native-epoll/4.1.30.Final/netty-transport-native-epoll-4.1.30.Final.jar:/home/user/.m2/repository/io/netty/netty-common/4.1.30.Final/netty-common-4.1.30.Final.jar:/home/user/.m2/repository/io/netty/netty-buffer/4.1.30.Final/netty-buffer-4.1.30.Final.jar:/home/user/.m2/repository/io/netty/netty-transport/4.1.30.Final/netty-transport-4.1.30.Final.jar:/home/user/.m2/repository/io/netty/netty-resolver/4.1.30.Final/netty-resolver-4.1.30.Final.jar:/home/user/.m2/repository/io/netty/netty-transport-native-unix-common/4.1.30.Final/netty-transport-native-unix-common-4.1.30.Final.jar:/home/user/.m2/repository/io/grpc/grpc-protobuf/1.17.1/grpc-protobuf-1.17.1.jar:/home/user/.m2/repository/com/google/api/grpc/proto-google-common-protos/1.0.0/proto-google-common-protos-1.0.0.jar:/home/user/.m2/repository/io/grpc/grpc-protobuf-lite/1.17.1/grpc-protobuf-lite-1.17.1.jar:/home/user/.m2/repository/io/grpc/grpc-stub/1.17.1/grpc-stub-1.17.1.jar:/home/user/.m2/repository/org/apache/hadoop/hadoop-ozone-recon/0.5.0-SNAPSHOT/hadoop-ozone-recon-0.5.0-SNAPSHOT.jar:/home/user/.m2/repository/org/apache/hadoop/hadoop-ozone-reconcodegen/0.5.0-SNAPSHOT/hadoop-ozone-reconcodegen-0.5.0-SNAPSHOT.jar:/home/user/.m2/repository/com/google/inject/extensions/guice-multibindings/4.0/guice-multibindings-4.0.jar:/home/user/.m2/repository/com/google/inject/guice/4.0/guice-4.0.jar:/home/user/.m2/repository/aopalliance/aopalliance/1.0/aopalliance-1.0.jar:/home/user/.m2/repository/com/google/inject/extensions/guice-servlet/4.0/guice-servlet-4.0.jar:/home/user/.m2/repository/org/glassfish/jersey/containers/jersey-container-servlet/2.27/jersey-container-servlet-2.27.jar:/home/user/.m2/repository/org/glassfish/hk2/guice-bridge/2.5.0/guice-bridge-2.5.0.jar:/home/user/.m2/repository/org/glassfish/jersey/core/jersey-server/2.27/jersey-server-2.27.jar:/home/user/.m2/repository/org/glassfish/jersey/core/jersey-client/2.27/jersey-client-2.27.jar:/home/user/.m2/repository/org/glassfish/jersey/media/jersey-media-jaxb/2.27/jersey-media-jaxb-2.27.jar:/home/user/.m2/repository/javax/validation/validation-api/1.1.0.Final/validation-api-1.1.0.Final.jar:/home/user/.m2/repository/org/glassfish/jersey/media/jersey-media-json-jackson/2.27/jersey-media-json-jackson-2.27.jar:/home/user/.m2/repository/org/glassfish/jersey/ext/jersey-entity-filtering/2.27/jersey-entity-filtering-2.27.jar:/home/user/.m2/repository/com/google/inject/extensions/guice-assistedinject/4.0/guice-assistedinject-4.0.jar:/home/user/.m2/repository/org/jooq/jooq/3.11.10/jooq-3.11.10.jar:/home/user/.m2/repository/org/jooq/jooq-meta/3.11.10/jooq-meta-3.11.10.jar:/home/user/.m2/repository/org/jooq/jooq-codegen/3.11.10/jooq-codegen-3.11.10.jar:/home/user/.m2/repository/com/jolbox/bonecp/0.8.0.RELEASE/bonecp-0.8.0.RELEASE.jar:/home/user/.m2/repository/org/xerial/sqlite-jdbc/3.25.2/sqlite-jdbc-3.25.2.jar:/home/user/.m2/repository/org/springframework/spring-jdbc/5.1.3.RELEASE/spring-jdbc-5.1.3.RELEASE.jar:/home/user/.m2/repository/org/springframework/spring-beans/5.1.3.RELEASE/spring-beans-5.1.3.RELEASE.jar:/home/user/.m2/repository/org/springframework/spring-core/5.1.3.RELEASE/spring-core-5.1.3.RELEASE.jar:/home/user/.m2/repository/org/springframework/spring-jcl/5.1.3.RELEASE/spring-jcl-5.1.3.RELEASE.jar:/home/user/.m2/repository/org/springframework/spring-tx/5.1.3.RELEASE/spring-tx-5.1.3.RELEASE.jar:/home/user/.m2/repository/org/apache/hadoop/hadoop-ozone-client/0.5.0-SNAPSHOT/hadoop-ozone-client-0.5.0-SNAPSHOT.jar:/home/user/.m2/repository/commons-lang/commons-lang/2.6/commons-lang-2.6.jar:/home/user/.m2/repository/org/apache/hadoop/hadoop-ozone-ozone-manager/0.5.0-SNAPSHOT/hadoop-ozone-ozone-manager-0.5.0-SNAPSHOT-tests.jar:/home/user/.m2/repository/junit/junit/4.11/junit-4.11.jar:/home/user/.m2/repository/org/hamcrest/hamcrest-core/1.3/hamcrest-core-1.3.jar:/home/user/.m2/repository/org/openjdk/jmh/jmh-core/1.19/jmh-core-1.19.jar:/home/user/.m2/repository/net/sf/jopt-simple/jopt-simple/4.6/jopt-simple-4.6.jar:/home/user/.m2/repository/org/apache/commons/commons-math3/3.1.1/commons-math3-3.1.1.jar:/home/user/.m2/repository/org/openjdk/jmh/jmh-generator-annprocess/1.19/jmh-generator-annprocess-1.19.jar:/home/user/.m2/repository/org/mockito/mockito-all/1.8.5/mockito-all-1.8.5.jar:/home/user/.m2/repository/org/apache/hadoop/hadoop-kms/3.2.0/hadoop-kms-3.2.0.jar:/home/user/.m2/repository/org/apache/hadoop/hadoop-auth/3.2.0/hadoop-auth-3.2.0.jar:/home/user/.m2/repository/com/nimbusds/nimbus-jose-jwt/4.41.1/nimbus-jose-jwt-4.41.1.jar:/home/user/.m2/repository/com/github/stephenc/jcip/jcip-annotations/1.0-1/jcip-annotations-1.0-1.jar:/home/user/.m2/repository/net/minidev/json-smart/2.3/json-smart-2.3.jar:/home/user/.m2/repository/net/minidev/accessors-smart/1.2/accessors-smart-1.2.jar:/home/user/.m2/repository/org/ow2/asm/asm/5.0.4/asm-5.0.4.jar:/home/user/.m2/repository/org/apache/curator/curator-framework/2.12.0/curator-framework-2.12.0.jar:/home/user/.m2/repository/com/sun/jersey/jersey-core/1.19/jersey-core-1.19.jar:/home/user/.m2/repository/javax/ws/rs/jsr311-api/1.1.1/jsr311-api-1.1.1.jar:/home/user/.m2/repository/com/sun/jersey/jersey-server/1.19/jersey-server-1.19.jar:/home/user/.m2/repository/javax/servlet/javax.servlet-api/3.1.0/javax.servlet-api-3.1.0.jar:/home/user/.m2/repository/org/eclipse/jetty/jetty-server/9.3.25.v20180904/jetty-server-9.3.25.v20180904.jar:/home/user/.m2/repository/org/eclipse/jetty/jetty-http/9.3.25.v20180904/jetty-http-9.3.25.v20180904.jar:/home/user/.m2/repository/org/eclipse/jetty/jetty-io/9.3.25.v20180904/jetty-io-9.3.25.v20180904.jar:/home/user/.m2/repository/org/eclipse/jetty/jetty-webapp/9.3.25.v20180904/jetty-webapp-9.3.25.v20180904.jar:/home/user/.m2/repository/org/eclipse/jetty/jetty-xml/9.3.25.v20180904/jetty-xml-9.3.25.v20180904.jar:/home/user/.m2/repository/log4j/log4j/1.2.17/log4j-1.2.17.jar:/home/user/.m2/repository/org/slf4j/slf4j-api/1.7.25/slf4j-api-1.7.25.jar:/home/user/.m2/repository/org/slf4j/jul-to-slf4j/1.7.25/jul-to-slf4j-1.7.25.jar:/home/user/.m2/repository/org/eclipse/jetty/jetty-util/9.3.25.v20180904/jetty-util-9.3.25.v20180904.jar:/home/user/.m2/repository/com/fasterxml/jackson/core/jackson-databind/2.9.9/jackson-databind-2.9.9.jar:/home/user/.m2/repository/org/apache/hadoop/hadoop-kms/3.2.0/hadoop-kms-3.2.0-tests.jar:/home/user/.m2/repository/org/apache/hadoop/hadoop-hdds-server-scm/0.5.0-SNAPSHOT/hadoop-hdds-server-scm-0.5.0-SNAPSHOT-tests.jar:/home/user/.m2/repository/org/apache/hadoop/hadoop-hdds-container-service/0.5.0-SNAPSHOT/hadoop-hdds-container-service-0.5.0-SNAPSHOT-tests.jar:/home/user/.m2/repository/org/yaml/snakeyaml/1.16/snakeyaml-1.16.jar:/home/user/.m2/repository/org/apache/hadoop/hadoop-common/3.2.0/hadoop-common-3.2.0-tests.jar:/home/user/.m2/repository/org/apache/hadoop/hadoop-annotations/3.2.0/hadoop-annotations-3.2.0.jar:/usr/lib/jvm/java-1.8-openjdk/jre/../lib/tools.jar:/home/user/.m2/repository/commons-cli/commons-cli/1.2/commons-cli-1.2.jar:/home/user/.m2/repository/org/apache/httpcomponents/httpclient/4.5.2/httpclient-4.5.2.jar:/home/user/.m2/repository/org/apache/httpcomponents/httpcore/4.4.4/httpcore-4.4.4.jar:/home/user/.m2/repository/commons-codec/commons-codec/1.11/commons-codec-1.11.jar:/home/user/.m2/repository/commons-net/commons-net/3.6/commons-net-3.6.jar:/home/user/.m2/repository/commons-collections/commons-collections/3.2.2/commons-collections-3.2.2.jar:/home/user/.m2/repository/org/eclipse/jetty/jetty-servlet/9.3.25.v20180904/jetty-servlet-9.3.25.v20180904.jar:/home/user/.m2/repository/org/eclipse/jetty/jetty-security/9.3.25.v20180904/jetty-security-9.3.25.v20180904.jar:/home/user/.m2/repository/javax/servlet/jsp/jsp-api/2.1/jsp-api-2.1.jar:/home/user/.m2/repository/com/sun/jersey/jersey-servlet/1.19/jersey-servlet-1.19.jar:/home/user/.m2/repository/com/sun/jersey/jersey-json/1.19/jersey-json-1.19.jar:/home/user/.m2/repository/org/codehaus/jettison/jettison/1.1/jettison-1.1.jar:/home/user/.m2/repository/org/codehaus/jackson/jackson-core-asl/1.9.13/jackson-core-asl-1.9.13.jar:/home/user/.m2/repository/org/codehaus/jackson/jackson-mapper-asl/1.9.13/jackson-mapper-asl-1.9.13.jar:/home/user/.m2/repository/org/codehaus/jackson/jackson-jaxrs/1.9.13/jackson-jaxrs-1.9.13.jar:/home/user/.m2/repository/org/codehaus/jackson/jackson-xc/1.9.13/jackson-xc-1.9.13.jar:/home/user/.m2/repository/commons-logging/commons-logging/1.1.3/commons-logging-1.1.3.jar:/home/user/.m2/repository/commons-beanutils/commons-beanutils/1.9.4/commons-beanutils-1.9.4.jar:/home/user/.m2/repository/org/apache/commons/commons-configuration2/2.1.1/commons-configuration2-2.1.1.jar:/home/user/.m2/repository/org/apache/commons/commons-lang3/3.7/commons-lang3-3.7.jar:/home/user/.m2/repository/org/apache/commons/commons-text/1.4/commons-text-1.4.jar:/home/user/.m2/repository/org/apache/avro/avro/1.7.7/avro-1.7.7.jar:/home/user/.m2/repository/com/thoughtworks/paranamer/paranamer/2.3/paranamer-2.3.jar:/home/user/.m2/repository/org/xerial/snappy/snappy-java/1.0.5/snappy-java-1.0.5.jar:/home/user/.m2/repository/com/google/re2j/re2j/1.1/re2j-1.1.jar:/home/user/.m2/repository/com/google/code/gson/gson/2.2.4/gson-2.2.4.jar:/home/user/.m2/repository/com/jcraft/jsch/0.1.54/jsch-0.1.54.jar:/home/user/.m2/repository/org/apache/curator/curator-client/2.12.0/curator-client-2.12.0.jar:/home/user/.m2/repository/org/apache/curator/curator-recipes/2.12.0/curator-recipes-2.12.0.jar:/home/user/.m2/repository/com/google/code/findbugs/jsr305/3.0.0/jsr305-3.0.0.jar:/home/user/.m2/repository/org/apache/htrace/htrace-core4/4.1.0-incubating/htrace-core4-4.1.0-incubating.jar:/home/user/.m2/repository/org/apache/zookeeper/zookeeper/3.4.13/zookeeper-3.4.13.jar:/home/user/.m2/repository/jline/jline/0.9.94/jline-0.9.94.jar:/home/user/.m2/repository/org/apache/yetus/audience-annotations/0.5.0/audience-annotations-0.5.0.jar:/home/user/.m2/repository/org/codehaus/woodstox/stax2-api/3.1.4/stax2-api-3.1.4.jar:/home/user/.m2/repository/com/fasterxml/woodstox/woodstox-core/5.0.3/woodstox-core-5.0.3.jar:/home/user/.m2/repository/dnsjava/dnsjava/2.1.7/dnsjava-2.1.7.jar:/home/user/.m2/repository/org/apache/hadoop/hadoop-hdfs/3.2.0/hadoop-hdfs-3.2.0-tests.jar:/home/user/.m2/repository/org/eclipse/jetty/jetty-util-ajax/9.3.25.v20180904/jetty-util-ajax-9.3.25.v20180904.jar:/home/user/.m2/repository/commons-daemon/commons-daemon/1.0.13/commons-daemon-1.0.13.jar:/home/user/.m2/repository/io/netty/netty/3.10.5.Final/netty-3.10.5.Final.jar:/home/user/.m2/repository/io/netty/netty-all/4.0.52.Final/netty-all-4.0.52.Final.jar:/home/user/.m2/repository/org/fusesource/leveldbjni/leveldbjni-all/1.8/leveldbjni-all-1.8.jar:"/>
    <property name="java.vm.vendor" value="IcedTea"/>
    <property name="sun.arch.data.model" value="64"/>
    <property name="test.build.dir" value="/workdir/hadoop-ozone/integration-test/target/test-dir"/>
    <property name="test.cache.data" value=""/>
    <property name="java.vendor.url" value="https://icedtea.classpath.org"/>
    <property name="user.timezone" value=""/>
    <property name="java.vm.specification.version" value="1.8"/>
    <property name="os.name" value="Linux"/>
    <property name="test.build.data" value="/workdir/hadoop-ozone/integration-test/target/test-dir"/>
    <property name="user.country" value="US"/>
    <property name="sun.java.launcher" value="SUN_STANDARD"/>
    <property name="sun.boot.library.path" value="/usr/lib/jvm/java-1.8-openjdk/jre/lib/amd64"/>
    <property name="sun.java.command" value="/workdir/hadoop-ozone/integration-test/target/surefire/surefirebooter3176427263346716621.jar /workdir/hadoop-ozone/integration-test/target/surefire 2019-09-27T08-07-59_298-jvmRun1 surefire7735618319748114837tmp surefire_73831536678884006484tmp"/>
    <property name="test" value="!TestMiniChaosOzoneCluster"/>
    <property name="surefire.test.class.path" value="/workdir/hadoop-ozone/integration-test/target/test-classes:/workdir/hadoop-ozone/integration-test/target/classes:/home/user/.m2/repository/org/apache/hadoop/hadoop-ozone-common/0.5.0-SNAPSHOT/hadoop-ozone-common-0.5.0-SNAPSHOT.jar:/home/user/.m2/repository/org/apache/commons/commons-compress/1.4.1/commons-compress-1.4.1.jar:/home/user/.m2/repository/org/tukaani/xz/1.0/xz-1.0.jar:/home/user/.m2/repository/org/apache/hadoop/hadoop-common/3.2.0/hadoop-common-3.2.0.jar:/home/user/.m2/repository/org/apache/hadoop/hadoop-hdfs/3.2.0/hadoop-hdfs-3.2.0.jar:/home/user/.m2/repository/org/apache/hadoop/hadoop-hdfs-client/3.2.0/hadoop-hdfs-client-3.2.0.jar:/home/user/.m2/repository/com/fasterxml/jackson/core/jackson-annotations/2.9.9/jackson-annotations-2.9.9.jar:/home/user/.m2/repository/org/apache/hadoop/hadoop-hdds-common/0.5.0-SNAPSHOT/hadoop-hdds-common-0.5.0-SNAPSHOT.jar:/home/user/.m2/repository/javax/annotation/javax.annotation-api/1.2/javax.annotation-api-1.2.jar:/home/user/.m2/repository/org/apache/ratis/ratis-server/0.4.0/ratis-server-0.4.0.jar:/home/user/.m2/repository/org/apache/ratis/ratis-thirdparty-misc/0.2.0/ratis-thirdparty-misc-0.2.0.jar:/home/user/.m2/repository/org/apache/ratis/ratis-proto/0.4.0/ratis-proto-0.4.0.jar:/home/user/.m2/repository/org/apache/ratis/ratis-common/0.4.0/ratis-common-0.4.0.jar:/home/user/.m2/repository/org/apache/ratis/ratis-client/0.4.0/ratis-client-0.4.0.jar:/home/user/.m2/repository/org/apache/ratis/ratis-metrics/0.4.0/ratis-metrics-0.4.0.jar:/home/user/.m2/repository/com/github/joshelser/dropwizard-metrics-hadoop-metrics2-reporter/0.1.2/dropwizard-metrics-hadoop-metrics2-reporter-0.1.2.jar:/home/user/.m2/repository/io/dropwizard/metrics/metrics-jvm/3.2.5/metrics-jvm-3.2.5.jar:/home/user/.m2/repository/io/dropwizard/metrics/metrics-ganglia/3.2.5/metrics-ganglia-3.2.5.jar:/home/user/.m2/repository/info/ganglia/gmetric4j/gmetric4j/1.0.7/gmetric4j-1.0.7.jar:/home/user/.m2/repository/org/apache/ratis/ratis-netty/0.4.0/ratis-netty-0.4.0.jar:/home/user/.m2/repository/org/apache/ratis/ratis-grpc/0.4.0/ratis-grpc-0.4.0.jar:/home/user/.m2/repository/org/rocksdb/rocksdbjni/6.0.1/rocksdbjni-6.0.1.jar:/home/user/.m2/repository/org/apache/logging/log4j/log4j-api/2.11.0/log4j-api-2.11.0.jar:/home/user/.m2/repository/org/apache/logging/log4j/log4j-core/2.11.0/log4j-core-2.11.0.jar:/home/user/.m2/repository/com/lmax/disruptor/3.4.2/disruptor-3.4.2.jar:/home/user/.m2/repository/org/apache/commons/commons-pool2/2.6.0/commons-pool2-2.6.0.jar:/home/user/.m2/repository/org/bouncycastle/bcpkix-jdk15on/1.60/bcpkix-jdk15on-1.60.jar:/home/user/.m2/repository/commons-validator/commons-validator/1.6/commons-validator-1.6.jar:/home/user/.m2/repository/commons-digester/commons-digester/1.8.1/commons-digester-1.8.1.jar:/home/user/.m2/repository/io/jaegertracing/jaeger-client/0.34.0/jaeger-client-0.34.0.jar:/home/user/.m2/repository/io/jaegertracing/jaeger-thrift/0.34.0/jaeger-thrift-0.34.0.jar:/home/user/.m2/repository/org/apache/thrift/libthrift/0.12.0/libthrift-0.12.0.jar:/home/user/.m2/repository/com/squareup/okhttp3/okhttp/3.9.0/okhttp-3.9.0.jar:/home/user/.m2/repository/com/squareup/okio/okio/1.13.0/okio-1.13.0.jar:/home/user/.m2/repository/io/jaegertracing/jaeger-core/0.34.0/jaeger-core-0.34.0.jar:/home/user/.m2/repository/io/jaegertracing/jaeger-tracerresolver/0.34.0/jaeger-tracerresolver-0.34.0.jar:/home/user/.m2/repository/io/opentracing/contrib/opentracing-tracerresolver/0.1.5/opentracing-tracerresolver-0.1.5.jar:/home/user/.m2/repository/io/opentracing/opentracing-util/0.31.0/opentracing-util-0.31.0.jar:/home/user/.m2/repository/io/opentracing/opentracing-api/0.31.0/opentracing-api-0.31.0.jar:/home/user/.m2/repository/io/opentracing/opentracing-noop/0.31.0/opentracing-noop-0.31.0.jar:/home/user/.m2/repository/org/apache/hadoop/hadoop-hdds-server-framework/0.5.0-SNAPSHOT/hadoop-hdds-server-framework-0.5.0-SNAPSHOT.jar:/home/user/.m2/repository/org/apache/hadoop/hadoop-hdds-container-service/0.5.0-SNAPSHOT/hadoop-hdds-container-service-0.5.0-SNAPSHOT.jar:/home/user/.m2/repository/org/apache/hadoop/hadoop-hdds-client/0.5.0-SNAPSHOT/hadoop-hdds-client-0.5.0-SNAPSHOT.jar:/home/user/.m2/repository/org/apache/hadoop/hadoop-hdds-tools/0.5.0-SNAPSHOT/hadoop-hdds-tools-0.5.0-SNAPSHOT.jar:/home/user/.m2/repository/org/apache/hadoop/hadoop-hdds-server-scm/0.5.0-SNAPSHOT/hadoop-hdds-server-scm-0.5.0-SNAPSHOT.jar:/home/user/.m2/repository/org/apache/hadoop/hadoop-hdds-docs/0.5.0-SNAPSHOT/hadoop-hdds-docs-0.5.0-SNAPSHOT.jar:/home/user/.m2/repository/io/dropwizard/metrics/metrics-core/3.2.4/metrics-core-3.2.4.jar:/home/user/.m2/repository/org/hamcrest/hamcrest-all/1.3/hamcrest-all-1.3.jar:/home/user/.m2/repository/org/bouncycastle/bcprov-jdk15on/1.60/bcprov-jdk15on-1.60.jar:/home/user/.m2/repository/info/picocli/picocli/3.9.6/picocli-3.9.6.jar:/home/user/.m2/repository/com/google/protobuf/protobuf-java/2.5.0/protobuf-java-2.5.0.jar:/home/user/.m2/repository/com/google/guava/guava/11.0.2/guava-11.0.2.jar:/home/user/.m2/repository/org/apache/hadoop/hadoop-ozone-ozone-manager/0.5.0-SNAPSHOT/hadoop-ozone-ozone-manager-0.5.0-SNAPSHOT.jar:/home/user/.m2/repository/org/apache/hadoop/hadoop-minikdc/3.2.0/hadoop-minikdc-3.2.0.jar:/home/user/.m2/repository/commons-io/commons-io/2.5/commons-io-2.5.jar:/home/user/.m2/repository/org/apache/kerby/kerb-simplekdc/1.0.1/kerb-simplekdc-1.0.1.jar:/home/user/.m2/repository/org/apache/kerby/kerb-client/1.0.1/kerb-client-1.0.1.jar:/home/user/.m2/repository/org/apache/kerby/kerby-config/1.0.1/kerby-config-1.0.1.jar:/home/user/.m2/repository/org/apache/kerby/kerb-core/1.0.1/kerb-core-1.0.1.jar:/home/user/.m2/repository/org/apache/kerby/kerby-pkix/1.0.1/kerby-pkix-1.0.1.jar:/home/user/.m2/repository/org/apache/kerby/kerby-asn1/1.0.1/kerby-asn1-1.0.1.jar:/home/user/.m2/repository/org/apache/kerby/kerby-util/1.0.1/kerby-util-1.0.1.jar:/home/user/.m2/repository/org/apache/kerby/kerb-common/1.0.1/kerb-common-1.0.1.jar:/home/user/.m2/repository/org/apache/kerby/kerb-crypto/1.0.1/kerb-crypto-1.0.1.jar:/home/user/.m2/repository/org/apache/kerby/kerb-util/1.0.1/kerb-util-1.0.1.jar:/home/user/.m2/repository/org/apache/kerby/token-provider/1.0.1/token-provider-1.0.1.jar:/home/user/.m2/repository/org/apache/kerby/kerb-admin/1.0.1/kerb-admin-1.0.1.jar:/home/user/.m2/repository/org/apache/kerby/kerb-server/1.0.1/kerb-server-1.0.1.jar:/home/user/.m2/repository/org/apache/kerby/kerb-identity/1.0.1/kerb-identity-1.0.1.jar:/home/user/.m2/repository/org/apache/kerby/kerby-xdr/1.0.1/kerby-xdr-1.0.1.jar:/home/user/.m2/repository/org/slf4j/slf4j-log4j12/1.7.25/slf4j-log4j12-1.7.25.jar:/home/user/.m2/repository/org/apache/hadoop/hadoop-ozone-s3gateway/0.5.0-SNAPSHOT/hadoop-ozone-s3gateway-0.5.0-SNAPSHOT.jar:/home/user/.m2/repository/org/jboss/weld/servlet/weld-servlet/2.4.7.Final/weld-servlet-2.4.7.Final.jar:/home/user/.m2/repository/org/glassfish/jersey/containers/jersey-container-servlet-core/2.27/jersey-container-servlet-core-2.27.jar:/home/user/.m2/repository/org/glassfish/hk2/external/javax.inject/2.5.0-b42/javax.inject-2.5.0-b42.jar:/home/user/.m2/repository/org/glassfish/jersey/core/jersey-common/2.27/jersey-common-2.27.jar:/home/user/.m2/repository/org/glassfish/hk2/osgi-resource-locator/1.0.1/osgi-resource-locator-1.0.1.jar:/home/user/.m2/repository/javax/ws/rs/javax.ws.rs-api/2.1/javax.ws.rs-api-2.1.jar:/home/user/.m2/repository/org/glassfish/jersey/ext/cdi/jersey-cdi1x/2.27/jersey-cdi1x-2.27.jar:/home/user/.m2/repository/org/glassfish/jersey/inject/jersey-hk2/2.27/jersey-hk2-2.27.jar:/home/user/.m2/repository/org/glassfish/hk2/hk2-locator/2.5.0-b42/hk2-locator-2.5.0-b42.jar:/home/user/.m2/repository/org/javassist/javassist/3.22.0-CR2/javassist-3.22.0-CR2.jar:/home/user/.m2/repository/org/glassfish/hk2/hk2-api/2.5.0/hk2-api-2.5.0.jar:/home/user/.m2/repository/org/glassfish/hk2/external/jakarta.inject/2.5.0/jakarta.inject-2.5.0.jar:/home/user/.m2/repository/org/glassfish/hk2/hk2-utils/2.5.0/hk2-utils-2.5.0.jar:/home/user/.m2/repository/jakarta/annotation/jakarta.annotation-api/1.3.4/jakarta.annotation-api-1.3.4.jar:/home/user/.m2/repository/org/glassfish/hk2/external/aopalliance-repackaged/2.5.0/aopalliance-repackaged-2.5.0.jar:/home/user/.m2/repository/com/fasterxml/jackson/dataformat/jackson-dataformat-xml/2.9.0/jackson-dataformat-xml-2.9.0.jar:/home/user/.m2/repository/com/fasterxml/jackson/core/jackson-core/2.9.9/jackson-core-2.9.9.jar:/home/user/.m2/repository/com/fasterxml/jackson/module/jackson-module-jaxb-annotations/2.9.9/jackson-module-jaxb-annotations-2.9.9.jar:/home/user/.m2/repository/javax/enterprise/cdi-api/1.2/cdi-api-1.2.jar:/home/user/.m2/repository/javax/el/javax.el-api/3.0.0/javax.el-api-3.0.0.jar:/home/user/.m2/repository/javax/interceptor/javax.interceptor-api/1.2/javax.interceptor-api-1.2.jar:/home/user/.m2/repository/javax/inject/javax.inject/1/javax.inject-1.jar:/home/user/.m2/repository/com/sun/xml/bind/jaxb-impl/2.3.0.1/jaxb-impl-2.3.0.1.jar:/home/user/.m2/repository/com/sun/xml/bind/jaxb-core/2.3.0.1/jaxb-core-2.3.0.1.jar:/home/user/.m2/repository/javax/xml/bind/jaxb-api/2.3.0/jaxb-api-2.3.0.jar:/home/user/.m2/repository/javax/activation/activation/1.1.1/activation-1.1.1.jar:/home/user/.m2/repository/org/apache/hadoop/hadoop-ozone-csi/0.5.0-SNAPSHOT/hadoop-ozone-csi-0.5.0-SNAPSHOT.jar:/home/user/.m2/repository/com/google/protobuf/protobuf-java-util/3.5.1/protobuf-java-util-3.5.1.jar:/home/user/.m2/repository/org/apache/hadoop/hadoop-hdds-config/0.5.0-SNAPSHOT/hadoop-hdds-config-0.5.0-SNAPSHOT.jar:/home/user/.m2/repository/io/grpc/grpc-netty/1.17.1/grpc-netty-1.17.1.jar:/home/user/.m2/repository/io/grpc/grpc-core/1.17.1/grpc-core-1.17.1.jar:/home/user/.m2/repository/io/grpc/grpc-context/1.17.1/grpc-context-1.17.1.jar:/home/user/.m2/repository/com/google/errorprone/error_prone_annotations/2.2.0/error_prone_annotations-2.2.0.jar:/home/user/.m2/repository/org/codehaus/mojo/animal-sniffer-annotations/1.17/animal-sniffer-annotations-1.17.jar:/home/user/.m2/repository/io/opencensus/opencensus-api/0.17.0/opencensus-api-0.17.0.jar:/home/user/.m2/repository/io/opencensus/opencensus-contrib-grpc-metrics/0.17.0/opencensus-contrib-grpc-metrics-0.17.0.jar:/home/user/.m2/repository/io/netty/netty-codec-http2/4.1.30.Final/netty-codec-http2-4.1.30.Final.jar:/home/user/.m2/repository/io/netty/netty-codec-http/4.1.30.Final/netty-codec-http-4.1.30.Final.jar:/home/user/.m2/repository/io/netty/netty-codec/4.1.30.Final/netty-codec-4.1.30.Final.jar:/home/user/.m2/repository/io/netty/netty-handler/4.1.30.Final/netty-handler-4.1.30.Final.jar:/home/user/.m2/repository/io/netty/netty-handler-proxy/4.1.30.Final/netty-handler-proxy-4.1.30.Final.jar:/home/user/.m2/repository/io/netty/netty-codec-socks/4.1.30.Final/netty-codec-socks-4.1.30.Final.jar:/home/user/.m2/repository/io/netty/netty-transport-native-epoll/4.1.30.Final/netty-transport-native-epoll-4.1.30.Final.jar:/home/user/.m2/repository/io/netty/netty-common/4.1.30.Final/netty-common-4.1.30.Final.jar:/home/user/.m2/repository/io/netty/netty-buffer/4.1.30.Final/netty-buffer-4.1.30.Final.jar:/home/user/.m2/repository/io/netty/netty-transport/4.1.30.Final/netty-transport-4.1.30.Final.jar:/home/user/.m2/repository/io/netty/netty-resolver/4.1.30.Final/netty-resolver-4.1.30.Final.jar:/home/user/.m2/repository/io/netty/netty-transport-native-unix-common/4.1.30.Final/netty-transport-native-unix-common-4.1.30.Final.jar:/home/user/.m2/repository/io/grpc/grpc-protobuf/1.17.1/grpc-protobuf-1.17.1.jar:/home/user/.m2/repository/com/google/api/grpc/proto-google-common-protos/1.0.0/proto-google-common-protos-1.0.0.jar:/home/user/.m2/repository/io/grpc/grpc-protobuf-lite/1.17.1/grpc-protobuf-lite-1.17.1.jar:/home/user/.m2/repository/io/grpc/grpc-stub/1.17.1/grpc-stub-1.17.1.jar:/home/user/.m2/repository/org/apache/hadoop/hadoop-ozone-recon/0.5.0-SNAPSHOT/hadoop-ozone-recon-0.5.0-SNAPSHOT.jar:/home/user/.m2/repository/org/apache/hadoop/hadoop-ozone-reconcodegen/0.5.0-SNAPSHOT/hadoop-ozone-reconcodegen-0.5.0-SNAPSHOT.jar:/home/user/.m2/repository/com/google/inject/extensions/guice-multibindings/4.0/guice-multibindings-4.0.jar:/home/user/.m2/repository/com/google/inject/guice/4.0/guice-4.0.jar:/home/user/.m2/repository/aopalliance/aopalliance/1.0/aopalliance-1.0.jar:/home/user/.m2/repository/com/google/inject/extensions/guice-servlet/4.0/guice-servlet-4.0.jar:/home/user/.m2/repository/org/glassfish/jersey/containers/jersey-container-servlet/2.27/jersey-container-servlet-2.27.jar:/home/user/.m2/repository/org/glassfish/hk2/guice-bridge/2.5.0/guice-bridge-2.5.0.jar:/home/user/.m2/repository/org/glassfish/jersey/core/jersey-server/2.27/jersey-server-2.27.jar:/home/user/.m2/repository/org/glassfish/jersey/core/jersey-client/2.27/jersey-client-2.27.jar:/home/user/.m2/repository/org/glassfish/jersey/media/jersey-media-jaxb/2.27/jersey-media-jaxb-2.27.jar:/home/user/.m2/repository/javax/validation/validation-api/1.1.0.Final/validation-api-1.1.0.Final.jar:/home/user/.m2/repository/org/glassfish/jersey/media/jersey-media-json-jackson/2.27/jersey-media-json-jackson-2.27.jar:/home/user/.m2/repository/org/glassfish/jersey/ext/jersey-entity-filtering/2.27/jersey-entity-filtering-2.27.jar:/home/user/.m2/repository/com/google/inject/extensions/guice-assistedinject/4.0/guice-assistedinject-4.0.jar:/home/user/.m2/repository/org/jooq/jooq/3.11.10/jooq-3.11.10.jar:/home/user/.m2/repository/org/jooq/jooq-meta/3.11.10/jooq-meta-3.11.10.jar:/home/user/.m2/repository/org/jooq/jooq-codegen/3.11.10/jooq-codegen-3.11.10.jar:/home/user/.m2/repository/com/jolbox/bonecp/0.8.0.RELEASE/bonecp-0.8.0.RELEASE.jar:/home/user/.m2/repository/org/xerial/sqlite-jdbc/3.25.2/sqlite-jdbc-3.25.2.jar:/home/user/.m2/repository/org/springframework/spring-jdbc/5.1.3.RELEASE/spring-jdbc-5.1.3.RELEASE.jar:/home/user/.m2/repository/org/springframework/spring-beans/5.1.3.RELEASE/spring-beans-5.1.3.RELEASE.jar:/home/user/.m2/repository/org/springframework/spring-core/5.1.3.RELEASE/spring-core-5.1.3.RELEASE.jar:/home/user/.m2/repository/org/springframework/spring-jcl/5.1.3.RELEASE/spring-jcl-5.1.3.RELEASE.jar:/home/user/.m2/repository/org/springframework/spring-tx/5.1.3.RELEASE/spring-tx-5.1.3.RELEASE.jar:/home/user/.m2/repository/org/apache/hadoop/hadoop-ozone-client/0.5.0-SNAPSHOT/hadoop-ozone-client-0.5.0-SNAPSHOT.jar:/home/user/.m2/repository/commons-lang/commons-lang/2.6/commons-lang-2.6.jar:/home/user/.m2/repository/org/apache/hadoop/hadoop-ozone-ozone-manager/0.5.0-SNAPSHOT/hadoop-ozone-ozone-manager-0.5.0-SNAPSHOT-tests.jar:/home/user/.m2/repository/junit/junit/4.11/junit-4.11.jar:/home/user/.m2/repository/org/hamcrest/hamcrest-core/1.3/hamcrest-core-1.3.jar:/home/user/.m2/repository/org/openjdk/jmh/jmh-core/1.19/jmh-core-1.19.jar:/home/user/.m2/repository/net/sf/jopt-simple/jopt-simple/4.6/jopt-simple-4.6.jar:/home/user/.m2/repository/org/apache/commons/commons-math3/3.1.1/commons-math3-3.1.1.jar:/home/user/.m2/repository/org/openjdk/jmh/jmh-generator-annprocess/1.19/jmh-generator-annprocess-1.19.jar:/home/user/.m2/repository/org/mockito/mockito-all/1.8.5/mockito-all-1.8.5.jar:/home/user/.m2/repository/org/apache/hadoop/hadoop-kms/3.2.0/hadoop-kms-3.2.0.jar:/home/user/.m2/repository/org/apache/hadoop/hadoop-auth/3.2.0/hadoop-auth-3.2.0.jar:/home/user/.m2/repository/com/nimbusds/nimbus-jose-jwt/4.41.1/nimbus-jose-jwt-4.41.1.jar:/home/user/.m2/repository/com/github/stephenc/jcip/jcip-annotations/1.0-1/jcip-annotations-1.0-1.jar:/home/user/.m2/repository/net/minidev/json-smart/2.3/json-smart-2.3.jar:/home/user/.m2/repository/net/minidev/accessors-smart/1.2/accessors-smart-1.2.jar:/home/user/.m2/repository/org/ow2/asm/asm/5.0.4/asm-5.0.4.jar:/home/user/.m2/repository/org/apache/curator/curator-framework/2.12.0/curator-framework-2.12.0.jar:/home/user/.m2/repository/com/sun/jersey/jersey-core/1.19/jersey-core-1.19.jar:/home/user/.m2/repository/javax/ws/rs/jsr311-api/1.1.1/jsr311-api-1.1.1.jar:/home/user/.m2/repository/com/sun/jersey/jersey-server/1.19/jersey-server-1.19.jar:/home/user/.m2/repository/javax/servlet/javax.servlet-api/3.1.0/javax.servlet-api-3.1.0.jar:/home/user/.m2/repository/org/eclipse/jetty/jetty-server/9.3.25.v20180904/jetty-server-9.3.25.v20180904.jar:/home/user/.m2/repository/org/eclipse/jetty/jetty-http/9.3.25.v20180904/jetty-http-9.3.25.v20180904.jar:/home/user/.m2/repository/org/eclipse/jetty/jetty-io/9.3.25.v20180904/jetty-io-9.3.25.v20180904.jar:/home/user/.m2/repository/org/eclipse/jetty/jetty-webapp/9.3.25.v20180904/jetty-webapp-9.3.25.v20180904.jar:/home/user/.m2/repository/org/eclipse/jetty/jetty-xml/9.3.25.v20180904/jetty-xml-9.3.25.v20180904.jar:/home/user/.m2/repository/log4j/log4j/1.2.17/log4j-1.2.17.jar:/home/user/.m2/repository/org/slf4j/slf4j-api/1.7.25/slf4j-api-1.7.25.jar:/home/user/.m2/repository/org/slf4j/jul-to-slf4j/1.7.25/jul-to-slf4j-1.7.25.jar:/home/user/.m2/repository/org/eclipse/jetty/jetty-util/9.3.25.v20180904/jetty-util-9.3.25.v20180904.jar:/home/user/.m2/repository/com/fasterxml/jackson/core/jackson-databind/2.9.9/jackson-databind-2.9.9.jar:/home/user/.m2/repository/org/apache/hadoop/hadoop-kms/3.2.0/hadoop-kms-3.2.0-tests.jar:/home/user/.m2/repository/org/apache/hadoop/hadoop-hdds-server-scm/0.5.0-SNAPSHOT/hadoop-hdds-server-scm-0.5.0-SNAPSHOT-tests.jar:/home/user/.m2/repository/org/apache/hadoop/hadoop-hdds-container-service/0.5.0-SNAPSHOT/hadoop-hdds-container-service-0.5.0-SNAPSHOT-tests.jar:/home/user/.m2/repository/org/yaml/snakeyaml/1.16/snakeyaml-1.16.jar:/home/user/.m2/repository/org/apache/hadoop/hadoop-common/3.2.0/hadoop-common-3.2.0-tests.jar:/home/user/.m2/repository/org/apache/hadoop/hadoop-annotations/3.2.0/hadoop-annotations-3.2.0.jar:/usr/lib/jvm/java-1.8-openjdk/jre/../lib/tools.jar:/home/user/.m2/repository/commons-cli/commons-cli/1.2/commons-cli-1.2.jar:/home/user/.m2/repository/org/apache/httpcomponents/httpclient/4.5.2/httpclient-4.5.2.jar:/home/user/.m2/repository/org/apache/httpcomponents/httpcore/4.4.4/httpcore-4.4.4.jar:/home/user/.m2/repository/commons-codec/commons-codec/1.11/commons-codec-1.11.jar:/home/user/.m2/repository/commons-net/commons-net/3.6/commons-net-3.6.jar:/home/user/.m2/repository/commons-collections/commons-collections/3.2.2/commons-collections-3.2.2.jar:/home/user/.m2/repository/org/eclipse/jetty/jetty-servlet/9.3.25.v20180904/jetty-servlet-9.3.25.v20180904.jar:/home/user/.m2/repository/org/eclipse/jetty/jetty-security/9.3.25.v20180904/jetty-security-9.3.25.v20180904.jar:/home/user/.m2/repository/javax/servlet/jsp/jsp-api/2.1/jsp-api-2.1.jar:/home/user/.m2/repository/com/sun/jersey/jersey-servlet/1.19/jersey-servlet-1.19.jar:/home/user/.m2/repository/com/sun/jersey/jersey-json/1.19/jersey-json-1.19.jar:/home/user/.m2/repository/org/codehaus/jettison/jettison/1.1/jettison-1.1.jar:/home/user/.m2/repository/org/codehaus/jackson/jackson-core-asl/1.9.13/jackson-core-asl-1.9.13.jar:/home/user/.m2/repository/org/codehaus/jackson/jackson-mapper-asl/1.9.13/jackson-mapper-asl-1.9.13.jar:/home/user/.m2/repository/org/codehaus/jackson/jackson-jaxrs/1.9.13/jackson-jaxrs-1.9.13.jar:/home/user/.m2/repository/org/codehaus/jackson/jackson-xc/1.9.13/jackson-xc-1.9.13.jar:/home/user/.m2/repository/commons-logging/commons-logging/1.1.3/commons-logging-1.1.3.jar:/home/user/.m2/repository/commons-beanutils/commons-beanutils/1.9.4/commons-beanutils-1.9.4.jar:/home/user/.m2/repository/org/apache/commons/commons-configuration2/2.1.1/commons-configuration2-2.1.1.jar:/home/user/.m2/repository/org/apache/commons/commons-lang3/3.7/commons-lang3-3.7.jar:/home/user/.m2/repository/org/apache/commons/commons-text/1.4/commons-text-1.4.jar:/home/user/.m2/repository/org/apache/avro/avro/1.7.7/avro-1.7.7.jar:/home/user/.m2/repository/com/thoughtworks/paranamer/paranamer/2.3/paranamer-2.3.jar:/home/user/.m2/repository/org/xerial/snappy/snappy-java/1.0.5/snappy-java-1.0.5.jar:/home/user/.m2/repository/com/google/re2j/re2j/1.1/re2j-1.1.jar:/home/user/.m2/repository/com/google/code/gson/gson/2.2.4/gson-2.2.4.jar:/home/user/.m2/repository/com/jcraft/jsch/0.1.54/jsch-0.1.54.jar:/home/user/.m2/repository/org/apache/curator/curator-client/2.12.0/curator-client-2.12.0.jar:/home/user/.m2/repository/org/apache/curator/curator-recipes/2.12.0/curator-recipes-2.12.0.jar:/home/user/.m2/repository/com/google/code/findbugs/jsr305/3.0.0/jsr305-3.0.0.jar:/home/user/.m2/repository/org/apache/htrace/htrace-core4/4.1.0-incubating/htrace-core4-4.1.0-incubating.jar:/home/user/.m2/repository/org/apache/zookeeper/zookeeper/3.4.13/zookeeper-3.4.13.jar:/home/user/.m2/repository/jline/jline/0.9.94/jline-0.9.94.jar:/home/user/.m2/repository/org/apache/yetus/audience-annotations/0.5.0/audience-annotations-0.5.0.jar:/home/user/.m2/repository/org/codehaus/woodstox/stax2-api/3.1.4/stax2-api-3.1.4.jar:/home/user/.m2/repository/com/fasterxml/woodstox/woodstox-core/5.0.3/woodstox-core-5.0.3.jar:/home/user/.m2/repository/dnsjava/dnsjava/2.1.7/dnsjava-2.1.7.jar:/home/user/.m2/repository/org/apache/hadoop/hadoop-hdfs/3.2.0/hadoop-hdfs-3.2.0-tests.jar:/home/user/.m2/repository/org/eclipse/jetty/jetty-util-ajax/9.3.25.v20180904/jetty-util-ajax-9.3.25.v20180904.jar:/home/user/.m2/repository/commons-daemon/commons-daemon/1.0.13/commons-daemon-1.0.13.jar:/home/user/.m2/repository/io/netty/netty/3.10.5.Final/netty-3.10.5.Final.jar:/home/user/.m2/repository/io/netty/netty-all/4.0.52.Final/netty-all-4.0.52.Final.jar:/home/user/.m2/repository/org/fusesource/leveldbjni/leveldbjni-all/1.8/leveldbjni-all-1.8.jar:"/>
    <property name="sun.cpu.endian" value="little"/>
    <property name="user.home" value="/home/user"/>
    <property name="user.language" value="en"/>
    <property name="java.specification.vendor" value="Oracle Corporation"/>
    <property name="java.home" value="/usr/lib/jvm/java-1.8-openjdk/jre"/>
    <property name="java.security.krb5.conf" value="/workdir/hadoop-ozone/integration-test/target/test-classes/krb5.conf"/>
    <property name="basedir" value="/workdir/hadoop-ozone/integration-test"/>
    <property name="file.separator" value="/"/>
    <property name="line.separator" value="&#10;"/>
    <property name="java.vm.specification.vendor" value="Oracle Corporation"/>
    <property name="java.specification.name" value="Java Platform API Specification"/>
    <property name="java.awt.graphicsenv" value="sun.awt.X11GraphicsEnvironment"/>
    <property name="surefire.real.class.path" value="/workdir/hadoop-ozone/integration-test/target/surefire/surefirebooter3176427263346716621.jar"/>
    <property name="hadoop.log.dir" value="/workdir/hadoop-ozone/integration-test/target/log"/>
    <property name="sun.boot.class.path" value="/usr/lib/jvm/java-1.8-openjdk/jre/lib/resources.jar:/usr/lib/jvm/java-1.8-openjdk/jre/lib/rt.jar:/usr/lib/jvm/java-1.8-openjdk/jre/lib/sunrsasign.jar:/usr/lib/jvm/java-1.8-openjdk/jre/lib/jsse.jar:/usr/lib/jvm/java-1.8-openjdk/jre/lib/jce.jar:/usr/lib/jvm/java-1.8-openjdk/jre/lib/charsets.jar:/usr/lib/jvm/java-1.8-openjdk/jre/lib/jfr.jar:/usr/lib/jvm/java-1.8-openjdk/jre/classes"/>
    <property name="sun.management.compiler" value="HotSpot 64-Bit Tiered Compilers"/>
    <property name="java.runtime.version" value="1.8.0_212-b04"/>
    <property name="java.net.preferIPv4Stack" value="true"/>
    <property name="user.name" value="jenkins1000"/>
    <property name="path.separator" value=":"/>
    <property name="java.security.egd" value="file:///dev/urandom"/>
    <property name="os.version" value="3.10.0-957.12.2.el7.x86_64"/>
    <property name="java.endorsed.dirs" value="/usr/lib/jvm/java-1.8-openjdk/jre/lib/endorsed"/>
    <property name="java.runtime.name" value="OpenJDK Runtime Environment"/>
    <property name="file.encoding" value="UTF-8"/>
    <property name="java.vm.name" value="OpenJDK 64-Bit Server VM"/>
    <property name="test.build.webapps" value=""/>
    <property name="localRepository" value="/home/user/.m2/repository"/>
    <property name="java.vendor.url.bug" value="https://icedtea.classpath.org/bugzilla"/>
    <property name="java.io.tmpdir" value="/tmp"/>
    <property name="require.test.libhadoop" value=""/>
    <property name="java.version" value="1.8.0_212"/>
    <property name="user.dir" value="/workdir/hadoop-ozone/integration-test"/>
    <property name="os.arch" value="amd64"/>
    <property name="java.vm.specification.name" value="Java Virtual Machine Specification"/>
    <property name="test.build.classes" value="/workdir/hadoop-ozone/integration-test/target/test-classes"/>
    <property name="java.awt.printerjob" value="sun.print.PSPrinterJob"/>
    <property name="sun.os.patch.level" value="unknown"/>
    <property name="hadoop.tmp.dir" value="/workdir/hadoop-ozone/integration-test/target/tmp"/>
    <property name="java.library.path" value="/usr/lib/jvm/java-1.8-openjdk/jre/lib/amd64/server:/usr/lib/jvm/java-1.8-openjdk/jre/lib/amd64:/usr/lib/jvm/java-1.8-openjdk/jre/../lib/amd64:/workdir/hadoop-ozone/integration-test/target/native/target/usr/local/lib:/workdir/hadoop-ozone/integration-test/../../hadoop-common-project/hadoop-common/target/native/target/usr/local/lib:/usr/java/packages/lib/amd64:/usr/lib64:/lib64:/lib:/usr/lib"/>
    <property name="java.vm.info" value="mixed mode"/>
    <property name="java.vendor" value="IcedTea"/>
    <property name="java.vm.version" value="25.212-b04"/>
    <property name="java.ext.dirs" value="/usr/lib/jvm/java-1.8-openjdk/jre/lib/ext:/usr/java/packages/lib/ext"/>
    <property name="sun.io.unicode.encoding" value="UnicodeLittle"/>
    <property name="java.class.version" value="52.0"/>
  </properties>
  <testcase name="testMultiBlockWritesWithIntermittentDnFailures" classname="org.apache.hadoop.ozone.client.rpc.TestMultiBlockWritesWithDnFailures" time="146.953">
    <error message="Connection refused" type="java.net.ConnectException"><![CDATA[java.net.ConnectException: Connection refused
	at sun.nio.ch.SocketChannelImpl.checkConnect(Native Method)
	at sun.nio.ch.SocketChannelImpl.finishConnect(SocketChannelImpl.java:717)
	at org.apache.hadoop.net.SocketIOWithTimeout.connect(SocketIOWithTimeout.java:206)
	at org.apache.hadoop.net.NetUtils.connect(NetUtils.java:531)
	at org.apache.hadoop.ipc.Client$Connection.setupConnection(Client.java:690)
	at org.apache.hadoop.ipc.Client$Connection.setupIOstreams(Client.java:794)
	at org.apache.hadoop.ipc.Client$Connection.access$3700(Client.java:411)
	at org.apache.hadoop.ipc.Client.getConnection(Client.java:1572)
	at org.apache.hadoop.ipc.Client.call(Client.java:1403)
	at org.apache.hadoop.ipc.Client.call(Client.java:1367)
	at org.apache.hadoop.ipc.ProtobufRpcEngine$Invoker.invoke(ProtobufRpcEngine.java:228)
	at org.apache.hadoop.ipc.ProtobufRpcEngine$Invoker.invoke(ProtobufRpcEngine.java:116)
	at com.sun.proxy.$Proxy35.submitRequest(Unknown Source)
	at sun.reflect.NativeMethodAccessorImpl.invoke0(Native Method)
	at sun.reflect.NativeMethodAccessorImpl.invoke(NativeMethodAccessorImpl.java:62)
	at sun.reflect.DelegatingMethodAccessorImpl.invoke(DelegatingMethodAccessorImpl.java:43)
	at java.lang.reflect.Method.invoke(Method.java:498)
	at org.apache.hadoop.io.retry.RetryInvocationHandler.invokeMethod(RetryInvocationHandler.java:422)
	at org.apache.hadoop.io.retry.RetryInvocationHandler$Call.invokeMethod(RetryInvocationHandler.java:165)
	at org.apache.hadoop.io.retry.RetryInvocationHandler$Call.invoke(RetryInvocationHandler.java:157)
	at org.apache.hadoop.io.retry.RetryInvocationHandler$Call.invokeOnce(RetryInvocationHandler.java:95)
	at org.apache.hadoop.io.retry.RetryInvocationHandler.invoke(RetryInvocationHandler.java:359)
	at com.sun.proxy.$Proxy35.submitRequest(Unknown Source)
	at org.apache.hadoop.ozone.om.protocolPB.OzoneManagerProtocolClientSideTranslatorPB.submitRequest(OzoneManagerProtocolClientSideTranslatorPB.java:338)
	at org.apache.hadoop.ozone.om.protocolPB.OzoneManagerProtocolClientSideTranslatorPB.getServiceInfo(OzoneManagerProtocolClientSideTranslatorPB.java:1223)
	at sun.reflect.NativeMethodAccessorImpl.invoke0(Native Method)
	at sun.reflect.NativeMethodAccessorImpl.invoke(NativeMethodAccessorImpl.java:62)
	at sun.reflect.DelegatingMethodAccessorImpl.invoke(DelegatingMethodAccessorImpl.java:43)
	at java.lang.reflect.Method.invoke(Method.java:498)
	at org.apache.hadoop.hdds.tracing.TraceAllMethod.invoke(TraceAllMethod.java:66)
	at com.sun.proxy.$Proxy36.getServiceInfo(Unknown Source)
	at org.apache.hadoop.ozone.client.rpc.RpcClient.<init>(RpcClient.java:154)
	at org.apache.hadoop.ozone.client.OzoneClientFactory.getClientProtocol(OzoneClientFactory.java:256)
	at org.apache.hadoop.ozone.client.OzoneClientFactory.getClientProtocol(OzoneClientFactory.java:239)
	at org.apache.hadoop.ozone.client.OzoneClientFactory.getClient(OzoneClientFactory.java:75)
	at org.apache.hadoop.ozone.client.rpc.TestMultiBlockWritesWithDnFailures.startCluster(TestMultiBlockWritesWithDnFailures.java:96)
	at org.apache.hadoop.ozone.client.rpc.TestMultiBlockWritesWithDnFailures.testMultiBlockWritesWithIntermittentDnFailures(TestMultiBlockWritesWithDnFailures.java:160)
	at sun.reflect.NativeMethodAccessorImpl.invoke0(Native Method)
	at sun.reflect.NativeMethodAccessorImpl.invoke(NativeMethodAccessorImpl.java:62)
	at sun.reflect.DelegatingMethodAccessorImpl.invoke(DelegatingMethodAccessorImpl.java:43)
	at java.lang.reflect.Method.invoke(Method.java:498)
	at org.junit.runners.model.FrameworkMethod$1.runReflectiveCall(FrameworkMethod.java:47)
	at org.junit.internal.runners.model.ReflectiveCallable.run(ReflectiveCallable.java:12)
	at org.junit.runners.model.FrameworkMethod.invokeExplosively(FrameworkMethod.java:44)
	at org.junit.internal.runners.statements.InvokeMethod.evaluate(InvokeMethod.java:17)
	at org.junit.internal.runners.statements.RunAfters.evaluate(RunAfters.java:27)
	at org.junit.runners.ParentRunner.runLeaf(ParentRunner.java:271)
	at org.junit.runners.BlockJUnit4ClassRunner.runChild(BlockJUnit4ClassRunner.java:70)
	at org.junit.runners.BlockJUnit4ClassRunner.runChild(BlockJUnit4ClassRunner.java:50)
	at org.junit.runners.ParentRunner$3.run(ParentRunner.java:238)
	at org.junit.runners.ParentRunner$1.schedule(ParentRunner.java:63)
	at org.junit.runners.ParentRunner.runChildren(ParentRunner.java:236)
	at org.junit.runners.ParentRunner.access$000(ParentRunner.java:53)
	at org.junit.runners.ParentRunner$2.evaluate(ParentRunner.java:229)
	at org.junit.runners.ParentRunner.run(ParentRunner.java:309)
	at org.apache.maven.surefire.junit4.JUnit4Provider.execute(JUnit4Provider.java:365)
	at org.apache.maven.surefire.junit4.JUnit4Provider.executeWithRerun(JUnit4Provider.java:273)
	at org.apache.maven.surefire.junit4.JUnit4Provider.executeTestSet(JUnit4Provider.java:238)
	at org.apache.maven.surefire.junit4.JUnit4Provider.invoke(JUnit4Provider.java:159)
	at org.apache.maven.surefire.booter.ForkedBooter.invokeProviderInSameClassLoader(ForkedBooter.java:384)
	at org.apache.maven.surefire.booter.ForkedBooter.runSuitesInProcess(ForkedBooter.java:345)
	at org.apache.maven.surefire.booter.ForkedBooter.execute(ForkedBooter.java:126)
	at org.apache.maven.surefire.booter.ForkedBooter.main(ForkedBooter.java:418)
]]></error>
    <system-out><![CDATA[2019-09-27 10:12:33,136 [main] WARN  server.ServerUtils (ServerUtils.java:getScmDbDir(145)) - ozone.scm.db.dirs is not configured. We recommend adding this setting. Falling back to ozone.metadata.dirs instead.
2019-09-27 10:12:33,236 [main] WARN  server.ServerUtils (ServerUtils.java:getScmDbDir(145)) - ozone.scm.db.dirs is not configured. We recommend adding this setting. Falling back to ozone.metadata.dirs instead.
2019-09-27 10:12:33,239 [main] WARN  server.ServerUtils (ServerUtils.java:getScmDbDir(145)) - ozone.scm.db.dirs is not configured. We recommend adding this setting. Falling back to ozone.metadata.dirs instead.
2019-09-27 10:12:33,256 [main] INFO  util.log (Log.java:initialized(192)) - Logging initialized @865ms
2019-09-27 10:12:33,347 [main] INFO  db.DBStoreBuilder (DBStoreBuilder.java:addTable(110)) - using custom profile for table: deletedBlocks
2019-09-27 10:12:33,347 [main] INFO  db.DBStoreBuilder (DBStoreBuilder.java:processTables(161)) - Using default column profile:DBProfile.DISK for Table:deletedBlocks
2019-09-27 10:12:33,348 [main] INFO  db.DBStoreBuilder (DBStoreBuilder.java:addTable(110)) - using custom profile for table: validCerts
2019-09-27 10:12:33,348 [main] INFO  db.DBStoreBuilder (DBStoreBuilder.java:processTables(161)) - Using default column profile:DBProfile.DISK for Table:validCerts
2019-09-27 10:12:33,348 [main] INFO  db.DBStoreBuilder (DBStoreBuilder.java:addTable(110)) - using custom profile for table: revokedCerts
2019-09-27 10:12:33,349 [main] INFO  db.DBStoreBuilder (DBStoreBuilder.java:processTables(161)) - Using default column profile:DBProfile.DISK for Table:revokedCerts
2019-09-27 10:12:33,358 [main] INFO  db.DBStoreBuilder (DBStoreBuilder.java:addTable(110)) - using custom profile for table: default
2019-09-27 10:12:33,358 [main] INFO  db.DBStoreBuilder (DBStoreBuilder.java:processTables(167)) - Using default column profile:DBProfile.DISK for Table:default
2019-09-27 10:12:33,359 [main] INFO  db.DBStoreBuilder (DBStoreBuilder.java:getDbProfile(198)) - Using default options. DBProfile.DISK
2019-09-27 10:12:33,591 [main] INFO  net.NodeSchemaLoader (NodeSchemaLoader.java:loadSchemaFromFile(125)) - Loading file from sun.misc.CompoundEnumeration@14cd1699
2019-09-27 10:12:33,593 [main] INFO  net.NodeSchemaLoader (NodeSchemaLoader.java:loadSchema(171)) - Loading network topology layer schema file
2019-09-27 10:12:33,648 [main] INFO  node.SCMNodeManager (SCMNodeManager.java:<init>(114)) - Entering startup safe mode.
2019-09-27 10:12:33,706 [main] INFO  algorithms.ContainerPlacementPolicyFactory (ContainerPlacementPolicyFactory.java:getPolicy(57)) - Create container placement policy of type org.apache.hadoop.hdds.scm.container.placement.algorithms.SCMContainerPlacementRandom
2019-09-27 10:12:33,718 [main] WARN  server.ServerUtils (ServerUtils.java:getScmDbDir(145)) - ozone.scm.db.dirs is not configured. We recommend adding this setting. Falling back to ozone.metadata.dirs instead.
2019-09-27 10:12:33,786 [main] INFO  pipeline.SCMPipelineManager (SCMPipelineManager.java:initializePipelineState(132)) - No pipeline exists in current db
2019-09-27 10:12:33,789 [main] WARN  server.ServerUtils (ServerUtils.java:getScmDbDir(145)) - ozone.scm.db.dirs is not configured. We recommend adding this setting. Falling back to ozone.metadata.dirs instead.
2019-09-27 10:12:33,939 [main] WARN  events.EventQueue (EventQueue.java:fireEvent(183)) - No event handler registered for event TypedEvent{payloadType=SafeModeStatus, name='SafeModeStatus'}
2019-09-27 10:12:34,287 [main] INFO  ipc.CallQueueManager (CallQueueManager.java:<init>(84)) - Using callQueue: class java.util.concurrent.LinkedBlockingQueue, queueCapacity: 2000, scheduler: class org.apache.hadoop.ipc.DefaultRpcScheduler, ipcBackoff: false.
2019-09-27 10:12:34,314 [Socket Reader #1 for port 37950] INFO  ipc.Server (Server.java:run(1074)) - Starting Socket Reader #1 for port 37950
2019-09-27 10:12:34,464 [main] INFO  ipc.CallQueueManager (CallQueueManager.java:<init>(84)) - Using callQueue: class java.util.concurrent.LinkedBlockingQueue, queueCapacity: 2000, scheduler: class org.apache.hadoop.ipc.DefaultRpcScheduler, ipcBackoff: false.
2019-09-27 10:12:34,465 [Socket Reader #1 for port 39610] INFO  ipc.Server (Server.java:run(1074)) - Starting Socket Reader #1 for port 39610
2019-09-27 10:12:34,477 [main] INFO  ipc.CallQueueManager (CallQueueManager.java:<init>(84)) - Using callQueue: class java.util.concurrent.LinkedBlockingQueue, queueCapacity: 2000, scheduler: class org.apache.hadoop.ipc.DefaultRpcScheduler, ipcBackoff: false.
2019-09-27 10:12:34,478 [Socket Reader #1 for port 40902] INFO  ipc.Server (Server.java:run(1074)) - Starting Socket Reader #1 for port 40902
2019-09-27 10:12:34,505 [main] INFO  hdfs.DFSUtil (DFSUtil.java:httpServerTemplateForNNAndJN(1641)) - Starting Web-server for scm at: http://0.0.0.0:0
2019-09-27 10:12:34,689 [main] INFO  server.AuthenticationFilter (AuthenticationFilter.java:constructSecretProvider(240)) - Unable to initialize FileSignerSecretProvider, falling back to use random secrets.
2019-09-27 10:12:34,699 [main] WARN  http.HttpRequestLog (HttpRequestLog.java:getRequestLog(97)) - Jetty request log can only be enabled using Log4j
2019-09-27 10:12:34,708 [main] INFO  http.HttpServer2 (HttpServer2.java:addGlobalFilter(975)) - Added global filter 'safety' (class=org.apache.hadoop.http.HttpServer2$QuotingInputFilter)
2019-09-27 10:12:34,711 [main] INFO  http.HttpServer2 (HttpServer2.java:addFilter(948)) - Added filter static_user_filter (class=org.apache.hadoop.http.lib.StaticUserWebFilter$StaticUserFilter) to context scm
2019-09-27 10:12:34,711 [main] INFO  http.HttpServer2 (HttpServer2.java:addFilter(958)) - Added filter static_user_filter (class=org.apache.hadoop.http.lib.StaticUserWebFilter$StaticUserFilter) to context static
2019-09-27 10:12:34,712 [main] INFO  http.HttpServer2 (HttpServer2.java:addFilter(958)) - Added filter static_user_filter (class=org.apache.hadoop.http.lib.StaticUserWebFilter$StaticUserFilter) to context logs
2019-09-27 10:12:34,745 [main] INFO  server.StorageContainerManager (StorageContainerManager.java:start(770)) - StorageContainerLocationProtocol RPC server is listening at /0.0.0.0:40902
2019-09-27 10:12:34,818 [main] WARN  impl.MetricsConfig (MetricsConfig.java:loadFirst(134)) - Cannot locate configuration: tried hadoop-metrics2-storagecontainermanager.properties,hadoop-metrics2.properties
2019-09-27 10:12:34,833 [main] INFO  impl.MetricsSystemImpl (MetricsSystemImpl.java:startTimer(374)) - Scheduled Metric snapshot period at 10 second(s).
2019-09-27 10:12:34,834 [main] INFO  impl.MetricsSystemImpl (MetricsSystemImpl.java:start(191)) - StorageContainerManager metrics system started
2019-09-27 10:12:35,090 [main] INFO  server.SCMClientProtocolServer (SCMClientProtocolServer.java:start(151)) - RPC server for Client  is listening at /0.0.0.0:40902
2019-09-27 10:12:35,091 [IPC Server Responder] INFO  ipc.Server (Server.java:run(1314)) - IPC Server Responder: starting
2019-09-27 10:12:35,091 [IPC Server listener on 40902] INFO  ipc.Server (Server.java:run(1153)) - IPC Server listener on 40902: starting
2019-09-27 10:12:35,094 [main] INFO  server.StorageContainerManager (StorageContainerManager.java:start(780)) - ScmBlockLocationProtocol RPC server is listening at /0.0.0.0:39610
2019-09-27 10:12:35,095 [main] INFO  server.SCMBlockProtocolServer (SCMBlockProtocolServer.java:start(146)) - RPC server for Block Protocol is listening at /0.0.0.0:39610
2019-09-27 10:12:35,096 [IPC Server Responder] INFO  ipc.Server (Server.java:run(1314)) - IPC Server Responder: starting
2019-09-27 10:12:35,096 [IPC Server listener on 39610] INFO  ipc.Server (Server.java:run(1153)) - IPC Server listener on 39610: starting
2019-09-27 10:12:35,099 [main] INFO  server.StorageContainerManager (StorageContainerManager.java:start(784)) - ScmDatanodeProtocl RPC server is listening at /0.0.0.0:37950
2019-09-27 10:12:35,099 [main] INFO  server.SCMDatanodeProtocolServer (SCMDatanodeProtocolServer.java:start(191)) - RPC server for DataNodes is listening at /0.0.0.0:37950
2019-09-27 10:12:35,100 [IPC Server Responder] INFO  ipc.Server (Server.java:run(1314)) - IPC Server Responder: starting
2019-09-27 10:12:35,100 [IPC Server listener on 37950] INFO  ipc.Server (Server.java:run(1153)) - IPC Server listener on 37950: starting
2019-09-27 10:12:35,104 [main] INFO  http.HttpServer2 (HttpServer2.java:bindListener(1191)) - Jetty bound to port 36939
2019-09-27 10:12:35,105 [main] INFO  server.Server (Server.java:doStart(351)) - jetty-9.3.25.v20180904, build timestamp: 2018-09-04T21:11:46Z, git hash: 3ce520221d0240229c862b122d2b06c12a625732
2019-09-27 10:12:35,143 [main] INFO  handler.ContextHandler (ContextHandler.java:doStart(781)) - Started o.e.j.s.ServletContextHandler@2f17e30d{/logs,file:///workdir/hadoop-ozone/integration-test/target/log,AVAILABLE}
2019-09-27 10:12:35,144 [main] INFO  handler.ContextHandler (ContextHandler.java:doStart(781)) - Started o.e.j.s.ServletContextHandler@1d131e1b{/static,file:///workdir/hadoop-ozone/integration-test/target/test-classes/webapps/static,AVAILABLE}
2019-09-27 10:12:35,179 [main] INFO  handler.ContextHandler (ContextHandler.java:doStart(781)) - Started o.e.j.w.WebAppContext@660e9100{/,file:///workdir/hadoop-ozone/integration-test/target/test-classes/webapps/scm/,AVAILABLE}{/scm}
2019-09-27 10:12:35,185 [main] INFO  server.AbstractConnector (AbstractConnector.java:doStart(278)) - Started ServerConnector@5aabbb29{HTTP/1.1,[http/1.1]}{0.0.0.0:36939}
2019-09-27 10:12:35,185 [main] INFO  server.Server (Server.java:doStart(419)) - Started @2794ms
2019-09-27 10:12:35,187 [main] INFO  impl.MetricsSinkAdapter (MetricsSinkAdapter.java:start(204)) - Sink prometheus started
2019-09-27 10:12:35,188 [main] INFO  impl.MetricsSystemImpl (MetricsSystemImpl.java:registerSink(301)) - Registered sink prometheus
2019-09-27 10:12:35,189 [main] INFO  server.BaseHttpServer (BaseHttpServer.java:updateConnectorAddress(215)) - HTTP server of SCM is listening at http://0.0.0.0:36939
2019-09-27 10:12:35,195 [org.apache.hadoop.util.JvmPauseMonitor$Monitor@7927bd9f] INFO  util.JvmPauseMonitor (JvmPauseMonitor.java:run(188)) - Starting JVM pause monitor
2019-09-27 10:12:35,197 [main] WARN  server.ServerUtils (ServerUtils.java:getDBPath(222)) - ozone.om.db.dirs is not configured. We recommend adding this setting. Falling back to ozone.metadata.dirs instead.
2019-09-27 10:12:35,291 [main] INFO  ha.OMHANodeDetails (OMHANodeDetails.java:loadOMHAConfig(194)) - Configuration either no ozone.om.address set. Falling back to the default OM address /127.0.0.1:0
2019-09-27 10:12:35,292 [main] INFO  ha.OMHANodeDetails (OMHANodeDetails.java:getOMNodeDetails(224)) - OM Service ID is not set. Setting it to the default ID: omServiceIdDefault
2019-09-27 10:12:35,293 [main] WARN  server.ServerUtils (ServerUtils.java:getDBPath(222)) - ozone.om.db.dirs is not configured. We recommend adding this setting. Falling back to ozone.metadata.dirs instead.
2019-09-27 10:12:35,294 [main] WARN  server.ServerUtils (ServerUtils.java:getDBPath(222)) - ozone.om.db.dirs is not configured. We recommend adding this setting. Falling back to ozone.metadata.dirs instead.
2019-09-27 10:12:35,932 [main] WARN  server.ServerUtils (ServerUtils.java:getDBPath(222)) - ozone.om.db.dirs is not configured. We recommend adding this setting. Falling back to ozone.metadata.dirs instead.
2019-09-27 10:12:35,939 [main] INFO  db.DBStoreBuilder (DBStoreBuilder.java:addTable(110)) - using custom profile for table: userTable
2019-09-27 10:12:35,939 [main] INFO  db.DBStoreBuilder (DBStoreBuilder.java:processTables(161)) - Using default column profile:DBProfile.DISK for Table:userTable
2019-09-27 10:12:35,939 [main] INFO  db.DBStoreBuilder (DBStoreBuilder.java:addTable(110)) - using custom profile for table: volumeTable
2019-09-27 10:12:35,939 [main] INFO  db.DBStoreBuilder (DBStoreBuilder.java:processTables(161)) - Using default column profile:DBProfile.DISK for Table:volumeTable
2019-09-27 10:12:35,940 [main] INFO  db.DBStoreBuilder (DBStoreBuilder.java:addTable(110)) - using custom profile for table: bucketTable
2019-09-27 10:12:35,940 [main] INFO  db.DBStoreBuilder (DBStoreBuilder.java:processTables(161)) - Using default column profile:DBProfile.DISK for Table:bucketTable
2019-09-27 10:12:35,940 [main] INFO  db.DBStoreBuilder (DBStoreBuilder.java:addTable(110)) - using custom profile for table: keyTable
2019-09-27 10:12:35,940 [main] INFO  db.DBStoreBuilder (DBStoreBuilder.java:processTables(161)) - Using default column profile:DBProfile.DISK for Table:keyTable
2019-09-27 10:12:35,941 [main] INFO  db.DBStoreBuilder (DBStoreBuilder.java:addTable(110)) - using custom profile for table: deletedTable
2019-09-27 10:12:35,941 [main] INFO  db.DBStoreBuilder (DBStoreBuilder.java:processTables(161)) - Using default column profile:DBProfile.DISK for Table:deletedTable
2019-09-27 10:12:35,941 [main] INFO  db.DBStoreBuilder (DBStoreBuilder.java:addTable(110)) - using custom profile for table: openKeyTable
2019-09-27 10:12:35,941 [main] INFO  db.DBStoreBuilder (DBStoreBuilder.java:processTables(161)) - Using default column profile:DBProfile.DISK for Table:openKeyTable
2019-09-27 10:12:35,942 [main] INFO  db.DBStoreBuilder (DBStoreBuilder.java:addTable(110)) - using custom profile for table: s3Table
2019-09-27 10:12:35,942 [main] INFO  db.DBStoreBuilder (DBStoreBuilder.java:processTables(161)) - Using default column profile:DBProfile.DISK for Table:s3Table
2019-09-27 10:12:35,942 [main] INFO  db.DBStoreBuilder (DBStoreBuilder.java:addTable(110)) - using custom profile for table: multipartInfoTable
2019-09-27 10:12:35,942 [main] INFO  db.DBStoreBuilder (DBStoreBuilder.java:processTables(161)) - Using default column profile:DBProfile.DISK for Table:multipartInfoTable
2019-09-27 10:12:35,943 [main] INFO  db.DBStoreBuilder (DBStoreBuilder.java:addTable(110)) - using custom profile for table: dTokenTable
2019-09-27 10:12:35,943 [main] INFO  db.DBStoreBuilder (DBStoreBuilder.java:processTables(161)) - Using default column profile:DBProfile.DISK for Table:dTokenTable
2019-09-27 10:12:35,943 [main] INFO  db.DBStoreBuilder (DBStoreBuilder.java:addTable(110)) - using custom profile for table: s3SecretTable
2019-09-27 10:12:35,943 [main] INFO  db.DBStoreBuilder (DBStoreBuilder.java:processTables(161)) - Using default column profile:DBProfile.DISK for Table:s3SecretTable
2019-09-27 10:12:35,943 [main] INFO  db.DBStoreBuilder (DBStoreBuilder.java:addTable(110)) - using custom profile for table: prefixTable
2019-09-27 10:12:35,944 [main] INFO  db.DBStoreBuilder (DBStoreBuilder.java:processTables(161)) - Using default column profile:DBProfile.DISK for Table:prefixTable
2019-09-27 10:12:35,944 [main] INFO  db.DBStoreBuilder (DBStoreBuilder.java:addTable(110)) - using custom profile for table: default
2019-09-27 10:12:35,944 [main] INFO  db.DBStoreBuilder (DBStoreBuilder.java:processTables(167)) - Using default column profile:DBProfile.DISK for Table:default
2019-09-27 10:12:35,944 [main] INFO  db.DBStoreBuilder (DBStoreBuilder.java:getDbProfile(198)) - Using default options. DBProfile.DISK
2019-09-27 10:12:36,258 [main] INFO  ipc.CallQueueManager (CallQueueManager.java:<init>(84)) - Using callQueue: class java.util.concurrent.LinkedBlockingQueue, queueCapacity: 2000, scheduler: class org.apache.hadoop.ipc.DefaultRpcScheduler, ipcBackoff: false.
2019-09-27 10:12:36,259 [Socket Reader #1 for port 34383] INFO  ipc.Server (Server.java:run(1074)) - Starting Socket Reader #1 for port 34383
2019-09-27 10:12:36,276 [main] INFO  om.OzoneManager (OzoneManager.java:start(1069)) - OzoneManager RPC server is listening at localhost/127.0.0.1:34383
2019-09-27 10:12:36,276 [main] INFO  impl.MetricsSystemImpl (MetricsSystemImpl.java:init(158)) - OzoneManager metrics system started (again)
2019-09-27 10:12:36,277 [IPC Server Responder] INFO  ipc.Server (Server.java:run(1314)) - IPC Server Responder: starting
2019-09-27 10:12:36,277 [IPC Server listener on 34383] INFO  ipc.Server (Server.java:run(1153)) - IPC Server listener on 34383: starting
2019-09-27 10:12:36,281 [main] INFO  hdfs.DFSUtil (DFSUtil.java:httpServerTemplateForNNAndJN(1641)) - Starting Web-server for ozoneManager at: http://0.0.0.0:0
2019-09-27 10:12:36,283 [main] INFO  server.AuthenticationFilter (AuthenticationFilter.java:constructSecretProvider(240)) - Unable to initialize FileSignerSecretProvider, falling back to use random secrets.
2019-09-27 10:12:36,283 [main] WARN  http.HttpRequestLog (HttpRequestLog.java:getRequestLog(97)) - Jetty request log can only be enabled using Log4j
2019-09-27 10:12:36,285 [main] INFO  http.HttpServer2 (HttpServer2.java:addGlobalFilter(975)) - Added global filter 'safety' (class=org.apache.hadoop.http.HttpServer2$QuotingInputFilter)
2019-09-27 10:12:36,287 [main] INFO  http.HttpServer2 (HttpServer2.java:addFilter(948)) - Added filter static_user_filter (class=org.apache.hadoop.http.lib.StaticUserWebFilter$StaticUserFilter) to context ozoneManager
2019-09-27 10:12:36,287 [main] INFO  http.HttpServer2 (HttpServer2.java:addFilter(958)) - Added filter static_user_filter (class=org.apache.hadoop.http.lib.StaticUserWebFilter$StaticUserFilter) to context logs
2019-09-27 10:12:36,287 [main] INFO  http.HttpServer2 (HttpServer2.java:addFilter(958)) - Added filter static_user_filter (class=org.apache.hadoop.http.lib.StaticUserWebFilter$StaticUserFilter) to context static
2019-09-27 10:12:36,289 [main] INFO  http.HttpServer2 (HttpServer2.java:bindListener(1191)) - Jetty bound to port 44931
2019-09-27 10:12:36,289 [main] INFO  server.Server (Server.java:doStart(351)) - jetty-9.3.25.v20180904, build timestamp: 2018-09-04T21:11:46Z, git hash: 3ce520221d0240229c862b122d2b06c12a625732
2019-09-27 10:12:36,291 [main] INFO  handler.ContextHandler (ContextHandler.java:doStart(781)) - Started o.e.j.s.ServletContextHandler@49aa766b{/logs,file:///workdir/hadoop-ozone/integration-test/target/log,AVAILABLE}
2019-09-27 10:12:36,292 [main] INFO  handler.ContextHandler (ContextHandler.java:doStart(781)) - Started o.e.j.s.ServletContextHandler@65004ff6{/static,file:///workdir/hadoop-ozone/integration-test/target/test-classes/webapps/static,AVAILABLE}
2019-09-27 10:12:36,296 [main] INFO  handler.ContextHandler (ContextHandler.java:doStart(781)) - Started o.e.j.w.WebAppContext@4158debd{/,file:///workdir/hadoop-ozone/integration-test/target/test-classes/webapps/ozoneManager/,AVAILABLE}{/ozoneManager}
2019-09-27 10:12:36,296 [main] INFO  server.AbstractConnector (AbstractConnector.java:doStart(278)) - Started ServerConnector@af78c87{HTTP/1.1,[http/1.1]}{0.0.0.0:44931}
2019-09-27 10:12:36,297 [main] INFO  server.Server (Server.java:doStart(419)) - Started @3906ms
2019-09-27 10:12:36,297 [main] WARN  impl.MetricsSystemImpl (MetricsSystemImpl.java:register(276)) - Sink prometheus already exists!
2019-09-27 10:12:36,297 [main] INFO  server.BaseHttpServer (BaseHttpServer.java:updateConnectorAddress(215)) - HTTP server of OZONEMANAGER is listening at http://0.0.0.0:44931
2019-09-27 10:12:36,644 [main] INFO  impl.MetricsSystemImpl (MetricsSystemImpl.java:init(158)) - HddsDatanode metrics system started (again)
2019-09-27 10:12:36,713 [main] INFO  ozone.HddsDatanodeService (HddsDatanodeService.java:start(184)) - HddsDatanodeService host:pr-hdds2162-4fxhj-20988671 ip:192.168.151.103
2019-09-27 10:12:36,748 [main] INFO  volume.HddsVolume (HddsVolume.java:<init>(176)) - Creating Volume: /workdir/hadoop-ozone/integration-test/target/test-dir/MiniOzoneClusterImpl-7309d801-f179-460c-bf8c-3619c569ab1e/datanode-0/data/containers/hdds of  storage type : DISK and capacity : 1482555576320
2019-09-27 10:12:36,750 [main] INFO  volume.VolumeSet (VolumeSet.java:initializeVolumeSet(170)) - Added Volume : /workdir/hadoop-ozone/integration-test/target/test-dir/MiniOzoneClusterImpl-7309d801-f179-460c-bf8c-3619c569ab1e/datanode-0/data/containers/hdds to VolumeSet
2019-09-27 10:12:36,753 [main] INFO  volume.ThrottledAsyncChecker (ThrottledAsyncChecker.java:schedule(139)) - Scheduling a check for org.apache.hadoop.ozone.container.common.volume.HddsVolume@bb9ab64
2019-09-27 10:12:36,771 [main] INFO  volume.HddsVolumeChecker (HddsVolumeChecker.java:checkAllVolumes(202)) - Scheduled health check for volume org.apache.hadoop.ozone.container.common.volume.HddsVolume@bb9ab64
2019-09-27 10:12:36,875 [main] INFO  impl.RaftServerProxy (ConfUtils.java:logGet(43)) - raft.rpc.type = GRPC (default)
2019-09-27 10:12:36,938 [main] INFO  grpc.GrpcFactory (GrpcFactory.java:checkPooledByteBufAllocatorUseCacheForAllThreads(45)) - PERFORMANCE WARNING: useCacheForAllThreads is true that may cause Netty to create a lot garbage objects and, as a result, trigger GC.
	It is recommended to disable useCacheForAllThreads by setting -Dorg.apache.ratis.thirdparty.io.netty.allocator.useCacheForAllThreads=false in command line.
2019-09-27 10:12:36,943 [main] INFO  grpc.GrpcConfigKeys$Server (ConfUtils.java:logGet(43)) - raft.grpc.server.port = 0 (default)
2019-09-27 10:12:36,944 [main] INFO  server.GrpcService (ConfUtils.java:logGet(43)) - raft.grpc.message.size.max = 33570816 (custom)
2019-09-27 10:12:36,945 [main] INFO  server.RaftServerConfigKeys (ConfUtils.java:logGet(43)) - raft.server.log.appender.buffer.byte-limit = 33554432 (custom)
2019-09-27 10:12:36,946 [main] INFO  server.GrpcService (ConfUtils.java:logGet(43)) - raft.grpc.flow.control.window = 1MB (=1048576) (default)
2019-09-27 10:12:36,947 [main] INFO  server.RaftServerConfigKeys (ConfUtils.java:logGet(43)) - raft.server.rpc.request.timeout = 3000ms (default)
2019-09-27 10:12:37,104 [main] INFO  server.RaftServerConfigKeys (ConfUtils.java:logGet(43)) - raft.server.storage.dir = [/workdir/hadoop-ozone/integration-test/target/test-dir/MiniOzoneClusterImpl-7309d801-f179-460c-bf8c-3619c569ab1e/datanode-0/data/ratis] (custom)
2019-09-27 10:12:37,173 [main] INFO  hdfs.DFSUtil (DFSUtil.java:httpServerTemplateForNNAndJN(1641)) - Starting Web-server for hddsDatanode at: http://0.0.0.0:0
2019-09-27 10:12:37,176 [main] INFO  server.AuthenticationFilter (AuthenticationFilter.java:constructSecretProvider(240)) - Unable to initialize FileSignerSecretProvider, falling back to use random secrets.
2019-09-27 10:12:37,177 [main] WARN  http.HttpRequestLog (HttpRequestLog.java:getRequestLog(97)) - Jetty request log can only be enabled using Log4j
2019-09-27 10:12:37,180 [main] INFO  http.HttpServer2 (HttpServer2.java:addGlobalFilter(975)) - Added global filter 'safety' (class=org.apache.hadoop.http.HttpServer2$QuotingInputFilter)
2019-09-27 10:12:37,181 [main] INFO  http.HttpServer2 (HttpServer2.java:addFilter(948)) - Added filter static_user_filter (class=org.apache.hadoop.http.lib.StaticUserWebFilter$StaticUserFilter) to context hddsDatanode
2019-09-27 10:12:37,182 [main] INFO  http.HttpServer2 (HttpServer2.java:addFilter(958)) - Added filter static_user_filter (class=org.apache.hadoop.http.lib.StaticUserWebFilter$StaticUserFilter) to context static
2019-09-27 10:12:37,182 [main] INFO  http.HttpServer2 (HttpServer2.java:addFilter(958)) - Added filter static_user_filter (class=org.apache.hadoop.http.lib.StaticUserWebFilter$StaticUserFilter) to context logs
2019-09-27 10:12:37,184 [main] INFO  http.HttpServer2 (HttpServer2.java:bindListener(1191)) - Jetty bound to port 40160
2019-09-27 10:12:37,184 [main] INFO  server.Server (Server.java:doStart(351)) - jetty-9.3.25.v20180904, build timestamp: 2018-09-04T21:11:46Z, git hash: 3ce520221d0240229c862b122d2b06c12a625732
2019-09-27 10:12:37,187 [main] INFO  handler.ContextHandler (ContextHandler.java:doStart(781)) - Started o.e.j.s.ServletContextHandler@26f46fa6{/logs,file:///workdir/hadoop-ozone/integration-test/target/log,AVAILABLE}
2019-09-27 10:12:37,189 [main] INFO  handler.ContextHandler (ContextHandler.java:doStart(781)) - Started o.e.j.s.ServletContextHandler@9596ce8{/static,jar:file:/home/user/.m2/repository/org/apache/hadoop/hadoop-hdds-container-service/0.5.0-SNAPSHOT/hadoop-hdds-container-service-0.5.0-SNAPSHOT.jar!/webapps/static,AVAILABLE}
2019-09-27 10:12:37,237 [main] INFO  handler.ContextHandler (ContextHandler.java:doStart(781)) - Started o.e.j.w.WebAppContext@623dcf2a{/,file:///tmp/jetty-0.0.0.0-40160-hddsDatanode-_-any-3474066189139591585.dir/webapp/,AVAILABLE}{/hddsDatanode}
2019-09-27 10:12:37,238 [main] INFO  server.AbstractConnector (AbstractConnector.java:doStart(278)) - Started ServerConnector@2eae4349{HTTP/1.1,[http/1.1]}{0.0.0.0:40160}
2019-09-27 10:12:37,239 [main] INFO  server.Server (Server.java:doStart(419)) - Started @4848ms
2019-09-27 10:12:37,240 [main] WARN  impl.MetricsSystemImpl (MetricsSystemImpl.java:register(276)) - Sink prometheus already exists!
2019-09-27 10:12:37,241 [main] INFO  server.BaseHttpServer (BaseHttpServer.java:updateConnectorAddress(215)) - HTTP server of HDDSDATANODE is listening at http://0.0.0.0:40160
2019-09-27 10:12:37,242 [main] INFO  impl.MetricsSystemImpl (MetricsSystemImpl.java:init(158)) - HddsDatanode metrics system started (again)
2019-09-27 10:12:37,245 [main] INFO  ozone.HddsDatanodeService (HddsDatanodeService.java:start(184)) - HddsDatanodeService host:pr-hdds2162-4fxhj-20988671 ip:192.168.151.103
2019-09-27 10:12:37,249 [org.apache.hadoop.util.JvmPauseMonitor$Monitor@cb16b40] INFO  util.JvmPauseMonitor (JvmPauseMonitor.java:run(188)) - Starting JVM pause monitor
2019-09-27 10:12:37,255 [main] INFO  volume.HddsVolume (HddsVolume.java:<init>(176)) - Creating Volume: /workdir/hadoop-ozone/integration-test/target/test-dir/MiniOzoneClusterImpl-7309d801-f179-460c-bf8c-3619c569ab1e/datanode-1/data/containers/hdds of  storage type : DISK and capacity : 1482555576320
2019-09-27 10:12:37,256 [main] INFO  volume.VolumeSet (VolumeSet.java:initializeVolumeSet(170)) - Added Volume : /workdir/hadoop-ozone/integration-test/target/test-dir/MiniOzoneClusterImpl-7309d801-f179-460c-bf8c-3619c569ab1e/datanode-1/data/containers/hdds to VolumeSet
2019-09-27 10:12:37,256 [main] INFO  volume.ThrottledAsyncChecker (ThrottledAsyncChecker.java:schedule(139)) - Scheduling a check for org.apache.hadoop.ozone.container.common.volume.HddsVolume@561b61ed
2019-09-27 10:12:37,257 [main] INFO  volume.HddsVolumeChecker (HddsVolumeChecker.java:checkAllVolumes(202)) - Scheduled health check for volume org.apache.hadoop.ozone.container.common.volume.HddsVolume@561b61ed
2019-09-27 10:12:37,274 [main] INFO  impl.RaftServerProxy (ConfUtils.java:logGet(43)) - raft.rpc.type = GRPC (default)
2019-09-27 10:12:37,274 [main] INFO  grpc.GrpcFactory (GrpcFactory.java:checkPooledByteBufAllocatorUseCacheForAllThreads(45)) - PERFORMANCE WARNING: useCacheForAllThreads is true that may cause Netty to create a lot garbage objects and, as a result, trigger GC.
	It is recommended to disable useCacheForAllThreads by setting -Dorg.apache.ratis.thirdparty.io.netty.allocator.useCacheForAllThreads=false in command line.
2019-09-27 10:12:37,274 [main] INFO  grpc.GrpcConfigKeys$Server (ConfUtils.java:logGet(43)) - raft.grpc.server.port = 0 (default)
2019-09-27 10:12:37,274 [main] INFO  server.GrpcService (ConfUtils.java:logGet(43)) - raft.grpc.message.size.max = 33570816 (custom)
2019-09-27 10:12:37,275 [main] INFO  server.RaftServerConfigKeys (ConfUtils.java:logGet(43)) - raft.server.log.appender.buffer.byte-limit = 33554432 (custom)
2019-09-27 10:12:37,275 [main] INFO  server.GrpcService (ConfUtils.java:logGet(43)) - raft.grpc.flow.control.window = 1MB (=1048576) (default)
2019-09-27 10:12:37,275 [main] INFO  server.RaftServerConfigKeys (ConfUtils.java:logGet(43)) - raft.server.rpc.request.timeout = 3000ms (default)
2019-09-27 10:12:37,276 [main] INFO  server.RaftServerConfigKeys (ConfUtils.java:logGet(43)) - raft.server.storage.dir = [/workdir/hadoop-ozone/integration-test/target/test-dir/MiniOzoneClusterImpl-7309d801-f179-460c-bf8c-3619c569ab1e/datanode-1/data/ratis] (custom)
2019-09-27 10:12:37,277 [main] INFO  hdfs.DFSUtil (DFSUtil.java:httpServerTemplateForNNAndJN(1641)) - Starting Web-server for hddsDatanode at: http://0.0.0.0:0
2019-09-27 10:12:37,279 [main] INFO  server.AuthenticationFilter (AuthenticationFilter.java:constructSecretProvider(240)) - Unable to initialize FileSignerSecretProvider, falling back to use random secrets.
2019-09-27 10:12:37,279 [main] WARN  http.HttpRequestLog (HttpRequestLog.java:getRequestLog(97)) - Jetty request log can only be enabled using Log4j
2019-09-27 10:12:37,281 [main] INFO  http.HttpServer2 (HttpServer2.java:addGlobalFilter(975)) - Added global filter 'safety' (class=org.apache.hadoop.http.HttpServer2$QuotingInputFilter)
2019-09-27 10:12:37,282 [main] INFO  http.HttpServer2 (HttpServer2.java:addFilter(948)) - Added filter static_user_filter (class=org.apache.hadoop.http.lib.StaticUserWebFilter$StaticUserFilter) to context hddsDatanode
2019-09-27 10:12:37,282 [main] INFO  http.HttpServer2 (HttpServer2.java:addFilter(958)) - Added filter static_user_filter (class=org.apache.hadoop.http.lib.StaticUserWebFilter$StaticUserFilter) to context static
2019-09-27 10:12:37,282 [main] INFO  http.HttpServer2 (HttpServer2.java:addFilter(958)) - Added filter static_user_filter (class=org.apache.hadoop.http.lib.StaticUserWebFilter$StaticUserFilter) to context logs
2019-09-27 10:12:37,283 [main] INFO  http.HttpServer2 (HttpServer2.java:bindListener(1191)) - Jetty bound to port 33248
2019-09-27 10:12:37,283 [main] INFO  server.Server (Server.java:doStart(351)) - jetty-9.3.25.v20180904, build timestamp: 2018-09-04T21:11:46Z, git hash: 3ce520221d0240229c862b122d2b06c12a625732
2019-09-27 10:12:37,285 [main] INFO  handler.ContextHandler (ContextHandler.java:doStart(781)) - Started o.e.j.s.ServletContextHandler@3ed7821{/logs,file:///workdir/hadoop-ozone/integration-test/target/log,AVAILABLE}
2019-09-27 10:12:37,286 [main] INFO  handler.ContextHandler (ContextHandler.java:doStart(781)) - Started o.e.j.s.ServletContextHandler@4f0f7849{/static,jar:file:/home/user/.m2/repository/org/apache/hadoop/hadoop-hdds-container-service/0.5.0-SNAPSHOT/hadoop-hdds-container-service-0.5.0-SNAPSHOT.jar!/webapps/static,AVAILABLE}
2019-09-27 10:12:37,315 [main] INFO  handler.ContextHandler (ContextHandler.java:doStart(781)) - Started o.e.j.w.WebAppContext@62dbe64e{/,file:///tmp/jetty-0.0.0.0-33248-hddsDatanode-_-any-6378762045285318926.dir/webapp/,AVAILABLE}{/hddsDatanode}
2019-09-27 10:12:37,316 [main] INFO  server.AbstractConnector (AbstractConnector.java:doStart(278)) - Started ServerConnector@6cff61fc{HTTP/1.1,[http/1.1]}{0.0.0.0:33248}
2019-09-27 10:12:37,316 [main] INFO  server.Server (Server.java:doStart(419)) - Started @4926ms
2019-09-27 10:12:37,317 [main] WARN  impl.MetricsSystemImpl (MetricsSystemImpl.java:register(276)) - Sink prometheus already exists!
2019-09-27 10:12:37,318 [main] INFO  server.BaseHttpServer (BaseHttpServer.java:updateConnectorAddress(215)) - HTTP server of HDDSDATANODE is listening at http://0.0.0.0:33248
2019-09-27 10:12:37,319 [main] INFO  impl.MetricsSystemImpl (MetricsSystemImpl.java:init(158)) - HddsDatanode metrics system started (again)
2019-09-27 10:12:37,322 [main] INFO  ozone.HddsDatanodeService (HddsDatanodeService.java:start(184)) - HddsDatanodeService host:pr-hdds2162-4fxhj-20988671 ip:192.168.151.103
2019-09-27 10:12:37,322 [org.apache.hadoop.util.JvmPauseMonitor$Monitor@6506169c] INFO  util.JvmPauseMonitor (JvmPauseMonitor.java:run(188)) - Starting JVM pause monitor
2019-09-27 10:12:37,331 [main] INFO  volume.HddsVolume (HddsVolume.java:<init>(176)) - Creating Volume: /workdir/hadoop-ozone/integration-test/target/test-dir/MiniOzoneClusterImpl-7309d801-f179-460c-bf8c-3619c569ab1e/datanode-2/data/containers/hdds of  storage type : DISK and capacity : 1482555576320
2019-09-27 10:12:37,332 [main] INFO  volume.VolumeSet (VolumeSet.java:initializeVolumeSet(170)) - Added Volume : /workdir/hadoop-ozone/integration-test/target/test-dir/MiniOzoneClusterImpl-7309d801-f179-460c-bf8c-3619c569ab1e/datanode-2/data/containers/hdds to VolumeSet
2019-09-27 10:12:37,333 [main] INFO  volume.ThrottledAsyncChecker (ThrottledAsyncChecker.java:schedule(139)) - Scheduling a check for org.apache.hadoop.ozone.container.common.volume.HddsVolume@799ed4e8
2019-09-27 10:12:37,333 [main] INFO  volume.HddsVolumeChecker (HddsVolumeChecker.java:checkAllVolumes(202)) - Scheduled health check for volume org.apache.hadoop.ozone.container.common.volume.HddsVolume@799ed4e8
2019-09-27 10:12:37,356 [main] INFO  impl.RaftServerProxy (ConfUtils.java:logGet(43)) - raft.rpc.type = GRPC (default)
2019-09-27 10:12:37,357 [main] INFO  grpc.GrpcFactory (GrpcFactory.java:checkPooledByteBufAllocatorUseCacheForAllThreads(45)) - PERFORMANCE WARNING: useCacheForAllThreads is true that may cause Netty to create a lot garbage objects and, as a result, trigger GC.
	It is recommended to disable useCacheForAllThreads by setting -Dorg.apache.ratis.thirdparty.io.netty.allocator.useCacheForAllThreads=false in command line.
2019-09-27 10:12:37,358 [main] INFO  grpc.GrpcConfigKeys$Server (ConfUtils.java:logGet(43)) - raft.grpc.server.port = 0 (default)
2019-09-27 10:12:37,358 [main] INFO  server.GrpcService (ConfUtils.java:logGet(43)) - raft.grpc.message.size.max = 33570816 (custom)
2019-09-27 10:12:37,359 [main] INFO  server.RaftServerConfigKeys (ConfUtils.java:logGet(43)) - raft.server.log.appender.buffer.byte-limit = 33554432 (custom)
2019-09-27 10:12:37,359 [main] INFO  server.GrpcService (ConfUtils.java:logGet(43)) - raft.grpc.flow.control.window = 1MB (=1048576) (default)
2019-09-27 10:12:37,360 [main] INFO  server.RaftServerConfigKeys (ConfUtils.java:logGet(43)) - raft.server.rpc.request.timeout = 3000ms (default)
2019-09-27 10:12:37,362 [main] INFO  server.RaftServerConfigKeys (ConfUtils.java:logGet(43)) - raft.server.storage.dir = [/workdir/hadoop-ozone/integration-test/target/test-dir/MiniOzoneClusterImpl-7309d801-f179-460c-bf8c-3619c569ab1e/datanode-2/data/ratis] (custom)
2019-09-27 10:12:37,366 [main] INFO  hdfs.DFSUtil (DFSUtil.java:httpServerTemplateForNNAndJN(1641)) - Starting Web-server for hddsDatanode at: http://0.0.0.0:0
2019-09-27 10:12:37,368 [main] INFO  server.AuthenticationFilter (AuthenticationFilter.java:constructSecretProvider(240)) - Unable to initialize FileSignerSecretProvider, falling back to use random secrets.
2019-09-27 10:12:37,369 [main] WARN  http.HttpRequestLog (HttpRequestLog.java:getRequestLog(97)) - Jetty request log can only be enabled using Log4j
2019-09-27 10:12:37,371 [main] INFO  http.HttpServer2 (HttpServer2.java:addGlobalFilter(975)) - Added global filter 'safety' (class=org.apache.hadoop.http.HttpServer2$QuotingInputFilter)
2019-09-27 10:12:37,372 [main] INFO  http.HttpServer2 (HttpServer2.java:addFilter(948)) - Added filter static_user_filter (class=org.apache.hadoop.http.lib.StaticUserWebFilter$StaticUserFilter) to context hddsDatanode
2019-09-27 10:12:37,372 [main] INFO  http.HttpServer2 (HttpServer2.java:addFilter(958)) - Added filter static_user_filter (class=org.apache.hadoop.http.lib.StaticUserWebFilter$StaticUserFilter) to context logs
2019-09-27 10:12:37,372 [main] INFO  http.HttpServer2 (HttpServer2.java:addFilter(958)) - Added filter static_user_filter (class=org.apache.hadoop.http.lib.StaticUserWebFilter$StaticUserFilter) to context static
2019-09-27 10:12:37,373 [main] INFO  http.HttpServer2 (HttpServer2.java:bindListener(1191)) - Jetty bound to port 41807
2019-09-27 10:12:37,374 [main] INFO  server.Server (Server.java:doStart(351)) - jetty-9.3.25.v20180904, build timestamp: 2018-09-04T21:11:46Z, git hash: 3ce520221d0240229c862b122d2b06c12a625732
2019-09-27 10:12:37,382 [main] INFO  handler.ContextHandler (ContextHandler.java:doStart(781)) - Started o.e.j.s.ServletContextHandler@5a6d30e2{/logs,file:///workdir/hadoop-ozone/integration-test/target/log,AVAILABLE}
2019-09-27 10:12:37,382 [main] INFO  handler.ContextHandler (ContextHandler.java:doStart(781)) - Started o.e.j.s.ServletContextHandler@a098d76{/static,jar:file:/home/user/.m2/repository/org/apache/hadoop/hadoop-hdds-container-service/0.5.0-SNAPSHOT/hadoop-hdds-container-service-0.5.0-SNAPSHOT.jar!/webapps/static,AVAILABLE}
2019-09-27 10:12:37,412 [main] INFO  handler.ContextHandler (ContextHandler.java:doStart(781)) - Started o.e.j.w.WebAppContext@784abd3e{/,file:///tmp/jetty-0.0.0.0-41807-hddsDatanode-_-any-4339637635785436918.dir/webapp/,AVAILABLE}{/hddsDatanode}
2019-09-27 10:12:37,412 [main] INFO  server.AbstractConnector (AbstractConnector.java:doStart(278)) - Started ServerConnector@36c2b646{HTTP/1.1,[http/1.1]}{0.0.0.0:41807}
2019-09-27 10:12:37,414 [main] INFO  server.Server (Server.java:doStart(419)) - Started @5023ms
2019-09-27 10:12:37,417 [main] WARN  impl.MetricsSystemImpl (MetricsSystemImpl.java:register(276)) - Sink prometheus already exists!
2019-09-27 10:12:37,418 [main] INFO  server.BaseHttpServer (BaseHttpServer.java:updateConnectorAddress(215)) - HTTP server of HDDSDATANODE is listening at http://0.0.0.0:41807
2019-09-27 10:12:37,418 [main] INFO  impl.MetricsSystemImpl (MetricsSystemImpl.java:init(158)) - HddsDatanode metrics system started (again)
2019-09-27 10:12:37,422 [main] INFO  ozone.HddsDatanodeService (HddsDatanodeService.java:start(184)) - HddsDatanodeService host:pr-hdds2162-4fxhj-20988671 ip:192.168.151.103
2019-09-27 10:12:37,423 [org.apache.hadoop.util.JvmPauseMonitor$Monitor@4ac1b74d] INFO  util.JvmPauseMonitor (JvmPauseMonitor.java:run(188)) - Starting JVM pause monitor
2019-09-27 10:12:37,432 [main] INFO  volume.HddsVolume (HddsVolume.java:<init>(176)) - Creating Volume: /workdir/hadoop-ozone/integration-test/target/test-dir/MiniOzoneClusterImpl-7309d801-f179-460c-bf8c-3619c569ab1e/datanode-3/data/containers/hdds of  storage type : DISK and capacity : 1482555576320
2019-09-27 10:12:37,433 [main] INFO  volume.VolumeSet (VolumeSet.java:initializeVolumeSet(170)) - Added Volume : /workdir/hadoop-ozone/integration-test/target/test-dir/MiniOzoneClusterImpl-7309d801-f179-460c-bf8c-3619c569ab1e/datanode-3/data/containers/hdds to VolumeSet
2019-09-27 10:12:37,433 [main] INFO  volume.ThrottledAsyncChecker (ThrottledAsyncChecker.java:schedule(139)) - Scheduling a check for org.apache.hadoop.ozone.container.common.volume.HddsVolume@74ecacc3
2019-09-27 10:12:37,434 [main] INFO  volume.HddsVolumeChecker (HddsVolumeChecker.java:checkAllVolumes(202)) - Scheduled health check for volume org.apache.hadoop.ozone.container.common.volume.HddsVolume@74ecacc3
2019-09-27 10:12:37,435 [Datanode State Machine Thread - 0] INFO  datanode.InitDatanodeState (InitDatanodeState.java:persistContainerDatanodeDetails(140)) - DatanodeDetails is persisted to /workdir/hadoop-ozone/integration-test/target/test-dir/MiniOzoneClusterImpl-7309d801-f179-460c-bf8c-3619c569ab1e/datanode-0/meta/datanode.id
2019-09-27 10:12:37,440 [Datanode State Machine Thread - 0] INFO  datanode.InitDatanodeState (InitDatanodeState.java:persistContainerDatanodeDetails(140)) - DatanodeDetails is persisted to /workdir/hadoop-ozone/integration-test/target/test-dir/MiniOzoneClusterImpl-7309d801-f179-460c-bf8c-3619c569ab1e/datanode-2/meta/datanode.id
2019-09-27 10:12:37,442 [Datanode State Machine Thread - 0] INFO  datanode.InitDatanodeState (InitDatanodeState.java:persistContainerDatanodeDetails(140)) - DatanodeDetails is persisted to /workdir/hadoop-ozone/integration-test/target/test-dir/MiniOzoneClusterImpl-7309d801-f179-460c-bf8c-3619c569ab1e/datanode-1/meta/datanode.id
2019-09-27 10:12:37,450 [main] INFO  impl.RaftServerProxy (ConfUtils.java:logGet(43)) - raft.rpc.type = GRPC (default)
2019-09-27 10:12:37,451 [main] INFO  grpc.GrpcFactory (GrpcFactory.java:checkPooledByteBufAllocatorUseCacheForAllThreads(45)) - PERFORMANCE WARNING: useCacheForAllThreads is true that may cause Netty to create a lot garbage objects and, as a result, trigger GC.
	It is recommended to disable useCacheForAllThreads by setting -Dorg.apache.ratis.thirdparty.io.netty.allocator.useCacheForAllThreads=false in command line.
2019-09-27 10:12:37,451 [main] INFO  grpc.GrpcConfigKeys$Server (ConfUtils.java:logGet(43)) - raft.grpc.server.port = 0 (default)
2019-09-27 10:12:37,451 [main] INFO  server.GrpcService (ConfUtils.java:logGet(43)) - raft.grpc.message.size.max = 33570816 (custom)
2019-09-27 10:12:37,451 [main] INFO  server.RaftServerConfigKeys (ConfUtils.java:logGet(43)) - raft.server.log.appender.buffer.byte-limit = 33554432 (custom)
2019-09-27 10:12:37,452 [main] INFO  server.GrpcService (ConfUtils.java:logGet(43)) - raft.grpc.flow.control.window = 1MB (=1048576) (default)
2019-09-27 10:12:37,452 [main] INFO  server.RaftServerConfigKeys (ConfUtils.java:logGet(43)) - raft.server.rpc.request.timeout = 3000ms (default)
2019-09-27 10:12:37,453 [main] INFO  server.RaftServerConfigKeys (ConfUtils.java:logGet(43)) - raft.server.storage.dir = [/workdir/hadoop-ozone/integration-test/target/test-dir/MiniOzoneClusterImpl-7309d801-f179-460c-bf8c-3619c569ab1e/datanode-3/data/ratis] (custom)
2019-09-27 10:12:37,454 [main] INFO  hdfs.DFSUtil (DFSUtil.java:httpServerTemplateForNNAndJN(1641)) - Starting Web-server for hddsDatanode at: http://0.0.0.0:0
2019-09-27 10:12:37,455 [main] INFO  server.AuthenticationFilter (AuthenticationFilter.java:constructSecretProvider(240)) - Unable to initialize FileSignerSecretProvider, falling back to use random secrets.
2019-09-27 10:12:37,456 [main] WARN  http.HttpRequestLog (HttpRequestLog.java:getRequestLog(97)) - Jetty request log can only be enabled using Log4j
2019-09-27 10:12:37,457 [main] INFO  http.HttpServer2 (HttpServer2.java:addGlobalFilter(975)) - Added global filter 'safety' (class=org.apache.hadoop.http.HttpServer2$QuotingInputFilter)
2019-09-27 10:12:37,458 [main] INFO  http.HttpServer2 (HttpServer2.java:addFilter(948)) - Added filter static_user_filter (class=org.apache.hadoop.http.lib.StaticUserWebFilter$StaticUserFilter) to context hddsDatanode
2019-09-27 10:12:37,458 [main] INFO  http.HttpServer2 (HttpServer2.java:addFilter(958)) - Added filter static_user_filter (class=org.apache.hadoop.http.lib.StaticUserWebFilter$StaticUserFilter) to context logs
2019-09-27 10:12:37,458 [main] INFO  http.HttpServer2 (HttpServer2.java:addFilter(958)) - Added filter static_user_filter (class=org.apache.hadoop.http.lib.StaticUserWebFilter$StaticUserFilter) to context static
2019-09-27 10:12:37,459 [main] INFO  http.HttpServer2 (HttpServer2.java:bindListener(1191)) - Jetty bound to port 33412
2019-09-27 10:12:37,459 [main] INFO  server.Server (Server.java:doStart(351)) - jetty-9.3.25.v20180904, build timestamp: 2018-09-04T21:11:46Z, git hash: 3ce520221d0240229c862b122d2b06c12a625732
2019-09-27 10:12:37,462 [main] INFO  handler.ContextHandler (ContextHandler.java:doStart(781)) - Started o.e.j.s.ServletContextHandler@252a8aae{/logs,file:///workdir/hadoop-ozone/integration-test/target/log,AVAILABLE}
2019-09-27 10:12:37,462 [main] INFO  handler.ContextHandler (ContextHandler.java:doStart(781)) - Started o.e.j.s.ServletContextHandler@54e2fe{/static,jar:file:/home/user/.m2/repository/org/apache/hadoop/hadoop-hdds-container-service/0.5.0-SNAPSHOT/hadoop-hdds-container-service-0.5.0-SNAPSHOT.jar!/webapps/static,AVAILABLE}
2019-09-27 10:12:37,490 [main] INFO  handler.ContextHandler (ContextHandler.java:doStart(781)) - Started o.e.j.w.WebAppContext@46349b95{/,file:///tmp/jetty-0.0.0.0-33412-hddsDatanode-_-any-9206933497573505831.dir/webapp/,AVAILABLE}{/hddsDatanode}
2019-09-27 10:12:37,491 [main] INFO  server.AbstractConnector (AbstractConnector.java:doStart(278)) - Started ServerConnector@176996c3{HTTP/1.1,[http/1.1]}{0.0.0.0:33412}
2019-09-27 10:12:37,492 [main] INFO  server.Server (Server.java:doStart(419)) - Started @5101ms
2019-09-27 10:12:37,492 [main] WARN  impl.MetricsSystemImpl (MetricsSystemImpl.java:register(276)) - Sink prometheus already exists!
2019-09-27 10:12:37,494 [main] INFO  server.BaseHttpServer (BaseHttpServer.java:updateConnectorAddress(215)) - HTTP server of HDDSDATANODE is listening at http://0.0.0.0:33412
2019-09-27 10:12:37,494 [main] INFO  impl.MetricsSystemImpl (MetricsSystemImpl.java:init(158)) - HddsDatanode metrics system started (again)
2019-09-27 10:12:37,498 [main] INFO  ozone.HddsDatanodeService (HddsDatanodeService.java:start(184)) - HddsDatanodeService host:pr-hdds2162-4fxhj-20988671 ip:192.168.151.103
2019-09-27 10:12:37,498 [org.apache.hadoop.util.JvmPauseMonitor$Monitor@39e2c039] INFO  util.JvmPauseMonitor (JvmPauseMonitor.java:run(188)) - Starting JVM pause monitor
2019-09-27 10:12:37,502 [Datanode State Machine Thread - 0] INFO  datanode.InitDatanodeState (InitDatanodeState.java:persistContainerDatanodeDetails(140)) - DatanodeDetails is persisted to /workdir/hadoop-ozone/integration-test/target/test-dir/MiniOzoneClusterImpl-7309d801-f179-460c-bf8c-3619c569ab1e/datanode-3/meta/datanode.id
2019-09-27 10:12:37,507 [main] INFO  volume.HddsVolume (HddsVolume.java:<init>(176)) - Creating Volume: /workdir/hadoop-ozone/integration-test/target/test-dir/MiniOzoneClusterImpl-7309d801-f179-460c-bf8c-3619c569ab1e/datanode-4/data/containers/hdds of  storage type : DISK and capacity : 1482555576320
2019-09-27 10:12:37,508 [main] INFO  volume.VolumeSet (VolumeSet.java:initializeVolumeSet(170)) - Added Volume : /workdir/hadoop-ozone/integration-test/target/test-dir/MiniOzoneClusterImpl-7309d801-f179-460c-bf8c-3619c569ab1e/datanode-4/data/containers/hdds to VolumeSet
2019-09-27 10:12:37,508 [main] INFO  volume.ThrottledAsyncChecker (ThrottledAsyncChecker.java:schedule(139)) - Scheduling a check for org.apache.hadoop.ozone.container.common.volume.HddsVolume@333c8791
2019-09-27 10:12:37,508 [main] INFO  volume.HddsVolumeChecker (HddsVolumeChecker.java:checkAllVolumes(202)) - Scheduled health check for volume org.apache.hadoop.ozone.container.common.volume.HddsVolume@333c8791
2019-09-27 10:12:37,522 [main] INFO  impl.RaftServerProxy (ConfUtils.java:logGet(43)) - raft.rpc.type = GRPC (default)
2019-09-27 10:12:37,522 [main] INFO  grpc.GrpcFactory (GrpcFactory.java:checkPooledByteBufAllocatorUseCacheForAllThreads(45)) - PERFORMANCE WARNING: useCacheForAllThreads is true that may cause Netty to create a lot garbage objects and, as a result, trigger GC.
	It is recommended to disable useCacheForAllThreads by setting -Dorg.apache.ratis.thirdparty.io.netty.allocator.useCacheForAllThreads=false in command line.
2019-09-27 10:12:37,522 [main] INFO  grpc.GrpcConfigKeys$Server (ConfUtils.java:logGet(43)) - raft.grpc.server.port = 0 (default)
2019-09-27 10:12:37,522 [main] INFO  server.GrpcService (ConfUtils.java:logGet(43)) - raft.grpc.message.size.max = 33570816 (custom)
2019-09-27 10:12:37,523 [main] INFO  server.RaftServerConfigKeys (ConfUtils.java:logGet(43)) - raft.server.log.appender.buffer.byte-limit = 33554432 (custom)
2019-09-27 10:12:37,523 [main] INFO  server.GrpcService (ConfUtils.java:logGet(43)) - raft.grpc.flow.control.window = 1MB (=1048576) (default)
2019-09-27 10:12:37,523 [main] INFO  server.RaftServerConfigKeys (ConfUtils.java:logGet(43)) - raft.server.rpc.request.timeout = 3000ms (default)
2019-09-27 10:12:37,524 [main] INFO  server.RaftServerConfigKeys (ConfUtils.java:logGet(43)) - raft.server.storage.dir = [/workdir/hadoop-ozone/integration-test/target/test-dir/MiniOzoneClusterImpl-7309d801-f179-460c-bf8c-3619c569ab1e/datanode-4/data/ratis] (custom)
2019-09-27 10:12:37,525 [main] INFO  hdfs.DFSUtil (DFSUtil.java:httpServerTemplateForNNAndJN(1641)) - Starting Web-server for hddsDatanode at: http://0.0.0.0:0
2019-09-27 10:12:37,526 [main] INFO  server.AuthenticationFilter (AuthenticationFilter.java:constructSecretProvider(240)) - Unable to initialize FileSignerSecretProvider, falling back to use random secrets.
2019-09-27 10:12:37,527 [main] WARN  http.HttpRequestLog (HttpRequestLog.java:getRequestLog(97)) - Jetty request log can only be enabled using Log4j
2019-09-27 10:12:37,528 [main] INFO  http.HttpServer2 (HttpServer2.java:addGlobalFilter(975)) - Added global filter 'safety' (class=org.apache.hadoop.http.HttpServer2$QuotingInputFilter)
2019-09-27 10:12:37,529 [main] INFO  http.HttpServer2 (HttpServer2.java:addFilter(948)) - Added filter static_user_filter (class=org.apache.hadoop.http.lib.StaticUserWebFilter$StaticUserFilter) to context hddsDatanode
2019-09-27 10:12:37,529 [main] INFO  http.HttpServer2 (HttpServer2.java:addFilter(958)) - Added filter static_user_filter (class=org.apache.hadoop.http.lib.StaticUserWebFilter$StaticUserFilter) to context logs
2019-09-27 10:12:37,529 [main] INFO  http.HttpServer2 (HttpServer2.java:addFilter(958)) - Added filter static_user_filter (class=org.apache.hadoop.http.lib.StaticUserWebFilter$StaticUserFilter) to context static
2019-09-27 10:12:37,530 [main] INFO  http.HttpServer2 (HttpServer2.java:bindListener(1191)) - Jetty bound to port 33770
2019-09-27 10:12:37,530 [main] INFO  server.Server (Server.java:doStart(351)) - jetty-9.3.25.v20180904, build timestamp: 2018-09-04T21:11:46Z, git hash: 3ce520221d0240229c862b122d2b06c12a625732
2019-09-27 10:12:37,538 [main] INFO  handler.ContextHandler (ContextHandler.java:doStart(781)) - Started o.e.j.s.ServletContextHandler@25aeb5ac{/logs,file:///workdir/hadoop-ozone/integration-test/target/log,AVAILABLE}
2019-09-27 10:12:37,538 [main] INFO  handler.ContextHandler (ContextHandler.java:doStart(781)) - Started o.e.j.s.ServletContextHandler@3bd2af5b{/static,jar:file:/home/user/.m2/repository/org/apache/hadoop/hadoop-hdds-container-service/0.5.0-SNAPSHOT/hadoop-hdds-container-service-0.5.0-SNAPSHOT.jar!/webapps/static,AVAILABLE}
2019-09-27 10:12:37,566 [main] INFO  handler.ContextHandler (ContextHandler.java:doStart(781)) - Started o.e.j.w.WebAppContext@2b7962a2{/,file:///tmp/jetty-0.0.0.0-33770-hddsDatanode-_-any-5771213122531172772.dir/webapp/,AVAILABLE}{/hddsDatanode}
2019-09-27 10:12:37,567 [main] INFO  server.AbstractConnector (AbstractConnector.java:doStart(278)) - Started ServerConnector@6ad16c5d{HTTP/1.1,[http/1.1]}{0.0.0.0:33770}
2019-09-27 10:12:37,568 [main] INFO  server.Server (Server.java:doStart(419)) - Started @5177ms
2019-09-27 10:12:37,569 [main] WARN  impl.MetricsSystemImpl (MetricsSystemImpl.java:register(276)) - Sink prometheus already exists!
2019-09-27 10:12:37,570 [main] INFO  server.BaseHttpServer (BaseHttpServer.java:updateConnectorAddress(215)) - HTTP server of HDDSDATANODE is listening at http://0.0.0.0:33770
2019-09-27 10:12:37,571 [main] INFO  impl.MetricsSystemImpl (MetricsSystemImpl.java:init(158)) - HddsDatanode metrics system started (again)
2019-09-27 10:12:37,574 [main] INFO  ozone.HddsDatanodeService (HddsDatanodeService.java:start(184)) - HddsDatanodeService host:pr-hdds2162-4fxhj-20988671 ip:192.168.151.103
2019-09-27 10:12:37,575 [org.apache.hadoop.util.JvmPauseMonitor$Monitor@75f210b5] INFO  util.JvmPauseMonitor (JvmPauseMonitor.java:run(188)) - Starting JVM pause monitor
2019-09-27 10:12:37,578 [Datanode State Machine Thread - 0] INFO  datanode.InitDatanodeState (InitDatanodeState.java:persistContainerDatanodeDetails(140)) - DatanodeDetails is persisted to /workdir/hadoop-ozone/integration-test/target/test-dir/MiniOzoneClusterImpl-7309d801-f179-460c-bf8c-3619c569ab1e/datanode-4/meta/datanode.id
2019-09-27 10:12:37,584 [main] INFO  volume.HddsVolume (HddsVolume.java:<init>(176)) - Creating Volume: /workdir/hadoop-ozone/integration-test/target/test-dir/MiniOzoneClusterImpl-7309d801-f179-460c-bf8c-3619c569ab1e/datanode-5/data/containers/hdds of  storage type : DISK and capacity : 1482555576320
2019-09-27 10:12:37,585 [main] INFO  volume.VolumeSet (VolumeSet.java:initializeVolumeSet(170)) - Added Volume : /workdir/hadoop-ozone/integration-test/target/test-dir/MiniOzoneClusterImpl-7309d801-f179-460c-bf8c-3619c569ab1e/datanode-5/data/containers/hdds to VolumeSet
2019-09-27 10:12:37,585 [main] INFO  volume.ThrottledAsyncChecker (ThrottledAsyncChecker.java:schedule(139)) - Scheduling a check for org.apache.hadoop.ozone.container.common.volume.HddsVolume@4596f8f3
2019-09-27 10:12:37,585 [main] INFO  volume.HddsVolumeChecker (HddsVolumeChecker.java:checkAllVolumes(202)) - Scheduled health check for volume org.apache.hadoop.ozone.container.common.volume.HddsVolume@4596f8f3
2019-09-27 10:12:37,599 [main] INFO  impl.RaftServerProxy (ConfUtils.java:logGet(43)) - raft.rpc.type = GRPC (default)
2019-09-27 10:12:37,599 [main] INFO  grpc.GrpcFactory (GrpcFactory.java:checkPooledByteBufAllocatorUseCacheForAllThreads(45)) - PERFORMANCE WARNING: useCacheForAllThreads is true that may cause Netty to create a lot garbage objects and, as a result, trigger GC.
	It is recommended to disable useCacheForAllThreads by setting -Dorg.apache.ratis.thirdparty.io.netty.allocator.useCacheForAllThreads=false in command line.
2019-09-27 10:12:37,599 [main] INFO  grpc.GrpcConfigKeys$Server (ConfUtils.java:logGet(43)) - raft.grpc.server.port = 0 (default)
2019-09-27 10:12:37,599 [main] INFO  server.GrpcService (ConfUtils.java:logGet(43)) - raft.grpc.message.size.max = 33570816 (custom)
2019-09-27 10:12:37,600 [main] INFO  server.RaftServerConfigKeys (ConfUtils.java:logGet(43)) - raft.server.log.appender.buffer.byte-limit = 33554432 (custom)
2019-09-27 10:12:37,600 [main] INFO  server.GrpcService (ConfUtils.java:logGet(43)) - raft.grpc.flow.control.window = 1MB (=1048576) (default)
2019-09-27 10:12:37,600 [main] INFO  server.RaftServerConfigKeys (ConfUtils.java:logGet(43)) - raft.server.rpc.request.timeout = 3000ms (default)
2019-09-27 10:12:37,601 [main] INFO  server.RaftServerConfigKeys (ConfUtils.java:logGet(43)) - raft.server.storage.dir = [/workdir/hadoop-ozone/integration-test/target/test-dir/MiniOzoneClusterImpl-7309d801-f179-460c-bf8c-3619c569ab1e/datanode-5/data/ratis] (custom)
2019-09-27 10:12:37,602 [main] INFO  hdfs.DFSUtil (DFSUtil.java:httpServerTemplateForNNAndJN(1641)) - Starting Web-server for hddsDatanode at: http://0.0.0.0:0
2019-09-27 10:12:37,603 [main] INFO  server.AuthenticationFilter (AuthenticationFilter.java:constructSecretProvider(240)) - Unable to initialize FileSignerSecretProvider, falling back to use random secrets.
2019-09-27 10:12:37,604 [main] WARN  http.HttpRequestLog (HttpRequestLog.java:getRequestLog(97)) - Jetty request log can only be enabled using Log4j
2019-09-27 10:12:37,605 [main] INFO  http.HttpServer2 (HttpServer2.java:addGlobalFilter(975)) - Added global filter 'safety' (class=org.apache.hadoop.http.HttpServer2$QuotingInputFilter)
2019-09-27 10:12:37,606 [main] INFO  http.HttpServer2 (HttpServer2.java:addFilter(948)) - Added filter static_user_filter (class=org.apache.hadoop.http.lib.StaticUserWebFilter$StaticUserFilter) to context hddsDatanode
2019-09-27 10:12:37,606 [main] INFO  http.HttpServer2 (HttpServer2.java:addFilter(958)) - Added filter static_user_filter (class=org.apache.hadoop.http.lib.StaticUserWebFilter$StaticUserFilter) to context logs
2019-09-27 10:12:37,606 [main] INFO  http.HttpServer2 (HttpServer2.java:addFilter(958)) - Added filter static_user_filter (class=org.apache.hadoop.http.lib.StaticUserWebFilter$StaticUserFilter) to context static
2019-09-27 10:12:37,607 [main] INFO  http.HttpServer2 (HttpServer2.java:bindListener(1191)) - Jetty bound to port 36232
2019-09-27 10:12:37,607 [main] INFO  server.Server (Server.java:doStart(351)) - jetty-9.3.25.v20180904, build timestamp: 2018-09-04T21:11:46Z, git hash: 3ce520221d0240229c862b122d2b06c12a625732
2019-09-27 10:12:37,609 [main] INFO  handler.ContextHandler (ContextHandler.java:doStart(781)) - Started o.e.j.s.ServletContextHandler@3b545206{/logs,file:///workdir/hadoop-ozone/integration-test/target/log,AVAILABLE}
2019-09-27 10:12:37,609 [main] INFO  handler.ContextHandler (ContextHandler.java:doStart(781)) - Started o.e.j.s.ServletContextHandler@181d8899{/static,jar:file:/home/user/.m2/repository/org/apache/hadoop/hadoop-hdds-container-service/0.5.0-SNAPSHOT/hadoop-hdds-container-service-0.5.0-SNAPSHOT.jar!/webapps/static,AVAILABLE}
2019-09-27 10:12:37,637 [main] INFO  handler.ContextHandler (ContextHandler.java:doStart(781)) - Started o.e.j.w.WebAppContext@1f346ad2{/,file:///tmp/jetty-0.0.0.0-36232-hddsDatanode-_-any-4120223129203551302.dir/webapp/,AVAILABLE}{/hddsDatanode}
2019-09-27 10:12:37,638 [main] INFO  server.AbstractConnector (AbstractConnector.java:doStart(278)) - Started ServerConnector@46a145ba{HTTP/1.1,[http/1.1]}{0.0.0.0:36232}
2019-09-27 10:12:37,639 [main] INFO  server.Server (Server.java:doStart(419)) - Started @5248ms
2019-09-27 10:12:37,640 [main] WARN  impl.MetricsSystemImpl (MetricsSystemImpl.java:register(276)) - Sink prometheus already exists!
2019-09-27 10:12:37,641 [main] INFO  server.BaseHttpServer (BaseHttpServer.java:updateConnectorAddress(215)) - HTTP server of HDDSDATANODE is listening at http://0.0.0.0:36232
2019-09-27 10:12:37,641 [main] INFO  impl.MetricsSystemImpl (MetricsSystemImpl.java:init(158)) - HddsDatanode metrics system started (again)
2019-09-27 10:12:37,645 [main] INFO  ozone.HddsDatanodeService (HddsDatanodeService.java:start(184)) - HddsDatanodeService host:pr-hdds2162-4fxhj-20988671 ip:192.168.151.103
2019-09-27 10:12:37,646 [org.apache.hadoop.util.JvmPauseMonitor$Monitor@2622faa3] INFO  util.JvmPauseMonitor (JvmPauseMonitor.java:run(188)) - Starting JVM pause monitor
2019-09-27 10:12:37,652 [Datanode State Machine Thread - 0] INFO  datanode.InitDatanodeState (InitDatanodeState.java:persistContainerDatanodeDetails(140)) - DatanodeDetails is persisted to /workdir/hadoop-ozone/integration-test/target/test-dir/MiniOzoneClusterImpl-7309d801-f179-460c-bf8c-3619c569ab1e/datanode-5/meta/datanode.id
2019-09-27 10:12:37,658 [main] INFO  volume.HddsVolume (HddsVolume.java:<init>(176)) - Creating Volume: /workdir/hadoop-ozone/integration-test/target/test-dir/MiniOzoneClusterImpl-7309d801-f179-460c-bf8c-3619c569ab1e/datanode-6/data/containers/hdds of  storage type : DISK and capacity : 1482555576320
2019-09-27 10:12:37,659 [main] INFO  volume.VolumeSet (VolumeSet.java:initializeVolumeSet(170)) - Added Volume : /workdir/hadoop-ozone/integration-test/target/test-dir/MiniOzoneClusterImpl-7309d801-f179-460c-bf8c-3619c569ab1e/datanode-6/data/containers/hdds to VolumeSet
2019-09-27 10:12:37,659 [main] INFO  volume.ThrottledAsyncChecker (ThrottledAsyncChecker.java:schedule(139)) - Scheduling a check for org.apache.hadoop.ozone.container.common.volume.HddsVolume@67514bdd
2019-09-27 10:12:37,659 [main] INFO  volume.HddsVolumeChecker (HddsVolumeChecker.java:checkAllVolumes(202)) - Scheduled health check for volume org.apache.hadoop.ozone.container.common.volume.HddsVolume@67514bdd
2019-09-27 10:12:37,677 [main] INFO  impl.RaftServerProxy (ConfUtils.java:logGet(43)) - raft.rpc.type = GRPC (default)
2019-09-27 10:12:37,677 [main] INFO  grpc.GrpcFactory (GrpcFactory.java:checkPooledByteBufAllocatorUseCacheForAllThreads(45)) - PERFORMANCE WARNING: useCacheForAllThreads is true that may cause Netty to create a lot garbage objects and, as a result, trigger GC.
	It is recommended to disable useCacheForAllThreads by setting -Dorg.apache.ratis.thirdparty.io.netty.allocator.useCacheForAllThreads=false in command line.
2019-09-27 10:12:37,677 [main] INFO  grpc.GrpcConfigKeys$Server (ConfUtils.java:logGet(43)) - raft.grpc.server.port = 0 (default)
2019-09-27 10:12:37,678 [main] INFO  server.GrpcService (ConfUtils.java:logGet(43)) - raft.grpc.message.size.max = 33570816 (custom)
2019-09-27 10:12:37,678 [main] INFO  server.RaftServerConfigKeys (ConfUtils.java:logGet(43)) - raft.server.log.appender.buffer.byte-limit = 33554432 (custom)
2019-09-27 10:12:37,678 [main] INFO  server.GrpcService (ConfUtils.java:logGet(43)) - raft.grpc.flow.control.window = 1MB (=1048576) (default)
2019-09-27 10:12:37,678 [main] INFO  server.RaftServerConfigKeys (ConfUtils.java:logGet(43)) - raft.server.rpc.request.timeout = 3000ms (default)
2019-09-27 10:12:37,679 [main] INFO  server.RaftServerConfigKeys (ConfUtils.java:logGet(43)) - raft.server.storage.dir = [/workdir/hadoop-ozone/integration-test/target/test-dir/MiniOzoneClusterImpl-7309d801-f179-460c-bf8c-3619c569ab1e/datanode-6/data/ratis] (custom)
2019-09-27 10:12:37,680 [main] INFO  hdfs.DFSUtil (DFSUtil.java:httpServerTemplateForNNAndJN(1641)) - Starting Web-server for hddsDatanode at: http://0.0.0.0:0
2019-09-27 10:12:37,682 [main] INFO  server.AuthenticationFilter (AuthenticationFilter.java:constructSecretProvider(240)) - Unable to initialize FileSignerSecretProvider, falling back to use random secrets.
2019-09-27 10:12:37,682 [main] WARN  http.HttpRequestLog (HttpRequestLog.java:getRequestLog(97)) - Jetty request log can only be enabled using Log4j
2019-09-27 10:12:37,683 [main] INFO  http.HttpServer2 (HttpServer2.java:addGlobalFilter(975)) - Added global filter 'safety' (class=org.apache.hadoop.http.HttpServer2$QuotingInputFilter)
2019-09-27 10:12:37,684 [main] INFO  http.HttpServer2 (HttpServer2.java:addFilter(948)) - Added filter static_user_filter (class=org.apache.hadoop.http.lib.StaticUserWebFilter$StaticUserFilter) to context hddsDatanode
2019-09-27 10:12:37,684 [main] INFO  http.HttpServer2 (HttpServer2.java:addFilter(958)) - Added filter static_user_filter (class=org.apache.hadoop.http.lib.StaticUserWebFilter$StaticUserFilter) to context logs
2019-09-27 10:12:37,684 [main] INFO  http.HttpServer2 (HttpServer2.java:addFilter(958)) - Added filter static_user_filter (class=org.apache.hadoop.http.lib.StaticUserWebFilter$StaticUserFilter) to context static
2019-09-27 10:12:37,685 [main] INFO  http.HttpServer2 (HttpServer2.java:bindListener(1191)) - Jetty bound to port 34067
2019-09-27 10:12:37,685 [main] INFO  server.Server (Server.java:doStart(351)) - jetty-9.3.25.v20180904, build timestamp: 2018-09-04T21:11:46Z, git hash: 3ce520221d0240229c862b122d2b06c12a625732
2019-09-27 10:12:37,687 [main] INFO  handler.ContextHandler (ContextHandler.java:doStart(781)) - Started o.e.j.s.ServletContextHandler@31c628e7{/logs,file:///workdir/hadoop-ozone/integration-test/target/log,AVAILABLE}
2019-09-27 10:12:37,687 [main] INFO  handler.ContextHandler (ContextHandler.java:doStart(781)) - Started o.e.j.s.ServletContextHandler@58434b19{/static,jar:file:/home/user/.m2/repository/org/apache/hadoop/hadoop-hdds-container-service/0.5.0-SNAPSHOT/hadoop-hdds-container-service-0.5.0-SNAPSHOT.jar!/webapps/static,AVAILABLE}
2019-09-27 10:12:37,729 [main] INFO  handler.ContextHandler (ContextHandler.java:doStart(781)) - Started o.e.j.w.WebAppContext@3b27b497{/,file:///tmp/jetty-0.0.0.0-34067-hddsDatanode-_-any-330618427431487665.dir/webapp/,AVAILABLE}{/hddsDatanode}
2019-09-27 10:12:37,730 [main] INFO  server.AbstractConnector (AbstractConnector.java:doStart(278)) - Started ServerConnector@b1534d3{HTTP/1.1,[http/1.1]}{0.0.0.0:34067}
2019-09-27 10:12:37,731 [main] INFO  server.Server (Server.java:doStart(419)) - Started @5340ms
2019-09-27 10:12:37,735 [main] WARN  impl.MetricsSystemImpl (MetricsSystemImpl.java:register(276)) - Sink prometheus already exists!
2019-09-27 10:12:37,736 [main] INFO  server.BaseHttpServer (BaseHttpServer.java:updateConnectorAddress(215)) - HTTP server of HDDSDATANODE is listening at http://0.0.0.0:34067
2019-09-27 10:12:37,736 [main] INFO  impl.MetricsSystemImpl (MetricsSystemImpl.java:init(158)) - HddsDatanode metrics system started (again)
2019-09-27 10:12:37,741 [org.apache.hadoop.util.JvmPauseMonitor$Monitor@2bc1b0f5] INFO  util.JvmPauseMonitor (JvmPauseMonitor.java:run(188)) - Starting JVM pause monitor
2019-09-27 10:12:37,743 [main] INFO  ozone.HddsDatanodeService (HddsDatanodeService.java:start(184)) - HddsDatanodeService host:pr-hdds2162-4fxhj-20988671 ip:192.168.151.103
2019-09-27 10:12:37,745 [Datanode State Machine Thread - 0] INFO  datanode.InitDatanodeState (InitDatanodeState.java:persistContainerDatanodeDetails(140)) - DatanodeDetails is persisted to /workdir/hadoop-ozone/integration-test/target/test-dir/MiniOzoneClusterImpl-7309d801-f179-460c-bf8c-3619c569ab1e/datanode-6/meta/datanode.id
2019-09-27 10:12:37,753 [main] INFO  volume.HddsVolume (HddsVolume.java:<init>(176)) - Creating Volume: /workdir/hadoop-ozone/integration-test/target/test-dir/MiniOzoneClusterImpl-7309d801-f179-460c-bf8c-3619c569ab1e/datanode-7/data/containers/hdds of  storage type : DISK and capacity : 1482555576320
2019-09-27 10:12:37,754 [main] INFO  volume.VolumeSet (VolumeSet.java:initializeVolumeSet(170)) - Added Volume : /workdir/hadoop-ozone/integration-test/target/test-dir/MiniOzoneClusterImpl-7309d801-f179-460c-bf8c-3619c569ab1e/datanode-7/data/containers/hdds to VolumeSet
2019-09-27 10:12:37,754 [main] INFO  volume.ThrottledAsyncChecker (ThrottledAsyncChecker.java:schedule(139)) - Scheduling a check for org.apache.hadoop.ozone.container.common.volume.HddsVolume@6cd3ad8a
2019-09-27 10:12:37,754 [main] INFO  volume.HddsVolumeChecker (HddsVolumeChecker.java:checkAllVolumes(202)) - Scheduled health check for volume org.apache.hadoop.ozone.container.common.volume.HddsVolume@6cd3ad8a
2019-09-27 10:12:37,772 [main] INFO  impl.RaftServerProxy (ConfUtils.java:logGet(43)) - raft.rpc.type = GRPC (default)
2019-09-27 10:12:37,772 [main] INFO  grpc.GrpcFactory (GrpcFactory.java:checkPooledByteBufAllocatorUseCacheForAllThreads(45)) - PERFORMANCE WARNING: useCacheForAllThreads is true that may cause Netty to create a lot garbage objects and, as a result, trigger GC.
	It is recommended to disable useCacheForAllThreads by setting -Dorg.apache.ratis.thirdparty.io.netty.allocator.useCacheForAllThreads=false in command line.
2019-09-27 10:12:37,773 [main] INFO  grpc.GrpcConfigKeys$Server (ConfUtils.java:logGet(43)) - raft.grpc.server.port = 0 (default)
2019-09-27 10:12:37,773 [main] INFO  server.GrpcService (ConfUtils.java:logGet(43)) - raft.grpc.message.size.max = 33570816 (custom)
2019-09-27 10:12:37,773 [main] INFO  server.RaftServerConfigKeys (ConfUtils.java:logGet(43)) - raft.server.log.appender.buffer.byte-limit = 33554432 (custom)
2019-09-27 10:12:37,774 [main] INFO  server.GrpcService (ConfUtils.java:logGet(43)) - raft.grpc.flow.control.window = 1MB (=1048576) (default)
2019-09-27 10:12:37,774 [main] INFO  server.RaftServerConfigKeys (ConfUtils.java:logGet(43)) - raft.server.rpc.request.timeout = 3000ms (default)
2019-09-27 10:12:37,775 [main] INFO  server.RaftServerConfigKeys (ConfUtils.java:logGet(43)) - raft.server.storage.dir = [/workdir/hadoop-ozone/integration-test/target/test-dir/MiniOzoneClusterImpl-7309d801-f179-460c-bf8c-3619c569ab1e/datanode-7/data/ratis] (custom)
2019-09-27 10:12:37,776 [main] INFO  hdfs.DFSUtil (DFSUtil.java:httpServerTemplateForNNAndJN(1641)) - Starting Web-server for hddsDatanode at: http://0.0.0.0:0
2019-09-27 10:12:37,778 [main] INFO  server.AuthenticationFilter (AuthenticationFilter.java:constructSecretProvider(240)) - Unable to initialize FileSignerSecretProvider, falling back to use random secrets.
2019-09-27 10:12:37,779 [main] WARN  http.HttpRequestLog (HttpRequestLog.java:getRequestLog(97)) - Jetty request log can only be enabled using Log4j
2019-09-27 10:12:37,780 [main] INFO  http.HttpServer2 (HttpServer2.java:addGlobalFilter(975)) - Added global filter 'safety' (class=org.apache.hadoop.http.HttpServer2$QuotingInputFilter)
2019-09-27 10:12:37,781 [main] INFO  http.HttpServer2 (HttpServer2.java:addFilter(948)) - Added filter static_user_filter (class=org.apache.hadoop.http.lib.StaticUserWebFilter$StaticUserFilter) to context hddsDatanode
2019-09-27 10:12:37,781 [main] INFO  http.HttpServer2 (HttpServer2.java:addFilter(958)) - Added filter static_user_filter (class=org.apache.hadoop.http.lib.StaticUserWebFilter$StaticUserFilter) to context static
2019-09-27 10:12:37,782 [main] INFO  http.HttpServer2 (HttpServer2.java:addFilter(958)) - Added filter static_user_filter (class=org.apache.hadoop.http.lib.StaticUserWebFilter$StaticUserFilter) to context logs
2019-09-27 10:12:37,783 [main] INFO  http.HttpServer2 (HttpServer2.java:bindListener(1191)) - Jetty bound to port 45632
2019-09-27 10:12:37,783 [main] INFO  server.Server (Server.java:doStart(351)) - jetty-9.3.25.v20180904, build timestamp: 2018-09-04T21:11:46Z, git hash: 3ce520221d0240229c862b122d2b06c12a625732
2019-09-27 10:12:37,785 [main] INFO  handler.ContextHandler (ContextHandler.java:doStart(781)) - Started o.e.j.s.ServletContextHandler@6ada9c0c{/logs,file:///workdir/hadoop-ozone/integration-test/target/log,AVAILABLE}
2019-09-27 10:12:37,786 [main] INFO  handler.ContextHandler (ContextHandler.java:doStart(781)) - Started o.e.j.s.ServletContextHandler@6e7c351d{/static,jar:file:/home/user/.m2/repository/org/apache/hadoop/hadoop-hdds-container-service/0.5.0-SNAPSHOT/hadoop-hdds-container-service-0.5.0-SNAPSHOT.jar!/webapps/static,AVAILABLE}
2019-09-27 10:12:37,821 [main] INFO  handler.ContextHandler (ContextHandler.java:doStart(781)) - Started o.e.j.w.WebAppContext@7c847072{/,file:///tmp/jetty-0.0.0.0-45632-hddsDatanode-_-any-2871921614464252230.dir/webapp/,AVAILABLE}{/hddsDatanode}
2019-09-27 10:12:37,822 [main] INFO  server.AbstractConnector (AbstractConnector.java:doStart(278)) - Started ServerConnector@43d9f1a2{HTTP/1.1,[http/1.1]}{0.0.0.0:45632}
2019-09-27 10:12:37,823 [main] INFO  server.Server (Server.java:doStart(419)) - Started @5432ms
2019-09-27 10:12:37,823 [main] WARN  impl.MetricsSystemImpl (MetricsSystemImpl.java:register(276)) - Sink prometheus already exists!
2019-09-27 10:12:37,824 [main] INFO  server.BaseHttpServer (BaseHttpServer.java:updateConnectorAddress(215)) - HTTP server of HDDSDATANODE is listening at http://0.0.0.0:45632
2019-09-27 10:12:37,825 [main] INFO  impl.MetricsSystemImpl (MetricsSystemImpl.java:init(158)) - HddsDatanode metrics system started (again)
2019-09-27 10:12:37,831 [main] INFO  ozone.HddsDatanodeService (HddsDatanodeService.java:start(184)) - HddsDatanodeService host:pr-hdds2162-4fxhj-20988671 ip:192.168.151.103
2019-09-27 10:12:37,831 [org.apache.hadoop.util.JvmPauseMonitor$Monitor@95fabfe] INFO  util.JvmPauseMonitor (JvmPauseMonitor.java:run(188)) - Starting JVM pause monitor
2019-09-27 10:12:37,835 [Datanode State Machine Thread - 0] INFO  datanode.InitDatanodeState (InitDatanodeState.java:persistContainerDatanodeDetails(140)) - DatanodeDetails is persisted to /workdir/hadoop-ozone/integration-test/target/test-dir/MiniOzoneClusterImpl-7309d801-f179-460c-bf8c-3619c569ab1e/datanode-7/meta/datanode.id
2019-09-27 10:12:37,843 [main] INFO  volume.HddsVolume (HddsVolume.java:<init>(176)) - Creating Volume: /workdir/hadoop-ozone/integration-test/target/test-dir/MiniOzoneClusterImpl-7309d801-f179-460c-bf8c-3619c569ab1e/datanode-8/data/containers/hdds of  storage type : DISK and capacity : 1482555576320
2019-09-27 10:12:37,843 [main] INFO  volume.VolumeSet (VolumeSet.java:initializeVolumeSet(170)) - Added Volume : /workdir/hadoop-ozone/integration-test/target/test-dir/MiniOzoneClusterImpl-7309d801-f179-460c-bf8c-3619c569ab1e/datanode-8/data/containers/hdds to VolumeSet
2019-09-27 10:12:37,844 [main] INFO  volume.ThrottledAsyncChecker (ThrottledAsyncChecker.java:schedule(139)) - Scheduling a check for org.apache.hadoop.ozone.container.common.volume.HddsVolume@30ca0779
2019-09-27 10:12:37,844 [main] INFO  volume.HddsVolumeChecker (HddsVolumeChecker.java:checkAllVolumes(202)) - Scheduled health check for volume org.apache.hadoop.ozone.container.common.volume.HddsVolume@30ca0779
2019-09-27 10:12:37,863 [main] INFO  impl.RaftServerProxy (ConfUtils.java:logGet(43)) - raft.rpc.type = GRPC (default)
2019-09-27 10:12:37,864 [main] INFO  grpc.GrpcFactory (GrpcFactory.java:checkPooledByteBufAllocatorUseCacheForAllThreads(45)) - PERFORMANCE WARNING: useCacheForAllThreads is true that may cause Netty to create a lot garbage objects and, as a result, trigger GC.
	It is recommended to disable useCacheForAllThreads by setting -Dorg.apache.ratis.thirdparty.io.netty.allocator.useCacheForAllThreads=false in command line.
2019-09-27 10:12:37,864 [main] INFO  grpc.GrpcConfigKeys$Server (ConfUtils.java:logGet(43)) - raft.grpc.server.port = 0 (default)
2019-09-27 10:12:37,864 [main] INFO  server.GrpcService (ConfUtils.java:logGet(43)) - raft.grpc.message.size.max = 33570816 (custom)
2019-09-27 10:12:37,864 [main] INFO  server.RaftServerConfigKeys (ConfUtils.java:logGet(43)) - raft.server.log.appender.buffer.byte-limit = 33554432 (custom)
2019-09-27 10:12:37,865 [main] INFO  server.GrpcService (ConfUtils.java:logGet(43)) - raft.grpc.flow.control.window = 1MB (=1048576) (default)
2019-09-27 10:12:37,865 [main] INFO  server.RaftServerConfigKeys (ConfUtils.java:logGet(43)) - raft.server.rpc.request.timeout = 3000ms (default)
2019-09-27 10:12:37,866 [main] INFO  server.RaftServerConfigKeys (ConfUtils.java:logGet(43)) - raft.server.storage.dir = [/workdir/hadoop-ozone/integration-test/target/test-dir/MiniOzoneClusterImpl-7309d801-f179-460c-bf8c-3619c569ab1e/datanode-8/data/ratis] (custom)
2019-09-27 10:12:37,868 [main] INFO  hdfs.DFSUtil (DFSUtil.java:httpServerTemplateForNNAndJN(1641)) - Starting Web-server for hddsDatanode at: http://0.0.0.0:0
2019-09-27 10:12:37,869 [main] INFO  server.AuthenticationFilter (AuthenticationFilter.java:constructSecretProvider(240)) - Unable to initialize FileSignerSecretProvider, falling back to use random secrets.
2019-09-27 10:12:37,870 [main] WARN  http.HttpRequestLog (HttpRequestLog.java:getRequestLog(97)) - Jetty request log can only be enabled using Log4j
2019-09-27 10:12:37,871 [main] INFO  http.HttpServer2 (HttpServer2.java:addGlobalFilter(975)) - Added global filter 'safety' (class=org.apache.hadoop.http.HttpServer2$QuotingInputFilter)
2019-09-27 10:12:37,872 [main] INFO  http.HttpServer2 (HttpServer2.java:addFilter(948)) - Added filter static_user_filter (class=org.apache.hadoop.http.lib.StaticUserWebFilter$StaticUserFilter) to context hddsDatanode
2019-09-27 10:12:37,872 [main] INFO  http.HttpServer2 (HttpServer2.java:addFilter(958)) - Added filter static_user_filter (class=org.apache.hadoop.http.lib.StaticUserWebFilter$StaticUserFilter) to context logs
2019-09-27 10:12:37,872 [main] INFO  http.HttpServer2 (HttpServer2.java:addFilter(958)) - Added filter static_user_filter (class=org.apache.hadoop.http.lib.StaticUserWebFilter$StaticUserFilter) to context static
2019-09-27 10:12:37,873 [main] INFO  http.HttpServer2 (HttpServer2.java:bindListener(1191)) - Jetty bound to port 39618
2019-09-27 10:12:37,873 [main] INFO  server.Server (Server.java:doStart(351)) - jetty-9.3.25.v20180904, build timestamp: 2018-09-04T21:11:46Z, git hash: 3ce520221d0240229c862b122d2b06c12a625732
2019-09-27 10:12:37,875 [main] INFO  handler.ContextHandler (ContextHandler.java:doStart(781)) - Started o.e.j.s.ServletContextHandler@6f70a21b{/logs,file:///workdir/hadoop-ozone/integration-test/target/log,AVAILABLE}
2019-09-27 10:12:37,876 [main] INFO  handler.ContextHandler (ContextHandler.java:doStart(781)) - Started o.e.j.s.ServletContextHandler@2e869098{/static,jar:file:/home/user/.m2/repository/org/apache/hadoop/hadoop-hdds-container-service/0.5.0-SNAPSHOT/hadoop-hdds-container-service-0.5.0-SNAPSHOT.jar!/webapps/static,AVAILABLE}
2019-09-27 10:12:37,904 [main] INFO  handler.ContextHandler (ContextHandler.java:doStart(781)) - Started o.e.j.w.WebAppContext@424de326{/,file:///tmp/jetty-0.0.0.0-39618-hddsDatanode-_-any-3960222420639775639.dir/webapp/,AVAILABLE}{/hddsDatanode}
2019-09-27 10:12:37,905 [main] INFO  server.AbstractConnector (AbstractConnector.java:doStart(278)) - Started ServerConnector@4bc33720{HTTP/1.1,[http/1.1]}{0.0.0.0:39618}
2019-09-27 10:12:37,907 [main] INFO  server.Server (Server.java:doStart(419)) - Started @5516ms
2019-09-27 10:12:37,907 [main] WARN  impl.MetricsSystemImpl (MetricsSystemImpl.java:register(276)) - Sink prometheus already exists!
2019-09-27 10:12:37,907 [main] INFO  server.BaseHttpServer (BaseHttpServer.java:updateConnectorAddress(215)) - HTTP server of HDDSDATANODE is listening at http://0.0.0.0:39618
2019-09-27 10:12:37,908 [main] INFO  impl.MetricsSystemImpl (MetricsSystemImpl.java:init(158)) - HddsDatanode metrics system started (again)
2019-09-27 10:12:37,913 [org.apache.hadoop.util.JvmPauseMonitor$Monitor@189f21d7] INFO  util.JvmPauseMonitor (JvmPauseMonitor.java:run(188)) - Starting JVM pause monitor
2019-09-27 10:12:37,913 [main] INFO  ozone.HddsDatanodeService (HddsDatanodeService.java:start(184)) - HddsDatanodeService host:pr-hdds2162-4fxhj-20988671 ip:192.168.151.103
2019-09-27 10:12:37,917 [Datanode State Machine Thread - 0] INFO  datanode.InitDatanodeState (InitDatanodeState.java:persistContainerDatanodeDetails(140)) - DatanodeDetails is persisted to /workdir/hadoop-ozone/integration-test/target/test-dir/MiniOzoneClusterImpl-7309d801-f179-460c-bf8c-3619c569ab1e/datanode-8/meta/datanode.id
2019-09-27 10:12:37,922 [main] INFO  volume.HddsVolume (HddsVolume.java:<init>(176)) - Creating Volume: /workdir/hadoop-ozone/integration-test/target/test-dir/MiniOzoneClusterImpl-7309d801-f179-460c-bf8c-3619c569ab1e/datanode-9/data/containers/hdds of  storage type : DISK and capacity : 1482555576320
2019-09-27 10:12:37,923 [main] INFO  volume.VolumeSet (VolumeSet.java:initializeVolumeSet(170)) - Added Volume : /workdir/hadoop-ozone/integration-test/target/test-dir/MiniOzoneClusterImpl-7309d801-f179-460c-bf8c-3619c569ab1e/datanode-9/data/containers/hdds to VolumeSet
2019-09-27 10:12:37,923 [main] INFO  volume.ThrottledAsyncChecker (ThrottledAsyncChecker.java:schedule(139)) - Scheduling a check for org.apache.hadoop.ozone.container.common.volume.HddsVolume@4e49ce2b
2019-09-27 10:12:37,923 [main] INFO  volume.HddsVolumeChecker (HddsVolumeChecker.java:checkAllVolumes(202)) - Scheduled health check for volume org.apache.hadoop.ozone.container.common.volume.HddsVolume@4e49ce2b
2019-09-27 10:12:37,938 [main] INFO  impl.RaftServerProxy (ConfUtils.java:logGet(43)) - raft.rpc.type = GRPC (default)
2019-09-27 10:12:37,939 [main] INFO  grpc.GrpcFactory (GrpcFactory.java:checkPooledByteBufAllocatorUseCacheForAllThreads(45)) - PERFORMANCE WARNING: useCacheForAllThreads is true that may cause Netty to create a lot garbage objects and, as a result, trigger GC.
	It is recommended to disable useCacheForAllThreads by setting -Dorg.apache.ratis.thirdparty.io.netty.allocator.useCacheForAllThreads=false in command line.
2019-09-27 10:12:37,939 [main] INFO  grpc.GrpcConfigKeys$Server (ConfUtils.java:logGet(43)) - raft.grpc.server.port = 0 (default)
2019-09-27 10:12:37,939 [main] INFO  server.GrpcService (ConfUtils.java:logGet(43)) - raft.grpc.message.size.max = 33570816 (custom)
2019-09-27 10:12:37,939 [main] INFO  server.RaftServerConfigKeys (ConfUtils.java:logGet(43)) - raft.server.log.appender.buffer.byte-limit = 33554432 (custom)
2019-09-27 10:12:37,940 [main] INFO  server.GrpcService (ConfUtils.java:logGet(43)) - raft.grpc.flow.control.window = 1MB (=1048576) (default)
2019-09-27 10:12:37,940 [main] INFO  server.RaftServerConfigKeys (ConfUtils.java:logGet(43)) - raft.server.rpc.request.timeout = 3000ms (default)
2019-09-27 10:12:37,940 [main] INFO  server.RaftServerConfigKeys (ConfUtils.java:logGet(43)) - raft.server.storage.dir = [/workdir/hadoop-ozone/integration-test/target/test-dir/MiniOzoneClusterImpl-7309d801-f179-460c-bf8c-3619c569ab1e/datanode-9/data/ratis] (custom)
2019-09-27 10:12:37,942 [main] INFO  hdfs.DFSUtil (DFSUtil.java:httpServerTemplateForNNAndJN(1641)) - Starting Web-server for hddsDatanode at: http://0.0.0.0:0
2019-09-27 10:12:37,943 [main] INFO  server.AuthenticationFilter (AuthenticationFilter.java:constructSecretProvider(240)) - Unable to initialize FileSignerSecretProvider, falling back to use random secrets.
2019-09-27 10:12:37,944 [main] WARN  http.HttpRequestLog (HttpRequestLog.java:getRequestLog(97)) - Jetty request log can only be enabled using Log4j
2019-09-27 10:12:37,945 [main] INFO  http.HttpServer2 (HttpServer2.java:addGlobalFilter(975)) - Added global filter 'safety' (class=org.apache.hadoop.http.HttpServer2$QuotingInputFilter)
2019-09-27 10:12:37,946 [main] INFO  http.HttpServer2 (HttpServer2.java:addFilter(948)) - Added filter static_user_filter (class=org.apache.hadoop.http.lib.StaticUserWebFilter$StaticUserFilter) to context hddsDatanode
2019-09-27 10:12:37,946 [main] INFO  http.HttpServer2 (HttpServer2.java:addFilter(958)) - Added filter static_user_filter (class=org.apache.hadoop.http.lib.StaticUserWebFilter$StaticUserFilter) to context logs
2019-09-27 10:12:37,946 [main] INFO  http.HttpServer2 (HttpServer2.java:addFilter(958)) - Added filter static_user_filter (class=org.apache.hadoop.http.lib.StaticUserWebFilter$StaticUserFilter) to context static
2019-09-27 10:12:37,947 [main] INFO  http.HttpServer2 (HttpServer2.java:bindListener(1191)) - Jetty bound to port 44809
2019-09-27 10:12:37,947 [main] INFO  server.Server (Server.java:doStart(351)) - jetty-9.3.25.v20180904, build timestamp: 2018-09-04T21:11:46Z, git hash: 3ce520221d0240229c862b122d2b06c12a625732
2019-09-27 10:12:37,949 [main] INFO  handler.ContextHandler (ContextHandler.java:doStart(781)) - Started o.e.j.s.ServletContextHandler@446626a7{/logs,file:///workdir/hadoop-ozone/integration-test/target/log,AVAILABLE}
2019-09-27 10:12:37,949 [main] INFO  handler.ContextHandler (ContextHandler.java:doStart(781)) - Started o.e.j.s.ServletContextHandler@4a2929a4{/static,jar:file:/home/user/.m2/repository/org/apache/hadoop/hadoop-hdds-container-service/0.5.0-SNAPSHOT/hadoop-hdds-container-service-0.5.0-SNAPSHOT.jar!/webapps/static,AVAILABLE}
2019-09-27 10:12:37,977 [main] INFO  handler.ContextHandler (ContextHandler.java:doStart(781)) - Started o.e.j.w.WebAppContext@4527f70a{/,file:///tmp/jetty-0.0.0.0-44809-hddsDatanode-_-any-9048089752197627805.dir/webapp/,AVAILABLE}{/hddsDatanode}
2019-09-27 10:12:37,979 [main] INFO  server.AbstractConnector (AbstractConnector.java:doStart(278)) - Started ServerConnector@707b1a44{HTTP/1.1,[http/1.1]}{0.0.0.0:44809}
2019-09-27 10:12:37,979 [main] INFO  server.Server (Server.java:doStart(419)) - Started @5588ms
2019-09-27 10:12:37,979 [main] WARN  impl.MetricsSystemImpl (MetricsSystemImpl.java:register(276)) - Sink prometheus already exists!
2019-09-27 10:12:37,980 [main] INFO  server.BaseHttpServer (BaseHttpServer.java:updateConnectorAddress(215)) - HTTP server of HDDSDATANODE is listening at http://0.0.0.0:44809
2019-09-27 10:12:37,983 [main] INFO  ozone.MiniOzoneClusterImpl (MiniOzoneClusterImpl.java:lambda$waitForClusterToBeReady$0(147)) - Waiting for cluster to be ready. Got 0 of 10 DN Heartbeats.
2019-09-27 10:12:37,984 [org.apache.hadoop.util.JvmPauseMonitor$Monitor@74d60834] INFO  util.JvmPauseMonitor (JvmPauseMonitor.java:run(188)) - Starting JVM pause monitor
2019-09-27 10:12:37,987 [Datanode State Machine Thread - 0] INFO  datanode.InitDatanodeState (InitDatanodeState.java:persistContainerDatanodeDetails(140)) - DatanodeDetails is persisted to /workdir/hadoop-ozone/integration-test/target/test-dir/MiniOzoneClusterImpl-7309d801-f179-460c-bf8c-3619c569ab1e/datanode-9/meta/datanode.id
2019-09-27 10:12:38,984 [main] INFO  ozone.MiniOzoneClusterImpl (MiniOzoneClusterImpl.java:lambda$waitForClusterToBeReady$0(147)) - Waiting for cluster to be ready. Got 0 of 10 DN Heartbeats.
2019-09-27 10:12:39,322 [Datanode State Machine Thread - 0] INFO  ozoneimpl.OzoneContainer (OzoneContainer.java:start(217)) - Attempting to start container services.
2019-09-27 10:12:39,333 [Datanode State Machine Thread - 0] INFO  ozoneimpl.OzoneContainer (OzoneContainer.java:startContainerScrub(179)) - Background container scanner has been disabled.
2019-09-27 10:12:39,333 [Datanode State Machine Thread - 0] INFO  ratis.XceiverServerRatis (XceiverServerRatis.java:start(411)) - Starting XceiverServerRatis 363f45e3-c2ed-48f5-ae19-ed94c8ce4f3d at port 0
2019-09-27 10:12:39,348 [Datanode State Machine Thread - 0] INFO  ozoneimpl.OzoneContainer (OzoneContainer.java:start(217)) - Attempting to start container services.
2019-09-27 10:12:39,356 [Datanode State Machine Thread - 0] INFO  ozoneimpl.OzoneContainer (OzoneContainer.java:startContainerScrub(179)) - Background container scanner has been disabled.
2019-09-27 10:12:39,357 [Datanode State Machine Thread - 0] INFO  ratis.XceiverServerRatis (XceiverServerRatis.java:start(411)) - Starting XceiverServerRatis ca2cbff0-14e3-4cd0-83a1-6556e5af9ad7 at port 0
2019-09-27 10:12:39,365 [Datanode State Machine Thread - 0] INFO  impl.RaftServerProxy (RaftServerProxy.java:lambda$start$3(299)) - 363f45e3-c2ed-48f5-ae19-ed94c8ce4f3d: start RPC server
2019-09-27 10:12:39,367 [Datanode State Machine Thread - 0] INFO  impl.RaftServerProxy (RaftServerProxy.java:lambda$start$3(299)) - ca2cbff0-14e3-4cd0-83a1-6556e5af9ad7: start RPC server
2019-09-27 10:12:39,438 [Datanode State Machine Thread - 0] INFO  ozoneimpl.OzoneContainer (OzoneContainer.java:start(217)) - Attempting to start container services.
2019-09-27 10:12:39,438 [Datanode State Machine Thread - 0] INFO  ozoneimpl.OzoneContainer (OzoneContainer.java:startContainerScrub(179)) - Background container scanner has been disabled.
2019-09-27 10:12:39,439 [Datanode State Machine Thread - 0] INFO  ratis.XceiverServerRatis (XceiverServerRatis.java:start(411)) - Starting XceiverServerRatis a6c416d4-3244-4e70-92c5-63f7380a9294 at port 0
2019-09-27 10:12:39,448 [Datanode State Machine Thread - 0] INFO  impl.RaftServerProxy (RaftServerProxy.java:lambda$start$3(299)) - a6c416d4-3244-4e70-92c5-63f7380a9294: start RPC server
2019-09-27 10:12:39,519 [Datanode State Machine Thread - 0] INFO  ozoneimpl.OzoneContainer (OzoneContainer.java:start(217)) - Attempting to start container services.
2019-09-27 10:12:39,519 [Datanode State Machine Thread - 0] INFO  ozoneimpl.OzoneContainer (OzoneContainer.java:startContainerScrub(179)) - Background container scanner has been disabled.
2019-09-27 10:12:39,519 [Datanode State Machine Thread - 0] INFO  ratis.XceiverServerRatis (XceiverServerRatis.java:start(411)) - Starting XceiverServerRatis 4bbf8e1c-0fc8-4b3a-88c0-5b6f150f1aee at port 0
2019-09-27 10:12:39,529 [Datanode State Machine Thread - 0] INFO  impl.RaftServerProxy (RaftServerProxy.java:lambda$start$3(299)) - 4bbf8e1c-0fc8-4b3a-88c0-5b6f150f1aee: start RPC server
2019-09-27 10:12:39,530 [Datanode State Machine Thread - 0] INFO  server.GrpcService (GrpcService.java:startImpl(158)) - ca2cbff0-14e3-4cd0-83a1-6556e5af9ad7: GrpcService started, listening on 0.0.0.0/0.0.0.0:39799
2019-09-27 10:12:39,531 [Datanode State Machine Thread - 0] INFO  server.GrpcService (GrpcService.java:startImpl(158)) - 363f45e3-c2ed-48f5-ae19-ed94c8ce4f3d: GrpcService started, listening on 0.0.0.0/0.0.0.0:41409
2019-09-27 10:12:39,530 [Datanode State Machine Thread - 0] INFO  server.GrpcService (GrpcService.java:startImpl(158)) - a6c416d4-3244-4e70-92c5-63f7380a9294: GrpcService started, listening on 0.0.0.0/0.0.0.0:37775
2019-09-27 10:12:39,531 [Datanode State Machine Thread - 0] INFO  ratis.XceiverServerRatis (XceiverServerRatis.java:start(421)) - XceiverServerRatis 363f45e3-c2ed-48f5-ae19-ed94c8ce4f3d is started using port 41409
2019-09-27 10:12:39,531 [Datanode State Machine Thread - 0] INFO  ratis.XceiverServerRatis (XceiverServerRatis.java:start(421)) - XceiverServerRatis ca2cbff0-14e3-4cd0-83a1-6556e5af9ad7 is started using port 39799
2019-09-27 10:12:39,534 [Datanode State Machine Thread - 0] INFO  server.GrpcService (GrpcService.java:startImpl(158)) - 4bbf8e1c-0fc8-4b3a-88c0-5b6f150f1aee: GrpcService started, listening on 0.0.0.0/0.0.0.0:33910
2019-09-27 10:12:39,534 [Datanode State Machine Thread - 0] INFO  ratis.XceiverServerRatis (XceiverServerRatis.java:start(421)) - XceiverServerRatis a6c416d4-3244-4e70-92c5-63f7380a9294 is started using port 37775
2019-09-27 10:12:39,534 [Datanode State Machine Thread - 0] INFO  ratis.XceiverServerRatis (XceiverServerRatis.java:start(421)) - XceiverServerRatis 4bbf8e1c-0fc8-4b3a-88c0-5b6f150f1aee is started using port 33910
2019-09-27 10:12:39,545 [Datanode State Machine Thread - 0] INFO  server.XceiverServerGrpc (XceiverServerGrpc.java:start(149)) - XceiverServerGrpc a6c416d4-3244-4e70-92c5-63f7380a9294 is started using port 36047
2019-09-27 10:12:39,545 [Datanode State Machine Thread - 0] INFO  server.XceiverServerGrpc (XceiverServerGrpc.java:start(149)) - XceiverServerGrpc ca2cbff0-14e3-4cd0-83a1-6556e5af9ad7 is started using port 36110
2019-09-27 10:12:39,545 [Datanode State Machine Thread - 0] INFO  server.XceiverServerGrpc (XceiverServerGrpc.java:start(149)) - XceiverServerGrpc 4bbf8e1c-0fc8-4b3a-88c0-5b6f150f1aee is started using port 33982
2019-09-27 10:12:39,547 [Datanode State Machine Thread - 0] INFO  server.XceiverServerGrpc (XceiverServerGrpc.java:start(149)) - XceiverServerGrpc 363f45e3-c2ed-48f5-ae19-ed94c8ce4f3d is started using port 34620
2019-09-27 10:12:39,589 [Datanode State Machine Thread - 0] INFO  ozoneimpl.OzoneContainer (OzoneContainer.java:start(217)) - Attempting to start container services.
2019-09-27 10:12:39,589 [Datanode State Machine Thread - 0] INFO  ozoneimpl.OzoneContainer (OzoneContainer.java:startContainerScrub(179)) - Background container scanner has been disabled.
2019-09-27 10:12:39,590 [Datanode State Machine Thread - 0] INFO  ratis.XceiverServerRatis (XceiverServerRatis.java:start(411)) - Starting XceiverServerRatis 5e69d8e0-5d3d-441e-a608-814cb15995d8 at port 0
2019-09-27 10:12:39,595 [Datanode State Machine Thread - 0] INFO  impl.RaftServerProxy (RaftServerProxy.java:lambda$start$3(299)) - 5e69d8e0-5d3d-441e-a608-814cb15995d8: start RPC server
2019-09-27 10:12:39,598 [Datanode State Machine Thread - 0] INFO  server.GrpcService (GrpcService.java:startImpl(158)) - 5e69d8e0-5d3d-441e-a608-814cb15995d8: GrpcService started, listening on 0.0.0.0/0.0.0.0:42001
2019-09-27 10:12:39,598 [Datanode State Machine Thread - 0] INFO  ratis.XceiverServerRatis (XceiverServerRatis.java:start(421)) - XceiverServerRatis 5e69d8e0-5d3d-441e-a608-814cb15995d8 is started using port 42001
2019-09-27 10:12:39,603 [Datanode State Machine Thread - 0] INFO  server.XceiverServerGrpc (XceiverServerGrpc.java:start(149)) - XceiverServerGrpc 5e69d8e0-5d3d-441e-a608-814cb15995d8 is started using port 38328
2019-09-27 10:12:39,664 [Datanode State Machine Thread - 0] INFO  ozoneimpl.OzoneContainer (OzoneContainer.java:start(217)) - Attempting to start container services.
2019-09-27 10:12:39,665 [Datanode State Machine Thread - 0] INFO  ozoneimpl.OzoneContainer (OzoneContainer.java:startContainerScrub(179)) - Background container scanner has been disabled.
2019-09-27 10:12:39,665 [Datanode State Machine Thread - 0] INFO  ratis.XceiverServerRatis (XceiverServerRatis.java:start(411)) - Starting XceiverServerRatis 6538e5ea-9fbc-4e7b-b1f8-bd637acac874 at port 0
2019-09-27 10:12:39,671 [Datanode State Machine Thread - 0] INFO  impl.RaftServerProxy (RaftServerProxy.java:lambda$start$3(299)) - 6538e5ea-9fbc-4e7b-b1f8-bd637acac874: start RPC server
2019-09-27 10:12:39,675 [Datanode State Machine Thread - 0] INFO  server.GrpcService (GrpcService.java:startImpl(158)) - 6538e5ea-9fbc-4e7b-b1f8-bd637acac874: GrpcService started, listening on 0.0.0.0/0.0.0.0:35650
2019-09-27 10:12:39,675 [Datanode State Machine Thread - 0] INFO  ratis.XceiverServerRatis (XceiverServerRatis.java:start(421)) - XceiverServerRatis 6538e5ea-9fbc-4e7b-b1f8-bd637acac874 is started using port 35650
2019-09-27 10:12:39,679 [Datanode State Machine Thread - 0] INFO  server.XceiverServerGrpc (XceiverServerGrpc.java:start(149)) - XceiverServerGrpc 6538e5ea-9fbc-4e7b-b1f8-bd637acac874 is started using port 40152
2019-09-27 10:12:39,767 [Datanode State Machine Thread - 0] INFO  ozoneimpl.OzoneContainer (OzoneContainer.java:start(217)) - Attempting to start container services.
2019-09-27 10:12:39,768 [Datanode State Machine Thread - 0] INFO  ozoneimpl.OzoneContainer (OzoneContainer.java:startContainerScrub(179)) - Background container scanner has been disabled.
2019-09-27 10:12:39,768 [Datanode State Machine Thread - 0] INFO  ratis.XceiverServerRatis (XceiverServerRatis.java:start(411)) - Starting XceiverServerRatis 1a0a9427-a12d-4c98-81a1-c39e1be27f6d at port 0
2019-09-27 10:12:39,777 [Datanode State Machine Thread - 0] INFO  impl.RaftServerProxy (RaftServerProxy.java:lambda$start$3(299)) - 1a0a9427-a12d-4c98-81a1-c39e1be27f6d: start RPC server
2019-09-27 10:12:39,782 [Datanode State Machine Thread - 0] INFO  server.GrpcService (GrpcService.java:startImpl(158)) - 1a0a9427-a12d-4c98-81a1-c39e1be27f6d: GrpcService started, listening on 0.0.0.0/0.0.0.0:36200
2019-09-27 10:12:39,782 [Datanode State Machine Thread - 0] INFO  ratis.XceiverServerRatis (XceiverServerRatis.java:start(421)) - XceiverServerRatis 1a0a9427-a12d-4c98-81a1-c39e1be27f6d is started using port 36200
2019-09-27 10:12:39,787 [Datanode State Machine Thread - 0] INFO  server.XceiverServerGrpc (XceiverServerGrpc.java:start(149)) - XceiverServerGrpc 1a0a9427-a12d-4c98-81a1-c39e1be27f6d is started using port 34938
2019-09-27 10:12:39,860 [Datanode State Machine Thread - 0] INFO  ozoneimpl.OzoneContainer (OzoneContainer.java:start(217)) - Attempting to start container services.
2019-09-27 10:12:39,860 [Datanode State Machine Thread - 0] INFO  ozoneimpl.OzoneContainer (OzoneContainer.java:startContainerScrub(179)) - Background container scanner has been disabled.
2019-09-27 10:12:39,861 [Datanode State Machine Thread - 0] INFO  ratis.XceiverServerRatis (XceiverServerRatis.java:start(411)) - Starting XceiverServerRatis c0b96085-d2d8-445e-bc85-808a6dba9cdf at port 0
2019-09-27 10:12:39,868 [Datanode State Machine Thread - 0] INFO  impl.RaftServerProxy (RaftServerProxy.java:lambda$start$3(299)) - c0b96085-d2d8-445e-bc85-808a6dba9cdf: start RPC server
2019-09-27 10:12:39,875 [Datanode State Machine Thread - 0] INFO  server.GrpcService (GrpcService.java:startImpl(158)) - c0b96085-d2d8-445e-bc85-808a6dba9cdf: GrpcService started, listening on 0.0.0.0/0.0.0.0:35883
2019-09-27 10:12:39,876 [Datanode State Machine Thread - 0] INFO  ratis.XceiverServerRatis (XceiverServerRatis.java:start(421)) - XceiverServerRatis c0b96085-d2d8-445e-bc85-808a6dba9cdf is started using port 35883
2019-09-27 10:12:39,880 [Datanode State Machine Thread - 0] INFO  server.XceiverServerGrpc (XceiverServerGrpc.java:start(149)) - XceiverServerGrpc c0b96085-d2d8-445e-bc85-808a6dba9cdf is started using port 35155
2019-09-27 10:12:39,930 [Datanode State Machine Thread - 0] INFO  ozoneimpl.OzoneContainer (OzoneContainer.java:start(217)) - Attempting to start container services.
2019-09-27 10:12:39,930 [Datanode State Machine Thread - 0] INFO  ozoneimpl.OzoneContainer (OzoneContainer.java:startContainerScrub(179)) - Background container scanner has been disabled.
2019-09-27 10:12:39,931 [Datanode State Machine Thread - 0] INFO  ratis.XceiverServerRatis (XceiverServerRatis.java:start(411)) - Starting XceiverServerRatis d451055a-1dc8-4774-ac5e-be8b7982a836 at port 0
2019-09-27 10:12:39,937 [Datanode State Machine Thread - 0] INFO  impl.RaftServerProxy (RaftServerProxy.java:lambda$start$3(299)) - d451055a-1dc8-4774-ac5e-be8b7982a836: start RPC server
2019-09-27 10:12:39,942 [Datanode State Machine Thread - 0] INFO  server.GrpcService (GrpcService.java:startImpl(158)) - d451055a-1dc8-4774-ac5e-be8b7982a836: GrpcService started, listening on 0.0.0.0/0.0.0.0:42161
2019-09-27 10:12:39,942 [Datanode State Machine Thread - 0] INFO  ratis.XceiverServerRatis (XceiverServerRatis.java:start(421)) - XceiverServerRatis d451055a-1dc8-4774-ac5e-be8b7982a836 is started using port 42161
2019-09-27 10:12:39,952 [Datanode State Machine Thread - 0] INFO  server.XceiverServerGrpc (XceiverServerGrpc.java:start(149)) - XceiverServerGrpc d451055a-1dc8-4774-ac5e-be8b7982a836 is started using port 35223
2019-09-27 10:12:39,987 [main] INFO  ozone.MiniOzoneClusterImpl (MiniOzoneClusterImpl.java:lambda$waitForClusterToBeReady$0(147)) - Waiting for cluster to be ready. Got 0 of 10 DN Heartbeats.
2019-09-27 10:12:40,001 [Datanode State Machine Thread - 0] INFO  ozoneimpl.OzoneContainer (OzoneContainer.java:start(217)) - Attempting to start container services.
2019-09-27 10:12:40,001 [Datanode State Machine Thread - 0] INFO  ozoneimpl.OzoneContainer (OzoneContainer.java:startContainerScrub(179)) - Background container scanner has been disabled.
2019-09-27 10:12:40,001 [Datanode State Machine Thread - 0] INFO  ratis.XceiverServerRatis (XceiverServerRatis.java:start(411)) - Starting XceiverServerRatis 05b4a1fe-7ad6-4f6f-a8a9-40df080e757c at port 0
2019-09-27 10:12:40,009 [Datanode State Machine Thread - 0] INFO  impl.RaftServerProxy (RaftServerProxy.java:lambda$start$3(299)) - 05b4a1fe-7ad6-4f6f-a8a9-40df080e757c: start RPC server
2019-09-27 10:12:40,015 [Datanode State Machine Thread - 0] INFO  server.GrpcService (GrpcService.java:startImpl(158)) - 05b4a1fe-7ad6-4f6f-a8a9-40df080e757c: GrpcService started, listening on 0.0.0.0/0.0.0.0:46115
2019-09-27 10:12:40,015 [Datanode State Machine Thread - 0] INFO  ratis.XceiverServerRatis (XceiverServerRatis.java:start(421)) - XceiverServerRatis 05b4a1fe-7ad6-4f6f-a8a9-40df080e757c is started using port 46115
2019-09-27 10:12:40,038 [Datanode State Machine Thread - 0] INFO  server.XceiverServerGrpc (XceiverServerGrpc.java:start(149)) - XceiverServerGrpc 05b4a1fe-7ad6-4f6f-a8a9-40df080e757c is started using port 36768
2019-09-27 10:12:40,988 [main] INFO  ozone.MiniOzoneClusterImpl (MiniOzoneClusterImpl.java:lambda$waitForClusterToBeReady$0(147)) - Waiting for cluster to be ready. Got 0 of 10 DN Heartbeats.
2019-09-27 10:12:41,296 [IPC Server handler 1 on 37950] INFO  net.NetworkTopology (NetworkTopologyImpl.java:add(111)) - Added a new node: /default-rack/363f45e3-c2ed-48f5-ae19-ed94c8ce4f3d
2019-09-27 10:12:41,297 [IPC Server handler 1 on 37950] INFO  node.SCMNodeManager (SCMNodeManager.java:register(266)) - Registered Data node : 363f45e3-c2ed-48f5-ae19-ed94c8ce4f3d{ip: 192.168.151.103, host: pr-hdds2162-4fxhj-20988671, networkLocation: /default-rack, certSerialId: null}
2019-09-27 10:12:41,304 [EventQueue-NodeRegistrationContainerReportForDataNodeSafeModeRule] INFO  safemode.SCMSafeModeManager (DataNodeSafeModeRule.java:process(71)) - SCM in safe mode. 1 DataNodes registered, 1 required.
2019-09-27 10:12:41,304 [EventQueue-NodeRegistrationContainerReportForDataNodeSafeModeRule] INFO  safemode.SCMSafeModeManager (SCMSafeModeManager.java:validateSafeModeExitRules(177)) - ScmSafeModeManager, all rules are successfully validated
2019-09-27 10:12:41,305 [EventQueue-NodeRegistrationContainerReportForDataNodeSafeModeRule] INFO  safemode.SCMSafeModeManager (SCMSafeModeManager.java:exitSafeMode(193)) - SCM exiting safe mode.
2019-09-27 10:12:41,329 [IPC Server handler 0 on 37950] INFO  net.NetworkTopology (NetworkTopologyImpl.java:add(111)) - Added a new node: /default-rack/ca2cbff0-14e3-4cd0-83a1-6556e5af9ad7
2019-09-27 10:12:41,329 [IPC Server handler 0 on 37950] INFO  node.SCMNodeManager (SCMNodeManager.java:register(266)) - Registered Data node : ca2cbff0-14e3-4cd0-83a1-6556e5af9ad7{ip: 192.168.151.103, host: pr-hdds2162-4fxhj-20988671, networkLocation: /default-rack, certSerialId: null}
2019-09-27 10:12:41,429 [IPC Server handler 3 on 37950] INFO  net.NetworkTopology (NetworkTopologyImpl.java:add(111)) - Added a new node: /default-rack/a6c416d4-3244-4e70-92c5-63f7380a9294
2019-09-27 10:12:41,429 [IPC Server handler 3 on 37950] INFO  node.SCMNodeManager (SCMNodeManager.java:register(266)) - Registered Data node : a6c416d4-3244-4e70-92c5-63f7380a9294{ip: 192.168.151.103, host: pr-hdds2162-4fxhj-20988671, networkLocation: /default-rack, certSerialId: null}
2019-09-27 10:12:41,504 [IPC Server handler 4 on 37950] INFO  net.NetworkTopology (NetworkTopologyImpl.java:add(111)) - Added a new node: /default-rack/4bbf8e1c-0fc8-4b3a-88c0-5b6f150f1aee
2019-09-27 10:12:41,504 [IPC Server handler 4 on 37950] INFO  node.SCMNodeManager (SCMNodeManager.java:register(266)) - Registered Data node : 4bbf8e1c-0fc8-4b3a-88c0-5b6f150f1aee{ip: 192.168.151.103, host: pr-hdds2162-4fxhj-20988671, networkLocation: /default-rack, certSerialId: null}
2019-09-27 10:12:41,579 [IPC Server handler 5 on 37950] INFO  net.NetworkTopology (NetworkTopologyImpl.java:add(111)) - Added a new node: /default-rack/5e69d8e0-5d3d-441e-a608-814cb15995d8
2019-09-27 10:12:41,579 [IPC Server handler 5 on 37950] INFO  node.SCMNodeManager (SCMNodeManager.java:register(266)) - Registered Data node : 5e69d8e0-5d3d-441e-a608-814cb15995d8{ip: 192.168.151.103, host: pr-hdds2162-4fxhj-20988671, networkLocation: /default-rack, certSerialId: null}
2019-09-27 10:12:41,651 [IPC Server handler 6 on 37950] INFO  net.NetworkTopology (NetworkTopologyImpl.java:add(111)) - Added a new node: /default-rack/6538e5ea-9fbc-4e7b-b1f8-bd637acac874
2019-09-27 10:12:41,652 [IPC Server handler 6 on 37950] INFO  node.SCMNodeManager (SCMNodeManager.java:register(266)) - Registered Data node : 6538e5ea-9fbc-4e7b-b1f8-bd637acac874{ip: 192.168.151.103, host: pr-hdds2162-4fxhj-20988671, networkLocation: /default-rack, certSerialId: null}
2019-09-27 10:12:41,759 [IPC Server handler 7 on 37950] INFO  net.NetworkTopology (NetworkTopologyImpl.java:add(111)) - Added a new node: /default-rack/1a0a9427-a12d-4c98-81a1-c39e1be27f6d
2019-09-27 10:12:41,760 [IPC Server handler 7 on 37950] INFO  node.SCMNodeManager (SCMNodeManager.java:register(266)) - Registered Data node : 1a0a9427-a12d-4c98-81a1-c39e1be27f6d{ip: 192.168.151.103, host: pr-hdds2162-4fxhj-20988671, networkLocation: /default-rack, certSerialId: null}
2019-09-27 10:12:41,836 [IPC Server handler 8 on 37950] INFO  net.NetworkTopology (NetworkTopologyImpl.java:add(111)) - Added a new node: /default-rack/c0b96085-d2d8-445e-bc85-808a6dba9cdf
2019-09-27 10:12:41,837 [IPC Server handler 8 on 37950] INFO  node.SCMNodeManager (SCMNodeManager.java:register(266)) - Registered Data node : c0b96085-d2d8-445e-bc85-808a6dba9cdf{ip: 192.168.151.103, host: pr-hdds2162-4fxhj-20988671, networkLocation: /default-rack, certSerialId: null}
2019-09-27 10:12:41,916 [IPC Server handler 9 on 37950] INFO  net.NetworkTopology (NetworkTopologyImpl.java:add(111)) - Added a new node: /default-rack/d451055a-1dc8-4774-ac5e-be8b7982a836
2019-09-27 10:12:41,916 [IPC Server handler 9 on 37950] INFO  node.SCMNodeManager (SCMNodeManager.java:register(266)) - Registered Data node : d451055a-1dc8-4774-ac5e-be8b7982a836{ip: 192.168.151.103, host: pr-hdds2162-4fxhj-20988671, networkLocation: /default-rack, certSerialId: null}
2019-09-27 10:12:41,932 [grpc-default-executor-0] INFO  impl.RaftServerProxy (RaftServerProxy.java:addNew(89)) - 363f45e3-c2ed-48f5-ae19-ed94c8ce4f3d: addNew group-E5FA969C28D8:[363f45e3-c2ed-48f5-ae19-ed94c8ce4f3d:192.168.151.103:41409] returns group-E5FA969C28D8:java.util.concurrent.CompletableFuture@60febcc0[Not completed]
2019-09-27 10:12:41,957 [pool-27-thread-1] INFO  impl.RaftServerImpl (RaftServerImpl.java:<init>(95)) - 363f45e3-c2ed-48f5-ae19-ed94c8ce4f3d: new RaftServerImpl for group-E5FA969C28D8:[363f45e3-c2ed-48f5-ae19-ed94c8ce4f3d:192.168.151.103:41409] with ContainerStateMachine:uninitialized
2019-09-27 10:12:41,959 [pool-27-thread-1] INFO  server.RaftServerConfigKeys (ConfUtils.java:logGet(43)) - raft.server.rpc.timeout.min = 1s (custom)
2019-09-27 10:12:41,961 [pool-27-thread-1] INFO  server.RaftServerConfigKeys (ConfUtils.java:logGet(43)) - raft.server.rpc.timeout.max = 1200ms (custom)
2019-09-27 10:12:41,961 [pool-27-thread-1] INFO  server.RaftServerConfigKeys (ConfUtils.java:logGet(43)) - raft.server.rpcslowness.timeout = 120s (custom)
2019-09-27 10:12:41,962 [pool-27-thread-1] INFO  server.RaftServerConfigKeys (ConfUtils.java:logGet(43)) - raft.server.sleep.deviation.threshold = 300 (default)
2019-09-27 10:12:41,962 [pool-27-thread-1] INFO  server.RaftServerConfigKeys (ConfUtils.java:logGet(43)) - raft.server.log.appender.install.snapshot.enabled = false (custom)
2019-09-27 10:12:41,971 [pool-27-thread-1] INFO  impl.RaftServerImpl (ServerState.java:<init>(103)) - 363f45e3-c2ed-48f5-ae19-ed94c8ce4f3d@group-E5FA969C28D8: ConfigurationManager, init=-1: [363f45e3-c2ed-48f5-ae19-ed94c8ce4f3d:192.168.151.103:41409], old=null, confs=<EMPTY_MAP>
2019-09-27 10:12:41,971 [pool-27-thread-1] INFO  server.RaftServerConfigKeys (ConfUtils.java:logGet(43)) - raft.server.storage.dir = [/workdir/hadoop-ozone/integration-test/target/test-dir/MiniOzoneClusterImpl-7309d801-f179-460c-bf8c-3619c569ab1e/datanode-0/data/ratis] (custom)
2019-09-27 10:12:41,979 [pool-27-thread-1] INFO  storage.RaftStorageDirectory (RaftStorageDirectory.java:analyzeStorage(246)) - The storage directory /workdir/hadoop-ozone/integration-test/target/test-dir/MiniOzoneClusterImpl-7309d801-f179-460c-bf8c-3619c569ab1e/datanode-0/data/ratis/268767b0-278d-471b-982a-e5fa969c28d8 does not exist. Creating ...
2019-09-27 10:12:41,991 [main] INFO  ozone.MiniOzoneClusterImpl (MiniOzoneClusterImpl.java:lambda$waitForClusterToBeReady$0(147)) - Waiting for cluster to be ready. Got 9 of 10 DN Heartbeats.
2019-09-27 10:12:41,997 [pool-27-thread-1] INFO  storage.RaftStorageDirectory (RaftStorageDirectory.java:tryLock(328)) - Lock on /workdir/hadoop-ozone/integration-test/target/test-dir/MiniOzoneClusterImpl-7309d801-f179-460c-bf8c-3619c569ab1e/datanode-0/data/ratis/268767b0-278d-471b-982a-e5fa969c28d8/in_use.lock acquired by nodename 4387@pr-hdds2162-4fxhj-20988671
2019-09-27 10:12:41,998 [IPC Server handler 10 on 37950] INFO  net.NetworkTopology (NetworkTopologyImpl.java:add(111)) - Added a new node: /default-rack/05b4a1fe-7ad6-4f6f-a8a9-40df080e757c
2019-09-27 10:12:41,998 [IPC Server handler 10 on 37950] INFO  node.SCMNodeManager (SCMNodeManager.java:register(266)) - Registered Data node : 05b4a1fe-7ad6-4f6f-a8a9-40df080e757c{ip: 192.168.151.103, host: pr-hdds2162-4fxhj-20988671, networkLocation: /default-rack, certSerialId: null}
2019-09-27 10:12:42,013 [pool-27-thread-1] INFO  storage.RaftStorage (RaftStorage.java:format(72)) - Storage directory /workdir/hadoop-ozone/integration-test/target/test-dir/MiniOzoneClusterImpl-7309d801-f179-460c-bf8c-3619c569ab1e/datanode-0/data/ratis/268767b0-278d-471b-982a-e5fa969c28d8 has been successfully formatted.
2019-09-27 10:12:42,015 [pool-27-thread-1] INFO  ratis.ContainerStateMachine (ContainerStateMachine.java:loadSnapshot(230)) - group-E5FA969C28D8: The snapshot info is null. Setting the last applied indexto:(t:0, i:~)
2019-09-27 10:12:42,015 [pool-27-thread-1] INFO  server.RaftServerConfigKeys (ConfUtils.java:logGet(43)) - raft.server.notification.no-leader.timeout = 120s (custom)
2019-09-27 10:12:42,017 [pool-27-thread-1] INFO  server.RaftServerConfigKeys (ConfUtils.java:logGet(43)) - raft.server.log.use.memory = false (default)
2019-09-27 10:12:42,023 [pool-27-thread-1] INFO  server.RaftServerConfigKeys (ConfUtils.java:logGet(43)) - raft.server.log.purge.gap = 1000000 (custom)
2019-09-27 10:12:42,023 [pool-27-thread-1] INFO  server.RaftServerConfigKeys (ConfUtils.java:logGet(43)) - raft.server.log.appender.buffer.byte-limit = 33554432 (custom)
2019-09-27 10:12:42,025 [pool-27-thread-1] INFO  server.RaftServerConfigKeys (ConfUtils.java:logGet(43)) - raft.server.log.segment.size.max = 1048576 (custom)
2019-09-27 10:12:42,030 [pool-27-thread-1] INFO  server.RaftServerConfigKeys (ConfUtils.java:logGet(43)) - raft.server.log.segment.cache.num.max = 2 (custom)
2019-09-27 10:12:42,035 [pool-27-thread-1] INFO  segmented.SegmentedRaftLogWorker (SegmentedRaftLogWorker.java:<init>(172)) - new 363f45e3-c2ed-48f5-ae19-ed94c8ce4f3d@group-E5FA969C28D8-SegmentedRaftLogWorker for RaftStorage:Storage Directory /workdir/hadoop-ozone/integration-test/target/test-dir/MiniOzoneClusterImpl-7309d801-f179-460c-bf8c-3619c569ab1e/datanode-0/data/ratis/268767b0-278d-471b-982a-e5fa969c28d8
2019-09-27 10:12:42,036 [pool-27-thread-1] INFO  impl.MetricsSystemImpl (MetricsSystemImpl.java:init(158)) - ratis metrics system started (again)
2019-09-27 10:12:42,043 [pool-27-thread-1] INFO  metrics.MetricRegistries (MetricRegistriesLoader.java:load(64)) - Loaded MetricRegistries class org.apache.ratis.metrics.impl.MetricRegistriesImpl
2019-09-27 10:12:42,071 [pool-27-thread-1] INFO  server.RaftServerConfigKeys (ConfUtils.java:logGet(43)) - raft.server.log.queue.byte-limit = 2147483647 (custom)
2019-09-27 10:12:42,072 [pool-27-thread-1] INFO  server.RaftServerConfigKeys (ConfUtils.java:logGet(43)) - raft.server.log.queue.element-limit = 1024 (custom)
2019-09-27 10:12:42,075 [pool-27-thread-1] INFO  server.RaftServerConfigKeys (ConfUtils.java:logGet(43)) - raft.server.log.segment.size.max = 1048576 (custom)
2019-09-27 10:12:42,075 [pool-27-thread-1] INFO  server.RaftServerConfigKeys (ConfUtils.java:logGet(43)) - raft.server.log.preallocated.size = 16384 (custom)
2019-09-27 10:12:42,076 [pool-27-thread-1] INFO  server.RaftServerConfigKeys (ConfUtils.java:logGet(43)) - raft.server.log.write.buffer.size = 33554432 (custom)
2019-09-27 10:12:42,076 [pool-27-thread-1] INFO  server.RaftServerConfigKeys (ConfUtils.java:logGet(43)) - raft.server.log.force.sync.num = 128 (default)
2019-09-27 10:12:42,077 [pool-27-thread-1] INFO  server.RaftServerConfigKeys (ConfUtils.java:logGet(43)) - raft.server.log.statemachine.data.sync = true (default)
2019-09-27 10:12:42,077 [pool-27-thread-1] INFO  server.RaftServerConfigKeys (ConfUtils.java:logGet(43)) - raft.server.log.statemachine.data.sync.timeout = 10s (default)
2019-09-27 10:12:42,078 [pool-27-thread-1] INFO  server.RaftServerConfigKeys (ConfUtils.java:logGet(43)) - raft.server.log.statemachine.data.sync.timeout.retry = -1 (default)
2019-09-27 10:12:42,086 [pool-27-thread-1] INFO  server.RaftServerConfigKeys (ConfUtils.java:logGet(43)) - raft.server.log.statemachine.data.caching.enabled = true (custom)
2019-09-27 10:12:42,090 [pool-27-thread-1] INFO  segmented.SegmentedRaftLogWorker (SegmentedRaftLogWorker.java:lambda$new$0(132)) - 363f45e3-c2ed-48f5-ae19-ed94c8ce4f3d@group-E5FA969C28D8-SegmentedRaftLogWorker: flushIndex: setUnconditionally 0 -> -1
2019-09-27 10:12:42,094 [pool-27-thread-1] INFO  server.RaftServerConfigKeys (ConfUtils.java:logGet(43)) - raft.server.snapshot.auto.trigger.enabled = true (custom)
2019-09-27 10:12:42,095 [pool-27-thread-1] INFO  server.RaftServerConfigKeys (ConfUtils.java:logGet(43)) - raft.server.snapshot.auto.trigger.threshold = 10000 (custom)
2019-09-27 10:12:42,095 [pool-27-thread-1] INFO  server.RaftServerConfigKeys (ConfUtils.java:logGet(43)) - raft.server.snapshot.retention.num.files = 5 (custom)
2019-09-27 10:12:42,096 [pool-27-thread-1] INFO  server.RaftServerConfigKeys (ConfUtils.java:logGet(43)) - raft.server.retrycache.expirytime = 600000ms (custom)
2019-09-27 10:12:42,122 [pool-27-thread-1] INFO  impl.RaftServerImpl (RaftServerImpl.java:start(185)) - 363f45e3-c2ed-48f5-ae19-ed94c8ce4f3d@group-E5FA969C28D8: start as a follower, conf=-1: [363f45e3-c2ed-48f5-ae19-ed94c8ce4f3d:192.168.151.103:41409], old=null
2019-09-27 10:12:42,123 [pool-27-thread-1] INFO  impl.RaftServerImpl (RaftServerImpl.java:setRole(174)) - 363f45e3-c2ed-48f5-ae19-ed94c8ce4f3d@group-E5FA969C28D8: changes role from      null to FOLLOWER at term 0 for startAsFollower
2019-09-27 10:12:42,124 [pool-27-thread-1] INFO  impl.RoleInfo (RoleInfo.java:updateAndGet(143)) - 363f45e3-c2ed-48f5-ae19-ed94c8ce4f3d: start FollowerState
2019-09-27 10:12:42,126 [pool-27-thread-1] INFO  util.JmxRegister (JmxRegister.java:tryRegister(44)) - Successfully registered JMX Bean with object name Ratis:service=RaftServer,group=group-E5FA969C28D8,id=363f45e3-c2ed-48f5-ae19-ed94c8ce4f3d
2019-09-27 10:12:42,338 [RatisPipelineUtilsThread] INFO  pipeline.PipelineStateManager (PipelineStateManager.java:addPipeline(56)) - Created pipeline Pipeline[ Id: 268767b0-278d-471b-982a-e5fa969c28d8, Nodes: 363f45e3-c2ed-48f5-ae19-ed94c8ce4f3d{ip: 192.168.151.103, host: pr-hdds2162-4fxhj-20988671, networkLocation: /default-rack, certSerialId: null}, Type:RATIS, Factor:ONE, State:OPEN]
2019-09-27 10:12:42,369 [grpc-default-executor-0] INFO  impl.RaftServerProxy (RaftServerProxy.java:addNew(89)) - ca2cbff0-14e3-4cd0-83a1-6556e5af9ad7: addNew group-809D3E6DB6C8:[ca2cbff0-14e3-4cd0-83a1-6556e5af9ad7:192.168.151.103:39799] returns group-809D3E6DB6C8:java.util.concurrent.CompletableFuture@252c5cec[Not completed]
2019-09-27 10:12:42,432 [pool-37-thread-1] INFO  impl.RaftServerImpl (RaftServerImpl.java:<init>(95)) - ca2cbff0-14e3-4cd0-83a1-6556e5af9ad7: new RaftServerImpl for group-809D3E6DB6C8:[ca2cbff0-14e3-4cd0-83a1-6556e5af9ad7:192.168.151.103:39799] with ContainerStateMachine:uninitialized
2019-09-27 10:12:42,434 [pool-37-thread-1] INFO  server.RaftServerConfigKeys (ConfUtils.java:logGet(43)) - raft.server.rpc.timeout.min = 1s (custom)
2019-09-27 10:12:42,434 [pool-37-thread-1] INFO  server.RaftServerConfigKeys (ConfUtils.java:logGet(43)) - raft.server.rpc.timeout.max = 1200ms (custom)
2019-09-27 10:12:42,434 [pool-37-thread-1] INFO  server.RaftServerConfigKeys (ConfUtils.java:logGet(43)) - raft.server.rpcslowness.timeout = 120s (custom)
2019-09-27 10:12:42,434 [pool-37-thread-1] INFO  server.RaftServerConfigKeys (ConfUtils.java:logGet(43)) - raft.server.sleep.deviation.threshold = 300 (default)
2019-09-27 10:12:42,434 [pool-37-thread-1] INFO  server.RaftServerConfigKeys (ConfUtils.java:logGet(43)) - raft.server.log.appender.install.snapshot.enabled = false (custom)
2019-09-27 10:12:42,434 [pool-37-thread-1] INFO  impl.RaftServerImpl (ServerState.java:<init>(103)) - ca2cbff0-14e3-4cd0-83a1-6556e5af9ad7@group-809D3E6DB6C8: ConfigurationManager, init=-1: [ca2cbff0-14e3-4cd0-83a1-6556e5af9ad7:192.168.151.103:39799], old=null, confs=<EMPTY_MAP>
2019-09-27 10:12:42,434 [pool-37-thread-1] INFO  server.RaftServerConfigKeys (ConfUtils.java:logGet(43)) - raft.server.storage.dir = [/workdir/hadoop-ozone/integration-test/target/test-dir/MiniOzoneClusterImpl-7309d801-f179-460c-bf8c-3619c569ab1e/datanode-1/data/ratis] (custom)
2019-09-27 10:12:42,435 [pool-37-thread-1] INFO  storage.RaftStorageDirectory (RaftStorageDirectory.java:analyzeStorage(246)) - The storage directory /workdir/hadoop-ozone/integration-test/target/test-dir/MiniOzoneClusterImpl-7309d801-f179-460c-bf8c-3619c569ab1e/datanode-1/data/ratis/4ba531ed-bfea-4a16-8775-809d3e6db6c8 does not exist. Creating ...
2019-09-27 10:12:42,461 [pool-37-thread-1] INFO  storage.RaftStorageDirectory (RaftStorageDirectory.java:tryLock(328)) - Lock on /workdir/hadoop-ozone/integration-test/target/test-dir/MiniOzoneClusterImpl-7309d801-f179-460c-bf8c-3619c569ab1e/datanode-1/data/ratis/4ba531ed-bfea-4a16-8775-809d3e6db6c8/in_use.lock acquired by nodename 4387@pr-hdds2162-4fxhj-20988671
2019-09-27 10:12:42,474 [pool-37-thread-1] INFO  storage.RaftStorage (RaftStorage.java:format(72)) - Storage directory /workdir/hadoop-ozone/integration-test/target/test-dir/MiniOzoneClusterImpl-7309d801-f179-460c-bf8c-3619c569ab1e/datanode-1/data/ratis/4ba531ed-bfea-4a16-8775-809d3e6db6c8 has been successfully formatted.
2019-09-27 10:12:42,476 [pool-37-thread-1] INFO  ratis.ContainerStateMachine (ContainerStateMachine.java:loadSnapshot(230)) - group-809D3E6DB6C8: The snapshot info is null. Setting the last applied indexto:(t:0, i:~)
2019-09-27 10:12:42,478 [pool-37-thread-1] INFO  server.RaftServerConfigKeys (ConfUtils.java:logGet(43)) - raft.server.notification.no-leader.timeout = 120s (custom)
2019-09-27 10:12:42,478 [pool-37-thread-1] INFO  server.RaftServerConfigKeys (ConfUtils.java:logGet(43)) - raft.server.log.use.memory = false (default)
2019-09-27 10:12:42,479 [pool-37-thread-1] INFO  server.RaftServerConfigKeys (ConfUtils.java:logGet(43)) - raft.server.log.purge.gap = 1000000 (custom)
2019-09-27 10:12:42,479 [pool-37-thread-1] INFO  server.RaftServerConfigKeys (ConfUtils.java:logGet(43)) - raft.server.log.appender.buffer.byte-limit = 33554432 (custom)
2019-09-27 10:12:42,479 [pool-37-thread-1] INFO  server.RaftServerConfigKeys (ConfUtils.java:logGet(43)) - raft.server.log.segment.size.max = 1048576 (custom)
2019-09-27 10:12:42,479 [pool-37-thread-1] INFO  server.RaftServerConfigKeys (ConfUtils.java:logGet(43)) - raft.server.log.segment.cache.num.max = 2 (custom)
2019-09-27 10:12:42,479 [pool-37-thread-1] INFO  segmented.SegmentedRaftLogWorker (SegmentedRaftLogWorker.java:<init>(172)) - new ca2cbff0-14e3-4cd0-83a1-6556e5af9ad7@group-809D3E6DB6C8-SegmentedRaftLogWorker for RaftStorage:Storage Directory /workdir/hadoop-ozone/integration-test/target/test-dir/MiniOzoneClusterImpl-7309d801-f179-460c-bf8c-3619c569ab1e/datanode-1/data/ratis/4ba531ed-bfea-4a16-8775-809d3e6db6c8
2019-09-27 10:12:42,486 [pool-37-thread-1] INFO  server.RaftServerConfigKeys (ConfUtils.java:logGet(43)) - raft.server.log.queue.byte-limit = 2147483647 (custom)
2019-09-27 10:12:42,486 [pool-37-thread-1] INFO  server.RaftServerConfigKeys (ConfUtils.java:logGet(43)) - raft.server.log.queue.element-limit = 1024 (custom)
2019-09-27 10:12:42,486 [pool-37-thread-1] INFO  server.RaftServerConfigKeys (ConfUtils.java:logGet(43)) - raft.server.log.segment.size.max = 1048576 (custom)
2019-09-27 10:12:42,486 [pool-37-thread-1] INFO  server.RaftServerConfigKeys (ConfUtils.java:logGet(43)) - raft.server.log.preallocated.size = 16384 (custom)
2019-09-27 10:12:42,486 [pool-37-thread-1] INFO  server.RaftServerConfigKeys (ConfUtils.java:logGet(43)) - raft.server.log.write.buffer.size = 33554432 (custom)
2019-09-27 10:12:42,486 [pool-37-thread-1] INFO  server.RaftServerConfigKeys (ConfUtils.java:logGet(43)) - raft.server.log.force.sync.num = 128 (default)
2019-09-27 10:12:42,487 [pool-37-thread-1] INFO  server.RaftServerConfigKeys (ConfUtils.java:logGet(43)) - raft.server.log.statemachine.data.sync = true (default)
2019-09-27 10:12:42,487 [pool-37-thread-1] INFO  server.RaftServerConfigKeys (ConfUtils.java:logGet(43)) - raft.server.log.statemachine.data.sync.timeout = 10s (default)
2019-09-27 10:12:42,487 [pool-37-thread-1] INFO  server.RaftServerConfigKeys (ConfUtils.java:logGet(43)) - raft.server.log.statemachine.data.sync.timeout.retry = -1 (default)
2019-09-27 10:12:42,487 [pool-37-thread-1] INFO  server.RaftServerConfigKeys (ConfUtils.java:logGet(43)) - raft.server.log.statemachine.data.caching.enabled = true (custom)
2019-09-27 10:12:42,487 [pool-37-thread-1] INFO  segmented.SegmentedRaftLogWorker (SegmentedRaftLogWorker.java:lambda$new$0(132)) - ca2cbff0-14e3-4cd0-83a1-6556e5af9ad7@group-809D3E6DB6C8-SegmentedRaftLogWorker: flushIndex: setUnconditionally 0 -> -1
2019-09-27 10:12:42,488 [pool-37-thread-1] INFO  server.RaftServerConfigKeys (ConfUtils.java:logGet(43)) - raft.server.snapshot.auto.trigger.enabled = true (custom)
2019-09-27 10:12:42,488 [pool-37-thread-1] INFO  server.RaftServerConfigKeys (ConfUtils.java:logGet(43)) - raft.server.snapshot.auto.trigger.threshold = 10000 (custom)
2019-09-27 10:12:42,488 [pool-37-thread-1] INFO  server.RaftServerConfigKeys (ConfUtils.java:logGet(43)) - raft.server.snapshot.retention.num.files = 5 (custom)
2019-09-27 10:12:42,488 [pool-37-thread-1] INFO  server.RaftServerConfigKeys (ConfUtils.java:logGet(43)) - raft.server.retrycache.expirytime = 600000ms (custom)
2019-09-27 10:12:42,492 [pool-37-thread-1] INFO  impl.RaftServerImpl (RaftServerImpl.java:start(185)) - ca2cbff0-14e3-4cd0-83a1-6556e5af9ad7@group-809D3E6DB6C8: start as a follower, conf=-1: [ca2cbff0-14e3-4cd0-83a1-6556e5af9ad7:192.168.151.103:39799], old=null
2019-09-27 10:12:42,492 [pool-37-thread-1] INFO  impl.RaftServerImpl (RaftServerImpl.java:setRole(174)) - ca2cbff0-14e3-4cd0-83a1-6556e5af9ad7@group-809D3E6DB6C8: changes role from      null to FOLLOWER at term 0 for startAsFollower
2019-09-27 10:12:42,492 [pool-37-thread-1] INFO  impl.RoleInfo (RoleInfo.java:updateAndGet(143)) - ca2cbff0-14e3-4cd0-83a1-6556e5af9ad7: start FollowerState
2019-09-27 10:12:42,495 [pool-37-thread-1] INFO  util.JmxRegister (JmxRegister.java:tryRegister(44)) - Successfully registered JMX Bean with object name Ratis:service=RaftServer,group=group-809D3E6DB6C8,id=ca2cbff0-14e3-4cd0-83a1-6556e5af9ad7
2019-09-27 10:12:42,513 [RatisPipelineUtilsThread] INFO  pipeline.PipelineStateManager (PipelineStateManager.java:addPipeline(56)) - Created pipeline Pipeline[ Id: 4ba531ed-bfea-4a16-8775-809d3e6db6c8, Nodes: ca2cbff0-14e3-4cd0-83a1-6556e5af9ad7{ip: 192.168.151.103, host: pr-hdds2162-4fxhj-20988671, networkLocation: /default-rack, certSerialId: null}, Type:RATIS, Factor:ONE, State:OPEN]
2019-09-27 10:12:42,539 [grpc-default-executor-0] INFO  impl.RaftServerProxy (RaftServerProxy.java:addNew(89)) - 6538e5ea-9fbc-4e7b-b1f8-bd637acac874: addNew group-5F740E99E4D2:[6538e5ea-9fbc-4e7b-b1f8-bd637acac874:192.168.151.103:35650] returns group-5F740E99E4D2:java.util.concurrent.CompletableFuture@39e498f9[Not completed]
2019-09-27 10:12:42,572 [pool-77-thread-1] INFO  impl.RaftServerImpl (RaftServerImpl.java:<init>(95)) - 6538e5ea-9fbc-4e7b-b1f8-bd637acac874: new RaftServerImpl for group-5F740E99E4D2:[6538e5ea-9fbc-4e7b-b1f8-bd637acac874:192.168.151.103:35650] with ContainerStateMachine:uninitialized
2019-09-27 10:12:42,572 [pool-77-thread-1] INFO  server.RaftServerConfigKeys (ConfUtils.java:logGet(43)) - raft.server.rpc.timeout.min = 1s (custom)
2019-09-27 10:12:42,572 [pool-77-thread-1] INFO  server.RaftServerConfigKeys (ConfUtils.java:logGet(43)) - raft.server.rpc.timeout.max = 1200ms (custom)
2019-09-27 10:12:42,573 [pool-77-thread-1] INFO  server.RaftServerConfigKeys (ConfUtils.java:logGet(43)) - raft.server.rpcslowness.timeout = 120s (custom)
2019-09-27 10:12:42,573 [pool-77-thread-1] INFO  server.RaftServerConfigKeys (ConfUtils.java:logGet(43)) - raft.server.sleep.deviation.threshold = 300 (default)
2019-09-27 10:12:42,573 [pool-77-thread-1] INFO  server.RaftServerConfigKeys (ConfUtils.java:logGet(43)) - raft.server.log.appender.install.snapshot.enabled = false (custom)
2019-09-27 10:12:42,573 [pool-77-thread-1] INFO  impl.RaftServerImpl (ServerState.java:<init>(103)) - 6538e5ea-9fbc-4e7b-b1f8-bd637acac874@group-5F740E99E4D2: ConfigurationManager, init=-1: [6538e5ea-9fbc-4e7b-b1f8-bd637acac874:192.168.151.103:35650], old=null, confs=<EMPTY_MAP>
2019-09-27 10:12:42,573 [pool-77-thread-1] INFO  server.RaftServerConfigKeys (ConfUtils.java:logGet(43)) - raft.server.storage.dir = [/workdir/hadoop-ozone/integration-test/target/test-dir/MiniOzoneClusterImpl-7309d801-f179-460c-bf8c-3619c569ab1e/datanode-5/data/ratis] (custom)
2019-09-27 10:12:42,573 [pool-77-thread-1] INFO  storage.RaftStorageDirectory (RaftStorageDirectory.java:analyzeStorage(246)) - The storage directory /workdir/hadoop-ozone/integration-test/target/test-dir/MiniOzoneClusterImpl-7309d801-f179-460c-bf8c-3619c569ab1e/datanode-5/data/ratis/5f2ff8cd-0fec-4706-83c7-5f740e99e4d2 does not exist. Creating ...
2019-09-27 10:12:42,586 [pool-77-thread-1] INFO  storage.RaftStorageDirectory (RaftStorageDirectory.java:tryLock(328)) - Lock on /workdir/hadoop-ozone/integration-test/target/test-dir/MiniOzoneClusterImpl-7309d801-f179-460c-bf8c-3619c569ab1e/datanode-5/data/ratis/5f2ff8cd-0fec-4706-83c7-5f740e99e4d2/in_use.lock acquired by nodename 4387@pr-hdds2162-4fxhj-20988671
2019-09-27 10:12:42,599 [pool-77-thread-1] INFO  storage.RaftStorage (RaftStorage.java:format(72)) - Storage directory /workdir/hadoop-ozone/integration-test/target/test-dir/MiniOzoneClusterImpl-7309d801-f179-460c-bf8c-3619c569ab1e/datanode-5/data/ratis/5f2ff8cd-0fec-4706-83c7-5f740e99e4d2 has been successfully formatted.
2019-09-27 10:12:42,599 [pool-77-thread-1] INFO  ratis.ContainerStateMachine (ContainerStateMachine.java:loadSnapshot(230)) - group-5F740E99E4D2: The snapshot info is null. Setting the last applied indexto:(t:0, i:~)
2019-09-27 10:12:42,599 [pool-77-thread-1] INFO  server.RaftServerConfigKeys (ConfUtils.java:logGet(43)) - raft.server.notification.no-leader.timeout = 120s (custom)
2019-09-27 10:12:42,599 [pool-77-thread-1] INFO  server.RaftServerConfigKeys (ConfUtils.java:logGet(43)) - raft.server.log.use.memory = false (default)
2019-09-27 10:12:42,599 [pool-77-thread-1] INFO  server.RaftServerConfigKeys (ConfUtils.java:logGet(43)) - raft.server.log.purge.gap = 1000000 (custom)
2019-09-27 10:12:42,600 [pool-77-thread-1] INFO  server.RaftServerConfigKeys (ConfUtils.java:logGet(43)) - raft.server.log.appender.buffer.byte-limit = 33554432 (custom)
2019-09-27 10:12:42,600 [pool-77-thread-1] INFO  server.RaftServerConfigKeys (ConfUtils.java:logGet(43)) - raft.server.log.segment.size.max = 1048576 (custom)
2019-09-27 10:12:42,600 [pool-77-thread-1] INFO  server.RaftServerConfigKeys (ConfUtils.java:logGet(43)) - raft.server.log.segment.cache.num.max = 2 (custom)
2019-09-27 10:12:42,600 [pool-77-thread-1] INFO  segmented.SegmentedRaftLogWorker (SegmentedRaftLogWorker.java:<init>(172)) - new 6538e5ea-9fbc-4e7b-b1f8-bd637acac874@group-5F740E99E4D2-SegmentedRaftLogWorker for RaftStorage:Storage Directory /workdir/hadoop-ozone/integration-test/target/test-dir/MiniOzoneClusterImpl-7309d801-f179-460c-bf8c-3619c569ab1e/datanode-5/data/ratis/5f2ff8cd-0fec-4706-83c7-5f740e99e4d2
2019-09-27 10:12:42,663 [pool-77-thread-1] INFO  server.RaftServerConfigKeys (ConfUtils.java:logGet(43)) - raft.server.log.queue.byte-limit = 2147483647 (custom)
2019-09-27 10:12:42,664 [pool-77-thread-1] INFO  server.RaftServerConfigKeys (ConfUtils.java:logGet(43)) - raft.server.log.queue.element-limit = 1024 (custom)
2019-09-27 10:12:42,664 [pool-77-thread-1] INFO  server.RaftServerConfigKeys (ConfUtils.java:logGet(43)) - raft.server.log.segment.size.max = 1048576 (custom)
2019-09-27 10:12:42,664 [pool-77-thread-1] INFO  server.RaftServerConfigKeys (ConfUtils.java:logGet(43)) - raft.server.log.preallocated.size = 16384 (custom)
2019-09-27 10:12:42,665 [pool-77-thread-1] INFO  server.RaftServerConfigKeys (ConfUtils.java:logGet(43)) - raft.server.log.write.buffer.size = 33554432 (custom)
2019-09-27 10:12:42,665 [pool-77-thread-1] INFO  server.RaftServerConfigKeys (ConfUtils.java:logGet(43)) - raft.server.log.force.sync.num = 128 (default)
2019-09-27 10:12:42,665 [pool-77-thread-1] INFO  server.RaftServerConfigKeys (ConfUtils.java:logGet(43)) - raft.server.log.statemachine.data.sync = true (default)
2019-09-27 10:12:42,665 [pool-77-thread-1] INFO  server.RaftServerConfigKeys (ConfUtils.java:logGet(43)) - raft.server.log.statemachine.data.sync.timeout = 10s (default)
2019-09-27 10:12:42,665 [pool-77-thread-1] INFO  server.RaftServerConfigKeys (ConfUtils.java:logGet(43)) - raft.server.log.statemachine.data.sync.timeout.retry = -1 (default)
2019-09-27 10:12:42,666 [pool-77-thread-1] INFO  server.RaftServerConfigKeys (ConfUtils.java:logGet(43)) - raft.server.log.statemachine.data.caching.enabled = true (custom)
2019-09-27 10:12:42,666 [pool-77-thread-1] INFO  segmented.SegmentedRaftLogWorker (SegmentedRaftLogWorker.java:lambda$new$0(132)) - 6538e5ea-9fbc-4e7b-b1f8-bd637acac874@group-5F740E99E4D2-SegmentedRaftLogWorker: flushIndex: setUnconditionally 0 -> -1
2019-09-27 10:12:42,667 [pool-77-thread-1] INFO  server.RaftServerConfigKeys (ConfUtils.java:logGet(43)) - raft.server.snapshot.auto.trigger.enabled = true (custom)
2019-09-27 10:12:42,667 [pool-77-thread-1] INFO  server.RaftServerConfigKeys (ConfUtils.java:logGet(43)) - raft.server.snapshot.auto.trigger.threshold = 10000 (custom)
2019-09-27 10:12:42,667 [pool-77-thread-1] INFO  server.RaftServerConfigKeys (ConfUtils.java:logGet(43)) - raft.server.snapshot.retention.num.files = 5 (custom)
2019-09-27 10:12:42,667 [pool-77-thread-1] INFO  server.RaftServerConfigKeys (ConfUtils.java:logGet(43)) - raft.server.retrycache.expirytime = 600000ms (custom)
2019-09-27 10:12:42,673 [pool-77-thread-1] INFO  impl.RaftServerImpl (RaftServerImpl.java:start(185)) - 6538e5ea-9fbc-4e7b-b1f8-bd637acac874@group-5F740E99E4D2: start as a follower, conf=-1: [6538e5ea-9fbc-4e7b-b1f8-bd637acac874:192.168.151.103:35650], old=null
2019-09-27 10:12:42,673 [pool-77-thread-1] INFO  impl.RaftServerImpl (RaftServerImpl.java:setRole(174)) - 6538e5ea-9fbc-4e7b-b1f8-bd637acac874@group-5F740E99E4D2: changes role from      null to FOLLOWER at term 0 for startAsFollower
2019-09-27 10:12:42,673 [pool-77-thread-1] INFO  impl.RoleInfo (RoleInfo.java:updateAndGet(143)) - 6538e5ea-9fbc-4e7b-b1f8-bd637acac874: start FollowerState
2019-09-27 10:12:42,674 [pool-77-thread-1] INFO  util.JmxRegister (JmxRegister.java:tryRegister(44)) - Successfully registered JMX Bean with object name Ratis:service=RaftServer,group=group-5F740E99E4D2,id=6538e5ea-9fbc-4e7b-b1f8-bd637acac874
2019-09-27 10:12:42,694 [RatisPipelineUtilsThread] INFO  pipeline.PipelineStateManager (PipelineStateManager.java:addPipeline(56)) - Created pipeline Pipeline[ Id: 5f2ff8cd-0fec-4706-83c7-5f740e99e4d2, Nodes: 6538e5ea-9fbc-4e7b-b1f8-bd637acac874{ip: 192.168.151.103, host: pr-hdds2162-4fxhj-20988671, networkLocation: /default-rack, certSerialId: null}, Type:RATIS, Factor:ONE, State:OPEN]
2019-09-27 10:12:42,719 [grpc-default-executor-0] INFO  impl.RaftServerProxy (RaftServerProxy.java:addNew(89)) - c0b96085-d2d8-445e-bc85-808a6dba9cdf: addNew group-FA64C25DCF64:[c0b96085-d2d8-445e-bc85-808a6dba9cdf:192.168.151.103:35883] returns group-FA64C25DCF64:java.util.concurrent.CompletableFuture@4baa4900[Not completed]
2019-09-27 10:12:42,725 [pool-97-thread-1] INFO  impl.RaftServerImpl (RaftServerImpl.java:<init>(95)) - c0b96085-d2d8-445e-bc85-808a6dba9cdf: new RaftServerImpl for group-FA64C25DCF64:[c0b96085-d2d8-445e-bc85-808a6dba9cdf:192.168.151.103:35883] with ContainerStateMachine:uninitialized
2019-09-27 10:12:42,725 [pool-97-thread-1] INFO  server.RaftServerConfigKeys (ConfUtils.java:logGet(43)) - raft.server.rpc.timeout.min = 1s (custom)
2019-09-27 10:12:42,725 [pool-97-thread-1] INFO  server.RaftServerConfigKeys (ConfUtils.java:logGet(43)) - raft.server.rpc.timeout.max = 1200ms (custom)
2019-09-27 10:12:42,725 [pool-97-thread-1] INFO  server.RaftServerConfigKeys (ConfUtils.java:logGet(43)) - raft.server.rpcslowness.timeout = 120s (custom)
2019-09-27 10:12:42,725 [pool-97-thread-1] INFO  server.RaftServerConfigKeys (ConfUtils.java:logGet(43)) - raft.server.sleep.deviation.threshold = 300 (default)
2019-09-27 10:12:42,726 [pool-97-thread-1] INFO  server.RaftServerConfigKeys (ConfUtils.java:logGet(43)) - raft.server.log.appender.install.snapshot.enabled = false (custom)
2019-09-27 10:12:42,726 [pool-97-thread-1] INFO  impl.RaftServerImpl (ServerState.java:<init>(103)) - c0b96085-d2d8-445e-bc85-808a6dba9cdf@group-FA64C25DCF64: ConfigurationManager, init=-1: [c0b96085-d2d8-445e-bc85-808a6dba9cdf:192.168.151.103:35883], old=null, confs=<EMPTY_MAP>
2019-09-27 10:12:42,726 [pool-97-thread-1] INFO  server.RaftServerConfigKeys (ConfUtils.java:logGet(43)) - raft.server.storage.dir = [/workdir/hadoop-ozone/integration-test/target/test-dir/MiniOzoneClusterImpl-7309d801-f179-460c-bf8c-3619c569ab1e/datanode-7/data/ratis] (custom)
2019-09-27 10:12:42,727 [pool-97-thread-1] INFO  storage.RaftStorageDirectory (RaftStorageDirectory.java:analyzeStorage(246)) - The storage directory /workdir/hadoop-ozone/integration-test/target/test-dir/MiniOzoneClusterImpl-7309d801-f179-460c-bf8c-3619c569ab1e/datanode-7/data/ratis/621c6e9a-0ede-48b6-a985-fa64c25dcf64 does not exist. Creating ...
2019-09-27 10:12:42,739 [pool-97-thread-1] INFO  storage.RaftStorageDirectory (RaftStorageDirectory.java:tryLock(328)) - Lock on /workdir/hadoop-ozone/integration-test/target/test-dir/MiniOzoneClusterImpl-7309d801-f179-460c-bf8c-3619c569ab1e/datanode-7/data/ratis/621c6e9a-0ede-48b6-a985-fa64c25dcf64/in_use.lock acquired by nodename 4387@pr-hdds2162-4fxhj-20988671
2019-09-27 10:12:42,761 [pool-97-thread-1] INFO  storage.RaftStorage (RaftStorage.java:format(72)) - Storage directory /workdir/hadoop-ozone/integration-test/target/test-dir/MiniOzoneClusterImpl-7309d801-f179-460c-bf8c-3619c569ab1e/datanode-7/data/ratis/621c6e9a-0ede-48b6-a985-fa64c25dcf64 has been successfully formatted.
2019-09-27 10:12:42,761 [pool-97-thread-1] INFO  ratis.ContainerStateMachine (ContainerStateMachine.java:loadSnapshot(230)) - group-FA64C25DCF64: The snapshot info is null. Setting the last applied indexto:(t:0, i:~)
2019-09-27 10:12:42,761 [pool-97-thread-1] INFO  server.RaftServerConfigKeys (ConfUtils.java:logGet(43)) - raft.server.notification.no-leader.timeout = 120s (custom)
2019-09-27 10:12:42,762 [pool-97-thread-1] INFO  server.RaftServerConfigKeys (ConfUtils.java:logGet(43)) - raft.server.log.use.memory = false (default)
2019-09-27 10:12:42,762 [pool-97-thread-1] INFO  server.RaftServerConfigKeys (ConfUtils.java:logGet(43)) - raft.server.log.purge.gap = 1000000 (custom)
2019-09-27 10:12:42,762 [pool-97-thread-1] INFO  server.RaftServerConfigKeys (ConfUtils.java:logGet(43)) - raft.server.log.appender.buffer.byte-limit = 33554432 (custom)
2019-09-27 10:12:42,762 [pool-97-thread-1] INFO  server.RaftServerConfigKeys (ConfUtils.java:logGet(43)) - raft.server.log.segment.size.max = 1048576 (custom)
2019-09-27 10:12:42,762 [pool-97-thread-1] INFO  server.RaftServerConfigKeys (ConfUtils.java:logGet(43)) - raft.server.log.segment.cache.num.max = 2 (custom)
2019-09-27 10:12:42,762 [pool-97-thread-1] INFO  segmented.SegmentedRaftLogWorker (SegmentedRaftLogWorker.java:<init>(172)) - new c0b96085-d2d8-445e-bc85-808a6dba9cdf@group-FA64C25DCF64-SegmentedRaftLogWorker for RaftStorage:Storage Directory /workdir/hadoop-ozone/integration-test/target/test-dir/MiniOzoneClusterImpl-7309d801-f179-460c-bf8c-3619c569ab1e/datanode-7/data/ratis/621c6e9a-0ede-48b6-a985-fa64c25dcf64
2019-09-27 10:12:42,768 [pool-97-thread-1] INFO  server.RaftServerConfigKeys (ConfUtils.java:logGet(43)) - raft.server.log.queue.byte-limit = 2147483647 (custom)
2019-09-27 10:12:42,768 [pool-97-thread-1] INFO  server.RaftServerConfigKeys (ConfUtils.java:logGet(43)) - raft.server.log.queue.element-limit = 1024 (custom)
2019-09-27 10:12:42,769 [pool-97-thread-1] INFO  server.RaftServerConfigKeys (ConfUtils.java:logGet(43)) - raft.server.log.segment.size.max = 1048576 (custom)
2019-09-27 10:12:42,769 [pool-97-thread-1] INFO  server.RaftServerConfigKeys (ConfUtils.java:logGet(43)) - raft.server.log.preallocated.size = 16384 (custom)
2019-09-27 10:12:42,769 [pool-97-thread-1] INFO  server.RaftServerConfigKeys (ConfUtils.java:logGet(43)) - raft.server.log.write.buffer.size = 33554432 (custom)
2019-09-27 10:12:42,769 [pool-97-thread-1] INFO  server.RaftServerConfigKeys (ConfUtils.java:logGet(43)) - raft.server.log.force.sync.num = 128 (default)
2019-09-27 10:12:42,769 [pool-97-thread-1] INFO  server.RaftServerConfigKeys (ConfUtils.java:logGet(43)) - raft.server.log.statemachine.data.sync = true (default)
2019-09-27 10:12:42,769 [pool-97-thread-1] INFO  server.RaftServerConfigKeys (ConfUtils.java:logGet(43)) - raft.server.log.statemachine.data.sync.timeout = 10s (default)
2019-09-27 10:12:42,770 [pool-97-thread-1] INFO  server.RaftServerConfigKeys (ConfUtils.java:logGet(43)) - raft.server.log.statemachine.data.sync.timeout.retry = -1 (default)
2019-09-27 10:12:42,770 [pool-97-thread-1] INFO  server.RaftServerConfigKeys (ConfUtils.java:logGet(43)) - raft.server.log.statemachine.data.caching.enabled = true (custom)
2019-09-27 10:12:42,770 [pool-97-thread-1] INFO  segmented.SegmentedRaftLogWorker (SegmentedRaftLogWorker.java:lambda$new$0(132)) - c0b96085-d2d8-445e-bc85-808a6dba9cdf@group-FA64C25DCF64-SegmentedRaftLogWorker: flushIndex: setUnconditionally 0 -> -1
2019-09-27 10:12:42,771 [pool-97-thread-1] INFO  server.RaftServerConfigKeys (ConfUtils.java:logGet(43)) - raft.server.snapshot.auto.trigger.enabled = true (custom)
2019-09-27 10:12:42,771 [pool-97-thread-1] INFO  server.RaftServerConfigKeys (ConfUtils.java:logGet(43)) - raft.server.snapshot.auto.trigger.threshold = 10000 (custom)
2019-09-27 10:12:42,771 [pool-97-thread-1] INFO  server.RaftServerConfigKeys (ConfUtils.java:logGet(43)) - raft.server.snapshot.retention.num.files = 5 (custom)
2019-09-27 10:12:42,771 [pool-97-thread-1] INFO  server.RaftServerConfigKeys (ConfUtils.java:logGet(43)) - raft.server.retrycache.expirytime = 600000ms (custom)
2019-09-27 10:12:42,777 [pool-97-thread-1] INFO  impl.RaftServerImpl (RaftServerImpl.java:start(185)) - c0b96085-d2d8-445e-bc85-808a6dba9cdf@group-FA64C25DCF64: start as a follower, conf=-1: [c0b96085-d2d8-445e-bc85-808a6dba9cdf:192.168.151.103:35883], old=null
2019-09-27 10:12:42,777 [pool-97-thread-1] INFO  impl.RaftServerImpl (RaftServerImpl.java:setRole(174)) - c0b96085-d2d8-445e-bc85-808a6dba9cdf@group-FA64C25DCF64: changes role from      null to FOLLOWER at term 0 for startAsFollower
2019-09-27 10:12:42,778 [pool-97-thread-1] INFO  impl.RoleInfo (RoleInfo.java:updateAndGet(143)) - c0b96085-d2d8-445e-bc85-808a6dba9cdf: start FollowerState
2019-09-27 10:12:42,778 [pool-97-thread-1] INFO  util.JmxRegister (JmxRegister.java:tryRegister(44)) - Successfully registered JMX Bean with object name Ratis:service=RaftServer,group=group-FA64C25DCF64,id=c0b96085-d2d8-445e-bc85-808a6dba9cdf
2019-09-27 10:12:42,807 [RatisPipelineUtilsThread] INFO  pipeline.PipelineStateManager (PipelineStateManager.java:addPipeline(56)) - Created pipeline Pipeline[ Id: 621c6e9a-0ede-48b6-a985-fa64c25dcf64, Nodes: c0b96085-d2d8-445e-bc85-808a6dba9cdf{ip: 192.168.151.103, host: pr-hdds2162-4fxhj-20988671, networkLocation: /default-rack, certSerialId: null}, Type:RATIS, Factor:ONE, State:OPEN]
2019-09-27 10:12:42,827 [grpc-default-executor-0] INFO  impl.RaftServerProxy (RaftServerProxy.java:addNew(89)) - d451055a-1dc8-4774-ac5e-be8b7982a836: addNew group-A518BD59BE7D:[d451055a-1dc8-4774-ac5e-be8b7982a836:192.168.151.103:42161] returns group-A518BD59BE7D:java.util.concurrent.CompletableFuture@6e7b4c92[Not completed]
2019-09-27 10:12:42,834 [pool-107-thread-1] INFO  impl.RaftServerImpl (RaftServerImpl.java:<init>(95)) - d451055a-1dc8-4774-ac5e-be8b7982a836: new RaftServerImpl for group-A518BD59BE7D:[d451055a-1dc8-4774-ac5e-be8b7982a836:192.168.151.103:42161] with ContainerStateMachine:uninitialized
2019-09-27 10:12:42,834 [pool-107-thread-1] INFO  server.RaftServerConfigKeys (ConfUtils.java:logGet(43)) - raft.server.rpc.timeout.min = 1s (custom)
2019-09-27 10:12:42,834 [pool-107-thread-1] INFO  server.RaftServerConfigKeys (ConfUtils.java:logGet(43)) - raft.server.rpc.timeout.max = 1200ms (custom)
2019-09-27 10:12:42,835 [pool-107-thread-1] INFO  server.RaftServerConfigKeys (ConfUtils.java:logGet(43)) - raft.server.rpcslowness.timeout = 120s (custom)
2019-09-27 10:12:42,835 [pool-107-thread-1] INFO  server.RaftServerConfigKeys (ConfUtils.java:logGet(43)) - raft.server.sleep.deviation.threshold = 300 (default)
2019-09-27 10:12:42,835 [pool-107-thread-1] INFO  server.RaftServerConfigKeys (ConfUtils.java:logGet(43)) - raft.server.log.appender.install.snapshot.enabled = false (custom)
2019-09-27 10:12:42,835 [pool-107-thread-1] INFO  impl.RaftServerImpl (ServerState.java:<init>(103)) - d451055a-1dc8-4774-ac5e-be8b7982a836@group-A518BD59BE7D: ConfigurationManager, init=-1: [d451055a-1dc8-4774-ac5e-be8b7982a836:192.168.151.103:42161], old=null, confs=<EMPTY_MAP>
2019-09-27 10:12:42,835 [pool-107-thread-1] INFO  server.RaftServerConfigKeys (ConfUtils.java:logGet(43)) - raft.server.storage.dir = [/workdir/hadoop-ozone/integration-test/target/test-dir/MiniOzoneClusterImpl-7309d801-f179-460c-bf8c-3619c569ab1e/datanode-8/data/ratis] (custom)
2019-09-27 10:12:42,836 [pool-107-thread-1] INFO  storage.RaftStorageDirectory (RaftStorageDirectory.java:analyzeStorage(246)) - The storage directory /workdir/hadoop-ozone/integration-test/target/test-dir/MiniOzoneClusterImpl-7309d801-f179-460c-bf8c-3619c569ab1e/datanode-8/data/ratis/aeba5f5b-736f-45ba-b1dd-a518bd59be7d does not exist. Creating ...
2019-09-27 10:12:42,849 [pool-107-thread-1] INFO  storage.RaftStorageDirectory (RaftStorageDirectory.java:tryLock(328)) - Lock on /workdir/hadoop-ozone/integration-test/target/test-dir/MiniOzoneClusterImpl-7309d801-f179-460c-bf8c-3619c569ab1e/datanode-8/data/ratis/aeba5f5b-736f-45ba-b1dd-a518bd59be7d/in_use.lock acquired by nodename 4387@pr-hdds2162-4fxhj-20988671
2019-09-27 10:12:42,862 [pool-107-thread-1] INFO  storage.RaftStorage (RaftStorage.java:format(72)) - Storage directory /workdir/hadoop-ozone/integration-test/target/test-dir/MiniOzoneClusterImpl-7309d801-f179-460c-bf8c-3619c569ab1e/datanode-8/data/ratis/aeba5f5b-736f-45ba-b1dd-a518bd59be7d has been successfully formatted.
2019-09-27 10:12:42,862 [pool-107-thread-1] INFO  ratis.ContainerStateMachine (ContainerStateMachine.java:loadSnapshot(230)) - group-A518BD59BE7D: The snapshot info is null. Setting the last applied indexto:(t:0, i:~)
2019-09-27 10:12:42,863 [pool-107-thread-1] INFO  server.RaftServerConfigKeys (ConfUtils.java:logGet(43)) - raft.server.notification.no-leader.timeout = 120s (custom)
2019-09-27 10:12:42,863 [pool-107-thread-1] INFO  server.RaftServerConfigKeys (ConfUtils.java:logGet(43)) - raft.server.log.use.memory = false (default)
2019-09-27 10:12:42,863 [pool-107-thread-1] INFO  server.RaftServerConfigKeys (ConfUtils.java:logGet(43)) - raft.server.log.purge.gap = 1000000 (custom)
2019-09-27 10:12:42,863 [pool-107-thread-1] INFO  server.RaftServerConfigKeys (ConfUtils.java:logGet(43)) - raft.server.log.appender.buffer.byte-limit = 33554432 (custom)
2019-09-27 10:12:42,863 [pool-107-thread-1] INFO  server.RaftServerConfigKeys (ConfUtils.java:logGet(43)) - raft.server.log.segment.size.max = 1048576 (custom)
2019-09-27 10:12:42,864 [pool-107-thread-1] INFO  server.RaftServerConfigKeys (ConfUtils.java:logGet(43)) - raft.server.log.segment.cache.num.max = 2 (custom)
2019-09-27 10:12:42,864 [pool-107-thread-1] INFO  segmented.SegmentedRaftLogWorker (SegmentedRaftLogWorker.java:<init>(172)) - new d451055a-1dc8-4774-ac5e-be8b7982a836@group-A518BD59BE7D-SegmentedRaftLogWorker for RaftStorage:Storage Directory /workdir/hadoop-ozone/integration-test/target/test-dir/MiniOzoneClusterImpl-7309d801-f179-460c-bf8c-3619c569ab1e/datanode-8/data/ratis/aeba5f5b-736f-45ba-b1dd-a518bd59be7d
2019-09-27 10:12:42,869 [pool-107-thread-1] INFO  server.RaftServerConfigKeys (ConfUtils.java:logGet(43)) - raft.server.log.queue.byte-limit = 2147483647 (custom)
2019-09-27 10:12:42,869 [pool-107-thread-1] INFO  server.RaftServerConfigKeys (ConfUtils.java:logGet(43)) - raft.server.log.queue.element-limit = 1024 (custom)
2019-09-27 10:12:42,870 [pool-107-thread-1] INFO  server.RaftServerConfigKeys (ConfUtils.java:logGet(43)) - raft.server.log.segment.size.max = 1048576 (custom)
2019-09-27 10:12:42,870 [pool-107-thread-1] INFO  server.RaftServerConfigKeys (ConfUtils.java:logGet(43)) - raft.server.log.preallocated.size = 16384 (custom)
2019-09-27 10:12:42,870 [pool-107-thread-1] INFO  server.RaftServerConfigKeys (ConfUtils.java:logGet(43)) - raft.server.log.write.buffer.size = 33554432 (custom)
2019-09-27 10:12:42,870 [pool-107-thread-1] INFO  server.RaftServerConfigKeys (ConfUtils.java:logGet(43)) - raft.server.log.force.sync.num = 128 (default)
2019-09-27 10:12:42,870 [pool-107-thread-1] INFO  server.RaftServerConfigKeys (ConfUtils.java:logGet(43)) - raft.server.log.statemachine.data.sync = true (default)
2019-09-27 10:12:42,870 [pool-107-thread-1] INFO  server.RaftServerConfigKeys (ConfUtils.java:logGet(43)) - raft.server.log.statemachine.data.sync.timeout = 10s (default)
2019-09-27 10:12:42,871 [pool-107-thread-1] INFO  server.RaftServerConfigKeys (ConfUtils.java:logGet(43)) - raft.server.log.statemachine.data.sync.timeout.retry = -1 (default)
2019-09-27 10:12:42,871 [pool-107-thread-1] INFO  server.RaftServerConfigKeys (ConfUtils.java:logGet(43)) - raft.server.log.statemachine.data.caching.enabled = true (custom)
2019-09-27 10:12:42,872 [pool-107-thread-1] INFO  segmented.SegmentedRaftLogWorker (SegmentedRaftLogWorker.java:lambda$new$0(132)) - d451055a-1dc8-4774-ac5e-be8b7982a836@group-A518BD59BE7D-SegmentedRaftLogWorker: flushIndex: setUnconditionally 0 -> -1
2019-09-27 10:12:42,872 [pool-107-thread-1] INFO  server.RaftServerConfigKeys (ConfUtils.java:logGet(43)) - raft.server.snapshot.auto.trigger.enabled = true (custom)
2019-09-27 10:12:42,872 [pool-107-thread-1] INFO  server.RaftServerConfigKeys (ConfUtils.java:logGet(43)) - raft.server.snapshot.auto.trigger.threshold = 10000 (custom)
2019-09-27 10:12:42,872 [pool-107-thread-1] INFO  server.RaftServerConfigKeys (ConfUtils.java:logGet(43)) - raft.server.snapshot.retention.num.files = 5 (custom)
2019-09-27 10:12:42,873 [pool-107-thread-1] INFO  server.RaftServerConfigKeys (ConfUtils.java:logGet(43)) - raft.server.retrycache.expirytime = 600000ms (custom)
2019-09-27 10:12:42,877 [pool-107-thread-1] INFO  impl.RaftServerImpl (RaftServerImpl.java:start(185)) - d451055a-1dc8-4774-ac5e-be8b7982a836@group-A518BD59BE7D: start as a follower, conf=-1: [d451055a-1dc8-4774-ac5e-be8b7982a836:192.168.151.103:42161], old=null
2019-09-27 10:12:42,878 [pool-107-thread-1] INFO  impl.RaftServerImpl (RaftServerImpl.java:setRole(174)) - d451055a-1dc8-4774-ac5e-be8b7982a836@group-A518BD59BE7D: changes role from      null to FOLLOWER at term 0 for startAsFollower
2019-09-27 10:12:42,878 [pool-107-thread-1] INFO  impl.RoleInfo (RoleInfo.java:updateAndGet(143)) - d451055a-1dc8-4774-ac5e-be8b7982a836: start FollowerState
2019-09-27 10:12:42,878 [pool-107-thread-1] INFO  util.JmxRegister (JmxRegister.java:tryRegister(44)) - Successfully registered JMX Bean with object name Ratis:service=RaftServer,group=group-A518BD59BE7D,id=d451055a-1dc8-4774-ac5e-be8b7982a836
2019-09-27 10:12:42,908 [RatisPipelineUtilsThread] INFO  pipeline.PipelineStateManager (PipelineStateManager.java:addPipeline(56)) - Created pipeline Pipeline[ Id: aeba5f5b-736f-45ba-b1dd-a518bd59be7d, Nodes: d451055a-1dc8-4774-ac5e-be8b7982a836{ip: 192.168.151.103, host: pr-hdds2162-4fxhj-20988671, networkLocation: /default-rack, certSerialId: null}, Type:RATIS, Factor:ONE, State:OPEN]
2019-09-27 10:12:42,930 [grpc-default-executor-0] INFO  impl.RaftServerProxy (RaftServerProxy.java:addNew(89)) - 05b4a1fe-7ad6-4f6f-a8a9-40df080e757c: addNew group-37946EAD6E9C:[05b4a1fe-7ad6-4f6f-a8a9-40df080e757c:192.168.151.103:46115] returns group-37946EAD6E9C:java.util.concurrent.CompletableFuture@6193abb6[Not completed]
2019-09-27 10:12:42,936 [pool-117-thread-1] INFO  impl.RaftServerImpl (RaftServerImpl.java:<init>(95)) - 05b4a1fe-7ad6-4f6f-a8a9-40df080e757c: new RaftServerImpl for group-37946EAD6E9C:[05b4a1fe-7ad6-4f6f-a8a9-40df080e757c:192.168.151.103:46115] with ContainerStateMachine:uninitialized
2019-09-27 10:12:42,936 [pool-117-thread-1] INFO  server.RaftServerConfigKeys (ConfUtils.java:logGet(43)) - raft.server.rpc.timeout.min = 1s (custom)
2019-09-27 10:12:42,936 [pool-117-thread-1] INFO  server.RaftServerConfigKeys (ConfUtils.java:logGet(43)) - raft.server.rpc.timeout.max = 1200ms (custom)
2019-09-27 10:12:42,936 [pool-117-thread-1] INFO  server.RaftServerConfigKeys (ConfUtils.java:logGet(43)) - raft.server.rpcslowness.timeout = 120s (custom)
2019-09-27 10:12:42,937 [pool-117-thread-1] INFO  server.RaftServerConfigKeys (ConfUtils.java:logGet(43)) - raft.server.sleep.deviation.threshold = 300 (default)
2019-09-27 10:12:42,937 [pool-117-thread-1] INFO  server.RaftServerConfigKeys (ConfUtils.java:logGet(43)) - raft.server.log.appender.install.snapshot.enabled = false (custom)
2019-09-27 10:12:42,937 [pool-117-thread-1] INFO  impl.RaftServerImpl (ServerState.java:<init>(103)) - 05b4a1fe-7ad6-4f6f-a8a9-40df080e757c@group-37946EAD6E9C: ConfigurationManager, init=-1: [05b4a1fe-7ad6-4f6f-a8a9-40df080e757c:192.168.151.103:46115], old=null, confs=<EMPTY_MAP>
2019-09-27 10:12:42,937 [pool-117-thread-1] INFO  server.RaftServerConfigKeys (ConfUtils.java:logGet(43)) - raft.server.storage.dir = [/workdir/hadoop-ozone/integration-test/target/test-dir/MiniOzoneClusterImpl-7309d801-f179-460c-bf8c-3619c569ab1e/datanode-9/data/ratis] (custom)
2019-09-27 10:12:42,938 [pool-117-thread-1] INFO  storage.RaftStorageDirectory (RaftStorageDirectory.java:analyzeStorage(246)) - The storage directory /workdir/hadoop-ozone/integration-test/target/test-dir/MiniOzoneClusterImpl-7309d801-f179-460c-bf8c-3619c569ab1e/datanode-9/data/ratis/20360330-f608-40ca-a9e6-37946ead6e9c does not exist. Creating ...
2019-09-27 10:12:42,950 [pool-117-thread-1] INFO  storage.RaftStorageDirectory (RaftStorageDirectory.java:tryLock(328)) - Lock on /workdir/hadoop-ozone/integration-test/target/test-dir/MiniOzoneClusterImpl-7309d801-f179-460c-bf8c-3619c569ab1e/datanode-9/data/ratis/20360330-f608-40ca-a9e6-37946ead6e9c/in_use.lock acquired by nodename 4387@pr-hdds2162-4fxhj-20988671
2019-09-27 10:12:42,963 [pool-117-thread-1] INFO  storage.RaftStorage (RaftStorage.java:format(72)) - Storage directory /workdir/hadoop-ozone/integration-test/target/test-dir/MiniOzoneClusterImpl-7309d801-f179-460c-bf8c-3619c569ab1e/datanode-9/data/ratis/20360330-f608-40ca-a9e6-37946ead6e9c has been successfully formatted.
2019-09-27 10:12:42,964 [pool-117-thread-1] INFO  ratis.ContainerStateMachine (ContainerStateMachine.java:loadSnapshot(230)) - group-37946EAD6E9C: The snapshot info is null. Setting the last applied indexto:(t:0, i:~)
2019-09-27 10:12:42,964 [pool-117-thread-1] INFO  server.RaftServerConfigKeys (ConfUtils.java:logGet(43)) - raft.server.notification.no-leader.timeout = 120s (custom)
2019-09-27 10:12:42,964 [pool-117-thread-1] INFO  server.RaftServerConfigKeys (ConfUtils.java:logGet(43)) - raft.server.log.use.memory = false (default)
2019-09-27 10:12:42,964 [pool-117-thread-1] INFO  server.RaftServerConfigKeys (ConfUtils.java:logGet(43)) - raft.server.log.purge.gap = 1000000 (custom)
2019-09-27 10:12:42,964 [pool-117-thread-1] INFO  server.RaftServerConfigKeys (ConfUtils.java:logGet(43)) - raft.server.log.appender.buffer.byte-limit = 33554432 (custom)
2019-09-27 10:12:42,965 [pool-117-thread-1] INFO  server.RaftServerConfigKeys (ConfUtils.java:logGet(43)) - raft.server.log.segment.size.max = 1048576 (custom)
2019-09-27 10:12:42,965 [pool-117-thread-1] INFO  server.RaftServerConfigKeys (ConfUtils.java:logGet(43)) - raft.server.log.segment.cache.num.max = 2 (custom)
2019-09-27 10:12:42,965 [pool-117-thread-1] INFO  segmented.SegmentedRaftLogWorker (SegmentedRaftLogWorker.java:<init>(172)) - new 05b4a1fe-7ad6-4f6f-a8a9-40df080e757c@group-37946EAD6E9C-SegmentedRaftLogWorker for RaftStorage:Storage Directory /workdir/hadoop-ozone/integration-test/target/test-dir/MiniOzoneClusterImpl-7309d801-f179-460c-bf8c-3619c569ab1e/datanode-9/data/ratis/20360330-f608-40ca-a9e6-37946ead6e9c
2019-09-27 10:12:42,969 [pool-117-thread-1] INFO  server.RaftServerConfigKeys (ConfUtils.java:logGet(43)) - raft.server.log.queue.byte-limit = 2147483647 (custom)
2019-09-27 10:12:42,969 [pool-117-thread-1] INFO  server.RaftServerConfigKeys (ConfUtils.java:logGet(43)) - raft.server.log.queue.element-limit = 1024 (custom)
2019-09-27 10:12:42,969 [pool-117-thread-1] INFO  server.RaftServerConfigKeys (ConfUtils.java:logGet(43)) - raft.server.log.segment.size.max = 1048576 (custom)
2019-09-27 10:12:42,969 [pool-117-thread-1] INFO  server.RaftServerConfigKeys (ConfUtils.java:logGet(43)) - raft.server.log.preallocated.size = 16384 (custom)
2019-09-27 10:12:42,969 [pool-117-thread-1] INFO  server.RaftServerConfigKeys (ConfUtils.java:logGet(43)) - raft.server.log.write.buffer.size = 33554432 (custom)
2019-09-27 10:12:42,969 [pool-117-thread-1] INFO  server.RaftServerConfigKeys (ConfUtils.java:logGet(43)) - raft.server.log.force.sync.num = 128 (default)
2019-09-27 10:12:42,970 [pool-117-thread-1] INFO  server.RaftServerConfigKeys (ConfUtils.java:logGet(43)) - raft.server.log.statemachine.data.sync = true (default)
2019-09-27 10:12:42,970 [pool-117-thread-1] INFO  server.RaftServerConfigKeys (ConfUtils.java:logGet(43)) - raft.server.log.statemachine.data.sync.timeout = 10s (default)
2019-09-27 10:12:42,970 [pool-117-thread-1] INFO  server.RaftServerConfigKeys (ConfUtils.java:logGet(43)) - raft.server.log.statemachine.data.sync.timeout.retry = -1 (default)
2019-09-27 10:12:42,970 [pool-117-thread-1] INFO  server.RaftServerConfigKeys (ConfUtils.java:logGet(43)) - raft.server.log.statemachine.data.caching.enabled = true (custom)
2019-09-27 10:12:42,971 [pool-117-thread-1] INFO  segmented.SegmentedRaftLogWorker (SegmentedRaftLogWorker.java:lambda$new$0(132)) - 05b4a1fe-7ad6-4f6f-a8a9-40df080e757c@group-37946EAD6E9C-SegmentedRaftLogWorker: flushIndex: setUnconditionally 0 -> -1
2019-09-27 10:12:42,971 [pool-117-thread-1] INFO  server.RaftServerConfigKeys (ConfUtils.java:logGet(43)) - raft.server.snapshot.auto.trigger.enabled = true (custom)
2019-09-27 10:12:42,971 [pool-117-thread-1] INFO  server.RaftServerConfigKeys (ConfUtils.java:logGet(43)) - raft.server.snapshot.auto.trigger.threshold = 10000 (custom)
2019-09-27 10:12:42,971 [pool-117-thread-1] INFO  server.RaftServerConfigKeys (ConfUtils.java:logGet(43)) - raft.server.snapshot.retention.num.files = 5 (custom)
2019-09-27 10:12:42,972 [pool-117-thread-1] INFO  server.RaftServerConfigKeys (ConfUtils.java:logGet(43)) - raft.server.retrycache.expirytime = 600000ms (custom)
2019-09-27 10:12:42,975 [pool-117-thread-1] INFO  impl.RaftServerImpl (RaftServerImpl.java:start(185)) - 05b4a1fe-7ad6-4f6f-a8a9-40df080e757c@group-37946EAD6E9C: start as a follower, conf=-1: [05b4a1fe-7ad6-4f6f-a8a9-40df080e757c:192.168.151.103:46115], old=null
2019-09-27 10:12:42,975 [pool-117-thread-1] INFO  impl.RaftServerImpl (RaftServerImpl.java:setRole(174)) - 05b4a1fe-7ad6-4f6f-a8a9-40df080e757c@group-37946EAD6E9C: changes role from      null to FOLLOWER at term 0 for startAsFollower
2019-09-27 10:12:42,976 [pool-117-thread-1] INFO  impl.RoleInfo (RoleInfo.java:updateAndGet(143)) - 05b4a1fe-7ad6-4f6f-a8a9-40df080e757c: start FollowerState
2019-09-27 10:12:42,976 [pool-117-thread-1] INFO  util.JmxRegister (JmxRegister.java:tryRegister(44)) - Successfully registered JMX Bean with object name Ratis:service=RaftServer,group=group-37946EAD6E9C,id=05b4a1fe-7ad6-4f6f-a8a9-40df080e757c
2019-09-27 10:12:42,993 [RatisPipelineUtilsThread] INFO  pipeline.PipelineStateManager (PipelineStateManager.java:addPipeline(56)) - Created pipeline Pipeline[ Id: 20360330-f608-40ca-a9e6-37946ead6e9c, Nodes: 05b4a1fe-7ad6-4f6f-a8a9-40df080e757c{ip: 192.168.151.103, host: pr-hdds2162-4fxhj-20988671, networkLocation: /default-rack, certSerialId: null}, Type:RATIS, Factor:ONE, State:OPEN]
2019-09-27 10:12:42,997 [main] INFO  ozone.MiniOzoneClusterImpl (MiniOzoneClusterImpl.java:lambda$waitForClusterToBeReady$0(147)) - Cluster is ready. Got 10 of 10 DN Heartbeats.
2019-09-27 10:12:43,011 [grpc-default-executor-0] INFO  impl.RaftServerProxy (RaftServerProxy.java:addNew(89)) - a6c416d4-3244-4e70-92c5-63f7380a9294: addNew group-9AE46909D338:[a6c416d4-3244-4e70-92c5-63f7380a9294:192.168.151.103:37775] returns group-9AE46909D338:java.util.concurrent.CompletableFuture@48e7179e[Not completed]
2019-09-27 10:12:43,016 [pool-47-thread-1] INFO  impl.RaftServerImpl (RaftServerImpl.java:<init>(95)) - a6c416d4-3244-4e70-92c5-63f7380a9294: new RaftServerImpl for group-9AE46909D338:[a6c416d4-3244-4e70-92c5-63f7380a9294:192.168.151.103:37775] with ContainerStateMachine:uninitialized
2019-09-27 10:12:43,016 [pool-47-thread-1] INFO  server.RaftServerConfigKeys (ConfUtils.java:logGet(43)) - raft.server.rpc.timeout.min = 1s (custom)
2019-09-27 10:12:43,016 [pool-47-thread-1] INFO  server.RaftServerConfigKeys (ConfUtils.java:logGet(43)) - raft.server.rpc.timeout.max = 1200ms (custom)
2019-09-27 10:12:43,016 [pool-47-thread-1] INFO  server.RaftServerConfigKeys (ConfUtils.java:logGet(43)) - raft.server.rpcslowness.timeout = 120s (custom)
2019-09-27 10:12:43,016 [pool-47-thread-1] INFO  server.RaftServerConfigKeys (ConfUtils.java:logGet(43)) - raft.server.sleep.deviation.threshold = 300 (default)
2019-09-27 10:12:43,016 [pool-47-thread-1] INFO  server.RaftServerConfigKeys (ConfUtils.java:logGet(43)) - raft.server.log.appender.install.snapshot.enabled = false (custom)
2019-09-27 10:12:43,017 [pool-47-thread-1] INFO  impl.RaftServerImpl (ServerState.java:<init>(103)) - a6c416d4-3244-4e70-92c5-63f7380a9294@group-9AE46909D338: ConfigurationManager, init=-1: [a6c416d4-3244-4e70-92c5-63f7380a9294:192.168.151.103:37775], old=null, confs=<EMPTY_MAP>
2019-09-27 10:12:43,017 [pool-47-thread-1] INFO  server.RaftServerConfigKeys (ConfUtils.java:logGet(43)) - raft.server.storage.dir = [/workdir/hadoop-ozone/integration-test/target/test-dir/MiniOzoneClusterImpl-7309d801-f179-460c-bf8c-3619c569ab1e/datanode-2/data/ratis] (custom)
2019-09-27 10:12:43,017 [pool-47-thread-1] INFO  storage.RaftStorageDirectory (RaftStorageDirectory.java:analyzeStorage(246)) - The storage directory /workdir/hadoop-ozone/integration-test/target/test-dir/MiniOzoneClusterImpl-7309d801-f179-460c-bf8c-3619c569ab1e/datanode-2/data/ratis/5034bc48-84cc-4c54-928c-9ae46909d338 does not exist. Creating ...
2019-09-27 10:12:43,030 [pool-47-thread-1] INFO  storage.RaftStorageDirectory (RaftStorageDirectory.java:tryLock(328)) - Lock on /workdir/hadoop-ozone/integration-test/target/test-dir/MiniOzoneClusterImpl-7309d801-f179-460c-bf8c-3619c569ab1e/datanode-2/data/ratis/5034bc48-84cc-4c54-928c-9ae46909d338/in_use.lock acquired by nodename 4387@pr-hdds2162-4fxhj-20988671
2019-09-27 10:12:43,043 [pool-47-thread-1] INFO  storage.RaftStorage (RaftStorage.java:format(72)) - Storage directory /workdir/hadoop-ozone/integration-test/target/test-dir/MiniOzoneClusterImpl-7309d801-f179-460c-bf8c-3619c569ab1e/datanode-2/data/ratis/5034bc48-84cc-4c54-928c-9ae46909d338 has been successfully formatted.
2019-09-27 10:12:43,043 [pool-47-thread-1] INFO  ratis.ContainerStateMachine (ContainerStateMachine.java:loadSnapshot(230)) - group-9AE46909D338: The snapshot info is null. Setting the last applied indexto:(t:0, i:~)
2019-09-27 10:12:43,043 [pool-47-thread-1] INFO  server.RaftServerConfigKeys (ConfUtils.java:logGet(43)) - raft.server.notification.no-leader.timeout = 120s (custom)
2019-09-27 10:12:43,043 [pool-47-thread-1] INFO  server.RaftServerConfigKeys (ConfUtils.java:logGet(43)) - raft.server.log.use.memory = false (default)
2019-09-27 10:12:43,043 [pool-47-thread-1] INFO  server.RaftServerConfigKeys (ConfUtils.java:logGet(43)) - raft.server.log.purge.gap = 1000000 (custom)
2019-09-27 10:12:43,043 [pool-47-thread-1] INFO  server.RaftServerConfigKeys (ConfUtils.java:logGet(43)) - raft.server.log.appender.buffer.byte-limit = 33554432 (custom)
2019-09-27 10:12:43,044 [pool-47-thread-1] INFO  server.RaftServerConfigKeys (ConfUtils.java:logGet(43)) - raft.server.log.segment.size.max = 1048576 (custom)
2019-09-27 10:12:43,044 [pool-47-thread-1] INFO  server.RaftServerConfigKeys (ConfUtils.java:logGet(43)) - raft.server.log.segment.cache.num.max = 2 (custom)
2019-09-27 10:12:43,044 [pool-47-thread-1] INFO  segmented.SegmentedRaftLogWorker (SegmentedRaftLogWorker.java:<init>(172)) - new a6c416d4-3244-4e70-92c5-63f7380a9294@group-9AE46909D338-SegmentedRaftLogWorker for RaftStorage:Storage Directory /workdir/hadoop-ozone/integration-test/target/test-dir/MiniOzoneClusterImpl-7309d801-f179-460c-bf8c-3619c569ab1e/datanode-2/data/ratis/5034bc48-84cc-4c54-928c-9ae46909d338
2019-09-27 10:12:43,047 [pool-47-thread-1] INFO  server.RaftServerConfigKeys (ConfUtils.java:logGet(43)) - raft.server.log.queue.byte-limit = 2147483647 (custom)
2019-09-27 10:12:43,047 [pool-47-thread-1] INFO  server.RaftServerConfigKeys (ConfUtils.java:logGet(43)) - raft.server.log.queue.element-limit = 1024 (custom)
2019-09-27 10:12:43,047 [pool-47-thread-1] INFO  server.RaftServerConfigKeys (ConfUtils.java:logGet(43)) - raft.server.log.segment.size.max = 1048576 (custom)
2019-09-27 10:12:43,047 [pool-47-thread-1] INFO  server.RaftServerConfigKeys (ConfUtils.java:logGet(43)) - raft.server.log.preallocated.size = 16384 (custom)
2019-09-27 10:12:43,047 [pool-47-thread-1] INFO  server.RaftServerConfigKeys (ConfUtils.java:logGet(43)) - raft.server.log.write.buffer.size = 33554432 (custom)
2019-09-27 10:12:43,047 [pool-47-thread-1] INFO  server.RaftServerConfigKeys (ConfUtils.java:logGet(43)) - raft.server.log.force.sync.num = 128 (default)
2019-09-27 10:12:43,048 [pool-47-thread-1] INFO  server.RaftServerConfigKeys (ConfUtils.java:logGet(43)) - raft.server.log.statemachine.data.sync = true (default)
2019-09-27 10:12:43,048 [pool-47-thread-1] INFO  server.RaftServerConfigKeys (ConfUtils.java:logGet(43)) - raft.server.log.statemachine.data.sync.timeout = 10s (default)
2019-09-27 10:12:43,048 [pool-47-thread-1] INFO  server.RaftServerConfigKeys (ConfUtils.java:logGet(43)) - raft.server.log.statemachine.data.sync.timeout.retry = -1 (default)
2019-09-27 10:12:43,048 [pool-47-thread-1] INFO  server.RaftServerConfigKeys (ConfUtils.java:logGet(43)) - raft.server.log.statemachine.data.caching.enabled = true (custom)
2019-09-27 10:12:43,049 [pool-47-thread-1] INFO  segmented.SegmentedRaftLogWorker (SegmentedRaftLogWorker.java:lambda$new$0(132)) - a6c416d4-3244-4e70-92c5-63f7380a9294@group-9AE46909D338-SegmentedRaftLogWorker: flushIndex: setUnconditionally 0 -> -1
2019-09-27 10:12:43,049 [pool-47-thread-1] INFO  server.RaftServerConfigKeys (ConfUtils.java:logGet(43)) - raft.server.snapshot.auto.trigger.enabled = true (custom)
2019-09-27 10:12:43,049 [pool-47-thread-1] INFO  server.RaftServerConfigKeys (ConfUtils.java:logGet(43)) - raft.server.snapshot.auto.trigger.threshold = 10000 (custom)
2019-09-27 10:12:43,049 [pool-47-thread-1] INFO  server.RaftServerConfigKeys (ConfUtils.java:logGet(43)) - raft.server.snapshot.retention.num.files = 5 (custom)
2019-09-27 10:12:43,049 [pool-47-thread-1] INFO  server.RaftServerConfigKeys (ConfUtils.java:logGet(43)) - raft.server.retrycache.expirytime = 600000ms (custom)
2019-09-27 10:12:43,052 [pool-47-thread-1] INFO  impl.RaftServerImpl (RaftServerImpl.java:start(185)) - a6c416d4-3244-4e70-92c5-63f7380a9294@group-9AE46909D338: start as a follower, conf=-1: [a6c416d4-3244-4e70-92c5-63f7380a9294:192.168.151.103:37775], old=null
2019-09-27 10:12:43,052 [pool-47-thread-1] INFO  impl.RaftServerImpl (RaftServerImpl.java:setRole(174)) - a6c416d4-3244-4e70-92c5-63f7380a9294@group-9AE46909D338: changes role from      null to FOLLOWER at term 0 for startAsFollower
2019-09-27 10:12:43,052 [pool-47-thread-1] INFO  impl.RoleInfo (RoleInfo.java:updateAndGet(143)) - a6c416d4-3244-4e70-92c5-63f7380a9294: start FollowerState
2019-09-27 10:12:43,052 [pool-47-thread-1] INFO  util.JmxRegister (JmxRegister.java:tryRegister(44)) - Successfully registered JMX Bean with object name Ratis:service=RaftServer,group=group-9AE46909D338,id=a6c416d4-3244-4e70-92c5-63f7380a9294
2019-09-27 10:12:43,079 [RatisPipelineUtilsThread] INFO  pipeline.PipelineStateManager (PipelineStateManager.java:addPipeline(56)) - Created pipeline Pipeline[ Id: 5034bc48-84cc-4c54-928c-9ae46909d338, Nodes: a6c416d4-3244-4e70-92c5-63f7380a9294{ip: 192.168.151.103, host: pr-hdds2162-4fxhj-20988671, networkLocation: /default-rack, certSerialId: null}, Type:RATIS, Factor:ONE, State:OPEN]
2019-09-27 10:12:43,104 [grpc-default-executor-0] INFO  impl.RaftServerProxy (RaftServerProxy.java:addNew(89)) - 1a0a9427-a12d-4c98-81a1-c39e1be27f6d: addNew group-D3B33CA5825D:[1a0a9427-a12d-4c98-81a1-c39e1be27f6d:192.168.151.103:36200] returns group-D3B33CA5825D:java.util.concurrent.CompletableFuture@448236cf[Not completed]
2019-09-27 10:12:43,110 [pool-87-thread-1] INFO  impl.RaftServerImpl (RaftServerImpl.java:<init>(95)) - 1a0a9427-a12d-4c98-81a1-c39e1be27f6d: new RaftServerImpl for group-D3B33CA5825D:[1a0a9427-a12d-4c98-81a1-c39e1be27f6d:192.168.151.103:36200] with ContainerStateMachine:uninitialized
2019-09-27 10:12:43,110 [pool-87-thread-1] INFO  server.RaftServerConfigKeys (ConfUtils.java:logGet(43)) - raft.server.rpc.timeout.min = 1s (custom)
2019-09-27 10:12:43,111 [pool-87-thread-1] INFO  server.RaftServerConfigKeys (ConfUtils.java:logGet(43)) - raft.server.rpc.timeout.max = 1200ms (custom)
2019-09-27 10:12:43,111 [pool-87-thread-1] INFO  server.RaftServerConfigKeys (ConfUtils.java:logGet(43)) - raft.server.rpcslowness.timeout = 120s (custom)
2019-09-27 10:12:43,111 [pool-87-thread-1] INFO  server.RaftServerConfigKeys (ConfUtils.java:logGet(43)) - raft.server.sleep.deviation.threshold = 300 (default)
2019-09-27 10:12:43,111 [pool-87-thread-1] INFO  server.RaftServerConfigKeys (ConfUtils.java:logGet(43)) - raft.server.log.appender.install.snapshot.enabled = false (custom)
2019-09-27 10:12:43,111 [pool-87-thread-1] INFO  impl.RaftServerImpl (ServerState.java:<init>(103)) - 1a0a9427-a12d-4c98-81a1-c39e1be27f6d@group-D3B33CA5825D: ConfigurationManager, init=-1: [1a0a9427-a12d-4c98-81a1-c39e1be27f6d:192.168.151.103:36200], old=null, confs=<EMPTY_MAP>
2019-09-27 10:12:43,112 [pool-87-thread-1] INFO  server.RaftServerConfigKeys (ConfUtils.java:logGet(43)) - raft.server.storage.dir = [/workdir/hadoop-ozone/integration-test/target/test-dir/MiniOzoneClusterImpl-7309d801-f179-460c-bf8c-3619c569ab1e/datanode-6/data/ratis] (custom)
2019-09-27 10:12:43,112 [pool-87-thread-1] INFO  storage.RaftStorageDirectory (RaftStorageDirectory.java:analyzeStorage(246)) - The storage directory /workdir/hadoop-ozone/integration-test/target/test-dir/MiniOzoneClusterImpl-7309d801-f179-460c-bf8c-3619c569ab1e/datanode-6/data/ratis/471b20f6-2b8a-4e24-ba73-d3b33ca5825d does not exist. Creating ...
2019-09-27 10:12:43,125 [pool-87-thread-1] INFO  storage.RaftStorageDirectory (RaftStorageDirectory.java:tryLock(328)) - Lock on /workdir/hadoop-ozone/integration-test/target/test-dir/MiniOzoneClusterImpl-7309d801-f179-460c-bf8c-3619c569ab1e/datanode-6/data/ratis/471b20f6-2b8a-4e24-ba73-d3b33ca5825d/in_use.lock acquired by nodename 4387@pr-hdds2162-4fxhj-20988671
2019-09-27 10:12:43,138 [pool-87-thread-1] INFO  storage.RaftStorage (RaftStorage.java:format(72)) - Storage directory /workdir/hadoop-ozone/integration-test/target/test-dir/MiniOzoneClusterImpl-7309d801-f179-460c-bf8c-3619c569ab1e/datanode-6/data/ratis/471b20f6-2b8a-4e24-ba73-d3b33ca5825d has been successfully formatted.
2019-09-27 10:12:43,138 [pool-87-thread-1] INFO  ratis.ContainerStateMachine (ContainerStateMachine.java:loadSnapshot(230)) - group-D3B33CA5825D: The snapshot info is null. Setting the last applied indexto:(t:0, i:~)
2019-09-27 10:12:43,138 [pool-87-thread-1] INFO  server.RaftServerConfigKeys (ConfUtils.java:logGet(43)) - raft.server.notification.no-leader.timeout = 120s (custom)
2019-09-27 10:12:43,139 [pool-87-thread-1] INFO  server.RaftServerConfigKeys (ConfUtils.java:logGet(43)) - raft.server.log.use.memory = false (default)
2019-09-27 10:12:43,139 [pool-87-thread-1] INFO  server.RaftServerConfigKeys (ConfUtils.java:logGet(43)) - raft.server.log.purge.gap = 1000000 (custom)
2019-09-27 10:12:43,139 [pool-87-thread-1] INFO  server.RaftServerConfigKeys (ConfUtils.java:logGet(43)) - raft.server.log.appender.buffer.byte-limit = 33554432 (custom)
2019-09-27 10:12:43,139 [pool-87-thread-1] INFO  server.RaftServerConfigKeys (ConfUtils.java:logGet(43)) - raft.server.log.segment.size.max = 1048576 (custom)
2019-09-27 10:12:43,139 [pool-87-thread-1] INFO  server.RaftServerConfigKeys (ConfUtils.java:logGet(43)) - raft.server.log.segment.cache.num.max = 2 (custom)
2019-09-27 10:12:43,139 [pool-87-thread-1] INFO  segmented.SegmentedRaftLogWorker (SegmentedRaftLogWorker.java:<init>(172)) - new 1a0a9427-a12d-4c98-81a1-c39e1be27f6d@group-D3B33CA5825D-SegmentedRaftLogWorker for RaftStorage:Storage Directory /workdir/hadoop-ozone/integration-test/target/test-dir/MiniOzoneClusterImpl-7309d801-f179-460c-bf8c-3619c569ab1e/datanode-6/data/ratis/471b20f6-2b8a-4e24-ba73-d3b33ca5825d
2019-09-27 10:12:43,142 [pool-87-thread-1] INFO  server.RaftServerConfigKeys (ConfUtils.java:logGet(43)) - raft.server.log.queue.byte-limit = 2147483647 (custom)
2019-09-27 10:12:43,142 [pool-87-thread-1] INFO  server.RaftServerConfigKeys (ConfUtils.java:logGet(43)) - raft.server.log.queue.element-limit = 1024 (custom)
2019-09-27 10:12:43,142 [pool-87-thread-1] INFO  server.RaftServerConfigKeys (ConfUtils.java:logGet(43)) - raft.server.log.segment.size.max = 1048576 (custom)
2019-09-27 10:12:43,143 [pool-87-thread-1] INFO  server.RaftServerConfigKeys (ConfUtils.java:logGet(43)) - raft.server.log.preallocated.size = 16384 (custom)
2019-09-27 10:12:43,143 [pool-87-thread-1] INFO  server.RaftServerConfigKeys (ConfUtils.java:logGet(43)) - raft.server.log.write.buffer.size = 33554432 (custom)
2019-09-27 10:12:43,143 [pool-87-thread-1] INFO  server.RaftServerConfigKeys (ConfUtils.java:logGet(43)) - raft.server.log.force.sync.num = 128 (default)
2019-09-27 10:12:43,143 [pool-87-thread-1] INFO  server.RaftServerConfigKeys (ConfUtils.java:logGet(43)) - raft.server.log.statemachine.data.sync = true (default)
2019-09-27 10:12:43,143 [pool-87-thread-1] INFO  server.RaftServerConfigKeys (ConfUtils.java:logGet(43)) - raft.server.log.statemachine.data.sync.timeout = 10s (default)
2019-09-27 10:12:43,143 [pool-87-thread-1] INFO  server.RaftServerConfigKeys (ConfUtils.java:logGet(43)) - raft.server.log.statemachine.data.sync.timeout.retry = -1 (default)
2019-09-27 10:12:43,144 [pool-87-thread-1] INFO  server.RaftServerConfigKeys (ConfUtils.java:logGet(43)) - raft.server.log.statemachine.data.caching.enabled = true (custom)
2019-09-27 10:12:43,144 [pool-87-thread-1] INFO  segmented.SegmentedRaftLogWorker (SegmentedRaftLogWorker.java:lambda$new$0(132)) - 1a0a9427-a12d-4c98-81a1-c39e1be27f6d@group-D3B33CA5825D-SegmentedRaftLogWorker: flushIndex: setUnconditionally 0 -> -1
2019-09-27 10:12:43,144 [pool-87-thread-1] INFO  server.RaftServerConfigKeys (ConfUtils.java:logGet(43)) - raft.server.snapshot.auto.trigger.enabled = true (custom)
2019-09-27 10:12:43,144 [pool-87-thread-1] INFO  server.RaftServerConfigKeys (ConfUtils.java:logGet(43)) - raft.server.snapshot.auto.trigger.threshold = 10000 (custom)
2019-09-27 10:12:43,145 [pool-87-thread-1] INFO  server.RaftServerConfigKeys (ConfUtils.java:logGet(43)) - raft.server.snapshot.retention.num.files = 5 (custom)
2019-09-27 10:12:43,145 [pool-87-thread-1] INFO  server.RaftServerConfigKeys (ConfUtils.java:logGet(43)) - raft.server.retrycache.expirytime = 600000ms (custom)
2019-09-27 10:12:43,147 [pool-87-thread-1] INFO  impl.RaftServerImpl (RaftServerImpl.java:start(185)) - 1a0a9427-a12d-4c98-81a1-c39e1be27f6d@group-D3B33CA5825D: start as a follower, conf=-1: [1a0a9427-a12d-4c98-81a1-c39e1be27f6d:192.168.151.103:36200], old=null
2019-09-27 10:12:43,147 [pool-87-thread-1] INFO  impl.RaftServerImpl (RaftServerImpl.java:setRole(174)) - 1a0a9427-a12d-4c98-81a1-c39e1be27f6d@group-D3B33CA5825D: changes role from      null to FOLLOWER at term 0 for startAsFollower
2019-09-27 10:12:43,148 [pool-87-thread-1] INFO  impl.RoleInfo (RoleInfo.java:updateAndGet(143)) - 1a0a9427-a12d-4c98-81a1-c39e1be27f6d: start FollowerState
2019-09-27 10:12:43,148 [pool-87-thread-1] INFO  util.JmxRegister (JmxRegister.java:tryRegister(44)) - Successfully registered JMX Bean with object name Ratis:service=RaftServer,group=group-D3B33CA5825D,id=1a0a9427-a12d-4c98-81a1-c39e1be27f6d
2019-09-27 10:12:43,167 [RatisPipelineUtilsThread] INFO  pipeline.PipelineStateManager (PipelineStateManager.java:addPipeline(56)) - Created pipeline Pipeline[ Id: 471b20f6-2b8a-4e24-ba73-d3b33ca5825d, Nodes: 1a0a9427-a12d-4c98-81a1-c39e1be27f6d{ip: 192.168.151.103, host: pr-hdds2162-4fxhj-20988671, networkLocation: /default-rack, certSerialId: null}, Type:RATIS, Factor:ONE, State:OPEN]
2019-09-27 10:12:43,189 [grpc-default-executor-0] INFO  impl.RaftServerProxy (RaftServerProxy.java:addNew(89)) - 4bbf8e1c-0fc8-4b3a-88c0-5b6f150f1aee: addNew group-CD4B7CCC26C2:[4bbf8e1c-0fc8-4b3a-88c0-5b6f150f1aee:192.168.151.103:33910] returns group-CD4B7CCC26C2:java.util.concurrent.CompletableFuture@6315760c[Not completed]
2019-09-27 10:12:43,196 [pool-57-thread-1] INFO  impl.RaftServerImpl (RaftServerImpl.java:<init>(95)) - 4bbf8e1c-0fc8-4b3a-88c0-5b6f150f1aee: new RaftServerImpl for group-CD4B7CCC26C2:[4bbf8e1c-0fc8-4b3a-88c0-5b6f150f1aee:192.168.151.103:33910] with ContainerStateMachine:uninitialized
2019-09-27 10:12:43,196 [pool-57-thread-1] INFO  server.RaftServerConfigKeys (ConfUtils.java:logGet(43)) - raft.server.rpc.timeout.min = 1s (custom)
2019-09-27 10:12:43,196 [pool-57-thread-1] INFO  server.RaftServerConfigKeys (ConfUtils.java:logGet(43)) - raft.server.rpc.timeout.max = 1200ms (custom)
2019-09-27 10:12:43,197 [pool-57-thread-1] INFO  server.RaftServerConfigKeys (ConfUtils.java:logGet(43)) - raft.server.rpcslowness.timeout = 120s (custom)
2019-09-27 10:12:43,197 [pool-57-thread-1] INFO  server.RaftServerConfigKeys (ConfUtils.java:logGet(43)) - raft.server.sleep.deviation.threshold = 300 (default)
2019-09-27 10:12:43,197 [pool-57-thread-1] INFO  server.RaftServerConfigKeys (ConfUtils.java:logGet(43)) - raft.server.log.appender.install.snapshot.enabled = false (custom)
2019-09-27 10:12:43,197 [pool-57-thread-1] INFO  impl.RaftServerImpl (ServerState.java:<init>(103)) - 4bbf8e1c-0fc8-4b3a-88c0-5b6f150f1aee@group-CD4B7CCC26C2: ConfigurationManager, init=-1: [4bbf8e1c-0fc8-4b3a-88c0-5b6f150f1aee:192.168.151.103:33910], old=null, confs=<EMPTY_MAP>
2019-09-27 10:12:43,197 [pool-57-thread-1] INFO  server.RaftServerConfigKeys (ConfUtils.java:logGet(43)) - raft.server.storage.dir = [/workdir/hadoop-ozone/integration-test/target/test-dir/MiniOzoneClusterImpl-7309d801-f179-460c-bf8c-3619c569ab1e/datanode-3/data/ratis] (custom)
2019-09-27 10:12:43,198 [pool-57-thread-1] INFO  storage.RaftStorageDirectory (RaftStorageDirectory.java:analyzeStorage(246)) - The storage directory /workdir/hadoop-ozone/integration-test/target/test-dir/MiniOzoneClusterImpl-7309d801-f179-460c-bf8c-3619c569ab1e/datanode-3/data/ratis/de4f74fa-3095-4cfd-ae05-cd4b7ccc26c2 does not exist. Creating ...
2019-09-27 10:12:43,211 [pool-57-thread-1] INFO  storage.RaftStorageDirectory (RaftStorageDirectory.java:tryLock(328)) - Lock on /workdir/hadoop-ozone/integration-test/target/test-dir/MiniOzoneClusterImpl-7309d801-f179-460c-bf8c-3619c569ab1e/datanode-3/data/ratis/de4f74fa-3095-4cfd-ae05-cd4b7ccc26c2/in_use.lock acquired by nodename 4387@pr-hdds2162-4fxhj-20988671
2019-09-27 10:12:43,224 [pool-57-thread-1] INFO  storage.RaftStorage (RaftStorage.java:format(72)) - Storage directory /workdir/hadoop-ozone/integration-test/target/test-dir/MiniOzoneClusterImpl-7309d801-f179-460c-bf8c-3619c569ab1e/datanode-3/data/ratis/de4f74fa-3095-4cfd-ae05-cd4b7ccc26c2 has been successfully formatted.
2019-09-27 10:12:43,224 [pool-57-thread-1] INFO  ratis.ContainerStateMachine (ContainerStateMachine.java:loadSnapshot(230)) - group-CD4B7CCC26C2: The snapshot info is null. Setting the last applied indexto:(t:0, i:~)
2019-09-27 10:12:43,224 [pool-57-thread-1] INFO  server.RaftServerConfigKeys (ConfUtils.java:logGet(43)) - raft.server.notification.no-leader.timeout = 120s (custom)
2019-09-27 10:12:43,224 [pool-57-thread-1] INFO  server.RaftServerConfigKeys (ConfUtils.java:logGet(43)) - raft.server.log.use.memory = false (default)
2019-09-27 10:12:43,225 [pool-57-thread-1] INFO  server.RaftServerConfigKeys (ConfUtils.java:logGet(43)) - raft.server.log.purge.gap = 1000000 (custom)
2019-09-27 10:12:43,225 [pool-57-thread-1] INFO  server.RaftServerConfigKeys (ConfUtils.java:logGet(43)) - raft.server.log.appender.buffer.byte-limit = 33554432 (custom)
2019-09-27 10:12:43,225 [pool-57-thread-1] INFO  server.RaftServerConfigKeys (ConfUtils.java:logGet(43)) - raft.server.log.segment.size.max = 1048576 (custom)
2019-09-27 10:12:43,225 [pool-57-thread-1] INFO  server.RaftServerConfigKeys (ConfUtils.java:logGet(43)) - raft.server.log.segment.cache.num.max = 2 (custom)
2019-09-27 10:12:43,228 [pool-57-thread-1] INFO  segmented.SegmentedRaftLogWorker (SegmentedRaftLogWorker.java:<init>(172)) - new 4bbf8e1c-0fc8-4b3a-88c0-5b6f150f1aee@group-CD4B7CCC26C2-SegmentedRaftLogWorker for RaftStorage:Storage Directory /workdir/hadoop-ozone/integration-test/target/test-dir/MiniOzoneClusterImpl-7309d801-f179-460c-bf8c-3619c569ab1e/datanode-3/data/ratis/de4f74fa-3095-4cfd-ae05-cd4b7ccc26c2
2019-09-27 10:12:43,231 [pool-57-thread-1] INFO  server.RaftServerConfigKeys (ConfUtils.java:logGet(43)) - raft.server.log.queue.byte-limit = 2147483647 (custom)
2019-09-27 10:12:43,231 [pool-57-thread-1] INFO  server.RaftServerConfigKeys (ConfUtils.java:logGet(43)) - raft.server.log.queue.element-limit = 1024 (custom)
2019-09-27 10:12:43,232 [pool-57-thread-1] INFO  server.RaftServerConfigKeys (ConfUtils.java:logGet(43)) - raft.server.log.segment.size.max = 1048576 (custom)
2019-09-27 10:12:43,232 [pool-57-thread-1] INFO  server.RaftServerConfigKeys (ConfUtils.java:logGet(43)) - raft.server.log.preallocated.size = 16384 (custom)
2019-09-27 10:12:43,232 [pool-57-thread-1] INFO  server.RaftServerConfigKeys (ConfUtils.java:logGet(43)) - raft.server.log.write.buffer.size = 33554432 (custom)
2019-09-27 10:12:43,232 [pool-57-thread-1] INFO  server.RaftServerConfigKeys (ConfUtils.java:logGet(43)) - raft.server.log.force.sync.num = 128 (default)
2019-09-27 10:12:43,232 [pool-57-thread-1] INFO  server.RaftServerConfigKeys (ConfUtils.java:logGet(43)) - raft.server.log.statemachine.data.sync = true (default)
2019-09-27 10:12:43,233 [pool-57-thread-1] INFO  server.RaftServerConfigKeys (ConfUtils.java:logGet(43)) - raft.server.log.statemachine.data.sync.timeout = 10s (default)
2019-09-27 10:12:43,233 [pool-57-thread-1] INFO  server.RaftServerConfigKeys (ConfUtils.java:logGet(43)) - raft.server.log.statemachine.data.sync.timeout.retry = -1 (default)
2019-09-27 10:12:43,233 [pool-57-thread-1] INFO  server.RaftServerConfigKeys (ConfUtils.java:logGet(43)) - raft.server.log.statemachine.data.caching.enabled = true (custom)
2019-09-27 10:12:43,234 [pool-57-thread-1] INFO  segmented.SegmentedRaftLogWorker (SegmentedRaftLogWorker.java:lambda$new$0(132)) - 4bbf8e1c-0fc8-4b3a-88c0-5b6f150f1aee@group-CD4B7CCC26C2-SegmentedRaftLogWorker: flushIndex: setUnconditionally 0 -> -1
2019-09-27 10:12:43,234 [pool-57-thread-1] INFO  server.RaftServerConfigKeys (ConfUtils.java:logGet(43)) - raft.server.snapshot.auto.trigger.enabled = true (custom)
2019-09-27 10:12:43,234 [pool-57-thread-1] INFO  server.RaftServerConfigKeys (ConfUtils.java:logGet(43)) - raft.server.snapshot.auto.trigger.threshold = 10000 (custom)
2019-09-27 10:12:43,234 [pool-57-thread-1] INFO  server.RaftServerConfigKeys (ConfUtils.java:logGet(43)) - raft.server.snapshot.retention.num.files = 5 (custom)
2019-09-27 10:12:43,234 [pool-57-thread-1] INFO  server.RaftServerConfigKeys (ConfUtils.java:logGet(43)) - raft.server.retrycache.expirytime = 600000ms (custom)
2019-09-27 10:12:43,237 [pool-57-thread-1] INFO  impl.RaftServerImpl (RaftServerImpl.java:start(185)) - 4bbf8e1c-0fc8-4b3a-88c0-5b6f150f1aee@group-CD4B7CCC26C2: start as a follower, conf=-1: [4bbf8e1c-0fc8-4b3a-88c0-5b6f150f1aee:192.168.151.103:33910], old=null
2019-09-27 10:12:43,237 [pool-57-thread-1] INFO  impl.RaftServerImpl (RaftServerImpl.java:setRole(174)) - 4bbf8e1c-0fc8-4b3a-88c0-5b6f150f1aee@group-CD4B7CCC26C2: changes role from      null to FOLLOWER at term 0 for startAsFollower
2019-09-27 10:12:43,237 [pool-57-thread-1] INFO  impl.RoleInfo (RoleInfo.java:updateAndGet(143)) - 4bbf8e1c-0fc8-4b3a-88c0-5b6f150f1aee: start FollowerState
2019-09-27 10:12:43,238 [pool-57-thread-1] INFO  util.JmxRegister (JmxRegister.java:tryRegister(44)) - Successfully registered JMX Bean with object name Ratis:service=RaftServer,group=group-CD4B7CCC26C2,id=4bbf8e1c-0fc8-4b3a-88c0-5b6f150f1aee
2019-09-27 10:12:43,242 [Thread-285] INFO  impl.FollowerState (FollowerState.java:run(106)) - 363f45e3-c2ed-48f5-ae19-ed94c8ce4f3d:group-E5FA969C28D8 changes to CANDIDATE, lastRpcTime:1118, electionTimeout:1118ms
2019-09-27 10:12:43,255 [RatisPipelineUtilsThread] INFO  pipeline.PipelineStateManager (PipelineStateManager.java:addPipeline(56)) - Created pipeline Pipeline[ Id: de4f74fa-3095-4cfd-ae05-cd4b7ccc26c2, Nodes: 4bbf8e1c-0fc8-4b3a-88c0-5b6f150f1aee{ip: 192.168.151.103, host: pr-hdds2162-4fxhj-20988671, networkLocation: /default-rack, certSerialId: null}, Type:RATIS, Factor:ONE, State:OPEN]
2019-09-27 10:12:43,255 [Thread-285] INFO  impl.RoleInfo (RoleInfo.java:shutdownFollowerState(121)) - 363f45e3-c2ed-48f5-ae19-ed94c8ce4f3d: shutdown FollowerState
2019-09-27 10:12:43,255 [Thread-285] INFO  impl.RaftServerImpl (RaftServerImpl.java:setRole(174)) - 363f45e3-c2ed-48f5-ae19-ed94c8ce4f3d@group-E5FA969C28D8: changes role from  FOLLOWER to CANDIDATE at term 0 for changeToCandidate
2019-09-27 10:12:43,286 [Thread-285] INFO  impl.RoleInfo (RoleInfo.java:updateAndGet(143)) - 363f45e3-c2ed-48f5-ae19-ed94c8ce4f3d: start LeaderElection
2019-09-27 10:12:43,301 [grpc-default-executor-0] INFO  impl.RaftServerProxy (RaftServerProxy.java:addNew(89)) - 5e69d8e0-5d3d-441e-a608-814cb15995d8: addNew group-6CA54254AB4D:[5e69d8e0-5d3d-441e-a608-814cb15995d8:192.168.151.103:42001] returns group-6CA54254AB4D:java.util.concurrent.CompletableFuture@1905301f[Not completed]
2019-09-27 10:12:43,306 [363f45e3-c2ed-48f5-ae19-ed94c8ce4f3d@group-E5FA969C28D8:LeaderElection1] INFO  impl.LeaderElection (LeaderElection.java:askForVotes(182)) - 363f45e3-c2ed-48f5-ae19-ed94c8ce4f3d@group-E5FA969C28D8:LeaderElection1: begin an election at term 1 for -1: [363f45e3-c2ed-48f5-ae19-ed94c8ce4f3d:192.168.151.103:41409], old=null
2019-09-27 10:12:43,308 [pool-67-thread-1] INFO  impl.RaftServerImpl (RaftServerImpl.java:<init>(95)) - 5e69d8e0-5d3d-441e-a608-814cb15995d8: new RaftServerImpl for group-6CA54254AB4D:[5e69d8e0-5d3d-441e-a608-814cb15995d8:192.168.151.103:42001] with ContainerStateMachine:uninitialized
2019-09-27 10:12:43,308 [pool-67-thread-1] INFO  server.RaftServerConfigKeys (ConfUtils.java:logGet(43)) - raft.server.rpc.timeout.min = 1s (custom)
2019-09-27 10:12:43,308 [pool-67-thread-1] INFO  server.RaftServerConfigKeys (ConfUtils.java:logGet(43)) - raft.server.rpc.timeout.max = 1200ms (custom)
2019-09-27 10:12:43,308 [pool-67-thread-1] INFO  server.RaftServerConfigKeys (ConfUtils.java:logGet(43)) - raft.server.rpcslowness.timeout = 120s (custom)
2019-09-27 10:12:43,309 [pool-67-thread-1] INFO  server.RaftServerConfigKeys (ConfUtils.java:logGet(43)) - raft.server.sleep.deviation.threshold = 300 (default)
2019-09-27 10:12:43,309 [pool-67-thread-1] INFO  server.RaftServerConfigKeys (ConfUtils.java:logGet(43)) - raft.server.log.appender.install.snapshot.enabled = false (custom)
2019-09-27 10:12:43,309 [pool-67-thread-1] INFO  impl.RaftServerImpl (ServerState.java:<init>(103)) - 5e69d8e0-5d3d-441e-a608-814cb15995d8@group-6CA54254AB4D: ConfigurationManager, init=-1: [5e69d8e0-5d3d-441e-a608-814cb15995d8:192.168.151.103:42001], old=null, confs=<EMPTY_MAP>
2019-09-27 10:12:43,309 [pool-67-thread-1] INFO  server.RaftServerConfigKeys (ConfUtils.java:logGet(43)) - raft.server.storage.dir = [/workdir/hadoop-ozone/integration-test/target/test-dir/MiniOzoneClusterImpl-7309d801-f179-460c-bf8c-3619c569ab1e/datanode-4/data/ratis] (custom)
2019-09-27 10:12:43,309 [363f45e3-c2ed-48f5-ae19-ed94c8ce4f3d@group-E5FA969C28D8:LeaderElection1] INFO  impl.RoleInfo (RoleInfo.java:shutdownLeaderElection(134)) - 363f45e3-c2ed-48f5-ae19-ed94c8ce4f3d: shutdown LeaderElection
2019-09-27 10:12:43,310 [pool-67-thread-1] INFO  storage.RaftStorageDirectory (RaftStorageDirectory.java:analyzeStorage(246)) - The storage directory /workdir/hadoop-ozone/integration-test/target/test-dir/MiniOzoneClusterImpl-7309d801-f179-460c-bf8c-3619c569ab1e/datanode-4/data/ratis/8bd9c4bd-c5d2-47a1-bb7f-6ca54254ab4d does not exist. Creating ...
2019-09-27 10:12:43,310 [363f45e3-c2ed-48f5-ae19-ed94c8ce4f3d@group-E5FA969C28D8:LeaderElection1] INFO  impl.RaftServerImpl (RaftServerImpl.java:setRole(174)) - 363f45e3-c2ed-48f5-ae19-ed94c8ce4f3d@group-E5FA969C28D8: changes role from CANDIDATE to LEADER at term 1 for changeToLeader
2019-09-27 10:12:43,310 [363f45e3-c2ed-48f5-ae19-ed94c8ce4f3d@group-E5FA969C28D8:LeaderElection1] INFO  impl.RaftServerImpl (ServerState.java:setLeader(253)) - 363f45e3-c2ed-48f5-ae19-ed94c8ce4f3d@group-E5FA969C28D8: change Leader from null to 363f45e3-c2ed-48f5-ae19-ed94c8ce4f3d at term 1 for becomeLeader, leader elected after 1295ms
2019-09-27 10:12:43,325 [pool-67-thread-1] INFO  storage.RaftStorageDirectory (RaftStorageDirectory.java:tryLock(328)) - Lock on /workdir/hadoop-ozone/integration-test/target/test-dir/MiniOzoneClusterImpl-7309d801-f179-460c-bf8c-3619c569ab1e/datanode-4/data/ratis/8bd9c4bd-c5d2-47a1-bb7f-6ca54254ab4d/in_use.lock acquired by nodename 4387@pr-hdds2162-4fxhj-20988671
2019-09-27 10:12:43,325 [363f45e3-c2ed-48f5-ae19-ed94c8ce4f3d@group-E5FA969C28D8:LeaderElection1] INFO  server.RaftServerConfigKeys (ConfUtils.java:logGet(43)) - raft.server.staging.catchup.gap = 1000 (default)
2019-09-27 10:12:43,326 [363f45e3-c2ed-48f5-ae19-ed94c8ce4f3d@group-E5FA969C28D8:LeaderElection1] INFO  server.RaftServerConfigKeys (ConfUtils.java:logGet(43)) - raft.server.rpc.sleep.time = 25ms (default)
2019-09-27 10:12:43,331 [363f45e3-c2ed-48f5-ae19-ed94c8ce4f3d@group-E5FA969C28D8:LeaderElection1] INFO  server.RaftServerConfigKeys (ConfUtils.java:logGet(43)) - raft.server.write.element-limit = 4096 (default)
2019-09-27 10:12:43,334 [363f45e3-c2ed-48f5-ae19-ed94c8ce4f3d@group-E5FA969C28D8:LeaderElection1] INFO  server.RaftServerConfigKeys (ConfUtils.java:logGet(43)) - raft.server.watch.timeout = 10s (default)
2019-09-27 10:12:43,334 [363f45e3-c2ed-48f5-ae19-ed94c8ce4f3d@group-E5FA969C28D8:LeaderElection1] INFO  server.RaftServerConfigKeys (ConfUtils.java:logGet(43)) - raft.server.watch.timeout.denomination = 1s (default)
2019-09-27 10:12:43,335 [pool-67-thread-1] INFO  storage.RaftStorage (RaftStorage.java:format(72)) - Storage directory /workdir/hadoop-ozone/integration-test/target/test-dir/MiniOzoneClusterImpl-7309d801-f179-460c-bf8c-3619c569ab1e/datanode-4/data/ratis/8bd9c4bd-c5d2-47a1-bb7f-6ca54254ab4d has been successfully formatted.
2019-09-27 10:12:43,335 [pool-67-thread-1] INFO  ratis.ContainerStateMachine (ContainerStateMachine.java:loadSnapshot(230)) - group-6CA54254AB4D: The snapshot info is null. Setting the last applied indexto:(t:0, i:~)
2019-09-27 10:12:43,335 [pool-67-thread-1] INFO  server.RaftServerConfigKeys (ConfUtils.java:logGet(43)) - raft.server.notification.no-leader.timeout = 120s (custom)
2019-09-27 10:12:43,335 [pool-67-thread-1] INFO  server.RaftServerConfigKeys (ConfUtils.java:logGet(43)) - raft.server.log.use.memory = false (default)
2019-09-27 10:12:43,336 [363f45e3-c2ed-48f5-ae19-ed94c8ce4f3d@group-E5FA969C28D8:LeaderElection1] INFO  server.RaftServerConfigKeys (ConfUtils.java:logGet(43)) - raft.server.watch.element-limit = 65536 (default)
2019-09-27 10:12:43,336 [pool-67-thread-1] INFO  server.RaftServerConfigKeys (ConfUtils.java:logGet(43)) - raft.server.log.purge.gap = 1000000 (custom)
2019-09-27 10:12:43,336 [pool-67-thread-1] INFO  server.RaftServerConfigKeys (ConfUtils.java:logGet(43)) - raft.server.log.appender.buffer.byte-limit = 33554432 (custom)
2019-09-27 10:12:43,336 [pool-67-thread-1] INFO  server.RaftServerConfigKeys (ConfUtils.java:logGet(43)) - raft.server.log.segment.size.max = 1048576 (custom)
2019-09-27 10:12:43,336 [pool-67-thread-1] INFO  server.RaftServerConfigKeys (ConfUtils.java:logGet(43)) - raft.server.log.segment.cache.num.max = 2 (custom)
2019-09-27 10:12:43,336 [pool-67-thread-1] INFO  segmented.SegmentedRaftLogWorker (SegmentedRaftLogWorker.java:<init>(172)) - new 5e69d8e0-5d3d-441e-a608-814cb15995d8@group-6CA54254AB4D-SegmentedRaftLogWorker for RaftStorage:Storage Directory /workdir/hadoop-ozone/integration-test/target/test-dir/MiniOzoneClusterImpl-7309d801-f179-460c-bf8c-3619c569ab1e/datanode-4/data/ratis/8bd9c4bd-c5d2-47a1-bb7f-6ca54254ab4d
2019-09-27 10:12:43,340 [pool-67-thread-1] INFO  server.RaftServerConfigKeys (ConfUtils.java:logGet(43)) - raft.server.log.queue.byte-limit = 2147483647 (custom)
2019-09-27 10:12:43,340 [pool-67-thread-1] INFO  server.RaftServerConfigKeys (ConfUtils.java:logGet(43)) - raft.server.log.queue.element-limit = 1024 (custom)
2019-09-27 10:12:43,340 [pool-67-thread-1] INFO  server.RaftServerConfigKeys (ConfUtils.java:logGet(43)) - raft.server.log.segment.size.max = 1048576 (custom)
2019-09-27 10:12:43,340 [pool-67-thread-1] INFO  server.RaftServerConfigKeys (ConfUtils.java:logGet(43)) - raft.server.log.preallocated.size = 16384 (custom)
2019-09-27 10:12:43,340 [pool-67-thread-1] INFO  server.RaftServerConfigKeys (ConfUtils.java:logGet(43)) - raft.server.log.write.buffer.size = 33554432 (custom)
2019-09-27 10:12:43,341 [pool-67-thread-1] INFO  server.RaftServerConfigKeys (ConfUtils.java:logGet(43)) - raft.server.log.force.sync.num = 128 (default)
2019-09-27 10:12:43,341 [pool-67-thread-1] INFO  server.RaftServerConfigKeys (ConfUtils.java:logGet(43)) - raft.server.log.statemachine.data.sync = true (default)
2019-09-27 10:12:43,341 [pool-67-thread-1] INFO  server.RaftServerConfigKeys (ConfUtils.java:logGet(43)) - raft.server.log.statemachine.data.sync.timeout = 10s (default)
2019-09-27 10:12:43,341 [pool-67-thread-1] INFO  server.RaftServerConfigKeys (ConfUtils.java:logGet(43)) - raft.server.log.statemachine.data.sync.timeout.retry = -1 (default)
2019-09-27 10:12:43,341 [pool-67-thread-1] INFO  server.RaftServerConfigKeys (ConfUtils.java:logGet(43)) - raft.server.log.statemachine.data.caching.enabled = true (custom)
2019-09-27 10:12:43,342 [pool-67-thread-1] INFO  segmented.SegmentedRaftLogWorker (SegmentedRaftLogWorker.java:lambda$new$0(132)) - 5e69d8e0-5d3d-441e-a608-814cb15995d8@group-6CA54254AB4D-SegmentedRaftLogWorker: flushIndex: setUnconditionally 0 -> -1
2019-09-27 10:12:43,342 [pool-67-thread-1] INFO  server.RaftServerConfigKeys (ConfUtils.java:logGet(43)) - raft.server.snapshot.auto.trigger.enabled = true (custom)
2019-09-27 10:12:43,342 [pool-67-thread-1] INFO  server.RaftServerConfigKeys (ConfUtils.java:logGet(43)) - raft.server.snapshot.auto.trigger.threshold = 10000 (custom)
2019-09-27 10:12:43,342 [pool-67-thread-1] INFO  server.RaftServerConfigKeys (ConfUtils.java:logGet(43)) - raft.server.snapshot.retention.num.files = 5 (custom)
2019-09-27 10:12:43,343 [pool-67-thread-1] INFO  server.RaftServerConfigKeys (ConfUtils.java:logGet(43)) - raft.server.retrycache.expirytime = 600000ms (custom)
2019-09-27 10:12:43,346 [pool-67-thread-1] INFO  impl.RaftServerImpl (RaftServerImpl.java:start(185)) - 5e69d8e0-5d3d-441e-a608-814cb15995d8@group-6CA54254AB4D: start as a follower, conf=-1: [5e69d8e0-5d3d-441e-a608-814cb15995d8:192.168.151.103:42001], old=null
2019-09-27 10:12:43,346 [pool-67-thread-1] INFO  impl.RaftServerImpl (RaftServerImpl.java:setRole(174)) - 5e69d8e0-5d3d-441e-a608-814cb15995d8@group-6CA54254AB4D: changes role from      null to FOLLOWER at term 0 for startAsFollower
2019-09-27 10:12:43,346 [pool-67-thread-1] INFO  impl.RoleInfo (RoleInfo.java:updateAndGet(143)) - 5e69d8e0-5d3d-441e-a608-814cb15995d8: start FollowerState
2019-09-27 10:12:43,347 [pool-67-thread-1] INFO  util.JmxRegister (JmxRegister.java:tryRegister(44)) - Successfully registered JMX Bean with object name Ratis:service=RaftServer,group=group-6CA54254AB4D,id=5e69d8e0-5d3d-441e-a608-814cb15995d8
2019-09-27 10:12:43,349 [363f45e3-c2ed-48f5-ae19-ed94c8ce4f3d@group-E5FA969C28D8:LeaderElection1] INFO  impl.RoleInfo (RoleInfo.java:updateAndGet(143)) - 363f45e3-c2ed-48f5-ae19-ed94c8ce4f3d: start LeaderState
2019-09-27 10:12:43,360 [RatisPipelineUtilsThread] INFO  pipeline.PipelineStateManager (PipelineStateManager.java:addPipeline(56)) - Created pipeline Pipeline[ Id: 8bd9c4bd-c5d2-47a1-bb7f-6ca54254ab4d, Nodes: 5e69d8e0-5d3d-441e-a608-814cb15995d8{ip: 192.168.151.103, host: pr-hdds2162-4fxhj-20988671, networkLocation: /default-rack, certSerialId: null}, Type:RATIS, Factor:ONE, State:OPEN]
2019-09-27 10:12:43,410 [grpc-default-executor-1] INFO  impl.RaftServerProxy (RaftServerProxy.java:addNew(89)) - c0b96085-d2d8-445e-bc85-808a6dba9cdf: addNew group-0E6FB7C5B51C:[6538e5ea-9fbc-4e7b-b1f8-bd637acac874:192.168.151.103:35650, ca2cbff0-14e3-4cd0-83a1-6556e5af9ad7:192.168.151.103:39799, c0b96085-d2d8-445e-bc85-808a6dba9cdf:192.168.151.103:35883] returns group-0E6FB7C5B51C:java.util.concurrent.CompletableFuture@2a2798d4[Not completed]
2019-09-27 10:12:43,413 [grpc-default-executor-2] INFO  impl.RaftServerProxy (RaftServerProxy.java:addNew(89)) - ca2cbff0-14e3-4cd0-83a1-6556e5af9ad7: addNew group-0E6FB7C5B51C:[6538e5ea-9fbc-4e7b-b1f8-bd637acac874:192.168.151.103:35650, ca2cbff0-14e3-4cd0-83a1-6556e5af9ad7:192.168.151.103:39799, c0b96085-d2d8-445e-bc85-808a6dba9cdf:192.168.151.103:35883] returns group-0E6FB7C5B51C:java.util.concurrent.CompletableFuture@6f885db3[Not completed]
2019-09-27 10:12:43,416 [grpc-default-executor-2] INFO  impl.RaftServerProxy (RaftServerProxy.java:addNew(89)) - 6538e5ea-9fbc-4e7b-b1f8-bd637acac874: addNew group-0E6FB7C5B51C:[6538e5ea-9fbc-4e7b-b1f8-bd637acac874:192.168.151.103:35650, ca2cbff0-14e3-4cd0-83a1-6556e5af9ad7:192.168.151.103:39799, c0b96085-d2d8-445e-bc85-808a6dba9cdf:192.168.151.103:35883] returns group-0E6FB7C5B51C:java.util.concurrent.CompletableFuture@2a8ade26[Not completed]
2019-09-27 10:12:43,416 [pool-97-thread-1] INFO  impl.RaftServerImpl (RaftServerImpl.java:<init>(95)) - c0b96085-d2d8-445e-bc85-808a6dba9cdf: new RaftServerImpl for group-0E6FB7C5B51C:[6538e5ea-9fbc-4e7b-b1f8-bd637acac874:192.168.151.103:35650, ca2cbff0-14e3-4cd0-83a1-6556e5af9ad7:192.168.151.103:39799, c0b96085-d2d8-445e-bc85-808a6dba9cdf:192.168.151.103:35883] with ContainerStateMachine:uninitialized
2019-09-27 10:12:43,417 [363f45e3-c2ed-48f5-ae19-ed94c8ce4f3d@group-E5FA969C28D8:LeaderElection1] INFO  segmented.SegmentedRaftLogWorker (SegmentedRaftLogWorker.java:startLogSegment(380)) - 363f45e3-c2ed-48f5-ae19-ed94c8ce4f3d@group-E5FA969C28D8-SegmentedRaftLogWorker: Starting segment from index:0
2019-09-27 10:12:43,417 [pool-97-thread-1] INFO  server.RaftServerConfigKeys (ConfUtils.java:logGet(43)) - raft.server.rpc.timeout.min = 1s (custom)
2019-09-27 10:12:43,417 [pool-97-thread-1] INFO  server.RaftServerConfigKeys (ConfUtils.java:logGet(43)) - raft.server.rpc.timeout.max = 1200ms (custom)
2019-09-27 10:12:43,417 [pool-97-thread-1] INFO  server.RaftServerConfigKeys (ConfUtils.java:logGet(43)) - raft.server.rpcslowness.timeout = 120s (custom)
2019-09-27 10:12:43,417 [pool-97-thread-1] INFO  server.RaftServerConfigKeys (ConfUtils.java:logGet(43)) - raft.server.sleep.deviation.threshold = 300 (default)
2019-09-27 10:12:43,417 [pool-77-thread-1] INFO  impl.RaftServerImpl (RaftServerImpl.java:<init>(95)) - 6538e5ea-9fbc-4e7b-b1f8-bd637acac874: new RaftServerImpl for group-0E6FB7C5B51C:[6538e5ea-9fbc-4e7b-b1f8-bd637acac874:192.168.151.103:35650, ca2cbff0-14e3-4cd0-83a1-6556e5af9ad7:192.168.151.103:39799, c0b96085-d2d8-445e-bc85-808a6dba9cdf:192.168.151.103:35883] with ContainerStateMachine:uninitialized
2019-09-27 10:12:43,417 [pool-97-thread-1] INFO  server.RaftServerConfigKeys (ConfUtils.java:logGet(43)) - raft.server.log.appender.install.snapshot.enabled = false (custom)
2019-09-27 10:12:43,417 [pool-77-thread-1] INFO  server.RaftServerConfigKeys (ConfUtils.java:logGet(43)) - raft.server.rpc.timeout.min = 1s (custom)
2019-09-27 10:12:43,418 [pool-97-thread-1] INFO  impl.RaftServerImpl (ServerState.java:<init>(103)) - c0b96085-d2d8-445e-bc85-808a6dba9cdf@group-0E6FB7C5B51C: ConfigurationManager, init=-1: [6538e5ea-9fbc-4e7b-b1f8-bd637acac874:192.168.151.103:35650, ca2cbff0-14e3-4cd0-83a1-6556e5af9ad7:192.168.151.103:39799, c0b96085-d2d8-445e-bc85-808a6dba9cdf:192.168.151.103:35883], old=null, confs=<EMPTY_MAP>
2019-09-27 10:12:43,418 [pool-77-thread-1] INFO  server.RaftServerConfigKeys (ConfUtils.java:logGet(43)) - raft.server.rpc.timeout.max = 1200ms (custom)
2019-09-27 10:12:43,418 [pool-97-thread-1] INFO  server.RaftServerConfigKeys (ConfUtils.java:logGet(43)) - raft.server.storage.dir = [/workdir/hadoop-ozone/integration-test/target/test-dir/MiniOzoneClusterImpl-7309d801-f179-460c-bf8c-3619c569ab1e/datanode-7/data/ratis] (custom)
2019-09-27 10:12:43,418 [pool-77-thread-1] INFO  server.RaftServerConfigKeys (ConfUtils.java:logGet(43)) - raft.server.rpcslowness.timeout = 120s (custom)
2019-09-27 10:12:43,418 [pool-77-thread-1] INFO  server.RaftServerConfigKeys (ConfUtils.java:logGet(43)) - raft.server.sleep.deviation.threshold = 300 (default)
2019-09-27 10:12:43,418 [pool-77-thread-1] INFO  server.RaftServerConfigKeys (ConfUtils.java:logGet(43)) - raft.server.log.appender.install.snapshot.enabled = false (custom)
2019-09-27 10:12:43,418 [pool-97-thread-1] INFO  storage.RaftStorageDirectory (RaftStorageDirectory.java:analyzeStorage(246)) - The storage directory /workdir/hadoop-ozone/integration-test/target/test-dir/MiniOzoneClusterImpl-7309d801-f179-460c-bf8c-3619c569ab1e/datanode-7/data/ratis/7ec303c7-ca5a-43e7-a808-0e6fb7c5b51c does not exist. Creating ...
2019-09-27 10:12:43,418 [pool-37-thread-1] INFO  impl.RaftServerImpl (RaftServerImpl.java:<init>(95)) - ca2cbff0-14e3-4cd0-83a1-6556e5af9ad7: new RaftServerImpl for group-0E6FB7C5B51C:[6538e5ea-9fbc-4e7b-b1f8-bd637acac874:192.168.151.103:35650, ca2cbff0-14e3-4cd0-83a1-6556e5af9ad7:192.168.151.103:39799, c0b96085-d2d8-445e-bc85-808a6dba9cdf:192.168.151.103:35883] with ContainerStateMachine:uninitialized
2019-09-27 10:12:43,418 [pool-77-thread-1] INFO  impl.RaftServerImpl (ServerState.java:<init>(103)) - 6538e5ea-9fbc-4e7b-b1f8-bd637acac874@group-0E6FB7C5B51C: ConfigurationManager, init=-1: [6538e5ea-9fbc-4e7b-b1f8-bd637acac874:192.168.151.103:35650, ca2cbff0-14e3-4cd0-83a1-6556e5af9ad7:192.168.151.103:39799, c0b96085-d2d8-445e-bc85-808a6dba9cdf:192.168.151.103:35883], old=null, confs=<EMPTY_MAP>
2019-09-27 10:12:43,419 [pool-37-thread-1] INFO  server.RaftServerConfigKeys (ConfUtils.java:logGet(43)) - raft.server.rpc.timeout.min = 1s (custom)
2019-09-27 10:12:43,419 [pool-77-thread-1] INFO  server.RaftServerConfigKeys (ConfUtils.java:logGet(43)) - raft.server.storage.dir = [/workdir/hadoop-ozone/integration-test/target/test-dir/MiniOzoneClusterImpl-7309d801-f179-460c-bf8c-3619c569ab1e/datanode-5/data/ratis] (custom)
2019-09-27 10:12:43,419 [pool-37-thread-1] INFO  server.RaftServerConfigKeys (ConfUtils.java:logGet(43)) - raft.server.rpc.timeout.max = 1200ms (custom)
2019-09-27 10:12:43,419 [pool-37-thread-1] INFO  server.RaftServerConfigKeys (ConfUtils.java:logGet(43)) - raft.server.rpcslowness.timeout = 120s (custom)
2019-09-27 10:12:43,419 [pool-77-thread-1] INFO  storage.RaftStorageDirectory (RaftStorageDirectory.java:analyzeStorage(246)) - The storage directory /workdir/hadoop-ozone/integration-test/target/test-dir/MiniOzoneClusterImpl-7309d801-f179-460c-bf8c-3619c569ab1e/datanode-5/data/ratis/7ec303c7-ca5a-43e7-a808-0e6fb7c5b51c does not exist. Creating ...
2019-09-27 10:12:43,419 [pool-37-thread-1] INFO  server.RaftServerConfigKeys (ConfUtils.java:logGet(43)) - raft.server.sleep.deviation.threshold = 300 (default)
2019-09-27 10:12:43,419 [pool-37-thread-1] INFO  server.RaftServerConfigKeys (ConfUtils.java:logGet(43)) - raft.server.log.appender.install.snapshot.enabled = false (custom)
2019-09-27 10:12:43,419 [pool-37-thread-1] INFO  impl.RaftServerImpl (ServerState.java:<init>(103)) - ca2cbff0-14e3-4cd0-83a1-6556e5af9ad7@group-0E6FB7C5B51C: ConfigurationManager, init=-1: [6538e5ea-9fbc-4e7b-b1f8-bd637acac874:192.168.151.103:35650, ca2cbff0-14e3-4cd0-83a1-6556e5af9ad7:192.168.151.103:39799, c0b96085-d2d8-445e-bc85-808a6dba9cdf:192.168.151.103:35883], old=null, confs=<EMPTY_MAP>
2019-09-27 10:12:43,420 [pool-37-thread-1] INFO  server.RaftServerConfigKeys (ConfUtils.java:logGet(43)) - raft.server.storage.dir = [/workdir/hadoop-ozone/integration-test/target/test-dir/MiniOzoneClusterImpl-7309d801-f179-460c-bf8c-3619c569ab1e/datanode-1/data/ratis] (custom)
2019-09-27 10:12:43,420 [pool-37-thread-1] INFO  storage.RaftStorageDirectory (RaftStorageDirectory.java:analyzeStorage(246)) - The storage directory /workdir/hadoop-ozone/integration-test/target/test-dir/MiniOzoneClusterImpl-7309d801-f179-460c-bf8c-3619c569ab1e/datanode-1/data/ratis/7ec303c7-ca5a-43e7-a808-0e6fb7c5b51c does not exist. Creating ...
2019-09-27 10:12:43,425 [363f45e3-c2ed-48f5-ae19-ed94c8ce4f3d@group-E5FA969C28D8:LeaderElection1] INFO  impl.RaftServerImpl (ServerState.java:setRaftConf(354)) - 363f45e3-c2ed-48f5-ae19-ed94c8ce4f3d@group-E5FA969C28D8: set configuration 0: [363f45e3-c2ed-48f5-ae19-ed94c8ce4f3d:192.168.151.103:41409], old=null at 0
2019-09-27 10:12:43,445 [pool-77-thread-1] INFO  storage.RaftStorageDirectory (RaftStorageDirectory.java:tryLock(328)) - Lock on /workdir/hadoop-ozone/integration-test/target/test-dir/MiniOzoneClusterImpl-7309d801-f179-460c-bf8c-3619c569ab1e/datanode-5/data/ratis/7ec303c7-ca5a-43e7-a808-0e6fb7c5b51c/in_use.lock acquired by nodename 4387@pr-hdds2162-4fxhj-20988671
2019-09-27 10:12:43,445 [pool-37-thread-1] INFO  storage.RaftStorageDirectory (RaftStorageDirectory.java:tryLock(328)) - Lock on /workdir/hadoop-ozone/integration-test/target/test-dir/MiniOzoneClusterImpl-7309d801-f179-460c-bf8c-3619c569ab1e/datanode-1/data/ratis/7ec303c7-ca5a-43e7-a808-0e6fb7c5b51c/in_use.lock acquired by nodename 4387@pr-hdds2162-4fxhj-20988671
2019-09-27 10:12:43,445 [pool-97-thread-1] INFO  storage.RaftStorageDirectory (RaftStorageDirectory.java:tryLock(328)) - Lock on /workdir/hadoop-ozone/integration-test/target/test-dir/MiniOzoneClusterImpl-7309d801-f179-460c-bf8c-3619c569ab1e/datanode-7/data/ratis/7ec303c7-ca5a-43e7-a808-0e6fb7c5b51c/in_use.lock acquired by nodename 4387@pr-hdds2162-4fxhj-20988671
2019-09-27 10:12:43,459 [pool-97-thread-1] INFO  storage.RaftStorage (RaftStorage.java:format(72)) - Storage directory /workdir/hadoop-ozone/integration-test/target/test-dir/MiniOzoneClusterImpl-7309d801-f179-460c-bf8c-3619c569ab1e/datanode-7/data/ratis/7ec303c7-ca5a-43e7-a808-0e6fb7c5b51c has been successfully formatted.
2019-09-27 10:12:43,459 [pool-37-thread-1] INFO  storage.RaftStorage (RaftStorage.java:format(72)) - Storage directory /workdir/hadoop-ozone/integration-test/target/test-dir/MiniOzoneClusterImpl-7309d801-f179-460c-bf8c-3619c569ab1e/datanode-1/data/ratis/7ec303c7-ca5a-43e7-a808-0e6fb7c5b51c has been successfully formatted.
2019-09-27 10:12:43,459 [pool-77-thread-1] INFO  storage.RaftStorage (RaftStorage.java:format(72)) - Storage directory /workdir/hadoop-ozone/integration-test/target/test-dir/MiniOzoneClusterImpl-7309d801-f179-460c-bf8c-3619c569ab1e/datanode-5/data/ratis/7ec303c7-ca5a-43e7-a808-0e6fb7c5b51c has been successfully formatted.
2019-09-27 10:12:43,459 [pool-97-thread-1] INFO  ratis.ContainerStateMachine (ContainerStateMachine.java:loadSnapshot(230)) - group-0E6FB7C5B51C: The snapshot info is null. Setting the last applied indexto:(t:0, i:~)
2019-09-27 10:12:43,459 [pool-37-thread-1] INFO  ratis.ContainerStateMachine (ContainerStateMachine.java:loadSnapshot(230)) - group-0E6FB7C5B51C: The snapshot info is null. Setting the last applied indexto:(t:0, i:~)
2019-09-27 10:12:43,459 [pool-77-thread-1] INFO  ratis.ContainerStateMachine (ContainerStateMachine.java:loadSnapshot(230)) - group-0E6FB7C5B51C: The snapshot info is null. Setting the last applied indexto:(t:0, i:~)
2019-09-27 10:12:43,459 [pool-97-thread-1] INFO  server.RaftServerConfigKeys (ConfUtils.java:logGet(43)) - raft.server.notification.no-leader.timeout = 120s (custom)
2019-09-27 10:12:43,460 [pool-77-thread-1] INFO  server.RaftServerConfigKeys (ConfUtils.java:logGet(43)) - raft.server.notification.no-leader.timeout = 120s (custom)
2019-09-27 10:12:43,460 [pool-37-thread-1] INFO  server.RaftServerConfigKeys (ConfUtils.java:logGet(43)) - raft.server.notification.no-leader.timeout = 120s (custom)
2019-09-27 10:12:43,460 [pool-77-thread-1] INFO  server.RaftServerConfigKeys (ConfUtils.java:logGet(43)) - raft.server.log.use.memory = false (default)
2019-09-27 10:12:43,460 [pool-97-thread-1] INFO  server.RaftServerConfigKeys (ConfUtils.java:logGet(43)) - raft.server.log.use.memory = false (default)
2019-09-27 10:12:43,460 [pool-77-thread-1] INFO  server.RaftServerConfigKeys (ConfUtils.java:logGet(43)) - raft.server.log.purge.gap = 1000000 (custom)
2019-09-27 10:12:43,460 [pool-37-thread-1] INFO  server.RaftServerConfigKeys (ConfUtils.java:logGet(43)) - raft.server.log.use.memory = false (default)
2019-09-27 10:12:43,461 [pool-77-thread-1] INFO  server.RaftServerConfigKeys (ConfUtils.java:logGet(43)) - raft.server.log.appender.buffer.byte-limit = 33554432 (custom)
2019-09-27 10:12:43,461 [pool-97-thread-1] INFO  server.RaftServerConfigKeys (ConfUtils.java:logGet(43)) - raft.server.log.purge.gap = 1000000 (custom)
2019-09-27 10:12:43,461 [pool-77-thread-1] INFO  server.RaftServerConfigKeys (ConfUtils.java:logGet(43)) - raft.server.log.segment.size.max = 1048576 (custom)
2019-09-27 10:12:43,461 [pool-37-thread-1] INFO  server.RaftServerConfigKeys (ConfUtils.java:logGet(43)) - raft.server.log.purge.gap = 1000000 (custom)
2019-09-27 10:12:43,461 [pool-77-thread-1] INFO  server.RaftServerConfigKeys (ConfUtils.java:logGet(43)) - raft.server.log.segment.cache.num.max = 2 (custom)
2019-09-27 10:12:43,461 [pool-97-thread-1] INFO  server.RaftServerConfigKeys (ConfUtils.java:logGet(43)) - raft.server.log.appender.buffer.byte-limit = 33554432 (custom)
2019-09-27 10:12:43,462 [pool-77-thread-1] INFO  segmented.SegmentedRaftLogWorker (SegmentedRaftLogWorker.java:<init>(172)) - new 6538e5ea-9fbc-4e7b-b1f8-bd637acac874@group-0E6FB7C5B51C-SegmentedRaftLogWorker for RaftStorage:Storage Directory /workdir/hadoop-ozone/integration-test/target/test-dir/MiniOzoneClusterImpl-7309d801-f179-460c-bf8c-3619c569ab1e/datanode-5/data/ratis/7ec303c7-ca5a-43e7-a808-0e6fb7c5b51c
2019-09-27 10:12:43,462 [pool-37-thread-1] INFO  server.RaftServerConfigKeys (ConfUtils.java:logGet(43)) - raft.server.log.appender.buffer.byte-limit = 33554432 (custom)
2019-09-27 10:12:43,462 [pool-77-thread-1] INFO  server.RaftServerConfigKeys (ConfUtils.java:logGet(43)) - raft.server.log.queue.byte-limit = 2147483647 (custom)
2019-09-27 10:12:43,462 [pool-97-thread-1] INFO  server.RaftServerConfigKeys (ConfUtils.java:logGet(43)) - raft.server.log.segment.size.max = 1048576 (custom)
2019-09-27 10:12:43,462 [pool-77-thread-1] INFO  server.RaftServerConfigKeys (ConfUtils.java:logGet(43)) - raft.server.log.queue.element-limit = 1024 (custom)
2019-09-27 10:12:43,462 [pool-37-thread-1] INFO  server.RaftServerConfigKeys (ConfUtils.java:logGet(43)) - raft.server.log.segment.size.max = 1048576 (custom)
2019-09-27 10:12:43,463 [pool-77-thread-1] INFO  server.RaftServerConfigKeys (ConfUtils.java:logGet(43)) - raft.server.log.segment.size.max = 1048576 (custom)
2019-09-27 10:12:43,462 [pool-97-thread-1] INFO  server.RaftServerConfigKeys (ConfUtils.java:logGet(43)) - raft.server.log.segment.cache.num.max = 2 (custom)
2019-09-27 10:12:43,463 [pool-77-thread-1] INFO  server.RaftServerConfigKeys (ConfUtils.java:logGet(43)) - raft.server.log.preallocated.size = 16384 (custom)
2019-09-27 10:12:43,463 [pool-37-thread-1] INFO  server.RaftServerConfigKeys (ConfUtils.java:logGet(43)) - raft.server.log.segment.cache.num.max = 2 (custom)
2019-09-27 10:12:43,463 [pool-77-thread-1] INFO  server.RaftServerConfigKeys (ConfUtils.java:logGet(43)) - raft.server.log.write.buffer.size = 33554432 (custom)
2019-09-27 10:12:43,463 [pool-97-thread-1] INFO  segmented.SegmentedRaftLogWorker (SegmentedRaftLogWorker.java:<init>(172)) - new c0b96085-d2d8-445e-bc85-808a6dba9cdf@group-0E6FB7C5B51C-SegmentedRaftLogWorker for RaftStorage:Storage Directory /workdir/hadoop-ozone/integration-test/target/test-dir/MiniOzoneClusterImpl-7309d801-f179-460c-bf8c-3619c569ab1e/datanode-7/data/ratis/7ec303c7-ca5a-43e7-a808-0e6fb7c5b51c
2019-09-27 10:12:43,463 [pool-77-thread-1] INFO  server.RaftServerConfigKeys (ConfUtils.java:logGet(43)) - raft.server.log.force.sync.num = 128 (default)
2019-09-27 10:12:43,463 [pool-37-thread-1] INFO  segmented.SegmentedRaftLogWorker (SegmentedRaftLogWorker.java:<init>(172)) - new ca2cbff0-14e3-4cd0-83a1-6556e5af9ad7@group-0E6FB7C5B51C-SegmentedRaftLogWorker for RaftStorage:Storage Directory /workdir/hadoop-ozone/integration-test/target/test-dir/MiniOzoneClusterImpl-7309d801-f179-460c-bf8c-3619c569ab1e/datanode-1/data/ratis/7ec303c7-ca5a-43e7-a808-0e6fb7c5b51c
2019-09-27 10:12:43,464 [pool-77-thread-1] INFO  server.RaftServerConfigKeys (ConfUtils.java:logGet(43)) - raft.server.log.statemachine.data.sync = true (default)
2019-09-27 10:12:43,464 [pool-97-thread-1] INFO  server.RaftServerConfigKeys (ConfUtils.java:logGet(43)) - raft.server.log.queue.byte-limit = 2147483647 (custom)
2019-09-27 10:12:43,464 [pool-77-thread-1] INFO  server.RaftServerConfigKeys (ConfUtils.java:logGet(43)) - raft.server.log.statemachine.data.sync.timeout = 10s (default)
2019-09-27 10:12:43,464 [pool-37-thread-1] INFO  server.RaftServerConfigKeys (ConfUtils.java:logGet(43)) - raft.server.log.queue.byte-limit = 2147483647 (custom)
2019-09-27 10:12:43,464 [pool-77-thread-1] INFO  server.RaftServerConfigKeys (ConfUtils.java:logGet(43)) - raft.server.log.statemachine.data.sync.timeout.retry = -1 (default)
2019-09-27 10:12:43,464 [pool-97-thread-1] INFO  server.RaftServerConfigKeys (ConfUtils.java:logGet(43)) - raft.server.log.queue.element-limit = 1024 (custom)
2019-09-27 10:12:43,465 [pool-37-thread-1] INFO  server.RaftServerConfigKeys (ConfUtils.java:logGet(43)) - raft.server.log.queue.element-limit = 1024 (custom)
2019-09-27 10:12:43,465 [pool-97-thread-1] INFO  server.RaftServerConfigKeys (ConfUtils.java:logGet(43)) - raft.server.log.segment.size.max = 1048576 (custom)
2019-09-27 10:12:43,465 [pool-77-thread-1] INFO  server.RaftServerConfigKeys (ConfUtils.java:logGet(43)) - raft.server.log.statemachine.data.caching.enabled = true (custom)
2019-09-27 10:12:43,465 [pool-97-thread-1] INFO  server.RaftServerConfigKeys (ConfUtils.java:logGet(43)) - raft.server.log.preallocated.size = 16384 (custom)
2019-09-27 10:12:43,465 [pool-97-thread-1] INFO  server.RaftServerConfigKeys (ConfUtils.java:logGet(43)) - raft.server.log.write.buffer.size = 33554432 (custom)
2019-09-27 10:12:43,465 [pool-37-thread-1] INFO  server.RaftServerConfigKeys (ConfUtils.java:logGet(43)) - raft.server.log.segment.size.max = 1048576 (custom)
2019-09-27 10:12:43,465 [pool-77-thread-1] INFO  segmented.SegmentedRaftLogWorker (SegmentedRaftLogWorker.java:lambda$new$0(132)) - 6538e5ea-9fbc-4e7b-b1f8-bd637acac874@group-0E6FB7C5B51C-SegmentedRaftLogWorker: flushIndex: setUnconditionally 0 -> -1
2019-09-27 10:12:43,465 [pool-97-thread-1] INFO  server.RaftServerConfigKeys (ConfUtils.java:logGet(43)) - raft.server.log.force.sync.num = 128 (default)
2019-09-27 10:12:43,466 [pool-37-thread-1] INFO  server.RaftServerConfigKeys (ConfUtils.java:logGet(43)) - raft.server.log.preallocated.size = 16384 (custom)
2019-09-27 10:12:43,468 [pool-77-thread-1] INFO  server.RaftServerConfigKeys (ConfUtils.java:logGet(43)) - raft.server.snapshot.auto.trigger.enabled = true (custom)
2019-09-27 10:12:43,466 [pool-97-thread-1] INFO  server.RaftServerConfigKeys (ConfUtils.java:logGet(43)) - raft.server.log.statemachine.data.sync = true (default)
2019-09-27 10:12:43,469 [pool-77-thread-1] INFO  server.RaftServerConfigKeys (ConfUtils.java:logGet(43)) - raft.server.snapshot.auto.trigger.threshold = 10000 (custom)
2019-09-27 10:12:43,469 [pool-37-thread-1] INFO  server.RaftServerConfigKeys (ConfUtils.java:logGet(43)) - raft.server.log.write.buffer.size = 33554432 (custom)
2019-09-27 10:12:43,469 [pool-77-thread-1] INFO  server.RaftServerConfigKeys (ConfUtils.java:logGet(43)) - raft.server.snapshot.retention.num.files = 5 (custom)
2019-09-27 10:12:43,469 [pool-97-thread-1] INFO  server.RaftServerConfigKeys (ConfUtils.java:logGet(43)) - raft.server.log.statemachine.data.sync.timeout = 10s (default)
2019-09-27 10:12:43,469 [pool-77-thread-1] INFO  server.RaftServerConfigKeys (ConfUtils.java:logGet(43)) - raft.server.retrycache.expirytime = 600000ms (custom)
2019-09-27 10:12:43,469 [pool-37-thread-1] INFO  server.RaftServerConfigKeys (ConfUtils.java:logGet(43)) - raft.server.log.force.sync.num = 128 (default)
2019-09-27 10:12:43,469 [pool-97-thread-1] INFO  server.RaftServerConfigKeys (ConfUtils.java:logGet(43)) - raft.server.log.statemachine.data.sync.timeout.retry = -1 (default)
2019-09-27 10:12:43,470 [pool-37-thread-1] INFO  server.RaftServerConfigKeys (ConfUtils.java:logGet(43)) - raft.server.log.statemachine.data.sync = true (default)
2019-09-27 10:12:43,470 [pool-97-thread-1] INFO  server.RaftServerConfigKeys (ConfUtils.java:logGet(43)) - raft.server.log.statemachine.data.caching.enabled = true (custom)
2019-09-27 10:12:43,470 [pool-37-thread-1] INFO  server.RaftServerConfigKeys (ConfUtils.java:logGet(43)) - raft.server.log.statemachine.data.sync.timeout = 10s (default)
2019-09-27 10:12:43,470 [pool-97-thread-1] INFO  segmented.SegmentedRaftLogWorker (SegmentedRaftLogWorker.java:lambda$new$0(132)) - c0b96085-d2d8-445e-bc85-808a6dba9cdf@group-0E6FB7C5B51C-SegmentedRaftLogWorker: flushIndex: setUnconditionally 0 -> -1
2019-09-27 10:12:43,470 [pool-37-thread-1] INFO  server.RaftServerConfigKeys (ConfUtils.java:logGet(43)) - raft.server.log.statemachine.data.sync.timeout.retry = -1 (default)
2019-09-27 10:12:43,471 [pool-97-thread-1] INFO  server.RaftServerConfigKeys (ConfUtils.java:logGet(43)) - raft.server.snapshot.auto.trigger.enabled = true (custom)
2019-09-27 10:12:43,471 [pool-37-thread-1] INFO  server.RaftServerConfigKeys (ConfUtils.java:logGet(43)) - raft.server.log.statemachine.data.caching.enabled = true (custom)
2019-09-27 10:12:43,471 [pool-97-thread-1] INFO  server.RaftServerConfigKeys (ConfUtils.java:logGet(43)) - raft.server.snapshot.auto.trigger.threshold = 10000 (custom)
2019-09-27 10:12:43,471 [pool-97-thread-1] INFO  server.RaftServerConfigKeys (ConfUtils.java:logGet(43)) - raft.server.snapshot.retention.num.files = 5 (custom)
2019-09-27 10:12:43,471 [pool-37-thread-1] INFO  segmented.SegmentedRaftLogWorker (SegmentedRaftLogWorker.java:lambda$new$0(132)) - ca2cbff0-14e3-4cd0-83a1-6556e5af9ad7@group-0E6FB7C5B51C-SegmentedRaftLogWorker: flushIndex: setUnconditionally 0 -> -1
2019-09-27 10:12:43,471 [pool-97-thread-1] INFO  server.RaftServerConfigKeys (ConfUtils.java:logGet(43)) - raft.server.retrycache.expirytime = 600000ms (custom)
2019-09-27 10:12:43,471 [pool-37-thread-1] INFO  server.RaftServerConfigKeys (ConfUtils.java:logGet(43)) - raft.server.snapshot.auto.trigger.enabled = true (custom)
2019-09-27 10:12:43,472 [pool-37-thread-1] INFO  server.RaftServerConfigKeys (ConfUtils.java:logGet(43)) - raft.server.snapshot.auto.trigger.threshold = 10000 (custom)
2019-09-27 10:12:43,472 [pool-37-thread-1] INFO  server.RaftServerConfigKeys (ConfUtils.java:logGet(43)) - raft.server.snapshot.retention.num.files = 5 (custom)
2019-09-27 10:12:43,472 [pool-37-thread-1] INFO  server.RaftServerConfigKeys (ConfUtils.java:logGet(43)) - raft.server.retrycache.expirytime = 600000ms (custom)
2019-09-27 10:12:43,472 [pool-77-thread-1] INFO  impl.RaftServerImpl (RaftServerImpl.java:start(185)) - 6538e5ea-9fbc-4e7b-b1f8-bd637acac874@group-0E6FB7C5B51C: start as a follower, conf=-1: [6538e5ea-9fbc-4e7b-b1f8-bd637acac874:192.168.151.103:35650, ca2cbff0-14e3-4cd0-83a1-6556e5af9ad7:192.168.151.103:39799, c0b96085-d2d8-445e-bc85-808a6dba9cdf:192.168.151.103:35883], old=null
2019-09-27 10:12:43,472 [pool-77-thread-1] INFO  impl.RaftServerImpl (RaftServerImpl.java:setRole(174)) - 6538e5ea-9fbc-4e7b-b1f8-bd637acac874@group-0E6FB7C5B51C: changes role from      null to FOLLOWER at term 0 for startAsFollower
2019-09-27 10:12:43,475 [pool-77-thread-1] INFO  impl.RoleInfo (RoleInfo.java:updateAndGet(143)) - 6538e5ea-9fbc-4e7b-b1f8-bd637acac874: start FollowerState
2019-09-27 10:12:43,476 [pool-77-thread-1] INFO  util.JmxRegister (JmxRegister.java:tryRegister(44)) - Successfully registered JMX Bean with object name Ratis:service=RaftServer,group=group-0E6FB7C5B51C,id=6538e5ea-9fbc-4e7b-b1f8-bd637acac874
2019-09-27 10:12:43,476 [pool-97-thread-1] INFO  impl.RaftServerImpl (RaftServerImpl.java:start(185)) - c0b96085-d2d8-445e-bc85-808a6dba9cdf@group-0E6FB7C5B51C: start as a follower, conf=-1: [6538e5ea-9fbc-4e7b-b1f8-bd637acac874:192.168.151.103:35650, ca2cbff0-14e3-4cd0-83a1-6556e5af9ad7:192.168.151.103:39799, c0b96085-d2d8-445e-bc85-808a6dba9cdf:192.168.151.103:35883], old=null
2019-09-27 10:12:43,476 [pool-97-thread-1] INFO  impl.RaftServerImpl (RaftServerImpl.java:setRole(174)) - c0b96085-d2d8-445e-bc85-808a6dba9cdf@group-0E6FB7C5B51C: changes role from      null to FOLLOWER at term 0 for startAsFollower
2019-09-27 10:12:43,476 [pool-97-thread-1] INFO  impl.RoleInfo (RoleInfo.java:updateAndGet(143)) - c0b96085-d2d8-445e-bc85-808a6dba9cdf: start FollowerState
2019-09-27 10:12:43,476 [pool-97-thread-1] INFO  util.JmxRegister (JmxRegister.java:tryRegister(44)) - Successfully registered JMX Bean with object name Ratis:service=RaftServer,group=group-0E6FB7C5B51C,id=c0b96085-d2d8-445e-bc85-808a6dba9cdf
2019-09-27 10:12:43,483 [pool-37-thread-1] INFO  impl.RaftServerImpl (RaftServerImpl.java:start(185)) - ca2cbff0-14e3-4cd0-83a1-6556e5af9ad7@group-0E6FB7C5B51C: start as a follower, conf=-1: [6538e5ea-9fbc-4e7b-b1f8-bd637acac874:192.168.151.103:35650, ca2cbff0-14e3-4cd0-83a1-6556e5af9ad7:192.168.151.103:39799, c0b96085-d2d8-445e-bc85-808a6dba9cdf:192.168.151.103:35883], old=null
2019-09-27 10:12:43,483 [pool-37-thread-1] INFO  impl.RaftServerImpl (RaftServerImpl.java:setRole(174)) - ca2cbff0-14e3-4cd0-83a1-6556e5af9ad7@group-0E6FB7C5B51C: changes role from      null to FOLLOWER at term 0 for startAsFollower
2019-09-27 10:12:43,486 [pool-37-thread-1] INFO  impl.RoleInfo (RoleInfo.java:updateAndGet(143)) - ca2cbff0-14e3-4cd0-83a1-6556e5af9ad7: start FollowerState
2019-09-27 10:12:43,489 [pool-37-thread-1] INFO  util.JmxRegister (JmxRegister.java:tryRegister(44)) - Successfully registered JMX Bean with object name Ratis:service=RaftServer,group=group-0E6FB7C5B51C,id=ca2cbff0-14e3-4cd0-83a1-6556e5af9ad7
2019-09-27 10:12:43,509 [RatisPipelineUtilsThread] INFO  pipeline.PipelineStateManager (PipelineStateManager.java:addPipeline(56)) - Created pipeline Pipeline[ Id: 7ec303c7-ca5a-43e7-a808-0e6fb7c5b51c, Nodes: ca2cbff0-14e3-4cd0-83a1-6556e5af9ad7{ip: 192.168.151.103, host: pr-hdds2162-4fxhj-20988671, networkLocation: /default-rack, certSerialId: null}6538e5ea-9fbc-4e7b-b1f8-bd637acac874{ip: 192.168.151.103, host: pr-hdds2162-4fxhj-20988671, networkLocation: /default-rack, certSerialId: null}c0b96085-d2d8-445e-bc85-808a6dba9cdf{ip: 192.168.151.103, host: pr-hdds2162-4fxhj-20988671, networkLocation: /default-rack, certSerialId: null}, Type:RATIS, Factor:THREE, State:OPEN]
2019-09-27 10:12:43,535 [grpc-default-executor-1] INFO  impl.RaftServerProxy (RaftServerProxy.java:addNew(89)) - 05b4a1fe-7ad6-4f6f-a8a9-40df080e757c: addNew group-2E5E496E2596:[d451055a-1dc8-4774-ac5e-be8b7982a836:192.168.151.103:42161, 05b4a1fe-7ad6-4f6f-a8a9-40df080e757c:192.168.151.103:46115, a6c416d4-3244-4e70-92c5-63f7380a9294:192.168.151.103:37775] returns group-2E5E496E2596:java.util.concurrent.CompletableFuture@5e80aece[Not completed]
2019-09-27 10:12:43,535 [grpc-default-executor-2] INFO  impl.RaftServerProxy (RaftServerProxy.java:addNew(89)) - d451055a-1dc8-4774-ac5e-be8b7982a836: addNew group-2E5E496E2596:[d451055a-1dc8-4774-ac5e-be8b7982a836:192.168.151.103:42161, 05b4a1fe-7ad6-4f6f-a8a9-40df080e757c:192.168.151.103:46115, a6c416d4-3244-4e70-92c5-63f7380a9294:192.168.151.103:37775] returns group-2E5E496E2596:java.util.concurrent.CompletableFuture@1bea117e[Not completed]
2019-09-27 10:12:43,535 [grpc-default-executor-0] INFO  impl.RaftServerProxy (RaftServerProxy.java:addNew(89)) - a6c416d4-3244-4e70-92c5-63f7380a9294: addNew group-2E5E496E2596:[d451055a-1dc8-4774-ac5e-be8b7982a836:192.168.151.103:42161, 05b4a1fe-7ad6-4f6f-a8a9-40df080e757c:192.168.151.103:46115, a6c416d4-3244-4e70-92c5-63f7380a9294:192.168.151.103:37775] returns group-2E5E496E2596:java.util.concurrent.CompletableFuture@87ff6a3[Not completed]
2019-09-27 10:12:43,539 [pool-117-thread-1] INFO  impl.RaftServerImpl (RaftServerImpl.java:<init>(95)) - 05b4a1fe-7ad6-4f6f-a8a9-40df080e757c: new RaftServerImpl for group-2E5E496E2596:[d451055a-1dc8-4774-ac5e-be8b7982a836:192.168.151.103:42161, 05b4a1fe-7ad6-4f6f-a8a9-40df080e757c:192.168.151.103:46115, a6c416d4-3244-4e70-92c5-63f7380a9294:192.168.151.103:37775] with ContainerStateMachine:uninitialized
2019-09-27 10:12:43,539 [pool-117-thread-1] INFO  server.RaftServerConfigKeys (ConfUtils.java:logGet(43)) - raft.server.rpc.timeout.min = 1s (custom)
2019-09-27 10:12:43,539 [pool-117-thread-1] INFO  server.RaftServerConfigKeys (ConfUtils.java:logGet(43)) - raft.server.rpc.timeout.max = 1200ms (custom)
2019-09-27 10:12:43,539 [pool-117-thread-1] INFO  server.RaftServerConfigKeys (ConfUtils.java:logGet(43)) - raft.server.rpcslowness.timeout = 120s (custom)
2019-09-27 10:12:43,539 [pool-117-thread-1] INFO  server.RaftServerConfigKeys (ConfUtils.java:logGet(43)) - raft.server.sleep.deviation.threshold = 300 (default)
2019-09-27 10:12:43,539 [pool-117-thread-1] INFO  server.RaftServerConfigKeys (ConfUtils.java:logGet(43)) - raft.server.log.appender.install.snapshot.enabled = false (custom)
2019-09-27 10:12:43,539 [pool-117-thread-1] INFO  impl.RaftServerImpl (ServerState.java:<init>(103)) - 05b4a1fe-7ad6-4f6f-a8a9-40df080e757c@group-2E5E496E2596: ConfigurationManager, init=-1: [d451055a-1dc8-4774-ac5e-be8b7982a836:192.168.151.103:42161, 05b4a1fe-7ad6-4f6f-a8a9-40df080e757c:192.168.151.103:46115, a6c416d4-3244-4e70-92c5-63f7380a9294:192.168.151.103:37775], old=null, confs=<EMPTY_MAP>
2019-09-27 10:12:43,539 [pool-117-thread-1] INFO  server.RaftServerConfigKeys (ConfUtils.java:logGet(43)) - raft.server.storage.dir = [/workdir/hadoop-ozone/integration-test/target/test-dir/MiniOzoneClusterImpl-7309d801-f179-460c-bf8c-3619c569ab1e/datanode-9/data/ratis] (custom)
2019-09-27 10:12:43,540 [pool-47-thread-1] INFO  impl.RaftServerImpl (RaftServerImpl.java:<init>(95)) - a6c416d4-3244-4e70-92c5-63f7380a9294: new RaftServerImpl for group-2E5E496E2596:[d451055a-1dc8-4774-ac5e-be8b7982a836:192.168.151.103:42161, 05b4a1fe-7ad6-4f6f-a8a9-40df080e757c:192.168.151.103:46115, a6c416d4-3244-4e70-92c5-63f7380a9294:192.168.151.103:37775] with ContainerStateMachine:uninitialized
2019-09-27 10:12:43,540 [pool-117-thread-1] INFO  storage.RaftStorageDirectory (RaftStorageDirectory.java:analyzeStorage(246)) - The storage directory /workdir/hadoop-ozone/integration-test/target/test-dir/MiniOzoneClusterImpl-7309d801-f179-460c-bf8c-3619c569ab1e/datanode-9/data/ratis/aae856c4-7e0b-4d7f-bf4c-2e5e496e2596 does not exist. Creating ...
2019-09-27 10:12:43,540 [pool-47-thread-1] INFO  server.RaftServerConfigKeys (ConfUtils.java:logGet(43)) - raft.server.rpc.timeout.min = 1s (custom)
2019-09-27 10:12:43,540 [pool-47-thread-1] INFO  server.RaftServerConfigKeys (ConfUtils.java:logGet(43)) - raft.server.rpc.timeout.max = 1200ms (custom)
2019-09-27 10:12:43,540 [pool-47-thread-1] INFO  server.RaftServerConfigKeys (ConfUtils.java:logGet(43)) - raft.server.rpcslowness.timeout = 120s (custom)
2019-09-27 10:12:43,540 [pool-107-thread-1] INFO  impl.RaftServerImpl (RaftServerImpl.java:<init>(95)) - d451055a-1dc8-4774-ac5e-be8b7982a836: new RaftServerImpl for group-2E5E496E2596:[d451055a-1dc8-4774-ac5e-be8b7982a836:192.168.151.103:42161, 05b4a1fe-7ad6-4f6f-a8a9-40df080e757c:192.168.151.103:46115, a6c416d4-3244-4e70-92c5-63f7380a9294:192.168.151.103:37775] with ContainerStateMachine:uninitialized
2019-09-27 10:12:43,540 [pool-47-thread-1] INFO  server.RaftServerConfigKeys (ConfUtils.java:logGet(43)) - raft.server.sleep.deviation.threshold = 300 (default)
2019-09-27 10:12:43,540 [pool-107-thread-1] INFO  server.RaftServerConfigKeys (ConfUtils.java:logGet(43)) - raft.server.rpc.timeout.min = 1s (custom)
2019-09-27 10:12:43,541 [pool-47-thread-1] INFO  server.RaftServerConfigKeys (ConfUtils.java:logGet(43)) - raft.server.log.appender.install.snapshot.enabled = false (custom)
2019-09-27 10:12:43,541 [pool-107-thread-1] INFO  server.RaftServerConfigKeys (ConfUtils.java:logGet(43)) - raft.server.rpc.timeout.max = 1200ms (custom)
2019-09-27 10:12:43,541 [pool-47-thread-1] INFO  impl.RaftServerImpl (ServerState.java:<init>(103)) - a6c416d4-3244-4e70-92c5-63f7380a9294@group-2E5E496E2596: ConfigurationManager, init=-1: [d451055a-1dc8-4774-ac5e-be8b7982a836:192.168.151.103:42161, 05b4a1fe-7ad6-4f6f-a8a9-40df080e757c:192.168.151.103:46115, a6c416d4-3244-4e70-92c5-63f7380a9294:192.168.151.103:37775], old=null, confs=<EMPTY_MAP>
2019-09-27 10:12:43,541 [pool-107-thread-1] INFO  server.RaftServerConfigKeys (ConfUtils.java:logGet(43)) - raft.server.rpcslowness.timeout = 120s (custom)
2019-09-27 10:12:43,541 [pool-47-thread-1] INFO  server.RaftServerConfigKeys (ConfUtils.java:logGet(43)) - raft.server.storage.dir = [/workdir/hadoop-ozone/integration-test/target/test-dir/MiniOzoneClusterImpl-7309d801-f179-460c-bf8c-3619c569ab1e/datanode-2/data/ratis] (custom)
2019-09-27 10:12:43,541 [pool-107-thread-1] INFO  server.RaftServerConfigKeys (ConfUtils.java:logGet(43)) - raft.server.sleep.deviation.threshold = 300 (default)
2019-09-27 10:12:43,541 [pool-107-thread-1] INFO  server.RaftServerConfigKeys (ConfUtils.java:logGet(43)) - raft.server.log.appender.install.snapshot.enabled = false (custom)
2019-09-27 10:12:43,541 [pool-107-thread-1] INFO  impl.RaftServerImpl (ServerState.java:<init>(103)) - d451055a-1dc8-4774-ac5e-be8b7982a836@group-2E5E496E2596: ConfigurationManager, init=-1: [d451055a-1dc8-4774-ac5e-be8b7982a836:192.168.151.103:42161, 05b4a1fe-7ad6-4f6f-a8a9-40df080e757c:192.168.151.103:46115, a6c416d4-3244-4e70-92c5-63f7380a9294:192.168.151.103:37775], old=null, confs=<EMPTY_MAP>
2019-09-27 10:12:43,541 [pool-47-thread-1] INFO  storage.RaftStorageDirectory (RaftStorageDirectory.java:analyzeStorage(246)) - The storage directory /workdir/hadoop-ozone/integration-test/target/test-dir/MiniOzoneClusterImpl-7309d801-f179-460c-bf8c-3619c569ab1e/datanode-2/data/ratis/aae856c4-7e0b-4d7f-bf4c-2e5e496e2596 does not exist. Creating ...
2019-09-27 10:12:43,542 [pool-107-thread-1] INFO  server.RaftServerConfigKeys (ConfUtils.java:logGet(43)) - raft.server.storage.dir = [/workdir/hadoop-ozone/integration-test/target/test-dir/MiniOzoneClusterImpl-7309d801-f179-460c-bf8c-3619c569ab1e/datanode-8/data/ratis] (custom)
2019-09-27 10:12:43,542 [pool-107-thread-1] INFO  storage.RaftStorageDirectory (RaftStorageDirectory.java:analyzeStorage(246)) - The storage directory /workdir/hadoop-ozone/integration-test/target/test-dir/MiniOzoneClusterImpl-7309d801-f179-460c-bf8c-3619c569ab1e/datanode-8/data/ratis/aae856c4-7e0b-4d7f-bf4c-2e5e496e2596 does not exist. Creating ...
2019-09-27 10:12:43,565 [pool-107-thread-1] INFO  storage.RaftStorageDirectory (RaftStorageDirectory.java:tryLock(328)) - Lock on /workdir/hadoop-ozone/integration-test/target/test-dir/MiniOzoneClusterImpl-7309d801-f179-460c-bf8c-3619c569ab1e/datanode-8/data/ratis/aae856c4-7e0b-4d7f-bf4c-2e5e496e2596/in_use.lock acquired by nodename 4387@pr-hdds2162-4fxhj-20988671
2019-09-27 10:12:43,565 [pool-47-thread-1] INFO  storage.RaftStorageDirectory (RaftStorageDirectory.java:tryLock(328)) - Lock on /workdir/hadoop-ozone/integration-test/target/test-dir/MiniOzoneClusterImpl-7309d801-f179-460c-bf8c-3619c569ab1e/datanode-2/data/ratis/aae856c4-7e0b-4d7f-bf4c-2e5e496e2596/in_use.lock acquired by nodename 4387@pr-hdds2162-4fxhj-20988671
2019-09-27 10:12:43,565 [pool-117-thread-1] INFO  storage.RaftStorageDirectory (RaftStorageDirectory.java:tryLock(328)) - Lock on /workdir/hadoop-ozone/integration-test/target/test-dir/MiniOzoneClusterImpl-7309d801-f179-460c-bf8c-3619c569ab1e/datanode-9/data/ratis/aae856c4-7e0b-4d7f-bf4c-2e5e496e2596/in_use.lock acquired by nodename 4387@pr-hdds2162-4fxhj-20988671
2019-09-27 10:12:43,585 [pool-117-thread-1] INFO  storage.RaftStorage (RaftStorage.java:format(72)) - Storage directory /workdir/hadoop-ozone/integration-test/target/test-dir/MiniOzoneClusterImpl-7309d801-f179-460c-bf8c-3619c569ab1e/datanode-9/data/ratis/aae856c4-7e0b-4d7f-bf4c-2e5e496e2596 has been successfully formatted.
2019-09-27 10:12:43,585 [pool-107-thread-1] INFO  storage.RaftStorage (RaftStorage.java:format(72)) - Storage directory /workdir/hadoop-ozone/integration-test/target/test-dir/MiniOzoneClusterImpl-7309d801-f179-460c-bf8c-3619c569ab1e/datanode-8/data/ratis/aae856c4-7e0b-4d7f-bf4c-2e5e496e2596 has been successfully formatted.
2019-09-27 10:12:43,586 [pool-117-thread-1] INFO  ratis.ContainerStateMachine (ContainerStateMachine.java:loadSnapshot(230)) - group-2E5E496E2596: The snapshot info is null. Setting the last applied indexto:(t:0, i:~)
2019-09-27 10:12:43,585 [pool-47-thread-1] INFO  storage.RaftStorage (RaftStorage.java:format(72)) - Storage directory /workdir/hadoop-ozone/integration-test/target/test-dir/MiniOzoneClusterImpl-7309d801-f179-460c-bf8c-3619c569ab1e/datanode-2/data/ratis/aae856c4-7e0b-4d7f-bf4c-2e5e496e2596 has been successfully formatted.
2019-09-27 10:12:43,586 [pool-117-thread-1] INFO  server.RaftServerConfigKeys (ConfUtils.java:logGet(43)) - raft.server.notification.no-leader.timeout = 120s (custom)
2019-09-27 10:12:43,586 [pool-107-thread-1] INFO  ratis.ContainerStateMachine (ContainerStateMachine.java:loadSnapshot(230)) - group-2E5E496E2596: The snapshot info is null. Setting the last applied indexto:(t:0, i:~)
2019-09-27 10:12:43,586 [pool-117-thread-1] INFO  server.RaftServerConfigKeys (ConfUtils.java:logGet(43)) - raft.server.log.use.memory = false (default)
2019-09-27 10:12:43,586 [pool-47-thread-1] INFO  ratis.ContainerStateMachine (ContainerStateMachine.java:loadSnapshot(230)) - group-2E5E496E2596: The snapshot info is null. Setting the last applied indexto:(t:0, i:~)
2019-09-27 10:12:43,586 [pool-117-thread-1] INFO  server.RaftServerConfigKeys (ConfUtils.java:logGet(43)) - raft.server.log.purge.gap = 1000000 (custom)
2019-09-27 10:12:43,586 [pool-107-thread-1] INFO  server.RaftServerConfigKeys (ConfUtils.java:logGet(43)) - raft.server.notification.no-leader.timeout = 120s (custom)
2019-09-27 10:12:43,586 [pool-117-thread-1] INFO  server.RaftServerConfigKeys (ConfUtils.java:logGet(43)) - raft.server.log.appender.buffer.byte-limit = 33554432 (custom)
2019-09-27 10:12:43,586 [pool-47-thread-1] INFO  server.RaftServerConfigKeys (ConfUtils.java:logGet(43)) - raft.server.notification.no-leader.timeout = 120s (custom)
2019-09-27 10:12:43,587 [pool-117-thread-1] INFO  server.RaftServerConfigKeys (ConfUtils.java:logGet(43)) - raft.server.log.segment.size.max = 1048576 (custom)
2019-09-27 10:12:43,587 [pool-107-thread-1] INFO  server.RaftServerConfigKeys (ConfUtils.java:logGet(43)) - raft.server.log.use.memory = false (default)
2019-09-27 10:12:43,587 [pool-117-thread-1] INFO  server.RaftServerConfigKeys (ConfUtils.java:logGet(43)) - raft.server.log.segment.cache.num.max = 2 (custom)
2019-09-27 10:12:43,587 [pool-47-thread-1] INFO  server.RaftServerConfigKeys (ConfUtils.java:logGet(43)) - raft.server.log.use.memory = false (default)
2019-09-27 10:12:43,587 [pool-117-thread-1] INFO  segmented.SegmentedRaftLogWorker (SegmentedRaftLogWorker.java:<init>(172)) - new 05b4a1fe-7ad6-4f6f-a8a9-40df080e757c@group-2E5E496E2596-SegmentedRaftLogWorker for RaftStorage:Storage Directory /workdir/hadoop-ozone/integration-test/target/test-dir/MiniOzoneClusterImpl-7309d801-f179-460c-bf8c-3619c569ab1e/datanode-9/data/ratis/aae856c4-7e0b-4d7f-bf4c-2e5e496e2596
2019-09-27 10:12:43,587 [pool-107-thread-1] INFO  server.RaftServerConfigKeys (ConfUtils.java:logGet(43)) - raft.server.log.purge.gap = 1000000 (custom)
2019-09-27 10:12:43,587 [pool-117-thread-1] INFO  server.RaftServerConfigKeys (ConfUtils.java:logGet(43)) - raft.server.log.queue.byte-limit = 2147483647 (custom)
2019-09-27 10:12:43,587 [pool-47-thread-1] INFO  server.RaftServerConfigKeys (ConfUtils.java:logGet(43)) - raft.server.log.purge.gap = 1000000 (custom)
2019-09-27 10:12:43,588 [pool-117-thread-1] INFO  server.RaftServerConfigKeys (ConfUtils.java:logGet(43)) - raft.server.log.queue.element-limit = 1024 (custom)
2019-09-27 10:12:43,588 [pool-107-thread-1] INFO  server.RaftServerConfigKeys (ConfUtils.java:logGet(43)) - raft.server.log.appender.buffer.byte-limit = 33554432 (custom)
2019-09-27 10:12:43,588 [pool-117-thread-1] INFO  server.RaftServerConfigKeys (ConfUtils.java:logGet(43)) - raft.server.log.segment.size.max = 1048576 (custom)
2019-09-27 10:12:43,588 [pool-47-thread-1] INFO  server.RaftServerConfigKeys (ConfUtils.java:logGet(43)) - raft.server.log.appender.buffer.byte-limit = 33554432 (custom)
2019-09-27 10:12:43,588 [pool-117-thread-1] INFO  server.RaftServerConfigKeys (ConfUtils.java:logGet(43)) - raft.server.log.preallocated.size = 16384 (custom)
2019-09-27 10:12:43,588 [pool-107-thread-1] INFO  server.RaftServerConfigKeys (ConfUtils.java:logGet(43)) - raft.server.log.segment.size.max = 1048576 (custom)
2019-09-27 10:12:43,588 [pool-117-thread-1] INFO  server.RaftServerConfigKeys (ConfUtils.java:logGet(43)) - raft.server.log.write.buffer.size = 33554432 (custom)
2019-09-27 10:12:43,588 [pool-47-thread-1] INFO  server.RaftServerConfigKeys (ConfUtils.java:logGet(43)) - raft.server.log.segment.size.max = 1048576 (custom)
2019-09-27 10:12:43,589 [pool-117-thread-1] INFO  server.RaftServerConfigKeys (ConfUtils.java:logGet(43)) - raft.server.log.force.sync.num = 128 (default)
2019-09-27 10:12:43,589 [pool-107-thread-1] INFO  server.RaftServerConfigKeys (ConfUtils.java:logGet(43)) - raft.server.log.segment.cache.num.max = 2 (custom)
2019-09-27 10:12:43,589 [pool-117-thread-1] INFO  server.RaftServerConfigKeys (ConfUtils.java:logGet(43)) - raft.server.log.statemachine.data.sync = true (default)
2019-09-27 10:12:43,589 [pool-47-thread-1] INFO  server.RaftServerConfigKeys (ConfUtils.java:logGet(43)) - raft.server.log.segment.cache.num.max = 2 (custom)
2019-09-27 10:12:43,589 [pool-117-thread-1] INFO  server.RaftServerConfigKeys (ConfUtils.java:logGet(43)) - raft.server.log.statemachine.data.sync.timeout = 10s (default)
2019-09-27 10:12:43,589 [pool-107-thread-1] INFO  segmented.SegmentedRaftLogWorker (SegmentedRaftLogWorker.java:<init>(172)) - new d451055a-1dc8-4774-ac5e-be8b7982a836@group-2E5E496E2596-SegmentedRaftLogWorker for RaftStorage:Storage Directory /workdir/hadoop-ozone/integration-test/target/test-dir/MiniOzoneClusterImpl-7309d801-f179-460c-bf8c-3619c569ab1e/datanode-8/data/ratis/aae856c4-7e0b-4d7f-bf4c-2e5e496e2596
2019-09-27 10:12:43,589 [pool-117-thread-1] INFO  server.RaftServerConfigKeys (ConfUtils.java:logGet(43)) - raft.server.log.statemachine.data.sync.timeout.retry = -1 (default)
2019-09-27 10:12:43,589 [pool-47-thread-1] INFO  segmented.SegmentedRaftLogWorker (SegmentedRaftLogWorker.java:<init>(172)) - new a6c416d4-3244-4e70-92c5-63f7380a9294@group-2E5E496E2596-SegmentedRaftLogWorker for RaftStorage:Storage Directory /workdir/hadoop-ozone/integration-test/target/test-dir/MiniOzoneClusterImpl-7309d801-f179-460c-bf8c-3619c569ab1e/datanode-2/data/ratis/aae856c4-7e0b-4d7f-bf4c-2e5e496e2596
2019-09-27 10:12:43,590 [pool-117-thread-1] INFO  server.RaftServerConfigKeys (ConfUtils.java:logGet(43)) - raft.server.log.statemachine.data.caching.enabled = true (custom)
2019-09-27 10:12:43,589 [pool-107-thread-1] INFO  server.RaftServerConfigKeys (ConfUtils.java:logGet(43)) - raft.server.log.queue.byte-limit = 2147483647 (custom)
2019-09-27 10:12:43,590 [pool-47-thread-1] INFO  server.RaftServerConfigKeys (ConfUtils.java:logGet(43)) - raft.server.log.queue.byte-limit = 2147483647 (custom)
2019-09-27 10:12:43,590 [pool-107-thread-1] INFO  server.RaftServerConfigKeys (ConfUtils.java:logGet(43)) - raft.server.log.queue.element-limit = 1024 (custom)
2019-09-27 10:12:43,590 [pool-117-thread-1] INFO  segmented.SegmentedRaftLogWorker (SegmentedRaftLogWorker.java:lambda$new$0(132)) - 05b4a1fe-7ad6-4f6f-a8a9-40df080e757c@group-2E5E496E2596-SegmentedRaftLogWorker: flushIndex: setUnconditionally 0 -> -1
2019-09-27 10:12:43,590 [pool-107-thread-1] INFO  server.RaftServerConfigKeys (ConfUtils.java:logGet(43)) - raft.server.log.segment.size.max = 1048576 (custom)
2019-09-27 10:12:43,590 [pool-47-thread-1] INFO  server.RaftServerConfigKeys (ConfUtils.java:logGet(43)) - raft.server.log.queue.element-limit = 1024 (custom)
2019-09-27 10:12:43,591 [pool-117-thread-1] INFO  server.RaftServerConfigKeys (ConfUtils.java:logGet(43)) - raft.server.snapshot.auto.trigger.enabled = true (custom)
2019-09-27 10:12:43,590 [pool-107-thread-1] INFO  server.RaftServerConfigKeys (ConfUtils.java:logGet(43)) - raft.server.log.preallocated.size = 16384 (custom)
2019-09-27 10:12:43,591 [pool-117-thread-1] INFO  server.RaftServerConfigKeys (ConfUtils.java:logGet(43)) - raft.server.snapshot.auto.trigger.threshold = 10000 (custom)
2019-09-27 10:12:43,591 [pool-47-thread-1] INFO  server.RaftServerConfigKeys (ConfUtils.java:logGet(43)) - raft.server.log.segment.size.max = 1048576 (custom)
2019-09-27 10:12:43,591 [pool-117-thread-1] INFO  server.RaftServerConfigKeys (ConfUtils.java:logGet(43)) - raft.server.snapshot.retention.num.files = 5 (custom)
2019-09-27 10:12:43,591 [pool-107-thread-1] INFO  server.RaftServerConfigKeys (ConfUtils.java:logGet(43)) - raft.server.log.write.buffer.size = 33554432 (custom)
2019-09-27 10:12:43,591 [pool-117-thread-1] INFO  server.RaftServerConfigKeys (ConfUtils.java:logGet(43)) - raft.server.retrycache.expirytime = 600000ms (custom)
2019-09-27 10:12:43,591 [pool-47-thread-1] INFO  server.RaftServerConfigKeys (ConfUtils.java:logGet(43)) - raft.server.log.preallocated.size = 16384 (custom)
2019-09-27 10:12:43,591 [pool-107-thread-1] INFO  server.RaftServerConfigKeys (ConfUtils.java:logGet(43)) - raft.server.log.force.sync.num = 128 (default)
2019-09-27 10:12:43,592 [pool-47-thread-1] INFO  server.RaftServerConfigKeys (ConfUtils.java:logGet(43)) - raft.server.log.write.buffer.size = 33554432 (custom)
2019-09-27 10:12:43,592 [pool-107-thread-1] INFO  server.RaftServerConfigKeys (ConfUtils.java:logGet(43)) - raft.server.log.statemachine.data.sync = true (default)
2019-09-27 10:12:43,592 [pool-47-thread-1] INFO  server.RaftServerConfigKeys (ConfUtils.java:logGet(43)) - raft.server.log.force.sync.num = 128 (default)
2019-09-27 10:12:43,592 [pool-107-thread-1] INFO  server.RaftServerConfigKeys (ConfUtils.java:logGet(43)) - raft.server.log.statemachine.data.sync.timeout = 10s (default)
2019-09-27 10:12:43,592 [pool-47-thread-1] INFO  server.RaftServerConfigKeys (ConfUtils.java:logGet(43)) - raft.server.log.statemachine.data.sync = true (default)
2019-09-27 10:12:43,592 [pool-107-thread-1] INFO  server.RaftServerConfigKeys (ConfUtils.java:logGet(43)) - raft.server.log.statemachine.data.sync.timeout.retry = -1 (default)
2019-09-27 10:12:43,592 [pool-47-thread-1] INFO  server.RaftServerConfigKeys (ConfUtils.java:logGet(43)) - raft.server.log.statemachine.data.sync.timeout = 10s (default)
2019-09-27 10:12:43,593 [pool-107-thread-1] INFO  server.RaftServerConfigKeys (ConfUtils.java:logGet(43)) - raft.server.log.statemachine.data.caching.enabled = true (custom)
2019-09-27 10:12:43,593 [pool-47-thread-1] INFO  server.RaftServerConfigKeys (ConfUtils.java:logGet(43)) - raft.server.log.statemachine.data.sync.timeout.retry = -1 (default)
2019-09-27 10:12:43,593 [pool-107-thread-1] INFO  segmented.SegmentedRaftLogWorker (SegmentedRaftLogWorker.java:lambda$new$0(132)) - d451055a-1dc8-4774-ac5e-be8b7982a836@group-2E5E496E2596-SegmentedRaftLogWorker: flushIndex: setUnconditionally 0 -> -1
2019-09-27 10:12:43,593 [pool-47-thread-1] INFO  server.RaftServerConfigKeys (ConfUtils.java:logGet(43)) - raft.server.log.statemachine.data.caching.enabled = true (custom)
2019-09-27 10:12:43,593 [pool-107-thread-1] INFO  server.RaftServerConfigKeys (ConfUtils.java:logGet(43)) - raft.server.snapshot.auto.trigger.enabled = true (custom)
2019-09-27 10:12:43,593 [pool-117-thread-1] INFO  impl.RaftServerImpl (RaftServerImpl.java:start(185)) - 05b4a1fe-7ad6-4f6f-a8a9-40df080e757c@group-2E5E496E2596: start as a follower, conf=-1: [d451055a-1dc8-4774-ac5e-be8b7982a836:192.168.151.103:42161, 05b4a1fe-7ad6-4f6f-a8a9-40df080e757c:192.168.151.103:46115, a6c416d4-3244-4e70-92c5-63f7380a9294:192.168.151.103:37775], old=null
2019-09-27 10:12:43,593 [pool-47-thread-1] INFO  segmented.SegmentedRaftLogWorker (SegmentedRaftLogWorker.java:lambda$new$0(132)) - a6c416d4-3244-4e70-92c5-63f7380a9294@group-2E5E496E2596-SegmentedRaftLogWorker: flushIndex: setUnconditionally 0 -> -1
2019-09-27 10:12:43,593 [pool-107-thread-1] INFO  server.RaftServerConfigKeys (ConfUtils.java:logGet(43)) - raft.server.snapshot.auto.trigger.threshold = 10000 (custom)
2019-09-27 10:12:43,594 [pool-117-thread-1] INFO  impl.RaftServerImpl (RaftServerImpl.java:setRole(174)) - 05b4a1fe-7ad6-4f6f-a8a9-40df080e757c@group-2E5E496E2596: changes role from      null to FOLLOWER at term 0 for startAsFollower
2019-09-27 10:12:43,594 [pool-107-thread-1] INFO  server.RaftServerConfigKeys (ConfUtils.java:logGet(43)) - raft.server.snapshot.retention.num.files = 5 (custom)
2019-09-27 10:12:43,594 [pool-117-thread-1] INFO  impl.RoleInfo (RoleInfo.java:updateAndGet(143)) - 05b4a1fe-7ad6-4f6f-a8a9-40df080e757c: start FollowerState
2019-09-27 10:12:43,594 [pool-107-thread-1] INFO  server.RaftServerConfigKeys (ConfUtils.java:logGet(43)) - raft.server.retrycache.expirytime = 600000ms (custom)
2019-09-27 10:12:43,594 [pool-47-thread-1] INFO  server.RaftServerConfigKeys (ConfUtils.java:logGet(43)) - raft.server.snapshot.auto.trigger.enabled = true (custom)
2019-09-27 10:12:43,594 [pool-117-thread-1] INFO  util.JmxRegister (JmxRegister.java:tryRegister(44)) - Successfully registered JMX Bean with object name Ratis:service=RaftServer,group=group-2E5E496E2596,id=05b4a1fe-7ad6-4f6f-a8a9-40df080e757c
2019-09-27 10:12:43,594 [pool-47-thread-1] INFO  server.RaftServerConfigKeys (ConfUtils.java:logGet(43)) - raft.server.snapshot.auto.trigger.threshold = 10000 (custom)
2019-09-27 10:12:43,595 [pool-47-thread-1] INFO  server.RaftServerConfigKeys (ConfUtils.java:logGet(43)) - raft.server.snapshot.retention.num.files = 5 (custom)
2019-09-27 10:12:43,595 [pool-47-thread-1] INFO  server.RaftServerConfigKeys (ConfUtils.java:logGet(43)) - raft.server.retrycache.expirytime = 600000ms (custom)
2019-09-27 10:12:43,608 [Thread-288] INFO  impl.FollowerState (FollowerState.java:run(106)) - ca2cbff0-14e3-4cd0-83a1-6556e5af9ad7:group-809D3E6DB6C8 changes to CANDIDATE, lastRpcTime:1115, electionTimeout:1107ms
2019-09-27 10:12:43,611 [Thread-288] INFO  impl.RoleInfo (RoleInfo.java:shutdownFollowerState(121)) - ca2cbff0-14e3-4cd0-83a1-6556e5af9ad7: shutdown FollowerState
2019-09-27 10:12:43,611 [Thread-288] INFO  impl.RaftServerImpl (RaftServerImpl.java:setRole(174)) - ca2cbff0-14e3-4cd0-83a1-6556e5af9ad7@group-809D3E6DB6C8: changes role from  FOLLOWER to CANDIDATE at term 0 for changeToCandidate
2019-09-27 10:12:43,611 [pool-107-thread-1] INFO  impl.RaftServerImpl (RaftServerImpl.java:start(185)) - d451055a-1dc8-4774-ac5e-be8b7982a836@group-2E5E496E2596: start as a follower, conf=-1: [d451055a-1dc8-4774-ac5e-be8b7982a836:192.168.151.103:42161, 05b4a1fe-7ad6-4f6f-a8a9-40df080e757c:192.168.151.103:46115, a6c416d4-3244-4e70-92c5-63f7380a9294:192.168.151.103:37775], old=null
2019-09-27 10:12:43,611 [Thread-288] INFO  impl.RoleInfo (RoleInfo.java:updateAndGet(143)) - ca2cbff0-14e3-4cd0-83a1-6556e5af9ad7: start LeaderElection
2019-09-27 10:12:43,611 [pool-107-thread-1] INFO  impl.RaftServerImpl (RaftServerImpl.java:setRole(174)) - d451055a-1dc8-4774-ac5e-be8b7982a836@group-2E5E496E2596: changes role from      null to FOLLOWER at term 0 for startAsFollower
2019-09-27 10:12:43,611 [pool-107-thread-1] INFO  impl.RoleInfo (RoleInfo.java:updateAndGet(143)) - d451055a-1dc8-4774-ac5e-be8b7982a836: start FollowerState
2019-09-27 10:12:43,617 [pool-47-thread-1] INFO  impl.RaftServerImpl (RaftServerImpl.java:start(185)) - a6c416d4-3244-4e70-92c5-63f7380a9294@group-2E5E496E2596: start as a follower, conf=-1: [d451055a-1dc8-4774-ac5e-be8b7982a836:192.168.151.103:42161, 05b4a1fe-7ad6-4f6f-a8a9-40df080e757c:192.168.151.103:46115, a6c416d4-3244-4e70-92c5-63f7380a9294:192.168.151.103:37775], old=null
2019-09-27 10:12:43,617 [pool-107-thread-1] INFO  util.JmxRegister (JmxRegister.java:tryRegister(44)) - Successfully registered JMX Bean with object name Ratis:service=RaftServer,group=group-2E5E496E2596,id=d451055a-1dc8-4774-ac5e-be8b7982a836
2019-09-27 10:12:43,617 [pool-47-thread-1] INFO  impl.RaftServerImpl (RaftServerImpl.java:setRole(174)) - a6c416d4-3244-4e70-92c5-63f7380a9294@group-2E5E496E2596: changes role from      null to FOLLOWER at term 0 for startAsFollower
2019-09-27 10:12:43,617 [pool-47-thread-1] INFO  impl.RoleInfo (RoleInfo.java:updateAndGet(143)) - a6c416d4-3244-4e70-92c5-63f7380a9294: start FollowerState
2019-09-27 10:12:43,618 [pool-47-thread-1] INFO  util.JmxRegister (JmxRegister.java:tryRegister(44)) - Successfully registered JMX Bean with object name Ratis:service=RaftServer,group=group-2E5E496E2596,id=a6c416d4-3244-4e70-92c5-63f7380a9294
2019-09-27 10:12:43,627 [RatisPipelineUtilsThread] INFO  pipeline.PipelineStateManager (PipelineStateManager.java:addPipeline(56)) - Created pipeline Pipeline[ Id: aae856c4-7e0b-4d7f-bf4c-2e5e496e2596, Nodes: d451055a-1dc8-4774-ac5e-be8b7982a836{ip: 192.168.151.103, host: pr-hdds2162-4fxhj-20988671, networkLocation: /default-rack, certSerialId: null}05b4a1fe-7ad6-4f6f-a8a9-40df080e757c{ip: 192.168.151.103, host: pr-hdds2162-4fxhj-20988671, networkLocation: /default-rack, certSerialId: null}a6c416d4-3244-4e70-92c5-63f7380a9294{ip: 192.168.151.103, host: pr-hdds2162-4fxhj-20988671, networkLocation: /default-rack, certSerialId: null}, Type:RATIS, Factor:THREE, State:OPEN]
2019-09-27 10:12:43,632 [ca2cbff0-14e3-4cd0-83a1-6556e5af9ad7@group-809D3E6DB6C8:LeaderElection2] INFO  impl.LeaderElection (LeaderElection.java:askForVotes(182)) - ca2cbff0-14e3-4cd0-83a1-6556e5af9ad7@group-809D3E6DB6C8:LeaderElection2: begin an election at term 1 for -1: [ca2cbff0-14e3-4cd0-83a1-6556e5af9ad7:192.168.151.103:39799], old=null
2019-09-27 10:12:43,636 [ca2cbff0-14e3-4cd0-83a1-6556e5af9ad7@group-809D3E6DB6C8:LeaderElection2] INFO  impl.RoleInfo (RoleInfo.java:shutdownLeaderElection(134)) - ca2cbff0-14e3-4cd0-83a1-6556e5af9ad7: shutdown LeaderElection
2019-09-27 10:12:43,639 [ca2cbff0-14e3-4cd0-83a1-6556e5af9ad7@group-809D3E6DB6C8:LeaderElection2] INFO  impl.RaftServerImpl (RaftServerImpl.java:setRole(174)) - ca2cbff0-14e3-4cd0-83a1-6556e5af9ad7@group-809D3E6DB6C8: changes role from CANDIDATE to LEADER at term 1 for changeToLeader
2019-09-27 10:12:43,639 [ca2cbff0-14e3-4cd0-83a1-6556e5af9ad7@group-809D3E6DB6C8:LeaderElection2] INFO  impl.RaftServerImpl (ServerState.java:setLeader(253)) - ca2cbff0-14e3-4cd0-83a1-6556e5af9ad7@group-809D3E6DB6C8: change Leader from null to ca2cbff0-14e3-4cd0-83a1-6556e5af9ad7 at term 1 for becomeLeader, leader elected after 1160ms
2019-09-27 10:12:43,639 [ca2cbff0-14e3-4cd0-83a1-6556e5af9ad7@group-809D3E6DB6C8:LeaderElection2] INFO  server.RaftServerConfigKeys (ConfUtils.java:logGet(43)) - raft.server.staging.catchup.gap = 1000 (default)
2019-09-27 10:12:43,639 [ca2cbff0-14e3-4cd0-83a1-6556e5af9ad7@group-809D3E6DB6C8:LeaderElection2] INFO  server.RaftServerConfigKeys (ConfUtils.java:logGet(43)) - raft.server.rpc.sleep.time = 25ms (default)
2019-09-27 10:12:43,640 [ca2cbff0-14e3-4cd0-83a1-6556e5af9ad7@group-809D3E6DB6C8:LeaderElection2] INFO  server.RaftServerConfigKeys (ConfUtils.java:logGet(43)) - raft.server.write.element-limit = 4096 (default)
2019-09-27 10:12:43,640 [ca2cbff0-14e3-4cd0-83a1-6556e5af9ad7@group-809D3E6DB6C8:LeaderElection2] INFO  server.RaftServerConfigKeys (ConfUtils.java:logGet(43)) - raft.server.watch.timeout = 10s (default)
2019-09-27 10:12:43,642 [ca2cbff0-14e3-4cd0-83a1-6556e5af9ad7@group-809D3E6DB6C8:LeaderElection2] INFO  server.RaftServerConfigKeys (ConfUtils.java:logGet(43)) - raft.server.watch.timeout.denomination = 1s (default)
2019-09-27 10:12:43,645 [ca2cbff0-14e3-4cd0-83a1-6556e5af9ad7@group-809D3E6DB6C8:LeaderElection2] INFO  server.RaftServerConfigKeys (ConfUtils.java:logGet(43)) - raft.server.watch.element-limit = 65536 (default)
2019-09-27 10:12:43,658 [ca2cbff0-14e3-4cd0-83a1-6556e5af9ad7@group-809D3E6DB6C8:LeaderElection2] INFO  impl.RoleInfo (RoleInfo.java:updateAndGet(143)) - ca2cbff0-14e3-4cd0-83a1-6556e5af9ad7: start LeaderState
2019-09-27 10:12:43,658 [grpc-default-executor-0] INFO  impl.RaftServerProxy (RaftServerProxy.java:addNew(89)) - 4bbf8e1c-0fc8-4b3a-88c0-5b6f150f1aee: addNew group-D7C7F7FA402A:[1a0a9427-a12d-4c98-81a1-c39e1be27f6d:192.168.151.103:36200, 4bbf8e1c-0fc8-4b3a-88c0-5b6f150f1aee:192.168.151.103:33910, 363f45e3-c2ed-48f5-ae19-ed94c8ce4f3d:192.168.151.103:41409] returns group-D7C7F7FA402A:java.util.concurrent.CompletableFuture@399e5e5b[Not completed]
2019-09-27 10:12:43,660 [ca2cbff0-14e3-4cd0-83a1-6556e5af9ad7@group-809D3E6DB6C8:LeaderElection2] INFO  segmented.SegmentedRaftLogWorker (SegmentedRaftLogWorker.java:startLogSegment(380)) - ca2cbff0-14e3-4cd0-83a1-6556e5af9ad7@group-809D3E6DB6C8-SegmentedRaftLogWorker: Starting segment from index:0
2019-09-27 10:12:43,663 [ca2cbff0-14e3-4cd0-83a1-6556e5af9ad7@group-809D3E6DB6C8:LeaderElection2] INFO  impl.RaftServerImpl (ServerState.java:setRaftConf(354)) - ca2cbff0-14e3-4cd0-83a1-6556e5af9ad7@group-809D3E6DB6C8: set configuration 0: [ca2cbff0-14e3-4cd0-83a1-6556e5af9ad7:192.168.151.103:39799], old=null at 0
2019-09-27 10:12:43,663 [grpc-default-executor-1] INFO  impl.RaftServerProxy (RaftServerProxy.java:addNew(89)) - 363f45e3-c2ed-48f5-ae19-ed94c8ce4f3d: addNew group-D7C7F7FA402A:[1a0a9427-a12d-4c98-81a1-c39e1be27f6d:192.168.151.103:36200, 4bbf8e1c-0fc8-4b3a-88c0-5b6f150f1aee:192.168.151.103:33910, 363f45e3-c2ed-48f5-ae19-ed94c8ce4f3d:192.168.151.103:41409] returns group-D7C7F7FA402A:java.util.concurrent.CompletableFuture@f0afcbb[Not completed]
2019-09-27 10:12:43,669 [grpc-default-executor-0] INFO  impl.RaftServerProxy (RaftServerProxy.java:addNew(89)) - 1a0a9427-a12d-4c98-81a1-c39e1be27f6d: addNew group-D7C7F7FA402A:[1a0a9427-a12d-4c98-81a1-c39e1be27f6d:192.168.151.103:36200, 4bbf8e1c-0fc8-4b3a-88c0-5b6f150f1aee:192.168.151.103:33910, 363f45e3-c2ed-48f5-ae19-ed94c8ce4f3d:192.168.151.103:41409] returns group-D7C7F7FA402A:java.util.concurrent.CompletableFuture@39b9aaa2[Not completed]
2019-09-27 10:12:43,670 [pool-57-thread-1] INFO  impl.RaftServerImpl (RaftServerImpl.java:<init>(95)) - 4bbf8e1c-0fc8-4b3a-88c0-5b6f150f1aee: new RaftServerImpl for group-D7C7F7FA402A:[1a0a9427-a12d-4c98-81a1-c39e1be27f6d:192.168.151.103:36200, 4bbf8e1c-0fc8-4b3a-88c0-5b6f150f1aee:192.168.151.103:33910, 363f45e3-c2ed-48f5-ae19-ed94c8ce4f3d:192.168.151.103:41409] with ContainerStateMachine:uninitialized
2019-09-27 10:12:43,670 [pool-57-thread-1] INFO  server.RaftServerConfigKeys (ConfUtils.java:logGet(43)) - raft.server.rpc.timeout.min = 1s (custom)
2019-09-27 10:12:43,670 [pool-57-thread-1] INFO  server.RaftServerConfigKeys (ConfUtils.java:logGet(43)) - raft.server.rpc.timeout.max = 1200ms (custom)
2019-09-27 10:12:43,671 [pool-57-thread-1] INFO  server.RaftServerConfigKeys (ConfUtils.java:logGet(43)) - raft.server.rpcslowness.timeout = 120s (custom)
2019-09-27 10:12:43,671 [pool-87-thread-1] INFO  impl.RaftServerImpl (RaftServerImpl.java:<init>(95)) - 1a0a9427-a12d-4c98-81a1-c39e1be27f6d: new RaftServerImpl for group-D7C7F7FA402A:[1a0a9427-a12d-4c98-81a1-c39e1be27f6d:192.168.151.103:36200, 4bbf8e1c-0fc8-4b3a-88c0-5b6f150f1aee:192.168.151.103:33910, 363f45e3-c2ed-48f5-ae19-ed94c8ce4f3d:192.168.151.103:41409] with ContainerStateMachine:uninitialized
2019-09-27 10:12:43,671 [pool-57-thread-1] INFO  server.RaftServerConfigKeys (ConfUtils.java:logGet(43)) - raft.server.sleep.deviation.threshold = 300 (default)
2019-09-27 10:12:43,671 [pool-87-thread-1] INFO  server.RaftServerConfigKeys (ConfUtils.java:logGet(43)) - raft.server.rpc.timeout.min = 1s (custom)
2019-09-27 10:12:43,671 [pool-57-thread-1] INFO  server.RaftServerConfigKeys (ConfUtils.java:logGet(43)) - raft.server.log.appender.install.snapshot.enabled = false (custom)
2019-09-27 10:12:43,671 [pool-87-thread-1] INFO  server.RaftServerConfigKeys (ConfUtils.java:logGet(43)) - raft.server.rpc.timeout.max = 1200ms (custom)
2019-09-27 10:12:43,671 [pool-57-thread-1] INFO  impl.RaftServerImpl (ServerState.java:<init>(103)) - 4bbf8e1c-0fc8-4b3a-88c0-5b6f150f1aee@group-D7C7F7FA402A: ConfigurationManager, init=-1: [1a0a9427-a12d-4c98-81a1-c39e1be27f6d:192.168.151.103:36200, 4bbf8e1c-0fc8-4b3a-88c0-5b6f150f1aee:192.168.151.103:33910, 363f45e3-c2ed-48f5-ae19-ed94c8ce4f3d:192.168.151.103:41409], old=null, confs=<EMPTY_MAP>
2019-09-27 10:12:43,671 [pool-87-thread-1] INFO  server.RaftServerConfigKeys (ConfUtils.java:logGet(43)) - raft.server.rpcslowness.timeout = 120s (custom)
2019-09-27 10:12:43,671 [pool-27-thread-1] INFO  impl.RaftServerImpl (RaftServerImpl.java:<init>(95)) - 363f45e3-c2ed-48f5-ae19-ed94c8ce4f3d: new RaftServerImpl for group-D7C7F7FA402A:[1a0a9427-a12d-4c98-81a1-c39e1be27f6d:192.168.151.103:36200, 4bbf8e1c-0fc8-4b3a-88c0-5b6f150f1aee:192.168.151.103:33910, 363f45e3-c2ed-48f5-ae19-ed94c8ce4f3d:192.168.151.103:41409] with ContainerStateMachine:uninitialized
2019-09-27 10:12:43,672 [pool-57-thread-1] INFO  server.RaftServerConfigKeys (ConfUtils.java:logGet(43)) - raft.server.storage.dir = [/workdir/hadoop-ozone/integration-test/target/test-dir/MiniOzoneClusterImpl-7309d801-f179-460c-bf8c-3619c569ab1e/datanode-3/data/ratis] (custom)
2019-09-27 10:12:43,672 [pool-87-thread-1] INFO  server.RaftServerConfigKeys (ConfUtils.java:logGet(43)) - raft.server.sleep.deviation.threshold = 300 (default)
2019-09-27 10:12:43,672 [pool-27-thread-1] INFO  server.RaftServerConfigKeys (ConfUtils.java:logGet(43)) - raft.server.rpc.timeout.min = 1s (custom)
2019-09-27 10:12:43,672 [pool-87-thread-1] INFO  server.RaftServerConfigKeys (ConfUtils.java:logGet(43)) - raft.server.log.appender.install.snapshot.enabled = false (custom)
2019-09-27 10:12:43,672 [pool-57-thread-1] INFO  storage.RaftStorageDirectory (RaftStorageDirectory.java:analyzeStorage(246)) - The storage directory /workdir/hadoop-ozone/integration-test/target/test-dir/MiniOzoneClusterImpl-7309d801-f179-460c-bf8c-3619c569ab1e/datanode-3/data/ratis/6d03672c-c9d9-4c26-95f1-d7c7f7fa402a does not exist. Creating ...
2019-09-27 10:12:43,672 [pool-27-thread-1] INFO  server.RaftServerConfigKeys (ConfUtils.java:logGet(43)) - raft.server.rpc.timeout.max = 1200ms (custom)
2019-09-27 10:12:43,672 [pool-87-thread-1] INFO  impl.RaftServerImpl (ServerState.java:<init>(103)) - 1a0a9427-a12d-4c98-81a1-c39e1be27f6d@group-D7C7F7FA402A: ConfigurationManager, init=-1: [1a0a9427-a12d-4c98-81a1-c39e1be27f6d:192.168.151.103:36200, 4bbf8e1c-0fc8-4b3a-88c0-5b6f150f1aee:192.168.151.103:33910, 363f45e3-c2ed-48f5-ae19-ed94c8ce4f3d:192.168.151.103:41409], old=null, confs=<EMPTY_MAP>
2019-09-27 10:12:43,672 [pool-27-thread-1] INFO  server.RaftServerConfigKeys (ConfUtils.java:logGet(43)) - raft.server.rpcslowness.timeout = 120s (custom)
2019-09-27 10:12:43,673 [pool-87-thread-1] INFO  server.RaftServerConfigKeys (ConfUtils.java:logGet(43)) - raft.server.storage.dir = [/workdir/hadoop-ozone/integration-test/target/test-dir/MiniOzoneClusterImpl-7309d801-f179-460c-bf8c-3619c569ab1e/datanode-6/data/ratis] (custom)
2019-09-27 10:12:43,673 [pool-27-thread-1] INFO  server.RaftServerConfigKeys (ConfUtils.java:logGet(43)) - raft.server.sleep.deviation.threshold = 300 (default)
2019-09-27 10:12:43,673 [pool-27-thread-1] INFO  server.RaftServerConfigKeys (ConfUtils.java:logGet(43)) - raft.server.log.appender.install.snapshot.enabled = false (custom)
2019-09-27 10:12:43,673 [pool-87-thread-1] INFO  storage.RaftStorageDirectory (RaftStorageDirectory.java:analyzeStorage(246)) - The storage directory /workdir/hadoop-ozone/integration-test/target/test-dir/MiniOzoneClusterImpl-7309d801-f179-460c-bf8c-3619c569ab1e/datanode-6/data/ratis/6d03672c-c9d9-4c26-95f1-d7c7f7fa402a does not exist. Creating ...
2019-09-27 10:12:43,673 [pool-27-thread-1] INFO  impl.RaftServerImpl (ServerState.java:<init>(103)) - 363f45e3-c2ed-48f5-ae19-ed94c8ce4f3d@group-D7C7F7FA402A: ConfigurationManager, init=-1: [1a0a9427-a12d-4c98-81a1-c39e1be27f6d:192.168.151.103:36200, 4bbf8e1c-0fc8-4b3a-88c0-5b6f150f1aee:192.168.151.103:33910, 363f45e3-c2ed-48f5-ae19-ed94c8ce4f3d:192.168.151.103:41409], old=null, confs=<EMPTY_MAP>
2019-09-27 10:12:43,673 [pool-27-thread-1] INFO  server.RaftServerConfigKeys (ConfUtils.java:logGet(43)) - raft.server.storage.dir = [/workdir/hadoop-ozone/integration-test/target/test-dir/MiniOzoneClusterImpl-7309d801-f179-460c-bf8c-3619c569ab1e/datanode-0/data/ratis] (custom)
2019-09-27 10:12:43,674 [pool-27-thread-1] INFO  storage.RaftStorageDirectory (RaftStorageDirectory.java:analyzeStorage(246)) - The storage directory /workdir/hadoop-ozone/integration-test/target/test-dir/MiniOzoneClusterImpl-7309d801-f179-460c-bf8c-3619c569ab1e/datanode-0/data/ratis/6d03672c-c9d9-4c26-95f1-d7c7f7fa402a does not exist. Creating ...
2019-09-27 10:12:43,687 [pool-27-thread-1] INFO  storage.RaftStorageDirectory (RaftStorageDirectory.java:tryLock(328)) - Lock on /workdir/hadoop-ozone/integration-test/target/test-dir/MiniOzoneClusterImpl-7309d801-f179-460c-bf8c-3619c569ab1e/datanode-0/data/ratis/6d03672c-c9d9-4c26-95f1-d7c7f7fa402a/in_use.lock acquired by nodename 4387@pr-hdds2162-4fxhj-20988671
2019-09-27 10:12:43,687 [pool-57-thread-1] INFO  storage.RaftStorageDirectory (RaftStorageDirectory.java:tryLock(328)) - Lock on /workdir/hadoop-ozone/integration-test/target/test-dir/MiniOzoneClusterImpl-7309d801-f179-460c-bf8c-3619c569ab1e/datanode-3/data/ratis/6d03672c-c9d9-4c26-95f1-d7c7f7fa402a/in_use.lock acquired by nodename 4387@pr-hdds2162-4fxhj-20988671
2019-09-27 10:12:43,687 [pool-87-thread-1] INFO  storage.RaftStorageDirectory (RaftStorageDirectory.java:tryLock(328)) - Lock on /workdir/hadoop-ozone/integration-test/target/test-dir/MiniOzoneClusterImpl-7309d801-f179-460c-bf8c-3619c569ab1e/datanode-6/data/ratis/6d03672c-c9d9-4c26-95f1-d7c7f7fa402a/in_use.lock acquired by nodename 4387@pr-hdds2162-4fxhj-20988671
2019-09-27 10:12:43,701 [pool-87-thread-1] INFO  storage.RaftStorage (RaftStorage.java:format(72)) - Storage directory /workdir/hadoop-ozone/integration-test/target/test-dir/MiniOzoneClusterImpl-7309d801-f179-460c-bf8c-3619c569ab1e/datanode-6/data/ratis/6d03672c-c9d9-4c26-95f1-d7c7f7fa402a has been successfully formatted.
2019-09-27 10:12:43,701 [pool-27-thread-1] INFO  storage.RaftStorage (RaftStorage.java:format(72)) - Storage directory /workdir/hadoop-ozone/integration-test/target/test-dir/MiniOzoneClusterImpl-7309d801-f179-460c-bf8c-3619c569ab1e/datanode-0/data/ratis/6d03672c-c9d9-4c26-95f1-d7c7f7fa402a has been successfully formatted.
2019-09-27 10:12:43,701 [pool-57-thread-1] INFO  storage.RaftStorage (RaftStorage.java:format(72)) - Storage directory /workdir/hadoop-ozone/integration-test/target/test-dir/MiniOzoneClusterImpl-7309d801-f179-460c-bf8c-3619c569ab1e/datanode-3/data/ratis/6d03672c-c9d9-4c26-95f1-d7c7f7fa402a has been successfully formatted.
2019-09-27 10:12:43,702 [pool-87-thread-1] INFO  ratis.ContainerStateMachine (ContainerStateMachine.java:loadSnapshot(230)) - group-D7C7F7FA402A: The snapshot info is null. Setting the last applied indexto:(t:0, i:~)
2019-09-27 10:12:43,702 [pool-57-thread-1] INFO  ratis.ContainerStateMachine (ContainerStateMachine.java:loadSnapshot(230)) - group-D7C7F7FA402A: The snapshot info is null. Setting the last applied indexto:(t:0, i:~)
2019-09-27 10:12:43,702 [pool-87-thread-1] INFO  server.RaftServerConfigKeys (ConfUtils.java:logGet(43)) - raft.server.notification.no-leader.timeout = 120s (custom)
2019-09-27 10:12:43,702 [pool-27-thread-1] INFO  ratis.ContainerStateMachine (ContainerStateMachine.java:loadSnapshot(230)) - group-D7C7F7FA402A: The snapshot info is null. Setting the last applied indexto:(t:0, i:~)
2019-09-27 10:12:43,702 [pool-87-thread-1] INFO  server.RaftServerConfigKeys (ConfUtils.java:logGet(43)) - raft.server.log.use.memory = false (default)
2019-09-27 10:12:43,702 [pool-57-thread-1] INFO  server.RaftServerConfigKeys (ConfUtils.java:logGet(43)) - raft.server.notification.no-leader.timeout = 120s (custom)
2019-09-27 10:12:43,702 [pool-87-thread-1] INFO  server.RaftServerConfigKeys (ConfUtils.java:logGet(43)) - raft.server.log.purge.gap = 1000000 (custom)
2019-09-27 10:12:43,702 [pool-27-thread-1] INFO  server.RaftServerConfigKeys (ConfUtils.java:logGet(43)) - raft.server.notification.no-leader.timeout = 120s (custom)
2019-09-27 10:12:43,703 [pool-87-thread-1] INFO  server.RaftServerConfigKeys (ConfUtils.java:logGet(43)) - raft.server.log.appender.buffer.byte-limit = 33554432 (custom)
2019-09-27 10:12:43,702 [pool-57-thread-1] INFO  server.RaftServerConfigKeys (ConfUtils.java:logGet(43)) - raft.server.log.use.memory = false (default)
2019-09-27 10:12:43,703 [pool-87-thread-1] INFO  server.RaftServerConfigKeys (ConfUtils.java:logGet(43)) - raft.server.log.segment.size.max = 1048576 (custom)
2019-09-27 10:12:43,703 [pool-27-thread-1] INFO  server.RaftServerConfigKeys (ConfUtils.java:logGet(43)) - raft.server.log.use.memory = false (default)
2019-09-27 10:12:43,703 [pool-87-thread-1] INFO  server.RaftServerConfigKeys (ConfUtils.java:logGet(43)) - raft.server.log.segment.cache.num.max = 2 (custom)
2019-09-27 10:12:43,703 [pool-57-thread-1] INFO  server.RaftServerConfigKeys (ConfUtils.java:logGet(43)) - raft.server.log.purge.gap = 1000000 (custom)
2019-09-27 10:12:43,703 [pool-87-thread-1] INFO  segmented.SegmentedRaftLogWorker (SegmentedRaftLogWorker.java:<init>(172)) - new 1a0a9427-a12d-4c98-81a1-c39e1be27f6d@group-D7C7F7FA402A-SegmentedRaftLogWorker for RaftStorage:Storage Directory /workdir/hadoop-ozone/integration-test/target/test-dir/MiniOzoneClusterImpl-7309d801-f179-460c-bf8c-3619c569ab1e/datanode-6/data/ratis/6d03672c-c9d9-4c26-95f1-d7c7f7fa402a
2019-09-27 10:12:43,703 [pool-27-thread-1] INFO  server.RaftServerConfigKeys (ConfUtils.java:logGet(43)) - raft.server.log.purge.gap = 1000000 (custom)
2019-09-27 10:12:43,704 [pool-87-thread-1] INFO  server.RaftServerConfigKeys (ConfUtils.java:logGet(43)) - raft.server.log.queue.byte-limit = 2147483647 (custom)
2019-09-27 10:12:43,703 [pool-57-thread-1] INFO  server.RaftServerConfigKeys (ConfUtils.java:logGet(43)) - raft.server.log.appender.buffer.byte-limit = 33554432 (custom)
2019-09-27 10:12:43,704 [pool-87-thread-1] INFO  server.RaftServerConfigKeys (ConfUtils.java:logGet(43)) - raft.server.log.queue.element-limit = 1024 (custom)
2019-09-27 10:12:43,704 [pool-27-thread-1] INFO  server.RaftServerConfigKeys (ConfUtils.java:logGet(43)) - raft.server.log.appender.buffer.byte-limit = 33554432 (custom)
2019-09-27 10:12:43,704 [pool-87-thread-1] INFO  server.RaftServerConfigKeys (ConfUtils.java:logGet(43)) - raft.server.log.segment.size.max = 1048576 (custom)
2019-09-27 10:12:43,704 [pool-57-thread-1] INFO  server.RaftServerConfigKeys (ConfUtils.java:logGet(43)) - raft.server.log.segment.size.max = 1048576 (custom)
2019-09-27 10:12:43,704 [pool-87-thread-1] INFO  server.RaftServerConfigKeys (ConfUtils.java:logGet(43)) - raft.server.log.preallocated.size = 16384 (custom)
2019-09-27 10:12:43,704 [pool-27-thread-1] INFO  server.RaftServerConfigKeys (ConfUtils.java:logGet(43)) - raft.server.log.segment.size.max = 1048576 (custom)
2019-09-27 10:12:43,705 [pool-87-thread-1] INFO  server.RaftServerConfigKeys (ConfUtils.java:logGet(43)) - raft.server.log.write.buffer.size = 33554432 (custom)
2019-09-27 10:12:43,705 [pool-57-thread-1] INFO  server.RaftServerConfigKeys (ConfUtils.java:logGet(43)) - raft.server.log.segment.cache.num.max = 2 (custom)
2019-09-27 10:12:43,705 [pool-87-thread-1] INFO  server.RaftServerConfigKeys (ConfUtils.java:logGet(43)) - raft.server.log.force.sync.num = 128 (default)
2019-09-27 10:12:43,705 [pool-27-thread-1] INFO  server.RaftServerConfigKeys (ConfUtils.java:logGet(43)) - raft.server.log.segment.cache.num.max = 2 (custom)
2019-09-27 10:12:43,705 [pool-87-thread-1] INFO  server.RaftServerConfigKeys (ConfUtils.java:logGet(43)) - raft.server.log.statemachine.data.sync = true (default)
2019-09-27 10:12:43,705 [pool-57-thread-1] INFO  segmented.SegmentedRaftLogWorker (SegmentedRaftLogWorker.java:<init>(172)) - new 4bbf8e1c-0fc8-4b3a-88c0-5b6f150f1aee@group-D7C7F7FA402A-SegmentedRaftLogWorker for RaftStorage:Storage Directory /workdir/hadoop-ozone/integration-test/target/test-dir/MiniOzoneClusterImpl-7309d801-f179-460c-bf8c-3619c569ab1e/datanode-3/data/ratis/6d03672c-c9d9-4c26-95f1-d7c7f7fa402a
2019-09-27 10:12:43,705 [pool-87-thread-1] INFO  server.RaftServerConfigKeys (ConfUtils.java:logGet(43)) - raft.server.log.statemachine.data.sync.timeout = 10s (default)
2019-09-27 10:12:43,705 [pool-27-thread-1] INFO  segmented.SegmentedRaftLogWorker (SegmentedRaftLogWorker.java:<init>(172)) - new 363f45e3-c2ed-48f5-ae19-ed94c8ce4f3d@group-D7C7F7FA402A-SegmentedRaftLogWorker for RaftStorage:Storage Directory /workdir/hadoop-ozone/integration-test/target/test-dir/MiniOzoneClusterImpl-7309d801-f179-460c-bf8c-3619c569ab1e/datanode-0/data/ratis/6d03672c-c9d9-4c26-95f1-d7c7f7fa402a
2019-09-27 10:12:43,706 [pool-87-thread-1] INFO  server.RaftServerConfigKeys (ConfUtils.java:logGet(43)) - raft.server.log.statemachine.data.sync.timeout.retry = -1 (default)
2019-09-27 10:12:43,706 [pool-57-thread-1] INFO  server.RaftServerConfigKeys (ConfUtils.java:logGet(43)) - raft.server.log.queue.byte-limit = 2147483647 (custom)
2019-09-27 10:12:43,706 [pool-87-thread-1] INFO  server.RaftServerConfigKeys (ConfUtils.java:logGet(43)) - raft.server.log.statemachine.data.caching.enabled = true (custom)
2019-09-27 10:12:43,706 [pool-27-thread-1] INFO  server.RaftServerConfigKeys (ConfUtils.java:logGet(43)) - raft.server.log.queue.byte-limit = 2147483647 (custom)
2019-09-27 10:12:43,706 [pool-57-thread-1] INFO  server.RaftServerConfigKeys (ConfUtils.java:logGet(43)) - raft.server.log.queue.element-limit = 1024 (custom)
2019-09-27 10:12:43,706 [pool-87-thread-1] INFO  segmented.SegmentedRaftLogWorker (SegmentedRaftLogWorker.java:lambda$new$0(132)) - 1a0a9427-a12d-4c98-81a1-c39e1be27f6d@group-D7C7F7FA402A-SegmentedRaftLogWorker: flushIndex: setUnconditionally 0 -> -1
2019-09-27 10:12:43,706 [pool-27-thread-1] INFO  server.RaftServerConfigKeys (ConfUtils.java:logGet(43)) - raft.server.log.queue.element-limit = 1024 (custom)
2019-09-27 10:12:43,706 [pool-57-thread-1] INFO  server.RaftServerConfigKeys (ConfUtils.java:logGet(43)) - raft.server.log.segment.size.max = 1048576 (custom)
2019-09-27 10:12:43,707 [pool-87-thread-1] INFO  server.RaftServerConfigKeys (ConfUtils.java:logGet(43)) - raft.server.snapshot.auto.trigger.enabled = true (custom)
2019-09-27 10:12:43,707 [pool-27-thread-1] INFO  server.RaftServerConfigKeys (ConfUtils.java:logGet(43)) - raft.server.log.segment.size.max = 1048576 (custom)
2019-09-27 10:12:43,707 [pool-87-thread-1] INFO  server.RaftServerConfigKeys (ConfUtils.java:logGet(43)) - raft.server.snapshot.auto.trigger.threshold = 10000 (custom)
2019-09-27 10:12:43,707 [pool-57-thread-1] INFO  server.RaftServerConfigKeys (ConfUtils.java:logGet(43)) - raft.server.log.preallocated.size = 16384 (custom)
2019-09-27 10:12:43,707 [pool-87-thread-1] INFO  server.RaftServerConfigKeys (ConfUtils.java:logGet(43)) - raft.server.snapshot.retention.num.files = 5 (custom)
2019-09-27 10:12:43,707 [pool-27-thread-1] INFO  server.RaftServerConfigKeys (ConfUtils.java:logGet(43)) - raft.server.log.preallocated.size = 16384 (custom)
2019-09-27 10:12:43,708 [pool-87-thread-1] INFO  server.RaftServerConfigKeys (ConfUtils.java:logGet(43)) - raft.server.retrycache.expirytime = 600000ms (custom)
2019-09-27 10:12:43,707 [pool-57-thread-1] INFO  server.RaftServerConfigKeys (ConfUtils.java:logGet(43)) - raft.server.log.write.buffer.size = 33554432 (custom)
2019-09-27 10:12:43,708 [pool-27-thread-1] INFO  server.RaftServerConfigKeys (ConfUtils.java:logGet(43)) - raft.server.log.write.buffer.size = 33554432 (custom)
2019-09-27 10:12:43,708 [pool-57-thread-1] INFO  server.RaftServerConfigKeys (ConfUtils.java:logGet(43)) - raft.server.log.force.sync.num = 128 (default)
2019-09-27 10:12:43,708 [pool-27-thread-1] INFO  server.RaftServerConfigKeys (ConfUtils.java:logGet(43)) - raft.server.log.force.sync.num = 128 (default)
2019-09-27 10:12:43,708 [pool-57-thread-1] INFO  server.RaftServerConfigKeys (ConfUtils.java:logGet(43)) - raft.server.log.statemachine.data.sync = true (default)
2019-09-27 10:12:43,708 [pool-27-thread-1] INFO  server.RaftServerConfigKeys (ConfUtils.java:logGet(43)) - raft.server.log.statemachine.data.sync = true (default)
2019-09-27 10:12:43,708 [pool-57-thread-1] INFO  server.RaftServerConfigKeys (ConfUtils.java:logGet(43)) - raft.server.log.statemachine.data.sync.timeout = 10s (default)
2019-09-27 10:12:43,709 [pool-27-thread-1] INFO  server.RaftServerConfigKeys (ConfUtils.java:logGet(43)) - raft.server.log.statemachine.data.sync.timeout = 10s (default)
2019-09-27 10:12:43,709 [pool-57-thread-1] INFO  server.RaftServerConfigKeys (ConfUtils.java:logGet(43)) - raft.server.log.statemachine.data.sync.timeout.retry = -1 (default)
2019-09-27 10:12:43,709 [pool-27-thread-1] INFO  server.RaftServerConfigKeys (ConfUtils.java:logGet(43)) - raft.server.log.statemachine.data.sync.timeout.retry = -1 (default)
2019-09-27 10:12:43,709 [pool-57-thread-1] INFO  server.RaftServerConfigKeys (ConfUtils.java:logGet(43)) - raft.server.log.statemachine.data.caching.enabled = true (custom)
2019-09-27 10:12:43,709 [pool-27-thread-1] INFO  server.RaftServerConfigKeys (ConfUtils.java:logGet(43)) - raft.server.log.statemachine.data.caching.enabled = true (custom)
2019-09-27 10:12:43,709 [pool-57-thread-1] INFO  segmented.SegmentedRaftLogWorker (SegmentedRaftLogWorker.java:lambda$new$0(132)) - 4bbf8e1c-0fc8-4b3a-88c0-5b6f150f1aee@group-D7C7F7FA402A-SegmentedRaftLogWorker: flushIndex: setUnconditionally 0 -> -1
2019-09-27 10:12:43,710 [pool-27-thread-1] INFO  segmented.SegmentedRaftLogWorker (SegmentedRaftLogWorker.java:lambda$new$0(132)) - 363f45e3-c2ed-48f5-ae19-ed94c8ce4f3d@group-D7C7F7FA402A-SegmentedRaftLogWorker: flushIndex: setUnconditionally 0 -> -1
2019-09-27 10:12:43,710 [pool-57-thread-1] INFO  server.RaftServerConfigKeys (ConfUtils.java:logGet(43)) - raft.server.snapshot.auto.trigger.enabled = true (custom)
2019-09-27 10:12:43,710 [pool-57-thread-1] INFO  server.RaftServerConfigKeys (ConfUtils.java:logGet(43)) - raft.server.snapshot.auto.trigger.threshold = 10000 (custom)
2019-09-27 10:12:43,710 [pool-27-thread-1] INFO  server.RaftServerConfigKeys (ConfUtils.java:logGet(43)) - raft.server.snapshot.auto.trigger.enabled = true (custom)
2019-09-27 10:12:43,710 [pool-87-thread-1] INFO  impl.RaftServerImpl (RaftServerImpl.java:start(185)) - 1a0a9427-a12d-4c98-81a1-c39e1be27f6d@group-D7C7F7FA402A: start as a follower, conf=-1: [1a0a9427-a12d-4c98-81a1-c39e1be27f6d:192.168.151.103:36200, 4bbf8e1c-0fc8-4b3a-88c0-5b6f150f1aee:192.168.151.103:33910, 363f45e3-c2ed-48f5-ae19-ed94c8ce4f3d:192.168.151.103:41409], old=null
2019-09-27 10:12:43,710 [pool-57-thread-1] INFO  server.RaftServerConfigKeys (ConfUtils.java:logGet(43)) - raft.server.snapshot.retention.num.files = 5 (custom)
2019-09-27 10:12:43,710 [pool-87-thread-1] INFO  impl.RaftServerImpl (RaftServerImpl.java:setRole(174)) - 1a0a9427-a12d-4c98-81a1-c39e1be27f6d@group-D7C7F7FA402A: changes role from      null to FOLLOWER at term 0 for startAsFollower
2019-09-27 10:12:43,710 [pool-57-thread-1] INFO  server.RaftServerConfigKeys (ConfUtils.java:logGet(43)) - raft.server.retrycache.expirytime = 600000ms (custom)
2019-09-27 10:12:43,710 [pool-27-thread-1] INFO  server.RaftServerConfigKeys (ConfUtils.java:logGet(43)) - raft.server.snapshot.auto.trigger.threshold = 10000 (custom)
2019-09-27 10:12:43,711 [pool-87-thread-1] INFO  impl.RoleInfo (RoleInfo.java:updateAndGet(143)) - 1a0a9427-a12d-4c98-81a1-c39e1be27f6d: start FollowerState
2019-09-27 10:12:43,711 [pool-27-thread-1] INFO  server.RaftServerConfigKeys (ConfUtils.java:logGet(43)) - raft.server.snapshot.retention.num.files = 5 (custom)
2019-09-27 10:12:43,711 [pool-27-thread-1] INFO  server.RaftServerConfigKeys (ConfUtils.java:logGet(43)) - raft.server.retrycache.expirytime = 600000ms (custom)
2019-09-27 10:12:43,711 [pool-87-thread-1] INFO  util.JmxRegister (JmxRegister.java:tryRegister(44)) - Successfully registered JMX Bean with object name Ratis:service=RaftServer,group=group-D7C7F7FA402A,id=1a0a9427-a12d-4c98-81a1-c39e1be27f6d
2019-09-27 10:12:43,713 [pool-57-thread-1] INFO  impl.RaftServerImpl (RaftServerImpl.java:start(185)) - 4bbf8e1c-0fc8-4b3a-88c0-5b6f150f1aee@group-D7C7F7FA402A: start as a follower, conf=-1: [1a0a9427-a12d-4c98-81a1-c39e1be27f6d:192.168.151.103:36200, 4bbf8e1c-0fc8-4b3a-88c0-5b6f150f1aee:192.168.151.103:33910, 363f45e3-c2ed-48f5-ae19-ed94c8ce4f3d:192.168.151.103:41409], old=null
2019-09-27 10:12:43,713 [pool-57-thread-1] INFO  impl.RaftServerImpl (RaftServerImpl.java:setRole(174)) - 4bbf8e1c-0fc8-4b3a-88c0-5b6f150f1aee@group-D7C7F7FA402A: changes role from      null to FOLLOWER at term 0 for startAsFollower
2019-09-27 10:12:43,714 [pool-57-thread-1] INFO  impl.RoleInfo (RoleInfo.java:updateAndGet(143)) - 4bbf8e1c-0fc8-4b3a-88c0-5b6f150f1aee: start FollowerState
2019-09-27 10:12:43,714 [pool-57-thread-1] INFO  util.JmxRegister (JmxRegister.java:tryRegister(44)) - Successfully registered JMX Bean with object name Ratis:service=RaftServer,group=group-D7C7F7FA402A,id=4bbf8e1c-0fc8-4b3a-88c0-5b6f150f1aee
2019-09-27 10:12:43,714 [pool-27-thread-1] INFO  impl.RaftServerImpl (RaftServerImpl.java:start(185)) - 363f45e3-c2ed-48f5-ae19-ed94c8ce4f3d@group-D7C7F7FA402A: start as a follower, conf=-1: [1a0a9427-a12d-4c98-81a1-c39e1be27f6d:192.168.151.103:36200, 4bbf8e1c-0fc8-4b3a-88c0-5b6f150f1aee:192.168.151.103:33910, 363f45e3-c2ed-48f5-ae19-ed94c8ce4f3d:192.168.151.103:41409], old=null
2019-09-27 10:12:43,714 [pool-27-thread-1] INFO  impl.RaftServerImpl (RaftServerImpl.java:setRole(174)) - 363f45e3-c2ed-48f5-ae19-ed94c8ce4f3d@group-D7C7F7FA402A: changes role from      null to FOLLOWER at term 0 for startAsFollower
2019-09-27 10:12:43,715 [pool-27-thread-1] INFO  impl.RoleInfo (RoleInfo.java:updateAndGet(143)) - 363f45e3-c2ed-48f5-ae19-ed94c8ce4f3d: start FollowerState
2019-09-27 10:12:43,722 [pool-27-thread-1] INFO  util.JmxRegister (JmxRegister.java:tryRegister(44)) - Successfully registered JMX Bean with object name Ratis:service=RaftServer,group=group-D7C7F7FA402A,id=363f45e3-c2ed-48f5-ae19-ed94c8ce4f3d
2019-09-27 10:12:43,732 [RatisPipelineUtilsThread] INFO  pipeline.PipelineStateManager (PipelineStateManager.java:addPipeline(56)) - Created pipeline Pipeline[ Id: 6d03672c-c9d9-4c26-95f1-d7c7f7fa402a, Nodes: 1a0a9427-a12d-4c98-81a1-c39e1be27f6d{ip: 192.168.151.103, host: pr-hdds2162-4fxhj-20988671, networkLocation: /default-rack, certSerialId: null}363f45e3-c2ed-48f5-ae19-ed94c8ce4f3d{ip: 192.168.151.103, host: pr-hdds2162-4fxhj-20988671, networkLocation: /default-rack, certSerialId: null}4bbf8e1c-0fc8-4b3a-88c0-5b6f150f1aee{ip: 192.168.151.103, host: pr-hdds2162-4fxhj-20988671, networkLocation: /default-rack, certSerialId: null}, Type:RATIS, Factor:THREE, State:OPEN]
2019-09-27 10:12:43,739 [ca2cbff0-14e3-4cd0-83a1-6556e5af9ad7@group-809D3E6DB6C8-SegmentedRaftLogWorker] INFO  segmented.SegmentedRaftLogWorker (SegmentedRaftLogWorker.java:execute(569)) - ca2cbff0-14e3-4cd0-83a1-6556e5af9ad7@group-809D3E6DB6C8-SegmentedRaftLogWorker: created new log segment /workdir/hadoop-ozone/integration-test/target/test-dir/MiniOzoneClusterImpl-7309d801-f179-460c-bf8c-3619c569ab1e/datanode-1/data/ratis/4ba531ed-bfea-4a16-8775-809d3e6db6c8/current/log_inprogress_0
2019-09-27 10:12:43,739 [363f45e3-c2ed-48f5-ae19-ed94c8ce4f3d@group-E5FA969C28D8-SegmentedRaftLogWorker] INFO  segmented.SegmentedRaftLogWorker (SegmentedRaftLogWorker.java:execute(569)) - 363f45e3-c2ed-48f5-ae19-ed94c8ce4f3d@group-E5FA969C28D8-SegmentedRaftLogWorker: created new log segment /workdir/hadoop-ozone/integration-test/target/test-dir/MiniOzoneClusterImpl-7309d801-f179-460c-bf8c-3619c569ab1e/datanode-0/data/ratis/268767b0-278d-471b-982a-e5fa969c28d8/current/log_inprogress_0
2019-09-27 10:12:43,764 [Thread-291] INFO  impl.FollowerState (FollowerState.java:run(106)) - 6538e5ea-9fbc-4e7b-b1f8-bd637acac874:group-5F740E99E4D2 changes to CANDIDATE, lastRpcTime:1090, electionTimeout:1090ms
2019-09-27 10:12:43,764 [Thread-291] INFO  impl.RoleInfo (RoleInfo.java:shutdownFollowerState(121)) - 6538e5ea-9fbc-4e7b-b1f8-bd637acac874: shutdown FollowerState
2019-09-27 10:12:43,764 [Thread-291] INFO  impl.RaftServerImpl (RaftServerImpl.java:setRole(174)) - 6538e5ea-9fbc-4e7b-b1f8-bd637acac874@group-5F740E99E4D2: changes role from  FOLLOWER to CANDIDATE at term 0 for changeToCandidate
2019-09-27 10:12:43,765 [Thread-291] INFO  impl.RoleInfo (RoleInfo.java:updateAndGet(143)) - 6538e5ea-9fbc-4e7b-b1f8-bd637acac874: start LeaderElection
2019-09-27 10:12:43,782 [6538e5ea-9fbc-4e7b-b1f8-bd637acac874@group-5F740E99E4D2:LeaderElection3] INFO  impl.LeaderElection (LeaderElection.java:askForVotes(182)) - 6538e5ea-9fbc-4e7b-b1f8-bd637acac874@group-5F740E99E4D2:LeaderElection3: begin an election at term 1 for -1: [6538e5ea-9fbc-4e7b-b1f8-bd637acac874:192.168.151.103:35650], old=null
2019-09-27 10:12:43,782 [6538e5ea-9fbc-4e7b-b1f8-bd637acac874@group-5F740E99E4D2:LeaderElection3] INFO  impl.RoleInfo (RoleInfo.java:shutdownLeaderElection(134)) - 6538e5ea-9fbc-4e7b-b1f8-bd637acac874: shutdown LeaderElection
2019-09-27 10:12:43,782 [6538e5ea-9fbc-4e7b-b1f8-bd637acac874@group-5F740E99E4D2:LeaderElection3] INFO  impl.RaftServerImpl (RaftServerImpl.java:setRole(174)) - 6538e5ea-9fbc-4e7b-b1f8-bd637acac874@group-5F740E99E4D2: changes role from CANDIDATE to LEADER at term 1 for changeToLeader
2019-09-27 10:12:43,782 [6538e5ea-9fbc-4e7b-b1f8-bd637acac874@group-5F740E99E4D2:LeaderElection3] INFO  impl.RaftServerImpl (ServerState.java:setLeader(253)) - 6538e5ea-9fbc-4e7b-b1f8-bd637acac874@group-5F740E99E4D2: change Leader from null to 6538e5ea-9fbc-4e7b-b1f8-bd637acac874 at term 1 for becomeLeader, leader elected after 1183ms
2019-09-27 10:12:43,782 [6538e5ea-9fbc-4e7b-b1f8-bd637acac874@group-5F740E99E4D2:LeaderElection3] INFO  server.RaftServerConfigKeys (ConfUtils.java:logGet(43)) - raft.server.staging.catchup.gap = 1000 (default)
2019-09-27 10:12:43,783 [6538e5ea-9fbc-4e7b-b1f8-bd637acac874@group-5F740E99E4D2:LeaderElection3] INFO  server.RaftServerConfigKeys (ConfUtils.java:logGet(43)) - raft.server.rpc.sleep.time = 25ms (default)
2019-09-27 10:12:43,783 [6538e5ea-9fbc-4e7b-b1f8-bd637acac874@group-5F740E99E4D2:LeaderElection3] INFO  server.RaftServerConfigKeys (ConfUtils.java:logGet(43)) - raft.server.write.element-limit = 4096 (default)
2019-09-27 10:12:43,783 [6538e5ea-9fbc-4e7b-b1f8-bd637acac874@group-5F740E99E4D2:LeaderElection3] INFO  server.RaftServerConfigKeys (ConfUtils.java:logGet(43)) - raft.server.watch.timeout = 10s (default)
2019-09-27 10:12:43,783 [6538e5ea-9fbc-4e7b-b1f8-bd637acac874@group-5F740E99E4D2:LeaderElection3] INFO  server.RaftServerConfigKeys (ConfUtils.java:logGet(43)) - raft.server.watch.timeout.denomination = 1s (default)
2019-09-27 10:12:43,783 [6538e5ea-9fbc-4e7b-b1f8-bd637acac874@group-5F740E99E4D2:LeaderElection3] INFO  server.RaftServerConfigKeys (ConfUtils.java:logGet(43)) - raft.server.watch.element-limit = 65536 (default)
2019-09-27 10:12:43,787 [6538e5ea-9fbc-4e7b-b1f8-bd637acac874@group-5F740E99E4D2:LeaderElection3] INFO  impl.RoleInfo (RoleInfo.java:updateAndGet(143)) - 6538e5ea-9fbc-4e7b-b1f8-bd637acac874: start LeaderState
2019-09-27 10:12:43,787 [6538e5ea-9fbc-4e7b-b1f8-bd637acac874@group-5F740E99E4D2:LeaderElection3] INFO  segmented.SegmentedRaftLogWorker (SegmentedRaftLogWorker.java:startLogSegment(380)) - 6538e5ea-9fbc-4e7b-b1f8-bd637acac874@group-5F740E99E4D2-SegmentedRaftLogWorker: Starting segment from index:0
2019-09-27 10:12:43,787 [6538e5ea-9fbc-4e7b-b1f8-bd637acac874@group-5F740E99E4D2:LeaderElection3] INFO  impl.RaftServerImpl (ServerState.java:setRaftConf(354)) - 6538e5ea-9fbc-4e7b-b1f8-bd637acac874@group-5F740E99E4D2: set configuration 0: [6538e5ea-9fbc-4e7b-b1f8-bd637acac874:192.168.151.103:35650], old=null at 0
2019-09-27 10:12:43,851 [6538e5ea-9fbc-4e7b-b1f8-bd637acac874@group-5F740E99E4D2-SegmentedRaftLogWorker] INFO  segmented.SegmentedRaftLogWorker (SegmentedRaftLogWorker.java:execute(569)) - 6538e5ea-9fbc-4e7b-b1f8-bd637acac874@group-5F740E99E4D2-SegmentedRaftLogWorker: created new log segment /workdir/hadoop-ozone/integration-test/target/test-dir/MiniOzoneClusterImpl-7309d801-f179-460c-bf8c-3619c569ab1e/datanode-5/data/ratis/5f2ff8cd-0fec-4706-83c7-5f740e99e4d2/current/log_inprogress_0
2019-09-27 10:12:43,893 [Thread-294] INFO  impl.FollowerState (FollowerState.java:run(106)) - c0b96085-d2d8-445e-bc85-808a6dba9cdf:group-FA64C25DCF64 changes to CANDIDATE, lastRpcTime:1115, electionTimeout:1115ms
2019-09-27 10:12:43,894 [Thread-294] INFO  impl.RoleInfo (RoleInfo.java:shutdownFollowerState(121)) - c0b96085-d2d8-445e-bc85-808a6dba9cdf: shutdown FollowerState
2019-09-27 10:12:43,894 [Thread-294] INFO  impl.RaftServerImpl (RaftServerImpl.java:setRole(174)) - c0b96085-d2d8-445e-bc85-808a6dba9cdf@group-FA64C25DCF64: changes role from  FOLLOWER to CANDIDATE at term 0 for changeToCandidate
2019-09-27 10:12:43,894 [Thread-294] INFO  impl.RoleInfo (RoleInfo.java:updateAndGet(143)) - c0b96085-d2d8-445e-bc85-808a6dba9cdf: start LeaderElection
2019-09-27 10:12:43,917 [c0b96085-d2d8-445e-bc85-808a6dba9cdf@group-FA64C25DCF64:LeaderElection4] INFO  impl.LeaderElection (LeaderElection.java:askForVotes(182)) - c0b96085-d2d8-445e-bc85-808a6dba9cdf@group-FA64C25DCF64:LeaderElection4: begin an election at term 1 for -1: [c0b96085-d2d8-445e-bc85-808a6dba9cdf:192.168.151.103:35883], old=null
2019-09-27 10:12:43,918 [c0b96085-d2d8-445e-bc85-808a6dba9cdf@group-FA64C25DCF64:LeaderElection4] INFO  impl.RoleInfo (RoleInfo.java:shutdownLeaderElection(134)) - c0b96085-d2d8-445e-bc85-808a6dba9cdf: shutdown LeaderElection
2019-09-27 10:12:43,918 [c0b96085-d2d8-445e-bc85-808a6dba9cdf@group-FA64C25DCF64:LeaderElection4] INFO  impl.RaftServerImpl (RaftServerImpl.java:setRole(174)) - c0b96085-d2d8-445e-bc85-808a6dba9cdf@group-FA64C25DCF64: changes role from CANDIDATE to LEADER at term 1 for changeToLeader
2019-09-27 10:12:43,918 [c0b96085-d2d8-445e-bc85-808a6dba9cdf@group-FA64C25DCF64:LeaderElection4] INFO  impl.RaftServerImpl (ServerState.java:setLeader(253)) - c0b96085-d2d8-445e-bc85-808a6dba9cdf@group-FA64C25DCF64: change Leader from null to c0b96085-d2d8-445e-bc85-808a6dba9cdf at term 1 for becomeLeader, leader elected after 1156ms
2019-09-27 10:12:43,921 [c0b96085-d2d8-445e-bc85-808a6dba9cdf@group-FA64C25DCF64:LeaderElection4] INFO  server.RaftServerConfigKeys (ConfUtils.java:logGet(43)) - raft.server.staging.catchup.gap = 1000 (default)
2019-09-27 10:12:43,921 [c0b96085-d2d8-445e-bc85-808a6dba9cdf@group-FA64C25DCF64:LeaderElection4] INFO  server.RaftServerConfigKeys (ConfUtils.java:logGet(43)) - raft.server.rpc.sleep.time = 25ms (default)
2019-09-27 10:12:43,921 [c0b96085-d2d8-445e-bc85-808a6dba9cdf@group-FA64C25DCF64:LeaderElection4] INFO  server.RaftServerConfigKeys (ConfUtils.java:logGet(43)) - raft.server.write.element-limit = 4096 (default)
2019-09-27 10:12:43,921 [c0b96085-d2d8-445e-bc85-808a6dba9cdf@group-FA64C25DCF64:LeaderElection4] INFO  server.RaftServerConfigKeys (ConfUtils.java:logGet(43)) - raft.server.watch.timeout = 10s (default)
2019-09-27 10:12:43,921 [c0b96085-d2d8-445e-bc85-808a6dba9cdf@group-FA64C25DCF64:LeaderElection4] INFO  server.RaftServerConfigKeys (ConfUtils.java:logGet(43)) - raft.server.watch.timeout.denomination = 1s (default)
2019-09-27 10:12:43,922 [c0b96085-d2d8-445e-bc85-808a6dba9cdf@group-FA64C25DCF64:LeaderElection4] INFO  server.RaftServerConfigKeys (ConfUtils.java:logGet(43)) - raft.server.watch.element-limit = 65536 (default)
2019-09-27 10:12:43,925 [c0b96085-d2d8-445e-bc85-808a6dba9cdf@group-FA64C25DCF64:LeaderElection4] INFO  impl.RoleInfo (RoleInfo.java:updateAndGet(143)) - c0b96085-d2d8-445e-bc85-808a6dba9cdf: start LeaderState
2019-09-27 10:12:43,925 [c0b96085-d2d8-445e-bc85-808a6dba9cdf@group-FA64C25DCF64:LeaderElection4] INFO  segmented.SegmentedRaftLogWorker (SegmentedRaftLogWorker.java:startLogSegment(380)) - c0b96085-d2d8-445e-bc85-808a6dba9cdf@group-FA64C25DCF64-SegmentedRaftLogWorker: Starting segment from index:0
2019-09-27 10:12:43,926 [c0b96085-d2d8-445e-bc85-808a6dba9cdf@group-FA64C25DCF64:LeaderElection4] INFO  impl.RaftServerImpl (ServerState.java:setRaftConf(354)) - c0b96085-d2d8-445e-bc85-808a6dba9cdf@group-FA64C25DCF64: set configuration 0: [c0b96085-d2d8-445e-bc85-808a6dba9cdf:192.168.151.103:35883], old=null at 0
2019-09-27 10:12:43,967 [Thread-297] INFO  impl.FollowerState (FollowerState.java:run(106)) - d451055a-1dc8-4774-ac5e-be8b7982a836:group-A518BD59BE7D changes to CANDIDATE, lastRpcTime:1089, electionTimeout:1048ms
2019-09-27 10:12:43,967 [Thread-297] INFO  impl.RoleInfo (RoleInfo.java:shutdownFollowerState(121)) - d451055a-1dc8-4774-ac5e-be8b7982a836: shutdown FollowerState
2019-09-27 10:12:43,967 [Thread-297] INFO  impl.RaftServerImpl (RaftServerImpl.java:setRole(174)) - d451055a-1dc8-4774-ac5e-be8b7982a836@group-A518BD59BE7D: changes role from  FOLLOWER to CANDIDATE at term 0 for changeToCandidate
2019-09-27 10:12:43,968 [Thread-297] INFO  impl.RoleInfo (RoleInfo.java:updateAndGet(143)) - d451055a-1dc8-4774-ac5e-be8b7982a836: start LeaderElection
2019-09-27 10:12:43,980 [c0b96085-d2d8-445e-bc85-808a6dba9cdf@group-FA64C25DCF64-SegmentedRaftLogWorker] INFO  segmented.SegmentedRaftLogWorker (SegmentedRaftLogWorker.java:execute(569)) - c0b96085-d2d8-445e-bc85-808a6dba9cdf@group-FA64C25DCF64-SegmentedRaftLogWorker: created new log segment /workdir/hadoop-ozone/integration-test/target/test-dir/MiniOzoneClusterImpl-7309d801-f179-460c-bf8c-3619c569ab1e/datanode-7/data/ratis/621c6e9a-0ede-48b6-a985-fa64c25dcf64/current/log_inprogress_0
2019-09-27 10:12:43,980 [d451055a-1dc8-4774-ac5e-be8b7982a836@group-A518BD59BE7D:LeaderElection5] INFO  impl.LeaderElection (LeaderElection.java:askForVotes(182)) - d451055a-1dc8-4774-ac5e-be8b7982a836@group-A518BD59BE7D:LeaderElection5: begin an election at term 1 for -1: [d451055a-1dc8-4774-ac5e-be8b7982a836:192.168.151.103:42161], old=null
2019-09-27 10:12:43,981 [d451055a-1dc8-4774-ac5e-be8b7982a836@group-A518BD59BE7D:LeaderElection5] INFO  impl.RoleInfo (RoleInfo.java:shutdownLeaderElection(134)) - d451055a-1dc8-4774-ac5e-be8b7982a836: shutdown LeaderElection
2019-09-27 10:12:43,981 [d451055a-1dc8-4774-ac5e-be8b7982a836@group-A518BD59BE7D:LeaderElection5] INFO  impl.RaftServerImpl (RaftServerImpl.java:setRole(174)) - d451055a-1dc8-4774-ac5e-be8b7982a836@group-A518BD59BE7D: changes role from CANDIDATE to LEADER at term 1 for changeToLeader
2019-09-27 10:12:43,981 [d451055a-1dc8-4774-ac5e-be8b7982a836@group-A518BD59BE7D:LeaderElection5] INFO  impl.RaftServerImpl (ServerState.java:setLeader(253)) - d451055a-1dc8-4774-ac5e-be8b7982a836@group-A518BD59BE7D: change Leader from null to d451055a-1dc8-4774-ac5e-be8b7982a836 at term 1 for becomeLeader, leader elected after 1118ms
2019-09-27 10:12:43,981 [d451055a-1dc8-4774-ac5e-be8b7982a836@group-A518BD59BE7D:LeaderElection5] INFO  server.RaftServerConfigKeys (ConfUtils.java:logGet(43)) - raft.server.staging.catchup.gap = 1000 (default)
2019-09-27 10:12:43,982 [d451055a-1dc8-4774-ac5e-be8b7982a836@group-A518BD59BE7D:LeaderElection5] INFO  server.RaftServerConfigKeys (ConfUtils.java:logGet(43)) - raft.server.rpc.sleep.time = 25ms (default)
2019-09-27 10:12:43,982 [d451055a-1dc8-4774-ac5e-be8b7982a836@group-A518BD59BE7D:LeaderElection5] INFO  server.RaftServerConfigKeys (ConfUtils.java:logGet(43)) - raft.server.write.element-limit = 4096 (default)
2019-09-27 10:12:43,982 [d451055a-1dc8-4774-ac5e-be8b7982a836@group-A518BD59BE7D:LeaderElection5] INFO  server.RaftServerConfigKeys (ConfUtils.java:logGet(43)) - raft.server.watch.timeout = 10s (default)
2019-09-27 10:12:43,982 [d451055a-1dc8-4774-ac5e-be8b7982a836@group-A518BD59BE7D:LeaderElection5] INFO  server.RaftServerConfigKeys (ConfUtils.java:logGet(43)) - raft.server.watch.timeout.denomination = 1s (default)
2019-09-27 10:12:43,982 [d451055a-1dc8-4774-ac5e-be8b7982a836@group-A518BD59BE7D:LeaderElection5] INFO  server.RaftServerConfigKeys (ConfUtils.java:logGet(43)) - raft.server.watch.element-limit = 65536 (default)
2019-09-27 10:12:43,989 [d451055a-1dc8-4774-ac5e-be8b7982a836@group-A518BD59BE7D:LeaderElection5] INFO  impl.RoleInfo (RoleInfo.java:updateAndGet(143)) - d451055a-1dc8-4774-ac5e-be8b7982a836: start LeaderState
2019-09-27 10:12:43,989 [d451055a-1dc8-4774-ac5e-be8b7982a836@group-A518BD59BE7D:LeaderElection5] INFO  segmented.SegmentedRaftLogWorker (SegmentedRaftLogWorker.java:startLogSegment(380)) - d451055a-1dc8-4774-ac5e-be8b7982a836@group-A518BD59BE7D-SegmentedRaftLogWorker: Starting segment from index:0
2019-09-27 10:12:43,990 [d451055a-1dc8-4774-ac5e-be8b7982a836@group-A518BD59BE7D:LeaderElection5] INFO  impl.RaftServerImpl (ServerState.java:setRaftConf(354)) - d451055a-1dc8-4774-ac5e-be8b7982a836@group-A518BD59BE7D: set configuration 0: [d451055a-1dc8-4774-ac5e-be8b7982a836:192.168.151.103:42161], old=null at 0
2019-09-27 10:12:44,027 [Thread-300] INFO  impl.FollowerState (FollowerState.java:run(106)) - 05b4a1fe-7ad6-4f6f-a8a9-40df080e757c:group-37946EAD6E9C changes to CANDIDATE, lastRpcTime:1051, electionTimeout:1049ms
2019-09-27 10:12:44,027 [Thread-300] INFO  impl.RoleInfo (RoleInfo.java:shutdownFollowerState(121)) - 05b4a1fe-7ad6-4f6f-a8a9-40df080e757c: shutdown FollowerState
2019-09-27 10:12:44,028 [Thread-300] INFO  impl.RaftServerImpl (RaftServerImpl.java:setRole(174)) - 05b4a1fe-7ad6-4f6f-a8a9-40df080e757c@group-37946EAD6E9C: changes role from  FOLLOWER to CANDIDATE at term 0 for changeToCandidate
2019-09-27 10:12:44,028 [Thread-300] INFO  impl.RoleInfo (RoleInfo.java:updateAndGet(143)) - 05b4a1fe-7ad6-4f6f-a8a9-40df080e757c: start LeaderElection
2019-09-27 10:12:44,041 [d451055a-1dc8-4774-ac5e-be8b7982a836@group-A518BD59BE7D-SegmentedRaftLogWorker] INFO  segmented.SegmentedRaftLogWorker (SegmentedRaftLogWorker.java:execute(569)) - d451055a-1dc8-4774-ac5e-be8b7982a836@group-A518BD59BE7D-SegmentedRaftLogWorker: created new log segment /workdir/hadoop-ozone/integration-test/target/test-dir/MiniOzoneClusterImpl-7309d801-f179-460c-bf8c-3619c569ab1e/datanode-8/data/ratis/aeba5f5b-736f-45ba-b1dd-a518bd59be7d/current/log_inprogress_0
2019-09-27 10:12:44,041 [05b4a1fe-7ad6-4f6f-a8a9-40df080e757c@group-37946EAD6E9C:LeaderElection6] INFO  impl.LeaderElection (LeaderElection.java:askForVotes(182)) - 05b4a1fe-7ad6-4f6f-a8a9-40df080e757c@group-37946EAD6E9C:LeaderElection6: begin an election at term 1 for -1: [05b4a1fe-7ad6-4f6f-a8a9-40df080e757c:192.168.151.103:46115], old=null
2019-09-27 10:12:44,042 [05b4a1fe-7ad6-4f6f-a8a9-40df080e757c@group-37946EAD6E9C:LeaderElection6] INFO  impl.RoleInfo (RoleInfo.java:shutdownLeaderElection(134)) - 05b4a1fe-7ad6-4f6f-a8a9-40df080e757c: shutdown LeaderElection
2019-09-27 10:12:44,042 [05b4a1fe-7ad6-4f6f-a8a9-40df080e757c@group-37946EAD6E9C:LeaderElection6] INFO  impl.RaftServerImpl (RaftServerImpl.java:setRole(174)) - 05b4a1fe-7ad6-4f6f-a8a9-40df080e757c@group-37946EAD6E9C: changes role from CANDIDATE to LEADER at term 1 for changeToLeader
2019-09-27 10:12:44,042 [05b4a1fe-7ad6-4f6f-a8a9-40df080e757c@group-37946EAD6E9C:LeaderElection6] INFO  impl.RaftServerImpl (ServerState.java:setLeader(253)) - 05b4a1fe-7ad6-4f6f-a8a9-40df080e757c@group-37946EAD6E9C: change Leader from null to 05b4a1fe-7ad6-4f6f-a8a9-40df080e757c at term 1 for becomeLeader, leader elected after 1078ms
2019-09-27 10:12:44,042 [05b4a1fe-7ad6-4f6f-a8a9-40df080e757c@group-37946EAD6E9C:LeaderElection6] INFO  server.RaftServerConfigKeys (ConfUtils.java:logGet(43)) - raft.server.staging.catchup.gap = 1000 (default)
2019-09-27 10:12:44,042 [05b4a1fe-7ad6-4f6f-a8a9-40df080e757c@group-37946EAD6E9C:LeaderElection6] INFO  server.RaftServerConfigKeys (ConfUtils.java:logGet(43)) - raft.server.rpc.sleep.time = 25ms (default)
2019-09-27 10:12:44,043 [05b4a1fe-7ad6-4f6f-a8a9-40df080e757c@group-37946EAD6E9C:LeaderElection6] INFO  server.RaftServerConfigKeys (ConfUtils.java:logGet(43)) - raft.server.write.element-limit = 4096 (default)
2019-09-27 10:12:44,043 [05b4a1fe-7ad6-4f6f-a8a9-40df080e757c@group-37946EAD6E9C:LeaderElection6] INFO  server.RaftServerConfigKeys (ConfUtils.java:logGet(43)) - raft.server.watch.timeout = 10s (default)
2019-09-27 10:12:44,043 [05b4a1fe-7ad6-4f6f-a8a9-40df080e757c@group-37946EAD6E9C:LeaderElection6] INFO  server.RaftServerConfigKeys (ConfUtils.java:logGet(43)) - raft.server.watch.timeout.denomination = 1s (default)
2019-09-27 10:12:44,043 [05b4a1fe-7ad6-4f6f-a8a9-40df080e757c@group-37946EAD6E9C:LeaderElection6] INFO  server.RaftServerConfigKeys (ConfUtils.java:logGet(43)) - raft.server.watch.element-limit = 65536 (default)
2019-09-27 10:12:44,047 [05b4a1fe-7ad6-4f6f-a8a9-40df080e757c@group-37946EAD6E9C:LeaderElection6] INFO  impl.RoleInfo (RoleInfo.java:updateAndGet(143)) - 05b4a1fe-7ad6-4f6f-a8a9-40df080e757c: start LeaderState
2019-09-27 10:12:44,047 [05b4a1fe-7ad6-4f6f-a8a9-40df080e757c@group-37946EAD6E9C:LeaderElection6] INFO  segmented.SegmentedRaftLogWorker (SegmentedRaftLogWorker.java:startLogSegment(380)) - 05b4a1fe-7ad6-4f6f-a8a9-40df080e757c@group-37946EAD6E9C-SegmentedRaftLogWorker: Starting segment from index:0
2019-09-27 10:12:44,047 [05b4a1fe-7ad6-4f6f-a8a9-40df080e757c@group-37946EAD6E9C:LeaderElection6] INFO  impl.RaftServerImpl (ServerState.java:setRaftConf(354)) - 05b4a1fe-7ad6-4f6f-a8a9-40df080e757c@group-37946EAD6E9C: set configuration 0: [05b4a1fe-7ad6-4f6f-a8a9-40df080e757c:192.168.151.103:46115], old=null at 0
2019-09-27 10:12:44,094 [Thread-303] INFO  impl.FollowerState (FollowerState.java:run(106)) - a6c416d4-3244-4e70-92c5-63f7380a9294:group-9AE46909D338 changes to CANDIDATE, lastRpcTime:1041, electionTimeout:1041ms
2019-09-27 10:12:44,094 [Thread-303] INFO  impl.RoleInfo (RoleInfo.java:shutdownFollowerState(121)) - a6c416d4-3244-4e70-92c5-63f7380a9294: shutdown FollowerState
2019-09-27 10:12:44,094 [Thread-303] INFO  impl.RaftServerImpl (RaftServerImpl.java:setRole(174)) - a6c416d4-3244-4e70-92c5-63f7380a9294@group-9AE46909D338: changes role from  FOLLOWER to CANDIDATE at term 0 for changeToCandidate
2019-09-27 10:12:44,095 [Thread-303] INFO  impl.RoleInfo (RoleInfo.java:updateAndGet(143)) - a6c416d4-3244-4e70-92c5-63f7380a9294: start LeaderElection
2019-09-27 10:12:44,100 [05b4a1fe-7ad6-4f6f-a8a9-40df080e757c@group-37946EAD6E9C-SegmentedRaftLogWorker] INFO  segmented.SegmentedRaftLogWorker (SegmentedRaftLogWorker.java:execute(569)) - 05b4a1fe-7ad6-4f6f-a8a9-40df080e757c@group-37946EAD6E9C-SegmentedRaftLogWorker: created new log segment /workdir/hadoop-ozone/integration-test/target/test-dir/MiniOzoneClusterImpl-7309d801-f179-460c-bf8c-3619c569ab1e/datanode-9/data/ratis/20360330-f608-40ca-a9e6-37946ead6e9c/current/log_inprogress_0
2019-09-27 10:12:44,114 [a6c416d4-3244-4e70-92c5-63f7380a9294@group-9AE46909D338:LeaderElection7] INFO  impl.LeaderElection (LeaderElection.java:askForVotes(182)) - a6c416d4-3244-4e70-92c5-63f7380a9294@group-9AE46909D338:LeaderElection7: begin an election at term 1 for -1: [a6c416d4-3244-4e70-92c5-63f7380a9294:192.168.151.103:37775], old=null
2019-09-27 10:12:44,114 [a6c416d4-3244-4e70-92c5-63f7380a9294@group-9AE46909D338:LeaderElection7] INFO  impl.RoleInfo (RoleInfo.java:shutdownLeaderElection(134)) - a6c416d4-3244-4e70-92c5-63f7380a9294: shutdown LeaderElection
2019-09-27 10:12:44,114 [a6c416d4-3244-4e70-92c5-63f7380a9294@group-9AE46909D338:LeaderElection7] INFO  impl.RaftServerImpl (RaftServerImpl.java:setRole(174)) - a6c416d4-3244-4e70-92c5-63f7380a9294@group-9AE46909D338: changes role from CANDIDATE to LEADER at term 1 for changeToLeader
2019-09-27 10:12:44,114 [a6c416d4-3244-4e70-92c5-63f7380a9294@group-9AE46909D338:LeaderElection7] INFO  impl.RaftServerImpl (ServerState.java:setLeader(253)) - a6c416d4-3244-4e70-92c5-63f7380a9294@group-9AE46909D338: change Leader from null to a6c416d4-3244-4e70-92c5-63f7380a9294 at term 1 for becomeLeader, leader elected after 1071ms
2019-09-27 10:12:44,115 [a6c416d4-3244-4e70-92c5-63f7380a9294@group-9AE46909D338:LeaderElection7] INFO  server.RaftServerConfigKeys (ConfUtils.java:logGet(43)) - raft.server.staging.catchup.gap = 1000 (default)
2019-09-27 10:12:44,115 [a6c416d4-3244-4e70-92c5-63f7380a9294@group-9AE46909D338:LeaderElection7] INFO  server.RaftServerConfigKeys (ConfUtils.java:logGet(43)) - raft.server.rpc.sleep.time = 25ms (default)
2019-09-27 10:12:44,115 [a6c416d4-3244-4e70-92c5-63f7380a9294@group-9AE46909D338:LeaderElection7] INFO  server.RaftServerConfigKeys (ConfUtils.java:logGet(43)) - raft.server.write.element-limit = 4096 (default)
2019-09-27 10:12:44,115 [a6c416d4-3244-4e70-92c5-63f7380a9294@group-9AE46909D338:LeaderElection7] INFO  server.RaftServerConfigKeys (ConfUtils.java:logGet(43)) - raft.server.watch.timeout = 10s (default)
2019-09-27 10:12:44,115 [a6c416d4-3244-4e70-92c5-63f7380a9294@group-9AE46909D338:LeaderElection7] INFO  server.RaftServerConfigKeys (ConfUtils.java:logGet(43)) - raft.server.watch.timeout.denomination = 1s (default)
2019-09-27 10:12:44,115 [a6c416d4-3244-4e70-92c5-63f7380a9294@group-9AE46909D338:LeaderElection7] INFO  server.RaftServerConfigKeys (ConfUtils.java:logGet(43)) - raft.server.watch.element-limit = 65536 (default)
2019-09-27 10:12:44,118 [a6c416d4-3244-4e70-92c5-63f7380a9294@group-9AE46909D338:LeaderElection7] INFO  impl.RoleInfo (RoleInfo.java:updateAndGet(143)) - a6c416d4-3244-4e70-92c5-63f7380a9294: start LeaderState
2019-09-27 10:12:44,118 [a6c416d4-3244-4e70-92c5-63f7380a9294@group-9AE46909D338:LeaderElection7] INFO  segmented.SegmentedRaftLogWorker (SegmentedRaftLogWorker.java:startLogSegment(380)) - a6c416d4-3244-4e70-92c5-63f7380a9294@group-9AE46909D338-SegmentedRaftLogWorker: Starting segment from index:0
2019-09-27 10:12:44,119 [a6c416d4-3244-4e70-92c5-63f7380a9294@group-9AE46909D338:LeaderElection7] INFO  impl.RaftServerImpl (ServerState.java:setRaftConf(354)) - a6c416d4-3244-4e70-92c5-63f7380a9294@group-9AE46909D338: set configuration 0: [a6c416d4-3244-4e70-92c5-63f7380a9294:192.168.151.103:37775], old=null at 0
2019-09-27 10:12:44,171 [a6c416d4-3244-4e70-92c5-63f7380a9294@group-9AE46909D338-SegmentedRaftLogWorker] INFO  segmented.SegmentedRaftLogWorker (SegmentedRaftLogWorker.java:execute(569)) - a6c416d4-3244-4e70-92c5-63f7380a9294@group-9AE46909D338-SegmentedRaftLogWorker: created new log segment /workdir/hadoop-ozone/integration-test/target/test-dir/MiniOzoneClusterImpl-7309d801-f179-460c-bf8c-3619c569ab1e/datanode-2/data/ratis/5034bc48-84cc-4c54-928c-9ae46909d338/current/log_inprogress_0
2019-09-27 10:12:44,245 [Thread-309] INFO  impl.FollowerState (FollowerState.java:run(106)) - 4bbf8e1c-0fc8-4b3a-88c0-5b6f150f1aee:group-CD4B7CCC26C2 changes to CANDIDATE, lastRpcTime:1007, electionTimeout:1007ms
2019-09-27 10:12:44,245 [Thread-309] INFO  impl.RoleInfo (RoleInfo.java:shutdownFollowerState(121)) - 4bbf8e1c-0fc8-4b3a-88c0-5b6f150f1aee: shutdown FollowerState
2019-09-27 10:12:44,245 [Thread-309] INFO  impl.RaftServerImpl (RaftServerImpl.java:setRole(174)) - 4bbf8e1c-0fc8-4b3a-88c0-5b6f150f1aee@group-CD4B7CCC26C2: changes role from  FOLLOWER to CANDIDATE at term 0 for changeToCandidate
2019-09-27 10:12:44,246 [Thread-309] INFO  impl.RoleInfo (RoleInfo.java:updateAndGet(143)) - 4bbf8e1c-0fc8-4b3a-88c0-5b6f150f1aee: start LeaderElection
2019-09-27 10:12:44,267 [4bbf8e1c-0fc8-4b3a-88c0-5b6f150f1aee@group-CD4B7CCC26C2:LeaderElection8] INFO  impl.LeaderElection (LeaderElection.java:askForVotes(182)) - 4bbf8e1c-0fc8-4b3a-88c0-5b6f150f1aee@group-CD4B7CCC26C2:LeaderElection8: begin an election at term 1 for -1: [4bbf8e1c-0fc8-4b3a-88c0-5b6f150f1aee:192.168.151.103:33910], old=null
2019-09-27 10:12:44,267 [4bbf8e1c-0fc8-4b3a-88c0-5b6f150f1aee@group-CD4B7CCC26C2:LeaderElection8] INFO  impl.RoleInfo (RoleInfo.java:shutdownLeaderElection(134)) - 4bbf8e1c-0fc8-4b3a-88c0-5b6f150f1aee: shutdown LeaderElection
2019-09-27 10:12:44,268 [4bbf8e1c-0fc8-4b3a-88c0-5b6f150f1aee@group-CD4B7CCC26C2:LeaderElection8] INFO  impl.RaftServerImpl (RaftServerImpl.java:setRole(174)) - 4bbf8e1c-0fc8-4b3a-88c0-5b6f150f1aee@group-CD4B7CCC26C2: changes role from CANDIDATE to LEADER at term 1 for changeToLeader
2019-09-27 10:12:44,268 [4bbf8e1c-0fc8-4b3a-88c0-5b6f150f1aee@group-CD4B7CCC26C2:LeaderElection8] INFO  impl.RaftServerImpl (ServerState.java:setLeader(253)) - 4bbf8e1c-0fc8-4b3a-88c0-5b6f150f1aee@group-CD4B7CCC26C2: change Leader from null to 4bbf8e1c-0fc8-4b3a-88c0-5b6f150f1aee at term 1 for becomeLeader, leader elected after 1043ms
2019-09-27 10:12:44,268 [4bbf8e1c-0fc8-4b3a-88c0-5b6f150f1aee@group-CD4B7CCC26C2:LeaderElection8] INFO  server.RaftServerConfigKeys (ConfUtils.java:logGet(43)) - raft.server.staging.catchup.gap = 1000 (default)
2019-09-27 10:12:44,268 [4bbf8e1c-0fc8-4b3a-88c0-5b6f150f1aee@group-CD4B7CCC26C2:LeaderElection8] INFO  server.RaftServerConfigKeys (ConfUtils.java:logGet(43)) - raft.server.rpc.sleep.time = 25ms (default)
2019-09-27 10:12:44,268 [4bbf8e1c-0fc8-4b3a-88c0-5b6f150f1aee@group-CD4B7CCC26C2:LeaderElection8] INFO  server.RaftServerConfigKeys (ConfUtils.java:logGet(43)) - raft.server.write.element-limit = 4096 (default)
2019-09-27 10:12:44,269 [4bbf8e1c-0fc8-4b3a-88c0-5b6f150f1aee@group-CD4B7CCC26C2:LeaderElection8] INFO  server.RaftServerConfigKeys (ConfUtils.java:logGet(43)) - raft.server.watch.timeout = 10s (default)
2019-09-27 10:12:44,269 [4bbf8e1c-0fc8-4b3a-88c0-5b6f150f1aee@group-CD4B7CCC26C2:LeaderElection8] INFO  server.RaftServerConfigKeys (ConfUtils.java:logGet(43)) - raft.server.watch.timeout.denomination = 1s (default)
2019-09-27 10:12:44,269 [4bbf8e1c-0fc8-4b3a-88c0-5b6f150f1aee@group-CD4B7CCC26C2:LeaderElection8] INFO  server.RaftServerConfigKeys (ConfUtils.java:logGet(43)) - raft.server.watch.element-limit = 65536 (default)
2019-09-27 10:12:44,273 [4bbf8e1c-0fc8-4b3a-88c0-5b6f150f1aee@group-CD4B7CCC26C2:LeaderElection8] INFO  impl.RoleInfo (RoleInfo.java:updateAndGet(143)) - 4bbf8e1c-0fc8-4b3a-88c0-5b6f150f1aee: start LeaderState
2019-09-27 10:12:44,273 [4bbf8e1c-0fc8-4b3a-88c0-5b6f150f1aee@group-CD4B7CCC26C2:LeaderElection8] INFO  segmented.SegmentedRaftLogWorker (SegmentedRaftLogWorker.java:startLogSegment(380)) - 4bbf8e1c-0fc8-4b3a-88c0-5b6f150f1aee@group-CD4B7CCC26C2-SegmentedRaftLogWorker: Starting segment from index:0
2019-09-27 10:12:44,274 [4bbf8e1c-0fc8-4b3a-88c0-5b6f150f1aee@group-CD4B7CCC26C2:LeaderElection8] INFO  impl.RaftServerImpl (ServerState.java:setRaftConf(354)) - 4bbf8e1c-0fc8-4b3a-88c0-5b6f150f1aee@group-CD4B7CCC26C2: set configuration 0: [4bbf8e1c-0fc8-4b3a-88c0-5b6f150f1aee:192.168.151.103:33910], old=null at 0
2019-09-27 10:12:44,314 [Thread-306] INFO  impl.FollowerState (FollowerState.java:run(106)) - 1a0a9427-a12d-4c98-81a1-c39e1be27f6d:group-D3B33CA5825D changes to CANDIDATE, lastRpcTime:1166, electionTimeout:1137ms
2019-09-27 10:12:44,315 [Thread-306] INFO  impl.RoleInfo (RoleInfo.java:shutdownFollowerState(121)) - 1a0a9427-a12d-4c98-81a1-c39e1be27f6d: shutdown FollowerState
2019-09-27 10:12:44,315 [Thread-306] INFO  impl.RaftServerImpl (RaftServerImpl.java:setRole(174)) - 1a0a9427-a12d-4c98-81a1-c39e1be27f6d@group-D3B33CA5825D: changes role from  FOLLOWER to CANDIDATE at term 0 for changeToCandidate
2019-09-27 10:12:44,315 [Thread-306] INFO  impl.RoleInfo (RoleInfo.java:updateAndGet(143)) - 1a0a9427-a12d-4c98-81a1-c39e1be27f6d: start LeaderElection
2019-09-27 10:12:44,324 [Thread-283] INFO  container.ReplicationManager (ReplicationManager.java:start(162)) - Starting Replication Monitor Thread.
2019-09-27 10:12:44,326 [ReplicationMonitor] INFO  container.ReplicationManager (ReplicationManager.java:run(225)) - Replication Monitor Thread took 1 milliseconds for processing 0 containers.
2019-09-27 10:12:44,329 [4bbf8e1c-0fc8-4b3a-88c0-5b6f150f1aee@group-CD4B7CCC26C2-SegmentedRaftLogWorker] INFO  segmented.SegmentedRaftLogWorker (SegmentedRaftLogWorker.java:execute(569)) - 4bbf8e1c-0fc8-4b3a-88c0-5b6f150f1aee@group-CD4B7CCC26C2-SegmentedRaftLogWorker: created new log segment /workdir/hadoop-ozone/integration-test/target/test-dir/MiniOzoneClusterImpl-7309d801-f179-460c-bf8c-3619c569ab1e/datanode-3/data/ratis/de4f74fa-3095-4cfd-ae05-cd4b7ccc26c2/current/log_inprogress_0
2019-09-27 10:12:44,329 [1a0a9427-a12d-4c98-81a1-c39e1be27f6d@group-D3B33CA5825D:LeaderElection9] INFO  impl.LeaderElection (LeaderElection.java:askForVotes(182)) - 1a0a9427-a12d-4c98-81a1-c39e1be27f6d@group-D3B33CA5825D:LeaderElection9: begin an election at term 1 for -1: [1a0a9427-a12d-4c98-81a1-c39e1be27f6d:192.168.151.103:36200], old=null
2019-09-27 10:12:44,330 [1a0a9427-a12d-4c98-81a1-c39e1be27f6d@group-D3B33CA5825D:LeaderElection9] INFO  impl.RoleInfo (RoleInfo.java:shutdownLeaderElection(134)) - 1a0a9427-a12d-4c98-81a1-c39e1be27f6d: shutdown LeaderElection
2019-09-27 10:12:44,330 [1a0a9427-a12d-4c98-81a1-c39e1be27f6d@group-D3B33CA5825D:LeaderElection9] INFO  impl.RaftServerImpl (RaftServerImpl.java:setRole(174)) - 1a0a9427-a12d-4c98-81a1-c39e1be27f6d@group-D3B33CA5825D: changes role from CANDIDATE to LEADER at term 1 for changeToLeader
2019-09-27 10:12:44,330 [1a0a9427-a12d-4c98-81a1-c39e1be27f6d@group-D3B33CA5825D:LeaderElection9] INFO  impl.RaftServerImpl (ServerState.java:setLeader(253)) - 1a0a9427-a12d-4c98-81a1-c39e1be27f6d@group-D3B33CA5825D: change Leader from null to 1a0a9427-a12d-4c98-81a1-c39e1be27f6d at term 1 for becomeLeader, leader elected after 1191ms
2019-09-27 10:12:44,330 [1a0a9427-a12d-4c98-81a1-c39e1be27f6d@group-D3B33CA5825D:LeaderElection9] INFO  server.RaftServerConfigKeys (ConfUtils.java:logGet(43)) - raft.server.staging.catchup.gap = 1000 (default)
2019-09-27 10:12:44,330 [1a0a9427-a12d-4c98-81a1-c39e1be27f6d@group-D3B33CA5825D:LeaderElection9] INFO  server.RaftServerConfigKeys (ConfUtils.java:logGet(43)) - raft.server.rpc.sleep.time = 25ms (default)
2019-09-27 10:12:44,331 [1a0a9427-a12d-4c98-81a1-c39e1be27f6d@group-D3B33CA5825D:LeaderElection9] INFO  server.RaftServerConfigKeys (ConfUtils.java:logGet(43)) - raft.server.write.element-limit = 4096 (default)
2019-09-27 10:12:44,331 [1a0a9427-a12d-4c98-81a1-c39e1be27f6d@group-D3B33CA5825D:LeaderElection9] INFO  server.RaftServerConfigKeys (ConfUtils.java:logGet(43)) - raft.server.watch.timeout = 10s (default)
2019-09-27 10:12:44,331 [1a0a9427-a12d-4c98-81a1-c39e1be27f6d@group-D3B33CA5825D:LeaderElection9] INFO  server.RaftServerConfigKeys (ConfUtils.java:logGet(43)) - raft.server.watch.timeout.denomination = 1s (default)
2019-09-27 10:12:44,331 [1a0a9427-a12d-4c98-81a1-c39e1be27f6d@group-D3B33CA5825D:LeaderElection9] INFO  server.RaftServerConfigKeys (ConfUtils.java:logGet(43)) - raft.server.watch.element-limit = 65536 (default)
2019-09-27 10:12:44,334 [1a0a9427-a12d-4c98-81a1-c39e1be27f6d@group-D3B33CA5825D:LeaderElection9] INFO  impl.RoleInfo (RoleInfo.java:updateAndGet(143)) - 1a0a9427-a12d-4c98-81a1-c39e1be27f6d: start LeaderState
2019-09-27 10:12:44,335 [1a0a9427-a12d-4c98-81a1-c39e1be27f6d@group-D3B33CA5825D:LeaderElection9] INFO  segmented.SegmentedRaftLogWorker (SegmentedRaftLogWorker.java:startLogSegment(380)) - 1a0a9427-a12d-4c98-81a1-c39e1be27f6d@group-D3B33CA5825D-SegmentedRaftLogWorker: Starting segment from index:0
2019-09-27 10:12:44,335 [1a0a9427-a12d-4c98-81a1-c39e1be27f6d@group-D3B33CA5825D:LeaderElection9] INFO  impl.RaftServerImpl (ServerState.java:setRaftConf(354)) - 1a0a9427-a12d-4c98-81a1-c39e1be27f6d@group-D3B33CA5825D: set configuration 0: [1a0a9427-a12d-4c98-81a1-c39e1be27f6d:192.168.151.103:36200], old=null at 0
2019-09-27 10:12:44,393 [1a0a9427-a12d-4c98-81a1-c39e1be27f6d@group-D3B33CA5825D-SegmentedRaftLogWorker] INFO  segmented.SegmentedRaftLogWorker (SegmentedRaftLogWorker.java:execute(569)) - 1a0a9427-a12d-4c98-81a1-c39e1be27f6d@group-D3B33CA5825D-SegmentedRaftLogWorker: created new log segment /workdir/hadoop-ozone/integration-test/target/test-dir/MiniOzoneClusterImpl-7309d801-f179-460c-bf8c-3619c569ab1e/datanode-6/data/ratis/471b20f6-2b8a-4e24-ba73-d3b33ca5825d/current/log_inprogress_0
2019-09-27 10:12:44,410 [main] INFO  ipc.Client (Client.java:handleConnectionFailure(948)) - Retrying connect to server: localhost/127.0.0.1:0. Already tried 0 time(s); retry policy is RetryUpToMaximumCountWithFixedSleep(maxRetries=10, sleepTime=1000 MILLISECONDS)
2019-09-27 10:12:44,501 [Thread-320] INFO  impl.FollowerState (FollowerState.java:run(106)) - 6538e5ea-9fbc-4e7b-b1f8-bd637acac874:group-0E6FB7C5B51C changes to CANDIDATE, lastRpcTime:1026, electionTimeout:1024ms
2019-09-27 10:12:44,502 [Thread-320] INFO  impl.RoleInfo (RoleInfo.java:shutdownFollowerState(121)) - 6538e5ea-9fbc-4e7b-b1f8-bd637acac874: shutdown FollowerState
2019-09-27 10:12:44,502 [Thread-320] INFO  impl.RaftServerImpl (RaftServerImpl.java:setRole(174)) - 6538e5ea-9fbc-4e7b-b1f8-bd637acac874@group-0E6FB7C5B51C: changes role from  FOLLOWER to CANDIDATE at term 0 for changeToCandidate
2019-09-27 10:12:44,502 [Thread-320] INFO  impl.RoleInfo (RoleInfo.java:updateAndGet(143)) - 6538e5ea-9fbc-4e7b-b1f8-bd637acac874: start LeaderElection
2019-09-27 10:12:44,515 [Thread-314] INFO  impl.FollowerState (FollowerState.java:run(106)) - 5e69d8e0-5d3d-441e-a608-814cb15995d8:group-6CA54254AB4D changes to CANDIDATE, lastRpcTime:1168, electionTimeout:1168ms
2019-09-27 10:12:44,515 [Thread-314] INFO  impl.RoleInfo (RoleInfo.java:shutdownFollowerState(121)) - 5e69d8e0-5d3d-441e-a608-814cb15995d8: shutdown FollowerState
2019-09-27 10:12:44,515 [Thread-314] INFO  impl.RaftServerImpl (RaftServerImpl.java:setRole(174)) - 5e69d8e0-5d3d-441e-a608-814cb15995d8@group-6CA54254AB4D: changes role from  FOLLOWER to CANDIDATE at term 0 for changeToCandidate
2019-09-27 10:12:44,515 [Thread-314] INFO  impl.RoleInfo (RoleInfo.java:updateAndGet(143)) - 5e69d8e0-5d3d-441e-a608-814cb15995d8: start LeaderElection
2019-09-27 10:12:44,521 [6538e5ea-9fbc-4e7b-b1f8-bd637acac874@group-0E6FB7C5B51C:LeaderElection10] INFO  impl.LeaderElection (LeaderElection.java:askForVotes(182)) - 6538e5ea-9fbc-4e7b-b1f8-bd637acac874@group-0E6FB7C5B51C:LeaderElection10: begin an election at term 1 for -1: [6538e5ea-9fbc-4e7b-b1f8-bd637acac874:192.168.151.103:35650, ca2cbff0-14e3-4cd0-83a1-6556e5af9ad7:192.168.151.103:39799, c0b96085-d2d8-445e-bc85-808a6dba9cdf:192.168.151.103:35883], old=null
2019-09-27 10:12:44,524 [Thread-324] INFO  impl.FollowerState (FollowerState.java:run(106)) - ca2cbff0-14e3-4cd0-83a1-6556e5af9ad7:group-0E6FB7C5B51C changes to CANDIDATE, lastRpcTime:1038, electionTimeout:1035ms
2019-09-27 10:12:44,524 [Thread-324] INFO  impl.RoleInfo (RoleInfo.java:shutdownFollowerState(121)) - ca2cbff0-14e3-4cd0-83a1-6556e5af9ad7: shutdown FollowerState
2019-09-27 10:12:44,524 [Thread-324] INFO  impl.RaftServerImpl (RaftServerImpl.java:setRole(174)) - ca2cbff0-14e3-4cd0-83a1-6556e5af9ad7@group-0E6FB7C5B51C: changes role from  FOLLOWER to CANDIDATE at term 0 for changeToCandidate
2019-09-27 10:12:44,525 [Thread-324] INFO  impl.RoleInfo (RoleInfo.java:updateAndGet(143)) - ca2cbff0-14e3-4cd0-83a1-6556e5af9ad7: start LeaderElection
2019-09-27 10:12:44,536 [5e69d8e0-5d3d-441e-a608-814cb15995d8@group-6CA54254AB4D:LeaderElection11] INFO  impl.LeaderElection (LeaderElection.java:askForVotes(182)) - 5e69d8e0-5d3d-441e-a608-814cb15995d8@group-6CA54254AB4D:LeaderElection11: begin an election at term 1 for -1: [5e69d8e0-5d3d-441e-a608-814cb15995d8:192.168.151.103:42001], old=null
2019-09-27 10:12:44,536 [5e69d8e0-5d3d-441e-a608-814cb15995d8@group-6CA54254AB4D:LeaderElection11] INFO  impl.RoleInfo (RoleInfo.java:shutdownLeaderElection(134)) - 5e69d8e0-5d3d-441e-a608-814cb15995d8: shutdown LeaderElection
2019-09-27 10:12:44,536 [5e69d8e0-5d3d-441e-a608-814cb15995d8@group-6CA54254AB4D:LeaderElection11] INFO  impl.RaftServerImpl (RaftServerImpl.java:setRole(174)) - 5e69d8e0-5d3d-441e-a608-814cb15995d8@group-6CA54254AB4D: changes role from CANDIDATE to LEADER at term 1 for changeToLeader
2019-09-27 10:12:44,536 [5e69d8e0-5d3d-441e-a608-814cb15995d8@group-6CA54254AB4D:LeaderElection11] INFO  impl.RaftServerImpl (ServerState.java:setLeader(253)) - 5e69d8e0-5d3d-441e-a608-814cb15995d8@group-6CA54254AB4D: change Leader from null to 5e69d8e0-5d3d-441e-a608-814cb15995d8 at term 1 for becomeLeader, leader elected after 1201ms
2019-09-27 10:12:44,536 [5e69d8e0-5d3d-441e-a608-814cb15995d8@group-6CA54254AB4D:LeaderElection11] INFO  server.RaftServerConfigKeys (ConfUtils.java:logGet(43)) - raft.server.staging.catchup.gap = 1000 (default)
2019-09-27 10:12:44,537 [5e69d8e0-5d3d-441e-a608-814cb15995d8@group-6CA54254AB4D:LeaderElection11] INFO  server.RaftServerConfigKeys (ConfUtils.java:logGet(43)) - raft.server.rpc.sleep.time = 25ms (default)
2019-09-27 10:12:44,537 [5e69d8e0-5d3d-441e-a608-814cb15995d8@group-6CA54254AB4D:LeaderElection11] INFO  server.RaftServerConfigKeys (ConfUtils.java:logGet(43)) - raft.server.write.element-limit = 4096 (default)
2019-09-27 10:12:44,537 [5e69d8e0-5d3d-441e-a608-814cb15995d8@group-6CA54254AB4D:LeaderElection11] INFO  server.RaftServerConfigKeys (ConfUtils.java:logGet(43)) - raft.server.watch.timeout = 10s (default)
2019-09-27 10:12:44,537 [5e69d8e0-5d3d-441e-a608-814cb15995d8@group-6CA54254AB4D:LeaderElection11] INFO  server.RaftServerConfigKeys (ConfUtils.java:logGet(43)) - raft.server.watch.timeout.denomination = 1s (default)
2019-09-27 10:12:44,537 [5e69d8e0-5d3d-441e-a608-814cb15995d8@group-6CA54254AB4D:LeaderElection11] INFO  server.RaftServerConfigKeys (ConfUtils.java:logGet(43)) - raft.server.watch.element-limit = 65536 (default)
2019-09-27 10:12:44,554 [ca2cbff0-14e3-4cd0-83a1-6556e5af9ad7@group-0E6FB7C5B51C:LeaderElection12] INFO  impl.LeaderElection (LeaderElection.java:askForVotes(182)) - ca2cbff0-14e3-4cd0-83a1-6556e5af9ad7@group-0E6FB7C5B51C:LeaderElection12: begin an election at term 1 for -1: [6538e5ea-9fbc-4e7b-b1f8-bd637acac874:192.168.151.103:35650, ca2cbff0-14e3-4cd0-83a1-6556e5af9ad7:192.168.151.103:39799, c0b96085-d2d8-445e-bc85-808a6dba9cdf:192.168.151.103:35883], old=null
2019-09-27 10:12:44,555 [5e69d8e0-5d3d-441e-a608-814cb15995d8@group-6CA54254AB4D:LeaderElection11] INFO  impl.RoleInfo (RoleInfo.java:updateAndGet(143)) - 5e69d8e0-5d3d-441e-a608-814cb15995d8: start LeaderState
2019-09-27 10:12:44,555 [5e69d8e0-5d3d-441e-a608-814cb15995d8@group-6CA54254AB4D:LeaderElection11] INFO  segmented.SegmentedRaftLogWorker (SegmentedRaftLogWorker.java:startLogSegment(380)) - 5e69d8e0-5d3d-441e-a608-814cb15995d8@group-6CA54254AB4D-SegmentedRaftLogWorker: Starting segment from index:0
2019-09-27 10:12:44,561 [Thread-321] INFO  impl.FollowerState (FollowerState.java:run(106)) - c0b96085-d2d8-445e-bc85-808a6dba9cdf:group-0E6FB7C5B51C changes to CANDIDATE, lastRpcTime:1084, electionTimeout:1082ms
2019-09-27 10:12:44,561 [Thread-321] INFO  impl.RoleInfo (RoleInfo.java:shutdownFollowerState(121)) - c0b96085-d2d8-445e-bc85-808a6dba9cdf: shutdown FollowerState
2019-09-27 10:12:44,561 [5e69d8e0-5d3d-441e-a608-814cb15995d8@group-6CA54254AB4D:LeaderElection11] INFO  impl.RaftServerImpl (ServerState.java:setRaftConf(354)) - 5e69d8e0-5d3d-441e-a608-814cb15995d8@group-6CA54254AB4D: set configuration 0: [5e69d8e0-5d3d-441e-a608-814cb15995d8:192.168.151.103:42001], old=null at 0
2019-09-27 10:12:44,561 [Thread-321] INFO  impl.RaftServerImpl (RaftServerImpl.java:setRole(174)) - c0b96085-d2d8-445e-bc85-808a6dba9cdf@group-0E6FB7C5B51C: changes role from  FOLLOWER to CANDIDATE at term 0 for changeToCandidate
2019-09-27 10:12:44,603 [Thread-321] INFO  impl.RoleInfo (RoleInfo.java:updateAndGet(143)) - c0b96085-d2d8-445e-bc85-808a6dba9cdf: start LeaderElection
2019-09-27 10:12:44,627 [5e69d8e0-5d3d-441e-a608-814cb15995d8@group-6CA54254AB4D-SegmentedRaftLogWorker] INFO  segmented.SegmentedRaftLogWorker (SegmentedRaftLogWorker.java:execute(569)) - 5e69d8e0-5d3d-441e-a608-814cb15995d8@group-6CA54254AB4D-SegmentedRaftLogWorker: created new log segment /workdir/hadoop-ozone/integration-test/target/test-dir/MiniOzoneClusterImpl-7309d801-f179-460c-bf8c-3619c569ab1e/datanode-4/data/ratis/8bd9c4bd-c5d2-47a1-bb7f-6ca54254ab4d/current/log_inprogress_0
2019-09-27 10:12:44,630 [c0b96085-d2d8-445e-bc85-808a6dba9cdf@group-0E6FB7C5B51C:LeaderElection13] INFO  impl.LeaderElection (LeaderElection.java:askForVotes(182)) - c0b96085-d2d8-445e-bc85-808a6dba9cdf@group-0E6FB7C5B51C:LeaderElection13: begin an election at term 1 for -1: [6538e5ea-9fbc-4e7b-b1f8-bd637acac874:192.168.151.103:35650, ca2cbff0-14e3-4cd0-83a1-6556e5af9ad7:192.168.151.103:39799, c0b96085-d2d8-445e-bc85-808a6dba9cdf:192.168.151.103:35883], old=null
2019-09-27 10:12:44,675 [ca2cbff0-14e3-4cd0-83a1-6556e5af9ad7@group-0E6FB7C5B51C:LeaderElection12] INFO  impl.LeaderElection (LeaderElection.java:logAndReturn(56)) - ca2cbff0-14e3-4cd0-83a1-6556e5af9ad7@group-0E6FB7C5B51C:LeaderElection12: Election REJECTED; received 2 response(s) [ca2cbff0-14e3-4cd0-83a1-6556e5af9ad7<-6538e5ea-9fbc-4e7b-b1f8-bd637acac874#0:FAIL-t1, ca2cbff0-14e3-4cd0-83a1-6556e5af9ad7<-c0b96085-d2d8-445e-bc85-808a6dba9cdf#0:FAIL-t1] and 0 exception(s); ca2cbff0-14e3-4cd0-83a1-6556e5af9ad7@group-0E6FB7C5B51C:t1, leader=null, voted=ca2cbff0-14e3-4cd0-83a1-6556e5af9ad7, raftlog=ca2cbff0-14e3-4cd0-83a1-6556e5af9ad7@group-0E6FB7C5B51C-SegmentedRaftLog:OPENED:c-1,f-1,i0, conf=-1: [6538e5ea-9fbc-4e7b-b1f8-bd637acac874:192.168.151.103:35650, ca2cbff0-14e3-4cd0-83a1-6556e5af9ad7:192.168.151.103:39799, c0b96085-d2d8-445e-bc85-808a6dba9cdf:192.168.151.103:35883], old=null
2019-09-27 10:12:44,675 [c0b96085-d2d8-445e-bc85-808a6dba9cdf@group-0E6FB7C5B51C:LeaderElection13] INFO  impl.LeaderElection (LeaderElection.java:logAndReturn(56)) - c0b96085-d2d8-445e-bc85-808a6dba9cdf@group-0E6FB7C5B51C:LeaderElection13: Election REJECTED; received 2 response(s) [c0b96085-d2d8-445e-bc85-808a6dba9cdf<-6538e5ea-9fbc-4e7b-b1f8-bd637acac874#0:FAIL-t1, c0b96085-d2d8-445e-bc85-808a6dba9cdf<-ca2cbff0-14e3-4cd0-83a1-6556e5af9ad7#0:FAIL-t1] and 0 exception(s); c0b96085-d2d8-445e-bc85-808a6dba9cdf@group-0E6FB7C5B51C:t1, leader=null, voted=c0b96085-d2d8-445e-bc85-808a6dba9cdf, raftlog=c0b96085-d2d8-445e-bc85-808a6dba9cdf@group-0E6FB7C5B51C-SegmentedRaftLog:OPENED:c-1,f-1,i0, conf=-1: [6538e5ea-9fbc-4e7b-b1f8-bd637acac874:192.168.151.103:35650, ca2cbff0-14e3-4cd0-83a1-6556e5af9ad7:192.168.151.103:39799, c0b96085-d2d8-445e-bc85-808a6dba9cdf:192.168.151.103:35883], old=null
2019-09-27 10:12:44,675 [6538e5ea-9fbc-4e7b-b1f8-bd637acac874@group-0E6FB7C5B51C:LeaderElection10] INFO  impl.LeaderElection (LeaderElection.java:logAndReturn(56)) - 6538e5ea-9fbc-4e7b-b1f8-bd637acac874@group-0E6FB7C5B51C:LeaderElection10: Election REJECTED; received 2 response(s) [6538e5ea-9fbc-4e7b-b1f8-bd637acac874<-ca2cbff0-14e3-4cd0-83a1-6556e5af9ad7#0:FAIL-t1, 6538e5ea-9fbc-4e7b-b1f8-bd637acac874<-c0b96085-d2d8-445e-bc85-808a6dba9cdf#0:FAIL-t1] and 0 exception(s); 6538e5ea-9fbc-4e7b-b1f8-bd637acac874@group-0E6FB7C5B51C:t1, leader=null, voted=6538e5ea-9fbc-4e7b-b1f8-bd637acac874, raftlog=6538e5ea-9fbc-4e7b-b1f8-bd637acac874@group-0E6FB7C5B51C-SegmentedRaftLog:OPENED:c-1,f-1,i0, conf=-1: [6538e5ea-9fbc-4e7b-b1f8-bd637acac874:192.168.151.103:35650, ca2cbff0-14e3-4cd0-83a1-6556e5af9ad7:192.168.151.103:39799, c0b96085-d2d8-445e-bc85-808a6dba9cdf:192.168.151.103:35883], old=null
2019-09-27 10:12:44,687 [6538e5ea-9fbc-4e7b-b1f8-bd637acac874@group-0E6FB7C5B51C:LeaderElection10] INFO  impl.RaftServerImpl (RaftServerImpl.java:setRole(174)) - 6538e5ea-9fbc-4e7b-b1f8-bd637acac874@group-0E6FB7C5B51C: changes role from CANDIDATE to FOLLOWER at term 1 for DISCOVERED_A_NEW_TERM
2019-09-27 10:12:44,687 [ca2cbff0-14e3-4cd0-83a1-6556e5af9ad7@group-0E6FB7C5B51C:LeaderElection12] INFO  impl.RaftServerImpl (RaftServerImpl.java:setRole(174)) - ca2cbff0-14e3-4cd0-83a1-6556e5af9ad7@group-0E6FB7C5B51C: changes role from CANDIDATE to FOLLOWER at term 1 for DISCOVERED_A_NEW_TERM
2019-09-27 10:12:44,687 [6538e5ea-9fbc-4e7b-b1f8-bd637acac874@group-0E6FB7C5B51C:LeaderElection10] INFO  impl.RoleInfo (RoleInfo.java:shutdownLeaderElection(134)) - 6538e5ea-9fbc-4e7b-b1f8-bd637acac874: shutdown LeaderElection
2019-09-27 10:12:44,687 [c0b96085-d2d8-445e-bc85-808a6dba9cdf@group-0E6FB7C5B51C:LeaderElection13] INFO  impl.RaftServerImpl (RaftServerImpl.java:setRole(174)) - c0b96085-d2d8-445e-bc85-808a6dba9cdf@group-0E6FB7C5B51C: changes role from CANDIDATE to FOLLOWER at term 1 for DISCOVERED_A_NEW_TERM
2019-09-27 10:12:44,690 [6538e5ea-9fbc-4e7b-b1f8-bd637acac874@group-0E6FB7C5B51C:LeaderElection10] INFO  impl.RoleInfo (RoleInfo.java:updateAndGet(143)) - 6538e5ea-9fbc-4e7b-b1f8-bd637acac874: start FollowerState
2019-09-27 10:12:44,690 [ca2cbff0-14e3-4cd0-83a1-6556e5af9ad7@group-0E6FB7C5B51C:LeaderElection12] INFO  impl.RoleInfo (RoleInfo.java:shutdownLeaderElection(134)) - ca2cbff0-14e3-4cd0-83a1-6556e5af9ad7: shutdown LeaderElection
2019-09-27 10:12:44,690 [c0b96085-d2d8-445e-bc85-808a6dba9cdf@group-0E6FB7C5B51C:LeaderElection13] INFO  impl.RoleInfo (RoleInfo.java:shutdownLeaderElection(134)) - c0b96085-d2d8-445e-bc85-808a6dba9cdf: shutdown LeaderElection
2019-09-27 10:12:44,693 [ca2cbff0-14e3-4cd0-83a1-6556e5af9ad7@group-0E6FB7C5B51C:LeaderElection12] INFO  impl.RoleInfo (RoleInfo.java:updateAndGet(143)) - ca2cbff0-14e3-4cd0-83a1-6556e5af9ad7: start FollowerState
2019-09-27 10:12:44,694 [c0b96085-d2d8-445e-bc85-808a6dba9cdf@group-0E6FB7C5B51C:LeaderElection13] INFO  impl.RoleInfo (RoleInfo.java:updateAndGet(143)) - c0b96085-d2d8-445e-bc85-808a6dba9cdf: start FollowerState
2019-09-27 10:12:44,753 [Thread-327] INFO  impl.FollowerState (FollowerState.java:run(106)) - 05b4a1fe-7ad6-4f6f-a8a9-40df080e757c:group-2E5E496E2596 changes to CANDIDATE, lastRpcTime:1158, electionTimeout:1158ms
2019-09-27 10:12:44,753 [Thread-327] INFO  impl.RoleInfo (RoleInfo.java:shutdownFollowerState(121)) - 05b4a1fe-7ad6-4f6f-a8a9-40df080e757c: shutdown FollowerState
2019-09-27 10:12:44,753 [Thread-327] INFO  impl.RaftServerImpl (RaftServerImpl.java:setRole(174)) - 05b4a1fe-7ad6-4f6f-a8a9-40df080e757c@group-2E5E496E2596: changes role from  FOLLOWER to CANDIDATE at term 0 for changeToCandidate
2019-09-27 10:12:44,753 [Thread-327] INFO  impl.RoleInfo (RoleInfo.java:updateAndGet(143)) - 05b4a1fe-7ad6-4f6f-a8a9-40df080e757c: start LeaderElection
2019-09-27 10:12:44,773 [Thread-332] INFO  impl.FollowerState (FollowerState.java:run(106)) - d451055a-1dc8-4774-ac5e-be8b7982a836:group-2E5E496E2596 changes to CANDIDATE, lastRpcTime:1161, electionTimeout:1155ms
2019-09-27 10:12:44,773 [Thread-332] INFO  impl.RoleInfo (RoleInfo.java:shutdownFollowerState(121)) - d451055a-1dc8-4774-ac5e-be8b7982a836: shutdown FollowerState
2019-09-27 10:12:44,773 [Thread-332] INFO  impl.RaftServerImpl (RaftServerImpl.java:setRole(174)) - d451055a-1dc8-4774-ac5e-be8b7982a836@group-2E5E496E2596: changes role from  FOLLOWER to CANDIDATE at term 0 for changeToCandidate
2019-09-27 10:12:44,774 [Thread-332] INFO  impl.RoleInfo (RoleInfo.java:updateAndGet(143)) - d451055a-1dc8-4774-ac5e-be8b7982a836: start LeaderElection
2019-09-27 10:12:44,792 [05b4a1fe-7ad6-4f6f-a8a9-40df080e757c@group-2E5E496E2596:LeaderElection14] INFO  impl.LeaderElection (LeaderElection.java:askForVotes(182)) - 05b4a1fe-7ad6-4f6f-a8a9-40df080e757c@group-2E5E496E2596:LeaderElection14: begin an election at term 1 for -1: [d451055a-1dc8-4774-ac5e-be8b7982a836:192.168.151.103:42161, 05b4a1fe-7ad6-4f6f-a8a9-40df080e757c:192.168.151.103:46115, a6c416d4-3244-4e70-92c5-63f7380a9294:192.168.151.103:37775], old=null
2019-09-27 10:12:44,797 [d451055a-1dc8-4774-ac5e-be8b7982a836@group-2E5E496E2596:LeaderElection15] INFO  impl.LeaderElection (LeaderElection.java:askForVotes(182)) - d451055a-1dc8-4774-ac5e-be8b7982a836@group-2E5E496E2596:LeaderElection15: begin an election at term 1 for -1: [d451055a-1dc8-4774-ac5e-be8b7982a836:192.168.151.103:42161, 05b4a1fe-7ad6-4f6f-a8a9-40df080e757c:192.168.151.103:46115, a6c416d4-3244-4e70-92c5-63f7380a9294:192.168.151.103:37775], old=null
2019-09-27 10:12:44,804 [Thread-333] INFO  impl.FollowerState (FollowerState.java:run(106)) - a6c416d4-3244-4e70-92c5-63f7380a9294:group-2E5E496E2596 changes to CANDIDATE, lastRpcTime:1186, electionTimeout:1184ms
2019-09-27 10:12:44,804 [Thread-333] INFO  impl.RoleInfo (RoleInfo.java:shutdownFollowerState(121)) - a6c416d4-3244-4e70-92c5-63f7380a9294: shutdown FollowerState
2019-09-27 10:12:44,808 [Thread-333] INFO  impl.RaftServerImpl (RaftServerImpl.java:setRole(174)) - a6c416d4-3244-4e70-92c5-63f7380a9294@group-2E5E496E2596: changes role from  FOLLOWER to CANDIDATE at term 0 for changeToCandidate
2019-09-27 10:12:44,808 [Thread-333] INFO  impl.RoleInfo (RoleInfo.java:updateAndGet(143)) - a6c416d4-3244-4e70-92c5-63f7380a9294: start LeaderElection
2019-09-27 10:12:44,830 [a6c416d4-3244-4e70-92c5-63f7380a9294@group-2E5E496E2596:LeaderElection16] INFO  impl.LeaderElection (LeaderElection.java:askForVotes(182)) - a6c416d4-3244-4e70-92c5-63f7380a9294@group-2E5E496E2596:LeaderElection16: begin an election at term 1 for -1: [d451055a-1dc8-4774-ac5e-be8b7982a836:192.168.151.103:42161, 05b4a1fe-7ad6-4f6f-a8a9-40df080e757c:192.168.151.103:46115, a6c416d4-3244-4e70-92c5-63f7380a9294:192.168.151.103:37775], old=null
2019-09-27 10:12:44,862 [05b4a1fe-7ad6-4f6f-a8a9-40df080e757c@group-2E5E496E2596:LeaderElection14] INFO  impl.LeaderElection (LeaderElection.java:logAndReturn(56)) - 05b4a1fe-7ad6-4f6f-a8a9-40df080e757c@group-2E5E496E2596:LeaderElection14: Election REJECTED; received 2 response(s) [05b4a1fe-7ad6-4f6f-a8a9-40df080e757c<-d451055a-1dc8-4774-ac5e-be8b7982a836#0:FAIL-t1, 05b4a1fe-7ad6-4f6f-a8a9-40df080e757c<-a6c416d4-3244-4e70-92c5-63f7380a9294#0:FAIL-t1] and 0 exception(s); 05b4a1fe-7ad6-4f6f-a8a9-40df080e757c@group-2E5E496E2596:t1, leader=null, voted=05b4a1fe-7ad6-4f6f-a8a9-40df080e757c, raftlog=05b4a1fe-7ad6-4f6f-a8a9-40df080e757c@group-2E5E496E2596-SegmentedRaftLog:OPENED:c-1,f-1,i0, conf=-1: [d451055a-1dc8-4774-ac5e-be8b7982a836:192.168.151.103:42161, 05b4a1fe-7ad6-4f6f-a8a9-40df080e757c:192.168.151.103:46115, a6c416d4-3244-4e70-92c5-63f7380a9294:192.168.151.103:37775], old=null
2019-09-27 10:12:44,862 [05b4a1fe-7ad6-4f6f-a8a9-40df080e757c@group-2E5E496E2596:LeaderElection14] INFO  impl.RaftServerImpl (RaftServerImpl.java:setRole(174)) - 05b4a1fe-7ad6-4f6f-a8a9-40df080e757c@group-2E5E496E2596: changes role from CANDIDATE to FOLLOWER at term 1 for DISCOVERED_A_NEW_TERM
2019-09-27 10:12:44,876 [05b4a1fe-7ad6-4f6f-a8a9-40df080e757c@group-2E5E496E2596:LeaderElection14] INFO  impl.RoleInfo (RoleInfo.java:shutdownLeaderElection(134)) - 05b4a1fe-7ad6-4f6f-a8a9-40df080e757c: shutdown LeaderElection
2019-09-27 10:12:44,875 [Thread-342] INFO  impl.FollowerState (FollowerState.java:run(106)) - 4bbf8e1c-0fc8-4b3a-88c0-5b6f150f1aee:group-D7C7F7FA402A changes to CANDIDATE, lastRpcTime:1161, electionTimeout:1159ms
2019-09-27 10:12:44,879 [Thread-339] INFO  impl.FollowerState (FollowerState.java:run(106)) - 1a0a9427-a12d-4c98-81a1-c39e1be27f6d:group-D7C7F7FA402A changes to CANDIDATE, lastRpcTime:1168, electionTimeout:1166ms
2019-09-27 10:12:44,879 [Thread-342] INFO  impl.RoleInfo (RoleInfo.java:shutdownFollowerState(121)) - 4bbf8e1c-0fc8-4b3a-88c0-5b6f150f1aee: shutdown FollowerState
2019-09-27 10:12:44,879 [Thread-339] INFO  impl.RoleInfo (RoleInfo.java:shutdownFollowerState(121)) - 1a0a9427-a12d-4c98-81a1-c39e1be27f6d: shutdown FollowerState
2019-09-27 10:12:44,879 [05b4a1fe-7ad6-4f6f-a8a9-40df080e757c@group-2E5E496E2596:LeaderElection14] INFO  impl.RoleInfo (RoleInfo.java:updateAndGet(143)) - 05b4a1fe-7ad6-4f6f-a8a9-40df080e757c: start FollowerState
2019-09-27 10:12:44,879 [Thread-339] INFO  impl.RaftServerImpl (RaftServerImpl.java:setRole(174)) - 1a0a9427-a12d-4c98-81a1-c39e1be27f6d@group-D7C7F7FA402A: changes role from  FOLLOWER to CANDIDATE at term 0 for changeToCandidate
2019-09-27 10:12:44,879 [Thread-342] INFO  impl.RaftServerImpl (RaftServerImpl.java:setRole(174)) - 4bbf8e1c-0fc8-4b3a-88c0-5b6f150f1aee@group-D7C7F7FA402A: changes role from  FOLLOWER to CANDIDATE at term 0 for changeToCandidate
2019-09-27 10:12:44,884 [d451055a-1dc8-4774-ac5e-be8b7982a836@group-2E5E496E2596:LeaderElection15] INFO  impl.LeaderElection (LeaderElection.java:logAndReturn(56)) - d451055a-1dc8-4774-ac5e-be8b7982a836@group-2E5E496E2596:LeaderElection15: Election REJECTED; received 2 response(s) [d451055a-1dc8-4774-ac5e-be8b7982a836<-05b4a1fe-7ad6-4f6f-a8a9-40df080e757c#0:FAIL-t1, d451055a-1dc8-4774-ac5e-be8b7982a836<-a6c416d4-3244-4e70-92c5-63f7380a9294#0:FAIL-t1] and 0 exception(s); d451055a-1dc8-4774-ac5e-be8b7982a836@group-2E5E496E2596:t1, leader=null, voted=d451055a-1dc8-4774-ac5e-be8b7982a836, raftlog=d451055a-1dc8-4774-ac5e-be8b7982a836@group-2E5E496E2596-SegmentedRaftLog:OPENED:c-1,f-1,i0, conf=-1: [d451055a-1dc8-4774-ac5e-be8b7982a836:192.168.151.103:42161, 05b4a1fe-7ad6-4f6f-a8a9-40df080e757c:192.168.151.103:46115, a6c416d4-3244-4e70-92c5-63f7380a9294:192.168.151.103:37775], old=null
2019-09-27 10:12:44,901 [Thread-342] INFO  impl.RoleInfo (RoleInfo.java:updateAndGet(143)) - 4bbf8e1c-0fc8-4b3a-88c0-5b6f150f1aee: start LeaderElection
2019-09-27 10:12:44,883 [Thread-339] INFO  impl.RoleInfo (RoleInfo.java:updateAndGet(143)) - 1a0a9427-a12d-4c98-81a1-c39e1be27f6d: start LeaderElection
2019-09-27 10:12:44,927 [Thread-344] INFO  impl.FollowerState (FollowerState.java:run(106)) - 363f45e3-c2ed-48f5-ae19-ed94c8ce4f3d:group-D7C7F7FA402A changes to CANDIDATE, lastRpcTime:1207, electionTimeout:1196ms
2019-09-27 10:12:44,927 [d451055a-1dc8-4774-ac5e-be8b7982a836@group-2E5E496E2596:LeaderElection15] INFO  impl.RaftServerImpl (RaftServerImpl.java:setRole(174)) - d451055a-1dc8-4774-ac5e-be8b7982a836@group-2E5E496E2596: changes role from CANDIDATE to FOLLOWER at term 1 for DISCOVERED_A_NEW_TERM
2019-09-27 10:12:44,958 [d451055a-1dc8-4774-ac5e-be8b7982a836@group-2E5E496E2596:LeaderElection15] INFO  impl.RoleInfo (RoleInfo.java:shutdownLeaderElection(134)) - d451055a-1dc8-4774-ac5e-be8b7982a836: shutdown LeaderElection
2019-09-27 10:12:44,958 [Thread-344] INFO  impl.RoleInfo (RoleInfo.java:shutdownFollowerState(121)) - 363f45e3-c2ed-48f5-ae19-ed94c8ce4f3d: shutdown FollowerState
2019-09-27 10:12:44,959 [d451055a-1dc8-4774-ac5e-be8b7982a836@group-2E5E496E2596:LeaderElection15] INFO  impl.RoleInfo (RoleInfo.java:updateAndGet(143)) - d451055a-1dc8-4774-ac5e-be8b7982a836: start FollowerState
2019-09-27 10:12:44,959 [Thread-344] INFO  impl.RaftServerImpl (RaftServerImpl.java:setRole(174)) - 363f45e3-c2ed-48f5-ae19-ed94c8ce4f3d@group-D7C7F7FA402A: changes role from  FOLLOWER to CANDIDATE at term 0 for changeToCandidate
2019-09-27 10:12:44,964 [Thread-344] INFO  impl.RoleInfo (RoleInfo.java:updateAndGet(143)) - 363f45e3-c2ed-48f5-ae19-ed94c8ce4f3d: start LeaderElection
2019-09-27 10:12:44,989 [1a0a9427-a12d-4c98-81a1-c39e1be27f6d@group-D7C7F7FA402A:LeaderElection17] INFO  impl.LeaderElection (LeaderElection.java:askForVotes(182)) - 1a0a9427-a12d-4c98-81a1-c39e1be27f6d@group-D7C7F7FA402A:LeaderElection17: begin an election at term 1 for -1: [1a0a9427-a12d-4c98-81a1-c39e1be27f6d:192.168.151.103:36200, 4bbf8e1c-0fc8-4b3a-88c0-5b6f150f1aee:192.168.151.103:33910, 363f45e3-c2ed-48f5-ae19-ed94c8ce4f3d:192.168.151.103:41409], old=null
2019-09-27 10:12:44,989 [4bbf8e1c-0fc8-4b3a-88c0-5b6f150f1aee@group-D7C7F7FA402A:LeaderElection18] INFO  impl.LeaderElection (LeaderElection.java:askForVotes(182)) - 4bbf8e1c-0fc8-4b3a-88c0-5b6f150f1aee@group-D7C7F7FA402A:LeaderElection18: begin an election at term 1 for -1: [1a0a9427-a12d-4c98-81a1-c39e1be27f6d:192.168.151.103:36200, 4bbf8e1c-0fc8-4b3a-88c0-5b6f150f1aee:192.168.151.103:33910, 363f45e3-c2ed-48f5-ae19-ed94c8ce4f3d:192.168.151.103:41409], old=null
2019-09-27 10:12:45,013 [a6c416d4-3244-4e70-92c5-63f7380a9294@group-2E5E496E2596:LeaderElection16] INFO  impl.LeaderElection (LeaderElection.java:logAndReturn(56)) - a6c416d4-3244-4e70-92c5-63f7380a9294@group-2E5E496E2596:LeaderElection16: Election REJECTED; received 2 response(s) [a6c416d4-3244-4e70-92c5-63f7380a9294<-d451055a-1dc8-4774-ac5e-be8b7982a836#0:FAIL-t1, a6c416d4-3244-4e70-92c5-63f7380a9294<-05b4a1fe-7ad6-4f6f-a8a9-40df080e757c#0:FAIL-t1] and 0 exception(s); a6c416d4-3244-4e70-92c5-63f7380a9294@group-2E5E496E2596:t1, leader=null, voted=a6c416d4-3244-4e70-92c5-63f7380a9294, raftlog=a6c416d4-3244-4e70-92c5-63f7380a9294@group-2E5E496E2596-SegmentedRaftLog:OPENED:c-1,f-1,i0, conf=-1: [d451055a-1dc8-4774-ac5e-be8b7982a836:192.168.151.103:42161, 05b4a1fe-7ad6-4f6f-a8a9-40df080e757c:192.168.151.103:46115, a6c416d4-3244-4e70-92c5-63f7380a9294:192.168.151.103:37775], old=null
2019-09-27 10:12:45,019 [a6c416d4-3244-4e70-92c5-63f7380a9294@group-2E5E496E2596:LeaderElection16] INFO  impl.RaftServerImpl (RaftServerImpl.java:setRole(174)) - a6c416d4-3244-4e70-92c5-63f7380a9294@group-2E5E496E2596: changes role from CANDIDATE to FOLLOWER at term 1 for DISCOVERED_A_NEW_TERM
2019-09-27 10:12:45,020 [a6c416d4-3244-4e70-92c5-63f7380a9294@group-2E5E496E2596:LeaderElection16] INFO  impl.RoleInfo (RoleInfo.java:shutdownLeaderElection(134)) - a6c416d4-3244-4e70-92c5-63f7380a9294: shutdown LeaderElection
2019-09-27 10:12:45,020 [a6c416d4-3244-4e70-92c5-63f7380a9294@group-2E5E496E2596:LeaderElection16] INFO  impl.RoleInfo (RoleInfo.java:updateAndGet(143)) - a6c416d4-3244-4e70-92c5-63f7380a9294: start FollowerState
2019-09-27 10:12:45,026 [363f45e3-c2ed-48f5-ae19-ed94c8ce4f3d@group-D7C7F7FA402A:LeaderElection19] INFO  impl.LeaderElection (LeaderElection.java:askForVotes(182)) - 363f45e3-c2ed-48f5-ae19-ed94c8ce4f3d@group-D7C7F7FA402A:LeaderElection19: begin an election at term 1 for -1: [1a0a9427-a12d-4c98-81a1-c39e1be27f6d:192.168.151.103:36200, 4bbf8e1c-0fc8-4b3a-88c0-5b6f150f1aee:192.168.151.103:33910, 363f45e3-c2ed-48f5-ae19-ed94c8ce4f3d:192.168.151.103:41409], old=null
2019-09-27 10:12:45,194 [1a0a9427-a12d-4c98-81a1-c39e1be27f6d@group-D7C7F7FA402A:LeaderElection17] INFO  impl.LeaderElection (LeaderElection.java:logAndReturn(56)) - 1a0a9427-a12d-4c98-81a1-c39e1be27f6d@group-D7C7F7FA402A:LeaderElection17: Election REJECTED; received 2 response(s) [1a0a9427-a12d-4c98-81a1-c39e1be27f6d<-4bbf8e1c-0fc8-4b3a-88c0-5b6f150f1aee#0:FAIL-t1, 1a0a9427-a12d-4c98-81a1-c39e1be27f6d<-363f45e3-c2ed-48f5-ae19-ed94c8ce4f3d#0:FAIL-t1] and 0 exception(s); 1a0a9427-a12d-4c98-81a1-c39e1be27f6d@group-D7C7F7FA402A:t1, leader=null, voted=1a0a9427-a12d-4c98-81a1-c39e1be27f6d, raftlog=1a0a9427-a12d-4c98-81a1-c39e1be27f6d@group-D7C7F7FA402A-SegmentedRaftLog:OPENED:c-1,f-1,i0, conf=-1: [1a0a9427-a12d-4c98-81a1-c39e1be27f6d:192.168.151.103:36200, 4bbf8e1c-0fc8-4b3a-88c0-5b6f150f1aee:192.168.151.103:33910, 363f45e3-c2ed-48f5-ae19-ed94c8ce4f3d:192.168.151.103:41409], old=null
2019-09-27 10:12:45,200 [1a0a9427-a12d-4c98-81a1-c39e1be27f6d@group-D7C7F7FA402A:LeaderElection17] INFO  impl.RaftServerImpl (RaftServerImpl.java:setRole(174)) - 1a0a9427-a12d-4c98-81a1-c39e1be27f6d@group-D7C7F7FA402A: changes role from CANDIDATE to FOLLOWER at term 1 for DISCOVERED_A_NEW_TERM
2019-09-27 10:12:45,200 [1a0a9427-a12d-4c98-81a1-c39e1be27f6d@group-D7C7F7FA402A:LeaderElection17] INFO  impl.RoleInfo (RoleInfo.java:shutdownLeaderElection(134)) - 1a0a9427-a12d-4c98-81a1-c39e1be27f6d: shutdown LeaderElection
2019-09-27 10:12:45,200 [1a0a9427-a12d-4c98-81a1-c39e1be27f6d@group-D7C7F7FA402A:LeaderElection17] INFO  impl.RoleInfo (RoleInfo.java:updateAndGet(143)) - 1a0a9427-a12d-4c98-81a1-c39e1be27f6d: start FollowerState
2019-09-27 10:12:45,225 [4bbf8e1c-0fc8-4b3a-88c0-5b6f150f1aee@group-D7C7F7FA402A:LeaderElection18] INFO  impl.LeaderElection (LeaderElection.java:logAndReturn(56)) - 4bbf8e1c-0fc8-4b3a-88c0-5b6f150f1aee@group-D7C7F7FA402A:LeaderElection18: Election REJECTED; received 2 response(s) [4bbf8e1c-0fc8-4b3a-88c0-5b6f150f1aee<-1a0a9427-a12d-4c98-81a1-c39e1be27f6d#0:FAIL-t1, 4bbf8e1c-0fc8-4b3a-88c0-5b6f150f1aee<-363f45e3-c2ed-48f5-ae19-ed94c8ce4f3d#0:FAIL-t1] and 0 exception(s); 4bbf8e1c-0fc8-4b3a-88c0-5b6f150f1aee@group-D7C7F7FA402A:t1, leader=null, voted=4bbf8e1c-0fc8-4b3a-88c0-5b6f150f1aee, raftlog=4bbf8e1c-0fc8-4b3a-88c0-5b6f150f1aee@group-D7C7F7FA402A-SegmentedRaftLog:OPENED:c-1,f-1,i0, conf=-1: [1a0a9427-a12d-4c98-81a1-c39e1be27f6d:192.168.151.103:36200, 4bbf8e1c-0fc8-4b3a-88c0-5b6f150f1aee:192.168.151.103:33910, 363f45e3-c2ed-48f5-ae19-ed94c8ce4f3d:192.168.151.103:41409], old=null
2019-09-27 10:12:45,228 [4bbf8e1c-0fc8-4b3a-88c0-5b6f150f1aee@group-D7C7F7FA402A:LeaderElection18] INFO  impl.RaftServerImpl (RaftServerImpl.java:setRole(174)) - 4bbf8e1c-0fc8-4b3a-88c0-5b6f150f1aee@group-D7C7F7FA402A: changes role from CANDIDATE to FOLLOWER at term 1 for DISCOVERED_A_NEW_TERM
2019-09-27 10:12:45,228 [4bbf8e1c-0fc8-4b3a-88c0-5b6f150f1aee@group-D7C7F7FA402A:LeaderElection18] INFO  impl.RoleInfo (RoleInfo.java:shutdownLeaderElection(134)) - 4bbf8e1c-0fc8-4b3a-88c0-5b6f150f1aee: shutdown LeaderElection
2019-09-27 10:12:45,231 [4bbf8e1c-0fc8-4b3a-88c0-5b6f150f1aee@group-D7C7F7FA402A:LeaderElection18] INFO  impl.RoleInfo (RoleInfo.java:updateAndGet(143)) - 4bbf8e1c-0fc8-4b3a-88c0-5b6f150f1aee: start FollowerState
2019-09-27 10:12:45,256 [363f45e3-c2ed-48f5-ae19-ed94c8ce4f3d@group-D7C7F7FA402A:LeaderElection19] INFO  impl.LeaderElection (LeaderElection.java:logAndReturn(56)) - 363f45e3-c2ed-48f5-ae19-ed94c8ce4f3d@group-D7C7F7FA402A:LeaderElection19: Election REJECTED; received 2 response(s) [363f45e3-c2ed-48f5-ae19-ed94c8ce4f3d<-1a0a9427-a12d-4c98-81a1-c39e1be27f6d#0:FAIL-t1, 363f45e3-c2ed-48f5-ae19-ed94c8ce4f3d<-4bbf8e1c-0fc8-4b3a-88c0-5b6f150f1aee#0:FAIL-t1] and 0 exception(s); 363f45e3-c2ed-48f5-ae19-ed94c8ce4f3d@group-D7C7F7FA402A:t1, leader=null, voted=363f45e3-c2ed-48f5-ae19-ed94c8ce4f3d, raftlog=363f45e3-c2ed-48f5-ae19-ed94c8ce4f3d@group-D7C7F7FA402A-SegmentedRaftLog:OPENED:c-1,f-1,i0, conf=-1: [1a0a9427-a12d-4c98-81a1-c39e1be27f6d:192.168.151.103:36200, 4bbf8e1c-0fc8-4b3a-88c0-5b6f150f1aee:192.168.151.103:33910, 363f45e3-c2ed-48f5-ae19-ed94c8ce4f3d:192.168.151.103:41409], old=null
2019-09-27 10:12:45,259 [363f45e3-c2ed-48f5-ae19-ed94c8ce4f3d@group-D7C7F7FA402A:LeaderElection19] INFO  impl.RaftServerImpl (RaftServerImpl.java:setRole(174)) - 363f45e3-c2ed-48f5-ae19-ed94c8ce4f3d@group-D7C7F7FA402A: changes role from CANDIDATE to FOLLOWER at term 1 for DISCOVERED_A_NEW_TERM
2019-09-27 10:12:45,262 [363f45e3-c2ed-48f5-ae19-ed94c8ce4f3d@group-D7C7F7FA402A:LeaderElection19] INFO  impl.RoleInfo (RoleInfo.java:shutdownLeaderElection(134)) - 363f45e3-c2ed-48f5-ae19-ed94c8ce4f3d: shutdown LeaderElection
2019-09-27 10:12:45,265 [363f45e3-c2ed-48f5-ae19-ed94c8ce4f3d@group-D7C7F7FA402A:LeaderElection19] INFO  impl.RoleInfo (RoleInfo.java:updateAndGet(143)) - 363f45e3-c2ed-48f5-ae19-ed94c8ce4f3d: start FollowerState
2019-09-27 10:12:45,412 [main] INFO  ipc.Client (Client.java:handleConnectionFailure(948)) - Retrying connect to server: localhost/127.0.0.1:0. Already tried 1 time(s); retry policy is RetryUpToMaximumCountWithFixedSleep(maxRetries=10, sleepTime=1000 MILLISECONDS)
2019-09-27 10:12:45,730 [Thread-373] INFO  impl.FollowerState (FollowerState.java:run(106)) - ca2cbff0-14e3-4cd0-83a1-6556e5af9ad7:group-0E6FB7C5B51C changes to CANDIDATE, lastRpcTime:1036, electionTimeout:1033ms
2019-09-27 10:12:45,730 [Thread-373] INFO  impl.RoleInfo (RoleInfo.java:shutdownFollowerState(121)) - ca2cbff0-14e3-4cd0-83a1-6556e5af9ad7: shutdown FollowerState
2019-09-27 10:12:45,730 [Thread-373] INFO  impl.RaftServerImpl (RaftServerImpl.java:setRole(174)) - ca2cbff0-14e3-4cd0-83a1-6556e5af9ad7@group-0E6FB7C5B51C: changes role from  FOLLOWER to CANDIDATE at term 1 for changeToCandidate
2019-09-27 10:12:45,731 [Thread-373] INFO  impl.RoleInfo (RoleInfo.java:updateAndGet(143)) - ca2cbff0-14e3-4cd0-83a1-6556e5af9ad7: start LeaderElection
2019-09-27 10:12:45,744 [Thread-374] INFO  impl.FollowerState (FollowerState.java:run(106)) - c0b96085-d2d8-445e-bc85-808a6dba9cdf:group-0E6FB7C5B51C changes to CANDIDATE, lastRpcTime:1050, electionTimeout:1037ms
2019-09-27 10:12:45,747 [Thread-374] INFO  impl.RoleInfo (RoleInfo.java:shutdownFollowerState(121)) - c0b96085-d2d8-445e-bc85-808a6dba9cdf: shutdown FollowerState
2019-09-27 10:12:45,747 [Thread-374] INFO  impl.RaftServerImpl (RaftServerImpl.java:setRole(174)) - c0b96085-d2d8-445e-bc85-808a6dba9cdf@group-0E6FB7C5B51C: changes role from  FOLLOWER to CANDIDATE at term 1 for changeToCandidate
2019-09-27 10:12:45,747 [Thread-374] INFO  impl.RoleInfo (RoleInfo.java:updateAndGet(143)) - c0b96085-d2d8-445e-bc85-808a6dba9cdf: start LeaderElection
2019-09-27 10:12:45,763 [ca2cbff0-14e3-4cd0-83a1-6556e5af9ad7@group-0E6FB7C5B51C:LeaderElection20] INFO  impl.LeaderElection (LeaderElection.java:askForVotes(182)) - ca2cbff0-14e3-4cd0-83a1-6556e5af9ad7@group-0E6FB7C5B51C:LeaderElection20: begin an election at term 2 for -1: [6538e5ea-9fbc-4e7b-b1f8-bd637acac874:192.168.151.103:35650, ca2cbff0-14e3-4cd0-83a1-6556e5af9ad7:192.168.151.103:39799, c0b96085-d2d8-445e-bc85-808a6dba9cdf:192.168.151.103:35883], old=null
2019-09-27 10:12:45,763 [c0b96085-d2d8-445e-bc85-808a6dba9cdf@group-0E6FB7C5B51C:LeaderElection21] INFO  impl.LeaderElection (LeaderElection.java:askForVotes(182)) - c0b96085-d2d8-445e-bc85-808a6dba9cdf@group-0E6FB7C5B51C:LeaderElection21: begin an election at term 2 for -1: [6538e5ea-9fbc-4e7b-b1f8-bd637acac874:192.168.151.103:35650, ca2cbff0-14e3-4cd0-83a1-6556e5af9ad7:192.168.151.103:39799, c0b96085-d2d8-445e-bc85-808a6dba9cdf:192.168.151.103:35883], old=null
2019-09-27 10:12:45,781 [grpc-default-executor-1] INFO  impl.RaftServerImpl (RaftServerImpl.java:setRole(174)) - 6538e5ea-9fbc-4e7b-b1f8-bd637acac874@group-0E6FB7C5B51C: changes role from  FOLLOWER to FOLLOWER at term 2 for recognizeCandidate:ca2cbff0-14e3-4cd0-83a1-6556e5af9ad7
2019-09-27 10:12:45,781 [grpc-default-executor-1] INFO  impl.RoleInfo (RoleInfo.java:shutdownFollowerState(121)) - 6538e5ea-9fbc-4e7b-b1f8-bd637acac874: shutdown FollowerState
2019-09-27 10:12:45,782 [grpc-default-executor-1] INFO  impl.RoleInfo (RoleInfo.java:updateAndGet(143)) - 6538e5ea-9fbc-4e7b-b1f8-bd637acac874: start FollowerState
2019-09-27 10:12:45,782 [Thread-372] INFO  impl.FollowerState (FollowerState.java:run(115)) - 6538e5ea-9fbc-4e7b-b1f8-bd637acac874: FollowerState was interrupted: java.lang.InterruptedException: sleep interrupted
2019-09-27 10:12:45,811 [c0b96085-d2d8-445e-bc85-808a6dba9cdf@group-0E6FB7C5B51C:LeaderElection21] INFO  impl.LeaderElection (LeaderElection.java:logAndReturn(56)) - c0b96085-d2d8-445e-bc85-808a6dba9cdf@group-0E6FB7C5B51C:LeaderElection21: Election REJECTED; received 2 response(s) [c0b96085-d2d8-445e-bc85-808a6dba9cdf<-6538e5ea-9fbc-4e7b-b1f8-bd637acac874#0:FAIL-t2, c0b96085-d2d8-445e-bc85-808a6dba9cdf<-ca2cbff0-14e3-4cd0-83a1-6556e5af9ad7#0:FAIL-t2] and 0 exception(s); c0b96085-d2d8-445e-bc85-808a6dba9cdf@group-0E6FB7C5B51C:t2, leader=null, voted=c0b96085-d2d8-445e-bc85-808a6dba9cdf, raftlog=c0b96085-d2d8-445e-bc85-808a6dba9cdf@group-0E6FB7C5B51C-SegmentedRaftLog:OPENED:c-1,f-1,i0, conf=-1: [6538e5ea-9fbc-4e7b-b1f8-bd637acac874:192.168.151.103:35650, ca2cbff0-14e3-4cd0-83a1-6556e5af9ad7:192.168.151.103:39799, c0b96085-d2d8-445e-bc85-808a6dba9cdf:192.168.151.103:35883], old=null
2019-09-27 10:12:45,811 [c0b96085-d2d8-445e-bc85-808a6dba9cdf@group-0E6FB7C5B51C:LeaderElection21] INFO  impl.RaftServerImpl (RaftServerImpl.java:setRole(174)) - c0b96085-d2d8-445e-bc85-808a6dba9cdf@group-0E6FB7C5B51C: changes role from CANDIDATE to FOLLOWER at term 2 for DISCOVERED_A_NEW_TERM
2019-09-27 10:12:45,815 [ca2cbff0-14e3-4cd0-83a1-6556e5af9ad7@group-0E6FB7C5B51C:LeaderElection20] INFO  impl.LeaderElection (LeaderElection.java:logAndReturn(56)) - ca2cbff0-14e3-4cd0-83a1-6556e5af9ad7@group-0E6FB7C5B51C:LeaderElection20: Election PASSED; received 2 response(s) [ca2cbff0-14e3-4cd0-83a1-6556e5af9ad7<-6538e5ea-9fbc-4e7b-b1f8-bd637acac874#0:OK-t2, ca2cbff0-14e3-4cd0-83a1-6556e5af9ad7<-c0b96085-d2d8-445e-bc85-808a6dba9cdf#0:FAIL-t2] and 0 exception(s); ca2cbff0-14e3-4cd0-83a1-6556e5af9ad7@group-0E6FB7C5B51C:t2, leader=null, voted=ca2cbff0-14e3-4cd0-83a1-6556e5af9ad7, raftlog=ca2cbff0-14e3-4cd0-83a1-6556e5af9ad7@group-0E6FB7C5B51C-SegmentedRaftLog:OPENED:c-1,f-1,i0, conf=-1: [6538e5ea-9fbc-4e7b-b1f8-bd637acac874:192.168.151.103:35650, ca2cbff0-14e3-4cd0-83a1-6556e5af9ad7:192.168.151.103:39799, c0b96085-d2d8-445e-bc85-808a6dba9cdf:192.168.151.103:35883], old=null
2019-09-27 10:12:45,815 [c0b96085-d2d8-445e-bc85-808a6dba9cdf@group-0E6FB7C5B51C:LeaderElection21] INFO  impl.RoleInfo (RoleInfo.java:shutdownLeaderElection(134)) - c0b96085-d2d8-445e-bc85-808a6dba9cdf: shutdown LeaderElection
2019-09-27 10:12:45,818 [ca2cbff0-14e3-4cd0-83a1-6556e5af9ad7@group-0E6FB7C5B51C:LeaderElection20] INFO  impl.RoleInfo (RoleInfo.java:shutdownLeaderElection(134)) - ca2cbff0-14e3-4cd0-83a1-6556e5af9ad7: shutdown LeaderElection
2019-09-27 10:12:45,822 [c0b96085-d2d8-445e-bc85-808a6dba9cdf@group-0E6FB7C5B51C:LeaderElection21] INFO  impl.RoleInfo (RoleInfo.java:updateAndGet(143)) - c0b96085-d2d8-445e-bc85-808a6dba9cdf: start FollowerState
2019-09-27 10:12:45,822 [ca2cbff0-14e3-4cd0-83a1-6556e5af9ad7@group-0E6FB7C5B51C:LeaderElection20] INFO  impl.RaftServerImpl (RaftServerImpl.java:setRole(174)) - ca2cbff0-14e3-4cd0-83a1-6556e5af9ad7@group-0E6FB7C5B51C: changes role from CANDIDATE to LEADER at term 2 for changeToLeader
2019-09-27 10:12:45,823 [ca2cbff0-14e3-4cd0-83a1-6556e5af9ad7@group-0E6FB7C5B51C:LeaderElection20] INFO  impl.RaftServerImpl (ServerState.java:setLeader(253)) - ca2cbff0-14e3-4cd0-83a1-6556e5af9ad7@group-0E6FB7C5B51C: change Leader from null to ca2cbff0-14e3-4cd0-83a1-6556e5af9ad7 at term 2 for becomeLeader, leader elected after 2363ms
2019-09-27 10:12:45,825 [ca2cbff0-14e3-4cd0-83a1-6556e5af9ad7@group-0E6FB7C5B51C:LeaderElection20] INFO  server.RaftServerConfigKeys (ConfUtils.java:logGet(43)) - raft.server.staging.catchup.gap = 1000 (default)
2019-09-27 10:12:45,825 [ca2cbff0-14e3-4cd0-83a1-6556e5af9ad7@group-0E6FB7C5B51C:LeaderElection20] INFO  server.RaftServerConfigKeys (ConfUtils.java:logGet(43)) - raft.server.rpc.sleep.time = 25ms (default)
2019-09-27 10:12:45,826 [ca2cbff0-14e3-4cd0-83a1-6556e5af9ad7@group-0E6FB7C5B51C:LeaderElection20] INFO  server.RaftServerConfigKeys (ConfUtils.java:logGet(43)) - raft.server.write.element-limit = 4096 (default)
2019-09-27 10:12:45,826 [ca2cbff0-14e3-4cd0-83a1-6556e5af9ad7@group-0E6FB7C5B51C:LeaderElection20] INFO  server.RaftServerConfigKeys (ConfUtils.java:logGet(43)) - raft.server.watch.timeout = 10s (default)
2019-09-27 10:12:45,826 [ca2cbff0-14e3-4cd0-83a1-6556e5af9ad7@group-0E6FB7C5B51C:LeaderElection20] INFO  server.RaftServerConfigKeys (ConfUtils.java:logGet(43)) - raft.server.watch.timeout.denomination = 1s (default)
2019-09-27 10:12:45,826 [ca2cbff0-14e3-4cd0-83a1-6556e5af9ad7@group-0E6FB7C5B51C:LeaderElection20] INFO  server.RaftServerConfigKeys (ConfUtils.java:logGet(43)) - raft.server.watch.element-limit = 65536 (default)
2019-09-27 10:12:45,834 [ca2cbff0-14e3-4cd0-83a1-6556e5af9ad7@group-0E6FB7C5B51C:LeaderElection20] INFO  server.RaftServerConfigKeys (ConfUtils.java:logGet(43)) - raft.server.log.appender.snapshot.chunk.size.max = 16MB (=16777216) (default)
2019-09-27 10:12:45,834 [ca2cbff0-14e3-4cd0-83a1-6556e5af9ad7@group-0E6FB7C5B51C:LeaderElection20] INFO  server.RaftServerConfigKeys (ConfUtils.java:logGet(43)) - raft.server.log.appender.buffer.byte-limit = 33554432 (custom)
2019-09-27 10:12:45,835 [ca2cbff0-14e3-4cd0-83a1-6556e5af9ad7@group-0E6FB7C5B51C:LeaderElection20] INFO  server.RaftServerConfigKeys (ConfUtils.java:logGet(43)) - raft.server.log.appender.buffer.element-limit = 1 (custom)
2019-09-27 10:12:45,839 [ca2cbff0-14e3-4cd0-83a1-6556e5af9ad7@group-0E6FB7C5B51C:LeaderElection20] INFO  grpc.GrpcConfigKeys$Server (ConfUtils.java:logGet(43)) - raft.grpc.server.leader.outstanding.appends.max = 128 (default)
2019-09-27 10:12:45,842 [ca2cbff0-14e3-4cd0-83a1-6556e5af9ad7@group-0E6FB7C5B51C:LeaderElection20] INFO  server.RaftServerConfigKeys (ConfUtils.java:logGet(43)) - raft.server.rpc.request.timeout = 3000ms (default)
2019-09-27 10:12:45,842 [ca2cbff0-14e3-4cd0-83a1-6556e5af9ad7@group-0E6FB7C5B51C:LeaderElection20] INFO  server.RaftServerConfigKeys (ConfUtils.java:logGet(43)) - raft.server.log.appender.install.snapshot.enabled = false (custom)
2019-09-27 10:12:45,843 [ca2cbff0-14e3-4cd0-83a1-6556e5af9ad7@group-0E6FB7C5B51C:LeaderElection20] INFO  server.RaftServerConfigKeys (ConfUtils.java:logGet(43)) - raft.server.log.appender.snapshot.chunk.size.max = 16MB (=16777216) (default)
2019-09-27 10:12:45,843 [ca2cbff0-14e3-4cd0-83a1-6556e5af9ad7@group-0E6FB7C5B51C:LeaderElection20] INFO  server.RaftServerConfigKeys (ConfUtils.java:logGet(43)) - raft.server.log.appender.buffer.byte-limit = 33554432 (custom)
2019-09-27 10:12:45,843 [ca2cbff0-14e3-4cd0-83a1-6556e5af9ad7@group-0E6FB7C5B51C:LeaderElection20] INFO  server.RaftServerConfigKeys (ConfUtils.java:logGet(43)) - raft.server.log.appender.buffer.element-limit = 1 (custom)
2019-09-27 10:12:45,844 [ca2cbff0-14e3-4cd0-83a1-6556e5af9ad7@group-0E6FB7C5B51C:LeaderElection20] INFO  grpc.GrpcConfigKeys$Server (ConfUtils.java:logGet(43)) - raft.grpc.server.leader.outstanding.appends.max = 128 (default)
2019-09-27 10:12:45,844 [ca2cbff0-14e3-4cd0-83a1-6556e5af9ad7@group-0E6FB7C5B51C:LeaderElection20] INFO  server.RaftServerConfigKeys (ConfUtils.java:logGet(43)) - raft.server.rpc.request.timeout = 3000ms (default)
2019-09-27 10:12:45,844 [ca2cbff0-14e3-4cd0-83a1-6556e5af9ad7@group-0E6FB7C5B51C:LeaderElection20] INFO  server.RaftServerConfigKeys (ConfUtils.java:logGet(43)) - raft.server.log.appender.install.snapshot.enabled = false (custom)
2019-09-27 10:12:45,847 [ca2cbff0-14e3-4cd0-83a1-6556e5af9ad7@group-0E6FB7C5B51C:LeaderElection20] INFO  impl.RoleInfo (RoleInfo.java:updateAndGet(143)) - ca2cbff0-14e3-4cd0-83a1-6556e5af9ad7: start LeaderState
2019-09-27 10:12:45,848 [ca2cbff0-14e3-4cd0-83a1-6556e5af9ad7@group-0E6FB7C5B51C:LeaderElection20] INFO  segmented.SegmentedRaftLogWorker (SegmentedRaftLogWorker.java:startLogSegment(380)) - ca2cbff0-14e3-4cd0-83a1-6556e5af9ad7@group-0E6FB7C5B51C-SegmentedRaftLogWorker: Starting segment from index:0
2019-09-27 10:12:45,849 [ca2cbff0-14e3-4cd0-83a1-6556e5af9ad7@group-0E6FB7C5B51C:LeaderElection20] INFO  impl.RaftServerImpl (ServerState.java:setRaftConf(354)) - ca2cbff0-14e3-4cd0-83a1-6556e5af9ad7@group-0E6FB7C5B51C: set configuration 0: [6538e5ea-9fbc-4e7b-b1f8-bd637acac874:192.168.151.103:35650, ca2cbff0-14e3-4cd0-83a1-6556e5af9ad7:192.168.151.103:39799, c0b96085-d2d8-445e-bc85-808a6dba9cdf:192.168.151.103:35883], old=null at 0
2019-09-27 10:12:45,913 [ca2cbff0-14e3-4cd0-83a1-6556e5af9ad7@group-0E6FB7C5B51C-SegmentedRaftLogWorker] INFO  segmented.SegmentedRaftLogWorker (SegmentedRaftLogWorker.java:execute(569)) - ca2cbff0-14e3-4cd0-83a1-6556e5af9ad7@group-0E6FB7C5B51C-SegmentedRaftLogWorker: created new log segment /workdir/hadoop-ozone/integration-test/target/test-dir/MiniOzoneClusterImpl-7309d801-f179-460c-bf8c-3619c569ab1e/datanode-1/data/ratis/7ec303c7-ca5a-43e7-a808-0e6fb7c5b51c/current/log_inprogress_0
2019-09-27 10:12:45,918 [grpc-default-executor-1] INFO  impl.RaftServerImpl (ServerState.java:setLeader(253)) - 6538e5ea-9fbc-4e7b-b1f8-bd637acac874@group-0E6FB7C5B51C: change Leader from null to ca2cbff0-14e3-4cd0-83a1-6556e5af9ad7 at term 2 for appendEntries, leader elected after 2458ms
2019-09-27 10:12:45,918 [grpc-default-executor-0] INFO  impl.RaftServerImpl (ServerState.java:setLeader(253)) - c0b96085-d2d8-445e-bc85-808a6dba9cdf@group-0E6FB7C5B51C: change Leader from null to ca2cbff0-14e3-4cd0-83a1-6556e5af9ad7 at term 2 for appendEntries, leader elected after 2458ms
2019-09-27 10:12:45,928 [Thread-384] INFO  impl.FollowerState (FollowerState.java:run(106)) - 05b4a1fe-7ad6-4f6f-a8a9-40df080e757c:group-2E5E496E2596 changes to CANDIDATE, lastRpcTime:1047, electionTimeout:1043ms
2019-09-27 10:12:45,929 [Thread-384] INFO  impl.RoleInfo (RoleInfo.java:shutdownFollowerState(121)) - 05b4a1fe-7ad6-4f6f-a8a9-40df080e757c: shutdown FollowerState
2019-09-27 10:12:45,929 [Thread-384] INFO  impl.RaftServerImpl (RaftServerImpl.java:setRole(174)) - 05b4a1fe-7ad6-4f6f-a8a9-40df080e757c@group-2E5E496E2596: changes role from  FOLLOWER to CANDIDATE at term 1 for changeToCandidate
2019-09-27 10:12:45,929 [Thread-384] INFO  impl.RoleInfo (RoleInfo.java:updateAndGet(143)) - 05b4a1fe-7ad6-4f6f-a8a9-40df080e757c: start LeaderElection
2019-09-27 10:12:45,942 [05b4a1fe-7ad6-4f6f-a8a9-40df080e757c@group-2E5E496E2596:LeaderElection22] INFO  impl.LeaderElection (LeaderElection.java:askForVotes(182)) - 05b4a1fe-7ad6-4f6f-a8a9-40df080e757c@group-2E5E496E2596:LeaderElection22: begin an election at term 2 for -1: [d451055a-1dc8-4774-ac5e-be8b7982a836:192.168.151.103:42161, 05b4a1fe-7ad6-4f6f-a8a9-40df080e757c:192.168.151.103:46115, a6c416d4-3244-4e70-92c5-63f7380a9294:192.168.151.103:37775], old=null
2019-09-27 10:12:45,945 [grpc-default-executor-1] INFO  impl.RaftServerImpl (RaftServerImpl.java:setRole(174)) - a6c416d4-3244-4e70-92c5-63f7380a9294@group-2E5E496E2596: changes role from  FOLLOWER to FOLLOWER at term 2 for recognizeCandidate:05b4a1fe-7ad6-4f6f-a8a9-40df080e757c
2019-09-27 10:12:45,946 [grpc-default-executor-0] INFO  impl.RaftServerImpl (RaftServerImpl.java:setRole(174)) - d451055a-1dc8-4774-ac5e-be8b7982a836@group-2E5E496E2596: changes role from  FOLLOWER to FOLLOWER at term 2 for recognizeCandidate:05b4a1fe-7ad6-4f6f-a8a9-40df080e757c
2019-09-27 10:12:45,946 [grpc-default-executor-1] INFO  impl.RoleInfo (RoleInfo.java:shutdownFollowerState(121)) - a6c416d4-3244-4e70-92c5-63f7380a9294: shutdown FollowerState
2019-09-27 10:12:45,946 [grpc-default-executor-0] INFO  impl.RoleInfo (RoleInfo.java:shutdownFollowerState(121)) - d451055a-1dc8-4774-ac5e-be8b7982a836: shutdown FollowerState
2019-09-27 10:12:45,946 [grpc-default-executor-1] INFO  impl.RoleInfo (RoleInfo.java:updateAndGet(143)) - a6c416d4-3244-4e70-92c5-63f7380a9294: start FollowerState
2019-09-27 10:12:45,946 [Thread-393] INFO  impl.FollowerState (FollowerState.java:run(115)) - a6c416d4-3244-4e70-92c5-63f7380a9294: FollowerState was interrupted: java.lang.InterruptedException: sleep interrupted
2019-09-27 10:12:45,946 [Thread-387] INFO  impl.FollowerState (FollowerState.java:run(115)) - d451055a-1dc8-4774-ac5e-be8b7982a836: FollowerState was interrupted: java.lang.InterruptedException: sleep interrupted
2019-09-27 10:12:45,946 [grpc-default-executor-0] INFO  impl.RoleInfo (RoleInfo.java:updateAndGet(143)) - d451055a-1dc8-4774-ac5e-be8b7982a836: start FollowerState
2019-09-27 10:12:45,952 [grpc-default-executor-3] INFO  impl.RaftServerImpl (ServerState.java:setRaftConf(354)) - c0b96085-d2d8-445e-bc85-808a6dba9cdf@group-0E6FB7C5B51C: set configuration 0: [6538e5ea-9fbc-4e7b-b1f8-bd637acac874:192.168.151.103:35650, ca2cbff0-14e3-4cd0-83a1-6556e5af9ad7:192.168.151.103:39799, c0b96085-d2d8-445e-bc85-808a6dba9cdf:192.168.151.103:35883], old=null at 0
2019-09-27 10:12:45,952 [grpc-default-executor-2] INFO  impl.RaftServerImpl (ServerState.java:setRaftConf(354)) - 6538e5ea-9fbc-4e7b-b1f8-bd637acac874@group-0E6FB7C5B51C: set configuration 0: [6538e5ea-9fbc-4e7b-b1f8-bd637acac874:192.168.151.103:35650, ca2cbff0-14e3-4cd0-83a1-6556e5af9ad7:192.168.151.103:39799, c0b96085-d2d8-445e-bc85-808a6dba9cdf:192.168.151.103:35883], old=null at 0
2019-09-27 10:12:45,952 [grpc-default-executor-3] INFO  segmented.SegmentedRaftLogWorker (SegmentedRaftLogWorker.java:startLogSegment(380)) - c0b96085-d2d8-445e-bc85-808a6dba9cdf@group-0E6FB7C5B51C-SegmentedRaftLogWorker: Starting segment from index:0
2019-09-27 10:12:45,952 [grpc-default-executor-2] INFO  segmented.SegmentedRaftLogWorker (SegmentedRaftLogWorker.java:startLogSegment(380)) - 6538e5ea-9fbc-4e7b-b1f8-bd637acac874@group-0E6FB7C5B51C-SegmentedRaftLogWorker: Starting segment from index:0
2019-09-27 10:12:45,974 [05b4a1fe-7ad6-4f6f-a8a9-40df080e757c@group-2E5E496E2596:LeaderElection22] INFO  impl.LeaderElection (LeaderElection.java:logAndReturn(56)) - 05b4a1fe-7ad6-4f6f-a8a9-40df080e757c@group-2E5E496E2596:LeaderElection22: Election PASSED; received 1 response(s) [05b4a1fe-7ad6-4f6f-a8a9-40df080e757c<-d451055a-1dc8-4774-ac5e-be8b7982a836#0:OK-t2] and 0 exception(s); 05b4a1fe-7ad6-4f6f-a8a9-40df080e757c@group-2E5E496E2596:t2, leader=null, voted=05b4a1fe-7ad6-4f6f-a8a9-40df080e757c, raftlog=05b4a1fe-7ad6-4f6f-a8a9-40df080e757c@group-2E5E496E2596-SegmentedRaftLog:OPENED:c-1,f-1,i0, conf=-1: [d451055a-1dc8-4774-ac5e-be8b7982a836:192.168.151.103:42161, 05b4a1fe-7ad6-4f6f-a8a9-40df080e757c:192.168.151.103:46115, a6c416d4-3244-4e70-92c5-63f7380a9294:192.168.151.103:37775], old=null
2019-09-27 10:12:45,974 [05b4a1fe-7ad6-4f6f-a8a9-40df080e757c@group-2E5E496E2596:LeaderElection22] INFO  impl.RoleInfo (RoleInfo.java:shutdownLeaderElection(134)) - 05b4a1fe-7ad6-4f6f-a8a9-40df080e757c: shutdown LeaderElection
2019-09-27 10:12:46,005 [05b4a1fe-7ad6-4f6f-a8a9-40df080e757c@group-2E5E496E2596:LeaderElection22] INFO  impl.RaftServerImpl (RaftServerImpl.java:setRole(174)) - 05b4a1fe-7ad6-4f6f-a8a9-40df080e757c@group-2E5E496E2596: changes role from CANDIDATE to LEADER at term 2 for changeToLeader
2019-09-27 10:12:46,016 [05b4a1fe-7ad6-4f6f-a8a9-40df080e757c@group-2E5E496E2596:LeaderElection22] INFO  impl.RaftServerImpl (ServerState.java:setLeader(253)) - 05b4a1fe-7ad6-4f6f-a8a9-40df080e757c@group-2E5E496E2596: change Leader from null to 05b4a1fe-7ad6-4f6f-a8a9-40df080e757c at term 2 for becomeLeader, leader elected after 2430ms
2019-09-27 10:12:46,016 [05b4a1fe-7ad6-4f6f-a8a9-40df080e757c@group-2E5E496E2596:LeaderElection22] INFO  server.RaftServerConfigKeys (ConfUtils.java:logGet(43)) - raft.server.staging.catchup.gap = 1000 (default)
2019-09-27 10:12:46,017 [05b4a1fe-7ad6-4f6f-a8a9-40df080e757c@group-2E5E496E2596:LeaderElection22] INFO  server.RaftServerConfigKeys (ConfUtils.java:logGet(43)) - raft.server.rpc.sleep.time = 25ms (default)
2019-09-27 10:12:46,017 [05b4a1fe-7ad6-4f6f-a8a9-40df080e757c@group-2E5E496E2596:LeaderElection22] INFO  server.RaftServerConfigKeys (ConfUtils.java:logGet(43)) - raft.server.write.element-limit = 4096 (default)
2019-09-27 10:12:46,017 [05b4a1fe-7ad6-4f6f-a8a9-40df080e757c@group-2E5E496E2596:LeaderElection22] INFO  server.RaftServerConfigKeys (ConfUtils.java:logGet(43)) - raft.server.watch.timeout = 10s (default)
2019-09-27 10:12:46,017 [05b4a1fe-7ad6-4f6f-a8a9-40df080e757c@group-2E5E496E2596:LeaderElection22] INFO  server.RaftServerConfigKeys (ConfUtils.java:logGet(43)) - raft.server.watch.timeout.denomination = 1s (default)
2019-09-27 10:12:46,017 [05b4a1fe-7ad6-4f6f-a8a9-40df080e757c@group-2E5E496E2596:LeaderElection22] INFO  server.RaftServerConfigKeys (ConfUtils.java:logGet(43)) - raft.server.watch.element-limit = 65536 (default)
2019-09-27 10:12:46,018 [6538e5ea-9fbc-4e7b-b1f8-bd637acac874@group-0E6FB7C5B51C-SegmentedRaftLogWorker] INFO  segmented.SegmentedRaftLogWorker (SegmentedRaftLogWorker.java:execute(569)) - 6538e5ea-9fbc-4e7b-b1f8-bd637acac874@group-0E6FB7C5B51C-SegmentedRaftLogWorker: created new log segment /workdir/hadoop-ozone/integration-test/target/test-dir/MiniOzoneClusterImpl-7309d801-f179-460c-bf8c-3619c569ab1e/datanode-5/data/ratis/7ec303c7-ca5a-43e7-a808-0e6fb7c5b51c/current/log_inprogress_0
2019-09-27 10:12:46,018 [c0b96085-d2d8-445e-bc85-808a6dba9cdf@group-0E6FB7C5B51C-SegmentedRaftLogWorker] INFO  segmented.SegmentedRaftLogWorker (SegmentedRaftLogWorker.java:execute(569)) - c0b96085-d2d8-445e-bc85-808a6dba9cdf@group-0E6FB7C5B51C-SegmentedRaftLogWorker: created new log segment /workdir/hadoop-ozone/integration-test/target/test-dir/MiniOzoneClusterImpl-7309d801-f179-460c-bf8c-3619c569ab1e/datanode-7/data/ratis/7ec303c7-ca5a-43e7-a808-0e6fb7c5b51c/current/log_inprogress_0
2019-09-27 10:12:46,022 [05b4a1fe-7ad6-4f6f-a8a9-40df080e757c@group-2E5E496E2596:LeaderElection22] INFO  server.RaftServerConfigKeys (ConfUtils.java:logGet(43)) - raft.server.log.appender.snapshot.chunk.size.max = 16MB (=16777216) (default)
2019-09-27 10:12:46,022 [05b4a1fe-7ad6-4f6f-a8a9-40df080e757c@group-2E5E496E2596:LeaderElection22] INFO  server.RaftServerConfigKeys (ConfUtils.java:logGet(43)) - raft.server.log.appender.buffer.byte-limit = 33554432 (custom)
2019-09-27 10:12:46,022 [05b4a1fe-7ad6-4f6f-a8a9-40df080e757c@group-2E5E496E2596:LeaderElection22] INFO  server.RaftServerConfigKeys (ConfUtils.java:logGet(43)) - raft.server.log.appender.buffer.element-limit = 1 (custom)
2019-09-27 10:12:46,022 [05b4a1fe-7ad6-4f6f-a8a9-40df080e757c@group-2E5E496E2596:LeaderElection22] INFO  grpc.GrpcConfigKeys$Server (ConfUtils.java:logGet(43)) - raft.grpc.server.leader.outstanding.appends.max = 128 (default)
2019-09-27 10:12:46,023 [05b4a1fe-7ad6-4f6f-a8a9-40df080e757c@group-2E5E496E2596:LeaderElection22] INFO  server.RaftServerConfigKeys (ConfUtils.java:logGet(43)) - raft.server.rpc.request.timeout = 3000ms (default)
2019-09-27 10:12:46,023 [05b4a1fe-7ad6-4f6f-a8a9-40df080e757c@group-2E5E496E2596:LeaderElection22] INFO  server.RaftServerConfigKeys (ConfUtils.java:logGet(43)) - raft.server.log.appender.install.snapshot.enabled = false (custom)
2019-09-27 10:12:46,023 [05b4a1fe-7ad6-4f6f-a8a9-40df080e757c@group-2E5E496E2596:LeaderElection22] INFO  server.RaftServerConfigKeys (ConfUtils.java:logGet(43)) - raft.server.log.appender.snapshot.chunk.size.max = 16MB (=16777216) (default)
2019-09-27 10:12:46,023 [05b4a1fe-7ad6-4f6f-a8a9-40df080e757c@group-2E5E496E2596:LeaderElection22] INFO  server.RaftServerConfigKeys (ConfUtils.java:logGet(43)) - raft.server.log.appender.buffer.byte-limit = 33554432 (custom)
2019-09-27 10:12:46,024 [05b4a1fe-7ad6-4f6f-a8a9-40df080e757c@group-2E5E496E2596:LeaderElection22] INFO  server.RaftServerConfigKeys (ConfUtils.java:logGet(43)) - raft.server.log.appender.buffer.element-limit = 1 (custom)
2019-09-27 10:12:46,024 [05b4a1fe-7ad6-4f6f-a8a9-40df080e757c@group-2E5E496E2596:LeaderElection22] INFO  grpc.GrpcConfigKeys$Server (ConfUtils.java:logGet(43)) - raft.grpc.server.leader.outstanding.appends.max = 128 (default)
2019-09-27 10:12:46,024 [05b4a1fe-7ad6-4f6f-a8a9-40df080e757c@group-2E5E496E2596:LeaderElection22] INFO  server.RaftServerConfigKeys (ConfUtils.java:logGet(43)) - raft.server.rpc.request.timeout = 3000ms (default)
2019-09-27 10:12:46,024 [05b4a1fe-7ad6-4f6f-a8a9-40df080e757c@group-2E5E496E2596:LeaderElection22] INFO  server.RaftServerConfigKeys (ConfUtils.java:logGet(43)) - raft.server.log.appender.install.snapshot.enabled = false (custom)
2019-09-27 10:12:46,025 [05b4a1fe-7ad6-4f6f-a8a9-40df080e757c@group-2E5E496E2596:LeaderElection22] INFO  impl.RoleInfo (RoleInfo.java:updateAndGet(143)) - 05b4a1fe-7ad6-4f6f-a8a9-40df080e757c: start LeaderState
2019-09-27 10:12:46,025 [05b4a1fe-7ad6-4f6f-a8a9-40df080e757c@group-2E5E496E2596:LeaderElection22] INFO  segmented.SegmentedRaftLogWorker (SegmentedRaftLogWorker.java:startLogSegment(380)) - 05b4a1fe-7ad6-4f6f-a8a9-40df080e757c@group-2E5E496E2596-SegmentedRaftLogWorker: Starting segment from index:0
2019-09-27 10:12:46,026 [05b4a1fe-7ad6-4f6f-a8a9-40df080e757c@group-2E5E496E2596:LeaderElection22] INFO  impl.RaftServerImpl (ServerState.java:setRaftConf(354)) - 05b4a1fe-7ad6-4f6f-a8a9-40df080e757c@group-2E5E496E2596: set configuration 0: [d451055a-1dc8-4774-ac5e-be8b7982a836:192.168.151.103:42161, 05b4a1fe-7ad6-4f6f-a8a9-40df080e757c:192.168.151.103:46115, a6c416d4-3244-4e70-92c5-63f7380a9294:192.168.151.103:37775], old=null at 0
2019-09-27 10:12:46,066 [grpc-default-executor-0] INFO  impl.RaftServerImpl (ServerState.java:setLeader(253)) - d451055a-1dc8-4774-ac5e-be8b7982a836@group-2E5E496E2596: change Leader from null to 05b4a1fe-7ad6-4f6f-a8a9-40df080e757c at term 2 for appendEntries, leader elected after 2480ms
2019-09-27 10:12:46,066 [grpc-default-executor-2] INFO  impl.RaftServerImpl (ServerState.java:setLeader(253)) - a6c416d4-3244-4e70-92c5-63f7380a9294@group-2E5E496E2596: change Leader from null to 05b4a1fe-7ad6-4f6f-a8a9-40df080e757c at term 2 for appendEntries, leader elected after 2479ms
2019-09-27 10:12:46,073 [grpc-default-executor-2] INFO  impl.RaftServerImpl (ServerState.java:setRaftConf(354)) - d451055a-1dc8-4774-ac5e-be8b7982a836@group-2E5E496E2596: set configuration 0: [d451055a-1dc8-4774-ac5e-be8b7982a836:192.168.151.103:42161, 05b4a1fe-7ad6-4f6f-a8a9-40df080e757c:192.168.151.103:46115, a6c416d4-3244-4e70-92c5-63f7380a9294:192.168.151.103:37775], old=null at 0
2019-09-27 10:12:46,073 [grpc-default-executor-2] INFO  segmented.SegmentedRaftLogWorker (SegmentedRaftLogWorker.java:startLogSegment(380)) - d451055a-1dc8-4774-ac5e-be8b7982a836@group-2E5E496E2596-SegmentedRaftLogWorker: Starting segment from index:0
2019-09-27 10:12:46,073 [grpc-default-executor-0] INFO  impl.RaftServerImpl (ServerState.java:setRaftConf(354)) - a6c416d4-3244-4e70-92c5-63f7380a9294@group-2E5E496E2596: set configuration 0: [d451055a-1dc8-4774-ac5e-be8b7982a836:192.168.151.103:42161, 05b4a1fe-7ad6-4f6f-a8a9-40df080e757c:192.168.151.103:46115, a6c416d4-3244-4e70-92c5-63f7380a9294:192.168.151.103:37775], old=null at 0
2019-09-27 10:12:46,074 [grpc-default-executor-0] INFO  segmented.SegmentedRaftLogWorker (SegmentedRaftLogWorker.java:startLogSegment(380)) - a6c416d4-3244-4e70-92c5-63f7380a9294@group-2E5E496E2596-SegmentedRaftLogWorker: Starting segment from index:0
2019-09-27 10:12:46,086 [05b4a1fe-7ad6-4f6f-a8a9-40df080e757c@group-2E5E496E2596-SegmentedRaftLogWorker] INFO  segmented.SegmentedRaftLogWorker (SegmentedRaftLogWorker.java:execute(569)) - 05b4a1fe-7ad6-4f6f-a8a9-40df080e757c@group-2E5E496E2596-SegmentedRaftLogWorker: created new log segment /workdir/hadoop-ozone/integration-test/target/test-dir/MiniOzoneClusterImpl-7309d801-f179-460c-bf8c-3619c569ab1e/datanode-9/data/ratis/aae856c4-7e0b-4d7f-bf4c-2e5e496e2596/current/log_inprogress_0
2019-09-27 10:12:46,124 [d451055a-1dc8-4774-ac5e-be8b7982a836@group-2E5E496E2596-SegmentedRaftLogWorker] INFO  segmented.SegmentedRaftLogWorker (SegmentedRaftLogWorker.java:execute(569)) - d451055a-1dc8-4774-ac5e-be8b7982a836@group-2E5E496E2596-SegmentedRaftLogWorker: created new log segment /workdir/hadoop-ozone/integration-test/target/test-dir/MiniOzoneClusterImpl-7309d801-f179-460c-bf8c-3619c569ab1e/datanode-8/data/ratis/aae856c4-7e0b-4d7f-bf4c-2e5e496e2596/current/log_inprogress_0
2019-09-27 10:12:46,124 [a6c416d4-3244-4e70-92c5-63f7380a9294@group-2E5E496E2596-SegmentedRaftLogWorker] INFO  segmented.SegmentedRaftLogWorker (SegmentedRaftLogWorker.java:execute(569)) - a6c416d4-3244-4e70-92c5-63f7380a9294@group-2E5E496E2596-SegmentedRaftLogWorker: created new log segment /workdir/hadoop-ozone/integration-test/target/test-dir/MiniOzoneClusterImpl-7309d801-f179-460c-bf8c-3619c569ab1e/datanode-2/data/ratis/aae856c4-7e0b-4d7f-bf4c-2e5e496e2596/current/log_inprogress_0
2019-09-27 10:12:46,217 [Thread-396] INFO  impl.FollowerState (FollowerState.java:run(106)) - 1a0a9427-a12d-4c98-81a1-c39e1be27f6d:group-D7C7F7FA402A changes to CANDIDATE, lastRpcTime:1016, electionTimeout:1014ms
2019-09-27 10:12:46,217 [Thread-396] INFO  impl.RoleInfo (RoleInfo.java:shutdownFollowerState(121)) - 1a0a9427-a12d-4c98-81a1-c39e1be27f6d: shutdown FollowerState
2019-09-27 10:12:46,217 [Thread-396] INFO  impl.RaftServerImpl (RaftServerImpl.java:setRole(174)) - 1a0a9427-a12d-4c98-81a1-c39e1be27f6d@group-D7C7F7FA402A: changes role from  FOLLOWER to CANDIDATE at term 1 for changeToCandidate
2019-09-27 10:12:46,217 [Thread-396] INFO  impl.RoleInfo (RoleInfo.java:updateAndGet(143)) - 1a0a9427-a12d-4c98-81a1-c39e1be27f6d: start LeaderElection
2019-09-27 10:12:46,232 [1a0a9427-a12d-4c98-81a1-c39e1be27f6d@group-D7C7F7FA402A:LeaderElection23] INFO  impl.LeaderElection (LeaderElection.java:askForVotes(182)) - 1a0a9427-a12d-4c98-81a1-c39e1be27f6d@group-D7C7F7FA402A:LeaderElection23: begin an election at term 2 for -1: [1a0a9427-a12d-4c98-81a1-c39e1be27f6d:192.168.151.103:36200, 4bbf8e1c-0fc8-4b3a-88c0-5b6f150f1aee:192.168.151.103:33910, 363f45e3-c2ed-48f5-ae19-ed94c8ce4f3d:192.168.151.103:41409], old=null
2019-09-27 10:12:46,237 [grpc-default-executor-0] INFO  impl.RaftServerImpl (RaftServerImpl.java:setRole(174)) - 4bbf8e1c-0fc8-4b3a-88c0-5b6f150f1aee@group-D7C7F7FA402A: changes role from  FOLLOWER to FOLLOWER at term 2 for recognizeCandidate:1a0a9427-a12d-4c98-81a1-c39e1be27f6d
2019-09-27 10:12:46,237 [grpc-default-executor-2] INFO  impl.RaftServerImpl (RaftServerImpl.java:setRole(174)) - 363f45e3-c2ed-48f5-ae19-ed94c8ce4f3d@group-D7C7F7FA402A: changes role from  FOLLOWER to FOLLOWER at term 2 for recognizeCandidate:1a0a9427-a12d-4c98-81a1-c39e1be27f6d
2019-09-27 10:12:46,237 [grpc-default-executor-0] INFO  impl.RoleInfo (RoleInfo.java:shutdownFollowerState(121)) - 4bbf8e1c-0fc8-4b3a-88c0-5b6f150f1aee: shutdown FollowerState
2019-09-27 10:12:46,237 [grpc-default-executor-2] INFO  impl.RoleInfo (RoleInfo.java:shutdownFollowerState(121)) - 363f45e3-c2ed-48f5-ae19-ed94c8ce4f3d: shutdown FollowerState
2019-09-27 10:12:46,238 [Thread-397] INFO  impl.FollowerState (FollowerState.java:run(115)) - 4bbf8e1c-0fc8-4b3a-88c0-5b6f150f1aee: FollowerState was interrupted: java.lang.InterruptedException: sleep interrupted
2019-09-27 10:12:46,238 [grpc-default-executor-0] INFO  impl.RoleInfo (RoleInfo.java:updateAndGet(143)) - 4bbf8e1c-0fc8-4b3a-88c0-5b6f150f1aee: start FollowerState
2019-09-27 10:12:46,238 [Thread-398] INFO  impl.FollowerState (FollowerState.java:run(115)) - 363f45e3-c2ed-48f5-ae19-ed94c8ce4f3d: FollowerState was interrupted: java.lang.InterruptedException: sleep interrupted
2019-09-27 10:12:46,238 [grpc-default-executor-2] INFO  impl.RoleInfo (RoleInfo.java:updateAndGet(143)) - 363f45e3-c2ed-48f5-ae19-ed94c8ce4f3d: start FollowerState
2019-09-27 10:12:46,254 [1a0a9427-a12d-4c98-81a1-c39e1be27f6d@group-D7C7F7FA402A:LeaderElection23] INFO  impl.LeaderElection (LeaderElection.java:logAndReturn(56)) - 1a0a9427-a12d-4c98-81a1-c39e1be27f6d@group-D7C7F7FA402A:LeaderElection23: Election PASSED; received 1 response(s) [1a0a9427-a12d-4c98-81a1-c39e1be27f6d<-363f45e3-c2ed-48f5-ae19-ed94c8ce4f3d#0:OK-t2] and 0 exception(s); 1a0a9427-a12d-4c98-81a1-c39e1be27f6d@group-D7C7F7FA402A:t2, leader=null, voted=1a0a9427-a12d-4c98-81a1-c39e1be27f6d, raftlog=1a0a9427-a12d-4c98-81a1-c39e1be27f6d@group-D7C7F7FA402A-SegmentedRaftLog:OPENED:c-1,f-1,i0, conf=-1: [1a0a9427-a12d-4c98-81a1-c39e1be27f6d:192.168.151.103:36200, 4bbf8e1c-0fc8-4b3a-88c0-5b6f150f1aee:192.168.151.103:33910, 363f45e3-c2ed-48f5-ae19-ed94c8ce4f3d:192.168.151.103:41409], old=null
2019-09-27 10:12:46,255 [1a0a9427-a12d-4c98-81a1-c39e1be27f6d@group-D7C7F7FA402A:LeaderElection23] INFO  impl.RoleInfo (RoleInfo.java:shutdownLeaderElection(134)) - 1a0a9427-a12d-4c98-81a1-c39e1be27f6d: shutdown LeaderElection
2019-09-27 10:12:46,268 [1a0a9427-a12d-4c98-81a1-c39e1be27f6d@group-D7C7F7FA402A:LeaderElection23] INFO  impl.RaftServerImpl (RaftServerImpl.java:setRole(174)) - 1a0a9427-a12d-4c98-81a1-c39e1be27f6d@group-D7C7F7FA402A: changes role from CANDIDATE to LEADER at term 2 for changeToLeader
2019-09-27 10:12:46,268 [1a0a9427-a12d-4c98-81a1-c39e1be27f6d@group-D7C7F7FA402A:LeaderElection23] INFO  impl.RaftServerImpl (ServerState.java:setLeader(253)) - 1a0a9427-a12d-4c98-81a1-c39e1be27f6d@group-D7C7F7FA402A: change Leader from null to 1a0a9427-a12d-4c98-81a1-c39e1be27f6d at term 2 for becomeLeader, leader elected after 2566ms
2019-09-27 10:12:46,269 [1a0a9427-a12d-4c98-81a1-c39e1be27f6d@group-D7C7F7FA402A:LeaderElection23] INFO  server.RaftServerConfigKeys (ConfUtils.java:logGet(43)) - raft.server.staging.catchup.gap = 1000 (default)
2019-09-27 10:12:46,269 [1a0a9427-a12d-4c98-81a1-c39e1be27f6d@group-D7C7F7FA402A:LeaderElection23] INFO  server.RaftServerConfigKeys (ConfUtils.java:logGet(43)) - raft.server.rpc.sleep.time = 25ms (default)
2019-09-27 10:12:46,269 [1a0a9427-a12d-4c98-81a1-c39e1be27f6d@group-D7C7F7FA402A:LeaderElection23] INFO  server.RaftServerConfigKeys (ConfUtils.java:logGet(43)) - raft.server.write.element-limit = 4096 (default)
2019-09-27 10:12:46,269 [1a0a9427-a12d-4c98-81a1-c39e1be27f6d@group-D7C7F7FA402A:LeaderElection23] INFO  server.RaftServerConfigKeys (ConfUtils.java:logGet(43)) - raft.server.watch.timeout = 10s (default)
2019-09-27 10:12:46,270 [1a0a9427-a12d-4c98-81a1-c39e1be27f6d@group-D7C7F7FA402A:LeaderElection23] INFO  server.RaftServerConfigKeys (ConfUtils.java:logGet(43)) - raft.server.watch.timeout.denomination = 1s (default)
2019-09-27 10:12:46,270 [1a0a9427-a12d-4c98-81a1-c39e1be27f6d@group-D7C7F7FA402A:LeaderElection23] INFO  server.RaftServerConfigKeys (ConfUtils.java:logGet(43)) - raft.server.watch.element-limit = 65536 (default)
2019-09-27 10:12:46,275 [1a0a9427-a12d-4c98-81a1-c39e1be27f6d@group-D7C7F7FA402A:LeaderElection23] INFO  server.RaftServerConfigKeys (ConfUtils.java:logGet(43)) - raft.server.log.appender.snapshot.chunk.size.max = 16MB (=16777216) (default)
2019-09-27 10:12:46,275 [1a0a9427-a12d-4c98-81a1-c39e1be27f6d@group-D7C7F7FA402A:LeaderElection23] INFO  server.RaftServerConfigKeys (ConfUtils.java:logGet(43)) - raft.server.log.appender.buffer.byte-limit = 33554432 (custom)
2019-09-27 10:12:46,275 [1a0a9427-a12d-4c98-81a1-c39e1be27f6d@group-D7C7F7FA402A:LeaderElection23] INFO  server.RaftServerConfigKeys (ConfUtils.java:logGet(43)) - raft.server.log.appender.buffer.element-limit = 1 (custom)
2019-09-27 10:12:46,276 [1a0a9427-a12d-4c98-81a1-c39e1be27f6d@group-D7C7F7FA402A:LeaderElection23] INFO  grpc.GrpcConfigKeys$Server (ConfUtils.java:logGet(43)) - raft.grpc.server.leader.outstanding.appends.max = 128 (default)
2019-09-27 10:12:46,276 [1a0a9427-a12d-4c98-81a1-c39e1be27f6d@group-D7C7F7FA402A:LeaderElection23] INFO  server.RaftServerConfigKeys (ConfUtils.java:logGet(43)) - raft.server.rpc.request.timeout = 3000ms (default)
2019-09-27 10:12:46,276 [1a0a9427-a12d-4c98-81a1-c39e1be27f6d@group-D7C7F7FA402A:LeaderElection23] INFO  server.RaftServerConfigKeys (ConfUtils.java:logGet(43)) - raft.server.log.appender.install.snapshot.enabled = false (custom)
2019-09-27 10:12:46,277 [1a0a9427-a12d-4c98-81a1-c39e1be27f6d@group-D7C7F7FA402A:LeaderElection23] INFO  server.RaftServerConfigKeys (ConfUtils.java:logGet(43)) - raft.server.log.appender.snapshot.chunk.size.max = 16MB (=16777216) (default)
2019-09-27 10:12:46,277 [1a0a9427-a12d-4c98-81a1-c39e1be27f6d@group-D7C7F7FA402A:LeaderElection23] INFO  server.RaftServerConfigKeys (ConfUtils.java:logGet(43)) - raft.server.log.appender.buffer.byte-limit = 33554432 (custom)
2019-09-27 10:12:46,277 [1a0a9427-a12d-4c98-81a1-c39e1be27f6d@group-D7C7F7FA402A:LeaderElection23] INFO  server.RaftServerConfigKeys (ConfUtils.java:logGet(43)) - raft.server.log.appender.buffer.element-limit = 1 (custom)
2019-09-27 10:12:46,278 [1a0a9427-a12d-4c98-81a1-c39e1be27f6d@group-D7C7F7FA402A:LeaderElection23] INFO  grpc.GrpcConfigKeys$Server (ConfUtils.java:logGet(43)) - raft.grpc.server.leader.outstanding.appends.max = 128 (default)
2019-09-27 10:12:46,278 [1a0a9427-a12d-4c98-81a1-c39e1be27f6d@group-D7C7F7FA402A:LeaderElection23] INFO  server.RaftServerConfigKeys (ConfUtils.java:logGet(43)) - raft.server.rpc.request.timeout = 3000ms (default)
2019-09-27 10:12:46,278 [1a0a9427-a12d-4c98-81a1-c39e1be27f6d@group-D7C7F7FA402A:LeaderElection23] INFO  server.RaftServerConfigKeys (ConfUtils.java:logGet(43)) - raft.server.log.appender.install.snapshot.enabled = false (custom)
2019-09-27 10:12:46,279 [1a0a9427-a12d-4c98-81a1-c39e1be27f6d@group-D7C7F7FA402A:LeaderElection23] INFO  impl.RoleInfo (RoleInfo.java:updateAndGet(143)) - 1a0a9427-a12d-4c98-81a1-c39e1be27f6d: start LeaderState
2019-09-27 10:12:46,279 [1a0a9427-a12d-4c98-81a1-c39e1be27f6d@group-D7C7F7FA402A:LeaderElection23] INFO  segmented.SegmentedRaftLogWorker (SegmentedRaftLogWorker.java:startLogSegment(380)) - 1a0a9427-a12d-4c98-81a1-c39e1be27f6d@group-D7C7F7FA402A-SegmentedRaftLogWorker: Starting segment from index:0
2019-09-27 10:12:46,280 [1a0a9427-a12d-4c98-81a1-c39e1be27f6d@group-D7C7F7FA402A:LeaderElection23] INFO  impl.RaftServerImpl (ServerState.java:setRaftConf(354)) - 1a0a9427-a12d-4c98-81a1-c39e1be27f6d@group-D7C7F7FA402A: set configuration 0: [1a0a9427-a12d-4c98-81a1-c39e1be27f6d:192.168.151.103:36200, 4bbf8e1c-0fc8-4b3a-88c0-5b6f150f1aee:192.168.151.103:33910, 363f45e3-c2ed-48f5-ae19-ed94c8ce4f3d:192.168.151.103:41409], old=null at 0
2019-09-27 10:12:46,284 [grpc-default-executor-0] INFO  impl.RaftServerImpl (ServerState.java:setLeader(253)) - 4bbf8e1c-0fc8-4b3a-88c0-5b6f150f1aee@group-D7C7F7FA402A: change Leader from null to 1a0a9427-a12d-4c98-81a1-c39e1be27f6d at term 2 for appendEntries, leader elected after 2581ms
2019-09-27 10:12:46,284 [grpc-default-executor-2] INFO  impl.RaftServerImpl (ServerState.java:setLeader(253)) - 363f45e3-c2ed-48f5-ae19-ed94c8ce4f3d@group-D7C7F7FA402A: change Leader from null to 1a0a9427-a12d-4c98-81a1-c39e1be27f6d at term 2 for appendEntries, leader elected after 2581ms
2019-09-27 10:12:46,326 [grpc-default-executor-2] INFO  impl.RaftServerImpl (ServerState.java:setRaftConf(354)) - 4bbf8e1c-0fc8-4b3a-88c0-5b6f150f1aee@group-D7C7F7FA402A: set configuration 0: [1a0a9427-a12d-4c98-81a1-c39e1be27f6d:192.168.151.103:36200, 4bbf8e1c-0fc8-4b3a-88c0-5b6f150f1aee:192.168.151.103:33910, 363f45e3-c2ed-48f5-ae19-ed94c8ce4f3d:192.168.151.103:41409], old=null at 0
2019-09-27 10:12:46,327 [grpc-default-executor-2] INFO  segmented.SegmentedRaftLogWorker (SegmentedRaftLogWorker.java:startLogSegment(380)) - 4bbf8e1c-0fc8-4b3a-88c0-5b6f150f1aee@group-D7C7F7FA402A-SegmentedRaftLogWorker: Starting segment from index:0
2019-09-27 10:12:46,327 [grpc-default-executor-0] INFO  impl.RaftServerImpl (ServerState.java:setRaftConf(354)) - 363f45e3-c2ed-48f5-ae19-ed94c8ce4f3d@group-D7C7F7FA402A: set configuration 0: [1a0a9427-a12d-4c98-81a1-c39e1be27f6d:192.168.151.103:36200, 4bbf8e1c-0fc8-4b3a-88c0-5b6f150f1aee:192.168.151.103:33910, 363f45e3-c2ed-48f5-ae19-ed94c8ce4f3d:192.168.151.103:41409], old=null at 0
2019-09-27 10:12:46,327 [grpc-default-executor-0] INFO  segmented.SegmentedRaftLogWorker (SegmentedRaftLogWorker.java:startLogSegment(380)) - 363f45e3-c2ed-48f5-ae19-ed94c8ce4f3d@group-D7C7F7FA402A-SegmentedRaftLogWorker: Starting segment from index:0
2019-09-27 10:12:46,327 [1a0a9427-a12d-4c98-81a1-c39e1be27f6d@group-D7C7F7FA402A-SegmentedRaftLogWorker] INFO  segmented.SegmentedRaftLogWorker (SegmentedRaftLogWorker.java:execute(569)) - 1a0a9427-a12d-4c98-81a1-c39e1be27f6d@group-D7C7F7FA402A-SegmentedRaftLogWorker: created new log segment /workdir/hadoop-ozone/integration-test/target/test-dir/MiniOzoneClusterImpl-7309d801-f179-460c-bf8c-3619c569ab1e/datanode-6/data/ratis/6d03672c-c9d9-4c26-95f1-d7c7f7fa402a/current/log_inprogress_0
2019-09-27 10:12:46,383 [363f45e3-c2ed-48f5-ae19-ed94c8ce4f3d@group-D7C7F7FA402A-SegmentedRaftLogWorker] INFO  segmented.SegmentedRaftLogWorker (SegmentedRaftLogWorker.java:execute(569)) - 363f45e3-c2ed-48f5-ae19-ed94c8ce4f3d@group-D7C7F7FA402A-SegmentedRaftLogWorker: created new log segment /workdir/hadoop-ozone/integration-test/target/test-dir/MiniOzoneClusterImpl-7309d801-f179-460c-bf8c-3619c569ab1e/datanode-0/data/ratis/6d03672c-c9d9-4c26-95f1-d7c7f7fa402a/current/log_inprogress_0
2019-09-27 10:12:46,383 [4bbf8e1c-0fc8-4b3a-88c0-5b6f150f1aee@group-D7C7F7FA402A-SegmentedRaftLogWorker] INFO  segmented.SegmentedRaftLogWorker (SegmentedRaftLogWorker.java:execute(569)) - 4bbf8e1c-0fc8-4b3a-88c0-5b6f150f1aee@group-D7C7F7FA402A-SegmentedRaftLogWorker: created new log segment /workdir/hadoop-ozone/integration-test/target/test-dir/MiniOzoneClusterImpl-7309d801-f179-460c-bf8c-3619c569ab1e/datanode-3/data/ratis/6d03672c-c9d9-4c26-95f1-d7c7f7fa402a/current/log_inprogress_0
2019-09-27 10:12:46,414 [main] INFO  ipc.Client (Client.java:handleConnectionFailure(948)) - Retrying connect to server: localhost/127.0.0.1:0. Already tried 2 time(s); retry policy is RetryUpToMaximumCountWithFixedSleep(maxRetries=10, sleepTime=1000 MILLISECONDS)
2019-09-27 10:12:47,416 [main] INFO  ipc.Client (Client.java:handleConnectionFailure(948)) - Retrying connect to server: localhost/127.0.0.1:0. Already tried 3 time(s); retry policy is RetryUpToMaximumCountWithFixedSleep(maxRetries=10, sleepTime=1000 MILLISECONDS)
2019-09-27 10:12:48,417 [main] INFO  ipc.Client (Client.java:handleConnectionFailure(948)) - Retrying connect to server: localhost/127.0.0.1:0. Already tried 4 time(s); retry policy is RetryUpToMaximumCountWithFixedSleep(maxRetries=10, sleepTime=1000 MILLISECONDS)
2019-09-27 10:12:49,419 [main] INFO  ipc.Client (Client.java:handleConnectionFailure(948)) - Retrying connect to server: localhost/127.0.0.1:0. Already tried 5 time(s); retry policy is RetryUpToMaximumCountWithFixedSleep(maxRetries=10, sleepTime=1000 MILLISECONDS)
2019-09-27 10:12:50,420 [main] INFO  ipc.Client (Client.java:handleConnectionFailure(948)) - Retrying connect to server: localhost/127.0.0.1:0. Already tried 6 time(s); retry policy is RetryUpToMaximumCountWithFixedSleep(maxRetries=10, sleepTime=1000 MILLISECONDS)
2019-09-27 10:12:51,421 [main] INFO  ipc.Client (Client.java:handleConnectionFailure(948)) - Retrying connect to server: localhost/127.0.0.1:0. Already tried 7 time(s); retry policy is RetryUpToMaximumCountWithFixedSleep(maxRetries=10, sleepTime=1000 MILLISECONDS)
2019-09-27 10:12:52,423 [main] INFO  ipc.Client (Client.java:handleConnectionFailure(948)) - Retrying connect to server: localhost/127.0.0.1:0. Already tried 8 time(s); retry policy is RetryUpToMaximumCountWithFixedSleep(maxRetries=10, sleepTime=1000 MILLISECONDS)
2019-09-27 10:12:53,424 [main] INFO  ipc.Client (Client.java:handleConnectionFailure(948)) - Retrying connect to server: localhost/127.0.0.1:0. Already tried 9 time(s); retry policy is RetryUpToMaximumCountWithFixedSleep(maxRetries=10, sleepTime=1000 MILLISECONDS)
2019-09-27 10:12:54,430 [main] INFO  ipc.Client (Client.java:handleConnectionFailure(948)) - Retrying connect to server: localhost/127.0.0.1:0. Already tried 0 time(s); retry policy is RetryUpToMaximumCountWithFixedSleep(maxRetries=10, sleepTime=1000 MILLISECONDS)
2019-09-27 10:12:55,432 [main] INFO  ipc.Client (Client.java:handleConnectionFailure(948)) - Retrying connect to server: localhost/127.0.0.1:0. Already tried 1 time(s); retry policy is RetryUpToMaximumCountWithFixedSleep(maxRetries=10, sleepTime=1000 MILLISECONDS)
2019-09-27 10:12:56,433 [main] INFO  ipc.Client (Client.java:handleConnectionFailure(948)) - Retrying connect to server: localhost/127.0.0.1:0. Already tried 2 time(s); retry policy is RetryUpToMaximumCountWithFixedSleep(maxRetries=10, sleepTime=1000 MILLISECONDS)
2019-09-27 10:12:57,437 [main] INFO  ipc.Client (Client.java:handleConnectionFailure(948)) - Retrying connect to server: localhost/127.0.0.1:0. Already tried 3 time(s); retry policy is RetryUpToMaximumCountWithFixedSleep(maxRetries=10, sleepTime=1000 MILLISECONDS)
2019-09-27 10:12:58,438 [main] INFO  ipc.Client (Client.java:handleConnectionFailure(948)) - Retrying connect to server: localhost/127.0.0.1:0. Already tried 4 time(s); retry policy is RetryUpToMaximumCountWithFixedSleep(maxRetries=10, sleepTime=1000 MILLISECONDS)
2019-09-27 10:12:59,440 [main] INFO  ipc.Client (Client.java:handleConnectionFailure(948)) - Retrying connect to server: localhost/127.0.0.1:0. Already tried 5 time(s); retry policy is RetryUpToMaximumCountWithFixedSleep(maxRetries=10, sleepTime=1000 MILLISECONDS)
2019-09-27 10:13:00,441 [main] INFO  ipc.Client (Client.java:handleConnectionFailure(948)) - Retrying connect to server: localhost/127.0.0.1:0. Already tried 6 time(s); retry policy is RetryUpToMaximumCountWithFixedSleep(maxRetries=10, sleepTime=1000 MILLISECONDS)
2019-09-27 10:13:01,443 [main] INFO  ipc.Client (Client.java:handleConnectionFailure(948)) - Retrying connect to server: localhost/127.0.0.1:0. Already tried 7 time(s); retry policy is RetryUpToMaximumCountWithFixedSleep(maxRetries=10, sleepTime=1000 MILLISECONDS)
2019-09-27 10:13:02,444 [main] INFO  ipc.Client (Client.java:handleConnectionFailure(948)) - Retrying connect to server: localhost/127.0.0.1:0. Already tried 8 time(s); retry policy is RetryUpToMaximumCountWithFixedSleep(maxRetries=10, sleepTime=1000 MILLISECONDS)
2019-09-27 10:13:03,446 [main] INFO  ipc.Client (Client.java:handleConnectionFailure(948)) - Retrying connect to server: localhost/127.0.0.1:0. Already tried 9 time(s); retry policy is RetryUpToMaximumCountWithFixedSleep(maxRetries=10, sleepTime=1000 MILLISECONDS)
2019-09-27 10:13:03,448 [main] INFO  retry.RetryInvocationHandler (RetryInvocationHandler.java:log(411)) - com.google.protobuf.ServiceException: java.net.ConnectException: Your endpoint configuration is wrong; For more details see:  http://wiki.apache.org/hadoop/UnsetHostnameOrPort, while invoking $Proxy35.submitRequest over nodeId=null,nodeAddress=127.0.0.1:0 after 1 failover attempts. Trying to failover immediately.
2019-09-27 10:13:04,449 [main] INFO  ipc.Client (Client.java:handleConnectionFailure(948)) - Retrying connect to server: localhost/127.0.0.1:0. Already tried 0 time(s); retry policy is RetryUpToMaximumCountWithFixedSleep(maxRetries=10, sleepTime=1000 MILLISECONDS)
2019-09-27 10:13:05,450 [main] INFO  ipc.Client (Client.java:handleConnectionFailure(948)) - Retrying connect to server: localhost/127.0.0.1:0. Already tried 1 time(s); retry policy is RetryUpToMaximumCountWithFixedSleep(maxRetries=10, sleepTime=1000 MILLISECONDS)
2019-09-27 10:13:06,452 [main] INFO  ipc.Client (Client.java:handleConnectionFailure(948)) - Retrying connect to server: localhost/127.0.0.1:0. Already tried 2 time(s); retry policy is RetryUpToMaximumCountWithFixedSleep(maxRetries=10, sleepTime=1000 MILLISECONDS)
2019-09-27 10:13:07,454 [main] INFO  ipc.Client (Client.java:handleConnectionFailure(948)) - Retrying connect to server: localhost/127.0.0.1:0. Already tried 3 time(s); retry policy is RetryUpToMaximumCountWithFixedSleep(maxRetries=10, sleepTime=1000 MILLISECONDS)
2019-09-27 10:13:08,455 [main] INFO  ipc.Client (Client.java:handleConnectionFailure(948)) - Retrying connect to server: localhost/127.0.0.1:0. Already tried 4 time(s); retry policy is RetryUpToMaximumCountWithFixedSleep(maxRetries=10, sleepTime=1000 MILLISECONDS)
2019-09-27 10:13:09,457 [main] INFO  ipc.Client (Client.java:handleConnectionFailure(948)) - Retrying connect to server: localhost/127.0.0.1:0. Already tried 5 time(s); retry policy is RetryUpToMaximumCountWithFixedSleep(maxRetries=10, sleepTime=1000 MILLISECONDS)
2019-09-27 10:13:10,458 [main] INFO  ipc.Client (Client.java:handleConnectionFailure(948)) - Retrying connect to server: localhost/127.0.0.1:0. Already tried 6 time(s); retry policy is RetryUpToMaximumCountWithFixedSleep(maxRetries=10, sleepTime=1000 MILLISECONDS)
2019-09-27 10:13:11,459 [main] INFO  ipc.Client (Client.java:handleConnectionFailure(948)) - Retrying connect to server: localhost/127.0.0.1:0. Already tried 7 time(s); retry policy is RetryUpToMaximumCountWithFixedSleep(maxRetries=10, sleepTime=1000 MILLISECONDS)
2019-09-27 10:13:12,461 [main] INFO  ipc.Client (Client.java:handleConnectionFailure(948)) - Retrying connect to server: localhost/127.0.0.1:0. Already tried 8 time(s); retry policy is RetryUpToMaximumCountWithFixedSleep(maxRetries=10, sleepTime=1000 MILLISECONDS)
2019-09-27 10:13:13,462 [main] INFO  ipc.Client (Client.java:handleConnectionFailure(948)) - Retrying connect to server: localhost/127.0.0.1:0. Already tried 9 time(s); retry policy is RetryUpToMaximumCountWithFixedSleep(maxRetries=10, sleepTime=1000 MILLISECONDS)
2019-09-27 10:13:13,464 [main] INFO  retry.RetryInvocationHandler (RetryInvocationHandler.java:log(411)) - com.google.protobuf.ServiceException: java.net.ConnectException: Your endpoint configuration is wrong; For more details see:  http://wiki.apache.org/hadoop/UnsetHostnameOrPort, while invoking $Proxy35.submitRequest over nodeId=null,nodeAddress=127.0.0.1:0 after 2 failover attempts. Trying to failover immediately.
2019-09-27 10:13:14,465 [main] INFO  ipc.Client (Client.java:handleConnectionFailure(948)) - Retrying connect to server: localhost/127.0.0.1:0. Already tried 0 time(s); retry policy is RetryUpToMaximumCountWithFixedSleep(maxRetries=10, sleepTime=1000 MILLISECONDS)
2019-09-27 10:13:15,466 [main] INFO  ipc.Client (Client.java:handleConnectionFailure(948)) - Retrying connect to server: localhost/127.0.0.1:0. Already tried 1 time(s); retry policy is RetryUpToMaximumCountWithFixedSleep(maxRetries=10, sleepTime=1000 MILLISECONDS)
2019-09-27 10:13:16,467 [main] INFO  ipc.Client (Client.java:handleConnectionFailure(948)) - Retrying connect to server: localhost/127.0.0.1:0. Already tried 2 time(s); retry policy is RetryUpToMaximumCountWithFixedSleep(maxRetries=10, sleepTime=1000 MILLISECONDS)
2019-09-27 10:13:17,469 [main] INFO  ipc.Client (Client.java:handleConnectionFailure(948)) - Retrying connect to server: localhost/127.0.0.1:0. Already tried 3 time(s); retry policy is RetryUpToMaximumCountWithFixedSleep(maxRetries=10, sleepTime=1000 MILLISECONDS)
2019-09-27 10:13:18,470 [main] INFO  ipc.Client (Client.java:handleConnectionFailure(948)) - Retrying connect to server: localhost/127.0.0.1:0. Already tried 4 time(s); retry policy is RetryUpToMaximumCountWithFixedSleep(maxRetries=10, sleepTime=1000 MILLISECONDS)
2019-09-27 10:13:19,471 [main] INFO  ipc.Client (Client.java:handleConnectionFailure(948)) - Retrying connect to server: localhost/127.0.0.1:0. Already tried 5 time(s); retry policy is RetryUpToMaximumCountWithFixedSleep(maxRetries=10, sleepTime=1000 MILLISECONDS)
2019-09-27 10:13:20,472 [main] INFO  ipc.Client (Client.java:handleConnectionFailure(948)) - Retrying connect to server: localhost/127.0.0.1:0. Already tried 6 time(s); retry policy is RetryUpToMaximumCountWithFixedSleep(maxRetries=10, sleepTime=1000 MILLISECONDS)
2019-09-27 10:13:21,474 [main] INFO  ipc.Client (Client.java:handleConnectionFailure(948)) - Retrying connect to server: localhost/127.0.0.1:0. Already tried 7 time(s); retry policy is RetryUpToMaximumCountWithFixedSleep(maxRetries=10, sleepTime=1000 MILLISECONDS)
2019-09-27 10:13:22,475 [main] INFO  ipc.Client (Client.java:handleConnectionFailure(948)) - Retrying connect to server: localhost/127.0.0.1:0. Already tried 8 time(s); retry policy is RetryUpToMaximumCountWithFixedSleep(maxRetries=10, sleepTime=1000 MILLISECONDS)
2019-09-27 10:13:23,478 [main] INFO  ipc.Client (Client.java:handleConnectionFailure(948)) - Retrying connect to server: localhost/127.0.0.1:0. Already tried 9 time(s); retry policy is RetryUpToMaximumCountWithFixedSleep(maxRetries=10, sleepTime=1000 MILLISECONDS)
2019-09-27 10:13:23,480 [main] INFO  retry.RetryInvocationHandler (RetryInvocationHandler.java:log(411)) - com.google.protobuf.ServiceException: java.net.ConnectException: Your endpoint configuration is wrong; For more details see:  http://wiki.apache.org/hadoop/UnsetHostnameOrPort, while invoking $Proxy35.submitRequest over nodeId=null,nodeAddress=127.0.0.1:0 after 3 failover attempts. Trying to failover immediately.
2019-09-27 10:13:24,481 [main] INFO  ipc.Client (Client.java:handleConnectionFailure(948)) - Retrying connect to server: localhost/127.0.0.1:0. Already tried 0 time(s); retry policy is RetryUpToMaximumCountWithFixedSleep(maxRetries=10, sleepTime=1000 MILLISECONDS)
2019-09-27 10:13:25,482 [main] INFO  ipc.Client (Client.java:handleConnectionFailure(948)) - Retrying connect to server: localhost/127.0.0.1:0. Already tried 1 time(s); retry policy is RetryUpToMaximumCountWithFixedSleep(maxRetries=10, sleepTime=1000 MILLISECONDS)
2019-09-27 10:13:26,484 [main] INFO  ipc.Client (Client.java:handleConnectionFailure(948)) - Retrying connect to server: localhost/127.0.0.1:0. Already tried 2 time(s); retry policy is RetryUpToMaximumCountWithFixedSleep(maxRetries=10, sleepTime=1000 MILLISECONDS)
2019-09-27 10:13:27,485 [main] INFO  ipc.Client (Client.java:handleConnectionFailure(948)) - Retrying connect to server: localhost/127.0.0.1:0. Already tried 3 time(s); retry policy is RetryUpToMaximumCountWithFixedSleep(maxRetries=10, sleepTime=1000 MILLISECONDS)
2019-09-27 10:13:28,487 [main] INFO  ipc.Client (Client.java:handleConnectionFailure(948)) - Retrying connect to server: localhost/127.0.0.1:0. Already tried 4 time(s); retry policy is RetryUpToMaximumCountWithFixedSleep(maxRetries=10, sleepTime=1000 MILLISECONDS)
2019-09-27 10:13:29,488 [main] INFO  ipc.Client (Client.java:handleConnectionFailure(948)) - Retrying connect to server: localhost/127.0.0.1:0. Already tried 5 time(s); retry policy is RetryUpToMaximumCountWithFixedSleep(maxRetries=10, sleepTime=1000 MILLISECONDS)
2019-09-27 10:13:30,489 [main] INFO  ipc.Client (Client.java:handleConnectionFailure(948)) - Retrying connect to server: localhost/127.0.0.1:0. Already tried 6 time(s); retry policy is RetryUpToMaximumCountWithFixedSleep(maxRetries=10, sleepTime=1000 MILLISECONDS)
2019-09-27 10:13:31,491 [main] INFO  ipc.Client (Client.java:handleConnectionFailure(948)) - Retrying connect to server: localhost/127.0.0.1:0. Already tried 7 time(s); retry policy is RetryUpToMaximumCountWithFixedSleep(maxRetries=10, sleepTime=1000 MILLISECONDS)
2019-09-27 10:13:32,492 [main] INFO  ipc.Client (Client.java:handleConnectionFailure(948)) - Retrying connect to server: localhost/127.0.0.1:0. Already tried 8 time(s); retry policy is RetryUpToMaximumCountWithFixedSleep(maxRetries=10, sleepTime=1000 MILLISECONDS)
2019-09-27 10:13:33,493 [main] INFO  ipc.Client (Client.java:handleConnectionFailure(948)) - Retrying connect to server: localhost/127.0.0.1:0. Already tried 9 time(s); retry policy is RetryUpToMaximumCountWithFixedSleep(maxRetries=10, sleepTime=1000 MILLISECONDS)
2019-09-27 10:13:33,495 [main] INFO  retry.RetryInvocationHandler (RetryInvocationHandler.java:log(411)) - com.google.protobuf.ServiceException: java.net.ConnectException: Your endpoint configuration is wrong; For more details see:  http://wiki.apache.org/hadoop/UnsetHostnameOrPort, while invoking $Proxy35.submitRequest over nodeId=null,nodeAddress=127.0.0.1:0 after 4 failover attempts. Trying to failover immediately.
2019-09-27 10:13:34,999 [Thread-433] WARN  util.JavaUtils (JavaUtils.java:sleep(250)) - Unexpected long sleep: sleep(1083ms) actually took 1393ms which is over the threshold 300ms
2019-09-27 10:13:35,000 [Thread-406] WARN  util.JavaUtils (JavaUtils.java:sleep(250)) - Unexpected long sleep: sleep(1031ms) actually took 1502ms which is over the threshold 300ms
2019-09-27 10:13:35,001 [main] INFO  ipc.Client (Client.java:handleConnectionFailure(948)) - Retrying connect to server: localhost/127.0.0.1:0. Already tried 0 time(s); retry policy is RetryUpToMaximumCountWithFixedSleep(maxRetries=10, sleepTime=1000 MILLISECONDS)
2019-09-27 10:13:36,010 [main] INFO  ipc.Client (Client.java:handleConnectionFailure(948)) - Retrying connect to server: localhost/127.0.0.1:0. Already tried 1 time(s); retry policy is RetryUpToMaximumCountWithFixedSleep(maxRetries=10, sleepTime=1000 MILLISECONDS)
2019-09-27 10:13:37,014 [main] INFO  ipc.Client (Client.java:handleConnectionFailure(948)) - Retrying connect to server: localhost/127.0.0.1:0. Already tried 2 time(s); retry policy is RetryUpToMaximumCountWithFixedSleep(maxRetries=10, sleepTime=1000 MILLISECONDS)
2019-09-27 10:13:38,015 [main] INFO  ipc.Client (Client.java:handleConnectionFailure(948)) - Retrying connect to server: localhost/127.0.0.1:0. Already tried 3 time(s); retry policy is RetryUpToMaximumCountWithFixedSleep(maxRetries=10, sleepTime=1000 MILLISECONDS)
2019-09-27 10:13:39,016 [main] INFO  ipc.Client (Client.java:handleConnectionFailure(948)) - Retrying connect to server: localhost/127.0.0.1:0. Already tried 4 time(s); retry policy is RetryUpToMaximumCountWithFixedSleep(maxRetries=10, sleepTime=1000 MILLISECONDS)
2019-09-27 10:13:40,018 [main] INFO  ipc.Client (Client.java:handleConnectionFailure(948)) - Retrying connect to server: localhost/127.0.0.1:0. Already tried 5 time(s); retry policy is RetryUpToMaximumCountWithFixedSleep(maxRetries=10, sleepTime=1000 MILLISECONDS)
2019-09-27 10:13:41,019 [main] INFO  ipc.Client (Client.java:handleConnectionFailure(948)) - Retrying connect to server: localhost/127.0.0.1:0. Already tried 6 time(s); retry policy is RetryUpToMaximumCountWithFixedSleep(maxRetries=10, sleepTime=1000 MILLISECONDS)
2019-09-27 10:13:42,020 [main] INFO  ipc.Client (Client.java:handleConnectionFailure(948)) - Retrying connect to server: localhost/127.0.0.1:0. Already tried 7 time(s); retry policy is RetryUpToMaximumCountWithFixedSleep(maxRetries=10, sleepTime=1000 MILLISECONDS)
2019-09-27 10:13:43,025 [main] INFO  ipc.Client (Client.java:handleConnectionFailure(948)) - Retrying connect to server: localhost/127.0.0.1:0. Already tried 8 time(s); retry policy is RetryUpToMaximumCountWithFixedSleep(maxRetries=10, sleepTime=1000 MILLISECONDS)
2019-09-27 10:13:44,026 [main] INFO  ipc.Client (Client.java:handleConnectionFailure(948)) - Retrying connect to server: localhost/127.0.0.1:0. Already tried 9 time(s); retry policy is RetryUpToMaximumCountWithFixedSleep(maxRetries=10, sleepTime=1000 MILLISECONDS)
2019-09-27 10:13:44,028 [main] INFO  retry.RetryInvocationHandler (RetryInvocationHandler.java:log(411)) - com.google.protobuf.ServiceException: java.net.ConnectException: Your endpoint configuration is wrong; For more details see:  http://wiki.apache.org/hadoop/UnsetHostnameOrPort, while invoking $Proxy35.submitRequest over nodeId=null,nodeAddress=127.0.0.1:0 after 5 failover attempts. Trying to failover immediately.
2019-09-27 10:13:45,029 [main] INFO  ipc.Client (Client.java:handleConnectionFailure(948)) - Retrying connect to server: localhost/127.0.0.1:0. Already tried 0 time(s); retry policy is RetryUpToMaximumCountWithFixedSleep(maxRetries=10, sleepTime=1000 MILLISECONDS)
2019-09-27 10:13:46,030 [main] INFO  ipc.Client (Client.java:handleConnectionFailure(948)) - Retrying connect to server: localhost/127.0.0.1:0. Already tried 1 time(s); retry policy is RetryUpToMaximumCountWithFixedSleep(maxRetries=10, sleepTime=1000 MILLISECONDS)
2019-09-27 10:13:47,032 [main] INFO  ipc.Client (Client.java:handleConnectionFailure(948)) - Retrying connect to server: localhost/127.0.0.1:0. Already tried 2 time(s); retry policy is RetryUpToMaximumCountWithFixedSleep(maxRetries=10, sleepTime=1000 MILLISECONDS)
2019-09-27 10:13:48,033 [main] INFO  ipc.Client (Client.java:handleConnectionFailure(948)) - Retrying connect to server: localhost/127.0.0.1:0. Already tried 3 time(s); retry policy is RetryUpToMaximumCountWithFixedSleep(maxRetries=10, sleepTime=1000 MILLISECONDS)
2019-09-27 10:13:49,036 [main] INFO  ipc.Client (Client.java:handleConnectionFailure(948)) - Retrying connect to server: localhost/127.0.0.1:0. Already tried 4 time(s); retry policy is RetryUpToMaximumCountWithFixedSleep(maxRetries=10, sleepTime=1000 MILLISECONDS)
2019-09-27 10:13:50,037 [main] INFO  ipc.Client (Client.java:handleConnectionFailure(948)) - Retrying connect to server: localhost/127.0.0.1:0. Already tried 5 time(s); retry policy is RetryUpToMaximumCountWithFixedSleep(maxRetries=10, sleepTime=1000 MILLISECONDS)
2019-09-27 10:13:51,038 [main] INFO  ipc.Client (Client.java:handleConnectionFailure(948)) - Retrying connect to server: localhost/127.0.0.1:0. Already tried 6 time(s); retry policy is RetryUpToMaximumCountWithFixedSleep(maxRetries=10, sleepTime=1000 MILLISECONDS)
2019-09-27 10:13:52,039 [main] INFO  ipc.Client (Client.java:handleConnectionFailure(948)) - Retrying connect to server: localhost/127.0.0.1:0. Already tried 7 time(s); retry policy is RetryUpToMaximumCountWithFixedSleep(maxRetries=10, sleepTime=1000 MILLISECONDS)
2019-09-27 10:13:53,041 [main] INFO  ipc.Client (Client.java:handleConnectionFailure(948)) - Retrying connect to server: localhost/127.0.0.1:0. Already tried 8 time(s); retry policy is RetryUpToMaximumCountWithFixedSleep(maxRetries=10, sleepTime=1000 MILLISECONDS)
2019-09-27 10:13:54,042 [main] INFO  ipc.Client (Client.java:handleConnectionFailure(948)) - Retrying connect to server: localhost/127.0.0.1:0. Already tried 9 time(s); retry policy is RetryUpToMaximumCountWithFixedSleep(maxRetries=10, sleepTime=1000 MILLISECONDS)
2019-09-27 10:13:54,044 [main] INFO  retry.RetryInvocationHandler (RetryInvocationHandler.java:log(411)) - com.google.protobuf.ServiceException: java.net.ConnectException: Your endpoint configuration is wrong; For more details see:  http://wiki.apache.org/hadoop/UnsetHostnameOrPort, while invoking $Proxy35.submitRequest over nodeId=null,nodeAddress=127.0.0.1:0 after 6 failover attempts. Trying to failover immediately.
2019-09-27 10:13:55,045 [main] INFO  ipc.Client (Client.java:handleConnectionFailure(948)) - Retrying connect to server: localhost/127.0.0.1:0. Already tried 0 time(s); retry policy is RetryUpToMaximumCountWithFixedSleep(maxRetries=10, sleepTime=1000 MILLISECONDS)
2019-09-27 10:13:56,047 [main] INFO  ipc.Client (Client.java:handleConnectionFailure(948)) - Retrying connect to server: localhost/127.0.0.1:0. Already tried 1 time(s); retry policy is RetryUpToMaximumCountWithFixedSleep(maxRetries=10, sleepTime=1000 MILLISECONDS)
2019-09-27 10:13:57,048 [main] INFO  ipc.Client (Client.java:handleConnectionFailure(948)) - Retrying connect to server: localhost/127.0.0.1:0. Already tried 2 time(s); retry policy is RetryUpToMaximumCountWithFixedSleep(maxRetries=10, sleepTime=1000 MILLISECONDS)
2019-09-27 10:13:58,050 [main] INFO  ipc.Client (Client.java:handleConnectionFailure(948)) - Retrying connect to server: localhost/127.0.0.1:0. Already tried 3 time(s); retry policy is RetryUpToMaximumCountWithFixedSleep(maxRetries=10, sleepTime=1000 MILLISECONDS)
2019-09-27 10:13:59,051 [main] INFO  ipc.Client (Client.java:handleConnectionFailure(948)) - Retrying connect to server: localhost/127.0.0.1:0. Already tried 4 time(s); retry policy is RetryUpToMaximumCountWithFixedSleep(maxRetries=10, sleepTime=1000 MILLISECONDS)
2019-09-27 10:14:00,052 [main] INFO  ipc.Client (Client.java:handleConnectionFailure(948)) - Retrying connect to server: localhost/127.0.0.1:0. Already tried 5 time(s); retry policy is RetryUpToMaximumCountWithFixedSleep(maxRetries=10, sleepTime=1000 MILLISECONDS)
2019-09-27 10:14:01,054 [main] INFO  ipc.Client (Client.java:handleConnectionFailure(948)) - Retrying connect to server: localhost/127.0.0.1:0. Already tried 6 time(s); retry policy is RetryUpToMaximumCountWithFixedSleep(maxRetries=10, sleepTime=1000 MILLISECONDS)
2019-09-27 10:14:02,055 [main] INFO  ipc.Client (Client.java:handleConnectionFailure(948)) - Retrying connect to server: localhost/127.0.0.1:0. Already tried 7 time(s); retry policy is RetryUpToMaximumCountWithFixedSleep(maxRetries=10, sleepTime=1000 MILLISECONDS)
2019-09-27 10:14:03,056 [main] INFO  ipc.Client (Client.java:handleConnectionFailure(948)) - Retrying connect to server: localhost/127.0.0.1:0. Already tried 8 time(s); retry policy is RetryUpToMaximumCountWithFixedSleep(maxRetries=10, sleepTime=1000 MILLISECONDS)
2019-09-27 10:14:04,058 [main] INFO  ipc.Client (Client.java:handleConnectionFailure(948)) - Retrying connect to server: localhost/127.0.0.1:0. Already tried 9 time(s); retry policy is RetryUpToMaximumCountWithFixedSleep(maxRetries=10, sleepTime=1000 MILLISECONDS)
2019-09-27 10:14:04,060 [main] INFO  retry.RetryInvocationHandler (RetryInvocationHandler.java:log(411)) - com.google.protobuf.ServiceException: java.net.ConnectException: Your endpoint configuration is wrong; For more details see:  http://wiki.apache.org/hadoop/UnsetHostnameOrPort, while invoking $Proxy35.submitRequest over nodeId=null,nodeAddress=127.0.0.1:0 after 7 failover attempts. Trying to failover immediately.
2019-09-27 10:14:05,061 [main] INFO  ipc.Client (Client.java:handleConnectionFailure(948)) - Retrying connect to server: localhost/127.0.0.1:0. Already tried 0 time(s); retry policy is RetryUpToMaximumCountWithFixedSleep(maxRetries=10, sleepTime=1000 MILLISECONDS)
2019-09-27 10:14:06,062 [main] INFO  ipc.Client (Client.java:handleConnectionFailure(948)) - Retrying connect to server: localhost/127.0.0.1:0. Already tried 1 time(s); retry policy is RetryUpToMaximumCountWithFixedSleep(maxRetries=10, sleepTime=1000 MILLISECONDS)
2019-09-27 10:14:07,064 [main] INFO  ipc.Client (Client.java:handleConnectionFailure(948)) - Retrying connect to server: localhost/127.0.0.1:0. Already tried 2 time(s); retry policy is RetryUpToMaximumCountWithFixedSleep(maxRetries=10, sleepTime=1000 MILLISECONDS)
2019-09-27 10:14:08,065 [main] INFO  ipc.Client (Client.java:handleConnectionFailure(948)) - Retrying connect to server: localhost/127.0.0.1:0. Already tried 3 time(s); retry policy is RetryUpToMaximumCountWithFixedSleep(maxRetries=10, sleepTime=1000 MILLISECONDS)
2019-09-27 10:14:09,066 [main] INFO  ipc.Client (Client.java:handleConnectionFailure(948)) - Retrying connect to server: localhost/127.0.0.1:0. Already tried 4 time(s); retry policy is RetryUpToMaximumCountWithFixedSleep(maxRetries=10, sleepTime=1000 MILLISECONDS)
2019-09-27 10:14:10,068 [main] INFO  ipc.Client (Client.java:handleConnectionFailure(948)) - Retrying connect to server: localhost/127.0.0.1:0. Already tried 5 time(s); retry policy is RetryUpToMaximumCountWithFixedSleep(maxRetries=10, sleepTime=1000 MILLISECONDS)
2019-09-27 10:14:11,069 [main] INFO  ipc.Client (Client.java:handleConnectionFailure(948)) - Retrying connect to server: localhost/127.0.0.1:0. Already tried 6 time(s); retry policy is RetryUpToMaximumCountWithFixedSleep(maxRetries=10, sleepTime=1000 MILLISECONDS)
2019-09-27 10:14:12,071 [main] INFO  ipc.Client (Client.java:handleConnectionFailure(948)) - Retrying connect to server: localhost/127.0.0.1:0. Already tried 7 time(s); retry policy is RetryUpToMaximumCountWithFixedSleep(maxRetries=10, sleepTime=1000 MILLISECONDS)
2019-09-27 10:14:13,073 [main] INFO  ipc.Client (Client.java:handleConnectionFailure(948)) - Retrying connect to server: localhost/127.0.0.1:0. Already tried 8 time(s); retry policy is RetryUpToMaximumCountWithFixedSleep(maxRetries=10, sleepTime=1000 MILLISECONDS)
2019-09-27 10:14:14,077 [main] INFO  ipc.Client (Client.java:handleConnectionFailure(948)) - Retrying connect to server: localhost/127.0.0.1:0. Already tried 9 time(s); retry policy is RetryUpToMaximumCountWithFixedSleep(maxRetries=10, sleepTime=1000 MILLISECONDS)
2019-09-27 10:14:14,079 [main] INFO  retry.RetryInvocationHandler (RetryInvocationHandler.java:log(411)) - com.google.protobuf.ServiceException: java.net.ConnectException: Your endpoint configuration is wrong; For more details see:  http://wiki.apache.org/hadoop/UnsetHostnameOrPort, while invoking $Proxy35.submitRequest over nodeId=null,nodeAddress=127.0.0.1:0 after 8 failover attempts. Trying to failover immediately.
2019-09-27 10:14:15,080 [main] INFO  ipc.Client (Client.java:handleConnectionFailure(948)) - Retrying connect to server: localhost/127.0.0.1:0. Already tried 0 time(s); retry policy is RetryUpToMaximumCountWithFixedSleep(maxRetries=10, sleepTime=1000 MILLISECONDS)
2019-09-27 10:14:16,081 [main] INFO  ipc.Client (Client.java:handleConnectionFailure(948)) - Retrying connect to server: localhost/127.0.0.1:0. Already tried 1 time(s); retry policy is RetryUpToMaximumCountWithFixedSleep(maxRetries=10, sleepTime=1000 MILLISECONDS)
2019-09-27 10:14:17,083 [main] INFO  ipc.Client (Client.java:handleConnectionFailure(948)) - Retrying connect to server: localhost/127.0.0.1:0. Already tried 2 time(s); retry policy is RetryUpToMaximumCountWithFixedSleep(maxRetries=10, sleepTime=1000 MILLISECONDS)
2019-09-27 10:14:18,084 [main] INFO  ipc.Client (Client.java:handleConnectionFailure(948)) - Retrying connect to server: localhost/127.0.0.1:0. Already tried 3 time(s); retry policy is RetryUpToMaximumCountWithFixedSleep(maxRetries=10, sleepTime=1000 MILLISECONDS)
2019-09-27 10:14:19,085 [main] INFO  ipc.Client (Client.java:handleConnectionFailure(948)) - Retrying connect to server: localhost/127.0.0.1:0. Already tried 4 time(s); retry policy is RetryUpToMaximumCountWithFixedSleep(maxRetries=10, sleepTime=1000 MILLISECONDS)
2019-09-27 10:14:20,088 [main] INFO  ipc.Client (Client.java:handleConnectionFailure(948)) - Retrying connect to server: localhost/127.0.0.1:0. Already tried 5 time(s); retry policy is RetryUpToMaximumCountWithFixedSleep(maxRetries=10, sleepTime=1000 MILLISECONDS)
2019-09-27 10:14:21,089 [main] INFO  ipc.Client (Client.java:handleConnectionFailure(948)) - Retrying connect to server: localhost/127.0.0.1:0. Already tried 6 time(s); retry policy is RetryUpToMaximumCountWithFixedSleep(maxRetries=10, sleepTime=1000 MILLISECONDS)
2019-09-27 10:14:22,091 [main] INFO  ipc.Client (Client.java:handleConnectionFailure(948)) - Retrying connect to server: localhost/127.0.0.1:0. Already tried 7 time(s); retry policy is RetryUpToMaximumCountWithFixedSleep(maxRetries=10, sleepTime=1000 MILLISECONDS)
2019-09-27 10:14:23,092 [main] INFO  ipc.Client (Client.java:handleConnectionFailure(948)) - Retrying connect to server: localhost/127.0.0.1:0. Already tried 8 time(s); retry policy is RetryUpToMaximumCountWithFixedSleep(maxRetries=10, sleepTime=1000 MILLISECONDS)
2019-09-27 10:14:24,093 [main] INFO  ipc.Client (Client.java:handleConnectionFailure(948)) - Retrying connect to server: localhost/127.0.0.1:0. Already tried 9 time(s); retry policy is RetryUpToMaximumCountWithFixedSleep(maxRetries=10, sleepTime=1000 MILLISECONDS)
2019-09-27 10:14:24,095 [main] INFO  retry.RetryInvocationHandler (RetryInvocationHandler.java:log(411)) - com.google.protobuf.ServiceException: java.net.ConnectException: Your endpoint configuration is wrong; For more details see:  http://wiki.apache.org/hadoop/UnsetHostnameOrPort, while invoking $Proxy35.submitRequest over nodeId=null,nodeAddress=127.0.0.1:0 after 9 failover attempts. Trying to failover immediately.
2019-09-27 10:14:25,096 [main] INFO  ipc.Client (Client.java:handleConnectionFailure(948)) - Retrying connect to server: localhost/127.0.0.1:0. Already tried 0 time(s); retry policy is RetryUpToMaximumCountWithFixedSleep(maxRetries=10, sleepTime=1000 MILLISECONDS)
2019-09-27 10:14:26,098 [main] INFO  ipc.Client (Client.java:handleConnectionFailure(948)) - Retrying connect to server: localhost/127.0.0.1:0. Already tried 1 time(s); retry policy is RetryUpToMaximumCountWithFixedSleep(maxRetries=10, sleepTime=1000 MILLISECONDS)
2019-09-27 10:14:27,099 [main] INFO  ipc.Client (Client.java:handleConnectionFailure(948)) - Retrying connect to server: localhost/127.0.0.1:0. Already tried 2 time(s); retry policy is RetryUpToMaximumCountWithFixedSleep(maxRetries=10, sleepTime=1000 MILLISECONDS)
2019-09-27 10:14:28,101 [main] INFO  ipc.Client (Client.java:handleConnectionFailure(948)) - Retrying connect to server: localhost/127.0.0.1:0. Already tried 3 time(s); retry policy is RetryUpToMaximumCountWithFixedSleep(maxRetries=10, sleepTime=1000 MILLISECONDS)
2019-09-27 10:14:29,102 [main] INFO  ipc.Client (Client.java:handleConnectionFailure(948)) - Retrying connect to server: localhost/127.0.0.1:0. Already tried 4 time(s); retry policy is RetryUpToMaximumCountWithFixedSleep(maxRetries=10, sleepTime=1000 MILLISECONDS)
2019-09-27 10:14:30,104 [main] INFO  ipc.Client (Client.java:handleConnectionFailure(948)) - Retrying connect to server: localhost/127.0.0.1:0. Already tried 5 time(s); retry policy is RetryUpToMaximumCountWithFixedSleep(maxRetries=10, sleepTime=1000 MILLISECONDS)
2019-09-27 10:14:31,106 [main] INFO  ipc.Client (Client.java:handleConnectionFailure(948)) - Retrying connect to server: localhost/127.0.0.1:0. Already tried 6 time(s); retry policy is RetryUpToMaximumCountWithFixedSleep(maxRetries=10, sleepTime=1000 MILLISECONDS)
2019-09-27 10:14:32,107 [main] INFO  ipc.Client (Client.java:handleConnectionFailure(948)) - Retrying connect to server: localhost/127.0.0.1:0. Already tried 7 time(s); retry policy is RetryUpToMaximumCountWithFixedSleep(maxRetries=10, sleepTime=1000 MILLISECONDS)
2019-09-27 10:14:33,108 [main] INFO  ipc.Client (Client.java:handleConnectionFailure(948)) - Retrying connect to server: localhost/127.0.0.1:0. Already tried 8 time(s); retry policy is RetryUpToMaximumCountWithFixedSleep(maxRetries=10, sleepTime=1000 MILLISECONDS)
2019-09-27 10:14:34,110 [main] INFO  ipc.Client (Client.java:handleConnectionFailure(948)) - Retrying connect to server: localhost/127.0.0.1:0. Already tried 9 time(s); retry policy is RetryUpToMaximumCountWithFixedSleep(maxRetries=10, sleepTime=1000 MILLISECONDS)
2019-09-27 10:14:34,112 [main] ERROR ha.OMFailoverProxyProvider (OzoneManagerProtocolClientSideTranslatorPB.java:getRetryAction(268)) - Failed to connect to OM. Attempted 10 retries and 10 failovers
2019-09-27 10:14:34,116 [main] ERROR client.OzoneClientFactory (OzoneClientFactory.java:getClientProtocol(259)) - Couldn't create RpcClient protocol exception: 
java.net.ConnectException: Your endpoint configuration is wrong; For more details see:  http://wiki.apache.org/hadoop/UnsetHostnameOrPort
	at sun.reflect.NativeConstructorAccessorImpl.newInstance0(Native Method)
	at sun.reflect.NativeConstructorAccessorImpl.newInstance(NativeConstructorAccessorImpl.java:62)
	at sun.reflect.DelegatingConstructorAccessorImpl.newInstance(DelegatingConstructorAccessorImpl.java:45)
	at java.lang.reflect.Constructor.newInstance(Constructor.java:423)
	at org.apache.hadoop.net.NetUtils.wrapWithMessage(NetUtils.java:831)
	at org.apache.hadoop.net.NetUtils.wrapException(NetUtils.java:751)
	at org.apache.hadoop.ipc.Client.getRpcResponse(Client.java:1515)
	at org.apache.hadoop.ipc.Client.call(Client.java:1457)
	at org.apache.hadoop.ipc.Client.call(Client.java:1367)
	at org.apache.hadoop.ipc.ProtobufRpcEngine$Invoker.invoke(ProtobufRpcEngine.java:228)
	at org.apache.hadoop.ipc.ProtobufRpcEngine$Invoker.invoke(ProtobufRpcEngine.java:116)
	at com.sun.proxy.$Proxy35.submitRequest(Unknown Source)
	at sun.reflect.NativeMethodAccessorImpl.invoke0(Native Method)
	at sun.reflect.NativeMethodAccessorImpl.invoke(NativeMethodAccessorImpl.java:62)
	at sun.reflect.DelegatingMethodAccessorImpl.invoke(DelegatingMethodAccessorImpl.java:43)
	at java.lang.reflect.Method.invoke(Method.java:498)
	at org.apache.hadoop.io.retry.RetryInvocationHandler.invokeMethod(RetryInvocationHandler.java:422)
	at org.apache.hadoop.io.retry.RetryInvocationHandler$Call.invokeMethod(RetryInvocationHandler.java:165)
	at org.apache.hadoop.io.retry.RetryInvocationHandler$Call.invoke(RetryInvocationHandler.java:157)
	at org.apache.hadoop.io.retry.RetryInvocationHandler$Call.invokeOnce(RetryInvocationHandler.java:95)
	at org.apache.hadoop.io.retry.RetryInvocationHandler.invoke(RetryInvocationHandler.java:359)
	at com.sun.proxy.$Proxy35.submitRequest(Unknown Source)
	at org.apache.hadoop.ozone.om.protocolPB.OzoneManagerProtocolClientSideTranslatorPB.submitRequest(OzoneManagerProtocolClientSideTranslatorPB.java:338)
	at org.apache.hadoop.ozone.om.protocolPB.OzoneManagerProtocolClientSideTranslatorPB.getServiceInfo(OzoneManagerProtocolClientSideTranslatorPB.java:1223)
	at sun.reflect.NativeMethodAccessorImpl.invoke0(Native Method)
	at sun.reflect.NativeMethodAccessorImpl.invoke(NativeMethodAccessorImpl.java:62)
	at sun.reflect.DelegatingMethodAccessorImpl.invoke(DelegatingMethodAccessorImpl.java:43)
	at java.lang.reflect.Method.invoke(Method.java:498)
	at org.apache.hadoop.hdds.tracing.TraceAllMethod.invoke(TraceAllMethod.java:66)
	at com.sun.proxy.$Proxy36.getServiceInfo(Unknown Source)
	at org.apache.hadoop.ozone.client.rpc.RpcClient.<init>(RpcClient.java:154)
	at org.apache.hadoop.ozone.client.OzoneClientFactory.getClientProtocol(OzoneClientFactory.java:256)
	at org.apache.hadoop.ozone.client.OzoneClientFactory.getClientProtocol(OzoneClientFactory.java:239)
	at org.apache.hadoop.ozone.client.OzoneClientFactory.getClient(OzoneClientFactory.java:75)
	at org.apache.hadoop.ozone.client.rpc.TestMultiBlockWritesWithDnFailures.startCluster(TestMultiBlockWritesWithDnFailures.java:96)
	at org.apache.hadoop.ozone.client.rpc.TestMultiBlockWritesWithDnFailures.testMultiBlockWritesWithIntermittentDnFailures(TestMultiBlockWritesWithDnFailures.java:160)
	at sun.reflect.NativeMethodAccessorImpl.invoke0(Native Method)
	at sun.reflect.NativeMethodAccessorImpl.invoke(NativeMethodAccessorImpl.java:62)
	at sun.reflect.DelegatingMethodAccessorImpl.invoke(DelegatingMethodAccessorImpl.java:43)
	at java.lang.reflect.Method.invoke(Method.java:498)
	at org.junit.runners.model.FrameworkMethod$1.runReflectiveCall(FrameworkMethod.java:47)
	at org.junit.internal.runners.model.ReflectiveCallable.run(ReflectiveCallable.java:12)
	at org.junit.runners.model.FrameworkMethod.invokeExplosively(FrameworkMethod.java:44)
	at org.junit.internal.runners.statements.InvokeMethod.evaluate(InvokeMethod.java:17)
	at org.junit.internal.runners.statements.RunAfters.evaluate(RunAfters.java:27)
	at org.junit.runners.ParentRunner.runLeaf(ParentRunner.java:271)
	at org.junit.runners.BlockJUnit4ClassRunner.runChild(BlockJUnit4ClassRunner.java:70)
	at org.junit.runners.BlockJUnit4ClassRunner.runChild(BlockJUnit4ClassRunner.java:50)
	at org.junit.runners.ParentRunner$3.run(ParentRunner.java:238)
	at org.junit.runners.ParentRunner$1.schedule(ParentRunner.java:63)
	at org.junit.runners.ParentRunner.runChildren(ParentRunner.java:236)
	at org.junit.runners.ParentRunner.access$000(ParentRunner.java:53)
	at org.junit.runners.ParentRunner$2.evaluate(ParentRunner.java:229)
	at org.junit.runners.ParentRunner.run(ParentRunner.java:309)
	at org.apache.maven.surefire.junit4.JUnit4Provider.execute(JUnit4Provider.java:365)
	at org.apache.maven.surefire.junit4.JUnit4Provider.executeWithRerun(JUnit4Provider.java:273)
	at org.apache.maven.surefire.junit4.JUnit4Provider.executeTestSet(JUnit4Provider.java:238)
	at org.apache.maven.surefire.junit4.JUnit4Provider.invoke(JUnit4Provider.java:159)
	at org.apache.maven.surefire.booter.ForkedBooter.invokeProviderInSameClassLoader(ForkedBooter.java:384)
	at org.apache.maven.surefire.booter.ForkedBooter.runSuitesInProcess(ForkedBooter.java:345)
	at org.apache.maven.surefire.booter.ForkedBooter.execute(ForkedBooter.java:126)
	at org.apache.maven.surefire.booter.ForkedBooter.main(ForkedBooter.java:418)
Caused by: java.net.ConnectException: Connection refused
	at sun.nio.ch.SocketChannelImpl.checkConnect(Native Method)
	at sun.nio.ch.SocketChannelImpl.finishConnect(SocketChannelImpl.java:717)
	at org.apache.hadoop.net.SocketIOWithTimeout.connect(SocketIOWithTimeout.java:206)
	at org.apache.hadoop.net.NetUtils.connect(NetUtils.java:531)
	at org.apache.hadoop.ipc.Client$Connection.setupConnection(Client.java:690)
	at org.apache.hadoop.ipc.Client$Connection.setupIOstreams(Client.java:794)
	at org.apache.hadoop.ipc.Client$Connection.access$3700(Client.java:411)
	at org.apache.hadoop.ipc.Client.getConnection(Client.java:1572)
	at org.apache.hadoop.ipc.Client.call(Client.java:1403)
	... 54 more
2019-09-27 10:14:34,121 [main] INFO  ozone.MiniOzoneClusterImpl (MiniOzoneClusterImpl.java:shutdown(314)) - Shutting down the Mini Ozone Cluster
2019-09-27 10:14:34,122 [main] INFO  ozone.MiniOzoneClusterImpl (MiniOzoneClusterImpl.java:stop(330)) - Stopping the Mini Ozone Cluster
2019-09-27 10:14:34,122 [main] INFO  ozone.MiniOzoneClusterImpl (MiniOzoneClusterImpl.java:stopOM(400)) - Stopping the OzoneManager
2019-09-27 10:14:34,122 [main] INFO  ipc.Server (Server.java:stop(3082)) - Stopping server on 34383
2019-09-27 10:14:34,124 [IPC Server listener on 34383] INFO  ipc.Server (Server.java:run(1185)) - Stopping IPC Server listener on 34383
2019-09-27 10:14:34,125 [main] INFO  ratis.OzoneManagerDoubleBuffer (OzoneManagerDoubleBuffer.java:stop(248)) - Stopping OMDoubleBuffer flush thread
2019-09-27 10:14:34,125 [IPC Server Responder] INFO  ipc.Server (Server.java:run(1319)) - Stopping IPC Server Responder
2019-09-27 10:14:34,127 [OMDoubleBufferFlushThread] INFO  ratis.OzoneManagerDoubleBuffer (OzoneManagerDoubleBuffer.java:flushTransactions(191)) - OMDoubleBuffer flush thread OMDoubleBufferFlushThread is interrupted and will exit. OMDoubleBufferFlushThread
2019-09-27 10:14:34,128 [main] INFO  utils.BackgroundService (BackgroundService.java:shutdown(148)) - Shutting down service KeyDeletingService
2019-09-27 10:14:34,134 [main] INFO  handler.ContextHandler (ContextHandler.java:doStop(910)) - Stopped o.e.j.w.WebAppContext@4158debd{/,null,UNAVAILABLE}{/ozoneManager}
2019-09-27 10:14:34,142 [main] INFO  server.AbstractConnector (AbstractConnector.java:doStop(318)) - Stopped ServerConnector@af78c87{HTTP/1.1,[http/1.1]}{0.0.0.0:0}
2019-09-27 10:14:34,143 [main] INFO  handler.ContextHandler (ContextHandler.java:doStop(910)) - Stopped o.e.j.s.ServletContextHandler@65004ff6{/static,file:///workdir/hadoop-ozone/integration-test/target/test-classes/webapps/static,UNAVAILABLE}
2019-09-27 10:14:34,143 [main] INFO  handler.ContextHandler (ContextHandler.java:doStop(910)) - Stopped o.e.j.s.ServletContextHandler@49aa766b{/logs,file:///workdir/hadoop-ozone/integration-test/target/log,UNAVAILABLE}
2019-09-27 10:14:34,150 [main] INFO  ozone.MiniOzoneClusterImpl (MiniOzoneClusterImpl.java:stopDatanodes(377)) - Stopping the HddsDatanodes
2019-09-27 10:14:35,005 [Datanode State Machine Thread - 0] INFO  statemachine.DatanodeStateMachine (DatanodeStateMachine.java:lambda$startDaemon$0(350)) - Ozone container server started.
2019-09-27 10:14:35,034 [Datanode State Machine Thread - 0] INFO  statemachine.DatanodeStateMachine (DatanodeStateMachine.java:lambda$startDaemon$0(350)) - Ozone container server started.
2019-09-27 10:14:39,153 [main] INFO  ozoneimpl.OzoneContainer (OzoneContainer.java:stop(231)) - Attempting to stop container services.
2019-09-27 10:14:39,153 [ForkJoinPool.commonPool-worker-0] INFO  ozoneimpl.OzoneContainer (OzoneContainer.java:stop(231)) - Attempting to stop container services.
2019-09-27 10:14:39,155 [ForkJoinPool.commonPool-worker-0] INFO  impl.RaftServerProxy (RaftServerProxy.java:lambda$close$4(314)) - a6c416d4-3244-4e70-92c5-63f7380a9294: close
2019-09-27 10:14:39,155 [main] INFO  impl.RaftServerProxy (RaftServerProxy.java:lambda$close$4(314)) - 6538e5ea-9fbc-4e7b-b1f8-bd637acac874: close
2019-09-27 10:14:39,159 [ForkJoinPool.commonPool-worker-0] INFO  impl.RaftServerImpl (RaftServerImpl.java:lambda$shutdown$3(251)) - a6c416d4-3244-4e70-92c5-63f7380a9294@group-2E5E496E2596: shutdown
2019-09-27 10:14:39,159 [main] INFO  impl.RaftServerImpl (RaftServerImpl.java:lambda$shutdown$3(251)) - 6538e5ea-9fbc-4e7b-b1f8-bd637acac874@group-5F740E99E4D2: shutdown
2019-09-27 10:14:39,159 [ForkJoinPool.commonPool-worker-0] INFO  util.JmxRegister (JmxRegister.java:unregister(73)) - Successfully un-registered JMX Bean with object name Ratis:service=RaftServer,group=group-2E5E496E2596,id=a6c416d4-3244-4e70-92c5-63f7380a9294
2019-09-27 10:14:39,159 [main] INFO  util.JmxRegister (JmxRegister.java:unregister(73)) - Successfully un-registered JMX Bean with object name Ratis:service=RaftServer,group=group-5F740E99E4D2,id=6538e5ea-9fbc-4e7b-b1f8-bd637acac874
2019-09-27 10:14:39,160 [ForkJoinPool.commonPool-worker-0] INFO  impl.RoleInfo (RoleInfo.java:shutdownFollowerState(121)) - a6c416d4-3244-4e70-92c5-63f7380a9294: shutdown FollowerState
2019-09-27 10:14:39,160 [main] INFO  impl.RoleInfo (RoleInfo.java:shutdownLeaderState(104)) - 6538e5ea-9fbc-4e7b-b1f8-bd637acac874: shutdown LeaderState
2019-09-27 10:14:39,161 [Thread-417] INFO  impl.FollowerState (FollowerState.java:run(115)) - a6c416d4-3244-4e70-92c5-63f7380a9294: FollowerState was interrupted: java.lang.InterruptedException: sleep interrupted
2019-09-27 10:14:39,160 [ForkJoinPool.commonPool-worker-0] INFO  impl.StateMachineUpdater (StateMachineUpdater.java:stopAndJoin(125)) - a6c416d4-3244-4e70-92c5-63f7380a9294@group-2E5E496E2596-StateMachineUpdater: set stopIndex = 0
2019-09-27 10:14:39,167 [ForkJoinPool.commonPool-worker-0] INFO  impl.RaftServerImpl (ServerState.java:close(385)) - a6c416d4-3244-4e70-92c5-63f7380a9294@group-2E5E496E2596: closes. applyIndex: 0
2019-09-27 10:14:39,167 [main] INFO  impl.PendingRequests (PendingRequests.java:sendNotLeaderResponses(202)) - 6538e5ea-9fbc-4e7b-b1f8-bd637acac874-PendingRequests: sendNotLeaderResponses
2019-09-27 10:14:39,169 [a6c416d4-3244-4e70-92c5-63f7380a9294@group-2E5E496E2596-SegmentedRaftLogWorker] INFO  segmented.SegmentedRaftLogWorker (SegmentedRaftLogWorker.java:run(313)) - a6c416d4-3244-4e70-92c5-63f7380a9294@group-2E5E496E2596-SegmentedRaftLogWorker was interrupted, exiting. There are 0 tasks remaining in the queue.
2019-09-27 10:14:39,169 [main] INFO  impl.StateMachineUpdater (StateMachineUpdater.java:stopAndJoin(125)) - 6538e5ea-9fbc-4e7b-b1f8-bd637acac874@group-5F740E99E4D2-StateMachineUpdater: set stopIndex = 0
2019-09-27 10:14:39,176 [ForkJoinPool.commonPool-worker-0] INFO  segmented.SegmentedRaftLogWorker (SegmentedRaftLogWorker.java:close(228)) - a6c416d4-3244-4e70-92c5-63f7380a9294@group-2E5E496E2596-SegmentedRaftLogWorker close()
2019-09-27 10:14:39,176 [main] INFO  impl.RaftServerImpl (ServerState.java:close(385)) - 6538e5ea-9fbc-4e7b-b1f8-bd637acac874@group-5F740E99E4D2: closes. applyIndex: 0
2019-09-27 10:14:39,181 [ForkJoinPool.commonPool-worker-0] INFO  impl.RaftServerImpl (RaftServerImpl.java:lambda$shutdown$3(251)) - a6c416d4-3244-4e70-92c5-63f7380a9294@group-9AE46909D338: shutdown
2019-09-27 10:14:39,181 [6538e5ea-9fbc-4e7b-b1f8-bd637acac874@group-5F740E99E4D2-SegmentedRaftLogWorker] INFO  segmented.SegmentedRaftLogWorker (SegmentedRaftLogWorker.java:run(313)) - 6538e5ea-9fbc-4e7b-b1f8-bd637acac874@group-5F740E99E4D2-SegmentedRaftLogWorker was interrupted, exiting. There are 0 tasks remaining in the queue.
2019-09-27 10:14:39,181 [ForkJoinPool.commonPool-worker-0] INFO  util.JmxRegister (JmxRegister.java:unregister(73)) - Successfully un-registered JMX Bean with object name Ratis:service=RaftServer,group=group-9AE46909D338,id=a6c416d4-3244-4e70-92c5-63f7380a9294
2019-09-27 10:14:39,184 [main] INFO  segmented.SegmentedRaftLogWorker (SegmentedRaftLogWorker.java:close(228)) - 6538e5ea-9fbc-4e7b-b1f8-bd637acac874@group-5F740E99E4D2-SegmentedRaftLogWorker close()
2019-09-27 10:14:39,184 [ForkJoinPool.commonPool-worker-0] INFO  impl.RoleInfo (RoleInfo.java:shutdownLeaderState(104)) - a6c416d4-3244-4e70-92c5-63f7380a9294: shutdown LeaderState
2019-09-27 10:14:39,189 [main] INFO  impl.RaftServerImpl (RaftServerImpl.java:lambda$shutdown$3(251)) - 6538e5ea-9fbc-4e7b-b1f8-bd637acac874@group-0E6FB7C5B51C: shutdown
2019-09-27 10:14:39,190 [ForkJoinPool.commonPool-worker-0] INFO  impl.PendingRequests (PendingRequests.java:sendNotLeaderResponses(202)) - a6c416d4-3244-4e70-92c5-63f7380a9294-PendingRequests: sendNotLeaderResponses
2019-09-27 10:14:39,192 [main] INFO  util.JmxRegister (JmxRegister.java:unregister(73)) - Successfully un-registered JMX Bean with object name Ratis:service=RaftServer,group=group-0E6FB7C5B51C,id=6538e5ea-9fbc-4e7b-b1f8-bd637acac874
2019-09-27 10:14:39,193 [ForkJoinPool.commonPool-worker-0] INFO  impl.StateMachineUpdater (StateMachineUpdater.java:stopAndJoin(125)) - a6c416d4-3244-4e70-92c5-63f7380a9294@group-9AE46909D338-StateMachineUpdater: set stopIndex = 0
2019-09-27 10:14:39,193 [main] INFO  impl.RoleInfo (RoleInfo.java:shutdownFollowerState(121)) - 6538e5ea-9fbc-4e7b-b1f8-bd637acac874: shutdown FollowerState
2019-09-27 10:14:39,193 [ForkJoinPool.commonPool-worker-0] INFO  impl.RaftServerImpl (ServerState.java:close(385)) - a6c416d4-3244-4e70-92c5-63f7380a9294@group-9AE46909D338: closes. applyIndex: 0
2019-09-27 10:14:39,194 [Thread-405] INFO  impl.FollowerState (FollowerState.java:run(115)) - 6538e5ea-9fbc-4e7b-b1f8-bd637acac874: FollowerState was interrupted: java.lang.InterruptedException: sleep interrupted
2019-09-27 10:14:39,194 [main] INFO  impl.StateMachineUpdater (StateMachineUpdater.java:stopAndJoin(125)) - 6538e5ea-9fbc-4e7b-b1f8-bd637acac874@group-0E6FB7C5B51C-StateMachineUpdater: set stopIndex = 0
2019-09-27 10:14:39,197 [a6c416d4-3244-4e70-92c5-63f7380a9294@group-9AE46909D338-SegmentedRaftLogWorker] INFO  segmented.SegmentedRaftLogWorker (SegmentedRaftLogWorker.java:run(313)) - a6c416d4-3244-4e70-92c5-63f7380a9294@group-9AE46909D338-SegmentedRaftLogWorker was interrupted, exiting. There are 0 tasks remaining in the queue.
2019-09-27 10:14:39,197 [main] INFO  impl.RaftServerImpl (ServerState.java:close(385)) - 6538e5ea-9fbc-4e7b-b1f8-bd637acac874@group-0E6FB7C5B51C: closes. applyIndex: 0
2019-09-27 10:14:39,199 [ForkJoinPool.commonPool-worker-0] INFO  segmented.SegmentedRaftLogWorker (SegmentedRaftLogWorker.java:close(228)) - a6c416d4-3244-4e70-92c5-63f7380a9294@group-9AE46909D338-SegmentedRaftLogWorker close()
2019-09-27 10:14:39,200 [6538e5ea-9fbc-4e7b-b1f8-bd637acac874@group-0E6FB7C5B51C-SegmentedRaftLogWorker] INFO  segmented.SegmentedRaftLogWorker (SegmentedRaftLogWorker.java:run(313)) - 6538e5ea-9fbc-4e7b-b1f8-bd637acac874@group-0E6FB7C5B51C-SegmentedRaftLogWorker was interrupted, exiting. There are 0 tasks remaining in the queue.
2019-09-27 10:14:39,207 [main] INFO  segmented.SegmentedRaftLogWorker (SegmentedRaftLogWorker.java:close(228)) - 6538e5ea-9fbc-4e7b-b1f8-bd637acac874@group-0E6FB7C5B51C-SegmentedRaftLogWorker close()
2019-09-27 10:14:39,207 [ForkJoinPool.commonPool-worker-0] INFO  server.GrpcService (GrpcService.java:closeImpl(164)) - a6c416d4-3244-4e70-92c5-63f7380a9294: shutdown server with port 37775 now
2019-09-27 10:14:39,212 [main] INFO  server.GrpcService (GrpcService.java:closeImpl(164)) - 6538e5ea-9fbc-4e7b-b1f8-bd637acac874: shutdown server with port 35650 now
2019-09-27 10:14:39,228 [grpc-default-executor-1] WARN  server.GrpcServerProtocolService (LogUtils.java:warn(134)) - a6c416d4-3244-4e70-92c5-63f7380a9294: installSnapshot onError, lastRequest: 05b4a1fe-7ad6-4f6f-a8a9-40df080e757c->a6c416d4-3244-4e70-92c5-63f7380a9294#224-t2, previous=(t:2, i:0), leaderCommit=0, initializing? false, entries: <empty>: org.apache.ratis.thirdparty.io.grpc.StatusRuntimeException: CANCELLED: cancelled before receiving half close
2019-09-27 10:14:39,228 [grpc-default-executor-0] WARN  server.GrpcServerProtocolService (LogUtils.java:warn(134)) - 6538e5ea-9fbc-4e7b-b1f8-bd637acac874: installSnapshot onError, lastRequest: ca2cbff0-14e3-4cd0-83a1-6556e5af9ad7->6538e5ea-9fbc-4e7b-b1f8-bd637acac874#224-t2, previous=(t:2, i:0), leaderCommit=0, initializing? false, entries: <empty>: org.apache.ratis.thirdparty.io.grpc.StatusRuntimeException: CANCELLED: cancelled before receiving half close
2019-09-27 10:14:39,232 [ForkJoinPool.commonPool-worker-0] INFO  server.GrpcService (GrpcService.java:closeImpl(172)) - a6c416d4-3244-4e70-92c5-63f7380a9294: shutdown server with port 37775 successfully
2019-09-27 10:14:39,232 [main] INFO  server.GrpcService (GrpcService.java:closeImpl(172)) - 6538e5ea-9fbc-4e7b-b1f8-bd637acac874: shutdown server with port 35650 successfully
2019-09-27 10:14:39,238 [grpc-default-executor-2] WARN  server.GrpcLogAppender (LogUtils.java:warn(134)) - ca2cbff0-14e3-4cd0-83a1-6556e5af9ad7@group-0E6FB7C5B51C->6538e5ea-9fbc-4e7b-b1f8-bd637acac874-AppendLogResponseHandler: Failed appendEntries: org.apache.ratis.thirdparty.io.grpc.StatusRuntimeException: CANCELLED: HTTP/2 error code: CANCEL
Received Rst Stream
2019-09-27 10:14:39,238 [grpc-default-executor-4] WARN  server.GrpcLogAppender (LogUtils.java:warn(134)) - 05b4a1fe-7ad6-4f6f-a8a9-40df080e757c@group-2E5E496E2596->a6c416d4-3244-4e70-92c5-63f7380a9294-AppendLogResponseHandler: Failed appendEntries: org.apache.ratis.thirdparty.io.grpc.StatusRuntimeException: CANCELLED: HTTP/2 error code: CANCEL
Received Rst Stream
2019-09-27 10:14:39,246 [refreshUsed-/workdir/hadoop-ozone/integration-test/target/test-dir/MiniOzoneClusterImpl-7309d801-f179-460c-bf8c-3619c569ab1e/datanode-2/data/containers] WARN  fs.CachingGetSpaceUsed (CachingGetSpaceUsed.java:run(183)) - Thread Interrupted waiting to refresh disk information: sleep interrupted
2019-09-27 10:14:39,249 [grpc-default-executor-2] INFO  impl.FollowerInfo (FollowerInfo.java:lambda$new$0(51)) - ca2cbff0-14e3-4cd0-83a1-6556e5af9ad7@group-0E6FB7C5B51C->6538e5ea-9fbc-4e7b-b1f8-bd637acac874: nextIndex: updateUnconditionally 1 -> 0
2019-09-27 10:14:39,249 [grpc-default-executor-4] INFO  impl.FollowerInfo (FollowerInfo.java:lambda$new$0(51)) - 05b4a1fe-7ad6-4f6f-a8a9-40df080e757c@group-2E5E496E2596->a6c416d4-3244-4e70-92c5-63f7380a9294: nextIndex: updateUnconditionally 1 -> 0
2019-09-27 10:14:39,264 [refreshUsed-/workdir/hadoop-ozone/integration-test/target/test-dir/MiniOzoneClusterImpl-7309d801-f179-460c-bf8c-3619c569ab1e/datanode-5/data/containers] WARN  fs.CachingGetSpaceUsed (CachingGetSpaceUsed.java:run(183)) - Thread Interrupted waiting to refresh disk information: sleep interrupted
2019-09-27 10:14:39,278 [ForkJoinPool.commonPool-worker-0] INFO  utils.BackgroundService (BackgroundService.java:shutdown(148)) - Shutting down service BlockDeletingService
2019-09-27 10:14:39,285 [ForkJoinPool.commonPool-worker-0] INFO  statemachine.DatanodeStateMachine (DatanodeStateMachine.java:stopDaemon(395)) - Ozone container server stopped.
2019-09-27 10:14:39,293 [ForkJoinPool.commonPool-worker-0] INFO  handler.ContextHandler (ContextHandler.java:doStop(910)) - Stopped o.e.j.w.WebAppContext@784abd3e{/,null,UNAVAILABLE}{/hddsDatanode}
2019-09-27 10:14:39,294 [ForkJoinPool.commonPool-worker-0] INFO  server.AbstractConnector (AbstractConnector.java:doStop(318)) - Stopped ServerConnector@36c2b646{HTTP/1.1,[http/1.1]}{0.0.0.0:0}
2019-09-27 10:14:39,296 [ForkJoinPool.commonPool-worker-0] INFO  handler.ContextHandler (ContextHandler.java:doStop(910)) - Stopped o.e.j.s.ServletContextHandler@a098d76{/static,jar:file:/home/user/.m2/repository/org/apache/hadoop/hadoop-hdds-container-service/0.5.0-SNAPSHOT/hadoop-hdds-container-service-0.5.0-SNAPSHOT.jar!/webapps/static,UNAVAILABLE}
2019-09-27 10:14:39,298 [ForkJoinPool.commonPool-worker-0] INFO  handler.ContextHandler (ContextHandler.java:doStop(910)) - Stopped o.e.j.s.ServletContextHandler@5a6d30e2{/logs,file:///workdir/hadoop-ozone/integration-test/target/log,UNAVAILABLE}
2019-09-27 10:14:39,300 [main] INFO  utils.BackgroundService (BackgroundService.java:shutdown(148)) - Shutting down service BlockDeletingService
2019-09-27 10:14:39,306 [main] INFO  statemachine.DatanodeStateMachine (DatanodeStateMachine.java:stopDaemon(395)) - Ozone container server stopped.
2019-09-27 10:14:39,307 [main] INFO  handler.ContextHandler (ContextHandler.java:doStop(910)) - Stopped o.e.j.w.WebAppContext@1f346ad2{/,null,UNAVAILABLE}{/hddsDatanode}
2019-09-27 10:14:39,307 [main] INFO  server.AbstractConnector (AbstractConnector.java:doStop(318)) - Stopped ServerConnector@46a145ba{HTTP/1.1,[http/1.1]}{0.0.0.0:0}
2019-09-27 10:14:39,308 [main] INFO  handler.ContextHandler (ContextHandler.java:doStop(910)) - Stopped o.e.j.s.ServletContextHandler@181d8899{/static,jar:file:/home/user/.m2/repository/org/apache/hadoop/hadoop-hdds-container-service/0.5.0-SNAPSHOT/hadoop-hdds-container-service-0.5.0-SNAPSHOT.jar!/webapps/static,UNAVAILABLE}
2019-09-27 10:14:39,308 [main] INFO  handler.ContextHandler (ContextHandler.java:doStop(910)) - Stopped o.e.j.s.ServletContextHandler@3b545206{/logs,file:///workdir/hadoop-ozone/integration-test/target/log,UNAVAILABLE}
2019-09-27 10:14:39,407 [grpc-default-executor-2] WARN  server.GrpcLogAppender (LogUtils.java:warn(134)) - ca2cbff0-14e3-4cd0-83a1-6556e5af9ad7@group-0E6FB7C5B51C->6538e5ea-9fbc-4e7b-b1f8-bd637acac874-AppendLogResponseHandler: Failed appendEntries: org.apache.ratis.thirdparty.io.grpc.StatusRuntimeException: UNAVAILABLE: io exception
2019-09-27 10:14:39,407 [grpc-default-executor-4] WARN  server.GrpcLogAppender (LogUtils.java:warn(134)) - 05b4a1fe-7ad6-4f6f-a8a9-40df080e757c@group-2E5E496E2596->a6c416d4-3244-4e70-92c5-63f7380a9294-AppendLogResponseHandler: Failed appendEntries: org.apache.ratis.thirdparty.io.grpc.StatusRuntimeException: UNAVAILABLE: io exception
2019-09-27 10:14:39,410 [grpc-default-executor-2] INFO  impl.FollowerInfo (FollowerInfo.java:lambda$new$0(51)) - ca2cbff0-14e3-4cd0-83a1-6556e5af9ad7@group-0E6FB7C5B51C->6538e5ea-9fbc-4e7b-b1f8-bd637acac874: nextIndex: updateUnconditionally 0 -> 0
2019-09-27 10:14:39,410 [grpc-default-executor-4] INFO  impl.FollowerInfo (FollowerInfo.java:lambda$new$0(51)) - 05b4a1fe-7ad6-4f6f-a8a9-40df080e757c@group-2E5E496E2596->a6c416d4-3244-4e70-92c5-63f7380a9294: nextIndex: updateUnconditionally 0 -> 0
2019-09-27 10:14:39,906 [grpc-default-executor-3] WARN  server.GrpcLogAppender (LogUtils.java:warn(134)) - 05b4a1fe-7ad6-4f6f-a8a9-40df080e757c@group-2E5E496E2596->a6c416d4-3244-4e70-92c5-63f7380a9294-AppendLogResponseHandler: Failed appendEntries: org.apache.ratis.thirdparty.io.grpc.StatusRuntimeException: UNAVAILABLE: io exception
2019-09-27 10:14:39,906 [grpc-default-executor-5] WARN  server.GrpcLogAppender (LogUtils.java:warn(134)) - ca2cbff0-14e3-4cd0-83a1-6556e5af9ad7@group-0E6FB7C5B51C->6538e5ea-9fbc-4e7b-b1f8-bd637acac874-AppendLogResponseHandler: Failed appendEntries: org.apache.ratis.thirdparty.io.grpc.StatusRuntimeException: UNAVAILABLE: io exception
2019-09-27 10:14:39,911 [grpc-default-executor-3] INFO  impl.FollowerInfo (FollowerInfo.java:lambda$new$0(51)) - 05b4a1fe-7ad6-4f6f-a8a9-40df080e757c@group-2E5E496E2596->a6c416d4-3244-4e70-92c5-63f7380a9294: nextIndex: updateUnconditionally 0 -> 0
2019-09-27 10:14:39,911 [grpc-default-executor-5] INFO  impl.FollowerInfo (FollowerInfo.java:lambda$new$0(51)) - ca2cbff0-14e3-4cd0-83a1-6556e5af9ad7@group-0E6FB7C5B51C->6538e5ea-9fbc-4e7b-b1f8-bd637acac874: nextIndex: updateUnconditionally 0 -> 0
2019-09-27 10:14:40,009 [Datanode State Machine Thread - 0] INFO  statemachine.DatanodeStateMachine (DatanodeStateMachine.java:lambda$startDaemon$0(350)) - Ozone container server started.
2019-09-27 10:14:40,015 [Datanode State Machine Thread - 0] INFO  statemachine.DatanodeStateMachine (DatanodeStateMachine.java:lambda$startDaemon$0(350)) - Ozone container server started.
2019-09-27 10:14:40,411 [grpc-default-executor-2] WARN  server.GrpcLogAppender (LogUtils.java:warn(134)) - 05b4a1fe-7ad6-4f6f-a8a9-40df080e757c@group-2E5E496E2596->a6c416d4-3244-4e70-92c5-63f7380a9294-AppendLogResponseHandler: Failed appendEntries: org.apache.ratis.thirdparty.io.grpc.StatusRuntimeException: UNAVAILABLE: io exception
2019-09-27 10:14:40,411 [grpc-default-executor-1] WARN  server.GrpcLogAppender (LogUtils.java:warn(134)) - ca2cbff0-14e3-4cd0-83a1-6556e5af9ad7@group-0E6FB7C5B51C->6538e5ea-9fbc-4e7b-b1f8-bd637acac874-AppendLogResponseHandler: Failed appendEntries: org.apache.ratis.thirdparty.io.grpc.StatusRuntimeException: UNAVAILABLE: io exception
2019-09-27 10:14:40,415 [grpc-default-executor-2] INFO  impl.FollowerInfo (FollowerInfo.java:lambda$new$0(51)) - 05b4a1fe-7ad6-4f6f-a8a9-40df080e757c@group-2E5E496E2596->a6c416d4-3244-4e70-92c5-63f7380a9294: nextIndex: updateUnconditionally 0 -> 0
2019-09-27 10:14:40,417 [grpc-default-executor-1] INFO  impl.FollowerInfo (FollowerInfo.java:lambda$new$0(51)) - ca2cbff0-14e3-4cd0-83a1-6556e5af9ad7@group-0E6FB7C5B51C->6538e5ea-9fbc-4e7b-b1f8-bd637acac874: nextIndex: updateUnconditionally 0 -> 0
2019-09-27 10:14:40,916 [grpc-default-executor-0] WARN  server.GrpcLogAppender (LogUtils.java:warn(134)) - 05b4a1fe-7ad6-4f6f-a8a9-40df080e757c@group-2E5E496E2596->a6c416d4-3244-4e70-92c5-63f7380a9294-AppendLogResponseHandler: Failed appendEntries: org.apache.ratis.thirdparty.io.grpc.StatusRuntimeException: UNAVAILABLE: io exception
2019-09-27 10:14:40,919 [grpc-default-executor-6] WARN  server.GrpcLogAppender (LogUtils.java:warn(134)) - ca2cbff0-14e3-4cd0-83a1-6556e5af9ad7@group-0E6FB7C5B51C->6538e5ea-9fbc-4e7b-b1f8-bd637acac874-AppendLogResponseHandler: Failed appendEntries: org.apache.ratis.thirdparty.io.grpc.StatusRuntimeException: UNAVAILABLE: io exception
2019-09-27 10:14:40,919 [grpc-default-executor-0] INFO  impl.FollowerInfo (FollowerInfo.java:lambda$new$0(51)) - 05b4a1fe-7ad6-4f6f-a8a9-40df080e757c@group-2E5E496E2596->a6c416d4-3244-4e70-92c5-63f7380a9294: nextIndex: updateUnconditionally 0 -> 0
2019-09-27 10:14:40,922 [grpc-default-executor-6] INFO  impl.FollowerInfo (FollowerInfo.java:lambda$new$0(51)) - ca2cbff0-14e3-4cd0-83a1-6556e5af9ad7@group-0E6FB7C5B51C->6538e5ea-9fbc-4e7b-b1f8-bd637acac874: nextIndex: updateUnconditionally 0 -> 0
2019-09-27 10:14:41,415 [grpc-default-executor-6] WARN  server.GrpcLogAppender (LogUtils.java:warn(134)) - 05b4a1fe-7ad6-4f6f-a8a9-40df080e757c@group-2E5E496E2596->a6c416d4-3244-4e70-92c5-63f7380a9294-AppendLogResponseHandler: Failed appendEntries: org.apache.ratis.thirdparty.io.grpc.StatusRuntimeException: UNAVAILABLE: io exception
2019-09-27 10:14:41,418 [grpc-default-executor-6] INFO  impl.FollowerInfo (FollowerInfo.java:lambda$new$0(51)) - 05b4a1fe-7ad6-4f6f-a8a9-40df080e757c@group-2E5E496E2596->a6c416d4-3244-4e70-92c5-63f7380a9294: nextIndex: updateUnconditionally 0 -> 0
2019-09-27 10:14:41,419 [grpc-default-executor-2] WARN  server.GrpcLogAppender (LogUtils.java:warn(134)) - ca2cbff0-14e3-4cd0-83a1-6556e5af9ad7@group-0E6FB7C5B51C->6538e5ea-9fbc-4e7b-b1f8-bd637acac874-AppendLogResponseHandler: Failed appendEntries: org.apache.ratis.thirdparty.io.grpc.StatusRuntimeException: UNAVAILABLE: io exception
2019-09-27 10:14:41,422 [grpc-default-executor-2] INFO  impl.FollowerInfo (FollowerInfo.java:lambda$new$0(51)) - ca2cbff0-14e3-4cd0-83a1-6556e5af9ad7@group-0E6FB7C5B51C->6538e5ea-9fbc-4e7b-b1f8-bd637acac874: nextIndex: updateUnconditionally 0 -> 0
2019-09-27 10:14:41,919 [grpc-default-executor-3] WARN  server.GrpcLogAppender (LogUtils.java:warn(134)) - 05b4a1fe-7ad6-4f6f-a8a9-40df080e757c@group-2E5E496E2596->a6c416d4-3244-4e70-92c5-63f7380a9294-AppendLogResponseHandler: Failed appendEntries: org.apache.ratis.thirdparty.io.grpc.StatusRuntimeException: UNAVAILABLE: io exception
2019-09-27 10:14:41,921 [grpc-default-executor-0] WARN  server.GrpcLogAppender (LogUtils.java:warn(134)) - ca2cbff0-14e3-4cd0-83a1-6556e5af9ad7@group-0E6FB7C5B51C->6538e5ea-9fbc-4e7b-b1f8-bd637acac874-AppendLogResponseHandler: Failed appendEntries: org.apache.ratis.thirdparty.io.grpc.StatusRuntimeException: UNAVAILABLE: io exception
2019-09-27 10:14:41,921 [grpc-default-executor-3] INFO  impl.FollowerInfo (FollowerInfo.java:lambda$new$0(51)) - 05b4a1fe-7ad6-4f6f-a8a9-40df080e757c@group-2E5E496E2596->a6c416d4-3244-4e70-92c5-63f7380a9294: nextIndex: updateUnconditionally 0 -> 0
2019-09-27 10:14:41,923 [grpc-default-executor-0] INFO  impl.FollowerInfo (FollowerInfo.java:lambda$new$0(51)) - ca2cbff0-14e3-4cd0-83a1-6556e5af9ad7@group-0E6FB7C5B51C->6538e5ea-9fbc-4e7b-b1f8-bd637acac874: nextIndex: updateUnconditionally 0 -> 0
2019-09-27 10:14:42,421 [grpc-default-executor-5] WARN  server.GrpcLogAppender (LogUtils.java:warn(134)) - 05b4a1fe-7ad6-4f6f-a8a9-40df080e757c@group-2E5E496E2596->a6c416d4-3244-4e70-92c5-63f7380a9294-AppendLogResponseHandler: Failed appendEntries: org.apache.ratis.thirdparty.io.grpc.StatusRuntimeException: UNAVAILABLE: io exception
2019-09-27 10:14:42,421 [grpc-default-executor-1] WARN  server.GrpcLogAppender (LogUtils.java:warn(134)) - ca2cbff0-14e3-4cd0-83a1-6556e5af9ad7@group-0E6FB7C5B51C->6538e5ea-9fbc-4e7b-b1f8-bd637acac874-AppendLogResponseHandler: Failed appendEntries: org.apache.ratis.thirdparty.io.grpc.StatusRuntimeException: UNAVAILABLE: io exception
2019-09-27 10:14:42,424 [grpc-default-executor-5] INFO  impl.FollowerInfo (FollowerInfo.java:lambda$new$0(51)) - 05b4a1fe-7ad6-4f6f-a8a9-40df080e757c@group-2E5E496E2596->a6c416d4-3244-4e70-92c5-63f7380a9294: nextIndex: updateUnconditionally 0 -> 0
2019-09-27 10:14:42,440 [grpc-default-executor-1] INFO  impl.FollowerInfo (FollowerInfo.java:lambda$new$0(51)) - ca2cbff0-14e3-4cd0-83a1-6556e5af9ad7@group-0E6FB7C5B51C->6538e5ea-9fbc-4e7b-b1f8-bd637acac874: nextIndex: updateUnconditionally 0 -> 0
2019-09-27 10:14:42,922 [grpc-default-executor-1] WARN  server.GrpcLogAppender (LogUtils.java:warn(134)) - 05b4a1fe-7ad6-4f6f-a8a9-40df080e757c@group-2E5E496E2596->a6c416d4-3244-4e70-92c5-63f7380a9294-AppendLogResponseHandler: Failed appendEntries: org.apache.ratis.thirdparty.io.grpc.StatusRuntimeException: UNAVAILABLE: io exception
2019-09-27 10:14:42,925 [grpc-default-executor-0] WARN  server.GrpcLogAppender (LogUtils.java:warn(134)) - ca2cbff0-14e3-4cd0-83a1-6556e5af9ad7@group-0E6FB7C5B51C->6538e5ea-9fbc-4e7b-b1f8-bd637acac874-AppendLogResponseHandler: Failed appendEntries: org.apache.ratis.thirdparty.io.grpc.StatusRuntimeException: UNAVAILABLE: io exception
2019-09-27 10:14:42,925 [grpc-default-executor-1] INFO  impl.FollowerInfo (FollowerInfo.java:lambda$new$0(51)) - 05b4a1fe-7ad6-4f6f-a8a9-40df080e757c@group-2E5E496E2596->a6c416d4-3244-4e70-92c5-63f7380a9294: nextIndex: updateUnconditionally 0 -> 0
2019-09-27 10:14:42,928 [grpc-default-executor-0] INFO  impl.FollowerInfo (FollowerInfo.java:lambda$new$0(51)) - ca2cbff0-14e3-4cd0-83a1-6556e5af9ad7@group-0E6FB7C5B51C->6538e5ea-9fbc-4e7b-b1f8-bd637acac874: nextIndex: updateUnconditionally 0 -> 0
2019-09-27 10:14:43,443 [grpc-default-executor-5] WARN  server.GrpcLogAppender (LogUtils.java:warn(134)) - 05b4a1fe-7ad6-4f6f-a8a9-40df080e757c@group-2E5E496E2596->a6c416d4-3244-4e70-92c5-63f7380a9294-AppendLogResponseHandler: Failed appendEntries: org.apache.ratis.thirdparty.io.grpc.StatusRuntimeException: UNAVAILABLE: io exception
2019-09-27 10:14:43,443 [grpc-default-executor-3] WARN  server.GrpcLogAppender (LogUtils.java:warn(134)) - ca2cbff0-14e3-4cd0-83a1-6556e5af9ad7@group-0E6FB7C5B51C->6538e5ea-9fbc-4e7b-b1f8-bd637acac874-AppendLogResponseHandler: Failed appendEntries: org.apache.ratis.thirdparty.io.grpc.StatusRuntimeException: UNAVAILABLE: io exception
2019-09-27 10:14:43,447 [grpc-default-executor-5] INFO  impl.FollowerInfo (FollowerInfo.java:lambda$new$0(51)) - 05b4a1fe-7ad6-4f6f-a8a9-40df080e757c@group-2E5E496E2596->a6c416d4-3244-4e70-92c5-63f7380a9294: nextIndex: updateUnconditionally 0 -> 0
2019-09-27 10:14:43,450 [grpc-default-executor-3] INFO  impl.FollowerInfo (FollowerInfo.java:lambda$new$0(51)) - ca2cbff0-14e3-4cd0-83a1-6556e5af9ad7@group-0E6FB7C5B51C->6538e5ea-9fbc-4e7b-b1f8-bd637acac874: nextIndex: updateUnconditionally 0 -> 0
2019-09-27 10:14:43,948 [grpc-default-executor-2] WARN  server.GrpcLogAppender (LogUtils.java:warn(134)) - 05b4a1fe-7ad6-4f6f-a8a9-40df080e757c@group-2E5E496E2596->a6c416d4-3244-4e70-92c5-63f7380a9294-AppendLogResponseHandler: Failed appendEntries: org.apache.ratis.thirdparty.io.grpc.StatusRuntimeException: UNAVAILABLE: io exception
2019-09-27 10:14:43,950 [grpc-default-executor-5] WARN  server.GrpcLogAppender (LogUtils.java:warn(134)) - ca2cbff0-14e3-4cd0-83a1-6556e5af9ad7@group-0E6FB7C5B51C->6538e5ea-9fbc-4e7b-b1f8-bd637acac874-AppendLogResponseHandler: Failed appendEntries: org.apache.ratis.thirdparty.io.grpc.StatusRuntimeException: UNAVAILABLE: io exception
2019-09-27 10:14:43,950 [grpc-default-executor-2] INFO  impl.FollowerInfo (FollowerInfo.java:lambda$new$0(51)) - 05b4a1fe-7ad6-4f6f-a8a9-40df080e757c@group-2E5E496E2596->a6c416d4-3244-4e70-92c5-63f7380a9294: nextIndex: updateUnconditionally 0 -> 0
2019-09-27 10:14:43,953 [grpc-default-executor-5] INFO  impl.FollowerInfo (FollowerInfo.java:lambda$new$0(51)) - ca2cbff0-14e3-4cd0-83a1-6556e5af9ad7@group-0E6FB7C5B51C->6538e5ea-9fbc-4e7b-b1f8-bd637acac874: nextIndex: updateUnconditionally 0 -> 0
2019-09-27 10:14:44,300 [ForkJoinPool.commonPool-worker-0] INFO  ozoneimpl.OzoneContainer (OzoneContainer.java:stop(231)) - Attempting to stop container services.
2019-09-27 10:14:44,301 [ForkJoinPool.commonPool-worker-0] INFO  impl.RaftServerProxy (RaftServerProxy.java:lambda$close$4(314)) - 4bbf8e1c-0fc8-4b3a-88c0-5b6f150f1aee: close
2019-09-27 10:14:44,301 [ForkJoinPool.commonPool-worker-0] INFO  impl.RaftServerImpl (RaftServerImpl.java:lambda$shutdown$3(251)) - 4bbf8e1c-0fc8-4b3a-88c0-5b6f150f1aee@group-D7C7F7FA402A: shutdown
2019-09-27 10:14:44,302 [ForkJoinPool.commonPool-worker-0] INFO  util.JmxRegister (JmxRegister.java:unregister(73)) - Successfully un-registered JMX Bean with object name Ratis:service=RaftServer,group=group-D7C7F7FA402A,id=4bbf8e1c-0fc8-4b3a-88c0-5b6f150f1aee
2019-09-27 10:14:44,302 [ForkJoinPool.commonPool-worker-0] INFO  impl.RoleInfo (RoleInfo.java:shutdownFollowerState(121)) - 4bbf8e1c-0fc8-4b3a-88c0-5b6f150f1aee: shutdown FollowerState
2019-09-27 10:14:44,302 [ForkJoinPool.commonPool-worker-0] INFO  impl.StateMachineUpdater (StateMachineUpdater.java:stopAndJoin(125)) - 4bbf8e1c-0fc8-4b3a-88c0-5b6f150f1aee@group-D7C7F7FA402A-StateMachineUpdater: set stopIndex = 0
2019-09-27 10:14:44,303 [Thread-433] INFO  impl.FollowerState (FollowerState.java:run(115)) - 4bbf8e1c-0fc8-4b3a-88c0-5b6f150f1aee: FollowerState was interrupted: java.lang.InterruptedException: sleep interrupted
2019-09-27 10:14:44,303 [ForkJoinPool.commonPool-worker-0] INFO  impl.RaftServerImpl (ServerState.java:close(385)) - 4bbf8e1c-0fc8-4b3a-88c0-5b6f150f1aee@group-D7C7F7FA402A: closes. applyIndex: 0
2019-09-27 10:14:44,306 [4bbf8e1c-0fc8-4b3a-88c0-5b6f150f1aee@group-D7C7F7FA402A-SegmentedRaftLogWorker] INFO  segmented.SegmentedRaftLogWorker (SegmentedRaftLogWorker.java:run(313)) - 4bbf8e1c-0fc8-4b3a-88c0-5b6f150f1aee@group-D7C7F7FA402A-SegmentedRaftLogWorker was interrupted, exiting. There are 0 tasks remaining in the queue.
2019-09-27 10:14:44,309 [ForkJoinPool.commonPool-worker-0] INFO  segmented.SegmentedRaftLogWorker (SegmentedRaftLogWorker.java:close(228)) - 4bbf8e1c-0fc8-4b3a-88c0-5b6f150f1aee@group-D7C7F7FA402A-SegmentedRaftLogWorker close()
2019-09-27 10:14:44,314 [ForkJoinPool.commonPool-worker-0] INFO  impl.RaftServerImpl (RaftServerImpl.java:lambda$shutdown$3(251)) - 4bbf8e1c-0fc8-4b3a-88c0-5b6f150f1aee@group-CD4B7CCC26C2: shutdown
2019-09-27 10:14:44,314 [main] INFO  ozoneimpl.OzoneContainer (OzoneContainer.java:stop(231)) - Attempting to stop container services.
2019-09-27 10:14:44,314 [ForkJoinPool.commonPool-worker-0] INFO  util.JmxRegister (JmxRegister.java:unregister(73)) - Successfully un-registered JMX Bean with object name Ratis:service=RaftServer,group=group-CD4B7CCC26C2,id=4bbf8e1c-0fc8-4b3a-88c0-5b6f150f1aee
2019-09-27 10:14:44,315 [ForkJoinPool.commonPool-worker-0] INFO  impl.RoleInfo (RoleInfo.java:shutdownLeaderState(104)) - 4bbf8e1c-0fc8-4b3a-88c0-5b6f150f1aee: shutdown LeaderState
2019-09-27 10:14:44,315 [main] INFO  impl.RaftServerProxy (RaftServerProxy.java:lambda$close$4(314)) - 1a0a9427-a12d-4c98-81a1-c39e1be27f6d: close
2019-09-27 10:14:44,315 [ForkJoinPool.commonPool-worker-0] INFO  impl.PendingRequests (PendingRequests.java:sendNotLeaderResponses(202)) - 4bbf8e1c-0fc8-4b3a-88c0-5b6f150f1aee-PendingRequests: sendNotLeaderResponses
2019-09-27 10:14:44,316 [main] INFO  impl.RaftServerImpl (RaftServerImpl.java:lambda$shutdown$3(251)) - 1a0a9427-a12d-4c98-81a1-c39e1be27f6d@group-D7C7F7FA402A: shutdown
2019-09-27 10:14:44,316 [ForkJoinPool.commonPool-worker-0] INFO  impl.StateMachineUpdater (StateMachineUpdater.java:stopAndJoin(125)) - 4bbf8e1c-0fc8-4b3a-88c0-5b6f150f1aee@group-CD4B7CCC26C2-StateMachineUpdater: set stopIndex = 0
2019-09-27 10:14:44,316 [main] INFO  util.JmxRegister (JmxRegister.java:unregister(73)) - Successfully un-registered JMX Bean with object name Ratis:service=RaftServer,group=group-D7C7F7FA402A,id=1a0a9427-a12d-4c98-81a1-c39e1be27f6d
2019-09-27 10:14:44,317 [ForkJoinPool.commonPool-worker-0] INFO  impl.RaftServerImpl (ServerState.java:close(385)) - 4bbf8e1c-0fc8-4b3a-88c0-5b6f150f1aee@group-CD4B7CCC26C2: closes. applyIndex: 0
2019-09-27 10:14:44,317 [main] INFO  impl.RoleInfo (RoleInfo.java:shutdownLeaderState(104)) - 1a0a9427-a12d-4c98-81a1-c39e1be27f6d: shutdown LeaderState
2019-09-27 10:14:44,318 [4bbf8e1c-0fc8-4b3a-88c0-5b6f150f1aee@group-CD4B7CCC26C2-SegmentedRaftLogWorker] INFO  segmented.SegmentedRaftLogWorker (SegmentedRaftLogWorker.java:run(313)) - 4bbf8e1c-0fc8-4b3a-88c0-5b6f150f1aee@group-CD4B7CCC26C2-SegmentedRaftLogWorker was interrupted, exiting. There are 0 tasks remaining in the queue.
2019-09-27 10:14:44,322 [main] INFO  impl.PendingRequests (PendingRequests.java:sendNotLeaderResponses(202)) - 1a0a9427-a12d-4c98-81a1-c39e1be27f6d-PendingRequests: sendNotLeaderResponses
2019-09-27 10:14:44,325 [ForkJoinPool.commonPool-worker-0] INFO  segmented.SegmentedRaftLogWorker (SegmentedRaftLogWorker.java:close(228)) - 4bbf8e1c-0fc8-4b3a-88c0-5b6f150f1aee@group-CD4B7CCC26C2-SegmentedRaftLogWorker close()
2019-09-27 10:14:44,323 [org.apache.ratis.server.impl.LogAppender$AppenderDaemon$$Lambda$410/2081295318@70b341df] WARN  server.GrpcLogAppender (GrpcLogAppender.java:mayWait(143)) - 1a0a9427-a12d-4c98-81a1-c39e1be27f6d@group-D7C7F7FA402A->363f45e3-c2ed-48f5-ae19-ed94c8ce4f3d-GrpcLogAppender: Wait interrupted by java.lang.InterruptedException
2019-09-27 10:14:44,325 [org.apache.ratis.server.impl.LogAppender$AppenderDaemon$$Lambda$410/2081295318@621d1a85] WARN  server.GrpcLogAppender (GrpcLogAppender.java:mayWait(143)) - 1a0a9427-a12d-4c98-81a1-c39e1be27f6d@group-D7C7F7FA402A->4bbf8e1c-0fc8-4b3a-88c0-5b6f150f1aee-GrpcLogAppender: Wait interrupted by java.lang.InterruptedException
2019-09-27 10:14:44,330 [ForkJoinPool.commonPool-worker-0] INFO  server.GrpcService (GrpcService.java:closeImpl(164)) - 4bbf8e1c-0fc8-4b3a-88c0-5b6f150f1aee: shutdown server with port 33910 now
2019-09-27 10:14:44,325 [main] INFO  impl.StateMachineUpdater (StateMachineUpdater.java:stopAndJoin(125)) - 1a0a9427-a12d-4c98-81a1-c39e1be27f6d@group-D7C7F7FA402A-StateMachineUpdater: set stopIndex = 0
2019-09-27 10:14:44,331 [main] INFO  impl.RaftServerImpl (ServerState.java:close(385)) - 1a0a9427-a12d-4c98-81a1-c39e1be27f6d@group-D7C7F7FA402A: closes. applyIndex: 0
2019-09-27 10:14:44,331 [grpc-default-executor-2] WARN  server.GrpcServerProtocolService (LogUtils.java:warn(134)) - 4bbf8e1c-0fc8-4b3a-88c0-5b6f150f1aee: installSnapshot onError, lastRequest: 1a0a9427-a12d-4c98-81a1-c39e1be27f6d->4bbf8e1c-0fc8-4b3a-88c0-5b6f150f1aee#234-t2, previous=(t:2, i:0), leaderCommit=0, initializing? false, entries: <empty>: org.apache.ratis.thirdparty.io.grpc.StatusRuntimeException: CANCELLED: cancelled before receiving half close
2019-09-27 10:14:44,331 [1a0a9427-a12d-4c98-81a1-c39e1be27f6d@group-D7C7F7FA402A-SegmentedRaftLogWorker] INFO  segmented.SegmentedRaftLogWorker (SegmentedRaftLogWorker.java:run(313)) - 1a0a9427-a12d-4c98-81a1-c39e1be27f6d@group-D7C7F7FA402A-SegmentedRaftLogWorker was interrupted, exiting. There are 0 tasks remaining in the queue.
2019-09-27 10:14:44,332 [ForkJoinPool.commonPool-worker-0] INFO  server.GrpcService (GrpcService.java:closeImpl(172)) - 4bbf8e1c-0fc8-4b3a-88c0-5b6f150f1aee: shutdown server with port 33910 successfully
2019-09-27 10:14:44,334 [main] INFO  segmented.SegmentedRaftLogWorker (SegmentedRaftLogWorker.java:close(228)) - 1a0a9427-a12d-4c98-81a1-c39e1be27f6d@group-D7C7F7FA402A-SegmentedRaftLogWorker close()
2019-09-27 10:14:44,334 [grpc-default-executor-5] INFO  server.GrpcLogAppender (GrpcLogAppender.java:onError(282)) - 1a0a9427-a12d-4c98-81a1-c39e1be27f6d@group-D7C7F7FA402A->4bbf8e1c-0fc8-4b3a-88c0-5b6f150f1aee-GrpcLogAppender is stopped
2019-09-27 10:14:44,341 [main] INFO  impl.RaftServerImpl (RaftServerImpl.java:lambda$shutdown$3(251)) - 1a0a9427-a12d-4c98-81a1-c39e1be27f6d@group-D3B33CA5825D: shutdown
2019-09-27 10:14:44,335 [grpc-default-executor-3] INFO  server.GrpcServerProtocolService (GrpcServerProtocolService.java:onCompleted(113)) - 363f45e3-c2ed-48f5-ae19-ed94c8ce4f3d: Completed APPEND_ENTRIES, lastRequest: 1a0a9427-a12d-4c98-81a1-c39e1be27f6d->363f45e3-c2ed-48f5-ae19-ed94c8ce4f3d#234-t2, previous=(t:2, i:0), leaderCommit=0, initializing? false, entries: <empty>
2019-09-27 10:14:44,342 [refreshUsed-/workdir/hadoop-ozone/integration-test/target/test-dir/MiniOzoneClusterImpl-7309d801-f179-460c-bf8c-3619c569ab1e/datanode-3/data/containers] WARN  fs.CachingGetSpaceUsed (CachingGetSpaceUsed.java:run(183)) - Thread Interrupted waiting to refresh disk information: sleep interrupted
2019-09-27 10:14:44,342 [main] INFO  util.JmxRegister (JmxRegister.java:unregister(73)) - Successfully un-registered JMX Bean with object name Ratis:service=RaftServer,group=group-D3B33CA5825D,id=1a0a9427-a12d-4c98-81a1-c39e1be27f6d
2019-09-27 10:14:44,343 [main] INFO  impl.RoleInfo (RoleInfo.java:shutdownLeaderState(104)) - 1a0a9427-a12d-4c98-81a1-c39e1be27f6d: shutdown LeaderState
2019-09-27 10:14:44,344 [main] INFO  impl.PendingRequests (PendingRequests.java:sendNotLeaderResponses(202)) - 1a0a9427-a12d-4c98-81a1-c39e1be27f6d-PendingRequests: sendNotLeaderResponses
2019-09-27 10:14:44,344 [main] INFO  impl.StateMachineUpdater (StateMachineUpdater.java:stopAndJoin(125)) - 1a0a9427-a12d-4c98-81a1-c39e1be27f6d@group-D3B33CA5825D-StateMachineUpdater: set stopIndex = 0
2019-09-27 10:14:44,345 [grpc-default-executor-3] INFO  server.GrpcLogAppender (GrpcLogAppender.java:onCompleted(293)) - 1a0a9427-a12d-4c98-81a1-c39e1be27f6d@group-D7C7F7FA402A->363f45e3-c2ed-48f5-ae19-ed94c8ce4f3d-AppendLogResponseHandler: follower responses appendEntries COMPLETED
2019-09-27 10:14:44,345 [main] INFO  impl.RaftServerImpl (ServerState.java:close(385)) - 1a0a9427-a12d-4c98-81a1-c39e1be27f6d@group-D3B33CA5825D: closes. applyIndex: 0
2019-09-27 10:14:44,346 [grpc-default-executor-3] INFO  impl.FollowerInfo (FollowerInfo.java:lambda$new$0(51)) - 1a0a9427-a12d-4c98-81a1-c39e1be27f6d@group-D7C7F7FA402A->363f45e3-c2ed-48f5-ae19-ed94c8ce4f3d: nextIndex: updateUnconditionally 1 -> 0
2019-09-27 10:14:44,346 [1a0a9427-a12d-4c98-81a1-c39e1be27f6d@group-D3B33CA5825D-SegmentedRaftLogWorker] INFO  segmented.SegmentedRaftLogWorker (SegmentedRaftLogWorker.java:run(313)) - 1a0a9427-a12d-4c98-81a1-c39e1be27f6d@group-D3B33CA5825D-SegmentedRaftLogWorker was interrupted, exiting. There are 0 tasks remaining in the queue.
2019-09-27 10:14:44,349 [main] INFO  segmented.SegmentedRaftLogWorker (SegmentedRaftLogWorker.java:close(228)) - 1a0a9427-a12d-4c98-81a1-c39e1be27f6d@group-D3B33CA5825D-SegmentedRaftLogWorker close()
2019-09-27 10:14:44,354 [main] INFO  server.GrpcService (GrpcService.java:closeImpl(164)) - 1a0a9427-a12d-4c98-81a1-c39e1be27f6d: shutdown server with port 36200 now
2019-09-27 10:14:44,355 [main] INFO  server.GrpcService (GrpcService.java:closeImpl(172)) - 1a0a9427-a12d-4c98-81a1-c39e1be27f6d: shutdown server with port 36200 successfully
2019-09-27 10:14:44,364 [refreshUsed-/workdir/hadoop-ozone/integration-test/target/test-dir/MiniOzoneClusterImpl-7309d801-f179-460c-bf8c-3619c569ab1e/datanode-6/data/containers] WARN  fs.CachingGetSpaceUsed (CachingGetSpaceUsed.java:run(183)) - Thread Interrupted waiting to refresh disk information: sleep interrupted
2019-09-27 10:14:44,377 [ForkJoinPool.commonPool-worker-0] INFO  utils.BackgroundService (BackgroundService.java:shutdown(148)) - Shutting down service BlockDeletingService
2019-09-27 10:14:44,383 [ForkJoinPool.commonPool-worker-0] INFO  statemachine.DatanodeStateMachine (DatanodeStateMachine.java:stopDaemon(395)) - Ozone container server stopped.
2019-09-27 10:14:44,389 [ForkJoinPool.commonPool-worker-0] INFO  handler.ContextHandler (ContextHandler.java:doStop(910)) - Stopped o.e.j.w.WebAppContext@46349b95{/,null,UNAVAILABLE}{/hddsDatanode}
2019-09-27 10:14:44,390 [ForkJoinPool.commonPool-worker-0] INFO  server.AbstractConnector (AbstractConnector.java:doStop(318)) - Stopped ServerConnector@176996c3{HTTP/1.1,[http/1.1]}{0.0.0.0:0}
2019-09-27 10:14:44,392 [ForkJoinPool.commonPool-worker-0] INFO  handler.ContextHandler (ContextHandler.java:doStop(910)) - Stopped o.e.j.s.ServletContextHandler@54e2fe{/static,jar:file:/home/user/.m2/repository/org/apache/hadoop/hadoop-hdds-container-service/0.5.0-SNAPSHOT/hadoop-hdds-container-service-0.5.0-SNAPSHOT.jar!/webapps/static,UNAVAILABLE}
2019-09-27 10:14:44,394 [ForkJoinPool.commonPool-worker-0] INFO  handler.ContextHandler (ContextHandler.java:doStop(910)) - Stopped o.e.j.s.ServletContextHandler@252a8aae{/logs,file:///workdir/hadoop-ozone/integration-test/target/log,UNAVAILABLE}
2019-09-27 10:14:44,397 [main] INFO  utils.BackgroundService (BackgroundService.java:shutdown(148)) - Shutting down service BlockDeletingService
2019-09-27 10:14:44,403 [main] INFO  statemachine.DatanodeStateMachine (DatanodeStateMachine.java:stopDaemon(395)) - Ozone container server stopped.
2019-09-27 10:14:44,404 [main] INFO  handler.ContextHandler (ContextHandler.java:doStop(910)) - Stopped o.e.j.w.WebAppContext@3b27b497{/,null,UNAVAILABLE}{/hddsDatanode}
2019-09-27 10:14:44,405 [main] INFO  server.AbstractConnector (AbstractConnector.java:doStop(318)) - Stopped ServerConnector@b1534d3{HTTP/1.1,[http/1.1]}{0.0.0.0:0}
2019-09-27 10:14:44,405 [main] INFO  handler.ContextHandler (ContextHandler.java:doStop(910)) - Stopped o.e.j.s.ServletContextHandler@58434b19{/static,jar:file:/home/user/.m2/repository/org/apache/hadoop/hadoop-hdds-container-service/0.5.0-SNAPSHOT/hadoop-hdds-container-service-0.5.0-SNAPSHOT.jar!/webapps/static,UNAVAILABLE}
2019-09-27 10:14:44,406 [main] INFO  handler.ContextHandler (ContextHandler.java:doStop(910)) - Stopped o.e.j.s.ServletContextHandler@31c628e7{/logs,file:///workdir/hadoop-ozone/integration-test/target/log,UNAVAILABLE}
2019-09-27 10:14:44,428 [grpc-default-executor-1] WARN  server.GrpcLogAppender (LogUtils.java:warn(134)) - 05b4a1fe-7ad6-4f6f-a8a9-40df080e757c@group-2E5E496E2596->a6c416d4-3244-4e70-92c5-63f7380a9294-AppendLogResponseHandler: Failed appendEntries: org.apache.ratis.thirdparty.io.grpc.StatusRuntimeException: UNAVAILABLE: io exception
2019-09-27 10:14:44,430 [grpc-default-executor-1] INFO  impl.FollowerInfo (FollowerInfo.java:lambda$new$0(51)) - 05b4a1fe-7ad6-4f6f-a8a9-40df080e757c@group-2E5E496E2596->a6c416d4-3244-4e70-92c5-63f7380a9294: nextIndex: updateUnconditionally 0 -> 0
2019-09-27 10:14:44,439 [grpc-default-executor-5] WARN  server.GrpcLogAppender (LogUtils.java:warn(134)) - ca2cbff0-14e3-4cd0-83a1-6556e5af9ad7@group-0E6FB7C5B51C->6538e5ea-9fbc-4e7b-b1f8-bd637acac874-AppendLogResponseHandler: Failed appendEntries: org.apache.ratis.thirdparty.io.grpc.StatusRuntimeException: UNAVAILABLE: io exception
2019-09-27 10:14:44,441 [grpc-default-executor-5] INFO  impl.FollowerInfo (FollowerInfo.java:lambda$new$0(51)) - ca2cbff0-14e3-4cd0-83a1-6556e5af9ad7@group-0E6FB7C5B51C->6538e5ea-9fbc-4e7b-b1f8-bd637acac874: nextIndex: updateUnconditionally 0 -> 0
2019-09-27 10:14:45,245 [Datanode State Machine Thread - 0] INFO  statemachine.DatanodeStateMachine (DatanodeStateMachine.java:lambda$startDaemon$0(350)) - Ozone container server started.
2019-09-27 10:14:45,245 [Datanode State Machine Thread - 0] INFO  statemachine.DatanodeStateMachine (DatanodeStateMachine.java:lambda$startDaemon$0(350)) - Ozone container server started.
2019-09-27 10:14:45,251 [grpc-default-executor-6] WARN  server.GrpcLogAppender (LogUtils.java:warn(134)) - ca2cbff0-14e3-4cd0-83a1-6556e5af9ad7@group-0E6FB7C5B51C->6538e5ea-9fbc-4e7b-b1f8-bd637acac874-AppendLogResponseHandler: Failed appendEntries: org.apache.ratis.thirdparty.io.grpc.StatusRuntimeException: UNAVAILABLE: io exception
2019-09-27 10:14:45,251 [grpc-default-executor-0] WARN  server.GrpcLogAppender (LogUtils.java:warn(134)) - 05b4a1fe-7ad6-4f6f-a8a9-40df080e757c@group-2E5E496E2596->a6c416d4-3244-4e70-92c5-63f7380a9294-AppendLogResponseHandler: Failed appendEntries: org.apache.ratis.thirdparty.io.grpc.StatusRuntimeException: UNAVAILABLE: io exception
2019-09-27 10:14:45,269 [grpc-default-executor-6] INFO  impl.FollowerInfo (FollowerInfo.java:lambda$new$0(51)) - ca2cbff0-14e3-4cd0-83a1-6556e5af9ad7@group-0E6FB7C5B51C->6538e5ea-9fbc-4e7b-b1f8-bd637acac874: nextIndex: updateUnconditionally 0 -> 0
2019-09-27 10:14:45,277 [grpc-default-executor-0] INFO  impl.FollowerInfo (FollowerInfo.java:lambda$new$0(51)) - 05b4a1fe-7ad6-4f6f-a8a9-40df080e757c@group-2E5E496E2596->a6c416d4-3244-4e70-92c5-63f7380a9294: nextIndex: updateUnconditionally 0 -> 0
2019-09-27 10:14:45,757 [grpc-default-executor-1] WARN  server.GrpcLogAppender (LogUtils.java:warn(134)) - 05b4a1fe-7ad6-4f6f-a8a9-40df080e757c@group-2E5E496E2596->a6c416d4-3244-4e70-92c5-63f7380a9294-AppendLogResponseHandler: Failed appendEntries: org.apache.ratis.thirdparty.io.grpc.StatusRuntimeException: UNAVAILABLE: io exception
2019-09-27 10:14:45,759 [grpc-default-executor-6] WARN  server.GrpcLogAppender (LogUtils.java:warn(134)) - ca2cbff0-14e3-4cd0-83a1-6556e5af9ad7@group-0E6FB7C5B51C->6538e5ea-9fbc-4e7b-b1f8-bd637acac874-AppendLogResponseHandler: Failed appendEntries: org.apache.ratis.thirdparty.io.grpc.StatusRuntimeException: UNAVAILABLE: io exception
2019-09-27 10:14:45,759 [grpc-default-executor-1] INFO  impl.FollowerInfo (FollowerInfo.java:lambda$new$0(51)) - 05b4a1fe-7ad6-4f6f-a8a9-40df080e757c@group-2E5E496E2596->a6c416d4-3244-4e70-92c5-63f7380a9294: nextIndex: updateUnconditionally 0 -> 0
2019-09-27 10:14:45,761 [grpc-default-executor-6] INFO  impl.FollowerInfo (FollowerInfo.java:lambda$new$0(51)) - ca2cbff0-14e3-4cd0-83a1-6556e5af9ad7@group-0E6FB7C5B51C->6538e5ea-9fbc-4e7b-b1f8-bd637acac874: nextIndex: updateUnconditionally 0 -> 0
2019-09-27 10:14:46,016 [Thread-434] INFO  impl.FollowerState (FollowerState.java:run(106)) - 363f45e3-c2ed-48f5-ae19-ed94c8ce4f3d:group-D7C7F7FA402A changes to CANDIDATE, lastRpcTime:2062, electionTimeout:1143ms
2019-09-27 10:14:46,017 [Thread-434] INFO  impl.RoleInfo (RoleInfo.java:shutdownFollowerState(121)) - 363f45e3-c2ed-48f5-ae19-ed94c8ce4f3d: shutdown FollowerState
2019-09-27 10:14:46,017 [Thread-434] INFO  impl.RaftServerImpl (RaftServerImpl.java:setRole(174)) - 363f45e3-c2ed-48f5-ae19-ed94c8ce4f3d@group-D7C7F7FA402A: changes role from  FOLLOWER to CANDIDATE at term 2 for changeToCandidate
2019-09-27 10:14:46,017 [Thread-434] INFO  impl.RoleInfo (RoleInfo.java:updateAndGet(143)) - 363f45e3-c2ed-48f5-ae19-ed94c8ce4f3d: start LeaderElection
2019-09-27 10:14:46,021 [363f45e3-c2ed-48f5-ae19-ed94c8ce4f3d@group-D7C7F7FA402A:LeaderElection24] INFO  impl.RaftServerImpl (ServerState.java:setLeader(253)) - 363f45e3-c2ed-48f5-ae19-ed94c8ce4f3d@group-D7C7F7FA402A: change Leader from 1a0a9427-a12d-4c98-81a1-c39e1be27f6d to null at term 2 for initElection
2019-09-27 10:14:46,048 [363f45e3-c2ed-48f5-ae19-ed94c8ce4f3d@group-D7C7F7FA402A:LeaderElection24] INFO  impl.LeaderElection (LeaderElection.java:askForVotes(182)) - 363f45e3-c2ed-48f5-ae19-ed94c8ce4f3d@group-D7C7F7FA402A:LeaderElection24: begin an election at term 3 for 0: [1a0a9427-a12d-4c98-81a1-c39e1be27f6d:192.168.151.103:36200, 4bbf8e1c-0fc8-4b3a-88c0-5b6f150f1aee:192.168.151.103:33910, 363f45e3-c2ed-48f5-ae19-ed94c8ce4f3d:192.168.151.103:41409], old=null
2019-09-27 10:14:46,055 [363f45e3-c2ed-48f5-ae19-ed94c8ce4f3d@group-D7C7F7FA402A:LeaderElection24] INFO  impl.LeaderElection (LogUtils.java:infoOrTrace(149)) - 363f45e3-c2ed-48f5-ae19-ed94c8ce4f3d@group-D7C7F7FA402A:LeaderElection24 got exception when requesting votes: {}
java.util.concurrent.ExecutionException: org.apache.ratis.thirdparty.io.grpc.StatusRuntimeException: UNAVAILABLE: io exception
	at java.util.concurrent.FutureTask.report(FutureTask.java:122)
	at java.util.concurrent.FutureTask.get(FutureTask.java:192)
	at org.apache.ratis.server.impl.LeaderElection.waitForResults(LeaderElection.java:263)
	at org.apache.ratis.server.impl.LeaderElection.askForVotes(LeaderElection.java:201)
	at org.apache.ratis.server.impl.LeaderElection.run(LeaderElection.java:133)
	at java.lang.Thread.run(Thread.java:748)
Caused by: org.apache.ratis.thirdparty.io.grpc.StatusRuntimeException: UNAVAILABLE: io exception
	at org.apache.ratis.thirdparty.io.grpc.stub.ClientCalls.toStatusRuntimeException(ClientCalls.java:233)
	at org.apache.ratis.thirdparty.io.grpc.stub.ClientCalls.getUnchecked(ClientCalls.java:214)
	at org.apache.ratis.thirdparty.io.grpc.stub.ClientCalls.blockingUnaryCall(ClientCalls.java:139)
	at org.apache.ratis.proto.grpc.RaftServerProtocolServiceGrpc$RaftServerProtocolServiceBlockingStub.requestVote(RaftServerProtocolServiceGrpc.java:265)
	at org.apache.ratis.grpc.server.GrpcServerProtocolClient.requestVote(GrpcServerProtocolClient.java:90)
	at org.apache.ratis.grpc.server.GrpcService.requestVote(GrpcService.java:204)
	at org.apache.ratis.server.impl.LeaderElection.lambda$submitRequests$1(LeaderElection.java:238)
	at java.util.concurrent.FutureTask.run(FutureTask.java:266)
	at java.util.concurrent.Executors$RunnableAdapter.call(Executors.java:511)
	at java.util.concurrent.FutureTask.run(FutureTask.java:266)
	at java.util.concurrent.ThreadPoolExecutor.runWorker(ThreadPoolExecutor.java:1149)
	at java.util.concurrent.ThreadPoolExecutor$Worker.run(ThreadPoolExecutor.java:624)
	... 1 more
Caused by: org.apache.ratis.thirdparty.io.netty.channel.AbstractChannel$AnnotatedConnectException: Connection refused: /192.168.151.103:33910
	at sun.nio.ch.SocketChannelImpl.checkConnect(Native Method)
	at sun.nio.ch.SocketChannelImpl.finishConnect(SocketChannelImpl.java:717)
	at org.apache.ratis.thirdparty.io.netty.channel.socket.nio.NioSocketChannel.doFinishConnect(NioSocketChannel.java:327)
	at org.apache.ratis.thirdparty.io.netty.channel.nio.AbstractNioChannel$AbstractNioUnsafe.finishConnect(AbstractNioChannel.java:340)
	at org.apache.ratis.thirdparty.io.netty.channel.nio.NioEventLoop.processSelectedKey(NioEventLoop.java:632)
	at org.apache.ratis.thirdparty.io.netty.channel.nio.NioEventLoop.processSelectedKeysOptimized(NioEventLoop.java:579)
	at org.apache.ratis.thirdparty.io.netty.channel.nio.NioEventLoop.processSelectedKeys(NioEventLoop.java:496)
	at org.apache.ratis.thirdparty.io.netty.channel.nio.NioEventLoop.run(NioEventLoop.java:458)
	at org.apache.ratis.thirdparty.io.netty.util.concurrent.SingleThreadEventExecutor$5.run(SingleThreadEventExecutor.java:897)
	at org.apache.ratis.thirdparty.io.netty.util.concurrent.FastThreadLocalRunnable.run(FastThreadLocalRunnable.java:30)
	... 1 more
Caused by: java.net.ConnectException: Connection refused
	... 11 more
2019-09-27 10:14:46,058 [363f45e3-c2ed-48f5-ae19-ed94c8ce4f3d@group-D7C7F7FA402A:LeaderElection24] INFO  impl.LeaderElection (LogUtils.java:infoOrTrace(149)) - 363f45e3-c2ed-48f5-ae19-ed94c8ce4f3d@group-D7C7F7FA402A:LeaderElection24 got exception when requesting votes: {}
java.util.concurrent.ExecutionException: org.apache.ratis.thirdparty.io.grpc.StatusRuntimeException: UNAVAILABLE: io exception
	at java.util.concurrent.FutureTask.report(FutureTask.java:122)
	at java.util.concurrent.FutureTask.get(FutureTask.java:192)
	at org.apache.ratis.server.impl.LeaderElection.waitForResults(LeaderElection.java:263)
	at org.apache.ratis.server.impl.LeaderElection.askForVotes(LeaderElection.java:201)
	at org.apache.ratis.server.impl.LeaderElection.run(LeaderElection.java:133)
	at java.lang.Thread.run(Thread.java:748)
Caused by: org.apache.ratis.thirdparty.io.grpc.StatusRuntimeException: UNAVAILABLE: io exception
	at org.apache.ratis.thirdparty.io.grpc.stub.ClientCalls.toStatusRuntimeException(ClientCalls.java:233)
	at org.apache.ratis.thirdparty.io.grpc.stub.ClientCalls.getUnchecked(ClientCalls.java:214)
	at org.apache.ratis.thirdparty.io.grpc.stub.ClientCalls.blockingUnaryCall(ClientCalls.java:139)
	at org.apache.ratis.proto.grpc.RaftServerProtocolServiceGrpc$RaftServerProtocolServiceBlockingStub.requestVote(RaftServerProtocolServiceGrpc.java:265)
	at org.apache.ratis.grpc.server.GrpcServerProtocolClient.requestVote(GrpcServerProtocolClient.java:90)
	at org.apache.ratis.grpc.server.GrpcService.requestVote(GrpcService.java:204)
	at org.apache.ratis.server.impl.LeaderElection.lambda$submitRequests$1(LeaderElection.java:238)
	at java.util.concurrent.FutureTask.run(FutureTask.java:266)
	at java.util.concurrent.Executors$RunnableAdapter.call(Executors.java:511)
	at java.util.concurrent.FutureTask.run(FutureTask.java:266)
	at java.util.concurrent.ThreadPoolExecutor.runWorker(ThreadPoolExecutor.java:1149)
	at java.util.concurrent.ThreadPoolExecutor$Worker.run(ThreadPoolExecutor.java:624)
	... 1 more
Caused by: org.apache.ratis.thirdparty.io.netty.channel.AbstractChannel$AnnotatedConnectException: Connection refused: /192.168.151.103:36200
	at sun.nio.ch.SocketChannelImpl.checkConnect(Native Method)
	at sun.nio.ch.SocketChannelImpl.finishConnect(SocketChannelImpl.java:717)
	at org.apache.ratis.thirdparty.io.netty.channel.socket.nio.NioSocketChannel.doFinishConnect(NioSocketChannel.java:327)
	at org.apache.ratis.thirdparty.io.netty.channel.nio.AbstractNioChannel$AbstractNioUnsafe.finishConnect(AbstractNioChannel.java:340)
	at org.apache.ratis.thirdparty.io.netty.channel.nio.NioEventLoop.processSelectedKey(NioEventLoop.java:632)
	at org.apache.ratis.thirdparty.io.netty.channel.nio.NioEventLoop.processSelectedKeysOptimized(NioEventLoop.java:579)
	at org.apache.ratis.thirdparty.io.netty.channel.nio.NioEventLoop.processSelectedKeys(NioEventLoop.java:496)
	at org.apache.ratis.thirdparty.io.netty.channel.nio.NioEventLoop.run(NioEventLoop.java:458)
	at org.apache.ratis.thirdparty.io.netty.util.concurrent.SingleThreadEventExecutor$5.run(SingleThreadEventExecutor.java:897)
	at org.apache.ratis.thirdparty.io.netty.util.concurrent.FastThreadLocalRunnable.run(FastThreadLocalRunnable.java:30)
	... 1 more
Caused by: java.net.ConnectException: Connection refused
	... 11 more
2019-09-27 10:14:46,060 [363f45e3-c2ed-48f5-ae19-ed94c8ce4f3d@group-D7C7F7FA402A:LeaderElection24] INFO  impl.LeaderElection (LeaderElection.java:logAndReturn(56)) - 363f45e3-c2ed-48f5-ae19-ed94c8ce4f3d@group-D7C7F7FA402A:LeaderElection24: Election REJECTED; received 0 response(s) [] and 2 exception(s); 363f45e3-c2ed-48f5-ae19-ed94c8ce4f3d@group-D7C7F7FA402A:t3, leader=null, voted=363f45e3-c2ed-48f5-ae19-ed94c8ce4f3d, raftlog=363f45e3-c2ed-48f5-ae19-ed94c8ce4f3d@group-D7C7F7FA402A-SegmentedRaftLog:OPENED:c0,f0,i0, conf=0: [1a0a9427-a12d-4c98-81a1-c39e1be27f6d:192.168.151.103:36200, 4bbf8e1c-0fc8-4b3a-88c0-5b6f150f1aee:192.168.151.103:33910, 363f45e3-c2ed-48f5-ae19-ed94c8ce4f3d:192.168.151.103:41409], old=null
2019-09-27 10:14:46,061 [363f45e3-c2ed-48f5-ae19-ed94c8ce4f3d@group-D7C7F7FA402A:LeaderElection24] INFO  impl.LeaderElection (LogUtils.java:infoOrTrace(149)) -   Exception 0: {}
java.util.concurrent.ExecutionException: org.apache.ratis.thirdparty.io.grpc.StatusRuntimeException: UNAVAILABLE: io exception
	at java.util.concurrent.FutureTask.report(FutureTask.java:122)
	at java.util.concurrent.FutureTask.get(FutureTask.java:192)
	at org.apache.ratis.server.impl.LeaderElection.waitForResults(LeaderElection.java:263)
	at org.apache.ratis.server.impl.LeaderElection.askForVotes(LeaderElection.java:201)
	at org.apache.ratis.server.impl.LeaderElection.run(LeaderElection.java:133)
	at java.lang.Thread.run(Thread.java:748)
Caused by: org.apache.ratis.thirdparty.io.grpc.StatusRuntimeException: UNAVAILABLE: io exception
	at org.apache.ratis.thirdparty.io.grpc.stub.ClientCalls.toStatusRuntimeException(ClientCalls.java:233)
	at org.apache.ratis.thirdparty.io.grpc.stub.ClientCalls.getUnchecked(ClientCalls.java:214)
	at org.apache.ratis.thirdparty.io.grpc.stub.ClientCalls.blockingUnaryCall(ClientCalls.java:139)
	at org.apache.ratis.proto.grpc.RaftServerProtocolServiceGrpc$RaftServerProtocolServiceBlockingStub.requestVote(RaftServerProtocolServiceGrpc.java:265)
	at org.apache.ratis.grpc.server.GrpcServerProtocolClient.requestVote(GrpcServerProtocolClient.java:90)
	at org.apache.ratis.grpc.server.GrpcService.requestVote(GrpcService.java:204)
	at org.apache.ratis.server.impl.LeaderElection.lambda$submitRequests$1(LeaderElection.java:238)
	at java.util.concurrent.FutureTask.run(FutureTask.java:266)
	at java.util.concurrent.Executors$RunnableAdapter.call(Executors.java:511)
	at java.util.concurrent.FutureTask.run(FutureTask.java:266)
	at java.util.concurrent.ThreadPoolExecutor.runWorker(ThreadPoolExecutor.java:1149)
	at java.util.concurrent.ThreadPoolExecutor$Worker.run(ThreadPoolExecutor.java:624)
	... 1 more
Caused by: org.apache.ratis.thirdparty.io.netty.channel.AbstractChannel$AnnotatedConnectException: Connection refused: /192.168.151.103:33910
	at sun.nio.ch.SocketChannelImpl.checkConnect(Native Method)
	at sun.nio.ch.SocketChannelImpl.finishConnect(SocketChannelImpl.java:717)
	at org.apache.ratis.thirdparty.io.netty.channel.socket.nio.NioSocketChannel.doFinishConnect(NioSocketChannel.java:327)
	at org.apache.ratis.thirdparty.io.netty.channel.nio.AbstractNioChannel$AbstractNioUnsafe.finishConnect(AbstractNioChannel.java:340)
	at org.apache.ratis.thirdparty.io.netty.channel.nio.NioEventLoop.processSelectedKey(NioEventLoop.java:632)
	at org.apache.ratis.thirdparty.io.netty.channel.nio.NioEventLoop.processSelectedKeysOptimized(NioEventLoop.java:579)
	at org.apache.ratis.thirdparty.io.netty.channel.nio.NioEventLoop.processSelectedKeys(NioEventLoop.java:496)
	at org.apache.ratis.thirdparty.io.netty.channel.nio.NioEventLoop.run(NioEventLoop.java:458)
	at org.apache.ratis.thirdparty.io.netty.util.concurrent.SingleThreadEventExecutor$5.run(SingleThreadEventExecutor.java:897)
	at org.apache.ratis.thirdparty.io.netty.util.concurrent.FastThreadLocalRunnable.run(FastThreadLocalRunnable.java:30)
	... 1 more
Caused by: java.net.ConnectException: Connection refused
	... 11 more
2019-09-27 10:14:46,061 [363f45e3-c2ed-48f5-ae19-ed94c8ce4f3d@group-D7C7F7FA402A:LeaderElection24] INFO  impl.LeaderElection (LogUtils.java:infoOrTrace(149)) -   Exception 1: {}
java.util.concurrent.ExecutionException: org.apache.ratis.thirdparty.io.grpc.StatusRuntimeException: UNAVAILABLE: io exception
	at java.util.concurrent.FutureTask.report(FutureTask.java:122)
	at java.util.concurrent.FutureTask.get(FutureTask.java:192)
	at org.apache.ratis.server.impl.LeaderElection.waitForResults(LeaderElection.java:263)
	at org.apache.ratis.server.impl.LeaderElection.askForVotes(LeaderElection.java:201)
	at org.apache.ratis.server.impl.LeaderElection.run(LeaderElection.java:133)
	at java.lang.Thread.run(Thread.java:748)
Caused by: org.apache.ratis.thirdparty.io.grpc.StatusRuntimeException: UNAVAILABLE: io exception
	at org.apache.ratis.thirdparty.io.grpc.stub.ClientCalls.toStatusRuntimeException(ClientCalls.java:233)
	at org.apache.ratis.thirdparty.io.grpc.stub.ClientCalls.getUnchecked(ClientCalls.java:214)
	at org.apache.ratis.thirdparty.io.grpc.stub.ClientCalls.blockingUnaryCall(ClientCalls.java:139)
	at org.apache.ratis.proto.grpc.RaftServerProtocolServiceGrpc$RaftServerProtocolServiceBlockingStub.requestVote(RaftServerProtocolServiceGrpc.java:265)
	at org.apache.ratis.grpc.server.GrpcServerProtocolClient.requestVote(GrpcServerProtocolClient.java:90)
	at org.apache.ratis.grpc.server.GrpcService.requestVote(GrpcService.java:204)
	at org.apache.ratis.server.impl.LeaderElection.lambda$submitRequests$1(LeaderElection.java:238)
	at java.util.concurrent.FutureTask.run(FutureTask.java:266)
	at java.util.concurrent.Executors$RunnableAdapter.call(Executors.java:511)
	at java.util.concurrent.FutureTask.run(FutureTask.java:266)
	at java.util.concurrent.ThreadPoolExecutor.runWorker(ThreadPoolExecutor.java:1149)
	at java.util.concurrent.ThreadPoolExecutor$Worker.run(ThreadPoolExecutor.java:624)
	... 1 more
Caused by: org.apache.ratis.thirdparty.io.netty.channel.AbstractChannel$AnnotatedConnectException: Connection refused: /192.168.151.103:36200
	at sun.nio.ch.SocketChannelImpl.checkConnect(Native Method)
	at sun.nio.ch.SocketChannelImpl.finishConnect(SocketChannelImpl.java:717)
	at org.apache.ratis.thirdparty.io.netty.channel.socket.nio.NioSocketChannel.doFinishConnect(NioSocketChannel.java:327)
	at org.apache.ratis.thirdparty.io.netty.channel.nio.AbstractNioChannel$AbstractNioUnsafe.finishConnect(AbstractNioChannel.java:340)
	at org.apache.ratis.thirdparty.io.netty.channel.nio.NioEventLoop.processSelectedKey(NioEventLoop.java:632)
	at org.apache.ratis.thirdparty.io.netty.channel.nio.NioEventLoop.processSelectedKeysOptimized(NioEventLoop.java:579)
	at org.apache.ratis.thirdparty.io.netty.channel.nio.NioEventLoop.processSelectedKeys(NioEventLoop.java:496)
	at org.apache.ratis.thirdparty.io.netty.channel.nio.NioEventLoop.run(NioEventLoop.java:458)
	at org.apache.ratis.thirdparty.io.netty.util.concurrent.SingleThreadEventExecutor$5.run(SingleThreadEventExecutor.java:897)
	at org.apache.ratis.thirdparty.io.netty.util.concurrent.FastThreadLocalRunnable.run(FastThreadLocalRunnable.java:30)
	... 1 more
Caused by: java.net.ConnectException: Connection refused
	... 11 more
2019-09-27 10:14:46,062 [363f45e3-c2ed-48f5-ae19-ed94c8ce4f3d@group-D7C7F7FA402A:LeaderElection24] INFO  impl.RaftServerImpl (RaftServerImpl.java:setRole(174)) - 363f45e3-c2ed-48f5-ae19-ed94c8ce4f3d@group-D7C7F7FA402A: changes role from CANDIDATE to FOLLOWER at term 3 for DISCOVERED_A_NEW_TERM
2019-09-27 10:14:46,062 [363f45e3-c2ed-48f5-ae19-ed94c8ce4f3d@group-D7C7F7FA402A:LeaderElection24] INFO  impl.RoleInfo (RoleInfo.java:shutdownLeaderElection(134)) - 363f45e3-c2ed-48f5-ae19-ed94c8ce4f3d: shutdown LeaderElection
2019-09-27 10:14:46,062 [363f45e3-c2ed-48f5-ae19-ed94c8ce4f3d@group-D7C7F7FA402A:LeaderElection24] INFO  impl.RoleInfo (RoleInfo.java:updateAndGet(143)) - 363f45e3-c2ed-48f5-ae19-ed94c8ce4f3d: start FollowerState
2019-09-27 10:14:46,256 [grpc-default-executor-0] WARN  server.GrpcLogAppender (LogUtils.java:warn(134)) - 05b4a1fe-7ad6-4f6f-a8a9-40df080e757c@group-2E5E496E2596->a6c416d4-3244-4e70-92c5-63f7380a9294-AppendLogResponseHandler: Failed appendEntries: org.apache.ratis.thirdparty.io.grpc.StatusRuntimeException: UNAVAILABLE: io exception
2019-09-27 10:14:46,261 [grpc-default-executor-0] INFO  impl.FollowerInfo (FollowerInfo.java:lambda$new$0(51)) - 05b4a1fe-7ad6-4f6f-a8a9-40df080e757c@group-2E5E496E2596->a6c416d4-3244-4e70-92c5-63f7380a9294: nextIndex: updateUnconditionally 0 -> 0
2019-09-27 10:14:46,261 [grpc-default-executor-0] WARN  server.GrpcLogAppender (LogUtils.java:warn(134)) - ca2cbff0-14e3-4cd0-83a1-6556e5af9ad7@group-0E6FB7C5B51C->6538e5ea-9fbc-4e7b-b1f8-bd637acac874-AppendLogResponseHandler: Failed appendEntries: org.apache.ratis.thirdparty.io.grpc.StatusRuntimeException: UNAVAILABLE: io exception
2019-09-27 10:14:46,264 [grpc-default-executor-0] INFO  impl.FollowerInfo (FollowerInfo.java:lambda$new$0(51)) - ca2cbff0-14e3-4cd0-83a1-6556e5af9ad7@group-0E6FB7C5B51C->6538e5ea-9fbc-4e7b-b1f8-bd637acac874: nextIndex: updateUnconditionally 0 -> 0
2019-09-27 10:14:46,761 [grpc-default-executor-6] WARN  server.GrpcLogAppender (LogUtils.java:warn(134)) - 05b4a1fe-7ad6-4f6f-a8a9-40df080e757c@group-2E5E496E2596->a6c416d4-3244-4e70-92c5-63f7380a9294-AppendLogResponseHandler: Failed appendEntries: org.apache.ratis.thirdparty.io.grpc.StatusRuntimeException: UNAVAILABLE: io exception
2019-09-27 10:14:46,761 [grpc-default-executor-5] WARN  server.GrpcLogAppender (LogUtils.java:warn(134)) - ca2cbff0-14e3-4cd0-83a1-6556e5af9ad7@group-0E6FB7C5B51C->6538e5ea-9fbc-4e7b-b1f8-bd637acac874-AppendLogResponseHandler: Failed appendEntries: org.apache.ratis.thirdparty.io.grpc.StatusRuntimeException: UNAVAILABLE: io exception
2019-09-27 10:14:46,767 [grpc-default-executor-6] INFO  impl.FollowerInfo (FollowerInfo.java:lambda$new$0(51)) - 05b4a1fe-7ad6-4f6f-a8a9-40df080e757c@group-2E5E496E2596->a6c416d4-3244-4e70-92c5-63f7380a9294: nextIndex: updateUnconditionally 0 -> 0
2019-09-27 10:14:46,770 [grpc-default-executor-5] INFO  impl.FollowerInfo (FollowerInfo.java:lambda$new$0(51)) - ca2cbff0-14e3-4cd0-83a1-6556e5af9ad7@group-0E6FB7C5B51C->6538e5ea-9fbc-4e7b-b1f8-bd637acac874: nextIndex: updateUnconditionally 0 -> 0
2019-09-27 10:14:47,173 [Thread-1860] INFO  impl.FollowerState (FollowerState.java:run(106)) - 363f45e3-c2ed-48f5-ae19-ed94c8ce4f3d:group-D7C7F7FA402A changes to CANDIDATE, lastRpcTime:1110, electionTimeout:1110ms
2019-09-27 10:14:47,173 [Thread-1860] INFO  impl.RoleInfo (RoleInfo.java:shutdownFollowerState(121)) - 363f45e3-c2ed-48f5-ae19-ed94c8ce4f3d: shutdown FollowerState
2019-09-27 10:14:47,173 [Thread-1860] INFO  impl.RaftServerImpl (RaftServerImpl.java:setRole(174)) - 363f45e3-c2ed-48f5-ae19-ed94c8ce4f3d@group-D7C7F7FA402A: changes role from  FOLLOWER to CANDIDATE at term 3 for changeToCandidate
2019-09-27 10:14:47,174 [Thread-1860] INFO  impl.RoleInfo (RoleInfo.java:updateAndGet(143)) - 363f45e3-c2ed-48f5-ae19-ed94c8ce4f3d: start LeaderElection
2019-09-27 10:14:47,191 [363f45e3-c2ed-48f5-ae19-ed94c8ce4f3d@group-D7C7F7FA402A:LeaderElection25] INFO  impl.LeaderElection (LeaderElection.java:askForVotes(182)) - 363f45e3-c2ed-48f5-ae19-ed94c8ce4f3d@group-D7C7F7FA402A:LeaderElection25: begin an election at term 4 for 0: [1a0a9427-a12d-4c98-81a1-c39e1be27f6d:192.168.151.103:36200, 4bbf8e1c-0fc8-4b3a-88c0-5b6f150f1aee:192.168.151.103:33910, 363f45e3-c2ed-48f5-ae19-ed94c8ce4f3d:192.168.151.103:41409], old=null
2019-09-27 10:14:47,192 [363f45e3-c2ed-48f5-ae19-ed94c8ce4f3d@group-D7C7F7FA402A:LeaderElection25] INFO  impl.LeaderElection (LogUtils.java:infoOrTrace(149)) - 363f45e3-c2ed-48f5-ae19-ed94c8ce4f3d@group-D7C7F7FA402A:LeaderElection25 got exception when requesting votes: {}
java.util.concurrent.ExecutionException: org.apache.ratis.thirdparty.io.grpc.StatusRuntimeException: UNAVAILABLE: io exception
	at java.util.concurrent.FutureTask.report(FutureTask.java:122)
	at java.util.concurrent.FutureTask.get(FutureTask.java:192)
	at org.apache.ratis.server.impl.LeaderElection.waitForResults(LeaderElection.java:263)
	at org.apache.ratis.server.impl.LeaderElection.askForVotes(LeaderElection.java:201)
	at org.apache.ratis.server.impl.LeaderElection.run(LeaderElection.java:133)
	at java.lang.Thread.run(Thread.java:748)
Caused by: org.apache.ratis.thirdparty.io.grpc.StatusRuntimeException: UNAVAILABLE: io exception
	at org.apache.ratis.thirdparty.io.grpc.stub.ClientCalls.toStatusRuntimeException(ClientCalls.java:233)
	at org.apache.ratis.thirdparty.io.grpc.stub.ClientCalls.getUnchecked(ClientCalls.java:214)
	at org.apache.ratis.thirdparty.io.grpc.stub.ClientCalls.blockingUnaryCall(ClientCalls.java:139)
	at org.apache.ratis.proto.grpc.RaftServerProtocolServiceGrpc$RaftServerProtocolServiceBlockingStub.requestVote(RaftServerProtocolServiceGrpc.java:265)
	at org.apache.ratis.grpc.server.GrpcServerProtocolClient.requestVote(GrpcServerProtocolClient.java:90)
	at org.apache.ratis.grpc.server.GrpcService.requestVote(GrpcService.java:204)
	at org.apache.ratis.server.impl.LeaderElection.lambda$submitRequests$1(LeaderElection.java:238)
	at java.util.concurrent.FutureTask.run(FutureTask.java:266)
	at java.util.concurrent.Executors$RunnableAdapter.call(Executors.java:511)
	at java.util.concurrent.FutureTask.run(FutureTask.java:266)
	at java.util.concurrent.ThreadPoolExecutor.runWorker(ThreadPoolExecutor.java:1149)
	at java.util.concurrent.ThreadPoolExecutor$Worker.run(ThreadPoolExecutor.java:624)
	... 1 more
Caused by: org.apache.ratis.thirdparty.io.netty.channel.AbstractChannel$AnnotatedConnectException: Connection refused: /192.168.151.103:36200
	at sun.nio.ch.SocketChannelImpl.checkConnect(Native Method)
	at sun.nio.ch.SocketChannelImpl.finishConnect(SocketChannelImpl.java:717)
	at org.apache.ratis.thirdparty.io.netty.channel.socket.nio.NioSocketChannel.doFinishConnect(NioSocketChannel.java:327)
	at org.apache.ratis.thirdparty.io.netty.channel.nio.AbstractNioChannel$AbstractNioUnsafe.finishConnect(AbstractNioChannel.java:340)
	at org.apache.ratis.thirdparty.io.netty.channel.nio.NioEventLoop.processSelectedKey(NioEventLoop.java:632)
	at org.apache.ratis.thirdparty.io.netty.channel.nio.NioEventLoop.processSelectedKeysOptimized(NioEventLoop.java:579)
	at org.apache.ratis.thirdparty.io.netty.channel.nio.NioEventLoop.processSelectedKeys(NioEventLoop.java:496)
	at org.apache.ratis.thirdparty.io.netty.channel.nio.NioEventLoop.run(NioEventLoop.java:458)
	at org.apache.ratis.thirdparty.io.netty.util.concurrent.SingleThreadEventExecutor$5.run(SingleThreadEventExecutor.java:897)
	at org.apache.ratis.thirdparty.io.netty.util.concurrent.FastThreadLocalRunnable.run(FastThreadLocalRunnable.java:30)
	... 1 more
Caused by: java.net.ConnectException: Connection refused
	... 11 more
2019-09-27 10:14:47,195 [363f45e3-c2ed-48f5-ae19-ed94c8ce4f3d@group-D7C7F7FA402A:LeaderElection25] INFO  impl.LeaderElection (LogUtils.java:infoOrTrace(149)) - 363f45e3-c2ed-48f5-ae19-ed94c8ce4f3d@group-D7C7F7FA402A:LeaderElection25 got exception when requesting votes: {}
java.util.concurrent.ExecutionException: org.apache.ratis.thirdparty.io.grpc.StatusRuntimeException: UNAVAILABLE: io exception
	at java.util.concurrent.FutureTask.report(FutureTask.java:122)
	at java.util.concurrent.FutureTask.get(FutureTask.java:192)
	at org.apache.ratis.server.impl.LeaderElection.waitForResults(LeaderElection.java:263)
	at org.apache.ratis.server.impl.LeaderElection.askForVotes(LeaderElection.java:201)
	at org.apache.ratis.server.impl.LeaderElection.run(LeaderElection.java:133)
	at java.lang.Thread.run(Thread.java:748)
Caused by: org.apache.ratis.thirdparty.io.grpc.StatusRuntimeException: UNAVAILABLE: io exception
	at org.apache.ratis.thirdparty.io.grpc.stub.ClientCalls.toStatusRuntimeException(ClientCalls.java:233)
	at org.apache.ratis.thirdparty.io.grpc.stub.ClientCalls.getUnchecked(ClientCalls.java:214)
	at org.apache.ratis.thirdparty.io.grpc.stub.ClientCalls.blockingUnaryCall(ClientCalls.java:139)
	at org.apache.ratis.proto.grpc.RaftServerProtocolServiceGrpc$RaftServerProtocolServiceBlockingStub.requestVote(RaftServerProtocolServiceGrpc.java:265)
	at org.apache.ratis.grpc.server.GrpcServerProtocolClient.requestVote(GrpcServerProtocolClient.java:90)
	at org.apache.ratis.grpc.server.GrpcService.requestVote(GrpcService.java:204)
	at org.apache.ratis.server.impl.LeaderElection.lambda$submitRequests$1(LeaderElection.java:238)
	at java.util.concurrent.FutureTask.run(FutureTask.java:266)
	at java.util.concurrent.Executors$RunnableAdapter.call(Executors.java:511)
	at java.util.concurrent.FutureTask.run(FutureTask.java:266)
	at java.util.concurrent.ThreadPoolExecutor.runWorker(ThreadPoolExecutor.java:1149)
	at java.util.concurrent.ThreadPoolExecutor$Worker.run(ThreadPoolExecutor.java:624)
	... 1 more
Caused by: org.apache.ratis.thirdparty.io.netty.channel.AbstractChannel$AnnotatedConnectException: Connection refused: /192.168.151.103:33910
	at sun.nio.ch.SocketChannelImpl.checkConnect(Native Method)
	at sun.nio.ch.SocketChannelImpl.finishConnect(SocketChannelImpl.java:717)
	at org.apache.ratis.thirdparty.io.netty.channel.socket.nio.NioSocketChannel.doFinishConnect(NioSocketChannel.java:327)
	at org.apache.ratis.thirdparty.io.netty.channel.nio.AbstractNioChannel$AbstractNioUnsafe.finishConnect(AbstractNioChannel.java:340)
	at org.apache.ratis.thirdparty.io.netty.channel.nio.NioEventLoop.processSelectedKey(NioEventLoop.java:632)
	at org.apache.ratis.thirdparty.io.netty.channel.nio.NioEventLoop.processSelectedKeysOptimized(NioEventLoop.java:579)
	at org.apache.ratis.thirdparty.io.netty.channel.nio.NioEventLoop.processSelectedKeys(NioEventLoop.java:496)
	at org.apache.ratis.thirdparty.io.netty.channel.nio.NioEventLoop.run(NioEventLoop.java:458)
	at org.apache.ratis.thirdparty.io.netty.util.concurrent.SingleThreadEventExecutor$5.run(SingleThreadEventExecutor.java:897)
	at org.apache.ratis.thirdparty.io.netty.util.concurrent.FastThreadLocalRunnable.run(FastThreadLocalRunnable.java:30)
	... 1 more
Caused by: java.net.ConnectException: Connection refused
	... 11 more
2019-09-27 10:14:47,198 [363f45e3-c2ed-48f5-ae19-ed94c8ce4f3d@group-D7C7F7FA402A:LeaderElection25] INFO  impl.LeaderElection (LeaderElection.java:logAndReturn(56)) - 363f45e3-c2ed-48f5-ae19-ed94c8ce4f3d@group-D7C7F7FA402A:LeaderElection25: Election REJECTED; received 0 response(s) [] and 2 exception(s); 363f45e3-c2ed-48f5-ae19-ed94c8ce4f3d@group-D7C7F7FA402A:t4, leader=null, voted=363f45e3-c2ed-48f5-ae19-ed94c8ce4f3d, raftlog=363f45e3-c2ed-48f5-ae19-ed94c8ce4f3d@group-D7C7F7FA402A-SegmentedRaftLog:OPENED:c0,f0,i0, conf=0: [1a0a9427-a12d-4c98-81a1-c39e1be27f6d:192.168.151.103:36200, 4bbf8e1c-0fc8-4b3a-88c0-5b6f150f1aee:192.168.151.103:33910, 363f45e3-c2ed-48f5-ae19-ed94c8ce4f3d:192.168.151.103:41409], old=null
2019-09-27 10:14:47,198 [363f45e3-c2ed-48f5-ae19-ed94c8ce4f3d@group-D7C7F7FA402A:LeaderElection25] INFO  impl.LeaderElection (LogUtils.java:infoOrTrace(149)) -   Exception 0: {}
java.util.concurrent.ExecutionException: org.apache.ratis.thirdparty.io.grpc.StatusRuntimeException: UNAVAILABLE: io exception
	at java.util.concurrent.FutureTask.report(FutureTask.java:122)
	at java.util.concurrent.FutureTask.get(FutureTask.java:192)
	at org.apache.ratis.server.impl.LeaderElection.waitForResults(LeaderElection.java:263)
	at org.apache.ratis.server.impl.LeaderElection.askForVotes(LeaderElection.java:201)
	at org.apache.ratis.server.impl.LeaderElection.run(LeaderElection.java:133)
	at java.lang.Thread.run(Thread.java:748)
Caused by: org.apache.ratis.thirdparty.io.grpc.StatusRuntimeException: UNAVAILABLE: io exception
	at org.apache.ratis.thirdparty.io.grpc.stub.ClientCalls.toStatusRuntimeException(ClientCalls.java:233)
	at org.apache.ratis.thirdparty.io.grpc.stub.ClientCalls.getUnchecked(ClientCalls.java:214)
	at org.apache.ratis.thirdparty.io.grpc.stub.ClientCalls.blockingUnaryCall(ClientCalls.java:139)
	at org.apache.ratis.proto.grpc.RaftServerProtocolServiceGrpc$RaftServerProtocolServiceBlockingStub.requestVote(RaftServerProtocolServiceGrpc.java:265)
	at org.apache.ratis.grpc.server.GrpcServerProtocolClient.requestVote(GrpcServerProtocolClient.java:90)
	at org.apache.ratis.grpc.server.GrpcService.requestVote(GrpcService.java:204)
	at org.apache.ratis.server.impl.LeaderElection.lambda$submitRequests$1(LeaderElection.java:238)
	at java.util.concurrent.FutureTask.run(FutureTask.java:266)
	at java.util.concurrent.Executors$RunnableAdapter.call(Executors.java:511)
	at java.util.concurrent.FutureTask.run(FutureTask.java:266)
	at java.util.concurrent.ThreadPoolExecutor.runWorker(ThreadPoolExecutor.java:1149)
	at java.util.concurrent.ThreadPoolExecutor$Worker.run(ThreadPoolExecutor.java:624)
	... 1 more
Caused by: org.apache.ratis.thirdparty.io.netty.channel.AbstractChannel$AnnotatedConnectException: Connection refused: /192.168.151.103:36200
	at sun.nio.ch.SocketChannelImpl.checkConnect(Native Method)
	at sun.nio.ch.SocketChannelImpl.finishConnect(SocketChannelImpl.java:717)
	at org.apache.ratis.thirdparty.io.netty.channel.socket.nio.NioSocketChannel.doFinishConnect(NioSocketChannel.java:327)
	at org.apache.ratis.thirdparty.io.netty.channel.nio.AbstractNioChannel$AbstractNioUnsafe.finishConnect(AbstractNioChannel.java:340)
	at org.apache.ratis.thirdparty.io.netty.channel.nio.NioEventLoop.processSelectedKey(NioEventLoop.java:632)
	at org.apache.ratis.thirdparty.io.netty.channel.nio.NioEventLoop.processSelectedKeysOptimized(NioEventLoop.java:579)
	at org.apache.ratis.thirdparty.io.netty.channel.nio.NioEventLoop.processSelectedKeys(NioEventLoop.java:496)
	at org.apache.ratis.thirdparty.io.netty.channel.nio.NioEventLoop.run(NioEventLoop.java:458)
	at org.apache.ratis.thirdparty.io.netty.util.concurrent.SingleThreadEventExecutor$5.run(SingleThreadEventExecutor.java:897)
	at org.apache.ratis.thirdparty.io.netty.util.concurrent.FastThreadLocalRunnable.run(FastThreadLocalRunnable.java:30)
	... 1 more
Caused by: java.net.ConnectException: Connection refused
	... 11 more
2019-09-27 10:14:47,198 [363f45e3-c2ed-48f5-ae19-ed94c8ce4f3d@group-D7C7F7FA402A:LeaderElection25] INFO  impl.LeaderElection (LogUtils.java:infoOrTrace(149)) -   Exception 1: {}
java.util.concurrent.ExecutionException: org.apache.ratis.thirdparty.io.grpc.StatusRuntimeException: UNAVAILABLE: io exception
	at java.util.concurrent.FutureTask.report(FutureTask.java:122)
	at java.util.concurrent.FutureTask.get(FutureTask.java:192)
	at org.apache.ratis.server.impl.LeaderElection.waitForResults(LeaderElection.java:263)
	at org.apache.ratis.server.impl.LeaderElection.askForVotes(LeaderElection.java:201)
	at org.apache.ratis.server.impl.LeaderElection.run(LeaderElection.java:133)
	at java.lang.Thread.run(Thread.java:748)
Caused by: org.apache.ratis.thirdparty.io.grpc.StatusRuntimeException: UNAVAILABLE: io exception
	at org.apache.ratis.thirdparty.io.grpc.stub.ClientCalls.toStatusRuntimeException(ClientCalls.java:233)
	at org.apache.ratis.thirdparty.io.grpc.stub.ClientCalls.getUnchecked(ClientCalls.java:214)
	at org.apache.ratis.thirdparty.io.grpc.stub.ClientCalls.blockingUnaryCall(ClientCalls.java:139)
	at org.apache.ratis.proto.grpc.RaftServerProtocolServiceGrpc$RaftServerProtocolServiceBlockingStub.requestVote(RaftServerProtocolServiceGrpc.java:265)
	at org.apache.ratis.grpc.server.GrpcServerProtocolClient.requestVote(GrpcServerProtocolClient.java:90)
	at org.apache.ratis.grpc.server.GrpcService.requestVote(GrpcService.java:204)
	at org.apache.ratis.server.impl.LeaderElection.lambda$submitRequests$1(LeaderElection.java:238)
	at java.util.concurrent.FutureTask.run(FutureTask.java:266)
	at java.util.concurrent.Executors$RunnableAdapter.call(Executors.java:511)
	at java.util.concurrent.FutureTask.run(FutureTask.java:266)
	at java.util.concurrent.ThreadPoolExecutor.runWorker(ThreadPoolExecutor.java:1149)
	at java.util.concurrent.ThreadPoolExecutor$Worker.run(ThreadPoolExecutor.java:624)
	... 1 more
Caused by: org.apache.ratis.thirdparty.io.netty.channel.AbstractChannel$AnnotatedConnectException: Connection refused: /192.168.151.103:33910
	at sun.nio.ch.SocketChannelImpl.checkConnect(Native Method)
	at sun.nio.ch.SocketChannelImpl.finishConnect(SocketChannelImpl.java:717)
	at org.apache.ratis.thirdparty.io.netty.channel.socket.nio.NioSocketChannel.doFinishConnect(NioSocketChannel.java:327)
	at org.apache.ratis.thirdparty.io.netty.channel.nio.AbstractNioChannel$AbstractNioUnsafe.finishConnect(AbstractNioChannel.java:340)
	at org.apache.ratis.thirdparty.io.netty.channel.nio.NioEventLoop.processSelectedKey(NioEventLoop.java:632)
	at org.apache.ratis.thirdparty.io.netty.channel.nio.NioEventLoop.processSelectedKeysOptimized(NioEventLoop.java:579)
	at org.apache.ratis.thirdparty.io.netty.channel.nio.NioEventLoop.processSelectedKeys(NioEventLoop.java:496)
	at org.apache.ratis.thirdparty.io.netty.channel.nio.NioEventLoop.run(NioEventLoop.java:458)
	at org.apache.ratis.thirdparty.io.netty.util.concurrent.SingleThreadEventExecutor$5.run(SingleThreadEventExecutor.java:897)
	at org.apache.ratis.thirdparty.io.netty.util.concurrent.FastThreadLocalRunnable.run(FastThreadLocalRunnable.java:30)
	... 1 more
Caused by: java.net.ConnectException: Connection refused
	... 11 more
2019-09-27 10:14:47,201 [363f45e3-c2ed-48f5-ae19-ed94c8ce4f3d@group-D7C7F7FA402A:LeaderElection25] INFO  impl.RaftServerImpl (RaftServerImpl.java:setRole(174)) - 363f45e3-c2ed-48f5-ae19-ed94c8ce4f3d@group-D7C7F7FA402A: changes role from CANDIDATE to FOLLOWER at term 4 for DISCOVERED_A_NEW_TERM
2019-09-27 10:14:47,201 [363f45e3-c2ed-48f5-ae19-ed94c8ce4f3d@group-D7C7F7FA402A:LeaderElection25] INFO  impl.RoleInfo (RoleInfo.java:shutdownLeaderElection(134)) - 363f45e3-c2ed-48f5-ae19-ed94c8ce4f3d: shutdown LeaderElection
2019-09-27 10:14:47,201 [363f45e3-c2ed-48f5-ae19-ed94c8ce4f3d@group-D7C7F7FA402A:LeaderElection25] INFO  impl.RoleInfo (RoleInfo.java:updateAndGet(143)) - 363f45e3-c2ed-48f5-ae19-ed94c8ce4f3d: start FollowerState
2019-09-27 10:14:47,264 [grpc-default-executor-5] WARN  server.GrpcLogAppender (LogUtils.java:warn(134)) - 05b4a1fe-7ad6-4f6f-a8a9-40df080e757c@group-2E5E496E2596->a6c416d4-3244-4e70-92c5-63f7380a9294-AppendLogResponseHandler: Failed appendEntries: org.apache.ratis.thirdparty.io.grpc.StatusRuntimeException: UNAVAILABLE: io exception
2019-09-27 10:14:47,266 [grpc-default-executor-3] WARN  server.GrpcLogAppender (LogUtils.java:warn(134)) - ca2cbff0-14e3-4cd0-83a1-6556e5af9ad7@group-0E6FB7C5B51C->6538e5ea-9fbc-4e7b-b1f8-bd637acac874-AppendLogResponseHandler: Failed appendEntries: org.apache.ratis.thirdparty.io.grpc.StatusRuntimeException: UNAVAILABLE: io exception
2019-09-27 10:14:47,270 [grpc-default-executor-5] INFO  impl.FollowerInfo (FollowerInfo.java:lambda$new$0(51)) - 05b4a1fe-7ad6-4f6f-a8a9-40df080e757c@group-2E5E496E2596->a6c416d4-3244-4e70-92c5-63f7380a9294: nextIndex: updateUnconditionally 0 -> 0
2019-09-27 10:14:47,270 [grpc-default-executor-3] INFO  impl.FollowerInfo (FollowerInfo.java:lambda$new$0(51)) - ca2cbff0-14e3-4cd0-83a1-6556e5af9ad7@group-0E6FB7C5B51C->6538e5ea-9fbc-4e7b-b1f8-bd637acac874: nextIndex: updateUnconditionally 0 -> 0
2019-09-27 10:14:47,775 [grpc-default-executor-0] WARN  server.GrpcLogAppender (LogUtils.java:warn(134)) - 05b4a1fe-7ad6-4f6f-a8a9-40df080e757c@group-2E5E496E2596->a6c416d4-3244-4e70-92c5-63f7380a9294-AppendLogResponseHandler: Failed appendEntries: org.apache.ratis.thirdparty.io.grpc.StatusRuntimeException: UNAVAILABLE: io exception
2019-09-27 10:14:47,776 [grpc-default-executor-6] WARN  server.GrpcLogAppender (LogUtils.java:warn(134)) - ca2cbff0-14e3-4cd0-83a1-6556e5af9ad7@group-0E6FB7C5B51C->6538e5ea-9fbc-4e7b-b1f8-bd637acac874-AppendLogResponseHandler: Failed appendEntries: org.apache.ratis.thirdparty.io.grpc.StatusRuntimeException: UNAVAILABLE: io exception
2019-09-27 10:14:47,778 [grpc-default-executor-0] INFO  impl.FollowerInfo (FollowerInfo.java:lambda$new$0(51)) - 05b4a1fe-7ad6-4f6f-a8a9-40df080e757c@group-2E5E496E2596->a6c416d4-3244-4e70-92c5-63f7380a9294: nextIndex: updateUnconditionally 0 -> 0
2019-09-27 10:14:47,785 [grpc-default-executor-6] INFO  impl.FollowerInfo (FollowerInfo.java:lambda$new$0(51)) - ca2cbff0-14e3-4cd0-83a1-6556e5af9ad7@group-0E6FB7C5B51C->6538e5ea-9fbc-4e7b-b1f8-bd637acac874: nextIndex: updateUnconditionally 0 -> 0
2019-09-27 10:14:48,240 [Thread-1868] INFO  impl.FollowerState (FollowerState.java:run(106)) - 363f45e3-c2ed-48f5-ae19-ed94c8ce4f3d:group-D7C7F7FA402A changes to CANDIDATE, lastRpcTime:1038, electionTimeout:1038ms
2019-09-27 10:14:48,240 [Thread-1868] INFO  impl.RoleInfo (RoleInfo.java:shutdownFollowerState(121)) - 363f45e3-c2ed-48f5-ae19-ed94c8ce4f3d: shutdown FollowerState
2019-09-27 10:14:48,241 [Thread-1868] INFO  impl.RaftServerImpl (RaftServerImpl.java:setRole(174)) - 363f45e3-c2ed-48f5-ae19-ed94c8ce4f3d@group-D7C7F7FA402A: changes role from  FOLLOWER to CANDIDATE at term 4 for changeToCandidate
2019-09-27 10:14:48,241 [Thread-1868] INFO  impl.RoleInfo (RoleInfo.java:updateAndGet(143)) - 363f45e3-c2ed-48f5-ae19-ed94c8ce4f3d: start LeaderElection
2019-09-27 10:14:48,258 [363f45e3-c2ed-48f5-ae19-ed94c8ce4f3d@group-D7C7F7FA402A:LeaderElection26] INFO  impl.LeaderElection (LeaderElection.java:askForVotes(182)) - 363f45e3-c2ed-48f5-ae19-ed94c8ce4f3d@group-D7C7F7FA402A:LeaderElection26: begin an election at term 5 for 0: [1a0a9427-a12d-4c98-81a1-c39e1be27f6d:192.168.151.103:36200, 4bbf8e1c-0fc8-4b3a-88c0-5b6f150f1aee:192.168.151.103:33910, 363f45e3-c2ed-48f5-ae19-ed94c8ce4f3d:192.168.151.103:41409], old=null
2019-09-27 10:14:48,260 [363f45e3-c2ed-48f5-ae19-ed94c8ce4f3d@group-D7C7F7FA402A:LeaderElection26] INFO  impl.LeaderElection (LogUtils.java:infoOrTrace(149)) - 363f45e3-c2ed-48f5-ae19-ed94c8ce4f3d@group-D7C7F7FA402A:LeaderElection26 got exception when requesting votes: {}
java.util.concurrent.ExecutionException: org.apache.ratis.thirdparty.io.grpc.StatusRuntimeException: UNAVAILABLE: io exception
	at java.util.concurrent.FutureTask.report(FutureTask.java:122)
	at java.util.concurrent.FutureTask.get(FutureTask.java:192)
	at org.apache.ratis.server.impl.LeaderElection.waitForResults(LeaderElection.java:263)
	at org.apache.ratis.server.impl.LeaderElection.askForVotes(LeaderElection.java:201)
	at org.apache.ratis.server.impl.LeaderElection.run(LeaderElection.java:133)
	at java.lang.Thread.run(Thread.java:748)
Caused by: org.apache.ratis.thirdparty.io.grpc.StatusRuntimeException: UNAVAILABLE: io exception
	at org.apache.ratis.thirdparty.io.grpc.stub.ClientCalls.toStatusRuntimeException(ClientCalls.java:233)
	at org.apache.ratis.thirdparty.io.grpc.stub.ClientCalls.getUnchecked(ClientCalls.java:214)
	at org.apache.ratis.thirdparty.io.grpc.stub.ClientCalls.blockingUnaryCall(ClientCalls.java:139)
	at org.apache.ratis.proto.grpc.RaftServerProtocolServiceGrpc$RaftServerProtocolServiceBlockingStub.requestVote(RaftServerProtocolServiceGrpc.java:265)
	at org.apache.ratis.grpc.server.GrpcServerProtocolClient.requestVote(GrpcServerProtocolClient.java:90)
	at org.apache.ratis.grpc.server.GrpcService.requestVote(GrpcService.java:204)
	at org.apache.ratis.server.impl.LeaderElection.lambda$submitRequests$1(LeaderElection.java:238)
	at java.util.concurrent.FutureTask.run(FutureTask.java:266)
	at java.util.concurrent.Executors$RunnableAdapter.call(Executors.java:511)
	at java.util.concurrent.FutureTask.run(FutureTask.java:266)
	at java.util.concurrent.ThreadPoolExecutor.runWorker(ThreadPoolExecutor.java:1149)
	at java.util.concurrent.ThreadPoolExecutor$Worker.run(ThreadPoolExecutor.java:624)
	... 1 more
Caused by: org.apache.ratis.thirdparty.io.netty.channel.AbstractChannel$AnnotatedConnectException: Connection refused: /192.168.151.103:36200
	at sun.nio.ch.SocketChannelImpl.checkConnect(Native Method)
	at sun.nio.ch.SocketChannelImpl.finishConnect(SocketChannelImpl.java:717)
	at org.apache.ratis.thirdparty.io.netty.channel.socket.nio.NioSocketChannel.doFinishConnect(NioSocketChannel.java:327)
	at org.apache.ratis.thirdparty.io.netty.channel.nio.AbstractNioChannel$AbstractNioUnsafe.finishConnect(AbstractNioChannel.java:340)
	at org.apache.ratis.thirdparty.io.netty.channel.nio.NioEventLoop.processSelectedKey(NioEventLoop.java:632)
	at org.apache.ratis.thirdparty.io.netty.channel.nio.NioEventLoop.processSelectedKeysOptimized(NioEventLoop.java:579)
	at org.apache.ratis.thirdparty.io.netty.channel.nio.NioEventLoop.processSelectedKeys(NioEventLoop.java:496)
	at org.apache.ratis.thirdparty.io.netty.channel.nio.NioEventLoop.run(NioEventLoop.java:458)
	at org.apache.ratis.thirdparty.io.netty.util.concurrent.SingleThreadEventExecutor$5.run(SingleThreadEventExecutor.java:897)
	at org.apache.ratis.thirdparty.io.netty.util.concurrent.FastThreadLocalRunnable.run(FastThreadLocalRunnable.java:30)
	... 1 more
Caused by: java.net.ConnectException: Connection refused
	... 11 more
2019-09-27 10:14:48,265 [363f45e3-c2ed-48f5-ae19-ed94c8ce4f3d@group-D7C7F7FA402A:LeaderElection26] INFO  impl.LeaderElection (LogUtils.java:infoOrTrace(149)) - 363f45e3-c2ed-48f5-ae19-ed94c8ce4f3d@group-D7C7F7FA402A:LeaderElection26 got exception when requesting votes: {}
java.util.concurrent.ExecutionException: org.apache.ratis.thirdparty.io.grpc.StatusRuntimeException: UNAVAILABLE: io exception
	at java.util.concurrent.FutureTask.report(FutureTask.java:122)
	at java.util.concurrent.FutureTask.get(FutureTask.java:192)
	at org.apache.ratis.server.impl.LeaderElection.waitForResults(LeaderElection.java:263)
	at org.apache.ratis.server.impl.LeaderElection.askForVotes(LeaderElection.java:201)
	at org.apache.ratis.server.impl.LeaderElection.run(LeaderElection.java:133)
	at java.lang.Thread.run(Thread.java:748)
Caused by: org.apache.ratis.thirdparty.io.grpc.StatusRuntimeException: UNAVAILABLE: io exception
	at org.apache.ratis.thirdparty.io.grpc.stub.ClientCalls.toStatusRuntimeException(ClientCalls.java:233)
	at org.apache.ratis.thirdparty.io.grpc.stub.ClientCalls.getUnchecked(ClientCalls.java:214)
	at org.apache.ratis.thirdparty.io.grpc.stub.ClientCalls.blockingUnaryCall(ClientCalls.java:139)
	at org.apache.ratis.proto.grpc.RaftServerProtocolServiceGrpc$RaftServerProtocolServiceBlockingStub.requestVote(RaftServerProtocolServiceGrpc.java:265)
	at org.apache.ratis.grpc.server.GrpcServerProtocolClient.requestVote(GrpcServerProtocolClient.java:90)
	at org.apache.ratis.grpc.server.GrpcService.requestVote(GrpcService.java:204)
	at org.apache.ratis.server.impl.LeaderElection.lambda$submitRequests$1(LeaderElection.java:238)
	at java.util.concurrent.FutureTask.run(FutureTask.java:266)
	at java.util.concurrent.Executors$RunnableAdapter.call(Executors.java:511)
	at java.util.concurrent.FutureTask.run(FutureTask.java:266)
	at java.util.concurrent.ThreadPoolExecutor.runWorker(ThreadPoolExecutor.java:1149)
	at java.util.concurrent.ThreadPoolExecutor$Worker.run(ThreadPoolExecutor.java:624)
	... 1 more
Caused by: org.apache.ratis.thirdparty.io.netty.channel.AbstractChannel$AnnotatedConnectException: Connection refused: /192.168.151.103:33910
	at sun.nio.ch.SocketChannelImpl.checkConnect(Native Method)
	at sun.nio.ch.SocketChannelImpl.finishConnect(SocketChannelImpl.java:717)
	at org.apache.ratis.thirdparty.io.netty.channel.socket.nio.NioSocketChannel.doFinishConnect(NioSocketChannel.java:327)
	at org.apache.ratis.thirdparty.io.netty.channel.nio.AbstractNioChannel$AbstractNioUnsafe.finishConnect(AbstractNioChannel.java:340)
	at org.apache.ratis.thirdparty.io.netty.channel.nio.NioEventLoop.processSelectedKey(NioEventLoop.java:632)
	at org.apache.ratis.thirdparty.io.netty.channel.nio.NioEventLoop.processSelectedKeysOptimized(NioEventLoop.java:579)
	at org.apache.ratis.thirdparty.io.netty.channel.nio.NioEventLoop.processSelectedKeys(NioEventLoop.java:496)
	at org.apache.ratis.thirdparty.io.netty.channel.nio.NioEventLoop.run(NioEventLoop.java:458)
	at org.apache.ratis.thirdparty.io.netty.util.concurrent.SingleThreadEventExecutor$5.run(SingleThreadEventExecutor.java:897)
	at org.apache.ratis.thirdparty.io.netty.util.concurrent.FastThreadLocalRunnable.run(FastThreadLocalRunnable.java:30)
	... 1 more
Caused by: java.net.ConnectException: Connection refused
	... 11 more
2019-09-27 10:14:48,270 [363f45e3-c2ed-48f5-ae19-ed94c8ce4f3d@group-D7C7F7FA402A:LeaderElection26] INFO  impl.LeaderElection (LeaderElection.java:logAndReturn(56)) - 363f45e3-c2ed-48f5-ae19-ed94c8ce4f3d@group-D7C7F7FA402A:LeaderElection26: Election REJECTED; received 0 response(s) [] and 2 exception(s); 363f45e3-c2ed-48f5-ae19-ed94c8ce4f3d@group-D7C7F7FA402A:t5, leader=null, voted=363f45e3-c2ed-48f5-ae19-ed94c8ce4f3d, raftlog=363f45e3-c2ed-48f5-ae19-ed94c8ce4f3d@group-D7C7F7FA402A-SegmentedRaftLog:OPENED:c0,f0,i0, conf=0: [1a0a9427-a12d-4c98-81a1-c39e1be27f6d:192.168.151.103:36200, 4bbf8e1c-0fc8-4b3a-88c0-5b6f150f1aee:192.168.151.103:33910, 363f45e3-c2ed-48f5-ae19-ed94c8ce4f3d:192.168.151.103:41409], old=null
2019-09-27 10:14:48,270 [363f45e3-c2ed-48f5-ae19-ed94c8ce4f3d@group-D7C7F7FA402A:LeaderElection26] INFO  impl.LeaderElection (LogUtils.java:infoOrTrace(149)) -   Exception 0: {}
java.util.concurrent.ExecutionException: org.apache.ratis.thirdparty.io.grpc.StatusRuntimeException: UNAVAILABLE: io exception
	at java.util.concurrent.FutureTask.report(FutureTask.java:122)
	at java.util.concurrent.FutureTask.get(FutureTask.java:192)
	at org.apache.ratis.server.impl.LeaderElection.waitForResults(LeaderElection.java:263)
	at org.apache.ratis.server.impl.LeaderElection.askForVotes(LeaderElection.java:201)
	at org.apache.ratis.server.impl.LeaderElection.run(LeaderElection.java:133)
	at java.lang.Thread.run(Thread.java:748)
Caused by: org.apache.ratis.thirdparty.io.grpc.StatusRuntimeException: UNAVAILABLE: io exception
	at org.apache.ratis.thirdparty.io.grpc.stub.ClientCalls.toStatusRuntimeException(ClientCalls.java:233)
	at org.apache.ratis.thirdparty.io.grpc.stub.ClientCalls.getUnchecked(ClientCalls.java:214)
	at org.apache.ratis.thirdparty.io.grpc.stub.ClientCalls.blockingUnaryCall(ClientCalls.java:139)
	at org.apache.ratis.proto.grpc.RaftServerProtocolServiceGrpc$RaftServerProtocolServiceBlockingStub.requestVote(RaftServerProtocolServiceGrpc.java:265)
	at org.apache.ratis.grpc.server.GrpcServerProtocolClient.requestVote(GrpcServerProtocolClient.java:90)
	at org.apache.ratis.grpc.server.GrpcService.requestVote(GrpcService.java:204)
	at org.apache.ratis.server.impl.LeaderElection.lambda$submitRequests$1(LeaderElection.java:238)
	at java.util.concurrent.FutureTask.run(FutureTask.java:266)
	at java.util.concurrent.Executors$RunnableAdapter.call(Executors.java:511)
	at java.util.concurrent.FutureTask.run(FutureTask.java:266)
	at java.util.concurrent.ThreadPoolExecutor.runWorker(ThreadPoolExecutor.java:1149)
	at java.util.concurrent.ThreadPoolExecutor$Worker.run(ThreadPoolExecutor.java:624)
	... 1 more
Caused by: org.apache.ratis.thirdparty.io.netty.channel.AbstractChannel$AnnotatedConnectException: Connection refused: /192.168.151.103:36200
	at sun.nio.ch.SocketChannelImpl.checkConnect(Native Method)
	at sun.nio.ch.SocketChannelImpl.finishConnect(SocketChannelImpl.java:717)
	at org.apache.ratis.thirdparty.io.netty.channel.socket.nio.NioSocketChannel.doFinishConnect(NioSocketChannel.java:327)
	at org.apache.ratis.thirdparty.io.netty.channel.nio.AbstractNioChannel$AbstractNioUnsafe.finishConnect(AbstractNioChannel.java:340)
	at org.apache.ratis.thirdparty.io.netty.channel.nio.NioEventLoop.processSelectedKey(NioEventLoop.java:632)
	at org.apache.ratis.thirdparty.io.netty.channel.nio.NioEventLoop.processSelectedKeysOptimized(NioEventLoop.java:579)
	at org.apache.ratis.thirdparty.io.netty.channel.nio.NioEventLoop.processSelectedKeys(NioEventLoop.java:496)
	at org.apache.ratis.thirdparty.io.netty.channel.nio.NioEventLoop.run(NioEventLoop.java:458)
	at org.apache.ratis.thirdparty.io.netty.util.concurrent.SingleThreadEventExecutor$5.run(SingleThreadEventExecutor.java:897)
	at org.apache.ratis.thirdparty.io.netty.util.concurrent.FastThreadLocalRunnable.run(FastThreadLocalRunnable.java:30)
	... 1 more
Caused by: java.net.ConnectException: Connection refused
	... 11 more
2019-09-27 10:14:48,270 [363f45e3-c2ed-48f5-ae19-ed94c8ce4f3d@group-D7C7F7FA402A:LeaderElection26] INFO  impl.LeaderElection (LogUtils.java:infoOrTrace(149)) -   Exception 1: {}
java.util.concurrent.ExecutionException: org.apache.ratis.thirdparty.io.grpc.StatusRuntimeException: UNAVAILABLE: io exception
	at java.util.concurrent.FutureTask.report(FutureTask.java:122)
	at java.util.concurrent.FutureTask.get(FutureTask.java:192)
	at org.apache.ratis.server.impl.LeaderElection.waitForResults(LeaderElection.java:263)
	at org.apache.ratis.server.impl.LeaderElection.askForVotes(LeaderElection.java:201)
	at org.apache.ratis.server.impl.LeaderElection.run(LeaderElection.java:133)
	at java.lang.Thread.run(Thread.java:748)
Caused by: org.apache.ratis.thirdparty.io.grpc.StatusRuntimeException: UNAVAILABLE: io exception
	at org.apache.ratis.thirdparty.io.grpc.stub.ClientCalls.toStatusRuntimeException(ClientCalls.java:233)
	at org.apache.ratis.thirdparty.io.grpc.stub.ClientCalls.getUnchecked(ClientCalls.java:214)
	at org.apache.ratis.thirdparty.io.grpc.stub.ClientCalls.blockingUnaryCall(ClientCalls.java:139)
	at org.apache.ratis.proto.grpc.RaftServerProtocolServiceGrpc$RaftServerProtocolServiceBlockingStub.requestVote(RaftServerProtocolServiceGrpc.java:265)
	at org.apache.ratis.grpc.server.GrpcServerProtocolClient.requestVote(GrpcServerProtocolClient.java:90)
	at org.apache.ratis.grpc.server.GrpcService.requestVote(GrpcService.java:204)
	at org.apache.ratis.server.impl.LeaderElection.lambda$submitRequests$1(LeaderElection.java:238)
	at java.util.concurrent.FutureTask.run(FutureTask.java:266)
	at java.util.concurrent.Executors$RunnableAdapter.call(Executors.java:511)
	at java.util.concurrent.FutureTask.run(FutureTask.java:266)
	at java.util.concurrent.ThreadPoolExecutor.runWorker(ThreadPoolExecutor.java:1149)
	at java.util.concurrent.ThreadPoolExecutor$Worker.run(ThreadPoolExecutor.java:624)
	... 1 more
Caused by: org.apache.ratis.thirdparty.io.netty.channel.AbstractChannel$AnnotatedConnectException: Connection refused: /192.168.151.103:33910
	at sun.nio.ch.SocketChannelImpl.checkConnect(Native Method)
	at sun.nio.ch.SocketChannelImpl.finishConnect(SocketChannelImpl.java:717)
	at org.apache.ratis.thirdparty.io.netty.channel.socket.nio.NioSocketChannel.doFinishConnect(NioSocketChannel.java:327)
	at org.apache.ratis.thirdparty.io.netty.channel.nio.AbstractNioChannel$AbstractNioUnsafe.finishConnect(AbstractNioChannel.java:340)
	at org.apache.ratis.thirdparty.io.netty.channel.nio.NioEventLoop.processSelectedKey(NioEventLoop.java:632)
	at org.apache.ratis.thirdparty.io.netty.channel.nio.NioEventLoop.processSelectedKeysOptimized(NioEventLoop.java:579)
	at org.apache.ratis.thirdparty.io.netty.channel.nio.NioEventLoop.processSelectedKeys(NioEventLoop.java:496)
	at org.apache.ratis.thirdparty.io.netty.channel.nio.NioEventLoop.run(NioEventLoop.java:458)
	at org.apache.ratis.thirdparty.io.netty.util.concurrent.SingleThreadEventExecutor$5.run(SingleThreadEventExecutor.java:897)
	at org.apache.ratis.thirdparty.io.netty.util.concurrent.FastThreadLocalRunnable.run(FastThreadLocalRunnable.java:30)
	... 1 more
Caused by: java.net.ConnectException: Connection refused
	... 11 more
2019-09-27 10:14:48,271 [grpc-default-executor-5] WARN  server.GrpcLogAppender (LogUtils.java:warn(134)) - 05b4a1fe-7ad6-4f6f-a8a9-40df080e757c@group-2E5E496E2596->a6c416d4-3244-4e70-92c5-63f7380a9294-AppendLogResponseHandler: Failed appendEntries: org.apache.ratis.thirdparty.io.grpc.StatusRuntimeException: UNAVAILABLE: io exception
2019-09-27 10:14:48,284 [grpc-default-executor-3] WARN  server.GrpcLogAppender (LogUtils.java:warn(134)) - ca2cbff0-14e3-4cd0-83a1-6556e5af9ad7@group-0E6FB7C5B51C->6538e5ea-9fbc-4e7b-b1f8-bd637acac874-AppendLogResponseHandler: Failed appendEntries: org.apache.ratis.thirdparty.io.grpc.StatusRuntimeException: UNAVAILABLE: io exception
2019-09-27 10:14:48,273 [363f45e3-c2ed-48f5-ae19-ed94c8ce4f3d@group-D7C7F7FA402A:LeaderElection26] INFO  impl.RaftServerImpl (RaftServerImpl.java:setRole(174)) - 363f45e3-c2ed-48f5-ae19-ed94c8ce4f3d@group-D7C7F7FA402A: changes role from CANDIDATE to FOLLOWER at term 5 for DISCOVERED_A_NEW_TERM
2019-09-27 10:14:48,286 [grpc-default-executor-5] INFO  impl.FollowerInfo (FollowerInfo.java:lambda$new$0(51)) - 05b4a1fe-7ad6-4f6f-a8a9-40df080e757c@group-2E5E496E2596->a6c416d4-3244-4e70-92c5-63f7380a9294: nextIndex: updateUnconditionally 0 -> 0
2019-09-27 10:14:48,286 [grpc-default-executor-3] INFO  impl.FollowerInfo (FollowerInfo.java:lambda$new$0(51)) - ca2cbff0-14e3-4cd0-83a1-6556e5af9ad7@group-0E6FB7C5B51C->6538e5ea-9fbc-4e7b-b1f8-bd637acac874: nextIndex: updateUnconditionally 0 -> 0
2019-09-27 10:14:48,286 [363f45e3-c2ed-48f5-ae19-ed94c8ce4f3d@group-D7C7F7FA402A:LeaderElection26] INFO  impl.RoleInfo (RoleInfo.java:shutdownLeaderElection(134)) - 363f45e3-c2ed-48f5-ae19-ed94c8ce4f3d: shutdown LeaderElection
2019-09-27 10:14:48,287 [363f45e3-c2ed-48f5-ae19-ed94c8ce4f3d@group-D7C7F7FA402A:LeaderElection26] INFO  impl.RoleInfo (RoleInfo.java:updateAndGet(143)) - 363f45e3-c2ed-48f5-ae19-ed94c8ce4f3d: start FollowerState
2019-09-27 10:14:48,767 [grpc-default-executor-0] WARN  server.GrpcLogAppender (LogUtils.java:warn(134)) - 05b4a1fe-7ad6-4f6f-a8a9-40df080e757c@group-2E5E496E2596->a6c416d4-3244-4e70-92c5-63f7380a9294-AppendLogResponseHandler: Failed appendEntries: org.apache.ratis.thirdparty.io.grpc.StatusRuntimeException: UNAVAILABLE: io exception
2019-09-27 10:14:48,768 [grpc-default-executor-0] INFO  impl.FollowerInfo (FollowerInfo.java:lambda$new$0(51)) - 05b4a1fe-7ad6-4f6f-a8a9-40df080e757c@group-2E5E496E2596->a6c416d4-3244-4e70-92c5-63f7380a9294: nextIndex: updateUnconditionally 0 -> 0
2019-09-27 10:14:48,780 [grpc-default-executor-5] WARN  server.GrpcLogAppender (LogUtils.java:warn(134)) - ca2cbff0-14e3-4cd0-83a1-6556e5af9ad7@group-0E6FB7C5B51C->6538e5ea-9fbc-4e7b-b1f8-bd637acac874-AppendLogResponseHandler: Failed appendEntries: org.apache.ratis.thirdparty.io.grpc.StatusRuntimeException: UNAVAILABLE: io exception
2019-09-27 10:14:48,780 [grpc-default-executor-5] INFO  impl.FollowerInfo (FollowerInfo.java:lambda$new$0(51)) - ca2cbff0-14e3-4cd0-83a1-6556e5af9ad7@group-0E6FB7C5B51C->6538e5ea-9fbc-4e7b-b1f8-bd637acac874: nextIndex: updateUnconditionally 0 -> 0
2019-09-27 10:14:49,268 [grpc-default-executor-3] WARN  server.GrpcLogAppender (LogUtils.java:warn(134)) - 05b4a1fe-7ad6-4f6f-a8a9-40df080e757c@group-2E5E496E2596->a6c416d4-3244-4e70-92c5-63f7380a9294-AppendLogResponseHandler: Failed appendEntries: org.apache.ratis.thirdparty.io.grpc.StatusRuntimeException: UNAVAILABLE: io exception
2019-09-27 10:14:49,269 [grpc-default-executor-3] INFO  impl.FollowerInfo (FollowerInfo.java:lambda$new$0(51)) - 05b4a1fe-7ad6-4f6f-a8a9-40df080e757c@group-2E5E496E2596->a6c416d4-3244-4e70-92c5-63f7380a9294: nextIndex: updateUnconditionally 0 -> 0
2019-09-27 10:14:49,273 [grpc-default-executor-5] WARN  server.GrpcLogAppender (LogUtils.java:warn(134)) - ca2cbff0-14e3-4cd0-83a1-6556e5af9ad7@group-0E6FB7C5B51C->6538e5ea-9fbc-4e7b-b1f8-bd637acac874-AppendLogResponseHandler: Failed appendEntries: org.apache.ratis.thirdparty.io.grpc.StatusRuntimeException: UNAVAILABLE: io exception
2019-09-27 10:14:49,273 [grpc-default-executor-5] INFO  impl.FollowerInfo (FollowerInfo.java:lambda$new$0(51)) - ca2cbff0-14e3-4cd0-83a1-6556e5af9ad7@group-0E6FB7C5B51C->6538e5ea-9fbc-4e7b-b1f8-bd637acac874: nextIndex: updateUnconditionally 0 -> 0
2019-09-27 10:14:49,396 [ForkJoinPool.commonPool-worker-0] INFO  ozoneimpl.OzoneContainer (OzoneContainer.java:stop(231)) - Attempting to stop container services.
2019-09-27 10:14:49,397 [ForkJoinPool.commonPool-worker-0] INFO  impl.RaftServerProxy (RaftServerProxy.java:lambda$close$4(314)) - 5e69d8e0-5d3d-441e-a608-814cb15995d8: close
2019-09-27 10:14:49,398 [ForkJoinPool.commonPool-worker-0] INFO  impl.RaftServerImpl (RaftServerImpl.java:lambda$shutdown$3(251)) - 5e69d8e0-5d3d-441e-a608-814cb15995d8@group-6CA54254AB4D: shutdown
2019-09-27 10:14:49,398 [ForkJoinPool.commonPool-worker-0] INFO  util.JmxRegister (JmxRegister.java:unregister(73)) - Successfully un-registered JMX Bean with object name Ratis:service=RaftServer,group=group-6CA54254AB4D,id=5e69d8e0-5d3d-441e-a608-814cb15995d8
2019-09-27 10:14:49,398 [ForkJoinPool.commonPool-worker-0] INFO  impl.RoleInfo (RoleInfo.java:shutdownLeaderState(104)) - 5e69d8e0-5d3d-441e-a608-814cb15995d8: shutdown LeaderState
2019-09-27 10:14:49,399 [ForkJoinPool.commonPool-worker-0] INFO  impl.PendingRequests (PendingRequests.java:sendNotLeaderResponses(202)) - 5e69d8e0-5d3d-441e-a608-814cb15995d8-PendingRequests: sendNotLeaderResponses
2019-09-27 10:14:49,399 [ForkJoinPool.commonPool-worker-0] INFO  impl.StateMachineUpdater (StateMachineUpdater.java:stopAndJoin(125)) - 5e69d8e0-5d3d-441e-a608-814cb15995d8@group-6CA54254AB4D-StateMachineUpdater: set stopIndex = 0
2019-09-27 10:14:49,400 [ForkJoinPool.commonPool-worker-0] INFO  impl.RaftServerImpl (ServerState.java:close(385)) - 5e69d8e0-5d3d-441e-a608-814cb15995d8@group-6CA54254AB4D: closes. applyIndex: 0
2019-09-27 10:14:49,400 [5e69d8e0-5d3d-441e-a608-814cb15995d8@group-6CA54254AB4D-SegmentedRaftLogWorker] INFO  segmented.SegmentedRaftLogWorker (SegmentedRaftLogWorker.java:run(313)) - 5e69d8e0-5d3d-441e-a608-814cb15995d8@group-6CA54254AB4D-SegmentedRaftLogWorker was interrupted, exiting. There are 0 tasks remaining in the queue.
2019-09-27 10:14:49,404 [ForkJoinPool.commonPool-worker-0] INFO  segmented.SegmentedRaftLogWorker (SegmentedRaftLogWorker.java:close(228)) - 5e69d8e0-5d3d-441e-a608-814cb15995d8@group-6CA54254AB4D-SegmentedRaftLogWorker close()
2019-09-27 10:14:49,407 [ForkJoinPool.commonPool-worker-0] INFO  server.GrpcService (GrpcService.java:closeImpl(164)) - 5e69d8e0-5d3d-441e-a608-814cb15995d8: shutdown server with port 42001 now
2019-09-27 10:14:49,407 [main] INFO  ozoneimpl.OzoneContainer (OzoneContainer.java:stop(231)) - Attempting to stop container services.
2019-09-27 10:14:49,408 [Thread-1878] INFO  impl.FollowerState (FollowerState.java:run(106)) - 363f45e3-c2ed-48f5-ae19-ed94c8ce4f3d:group-D7C7F7FA402A changes to CANDIDATE, lastRpcTime:1120, electionTimeout:1120ms
2019-09-27 10:14:49,410 [main] INFO  impl.RaftServerProxy (RaftServerProxy.java:lambda$close$4(314)) - d451055a-1dc8-4774-ac5e-be8b7982a836: close
2019-09-27 10:14:49,409 [ForkJoinPool.commonPool-worker-0] INFO  server.GrpcService (GrpcService.java:closeImpl(172)) - 5e69d8e0-5d3d-441e-a608-814cb15995d8: shutdown server with port 42001 successfully
2019-09-27 10:14:49,410 [main] INFO  impl.RaftServerImpl (RaftServerImpl.java:lambda$shutdown$3(251)) - d451055a-1dc8-4774-ac5e-be8b7982a836@group-2E5E496E2596: shutdown
2019-09-27 10:14:49,410 [Thread-1878] INFO  impl.RoleInfo (RoleInfo.java:shutdownFollowerState(121)) - 363f45e3-c2ed-48f5-ae19-ed94c8ce4f3d: shutdown FollowerState
2019-09-27 10:14:49,411 [main] INFO  util.JmxRegister (JmxRegister.java:unregister(73)) - Successfully un-registered JMX Bean with object name Ratis:service=RaftServer,group=group-2E5E496E2596,id=d451055a-1dc8-4774-ac5e-be8b7982a836
2019-09-27 10:14:49,411 [main] INFO  impl.RoleInfo (RoleInfo.java:shutdownFollowerState(121)) - d451055a-1dc8-4774-ac5e-be8b7982a836: shutdown FollowerState
2019-09-27 10:14:49,411 [Thread-1878] INFO  impl.RaftServerImpl (RaftServerImpl.java:setRole(174)) - 363f45e3-c2ed-48f5-ae19-ed94c8ce4f3d@group-D7C7F7FA402A: changes role from  FOLLOWER to CANDIDATE at term 5 for changeToCandidate
2019-09-27 10:14:49,412 [main] INFO  impl.StateMachineUpdater (StateMachineUpdater.java:stopAndJoin(125)) - d451055a-1dc8-4774-ac5e-be8b7982a836@group-2E5E496E2596-StateMachineUpdater: set stopIndex = 0
2019-09-27 10:14:49,412 [Thread-1878] INFO  impl.RoleInfo (RoleInfo.java:updateAndGet(143)) - 363f45e3-c2ed-48f5-ae19-ed94c8ce4f3d: start LeaderElection
2019-09-27 10:14:49,412 [Thread-418] INFO  impl.FollowerState (FollowerState.java:run(115)) - d451055a-1dc8-4774-ac5e-be8b7982a836: FollowerState was interrupted: java.lang.InterruptedException: sleep interrupted
2019-09-27 10:14:49,413 [refreshUsed-/workdir/hadoop-ozone/integration-test/target/test-dir/MiniOzoneClusterImpl-7309d801-f179-460c-bf8c-3619c569ab1e/datanode-4/data/containers] WARN  fs.CachingGetSpaceUsed (CachingGetSpaceUsed.java:run(183)) - Thread Interrupted waiting to refresh disk information: sleep interrupted
2019-09-27 10:14:49,413 [main] INFO  impl.RaftServerImpl (ServerState.java:close(385)) - d451055a-1dc8-4774-ac5e-be8b7982a836@group-2E5E496E2596: closes. applyIndex: 0
2019-09-27 10:14:49,418 [d451055a-1dc8-4774-ac5e-be8b7982a836@group-2E5E496E2596-SegmentedRaftLogWorker] INFO  segmented.SegmentedRaftLogWorker (SegmentedRaftLogWorker.java:run(313)) - d451055a-1dc8-4774-ac5e-be8b7982a836@group-2E5E496E2596-SegmentedRaftLogWorker was interrupted, exiting. There are 0 tasks remaining in the queue.
2019-09-27 10:14:49,421 [main] INFO  segmented.SegmentedRaftLogWorker (SegmentedRaftLogWorker.java:close(228)) - d451055a-1dc8-4774-ac5e-be8b7982a836@group-2E5E496E2596-SegmentedRaftLogWorker close()
2019-09-27 10:14:49,431 [main] INFO  impl.RaftServerImpl (RaftServerImpl.java:lambda$shutdown$3(251)) - d451055a-1dc8-4774-ac5e-be8b7982a836@group-A518BD59BE7D: shutdown
2019-09-27 10:14:49,432 [main] INFO  util.JmxRegister (JmxRegister.java:unregister(73)) - Successfully un-registered JMX Bean with object name Ratis:service=RaftServer,group=group-A518BD59BE7D,id=d451055a-1dc8-4774-ac5e-be8b7982a836
2019-09-27 10:14:49,433 [363f45e3-c2ed-48f5-ae19-ed94c8ce4f3d@group-D7C7F7FA402A:LeaderElection27] INFO  impl.LeaderElection (LeaderElection.java:askForVotes(182)) - 363f45e3-c2ed-48f5-ae19-ed94c8ce4f3d@group-D7C7F7FA402A:LeaderElection27: begin an election at term 6 for 0: [1a0a9427-a12d-4c98-81a1-c39e1be27f6d:192.168.151.103:36200, 4bbf8e1c-0fc8-4b3a-88c0-5b6f150f1aee:192.168.151.103:33910, 363f45e3-c2ed-48f5-ae19-ed94c8ce4f3d:192.168.151.103:41409], old=null
2019-09-27 10:14:49,433 [main] INFO  impl.RoleInfo (RoleInfo.java:shutdownLeaderState(104)) - d451055a-1dc8-4774-ac5e-be8b7982a836: shutdown LeaderState
2019-09-27 10:14:49,435 [main] INFO  impl.PendingRequests (PendingRequests.java:sendNotLeaderResponses(202)) - d451055a-1dc8-4774-ac5e-be8b7982a836-PendingRequests: sendNotLeaderResponses
2019-09-27 10:14:49,436 [363f45e3-c2ed-48f5-ae19-ed94c8ce4f3d@group-D7C7F7FA402A:LeaderElection27] INFO  impl.LeaderElection (LogUtils.java:infoOrTrace(149)) - 363f45e3-c2ed-48f5-ae19-ed94c8ce4f3d@group-D7C7F7FA402A:LeaderElection27 got exception when requesting votes: {}
java.util.concurrent.ExecutionException: org.apache.ratis.thirdparty.io.grpc.StatusRuntimeException: UNAVAILABLE: io exception
	at java.util.concurrent.FutureTask.report(FutureTask.java:122)
	at java.util.concurrent.FutureTask.get(FutureTask.java:192)
	at org.apache.ratis.server.impl.LeaderElection.waitForResults(LeaderElection.java:263)
	at org.apache.ratis.server.impl.LeaderElection.askForVotes(LeaderElection.java:201)
	at org.apache.ratis.server.impl.LeaderElection.run(LeaderElection.java:133)
	at java.lang.Thread.run(Thread.java:748)
Caused by: org.apache.ratis.thirdparty.io.grpc.StatusRuntimeException: UNAVAILABLE: io exception
	at org.apache.ratis.thirdparty.io.grpc.stub.ClientCalls.toStatusRuntimeException(ClientCalls.java:233)
	at org.apache.ratis.thirdparty.io.grpc.stub.ClientCalls.getUnchecked(ClientCalls.java:214)
	at org.apache.ratis.thirdparty.io.grpc.stub.ClientCalls.blockingUnaryCall(ClientCalls.java:139)
	at org.apache.ratis.proto.grpc.RaftServerProtocolServiceGrpc$RaftServerProtocolServiceBlockingStub.requestVote(RaftServerProtocolServiceGrpc.java:265)
	at org.apache.ratis.grpc.server.GrpcServerProtocolClient.requestVote(GrpcServerProtocolClient.java:90)
	at org.apache.ratis.grpc.server.GrpcService.requestVote(GrpcService.java:204)
	at org.apache.ratis.server.impl.LeaderElection.lambda$submitRequests$1(LeaderElection.java:238)
	at java.util.concurrent.FutureTask.run(FutureTask.java:266)
	at java.util.concurrent.Executors$RunnableAdapter.call(Executors.java:511)
	at java.util.concurrent.FutureTask.run(FutureTask.java:266)
	at java.util.concurrent.ThreadPoolExecutor.runWorker(ThreadPoolExecutor.java:1149)
	at java.util.concurrent.ThreadPoolExecutor$Worker.run(ThreadPoolExecutor.java:624)
	... 1 more
Caused by: org.apache.ratis.thirdparty.io.netty.channel.AbstractChannel$AnnotatedConnectException: Connection refused: /192.168.151.103:36200
	at sun.nio.ch.SocketChannelImpl.checkConnect(Native Method)
	at sun.nio.ch.SocketChannelImpl.finishConnect(SocketChannelImpl.java:717)
	at org.apache.ratis.thirdparty.io.netty.channel.socket.nio.NioSocketChannel.doFinishConnect(NioSocketChannel.java:327)
	at org.apache.ratis.thirdparty.io.netty.channel.nio.AbstractNioChannel$AbstractNioUnsafe.finishConnect(AbstractNioChannel.java:340)
	at org.apache.ratis.thirdparty.io.netty.channel.nio.NioEventLoop.processSelectedKey(NioEventLoop.java:632)
	at org.apache.ratis.thirdparty.io.netty.channel.nio.NioEventLoop.processSelectedKeysOptimized(NioEventLoop.java:579)
	at org.apache.ratis.thirdparty.io.netty.channel.nio.NioEventLoop.processSelectedKeys(NioEventLoop.java:496)
	at org.apache.ratis.thirdparty.io.netty.channel.nio.NioEventLoop.run(NioEventLoop.java:458)
	at org.apache.ratis.thirdparty.io.netty.util.concurrent.SingleThreadEventExecutor$5.run(SingleThreadEventExecutor.java:897)
	at org.apache.ratis.thirdparty.io.netty.util.concurrent.FastThreadLocalRunnable.run(FastThreadLocalRunnable.java:30)
	... 1 more
Caused by: java.net.ConnectException: Connection refused
	... 11 more
2019-09-27 10:14:49,436 [main] INFO  impl.StateMachineUpdater (StateMachineUpdater.java:stopAndJoin(125)) - d451055a-1dc8-4774-ac5e-be8b7982a836@group-A518BD59BE7D-StateMachineUpdater: set stopIndex = 0
2019-09-27 10:14:49,438 [363f45e3-c2ed-48f5-ae19-ed94c8ce4f3d@group-D7C7F7FA402A:LeaderElection27] INFO  impl.LeaderElection (LogUtils.java:infoOrTrace(149)) - 363f45e3-c2ed-48f5-ae19-ed94c8ce4f3d@group-D7C7F7FA402A:LeaderElection27 got exception when requesting votes: {}
java.util.concurrent.ExecutionException: org.apache.ratis.thirdparty.io.grpc.StatusRuntimeException: UNAVAILABLE: io exception
	at java.util.concurrent.FutureTask.report(FutureTask.java:122)
	at java.util.concurrent.FutureTask.get(FutureTask.java:192)
	at org.apache.ratis.server.impl.LeaderElection.waitForResults(LeaderElection.java:263)
	at org.apache.ratis.server.impl.LeaderElection.askForVotes(LeaderElection.java:201)
	at org.apache.ratis.server.impl.LeaderElection.run(LeaderElection.java:133)
	at java.lang.Thread.run(Thread.java:748)
Caused by: org.apache.ratis.thirdparty.io.grpc.StatusRuntimeException: UNAVAILABLE: io exception
	at org.apache.ratis.thirdparty.io.grpc.stub.ClientCalls.toStatusRuntimeException(ClientCalls.java:233)
	at org.apache.ratis.thirdparty.io.grpc.stub.ClientCalls.getUnchecked(ClientCalls.java:214)
	at org.apache.ratis.thirdparty.io.grpc.stub.ClientCalls.blockingUnaryCall(ClientCalls.java:139)
	at org.apache.ratis.proto.grpc.RaftServerProtocolServiceGrpc$RaftServerProtocolServiceBlockingStub.requestVote(RaftServerProtocolServiceGrpc.java:265)
	at org.apache.ratis.grpc.server.GrpcServerProtocolClient.requestVote(GrpcServerProtocolClient.java:90)
	at org.apache.ratis.grpc.server.GrpcService.requestVote(GrpcService.java:204)
	at org.apache.ratis.server.impl.LeaderElection.lambda$submitRequests$1(LeaderElection.java:238)
	at java.util.concurrent.FutureTask.run(FutureTask.java:266)
	at java.util.concurrent.Executors$RunnableAdapter.call(Executors.java:511)
	at java.util.concurrent.FutureTask.run(FutureTask.java:266)
	at java.util.concurrent.ThreadPoolExecutor.runWorker(ThreadPoolExecutor.java:1149)
	at java.util.concurrent.ThreadPoolExecutor$Worker.run(ThreadPoolExecutor.java:624)
	... 1 more
Caused by: org.apache.ratis.thirdparty.io.netty.channel.AbstractChannel$AnnotatedConnectException: Connection refused: /192.168.151.103:33910
	at sun.nio.ch.SocketChannelImpl.checkConnect(Native Method)
	at sun.nio.ch.SocketChannelImpl.finishConnect(SocketChannelImpl.java:717)
	at org.apache.ratis.thirdparty.io.netty.channel.socket.nio.NioSocketChannel.doFinishConnect(NioSocketChannel.java:327)
	at org.apache.ratis.thirdparty.io.netty.channel.nio.AbstractNioChannel$AbstractNioUnsafe.finishConnect(AbstractNioChannel.java:340)
	at org.apache.ratis.thirdparty.io.netty.channel.nio.NioEventLoop.processSelectedKey(NioEventLoop.java:632)
	at org.apache.ratis.thirdparty.io.netty.channel.nio.NioEventLoop.processSelectedKeysOptimized(NioEventLoop.java:579)
	at org.apache.ratis.thirdparty.io.netty.channel.nio.NioEventLoop.processSelectedKeys(NioEventLoop.java:496)
	at org.apache.ratis.thirdparty.io.netty.channel.nio.NioEventLoop.run(NioEventLoop.java:458)
	at org.apache.ratis.thirdparty.io.netty.util.concurrent.SingleThreadEventExecutor$5.run(SingleThreadEventExecutor.java:897)
	at org.apache.ratis.thirdparty.io.netty.util.concurrent.FastThreadLocalRunnable.run(FastThreadLocalRunnable.java:30)
	... 1 more
Caused by: java.net.ConnectException: Connection refused
	... 11 more
2019-09-27 10:14:49,438 [main] INFO  impl.RaftServerImpl (ServerState.java:close(385)) - d451055a-1dc8-4774-ac5e-be8b7982a836@group-A518BD59BE7D: closes. applyIndex: 0
2019-09-27 10:14:49,440 [363f45e3-c2ed-48f5-ae19-ed94c8ce4f3d@group-D7C7F7FA402A:LeaderElection27] INFO  impl.LeaderElection (LeaderElection.java:logAndReturn(56)) - 363f45e3-c2ed-48f5-ae19-ed94c8ce4f3d@group-D7C7F7FA402A:LeaderElection27: Election REJECTED; received 0 response(s) [] and 2 exception(s); 363f45e3-c2ed-48f5-ae19-ed94c8ce4f3d@group-D7C7F7FA402A:t6, leader=null, voted=363f45e3-c2ed-48f5-ae19-ed94c8ce4f3d, raftlog=363f45e3-c2ed-48f5-ae19-ed94c8ce4f3d@group-D7C7F7FA402A-SegmentedRaftLog:OPENED:c0,f0,i0, conf=0: [1a0a9427-a12d-4c98-81a1-c39e1be27f6d:192.168.151.103:36200, 4bbf8e1c-0fc8-4b3a-88c0-5b6f150f1aee:192.168.151.103:33910, 363f45e3-c2ed-48f5-ae19-ed94c8ce4f3d:192.168.151.103:41409], old=null
2019-09-27 10:14:49,441 [363f45e3-c2ed-48f5-ae19-ed94c8ce4f3d@group-D7C7F7FA402A:LeaderElection27] INFO  impl.LeaderElection (LogUtils.java:infoOrTrace(149)) -   Exception 0: {}
java.util.concurrent.ExecutionException: org.apache.ratis.thirdparty.io.grpc.StatusRuntimeException: UNAVAILABLE: io exception
	at java.util.concurrent.FutureTask.report(FutureTask.java:122)
	at java.util.concurrent.FutureTask.get(FutureTask.java:192)
	at org.apache.ratis.server.impl.LeaderElection.waitForResults(LeaderElection.java:263)
	at org.apache.ratis.server.impl.LeaderElection.askForVotes(LeaderElection.java:201)
	at org.apache.ratis.server.impl.LeaderElection.run(LeaderElection.java:133)
	at java.lang.Thread.run(Thread.java:748)
Caused by: org.apache.ratis.thirdparty.io.grpc.StatusRuntimeException: UNAVAILABLE: io exception
	at org.apache.ratis.thirdparty.io.grpc.stub.ClientCalls.toStatusRuntimeException(ClientCalls.java:233)
	at org.apache.ratis.thirdparty.io.grpc.stub.ClientCalls.getUnchecked(ClientCalls.java:214)
	at org.apache.ratis.thirdparty.io.grpc.stub.ClientCalls.blockingUnaryCall(ClientCalls.java:139)
	at org.apache.ratis.proto.grpc.RaftServerProtocolServiceGrpc$RaftServerProtocolServiceBlockingStub.requestVote(RaftServerProtocolServiceGrpc.java:265)
	at org.apache.ratis.grpc.server.GrpcServerProtocolClient.requestVote(GrpcServerProtocolClient.java:90)
	at org.apache.ratis.grpc.server.GrpcService.requestVote(GrpcService.java:204)
	at org.apache.ratis.server.impl.LeaderElection.lambda$submitRequests$1(LeaderElection.java:238)
	at java.util.concurrent.FutureTask.run(FutureTask.java:266)
	at java.util.concurrent.Executors$RunnableAdapter.call(Executors.java:511)
	at java.util.concurrent.FutureTask.run(FutureTask.java:266)
	at java.util.concurrent.ThreadPoolExecutor.runWorker(ThreadPoolExecutor.java:1149)
	at java.util.concurrent.ThreadPoolExecutor$Worker.run(ThreadPoolExecutor.java:624)
	... 1 more
Caused by: org.apache.ratis.thirdparty.io.netty.channel.AbstractChannel$AnnotatedConnectException: Connection refused: /192.168.151.103:36200
	at sun.nio.ch.SocketChannelImpl.checkConnect(Native Method)
	at sun.nio.ch.SocketChannelImpl.finishConnect(SocketChannelImpl.java:717)
	at org.apache.ratis.thirdparty.io.netty.channel.socket.nio.NioSocketChannel.doFinishConnect(NioSocketChannel.java:327)
	at org.apache.ratis.thirdparty.io.netty.channel.nio.AbstractNioChannel$AbstractNioUnsafe.finishConnect(AbstractNioChannel.java:340)
	at org.apache.ratis.thirdparty.io.netty.channel.nio.NioEventLoop.processSelectedKey(NioEventLoop.java:632)
	at org.apache.ratis.thirdparty.io.netty.channel.nio.NioEventLoop.processSelectedKeysOptimized(NioEventLoop.java:579)
	at org.apache.ratis.thirdparty.io.netty.channel.nio.NioEventLoop.processSelectedKeys(NioEventLoop.java:496)
	at org.apache.ratis.thirdparty.io.netty.channel.nio.NioEventLoop.run(NioEventLoop.java:458)
	at org.apache.ratis.thirdparty.io.netty.util.concurrent.SingleThreadEventExecutor$5.run(SingleThreadEventExecutor.java:897)
	at org.apache.ratis.thirdparty.io.netty.util.concurrent.FastThreadLocalRunnable.run(FastThreadLocalRunnable.java:30)
	... 1 more
Caused by: java.net.ConnectException: Connection refused
	... 11 more
2019-09-27 10:14:49,441 [363f45e3-c2ed-48f5-ae19-ed94c8ce4f3d@group-D7C7F7FA402A:LeaderElection27] INFO  impl.LeaderElection (LogUtils.java:infoOrTrace(149)) -   Exception 1: {}
java.util.concurrent.ExecutionException: org.apache.ratis.thirdparty.io.grpc.StatusRuntimeException: UNAVAILABLE: io exception
	at java.util.concurrent.FutureTask.report(FutureTask.java:122)
	at java.util.concurrent.FutureTask.get(FutureTask.java:192)
	at org.apache.ratis.server.impl.LeaderElection.waitForResults(LeaderElection.java:263)
	at org.apache.ratis.server.impl.LeaderElection.askForVotes(LeaderElection.java:201)
	at org.apache.ratis.server.impl.LeaderElection.run(LeaderElection.java:133)
	at java.lang.Thread.run(Thread.java:748)
Caused by: org.apache.ratis.thirdparty.io.grpc.StatusRuntimeException: UNAVAILABLE: io exception
	at org.apache.ratis.thirdparty.io.grpc.stub.ClientCalls.toStatusRuntimeException(ClientCalls.java:233)
	at org.apache.ratis.thirdparty.io.grpc.stub.ClientCalls.getUnchecked(ClientCalls.java:214)
	at org.apache.ratis.thirdparty.io.grpc.stub.ClientCalls.blockingUnaryCall(ClientCalls.java:139)
	at org.apache.ratis.proto.grpc.RaftServerProtocolServiceGrpc$RaftServerProtocolServiceBlockingStub.requestVote(RaftServerProtocolServiceGrpc.java:265)
	at org.apache.ratis.grpc.server.GrpcServerProtocolClient.requestVote(GrpcServerProtocolClient.java:90)
	at org.apache.ratis.grpc.server.GrpcService.requestVote(GrpcService.java:204)
	at org.apache.ratis.server.impl.LeaderElection.lambda$submitRequests$1(LeaderElection.java:238)
	at java.util.concurrent.FutureTask.run(FutureTask.java:266)
	at java.util.concurrent.Executors$RunnableAdapter.call(Executors.java:511)
	at java.util.concurrent.FutureTask.run(FutureTask.java:266)
	at java.util.concurrent.ThreadPoolExecutor.runWorker(ThreadPoolExecutor.java:1149)
	at java.util.concurrent.ThreadPoolExecutor$Worker.run(ThreadPoolExecutor.java:624)
	... 1 more
Caused by: org.apache.ratis.thirdparty.io.netty.channel.AbstractChannel$AnnotatedConnectException: Connection refused: /192.168.151.103:33910
	at sun.nio.ch.SocketChannelImpl.checkConnect(Native Method)
	at sun.nio.ch.SocketChannelImpl.finishConnect(SocketChannelImpl.java:717)
	at org.apache.ratis.thirdparty.io.netty.channel.socket.nio.NioSocketChannel.doFinishConnect(NioSocketChannel.java:327)
	at org.apache.ratis.thirdparty.io.netty.channel.nio.AbstractNioChannel$AbstractNioUnsafe.finishConnect(AbstractNioChannel.java:340)
	at org.apache.ratis.thirdparty.io.netty.channel.nio.NioEventLoop.processSelectedKey(NioEventLoop.java:632)
	at org.apache.ratis.thirdparty.io.netty.channel.nio.NioEventLoop.processSelectedKeysOptimized(NioEventLoop.java:579)
	at org.apache.ratis.thirdparty.io.netty.channel.nio.NioEventLoop.processSelectedKeys(NioEventLoop.java:496)
	at org.apache.ratis.thirdparty.io.netty.channel.nio.NioEventLoop.run(NioEventLoop.java:458)
	at org.apache.ratis.thirdparty.io.netty.util.concurrent.SingleThreadEventExecutor$5.run(SingleThreadEventExecutor.java:897)
	at org.apache.ratis.thirdparty.io.netty.util.concurrent.FastThreadLocalRunnable.run(FastThreadLocalRunnable.java:30)
	... 1 more
Caused by: java.net.ConnectException: Connection refused
	... 11 more
2019-09-27 10:14:49,441 [d451055a-1dc8-4774-ac5e-be8b7982a836@group-A518BD59BE7D-SegmentedRaftLogWorker] INFO  segmented.SegmentedRaftLogWorker (SegmentedRaftLogWorker.java:run(313)) - d451055a-1dc8-4774-ac5e-be8b7982a836@group-A518BD59BE7D-SegmentedRaftLogWorker was interrupted, exiting. There are 0 tasks remaining in the queue.
2019-09-27 10:14:49,443 [363f45e3-c2ed-48f5-ae19-ed94c8ce4f3d@group-D7C7F7FA402A:LeaderElection27] INFO  impl.RaftServerImpl (RaftServerImpl.java:setRole(174)) - 363f45e3-c2ed-48f5-ae19-ed94c8ce4f3d@group-D7C7F7FA402A: changes role from CANDIDATE to FOLLOWER at term 6 for DISCOVERED_A_NEW_TERM
2019-09-27 10:14:49,443 [363f45e3-c2ed-48f5-ae19-ed94c8ce4f3d@group-D7C7F7FA402A:LeaderElection27] INFO  impl.RoleInfo (RoleInfo.java:shutdownLeaderElection(134)) - 363f45e3-c2ed-48f5-ae19-ed94c8ce4f3d: shutdown LeaderElection
2019-09-27 10:14:49,443 [main] INFO  segmented.SegmentedRaftLogWorker (SegmentedRaftLogWorker.java:close(228)) - d451055a-1dc8-4774-ac5e-be8b7982a836@group-A518BD59BE7D-SegmentedRaftLogWorker close()
2019-09-27 10:14:49,443 [363f45e3-c2ed-48f5-ae19-ed94c8ce4f3d@group-D7C7F7FA402A:LeaderElection27] INFO  impl.RoleInfo (RoleInfo.java:updateAndGet(143)) - 363f45e3-c2ed-48f5-ae19-ed94c8ce4f3d: start FollowerState
2019-09-27 10:14:49,445 [main] INFO  server.GrpcService (GrpcService.java:closeImpl(164)) - d451055a-1dc8-4774-ac5e-be8b7982a836: shutdown server with port 42161 now
2019-09-27 10:14:49,447 [grpc-default-executor-5] WARN  server.GrpcServerProtocolService (LogUtils.java:warn(134)) - d451055a-1dc8-4774-ac5e-be8b7982a836: installSnapshot onError, lastRequest: 05b4a1fe-7ad6-4f6f-a8a9-40df080e757c->d451055a-1dc8-4774-ac5e-be8b7982a836#244-t2, previous=(t:2, i:0), leaderCommit=0, initializing? false, entries: <empty>: org.apache.ratis.thirdparty.io.grpc.StatusRuntimeException: CANCELLED: cancelled before receiving half close
2019-09-27 10:14:49,447 [grpc-default-executor-0] WARN  server.GrpcLogAppender (LogUtils.java:warn(134)) - 05b4a1fe-7ad6-4f6f-a8a9-40df080e757c@group-2E5E496E2596->d451055a-1dc8-4774-ac5e-be8b7982a836-AppendLogResponseHandler: Failed appendEntries: org.apache.ratis.thirdparty.io.grpc.StatusRuntimeException: CANCELLED: HTTP/2 error code: CANCEL
Received Rst Stream
2019-09-27 10:14:49,447 [main] INFO  server.GrpcService (GrpcService.java:closeImpl(172)) - d451055a-1dc8-4774-ac5e-be8b7982a836: shutdown server with port 42161 successfully
2019-09-27 10:14:49,447 [grpc-default-executor-0] INFO  impl.FollowerInfo (FollowerInfo.java:lambda$new$0(51)) - 05b4a1fe-7ad6-4f6f-a8a9-40df080e757c@group-2E5E496E2596->d451055a-1dc8-4774-ac5e-be8b7982a836: nextIndex: updateUnconditionally 1 -> 0
2019-09-27 10:14:49,449 [refreshUsed-/workdir/hadoop-ozone/integration-test/target/test-dir/MiniOzoneClusterImpl-7309d801-f179-460c-bf8c-3619c569ab1e/datanode-8/data/containers] WARN  fs.CachingGetSpaceUsed (CachingGetSpaceUsed.java:run(183)) - Thread Interrupted waiting to refresh disk information: sleep interrupted
2019-09-27 10:14:49,458 [ForkJoinPool.commonPool-worker-0] INFO  utils.BackgroundService (BackgroundService.java:shutdown(148)) - Shutting down service BlockDeletingService
2019-09-27 10:14:49,463 [ForkJoinPool.commonPool-worker-0] INFO  statemachine.DatanodeStateMachine (DatanodeStateMachine.java:stopDaemon(395)) - Ozone container server stopped.
2019-09-27 10:14:49,468 [ForkJoinPool.commonPool-worker-0] INFO  handler.ContextHandler (ContextHandler.java:doStop(910)) - Stopped o.e.j.w.WebAppContext@2b7962a2{/,null,UNAVAILABLE}{/hddsDatanode}
2019-09-27 10:14:49,469 [ForkJoinPool.commonPool-worker-0] INFO  server.AbstractConnector (AbstractConnector.java:doStop(318)) - Stopped ServerConnector@6ad16c5d{HTTP/1.1,[http/1.1]}{0.0.0.0:0}
2019-09-27 10:14:49,470 [ForkJoinPool.commonPool-worker-0] INFO  handler.ContextHandler (ContextHandler.java:doStop(910)) - Stopped o.e.j.s.ServletContextHandler@3bd2af5b{/static,jar:file:/home/user/.m2/repository/org/apache/hadoop/hadoop-hdds-container-service/0.5.0-SNAPSHOT/hadoop-hdds-container-service-0.5.0-SNAPSHOT.jar!/webapps/static,UNAVAILABLE}
2019-09-27 10:14:49,472 [ForkJoinPool.commonPool-worker-0] INFO  handler.ContextHandler (ContextHandler.java:doStop(910)) - Stopped o.e.j.s.ServletContextHandler@25aeb5ac{/logs,file:///workdir/hadoop-ozone/integration-test/target/log,UNAVAILABLE}
2019-09-27 10:14:49,477 [main] INFO  utils.BackgroundService (BackgroundService.java:shutdown(148)) - Shutting down service BlockDeletingService
2019-09-27 10:14:49,481 [main] INFO  statemachine.DatanodeStateMachine (DatanodeStateMachine.java:stopDaemon(395)) - Ozone container server stopped.
2019-09-27 10:14:49,482 [main] INFO  handler.ContextHandler (ContextHandler.java:doStop(910)) - Stopped o.e.j.w.WebAppContext@424de326{/,null,UNAVAILABLE}{/hddsDatanode}
2019-09-27 10:14:49,483 [main] INFO  server.AbstractConnector (AbstractConnector.java:doStop(318)) - Stopped ServerConnector@4bc33720{HTTP/1.1,[http/1.1]}{0.0.0.0:0}
2019-09-27 10:14:49,483 [main] INFO  handler.ContextHandler (ContextHandler.java:doStop(910)) - Stopped o.e.j.s.ServletContextHandler@2e869098{/static,jar:file:/home/user/.m2/repository/org/apache/hadoop/hadoop-hdds-container-service/0.5.0-SNAPSHOT/hadoop-hdds-container-service-0.5.0-SNAPSHOT.jar!/webapps/static,UNAVAILABLE}
2019-09-27 10:14:49,484 [main] INFO  handler.ContextHandler (ContextHandler.java:doStop(910)) - Stopped o.e.j.s.ServletContextHandler@6f70a21b{/logs,file:///workdir/hadoop-ozone/integration-test/target/log,UNAVAILABLE}
2019-09-27 10:14:49,769 [grpc-default-executor-3] WARN  server.GrpcLogAppender (LogUtils.java:warn(134)) - 05b4a1fe-7ad6-4f6f-a8a9-40df080e757c@group-2E5E496E2596->a6c416d4-3244-4e70-92c5-63f7380a9294-AppendLogResponseHandler: Failed appendEntries: org.apache.ratis.thirdparty.io.grpc.StatusRuntimeException: UNAVAILABLE: io exception
2019-09-27 10:14:49,770 [grpc-default-executor-3] INFO  impl.FollowerInfo (FollowerInfo.java:lambda$new$0(51)) - 05b4a1fe-7ad6-4f6f-a8a9-40df080e757c@group-2E5E496E2596->a6c416d4-3244-4e70-92c5-63f7380a9294: nextIndex: updateUnconditionally 0 -> 0
2019-09-27 10:14:49,773 [grpc-default-executor-0] WARN  server.GrpcLogAppender (LogUtils.java:warn(134)) - ca2cbff0-14e3-4cd0-83a1-6556e5af9ad7@group-0E6FB7C5B51C->6538e5ea-9fbc-4e7b-b1f8-bd637acac874-AppendLogResponseHandler: Failed appendEntries: org.apache.ratis.thirdparty.io.grpc.StatusRuntimeException: UNAVAILABLE: io exception
2019-09-27 10:14:49,774 [grpc-default-executor-0] INFO  impl.FollowerInfo (FollowerInfo.java:lambda$new$0(51)) - ca2cbff0-14e3-4cd0-83a1-6556e5af9ad7@group-0E6FB7C5B51C->6538e5ea-9fbc-4e7b-b1f8-bd637acac874: nextIndex: updateUnconditionally 0 -> 0
2019-09-27 10:14:49,795 [grpc-default-executor-5] WARN  server.GrpcLogAppender (LogUtils.java:warn(134)) - 05b4a1fe-7ad6-4f6f-a8a9-40df080e757c@group-2E5E496E2596->d451055a-1dc8-4774-ac5e-be8b7982a836-AppendLogResponseHandler: Failed appendEntries: org.apache.ratis.thirdparty.io.grpc.StatusRuntimeException: UNAVAILABLE: io exception
2019-09-27 10:14:49,796 [grpc-default-executor-5] INFO  impl.FollowerInfo (FollowerInfo.java:lambda$new$0(51)) - 05b4a1fe-7ad6-4f6f-a8a9-40df080e757c@group-2E5E496E2596->d451055a-1dc8-4774-ac5e-be8b7982a836: nextIndex: updateUnconditionally 0 -> 0
2019-09-27 10:14:50,245 [Datanode State Machine Thread - 0] INFO  statemachine.DatanodeStateMachine (DatanodeStateMachine.java:lambda$startDaemon$0(350)) - Ozone container server started.
2019-09-27 10:14:50,271 [grpc-default-executor-3] WARN  server.GrpcLogAppender (LogUtils.java:warn(134)) - 05b4a1fe-7ad6-4f6f-a8a9-40df080e757c@group-2E5E496E2596->a6c416d4-3244-4e70-92c5-63f7380a9294-AppendLogResponseHandler: Failed appendEntries: org.apache.ratis.thirdparty.io.grpc.StatusRuntimeException: UNAVAILABLE: io exception
2019-09-27 10:14:50,272 [grpc-default-executor-3] INFO  impl.FollowerInfo (FollowerInfo.java:lambda$new$0(51)) - 05b4a1fe-7ad6-4f6f-a8a9-40df080e757c@group-2E5E496E2596->a6c416d4-3244-4e70-92c5-63f7380a9294: nextIndex: updateUnconditionally 0 -> 0
2019-09-27 10:14:50,274 [grpc-default-executor-0] WARN  server.GrpcLogAppender (LogUtils.java:warn(134)) - ca2cbff0-14e3-4cd0-83a1-6556e5af9ad7@group-0E6FB7C5B51C->6538e5ea-9fbc-4e7b-b1f8-bd637acac874-AppendLogResponseHandler: Failed appendEntries: org.apache.ratis.thirdparty.io.grpc.StatusRuntimeException: UNAVAILABLE: io exception
2019-09-27 10:14:50,275 [grpc-default-executor-0] INFO  impl.FollowerInfo (FollowerInfo.java:lambda$new$0(51)) - ca2cbff0-14e3-4cd0-83a1-6556e5af9ad7@group-0E6FB7C5B51C->6538e5ea-9fbc-4e7b-b1f8-bd637acac874: nextIndex: updateUnconditionally 0 -> 0
2019-09-27 10:14:50,285 [Datanode State Machine Thread - 0] INFO  statemachine.DatanodeStateMachine (DatanodeStateMachine.java:lambda$startDaemon$0(350)) - Ozone container server started.
2019-09-27 10:14:50,296 [grpc-default-executor-5] WARN  server.GrpcLogAppender (LogUtils.java:warn(134)) - 05b4a1fe-7ad6-4f6f-a8a9-40df080e757c@group-2E5E496E2596->d451055a-1dc8-4774-ac5e-be8b7982a836-AppendLogResponseHandler: Failed appendEntries: org.apache.ratis.thirdparty.io.grpc.StatusRuntimeException: UNAVAILABLE: io exception
2019-09-27 10:14:50,297 [grpc-default-executor-5] INFO  impl.FollowerInfo (FollowerInfo.java:lambda$new$0(51)) - 05b4a1fe-7ad6-4f6f-a8a9-40df080e757c@group-2E5E496E2596->d451055a-1dc8-4774-ac5e-be8b7982a836: nextIndex: updateUnconditionally 0 -> 0
2019-09-27 10:14:50,641 [Thread-1886] INFO  impl.FollowerState (FollowerState.java:run(106)) - 363f45e3-c2ed-48f5-ae19-ed94c8ce4f3d:group-D7C7F7FA402A changes to CANDIDATE, lastRpcTime:1197, electionTimeout:1195ms
2019-09-27 10:14:50,641 [Thread-1886] INFO  impl.RoleInfo (RoleInfo.java:shutdownFollowerState(121)) - 363f45e3-c2ed-48f5-ae19-ed94c8ce4f3d: shutdown FollowerState
2019-09-27 10:14:50,641 [Thread-1886] INFO  impl.RaftServerImpl (RaftServerImpl.java:setRole(174)) - 363f45e3-c2ed-48f5-ae19-ed94c8ce4f3d@group-D7C7F7FA402A: changes role from  FOLLOWER to CANDIDATE at term 6 for changeToCandidate
2019-09-27 10:14:50,641 [Thread-1886] INFO  impl.RoleInfo (RoleInfo.java:updateAndGet(143)) - 363f45e3-c2ed-48f5-ae19-ed94c8ce4f3d: start LeaderElection
2019-09-27 10:14:50,658 [363f45e3-c2ed-48f5-ae19-ed94c8ce4f3d@group-D7C7F7FA402A:LeaderElection28] INFO  impl.LeaderElection (LeaderElection.java:askForVotes(182)) - 363f45e3-c2ed-48f5-ae19-ed94c8ce4f3d@group-D7C7F7FA402A:LeaderElection28: begin an election at term 7 for 0: [1a0a9427-a12d-4c98-81a1-c39e1be27f6d:192.168.151.103:36200, 4bbf8e1c-0fc8-4b3a-88c0-5b6f150f1aee:192.168.151.103:33910, 363f45e3-c2ed-48f5-ae19-ed94c8ce4f3d:192.168.151.103:41409], old=null
2019-09-27 10:14:50,659 [363f45e3-c2ed-48f5-ae19-ed94c8ce4f3d@group-D7C7F7FA402A:LeaderElection28] INFO  impl.LeaderElection (LogUtils.java:infoOrTrace(149)) - 363f45e3-c2ed-48f5-ae19-ed94c8ce4f3d@group-D7C7F7FA402A:LeaderElection28 got exception when requesting votes: {}
java.util.concurrent.ExecutionException: org.apache.ratis.thirdparty.io.grpc.StatusRuntimeException: UNAVAILABLE: io exception
	at java.util.concurrent.FutureTask.report(FutureTask.java:122)
	at java.util.concurrent.FutureTask.get(FutureTask.java:192)
	at org.apache.ratis.server.impl.LeaderElection.waitForResults(LeaderElection.java:263)
	at org.apache.ratis.server.impl.LeaderElection.askForVotes(LeaderElection.java:201)
	at org.apache.ratis.server.impl.LeaderElection.run(LeaderElection.java:133)
	at java.lang.Thread.run(Thread.java:748)
Caused by: org.apache.ratis.thirdparty.io.grpc.StatusRuntimeException: UNAVAILABLE: io exception
	at org.apache.ratis.thirdparty.io.grpc.stub.ClientCalls.toStatusRuntimeException(ClientCalls.java:233)
	at org.apache.ratis.thirdparty.io.grpc.stub.ClientCalls.getUnchecked(ClientCalls.java:214)
	at org.apache.ratis.thirdparty.io.grpc.stub.ClientCalls.blockingUnaryCall(ClientCalls.java:139)
	at org.apache.ratis.proto.grpc.RaftServerProtocolServiceGrpc$RaftServerProtocolServiceBlockingStub.requestVote(RaftServerProtocolServiceGrpc.java:265)
	at org.apache.ratis.grpc.server.GrpcServerProtocolClient.requestVote(GrpcServerProtocolClient.java:90)
	at org.apache.ratis.grpc.server.GrpcService.requestVote(GrpcService.java:204)
	at org.apache.ratis.server.impl.LeaderElection.lambda$submitRequests$1(LeaderElection.java:238)
	at java.util.concurrent.FutureTask.run(FutureTask.java:266)
	at java.util.concurrent.Executors$RunnableAdapter.call(Executors.java:511)
	at java.util.concurrent.FutureTask.run(FutureTask.java:266)
	at java.util.concurrent.ThreadPoolExecutor.runWorker(ThreadPoolExecutor.java:1149)
	at java.util.concurrent.ThreadPoolExecutor$Worker.run(ThreadPoolExecutor.java:624)
	... 1 more
Caused by: org.apache.ratis.thirdparty.io.netty.channel.AbstractChannel$AnnotatedConnectException: Connection refused: /192.168.151.103:36200
	at sun.nio.ch.SocketChannelImpl.checkConnect(Native Method)
	at sun.nio.ch.SocketChannelImpl.finishConnect(SocketChannelImpl.java:717)
	at org.apache.ratis.thirdparty.io.netty.channel.socket.nio.NioSocketChannel.doFinishConnect(NioSocketChannel.java:327)
	at org.apache.ratis.thirdparty.io.netty.channel.nio.AbstractNioChannel$AbstractNioUnsafe.finishConnect(AbstractNioChannel.java:340)
	at org.apache.ratis.thirdparty.io.netty.channel.nio.NioEventLoop.processSelectedKey(NioEventLoop.java:632)
	at org.apache.ratis.thirdparty.io.netty.channel.nio.NioEventLoop.processSelectedKeysOptimized(NioEventLoop.java:579)
	at org.apache.ratis.thirdparty.io.netty.channel.nio.NioEventLoop.processSelectedKeys(NioEventLoop.java:496)
	at org.apache.ratis.thirdparty.io.netty.channel.nio.NioEventLoop.run(NioEventLoop.java:458)
	at org.apache.ratis.thirdparty.io.netty.util.concurrent.SingleThreadEventExecutor$5.run(SingleThreadEventExecutor.java:897)
	at org.apache.ratis.thirdparty.io.netty.util.concurrent.FastThreadLocalRunnable.run(FastThreadLocalRunnable.java:30)
	... 1 more
Caused by: java.net.ConnectException: Connection refused
	... 11 more
2019-09-27 10:14:50,661 [363f45e3-c2ed-48f5-ae19-ed94c8ce4f3d@group-D7C7F7FA402A:LeaderElection28] INFO  impl.LeaderElection (LogUtils.java:infoOrTrace(149)) - 363f45e3-c2ed-48f5-ae19-ed94c8ce4f3d@group-D7C7F7FA402A:LeaderElection28 got exception when requesting votes: {}
java.util.concurrent.ExecutionException: org.apache.ratis.thirdparty.io.grpc.StatusRuntimeException: UNAVAILABLE: io exception
	at java.util.concurrent.FutureTask.report(FutureTask.java:122)
	at java.util.concurrent.FutureTask.get(FutureTask.java:192)
	at org.apache.ratis.server.impl.LeaderElection.waitForResults(LeaderElection.java:263)
	at org.apache.ratis.server.impl.LeaderElection.askForVotes(LeaderElection.java:201)
	at org.apache.ratis.server.impl.LeaderElection.run(LeaderElection.java:133)
	at java.lang.Thread.run(Thread.java:748)
Caused by: org.apache.ratis.thirdparty.io.grpc.StatusRuntimeException: UNAVAILABLE: io exception
	at org.apache.ratis.thirdparty.io.grpc.stub.ClientCalls.toStatusRuntimeException(ClientCalls.java:233)
	at org.apache.ratis.thirdparty.io.grpc.stub.ClientCalls.getUnchecked(ClientCalls.java:214)
	at org.apache.ratis.thirdparty.io.grpc.stub.ClientCalls.blockingUnaryCall(ClientCalls.java:139)
	at org.apache.ratis.proto.grpc.RaftServerProtocolServiceGrpc$RaftServerProtocolServiceBlockingStub.requestVote(RaftServerProtocolServiceGrpc.java:265)
	at org.apache.ratis.grpc.server.GrpcServerProtocolClient.requestVote(GrpcServerProtocolClient.java:90)
	at org.apache.ratis.grpc.server.GrpcService.requestVote(GrpcService.java:204)
	at org.apache.ratis.server.impl.LeaderElection.lambda$submitRequests$1(LeaderElection.java:238)
	at java.util.concurrent.FutureTask.run(FutureTask.java:266)
	at java.util.concurrent.Executors$RunnableAdapter.call(Executors.java:511)
	at java.util.concurrent.FutureTask.run(FutureTask.java:266)
	at java.util.concurrent.ThreadPoolExecutor.runWorker(ThreadPoolExecutor.java:1149)
	at java.util.concurrent.ThreadPoolExecutor$Worker.run(ThreadPoolExecutor.java:624)
	... 1 more
Caused by: org.apache.ratis.thirdparty.io.netty.channel.AbstractChannel$AnnotatedConnectException: Connection refused: /192.168.151.103:33910
	at sun.nio.ch.SocketChannelImpl.checkConnect(Native Method)
	at sun.nio.ch.SocketChannelImpl.finishConnect(SocketChannelImpl.java:717)
	at org.apache.ratis.thirdparty.io.netty.channel.socket.nio.NioSocketChannel.doFinishConnect(NioSocketChannel.java:327)
	at org.apache.ratis.thirdparty.io.netty.channel.nio.AbstractNioChannel$AbstractNioUnsafe.finishConnect(AbstractNioChannel.java:340)
	at org.apache.ratis.thirdparty.io.netty.channel.nio.NioEventLoop.processSelectedKey(NioEventLoop.java:632)
	at org.apache.ratis.thirdparty.io.netty.channel.nio.NioEventLoop.processSelectedKeysOptimized(NioEventLoop.java:579)
	at org.apache.ratis.thirdparty.io.netty.channel.nio.NioEventLoop.processSelectedKeys(NioEventLoop.java:496)
	at org.apache.ratis.thirdparty.io.netty.channel.nio.NioEventLoop.run(NioEventLoop.java:458)
	at org.apache.ratis.thirdparty.io.netty.util.concurrent.SingleThreadEventExecutor$5.run(SingleThreadEventExecutor.java:897)
	at org.apache.ratis.thirdparty.io.netty.util.concurrent.FastThreadLocalRunnable.run(FastThreadLocalRunnable.java:30)
	... 1 more
Caused by: java.net.ConnectException: Connection refused
	... 11 more
2019-09-27 10:14:50,663 [363f45e3-c2ed-48f5-ae19-ed94c8ce4f3d@group-D7C7F7FA402A:LeaderElection28] INFO  impl.LeaderElection (LeaderElection.java:logAndReturn(56)) - 363f45e3-c2ed-48f5-ae19-ed94c8ce4f3d@group-D7C7F7FA402A:LeaderElection28: Election REJECTED; received 0 response(s) [] and 2 exception(s); 363f45e3-c2ed-48f5-ae19-ed94c8ce4f3d@group-D7C7F7FA402A:t7, leader=null, voted=363f45e3-c2ed-48f5-ae19-ed94c8ce4f3d, raftlog=363f45e3-c2ed-48f5-ae19-ed94c8ce4f3d@group-D7C7F7FA402A-SegmentedRaftLog:OPENED:c0,f0,i0, conf=0: [1a0a9427-a12d-4c98-81a1-c39e1be27f6d:192.168.151.103:36200, 4bbf8e1c-0fc8-4b3a-88c0-5b6f150f1aee:192.168.151.103:33910, 363f45e3-c2ed-48f5-ae19-ed94c8ce4f3d:192.168.151.103:41409], old=null
2019-09-27 10:14:50,663 [363f45e3-c2ed-48f5-ae19-ed94c8ce4f3d@group-D7C7F7FA402A:LeaderElection28] INFO  impl.LeaderElection (LogUtils.java:infoOrTrace(149)) -   Exception 0: {}
java.util.concurrent.ExecutionException: org.apache.ratis.thirdparty.io.grpc.StatusRuntimeException: UNAVAILABLE: io exception
	at java.util.concurrent.FutureTask.report(FutureTask.java:122)
	at java.util.concurrent.FutureTask.get(FutureTask.java:192)
	at org.apache.ratis.server.impl.LeaderElection.waitForResults(LeaderElection.java:263)
	at org.apache.ratis.server.impl.LeaderElection.askForVotes(LeaderElection.java:201)
	at org.apache.ratis.server.impl.LeaderElection.run(LeaderElection.java:133)
	at java.lang.Thread.run(Thread.java:748)
Caused by: org.apache.ratis.thirdparty.io.grpc.StatusRuntimeException: UNAVAILABLE: io exception
	at org.apache.ratis.thirdparty.io.grpc.stub.ClientCalls.toStatusRuntimeException(ClientCalls.java:233)
	at org.apache.ratis.thirdparty.io.grpc.stub.ClientCalls.getUnchecked(ClientCalls.java:214)
	at org.apache.ratis.thirdparty.io.grpc.stub.ClientCalls.blockingUnaryCall(ClientCalls.java:139)
	at org.apache.ratis.proto.grpc.RaftServerProtocolServiceGrpc$RaftServerProtocolServiceBlockingStub.requestVote(RaftServerProtocolServiceGrpc.java:265)
	at org.apache.ratis.grpc.server.GrpcServerProtocolClient.requestVote(GrpcServerProtocolClient.java:90)
	at org.apache.ratis.grpc.server.GrpcService.requestVote(GrpcService.java:204)
	at org.apache.ratis.server.impl.LeaderElection.lambda$submitRequests$1(LeaderElection.java:238)
	at java.util.concurrent.FutureTask.run(FutureTask.java:266)
	at java.util.concurrent.Executors$RunnableAdapter.call(Executors.java:511)
	at java.util.concurrent.FutureTask.run(FutureTask.java:266)
	at java.util.concurrent.ThreadPoolExecutor.runWorker(ThreadPoolExecutor.java:1149)
	at java.util.concurrent.ThreadPoolExecutor$Worker.run(ThreadPoolExecutor.java:624)
	... 1 more
Caused by: org.apache.ratis.thirdparty.io.netty.channel.AbstractChannel$AnnotatedConnectException: Connection refused: /192.168.151.103:36200
	at sun.nio.ch.SocketChannelImpl.checkConnect(Native Method)
	at sun.nio.ch.SocketChannelImpl.finishConnect(SocketChannelImpl.java:717)
	at org.apache.ratis.thirdparty.io.netty.channel.socket.nio.NioSocketChannel.doFinishConnect(NioSocketChannel.java:327)
	at org.apache.ratis.thirdparty.io.netty.channel.nio.AbstractNioChannel$AbstractNioUnsafe.finishConnect(AbstractNioChannel.java:340)
	at org.apache.ratis.thirdparty.io.netty.channel.nio.NioEventLoop.processSelectedKey(NioEventLoop.java:632)
	at org.apache.ratis.thirdparty.io.netty.channel.nio.NioEventLoop.processSelectedKeysOptimized(NioEventLoop.java:579)
	at org.apache.ratis.thirdparty.io.netty.channel.nio.NioEventLoop.processSelectedKeys(NioEventLoop.java:496)
	at org.apache.ratis.thirdparty.io.netty.channel.nio.NioEventLoop.run(NioEventLoop.java:458)
	at org.apache.ratis.thirdparty.io.netty.util.concurrent.SingleThreadEventExecutor$5.run(SingleThreadEventExecutor.java:897)
	at org.apache.ratis.thirdparty.io.netty.util.concurrent.FastThreadLocalRunnable.run(FastThreadLocalRunnable.java:30)
	... 1 more
Caused by: java.net.ConnectException: Connection refused
	... 11 more
2019-09-27 10:14:50,664 [363f45e3-c2ed-48f5-ae19-ed94c8ce4f3d@group-D7C7F7FA402A:LeaderElection28] INFO  impl.LeaderElection (LogUtils.java:infoOrTrace(149)) -   Exception 1: {}
java.util.concurrent.ExecutionException: org.apache.ratis.thirdparty.io.grpc.StatusRuntimeException: UNAVAILABLE: io exception
	at java.util.concurrent.FutureTask.report(FutureTask.java:122)
	at java.util.concurrent.FutureTask.get(FutureTask.java:192)
	at org.apache.ratis.server.impl.LeaderElection.waitForResults(LeaderElection.java:263)
	at org.apache.ratis.server.impl.LeaderElection.askForVotes(LeaderElection.java:201)
	at org.apache.ratis.server.impl.LeaderElection.run(LeaderElection.java:133)
	at java.lang.Thread.run(Thread.java:748)
Caused by: org.apache.ratis.thirdparty.io.grpc.StatusRuntimeException: UNAVAILABLE: io exception
	at org.apache.ratis.thirdparty.io.grpc.stub.ClientCalls.toStatusRuntimeException(ClientCalls.java:233)
	at org.apache.ratis.thirdparty.io.grpc.stub.ClientCalls.getUnchecked(ClientCalls.java:214)
	at org.apache.ratis.thirdparty.io.grpc.stub.ClientCalls.blockingUnaryCall(ClientCalls.java:139)
	at org.apache.ratis.proto.grpc.RaftServerProtocolServiceGrpc$RaftServerProtocolServiceBlockingStub.requestVote(RaftServerProtocolServiceGrpc.java:265)
	at org.apache.ratis.grpc.server.GrpcServerProtocolClient.requestVote(GrpcServerProtocolClient.java:90)
	at org.apache.ratis.grpc.server.GrpcService.requestVote(GrpcService.java:204)
	at org.apache.ratis.server.impl.LeaderElection.lambda$submitRequests$1(LeaderElection.java:238)
	at java.util.concurrent.FutureTask.run(FutureTask.java:266)
	at java.util.concurrent.Executors$RunnableAdapter.call(Executors.java:511)
	at java.util.concurrent.FutureTask.run(FutureTask.java:266)
	at java.util.concurrent.ThreadPoolExecutor.runWorker(ThreadPoolExecutor.java:1149)
	at java.util.concurrent.ThreadPoolExecutor$Worker.run(ThreadPoolExecutor.java:624)
	... 1 more
Caused by: org.apache.ratis.thirdparty.io.netty.channel.AbstractChannel$AnnotatedConnectException: Connection refused: /192.168.151.103:33910
	at sun.nio.ch.SocketChannelImpl.checkConnect(Native Method)
	at sun.nio.ch.SocketChannelImpl.finishConnect(SocketChannelImpl.java:717)
	at org.apache.ratis.thirdparty.io.netty.channel.socket.nio.NioSocketChannel.doFinishConnect(NioSocketChannel.java:327)
	at org.apache.ratis.thirdparty.io.netty.channel.nio.AbstractNioChannel$AbstractNioUnsafe.finishConnect(AbstractNioChannel.java:340)
	at org.apache.ratis.thirdparty.io.netty.channel.nio.NioEventLoop.processSelectedKey(NioEventLoop.java:632)
	at org.apache.ratis.thirdparty.io.netty.channel.nio.NioEventLoop.processSelectedKeysOptimized(NioEventLoop.java:579)
	at org.apache.ratis.thirdparty.io.netty.channel.nio.NioEventLoop.processSelectedKeys(NioEventLoop.java:496)
	at org.apache.ratis.thirdparty.io.netty.channel.nio.NioEventLoop.run(NioEventLoop.java:458)
	at org.apache.ratis.thirdparty.io.netty.util.concurrent.SingleThreadEventExecutor$5.run(SingleThreadEventExecutor.java:897)
	at org.apache.ratis.thirdparty.io.netty.util.concurrent.FastThreadLocalRunnable.run(FastThreadLocalRunnable.java:30)
	... 1 more
Caused by: java.net.ConnectException: Connection refused
	... 11 more
2019-09-27 10:14:50,664 [363f45e3-c2ed-48f5-ae19-ed94c8ce4f3d@group-D7C7F7FA402A:LeaderElection28] INFO  impl.RaftServerImpl (RaftServerImpl.java:setRole(174)) - 363f45e3-c2ed-48f5-ae19-ed94c8ce4f3d@group-D7C7F7FA402A: changes role from CANDIDATE to FOLLOWER at term 7 for DISCOVERED_A_NEW_TERM
2019-09-27 10:14:50,664 [363f45e3-c2ed-48f5-ae19-ed94c8ce4f3d@group-D7C7F7FA402A:LeaderElection28] INFO  impl.RoleInfo (RoleInfo.java:shutdownLeaderElection(134)) - 363f45e3-c2ed-48f5-ae19-ed94c8ce4f3d: shutdown LeaderElection
2019-09-27 10:14:50,665 [363f45e3-c2ed-48f5-ae19-ed94c8ce4f3d@group-D7C7F7FA402A:LeaderElection28] INFO  impl.RoleInfo (RoleInfo.java:updateAndGet(143)) - 363f45e3-c2ed-48f5-ae19-ed94c8ce4f3d: start FollowerState
2019-09-27 10:14:50,771 [grpc-default-executor-0] WARN  server.GrpcLogAppender (LogUtils.java:warn(134)) - 05b4a1fe-7ad6-4f6f-a8a9-40df080e757c@group-2E5E496E2596->a6c416d4-3244-4e70-92c5-63f7380a9294-AppendLogResponseHandler: Failed appendEntries: org.apache.ratis.thirdparty.io.grpc.StatusRuntimeException: UNAVAILABLE: io exception
2019-09-27 10:14:50,778 [grpc-default-executor-0] INFO  impl.FollowerInfo (FollowerInfo.java:lambda$new$0(51)) - 05b4a1fe-7ad6-4f6f-a8a9-40df080e757c@group-2E5E496E2596->a6c416d4-3244-4e70-92c5-63f7380a9294: nextIndex: updateUnconditionally 0 -> 0
2019-09-27 10:14:50,780 [grpc-default-executor-3] WARN  server.GrpcLogAppender (LogUtils.java:warn(134)) - ca2cbff0-14e3-4cd0-83a1-6556e5af9ad7@group-0E6FB7C5B51C->6538e5ea-9fbc-4e7b-b1f8-bd637acac874-AppendLogResponseHandler: Failed appendEntries: org.apache.ratis.thirdparty.io.grpc.StatusRuntimeException: UNAVAILABLE: io exception
2019-09-27 10:14:50,782 [grpc-default-executor-3] INFO  impl.FollowerInfo (FollowerInfo.java:lambda$new$0(51)) - ca2cbff0-14e3-4cd0-83a1-6556e5af9ad7@group-0E6FB7C5B51C->6538e5ea-9fbc-4e7b-b1f8-bd637acac874: nextIndex: updateUnconditionally 0 -> 0
2019-09-27 10:14:50,797 [grpc-default-executor-0] WARN  server.GrpcLogAppender (LogUtils.java:warn(134)) - 05b4a1fe-7ad6-4f6f-a8a9-40df080e757c@group-2E5E496E2596->d451055a-1dc8-4774-ac5e-be8b7982a836-AppendLogResponseHandler: Failed appendEntries: org.apache.ratis.thirdparty.io.grpc.StatusRuntimeException: UNAVAILABLE: io exception
2019-09-27 10:14:50,797 [grpc-default-executor-0] INFO  impl.FollowerInfo (FollowerInfo.java:lambda$new$0(51)) - 05b4a1fe-7ad6-4f6f-a8a9-40df080e757c@group-2E5E496E2596->d451055a-1dc8-4774-ac5e-be8b7982a836: nextIndex: updateUnconditionally 0 -> 0
2019-09-27 10:14:51,272 [grpc-default-executor-5] WARN  server.GrpcLogAppender (LogUtils.java:warn(134)) - 05b4a1fe-7ad6-4f6f-a8a9-40df080e757c@group-2E5E496E2596->a6c416d4-3244-4e70-92c5-63f7380a9294-AppendLogResponseHandler: Failed appendEntries: org.apache.ratis.thirdparty.io.grpc.StatusRuntimeException: UNAVAILABLE: io exception
2019-09-27 10:14:51,273 [grpc-default-executor-5] INFO  impl.FollowerInfo (FollowerInfo.java:lambda$new$0(51)) - 05b4a1fe-7ad6-4f6f-a8a9-40df080e757c@group-2E5E496E2596->a6c416d4-3244-4e70-92c5-63f7380a9294: nextIndex: updateUnconditionally 0 -> 0
2019-09-27 10:14:51,280 [grpc-default-executor-3] WARN  server.GrpcLogAppender (LogUtils.java:warn(134)) - ca2cbff0-14e3-4cd0-83a1-6556e5af9ad7@group-0E6FB7C5B51C->6538e5ea-9fbc-4e7b-b1f8-bd637acac874-AppendLogResponseHandler: Failed appendEntries: org.apache.ratis.thirdparty.io.grpc.StatusRuntimeException: UNAVAILABLE: io exception
2019-09-27 10:14:51,281 [grpc-default-executor-3] INFO  impl.FollowerInfo (FollowerInfo.java:lambda$new$0(51)) - ca2cbff0-14e3-4cd0-83a1-6556e5af9ad7@group-0E6FB7C5B51C->6538e5ea-9fbc-4e7b-b1f8-bd637acac874: nextIndex: updateUnconditionally 0 -> 0
2019-09-27 10:14:51,297 [grpc-default-executor-0] WARN  server.GrpcLogAppender (LogUtils.java:warn(134)) - 05b4a1fe-7ad6-4f6f-a8a9-40df080e757c@group-2E5E496E2596->d451055a-1dc8-4774-ac5e-be8b7982a836-AppendLogResponseHandler: Failed appendEntries: org.apache.ratis.thirdparty.io.grpc.StatusRuntimeException: UNAVAILABLE: io exception
2019-09-27 10:14:51,298 [grpc-default-executor-0] INFO  impl.FollowerInfo (FollowerInfo.java:lambda$new$0(51)) - 05b4a1fe-7ad6-4f6f-a8a9-40df080e757c@group-2E5E496E2596->d451055a-1dc8-4774-ac5e-be8b7982a836: nextIndex: updateUnconditionally 0 -> 0
2019-09-27 10:14:51,773 [grpc-default-executor-5] WARN  server.GrpcLogAppender (LogUtils.java:warn(134)) - 05b4a1fe-7ad6-4f6f-a8a9-40df080e757c@group-2E5E496E2596->a6c416d4-3244-4e70-92c5-63f7380a9294-AppendLogResponseHandler: Failed appendEntries: org.apache.ratis.thirdparty.io.grpc.StatusRuntimeException: UNAVAILABLE: io exception
2019-09-27 10:14:51,774 [grpc-default-executor-5] INFO  impl.FollowerInfo (FollowerInfo.java:lambda$new$0(51)) - 05b4a1fe-7ad6-4f6f-a8a9-40df080e757c@group-2E5E496E2596->a6c416d4-3244-4e70-92c5-63f7380a9294: nextIndex: updateUnconditionally 0 -> 0
2019-09-27 10:14:51,784 [grpc-default-executor-3] WARN  server.GrpcLogAppender (LogUtils.java:warn(134)) - ca2cbff0-14e3-4cd0-83a1-6556e5af9ad7@group-0E6FB7C5B51C->6538e5ea-9fbc-4e7b-b1f8-bd637acac874-AppendLogResponseHandler: Failed appendEntries: org.apache.ratis.thirdparty.io.grpc.StatusRuntimeException: UNAVAILABLE: io exception
2019-09-27 10:14:51,784 [grpc-default-executor-3] INFO  impl.FollowerInfo (FollowerInfo.java:lambda$new$0(51)) - ca2cbff0-14e3-4cd0-83a1-6556e5af9ad7@group-0E6FB7C5B51C->6538e5ea-9fbc-4e7b-b1f8-bd637acac874: nextIndex: updateUnconditionally 0 -> 0
2019-09-27 10:14:51,798 [grpc-default-executor-0] WARN  server.GrpcLogAppender (LogUtils.java:warn(134)) - 05b4a1fe-7ad6-4f6f-a8a9-40df080e757c@group-2E5E496E2596->d451055a-1dc8-4774-ac5e-be8b7982a836-AppendLogResponseHandler: Failed appendEntries: org.apache.ratis.thirdparty.io.grpc.StatusRuntimeException: UNAVAILABLE: io exception
2019-09-27 10:14:51,799 [grpc-default-executor-0] INFO  impl.FollowerInfo (FollowerInfo.java:lambda$new$0(51)) - 05b4a1fe-7ad6-4f6f-a8a9-40df080e757c@group-2E5E496E2596->d451055a-1dc8-4774-ac5e-be8b7982a836: nextIndex: updateUnconditionally 0 -> 0
2019-09-27 10:14:51,816 [Thread-1892] INFO  impl.FollowerState (FollowerState.java:run(106)) - 363f45e3-c2ed-48f5-ae19-ed94c8ce4f3d:group-D7C7F7FA402A changes to CANDIDATE, lastRpcTime:1151, electionTimeout:1151ms
2019-09-27 10:14:51,817 [Thread-1892] INFO  impl.RoleInfo (RoleInfo.java:shutdownFollowerState(121)) - 363f45e3-c2ed-48f5-ae19-ed94c8ce4f3d: shutdown FollowerState
2019-09-27 10:14:51,817 [Thread-1892] INFO  impl.RaftServerImpl (RaftServerImpl.java:setRole(174)) - 363f45e3-c2ed-48f5-ae19-ed94c8ce4f3d@group-D7C7F7FA402A: changes role from  FOLLOWER to CANDIDATE at term 7 for changeToCandidate
2019-09-27 10:14:51,817 [Thread-1892] INFO  impl.RoleInfo (RoleInfo.java:updateAndGet(143)) - 363f45e3-c2ed-48f5-ae19-ed94c8ce4f3d: start LeaderElection
2019-09-27 10:14:51,845 [363f45e3-c2ed-48f5-ae19-ed94c8ce4f3d@group-D7C7F7FA402A:LeaderElection29] INFO  impl.LeaderElection (LeaderElection.java:askForVotes(182)) - 363f45e3-c2ed-48f5-ae19-ed94c8ce4f3d@group-D7C7F7FA402A:LeaderElection29: begin an election at term 8 for 0: [1a0a9427-a12d-4c98-81a1-c39e1be27f6d:192.168.151.103:36200, 4bbf8e1c-0fc8-4b3a-88c0-5b6f150f1aee:192.168.151.103:33910, 363f45e3-c2ed-48f5-ae19-ed94c8ce4f3d:192.168.151.103:41409], old=null
2019-09-27 10:14:51,846 [363f45e3-c2ed-48f5-ae19-ed94c8ce4f3d@group-D7C7F7FA402A:LeaderElection29] INFO  impl.LeaderElection (LogUtils.java:infoOrTrace(149)) - 363f45e3-c2ed-48f5-ae19-ed94c8ce4f3d@group-D7C7F7FA402A:LeaderElection29 got exception when requesting votes: {}
java.util.concurrent.ExecutionException: org.apache.ratis.thirdparty.io.grpc.StatusRuntimeException: UNAVAILABLE: io exception
	at java.util.concurrent.FutureTask.report(FutureTask.java:122)
	at java.util.concurrent.FutureTask.get(FutureTask.java:192)
	at org.apache.ratis.server.impl.LeaderElection.waitForResults(LeaderElection.java:263)
	at org.apache.ratis.server.impl.LeaderElection.askForVotes(LeaderElection.java:201)
	at org.apache.ratis.server.impl.LeaderElection.run(LeaderElection.java:133)
	at java.lang.Thread.run(Thread.java:748)
Caused by: org.apache.ratis.thirdparty.io.grpc.StatusRuntimeException: UNAVAILABLE: io exception
	at org.apache.ratis.thirdparty.io.grpc.stub.ClientCalls.toStatusRuntimeException(ClientCalls.java:233)
	at org.apache.ratis.thirdparty.io.grpc.stub.ClientCalls.getUnchecked(ClientCalls.java:214)
	at org.apache.ratis.thirdparty.io.grpc.stub.ClientCalls.blockingUnaryCall(ClientCalls.java:139)
	at org.apache.ratis.proto.grpc.RaftServerProtocolServiceGrpc$RaftServerProtocolServiceBlockingStub.requestVote(RaftServerProtocolServiceGrpc.java:265)
	at org.apache.ratis.grpc.server.GrpcServerProtocolClient.requestVote(GrpcServerProtocolClient.java:90)
	at org.apache.ratis.grpc.server.GrpcService.requestVote(GrpcService.java:204)
	at org.apache.ratis.server.impl.LeaderElection.lambda$submitRequests$1(LeaderElection.java:238)
	at java.util.concurrent.FutureTask.run(FutureTask.java:266)
	at java.util.concurrent.Executors$RunnableAdapter.call(Executors.java:511)
	at java.util.concurrent.FutureTask.run(FutureTask.java:266)
	at java.util.concurrent.ThreadPoolExecutor.runWorker(ThreadPoolExecutor.java:1149)
	at java.util.concurrent.ThreadPoolExecutor$Worker.run(ThreadPoolExecutor.java:624)
	... 1 more
Caused by: org.apache.ratis.thirdparty.io.netty.channel.AbstractChannel$AnnotatedConnectException: Connection refused: /192.168.151.103:36200
	at sun.nio.ch.SocketChannelImpl.checkConnect(Native Method)
	at sun.nio.ch.SocketChannelImpl.finishConnect(SocketChannelImpl.java:717)
	at org.apache.ratis.thirdparty.io.netty.channel.socket.nio.NioSocketChannel.doFinishConnect(NioSocketChannel.java:327)
	at org.apache.ratis.thirdparty.io.netty.channel.nio.AbstractNioChannel$AbstractNioUnsafe.finishConnect(AbstractNioChannel.java:340)
	at org.apache.ratis.thirdparty.io.netty.channel.nio.NioEventLoop.processSelectedKey(NioEventLoop.java:632)
	at org.apache.ratis.thirdparty.io.netty.channel.nio.NioEventLoop.processSelectedKeysOptimized(NioEventLoop.java:579)
	at org.apache.ratis.thirdparty.io.netty.channel.nio.NioEventLoop.processSelectedKeys(NioEventLoop.java:496)
	at org.apache.ratis.thirdparty.io.netty.channel.nio.NioEventLoop.run(NioEventLoop.java:458)
	at org.apache.ratis.thirdparty.io.netty.util.concurrent.SingleThreadEventExecutor$5.run(SingleThreadEventExecutor.java:897)
	at org.apache.ratis.thirdparty.io.netty.util.concurrent.FastThreadLocalRunnable.run(FastThreadLocalRunnable.java:30)
	... 1 more
Caused by: java.net.ConnectException: Connection refused
	... 11 more
2019-09-27 10:14:51,849 [363f45e3-c2ed-48f5-ae19-ed94c8ce4f3d@group-D7C7F7FA402A:LeaderElection29] INFO  impl.LeaderElection (LogUtils.java:infoOrTrace(149)) - 363f45e3-c2ed-48f5-ae19-ed94c8ce4f3d@group-D7C7F7FA402A:LeaderElection29 got exception when requesting votes: {}
java.util.concurrent.ExecutionException: org.apache.ratis.thirdparty.io.grpc.StatusRuntimeException: UNAVAILABLE: io exception
	at java.util.concurrent.FutureTask.report(FutureTask.java:122)
	at java.util.concurrent.FutureTask.get(FutureTask.java:192)
	at org.apache.ratis.server.impl.LeaderElection.waitForResults(LeaderElection.java:263)
	at org.apache.ratis.server.impl.LeaderElection.askForVotes(LeaderElection.java:201)
	at org.apache.ratis.server.impl.LeaderElection.run(LeaderElection.java:133)
	at java.lang.Thread.run(Thread.java:748)
Caused by: org.apache.ratis.thirdparty.io.grpc.StatusRuntimeException: UNAVAILABLE: io exception
	at org.apache.ratis.thirdparty.io.grpc.stub.ClientCalls.toStatusRuntimeException(ClientCalls.java:233)
	at org.apache.ratis.thirdparty.io.grpc.stub.ClientCalls.getUnchecked(ClientCalls.java:214)
	at org.apache.ratis.thirdparty.io.grpc.stub.ClientCalls.blockingUnaryCall(ClientCalls.java:139)
	at org.apache.ratis.proto.grpc.RaftServerProtocolServiceGrpc$RaftServerProtocolServiceBlockingStub.requestVote(RaftServerProtocolServiceGrpc.java:265)
	at org.apache.ratis.grpc.server.GrpcServerProtocolClient.requestVote(GrpcServerProtocolClient.java:90)
	at org.apache.ratis.grpc.server.GrpcService.requestVote(GrpcService.java:204)
	at org.apache.ratis.server.impl.LeaderElection.lambda$submitRequests$1(LeaderElection.java:238)
	at java.util.concurrent.FutureTask.run(FutureTask.java:266)
	at java.util.concurrent.Executors$RunnableAdapter.call(Executors.java:511)
	at java.util.concurrent.FutureTask.run(FutureTask.java:266)
	at java.util.concurrent.ThreadPoolExecutor.runWorker(ThreadPoolExecutor.java:1149)
	at java.util.concurrent.ThreadPoolExecutor$Worker.run(ThreadPoolExecutor.java:624)
	... 1 more
Caused by: org.apache.ratis.thirdparty.io.netty.channel.AbstractChannel$AnnotatedConnectException: Connection refused: /192.168.151.103:33910
	at sun.nio.ch.SocketChannelImpl.checkConnect(Native Method)
	at sun.nio.ch.SocketChannelImpl.finishConnect(SocketChannelImpl.java:717)
	at org.apache.ratis.thirdparty.io.netty.channel.socket.nio.NioSocketChannel.doFinishConnect(NioSocketChannel.java:327)
	at org.apache.ratis.thirdparty.io.netty.channel.nio.AbstractNioChannel$AbstractNioUnsafe.finishConnect(AbstractNioChannel.java:340)
	at org.apache.ratis.thirdparty.io.netty.channel.nio.NioEventLoop.processSelectedKey(NioEventLoop.java:632)
	at org.apache.ratis.thirdparty.io.netty.channel.nio.NioEventLoop.processSelectedKeysOptimized(NioEventLoop.java:579)
	at org.apache.ratis.thirdparty.io.netty.channel.nio.NioEventLoop.processSelectedKeys(NioEventLoop.java:496)
	at org.apache.ratis.thirdparty.io.netty.channel.nio.NioEventLoop.run(NioEventLoop.java:458)
	at org.apache.ratis.thirdparty.io.netty.util.concurrent.SingleThreadEventExecutor$5.run(SingleThreadEventExecutor.java:897)
	at org.apache.ratis.thirdparty.io.netty.util.concurrent.FastThreadLocalRunnable.run(FastThreadLocalRunnable.java:30)
	... 1 more
Caused by: java.net.ConnectException: Connection refused
	... 11 more
2019-09-27 10:14:51,851 [363f45e3-c2ed-48f5-ae19-ed94c8ce4f3d@group-D7C7F7FA402A:LeaderElection29] INFO  impl.LeaderElection (LeaderElection.java:logAndReturn(56)) - 363f45e3-c2ed-48f5-ae19-ed94c8ce4f3d@group-D7C7F7FA402A:LeaderElection29: Election REJECTED; received 0 response(s) [] and 2 exception(s); 363f45e3-c2ed-48f5-ae19-ed94c8ce4f3d@group-D7C7F7FA402A:t8, leader=null, voted=363f45e3-c2ed-48f5-ae19-ed94c8ce4f3d, raftlog=363f45e3-c2ed-48f5-ae19-ed94c8ce4f3d@group-D7C7F7FA402A-SegmentedRaftLog:OPENED:c0,f0,i0, conf=0: [1a0a9427-a12d-4c98-81a1-c39e1be27f6d:192.168.151.103:36200, 4bbf8e1c-0fc8-4b3a-88c0-5b6f150f1aee:192.168.151.103:33910, 363f45e3-c2ed-48f5-ae19-ed94c8ce4f3d:192.168.151.103:41409], old=null
2019-09-27 10:14:51,851 [363f45e3-c2ed-48f5-ae19-ed94c8ce4f3d@group-D7C7F7FA402A:LeaderElection29] INFO  impl.LeaderElection (LogUtils.java:infoOrTrace(149)) -   Exception 0: {}
java.util.concurrent.ExecutionException: org.apache.ratis.thirdparty.io.grpc.StatusRuntimeException: UNAVAILABLE: io exception
	at java.util.concurrent.FutureTask.report(FutureTask.java:122)
	at java.util.concurrent.FutureTask.get(FutureTask.java:192)
	at org.apache.ratis.server.impl.LeaderElection.waitForResults(LeaderElection.java:263)
	at org.apache.ratis.server.impl.LeaderElection.askForVotes(LeaderElection.java:201)
	at org.apache.ratis.server.impl.LeaderElection.run(LeaderElection.java:133)
	at java.lang.Thread.run(Thread.java:748)
Caused by: org.apache.ratis.thirdparty.io.grpc.StatusRuntimeException: UNAVAILABLE: io exception
	at org.apache.ratis.thirdparty.io.grpc.stub.ClientCalls.toStatusRuntimeException(ClientCalls.java:233)
	at org.apache.ratis.thirdparty.io.grpc.stub.ClientCalls.getUnchecked(ClientCalls.java:214)
	at org.apache.ratis.thirdparty.io.grpc.stub.ClientCalls.blockingUnaryCall(ClientCalls.java:139)
	at org.apache.ratis.proto.grpc.RaftServerProtocolServiceGrpc$RaftServerProtocolServiceBlockingStub.requestVote(RaftServerProtocolServiceGrpc.java:265)
	at org.apache.ratis.grpc.server.GrpcServerProtocolClient.requestVote(GrpcServerProtocolClient.java:90)
	at org.apache.ratis.grpc.server.GrpcService.requestVote(GrpcService.java:204)
	at org.apache.ratis.server.impl.LeaderElection.lambda$submitRequests$1(LeaderElection.java:238)
	at java.util.concurrent.FutureTask.run(FutureTask.java:266)
	at java.util.concurrent.Executors$RunnableAdapter.call(Executors.java:511)
	at java.util.concurrent.FutureTask.run(FutureTask.java:266)
	at java.util.concurrent.ThreadPoolExecutor.runWorker(ThreadPoolExecutor.java:1149)
	at java.util.concurrent.ThreadPoolExecutor$Worker.run(ThreadPoolExecutor.java:624)
	... 1 more
Caused by: org.apache.ratis.thirdparty.io.netty.channel.AbstractChannel$AnnotatedConnectException: Connection refused: /192.168.151.103:36200
	at sun.nio.ch.SocketChannelImpl.checkConnect(Native Method)
	at sun.nio.ch.SocketChannelImpl.finishConnect(SocketChannelImpl.java:717)
	at org.apache.ratis.thirdparty.io.netty.channel.socket.nio.NioSocketChannel.doFinishConnect(NioSocketChannel.java:327)
	at org.apache.ratis.thirdparty.io.netty.channel.nio.AbstractNioChannel$AbstractNioUnsafe.finishConnect(AbstractNioChannel.java:340)
	at org.apache.ratis.thirdparty.io.netty.channel.nio.NioEventLoop.processSelectedKey(NioEventLoop.java:632)
	at org.apache.ratis.thirdparty.io.netty.channel.nio.NioEventLoop.processSelectedKeysOptimized(NioEventLoop.java:579)
	at org.apache.ratis.thirdparty.io.netty.channel.nio.NioEventLoop.processSelectedKeys(NioEventLoop.java:496)
	at org.apache.ratis.thirdparty.io.netty.channel.nio.NioEventLoop.run(NioEventLoop.java:458)
	at org.apache.ratis.thirdparty.io.netty.util.concurrent.SingleThreadEventExecutor$5.run(SingleThreadEventExecutor.java:897)
	at org.apache.ratis.thirdparty.io.netty.util.concurrent.FastThreadLocalRunnable.run(FastThreadLocalRunnable.java:30)
	... 1 more
Caused by: java.net.ConnectException: Connection refused
	... 11 more
2019-09-27 10:14:51,852 [363f45e3-c2ed-48f5-ae19-ed94c8ce4f3d@group-D7C7F7FA402A:LeaderElection29] INFO  impl.LeaderElection (LogUtils.java:infoOrTrace(149)) -   Exception 1: {}
java.util.concurrent.ExecutionException: org.apache.ratis.thirdparty.io.grpc.StatusRuntimeException: UNAVAILABLE: io exception
	at java.util.concurrent.FutureTask.report(FutureTask.java:122)
	at java.util.concurrent.FutureTask.get(FutureTask.java:192)
	at org.apache.ratis.server.impl.LeaderElection.waitForResults(LeaderElection.java:263)
	at org.apache.ratis.server.impl.LeaderElection.askForVotes(LeaderElection.java:201)
	at org.apache.ratis.server.impl.LeaderElection.run(LeaderElection.java:133)
	at java.lang.Thread.run(Thread.java:748)
Caused by: org.apache.ratis.thirdparty.io.grpc.StatusRuntimeException: UNAVAILABLE: io exception
	at org.apache.ratis.thirdparty.io.grpc.stub.ClientCalls.toStatusRuntimeException(ClientCalls.java:233)
	at org.apache.ratis.thirdparty.io.grpc.stub.ClientCalls.getUnchecked(ClientCalls.java:214)
	at org.apache.ratis.thirdparty.io.grpc.stub.ClientCalls.blockingUnaryCall(ClientCalls.java:139)
	at org.apache.ratis.proto.grpc.RaftServerProtocolServiceGrpc$RaftServerProtocolServiceBlockingStub.requestVote(RaftServerProtocolServiceGrpc.java:265)
	at org.apache.ratis.grpc.server.GrpcServerProtocolClient.requestVote(GrpcServerProtocolClient.java:90)
	at org.apache.ratis.grpc.server.GrpcService.requestVote(GrpcService.java:204)
	at org.apache.ratis.server.impl.LeaderElection.lambda$submitRequests$1(LeaderElection.java:238)
	at java.util.concurrent.FutureTask.run(FutureTask.java:266)
	at java.util.concurrent.Executors$RunnableAdapter.call(Executors.java:511)
	at java.util.concurrent.FutureTask.run(FutureTask.java:266)
	at java.util.concurrent.ThreadPoolExecutor.runWorker(ThreadPoolExecutor.java:1149)
	at java.util.concurrent.ThreadPoolExecutor$Worker.run(ThreadPoolExecutor.java:624)
	... 1 more
Caused by: org.apache.ratis.thirdparty.io.netty.channel.AbstractChannel$AnnotatedConnectException: Connection refused: /192.168.151.103:33910
	at sun.nio.ch.SocketChannelImpl.checkConnect(Native Method)
	at sun.nio.ch.SocketChannelImpl.finishConnect(SocketChannelImpl.java:717)
	at org.apache.ratis.thirdparty.io.netty.channel.socket.nio.NioSocketChannel.doFinishConnect(NioSocketChannel.java:327)
	at org.apache.ratis.thirdparty.io.netty.channel.nio.AbstractNioChannel$AbstractNioUnsafe.finishConnect(AbstractNioChannel.java:340)
	at org.apache.ratis.thirdparty.io.netty.channel.nio.NioEventLoop.processSelectedKey(NioEventLoop.java:632)
	at org.apache.ratis.thirdparty.io.netty.channel.nio.NioEventLoop.processSelectedKeysOptimized(NioEventLoop.java:579)
	at org.apache.ratis.thirdparty.io.netty.channel.nio.NioEventLoop.processSelectedKeys(NioEventLoop.java:496)
	at org.apache.ratis.thirdparty.io.netty.channel.nio.NioEventLoop.run(NioEventLoop.java:458)
	at org.apache.ratis.thirdparty.io.netty.util.concurrent.SingleThreadEventExecutor$5.run(SingleThreadEventExecutor.java:897)
	at org.apache.ratis.thirdparty.io.netty.util.concurrent.FastThreadLocalRunnable.run(FastThreadLocalRunnable.java:30)
	... 1 more
Caused by: java.net.ConnectException: Connection refused
	... 11 more
2019-09-27 10:14:51,852 [363f45e3-c2ed-48f5-ae19-ed94c8ce4f3d@group-D7C7F7FA402A:LeaderElection29] INFO  impl.RaftServerImpl (RaftServerImpl.java:setRole(174)) - 363f45e3-c2ed-48f5-ae19-ed94c8ce4f3d@group-D7C7F7FA402A: changes role from CANDIDATE to FOLLOWER at term 8 for DISCOVERED_A_NEW_TERM
2019-09-27 10:14:51,852 [363f45e3-c2ed-48f5-ae19-ed94c8ce4f3d@group-D7C7F7FA402A:LeaderElection29] INFO  impl.RoleInfo (RoleInfo.java:shutdownLeaderElection(134)) - 363f45e3-c2ed-48f5-ae19-ed94c8ce4f3d: shutdown LeaderElection
2019-09-27 10:14:51,853 [363f45e3-c2ed-48f5-ae19-ed94c8ce4f3d@group-D7C7F7FA402A:LeaderElection29] INFO  impl.RoleInfo (RoleInfo.java:updateAndGet(143)) - 363f45e3-c2ed-48f5-ae19-ed94c8ce4f3d: start FollowerState
2019-09-27 10:14:52,274 [grpc-default-executor-5] WARN  server.GrpcLogAppender (LogUtils.java:warn(134)) - 05b4a1fe-7ad6-4f6f-a8a9-40df080e757c@group-2E5E496E2596->a6c416d4-3244-4e70-92c5-63f7380a9294-AppendLogResponseHandler: Failed appendEntries: org.apache.ratis.thirdparty.io.grpc.StatusRuntimeException: UNAVAILABLE: io exception
2019-09-27 10:14:52,276 [grpc-default-executor-5] INFO  impl.FollowerInfo (FollowerInfo.java:lambda$new$0(51)) - 05b4a1fe-7ad6-4f6f-a8a9-40df080e757c@group-2E5E496E2596->a6c416d4-3244-4e70-92c5-63f7380a9294: nextIndex: updateUnconditionally 0 -> 0
2019-09-27 10:14:52,281 [grpc-default-executor-3] WARN  server.GrpcLogAppender (LogUtils.java:warn(134)) - ca2cbff0-14e3-4cd0-83a1-6556e5af9ad7@group-0E6FB7C5B51C->6538e5ea-9fbc-4e7b-b1f8-bd637acac874-AppendLogResponseHandler: Failed appendEntries: org.apache.ratis.thirdparty.io.grpc.StatusRuntimeException: UNAVAILABLE: io exception
2019-09-27 10:14:52,282 [grpc-default-executor-3] INFO  impl.FollowerInfo (FollowerInfo.java:lambda$new$0(51)) - ca2cbff0-14e3-4cd0-83a1-6556e5af9ad7@group-0E6FB7C5B51C->6538e5ea-9fbc-4e7b-b1f8-bd637acac874: nextIndex: updateUnconditionally 0 -> 0
2019-09-27 10:14:52,299 [grpc-default-executor-0] WARN  server.GrpcLogAppender (LogUtils.java:warn(134)) - 05b4a1fe-7ad6-4f6f-a8a9-40df080e757c@group-2E5E496E2596->d451055a-1dc8-4774-ac5e-be8b7982a836-AppendLogResponseHandler: Failed appendEntries: org.apache.ratis.thirdparty.io.grpc.StatusRuntimeException: UNAVAILABLE: io exception
2019-09-27 10:14:52,299 [grpc-default-executor-0] INFO  impl.FollowerInfo (FollowerInfo.java:lambda$new$0(51)) - 05b4a1fe-7ad6-4f6f-a8a9-40df080e757c@group-2E5E496E2596->d451055a-1dc8-4774-ac5e-be8b7982a836: nextIndex: updateUnconditionally 0 -> 0
2019-09-27 10:14:52,775 [grpc-default-executor-0] WARN  server.GrpcLogAppender (LogUtils.java:warn(134)) - 05b4a1fe-7ad6-4f6f-a8a9-40df080e757c@group-2E5E496E2596->a6c416d4-3244-4e70-92c5-63f7380a9294-AppendLogResponseHandler: Failed appendEntries: org.apache.ratis.thirdparty.io.grpc.StatusRuntimeException: UNAVAILABLE: io exception
2019-09-27 10:14:52,776 [grpc-default-executor-0] INFO  impl.FollowerInfo (FollowerInfo.java:lambda$new$0(51)) - 05b4a1fe-7ad6-4f6f-a8a9-40df080e757c@group-2E5E496E2596->a6c416d4-3244-4e70-92c5-63f7380a9294: nextIndex: updateUnconditionally 0 -> 0
2019-09-27 10:14:52,782 [grpc-default-executor-5] WARN  server.GrpcLogAppender (LogUtils.java:warn(134)) - ca2cbff0-14e3-4cd0-83a1-6556e5af9ad7@group-0E6FB7C5B51C->6538e5ea-9fbc-4e7b-b1f8-bd637acac874-AppendLogResponseHandler: Failed appendEntries: org.apache.ratis.thirdparty.io.grpc.StatusRuntimeException: UNAVAILABLE: io exception
2019-09-27 10:14:52,783 [grpc-default-executor-5] INFO  impl.FollowerInfo (FollowerInfo.java:lambda$new$0(51)) - ca2cbff0-14e3-4cd0-83a1-6556e5af9ad7@group-0E6FB7C5B51C->6538e5ea-9fbc-4e7b-b1f8-bd637acac874: nextIndex: updateUnconditionally 0 -> 0
2019-09-27 10:14:52,799 [grpc-default-executor-3] WARN  server.GrpcLogAppender (LogUtils.java:warn(134)) - 05b4a1fe-7ad6-4f6f-a8a9-40df080e757c@group-2E5E496E2596->d451055a-1dc8-4774-ac5e-be8b7982a836-AppendLogResponseHandler: Failed appendEntries: org.apache.ratis.thirdparty.io.grpc.StatusRuntimeException: UNAVAILABLE: io exception
2019-09-27 10:14:52,800 [grpc-default-executor-3] INFO  impl.FollowerInfo (FollowerInfo.java:lambda$new$0(51)) - 05b4a1fe-7ad6-4f6f-a8a9-40df080e757c@group-2E5E496E2596->d451055a-1dc8-4774-ac5e-be8b7982a836: nextIndex: updateUnconditionally 0 -> 0
2019-09-27 10:14:52,966 [Thread-1899] INFO  impl.FollowerState (FollowerState.java:run(106)) - 363f45e3-c2ed-48f5-ae19-ed94c8ce4f3d:group-D7C7F7FA402A changes to CANDIDATE, lastRpcTime:1113, electionTimeout:1113ms
2019-09-27 10:14:52,966 [Thread-1899] INFO  impl.RoleInfo (RoleInfo.java:shutdownFollowerState(121)) - 363f45e3-c2ed-48f5-ae19-ed94c8ce4f3d: shutdown FollowerState
2019-09-27 10:14:52,967 [Thread-1899] INFO  impl.RaftServerImpl (RaftServerImpl.java:setRole(174)) - 363f45e3-c2ed-48f5-ae19-ed94c8ce4f3d@group-D7C7F7FA402A: changes role from  FOLLOWER to CANDIDATE at term 8 for changeToCandidate
2019-09-27 10:14:52,967 [Thread-1899] INFO  impl.RoleInfo (RoleInfo.java:updateAndGet(143)) - 363f45e3-c2ed-48f5-ae19-ed94c8ce4f3d: start LeaderElection
2019-09-27 10:14:52,983 [363f45e3-c2ed-48f5-ae19-ed94c8ce4f3d@group-D7C7F7FA402A:LeaderElection30] INFO  impl.LeaderElection (LeaderElection.java:askForVotes(182)) - 363f45e3-c2ed-48f5-ae19-ed94c8ce4f3d@group-D7C7F7FA402A:LeaderElection30: begin an election at term 9 for 0: [1a0a9427-a12d-4c98-81a1-c39e1be27f6d:192.168.151.103:36200, 4bbf8e1c-0fc8-4b3a-88c0-5b6f150f1aee:192.168.151.103:33910, 363f45e3-c2ed-48f5-ae19-ed94c8ce4f3d:192.168.151.103:41409], old=null
2019-09-27 10:14:52,984 [363f45e3-c2ed-48f5-ae19-ed94c8ce4f3d@group-D7C7F7FA402A:LeaderElection30] INFO  impl.LeaderElection (LogUtils.java:infoOrTrace(149)) - 363f45e3-c2ed-48f5-ae19-ed94c8ce4f3d@group-D7C7F7FA402A:LeaderElection30 got exception when requesting votes: {}
java.util.concurrent.ExecutionException: org.apache.ratis.thirdparty.io.grpc.StatusRuntimeException: UNAVAILABLE: io exception
	at java.util.concurrent.FutureTask.report(FutureTask.java:122)
	at java.util.concurrent.FutureTask.get(FutureTask.java:192)
	at org.apache.ratis.server.impl.LeaderElection.waitForResults(LeaderElection.java:263)
	at org.apache.ratis.server.impl.LeaderElection.askForVotes(LeaderElection.java:201)
	at org.apache.ratis.server.impl.LeaderElection.run(LeaderElection.java:133)
	at java.lang.Thread.run(Thread.java:748)
Caused by: org.apache.ratis.thirdparty.io.grpc.StatusRuntimeException: UNAVAILABLE: io exception
	at org.apache.ratis.thirdparty.io.grpc.stub.ClientCalls.toStatusRuntimeException(ClientCalls.java:233)
	at org.apache.ratis.thirdparty.io.grpc.stub.ClientCalls.getUnchecked(ClientCalls.java:214)
	at org.apache.ratis.thirdparty.io.grpc.stub.ClientCalls.blockingUnaryCall(ClientCalls.java:139)
	at org.apache.ratis.proto.grpc.RaftServerProtocolServiceGrpc$RaftServerProtocolServiceBlockingStub.requestVote(RaftServerProtocolServiceGrpc.java:265)
	at org.apache.ratis.grpc.server.GrpcServerProtocolClient.requestVote(GrpcServerProtocolClient.java:90)
	at org.apache.ratis.grpc.server.GrpcService.requestVote(GrpcService.java:204)
	at org.apache.ratis.server.impl.LeaderElection.lambda$submitRequests$1(LeaderElection.java:238)
	at java.util.concurrent.FutureTask.run(FutureTask.java:266)
	at java.util.concurrent.Executors$RunnableAdapter.call(Executors.java:511)
	at java.util.concurrent.FutureTask.run(FutureTask.java:266)
	at java.util.concurrent.ThreadPoolExecutor.runWorker(ThreadPoolExecutor.java:1149)
	at java.util.concurrent.ThreadPoolExecutor$Worker.run(ThreadPoolExecutor.java:624)
	... 1 more
Caused by: org.apache.ratis.thirdparty.io.netty.channel.AbstractChannel$AnnotatedConnectException: Connection refused: /192.168.151.103:36200
	at sun.nio.ch.SocketChannelImpl.checkConnect(Native Method)
	at sun.nio.ch.SocketChannelImpl.finishConnect(SocketChannelImpl.java:717)
	at org.apache.ratis.thirdparty.io.netty.channel.socket.nio.NioSocketChannel.doFinishConnect(NioSocketChannel.java:327)
	at org.apache.ratis.thirdparty.io.netty.channel.nio.AbstractNioChannel$AbstractNioUnsafe.finishConnect(AbstractNioChannel.java:340)
	at org.apache.ratis.thirdparty.io.netty.channel.nio.NioEventLoop.processSelectedKey(NioEventLoop.java:632)
	at org.apache.ratis.thirdparty.io.netty.channel.nio.NioEventLoop.processSelectedKeysOptimized(NioEventLoop.java:579)
	at org.apache.ratis.thirdparty.io.netty.channel.nio.NioEventLoop.processSelectedKeys(NioEventLoop.java:496)
	at org.apache.ratis.thirdparty.io.netty.channel.nio.NioEventLoop.run(NioEventLoop.java:458)
	at org.apache.ratis.thirdparty.io.netty.util.concurrent.SingleThreadEventExecutor$5.run(SingleThreadEventExecutor.java:897)
	at org.apache.ratis.thirdparty.io.netty.util.concurrent.FastThreadLocalRunnable.run(FastThreadLocalRunnable.java:30)
	... 1 more
Caused by: java.net.ConnectException: Connection refused
	... 11 more
2019-09-27 10:14:52,987 [363f45e3-c2ed-48f5-ae19-ed94c8ce4f3d@group-D7C7F7FA402A:LeaderElection30] INFO  impl.LeaderElection (LogUtils.java:infoOrTrace(149)) - 363f45e3-c2ed-48f5-ae19-ed94c8ce4f3d@group-D7C7F7FA402A:LeaderElection30 got exception when requesting votes: {}
java.util.concurrent.ExecutionException: org.apache.ratis.thirdparty.io.grpc.StatusRuntimeException: UNAVAILABLE: io exception
	at java.util.concurrent.FutureTask.report(FutureTask.java:122)
	at java.util.concurrent.FutureTask.get(FutureTask.java:192)
	at org.apache.ratis.server.impl.LeaderElection.waitForResults(LeaderElection.java:263)
	at org.apache.ratis.server.impl.LeaderElection.askForVotes(LeaderElection.java:201)
	at org.apache.ratis.server.impl.LeaderElection.run(LeaderElection.java:133)
	at java.lang.Thread.run(Thread.java:748)
Caused by: org.apache.ratis.thirdparty.io.grpc.StatusRuntimeException: UNAVAILABLE: io exception
	at org.apache.ratis.thirdparty.io.grpc.stub.ClientCalls.toStatusRuntimeException(ClientCalls.java:233)
	at org.apache.ratis.thirdparty.io.grpc.stub.ClientCalls.getUnchecked(ClientCalls.java:214)
	at org.apache.ratis.thirdparty.io.grpc.stub.ClientCalls.blockingUnaryCall(ClientCalls.java:139)
	at org.apache.ratis.proto.grpc.RaftServerProtocolServiceGrpc$RaftServerProtocolServiceBlockingStub.requestVote(RaftServerProtocolServiceGrpc.java:265)
	at org.apache.ratis.grpc.server.GrpcServerProtocolClient.requestVote(GrpcServerProtocolClient.java:90)
	at org.apache.ratis.grpc.server.GrpcService.requestVote(GrpcService.java:204)
	at org.apache.ratis.server.impl.LeaderElection.lambda$submitRequests$1(LeaderElection.java:238)
	at java.util.concurrent.FutureTask.run(FutureTask.java:266)
	at java.util.concurrent.Executors$RunnableAdapter.call(Executors.java:511)
	at java.util.concurrent.FutureTask.run(FutureTask.java:266)
	at java.util.concurrent.ThreadPoolExecutor.runWorker(ThreadPoolExecutor.java:1149)
	at java.util.concurrent.ThreadPoolExecutor$Worker.run(ThreadPoolExecutor.java:624)
	... 1 more
Caused by: org.apache.ratis.thirdparty.io.netty.channel.AbstractChannel$AnnotatedConnectException: Connection refused: /192.168.151.103:33910
	at sun.nio.ch.SocketChannelImpl.checkConnect(Native Method)
	at sun.nio.ch.SocketChannelImpl.finishConnect(SocketChannelImpl.java:717)
	at org.apache.ratis.thirdparty.io.netty.channel.socket.nio.NioSocketChannel.doFinishConnect(NioSocketChannel.java:327)
	at org.apache.ratis.thirdparty.io.netty.channel.nio.AbstractNioChannel$AbstractNioUnsafe.finishConnect(AbstractNioChannel.java:340)
	at org.apache.ratis.thirdparty.io.netty.channel.nio.NioEventLoop.processSelectedKey(NioEventLoop.java:632)
	at org.apache.ratis.thirdparty.io.netty.channel.nio.NioEventLoop.processSelectedKeysOptimized(NioEventLoop.java:579)
	at org.apache.ratis.thirdparty.io.netty.channel.nio.NioEventLoop.processSelectedKeys(NioEventLoop.java:496)
	at org.apache.ratis.thirdparty.io.netty.channel.nio.NioEventLoop.run(NioEventLoop.java:458)
	at org.apache.ratis.thirdparty.io.netty.util.concurrent.SingleThreadEventExecutor$5.run(SingleThreadEventExecutor.java:897)
	at org.apache.ratis.thirdparty.io.netty.util.concurrent.FastThreadLocalRunnable.run(FastThreadLocalRunnable.java:30)
	... 1 more
Caused by: java.net.ConnectException: Connection refused
	... 11 more
2019-09-27 10:14:52,989 [363f45e3-c2ed-48f5-ae19-ed94c8ce4f3d@group-D7C7F7FA402A:LeaderElection30] INFO  impl.LeaderElection (LeaderElection.java:logAndReturn(56)) - 363f45e3-c2ed-48f5-ae19-ed94c8ce4f3d@group-D7C7F7FA402A:LeaderElection30: Election REJECTED; received 0 response(s) [] and 2 exception(s); 363f45e3-c2ed-48f5-ae19-ed94c8ce4f3d@group-D7C7F7FA402A:t9, leader=null, voted=363f45e3-c2ed-48f5-ae19-ed94c8ce4f3d, raftlog=363f45e3-c2ed-48f5-ae19-ed94c8ce4f3d@group-D7C7F7FA402A-SegmentedRaftLog:OPENED:c0,f0,i0, conf=0: [1a0a9427-a12d-4c98-81a1-c39e1be27f6d:192.168.151.103:36200, 4bbf8e1c-0fc8-4b3a-88c0-5b6f150f1aee:192.168.151.103:33910, 363f45e3-c2ed-48f5-ae19-ed94c8ce4f3d:192.168.151.103:41409], old=null
2019-09-27 10:14:52,989 [363f45e3-c2ed-48f5-ae19-ed94c8ce4f3d@group-D7C7F7FA402A:LeaderElection30] INFO  impl.LeaderElection (LogUtils.java:infoOrTrace(149)) -   Exception 0: {}
java.util.concurrent.ExecutionException: org.apache.ratis.thirdparty.io.grpc.StatusRuntimeException: UNAVAILABLE: io exception
	at java.util.concurrent.FutureTask.report(FutureTask.java:122)
	at java.util.concurrent.FutureTask.get(FutureTask.java:192)
	at org.apache.ratis.server.impl.LeaderElection.waitForResults(LeaderElection.java:263)
	at org.apache.ratis.server.impl.LeaderElection.askForVotes(LeaderElection.java:201)
	at org.apache.ratis.server.impl.LeaderElection.run(LeaderElection.java:133)
	at java.lang.Thread.run(Thread.java:748)
Caused by: org.apache.ratis.thirdparty.io.grpc.StatusRuntimeException: UNAVAILABLE: io exception
	at org.apache.ratis.thirdparty.io.grpc.stub.ClientCalls.toStatusRuntimeException(ClientCalls.java:233)
	at org.apache.ratis.thirdparty.io.grpc.stub.ClientCalls.getUnchecked(ClientCalls.java:214)
	at org.apache.ratis.thirdparty.io.grpc.stub.ClientCalls.blockingUnaryCall(ClientCalls.java:139)
	at org.apache.ratis.proto.grpc.RaftServerProtocolServiceGrpc$RaftServerProtocolServiceBlockingStub.requestVote(RaftServerProtocolServiceGrpc.java:265)
	at org.apache.ratis.grpc.server.GrpcServerProtocolClient.requestVote(GrpcServerProtocolClient.java:90)
	at org.apache.ratis.grpc.server.GrpcService.requestVote(GrpcService.java:204)
	at org.apache.ratis.server.impl.LeaderElection.lambda$submitRequests$1(LeaderElection.java:238)
	at java.util.concurrent.FutureTask.run(FutureTask.java:266)
	at java.util.concurrent.Executors$RunnableAdapter.call(Executors.java:511)
	at java.util.concurrent.FutureTask.run(FutureTask.java:266)
	at java.util.concurrent.ThreadPoolExecutor.runWorker(ThreadPoolExecutor.java:1149)
	at java.util.concurrent.ThreadPoolExecutor$Worker.run(ThreadPoolExecutor.java:624)
	... 1 more
Caused by: org.apache.ratis.thirdparty.io.netty.channel.AbstractChannel$AnnotatedConnectException: Connection refused: /192.168.151.103:36200
	at sun.nio.ch.SocketChannelImpl.checkConnect(Native Method)
	at sun.nio.ch.SocketChannelImpl.finishConnect(SocketChannelImpl.java:717)
	at org.apache.ratis.thirdparty.io.netty.channel.socket.nio.NioSocketChannel.doFinishConnect(NioSocketChannel.java:327)
	at org.apache.ratis.thirdparty.io.netty.channel.nio.AbstractNioChannel$AbstractNioUnsafe.finishConnect(AbstractNioChannel.java:340)
	at org.apache.ratis.thirdparty.io.netty.channel.nio.NioEventLoop.processSelectedKey(NioEventLoop.java:632)
	at org.apache.ratis.thirdparty.io.netty.channel.nio.NioEventLoop.processSelectedKeysOptimized(NioEventLoop.java:579)
	at org.apache.ratis.thirdparty.io.netty.channel.nio.NioEventLoop.processSelectedKeys(NioEventLoop.java:496)
	at org.apache.ratis.thirdparty.io.netty.channel.nio.NioEventLoop.run(NioEventLoop.java:458)
	at org.apache.ratis.thirdparty.io.netty.util.concurrent.SingleThreadEventExecutor$5.run(SingleThreadEventExecutor.java:897)
	at org.apache.ratis.thirdparty.io.netty.util.concurrent.FastThreadLocalRunnable.run(FastThreadLocalRunnable.java:30)
	... 1 more
Caused by: java.net.ConnectException: Connection refused
	... 11 more
2019-09-27 10:14:52,990 [363f45e3-c2ed-48f5-ae19-ed94c8ce4f3d@group-D7C7F7FA402A:LeaderElection30] INFO  impl.LeaderElection (LogUtils.java:infoOrTrace(149)) -   Exception 1: {}
java.util.concurrent.ExecutionException: org.apache.ratis.thirdparty.io.grpc.StatusRuntimeException: UNAVAILABLE: io exception
	at java.util.concurrent.FutureTask.report(FutureTask.java:122)
	at java.util.concurrent.FutureTask.get(FutureTask.java:192)
	at org.apache.ratis.server.impl.LeaderElection.waitForResults(LeaderElection.java:263)
	at org.apache.ratis.server.impl.LeaderElection.askForVotes(LeaderElection.java:201)
	at org.apache.ratis.server.impl.LeaderElection.run(LeaderElection.java:133)
	at java.lang.Thread.run(Thread.java:748)
Caused by: org.apache.ratis.thirdparty.io.grpc.StatusRuntimeException: UNAVAILABLE: io exception
	at org.apache.ratis.thirdparty.io.grpc.stub.ClientCalls.toStatusRuntimeException(ClientCalls.java:233)
	at org.apache.ratis.thirdparty.io.grpc.stub.ClientCalls.getUnchecked(ClientCalls.java:214)
	at org.apache.ratis.thirdparty.io.grpc.stub.ClientCalls.blockingUnaryCall(ClientCalls.java:139)
	at org.apache.ratis.proto.grpc.RaftServerProtocolServiceGrpc$RaftServerProtocolServiceBlockingStub.requestVote(RaftServerProtocolServiceGrpc.java:265)
	at org.apache.ratis.grpc.server.GrpcServerProtocolClient.requestVote(GrpcServerProtocolClient.java:90)
	at org.apache.ratis.grpc.server.GrpcService.requestVote(GrpcService.java:204)
	at org.apache.ratis.server.impl.LeaderElection.lambda$submitRequests$1(LeaderElection.java:238)
	at java.util.concurrent.FutureTask.run(FutureTask.java:266)
	at java.util.concurrent.Executors$RunnableAdapter.call(Executors.java:511)
	at java.util.concurrent.FutureTask.run(FutureTask.java:266)
	at java.util.concurrent.ThreadPoolExecutor.runWorker(ThreadPoolExecutor.java:1149)
	at java.util.concurrent.ThreadPoolExecutor$Worker.run(ThreadPoolExecutor.java:624)
	... 1 more
Caused by: org.apache.ratis.thirdparty.io.netty.channel.AbstractChannel$AnnotatedConnectException: Connection refused: /192.168.151.103:33910
	at sun.nio.ch.SocketChannelImpl.checkConnect(Native Method)
	at sun.nio.ch.SocketChannelImpl.finishConnect(SocketChannelImpl.java:717)
	at org.apache.ratis.thirdparty.io.netty.channel.socket.nio.NioSocketChannel.doFinishConnect(NioSocketChannel.java:327)
	at org.apache.ratis.thirdparty.io.netty.channel.nio.AbstractNioChannel$AbstractNioUnsafe.finishConnect(AbstractNioChannel.java:340)
	at org.apache.ratis.thirdparty.io.netty.channel.nio.NioEventLoop.processSelectedKey(NioEventLoop.java:632)
	at org.apache.ratis.thirdparty.io.netty.channel.nio.NioEventLoop.processSelectedKeysOptimized(NioEventLoop.java:579)
	at org.apache.ratis.thirdparty.io.netty.channel.nio.NioEventLoop.processSelectedKeys(NioEventLoop.java:496)
	at org.apache.ratis.thirdparty.io.netty.channel.nio.NioEventLoop.run(NioEventLoop.java:458)
	at org.apache.ratis.thirdparty.io.netty.util.concurrent.SingleThreadEventExecutor$5.run(SingleThreadEventExecutor.java:897)
	at org.apache.ratis.thirdparty.io.netty.util.concurrent.FastThreadLocalRunnable.run(FastThreadLocalRunnable.java:30)
	... 1 more
Caused by: java.net.ConnectException: Connection refused
	... 11 more
2019-09-27 10:14:52,990 [363f45e3-c2ed-48f5-ae19-ed94c8ce4f3d@group-D7C7F7FA402A:LeaderElection30] INFO  impl.RaftServerImpl (RaftServerImpl.java:setRole(174)) - 363f45e3-c2ed-48f5-ae19-ed94c8ce4f3d@group-D7C7F7FA402A: changes role from CANDIDATE to FOLLOWER at term 9 for DISCOVERED_A_NEW_TERM
2019-09-27 10:14:52,990 [363f45e3-c2ed-48f5-ae19-ed94c8ce4f3d@group-D7C7F7FA402A:LeaderElection30] INFO  impl.RoleInfo (RoleInfo.java:shutdownLeaderElection(134)) - 363f45e3-c2ed-48f5-ae19-ed94c8ce4f3d: shutdown LeaderElection
2019-09-27 10:14:52,991 [363f45e3-c2ed-48f5-ae19-ed94c8ce4f3d@group-D7C7F7FA402A:LeaderElection30] INFO  impl.RoleInfo (RoleInfo.java:updateAndGet(143)) - 363f45e3-c2ed-48f5-ae19-ed94c8ce4f3d: start FollowerState
2019-09-27 10:14:53,276 [grpc-default-executor-0] WARN  server.GrpcLogAppender (LogUtils.java:warn(134)) - 05b4a1fe-7ad6-4f6f-a8a9-40df080e757c@group-2E5E496E2596->a6c416d4-3244-4e70-92c5-63f7380a9294-AppendLogResponseHandler: Failed appendEntries: org.apache.ratis.thirdparty.io.grpc.StatusRuntimeException: UNAVAILABLE: io exception
2019-09-27 10:14:53,278 [grpc-default-executor-0] INFO  impl.FollowerInfo (FollowerInfo.java:lambda$new$0(51)) - 05b4a1fe-7ad6-4f6f-a8a9-40df080e757c@group-2E5E496E2596->a6c416d4-3244-4e70-92c5-63f7380a9294: nextIndex: updateUnconditionally 0 -> 0
2019-09-27 10:14:53,283 [grpc-default-executor-5] WARN  server.GrpcLogAppender (LogUtils.java:warn(134)) - ca2cbff0-14e3-4cd0-83a1-6556e5af9ad7@group-0E6FB7C5B51C->6538e5ea-9fbc-4e7b-b1f8-bd637acac874-AppendLogResponseHandler: Failed appendEntries: org.apache.ratis.thirdparty.io.grpc.StatusRuntimeException: UNAVAILABLE: io exception
2019-09-27 10:14:53,283 [grpc-default-executor-5] INFO  impl.FollowerInfo (FollowerInfo.java:lambda$new$0(51)) - ca2cbff0-14e3-4cd0-83a1-6556e5af9ad7@group-0E6FB7C5B51C->6538e5ea-9fbc-4e7b-b1f8-bd637acac874: nextIndex: updateUnconditionally 0 -> 0
2019-09-27 10:14:53,300 [grpc-default-executor-3] WARN  server.GrpcLogAppender (LogUtils.java:warn(134)) - 05b4a1fe-7ad6-4f6f-a8a9-40df080e757c@group-2E5E496E2596->d451055a-1dc8-4774-ac5e-be8b7982a836-AppendLogResponseHandler: Failed appendEntries: org.apache.ratis.thirdparty.io.grpc.StatusRuntimeException: UNAVAILABLE: io exception
2019-09-27 10:14:53,301 [grpc-default-executor-3] INFO  impl.FollowerInfo (FollowerInfo.java:lambda$new$0(51)) - 05b4a1fe-7ad6-4f6f-a8a9-40df080e757c@group-2E5E496E2596->d451055a-1dc8-4774-ac5e-be8b7982a836: nextIndex: updateUnconditionally 0 -> 0
2019-09-27 10:14:53,778 [grpc-default-executor-0] WARN  server.GrpcLogAppender (LogUtils.java:warn(134)) - 05b4a1fe-7ad6-4f6f-a8a9-40df080e757c@group-2E5E496E2596->a6c416d4-3244-4e70-92c5-63f7380a9294-AppendLogResponseHandler: Failed appendEntries: org.apache.ratis.thirdparty.io.grpc.StatusRuntimeException: UNAVAILABLE: io exception
2019-09-27 10:14:53,778 [grpc-default-executor-0] INFO  impl.FollowerInfo (FollowerInfo.java:lambda$new$0(51)) - 05b4a1fe-7ad6-4f6f-a8a9-40df080e757c@group-2E5E496E2596->a6c416d4-3244-4e70-92c5-63f7380a9294: nextIndex: updateUnconditionally 0 -> 0
2019-09-27 10:14:53,784 [grpc-default-executor-3] WARN  server.GrpcLogAppender (LogUtils.java:warn(134)) - ca2cbff0-14e3-4cd0-83a1-6556e5af9ad7@group-0E6FB7C5B51C->6538e5ea-9fbc-4e7b-b1f8-bd637acac874-AppendLogResponseHandler: Failed appendEntries: org.apache.ratis.thirdparty.io.grpc.StatusRuntimeException: UNAVAILABLE: io exception
2019-09-27 10:14:53,784 [grpc-default-executor-3] INFO  impl.FollowerInfo (FollowerInfo.java:lambda$new$0(51)) - ca2cbff0-14e3-4cd0-83a1-6556e5af9ad7@group-0E6FB7C5B51C->6538e5ea-9fbc-4e7b-b1f8-bd637acac874: nextIndex: updateUnconditionally 0 -> 0
2019-09-27 10:14:53,801 [grpc-default-executor-5] WARN  server.GrpcLogAppender (LogUtils.java:warn(134)) - 05b4a1fe-7ad6-4f6f-a8a9-40df080e757c@group-2E5E496E2596->d451055a-1dc8-4774-ac5e-be8b7982a836-AppendLogResponseHandler: Failed appendEntries: org.apache.ratis.thirdparty.io.grpc.StatusRuntimeException: UNAVAILABLE: io exception
2019-09-27 10:14:53,801 [grpc-default-executor-5] INFO  impl.FollowerInfo (FollowerInfo.java:lambda$new$0(51)) - 05b4a1fe-7ad6-4f6f-a8a9-40df080e757c@group-2E5E496E2596->d451055a-1dc8-4774-ac5e-be8b7982a836: nextIndex: updateUnconditionally 0 -> 0
2019-09-27 10:14:54,087 [Thread-1905] INFO  impl.FollowerState (FollowerState.java:run(106)) - 363f45e3-c2ed-48f5-ae19-ed94c8ce4f3d:group-D7C7F7FA402A changes to CANDIDATE, lastRpcTime:1096, electionTimeout:1096ms
2019-09-27 10:14:54,088 [Thread-1905] INFO  impl.RoleInfo (RoleInfo.java:shutdownFollowerState(121)) - 363f45e3-c2ed-48f5-ae19-ed94c8ce4f3d: shutdown FollowerState
2019-09-27 10:14:54,088 [Thread-1905] INFO  impl.RaftServerImpl (RaftServerImpl.java:setRole(174)) - 363f45e3-c2ed-48f5-ae19-ed94c8ce4f3d@group-D7C7F7FA402A: changes role from  FOLLOWER to CANDIDATE at term 9 for changeToCandidate
2019-09-27 10:14:54,088 [Thread-1905] INFO  impl.RoleInfo (RoleInfo.java:updateAndGet(143)) - 363f45e3-c2ed-48f5-ae19-ed94c8ce4f3d: start LeaderElection
2019-09-27 10:14:54,105 [363f45e3-c2ed-48f5-ae19-ed94c8ce4f3d@group-D7C7F7FA402A:LeaderElection31] INFO  impl.LeaderElection (LeaderElection.java:askForVotes(182)) - 363f45e3-c2ed-48f5-ae19-ed94c8ce4f3d@group-D7C7F7FA402A:LeaderElection31: begin an election at term 10 for 0: [1a0a9427-a12d-4c98-81a1-c39e1be27f6d:192.168.151.103:36200, 4bbf8e1c-0fc8-4b3a-88c0-5b6f150f1aee:192.168.151.103:33910, 363f45e3-c2ed-48f5-ae19-ed94c8ce4f3d:192.168.151.103:41409], old=null
2019-09-27 10:14:54,106 [363f45e3-c2ed-48f5-ae19-ed94c8ce4f3d@group-D7C7F7FA402A:LeaderElection31] INFO  impl.LeaderElection (LogUtils.java:infoOrTrace(149)) - 363f45e3-c2ed-48f5-ae19-ed94c8ce4f3d@group-D7C7F7FA402A:LeaderElection31 got exception when requesting votes: {}
java.util.concurrent.ExecutionException: org.apache.ratis.thirdparty.io.grpc.StatusRuntimeException: UNAVAILABLE: io exception
	at java.util.concurrent.FutureTask.report(FutureTask.java:122)
	at java.util.concurrent.FutureTask.get(FutureTask.java:192)
	at org.apache.ratis.server.impl.LeaderElection.waitForResults(LeaderElection.java:263)
	at org.apache.ratis.server.impl.LeaderElection.askForVotes(LeaderElection.java:201)
	at org.apache.ratis.server.impl.LeaderElection.run(LeaderElection.java:133)
	at java.lang.Thread.run(Thread.java:748)
Caused by: org.apache.ratis.thirdparty.io.grpc.StatusRuntimeException: UNAVAILABLE: io exception
	at org.apache.ratis.thirdparty.io.grpc.stub.ClientCalls.toStatusRuntimeException(ClientCalls.java:233)
	at org.apache.ratis.thirdparty.io.grpc.stub.ClientCalls.getUnchecked(ClientCalls.java:214)
	at org.apache.ratis.thirdparty.io.grpc.stub.ClientCalls.blockingUnaryCall(ClientCalls.java:139)
	at org.apache.ratis.proto.grpc.RaftServerProtocolServiceGrpc$RaftServerProtocolServiceBlockingStub.requestVote(RaftServerProtocolServiceGrpc.java:265)
	at org.apache.ratis.grpc.server.GrpcServerProtocolClient.requestVote(GrpcServerProtocolClient.java:90)
	at org.apache.ratis.grpc.server.GrpcService.requestVote(GrpcService.java:204)
	at org.apache.ratis.server.impl.LeaderElection.lambda$submitRequests$1(LeaderElection.java:238)
	at java.util.concurrent.FutureTask.run(FutureTask.java:266)
	at java.util.concurrent.Executors$RunnableAdapter.call(Executors.java:511)
	at java.util.concurrent.FutureTask.run(FutureTask.java:266)
	at java.util.concurrent.ThreadPoolExecutor.runWorker(ThreadPoolExecutor.java:1149)
	at java.util.concurrent.ThreadPoolExecutor$Worker.run(ThreadPoolExecutor.java:624)
	... 1 more
Caused by: org.apache.ratis.thirdparty.io.netty.channel.AbstractChannel$AnnotatedConnectException: Connection refused: /192.168.151.103:36200
	at sun.nio.ch.SocketChannelImpl.checkConnect(Native Method)
	at sun.nio.ch.SocketChannelImpl.finishConnect(SocketChannelImpl.java:717)
	at org.apache.ratis.thirdparty.io.netty.channel.socket.nio.NioSocketChannel.doFinishConnect(NioSocketChannel.java:327)
	at org.apache.ratis.thirdparty.io.netty.channel.nio.AbstractNioChannel$AbstractNioUnsafe.finishConnect(AbstractNioChannel.java:340)
	at org.apache.ratis.thirdparty.io.netty.channel.nio.NioEventLoop.processSelectedKey(NioEventLoop.java:632)
	at org.apache.ratis.thirdparty.io.netty.channel.nio.NioEventLoop.processSelectedKeysOptimized(NioEventLoop.java:579)
	at org.apache.ratis.thirdparty.io.netty.channel.nio.NioEventLoop.processSelectedKeys(NioEventLoop.java:496)
	at org.apache.ratis.thirdparty.io.netty.channel.nio.NioEventLoop.run(NioEventLoop.java:458)
	at org.apache.ratis.thirdparty.io.netty.util.concurrent.SingleThreadEventExecutor$5.run(SingleThreadEventExecutor.java:897)
	at org.apache.ratis.thirdparty.io.netty.util.concurrent.FastThreadLocalRunnable.run(FastThreadLocalRunnable.java:30)
	... 1 more
Caused by: java.net.ConnectException: Connection refused
	... 11 more
2019-09-27 10:14:54,108 [363f45e3-c2ed-48f5-ae19-ed94c8ce4f3d@group-D7C7F7FA402A:LeaderElection31] INFO  impl.LeaderElection (LogUtils.java:infoOrTrace(149)) - 363f45e3-c2ed-48f5-ae19-ed94c8ce4f3d@group-D7C7F7FA402A:LeaderElection31 got exception when requesting votes: {}
java.util.concurrent.ExecutionException: org.apache.ratis.thirdparty.io.grpc.StatusRuntimeException: UNAVAILABLE: io exception
	at java.util.concurrent.FutureTask.report(FutureTask.java:122)
	at java.util.concurrent.FutureTask.get(FutureTask.java:192)
	at org.apache.ratis.server.impl.LeaderElection.waitForResults(LeaderElection.java:263)
	at org.apache.ratis.server.impl.LeaderElection.askForVotes(LeaderElection.java:201)
	at org.apache.ratis.server.impl.LeaderElection.run(LeaderElection.java:133)
	at java.lang.Thread.run(Thread.java:748)
Caused by: org.apache.ratis.thirdparty.io.grpc.StatusRuntimeException: UNAVAILABLE: io exception
	at org.apache.ratis.thirdparty.io.grpc.stub.ClientCalls.toStatusRuntimeException(ClientCalls.java:233)
	at org.apache.ratis.thirdparty.io.grpc.stub.ClientCalls.getUnchecked(ClientCalls.java:214)
	at org.apache.ratis.thirdparty.io.grpc.stub.ClientCalls.blockingUnaryCall(ClientCalls.java:139)
	at org.apache.ratis.proto.grpc.RaftServerProtocolServiceGrpc$RaftServerProtocolServiceBlockingStub.requestVote(RaftServerProtocolServiceGrpc.java:265)
	at org.apache.ratis.grpc.server.GrpcServerProtocolClient.requestVote(GrpcServerProtocolClient.java:90)
	at org.apache.ratis.grpc.server.GrpcService.requestVote(GrpcService.java:204)
	at org.apache.ratis.server.impl.LeaderElection.lambda$submitRequests$1(LeaderElection.java:238)
	at java.util.concurrent.FutureTask.run(FutureTask.java:266)
	at java.util.concurrent.Executors$RunnableAdapter.call(Executors.java:511)
	at java.util.concurrent.FutureTask.run(FutureTask.java:266)
	at java.util.concurrent.ThreadPoolExecutor.runWorker(ThreadPoolExecutor.java:1149)
	at java.util.concurrent.ThreadPoolExecutor$Worker.run(ThreadPoolExecutor.java:624)
	... 1 more
Caused by: org.apache.ratis.thirdparty.io.netty.channel.AbstractChannel$AnnotatedConnectException: Connection refused: /192.168.151.103:33910
	at sun.nio.ch.SocketChannelImpl.checkConnect(Native Method)
	at sun.nio.ch.SocketChannelImpl.finishConnect(SocketChannelImpl.java:717)
	at org.apache.ratis.thirdparty.io.netty.channel.socket.nio.NioSocketChannel.doFinishConnect(NioSocketChannel.java:327)
	at org.apache.ratis.thirdparty.io.netty.channel.nio.AbstractNioChannel$AbstractNioUnsafe.finishConnect(AbstractNioChannel.java:340)
	at org.apache.ratis.thirdparty.io.netty.channel.nio.NioEventLoop.processSelectedKey(NioEventLoop.java:632)
	at org.apache.ratis.thirdparty.io.netty.channel.nio.NioEventLoop.processSelectedKeysOptimized(NioEventLoop.java:579)
	at org.apache.ratis.thirdparty.io.netty.channel.nio.NioEventLoop.processSelectedKeys(NioEventLoop.java:496)
	at org.apache.ratis.thirdparty.io.netty.channel.nio.NioEventLoop.run(NioEventLoop.java:458)
	at org.apache.ratis.thirdparty.io.netty.util.concurrent.SingleThreadEventExecutor$5.run(SingleThreadEventExecutor.java:897)
	at org.apache.ratis.thirdparty.io.netty.util.concurrent.FastThreadLocalRunnable.run(FastThreadLocalRunnable.java:30)
	... 1 more
Caused by: java.net.ConnectException: Connection refused
	... 11 more
2019-09-27 10:14:54,116 [363f45e3-c2ed-48f5-ae19-ed94c8ce4f3d@group-D7C7F7FA402A:LeaderElection31] INFO  impl.LeaderElection (LeaderElection.java:logAndReturn(56)) - 363f45e3-c2ed-48f5-ae19-ed94c8ce4f3d@group-D7C7F7FA402A:LeaderElection31: Election REJECTED; received 0 response(s) [] and 2 exception(s); 363f45e3-c2ed-48f5-ae19-ed94c8ce4f3d@group-D7C7F7FA402A:t10, leader=null, voted=363f45e3-c2ed-48f5-ae19-ed94c8ce4f3d, raftlog=363f45e3-c2ed-48f5-ae19-ed94c8ce4f3d@group-D7C7F7FA402A-SegmentedRaftLog:OPENED:c0,f0,i0, conf=0: [1a0a9427-a12d-4c98-81a1-c39e1be27f6d:192.168.151.103:36200, 4bbf8e1c-0fc8-4b3a-88c0-5b6f150f1aee:192.168.151.103:33910, 363f45e3-c2ed-48f5-ae19-ed94c8ce4f3d:192.168.151.103:41409], old=null
2019-09-27 10:14:54,116 [363f45e3-c2ed-48f5-ae19-ed94c8ce4f3d@group-D7C7F7FA402A:LeaderElection31] INFO  impl.LeaderElection (LogUtils.java:infoOrTrace(149)) -   Exception 0: {}
java.util.concurrent.ExecutionException: org.apache.ratis.thirdparty.io.grpc.StatusRuntimeException: UNAVAILABLE: io exception
	at java.util.concurrent.FutureTask.report(FutureTask.java:122)
	at java.util.concurrent.FutureTask.get(FutureTask.java:192)
	at org.apache.ratis.server.impl.LeaderElection.waitForResults(LeaderElection.java:263)
	at org.apache.ratis.server.impl.LeaderElection.askForVotes(LeaderElection.java:201)
	at org.apache.ratis.server.impl.LeaderElection.run(LeaderElection.java:133)
	at java.lang.Thread.run(Thread.java:748)
Caused by: org.apache.ratis.thirdparty.io.grpc.StatusRuntimeException: UNAVAILABLE: io exception
	at org.apache.ratis.thirdparty.io.grpc.stub.ClientCalls.toStatusRuntimeException(ClientCalls.java:233)
	at org.apache.ratis.thirdparty.io.grpc.stub.ClientCalls.getUnchecked(ClientCalls.java:214)
	at org.apache.ratis.thirdparty.io.grpc.stub.ClientCalls.blockingUnaryCall(ClientCalls.java:139)
	at org.apache.ratis.proto.grpc.RaftServerProtocolServiceGrpc$RaftServerProtocolServiceBlockingStub.requestVote(RaftServerProtocolServiceGrpc.java:265)
	at org.apache.ratis.grpc.server.GrpcServerProtocolClient.requestVote(GrpcServerProtocolClient.java:90)
	at org.apache.ratis.grpc.server.GrpcService.requestVote(GrpcService.java:204)
	at org.apache.ratis.server.impl.LeaderElection.lambda$submitRequests$1(LeaderElection.java:238)
	at java.util.concurrent.FutureTask.run(FutureTask.java:266)
	at java.util.concurrent.Executors$RunnableAdapter.call(Executors.java:511)
	at java.util.concurrent.FutureTask.run(FutureTask.java:266)
	at java.util.concurrent.ThreadPoolExecutor.runWorker(ThreadPoolExecutor.java:1149)
	at java.util.concurrent.ThreadPoolExecutor$Worker.run(ThreadPoolExecutor.java:624)
	... 1 more
Caused by: org.apache.ratis.thirdparty.io.netty.channel.AbstractChannel$AnnotatedConnectException: Connection refused: /192.168.151.103:36200
	at sun.nio.ch.SocketChannelImpl.checkConnect(Native Method)
	at sun.nio.ch.SocketChannelImpl.finishConnect(SocketChannelImpl.java:717)
	at org.apache.ratis.thirdparty.io.netty.channel.socket.nio.NioSocketChannel.doFinishConnect(NioSocketChannel.java:327)
	at org.apache.ratis.thirdparty.io.netty.channel.nio.AbstractNioChannel$AbstractNioUnsafe.finishConnect(AbstractNioChannel.java:340)
	at org.apache.ratis.thirdparty.io.netty.channel.nio.NioEventLoop.processSelectedKey(NioEventLoop.java:632)
	at org.apache.ratis.thirdparty.io.netty.channel.nio.NioEventLoop.processSelectedKeysOptimized(NioEventLoop.java:579)
	at org.apache.ratis.thirdparty.io.netty.channel.nio.NioEventLoop.processSelectedKeys(NioEventLoop.java:496)
	at org.apache.ratis.thirdparty.io.netty.channel.nio.NioEventLoop.run(NioEventLoop.java:458)
	at org.apache.ratis.thirdparty.io.netty.util.concurrent.SingleThreadEventExecutor$5.run(SingleThreadEventExecutor.java:897)
	at org.apache.ratis.thirdparty.io.netty.util.concurrent.FastThreadLocalRunnable.run(FastThreadLocalRunnable.java:30)
	... 1 more
Caused by: java.net.ConnectException: Connection refused
	... 11 more
2019-09-27 10:14:54,117 [363f45e3-c2ed-48f5-ae19-ed94c8ce4f3d@group-D7C7F7FA402A:LeaderElection31] INFO  impl.LeaderElection (LogUtils.java:infoOrTrace(149)) -   Exception 1: {}
java.util.concurrent.ExecutionException: org.apache.ratis.thirdparty.io.grpc.StatusRuntimeException: UNAVAILABLE: io exception
	at java.util.concurrent.FutureTask.report(FutureTask.java:122)
	at java.util.concurrent.FutureTask.get(FutureTask.java:192)
	at org.apache.ratis.server.impl.LeaderElection.waitForResults(LeaderElection.java:263)
	at org.apache.ratis.server.impl.LeaderElection.askForVotes(LeaderElection.java:201)
	at org.apache.ratis.server.impl.LeaderElection.run(LeaderElection.java:133)
	at java.lang.Thread.run(Thread.java:748)
Caused by: org.apache.ratis.thirdparty.io.grpc.StatusRuntimeException: UNAVAILABLE: io exception
	at org.apache.ratis.thirdparty.io.grpc.stub.ClientCalls.toStatusRuntimeException(ClientCalls.java:233)
	at org.apache.ratis.thirdparty.io.grpc.stub.ClientCalls.getUnchecked(ClientCalls.java:214)
	at org.apache.ratis.thirdparty.io.grpc.stub.ClientCalls.blockingUnaryCall(ClientCalls.java:139)
	at org.apache.ratis.proto.grpc.RaftServerProtocolServiceGrpc$RaftServerProtocolServiceBlockingStub.requestVote(RaftServerProtocolServiceGrpc.java:265)
	at org.apache.ratis.grpc.server.GrpcServerProtocolClient.requestVote(GrpcServerProtocolClient.java:90)
	at org.apache.ratis.grpc.server.GrpcService.requestVote(GrpcService.java:204)
	at org.apache.ratis.server.impl.LeaderElection.lambda$submitRequests$1(LeaderElection.java:238)
	at java.util.concurrent.FutureTask.run(FutureTask.java:266)
	at java.util.concurrent.Executors$RunnableAdapter.call(Executors.java:511)
	at java.util.concurrent.FutureTask.run(FutureTask.java:266)
	at java.util.concurrent.ThreadPoolExecutor.runWorker(ThreadPoolExecutor.java:1149)
	at java.util.concurrent.ThreadPoolExecutor$Worker.run(ThreadPoolExecutor.java:624)
	... 1 more
Caused by: org.apache.ratis.thirdparty.io.netty.channel.AbstractChannel$AnnotatedConnectException: Connection refused: /192.168.151.103:33910
	at sun.nio.ch.SocketChannelImpl.checkConnect(Native Method)
	at sun.nio.ch.SocketChannelImpl.finishConnect(SocketChannelImpl.java:717)
	at org.apache.ratis.thirdparty.io.netty.channel.socket.nio.NioSocketChannel.doFinishConnect(NioSocketChannel.java:327)
	at org.apache.ratis.thirdparty.io.netty.channel.nio.AbstractNioChannel$AbstractNioUnsafe.finishConnect(AbstractNioChannel.java:340)
	at org.apache.ratis.thirdparty.io.netty.channel.nio.NioEventLoop.processSelectedKey(NioEventLoop.java:632)
	at org.apache.ratis.thirdparty.io.netty.channel.nio.NioEventLoop.processSelectedKeysOptimized(NioEventLoop.java:579)
	at org.apache.ratis.thirdparty.io.netty.channel.nio.NioEventLoop.processSelectedKeys(NioEventLoop.java:496)
	at org.apache.ratis.thirdparty.io.netty.channel.nio.NioEventLoop.run(NioEventLoop.java:458)
	at org.apache.ratis.thirdparty.io.netty.util.concurrent.SingleThreadEventExecutor$5.run(SingleThreadEventExecutor.java:897)
	at org.apache.ratis.thirdparty.io.netty.util.concurrent.FastThreadLocalRunnable.run(FastThreadLocalRunnable.java:30)
	... 1 more
Caused by: java.net.ConnectException: Connection refused
	... 11 more
2019-09-27 10:14:54,117 [363f45e3-c2ed-48f5-ae19-ed94c8ce4f3d@group-D7C7F7FA402A:LeaderElection31] INFO  impl.RaftServerImpl (RaftServerImpl.java:setRole(174)) - 363f45e3-c2ed-48f5-ae19-ed94c8ce4f3d@group-D7C7F7FA402A: changes role from CANDIDATE to FOLLOWER at term 10 for DISCOVERED_A_NEW_TERM
2019-09-27 10:14:54,117 [363f45e3-c2ed-48f5-ae19-ed94c8ce4f3d@group-D7C7F7FA402A:LeaderElection31] INFO  impl.RoleInfo (RoleInfo.java:shutdownLeaderElection(134)) - 363f45e3-c2ed-48f5-ae19-ed94c8ce4f3d: shutdown LeaderElection
2019-09-27 10:14:54,118 [363f45e3-c2ed-48f5-ae19-ed94c8ce4f3d@group-D7C7F7FA402A:LeaderElection31] INFO  impl.RoleInfo (RoleInfo.java:updateAndGet(143)) - 363f45e3-c2ed-48f5-ae19-ed94c8ce4f3d: start FollowerState
2019-09-27 10:14:54,279 [grpc-default-executor-0] WARN  server.GrpcLogAppender (LogUtils.java:warn(134)) - 05b4a1fe-7ad6-4f6f-a8a9-40df080e757c@group-2E5E496E2596->a6c416d4-3244-4e70-92c5-63f7380a9294-AppendLogResponseHandler: Failed appendEntries: org.apache.ratis.thirdparty.io.grpc.StatusRuntimeException: UNAVAILABLE: io exception
2019-09-27 10:14:54,281 [grpc-default-executor-0] INFO  impl.FollowerInfo (FollowerInfo.java:lambda$new$0(51)) - 05b4a1fe-7ad6-4f6f-a8a9-40df080e757c@group-2E5E496E2596->a6c416d4-3244-4e70-92c5-63f7380a9294: nextIndex: updateUnconditionally 0 -> 0
2019-09-27 10:14:54,284 [grpc-default-executor-3] WARN  server.GrpcLogAppender (LogUtils.java:warn(134)) - ca2cbff0-14e3-4cd0-83a1-6556e5af9ad7@group-0E6FB7C5B51C->6538e5ea-9fbc-4e7b-b1f8-bd637acac874-AppendLogResponseHandler: Failed appendEntries: org.apache.ratis.thirdparty.io.grpc.StatusRuntimeException: UNAVAILABLE: io exception
2019-09-27 10:14:54,285 [grpc-default-executor-3] INFO  impl.FollowerInfo (FollowerInfo.java:lambda$new$0(51)) - ca2cbff0-14e3-4cd0-83a1-6556e5af9ad7@group-0E6FB7C5B51C->6538e5ea-9fbc-4e7b-b1f8-bd637acac874: nextIndex: updateUnconditionally 0 -> 0
2019-09-27 10:14:54,302 [grpc-default-executor-5] WARN  server.GrpcLogAppender (LogUtils.java:warn(134)) - 05b4a1fe-7ad6-4f6f-a8a9-40df080e757c@group-2E5E496E2596->d451055a-1dc8-4774-ac5e-be8b7982a836-AppendLogResponseHandler: Failed appendEntries: org.apache.ratis.thirdparty.io.grpc.StatusRuntimeException: UNAVAILABLE: io exception
2019-09-27 10:14:54,302 [grpc-default-executor-5] INFO  impl.FollowerInfo (FollowerInfo.java:lambda$new$0(51)) - 05b4a1fe-7ad6-4f6f-a8a9-40df080e757c@group-2E5E496E2596->d451055a-1dc8-4774-ac5e-be8b7982a836: nextIndex: updateUnconditionally 0 -> 0
2019-09-27 10:14:54,474 [ForkJoinPool.commonPool-worker-0] INFO  ozoneimpl.OzoneContainer (OzoneContainer.java:stop(231)) - Attempting to stop container services.
2019-09-27 10:14:54,475 [ForkJoinPool.commonPool-worker-0] INFO  impl.RaftServerProxy (RaftServerProxy.java:lambda$close$4(314)) - 363f45e3-c2ed-48f5-ae19-ed94c8ce4f3d: close
2019-09-27 10:14:54,475 [ForkJoinPool.commonPool-worker-0] INFO  impl.RaftServerImpl (RaftServerImpl.java:lambda$shutdown$3(251)) - 363f45e3-c2ed-48f5-ae19-ed94c8ce4f3d@group-E5FA969C28D8: shutdown
2019-09-27 10:14:54,475 [ForkJoinPool.commonPool-worker-0] INFO  util.JmxRegister (JmxRegister.java:unregister(73)) - Successfully un-registered JMX Bean with object name Ratis:service=RaftServer,group=group-E5FA969C28D8,id=363f45e3-c2ed-48f5-ae19-ed94c8ce4f3d
2019-09-27 10:14:54,476 [ForkJoinPool.commonPool-worker-0] INFO  impl.RoleInfo (RoleInfo.java:shutdownLeaderState(104)) - 363f45e3-c2ed-48f5-ae19-ed94c8ce4f3d: shutdown LeaderState
2019-09-27 10:14:54,476 [ForkJoinPool.commonPool-worker-0] INFO  impl.PendingRequests (PendingRequests.java:sendNotLeaderResponses(202)) - 363f45e3-c2ed-48f5-ae19-ed94c8ce4f3d-PendingRequests: sendNotLeaderResponses
2019-09-27 10:14:54,477 [ForkJoinPool.commonPool-worker-0] INFO  impl.StateMachineUpdater (StateMachineUpdater.java:stopAndJoin(125)) - 363f45e3-c2ed-48f5-ae19-ed94c8ce4f3d@group-E5FA969C28D8-StateMachineUpdater: set stopIndex = 0
2019-09-27 10:14:54,477 [ForkJoinPool.commonPool-worker-0] INFO  impl.RaftServerImpl (ServerState.java:close(385)) - 363f45e3-c2ed-48f5-ae19-ed94c8ce4f3d@group-E5FA969C28D8: closes. applyIndex: 0
2019-09-27 10:14:54,478 [363f45e3-c2ed-48f5-ae19-ed94c8ce4f3d@group-E5FA969C28D8-SegmentedRaftLogWorker] INFO  segmented.SegmentedRaftLogWorker (SegmentedRaftLogWorker.java:run(313)) - 363f45e3-c2ed-48f5-ae19-ed94c8ce4f3d@group-E5FA969C28D8-SegmentedRaftLogWorker was interrupted, exiting. There are 0 tasks remaining in the queue.
2019-09-27 10:14:54,478 [ForkJoinPool.commonPool-worker-0] INFO  segmented.SegmentedRaftLogWorker (SegmentedRaftLogWorker.java:close(228)) - 363f45e3-c2ed-48f5-ae19-ed94c8ce4f3d@group-E5FA969C28D8-SegmentedRaftLogWorker close()
2019-09-27 10:14:54,481 [ForkJoinPool.commonPool-worker-0] INFO  impl.RaftServerImpl (RaftServerImpl.java:lambda$shutdown$3(251)) - 363f45e3-c2ed-48f5-ae19-ed94c8ce4f3d@group-D7C7F7FA402A: shutdown
2019-09-27 10:14:54,482 [ForkJoinPool.commonPool-worker-0] INFO  util.JmxRegister (JmxRegister.java:unregister(73)) - Successfully un-registered JMX Bean with object name Ratis:service=RaftServer,group=group-D7C7F7FA402A,id=363f45e3-c2ed-48f5-ae19-ed94c8ce4f3d
2019-09-27 10:14:54,482 [ForkJoinPool.commonPool-worker-0] INFO  impl.RoleInfo (RoleInfo.java:shutdownFollowerState(121)) - 363f45e3-c2ed-48f5-ae19-ed94c8ce4f3d: shutdown FollowerState
2019-09-27 10:14:54,482 [ForkJoinPool.commonPool-worker-0] INFO  impl.StateMachineUpdater (StateMachineUpdater.java:stopAndJoin(125)) - 363f45e3-c2ed-48f5-ae19-ed94c8ce4f3d@group-D7C7F7FA402A-StateMachineUpdater: set stopIndex = 0
2019-09-27 10:14:54,483 [Thread-1911] INFO  impl.FollowerState (FollowerState.java:run(115)) - 363f45e3-c2ed-48f5-ae19-ed94c8ce4f3d: FollowerState was interrupted: java.lang.InterruptedException: sleep interrupted
2019-09-27 10:14:54,483 [ForkJoinPool.commonPool-worker-0] INFO  impl.RaftServerImpl (ServerState.java:close(385)) - 363f45e3-c2ed-48f5-ae19-ed94c8ce4f3d@group-D7C7F7FA402A: closes. applyIndex: 0
2019-09-27 10:14:54,485 [363f45e3-c2ed-48f5-ae19-ed94c8ce4f3d@group-D7C7F7FA402A-SegmentedRaftLogWorker] INFO  segmented.SegmentedRaftLogWorker (SegmentedRaftLogWorker.java:run(313)) - 363f45e3-c2ed-48f5-ae19-ed94c8ce4f3d@group-D7C7F7FA402A-SegmentedRaftLogWorker was interrupted, exiting. There are 0 tasks remaining in the queue.
2019-09-27 10:14:54,485 [ForkJoinPool.commonPool-worker-0] INFO  segmented.SegmentedRaftLogWorker (SegmentedRaftLogWorker.java:close(228)) - 363f45e3-c2ed-48f5-ae19-ed94c8ce4f3d@group-D7C7F7FA402A-SegmentedRaftLogWorker close()
2019-09-27 10:14:54,486 [main] INFO  ozoneimpl.OzoneContainer (OzoneContainer.java:stop(231)) - Attempting to stop container services.
2019-09-27 10:14:54,488 [ForkJoinPool.commonPool-worker-0] INFO  server.GrpcService (GrpcService.java:closeImpl(164)) - 363f45e3-c2ed-48f5-ae19-ed94c8ce4f3d: shutdown server with port 41409 now
2019-09-27 10:14:54,488 [main] INFO  impl.RaftServerProxy (RaftServerProxy.java:lambda$close$4(314)) - 05b4a1fe-7ad6-4f6f-a8a9-40df080e757c: close
2019-09-27 10:14:54,489 [main] INFO  impl.RaftServerImpl (RaftServerImpl.java:lambda$shutdown$3(251)) - 05b4a1fe-7ad6-4f6f-a8a9-40df080e757c@group-2E5E496E2596: shutdown
2019-09-27 10:14:54,489 [ForkJoinPool.commonPool-worker-0] INFO  server.GrpcService (GrpcService.java:closeImpl(172)) - 363f45e3-c2ed-48f5-ae19-ed94c8ce4f3d: shutdown server with port 41409 successfully
2019-09-27 10:14:54,489 [main] INFO  util.JmxRegister (JmxRegister.java:unregister(73)) - Successfully un-registered JMX Bean with object name Ratis:service=RaftServer,group=group-2E5E496E2596,id=05b4a1fe-7ad6-4f6f-a8a9-40df080e757c
2019-09-27 10:14:54,490 [main] INFO  impl.RoleInfo (RoleInfo.java:shutdownLeaderState(104)) - 05b4a1fe-7ad6-4f6f-a8a9-40df080e757c: shutdown LeaderState
2019-09-27 10:14:54,494 [org.apache.ratis.server.impl.LogAppender$AppenderDaemon$$Lambda$410/2081295318@2aa3d214] WARN  server.GrpcLogAppender (GrpcLogAppender.java:mayWait(143)) - 05b4a1fe-7ad6-4f6f-a8a9-40df080e757c@group-2E5E496E2596->d451055a-1dc8-4774-ac5e-be8b7982a836-GrpcLogAppender: Wait interrupted by java.lang.InterruptedException
2019-09-27 10:14:54,494 [org.apache.ratis.server.impl.LogAppender$AppenderDaemon$$Lambda$410/2081295318@601c32e] WARN  server.GrpcLogAppender (GrpcLogAppender.java:mayWait(143)) - 05b4a1fe-7ad6-4f6f-a8a9-40df080e757c@group-2E5E496E2596->a6c416d4-3244-4e70-92c5-63f7380a9294-GrpcLogAppender: Wait interrupted by java.lang.InterruptedException
2019-09-27 10:14:54,494 [main] INFO  impl.PendingRequests (PendingRequests.java:sendNotLeaderResponses(202)) - 05b4a1fe-7ad6-4f6f-a8a9-40df080e757c-PendingRequests: sendNotLeaderResponses
2019-09-27 10:14:54,495 [main] INFO  impl.StateMachineUpdater (StateMachineUpdater.java:stopAndJoin(125)) - 05b4a1fe-7ad6-4f6f-a8a9-40df080e757c@group-2E5E496E2596-StateMachineUpdater: set stopIndex = 0
2019-09-27 10:14:54,496 [main] INFO  impl.RaftServerImpl (ServerState.java:close(385)) - 05b4a1fe-7ad6-4f6f-a8a9-40df080e757c@group-2E5E496E2596: closes. applyIndex: 0
2019-09-27 10:14:54,497 [05b4a1fe-7ad6-4f6f-a8a9-40df080e757c@group-2E5E496E2596-SegmentedRaftLogWorker] INFO  segmented.SegmentedRaftLogWorker (SegmentedRaftLogWorker.java:run(313)) - 05b4a1fe-7ad6-4f6f-a8a9-40df080e757c@group-2E5E496E2596-SegmentedRaftLogWorker was interrupted, exiting. There are 0 tasks remaining in the queue.
2019-09-27 10:14:54,497 [main] INFO  segmented.SegmentedRaftLogWorker (SegmentedRaftLogWorker.java:close(228)) - 05b4a1fe-7ad6-4f6f-a8a9-40df080e757c@group-2E5E496E2596-SegmentedRaftLogWorker close()
2019-09-27 10:14:54,499 [main] INFO  impl.RaftServerImpl (RaftServerImpl.java:lambda$shutdown$3(251)) - 05b4a1fe-7ad6-4f6f-a8a9-40df080e757c@group-37946EAD6E9C: shutdown
2019-09-27 10:14:54,500 [main] INFO  util.JmxRegister (JmxRegister.java:unregister(73)) - Successfully un-registered JMX Bean with object name Ratis:service=RaftServer,group=group-37946EAD6E9C,id=05b4a1fe-7ad6-4f6f-a8a9-40df080e757c
2019-09-27 10:14:54,501 [refreshUsed-/workdir/hadoop-ozone/integration-test/target/test-dir/MiniOzoneClusterImpl-7309d801-f179-460c-bf8c-3619c569ab1e/datanode-0/data/containers] WARN  fs.CachingGetSpaceUsed (CachingGetSpaceUsed.java:run(183)) - Thread Interrupted waiting to refresh disk information: sleep interrupted
2019-09-27 10:14:54,501 [main] INFO  impl.RoleInfo (RoleInfo.java:shutdownLeaderState(104)) - 05b4a1fe-7ad6-4f6f-a8a9-40df080e757c: shutdown LeaderState
2019-09-27 10:14:54,502 [main] INFO  impl.PendingRequests (PendingRequests.java:sendNotLeaderResponses(202)) - 05b4a1fe-7ad6-4f6f-a8a9-40df080e757c-PendingRequests: sendNotLeaderResponses
2019-09-27 10:14:54,504 [main] INFO  impl.StateMachineUpdater (StateMachineUpdater.java:stopAndJoin(125)) - 05b4a1fe-7ad6-4f6f-a8a9-40df080e757c@group-37946EAD6E9C-StateMachineUpdater: set stopIndex = 0
2019-09-27 10:14:54,505 [main] INFO  impl.RaftServerImpl (ServerState.java:close(385)) - 05b4a1fe-7ad6-4f6f-a8a9-40df080e757c@group-37946EAD6E9C: closes. applyIndex: 0
2019-09-27 10:14:54,505 [05b4a1fe-7ad6-4f6f-a8a9-40df080e757c@group-37946EAD6E9C-SegmentedRaftLogWorker] INFO  segmented.SegmentedRaftLogWorker (SegmentedRaftLogWorker.java:run(313)) - 05b4a1fe-7ad6-4f6f-a8a9-40df080e757c@group-37946EAD6E9C-SegmentedRaftLogWorker was interrupted, exiting. There are 0 tasks remaining in the queue.
2019-09-27 10:14:54,506 [main] INFO  segmented.SegmentedRaftLogWorker (SegmentedRaftLogWorker.java:close(228)) - 05b4a1fe-7ad6-4f6f-a8a9-40df080e757c@group-37946EAD6E9C-SegmentedRaftLogWorker close()
2019-09-27 10:14:54,508 [main] INFO  server.GrpcService (GrpcService.java:closeImpl(164)) - 05b4a1fe-7ad6-4f6f-a8a9-40df080e757c: shutdown server with port 46115 now
2019-09-27 10:14:54,510 [main] INFO  server.GrpcService (GrpcService.java:closeImpl(172)) - 05b4a1fe-7ad6-4f6f-a8a9-40df080e757c: shutdown server with port 46115 successfully
2019-09-27 10:14:54,517 [refreshUsed-/workdir/hadoop-ozone/integration-test/target/test-dir/MiniOzoneClusterImpl-7309d801-f179-460c-bf8c-3619c569ab1e/datanode-9/data/containers] WARN  fs.CachingGetSpaceUsed (CachingGetSpaceUsed.java:run(183)) - Thread Interrupted waiting to refresh disk information: sleep interrupted
2019-09-27 10:14:54,528 [ForkJoinPool.commonPool-worker-0] INFO  utils.BackgroundService (BackgroundService.java:shutdown(148)) - Shutting down service BlockDeletingService
2019-09-27 10:14:54,532 [ForkJoinPool.commonPool-worker-0] INFO  statemachine.DatanodeStateMachine (DatanodeStateMachine.java:stopDaemon(395)) - Ozone container server stopped.
2019-09-27 10:14:54,537 [ForkJoinPool.commonPool-worker-0] INFO  handler.ContextHandler (ContextHandler.java:doStop(910)) - Stopped o.e.j.w.WebAppContext@623dcf2a{/,null,UNAVAILABLE}{/hddsDatanode}
2019-09-27 10:14:54,538 [ForkJoinPool.commonPool-worker-0] INFO  server.AbstractConnector (AbstractConnector.java:doStop(318)) - Stopped ServerConnector@2eae4349{HTTP/1.1,[http/1.1]}{0.0.0.0:0}
2019-09-27 10:14:54,539 [ForkJoinPool.commonPool-worker-0] INFO  handler.ContextHandler (ContextHandler.java:doStop(910)) - Stopped o.e.j.s.ServletContextHandler@9596ce8{/static,jar:file:/home/user/.m2/repository/org/apache/hadoop/hadoop-hdds-container-service/0.5.0-SNAPSHOT/hadoop-hdds-container-service-0.5.0-SNAPSHOT.jar!/webapps/static,UNAVAILABLE}
2019-09-27 10:14:54,541 [ForkJoinPool.commonPool-worker-0] INFO  handler.ContextHandler (ContextHandler.java:doStop(910)) - Stopped o.e.j.s.ServletContextHandler@26f46fa6{/logs,file:///workdir/hadoop-ozone/integration-test/target/log,UNAVAILABLE}
2019-09-27 10:14:54,550 [main] INFO  utils.BackgroundService (BackgroundService.java:shutdown(148)) - Shutting down service BlockDeletingService
2019-09-27 10:14:54,554 [main] INFO  statemachine.DatanodeStateMachine (DatanodeStateMachine.java:stopDaemon(395)) - Ozone container server stopped.
2019-09-27 10:14:54,555 [main] INFO  handler.ContextHandler (ContextHandler.java:doStop(910)) - Stopped o.e.j.w.WebAppContext@4527f70a{/,null,UNAVAILABLE}{/hddsDatanode}
2019-09-27 10:14:54,556 [main] INFO  server.AbstractConnector (AbstractConnector.java:doStop(318)) - Stopped ServerConnector@707b1a44{HTTP/1.1,[http/1.1]}{0.0.0.0:0}
2019-09-27 10:14:54,557 [main] INFO  handler.ContextHandler (ContextHandler.java:doStop(910)) - Stopped o.e.j.s.ServletContextHandler@4a2929a4{/static,jar:file:/home/user/.m2/repository/org/apache/hadoop/hadoop-hdds-container-service/0.5.0-SNAPSHOT/hadoop-hdds-container-service-0.5.0-SNAPSHOT.jar!/webapps/static,UNAVAILABLE}
2019-09-27 10:14:54,557 [main] INFO  handler.ContextHandler (ContextHandler.java:doStop(910)) - Stopped o.e.j.s.ServletContextHandler@446626a7{/logs,file:///workdir/hadoop-ozone/integration-test/target/log,UNAVAILABLE}
2019-09-27 10:14:54,786 [grpc-default-executor-5] WARN  server.GrpcLogAppender (LogUtils.java:warn(134)) - ca2cbff0-14e3-4cd0-83a1-6556e5af9ad7@group-0E6FB7C5B51C->6538e5ea-9fbc-4e7b-b1f8-bd637acac874-AppendLogResponseHandler: Failed appendEntries: org.apache.ratis.thirdparty.io.grpc.StatusRuntimeException: UNAVAILABLE: io exception
2019-09-27 10:14:54,787 [grpc-default-executor-5] INFO  impl.FollowerInfo (FollowerInfo.java:lambda$new$0(51)) - ca2cbff0-14e3-4cd0-83a1-6556e5af9ad7@group-0E6FB7C5B51C->6538e5ea-9fbc-4e7b-b1f8-bd637acac874: nextIndex: updateUnconditionally 0 -> 0
2019-09-27 10:14:55,245 [Datanode State Machine Thread - 0] INFO  statemachine.DatanodeStateMachine (DatanodeStateMachine.java:lambda$startDaemon$0(350)) - Ozone container server started.
2019-09-27 10:14:55,287 [grpc-default-executor-0] WARN  server.GrpcLogAppender (LogUtils.java:warn(134)) - ca2cbff0-14e3-4cd0-83a1-6556e5af9ad7@group-0E6FB7C5B51C->6538e5ea-9fbc-4e7b-b1f8-bd637acac874-AppendLogResponseHandler: Failed appendEntries: org.apache.ratis.thirdparty.io.grpc.StatusRuntimeException: UNAVAILABLE: io exception
2019-09-27 10:14:55,288 [grpc-default-executor-0] INFO  impl.FollowerInfo (FollowerInfo.java:lambda$new$0(51)) - ca2cbff0-14e3-4cd0-83a1-6556e5af9ad7@group-0E6FB7C5B51C->6538e5ea-9fbc-4e7b-b1f8-bd637acac874: nextIndex: updateUnconditionally 0 -> 0
2019-09-27 10:14:55,348 [Datanode State Machine Thread - 0] INFO  statemachine.DatanodeStateMachine (DatanodeStateMachine.java:lambda$startDaemon$0(350)) - Ozone container server started.
2019-09-27 10:14:55,789 [grpc-default-executor-5] WARN  server.GrpcLogAppender (LogUtils.java:warn(134)) - ca2cbff0-14e3-4cd0-83a1-6556e5af9ad7@group-0E6FB7C5B51C->6538e5ea-9fbc-4e7b-b1f8-bd637acac874-AppendLogResponseHandler: Failed appendEntries: org.apache.ratis.thirdparty.io.grpc.StatusRuntimeException: UNAVAILABLE: io exception
2019-09-27 10:14:55,789 [grpc-default-executor-5] INFO  impl.FollowerInfo (FollowerInfo.java:lambda$new$0(51)) - ca2cbff0-14e3-4cd0-83a1-6556e5af9ad7@group-0E6FB7C5B51C->6538e5ea-9fbc-4e7b-b1f8-bd637acac874: nextIndex: updateUnconditionally 0 -> 0
2019-09-27 10:14:56,290 [grpc-default-executor-3] WARN  server.GrpcLogAppender (LogUtils.java:warn(134)) - ca2cbff0-14e3-4cd0-83a1-6556e5af9ad7@group-0E6FB7C5B51C->6538e5ea-9fbc-4e7b-b1f8-bd637acac874-AppendLogResponseHandler: Failed appendEntries: org.apache.ratis.thirdparty.io.grpc.StatusRuntimeException: UNAVAILABLE: io exception
2019-09-27 10:14:56,291 [grpc-default-executor-3] INFO  impl.FollowerInfo (FollowerInfo.java:lambda$new$0(51)) - ca2cbff0-14e3-4cd0-83a1-6556e5af9ad7@group-0E6FB7C5B51C->6538e5ea-9fbc-4e7b-b1f8-bd637acac874: nextIndex: updateUnconditionally 0 -> 0
2019-09-27 10:14:56,791 [grpc-default-executor-3] WARN  server.GrpcLogAppender (LogUtils.java:warn(134)) - ca2cbff0-14e3-4cd0-83a1-6556e5af9ad7@group-0E6FB7C5B51C->6538e5ea-9fbc-4e7b-b1f8-bd637acac874-AppendLogResponseHandler: Failed appendEntries: org.apache.ratis.thirdparty.io.grpc.StatusRuntimeException: UNAVAILABLE: io exception
2019-09-27 10:14:56,791 [grpc-default-executor-3] INFO  impl.FollowerInfo (FollowerInfo.java:lambda$new$0(51)) - ca2cbff0-14e3-4cd0-83a1-6556e5af9ad7@group-0E6FB7C5B51C->6538e5ea-9fbc-4e7b-b1f8-bd637acac874: nextIndex: updateUnconditionally 0 -> 0
2019-09-27 10:14:57,292 [grpc-default-executor-5] WARN  server.GrpcLogAppender (LogUtils.java:warn(134)) - ca2cbff0-14e3-4cd0-83a1-6556e5af9ad7@group-0E6FB7C5B51C->6538e5ea-9fbc-4e7b-b1f8-bd637acac874-AppendLogResponseHandler: Failed appendEntries: org.apache.ratis.thirdparty.io.grpc.StatusRuntimeException: UNAVAILABLE: io exception
2019-09-27 10:14:57,292 [grpc-default-executor-5] INFO  impl.FollowerInfo (FollowerInfo.java:lambda$new$0(51)) - ca2cbff0-14e3-4cd0-83a1-6556e5af9ad7@group-0E6FB7C5B51C->6538e5ea-9fbc-4e7b-b1f8-bd637acac874: nextIndex: updateUnconditionally 0 -> 0
2019-09-27 10:14:57,793 [grpc-default-executor-0] WARN  server.GrpcLogAppender (LogUtils.java:warn(134)) - ca2cbff0-14e3-4cd0-83a1-6556e5af9ad7@group-0E6FB7C5B51C->6538e5ea-9fbc-4e7b-b1f8-bd637acac874-AppendLogResponseHandler: Failed appendEntries: org.apache.ratis.thirdparty.io.grpc.StatusRuntimeException: UNAVAILABLE: io exception
2019-09-27 10:14:57,794 [grpc-default-executor-0] INFO  impl.FollowerInfo (FollowerInfo.java:lambda$new$0(51)) - ca2cbff0-14e3-4cd0-83a1-6556e5af9ad7@group-0E6FB7C5B51C->6538e5ea-9fbc-4e7b-b1f8-bd637acac874: nextIndex: updateUnconditionally 0 -> 0
2019-09-27 10:14:58,295 [grpc-default-executor-3] WARN  server.GrpcLogAppender (LogUtils.java:warn(134)) - ca2cbff0-14e3-4cd0-83a1-6556e5af9ad7@group-0E6FB7C5B51C->6538e5ea-9fbc-4e7b-b1f8-bd637acac874-AppendLogResponseHandler: Failed appendEntries: org.apache.ratis.thirdparty.io.grpc.StatusRuntimeException: UNAVAILABLE: io exception
2019-09-27 10:14:58,295 [grpc-default-executor-3] INFO  impl.FollowerInfo (FollowerInfo.java:lambda$new$0(51)) - ca2cbff0-14e3-4cd0-83a1-6556e5af9ad7@group-0E6FB7C5B51C->6538e5ea-9fbc-4e7b-b1f8-bd637acac874: nextIndex: updateUnconditionally 0 -> 0
2019-09-27 10:14:58,796 [grpc-default-executor-3] WARN  server.GrpcLogAppender (LogUtils.java:warn(134)) - ca2cbff0-14e3-4cd0-83a1-6556e5af9ad7@group-0E6FB7C5B51C->6538e5ea-9fbc-4e7b-b1f8-bd637acac874-AppendLogResponseHandler: Failed appendEntries: org.apache.ratis.thirdparty.io.grpc.StatusRuntimeException: UNAVAILABLE: io exception
2019-09-27 10:14:58,796 [grpc-default-executor-3] INFO  impl.FollowerInfo (FollowerInfo.java:lambda$new$0(51)) - ca2cbff0-14e3-4cd0-83a1-6556e5af9ad7@group-0E6FB7C5B51C->6538e5ea-9fbc-4e7b-b1f8-bd637acac874: nextIndex: updateUnconditionally 0 -> 0
2019-09-27 10:14:59,297 [grpc-default-executor-3] WARN  server.GrpcLogAppender (LogUtils.java:warn(134)) - ca2cbff0-14e3-4cd0-83a1-6556e5af9ad7@group-0E6FB7C5B51C->6538e5ea-9fbc-4e7b-b1f8-bd637acac874-AppendLogResponseHandler: Failed appendEntries: org.apache.ratis.thirdparty.io.grpc.StatusRuntimeException: UNAVAILABLE: io exception
2019-09-27 10:14:59,297 [grpc-default-executor-3] INFO  impl.FollowerInfo (FollowerInfo.java:lambda$new$0(51)) - ca2cbff0-14e3-4cd0-83a1-6556e5af9ad7@group-0E6FB7C5B51C->6538e5ea-9fbc-4e7b-b1f8-bd637acac874: nextIndex: updateUnconditionally 0 -> 0
2019-09-27 10:14:59,543 [ForkJoinPool.commonPool-worker-0] INFO  ozoneimpl.OzoneContainer (OzoneContainer.java:stop(231)) - Attempting to stop container services.
2019-09-27 10:14:59,543 [ForkJoinPool.commonPool-worker-0] INFO  impl.RaftServerProxy (RaftServerProxy.java:lambda$close$4(314)) - ca2cbff0-14e3-4cd0-83a1-6556e5af9ad7: close
2019-09-27 10:14:59,544 [ForkJoinPool.commonPool-worker-0] INFO  impl.RaftServerImpl (RaftServerImpl.java:lambda$shutdown$3(251)) - ca2cbff0-14e3-4cd0-83a1-6556e5af9ad7@group-0E6FB7C5B51C: shutdown
2019-09-27 10:14:59,544 [ForkJoinPool.commonPool-worker-0] INFO  util.JmxRegister (JmxRegister.java:unregister(73)) - Successfully un-registered JMX Bean with object name Ratis:service=RaftServer,group=group-0E6FB7C5B51C,id=ca2cbff0-14e3-4cd0-83a1-6556e5af9ad7
2019-09-27 10:14:59,544 [ForkJoinPool.commonPool-worker-0] INFO  impl.RoleInfo (RoleInfo.java:shutdownLeaderState(104)) - ca2cbff0-14e3-4cd0-83a1-6556e5af9ad7: shutdown LeaderState
2019-09-27 10:14:59,547 [org.apache.ratis.server.impl.LogAppender$AppenderDaemon$$Lambda$410/2081295318@4cb9d362] WARN  server.GrpcLogAppender (GrpcLogAppender.java:mayWait(143)) - ca2cbff0-14e3-4cd0-83a1-6556e5af9ad7@group-0E6FB7C5B51C->6538e5ea-9fbc-4e7b-b1f8-bd637acac874-GrpcLogAppender: Wait interrupted by java.lang.InterruptedException
2019-09-27 10:14:59,547 [org.apache.ratis.server.impl.LogAppender$AppenderDaemon$$Lambda$410/2081295318@5174cb3e] WARN  server.GrpcLogAppender (GrpcLogAppender.java:mayWait(143)) - ca2cbff0-14e3-4cd0-83a1-6556e5af9ad7@group-0E6FB7C5B51C->c0b96085-d2d8-445e-bc85-808a6dba9cdf-GrpcLogAppender: Wait interrupted by java.lang.InterruptedException
2019-09-27 10:14:59,547 [ForkJoinPool.commonPool-worker-0] INFO  impl.PendingRequests (PendingRequests.java:sendNotLeaderResponses(202)) - ca2cbff0-14e3-4cd0-83a1-6556e5af9ad7-PendingRequests: sendNotLeaderResponses
2019-09-27 10:14:59,548 [ForkJoinPool.commonPool-worker-0] INFO  impl.StateMachineUpdater (StateMachineUpdater.java:stopAndJoin(125)) - ca2cbff0-14e3-4cd0-83a1-6556e5af9ad7@group-0E6FB7C5B51C-StateMachineUpdater: set stopIndex = 0
2019-09-27 10:14:59,548 [grpc-default-executor-3] INFO  server.GrpcServerProtocolService (GrpcServerProtocolService.java:onCompleted(113)) - c0b96085-d2d8-445e-bc85-808a6dba9cdf: Completed APPEND_ENTRIES, lastRequest: ca2cbff0-14e3-4cd0-83a1-6556e5af9ad7->c0b96085-d2d8-445e-bc85-808a6dba9cdf#264-t2, previous=(t:2, i:0), leaderCommit=0, initializing? false, entries: <empty>
2019-09-27 10:14:59,548 [ForkJoinPool.commonPool-worker-0] INFO  impl.RaftServerImpl (ServerState.java:close(385)) - ca2cbff0-14e3-4cd0-83a1-6556e5af9ad7@group-0E6FB7C5B51C: closes. applyIndex: 0
2019-09-27 10:14:59,549 [ca2cbff0-14e3-4cd0-83a1-6556e5af9ad7@group-0E6FB7C5B51C-SegmentedRaftLogWorker] INFO  segmented.SegmentedRaftLogWorker (SegmentedRaftLogWorker.java:run(313)) - ca2cbff0-14e3-4cd0-83a1-6556e5af9ad7@group-0E6FB7C5B51C-SegmentedRaftLogWorker was interrupted, exiting. There are 0 tasks remaining in the queue.
2019-09-27 10:14:59,549 [grpc-default-executor-3] INFO  server.GrpcLogAppender (GrpcLogAppender.java:onCompleted(293)) - ca2cbff0-14e3-4cd0-83a1-6556e5af9ad7@group-0E6FB7C5B51C->c0b96085-d2d8-445e-bc85-808a6dba9cdf-AppendLogResponseHandler: follower responses appendEntries COMPLETED
2019-09-27 10:14:59,549 [ForkJoinPool.commonPool-worker-0] INFO  segmented.SegmentedRaftLogWorker (SegmentedRaftLogWorker.java:close(228)) - ca2cbff0-14e3-4cd0-83a1-6556e5af9ad7@group-0E6FB7C5B51C-SegmentedRaftLogWorker close()
2019-09-27 10:14:59,550 [grpc-default-executor-3] INFO  impl.FollowerInfo (FollowerInfo.java:lambda$new$0(51)) - ca2cbff0-14e3-4cd0-83a1-6556e5af9ad7@group-0E6FB7C5B51C->c0b96085-d2d8-445e-bc85-808a6dba9cdf: nextIndex: updateUnconditionally 1 -> 0
2019-09-27 10:14:59,551 [ForkJoinPool.commonPool-worker-0] INFO  impl.RaftServerImpl (RaftServerImpl.java:lambda$shutdown$3(251)) - ca2cbff0-14e3-4cd0-83a1-6556e5af9ad7@group-809D3E6DB6C8: shutdown
2019-09-27 10:14:59,551 [ForkJoinPool.commonPool-worker-0] INFO  util.JmxRegister (JmxRegister.java:unregister(73)) - Successfully un-registered JMX Bean with object name Ratis:service=RaftServer,group=group-809D3E6DB6C8,id=ca2cbff0-14e3-4cd0-83a1-6556e5af9ad7
2019-09-27 10:14:59,552 [ForkJoinPool.commonPool-worker-0] INFO  impl.RoleInfo (RoleInfo.java:shutdownLeaderState(104)) - ca2cbff0-14e3-4cd0-83a1-6556e5af9ad7: shutdown LeaderState
2019-09-27 10:14:59,552 [ForkJoinPool.commonPool-worker-0] INFO  impl.PendingRequests (PendingRequests.java:sendNotLeaderResponses(202)) - ca2cbff0-14e3-4cd0-83a1-6556e5af9ad7-PendingRequests: sendNotLeaderResponses
2019-09-27 10:14:59,552 [ForkJoinPool.commonPool-worker-0] INFO  impl.StateMachineUpdater (StateMachineUpdater.java:stopAndJoin(125)) - ca2cbff0-14e3-4cd0-83a1-6556e5af9ad7@group-809D3E6DB6C8-StateMachineUpdater: set stopIndex = 0
2019-09-27 10:14:59,553 [ForkJoinPool.commonPool-worker-0] INFO  impl.RaftServerImpl (ServerState.java:close(385)) - ca2cbff0-14e3-4cd0-83a1-6556e5af9ad7@group-809D3E6DB6C8: closes. applyIndex: 0
2019-09-27 10:14:59,553 [ca2cbff0-14e3-4cd0-83a1-6556e5af9ad7@group-809D3E6DB6C8-SegmentedRaftLogWorker] INFO  segmented.SegmentedRaftLogWorker (SegmentedRaftLogWorker.java:run(313)) - ca2cbff0-14e3-4cd0-83a1-6556e5af9ad7@group-809D3E6DB6C8-SegmentedRaftLogWorker was interrupted, exiting. There are 0 tasks remaining in the queue.
2019-09-27 10:14:59,559 [main] INFO  ozoneimpl.OzoneContainer (OzoneContainer.java:stop(231)) - Attempting to stop container services.
2019-09-27 10:14:59,559 [main] INFO  impl.RaftServerProxy (RaftServerProxy.java:lambda$close$4(314)) - c0b96085-d2d8-445e-bc85-808a6dba9cdf: close
2019-09-27 10:14:59,560 [main] INFO  impl.RaftServerImpl (RaftServerImpl.java:lambda$shutdown$3(251)) - c0b96085-d2d8-445e-bc85-808a6dba9cdf@group-FA64C25DCF64: shutdown
2019-09-27 10:14:59,560 [main] INFO  util.JmxRegister (JmxRegister.java:unregister(73)) - Successfully un-registered JMX Bean with object name Ratis:service=RaftServer,group=group-FA64C25DCF64,id=c0b96085-d2d8-445e-bc85-808a6dba9cdf
2019-09-27 10:14:59,561 [main] INFO  impl.RoleInfo (RoleInfo.java:shutdownLeaderState(104)) - c0b96085-d2d8-445e-bc85-808a6dba9cdf: shutdown LeaderState
2019-09-27 10:14:59,561 [main] INFO  impl.PendingRequests (PendingRequests.java:sendNotLeaderResponses(202)) - c0b96085-d2d8-445e-bc85-808a6dba9cdf-PendingRequests: sendNotLeaderResponses
2019-09-27 10:14:59,561 [main] INFO  impl.StateMachineUpdater (StateMachineUpdater.java:stopAndJoin(125)) - c0b96085-d2d8-445e-bc85-808a6dba9cdf@group-FA64C25DCF64-StateMachineUpdater: set stopIndex = 0
2019-09-27 10:14:59,562 [main] INFO  impl.RaftServerImpl (ServerState.java:close(385)) - c0b96085-d2d8-445e-bc85-808a6dba9cdf@group-FA64C25DCF64: closes. applyIndex: 0
2019-09-27 10:14:59,562 [c0b96085-d2d8-445e-bc85-808a6dba9cdf@group-FA64C25DCF64-SegmentedRaftLogWorker] INFO  segmented.SegmentedRaftLogWorker (SegmentedRaftLogWorker.java:run(313)) - c0b96085-d2d8-445e-bc85-808a6dba9cdf@group-FA64C25DCF64-SegmentedRaftLogWorker was interrupted, exiting. There are 0 tasks remaining in the queue.
2019-09-27 10:14:59,563 [ForkJoinPool.commonPool-worker-0] INFO  segmented.SegmentedRaftLogWorker (SegmentedRaftLogWorker.java:close(228)) - ca2cbff0-14e3-4cd0-83a1-6556e5af9ad7@group-809D3E6DB6C8-SegmentedRaftLogWorker close()
2019-09-27 10:14:59,563 [main] INFO  segmented.SegmentedRaftLogWorker (SegmentedRaftLogWorker.java:close(228)) - c0b96085-d2d8-445e-bc85-808a6dba9cdf@group-FA64C25DCF64-SegmentedRaftLogWorker close()
2019-09-27 10:14:59,564 [ForkJoinPool.commonPool-worker-0] INFO  server.GrpcService (GrpcService.java:closeImpl(164)) - ca2cbff0-14e3-4cd0-83a1-6556e5af9ad7: shutdown server with port 39799 now
2019-09-27 10:14:59,566 [main] INFO  impl.RaftServerImpl (RaftServerImpl.java:lambda$shutdown$3(251)) - c0b96085-d2d8-445e-bc85-808a6dba9cdf@group-0E6FB7C5B51C: shutdown
2019-09-27 10:14:59,566 [main] INFO  util.JmxRegister (JmxRegister.java:unregister(73)) - Successfully un-registered JMX Bean with object name Ratis:service=RaftServer,group=group-0E6FB7C5B51C,id=c0b96085-d2d8-445e-bc85-808a6dba9cdf
2019-09-27 10:14:59,566 [ForkJoinPool.commonPool-worker-0] INFO  server.GrpcService (GrpcService.java:closeImpl(172)) - ca2cbff0-14e3-4cd0-83a1-6556e5af9ad7: shutdown server with port 39799 successfully
2019-09-27 10:14:59,567 [main] INFO  impl.RoleInfo (RoleInfo.java:shutdownFollowerState(121)) - c0b96085-d2d8-445e-bc85-808a6dba9cdf: shutdown FollowerState
2019-09-27 10:14:59,568 [main] INFO  impl.StateMachineUpdater (StateMachineUpdater.java:stopAndJoin(125)) - c0b96085-d2d8-445e-bc85-808a6dba9cdf@group-0E6FB7C5B51C-StateMachineUpdater: set stopIndex = 0
2019-09-27 10:14:59,568 [Thread-406] INFO  impl.FollowerState (FollowerState.java:run(115)) - c0b96085-d2d8-445e-bc85-808a6dba9cdf: FollowerState was interrupted: java.lang.InterruptedException: sleep interrupted
2019-09-27 10:14:59,568 [main] INFO  impl.RaftServerImpl (ServerState.java:close(385)) - c0b96085-d2d8-445e-bc85-808a6dba9cdf@group-0E6FB7C5B51C: closes. applyIndex: 0
2019-09-27 10:14:59,570 [c0b96085-d2d8-445e-bc85-808a6dba9cdf@group-0E6FB7C5B51C-SegmentedRaftLogWorker] INFO  segmented.SegmentedRaftLogWorker (SegmentedRaftLogWorker.java:run(313)) - c0b96085-d2d8-445e-bc85-808a6dba9cdf@group-0E6FB7C5B51C-SegmentedRaftLogWorker was interrupted, exiting. There are 0 tasks remaining in the queue.
2019-09-27 10:14:59,570 [main] INFO  segmented.SegmentedRaftLogWorker (SegmentedRaftLogWorker.java:close(228)) - c0b96085-d2d8-445e-bc85-808a6dba9cdf@group-0E6FB7C5B51C-SegmentedRaftLogWorker close()
2019-09-27 10:14:59,571 [refreshUsed-/workdir/hadoop-ozone/integration-test/target/test-dir/MiniOzoneClusterImpl-7309d801-f179-460c-bf8c-3619c569ab1e/datanode-1/data/containers] WARN  fs.CachingGetSpaceUsed (CachingGetSpaceUsed.java:run(183)) - Thread Interrupted waiting to refresh disk information: sleep interrupted
2019-09-27 10:14:59,572 [main] INFO  server.GrpcService (GrpcService.java:closeImpl(164)) - c0b96085-d2d8-445e-bc85-808a6dba9cdf: shutdown server with port 35883 now
2019-09-27 10:14:59,573 [main] INFO  server.GrpcService (GrpcService.java:closeImpl(172)) - c0b96085-d2d8-445e-bc85-808a6dba9cdf: shutdown server with port 35883 successfully
2019-09-27 10:14:59,582 [refreshUsed-/workdir/hadoop-ozone/integration-test/target/test-dir/MiniOzoneClusterImpl-7309d801-f179-460c-bf8c-3619c569ab1e/datanode-7/data/containers] WARN  fs.CachingGetSpaceUsed (CachingGetSpaceUsed.java:run(183)) - Thread Interrupted waiting to refresh disk information: sleep interrupted
2019-09-27 10:14:59,591 [ForkJoinPool.commonPool-worker-0] INFO  utils.BackgroundService (BackgroundService.java:shutdown(148)) - Shutting down service BlockDeletingService
2019-09-27 10:14:59,594 [ForkJoinPool.commonPool-worker-0] INFO  statemachine.DatanodeStateMachine (DatanodeStateMachine.java:stopDaemon(395)) - Ozone container server stopped.
2019-09-27 10:14:59,598 [main] INFO  utils.BackgroundService (BackgroundService.java:shutdown(148)) - Shutting down service BlockDeletingService
2019-09-27 10:14:59,598 [ForkJoinPool.commonPool-worker-0] INFO  handler.ContextHandler (ContextHandler.java:doStop(910)) - Stopped o.e.j.w.WebAppContext@62dbe64e{/,null,UNAVAILABLE}{/hddsDatanode}
2019-09-27 10:14:59,601 [main] INFO  statemachine.DatanodeStateMachine (DatanodeStateMachine.java:stopDaemon(395)) - Ozone container server stopped.
2019-09-27 10:14:59,601 [ForkJoinPool.commonPool-worker-0] INFO  server.AbstractConnector (AbstractConnector.java:doStop(318)) - Stopped ServerConnector@6cff61fc{HTTP/1.1,[http/1.1]}{0.0.0.0:0}
2019-09-27 10:14:59,603 [ForkJoinPool.commonPool-worker-0] INFO  handler.ContextHandler (ContextHandler.java:doStop(910)) - Stopped o.e.j.s.ServletContextHandler@4f0f7849{/static,jar:file:/home/user/.m2/repository/org/apache/hadoop/hadoop-hdds-container-service/0.5.0-SNAPSHOT/hadoop-hdds-container-service-0.5.0-SNAPSHOT.jar!/webapps/static,UNAVAILABLE}
2019-09-27 10:14:59,603 [main] INFO  handler.ContextHandler (ContextHandler.java:doStop(910)) - Stopped o.e.j.w.WebAppContext@7c847072{/,null,UNAVAILABLE}{/hddsDatanode}
2019-09-27 10:14:59,604 [ForkJoinPool.commonPool-worker-0] INFO  handler.ContextHandler (ContextHandler.java:doStop(910)) - Stopped o.e.j.s.ServletContextHandler@3ed7821{/logs,file:///workdir/hadoop-ozone/integration-test/target/log,UNAVAILABLE}
2019-09-27 10:14:59,605 [main] INFO  server.AbstractConnector (AbstractConnector.java:doStop(318)) - Stopped ServerConnector@43d9f1a2{HTTP/1.1,[http/1.1]}{0.0.0.0:0}
2019-09-27 10:14:59,605 [main] INFO  handler.ContextHandler (ContextHandler.java:doStop(910)) - Stopped o.e.j.s.ServletContextHandler@6e7c351d{/static,jar:file:/home/user/.m2/repository/org/apache/hadoop/hadoop-hdds-container-service/0.5.0-SNAPSHOT/hadoop-hdds-container-service-0.5.0-SNAPSHOT.jar!/webapps/static,UNAVAILABLE}
2019-09-27 10:14:59,606 [main] INFO  handler.ContextHandler (ContextHandler.java:doStop(910)) - Stopped o.e.j.s.ServletContextHandler@6ada9c0c{/logs,file:///workdir/hadoop-ozone/integration-test/target/log,UNAVAILABLE}
2019-09-27 10:14:59,606 [main] INFO  ozone.MiniOzoneClusterImpl (MiniOzoneClusterImpl.java:stopSCM(392)) - Stopping the StorageContainerManager
2019-09-27 10:14:59,607 [main] INFO  server.StorageContainerManager (StorageContainerManager.java:stop(808)) - Stopping Replication Manager Service.
2019-09-27 10:14:59,607 [main] INFO  container.ReplicationManager (ReplicationManager.java:stop(203)) - Stopping Replication Monitor Thread.
2019-09-27 10:14:59,607 [main] INFO  server.StorageContainerManager (StorageContainerManager.java:stop(815)) - Stopping Lease Manager of the command watchers
2019-09-27 10:14:59,607 [main] INFO  server.StorageContainerManager (StorageContainerManager.java:stop(822)) - Stopping datanode service RPC server
2019-09-27 10:14:59,607 [main] INFO  server.SCMDatanodeProtocolServer (SCMDatanodeProtocolServer.java:stop(367)) - Stopping the RPC server for DataNodes
2019-09-27 10:14:59,608 [main] INFO  ipc.Server (Server.java:stop(3082)) - Stopping server on 37950
2019-09-27 10:14:59,608 [IPC Server listener on 37950] INFO  ipc.Server (Server.java:run(1185)) - Stopping IPC Server listener on 37950
2019-09-27 10:14:59,609 [IPC Server Responder] INFO  ipc.Server (Server.java:run(1319)) - Stopping IPC Server Responder
2019-09-27 10:14:59,666 [SCM Heartbeat Processing Thread - 0] WARN  node.NodeStateManager (NodeStateManager.java:scheduleNextHealthCheck(646)) - Current Thread is interrupted, shutting down HB processing thread for Node Manager.
2019-09-27 10:14:59,666 [main] INFO  server.StorageContainerManager (StorageContainerManager.java:stop(830)) - Stopping block service RPC server
2019-09-27 10:14:59,667 [main] INFO  server.SCMBlockProtocolServer (SCMBlockProtocolServer.java:stop(155)) - Stopping the RPC server for Block Protocol
2019-09-27 10:14:59,667 [main] INFO  ipc.Server (Server.java:stop(3082)) - Stopping server on 39610
2019-09-27 10:14:59,669 [IPC Server listener on 39610] INFO  ipc.Server (Server.java:run(1185)) - Stopping IPC Server listener on 39610
2019-09-27 10:14:59,669 [main] INFO  server.StorageContainerManager (StorageContainerManager.java:stop(837)) - Stopping the StorageContainerLocationProtocol RPC server
2019-09-27 10:14:59,669 [IPC Server Responder] INFO  ipc.Server (Server.java:run(1319)) - Stopping IPC Server Responder
2019-09-27 10:14:59,670 [main] INFO  server.SCMClientProtocolServer (SCMClientProtocolServer.java:stop(159)) - Stopping the RPC server for Client Protocol
2019-09-27 10:14:59,670 [main] INFO  ipc.Server (Server.java:stop(3082)) - Stopping server on 40902
2019-09-27 10:14:59,673 [main] INFO  server.StorageContainerManager (StorageContainerManager.java:stop(844)) - Stopping Storage Container Manager HTTP server.
2019-09-27 10:14:59,673 [IPC Server listener on 40902] INFO  ipc.Server (Server.java:run(1185)) - Stopping IPC Server listener on 40902
2019-09-27 10:14:59,673 [IPC Server Responder] INFO  ipc.Server (Server.java:run(1319)) - Stopping IPC Server Responder
2019-09-27 10:14:59,674 [main] INFO  handler.ContextHandler (ContextHandler.java:doStop(910)) - Stopped o.e.j.w.WebAppContext@660e9100{/,null,UNAVAILABLE}{/scm}
2019-09-27 10:14:59,675 [main] INFO  server.AbstractConnector (AbstractConnector.java:doStop(318)) - Stopped ServerConnector@5aabbb29{HTTP/1.1,[http/1.1]}{0.0.0.0:0}
2019-09-27 10:14:59,675 [main] INFO  handler.ContextHandler (ContextHandler.java:doStop(910)) - Stopped o.e.j.s.ServletContextHandler@1d131e1b{/static,file:///workdir/hadoop-ozone/integration-test/target/test-classes/webapps/static,UNAVAILABLE}
2019-09-27 10:14:59,676 [main] INFO  handler.ContextHandler (ContextHandler.java:doStop(910)) - Stopped o.e.j.s.ServletContextHandler@2f17e30d{/logs,file:///workdir/hadoop-ozone/integration-test/target/log,UNAVAILABLE}
2019-09-27 10:14:59,677 [main] INFO  server.StorageContainerManager (StorageContainerManager.java:stop(855)) - Stopping Block Manager Service.
2019-09-27 10:14:59,677 [main] INFO  utils.BackgroundService (BackgroundService.java:shutdown(148)) - Shutting down service SCMBlockDeletingService
2019-09-27 10:14:59,677 [main] INFO  utils.BackgroundService (BackgroundService.java:shutdown(148)) - Shutting down service SCMBlockDeletingService
2019-09-27 10:14:59,678 [main] INFO  server.StorageContainerManager (StorageContainerManager.java:stop(877)) - Stopping SCM Event Queue.
2019-09-27 10:14:59,685 [main] INFO  impl.MetricsSystemImpl (MetricsSystemImpl.java:stop(210)) - Stopping ratis metrics system...
2019-09-27 10:14:59,696 [prometheus] INFO  impl.MetricsSinkAdapter (MetricsSinkAdapter.java:publishMetricsFromQueue(141)) - prometheus thread interrupted.
2019-09-27 10:14:59,696 [main] INFO  impl.MetricsSystemImpl (MetricsSystemImpl.java:stop(216)) - ratis metrics system stopped.
]]></system-out>
    <system-err><![CDATA[ERROR StatusLogger No Log4j 2 configuration file found. Using default configuration (logging only errors to the console), or user programmatically provided configurations. Set system property 'log4j2.debug' to show Log4j 2 internal initialization logging. See https://logging.apache.org/log4j/2.x/manual/configuration.html for instructions on how to configure Log4j 2
Sep 27, 2019 10:14:39 AM org.apache.ratis.thirdparty.io.grpc.internal.SerializingExecutor run
SEVERE: Exception while executing runnable org.apache.ratis.thirdparty.io.grpc.internal.ServerImpl$JumpToApplicationThreadServerStreamListener$1Closed@5a38544d
org.apache.ratis.thirdparty.io.grpc.StatusRuntimeException: CANCELLED: call already cancelled
	at org.apache.ratis.thirdparty.io.grpc.Status.asRuntimeException(Status.java:517)
	at org.apache.ratis.thirdparty.io.grpc.stub.ServerCalls$ServerCallStreamObserverImpl.onCompleted(ServerCalls.java:356)
	at org.apache.ratis.grpc.server.GrpcServerProtocolService$ServerRequestStreamObserver.onError(GrpcServerProtocolService.java:121)
	at org.apache.ratis.thirdparty.io.grpc.stub.ServerCalls$StreamingServerCallHandler$StreamingServerCallListener.onCancel(ServerCalls.java:269)
	at org.apache.ratis.thirdparty.io.grpc.internal.ServerCallImpl$ServerStreamListenerImpl.closed(ServerCallImpl.java:293)
	at org.apache.ratis.thirdparty.io.grpc.internal.ServerImpl$JumpToApplicationThreadServerStreamListener$1Closed.runInContext(ServerImpl.java:741)
	at org.apache.ratis.thirdparty.io.grpc.internal.ContextRunnable.run(ContextRunnable.java:37)
	at org.apache.ratis.thirdparty.io.grpc.internal.SerializingExecutor.run(SerializingExecutor.java:123)
	at java.util.concurrent.ThreadPoolExecutor.runWorker(ThreadPoolExecutor.java:1149)
	at java.util.concurrent.ThreadPoolExecutor$Worker.run(ThreadPoolExecutor.java:624)
	at java.lang.Thread.run(Thread.java:748)

Sep 27, 2019 10:14:39 AM org.apache.ratis.thirdparty.io.grpc.internal.SerializingExecutor run
SEVERE: Exception while executing runnable org.apache.ratis.thirdparty.io.grpc.internal.ServerImpl$JumpToApplicationThreadServerStreamListener$1Closed@140b47cd
org.apache.ratis.thirdparty.io.grpc.StatusRuntimeException: CANCELLED: call already cancelled
	at org.apache.ratis.thirdparty.io.grpc.Status.asRuntimeException(Status.java:517)
	at org.apache.ratis.thirdparty.io.grpc.stub.ServerCalls$ServerCallStreamObserverImpl.onCompleted(ServerCalls.java:356)
	at org.apache.ratis.grpc.server.GrpcServerProtocolService$ServerRequestStreamObserver.onError(GrpcServerProtocolService.java:121)
	at org.apache.ratis.thirdparty.io.grpc.stub.ServerCalls$StreamingServerCallHandler$StreamingServerCallListener.onCancel(ServerCalls.java:269)
	at org.apache.ratis.thirdparty.io.grpc.internal.ServerCallImpl$ServerStreamListenerImpl.closed(ServerCallImpl.java:293)
	at org.apache.ratis.thirdparty.io.grpc.internal.ServerImpl$JumpToApplicationThreadServerStreamListener$1Closed.runInContext(ServerImpl.java:741)
	at org.apache.ratis.thirdparty.io.grpc.internal.ContextRunnable.run(ContextRunnable.java:37)
	at org.apache.ratis.thirdparty.io.grpc.internal.SerializingExecutor.run(SerializingExecutor.java:123)
	at java.util.concurrent.ThreadPoolExecutor.runWorker(ThreadPoolExecutor.java:1149)
	at java.util.concurrent.ThreadPoolExecutor$Worker.run(ThreadPoolExecutor.java:624)
	at java.lang.Thread.run(Thread.java:748)

Sep 27, 2019 10:14:44 AM org.apache.ratis.thirdparty.io.grpc.internal.SerializingExecutor run
SEVERE: Exception while executing runnable org.apache.ratis.thirdparty.io.grpc.internal.ServerImpl$JumpToApplicationThreadServerStreamListener$1Closed@3317ca63
org.apache.ratis.thirdparty.io.grpc.StatusRuntimeException: CANCELLED: call already cancelled
	at org.apache.ratis.thirdparty.io.grpc.Status.asRuntimeException(Status.java:517)
	at org.apache.ratis.thirdparty.io.grpc.stub.ServerCalls$ServerCallStreamObserverImpl.onCompleted(ServerCalls.java:356)
	at org.apache.ratis.grpc.server.GrpcServerProtocolService$ServerRequestStreamObserver.onError(GrpcServerProtocolService.java:121)
	at org.apache.ratis.thirdparty.io.grpc.stub.ServerCalls$StreamingServerCallHandler$StreamingServerCallListener.onCancel(ServerCalls.java:269)
	at org.apache.ratis.thirdparty.io.grpc.internal.ServerCallImpl$ServerStreamListenerImpl.closed(ServerCallImpl.java:293)
	at org.apache.ratis.thirdparty.io.grpc.internal.ServerImpl$JumpToApplicationThreadServerStreamListener$1Closed.runInContext(ServerImpl.java:741)
	at org.apache.ratis.thirdparty.io.grpc.internal.ContextRunnable.run(ContextRunnable.java:37)
	at org.apache.ratis.thirdparty.io.grpc.internal.SerializingExecutor.run(SerializingExecutor.java:123)
	at java.util.concurrent.ThreadPoolExecutor.runWorker(ThreadPoolExecutor.java:1149)
	at java.util.concurrent.ThreadPoolExecutor$Worker.run(ThreadPoolExecutor.java:624)
	at java.lang.Thread.run(Thread.java:748)

Sep 27, 2019 10:14:49 AM org.apache.ratis.thirdparty.io.grpc.internal.SerializingExecutor run
SEVERE: Exception while executing runnable org.apache.ratis.thirdparty.io.grpc.internal.ServerImpl$JumpToApplicationThreadServerStreamListener$1Closed@3dcfc37e
org.apache.ratis.thirdparty.io.grpc.StatusRuntimeException: CANCELLED: call already cancelled
	at org.apache.ratis.thirdparty.io.grpc.Status.asRuntimeException(Status.java:517)
	at org.apache.ratis.thirdparty.io.grpc.stub.ServerCalls$ServerCallStreamObserverImpl.onCompleted(ServerCalls.java:356)
	at org.apache.ratis.grpc.server.GrpcServerProtocolService$ServerRequestStreamObserver.onError(GrpcServerProtocolService.java:121)
	at org.apache.ratis.thirdparty.io.grpc.stub.ServerCalls$StreamingServerCallHandler$StreamingServerCallListener.onCancel(ServerCalls.java:269)
	at org.apache.ratis.thirdparty.io.grpc.internal.ServerCallImpl$ServerStreamListenerImpl.closed(ServerCallImpl.java:293)
	at org.apache.ratis.thirdparty.io.grpc.internal.ServerImpl$JumpToApplicationThreadServerStreamListener$1Closed.runInContext(ServerImpl.java:741)
	at org.apache.ratis.thirdparty.io.grpc.internal.ContextRunnable.run(ContextRunnable.java:37)
	at org.apache.ratis.thirdparty.io.grpc.internal.SerializingExecutor.run(SerializingExecutor.java:123)
	at java.util.concurrent.ThreadPoolExecutor.runWorker(ThreadPoolExecutor.java:1149)
	at java.util.concurrent.ThreadPoolExecutor$Worker.run(ThreadPoolExecutor.java:624)
	at java.lang.Thread.run(Thread.java:748)

]]></system-err>
  </testcase>
  <testcase name="testMultiBlockWritesWithDnFailures" classname="org.apache.hadoop.ozone.client.rpc.TestMultiBlockWritesWithDnFailures" time="132.614">
    <error message="Connection refused" type="java.net.ConnectException"><![CDATA[java.net.ConnectException: Connection refused
	at sun.nio.ch.SocketChannelImpl.checkConnect(Native Method)
	at sun.nio.ch.SocketChannelImpl.finishConnect(SocketChannelImpl.java:717)
	at org.apache.hadoop.net.SocketIOWithTimeout.connect(SocketIOWithTimeout.java:206)
	at org.apache.hadoop.net.NetUtils.connect(NetUtils.java:531)
	at org.apache.hadoop.ipc.Client$Connection.setupConnection(Client.java:690)
	at org.apache.hadoop.ipc.Client$Connection.setupIOstreams(Client.java:794)
	at org.apache.hadoop.ipc.Client$Connection.access$3700(Client.java:411)
	at org.apache.hadoop.ipc.Client.getConnection(Client.java:1572)
	at org.apache.hadoop.ipc.Client.call(Client.java:1403)
	at org.apache.hadoop.ipc.Client.call(Client.java:1367)
	at org.apache.hadoop.ipc.ProtobufRpcEngine$Invoker.invoke(ProtobufRpcEngine.java:228)
	at org.apache.hadoop.ipc.ProtobufRpcEngine$Invoker.invoke(ProtobufRpcEngine.java:116)
	at com.sun.proxy.$Proxy35.submitRequest(Unknown Source)
	at sun.reflect.GeneratedMethodAccessor36.invoke(Unknown Source)
	at sun.reflect.DelegatingMethodAccessorImpl.invoke(DelegatingMethodAccessorImpl.java:43)
	at java.lang.reflect.Method.invoke(Method.java:498)
	at org.apache.hadoop.io.retry.RetryInvocationHandler.invokeMethod(RetryInvocationHandler.java:422)
	at org.apache.hadoop.io.retry.RetryInvocationHandler$Call.invokeMethod(RetryInvocationHandler.java:165)
	at org.apache.hadoop.io.retry.RetryInvocationHandler$Call.invoke(RetryInvocationHandler.java:157)
	at org.apache.hadoop.io.retry.RetryInvocationHandler$Call.invokeOnce(RetryInvocationHandler.java:95)
	at org.apache.hadoop.io.retry.RetryInvocationHandler.invoke(RetryInvocationHandler.java:359)
	at com.sun.proxy.$Proxy35.submitRequest(Unknown Source)
	at org.apache.hadoop.ozone.om.protocolPB.OzoneManagerProtocolClientSideTranslatorPB.submitRequest(OzoneManagerProtocolClientSideTranslatorPB.java:338)
	at org.apache.hadoop.ozone.om.protocolPB.OzoneManagerProtocolClientSideTranslatorPB.getServiceInfo(OzoneManagerProtocolClientSideTranslatorPB.java:1223)
	at sun.reflect.NativeMethodAccessorImpl.invoke0(Native Method)
	at sun.reflect.NativeMethodAccessorImpl.invoke(NativeMethodAccessorImpl.java:62)
	at sun.reflect.DelegatingMethodAccessorImpl.invoke(DelegatingMethodAccessorImpl.java:43)
	at java.lang.reflect.Method.invoke(Method.java:498)
	at org.apache.hadoop.hdds.tracing.TraceAllMethod.invoke(TraceAllMethod.java:66)
	at com.sun.proxy.$Proxy36.getServiceInfo(Unknown Source)
	at org.apache.hadoop.ozone.client.rpc.RpcClient.<init>(RpcClient.java:154)
	at org.apache.hadoop.ozone.client.OzoneClientFactory.getClientProtocol(OzoneClientFactory.java:256)
	at org.apache.hadoop.ozone.client.OzoneClientFactory.getClientProtocol(OzoneClientFactory.java:239)
	at org.apache.hadoop.ozone.client.OzoneClientFactory.getClient(OzoneClientFactory.java:75)
	at org.apache.hadoop.ozone.client.rpc.TestMultiBlockWritesWithDnFailures.startCluster(TestMultiBlockWritesWithDnFailures.java:96)
	at org.apache.hadoop.ozone.client.rpc.TestMultiBlockWritesWithDnFailures.testMultiBlockWritesWithDnFailures(TestMultiBlockWritesWithDnFailures.java:117)
	at sun.reflect.NativeMethodAccessorImpl.invoke0(Native Method)
	at sun.reflect.NativeMethodAccessorImpl.invoke(NativeMethodAccessorImpl.java:62)
	at sun.reflect.DelegatingMethodAccessorImpl.invoke(DelegatingMethodAccessorImpl.java:43)
	at java.lang.reflect.Method.invoke(Method.java:498)
	at org.junit.runners.model.FrameworkMethod$1.runReflectiveCall(FrameworkMethod.java:47)
	at org.junit.internal.runners.model.ReflectiveCallable.run(ReflectiveCallable.java:12)
	at org.junit.runners.model.FrameworkMethod.invokeExplosively(FrameworkMethod.java:44)
	at org.junit.internal.runners.statements.InvokeMethod.evaluate(InvokeMethod.java:17)
	at org.junit.internal.runners.statements.RunAfters.evaluate(RunAfters.java:27)
	at org.junit.runners.ParentRunner.runLeaf(ParentRunner.java:271)
	at org.junit.runners.BlockJUnit4ClassRunner.runChild(BlockJUnit4ClassRunner.java:70)
	at org.junit.runners.BlockJUnit4ClassRunner.runChild(BlockJUnit4ClassRunner.java:50)
	at org.junit.runners.ParentRunner$3.run(ParentRunner.java:238)
	at org.junit.runners.ParentRunner$1.schedule(ParentRunner.java:63)
	at org.junit.runners.ParentRunner.runChildren(ParentRunner.java:236)
	at org.junit.runners.ParentRunner.access$000(ParentRunner.java:53)
	at org.junit.runners.ParentRunner$2.evaluate(ParentRunner.java:229)
	at org.junit.runners.ParentRunner.run(ParentRunner.java:309)
	at org.apache.maven.surefire.junit4.JUnit4Provider.execute(JUnit4Provider.java:365)
	at org.apache.maven.surefire.junit4.JUnit4Provider.executeWithRerun(JUnit4Provider.java:273)
	at org.apache.maven.surefire.junit4.JUnit4Provider.executeTestSet(JUnit4Provider.java:238)
	at org.apache.maven.surefire.junit4.JUnit4Provider.invoke(JUnit4Provider.java:159)
	at org.apache.maven.surefire.booter.ForkedBooter.invokeProviderInSameClassLoader(ForkedBooter.java:384)
	at org.apache.maven.surefire.booter.ForkedBooter.runSuitesInProcess(ForkedBooter.java:345)
	at org.apache.maven.surefire.booter.ForkedBooter.execute(ForkedBooter.java:126)
	at org.apache.maven.surefire.booter.ForkedBooter.main(ForkedBooter.java:418)
]]></error>
    <system-out><![CDATA[2019-09-27 10:14:59,773 [main] WARN  server.ServerUtils (ServerUtils.java:getScmDbDir(145)) - ozone.scm.db.dirs is not configured. We recommend adding this setting. Falling back to ozone.metadata.dirs instead.
2019-09-27 10:14:59,799 [main] WARN  server.ServerUtils (ServerUtils.java:getScmDbDir(145)) - ozone.scm.db.dirs is not configured. We recommend adding this setting. Falling back to ozone.metadata.dirs instead.
2019-09-27 10:14:59,800 [main] WARN  server.ServerUtils (ServerUtils.java:getScmDbDir(145)) - ozone.scm.db.dirs is not configured. We recommend adding this setting. Falling back to ozone.metadata.dirs instead.
2019-09-27 10:14:59,801 [main] INFO  db.DBStoreBuilder (DBStoreBuilder.java:addTable(110)) - using custom profile for table: deletedBlocks
2019-09-27 10:14:59,801 [main] INFO  db.DBStoreBuilder (DBStoreBuilder.java:processTables(161)) - Using default column profile:DBProfile.DISK for Table:deletedBlocks
2019-09-27 10:14:59,802 [main] INFO  db.DBStoreBuilder (DBStoreBuilder.java:addTable(110)) - using custom profile for table: validCerts
2019-09-27 10:14:59,802 [main] INFO  db.DBStoreBuilder (DBStoreBuilder.java:processTables(161)) - Using default column profile:DBProfile.DISK for Table:validCerts
2019-09-27 10:14:59,802 [main] INFO  db.DBStoreBuilder (DBStoreBuilder.java:addTable(110)) - using custom profile for table: revokedCerts
2019-09-27 10:14:59,802 [main] INFO  db.DBStoreBuilder (DBStoreBuilder.java:processTables(161)) - Using default column profile:DBProfile.DISK for Table:revokedCerts
2019-09-27 10:14:59,803 [main] INFO  db.DBStoreBuilder (DBStoreBuilder.java:addTable(110)) - using custom profile for table: default
2019-09-27 10:14:59,803 [main] INFO  db.DBStoreBuilder (DBStoreBuilder.java:processTables(167)) - Using default column profile:DBProfile.DISK for Table:default
2019-09-27 10:14:59,803 [main] INFO  db.DBStoreBuilder (DBStoreBuilder.java:getDbProfile(198)) - Using default options. DBProfile.DISK
2019-09-27 10:14:59,993 [main] INFO  net.NodeSchemaLoader (NodeSchemaLoader.java:loadSchemaFromFile(125)) - Loading file from sun.misc.CompoundEnumeration@3976ebfa
2019-09-27 10:14:59,993 [main] INFO  net.NodeSchemaLoader (NodeSchemaLoader.java:loadSchema(171)) - Loading network topology layer schema file
2019-09-27 10:15:00,000 [main] INFO  node.SCMNodeManager (SCMNodeManager.java:<init>(114)) - Entering startup safe mode.
2019-09-27 10:15:00,002 [main] INFO  algorithms.ContainerPlacementPolicyFactory (ContainerPlacementPolicyFactory.java:getPolicy(57)) - Create container placement policy of type org.apache.hadoop.hdds.scm.container.placement.algorithms.SCMContainerPlacementRandom
2019-09-27 10:15:00,002 [main] WARN  server.ServerUtils (ServerUtils.java:getScmDbDir(145)) - ozone.scm.db.dirs is not configured. We recommend adding this setting. Falling back to ozone.metadata.dirs instead.
2019-09-27 10:15:00,053 [main] INFO  pipeline.SCMPipelineManager (SCMPipelineManager.java:initializePipelineState(132)) - No pipeline exists in current db
2019-09-27 10:15:00,053 [main] WARN  server.ServerUtils (ServerUtils.java:getScmDbDir(145)) - ozone.scm.db.dirs is not configured. We recommend adding this setting. Falling back to ozone.metadata.dirs instead.
2019-09-27 10:15:00,077 [main] WARN  events.EventQueue (EventQueue.java:fireEvent(183)) - No event handler registered for event TypedEvent{payloadType=SafeModeStatus, name='SafeModeStatus'}
2019-09-27 10:15:00,079 [main] INFO  ipc.CallQueueManager (CallQueueManager.java:<init>(84)) - Using callQueue: class java.util.concurrent.LinkedBlockingQueue, queueCapacity: 2000, scheduler: class org.apache.hadoop.ipc.DefaultRpcScheduler, ipcBackoff: false.
2019-09-27 10:15:00,080 [Socket Reader #1 for port 37095] INFO  ipc.Server (Server.java:run(1074)) - Starting Socket Reader #1 for port 37095
2019-09-27 10:15:00,083 [main] INFO  ipc.CallQueueManager (CallQueueManager.java:<init>(84)) - Using callQueue: class java.util.concurrent.LinkedBlockingQueue, queueCapacity: 2000, scheduler: class org.apache.hadoop.ipc.DefaultRpcScheduler, ipcBackoff: false.
2019-09-27 10:15:00,083 [Socket Reader #1 for port 40162] INFO  ipc.Server (Server.java:run(1074)) - Starting Socket Reader #1 for port 40162
2019-09-27 10:15:00,085 [main] INFO  ipc.CallQueueManager (CallQueueManager.java:<init>(84)) - Using callQueue: class java.util.concurrent.LinkedBlockingQueue, queueCapacity: 2000, scheduler: class org.apache.hadoop.ipc.DefaultRpcScheduler, ipcBackoff: false.
2019-09-27 10:15:00,086 [Socket Reader #1 for port 42567] INFO  ipc.Server (Server.java:run(1074)) - Starting Socket Reader #1 for port 42567
2019-09-27 10:15:00,090 [main] INFO  hdfs.DFSUtil (DFSUtil.java:httpServerTemplateForNNAndJN(1641)) - Starting Web-server for scm at: http://0.0.0.0:0
2019-09-27 10:15:00,093 [main] INFO  server.AuthenticationFilter (AuthenticationFilter.java:constructSecretProvider(240)) - Unable to initialize FileSignerSecretProvider, falling back to use random secrets.
2019-09-27 10:15:00,094 [main] WARN  http.HttpRequestLog (HttpRequestLog.java:getRequestLog(97)) - Jetty request log can only be enabled using Log4j
2019-09-27 10:15:00,097 [main] INFO  http.HttpServer2 (HttpServer2.java:addGlobalFilter(975)) - Added global filter 'safety' (class=org.apache.hadoop.http.HttpServer2$QuotingInputFilter)
2019-09-27 10:15:00,098 [main] INFO  http.HttpServer2 (HttpServer2.java:addFilter(948)) - Added filter static_user_filter (class=org.apache.hadoop.http.lib.StaticUserWebFilter$StaticUserFilter) to context scm
2019-09-27 10:15:00,099 [main] INFO  http.HttpServer2 (HttpServer2.java:addFilter(958)) - Added filter static_user_filter (class=org.apache.hadoop.http.lib.StaticUserWebFilter$StaticUserFilter) to context static
2019-09-27 10:15:00,099 [main] INFO  http.HttpServer2 (HttpServer2.java:addFilter(958)) - Added filter static_user_filter (class=org.apache.hadoop.http.lib.StaticUserWebFilter$StaticUserFilter) to context logs
2019-09-27 10:15:00,102 [main] INFO  server.StorageContainerManager (StorageContainerManager.java:start(770)) - StorageContainerLocationProtocol RPC server is listening at /0.0.0.0:42567
2019-09-27 10:15:00,105 [main] WARN  impl.MetricsConfig (MetricsConfig.java:loadFirst(134)) - Cannot locate configuration: tried hadoop-metrics2-storagecontainermanager.properties,hadoop-metrics2.properties
2019-09-27 10:15:00,106 [main] INFO  impl.MetricsSystemImpl (MetricsSystemImpl.java:startTimer(374)) - Scheduled Metric snapshot period at 10 second(s).
2019-09-27 10:15:00,107 [main] INFO  impl.MetricsSystemImpl (MetricsSystemImpl.java:start(191)) - StorageContainerManager metrics system started
2019-09-27 10:15:00,176 [main] WARN  impl.MetricsSystemImpl (MetricsSystemImpl.java:register(276)) - Sink prometheus already exists!
2019-09-27 10:15:00,182 [main] INFO  server.SCMClientProtocolServer (SCMClientProtocolServer.java:start(151)) - RPC server for Client  is listening at /0.0.0.0:42567
2019-09-27 10:15:00,182 [IPC Server Responder] INFO  ipc.Server (Server.java:run(1314)) - IPC Server Responder: starting
2019-09-27 10:15:00,183 [IPC Server listener on 42567] INFO  ipc.Server (Server.java:run(1153)) - IPC Server listener on 42567: starting
2019-09-27 10:15:00,188 [main] INFO  server.StorageContainerManager (StorageContainerManager.java:start(780)) - ScmBlockLocationProtocol RPC server is listening at /0.0.0.0:40162
2019-09-27 10:15:00,189 [main] INFO  server.SCMBlockProtocolServer (SCMBlockProtocolServer.java:start(146)) - RPC server for Block Protocol is listening at /0.0.0.0:40162
2019-09-27 10:15:00,189 [IPC Server Responder] INFO  ipc.Server (Server.java:run(1314)) - IPC Server Responder: starting
2019-09-27 10:15:00,189 [IPC Server listener on 40162] INFO  ipc.Server (Server.java:run(1153)) - IPC Server listener on 40162: starting
2019-09-27 10:15:00,194 [main] INFO  server.StorageContainerManager (StorageContainerManager.java:start(784)) - ScmDatanodeProtocl RPC server is listening at /0.0.0.0:37095
2019-09-27 10:15:00,195 [main] INFO  server.SCMDatanodeProtocolServer (SCMDatanodeProtocolServer.java:start(191)) - RPC server for DataNodes is listening at /0.0.0.0:37095
2019-09-27 10:15:00,195 [IPC Server Responder] INFO  ipc.Server (Server.java:run(1314)) - IPC Server Responder: starting
2019-09-27 10:15:00,195 [IPC Server listener on 37095] INFO  ipc.Server (Server.java:run(1153)) - IPC Server listener on 37095: starting
2019-09-27 10:15:00,199 [main] INFO  http.HttpServer2 (HttpServer2.java:bindListener(1191)) - Jetty bound to port 43805
2019-09-27 10:15:00,200 [main] INFO  server.Server (Server.java:doStart(351)) - jetty-9.3.25.v20180904, build timestamp: 2018-09-04T21:11:46Z, git hash: 3ce520221d0240229c862b122d2b06c12a625732
2019-09-27 10:15:00,202 [main] INFO  handler.ContextHandler (ContextHandler.java:doStart(781)) - Started o.e.j.s.ServletContextHandler@1192b58e{/logs,file:///workdir/hadoop-ozone/integration-test/target/log,AVAILABLE}
2019-09-27 10:15:00,203 [main] INFO  handler.ContextHandler (ContextHandler.java:doStart(781)) - Started o.e.j.s.ServletContextHandler@5f631ca0{/static,file:///workdir/hadoop-ozone/integration-test/target/test-classes/webapps/static,AVAILABLE}
2019-09-27 10:15:00,208 [main] INFO  handler.ContextHandler (ContextHandler.java:doStart(781)) - Started o.e.j.w.WebAppContext@748f93bb{/,file:///workdir/hadoop-ozone/integration-test/target/test-classes/webapps/scm/,AVAILABLE}{/scm}
2019-09-27 10:15:00,209 [main] INFO  server.AbstractConnector (AbstractConnector.java:doStart(278)) - Started ServerConnector@7f2d31af{HTTP/1.1,[http/1.1]}{0.0.0.0:43805}
2019-09-27 10:15:00,210 [main] INFO  server.Server (Server.java:doStart(419)) - Started @147819ms
2019-09-27 10:15:00,210 [main] WARN  impl.MetricsSystemImpl (MetricsSystemImpl.java:register(276)) - Sink prometheus already exists!
2019-09-27 10:15:00,211 [main] INFO  server.BaseHttpServer (BaseHttpServer.java:updateConnectorAddress(215)) - HTTP server of SCM is listening at http://0.0.0.0:43805
2019-09-27 10:15:00,212 [main] WARN  server.ServerUtils (ServerUtils.java:getDBPath(222)) - ozone.om.db.dirs is not configured. We recommend adding this setting. Falling back to ozone.metadata.dirs instead.
2019-09-27 10:15:00,213 [org.apache.hadoop.util.JvmPauseMonitor$Monitor@2a43e0ac] INFO  util.JvmPauseMonitor (JvmPauseMonitor.java:run(188)) - Starting JVM pause monitor
2019-09-27 10:15:00,228 [main] INFO  ha.OMHANodeDetails (OMHANodeDetails.java:loadOMHAConfig(194)) - Configuration either no ozone.om.address set. Falling back to the default OM address /127.0.0.1:0
2019-09-27 10:15:00,228 [main] INFO  ha.OMHANodeDetails (OMHANodeDetails.java:getOMNodeDetails(224)) - OM Service ID is not set. Setting it to the default ID: omServiceIdDefault
2019-09-27 10:15:00,229 [main] WARN  server.ServerUtils (ServerUtils.java:getDBPath(222)) - ozone.om.db.dirs is not configured. We recommend adding this setting. Falling back to ozone.metadata.dirs instead.
2019-09-27 10:15:00,229 [main] WARN  server.ServerUtils (ServerUtils.java:getDBPath(222)) - ozone.om.db.dirs is not configured. We recommend adding this setting. Falling back to ozone.metadata.dirs instead.
2019-09-27 10:15:00,244 [main] WARN  server.ServerUtils (ServerUtils.java:getDBPath(222)) - ozone.om.db.dirs is not configured. We recommend adding this setting. Falling back to ozone.metadata.dirs instead.
2019-09-27 10:15:00,244 [main] INFO  db.DBStoreBuilder (DBStoreBuilder.java:addTable(110)) - using custom profile for table: userTable
2019-09-27 10:15:00,244 [main] INFO  db.DBStoreBuilder (DBStoreBuilder.java:processTables(161)) - Using default column profile:DBProfile.DISK for Table:userTable
2019-09-27 10:15:00,245 [main] INFO  db.DBStoreBuilder (DBStoreBuilder.java:addTable(110)) - using custom profile for table: volumeTable
2019-09-27 10:15:00,245 [main] INFO  db.DBStoreBuilder (DBStoreBuilder.java:processTables(161)) - Using default column profile:DBProfile.DISK for Table:volumeTable
2019-09-27 10:15:00,246 [main] INFO  db.DBStoreBuilder (DBStoreBuilder.java:addTable(110)) - using custom profile for table: bucketTable
2019-09-27 10:15:00,246 [main] INFO  db.DBStoreBuilder (DBStoreBuilder.java:processTables(161)) - Using default column profile:DBProfile.DISK for Table:bucketTable
2019-09-27 10:15:00,246 [main] INFO  db.DBStoreBuilder (DBStoreBuilder.java:addTable(110)) - using custom profile for table: keyTable
2019-09-27 10:15:00,246 [main] INFO  db.DBStoreBuilder (DBStoreBuilder.java:processTables(161)) - Using default column profile:DBProfile.DISK for Table:keyTable
2019-09-27 10:15:00,247 [main] INFO  db.DBStoreBuilder (DBStoreBuilder.java:addTable(110)) - using custom profile for table: deletedTable
2019-09-27 10:15:00,247 [main] INFO  db.DBStoreBuilder (DBStoreBuilder.java:processTables(161)) - Using default column profile:DBProfile.DISK for Table:deletedTable
2019-09-27 10:15:00,247 [main] INFO  db.DBStoreBuilder (DBStoreBuilder.java:addTable(110)) - using custom profile for table: openKeyTable
2019-09-27 10:15:00,247 [main] INFO  db.DBStoreBuilder (DBStoreBuilder.java:processTables(161)) - Using default column profile:DBProfile.DISK for Table:openKeyTable
2019-09-27 10:15:00,248 [main] INFO  db.DBStoreBuilder (DBStoreBuilder.java:addTable(110)) - using custom profile for table: s3Table
2019-09-27 10:15:00,248 [main] INFO  db.DBStoreBuilder (DBStoreBuilder.java:processTables(161)) - Using default column profile:DBProfile.DISK for Table:s3Table
2019-09-27 10:15:00,248 [main] INFO  db.DBStoreBuilder (DBStoreBuilder.java:addTable(110)) - using custom profile for table: multipartInfoTable
2019-09-27 10:15:00,249 [main] INFO  db.DBStoreBuilder (DBStoreBuilder.java:processTables(161)) - Using default column profile:DBProfile.DISK for Table:multipartInfoTable
2019-09-27 10:15:00,249 [main] INFO  db.DBStoreBuilder (DBStoreBuilder.java:addTable(110)) - using custom profile for table: dTokenTable
2019-09-27 10:15:00,249 [main] INFO  db.DBStoreBuilder (DBStoreBuilder.java:processTables(161)) - Using default column profile:DBProfile.DISK for Table:dTokenTable
2019-09-27 10:15:00,250 [main] INFO  db.DBStoreBuilder (DBStoreBuilder.java:addTable(110)) - using custom profile for table: s3SecretTable
2019-09-27 10:15:00,250 [main] INFO  db.DBStoreBuilder (DBStoreBuilder.java:processTables(161)) - Using default column profile:DBProfile.DISK for Table:s3SecretTable
2019-09-27 10:15:00,250 [main] INFO  db.DBStoreBuilder (DBStoreBuilder.java:addTable(110)) - using custom profile for table: prefixTable
2019-09-27 10:15:00,250 [main] INFO  db.DBStoreBuilder (DBStoreBuilder.java:processTables(161)) - Using default column profile:DBProfile.DISK for Table:prefixTable
2019-09-27 10:15:00,251 [main] INFO  db.DBStoreBuilder (DBStoreBuilder.java:addTable(110)) - using custom profile for table: default
2019-09-27 10:15:00,251 [main] INFO  db.DBStoreBuilder (DBStoreBuilder.java:processTables(167)) - Using default column profile:DBProfile.DISK for Table:default
2019-09-27 10:15:00,251 [main] INFO  db.DBStoreBuilder (DBStoreBuilder.java:getDbProfile(198)) - Using default options. DBProfile.DISK
2019-09-27 10:15:00,746 [main] INFO  ipc.CallQueueManager (CallQueueManager.java:<init>(84)) - Using callQueue: class java.util.concurrent.LinkedBlockingQueue, queueCapacity: 2000, scheduler: class org.apache.hadoop.ipc.DefaultRpcScheduler, ipcBackoff: false.
2019-09-27 10:15:00,747 [Socket Reader #1 for port 35074] INFO  ipc.Server (Server.java:run(1074)) - Starting Socket Reader #1 for port 35074
2019-09-27 10:15:00,770 [main] INFO  om.OzoneManager (OzoneManager.java:start(1069)) - OzoneManager RPC server is listening at localhost/127.0.0.1:35074
2019-09-27 10:15:00,770 [main] INFO  impl.MetricsSystemImpl (MetricsSystemImpl.java:init(158)) - OzoneManager metrics system started (again)
2019-09-27 10:15:00,771 [IPC Server Responder] INFO  ipc.Server (Server.java:run(1314)) - IPC Server Responder: starting
2019-09-27 10:15:00,771 [IPC Server listener on 35074] INFO  ipc.Server (Server.java:run(1153)) - IPC Server listener on 35074: starting
2019-09-27 10:15:00,778 [main] INFO  hdfs.DFSUtil (DFSUtil.java:httpServerTemplateForNNAndJN(1641)) - Starting Web-server for ozoneManager at: http://0.0.0.0:0
2019-09-27 10:15:00,780 [main] INFO  server.AuthenticationFilter (AuthenticationFilter.java:constructSecretProvider(240)) - Unable to initialize FileSignerSecretProvider, falling back to use random secrets.
2019-09-27 10:15:00,781 [main] WARN  http.HttpRequestLog (HttpRequestLog.java:getRequestLog(97)) - Jetty request log can only be enabled using Log4j
2019-09-27 10:15:00,783 [main] INFO  http.HttpServer2 (HttpServer2.java:addGlobalFilter(975)) - Added global filter 'safety' (class=org.apache.hadoop.http.HttpServer2$QuotingInputFilter)
2019-09-27 10:15:00,784 [main] INFO  http.HttpServer2 (HttpServer2.java:addFilter(948)) - Added filter static_user_filter (class=org.apache.hadoop.http.lib.StaticUserWebFilter$StaticUserFilter) to context ozoneManager
2019-09-27 10:15:00,784 [main] INFO  http.HttpServer2 (HttpServer2.java:addFilter(958)) - Added filter static_user_filter (class=org.apache.hadoop.http.lib.StaticUserWebFilter$StaticUserFilter) to context static
2019-09-27 10:15:00,785 [main] INFO  http.HttpServer2 (HttpServer2.java:addFilter(958)) - Added filter static_user_filter (class=org.apache.hadoop.http.lib.StaticUserWebFilter$StaticUserFilter) to context logs
2019-09-27 10:15:00,786 [main] INFO  http.HttpServer2 (HttpServer2.java:bindListener(1191)) - Jetty bound to port 44718
2019-09-27 10:15:00,786 [main] INFO  server.Server (Server.java:doStart(351)) - jetty-9.3.25.v20180904, build timestamp: 2018-09-04T21:11:46Z, git hash: 3ce520221d0240229c862b122d2b06c12a625732
2019-09-27 10:15:00,789 [main] INFO  handler.ContextHandler (ContextHandler.java:doStart(781)) - Started o.e.j.s.ServletContextHandler@43b5021c{/logs,file:///workdir/hadoop-ozone/integration-test/target/log,AVAILABLE}
2019-09-27 10:15:00,789 [main] INFO  handler.ContextHandler (ContextHandler.java:doStart(781)) - Started o.e.j.s.ServletContextHandler@30893e08{/static,file:///workdir/hadoop-ozone/integration-test/target/test-classes/webapps/static,AVAILABLE}
2019-09-27 10:15:00,795 [main] INFO  handler.ContextHandler (ContextHandler.java:doStart(781)) - Started o.e.j.w.WebAppContext@365cdacf{/,file:///workdir/hadoop-ozone/integration-test/target/test-classes/webapps/ozoneManager/,AVAILABLE}{/ozoneManager}
2019-09-27 10:15:00,796 [main] INFO  server.AbstractConnector (AbstractConnector.java:doStart(278)) - Started ServerConnector@303c55fa{HTTP/1.1,[http/1.1]}{0.0.0.0:44718}
2019-09-27 10:15:00,797 [main] INFO  server.Server (Server.java:doStart(419)) - Started @148406ms
2019-09-27 10:15:00,797 [main] WARN  impl.MetricsSystemImpl (MetricsSystemImpl.java:register(276)) - Sink prometheus already exists!
2019-09-27 10:15:00,798 [main] INFO  server.BaseHttpServer (BaseHttpServer.java:updateConnectorAddress(215)) - HTTP server of OZONEMANAGER is listening at http://0.0.0.0:44718
2019-09-27 10:15:00,819 [main] INFO  impl.MetricsSystemImpl (MetricsSystemImpl.java:init(158)) - HddsDatanode metrics system started (again)
2019-09-27 10:15:00,822 [main] INFO  ozone.HddsDatanodeService (HddsDatanodeService.java:start(184)) - HddsDatanodeService host:pr-hdds2162-4fxhj-20988671 ip:192.168.151.103
2019-09-27 10:15:00,829 [main] INFO  volume.HddsVolume (HddsVolume.java:<init>(176)) - Creating Volume: /workdir/hadoop-ozone/integration-test/target/test-dir/MiniOzoneClusterImpl-bf7d7b01-9820-4bf2-ac73-317d86ffef37/datanode-0/data/containers/hdds of  storage type : DISK and capacity : 1482555576320
2019-09-27 10:15:00,829 [main] INFO  volume.VolumeSet (VolumeSet.java:initializeVolumeSet(170)) - Added Volume : /workdir/hadoop-ozone/integration-test/target/test-dir/MiniOzoneClusterImpl-bf7d7b01-9820-4bf2-ac73-317d86ffef37/datanode-0/data/containers/hdds to VolumeSet
2019-09-27 10:15:00,830 [main] INFO  volume.ThrottledAsyncChecker (ThrottledAsyncChecker.java:schedule(139)) - Scheduling a check for org.apache.hadoop.ozone.container.common.volume.HddsVolume@3667faa8
2019-09-27 10:15:00,830 [main] INFO  volume.HddsVolumeChecker (HddsVolumeChecker.java:checkAllVolumes(202)) - Scheduled health check for volume org.apache.hadoop.ozone.container.common.volume.HddsVolume@3667faa8
2019-09-27 10:15:00,847 [main] INFO  impl.RaftServerProxy (ConfUtils.java:logGet(43)) - raft.rpc.type = GRPC (default)
2019-09-27 10:15:00,848 [main] INFO  grpc.GrpcFactory (GrpcFactory.java:checkPooledByteBufAllocatorUseCacheForAllThreads(45)) - PERFORMANCE WARNING: useCacheForAllThreads is true that may cause Netty to create a lot garbage objects and, as a result, trigger GC.
	It is recommended to disable useCacheForAllThreads by setting -Dorg.apache.ratis.thirdparty.io.netty.allocator.useCacheForAllThreads=false in command line.
2019-09-27 10:15:00,848 [main] INFO  grpc.GrpcConfigKeys$Server (ConfUtils.java:logGet(43)) - raft.grpc.server.port = 0 (default)
2019-09-27 10:15:00,848 [main] INFO  server.GrpcService (ConfUtils.java:logGet(43)) - raft.grpc.message.size.max = 33570816 (custom)
2019-09-27 10:15:00,849 [main] INFO  server.RaftServerConfigKeys (ConfUtils.java:logGet(43)) - raft.server.log.appender.buffer.byte-limit = 33554432 (custom)
2019-09-27 10:15:00,849 [main] INFO  server.GrpcService (ConfUtils.java:logGet(43)) - raft.grpc.flow.control.window = 1MB (=1048576) (default)
2019-09-27 10:15:00,849 [main] INFO  server.RaftServerConfigKeys (ConfUtils.java:logGet(43)) - raft.server.rpc.request.timeout = 3000ms (default)
2019-09-27 10:15:00,850 [main] INFO  server.RaftServerConfigKeys (ConfUtils.java:logGet(43)) - raft.server.storage.dir = [/workdir/hadoop-ozone/integration-test/target/test-dir/MiniOzoneClusterImpl-bf7d7b01-9820-4bf2-ac73-317d86ffef37/datanode-0/data/ratis] (custom)
2019-09-27 10:15:00,851 [main] INFO  hdfs.DFSUtil (DFSUtil.java:httpServerTemplateForNNAndJN(1641)) - Starting Web-server for hddsDatanode at: http://0.0.0.0:0
2019-09-27 10:15:00,853 [main] INFO  server.AuthenticationFilter (AuthenticationFilter.java:constructSecretProvider(240)) - Unable to initialize FileSignerSecretProvider, falling back to use random secrets.
2019-09-27 10:15:00,853 [main] WARN  http.HttpRequestLog (HttpRequestLog.java:getRequestLog(97)) - Jetty request log can only be enabled using Log4j
2019-09-27 10:15:00,855 [main] INFO  http.HttpServer2 (HttpServer2.java:addGlobalFilter(975)) - Added global filter 'safety' (class=org.apache.hadoop.http.HttpServer2$QuotingInputFilter)
2019-09-27 10:15:00,856 [main] INFO  http.HttpServer2 (HttpServer2.java:addFilter(948)) - Added filter static_user_filter (class=org.apache.hadoop.http.lib.StaticUserWebFilter$StaticUserFilter) to context hddsDatanode
2019-09-27 10:15:00,856 [main] INFO  http.HttpServer2 (HttpServer2.java:addFilter(958)) - Added filter static_user_filter (class=org.apache.hadoop.http.lib.StaticUserWebFilter$StaticUserFilter) to context logs
2019-09-27 10:15:00,856 [main] INFO  http.HttpServer2 (HttpServer2.java:addFilter(958)) - Added filter static_user_filter (class=org.apache.hadoop.http.lib.StaticUserWebFilter$StaticUserFilter) to context static
2019-09-27 10:15:00,857 [main] INFO  http.HttpServer2 (HttpServer2.java:bindListener(1191)) - Jetty bound to port 40426
2019-09-27 10:15:00,857 [main] INFO  server.Server (Server.java:doStart(351)) - jetty-9.3.25.v20180904, build timestamp: 2018-09-04T21:11:46Z, git hash: 3ce520221d0240229c862b122d2b06c12a625732
2019-09-27 10:15:00,859 [main] INFO  handler.ContextHandler (ContextHandler.java:doStart(781)) - Started o.e.j.s.ServletContextHandler@575c3e9b{/logs,file:///workdir/hadoop-ozone/integration-test/target/log,AVAILABLE}
2019-09-27 10:15:00,859 [main] INFO  handler.ContextHandler (ContextHandler.java:doStart(781)) - Started o.e.j.s.ServletContextHandler@73c3cd09{/static,jar:file:/home/user/.m2/repository/org/apache/hadoop/hadoop-hdds-container-service/0.5.0-SNAPSHOT/hadoop-hdds-container-service-0.5.0-SNAPSHOT.jar!/webapps/static,AVAILABLE}
2019-09-27 10:15:00,890 [main] INFO  handler.ContextHandler (ContextHandler.java:doStart(781)) - Started o.e.j.w.WebAppContext@38cedb7d{/,file:///tmp/jetty-0.0.0.0-40426-hddsDatanode-_-any-4676931861726050927.dir/webapp/,AVAILABLE}{/hddsDatanode}
2019-09-27 10:15:00,890 [main] INFO  server.AbstractConnector (AbstractConnector.java:doStart(278)) - Started ServerConnector@772caabe{HTTP/1.1,[http/1.1]}{0.0.0.0:40426}
2019-09-27 10:15:00,891 [main] INFO  server.Server (Server.java:doStart(419)) - Started @148501ms
2019-09-27 10:15:00,892 [main] WARN  impl.MetricsSystemImpl (MetricsSystemImpl.java:register(276)) - Sink prometheus already exists!
2019-09-27 10:15:00,893 [main] INFO  server.BaseHttpServer (BaseHttpServer.java:updateConnectorAddress(215)) - HTTP server of HDDSDATANODE is listening at http://0.0.0.0:40426
2019-09-27 10:15:00,894 [main] INFO  impl.MetricsSystemImpl (MetricsSystemImpl.java:init(158)) - HddsDatanode metrics system started (again)
2019-09-27 10:15:00,896 [main] INFO  ozone.HddsDatanodeService (HddsDatanodeService.java:start(184)) - HddsDatanodeService host:pr-hdds2162-4fxhj-20988671 ip:192.168.151.103
2019-09-27 10:15:00,896 [org.apache.hadoop.util.JvmPauseMonitor$Monitor@549eb8d6] INFO  util.JvmPauseMonitor (JvmPauseMonitor.java:run(188)) - Starting JVM pause monitor
2019-09-27 10:15:00,899 [Datanode State Machine Thread - 0] INFO  datanode.InitDatanodeState (InitDatanodeState.java:persistContainerDatanodeDetails(140)) - DatanodeDetails is persisted to /workdir/hadoop-ozone/integration-test/target/test-dir/MiniOzoneClusterImpl-bf7d7b01-9820-4bf2-ac73-317d86ffef37/datanode-0/meta/datanode.id
2019-09-27 10:15:00,902 [main] INFO  volume.HddsVolume (HddsVolume.java:<init>(176)) - Creating Volume: /workdir/hadoop-ozone/integration-test/target/test-dir/MiniOzoneClusterImpl-bf7d7b01-9820-4bf2-ac73-317d86ffef37/datanode-1/data/containers/hdds of  storage type : DISK and capacity : 1482555576320
2019-09-27 10:15:00,902 [main] INFO  volume.VolumeSet (VolumeSet.java:initializeVolumeSet(170)) - Added Volume : /workdir/hadoop-ozone/integration-test/target/test-dir/MiniOzoneClusterImpl-bf7d7b01-9820-4bf2-ac73-317d86ffef37/datanode-1/data/containers/hdds to VolumeSet
2019-09-27 10:15:00,902 [main] INFO  volume.ThrottledAsyncChecker (ThrottledAsyncChecker.java:schedule(139)) - Scheduling a check for org.apache.hadoop.ozone.container.common.volume.HddsVolume@2ee48610
2019-09-27 10:15:00,903 [main] INFO  volume.HddsVolumeChecker (HddsVolumeChecker.java:checkAllVolumes(202)) - Scheduled health check for volume org.apache.hadoop.ozone.container.common.volume.HddsVolume@2ee48610
2019-09-27 10:15:00,916 [main] INFO  impl.RaftServerProxy (ConfUtils.java:logGet(43)) - raft.rpc.type = GRPC (default)
2019-09-27 10:15:00,916 [main] INFO  grpc.GrpcFactory (GrpcFactory.java:checkPooledByteBufAllocatorUseCacheForAllThreads(45)) - PERFORMANCE WARNING: useCacheForAllThreads is true that may cause Netty to create a lot garbage objects and, as a result, trigger GC.
	It is recommended to disable useCacheForAllThreads by setting -Dorg.apache.ratis.thirdparty.io.netty.allocator.useCacheForAllThreads=false in command line.
2019-09-27 10:15:00,916 [main] INFO  grpc.GrpcConfigKeys$Server (ConfUtils.java:logGet(43)) - raft.grpc.server.port = 0 (default)
2019-09-27 10:15:00,916 [main] INFO  server.GrpcService (ConfUtils.java:logGet(43)) - raft.grpc.message.size.max = 33570816 (custom)
2019-09-27 10:15:00,916 [main] INFO  server.RaftServerConfigKeys (ConfUtils.java:logGet(43)) - raft.server.log.appender.buffer.byte-limit = 33554432 (custom)
2019-09-27 10:15:00,917 [main] INFO  server.GrpcService (ConfUtils.java:logGet(43)) - raft.grpc.flow.control.window = 1MB (=1048576) (default)
2019-09-27 10:15:00,917 [main] INFO  server.RaftServerConfigKeys (ConfUtils.java:logGet(43)) - raft.server.rpc.request.timeout = 3000ms (default)
2019-09-27 10:15:00,917 [main] INFO  server.RaftServerConfigKeys (ConfUtils.java:logGet(43)) - raft.server.storage.dir = [/workdir/hadoop-ozone/integration-test/target/test-dir/MiniOzoneClusterImpl-bf7d7b01-9820-4bf2-ac73-317d86ffef37/datanode-1/data/ratis] (custom)
2019-09-27 10:15:00,919 [main] INFO  hdfs.DFSUtil (DFSUtil.java:httpServerTemplateForNNAndJN(1641)) - Starting Web-server for hddsDatanode at: http://0.0.0.0:0
2019-09-27 10:15:00,920 [main] INFO  server.AuthenticationFilter (AuthenticationFilter.java:constructSecretProvider(240)) - Unable to initialize FileSignerSecretProvider, falling back to use random secrets.
2019-09-27 10:15:00,921 [main] WARN  http.HttpRequestLog (HttpRequestLog.java:getRequestLog(97)) - Jetty request log can only be enabled using Log4j
2019-09-27 10:15:00,922 [main] INFO  http.HttpServer2 (HttpServer2.java:addGlobalFilter(975)) - Added global filter 'safety' (class=org.apache.hadoop.http.HttpServer2$QuotingInputFilter)
2019-09-27 10:15:00,923 [main] INFO  http.HttpServer2 (HttpServer2.java:addFilter(948)) - Added filter static_user_filter (class=org.apache.hadoop.http.lib.StaticUserWebFilter$StaticUserFilter) to context hddsDatanode
2019-09-27 10:15:00,923 [main] INFO  http.HttpServer2 (HttpServer2.java:addFilter(958)) - Added filter static_user_filter (class=org.apache.hadoop.http.lib.StaticUserWebFilter$StaticUserFilter) to context static
2019-09-27 10:15:00,923 [main] INFO  http.HttpServer2 (HttpServer2.java:addFilter(958)) - Added filter static_user_filter (class=org.apache.hadoop.http.lib.StaticUserWebFilter$StaticUserFilter) to context logs
2019-09-27 10:15:00,924 [main] INFO  http.HttpServer2 (HttpServer2.java:bindListener(1191)) - Jetty bound to port 37800
2019-09-27 10:15:00,924 [main] INFO  server.Server (Server.java:doStart(351)) - jetty-9.3.25.v20180904, build timestamp: 2018-09-04T21:11:46Z, git hash: 3ce520221d0240229c862b122d2b06c12a625732
2019-09-27 10:15:00,926 [main] INFO  handler.ContextHandler (ContextHandler.java:doStart(781)) - Started o.e.j.s.ServletContextHandler@7e83992{/logs,file:///workdir/hadoop-ozone/integration-test/target/log,AVAILABLE}
2019-09-27 10:15:00,927 [main] INFO  handler.ContextHandler (ContextHandler.java:doStart(781)) - Started o.e.j.s.ServletContextHandler@3625a016{/static,jar:file:/home/user/.m2/repository/org/apache/hadoop/hadoop-hdds-container-service/0.5.0-SNAPSHOT/hadoop-hdds-container-service-0.5.0-SNAPSHOT.jar!/webapps/static,AVAILABLE}
2019-09-27 10:15:00,956 [main] INFO  handler.ContextHandler (ContextHandler.java:doStart(781)) - Started o.e.j.w.WebAppContext@712c5463{/,file:///tmp/jetty-0.0.0.0-37800-hddsDatanode-_-any-6179343579648249414.dir/webapp/,AVAILABLE}{/hddsDatanode}
2019-09-27 10:15:00,957 [main] INFO  server.AbstractConnector (AbstractConnector.java:doStart(278)) - Started ServerConnector@6d33a66e{HTTP/1.1,[http/1.1]}{0.0.0.0:37800}
2019-09-27 10:15:00,958 [main] INFO  server.Server (Server.java:doStart(419)) - Started @148567ms
2019-09-27 10:15:00,958 [main] WARN  impl.MetricsSystemImpl (MetricsSystemImpl.java:register(276)) - Sink prometheus already exists!
2019-09-27 10:15:00,959 [main] INFO  server.BaseHttpServer (BaseHttpServer.java:updateConnectorAddress(215)) - HTTP server of HDDSDATANODE is listening at http://0.0.0.0:37800
2019-09-27 10:15:00,959 [main] INFO  impl.MetricsSystemImpl (MetricsSystemImpl.java:init(158)) - HddsDatanode metrics system started (again)
2019-09-27 10:15:00,962 [main] INFO  ozone.HddsDatanodeService (HddsDatanodeService.java:start(184)) - HddsDatanodeService host:pr-hdds2162-4fxhj-20988671 ip:192.168.151.103
2019-09-27 10:15:00,962 [org.apache.hadoop.util.JvmPauseMonitor$Monitor@6009e50b] INFO  util.JvmPauseMonitor (JvmPauseMonitor.java:run(188)) - Starting JVM pause monitor
2019-09-27 10:15:00,964 [Datanode State Machine Thread - 0] INFO  datanode.InitDatanodeState (InitDatanodeState.java:persistContainerDatanodeDetails(140)) - DatanodeDetails is persisted to /workdir/hadoop-ozone/integration-test/target/test-dir/MiniOzoneClusterImpl-bf7d7b01-9820-4bf2-ac73-317d86ffef37/datanode-1/meta/datanode.id
2019-09-27 10:15:00,968 [main] INFO  volume.HddsVolume (HddsVolume.java:<init>(176)) - Creating Volume: /workdir/hadoop-ozone/integration-test/target/test-dir/MiniOzoneClusterImpl-bf7d7b01-9820-4bf2-ac73-317d86ffef37/datanode-2/data/containers/hdds of  storage type : DISK and capacity : 1482555576320
2019-09-27 10:15:00,968 [main] INFO  volume.VolumeSet (VolumeSet.java:initializeVolumeSet(170)) - Added Volume : /workdir/hadoop-ozone/integration-test/target/test-dir/MiniOzoneClusterImpl-bf7d7b01-9820-4bf2-ac73-317d86ffef37/datanode-2/data/containers/hdds to VolumeSet
2019-09-27 10:15:00,968 [main] INFO  volume.ThrottledAsyncChecker (ThrottledAsyncChecker.java:schedule(139)) - Scheduling a check for org.apache.hadoop.ozone.container.common.volume.HddsVolume@6690b9fa
2019-09-27 10:15:00,969 [main] INFO  volume.HddsVolumeChecker (HddsVolumeChecker.java:checkAllVolumes(202)) - Scheduled health check for volume org.apache.hadoop.ozone.container.common.volume.HddsVolume@6690b9fa
2019-09-27 10:15:00,982 [main] INFO  impl.RaftServerProxy (ConfUtils.java:logGet(43)) - raft.rpc.type = GRPC (default)
2019-09-27 10:15:00,982 [main] INFO  grpc.GrpcFactory (GrpcFactory.java:checkPooledByteBufAllocatorUseCacheForAllThreads(45)) - PERFORMANCE WARNING: useCacheForAllThreads is true that may cause Netty to create a lot garbage objects and, as a result, trigger GC.
	It is recommended to disable useCacheForAllThreads by setting -Dorg.apache.ratis.thirdparty.io.netty.allocator.useCacheForAllThreads=false in command line.
2019-09-27 10:15:00,982 [main] INFO  grpc.GrpcConfigKeys$Server (ConfUtils.java:logGet(43)) - raft.grpc.server.port = 0 (default)
2019-09-27 10:15:00,983 [main] INFO  server.GrpcService (ConfUtils.java:logGet(43)) - raft.grpc.message.size.max = 33570816 (custom)
2019-09-27 10:15:00,983 [main] INFO  server.RaftServerConfigKeys (ConfUtils.java:logGet(43)) - raft.server.log.appender.buffer.byte-limit = 33554432 (custom)
2019-09-27 10:15:00,983 [main] INFO  server.GrpcService (ConfUtils.java:logGet(43)) - raft.grpc.flow.control.window = 1MB (=1048576) (default)
2019-09-27 10:15:00,983 [main] INFO  server.RaftServerConfigKeys (ConfUtils.java:logGet(43)) - raft.server.rpc.request.timeout = 3000ms (default)
2019-09-27 10:15:00,984 [main] INFO  server.RaftServerConfigKeys (ConfUtils.java:logGet(43)) - raft.server.storage.dir = [/workdir/hadoop-ozone/integration-test/target/test-dir/MiniOzoneClusterImpl-bf7d7b01-9820-4bf2-ac73-317d86ffef37/datanode-2/data/ratis] (custom)
2019-09-27 10:15:00,985 [main] INFO  hdfs.DFSUtil (DFSUtil.java:httpServerTemplateForNNAndJN(1641)) - Starting Web-server for hddsDatanode at: http://0.0.0.0:0
2019-09-27 10:15:00,986 [main] INFO  server.AuthenticationFilter (AuthenticationFilter.java:constructSecretProvider(240)) - Unable to initialize FileSignerSecretProvider, falling back to use random secrets.
2019-09-27 10:15:00,987 [main] WARN  http.HttpRequestLog (HttpRequestLog.java:getRequestLog(97)) - Jetty request log can only be enabled using Log4j
2019-09-27 10:15:00,988 [main] INFO  http.HttpServer2 (HttpServer2.java:addGlobalFilter(975)) - Added global filter 'safety' (class=org.apache.hadoop.http.HttpServer2$QuotingInputFilter)
2019-09-27 10:15:00,988 [main] INFO  http.HttpServer2 (HttpServer2.java:addFilter(948)) - Added filter static_user_filter (class=org.apache.hadoop.http.lib.StaticUserWebFilter$StaticUserFilter) to context hddsDatanode
2019-09-27 10:15:00,988 [main] INFO  http.HttpServer2 (HttpServer2.java:addFilter(958)) - Added filter static_user_filter (class=org.apache.hadoop.http.lib.StaticUserWebFilter$StaticUserFilter) to context logs
2019-09-27 10:15:00,989 [main] INFO  http.HttpServer2 (HttpServer2.java:addFilter(958)) - Added filter static_user_filter (class=org.apache.hadoop.http.lib.StaticUserWebFilter$StaticUserFilter) to context static
2019-09-27 10:15:00,989 [main] INFO  http.HttpServer2 (HttpServer2.java:bindListener(1191)) - Jetty bound to port 45575
2019-09-27 10:15:00,989 [main] INFO  server.Server (Server.java:doStart(351)) - jetty-9.3.25.v20180904, build timestamp: 2018-09-04T21:11:46Z, git hash: 3ce520221d0240229c862b122d2b06c12a625732
2019-09-27 10:15:00,991 [main] INFO  handler.ContextHandler (ContextHandler.java:doStart(781)) - Started o.e.j.s.ServletContextHandler@10c47c79{/logs,file:///workdir/hadoop-ozone/integration-test/target/log,AVAILABLE}
2019-09-27 10:15:00,991 [main] INFO  handler.ContextHandler (ContextHandler.java:doStart(781)) - Started o.e.j.s.ServletContextHandler@753fd7a1{/static,jar:file:/home/user/.m2/repository/org/apache/hadoop/hadoop-hdds-container-service/0.5.0-SNAPSHOT/hadoop-hdds-container-service-0.5.0-SNAPSHOT.jar!/webapps/static,AVAILABLE}
2019-09-27 10:15:01,019 [main] INFO  handler.ContextHandler (ContextHandler.java:doStart(781)) - Started o.e.j.w.WebAppContext@3234474{/,file:///tmp/jetty-0.0.0.0-45575-hddsDatanode-_-any-219310172093440801.dir/webapp/,AVAILABLE}{/hddsDatanode}
2019-09-27 10:15:01,020 [main] INFO  server.AbstractConnector (AbstractConnector.java:doStart(278)) - Started ServerConnector@631cb129{HTTP/1.1,[http/1.1]}{0.0.0.0:45575}
2019-09-27 10:15:01,021 [main] INFO  server.Server (Server.java:doStart(419)) - Started @148630ms
2019-09-27 10:15:01,021 [main] WARN  impl.MetricsSystemImpl (MetricsSystemImpl.java:register(276)) - Sink prometheus already exists!
2019-09-27 10:15:01,022 [main] INFO  server.BaseHttpServer (BaseHttpServer.java:updateConnectorAddress(215)) - HTTP server of HDDSDATANODE is listening at http://0.0.0.0:45575
2019-09-27 10:15:01,022 [main] INFO  impl.MetricsSystemImpl (MetricsSystemImpl.java:init(158)) - HddsDatanode metrics system started (again)
2019-09-27 10:15:01,025 [main] INFO  ozone.HddsDatanodeService (HddsDatanodeService.java:start(184)) - HddsDatanodeService host:pr-hdds2162-4fxhj-20988671 ip:192.168.151.103
2019-09-27 10:15:01,025 [org.apache.hadoop.util.JvmPauseMonitor$Monitor@4a586b32] INFO  util.JvmPauseMonitor (JvmPauseMonitor.java:run(188)) - Starting JVM pause monitor
2019-09-27 10:15:01,028 [Datanode State Machine Thread - 0] INFO  datanode.InitDatanodeState (InitDatanodeState.java:persistContainerDatanodeDetails(140)) - DatanodeDetails is persisted to /workdir/hadoop-ozone/integration-test/target/test-dir/MiniOzoneClusterImpl-bf7d7b01-9820-4bf2-ac73-317d86ffef37/datanode-2/meta/datanode.id
2019-09-27 10:15:01,031 [main] INFO  volume.HddsVolume (HddsVolume.java:<init>(176)) - Creating Volume: /workdir/hadoop-ozone/integration-test/target/test-dir/MiniOzoneClusterImpl-bf7d7b01-9820-4bf2-ac73-317d86ffef37/datanode-3/data/containers/hdds of  storage type : DISK and capacity : 1482555576320
2019-09-27 10:15:01,031 [main] INFO  volume.VolumeSet (VolumeSet.java:initializeVolumeSet(170)) - Added Volume : /workdir/hadoop-ozone/integration-test/target/test-dir/MiniOzoneClusterImpl-bf7d7b01-9820-4bf2-ac73-317d86ffef37/datanode-3/data/containers/hdds to VolumeSet
2019-09-27 10:15:01,032 [main] INFO  volume.ThrottledAsyncChecker (ThrottledAsyncChecker.java:schedule(139)) - Scheduling a check for org.apache.hadoop.ozone.container.common.volume.HddsVolume@1668919e
2019-09-27 10:15:01,032 [main] INFO  volume.HddsVolumeChecker (HddsVolumeChecker.java:checkAllVolumes(202)) - Scheduled health check for volume org.apache.hadoop.ozone.container.common.volume.HddsVolume@1668919e
2019-09-27 10:15:01,045 [main] INFO  impl.RaftServerProxy (ConfUtils.java:logGet(43)) - raft.rpc.type = GRPC (default)
2019-09-27 10:15:01,045 [main] INFO  grpc.GrpcFactory (GrpcFactory.java:checkPooledByteBufAllocatorUseCacheForAllThreads(45)) - PERFORMANCE WARNING: useCacheForAllThreads is true that may cause Netty to create a lot garbage objects and, as a result, trigger GC.
	It is recommended to disable useCacheForAllThreads by setting -Dorg.apache.ratis.thirdparty.io.netty.allocator.useCacheForAllThreads=false in command line.
2019-09-27 10:15:01,046 [main] INFO  grpc.GrpcConfigKeys$Server (ConfUtils.java:logGet(43)) - raft.grpc.server.port = 0 (default)
2019-09-27 10:15:01,046 [main] INFO  server.GrpcService (ConfUtils.java:logGet(43)) - raft.grpc.message.size.max = 33570816 (custom)
2019-09-27 10:15:01,046 [main] INFO  server.RaftServerConfigKeys (ConfUtils.java:logGet(43)) - raft.server.log.appender.buffer.byte-limit = 33554432 (custom)
2019-09-27 10:15:01,046 [main] INFO  server.GrpcService (ConfUtils.java:logGet(43)) - raft.grpc.flow.control.window = 1MB (=1048576) (default)
2019-09-27 10:15:01,046 [main] INFO  server.RaftServerConfigKeys (ConfUtils.java:logGet(43)) - raft.server.rpc.request.timeout = 3000ms (default)
2019-09-27 10:15:01,047 [main] INFO  server.RaftServerConfigKeys (ConfUtils.java:logGet(43)) - raft.server.storage.dir = [/workdir/hadoop-ozone/integration-test/target/test-dir/MiniOzoneClusterImpl-bf7d7b01-9820-4bf2-ac73-317d86ffef37/datanode-3/data/ratis] (custom)
2019-09-27 10:15:01,048 [main] INFO  hdfs.DFSUtil (DFSUtil.java:httpServerTemplateForNNAndJN(1641)) - Starting Web-server for hddsDatanode at: http://0.0.0.0:0
2019-09-27 10:15:01,049 [main] INFO  server.AuthenticationFilter (AuthenticationFilter.java:constructSecretProvider(240)) - Unable to initialize FileSignerSecretProvider, falling back to use random secrets.
2019-09-27 10:15:01,050 [main] WARN  http.HttpRequestLog (HttpRequestLog.java:getRequestLog(97)) - Jetty request log can only be enabled using Log4j
2019-09-27 10:15:01,051 [main] INFO  http.HttpServer2 (HttpServer2.java:addGlobalFilter(975)) - Added global filter 'safety' (class=org.apache.hadoop.http.HttpServer2$QuotingInputFilter)
2019-09-27 10:15:01,052 [main] INFO  http.HttpServer2 (HttpServer2.java:addFilter(948)) - Added filter static_user_filter (class=org.apache.hadoop.http.lib.StaticUserWebFilter$StaticUserFilter) to context hddsDatanode
2019-09-27 10:15:01,052 [main] INFO  http.HttpServer2 (HttpServer2.java:addFilter(958)) - Added filter static_user_filter (class=org.apache.hadoop.http.lib.StaticUserWebFilter$StaticUserFilter) to context logs
2019-09-27 10:15:01,052 [main] INFO  http.HttpServer2 (HttpServer2.java:addFilter(958)) - Added filter static_user_filter (class=org.apache.hadoop.http.lib.StaticUserWebFilter$StaticUserFilter) to context static
2019-09-27 10:15:01,053 [main] INFO  http.HttpServer2 (HttpServer2.java:bindListener(1191)) - Jetty bound to port 43526
2019-09-27 10:15:01,053 [main] INFO  server.Server (Server.java:doStart(351)) - jetty-9.3.25.v20180904, build timestamp: 2018-09-04T21:11:46Z, git hash: 3ce520221d0240229c862b122d2b06c12a625732
2019-09-27 10:15:01,055 [main] INFO  handler.ContextHandler (ContextHandler.java:doStart(781)) - Started o.e.j.s.ServletContextHandler@5e99b9c{/logs,file:///workdir/hadoop-ozone/integration-test/target/log,AVAILABLE}
2019-09-27 10:15:01,055 [main] INFO  handler.ContextHandler (ContextHandler.java:doStart(781)) - Started o.e.j.s.ServletContextHandler@1c3259fa{/static,jar:file:/home/user/.m2/repository/org/apache/hadoop/hadoop-hdds-container-service/0.5.0-SNAPSHOT/hadoop-hdds-container-service-0.5.0-SNAPSHOT.jar!/webapps/static,AVAILABLE}
2019-09-27 10:15:01,083 [main] INFO  handler.ContextHandler (ContextHandler.java:doStart(781)) - Started o.e.j.w.WebAppContext@20eaeaf8{/,file:///tmp/jetty-0.0.0.0-43526-hddsDatanode-_-any-165207657944133976.dir/webapp/,AVAILABLE}{/hddsDatanode}
2019-09-27 10:15:01,083 [main] INFO  server.AbstractConnector (AbstractConnector.java:doStart(278)) - Started ServerConnector@748ac6f3{HTTP/1.1,[http/1.1]}{0.0.0.0:43526}
2019-09-27 10:15:01,085 [main] INFO  server.Server (Server.java:doStart(419)) - Started @148694ms
2019-09-27 10:15:01,085 [main] WARN  impl.MetricsSystemImpl (MetricsSystemImpl.java:register(276)) - Sink prometheus already exists!
2019-09-27 10:15:01,085 [main] INFO  server.BaseHttpServer (BaseHttpServer.java:updateConnectorAddress(215)) - HTTP server of HDDSDATANODE is listening at http://0.0.0.0:43526
2019-09-27 10:15:01,086 [main] INFO  impl.MetricsSystemImpl (MetricsSystemImpl.java:init(158)) - HddsDatanode metrics system started (again)
2019-09-27 10:15:01,089 [main] INFO  ozone.HddsDatanodeService (HddsDatanodeService.java:start(184)) - HddsDatanodeService host:pr-hdds2162-4fxhj-20988671 ip:192.168.151.103
2019-09-27 10:15:01,089 [org.apache.hadoop.util.JvmPauseMonitor$Monitor@5893634c] INFO  util.JvmPauseMonitor (JvmPauseMonitor.java:run(188)) - Starting JVM pause monitor
2019-09-27 10:15:01,091 [Datanode State Machine Thread - 0] INFO  datanode.InitDatanodeState (InitDatanodeState.java:persistContainerDatanodeDetails(140)) - DatanodeDetails is persisted to /workdir/hadoop-ozone/integration-test/target/test-dir/MiniOzoneClusterImpl-bf7d7b01-9820-4bf2-ac73-317d86ffef37/datanode-3/meta/datanode.id
2019-09-27 10:15:01,095 [main] INFO  volume.HddsVolume (HddsVolume.java:<init>(176)) - Creating Volume: /workdir/hadoop-ozone/integration-test/target/test-dir/MiniOzoneClusterImpl-bf7d7b01-9820-4bf2-ac73-317d86ffef37/datanode-4/data/containers/hdds of  storage type : DISK and capacity : 1482555576320
2019-09-27 10:15:01,095 [main] INFO  volume.VolumeSet (VolumeSet.java:initializeVolumeSet(170)) - Added Volume : /workdir/hadoop-ozone/integration-test/target/test-dir/MiniOzoneClusterImpl-bf7d7b01-9820-4bf2-ac73-317d86ffef37/datanode-4/data/containers/hdds to VolumeSet
2019-09-27 10:15:01,095 [main] INFO  volume.ThrottledAsyncChecker (ThrottledAsyncChecker.java:schedule(139)) - Scheduling a check for org.apache.hadoop.ozone.container.common.volume.HddsVolume@60990e5c
2019-09-27 10:15:01,096 [main] INFO  volume.HddsVolumeChecker (HddsVolumeChecker.java:checkAllVolumes(202)) - Scheduled health check for volume org.apache.hadoop.ozone.container.common.volume.HddsVolume@60990e5c
2019-09-27 10:15:01,109 [main] INFO  impl.RaftServerProxy (ConfUtils.java:logGet(43)) - raft.rpc.type = GRPC (default)
2019-09-27 10:15:01,109 [main] INFO  grpc.GrpcFactory (GrpcFactory.java:checkPooledByteBufAllocatorUseCacheForAllThreads(45)) - PERFORMANCE WARNING: useCacheForAllThreads is true that may cause Netty to create a lot garbage objects and, as a result, trigger GC.
	It is recommended to disable useCacheForAllThreads by setting -Dorg.apache.ratis.thirdparty.io.netty.allocator.useCacheForAllThreads=false in command line.
2019-09-27 10:15:01,109 [main] INFO  grpc.GrpcConfigKeys$Server (ConfUtils.java:logGet(43)) - raft.grpc.server.port = 0 (default)
2019-09-27 10:15:01,110 [main] INFO  server.GrpcService (ConfUtils.java:logGet(43)) - raft.grpc.message.size.max = 33570816 (custom)
2019-09-27 10:15:01,110 [main] INFO  server.RaftServerConfigKeys (ConfUtils.java:logGet(43)) - raft.server.log.appender.buffer.byte-limit = 33554432 (custom)
2019-09-27 10:15:01,110 [main] INFO  server.GrpcService (ConfUtils.java:logGet(43)) - raft.grpc.flow.control.window = 1MB (=1048576) (default)
2019-09-27 10:15:01,110 [main] INFO  server.RaftServerConfigKeys (ConfUtils.java:logGet(43)) - raft.server.rpc.request.timeout = 3000ms (default)
2019-09-27 10:15:01,111 [main] INFO  server.RaftServerConfigKeys (ConfUtils.java:logGet(43)) - raft.server.storage.dir = [/workdir/hadoop-ozone/integration-test/target/test-dir/MiniOzoneClusterImpl-bf7d7b01-9820-4bf2-ac73-317d86ffef37/datanode-4/data/ratis] (custom)
2019-09-27 10:15:01,112 [main] INFO  hdfs.DFSUtil (DFSUtil.java:httpServerTemplateForNNAndJN(1641)) - Starting Web-server for hddsDatanode at: http://0.0.0.0:0
2019-09-27 10:15:01,113 [main] INFO  server.AuthenticationFilter (AuthenticationFilter.java:constructSecretProvider(240)) - Unable to initialize FileSignerSecretProvider, falling back to use random secrets.
2019-09-27 10:15:01,113 [main] WARN  http.HttpRequestLog (HttpRequestLog.java:getRequestLog(97)) - Jetty request log can only be enabled using Log4j
2019-09-27 10:15:01,115 [main] INFO  http.HttpServer2 (HttpServer2.java:addGlobalFilter(975)) - Added global filter 'safety' (class=org.apache.hadoop.http.HttpServer2$QuotingInputFilter)
2019-09-27 10:15:01,115 [main] INFO  http.HttpServer2 (HttpServer2.java:addFilter(948)) - Added filter static_user_filter (class=org.apache.hadoop.http.lib.StaticUserWebFilter$StaticUserFilter) to context hddsDatanode
2019-09-27 10:15:01,115 [main] INFO  http.HttpServer2 (HttpServer2.java:addFilter(958)) - Added filter static_user_filter (class=org.apache.hadoop.http.lib.StaticUserWebFilter$StaticUserFilter) to context logs
2019-09-27 10:15:01,115 [main] INFO  http.HttpServer2 (HttpServer2.java:addFilter(958)) - Added filter static_user_filter (class=org.apache.hadoop.http.lib.StaticUserWebFilter$StaticUserFilter) to context static
2019-09-27 10:15:01,116 [main] INFO  http.HttpServer2 (HttpServer2.java:bindListener(1191)) - Jetty bound to port 45096
2019-09-27 10:15:01,116 [main] INFO  server.Server (Server.java:doStart(351)) - jetty-9.3.25.v20180904, build timestamp: 2018-09-04T21:11:46Z, git hash: 3ce520221d0240229c862b122d2b06c12a625732
2019-09-27 10:15:01,118 [main] INFO  handler.ContextHandler (ContextHandler.java:doStart(781)) - Started o.e.j.s.ServletContextHandler@315105f{/logs,file:///workdir/hadoop-ozone/integration-test/target/log,AVAILABLE}
2019-09-27 10:15:01,119 [main] INFO  handler.ContextHandler (ContextHandler.java:doStart(781)) - Started o.e.j.s.ServletContextHandler@40247d48{/static,jar:file:/home/user/.m2/repository/org/apache/hadoop/hadoop-hdds-container-service/0.5.0-SNAPSHOT/hadoop-hdds-container-service-0.5.0-SNAPSHOT.jar!/webapps/static,AVAILABLE}
2019-09-27 10:15:01,146 [main] INFO  handler.ContextHandler (ContextHandler.java:doStart(781)) - Started o.e.j.w.WebAppContext@6ff0b1cc{/,file:///tmp/jetty-0.0.0.0-45096-hddsDatanode-_-any-6064897011440749390.dir/webapp/,AVAILABLE}{/hddsDatanode}
2019-09-27 10:15:01,147 [main] INFO  server.AbstractConnector (AbstractConnector.java:doStart(278)) - Started ServerConnector@3b55dd15{HTTP/1.1,[http/1.1]}{0.0.0.0:45096}
2019-09-27 10:15:01,148 [main] INFO  server.Server (Server.java:doStart(419)) - Started @148757ms
2019-09-27 10:15:01,148 [main] WARN  impl.MetricsSystemImpl (MetricsSystemImpl.java:register(276)) - Sink prometheus already exists!
2019-09-27 10:15:01,149 [main] INFO  server.BaseHttpServer (BaseHttpServer.java:updateConnectorAddress(215)) - HTTP server of HDDSDATANODE is listening at http://0.0.0.0:45096
2019-09-27 10:15:01,149 [main] INFO  impl.MetricsSystemImpl (MetricsSystemImpl.java:init(158)) - HddsDatanode metrics system started (again)
2019-09-27 10:15:01,152 [org.apache.hadoop.util.JvmPauseMonitor$Monitor@4724c61b] INFO  util.JvmPauseMonitor (JvmPauseMonitor.java:run(188)) - Starting JVM pause monitor
2019-09-27 10:15:01,152 [main] INFO  ozone.HddsDatanodeService (HddsDatanodeService.java:start(184)) - HddsDatanodeService host:pr-hdds2162-4fxhj-20988671 ip:192.168.151.103
2019-09-27 10:15:01,155 [Datanode State Machine Thread - 0] INFO  datanode.InitDatanodeState (InitDatanodeState.java:persistContainerDatanodeDetails(140)) - DatanodeDetails is persisted to /workdir/hadoop-ozone/integration-test/target/test-dir/MiniOzoneClusterImpl-bf7d7b01-9820-4bf2-ac73-317d86ffef37/datanode-4/meta/datanode.id
2019-09-27 10:15:01,160 [main] INFO  volume.HddsVolume (HddsVolume.java:<init>(176)) - Creating Volume: /workdir/hadoop-ozone/integration-test/target/test-dir/MiniOzoneClusterImpl-bf7d7b01-9820-4bf2-ac73-317d86ffef37/datanode-5/data/containers/hdds of  storage type : DISK and capacity : 1482555576320
2019-09-27 10:15:01,160 [main] INFO  volume.VolumeSet (VolumeSet.java:initializeVolumeSet(170)) - Added Volume : /workdir/hadoop-ozone/integration-test/target/test-dir/MiniOzoneClusterImpl-bf7d7b01-9820-4bf2-ac73-317d86ffef37/datanode-5/data/containers/hdds to VolumeSet
2019-09-27 10:15:01,160 [main] INFO  volume.ThrottledAsyncChecker (ThrottledAsyncChecker.java:schedule(139)) - Scheduling a check for org.apache.hadoop.ozone.container.common.volume.HddsVolume@92d1782
2019-09-27 10:15:01,161 [main] INFO  volume.HddsVolumeChecker (HddsVolumeChecker.java:checkAllVolumes(202)) - Scheduled health check for volume org.apache.hadoop.ozone.container.common.volume.HddsVolume@92d1782
2019-09-27 10:15:01,174 [main] INFO  impl.RaftServerProxy (ConfUtils.java:logGet(43)) - raft.rpc.type = GRPC (default)
2019-09-27 10:15:01,174 [main] INFO  grpc.GrpcFactory (GrpcFactory.java:checkPooledByteBufAllocatorUseCacheForAllThreads(45)) - PERFORMANCE WARNING: useCacheForAllThreads is true that may cause Netty to create a lot garbage objects and, as a result, trigger GC.
	It is recommended to disable useCacheForAllThreads by setting -Dorg.apache.ratis.thirdparty.io.netty.allocator.useCacheForAllThreads=false in command line.
2019-09-27 10:15:01,174 [main] INFO  grpc.GrpcConfigKeys$Server (ConfUtils.java:logGet(43)) - raft.grpc.server.port = 0 (default)
2019-09-27 10:15:01,175 [main] INFO  server.GrpcService (ConfUtils.java:logGet(43)) - raft.grpc.message.size.max = 33570816 (custom)
2019-09-27 10:15:01,175 [main] INFO  server.RaftServerConfigKeys (ConfUtils.java:logGet(43)) - raft.server.log.appender.buffer.byte-limit = 33554432 (custom)
2019-09-27 10:15:01,175 [main] INFO  server.GrpcService (ConfUtils.java:logGet(43)) - raft.grpc.flow.control.window = 1MB (=1048576) (default)
2019-09-27 10:15:01,175 [main] INFO  server.RaftServerConfigKeys (ConfUtils.java:logGet(43)) - raft.server.rpc.request.timeout = 3000ms (default)
2019-09-27 10:15:01,176 [main] INFO  server.RaftServerConfigKeys (ConfUtils.java:logGet(43)) - raft.server.storage.dir = [/workdir/hadoop-ozone/integration-test/target/test-dir/MiniOzoneClusterImpl-bf7d7b01-9820-4bf2-ac73-317d86ffef37/datanode-5/data/ratis] (custom)
2019-09-27 10:15:01,178 [main] INFO  hdfs.DFSUtil (DFSUtil.java:httpServerTemplateForNNAndJN(1641)) - Starting Web-server for hddsDatanode at: http://0.0.0.0:0
2019-09-27 10:15:01,179 [main] INFO  server.AuthenticationFilter (AuthenticationFilter.java:constructSecretProvider(240)) - Unable to initialize FileSignerSecretProvider, falling back to use random secrets.
2019-09-27 10:15:01,180 [main] WARN  http.HttpRequestLog (HttpRequestLog.java:getRequestLog(97)) - Jetty request log can only be enabled using Log4j
2019-09-27 10:15:01,181 [main] INFO  http.HttpServer2 (HttpServer2.java:addGlobalFilter(975)) - Added global filter 'safety' (class=org.apache.hadoop.http.HttpServer2$QuotingInputFilter)
2019-09-27 10:15:01,182 [main] INFO  http.HttpServer2 (HttpServer2.java:addFilter(948)) - Added filter static_user_filter (class=org.apache.hadoop.http.lib.StaticUserWebFilter$StaticUserFilter) to context hddsDatanode
2019-09-27 10:15:01,182 [main] INFO  http.HttpServer2 (HttpServer2.java:addFilter(958)) - Added filter static_user_filter (class=org.apache.hadoop.http.lib.StaticUserWebFilter$StaticUserFilter) to context logs
2019-09-27 10:15:01,182 [main] INFO  http.HttpServer2 (HttpServer2.java:addFilter(958)) - Added filter static_user_filter (class=org.apache.hadoop.http.lib.StaticUserWebFilter$StaticUserFilter) to context static
2019-09-27 10:15:01,183 [main] INFO  http.HttpServer2 (HttpServer2.java:bindListener(1191)) - Jetty bound to port 42557
2019-09-27 10:15:01,183 [main] INFO  server.Server (Server.java:doStart(351)) - jetty-9.3.25.v20180904, build timestamp: 2018-09-04T21:11:46Z, git hash: 3ce520221d0240229c862b122d2b06c12a625732
2019-09-27 10:15:01,185 [main] INFO  handler.ContextHandler (ContextHandler.java:doStart(781)) - Started o.e.j.s.ServletContextHandler@64942607{/logs,file:///workdir/hadoop-ozone/integration-test/target/log,AVAILABLE}
2019-09-27 10:15:01,185 [main] INFO  handler.ContextHandler (ContextHandler.java:doStart(781)) - Started o.e.j.s.ServletContextHandler@7cfac39f{/static,jar:file:/home/user/.m2/repository/org/apache/hadoop/hadoop-hdds-container-service/0.5.0-SNAPSHOT/hadoop-hdds-container-service-0.5.0-SNAPSHOT.jar!/webapps/static,AVAILABLE}
2019-09-27 10:15:01,213 [main] INFO  handler.ContextHandler (ContextHandler.java:doStart(781)) - Started o.e.j.w.WebAppContext@4a44cfc0{/,file:///tmp/jetty-0.0.0.0-42557-hddsDatanode-_-any-4136476278231201401.dir/webapp/,AVAILABLE}{/hddsDatanode}
2019-09-27 10:15:01,213 [main] INFO  server.AbstractConnector (AbstractConnector.java:doStart(278)) - Started ServerConnector@60e3c26e{HTTP/1.1,[http/1.1]}{0.0.0.0:42557}
2019-09-27 10:15:01,215 [main] INFO  server.Server (Server.java:doStart(419)) - Started @148824ms
2019-09-27 10:15:01,215 [main] WARN  impl.MetricsSystemImpl (MetricsSystemImpl.java:register(276)) - Sink prometheus already exists!
2019-09-27 10:15:01,215 [main] INFO  server.BaseHttpServer (BaseHttpServer.java:updateConnectorAddress(215)) - HTTP server of HDDSDATANODE is listening at http://0.0.0.0:42557
2019-09-27 10:15:01,216 [main] INFO  ozone.MiniOzoneClusterImpl (MiniOzoneClusterImpl.java:lambda$waitForClusterToBeReady$0(147)) - Waiting for cluster to be ready. Got 0 of 6 DN Heartbeats.
2019-09-27 10:15:01,217 [org.apache.hadoop.util.JvmPauseMonitor$Monitor@15f8f1ae] INFO  util.JvmPauseMonitor (JvmPauseMonitor.java:run(188)) - Starting JVM pause monitor
2019-09-27 10:15:01,222 [Datanode State Machine Thread - 0] INFO  datanode.InitDatanodeState (InitDatanodeState.java:persistContainerDatanodeDetails(140)) - DatanodeDetails is persisted to /workdir/hadoop-ozone/integration-test/target/test-dir/MiniOzoneClusterImpl-bf7d7b01-9820-4bf2-ac73-317d86ffef37/datanode-5/meta/datanode.id
2019-09-27 10:15:02,216 [main] INFO  ozone.MiniOzoneClusterImpl (MiniOzoneClusterImpl.java:lambda$waitForClusterToBeReady$0(147)) - Waiting for cluster to be ready. Got 0 of 6 DN Heartbeats.
2019-09-27 10:15:02,921 [Datanode State Machine Thread - 0] INFO  ozoneimpl.OzoneContainer (OzoneContainer.java:start(217)) - Attempting to start container services.
2019-09-27 10:15:02,922 [Datanode State Machine Thread - 0] INFO  ozoneimpl.OzoneContainer (OzoneContainer.java:startContainerScrub(179)) - Background container scanner has been disabled.
2019-09-27 10:15:02,922 [Datanode State Machine Thread - 0] INFO  ratis.XceiverServerRatis (XceiverServerRatis.java:start(411)) - Starting XceiverServerRatis 0d58d125-c024-4d5f-9cc5-d1c3650afd4f at port 0
2019-09-27 10:15:02,930 [Datanode State Machine Thread - 0] INFO  impl.RaftServerProxy (RaftServerProxy.java:lambda$start$3(299)) - 0d58d125-c024-4d5f-9cc5-d1c3650afd4f: start RPC server
2019-09-27 10:15:02,934 [Datanode State Machine Thread - 0] INFO  server.GrpcService (GrpcService.java:startImpl(158)) - 0d58d125-c024-4d5f-9cc5-d1c3650afd4f: GrpcService started, listening on 0.0.0.0/0.0.0.0:36563
2019-09-27 10:15:02,934 [Datanode State Machine Thread - 0] INFO  ratis.XceiverServerRatis (XceiverServerRatis.java:start(421)) - XceiverServerRatis 0d58d125-c024-4d5f-9cc5-d1c3650afd4f is started using port 36563
2019-09-27 10:15:02,935 [Datanode State Machine Thread - 0] INFO  server.XceiverServerGrpc (XceiverServerGrpc.java:start(149)) - XceiverServerGrpc 0d58d125-c024-4d5f-9cc5-d1c3650afd4f is started using port 38925
2019-09-27 10:15:02,977 [Datanode State Machine Thread - 0] INFO  ozoneimpl.OzoneContainer (OzoneContainer.java:start(217)) - Attempting to start container services.
2019-09-27 10:15:02,977 [Datanode State Machine Thread - 0] INFO  ozoneimpl.OzoneContainer (OzoneContainer.java:startContainerScrub(179)) - Background container scanner has been disabled.
2019-09-27 10:15:02,977 [Datanode State Machine Thread - 0] INFO  ratis.XceiverServerRatis (XceiverServerRatis.java:start(411)) - Starting XceiverServerRatis 559a1e5d-7325-42b4-8015-f20f7c522db9 at port 0
2019-09-27 10:15:02,986 [Datanode State Machine Thread - 0] INFO  impl.RaftServerProxy (RaftServerProxy.java:lambda$start$3(299)) - 559a1e5d-7325-42b4-8015-f20f7c522db9: start RPC server
2019-09-27 10:15:02,989 [Datanode State Machine Thread - 0] INFO  server.GrpcService (GrpcService.java:startImpl(158)) - 559a1e5d-7325-42b4-8015-f20f7c522db9: GrpcService started, listening on 0.0.0.0/0.0.0.0:39572
2019-09-27 10:15:02,989 [Datanode State Machine Thread - 0] INFO  ratis.XceiverServerRatis (XceiverServerRatis.java:start(421)) - XceiverServerRatis 559a1e5d-7325-42b4-8015-f20f7c522db9 is started using port 39572
2019-09-27 10:15:02,992 [Datanode State Machine Thread - 0] INFO  server.XceiverServerGrpc (XceiverServerGrpc.java:start(149)) - XceiverServerGrpc 559a1e5d-7325-42b4-8015-f20f7c522db9 is started using port 33691
2019-09-27 10:15:03,038 [Datanode State Machine Thread - 0] INFO  ozoneimpl.OzoneContainer (OzoneContainer.java:start(217)) - Attempting to start container services.
2019-09-27 10:15:03,038 [Datanode State Machine Thread - 0] INFO  ozoneimpl.OzoneContainer (OzoneContainer.java:startContainerScrub(179)) - Background container scanner has been disabled.
2019-09-27 10:15:03,038 [Datanode State Machine Thread - 0] INFO  ratis.XceiverServerRatis (XceiverServerRatis.java:start(411)) - Starting XceiverServerRatis 8daad421-2b8c-43d7-86bc-2a9f0604b7fd at port 0
2019-09-27 10:15:03,045 [Datanode State Machine Thread - 0] INFO  impl.RaftServerProxy (RaftServerProxy.java:lambda$start$3(299)) - 8daad421-2b8c-43d7-86bc-2a9f0604b7fd: start RPC server
2019-09-27 10:15:03,046 [Datanode State Machine Thread - 0] INFO  server.GrpcService (GrpcService.java:startImpl(158)) - 8daad421-2b8c-43d7-86bc-2a9f0604b7fd: GrpcService started, listening on 0.0.0.0/0.0.0.0:38707
2019-09-27 10:15:03,046 [Datanode State Machine Thread - 0] INFO  ratis.XceiverServerRatis (XceiverServerRatis.java:start(421)) - XceiverServerRatis 8daad421-2b8c-43d7-86bc-2a9f0604b7fd is started using port 38707
2019-09-27 10:15:03,047 [Datanode State Machine Thread - 0] INFO  server.XceiverServerGrpc (XceiverServerGrpc.java:start(149)) - XceiverServerGrpc 8daad421-2b8c-43d7-86bc-2a9f0604b7fd is started using port 39124
2019-09-27 10:15:03,103 [Datanode State Machine Thread - 0] INFO  ozoneimpl.OzoneContainer (OzoneContainer.java:start(217)) - Attempting to start container services.
2019-09-27 10:15:03,103 [Datanode State Machine Thread - 0] INFO  ozoneimpl.OzoneContainer (OzoneContainer.java:startContainerScrub(179)) - Background container scanner has been disabled.
2019-09-27 10:15:03,103 [Datanode State Machine Thread - 0] INFO  ratis.XceiverServerRatis (XceiverServerRatis.java:start(411)) - Starting XceiverServerRatis b5608615-b136-4a3c-af34-60e80608899d at port 0
2019-09-27 10:15:03,110 [Datanode State Machine Thread - 0] INFO  impl.RaftServerProxy (RaftServerProxy.java:lambda$start$3(299)) - b5608615-b136-4a3c-af34-60e80608899d: start RPC server
2019-09-27 10:15:03,111 [Datanode State Machine Thread - 0] INFO  server.GrpcService (GrpcService.java:startImpl(158)) - b5608615-b136-4a3c-af34-60e80608899d: GrpcService started, listening on 0.0.0.0/0.0.0.0:38736
2019-09-27 10:15:03,111 [Datanode State Machine Thread - 0] INFO  ratis.XceiverServerRatis (XceiverServerRatis.java:start(421)) - XceiverServerRatis b5608615-b136-4a3c-af34-60e80608899d is started using port 38736
2019-09-27 10:15:03,111 [Datanode State Machine Thread - 0] INFO  server.XceiverServerGrpc (XceiverServerGrpc.java:start(149)) - XceiverServerGrpc b5608615-b136-4a3c-af34-60e80608899d is started using port 34503
2019-09-27 10:15:03,167 [Datanode State Machine Thread - 0] INFO  ozoneimpl.OzoneContainer (OzoneContainer.java:start(217)) - Attempting to start container services.
2019-09-27 10:15:03,167 [Datanode State Machine Thread - 0] INFO  ozoneimpl.OzoneContainer (OzoneContainer.java:startContainerScrub(179)) - Background container scanner has been disabled.
2019-09-27 10:15:03,167 [Datanode State Machine Thread - 0] INFO  ratis.XceiverServerRatis (XceiverServerRatis.java:start(411)) - Starting XceiverServerRatis c83678cc-3f57-4f05-b497-f3d8e0652d41 at port 0
2019-09-27 10:15:03,173 [Datanode State Machine Thread - 0] INFO  impl.RaftServerProxy (RaftServerProxy.java:lambda$start$3(299)) - c83678cc-3f57-4f05-b497-f3d8e0652d41: start RPC server
2019-09-27 10:15:03,176 [Datanode State Machine Thread - 0] INFO  server.GrpcService (GrpcService.java:startImpl(158)) - c83678cc-3f57-4f05-b497-f3d8e0652d41: GrpcService started, listening on 0.0.0.0/0.0.0.0:46237
2019-09-27 10:15:03,177 [Datanode State Machine Thread - 0] INFO  ratis.XceiverServerRatis (XceiverServerRatis.java:start(421)) - XceiverServerRatis c83678cc-3f57-4f05-b497-f3d8e0652d41 is started using port 46237
2019-09-27 10:15:03,179 [Datanode State Machine Thread - 0] INFO  server.XceiverServerGrpc (XceiverServerGrpc.java:start(149)) - XceiverServerGrpc c83678cc-3f57-4f05-b497-f3d8e0652d41 is started using port 44033
2019-09-27 10:15:03,217 [main] INFO  ozone.MiniOzoneClusterImpl (MiniOzoneClusterImpl.java:lambda$waitForClusterToBeReady$0(147)) - Waiting for cluster to be ready. Got 0 of 6 DN Heartbeats.
2019-09-27 10:15:03,229 [Datanode State Machine Thread - 0] INFO  ozoneimpl.OzoneContainer (OzoneContainer.java:start(217)) - Attempting to start container services.
2019-09-27 10:15:03,231 [Datanode State Machine Thread - 0] INFO  ozoneimpl.OzoneContainer (OzoneContainer.java:startContainerScrub(179)) - Background container scanner has been disabled.
2019-09-27 10:15:03,232 [Datanode State Machine Thread - 0] INFO  ratis.XceiverServerRatis (XceiverServerRatis.java:start(411)) - Starting XceiverServerRatis 7f046ac0-040c-46f3-9bb5-a2271b996dc0 at port 0
2019-09-27 10:15:03,239 [Datanode State Machine Thread - 0] INFO  impl.RaftServerProxy (RaftServerProxy.java:lambda$start$3(299)) - 7f046ac0-040c-46f3-9bb5-a2271b996dc0: start RPC server
2019-09-27 10:15:03,244 [Datanode State Machine Thread - 0] INFO  server.GrpcService (GrpcService.java:startImpl(158)) - 7f046ac0-040c-46f3-9bb5-a2271b996dc0: GrpcService started, listening on 0.0.0.0/0.0.0.0:41608
2019-09-27 10:15:03,244 [Datanode State Machine Thread - 0] INFO  ratis.XceiverServerRatis (XceiverServerRatis.java:start(421)) - XceiverServerRatis 7f046ac0-040c-46f3-9bb5-a2271b996dc0 is started using port 41608
2019-09-27 10:15:03,247 [Datanode State Machine Thread - 0] INFO  server.XceiverServerGrpc (XceiverServerGrpc.java:start(149)) - XceiverServerGrpc 7f046ac0-040c-46f3-9bb5-a2271b996dc0 is started using port 40600
2019-09-27 10:15:04,217 [main] INFO  ozone.MiniOzoneClusterImpl (MiniOzoneClusterImpl.java:lambda$waitForClusterToBeReady$0(147)) - Waiting for cluster to be ready. Got 0 of 6 DN Heartbeats.
2019-09-27 10:15:04,903 [IPC Server handler 1 on 37095] INFO  net.NetworkTopology (NetworkTopologyImpl.java:add(111)) - Added a new node: /default-rack/0d58d125-c024-4d5f-9cc5-d1c3650afd4f
2019-09-27 10:15:04,906 [IPC Server handler 1 on 37095] INFO  node.SCMNodeManager (SCMNodeManager.java:register(266)) - Registered Data node : 0d58d125-c024-4d5f-9cc5-d1c3650afd4f{ip: 192.168.151.103, host: pr-hdds2162-4fxhj-20988671, networkLocation: /default-rack, certSerialId: null}
2019-09-27 10:15:04,907 [EventQueue-NodeRegistrationContainerReportForDataNodeSafeModeRule] INFO  safemode.SCMSafeModeManager (DataNodeSafeModeRule.java:process(71)) - SCM in safe mode. 1 DataNodes registered, 1 required.
2019-09-27 10:15:04,909 [EventQueue-NodeRegistrationContainerReportForDataNodeSafeModeRule] INFO  safemode.SCMSafeModeManager (SCMSafeModeManager.java:validateSafeModeExitRules(177)) - ScmSafeModeManager, all rules are successfully validated
2019-09-27 10:15:04,909 [EventQueue-NodeRegistrationContainerReportForDataNodeSafeModeRule] INFO  safemode.SCMSafeModeManager (SCMSafeModeManager.java:exitSafeMode(193)) - SCM exiting safe mode.
2019-09-27 10:15:04,932 [grpc-default-executor-0] INFO  impl.RaftServerProxy (RaftServerProxy.java:addNew(89)) - 0d58d125-c024-4d5f-9cc5-d1c3650afd4f: addNew group-1501CBD631F2:[0d58d125-c024-4d5f-9cc5-d1c3650afd4f:192.168.151.103:36563] returns group-1501CBD631F2:java.util.concurrent.CompletableFuture@171874[Not completed]
2019-09-27 10:15:04,933 [pool-147-thread-1] INFO  impl.RaftServerImpl (RaftServerImpl.java:<init>(95)) - 0d58d125-c024-4d5f-9cc5-d1c3650afd4f: new RaftServerImpl for group-1501CBD631F2:[0d58d125-c024-4d5f-9cc5-d1c3650afd4f:192.168.151.103:36563] with ContainerStateMachine:uninitialized
2019-09-27 10:15:04,933 [pool-147-thread-1] INFO  server.RaftServerConfigKeys (ConfUtils.java:logGet(43)) - raft.server.rpc.timeout.min = 1s (custom)
2019-09-27 10:15:04,934 [pool-147-thread-1] INFO  server.RaftServerConfigKeys (ConfUtils.java:logGet(43)) - raft.server.rpc.timeout.max = 1200ms (custom)
2019-09-27 10:15:04,934 [pool-147-thread-1] INFO  server.RaftServerConfigKeys (ConfUtils.java:logGet(43)) - raft.server.rpcslowness.timeout = 120s (custom)
2019-09-27 10:15:04,934 [pool-147-thread-1] INFO  server.RaftServerConfigKeys (ConfUtils.java:logGet(43)) - raft.server.sleep.deviation.threshold = 300 (default)
2019-09-27 10:15:04,934 [pool-147-thread-1] INFO  server.RaftServerConfigKeys (ConfUtils.java:logGet(43)) - raft.server.log.appender.install.snapshot.enabled = false (custom)
2019-09-27 10:15:04,934 [pool-147-thread-1] INFO  impl.RaftServerImpl (ServerState.java:<init>(103)) - 0d58d125-c024-4d5f-9cc5-d1c3650afd4f@group-1501CBD631F2: ConfigurationManager, init=-1: [0d58d125-c024-4d5f-9cc5-d1c3650afd4f:192.168.151.103:36563], old=null, confs=<EMPTY_MAP>
2019-09-27 10:15:04,935 [pool-147-thread-1] INFO  server.RaftServerConfigKeys (ConfUtils.java:logGet(43)) - raft.server.storage.dir = [/workdir/hadoop-ozone/integration-test/target/test-dir/MiniOzoneClusterImpl-bf7d7b01-9820-4bf2-ac73-317d86ffef37/datanode-0/data/ratis] (custom)
2019-09-27 10:15:04,935 [pool-147-thread-1] INFO  storage.RaftStorageDirectory (RaftStorageDirectory.java:analyzeStorage(246)) - The storage directory /workdir/hadoop-ozone/integration-test/target/test-dir/MiniOzoneClusterImpl-bf7d7b01-9820-4bf2-ac73-317d86ffef37/datanode-0/data/ratis/4e75c1d8-ab35-472c-abc1-1501cbd631f2 does not exist. Creating ...
2019-09-27 10:15:04,960 [pool-147-thread-1] INFO  storage.RaftStorageDirectory (RaftStorageDirectory.java:tryLock(328)) - Lock on /workdir/hadoop-ozone/integration-test/target/test-dir/MiniOzoneClusterImpl-bf7d7b01-9820-4bf2-ac73-317d86ffef37/datanode-0/data/ratis/4e75c1d8-ab35-472c-abc1-1501cbd631f2/in_use.lock acquired by nodename 4387@pr-hdds2162-4fxhj-20988671
2019-09-27 10:15:04,963 [IPC Server handler 4 on 37095] INFO  net.NetworkTopology (NetworkTopologyImpl.java:add(111)) - Added a new node: /default-rack/559a1e5d-7325-42b4-8015-f20f7c522db9
2019-09-27 10:15:04,963 [IPC Server handler 4 on 37095] INFO  node.SCMNodeManager (SCMNodeManager.java:register(266)) - Registered Data node : 559a1e5d-7325-42b4-8015-f20f7c522db9{ip: 192.168.151.103, host: pr-hdds2162-4fxhj-20988671, networkLocation: /default-rack, certSerialId: null}
2019-09-27 10:15:04,973 [pool-147-thread-1] INFO  storage.RaftStorage (RaftStorage.java:format(72)) - Storage directory /workdir/hadoop-ozone/integration-test/target/test-dir/MiniOzoneClusterImpl-bf7d7b01-9820-4bf2-ac73-317d86ffef37/datanode-0/data/ratis/4e75c1d8-ab35-472c-abc1-1501cbd631f2 has been successfully formatted.
2019-09-27 10:15:04,973 [pool-147-thread-1] INFO  ratis.ContainerStateMachine (ContainerStateMachine.java:loadSnapshot(230)) - group-1501CBD631F2: The snapshot info is null. Setting the last applied indexto:(t:0, i:~)
2019-09-27 10:15:04,973 [pool-147-thread-1] INFO  server.RaftServerConfigKeys (ConfUtils.java:logGet(43)) - raft.server.notification.no-leader.timeout = 120s (custom)
2019-09-27 10:15:04,973 [pool-147-thread-1] INFO  server.RaftServerConfigKeys (ConfUtils.java:logGet(43)) - raft.server.log.use.memory = false (default)
2019-09-27 10:15:04,974 [pool-147-thread-1] INFO  server.RaftServerConfigKeys (ConfUtils.java:logGet(43)) - raft.server.log.purge.gap = 1000000 (custom)
2019-09-27 10:15:04,974 [pool-147-thread-1] INFO  server.RaftServerConfigKeys (ConfUtils.java:logGet(43)) - raft.server.log.appender.buffer.byte-limit = 33554432 (custom)
2019-09-27 10:15:04,974 [pool-147-thread-1] INFO  server.RaftServerConfigKeys (ConfUtils.java:logGet(43)) - raft.server.log.segment.size.max = 1048576 (custom)
2019-09-27 10:15:04,974 [pool-147-thread-1] INFO  server.RaftServerConfigKeys (ConfUtils.java:logGet(43)) - raft.server.log.segment.cache.num.max = 2 (custom)
2019-09-27 10:15:04,974 [pool-147-thread-1] INFO  segmented.SegmentedRaftLogWorker (SegmentedRaftLogWorker.java:<init>(172)) - new 0d58d125-c024-4d5f-9cc5-d1c3650afd4f@group-1501CBD631F2-SegmentedRaftLogWorker for RaftStorage:Storage Directory /workdir/hadoop-ozone/integration-test/target/test-dir/MiniOzoneClusterImpl-bf7d7b01-9820-4bf2-ac73-317d86ffef37/datanode-0/data/ratis/4e75c1d8-ab35-472c-abc1-1501cbd631f2
2019-09-27 10:15:04,977 [pool-147-thread-1] INFO  server.RaftServerConfigKeys (ConfUtils.java:logGet(43)) - raft.server.log.queue.byte-limit = 2147483647 (custom)
2019-09-27 10:15:04,977 [pool-147-thread-1] INFO  server.RaftServerConfigKeys (ConfUtils.java:logGet(43)) - raft.server.log.queue.element-limit = 1024 (custom)
2019-09-27 10:15:04,977 [pool-147-thread-1] INFO  server.RaftServerConfigKeys (ConfUtils.java:logGet(43)) - raft.server.log.segment.size.max = 1048576 (custom)
2019-09-27 10:15:04,977 [pool-147-thread-1] INFO  server.RaftServerConfigKeys (ConfUtils.java:logGet(43)) - raft.server.log.preallocated.size = 16384 (custom)
2019-09-27 10:15:04,977 [pool-147-thread-1] INFO  server.RaftServerConfigKeys (ConfUtils.java:logGet(43)) - raft.server.log.write.buffer.size = 33554432 (custom)
2019-09-27 10:15:04,978 [pool-147-thread-1] INFO  server.RaftServerConfigKeys (ConfUtils.java:logGet(43)) - raft.server.log.force.sync.num = 128 (default)
2019-09-27 10:15:04,978 [pool-147-thread-1] INFO  server.RaftServerConfigKeys (ConfUtils.java:logGet(43)) - raft.server.log.statemachine.data.sync = true (default)
2019-09-27 10:15:04,978 [pool-147-thread-1] INFO  server.RaftServerConfigKeys (ConfUtils.java:logGet(43)) - raft.server.log.statemachine.data.sync.timeout = 10s (default)
2019-09-27 10:15:04,978 [pool-147-thread-1] INFO  server.RaftServerConfigKeys (ConfUtils.java:logGet(43)) - raft.server.log.statemachine.data.sync.timeout.retry = -1 (default)
2019-09-27 10:15:04,978 [pool-147-thread-1] INFO  server.RaftServerConfigKeys (ConfUtils.java:logGet(43)) - raft.server.log.statemachine.data.caching.enabled = true (custom)
2019-09-27 10:15:04,979 [pool-147-thread-1] INFO  segmented.SegmentedRaftLogWorker (SegmentedRaftLogWorker.java:lambda$new$0(132)) - 0d58d125-c024-4d5f-9cc5-d1c3650afd4f@group-1501CBD631F2-SegmentedRaftLogWorker: flushIndex: setUnconditionally 0 -> -1
2019-09-27 10:15:04,979 [pool-147-thread-1] INFO  server.RaftServerConfigKeys (ConfUtils.java:logGet(43)) - raft.server.snapshot.auto.trigger.enabled = true (custom)
2019-09-27 10:15:04,979 [pool-147-thread-1] INFO  server.RaftServerConfigKeys (ConfUtils.java:logGet(43)) - raft.server.snapshot.auto.trigger.threshold = 10000 (custom)
2019-09-27 10:15:04,979 [pool-147-thread-1] INFO  server.RaftServerConfigKeys (ConfUtils.java:logGet(43)) - raft.server.snapshot.retention.num.files = 5 (custom)
2019-09-27 10:15:04,979 [pool-147-thread-1] INFO  server.RaftServerConfigKeys (ConfUtils.java:logGet(43)) - raft.server.retrycache.expirytime = 600000ms (custom)
2019-09-27 10:15:04,982 [pool-147-thread-1] INFO  impl.RaftServerImpl (RaftServerImpl.java:start(185)) - 0d58d125-c024-4d5f-9cc5-d1c3650afd4f@group-1501CBD631F2: start as a follower, conf=-1: [0d58d125-c024-4d5f-9cc5-d1c3650afd4f:192.168.151.103:36563], old=null
2019-09-27 10:15:04,982 [pool-147-thread-1] INFO  impl.RaftServerImpl (RaftServerImpl.java:setRole(174)) - 0d58d125-c024-4d5f-9cc5-d1c3650afd4f@group-1501CBD631F2: changes role from      null to FOLLOWER at term 0 for startAsFollower
2019-09-27 10:15:04,982 [pool-147-thread-1] INFO  impl.RoleInfo (RoleInfo.java:updateAndGet(143)) - 0d58d125-c024-4d5f-9cc5-d1c3650afd4f: start FollowerState
2019-09-27 10:15:04,996 [pool-147-thread-1] INFO  util.JmxRegister (JmxRegister.java:tryRegister(44)) - Successfully registered JMX Bean with object name Ratis:service=RaftServer,group=group-1501CBD631F2,id=0d58d125-c024-4d5f-9cc5-d1c3650afd4f
2019-09-27 10:15:05,012 [RatisPipelineUtilsThread] INFO  pipeline.PipelineStateManager (PipelineStateManager.java:addPipeline(56)) - Created pipeline Pipeline[ Id: 4e75c1d8-ab35-472c-abc1-1501cbd631f2, Nodes: 0d58d125-c024-4d5f-9cc5-d1c3650afd4f{ip: 192.168.151.103, host: pr-hdds2162-4fxhj-20988671, networkLocation: /default-rack, certSerialId: null}, Type:RATIS, Factor:ONE, State:OPEN]
2019-09-27 10:15:05,022 [grpc-default-executor-0] INFO  impl.RaftServerProxy (RaftServerProxy.java:addNew(89)) - 559a1e5d-7325-42b4-8015-f20f7c522db9: addNew group-45C730F25823:[559a1e5d-7325-42b4-8015-f20f7c522db9:192.168.151.103:39572] returns group-45C730F25823:java.util.concurrent.CompletableFuture@58d480ed[Not completed]
2019-09-27 10:15:05,025 [pool-157-thread-1] INFO  impl.RaftServerImpl (RaftServerImpl.java:<init>(95)) - 559a1e5d-7325-42b4-8015-f20f7c522db9: new RaftServerImpl for group-45C730F25823:[559a1e5d-7325-42b4-8015-f20f7c522db9:192.168.151.103:39572] with ContainerStateMachine:uninitialized
2019-09-27 10:15:05,025 [pool-157-thread-1] INFO  server.RaftServerConfigKeys (ConfUtils.java:logGet(43)) - raft.server.rpc.timeout.min = 1s (custom)
2019-09-27 10:15:05,025 [pool-157-thread-1] INFO  server.RaftServerConfigKeys (ConfUtils.java:logGet(43)) - raft.server.rpc.timeout.max = 1200ms (custom)
2019-09-27 10:15:05,025 [pool-157-thread-1] INFO  server.RaftServerConfigKeys (ConfUtils.java:logGet(43)) - raft.server.rpcslowness.timeout = 120s (custom)
2019-09-27 10:15:05,025 [pool-157-thread-1] INFO  server.RaftServerConfigKeys (ConfUtils.java:logGet(43)) - raft.server.sleep.deviation.threshold = 300 (default)
2019-09-27 10:15:05,025 [pool-157-thread-1] INFO  server.RaftServerConfigKeys (ConfUtils.java:logGet(43)) - raft.server.log.appender.install.snapshot.enabled = false (custom)
2019-09-27 10:15:05,026 [IPC Server handler 2 on 37095] INFO  net.NetworkTopology (NetworkTopologyImpl.java:add(111)) - Added a new node: /default-rack/8daad421-2b8c-43d7-86bc-2a9f0604b7fd
2019-09-27 10:15:05,026 [pool-157-thread-1] INFO  impl.RaftServerImpl (ServerState.java:<init>(103)) - 559a1e5d-7325-42b4-8015-f20f7c522db9@group-45C730F25823: ConfigurationManager, init=-1: [559a1e5d-7325-42b4-8015-f20f7c522db9:192.168.151.103:39572], old=null, confs=<EMPTY_MAP>
2019-09-27 10:15:05,026 [IPC Server handler 2 on 37095] INFO  node.SCMNodeManager (SCMNodeManager.java:register(266)) - Registered Data node : 8daad421-2b8c-43d7-86bc-2a9f0604b7fd{ip: 192.168.151.103, host: pr-hdds2162-4fxhj-20988671, networkLocation: /default-rack, certSerialId: null}
2019-09-27 10:15:05,026 [pool-157-thread-1] INFO  server.RaftServerConfigKeys (ConfUtils.java:logGet(43)) - raft.server.storage.dir = [/workdir/hadoop-ozone/integration-test/target/test-dir/MiniOzoneClusterImpl-bf7d7b01-9820-4bf2-ac73-317d86ffef37/datanode-1/data/ratis] (custom)
2019-09-27 10:15:05,027 [pool-157-thread-1] INFO  storage.RaftStorageDirectory (RaftStorageDirectory.java:analyzeStorage(246)) - The storage directory /workdir/hadoop-ozone/integration-test/target/test-dir/MiniOzoneClusterImpl-bf7d7b01-9820-4bf2-ac73-317d86ffef37/datanode-1/data/ratis/05c43f5d-2214-43d2-be1b-45c730f25823 does not exist. Creating ...
2019-09-27 10:15:05,040 [pool-157-thread-1] INFO  storage.RaftStorageDirectory (RaftStorageDirectory.java:tryLock(328)) - Lock on /workdir/hadoop-ozone/integration-test/target/test-dir/MiniOzoneClusterImpl-bf7d7b01-9820-4bf2-ac73-317d86ffef37/datanode-1/data/ratis/05c43f5d-2214-43d2-be1b-45c730f25823/in_use.lock acquired by nodename 4387@pr-hdds2162-4fxhj-20988671
2019-09-27 10:15:05,053 [pool-157-thread-1] INFO  storage.RaftStorage (RaftStorage.java:format(72)) - Storage directory /workdir/hadoop-ozone/integration-test/target/test-dir/MiniOzoneClusterImpl-bf7d7b01-9820-4bf2-ac73-317d86ffef37/datanode-1/data/ratis/05c43f5d-2214-43d2-be1b-45c730f25823 has been successfully formatted.
2019-09-27 10:15:05,054 [pool-157-thread-1] INFO  ratis.ContainerStateMachine (ContainerStateMachine.java:loadSnapshot(230)) - group-45C730F25823: The snapshot info is null. Setting the last applied indexto:(t:0, i:~)
2019-09-27 10:15:05,054 [pool-157-thread-1] INFO  server.RaftServerConfigKeys (ConfUtils.java:logGet(43)) - raft.server.notification.no-leader.timeout = 120s (custom)
2019-09-27 10:15:05,054 [pool-157-thread-1] INFO  server.RaftServerConfigKeys (ConfUtils.java:logGet(43)) - raft.server.log.use.memory = false (default)
2019-09-27 10:15:05,054 [pool-157-thread-1] INFO  server.RaftServerConfigKeys (ConfUtils.java:logGet(43)) - raft.server.log.purge.gap = 1000000 (custom)
2019-09-27 10:15:05,055 [pool-157-thread-1] INFO  server.RaftServerConfigKeys (ConfUtils.java:logGet(43)) - raft.server.log.appender.buffer.byte-limit = 33554432 (custom)
2019-09-27 10:15:05,055 [pool-157-thread-1] INFO  server.RaftServerConfigKeys (ConfUtils.java:logGet(43)) - raft.server.log.segment.size.max = 1048576 (custom)
2019-09-27 10:15:05,055 [pool-157-thread-1] INFO  server.RaftServerConfigKeys (ConfUtils.java:logGet(43)) - raft.server.log.segment.cache.num.max = 2 (custom)
2019-09-27 10:15:05,055 [pool-157-thread-1] INFO  segmented.SegmentedRaftLogWorker (SegmentedRaftLogWorker.java:<init>(172)) - new 559a1e5d-7325-42b4-8015-f20f7c522db9@group-45C730F25823-SegmentedRaftLogWorker for RaftStorage:Storage Directory /workdir/hadoop-ozone/integration-test/target/test-dir/MiniOzoneClusterImpl-bf7d7b01-9820-4bf2-ac73-317d86ffef37/datanode-1/data/ratis/05c43f5d-2214-43d2-be1b-45c730f25823
2019-09-27 10:15:05,059 [pool-157-thread-1] INFO  server.RaftServerConfigKeys (ConfUtils.java:logGet(43)) - raft.server.log.queue.byte-limit = 2147483647 (custom)
2019-09-27 10:15:05,059 [pool-157-thread-1] INFO  server.RaftServerConfigKeys (ConfUtils.java:logGet(43)) - raft.server.log.queue.element-limit = 1024 (custom)
2019-09-27 10:15:05,059 [pool-157-thread-1] INFO  server.RaftServerConfigKeys (ConfUtils.java:logGet(43)) - raft.server.log.segment.size.max = 1048576 (custom)
2019-09-27 10:15:05,060 [pool-157-thread-1] INFO  server.RaftServerConfigKeys (ConfUtils.java:logGet(43)) - raft.server.log.preallocated.size = 16384 (custom)
2019-09-27 10:15:05,060 [pool-157-thread-1] INFO  server.RaftServerConfigKeys (ConfUtils.java:logGet(43)) - raft.server.log.write.buffer.size = 33554432 (custom)
2019-09-27 10:15:05,060 [pool-157-thread-1] INFO  server.RaftServerConfigKeys (ConfUtils.java:logGet(43)) - raft.server.log.force.sync.num = 128 (default)
2019-09-27 10:15:05,060 [pool-157-thread-1] INFO  server.RaftServerConfigKeys (ConfUtils.java:logGet(43)) - raft.server.log.statemachine.data.sync = true (default)
2019-09-27 10:15:05,060 [pool-157-thread-1] INFO  server.RaftServerConfigKeys (ConfUtils.java:logGet(43)) - raft.server.log.statemachine.data.sync.timeout = 10s (default)
2019-09-27 10:15:05,061 [pool-157-thread-1] INFO  server.RaftServerConfigKeys (ConfUtils.java:logGet(43)) - raft.server.log.statemachine.data.sync.timeout.retry = -1 (default)
2019-09-27 10:15:05,061 [pool-157-thread-1] INFO  server.RaftServerConfigKeys (ConfUtils.java:logGet(43)) - raft.server.log.statemachine.data.caching.enabled = true (custom)
2019-09-27 10:15:05,062 [pool-157-thread-1] INFO  segmented.SegmentedRaftLogWorker (SegmentedRaftLogWorker.java:lambda$new$0(132)) - 559a1e5d-7325-42b4-8015-f20f7c522db9@group-45C730F25823-SegmentedRaftLogWorker: flushIndex: setUnconditionally 0 -> -1
2019-09-27 10:15:05,062 [pool-157-thread-1] INFO  server.RaftServerConfigKeys (ConfUtils.java:logGet(43)) - raft.server.snapshot.auto.trigger.enabled = true (custom)
2019-09-27 10:15:05,062 [pool-157-thread-1] INFO  server.RaftServerConfigKeys (ConfUtils.java:logGet(43)) - raft.server.snapshot.auto.trigger.threshold = 10000 (custom)
2019-09-27 10:15:05,062 [pool-157-thread-1] INFO  server.RaftServerConfigKeys (ConfUtils.java:logGet(43)) - raft.server.snapshot.retention.num.files = 5 (custom)
2019-09-27 10:15:05,063 [pool-157-thread-1] INFO  server.RaftServerConfigKeys (ConfUtils.java:logGet(43)) - raft.server.retrycache.expirytime = 600000ms (custom)
2019-09-27 10:15:05,065 [pool-157-thread-1] INFO  impl.RaftServerImpl (RaftServerImpl.java:start(185)) - 559a1e5d-7325-42b4-8015-f20f7c522db9@group-45C730F25823: start as a follower, conf=-1: [559a1e5d-7325-42b4-8015-f20f7c522db9:192.168.151.103:39572], old=null
2019-09-27 10:15:05,066 [pool-157-thread-1] INFO  impl.RaftServerImpl (RaftServerImpl.java:setRole(174)) - 559a1e5d-7325-42b4-8015-f20f7c522db9@group-45C730F25823: changes role from      null to FOLLOWER at term 0 for startAsFollower
2019-09-27 10:15:05,066 [pool-157-thread-1] INFO  impl.RoleInfo (RoleInfo.java:updateAndGet(143)) - 559a1e5d-7325-42b4-8015-f20f7c522db9: start FollowerState
2019-09-27 10:15:05,066 [pool-157-thread-1] INFO  util.JmxRegister (JmxRegister.java:tryRegister(44)) - Successfully registered JMX Bean with object name Ratis:service=RaftServer,group=group-45C730F25823,id=559a1e5d-7325-42b4-8015-f20f7c522db9
2019-09-27 10:15:05,077 [RatisPipelineUtilsThread] INFO  pipeline.PipelineStateManager (PipelineStateManager.java:addPipeline(56)) - Created pipeline Pipeline[ Id: 05c43f5d-2214-43d2-be1b-45c730f25823, Nodes: 559a1e5d-7325-42b4-8015-f20f7c522db9{ip: 192.168.151.103, host: pr-hdds2162-4fxhj-20988671, networkLocation: /default-rack, certSerialId: null}, Type:RATIS, Factor:ONE, State:OPEN]
2019-09-27 10:15:05,093 [IPC Server handler 5 on 37095] INFO  net.NetworkTopology (NetworkTopologyImpl.java:add(111)) - Added a new node: /default-rack/b5608615-b136-4a3c-af34-60e80608899d
2019-09-27 10:15:05,093 [grpc-default-executor-0] INFO  impl.RaftServerProxy (RaftServerProxy.java:addNew(89)) - 8daad421-2b8c-43d7-86bc-2a9f0604b7fd: addNew group-807C970AF451:[8daad421-2b8c-43d7-86bc-2a9f0604b7fd:192.168.151.103:38707] returns group-807C970AF451:java.util.concurrent.CompletableFuture@3fffe13e[Not completed]
2019-09-27 10:15:05,093 [IPC Server handler 5 on 37095] INFO  node.SCMNodeManager (SCMNodeManager.java:register(266)) - Registered Data node : b5608615-b136-4a3c-af34-60e80608899d{ip: 192.168.151.103, host: pr-hdds2162-4fxhj-20988671, networkLocation: /default-rack, certSerialId: null}
2019-09-27 10:15:05,094 [pool-167-thread-1] INFO  impl.RaftServerImpl (RaftServerImpl.java:<init>(95)) - 8daad421-2b8c-43d7-86bc-2a9f0604b7fd: new RaftServerImpl for group-807C970AF451:[8daad421-2b8c-43d7-86bc-2a9f0604b7fd:192.168.151.103:38707] with ContainerStateMachine:uninitialized
2019-09-27 10:15:05,094 [pool-167-thread-1] INFO  server.RaftServerConfigKeys (ConfUtils.java:logGet(43)) - raft.server.rpc.timeout.min = 1s (custom)
2019-09-27 10:15:05,095 [pool-167-thread-1] INFO  server.RaftServerConfigKeys (ConfUtils.java:logGet(43)) - raft.server.rpc.timeout.max = 1200ms (custom)
2019-09-27 10:15:05,095 [pool-167-thread-1] INFO  server.RaftServerConfigKeys (ConfUtils.java:logGet(43)) - raft.server.rpcslowness.timeout = 120s (custom)
2019-09-27 10:15:05,095 [pool-167-thread-1] INFO  server.RaftServerConfigKeys (ConfUtils.java:logGet(43)) - raft.server.sleep.deviation.threshold = 300 (default)
2019-09-27 10:15:05,095 [pool-167-thread-1] INFO  server.RaftServerConfigKeys (ConfUtils.java:logGet(43)) - raft.server.log.appender.install.snapshot.enabled = false (custom)
2019-09-27 10:15:05,095 [pool-167-thread-1] INFO  impl.RaftServerImpl (ServerState.java:<init>(103)) - 8daad421-2b8c-43d7-86bc-2a9f0604b7fd@group-807C970AF451: ConfigurationManager, init=-1: [8daad421-2b8c-43d7-86bc-2a9f0604b7fd:192.168.151.103:38707], old=null, confs=<EMPTY_MAP>
2019-09-27 10:15:05,096 [pool-167-thread-1] INFO  server.RaftServerConfigKeys (ConfUtils.java:logGet(43)) - raft.server.storage.dir = [/workdir/hadoop-ozone/integration-test/target/test-dir/MiniOzoneClusterImpl-bf7d7b01-9820-4bf2-ac73-317d86ffef37/datanode-2/data/ratis] (custom)
2019-09-27 10:15:05,096 [pool-167-thread-1] INFO  storage.RaftStorageDirectory (RaftStorageDirectory.java:analyzeStorage(246)) - The storage directory /workdir/hadoop-ozone/integration-test/target/test-dir/MiniOzoneClusterImpl-bf7d7b01-9820-4bf2-ac73-317d86ffef37/datanode-2/data/ratis/2c435738-34be-4384-ad15-807c970af451 does not exist. Creating ...
2019-09-27 10:15:05,111 [pool-167-thread-1] INFO  storage.RaftStorageDirectory (RaftStorageDirectory.java:tryLock(328)) - Lock on /workdir/hadoop-ozone/integration-test/target/test-dir/MiniOzoneClusterImpl-bf7d7b01-9820-4bf2-ac73-317d86ffef37/datanode-2/data/ratis/2c435738-34be-4384-ad15-807c970af451/in_use.lock acquired by nodename 4387@pr-hdds2162-4fxhj-20988671
2019-09-27 10:15:05,124 [pool-167-thread-1] INFO  storage.RaftStorage (RaftStorage.java:format(72)) - Storage directory /workdir/hadoop-ozone/integration-test/target/test-dir/MiniOzoneClusterImpl-bf7d7b01-9820-4bf2-ac73-317d86ffef37/datanode-2/data/ratis/2c435738-34be-4384-ad15-807c970af451 has been successfully formatted.
2019-09-27 10:15:05,124 [pool-167-thread-1] INFO  ratis.ContainerStateMachine (ContainerStateMachine.java:loadSnapshot(230)) - group-807C970AF451: The snapshot info is null. Setting the last applied indexto:(t:0, i:~)
2019-09-27 10:15:05,124 [pool-167-thread-1] INFO  server.RaftServerConfigKeys (ConfUtils.java:logGet(43)) - raft.server.notification.no-leader.timeout = 120s (custom)
2019-09-27 10:15:05,124 [pool-167-thread-1] INFO  server.RaftServerConfigKeys (ConfUtils.java:logGet(43)) - raft.server.log.use.memory = false (default)
2019-09-27 10:15:05,125 [pool-167-thread-1] INFO  server.RaftServerConfigKeys (ConfUtils.java:logGet(43)) - raft.server.log.purge.gap = 1000000 (custom)
2019-09-27 10:15:05,125 [pool-167-thread-1] INFO  server.RaftServerConfigKeys (ConfUtils.java:logGet(43)) - raft.server.log.appender.buffer.byte-limit = 33554432 (custom)
2019-09-27 10:15:05,125 [pool-167-thread-1] INFO  server.RaftServerConfigKeys (ConfUtils.java:logGet(43)) - raft.server.log.segment.size.max = 1048576 (custom)
2019-09-27 10:15:05,125 [pool-167-thread-1] INFO  server.RaftServerConfigKeys (ConfUtils.java:logGet(43)) - raft.server.log.segment.cache.num.max = 2 (custom)
2019-09-27 10:15:05,125 [pool-167-thread-1] INFO  segmented.SegmentedRaftLogWorker (SegmentedRaftLogWorker.java:<init>(172)) - new 8daad421-2b8c-43d7-86bc-2a9f0604b7fd@group-807C970AF451-SegmentedRaftLogWorker for RaftStorage:Storage Directory /workdir/hadoop-ozone/integration-test/target/test-dir/MiniOzoneClusterImpl-bf7d7b01-9820-4bf2-ac73-317d86ffef37/datanode-2/data/ratis/2c435738-34be-4384-ad15-807c970af451
2019-09-27 10:15:05,127 [pool-167-thread-1] INFO  server.RaftServerConfigKeys (ConfUtils.java:logGet(43)) - raft.server.log.queue.byte-limit = 2147483647 (custom)
2019-09-27 10:15:05,128 [pool-167-thread-1] INFO  server.RaftServerConfigKeys (ConfUtils.java:logGet(43)) - raft.server.log.queue.element-limit = 1024 (custom)
2019-09-27 10:15:05,128 [pool-167-thread-1] INFO  server.RaftServerConfigKeys (ConfUtils.java:logGet(43)) - raft.server.log.segment.size.max = 1048576 (custom)
2019-09-27 10:15:05,128 [pool-167-thread-1] INFO  server.RaftServerConfigKeys (ConfUtils.java:logGet(43)) - raft.server.log.preallocated.size = 16384 (custom)
2019-09-27 10:15:05,128 [pool-167-thread-1] INFO  server.RaftServerConfigKeys (ConfUtils.java:logGet(43)) - raft.server.log.write.buffer.size = 33554432 (custom)
2019-09-27 10:15:05,128 [pool-167-thread-1] INFO  server.RaftServerConfigKeys (ConfUtils.java:logGet(43)) - raft.server.log.force.sync.num = 128 (default)
2019-09-27 10:15:05,128 [pool-167-thread-1] INFO  server.RaftServerConfigKeys (ConfUtils.java:logGet(43)) - raft.server.log.statemachine.data.sync = true (default)
2019-09-27 10:15:05,129 [pool-167-thread-1] INFO  server.RaftServerConfigKeys (ConfUtils.java:logGet(43)) - raft.server.log.statemachine.data.sync.timeout = 10s (default)
2019-09-27 10:15:05,129 [pool-167-thread-1] INFO  server.RaftServerConfigKeys (ConfUtils.java:logGet(43)) - raft.server.log.statemachine.data.sync.timeout.retry = -1 (default)
2019-09-27 10:15:05,129 [pool-167-thread-1] INFO  server.RaftServerConfigKeys (ConfUtils.java:logGet(43)) - raft.server.log.statemachine.data.caching.enabled = true (custom)
2019-09-27 10:15:05,129 [pool-167-thread-1] INFO  segmented.SegmentedRaftLogWorker (SegmentedRaftLogWorker.java:lambda$new$0(132)) - 8daad421-2b8c-43d7-86bc-2a9f0604b7fd@group-807C970AF451-SegmentedRaftLogWorker: flushIndex: setUnconditionally 0 -> -1
2019-09-27 10:15:05,130 [pool-167-thread-1] INFO  server.RaftServerConfigKeys (ConfUtils.java:logGet(43)) - raft.server.snapshot.auto.trigger.enabled = true (custom)
2019-09-27 10:15:05,130 [pool-167-thread-1] INFO  server.RaftServerConfigKeys (ConfUtils.java:logGet(43)) - raft.server.snapshot.auto.trigger.threshold = 10000 (custom)
2019-09-27 10:15:05,130 [pool-167-thread-1] INFO  server.RaftServerConfigKeys (ConfUtils.java:logGet(43)) - raft.server.snapshot.retention.num.files = 5 (custom)
2019-09-27 10:15:05,130 [pool-167-thread-1] INFO  server.RaftServerConfigKeys (ConfUtils.java:logGet(43)) - raft.server.retrycache.expirytime = 600000ms (custom)
2019-09-27 10:15:05,133 [pool-167-thread-1] INFO  impl.RaftServerImpl (RaftServerImpl.java:start(185)) - 8daad421-2b8c-43d7-86bc-2a9f0604b7fd@group-807C970AF451: start as a follower, conf=-1: [8daad421-2b8c-43d7-86bc-2a9f0604b7fd:192.168.151.103:38707], old=null
2019-09-27 10:15:05,133 [pool-167-thread-1] INFO  impl.RaftServerImpl (RaftServerImpl.java:setRole(174)) - 8daad421-2b8c-43d7-86bc-2a9f0604b7fd@group-807C970AF451: changes role from      null to FOLLOWER at term 0 for startAsFollower
2019-09-27 10:15:05,133 [pool-167-thread-1] INFO  impl.RoleInfo (RoleInfo.java:updateAndGet(143)) - 8daad421-2b8c-43d7-86bc-2a9f0604b7fd: start FollowerState
2019-09-27 10:15:05,133 [pool-167-thread-1] INFO  util.JmxRegister (JmxRegister.java:tryRegister(44)) - Successfully registered JMX Bean with object name Ratis:service=RaftServer,group=group-807C970AF451,id=8daad421-2b8c-43d7-86bc-2a9f0604b7fd
2019-09-27 10:15:05,138 [RatisPipelineUtilsThread] INFO  pipeline.PipelineStateManager (PipelineStateManager.java:addPipeline(56)) - Created pipeline Pipeline[ Id: 2c435738-34be-4384-ad15-807c970af451, Nodes: 8daad421-2b8c-43d7-86bc-2a9f0604b7fd{ip: 192.168.151.103, host: pr-hdds2162-4fxhj-20988671, networkLocation: /default-rack, certSerialId: null}, Type:RATIS, Factor:ONE, State:OPEN]
2019-09-27 10:15:05,147 [grpc-default-executor-0] INFO  impl.RaftServerProxy (RaftServerProxy.java:addNew(89)) - b5608615-b136-4a3c-af34-60e80608899d: addNew group-C14A06BE7163:[b5608615-b136-4a3c-af34-60e80608899d:192.168.151.103:38736] returns group-C14A06BE7163:java.util.concurrent.CompletableFuture@7b0c81fc[Not completed]
2019-09-27 10:15:05,149 [pool-177-thread-1] INFO  impl.RaftServerImpl (RaftServerImpl.java:<init>(95)) - b5608615-b136-4a3c-af34-60e80608899d: new RaftServerImpl for group-C14A06BE7163:[b5608615-b136-4a3c-af34-60e80608899d:192.168.151.103:38736] with ContainerStateMachine:uninitialized
2019-09-27 10:15:05,149 [pool-177-thread-1] INFO  server.RaftServerConfigKeys (ConfUtils.java:logGet(43)) - raft.server.rpc.timeout.min = 1s (custom)
2019-09-27 10:15:05,149 [pool-177-thread-1] INFO  server.RaftServerConfigKeys (ConfUtils.java:logGet(43)) - raft.server.rpc.timeout.max = 1200ms (custom)
2019-09-27 10:15:05,149 [pool-177-thread-1] INFO  server.RaftServerConfigKeys (ConfUtils.java:logGet(43)) - raft.server.rpcslowness.timeout = 120s (custom)
2019-09-27 10:15:05,150 [pool-177-thread-1] INFO  server.RaftServerConfigKeys (ConfUtils.java:logGet(43)) - raft.server.sleep.deviation.threshold = 300 (default)
2019-09-27 10:15:05,150 [pool-177-thread-1] INFO  server.RaftServerConfigKeys (ConfUtils.java:logGet(43)) - raft.server.log.appender.install.snapshot.enabled = false (custom)
2019-09-27 10:15:05,150 [pool-177-thread-1] INFO  impl.RaftServerImpl (ServerState.java:<init>(103)) - b5608615-b136-4a3c-af34-60e80608899d@group-C14A06BE7163: ConfigurationManager, init=-1: [b5608615-b136-4a3c-af34-60e80608899d:192.168.151.103:38736], old=null, confs=<EMPTY_MAP>
2019-09-27 10:15:05,150 [pool-177-thread-1] INFO  server.RaftServerConfigKeys (ConfUtils.java:logGet(43)) - raft.server.storage.dir = [/workdir/hadoop-ozone/integration-test/target/test-dir/MiniOzoneClusterImpl-bf7d7b01-9820-4bf2-ac73-317d86ffef37/datanode-3/data/ratis] (custom)
2019-09-27 10:15:05,150 [pool-177-thread-1] INFO  storage.RaftStorageDirectory (RaftStorageDirectory.java:analyzeStorage(246)) - The storage directory /workdir/hadoop-ozone/integration-test/target/test-dir/MiniOzoneClusterImpl-bf7d7b01-9820-4bf2-ac73-317d86ffef37/datanode-3/data/ratis/5a7e76a4-1cb8-4f37-9400-c14a06be7163 does not exist. Creating ...
2019-09-27 10:15:05,155 [IPC Server handler 3 on 37095] INFO  net.NetworkTopology (NetworkTopologyImpl.java:add(111)) - Added a new node: /default-rack/c83678cc-3f57-4f05-b497-f3d8e0652d41
2019-09-27 10:15:05,155 [IPC Server handler 3 on 37095] INFO  node.SCMNodeManager (SCMNodeManager.java:register(266)) - Registered Data node : c83678cc-3f57-4f05-b497-f3d8e0652d41{ip: 192.168.151.103, host: pr-hdds2162-4fxhj-20988671, networkLocation: /default-rack, certSerialId: null}
2019-09-27 10:15:05,163 [pool-177-thread-1] INFO  storage.RaftStorageDirectory (RaftStorageDirectory.java:tryLock(328)) - Lock on /workdir/hadoop-ozone/integration-test/target/test-dir/MiniOzoneClusterImpl-bf7d7b01-9820-4bf2-ac73-317d86ffef37/datanode-3/data/ratis/5a7e76a4-1cb8-4f37-9400-c14a06be7163/in_use.lock acquired by nodename 4387@pr-hdds2162-4fxhj-20988671
2019-09-27 10:15:05,176 [pool-177-thread-1] INFO  storage.RaftStorage (RaftStorage.java:format(72)) - Storage directory /workdir/hadoop-ozone/integration-test/target/test-dir/MiniOzoneClusterImpl-bf7d7b01-9820-4bf2-ac73-317d86ffef37/datanode-3/data/ratis/5a7e76a4-1cb8-4f37-9400-c14a06be7163 has been successfully formatted.
2019-09-27 10:15:05,176 [pool-177-thread-1] INFO  ratis.ContainerStateMachine (ContainerStateMachine.java:loadSnapshot(230)) - group-C14A06BE7163: The snapshot info is null. Setting the last applied indexto:(t:0, i:~)
2019-09-27 10:15:05,176 [pool-177-thread-1] INFO  server.RaftServerConfigKeys (ConfUtils.java:logGet(43)) - raft.server.notification.no-leader.timeout = 120s (custom)
2019-09-27 10:15:05,176 [pool-177-thread-1] INFO  server.RaftServerConfigKeys (ConfUtils.java:logGet(43)) - raft.server.log.use.memory = false (default)
2019-09-27 10:15:05,177 [pool-177-thread-1] INFO  server.RaftServerConfigKeys (ConfUtils.java:logGet(43)) - raft.server.log.purge.gap = 1000000 (custom)
2019-09-27 10:15:05,177 [pool-177-thread-1] INFO  server.RaftServerConfigKeys (ConfUtils.java:logGet(43)) - raft.server.log.appender.buffer.byte-limit = 33554432 (custom)
2019-09-27 10:15:05,177 [pool-177-thread-1] INFO  server.RaftServerConfigKeys (ConfUtils.java:logGet(43)) - raft.server.log.segment.size.max = 1048576 (custom)
2019-09-27 10:15:05,177 [pool-177-thread-1] INFO  server.RaftServerConfigKeys (ConfUtils.java:logGet(43)) - raft.server.log.segment.cache.num.max = 2 (custom)
2019-09-27 10:15:05,177 [pool-177-thread-1] INFO  segmented.SegmentedRaftLogWorker (SegmentedRaftLogWorker.java:<init>(172)) - new b5608615-b136-4a3c-af34-60e80608899d@group-C14A06BE7163-SegmentedRaftLogWorker for RaftStorage:Storage Directory /workdir/hadoop-ozone/integration-test/target/test-dir/MiniOzoneClusterImpl-bf7d7b01-9820-4bf2-ac73-317d86ffef37/datanode-3/data/ratis/5a7e76a4-1cb8-4f37-9400-c14a06be7163
2019-09-27 10:15:05,180 [pool-177-thread-1] INFO  server.RaftServerConfigKeys (ConfUtils.java:logGet(43)) - raft.server.log.queue.byte-limit = 2147483647 (custom)
2019-09-27 10:15:05,180 [pool-177-thread-1] INFO  server.RaftServerConfigKeys (ConfUtils.java:logGet(43)) - raft.server.log.queue.element-limit = 1024 (custom)
2019-09-27 10:15:05,180 [pool-177-thread-1] INFO  server.RaftServerConfigKeys (ConfUtils.java:logGet(43)) - raft.server.log.segment.size.max = 1048576 (custom)
2019-09-27 10:15:05,180 [pool-177-thread-1] INFO  server.RaftServerConfigKeys (ConfUtils.java:logGet(43)) - raft.server.log.preallocated.size = 16384 (custom)
2019-09-27 10:15:05,181 [pool-177-thread-1] INFO  server.RaftServerConfigKeys (ConfUtils.java:logGet(43)) - raft.server.log.write.buffer.size = 33554432 (custom)
2019-09-27 10:15:05,181 [pool-177-thread-1] INFO  server.RaftServerConfigKeys (ConfUtils.java:logGet(43)) - raft.server.log.force.sync.num = 128 (default)
2019-09-27 10:15:05,181 [pool-177-thread-1] INFO  server.RaftServerConfigKeys (ConfUtils.java:logGet(43)) - raft.server.log.statemachine.data.sync = true (default)
2019-09-27 10:15:05,181 [pool-177-thread-1] INFO  server.RaftServerConfigKeys (ConfUtils.java:logGet(43)) - raft.server.log.statemachine.data.sync.timeout = 10s (default)
2019-09-27 10:15:05,181 [pool-177-thread-1] INFO  server.RaftServerConfigKeys (ConfUtils.java:logGet(43)) - raft.server.log.statemachine.data.sync.timeout.retry = -1 (default)
2019-09-27 10:15:05,181 [pool-177-thread-1] INFO  server.RaftServerConfigKeys (ConfUtils.java:logGet(43)) - raft.server.log.statemachine.data.caching.enabled = true (custom)
2019-09-27 10:15:05,182 [pool-177-thread-1] INFO  segmented.SegmentedRaftLogWorker (SegmentedRaftLogWorker.java:lambda$new$0(132)) - b5608615-b136-4a3c-af34-60e80608899d@group-C14A06BE7163-SegmentedRaftLogWorker: flushIndex: setUnconditionally 0 -> -1
2019-09-27 10:15:05,182 [pool-177-thread-1] INFO  server.RaftServerConfigKeys (ConfUtils.java:logGet(43)) - raft.server.snapshot.auto.trigger.enabled = true (custom)
2019-09-27 10:15:05,182 [pool-177-thread-1] INFO  server.RaftServerConfigKeys (ConfUtils.java:logGet(43)) - raft.server.snapshot.auto.trigger.threshold = 10000 (custom)
2019-09-27 10:15:05,182 [pool-177-thread-1] INFO  server.RaftServerConfigKeys (ConfUtils.java:logGet(43)) - raft.server.snapshot.retention.num.files = 5 (custom)
2019-09-27 10:15:05,183 [pool-177-thread-1] INFO  server.RaftServerConfigKeys (ConfUtils.java:logGet(43)) - raft.server.retrycache.expirytime = 600000ms (custom)
2019-09-27 10:15:05,185 [pool-177-thread-1] INFO  impl.RaftServerImpl (RaftServerImpl.java:start(185)) - b5608615-b136-4a3c-af34-60e80608899d@group-C14A06BE7163: start as a follower, conf=-1: [b5608615-b136-4a3c-af34-60e80608899d:192.168.151.103:38736], old=null
2019-09-27 10:15:05,185 [pool-177-thread-1] INFO  impl.RaftServerImpl (RaftServerImpl.java:setRole(174)) - b5608615-b136-4a3c-af34-60e80608899d@group-C14A06BE7163: changes role from      null to FOLLOWER at term 0 for startAsFollower
2019-09-27 10:15:05,185 [pool-177-thread-1] INFO  impl.RoleInfo (RoleInfo.java:updateAndGet(143)) - b5608615-b136-4a3c-af34-60e80608899d: start FollowerState
2019-09-27 10:15:05,186 [pool-177-thread-1] INFO  util.JmxRegister (JmxRegister.java:tryRegister(44)) - Successfully registered JMX Bean with object name Ratis:service=RaftServer,group=group-C14A06BE7163,id=b5608615-b136-4a3c-af34-60e80608899d
2019-09-27 10:15:05,191 [RatisPipelineUtilsThread] INFO  pipeline.PipelineStateManager (PipelineStateManager.java:addPipeline(56)) - Created pipeline Pipeline[ Id: 5a7e76a4-1cb8-4f37-9400-c14a06be7163, Nodes: b5608615-b136-4a3c-af34-60e80608899d{ip: 192.168.151.103, host: pr-hdds2162-4fxhj-20988671, networkLocation: /default-rack, certSerialId: null}, Type:RATIS, Factor:ONE, State:OPEN]
2019-09-27 10:15:05,201 [grpc-default-executor-0] INFO  impl.RaftServerProxy (RaftServerProxy.java:addNew(89)) - c83678cc-3f57-4f05-b497-f3d8e0652d41: addNew group-6E8FFDC1B197:[c83678cc-3f57-4f05-b497-f3d8e0652d41:192.168.151.103:46237] returns group-6E8FFDC1B197:java.util.concurrent.CompletableFuture@2d39a2a5[Not completed]
2019-09-27 10:15:05,203 [pool-187-thread-1] INFO  impl.RaftServerImpl (RaftServerImpl.java:<init>(95)) - c83678cc-3f57-4f05-b497-f3d8e0652d41: new RaftServerImpl for group-6E8FFDC1B197:[c83678cc-3f57-4f05-b497-f3d8e0652d41:192.168.151.103:46237] with ContainerStateMachine:uninitialized
2019-09-27 10:15:05,203 [pool-187-thread-1] INFO  server.RaftServerConfigKeys (ConfUtils.java:logGet(43)) - raft.server.rpc.timeout.min = 1s (custom)
2019-09-27 10:15:05,203 [pool-187-thread-1] INFO  server.RaftServerConfigKeys (ConfUtils.java:logGet(43)) - raft.server.rpc.timeout.max = 1200ms (custom)
2019-09-27 10:15:05,203 [pool-187-thread-1] INFO  server.RaftServerConfigKeys (ConfUtils.java:logGet(43)) - raft.server.rpcslowness.timeout = 120s (custom)
2019-09-27 10:15:05,203 [pool-187-thread-1] INFO  server.RaftServerConfigKeys (ConfUtils.java:logGet(43)) - raft.server.sleep.deviation.threshold = 300 (default)
2019-09-27 10:15:05,204 [pool-187-thread-1] INFO  server.RaftServerConfigKeys (ConfUtils.java:logGet(43)) - raft.server.log.appender.install.snapshot.enabled = false (custom)
2019-09-27 10:15:05,204 [pool-187-thread-1] INFO  impl.RaftServerImpl (ServerState.java:<init>(103)) - c83678cc-3f57-4f05-b497-f3d8e0652d41@group-6E8FFDC1B197: ConfigurationManager, init=-1: [c83678cc-3f57-4f05-b497-f3d8e0652d41:192.168.151.103:46237], old=null, confs=<EMPTY_MAP>
2019-09-27 10:15:05,204 [pool-187-thread-1] INFO  server.RaftServerConfigKeys (ConfUtils.java:logGet(43)) - raft.server.storage.dir = [/workdir/hadoop-ozone/integration-test/target/test-dir/MiniOzoneClusterImpl-bf7d7b01-9820-4bf2-ac73-317d86ffef37/datanode-4/data/ratis] (custom)
2019-09-27 10:15:05,205 [pool-187-thread-1] INFO  storage.RaftStorageDirectory (RaftStorageDirectory.java:analyzeStorage(246)) - The storage directory /workdir/hadoop-ozone/integration-test/target/test-dir/MiniOzoneClusterImpl-bf7d7b01-9820-4bf2-ac73-317d86ffef37/datanode-4/data/ratis/2a4588ba-146b-4a1f-9c72-6e8ffdc1b197 does not exist. Creating ...
2019-09-27 10:15:05,218 [main] INFO  ozone.MiniOzoneClusterImpl (MiniOzoneClusterImpl.java:lambda$waitForClusterToBeReady$0(147)) - Waiting for cluster to be ready. Got 5 of 6 DN Heartbeats.
2019-09-27 10:15:05,218 [IPC Server handler 0 on 37095] INFO  net.NetworkTopology (NetworkTopologyImpl.java:add(111)) - Added a new node: /default-rack/7f046ac0-040c-46f3-9bb5-a2271b996dc0
2019-09-27 10:15:05,219 [IPC Server handler 0 on 37095] INFO  node.SCMNodeManager (SCMNodeManager.java:register(266)) - Registered Data node : 7f046ac0-040c-46f3-9bb5-a2271b996dc0{ip: 192.168.151.103, host: pr-hdds2162-4fxhj-20988671, networkLocation: /default-rack, certSerialId: null}
2019-09-27 10:15:05,243 [pool-187-thread-1] INFO  storage.RaftStorageDirectory (RaftStorageDirectory.java:tryLock(328)) - Lock on /workdir/hadoop-ozone/integration-test/target/test-dir/MiniOzoneClusterImpl-bf7d7b01-9820-4bf2-ac73-317d86ffef37/datanode-4/data/ratis/2a4588ba-146b-4a1f-9c72-6e8ffdc1b197/in_use.lock acquired by nodename 4387@pr-hdds2162-4fxhj-20988671
2019-09-27 10:15:05,257 [pool-187-thread-1] INFO  storage.RaftStorage (RaftStorage.java:format(72)) - Storage directory /workdir/hadoop-ozone/integration-test/target/test-dir/MiniOzoneClusterImpl-bf7d7b01-9820-4bf2-ac73-317d86ffef37/datanode-4/data/ratis/2a4588ba-146b-4a1f-9c72-6e8ffdc1b197 has been successfully formatted.
2019-09-27 10:15:05,257 [pool-187-thread-1] INFO  ratis.ContainerStateMachine (ContainerStateMachine.java:loadSnapshot(230)) - group-6E8FFDC1B197: The snapshot info is null. Setting the last applied indexto:(t:0, i:~)
2019-09-27 10:15:05,257 [pool-187-thread-1] INFO  server.RaftServerConfigKeys (ConfUtils.java:logGet(43)) - raft.server.notification.no-leader.timeout = 120s (custom)
2019-09-27 10:15:05,257 [pool-187-thread-1] INFO  server.RaftServerConfigKeys (ConfUtils.java:logGet(43)) - raft.server.log.use.memory = false (default)
2019-09-27 10:15:05,258 [pool-187-thread-1] INFO  server.RaftServerConfigKeys (ConfUtils.java:logGet(43)) - raft.server.log.purge.gap = 1000000 (custom)
2019-09-27 10:15:05,258 [pool-187-thread-1] INFO  server.RaftServerConfigKeys (ConfUtils.java:logGet(43)) - raft.server.log.appender.buffer.byte-limit = 33554432 (custom)
2019-09-27 10:15:05,258 [pool-187-thread-1] INFO  server.RaftServerConfigKeys (ConfUtils.java:logGet(43)) - raft.server.log.segment.size.max = 1048576 (custom)
2019-09-27 10:15:05,258 [pool-187-thread-1] INFO  server.RaftServerConfigKeys (ConfUtils.java:logGet(43)) - raft.server.log.segment.cache.num.max = 2 (custom)
2019-09-27 10:15:05,258 [pool-187-thread-1] INFO  segmented.SegmentedRaftLogWorker (SegmentedRaftLogWorker.java:<init>(172)) - new c83678cc-3f57-4f05-b497-f3d8e0652d41@group-6E8FFDC1B197-SegmentedRaftLogWorker for RaftStorage:Storage Directory /workdir/hadoop-ozone/integration-test/target/test-dir/MiniOzoneClusterImpl-bf7d7b01-9820-4bf2-ac73-317d86ffef37/datanode-4/data/ratis/2a4588ba-146b-4a1f-9c72-6e8ffdc1b197
2019-09-27 10:15:05,261 [pool-187-thread-1] INFO  server.RaftServerConfigKeys (ConfUtils.java:logGet(43)) - raft.server.log.queue.byte-limit = 2147483647 (custom)
2019-09-27 10:15:05,262 [pool-187-thread-1] INFO  server.RaftServerConfigKeys (ConfUtils.java:logGet(43)) - raft.server.log.queue.element-limit = 1024 (custom)
2019-09-27 10:15:05,262 [pool-187-thread-1] INFO  server.RaftServerConfigKeys (ConfUtils.java:logGet(43)) - raft.server.log.segment.size.max = 1048576 (custom)
2019-09-27 10:15:05,262 [pool-187-thread-1] INFO  server.RaftServerConfigKeys (ConfUtils.java:logGet(43)) - raft.server.log.preallocated.size = 16384 (custom)
2019-09-27 10:15:05,262 [pool-187-thread-1] INFO  server.RaftServerConfigKeys (ConfUtils.java:logGet(43)) - raft.server.log.write.buffer.size = 33554432 (custom)
2019-09-27 10:15:05,262 [pool-187-thread-1] INFO  server.RaftServerConfigKeys (ConfUtils.java:logGet(43)) - raft.server.log.force.sync.num = 128 (default)
2019-09-27 10:15:05,263 [pool-187-thread-1] INFO  server.RaftServerConfigKeys (ConfUtils.java:logGet(43)) - raft.server.log.statemachine.data.sync = true (default)
2019-09-27 10:15:05,263 [pool-187-thread-1] INFO  server.RaftServerConfigKeys (ConfUtils.java:logGet(43)) - raft.server.log.statemachine.data.sync.timeout = 10s (default)
2019-09-27 10:15:05,263 [pool-187-thread-1] INFO  server.RaftServerConfigKeys (ConfUtils.java:logGet(43)) - raft.server.log.statemachine.data.sync.timeout.retry = -1 (default)
2019-09-27 10:15:05,263 [pool-187-thread-1] INFO  server.RaftServerConfigKeys (ConfUtils.java:logGet(43)) - raft.server.log.statemachine.data.caching.enabled = true (custom)
2019-09-27 10:15:05,264 [pool-187-thread-1] INFO  segmented.SegmentedRaftLogWorker (SegmentedRaftLogWorker.java:lambda$new$0(132)) - c83678cc-3f57-4f05-b497-f3d8e0652d41@group-6E8FFDC1B197-SegmentedRaftLogWorker: flushIndex: setUnconditionally 0 -> -1
2019-09-27 10:15:05,264 [pool-187-thread-1] INFO  server.RaftServerConfigKeys (ConfUtils.java:logGet(43)) - raft.server.snapshot.auto.trigger.enabled = true (custom)
2019-09-27 10:15:05,264 [pool-187-thread-1] INFO  server.RaftServerConfigKeys (ConfUtils.java:logGet(43)) - raft.server.snapshot.auto.trigger.threshold = 10000 (custom)
2019-09-27 10:15:05,265 [pool-187-thread-1] INFO  server.RaftServerConfigKeys (ConfUtils.java:logGet(43)) - raft.server.snapshot.retention.num.files = 5 (custom)
2019-09-27 10:15:05,265 [pool-187-thread-1] INFO  server.RaftServerConfigKeys (ConfUtils.java:logGet(43)) - raft.server.retrycache.expirytime = 600000ms (custom)
2019-09-27 10:15:05,268 [pool-187-thread-1] INFO  impl.RaftServerImpl (RaftServerImpl.java:start(185)) - c83678cc-3f57-4f05-b497-f3d8e0652d41@group-6E8FFDC1B197: start as a follower, conf=-1: [c83678cc-3f57-4f05-b497-f3d8e0652d41:192.168.151.103:46237], old=null
2019-09-27 10:15:05,268 [pool-187-thread-1] INFO  impl.RaftServerImpl (RaftServerImpl.java:setRole(174)) - c83678cc-3f57-4f05-b497-f3d8e0652d41@group-6E8FFDC1B197: changes role from      null to FOLLOWER at term 0 for startAsFollower
2019-09-27 10:15:05,268 [pool-187-thread-1] INFO  impl.RoleInfo (RoleInfo.java:updateAndGet(143)) - c83678cc-3f57-4f05-b497-f3d8e0652d41: start FollowerState
2019-09-27 10:15:05,268 [pool-187-thread-1] INFO  util.JmxRegister (JmxRegister.java:tryRegister(44)) - Successfully registered JMX Bean with object name Ratis:service=RaftServer,group=group-6E8FFDC1B197,id=c83678cc-3f57-4f05-b497-f3d8e0652d41
2019-09-27 10:15:05,274 [RatisPipelineUtilsThread] INFO  pipeline.PipelineStateManager (PipelineStateManager.java:addPipeline(56)) - Created pipeline Pipeline[ Id: 2a4588ba-146b-4a1f-9c72-6e8ffdc1b197, Nodes: c83678cc-3f57-4f05-b497-f3d8e0652d41{ip: 192.168.151.103, host: pr-hdds2162-4fxhj-20988671, networkLocation: /default-rack, certSerialId: null}, Type:RATIS, Factor:ONE, State:OPEN]
2019-09-27 10:15:05,282 [grpc-default-executor-0] INFO  impl.RaftServerProxy (RaftServerProxy.java:addNew(89)) - 7f046ac0-040c-46f3-9bb5-a2271b996dc0: addNew group-9C61E6F33F22:[7f046ac0-040c-46f3-9bb5-a2271b996dc0:192.168.151.103:41608] returns group-9C61E6F33F22:java.util.concurrent.CompletableFuture@2de3b566[Not completed]
2019-09-27 10:15:05,283 [pool-197-thread-1] INFO  impl.RaftServerImpl (RaftServerImpl.java:<init>(95)) - 7f046ac0-040c-46f3-9bb5-a2271b996dc0: new RaftServerImpl for group-9C61E6F33F22:[7f046ac0-040c-46f3-9bb5-a2271b996dc0:192.168.151.103:41608] with ContainerStateMachine:uninitialized
2019-09-27 10:15:05,283 [pool-197-thread-1] INFO  server.RaftServerConfigKeys (ConfUtils.java:logGet(43)) - raft.server.rpc.timeout.min = 1s (custom)
2019-09-27 10:15:05,283 [pool-197-thread-1] INFO  server.RaftServerConfigKeys (ConfUtils.java:logGet(43)) - raft.server.rpc.timeout.max = 1200ms (custom)
2019-09-27 10:15:05,284 [pool-197-thread-1] INFO  server.RaftServerConfigKeys (ConfUtils.java:logGet(43)) - raft.server.rpcslowness.timeout = 120s (custom)
2019-09-27 10:15:05,284 [pool-197-thread-1] INFO  server.RaftServerConfigKeys (ConfUtils.java:logGet(43)) - raft.server.sleep.deviation.threshold = 300 (default)
2019-09-27 10:15:05,284 [pool-197-thread-1] INFO  server.RaftServerConfigKeys (ConfUtils.java:logGet(43)) - raft.server.log.appender.install.snapshot.enabled = false (custom)
2019-09-27 10:15:05,284 [pool-197-thread-1] INFO  impl.RaftServerImpl (ServerState.java:<init>(103)) - 7f046ac0-040c-46f3-9bb5-a2271b996dc0@group-9C61E6F33F22: ConfigurationManager, init=-1: [7f046ac0-040c-46f3-9bb5-a2271b996dc0:192.168.151.103:41608], old=null, confs=<EMPTY_MAP>
2019-09-27 10:15:05,284 [pool-197-thread-1] INFO  server.RaftServerConfigKeys (ConfUtils.java:logGet(43)) - raft.server.storage.dir = [/workdir/hadoop-ozone/integration-test/target/test-dir/MiniOzoneClusterImpl-bf7d7b01-9820-4bf2-ac73-317d86ffef37/datanode-5/data/ratis] (custom)
2019-09-27 10:15:05,285 [pool-197-thread-1] INFO  storage.RaftStorageDirectory (RaftStorageDirectory.java:analyzeStorage(246)) - The storage directory /workdir/hadoop-ozone/integration-test/target/test-dir/MiniOzoneClusterImpl-bf7d7b01-9820-4bf2-ac73-317d86ffef37/datanode-5/data/ratis/82ddc33d-415d-4d05-9c3b-9c61e6f33f22 does not exist. Creating ...
2019-09-27 10:15:05,297 [pool-197-thread-1] INFO  storage.RaftStorageDirectory (RaftStorageDirectory.java:tryLock(328)) - Lock on /workdir/hadoop-ozone/integration-test/target/test-dir/MiniOzoneClusterImpl-bf7d7b01-9820-4bf2-ac73-317d86ffef37/datanode-5/data/ratis/82ddc33d-415d-4d05-9c3b-9c61e6f33f22/in_use.lock acquired by nodename 4387@pr-hdds2162-4fxhj-20988671
2019-09-27 10:15:05,310 [pool-197-thread-1] INFO  storage.RaftStorage (RaftStorage.java:format(72)) - Storage directory /workdir/hadoop-ozone/integration-test/target/test-dir/MiniOzoneClusterImpl-bf7d7b01-9820-4bf2-ac73-317d86ffef37/datanode-5/data/ratis/82ddc33d-415d-4d05-9c3b-9c61e6f33f22 has been successfully formatted.
2019-09-27 10:15:05,310 [pool-197-thread-1] INFO  ratis.ContainerStateMachine (ContainerStateMachine.java:loadSnapshot(230)) - group-9C61E6F33F22: The snapshot info is null. Setting the last applied indexto:(t:0, i:~)
2019-09-27 10:15:05,310 [pool-197-thread-1] INFO  server.RaftServerConfigKeys (ConfUtils.java:logGet(43)) - raft.server.notification.no-leader.timeout = 120s (custom)
2019-09-27 10:15:05,310 [pool-197-thread-1] INFO  server.RaftServerConfigKeys (ConfUtils.java:logGet(43)) - raft.server.log.use.memory = false (default)
2019-09-27 10:15:05,310 [pool-197-thread-1] INFO  server.RaftServerConfigKeys (ConfUtils.java:logGet(43)) - raft.server.log.purge.gap = 1000000 (custom)
2019-09-27 10:15:05,311 [pool-197-thread-1] INFO  server.RaftServerConfigKeys (ConfUtils.java:logGet(43)) - raft.server.log.appender.buffer.byte-limit = 33554432 (custom)
2019-09-27 10:15:05,311 [pool-197-thread-1] INFO  server.RaftServerConfigKeys (ConfUtils.java:logGet(43)) - raft.server.log.segment.size.max = 1048576 (custom)
2019-09-27 10:15:05,311 [pool-197-thread-1] INFO  server.RaftServerConfigKeys (ConfUtils.java:logGet(43)) - raft.server.log.segment.cache.num.max = 2 (custom)
2019-09-27 10:15:05,311 [pool-197-thread-1] INFO  segmented.SegmentedRaftLogWorker (SegmentedRaftLogWorker.java:<init>(172)) - new 7f046ac0-040c-46f3-9bb5-a2271b996dc0@group-9C61E6F33F22-SegmentedRaftLogWorker for RaftStorage:Storage Directory /workdir/hadoop-ozone/integration-test/target/test-dir/MiniOzoneClusterImpl-bf7d7b01-9820-4bf2-ac73-317d86ffef37/datanode-5/data/ratis/82ddc33d-415d-4d05-9c3b-9c61e6f33f22
2019-09-27 10:15:05,314 [pool-197-thread-1] INFO  server.RaftServerConfigKeys (ConfUtils.java:logGet(43)) - raft.server.log.queue.byte-limit = 2147483647 (custom)
2019-09-27 10:15:05,314 [pool-197-thread-1] INFO  server.RaftServerConfigKeys (ConfUtils.java:logGet(43)) - raft.server.log.queue.element-limit = 1024 (custom)
2019-09-27 10:15:05,314 [pool-197-thread-1] INFO  server.RaftServerConfigKeys (ConfUtils.java:logGet(43)) - raft.server.log.segment.size.max = 1048576 (custom)
2019-09-27 10:15:05,314 [pool-197-thread-1] INFO  server.RaftServerConfigKeys (ConfUtils.java:logGet(43)) - raft.server.log.preallocated.size = 16384 (custom)
2019-09-27 10:15:05,314 [pool-197-thread-1] INFO  server.RaftServerConfigKeys (ConfUtils.java:logGet(43)) - raft.server.log.write.buffer.size = 33554432 (custom)
2019-09-27 10:15:05,314 [pool-197-thread-1] INFO  server.RaftServerConfigKeys (ConfUtils.java:logGet(43)) - raft.server.log.force.sync.num = 128 (default)
2019-09-27 10:15:05,314 [pool-197-thread-1] INFO  server.RaftServerConfigKeys (ConfUtils.java:logGet(43)) - raft.server.log.statemachine.data.sync = true (default)
2019-09-27 10:15:05,315 [pool-197-thread-1] INFO  server.RaftServerConfigKeys (ConfUtils.java:logGet(43)) - raft.server.log.statemachine.data.sync.timeout = 10s (default)
2019-09-27 10:15:05,315 [pool-197-thread-1] INFO  server.RaftServerConfigKeys (ConfUtils.java:logGet(43)) - raft.server.log.statemachine.data.sync.timeout.retry = -1 (default)
2019-09-27 10:15:05,315 [pool-197-thread-1] INFO  server.RaftServerConfigKeys (ConfUtils.java:logGet(43)) - raft.server.log.statemachine.data.caching.enabled = true (custom)
2019-09-27 10:15:05,315 [pool-197-thread-1] INFO  segmented.SegmentedRaftLogWorker (SegmentedRaftLogWorker.java:lambda$new$0(132)) - 7f046ac0-040c-46f3-9bb5-a2271b996dc0@group-9C61E6F33F22-SegmentedRaftLogWorker: flushIndex: setUnconditionally 0 -> -1
2019-09-27 10:15:05,316 [pool-197-thread-1] INFO  server.RaftServerConfigKeys (ConfUtils.java:logGet(43)) - raft.server.snapshot.auto.trigger.enabled = true (custom)
2019-09-27 10:15:05,316 [pool-197-thread-1] INFO  server.RaftServerConfigKeys (ConfUtils.java:logGet(43)) - raft.server.snapshot.auto.trigger.threshold = 10000 (custom)
2019-09-27 10:15:05,316 [pool-197-thread-1] INFO  server.RaftServerConfigKeys (ConfUtils.java:logGet(43)) - raft.server.snapshot.retention.num.files = 5 (custom)
2019-09-27 10:15:05,316 [pool-197-thread-1] INFO  server.RaftServerConfigKeys (ConfUtils.java:logGet(43)) - raft.server.retrycache.expirytime = 600000ms (custom)
2019-09-27 10:15:05,318 [pool-197-thread-1] INFO  impl.RaftServerImpl (RaftServerImpl.java:start(185)) - 7f046ac0-040c-46f3-9bb5-a2271b996dc0@group-9C61E6F33F22: start as a follower, conf=-1: [7f046ac0-040c-46f3-9bb5-a2271b996dc0:192.168.151.103:41608], old=null
2019-09-27 10:15:05,319 [pool-197-thread-1] INFO  impl.RaftServerImpl (RaftServerImpl.java:setRole(174)) - 7f046ac0-040c-46f3-9bb5-a2271b996dc0@group-9C61E6F33F22: changes role from      null to FOLLOWER at term 0 for startAsFollower
2019-09-27 10:15:05,319 [pool-197-thread-1] INFO  impl.RoleInfo (RoleInfo.java:updateAndGet(143)) - 7f046ac0-040c-46f3-9bb5-a2271b996dc0: start FollowerState
2019-09-27 10:15:05,319 [pool-197-thread-1] INFO  util.JmxRegister (JmxRegister.java:tryRegister(44)) - Successfully registered JMX Bean with object name Ratis:service=RaftServer,group=group-9C61E6F33F22,id=7f046ac0-040c-46f3-9bb5-a2271b996dc0
2019-09-27 10:15:05,324 [RatisPipelineUtilsThread] INFO  pipeline.PipelineStateManager (PipelineStateManager.java:addPipeline(56)) - Created pipeline Pipeline[ Id: 82ddc33d-415d-4d05-9c3b-9c61e6f33f22, Nodes: 7f046ac0-040c-46f3-9bb5-a2271b996dc0{ip: 192.168.151.103, host: pr-hdds2162-4fxhj-20988671, networkLocation: /default-rack, certSerialId: null}, Type:RATIS, Factor:ONE, State:OPEN]
2019-09-27 10:15:05,356 [grpc-default-executor-1] INFO  impl.RaftServerProxy (RaftServerProxy.java:addNew(89)) - c83678cc-3f57-4f05-b497-f3d8e0652d41: addNew group-E0020F8DDA2A:[0d58d125-c024-4d5f-9cc5-d1c3650afd4f:192.168.151.103:36563, 7f046ac0-040c-46f3-9bb5-a2271b996dc0:192.168.151.103:41608, c83678cc-3f57-4f05-b497-f3d8e0652d41:192.168.151.103:46237] returns group-E0020F8DDA2A:java.util.concurrent.CompletableFuture@71b4b492[Not completed]
2019-09-27 10:15:05,356 [grpc-default-executor-2] INFO  impl.RaftServerProxy (RaftServerProxy.java:addNew(89)) - 7f046ac0-040c-46f3-9bb5-a2271b996dc0: addNew group-E0020F8DDA2A:[0d58d125-c024-4d5f-9cc5-d1c3650afd4f:192.168.151.103:36563, 7f046ac0-040c-46f3-9bb5-a2271b996dc0:192.168.151.103:41608, c83678cc-3f57-4f05-b497-f3d8e0652d41:192.168.151.103:46237] returns group-E0020F8DDA2A:java.util.concurrent.CompletableFuture@33a15a41[Not completed]
2019-09-27 10:15:05,356 [grpc-default-executor-0] INFO  impl.RaftServerProxy (RaftServerProxy.java:addNew(89)) - 0d58d125-c024-4d5f-9cc5-d1c3650afd4f: addNew group-E0020F8DDA2A:[0d58d125-c024-4d5f-9cc5-d1c3650afd4f:192.168.151.103:36563, 7f046ac0-040c-46f3-9bb5-a2271b996dc0:192.168.151.103:41608, c83678cc-3f57-4f05-b497-f3d8e0652d41:192.168.151.103:46237] returns group-E0020F8DDA2A:java.util.concurrent.CompletableFuture@51babbf2[Not completed]
2019-09-27 10:15:05,357 [pool-187-thread-1] INFO  impl.RaftServerImpl (RaftServerImpl.java:<init>(95)) - c83678cc-3f57-4f05-b497-f3d8e0652d41: new RaftServerImpl for group-E0020F8DDA2A:[0d58d125-c024-4d5f-9cc5-d1c3650afd4f:192.168.151.103:36563, 7f046ac0-040c-46f3-9bb5-a2271b996dc0:192.168.151.103:41608, c83678cc-3f57-4f05-b497-f3d8e0652d41:192.168.151.103:46237] with ContainerStateMachine:uninitialized
2019-09-27 10:15:05,357 [pool-187-thread-1] INFO  server.RaftServerConfigKeys (ConfUtils.java:logGet(43)) - raft.server.rpc.timeout.min = 1s (custom)
2019-09-27 10:15:05,358 [pool-187-thread-1] INFO  server.RaftServerConfigKeys (ConfUtils.java:logGet(43)) - raft.server.rpc.timeout.max = 1200ms (custom)
2019-09-27 10:15:05,358 [pool-187-thread-1] INFO  server.RaftServerConfigKeys (ConfUtils.java:logGet(43)) - raft.server.rpcslowness.timeout = 120s (custom)
2019-09-27 10:15:05,358 [pool-187-thread-1] INFO  server.RaftServerConfigKeys (ConfUtils.java:logGet(43)) - raft.server.sleep.deviation.threshold = 300 (default)
2019-09-27 10:15:05,358 [pool-147-thread-1] INFO  impl.RaftServerImpl (RaftServerImpl.java:<init>(95)) - 0d58d125-c024-4d5f-9cc5-d1c3650afd4f: new RaftServerImpl for group-E0020F8DDA2A:[0d58d125-c024-4d5f-9cc5-d1c3650afd4f:192.168.151.103:36563, 7f046ac0-040c-46f3-9bb5-a2271b996dc0:192.168.151.103:41608, c83678cc-3f57-4f05-b497-f3d8e0652d41:192.168.151.103:46237] with ContainerStateMachine:uninitialized
2019-09-27 10:15:05,358 [pool-187-thread-1] INFO  server.RaftServerConfigKeys (ConfUtils.java:logGet(43)) - raft.server.log.appender.install.snapshot.enabled = false (custom)
2019-09-27 10:15:05,358 [pool-147-thread-1] INFO  server.RaftServerConfigKeys (ConfUtils.java:logGet(43)) - raft.server.rpc.timeout.min = 1s (custom)
2019-09-27 10:15:05,358 [pool-187-thread-1] INFO  impl.RaftServerImpl (ServerState.java:<init>(103)) - c83678cc-3f57-4f05-b497-f3d8e0652d41@group-E0020F8DDA2A: ConfigurationManager, init=-1: [0d58d125-c024-4d5f-9cc5-d1c3650afd4f:192.168.151.103:36563, 7f046ac0-040c-46f3-9bb5-a2271b996dc0:192.168.151.103:41608, c83678cc-3f57-4f05-b497-f3d8e0652d41:192.168.151.103:46237], old=null, confs=<EMPTY_MAP>
2019-09-27 10:15:05,359 [pool-147-thread-1] INFO  server.RaftServerConfigKeys (ConfUtils.java:logGet(43)) - raft.server.rpc.timeout.max = 1200ms (custom)
2019-09-27 10:15:05,359 [pool-187-thread-1] INFO  server.RaftServerConfigKeys (ConfUtils.java:logGet(43)) - raft.server.storage.dir = [/workdir/hadoop-ozone/integration-test/target/test-dir/MiniOzoneClusterImpl-bf7d7b01-9820-4bf2-ac73-317d86ffef37/datanode-4/data/ratis] (custom)
2019-09-27 10:15:05,359 [pool-147-thread-1] INFO  server.RaftServerConfigKeys (ConfUtils.java:logGet(43)) - raft.server.rpcslowness.timeout = 120s (custom)
2019-09-27 10:15:05,359 [pool-197-thread-1] INFO  impl.RaftServerImpl (RaftServerImpl.java:<init>(95)) - 7f046ac0-040c-46f3-9bb5-a2271b996dc0: new RaftServerImpl for group-E0020F8DDA2A:[0d58d125-c024-4d5f-9cc5-d1c3650afd4f:192.168.151.103:36563, 7f046ac0-040c-46f3-9bb5-a2271b996dc0:192.168.151.103:41608, c83678cc-3f57-4f05-b497-f3d8e0652d41:192.168.151.103:46237] with ContainerStateMachine:uninitialized
2019-09-27 10:15:05,359 [pool-147-thread-1] INFO  server.RaftServerConfigKeys (ConfUtils.java:logGet(43)) - raft.server.sleep.deviation.threshold = 300 (default)
2019-09-27 10:15:05,359 [pool-187-thread-1] INFO  storage.RaftStorageDirectory (RaftStorageDirectory.java:analyzeStorage(246)) - The storage directory /workdir/hadoop-ozone/integration-test/target/test-dir/MiniOzoneClusterImpl-bf7d7b01-9820-4bf2-ac73-317d86ffef37/datanode-4/data/ratis/aa351c03-5bfa-4023-99b4-e0020f8dda2a does not exist. Creating ...
2019-09-27 10:15:05,359 [pool-197-thread-1] INFO  server.RaftServerConfigKeys (ConfUtils.java:logGet(43)) - raft.server.rpc.timeout.min = 1s (custom)
2019-09-27 10:15:05,359 [pool-147-thread-1] INFO  server.RaftServerConfigKeys (ConfUtils.java:logGet(43)) - raft.server.log.appender.install.snapshot.enabled = false (custom)
2019-09-27 10:15:05,360 [pool-197-thread-1] INFO  server.RaftServerConfigKeys (ConfUtils.java:logGet(43)) - raft.server.rpc.timeout.max = 1200ms (custom)
2019-09-27 10:15:05,360 [pool-147-thread-1] INFO  impl.RaftServerImpl (ServerState.java:<init>(103)) - 0d58d125-c024-4d5f-9cc5-d1c3650afd4f@group-E0020F8DDA2A: ConfigurationManager, init=-1: [0d58d125-c024-4d5f-9cc5-d1c3650afd4f:192.168.151.103:36563, 7f046ac0-040c-46f3-9bb5-a2271b996dc0:192.168.151.103:41608, c83678cc-3f57-4f05-b497-f3d8e0652d41:192.168.151.103:46237], old=null, confs=<EMPTY_MAP>
2019-09-27 10:15:05,360 [pool-197-thread-1] INFO  server.RaftServerConfigKeys (ConfUtils.java:logGet(43)) - raft.server.rpcslowness.timeout = 120s (custom)
2019-09-27 10:15:05,360 [pool-147-thread-1] INFO  server.RaftServerConfigKeys (ConfUtils.java:logGet(43)) - raft.server.storage.dir = [/workdir/hadoop-ozone/integration-test/target/test-dir/MiniOzoneClusterImpl-bf7d7b01-9820-4bf2-ac73-317d86ffef37/datanode-0/data/ratis] (custom)
2019-09-27 10:15:05,360 [pool-197-thread-1] INFO  server.RaftServerConfigKeys (ConfUtils.java:logGet(43)) - raft.server.sleep.deviation.threshold = 300 (default)
2019-09-27 10:15:05,361 [pool-197-thread-1] INFO  server.RaftServerConfigKeys (ConfUtils.java:logGet(43)) - raft.server.log.appender.install.snapshot.enabled = false (custom)
2019-09-27 10:15:05,361 [pool-197-thread-1] INFO  impl.RaftServerImpl (ServerState.java:<init>(103)) - 7f046ac0-040c-46f3-9bb5-a2271b996dc0@group-E0020F8DDA2A: ConfigurationManager, init=-1: [0d58d125-c024-4d5f-9cc5-d1c3650afd4f:192.168.151.103:36563, 7f046ac0-040c-46f3-9bb5-a2271b996dc0:192.168.151.103:41608, c83678cc-3f57-4f05-b497-f3d8e0652d41:192.168.151.103:46237], old=null, confs=<EMPTY_MAP>
2019-09-27 10:15:05,361 [pool-147-thread-1] INFO  storage.RaftStorageDirectory (RaftStorageDirectory.java:analyzeStorage(246)) - The storage directory /workdir/hadoop-ozone/integration-test/target/test-dir/MiniOzoneClusterImpl-bf7d7b01-9820-4bf2-ac73-317d86ffef37/datanode-0/data/ratis/aa351c03-5bfa-4023-99b4-e0020f8dda2a does not exist. Creating ...
2019-09-27 10:15:05,361 [pool-197-thread-1] INFO  server.RaftServerConfigKeys (ConfUtils.java:logGet(43)) - raft.server.storage.dir = [/workdir/hadoop-ozone/integration-test/target/test-dir/MiniOzoneClusterImpl-bf7d7b01-9820-4bf2-ac73-317d86ffef37/datanode-5/data/ratis] (custom)
2019-09-27 10:15:05,361 [pool-197-thread-1] INFO  storage.RaftStorageDirectory (RaftStorageDirectory.java:analyzeStorage(246)) - The storage directory /workdir/hadoop-ozone/integration-test/target/test-dir/MiniOzoneClusterImpl-bf7d7b01-9820-4bf2-ac73-317d86ffef37/datanode-5/data/ratis/aa351c03-5bfa-4023-99b4-e0020f8dda2a does not exist. Creating ...
2019-09-27 10:15:05,385 [pool-147-thread-1] INFO  storage.RaftStorageDirectory (RaftStorageDirectory.java:tryLock(328)) - Lock on /workdir/hadoop-ozone/integration-test/target/test-dir/MiniOzoneClusterImpl-bf7d7b01-9820-4bf2-ac73-317d86ffef37/datanode-0/data/ratis/aa351c03-5bfa-4023-99b4-e0020f8dda2a/in_use.lock acquired by nodename 4387@pr-hdds2162-4fxhj-20988671
2019-09-27 10:15:05,385 [pool-187-thread-1] INFO  storage.RaftStorageDirectory (RaftStorageDirectory.java:tryLock(328)) - Lock on /workdir/hadoop-ozone/integration-test/target/test-dir/MiniOzoneClusterImpl-bf7d7b01-9820-4bf2-ac73-317d86ffef37/datanode-4/data/ratis/aa351c03-5bfa-4023-99b4-e0020f8dda2a/in_use.lock acquired by nodename 4387@pr-hdds2162-4fxhj-20988671
2019-09-27 10:15:05,385 [pool-197-thread-1] INFO  storage.RaftStorageDirectory (RaftStorageDirectory.java:tryLock(328)) - Lock on /workdir/hadoop-ozone/integration-test/target/test-dir/MiniOzoneClusterImpl-bf7d7b01-9820-4bf2-ac73-317d86ffef37/datanode-5/data/ratis/aa351c03-5bfa-4023-99b4-e0020f8dda2a/in_use.lock acquired by nodename 4387@pr-hdds2162-4fxhj-20988671
2019-09-27 10:15:05,399 [pool-187-thread-1] INFO  storage.RaftStorage (RaftStorage.java:format(72)) - Storage directory /workdir/hadoop-ozone/integration-test/target/test-dir/MiniOzoneClusterImpl-bf7d7b01-9820-4bf2-ac73-317d86ffef37/datanode-4/data/ratis/aa351c03-5bfa-4023-99b4-e0020f8dda2a has been successfully formatted.
2019-09-27 10:15:05,399 [pool-147-thread-1] INFO  storage.RaftStorage (RaftStorage.java:format(72)) - Storage directory /workdir/hadoop-ozone/integration-test/target/test-dir/MiniOzoneClusterImpl-bf7d7b01-9820-4bf2-ac73-317d86ffef37/datanode-0/data/ratis/aa351c03-5bfa-4023-99b4-e0020f8dda2a has been successfully formatted.
2019-09-27 10:15:05,399 [pool-197-thread-1] INFO  storage.RaftStorage (RaftStorage.java:format(72)) - Storage directory /workdir/hadoop-ozone/integration-test/target/test-dir/MiniOzoneClusterImpl-bf7d7b01-9820-4bf2-ac73-317d86ffef37/datanode-5/data/ratis/aa351c03-5bfa-4023-99b4-e0020f8dda2a has been successfully formatted.
2019-09-27 10:15:05,400 [pool-147-thread-1] INFO  ratis.ContainerStateMachine (ContainerStateMachine.java:loadSnapshot(230)) - group-E0020F8DDA2A: The snapshot info is null. Setting the last applied indexto:(t:0, i:~)
2019-09-27 10:15:05,399 [pool-187-thread-1] INFO  ratis.ContainerStateMachine (ContainerStateMachine.java:loadSnapshot(230)) - group-E0020F8DDA2A: The snapshot info is null. Setting the last applied indexto:(t:0, i:~)
2019-09-27 10:15:05,400 [pool-147-thread-1] INFO  server.RaftServerConfigKeys (ConfUtils.java:logGet(43)) - raft.server.notification.no-leader.timeout = 120s (custom)
2019-09-27 10:15:05,400 [pool-197-thread-1] INFO  ratis.ContainerStateMachine (ContainerStateMachine.java:loadSnapshot(230)) - group-E0020F8DDA2A: The snapshot info is null. Setting the last applied indexto:(t:0, i:~)
2019-09-27 10:15:05,400 [pool-147-thread-1] INFO  server.RaftServerConfigKeys (ConfUtils.java:logGet(43)) - raft.server.log.use.memory = false (default)
2019-09-27 10:15:05,400 [pool-187-thread-1] INFO  server.RaftServerConfigKeys (ConfUtils.java:logGet(43)) - raft.server.notification.no-leader.timeout = 120s (custom)
2019-09-27 10:15:05,401 [pool-147-thread-1] INFO  server.RaftServerConfigKeys (ConfUtils.java:logGet(43)) - raft.server.log.purge.gap = 1000000 (custom)
2019-09-27 10:15:05,400 [pool-197-thread-1] INFO  server.RaftServerConfigKeys (ConfUtils.java:logGet(43)) - raft.server.notification.no-leader.timeout = 120s (custom)
2019-09-27 10:15:05,401 [pool-147-thread-1] INFO  server.RaftServerConfigKeys (ConfUtils.java:logGet(43)) - raft.server.log.appender.buffer.byte-limit = 33554432 (custom)
2019-09-27 10:15:05,401 [pool-187-thread-1] INFO  server.RaftServerConfigKeys (ConfUtils.java:logGet(43)) - raft.server.log.use.memory = false (default)
2019-09-27 10:15:05,401 [pool-147-thread-1] INFO  server.RaftServerConfigKeys (ConfUtils.java:logGet(43)) - raft.server.log.segment.size.max = 1048576 (custom)
2019-09-27 10:15:05,401 [pool-197-thread-1] INFO  server.RaftServerConfigKeys (ConfUtils.java:logGet(43)) - raft.server.log.use.memory = false (default)
2019-09-27 10:15:05,402 [pool-147-thread-1] INFO  server.RaftServerConfigKeys (ConfUtils.java:logGet(43)) - raft.server.log.segment.cache.num.max = 2 (custom)
2019-09-27 10:15:05,401 [pool-187-thread-1] INFO  server.RaftServerConfigKeys (ConfUtils.java:logGet(43)) - raft.server.log.purge.gap = 1000000 (custom)
2019-09-27 10:15:05,402 [pool-147-thread-1] INFO  segmented.SegmentedRaftLogWorker (SegmentedRaftLogWorker.java:<init>(172)) - new 0d58d125-c024-4d5f-9cc5-d1c3650afd4f@group-E0020F8DDA2A-SegmentedRaftLogWorker for RaftStorage:Storage Directory /workdir/hadoop-ozone/integration-test/target/test-dir/MiniOzoneClusterImpl-bf7d7b01-9820-4bf2-ac73-317d86ffef37/datanode-0/data/ratis/aa351c03-5bfa-4023-99b4-e0020f8dda2a
2019-09-27 10:15:05,402 [pool-197-thread-1] INFO  server.RaftServerConfigKeys (ConfUtils.java:logGet(43)) - raft.server.log.purge.gap = 1000000 (custom)
2019-09-27 10:15:05,402 [pool-147-thread-1] INFO  server.RaftServerConfigKeys (ConfUtils.java:logGet(43)) - raft.server.log.queue.byte-limit = 2147483647 (custom)
2019-09-27 10:15:05,402 [pool-187-thread-1] INFO  server.RaftServerConfigKeys (ConfUtils.java:logGet(43)) - raft.server.log.appender.buffer.byte-limit = 33554432 (custom)
2019-09-27 10:15:05,403 [pool-147-thread-1] INFO  server.RaftServerConfigKeys (ConfUtils.java:logGet(43)) - raft.server.log.queue.element-limit = 1024 (custom)
2019-09-27 10:15:05,402 [pool-197-thread-1] INFO  server.RaftServerConfigKeys (ConfUtils.java:logGet(43)) - raft.server.log.appender.buffer.byte-limit = 33554432 (custom)
2019-09-27 10:15:05,403 [pool-147-thread-1] INFO  server.RaftServerConfigKeys (ConfUtils.java:logGet(43)) - raft.server.log.segment.size.max = 1048576 (custom)
2019-09-27 10:15:05,403 [pool-187-thread-1] INFO  server.RaftServerConfigKeys (ConfUtils.java:logGet(43)) - raft.server.log.segment.size.max = 1048576 (custom)
2019-09-27 10:15:05,403 [pool-147-thread-1] INFO  server.RaftServerConfigKeys (ConfUtils.java:logGet(43)) - raft.server.log.preallocated.size = 16384 (custom)
2019-09-27 10:15:05,403 [pool-197-thread-1] INFO  server.RaftServerConfigKeys (ConfUtils.java:logGet(43)) - raft.server.log.segment.size.max = 1048576 (custom)
2019-09-27 10:15:05,404 [pool-147-thread-1] INFO  server.RaftServerConfigKeys (ConfUtils.java:logGet(43)) - raft.server.log.write.buffer.size = 33554432 (custom)
2019-09-27 10:15:05,403 [pool-187-thread-1] INFO  server.RaftServerConfigKeys (ConfUtils.java:logGet(43)) - raft.server.log.segment.cache.num.max = 2 (custom)
2019-09-27 10:15:05,404 [pool-147-thread-1] INFO  server.RaftServerConfigKeys (ConfUtils.java:logGet(43)) - raft.server.log.force.sync.num = 128 (default)
2019-09-27 10:15:05,404 [pool-197-thread-1] INFO  server.RaftServerConfigKeys (ConfUtils.java:logGet(43)) - raft.server.log.segment.cache.num.max = 2 (custom)
2019-09-27 10:15:05,404 [pool-147-thread-1] INFO  server.RaftServerConfigKeys (ConfUtils.java:logGet(43)) - raft.server.log.statemachine.data.sync = true (default)
2019-09-27 10:15:05,404 [pool-187-thread-1] INFO  segmented.SegmentedRaftLogWorker (SegmentedRaftLogWorker.java:<init>(172)) - new c83678cc-3f57-4f05-b497-f3d8e0652d41@group-E0020F8DDA2A-SegmentedRaftLogWorker for RaftStorage:Storage Directory /workdir/hadoop-ozone/integration-test/target/test-dir/MiniOzoneClusterImpl-bf7d7b01-9820-4bf2-ac73-317d86ffef37/datanode-4/data/ratis/aa351c03-5bfa-4023-99b4-e0020f8dda2a
2019-09-27 10:15:05,405 [pool-147-thread-1] INFO  server.RaftServerConfigKeys (ConfUtils.java:logGet(43)) - raft.server.log.statemachine.data.sync.timeout = 10s (default)
2019-09-27 10:15:05,404 [pool-197-thread-1] INFO  segmented.SegmentedRaftLogWorker (SegmentedRaftLogWorker.java:<init>(172)) - new 7f046ac0-040c-46f3-9bb5-a2271b996dc0@group-E0020F8DDA2A-SegmentedRaftLogWorker for RaftStorage:Storage Directory /workdir/hadoop-ozone/integration-test/target/test-dir/MiniOzoneClusterImpl-bf7d7b01-9820-4bf2-ac73-317d86ffef37/datanode-5/data/ratis/aa351c03-5bfa-4023-99b4-e0020f8dda2a
2019-09-27 10:15:05,405 [pool-147-thread-1] INFO  server.RaftServerConfigKeys (ConfUtils.java:logGet(43)) - raft.server.log.statemachine.data.sync.timeout.retry = -1 (default)
2019-09-27 10:15:05,405 [pool-187-thread-1] INFO  server.RaftServerConfigKeys (ConfUtils.java:logGet(43)) - raft.server.log.queue.byte-limit = 2147483647 (custom)
2019-09-27 10:15:05,405 [pool-147-thread-1] INFO  server.RaftServerConfigKeys (ConfUtils.java:logGet(43)) - raft.server.log.statemachine.data.caching.enabled = true (custom)
2019-09-27 10:15:05,405 [pool-187-thread-1] INFO  server.RaftServerConfigKeys (ConfUtils.java:logGet(43)) - raft.server.log.queue.element-limit = 1024 (custom)
2019-09-27 10:15:05,405 [pool-197-thread-1] INFO  server.RaftServerConfigKeys (ConfUtils.java:logGet(43)) - raft.server.log.queue.byte-limit = 2147483647 (custom)
2019-09-27 10:15:05,406 [pool-187-thread-1] INFO  server.RaftServerConfigKeys (ConfUtils.java:logGet(43)) - raft.server.log.segment.size.max = 1048576 (custom)
2019-09-27 10:15:05,406 [pool-147-thread-1] INFO  segmented.SegmentedRaftLogWorker (SegmentedRaftLogWorker.java:lambda$new$0(132)) - 0d58d125-c024-4d5f-9cc5-d1c3650afd4f@group-E0020F8DDA2A-SegmentedRaftLogWorker: flushIndex: setUnconditionally 0 -> -1
2019-09-27 10:15:05,406 [pool-197-thread-1] INFO  server.RaftServerConfigKeys (ConfUtils.java:logGet(43)) - raft.server.log.queue.element-limit = 1024 (custom)
2019-09-27 10:15:05,406 [pool-187-thread-1] INFO  server.RaftServerConfigKeys (ConfUtils.java:logGet(43)) - raft.server.log.preallocated.size = 16384 (custom)
2019-09-27 10:15:05,407 [pool-197-thread-1] INFO  server.RaftServerConfigKeys (ConfUtils.java:logGet(43)) - raft.server.log.segment.size.max = 1048576 (custom)
2019-09-27 10:15:05,407 [pool-187-thread-1] INFO  server.RaftServerConfigKeys (ConfUtils.java:logGet(43)) - raft.server.log.write.buffer.size = 33554432 (custom)
2019-09-27 10:15:05,407 [pool-147-thread-1] INFO  server.RaftServerConfigKeys (ConfUtils.java:logGet(43)) - raft.server.snapshot.auto.trigger.enabled = true (custom)
2019-09-27 10:15:05,407 [pool-187-thread-1] INFO  server.RaftServerConfigKeys (ConfUtils.java:logGet(43)) - raft.server.log.force.sync.num = 128 (default)
2019-09-27 10:15:05,407 [pool-197-thread-1] INFO  server.RaftServerConfigKeys (ConfUtils.java:logGet(43)) - raft.server.log.preallocated.size = 16384 (custom)
2019-09-27 10:15:05,407 [pool-187-thread-1] INFO  server.RaftServerConfigKeys (ConfUtils.java:logGet(43)) - raft.server.log.statemachine.data.sync = true (default)
2019-09-27 10:15:05,407 [pool-147-thread-1] INFO  server.RaftServerConfigKeys (ConfUtils.java:logGet(43)) - raft.server.snapshot.auto.trigger.threshold = 10000 (custom)
2019-09-27 10:15:05,408 [pool-187-thread-1] INFO  server.RaftServerConfigKeys (ConfUtils.java:logGet(43)) - raft.server.log.statemachine.data.sync.timeout = 10s (default)
2019-09-27 10:15:05,407 [pool-197-thread-1] INFO  server.RaftServerConfigKeys (ConfUtils.java:logGet(43)) - raft.server.log.write.buffer.size = 33554432 (custom)
2019-09-27 10:15:05,408 [pool-187-thread-1] INFO  server.RaftServerConfigKeys (ConfUtils.java:logGet(43)) - raft.server.log.statemachine.data.sync.timeout.retry = -1 (default)
2019-09-27 10:15:05,408 [pool-147-thread-1] INFO  server.RaftServerConfigKeys (ConfUtils.java:logGet(43)) - raft.server.snapshot.retention.num.files = 5 (custom)
2019-09-27 10:15:05,408 [pool-187-thread-1] INFO  server.RaftServerConfigKeys (ConfUtils.java:logGet(43)) - raft.server.log.statemachine.data.caching.enabled = true (custom)
2019-09-27 10:15:05,408 [pool-197-thread-1] INFO  server.RaftServerConfigKeys (ConfUtils.java:logGet(43)) - raft.server.log.force.sync.num = 128 (default)
2019-09-27 10:15:05,409 [pool-187-thread-1] INFO  segmented.SegmentedRaftLogWorker (SegmentedRaftLogWorker.java:lambda$new$0(132)) - c83678cc-3f57-4f05-b497-f3d8e0652d41@group-E0020F8DDA2A-SegmentedRaftLogWorker: flushIndex: setUnconditionally 0 -> -1
2019-09-27 10:15:05,409 [pool-147-thread-1] INFO  server.RaftServerConfigKeys (ConfUtils.java:logGet(43)) - raft.server.retrycache.expirytime = 600000ms (custom)
2019-09-27 10:15:05,409 [pool-197-thread-1] INFO  server.RaftServerConfigKeys (ConfUtils.java:logGet(43)) - raft.server.log.statemachine.data.sync = true (default)
2019-09-27 10:15:05,409 [pool-187-thread-1] INFO  server.RaftServerConfigKeys (ConfUtils.java:logGet(43)) - raft.server.snapshot.auto.trigger.enabled = true (custom)
2019-09-27 10:15:05,409 [pool-197-thread-1] INFO  server.RaftServerConfigKeys (ConfUtils.java:logGet(43)) - raft.server.log.statemachine.data.sync.timeout = 10s (default)
2019-09-27 10:15:05,409 [pool-187-thread-1] INFO  server.RaftServerConfigKeys (ConfUtils.java:logGet(43)) - raft.server.snapshot.auto.trigger.threshold = 10000 (custom)
2019-09-27 10:15:05,410 [pool-197-thread-1] INFO  server.RaftServerConfigKeys (ConfUtils.java:logGet(43)) - raft.server.log.statemachine.data.sync.timeout.retry = -1 (default)
2019-09-27 10:15:05,410 [pool-187-thread-1] INFO  server.RaftServerConfigKeys (ConfUtils.java:logGet(43)) - raft.server.snapshot.retention.num.files = 5 (custom)
2019-09-27 10:15:05,410 [pool-197-thread-1] INFO  server.RaftServerConfigKeys (ConfUtils.java:logGet(43)) - raft.server.log.statemachine.data.caching.enabled = true (custom)
2019-09-27 10:15:05,410 [pool-187-thread-1] INFO  server.RaftServerConfigKeys (ConfUtils.java:logGet(43)) - raft.server.retrycache.expirytime = 600000ms (custom)
2019-09-27 10:15:05,411 [pool-197-thread-1] INFO  segmented.SegmentedRaftLogWorker (SegmentedRaftLogWorker.java:lambda$new$0(132)) - 7f046ac0-040c-46f3-9bb5-a2271b996dc0@group-E0020F8DDA2A-SegmentedRaftLogWorker: flushIndex: setUnconditionally 0 -> -1
2019-09-27 10:15:05,411 [pool-197-thread-1] INFO  server.RaftServerConfigKeys (ConfUtils.java:logGet(43)) - raft.server.snapshot.auto.trigger.enabled = true (custom)
2019-09-27 10:15:05,411 [pool-197-thread-1] INFO  server.RaftServerConfigKeys (ConfUtils.java:logGet(43)) - raft.server.snapshot.auto.trigger.threshold = 10000 (custom)
2019-09-27 10:15:05,411 [pool-197-thread-1] INFO  server.RaftServerConfigKeys (ConfUtils.java:logGet(43)) - raft.server.snapshot.retention.num.files = 5 (custom)
2019-09-27 10:15:05,412 [pool-197-thread-1] INFO  server.RaftServerConfigKeys (ConfUtils.java:logGet(43)) - raft.server.retrycache.expirytime = 600000ms (custom)
2019-09-27 10:15:05,414 [pool-147-thread-1] INFO  impl.RaftServerImpl (RaftServerImpl.java:start(185)) - 0d58d125-c024-4d5f-9cc5-d1c3650afd4f@group-E0020F8DDA2A: start as a follower, conf=-1: [0d58d125-c024-4d5f-9cc5-d1c3650afd4f:192.168.151.103:36563, 7f046ac0-040c-46f3-9bb5-a2271b996dc0:192.168.151.103:41608, c83678cc-3f57-4f05-b497-f3d8e0652d41:192.168.151.103:46237], old=null
2019-09-27 10:15:05,415 [pool-147-thread-1] INFO  impl.RaftServerImpl (RaftServerImpl.java:setRole(174)) - 0d58d125-c024-4d5f-9cc5-d1c3650afd4f@group-E0020F8DDA2A: changes role from      null to FOLLOWER at term 0 for startAsFollower
2019-09-27 10:15:05,415 [pool-147-thread-1] INFO  impl.RoleInfo (RoleInfo.java:updateAndGet(143)) - 0d58d125-c024-4d5f-9cc5-d1c3650afd4f: start FollowerState
2019-09-27 10:15:05,415 [pool-187-thread-1] INFO  impl.RaftServerImpl (RaftServerImpl.java:start(185)) - c83678cc-3f57-4f05-b497-f3d8e0652d41@group-E0020F8DDA2A: start as a follower, conf=-1: [0d58d125-c024-4d5f-9cc5-d1c3650afd4f:192.168.151.103:36563, 7f046ac0-040c-46f3-9bb5-a2271b996dc0:192.168.151.103:41608, c83678cc-3f57-4f05-b497-f3d8e0652d41:192.168.151.103:46237], old=null
2019-09-27 10:15:05,415 [pool-187-thread-1] INFO  impl.RaftServerImpl (RaftServerImpl.java:setRole(174)) - c83678cc-3f57-4f05-b497-f3d8e0652d41@group-E0020F8DDA2A: changes role from      null to FOLLOWER at term 0 for startAsFollower
2019-09-27 10:15:05,415 [pool-187-thread-1] INFO  impl.RoleInfo (RoleInfo.java:updateAndGet(143)) - c83678cc-3f57-4f05-b497-f3d8e0652d41: start FollowerState
2019-09-27 10:15:05,415 [pool-147-thread-1] INFO  util.JmxRegister (JmxRegister.java:tryRegister(44)) - Successfully registered JMX Bean with object name Ratis:service=RaftServer,group=group-E0020F8DDA2A,id=0d58d125-c024-4d5f-9cc5-d1c3650afd4f
2019-09-27 10:15:05,416 [pool-187-thread-1] INFO  util.JmxRegister (JmxRegister.java:tryRegister(44)) - Successfully registered JMX Bean with object name Ratis:service=RaftServer,group=group-E0020F8DDA2A,id=c83678cc-3f57-4f05-b497-f3d8e0652d41
2019-09-27 10:15:05,416 [pool-197-thread-1] INFO  impl.RaftServerImpl (RaftServerImpl.java:start(185)) - 7f046ac0-040c-46f3-9bb5-a2271b996dc0@group-E0020F8DDA2A: start as a follower, conf=-1: [0d58d125-c024-4d5f-9cc5-d1c3650afd4f:192.168.151.103:36563, 7f046ac0-040c-46f3-9bb5-a2271b996dc0:192.168.151.103:41608, c83678cc-3f57-4f05-b497-f3d8e0652d41:192.168.151.103:46237], old=null
2019-09-27 10:15:05,416 [pool-197-thread-1] INFO  impl.RaftServerImpl (RaftServerImpl.java:setRole(174)) - 7f046ac0-040c-46f3-9bb5-a2271b996dc0@group-E0020F8DDA2A: changes role from      null to FOLLOWER at term 0 for startAsFollower
2019-09-27 10:15:05,417 [pool-197-thread-1] INFO  impl.RoleInfo (RoleInfo.java:updateAndGet(143)) - 7f046ac0-040c-46f3-9bb5-a2271b996dc0: start FollowerState
2019-09-27 10:15:05,417 [pool-197-thread-1] INFO  util.JmxRegister (JmxRegister.java:tryRegister(44)) - Successfully registered JMX Bean with object name Ratis:service=RaftServer,group=group-E0020F8DDA2A,id=7f046ac0-040c-46f3-9bb5-a2271b996dc0
2019-09-27 10:15:05,428 [RatisPipelineUtilsThread] INFO  pipeline.PipelineStateManager (PipelineStateManager.java:addPipeline(56)) - Created pipeline Pipeline[ Id: aa351c03-5bfa-4023-99b4-e0020f8dda2a, Nodes: 7f046ac0-040c-46f3-9bb5-a2271b996dc0{ip: 192.168.151.103, host: pr-hdds2162-4fxhj-20988671, networkLocation: /default-rack, certSerialId: null}c83678cc-3f57-4f05-b497-f3d8e0652d41{ip: 192.168.151.103, host: pr-hdds2162-4fxhj-20988671, networkLocation: /default-rack, certSerialId: null}0d58d125-c024-4d5f-9cc5-d1c3650afd4f{ip: 192.168.151.103, host: pr-hdds2162-4fxhj-20988671, networkLocation: /default-rack, certSerialId: null}, Type:RATIS, Factor:THREE, State:OPEN]
2019-09-27 10:15:05,443 [grpc-default-executor-0] INFO  impl.RaftServerProxy (RaftServerProxy.java:addNew(89)) - 559a1e5d-7325-42b4-8015-f20f7c522db9: addNew group-41F21C1632F2:[8daad421-2b8c-43d7-86bc-2a9f0604b7fd:192.168.151.103:38707, b5608615-b136-4a3c-af34-60e80608899d:192.168.151.103:38736, 559a1e5d-7325-42b4-8015-f20f7c522db9:192.168.151.103:39572] returns group-41F21C1632F2:java.util.concurrent.CompletableFuture@6d987c57[Not completed]
2019-09-27 10:15:05,443 [grpc-default-executor-1] INFO  impl.RaftServerProxy (RaftServerProxy.java:addNew(89)) - b5608615-b136-4a3c-af34-60e80608899d: addNew group-41F21C1632F2:[8daad421-2b8c-43d7-86bc-2a9f0604b7fd:192.168.151.103:38707, b5608615-b136-4a3c-af34-60e80608899d:192.168.151.103:38736, 559a1e5d-7325-42b4-8015-f20f7c522db9:192.168.151.103:39572] returns group-41F21C1632F2:java.util.concurrent.CompletableFuture@3089bea9[Not completed]
2019-09-27 10:15:05,443 [grpc-default-executor-2] INFO  impl.RaftServerProxy (RaftServerProxy.java:addNew(89)) - 8daad421-2b8c-43d7-86bc-2a9f0604b7fd: addNew group-41F21C1632F2:[8daad421-2b8c-43d7-86bc-2a9f0604b7fd:192.168.151.103:38707, b5608615-b136-4a3c-af34-60e80608899d:192.168.151.103:38736, 559a1e5d-7325-42b4-8015-f20f7c522db9:192.168.151.103:39572] returns group-41F21C1632F2:java.util.concurrent.CompletableFuture@603b50d[Not completed]
2019-09-27 10:15:05,446 [pool-157-thread-1] INFO  impl.RaftServerImpl (RaftServerImpl.java:<init>(95)) - 559a1e5d-7325-42b4-8015-f20f7c522db9: new RaftServerImpl for group-41F21C1632F2:[8daad421-2b8c-43d7-86bc-2a9f0604b7fd:192.168.151.103:38707, b5608615-b136-4a3c-af34-60e80608899d:192.168.151.103:38736, 559a1e5d-7325-42b4-8015-f20f7c522db9:192.168.151.103:39572] with ContainerStateMachine:uninitialized
2019-09-27 10:15:05,446 [pool-157-thread-1] INFO  server.RaftServerConfigKeys (ConfUtils.java:logGet(43)) - raft.server.rpc.timeout.min = 1s (custom)
2019-09-27 10:15:05,446 [pool-157-thread-1] INFO  server.RaftServerConfigKeys (ConfUtils.java:logGet(43)) - raft.server.rpc.timeout.max = 1200ms (custom)
2019-09-27 10:15:05,447 [pool-157-thread-1] INFO  server.RaftServerConfigKeys (ConfUtils.java:logGet(43)) - raft.server.rpcslowness.timeout = 120s (custom)
2019-09-27 10:15:05,447 [pool-157-thread-1] INFO  server.RaftServerConfigKeys (ConfUtils.java:logGet(43)) - raft.server.sleep.deviation.threshold = 300 (default)
2019-09-27 10:15:05,447 [pool-157-thread-1] INFO  server.RaftServerConfigKeys (ConfUtils.java:logGet(43)) - raft.server.log.appender.install.snapshot.enabled = false (custom)
2019-09-27 10:15:05,447 [pool-157-thread-1] INFO  impl.RaftServerImpl (ServerState.java:<init>(103)) - 559a1e5d-7325-42b4-8015-f20f7c522db9@group-41F21C1632F2: ConfigurationManager, init=-1: [8daad421-2b8c-43d7-86bc-2a9f0604b7fd:192.168.151.103:38707, b5608615-b136-4a3c-af34-60e80608899d:192.168.151.103:38736, 559a1e5d-7325-42b4-8015-f20f7c522db9:192.168.151.103:39572], old=null, confs=<EMPTY_MAP>
2019-09-27 10:15:05,447 [pool-157-thread-1] INFO  server.RaftServerConfigKeys (ConfUtils.java:logGet(43)) - raft.server.storage.dir = [/workdir/hadoop-ozone/integration-test/target/test-dir/MiniOzoneClusterImpl-bf7d7b01-9820-4bf2-ac73-317d86ffef37/datanode-1/data/ratis] (custom)
2019-09-27 10:15:05,448 [pool-167-thread-1] INFO  impl.RaftServerImpl (RaftServerImpl.java:<init>(95)) - 8daad421-2b8c-43d7-86bc-2a9f0604b7fd: new RaftServerImpl for group-41F21C1632F2:[8daad421-2b8c-43d7-86bc-2a9f0604b7fd:192.168.151.103:38707, b5608615-b136-4a3c-af34-60e80608899d:192.168.151.103:38736, 559a1e5d-7325-42b4-8015-f20f7c522db9:192.168.151.103:39572] with ContainerStateMachine:uninitialized
2019-09-27 10:15:05,448 [pool-157-thread-1] INFO  storage.RaftStorageDirectory (RaftStorageDirectory.java:analyzeStorage(246)) - The storage directory /workdir/hadoop-ozone/integration-test/target/test-dir/MiniOzoneClusterImpl-bf7d7b01-9820-4bf2-ac73-317d86ffef37/datanode-1/data/ratis/808a61f8-9932-4d12-95c7-41f21c1632f2 does not exist. Creating ...
2019-09-27 10:15:05,448 [pool-167-thread-1] INFO  server.RaftServerConfigKeys (ConfUtils.java:logGet(43)) - raft.server.rpc.timeout.min = 1s (custom)
2019-09-27 10:15:05,448 [pool-167-thread-1] INFO  server.RaftServerConfigKeys (ConfUtils.java:logGet(43)) - raft.server.rpc.timeout.max = 1200ms (custom)
2019-09-27 10:15:05,448 [pool-177-thread-1] INFO  impl.RaftServerImpl (RaftServerImpl.java:<init>(95)) - b5608615-b136-4a3c-af34-60e80608899d: new RaftServerImpl for group-41F21C1632F2:[8daad421-2b8c-43d7-86bc-2a9f0604b7fd:192.168.151.103:38707, b5608615-b136-4a3c-af34-60e80608899d:192.168.151.103:38736, 559a1e5d-7325-42b4-8015-f20f7c522db9:192.168.151.103:39572] with ContainerStateMachine:uninitialized
2019-09-27 10:15:05,448 [pool-167-thread-1] INFO  server.RaftServerConfigKeys (ConfUtils.java:logGet(43)) - raft.server.rpcslowness.timeout = 120s (custom)
2019-09-27 10:15:05,449 [pool-177-thread-1] INFO  server.RaftServerConfigKeys (ConfUtils.java:logGet(43)) - raft.server.rpc.timeout.min = 1s (custom)
2019-09-27 10:15:05,449 [pool-167-thread-1] INFO  server.RaftServerConfigKeys (ConfUtils.java:logGet(43)) - raft.server.sleep.deviation.threshold = 300 (default)
2019-09-27 10:15:05,449 [pool-177-thread-1] INFO  server.RaftServerConfigKeys (ConfUtils.java:logGet(43)) - raft.server.rpc.timeout.max = 1200ms (custom)
2019-09-27 10:15:05,449 [pool-167-thread-1] INFO  server.RaftServerConfigKeys (ConfUtils.java:logGet(43)) - raft.server.log.appender.install.snapshot.enabled = false (custom)
2019-09-27 10:15:05,449 [pool-177-thread-1] INFO  server.RaftServerConfigKeys (ConfUtils.java:logGet(43)) - raft.server.rpcslowness.timeout = 120s (custom)
2019-09-27 10:15:05,449 [pool-167-thread-1] INFO  impl.RaftServerImpl (ServerState.java:<init>(103)) - 8daad421-2b8c-43d7-86bc-2a9f0604b7fd@group-41F21C1632F2: ConfigurationManager, init=-1: [8daad421-2b8c-43d7-86bc-2a9f0604b7fd:192.168.151.103:38707, b5608615-b136-4a3c-af34-60e80608899d:192.168.151.103:38736, 559a1e5d-7325-42b4-8015-f20f7c522db9:192.168.151.103:39572], old=null, confs=<EMPTY_MAP>
2019-09-27 10:15:05,450 [pool-177-thread-1] INFO  server.RaftServerConfigKeys (ConfUtils.java:logGet(43)) - raft.server.sleep.deviation.threshold = 300 (default)
2019-09-27 10:15:05,450 [pool-167-thread-1] INFO  server.RaftServerConfigKeys (ConfUtils.java:logGet(43)) - raft.server.storage.dir = [/workdir/hadoop-ozone/integration-test/target/test-dir/MiniOzoneClusterImpl-bf7d7b01-9820-4bf2-ac73-317d86ffef37/datanode-2/data/ratis] (custom)
2019-09-27 10:15:05,450 [pool-177-thread-1] INFO  server.RaftServerConfigKeys (ConfUtils.java:logGet(43)) - raft.server.log.appender.install.snapshot.enabled = false (custom)
2019-09-27 10:15:05,450 [pool-177-thread-1] INFO  impl.RaftServerImpl (ServerState.java:<init>(103)) - b5608615-b136-4a3c-af34-60e80608899d@group-41F21C1632F2: ConfigurationManager, init=-1: [8daad421-2b8c-43d7-86bc-2a9f0604b7fd:192.168.151.103:38707, b5608615-b136-4a3c-af34-60e80608899d:192.168.151.103:38736, 559a1e5d-7325-42b4-8015-f20f7c522db9:192.168.151.103:39572], old=null, confs=<EMPTY_MAP>
2019-09-27 10:15:05,450 [pool-167-thread-1] INFO  storage.RaftStorageDirectory (RaftStorageDirectory.java:analyzeStorage(246)) - The storage directory /workdir/hadoop-ozone/integration-test/target/test-dir/MiniOzoneClusterImpl-bf7d7b01-9820-4bf2-ac73-317d86ffef37/datanode-2/data/ratis/808a61f8-9932-4d12-95c7-41f21c1632f2 does not exist. Creating ...
2019-09-27 10:15:05,450 [pool-177-thread-1] INFO  server.RaftServerConfigKeys (ConfUtils.java:logGet(43)) - raft.server.storage.dir = [/workdir/hadoop-ozone/integration-test/target/test-dir/MiniOzoneClusterImpl-bf7d7b01-9820-4bf2-ac73-317d86ffef37/datanode-3/data/ratis] (custom)
2019-09-27 10:15:05,451 [pool-177-thread-1] INFO  storage.RaftStorageDirectory (RaftStorageDirectory.java:analyzeStorage(246)) - The storage directory /workdir/hadoop-ozone/integration-test/target/test-dir/MiniOzoneClusterImpl-bf7d7b01-9820-4bf2-ac73-317d86ffef37/datanode-3/data/ratis/808a61f8-9932-4d12-95c7-41f21c1632f2 does not exist. Creating ...
2019-09-27 10:15:05,462 [pool-157-thread-1] INFO  storage.RaftStorageDirectory (RaftStorageDirectory.java:tryLock(328)) - Lock on /workdir/hadoop-ozone/integration-test/target/test-dir/MiniOzoneClusterImpl-bf7d7b01-9820-4bf2-ac73-317d86ffef37/datanode-1/data/ratis/808a61f8-9932-4d12-95c7-41f21c1632f2/in_use.lock acquired by nodename 4387@pr-hdds2162-4fxhj-20988671
2019-09-27 10:15:05,462 [pool-167-thread-1] INFO  storage.RaftStorageDirectory (RaftStorageDirectory.java:tryLock(328)) - Lock on /workdir/hadoop-ozone/integration-test/target/test-dir/MiniOzoneClusterImpl-bf7d7b01-9820-4bf2-ac73-317d86ffef37/datanode-2/data/ratis/808a61f8-9932-4d12-95c7-41f21c1632f2/in_use.lock acquired by nodename 4387@pr-hdds2162-4fxhj-20988671
2019-09-27 10:15:05,462 [pool-177-thread-1] INFO  storage.RaftStorageDirectory (RaftStorageDirectory.java:tryLock(328)) - Lock on /workdir/hadoop-ozone/integration-test/target/test-dir/MiniOzoneClusterImpl-bf7d7b01-9820-4bf2-ac73-317d86ffef37/datanode-3/data/ratis/808a61f8-9932-4d12-95c7-41f21c1632f2/in_use.lock acquired by nodename 4387@pr-hdds2162-4fxhj-20988671
2019-09-27 10:15:05,487 [pool-157-thread-1] INFO  storage.RaftStorage (RaftStorage.java:format(72)) - Storage directory /workdir/hadoop-ozone/integration-test/target/test-dir/MiniOzoneClusterImpl-bf7d7b01-9820-4bf2-ac73-317d86ffef37/datanode-1/data/ratis/808a61f8-9932-4d12-95c7-41f21c1632f2 has been successfully formatted.
2019-09-27 10:15:05,487 [pool-167-thread-1] INFO  storage.RaftStorage (RaftStorage.java:format(72)) - Storage directory /workdir/hadoop-ozone/integration-test/target/test-dir/MiniOzoneClusterImpl-bf7d7b01-9820-4bf2-ac73-317d86ffef37/datanode-2/data/ratis/808a61f8-9932-4d12-95c7-41f21c1632f2 has been successfully formatted.
2019-09-27 10:15:05,487 [pool-177-thread-1] INFO  storage.RaftStorage (RaftStorage.java:format(72)) - Storage directory /workdir/hadoop-ozone/integration-test/target/test-dir/MiniOzoneClusterImpl-bf7d7b01-9820-4bf2-ac73-317d86ffef37/datanode-3/data/ratis/808a61f8-9932-4d12-95c7-41f21c1632f2 has been successfully formatted.
2019-09-27 10:15:05,488 [pool-167-thread-1] INFO  ratis.ContainerStateMachine (ContainerStateMachine.java:loadSnapshot(230)) - group-41F21C1632F2: The snapshot info is null. Setting the last applied indexto:(t:0, i:~)
2019-09-27 10:15:05,488 [pool-157-thread-1] INFO  ratis.ContainerStateMachine (ContainerStateMachine.java:loadSnapshot(230)) - group-41F21C1632F2: The snapshot info is null. Setting the last applied indexto:(t:0, i:~)
2019-09-27 10:15:05,488 [pool-177-thread-1] INFO  ratis.ContainerStateMachine (ContainerStateMachine.java:loadSnapshot(230)) - group-41F21C1632F2: The snapshot info is null. Setting the last applied indexto:(t:0, i:~)
2019-09-27 10:15:05,488 [pool-167-thread-1] INFO  server.RaftServerConfigKeys (ConfUtils.java:logGet(43)) - raft.server.notification.no-leader.timeout = 120s (custom)
2019-09-27 10:15:05,488 [pool-177-thread-1] INFO  server.RaftServerConfigKeys (ConfUtils.java:logGet(43)) - raft.server.notification.no-leader.timeout = 120s (custom)
2019-09-27 10:15:05,488 [pool-157-thread-1] INFO  server.RaftServerConfigKeys (ConfUtils.java:logGet(43)) - raft.server.notification.no-leader.timeout = 120s (custom)
2019-09-27 10:15:05,489 [pool-177-thread-1] INFO  server.RaftServerConfigKeys (ConfUtils.java:logGet(43)) - raft.server.log.use.memory = false (default)
2019-09-27 10:15:05,488 [pool-167-thread-1] INFO  server.RaftServerConfigKeys (ConfUtils.java:logGet(43)) - raft.server.log.use.memory = false (default)
2019-09-27 10:15:05,489 [pool-177-thread-1] INFO  server.RaftServerConfigKeys (ConfUtils.java:logGet(43)) - raft.server.log.purge.gap = 1000000 (custom)
2019-09-27 10:15:05,489 [pool-157-thread-1] INFO  server.RaftServerConfigKeys (ConfUtils.java:logGet(43)) - raft.server.log.use.memory = false (default)
2019-09-27 10:15:05,489 [pool-177-thread-1] INFO  server.RaftServerConfigKeys (ConfUtils.java:logGet(43)) - raft.server.log.appender.buffer.byte-limit = 33554432 (custom)
2019-09-27 10:15:05,489 [pool-167-thread-1] INFO  server.RaftServerConfigKeys (ConfUtils.java:logGet(43)) - raft.server.log.purge.gap = 1000000 (custom)
2019-09-27 10:15:05,489 [pool-177-thread-1] INFO  server.RaftServerConfigKeys (ConfUtils.java:logGet(43)) - raft.server.log.segment.size.max = 1048576 (custom)
2019-09-27 10:15:05,489 [pool-157-thread-1] INFO  server.RaftServerConfigKeys (ConfUtils.java:logGet(43)) - raft.server.log.purge.gap = 1000000 (custom)
2019-09-27 10:15:05,490 [pool-177-thread-1] INFO  server.RaftServerConfigKeys (ConfUtils.java:logGet(43)) - raft.server.log.segment.cache.num.max = 2 (custom)
2019-09-27 10:15:05,490 [pool-167-thread-1] INFO  server.RaftServerConfigKeys (ConfUtils.java:logGet(43)) - raft.server.log.appender.buffer.byte-limit = 33554432 (custom)
2019-09-27 10:15:05,490 [pool-177-thread-1] INFO  segmented.SegmentedRaftLogWorker (SegmentedRaftLogWorker.java:<init>(172)) - new b5608615-b136-4a3c-af34-60e80608899d@group-41F21C1632F2-SegmentedRaftLogWorker for RaftStorage:Storage Directory /workdir/hadoop-ozone/integration-test/target/test-dir/MiniOzoneClusterImpl-bf7d7b01-9820-4bf2-ac73-317d86ffef37/datanode-3/data/ratis/808a61f8-9932-4d12-95c7-41f21c1632f2
2019-09-27 10:15:05,490 [pool-157-thread-1] INFO  server.RaftServerConfigKeys (ConfUtils.java:logGet(43)) - raft.server.log.appender.buffer.byte-limit = 33554432 (custom)
2019-09-27 10:15:05,491 [pool-177-thread-1] INFO  server.RaftServerConfigKeys (ConfUtils.java:logGet(43)) - raft.server.log.queue.byte-limit = 2147483647 (custom)
2019-09-27 10:15:05,490 [pool-167-thread-1] INFO  server.RaftServerConfigKeys (ConfUtils.java:logGet(43)) - raft.server.log.segment.size.max = 1048576 (custom)
2019-09-27 10:15:05,491 [pool-177-thread-1] INFO  server.RaftServerConfigKeys (ConfUtils.java:logGet(43)) - raft.server.log.queue.element-limit = 1024 (custom)
2019-09-27 10:15:05,491 [pool-157-thread-1] INFO  server.RaftServerConfigKeys (ConfUtils.java:logGet(43)) - raft.server.log.segment.size.max = 1048576 (custom)
2019-09-27 10:15:05,491 [pool-177-thread-1] INFO  server.RaftServerConfigKeys (ConfUtils.java:logGet(43)) - raft.server.log.segment.size.max = 1048576 (custom)
2019-09-27 10:15:05,491 [pool-167-thread-1] INFO  server.RaftServerConfigKeys (ConfUtils.java:logGet(43)) - raft.server.log.segment.cache.num.max = 2 (custom)
2019-09-27 10:15:05,492 [pool-177-thread-1] INFO  server.RaftServerConfigKeys (ConfUtils.java:logGet(43)) - raft.server.log.preallocated.size = 16384 (custom)
2019-09-27 10:15:05,491 [pool-157-thread-1] INFO  server.RaftServerConfigKeys (ConfUtils.java:logGet(43)) - raft.server.log.segment.cache.num.max = 2 (custom)
2019-09-27 10:15:05,492 [pool-177-thread-1] INFO  server.RaftServerConfigKeys (ConfUtils.java:logGet(43)) - raft.server.log.write.buffer.size = 33554432 (custom)
2019-09-27 10:15:05,492 [pool-167-thread-1] INFO  segmented.SegmentedRaftLogWorker (SegmentedRaftLogWorker.java:<init>(172)) - new 8daad421-2b8c-43d7-86bc-2a9f0604b7fd@group-41F21C1632F2-SegmentedRaftLogWorker for RaftStorage:Storage Directory /workdir/hadoop-ozone/integration-test/target/test-dir/MiniOzoneClusterImpl-bf7d7b01-9820-4bf2-ac73-317d86ffef37/datanode-2/data/ratis/808a61f8-9932-4d12-95c7-41f21c1632f2
2019-09-27 10:15:05,492 [pool-177-thread-1] INFO  server.RaftServerConfigKeys (ConfUtils.java:logGet(43)) - raft.server.log.force.sync.num = 128 (default)
2019-09-27 10:15:05,492 [pool-157-thread-1] INFO  segmented.SegmentedRaftLogWorker (SegmentedRaftLogWorker.java:<init>(172)) - new 559a1e5d-7325-42b4-8015-f20f7c522db9@group-41F21C1632F2-SegmentedRaftLogWorker for RaftStorage:Storage Directory /workdir/hadoop-ozone/integration-test/target/test-dir/MiniOzoneClusterImpl-bf7d7b01-9820-4bf2-ac73-317d86ffef37/datanode-1/data/ratis/808a61f8-9932-4d12-95c7-41f21c1632f2
2019-09-27 10:15:05,493 [pool-177-thread-1] INFO  server.RaftServerConfigKeys (ConfUtils.java:logGet(43)) - raft.server.log.statemachine.data.sync = true (default)
2019-09-27 10:15:05,492 [pool-167-thread-1] INFO  server.RaftServerConfigKeys (ConfUtils.java:logGet(43)) - raft.server.log.queue.byte-limit = 2147483647 (custom)
2019-09-27 10:15:05,493 [pool-177-thread-1] INFO  server.RaftServerConfigKeys (ConfUtils.java:logGet(43)) - raft.server.log.statemachine.data.sync.timeout = 10s (default)
2019-09-27 10:15:05,493 [pool-157-thread-1] INFO  server.RaftServerConfigKeys (ConfUtils.java:logGet(43)) - raft.server.log.queue.byte-limit = 2147483647 (custom)
2019-09-27 10:15:05,493 [pool-177-thread-1] INFO  server.RaftServerConfigKeys (ConfUtils.java:logGet(43)) - raft.server.log.statemachine.data.sync.timeout.retry = -1 (default)
2019-09-27 10:15:05,493 [pool-167-thread-1] INFO  server.RaftServerConfigKeys (ConfUtils.java:logGet(43)) - raft.server.log.queue.element-limit = 1024 (custom)
2019-09-27 10:15:05,494 [pool-177-thread-1] INFO  server.RaftServerConfigKeys (ConfUtils.java:logGet(43)) - raft.server.log.statemachine.data.caching.enabled = true (custom)
2019-09-27 10:15:05,493 [pool-157-thread-1] INFO  server.RaftServerConfigKeys (ConfUtils.java:logGet(43)) - raft.server.log.queue.element-limit = 1024 (custom)
2019-09-27 10:15:05,494 [pool-167-thread-1] INFO  server.RaftServerConfigKeys (ConfUtils.java:logGet(43)) - raft.server.log.segment.size.max = 1048576 (custom)
2019-09-27 10:15:05,494 [pool-177-thread-1] INFO  segmented.SegmentedRaftLogWorker (SegmentedRaftLogWorker.java:lambda$new$0(132)) - b5608615-b136-4a3c-af34-60e80608899d@group-41F21C1632F2-SegmentedRaftLogWorker: flushIndex: setUnconditionally 0 -> -1
2019-09-27 10:15:05,494 [pool-157-thread-1] INFO  server.RaftServerConfigKeys (ConfUtils.java:logGet(43)) - raft.server.log.segment.size.max = 1048576 (custom)
2019-09-27 10:15:05,495 [pool-157-thread-1] INFO  server.RaftServerConfigKeys (ConfUtils.java:logGet(43)) - raft.server.log.preallocated.size = 16384 (custom)
2019-09-27 10:15:05,495 [pool-177-thread-1] INFO  server.RaftServerConfigKeys (ConfUtils.java:logGet(43)) - raft.server.snapshot.auto.trigger.enabled = true (custom)
2019-09-27 10:15:05,494 [pool-167-thread-1] INFO  server.RaftServerConfigKeys (ConfUtils.java:logGet(43)) - raft.server.log.preallocated.size = 16384 (custom)
2019-09-27 10:15:05,495 [pool-177-thread-1] INFO  server.RaftServerConfigKeys (ConfUtils.java:logGet(43)) - raft.server.snapshot.auto.trigger.threshold = 10000 (custom)
2019-09-27 10:15:05,495 [pool-157-thread-1] INFO  server.RaftServerConfigKeys (ConfUtils.java:logGet(43)) - raft.server.log.write.buffer.size = 33554432 (custom)
2019-09-27 10:15:05,495 [pool-177-thread-1] INFO  server.RaftServerConfigKeys (ConfUtils.java:logGet(43)) - raft.server.snapshot.retention.num.files = 5 (custom)
2019-09-27 10:15:05,495 [pool-167-thread-1] INFO  server.RaftServerConfigKeys (ConfUtils.java:logGet(43)) - raft.server.log.write.buffer.size = 33554432 (custom)
2019-09-27 10:15:05,496 [pool-177-thread-1] INFO  server.RaftServerConfigKeys (ConfUtils.java:logGet(43)) - raft.server.retrycache.expirytime = 600000ms (custom)
2019-09-27 10:15:05,495 [pool-157-thread-1] INFO  server.RaftServerConfigKeys (ConfUtils.java:logGet(43)) - raft.server.log.force.sync.num = 128 (default)
2019-09-27 10:15:05,496 [pool-167-thread-1] INFO  server.RaftServerConfigKeys (ConfUtils.java:logGet(43)) - raft.server.log.force.sync.num = 128 (default)
2019-09-27 10:15:05,496 [pool-157-thread-1] INFO  server.RaftServerConfigKeys (ConfUtils.java:logGet(43)) - raft.server.log.statemachine.data.sync = true (default)
2019-09-27 10:15:05,496 [pool-167-thread-1] INFO  server.RaftServerConfigKeys (ConfUtils.java:logGet(43)) - raft.server.log.statemachine.data.sync = true (default)
2019-09-27 10:15:05,496 [pool-157-thread-1] INFO  server.RaftServerConfigKeys (ConfUtils.java:logGet(43)) - raft.server.log.statemachine.data.sync.timeout = 10s (default)
2019-09-27 10:15:05,497 [pool-167-thread-1] INFO  server.RaftServerConfigKeys (ConfUtils.java:logGet(43)) - raft.server.log.statemachine.data.sync.timeout = 10s (default)
2019-09-27 10:15:05,497 [pool-157-thread-1] INFO  server.RaftServerConfigKeys (ConfUtils.java:logGet(43)) - raft.server.log.statemachine.data.sync.timeout.retry = -1 (default)
2019-09-27 10:15:05,497 [pool-167-thread-1] INFO  server.RaftServerConfigKeys (ConfUtils.java:logGet(43)) - raft.server.log.statemachine.data.sync.timeout.retry = -1 (default)
2019-09-27 10:15:05,497 [pool-157-thread-1] INFO  server.RaftServerConfigKeys (ConfUtils.java:logGet(43)) - raft.server.log.statemachine.data.caching.enabled = true (custom)
2019-09-27 10:15:05,497 [pool-167-thread-1] INFO  server.RaftServerConfigKeys (ConfUtils.java:logGet(43)) - raft.server.log.statemachine.data.caching.enabled = true (custom)
2019-09-27 10:15:05,497 [pool-157-thread-1] INFO  segmented.SegmentedRaftLogWorker (SegmentedRaftLogWorker.java:lambda$new$0(132)) - 559a1e5d-7325-42b4-8015-f20f7c522db9@group-41F21C1632F2-SegmentedRaftLogWorker: flushIndex: setUnconditionally 0 -> -1
2019-09-27 10:15:05,497 [pool-167-thread-1] INFO  segmented.SegmentedRaftLogWorker (SegmentedRaftLogWorker.java:lambda$new$0(132)) - 8daad421-2b8c-43d7-86bc-2a9f0604b7fd@group-41F21C1632F2-SegmentedRaftLogWorker: flushIndex: setUnconditionally 0 -> -1
2019-09-27 10:15:05,498 [pool-157-thread-1] INFO  server.RaftServerConfigKeys (ConfUtils.java:logGet(43)) - raft.server.snapshot.auto.trigger.enabled = true (custom)
2019-09-27 10:15:05,498 [pool-157-thread-1] INFO  server.RaftServerConfigKeys (ConfUtils.java:logGet(43)) - raft.server.snapshot.auto.trigger.threshold = 10000 (custom)
2019-09-27 10:15:05,498 [pool-167-thread-1] INFO  server.RaftServerConfigKeys (ConfUtils.java:logGet(43)) - raft.server.snapshot.auto.trigger.enabled = true (custom)
2019-09-27 10:15:05,498 [pool-157-thread-1] INFO  server.RaftServerConfigKeys (ConfUtils.java:logGet(43)) - raft.server.snapshot.retention.num.files = 5 (custom)
2019-09-27 10:15:05,498 [pool-167-thread-1] INFO  server.RaftServerConfigKeys (ConfUtils.java:logGet(43)) - raft.server.snapshot.auto.trigger.threshold = 10000 (custom)
2019-09-27 10:15:05,498 [pool-157-thread-1] INFO  server.RaftServerConfigKeys (ConfUtils.java:logGet(43)) - raft.server.retrycache.expirytime = 600000ms (custom)
2019-09-27 10:15:05,498 [pool-167-thread-1] INFO  server.RaftServerConfigKeys (ConfUtils.java:logGet(43)) - raft.server.snapshot.retention.num.files = 5 (custom)
2019-09-27 10:15:05,499 [pool-167-thread-1] INFO  server.RaftServerConfigKeys (ConfUtils.java:logGet(43)) - raft.server.retrycache.expirytime = 600000ms (custom)
2019-09-27 10:15:05,500 [pool-177-thread-1] INFO  impl.RaftServerImpl (RaftServerImpl.java:start(185)) - b5608615-b136-4a3c-af34-60e80608899d@group-41F21C1632F2: start as a follower, conf=-1: [8daad421-2b8c-43d7-86bc-2a9f0604b7fd:192.168.151.103:38707, b5608615-b136-4a3c-af34-60e80608899d:192.168.151.103:38736, 559a1e5d-7325-42b4-8015-f20f7c522db9:192.168.151.103:39572], old=null
2019-09-27 10:15:05,500 [pool-177-thread-1] INFO  impl.RaftServerImpl (RaftServerImpl.java:setRole(174)) - b5608615-b136-4a3c-af34-60e80608899d@group-41F21C1632F2: changes role from      null to FOLLOWER at term 0 for startAsFollower
2019-09-27 10:15:05,501 [pool-177-thread-1] INFO  impl.RoleInfo (RoleInfo.java:updateAndGet(143)) - b5608615-b136-4a3c-af34-60e80608899d: start FollowerState
2019-09-27 10:15:05,501 [pool-177-thread-1] INFO  util.JmxRegister (JmxRegister.java:tryRegister(44)) - Successfully registered JMX Bean with object name Ratis:service=RaftServer,group=group-41F21C1632F2,id=b5608615-b136-4a3c-af34-60e80608899d
2019-09-27 10:15:05,502 [pool-157-thread-1] INFO  impl.RaftServerImpl (RaftServerImpl.java:start(185)) - 559a1e5d-7325-42b4-8015-f20f7c522db9@group-41F21C1632F2: start as a follower, conf=-1: [8daad421-2b8c-43d7-86bc-2a9f0604b7fd:192.168.151.103:38707, b5608615-b136-4a3c-af34-60e80608899d:192.168.151.103:38736, 559a1e5d-7325-42b4-8015-f20f7c522db9:192.168.151.103:39572], old=null
2019-09-27 10:15:05,502 [pool-157-thread-1] INFO  impl.RaftServerImpl (RaftServerImpl.java:setRole(174)) - 559a1e5d-7325-42b4-8015-f20f7c522db9@group-41F21C1632F2: changes role from      null to FOLLOWER at term 0 for startAsFollower
2019-09-27 10:15:05,503 [pool-157-thread-1] INFO  impl.RoleInfo (RoleInfo.java:updateAndGet(143)) - 559a1e5d-7325-42b4-8015-f20f7c522db9: start FollowerState
2019-09-27 10:15:05,505 [pool-167-thread-1] INFO  impl.RaftServerImpl (RaftServerImpl.java:start(185)) - 8daad421-2b8c-43d7-86bc-2a9f0604b7fd@group-41F21C1632F2: start as a follower, conf=-1: [8daad421-2b8c-43d7-86bc-2a9f0604b7fd:192.168.151.103:38707, b5608615-b136-4a3c-af34-60e80608899d:192.168.151.103:38736, 559a1e5d-7325-42b4-8015-f20f7c522db9:192.168.151.103:39572], old=null
2019-09-27 10:15:05,505 [pool-167-thread-1] INFO  impl.RaftServerImpl (RaftServerImpl.java:setRole(174)) - 8daad421-2b8c-43d7-86bc-2a9f0604b7fd@group-41F21C1632F2: changes role from      null to FOLLOWER at term 0 for startAsFollower
2019-09-27 10:15:05,506 [pool-167-thread-1] INFO  impl.RoleInfo (RoleInfo.java:updateAndGet(143)) - 8daad421-2b8c-43d7-86bc-2a9f0604b7fd: start FollowerState
2019-09-27 10:15:05,506 [pool-157-thread-1] INFO  util.JmxRegister (JmxRegister.java:tryRegister(44)) - Successfully registered JMX Bean with object name Ratis:service=RaftServer,group=group-41F21C1632F2,id=559a1e5d-7325-42b4-8015-f20f7c522db9
2019-09-27 10:15:05,506 [pool-167-thread-1] INFO  util.JmxRegister (JmxRegister.java:tryRegister(44)) - Successfully registered JMX Bean with object name Ratis:service=RaftServer,group=group-41F21C1632F2,id=8daad421-2b8c-43d7-86bc-2a9f0604b7fd
2019-09-27 10:15:05,511 [RatisPipelineUtilsThread] INFO  pipeline.PipelineStateManager (PipelineStateManager.java:addPipeline(56)) - Created pipeline Pipeline[ Id: 808a61f8-9932-4d12-95c7-41f21c1632f2, Nodes: b5608615-b136-4a3c-af34-60e80608899d{ip: 192.168.151.103, host: pr-hdds2162-4fxhj-20988671, networkLocation: /default-rack, certSerialId: null}559a1e5d-7325-42b4-8015-f20f7c522db9{ip: 192.168.151.103, host: pr-hdds2162-4fxhj-20988671, networkLocation: /default-rack, certSerialId: null}8daad421-2b8c-43d7-86bc-2a9f0604b7fd{ip: 192.168.151.103, host: pr-hdds2162-4fxhj-20988671, networkLocation: /default-rack, certSerialId: null}, Type:RATIS, Factor:THREE, State:OPEN]
2019-09-27 10:15:06,159 [Thread-2144] INFO  impl.FollowerState (FollowerState.java:run(106)) - 559a1e5d-7325-42b4-8015-f20f7c522db9:group-45C730F25823 changes to CANDIDATE, lastRpcTime:1093, electionTimeout:1093ms
2019-09-27 10:15:06,160 [Thread-2144] INFO  impl.RoleInfo (RoleInfo.java:shutdownFollowerState(121)) - 559a1e5d-7325-42b4-8015-f20f7c522db9: shutdown FollowerState
2019-09-27 10:15:06,160 [Thread-2144] INFO  impl.RaftServerImpl (RaftServerImpl.java:setRole(174)) - 559a1e5d-7325-42b4-8015-f20f7c522db9@group-45C730F25823: changes role from  FOLLOWER to CANDIDATE at term 0 for changeToCandidate
2019-09-27 10:15:06,160 [Thread-2144] INFO  impl.RoleInfo (RoleInfo.java:updateAndGet(143)) - 559a1e5d-7325-42b4-8015-f20f7c522db9: start LeaderElection
2019-09-27 10:15:06,180 [Thread-2147] INFO  impl.FollowerState (FollowerState.java:run(106)) - 8daad421-2b8c-43d7-86bc-2a9f0604b7fd:group-807C970AF451 changes to CANDIDATE, lastRpcTime:1046, electionTimeout:1044ms
2019-09-27 10:15:06,182 [Thread-2147] INFO  impl.RoleInfo (RoleInfo.java:shutdownFollowerState(121)) - 8daad421-2b8c-43d7-86bc-2a9f0604b7fd: shutdown FollowerState
2019-09-27 10:15:06,182 [Thread-2147] INFO  impl.RaftServerImpl (RaftServerImpl.java:setRole(174)) - 8daad421-2b8c-43d7-86bc-2a9f0604b7fd@group-807C970AF451: changes role from  FOLLOWER to CANDIDATE at term 0 for changeToCandidate
2019-09-27 10:15:06,182 [Thread-2147] INFO  impl.RoleInfo (RoleInfo.java:updateAndGet(143)) - 8daad421-2b8c-43d7-86bc-2a9f0604b7fd: start LeaderElection
2019-09-27 10:15:06,196 [559a1e5d-7325-42b4-8015-f20f7c522db9@group-45C730F25823:LeaderElection32] INFO  impl.LeaderElection (LeaderElection.java:askForVotes(182)) - 559a1e5d-7325-42b4-8015-f20f7c522db9@group-45C730F25823:LeaderElection32: begin an election at term 1 for -1: [559a1e5d-7325-42b4-8015-f20f7c522db9:192.168.151.103:39572], old=null
2019-09-27 10:15:06,196 [8daad421-2b8c-43d7-86bc-2a9f0604b7fd@group-807C970AF451:LeaderElection33] INFO  impl.LeaderElection (LeaderElection.java:askForVotes(182)) - 8daad421-2b8c-43d7-86bc-2a9f0604b7fd@group-807C970AF451:LeaderElection33: begin an election at term 1 for -1: [8daad421-2b8c-43d7-86bc-2a9f0604b7fd:192.168.151.103:38707], old=null
2019-09-27 10:15:06,196 [559a1e5d-7325-42b4-8015-f20f7c522db9@group-45C730F25823:LeaderElection32] INFO  impl.RoleInfo (RoleInfo.java:shutdownLeaderElection(134)) - 559a1e5d-7325-42b4-8015-f20f7c522db9: shutdown LeaderElection
2019-09-27 10:15:06,196 [8daad421-2b8c-43d7-86bc-2a9f0604b7fd@group-807C970AF451:LeaderElection33] INFO  impl.RoleInfo (RoleInfo.java:shutdownLeaderElection(134)) - 8daad421-2b8c-43d7-86bc-2a9f0604b7fd: shutdown LeaderElection
2019-09-27 10:15:06,196 [Thread-2141] INFO  impl.FollowerState (FollowerState.java:run(106)) - 0d58d125-c024-4d5f-9cc5-d1c3650afd4f:group-1501CBD631F2 changes to CANDIDATE, lastRpcTime:1214, electionTimeout:1200ms
2019-09-27 10:15:06,197 [8daad421-2b8c-43d7-86bc-2a9f0604b7fd@group-807C970AF451:LeaderElection33] INFO  impl.RaftServerImpl (RaftServerImpl.java:setRole(174)) - 8daad421-2b8c-43d7-86bc-2a9f0604b7fd@group-807C970AF451: changes role from CANDIDATE to LEADER at term 1 for changeToLeader
2019-09-27 10:15:06,196 [559a1e5d-7325-42b4-8015-f20f7c522db9@group-45C730F25823:LeaderElection32] INFO  impl.RaftServerImpl (RaftServerImpl.java:setRole(174)) - 559a1e5d-7325-42b4-8015-f20f7c522db9@group-45C730F25823: changes role from CANDIDATE to LEADER at term 1 for changeToLeader
2019-09-27 10:15:06,197 [8daad421-2b8c-43d7-86bc-2a9f0604b7fd@group-807C970AF451:LeaderElection33] INFO  impl.RaftServerImpl (ServerState.java:setLeader(253)) - 8daad421-2b8c-43d7-86bc-2a9f0604b7fd@group-807C970AF451: change Leader from null to 8daad421-2b8c-43d7-86bc-2a9f0604b7fd at term 1 for becomeLeader, leader elected after 1072ms
2019-09-27 10:15:06,197 [Thread-2141] INFO  impl.RoleInfo (RoleInfo.java:shutdownFollowerState(121)) - 0d58d125-c024-4d5f-9cc5-d1c3650afd4f: shutdown FollowerState
2019-09-27 10:15:06,197 [8daad421-2b8c-43d7-86bc-2a9f0604b7fd@group-807C970AF451:LeaderElection33] INFO  server.RaftServerConfigKeys (ConfUtils.java:logGet(43)) - raft.server.staging.catchup.gap = 1000 (default)
2019-09-27 10:15:06,197 [559a1e5d-7325-42b4-8015-f20f7c522db9@group-45C730F25823:LeaderElection32] INFO  impl.RaftServerImpl (ServerState.java:setLeader(253)) - 559a1e5d-7325-42b4-8015-f20f7c522db9@group-45C730F25823: change Leader from null to 559a1e5d-7325-42b4-8015-f20f7c522db9 at term 1 for becomeLeader, leader elected after 1143ms
2019-09-27 10:15:06,197 [8daad421-2b8c-43d7-86bc-2a9f0604b7fd@group-807C970AF451:LeaderElection33] INFO  server.RaftServerConfigKeys (ConfUtils.java:logGet(43)) - raft.server.rpc.sleep.time = 25ms (default)
2019-09-27 10:15:06,197 [Thread-2141] INFO  impl.RaftServerImpl (RaftServerImpl.java:setRole(174)) - 0d58d125-c024-4d5f-9cc5-d1c3650afd4f@group-1501CBD631F2: changes role from  FOLLOWER to CANDIDATE at term 0 for changeToCandidate
2019-09-27 10:15:06,198 [8daad421-2b8c-43d7-86bc-2a9f0604b7fd@group-807C970AF451:LeaderElection33] INFO  server.RaftServerConfigKeys (ConfUtils.java:logGet(43)) - raft.server.write.element-limit = 4096 (default)
2019-09-27 10:15:06,198 [559a1e5d-7325-42b4-8015-f20f7c522db9@group-45C730F25823:LeaderElection32] INFO  server.RaftServerConfigKeys (ConfUtils.java:logGet(43)) - raft.server.staging.catchup.gap = 1000 (default)
2019-09-27 10:15:06,198 [8daad421-2b8c-43d7-86bc-2a9f0604b7fd@group-807C970AF451:LeaderElection33] INFO  server.RaftServerConfigKeys (ConfUtils.java:logGet(43)) - raft.server.watch.timeout = 10s (default)
2019-09-27 10:15:06,198 [Thread-2141] INFO  impl.RoleInfo (RoleInfo.java:updateAndGet(143)) - 0d58d125-c024-4d5f-9cc5-d1c3650afd4f: start LeaderElection
2019-09-27 10:15:06,199 [8daad421-2b8c-43d7-86bc-2a9f0604b7fd@group-807C970AF451:LeaderElection33] INFO  server.RaftServerConfigKeys (ConfUtils.java:logGet(43)) - raft.server.watch.timeout.denomination = 1s (default)
2019-09-27 10:15:06,198 [559a1e5d-7325-42b4-8015-f20f7c522db9@group-45C730F25823:LeaderElection32] INFO  server.RaftServerConfigKeys (ConfUtils.java:logGet(43)) - raft.server.rpc.sleep.time = 25ms (default)
2019-09-27 10:15:06,199 [8daad421-2b8c-43d7-86bc-2a9f0604b7fd@group-807C970AF451:LeaderElection33] INFO  server.RaftServerConfigKeys (ConfUtils.java:logGet(43)) - raft.server.watch.element-limit = 65536 (default)
2019-09-27 10:15:06,203 [559a1e5d-7325-42b4-8015-f20f7c522db9@group-45C730F25823:LeaderElection32] INFO  server.RaftServerConfigKeys (ConfUtils.java:logGet(43)) - raft.server.write.element-limit = 4096 (default)
2019-09-27 10:15:06,204 [559a1e5d-7325-42b4-8015-f20f7c522db9@group-45C730F25823:LeaderElection32] INFO  server.RaftServerConfigKeys (ConfUtils.java:logGet(43)) - raft.server.watch.timeout = 10s (default)
2019-09-27 10:15:06,204 [559a1e5d-7325-42b4-8015-f20f7c522db9@group-45C730F25823:LeaderElection32] INFO  server.RaftServerConfigKeys (ConfUtils.java:logGet(43)) - raft.server.watch.timeout.denomination = 1s (default)
2019-09-27 10:15:06,204 [559a1e5d-7325-42b4-8015-f20f7c522db9@group-45C730F25823:LeaderElection32] INFO  server.RaftServerConfigKeys (ConfUtils.java:logGet(43)) - raft.server.watch.element-limit = 65536 (default)
2019-09-27 10:15:06,208 [8daad421-2b8c-43d7-86bc-2a9f0604b7fd@group-807C970AF451:LeaderElection33] INFO  impl.RoleInfo (RoleInfo.java:updateAndGet(143)) - 8daad421-2b8c-43d7-86bc-2a9f0604b7fd: start LeaderState
2019-09-27 10:15:06,209 [559a1e5d-7325-42b4-8015-f20f7c522db9@group-45C730F25823:LeaderElection32] INFO  impl.RoleInfo (RoleInfo.java:updateAndGet(143)) - 559a1e5d-7325-42b4-8015-f20f7c522db9: start LeaderState
2019-09-27 10:15:06,209 [8daad421-2b8c-43d7-86bc-2a9f0604b7fd@group-807C970AF451:LeaderElection33] INFO  segmented.SegmentedRaftLogWorker (SegmentedRaftLogWorker.java:startLogSegment(380)) - 8daad421-2b8c-43d7-86bc-2a9f0604b7fd@group-807C970AF451-SegmentedRaftLogWorker: Starting segment from index:0
2019-09-27 10:15:06,209 [559a1e5d-7325-42b4-8015-f20f7c522db9@group-45C730F25823:LeaderElection32] INFO  segmented.SegmentedRaftLogWorker (SegmentedRaftLogWorker.java:startLogSegment(380)) - 559a1e5d-7325-42b4-8015-f20f7c522db9@group-45C730F25823-SegmentedRaftLogWorker: Starting segment from index:0
2019-09-27 10:15:06,210 [8daad421-2b8c-43d7-86bc-2a9f0604b7fd@group-807C970AF451:LeaderElection33] INFO  impl.RaftServerImpl (ServerState.java:setRaftConf(354)) - 8daad421-2b8c-43d7-86bc-2a9f0604b7fd@group-807C970AF451: set configuration 0: [8daad421-2b8c-43d7-86bc-2a9f0604b7fd:192.168.151.103:38707], old=null at 0
2019-09-27 10:15:06,210 [559a1e5d-7325-42b4-8015-f20f7c522db9@group-45C730F25823:LeaderElection32] INFO  impl.RaftServerImpl (ServerState.java:setRaftConf(354)) - 559a1e5d-7325-42b4-8015-f20f7c522db9@group-45C730F25823: set configuration 0: [559a1e5d-7325-42b4-8015-f20f7c522db9:192.168.151.103:39572], old=null at 0
2019-09-27 10:15:06,260 [0d58d125-c024-4d5f-9cc5-d1c3650afd4f@group-1501CBD631F2:LeaderElection34] INFO  impl.LeaderElection (LeaderElection.java:askForVotes(182)) - 0d58d125-c024-4d5f-9cc5-d1c3650afd4f@group-1501CBD631F2:LeaderElection34: begin an election at term 1 for -1: [0d58d125-c024-4d5f-9cc5-d1c3650afd4f:192.168.151.103:36563], old=null
2019-09-27 10:15:06,257 [main] INFO  ozone.MiniOzoneClusterImpl (MiniOzoneClusterImpl.java:lambda$waitForClusterToBeReady$0(147)) - Cluster is ready. Got 6 of 6 DN Heartbeats.
2019-09-27 10:15:06,263 [0d58d125-c024-4d5f-9cc5-d1c3650afd4f@group-1501CBD631F2:LeaderElection34] INFO  impl.RoleInfo (RoleInfo.java:shutdownLeaderElection(134)) - 0d58d125-c024-4d5f-9cc5-d1c3650afd4f: shutdown LeaderElection
2019-09-27 10:15:06,263 [0d58d125-c024-4d5f-9cc5-d1c3650afd4f@group-1501CBD631F2:LeaderElection34] INFO  impl.RaftServerImpl (RaftServerImpl.java:setRole(174)) - 0d58d125-c024-4d5f-9cc5-d1c3650afd4f@group-1501CBD631F2: changes role from CANDIDATE to LEADER at term 1 for changeToLeader
2019-09-27 10:15:06,263 [0d58d125-c024-4d5f-9cc5-d1c3650afd4f@group-1501CBD631F2:LeaderElection34] INFO  impl.RaftServerImpl (ServerState.java:setLeader(253)) - 0d58d125-c024-4d5f-9cc5-d1c3650afd4f@group-1501CBD631F2: change Leader from null to 0d58d125-c024-4d5f-9cc5-d1c3650afd4f at term 1 for becomeLeader, leader elected after 1290ms
2019-09-27 10:15:06,264 [0d58d125-c024-4d5f-9cc5-d1c3650afd4f@group-1501CBD631F2:LeaderElection34] INFO  server.RaftServerConfigKeys (ConfUtils.java:logGet(43)) - raft.server.staging.catchup.gap = 1000 (default)
2019-09-27 10:15:06,264 [0d58d125-c024-4d5f-9cc5-d1c3650afd4f@group-1501CBD631F2:LeaderElection34] INFO  server.RaftServerConfigKeys (ConfUtils.java:logGet(43)) - raft.server.rpc.sleep.time = 25ms (default)
2019-09-27 10:15:06,264 [0d58d125-c024-4d5f-9cc5-d1c3650afd4f@group-1501CBD631F2:LeaderElection34] INFO  server.RaftServerConfigKeys (ConfUtils.java:logGet(43)) - raft.server.write.element-limit = 4096 (default)
2019-09-27 10:15:06,264 [0d58d125-c024-4d5f-9cc5-d1c3650afd4f@group-1501CBD631F2:LeaderElection34] INFO  server.RaftServerConfigKeys (ConfUtils.java:logGet(43)) - raft.server.watch.timeout = 10s (default)
2019-09-27 10:15:06,264 [0d58d125-c024-4d5f-9cc5-d1c3650afd4f@group-1501CBD631F2:LeaderElection34] INFO  server.RaftServerConfigKeys (ConfUtils.java:logGet(43)) - raft.server.watch.timeout.denomination = 1s (default)
2019-09-27 10:15:06,265 [0d58d125-c024-4d5f-9cc5-d1c3650afd4f@group-1501CBD631F2:LeaderElection34] INFO  server.RaftServerConfigKeys (ConfUtils.java:logGet(43)) - raft.server.watch.element-limit = 65536 (default)
2019-09-27 10:15:06,268 [0d58d125-c024-4d5f-9cc5-d1c3650afd4f@group-1501CBD631F2:LeaderElection34] INFO  impl.RoleInfo (RoleInfo.java:updateAndGet(143)) - 0d58d125-c024-4d5f-9cc5-d1c3650afd4f: start LeaderState
2019-09-27 10:15:06,268 [0d58d125-c024-4d5f-9cc5-d1c3650afd4f@group-1501CBD631F2:LeaderElection34] INFO  segmented.SegmentedRaftLogWorker (SegmentedRaftLogWorker.java:startLogSegment(380)) - 0d58d125-c024-4d5f-9cc5-d1c3650afd4f@group-1501CBD631F2-SegmentedRaftLogWorker: Starting segment from index:0
2019-09-27 10:15:06,269 [0d58d125-c024-4d5f-9cc5-d1c3650afd4f@group-1501CBD631F2:LeaderElection34] INFO  impl.RaftServerImpl (ServerState.java:setRaftConf(354)) - 0d58d125-c024-4d5f-9cc5-d1c3650afd4f@group-1501CBD631F2: set configuration 0: [0d58d125-c024-4d5f-9cc5-d1c3650afd4f:192.168.151.103:36563], old=null at 0
2019-09-27 10:15:06,272 [8daad421-2b8c-43d7-86bc-2a9f0604b7fd@group-807C970AF451-SegmentedRaftLogWorker] INFO  segmented.SegmentedRaftLogWorker (SegmentedRaftLogWorker.java:execute(569)) - 8daad421-2b8c-43d7-86bc-2a9f0604b7fd@group-807C970AF451-SegmentedRaftLogWorker: created new log segment /workdir/hadoop-ozone/integration-test/target/test-dir/MiniOzoneClusterImpl-bf7d7b01-9820-4bf2-ac73-317d86ffef37/datanode-2/data/ratis/2c435738-34be-4384-ad15-807c970af451/current/log_inprogress_0
2019-09-27 10:15:06,272 [559a1e5d-7325-42b4-8015-f20f7c522db9@group-45C730F25823-SegmentedRaftLogWorker] INFO  segmented.SegmentedRaftLogWorker (SegmentedRaftLogWorker.java:execute(569)) - 559a1e5d-7325-42b4-8015-f20f7c522db9@group-45C730F25823-SegmentedRaftLogWorker: created new log segment /workdir/hadoop-ozone/integration-test/target/test-dir/MiniOzoneClusterImpl-bf7d7b01-9820-4bf2-ac73-317d86ffef37/datanode-1/data/ratis/05c43f5d-2214-43d2-be1b-45c730f25823/current/log_inprogress_0
2019-09-27 10:15:06,304 [Thread-2150] INFO  impl.FollowerState (FollowerState.java:run(106)) - b5608615-b136-4a3c-af34-60e80608899d:group-C14A06BE7163 changes to CANDIDATE, lastRpcTime:1118, electionTimeout:1118ms
2019-09-27 10:15:06,304 [Thread-2150] INFO  impl.RoleInfo (RoleInfo.java:shutdownFollowerState(121)) - b5608615-b136-4a3c-af34-60e80608899d: shutdown FollowerState
2019-09-27 10:15:06,304 [Thread-2150] INFO  impl.RaftServerImpl (RaftServerImpl.java:setRole(174)) - b5608615-b136-4a3c-af34-60e80608899d@group-C14A06BE7163: changes role from  FOLLOWER to CANDIDATE at term 0 for changeToCandidate
2019-09-27 10:15:06,305 [Thread-2150] INFO  impl.RoleInfo (RoleInfo.java:updateAndGet(143)) - b5608615-b136-4a3c-af34-60e80608899d: start LeaderElection
2019-09-27 10:15:06,328 [0d58d125-c024-4d5f-9cc5-d1c3650afd4f@group-1501CBD631F2-SegmentedRaftLogWorker] INFO  segmented.SegmentedRaftLogWorker (SegmentedRaftLogWorker.java:execute(569)) - 0d58d125-c024-4d5f-9cc5-d1c3650afd4f@group-1501CBD631F2-SegmentedRaftLogWorker: created new log segment /workdir/hadoop-ozone/integration-test/target/test-dir/MiniOzoneClusterImpl-bf7d7b01-9820-4bf2-ac73-317d86ffef37/datanode-0/data/ratis/4e75c1d8-ab35-472c-abc1-1501cbd631f2/current/log_inprogress_0
2019-09-27 10:15:06,328 [b5608615-b136-4a3c-af34-60e80608899d@group-C14A06BE7163:LeaderElection35] INFO  impl.LeaderElection (LeaderElection.java:askForVotes(182)) - b5608615-b136-4a3c-af34-60e80608899d@group-C14A06BE7163:LeaderElection35: begin an election at term 1 for -1: [b5608615-b136-4a3c-af34-60e80608899d:192.168.151.103:38736], old=null
2019-09-27 10:15:06,328 [b5608615-b136-4a3c-af34-60e80608899d@group-C14A06BE7163:LeaderElection35] INFO  impl.RoleInfo (RoleInfo.java:shutdownLeaderElection(134)) - b5608615-b136-4a3c-af34-60e80608899d: shutdown LeaderElection
2019-09-27 10:15:06,328 [b5608615-b136-4a3c-af34-60e80608899d@group-C14A06BE7163:LeaderElection35] INFO  impl.RaftServerImpl (RaftServerImpl.java:setRole(174)) - b5608615-b136-4a3c-af34-60e80608899d@group-C14A06BE7163: changes role from CANDIDATE to LEADER at term 1 for changeToLeader
2019-09-27 10:15:06,329 [b5608615-b136-4a3c-af34-60e80608899d@group-C14A06BE7163:LeaderElection35] INFO  impl.RaftServerImpl (ServerState.java:setLeader(253)) - b5608615-b136-4a3c-af34-60e80608899d@group-C14A06BE7163: change Leader from null to b5608615-b136-4a3c-af34-60e80608899d at term 1 for becomeLeader, leader elected after 1152ms
2019-09-27 10:15:06,329 [b5608615-b136-4a3c-af34-60e80608899d@group-C14A06BE7163:LeaderElection35] INFO  server.RaftServerConfigKeys (ConfUtils.java:logGet(43)) - raft.server.staging.catchup.gap = 1000 (default)
2019-09-27 10:15:06,329 [b5608615-b136-4a3c-af34-60e80608899d@group-C14A06BE7163:LeaderElection35] INFO  server.RaftServerConfigKeys (ConfUtils.java:logGet(43)) - raft.server.rpc.sleep.time = 25ms (default)
2019-09-27 10:15:06,329 [b5608615-b136-4a3c-af34-60e80608899d@group-C14A06BE7163:LeaderElection35] INFO  server.RaftServerConfigKeys (ConfUtils.java:logGet(43)) - raft.server.write.element-limit = 4096 (default)
2019-09-27 10:15:06,329 [b5608615-b136-4a3c-af34-60e80608899d@group-C14A06BE7163:LeaderElection35] INFO  server.RaftServerConfigKeys (ConfUtils.java:logGet(43)) - raft.server.watch.timeout = 10s (default)
2019-09-27 10:15:06,330 [b5608615-b136-4a3c-af34-60e80608899d@group-C14A06BE7163:LeaderElection35] INFO  server.RaftServerConfigKeys (ConfUtils.java:logGet(43)) - raft.server.watch.timeout.denomination = 1s (default)
2019-09-27 10:15:06,330 [b5608615-b136-4a3c-af34-60e80608899d@group-C14A06BE7163:LeaderElection35] INFO  server.RaftServerConfigKeys (ConfUtils.java:logGet(43)) - raft.server.watch.element-limit = 65536 (default)
2019-09-27 10:15:06,334 [b5608615-b136-4a3c-af34-60e80608899d@group-C14A06BE7163:LeaderElection35] INFO  impl.RoleInfo (RoleInfo.java:updateAndGet(143)) - b5608615-b136-4a3c-af34-60e80608899d: start LeaderState
2019-09-27 10:15:06,334 [b5608615-b136-4a3c-af34-60e80608899d@group-C14A06BE7163:LeaderElection35] INFO  segmented.SegmentedRaftLogWorker (SegmentedRaftLogWorker.java:startLogSegment(380)) - b5608615-b136-4a3c-af34-60e80608899d@group-C14A06BE7163-SegmentedRaftLogWorker: Starting segment from index:0
2019-09-27 10:15:06,335 [b5608615-b136-4a3c-af34-60e80608899d@group-C14A06BE7163:LeaderElection35] INFO  impl.RaftServerImpl (ServerState.java:setRaftConf(354)) - b5608615-b136-4a3c-af34-60e80608899d@group-C14A06BE7163: set configuration 0: [b5608615-b136-4a3c-af34-60e80608899d:192.168.151.103:38736], old=null at 0
2019-09-27 10:15:06,384 [b5608615-b136-4a3c-af34-60e80608899d@group-C14A06BE7163-SegmentedRaftLogWorker] INFO  segmented.SegmentedRaftLogWorker (SegmentedRaftLogWorker.java:execute(569)) - b5608615-b136-4a3c-af34-60e80608899d@group-C14A06BE7163-SegmentedRaftLogWorker: created new log segment /workdir/hadoop-ozone/integration-test/target/test-dir/MiniOzoneClusterImpl-bf7d7b01-9820-4bf2-ac73-317d86ffef37/datanode-3/data/ratis/5a7e76a4-1cb8-4f37-9400-c14a06be7163/current/log_inprogress_0
2019-09-27 10:15:06,388 [Thread-2156] INFO  impl.FollowerState (FollowerState.java:run(106)) - 7f046ac0-040c-46f3-9bb5-a2271b996dc0:group-9C61E6F33F22 changes to CANDIDATE, lastRpcTime:1069, electionTimeout:1069ms
2019-09-27 10:15:06,389 [Thread-2156] INFO  impl.RoleInfo (RoleInfo.java:shutdownFollowerState(121)) - 7f046ac0-040c-46f3-9bb5-a2271b996dc0: shutdown FollowerState
2019-09-27 10:15:06,389 [Thread-2156] INFO  impl.RaftServerImpl (RaftServerImpl.java:setRole(174)) - 7f046ac0-040c-46f3-9bb5-a2271b996dc0@group-9C61E6F33F22: changes role from  FOLLOWER to CANDIDATE at term 0 for changeToCandidate
2019-09-27 10:15:06,389 [Thread-2156] INFO  impl.RoleInfo (RoleInfo.java:updateAndGet(143)) - 7f046ac0-040c-46f3-9bb5-a2271b996dc0: start LeaderElection
2019-09-27 10:15:06,398 [Thread-2153] INFO  impl.FollowerState (FollowerState.java:run(106)) - c83678cc-3f57-4f05-b497-f3d8e0652d41:group-6E8FFDC1B197 changes to CANDIDATE, lastRpcTime:1129, electionTimeout:1129ms
2019-09-27 10:15:06,398 [7f046ac0-040c-46f3-9bb5-a2271b996dc0@group-9C61E6F33F22:LeaderElection36] INFO  impl.LeaderElection (LeaderElection.java:askForVotes(182)) - 7f046ac0-040c-46f3-9bb5-a2271b996dc0@group-9C61E6F33F22:LeaderElection36: begin an election at term 1 for -1: [7f046ac0-040c-46f3-9bb5-a2271b996dc0:192.168.151.103:41608], old=null
2019-09-27 10:15:06,398 [7f046ac0-040c-46f3-9bb5-a2271b996dc0@group-9C61E6F33F22:LeaderElection36] INFO  impl.RoleInfo (RoleInfo.java:shutdownLeaderElection(134)) - 7f046ac0-040c-46f3-9bb5-a2271b996dc0: shutdown LeaderElection
2019-09-27 10:15:06,398 [7f046ac0-040c-46f3-9bb5-a2271b996dc0@group-9C61E6F33F22:LeaderElection36] INFO  impl.RaftServerImpl (RaftServerImpl.java:setRole(174)) - 7f046ac0-040c-46f3-9bb5-a2271b996dc0@group-9C61E6F33F22: changes role from CANDIDATE to LEADER at term 1 for changeToLeader
2019-09-27 10:15:06,398 [Thread-2153] INFO  impl.RoleInfo (RoleInfo.java:shutdownFollowerState(121)) - c83678cc-3f57-4f05-b497-f3d8e0652d41: shutdown FollowerState
2019-09-27 10:15:06,398 [7f046ac0-040c-46f3-9bb5-a2271b996dc0@group-9C61E6F33F22:LeaderElection36] INFO  impl.RaftServerImpl (ServerState.java:setLeader(253)) - 7f046ac0-040c-46f3-9bb5-a2271b996dc0@group-9C61E6F33F22: change Leader from null to 7f046ac0-040c-46f3-9bb5-a2271b996dc0 at term 1 for becomeLeader, leader elected after 1088ms
2019-09-27 10:15:06,399 [Thread-2153] INFO  impl.RaftServerImpl (RaftServerImpl.java:setRole(174)) - c83678cc-3f57-4f05-b497-f3d8e0652d41@group-6E8FFDC1B197: changes role from  FOLLOWER to CANDIDATE at term 0 for changeToCandidate
2019-09-27 10:15:06,399 [7f046ac0-040c-46f3-9bb5-a2271b996dc0@group-9C61E6F33F22:LeaderElection36] INFO  server.RaftServerConfigKeys (ConfUtils.java:logGet(43)) - raft.server.staging.catchup.gap = 1000 (default)
2019-09-27 10:15:06,399 [Thread-2153] INFO  impl.RoleInfo (RoleInfo.java:updateAndGet(143)) - c83678cc-3f57-4f05-b497-f3d8e0652d41: start LeaderElection
2019-09-27 10:15:06,399 [7f046ac0-040c-46f3-9bb5-a2271b996dc0@group-9C61E6F33F22:LeaderElection36] INFO  server.RaftServerConfigKeys (ConfUtils.java:logGet(43)) - raft.server.rpc.sleep.time = 25ms (default)
2019-09-27 10:15:06,399 [7f046ac0-040c-46f3-9bb5-a2271b996dc0@group-9C61E6F33F22:LeaderElection36] INFO  server.RaftServerConfigKeys (ConfUtils.java:logGet(43)) - raft.server.write.element-limit = 4096 (default)
2019-09-27 10:15:06,411 [7f046ac0-040c-46f3-9bb5-a2271b996dc0@group-9C61E6F33F22:LeaderElection36] INFO  server.RaftServerConfigKeys (ConfUtils.java:logGet(43)) - raft.server.watch.timeout = 10s (default)
2019-09-27 10:15:06,411 [7f046ac0-040c-46f3-9bb5-a2271b996dc0@group-9C61E6F33F22:LeaderElection36] INFO  server.RaftServerConfigKeys (ConfUtils.java:logGet(43)) - raft.server.watch.timeout.denomination = 1s (default)
2019-09-27 10:15:06,411 [7f046ac0-040c-46f3-9bb5-a2271b996dc0@group-9C61E6F33F22:LeaderElection36] INFO  server.RaftServerConfigKeys (ConfUtils.java:logGet(43)) - raft.server.watch.element-limit = 65536 (default)
2019-09-27 10:15:06,414 [7f046ac0-040c-46f3-9bb5-a2271b996dc0@group-9C61E6F33F22:LeaderElection36] INFO  impl.RoleInfo (RoleInfo.java:updateAndGet(143)) - 7f046ac0-040c-46f3-9bb5-a2271b996dc0: start LeaderState
2019-09-27 10:15:06,414 [7f046ac0-040c-46f3-9bb5-a2271b996dc0@group-9C61E6F33F22:LeaderElection36] INFO  segmented.SegmentedRaftLogWorker (SegmentedRaftLogWorker.java:startLogSegment(380)) - 7f046ac0-040c-46f3-9bb5-a2271b996dc0@group-9C61E6F33F22-SegmentedRaftLogWorker: Starting segment from index:0
2019-09-27 10:15:06,415 [7f046ac0-040c-46f3-9bb5-a2271b996dc0@group-9C61E6F33F22:LeaderElection36] INFO  impl.RaftServerImpl (ServerState.java:setRaftConf(354)) - 7f046ac0-040c-46f3-9bb5-a2271b996dc0@group-9C61E6F33F22: set configuration 0: [7f046ac0-040c-46f3-9bb5-a2271b996dc0:192.168.151.103:41608], old=null at 0
2019-09-27 10:15:06,457 [Thread-2165] INFO  impl.FollowerState (FollowerState.java:run(106)) - 7f046ac0-040c-46f3-9bb5-a2271b996dc0:group-E0020F8DDA2A changes to CANDIDATE, lastRpcTime:1039, electionTimeout:1010ms
2019-09-27 10:15:06,457 [c83678cc-3f57-4f05-b497-f3d8e0652d41@group-6E8FFDC1B197:LeaderElection37] INFO  impl.LeaderElection (LeaderElection.java:askForVotes(182)) - c83678cc-3f57-4f05-b497-f3d8e0652d41@group-6E8FFDC1B197:LeaderElection37: begin an election at term 1 for -1: [c83678cc-3f57-4f05-b497-f3d8e0652d41:192.168.151.103:46237], old=null
2019-09-27 10:15:06,457 [Thread-2165] INFO  impl.RoleInfo (RoleInfo.java:shutdownFollowerState(121)) - 7f046ac0-040c-46f3-9bb5-a2271b996dc0: shutdown FollowerState
2019-09-27 10:15:06,457 [c83678cc-3f57-4f05-b497-f3d8e0652d41@group-6E8FFDC1B197:LeaderElection37] INFO  impl.RoleInfo (RoleInfo.java:shutdownLeaderElection(134)) - c83678cc-3f57-4f05-b497-f3d8e0652d41: shutdown LeaderElection
2019-09-27 10:15:06,457 [Thread-2165] INFO  impl.RaftServerImpl (RaftServerImpl.java:setRole(174)) - 7f046ac0-040c-46f3-9bb5-a2271b996dc0@group-E0020F8DDA2A: changes role from  FOLLOWER to CANDIDATE at term 0 for changeToCandidate
2019-09-27 10:15:06,457 [c83678cc-3f57-4f05-b497-f3d8e0652d41@group-6E8FFDC1B197:LeaderElection37] INFO  impl.RaftServerImpl (RaftServerImpl.java:setRole(174)) - c83678cc-3f57-4f05-b497-f3d8e0652d41@group-6E8FFDC1B197: changes role from CANDIDATE to LEADER at term 1 for changeToLeader
2019-09-27 10:15:06,458 [Thread-2165] INFO  impl.RoleInfo (RoleInfo.java:updateAndGet(143)) - 7f046ac0-040c-46f3-9bb5-a2271b996dc0: start LeaderElection
2019-09-27 10:15:06,458 [c83678cc-3f57-4f05-b497-f3d8e0652d41@group-6E8FFDC1B197:LeaderElection37] INFO  impl.RaftServerImpl (ServerState.java:setLeader(253)) - c83678cc-3f57-4f05-b497-f3d8e0652d41@group-6E8FFDC1B197: change Leader from null to c83678cc-3f57-4f05-b497-f3d8e0652d41 at term 1 for becomeLeader, leader elected after 1200ms
2019-09-27 10:15:06,458 [c83678cc-3f57-4f05-b497-f3d8e0652d41@group-6E8FFDC1B197:LeaderElection37] INFO  server.RaftServerConfigKeys (ConfUtils.java:logGet(43)) - raft.server.staging.catchup.gap = 1000 (default)
2019-09-27 10:15:06,458 [c83678cc-3f57-4f05-b497-f3d8e0652d41@group-6E8FFDC1B197:LeaderElection37] INFO  server.RaftServerConfigKeys (ConfUtils.java:logGet(43)) - raft.server.rpc.sleep.time = 25ms (default)
2019-09-27 10:15:06,461 [c83678cc-3f57-4f05-b497-f3d8e0652d41@group-6E8FFDC1B197:LeaderElection37] INFO  server.RaftServerConfigKeys (ConfUtils.java:logGet(43)) - raft.server.write.element-limit = 4096 (default)
2019-09-27 10:15:06,461 [c83678cc-3f57-4f05-b497-f3d8e0652d41@group-6E8FFDC1B197:LeaderElection37] INFO  server.RaftServerConfigKeys (ConfUtils.java:logGet(43)) - raft.server.watch.timeout = 10s (default)
2019-09-27 10:15:06,461 [c83678cc-3f57-4f05-b497-f3d8e0652d41@group-6E8FFDC1B197:LeaderElection37] INFO  server.RaftServerConfigKeys (ConfUtils.java:logGet(43)) - raft.server.watch.timeout.denomination = 1s (default)
2019-09-27 10:15:06,461 [c83678cc-3f57-4f05-b497-f3d8e0652d41@group-6E8FFDC1B197:LeaderElection37] INFO  server.RaftServerConfigKeys (ConfUtils.java:logGet(43)) - raft.server.watch.element-limit = 65536 (default)
2019-09-27 10:15:06,465 [c83678cc-3f57-4f05-b497-f3d8e0652d41@group-6E8FFDC1B197:LeaderElection37] INFO  impl.RoleInfo (RoleInfo.java:updateAndGet(143)) - c83678cc-3f57-4f05-b497-f3d8e0652d41: start LeaderState
2019-09-27 10:15:06,465 [c83678cc-3f57-4f05-b497-f3d8e0652d41@group-6E8FFDC1B197:LeaderElection37] INFO  segmented.SegmentedRaftLogWorker (SegmentedRaftLogWorker.java:startLogSegment(380)) - c83678cc-3f57-4f05-b497-f3d8e0652d41@group-6E8FFDC1B197-SegmentedRaftLogWorker: Starting segment from index:0
2019-09-27 10:15:06,466 [c83678cc-3f57-4f05-b497-f3d8e0652d41@group-6E8FFDC1B197:LeaderElection37] INFO  impl.RaftServerImpl (ServerState.java:setRaftConf(354)) - c83678cc-3f57-4f05-b497-f3d8e0652d41@group-6E8FFDC1B197: set configuration 0: [c83678cc-3f57-4f05-b497-f3d8e0652d41:192.168.151.103:46237], old=null at 0
2019-09-27 10:15:06,510 [7f046ac0-040c-46f3-9bb5-a2271b996dc0@group-9C61E6F33F22-SegmentedRaftLogWorker] INFO  segmented.SegmentedRaftLogWorker (SegmentedRaftLogWorker.java:execute(569)) - 7f046ac0-040c-46f3-9bb5-a2271b996dc0@group-9C61E6F33F22-SegmentedRaftLogWorker: created new log segment /workdir/hadoop-ozone/integration-test/target/test-dir/MiniOzoneClusterImpl-bf7d7b01-9820-4bf2-ac73-317d86ffef37/datanode-5/data/ratis/82ddc33d-415d-4d05-9c3b-9c61e6f33f22/current/log_inprogress_0
2019-09-27 10:15:06,510 [7f046ac0-040c-46f3-9bb5-a2271b996dc0@group-E0020F8DDA2A:LeaderElection38] INFO  impl.LeaderElection (LeaderElection.java:askForVotes(182)) - 7f046ac0-040c-46f3-9bb5-a2271b996dc0@group-E0020F8DDA2A:LeaderElection38: begin an election at term 1 for -1: [0d58d125-c024-4d5f-9cc5-d1c3650afd4f:192.168.151.103:36563, 7f046ac0-040c-46f3-9bb5-a2271b996dc0:192.168.151.103:41608, c83678cc-3f57-4f05-b497-f3d8e0652d41:192.168.151.103:46237], old=null
2019-09-27 10:15:06,513 [Thread-2170] INFO  impl.FollowerState (FollowerState.java:run(106)) - b5608615-b136-4a3c-af34-60e80608899d:group-41F21C1632F2 changes to CANDIDATE, lastRpcTime:1012, electionTimeout:1012ms
2019-09-27 10:15:06,513 [Thread-2170] INFO  impl.RoleInfo (RoleInfo.java:shutdownFollowerState(121)) - b5608615-b136-4a3c-af34-60e80608899d: shutdown FollowerState
2019-09-27 10:15:06,514 [Thread-2170] INFO  impl.RaftServerImpl (RaftServerImpl.java:setRole(174)) - b5608615-b136-4a3c-af34-60e80608899d@group-41F21C1632F2: changes role from  FOLLOWER to CANDIDATE at term 0 for changeToCandidate
2019-09-27 10:15:06,514 [Thread-2170] INFO  impl.RoleInfo (RoleInfo.java:updateAndGet(143)) - b5608615-b136-4a3c-af34-60e80608899d: start LeaderElection
2019-09-27 10:15:06,521 [grpc-default-executor-2] INFO  impl.RaftServerImpl (RaftServerImpl.java:setRole(174)) - 0d58d125-c024-4d5f-9cc5-d1c3650afd4f@group-E0020F8DDA2A: changes role from  FOLLOWER to FOLLOWER at term 1 for recognizeCandidate:7f046ac0-040c-46f3-9bb5-a2271b996dc0
2019-09-27 10:15:06,521 [grpc-default-executor-2] INFO  impl.RoleInfo (RoleInfo.java:shutdownFollowerState(121)) - 0d58d125-c024-4d5f-9cc5-d1c3650afd4f: shutdown FollowerState
2019-09-27 10:15:06,521 [grpc-default-executor-1] INFO  impl.RaftServerImpl (RaftServerImpl.java:setRole(174)) - c83678cc-3f57-4f05-b497-f3d8e0652d41@group-E0020F8DDA2A: changes role from  FOLLOWER to FOLLOWER at term 1 for recognizeCandidate:7f046ac0-040c-46f3-9bb5-a2271b996dc0
2019-09-27 10:15:06,521 [Thread-2161] INFO  impl.FollowerState (FollowerState.java:run(115)) - 0d58d125-c024-4d5f-9cc5-d1c3650afd4f: FollowerState was interrupted: java.lang.InterruptedException: sleep interrupted
2019-09-27 10:15:06,521 [grpc-default-executor-2] INFO  impl.RoleInfo (RoleInfo.java:updateAndGet(143)) - 0d58d125-c024-4d5f-9cc5-d1c3650afd4f: start FollowerState
2019-09-27 10:15:06,521 [grpc-default-executor-1] INFO  impl.RoleInfo (RoleInfo.java:shutdownFollowerState(121)) - c83678cc-3f57-4f05-b497-f3d8e0652d41: shutdown FollowerState
2019-09-27 10:15:06,522 [grpc-default-executor-1] INFO  impl.RoleInfo (RoleInfo.java:updateAndGet(143)) - c83678cc-3f57-4f05-b497-f3d8e0652d41: start FollowerState
2019-09-27 10:15:06,522 [Thread-2162] INFO  impl.FollowerState (FollowerState.java:run(115)) - c83678cc-3f57-4f05-b497-f3d8e0652d41: FollowerState was interrupted: java.lang.InterruptedException: sleep interrupted
2019-09-27 10:15:06,523 [c83678cc-3f57-4f05-b497-f3d8e0652d41@group-6E8FFDC1B197-SegmentedRaftLogWorker] INFO  segmented.SegmentedRaftLogWorker (SegmentedRaftLogWorker.java:execute(569)) - c83678cc-3f57-4f05-b497-f3d8e0652d41@group-6E8FFDC1B197-SegmentedRaftLogWorker: created new log segment /workdir/hadoop-ozone/integration-test/target/test-dir/MiniOzoneClusterImpl-bf7d7b01-9820-4bf2-ac73-317d86ffef37/datanode-4/data/ratis/2a4588ba-146b-4a1f-9c72-6e8ffdc1b197/current/log_inprogress_0
2019-09-27 10:15:06,523 [b5608615-b136-4a3c-af34-60e80608899d@group-41F21C1632F2:LeaderElection39] INFO  impl.LeaderElection (LeaderElection.java:askForVotes(182)) - b5608615-b136-4a3c-af34-60e80608899d@group-41F21C1632F2:LeaderElection39: begin an election at term 1 for -1: [8daad421-2b8c-43d7-86bc-2a9f0604b7fd:192.168.151.103:38707, b5608615-b136-4a3c-af34-60e80608899d:192.168.151.103:38736, 559a1e5d-7325-42b4-8015-f20f7c522db9:192.168.151.103:39572], old=null
2019-09-27 10:15:06,531 [grpc-default-executor-3] INFO  impl.RaftServerImpl (RaftServerImpl.java:setRole(174)) - 559a1e5d-7325-42b4-8015-f20f7c522db9@group-41F21C1632F2: changes role from  FOLLOWER to FOLLOWER at term 1 for recognizeCandidate:b5608615-b136-4a3c-af34-60e80608899d
2019-09-27 10:15:06,531 [grpc-default-executor-3] INFO  impl.RoleInfo (RoleInfo.java:shutdownFollowerState(121)) - 559a1e5d-7325-42b4-8015-f20f7c522db9: shutdown FollowerState
2019-09-27 10:15:06,531 [grpc-default-executor-0] INFO  impl.RaftServerImpl (RaftServerImpl.java:setRole(174)) - 8daad421-2b8c-43d7-86bc-2a9f0604b7fd@group-41F21C1632F2: changes role from  FOLLOWER to FOLLOWER at term 1 for recognizeCandidate:b5608615-b136-4a3c-af34-60e80608899d
2019-09-27 10:15:06,531 [Thread-2172] INFO  impl.FollowerState (FollowerState.java:run(115)) - 559a1e5d-7325-42b4-8015-f20f7c522db9: FollowerState was interrupted: java.lang.InterruptedException: sleep interrupted
2019-09-27 10:15:06,531 [grpc-default-executor-3] INFO  impl.RoleInfo (RoleInfo.java:updateAndGet(143)) - 559a1e5d-7325-42b4-8015-f20f7c522db9: start FollowerState
2019-09-27 10:15:06,531 [grpc-default-executor-0] INFO  impl.RoleInfo (RoleInfo.java:shutdownFollowerState(121)) - 8daad421-2b8c-43d7-86bc-2a9f0604b7fd: shutdown FollowerState
2019-09-27 10:15:06,532 [grpc-default-executor-0] INFO  impl.RoleInfo (RoleInfo.java:updateAndGet(143)) - 8daad421-2b8c-43d7-86bc-2a9f0604b7fd: start FollowerState
2019-09-27 10:15:06,532 [Thread-2173] INFO  impl.FollowerState (FollowerState.java:run(115)) - 8daad421-2b8c-43d7-86bc-2a9f0604b7fd: FollowerState was interrupted: java.lang.InterruptedException: sleep interrupted
2019-09-27 10:15:06,541 [7f046ac0-040c-46f3-9bb5-a2271b996dc0@group-E0020F8DDA2A:LeaderElection38] INFO  impl.LeaderElection (LeaderElection.java:logAndReturn(56)) - 7f046ac0-040c-46f3-9bb5-a2271b996dc0@group-E0020F8DDA2A:LeaderElection38: Election PASSED; received 1 response(s) [7f046ac0-040c-46f3-9bb5-a2271b996dc0<-c83678cc-3f57-4f05-b497-f3d8e0652d41#0:OK-t1] and 0 exception(s); 7f046ac0-040c-46f3-9bb5-a2271b996dc0@group-E0020F8DDA2A:t1, leader=null, voted=7f046ac0-040c-46f3-9bb5-a2271b996dc0, raftlog=7f046ac0-040c-46f3-9bb5-a2271b996dc0@group-E0020F8DDA2A-SegmentedRaftLog:OPENED:c-1,f-1,i0, conf=-1: [0d58d125-c024-4d5f-9cc5-d1c3650afd4f:192.168.151.103:36563, 7f046ac0-040c-46f3-9bb5-a2271b996dc0:192.168.151.103:41608, c83678cc-3f57-4f05-b497-f3d8e0652d41:192.168.151.103:46237], old=null
2019-09-27 10:15:06,544 [7f046ac0-040c-46f3-9bb5-a2271b996dc0@group-E0020F8DDA2A:LeaderElection38] INFO  impl.RoleInfo (RoleInfo.java:shutdownLeaderElection(134)) - 7f046ac0-040c-46f3-9bb5-a2271b996dc0: shutdown LeaderElection
2019-09-27 10:15:06,546 [7f046ac0-040c-46f3-9bb5-a2271b996dc0@group-E0020F8DDA2A:LeaderElection38] INFO  impl.RaftServerImpl (RaftServerImpl.java:setRole(174)) - 7f046ac0-040c-46f3-9bb5-a2271b996dc0@group-E0020F8DDA2A: changes role from CANDIDATE to LEADER at term 1 for changeToLeader
2019-09-27 10:15:06,547 [7f046ac0-040c-46f3-9bb5-a2271b996dc0@group-E0020F8DDA2A:LeaderElection38] INFO  impl.RaftServerImpl (ServerState.java:setLeader(253)) - 7f046ac0-040c-46f3-9bb5-a2271b996dc0@group-E0020F8DDA2A: change Leader from null to 7f046ac0-040c-46f3-9bb5-a2271b996dc0 at term 1 for becomeLeader, leader elected after 1146ms
2019-09-27 10:15:06,547 [7f046ac0-040c-46f3-9bb5-a2271b996dc0@group-E0020F8DDA2A:LeaderElection38] INFO  server.RaftServerConfigKeys (ConfUtils.java:logGet(43)) - raft.server.staging.catchup.gap = 1000 (default)
2019-09-27 10:15:06,547 [7f046ac0-040c-46f3-9bb5-a2271b996dc0@group-E0020F8DDA2A:LeaderElection38] INFO  server.RaftServerConfigKeys (ConfUtils.java:logGet(43)) - raft.server.rpc.sleep.time = 25ms (default)
2019-09-27 10:15:06,547 [b5608615-b136-4a3c-af34-60e80608899d@group-41F21C1632F2:LeaderElection39] INFO  impl.LeaderElection (LeaderElection.java:logAndReturn(56)) - b5608615-b136-4a3c-af34-60e80608899d@group-41F21C1632F2:LeaderElection39: Election PASSED; received 1 response(s) [b5608615-b136-4a3c-af34-60e80608899d<-559a1e5d-7325-42b4-8015-f20f7c522db9#0:OK-t1] and 0 exception(s); b5608615-b136-4a3c-af34-60e80608899d@group-41F21C1632F2:t1, leader=null, voted=b5608615-b136-4a3c-af34-60e80608899d, raftlog=b5608615-b136-4a3c-af34-60e80608899d@group-41F21C1632F2-SegmentedRaftLog:OPENED:c-1,f-1,i0, conf=-1: [8daad421-2b8c-43d7-86bc-2a9f0604b7fd:192.168.151.103:38707, b5608615-b136-4a3c-af34-60e80608899d:192.168.151.103:38736, 559a1e5d-7325-42b4-8015-f20f7c522db9:192.168.151.103:39572], old=null
2019-09-27 10:15:06,549 [7f046ac0-040c-46f3-9bb5-a2271b996dc0@group-E0020F8DDA2A:LeaderElection38] INFO  server.RaftServerConfigKeys (ConfUtils.java:logGet(43)) - raft.server.write.element-limit = 4096 (default)
2019-09-27 10:15:06,550 [b5608615-b136-4a3c-af34-60e80608899d@group-41F21C1632F2:LeaderElection39] INFO  impl.RoleInfo (RoleInfo.java:shutdownLeaderElection(134)) - b5608615-b136-4a3c-af34-60e80608899d: shutdown LeaderElection
2019-09-27 10:15:06,552 [b5608615-b136-4a3c-af34-60e80608899d@group-41F21C1632F2:LeaderElection39] INFO  impl.RaftServerImpl (RaftServerImpl.java:setRole(174)) - b5608615-b136-4a3c-af34-60e80608899d@group-41F21C1632F2: changes role from CANDIDATE to LEADER at term 1 for changeToLeader
2019-09-27 10:15:06,552 [7f046ac0-040c-46f3-9bb5-a2271b996dc0@group-E0020F8DDA2A:LeaderElection38] INFO  server.RaftServerConfigKeys (ConfUtils.java:logGet(43)) - raft.server.watch.timeout = 10s (default)
2019-09-27 10:15:06,552 [b5608615-b136-4a3c-af34-60e80608899d@group-41F21C1632F2:LeaderElection39] INFO  impl.RaftServerImpl (ServerState.java:setLeader(253)) - b5608615-b136-4a3c-af34-60e80608899d@group-41F21C1632F2: change Leader from null to b5608615-b136-4a3c-af34-60e80608899d at term 1 for becomeLeader, leader elected after 1063ms
2019-09-27 10:15:06,552 [7f046ac0-040c-46f3-9bb5-a2271b996dc0@group-E0020F8DDA2A:LeaderElection38] INFO  server.RaftServerConfigKeys (ConfUtils.java:logGet(43)) - raft.server.watch.timeout.denomination = 1s (default)
2019-09-27 10:15:06,552 [b5608615-b136-4a3c-af34-60e80608899d@group-41F21C1632F2:LeaderElection39] INFO  server.RaftServerConfigKeys (ConfUtils.java:logGet(43)) - raft.server.staging.catchup.gap = 1000 (default)
2019-09-27 10:15:06,553 [7f046ac0-040c-46f3-9bb5-a2271b996dc0@group-E0020F8DDA2A:LeaderElection38] INFO  server.RaftServerConfigKeys (ConfUtils.java:logGet(43)) - raft.server.watch.element-limit = 65536 (default)
2019-09-27 10:15:06,553 [b5608615-b136-4a3c-af34-60e80608899d@group-41F21C1632F2:LeaderElection39] INFO  server.RaftServerConfigKeys (ConfUtils.java:logGet(43)) - raft.server.rpc.sleep.time = 25ms (default)
2019-09-27 10:15:06,553 [b5608615-b136-4a3c-af34-60e80608899d@group-41F21C1632F2:LeaderElection39] INFO  server.RaftServerConfigKeys (ConfUtils.java:logGet(43)) - raft.server.write.element-limit = 4096 (default)
2019-09-27 10:15:06,553 [b5608615-b136-4a3c-af34-60e80608899d@group-41F21C1632F2:LeaderElection39] INFO  server.RaftServerConfigKeys (ConfUtils.java:logGet(43)) - raft.server.watch.timeout = 10s (default)
2019-09-27 10:15:06,553 [b5608615-b136-4a3c-af34-60e80608899d@group-41F21C1632F2:LeaderElection39] INFO  server.RaftServerConfigKeys (ConfUtils.java:logGet(43)) - raft.server.watch.timeout.denomination = 1s (default)
2019-09-27 10:15:06,553 [b5608615-b136-4a3c-af34-60e80608899d@group-41F21C1632F2:LeaderElection39] INFO  server.RaftServerConfigKeys (ConfUtils.java:logGet(43)) - raft.server.watch.element-limit = 65536 (default)
2019-09-27 10:15:06,556 [7f046ac0-040c-46f3-9bb5-a2271b996dc0@group-E0020F8DDA2A:LeaderElection38] INFO  server.RaftServerConfigKeys (ConfUtils.java:logGet(43)) - raft.server.log.appender.snapshot.chunk.size.max = 16MB (=16777216) (default)
2019-09-27 10:15:06,557 [b5608615-b136-4a3c-af34-60e80608899d@group-41F21C1632F2:LeaderElection39] INFO  server.RaftServerConfigKeys (ConfUtils.java:logGet(43)) - raft.server.log.appender.snapshot.chunk.size.max = 16MB (=16777216) (default)
2019-09-27 10:15:06,557 [7f046ac0-040c-46f3-9bb5-a2271b996dc0@group-E0020F8DDA2A:LeaderElection38] INFO  server.RaftServerConfigKeys (ConfUtils.java:logGet(43)) - raft.server.log.appender.buffer.byte-limit = 33554432 (custom)
2019-09-27 10:15:06,557 [b5608615-b136-4a3c-af34-60e80608899d@group-41F21C1632F2:LeaderElection39] INFO  server.RaftServerConfigKeys (ConfUtils.java:logGet(43)) - raft.server.log.appender.buffer.byte-limit = 33554432 (custom)
2019-09-27 10:15:06,557 [7f046ac0-040c-46f3-9bb5-a2271b996dc0@group-E0020F8DDA2A:LeaderElection38] INFO  server.RaftServerConfigKeys (ConfUtils.java:logGet(43)) - raft.server.log.appender.buffer.element-limit = 1 (custom)
2019-09-27 10:15:06,557 [b5608615-b136-4a3c-af34-60e80608899d@group-41F21C1632F2:LeaderElection39] INFO  server.RaftServerConfigKeys (ConfUtils.java:logGet(43)) - raft.server.log.appender.buffer.element-limit = 1 (custom)
2019-09-27 10:15:06,558 [7f046ac0-040c-46f3-9bb5-a2271b996dc0@group-E0020F8DDA2A:LeaderElection38] INFO  grpc.GrpcConfigKeys$Server (ConfUtils.java:logGet(43)) - raft.grpc.server.leader.outstanding.appends.max = 128 (default)
2019-09-27 10:15:06,558 [b5608615-b136-4a3c-af34-60e80608899d@group-41F21C1632F2:LeaderElection39] INFO  grpc.GrpcConfigKeys$Server (ConfUtils.java:logGet(43)) - raft.grpc.server.leader.outstanding.appends.max = 128 (default)
2019-09-27 10:15:06,558 [7f046ac0-040c-46f3-9bb5-a2271b996dc0@group-E0020F8DDA2A:LeaderElection38] INFO  server.RaftServerConfigKeys (ConfUtils.java:logGet(43)) - raft.server.rpc.request.timeout = 3000ms (default)
2019-09-27 10:15:06,558 [b5608615-b136-4a3c-af34-60e80608899d@group-41F21C1632F2:LeaderElection39] INFO  server.RaftServerConfigKeys (ConfUtils.java:logGet(43)) - raft.server.rpc.request.timeout = 3000ms (default)
2019-09-27 10:15:06,558 [7f046ac0-040c-46f3-9bb5-a2271b996dc0@group-E0020F8DDA2A:LeaderElection38] INFO  server.RaftServerConfigKeys (ConfUtils.java:logGet(43)) - raft.server.log.appender.install.snapshot.enabled = false (custom)
2019-09-27 10:15:06,559 [b5608615-b136-4a3c-af34-60e80608899d@group-41F21C1632F2:LeaderElection39] INFO  server.RaftServerConfigKeys (ConfUtils.java:logGet(43)) - raft.server.log.appender.install.snapshot.enabled = false (custom)
2019-09-27 10:15:06,559 [7f046ac0-040c-46f3-9bb5-a2271b996dc0@group-E0020F8DDA2A:LeaderElection38] INFO  server.RaftServerConfigKeys (ConfUtils.java:logGet(43)) - raft.server.log.appender.snapshot.chunk.size.max = 16MB (=16777216) (default)
2019-09-27 10:15:06,559 [b5608615-b136-4a3c-af34-60e80608899d@group-41F21C1632F2:LeaderElection39] INFO  server.RaftServerConfigKeys (ConfUtils.java:logGet(43)) - raft.server.log.appender.snapshot.chunk.size.max = 16MB (=16777216) (default)
2019-09-27 10:15:06,559 [7f046ac0-040c-46f3-9bb5-a2271b996dc0@group-E0020F8DDA2A:LeaderElection38] INFO  server.RaftServerConfigKeys (ConfUtils.java:logGet(43)) - raft.server.log.appender.buffer.byte-limit = 33554432 (custom)
2019-09-27 10:15:06,559 [b5608615-b136-4a3c-af34-60e80608899d@group-41F21C1632F2:LeaderElection39] INFO  server.RaftServerConfigKeys (ConfUtils.java:logGet(43)) - raft.server.log.appender.buffer.byte-limit = 33554432 (custom)
2019-09-27 10:15:06,560 [7f046ac0-040c-46f3-9bb5-a2271b996dc0@group-E0020F8DDA2A:LeaderElection38] INFO  server.RaftServerConfigKeys (ConfUtils.java:logGet(43)) - raft.server.log.appender.buffer.element-limit = 1 (custom)
2019-09-27 10:15:06,560 [b5608615-b136-4a3c-af34-60e80608899d@group-41F21C1632F2:LeaderElection39] INFO  server.RaftServerConfigKeys (ConfUtils.java:logGet(43)) - raft.server.log.appender.buffer.element-limit = 1 (custom)
2019-09-27 10:15:06,560 [7f046ac0-040c-46f3-9bb5-a2271b996dc0@group-E0020F8DDA2A:LeaderElection38] INFO  grpc.GrpcConfigKeys$Server (ConfUtils.java:logGet(43)) - raft.grpc.server.leader.outstanding.appends.max = 128 (default)
2019-09-27 10:15:06,560 [b5608615-b136-4a3c-af34-60e80608899d@group-41F21C1632F2:LeaderElection39] INFO  grpc.GrpcConfigKeys$Server (ConfUtils.java:logGet(43)) - raft.grpc.server.leader.outstanding.appends.max = 128 (default)
2019-09-27 10:15:06,560 [7f046ac0-040c-46f3-9bb5-a2271b996dc0@group-E0020F8DDA2A:LeaderElection38] INFO  server.RaftServerConfigKeys (ConfUtils.java:logGet(43)) - raft.server.rpc.request.timeout = 3000ms (default)
2019-09-27 10:15:06,560 [b5608615-b136-4a3c-af34-60e80608899d@group-41F21C1632F2:LeaderElection39] INFO  server.RaftServerConfigKeys (ConfUtils.java:logGet(43)) - raft.server.rpc.request.timeout = 3000ms (default)
2019-09-27 10:15:06,561 [7f046ac0-040c-46f3-9bb5-a2271b996dc0@group-E0020F8DDA2A:LeaderElection38] INFO  server.RaftServerConfigKeys (ConfUtils.java:logGet(43)) - raft.server.log.appender.install.snapshot.enabled = false (custom)
2019-09-27 10:15:06,561 [b5608615-b136-4a3c-af34-60e80608899d@group-41F21C1632F2:LeaderElection39] INFO  server.RaftServerConfigKeys (ConfUtils.java:logGet(43)) - raft.server.log.appender.install.snapshot.enabled = false (custom)
2019-09-27 10:15:06,561 [7f046ac0-040c-46f3-9bb5-a2271b996dc0@group-E0020F8DDA2A:LeaderElection38] INFO  impl.RoleInfo (RoleInfo.java:updateAndGet(143)) - 7f046ac0-040c-46f3-9bb5-a2271b996dc0: start LeaderState
2019-09-27 10:15:06,561 [b5608615-b136-4a3c-af34-60e80608899d@group-41F21C1632F2:LeaderElection39] INFO  impl.RoleInfo (RoleInfo.java:updateAndGet(143)) - b5608615-b136-4a3c-af34-60e80608899d: start LeaderState
2019-09-27 10:15:06,561 [7f046ac0-040c-46f3-9bb5-a2271b996dc0@group-E0020F8DDA2A:LeaderElection38] INFO  segmented.SegmentedRaftLogWorker (SegmentedRaftLogWorker.java:startLogSegment(380)) - 7f046ac0-040c-46f3-9bb5-a2271b996dc0@group-E0020F8DDA2A-SegmentedRaftLogWorker: Starting segment from index:0
2019-09-27 10:15:06,561 [b5608615-b136-4a3c-af34-60e80608899d@group-41F21C1632F2:LeaderElection39] INFO  segmented.SegmentedRaftLogWorker (SegmentedRaftLogWorker.java:startLogSegment(380)) - b5608615-b136-4a3c-af34-60e80608899d@group-41F21C1632F2-SegmentedRaftLogWorker: Starting segment from index:0
2019-09-27 10:15:06,563 [7f046ac0-040c-46f3-9bb5-a2271b996dc0@group-E0020F8DDA2A:LeaderElection38] INFO  impl.RaftServerImpl (ServerState.java:setRaftConf(354)) - 7f046ac0-040c-46f3-9bb5-a2271b996dc0@group-E0020F8DDA2A: set configuration 0: [0d58d125-c024-4d5f-9cc5-d1c3650afd4f:192.168.151.103:36563, 7f046ac0-040c-46f3-9bb5-a2271b996dc0:192.168.151.103:41608, c83678cc-3f57-4f05-b497-f3d8e0652d41:192.168.151.103:46237], old=null at 0
2019-09-27 10:15:06,608 [b5608615-b136-4a3c-af34-60e80608899d@group-41F21C1632F2:LeaderElection39] INFO  impl.RaftServerImpl (ServerState.java:setRaftConf(354)) - b5608615-b136-4a3c-af34-60e80608899d@group-41F21C1632F2: set configuration 0: [8daad421-2b8c-43d7-86bc-2a9f0604b7fd:192.168.151.103:38707, b5608615-b136-4a3c-af34-60e80608899d:192.168.151.103:38736, 559a1e5d-7325-42b4-8015-f20f7c522db9:192.168.151.103:39572], old=null at 0
2019-09-27 10:15:06,613 [grpc-default-executor-3] INFO  impl.RaftServerImpl (ServerState.java:setLeader(253)) - 559a1e5d-7325-42b4-8015-f20f7c522db9@group-41F21C1632F2: change Leader from null to b5608615-b136-4a3c-af34-60e80608899d at term 1 for appendEntries, leader elected after 1125ms
2019-09-27 10:15:06,616 [grpc-default-executor-0] INFO  impl.RaftServerImpl (ServerState.java:setLeader(253)) - 0d58d125-c024-4d5f-9cc5-d1c3650afd4f@group-E0020F8DDA2A: change Leader from null to 7f046ac0-040c-46f3-9bb5-a2271b996dc0 at term 1 for appendEntries, leader elected after 1215ms
2019-09-27 10:15:06,616 [grpc-default-executor-1] INFO  impl.RaftServerImpl (ServerState.java:setLeader(253)) - 8daad421-2b8c-43d7-86bc-2a9f0604b7fd@group-41F21C1632F2: change Leader from null to b5608615-b136-4a3c-af34-60e80608899d at term 1 for appendEntries, leader elected after 1127ms
2019-09-27 10:15:06,616 [grpc-default-executor-2] INFO  impl.RaftServerImpl (ServerState.java:setLeader(253)) - c83678cc-3f57-4f05-b497-f3d8e0652d41@group-E0020F8DDA2A: change Leader from null to 7f046ac0-040c-46f3-9bb5-a2271b996dc0 at term 1 for appendEntries, leader elected after 1215ms
2019-09-27 10:15:06,626 [grpc-default-executor-1] INFO  impl.RaftServerImpl (ServerState.java:setRaftConf(354)) - 559a1e5d-7325-42b4-8015-f20f7c522db9@group-41F21C1632F2: set configuration 0: [8daad421-2b8c-43d7-86bc-2a9f0604b7fd:192.168.151.103:38707, b5608615-b136-4a3c-af34-60e80608899d:192.168.151.103:38736, 559a1e5d-7325-42b4-8015-f20f7c522db9:192.168.151.103:39572], old=null at 0
2019-09-27 10:15:06,626 [grpc-default-executor-3] INFO  impl.RaftServerImpl (ServerState.java:setRaftConf(354)) - 0d58d125-c024-4d5f-9cc5-d1c3650afd4f@group-E0020F8DDA2A: set configuration 0: [0d58d125-c024-4d5f-9cc5-d1c3650afd4f:192.168.151.103:36563, 7f046ac0-040c-46f3-9bb5-a2271b996dc0:192.168.151.103:41608, c83678cc-3f57-4f05-b497-f3d8e0652d41:192.168.151.103:46237], old=null at 0
2019-09-27 10:15:06,626 [grpc-default-executor-0] INFO  impl.RaftServerImpl (ServerState.java:setRaftConf(354)) - 8daad421-2b8c-43d7-86bc-2a9f0604b7fd@group-41F21C1632F2: set configuration 0: [8daad421-2b8c-43d7-86bc-2a9f0604b7fd:192.168.151.103:38707, b5608615-b136-4a3c-af34-60e80608899d:192.168.151.103:38736, 559a1e5d-7325-42b4-8015-f20f7c522db9:192.168.151.103:39572], old=null at 0
2019-09-27 10:15:06,626 [grpc-default-executor-2] INFO  impl.RaftServerImpl (ServerState.java:setRaftConf(354)) - c83678cc-3f57-4f05-b497-f3d8e0652d41@group-E0020F8DDA2A: set configuration 0: [0d58d125-c024-4d5f-9cc5-d1c3650afd4f:192.168.151.103:36563, 7f046ac0-040c-46f3-9bb5-a2271b996dc0:192.168.151.103:41608, c83678cc-3f57-4f05-b497-f3d8e0652d41:192.168.151.103:46237], old=null at 0
2019-09-27 10:15:06,627 [grpc-default-executor-0] INFO  segmented.SegmentedRaftLogWorker (SegmentedRaftLogWorker.java:startLogSegment(380)) - 8daad421-2b8c-43d7-86bc-2a9f0604b7fd@group-41F21C1632F2-SegmentedRaftLogWorker: Starting segment from index:0
2019-09-27 10:15:06,627 [grpc-default-executor-3] INFO  segmented.SegmentedRaftLogWorker (SegmentedRaftLogWorker.java:startLogSegment(380)) - 0d58d125-c024-4d5f-9cc5-d1c3650afd4f@group-E0020F8DDA2A-SegmentedRaftLogWorker: Starting segment from index:0
2019-09-27 10:15:06,626 [grpc-default-executor-1] INFO  segmented.SegmentedRaftLogWorker (SegmentedRaftLogWorker.java:startLogSegment(380)) - 559a1e5d-7325-42b4-8015-f20f7c522db9@group-41F21C1632F2-SegmentedRaftLogWorker: Starting segment from index:0
2019-09-27 10:15:06,627 [grpc-default-executor-2] INFO  segmented.SegmentedRaftLogWorker (SegmentedRaftLogWorker.java:startLogSegment(380)) - c83678cc-3f57-4f05-b497-f3d8e0652d41@group-E0020F8DDA2A-SegmentedRaftLogWorker: Starting segment from index:0
2019-09-27 10:15:06,633 [b5608615-b136-4a3c-af34-60e80608899d@group-41F21C1632F2-SegmentedRaftLogWorker] INFO  segmented.SegmentedRaftLogWorker (SegmentedRaftLogWorker.java:execute(569)) - b5608615-b136-4a3c-af34-60e80608899d@group-41F21C1632F2-SegmentedRaftLogWorker: created new log segment /workdir/hadoop-ozone/integration-test/target/test-dir/MiniOzoneClusterImpl-bf7d7b01-9820-4bf2-ac73-317d86ffef37/datanode-3/data/ratis/808a61f8-9932-4d12-95c7-41f21c1632f2/current/log_inprogress_0
2019-09-27 10:15:06,633 [7f046ac0-040c-46f3-9bb5-a2271b996dc0@group-E0020F8DDA2A-SegmentedRaftLogWorker] INFO  segmented.SegmentedRaftLogWorker (SegmentedRaftLogWorker.java:execute(569)) - 7f046ac0-040c-46f3-9bb5-a2271b996dc0@group-E0020F8DDA2A-SegmentedRaftLogWorker: created new log segment /workdir/hadoop-ozone/integration-test/target/test-dir/MiniOzoneClusterImpl-bf7d7b01-9820-4bf2-ac73-317d86ffef37/datanode-5/data/ratis/aa351c03-5bfa-4023-99b4-e0020f8dda2a/current/log_inprogress_0
2019-09-27 10:15:06,681 [559a1e5d-7325-42b4-8015-f20f7c522db9@group-41F21C1632F2-SegmentedRaftLogWorker] INFO  segmented.SegmentedRaftLogWorker (SegmentedRaftLogWorker.java:execute(569)) - 559a1e5d-7325-42b4-8015-f20f7c522db9@group-41F21C1632F2-SegmentedRaftLogWorker: created new log segment /workdir/hadoop-ozone/integration-test/target/test-dir/MiniOzoneClusterImpl-bf7d7b01-9820-4bf2-ac73-317d86ffef37/datanode-1/data/ratis/808a61f8-9932-4d12-95c7-41f21c1632f2/current/log_inprogress_0
2019-09-27 10:15:06,681 [0d58d125-c024-4d5f-9cc5-d1c3650afd4f@group-E0020F8DDA2A-SegmentedRaftLogWorker] INFO  segmented.SegmentedRaftLogWorker (SegmentedRaftLogWorker.java:execute(569)) - 0d58d125-c024-4d5f-9cc5-d1c3650afd4f@group-E0020F8DDA2A-SegmentedRaftLogWorker: created new log segment /workdir/hadoop-ozone/integration-test/target/test-dir/MiniOzoneClusterImpl-bf7d7b01-9820-4bf2-ac73-317d86ffef37/datanode-0/data/ratis/aa351c03-5bfa-4023-99b4-e0020f8dda2a/current/log_inprogress_0
2019-09-27 10:15:06,681 [c83678cc-3f57-4f05-b497-f3d8e0652d41@group-E0020F8DDA2A-SegmentedRaftLogWorker] INFO  segmented.SegmentedRaftLogWorker (SegmentedRaftLogWorker.java:execute(569)) - c83678cc-3f57-4f05-b497-f3d8e0652d41@group-E0020F8DDA2A-SegmentedRaftLogWorker: created new log segment /workdir/hadoop-ozone/integration-test/target/test-dir/MiniOzoneClusterImpl-bf7d7b01-9820-4bf2-ac73-317d86ffef37/datanode-4/data/ratis/aa351c03-5bfa-4023-99b4-e0020f8dda2a/current/log_inprogress_0
2019-09-27 10:15:06,681 [8daad421-2b8c-43d7-86bc-2a9f0604b7fd@group-41F21C1632F2-SegmentedRaftLogWorker] INFO  segmented.SegmentedRaftLogWorker (SegmentedRaftLogWorker.java:execute(569)) - 8daad421-2b8c-43d7-86bc-2a9f0604b7fd@group-41F21C1632F2-SegmentedRaftLogWorker: created new log segment /workdir/hadoop-ozone/integration-test/target/test-dir/MiniOzoneClusterImpl-bf7d7b01-9820-4bf2-ac73-317d86ffef37/datanode-2/data/ratis/808a61f8-9932-4d12-95c7-41f21c1632f2/current/log_inprogress_0
2019-09-27 10:15:07,267 [main] INFO  ipc.Client (Client.java:handleConnectionFailure(948)) - Retrying connect to server: localhost/127.0.0.1:0. Already tried 0 time(s); retry policy is RetryUpToMaximumCountWithFixedSleep(maxRetries=10, sleepTime=1000 MILLISECONDS)
2019-09-27 10:15:07,911 [Thread-2139] INFO  container.ReplicationManager (ReplicationManager.java:start(162)) - Starting Replication Monitor Thread.
2019-09-27 10:15:07,919 [ReplicationMonitor] INFO  container.ReplicationManager (ReplicationManager.java:run(225)) - Replication Monitor Thread took 0 milliseconds for processing 0 containers.
2019-09-27 10:15:08,268 [main] INFO  ipc.Client (Client.java:handleConnectionFailure(948)) - Retrying connect to server: localhost/127.0.0.1:0. Already tried 1 time(s); retry policy is RetryUpToMaximumCountWithFixedSleep(maxRetries=10, sleepTime=1000 MILLISECONDS)
2019-09-27 10:15:09,270 [main] INFO  ipc.Client (Client.java:handleConnectionFailure(948)) - Retrying connect to server: localhost/127.0.0.1:0. Already tried 2 time(s); retry policy is RetryUpToMaximumCountWithFixedSleep(maxRetries=10, sleepTime=1000 MILLISECONDS)
2019-09-27 10:15:10,271 [main] INFO  ipc.Client (Client.java:handleConnectionFailure(948)) - Retrying connect to server: localhost/127.0.0.1:0. Already tried 3 time(s); retry policy is RetryUpToMaximumCountWithFixedSleep(maxRetries=10, sleepTime=1000 MILLISECONDS)
2019-09-27 10:15:11,272 [main] INFO  ipc.Client (Client.java:handleConnectionFailure(948)) - Retrying connect to server: localhost/127.0.0.1:0. Already tried 4 time(s); retry policy is RetryUpToMaximumCountWithFixedSleep(maxRetries=10, sleepTime=1000 MILLISECONDS)
2019-09-27 10:15:12,276 [main] INFO  ipc.Client (Client.java:handleConnectionFailure(948)) - Retrying connect to server: localhost/127.0.0.1:0. Already tried 5 time(s); retry policy is RetryUpToMaximumCountWithFixedSleep(maxRetries=10, sleepTime=1000 MILLISECONDS)
2019-09-27 10:15:13,277 [main] INFO  ipc.Client (Client.java:handleConnectionFailure(948)) - Retrying connect to server: localhost/127.0.0.1:0. Already tried 6 time(s); retry policy is RetryUpToMaximumCountWithFixedSleep(maxRetries=10, sleepTime=1000 MILLISECONDS)
2019-09-27 10:15:14,278 [main] INFO  ipc.Client (Client.java:handleConnectionFailure(948)) - Retrying connect to server: localhost/127.0.0.1:0. Already tried 7 time(s); retry policy is RetryUpToMaximumCountWithFixedSleep(maxRetries=10, sleepTime=1000 MILLISECONDS)
2019-09-27 10:15:15,280 [main] INFO  ipc.Client (Client.java:handleConnectionFailure(948)) - Retrying connect to server: localhost/127.0.0.1:0. Already tried 8 time(s); retry policy is RetryUpToMaximumCountWithFixedSleep(maxRetries=10, sleepTime=1000 MILLISECONDS)
2019-09-27 10:15:16,282 [main] INFO  ipc.Client (Client.java:handleConnectionFailure(948)) - Retrying connect to server: localhost/127.0.0.1:0. Already tried 9 time(s); retry policy is RetryUpToMaximumCountWithFixedSleep(maxRetries=10, sleepTime=1000 MILLISECONDS)
2019-09-27 10:15:17,304 [main] INFO  ipc.Client (Client.java:handleConnectionFailure(948)) - Retrying connect to server: localhost/127.0.0.1:0. Already tried 0 time(s); retry policy is RetryUpToMaximumCountWithFixedSleep(maxRetries=10, sleepTime=1000 MILLISECONDS)
2019-09-27 10:15:18,306 [main] INFO  ipc.Client (Client.java:handleConnectionFailure(948)) - Retrying connect to server: localhost/127.0.0.1:0. Already tried 1 time(s); retry policy is RetryUpToMaximumCountWithFixedSleep(maxRetries=10, sleepTime=1000 MILLISECONDS)
2019-09-27 10:15:19,307 [main] INFO  ipc.Client (Client.java:handleConnectionFailure(948)) - Retrying connect to server: localhost/127.0.0.1:0. Already tried 2 time(s); retry policy is RetryUpToMaximumCountWithFixedSleep(maxRetries=10, sleepTime=1000 MILLISECONDS)
2019-09-27 10:15:20,309 [main] INFO  ipc.Client (Client.java:handleConnectionFailure(948)) - Retrying connect to server: localhost/127.0.0.1:0. Already tried 3 time(s); retry policy is RetryUpToMaximumCountWithFixedSleep(maxRetries=10, sleepTime=1000 MILLISECONDS)
2019-09-27 10:15:21,310 [main] INFO  ipc.Client (Client.java:handleConnectionFailure(948)) - Retrying connect to server: localhost/127.0.0.1:0. Already tried 4 time(s); retry policy is RetryUpToMaximumCountWithFixedSleep(maxRetries=10, sleepTime=1000 MILLISECONDS)
2019-09-27 10:15:22,311 [main] INFO  ipc.Client (Client.java:handleConnectionFailure(948)) - Retrying connect to server: localhost/127.0.0.1:0. Already tried 5 time(s); retry policy is RetryUpToMaximumCountWithFixedSleep(maxRetries=10, sleepTime=1000 MILLISECONDS)
2019-09-27 10:15:23,313 [main] INFO  ipc.Client (Client.java:handleConnectionFailure(948)) - Retrying connect to server: localhost/127.0.0.1:0. Already tried 6 time(s); retry policy is RetryUpToMaximumCountWithFixedSleep(maxRetries=10, sleepTime=1000 MILLISECONDS)
2019-09-27 10:15:24,314 [main] INFO  ipc.Client (Client.java:handleConnectionFailure(948)) - Retrying connect to server: localhost/127.0.0.1:0. Already tried 7 time(s); retry policy is RetryUpToMaximumCountWithFixedSleep(maxRetries=10, sleepTime=1000 MILLISECONDS)
2019-09-27 10:15:25,315 [main] INFO  ipc.Client (Client.java:handleConnectionFailure(948)) - Retrying connect to server: localhost/127.0.0.1:0. Already tried 8 time(s); retry policy is RetryUpToMaximumCountWithFixedSleep(maxRetries=10, sleepTime=1000 MILLISECONDS)
2019-09-27 10:15:26,316 [main] INFO  ipc.Client (Client.java:handleConnectionFailure(948)) - Retrying connect to server: localhost/127.0.0.1:0. Already tried 9 time(s); retry policy is RetryUpToMaximumCountWithFixedSleep(maxRetries=10, sleepTime=1000 MILLISECONDS)
2019-09-27 10:15:26,318 [main] INFO  retry.RetryInvocationHandler (RetryInvocationHandler.java:log(411)) - com.google.protobuf.ServiceException: java.net.ConnectException: Your endpoint configuration is wrong; For more details see:  http://wiki.apache.org/hadoop/UnsetHostnameOrPort, while invoking $Proxy35.submitRequest over nodeId=null,nodeAddress=127.0.0.1:0 after 1 failover attempts. Trying to failover immediately.
2019-09-27 10:15:27,319 [main] INFO  ipc.Client (Client.java:handleConnectionFailure(948)) - Retrying connect to server: localhost/127.0.0.1:0. Already tried 0 time(s); retry policy is RetryUpToMaximumCountWithFixedSleep(maxRetries=10, sleepTime=1000 MILLISECONDS)
2019-09-27 10:15:28,321 [main] INFO  ipc.Client (Client.java:handleConnectionFailure(948)) - Retrying connect to server: localhost/127.0.0.1:0. Already tried 1 time(s); retry policy is RetryUpToMaximumCountWithFixedSleep(maxRetries=10, sleepTime=1000 MILLISECONDS)
2019-09-27 10:15:29,322 [main] INFO  ipc.Client (Client.java:handleConnectionFailure(948)) - Retrying connect to server: localhost/127.0.0.1:0. Already tried 2 time(s); retry policy is RetryUpToMaximumCountWithFixedSleep(maxRetries=10, sleepTime=1000 MILLISECONDS)
2019-09-27 10:15:30,324 [main] INFO  ipc.Client (Client.java:handleConnectionFailure(948)) - Retrying connect to server: localhost/127.0.0.1:0. Already tried 3 time(s); retry policy is RetryUpToMaximumCountWithFixedSleep(maxRetries=10, sleepTime=1000 MILLISECONDS)
2019-09-27 10:15:31,325 [main] INFO  ipc.Client (Client.java:handleConnectionFailure(948)) - Retrying connect to server: localhost/127.0.0.1:0. Already tried 4 time(s); retry policy is RetryUpToMaximumCountWithFixedSleep(maxRetries=10, sleepTime=1000 MILLISECONDS)
2019-09-27 10:15:32,326 [main] INFO  ipc.Client (Client.java:handleConnectionFailure(948)) - Retrying connect to server: localhost/127.0.0.1:0. Already tried 5 time(s); retry policy is RetryUpToMaximumCountWithFixedSleep(maxRetries=10, sleepTime=1000 MILLISECONDS)
2019-09-27 10:15:33,327 [main] INFO  ipc.Client (Client.java:handleConnectionFailure(948)) - Retrying connect to server: localhost/127.0.0.1:0. Already tried 6 time(s); retry policy is RetryUpToMaximumCountWithFixedSleep(maxRetries=10, sleepTime=1000 MILLISECONDS)
2019-09-27 10:15:34,329 [main] INFO  ipc.Client (Client.java:handleConnectionFailure(948)) - Retrying connect to server: localhost/127.0.0.1:0. Already tried 7 time(s); retry policy is RetryUpToMaximumCountWithFixedSleep(maxRetries=10, sleepTime=1000 MILLISECONDS)
2019-09-27 10:15:35,330 [main] INFO  ipc.Client (Client.java:handleConnectionFailure(948)) - Retrying connect to server: localhost/127.0.0.1:0. Already tried 8 time(s); retry policy is RetryUpToMaximumCountWithFixedSleep(maxRetries=10, sleepTime=1000 MILLISECONDS)
2019-09-27 10:15:36,331 [main] INFO  ipc.Client (Client.java:handleConnectionFailure(948)) - Retrying connect to server: localhost/127.0.0.1:0. Already tried 9 time(s); retry policy is RetryUpToMaximumCountWithFixedSleep(maxRetries=10, sleepTime=1000 MILLISECONDS)
2019-09-27 10:15:36,333 [main] INFO  retry.RetryInvocationHandler (RetryInvocationHandler.java:log(411)) - com.google.protobuf.ServiceException: java.net.ConnectException: Your endpoint configuration is wrong; For more details see:  http://wiki.apache.org/hadoop/UnsetHostnameOrPort, while invoking $Proxy35.submitRequest over nodeId=null,nodeAddress=127.0.0.1:0 after 2 failover attempts. Trying to failover immediately.
2019-09-27 10:15:37,334 [main] INFO  ipc.Client (Client.java:handleConnectionFailure(948)) - Retrying connect to server: localhost/127.0.0.1:0. Already tried 0 time(s); retry policy is RetryUpToMaximumCountWithFixedSleep(maxRetries=10, sleepTime=1000 MILLISECONDS)
2019-09-27 10:15:38,336 [main] INFO  ipc.Client (Client.java:handleConnectionFailure(948)) - Retrying connect to server: localhost/127.0.0.1:0. Already tried 1 time(s); retry policy is RetryUpToMaximumCountWithFixedSleep(maxRetries=10, sleepTime=1000 MILLISECONDS)
2019-09-27 10:15:39,338 [main] INFO  ipc.Client (Client.java:handleConnectionFailure(948)) - Retrying connect to server: localhost/127.0.0.1:0. Already tried 2 time(s); retry policy is RetryUpToMaximumCountWithFixedSleep(maxRetries=10, sleepTime=1000 MILLISECONDS)
2019-09-27 10:15:40,339 [main] INFO  ipc.Client (Client.java:handleConnectionFailure(948)) - Retrying connect to server: localhost/127.0.0.1:0. Already tried 3 time(s); retry policy is RetryUpToMaximumCountWithFixedSleep(maxRetries=10, sleepTime=1000 MILLISECONDS)
2019-09-27 10:15:41,341 [main] INFO  ipc.Client (Client.java:handleConnectionFailure(948)) - Retrying connect to server: localhost/127.0.0.1:0. Already tried 4 time(s); retry policy is RetryUpToMaximumCountWithFixedSleep(maxRetries=10, sleepTime=1000 MILLISECONDS)
2019-09-27 10:15:42,342 [main] INFO  ipc.Client (Client.java:handleConnectionFailure(948)) - Retrying connect to server: localhost/127.0.0.1:0. Already tried 5 time(s); retry policy is RetryUpToMaximumCountWithFixedSleep(maxRetries=10, sleepTime=1000 MILLISECONDS)
2019-09-27 10:15:43,343 [main] INFO  ipc.Client (Client.java:handleConnectionFailure(948)) - Retrying connect to server: localhost/127.0.0.1:0. Already tried 6 time(s); retry policy is RetryUpToMaximumCountWithFixedSleep(maxRetries=10, sleepTime=1000 MILLISECONDS)
2019-09-27 10:15:44,344 [main] INFO  ipc.Client (Client.java:handleConnectionFailure(948)) - Retrying connect to server: localhost/127.0.0.1:0. Already tried 7 time(s); retry policy is RetryUpToMaximumCountWithFixedSleep(maxRetries=10, sleepTime=1000 MILLISECONDS)
2019-09-27 10:15:45,345 [main] INFO  ipc.Client (Client.java:handleConnectionFailure(948)) - Retrying connect to server: localhost/127.0.0.1:0. Already tried 8 time(s); retry policy is RetryUpToMaximumCountWithFixedSleep(maxRetries=10, sleepTime=1000 MILLISECONDS)
2019-09-27 10:15:46,346 [main] INFO  ipc.Client (Client.java:handleConnectionFailure(948)) - Retrying connect to server: localhost/127.0.0.1:0. Already tried 9 time(s); retry policy is RetryUpToMaximumCountWithFixedSleep(maxRetries=10, sleepTime=1000 MILLISECONDS)
2019-09-27 10:15:46,348 [main] INFO  retry.RetryInvocationHandler (RetryInvocationHandler.java:log(411)) - com.google.protobuf.ServiceException: java.net.ConnectException: Your endpoint configuration is wrong; For more details see:  http://wiki.apache.org/hadoop/UnsetHostnameOrPort, while invoking $Proxy35.submitRequest over nodeId=null,nodeAddress=127.0.0.1:0 after 3 failover attempts. Trying to failover immediately.
2019-09-27 10:15:47,350 [main] INFO  ipc.Client (Client.java:handleConnectionFailure(948)) - Retrying connect to server: localhost/127.0.0.1:0. Already tried 0 time(s); retry policy is RetryUpToMaximumCountWithFixedSleep(maxRetries=10, sleepTime=1000 MILLISECONDS)
2019-09-27 10:15:48,352 [main] INFO  ipc.Client (Client.java:handleConnectionFailure(948)) - Retrying connect to server: localhost/127.0.0.1:0. Already tried 1 time(s); retry policy is RetryUpToMaximumCountWithFixedSleep(maxRetries=10, sleepTime=1000 MILLISECONDS)
2019-09-27 10:15:49,353 [main] INFO  ipc.Client (Client.java:handleConnectionFailure(948)) - Retrying connect to server: localhost/127.0.0.1:0. Already tried 2 time(s); retry policy is RetryUpToMaximumCountWithFixedSleep(maxRetries=10, sleepTime=1000 MILLISECONDS)
2019-09-27 10:15:50,354 [main] INFO  ipc.Client (Client.java:handleConnectionFailure(948)) - Retrying connect to server: localhost/127.0.0.1:0. Already tried 3 time(s); retry policy is RetryUpToMaximumCountWithFixedSleep(maxRetries=10, sleepTime=1000 MILLISECONDS)
2019-09-27 10:15:51,355 [main] INFO  ipc.Client (Client.java:handleConnectionFailure(948)) - Retrying connect to server: localhost/127.0.0.1:0. Already tried 4 time(s); retry policy is RetryUpToMaximumCountWithFixedSleep(maxRetries=10, sleepTime=1000 MILLISECONDS)
2019-09-27 10:15:52,357 [main] INFO  ipc.Client (Client.java:handleConnectionFailure(948)) - Retrying connect to server: localhost/127.0.0.1:0. Already tried 5 time(s); retry policy is RetryUpToMaximumCountWithFixedSleep(maxRetries=10, sleepTime=1000 MILLISECONDS)
2019-09-27 10:15:53,360 [main] INFO  ipc.Client (Client.java:handleConnectionFailure(948)) - Retrying connect to server: localhost/127.0.0.1:0. Already tried 6 time(s); retry policy is RetryUpToMaximumCountWithFixedSleep(maxRetries=10, sleepTime=1000 MILLISECONDS)
2019-09-27 10:15:54,361 [main] INFO  ipc.Client (Client.java:handleConnectionFailure(948)) - Retrying connect to server: localhost/127.0.0.1:0. Already tried 7 time(s); retry policy is RetryUpToMaximumCountWithFixedSleep(maxRetries=10, sleepTime=1000 MILLISECONDS)
2019-09-27 10:15:55,362 [main] INFO  ipc.Client (Client.java:handleConnectionFailure(948)) - Retrying connect to server: localhost/127.0.0.1:0. Already tried 8 time(s); retry policy is RetryUpToMaximumCountWithFixedSleep(maxRetries=10, sleepTime=1000 MILLISECONDS)
2019-09-27 10:15:56,364 [main] INFO  ipc.Client (Client.java:handleConnectionFailure(948)) - Retrying connect to server: localhost/127.0.0.1:0. Already tried 9 time(s); retry policy is RetryUpToMaximumCountWithFixedSleep(maxRetries=10, sleepTime=1000 MILLISECONDS)
2019-09-27 10:15:56,367 [main] INFO  retry.RetryInvocationHandler (RetryInvocationHandler.java:log(411)) - com.google.protobuf.ServiceException: java.net.ConnectException: Your endpoint configuration is wrong; For more details see:  http://wiki.apache.org/hadoop/UnsetHostnameOrPort, while invoking $Proxy35.submitRequest over nodeId=null,nodeAddress=127.0.0.1:0 after 4 failover attempts. Trying to failover immediately.
2019-09-27 10:15:57,388 [main] INFO  ipc.Client (Client.java:handleConnectionFailure(948)) - Retrying connect to server: localhost/127.0.0.1:0. Already tried 0 time(s); retry policy is RetryUpToMaximumCountWithFixedSleep(maxRetries=10, sleepTime=1000 MILLISECONDS)
2019-09-27 10:15:58,389 [main] INFO  ipc.Client (Client.java:handleConnectionFailure(948)) - Retrying connect to server: localhost/127.0.0.1:0. Already tried 1 time(s); retry policy is RetryUpToMaximumCountWithFixedSleep(maxRetries=10, sleepTime=1000 MILLISECONDS)
2019-09-27 10:15:59,390 [main] INFO  ipc.Client (Client.java:handleConnectionFailure(948)) - Retrying connect to server: localhost/127.0.0.1:0. Already tried 2 time(s); retry policy is RetryUpToMaximumCountWithFixedSleep(maxRetries=10, sleepTime=1000 MILLISECONDS)
2019-09-27 10:16:00,391 [main] INFO  ipc.Client (Client.java:handleConnectionFailure(948)) - Retrying connect to server: localhost/127.0.0.1:0. Already tried 3 time(s); retry policy is RetryUpToMaximumCountWithFixedSleep(maxRetries=10, sleepTime=1000 MILLISECONDS)
2019-09-27 10:16:01,393 [main] INFO  ipc.Client (Client.java:handleConnectionFailure(948)) - Retrying connect to server: localhost/127.0.0.1:0. Already tried 4 time(s); retry policy is RetryUpToMaximumCountWithFixedSleep(maxRetries=10, sleepTime=1000 MILLISECONDS)
2019-09-27 10:16:02,394 [main] INFO  ipc.Client (Client.java:handleConnectionFailure(948)) - Retrying connect to server: localhost/127.0.0.1:0. Already tried 5 time(s); retry policy is RetryUpToMaximumCountWithFixedSleep(maxRetries=10, sleepTime=1000 MILLISECONDS)
2019-09-27 10:16:03,395 [main] INFO  ipc.Client (Client.java:handleConnectionFailure(948)) - Retrying connect to server: localhost/127.0.0.1:0. Already tried 6 time(s); retry policy is RetryUpToMaximumCountWithFixedSleep(maxRetries=10, sleepTime=1000 MILLISECONDS)
2019-09-27 10:16:04,396 [main] INFO  ipc.Client (Client.java:handleConnectionFailure(948)) - Retrying connect to server: localhost/127.0.0.1:0. Already tried 7 time(s); retry policy is RetryUpToMaximumCountWithFixedSleep(maxRetries=10, sleepTime=1000 MILLISECONDS)
2019-09-27 10:16:05,398 [main] INFO  ipc.Client (Client.java:handleConnectionFailure(948)) - Retrying connect to server: localhost/127.0.0.1:0. Already tried 8 time(s); retry policy is RetryUpToMaximumCountWithFixedSleep(maxRetries=10, sleepTime=1000 MILLISECONDS)
2019-09-27 10:16:06,399 [main] INFO  ipc.Client (Client.java:handleConnectionFailure(948)) - Retrying connect to server: localhost/127.0.0.1:0. Already tried 9 time(s); retry policy is RetryUpToMaximumCountWithFixedSleep(maxRetries=10, sleepTime=1000 MILLISECONDS)
2019-09-27 10:16:06,401 [main] INFO  retry.RetryInvocationHandler (RetryInvocationHandler.java:log(411)) - com.google.protobuf.ServiceException: java.net.ConnectException: Your endpoint configuration is wrong; For more details see:  http://wiki.apache.org/hadoop/UnsetHostnameOrPort, while invoking $Proxy35.submitRequest over nodeId=null,nodeAddress=127.0.0.1:0 after 5 failover attempts. Trying to failover immediately.
2019-09-27 10:16:07,402 [main] INFO  ipc.Client (Client.java:handleConnectionFailure(948)) - Retrying connect to server: localhost/127.0.0.1:0. Already tried 0 time(s); retry policy is RetryUpToMaximumCountWithFixedSleep(maxRetries=10, sleepTime=1000 MILLISECONDS)
2019-09-27 10:16:08,403 [main] INFO  ipc.Client (Client.java:handleConnectionFailure(948)) - Retrying connect to server: localhost/127.0.0.1:0. Already tried 1 time(s); retry policy is RetryUpToMaximumCountWithFixedSleep(maxRetries=10, sleepTime=1000 MILLISECONDS)
2019-09-27 10:16:09,405 [main] INFO  ipc.Client (Client.java:handleConnectionFailure(948)) - Retrying connect to server: localhost/127.0.0.1:0. Already tried 2 time(s); retry policy is RetryUpToMaximumCountWithFixedSleep(maxRetries=10, sleepTime=1000 MILLISECONDS)
2019-09-27 10:16:10,406 [main] INFO  ipc.Client (Client.java:handleConnectionFailure(948)) - Retrying connect to server: localhost/127.0.0.1:0. Already tried 3 time(s); retry policy is RetryUpToMaximumCountWithFixedSleep(maxRetries=10, sleepTime=1000 MILLISECONDS)
2019-09-27 10:16:11,407 [main] INFO  ipc.Client (Client.java:handleConnectionFailure(948)) - Retrying connect to server: localhost/127.0.0.1:0. Already tried 4 time(s); retry policy is RetryUpToMaximumCountWithFixedSleep(maxRetries=10, sleepTime=1000 MILLISECONDS)
2019-09-27 10:16:12,408 [main] INFO  ipc.Client (Client.java:handleConnectionFailure(948)) - Retrying connect to server: localhost/127.0.0.1:0. Already tried 5 time(s); retry policy is RetryUpToMaximumCountWithFixedSleep(maxRetries=10, sleepTime=1000 MILLISECONDS)
2019-09-27 10:16:13,409 [main] INFO  ipc.Client (Client.java:handleConnectionFailure(948)) - Retrying connect to server: localhost/127.0.0.1:0. Already tried 6 time(s); retry policy is RetryUpToMaximumCountWithFixedSleep(maxRetries=10, sleepTime=1000 MILLISECONDS)
2019-09-27 10:16:14,410 [main] INFO  ipc.Client (Client.java:handleConnectionFailure(948)) - Retrying connect to server: localhost/127.0.0.1:0. Already tried 7 time(s); retry policy is RetryUpToMaximumCountWithFixedSleep(maxRetries=10, sleepTime=1000 MILLISECONDS)
2019-09-27 10:16:15,412 [main] INFO  ipc.Client (Client.java:handleConnectionFailure(948)) - Retrying connect to server: localhost/127.0.0.1:0. Already tried 8 time(s); retry policy is RetryUpToMaximumCountWithFixedSleep(maxRetries=10, sleepTime=1000 MILLISECONDS)
2019-09-27 10:16:16,413 [main] INFO  ipc.Client (Client.java:handleConnectionFailure(948)) - Retrying connect to server: localhost/127.0.0.1:0. Already tried 9 time(s); retry policy is RetryUpToMaximumCountWithFixedSleep(maxRetries=10, sleepTime=1000 MILLISECONDS)
2019-09-27 10:16:16,415 [main] INFO  retry.RetryInvocationHandler (RetryInvocationHandler.java:log(411)) - com.google.protobuf.ServiceException: java.net.ConnectException: Your endpoint configuration is wrong; For more details see:  http://wiki.apache.org/hadoop/UnsetHostnameOrPort, while invoking $Proxy35.submitRequest over nodeId=null,nodeAddress=127.0.0.1:0 after 6 failover attempts. Trying to failover immediately.
2019-09-27 10:16:17,416 [main] INFO  ipc.Client (Client.java:handleConnectionFailure(948)) - Retrying connect to server: localhost/127.0.0.1:0. Already tried 0 time(s); retry policy is RetryUpToMaximumCountWithFixedSleep(maxRetries=10, sleepTime=1000 MILLISECONDS)
2019-09-27 10:16:18,417 [main] INFO  ipc.Client (Client.java:handleConnectionFailure(948)) - Retrying connect to server: localhost/127.0.0.1:0. Already tried 1 time(s); retry policy is RetryUpToMaximumCountWithFixedSleep(maxRetries=10, sleepTime=1000 MILLISECONDS)
2019-09-27 10:16:19,418 [main] INFO  ipc.Client (Client.java:handleConnectionFailure(948)) - Retrying connect to server: localhost/127.0.0.1:0. Already tried 2 time(s); retry policy is RetryUpToMaximumCountWithFixedSleep(maxRetries=10, sleepTime=1000 MILLISECONDS)
2019-09-27 10:16:20,419 [main] INFO  ipc.Client (Client.java:handleConnectionFailure(948)) - Retrying connect to server: localhost/127.0.0.1:0. Already tried 3 time(s); retry policy is RetryUpToMaximumCountWithFixedSleep(maxRetries=10, sleepTime=1000 MILLISECONDS)
2019-09-27 10:16:21,421 [main] INFO  ipc.Client (Client.java:handleConnectionFailure(948)) - Retrying connect to server: localhost/127.0.0.1:0. Already tried 4 time(s); retry policy is RetryUpToMaximumCountWithFixedSleep(maxRetries=10, sleepTime=1000 MILLISECONDS)
2019-09-27 10:16:22,422 [main] INFO  ipc.Client (Client.java:handleConnectionFailure(948)) - Retrying connect to server: localhost/127.0.0.1:0. Already tried 5 time(s); retry policy is RetryUpToMaximumCountWithFixedSleep(maxRetries=10, sleepTime=1000 MILLISECONDS)
2019-09-27 10:16:23,423 [main] INFO  ipc.Client (Client.java:handleConnectionFailure(948)) - Retrying connect to server: localhost/127.0.0.1:0. Already tried 6 time(s); retry policy is RetryUpToMaximumCountWithFixedSleep(maxRetries=10, sleepTime=1000 MILLISECONDS)
2019-09-27 10:16:24,424 [main] INFO  ipc.Client (Client.java:handleConnectionFailure(948)) - Retrying connect to server: localhost/127.0.0.1:0. Already tried 7 time(s); retry policy is RetryUpToMaximumCountWithFixedSleep(maxRetries=10, sleepTime=1000 MILLISECONDS)
2019-09-27 10:16:25,426 [main] INFO  ipc.Client (Client.java:handleConnectionFailure(948)) - Retrying connect to server: localhost/127.0.0.1:0. Already tried 8 time(s); retry policy is RetryUpToMaximumCountWithFixedSleep(maxRetries=10, sleepTime=1000 MILLISECONDS)
2019-09-27 10:16:26,427 [main] INFO  ipc.Client (Client.java:handleConnectionFailure(948)) - Retrying connect to server: localhost/127.0.0.1:0. Already tried 9 time(s); retry policy is RetryUpToMaximumCountWithFixedSleep(maxRetries=10, sleepTime=1000 MILLISECONDS)
2019-09-27 10:16:26,428 [main] INFO  retry.RetryInvocationHandler (RetryInvocationHandler.java:log(411)) - com.google.protobuf.ServiceException: java.net.ConnectException: Your endpoint configuration is wrong; For more details see:  http://wiki.apache.org/hadoop/UnsetHostnameOrPort, while invoking $Proxy35.submitRequest over nodeId=null,nodeAddress=127.0.0.1:0 after 7 failover attempts. Trying to failover immediately.
2019-09-27 10:16:27,429 [main] INFO  ipc.Client (Client.java:handleConnectionFailure(948)) - Retrying connect to server: localhost/127.0.0.1:0. Already tried 0 time(s); retry policy is RetryUpToMaximumCountWithFixedSleep(maxRetries=10, sleepTime=1000 MILLISECONDS)
2019-09-27 10:16:28,431 [main] INFO  ipc.Client (Client.java:handleConnectionFailure(948)) - Retrying connect to server: localhost/127.0.0.1:0. Already tried 1 time(s); retry policy is RetryUpToMaximumCountWithFixedSleep(maxRetries=10, sleepTime=1000 MILLISECONDS)
2019-09-27 10:16:29,432 [main] INFO  ipc.Client (Client.java:handleConnectionFailure(948)) - Retrying connect to server: localhost/127.0.0.1:0. Already tried 2 time(s); retry policy is RetryUpToMaximumCountWithFixedSleep(maxRetries=10, sleepTime=1000 MILLISECONDS)
2019-09-27 10:16:30,433 [main] INFO  ipc.Client (Client.java:handleConnectionFailure(948)) - Retrying connect to server: localhost/127.0.0.1:0. Already tried 3 time(s); retry policy is RetryUpToMaximumCountWithFixedSleep(maxRetries=10, sleepTime=1000 MILLISECONDS)
2019-09-27 10:16:31,435 [main] INFO  ipc.Client (Client.java:handleConnectionFailure(948)) - Retrying connect to server: localhost/127.0.0.1:0. Already tried 4 time(s); retry policy is RetryUpToMaximumCountWithFixedSleep(maxRetries=10, sleepTime=1000 MILLISECONDS)
2019-09-27 10:16:32,436 [main] INFO  ipc.Client (Client.java:handleConnectionFailure(948)) - Retrying connect to server: localhost/127.0.0.1:0. Already tried 5 time(s); retry policy is RetryUpToMaximumCountWithFixedSleep(maxRetries=10, sleepTime=1000 MILLISECONDS)
2019-09-27 10:16:33,437 [main] INFO  ipc.Client (Client.java:handleConnectionFailure(948)) - Retrying connect to server: localhost/127.0.0.1:0. Already tried 6 time(s); retry policy is RetryUpToMaximumCountWithFixedSleep(maxRetries=10, sleepTime=1000 MILLISECONDS)
2019-09-27 10:16:34,439 [main] INFO  ipc.Client (Client.java:handleConnectionFailure(948)) - Retrying connect to server: localhost/127.0.0.1:0. Already tried 7 time(s); retry policy is RetryUpToMaximumCountWithFixedSleep(maxRetries=10, sleepTime=1000 MILLISECONDS)
2019-09-27 10:16:35,440 [main] INFO  ipc.Client (Client.java:handleConnectionFailure(948)) - Retrying connect to server: localhost/127.0.0.1:0. Already tried 8 time(s); retry policy is RetryUpToMaximumCountWithFixedSleep(maxRetries=10, sleepTime=1000 MILLISECONDS)
2019-09-27 10:16:36,441 [main] INFO  ipc.Client (Client.java:handleConnectionFailure(948)) - Retrying connect to server: localhost/127.0.0.1:0. Already tried 9 time(s); retry policy is RetryUpToMaximumCountWithFixedSleep(maxRetries=10, sleepTime=1000 MILLISECONDS)
2019-09-27 10:16:36,443 [main] INFO  retry.RetryInvocationHandler (RetryInvocationHandler.java:log(411)) - com.google.protobuf.ServiceException: java.net.ConnectException: Your endpoint configuration is wrong; For more details see:  http://wiki.apache.org/hadoop/UnsetHostnameOrPort, while invoking $Proxy35.submitRequest over nodeId=null,nodeAddress=127.0.0.1:0 after 8 failover attempts. Trying to failover immediately.
2019-09-27 10:16:37,444 [main] INFO  ipc.Client (Client.java:handleConnectionFailure(948)) - Retrying connect to server: localhost/127.0.0.1:0. Already tried 0 time(s); retry policy is RetryUpToMaximumCountWithFixedSleep(maxRetries=10, sleepTime=1000 MILLISECONDS)
2019-09-27 10:16:38,446 [main] INFO  ipc.Client (Client.java:handleConnectionFailure(948)) - Retrying connect to server: localhost/127.0.0.1:0. Already tried 1 time(s); retry policy is RetryUpToMaximumCountWithFixedSleep(maxRetries=10, sleepTime=1000 MILLISECONDS)
2019-09-27 10:16:39,447 [main] INFO  ipc.Client (Client.java:handleConnectionFailure(948)) - Retrying connect to server: localhost/127.0.0.1:0. Already tried 2 time(s); retry policy is RetryUpToMaximumCountWithFixedSleep(maxRetries=10, sleepTime=1000 MILLISECONDS)
2019-09-27 10:16:40,448 [main] INFO  ipc.Client (Client.java:handleConnectionFailure(948)) - Retrying connect to server: localhost/127.0.0.1:0. Already tried 3 time(s); retry policy is RetryUpToMaximumCountWithFixedSleep(maxRetries=10, sleepTime=1000 MILLISECONDS)
2019-09-27 10:16:41,450 [main] INFO  ipc.Client (Client.java:handleConnectionFailure(948)) - Retrying connect to server: localhost/127.0.0.1:0. Already tried 4 time(s); retry policy is RetryUpToMaximumCountWithFixedSleep(maxRetries=10, sleepTime=1000 MILLISECONDS)
2019-09-27 10:16:42,451 [main] INFO  ipc.Client (Client.java:handleConnectionFailure(948)) - Retrying connect to server: localhost/127.0.0.1:0. Already tried 5 time(s); retry policy is RetryUpToMaximumCountWithFixedSleep(maxRetries=10, sleepTime=1000 MILLISECONDS)
2019-09-27 10:16:43,453 [main] INFO  ipc.Client (Client.java:handleConnectionFailure(948)) - Retrying connect to server: localhost/127.0.0.1:0. Already tried 6 time(s); retry policy is RetryUpToMaximumCountWithFixedSleep(maxRetries=10, sleepTime=1000 MILLISECONDS)
2019-09-27 10:16:44,454 [main] INFO  ipc.Client (Client.java:handleConnectionFailure(948)) - Retrying connect to server: localhost/127.0.0.1:0. Already tried 7 time(s); retry policy is RetryUpToMaximumCountWithFixedSleep(maxRetries=10, sleepTime=1000 MILLISECONDS)
2019-09-27 10:16:45,456 [main] INFO  ipc.Client (Client.java:handleConnectionFailure(948)) - Retrying connect to server: localhost/127.0.0.1:0. Already tried 8 time(s); retry policy is RetryUpToMaximumCountWithFixedSleep(maxRetries=10, sleepTime=1000 MILLISECONDS)
2019-09-27 10:16:46,457 [main] INFO  ipc.Client (Client.java:handleConnectionFailure(948)) - Retrying connect to server: localhost/127.0.0.1:0. Already tried 9 time(s); retry policy is RetryUpToMaximumCountWithFixedSleep(maxRetries=10, sleepTime=1000 MILLISECONDS)
2019-09-27 10:16:46,459 [main] INFO  retry.RetryInvocationHandler (RetryInvocationHandler.java:log(411)) - com.google.protobuf.ServiceException: java.net.ConnectException: Your endpoint configuration is wrong; For more details see:  http://wiki.apache.org/hadoop/UnsetHostnameOrPort, while invoking $Proxy35.submitRequest over nodeId=null,nodeAddress=127.0.0.1:0 after 9 failover attempts. Trying to failover immediately.
2019-09-27 10:16:47,460 [main] INFO  ipc.Client (Client.java:handleConnectionFailure(948)) - Retrying connect to server: localhost/127.0.0.1:0. Already tried 0 time(s); retry policy is RetryUpToMaximumCountWithFixedSleep(maxRetries=10, sleepTime=1000 MILLISECONDS)
2019-09-27 10:16:48,462 [main] INFO  ipc.Client (Client.java:handleConnectionFailure(948)) - Retrying connect to server: localhost/127.0.0.1:0. Already tried 1 time(s); retry policy is RetryUpToMaximumCountWithFixedSleep(maxRetries=10, sleepTime=1000 MILLISECONDS)
2019-09-27 10:16:49,463 [main] INFO  ipc.Client (Client.java:handleConnectionFailure(948)) - Retrying connect to server: localhost/127.0.0.1:0. Already tried 2 time(s); retry policy is RetryUpToMaximumCountWithFixedSleep(maxRetries=10, sleepTime=1000 MILLISECONDS)
2019-09-27 10:16:50,464 [main] INFO  ipc.Client (Client.java:handleConnectionFailure(948)) - Retrying connect to server: localhost/127.0.0.1:0. Already tried 3 time(s); retry policy is RetryUpToMaximumCountWithFixedSleep(maxRetries=10, sleepTime=1000 MILLISECONDS)
2019-09-27 10:16:51,466 [main] INFO  ipc.Client (Client.java:handleConnectionFailure(948)) - Retrying connect to server: localhost/127.0.0.1:0. Already tried 4 time(s); retry policy is RetryUpToMaximumCountWithFixedSleep(maxRetries=10, sleepTime=1000 MILLISECONDS)
2019-09-27 10:16:52,467 [main] INFO  ipc.Client (Client.java:handleConnectionFailure(948)) - Retrying connect to server: localhost/127.0.0.1:0. Already tried 5 time(s); retry policy is RetryUpToMaximumCountWithFixedSleep(maxRetries=10, sleepTime=1000 MILLISECONDS)
2019-09-27 10:16:53,469 [main] INFO  ipc.Client (Client.java:handleConnectionFailure(948)) - Retrying connect to server: localhost/127.0.0.1:0. Already tried 6 time(s); retry policy is RetryUpToMaximumCountWithFixedSleep(maxRetries=10, sleepTime=1000 MILLISECONDS)
2019-09-27 10:16:54,470 [main] INFO  ipc.Client (Client.java:handleConnectionFailure(948)) - Retrying connect to server: localhost/127.0.0.1:0. Already tried 7 time(s); retry policy is RetryUpToMaximumCountWithFixedSleep(maxRetries=10, sleepTime=1000 MILLISECONDS)
2019-09-27 10:16:55,473 [main] INFO  ipc.Client (Client.java:handleConnectionFailure(948)) - Retrying connect to server: localhost/127.0.0.1:0. Already tried 8 time(s); retry policy is RetryUpToMaximumCountWithFixedSleep(maxRetries=10, sleepTime=1000 MILLISECONDS)
2019-09-27 10:16:56,474 [main] INFO  ipc.Client (Client.java:handleConnectionFailure(948)) - Retrying connect to server: localhost/127.0.0.1:0. Already tried 9 time(s); retry policy is RetryUpToMaximumCountWithFixedSleep(maxRetries=10, sleepTime=1000 MILLISECONDS)
2019-09-27 10:16:56,476 [main] ERROR ha.OMFailoverProxyProvider (OzoneManagerProtocolClientSideTranslatorPB.java:getRetryAction(268)) - Failed to connect to OM. Attempted 10 retries and 10 failovers
2019-09-27 10:16:56,476 [main] ERROR client.OzoneClientFactory (OzoneClientFactory.java:getClientProtocol(259)) - Couldn't create RpcClient protocol exception: 
java.net.ConnectException: Your endpoint configuration is wrong; For more details see:  http://wiki.apache.org/hadoop/UnsetHostnameOrPort
	at sun.reflect.GeneratedConstructorAccessor41.newInstance(Unknown Source)
	at sun.reflect.DelegatingConstructorAccessorImpl.newInstance(DelegatingConstructorAccessorImpl.java:45)
	at java.lang.reflect.Constructor.newInstance(Constructor.java:423)
	at org.apache.hadoop.net.NetUtils.wrapWithMessage(NetUtils.java:831)
	at org.apache.hadoop.net.NetUtils.wrapException(NetUtils.java:751)
	at org.apache.hadoop.ipc.Client.getRpcResponse(Client.java:1515)
	at org.apache.hadoop.ipc.Client.call(Client.java:1457)
	at org.apache.hadoop.ipc.Client.call(Client.java:1367)
	at org.apache.hadoop.ipc.ProtobufRpcEngine$Invoker.invoke(ProtobufRpcEngine.java:228)
	at org.apache.hadoop.ipc.ProtobufRpcEngine$Invoker.invoke(ProtobufRpcEngine.java:116)
	at com.sun.proxy.$Proxy35.submitRequest(Unknown Source)
	at sun.reflect.GeneratedMethodAccessor36.invoke(Unknown Source)
	at sun.reflect.DelegatingMethodAccessorImpl.invoke(DelegatingMethodAccessorImpl.java:43)
	at java.lang.reflect.Method.invoke(Method.java:498)
	at org.apache.hadoop.io.retry.RetryInvocationHandler.invokeMethod(RetryInvocationHandler.java:422)
	at org.apache.hadoop.io.retry.RetryInvocationHandler$Call.invokeMethod(RetryInvocationHandler.java:165)
	at org.apache.hadoop.io.retry.RetryInvocationHandler$Call.invoke(RetryInvocationHandler.java:157)
	at org.apache.hadoop.io.retry.RetryInvocationHandler$Call.invokeOnce(RetryInvocationHandler.java:95)
	at org.apache.hadoop.io.retry.RetryInvocationHandler.invoke(RetryInvocationHandler.java:359)
	at com.sun.proxy.$Proxy35.submitRequest(Unknown Source)
	at org.apache.hadoop.ozone.om.protocolPB.OzoneManagerProtocolClientSideTranslatorPB.submitRequest(OzoneManagerProtocolClientSideTranslatorPB.java:338)
	at org.apache.hadoop.ozone.om.protocolPB.OzoneManagerProtocolClientSideTranslatorPB.getServiceInfo(OzoneManagerProtocolClientSideTranslatorPB.java:1223)
	at sun.reflect.NativeMethodAccessorImpl.invoke0(Native Method)
	at sun.reflect.NativeMethodAccessorImpl.invoke(NativeMethodAccessorImpl.java:62)
	at sun.reflect.DelegatingMethodAccessorImpl.invoke(DelegatingMethodAccessorImpl.java:43)
	at java.lang.reflect.Method.invoke(Method.java:498)
	at org.apache.hadoop.hdds.tracing.TraceAllMethod.invoke(TraceAllMethod.java:66)
	at com.sun.proxy.$Proxy36.getServiceInfo(Unknown Source)
	at org.apache.hadoop.ozone.client.rpc.RpcClient.<init>(RpcClient.java:154)
	at org.apache.hadoop.ozone.client.OzoneClientFactory.getClientProtocol(OzoneClientFactory.java:256)
	at org.apache.hadoop.ozone.client.OzoneClientFactory.getClientProtocol(OzoneClientFactory.java:239)
	at org.apache.hadoop.ozone.client.OzoneClientFactory.getClient(OzoneClientFactory.java:75)
	at org.apache.hadoop.ozone.client.rpc.TestMultiBlockWritesWithDnFailures.startCluster(TestMultiBlockWritesWithDnFailures.java:96)
	at org.apache.hadoop.ozone.client.rpc.TestMultiBlockWritesWithDnFailures.testMultiBlockWritesWithDnFailures(TestMultiBlockWritesWithDnFailures.java:117)
	at sun.reflect.NativeMethodAccessorImpl.invoke0(Native Method)
	at sun.reflect.NativeMethodAccessorImpl.invoke(NativeMethodAccessorImpl.java:62)
	at sun.reflect.DelegatingMethodAccessorImpl.invoke(DelegatingMethodAccessorImpl.java:43)
	at java.lang.reflect.Method.invoke(Method.java:498)
	at org.junit.runners.model.FrameworkMethod$1.runReflectiveCall(FrameworkMethod.java:47)
	at org.junit.internal.runners.model.ReflectiveCallable.run(ReflectiveCallable.java:12)
	at org.junit.runners.model.FrameworkMethod.invokeExplosively(FrameworkMethod.java:44)
	at org.junit.internal.runners.statements.InvokeMethod.evaluate(InvokeMethod.java:17)
	at org.junit.internal.runners.statements.RunAfters.evaluate(RunAfters.java:27)
	at org.junit.runners.ParentRunner.runLeaf(ParentRunner.java:271)
	at org.junit.runners.BlockJUnit4ClassRunner.runChild(BlockJUnit4ClassRunner.java:70)
	at org.junit.runners.BlockJUnit4ClassRunner.runChild(BlockJUnit4ClassRunner.java:50)
	at org.junit.runners.ParentRunner$3.run(ParentRunner.java:238)
	at org.junit.runners.ParentRunner$1.schedule(ParentRunner.java:63)
	at org.junit.runners.ParentRunner.runChildren(ParentRunner.java:236)
	at org.junit.runners.ParentRunner.access$000(ParentRunner.java:53)
	at org.junit.runners.ParentRunner$2.evaluate(ParentRunner.java:229)
	at org.junit.runners.ParentRunner.run(ParentRunner.java:309)
	at org.apache.maven.surefire.junit4.JUnit4Provider.execute(JUnit4Provider.java:365)
	at org.apache.maven.surefire.junit4.JUnit4Provider.executeWithRerun(JUnit4Provider.java:273)
	at org.apache.maven.surefire.junit4.JUnit4Provider.executeTestSet(JUnit4Provider.java:238)
	at org.apache.maven.surefire.junit4.JUnit4Provider.invoke(JUnit4Provider.java:159)
	at org.apache.maven.surefire.booter.ForkedBooter.invokeProviderInSameClassLoader(ForkedBooter.java:384)
	at org.apache.maven.surefire.booter.ForkedBooter.runSuitesInProcess(ForkedBooter.java:345)
	at org.apache.maven.surefire.booter.ForkedBooter.execute(ForkedBooter.java:126)
	at org.apache.maven.surefire.booter.ForkedBooter.main(ForkedBooter.java:418)
Caused by: java.net.ConnectException: Connection refused
	at sun.nio.ch.SocketChannelImpl.checkConnect(Native Method)
	at sun.nio.ch.SocketChannelImpl.finishConnect(SocketChannelImpl.java:717)
	at org.apache.hadoop.net.SocketIOWithTimeout.connect(SocketIOWithTimeout.java:206)
	at org.apache.hadoop.net.NetUtils.connect(NetUtils.java:531)
	at org.apache.hadoop.ipc.Client$Connection.setupConnection(Client.java:690)
	at org.apache.hadoop.ipc.Client$Connection.setupIOstreams(Client.java:794)
	at org.apache.hadoop.ipc.Client$Connection.access$3700(Client.java:411)
	at org.apache.hadoop.ipc.Client.getConnection(Client.java:1572)
	at org.apache.hadoop.ipc.Client.call(Client.java:1403)
	... 53 more
2019-09-27 10:16:56,478 [main] INFO  ozone.MiniOzoneClusterImpl (MiniOzoneClusterImpl.java:shutdown(314)) - Shutting down the Mini Ozone Cluster
2019-09-27 10:16:56,479 [main] INFO  ozone.MiniOzoneClusterImpl (MiniOzoneClusterImpl.java:stop(330)) - Stopping the Mini Ozone Cluster
2019-09-27 10:16:56,479 [main] INFO  ozone.MiniOzoneClusterImpl (MiniOzoneClusterImpl.java:stopOM(400)) - Stopping the OzoneManager
2019-09-27 10:16:56,479 [main] INFO  ipc.Server (Server.java:stop(3082)) - Stopping server on 35074
2019-09-27 10:16:56,502 [IPC Server listener on 35074] INFO  ipc.Server (Server.java:run(1185)) - Stopping IPC Server listener on 35074
2019-09-27 10:16:56,505 [main] INFO  ratis.OzoneManagerDoubleBuffer (OzoneManagerDoubleBuffer.java:stop(248)) - Stopping OMDoubleBuffer flush thread
2019-09-27 10:16:56,505 [IPC Server Responder] INFO  ipc.Server (Server.java:run(1319)) - Stopping IPC Server Responder
2019-09-27 10:16:56,523 [OMDoubleBufferFlushThread] INFO  ratis.OzoneManagerDoubleBuffer (OzoneManagerDoubleBuffer.java:flushTransactions(191)) - OMDoubleBuffer flush thread OMDoubleBufferFlushThread is interrupted and will exit. OMDoubleBufferFlushThread
2019-09-27 10:16:56,524 [main] INFO  utils.BackgroundService (BackgroundService.java:shutdown(148)) - Shutting down service KeyDeletingService
2019-09-27 10:16:56,526 [main] INFO  handler.ContextHandler (ContextHandler.java:doStop(910)) - Stopped o.e.j.w.WebAppContext@365cdacf{/,null,UNAVAILABLE}{/ozoneManager}
2019-09-27 10:16:56,528 [main] INFO  server.AbstractConnector (AbstractConnector.java:doStop(318)) - Stopped ServerConnector@303c55fa{HTTP/1.1,[http/1.1]}{0.0.0.0:0}
2019-09-27 10:16:56,528 [main] INFO  handler.ContextHandler (ContextHandler.java:doStop(910)) - Stopped o.e.j.s.ServletContextHandler@30893e08{/static,file:///workdir/hadoop-ozone/integration-test/target/test-classes/webapps/static,UNAVAILABLE}
2019-09-27 10:16:56,529 [main] INFO  handler.ContextHandler (ContextHandler.java:doStop(910)) - Stopped o.e.j.s.ServletContextHandler@43b5021c{/logs,file:///workdir/hadoop-ozone/integration-test/target/log,UNAVAILABLE}
2019-09-27 10:16:56,534 [main] INFO  ozone.MiniOzoneClusterImpl (MiniOzoneClusterImpl.java:stopDatanodes(377)) - Stopping the HddsDatanodes
2019-09-27 10:16:56,980 [Datanode State Machine Thread - 0] INFO  statemachine.DatanodeStateMachine (DatanodeStateMachine.java:lambda$startDaemon$0(350)) - Ozone container server started.
2019-09-27 10:16:57,102 [Datanode State Machine Thread - 0] INFO  statemachine.DatanodeStateMachine (DatanodeStateMachine.java:lambda$startDaemon$0(350)) - Ozone container server started.
2019-09-27 10:17:01,539 [ForkJoinPool.commonPool-worker-0] INFO  ozoneimpl.OzoneContainer (OzoneContainer.java:stop(231)) - Attempting to stop container services.
2019-09-27 10:17:01,539 [main] INFO  ozoneimpl.OzoneContainer (OzoneContainer.java:stop(231)) - Attempting to stop container services.
2019-09-27 10:17:01,540 [ForkJoinPool.commonPool-worker-0] INFO  impl.RaftServerProxy (RaftServerProxy.java:lambda$close$4(314)) - 559a1e5d-7325-42b4-8015-f20f7c522db9: close
2019-09-27 10:17:01,541 [main] INFO  impl.RaftServerProxy (RaftServerProxy.java:lambda$close$4(314)) - b5608615-b136-4a3c-af34-60e80608899d: close
2019-09-27 10:17:01,541 [ForkJoinPool.commonPool-worker-0] INFO  impl.RaftServerImpl (RaftServerImpl.java:lambda$shutdown$3(251)) - 559a1e5d-7325-42b4-8015-f20f7c522db9@group-45C730F25823: shutdown
2019-09-27 10:17:01,541 [main] INFO  impl.RaftServerImpl (RaftServerImpl.java:lambda$shutdown$3(251)) - b5608615-b136-4a3c-af34-60e80608899d@group-C14A06BE7163: shutdown
2019-09-27 10:17:01,542 [ForkJoinPool.commonPool-worker-0] INFO  util.JmxRegister (JmxRegister.java:unregister(73)) - Successfully un-registered JMX Bean with object name Ratis:service=RaftServer,group=group-45C730F25823,id=559a1e5d-7325-42b4-8015-f20f7c522db9
2019-09-27 10:17:01,542 [main] INFO  util.JmxRegister (JmxRegister.java:unregister(73)) - Successfully un-registered JMX Bean with object name Ratis:service=RaftServer,group=group-C14A06BE7163,id=b5608615-b136-4a3c-af34-60e80608899d
2019-09-27 10:17:01,543 [ForkJoinPool.commonPool-worker-0] INFO  impl.RoleInfo (RoleInfo.java:shutdownLeaderState(104)) - 559a1e5d-7325-42b4-8015-f20f7c522db9: shutdown LeaderState
2019-09-27 10:17:01,543 [main] INFO  impl.RoleInfo (RoleInfo.java:shutdownLeaderState(104)) - b5608615-b136-4a3c-af34-60e80608899d: shutdown LeaderState
2019-09-27 10:17:01,543 [ForkJoinPool.commonPool-worker-0] INFO  impl.PendingRequests (PendingRequests.java:sendNotLeaderResponses(202)) - 559a1e5d-7325-42b4-8015-f20f7c522db9-PendingRequests: sendNotLeaderResponses
2019-09-27 10:17:01,544 [main] INFO  impl.PendingRequests (PendingRequests.java:sendNotLeaderResponses(202)) - b5608615-b136-4a3c-af34-60e80608899d-PendingRequests: sendNotLeaderResponses
2019-09-27 10:17:01,544 [ForkJoinPool.commonPool-worker-0] INFO  impl.StateMachineUpdater (StateMachineUpdater.java:stopAndJoin(125)) - 559a1e5d-7325-42b4-8015-f20f7c522db9@group-45C730F25823-StateMachineUpdater: set stopIndex = 0
2019-09-27 10:17:01,545 [main] INFO  impl.StateMachineUpdater (StateMachineUpdater.java:stopAndJoin(125)) - b5608615-b136-4a3c-af34-60e80608899d@group-C14A06BE7163-StateMachineUpdater: set stopIndex = 0
2019-09-27 10:17:01,545 [ForkJoinPool.commonPool-worker-0] INFO  impl.RaftServerImpl (ServerState.java:close(385)) - 559a1e5d-7325-42b4-8015-f20f7c522db9@group-45C730F25823: closes. applyIndex: 0
2019-09-27 10:17:01,546 [559a1e5d-7325-42b4-8015-f20f7c522db9@group-45C730F25823-SegmentedRaftLogWorker] INFO  segmented.SegmentedRaftLogWorker (SegmentedRaftLogWorker.java:run(313)) - 559a1e5d-7325-42b4-8015-f20f7c522db9@group-45C730F25823-SegmentedRaftLogWorker was interrupted, exiting. There are 0 tasks remaining in the queue.
2019-09-27 10:17:01,546 [main] INFO  impl.RaftServerImpl (ServerState.java:close(385)) - b5608615-b136-4a3c-af34-60e80608899d@group-C14A06BE7163: closes. applyIndex: 0
2019-09-27 10:17:01,549 [ForkJoinPool.commonPool-worker-0] INFO  segmented.SegmentedRaftLogWorker (SegmentedRaftLogWorker.java:close(228)) - 559a1e5d-7325-42b4-8015-f20f7c522db9@group-45C730F25823-SegmentedRaftLogWorker close()
2019-09-27 10:17:01,549 [b5608615-b136-4a3c-af34-60e80608899d@group-C14A06BE7163-SegmentedRaftLogWorker] INFO  segmented.SegmentedRaftLogWorker (SegmentedRaftLogWorker.java:run(313)) - b5608615-b136-4a3c-af34-60e80608899d@group-C14A06BE7163-SegmentedRaftLogWorker was interrupted, exiting. There are 0 tasks remaining in the queue.
2019-09-27 10:17:01,565 [ForkJoinPool.commonPool-worker-0] INFO  impl.RaftServerImpl (RaftServerImpl.java:lambda$shutdown$3(251)) - 559a1e5d-7325-42b4-8015-f20f7c522db9@group-41F21C1632F2: shutdown
2019-09-27 10:17:01,567 [main] INFO  segmented.SegmentedRaftLogWorker (SegmentedRaftLogWorker.java:close(228)) - b5608615-b136-4a3c-af34-60e80608899d@group-C14A06BE7163-SegmentedRaftLogWorker close()
2019-09-27 10:17:01,567 [ForkJoinPool.commonPool-worker-0] INFO  util.JmxRegister (JmxRegister.java:unregister(73)) - Successfully un-registered JMX Bean with object name Ratis:service=RaftServer,group=group-41F21C1632F2,id=559a1e5d-7325-42b4-8015-f20f7c522db9
2019-09-27 10:17:01,570 [main] INFO  impl.RaftServerImpl (RaftServerImpl.java:lambda$shutdown$3(251)) - b5608615-b136-4a3c-af34-60e80608899d@group-41F21C1632F2: shutdown
2019-09-27 10:17:01,570 [ForkJoinPool.commonPool-worker-0] INFO  impl.RoleInfo (RoleInfo.java:shutdownFollowerState(121)) - 559a1e5d-7325-42b4-8015-f20f7c522db9: shutdown FollowerState
2019-09-27 10:17:01,571 [main] INFO  util.JmxRegister (JmxRegister.java:unregister(73)) - Successfully un-registered JMX Bean with object name Ratis:service=RaftServer,group=group-41F21C1632F2,id=b5608615-b136-4a3c-af34-60e80608899d
2019-09-27 10:17:01,572 [main] INFO  impl.RoleInfo (RoleInfo.java:shutdownLeaderState(104)) - b5608615-b136-4a3c-af34-60e80608899d: shutdown LeaderState
2019-09-27 10:17:01,571 [ForkJoinPool.commonPool-worker-0] INFO  impl.StateMachineUpdater (StateMachineUpdater.java:stopAndJoin(125)) - 559a1e5d-7325-42b4-8015-f20f7c522db9@group-41F21C1632F2-StateMachineUpdater: set stopIndex = 0
2019-09-27 10:17:01,576 [org.apache.ratis.server.impl.LogAppender$AppenderDaemon$$Lambda$410/2081295318@4070b94b] WARN  server.GrpcLogAppender (GrpcLogAppender.java:mayWait(143)) - b5608615-b136-4a3c-af34-60e80608899d@group-41F21C1632F2->559a1e5d-7325-42b4-8015-f20f7c522db9-GrpcLogAppender: Wait interrupted by java.lang.InterruptedException
2019-09-27 10:17:01,576 [org.apache.ratis.server.impl.LogAppender$AppenderDaemon$$Lambda$410/2081295318@778b14e6] WARN  server.GrpcLogAppender (GrpcLogAppender.java:mayWait(143)) - b5608615-b136-4a3c-af34-60e80608899d@group-41F21C1632F2->8daad421-2b8c-43d7-86bc-2a9f0604b7fd-GrpcLogAppender: Wait interrupted by java.lang.InterruptedException
2019-09-27 10:17:01,576 [main] INFO  impl.PendingRequests (PendingRequests.java:sendNotLeaderResponses(202)) - b5608615-b136-4a3c-af34-60e80608899d-PendingRequests: sendNotLeaderResponses
2019-09-27 10:17:01,572 [Thread-2197] INFO  impl.FollowerState (FollowerState.java:run(115)) - 559a1e5d-7325-42b4-8015-f20f7c522db9: FollowerState was interrupted: java.lang.InterruptedException: sleep interrupted
2019-09-27 10:17:01,577 [main] INFO  impl.StateMachineUpdater (StateMachineUpdater.java:stopAndJoin(125)) - b5608615-b136-4a3c-af34-60e80608899d@group-41F21C1632F2-StateMachineUpdater: set stopIndex = 0
2019-09-27 10:17:01,576 [ForkJoinPool.commonPool-worker-0] INFO  impl.RaftServerImpl (ServerState.java:close(385)) - 559a1e5d-7325-42b4-8015-f20f7c522db9@group-41F21C1632F2: closes. applyIndex: 0
2019-09-27 10:17:01,580 [grpc-default-executor-2] INFO  server.GrpcServerProtocolService (GrpcServerProtocolService.java:onCompleted(113)) - 559a1e5d-7325-42b4-8015-f20f7c522db9: Completed APPEND_ENTRIES, lastRequest: b5608615-b136-4a3c-af34-60e80608899d->559a1e5d-7325-42b4-8015-f20f7c522db9#229-t1, previous=(t:1, i:0), leaderCommit=0, initializing? false, entries: <empty>
2019-09-27 10:17:01,581 [559a1e5d-7325-42b4-8015-f20f7c522db9@group-41F21C1632F2-SegmentedRaftLogWorker] INFO  segmented.SegmentedRaftLogWorker (SegmentedRaftLogWorker.java:run(313)) - 559a1e5d-7325-42b4-8015-f20f7c522db9@group-41F21C1632F2-SegmentedRaftLogWorker was interrupted, exiting. There are 0 tasks remaining in the queue.
2019-09-27 10:17:01,580 [grpc-default-executor-4] INFO  server.GrpcServerProtocolService (GrpcServerProtocolService.java:onCompleted(113)) - 8daad421-2b8c-43d7-86bc-2a9f0604b7fd: Completed APPEND_ENTRIES, lastRequest: b5608615-b136-4a3c-af34-60e80608899d->8daad421-2b8c-43d7-86bc-2a9f0604b7fd#229-t1, previous=(t:1, i:0), leaderCommit=0, initializing? false, entries: <empty>
2019-09-27 10:17:01,580 [main] INFO  impl.RaftServerImpl (ServerState.java:close(385)) - b5608615-b136-4a3c-af34-60e80608899d@group-41F21C1632F2: closes. applyIndex: 0
2019-09-27 10:17:01,583 [ForkJoinPool.commonPool-worker-0] INFO  segmented.SegmentedRaftLogWorker (SegmentedRaftLogWorker.java:close(228)) - 559a1e5d-7325-42b4-8015-f20f7c522db9@group-41F21C1632F2-SegmentedRaftLogWorker close()
2019-09-27 10:17:01,584 [b5608615-b136-4a3c-af34-60e80608899d@group-41F21C1632F2-SegmentedRaftLogWorker] INFO  segmented.SegmentedRaftLogWorker (SegmentedRaftLogWorker.java:run(313)) - b5608615-b136-4a3c-af34-60e80608899d@group-41F21C1632F2-SegmentedRaftLogWorker was interrupted, exiting. There are 0 tasks remaining in the queue.
2019-09-27 10:17:01,587 [grpc-default-executor-4] INFO  server.GrpcLogAppender (GrpcLogAppender.java:onCompleted(293)) - b5608615-b136-4a3c-af34-60e80608899d@group-41F21C1632F2->559a1e5d-7325-42b4-8015-f20f7c522db9-AppendLogResponseHandler: follower responses appendEntries COMPLETED
2019-09-27 10:17:01,589 [grpc-default-executor-2] INFO  server.GrpcLogAppender (GrpcLogAppender.java:onCompleted(293)) - b5608615-b136-4a3c-af34-60e80608899d@group-41F21C1632F2->8daad421-2b8c-43d7-86bc-2a9f0604b7fd-AppendLogResponseHandler: follower responses appendEntries COMPLETED
2019-09-27 10:17:01,589 [ForkJoinPool.commonPool-worker-0] INFO  server.GrpcService (GrpcService.java:closeImpl(164)) - 559a1e5d-7325-42b4-8015-f20f7c522db9: shutdown server with port 39572 now
2019-09-27 10:17:01,589 [main] INFO  segmented.SegmentedRaftLogWorker (SegmentedRaftLogWorker.java:close(228)) - b5608615-b136-4a3c-af34-60e80608899d@group-41F21C1632F2-SegmentedRaftLogWorker close()
2019-09-27 10:17:01,590 [grpc-default-executor-4] INFO  impl.FollowerInfo (FollowerInfo.java:lambda$new$0(51)) - b5608615-b136-4a3c-af34-60e80608899d@group-41F21C1632F2->559a1e5d-7325-42b4-8015-f20f7c522db9: nextIndex: updateUnconditionally 1 -> 0
2019-09-27 10:17:01,592 [grpc-default-executor-2] INFO  impl.FollowerInfo (FollowerInfo.java:lambda$new$0(51)) - b5608615-b136-4a3c-af34-60e80608899d@group-41F21C1632F2->8daad421-2b8c-43d7-86bc-2a9f0604b7fd: nextIndex: updateUnconditionally 1 -> 0
2019-09-27 10:17:01,592 [main] INFO  server.GrpcService (GrpcService.java:closeImpl(164)) - b5608615-b136-4a3c-af34-60e80608899d: shutdown server with port 38736 now
2019-09-27 10:17:01,593 [ForkJoinPool.commonPool-worker-0] INFO  server.GrpcService (GrpcService.java:closeImpl(172)) - 559a1e5d-7325-42b4-8015-f20f7c522db9: shutdown server with port 39572 successfully
2019-09-27 10:17:01,594 [main] INFO  server.GrpcService (GrpcService.java:closeImpl(172)) - b5608615-b136-4a3c-af34-60e80608899d: shutdown server with port 38736 successfully
2019-09-27 10:17:01,598 [refreshUsed-/workdir/hadoop-ozone/integration-test/target/test-dir/MiniOzoneClusterImpl-bf7d7b01-9820-4bf2-ac73-317d86ffef37/datanode-1/data/containers] WARN  fs.CachingGetSpaceUsed (CachingGetSpaceUsed.java:run(183)) - Thread Interrupted waiting to refresh disk information: sleep interrupted
2019-09-27 10:17:01,601 [refreshUsed-/workdir/hadoop-ozone/integration-test/target/test-dir/MiniOzoneClusterImpl-bf7d7b01-9820-4bf2-ac73-317d86ffef37/datanode-3/data/containers] WARN  fs.CachingGetSpaceUsed (CachingGetSpaceUsed.java:run(183)) - Thread Interrupted waiting to refresh disk information: sleep interrupted
2019-09-27 10:17:01,623 [main] INFO  utils.BackgroundService (BackgroundService.java:shutdown(148)) - Shutting down service BlockDeletingService
2019-09-27 10:17:01,623 [ForkJoinPool.commonPool-worker-0] INFO  utils.BackgroundService (BackgroundService.java:shutdown(148)) - Shutting down service BlockDeletingService
2019-09-27 10:17:01,629 [ForkJoinPool.commonPool-worker-0] INFO  statemachine.DatanodeStateMachine (DatanodeStateMachine.java:stopDaemon(395)) - Ozone container server stopped.
2019-09-27 10:17:01,630 [main] INFO  statemachine.DatanodeStateMachine (DatanodeStateMachine.java:stopDaemon(395)) - Ozone container server stopped.
2019-09-27 10:17:01,636 [ForkJoinPool.commonPool-worker-0] INFO  handler.ContextHandler (ContextHandler.java:doStop(910)) - Stopped o.e.j.w.WebAppContext@712c5463{/,null,UNAVAILABLE}{/hddsDatanode}
2019-09-27 10:17:01,636 [main] INFO  handler.ContextHandler (ContextHandler.java:doStop(910)) - Stopped o.e.j.w.WebAppContext@20eaeaf8{/,null,UNAVAILABLE}{/hddsDatanode}
2019-09-27 10:17:01,637 [ForkJoinPool.commonPool-worker-0] INFO  server.AbstractConnector (AbstractConnector.java:doStop(318)) - Stopped ServerConnector@6d33a66e{HTTP/1.1,[http/1.1]}{0.0.0.0:0}
2019-09-27 10:17:01,638 [main] INFO  server.AbstractConnector (AbstractConnector.java:doStop(318)) - Stopped ServerConnector@748ac6f3{HTTP/1.1,[http/1.1]}{0.0.0.0:0}
2019-09-27 10:17:01,639 [ForkJoinPool.commonPool-worker-0] INFO  handler.ContextHandler (ContextHandler.java:doStop(910)) - Stopped o.e.j.s.ServletContextHandler@3625a016{/static,jar:file:/home/user/.m2/repository/org/apache/hadoop/hadoop-hdds-container-service/0.5.0-SNAPSHOT/hadoop-hdds-container-service-0.5.0-SNAPSHOT.jar!/webapps/static,UNAVAILABLE}
2019-09-27 10:17:01,639 [main] INFO  handler.ContextHandler (ContextHandler.java:doStop(910)) - Stopped o.e.j.s.ServletContextHandler@1c3259fa{/static,jar:file:/home/user/.m2/repository/org/apache/hadoop/hadoop-hdds-container-service/0.5.0-SNAPSHOT/hadoop-hdds-container-service-0.5.0-SNAPSHOT.jar!/webapps/static,UNAVAILABLE}
2019-09-27 10:17:01,641 [ForkJoinPool.commonPool-worker-0] INFO  handler.ContextHandler (ContextHandler.java:doStop(910)) - Stopped o.e.j.s.ServletContextHandler@7e83992{/logs,file:///workdir/hadoop-ozone/integration-test/target/log,UNAVAILABLE}
2019-09-27 10:17:01,641 [main] INFO  handler.ContextHandler (ContextHandler.java:doStop(910)) - Stopped o.e.j.s.ServletContextHandler@5e99b9c{/logs,file:///workdir/hadoop-ozone/integration-test/target/log,UNAVAILABLE}
2019-09-27 10:17:02,042 [Datanode State Machine Thread - 0] INFO  statemachine.DatanodeStateMachine (DatanodeStateMachine.java:lambda$startDaemon$0(350)) - Ozone container server started.
2019-09-27 10:17:02,246 [Datanode State Machine Thread - 0] INFO  statemachine.DatanodeStateMachine (DatanodeStateMachine.java:lambda$startDaemon$0(350)) - Ozone container server started.
2019-09-27 10:17:02,879 [Thread-2198] INFO  impl.FollowerState (FollowerState.java:run(106)) - 8daad421-2b8c-43d7-86bc-2a9f0604b7fd:group-41F21C1632F2 changes to CANDIDATE, lastRpcTime:1555, electionTimeout:1168ms
2019-09-27 10:17:02,879 [Thread-2198] INFO  impl.RoleInfo (RoleInfo.java:shutdownFollowerState(121)) - 8daad421-2b8c-43d7-86bc-2a9f0604b7fd: shutdown FollowerState
2019-09-27 10:17:02,880 [Thread-2198] INFO  impl.RaftServerImpl (RaftServerImpl.java:setRole(174)) - 8daad421-2b8c-43d7-86bc-2a9f0604b7fd@group-41F21C1632F2: changes role from  FOLLOWER to CANDIDATE at term 1 for changeToCandidate
2019-09-27 10:17:02,880 [Thread-2198] INFO  impl.RoleInfo (RoleInfo.java:updateAndGet(143)) - 8daad421-2b8c-43d7-86bc-2a9f0604b7fd: start LeaderElection
2019-09-27 10:17:02,883 [8daad421-2b8c-43d7-86bc-2a9f0604b7fd@group-41F21C1632F2:LeaderElection40] INFO  impl.RaftServerImpl (ServerState.java:setLeader(253)) - 8daad421-2b8c-43d7-86bc-2a9f0604b7fd@group-41F21C1632F2: change Leader from b5608615-b136-4a3c-af34-60e80608899d to null at term 1 for initElection
2019-09-27 10:17:02,900 [8daad421-2b8c-43d7-86bc-2a9f0604b7fd@group-41F21C1632F2:LeaderElection40] INFO  impl.LeaderElection (LeaderElection.java:askForVotes(182)) - 8daad421-2b8c-43d7-86bc-2a9f0604b7fd@group-41F21C1632F2:LeaderElection40: begin an election at term 2 for 0: [8daad421-2b8c-43d7-86bc-2a9f0604b7fd:192.168.151.103:38707, b5608615-b136-4a3c-af34-60e80608899d:192.168.151.103:38736, 559a1e5d-7325-42b4-8015-f20f7c522db9:192.168.151.103:39572], old=null
2019-09-27 10:17:02,906 [8daad421-2b8c-43d7-86bc-2a9f0604b7fd@group-41F21C1632F2:LeaderElection40] INFO  impl.LeaderElection (LogUtils.java:infoOrTrace(149)) - 8daad421-2b8c-43d7-86bc-2a9f0604b7fd@group-41F21C1632F2:LeaderElection40 got exception when requesting votes: {}
java.util.concurrent.ExecutionException: org.apache.ratis.thirdparty.io.grpc.StatusRuntimeException: UNAVAILABLE: io exception
	at java.util.concurrent.FutureTask.report(FutureTask.java:122)
	at java.util.concurrent.FutureTask.get(FutureTask.java:192)
	at org.apache.ratis.server.impl.LeaderElection.waitForResults(LeaderElection.java:263)
	at org.apache.ratis.server.impl.LeaderElection.askForVotes(LeaderElection.java:201)
	at org.apache.ratis.server.impl.LeaderElection.run(LeaderElection.java:133)
	at java.lang.Thread.run(Thread.java:748)
Caused by: org.apache.ratis.thirdparty.io.grpc.StatusRuntimeException: UNAVAILABLE: io exception
	at org.apache.ratis.thirdparty.io.grpc.stub.ClientCalls.toStatusRuntimeException(ClientCalls.java:233)
	at org.apache.ratis.thirdparty.io.grpc.stub.ClientCalls.getUnchecked(ClientCalls.java:214)
	at org.apache.ratis.thirdparty.io.grpc.stub.ClientCalls.blockingUnaryCall(ClientCalls.java:139)
	at org.apache.ratis.proto.grpc.RaftServerProtocolServiceGrpc$RaftServerProtocolServiceBlockingStub.requestVote(RaftServerProtocolServiceGrpc.java:265)
	at org.apache.ratis.grpc.server.GrpcServerProtocolClient.requestVote(GrpcServerProtocolClient.java:90)
	at org.apache.ratis.grpc.server.GrpcService.requestVote(GrpcService.java:204)
	at org.apache.ratis.server.impl.LeaderElection.lambda$submitRequests$1(LeaderElection.java:238)
	at java.util.concurrent.FutureTask.run(FutureTask.java:266)
	at java.util.concurrent.Executors$RunnableAdapter.call(Executors.java:511)
	at java.util.concurrent.FutureTask.run(FutureTask.java:266)
	at java.util.concurrent.ThreadPoolExecutor.runWorker(ThreadPoolExecutor.java:1149)
	at java.util.concurrent.ThreadPoolExecutor$Worker.run(ThreadPoolExecutor.java:624)
	... 1 more
Caused by: org.apache.ratis.thirdparty.io.netty.channel.AbstractChannel$AnnotatedConnectException: Connection refused: /192.168.151.103:39572
	at sun.nio.ch.SocketChannelImpl.checkConnect(Native Method)
	at sun.nio.ch.SocketChannelImpl.finishConnect(SocketChannelImpl.java:717)
	at org.apache.ratis.thirdparty.io.netty.channel.socket.nio.NioSocketChannel.doFinishConnect(NioSocketChannel.java:327)
	at org.apache.ratis.thirdparty.io.netty.channel.nio.AbstractNioChannel$AbstractNioUnsafe.finishConnect(AbstractNioChannel.java:340)
	at org.apache.ratis.thirdparty.io.netty.channel.nio.NioEventLoop.processSelectedKey(NioEventLoop.java:632)
	at org.apache.ratis.thirdparty.io.netty.channel.nio.NioEventLoop.processSelectedKeysOptimized(NioEventLoop.java:579)
	at org.apache.ratis.thirdparty.io.netty.channel.nio.NioEventLoop.processSelectedKeys(NioEventLoop.java:496)
	at org.apache.ratis.thirdparty.io.netty.channel.nio.NioEventLoop.run(NioEventLoop.java:458)
	at org.apache.ratis.thirdparty.io.netty.util.concurrent.SingleThreadEventExecutor$5.run(SingleThreadEventExecutor.java:897)
	at org.apache.ratis.thirdparty.io.netty.util.concurrent.FastThreadLocalRunnable.run(FastThreadLocalRunnable.java:30)
	... 1 more
Caused by: java.net.ConnectException: Connection refused
	... 11 more
2019-09-27 10:17:02,908 [8daad421-2b8c-43d7-86bc-2a9f0604b7fd@group-41F21C1632F2:LeaderElection40] INFO  impl.LeaderElection (LogUtils.java:infoOrTrace(149)) - 8daad421-2b8c-43d7-86bc-2a9f0604b7fd@group-41F21C1632F2:LeaderElection40 got exception when requesting votes: {}
java.util.concurrent.ExecutionException: org.apache.ratis.thirdparty.io.grpc.StatusRuntimeException: UNAVAILABLE: io exception
	at java.util.concurrent.FutureTask.report(FutureTask.java:122)
	at java.util.concurrent.FutureTask.get(FutureTask.java:192)
	at org.apache.ratis.server.impl.LeaderElection.waitForResults(LeaderElection.java:263)
	at org.apache.ratis.server.impl.LeaderElection.askForVotes(LeaderElection.java:201)
	at org.apache.ratis.server.impl.LeaderElection.run(LeaderElection.java:133)
	at java.lang.Thread.run(Thread.java:748)
Caused by: org.apache.ratis.thirdparty.io.grpc.StatusRuntimeException: UNAVAILABLE: io exception
	at org.apache.ratis.thirdparty.io.grpc.stub.ClientCalls.toStatusRuntimeException(ClientCalls.java:233)
	at org.apache.ratis.thirdparty.io.grpc.stub.ClientCalls.getUnchecked(ClientCalls.java:214)
	at org.apache.ratis.thirdparty.io.grpc.stub.ClientCalls.blockingUnaryCall(ClientCalls.java:139)
	at org.apache.ratis.proto.grpc.RaftServerProtocolServiceGrpc$RaftServerProtocolServiceBlockingStub.requestVote(RaftServerProtocolServiceGrpc.java:265)
	at org.apache.ratis.grpc.server.GrpcServerProtocolClient.requestVote(GrpcServerProtocolClient.java:90)
	at org.apache.ratis.grpc.server.GrpcService.requestVote(GrpcService.java:204)
	at org.apache.ratis.server.impl.LeaderElection.lambda$submitRequests$1(LeaderElection.java:238)
	at java.util.concurrent.FutureTask.run(FutureTask.java:266)
	at java.util.concurrent.Executors$RunnableAdapter.call(Executors.java:511)
	at java.util.concurrent.FutureTask.run(FutureTask.java:266)
	at java.util.concurrent.ThreadPoolExecutor.runWorker(ThreadPoolExecutor.java:1149)
	at java.util.concurrent.ThreadPoolExecutor$Worker.run(ThreadPoolExecutor.java:624)
	... 1 more
Caused by: org.apache.ratis.thirdparty.io.netty.channel.AbstractChannel$AnnotatedConnectException: Connection refused: /192.168.151.103:38736
	at sun.nio.ch.SocketChannelImpl.checkConnect(Native Method)
	at sun.nio.ch.SocketChannelImpl.finishConnect(SocketChannelImpl.java:717)
	at org.apache.ratis.thirdparty.io.netty.channel.socket.nio.NioSocketChannel.doFinishConnect(NioSocketChannel.java:327)
	at org.apache.ratis.thirdparty.io.netty.channel.nio.AbstractNioChannel$AbstractNioUnsafe.finishConnect(AbstractNioChannel.java:340)
	at org.apache.ratis.thirdparty.io.netty.channel.nio.NioEventLoop.processSelectedKey(NioEventLoop.java:632)
	at org.apache.ratis.thirdparty.io.netty.channel.nio.NioEventLoop.processSelectedKeysOptimized(NioEventLoop.java:579)
	at org.apache.ratis.thirdparty.io.netty.channel.nio.NioEventLoop.processSelectedKeys(NioEventLoop.java:496)
	at org.apache.ratis.thirdparty.io.netty.channel.nio.NioEventLoop.run(NioEventLoop.java:458)
	at org.apache.ratis.thirdparty.io.netty.util.concurrent.SingleThreadEventExecutor$5.run(SingleThreadEventExecutor.java:897)
	at org.apache.ratis.thirdparty.io.netty.util.concurrent.FastThreadLocalRunnable.run(FastThreadLocalRunnable.java:30)
	... 1 more
Caused by: java.net.ConnectException: Connection refused
	... 11 more
2019-09-27 10:17:02,911 [8daad421-2b8c-43d7-86bc-2a9f0604b7fd@group-41F21C1632F2:LeaderElection40] INFO  impl.LeaderElection (LeaderElection.java:logAndReturn(56)) - 8daad421-2b8c-43d7-86bc-2a9f0604b7fd@group-41F21C1632F2:LeaderElection40: Election REJECTED; received 0 response(s) [] and 2 exception(s); 8daad421-2b8c-43d7-86bc-2a9f0604b7fd@group-41F21C1632F2:t2, leader=null, voted=8daad421-2b8c-43d7-86bc-2a9f0604b7fd, raftlog=8daad421-2b8c-43d7-86bc-2a9f0604b7fd@group-41F21C1632F2-SegmentedRaftLog:OPENED:c0,f0,i0, conf=0: [8daad421-2b8c-43d7-86bc-2a9f0604b7fd:192.168.151.103:38707, b5608615-b136-4a3c-af34-60e80608899d:192.168.151.103:38736, 559a1e5d-7325-42b4-8015-f20f7c522db9:192.168.151.103:39572], old=null
2019-09-27 10:17:02,911 [8daad421-2b8c-43d7-86bc-2a9f0604b7fd@group-41F21C1632F2:LeaderElection40] INFO  impl.LeaderElection (LogUtils.java:infoOrTrace(149)) -   Exception 0: {}
java.util.concurrent.ExecutionException: org.apache.ratis.thirdparty.io.grpc.StatusRuntimeException: UNAVAILABLE: io exception
	at java.util.concurrent.FutureTask.report(FutureTask.java:122)
	at java.util.concurrent.FutureTask.get(FutureTask.java:192)
	at org.apache.ratis.server.impl.LeaderElection.waitForResults(LeaderElection.java:263)
	at org.apache.ratis.server.impl.LeaderElection.askForVotes(LeaderElection.java:201)
	at org.apache.ratis.server.impl.LeaderElection.run(LeaderElection.java:133)
	at java.lang.Thread.run(Thread.java:748)
Caused by: org.apache.ratis.thirdparty.io.grpc.StatusRuntimeException: UNAVAILABLE: io exception
	at org.apache.ratis.thirdparty.io.grpc.stub.ClientCalls.toStatusRuntimeException(ClientCalls.java:233)
	at org.apache.ratis.thirdparty.io.grpc.stub.ClientCalls.getUnchecked(ClientCalls.java:214)
	at org.apache.ratis.thirdparty.io.grpc.stub.ClientCalls.blockingUnaryCall(ClientCalls.java:139)
	at org.apache.ratis.proto.grpc.RaftServerProtocolServiceGrpc$RaftServerProtocolServiceBlockingStub.requestVote(RaftServerProtocolServiceGrpc.java:265)
	at org.apache.ratis.grpc.server.GrpcServerProtocolClient.requestVote(GrpcServerProtocolClient.java:90)
	at org.apache.ratis.grpc.server.GrpcService.requestVote(GrpcService.java:204)
	at org.apache.ratis.server.impl.LeaderElection.lambda$submitRequests$1(LeaderElection.java:238)
	at java.util.concurrent.FutureTask.run(FutureTask.java:266)
	at java.util.concurrent.Executors$RunnableAdapter.call(Executors.java:511)
	at java.util.concurrent.FutureTask.run(FutureTask.java:266)
	at java.util.concurrent.ThreadPoolExecutor.runWorker(ThreadPoolExecutor.java:1149)
	at java.util.concurrent.ThreadPoolExecutor$Worker.run(ThreadPoolExecutor.java:624)
	... 1 more
Caused by: org.apache.ratis.thirdparty.io.netty.channel.AbstractChannel$AnnotatedConnectException: Connection refused: /192.168.151.103:39572
	at sun.nio.ch.SocketChannelImpl.checkConnect(Native Method)
	at sun.nio.ch.SocketChannelImpl.finishConnect(SocketChannelImpl.java:717)
	at org.apache.ratis.thirdparty.io.netty.channel.socket.nio.NioSocketChannel.doFinishConnect(NioSocketChannel.java:327)
	at org.apache.ratis.thirdparty.io.netty.channel.nio.AbstractNioChannel$AbstractNioUnsafe.finishConnect(AbstractNioChannel.java:340)
	at org.apache.ratis.thirdparty.io.netty.channel.nio.NioEventLoop.processSelectedKey(NioEventLoop.java:632)
	at org.apache.ratis.thirdparty.io.netty.channel.nio.NioEventLoop.processSelectedKeysOptimized(NioEventLoop.java:579)
	at org.apache.ratis.thirdparty.io.netty.channel.nio.NioEventLoop.processSelectedKeys(NioEventLoop.java:496)
	at org.apache.ratis.thirdparty.io.netty.channel.nio.NioEventLoop.run(NioEventLoop.java:458)
	at org.apache.ratis.thirdparty.io.netty.util.concurrent.SingleThreadEventExecutor$5.run(SingleThreadEventExecutor.java:897)
	at org.apache.ratis.thirdparty.io.netty.util.concurrent.FastThreadLocalRunnable.run(FastThreadLocalRunnable.java:30)
	... 1 more
Caused by: java.net.ConnectException: Connection refused
	... 11 more
2019-09-27 10:17:02,911 [8daad421-2b8c-43d7-86bc-2a9f0604b7fd@group-41F21C1632F2:LeaderElection40] INFO  impl.LeaderElection (LogUtils.java:infoOrTrace(149)) -   Exception 1: {}
java.util.concurrent.ExecutionException: org.apache.ratis.thirdparty.io.grpc.StatusRuntimeException: UNAVAILABLE: io exception
	at java.util.concurrent.FutureTask.report(FutureTask.java:122)
	at java.util.concurrent.FutureTask.get(FutureTask.java:192)
	at org.apache.ratis.server.impl.LeaderElection.waitForResults(LeaderElection.java:263)
	at org.apache.ratis.server.impl.LeaderElection.askForVotes(LeaderElection.java:201)
	at org.apache.ratis.server.impl.LeaderElection.run(LeaderElection.java:133)
	at java.lang.Thread.run(Thread.java:748)
Caused by: org.apache.ratis.thirdparty.io.grpc.StatusRuntimeException: UNAVAILABLE: io exception
	at org.apache.ratis.thirdparty.io.grpc.stub.ClientCalls.toStatusRuntimeException(ClientCalls.java:233)
	at org.apache.ratis.thirdparty.io.grpc.stub.ClientCalls.getUnchecked(ClientCalls.java:214)
	at org.apache.ratis.thirdparty.io.grpc.stub.ClientCalls.blockingUnaryCall(ClientCalls.java:139)
	at org.apache.ratis.proto.grpc.RaftServerProtocolServiceGrpc$RaftServerProtocolServiceBlockingStub.requestVote(RaftServerProtocolServiceGrpc.java:265)
	at org.apache.ratis.grpc.server.GrpcServerProtocolClient.requestVote(GrpcServerProtocolClient.java:90)
	at org.apache.ratis.grpc.server.GrpcService.requestVote(GrpcService.java:204)
	at org.apache.ratis.server.impl.LeaderElection.lambda$submitRequests$1(LeaderElection.java:238)
	at java.util.concurrent.FutureTask.run(FutureTask.java:266)
	at java.util.concurrent.Executors$RunnableAdapter.call(Executors.java:511)
	at java.util.concurrent.FutureTask.run(FutureTask.java:266)
	at java.util.concurrent.ThreadPoolExecutor.runWorker(ThreadPoolExecutor.java:1149)
	at java.util.concurrent.ThreadPoolExecutor$Worker.run(ThreadPoolExecutor.java:624)
	... 1 more
Caused by: org.apache.ratis.thirdparty.io.netty.channel.AbstractChannel$AnnotatedConnectException: Connection refused: /192.168.151.103:38736
	at sun.nio.ch.SocketChannelImpl.checkConnect(Native Method)
	at sun.nio.ch.SocketChannelImpl.finishConnect(SocketChannelImpl.java:717)
	at org.apache.ratis.thirdparty.io.netty.channel.socket.nio.NioSocketChannel.doFinishConnect(NioSocketChannel.java:327)
	at org.apache.ratis.thirdparty.io.netty.channel.nio.AbstractNioChannel$AbstractNioUnsafe.finishConnect(AbstractNioChannel.java:340)
	at org.apache.ratis.thirdparty.io.netty.channel.nio.NioEventLoop.processSelectedKey(NioEventLoop.java:632)
	at org.apache.ratis.thirdparty.io.netty.channel.nio.NioEventLoop.processSelectedKeysOptimized(NioEventLoop.java:579)
	at org.apache.ratis.thirdparty.io.netty.channel.nio.NioEventLoop.processSelectedKeys(NioEventLoop.java:496)
	at org.apache.ratis.thirdparty.io.netty.channel.nio.NioEventLoop.run(NioEventLoop.java:458)
	at org.apache.ratis.thirdparty.io.netty.util.concurrent.SingleThreadEventExecutor$5.run(SingleThreadEventExecutor.java:897)
	at org.apache.ratis.thirdparty.io.netty.util.concurrent.FastThreadLocalRunnable.run(FastThreadLocalRunnable.java:30)
	... 1 more
Caused by: java.net.ConnectException: Connection refused
	... 11 more
2019-09-27 10:17:02,912 [8daad421-2b8c-43d7-86bc-2a9f0604b7fd@group-41F21C1632F2:LeaderElection40] INFO  impl.RaftServerImpl (RaftServerImpl.java:setRole(174)) - 8daad421-2b8c-43d7-86bc-2a9f0604b7fd@group-41F21C1632F2: changes role from CANDIDATE to FOLLOWER at term 2 for DISCOVERED_A_NEW_TERM
2019-09-27 10:17:02,912 [8daad421-2b8c-43d7-86bc-2a9f0604b7fd@group-41F21C1632F2:LeaderElection40] INFO  impl.RoleInfo (RoleInfo.java:shutdownLeaderElection(134)) - 8daad421-2b8c-43d7-86bc-2a9f0604b7fd: shutdown LeaderElection
2019-09-27 10:17:02,912 [8daad421-2b8c-43d7-86bc-2a9f0604b7fd@group-41F21C1632F2:LeaderElection40] INFO  impl.RoleInfo (RoleInfo.java:updateAndGet(143)) - 8daad421-2b8c-43d7-86bc-2a9f0604b7fd: start FollowerState
2019-09-27 10:17:03,965 [Thread-3156] INFO  impl.FollowerState (FollowerState.java:run(106)) - 8daad421-2b8c-43d7-86bc-2a9f0604b7fd:group-41F21C1632F2 changes to CANDIDATE, lastRpcTime:1052, electionTimeout:1052ms
2019-09-27 10:17:03,967 [Thread-3156] INFO  impl.RoleInfo (RoleInfo.java:shutdownFollowerState(121)) - 8daad421-2b8c-43d7-86bc-2a9f0604b7fd: shutdown FollowerState
2019-09-27 10:17:03,968 [Thread-3156] INFO  impl.RaftServerImpl (RaftServerImpl.java:setRole(174)) - 8daad421-2b8c-43d7-86bc-2a9f0604b7fd@group-41F21C1632F2: changes role from  FOLLOWER to CANDIDATE at term 2 for changeToCandidate
2019-09-27 10:17:03,968 [Thread-3156] INFO  impl.RoleInfo (RoleInfo.java:updateAndGet(143)) - 8daad421-2b8c-43d7-86bc-2a9f0604b7fd: start LeaderElection
2019-09-27 10:17:03,983 [8daad421-2b8c-43d7-86bc-2a9f0604b7fd@group-41F21C1632F2:LeaderElection41] INFO  impl.LeaderElection (LeaderElection.java:askForVotes(182)) - 8daad421-2b8c-43d7-86bc-2a9f0604b7fd@group-41F21C1632F2:LeaderElection41: begin an election at term 3 for 0: [8daad421-2b8c-43d7-86bc-2a9f0604b7fd:192.168.151.103:38707, b5608615-b136-4a3c-af34-60e80608899d:192.168.151.103:38736, 559a1e5d-7325-42b4-8015-f20f7c522db9:192.168.151.103:39572], old=null
2019-09-27 10:17:03,985 [8daad421-2b8c-43d7-86bc-2a9f0604b7fd@group-41F21C1632F2:LeaderElection41] INFO  impl.LeaderElection (LogUtils.java:infoOrTrace(149)) - 8daad421-2b8c-43d7-86bc-2a9f0604b7fd@group-41F21C1632F2:LeaderElection41 got exception when requesting votes: {}
java.util.concurrent.ExecutionException: org.apache.ratis.thirdparty.io.grpc.StatusRuntimeException: UNAVAILABLE: io exception
	at java.util.concurrent.FutureTask.report(FutureTask.java:122)
	at java.util.concurrent.FutureTask.get(FutureTask.java:192)
	at org.apache.ratis.server.impl.LeaderElection.waitForResults(LeaderElection.java:263)
	at org.apache.ratis.server.impl.LeaderElection.askForVotes(LeaderElection.java:201)
	at org.apache.ratis.server.impl.LeaderElection.run(LeaderElection.java:133)
	at java.lang.Thread.run(Thread.java:748)
Caused by: org.apache.ratis.thirdparty.io.grpc.StatusRuntimeException: UNAVAILABLE: io exception
	at org.apache.ratis.thirdparty.io.grpc.stub.ClientCalls.toStatusRuntimeException(ClientCalls.java:233)
	at org.apache.ratis.thirdparty.io.grpc.stub.ClientCalls.getUnchecked(ClientCalls.java:214)
	at org.apache.ratis.thirdparty.io.grpc.stub.ClientCalls.blockingUnaryCall(ClientCalls.java:139)
	at org.apache.ratis.proto.grpc.RaftServerProtocolServiceGrpc$RaftServerProtocolServiceBlockingStub.requestVote(RaftServerProtocolServiceGrpc.java:265)
	at org.apache.ratis.grpc.server.GrpcServerProtocolClient.requestVote(GrpcServerProtocolClient.java:90)
	at org.apache.ratis.grpc.server.GrpcService.requestVote(GrpcService.java:204)
	at org.apache.ratis.server.impl.LeaderElection.lambda$submitRequests$1(LeaderElection.java:238)
	at java.util.concurrent.FutureTask.run(FutureTask.java:266)
	at java.util.concurrent.Executors$RunnableAdapter.call(Executors.java:511)
	at java.util.concurrent.FutureTask.run(FutureTask.java:266)
	at java.util.concurrent.ThreadPoolExecutor.runWorker(ThreadPoolExecutor.java:1149)
	at java.util.concurrent.ThreadPoolExecutor$Worker.run(ThreadPoolExecutor.java:624)
	... 1 more
Caused by: org.apache.ratis.thirdparty.io.netty.channel.AbstractChannel$AnnotatedConnectException: Connection refused: /192.168.151.103:38736
	at sun.nio.ch.SocketChannelImpl.checkConnect(Native Method)
	at sun.nio.ch.SocketChannelImpl.finishConnect(SocketChannelImpl.java:717)
	at org.apache.ratis.thirdparty.io.netty.channel.socket.nio.NioSocketChannel.doFinishConnect(NioSocketChannel.java:327)
	at org.apache.ratis.thirdparty.io.netty.channel.nio.AbstractNioChannel$AbstractNioUnsafe.finishConnect(AbstractNioChannel.java:340)
	at org.apache.ratis.thirdparty.io.netty.channel.nio.NioEventLoop.processSelectedKey(NioEventLoop.java:632)
	at org.apache.ratis.thirdparty.io.netty.channel.nio.NioEventLoop.processSelectedKeysOptimized(NioEventLoop.java:579)
	at org.apache.ratis.thirdparty.io.netty.channel.nio.NioEventLoop.processSelectedKeys(NioEventLoop.java:496)
	at org.apache.ratis.thirdparty.io.netty.channel.nio.NioEventLoop.run(NioEventLoop.java:458)
	at org.apache.ratis.thirdparty.io.netty.util.concurrent.SingleThreadEventExecutor$5.run(SingleThreadEventExecutor.java:897)
	at org.apache.ratis.thirdparty.io.netty.util.concurrent.FastThreadLocalRunnable.run(FastThreadLocalRunnable.java:30)
	... 1 more
Caused by: java.net.ConnectException: Connection refused
	... 11 more
2019-09-27 10:17:03,987 [8daad421-2b8c-43d7-86bc-2a9f0604b7fd@group-41F21C1632F2:LeaderElection41] INFO  impl.LeaderElection (LogUtils.java:infoOrTrace(149)) - 8daad421-2b8c-43d7-86bc-2a9f0604b7fd@group-41F21C1632F2:LeaderElection41 got exception when requesting votes: {}
java.util.concurrent.ExecutionException: org.apache.ratis.thirdparty.io.grpc.StatusRuntimeException: UNAVAILABLE: io exception
	at java.util.concurrent.FutureTask.report(FutureTask.java:122)
	at java.util.concurrent.FutureTask.get(FutureTask.java:192)
	at org.apache.ratis.server.impl.LeaderElection.waitForResults(LeaderElection.java:263)
	at org.apache.ratis.server.impl.LeaderElection.askForVotes(LeaderElection.java:201)
	at org.apache.ratis.server.impl.LeaderElection.run(LeaderElection.java:133)
	at java.lang.Thread.run(Thread.java:748)
Caused by: org.apache.ratis.thirdparty.io.grpc.StatusRuntimeException: UNAVAILABLE: io exception
	at org.apache.ratis.thirdparty.io.grpc.stub.ClientCalls.toStatusRuntimeException(ClientCalls.java:233)
	at org.apache.ratis.thirdparty.io.grpc.stub.ClientCalls.getUnchecked(ClientCalls.java:214)
	at org.apache.ratis.thirdparty.io.grpc.stub.ClientCalls.blockingUnaryCall(ClientCalls.java:139)
	at org.apache.ratis.proto.grpc.RaftServerProtocolServiceGrpc$RaftServerProtocolServiceBlockingStub.requestVote(RaftServerProtocolServiceGrpc.java:265)
	at org.apache.ratis.grpc.server.GrpcServerProtocolClient.requestVote(GrpcServerProtocolClient.java:90)
	at org.apache.ratis.grpc.server.GrpcService.requestVote(GrpcService.java:204)
	at org.apache.ratis.server.impl.LeaderElection.lambda$submitRequests$1(LeaderElection.java:238)
	at java.util.concurrent.FutureTask.run(FutureTask.java:266)
	at java.util.concurrent.Executors$RunnableAdapter.call(Executors.java:511)
	at java.util.concurrent.FutureTask.run(FutureTask.java:266)
	at java.util.concurrent.ThreadPoolExecutor.runWorker(ThreadPoolExecutor.java:1149)
	at java.util.concurrent.ThreadPoolExecutor$Worker.run(ThreadPoolExecutor.java:624)
	... 1 more
Caused by: org.apache.ratis.thirdparty.io.netty.channel.AbstractChannel$AnnotatedConnectException: Connection refused: /192.168.151.103:39572
	at sun.nio.ch.SocketChannelImpl.checkConnect(Native Method)
	at sun.nio.ch.SocketChannelImpl.finishConnect(SocketChannelImpl.java:717)
	at org.apache.ratis.thirdparty.io.netty.channel.socket.nio.NioSocketChannel.doFinishConnect(NioSocketChannel.java:327)
	at org.apache.ratis.thirdparty.io.netty.channel.nio.AbstractNioChannel$AbstractNioUnsafe.finishConnect(AbstractNioChannel.java:340)
	at org.apache.ratis.thirdparty.io.netty.channel.nio.NioEventLoop.processSelectedKey(NioEventLoop.java:632)
	at org.apache.ratis.thirdparty.io.netty.channel.nio.NioEventLoop.processSelectedKeysOptimized(NioEventLoop.java:579)
	at org.apache.ratis.thirdparty.io.netty.channel.nio.NioEventLoop.processSelectedKeys(NioEventLoop.java:496)
	at org.apache.ratis.thirdparty.io.netty.channel.nio.NioEventLoop.run(NioEventLoop.java:458)
	at org.apache.ratis.thirdparty.io.netty.util.concurrent.SingleThreadEventExecutor$5.run(SingleThreadEventExecutor.java:897)
	at org.apache.ratis.thirdparty.io.netty.util.concurrent.FastThreadLocalRunnable.run(FastThreadLocalRunnable.java:30)
	... 1 more
Caused by: java.net.ConnectException: Connection refused
	... 11 more
2019-09-27 10:17:03,996 [8daad421-2b8c-43d7-86bc-2a9f0604b7fd@group-41F21C1632F2:LeaderElection41] INFO  impl.LeaderElection (LeaderElection.java:logAndReturn(56)) - 8daad421-2b8c-43d7-86bc-2a9f0604b7fd@group-41F21C1632F2:LeaderElection41: Election REJECTED; received 0 response(s) [] and 2 exception(s); 8daad421-2b8c-43d7-86bc-2a9f0604b7fd@group-41F21C1632F2:t3, leader=null, voted=8daad421-2b8c-43d7-86bc-2a9f0604b7fd, raftlog=8daad421-2b8c-43d7-86bc-2a9f0604b7fd@group-41F21C1632F2-SegmentedRaftLog:OPENED:c0,f0,i0, conf=0: [8daad421-2b8c-43d7-86bc-2a9f0604b7fd:192.168.151.103:38707, b5608615-b136-4a3c-af34-60e80608899d:192.168.151.103:38736, 559a1e5d-7325-42b4-8015-f20f7c522db9:192.168.151.103:39572], old=null
2019-09-27 10:17:03,997 [8daad421-2b8c-43d7-86bc-2a9f0604b7fd@group-41F21C1632F2:LeaderElection41] INFO  impl.LeaderElection (LogUtils.java:infoOrTrace(149)) -   Exception 0: {}
java.util.concurrent.ExecutionException: org.apache.ratis.thirdparty.io.grpc.StatusRuntimeException: UNAVAILABLE: io exception
	at java.util.concurrent.FutureTask.report(FutureTask.java:122)
	at java.util.concurrent.FutureTask.get(FutureTask.java:192)
	at org.apache.ratis.server.impl.LeaderElection.waitForResults(LeaderElection.java:263)
	at org.apache.ratis.server.impl.LeaderElection.askForVotes(LeaderElection.java:201)
	at org.apache.ratis.server.impl.LeaderElection.run(LeaderElection.java:133)
	at java.lang.Thread.run(Thread.java:748)
Caused by: org.apache.ratis.thirdparty.io.grpc.StatusRuntimeException: UNAVAILABLE: io exception
	at org.apache.ratis.thirdparty.io.grpc.stub.ClientCalls.toStatusRuntimeException(ClientCalls.java:233)
	at org.apache.ratis.thirdparty.io.grpc.stub.ClientCalls.getUnchecked(ClientCalls.java:214)
	at org.apache.ratis.thirdparty.io.grpc.stub.ClientCalls.blockingUnaryCall(ClientCalls.java:139)
	at org.apache.ratis.proto.grpc.RaftServerProtocolServiceGrpc$RaftServerProtocolServiceBlockingStub.requestVote(RaftServerProtocolServiceGrpc.java:265)
	at org.apache.ratis.grpc.server.GrpcServerProtocolClient.requestVote(GrpcServerProtocolClient.java:90)
	at org.apache.ratis.grpc.server.GrpcService.requestVote(GrpcService.java:204)
	at org.apache.ratis.server.impl.LeaderElection.lambda$submitRequests$1(LeaderElection.java:238)
	at java.util.concurrent.FutureTask.run(FutureTask.java:266)
	at java.util.concurrent.Executors$RunnableAdapter.call(Executors.java:511)
	at java.util.concurrent.FutureTask.run(FutureTask.java:266)
	at java.util.concurrent.ThreadPoolExecutor.runWorker(ThreadPoolExecutor.java:1149)
	at java.util.concurrent.ThreadPoolExecutor$Worker.run(ThreadPoolExecutor.java:624)
	... 1 more
Caused by: org.apache.ratis.thirdparty.io.netty.channel.AbstractChannel$AnnotatedConnectException: Connection refused: /192.168.151.103:38736
	at sun.nio.ch.SocketChannelImpl.checkConnect(Native Method)
	at sun.nio.ch.SocketChannelImpl.finishConnect(SocketChannelImpl.java:717)
	at org.apache.ratis.thirdparty.io.netty.channel.socket.nio.NioSocketChannel.doFinishConnect(NioSocketChannel.java:327)
	at org.apache.ratis.thirdparty.io.netty.channel.nio.AbstractNioChannel$AbstractNioUnsafe.finishConnect(AbstractNioChannel.java:340)
	at org.apache.ratis.thirdparty.io.netty.channel.nio.NioEventLoop.processSelectedKey(NioEventLoop.java:632)
	at org.apache.ratis.thirdparty.io.netty.channel.nio.NioEventLoop.processSelectedKeysOptimized(NioEventLoop.java:579)
	at org.apache.ratis.thirdparty.io.netty.channel.nio.NioEventLoop.processSelectedKeys(NioEventLoop.java:496)
	at org.apache.ratis.thirdparty.io.netty.channel.nio.NioEventLoop.run(NioEventLoop.java:458)
	at org.apache.ratis.thirdparty.io.netty.util.concurrent.SingleThreadEventExecutor$5.run(SingleThreadEventExecutor.java:897)
	at org.apache.ratis.thirdparty.io.netty.util.concurrent.FastThreadLocalRunnable.run(FastThreadLocalRunnable.java:30)
	... 1 more
Caused by: java.net.ConnectException: Connection refused
	... 11 more
2019-09-27 10:17:03,997 [8daad421-2b8c-43d7-86bc-2a9f0604b7fd@group-41F21C1632F2:LeaderElection41] INFO  impl.LeaderElection (LogUtils.java:infoOrTrace(149)) -   Exception 1: {}
java.util.concurrent.ExecutionException: org.apache.ratis.thirdparty.io.grpc.StatusRuntimeException: UNAVAILABLE: io exception
	at java.util.concurrent.FutureTask.report(FutureTask.java:122)
	at java.util.concurrent.FutureTask.get(FutureTask.java:192)
	at org.apache.ratis.server.impl.LeaderElection.waitForResults(LeaderElection.java:263)
	at org.apache.ratis.server.impl.LeaderElection.askForVotes(LeaderElection.java:201)
	at org.apache.ratis.server.impl.LeaderElection.run(LeaderElection.java:133)
	at java.lang.Thread.run(Thread.java:748)
Caused by: org.apache.ratis.thirdparty.io.grpc.StatusRuntimeException: UNAVAILABLE: io exception
	at org.apache.ratis.thirdparty.io.grpc.stub.ClientCalls.toStatusRuntimeException(ClientCalls.java:233)
	at org.apache.ratis.thirdparty.io.grpc.stub.ClientCalls.getUnchecked(ClientCalls.java:214)
	at org.apache.ratis.thirdparty.io.grpc.stub.ClientCalls.blockingUnaryCall(ClientCalls.java:139)
	at org.apache.ratis.proto.grpc.RaftServerProtocolServiceGrpc$RaftServerProtocolServiceBlockingStub.requestVote(RaftServerProtocolServiceGrpc.java:265)
	at org.apache.ratis.grpc.server.GrpcServerProtocolClient.requestVote(GrpcServerProtocolClient.java:90)
	at org.apache.ratis.grpc.server.GrpcService.requestVote(GrpcService.java:204)
	at org.apache.ratis.server.impl.LeaderElection.lambda$submitRequests$1(LeaderElection.java:238)
	at java.util.concurrent.FutureTask.run(FutureTask.java:266)
	at java.util.concurrent.Executors$RunnableAdapter.call(Executors.java:511)
	at java.util.concurrent.FutureTask.run(FutureTask.java:266)
	at java.util.concurrent.ThreadPoolExecutor.runWorker(ThreadPoolExecutor.java:1149)
	at java.util.concurrent.ThreadPoolExecutor$Worker.run(ThreadPoolExecutor.java:624)
	... 1 more
Caused by: org.apache.ratis.thirdparty.io.netty.channel.AbstractChannel$AnnotatedConnectException: Connection refused: /192.168.151.103:39572
	at sun.nio.ch.SocketChannelImpl.checkConnect(Native Method)
	at sun.nio.ch.SocketChannelImpl.finishConnect(SocketChannelImpl.java:717)
	at org.apache.ratis.thirdparty.io.netty.channel.socket.nio.NioSocketChannel.doFinishConnect(NioSocketChannel.java:327)
	at org.apache.ratis.thirdparty.io.netty.channel.nio.AbstractNioChannel$AbstractNioUnsafe.finishConnect(AbstractNioChannel.java:340)
	at org.apache.ratis.thirdparty.io.netty.channel.nio.NioEventLoop.processSelectedKey(NioEventLoop.java:632)
	at org.apache.ratis.thirdparty.io.netty.channel.nio.NioEventLoop.processSelectedKeysOptimized(NioEventLoop.java:579)
	at org.apache.ratis.thirdparty.io.netty.channel.nio.NioEventLoop.processSelectedKeys(NioEventLoop.java:496)
	at org.apache.ratis.thirdparty.io.netty.channel.nio.NioEventLoop.run(NioEventLoop.java:458)
	at org.apache.ratis.thirdparty.io.netty.util.concurrent.SingleThreadEventExecutor$5.run(SingleThreadEventExecutor.java:897)
	at org.apache.ratis.thirdparty.io.netty.util.concurrent.FastThreadLocalRunnable.run(FastThreadLocalRunnable.java:30)
	... 1 more
Caused by: java.net.ConnectException: Connection refused
	... 11 more
2019-09-27 10:17:03,997 [8daad421-2b8c-43d7-86bc-2a9f0604b7fd@group-41F21C1632F2:LeaderElection41] INFO  impl.RaftServerImpl (RaftServerImpl.java:setRole(174)) - 8daad421-2b8c-43d7-86bc-2a9f0604b7fd@group-41F21C1632F2: changes role from CANDIDATE to FOLLOWER at term 3 for DISCOVERED_A_NEW_TERM
2019-09-27 10:17:03,998 [8daad421-2b8c-43d7-86bc-2a9f0604b7fd@group-41F21C1632F2:LeaderElection41] INFO  impl.RoleInfo (RoleInfo.java:shutdownLeaderElection(134)) - 8daad421-2b8c-43d7-86bc-2a9f0604b7fd: shutdown LeaderElection
2019-09-27 10:17:03,998 [8daad421-2b8c-43d7-86bc-2a9f0604b7fd@group-41F21C1632F2:LeaderElection41] INFO  impl.RoleInfo (RoleInfo.java:updateAndGet(143)) - 8daad421-2b8c-43d7-86bc-2a9f0604b7fd: start FollowerState
2019-09-27 10:17:05,014 [Thread-3168] INFO  impl.FollowerState (FollowerState.java:run(106)) - 8daad421-2b8c-43d7-86bc-2a9f0604b7fd:group-41F21C1632F2 changes to CANDIDATE, lastRpcTime:1016, electionTimeout:1016ms
2019-09-27 10:17:05,017 [Thread-3168] INFO  impl.RoleInfo (RoleInfo.java:shutdownFollowerState(121)) - 8daad421-2b8c-43d7-86bc-2a9f0604b7fd: shutdown FollowerState
2019-09-27 10:17:05,017 [Thread-3168] INFO  impl.RaftServerImpl (RaftServerImpl.java:setRole(174)) - 8daad421-2b8c-43d7-86bc-2a9f0604b7fd@group-41F21C1632F2: changes role from  FOLLOWER to CANDIDATE at term 3 for changeToCandidate
2019-09-27 10:17:05,018 [Thread-3168] INFO  impl.RoleInfo (RoleInfo.java:updateAndGet(143)) - 8daad421-2b8c-43d7-86bc-2a9f0604b7fd: start LeaderElection
2019-09-27 10:17:05,033 [8daad421-2b8c-43d7-86bc-2a9f0604b7fd@group-41F21C1632F2:LeaderElection42] INFO  impl.LeaderElection (LeaderElection.java:askForVotes(182)) - 8daad421-2b8c-43d7-86bc-2a9f0604b7fd@group-41F21C1632F2:LeaderElection42: begin an election at term 4 for 0: [8daad421-2b8c-43d7-86bc-2a9f0604b7fd:192.168.151.103:38707, b5608615-b136-4a3c-af34-60e80608899d:192.168.151.103:38736, 559a1e5d-7325-42b4-8015-f20f7c522db9:192.168.151.103:39572], old=null
2019-09-27 10:17:05,035 [8daad421-2b8c-43d7-86bc-2a9f0604b7fd@group-41F21C1632F2:LeaderElection42] INFO  impl.LeaderElection (LogUtils.java:infoOrTrace(149)) - 8daad421-2b8c-43d7-86bc-2a9f0604b7fd@group-41F21C1632F2:LeaderElection42 got exception when requesting votes: {}
java.util.concurrent.ExecutionException: org.apache.ratis.thirdparty.io.grpc.StatusRuntimeException: UNAVAILABLE: io exception
	at java.util.concurrent.FutureTask.report(FutureTask.java:122)
	at java.util.concurrent.FutureTask.get(FutureTask.java:192)
	at org.apache.ratis.server.impl.LeaderElection.waitForResults(LeaderElection.java:263)
	at org.apache.ratis.server.impl.LeaderElection.askForVotes(LeaderElection.java:201)
	at org.apache.ratis.server.impl.LeaderElection.run(LeaderElection.java:133)
	at java.lang.Thread.run(Thread.java:748)
Caused by: org.apache.ratis.thirdparty.io.grpc.StatusRuntimeException: UNAVAILABLE: io exception
	at org.apache.ratis.thirdparty.io.grpc.stub.ClientCalls.toStatusRuntimeException(ClientCalls.java:233)
	at org.apache.ratis.thirdparty.io.grpc.stub.ClientCalls.getUnchecked(ClientCalls.java:214)
	at org.apache.ratis.thirdparty.io.grpc.stub.ClientCalls.blockingUnaryCall(ClientCalls.java:139)
	at org.apache.ratis.proto.grpc.RaftServerProtocolServiceGrpc$RaftServerProtocolServiceBlockingStub.requestVote(RaftServerProtocolServiceGrpc.java:265)
	at org.apache.ratis.grpc.server.GrpcServerProtocolClient.requestVote(GrpcServerProtocolClient.java:90)
	at org.apache.ratis.grpc.server.GrpcService.requestVote(GrpcService.java:204)
	at org.apache.ratis.server.impl.LeaderElection.lambda$submitRequests$1(LeaderElection.java:238)
	at java.util.concurrent.FutureTask.run(FutureTask.java:266)
	at java.util.concurrent.Executors$RunnableAdapter.call(Executors.java:511)
	at java.util.concurrent.FutureTask.run(FutureTask.java:266)
	at java.util.concurrent.ThreadPoolExecutor.runWorker(ThreadPoolExecutor.java:1149)
	at java.util.concurrent.ThreadPoolExecutor$Worker.run(ThreadPoolExecutor.java:624)
	... 1 more
Caused by: org.apache.ratis.thirdparty.io.netty.channel.AbstractChannel$AnnotatedConnectException: Connection refused: /192.168.151.103:38736
	at sun.nio.ch.SocketChannelImpl.checkConnect(Native Method)
	at sun.nio.ch.SocketChannelImpl.finishConnect(SocketChannelImpl.java:717)
	at org.apache.ratis.thirdparty.io.netty.channel.socket.nio.NioSocketChannel.doFinishConnect(NioSocketChannel.java:327)
	at org.apache.ratis.thirdparty.io.netty.channel.nio.AbstractNioChannel$AbstractNioUnsafe.finishConnect(AbstractNioChannel.java:340)
	at org.apache.ratis.thirdparty.io.netty.channel.nio.NioEventLoop.processSelectedKey(NioEventLoop.java:632)
	at org.apache.ratis.thirdparty.io.netty.channel.nio.NioEventLoop.processSelectedKeysOptimized(NioEventLoop.java:579)
	at org.apache.ratis.thirdparty.io.netty.channel.nio.NioEventLoop.processSelectedKeys(NioEventLoop.java:496)
	at org.apache.ratis.thirdparty.io.netty.channel.nio.NioEventLoop.run(NioEventLoop.java:458)
	at org.apache.ratis.thirdparty.io.netty.util.concurrent.SingleThreadEventExecutor$5.run(SingleThreadEventExecutor.java:897)
	at org.apache.ratis.thirdparty.io.netty.util.concurrent.FastThreadLocalRunnable.run(FastThreadLocalRunnable.java:30)
	... 1 more
Caused by: java.net.ConnectException: Connection refused
	... 11 more
2019-09-27 10:17:05,037 [8daad421-2b8c-43d7-86bc-2a9f0604b7fd@group-41F21C1632F2:LeaderElection42] INFO  impl.LeaderElection (LogUtils.java:infoOrTrace(149)) - 8daad421-2b8c-43d7-86bc-2a9f0604b7fd@group-41F21C1632F2:LeaderElection42 got exception when requesting votes: {}
java.util.concurrent.ExecutionException: org.apache.ratis.thirdparty.io.grpc.StatusRuntimeException: UNAVAILABLE: io exception
	at java.util.concurrent.FutureTask.report(FutureTask.java:122)
	at java.util.concurrent.FutureTask.get(FutureTask.java:192)
	at org.apache.ratis.server.impl.LeaderElection.waitForResults(LeaderElection.java:263)
	at org.apache.ratis.server.impl.LeaderElection.askForVotes(LeaderElection.java:201)
	at org.apache.ratis.server.impl.LeaderElection.run(LeaderElection.java:133)
	at java.lang.Thread.run(Thread.java:748)
Caused by: org.apache.ratis.thirdparty.io.grpc.StatusRuntimeException: UNAVAILABLE: io exception
	at org.apache.ratis.thirdparty.io.grpc.stub.ClientCalls.toStatusRuntimeException(ClientCalls.java:233)
	at org.apache.ratis.thirdparty.io.grpc.stub.ClientCalls.getUnchecked(ClientCalls.java:214)
	at org.apache.ratis.thirdparty.io.grpc.stub.ClientCalls.blockingUnaryCall(ClientCalls.java:139)
	at org.apache.ratis.proto.grpc.RaftServerProtocolServiceGrpc$RaftServerProtocolServiceBlockingStub.requestVote(RaftServerProtocolServiceGrpc.java:265)
	at org.apache.ratis.grpc.server.GrpcServerProtocolClient.requestVote(GrpcServerProtocolClient.java:90)
	at org.apache.ratis.grpc.server.GrpcService.requestVote(GrpcService.java:204)
	at org.apache.ratis.server.impl.LeaderElection.lambda$submitRequests$1(LeaderElection.java:238)
	at java.util.concurrent.FutureTask.run(FutureTask.java:266)
	at java.util.concurrent.Executors$RunnableAdapter.call(Executors.java:511)
	at java.util.concurrent.FutureTask.run(FutureTask.java:266)
	at java.util.concurrent.ThreadPoolExecutor.runWorker(ThreadPoolExecutor.java:1149)
	at java.util.concurrent.ThreadPoolExecutor$Worker.run(ThreadPoolExecutor.java:624)
	... 1 more
Caused by: org.apache.ratis.thirdparty.io.netty.channel.AbstractChannel$AnnotatedConnectException: Connection refused: /192.168.151.103:39572
	at sun.nio.ch.SocketChannelImpl.checkConnect(Native Method)
	at sun.nio.ch.SocketChannelImpl.finishConnect(SocketChannelImpl.java:717)
	at org.apache.ratis.thirdparty.io.netty.channel.socket.nio.NioSocketChannel.doFinishConnect(NioSocketChannel.java:327)
	at org.apache.ratis.thirdparty.io.netty.channel.nio.AbstractNioChannel$AbstractNioUnsafe.finishConnect(AbstractNioChannel.java:340)
	at org.apache.ratis.thirdparty.io.netty.channel.nio.NioEventLoop.processSelectedKey(NioEventLoop.java:632)
	at org.apache.ratis.thirdparty.io.netty.channel.nio.NioEventLoop.processSelectedKeysOptimized(NioEventLoop.java:579)
	at org.apache.ratis.thirdparty.io.netty.channel.nio.NioEventLoop.processSelectedKeys(NioEventLoop.java:496)
	at org.apache.ratis.thirdparty.io.netty.channel.nio.NioEventLoop.run(NioEventLoop.java:458)
	at org.apache.ratis.thirdparty.io.netty.util.concurrent.SingleThreadEventExecutor$5.run(SingleThreadEventExecutor.java:897)
	at org.apache.ratis.thirdparty.io.netty.util.concurrent.FastThreadLocalRunnable.run(FastThreadLocalRunnable.java:30)
	... 1 more
Caused by: java.net.ConnectException: Connection refused
	... 11 more
2019-09-27 10:17:05,039 [8daad421-2b8c-43d7-86bc-2a9f0604b7fd@group-41F21C1632F2:LeaderElection42] INFO  impl.LeaderElection (LeaderElection.java:logAndReturn(56)) - 8daad421-2b8c-43d7-86bc-2a9f0604b7fd@group-41F21C1632F2:LeaderElection42: Election REJECTED; received 0 response(s) [] and 2 exception(s); 8daad421-2b8c-43d7-86bc-2a9f0604b7fd@group-41F21C1632F2:t4, leader=null, voted=8daad421-2b8c-43d7-86bc-2a9f0604b7fd, raftlog=8daad421-2b8c-43d7-86bc-2a9f0604b7fd@group-41F21C1632F2-SegmentedRaftLog:OPENED:c0,f0,i0, conf=0: [8daad421-2b8c-43d7-86bc-2a9f0604b7fd:192.168.151.103:38707, b5608615-b136-4a3c-af34-60e80608899d:192.168.151.103:38736, 559a1e5d-7325-42b4-8015-f20f7c522db9:192.168.151.103:39572], old=null
2019-09-27 10:17:05,039 [8daad421-2b8c-43d7-86bc-2a9f0604b7fd@group-41F21C1632F2:LeaderElection42] INFO  impl.LeaderElection (LogUtils.java:infoOrTrace(149)) -   Exception 0: {}
java.util.concurrent.ExecutionException: org.apache.ratis.thirdparty.io.grpc.StatusRuntimeException: UNAVAILABLE: io exception
	at java.util.concurrent.FutureTask.report(FutureTask.java:122)
	at java.util.concurrent.FutureTask.get(FutureTask.java:192)
	at org.apache.ratis.server.impl.LeaderElection.waitForResults(LeaderElection.java:263)
	at org.apache.ratis.server.impl.LeaderElection.askForVotes(LeaderElection.java:201)
	at org.apache.ratis.server.impl.LeaderElection.run(LeaderElection.java:133)
	at java.lang.Thread.run(Thread.java:748)
Caused by: org.apache.ratis.thirdparty.io.grpc.StatusRuntimeException: UNAVAILABLE: io exception
	at org.apache.ratis.thirdparty.io.grpc.stub.ClientCalls.toStatusRuntimeException(ClientCalls.java:233)
	at org.apache.ratis.thirdparty.io.grpc.stub.ClientCalls.getUnchecked(ClientCalls.java:214)
	at org.apache.ratis.thirdparty.io.grpc.stub.ClientCalls.blockingUnaryCall(ClientCalls.java:139)
	at org.apache.ratis.proto.grpc.RaftServerProtocolServiceGrpc$RaftServerProtocolServiceBlockingStub.requestVote(RaftServerProtocolServiceGrpc.java:265)
	at org.apache.ratis.grpc.server.GrpcServerProtocolClient.requestVote(GrpcServerProtocolClient.java:90)
	at org.apache.ratis.grpc.server.GrpcService.requestVote(GrpcService.java:204)
	at org.apache.ratis.server.impl.LeaderElection.lambda$submitRequests$1(LeaderElection.java:238)
	at java.util.concurrent.FutureTask.run(FutureTask.java:266)
	at java.util.concurrent.Executors$RunnableAdapter.call(Executors.java:511)
	at java.util.concurrent.FutureTask.run(FutureTask.java:266)
	at java.util.concurrent.ThreadPoolExecutor.runWorker(ThreadPoolExecutor.java:1149)
	at java.util.concurrent.ThreadPoolExecutor$Worker.run(ThreadPoolExecutor.java:624)
	... 1 more
Caused by: org.apache.ratis.thirdparty.io.netty.channel.AbstractChannel$AnnotatedConnectException: Connection refused: /192.168.151.103:38736
	at sun.nio.ch.SocketChannelImpl.checkConnect(Native Method)
	at sun.nio.ch.SocketChannelImpl.finishConnect(SocketChannelImpl.java:717)
	at org.apache.ratis.thirdparty.io.netty.channel.socket.nio.NioSocketChannel.doFinishConnect(NioSocketChannel.java:327)
	at org.apache.ratis.thirdparty.io.netty.channel.nio.AbstractNioChannel$AbstractNioUnsafe.finishConnect(AbstractNioChannel.java:340)
	at org.apache.ratis.thirdparty.io.netty.channel.nio.NioEventLoop.processSelectedKey(NioEventLoop.java:632)
	at org.apache.ratis.thirdparty.io.netty.channel.nio.NioEventLoop.processSelectedKeysOptimized(NioEventLoop.java:579)
	at org.apache.ratis.thirdparty.io.netty.channel.nio.NioEventLoop.processSelectedKeys(NioEventLoop.java:496)
	at org.apache.ratis.thirdparty.io.netty.channel.nio.NioEventLoop.run(NioEventLoop.java:458)
	at org.apache.ratis.thirdparty.io.netty.util.concurrent.SingleThreadEventExecutor$5.run(SingleThreadEventExecutor.java:897)
	at org.apache.ratis.thirdparty.io.netty.util.concurrent.FastThreadLocalRunnable.run(FastThreadLocalRunnable.java:30)
	... 1 more
Caused by: java.net.ConnectException: Connection refused
	... 11 more
2019-09-27 10:17:05,040 [8daad421-2b8c-43d7-86bc-2a9f0604b7fd@group-41F21C1632F2:LeaderElection42] INFO  impl.LeaderElection (LogUtils.java:infoOrTrace(149)) -   Exception 1: {}
java.util.concurrent.ExecutionException: org.apache.ratis.thirdparty.io.grpc.StatusRuntimeException: UNAVAILABLE: io exception
	at java.util.concurrent.FutureTask.report(FutureTask.java:122)
	at java.util.concurrent.FutureTask.get(FutureTask.java:192)
	at org.apache.ratis.server.impl.LeaderElection.waitForResults(LeaderElection.java:263)
	at org.apache.ratis.server.impl.LeaderElection.askForVotes(LeaderElection.java:201)
	at org.apache.ratis.server.impl.LeaderElection.run(LeaderElection.java:133)
	at java.lang.Thread.run(Thread.java:748)
Caused by: org.apache.ratis.thirdparty.io.grpc.StatusRuntimeException: UNAVAILABLE: io exception
	at org.apache.ratis.thirdparty.io.grpc.stub.ClientCalls.toStatusRuntimeException(ClientCalls.java:233)
	at org.apache.ratis.thirdparty.io.grpc.stub.ClientCalls.getUnchecked(ClientCalls.java:214)
	at org.apache.ratis.thirdparty.io.grpc.stub.ClientCalls.blockingUnaryCall(ClientCalls.java:139)
	at org.apache.ratis.proto.grpc.RaftServerProtocolServiceGrpc$RaftServerProtocolServiceBlockingStub.requestVote(RaftServerProtocolServiceGrpc.java:265)
	at org.apache.ratis.grpc.server.GrpcServerProtocolClient.requestVote(GrpcServerProtocolClient.java:90)
	at org.apache.ratis.grpc.server.GrpcService.requestVote(GrpcService.java:204)
	at org.apache.ratis.server.impl.LeaderElection.lambda$submitRequests$1(LeaderElection.java:238)
	at java.util.concurrent.FutureTask.run(FutureTask.java:266)
	at java.util.concurrent.Executors$RunnableAdapter.call(Executors.java:511)
	at java.util.concurrent.FutureTask.run(FutureTask.java:266)
	at java.util.concurrent.ThreadPoolExecutor.runWorker(ThreadPoolExecutor.java:1149)
	at java.util.concurrent.ThreadPoolExecutor$Worker.run(ThreadPoolExecutor.java:624)
	... 1 more
Caused by: org.apache.ratis.thirdparty.io.netty.channel.AbstractChannel$AnnotatedConnectException: Connection refused: /192.168.151.103:39572
	at sun.nio.ch.SocketChannelImpl.checkConnect(Native Method)
	at sun.nio.ch.SocketChannelImpl.finishConnect(SocketChannelImpl.java:717)
	at org.apache.ratis.thirdparty.io.netty.channel.socket.nio.NioSocketChannel.doFinishConnect(NioSocketChannel.java:327)
	at org.apache.ratis.thirdparty.io.netty.channel.nio.AbstractNioChannel$AbstractNioUnsafe.finishConnect(AbstractNioChannel.java:340)
	at org.apache.ratis.thirdparty.io.netty.channel.nio.NioEventLoop.processSelectedKey(NioEventLoop.java:632)
	at org.apache.ratis.thirdparty.io.netty.channel.nio.NioEventLoop.processSelectedKeysOptimized(NioEventLoop.java:579)
	at org.apache.ratis.thirdparty.io.netty.channel.nio.NioEventLoop.processSelectedKeys(NioEventLoop.java:496)
	at org.apache.ratis.thirdparty.io.netty.channel.nio.NioEventLoop.run(NioEventLoop.java:458)
	at org.apache.ratis.thirdparty.io.netty.util.concurrent.SingleThreadEventExecutor$5.run(SingleThreadEventExecutor.java:897)
	at org.apache.ratis.thirdparty.io.netty.util.concurrent.FastThreadLocalRunnable.run(FastThreadLocalRunnable.java:30)
	... 1 more
Caused by: java.net.ConnectException: Connection refused
	... 11 more
2019-09-27 10:17:05,040 [8daad421-2b8c-43d7-86bc-2a9f0604b7fd@group-41F21C1632F2:LeaderElection42] INFO  impl.RaftServerImpl (RaftServerImpl.java:setRole(174)) - 8daad421-2b8c-43d7-86bc-2a9f0604b7fd@group-41F21C1632F2: changes role from CANDIDATE to FOLLOWER at term 4 for DISCOVERED_A_NEW_TERM
2019-09-27 10:17:05,040 [8daad421-2b8c-43d7-86bc-2a9f0604b7fd@group-41F21C1632F2:LeaderElection42] INFO  impl.RoleInfo (RoleInfo.java:shutdownLeaderElection(134)) - 8daad421-2b8c-43d7-86bc-2a9f0604b7fd: shutdown LeaderElection
2019-09-27 10:17:05,040 [8daad421-2b8c-43d7-86bc-2a9f0604b7fd@group-41F21C1632F2:LeaderElection42] INFO  impl.RoleInfo (RoleInfo.java:updateAndGet(143)) - 8daad421-2b8c-43d7-86bc-2a9f0604b7fd: start FollowerState
2019-09-27 10:17:06,168 [Thread-3176] INFO  impl.FollowerState (FollowerState.java:run(106)) - 8daad421-2b8c-43d7-86bc-2a9f0604b7fd:group-41F21C1632F2 changes to CANDIDATE, lastRpcTime:1127, electionTimeout:1127ms
2019-09-27 10:17:06,170 [Thread-3176] INFO  impl.RoleInfo (RoleInfo.java:shutdownFollowerState(121)) - 8daad421-2b8c-43d7-86bc-2a9f0604b7fd: shutdown FollowerState
2019-09-27 10:17:06,170 [Thread-3176] INFO  impl.RaftServerImpl (RaftServerImpl.java:setRole(174)) - 8daad421-2b8c-43d7-86bc-2a9f0604b7fd@group-41F21C1632F2: changes role from  FOLLOWER to CANDIDATE at term 4 for changeToCandidate
2019-09-27 10:17:06,171 [Thread-3176] INFO  impl.RoleInfo (RoleInfo.java:updateAndGet(143)) - 8daad421-2b8c-43d7-86bc-2a9f0604b7fd: start LeaderElection
2019-09-27 10:17:06,186 [8daad421-2b8c-43d7-86bc-2a9f0604b7fd@group-41F21C1632F2:LeaderElection43] INFO  impl.LeaderElection (LeaderElection.java:askForVotes(182)) - 8daad421-2b8c-43d7-86bc-2a9f0604b7fd@group-41F21C1632F2:LeaderElection43: begin an election at term 5 for 0: [8daad421-2b8c-43d7-86bc-2a9f0604b7fd:192.168.151.103:38707, b5608615-b136-4a3c-af34-60e80608899d:192.168.151.103:38736, 559a1e5d-7325-42b4-8015-f20f7c522db9:192.168.151.103:39572], old=null
2019-09-27 10:17:06,187 [8daad421-2b8c-43d7-86bc-2a9f0604b7fd@group-41F21C1632F2:LeaderElection43] INFO  impl.LeaderElection (LogUtils.java:infoOrTrace(149)) - 8daad421-2b8c-43d7-86bc-2a9f0604b7fd@group-41F21C1632F2:LeaderElection43 got exception when requesting votes: {}
java.util.concurrent.ExecutionException: org.apache.ratis.thirdparty.io.grpc.StatusRuntimeException: UNAVAILABLE: io exception
	at java.util.concurrent.FutureTask.report(FutureTask.java:122)
	at java.util.concurrent.FutureTask.get(FutureTask.java:192)
	at org.apache.ratis.server.impl.LeaderElection.waitForResults(LeaderElection.java:263)
	at org.apache.ratis.server.impl.LeaderElection.askForVotes(LeaderElection.java:201)
	at org.apache.ratis.server.impl.LeaderElection.run(LeaderElection.java:133)
	at java.lang.Thread.run(Thread.java:748)
Caused by: org.apache.ratis.thirdparty.io.grpc.StatusRuntimeException: UNAVAILABLE: io exception
	at org.apache.ratis.thirdparty.io.grpc.stub.ClientCalls.toStatusRuntimeException(ClientCalls.java:233)
	at org.apache.ratis.thirdparty.io.grpc.stub.ClientCalls.getUnchecked(ClientCalls.java:214)
	at org.apache.ratis.thirdparty.io.grpc.stub.ClientCalls.blockingUnaryCall(ClientCalls.java:139)
	at org.apache.ratis.proto.grpc.RaftServerProtocolServiceGrpc$RaftServerProtocolServiceBlockingStub.requestVote(RaftServerProtocolServiceGrpc.java:265)
	at org.apache.ratis.grpc.server.GrpcServerProtocolClient.requestVote(GrpcServerProtocolClient.java:90)
	at org.apache.ratis.grpc.server.GrpcService.requestVote(GrpcService.java:204)
	at org.apache.ratis.server.impl.LeaderElection.lambda$submitRequests$1(LeaderElection.java:238)
	at java.util.concurrent.FutureTask.run(FutureTask.java:266)
	at java.util.concurrent.Executors$RunnableAdapter.call(Executors.java:511)
	at java.util.concurrent.FutureTask.run(FutureTask.java:266)
	at java.util.concurrent.ThreadPoolExecutor.runWorker(ThreadPoolExecutor.java:1149)
	at java.util.concurrent.ThreadPoolExecutor$Worker.run(ThreadPoolExecutor.java:624)
	... 1 more
Caused by: org.apache.ratis.thirdparty.io.netty.channel.AbstractChannel$AnnotatedConnectException: Connection refused: /192.168.151.103:38736
	at sun.nio.ch.SocketChannelImpl.checkConnect(Native Method)
	at sun.nio.ch.SocketChannelImpl.finishConnect(SocketChannelImpl.java:717)
	at org.apache.ratis.thirdparty.io.netty.channel.socket.nio.NioSocketChannel.doFinishConnect(NioSocketChannel.java:327)
	at org.apache.ratis.thirdparty.io.netty.channel.nio.AbstractNioChannel$AbstractNioUnsafe.finishConnect(AbstractNioChannel.java:340)
	at org.apache.ratis.thirdparty.io.netty.channel.nio.NioEventLoop.processSelectedKey(NioEventLoop.java:632)
	at org.apache.ratis.thirdparty.io.netty.channel.nio.NioEventLoop.processSelectedKeysOptimized(NioEventLoop.java:579)
	at org.apache.ratis.thirdparty.io.netty.channel.nio.NioEventLoop.processSelectedKeys(NioEventLoop.java:496)
	at org.apache.ratis.thirdparty.io.netty.channel.nio.NioEventLoop.run(NioEventLoop.java:458)
	at org.apache.ratis.thirdparty.io.netty.util.concurrent.SingleThreadEventExecutor$5.run(SingleThreadEventExecutor.java:897)
	at org.apache.ratis.thirdparty.io.netty.util.concurrent.FastThreadLocalRunnable.run(FastThreadLocalRunnable.java:30)
	... 1 more
Caused by: java.net.ConnectException: Connection refused
	... 11 more
2019-09-27 10:17:06,190 [8daad421-2b8c-43d7-86bc-2a9f0604b7fd@group-41F21C1632F2:LeaderElection43] INFO  impl.LeaderElection (LogUtils.java:infoOrTrace(149)) - 8daad421-2b8c-43d7-86bc-2a9f0604b7fd@group-41F21C1632F2:LeaderElection43 got exception when requesting votes: {}
java.util.concurrent.ExecutionException: org.apache.ratis.thirdparty.io.grpc.StatusRuntimeException: UNAVAILABLE: io exception
	at java.util.concurrent.FutureTask.report(FutureTask.java:122)
	at java.util.concurrent.FutureTask.get(FutureTask.java:192)
	at org.apache.ratis.server.impl.LeaderElection.waitForResults(LeaderElection.java:263)
	at org.apache.ratis.server.impl.LeaderElection.askForVotes(LeaderElection.java:201)
	at org.apache.ratis.server.impl.LeaderElection.run(LeaderElection.java:133)
	at java.lang.Thread.run(Thread.java:748)
Caused by: org.apache.ratis.thirdparty.io.grpc.StatusRuntimeException: UNAVAILABLE: io exception
	at org.apache.ratis.thirdparty.io.grpc.stub.ClientCalls.toStatusRuntimeException(ClientCalls.java:233)
	at org.apache.ratis.thirdparty.io.grpc.stub.ClientCalls.getUnchecked(ClientCalls.java:214)
	at org.apache.ratis.thirdparty.io.grpc.stub.ClientCalls.blockingUnaryCall(ClientCalls.java:139)
	at org.apache.ratis.proto.grpc.RaftServerProtocolServiceGrpc$RaftServerProtocolServiceBlockingStub.requestVote(RaftServerProtocolServiceGrpc.java:265)
	at org.apache.ratis.grpc.server.GrpcServerProtocolClient.requestVote(GrpcServerProtocolClient.java:90)
	at org.apache.ratis.grpc.server.GrpcService.requestVote(GrpcService.java:204)
	at org.apache.ratis.server.impl.LeaderElection.lambda$submitRequests$1(LeaderElection.java:238)
	at java.util.concurrent.FutureTask.run(FutureTask.java:266)
	at java.util.concurrent.Executors$RunnableAdapter.call(Executors.java:511)
	at java.util.concurrent.FutureTask.run(FutureTask.java:266)
	at java.util.concurrent.ThreadPoolExecutor.runWorker(ThreadPoolExecutor.java:1149)
	at java.util.concurrent.ThreadPoolExecutor$Worker.run(ThreadPoolExecutor.java:624)
	... 1 more
Caused by: org.apache.ratis.thirdparty.io.netty.channel.AbstractChannel$AnnotatedConnectException: Connection refused: /192.168.151.103:39572
	at sun.nio.ch.SocketChannelImpl.checkConnect(Native Method)
	at sun.nio.ch.SocketChannelImpl.finishConnect(SocketChannelImpl.java:717)
	at org.apache.ratis.thirdparty.io.netty.channel.socket.nio.NioSocketChannel.doFinishConnect(NioSocketChannel.java:327)
	at org.apache.ratis.thirdparty.io.netty.channel.nio.AbstractNioChannel$AbstractNioUnsafe.finishConnect(AbstractNioChannel.java:340)
	at org.apache.ratis.thirdparty.io.netty.channel.nio.NioEventLoop.processSelectedKey(NioEventLoop.java:632)
	at org.apache.ratis.thirdparty.io.netty.channel.nio.NioEventLoop.processSelectedKeysOptimized(NioEventLoop.java:579)
	at org.apache.ratis.thirdparty.io.netty.channel.nio.NioEventLoop.processSelectedKeys(NioEventLoop.java:496)
	at org.apache.ratis.thirdparty.io.netty.channel.nio.NioEventLoop.run(NioEventLoop.java:458)
	at org.apache.ratis.thirdparty.io.netty.util.concurrent.SingleThreadEventExecutor$5.run(SingleThreadEventExecutor.java:897)
	at org.apache.ratis.thirdparty.io.netty.util.concurrent.FastThreadLocalRunnable.run(FastThreadLocalRunnable.java:30)
	... 1 more
Caused by: java.net.ConnectException: Connection refused
	... 11 more
2019-09-27 10:17:06,193 [8daad421-2b8c-43d7-86bc-2a9f0604b7fd@group-41F21C1632F2:LeaderElection43] INFO  impl.LeaderElection (LeaderElection.java:logAndReturn(56)) - 8daad421-2b8c-43d7-86bc-2a9f0604b7fd@group-41F21C1632F2:LeaderElection43: Election REJECTED; received 0 response(s) [] and 2 exception(s); 8daad421-2b8c-43d7-86bc-2a9f0604b7fd@group-41F21C1632F2:t5, leader=null, voted=8daad421-2b8c-43d7-86bc-2a9f0604b7fd, raftlog=8daad421-2b8c-43d7-86bc-2a9f0604b7fd@group-41F21C1632F2-SegmentedRaftLog:OPENED:c0,f0,i0, conf=0: [8daad421-2b8c-43d7-86bc-2a9f0604b7fd:192.168.151.103:38707, b5608615-b136-4a3c-af34-60e80608899d:192.168.151.103:38736, 559a1e5d-7325-42b4-8015-f20f7c522db9:192.168.151.103:39572], old=null
2019-09-27 10:17:06,193 [8daad421-2b8c-43d7-86bc-2a9f0604b7fd@group-41F21C1632F2:LeaderElection43] INFO  impl.LeaderElection (LogUtils.java:infoOrTrace(149)) -   Exception 0: {}
java.util.concurrent.ExecutionException: org.apache.ratis.thirdparty.io.grpc.StatusRuntimeException: UNAVAILABLE: io exception
	at java.util.concurrent.FutureTask.report(FutureTask.java:122)
	at java.util.concurrent.FutureTask.get(FutureTask.java:192)
	at org.apache.ratis.server.impl.LeaderElection.waitForResults(LeaderElection.java:263)
	at org.apache.ratis.server.impl.LeaderElection.askForVotes(LeaderElection.java:201)
	at org.apache.ratis.server.impl.LeaderElection.run(LeaderElection.java:133)
	at java.lang.Thread.run(Thread.java:748)
Caused by: org.apache.ratis.thirdparty.io.grpc.StatusRuntimeException: UNAVAILABLE: io exception
	at org.apache.ratis.thirdparty.io.grpc.stub.ClientCalls.toStatusRuntimeException(ClientCalls.java:233)
	at org.apache.ratis.thirdparty.io.grpc.stub.ClientCalls.getUnchecked(ClientCalls.java:214)
	at org.apache.ratis.thirdparty.io.grpc.stub.ClientCalls.blockingUnaryCall(ClientCalls.java:139)
	at org.apache.ratis.proto.grpc.RaftServerProtocolServiceGrpc$RaftServerProtocolServiceBlockingStub.requestVote(RaftServerProtocolServiceGrpc.java:265)
	at org.apache.ratis.grpc.server.GrpcServerProtocolClient.requestVote(GrpcServerProtocolClient.java:90)
	at org.apache.ratis.grpc.server.GrpcService.requestVote(GrpcService.java:204)
	at org.apache.ratis.server.impl.LeaderElection.lambda$submitRequests$1(LeaderElection.java:238)
	at java.util.concurrent.FutureTask.run(FutureTask.java:266)
	at java.util.concurrent.Executors$RunnableAdapter.call(Executors.java:511)
	at java.util.concurrent.FutureTask.run(FutureTask.java:266)
	at java.util.concurrent.ThreadPoolExecutor.runWorker(ThreadPoolExecutor.java:1149)
	at java.util.concurrent.ThreadPoolExecutor$Worker.run(ThreadPoolExecutor.java:624)
	... 1 more
Caused by: org.apache.ratis.thirdparty.io.netty.channel.AbstractChannel$AnnotatedConnectException: Connection refused: /192.168.151.103:38736
	at sun.nio.ch.SocketChannelImpl.checkConnect(Native Method)
	at sun.nio.ch.SocketChannelImpl.finishConnect(SocketChannelImpl.java:717)
	at org.apache.ratis.thirdparty.io.netty.channel.socket.nio.NioSocketChannel.doFinishConnect(NioSocketChannel.java:327)
	at org.apache.ratis.thirdparty.io.netty.channel.nio.AbstractNioChannel$AbstractNioUnsafe.finishConnect(AbstractNioChannel.java:340)
	at org.apache.ratis.thirdparty.io.netty.channel.nio.NioEventLoop.processSelectedKey(NioEventLoop.java:632)
	at org.apache.ratis.thirdparty.io.netty.channel.nio.NioEventLoop.processSelectedKeysOptimized(NioEventLoop.java:579)
	at org.apache.ratis.thirdparty.io.netty.channel.nio.NioEventLoop.processSelectedKeys(NioEventLoop.java:496)
	at org.apache.ratis.thirdparty.io.netty.channel.nio.NioEventLoop.run(NioEventLoop.java:458)
	at org.apache.ratis.thirdparty.io.netty.util.concurrent.SingleThreadEventExecutor$5.run(SingleThreadEventExecutor.java:897)
	at org.apache.ratis.thirdparty.io.netty.util.concurrent.FastThreadLocalRunnable.run(FastThreadLocalRunnable.java:30)
	... 1 more
Caused by: java.net.ConnectException: Connection refused
	... 11 more
2019-09-27 10:17:06,193 [8daad421-2b8c-43d7-86bc-2a9f0604b7fd@group-41F21C1632F2:LeaderElection43] INFO  impl.LeaderElection (LogUtils.java:infoOrTrace(149)) -   Exception 1: {}
java.util.concurrent.ExecutionException: org.apache.ratis.thirdparty.io.grpc.StatusRuntimeException: UNAVAILABLE: io exception
	at java.util.concurrent.FutureTask.report(FutureTask.java:122)
	at java.util.concurrent.FutureTask.get(FutureTask.java:192)
	at org.apache.ratis.server.impl.LeaderElection.waitForResults(LeaderElection.java:263)
	at org.apache.ratis.server.impl.LeaderElection.askForVotes(LeaderElection.java:201)
	at org.apache.ratis.server.impl.LeaderElection.run(LeaderElection.java:133)
	at java.lang.Thread.run(Thread.java:748)
Caused by: org.apache.ratis.thirdparty.io.grpc.StatusRuntimeException: UNAVAILABLE: io exception
	at org.apache.ratis.thirdparty.io.grpc.stub.ClientCalls.toStatusRuntimeException(ClientCalls.java:233)
	at org.apache.ratis.thirdparty.io.grpc.stub.ClientCalls.getUnchecked(ClientCalls.java:214)
	at org.apache.ratis.thirdparty.io.grpc.stub.ClientCalls.blockingUnaryCall(ClientCalls.java:139)
	at org.apache.ratis.proto.grpc.RaftServerProtocolServiceGrpc$RaftServerProtocolServiceBlockingStub.requestVote(RaftServerProtocolServiceGrpc.java:265)
	at org.apache.ratis.grpc.server.GrpcServerProtocolClient.requestVote(GrpcServerProtocolClient.java:90)
	at org.apache.ratis.grpc.server.GrpcService.requestVote(GrpcService.java:204)
	at org.apache.ratis.server.impl.LeaderElection.lambda$submitRequests$1(LeaderElection.java:238)
	at java.util.concurrent.FutureTask.run(FutureTask.java:266)
	at java.util.concurrent.Executors$RunnableAdapter.call(Executors.java:511)
	at java.util.concurrent.FutureTask.run(FutureTask.java:266)
	at java.util.concurrent.ThreadPoolExecutor.runWorker(ThreadPoolExecutor.java:1149)
	at java.util.concurrent.ThreadPoolExecutor$Worker.run(ThreadPoolExecutor.java:624)
	... 1 more
Caused by: org.apache.ratis.thirdparty.io.netty.channel.AbstractChannel$AnnotatedConnectException: Connection refused: /192.168.151.103:39572
	at sun.nio.ch.SocketChannelImpl.checkConnect(Native Method)
	at sun.nio.ch.SocketChannelImpl.finishConnect(SocketChannelImpl.java:717)
	at org.apache.ratis.thirdparty.io.netty.channel.socket.nio.NioSocketChannel.doFinishConnect(NioSocketChannel.java:327)
	at org.apache.ratis.thirdparty.io.netty.channel.nio.AbstractNioChannel$AbstractNioUnsafe.finishConnect(AbstractNioChannel.java:340)
	at org.apache.ratis.thirdparty.io.netty.channel.nio.NioEventLoop.processSelectedKey(NioEventLoop.java:632)
	at org.apache.ratis.thirdparty.io.netty.channel.nio.NioEventLoop.processSelectedKeysOptimized(NioEventLoop.java:579)
	at org.apache.ratis.thirdparty.io.netty.channel.nio.NioEventLoop.processSelectedKeys(NioEventLoop.java:496)
	at org.apache.ratis.thirdparty.io.netty.channel.nio.NioEventLoop.run(NioEventLoop.java:458)
	at org.apache.ratis.thirdparty.io.netty.util.concurrent.SingleThreadEventExecutor$5.run(SingleThreadEventExecutor.java:897)
	at org.apache.ratis.thirdparty.io.netty.util.concurrent.FastThreadLocalRunnable.run(FastThreadLocalRunnable.java:30)
	... 1 more
Caused by: java.net.ConnectException: Connection refused
	... 11 more
2019-09-27 10:17:06,194 [8daad421-2b8c-43d7-86bc-2a9f0604b7fd@group-41F21C1632F2:LeaderElection43] INFO  impl.RaftServerImpl (RaftServerImpl.java:setRole(174)) - 8daad421-2b8c-43d7-86bc-2a9f0604b7fd@group-41F21C1632F2: changes role from CANDIDATE to FOLLOWER at term 5 for DISCOVERED_A_NEW_TERM
2019-09-27 10:17:06,194 [8daad421-2b8c-43d7-86bc-2a9f0604b7fd@group-41F21C1632F2:LeaderElection43] INFO  impl.RoleInfo (RoleInfo.java:shutdownLeaderElection(134)) - 8daad421-2b8c-43d7-86bc-2a9f0604b7fd: shutdown LeaderElection
2019-09-27 10:17:06,194 [8daad421-2b8c-43d7-86bc-2a9f0604b7fd@group-41F21C1632F2:LeaderElection43] INFO  impl.RoleInfo (RoleInfo.java:updateAndGet(143)) - 8daad421-2b8c-43d7-86bc-2a9f0604b7fd: start FollowerState
2019-09-27 10:17:06,644 [ForkJoinPool.commonPool-worker-0] INFO  ozoneimpl.OzoneContainer (OzoneContainer.java:stop(231)) - Attempting to stop container services.
2019-09-27 10:17:06,647 [main] INFO  ozoneimpl.OzoneContainer (OzoneContainer.java:stop(231)) - Attempting to stop container services.
2019-09-27 10:17:06,647 [ForkJoinPool.commonPool-worker-0] INFO  impl.RaftServerProxy (RaftServerProxy.java:lambda$close$4(314)) - 8daad421-2b8c-43d7-86bc-2a9f0604b7fd: close
2019-09-27 10:17:06,647 [main] INFO  impl.RaftServerProxy (RaftServerProxy.java:lambda$close$4(314)) - 7f046ac0-040c-46f3-9bb5-a2271b996dc0: close
2019-09-27 10:17:06,647 [ForkJoinPool.commonPool-worker-0] INFO  impl.RaftServerImpl (RaftServerImpl.java:lambda$shutdown$3(251)) - 8daad421-2b8c-43d7-86bc-2a9f0604b7fd@group-807C970AF451: shutdown
2019-09-27 10:17:06,648 [main] INFO  impl.RaftServerImpl (RaftServerImpl.java:lambda$shutdown$3(251)) - 7f046ac0-040c-46f3-9bb5-a2271b996dc0@group-9C61E6F33F22: shutdown
2019-09-27 10:17:06,648 [ForkJoinPool.commonPool-worker-0] INFO  util.JmxRegister (JmxRegister.java:unregister(73)) - Successfully un-registered JMX Bean with object name Ratis:service=RaftServer,group=group-807C970AF451,id=8daad421-2b8c-43d7-86bc-2a9f0604b7fd
2019-09-27 10:17:06,648 [main] INFO  util.JmxRegister (JmxRegister.java:unregister(73)) - Successfully un-registered JMX Bean with object name Ratis:service=RaftServer,group=group-9C61E6F33F22,id=7f046ac0-040c-46f3-9bb5-a2271b996dc0
2019-09-27 10:17:06,649 [ForkJoinPool.commonPool-worker-0] INFO  impl.RoleInfo (RoleInfo.java:shutdownLeaderState(104)) - 8daad421-2b8c-43d7-86bc-2a9f0604b7fd: shutdown LeaderState
2019-09-27 10:17:06,649 [main] INFO  impl.RoleInfo (RoleInfo.java:shutdownLeaderState(104)) - 7f046ac0-040c-46f3-9bb5-a2271b996dc0: shutdown LeaderState
2019-09-27 10:17:06,649 [ForkJoinPool.commonPool-worker-0] INFO  impl.PendingRequests (PendingRequests.java:sendNotLeaderResponses(202)) - 8daad421-2b8c-43d7-86bc-2a9f0604b7fd-PendingRequests: sendNotLeaderResponses
2019-09-27 10:17:06,650 [main] INFO  impl.PendingRequests (PendingRequests.java:sendNotLeaderResponses(202)) - 7f046ac0-040c-46f3-9bb5-a2271b996dc0-PendingRequests: sendNotLeaderResponses
2019-09-27 10:17:06,650 [ForkJoinPool.commonPool-worker-0] INFO  impl.StateMachineUpdater (StateMachineUpdater.java:stopAndJoin(125)) - 8daad421-2b8c-43d7-86bc-2a9f0604b7fd@group-807C970AF451-StateMachineUpdater: set stopIndex = 0
2019-09-27 10:17:06,651 [main] INFO  impl.StateMachineUpdater (StateMachineUpdater.java:stopAndJoin(125)) - 7f046ac0-040c-46f3-9bb5-a2271b996dc0@group-9C61E6F33F22-StateMachineUpdater: set stopIndex = 0
2019-09-27 10:17:06,651 [ForkJoinPool.commonPool-worker-0] INFO  impl.RaftServerImpl (ServerState.java:close(385)) - 8daad421-2b8c-43d7-86bc-2a9f0604b7fd@group-807C970AF451: closes. applyIndex: 0
2019-09-27 10:17:06,651 [main] INFO  impl.RaftServerImpl (ServerState.java:close(385)) - 7f046ac0-040c-46f3-9bb5-a2271b996dc0@group-9C61E6F33F22: closes. applyIndex: 0
2019-09-27 10:17:06,652 [8daad421-2b8c-43d7-86bc-2a9f0604b7fd@group-807C970AF451-SegmentedRaftLogWorker] INFO  segmented.SegmentedRaftLogWorker (SegmentedRaftLogWorker.java:run(313)) - 8daad421-2b8c-43d7-86bc-2a9f0604b7fd@group-807C970AF451-SegmentedRaftLogWorker was interrupted, exiting. There are 0 tasks remaining in the queue.
2019-09-27 10:17:06,654 [7f046ac0-040c-46f3-9bb5-a2271b996dc0@group-9C61E6F33F22-SegmentedRaftLogWorker] INFO  segmented.SegmentedRaftLogWorker (SegmentedRaftLogWorker.java:run(313)) - 7f046ac0-040c-46f3-9bb5-a2271b996dc0@group-9C61E6F33F22-SegmentedRaftLogWorker was interrupted, exiting. There are 0 tasks remaining in the queue.
2019-09-27 10:17:06,654 [ForkJoinPool.commonPool-worker-0] INFO  segmented.SegmentedRaftLogWorker (SegmentedRaftLogWorker.java:close(228)) - 8daad421-2b8c-43d7-86bc-2a9f0604b7fd@group-807C970AF451-SegmentedRaftLogWorker close()
2019-09-27 10:17:06,656 [main] INFO  segmented.SegmentedRaftLogWorker (SegmentedRaftLogWorker.java:close(228)) - 7f046ac0-040c-46f3-9bb5-a2271b996dc0@group-9C61E6F33F22-SegmentedRaftLogWorker close()
2019-09-27 10:17:06,658 [ForkJoinPool.commonPool-worker-0] INFO  impl.RaftServerImpl (RaftServerImpl.java:lambda$shutdown$3(251)) - 8daad421-2b8c-43d7-86bc-2a9f0604b7fd@group-41F21C1632F2: shutdown
2019-09-27 10:17:06,660 [main] INFO  impl.RaftServerImpl (RaftServerImpl.java:lambda$shutdown$3(251)) - 7f046ac0-040c-46f3-9bb5-a2271b996dc0@group-E0020F8DDA2A: shutdown
2019-09-27 10:17:06,660 [ForkJoinPool.commonPool-worker-0] INFO  util.JmxRegister (JmxRegister.java:unregister(73)) - Successfully un-registered JMX Bean with object name Ratis:service=RaftServer,group=group-41F21C1632F2,id=8daad421-2b8c-43d7-86bc-2a9f0604b7fd
2019-09-27 10:17:06,660 [main] INFO  util.JmxRegister (JmxRegister.java:unregister(73)) - Successfully un-registered JMX Bean with object name Ratis:service=RaftServer,group=group-E0020F8DDA2A,id=7f046ac0-040c-46f3-9bb5-a2271b996dc0
2019-09-27 10:17:06,660 [ForkJoinPool.commonPool-worker-0] INFO  impl.RoleInfo (RoleInfo.java:shutdownFollowerState(121)) - 8daad421-2b8c-43d7-86bc-2a9f0604b7fd: shutdown FollowerState
2019-09-27 10:17:06,661 [main] INFO  impl.RoleInfo (RoleInfo.java:shutdownLeaderState(104)) - 7f046ac0-040c-46f3-9bb5-a2271b996dc0: shutdown LeaderState
2019-09-27 10:17:06,661 [Thread-3184] INFO  impl.FollowerState (FollowerState.java:run(115)) - 8daad421-2b8c-43d7-86bc-2a9f0604b7fd: FollowerState was interrupted: java.lang.InterruptedException: sleep interrupted
2019-09-27 10:17:06,661 [ForkJoinPool.commonPool-worker-0] INFO  impl.StateMachineUpdater (StateMachineUpdater.java:stopAndJoin(125)) - 8daad421-2b8c-43d7-86bc-2a9f0604b7fd@group-41F21C1632F2-StateMachineUpdater: set stopIndex = 0
2019-09-27 10:17:06,667 [ForkJoinPool.commonPool-worker-0] INFO  impl.RaftServerImpl (ServerState.java:close(385)) - 8daad421-2b8c-43d7-86bc-2a9f0604b7fd@group-41F21C1632F2: closes. applyIndex: 0
2019-09-27 10:17:06,665 [org.apache.ratis.server.impl.LogAppender$AppenderDaemon$$Lambda$410/2081295318@4023b6a] WARN  server.GrpcLogAppender (GrpcLogAppender.java:mayWait(143)) - 7f046ac0-040c-46f3-9bb5-a2271b996dc0@group-E0020F8DDA2A->c83678cc-3f57-4f05-b497-f3d8e0652d41-GrpcLogAppender: Wait interrupted by java.lang.InterruptedException
2019-09-27 10:17:06,665 [main] INFO  impl.PendingRequests (PendingRequests.java:sendNotLeaderResponses(202)) - 7f046ac0-040c-46f3-9bb5-a2271b996dc0-PendingRequests: sendNotLeaderResponses
2019-09-27 10:17:06,665 [org.apache.ratis.server.impl.LogAppender$AppenderDaemon$$Lambda$410/2081295318@4b338227] WARN  server.GrpcLogAppender (GrpcLogAppender.java:mayWait(143)) - 7f046ac0-040c-46f3-9bb5-a2271b996dc0@group-E0020F8DDA2A->0d58d125-c024-4d5f-9cc5-d1c3650afd4f-GrpcLogAppender: Wait interrupted by java.lang.InterruptedException
2019-09-27 10:17:06,668 [main] INFO  impl.StateMachineUpdater (StateMachineUpdater.java:stopAndJoin(125)) - 7f046ac0-040c-46f3-9bb5-a2271b996dc0@group-E0020F8DDA2A-StateMachineUpdater: set stopIndex = 0
2019-09-27 10:17:06,667 [8daad421-2b8c-43d7-86bc-2a9f0604b7fd@group-41F21C1632F2-SegmentedRaftLogWorker] INFO  segmented.SegmentedRaftLogWorker (SegmentedRaftLogWorker.java:run(313)) - 8daad421-2b8c-43d7-86bc-2a9f0604b7fd@group-41F21C1632F2-SegmentedRaftLogWorker was interrupted, exiting. There are 0 tasks remaining in the queue.
2019-09-27 10:17:06,668 [main] INFO  impl.RaftServerImpl (ServerState.java:close(385)) - 7f046ac0-040c-46f3-9bb5-a2271b996dc0@group-E0020F8DDA2A: closes. applyIndex: 0
2019-09-27 10:17:06,668 [grpc-default-executor-4] INFO  server.GrpcServerProtocolService (GrpcServerProtocolService.java:onCompleted(113)) - c83678cc-3f57-4f05-b497-f3d8e0652d41: Completed APPEND_ENTRIES, lastRequest: 7f046ac0-040c-46f3-9bb5-a2271b996dc0->c83678cc-3f57-4f05-b497-f3d8e0652d41#239-t1, previous=(t:1, i:0), leaderCommit=0, initializing? false, entries: <empty>
2019-09-27 10:17:06,670 [7f046ac0-040c-46f3-9bb5-a2271b996dc0@group-E0020F8DDA2A-SegmentedRaftLogWorker] INFO  segmented.SegmentedRaftLogWorker (SegmentedRaftLogWorker.java:run(313)) - 7f046ac0-040c-46f3-9bb5-a2271b996dc0@group-E0020F8DDA2A-SegmentedRaftLogWorker was interrupted, exiting. There are 0 tasks remaining in the queue.
2019-09-27 10:17:06,670 [ForkJoinPool.commonPool-worker-0] INFO  segmented.SegmentedRaftLogWorker (SegmentedRaftLogWorker.java:close(228)) - 8daad421-2b8c-43d7-86bc-2a9f0604b7fd@group-41F21C1632F2-SegmentedRaftLogWorker close()
2019-09-27 10:17:06,668 [grpc-default-executor-2] INFO  server.GrpcServerProtocolService (GrpcServerProtocolService.java:onCompleted(113)) - 0d58d125-c024-4d5f-9cc5-d1c3650afd4f: Completed APPEND_ENTRIES, lastRequest: 7f046ac0-040c-46f3-9bb5-a2271b996dc0->0d58d125-c024-4d5f-9cc5-d1c3650afd4f#239-t1, previous=(t:1, i:0), leaderCommit=0, initializing? false, entries: <empty>
2019-09-27 10:17:06,675 [grpc-default-executor-4] INFO  server.GrpcLogAppender (GrpcLogAppender.java:onCompleted(293)) - 7f046ac0-040c-46f3-9bb5-a2271b996dc0@group-E0020F8DDA2A->c83678cc-3f57-4f05-b497-f3d8e0652d41-AppendLogResponseHandler: follower responses appendEntries COMPLETED
2019-09-27 10:17:06,675 [ForkJoinPool.commonPool-worker-0] INFO  server.GrpcService (GrpcService.java:closeImpl(164)) - 8daad421-2b8c-43d7-86bc-2a9f0604b7fd: shutdown server with port 38707 now
2019-09-27 10:17:06,672 [main] INFO  segmented.SegmentedRaftLogWorker (SegmentedRaftLogWorker.java:close(228)) - 7f046ac0-040c-46f3-9bb5-a2271b996dc0@group-E0020F8DDA2A-SegmentedRaftLogWorker close()
2019-09-27 10:17:06,676 [ForkJoinPool.commonPool-worker-0] INFO  server.GrpcService (GrpcService.java:closeImpl(172)) - 8daad421-2b8c-43d7-86bc-2a9f0604b7fd: shutdown server with port 38707 successfully
2019-09-27 10:17:06,675 [grpc-default-executor-4] INFO  impl.FollowerInfo (FollowerInfo.java:lambda$new$0(51)) - 7f046ac0-040c-46f3-9bb5-a2271b996dc0@group-E0020F8DDA2A->c83678cc-3f57-4f05-b497-f3d8e0652d41: nextIndex: updateUnconditionally 1 -> 0
2019-09-27 10:17:06,675 [grpc-default-executor-2] INFO  server.GrpcLogAppender (GrpcLogAppender.java:onCompleted(293)) - 7f046ac0-040c-46f3-9bb5-a2271b996dc0@group-E0020F8DDA2A->0d58d125-c024-4d5f-9cc5-d1c3650afd4f-AppendLogResponseHandler: follower responses appendEntries COMPLETED
2019-09-27 10:17:06,677 [main] INFO  server.GrpcService (GrpcService.java:closeImpl(164)) - 7f046ac0-040c-46f3-9bb5-a2271b996dc0: shutdown server with port 41608 now
2019-09-27 10:17:06,678 [grpc-default-executor-2] INFO  impl.FollowerInfo (FollowerInfo.java:lambda$new$0(51)) - 7f046ac0-040c-46f3-9bb5-a2271b996dc0@group-E0020F8DDA2A->0d58d125-c024-4d5f-9cc5-d1c3650afd4f: nextIndex: updateUnconditionally 1 -> 0
2019-09-27 10:17:06,679 [main] INFO  server.GrpcService (GrpcService.java:closeImpl(172)) - 7f046ac0-040c-46f3-9bb5-a2271b996dc0: shutdown server with port 41608 successfully
2019-09-27 10:17:06,680 [refreshUsed-/workdir/hadoop-ozone/integration-test/target/test-dir/MiniOzoneClusterImpl-bf7d7b01-9820-4bf2-ac73-317d86ffef37/datanode-2/data/containers] WARN  fs.CachingGetSpaceUsed (CachingGetSpaceUsed.java:run(183)) - Thread Interrupted waiting to refresh disk information: sleep interrupted
2019-09-27 10:17:06,687 [refreshUsed-/workdir/hadoop-ozone/integration-test/target/test-dir/MiniOzoneClusterImpl-bf7d7b01-9820-4bf2-ac73-317d86ffef37/datanode-5/data/containers] WARN  fs.CachingGetSpaceUsed (CachingGetSpaceUsed.java:run(183)) - Thread Interrupted waiting to refresh disk information: sleep interrupted
2019-09-27 10:17:07,160 [ForkJoinPool.commonPool-worker-0] INFO  utils.BackgroundService (BackgroundService.java:shutdown(148)) - Shutting down service BlockDeletingService
2019-09-27 10:17:07,164 [ForkJoinPool.commonPool-worker-0] INFO  statemachine.DatanodeStateMachine (DatanodeStateMachine.java:stopDaemon(395)) - Ozone container server stopped.
2019-09-27 10:17:07,169 [ForkJoinPool.commonPool-worker-0] INFO  handler.ContextHandler (ContextHandler.java:doStop(910)) - Stopped o.e.j.w.WebAppContext@3234474{/,null,UNAVAILABLE}{/hddsDatanode}
2019-09-27 10:17:07,169 [ForkJoinPool.commonPool-worker-0] INFO  server.AbstractConnector (AbstractConnector.java:doStop(318)) - Stopped ServerConnector@631cb129{HTTP/1.1,[http/1.1]}{0.0.0.0:0}
2019-09-27 10:17:07,174 [ForkJoinPool.commonPool-worker-0] INFO  handler.ContextHandler (ContextHandler.java:doStop(910)) - Stopped o.e.j.s.ServletContextHandler@753fd7a1{/static,jar:file:/home/user/.m2/repository/org/apache/hadoop/hadoop-hdds-container-service/0.5.0-SNAPSHOT/hadoop-hdds-container-service-0.5.0-SNAPSHOT.jar!/webapps/static,UNAVAILABLE}
2019-09-27 10:17:07,174 [ForkJoinPool.commonPool-worker-0] INFO  handler.ContextHandler (ContextHandler.java:doStop(910)) - Stopped o.e.j.s.ServletContextHandler@10c47c79{/logs,file:///workdir/hadoop-ozone/integration-test/target/log,UNAVAILABLE}
2019-09-27 10:17:07,175 [main] INFO  utils.BackgroundService (BackgroundService.java:shutdown(148)) - Shutting down service BlockDeletingService
2019-09-27 10:17:07,180 [main] INFO  statemachine.DatanodeStateMachine (DatanodeStateMachine.java:stopDaemon(395)) - Ozone container server stopped.
2019-09-27 10:17:07,192 [main] INFO  handler.ContextHandler (ContextHandler.java:doStop(910)) - Stopped o.e.j.w.WebAppContext@4a44cfc0{/,null,UNAVAILABLE}{/hddsDatanode}
2019-09-27 10:17:07,193 [main] INFO  server.AbstractConnector (AbstractConnector.java:doStop(318)) - Stopped ServerConnector@60e3c26e{HTTP/1.1,[http/1.1]}{0.0.0.0:0}
2019-09-27 10:17:07,193 [main] INFO  handler.ContextHandler (ContextHandler.java:doStop(910)) - Stopped o.e.j.s.ServletContextHandler@7cfac39f{/static,jar:file:/home/user/.m2/repository/org/apache/hadoop/hadoop-hdds-container-service/0.5.0-SNAPSHOT/hadoop-hdds-container-service-0.5.0-SNAPSHOT.jar!/webapps/static,UNAVAILABLE}
2019-09-27 10:17:07,193 [main] INFO  handler.ContextHandler (ContextHandler.java:doStop(910)) - Stopped o.e.j.s.ServletContextHandler@64942607{/logs,file:///workdir/hadoop-ozone/integration-test/target/log,UNAVAILABLE}
2019-09-27 10:17:07,601 [Thread-2194] INFO  impl.FollowerState (FollowerState.java:run(106)) - c83678cc-3f57-4f05-b497-f3d8e0652d41:group-E0020F8DDA2A changes to CANDIDATE, lastRpcTime:1252, electionTimeout:1066ms
2019-09-27 10:17:07,602 [Thread-2194] INFO  impl.RoleInfo (RoleInfo.java:shutdownFollowerState(121)) - c83678cc-3f57-4f05-b497-f3d8e0652d41: shutdown FollowerState
2019-09-27 10:17:07,602 [Thread-2194] INFO  impl.RaftServerImpl (RaftServerImpl.java:setRole(174)) - c83678cc-3f57-4f05-b497-f3d8e0652d41@group-E0020F8DDA2A: changes role from  FOLLOWER to CANDIDATE at term 1 for changeToCandidate
2019-09-27 10:17:07,602 [Thread-2194] INFO  impl.RoleInfo (RoleInfo.java:updateAndGet(143)) - c83678cc-3f57-4f05-b497-f3d8e0652d41: start LeaderElection
2019-09-27 10:17:07,604 [c83678cc-3f57-4f05-b497-f3d8e0652d41@group-E0020F8DDA2A:LeaderElection44] INFO  impl.RaftServerImpl (ServerState.java:setLeader(253)) - c83678cc-3f57-4f05-b497-f3d8e0652d41@group-E0020F8DDA2A: change Leader from 7f046ac0-040c-46f3-9bb5-a2271b996dc0 to null at term 1 for initElection
2019-09-27 10:17:07,626 [c83678cc-3f57-4f05-b497-f3d8e0652d41@group-E0020F8DDA2A:LeaderElection44] INFO  impl.LeaderElection (LeaderElection.java:askForVotes(182)) - c83678cc-3f57-4f05-b497-f3d8e0652d41@group-E0020F8DDA2A:LeaderElection44: begin an election at term 2 for 0: [0d58d125-c024-4d5f-9cc5-d1c3650afd4f:192.168.151.103:36563, 7f046ac0-040c-46f3-9bb5-a2271b996dc0:192.168.151.103:41608, c83678cc-3f57-4f05-b497-f3d8e0652d41:192.168.151.103:46237], old=null
2019-09-27 10:17:07,631 [c83678cc-3f57-4f05-b497-f3d8e0652d41@group-E0020F8DDA2A:LeaderElection44] INFO  impl.LeaderElection (LogUtils.java:infoOrTrace(149)) - c83678cc-3f57-4f05-b497-f3d8e0652d41@group-E0020F8DDA2A:LeaderElection44 got exception when requesting votes: {}
java.util.concurrent.ExecutionException: org.apache.ratis.thirdparty.io.grpc.StatusRuntimeException: UNAVAILABLE: io exception
	at java.util.concurrent.FutureTask.report(FutureTask.java:122)
	at java.util.concurrent.FutureTask.get(FutureTask.java:192)
	at org.apache.ratis.server.impl.LeaderElection.waitForResults(LeaderElection.java:263)
	at org.apache.ratis.server.impl.LeaderElection.askForVotes(LeaderElection.java:201)
	at org.apache.ratis.server.impl.LeaderElection.run(LeaderElection.java:133)
	at java.lang.Thread.run(Thread.java:748)
Caused by: org.apache.ratis.thirdparty.io.grpc.StatusRuntimeException: UNAVAILABLE: io exception
	at org.apache.ratis.thirdparty.io.grpc.stub.ClientCalls.toStatusRuntimeException(ClientCalls.java:233)
	at org.apache.ratis.thirdparty.io.grpc.stub.ClientCalls.getUnchecked(ClientCalls.java:214)
	at org.apache.ratis.thirdparty.io.grpc.stub.ClientCalls.blockingUnaryCall(ClientCalls.java:139)
	at org.apache.ratis.proto.grpc.RaftServerProtocolServiceGrpc$RaftServerProtocolServiceBlockingStub.requestVote(RaftServerProtocolServiceGrpc.java:265)
	at org.apache.ratis.grpc.server.GrpcServerProtocolClient.requestVote(GrpcServerProtocolClient.java:90)
	at org.apache.ratis.grpc.server.GrpcService.requestVote(GrpcService.java:204)
	at org.apache.ratis.server.impl.LeaderElection.lambda$submitRequests$1(LeaderElection.java:238)
	at java.util.concurrent.FutureTask.run(FutureTask.java:266)
	at java.util.concurrent.Executors$RunnableAdapter.call(Executors.java:511)
	at java.util.concurrent.FutureTask.run(FutureTask.java:266)
	at java.util.concurrent.ThreadPoolExecutor.runWorker(ThreadPoolExecutor.java:1149)
	at java.util.concurrent.ThreadPoolExecutor$Worker.run(ThreadPoolExecutor.java:624)
	... 1 more
Caused by: org.apache.ratis.thirdparty.io.netty.channel.AbstractChannel$AnnotatedConnectException: Connection refused: /192.168.151.103:41608
	at sun.nio.ch.SocketChannelImpl.checkConnect(Native Method)
	at sun.nio.ch.SocketChannelImpl.finishConnect(SocketChannelImpl.java:717)
	at org.apache.ratis.thirdparty.io.netty.channel.socket.nio.NioSocketChannel.doFinishConnect(NioSocketChannel.java:327)
	at org.apache.ratis.thirdparty.io.netty.channel.nio.AbstractNioChannel$AbstractNioUnsafe.finishConnect(AbstractNioChannel.java:340)
	at org.apache.ratis.thirdparty.io.netty.channel.nio.NioEventLoop.processSelectedKey(NioEventLoop.java:632)
	at org.apache.ratis.thirdparty.io.netty.channel.nio.NioEventLoop.processSelectedKeysOptimized(NioEventLoop.java:579)
	at org.apache.ratis.thirdparty.io.netty.channel.nio.NioEventLoop.processSelectedKeys(NioEventLoop.java:496)
	at org.apache.ratis.thirdparty.io.netty.channel.nio.NioEventLoop.run(NioEventLoop.java:458)
	at org.apache.ratis.thirdparty.io.netty.util.concurrent.SingleThreadEventExecutor$5.run(SingleThreadEventExecutor.java:897)
	at org.apache.ratis.thirdparty.io.netty.util.concurrent.FastThreadLocalRunnable.run(FastThreadLocalRunnable.java:30)
	... 1 more
Caused by: java.net.ConnectException: Connection refused
	... 11 more
2019-09-27 10:17:07,635 [grpc-default-executor-4] INFO  impl.RaftServerImpl (ServerState.java:setLeader(253)) - 0d58d125-c024-4d5f-9cc5-d1c3650afd4f@group-E0020F8DDA2A: change Leader from 7f046ac0-040c-46f3-9bb5-a2271b996dc0 to null at term 2 for updateCurrentTerm
2019-09-27 10:17:07,635 [grpc-default-executor-4] INFO  impl.RaftServerImpl (RaftServerImpl.java:setRole(174)) - 0d58d125-c024-4d5f-9cc5-d1c3650afd4f@group-E0020F8DDA2A: changes role from  FOLLOWER to FOLLOWER at term 2 for recognizeCandidate:c83678cc-3f57-4f05-b497-f3d8e0652d41
2019-09-27 10:17:07,636 [grpc-default-executor-4] INFO  impl.RoleInfo (RoleInfo.java:shutdownFollowerState(121)) - 0d58d125-c024-4d5f-9cc5-d1c3650afd4f: shutdown FollowerState
2019-09-27 10:17:07,636 [grpc-default-executor-4] INFO  impl.RoleInfo (RoleInfo.java:updateAndGet(143)) - 0d58d125-c024-4d5f-9cc5-d1c3650afd4f: start FollowerState
2019-09-27 10:17:07,636 [Thread-2193] INFO  impl.FollowerState (FollowerState.java:run(115)) - 0d58d125-c024-4d5f-9cc5-d1c3650afd4f: FollowerState was interrupted: java.lang.InterruptedException: sleep interrupted
2019-09-27 10:17:07,653 [c83678cc-3f57-4f05-b497-f3d8e0652d41@group-E0020F8DDA2A:LeaderElection44] INFO  impl.LeaderElection (LeaderElection.java:logAndReturn(56)) - c83678cc-3f57-4f05-b497-f3d8e0652d41@group-E0020F8DDA2A:LeaderElection44: Election PASSED; received 1 response(s) [c83678cc-3f57-4f05-b497-f3d8e0652d41<-0d58d125-c024-4d5f-9cc5-d1c3650afd4f#0:OK-t2] and 1 exception(s); c83678cc-3f57-4f05-b497-f3d8e0652d41@group-E0020F8DDA2A:t2, leader=null, voted=c83678cc-3f57-4f05-b497-f3d8e0652d41, raftlog=c83678cc-3f57-4f05-b497-f3d8e0652d41@group-E0020F8DDA2A-SegmentedRaftLog:OPENED:c0,f0,i0, conf=0: [0d58d125-c024-4d5f-9cc5-d1c3650afd4f:192.168.151.103:36563, 7f046ac0-040c-46f3-9bb5-a2271b996dc0:192.168.151.103:41608, c83678cc-3f57-4f05-b497-f3d8e0652d41:192.168.151.103:46237], old=null
2019-09-27 10:17:07,653 [c83678cc-3f57-4f05-b497-f3d8e0652d41@group-E0020F8DDA2A:LeaderElection44] INFO  impl.LeaderElection (LogUtils.java:infoOrTrace(149)) -   Exception 0: {}
java.util.concurrent.ExecutionException: org.apache.ratis.thirdparty.io.grpc.StatusRuntimeException: UNAVAILABLE: io exception
	at java.util.concurrent.FutureTask.report(FutureTask.java:122)
	at java.util.concurrent.FutureTask.get(FutureTask.java:192)
	at org.apache.ratis.server.impl.LeaderElection.waitForResults(LeaderElection.java:263)
	at org.apache.ratis.server.impl.LeaderElection.askForVotes(LeaderElection.java:201)
	at org.apache.ratis.server.impl.LeaderElection.run(LeaderElection.java:133)
	at java.lang.Thread.run(Thread.java:748)
Caused by: org.apache.ratis.thirdparty.io.grpc.StatusRuntimeException: UNAVAILABLE: io exception
	at org.apache.ratis.thirdparty.io.grpc.stub.ClientCalls.toStatusRuntimeException(ClientCalls.java:233)
	at org.apache.ratis.thirdparty.io.grpc.stub.ClientCalls.getUnchecked(ClientCalls.java:214)
	at org.apache.ratis.thirdparty.io.grpc.stub.ClientCalls.blockingUnaryCall(ClientCalls.java:139)
	at org.apache.ratis.proto.grpc.RaftServerProtocolServiceGrpc$RaftServerProtocolServiceBlockingStub.requestVote(RaftServerProtocolServiceGrpc.java:265)
	at org.apache.ratis.grpc.server.GrpcServerProtocolClient.requestVote(GrpcServerProtocolClient.java:90)
	at org.apache.ratis.grpc.server.GrpcService.requestVote(GrpcService.java:204)
	at org.apache.ratis.server.impl.LeaderElection.lambda$submitRequests$1(LeaderElection.java:238)
	at java.util.concurrent.FutureTask.run(FutureTask.java:266)
	at java.util.concurrent.Executors$RunnableAdapter.call(Executors.java:511)
	at java.util.concurrent.FutureTask.run(FutureTask.java:266)
	at java.util.concurrent.ThreadPoolExecutor.runWorker(ThreadPoolExecutor.java:1149)
	at java.util.concurrent.ThreadPoolExecutor$Worker.run(ThreadPoolExecutor.java:624)
	... 1 more
Caused by: org.apache.ratis.thirdparty.io.netty.channel.AbstractChannel$AnnotatedConnectException: Connection refused: /192.168.151.103:41608
	at sun.nio.ch.SocketChannelImpl.checkConnect(Native Method)
	at sun.nio.ch.SocketChannelImpl.finishConnect(SocketChannelImpl.java:717)
	at org.apache.ratis.thirdparty.io.netty.channel.socket.nio.NioSocketChannel.doFinishConnect(NioSocketChannel.java:327)
	at org.apache.ratis.thirdparty.io.netty.channel.nio.AbstractNioChannel$AbstractNioUnsafe.finishConnect(AbstractNioChannel.java:340)
	at org.apache.ratis.thirdparty.io.netty.channel.nio.NioEventLoop.processSelectedKey(NioEventLoop.java:632)
	at org.apache.ratis.thirdparty.io.netty.channel.nio.NioEventLoop.processSelectedKeysOptimized(NioEventLoop.java:579)
	at org.apache.ratis.thirdparty.io.netty.channel.nio.NioEventLoop.processSelectedKeys(NioEventLoop.java:496)
	at org.apache.ratis.thirdparty.io.netty.channel.nio.NioEventLoop.run(NioEventLoop.java:458)
	at org.apache.ratis.thirdparty.io.netty.util.concurrent.SingleThreadEventExecutor$5.run(SingleThreadEventExecutor.java:897)
	at org.apache.ratis.thirdparty.io.netty.util.concurrent.FastThreadLocalRunnable.run(FastThreadLocalRunnable.java:30)
	... 1 more
Caused by: java.net.ConnectException: Connection refused
	... 11 more
2019-09-27 10:17:07,654 [c83678cc-3f57-4f05-b497-f3d8e0652d41@group-E0020F8DDA2A:LeaderElection44] INFO  impl.RoleInfo (RoleInfo.java:shutdownLeaderElection(134)) - c83678cc-3f57-4f05-b497-f3d8e0652d41: shutdown LeaderElection
2019-09-27 10:17:07,654 [c83678cc-3f57-4f05-b497-f3d8e0652d41@group-E0020F8DDA2A:LeaderElection44] INFO  impl.RaftServerImpl (RaftServerImpl.java:setRole(174)) - c83678cc-3f57-4f05-b497-f3d8e0652d41@group-E0020F8DDA2A: changes role from CANDIDATE to LEADER at term 2 for changeToLeader
2019-09-27 10:17:07,654 [c83678cc-3f57-4f05-b497-f3d8e0652d41@group-E0020F8DDA2A:LeaderElection44] INFO  impl.RaftServerImpl (ServerState.java:setLeader(253)) - c83678cc-3f57-4f05-b497-f3d8e0652d41@group-E0020F8DDA2A: change Leader from null to c83678cc-3f57-4f05-b497-f3d8e0652d41 at term 2 for becomeLeader, leader elected after 50ms
2019-09-27 10:17:07,654 [c83678cc-3f57-4f05-b497-f3d8e0652d41@group-E0020F8DDA2A:LeaderElection44] INFO  server.RaftServerConfigKeys (ConfUtils.java:logGet(43)) - raft.server.staging.catchup.gap = 1000 (default)
2019-09-27 10:17:07,655 [c83678cc-3f57-4f05-b497-f3d8e0652d41@group-E0020F8DDA2A:LeaderElection44] INFO  server.RaftServerConfigKeys (ConfUtils.java:logGet(43)) - raft.server.rpc.sleep.time = 25ms (default)
2019-09-27 10:17:07,655 [c83678cc-3f57-4f05-b497-f3d8e0652d41@group-E0020F8DDA2A:LeaderElection44] INFO  server.RaftServerConfigKeys (ConfUtils.java:logGet(43)) - raft.server.write.element-limit = 4096 (default)
2019-09-27 10:17:07,655 [c83678cc-3f57-4f05-b497-f3d8e0652d41@group-E0020F8DDA2A:LeaderElection44] INFO  server.RaftServerConfigKeys (ConfUtils.java:logGet(43)) - raft.server.watch.timeout = 10s (default)
2019-09-27 10:17:07,655 [c83678cc-3f57-4f05-b497-f3d8e0652d41@group-E0020F8DDA2A:LeaderElection44] INFO  server.RaftServerConfigKeys (ConfUtils.java:logGet(43)) - raft.server.watch.timeout.denomination = 1s (default)
2019-09-27 10:17:07,656 [c83678cc-3f57-4f05-b497-f3d8e0652d41@group-E0020F8DDA2A:LeaderElection44] INFO  server.RaftServerConfigKeys (ConfUtils.java:logGet(43)) - raft.server.watch.element-limit = 65536 (default)
2019-09-27 10:17:07,660 [c83678cc-3f57-4f05-b497-f3d8e0652d41@group-E0020F8DDA2A:LeaderElection44] INFO  server.RaftServerConfigKeys (ConfUtils.java:logGet(43)) - raft.server.log.appender.snapshot.chunk.size.max = 16MB (=16777216) (default)
2019-09-27 10:17:07,660 [c83678cc-3f57-4f05-b497-f3d8e0652d41@group-E0020F8DDA2A:LeaderElection44] INFO  server.RaftServerConfigKeys (ConfUtils.java:logGet(43)) - raft.server.log.appender.buffer.byte-limit = 33554432 (custom)
2019-09-27 10:17:07,660 [c83678cc-3f57-4f05-b497-f3d8e0652d41@group-E0020F8DDA2A:LeaderElection44] INFO  server.RaftServerConfigKeys (ConfUtils.java:logGet(43)) - raft.server.log.appender.buffer.element-limit = 1 (custom)
2019-09-27 10:17:07,661 [c83678cc-3f57-4f05-b497-f3d8e0652d41@group-E0020F8DDA2A:LeaderElection44] INFO  grpc.GrpcConfigKeys$Server (ConfUtils.java:logGet(43)) - raft.grpc.server.leader.outstanding.appends.max = 128 (default)
2019-09-27 10:17:07,661 [c83678cc-3f57-4f05-b497-f3d8e0652d41@group-E0020F8DDA2A:LeaderElection44] INFO  server.RaftServerConfigKeys (ConfUtils.java:logGet(43)) - raft.server.rpc.request.timeout = 3000ms (default)
2019-09-27 10:17:07,661 [c83678cc-3f57-4f05-b497-f3d8e0652d41@group-E0020F8DDA2A:LeaderElection44] INFO  server.RaftServerConfigKeys (ConfUtils.java:logGet(43)) - raft.server.log.appender.install.snapshot.enabled = false (custom)
2019-09-27 10:17:07,662 [c83678cc-3f57-4f05-b497-f3d8e0652d41@group-E0020F8DDA2A:LeaderElection44] INFO  server.RaftServerConfigKeys (ConfUtils.java:logGet(43)) - raft.server.log.appender.snapshot.chunk.size.max = 16MB (=16777216) (default)
2019-09-27 10:17:07,662 [c83678cc-3f57-4f05-b497-f3d8e0652d41@group-E0020F8DDA2A:LeaderElection44] INFO  server.RaftServerConfigKeys (ConfUtils.java:logGet(43)) - raft.server.log.appender.buffer.byte-limit = 33554432 (custom)
2019-09-27 10:17:07,662 [c83678cc-3f57-4f05-b497-f3d8e0652d41@group-E0020F8DDA2A:LeaderElection44] INFO  server.RaftServerConfigKeys (ConfUtils.java:logGet(43)) - raft.server.log.appender.buffer.element-limit = 1 (custom)
2019-09-27 10:17:07,662 [c83678cc-3f57-4f05-b497-f3d8e0652d41@group-E0020F8DDA2A:LeaderElection44] INFO  grpc.GrpcConfigKeys$Server (ConfUtils.java:logGet(43)) - raft.grpc.server.leader.outstanding.appends.max = 128 (default)
2019-09-27 10:17:07,662 [c83678cc-3f57-4f05-b497-f3d8e0652d41@group-E0020F8DDA2A:LeaderElection44] INFO  server.RaftServerConfigKeys (ConfUtils.java:logGet(43)) - raft.server.rpc.request.timeout = 3000ms (default)
2019-09-27 10:17:07,663 [c83678cc-3f57-4f05-b497-f3d8e0652d41@group-E0020F8DDA2A:LeaderElection44] INFO  server.RaftServerConfigKeys (ConfUtils.java:logGet(43)) - raft.server.log.appender.install.snapshot.enabled = false (custom)
2019-09-27 10:17:07,663 [c83678cc-3f57-4f05-b497-f3d8e0652d41@group-E0020F8DDA2A:LeaderElection44] INFO  impl.RoleInfo (RoleInfo.java:updateAndGet(143)) - c83678cc-3f57-4f05-b497-f3d8e0652d41: start LeaderState
2019-09-27 10:17:07,664 [c83678cc-3f57-4f05-b497-f3d8e0652d41@group-E0020F8DDA2A:LeaderElection44] INFO  segmented.SegmentedRaftLogWorker (SegmentedRaftLogWorker.java:rollLogSegment(385)) - c83678cc-3f57-4f05-b497-f3d8e0652d41@group-E0020F8DDA2A-SegmentedRaftLogWorker: Rolling segment log-0_0 to index:0
2019-09-27 10:17:07,668 [c83678cc-3f57-4f05-b497-f3d8e0652d41@group-E0020F8DDA2A-SegmentedRaftLogWorker] INFO  segmented.SegmentedRaftLogWorker (SegmentedRaftLogWorker.java:execute(526)) - c83678cc-3f57-4f05-b497-f3d8e0652d41@group-E0020F8DDA2A-SegmentedRaftLogWorker: Rolled log segment from /workdir/hadoop-ozone/integration-test/target/test-dir/MiniOzoneClusterImpl-bf7d7b01-9820-4bf2-ac73-317d86ffef37/datanode-4/data/ratis/aa351c03-5bfa-4023-99b4-e0020f8dda2a/current/log_inprogress_0 to /workdir/hadoop-ozone/integration-test/target/test-dir/MiniOzoneClusterImpl-bf7d7b01-9820-4bf2-ac73-317d86ffef37/datanode-4/data/ratis/aa351c03-5bfa-4023-99b4-e0020f8dda2a/current/log_0-0
2019-09-27 10:17:07,674 [c83678cc-3f57-4f05-b497-f3d8e0652d41@group-E0020F8DDA2A:LeaderElection44] INFO  impl.RaftServerImpl (ServerState.java:setRaftConf(354)) - c83678cc-3f57-4f05-b497-f3d8e0652d41@group-E0020F8DDA2A: set configuration 1: [0d58d125-c024-4d5f-9cc5-d1c3650afd4f:192.168.151.103:36563, 7f046ac0-040c-46f3-9bb5-a2271b996dc0:192.168.151.103:41608, c83678cc-3f57-4f05-b497-f3d8e0652d41:192.168.151.103:46237], old=null at 1
2019-09-27 10:17:07,675 [grpc-default-executor-4] WARN  server.GrpcLogAppender (LogUtils.java:warn(134)) - c83678cc-3f57-4f05-b497-f3d8e0652d41@group-E0020F8DDA2A->7f046ac0-040c-46f3-9bb5-a2271b996dc0-AppendLogResponseHandler: Failed appendEntries: org.apache.ratis.thirdparty.io.grpc.StatusRuntimeException: UNAVAILABLE: io exception
2019-09-27 10:17:07,713 [grpc-default-executor-4] INFO  impl.FollowerInfo (FollowerInfo.java:lambda$new$0(51)) - c83678cc-3f57-4f05-b497-f3d8e0652d41@group-E0020F8DDA2A->7f046ac0-040c-46f3-9bb5-a2271b996dc0: nextIndex: updateUnconditionally 1 -> 0
2019-09-27 10:17:07,714 [grpc-default-executor-4] INFO  impl.RaftServerImpl (ServerState.java:setLeader(253)) - 0d58d125-c024-4d5f-9cc5-d1c3650afd4f@group-E0020F8DDA2A: change Leader from null to c83678cc-3f57-4f05-b497-f3d8e0652d41 at term 2 for appendEntries, leader elected after 78ms
2019-09-27 10:17:07,721 [grpc-default-executor-4] INFO  impl.RaftServerImpl (ServerState.java:setRaftConf(354)) - 0d58d125-c024-4d5f-9cc5-d1c3650afd4f@group-E0020F8DDA2A: set configuration 1: [0d58d125-c024-4d5f-9cc5-d1c3650afd4f:192.168.151.103:36563, 7f046ac0-040c-46f3-9bb5-a2271b996dc0:192.168.151.103:41608, c83678cc-3f57-4f05-b497-f3d8e0652d41:192.168.151.103:46237], old=null at 1
2019-09-27 10:17:07,721 [grpc-default-executor-4] INFO  segmented.SegmentedRaftLogWorker (SegmentedRaftLogWorker.java:rollLogSegment(385)) - 0d58d125-c024-4d5f-9cc5-d1c3650afd4f@group-E0020F8DDA2A-SegmentedRaftLogWorker: Rolling segment log-0_0 to index:0
2019-09-27 10:17:07,722 [0d58d125-c024-4d5f-9cc5-d1c3650afd4f@group-E0020F8DDA2A-SegmentedRaftLogWorker] INFO  segmented.SegmentedRaftLogWorker (SegmentedRaftLogWorker.java:execute(526)) - 0d58d125-c024-4d5f-9cc5-d1c3650afd4f@group-E0020F8DDA2A-SegmentedRaftLogWorker: Rolled log segment from /workdir/hadoop-ozone/integration-test/target/test-dir/MiniOzoneClusterImpl-bf7d7b01-9820-4bf2-ac73-317d86ffef37/datanode-0/data/ratis/aa351c03-5bfa-4023-99b4-e0020f8dda2a/current/log_inprogress_0 to /workdir/hadoop-ozone/integration-test/target/test-dir/MiniOzoneClusterImpl-bf7d7b01-9820-4bf2-ac73-317d86ffef37/datanode-0/data/ratis/aa351c03-5bfa-4023-99b4-e0020f8dda2a/current/log_0-0
2019-09-27 10:17:07,774 [c83678cc-3f57-4f05-b497-f3d8e0652d41@group-E0020F8DDA2A-SegmentedRaftLogWorker] INFO  segmented.SegmentedRaftLogWorker (SegmentedRaftLogWorker.java:execute(569)) - c83678cc-3f57-4f05-b497-f3d8e0652d41@group-E0020F8DDA2A-SegmentedRaftLogWorker: created new log segment /workdir/hadoop-ozone/integration-test/target/test-dir/MiniOzoneClusterImpl-bf7d7b01-9820-4bf2-ac73-317d86ffef37/datanode-4/data/ratis/aa351c03-5bfa-4023-99b4-e0020f8dda2a/current/log_inprogress_1
2019-09-27 10:17:07,786 [0d58d125-c024-4d5f-9cc5-d1c3650afd4f@group-E0020F8DDA2A-SegmentedRaftLogWorker] INFO  segmented.SegmentedRaftLogWorker (SegmentedRaftLogWorker.java:execute(569)) - 0d58d125-c024-4d5f-9cc5-d1c3650afd4f@group-E0020F8DDA2A-SegmentedRaftLogWorker: created new log segment /workdir/hadoop-ozone/integration-test/target/test-dir/MiniOzoneClusterImpl-bf7d7b01-9820-4bf2-ac73-317d86ffef37/datanode-0/data/ratis/aa351c03-5bfa-4023-99b4-e0020f8dda2a/current/log_inprogress_1
2019-09-27 10:17:07,808 [grpc-default-executor-2] WARN  server.GrpcLogAppender (LogUtils.java:warn(134)) - c83678cc-3f57-4f05-b497-f3d8e0652d41@group-E0020F8DDA2A->7f046ac0-040c-46f3-9bb5-a2271b996dc0-AppendLogResponseHandler: Failed appendEntries: org.apache.ratis.thirdparty.io.grpc.StatusRuntimeException: UNAVAILABLE: io exception
2019-09-27 10:17:07,809 [grpc-default-executor-2] INFO  impl.FollowerInfo (FollowerInfo.java:lambda$new$0(51)) - c83678cc-3f57-4f05-b497-f3d8e0652d41@group-E0020F8DDA2A->7f046ac0-040c-46f3-9bb5-a2271b996dc0: nextIndex: updateUnconditionally 1 -> 0
2019-09-27 10:17:07,815 [grpc-default-executor-0] WARN  server.GrpcLogAppender (LogUtils.java:warn(134)) - c83678cc-3f57-4f05-b497-f3d8e0652d41@group-E0020F8DDA2A->7f046ac0-040c-46f3-9bb5-a2271b996dc0-AppendLogResponseHandler: Failed appendEntries: org.apache.ratis.thirdparty.io.grpc.StatusRuntimeException: UNAVAILABLE: io exception
2019-09-27 10:17:07,816 [grpc-default-executor-0] INFO  impl.FollowerInfo (FollowerInfo.java:lambda$new$0(51)) - c83678cc-3f57-4f05-b497-f3d8e0652d41@group-E0020F8DDA2A->7f046ac0-040c-46f3-9bb5-a2271b996dc0: nextIndex: updateUnconditionally 1 -> 0
2019-09-27 10:17:08,098 [Datanode State Machine Thread - 0] INFO  statemachine.DatanodeStateMachine (DatanodeStateMachine.java:lambda$startDaemon$0(350)) - Ozone container server started.
2019-09-27 10:17:08,174 [Datanode State Machine Thread - 0] INFO  statemachine.DatanodeStateMachine (DatanodeStateMachine.java:lambda$startDaemon$0(350)) - Ozone container server started.
2019-09-27 10:17:08,317 [grpc-default-executor-4] WARN  server.GrpcLogAppender (LogUtils.java:warn(134)) - c83678cc-3f57-4f05-b497-f3d8e0652d41@group-E0020F8DDA2A->7f046ac0-040c-46f3-9bb5-a2271b996dc0-AppendLogResponseHandler: Failed appendEntries: org.apache.ratis.thirdparty.io.grpc.StatusRuntimeException: UNAVAILABLE: io exception
2019-09-27 10:17:08,318 [grpc-default-executor-4] INFO  impl.FollowerInfo (FollowerInfo.java:lambda$new$0(51)) - c83678cc-3f57-4f05-b497-f3d8e0652d41@group-E0020F8DDA2A->7f046ac0-040c-46f3-9bb5-a2271b996dc0: nextIndex: updateUnconditionally 0 -> 0
2019-09-27 10:17:08,818 [grpc-default-executor-2] WARN  server.GrpcLogAppender (LogUtils.java:warn(134)) - c83678cc-3f57-4f05-b497-f3d8e0652d41@group-E0020F8DDA2A->7f046ac0-040c-46f3-9bb5-a2271b996dc0-AppendLogResponseHandler: Failed appendEntries: org.apache.ratis.thirdparty.io.grpc.StatusRuntimeException: UNAVAILABLE: io exception
2019-09-27 10:17:08,819 [grpc-default-executor-2] INFO  impl.FollowerInfo (FollowerInfo.java:lambda$new$0(51)) - c83678cc-3f57-4f05-b497-f3d8e0652d41@group-E0020F8DDA2A->7f046ac0-040c-46f3-9bb5-a2271b996dc0: nextIndex: updateUnconditionally 0 -> 0
2019-09-27 10:17:09,320 [grpc-default-executor-2] WARN  server.GrpcLogAppender (LogUtils.java:warn(134)) - c83678cc-3f57-4f05-b497-f3d8e0652d41@group-E0020F8DDA2A->7f046ac0-040c-46f3-9bb5-a2271b996dc0-AppendLogResponseHandler: Failed appendEntries: org.apache.ratis.thirdparty.io.grpc.StatusRuntimeException: UNAVAILABLE: io exception
2019-09-27 10:17:09,320 [grpc-default-executor-2] INFO  impl.FollowerInfo (FollowerInfo.java:lambda$new$0(51)) - c83678cc-3f57-4f05-b497-f3d8e0652d41@group-E0020F8DDA2A->7f046ac0-040c-46f3-9bb5-a2271b996dc0: nextIndex: updateUnconditionally 0 -> 0
2019-09-27 10:17:09,821 [grpc-default-executor-0] WARN  server.GrpcLogAppender (LogUtils.java:warn(134)) - c83678cc-3f57-4f05-b497-f3d8e0652d41@group-E0020F8DDA2A->7f046ac0-040c-46f3-9bb5-a2271b996dc0-AppendLogResponseHandler: Failed appendEntries: org.apache.ratis.thirdparty.io.grpc.StatusRuntimeException: UNAVAILABLE: io exception
2019-09-27 10:17:09,822 [grpc-default-executor-0] INFO  impl.FollowerInfo (FollowerInfo.java:lambda$new$0(51)) - c83678cc-3f57-4f05-b497-f3d8e0652d41@group-E0020F8DDA2A->7f046ac0-040c-46f3-9bb5-a2271b996dc0: nextIndex: updateUnconditionally 0 -> 0
2019-09-27 10:17:10,322 [grpc-default-executor-4] WARN  server.GrpcLogAppender (LogUtils.java:warn(134)) - c83678cc-3f57-4f05-b497-f3d8e0652d41@group-E0020F8DDA2A->7f046ac0-040c-46f3-9bb5-a2271b996dc0-AppendLogResponseHandler: Failed appendEntries: org.apache.ratis.thirdparty.io.grpc.StatusRuntimeException: UNAVAILABLE: io exception
2019-09-27 10:17:10,323 [grpc-default-executor-4] INFO  impl.FollowerInfo (FollowerInfo.java:lambda$new$0(51)) - c83678cc-3f57-4f05-b497-f3d8e0652d41@group-E0020F8DDA2A->7f046ac0-040c-46f3-9bb5-a2271b996dc0: nextIndex: updateUnconditionally 0 -> 0
2019-09-27 10:17:10,823 [grpc-default-executor-0] WARN  server.GrpcLogAppender (LogUtils.java:warn(134)) - c83678cc-3f57-4f05-b497-f3d8e0652d41@group-E0020F8DDA2A->7f046ac0-040c-46f3-9bb5-a2271b996dc0-AppendLogResponseHandler: Failed appendEntries: org.apache.ratis.thirdparty.io.grpc.StatusRuntimeException: UNAVAILABLE: io exception
2019-09-27 10:17:10,824 [grpc-default-executor-0] INFO  impl.FollowerInfo (FollowerInfo.java:lambda$new$0(51)) - c83678cc-3f57-4f05-b497-f3d8e0652d41@group-E0020F8DDA2A->7f046ac0-040c-46f3-9bb5-a2271b996dc0: nextIndex: updateUnconditionally 0 -> 0
2019-09-27 10:17:11,324 [grpc-default-executor-2] WARN  server.GrpcLogAppender (LogUtils.java:warn(134)) - c83678cc-3f57-4f05-b497-f3d8e0652d41@group-E0020F8DDA2A->7f046ac0-040c-46f3-9bb5-a2271b996dc0-AppendLogResponseHandler: Failed appendEntries: org.apache.ratis.thirdparty.io.grpc.StatusRuntimeException: UNAVAILABLE: io exception
2019-09-27 10:17:11,324 [grpc-default-executor-2] INFO  impl.FollowerInfo (FollowerInfo.java:lambda$new$0(51)) - c83678cc-3f57-4f05-b497-f3d8e0652d41@group-E0020F8DDA2A->7f046ac0-040c-46f3-9bb5-a2271b996dc0: nextIndex: updateUnconditionally 0 -> 0
2019-09-27 10:17:11,826 [grpc-default-executor-4] WARN  server.GrpcLogAppender (LogUtils.java:warn(134)) - c83678cc-3f57-4f05-b497-f3d8e0652d41@group-E0020F8DDA2A->7f046ac0-040c-46f3-9bb5-a2271b996dc0-AppendLogResponseHandler: Failed appendEntries: org.apache.ratis.thirdparty.io.grpc.StatusRuntimeException: UNAVAILABLE: io exception
2019-09-27 10:17:11,828 [grpc-default-executor-4] INFO  impl.FollowerInfo (FollowerInfo.java:lambda$new$0(51)) - c83678cc-3f57-4f05-b497-f3d8e0652d41@group-E0020F8DDA2A->7f046ac0-040c-46f3-9bb5-a2271b996dc0: nextIndex: updateUnconditionally 0 -> 0
2019-09-27 10:17:12,176 [ForkJoinPool.commonPool-worker-0] INFO  ozoneimpl.OzoneContainer (OzoneContainer.java:stop(231)) - Attempting to stop container services.
2019-09-27 10:17:12,177 [ForkJoinPool.commonPool-worker-0] INFO  impl.RaftServerProxy (RaftServerProxy.java:lambda$close$4(314)) - 0d58d125-c024-4d5f-9cc5-d1c3650afd4f: close
2019-09-27 10:17:12,177 [ForkJoinPool.commonPool-worker-0] INFO  impl.RaftServerImpl (RaftServerImpl.java:lambda$shutdown$3(251)) - 0d58d125-c024-4d5f-9cc5-d1c3650afd4f@group-1501CBD631F2: shutdown
2019-09-27 10:17:12,178 [ForkJoinPool.commonPool-worker-0] INFO  util.JmxRegister (JmxRegister.java:unregister(73)) - Successfully un-registered JMX Bean with object name Ratis:service=RaftServer,group=group-1501CBD631F2,id=0d58d125-c024-4d5f-9cc5-d1c3650afd4f
2019-09-27 10:17:12,178 [ForkJoinPool.commonPool-worker-0] INFO  impl.RoleInfo (RoleInfo.java:shutdownLeaderState(104)) - 0d58d125-c024-4d5f-9cc5-d1c3650afd4f: shutdown LeaderState
2019-09-27 10:17:12,178 [ForkJoinPool.commonPool-worker-0] INFO  impl.PendingRequests (PendingRequests.java:sendNotLeaderResponses(202)) - 0d58d125-c024-4d5f-9cc5-d1c3650afd4f-PendingRequests: sendNotLeaderResponses
2019-09-27 10:17:12,179 [ForkJoinPool.commonPool-worker-0] INFO  impl.StateMachineUpdater (StateMachineUpdater.java:stopAndJoin(125)) - 0d58d125-c024-4d5f-9cc5-d1c3650afd4f@group-1501CBD631F2-StateMachineUpdater: set stopIndex = 0
2019-09-27 10:17:12,179 [ForkJoinPool.commonPool-worker-0] INFO  impl.RaftServerImpl (ServerState.java:close(385)) - 0d58d125-c024-4d5f-9cc5-d1c3650afd4f@group-1501CBD631F2: closes. applyIndex: 0
2019-09-27 10:17:12,180 [0d58d125-c024-4d5f-9cc5-d1c3650afd4f@group-1501CBD631F2-SegmentedRaftLogWorker] INFO  segmented.SegmentedRaftLogWorker (SegmentedRaftLogWorker.java:run(313)) - 0d58d125-c024-4d5f-9cc5-d1c3650afd4f@group-1501CBD631F2-SegmentedRaftLogWorker was interrupted, exiting. There are 0 tasks remaining in the queue.
2019-09-27 10:17:12,182 [ForkJoinPool.commonPool-worker-0] INFO  segmented.SegmentedRaftLogWorker (SegmentedRaftLogWorker.java:close(228)) - 0d58d125-c024-4d5f-9cc5-d1c3650afd4f@group-1501CBD631F2-SegmentedRaftLogWorker close()
2019-09-27 10:17:12,184 [ForkJoinPool.commonPool-worker-0] INFO  impl.RaftServerImpl (RaftServerImpl.java:lambda$shutdown$3(251)) - 0d58d125-c024-4d5f-9cc5-d1c3650afd4f@group-E0020F8DDA2A: shutdown
2019-09-27 10:17:12,184 [ForkJoinPool.commonPool-worker-0] INFO  util.JmxRegister (JmxRegister.java:unregister(73)) - Successfully un-registered JMX Bean with object name Ratis:service=RaftServer,group=group-E0020F8DDA2A,id=0d58d125-c024-4d5f-9cc5-d1c3650afd4f
2019-09-27 10:17:12,185 [ForkJoinPool.commonPool-worker-0] INFO  impl.RoleInfo (RoleInfo.java:shutdownFollowerState(121)) - 0d58d125-c024-4d5f-9cc5-d1c3650afd4f: shutdown FollowerState
2019-09-27 10:17:12,185 [ForkJoinPool.commonPool-worker-0] INFO  impl.StateMachineUpdater (StateMachineUpdater.java:stopAndJoin(125)) - 0d58d125-c024-4d5f-9cc5-d1c3650afd4f@group-E0020F8DDA2A-StateMachineUpdater: set stopIndex = 2
2019-09-27 10:17:12,185 [Thread-3190] INFO  impl.FollowerState (FollowerState.java:run(115)) - 0d58d125-c024-4d5f-9cc5-d1c3650afd4f: FollowerState was interrupted: java.lang.InterruptedException: sleep interrupted
2019-09-27 10:17:12,186 [ForkJoinPool.commonPool-worker-0] INFO  impl.RaftServerImpl (ServerState.java:close(385)) - 0d58d125-c024-4d5f-9cc5-d1c3650afd4f@group-E0020F8DDA2A: closes. applyIndex: 2
2019-09-27 10:17:12,187 [0d58d125-c024-4d5f-9cc5-d1c3650afd4f@group-E0020F8DDA2A-SegmentedRaftLogWorker] INFO  segmented.SegmentedRaftLogWorker (SegmentedRaftLogWorker.java:run(313)) - 0d58d125-c024-4d5f-9cc5-d1c3650afd4f@group-E0020F8DDA2A-SegmentedRaftLogWorker was interrupted, exiting. There are 0 tasks remaining in the queue.
2019-09-27 10:17:12,189 [ForkJoinPool.commonPool-worker-0] INFO  segmented.SegmentedRaftLogWorker (SegmentedRaftLogWorker.java:close(228)) - 0d58d125-c024-4d5f-9cc5-d1c3650afd4f@group-E0020F8DDA2A-SegmentedRaftLogWorker close()
2019-09-27 10:17:12,194 [ForkJoinPool.commonPool-worker-0] INFO  server.GrpcService (GrpcService.java:closeImpl(164)) - 0d58d125-c024-4d5f-9cc5-d1c3650afd4f: shutdown server with port 36563 now
2019-09-27 10:17:12,195 [main] INFO  ozoneimpl.OzoneContainer (OzoneContainer.java:stop(231)) - Attempting to stop container services.
2019-09-27 10:17:12,195 [grpc-default-executor-2] WARN  server.GrpcServerProtocolService (LogUtils.java:warn(134)) - 0d58d125-c024-4d5f-9cc5-d1c3650afd4f: installSnapshot onError, lastRequest: c83678cc-3f57-4f05-b497-f3d8e0652d41->0d58d125-c024-4d5f-9cc5-d1c3650afd4f#10-t2, previous=(t:2, i:2), leaderCommit=2, initializing? false, entries: <empty>: org.apache.ratis.thirdparty.io.grpc.StatusRuntimeException: CANCELLED: cancelled before receiving half close
2019-09-27 10:17:12,196 [ForkJoinPool.commonPool-worker-0] INFO  server.GrpcService (GrpcService.java:closeImpl(172)) - 0d58d125-c024-4d5f-9cc5-d1c3650afd4f: shutdown server with port 36563 successfully
2019-09-27 10:17:12,196 [grpc-default-executor-4] WARN  server.GrpcLogAppender (LogUtils.java:warn(134)) - c83678cc-3f57-4f05-b497-f3d8e0652d41@group-E0020F8DDA2A->0d58d125-c024-4d5f-9cc5-d1c3650afd4f-AppendLogResponseHandler: Failed appendEntries: org.apache.ratis.thirdparty.io.grpc.StatusRuntimeException: CANCELLED: HTTP/2 error code: CANCEL
Received Rst Stream
2019-09-27 10:17:12,196 [main] INFO  impl.RaftServerProxy (RaftServerProxy.java:lambda$close$4(314)) - c83678cc-3f57-4f05-b497-f3d8e0652d41: close
2019-09-27 10:17:12,197 [grpc-default-executor-4] INFO  impl.FollowerInfo (FollowerInfo.java:lambda$new$0(51)) - c83678cc-3f57-4f05-b497-f3d8e0652d41@group-E0020F8DDA2A->0d58d125-c024-4d5f-9cc5-d1c3650afd4f: nextIndex: updateUnconditionally 3 -> 2
2019-09-27 10:17:12,197 [main] INFO  impl.RaftServerImpl (RaftServerImpl.java:lambda$shutdown$3(251)) - c83678cc-3f57-4f05-b497-f3d8e0652d41@group-6E8FFDC1B197: shutdown
2019-09-27 10:17:12,198 [main] INFO  util.JmxRegister (JmxRegister.java:unregister(73)) - Successfully un-registered JMX Bean with object name Ratis:service=RaftServer,group=group-6E8FFDC1B197,id=c83678cc-3f57-4f05-b497-f3d8e0652d41
2019-09-27 10:17:12,198 [main] INFO  impl.RoleInfo (RoleInfo.java:shutdownLeaderState(104)) - c83678cc-3f57-4f05-b497-f3d8e0652d41: shutdown LeaderState
2019-09-27 10:17:12,198 [main] INFO  impl.PendingRequests (PendingRequests.java:sendNotLeaderResponses(202)) - c83678cc-3f57-4f05-b497-f3d8e0652d41-PendingRequests: sendNotLeaderResponses
2019-09-27 10:17:12,199 [main] INFO  impl.StateMachineUpdater (StateMachineUpdater.java:stopAndJoin(125)) - c83678cc-3f57-4f05-b497-f3d8e0652d41@group-6E8FFDC1B197-StateMachineUpdater: set stopIndex = 0
2019-09-27 10:17:12,200 [main] INFO  impl.RaftServerImpl (ServerState.java:close(385)) - c83678cc-3f57-4f05-b497-f3d8e0652d41@group-6E8FFDC1B197: closes. applyIndex: 0
2019-09-27 10:17:12,200 [c83678cc-3f57-4f05-b497-f3d8e0652d41@group-6E8FFDC1B197-SegmentedRaftLogWorker] INFO  segmented.SegmentedRaftLogWorker (SegmentedRaftLogWorker.java:run(313)) - c83678cc-3f57-4f05-b497-f3d8e0652d41@group-6E8FFDC1B197-SegmentedRaftLogWorker was interrupted, exiting. There are 0 tasks remaining in the queue.
2019-09-27 10:17:12,200 [main] INFO  segmented.SegmentedRaftLogWorker (SegmentedRaftLogWorker.java:close(228)) - c83678cc-3f57-4f05-b497-f3d8e0652d41@group-6E8FFDC1B197-SegmentedRaftLogWorker close()
2019-09-27 10:17:12,201 [main] INFO  impl.RaftServerImpl (RaftServerImpl.java:lambda$shutdown$3(251)) - c83678cc-3f57-4f05-b497-f3d8e0652d41@group-E0020F8DDA2A: shutdown
2019-09-27 10:17:12,202 [main] INFO  util.JmxRegister (JmxRegister.java:unregister(73)) - Successfully un-registered JMX Bean with object name Ratis:service=RaftServer,group=group-E0020F8DDA2A,id=c83678cc-3f57-4f05-b497-f3d8e0652d41
2019-09-27 10:17:12,202 [main] INFO  impl.RoleInfo (RoleInfo.java:shutdownLeaderState(104)) - c83678cc-3f57-4f05-b497-f3d8e0652d41: shutdown LeaderState
2019-09-27 10:17:12,202 [refreshUsed-/workdir/hadoop-ozone/integration-test/target/test-dir/MiniOzoneClusterImpl-bf7d7b01-9820-4bf2-ac73-317d86ffef37/datanode-0/data/containers] WARN  fs.CachingGetSpaceUsed (CachingGetSpaceUsed.java:run(183)) - Thread Interrupted waiting to refresh disk information: sleep interrupted
2019-09-27 10:17:12,206 [org.apache.ratis.server.impl.LogAppender$AppenderDaemon$$Lambda$410/2081295318@51c3a260] WARN  server.GrpcLogAppender (GrpcLogAppender.java:mayWait(143)) - c83678cc-3f57-4f05-b497-f3d8e0652d41@group-E0020F8DDA2A->0d58d125-c024-4d5f-9cc5-d1c3650afd4f-GrpcLogAppender: Wait interrupted by java.lang.InterruptedException
2019-09-27 10:17:12,206 [org.apache.ratis.server.impl.LogAppender$AppenderDaemon$$Lambda$410/2081295318@2aa7619f] WARN  server.GrpcLogAppender (GrpcLogAppender.java:mayWait(143)) - c83678cc-3f57-4f05-b497-f3d8e0652d41@group-E0020F8DDA2A->7f046ac0-040c-46f3-9bb5-a2271b996dc0-GrpcLogAppender: Wait interrupted by java.lang.InterruptedException
2019-09-27 10:17:12,206 [main] INFO  impl.PendingRequests (PendingRequests.java:sendNotLeaderResponses(202)) - c83678cc-3f57-4f05-b497-f3d8e0652d41-PendingRequests: sendNotLeaderResponses
2019-09-27 10:17:12,210 [main] INFO  impl.StateMachineUpdater (StateMachineUpdater.java:stopAndJoin(125)) - c83678cc-3f57-4f05-b497-f3d8e0652d41@group-E0020F8DDA2A-StateMachineUpdater: set stopIndex = 2
2019-09-27 10:17:12,210 [main] INFO  impl.RaftServerImpl (ServerState.java:close(385)) - c83678cc-3f57-4f05-b497-f3d8e0652d41@group-E0020F8DDA2A: closes. applyIndex: 2
2019-09-27 10:17:12,211 [c83678cc-3f57-4f05-b497-f3d8e0652d41@group-E0020F8DDA2A-SegmentedRaftLogWorker] INFO  segmented.SegmentedRaftLogWorker (SegmentedRaftLogWorker.java:run(313)) - c83678cc-3f57-4f05-b497-f3d8e0652d41@group-E0020F8DDA2A-SegmentedRaftLogWorker was interrupted, exiting. There are 0 tasks remaining in the queue.
2019-09-27 10:17:12,211 [main] INFO  segmented.SegmentedRaftLogWorker (SegmentedRaftLogWorker.java:close(228)) - c83678cc-3f57-4f05-b497-f3d8e0652d41@group-E0020F8DDA2A-SegmentedRaftLogWorker close()
2019-09-27 10:17:12,212 [main] INFO  server.GrpcService (GrpcService.java:closeImpl(164)) - c83678cc-3f57-4f05-b497-f3d8e0652d41: shutdown server with port 46237 now
2019-09-27 10:17:12,212 [main] INFO  server.GrpcService (GrpcService.java:closeImpl(172)) - c83678cc-3f57-4f05-b497-f3d8e0652d41: shutdown server with port 46237 successfully
2019-09-27 10:17:12,215 [refreshUsed-/workdir/hadoop-ozone/integration-test/target/test-dir/MiniOzoneClusterImpl-bf7d7b01-9820-4bf2-ac73-317d86ffef37/datanode-4/data/containers] WARN  fs.CachingGetSpaceUsed (CachingGetSpaceUsed.java:run(183)) - Thread Interrupted waiting to refresh disk information: sleep interrupted
2019-09-27 10:17:12,229 [ForkJoinPool.commonPool-worker-0] INFO  utils.BackgroundService (BackgroundService.java:shutdown(148)) - Shutting down service BlockDeletingService
2019-09-27 10:17:12,233 [ForkJoinPool.commonPool-worker-0] INFO  statemachine.DatanodeStateMachine (DatanodeStateMachine.java:stopDaemon(395)) - Ozone container server stopped.
2019-09-27 10:17:12,234 [main] INFO  utils.BackgroundService (BackgroundService.java:shutdown(148)) - Shutting down service BlockDeletingService
2019-09-27 10:17:12,235 [ForkJoinPool.commonPool-worker-0] INFO  handler.ContextHandler (ContextHandler.java:doStop(910)) - Stopped o.e.j.w.WebAppContext@38cedb7d{/,null,UNAVAILABLE}{/hddsDatanode}
2019-09-27 10:17:12,239 [ForkJoinPool.commonPool-worker-0] INFO  server.AbstractConnector (AbstractConnector.java:doStop(318)) - Stopped ServerConnector@772caabe{HTTP/1.1,[http/1.1]}{0.0.0.0:0}
2019-09-27 10:17:12,239 [main] INFO  statemachine.DatanodeStateMachine (DatanodeStateMachine.java:stopDaemon(395)) - Ozone container server stopped.
2019-09-27 10:17:12,239 [ForkJoinPool.commonPool-worker-0] INFO  handler.ContextHandler (ContextHandler.java:doStop(910)) - Stopped o.e.j.s.ServletContextHandler@73c3cd09{/static,jar:file:/home/user/.m2/repository/org/apache/hadoop/hadoop-hdds-container-service/0.5.0-SNAPSHOT/hadoop-hdds-container-service-0.5.0-SNAPSHOT.jar!/webapps/static,UNAVAILABLE}
2019-09-27 10:17:12,240 [ForkJoinPool.commonPool-worker-0] INFO  handler.ContextHandler (ContextHandler.java:doStop(910)) - Stopped o.e.j.s.ServletContextHandler@575c3e9b{/logs,file:///workdir/hadoop-ozone/integration-test/target/log,UNAVAILABLE}
2019-09-27 10:17:12,240 [main] INFO  handler.ContextHandler (ContextHandler.java:doStop(910)) - Stopped o.e.j.w.WebAppContext@6ff0b1cc{/,null,UNAVAILABLE}{/hddsDatanode}
2019-09-27 10:17:12,241 [main] INFO  server.AbstractConnector (AbstractConnector.java:doStop(318)) - Stopped ServerConnector@3b55dd15{HTTP/1.1,[http/1.1]}{0.0.0.0:0}
2019-09-27 10:17:12,242 [main] INFO  handler.ContextHandler (ContextHandler.java:doStop(910)) - Stopped o.e.j.s.ServletContextHandler@40247d48{/static,jar:file:/home/user/.m2/repository/org/apache/hadoop/hadoop-hdds-container-service/0.5.0-SNAPSHOT/hadoop-hdds-container-service-0.5.0-SNAPSHOT.jar!/webapps/static,UNAVAILABLE}
2019-09-27 10:17:12,242 [main] INFO  handler.ContextHandler (ContextHandler.java:doStop(910)) - Stopped o.e.j.s.ServletContextHandler@315105f{/logs,file:///workdir/hadoop-ozone/integration-test/target/log,UNAVAILABLE}
2019-09-27 10:17:12,244 [main] INFO  ozone.MiniOzoneClusterImpl (MiniOzoneClusterImpl.java:stopSCM(392)) - Stopping the StorageContainerManager
2019-09-27 10:17:12,244 [main] INFO  server.StorageContainerManager (StorageContainerManager.java:stop(808)) - Stopping Replication Manager Service.
2019-09-27 10:17:12,244 [main] INFO  container.ReplicationManager (ReplicationManager.java:stop(203)) - Stopping Replication Monitor Thread.
2019-09-27 10:17:12,244 [main] INFO  server.StorageContainerManager (StorageContainerManager.java:stop(815)) - Stopping Lease Manager of the command watchers
2019-09-27 10:17:12,244 [main] INFO  server.StorageContainerManager (StorageContainerManager.java:stop(822)) - Stopping datanode service RPC server
2019-09-27 10:17:12,245 [main] INFO  server.SCMDatanodeProtocolServer (SCMDatanodeProtocolServer.java:stop(367)) - Stopping the RPC server for DataNodes
2019-09-27 10:17:12,245 [main] INFO  ipc.Server (Server.java:stop(3082)) - Stopping server on 37095
2019-09-27 10:17:12,248 [IPC Server listener on 37095] INFO  ipc.Server (Server.java:run(1185)) - Stopping IPC Server listener on 37095
2019-09-27 10:17:12,248 [IPC Server Responder] INFO  ipc.Server (Server.java:run(1319)) - Stopping IPC Server Responder
2019-09-27 10:17:12,317 [SCM Heartbeat Processing Thread - 0] WARN  node.NodeStateManager (NodeStateManager.java:scheduleNextHealthCheck(646)) - Current Thread is interrupted, shutting down HB processing thread for Node Manager.
2019-09-27 10:17:12,317 [main] INFO  server.StorageContainerManager (StorageContainerManager.java:stop(830)) - Stopping block service RPC server
2019-09-27 10:17:12,318 [main] INFO  server.SCMBlockProtocolServer (SCMBlockProtocolServer.java:stop(155)) - Stopping the RPC server for Block Protocol
2019-09-27 10:17:12,318 [main] INFO  ipc.Server (Server.java:stop(3082)) - Stopping server on 40162
2019-09-27 10:17:12,321 [IPC Server listener on 40162] INFO  ipc.Server (Server.java:run(1185)) - Stopping IPC Server listener on 40162
2019-09-27 10:17:12,321 [main] INFO  server.StorageContainerManager (StorageContainerManager.java:stop(837)) - Stopping the StorageContainerLocationProtocol RPC server
2019-09-27 10:17:12,322 [main] INFO  server.SCMClientProtocolServer (SCMClientProtocolServer.java:stop(159)) - Stopping the RPC server for Client Protocol
2019-09-27 10:17:12,322 [main] INFO  ipc.Server (Server.java:stop(3082)) - Stopping server on 42567
2019-09-27 10:17:12,321 [IPC Server Responder] INFO  ipc.Server (Server.java:run(1319)) - Stopping IPC Server Responder
2019-09-27 10:17:12,325 [IPC Server listener on 42567] INFO  ipc.Server (Server.java:run(1185)) - Stopping IPC Server listener on 42567
2019-09-27 10:17:12,325 [main] INFO  server.StorageContainerManager (StorageContainerManager.java:stop(844)) - Stopping Storage Container Manager HTTP server.
2019-09-27 10:17:12,326 [IPC Server Responder] INFO  ipc.Server (Server.java:run(1319)) - Stopping IPC Server Responder
2019-09-27 10:17:12,327 [main] INFO  handler.ContextHandler (ContextHandler.java:doStop(910)) - Stopped o.e.j.w.WebAppContext@748f93bb{/,null,UNAVAILABLE}{/scm}
2019-09-27 10:17:12,329 [main] INFO  server.AbstractConnector (AbstractConnector.java:doStop(318)) - Stopped ServerConnector@7f2d31af{HTTP/1.1,[http/1.1]}{0.0.0.0:0}
2019-09-27 10:17:12,329 [main] INFO  handler.ContextHandler (ContextHandler.java:doStop(910)) - Stopped o.e.j.s.ServletContextHandler@5f631ca0{/static,file:///workdir/hadoop-ozone/integration-test/target/test-classes/webapps/static,UNAVAILABLE}
2019-09-27 10:17:12,330 [main] INFO  handler.ContextHandler (ContextHandler.java:doStop(910)) - Stopped o.e.j.s.ServletContextHandler@1192b58e{/logs,file:///workdir/hadoop-ozone/integration-test/target/log,UNAVAILABLE}
2019-09-27 10:17:12,331 [main] INFO  server.StorageContainerManager (StorageContainerManager.java:stop(855)) - Stopping Block Manager Service.
2019-09-27 10:17:12,332 [main] INFO  utils.BackgroundService (BackgroundService.java:shutdown(148)) - Shutting down service SCMBlockDeletingService
2019-09-27 10:17:12,332 [main] INFO  utils.BackgroundService (BackgroundService.java:shutdown(148)) - Shutting down service SCMBlockDeletingService
2019-09-27 10:17:12,332 [main] INFO  server.StorageContainerManager (StorageContainerManager.java:stop(877)) - Stopping SCM Event Queue.
2019-09-27 10:17:12,337 [main] INFO  impl.MetricsSystemImpl (MetricsSystemImpl.java:stop(210)) - Stopping HddsDatanode metrics system...
2019-09-27 10:17:12,353 [main] INFO  impl.MetricsSystemImpl (MetricsSystemImpl.java:stop(216)) - HddsDatanode metrics system stopped.
]]></system-out>
    <system-err><![CDATA[Sep 27, 2019 10:17:12 AM org.apache.ratis.thirdparty.io.grpc.internal.SerializingExecutor run
SEVERE: Exception while executing runnable org.apache.ratis.thirdparty.io.grpc.internal.ServerImpl$JumpToApplicationThreadServerStreamListener$1Closed@4271f989
org.apache.ratis.thirdparty.io.grpc.StatusRuntimeException: CANCELLED: call already cancelled
	at org.apache.ratis.thirdparty.io.grpc.Status.asRuntimeException(Status.java:517)
	at org.apache.ratis.thirdparty.io.grpc.stub.ServerCalls$ServerCallStreamObserverImpl.onCompleted(ServerCalls.java:356)
	at org.apache.ratis.grpc.server.GrpcServerProtocolService$ServerRequestStreamObserver.onError(GrpcServerProtocolService.java:121)
	at org.apache.ratis.thirdparty.io.grpc.stub.ServerCalls$StreamingServerCallHandler$StreamingServerCallListener.onCancel(ServerCalls.java:269)
	at org.apache.ratis.thirdparty.io.grpc.internal.ServerCallImpl$ServerStreamListenerImpl.closed(ServerCallImpl.java:293)
	at org.apache.ratis.thirdparty.io.grpc.internal.ServerImpl$JumpToApplicationThreadServerStreamListener$1Closed.runInContext(ServerImpl.java:741)
	at org.apache.ratis.thirdparty.io.grpc.internal.ContextRunnable.run(ContextRunnable.java:37)
	at org.apache.ratis.thirdparty.io.grpc.internal.SerializingExecutor.run(SerializingExecutor.java:123)
	at java.util.concurrent.ThreadPoolExecutor.runWorker(ThreadPoolExecutor.java:1149)
	at java.util.concurrent.ThreadPoolExecutor$Worker.run(ThreadPoolExecutor.java:624)
	at java.lang.Thread.run(Thread.java:748)

]]></system-err>
  </testcase>
</testsuite>