<?xml version="1.0" encoding="UTF-8"?>
<testsuite xmlns:xsi="http://www.w3.org/2001/XMLSchema-instance" xsi:noNamespaceSchemaLocation="https://maven.apache.org/surefire/maven-surefire-plugin/xsd/surefire-test-report.xsd" name="org.apache.hadoop.ozone.client.rpc.TestReadRetries" time="147.162" tests="1" errors="1" skipped="0" failures="0">
  <properties>
    <property name="awt.toolkit" value="sun.awt.X11.XToolkit"/>
    <property name="file.encoding.pkg" value="sun.io"/>
    <property name="java.specification.version" value="1.8"/>
    <property name="sun.cpu.isalist" value=""/>
    <property name="sun.jnu.encoding" value="UTF-8"/>
    <property name="java.class.path" value="/workdir/hadoop-ozone/integration-test/target/test-classes:/workdir/hadoop-ozone/integration-test/target/classes:/home/user/.m2/repository/org/apache/hadoop/hadoop-ozone-common/0.5.0-SNAPSHOT/hadoop-ozone-common-0.5.0-SNAPSHOT.jar:/home/user/.m2/repository/org/apache/commons/commons-compress/1.4.1/commons-compress-1.4.1.jar:/home/user/.m2/repository/org/tukaani/xz/1.0/xz-1.0.jar:/home/user/.m2/repository/org/apache/hadoop/hadoop-common/3.2.0/hadoop-common-3.2.0.jar:/home/user/.m2/repository/org/apache/hadoop/hadoop-hdfs/3.2.0/hadoop-hdfs-3.2.0.jar:/home/user/.m2/repository/org/apache/hadoop/hadoop-hdfs-client/3.2.0/hadoop-hdfs-client-3.2.0.jar:/home/user/.m2/repository/com/fasterxml/jackson/core/jackson-annotations/2.9.9/jackson-annotations-2.9.9.jar:/home/user/.m2/repository/org/apache/hadoop/hadoop-hdds-common/0.5.0-SNAPSHOT/hadoop-hdds-common-0.5.0-SNAPSHOT.jar:/home/user/.m2/repository/javax/annotation/javax.annotation-api/1.2/javax.annotation-api-1.2.jar:/home/user/.m2/repository/org/apache/ratis/ratis-server/0.4.0/ratis-server-0.4.0.jar:/home/user/.m2/repository/org/apache/ratis/ratis-thirdparty-misc/0.2.0/ratis-thirdparty-misc-0.2.0.jar:/home/user/.m2/repository/org/apache/ratis/ratis-proto/0.4.0/ratis-proto-0.4.0.jar:/home/user/.m2/repository/org/apache/ratis/ratis-common/0.4.0/ratis-common-0.4.0.jar:/home/user/.m2/repository/org/apache/ratis/ratis-client/0.4.0/ratis-client-0.4.0.jar:/home/user/.m2/repository/org/apache/ratis/ratis-metrics/0.4.0/ratis-metrics-0.4.0.jar:/home/user/.m2/repository/com/github/joshelser/dropwizard-metrics-hadoop-metrics2-reporter/0.1.2/dropwizard-metrics-hadoop-metrics2-reporter-0.1.2.jar:/home/user/.m2/repository/io/dropwizard/metrics/metrics-jvm/3.2.5/metrics-jvm-3.2.5.jar:/home/user/.m2/repository/io/dropwizard/metrics/metrics-ganglia/3.2.5/metrics-ganglia-3.2.5.jar:/home/user/.m2/repository/info/ganglia/gmetric4j/gmetric4j/1.0.7/gmetric4j-1.0.7.jar:/home/user/.m2/repository/org/apache/ratis/ratis-netty/0.4.0/ratis-netty-0.4.0.jar:/home/user/.m2/repository/org/apache/ratis/ratis-grpc/0.4.0/ratis-grpc-0.4.0.jar:/home/user/.m2/repository/org/rocksdb/rocksdbjni/6.0.1/rocksdbjni-6.0.1.jar:/home/user/.m2/repository/org/apache/logging/log4j/log4j-api/2.11.0/log4j-api-2.11.0.jar:/home/user/.m2/repository/org/apache/logging/log4j/log4j-core/2.11.0/log4j-core-2.11.0.jar:/home/user/.m2/repository/com/lmax/disruptor/3.4.2/disruptor-3.4.2.jar:/home/user/.m2/repository/org/apache/commons/commons-pool2/2.6.0/commons-pool2-2.6.0.jar:/home/user/.m2/repository/org/bouncycastle/bcpkix-jdk15on/1.60/bcpkix-jdk15on-1.60.jar:/home/user/.m2/repository/commons-validator/commons-validator/1.6/commons-validator-1.6.jar:/home/user/.m2/repository/commons-digester/commons-digester/1.8.1/commons-digester-1.8.1.jar:/home/user/.m2/repository/io/jaegertracing/jaeger-client/0.34.0/jaeger-client-0.34.0.jar:/home/user/.m2/repository/io/jaegertracing/jaeger-thrift/0.34.0/jaeger-thrift-0.34.0.jar:/home/user/.m2/repository/org/apache/thrift/libthrift/0.12.0/libthrift-0.12.0.jar:/home/user/.m2/repository/com/squareup/okhttp3/okhttp/3.9.0/okhttp-3.9.0.jar:/home/user/.m2/repository/com/squareup/okio/okio/1.13.0/okio-1.13.0.jar:/home/user/.m2/repository/io/jaegertracing/jaeger-core/0.34.0/jaeger-core-0.34.0.jar:/home/user/.m2/repository/io/jaegertracing/jaeger-tracerresolver/0.34.0/jaeger-tracerresolver-0.34.0.jar:/home/user/.m2/repository/io/opentracing/contrib/opentracing-tracerresolver/0.1.5/opentracing-tracerresolver-0.1.5.jar:/home/user/.m2/repository/io/opentracing/opentracing-util/0.31.0/opentracing-util-0.31.0.jar:/home/user/.m2/repository/io/opentracing/opentracing-api/0.31.0/opentracing-api-0.31.0.jar:/home/user/.m2/repository/io/opentracing/opentracing-noop/0.31.0/opentracing-noop-0.31.0.jar:/home/user/.m2/repository/org/apache/hadoop/hadoop-hdds-server-framework/0.5.0-SNAPSHOT/hadoop-hdds-server-framework-0.5.0-SNAPSHOT.jar:/home/user/.m2/repository/org/apache/hadoop/hadoop-hdds-container-service/0.5.0-SNAPSHOT/hadoop-hdds-container-service-0.5.0-SNAPSHOT.jar:/home/user/.m2/repository/org/apache/hadoop/hadoop-hdds-client/0.5.0-SNAPSHOT/hadoop-hdds-client-0.5.0-SNAPSHOT.jar:/home/user/.m2/repository/org/apache/hadoop/hadoop-hdds-tools/0.5.0-SNAPSHOT/hadoop-hdds-tools-0.5.0-SNAPSHOT.jar:/home/user/.m2/repository/org/apache/hadoop/hadoop-hdds-server-scm/0.5.0-SNAPSHOT/hadoop-hdds-server-scm-0.5.0-SNAPSHOT.jar:/home/user/.m2/repository/org/apache/hadoop/hadoop-hdds-docs/0.5.0-SNAPSHOT/hadoop-hdds-docs-0.5.0-SNAPSHOT.jar:/home/user/.m2/repository/io/dropwizard/metrics/metrics-core/3.2.4/metrics-core-3.2.4.jar:/home/user/.m2/repository/org/hamcrest/hamcrest-all/1.3/hamcrest-all-1.3.jar:/home/user/.m2/repository/org/bouncycastle/bcprov-jdk15on/1.60/bcprov-jdk15on-1.60.jar:/home/user/.m2/repository/info/picocli/picocli/3.9.6/picocli-3.9.6.jar:/home/user/.m2/repository/com/google/protobuf/protobuf-java/2.5.0/protobuf-java-2.5.0.jar:/home/user/.m2/repository/com/google/guava/guava/11.0.2/guava-11.0.2.jar:/home/user/.m2/repository/org/apache/hadoop/hadoop-ozone-ozone-manager/0.5.0-SNAPSHOT/hadoop-ozone-ozone-manager-0.5.0-SNAPSHOT.jar:/home/user/.m2/repository/org/apache/hadoop/hadoop-minikdc/3.2.0/hadoop-minikdc-3.2.0.jar:/home/user/.m2/repository/commons-io/commons-io/2.5/commons-io-2.5.jar:/home/user/.m2/repository/org/apache/kerby/kerb-simplekdc/1.0.1/kerb-simplekdc-1.0.1.jar:/home/user/.m2/repository/org/apache/kerby/kerb-client/1.0.1/kerb-client-1.0.1.jar:/home/user/.m2/repository/org/apache/kerby/kerby-config/1.0.1/kerby-config-1.0.1.jar:/home/user/.m2/repository/org/apache/kerby/kerb-core/1.0.1/kerb-core-1.0.1.jar:/home/user/.m2/repository/org/apache/kerby/kerby-pkix/1.0.1/kerby-pkix-1.0.1.jar:/home/user/.m2/repository/org/apache/kerby/kerby-asn1/1.0.1/kerby-asn1-1.0.1.jar:/home/user/.m2/repository/org/apache/kerby/kerby-util/1.0.1/kerby-util-1.0.1.jar:/home/user/.m2/repository/org/apache/kerby/kerb-common/1.0.1/kerb-common-1.0.1.jar:/home/user/.m2/repository/org/apache/kerby/kerb-crypto/1.0.1/kerb-crypto-1.0.1.jar:/home/user/.m2/repository/org/apache/kerby/kerb-util/1.0.1/kerb-util-1.0.1.jar:/home/user/.m2/repository/org/apache/kerby/token-provider/1.0.1/token-provider-1.0.1.jar:/home/user/.m2/repository/org/apache/kerby/kerb-admin/1.0.1/kerb-admin-1.0.1.jar:/home/user/.m2/repository/org/apache/kerby/kerb-server/1.0.1/kerb-server-1.0.1.jar:/home/user/.m2/repository/org/apache/kerby/kerb-identity/1.0.1/kerb-identity-1.0.1.jar:/home/user/.m2/repository/org/apache/kerby/kerby-xdr/1.0.1/kerby-xdr-1.0.1.jar:/home/user/.m2/repository/org/slf4j/slf4j-log4j12/1.7.25/slf4j-log4j12-1.7.25.jar:/home/user/.m2/repository/org/apache/hadoop/hadoop-ozone-s3gateway/0.5.0-SNAPSHOT/hadoop-ozone-s3gateway-0.5.0-SNAPSHOT.jar:/home/user/.m2/repository/org/jboss/weld/servlet/weld-servlet/2.4.7.Final/weld-servlet-2.4.7.Final.jar:/home/user/.m2/repository/org/glassfish/jersey/containers/jersey-container-servlet-core/2.27/jersey-container-servlet-core-2.27.jar:/home/user/.m2/repository/org/glassfish/hk2/external/javax.inject/2.5.0-b42/javax.inject-2.5.0-b42.jar:/home/user/.m2/repository/org/glassfish/jersey/core/jersey-common/2.27/jersey-common-2.27.jar:/home/user/.m2/repository/org/glassfish/hk2/osgi-resource-locator/1.0.1/osgi-resource-locator-1.0.1.jar:/home/user/.m2/repository/javax/ws/rs/javax.ws.rs-api/2.1/javax.ws.rs-api-2.1.jar:/home/user/.m2/repository/org/glassfish/jersey/ext/cdi/jersey-cdi1x/2.27/jersey-cdi1x-2.27.jar:/home/user/.m2/repository/org/glassfish/jersey/inject/jersey-hk2/2.27/jersey-hk2-2.27.jar:/home/user/.m2/repository/org/glassfish/hk2/hk2-locator/2.5.0-b42/hk2-locator-2.5.0-b42.jar:/home/user/.m2/repository/org/javassist/javassist/3.22.0-CR2/javassist-3.22.0-CR2.jar:/home/user/.m2/repository/org/glassfish/hk2/hk2-api/2.5.0/hk2-api-2.5.0.jar:/home/user/.m2/repository/org/glassfish/hk2/external/jakarta.inject/2.5.0/jakarta.inject-2.5.0.jar:/home/user/.m2/repository/org/glassfish/hk2/hk2-utils/2.5.0/hk2-utils-2.5.0.jar:/home/user/.m2/repository/jakarta/annotation/jakarta.annotation-api/1.3.4/jakarta.annotation-api-1.3.4.jar:/home/user/.m2/repository/org/glassfish/hk2/external/aopalliance-repackaged/2.5.0/aopalliance-repackaged-2.5.0.jar:/home/user/.m2/repository/com/fasterxml/jackson/dataformat/jackson-dataformat-xml/2.9.0/jackson-dataformat-xml-2.9.0.jar:/home/user/.m2/repository/com/fasterxml/jackson/core/jackson-core/2.9.9/jackson-core-2.9.9.jar:/home/user/.m2/repository/com/fasterxml/jackson/module/jackson-module-jaxb-annotations/2.9.9/jackson-module-jaxb-annotations-2.9.9.jar:/home/user/.m2/repository/javax/enterprise/cdi-api/1.2/cdi-api-1.2.jar:/home/user/.m2/repository/javax/el/javax.el-api/3.0.0/javax.el-api-3.0.0.jar:/home/user/.m2/repository/javax/interceptor/javax.interceptor-api/1.2/javax.interceptor-api-1.2.jar:/home/user/.m2/repository/javax/inject/javax.inject/1/javax.inject-1.jar:/home/user/.m2/repository/com/sun/xml/bind/jaxb-impl/2.3.0.1/jaxb-impl-2.3.0.1.jar:/home/user/.m2/repository/com/sun/xml/bind/jaxb-core/2.3.0.1/jaxb-core-2.3.0.1.jar:/home/user/.m2/repository/javax/xml/bind/jaxb-api/2.3.0/jaxb-api-2.3.0.jar:/home/user/.m2/repository/javax/activation/activation/1.1.1/activation-1.1.1.jar:/home/user/.m2/repository/org/apache/hadoop/hadoop-ozone-csi/0.5.0-SNAPSHOT/hadoop-ozone-csi-0.5.0-SNAPSHOT.jar:/home/user/.m2/repository/com/google/protobuf/protobuf-java-util/3.5.1/protobuf-java-util-3.5.1.jar:/home/user/.m2/repository/org/apache/hadoop/hadoop-hdds-config/0.5.0-SNAPSHOT/hadoop-hdds-config-0.5.0-SNAPSHOT.jar:/home/user/.m2/repository/io/grpc/grpc-netty/1.17.1/grpc-netty-1.17.1.jar:/home/user/.m2/repository/io/grpc/grpc-core/1.17.1/grpc-core-1.17.1.jar:/home/user/.m2/repository/io/grpc/grpc-context/1.17.1/grpc-context-1.17.1.jar:/home/user/.m2/repository/com/google/errorprone/error_prone_annotations/2.2.0/error_prone_annotations-2.2.0.jar:/home/user/.m2/repository/org/codehaus/mojo/animal-sniffer-annotations/1.17/animal-sniffer-annotations-1.17.jar:/home/user/.m2/repository/io/opencensus/opencensus-api/0.17.0/opencensus-api-0.17.0.jar:/home/user/.m2/repository/io/opencensus/opencensus-contrib-grpc-metrics/0.17.0/opencensus-contrib-grpc-metrics-0.17.0.jar:/home/user/.m2/repository/io/netty/netty-codec-http2/4.1.30.Final/netty-codec-http2-4.1.30.Final.jar:/home/user/.m2/repository/io/netty/netty-codec-http/4.1.30.Final/netty-codec-http-4.1.30.Final.jar:/home/user/.m2/repository/io/netty/netty-codec/4.1.30.Final/netty-codec-4.1.30.Final.jar:/home/user/.m2/repository/io/netty/netty-handler/4.1.30.Final/netty-handler-4.1.30.Final.jar:/home/user/.m2/repository/io/netty/netty-handler-proxy/4.1.30.Final/netty-handler-proxy-4.1.30.Final.jar:/home/user/.m2/repository/io/netty/netty-codec-socks/4.1.30.Final/netty-codec-socks-4.1.30.Final.jar:/home/user/.m2/repository/io/netty/netty-transport-native-epoll/4.1.30.Final/netty-transport-native-epoll-4.1.30.Final.jar:/home/user/.m2/repository/io/netty/netty-common/4.1.30.Final/netty-common-4.1.30.Final.jar:/home/user/.m2/repository/io/netty/netty-buffer/4.1.30.Final/netty-buffer-4.1.30.Final.jar:/home/user/.m2/repository/io/netty/netty-transport/4.1.30.Final/netty-transport-4.1.30.Final.jar:/home/user/.m2/repository/io/netty/netty-resolver/4.1.30.Final/netty-resolver-4.1.30.Final.jar:/home/user/.m2/repository/io/netty/netty-transport-native-unix-common/4.1.30.Final/netty-transport-native-unix-common-4.1.30.Final.jar:/home/user/.m2/repository/io/grpc/grpc-protobuf/1.17.1/grpc-protobuf-1.17.1.jar:/home/user/.m2/repository/com/google/api/grpc/proto-google-common-protos/1.0.0/proto-google-common-protos-1.0.0.jar:/home/user/.m2/repository/io/grpc/grpc-protobuf-lite/1.17.1/grpc-protobuf-lite-1.17.1.jar:/home/user/.m2/repository/io/grpc/grpc-stub/1.17.1/grpc-stub-1.17.1.jar:/home/user/.m2/repository/org/apache/hadoop/hadoop-ozone-recon/0.5.0-SNAPSHOT/hadoop-ozone-recon-0.5.0-SNAPSHOT.jar:/home/user/.m2/repository/org/apache/hadoop/hadoop-ozone-reconcodegen/0.5.0-SNAPSHOT/hadoop-ozone-reconcodegen-0.5.0-SNAPSHOT.jar:/home/user/.m2/repository/com/google/inject/extensions/guice-multibindings/4.0/guice-multibindings-4.0.jar:/home/user/.m2/repository/com/google/inject/guice/4.0/guice-4.0.jar:/home/user/.m2/repository/aopalliance/aopalliance/1.0/aopalliance-1.0.jar:/home/user/.m2/repository/com/google/inject/extensions/guice-servlet/4.0/guice-servlet-4.0.jar:/home/user/.m2/repository/org/glassfish/jersey/containers/jersey-container-servlet/2.27/jersey-container-servlet-2.27.jar:/home/user/.m2/repository/org/glassfish/hk2/guice-bridge/2.5.0/guice-bridge-2.5.0.jar:/home/user/.m2/repository/org/glassfish/jersey/core/jersey-server/2.27/jersey-server-2.27.jar:/home/user/.m2/repository/org/glassfish/jersey/core/jersey-client/2.27/jersey-client-2.27.jar:/home/user/.m2/repository/org/glassfish/jersey/media/jersey-media-jaxb/2.27/jersey-media-jaxb-2.27.jar:/home/user/.m2/repository/javax/validation/validation-api/1.1.0.Final/validation-api-1.1.0.Final.jar:/home/user/.m2/repository/org/glassfish/jersey/media/jersey-media-json-jackson/2.27/jersey-media-json-jackson-2.27.jar:/home/user/.m2/repository/org/glassfish/jersey/ext/jersey-entity-filtering/2.27/jersey-entity-filtering-2.27.jar:/home/user/.m2/repository/com/google/inject/extensions/guice-assistedinject/4.0/guice-assistedinject-4.0.jar:/home/user/.m2/repository/org/jooq/jooq/3.11.10/jooq-3.11.10.jar:/home/user/.m2/repository/org/jooq/jooq-meta/3.11.10/jooq-meta-3.11.10.jar:/home/user/.m2/repository/org/jooq/jooq-codegen/3.11.10/jooq-codegen-3.11.10.jar:/home/user/.m2/repository/com/jolbox/bonecp/0.8.0.RELEASE/bonecp-0.8.0.RELEASE.jar:/home/user/.m2/repository/org/xerial/sqlite-jdbc/3.25.2/sqlite-jdbc-3.25.2.jar:/home/user/.m2/repository/org/springframework/spring-jdbc/5.1.3.RELEASE/spring-jdbc-5.1.3.RELEASE.jar:/home/user/.m2/repository/org/springframework/spring-beans/5.1.3.RELEASE/spring-beans-5.1.3.RELEASE.jar:/home/user/.m2/repository/org/springframework/spring-core/5.1.3.RELEASE/spring-core-5.1.3.RELEASE.jar:/home/user/.m2/repository/org/springframework/spring-jcl/5.1.3.RELEASE/spring-jcl-5.1.3.RELEASE.jar:/home/user/.m2/repository/org/springframework/spring-tx/5.1.3.RELEASE/spring-tx-5.1.3.RELEASE.jar:/home/user/.m2/repository/org/apache/hadoop/hadoop-ozone-client/0.5.0-SNAPSHOT/hadoop-ozone-client-0.5.0-SNAPSHOT.jar:/home/user/.m2/repository/commons-lang/commons-lang/2.6/commons-lang-2.6.jar:/home/user/.m2/repository/org/apache/hadoop/hadoop-ozone-ozone-manager/0.5.0-SNAPSHOT/hadoop-ozone-ozone-manager-0.5.0-SNAPSHOT-tests.jar:/home/user/.m2/repository/junit/junit/4.11/junit-4.11.jar:/home/user/.m2/repository/org/hamcrest/hamcrest-core/1.3/hamcrest-core-1.3.jar:/home/user/.m2/repository/org/openjdk/jmh/jmh-core/1.19/jmh-core-1.19.jar:/home/user/.m2/repository/net/sf/jopt-simple/jopt-simple/4.6/jopt-simple-4.6.jar:/home/user/.m2/repository/org/apache/commons/commons-math3/3.1.1/commons-math3-3.1.1.jar:/home/user/.m2/repository/org/openjdk/jmh/jmh-generator-annprocess/1.19/jmh-generator-annprocess-1.19.jar:/home/user/.m2/repository/org/mockito/mockito-all/1.8.5/mockito-all-1.8.5.jar:/home/user/.m2/repository/org/apache/hadoop/hadoop-kms/3.2.0/hadoop-kms-3.2.0.jar:/home/user/.m2/repository/org/apache/hadoop/hadoop-auth/3.2.0/hadoop-auth-3.2.0.jar:/home/user/.m2/repository/com/nimbusds/nimbus-jose-jwt/4.41.1/nimbus-jose-jwt-4.41.1.jar:/home/user/.m2/repository/com/github/stephenc/jcip/jcip-annotations/1.0-1/jcip-annotations-1.0-1.jar:/home/user/.m2/repository/net/minidev/json-smart/2.3/json-smart-2.3.jar:/home/user/.m2/repository/net/minidev/accessors-smart/1.2/accessors-smart-1.2.jar:/home/user/.m2/repository/org/ow2/asm/asm/5.0.4/asm-5.0.4.jar:/home/user/.m2/repository/org/apache/curator/curator-framework/2.12.0/curator-framework-2.12.0.jar:/home/user/.m2/repository/com/sun/jersey/jersey-core/1.19/jersey-core-1.19.jar:/home/user/.m2/repository/javax/ws/rs/jsr311-api/1.1.1/jsr311-api-1.1.1.jar:/home/user/.m2/repository/com/sun/jersey/jersey-server/1.19/jersey-server-1.19.jar:/home/user/.m2/repository/javax/servlet/javax.servlet-api/3.1.0/javax.servlet-api-3.1.0.jar:/home/user/.m2/repository/org/eclipse/jetty/jetty-server/9.3.25.v20180904/jetty-server-9.3.25.v20180904.jar:/home/user/.m2/repository/org/eclipse/jetty/jetty-http/9.3.25.v20180904/jetty-http-9.3.25.v20180904.jar:/home/user/.m2/repository/org/eclipse/jetty/jetty-io/9.3.25.v20180904/jetty-io-9.3.25.v20180904.jar:/home/user/.m2/repository/org/eclipse/jetty/jetty-webapp/9.3.25.v20180904/jetty-webapp-9.3.25.v20180904.jar:/home/user/.m2/repository/org/eclipse/jetty/jetty-xml/9.3.25.v20180904/jetty-xml-9.3.25.v20180904.jar:/home/user/.m2/repository/log4j/log4j/1.2.17/log4j-1.2.17.jar:/home/user/.m2/repository/org/slf4j/slf4j-api/1.7.25/slf4j-api-1.7.25.jar:/home/user/.m2/repository/org/slf4j/jul-to-slf4j/1.7.25/jul-to-slf4j-1.7.25.jar:/home/user/.m2/repository/org/eclipse/jetty/jetty-util/9.3.25.v20180904/jetty-util-9.3.25.v20180904.jar:/home/user/.m2/repository/com/fasterxml/jackson/core/jackson-databind/2.9.9/jackson-databind-2.9.9.jar:/home/user/.m2/repository/org/apache/hadoop/hadoop-kms/3.2.0/hadoop-kms-3.2.0-tests.jar:/home/user/.m2/repository/org/apache/hadoop/hadoop-hdds-server-scm/0.5.0-SNAPSHOT/hadoop-hdds-server-scm-0.5.0-SNAPSHOT-tests.jar:/home/user/.m2/repository/org/apache/hadoop/hadoop-hdds-container-service/0.5.0-SNAPSHOT/hadoop-hdds-container-service-0.5.0-SNAPSHOT-tests.jar:/home/user/.m2/repository/org/yaml/snakeyaml/1.16/snakeyaml-1.16.jar:/home/user/.m2/repository/org/apache/hadoop/hadoop-common/3.2.0/hadoop-common-3.2.0-tests.jar:/home/user/.m2/repository/org/apache/hadoop/hadoop-annotations/3.2.0/hadoop-annotations-3.2.0.jar:/usr/lib/jvm/java-1.8-openjdk/jre/../lib/tools.jar:/home/user/.m2/repository/commons-cli/commons-cli/1.2/commons-cli-1.2.jar:/home/user/.m2/repository/org/apache/httpcomponents/httpclient/4.5.2/httpclient-4.5.2.jar:/home/user/.m2/repository/org/apache/httpcomponents/httpcore/4.4.4/httpcore-4.4.4.jar:/home/user/.m2/repository/commons-codec/commons-codec/1.11/commons-codec-1.11.jar:/home/user/.m2/repository/commons-net/commons-net/3.6/commons-net-3.6.jar:/home/user/.m2/repository/commons-collections/commons-collections/3.2.2/commons-collections-3.2.2.jar:/home/user/.m2/repository/org/eclipse/jetty/jetty-servlet/9.3.25.v20180904/jetty-servlet-9.3.25.v20180904.jar:/home/user/.m2/repository/org/eclipse/jetty/jetty-security/9.3.25.v20180904/jetty-security-9.3.25.v20180904.jar:/home/user/.m2/repository/javax/servlet/jsp/jsp-api/2.1/jsp-api-2.1.jar:/home/user/.m2/repository/com/sun/jersey/jersey-servlet/1.19/jersey-servlet-1.19.jar:/home/user/.m2/repository/com/sun/jersey/jersey-json/1.19/jersey-json-1.19.jar:/home/user/.m2/repository/org/codehaus/jettison/jettison/1.1/jettison-1.1.jar:/home/user/.m2/repository/org/codehaus/jackson/jackson-core-asl/1.9.13/jackson-core-asl-1.9.13.jar:/home/user/.m2/repository/org/codehaus/jackson/jackson-mapper-asl/1.9.13/jackson-mapper-asl-1.9.13.jar:/home/user/.m2/repository/org/codehaus/jackson/jackson-jaxrs/1.9.13/jackson-jaxrs-1.9.13.jar:/home/user/.m2/repository/org/codehaus/jackson/jackson-xc/1.9.13/jackson-xc-1.9.13.jar:/home/user/.m2/repository/commons-logging/commons-logging/1.1.3/commons-logging-1.1.3.jar:/home/user/.m2/repository/commons-beanutils/commons-beanutils/1.9.4/commons-beanutils-1.9.4.jar:/home/user/.m2/repository/org/apache/commons/commons-configuration2/2.1.1/commons-configuration2-2.1.1.jar:/home/user/.m2/repository/org/apache/commons/commons-lang3/3.7/commons-lang3-3.7.jar:/home/user/.m2/repository/org/apache/commons/commons-text/1.4/commons-text-1.4.jar:/home/user/.m2/repository/org/apache/avro/avro/1.7.7/avro-1.7.7.jar:/home/user/.m2/repository/com/thoughtworks/paranamer/paranamer/2.3/paranamer-2.3.jar:/home/user/.m2/repository/org/xerial/snappy/snappy-java/1.0.5/snappy-java-1.0.5.jar:/home/user/.m2/repository/com/google/re2j/re2j/1.1/re2j-1.1.jar:/home/user/.m2/repository/com/google/code/gson/gson/2.2.4/gson-2.2.4.jar:/home/user/.m2/repository/com/jcraft/jsch/0.1.54/jsch-0.1.54.jar:/home/user/.m2/repository/org/apache/curator/curator-client/2.12.0/curator-client-2.12.0.jar:/home/user/.m2/repository/org/apache/curator/curator-recipes/2.12.0/curator-recipes-2.12.0.jar:/home/user/.m2/repository/com/google/code/findbugs/jsr305/3.0.0/jsr305-3.0.0.jar:/home/user/.m2/repository/org/apache/htrace/htrace-core4/4.1.0-incubating/htrace-core4-4.1.0-incubating.jar:/home/user/.m2/repository/org/apache/zookeeper/zookeeper/3.4.13/zookeeper-3.4.13.jar:/home/user/.m2/repository/jline/jline/0.9.94/jline-0.9.94.jar:/home/user/.m2/repository/org/apache/yetus/audience-annotations/0.5.0/audience-annotations-0.5.0.jar:/home/user/.m2/repository/org/codehaus/woodstox/stax2-api/3.1.4/stax2-api-3.1.4.jar:/home/user/.m2/repository/com/fasterxml/woodstox/woodstox-core/5.0.3/woodstox-core-5.0.3.jar:/home/user/.m2/repository/dnsjava/dnsjava/2.1.7/dnsjava-2.1.7.jar:/home/user/.m2/repository/org/apache/hadoop/hadoop-hdfs/3.2.0/hadoop-hdfs-3.2.0-tests.jar:/home/user/.m2/repository/org/eclipse/jetty/jetty-util-ajax/9.3.25.v20180904/jetty-util-ajax-9.3.25.v20180904.jar:/home/user/.m2/repository/commons-daemon/commons-daemon/1.0.13/commons-daemon-1.0.13.jar:/home/user/.m2/repository/io/netty/netty/3.10.5.Final/netty-3.10.5.Final.jar:/home/user/.m2/repository/io/netty/netty-all/4.0.52.Final/netty-all-4.0.52.Final.jar:/home/user/.m2/repository/org/fusesource/leveldbjni/leveldbjni-all/1.8/leveldbjni-all-1.8.jar:"/>
    <property name="java.vm.vendor" value="IcedTea"/>
    <property name="sun.arch.data.model" value="64"/>
    <property name="test.build.dir" value="/workdir/hadoop-ozone/integration-test/target/test-dir"/>
    <property name="test.cache.data" value=""/>
    <property name="java.vendor.url" value="https://icedtea.classpath.org"/>
    <property name="user.timezone" value=""/>
    <property name="java.vm.specification.version" value="1.8"/>
    <property name="os.name" value="Linux"/>
    <property name="test.build.data" value="/workdir/hadoop-ozone/integration-test/target/test-dir"/>
    <property name="user.country" value="US"/>
    <property name="sun.java.launcher" value="SUN_STANDARD"/>
    <property name="sun.boot.library.path" value="/usr/lib/jvm/java-1.8-openjdk/jre/lib/amd64"/>
    <property name="sun.java.command" value="/workdir/hadoop-ozone/integration-test/target/surefire/surefirebooter4428653347728119289.jar /workdir/hadoop-ozone/integration-test/target/surefire 2019-09-27T08-07-59_298-jvmRun1 surefire839435095801769314tmp surefire_652375818580777901086tmp"/>
    <property name="test" value="!TestMiniChaosOzoneCluster"/>
    <property name="surefire.test.class.path" value="/workdir/hadoop-ozone/integration-test/target/test-classes:/workdir/hadoop-ozone/integration-test/target/classes:/home/user/.m2/repository/org/apache/hadoop/hadoop-ozone-common/0.5.0-SNAPSHOT/hadoop-ozone-common-0.5.0-SNAPSHOT.jar:/home/user/.m2/repository/org/apache/commons/commons-compress/1.4.1/commons-compress-1.4.1.jar:/home/user/.m2/repository/org/tukaani/xz/1.0/xz-1.0.jar:/home/user/.m2/repository/org/apache/hadoop/hadoop-common/3.2.0/hadoop-common-3.2.0.jar:/home/user/.m2/repository/org/apache/hadoop/hadoop-hdfs/3.2.0/hadoop-hdfs-3.2.0.jar:/home/user/.m2/repository/org/apache/hadoop/hadoop-hdfs-client/3.2.0/hadoop-hdfs-client-3.2.0.jar:/home/user/.m2/repository/com/fasterxml/jackson/core/jackson-annotations/2.9.9/jackson-annotations-2.9.9.jar:/home/user/.m2/repository/org/apache/hadoop/hadoop-hdds-common/0.5.0-SNAPSHOT/hadoop-hdds-common-0.5.0-SNAPSHOT.jar:/home/user/.m2/repository/javax/annotation/javax.annotation-api/1.2/javax.annotation-api-1.2.jar:/home/user/.m2/repository/org/apache/ratis/ratis-server/0.4.0/ratis-server-0.4.0.jar:/home/user/.m2/repository/org/apache/ratis/ratis-thirdparty-misc/0.2.0/ratis-thirdparty-misc-0.2.0.jar:/home/user/.m2/repository/org/apache/ratis/ratis-proto/0.4.0/ratis-proto-0.4.0.jar:/home/user/.m2/repository/org/apache/ratis/ratis-common/0.4.0/ratis-common-0.4.0.jar:/home/user/.m2/repository/org/apache/ratis/ratis-client/0.4.0/ratis-client-0.4.0.jar:/home/user/.m2/repository/org/apache/ratis/ratis-metrics/0.4.0/ratis-metrics-0.4.0.jar:/home/user/.m2/repository/com/github/joshelser/dropwizard-metrics-hadoop-metrics2-reporter/0.1.2/dropwizard-metrics-hadoop-metrics2-reporter-0.1.2.jar:/home/user/.m2/repository/io/dropwizard/metrics/metrics-jvm/3.2.5/metrics-jvm-3.2.5.jar:/home/user/.m2/repository/io/dropwizard/metrics/metrics-ganglia/3.2.5/metrics-ganglia-3.2.5.jar:/home/user/.m2/repository/info/ganglia/gmetric4j/gmetric4j/1.0.7/gmetric4j-1.0.7.jar:/home/user/.m2/repository/org/apache/ratis/ratis-netty/0.4.0/ratis-netty-0.4.0.jar:/home/user/.m2/repository/org/apache/ratis/ratis-grpc/0.4.0/ratis-grpc-0.4.0.jar:/home/user/.m2/repository/org/rocksdb/rocksdbjni/6.0.1/rocksdbjni-6.0.1.jar:/home/user/.m2/repository/org/apache/logging/log4j/log4j-api/2.11.0/log4j-api-2.11.0.jar:/home/user/.m2/repository/org/apache/logging/log4j/log4j-core/2.11.0/log4j-core-2.11.0.jar:/home/user/.m2/repository/com/lmax/disruptor/3.4.2/disruptor-3.4.2.jar:/home/user/.m2/repository/org/apache/commons/commons-pool2/2.6.0/commons-pool2-2.6.0.jar:/home/user/.m2/repository/org/bouncycastle/bcpkix-jdk15on/1.60/bcpkix-jdk15on-1.60.jar:/home/user/.m2/repository/commons-validator/commons-validator/1.6/commons-validator-1.6.jar:/home/user/.m2/repository/commons-digester/commons-digester/1.8.1/commons-digester-1.8.1.jar:/home/user/.m2/repository/io/jaegertracing/jaeger-client/0.34.0/jaeger-client-0.34.0.jar:/home/user/.m2/repository/io/jaegertracing/jaeger-thrift/0.34.0/jaeger-thrift-0.34.0.jar:/home/user/.m2/repository/org/apache/thrift/libthrift/0.12.0/libthrift-0.12.0.jar:/home/user/.m2/repository/com/squareup/okhttp3/okhttp/3.9.0/okhttp-3.9.0.jar:/home/user/.m2/repository/com/squareup/okio/okio/1.13.0/okio-1.13.0.jar:/home/user/.m2/repository/io/jaegertracing/jaeger-core/0.34.0/jaeger-core-0.34.0.jar:/home/user/.m2/repository/io/jaegertracing/jaeger-tracerresolver/0.34.0/jaeger-tracerresolver-0.34.0.jar:/home/user/.m2/repository/io/opentracing/contrib/opentracing-tracerresolver/0.1.5/opentracing-tracerresolver-0.1.5.jar:/home/user/.m2/repository/io/opentracing/opentracing-util/0.31.0/opentracing-util-0.31.0.jar:/home/user/.m2/repository/io/opentracing/opentracing-api/0.31.0/opentracing-api-0.31.0.jar:/home/user/.m2/repository/io/opentracing/opentracing-noop/0.31.0/opentracing-noop-0.31.0.jar:/home/user/.m2/repository/org/apache/hadoop/hadoop-hdds-server-framework/0.5.0-SNAPSHOT/hadoop-hdds-server-framework-0.5.0-SNAPSHOT.jar:/home/user/.m2/repository/org/apache/hadoop/hadoop-hdds-container-service/0.5.0-SNAPSHOT/hadoop-hdds-container-service-0.5.0-SNAPSHOT.jar:/home/user/.m2/repository/org/apache/hadoop/hadoop-hdds-client/0.5.0-SNAPSHOT/hadoop-hdds-client-0.5.0-SNAPSHOT.jar:/home/user/.m2/repository/org/apache/hadoop/hadoop-hdds-tools/0.5.0-SNAPSHOT/hadoop-hdds-tools-0.5.0-SNAPSHOT.jar:/home/user/.m2/repository/org/apache/hadoop/hadoop-hdds-server-scm/0.5.0-SNAPSHOT/hadoop-hdds-server-scm-0.5.0-SNAPSHOT.jar:/home/user/.m2/repository/org/apache/hadoop/hadoop-hdds-docs/0.5.0-SNAPSHOT/hadoop-hdds-docs-0.5.0-SNAPSHOT.jar:/home/user/.m2/repository/io/dropwizard/metrics/metrics-core/3.2.4/metrics-core-3.2.4.jar:/home/user/.m2/repository/org/hamcrest/hamcrest-all/1.3/hamcrest-all-1.3.jar:/home/user/.m2/repository/org/bouncycastle/bcprov-jdk15on/1.60/bcprov-jdk15on-1.60.jar:/home/user/.m2/repository/info/picocli/picocli/3.9.6/picocli-3.9.6.jar:/home/user/.m2/repository/com/google/protobuf/protobuf-java/2.5.0/protobuf-java-2.5.0.jar:/home/user/.m2/repository/com/google/guava/guava/11.0.2/guava-11.0.2.jar:/home/user/.m2/repository/org/apache/hadoop/hadoop-ozone-ozone-manager/0.5.0-SNAPSHOT/hadoop-ozone-ozone-manager-0.5.0-SNAPSHOT.jar:/home/user/.m2/repository/org/apache/hadoop/hadoop-minikdc/3.2.0/hadoop-minikdc-3.2.0.jar:/home/user/.m2/repository/commons-io/commons-io/2.5/commons-io-2.5.jar:/home/user/.m2/repository/org/apache/kerby/kerb-simplekdc/1.0.1/kerb-simplekdc-1.0.1.jar:/home/user/.m2/repository/org/apache/kerby/kerb-client/1.0.1/kerb-client-1.0.1.jar:/home/user/.m2/repository/org/apache/kerby/kerby-config/1.0.1/kerby-config-1.0.1.jar:/home/user/.m2/repository/org/apache/kerby/kerb-core/1.0.1/kerb-core-1.0.1.jar:/home/user/.m2/repository/org/apache/kerby/kerby-pkix/1.0.1/kerby-pkix-1.0.1.jar:/home/user/.m2/repository/org/apache/kerby/kerby-asn1/1.0.1/kerby-asn1-1.0.1.jar:/home/user/.m2/repository/org/apache/kerby/kerby-util/1.0.1/kerby-util-1.0.1.jar:/home/user/.m2/repository/org/apache/kerby/kerb-common/1.0.1/kerb-common-1.0.1.jar:/home/user/.m2/repository/org/apache/kerby/kerb-crypto/1.0.1/kerb-crypto-1.0.1.jar:/home/user/.m2/repository/org/apache/kerby/kerb-util/1.0.1/kerb-util-1.0.1.jar:/home/user/.m2/repository/org/apache/kerby/token-provider/1.0.1/token-provider-1.0.1.jar:/home/user/.m2/repository/org/apache/kerby/kerb-admin/1.0.1/kerb-admin-1.0.1.jar:/home/user/.m2/repository/org/apache/kerby/kerb-server/1.0.1/kerb-server-1.0.1.jar:/home/user/.m2/repository/org/apache/kerby/kerb-identity/1.0.1/kerb-identity-1.0.1.jar:/home/user/.m2/repository/org/apache/kerby/kerby-xdr/1.0.1/kerby-xdr-1.0.1.jar:/home/user/.m2/repository/org/slf4j/slf4j-log4j12/1.7.25/slf4j-log4j12-1.7.25.jar:/home/user/.m2/repository/org/apache/hadoop/hadoop-ozone-s3gateway/0.5.0-SNAPSHOT/hadoop-ozone-s3gateway-0.5.0-SNAPSHOT.jar:/home/user/.m2/repository/org/jboss/weld/servlet/weld-servlet/2.4.7.Final/weld-servlet-2.4.7.Final.jar:/home/user/.m2/repository/org/glassfish/jersey/containers/jersey-container-servlet-core/2.27/jersey-container-servlet-core-2.27.jar:/home/user/.m2/repository/org/glassfish/hk2/external/javax.inject/2.5.0-b42/javax.inject-2.5.0-b42.jar:/home/user/.m2/repository/org/glassfish/jersey/core/jersey-common/2.27/jersey-common-2.27.jar:/home/user/.m2/repository/org/glassfish/hk2/osgi-resource-locator/1.0.1/osgi-resource-locator-1.0.1.jar:/home/user/.m2/repository/javax/ws/rs/javax.ws.rs-api/2.1/javax.ws.rs-api-2.1.jar:/home/user/.m2/repository/org/glassfish/jersey/ext/cdi/jersey-cdi1x/2.27/jersey-cdi1x-2.27.jar:/home/user/.m2/repository/org/glassfish/jersey/inject/jersey-hk2/2.27/jersey-hk2-2.27.jar:/home/user/.m2/repository/org/glassfish/hk2/hk2-locator/2.5.0-b42/hk2-locator-2.5.0-b42.jar:/home/user/.m2/repository/org/javassist/javassist/3.22.0-CR2/javassist-3.22.0-CR2.jar:/home/user/.m2/repository/org/glassfish/hk2/hk2-api/2.5.0/hk2-api-2.5.0.jar:/home/user/.m2/repository/org/glassfish/hk2/external/jakarta.inject/2.5.0/jakarta.inject-2.5.0.jar:/home/user/.m2/repository/org/glassfish/hk2/hk2-utils/2.5.0/hk2-utils-2.5.0.jar:/home/user/.m2/repository/jakarta/annotation/jakarta.annotation-api/1.3.4/jakarta.annotation-api-1.3.4.jar:/home/user/.m2/repository/org/glassfish/hk2/external/aopalliance-repackaged/2.5.0/aopalliance-repackaged-2.5.0.jar:/home/user/.m2/repository/com/fasterxml/jackson/dataformat/jackson-dataformat-xml/2.9.0/jackson-dataformat-xml-2.9.0.jar:/home/user/.m2/repository/com/fasterxml/jackson/core/jackson-core/2.9.9/jackson-core-2.9.9.jar:/home/user/.m2/repository/com/fasterxml/jackson/module/jackson-module-jaxb-annotations/2.9.9/jackson-module-jaxb-annotations-2.9.9.jar:/home/user/.m2/repository/javax/enterprise/cdi-api/1.2/cdi-api-1.2.jar:/home/user/.m2/repository/javax/el/javax.el-api/3.0.0/javax.el-api-3.0.0.jar:/home/user/.m2/repository/javax/interceptor/javax.interceptor-api/1.2/javax.interceptor-api-1.2.jar:/home/user/.m2/repository/javax/inject/javax.inject/1/javax.inject-1.jar:/home/user/.m2/repository/com/sun/xml/bind/jaxb-impl/2.3.0.1/jaxb-impl-2.3.0.1.jar:/home/user/.m2/repository/com/sun/xml/bind/jaxb-core/2.3.0.1/jaxb-core-2.3.0.1.jar:/home/user/.m2/repository/javax/xml/bind/jaxb-api/2.3.0/jaxb-api-2.3.0.jar:/home/user/.m2/repository/javax/activation/activation/1.1.1/activation-1.1.1.jar:/home/user/.m2/repository/org/apache/hadoop/hadoop-ozone-csi/0.5.0-SNAPSHOT/hadoop-ozone-csi-0.5.0-SNAPSHOT.jar:/home/user/.m2/repository/com/google/protobuf/protobuf-java-util/3.5.1/protobuf-java-util-3.5.1.jar:/home/user/.m2/repository/org/apache/hadoop/hadoop-hdds-config/0.5.0-SNAPSHOT/hadoop-hdds-config-0.5.0-SNAPSHOT.jar:/home/user/.m2/repository/io/grpc/grpc-netty/1.17.1/grpc-netty-1.17.1.jar:/home/user/.m2/repository/io/grpc/grpc-core/1.17.1/grpc-core-1.17.1.jar:/home/user/.m2/repository/io/grpc/grpc-context/1.17.1/grpc-context-1.17.1.jar:/home/user/.m2/repository/com/google/errorprone/error_prone_annotations/2.2.0/error_prone_annotations-2.2.0.jar:/home/user/.m2/repository/org/codehaus/mojo/animal-sniffer-annotations/1.17/animal-sniffer-annotations-1.17.jar:/home/user/.m2/repository/io/opencensus/opencensus-api/0.17.0/opencensus-api-0.17.0.jar:/home/user/.m2/repository/io/opencensus/opencensus-contrib-grpc-metrics/0.17.0/opencensus-contrib-grpc-metrics-0.17.0.jar:/home/user/.m2/repository/io/netty/netty-codec-http2/4.1.30.Final/netty-codec-http2-4.1.30.Final.jar:/home/user/.m2/repository/io/netty/netty-codec-http/4.1.30.Final/netty-codec-http-4.1.30.Final.jar:/home/user/.m2/repository/io/netty/netty-codec/4.1.30.Final/netty-codec-4.1.30.Final.jar:/home/user/.m2/repository/io/netty/netty-handler/4.1.30.Final/netty-handler-4.1.30.Final.jar:/home/user/.m2/repository/io/netty/netty-handler-proxy/4.1.30.Final/netty-handler-proxy-4.1.30.Final.jar:/home/user/.m2/repository/io/netty/netty-codec-socks/4.1.30.Final/netty-codec-socks-4.1.30.Final.jar:/home/user/.m2/repository/io/netty/netty-transport-native-epoll/4.1.30.Final/netty-transport-native-epoll-4.1.30.Final.jar:/home/user/.m2/repository/io/netty/netty-common/4.1.30.Final/netty-common-4.1.30.Final.jar:/home/user/.m2/repository/io/netty/netty-buffer/4.1.30.Final/netty-buffer-4.1.30.Final.jar:/home/user/.m2/repository/io/netty/netty-transport/4.1.30.Final/netty-transport-4.1.30.Final.jar:/home/user/.m2/repository/io/netty/netty-resolver/4.1.30.Final/netty-resolver-4.1.30.Final.jar:/home/user/.m2/repository/io/netty/netty-transport-native-unix-common/4.1.30.Final/netty-transport-native-unix-common-4.1.30.Final.jar:/home/user/.m2/repository/io/grpc/grpc-protobuf/1.17.1/grpc-protobuf-1.17.1.jar:/home/user/.m2/repository/com/google/api/grpc/proto-google-common-protos/1.0.0/proto-google-common-protos-1.0.0.jar:/home/user/.m2/repository/io/grpc/grpc-protobuf-lite/1.17.1/grpc-protobuf-lite-1.17.1.jar:/home/user/.m2/repository/io/grpc/grpc-stub/1.17.1/grpc-stub-1.17.1.jar:/home/user/.m2/repository/org/apache/hadoop/hadoop-ozone-recon/0.5.0-SNAPSHOT/hadoop-ozone-recon-0.5.0-SNAPSHOT.jar:/home/user/.m2/repository/org/apache/hadoop/hadoop-ozone-reconcodegen/0.5.0-SNAPSHOT/hadoop-ozone-reconcodegen-0.5.0-SNAPSHOT.jar:/home/user/.m2/repository/com/google/inject/extensions/guice-multibindings/4.0/guice-multibindings-4.0.jar:/home/user/.m2/repository/com/google/inject/guice/4.0/guice-4.0.jar:/home/user/.m2/repository/aopalliance/aopalliance/1.0/aopalliance-1.0.jar:/home/user/.m2/repository/com/google/inject/extensions/guice-servlet/4.0/guice-servlet-4.0.jar:/home/user/.m2/repository/org/glassfish/jersey/containers/jersey-container-servlet/2.27/jersey-container-servlet-2.27.jar:/home/user/.m2/repository/org/glassfish/hk2/guice-bridge/2.5.0/guice-bridge-2.5.0.jar:/home/user/.m2/repository/org/glassfish/jersey/core/jersey-server/2.27/jersey-server-2.27.jar:/home/user/.m2/repository/org/glassfish/jersey/core/jersey-client/2.27/jersey-client-2.27.jar:/home/user/.m2/repository/org/glassfish/jersey/media/jersey-media-jaxb/2.27/jersey-media-jaxb-2.27.jar:/home/user/.m2/repository/javax/validation/validation-api/1.1.0.Final/validation-api-1.1.0.Final.jar:/home/user/.m2/repository/org/glassfish/jersey/media/jersey-media-json-jackson/2.27/jersey-media-json-jackson-2.27.jar:/home/user/.m2/repository/org/glassfish/jersey/ext/jersey-entity-filtering/2.27/jersey-entity-filtering-2.27.jar:/home/user/.m2/repository/com/google/inject/extensions/guice-assistedinject/4.0/guice-assistedinject-4.0.jar:/home/user/.m2/repository/org/jooq/jooq/3.11.10/jooq-3.11.10.jar:/home/user/.m2/repository/org/jooq/jooq-meta/3.11.10/jooq-meta-3.11.10.jar:/home/user/.m2/repository/org/jooq/jooq-codegen/3.11.10/jooq-codegen-3.11.10.jar:/home/user/.m2/repository/com/jolbox/bonecp/0.8.0.RELEASE/bonecp-0.8.0.RELEASE.jar:/home/user/.m2/repository/org/xerial/sqlite-jdbc/3.25.2/sqlite-jdbc-3.25.2.jar:/home/user/.m2/repository/org/springframework/spring-jdbc/5.1.3.RELEASE/spring-jdbc-5.1.3.RELEASE.jar:/home/user/.m2/repository/org/springframework/spring-beans/5.1.3.RELEASE/spring-beans-5.1.3.RELEASE.jar:/home/user/.m2/repository/org/springframework/spring-core/5.1.3.RELEASE/spring-core-5.1.3.RELEASE.jar:/home/user/.m2/repository/org/springframework/spring-jcl/5.1.3.RELEASE/spring-jcl-5.1.3.RELEASE.jar:/home/user/.m2/repository/org/springframework/spring-tx/5.1.3.RELEASE/spring-tx-5.1.3.RELEASE.jar:/home/user/.m2/repository/org/apache/hadoop/hadoop-ozone-client/0.5.0-SNAPSHOT/hadoop-ozone-client-0.5.0-SNAPSHOT.jar:/home/user/.m2/repository/commons-lang/commons-lang/2.6/commons-lang-2.6.jar:/home/user/.m2/repository/org/apache/hadoop/hadoop-ozone-ozone-manager/0.5.0-SNAPSHOT/hadoop-ozone-ozone-manager-0.5.0-SNAPSHOT-tests.jar:/home/user/.m2/repository/junit/junit/4.11/junit-4.11.jar:/home/user/.m2/repository/org/hamcrest/hamcrest-core/1.3/hamcrest-core-1.3.jar:/home/user/.m2/repository/org/openjdk/jmh/jmh-core/1.19/jmh-core-1.19.jar:/home/user/.m2/repository/net/sf/jopt-simple/jopt-simple/4.6/jopt-simple-4.6.jar:/home/user/.m2/repository/org/apache/commons/commons-math3/3.1.1/commons-math3-3.1.1.jar:/home/user/.m2/repository/org/openjdk/jmh/jmh-generator-annprocess/1.19/jmh-generator-annprocess-1.19.jar:/home/user/.m2/repository/org/mockito/mockito-all/1.8.5/mockito-all-1.8.5.jar:/home/user/.m2/repository/org/apache/hadoop/hadoop-kms/3.2.0/hadoop-kms-3.2.0.jar:/home/user/.m2/repository/org/apache/hadoop/hadoop-auth/3.2.0/hadoop-auth-3.2.0.jar:/home/user/.m2/repository/com/nimbusds/nimbus-jose-jwt/4.41.1/nimbus-jose-jwt-4.41.1.jar:/home/user/.m2/repository/com/github/stephenc/jcip/jcip-annotations/1.0-1/jcip-annotations-1.0-1.jar:/home/user/.m2/repository/net/minidev/json-smart/2.3/json-smart-2.3.jar:/home/user/.m2/repository/net/minidev/accessors-smart/1.2/accessors-smart-1.2.jar:/home/user/.m2/repository/org/ow2/asm/asm/5.0.4/asm-5.0.4.jar:/home/user/.m2/repository/org/apache/curator/curator-framework/2.12.0/curator-framework-2.12.0.jar:/home/user/.m2/repository/com/sun/jersey/jersey-core/1.19/jersey-core-1.19.jar:/home/user/.m2/repository/javax/ws/rs/jsr311-api/1.1.1/jsr311-api-1.1.1.jar:/home/user/.m2/repository/com/sun/jersey/jersey-server/1.19/jersey-server-1.19.jar:/home/user/.m2/repository/javax/servlet/javax.servlet-api/3.1.0/javax.servlet-api-3.1.0.jar:/home/user/.m2/repository/org/eclipse/jetty/jetty-server/9.3.25.v20180904/jetty-server-9.3.25.v20180904.jar:/home/user/.m2/repository/org/eclipse/jetty/jetty-http/9.3.25.v20180904/jetty-http-9.3.25.v20180904.jar:/home/user/.m2/repository/org/eclipse/jetty/jetty-io/9.3.25.v20180904/jetty-io-9.3.25.v20180904.jar:/home/user/.m2/repository/org/eclipse/jetty/jetty-webapp/9.3.25.v20180904/jetty-webapp-9.3.25.v20180904.jar:/home/user/.m2/repository/org/eclipse/jetty/jetty-xml/9.3.25.v20180904/jetty-xml-9.3.25.v20180904.jar:/home/user/.m2/repository/log4j/log4j/1.2.17/log4j-1.2.17.jar:/home/user/.m2/repository/org/slf4j/slf4j-api/1.7.25/slf4j-api-1.7.25.jar:/home/user/.m2/repository/org/slf4j/jul-to-slf4j/1.7.25/jul-to-slf4j-1.7.25.jar:/home/user/.m2/repository/org/eclipse/jetty/jetty-util/9.3.25.v20180904/jetty-util-9.3.25.v20180904.jar:/home/user/.m2/repository/com/fasterxml/jackson/core/jackson-databind/2.9.9/jackson-databind-2.9.9.jar:/home/user/.m2/repository/org/apache/hadoop/hadoop-kms/3.2.0/hadoop-kms-3.2.0-tests.jar:/home/user/.m2/repository/org/apache/hadoop/hadoop-hdds-server-scm/0.5.0-SNAPSHOT/hadoop-hdds-server-scm-0.5.0-SNAPSHOT-tests.jar:/home/user/.m2/repository/org/apache/hadoop/hadoop-hdds-container-service/0.5.0-SNAPSHOT/hadoop-hdds-container-service-0.5.0-SNAPSHOT-tests.jar:/home/user/.m2/repository/org/yaml/snakeyaml/1.16/snakeyaml-1.16.jar:/home/user/.m2/repository/org/apache/hadoop/hadoop-common/3.2.0/hadoop-common-3.2.0-tests.jar:/home/user/.m2/repository/org/apache/hadoop/hadoop-annotations/3.2.0/hadoop-annotations-3.2.0.jar:/usr/lib/jvm/java-1.8-openjdk/jre/../lib/tools.jar:/home/user/.m2/repository/commons-cli/commons-cli/1.2/commons-cli-1.2.jar:/home/user/.m2/repository/org/apache/httpcomponents/httpclient/4.5.2/httpclient-4.5.2.jar:/home/user/.m2/repository/org/apache/httpcomponents/httpcore/4.4.4/httpcore-4.4.4.jar:/home/user/.m2/repository/commons-codec/commons-codec/1.11/commons-codec-1.11.jar:/home/user/.m2/repository/commons-net/commons-net/3.6/commons-net-3.6.jar:/home/user/.m2/repository/commons-collections/commons-collections/3.2.2/commons-collections-3.2.2.jar:/home/user/.m2/repository/org/eclipse/jetty/jetty-servlet/9.3.25.v20180904/jetty-servlet-9.3.25.v20180904.jar:/home/user/.m2/repository/org/eclipse/jetty/jetty-security/9.3.25.v20180904/jetty-security-9.3.25.v20180904.jar:/home/user/.m2/repository/javax/servlet/jsp/jsp-api/2.1/jsp-api-2.1.jar:/home/user/.m2/repository/com/sun/jersey/jersey-servlet/1.19/jersey-servlet-1.19.jar:/home/user/.m2/repository/com/sun/jersey/jersey-json/1.19/jersey-json-1.19.jar:/home/user/.m2/repository/org/codehaus/jettison/jettison/1.1/jettison-1.1.jar:/home/user/.m2/repository/org/codehaus/jackson/jackson-core-asl/1.9.13/jackson-core-asl-1.9.13.jar:/home/user/.m2/repository/org/codehaus/jackson/jackson-mapper-asl/1.9.13/jackson-mapper-asl-1.9.13.jar:/home/user/.m2/repository/org/codehaus/jackson/jackson-jaxrs/1.9.13/jackson-jaxrs-1.9.13.jar:/home/user/.m2/repository/org/codehaus/jackson/jackson-xc/1.9.13/jackson-xc-1.9.13.jar:/home/user/.m2/repository/commons-logging/commons-logging/1.1.3/commons-logging-1.1.3.jar:/home/user/.m2/repository/commons-beanutils/commons-beanutils/1.9.4/commons-beanutils-1.9.4.jar:/home/user/.m2/repository/org/apache/commons/commons-configuration2/2.1.1/commons-configuration2-2.1.1.jar:/home/user/.m2/repository/org/apache/commons/commons-lang3/3.7/commons-lang3-3.7.jar:/home/user/.m2/repository/org/apache/commons/commons-text/1.4/commons-text-1.4.jar:/home/user/.m2/repository/org/apache/avro/avro/1.7.7/avro-1.7.7.jar:/home/user/.m2/repository/com/thoughtworks/paranamer/paranamer/2.3/paranamer-2.3.jar:/home/user/.m2/repository/org/xerial/snappy/snappy-java/1.0.5/snappy-java-1.0.5.jar:/home/user/.m2/repository/com/google/re2j/re2j/1.1/re2j-1.1.jar:/home/user/.m2/repository/com/google/code/gson/gson/2.2.4/gson-2.2.4.jar:/home/user/.m2/repository/com/jcraft/jsch/0.1.54/jsch-0.1.54.jar:/home/user/.m2/repository/org/apache/curator/curator-client/2.12.0/curator-client-2.12.0.jar:/home/user/.m2/repository/org/apache/curator/curator-recipes/2.12.0/curator-recipes-2.12.0.jar:/home/user/.m2/repository/com/google/code/findbugs/jsr305/3.0.0/jsr305-3.0.0.jar:/home/user/.m2/repository/org/apache/htrace/htrace-core4/4.1.0-incubating/htrace-core4-4.1.0-incubating.jar:/home/user/.m2/repository/org/apache/zookeeper/zookeeper/3.4.13/zookeeper-3.4.13.jar:/home/user/.m2/repository/jline/jline/0.9.94/jline-0.9.94.jar:/home/user/.m2/repository/org/apache/yetus/audience-annotations/0.5.0/audience-annotations-0.5.0.jar:/home/user/.m2/repository/org/codehaus/woodstox/stax2-api/3.1.4/stax2-api-3.1.4.jar:/home/user/.m2/repository/com/fasterxml/woodstox/woodstox-core/5.0.3/woodstox-core-5.0.3.jar:/home/user/.m2/repository/dnsjava/dnsjava/2.1.7/dnsjava-2.1.7.jar:/home/user/.m2/repository/org/apache/hadoop/hadoop-hdfs/3.2.0/hadoop-hdfs-3.2.0-tests.jar:/home/user/.m2/repository/org/eclipse/jetty/jetty-util-ajax/9.3.25.v20180904/jetty-util-ajax-9.3.25.v20180904.jar:/home/user/.m2/repository/commons-daemon/commons-daemon/1.0.13/commons-daemon-1.0.13.jar:/home/user/.m2/repository/io/netty/netty/3.10.5.Final/netty-3.10.5.Final.jar:/home/user/.m2/repository/io/netty/netty-all/4.0.52.Final/netty-all-4.0.52.Final.jar:/home/user/.m2/repository/org/fusesource/leveldbjni/leveldbjni-all/1.8/leveldbjni-all-1.8.jar:"/>
    <property name="sun.cpu.endian" value="little"/>
    <property name="user.home" value="/home/user"/>
    <property name="user.language" value="en"/>
    <property name="java.specification.vendor" value="Oracle Corporation"/>
    <property name="java.home" value="/usr/lib/jvm/java-1.8-openjdk/jre"/>
    <property name="java.security.krb5.conf" value="/workdir/hadoop-ozone/integration-test/target/test-classes/krb5.conf"/>
    <property name="basedir" value="/workdir/hadoop-ozone/integration-test"/>
    <property name="file.separator" value="/"/>
    <property name="line.separator" value="&#10;"/>
    <property name="java.vm.specification.vendor" value="Oracle Corporation"/>
    <property name="java.specification.name" value="Java Platform API Specification"/>
    <property name="java.awt.graphicsenv" value="sun.awt.X11GraphicsEnvironment"/>
    <property name="surefire.real.class.path" value="/workdir/hadoop-ozone/integration-test/target/surefire/surefirebooter4428653347728119289.jar"/>
    <property name="hadoop.log.dir" value="/workdir/hadoop-ozone/integration-test/target/log"/>
    <property name="sun.boot.class.path" value="/usr/lib/jvm/java-1.8-openjdk/jre/lib/resources.jar:/usr/lib/jvm/java-1.8-openjdk/jre/lib/rt.jar:/usr/lib/jvm/java-1.8-openjdk/jre/lib/sunrsasign.jar:/usr/lib/jvm/java-1.8-openjdk/jre/lib/jsse.jar:/usr/lib/jvm/java-1.8-openjdk/jre/lib/jce.jar:/usr/lib/jvm/java-1.8-openjdk/jre/lib/charsets.jar:/usr/lib/jvm/java-1.8-openjdk/jre/lib/jfr.jar:/usr/lib/jvm/java-1.8-openjdk/jre/classes"/>
    <property name="sun.management.compiler" value="HotSpot 64-Bit Tiered Compilers"/>
    <property name="java.runtime.version" value="1.8.0_212-b04"/>
    <property name="java.net.preferIPv4Stack" value="true"/>
    <property name="user.name" value="jenkins1000"/>
    <property name="path.separator" value=":"/>
    <property name="java.security.egd" value="file:///dev/urandom"/>
    <property name="os.version" value="3.10.0-957.12.2.el7.x86_64"/>
    <property name="java.endorsed.dirs" value="/usr/lib/jvm/java-1.8-openjdk/jre/lib/endorsed"/>
    <property name="java.runtime.name" value="OpenJDK Runtime Environment"/>
    <property name="file.encoding" value="UTF-8"/>
    <property name="java.vm.name" value="OpenJDK 64-Bit Server VM"/>
    <property name="test.build.webapps" value=""/>
    <property name="localRepository" value="/home/user/.m2/repository"/>
    <property name="java.vendor.url.bug" value="https://icedtea.classpath.org/bugzilla"/>
    <property name="java.io.tmpdir" value="/tmp"/>
    <property name="require.test.libhadoop" value=""/>
    <property name="java.version" value="1.8.0_212"/>
    <property name="user.dir" value="/workdir/hadoop-ozone/integration-test"/>
    <property name="os.arch" value="amd64"/>
    <property name="java.vm.specification.name" value="Java Virtual Machine Specification"/>
    <property name="test.build.classes" value="/workdir/hadoop-ozone/integration-test/target/test-classes"/>
    <property name="java.awt.printerjob" value="sun.print.PSPrinterJob"/>
    <property name="sun.os.patch.level" value="unknown"/>
    <property name="hadoop.tmp.dir" value="/workdir/hadoop-ozone/integration-test/target/tmp"/>
    <property name="java.library.path" value="/usr/lib/jvm/java-1.8-openjdk/jre/lib/amd64/server:/usr/lib/jvm/java-1.8-openjdk/jre/lib/amd64:/usr/lib/jvm/java-1.8-openjdk/jre/../lib/amd64:/workdir/hadoop-ozone/integration-test/target/native/target/usr/local/lib:/workdir/hadoop-ozone/integration-test/../../hadoop-common-project/hadoop-common/target/native/target/usr/local/lib:/usr/java/packages/lib/amd64:/usr/lib64:/lib64:/lib:/usr/lib"/>
    <property name="java.vm.info" value="mixed mode"/>
    <property name="java.vendor" value="IcedTea"/>
    <property name="java.vm.version" value="25.212-b04"/>
    <property name="java.ext.dirs" value="/usr/lib/jvm/java-1.8-openjdk/jre/lib/ext:/usr/java/packages/lib/ext"/>
    <property name="sun.io.unicode.encoding" value="UnicodeLittle"/>
    <property name="java.class.version" value="52.0"/>
  </properties>
  <testcase name="org.apache.hadoop.ozone.client.rpc.TestReadRetries" classname="org.apache.hadoop.ozone.client.rpc.TestReadRetries" time="147.161">
    <error message="Connection refused" type="java.net.ConnectException"><![CDATA[java.net.ConnectException: Connection refused
	at sun.nio.ch.SocketChannelImpl.checkConnect(Native Method)
	at sun.nio.ch.SocketChannelImpl.finishConnect(SocketChannelImpl.java:717)
	at org.apache.hadoop.net.SocketIOWithTimeout.connect(SocketIOWithTimeout.java:206)
	at org.apache.hadoop.net.NetUtils.connect(NetUtils.java:531)
	at org.apache.hadoop.ipc.Client$Connection.setupConnection(Client.java:690)
	at org.apache.hadoop.ipc.Client$Connection.setupIOstreams(Client.java:794)
	at org.apache.hadoop.ipc.Client$Connection.access$3700(Client.java:411)
	at org.apache.hadoop.ipc.Client.getConnection(Client.java:1572)
	at org.apache.hadoop.ipc.Client.call(Client.java:1403)
	at org.apache.hadoop.ipc.Client.call(Client.java:1367)
	at org.apache.hadoop.ipc.ProtobufRpcEngine$Invoker.invoke(ProtobufRpcEngine.java:228)
	at org.apache.hadoop.ipc.ProtobufRpcEngine$Invoker.invoke(ProtobufRpcEngine.java:116)
	at com.sun.proxy.$Proxy37.submitRequest(Unknown Source)
	at sun.reflect.NativeMethodAccessorImpl.invoke0(Native Method)
	at sun.reflect.NativeMethodAccessorImpl.invoke(NativeMethodAccessorImpl.java:62)
	at sun.reflect.DelegatingMethodAccessorImpl.invoke(DelegatingMethodAccessorImpl.java:43)
	at java.lang.reflect.Method.invoke(Method.java:498)
	at org.apache.hadoop.io.retry.RetryInvocationHandler.invokeMethod(RetryInvocationHandler.java:422)
	at org.apache.hadoop.io.retry.RetryInvocationHandler$Call.invokeMethod(RetryInvocationHandler.java:165)
	at org.apache.hadoop.io.retry.RetryInvocationHandler$Call.invoke(RetryInvocationHandler.java:157)
	at org.apache.hadoop.io.retry.RetryInvocationHandler$Call.invokeOnce(RetryInvocationHandler.java:95)
	at org.apache.hadoop.io.retry.RetryInvocationHandler.invoke(RetryInvocationHandler.java:359)
	at com.sun.proxy.$Proxy37.submitRequest(Unknown Source)
	at org.apache.hadoop.ozone.om.protocolPB.OzoneManagerProtocolClientSideTranslatorPB.submitRequest(OzoneManagerProtocolClientSideTranslatorPB.java:338)
	at org.apache.hadoop.ozone.om.protocolPB.OzoneManagerProtocolClientSideTranslatorPB.getServiceInfo(OzoneManagerProtocolClientSideTranslatorPB.java:1223)
	at sun.reflect.NativeMethodAccessorImpl.invoke0(Native Method)
	at sun.reflect.NativeMethodAccessorImpl.invoke(NativeMethodAccessorImpl.java:62)
	at sun.reflect.DelegatingMethodAccessorImpl.invoke(DelegatingMethodAccessorImpl.java:43)
	at java.lang.reflect.Method.invoke(Method.java:498)
	at org.apache.hadoop.hdds.tracing.TraceAllMethod.invoke(TraceAllMethod.java:66)
	at com.sun.proxy.$Proxy38.getServiceInfo(Unknown Source)
	at org.apache.hadoop.ozone.client.rpc.RpcClient.<init>(RpcClient.java:154)
	at org.apache.hadoop.ozone.client.OzoneClientFactory.getClientProtocol(OzoneClientFactory.java:256)
	at org.apache.hadoop.ozone.client.OzoneClientFactory.getClientProtocol(OzoneClientFactory.java:239)
	at org.apache.hadoop.ozone.client.OzoneClientFactory.getRpcClient(OzoneClientFactory.java:203)
	at org.apache.hadoop.ozone.client.rpc.TestReadRetries.init(TestReadRetries.java:95)
	at sun.reflect.NativeMethodAccessorImpl.invoke0(Native Method)
	at sun.reflect.NativeMethodAccessorImpl.invoke(NativeMethodAccessorImpl.java:62)
	at sun.reflect.DelegatingMethodAccessorImpl.invoke(DelegatingMethodAccessorImpl.java:43)
	at java.lang.reflect.Method.invoke(Method.java:498)
	at org.junit.runners.model.FrameworkMethod$1.runReflectiveCall(FrameworkMethod.java:47)
	at org.junit.internal.runners.model.ReflectiveCallable.run(ReflectiveCallable.java:12)
	at org.junit.runners.model.FrameworkMethod.invokeExplosively(FrameworkMethod.java:44)
	at org.junit.internal.runners.statements.RunBefores.evaluate(RunBefores.java:24)
	at org.junit.internal.runners.statements.RunAfters.evaluate(RunAfters.java:27)
	at org.junit.runners.ParentRunner.run(ParentRunner.java:309)
	at org.apache.maven.surefire.junit4.JUnit4Provider.execute(JUnit4Provider.java:365)
	at org.apache.maven.surefire.junit4.JUnit4Provider.executeWithRerun(JUnit4Provider.java:273)
	at org.apache.maven.surefire.junit4.JUnit4Provider.executeTestSet(JUnit4Provider.java:238)
	at org.apache.maven.surefire.junit4.JUnit4Provider.invoke(JUnit4Provider.java:159)
	at org.apache.maven.surefire.booter.ForkedBooter.invokeProviderInSameClassLoader(ForkedBooter.java:384)
	at org.apache.maven.surefire.booter.ForkedBooter.runSuitesInProcess(ForkedBooter.java:345)
	at org.apache.maven.surefire.booter.ForkedBooter.execute(ForkedBooter.java:126)
	at org.apache.maven.surefire.booter.ForkedBooter.main(ForkedBooter.java:418)
]]></error>
    <system-out><![CDATA[2019-09-27 09:52:04,007 [main] WARN  server.ServerUtils (ServerUtils.java:getScmDbDir(145)) - ozone.scm.db.dirs is not configured. We recommend adding this setting. Falling back to ozone.metadata.dirs instead.
2019-09-27 09:52:04,106 [main] WARN  server.ServerUtils (ServerUtils.java:getScmDbDir(145)) - ozone.scm.db.dirs is not configured. We recommend adding this setting. Falling back to ozone.metadata.dirs instead.
2019-09-27 09:52:04,109 [main] WARN  server.ServerUtils (ServerUtils.java:getScmDbDir(145)) - ozone.scm.db.dirs is not configured. We recommend adding this setting. Falling back to ozone.metadata.dirs instead.
2019-09-27 09:52:04,127 [main] INFO  util.log (Log.java:initialized(192)) - Logging initialized @965ms
2019-09-27 09:52:04,230 [main] INFO  db.DBStoreBuilder (DBStoreBuilder.java:addTable(110)) - using custom profile for table: deletedBlocks
2019-09-27 09:52:04,231 [main] INFO  db.DBStoreBuilder (DBStoreBuilder.java:processTables(161)) - Using default column profile:DBProfile.DISK for Table:deletedBlocks
2019-09-27 09:52:04,231 [main] INFO  db.DBStoreBuilder (DBStoreBuilder.java:addTable(110)) - using custom profile for table: validCerts
2019-09-27 09:52:04,232 [main] INFO  db.DBStoreBuilder (DBStoreBuilder.java:processTables(161)) - Using default column profile:DBProfile.DISK for Table:validCerts
2019-09-27 09:52:04,232 [main] INFO  db.DBStoreBuilder (DBStoreBuilder.java:addTable(110)) - using custom profile for table: revokedCerts
2019-09-27 09:52:04,232 [main] INFO  db.DBStoreBuilder (DBStoreBuilder.java:processTables(161)) - Using default column profile:DBProfile.DISK for Table:revokedCerts
2019-09-27 09:52:04,244 [main] INFO  db.DBStoreBuilder (DBStoreBuilder.java:addTable(110)) - using custom profile for table: default
2019-09-27 09:52:04,244 [main] INFO  db.DBStoreBuilder (DBStoreBuilder.java:processTables(167)) - Using default column profile:DBProfile.DISK for Table:default
2019-09-27 09:52:04,245 [main] INFO  db.DBStoreBuilder (DBStoreBuilder.java:getDbProfile(198)) - Using default options. DBProfile.DISK
2019-09-27 09:52:04,546 [main] INFO  net.NodeSchemaLoader (NodeSchemaLoader.java:loadSchemaFromFile(125)) - Loading file from sun.misc.CompoundEnumeration@5e0e82ae
2019-09-27 09:52:04,548 [main] INFO  net.NodeSchemaLoader (NodeSchemaLoader.java:loadSchema(171)) - Loading network topology layer schema file
2019-09-27 09:52:04,617 [main] WARN  server.ServerUtils (ServerUtils.java:sanitizeUserArgs(70)) - ozone.scm.stale.node.interval value = 300000 is larger than max = 100000 based on the key value of ozone.scm.heartbeat.thread.interval, reset to the max value 100000.
2019-09-27 09:52:04,619 [main] WARN  server.ServerUtils (ServerUtils.java:sanitizeUserArgs(70)) - ozone.scm.stale.node.interval value = 300000 is larger than max = 100000 based on the key value of ozone.scm.heartbeat.thread.interval, reset to the max value 100000.
2019-09-27 09:52:04,622 [main] INFO  node.SCMNodeManager (SCMNodeManager.java:<init>(114)) - Entering startup safe mode.
2019-09-27 09:52:04,696 [main] INFO  algorithms.ContainerPlacementPolicyFactory (ContainerPlacementPolicyFactory.java:getPolicy(57)) - Create container placement policy of type org.apache.hadoop.hdds.scm.container.placement.algorithms.SCMContainerPlacementRandom
2019-09-27 09:52:04,710 [main] WARN  server.ServerUtils (ServerUtils.java:getScmDbDir(145)) - ozone.scm.db.dirs is not configured. We recommend adding this setting. Falling back to ozone.metadata.dirs instead.
2019-09-27 09:52:04,807 [main] INFO  pipeline.SCMPipelineManager (SCMPipelineManager.java:initializePipelineState(132)) - No pipeline exists in current db
2019-09-27 09:52:04,810 [main] WARN  server.ServerUtils (ServerUtils.java:getScmDbDir(145)) - ozone.scm.db.dirs is not configured. We recommend adding this setting. Falling back to ozone.metadata.dirs instead.
2019-09-27 09:52:04,948 [main] WARN  events.EventQueue (EventQueue.java:fireEvent(183)) - No event handler registered for event TypedEvent{payloadType=SafeModeStatus, name='SafeModeStatus'}
2019-09-27 09:52:05,339 [main] INFO  ipc.CallQueueManager (CallQueueManager.java:<init>(84)) - Using callQueue: class java.util.concurrent.LinkedBlockingQueue, queueCapacity: 2000, scheduler: class org.apache.hadoop.ipc.DefaultRpcScheduler, ipcBackoff: false.
2019-09-27 09:52:05,480 [Socket Reader #1 for port 44735] INFO  ipc.Server (Server.java:run(1074)) - Starting Socket Reader #1 for port 44735
2019-09-27 09:52:05,524 [main] INFO  ipc.CallQueueManager (CallQueueManager.java:<init>(84)) - Using callQueue: class java.util.concurrent.LinkedBlockingQueue, queueCapacity: 2000, scheduler: class org.apache.hadoop.ipc.DefaultRpcScheduler, ipcBackoff: false.
2019-09-27 09:52:05,525 [Socket Reader #1 for port 40024] INFO  ipc.Server (Server.java:run(1074)) - Starting Socket Reader #1 for port 40024
2019-09-27 09:52:05,536 [main] INFO  ipc.CallQueueManager (CallQueueManager.java:<init>(84)) - Using callQueue: class java.util.concurrent.LinkedBlockingQueue, queueCapacity: 2000, scheduler: class org.apache.hadoop.ipc.DefaultRpcScheduler, ipcBackoff: false.
2019-09-27 09:52:05,537 [Socket Reader #1 for port 45594] INFO  ipc.Server (Server.java:run(1074)) - Starting Socket Reader #1 for port 45594
2019-09-27 09:52:05,562 [main] INFO  hdfs.DFSUtil (DFSUtil.java:httpServerTemplateForNNAndJN(1641)) - Starting Web-server for scm at: http://0.0.0.0:0
2019-09-27 09:52:05,746 [main] INFO  server.AuthenticationFilter (AuthenticationFilter.java:constructSecretProvider(240)) - Unable to initialize FileSignerSecretProvider, falling back to use random secrets.
2019-09-27 09:52:05,755 [main] WARN  http.HttpRequestLog (HttpRequestLog.java:getRequestLog(97)) - Jetty request log can only be enabled using Log4j
2019-09-27 09:52:05,763 [main] INFO  http.HttpServer2 (HttpServer2.java:addGlobalFilter(975)) - Added global filter 'safety' (class=org.apache.hadoop.http.HttpServer2$QuotingInputFilter)
2019-09-27 09:52:05,766 [main] INFO  http.HttpServer2 (HttpServer2.java:addFilter(948)) - Added filter static_user_filter (class=org.apache.hadoop.http.lib.StaticUserWebFilter$StaticUserFilter) to context scm
2019-09-27 09:52:05,766 [main] INFO  http.HttpServer2 (HttpServer2.java:addFilter(958)) - Added filter static_user_filter (class=org.apache.hadoop.http.lib.StaticUserWebFilter$StaticUserFilter) to context logs
2019-09-27 09:52:05,766 [main] INFO  http.HttpServer2 (HttpServer2.java:addFilter(958)) - Added filter static_user_filter (class=org.apache.hadoop.http.lib.StaticUserWebFilter$StaticUserFilter) to context static
2019-09-27 09:52:05,799 [main] INFO  server.StorageContainerManager (StorageContainerManager.java:start(770)) - StorageContainerLocationProtocol RPC server is listening at /0.0.0.0:45594
2019-09-27 09:52:05,861 [main] WARN  impl.MetricsConfig (MetricsConfig.java:loadFirst(134)) - Cannot locate configuration: tried hadoop-metrics2-storagecontainermanager.properties,hadoop-metrics2.properties
2019-09-27 09:52:05,874 [main] INFO  impl.MetricsSystemImpl (MetricsSystemImpl.java:startTimer(374)) - Scheduled Metric snapshot period at 10 second(s).
2019-09-27 09:52:05,874 [main] INFO  impl.MetricsSystemImpl (MetricsSystemImpl.java:start(191)) - StorageContainerManager metrics system started
2019-09-27 09:52:06,099 [main] INFO  server.SCMClientProtocolServer (SCMClientProtocolServer.java:start(151)) - RPC server for Client  is listening at /0.0.0.0:45594
2019-09-27 09:52:06,100 [IPC Server Responder] INFO  ipc.Server (Server.java:run(1314)) - IPC Server Responder: starting
2019-09-27 09:52:06,101 [IPC Server listener on 45594] INFO  ipc.Server (Server.java:run(1153)) - IPC Server listener on 45594: starting
2019-09-27 09:52:06,104 [main] INFO  server.StorageContainerManager (StorageContainerManager.java:start(780)) - ScmBlockLocationProtocol RPC server is listening at /0.0.0.0:40024
2019-09-27 09:52:06,106 [main] INFO  server.SCMBlockProtocolServer (SCMBlockProtocolServer.java:start(146)) - RPC server for Block Protocol is listening at /0.0.0.0:40024
2019-09-27 09:52:06,106 [IPC Server Responder] INFO  ipc.Server (Server.java:run(1314)) - IPC Server Responder: starting
2019-09-27 09:52:06,107 [IPC Server listener on 40024] INFO  ipc.Server (Server.java:run(1153)) - IPC Server listener on 40024: starting
2019-09-27 09:52:06,113 [main] INFO  server.StorageContainerManager (StorageContainerManager.java:start(784)) - ScmDatanodeProtocl RPC server is listening at /0.0.0.0:44735
2019-09-27 09:52:06,113 [main] INFO  server.SCMDatanodeProtocolServer (SCMDatanodeProtocolServer.java:start(191)) - RPC server for DataNodes is listening at /0.0.0.0:44735
2019-09-27 09:52:06,114 [IPC Server Responder] INFO  ipc.Server (Server.java:run(1314)) - IPC Server Responder: starting
2019-09-27 09:52:06,115 [IPC Server listener on 44735] INFO  ipc.Server (Server.java:run(1153)) - IPC Server listener on 44735: starting
2019-09-27 09:52:06,119 [main] INFO  http.HttpServer2 (HttpServer2.java:bindListener(1191)) - Jetty bound to port 43674
2019-09-27 09:52:06,121 [main] INFO  server.Server (Server.java:doStart(351)) - jetty-9.3.25.v20180904, build timestamp: 2018-09-04T21:11:46Z, git hash: 3ce520221d0240229c862b122d2b06c12a625732
2019-09-27 09:52:06,161 [main] INFO  handler.ContextHandler (ContextHandler.java:doStart(781)) - Started o.e.j.s.ServletContextHandler@56303b57{/logs,file:///workdir/hadoop-ozone/integration-test/target/log,AVAILABLE}
2019-09-27 09:52:06,162 [main] INFO  handler.ContextHandler (ContextHandler.java:doStart(781)) - Started o.e.j.s.ServletContextHandler@8692d67{/static,file:///workdir/hadoop-ozone/integration-test/target/test-classes/webapps/static,AVAILABLE}
2019-09-27 09:52:06,194 [main] INFO  handler.ContextHandler (ContextHandler.java:doStart(781)) - Started o.e.j.w.WebAppContext@59a67c3a{/,file:///workdir/hadoop-ozone/integration-test/target/test-classes/webapps/scm/,AVAILABLE}{/scm}
2019-09-27 09:52:06,200 [main] INFO  server.AbstractConnector (AbstractConnector.java:doStart(278)) - Started ServerConnector@3d6300e8{HTTP/1.1,[http/1.1]}{0.0.0.0:43674}
2019-09-27 09:52:06,200 [main] INFO  server.Server (Server.java:doStart(419)) - Started @3038ms
2019-09-27 09:52:06,202 [main] INFO  impl.MetricsSinkAdapter (MetricsSinkAdapter.java:start(204)) - Sink prometheus started
2019-09-27 09:52:06,203 [main] INFO  impl.MetricsSystemImpl (MetricsSystemImpl.java:registerSink(301)) - Registered sink prometheus
2019-09-27 09:52:06,204 [main] INFO  server.BaseHttpServer (BaseHttpServer.java:updateConnectorAddress(215)) - HTTP server of SCM is listening at http://0.0.0.0:43674
2019-09-27 09:52:06,213 [org.apache.hadoop.util.JvmPauseMonitor$Monitor@60094a13] INFO  util.JvmPauseMonitor (JvmPauseMonitor.java:run(188)) - Starting JVM pause monitor
2019-09-27 09:52:06,217 [main] WARN  server.ServerUtils (ServerUtils.java:getDBPath(222)) - ozone.om.db.dirs is not configured. We recommend adding this setting. Falling back to ozone.metadata.dirs instead.
2019-09-27 09:52:06,345 [main] INFO  ha.OMHANodeDetails (OMHANodeDetails.java:loadOMHAConfig(194)) - Configuration either no ozone.om.address set. Falling back to the default OM address /127.0.0.1:0
2019-09-27 09:52:06,345 [main] INFO  ha.OMHANodeDetails (OMHANodeDetails.java:getOMNodeDetails(224)) - OM Service ID is not set. Setting it to the default ID: omServiceIdDefault
2019-09-27 09:52:06,347 [main] WARN  server.ServerUtils (ServerUtils.java:getDBPath(222)) - ozone.om.db.dirs is not configured. We recommend adding this setting. Falling back to ozone.metadata.dirs instead.
2019-09-27 09:52:06,347 [main] WARN  server.ServerUtils (ServerUtils.java:getDBPath(222)) - ozone.om.db.dirs is not configured. We recommend adding this setting. Falling back to ozone.metadata.dirs instead.
2019-09-27 09:52:07,109 [main] WARN  server.ServerUtils (ServerUtils.java:getDBPath(222)) - ozone.om.db.dirs is not configured. We recommend adding this setting. Falling back to ozone.metadata.dirs instead.
2019-09-27 09:52:07,121 [main] INFO  db.DBStoreBuilder (DBStoreBuilder.java:addTable(110)) - using custom profile for table: userTable
2019-09-27 09:52:07,122 [main] INFO  db.DBStoreBuilder (DBStoreBuilder.java:processTables(161)) - Using default column profile:DBProfile.DISK for Table:userTable
2019-09-27 09:52:07,122 [main] INFO  db.DBStoreBuilder (DBStoreBuilder.java:addTable(110)) - using custom profile for table: volumeTable
2019-09-27 09:52:07,123 [main] INFO  db.DBStoreBuilder (DBStoreBuilder.java:processTables(161)) - Using default column profile:DBProfile.DISK for Table:volumeTable
2019-09-27 09:52:07,123 [main] INFO  db.DBStoreBuilder (DBStoreBuilder.java:addTable(110)) - using custom profile for table: bucketTable
2019-09-27 09:52:07,123 [main] INFO  db.DBStoreBuilder (DBStoreBuilder.java:processTables(161)) - Using default column profile:DBProfile.DISK for Table:bucketTable
2019-09-27 09:52:07,124 [main] INFO  db.DBStoreBuilder (DBStoreBuilder.java:addTable(110)) - using custom profile for table: keyTable
2019-09-27 09:52:07,124 [main] INFO  db.DBStoreBuilder (DBStoreBuilder.java:processTables(161)) - Using default column profile:DBProfile.DISK for Table:keyTable
2019-09-27 09:52:07,124 [main] INFO  db.DBStoreBuilder (DBStoreBuilder.java:addTable(110)) - using custom profile for table: deletedTable
2019-09-27 09:52:07,125 [main] INFO  db.DBStoreBuilder (DBStoreBuilder.java:processTables(161)) - Using default column profile:DBProfile.DISK for Table:deletedTable
2019-09-27 09:52:07,125 [main] INFO  db.DBStoreBuilder (DBStoreBuilder.java:addTable(110)) - using custom profile for table: openKeyTable
2019-09-27 09:52:07,125 [main] INFO  db.DBStoreBuilder (DBStoreBuilder.java:processTables(161)) - Using default column profile:DBProfile.DISK for Table:openKeyTable
2019-09-27 09:52:07,126 [main] INFO  db.DBStoreBuilder (DBStoreBuilder.java:addTable(110)) - using custom profile for table: s3Table
2019-09-27 09:52:07,126 [main] INFO  db.DBStoreBuilder (DBStoreBuilder.java:processTables(161)) - Using default column profile:DBProfile.DISK for Table:s3Table
2019-09-27 09:52:07,127 [main] INFO  db.DBStoreBuilder (DBStoreBuilder.java:addTable(110)) - using custom profile for table: multipartInfoTable
2019-09-27 09:52:07,127 [main] INFO  db.DBStoreBuilder (DBStoreBuilder.java:processTables(161)) - Using default column profile:DBProfile.DISK for Table:multipartInfoTable
2019-09-27 09:52:07,127 [main] INFO  db.DBStoreBuilder (DBStoreBuilder.java:addTable(110)) - using custom profile for table: dTokenTable
2019-09-27 09:52:07,128 [main] INFO  db.DBStoreBuilder (DBStoreBuilder.java:processTables(161)) - Using default column profile:DBProfile.DISK for Table:dTokenTable
2019-09-27 09:52:07,128 [main] INFO  db.DBStoreBuilder (DBStoreBuilder.java:addTable(110)) - using custom profile for table: s3SecretTable
2019-09-27 09:52:07,128 [main] INFO  db.DBStoreBuilder (DBStoreBuilder.java:processTables(161)) - Using default column profile:DBProfile.DISK for Table:s3SecretTable
2019-09-27 09:52:07,129 [main] INFO  db.DBStoreBuilder (DBStoreBuilder.java:addTable(110)) - using custom profile for table: prefixTable
2019-09-27 09:52:07,129 [main] INFO  db.DBStoreBuilder (DBStoreBuilder.java:processTables(161)) - Using default column profile:DBProfile.DISK for Table:prefixTable
2019-09-27 09:52:07,130 [main] INFO  db.DBStoreBuilder (DBStoreBuilder.java:addTable(110)) - using custom profile for table: default
2019-09-27 09:52:07,130 [main] INFO  db.DBStoreBuilder (DBStoreBuilder.java:processTables(167)) - Using default column profile:DBProfile.DISK for Table:default
2019-09-27 09:52:07,130 [main] INFO  db.DBStoreBuilder (DBStoreBuilder.java:getDbProfile(198)) - Using default options. DBProfile.DISK
2019-09-27 09:52:07,651 [main] INFO  ipc.CallQueueManager (CallQueueManager.java:<init>(84)) - Using callQueue: class java.util.concurrent.LinkedBlockingQueue, queueCapacity: 2000, scheduler: class org.apache.hadoop.ipc.DefaultRpcScheduler, ipcBackoff: false.
2019-09-27 09:52:07,652 [Socket Reader #1 for port 41439] INFO  ipc.Server (Server.java:run(1074)) - Starting Socket Reader #1 for port 41439
2019-09-27 09:52:07,677 [main] INFO  om.OzoneManager (OzoneManager.java:start(1069)) - OzoneManager RPC server is listening at localhost/127.0.0.1:41439
2019-09-27 09:52:07,677 [main] INFO  impl.MetricsSystemImpl (MetricsSystemImpl.java:init(158)) - OzoneManager metrics system started (again)
2019-09-27 09:52:07,679 [IPC Server Responder] INFO  ipc.Server (Server.java:run(1314)) - IPC Server Responder: starting
2019-09-27 09:52:07,679 [IPC Server listener on 41439] INFO  ipc.Server (Server.java:run(1153)) - IPC Server listener on 41439: starting
2019-09-27 09:52:07,685 [main] INFO  hdfs.DFSUtil (DFSUtil.java:httpServerTemplateForNNAndJN(1641)) - Starting Web-server for ozoneManager at: http://0.0.0.0:0
2019-09-27 09:52:07,687 [main] INFO  server.AuthenticationFilter (AuthenticationFilter.java:constructSecretProvider(240)) - Unable to initialize FileSignerSecretProvider, falling back to use random secrets.
2019-09-27 09:52:07,687 [main] WARN  http.HttpRequestLog (HttpRequestLog.java:getRequestLog(97)) - Jetty request log can only be enabled using Log4j
2019-09-27 09:52:07,690 [main] INFO  http.HttpServer2 (HttpServer2.java:addGlobalFilter(975)) - Added global filter 'safety' (class=org.apache.hadoop.http.HttpServer2$QuotingInputFilter)
2019-09-27 09:52:07,691 [main] INFO  http.HttpServer2 (HttpServer2.java:addFilter(948)) - Added filter static_user_filter (class=org.apache.hadoop.http.lib.StaticUserWebFilter$StaticUserFilter) to context ozoneManager
2019-09-27 09:52:07,691 [main] INFO  http.HttpServer2 (HttpServer2.java:addFilter(958)) - Added filter static_user_filter (class=org.apache.hadoop.http.lib.StaticUserWebFilter$StaticUserFilter) to context static
2019-09-27 09:52:07,692 [main] INFO  http.HttpServer2 (HttpServer2.java:addFilter(958)) - Added filter static_user_filter (class=org.apache.hadoop.http.lib.StaticUserWebFilter$StaticUserFilter) to context logs
2019-09-27 09:52:07,694 [main] INFO  http.HttpServer2 (HttpServer2.java:bindListener(1191)) - Jetty bound to port 35883
2019-09-27 09:52:07,695 [main] INFO  server.Server (Server.java:doStart(351)) - jetty-9.3.25.v20180904, build timestamp: 2018-09-04T21:11:46Z, git hash: 3ce520221d0240229c862b122d2b06c12a625732
2019-09-27 09:52:07,697 [main] INFO  handler.ContextHandler (ContextHandler.java:doStart(781)) - Started o.e.j.s.ServletContextHandler@20ed3303{/logs,file:///workdir/hadoop-ozone/integration-test/target/log,AVAILABLE}
2019-09-27 09:52:07,698 [main] INFO  handler.ContextHandler (ContextHandler.java:doStart(781)) - Started o.e.j.s.ServletContextHandler@3a627c80{/static,file:///workdir/hadoop-ozone/integration-test/target/test-classes/webapps/static,AVAILABLE}
2019-09-27 09:52:07,703 [main] INFO  handler.ContextHandler (ContextHandler.java:doStart(781)) - Started o.e.j.w.WebAppContext@415156bf{/,file:///workdir/hadoop-ozone/integration-test/target/test-classes/webapps/ozoneManager/,AVAILABLE}{/ozoneManager}
2019-09-27 09:52:07,704 [main] INFO  server.AbstractConnector (AbstractConnector.java:doStart(278)) - Started ServerConnector@393881f0{HTTP/1.1,[http/1.1]}{0.0.0.0:35883}
2019-09-27 09:52:07,705 [main] INFO  server.Server (Server.java:doStart(419)) - Started @4543ms
2019-09-27 09:52:07,706 [main] WARN  impl.MetricsSystemImpl (MetricsSystemImpl.java:register(276)) - Sink prometheus already exists!
2019-09-27 09:52:07,707 [main] INFO  server.BaseHttpServer (BaseHttpServer.java:updateConnectorAddress(215)) - HTTP server of OZONEMANAGER is listening at http://0.0.0.0:35883
2019-09-27 09:52:08,027 [main] INFO  impl.MetricsSystemImpl (MetricsSystemImpl.java:init(158)) - HddsDatanode metrics system started (again)
2019-09-27 09:52:08,076 [main] INFO  ozone.HddsDatanodeService (HddsDatanodeService.java:start(184)) - HddsDatanodeService host:pr-hdds2162-4fxhj-20988671 ip:192.168.151.103
2019-09-27 09:52:08,109 [main] INFO  volume.HddsVolume (HddsVolume.java:<init>(176)) - Creating Volume: /workdir/hadoop-ozone/integration-test/target/test-dir/MiniOzoneClusterImpl-c7877029-e657-495a-8fe1-46207200c0e4/datanode-0/data/containers/hdds of  storage type : DISK and capacity : 1482555576320
2019-09-27 09:52:08,111 [main] INFO  volume.VolumeSet (VolumeSet.java:initializeVolumeSet(170)) - Added Volume : /workdir/hadoop-ozone/integration-test/target/test-dir/MiniOzoneClusterImpl-c7877029-e657-495a-8fe1-46207200c0e4/datanode-0/data/containers/hdds to VolumeSet
2019-09-27 09:52:08,114 [main] INFO  volume.ThrottledAsyncChecker (ThrottledAsyncChecker.java:schedule(139)) - Scheduling a check for org.apache.hadoop.ozone.container.common.volume.HddsVolume@787f32b7
2019-09-27 09:52:08,142 [main] INFO  volume.HddsVolumeChecker (HddsVolumeChecker.java:checkAllVolumes(202)) - Scheduled health check for volume org.apache.hadoop.ozone.container.common.volume.HddsVolume@787f32b7
2019-09-27 09:52:08,291 [main] INFO  impl.RaftServerProxy (ConfUtils.java:logGet(43)) - raft.rpc.type = GRPC (default)
2019-09-27 09:52:08,359 [main] INFO  grpc.GrpcFactory (GrpcFactory.java:checkPooledByteBufAllocatorUseCacheForAllThreads(45)) - PERFORMANCE WARNING: useCacheForAllThreads is true that may cause Netty to create a lot garbage objects and, as a result, trigger GC.
	It is recommended to disable useCacheForAllThreads by setting -Dorg.apache.ratis.thirdparty.io.netty.allocator.useCacheForAllThreads=false in command line.
2019-09-27 09:52:08,363 [main] INFO  grpc.GrpcConfigKeys$Server (ConfUtils.java:logGet(43)) - raft.grpc.server.port = 0 (default)
2019-09-27 09:52:08,364 [main] INFO  server.GrpcService (ConfUtils.java:logGet(43)) - raft.grpc.message.size.max = 33570816 (custom)
2019-09-27 09:52:08,366 [main] INFO  server.RaftServerConfigKeys (ConfUtils.java:logGet(43)) - raft.server.log.appender.buffer.byte-limit = 33554432 (custom)
2019-09-27 09:52:08,367 [main] INFO  server.GrpcService (ConfUtils.java:logGet(43)) - raft.grpc.flow.control.window = 1MB (=1048576) (default)
2019-09-27 09:52:08,367 [main] INFO  server.RaftServerConfigKeys (ConfUtils.java:logGet(43)) - raft.server.rpc.request.timeout = 3000ms (default)
2019-09-27 09:52:08,533 [main] INFO  server.RaftServerConfigKeys (ConfUtils.java:logGet(43)) - raft.server.storage.dir = [/workdir/hadoop-ozone/integration-test/target/test-dir/MiniOzoneClusterImpl-c7877029-e657-495a-8fe1-46207200c0e4/datanode-0/data/ratis] (custom)
2019-09-27 09:52:08,586 [main] INFO  hdfs.DFSUtil (DFSUtil.java:httpServerTemplateForNNAndJN(1641)) - Starting Web-server for hddsDatanode at: http://0.0.0.0:0
2019-09-27 09:52:08,591 [main] INFO  server.AuthenticationFilter (AuthenticationFilter.java:constructSecretProvider(240)) - Unable to initialize FileSignerSecretProvider, falling back to use random secrets.
2019-09-27 09:52:08,592 [main] WARN  http.HttpRequestLog (HttpRequestLog.java:getRequestLog(97)) - Jetty request log can only be enabled using Log4j
2019-09-27 09:52:08,596 [main] INFO  http.HttpServer2 (HttpServer2.java:addGlobalFilter(975)) - Added global filter 'safety' (class=org.apache.hadoop.http.HttpServer2$QuotingInputFilter)
2019-09-27 09:52:08,597 [main] INFO  http.HttpServer2 (HttpServer2.java:addFilter(948)) - Added filter static_user_filter (class=org.apache.hadoop.http.lib.StaticUserWebFilter$StaticUserFilter) to context hddsDatanode
2019-09-27 09:52:08,597 [main] INFO  http.HttpServer2 (HttpServer2.java:addFilter(958)) - Added filter static_user_filter (class=org.apache.hadoop.http.lib.StaticUserWebFilter$StaticUserFilter) to context static
2019-09-27 09:52:08,597 [main] INFO  http.HttpServer2 (HttpServer2.java:addFilter(958)) - Added filter static_user_filter (class=org.apache.hadoop.http.lib.StaticUserWebFilter$StaticUserFilter) to context logs
2019-09-27 09:52:08,600 [main] INFO  http.HttpServer2 (HttpServer2.java:bindListener(1191)) - Jetty bound to port 38295
2019-09-27 09:52:08,600 [main] INFO  server.Server (Server.java:doStart(351)) - jetty-9.3.25.v20180904, build timestamp: 2018-09-04T21:11:46Z, git hash: 3ce520221d0240229c862b122d2b06c12a625732
2019-09-27 09:52:08,603 [main] INFO  handler.ContextHandler (ContextHandler.java:doStart(781)) - Started o.e.j.s.ServletContextHandler@3968bc60{/logs,file:///workdir/hadoop-ozone/integration-test/target/log,AVAILABLE}
2019-09-27 09:52:08,604 [main] INFO  handler.ContextHandler (ContextHandler.java:doStart(781)) - Started o.e.j.s.ServletContextHandler@227a47{/static,jar:file:/home/user/.m2/repository/org/apache/hadoop/hadoop-hdds-container-service/0.5.0-SNAPSHOT/hadoop-hdds-container-service-0.5.0-SNAPSHOT.jar!/webapps/static,AVAILABLE}
2019-09-27 09:52:08,659 [main] INFO  handler.ContextHandler (ContextHandler.java:doStart(781)) - Started o.e.j.w.WebAppContext@6981f8f3{/,file:///tmp/jetty-0.0.0.0-38295-hddsDatanode-_-any-2030549453972527379.dir/webapp/,AVAILABLE}{/hddsDatanode}
2019-09-27 09:52:08,661 [main] INFO  server.AbstractConnector (AbstractConnector.java:doStart(278)) - Started ServerConnector@623dcf2a{HTTP/1.1,[http/1.1]}{0.0.0.0:38295}
2019-09-27 09:52:08,661 [main] INFO  server.Server (Server.java:doStart(419)) - Started @5499ms
2019-09-27 09:52:08,661 [main] WARN  impl.MetricsSystemImpl (MetricsSystemImpl.java:register(276)) - Sink prometheus already exists!
2019-09-27 09:52:08,662 [main] INFO  server.BaseHttpServer (BaseHttpServer.java:updateConnectorAddress(215)) - HTTP server of HDDSDATANODE is listening at http://0.0.0.0:38295
2019-09-27 09:52:08,664 [main] INFO  impl.MetricsSystemImpl (MetricsSystemImpl.java:init(158)) - HddsDatanode metrics system started (again)
2019-09-27 09:52:08,669 [main] INFO  ozone.HddsDatanodeService (HddsDatanodeService.java:start(184)) - HddsDatanodeService host:pr-hdds2162-4fxhj-20988671 ip:192.168.151.103
2019-09-27 09:52:08,671 [org.apache.hadoop.util.JvmPauseMonitor$Monitor@527837db] INFO  util.JvmPauseMonitor (JvmPauseMonitor.java:run(188)) - Starting JVM pause monitor
2019-09-27 09:52:08,683 [main] INFO  volume.HddsVolume (HddsVolume.java:<init>(176)) - Creating Volume: /workdir/hadoop-ozone/integration-test/target/test-dir/MiniOzoneClusterImpl-c7877029-e657-495a-8fe1-46207200c0e4/datanode-1/data/containers/hdds of  storage type : DISK and capacity : 1482555576320
2019-09-27 09:52:08,684 [main] INFO  volume.VolumeSet (VolumeSet.java:initializeVolumeSet(170)) - Added Volume : /workdir/hadoop-ozone/integration-test/target/test-dir/MiniOzoneClusterImpl-c7877029-e657-495a-8fe1-46207200c0e4/datanode-1/data/containers/hdds to VolumeSet
2019-09-27 09:52:08,684 [main] INFO  volume.ThrottledAsyncChecker (ThrottledAsyncChecker.java:schedule(139)) - Scheduling a check for org.apache.hadoop.ozone.container.common.volume.HddsVolume@561b61ed
2019-09-27 09:52:08,685 [main] INFO  volume.HddsVolumeChecker (HddsVolumeChecker.java:checkAllVolumes(202)) - Scheduled health check for volume org.apache.hadoop.ozone.container.common.volume.HddsVolume@561b61ed
2019-09-27 09:52:08,707 [main] INFO  impl.RaftServerProxy (ConfUtils.java:logGet(43)) - raft.rpc.type = GRPC (default)
2019-09-27 09:52:08,708 [main] INFO  grpc.GrpcFactory (GrpcFactory.java:checkPooledByteBufAllocatorUseCacheForAllThreads(45)) - PERFORMANCE WARNING: useCacheForAllThreads is true that may cause Netty to create a lot garbage objects and, as a result, trigger GC.
	It is recommended to disable useCacheForAllThreads by setting -Dorg.apache.ratis.thirdparty.io.netty.allocator.useCacheForAllThreads=false in command line.
2019-09-27 09:52:08,708 [main] INFO  grpc.GrpcConfigKeys$Server (ConfUtils.java:logGet(43)) - raft.grpc.server.port = 0 (default)
2019-09-27 09:52:08,708 [main] INFO  server.GrpcService (ConfUtils.java:logGet(43)) - raft.grpc.message.size.max = 33570816 (custom)
2019-09-27 09:52:08,709 [main] INFO  server.RaftServerConfigKeys (ConfUtils.java:logGet(43)) - raft.server.log.appender.buffer.byte-limit = 33554432 (custom)
2019-09-27 09:52:08,709 [main] INFO  server.GrpcService (ConfUtils.java:logGet(43)) - raft.grpc.flow.control.window = 1MB (=1048576) (default)
2019-09-27 09:52:08,709 [main] INFO  server.RaftServerConfigKeys (ConfUtils.java:logGet(43)) - raft.server.rpc.request.timeout = 3000ms (default)
2019-09-27 09:52:08,710 [main] INFO  server.RaftServerConfigKeys (ConfUtils.java:logGet(43)) - raft.server.storage.dir = [/workdir/hadoop-ozone/integration-test/target/test-dir/MiniOzoneClusterImpl-c7877029-e657-495a-8fe1-46207200c0e4/datanode-1/data/ratis] (custom)
2019-09-27 09:52:08,712 [main] INFO  hdfs.DFSUtil (DFSUtil.java:httpServerTemplateForNNAndJN(1641)) - Starting Web-server for hddsDatanode at: http://0.0.0.0:0
2019-09-27 09:52:08,714 [main] INFO  server.AuthenticationFilter (AuthenticationFilter.java:constructSecretProvider(240)) - Unable to initialize FileSignerSecretProvider, falling back to use random secrets.
2019-09-27 09:52:08,715 [main] WARN  http.HttpRequestLog (HttpRequestLog.java:getRequestLog(97)) - Jetty request log can only be enabled using Log4j
2019-09-27 09:52:08,718 [main] INFO  http.HttpServer2 (HttpServer2.java:addGlobalFilter(975)) - Added global filter 'safety' (class=org.apache.hadoop.http.HttpServer2$QuotingInputFilter)
2019-09-27 09:52:08,718 [main] INFO  http.HttpServer2 (HttpServer2.java:addFilter(948)) - Added filter static_user_filter (class=org.apache.hadoop.http.lib.StaticUserWebFilter$StaticUserFilter) to context hddsDatanode
2019-09-27 09:52:08,719 [main] INFO  http.HttpServer2 (HttpServer2.java:addFilter(958)) - Added filter static_user_filter (class=org.apache.hadoop.http.lib.StaticUserWebFilter$StaticUserFilter) to context static
2019-09-27 09:52:08,719 [main] INFO  http.HttpServer2 (HttpServer2.java:addFilter(958)) - Added filter static_user_filter (class=org.apache.hadoop.http.lib.StaticUserWebFilter$StaticUserFilter) to context logs
2019-09-27 09:52:08,720 [main] INFO  http.HttpServer2 (HttpServer2.java:bindListener(1191)) - Jetty bound to port 42570
2019-09-27 09:52:08,720 [main] INFO  server.Server (Server.java:doStart(351)) - jetty-9.3.25.v20180904, build timestamp: 2018-09-04T21:11:46Z, git hash: 3ce520221d0240229c862b122d2b06c12a625732
2019-09-27 09:52:08,726 [main] INFO  handler.ContextHandler (ContextHandler.java:doStart(781)) - Started o.e.j.s.ServletContextHandler@3ed7821{/logs,file:///workdir/hadoop-ozone/integration-test/target/log,AVAILABLE}
2019-09-27 09:52:08,726 [main] INFO  handler.ContextHandler (ContextHandler.java:doStart(781)) - Started o.e.j.s.ServletContextHandler@4f0f7849{/static,jar:file:/home/user/.m2/repository/org/apache/hadoop/hadoop-hdds-container-service/0.5.0-SNAPSHOT/hadoop-hdds-container-service-0.5.0-SNAPSHOT.jar!/webapps/static,AVAILABLE}
2019-09-27 09:52:08,760 [main] INFO  handler.ContextHandler (ContextHandler.java:doStart(781)) - Started o.e.j.w.WebAppContext@62dbe64e{/,file:///tmp/jetty-0.0.0.0-42570-hddsDatanode-_-any-7218980353794640779.dir/webapp/,AVAILABLE}{/hddsDatanode}
2019-09-27 09:52:08,760 [main] INFO  server.AbstractConnector (AbstractConnector.java:doStart(278)) - Started ServerConnector@6cff61fc{HTTP/1.1,[http/1.1]}{0.0.0.0:42570}
2019-09-27 09:52:08,761 [main] INFO  server.Server (Server.java:doStart(419)) - Started @5599ms
2019-09-27 09:52:08,761 [main] WARN  impl.MetricsSystemImpl (MetricsSystemImpl.java:register(276)) - Sink prometheus already exists!
2019-09-27 09:52:08,762 [main] INFO  server.BaseHttpServer (BaseHttpServer.java:updateConnectorAddress(215)) - HTTP server of HDDSDATANODE is listening at http://0.0.0.0:42570
2019-09-27 09:52:08,763 [main] INFO  impl.MetricsSystemImpl (MetricsSystemImpl.java:init(158)) - HddsDatanode metrics system started (again)
2019-09-27 09:52:08,766 [main] INFO  ozone.HddsDatanodeService (HddsDatanodeService.java:start(184)) - HddsDatanodeService host:pr-hdds2162-4fxhj-20988671 ip:192.168.151.103
2019-09-27 09:52:08,766 [org.apache.hadoop.util.JvmPauseMonitor$Monitor@176df39c] INFO  util.JvmPauseMonitor (JvmPauseMonitor.java:run(188)) - Starting JVM pause monitor
2019-09-27 09:52:08,777 [main] INFO  volume.HddsVolume (HddsVolume.java:<init>(176)) - Creating Volume: /workdir/hadoop-ozone/integration-test/target/test-dir/MiniOzoneClusterImpl-c7877029-e657-495a-8fe1-46207200c0e4/datanode-2/data/containers/hdds of  storage type : DISK and capacity : 1482555576320
2019-09-27 09:52:08,777 [main] INFO  volume.VolumeSet (VolumeSet.java:initializeVolumeSet(170)) - Added Volume : /workdir/hadoop-ozone/integration-test/target/test-dir/MiniOzoneClusterImpl-c7877029-e657-495a-8fe1-46207200c0e4/datanode-2/data/containers/hdds to VolumeSet
2019-09-27 09:52:08,777 [main] INFO  volume.ThrottledAsyncChecker (ThrottledAsyncChecker.java:schedule(139)) - Scheduling a check for org.apache.hadoop.ozone.container.common.volume.HddsVolume@5af8bb51
2019-09-27 09:52:08,778 [main] INFO  volume.HddsVolumeChecker (HddsVolumeChecker.java:checkAllVolumes(202)) - Scheduled health check for volume org.apache.hadoop.ozone.container.common.volume.HddsVolume@5af8bb51
2019-09-27 09:52:08,792 [main] INFO  impl.RaftServerProxy (ConfUtils.java:logGet(43)) - raft.rpc.type = GRPC (default)
2019-09-27 09:52:08,792 [main] INFO  grpc.GrpcFactory (GrpcFactory.java:checkPooledByteBufAllocatorUseCacheForAllThreads(45)) - PERFORMANCE WARNING: useCacheForAllThreads is true that may cause Netty to create a lot garbage objects and, as a result, trigger GC.
	It is recommended to disable useCacheForAllThreads by setting -Dorg.apache.ratis.thirdparty.io.netty.allocator.useCacheForAllThreads=false in command line.
2019-09-27 09:52:08,792 [main] INFO  grpc.GrpcConfigKeys$Server (ConfUtils.java:logGet(43)) - raft.grpc.server.port = 0 (default)
2019-09-27 09:52:08,793 [main] INFO  server.GrpcService (ConfUtils.java:logGet(43)) - raft.grpc.message.size.max = 33570816 (custom)
2019-09-27 09:52:08,793 [main] INFO  server.RaftServerConfigKeys (ConfUtils.java:logGet(43)) - raft.server.log.appender.buffer.byte-limit = 33554432 (custom)
2019-09-27 09:52:08,793 [main] INFO  server.GrpcService (ConfUtils.java:logGet(43)) - raft.grpc.flow.control.window = 1MB (=1048576) (default)
2019-09-27 09:52:08,793 [main] INFO  server.RaftServerConfigKeys (ConfUtils.java:logGet(43)) - raft.server.rpc.request.timeout = 3000ms (default)
2019-09-27 09:52:08,794 [main] INFO  server.RaftServerConfigKeys (ConfUtils.java:logGet(43)) - raft.server.storage.dir = [/workdir/hadoop-ozone/integration-test/target/test-dir/MiniOzoneClusterImpl-c7877029-e657-495a-8fe1-46207200c0e4/datanode-2/data/ratis] (custom)
2019-09-27 09:52:08,796 [main] INFO  hdfs.DFSUtil (DFSUtil.java:httpServerTemplateForNNAndJN(1641)) - Starting Web-server for hddsDatanode at: http://0.0.0.0:0
2019-09-27 09:52:08,797 [main] INFO  server.AuthenticationFilter (AuthenticationFilter.java:constructSecretProvider(240)) - Unable to initialize FileSignerSecretProvider, falling back to use random secrets.
2019-09-27 09:52:08,797 [main] WARN  http.HttpRequestLog (HttpRequestLog.java:getRequestLog(97)) - Jetty request log can only be enabled using Log4j
2019-09-27 09:52:08,799 [main] INFO  http.HttpServer2 (HttpServer2.java:addGlobalFilter(975)) - Added global filter 'safety' (class=org.apache.hadoop.http.HttpServer2$QuotingInputFilter)
2019-09-27 09:52:08,800 [main] INFO  http.HttpServer2 (HttpServer2.java:addFilter(948)) - Added filter static_user_filter (class=org.apache.hadoop.http.lib.StaticUserWebFilter$StaticUserFilter) to context hddsDatanode
2019-09-27 09:52:08,800 [main] INFO  http.HttpServer2 (HttpServer2.java:addFilter(958)) - Added filter static_user_filter (class=org.apache.hadoop.http.lib.StaticUserWebFilter$StaticUserFilter) to context static
2019-09-27 09:52:08,800 [main] INFO  http.HttpServer2 (HttpServer2.java:addFilter(958)) - Added filter static_user_filter (class=org.apache.hadoop.http.lib.StaticUserWebFilter$StaticUserFilter) to context logs
2019-09-27 09:52:08,801 [main] INFO  http.HttpServer2 (HttpServer2.java:bindListener(1191)) - Jetty bound to port 42945
2019-09-27 09:52:08,801 [main] INFO  server.Server (Server.java:doStart(351)) - jetty-9.3.25.v20180904, build timestamp: 2018-09-04T21:11:46Z, git hash: 3ce520221d0240229c862b122d2b06c12a625732
2019-09-27 09:52:08,803 [main] INFO  handler.ContextHandler (ContextHandler.java:doStart(781)) - Started o.e.j.s.ServletContextHandler@151bf776{/logs,file:///workdir/hadoop-ozone/integration-test/target/log,AVAILABLE}
2019-09-27 09:52:08,803 [main] INFO  handler.ContextHandler (ContextHandler.java:doStart(781)) - Started o.e.j.s.ServletContextHandler@b52b755{/static,jar:file:/home/user/.m2/repository/org/apache/hadoop/hadoop-hdds-container-service/0.5.0-SNAPSHOT/hadoop-hdds-container-service-0.5.0-SNAPSHOT.jar!/webapps/static,AVAILABLE}
2019-09-27 09:52:08,812 [Datanode State Machine Thread - 0] INFO  datanode.InitDatanodeState (InitDatanodeState.java:persistContainerDatanodeDetails(140)) - DatanodeDetails is persisted to /workdir/hadoop-ozone/integration-test/target/test-dir/MiniOzoneClusterImpl-c7877029-e657-495a-8fe1-46207200c0e4/datanode-0/meta/datanode.id
2019-09-27 09:52:08,817 [Datanode State Machine Thread - 0] INFO  datanode.InitDatanodeState (InitDatanodeState.java:persistContainerDatanodeDetails(140)) - DatanodeDetails is persisted to /workdir/hadoop-ozone/integration-test/target/test-dir/MiniOzoneClusterImpl-c7877029-e657-495a-8fe1-46207200c0e4/datanode-1/meta/datanode.id
2019-09-27 09:52:08,837 [main] INFO  handler.ContextHandler (ContextHandler.java:doStart(781)) - Started o.e.j.w.WebAppContext@dc4a691{/,file:///tmp/jetty-0.0.0.0-42945-hddsDatanode-_-any-2809488074866883749.dir/webapp/,AVAILABLE}{/hddsDatanode}
2019-09-27 09:52:08,837 [main] INFO  server.AbstractConnector (AbstractConnector.java:doStart(278)) - Started ServerConnector@784abd3e{HTTP/1.1,[http/1.1]}{0.0.0.0:42945}
2019-09-27 09:52:08,838 [main] INFO  server.Server (Server.java:doStart(419)) - Started @5676ms
2019-09-27 09:52:08,838 [main] WARN  impl.MetricsSystemImpl (MetricsSystemImpl.java:register(276)) - Sink prometheus already exists!
2019-09-27 09:52:08,840 [main] INFO  server.BaseHttpServer (BaseHttpServer.java:updateConnectorAddress(215)) - HTTP server of HDDSDATANODE is listening at http://0.0.0.0:42945
2019-09-27 09:52:08,840 [main] INFO  impl.MetricsSystemImpl (MetricsSystemImpl.java:init(158)) - HddsDatanode metrics system started (again)
2019-09-27 09:52:08,843 [main] INFO  ozone.HddsDatanodeService (HddsDatanodeService.java:start(184)) - HddsDatanodeService host:pr-hdds2162-4fxhj-20988671 ip:192.168.151.103
2019-09-27 09:52:08,843 [org.apache.hadoop.util.JvmPauseMonitor$Monitor@14563a59] INFO  util.JvmPauseMonitor (JvmPauseMonitor.java:run(188)) - Starting JVM pause monitor
2019-09-27 09:52:08,846 [Datanode State Machine Thread - 0] INFO  datanode.InitDatanodeState (InitDatanodeState.java:persistContainerDatanodeDetails(140)) - DatanodeDetails is persisted to /workdir/hadoop-ozone/integration-test/target/test-dir/MiniOzoneClusterImpl-c7877029-e657-495a-8fe1-46207200c0e4/datanode-2/meta/datanode.id
2019-09-27 09:52:08,850 [main] INFO  volume.HddsVolume (HddsVolume.java:<init>(176)) - Creating Volume: /workdir/hadoop-ozone/integration-test/target/test-dir/MiniOzoneClusterImpl-c7877029-e657-495a-8fe1-46207200c0e4/datanode-3/data/containers/hdds of  storage type : DISK and capacity : 1482555576320
2019-09-27 09:52:08,851 [main] INFO  volume.VolumeSet (VolumeSet.java:initializeVolumeSet(170)) - Added Volume : /workdir/hadoop-ozone/integration-test/target/test-dir/MiniOzoneClusterImpl-c7877029-e657-495a-8fe1-46207200c0e4/datanode-3/data/containers/hdds to VolumeSet
2019-09-27 09:52:08,851 [main] INFO  volume.ThrottledAsyncChecker (ThrottledAsyncChecker.java:schedule(139)) - Scheduling a check for org.apache.hadoop.ozone.container.common.volume.HddsVolume@42b84286
2019-09-27 09:52:08,851 [main] INFO  volume.HddsVolumeChecker (HddsVolumeChecker.java:checkAllVolumes(202)) - Scheduled health check for volume org.apache.hadoop.ozone.container.common.volume.HddsVolume@42b84286
2019-09-27 09:52:08,865 [main] INFO  impl.RaftServerProxy (ConfUtils.java:logGet(43)) - raft.rpc.type = GRPC (default)
2019-09-27 09:52:08,865 [main] INFO  grpc.GrpcFactory (GrpcFactory.java:checkPooledByteBufAllocatorUseCacheForAllThreads(45)) - PERFORMANCE WARNING: useCacheForAllThreads is true that may cause Netty to create a lot garbage objects and, as a result, trigger GC.
	It is recommended to disable useCacheForAllThreads by setting -Dorg.apache.ratis.thirdparty.io.netty.allocator.useCacheForAllThreads=false in command line.
2019-09-27 09:52:08,865 [main] INFO  grpc.GrpcConfigKeys$Server (ConfUtils.java:logGet(43)) - raft.grpc.server.port = 0 (default)
2019-09-27 09:52:08,865 [main] INFO  server.GrpcService (ConfUtils.java:logGet(43)) - raft.grpc.message.size.max = 33570816 (custom)
2019-09-27 09:52:08,865 [main] INFO  server.RaftServerConfigKeys (ConfUtils.java:logGet(43)) - raft.server.log.appender.buffer.byte-limit = 33554432 (custom)
2019-09-27 09:52:08,866 [main] INFO  server.GrpcService (ConfUtils.java:logGet(43)) - raft.grpc.flow.control.window = 1MB (=1048576) (default)
2019-09-27 09:52:08,866 [main] INFO  server.RaftServerConfigKeys (ConfUtils.java:logGet(43)) - raft.server.rpc.request.timeout = 3000ms (default)
2019-09-27 09:52:08,866 [main] INFO  server.RaftServerConfigKeys (ConfUtils.java:logGet(43)) - raft.server.storage.dir = [/workdir/hadoop-ozone/integration-test/target/test-dir/MiniOzoneClusterImpl-c7877029-e657-495a-8fe1-46207200c0e4/datanode-3/data/ratis] (custom)
2019-09-27 09:52:08,868 [main] INFO  hdfs.DFSUtil (DFSUtil.java:httpServerTemplateForNNAndJN(1641)) - Starting Web-server for hddsDatanode at: http://0.0.0.0:0
2019-09-27 09:52:08,869 [main] INFO  server.AuthenticationFilter (AuthenticationFilter.java:constructSecretProvider(240)) - Unable to initialize FileSignerSecretProvider, falling back to use random secrets.
2019-09-27 09:52:08,870 [main] WARN  http.HttpRequestLog (HttpRequestLog.java:getRequestLog(97)) - Jetty request log can only be enabled using Log4j
2019-09-27 09:52:08,871 [main] INFO  http.HttpServer2 (HttpServer2.java:addGlobalFilter(975)) - Added global filter 'safety' (class=org.apache.hadoop.http.HttpServer2$QuotingInputFilter)
2019-09-27 09:52:08,872 [main] INFO  http.HttpServer2 (HttpServer2.java:addFilter(948)) - Added filter static_user_filter (class=org.apache.hadoop.http.lib.StaticUserWebFilter$StaticUserFilter) to context hddsDatanode
2019-09-27 09:52:08,872 [main] INFO  http.HttpServer2 (HttpServer2.java:addFilter(958)) - Added filter static_user_filter (class=org.apache.hadoop.http.lib.StaticUserWebFilter$StaticUserFilter) to context static
2019-09-27 09:52:08,872 [main] INFO  http.HttpServer2 (HttpServer2.java:addFilter(958)) - Added filter static_user_filter (class=org.apache.hadoop.http.lib.StaticUserWebFilter$StaticUserFilter) to context logs
2019-09-27 09:52:08,873 [main] INFO  http.HttpServer2 (HttpServer2.java:bindListener(1191)) - Jetty bound to port 44343
2019-09-27 09:52:08,873 [main] INFO  server.Server (Server.java:doStart(351)) - jetty-9.3.25.v20180904, build timestamp: 2018-09-04T21:11:46Z, git hash: 3ce520221d0240229c862b122d2b06c12a625732
2019-09-27 09:52:08,877 [main] INFO  handler.ContextHandler (ContextHandler.java:doStart(781)) - Started o.e.j.s.ServletContextHandler@23f3da8b{/logs,file:///workdir/hadoop-ozone/integration-test/target/log,AVAILABLE}
2019-09-27 09:52:08,877 [main] INFO  handler.ContextHandler (ContextHandler.java:doStart(781)) - Started o.e.j.s.ServletContextHandler@252a8aae{/static,jar:file:/home/user/.m2/repository/org/apache/hadoop/hadoop-hdds-container-service/0.5.0-SNAPSHOT/hadoop-hdds-container-service-0.5.0-SNAPSHOT.jar!/webapps/static,AVAILABLE}
2019-09-27 09:52:08,906 [main] INFO  handler.ContextHandler (ContextHandler.java:doStart(781)) - Started o.e.j.w.WebAppContext@44f24a20{/,file:///tmp/jetty-0.0.0.0-44343-hddsDatanode-_-any-2919529605266830620.dir/webapp/,AVAILABLE}{/hddsDatanode}
2019-09-27 09:52:08,907 [main] INFO  server.AbstractConnector (AbstractConnector.java:doStart(278)) - Started ServerConnector@1859e2a4{HTTP/1.1,[http/1.1]}{0.0.0.0:44343}
2019-09-27 09:52:08,908 [main] INFO  server.Server (Server.java:doStart(419)) - Started @5746ms
2019-09-27 09:52:08,908 [main] WARN  impl.MetricsSystemImpl (MetricsSystemImpl.java:register(276)) - Sink prometheus already exists!
2019-09-27 09:52:08,910 [main] INFO  server.BaseHttpServer (BaseHttpServer.java:updateConnectorAddress(215)) - HTTP server of HDDSDATANODE is listening at http://0.0.0.0:44343
2019-09-27 09:52:08,910 [main] INFO  impl.MetricsSystemImpl (MetricsSystemImpl.java:init(158)) - HddsDatanode metrics system started (again)
2019-09-27 09:52:08,914 [main] INFO  ozone.HddsDatanodeService (HddsDatanodeService.java:start(184)) - HddsDatanodeService host:pr-hdds2162-4fxhj-20988671 ip:192.168.151.103
2019-09-27 09:52:08,914 [org.apache.hadoop.util.JvmPauseMonitor$Monitor@95fabfe] INFO  util.JvmPauseMonitor (JvmPauseMonitor.java:run(188)) - Starting JVM pause monitor
2019-09-27 09:52:08,917 [Datanode State Machine Thread - 0] INFO  datanode.InitDatanodeState (InitDatanodeState.java:persistContainerDatanodeDetails(140)) - DatanodeDetails is persisted to /workdir/hadoop-ozone/integration-test/target/test-dir/MiniOzoneClusterImpl-c7877029-e657-495a-8fe1-46207200c0e4/datanode-3/meta/datanode.id
2019-09-27 09:52:08,925 [main] INFO  volume.HddsVolume (HddsVolume.java:<init>(176)) - Creating Volume: /workdir/hadoop-ozone/integration-test/target/test-dir/MiniOzoneClusterImpl-c7877029-e657-495a-8fe1-46207200c0e4/datanode-4/data/containers/hdds of  storage type : DISK and capacity : 1482555576320
2019-09-27 09:52:08,925 [main] INFO  volume.VolumeSet (VolumeSet.java:initializeVolumeSet(170)) - Added Volume : /workdir/hadoop-ozone/integration-test/target/test-dir/MiniOzoneClusterImpl-c7877029-e657-495a-8fe1-46207200c0e4/datanode-4/data/containers/hdds to VolumeSet
2019-09-27 09:52:08,925 [main] INFO  volume.ThrottledAsyncChecker (ThrottledAsyncChecker.java:schedule(139)) - Scheduling a check for org.apache.hadoop.ozone.container.common.volume.HddsVolume@7b948f3e
2019-09-27 09:52:08,926 [main] INFO  volume.HddsVolumeChecker (HddsVolumeChecker.java:checkAllVolumes(202)) - Scheduled health check for volume org.apache.hadoop.ozone.container.common.volume.HddsVolume@7b948f3e
2019-09-27 09:52:08,940 [main] INFO  impl.RaftServerProxy (ConfUtils.java:logGet(43)) - raft.rpc.type = GRPC (default)
2019-09-27 09:52:08,940 [main] INFO  grpc.GrpcFactory (GrpcFactory.java:checkPooledByteBufAllocatorUseCacheForAllThreads(45)) - PERFORMANCE WARNING: useCacheForAllThreads is true that may cause Netty to create a lot garbage objects and, as a result, trigger GC.
	It is recommended to disable useCacheForAllThreads by setting -Dorg.apache.ratis.thirdparty.io.netty.allocator.useCacheForAllThreads=false in command line.
2019-09-27 09:52:08,940 [main] INFO  grpc.GrpcConfigKeys$Server (ConfUtils.java:logGet(43)) - raft.grpc.server.port = 0 (default)
2019-09-27 09:52:08,940 [main] INFO  server.GrpcService (ConfUtils.java:logGet(43)) - raft.grpc.message.size.max = 33570816 (custom)
2019-09-27 09:52:08,941 [main] INFO  server.RaftServerConfigKeys (ConfUtils.java:logGet(43)) - raft.server.log.appender.buffer.byte-limit = 33554432 (custom)
2019-09-27 09:52:08,941 [main] INFO  server.GrpcService (ConfUtils.java:logGet(43)) - raft.grpc.flow.control.window = 1MB (=1048576) (default)
2019-09-27 09:52:08,941 [main] INFO  server.RaftServerConfigKeys (ConfUtils.java:logGet(43)) - raft.server.rpc.request.timeout = 3000ms (default)
2019-09-27 09:52:08,942 [main] INFO  server.RaftServerConfigKeys (ConfUtils.java:logGet(43)) - raft.server.storage.dir = [/workdir/hadoop-ozone/integration-test/target/test-dir/MiniOzoneClusterImpl-c7877029-e657-495a-8fe1-46207200c0e4/datanode-4/data/ratis] (custom)
2019-09-27 09:52:08,943 [main] INFO  hdfs.DFSUtil (DFSUtil.java:httpServerTemplateForNNAndJN(1641)) - Starting Web-server for hddsDatanode at: http://0.0.0.0:0
2019-09-27 09:52:08,944 [main] INFO  server.AuthenticationFilter (AuthenticationFilter.java:constructSecretProvider(240)) - Unable to initialize FileSignerSecretProvider, falling back to use random secrets.
2019-09-27 09:52:08,944 [main] WARN  http.HttpRequestLog (HttpRequestLog.java:getRequestLog(97)) - Jetty request log can only be enabled using Log4j
2019-09-27 09:52:08,946 [main] INFO  http.HttpServer2 (HttpServer2.java:addGlobalFilter(975)) - Added global filter 'safety' (class=org.apache.hadoop.http.HttpServer2$QuotingInputFilter)
2019-09-27 09:52:08,947 [main] INFO  http.HttpServer2 (HttpServer2.java:addFilter(948)) - Added filter static_user_filter (class=org.apache.hadoop.http.lib.StaticUserWebFilter$StaticUserFilter) to context hddsDatanode
2019-09-27 09:52:08,947 [main] INFO  http.HttpServer2 (HttpServer2.java:addFilter(958)) - Added filter static_user_filter (class=org.apache.hadoop.http.lib.StaticUserWebFilter$StaticUserFilter) to context static
2019-09-27 09:52:08,947 [main] INFO  http.HttpServer2 (HttpServer2.java:addFilter(958)) - Added filter static_user_filter (class=org.apache.hadoop.http.lib.StaticUserWebFilter$StaticUserFilter) to context logs
2019-09-27 09:52:08,948 [main] INFO  http.HttpServer2 (HttpServer2.java:bindListener(1191)) - Jetty bound to port 44670
2019-09-27 09:52:08,948 [main] INFO  server.Server (Server.java:doStart(351)) - jetty-9.3.25.v20180904, build timestamp: 2018-09-04T21:11:46Z, git hash: 3ce520221d0240229c862b122d2b06c12a625732
2019-09-27 09:52:08,950 [main] INFO  handler.ContextHandler (ContextHandler.java:doStart(781)) - Started o.e.j.s.ServletContextHandler@60c8a093{/logs,file:///workdir/hadoop-ozone/integration-test/target/log,AVAILABLE}
2019-09-27 09:52:08,950 [main] INFO  handler.ContextHandler (ContextHandler.java:doStart(781)) - Started o.e.j.s.ServletContextHandler@2a369e14{/static,jar:file:/home/user/.m2/repository/org/apache/hadoop/hadoop-hdds-container-service/0.5.0-SNAPSHOT/hadoop-hdds-container-service-0.5.0-SNAPSHOT.jar!/webapps/static,AVAILABLE}
2019-09-27 09:52:08,991 [main] INFO  handler.ContextHandler (ContextHandler.java:doStart(781)) - Started o.e.j.w.WebAppContext@127a7272{/,file:///tmp/jetty-0.0.0.0-44670-hddsDatanode-_-any-203207031443369939.dir/webapp/,AVAILABLE}{/hddsDatanode}
2019-09-27 09:52:08,993 [main] INFO  server.AbstractConnector (AbstractConnector.java:doStart(278)) - Started ServerConnector@ff23ae7{HTTP/1.1,[http/1.1]}{0.0.0.0:44670}
2019-09-27 09:52:08,993 [main] INFO  server.Server (Server.java:doStart(419)) - Started @5831ms
2019-09-27 09:52:08,998 [main] WARN  impl.MetricsSystemImpl (MetricsSystemImpl.java:register(276)) - Sink prometheus already exists!
2019-09-27 09:52:08,998 [main] INFO  server.BaseHttpServer (BaseHttpServer.java:updateConnectorAddress(215)) - HTTP server of HDDSDATANODE is listening at http://0.0.0.0:44670
2019-09-27 09:52:08,999 [main] INFO  impl.MetricsSystemImpl (MetricsSystemImpl.java:init(158)) - HddsDatanode metrics system started (again)
2019-09-27 09:52:09,002 [main] INFO  ozone.HddsDatanodeService (HddsDatanodeService.java:start(184)) - HddsDatanodeService host:pr-hdds2162-4fxhj-20988671 ip:192.168.151.103
2019-09-27 09:52:09,003 [org.apache.hadoop.util.JvmPauseMonitor$Monitor@32cd7ad9] INFO  util.JvmPauseMonitor (JvmPauseMonitor.java:run(188)) - Starting JVM pause monitor
2019-09-27 09:52:09,007 [Datanode State Machine Thread - 0] INFO  datanode.InitDatanodeState (InitDatanodeState.java:persistContainerDatanodeDetails(140)) - DatanodeDetails is persisted to /workdir/hadoop-ozone/integration-test/target/test-dir/MiniOzoneClusterImpl-c7877029-e657-495a-8fe1-46207200c0e4/datanode-4/meta/datanode.id
2019-09-27 09:52:09,011 [main] INFO  volume.HddsVolume (HddsVolume.java:<init>(176)) - Creating Volume: /workdir/hadoop-ozone/integration-test/target/test-dir/MiniOzoneClusterImpl-c7877029-e657-495a-8fe1-46207200c0e4/datanode-5/data/containers/hdds of  storage type : DISK and capacity : 1482555576320
2019-09-27 09:52:09,011 [main] INFO  volume.VolumeSet (VolumeSet.java:initializeVolumeSet(170)) - Added Volume : /workdir/hadoop-ozone/integration-test/target/test-dir/MiniOzoneClusterImpl-c7877029-e657-495a-8fe1-46207200c0e4/datanode-5/data/containers/hdds to VolumeSet
2019-09-27 09:52:09,012 [main] INFO  volume.ThrottledAsyncChecker (ThrottledAsyncChecker.java:schedule(139)) - Scheduling a check for org.apache.hadoop.ozone.container.common.volume.HddsVolume@315f09ef
2019-09-27 09:52:09,012 [main] INFO  volume.HddsVolumeChecker (HddsVolumeChecker.java:checkAllVolumes(202)) - Scheduled health check for volume org.apache.hadoop.ozone.container.common.volume.HddsVolume@315f09ef
2019-09-27 09:52:09,034 [main] INFO  impl.RaftServerProxy (ConfUtils.java:logGet(43)) - raft.rpc.type = GRPC (default)
2019-09-27 09:52:09,034 [main] INFO  grpc.GrpcFactory (GrpcFactory.java:checkPooledByteBufAllocatorUseCacheForAllThreads(45)) - PERFORMANCE WARNING: useCacheForAllThreads is true that may cause Netty to create a lot garbage objects and, as a result, trigger GC.
	It is recommended to disable useCacheForAllThreads by setting -Dorg.apache.ratis.thirdparty.io.netty.allocator.useCacheForAllThreads=false in command line.
2019-09-27 09:52:09,035 [main] INFO  grpc.GrpcConfigKeys$Server (ConfUtils.java:logGet(43)) - raft.grpc.server.port = 0 (default)
2019-09-27 09:52:09,035 [main] INFO  server.GrpcService (ConfUtils.java:logGet(43)) - raft.grpc.message.size.max = 33570816 (custom)
2019-09-27 09:52:09,035 [main] INFO  server.RaftServerConfigKeys (ConfUtils.java:logGet(43)) - raft.server.log.appender.buffer.byte-limit = 33554432 (custom)
2019-09-27 09:52:09,036 [main] INFO  server.GrpcService (ConfUtils.java:logGet(43)) - raft.grpc.flow.control.window = 1MB (=1048576) (default)
2019-09-27 09:52:09,036 [main] INFO  server.RaftServerConfigKeys (ConfUtils.java:logGet(43)) - raft.server.rpc.request.timeout = 3000ms (default)
2019-09-27 09:52:09,037 [main] INFO  server.RaftServerConfigKeys (ConfUtils.java:logGet(43)) - raft.server.storage.dir = [/workdir/hadoop-ozone/integration-test/target/test-dir/MiniOzoneClusterImpl-c7877029-e657-495a-8fe1-46207200c0e4/datanode-5/data/ratis] (custom)
2019-09-27 09:52:09,039 [main] INFO  hdfs.DFSUtil (DFSUtil.java:httpServerTemplateForNNAndJN(1641)) - Starting Web-server for hddsDatanode at: http://0.0.0.0:0
2019-09-27 09:52:09,040 [main] INFO  server.AuthenticationFilter (AuthenticationFilter.java:constructSecretProvider(240)) - Unable to initialize FileSignerSecretProvider, falling back to use random secrets.
2019-09-27 09:52:09,041 [main] WARN  http.HttpRequestLog (HttpRequestLog.java:getRequestLog(97)) - Jetty request log can only be enabled using Log4j
2019-09-27 09:52:09,043 [main] INFO  http.HttpServer2 (HttpServer2.java:addGlobalFilter(975)) - Added global filter 'safety' (class=org.apache.hadoop.http.HttpServer2$QuotingInputFilter)
2019-09-27 09:52:09,043 [main] INFO  http.HttpServer2 (HttpServer2.java:addFilter(948)) - Added filter static_user_filter (class=org.apache.hadoop.http.lib.StaticUserWebFilter$StaticUserFilter) to context hddsDatanode
2019-09-27 09:52:09,043 [main] INFO  http.HttpServer2 (HttpServer2.java:addFilter(958)) - Added filter static_user_filter (class=org.apache.hadoop.http.lib.StaticUserWebFilter$StaticUserFilter) to context logs
2019-09-27 09:52:09,043 [main] INFO  http.HttpServer2 (HttpServer2.java:addFilter(958)) - Added filter static_user_filter (class=org.apache.hadoop.http.lib.StaticUserWebFilter$StaticUserFilter) to context static
2019-09-27 09:52:09,044 [main] INFO  http.HttpServer2 (HttpServer2.java:bindListener(1191)) - Jetty bound to port 36616
2019-09-27 09:52:09,044 [main] INFO  server.Server (Server.java:doStart(351)) - jetty-9.3.25.v20180904, build timestamp: 2018-09-04T21:11:46Z, git hash: 3ce520221d0240229c862b122d2b06c12a625732
2019-09-27 09:52:09,046 [main] INFO  handler.ContextHandler (ContextHandler.java:doStart(781)) - Started o.e.j.s.ServletContextHandler@74170687{/logs,file:///workdir/hadoop-ozone/integration-test/target/log,AVAILABLE}
2019-09-27 09:52:09,047 [main] INFO  handler.ContextHandler (ContextHandler.java:doStart(781)) - Started o.e.j.s.ServletContextHandler@3d96fa9e{/static,jar:file:/home/user/.m2/repository/org/apache/hadoop/hadoop-hdds-container-service/0.5.0-SNAPSHOT/hadoop-hdds-container-service-0.5.0-SNAPSHOT.jar!/webapps/static,AVAILABLE}
2019-09-27 09:52:09,085 [main] INFO  handler.ContextHandler (ContextHandler.java:doStart(781)) - Started o.e.j.w.WebAppContext@254f906e{/,file:///tmp/jetty-0.0.0.0-36616-hddsDatanode-_-any-8978097510127571718.dir/webapp/,AVAILABLE}{/hddsDatanode}
2019-09-27 09:52:09,086 [main] INFO  server.AbstractConnector (AbstractConnector.java:doStart(278)) - Started ServerConnector@3d0035d2{HTTP/1.1,[http/1.1]}{0.0.0.0:36616}
2019-09-27 09:52:09,087 [main] INFO  server.Server (Server.java:doStart(419)) - Started @5925ms
2019-09-27 09:52:09,087 [main] WARN  impl.MetricsSystemImpl (MetricsSystemImpl.java:register(276)) - Sink prometheus already exists!
2019-09-27 09:52:09,088 [main] INFO  server.BaseHttpServer (BaseHttpServer.java:updateConnectorAddress(215)) - HTTP server of HDDSDATANODE is listening at http://0.0.0.0:36616
2019-09-27 09:52:09,088 [main] INFO  impl.MetricsSystemImpl (MetricsSystemImpl.java:init(158)) - HddsDatanode metrics system started (again)
2019-09-27 09:52:09,091 [org.apache.hadoop.util.JvmPauseMonitor$Monitor@b5160d1] INFO  util.JvmPauseMonitor (JvmPauseMonitor.java:run(188)) - Starting JVM pause monitor
2019-09-27 09:52:09,092 [main] INFO  ozone.HddsDatanodeService (HddsDatanodeService.java:start(184)) - HddsDatanodeService host:pr-hdds2162-4fxhj-20988671 ip:192.168.151.103
2019-09-27 09:52:09,096 [Datanode State Machine Thread - 0] INFO  datanode.InitDatanodeState (InitDatanodeState.java:persistContainerDatanodeDetails(140)) - DatanodeDetails is persisted to /workdir/hadoop-ozone/integration-test/target/test-dir/MiniOzoneClusterImpl-c7877029-e657-495a-8fe1-46207200c0e4/datanode-5/meta/datanode.id
2019-09-27 09:52:09,100 [main] INFO  volume.HddsVolume (HddsVolume.java:<init>(176)) - Creating Volume: /workdir/hadoop-ozone/integration-test/target/test-dir/MiniOzoneClusterImpl-c7877029-e657-495a-8fe1-46207200c0e4/datanode-6/data/containers/hdds of  storage type : DISK and capacity : 1482555576320
2019-09-27 09:52:09,101 [main] INFO  volume.VolumeSet (VolumeSet.java:initializeVolumeSet(170)) - Added Volume : /workdir/hadoop-ozone/integration-test/target/test-dir/MiniOzoneClusterImpl-c7877029-e657-495a-8fe1-46207200c0e4/datanode-6/data/containers/hdds to VolumeSet
2019-09-27 09:52:09,101 [main] INFO  volume.ThrottledAsyncChecker (ThrottledAsyncChecker.java:schedule(139)) - Scheduling a check for org.apache.hadoop.ozone.container.common.volume.HddsVolume@173a6728
2019-09-27 09:52:09,101 [main] INFO  volume.HddsVolumeChecker (HddsVolumeChecker.java:checkAllVolumes(202)) - Scheduled health check for volume org.apache.hadoop.ozone.container.common.volume.HddsVolume@173a6728
2019-09-27 09:52:09,125 [main] INFO  impl.RaftServerProxy (ConfUtils.java:logGet(43)) - raft.rpc.type = GRPC (default)
2019-09-27 09:52:09,125 [main] INFO  grpc.GrpcFactory (GrpcFactory.java:checkPooledByteBufAllocatorUseCacheForAllThreads(45)) - PERFORMANCE WARNING: useCacheForAllThreads is true that may cause Netty to create a lot garbage objects and, as a result, trigger GC.
	It is recommended to disable useCacheForAllThreads by setting -Dorg.apache.ratis.thirdparty.io.netty.allocator.useCacheForAllThreads=false in command line.
2019-09-27 09:52:09,126 [main] INFO  grpc.GrpcConfigKeys$Server (ConfUtils.java:logGet(43)) - raft.grpc.server.port = 0 (default)
2019-09-27 09:52:09,126 [main] INFO  server.GrpcService (ConfUtils.java:logGet(43)) - raft.grpc.message.size.max = 33570816 (custom)
2019-09-27 09:52:09,126 [main] INFO  server.RaftServerConfigKeys (ConfUtils.java:logGet(43)) - raft.server.log.appender.buffer.byte-limit = 33554432 (custom)
2019-09-27 09:52:09,127 [main] INFO  server.GrpcService (ConfUtils.java:logGet(43)) - raft.grpc.flow.control.window = 1MB (=1048576) (default)
2019-09-27 09:52:09,127 [main] INFO  server.RaftServerConfigKeys (ConfUtils.java:logGet(43)) - raft.server.rpc.request.timeout = 3000ms (default)
2019-09-27 09:52:09,128 [main] INFO  server.RaftServerConfigKeys (ConfUtils.java:logGet(43)) - raft.server.storage.dir = [/workdir/hadoop-ozone/integration-test/target/test-dir/MiniOzoneClusterImpl-c7877029-e657-495a-8fe1-46207200c0e4/datanode-6/data/ratis] (custom)
2019-09-27 09:52:09,130 [main] INFO  hdfs.DFSUtil (DFSUtil.java:httpServerTemplateForNNAndJN(1641)) - Starting Web-server for hddsDatanode at: http://0.0.0.0:0
2019-09-27 09:52:09,131 [main] INFO  server.AuthenticationFilter (AuthenticationFilter.java:constructSecretProvider(240)) - Unable to initialize FileSignerSecretProvider, falling back to use random secrets.
2019-09-27 09:52:09,132 [main] WARN  http.HttpRequestLog (HttpRequestLog.java:getRequestLog(97)) - Jetty request log can only be enabled using Log4j
2019-09-27 09:52:09,134 [main] INFO  http.HttpServer2 (HttpServer2.java:addGlobalFilter(975)) - Added global filter 'safety' (class=org.apache.hadoop.http.HttpServer2$QuotingInputFilter)
2019-09-27 09:52:09,134 [main] INFO  http.HttpServer2 (HttpServer2.java:addFilter(948)) - Added filter static_user_filter (class=org.apache.hadoop.http.lib.StaticUserWebFilter$StaticUserFilter) to context hddsDatanode
2019-09-27 09:52:09,134 [main] INFO  http.HttpServer2 (HttpServer2.java:addFilter(958)) - Added filter static_user_filter (class=org.apache.hadoop.http.lib.StaticUserWebFilter$StaticUserFilter) to context static
2019-09-27 09:52:09,135 [main] INFO  http.HttpServer2 (HttpServer2.java:addFilter(958)) - Added filter static_user_filter (class=org.apache.hadoop.http.lib.StaticUserWebFilter$StaticUserFilter) to context logs
2019-09-27 09:52:09,135 [main] INFO  http.HttpServer2 (HttpServer2.java:bindListener(1191)) - Jetty bound to port 46526
2019-09-27 09:52:09,135 [main] INFO  server.Server (Server.java:doStart(351)) - jetty-9.3.25.v20180904, build timestamp: 2018-09-04T21:11:46Z, git hash: 3ce520221d0240229c862b122d2b06c12a625732
2019-09-27 09:52:09,137 [main] INFO  handler.ContextHandler (ContextHandler.java:doStart(781)) - Started o.e.j.s.ServletContextHandler@1e1e9ef3{/logs,file:///workdir/hadoop-ozone/integration-test/target/log,AVAILABLE}
2019-09-27 09:52:09,138 [main] INFO  handler.ContextHandler (ContextHandler.java:doStart(781)) - Started o.e.j.s.ServletContextHandler@31c628e7{/static,jar:file:/home/user/.m2/repository/org/apache/hadoop/hadoop-hdds-container-service/0.5.0-SNAPSHOT/hadoop-hdds-container-service-0.5.0-SNAPSHOT.jar!/webapps/static,AVAILABLE}
2019-09-27 09:52:09,171 [main] INFO  handler.ContextHandler (ContextHandler.java:doStart(781)) - Started o.e.j.w.WebAppContext@5c5d6175{/,file:///tmp/jetty-0.0.0.0-46526-hddsDatanode-_-any-4177475515778497598.dir/webapp/,AVAILABLE}{/hddsDatanode}
2019-09-27 09:52:09,174 [main] INFO  server.AbstractConnector (AbstractConnector.java:doStart(278)) - Started ServerConnector@7544ac86{HTTP/1.1,[http/1.1]}{0.0.0.0:46526}
2019-09-27 09:52:09,174 [main] INFO  server.Server (Server.java:doStart(419)) - Started @6012ms
2019-09-27 09:52:09,175 [main] WARN  impl.MetricsSystemImpl (MetricsSystemImpl.java:register(276)) - Sink prometheus already exists!
2019-09-27 09:52:09,176 [main] INFO  server.BaseHttpServer (BaseHttpServer.java:updateConnectorAddress(215)) - HTTP server of HDDSDATANODE is listening at http://0.0.0.0:46526
2019-09-27 09:52:09,177 [main] INFO  impl.MetricsSystemImpl (MetricsSystemImpl.java:init(158)) - HddsDatanode metrics system started (again)
2019-09-27 09:52:09,182 [org.apache.hadoop.util.JvmPauseMonitor$Monitor@7acb4083] INFO  util.JvmPauseMonitor (JvmPauseMonitor.java:run(188)) - Starting JVM pause monitor
2019-09-27 09:52:09,184 [main] INFO  ozone.HddsDatanodeService (HddsDatanodeService.java:start(184)) - HddsDatanodeService host:pr-hdds2162-4fxhj-20988671 ip:192.168.151.103
2019-09-27 09:52:09,187 [Datanode State Machine Thread - 0] INFO  datanode.InitDatanodeState (InitDatanodeState.java:persistContainerDatanodeDetails(140)) - DatanodeDetails is persisted to /workdir/hadoop-ozone/integration-test/target/test-dir/MiniOzoneClusterImpl-c7877029-e657-495a-8fe1-46207200c0e4/datanode-6/meta/datanode.id
2019-09-27 09:52:09,194 [main] INFO  volume.HddsVolume (HddsVolume.java:<init>(176)) - Creating Volume: /workdir/hadoop-ozone/integration-test/target/test-dir/MiniOzoneClusterImpl-c7877029-e657-495a-8fe1-46207200c0e4/datanode-7/data/containers/hdds of  storage type : DISK and capacity : 1482555576320
2019-09-27 09:52:09,194 [main] INFO  volume.VolumeSet (VolumeSet.java:initializeVolumeSet(170)) - Added Volume : /workdir/hadoop-ozone/integration-test/target/test-dir/MiniOzoneClusterImpl-c7877029-e657-495a-8fe1-46207200c0e4/datanode-7/data/containers/hdds to VolumeSet
2019-09-27 09:52:09,194 [main] INFO  volume.ThrottledAsyncChecker (ThrottledAsyncChecker.java:schedule(139)) - Scheduling a check for org.apache.hadoop.ozone.container.common.volume.HddsVolume@445bb139
2019-09-27 09:52:09,195 [main] INFO  volume.HddsVolumeChecker (HddsVolumeChecker.java:checkAllVolumes(202)) - Scheduled health check for volume org.apache.hadoop.ozone.container.common.volume.HddsVolume@445bb139
2019-09-27 09:52:09,216 [main] INFO  impl.RaftServerProxy (ConfUtils.java:logGet(43)) - raft.rpc.type = GRPC (default)
2019-09-27 09:52:09,217 [main] INFO  grpc.GrpcFactory (GrpcFactory.java:checkPooledByteBufAllocatorUseCacheForAllThreads(45)) - PERFORMANCE WARNING: useCacheForAllThreads is true that may cause Netty to create a lot garbage objects and, as a result, trigger GC.
	It is recommended to disable useCacheForAllThreads by setting -Dorg.apache.ratis.thirdparty.io.netty.allocator.useCacheForAllThreads=false in command line.
2019-09-27 09:52:09,217 [main] INFO  grpc.GrpcConfigKeys$Server (ConfUtils.java:logGet(43)) - raft.grpc.server.port = 0 (default)
2019-09-27 09:52:09,217 [main] INFO  server.GrpcService (ConfUtils.java:logGet(43)) - raft.grpc.message.size.max = 33570816 (custom)
2019-09-27 09:52:09,217 [main] INFO  server.RaftServerConfigKeys (ConfUtils.java:logGet(43)) - raft.server.log.appender.buffer.byte-limit = 33554432 (custom)
2019-09-27 09:52:09,218 [main] INFO  server.GrpcService (ConfUtils.java:logGet(43)) - raft.grpc.flow.control.window = 1MB (=1048576) (default)
2019-09-27 09:52:09,218 [main] INFO  server.RaftServerConfigKeys (ConfUtils.java:logGet(43)) - raft.server.rpc.request.timeout = 3000ms (default)
2019-09-27 09:52:09,219 [main] INFO  server.RaftServerConfigKeys (ConfUtils.java:logGet(43)) - raft.server.storage.dir = [/workdir/hadoop-ozone/integration-test/target/test-dir/MiniOzoneClusterImpl-c7877029-e657-495a-8fe1-46207200c0e4/datanode-7/data/ratis] (custom)
2019-09-27 09:52:09,221 [main] INFO  hdfs.DFSUtil (DFSUtil.java:httpServerTemplateForNNAndJN(1641)) - Starting Web-server for hddsDatanode at: http://0.0.0.0:0
2019-09-27 09:52:09,222 [main] INFO  server.AuthenticationFilter (AuthenticationFilter.java:constructSecretProvider(240)) - Unable to initialize FileSignerSecretProvider, falling back to use random secrets.
2019-09-27 09:52:09,223 [main] WARN  http.HttpRequestLog (HttpRequestLog.java:getRequestLog(97)) - Jetty request log can only be enabled using Log4j
2019-09-27 09:52:09,225 [main] INFO  http.HttpServer2 (HttpServer2.java:addGlobalFilter(975)) - Added global filter 'safety' (class=org.apache.hadoop.http.HttpServer2$QuotingInputFilter)
2019-09-27 09:52:09,225 [main] INFO  http.HttpServer2 (HttpServer2.java:addFilter(948)) - Added filter static_user_filter (class=org.apache.hadoop.http.lib.StaticUserWebFilter$StaticUserFilter) to context hddsDatanode
2019-09-27 09:52:09,226 [main] INFO  http.HttpServer2 (HttpServer2.java:addFilter(958)) - Added filter static_user_filter (class=org.apache.hadoop.http.lib.StaticUserWebFilter$StaticUserFilter) to context logs
2019-09-27 09:52:09,226 [main] INFO  http.HttpServer2 (HttpServer2.java:addFilter(958)) - Added filter static_user_filter (class=org.apache.hadoop.http.lib.StaticUserWebFilter$StaticUserFilter) to context static
2019-09-27 09:52:09,227 [main] INFO  http.HttpServer2 (HttpServer2.java:bindListener(1191)) - Jetty bound to port 42220
2019-09-27 09:52:09,227 [main] INFO  server.Server (Server.java:doStart(351)) - jetty-9.3.25.v20180904, build timestamp: 2018-09-04T21:11:46Z, git hash: 3ce520221d0240229c862b122d2b06c12a625732
2019-09-27 09:52:09,229 [main] INFO  handler.ContextHandler (ContextHandler.java:doStart(781)) - Started o.e.j.s.ServletContextHandler@2a869a16{/logs,file:///workdir/hadoop-ozone/integration-test/target/log,AVAILABLE}
2019-09-27 09:52:09,229 [main] INFO  handler.ContextHandler (ContextHandler.java:doStart(781)) - Started o.e.j.s.ServletContextHandler@46aa712c{/static,jar:file:/home/user/.m2/repository/org/apache/hadoop/hadoop-hdds-container-service/0.5.0-SNAPSHOT/hadoop-hdds-container-service-0.5.0-SNAPSHOT.jar!/webapps/static,AVAILABLE}
2019-09-27 09:52:09,258 [main] INFO  handler.ContextHandler (ContextHandler.java:doStart(781)) - Started o.e.j.w.WebAppContext@3078cac{/,file:///tmp/jetty-0.0.0.0-42220-hddsDatanode-_-any-1046857553677792359.dir/webapp/,AVAILABLE}{/hddsDatanode}
2019-09-27 09:52:09,258 [main] INFO  server.AbstractConnector (AbstractConnector.java:doStart(278)) - Started ServerConnector@f6de586{HTTP/1.1,[http/1.1]}{0.0.0.0:42220}
2019-09-27 09:52:09,260 [main] INFO  server.Server (Server.java:doStart(419)) - Started @6098ms
2019-09-27 09:52:09,260 [main] WARN  impl.MetricsSystemImpl (MetricsSystemImpl.java:register(276)) - Sink prometheus already exists!
2019-09-27 09:52:09,261 [main] INFO  server.BaseHttpServer (BaseHttpServer.java:updateConnectorAddress(215)) - HTTP server of HDDSDATANODE is listening at http://0.0.0.0:42220
2019-09-27 09:52:09,261 [main] INFO  impl.MetricsSystemImpl (MetricsSystemImpl.java:init(158)) - HddsDatanode metrics system started (again)
2019-09-27 09:52:09,266 [main] INFO  ozone.HddsDatanodeService (HddsDatanodeService.java:start(184)) - HddsDatanodeService host:pr-hdds2162-4fxhj-20988671 ip:192.168.151.103
2019-09-27 09:52:09,266 [org.apache.hadoop.util.JvmPauseMonitor$Monitor@23b75882] INFO  util.JvmPauseMonitor (JvmPauseMonitor.java:run(188)) - Starting JVM pause monitor
2019-09-27 09:52:09,268 [Datanode State Machine Thread - 0] INFO  datanode.InitDatanodeState (InitDatanodeState.java:persistContainerDatanodeDetails(140)) - DatanodeDetails is persisted to /workdir/hadoop-ozone/integration-test/target/test-dir/MiniOzoneClusterImpl-c7877029-e657-495a-8fe1-46207200c0e4/datanode-7/meta/datanode.id
2019-09-27 09:52:09,276 [main] INFO  volume.HddsVolume (HddsVolume.java:<init>(176)) - Creating Volume: /workdir/hadoop-ozone/integration-test/target/test-dir/MiniOzoneClusterImpl-c7877029-e657-495a-8fe1-46207200c0e4/datanode-8/data/containers/hdds of  storage type : DISK and capacity : 1482555576320
2019-09-27 09:52:09,276 [main] INFO  volume.VolumeSet (VolumeSet.java:initializeVolumeSet(170)) - Added Volume : /workdir/hadoop-ozone/integration-test/target/test-dir/MiniOzoneClusterImpl-c7877029-e657-495a-8fe1-46207200c0e4/datanode-8/data/containers/hdds to VolumeSet
2019-09-27 09:52:09,276 [main] INFO  volume.ThrottledAsyncChecker (ThrottledAsyncChecker.java:schedule(139)) - Scheduling a check for org.apache.hadoop.ozone.container.common.volume.HddsVolume@4af45442
2019-09-27 09:52:09,277 [main] INFO  volume.HddsVolumeChecker (HddsVolumeChecker.java:checkAllVolumes(202)) - Scheduled health check for volume org.apache.hadoop.ozone.container.common.volume.HddsVolume@4af45442
2019-09-27 09:52:09,292 [main] INFO  impl.RaftServerProxy (ConfUtils.java:logGet(43)) - raft.rpc.type = GRPC (default)
2019-09-27 09:52:09,292 [main] INFO  grpc.GrpcFactory (GrpcFactory.java:checkPooledByteBufAllocatorUseCacheForAllThreads(45)) - PERFORMANCE WARNING: useCacheForAllThreads is true that may cause Netty to create a lot garbage objects and, as a result, trigger GC.
	It is recommended to disable useCacheForAllThreads by setting -Dorg.apache.ratis.thirdparty.io.netty.allocator.useCacheForAllThreads=false in command line.
2019-09-27 09:52:09,292 [main] INFO  grpc.GrpcConfigKeys$Server (ConfUtils.java:logGet(43)) - raft.grpc.server.port = 0 (default)
2019-09-27 09:52:09,292 [main] INFO  server.GrpcService (ConfUtils.java:logGet(43)) - raft.grpc.message.size.max = 33570816 (custom)
2019-09-27 09:52:09,293 [main] INFO  server.RaftServerConfigKeys (ConfUtils.java:logGet(43)) - raft.server.log.appender.buffer.byte-limit = 33554432 (custom)
2019-09-27 09:52:09,293 [main] INFO  server.GrpcService (ConfUtils.java:logGet(43)) - raft.grpc.flow.control.window = 1MB (=1048576) (default)
2019-09-27 09:52:09,293 [main] INFO  server.RaftServerConfigKeys (ConfUtils.java:logGet(43)) - raft.server.rpc.request.timeout = 3000ms (default)
2019-09-27 09:52:09,294 [main] INFO  server.RaftServerConfigKeys (ConfUtils.java:logGet(43)) - raft.server.storage.dir = [/workdir/hadoop-ozone/integration-test/target/test-dir/MiniOzoneClusterImpl-c7877029-e657-495a-8fe1-46207200c0e4/datanode-8/data/ratis] (custom)
2019-09-27 09:52:09,295 [main] INFO  hdfs.DFSUtil (DFSUtil.java:httpServerTemplateForNNAndJN(1641)) - Starting Web-server for hddsDatanode at: http://0.0.0.0:0
2019-09-27 09:52:09,297 [main] INFO  server.AuthenticationFilter (AuthenticationFilter.java:constructSecretProvider(240)) - Unable to initialize FileSignerSecretProvider, falling back to use random secrets.
2019-09-27 09:52:09,297 [main] WARN  http.HttpRequestLog (HttpRequestLog.java:getRequestLog(97)) - Jetty request log can only be enabled using Log4j
2019-09-27 09:52:09,298 [main] INFO  http.HttpServer2 (HttpServer2.java:addGlobalFilter(975)) - Added global filter 'safety' (class=org.apache.hadoop.http.HttpServer2$QuotingInputFilter)
2019-09-27 09:52:09,299 [main] INFO  http.HttpServer2 (HttpServer2.java:addFilter(948)) - Added filter static_user_filter (class=org.apache.hadoop.http.lib.StaticUserWebFilter$StaticUserFilter) to context hddsDatanode
2019-09-27 09:52:09,299 [main] INFO  http.HttpServer2 (HttpServer2.java:addFilter(958)) - Added filter static_user_filter (class=org.apache.hadoop.http.lib.StaticUserWebFilter$StaticUserFilter) to context logs
2019-09-27 09:52:09,299 [main] INFO  http.HttpServer2 (HttpServer2.java:addFilter(958)) - Added filter static_user_filter (class=org.apache.hadoop.http.lib.StaticUserWebFilter$StaticUserFilter) to context static
2019-09-27 09:52:09,300 [main] INFO  http.HttpServer2 (HttpServer2.java:bindListener(1191)) - Jetty bound to port 42807
2019-09-27 09:52:09,300 [main] INFO  server.Server (Server.java:doStart(351)) - jetty-9.3.25.v20180904, build timestamp: 2018-09-04T21:11:46Z, git hash: 3ce520221d0240229c862b122d2b06c12a625732
2019-09-27 09:52:09,302 [main] INFO  handler.ContextHandler (ContextHandler.java:doStart(781)) - Started o.e.j.s.ServletContextHandler@1f53481b{/logs,file:///workdir/hadoop-ozone/integration-test/target/log,AVAILABLE}
2019-09-27 09:52:09,302 [main] INFO  handler.ContextHandler (ContextHandler.java:doStart(781)) - Started o.e.j.s.ServletContextHandler@27e7c77f{/static,jar:file:/home/user/.m2/repository/org/apache/hadoop/hadoop-hdds-container-service/0.5.0-SNAPSHOT/hadoop-hdds-container-service-0.5.0-SNAPSHOT.jar!/webapps/static,AVAILABLE}
2019-09-27 09:52:09,331 [main] INFO  handler.ContextHandler (ContextHandler.java:doStart(781)) - Started o.e.j.w.WebAppContext@765ffb14{/,file:///tmp/jetty-0.0.0.0-42807-hddsDatanode-_-any-7124972381429752185.dir/webapp/,AVAILABLE}{/hddsDatanode}
2019-09-27 09:52:09,331 [main] INFO  server.AbstractConnector (AbstractConnector.java:doStart(278)) - Started ServerConnector@57562473{HTTP/1.1,[http/1.1]}{0.0.0.0:42807}
2019-09-27 09:52:09,333 [main] INFO  server.Server (Server.java:doStart(419)) - Started @6171ms
2019-09-27 09:52:09,333 [main] WARN  impl.MetricsSystemImpl (MetricsSystemImpl.java:register(276)) - Sink prometheus already exists!
2019-09-27 09:52:09,334 [main] INFO  server.BaseHttpServer (BaseHttpServer.java:updateConnectorAddress(215)) - HTTP server of HDDSDATANODE is listening at http://0.0.0.0:42807
2019-09-27 09:52:09,334 [main] INFO  impl.MetricsSystemImpl (MetricsSystemImpl.java:init(158)) - HddsDatanode metrics system started (again)
2019-09-27 09:52:09,339 [org.apache.hadoop.util.JvmPauseMonitor$Monitor@56a40e99] INFO  util.JvmPauseMonitor (JvmPauseMonitor.java:run(188)) - Starting JVM pause monitor
2019-09-27 09:52:09,339 [main] INFO  ozone.HddsDatanodeService (HddsDatanodeService.java:start(184)) - HddsDatanodeService host:pr-hdds2162-4fxhj-20988671 ip:192.168.151.103
2019-09-27 09:52:09,343 [Datanode State Machine Thread - 0] INFO  datanode.InitDatanodeState (InitDatanodeState.java:persistContainerDatanodeDetails(140)) - DatanodeDetails is persisted to /workdir/hadoop-ozone/integration-test/target/test-dir/MiniOzoneClusterImpl-c7877029-e657-495a-8fe1-46207200c0e4/datanode-8/meta/datanode.id
2019-09-27 09:52:09,349 [main] INFO  volume.HddsVolume (HddsVolume.java:<init>(176)) - Creating Volume: /workdir/hadoop-ozone/integration-test/target/test-dir/MiniOzoneClusterImpl-c7877029-e657-495a-8fe1-46207200c0e4/datanode-9/data/containers/hdds of  storage type : DISK and capacity : 1482555576320
2019-09-27 09:52:09,350 [main] INFO  volume.VolumeSet (VolumeSet.java:initializeVolumeSet(170)) - Added Volume : /workdir/hadoop-ozone/integration-test/target/test-dir/MiniOzoneClusterImpl-c7877029-e657-495a-8fe1-46207200c0e4/datanode-9/data/containers/hdds to VolumeSet
2019-09-27 09:52:09,350 [main] INFO  volume.ThrottledAsyncChecker (ThrottledAsyncChecker.java:schedule(139)) - Scheduling a check for org.apache.hadoop.ozone.container.common.volume.HddsVolume@44032fde
2019-09-27 09:52:09,351 [main] INFO  volume.HddsVolumeChecker (HddsVolumeChecker.java:checkAllVolumes(202)) - Scheduled health check for volume org.apache.hadoop.ozone.container.common.volume.HddsVolume@44032fde
2019-09-27 09:52:09,365 [main] INFO  impl.RaftServerProxy (ConfUtils.java:logGet(43)) - raft.rpc.type = GRPC (default)
2019-09-27 09:52:09,366 [main] INFO  grpc.GrpcFactory (GrpcFactory.java:checkPooledByteBufAllocatorUseCacheForAllThreads(45)) - PERFORMANCE WARNING: useCacheForAllThreads is true that may cause Netty to create a lot garbage objects and, as a result, trigger GC.
	It is recommended to disable useCacheForAllThreads by setting -Dorg.apache.ratis.thirdparty.io.netty.allocator.useCacheForAllThreads=false in command line.
2019-09-27 09:52:09,366 [main] INFO  grpc.GrpcConfigKeys$Server (ConfUtils.java:logGet(43)) - raft.grpc.server.port = 0 (default)
2019-09-27 09:52:09,366 [main] INFO  server.GrpcService (ConfUtils.java:logGet(43)) - raft.grpc.message.size.max = 33570816 (custom)
2019-09-27 09:52:09,366 [main] INFO  server.RaftServerConfigKeys (ConfUtils.java:logGet(43)) - raft.server.log.appender.buffer.byte-limit = 33554432 (custom)
2019-09-27 09:52:09,367 [main] INFO  server.GrpcService (ConfUtils.java:logGet(43)) - raft.grpc.flow.control.window = 1MB (=1048576) (default)
2019-09-27 09:52:09,367 [main] INFO  server.RaftServerConfigKeys (ConfUtils.java:logGet(43)) - raft.server.rpc.request.timeout = 3000ms (default)
2019-09-27 09:52:09,367 [main] INFO  server.RaftServerConfigKeys (ConfUtils.java:logGet(43)) - raft.server.storage.dir = [/workdir/hadoop-ozone/integration-test/target/test-dir/MiniOzoneClusterImpl-c7877029-e657-495a-8fe1-46207200c0e4/datanode-9/data/ratis] (custom)
2019-09-27 09:52:09,369 [main] INFO  hdfs.DFSUtil (DFSUtil.java:httpServerTemplateForNNAndJN(1641)) - Starting Web-server for hddsDatanode at: http://0.0.0.0:0
2019-09-27 09:52:09,370 [main] INFO  server.AuthenticationFilter (AuthenticationFilter.java:constructSecretProvider(240)) - Unable to initialize FileSignerSecretProvider, falling back to use random secrets.
2019-09-27 09:52:09,371 [main] WARN  http.HttpRequestLog (HttpRequestLog.java:getRequestLog(97)) - Jetty request log can only be enabled using Log4j
2019-09-27 09:52:09,372 [main] INFO  http.HttpServer2 (HttpServer2.java:addGlobalFilter(975)) - Added global filter 'safety' (class=org.apache.hadoop.http.HttpServer2$QuotingInputFilter)
2019-09-27 09:52:09,373 [main] INFO  http.HttpServer2 (HttpServer2.java:addFilter(948)) - Added filter static_user_filter (class=org.apache.hadoop.http.lib.StaticUserWebFilter$StaticUserFilter) to context hddsDatanode
2019-09-27 09:52:09,373 [main] INFO  http.HttpServer2 (HttpServer2.java:addFilter(958)) - Added filter static_user_filter (class=org.apache.hadoop.http.lib.StaticUserWebFilter$StaticUserFilter) to context logs
2019-09-27 09:52:09,373 [main] INFO  http.HttpServer2 (HttpServer2.java:addFilter(958)) - Added filter static_user_filter (class=org.apache.hadoop.http.lib.StaticUserWebFilter$StaticUserFilter) to context static
2019-09-27 09:52:09,374 [main] INFO  http.HttpServer2 (HttpServer2.java:bindListener(1191)) - Jetty bound to port 36256
2019-09-27 09:52:09,374 [main] INFO  server.Server (Server.java:doStart(351)) - jetty-9.3.25.v20180904, build timestamp: 2018-09-04T21:11:46Z, git hash: 3ce520221d0240229c862b122d2b06c12a625732
2019-09-27 09:52:09,376 [main] INFO  handler.ContextHandler (ContextHandler.java:doStart(781)) - Started o.e.j.s.ServletContextHandler@59bbe88a{/logs,file:///workdir/hadoop-ozone/integration-test/target/log,AVAILABLE}
2019-09-27 09:52:09,376 [main] INFO  handler.ContextHandler (ContextHandler.java:doStart(781)) - Started o.e.j.s.ServletContextHandler@ed91d8d{/static,jar:file:/home/user/.m2/repository/org/apache/hadoop/hadoop-hdds-container-service/0.5.0-SNAPSHOT/hadoop-hdds-container-service-0.5.0-SNAPSHOT.jar!/webapps/static,AVAILABLE}
2019-09-27 09:52:09,405 [main] INFO  handler.ContextHandler (ContextHandler.java:doStart(781)) - Started o.e.j.w.WebAppContext@440e3ce6{/,file:///tmp/jetty-0.0.0.0-36256-hddsDatanode-_-any-3724900077161480743.dir/webapp/,AVAILABLE}{/hddsDatanode}
2019-09-27 09:52:09,407 [main] INFO  server.AbstractConnector (AbstractConnector.java:doStart(278)) - Started ServerConnector@3e67f5f2{HTTP/1.1,[http/1.1]}{0.0.0.0:36256}
2019-09-27 09:52:09,407 [main] INFO  server.Server (Server.java:doStart(419)) - Started @6245ms
2019-09-27 09:52:09,407 [main] WARN  impl.MetricsSystemImpl (MetricsSystemImpl.java:register(276)) - Sink prometheus already exists!
2019-09-27 09:52:09,408 [main] INFO  server.BaseHttpServer (BaseHttpServer.java:updateConnectorAddress(215)) - HTTP server of HDDSDATANODE is listening at http://0.0.0.0:36256
2019-09-27 09:52:09,413 [main] INFO  ozone.MiniOzoneClusterImpl (MiniOzoneClusterImpl.java:lambda$waitForClusterToBeReady$0(147)) - Waiting for cluster to be ready. Got 0 of 10 DN Heartbeats.
2019-09-27 09:52:09,413 [org.apache.hadoop.util.JvmPauseMonitor$Monitor@1624eb3c] INFO  util.JvmPauseMonitor (JvmPauseMonitor.java:run(188)) - Starting JVM pause monitor
2019-09-27 09:52:09,416 [Datanode State Machine Thread - 0] INFO  datanode.InitDatanodeState (InitDatanodeState.java:persistContainerDatanodeDetails(140)) - DatanodeDetails is persisted to /workdir/hadoop-ozone/integration-test/target/test-dir/MiniOzoneClusterImpl-c7877029-e657-495a-8fe1-46207200c0e4/datanode-9/meta/datanode.id
2019-09-27 09:52:10,413 [main] INFO  ozone.MiniOzoneClusterImpl (MiniOzoneClusterImpl.java:lambda$waitForClusterToBeReady$0(147)) - Waiting for cluster to be ready. Got 0 of 10 DN Heartbeats.
2019-09-27 09:52:10,753 [Datanode State Machine Thread - 0] INFO  ozoneimpl.OzoneContainer (OzoneContainer.java:start(217)) - Attempting to start container services.
2019-09-27 09:52:10,754 [Datanode State Machine Thread - 0] INFO  ozoneimpl.OzoneContainer (OzoneContainer.java:startContainerScrub(179)) - Background container scanner has been disabled.
2019-09-27 09:52:10,755 [Datanode State Machine Thread - 0] INFO  ratis.XceiverServerRatis (XceiverServerRatis.java:start(411)) - Starting XceiverServerRatis 68fd3f2f-bb68-4e1b-9abe-e06c598958dc at port 0
2019-09-27 09:52:10,780 [Datanode State Machine Thread - 0] INFO  impl.RaftServerProxy (RaftServerProxy.java:lambda$start$3(299)) - 68fd3f2f-bb68-4e1b-9abe-e06c598958dc: start RPC server
2019-09-27 09:52:10,786 [Datanode State Machine Thread - 0] INFO  ozoneimpl.OzoneContainer (OzoneContainer.java:start(217)) - Attempting to start container services.
2019-09-27 09:52:10,794 [Datanode State Machine Thread - 0] INFO  ozoneimpl.OzoneContainer (OzoneContainer.java:startContainerScrub(179)) - Background container scanner has been disabled.
2019-09-27 09:52:10,795 [Datanode State Machine Thread - 0] INFO  ratis.XceiverServerRatis (XceiverServerRatis.java:start(411)) - Starting XceiverServerRatis 0fee10a5-7d4b-4467-97d3-f999a65962dc at port 0
2019-09-27 09:52:10,806 [Datanode State Machine Thread - 0] INFO  impl.RaftServerProxy (RaftServerProxy.java:lambda$start$3(299)) - 0fee10a5-7d4b-4467-97d3-f999a65962dc: start RPC server
2019-09-27 09:52:10,860 [Datanode State Machine Thread - 0] INFO  ozoneimpl.OzoneContainer (OzoneContainer.java:start(217)) - Attempting to start container services.
2019-09-27 09:52:10,860 [Datanode State Machine Thread - 0] INFO  ozoneimpl.OzoneContainer (OzoneContainer.java:startContainerScrub(179)) - Background container scanner has been disabled.
2019-09-27 09:52:10,860 [Datanode State Machine Thread - 0] INFO  ratis.XceiverServerRatis (XceiverServerRatis.java:start(411)) - Starting XceiverServerRatis a8c068ea-62f3-4e92-8bab-cb78a32fa14d at port 0
2019-09-27 09:52:10,870 [Datanode State Machine Thread - 0] INFO  impl.RaftServerProxy (RaftServerProxy.java:lambda$start$3(299)) - a8c068ea-62f3-4e92-8bab-cb78a32fa14d: start RPC server
2019-09-27 09:52:10,937 [Datanode State Machine Thread - 0] INFO  ozoneimpl.OzoneContainer (OzoneContainer.java:start(217)) - Attempting to start container services.
2019-09-27 09:52:10,937 [Datanode State Machine Thread - 0] INFO  ozoneimpl.OzoneContainer (OzoneContainer.java:startContainerScrub(179)) - Background container scanner has been disabled.
2019-09-27 09:52:10,937 [Datanode State Machine Thread - 0] INFO  ratis.XceiverServerRatis (XceiverServerRatis.java:start(411)) - Starting XceiverServerRatis fb4382cd-aae1-4392-b31d-66bc5152045f at port 0
2019-09-27 09:52:10,954 [Datanode State Machine Thread - 0] INFO  impl.RaftServerProxy (RaftServerProxy.java:lambda$start$3(299)) - fb4382cd-aae1-4392-b31d-66bc5152045f: start RPC server
2019-09-27 09:52:10,968 [Datanode State Machine Thread - 0] INFO  server.GrpcService (GrpcService.java:startImpl(158)) - fb4382cd-aae1-4392-b31d-66bc5152045f: GrpcService started, listening on 0.0.0.0/0.0.0.0:46794
2019-09-27 09:52:10,968 [Datanode State Machine Thread - 0] INFO  server.GrpcService (GrpcService.java:startImpl(158)) - 0fee10a5-7d4b-4467-97d3-f999a65962dc: GrpcService started, listening on 0.0.0.0/0.0.0.0:44259
2019-09-27 09:52:10,970 [Datanode State Machine Thread - 0] INFO  ratis.XceiverServerRatis (XceiverServerRatis.java:start(421)) - XceiverServerRatis fb4382cd-aae1-4392-b31d-66bc5152045f is started using port 46794
2019-09-27 09:52:10,968 [Datanode State Machine Thread - 0] INFO  server.GrpcService (GrpcService.java:startImpl(158)) - 68fd3f2f-bb68-4e1b-9abe-e06c598958dc: GrpcService started, listening on 0.0.0.0/0.0.0.0:43348
2019-09-27 09:52:10,968 [Datanode State Machine Thread - 0] INFO  server.GrpcService (GrpcService.java:startImpl(158)) - a8c068ea-62f3-4e92-8bab-cb78a32fa14d: GrpcService started, listening on 0.0.0.0/0.0.0.0:40076
2019-09-27 09:52:10,970 [Datanode State Machine Thread - 0] INFO  ratis.XceiverServerRatis (XceiverServerRatis.java:start(421)) - XceiverServerRatis 68fd3f2f-bb68-4e1b-9abe-e06c598958dc is started using port 43348
2019-09-27 09:52:10,970 [Datanode State Machine Thread - 0] INFO  ratis.XceiverServerRatis (XceiverServerRatis.java:start(421)) - XceiverServerRatis 0fee10a5-7d4b-4467-97d3-f999a65962dc is started using port 44259
2019-09-27 09:52:10,970 [Datanode State Machine Thread - 0] INFO  ratis.XceiverServerRatis (XceiverServerRatis.java:start(421)) - XceiverServerRatis a8c068ea-62f3-4e92-8bab-cb78a32fa14d is started using port 40076
2019-09-27 09:52:10,982 [Datanode State Machine Thread - 0] INFO  server.XceiverServerGrpc (XceiverServerGrpc.java:start(149)) - XceiverServerGrpc a8c068ea-62f3-4e92-8bab-cb78a32fa14d is started using port 32891
2019-09-27 09:52:10,982 [Datanode State Machine Thread - 0] INFO  server.XceiverServerGrpc (XceiverServerGrpc.java:start(149)) - XceiverServerGrpc fb4382cd-aae1-4392-b31d-66bc5152045f is started using port 43834
2019-09-27 09:52:10,983 [Datanode State Machine Thread - 0] INFO  server.XceiverServerGrpc (XceiverServerGrpc.java:start(149)) - XceiverServerGrpc 68fd3f2f-bb68-4e1b-9abe-e06c598958dc is started using port 36955
2019-09-27 09:52:10,982 [Datanode State Machine Thread - 0] INFO  server.XceiverServerGrpc (XceiverServerGrpc.java:start(149)) - XceiverServerGrpc 0fee10a5-7d4b-4467-97d3-f999a65962dc is started using port 35057
2019-09-27 09:52:11,018 [Datanode State Machine Thread - 0] INFO  ozoneimpl.OzoneContainer (OzoneContainer.java:start(217)) - Attempting to start container services.
2019-09-27 09:52:11,018 [Datanode State Machine Thread - 0] INFO  ozoneimpl.OzoneContainer (OzoneContainer.java:startContainerScrub(179)) - Background container scanner has been disabled.
2019-09-27 09:52:11,018 [Datanode State Machine Thread - 0] INFO  ratis.XceiverServerRatis (XceiverServerRatis.java:start(411)) - Starting XceiverServerRatis cc790c40-6d6d-4d2d-8aaa-0c65cfb9cb08 at port 0
2019-09-27 09:52:11,026 [Datanode State Machine Thread - 0] INFO  impl.RaftServerProxy (RaftServerProxy.java:lambda$start$3(299)) - cc790c40-6d6d-4d2d-8aaa-0c65cfb9cb08: start RPC server
2019-09-27 09:52:11,029 [Datanode State Machine Thread - 0] INFO  server.GrpcService (GrpcService.java:startImpl(158)) - cc790c40-6d6d-4d2d-8aaa-0c65cfb9cb08: GrpcService started, listening on 0.0.0.0/0.0.0.0:33881
2019-09-27 09:52:11,029 [Datanode State Machine Thread - 0] INFO  ratis.XceiverServerRatis (XceiverServerRatis.java:start(421)) - XceiverServerRatis cc790c40-6d6d-4d2d-8aaa-0c65cfb9cb08 is started using port 33881
2019-09-27 09:52:11,032 [Datanode State Machine Thread - 0] INFO  server.XceiverServerGrpc (XceiverServerGrpc.java:start(149)) - XceiverServerGrpc cc790c40-6d6d-4d2d-8aaa-0c65cfb9cb08 is started using port 38452
2019-09-27 09:52:11,109 [Datanode State Machine Thread - 0] INFO  ozoneimpl.OzoneContainer (OzoneContainer.java:start(217)) - Attempting to start container services.
2019-09-27 09:52:11,110 [Datanode State Machine Thread - 0] INFO  ozoneimpl.OzoneContainer (OzoneContainer.java:startContainerScrub(179)) - Background container scanner has been disabled.
2019-09-27 09:52:11,110 [Datanode State Machine Thread - 0] INFO  ratis.XceiverServerRatis (XceiverServerRatis.java:start(411)) - Starting XceiverServerRatis 8ba5199e-bc13-4980-9432-390e97d7087b at port 0
2019-09-27 09:52:11,116 [Datanode State Machine Thread - 0] INFO  impl.RaftServerProxy (RaftServerProxy.java:lambda$start$3(299)) - 8ba5199e-bc13-4980-9432-390e97d7087b: start RPC server
2019-09-27 09:52:11,120 [Datanode State Machine Thread - 0] INFO  server.GrpcService (GrpcService.java:startImpl(158)) - 8ba5199e-bc13-4980-9432-390e97d7087b: GrpcService started, listening on 0.0.0.0/0.0.0.0:46717
2019-09-27 09:52:11,121 [Datanode State Machine Thread - 0] INFO  ratis.XceiverServerRatis (XceiverServerRatis.java:start(421)) - XceiverServerRatis 8ba5199e-bc13-4980-9432-390e97d7087b is started using port 46717
2019-09-27 09:52:11,125 [Datanode State Machine Thread - 0] INFO  server.XceiverServerGrpc (XceiverServerGrpc.java:start(149)) - XceiverServerGrpc 8ba5199e-bc13-4980-9432-390e97d7087b is started using port 46715
2019-09-27 09:52:11,200 [Datanode State Machine Thread - 0] INFO  ozoneimpl.OzoneContainer (OzoneContainer.java:start(217)) - Attempting to start container services.
2019-09-27 09:52:11,200 [Datanode State Machine Thread - 0] INFO  ozoneimpl.OzoneContainer (OzoneContainer.java:startContainerScrub(179)) - Background container scanner has been disabled.
2019-09-27 09:52:11,200 [Datanode State Machine Thread - 0] INFO  ratis.XceiverServerRatis (XceiverServerRatis.java:start(411)) - Starting XceiverServerRatis baeaf05a-69cc-4109-9f00-d2ee9c955770 at port 0
2019-09-27 09:52:11,207 [Datanode State Machine Thread - 0] INFO  impl.RaftServerProxy (RaftServerProxy.java:lambda$start$3(299)) - baeaf05a-69cc-4109-9f00-d2ee9c955770: start RPC server
2019-09-27 09:52:11,211 [Datanode State Machine Thread - 0] INFO  server.GrpcService (GrpcService.java:startImpl(158)) - baeaf05a-69cc-4109-9f00-d2ee9c955770: GrpcService started, listening on 0.0.0.0/0.0.0.0:34746
2019-09-27 09:52:11,212 [Datanode State Machine Thread - 0] INFO  ratis.XceiverServerRatis (XceiverServerRatis.java:start(421)) - XceiverServerRatis baeaf05a-69cc-4109-9f00-d2ee9c955770 is started using port 34746
2019-09-27 09:52:11,216 [Datanode State Machine Thread - 0] INFO  server.XceiverServerGrpc (XceiverServerGrpc.java:start(149)) - XceiverServerGrpc baeaf05a-69cc-4109-9f00-d2ee9c955770 is started using port 39736
2019-09-27 09:52:11,283 [Datanode State Machine Thread - 0] INFO  ozoneimpl.OzoneContainer (OzoneContainer.java:start(217)) - Attempting to start container services.
2019-09-27 09:52:11,283 [Datanode State Machine Thread - 0] INFO  ozoneimpl.OzoneContainer (OzoneContainer.java:startContainerScrub(179)) - Background container scanner has been disabled.
2019-09-27 09:52:11,283 [Datanode State Machine Thread - 0] INFO  ratis.XceiverServerRatis (XceiverServerRatis.java:start(411)) - Starting XceiverServerRatis 95d968cf-ca5f-4d0b-bebe-b7dd67fbe12c at port 0
2019-09-27 09:52:11,293 [Datanode State Machine Thread - 0] INFO  impl.RaftServerProxy (RaftServerProxy.java:lambda$start$3(299)) - 95d968cf-ca5f-4d0b-bebe-b7dd67fbe12c: start RPC server
2019-09-27 09:52:11,298 [Datanode State Machine Thread - 0] INFO  server.GrpcService (GrpcService.java:startImpl(158)) - 95d968cf-ca5f-4d0b-bebe-b7dd67fbe12c: GrpcService started, listening on 0.0.0.0/0.0.0.0:42662
2019-09-27 09:52:11,298 [Datanode State Machine Thread - 0] INFO  ratis.XceiverServerRatis (XceiverServerRatis.java:start(421)) - XceiverServerRatis 95d968cf-ca5f-4d0b-bebe-b7dd67fbe12c is started using port 42662
2019-09-27 09:52:11,302 [Datanode State Machine Thread - 0] INFO  server.XceiverServerGrpc (XceiverServerGrpc.java:start(149)) - XceiverServerGrpc 95d968cf-ca5f-4d0b-bebe-b7dd67fbe12c is started using port 35563
2019-09-27 09:52:11,358 [Datanode State Machine Thread - 0] INFO  ozoneimpl.OzoneContainer (OzoneContainer.java:start(217)) - Attempting to start container services.
2019-09-27 09:52:11,358 [Datanode State Machine Thread - 0] INFO  ozoneimpl.OzoneContainer (OzoneContainer.java:startContainerScrub(179)) - Background container scanner has been disabled.
2019-09-27 09:52:11,358 [Datanode State Machine Thread - 0] INFO  ratis.XceiverServerRatis (XceiverServerRatis.java:start(411)) - Starting XceiverServerRatis 1c6b6583-b7e4-4fe6-bf06-d800234747df at port 0
2019-09-27 09:52:11,368 [Datanode State Machine Thread - 0] INFO  impl.RaftServerProxy (RaftServerProxy.java:lambda$start$3(299)) - 1c6b6583-b7e4-4fe6-bf06-d800234747df: start RPC server
2019-09-27 09:52:11,373 [Datanode State Machine Thread - 0] INFO  server.GrpcService (GrpcService.java:startImpl(158)) - 1c6b6583-b7e4-4fe6-bf06-d800234747df: GrpcService started, listening on 0.0.0.0/0.0.0.0:46229
2019-09-27 09:52:11,374 [Datanode State Machine Thread - 0] INFO  ratis.XceiverServerRatis (XceiverServerRatis.java:start(421)) - XceiverServerRatis 1c6b6583-b7e4-4fe6-bf06-d800234747df is started using port 46229
2019-09-27 09:52:11,378 [Datanode State Machine Thread - 0] INFO  server.XceiverServerGrpc (XceiverServerGrpc.java:start(149)) - XceiverServerGrpc 1c6b6583-b7e4-4fe6-bf06-d800234747df is started using port 39164
2019-09-27 09:52:11,416 [main] INFO  ozone.MiniOzoneClusterImpl (MiniOzoneClusterImpl.java:lambda$waitForClusterToBeReady$0(147)) - Waiting for cluster to be ready. Got 0 of 10 DN Heartbeats.
2019-09-27 09:52:11,432 [Datanode State Machine Thread - 0] INFO  ozoneimpl.OzoneContainer (OzoneContainer.java:start(217)) - Attempting to start container services.
2019-09-27 09:52:11,432 [Datanode State Machine Thread - 0] INFO  ozoneimpl.OzoneContainer (OzoneContainer.java:startContainerScrub(179)) - Background container scanner has been disabled.
2019-09-27 09:52:11,432 [Datanode State Machine Thread - 0] INFO  ratis.XceiverServerRatis (XceiverServerRatis.java:start(411)) - Starting XceiverServerRatis 4086c8fe-6833-427c-bdb8-ba1cab517569 at port 0
2019-09-27 09:52:11,443 [Datanode State Machine Thread - 0] INFO  impl.RaftServerProxy (RaftServerProxy.java:lambda$start$3(299)) - 4086c8fe-6833-427c-bdb8-ba1cab517569: start RPC server
2019-09-27 09:52:11,450 [Datanode State Machine Thread - 0] INFO  server.GrpcService (GrpcService.java:startImpl(158)) - 4086c8fe-6833-427c-bdb8-ba1cab517569: GrpcService started, listening on 0.0.0.0/0.0.0.0:39661
2019-09-27 09:52:11,451 [Datanode State Machine Thread - 0] INFO  ratis.XceiverServerRatis (XceiverServerRatis.java:start(421)) - XceiverServerRatis 4086c8fe-6833-427c-bdb8-ba1cab517569 is started using port 39661
2019-09-27 09:52:11,484 [Datanode State Machine Thread - 0] INFO  server.XceiverServerGrpc (XceiverServerGrpc.java:start(149)) - XceiverServerGrpc 4086c8fe-6833-427c-bdb8-ba1cab517569 is started using port 37539
2019-09-27 09:52:12,417 [main] INFO  ozone.MiniOzoneClusterImpl (MiniOzoneClusterImpl.java:lambda$waitForClusterToBeReady$0(147)) - Waiting for cluster to be ready. Got 0 of 10 DN Heartbeats.
2019-09-27 09:52:12,729 [IPC Server handler 6 on 44735] INFO  net.NetworkTopology (NetworkTopologyImpl.java:add(111)) - Added a new node: /default-rack/68fd3f2f-bb68-4e1b-9abe-e06c598958dc
2019-09-27 09:52:12,730 [IPC Server handler 6 on 44735] INFO  node.SCMNodeManager (SCMNodeManager.java:register(266)) - Registered Data node : 68fd3f2f-bb68-4e1b-9abe-e06c598958dc{ip: 192.168.151.103, host: pr-hdds2162-4fxhj-20988671, networkLocation: /default-rack, certSerialId: null}
2019-09-27 09:52:12,737 [EventQueue-NodeRegistrationContainerReportForDataNodeSafeModeRule] INFO  safemode.SCMSafeModeManager (DataNodeSafeModeRule.java:process(71)) - SCM in safe mode. 1 DataNodes registered, 1 required.
2019-09-27 09:52:12,737 [EventQueue-NodeRegistrationContainerReportForDataNodeSafeModeRule] INFO  safemode.SCMSafeModeManager (SCMSafeModeManager.java:validateSafeModeExitRules(177)) - ScmSafeModeManager, all rules are successfully validated
2019-09-27 09:52:12,738 [EventQueue-NodeRegistrationContainerReportForDataNodeSafeModeRule] INFO  safemode.SCMSafeModeManager (SCMSafeModeManager.java:exitSafeMode(193)) - SCM exiting safe mode.
2019-09-27 09:52:12,771 [IPC Server handler 4 on 44735] INFO  net.NetworkTopology (NetworkTopologyImpl.java:add(111)) - Added a new node: /default-rack/0fee10a5-7d4b-4467-97d3-f999a65962dc
2019-09-27 09:52:12,771 [IPC Server handler 4 on 44735] INFO  node.SCMNodeManager (SCMNodeManager.java:register(266)) - Registered Data node : 0fee10a5-7d4b-4467-97d3-f999a65962dc{ip: 192.168.151.103, host: pr-hdds2162-4fxhj-20988671, networkLocation: /default-rack, certSerialId: null}
2019-09-27 09:52:12,848 [IPC Server handler 14 on 44735] INFO  net.NetworkTopology (NetworkTopologyImpl.java:add(111)) - Added a new node: /default-rack/a8c068ea-62f3-4e92-8bab-cb78a32fa14d
2019-09-27 09:52:12,848 [IPC Server handler 14 on 44735] INFO  node.SCMNodeManager (SCMNodeManager.java:register(266)) - Registered Data node : a8c068ea-62f3-4e92-8bab-cb78a32fa14d{ip: 192.168.151.103, host: pr-hdds2162-4fxhj-20988671, networkLocation: /default-rack, certSerialId: null}
2019-09-27 09:52:12,921 [IPC Server handler 11 on 44735] INFO  net.NetworkTopology (NetworkTopologyImpl.java:add(111)) - Added a new node: /default-rack/fb4382cd-aae1-4392-b31d-66bc5152045f
2019-09-27 09:52:12,921 [IPC Server handler 11 on 44735] INFO  node.SCMNodeManager (SCMNodeManager.java:register(266)) - Registered Data node : fb4382cd-aae1-4392-b31d-66bc5152045f{ip: 192.168.151.103, host: pr-hdds2162-4fxhj-20988671, networkLocation: /default-rack, certSerialId: null}
2019-09-27 09:52:13,008 [IPC Server handler 12 on 44735] INFO  net.NetworkTopology (NetworkTopologyImpl.java:add(111)) - Added a new node: /default-rack/cc790c40-6d6d-4d2d-8aaa-0c65cfb9cb08
2019-09-27 09:52:13,008 [IPC Server handler 12 on 44735] INFO  node.SCMNodeManager (SCMNodeManager.java:register(266)) - Registered Data node : cc790c40-6d6d-4d2d-8aaa-0c65cfb9cb08{ip: 192.168.151.103, host: pr-hdds2162-4fxhj-20988671, networkLocation: /default-rack, certSerialId: null}
2019-09-27 09:52:13,097 [IPC Server handler 10 on 44735] INFO  net.NetworkTopology (NetworkTopologyImpl.java:add(111)) - Added a new node: /default-rack/8ba5199e-bc13-4980-9432-390e97d7087b
2019-09-27 09:52:13,097 [IPC Server handler 10 on 44735] INFO  node.SCMNodeManager (SCMNodeManager.java:register(266)) - Registered Data node : 8ba5199e-bc13-4980-9432-390e97d7087b{ip: 192.168.151.103, host: pr-hdds2162-4fxhj-20988671, networkLocation: /default-rack, certSerialId: null}
2019-09-27 09:52:13,186 [IPC Server handler 2 on 44735] INFO  net.NetworkTopology (NetworkTopologyImpl.java:add(111)) - Added a new node: /default-rack/baeaf05a-69cc-4109-9f00-d2ee9c955770
2019-09-27 09:52:13,186 [IPC Server handler 2 on 44735] INFO  node.SCMNodeManager (SCMNodeManager.java:register(266)) - Registered Data node : baeaf05a-69cc-4109-9f00-d2ee9c955770{ip: 192.168.151.103, host: pr-hdds2162-4fxhj-20988671, networkLocation: /default-rack, certSerialId: null}
2019-09-27 09:52:13,272 [IPC Server handler 1 on 44735] INFO  net.NetworkTopology (NetworkTopologyImpl.java:add(111)) - Added a new node: /default-rack/95d968cf-ca5f-4d0b-bebe-b7dd67fbe12c
2019-09-27 09:52:13,273 [IPC Server handler 1 on 44735] INFO  node.SCMNodeManager (SCMNodeManager.java:register(266)) - Registered Data node : 95d968cf-ca5f-4d0b-bebe-b7dd67fbe12c{ip: 192.168.151.103, host: pr-hdds2162-4fxhj-20988671, networkLocation: /default-rack, certSerialId: null}
2019-09-27 09:52:13,343 [IPC Server handler 3 on 44735] INFO  net.NetworkTopology (NetworkTopologyImpl.java:add(111)) - Added a new node: /default-rack/1c6b6583-b7e4-4fe6-bf06-d800234747df
2019-09-27 09:52:13,344 [IPC Server handler 3 on 44735] INFO  node.SCMNodeManager (SCMNodeManager.java:register(266)) - Registered Data node : 1c6b6583-b7e4-4fe6-bf06-d800234747df{ip: 192.168.151.103, host: pr-hdds2162-4fxhj-20988671, networkLocation: /default-rack, certSerialId: null}
2019-09-27 09:52:13,356 [grpc-default-executor-0] INFO  impl.RaftServerProxy (RaftServerProxy.java:addNew(89)) - 68fd3f2f-bb68-4e1b-9abe-e06c598958dc: addNew group-6A9C77B37D30:[68fd3f2f-bb68-4e1b-9abe-e06c598958dc:192.168.151.103:43348] returns group-6A9C77B37D30:java.util.concurrent.CompletableFuture@4bc13483[Not completed]
2019-09-27 09:52:13,389 [pool-27-thread-1] INFO  impl.RaftServerImpl (RaftServerImpl.java:<init>(95)) - 68fd3f2f-bb68-4e1b-9abe-e06c598958dc: new RaftServerImpl for group-6A9C77B37D30:[68fd3f2f-bb68-4e1b-9abe-e06c598958dc:192.168.151.103:43348] with ContainerStateMachine:uninitialized
2019-09-27 09:52:13,391 [pool-27-thread-1] INFO  server.RaftServerConfigKeys (ConfUtils.java:logGet(43)) - raft.server.rpc.timeout.min = 5s (custom)
2019-09-27 09:52:13,393 [pool-27-thread-1] INFO  server.RaftServerConfigKeys (ConfUtils.java:logGet(43)) - raft.server.rpc.timeout.max = 5200ms (custom)
2019-09-27 09:52:13,393 [pool-27-thread-1] INFO  server.RaftServerConfigKeys (ConfUtils.java:logGet(43)) - raft.server.rpcslowness.timeout = 120s (custom)
2019-09-27 09:52:13,394 [pool-27-thread-1] INFO  server.RaftServerConfigKeys (ConfUtils.java:logGet(43)) - raft.server.sleep.deviation.threshold = 300 (default)
2019-09-27 09:52:13,395 [pool-27-thread-1] INFO  server.RaftServerConfigKeys (ConfUtils.java:logGet(43)) - raft.server.log.appender.install.snapshot.enabled = false (custom)
2019-09-27 09:52:13,404 [pool-27-thread-1] INFO  impl.RaftServerImpl (ServerState.java:<init>(103)) - 68fd3f2f-bb68-4e1b-9abe-e06c598958dc@group-6A9C77B37D30: ConfigurationManager, init=-1: [68fd3f2f-bb68-4e1b-9abe-e06c598958dc:192.168.151.103:43348], old=null, confs=<EMPTY_MAP>
2019-09-27 09:52:13,404 [pool-27-thread-1] INFO  server.RaftServerConfigKeys (ConfUtils.java:logGet(43)) - raft.server.storage.dir = [/workdir/hadoop-ozone/integration-test/target/test-dir/MiniOzoneClusterImpl-c7877029-e657-495a-8fe1-46207200c0e4/datanode-0/data/ratis] (custom)
2019-09-27 09:52:13,412 [pool-27-thread-1] INFO  storage.RaftStorageDirectory (RaftStorageDirectory.java:analyzeStorage(246)) - The storage directory /workdir/hadoop-ozone/integration-test/target/test-dir/MiniOzoneClusterImpl-c7877029-e657-495a-8fe1-46207200c0e4/datanode-0/data/ratis/54c19283-5818-41f4-974c-6a9c77b37d30 does not exist. Creating ...
2019-09-27 09:52:13,422 [main] INFO  ozone.MiniOzoneClusterImpl (MiniOzoneClusterImpl.java:lambda$waitForClusterToBeReady$0(147)) - Waiting for cluster to be ready. Got 9 of 10 DN Heartbeats.
2019-09-27 09:52:13,429 [IPC Server handler 6 on 44735] INFO  net.NetworkTopology (NetworkTopologyImpl.java:add(111)) - Added a new node: /default-rack/4086c8fe-6833-427c-bdb8-ba1cab517569
2019-09-27 09:52:13,429 [IPC Server handler 6 on 44735] INFO  node.SCMNodeManager (SCMNodeManager.java:register(266)) - Registered Data node : 4086c8fe-6833-427c-bdb8-ba1cab517569{ip: 192.168.151.103, host: pr-hdds2162-4fxhj-20988671, networkLocation: /default-rack, certSerialId: null}
2019-09-27 09:52:13,452 [pool-27-thread-1] INFO  storage.RaftStorageDirectory (RaftStorageDirectory.java:tryLock(328)) - Lock on /workdir/hadoop-ozone/integration-test/target/test-dir/MiniOzoneClusterImpl-c7877029-e657-495a-8fe1-46207200c0e4/datanode-0/data/ratis/54c19283-5818-41f4-974c-6a9c77b37d30/in_use.lock acquired by nodename 26505@pr-hdds2162-4fxhj-20988671
2019-09-27 09:52:13,469 [pool-27-thread-1] INFO  storage.RaftStorage (RaftStorage.java:format(72)) - Storage directory /workdir/hadoop-ozone/integration-test/target/test-dir/MiniOzoneClusterImpl-c7877029-e657-495a-8fe1-46207200c0e4/datanode-0/data/ratis/54c19283-5818-41f4-974c-6a9c77b37d30 has been successfully formatted.
2019-09-27 09:52:13,472 [pool-27-thread-1] INFO  ratis.ContainerStateMachine (ContainerStateMachine.java:loadSnapshot(230)) - group-6A9C77B37D30: The snapshot info is null. Setting the last applied indexto:(t:0, i:~)
2019-09-27 09:52:13,472 [pool-27-thread-1] INFO  server.RaftServerConfigKeys (ConfUtils.java:logGet(43)) - raft.server.notification.no-leader.timeout = 120s (custom)
2019-09-27 09:52:13,476 [pool-27-thread-1] INFO  server.RaftServerConfigKeys (ConfUtils.java:logGet(43)) - raft.server.log.use.memory = false (default)
2019-09-27 09:52:13,484 [pool-27-thread-1] INFO  server.RaftServerConfigKeys (ConfUtils.java:logGet(43)) - raft.server.log.purge.gap = 1000000 (custom)
2019-09-27 09:52:13,485 [pool-27-thread-1] INFO  server.RaftServerConfigKeys (ConfUtils.java:logGet(43)) - raft.server.log.appender.buffer.byte-limit = 33554432 (custom)
2019-09-27 09:52:13,488 [pool-27-thread-1] INFO  server.RaftServerConfigKeys (ConfUtils.java:logGet(43)) - raft.server.log.segment.size.max = 1048576 (custom)
2019-09-27 09:52:13,494 [pool-27-thread-1] INFO  server.RaftServerConfigKeys (ConfUtils.java:logGet(43)) - raft.server.log.segment.cache.num.max = 2 (custom)
2019-09-27 09:52:13,502 [pool-27-thread-1] INFO  segmented.SegmentedRaftLogWorker (SegmentedRaftLogWorker.java:<init>(172)) - new 68fd3f2f-bb68-4e1b-9abe-e06c598958dc@group-6A9C77B37D30-SegmentedRaftLogWorker for RaftStorage:Storage Directory /workdir/hadoop-ozone/integration-test/target/test-dir/MiniOzoneClusterImpl-c7877029-e657-495a-8fe1-46207200c0e4/datanode-0/data/ratis/54c19283-5818-41f4-974c-6a9c77b37d30
2019-09-27 09:52:13,504 [pool-27-thread-1] INFO  impl.MetricsSystemImpl (MetricsSystemImpl.java:init(158)) - ratis metrics system started (again)
2019-09-27 09:52:13,512 [pool-27-thread-1] INFO  metrics.MetricRegistries (MetricRegistriesLoader.java:load(64)) - Loaded MetricRegistries class org.apache.ratis.metrics.impl.MetricRegistriesImpl
2019-09-27 09:52:13,548 [pool-27-thread-1] INFO  server.RaftServerConfigKeys (ConfUtils.java:logGet(43)) - raft.server.log.queue.byte-limit = 2147483647 (custom)
2019-09-27 09:52:13,548 [pool-27-thread-1] INFO  server.RaftServerConfigKeys (ConfUtils.java:logGet(43)) - raft.server.log.queue.element-limit = 1024 (custom)
2019-09-27 09:52:13,552 [pool-27-thread-1] INFO  server.RaftServerConfigKeys (ConfUtils.java:logGet(43)) - raft.server.log.segment.size.max = 1048576 (custom)
2019-09-27 09:52:13,552 [pool-27-thread-1] INFO  server.RaftServerConfigKeys (ConfUtils.java:logGet(43)) - raft.server.log.preallocated.size = 16384 (custom)
2019-09-27 09:52:13,553 [pool-27-thread-1] INFO  server.RaftServerConfigKeys (ConfUtils.java:logGet(43)) - raft.server.log.write.buffer.size = 33554432 (custom)
2019-09-27 09:52:13,553 [pool-27-thread-1] INFO  server.RaftServerConfigKeys (ConfUtils.java:logGet(43)) - raft.server.log.force.sync.num = 128 (default)
2019-09-27 09:52:13,554 [pool-27-thread-1] INFO  server.RaftServerConfigKeys (ConfUtils.java:logGet(43)) - raft.server.log.statemachine.data.sync = true (default)
2019-09-27 09:52:13,554 [pool-27-thread-1] INFO  server.RaftServerConfigKeys (ConfUtils.java:logGet(43)) - raft.server.log.statemachine.data.sync.timeout = 10s (default)
2019-09-27 09:52:13,555 [pool-27-thread-1] INFO  server.RaftServerConfigKeys (ConfUtils.java:logGet(43)) - raft.server.log.statemachine.data.sync.timeout.retry = -1 (default)
2019-09-27 09:52:13,564 [pool-27-thread-1] INFO  server.RaftServerConfigKeys (ConfUtils.java:logGet(43)) - raft.server.log.statemachine.data.caching.enabled = true (custom)
2019-09-27 09:52:13,569 [pool-27-thread-1] INFO  segmented.SegmentedRaftLogWorker (SegmentedRaftLogWorker.java:lambda$new$0(132)) - 68fd3f2f-bb68-4e1b-9abe-e06c598958dc@group-6A9C77B37D30-SegmentedRaftLogWorker: flushIndex: setUnconditionally 0 -> -1
2019-09-27 09:52:13,573 [pool-27-thread-1] INFO  server.RaftServerConfigKeys (ConfUtils.java:logGet(43)) - raft.server.snapshot.auto.trigger.enabled = true (custom)
2019-09-27 09:52:13,574 [pool-27-thread-1] INFO  server.RaftServerConfigKeys (ConfUtils.java:logGet(43)) - raft.server.snapshot.auto.trigger.threshold = 10000 (custom)
2019-09-27 09:52:13,575 [pool-27-thread-1] INFO  server.RaftServerConfigKeys (ConfUtils.java:logGet(43)) - raft.server.snapshot.retention.num.files = 5 (custom)
2019-09-27 09:52:13,575 [pool-27-thread-1] INFO  server.RaftServerConfigKeys (ConfUtils.java:logGet(43)) - raft.server.retrycache.expirytime = 600000ms (custom)
2019-09-27 09:52:13,602 [pool-27-thread-1] INFO  impl.RaftServerImpl (RaftServerImpl.java:start(185)) - 68fd3f2f-bb68-4e1b-9abe-e06c598958dc@group-6A9C77B37D30: start as a follower, conf=-1: [68fd3f2f-bb68-4e1b-9abe-e06c598958dc:192.168.151.103:43348], old=null
2019-09-27 09:52:13,603 [pool-27-thread-1] INFO  impl.RaftServerImpl (RaftServerImpl.java:setRole(174)) - 68fd3f2f-bb68-4e1b-9abe-e06c598958dc@group-6A9C77B37D30: changes role from      null to FOLLOWER at term 0 for startAsFollower
2019-09-27 09:52:13,604 [pool-27-thread-1] INFO  impl.RoleInfo (RoleInfo.java:updateAndGet(143)) - 68fd3f2f-bb68-4e1b-9abe-e06c598958dc: start FollowerState
2019-09-27 09:52:13,605 [pool-27-thread-1] INFO  util.JmxRegister (JmxRegister.java:tryRegister(44)) - Successfully registered JMX Bean with object name Ratis:service=RaftServer,group=group-6A9C77B37D30,id=68fd3f2f-bb68-4e1b-9abe-e06c598958dc
2019-09-27 09:52:13,683 [RatisPipelineUtilsThread] INFO  pipeline.PipelineStateManager (PipelineStateManager.java:addPipeline(56)) - Created pipeline Pipeline[ Id: 54c19283-5818-41f4-974c-6a9c77b37d30, Nodes: 68fd3f2f-bb68-4e1b-9abe-e06c598958dc{ip: 192.168.151.103, host: pr-hdds2162-4fxhj-20988671, networkLocation: /default-rack, certSerialId: null}, Type:RATIS, Factor:ONE, State:OPEN]
2019-09-27 09:52:13,724 [grpc-default-executor-0] INFO  impl.RaftServerProxy (RaftServerProxy.java:addNew(89)) - fb4382cd-aae1-4392-b31d-66bc5152045f: addNew group-F92E9056EB5B:[fb4382cd-aae1-4392-b31d-66bc5152045f:192.168.151.103:46794] returns group-F92E9056EB5B:java.util.concurrent.CompletableFuture@5343a0a0[Not completed]
2019-09-27 09:52:13,834 [pool-57-thread-1] INFO  impl.RaftServerImpl (RaftServerImpl.java:<init>(95)) - fb4382cd-aae1-4392-b31d-66bc5152045f: new RaftServerImpl for group-F92E9056EB5B:[fb4382cd-aae1-4392-b31d-66bc5152045f:192.168.151.103:46794] with ContainerStateMachine:uninitialized
2019-09-27 09:52:13,837 [pool-57-thread-1] INFO  server.RaftServerConfigKeys (ConfUtils.java:logGet(43)) - raft.server.rpc.timeout.min = 5s (custom)
2019-09-27 09:52:13,837 [pool-57-thread-1] INFO  server.RaftServerConfigKeys (ConfUtils.java:logGet(43)) - raft.server.rpc.timeout.max = 5200ms (custom)
2019-09-27 09:52:13,837 [pool-57-thread-1] INFO  server.RaftServerConfigKeys (ConfUtils.java:logGet(43)) - raft.server.rpcslowness.timeout = 120s (custom)
2019-09-27 09:52:13,837 [pool-57-thread-1] INFO  server.RaftServerConfigKeys (ConfUtils.java:logGet(43)) - raft.server.sleep.deviation.threshold = 300 (default)
2019-09-27 09:52:13,837 [pool-57-thread-1] INFO  server.RaftServerConfigKeys (ConfUtils.java:logGet(43)) - raft.server.log.appender.install.snapshot.enabled = false (custom)
2019-09-27 09:52:13,837 [pool-57-thread-1] INFO  impl.RaftServerImpl (ServerState.java:<init>(103)) - fb4382cd-aae1-4392-b31d-66bc5152045f@group-F92E9056EB5B: ConfigurationManager, init=-1: [fb4382cd-aae1-4392-b31d-66bc5152045f:192.168.151.103:46794], old=null, confs=<EMPTY_MAP>
2019-09-27 09:52:13,837 [pool-57-thread-1] INFO  server.RaftServerConfigKeys (ConfUtils.java:logGet(43)) - raft.server.storage.dir = [/workdir/hadoop-ozone/integration-test/target/test-dir/MiniOzoneClusterImpl-c7877029-e657-495a-8fe1-46207200c0e4/datanode-3/data/ratis] (custom)
2019-09-27 09:52:13,838 [pool-57-thread-1] INFO  storage.RaftStorageDirectory (RaftStorageDirectory.java:analyzeStorage(246)) - The storage directory /workdir/hadoop-ozone/integration-test/target/test-dir/MiniOzoneClusterImpl-c7877029-e657-495a-8fe1-46207200c0e4/datanode-3/data/ratis/5ee33386-355b-435e-8cf4-f92e9056eb5b does not exist. Creating ...
2019-09-27 09:52:13,870 [pool-57-thread-1] INFO  storage.RaftStorageDirectory (RaftStorageDirectory.java:tryLock(328)) - Lock on /workdir/hadoop-ozone/integration-test/target/test-dir/MiniOzoneClusterImpl-c7877029-e657-495a-8fe1-46207200c0e4/datanode-3/data/ratis/5ee33386-355b-435e-8cf4-f92e9056eb5b/in_use.lock acquired by nodename 26505@pr-hdds2162-4fxhj-20988671
2019-09-27 09:52:13,896 [pool-57-thread-1] INFO  storage.RaftStorage (RaftStorage.java:format(72)) - Storage directory /workdir/hadoop-ozone/integration-test/target/test-dir/MiniOzoneClusterImpl-c7877029-e657-495a-8fe1-46207200c0e4/datanode-3/data/ratis/5ee33386-355b-435e-8cf4-f92e9056eb5b has been successfully formatted.
2019-09-27 09:52:13,899 [pool-57-thread-1] INFO  ratis.ContainerStateMachine (ContainerStateMachine.java:loadSnapshot(230)) - group-F92E9056EB5B: The snapshot info is null. Setting the last applied indexto:(t:0, i:~)
2019-09-27 09:52:13,901 [pool-57-thread-1] INFO  server.RaftServerConfigKeys (ConfUtils.java:logGet(43)) - raft.server.notification.no-leader.timeout = 120s (custom)
2019-09-27 09:52:13,901 [pool-57-thread-1] INFO  server.RaftServerConfigKeys (ConfUtils.java:logGet(43)) - raft.server.log.use.memory = false (default)
2019-09-27 09:52:13,901 [pool-57-thread-1] INFO  server.RaftServerConfigKeys (ConfUtils.java:logGet(43)) - raft.server.log.purge.gap = 1000000 (custom)
2019-09-27 09:52:13,901 [pool-57-thread-1] INFO  server.RaftServerConfigKeys (ConfUtils.java:logGet(43)) - raft.server.log.appender.buffer.byte-limit = 33554432 (custom)
2019-09-27 09:52:13,902 [pool-57-thread-1] INFO  server.RaftServerConfigKeys (ConfUtils.java:logGet(43)) - raft.server.log.segment.size.max = 1048576 (custom)
2019-09-27 09:52:13,902 [pool-57-thread-1] INFO  server.RaftServerConfigKeys (ConfUtils.java:logGet(43)) - raft.server.log.segment.cache.num.max = 2 (custom)
2019-09-27 09:52:13,902 [pool-57-thread-1] INFO  segmented.SegmentedRaftLogWorker (SegmentedRaftLogWorker.java:<init>(172)) - new fb4382cd-aae1-4392-b31d-66bc5152045f@group-F92E9056EB5B-SegmentedRaftLogWorker for RaftStorage:Storage Directory /workdir/hadoop-ozone/integration-test/target/test-dir/MiniOzoneClusterImpl-c7877029-e657-495a-8fe1-46207200c0e4/datanode-3/data/ratis/5ee33386-355b-435e-8cf4-f92e9056eb5b
2019-09-27 09:52:13,910 [pool-57-thread-1] INFO  server.RaftServerConfigKeys (ConfUtils.java:logGet(43)) - raft.server.log.queue.byte-limit = 2147483647 (custom)
2019-09-27 09:52:13,910 [pool-57-thread-1] INFO  server.RaftServerConfigKeys (ConfUtils.java:logGet(43)) - raft.server.log.queue.element-limit = 1024 (custom)
2019-09-27 09:52:13,910 [pool-57-thread-1] INFO  server.RaftServerConfigKeys (ConfUtils.java:logGet(43)) - raft.server.log.segment.size.max = 1048576 (custom)
2019-09-27 09:52:13,910 [pool-57-thread-1] INFO  server.RaftServerConfigKeys (ConfUtils.java:logGet(43)) - raft.server.log.preallocated.size = 16384 (custom)
2019-09-27 09:52:13,911 [pool-57-thread-1] INFO  server.RaftServerConfigKeys (ConfUtils.java:logGet(43)) - raft.server.log.write.buffer.size = 33554432 (custom)
2019-09-27 09:52:13,911 [pool-57-thread-1] INFO  server.RaftServerConfigKeys (ConfUtils.java:logGet(43)) - raft.server.log.force.sync.num = 128 (default)
2019-09-27 09:52:13,911 [pool-57-thread-1] INFO  server.RaftServerConfigKeys (ConfUtils.java:logGet(43)) - raft.server.log.statemachine.data.sync = true (default)
2019-09-27 09:52:13,911 [pool-57-thread-1] INFO  server.RaftServerConfigKeys (ConfUtils.java:logGet(43)) - raft.server.log.statemachine.data.sync.timeout = 10s (default)
2019-09-27 09:52:13,911 [pool-57-thread-1] INFO  server.RaftServerConfigKeys (ConfUtils.java:logGet(43)) - raft.server.log.statemachine.data.sync.timeout.retry = -1 (default)
2019-09-27 09:52:13,912 [pool-57-thread-1] INFO  server.RaftServerConfigKeys (ConfUtils.java:logGet(43)) - raft.server.log.statemachine.data.caching.enabled = true (custom)
2019-09-27 09:52:13,912 [pool-57-thread-1] INFO  segmented.SegmentedRaftLogWorker (SegmentedRaftLogWorker.java:lambda$new$0(132)) - fb4382cd-aae1-4392-b31d-66bc5152045f@group-F92E9056EB5B-SegmentedRaftLogWorker: flushIndex: setUnconditionally 0 -> -1
2019-09-27 09:52:13,912 [pool-57-thread-1] INFO  server.RaftServerConfigKeys (ConfUtils.java:logGet(43)) - raft.server.snapshot.auto.trigger.enabled = true (custom)
2019-09-27 09:52:13,913 [pool-57-thread-1] INFO  server.RaftServerConfigKeys (ConfUtils.java:logGet(43)) - raft.server.snapshot.auto.trigger.threshold = 10000 (custom)
2019-09-27 09:52:13,913 [pool-57-thread-1] INFO  server.RaftServerConfigKeys (ConfUtils.java:logGet(43)) - raft.server.snapshot.retention.num.files = 5 (custom)
2019-09-27 09:52:13,913 [pool-57-thread-1] INFO  server.RaftServerConfigKeys (ConfUtils.java:logGet(43)) - raft.server.retrycache.expirytime = 600000ms (custom)
2019-09-27 09:52:13,919 [pool-57-thread-1] INFO  impl.RaftServerImpl (RaftServerImpl.java:start(185)) - fb4382cd-aae1-4392-b31d-66bc5152045f@group-F92E9056EB5B: start as a follower, conf=-1: [fb4382cd-aae1-4392-b31d-66bc5152045f:192.168.151.103:46794], old=null
2019-09-27 09:52:13,919 [pool-57-thread-1] INFO  impl.RaftServerImpl (RaftServerImpl.java:setRole(174)) - fb4382cd-aae1-4392-b31d-66bc5152045f@group-F92E9056EB5B: changes role from      null to FOLLOWER at term 0 for startAsFollower
2019-09-27 09:52:13,919 [pool-57-thread-1] INFO  impl.RoleInfo (RoleInfo.java:updateAndGet(143)) - fb4382cd-aae1-4392-b31d-66bc5152045f: start FollowerState
2019-09-27 09:52:13,922 [pool-57-thread-1] INFO  util.JmxRegister (JmxRegister.java:tryRegister(44)) - Successfully registered JMX Bean with object name Ratis:service=RaftServer,group=group-F92E9056EB5B,id=fb4382cd-aae1-4392-b31d-66bc5152045f
2019-09-27 09:52:13,942 [RatisPipelineUtilsThread] INFO  pipeline.PipelineStateManager (PipelineStateManager.java:addPipeline(56)) - Created pipeline Pipeline[ Id: 5ee33386-355b-435e-8cf4-f92e9056eb5b, Nodes: fb4382cd-aae1-4392-b31d-66bc5152045f{ip: 192.168.151.103, host: pr-hdds2162-4fxhj-20988671, networkLocation: /default-rack, certSerialId: null}, Type:RATIS, Factor:ONE, State:OPEN]
2019-09-27 09:52:13,974 [grpc-default-executor-0] INFO  impl.RaftServerProxy (RaftServerProxy.java:addNew(89)) - 1c6b6583-b7e4-4fe6-bf06-d800234747df: addNew group-467CB34E1E09:[1c6b6583-b7e4-4fe6-bf06-d800234747df:192.168.151.103:46229] returns group-467CB34E1E09:java.util.concurrent.CompletableFuture@6483a1b3[Not completed]
2019-09-27 09:52:14,018 [pool-107-thread-1] INFO  impl.RaftServerImpl (RaftServerImpl.java:<init>(95)) - 1c6b6583-b7e4-4fe6-bf06-d800234747df: new RaftServerImpl for group-467CB34E1E09:[1c6b6583-b7e4-4fe6-bf06-d800234747df:192.168.151.103:46229] with ContainerStateMachine:uninitialized
2019-09-27 09:52:14,018 [pool-107-thread-1] INFO  server.RaftServerConfigKeys (ConfUtils.java:logGet(43)) - raft.server.rpc.timeout.min = 5s (custom)
2019-09-27 09:52:14,018 [pool-107-thread-1] INFO  server.RaftServerConfigKeys (ConfUtils.java:logGet(43)) - raft.server.rpc.timeout.max = 5200ms (custom)
2019-09-27 09:52:14,018 [pool-107-thread-1] INFO  server.RaftServerConfigKeys (ConfUtils.java:logGet(43)) - raft.server.rpcslowness.timeout = 120s (custom)
2019-09-27 09:52:14,018 [pool-107-thread-1] INFO  server.RaftServerConfigKeys (ConfUtils.java:logGet(43)) - raft.server.sleep.deviation.threshold = 300 (default)
2019-09-27 09:52:14,018 [pool-107-thread-1] INFO  server.RaftServerConfigKeys (ConfUtils.java:logGet(43)) - raft.server.log.appender.install.snapshot.enabled = false (custom)
2019-09-27 09:52:14,019 [pool-107-thread-1] INFO  impl.RaftServerImpl (ServerState.java:<init>(103)) - 1c6b6583-b7e4-4fe6-bf06-d800234747df@group-467CB34E1E09: ConfigurationManager, init=-1: [1c6b6583-b7e4-4fe6-bf06-d800234747df:192.168.151.103:46229], old=null, confs=<EMPTY_MAP>
2019-09-27 09:52:14,019 [pool-107-thread-1] INFO  server.RaftServerConfigKeys (ConfUtils.java:logGet(43)) - raft.server.storage.dir = [/workdir/hadoop-ozone/integration-test/target/test-dir/MiniOzoneClusterImpl-c7877029-e657-495a-8fe1-46207200c0e4/datanode-8/data/ratis] (custom)
2019-09-27 09:52:14,019 [pool-107-thread-1] INFO  storage.RaftStorageDirectory (RaftStorageDirectory.java:analyzeStorage(246)) - The storage directory /workdir/hadoop-ozone/integration-test/target/test-dir/MiniOzoneClusterImpl-c7877029-e657-495a-8fe1-46207200c0e4/datanode-8/data/ratis/f01d7aff-5c4e-4198-aa65-467cb34e1e09 does not exist. Creating ...
2019-09-27 09:52:14,034 [pool-107-thread-1] INFO  storage.RaftStorageDirectory (RaftStorageDirectory.java:tryLock(328)) - Lock on /workdir/hadoop-ozone/integration-test/target/test-dir/MiniOzoneClusterImpl-c7877029-e657-495a-8fe1-46207200c0e4/datanode-8/data/ratis/f01d7aff-5c4e-4198-aa65-467cb34e1e09/in_use.lock acquired by nodename 26505@pr-hdds2162-4fxhj-20988671
2019-09-27 09:52:14,049 [pool-107-thread-1] INFO  storage.RaftStorage (RaftStorage.java:format(72)) - Storage directory /workdir/hadoop-ozone/integration-test/target/test-dir/MiniOzoneClusterImpl-c7877029-e657-495a-8fe1-46207200c0e4/datanode-8/data/ratis/f01d7aff-5c4e-4198-aa65-467cb34e1e09 has been successfully formatted.
2019-09-27 09:52:14,049 [pool-107-thread-1] INFO  ratis.ContainerStateMachine (ContainerStateMachine.java:loadSnapshot(230)) - group-467CB34E1E09: The snapshot info is null. Setting the last applied indexto:(t:0, i:~)
2019-09-27 09:52:14,049 [pool-107-thread-1] INFO  server.RaftServerConfigKeys (ConfUtils.java:logGet(43)) - raft.server.notification.no-leader.timeout = 120s (custom)
2019-09-27 09:52:14,049 [pool-107-thread-1] INFO  server.RaftServerConfigKeys (ConfUtils.java:logGet(43)) - raft.server.log.use.memory = false (default)
2019-09-27 09:52:14,050 [pool-107-thread-1] INFO  server.RaftServerConfigKeys (ConfUtils.java:logGet(43)) - raft.server.log.purge.gap = 1000000 (custom)
2019-09-27 09:52:14,050 [pool-107-thread-1] INFO  server.RaftServerConfigKeys (ConfUtils.java:logGet(43)) - raft.server.log.appender.buffer.byte-limit = 33554432 (custom)
2019-09-27 09:52:14,050 [pool-107-thread-1] INFO  server.RaftServerConfigKeys (ConfUtils.java:logGet(43)) - raft.server.log.segment.size.max = 1048576 (custom)
2019-09-27 09:52:14,050 [pool-107-thread-1] INFO  server.RaftServerConfigKeys (ConfUtils.java:logGet(43)) - raft.server.log.segment.cache.num.max = 2 (custom)
2019-09-27 09:52:14,050 [pool-107-thread-1] INFO  segmented.SegmentedRaftLogWorker (SegmentedRaftLogWorker.java:<init>(172)) - new 1c6b6583-b7e4-4fe6-bf06-d800234747df@group-467CB34E1E09-SegmentedRaftLogWorker for RaftStorage:Storage Directory /workdir/hadoop-ozone/integration-test/target/test-dir/MiniOzoneClusterImpl-c7877029-e657-495a-8fe1-46207200c0e4/datanode-8/data/ratis/f01d7aff-5c4e-4198-aa65-467cb34e1e09
2019-09-27 09:52:14,099 [pool-107-thread-1] INFO  server.RaftServerConfigKeys (ConfUtils.java:logGet(43)) - raft.server.log.queue.byte-limit = 2147483647 (custom)
2019-09-27 09:52:14,100 [pool-107-thread-1] INFO  server.RaftServerConfigKeys (ConfUtils.java:logGet(43)) - raft.server.log.queue.element-limit = 1024 (custom)
2019-09-27 09:52:14,100 [pool-107-thread-1] INFO  server.RaftServerConfigKeys (ConfUtils.java:logGet(43)) - raft.server.log.segment.size.max = 1048576 (custom)
2019-09-27 09:52:14,100 [pool-107-thread-1] INFO  server.RaftServerConfigKeys (ConfUtils.java:logGet(43)) - raft.server.log.preallocated.size = 16384 (custom)
2019-09-27 09:52:14,100 [pool-107-thread-1] INFO  server.RaftServerConfigKeys (ConfUtils.java:logGet(43)) - raft.server.log.write.buffer.size = 33554432 (custom)
2019-09-27 09:52:14,101 [pool-107-thread-1] INFO  server.RaftServerConfigKeys (ConfUtils.java:logGet(43)) - raft.server.log.force.sync.num = 128 (default)
2019-09-27 09:52:14,101 [pool-107-thread-1] INFO  server.RaftServerConfigKeys (ConfUtils.java:logGet(43)) - raft.server.log.statemachine.data.sync = true (default)
2019-09-27 09:52:14,101 [pool-107-thread-1] INFO  server.RaftServerConfigKeys (ConfUtils.java:logGet(43)) - raft.server.log.statemachine.data.sync.timeout = 10s (default)
2019-09-27 09:52:14,101 [pool-107-thread-1] INFO  server.RaftServerConfigKeys (ConfUtils.java:logGet(43)) - raft.server.log.statemachine.data.sync.timeout.retry = -1 (default)
2019-09-27 09:52:14,102 [pool-107-thread-1] INFO  server.RaftServerConfigKeys (ConfUtils.java:logGet(43)) - raft.server.log.statemachine.data.caching.enabled = true (custom)
2019-09-27 09:52:14,102 [pool-107-thread-1] INFO  segmented.SegmentedRaftLogWorker (SegmentedRaftLogWorker.java:lambda$new$0(132)) - 1c6b6583-b7e4-4fe6-bf06-d800234747df@group-467CB34E1E09-SegmentedRaftLogWorker: flushIndex: setUnconditionally 0 -> -1
2019-09-27 09:52:14,102 [pool-107-thread-1] INFO  server.RaftServerConfigKeys (ConfUtils.java:logGet(43)) - raft.server.snapshot.auto.trigger.enabled = true (custom)
2019-09-27 09:52:14,103 [pool-107-thread-1] INFO  server.RaftServerConfigKeys (ConfUtils.java:logGet(43)) - raft.server.snapshot.auto.trigger.threshold = 10000 (custom)
2019-09-27 09:52:14,103 [pool-107-thread-1] INFO  server.RaftServerConfigKeys (ConfUtils.java:logGet(43)) - raft.server.snapshot.retention.num.files = 5 (custom)
2019-09-27 09:52:14,103 [pool-107-thread-1] INFO  server.RaftServerConfigKeys (ConfUtils.java:logGet(43)) - raft.server.retrycache.expirytime = 600000ms (custom)
2019-09-27 09:52:14,108 [pool-107-thread-1] INFO  impl.RaftServerImpl (RaftServerImpl.java:start(185)) - 1c6b6583-b7e4-4fe6-bf06-d800234747df@group-467CB34E1E09: start as a follower, conf=-1: [1c6b6583-b7e4-4fe6-bf06-d800234747df:192.168.151.103:46229], old=null
2019-09-27 09:52:14,109 [pool-107-thread-1] INFO  impl.RaftServerImpl (RaftServerImpl.java:setRole(174)) - 1c6b6583-b7e4-4fe6-bf06-d800234747df@group-467CB34E1E09: changes role from      null to FOLLOWER at term 0 for startAsFollower
2019-09-27 09:52:14,109 [pool-107-thread-1] INFO  impl.RoleInfo (RoleInfo.java:updateAndGet(143)) - 1c6b6583-b7e4-4fe6-bf06-d800234747df: start FollowerState
2019-09-27 09:52:14,109 [pool-107-thread-1] INFO  util.JmxRegister (JmxRegister.java:tryRegister(44)) - Successfully registered JMX Bean with object name Ratis:service=RaftServer,group=group-467CB34E1E09,id=1c6b6583-b7e4-4fe6-bf06-d800234747df
2019-09-27 09:52:14,124 [RatisPipelineUtilsThread] INFO  pipeline.PipelineStateManager (PipelineStateManager.java:addPipeline(56)) - Created pipeline Pipeline[ Id: f01d7aff-5c4e-4198-aa65-467cb34e1e09, Nodes: 1c6b6583-b7e4-4fe6-bf06-d800234747df{ip: 192.168.151.103, host: pr-hdds2162-4fxhj-20988671, networkLocation: /default-rack, certSerialId: null}, Type:RATIS, Factor:ONE, State:OPEN]
2019-09-27 09:52:14,148 [grpc-default-executor-0] INFO  impl.RaftServerProxy (RaftServerProxy.java:addNew(89)) - 95d968cf-ca5f-4d0b-bebe-b7dd67fbe12c: addNew group-752936C1D4EE:[95d968cf-ca5f-4d0b-bebe-b7dd67fbe12c:192.168.151.103:42662] returns group-752936C1D4EE:java.util.concurrent.CompletableFuture@288c4ebe[Not completed]
2019-09-27 09:52:14,153 [pool-97-thread-1] INFO  impl.RaftServerImpl (RaftServerImpl.java:<init>(95)) - 95d968cf-ca5f-4d0b-bebe-b7dd67fbe12c: new RaftServerImpl for group-752936C1D4EE:[95d968cf-ca5f-4d0b-bebe-b7dd67fbe12c:192.168.151.103:42662] with ContainerStateMachine:uninitialized
2019-09-27 09:52:14,153 [pool-97-thread-1] INFO  server.RaftServerConfigKeys (ConfUtils.java:logGet(43)) - raft.server.rpc.timeout.min = 5s (custom)
2019-09-27 09:52:14,153 [pool-97-thread-1] INFO  server.RaftServerConfigKeys (ConfUtils.java:logGet(43)) - raft.server.rpc.timeout.max = 5200ms (custom)
2019-09-27 09:52:14,153 [pool-97-thread-1] INFO  server.RaftServerConfigKeys (ConfUtils.java:logGet(43)) - raft.server.rpcslowness.timeout = 120s (custom)
2019-09-27 09:52:14,154 [pool-97-thread-1] INFO  server.RaftServerConfigKeys (ConfUtils.java:logGet(43)) - raft.server.sleep.deviation.threshold = 300 (default)
2019-09-27 09:52:14,154 [pool-97-thread-1] INFO  server.RaftServerConfigKeys (ConfUtils.java:logGet(43)) - raft.server.log.appender.install.snapshot.enabled = false (custom)
2019-09-27 09:52:14,154 [pool-97-thread-1] INFO  impl.RaftServerImpl (ServerState.java:<init>(103)) - 95d968cf-ca5f-4d0b-bebe-b7dd67fbe12c@group-752936C1D4EE: ConfigurationManager, init=-1: [95d968cf-ca5f-4d0b-bebe-b7dd67fbe12c:192.168.151.103:42662], old=null, confs=<EMPTY_MAP>
2019-09-27 09:52:14,154 [pool-97-thread-1] INFO  server.RaftServerConfigKeys (ConfUtils.java:logGet(43)) - raft.server.storage.dir = [/workdir/hadoop-ozone/integration-test/target/test-dir/MiniOzoneClusterImpl-c7877029-e657-495a-8fe1-46207200c0e4/datanode-7/data/ratis] (custom)
2019-09-27 09:52:14,155 [pool-97-thread-1] INFO  storage.RaftStorageDirectory (RaftStorageDirectory.java:analyzeStorage(246)) - The storage directory /workdir/hadoop-ozone/integration-test/target/test-dir/MiniOzoneClusterImpl-c7877029-e657-495a-8fe1-46207200c0e4/datanode-7/data/ratis/4a8bda88-4962-48d7-a961-752936c1d4ee does not exist. Creating ...
2019-09-27 09:52:14,180 [pool-97-thread-1] INFO  storage.RaftStorageDirectory (RaftStorageDirectory.java:tryLock(328)) - Lock on /workdir/hadoop-ozone/integration-test/target/test-dir/MiniOzoneClusterImpl-c7877029-e657-495a-8fe1-46207200c0e4/datanode-7/data/ratis/4a8bda88-4962-48d7-a961-752936c1d4ee/in_use.lock acquired by nodename 26505@pr-hdds2162-4fxhj-20988671
2019-09-27 09:52:14,193 [pool-97-thread-1] INFO  storage.RaftStorage (RaftStorage.java:format(72)) - Storage directory /workdir/hadoop-ozone/integration-test/target/test-dir/MiniOzoneClusterImpl-c7877029-e657-495a-8fe1-46207200c0e4/datanode-7/data/ratis/4a8bda88-4962-48d7-a961-752936c1d4ee has been successfully formatted.
2019-09-27 09:52:14,193 [pool-97-thread-1] INFO  ratis.ContainerStateMachine (ContainerStateMachine.java:loadSnapshot(230)) - group-752936C1D4EE: The snapshot info is null. Setting the last applied indexto:(t:0, i:~)
2019-09-27 09:52:14,194 [pool-97-thread-1] INFO  server.RaftServerConfigKeys (ConfUtils.java:logGet(43)) - raft.server.notification.no-leader.timeout = 120s (custom)
2019-09-27 09:52:14,194 [pool-97-thread-1] INFO  server.RaftServerConfigKeys (ConfUtils.java:logGet(43)) - raft.server.log.use.memory = false (default)
2019-09-27 09:52:14,194 [pool-97-thread-1] INFO  server.RaftServerConfigKeys (ConfUtils.java:logGet(43)) - raft.server.log.purge.gap = 1000000 (custom)
2019-09-27 09:52:14,194 [pool-97-thread-1] INFO  server.RaftServerConfigKeys (ConfUtils.java:logGet(43)) - raft.server.log.appender.buffer.byte-limit = 33554432 (custom)
2019-09-27 09:52:14,195 [pool-97-thread-1] INFO  server.RaftServerConfigKeys (ConfUtils.java:logGet(43)) - raft.server.log.segment.size.max = 1048576 (custom)
2019-09-27 09:52:14,195 [pool-97-thread-1] INFO  server.RaftServerConfigKeys (ConfUtils.java:logGet(43)) - raft.server.log.segment.cache.num.max = 2 (custom)
2019-09-27 09:52:14,195 [pool-97-thread-1] INFO  segmented.SegmentedRaftLogWorker (SegmentedRaftLogWorker.java:<init>(172)) - new 95d968cf-ca5f-4d0b-bebe-b7dd67fbe12c@group-752936C1D4EE-SegmentedRaftLogWorker for RaftStorage:Storage Directory /workdir/hadoop-ozone/integration-test/target/test-dir/MiniOzoneClusterImpl-c7877029-e657-495a-8fe1-46207200c0e4/datanode-7/data/ratis/4a8bda88-4962-48d7-a961-752936c1d4ee
2019-09-27 09:52:14,200 [pool-97-thread-1] INFO  server.RaftServerConfigKeys (ConfUtils.java:logGet(43)) - raft.server.log.queue.byte-limit = 2147483647 (custom)
2019-09-27 09:52:14,201 [pool-97-thread-1] INFO  server.RaftServerConfigKeys (ConfUtils.java:logGet(43)) - raft.server.log.queue.element-limit = 1024 (custom)
2019-09-27 09:52:14,201 [pool-97-thread-1] INFO  server.RaftServerConfigKeys (ConfUtils.java:logGet(43)) - raft.server.log.segment.size.max = 1048576 (custom)
2019-09-27 09:52:14,201 [pool-97-thread-1] INFO  server.RaftServerConfigKeys (ConfUtils.java:logGet(43)) - raft.server.log.preallocated.size = 16384 (custom)
2019-09-27 09:52:14,201 [pool-97-thread-1] INFO  server.RaftServerConfigKeys (ConfUtils.java:logGet(43)) - raft.server.log.write.buffer.size = 33554432 (custom)
2019-09-27 09:52:14,202 [pool-97-thread-1] INFO  server.RaftServerConfigKeys (ConfUtils.java:logGet(43)) - raft.server.log.force.sync.num = 128 (default)
2019-09-27 09:52:14,202 [pool-97-thread-1] INFO  server.RaftServerConfigKeys (ConfUtils.java:logGet(43)) - raft.server.log.statemachine.data.sync = true (default)
2019-09-27 09:52:14,202 [pool-97-thread-1] INFO  server.RaftServerConfigKeys (ConfUtils.java:logGet(43)) - raft.server.log.statemachine.data.sync.timeout = 10s (default)
2019-09-27 09:52:14,202 [pool-97-thread-1] INFO  server.RaftServerConfigKeys (ConfUtils.java:logGet(43)) - raft.server.log.statemachine.data.sync.timeout.retry = -1 (default)
2019-09-27 09:52:14,203 [pool-97-thread-1] INFO  server.RaftServerConfigKeys (ConfUtils.java:logGet(43)) - raft.server.log.statemachine.data.caching.enabled = true (custom)
2019-09-27 09:52:14,203 [pool-97-thread-1] INFO  segmented.SegmentedRaftLogWorker (SegmentedRaftLogWorker.java:lambda$new$0(132)) - 95d968cf-ca5f-4d0b-bebe-b7dd67fbe12c@group-752936C1D4EE-SegmentedRaftLogWorker: flushIndex: setUnconditionally 0 -> -1
2019-09-27 09:52:14,203 [pool-97-thread-1] INFO  server.RaftServerConfigKeys (ConfUtils.java:logGet(43)) - raft.server.snapshot.auto.trigger.enabled = true (custom)
2019-09-27 09:52:14,204 [pool-97-thread-1] INFO  server.RaftServerConfigKeys (ConfUtils.java:logGet(43)) - raft.server.snapshot.auto.trigger.threshold = 10000 (custom)
2019-09-27 09:52:14,204 [pool-97-thread-1] INFO  server.RaftServerConfigKeys (ConfUtils.java:logGet(43)) - raft.server.snapshot.retention.num.files = 5 (custom)
2019-09-27 09:52:14,204 [pool-97-thread-1] INFO  server.RaftServerConfigKeys (ConfUtils.java:logGet(43)) - raft.server.retrycache.expirytime = 600000ms (custom)
2019-09-27 09:52:14,210 [pool-97-thread-1] INFO  impl.RaftServerImpl (RaftServerImpl.java:start(185)) - 95d968cf-ca5f-4d0b-bebe-b7dd67fbe12c@group-752936C1D4EE: start as a follower, conf=-1: [95d968cf-ca5f-4d0b-bebe-b7dd67fbe12c:192.168.151.103:42662], old=null
2019-09-27 09:52:14,210 [pool-97-thread-1] INFO  impl.RaftServerImpl (RaftServerImpl.java:setRole(174)) - 95d968cf-ca5f-4d0b-bebe-b7dd67fbe12c@group-752936C1D4EE: changes role from      null to FOLLOWER at term 0 for startAsFollower
2019-09-27 09:52:14,210 [pool-97-thread-1] INFO  impl.RoleInfo (RoleInfo.java:updateAndGet(143)) - 95d968cf-ca5f-4d0b-bebe-b7dd67fbe12c: start FollowerState
2019-09-27 09:52:14,211 [pool-97-thread-1] INFO  util.JmxRegister (JmxRegister.java:tryRegister(44)) - Successfully registered JMX Bean with object name Ratis:service=RaftServer,group=group-752936C1D4EE,id=95d968cf-ca5f-4d0b-bebe-b7dd67fbe12c
2019-09-27 09:52:14,239 [RatisPipelineUtilsThread] INFO  pipeline.PipelineStateManager (PipelineStateManager.java:addPipeline(56)) - Created pipeline Pipeline[ Id: 4a8bda88-4962-48d7-a961-752936c1d4ee, Nodes: 95d968cf-ca5f-4d0b-bebe-b7dd67fbe12c{ip: 192.168.151.103, host: pr-hdds2162-4fxhj-20988671, networkLocation: /default-rack, certSerialId: null}, Type:RATIS, Factor:ONE, State:OPEN]
2019-09-27 09:52:14,264 [grpc-default-executor-0] INFO  impl.RaftServerProxy (RaftServerProxy.java:addNew(89)) - cc790c40-6d6d-4d2d-8aaa-0c65cfb9cb08: addNew group-DB850F076473:[cc790c40-6d6d-4d2d-8aaa-0c65cfb9cb08:192.168.151.103:33881] returns group-DB850F076473:java.util.concurrent.CompletableFuture@2f74fb59[Not completed]
2019-09-27 09:52:14,270 [pool-67-thread-1] INFO  impl.RaftServerImpl (RaftServerImpl.java:<init>(95)) - cc790c40-6d6d-4d2d-8aaa-0c65cfb9cb08: new RaftServerImpl for group-DB850F076473:[cc790c40-6d6d-4d2d-8aaa-0c65cfb9cb08:192.168.151.103:33881] with ContainerStateMachine:uninitialized
2019-09-27 09:52:14,271 [pool-67-thread-1] INFO  server.RaftServerConfigKeys (ConfUtils.java:logGet(43)) - raft.server.rpc.timeout.min = 5s (custom)
2019-09-27 09:52:14,271 [pool-67-thread-1] INFO  server.RaftServerConfigKeys (ConfUtils.java:logGet(43)) - raft.server.rpc.timeout.max = 5200ms (custom)
2019-09-27 09:52:14,271 [pool-67-thread-1] INFO  server.RaftServerConfigKeys (ConfUtils.java:logGet(43)) - raft.server.rpcslowness.timeout = 120s (custom)
2019-09-27 09:52:14,271 [pool-67-thread-1] INFO  server.RaftServerConfigKeys (ConfUtils.java:logGet(43)) - raft.server.sleep.deviation.threshold = 300 (default)
2019-09-27 09:52:14,271 [pool-67-thread-1] INFO  server.RaftServerConfigKeys (ConfUtils.java:logGet(43)) - raft.server.log.appender.install.snapshot.enabled = false (custom)
2019-09-27 09:52:14,271 [pool-67-thread-1] INFO  impl.RaftServerImpl (ServerState.java:<init>(103)) - cc790c40-6d6d-4d2d-8aaa-0c65cfb9cb08@group-DB850F076473: ConfigurationManager, init=-1: [cc790c40-6d6d-4d2d-8aaa-0c65cfb9cb08:192.168.151.103:33881], old=null, confs=<EMPTY_MAP>
2019-09-27 09:52:14,272 [pool-67-thread-1] INFO  server.RaftServerConfigKeys (ConfUtils.java:logGet(43)) - raft.server.storage.dir = [/workdir/hadoop-ozone/integration-test/target/test-dir/MiniOzoneClusterImpl-c7877029-e657-495a-8fe1-46207200c0e4/datanode-4/data/ratis] (custom)
2019-09-27 09:52:14,272 [pool-67-thread-1] INFO  storage.RaftStorageDirectory (RaftStorageDirectory.java:analyzeStorage(246)) - The storage directory /workdir/hadoop-ozone/integration-test/target/test-dir/MiniOzoneClusterImpl-c7877029-e657-495a-8fe1-46207200c0e4/datanode-4/data/ratis/fa70d603-221f-4137-a368-db850f076473 does not exist. Creating ...
2019-09-27 09:52:14,285 [pool-67-thread-1] INFO  storage.RaftStorageDirectory (RaftStorageDirectory.java:tryLock(328)) - Lock on /workdir/hadoop-ozone/integration-test/target/test-dir/MiniOzoneClusterImpl-c7877029-e657-495a-8fe1-46207200c0e4/datanode-4/data/ratis/fa70d603-221f-4137-a368-db850f076473/in_use.lock acquired by nodename 26505@pr-hdds2162-4fxhj-20988671
2019-09-27 09:52:14,303 [pool-67-thread-1] INFO  storage.RaftStorage (RaftStorage.java:format(72)) - Storage directory /workdir/hadoop-ozone/integration-test/target/test-dir/MiniOzoneClusterImpl-c7877029-e657-495a-8fe1-46207200c0e4/datanode-4/data/ratis/fa70d603-221f-4137-a368-db850f076473 has been successfully formatted.
2019-09-27 09:52:14,303 [pool-67-thread-1] INFO  ratis.ContainerStateMachine (ContainerStateMachine.java:loadSnapshot(230)) - group-DB850F076473: The snapshot info is null. Setting the last applied indexto:(t:0, i:~)
2019-09-27 09:52:14,303 [pool-67-thread-1] INFO  server.RaftServerConfigKeys (ConfUtils.java:logGet(43)) - raft.server.notification.no-leader.timeout = 120s (custom)
2019-09-27 09:52:14,303 [pool-67-thread-1] INFO  server.RaftServerConfigKeys (ConfUtils.java:logGet(43)) - raft.server.log.use.memory = false (default)
2019-09-27 09:52:14,304 [pool-67-thread-1] INFO  server.RaftServerConfigKeys (ConfUtils.java:logGet(43)) - raft.server.log.purge.gap = 1000000 (custom)
2019-09-27 09:52:14,304 [pool-67-thread-1] INFO  server.RaftServerConfigKeys (ConfUtils.java:logGet(43)) - raft.server.log.appender.buffer.byte-limit = 33554432 (custom)
2019-09-27 09:52:14,304 [pool-67-thread-1] INFO  server.RaftServerConfigKeys (ConfUtils.java:logGet(43)) - raft.server.log.segment.size.max = 1048576 (custom)
2019-09-27 09:52:14,304 [pool-67-thread-1] INFO  server.RaftServerConfigKeys (ConfUtils.java:logGet(43)) - raft.server.log.segment.cache.num.max = 2 (custom)
2019-09-27 09:52:14,304 [pool-67-thread-1] INFO  segmented.SegmentedRaftLogWorker (SegmentedRaftLogWorker.java:<init>(172)) - new cc790c40-6d6d-4d2d-8aaa-0c65cfb9cb08@group-DB850F076473-SegmentedRaftLogWorker for RaftStorage:Storage Directory /workdir/hadoop-ozone/integration-test/target/test-dir/MiniOzoneClusterImpl-c7877029-e657-495a-8fe1-46207200c0e4/datanode-4/data/ratis/fa70d603-221f-4137-a368-db850f076473
2019-09-27 09:52:14,308 [pool-67-thread-1] INFO  server.RaftServerConfigKeys (ConfUtils.java:logGet(43)) - raft.server.log.queue.byte-limit = 2147483647 (custom)
2019-09-27 09:52:14,308 [pool-67-thread-1] INFO  server.RaftServerConfigKeys (ConfUtils.java:logGet(43)) - raft.server.log.queue.element-limit = 1024 (custom)
2019-09-27 09:52:14,309 [pool-67-thread-1] INFO  server.RaftServerConfigKeys (ConfUtils.java:logGet(43)) - raft.server.log.segment.size.max = 1048576 (custom)
2019-09-27 09:52:14,309 [pool-67-thread-1] INFO  server.RaftServerConfigKeys (ConfUtils.java:logGet(43)) - raft.server.log.preallocated.size = 16384 (custom)
2019-09-27 09:52:14,309 [pool-67-thread-1] INFO  server.RaftServerConfigKeys (ConfUtils.java:logGet(43)) - raft.server.log.write.buffer.size = 33554432 (custom)
2019-09-27 09:52:14,309 [pool-67-thread-1] INFO  server.RaftServerConfigKeys (ConfUtils.java:logGet(43)) - raft.server.log.force.sync.num = 128 (default)
2019-09-27 09:52:14,309 [pool-67-thread-1] INFO  server.RaftServerConfigKeys (ConfUtils.java:logGet(43)) - raft.server.log.statemachine.data.sync = true (default)
2019-09-27 09:52:14,310 [pool-67-thread-1] INFO  server.RaftServerConfigKeys (ConfUtils.java:logGet(43)) - raft.server.log.statemachine.data.sync.timeout = 10s (default)
2019-09-27 09:52:14,310 [pool-67-thread-1] INFO  server.RaftServerConfigKeys (ConfUtils.java:logGet(43)) - raft.server.log.statemachine.data.sync.timeout.retry = -1 (default)
2019-09-27 09:52:14,310 [pool-67-thread-1] INFO  server.RaftServerConfigKeys (ConfUtils.java:logGet(43)) - raft.server.log.statemachine.data.caching.enabled = true (custom)
2019-09-27 09:52:14,310 [pool-67-thread-1] INFO  segmented.SegmentedRaftLogWorker (SegmentedRaftLogWorker.java:lambda$new$0(132)) - cc790c40-6d6d-4d2d-8aaa-0c65cfb9cb08@group-DB850F076473-SegmentedRaftLogWorker: flushIndex: setUnconditionally 0 -> -1
2019-09-27 09:52:14,311 [pool-67-thread-1] INFO  server.RaftServerConfigKeys (ConfUtils.java:logGet(43)) - raft.server.snapshot.auto.trigger.enabled = true (custom)
2019-09-27 09:52:14,311 [pool-67-thread-1] INFO  server.RaftServerConfigKeys (ConfUtils.java:logGet(43)) - raft.server.snapshot.auto.trigger.threshold = 10000 (custom)
2019-09-27 09:52:14,311 [pool-67-thread-1] INFO  server.RaftServerConfigKeys (ConfUtils.java:logGet(43)) - raft.server.snapshot.retention.num.files = 5 (custom)
2019-09-27 09:52:14,311 [pool-67-thread-1] INFO  server.RaftServerConfigKeys (ConfUtils.java:logGet(43)) - raft.server.retrycache.expirytime = 600000ms (custom)
2019-09-27 09:52:14,315 [pool-67-thread-1] INFO  impl.RaftServerImpl (RaftServerImpl.java:start(185)) - cc790c40-6d6d-4d2d-8aaa-0c65cfb9cb08@group-DB850F076473: start as a follower, conf=-1: [cc790c40-6d6d-4d2d-8aaa-0c65cfb9cb08:192.168.151.103:33881], old=null
2019-09-27 09:52:14,315 [pool-67-thread-1] INFO  impl.RaftServerImpl (RaftServerImpl.java:setRole(174)) - cc790c40-6d6d-4d2d-8aaa-0c65cfb9cb08@group-DB850F076473: changes role from      null to FOLLOWER at term 0 for startAsFollower
2019-09-27 09:52:14,315 [pool-67-thread-1] INFO  impl.RoleInfo (RoleInfo.java:updateAndGet(143)) - cc790c40-6d6d-4d2d-8aaa-0c65cfb9cb08: start FollowerState
2019-09-27 09:52:14,316 [pool-67-thread-1] INFO  util.JmxRegister (JmxRegister.java:tryRegister(44)) - Successfully registered JMX Bean with object name Ratis:service=RaftServer,group=group-DB850F076473,id=cc790c40-6d6d-4d2d-8aaa-0c65cfb9cb08
2019-09-27 09:52:14,334 [RatisPipelineUtilsThread] INFO  pipeline.PipelineStateManager (PipelineStateManager.java:addPipeline(56)) - Created pipeline Pipeline[ Id: fa70d603-221f-4137-a368-db850f076473, Nodes: cc790c40-6d6d-4d2d-8aaa-0c65cfb9cb08{ip: 192.168.151.103, host: pr-hdds2162-4fxhj-20988671, networkLocation: /default-rack, certSerialId: null}, Type:RATIS, Factor:ONE, State:OPEN]
2019-09-27 09:52:14,357 [grpc-default-executor-0] INFO  impl.RaftServerProxy (RaftServerProxy.java:addNew(89)) - 0fee10a5-7d4b-4467-97d3-f999a65962dc: addNew group-553381D37694:[0fee10a5-7d4b-4467-97d3-f999a65962dc:192.168.151.103:44259] returns group-553381D37694:java.util.concurrent.CompletableFuture@15b2359[Not completed]
2019-09-27 09:52:14,363 [pool-37-thread-1] INFO  impl.RaftServerImpl (RaftServerImpl.java:<init>(95)) - 0fee10a5-7d4b-4467-97d3-f999a65962dc: new RaftServerImpl for group-553381D37694:[0fee10a5-7d4b-4467-97d3-f999a65962dc:192.168.151.103:44259] with ContainerStateMachine:uninitialized
2019-09-27 09:52:14,363 [pool-37-thread-1] INFO  server.RaftServerConfigKeys (ConfUtils.java:logGet(43)) - raft.server.rpc.timeout.min = 5s (custom)
2019-09-27 09:52:14,363 [pool-37-thread-1] INFO  server.RaftServerConfigKeys (ConfUtils.java:logGet(43)) - raft.server.rpc.timeout.max = 5200ms (custom)
2019-09-27 09:52:14,363 [pool-37-thread-1] INFO  server.RaftServerConfigKeys (ConfUtils.java:logGet(43)) - raft.server.rpcslowness.timeout = 120s (custom)
2019-09-27 09:52:14,363 [pool-37-thread-1] INFO  server.RaftServerConfigKeys (ConfUtils.java:logGet(43)) - raft.server.sleep.deviation.threshold = 300 (default)
2019-09-27 09:52:14,363 [pool-37-thread-1] INFO  server.RaftServerConfigKeys (ConfUtils.java:logGet(43)) - raft.server.log.appender.install.snapshot.enabled = false (custom)
2019-09-27 09:52:14,363 [pool-37-thread-1] INFO  impl.RaftServerImpl (ServerState.java:<init>(103)) - 0fee10a5-7d4b-4467-97d3-f999a65962dc@group-553381D37694: ConfigurationManager, init=-1: [0fee10a5-7d4b-4467-97d3-f999a65962dc:192.168.151.103:44259], old=null, confs=<EMPTY_MAP>
2019-09-27 09:52:14,364 [pool-37-thread-1] INFO  server.RaftServerConfigKeys (ConfUtils.java:logGet(43)) - raft.server.storage.dir = [/workdir/hadoop-ozone/integration-test/target/test-dir/MiniOzoneClusterImpl-c7877029-e657-495a-8fe1-46207200c0e4/datanode-1/data/ratis] (custom)
2019-09-27 09:52:14,364 [pool-37-thread-1] INFO  storage.RaftStorageDirectory (RaftStorageDirectory.java:analyzeStorage(246)) - The storage directory /workdir/hadoop-ozone/integration-test/target/test-dir/MiniOzoneClusterImpl-c7877029-e657-495a-8fe1-46207200c0e4/datanode-1/data/ratis/31baa3f7-3cef-4ddb-a741-553381d37694 does not exist. Creating ...
2019-09-27 09:52:14,377 [pool-37-thread-1] INFO  storage.RaftStorageDirectory (RaftStorageDirectory.java:tryLock(328)) - Lock on /workdir/hadoop-ozone/integration-test/target/test-dir/MiniOzoneClusterImpl-c7877029-e657-495a-8fe1-46207200c0e4/datanode-1/data/ratis/31baa3f7-3cef-4ddb-a741-553381d37694/in_use.lock acquired by nodename 26505@pr-hdds2162-4fxhj-20988671
2019-09-27 09:52:14,389 [pool-37-thread-1] INFO  storage.RaftStorage (RaftStorage.java:format(72)) - Storage directory /workdir/hadoop-ozone/integration-test/target/test-dir/MiniOzoneClusterImpl-c7877029-e657-495a-8fe1-46207200c0e4/datanode-1/data/ratis/31baa3f7-3cef-4ddb-a741-553381d37694 has been successfully formatted.
2019-09-27 09:52:14,390 [pool-37-thread-1] INFO  ratis.ContainerStateMachine (ContainerStateMachine.java:loadSnapshot(230)) - group-553381D37694: The snapshot info is null. Setting the last applied indexto:(t:0, i:~)
2019-09-27 09:52:14,390 [pool-37-thread-1] INFO  server.RaftServerConfigKeys (ConfUtils.java:logGet(43)) - raft.server.notification.no-leader.timeout = 120s (custom)
2019-09-27 09:52:14,390 [pool-37-thread-1] INFO  server.RaftServerConfigKeys (ConfUtils.java:logGet(43)) - raft.server.log.use.memory = false (default)
2019-09-27 09:52:14,390 [pool-37-thread-1] INFO  server.RaftServerConfigKeys (ConfUtils.java:logGet(43)) - raft.server.log.purge.gap = 1000000 (custom)
2019-09-27 09:52:14,390 [pool-37-thread-1] INFO  server.RaftServerConfigKeys (ConfUtils.java:logGet(43)) - raft.server.log.appender.buffer.byte-limit = 33554432 (custom)
2019-09-27 09:52:14,390 [pool-37-thread-1] INFO  server.RaftServerConfigKeys (ConfUtils.java:logGet(43)) - raft.server.log.segment.size.max = 1048576 (custom)
2019-09-27 09:52:14,391 [pool-37-thread-1] INFO  server.RaftServerConfigKeys (ConfUtils.java:logGet(43)) - raft.server.log.segment.cache.num.max = 2 (custom)
2019-09-27 09:52:14,391 [pool-37-thread-1] INFO  segmented.SegmentedRaftLogWorker (SegmentedRaftLogWorker.java:<init>(172)) - new 0fee10a5-7d4b-4467-97d3-f999a65962dc@group-553381D37694-SegmentedRaftLogWorker for RaftStorage:Storage Directory /workdir/hadoop-ozone/integration-test/target/test-dir/MiniOzoneClusterImpl-c7877029-e657-495a-8fe1-46207200c0e4/datanode-1/data/ratis/31baa3f7-3cef-4ddb-a741-553381d37694
2019-09-27 09:52:14,394 [pool-37-thread-1] INFO  server.RaftServerConfigKeys (ConfUtils.java:logGet(43)) - raft.server.log.queue.byte-limit = 2147483647 (custom)
2019-09-27 09:52:14,394 [pool-37-thread-1] INFO  server.RaftServerConfigKeys (ConfUtils.java:logGet(43)) - raft.server.log.queue.element-limit = 1024 (custom)
2019-09-27 09:52:14,394 [pool-37-thread-1] INFO  server.RaftServerConfigKeys (ConfUtils.java:logGet(43)) - raft.server.log.segment.size.max = 1048576 (custom)
2019-09-27 09:52:14,394 [pool-37-thread-1] INFO  server.RaftServerConfigKeys (ConfUtils.java:logGet(43)) - raft.server.log.preallocated.size = 16384 (custom)
2019-09-27 09:52:14,394 [pool-37-thread-1] INFO  server.RaftServerConfigKeys (ConfUtils.java:logGet(43)) - raft.server.log.write.buffer.size = 33554432 (custom)
2019-09-27 09:52:14,394 [pool-37-thread-1] INFO  server.RaftServerConfigKeys (ConfUtils.java:logGet(43)) - raft.server.log.force.sync.num = 128 (default)
2019-09-27 09:52:14,394 [pool-37-thread-1] INFO  server.RaftServerConfigKeys (ConfUtils.java:logGet(43)) - raft.server.log.statemachine.data.sync = true (default)
2019-09-27 09:52:14,395 [pool-37-thread-1] INFO  server.RaftServerConfigKeys (ConfUtils.java:logGet(43)) - raft.server.log.statemachine.data.sync.timeout = 10s (default)
2019-09-27 09:52:14,395 [pool-37-thread-1] INFO  server.RaftServerConfigKeys (ConfUtils.java:logGet(43)) - raft.server.log.statemachine.data.sync.timeout.retry = -1 (default)
2019-09-27 09:52:14,395 [pool-37-thread-1] INFO  server.RaftServerConfigKeys (ConfUtils.java:logGet(43)) - raft.server.log.statemachine.data.caching.enabled = true (custom)
2019-09-27 09:52:14,395 [pool-37-thread-1] INFO  segmented.SegmentedRaftLogWorker (SegmentedRaftLogWorker.java:lambda$new$0(132)) - 0fee10a5-7d4b-4467-97d3-f999a65962dc@group-553381D37694-SegmentedRaftLogWorker: flushIndex: setUnconditionally 0 -> -1
2019-09-27 09:52:14,396 [pool-37-thread-1] INFO  server.RaftServerConfigKeys (ConfUtils.java:logGet(43)) - raft.server.snapshot.auto.trigger.enabled = true (custom)
2019-09-27 09:52:14,396 [pool-37-thread-1] INFO  server.RaftServerConfigKeys (ConfUtils.java:logGet(43)) - raft.server.snapshot.auto.trigger.threshold = 10000 (custom)
2019-09-27 09:52:14,396 [pool-37-thread-1] INFO  server.RaftServerConfigKeys (ConfUtils.java:logGet(43)) - raft.server.snapshot.retention.num.files = 5 (custom)
2019-09-27 09:52:14,396 [pool-37-thread-1] INFO  server.RaftServerConfigKeys (ConfUtils.java:logGet(43)) - raft.server.retrycache.expirytime = 600000ms (custom)
2019-09-27 09:52:14,399 [pool-37-thread-1] INFO  impl.RaftServerImpl (RaftServerImpl.java:start(185)) - 0fee10a5-7d4b-4467-97d3-f999a65962dc@group-553381D37694: start as a follower, conf=-1: [0fee10a5-7d4b-4467-97d3-f999a65962dc:192.168.151.103:44259], old=null
2019-09-27 09:52:14,399 [pool-37-thread-1] INFO  impl.RaftServerImpl (RaftServerImpl.java:setRole(174)) - 0fee10a5-7d4b-4467-97d3-f999a65962dc@group-553381D37694: changes role from      null to FOLLOWER at term 0 for startAsFollower
2019-09-27 09:52:14,399 [pool-37-thread-1] INFO  impl.RoleInfo (RoleInfo.java:updateAndGet(143)) - 0fee10a5-7d4b-4467-97d3-f999a65962dc: start FollowerState
2019-09-27 09:52:14,399 [pool-37-thread-1] INFO  util.JmxRegister (JmxRegister.java:tryRegister(44)) - Successfully registered JMX Bean with object name Ratis:service=RaftServer,group=group-553381D37694,id=0fee10a5-7d4b-4467-97d3-f999a65962dc
2019-09-27 09:52:14,421 [RatisPipelineUtilsThread] INFO  pipeline.PipelineStateManager (PipelineStateManager.java:addPipeline(56)) - Created pipeline Pipeline[ Id: 31baa3f7-3cef-4ddb-a741-553381d37694, Nodes: 0fee10a5-7d4b-4467-97d3-f999a65962dc{ip: 192.168.151.103, host: pr-hdds2162-4fxhj-20988671, networkLocation: /default-rack, certSerialId: null}, Type:RATIS, Factor:ONE, State:OPEN]
2019-09-27 09:52:14,429 [main] INFO  ozone.MiniOzoneClusterImpl (MiniOzoneClusterImpl.java:lambda$waitForClusterToBeReady$0(147)) - Cluster is ready. Got 10 of 10 DN Heartbeats.
2019-09-27 09:52:14,443 [grpc-default-executor-0] INFO  impl.RaftServerProxy (RaftServerProxy.java:addNew(89)) - 8ba5199e-bc13-4980-9432-390e97d7087b: addNew group-7CDA2380ABDE:[8ba5199e-bc13-4980-9432-390e97d7087b:192.168.151.103:46717] returns group-7CDA2380ABDE:java.util.concurrent.CompletableFuture@2557b951[Not completed]
2019-09-27 09:52:14,449 [pool-77-thread-1] INFO  impl.RaftServerImpl (RaftServerImpl.java:<init>(95)) - 8ba5199e-bc13-4980-9432-390e97d7087b: new RaftServerImpl for group-7CDA2380ABDE:[8ba5199e-bc13-4980-9432-390e97d7087b:192.168.151.103:46717] with ContainerStateMachine:uninitialized
2019-09-27 09:52:14,450 [pool-77-thread-1] INFO  server.RaftServerConfigKeys (ConfUtils.java:logGet(43)) - raft.server.rpc.timeout.min = 5s (custom)
2019-09-27 09:52:14,450 [pool-77-thread-1] INFO  server.RaftServerConfigKeys (ConfUtils.java:logGet(43)) - raft.server.rpc.timeout.max = 5200ms (custom)
2019-09-27 09:52:14,450 [pool-77-thread-1] INFO  server.RaftServerConfigKeys (ConfUtils.java:logGet(43)) - raft.server.rpcslowness.timeout = 120s (custom)
2019-09-27 09:52:14,450 [pool-77-thread-1] INFO  server.RaftServerConfigKeys (ConfUtils.java:logGet(43)) - raft.server.sleep.deviation.threshold = 300 (default)
2019-09-27 09:52:14,451 [pool-77-thread-1] INFO  server.RaftServerConfigKeys (ConfUtils.java:logGet(43)) - raft.server.log.appender.install.snapshot.enabled = false (custom)
2019-09-27 09:52:14,451 [pool-77-thread-1] INFO  impl.RaftServerImpl (ServerState.java:<init>(103)) - 8ba5199e-bc13-4980-9432-390e97d7087b@group-7CDA2380ABDE: ConfigurationManager, init=-1: [8ba5199e-bc13-4980-9432-390e97d7087b:192.168.151.103:46717], old=null, confs=<EMPTY_MAP>
2019-09-27 09:52:14,451 [pool-77-thread-1] INFO  server.RaftServerConfigKeys (ConfUtils.java:logGet(43)) - raft.server.storage.dir = [/workdir/hadoop-ozone/integration-test/target/test-dir/MiniOzoneClusterImpl-c7877029-e657-495a-8fe1-46207200c0e4/datanode-5/data/ratis] (custom)
2019-09-27 09:52:14,452 [pool-77-thread-1] INFO  storage.RaftStorageDirectory (RaftStorageDirectory.java:analyzeStorage(246)) - The storage directory /workdir/hadoop-ozone/integration-test/target/test-dir/MiniOzoneClusterImpl-c7877029-e657-495a-8fe1-46207200c0e4/datanode-5/data/ratis/27daf8c7-2ae9-4c8e-bd49-7cda2380abde does not exist. Creating ...
2019-09-27 09:52:14,465 [pool-77-thread-1] INFO  storage.RaftStorageDirectory (RaftStorageDirectory.java:tryLock(328)) - Lock on /workdir/hadoop-ozone/integration-test/target/test-dir/MiniOzoneClusterImpl-c7877029-e657-495a-8fe1-46207200c0e4/datanode-5/data/ratis/27daf8c7-2ae9-4c8e-bd49-7cda2380abde/in_use.lock acquired by nodename 26505@pr-hdds2162-4fxhj-20988671
2019-09-27 09:52:14,478 [pool-77-thread-1] INFO  storage.RaftStorage (RaftStorage.java:format(72)) - Storage directory /workdir/hadoop-ozone/integration-test/target/test-dir/MiniOzoneClusterImpl-c7877029-e657-495a-8fe1-46207200c0e4/datanode-5/data/ratis/27daf8c7-2ae9-4c8e-bd49-7cda2380abde has been successfully formatted.
2019-09-27 09:52:14,479 [pool-77-thread-1] INFO  ratis.ContainerStateMachine (ContainerStateMachine.java:loadSnapshot(230)) - group-7CDA2380ABDE: The snapshot info is null. Setting the last applied indexto:(t:0, i:~)
2019-09-27 09:52:14,479 [pool-77-thread-1] INFO  server.RaftServerConfigKeys (ConfUtils.java:logGet(43)) - raft.server.notification.no-leader.timeout = 120s (custom)
2019-09-27 09:52:14,479 [pool-77-thread-1] INFO  server.RaftServerConfigKeys (ConfUtils.java:logGet(43)) - raft.server.log.use.memory = false (default)
2019-09-27 09:52:14,479 [pool-77-thread-1] INFO  server.RaftServerConfigKeys (ConfUtils.java:logGet(43)) - raft.server.log.purge.gap = 1000000 (custom)
2019-09-27 09:52:14,479 [pool-77-thread-1] INFO  server.RaftServerConfigKeys (ConfUtils.java:logGet(43)) - raft.server.log.appender.buffer.byte-limit = 33554432 (custom)
2019-09-27 09:52:14,480 [pool-77-thread-1] INFO  server.RaftServerConfigKeys (ConfUtils.java:logGet(43)) - raft.server.log.segment.size.max = 1048576 (custom)
2019-09-27 09:52:14,480 [pool-77-thread-1] INFO  server.RaftServerConfigKeys (ConfUtils.java:logGet(43)) - raft.server.log.segment.cache.num.max = 2 (custom)
2019-09-27 09:52:14,480 [pool-77-thread-1] INFO  segmented.SegmentedRaftLogWorker (SegmentedRaftLogWorker.java:<init>(172)) - new 8ba5199e-bc13-4980-9432-390e97d7087b@group-7CDA2380ABDE-SegmentedRaftLogWorker for RaftStorage:Storage Directory /workdir/hadoop-ozone/integration-test/target/test-dir/MiniOzoneClusterImpl-c7877029-e657-495a-8fe1-46207200c0e4/datanode-5/data/ratis/27daf8c7-2ae9-4c8e-bd49-7cda2380abde
2019-09-27 09:52:14,483 [pool-77-thread-1] INFO  server.RaftServerConfigKeys (ConfUtils.java:logGet(43)) - raft.server.log.queue.byte-limit = 2147483647 (custom)
2019-09-27 09:52:14,483 [pool-77-thread-1] INFO  server.RaftServerConfigKeys (ConfUtils.java:logGet(43)) - raft.server.log.queue.element-limit = 1024 (custom)
2019-09-27 09:52:14,484 [pool-77-thread-1] INFO  server.RaftServerConfigKeys (ConfUtils.java:logGet(43)) - raft.server.log.segment.size.max = 1048576 (custom)
2019-09-27 09:52:14,484 [pool-77-thread-1] INFO  server.RaftServerConfigKeys (ConfUtils.java:logGet(43)) - raft.server.log.preallocated.size = 16384 (custom)
2019-09-27 09:52:14,484 [pool-77-thread-1] INFO  server.RaftServerConfigKeys (ConfUtils.java:logGet(43)) - raft.server.log.write.buffer.size = 33554432 (custom)
2019-09-27 09:52:14,484 [pool-77-thread-1] INFO  server.RaftServerConfigKeys (ConfUtils.java:logGet(43)) - raft.server.log.force.sync.num = 128 (default)
2019-09-27 09:52:14,484 [pool-77-thread-1] INFO  server.RaftServerConfigKeys (ConfUtils.java:logGet(43)) - raft.server.log.statemachine.data.sync = true (default)
2019-09-27 09:52:14,485 [pool-77-thread-1] INFO  server.RaftServerConfigKeys (ConfUtils.java:logGet(43)) - raft.server.log.statemachine.data.sync.timeout = 10s (default)
2019-09-27 09:52:14,485 [pool-77-thread-1] INFO  server.RaftServerConfigKeys (ConfUtils.java:logGet(43)) - raft.server.log.statemachine.data.sync.timeout.retry = -1 (default)
2019-09-27 09:52:14,485 [pool-77-thread-1] INFO  server.RaftServerConfigKeys (ConfUtils.java:logGet(43)) - raft.server.log.statemachine.data.caching.enabled = true (custom)
2019-09-27 09:52:14,486 [pool-77-thread-1] INFO  segmented.SegmentedRaftLogWorker (SegmentedRaftLogWorker.java:lambda$new$0(132)) - 8ba5199e-bc13-4980-9432-390e97d7087b@group-7CDA2380ABDE-SegmentedRaftLogWorker: flushIndex: setUnconditionally 0 -> -1
2019-09-27 09:52:14,486 [pool-77-thread-1] INFO  server.RaftServerConfigKeys (ConfUtils.java:logGet(43)) - raft.server.snapshot.auto.trigger.enabled = true (custom)
2019-09-27 09:52:14,486 [pool-77-thread-1] INFO  server.RaftServerConfigKeys (ConfUtils.java:logGet(43)) - raft.server.snapshot.auto.trigger.threshold = 10000 (custom)
2019-09-27 09:52:14,486 [pool-77-thread-1] INFO  server.RaftServerConfigKeys (ConfUtils.java:logGet(43)) - raft.server.snapshot.retention.num.files = 5 (custom)
2019-09-27 09:52:14,487 [pool-77-thread-1] INFO  server.RaftServerConfigKeys (ConfUtils.java:logGet(43)) - raft.server.retrycache.expirytime = 600000ms (custom)
2019-09-27 09:52:14,490 [pool-77-thread-1] INFO  impl.RaftServerImpl (RaftServerImpl.java:start(185)) - 8ba5199e-bc13-4980-9432-390e97d7087b@group-7CDA2380ABDE: start as a follower, conf=-1: [8ba5199e-bc13-4980-9432-390e97d7087b:192.168.151.103:46717], old=null
2019-09-27 09:52:14,490 [pool-77-thread-1] INFO  impl.RaftServerImpl (RaftServerImpl.java:setRole(174)) - 8ba5199e-bc13-4980-9432-390e97d7087b@group-7CDA2380ABDE: changes role from      null to FOLLOWER at term 0 for startAsFollower
2019-09-27 09:52:14,490 [pool-77-thread-1] INFO  impl.RoleInfo (RoleInfo.java:updateAndGet(143)) - 8ba5199e-bc13-4980-9432-390e97d7087b: start FollowerState
2019-09-27 09:52:14,490 [pool-77-thread-1] INFO  util.JmxRegister (JmxRegister.java:tryRegister(44)) - Successfully registered JMX Bean with object name Ratis:service=RaftServer,group=group-7CDA2380ABDE,id=8ba5199e-bc13-4980-9432-390e97d7087b
2019-09-27 09:52:14,515 [RatisPipelineUtilsThread] INFO  pipeline.PipelineStateManager (PipelineStateManager.java:addPipeline(56)) - Created pipeline Pipeline[ Id: 27daf8c7-2ae9-4c8e-bd49-7cda2380abde, Nodes: 8ba5199e-bc13-4980-9432-390e97d7087b{ip: 192.168.151.103, host: pr-hdds2162-4fxhj-20988671, networkLocation: /default-rack, certSerialId: null}, Type:RATIS, Factor:ONE, State:OPEN]
2019-09-27 09:52:14,540 [grpc-default-executor-0] INFO  impl.RaftServerProxy (RaftServerProxy.java:addNew(89)) - a8c068ea-62f3-4e92-8bab-cb78a32fa14d: addNew group-9C9B0540D405:[a8c068ea-62f3-4e92-8bab-cb78a32fa14d:192.168.151.103:40076] returns group-9C9B0540D405:java.util.concurrent.CompletableFuture@35805f9f[Not completed]
2019-09-27 09:52:14,546 [pool-47-thread-1] INFO  impl.RaftServerImpl (RaftServerImpl.java:<init>(95)) - a8c068ea-62f3-4e92-8bab-cb78a32fa14d: new RaftServerImpl for group-9C9B0540D405:[a8c068ea-62f3-4e92-8bab-cb78a32fa14d:192.168.151.103:40076] with ContainerStateMachine:uninitialized
2019-09-27 09:52:14,546 [pool-47-thread-1] INFO  server.RaftServerConfigKeys (ConfUtils.java:logGet(43)) - raft.server.rpc.timeout.min = 5s (custom)
2019-09-27 09:52:14,547 [pool-47-thread-1] INFO  server.RaftServerConfigKeys (ConfUtils.java:logGet(43)) - raft.server.rpc.timeout.max = 5200ms (custom)
2019-09-27 09:52:14,547 [pool-47-thread-1] INFO  server.RaftServerConfigKeys (ConfUtils.java:logGet(43)) - raft.server.rpcslowness.timeout = 120s (custom)
2019-09-27 09:52:14,547 [pool-47-thread-1] INFO  server.RaftServerConfigKeys (ConfUtils.java:logGet(43)) - raft.server.sleep.deviation.threshold = 300 (default)
2019-09-27 09:52:14,547 [pool-47-thread-1] INFO  server.RaftServerConfigKeys (ConfUtils.java:logGet(43)) - raft.server.log.appender.install.snapshot.enabled = false (custom)
2019-09-27 09:52:14,547 [pool-47-thread-1] INFO  impl.RaftServerImpl (ServerState.java:<init>(103)) - a8c068ea-62f3-4e92-8bab-cb78a32fa14d@group-9C9B0540D405: ConfigurationManager, init=-1: [a8c068ea-62f3-4e92-8bab-cb78a32fa14d:192.168.151.103:40076], old=null, confs=<EMPTY_MAP>
2019-09-27 09:52:14,547 [pool-47-thread-1] INFO  server.RaftServerConfigKeys (ConfUtils.java:logGet(43)) - raft.server.storage.dir = [/workdir/hadoop-ozone/integration-test/target/test-dir/MiniOzoneClusterImpl-c7877029-e657-495a-8fe1-46207200c0e4/datanode-2/data/ratis] (custom)
2019-09-27 09:52:14,548 [pool-47-thread-1] INFO  storage.RaftStorageDirectory (RaftStorageDirectory.java:analyzeStorage(246)) - The storage directory /workdir/hadoop-ozone/integration-test/target/test-dir/MiniOzoneClusterImpl-c7877029-e657-495a-8fe1-46207200c0e4/datanode-2/data/ratis/3c818e72-f179-405b-895e-9c9b0540d405 does not exist. Creating ...
2019-09-27 09:52:14,570 [pool-47-thread-1] INFO  storage.RaftStorageDirectory (RaftStorageDirectory.java:tryLock(328)) - Lock on /workdir/hadoop-ozone/integration-test/target/test-dir/MiniOzoneClusterImpl-c7877029-e657-495a-8fe1-46207200c0e4/datanode-2/data/ratis/3c818e72-f179-405b-895e-9c9b0540d405/in_use.lock acquired by nodename 26505@pr-hdds2162-4fxhj-20988671
2019-09-27 09:52:14,584 [pool-47-thread-1] INFO  storage.RaftStorage (RaftStorage.java:format(72)) - Storage directory /workdir/hadoop-ozone/integration-test/target/test-dir/MiniOzoneClusterImpl-c7877029-e657-495a-8fe1-46207200c0e4/datanode-2/data/ratis/3c818e72-f179-405b-895e-9c9b0540d405 has been successfully formatted.
2019-09-27 09:52:14,585 [pool-47-thread-1] INFO  ratis.ContainerStateMachine (ContainerStateMachine.java:loadSnapshot(230)) - group-9C9B0540D405: The snapshot info is null. Setting the last applied indexto:(t:0, i:~)
2019-09-27 09:52:14,585 [pool-47-thread-1] INFO  server.RaftServerConfigKeys (ConfUtils.java:logGet(43)) - raft.server.notification.no-leader.timeout = 120s (custom)
2019-09-27 09:52:14,585 [pool-47-thread-1] INFO  server.RaftServerConfigKeys (ConfUtils.java:logGet(43)) - raft.server.log.use.memory = false (default)
2019-09-27 09:52:14,585 [pool-47-thread-1] INFO  server.RaftServerConfigKeys (ConfUtils.java:logGet(43)) - raft.server.log.purge.gap = 1000000 (custom)
2019-09-27 09:52:14,586 [pool-47-thread-1] INFO  server.RaftServerConfigKeys (ConfUtils.java:logGet(43)) - raft.server.log.appender.buffer.byte-limit = 33554432 (custom)
2019-09-27 09:52:14,586 [pool-47-thread-1] INFO  server.RaftServerConfigKeys (ConfUtils.java:logGet(43)) - raft.server.log.segment.size.max = 1048576 (custom)
2019-09-27 09:52:14,586 [pool-47-thread-1] INFO  server.RaftServerConfigKeys (ConfUtils.java:logGet(43)) - raft.server.log.segment.cache.num.max = 2 (custom)
2019-09-27 09:52:14,586 [pool-47-thread-1] INFO  segmented.SegmentedRaftLogWorker (SegmentedRaftLogWorker.java:<init>(172)) - new a8c068ea-62f3-4e92-8bab-cb78a32fa14d@group-9C9B0540D405-SegmentedRaftLogWorker for RaftStorage:Storage Directory /workdir/hadoop-ozone/integration-test/target/test-dir/MiniOzoneClusterImpl-c7877029-e657-495a-8fe1-46207200c0e4/datanode-2/data/ratis/3c818e72-f179-405b-895e-9c9b0540d405
2019-09-27 09:52:14,589 [pool-47-thread-1] INFO  server.RaftServerConfigKeys (ConfUtils.java:logGet(43)) - raft.server.log.queue.byte-limit = 2147483647 (custom)
2019-09-27 09:52:14,589 [pool-47-thread-1] INFO  server.RaftServerConfigKeys (ConfUtils.java:logGet(43)) - raft.server.log.queue.element-limit = 1024 (custom)
2019-09-27 09:52:14,589 [pool-47-thread-1] INFO  server.RaftServerConfigKeys (ConfUtils.java:logGet(43)) - raft.server.log.segment.size.max = 1048576 (custom)
2019-09-27 09:52:14,589 [pool-47-thread-1] INFO  server.RaftServerConfigKeys (ConfUtils.java:logGet(43)) - raft.server.log.preallocated.size = 16384 (custom)
2019-09-27 09:52:14,589 [pool-47-thread-1] INFO  server.RaftServerConfigKeys (ConfUtils.java:logGet(43)) - raft.server.log.write.buffer.size = 33554432 (custom)
2019-09-27 09:52:14,589 [pool-47-thread-1] INFO  server.RaftServerConfigKeys (ConfUtils.java:logGet(43)) - raft.server.log.force.sync.num = 128 (default)
2019-09-27 09:52:14,590 [pool-47-thread-1] INFO  server.RaftServerConfigKeys (ConfUtils.java:logGet(43)) - raft.server.log.statemachine.data.sync = true (default)
2019-09-27 09:52:14,590 [pool-47-thread-1] INFO  server.RaftServerConfigKeys (ConfUtils.java:logGet(43)) - raft.server.log.statemachine.data.sync.timeout = 10s (default)
2019-09-27 09:52:14,590 [pool-47-thread-1] INFO  server.RaftServerConfigKeys (ConfUtils.java:logGet(43)) - raft.server.log.statemachine.data.sync.timeout.retry = -1 (default)
2019-09-27 09:52:14,590 [pool-47-thread-1] INFO  server.RaftServerConfigKeys (ConfUtils.java:logGet(43)) - raft.server.log.statemachine.data.caching.enabled = true (custom)
2019-09-27 09:52:14,591 [pool-47-thread-1] INFO  segmented.SegmentedRaftLogWorker (SegmentedRaftLogWorker.java:lambda$new$0(132)) - a8c068ea-62f3-4e92-8bab-cb78a32fa14d@group-9C9B0540D405-SegmentedRaftLogWorker: flushIndex: setUnconditionally 0 -> -1
2019-09-27 09:52:14,591 [pool-47-thread-1] INFO  server.RaftServerConfigKeys (ConfUtils.java:logGet(43)) - raft.server.snapshot.auto.trigger.enabled = true (custom)
2019-09-27 09:52:14,591 [pool-47-thread-1] INFO  server.RaftServerConfigKeys (ConfUtils.java:logGet(43)) - raft.server.snapshot.auto.trigger.threshold = 10000 (custom)
2019-09-27 09:52:14,591 [pool-47-thread-1] INFO  server.RaftServerConfigKeys (ConfUtils.java:logGet(43)) - raft.server.snapshot.retention.num.files = 5 (custom)
2019-09-27 09:52:14,591 [pool-47-thread-1] INFO  server.RaftServerConfigKeys (ConfUtils.java:logGet(43)) - raft.server.retrycache.expirytime = 600000ms (custom)
2019-09-27 09:52:14,598 [pool-47-thread-1] INFO  impl.RaftServerImpl (RaftServerImpl.java:start(185)) - a8c068ea-62f3-4e92-8bab-cb78a32fa14d@group-9C9B0540D405: start as a follower, conf=-1: [a8c068ea-62f3-4e92-8bab-cb78a32fa14d:192.168.151.103:40076], old=null
2019-09-27 09:52:14,598 [pool-47-thread-1] INFO  impl.RaftServerImpl (RaftServerImpl.java:setRole(174)) - a8c068ea-62f3-4e92-8bab-cb78a32fa14d@group-9C9B0540D405: changes role from      null to FOLLOWER at term 0 for startAsFollower
2019-09-27 09:52:14,598 [pool-47-thread-1] INFO  impl.RoleInfo (RoleInfo.java:updateAndGet(143)) - a8c068ea-62f3-4e92-8bab-cb78a32fa14d: start FollowerState
2019-09-27 09:52:14,598 [pool-47-thread-1] INFO  util.JmxRegister (JmxRegister.java:tryRegister(44)) - Successfully registered JMX Bean with object name Ratis:service=RaftServer,group=group-9C9B0540D405,id=a8c068ea-62f3-4e92-8bab-cb78a32fa14d
2019-09-27 09:52:14,619 [RatisPipelineUtilsThread] INFO  pipeline.PipelineStateManager (PipelineStateManager.java:addPipeline(56)) - Created pipeline Pipeline[ Id: 3c818e72-f179-405b-895e-9c9b0540d405, Nodes: a8c068ea-62f3-4e92-8bab-cb78a32fa14d{ip: 192.168.151.103, host: pr-hdds2162-4fxhj-20988671, networkLocation: /default-rack, certSerialId: null}, Type:RATIS, Factor:ONE, State:OPEN]
2019-09-27 09:52:14,639 [grpc-default-executor-0] INFO  impl.RaftServerProxy (RaftServerProxy.java:addNew(89)) - 4086c8fe-6833-427c-bdb8-ba1cab517569: addNew group-8B5477225189:[4086c8fe-6833-427c-bdb8-ba1cab517569:192.168.151.103:39661] returns group-8B5477225189:java.util.concurrent.CompletableFuture@621ef2b[Not completed]
2019-09-27 09:52:14,646 [pool-117-thread-1] INFO  impl.RaftServerImpl (RaftServerImpl.java:<init>(95)) - 4086c8fe-6833-427c-bdb8-ba1cab517569: new RaftServerImpl for group-8B5477225189:[4086c8fe-6833-427c-bdb8-ba1cab517569:192.168.151.103:39661] with ContainerStateMachine:uninitialized
2019-09-27 09:52:14,646 [pool-117-thread-1] INFO  server.RaftServerConfigKeys (ConfUtils.java:logGet(43)) - raft.server.rpc.timeout.min = 5s (custom)
2019-09-27 09:52:14,646 [pool-117-thread-1] INFO  server.RaftServerConfigKeys (ConfUtils.java:logGet(43)) - raft.server.rpc.timeout.max = 5200ms (custom)
2019-09-27 09:52:14,646 [pool-117-thread-1] INFO  server.RaftServerConfigKeys (ConfUtils.java:logGet(43)) - raft.server.rpcslowness.timeout = 120s (custom)
2019-09-27 09:52:14,646 [pool-117-thread-1] INFO  server.RaftServerConfigKeys (ConfUtils.java:logGet(43)) - raft.server.sleep.deviation.threshold = 300 (default)
2019-09-27 09:52:14,647 [pool-117-thread-1] INFO  server.RaftServerConfigKeys (ConfUtils.java:logGet(43)) - raft.server.log.appender.install.snapshot.enabled = false (custom)
2019-09-27 09:52:14,647 [pool-117-thread-1] INFO  impl.RaftServerImpl (ServerState.java:<init>(103)) - 4086c8fe-6833-427c-bdb8-ba1cab517569@group-8B5477225189: ConfigurationManager, init=-1: [4086c8fe-6833-427c-bdb8-ba1cab517569:192.168.151.103:39661], old=null, confs=<EMPTY_MAP>
2019-09-27 09:52:14,647 [pool-117-thread-1] INFO  server.RaftServerConfigKeys (ConfUtils.java:logGet(43)) - raft.server.storage.dir = [/workdir/hadoop-ozone/integration-test/target/test-dir/MiniOzoneClusterImpl-c7877029-e657-495a-8fe1-46207200c0e4/datanode-9/data/ratis] (custom)
2019-09-27 09:52:14,648 [pool-117-thread-1] INFO  storage.RaftStorageDirectory (RaftStorageDirectory.java:analyzeStorage(246)) - The storage directory /workdir/hadoop-ozone/integration-test/target/test-dir/MiniOzoneClusterImpl-c7877029-e657-495a-8fe1-46207200c0e4/datanode-9/data/ratis/e9eea482-6cba-482a-ab20-8b5477225189 does not exist. Creating ...
2019-09-27 09:52:14,669 [pool-117-thread-1] INFO  storage.RaftStorageDirectory (RaftStorageDirectory.java:tryLock(328)) - Lock on /workdir/hadoop-ozone/integration-test/target/test-dir/MiniOzoneClusterImpl-c7877029-e657-495a-8fe1-46207200c0e4/datanode-9/data/ratis/e9eea482-6cba-482a-ab20-8b5477225189/in_use.lock acquired by nodename 26505@pr-hdds2162-4fxhj-20988671
2019-09-27 09:52:14,682 [pool-117-thread-1] INFO  storage.RaftStorage (RaftStorage.java:format(72)) - Storage directory /workdir/hadoop-ozone/integration-test/target/test-dir/MiniOzoneClusterImpl-c7877029-e657-495a-8fe1-46207200c0e4/datanode-9/data/ratis/e9eea482-6cba-482a-ab20-8b5477225189 has been successfully formatted.
2019-09-27 09:52:14,682 [pool-117-thread-1] INFO  ratis.ContainerStateMachine (ContainerStateMachine.java:loadSnapshot(230)) - group-8B5477225189: The snapshot info is null. Setting the last applied indexto:(t:0, i:~)
2019-09-27 09:52:14,682 [pool-117-thread-1] INFO  server.RaftServerConfigKeys (ConfUtils.java:logGet(43)) - raft.server.notification.no-leader.timeout = 120s (custom)
2019-09-27 09:52:14,683 [pool-117-thread-1] INFO  server.RaftServerConfigKeys (ConfUtils.java:logGet(43)) - raft.server.log.use.memory = false (default)
2019-09-27 09:52:14,683 [pool-117-thread-1] INFO  server.RaftServerConfigKeys (ConfUtils.java:logGet(43)) - raft.server.log.purge.gap = 1000000 (custom)
2019-09-27 09:52:14,686 [pool-117-thread-1] INFO  server.RaftServerConfigKeys (ConfUtils.java:logGet(43)) - raft.server.log.appender.buffer.byte-limit = 33554432 (custom)
2019-09-27 09:52:14,686 [pool-117-thread-1] INFO  server.RaftServerConfigKeys (ConfUtils.java:logGet(43)) - raft.server.log.segment.size.max = 1048576 (custom)
2019-09-27 09:52:14,686 [pool-117-thread-1] INFO  server.RaftServerConfigKeys (ConfUtils.java:logGet(43)) - raft.server.log.segment.cache.num.max = 2 (custom)
2019-09-27 09:52:14,686 [pool-117-thread-1] INFO  segmented.SegmentedRaftLogWorker (SegmentedRaftLogWorker.java:<init>(172)) - new 4086c8fe-6833-427c-bdb8-ba1cab517569@group-8B5477225189-SegmentedRaftLogWorker for RaftStorage:Storage Directory /workdir/hadoop-ozone/integration-test/target/test-dir/MiniOzoneClusterImpl-c7877029-e657-495a-8fe1-46207200c0e4/datanode-9/data/ratis/e9eea482-6cba-482a-ab20-8b5477225189
2019-09-27 09:52:14,689 [pool-117-thread-1] INFO  server.RaftServerConfigKeys (ConfUtils.java:logGet(43)) - raft.server.log.queue.byte-limit = 2147483647 (custom)
2019-09-27 09:52:14,689 [pool-117-thread-1] INFO  server.RaftServerConfigKeys (ConfUtils.java:logGet(43)) - raft.server.log.queue.element-limit = 1024 (custom)
2019-09-27 09:52:14,689 [pool-117-thread-1] INFO  server.RaftServerConfigKeys (ConfUtils.java:logGet(43)) - raft.server.log.segment.size.max = 1048576 (custom)
2019-09-27 09:52:14,689 [pool-117-thread-1] INFO  server.RaftServerConfigKeys (ConfUtils.java:logGet(43)) - raft.server.log.preallocated.size = 16384 (custom)
2019-09-27 09:52:14,689 [pool-117-thread-1] INFO  server.RaftServerConfigKeys (ConfUtils.java:logGet(43)) - raft.server.log.write.buffer.size = 33554432 (custom)
2019-09-27 09:52:14,690 [pool-117-thread-1] INFO  server.RaftServerConfigKeys (ConfUtils.java:logGet(43)) - raft.server.log.force.sync.num = 128 (default)
2019-09-27 09:52:14,690 [pool-117-thread-1] INFO  server.RaftServerConfigKeys (ConfUtils.java:logGet(43)) - raft.server.log.statemachine.data.sync = true (default)
2019-09-27 09:52:14,690 [pool-117-thread-1] INFO  server.RaftServerConfigKeys (ConfUtils.java:logGet(43)) - raft.server.log.statemachine.data.sync.timeout = 10s (default)
2019-09-27 09:52:14,690 [pool-117-thread-1] INFO  server.RaftServerConfigKeys (ConfUtils.java:logGet(43)) - raft.server.log.statemachine.data.sync.timeout.retry = -1 (default)
2019-09-27 09:52:14,690 [pool-117-thread-1] INFO  server.RaftServerConfigKeys (ConfUtils.java:logGet(43)) - raft.server.log.statemachine.data.caching.enabled = true (custom)
2019-09-27 09:52:14,691 [pool-117-thread-1] INFO  segmented.SegmentedRaftLogWorker (SegmentedRaftLogWorker.java:lambda$new$0(132)) - 4086c8fe-6833-427c-bdb8-ba1cab517569@group-8B5477225189-SegmentedRaftLogWorker: flushIndex: setUnconditionally 0 -> -1
2019-09-27 09:52:14,691 [pool-117-thread-1] INFO  server.RaftServerConfigKeys (ConfUtils.java:logGet(43)) - raft.server.snapshot.auto.trigger.enabled = true (custom)
2019-09-27 09:52:14,691 [pool-117-thread-1] INFO  server.RaftServerConfigKeys (ConfUtils.java:logGet(43)) - raft.server.snapshot.auto.trigger.threshold = 10000 (custom)
2019-09-27 09:52:14,691 [pool-117-thread-1] INFO  server.RaftServerConfigKeys (ConfUtils.java:logGet(43)) - raft.server.snapshot.retention.num.files = 5 (custom)
2019-09-27 09:52:14,692 [pool-117-thread-1] INFO  server.RaftServerConfigKeys (ConfUtils.java:logGet(43)) - raft.server.retrycache.expirytime = 600000ms (custom)
2019-09-27 09:52:14,694 [pool-117-thread-1] INFO  impl.RaftServerImpl (RaftServerImpl.java:start(185)) - 4086c8fe-6833-427c-bdb8-ba1cab517569@group-8B5477225189: start as a follower, conf=-1: [4086c8fe-6833-427c-bdb8-ba1cab517569:192.168.151.103:39661], old=null
2019-09-27 09:52:14,694 [pool-117-thread-1] INFO  impl.RaftServerImpl (RaftServerImpl.java:setRole(174)) - 4086c8fe-6833-427c-bdb8-ba1cab517569@group-8B5477225189: changes role from      null to FOLLOWER at term 0 for startAsFollower
2019-09-27 09:52:14,695 [pool-117-thread-1] INFO  impl.RoleInfo (RoleInfo.java:updateAndGet(143)) - 4086c8fe-6833-427c-bdb8-ba1cab517569: start FollowerState
2019-09-27 09:52:14,695 [pool-117-thread-1] INFO  util.JmxRegister (JmxRegister.java:tryRegister(44)) - Successfully registered JMX Bean with object name Ratis:service=RaftServer,group=group-8B5477225189,id=4086c8fe-6833-427c-bdb8-ba1cab517569
2019-09-27 09:52:14,726 [RatisPipelineUtilsThread] INFO  pipeline.PipelineStateManager (PipelineStateManager.java:addPipeline(56)) - Created pipeline Pipeline[ Id: e9eea482-6cba-482a-ab20-8b5477225189, Nodes: 4086c8fe-6833-427c-bdb8-ba1cab517569{ip: 192.168.151.103, host: pr-hdds2162-4fxhj-20988671, networkLocation: /default-rack, certSerialId: null}, Type:RATIS, Factor:ONE, State:OPEN]
2019-09-27 09:52:14,756 [grpc-default-executor-0] INFO  impl.RaftServerProxy (RaftServerProxy.java:addNew(89)) - baeaf05a-69cc-4109-9f00-d2ee9c955770: addNew group-379BF1F252DF:[baeaf05a-69cc-4109-9f00-d2ee9c955770:192.168.151.103:34746] returns group-379BF1F252DF:java.util.concurrent.CompletableFuture@71a626ba[Not completed]
2019-09-27 09:52:14,777 [pool-87-thread-1] INFO  impl.RaftServerImpl (RaftServerImpl.java:<init>(95)) - baeaf05a-69cc-4109-9f00-d2ee9c955770: new RaftServerImpl for group-379BF1F252DF:[baeaf05a-69cc-4109-9f00-d2ee9c955770:192.168.151.103:34746] with ContainerStateMachine:uninitialized
2019-09-27 09:52:14,777 [pool-87-thread-1] INFO  server.RaftServerConfigKeys (ConfUtils.java:logGet(43)) - raft.server.rpc.timeout.min = 5s (custom)
2019-09-27 09:52:14,777 [pool-87-thread-1] INFO  server.RaftServerConfigKeys (ConfUtils.java:logGet(43)) - raft.server.rpc.timeout.max = 5200ms (custom)
2019-09-27 09:52:14,780 [pool-87-thread-1] INFO  server.RaftServerConfigKeys (ConfUtils.java:logGet(43)) - raft.server.rpcslowness.timeout = 120s (custom)
2019-09-27 09:52:14,780 [pool-87-thread-1] INFO  server.RaftServerConfigKeys (ConfUtils.java:logGet(43)) - raft.server.sleep.deviation.threshold = 300 (default)
2019-09-27 09:52:14,780 [pool-87-thread-1] INFO  server.RaftServerConfigKeys (ConfUtils.java:logGet(43)) - raft.server.log.appender.install.snapshot.enabled = false (custom)
2019-09-27 09:52:14,780 [pool-87-thread-1] INFO  impl.RaftServerImpl (ServerState.java:<init>(103)) - baeaf05a-69cc-4109-9f00-d2ee9c955770@group-379BF1F252DF: ConfigurationManager, init=-1: [baeaf05a-69cc-4109-9f00-d2ee9c955770:192.168.151.103:34746], old=null, confs=<EMPTY_MAP>
2019-09-27 09:52:14,781 [pool-87-thread-1] INFO  server.RaftServerConfigKeys (ConfUtils.java:logGet(43)) - raft.server.storage.dir = [/workdir/hadoop-ozone/integration-test/target/test-dir/MiniOzoneClusterImpl-c7877029-e657-495a-8fe1-46207200c0e4/datanode-6/data/ratis] (custom)
2019-09-27 09:52:14,781 [pool-87-thread-1] INFO  storage.RaftStorageDirectory (RaftStorageDirectory.java:analyzeStorage(246)) - The storage directory /workdir/hadoop-ozone/integration-test/target/test-dir/MiniOzoneClusterImpl-c7877029-e657-495a-8fe1-46207200c0e4/datanode-6/data/ratis/e14d4bb0-adcd-472f-85a0-379bf1f252df does not exist. Creating ...
2019-09-27 09:52:14,802 [pool-87-thread-1] INFO  storage.RaftStorageDirectory (RaftStorageDirectory.java:tryLock(328)) - Lock on /workdir/hadoop-ozone/integration-test/target/test-dir/MiniOzoneClusterImpl-c7877029-e657-495a-8fe1-46207200c0e4/datanode-6/data/ratis/e14d4bb0-adcd-472f-85a0-379bf1f252df/in_use.lock acquired by nodename 26505@pr-hdds2162-4fxhj-20988671
2019-09-27 09:52:14,824 [pool-87-thread-1] INFO  storage.RaftStorage (RaftStorage.java:format(72)) - Storage directory /workdir/hadoop-ozone/integration-test/target/test-dir/MiniOzoneClusterImpl-c7877029-e657-495a-8fe1-46207200c0e4/datanode-6/data/ratis/e14d4bb0-adcd-472f-85a0-379bf1f252df has been successfully formatted.
2019-09-27 09:52:14,824 [pool-87-thread-1] INFO  ratis.ContainerStateMachine (ContainerStateMachine.java:loadSnapshot(230)) - group-379BF1F252DF: The snapshot info is null. Setting the last applied indexto:(t:0, i:~)
2019-09-27 09:52:14,824 [pool-87-thread-1] INFO  server.RaftServerConfigKeys (ConfUtils.java:logGet(43)) - raft.server.notification.no-leader.timeout = 120s (custom)
2019-09-27 09:52:14,824 [pool-87-thread-1] INFO  server.RaftServerConfigKeys (ConfUtils.java:logGet(43)) - raft.server.log.use.memory = false (default)
2019-09-27 09:52:14,825 [pool-87-thread-1] INFO  server.RaftServerConfigKeys (ConfUtils.java:logGet(43)) - raft.server.log.purge.gap = 1000000 (custom)
2019-09-27 09:52:14,825 [pool-87-thread-1] INFO  server.RaftServerConfigKeys (ConfUtils.java:logGet(43)) - raft.server.log.appender.buffer.byte-limit = 33554432 (custom)
2019-09-27 09:52:14,825 [pool-87-thread-1] INFO  server.RaftServerConfigKeys (ConfUtils.java:logGet(43)) - raft.server.log.segment.size.max = 1048576 (custom)
2019-09-27 09:52:14,825 [pool-87-thread-1] INFO  server.RaftServerConfigKeys (ConfUtils.java:logGet(43)) - raft.server.log.segment.cache.num.max = 2 (custom)
2019-09-27 09:52:14,825 [pool-87-thread-1] INFO  segmented.SegmentedRaftLogWorker (SegmentedRaftLogWorker.java:<init>(172)) - new baeaf05a-69cc-4109-9f00-d2ee9c955770@group-379BF1F252DF-SegmentedRaftLogWorker for RaftStorage:Storage Directory /workdir/hadoop-ozone/integration-test/target/test-dir/MiniOzoneClusterImpl-c7877029-e657-495a-8fe1-46207200c0e4/datanode-6/data/ratis/e14d4bb0-adcd-472f-85a0-379bf1f252df
2019-09-27 09:52:14,828 [pool-87-thread-1] INFO  server.RaftServerConfigKeys (ConfUtils.java:logGet(43)) - raft.server.log.queue.byte-limit = 2147483647 (custom)
2019-09-27 09:52:14,828 [pool-87-thread-1] INFO  server.RaftServerConfigKeys (ConfUtils.java:logGet(43)) - raft.server.log.queue.element-limit = 1024 (custom)
2019-09-27 09:52:14,828 [pool-87-thread-1] INFO  server.RaftServerConfigKeys (ConfUtils.java:logGet(43)) - raft.server.log.segment.size.max = 1048576 (custom)
2019-09-27 09:52:14,828 [pool-87-thread-1] INFO  server.RaftServerConfigKeys (ConfUtils.java:logGet(43)) - raft.server.log.preallocated.size = 16384 (custom)
2019-09-27 09:52:14,829 [pool-87-thread-1] INFO  server.RaftServerConfigKeys (ConfUtils.java:logGet(43)) - raft.server.log.write.buffer.size = 33554432 (custom)
2019-09-27 09:52:14,829 [pool-87-thread-1] INFO  server.RaftServerConfigKeys (ConfUtils.java:logGet(43)) - raft.server.log.force.sync.num = 128 (default)
2019-09-27 09:52:14,829 [pool-87-thread-1] INFO  server.RaftServerConfigKeys (ConfUtils.java:logGet(43)) - raft.server.log.statemachine.data.sync = true (default)
2019-09-27 09:52:14,829 [pool-87-thread-1] INFO  server.RaftServerConfigKeys (ConfUtils.java:logGet(43)) - raft.server.log.statemachine.data.sync.timeout = 10s (default)
2019-09-27 09:52:14,829 [pool-87-thread-1] INFO  server.RaftServerConfigKeys (ConfUtils.java:logGet(43)) - raft.server.log.statemachine.data.sync.timeout.retry = -1 (default)
2019-09-27 09:52:14,830 [pool-87-thread-1] INFO  server.RaftServerConfigKeys (ConfUtils.java:logGet(43)) - raft.server.log.statemachine.data.caching.enabled = true (custom)
2019-09-27 09:52:14,830 [pool-87-thread-1] INFO  segmented.SegmentedRaftLogWorker (SegmentedRaftLogWorker.java:lambda$new$0(132)) - baeaf05a-69cc-4109-9f00-d2ee9c955770@group-379BF1F252DF-SegmentedRaftLogWorker: flushIndex: setUnconditionally 0 -> -1
2019-09-27 09:52:14,830 [pool-87-thread-1] INFO  server.RaftServerConfigKeys (ConfUtils.java:logGet(43)) - raft.server.snapshot.auto.trigger.enabled = true (custom)
2019-09-27 09:52:14,830 [pool-87-thread-1] INFO  server.RaftServerConfigKeys (ConfUtils.java:logGet(43)) - raft.server.snapshot.auto.trigger.threshold = 10000 (custom)
2019-09-27 09:52:14,830 [pool-87-thread-1] INFO  server.RaftServerConfigKeys (ConfUtils.java:logGet(43)) - raft.server.snapshot.retention.num.files = 5 (custom)
2019-09-27 09:52:14,831 [pool-87-thread-1] INFO  server.RaftServerConfigKeys (ConfUtils.java:logGet(43)) - raft.server.retrycache.expirytime = 600000ms (custom)
2019-09-27 09:52:14,833 [pool-87-thread-1] INFO  impl.RaftServerImpl (RaftServerImpl.java:start(185)) - baeaf05a-69cc-4109-9f00-d2ee9c955770@group-379BF1F252DF: start as a follower, conf=-1: [baeaf05a-69cc-4109-9f00-d2ee9c955770:192.168.151.103:34746], old=null
2019-09-27 09:52:14,833 [pool-87-thread-1] INFO  impl.RaftServerImpl (RaftServerImpl.java:setRole(174)) - baeaf05a-69cc-4109-9f00-d2ee9c955770@group-379BF1F252DF: changes role from      null to FOLLOWER at term 0 for startAsFollower
2019-09-27 09:52:14,833 [pool-87-thread-1] INFO  impl.RoleInfo (RoleInfo.java:updateAndGet(143)) - baeaf05a-69cc-4109-9f00-d2ee9c955770: start FollowerState
2019-09-27 09:52:14,834 [pool-87-thread-1] INFO  util.JmxRegister (JmxRegister.java:tryRegister(44)) - Successfully registered JMX Bean with object name Ratis:service=RaftServer,group=group-379BF1F252DF,id=baeaf05a-69cc-4109-9f00-d2ee9c955770
2019-09-27 09:52:14,852 [RatisPipelineUtilsThread] INFO  pipeline.PipelineStateManager (PipelineStateManager.java:addPipeline(56)) - Created pipeline Pipeline[ Id: e14d4bb0-adcd-472f-85a0-379bf1f252df, Nodes: baeaf05a-69cc-4109-9f00-d2ee9c955770{ip: 192.168.151.103, host: pr-hdds2162-4fxhj-20988671, networkLocation: /default-rack, certSerialId: null}, Type:RATIS, Factor:ONE, State:OPEN]
2019-09-27 09:52:14,894 [grpc-default-executor-1] INFO  impl.RaftServerProxy (RaftServerProxy.java:addNew(89)) - fb4382cd-aae1-4392-b31d-66bc5152045f: addNew group-E732014F1250:[68fd3f2f-bb68-4e1b-9abe-e06c598958dc:192.168.151.103:43348, 1c6b6583-b7e4-4fe6-bf06-d800234747df:192.168.151.103:46229, fb4382cd-aae1-4392-b31d-66bc5152045f:192.168.151.103:46794] returns group-E732014F1250:java.util.concurrent.CompletableFuture@d5253a5[Not completed]
2019-09-27 09:52:14,894 [grpc-default-executor-2] INFO  impl.RaftServerProxy (RaftServerProxy.java:addNew(89)) - 68fd3f2f-bb68-4e1b-9abe-e06c598958dc: addNew group-E732014F1250:[68fd3f2f-bb68-4e1b-9abe-e06c598958dc:192.168.151.103:43348, 1c6b6583-b7e4-4fe6-bf06-d800234747df:192.168.151.103:46229, fb4382cd-aae1-4392-b31d-66bc5152045f:192.168.151.103:46794] returns group-E732014F1250:java.util.concurrent.CompletableFuture@750cbfd1[Not completed]
2019-09-27 09:52:14,899 [grpc-default-executor-1] INFO  impl.RaftServerProxy (RaftServerProxy.java:addNew(89)) - 1c6b6583-b7e4-4fe6-bf06-d800234747df: addNew group-E732014F1250:[68fd3f2f-bb68-4e1b-9abe-e06c598958dc:192.168.151.103:43348, 1c6b6583-b7e4-4fe6-bf06-d800234747df:192.168.151.103:46229, fb4382cd-aae1-4392-b31d-66bc5152045f:192.168.151.103:46794] returns group-E732014F1250:java.util.concurrent.CompletableFuture@4c6f599e[Not completed]
2019-09-27 09:52:14,901 [pool-27-thread-1] INFO  impl.RaftServerImpl (RaftServerImpl.java:<init>(95)) - 68fd3f2f-bb68-4e1b-9abe-e06c598958dc: new RaftServerImpl for group-E732014F1250:[68fd3f2f-bb68-4e1b-9abe-e06c598958dc:192.168.151.103:43348, 1c6b6583-b7e4-4fe6-bf06-d800234747df:192.168.151.103:46229, fb4382cd-aae1-4392-b31d-66bc5152045f:192.168.151.103:46794] with ContainerStateMachine:uninitialized
2019-09-27 09:52:14,901 [pool-27-thread-1] INFO  server.RaftServerConfigKeys (ConfUtils.java:logGet(43)) - raft.server.rpc.timeout.min = 5s (custom)
2019-09-27 09:52:14,901 [pool-27-thread-1] INFO  server.RaftServerConfigKeys (ConfUtils.java:logGet(43)) - raft.server.rpc.timeout.max = 5200ms (custom)
2019-09-27 09:52:14,901 [pool-27-thread-1] INFO  server.RaftServerConfigKeys (ConfUtils.java:logGet(43)) - raft.server.rpcslowness.timeout = 120s (custom)
2019-09-27 09:52:14,902 [pool-27-thread-1] INFO  server.RaftServerConfigKeys (ConfUtils.java:logGet(43)) - raft.server.sleep.deviation.threshold = 300 (default)
2019-09-27 09:52:14,902 [pool-27-thread-1] INFO  server.RaftServerConfigKeys (ConfUtils.java:logGet(43)) - raft.server.log.appender.install.snapshot.enabled = false (custom)
2019-09-27 09:52:14,902 [pool-57-thread-1] INFO  impl.RaftServerImpl (RaftServerImpl.java:<init>(95)) - fb4382cd-aae1-4392-b31d-66bc5152045f: new RaftServerImpl for group-E732014F1250:[68fd3f2f-bb68-4e1b-9abe-e06c598958dc:192.168.151.103:43348, 1c6b6583-b7e4-4fe6-bf06-d800234747df:192.168.151.103:46229, fb4382cd-aae1-4392-b31d-66bc5152045f:192.168.151.103:46794] with ContainerStateMachine:uninitialized
2019-09-27 09:52:14,902 [pool-27-thread-1] INFO  impl.RaftServerImpl (ServerState.java:<init>(103)) - 68fd3f2f-bb68-4e1b-9abe-e06c598958dc@group-E732014F1250: ConfigurationManager, init=-1: [68fd3f2f-bb68-4e1b-9abe-e06c598958dc:192.168.151.103:43348, 1c6b6583-b7e4-4fe6-bf06-d800234747df:192.168.151.103:46229, fb4382cd-aae1-4392-b31d-66bc5152045f:192.168.151.103:46794], old=null, confs=<EMPTY_MAP>
2019-09-27 09:52:14,902 [pool-57-thread-1] INFO  server.RaftServerConfigKeys (ConfUtils.java:logGet(43)) - raft.server.rpc.timeout.min = 5s (custom)
2019-09-27 09:52:14,902 [pool-27-thread-1] INFO  server.RaftServerConfigKeys (ConfUtils.java:logGet(43)) - raft.server.storage.dir = [/workdir/hadoop-ozone/integration-test/target/test-dir/MiniOzoneClusterImpl-c7877029-e657-495a-8fe1-46207200c0e4/datanode-0/data/ratis] (custom)
2019-09-27 09:52:14,902 [pool-57-thread-1] INFO  server.RaftServerConfigKeys (ConfUtils.java:logGet(43)) - raft.server.rpc.timeout.max = 5200ms (custom)
2019-09-27 09:52:14,903 [pool-57-thread-1] INFO  server.RaftServerConfigKeys (ConfUtils.java:logGet(43)) - raft.server.rpcslowness.timeout = 120s (custom)
2019-09-27 09:52:14,903 [pool-107-thread-1] INFO  impl.RaftServerImpl (RaftServerImpl.java:<init>(95)) - 1c6b6583-b7e4-4fe6-bf06-d800234747df: new RaftServerImpl for group-E732014F1250:[68fd3f2f-bb68-4e1b-9abe-e06c598958dc:192.168.151.103:43348, 1c6b6583-b7e4-4fe6-bf06-d800234747df:192.168.151.103:46229, fb4382cd-aae1-4392-b31d-66bc5152045f:192.168.151.103:46794] with ContainerStateMachine:uninitialized
2019-09-27 09:52:14,903 [pool-27-thread-1] INFO  storage.RaftStorageDirectory (RaftStorageDirectory.java:analyzeStorage(246)) - The storage directory /workdir/hadoop-ozone/integration-test/target/test-dir/MiniOzoneClusterImpl-c7877029-e657-495a-8fe1-46207200c0e4/datanode-0/data/ratis/258c72d4-7de9-4ee6-ae38-e732014f1250 does not exist. Creating ...
2019-09-27 09:52:14,903 [pool-107-thread-1] INFO  server.RaftServerConfigKeys (ConfUtils.java:logGet(43)) - raft.server.rpc.timeout.min = 5s (custom)
2019-09-27 09:52:14,903 [pool-57-thread-1] INFO  server.RaftServerConfigKeys (ConfUtils.java:logGet(43)) - raft.server.sleep.deviation.threshold = 300 (default)
2019-09-27 09:52:14,903 [pool-107-thread-1] INFO  server.RaftServerConfigKeys (ConfUtils.java:logGet(43)) - raft.server.rpc.timeout.max = 5200ms (custom)
2019-09-27 09:52:14,903 [pool-57-thread-1] INFO  server.RaftServerConfigKeys (ConfUtils.java:logGet(43)) - raft.server.log.appender.install.snapshot.enabled = false (custom)
2019-09-27 09:52:14,903 [pool-107-thread-1] INFO  server.RaftServerConfigKeys (ConfUtils.java:logGet(43)) - raft.server.rpcslowness.timeout = 120s (custom)
2019-09-27 09:52:14,904 [pool-57-thread-1] INFO  impl.RaftServerImpl (ServerState.java:<init>(103)) - fb4382cd-aae1-4392-b31d-66bc5152045f@group-E732014F1250: ConfigurationManager, init=-1: [68fd3f2f-bb68-4e1b-9abe-e06c598958dc:192.168.151.103:43348, 1c6b6583-b7e4-4fe6-bf06-d800234747df:192.168.151.103:46229, fb4382cd-aae1-4392-b31d-66bc5152045f:192.168.151.103:46794], old=null, confs=<EMPTY_MAP>
2019-09-27 09:52:14,904 [pool-107-thread-1] INFO  server.RaftServerConfigKeys (ConfUtils.java:logGet(43)) - raft.server.sleep.deviation.threshold = 300 (default)
2019-09-27 09:52:14,904 [pool-57-thread-1] INFO  server.RaftServerConfigKeys (ConfUtils.java:logGet(43)) - raft.server.storage.dir = [/workdir/hadoop-ozone/integration-test/target/test-dir/MiniOzoneClusterImpl-c7877029-e657-495a-8fe1-46207200c0e4/datanode-3/data/ratis] (custom)
2019-09-27 09:52:14,904 [pool-107-thread-1] INFO  server.RaftServerConfigKeys (ConfUtils.java:logGet(43)) - raft.server.log.appender.install.snapshot.enabled = false (custom)
2019-09-27 09:52:14,904 [pool-107-thread-1] INFO  impl.RaftServerImpl (ServerState.java:<init>(103)) - 1c6b6583-b7e4-4fe6-bf06-d800234747df@group-E732014F1250: ConfigurationManager, init=-1: [68fd3f2f-bb68-4e1b-9abe-e06c598958dc:192.168.151.103:43348, 1c6b6583-b7e4-4fe6-bf06-d800234747df:192.168.151.103:46229, fb4382cd-aae1-4392-b31d-66bc5152045f:192.168.151.103:46794], old=null, confs=<EMPTY_MAP>
2019-09-27 09:52:14,904 [pool-57-thread-1] INFO  storage.RaftStorageDirectory (RaftStorageDirectory.java:analyzeStorage(246)) - The storage directory /workdir/hadoop-ozone/integration-test/target/test-dir/MiniOzoneClusterImpl-c7877029-e657-495a-8fe1-46207200c0e4/datanode-3/data/ratis/258c72d4-7de9-4ee6-ae38-e732014f1250 does not exist. Creating ...
2019-09-27 09:52:14,904 [pool-107-thread-1] INFO  server.RaftServerConfigKeys (ConfUtils.java:logGet(43)) - raft.server.storage.dir = [/workdir/hadoop-ozone/integration-test/target/test-dir/MiniOzoneClusterImpl-c7877029-e657-495a-8fe1-46207200c0e4/datanode-8/data/ratis] (custom)
2019-09-27 09:52:14,905 [pool-107-thread-1] INFO  storage.RaftStorageDirectory (RaftStorageDirectory.java:analyzeStorage(246)) - The storage directory /workdir/hadoop-ozone/integration-test/target/test-dir/MiniOzoneClusterImpl-c7877029-e657-495a-8fe1-46207200c0e4/datanode-8/data/ratis/258c72d4-7de9-4ee6-ae38-e732014f1250 does not exist. Creating ...
2019-09-27 09:52:14,930 [pool-27-thread-1] INFO  storage.RaftStorageDirectory (RaftStorageDirectory.java:tryLock(328)) - Lock on /workdir/hadoop-ozone/integration-test/target/test-dir/MiniOzoneClusterImpl-c7877029-e657-495a-8fe1-46207200c0e4/datanode-0/data/ratis/258c72d4-7de9-4ee6-ae38-e732014f1250/in_use.lock acquired by nodename 26505@pr-hdds2162-4fxhj-20988671
2019-09-27 09:52:14,930 [pool-57-thread-1] INFO  storage.RaftStorageDirectory (RaftStorageDirectory.java:tryLock(328)) - Lock on /workdir/hadoop-ozone/integration-test/target/test-dir/MiniOzoneClusterImpl-c7877029-e657-495a-8fe1-46207200c0e4/datanode-3/data/ratis/258c72d4-7de9-4ee6-ae38-e732014f1250/in_use.lock acquired by nodename 26505@pr-hdds2162-4fxhj-20988671
2019-09-27 09:52:14,930 [pool-107-thread-1] INFO  storage.RaftStorageDirectory (RaftStorageDirectory.java:tryLock(328)) - Lock on /workdir/hadoop-ozone/integration-test/target/test-dir/MiniOzoneClusterImpl-c7877029-e657-495a-8fe1-46207200c0e4/datanode-8/data/ratis/258c72d4-7de9-4ee6-ae38-e732014f1250/in_use.lock acquired by nodename 26505@pr-hdds2162-4fxhj-20988671
2019-09-27 09:52:14,956 [pool-27-thread-1] INFO  storage.RaftStorage (RaftStorage.java:format(72)) - Storage directory /workdir/hadoop-ozone/integration-test/target/test-dir/MiniOzoneClusterImpl-c7877029-e657-495a-8fe1-46207200c0e4/datanode-0/data/ratis/258c72d4-7de9-4ee6-ae38-e732014f1250 has been successfully formatted.
2019-09-27 09:52:14,956 [pool-57-thread-1] INFO  storage.RaftStorage (RaftStorage.java:format(72)) - Storage directory /workdir/hadoop-ozone/integration-test/target/test-dir/MiniOzoneClusterImpl-c7877029-e657-495a-8fe1-46207200c0e4/datanode-3/data/ratis/258c72d4-7de9-4ee6-ae38-e732014f1250 has been successfully formatted.
2019-09-27 09:52:14,957 [pool-27-thread-1] INFO  ratis.ContainerStateMachine (ContainerStateMachine.java:loadSnapshot(230)) - group-E732014F1250: The snapshot info is null. Setting the last applied indexto:(t:0, i:~)
2019-09-27 09:52:14,956 [pool-107-thread-1] INFO  storage.RaftStorage (RaftStorage.java:format(72)) - Storage directory /workdir/hadoop-ozone/integration-test/target/test-dir/MiniOzoneClusterImpl-c7877029-e657-495a-8fe1-46207200c0e4/datanode-8/data/ratis/258c72d4-7de9-4ee6-ae38-e732014f1250 has been successfully formatted.
2019-09-27 09:52:14,957 [pool-57-thread-1] INFO  ratis.ContainerStateMachine (ContainerStateMachine.java:loadSnapshot(230)) - group-E732014F1250: The snapshot info is null. Setting the last applied indexto:(t:0, i:~)
2019-09-27 09:52:14,957 [pool-27-thread-1] INFO  server.RaftServerConfigKeys (ConfUtils.java:logGet(43)) - raft.server.notification.no-leader.timeout = 120s (custom)
2019-09-27 09:52:14,957 [pool-57-thread-1] INFO  server.RaftServerConfigKeys (ConfUtils.java:logGet(43)) - raft.server.notification.no-leader.timeout = 120s (custom)
2019-09-27 09:52:14,957 [pool-107-thread-1] INFO  ratis.ContainerStateMachine (ContainerStateMachine.java:loadSnapshot(230)) - group-E732014F1250: The snapshot info is null. Setting the last applied indexto:(t:0, i:~)
2019-09-27 09:52:14,958 [pool-57-thread-1] INFO  server.RaftServerConfigKeys (ConfUtils.java:logGet(43)) - raft.server.log.use.memory = false (default)
2019-09-27 09:52:14,957 [pool-27-thread-1] INFO  server.RaftServerConfigKeys (ConfUtils.java:logGet(43)) - raft.server.log.use.memory = false (default)
2019-09-27 09:52:14,958 [pool-57-thread-1] INFO  server.RaftServerConfigKeys (ConfUtils.java:logGet(43)) - raft.server.log.purge.gap = 1000000 (custom)
2019-09-27 09:52:14,958 [pool-107-thread-1] INFO  server.RaftServerConfigKeys (ConfUtils.java:logGet(43)) - raft.server.notification.no-leader.timeout = 120s (custom)
2019-09-27 09:52:14,958 [pool-57-thread-1] INFO  server.RaftServerConfigKeys (ConfUtils.java:logGet(43)) - raft.server.log.appender.buffer.byte-limit = 33554432 (custom)
2019-09-27 09:52:14,958 [pool-27-thread-1] INFO  server.RaftServerConfigKeys (ConfUtils.java:logGet(43)) - raft.server.log.purge.gap = 1000000 (custom)
2019-09-27 09:52:14,959 [pool-57-thread-1] INFO  server.RaftServerConfigKeys (ConfUtils.java:logGet(43)) - raft.server.log.segment.size.max = 1048576 (custom)
2019-09-27 09:52:14,958 [pool-107-thread-1] INFO  server.RaftServerConfigKeys (ConfUtils.java:logGet(43)) - raft.server.log.use.memory = false (default)
2019-09-27 09:52:14,959 [pool-57-thread-1] INFO  server.RaftServerConfigKeys (ConfUtils.java:logGet(43)) - raft.server.log.segment.cache.num.max = 2 (custom)
2019-09-27 09:52:14,959 [pool-27-thread-1] INFO  server.RaftServerConfigKeys (ConfUtils.java:logGet(43)) - raft.server.log.appender.buffer.byte-limit = 33554432 (custom)
2019-09-27 09:52:14,959 [pool-57-thread-1] INFO  segmented.SegmentedRaftLogWorker (SegmentedRaftLogWorker.java:<init>(172)) - new fb4382cd-aae1-4392-b31d-66bc5152045f@group-E732014F1250-SegmentedRaftLogWorker for RaftStorage:Storage Directory /workdir/hadoop-ozone/integration-test/target/test-dir/MiniOzoneClusterImpl-c7877029-e657-495a-8fe1-46207200c0e4/datanode-3/data/ratis/258c72d4-7de9-4ee6-ae38-e732014f1250
2019-09-27 09:52:14,959 [pool-107-thread-1] INFO  server.RaftServerConfigKeys (ConfUtils.java:logGet(43)) - raft.server.log.purge.gap = 1000000 (custom)
2019-09-27 09:52:14,960 [pool-57-thread-1] INFO  server.RaftServerConfigKeys (ConfUtils.java:logGet(43)) - raft.server.log.queue.byte-limit = 2147483647 (custom)
2019-09-27 09:52:14,959 [pool-27-thread-1] INFO  server.RaftServerConfigKeys (ConfUtils.java:logGet(43)) - raft.server.log.segment.size.max = 1048576 (custom)
2019-09-27 09:52:14,960 [pool-57-thread-1] INFO  server.RaftServerConfigKeys (ConfUtils.java:logGet(43)) - raft.server.log.queue.element-limit = 1024 (custom)
2019-09-27 09:52:14,960 [pool-107-thread-1] INFO  server.RaftServerConfigKeys (ConfUtils.java:logGet(43)) - raft.server.log.appender.buffer.byte-limit = 33554432 (custom)
2019-09-27 09:52:14,960 [pool-57-thread-1] INFO  server.RaftServerConfigKeys (ConfUtils.java:logGet(43)) - raft.server.log.segment.size.max = 1048576 (custom)
2019-09-27 09:52:14,960 [pool-27-thread-1] INFO  server.RaftServerConfigKeys (ConfUtils.java:logGet(43)) - raft.server.log.segment.cache.num.max = 2 (custom)
2019-09-27 09:52:14,961 [pool-57-thread-1] INFO  server.RaftServerConfigKeys (ConfUtils.java:logGet(43)) - raft.server.log.preallocated.size = 16384 (custom)
2019-09-27 09:52:14,961 [pool-107-thread-1] INFO  server.RaftServerConfigKeys (ConfUtils.java:logGet(43)) - raft.server.log.segment.size.max = 1048576 (custom)
2019-09-27 09:52:14,961 [pool-57-thread-1] INFO  server.RaftServerConfigKeys (ConfUtils.java:logGet(43)) - raft.server.log.write.buffer.size = 33554432 (custom)
2019-09-27 09:52:14,961 [pool-27-thread-1] INFO  segmented.SegmentedRaftLogWorker (SegmentedRaftLogWorker.java:<init>(172)) - new 68fd3f2f-bb68-4e1b-9abe-e06c598958dc@group-E732014F1250-SegmentedRaftLogWorker for RaftStorage:Storage Directory /workdir/hadoop-ozone/integration-test/target/test-dir/MiniOzoneClusterImpl-c7877029-e657-495a-8fe1-46207200c0e4/datanode-0/data/ratis/258c72d4-7de9-4ee6-ae38-e732014f1250
2019-09-27 09:52:14,961 [pool-57-thread-1] INFO  server.RaftServerConfigKeys (ConfUtils.java:logGet(43)) - raft.server.log.force.sync.num = 128 (default)
2019-09-27 09:52:14,961 [pool-107-thread-1] INFO  server.RaftServerConfigKeys (ConfUtils.java:logGet(43)) - raft.server.log.segment.cache.num.max = 2 (custom)
2019-09-27 09:52:14,962 [pool-57-thread-1] INFO  server.RaftServerConfigKeys (ConfUtils.java:logGet(43)) - raft.server.log.statemachine.data.sync = true (default)
2019-09-27 09:52:14,961 [pool-27-thread-1] INFO  server.RaftServerConfigKeys (ConfUtils.java:logGet(43)) - raft.server.log.queue.byte-limit = 2147483647 (custom)
2019-09-27 09:52:14,962 [pool-57-thread-1] INFO  server.RaftServerConfigKeys (ConfUtils.java:logGet(43)) - raft.server.log.statemachine.data.sync.timeout = 10s (default)
2019-09-27 09:52:14,962 [pool-107-thread-1] INFO  segmented.SegmentedRaftLogWorker (SegmentedRaftLogWorker.java:<init>(172)) - new 1c6b6583-b7e4-4fe6-bf06-d800234747df@group-E732014F1250-SegmentedRaftLogWorker for RaftStorage:Storage Directory /workdir/hadoop-ozone/integration-test/target/test-dir/MiniOzoneClusterImpl-c7877029-e657-495a-8fe1-46207200c0e4/datanode-8/data/ratis/258c72d4-7de9-4ee6-ae38-e732014f1250
2019-09-27 09:52:14,962 [pool-57-thread-1] INFO  server.RaftServerConfigKeys (ConfUtils.java:logGet(43)) - raft.server.log.statemachine.data.sync.timeout.retry = -1 (default)
2019-09-27 09:52:14,962 [pool-27-thread-1] INFO  server.RaftServerConfigKeys (ConfUtils.java:logGet(43)) - raft.server.log.queue.element-limit = 1024 (custom)
2019-09-27 09:52:14,963 [pool-57-thread-1] INFO  server.RaftServerConfigKeys (ConfUtils.java:logGet(43)) - raft.server.log.statemachine.data.caching.enabled = true (custom)
2019-09-27 09:52:14,962 [pool-107-thread-1] INFO  server.RaftServerConfigKeys (ConfUtils.java:logGet(43)) - raft.server.log.queue.byte-limit = 2147483647 (custom)
2019-09-27 09:52:14,963 [pool-27-thread-1] INFO  server.RaftServerConfigKeys (ConfUtils.java:logGet(43)) - raft.server.log.segment.size.max = 1048576 (custom)
2019-09-27 09:52:14,963 [pool-57-thread-1] INFO  segmented.SegmentedRaftLogWorker (SegmentedRaftLogWorker.java:lambda$new$0(132)) - fb4382cd-aae1-4392-b31d-66bc5152045f@group-E732014F1250-SegmentedRaftLogWorker: flushIndex: setUnconditionally 0 -> -1
2019-09-27 09:52:14,963 [pool-107-thread-1] INFO  server.RaftServerConfigKeys (ConfUtils.java:logGet(43)) - raft.server.log.queue.element-limit = 1024 (custom)
2019-09-27 09:52:14,963 [pool-27-thread-1] INFO  server.RaftServerConfigKeys (ConfUtils.java:logGet(43)) - raft.server.log.preallocated.size = 16384 (custom)
2019-09-27 09:52:14,964 [pool-107-thread-1] INFO  server.RaftServerConfigKeys (ConfUtils.java:logGet(43)) - raft.server.log.segment.size.max = 1048576 (custom)
2019-09-27 09:52:14,964 [pool-57-thread-1] INFO  server.RaftServerConfigKeys (ConfUtils.java:logGet(43)) - raft.server.snapshot.auto.trigger.enabled = true (custom)
2019-09-27 09:52:14,964 [pool-107-thread-1] INFO  server.RaftServerConfigKeys (ConfUtils.java:logGet(43)) - raft.server.log.preallocated.size = 16384 (custom)
2019-09-27 09:52:14,964 [pool-27-thread-1] INFO  server.RaftServerConfigKeys (ConfUtils.java:logGet(43)) - raft.server.log.write.buffer.size = 33554432 (custom)
2019-09-27 09:52:14,964 [pool-107-thread-1] INFO  server.RaftServerConfigKeys (ConfUtils.java:logGet(43)) - raft.server.log.write.buffer.size = 33554432 (custom)
2019-09-27 09:52:14,964 [pool-57-thread-1] INFO  server.RaftServerConfigKeys (ConfUtils.java:logGet(43)) - raft.server.snapshot.auto.trigger.threshold = 10000 (custom)
2019-09-27 09:52:14,964 [pool-107-thread-1] INFO  server.RaftServerConfigKeys (ConfUtils.java:logGet(43)) - raft.server.log.force.sync.num = 128 (default)
2019-09-27 09:52:14,964 [pool-27-thread-1] INFO  server.RaftServerConfigKeys (ConfUtils.java:logGet(43)) - raft.server.log.force.sync.num = 128 (default)
2019-09-27 09:52:14,965 [pool-107-thread-1] INFO  server.RaftServerConfigKeys (ConfUtils.java:logGet(43)) - raft.server.log.statemachine.data.sync = true (default)
2019-09-27 09:52:14,965 [pool-57-thread-1] INFO  server.RaftServerConfigKeys (ConfUtils.java:logGet(43)) - raft.server.snapshot.retention.num.files = 5 (custom)
2019-09-27 09:52:14,965 [pool-107-thread-1] INFO  server.RaftServerConfigKeys (ConfUtils.java:logGet(43)) - raft.server.log.statemachine.data.sync.timeout = 10s (default)
2019-09-27 09:52:14,965 [pool-107-thread-1] INFO  server.RaftServerConfigKeys (ConfUtils.java:logGet(43)) - raft.server.log.statemachine.data.sync.timeout.retry = -1 (default)
2019-09-27 09:52:14,965 [pool-27-thread-1] INFO  server.RaftServerConfigKeys (ConfUtils.java:logGet(43)) - raft.server.log.statemachine.data.sync = true (default)
2019-09-27 09:52:14,965 [pool-57-thread-1] INFO  server.RaftServerConfigKeys (ConfUtils.java:logGet(43)) - raft.server.retrycache.expirytime = 600000ms (custom)
2019-09-27 09:52:14,966 [pool-27-thread-1] INFO  server.RaftServerConfigKeys (ConfUtils.java:logGet(43)) - raft.server.log.statemachine.data.sync.timeout = 10s (default)
2019-09-27 09:52:14,966 [pool-107-thread-1] INFO  server.RaftServerConfigKeys (ConfUtils.java:logGet(43)) - raft.server.log.statemachine.data.caching.enabled = true (custom)
2019-09-27 09:52:14,966 [pool-27-thread-1] INFO  server.RaftServerConfigKeys (ConfUtils.java:logGet(43)) - raft.server.log.statemachine.data.sync.timeout.retry = -1 (default)
2019-09-27 09:52:14,967 [pool-107-thread-1] INFO  segmented.SegmentedRaftLogWorker (SegmentedRaftLogWorker.java:lambda$new$0(132)) - 1c6b6583-b7e4-4fe6-bf06-d800234747df@group-E732014F1250-SegmentedRaftLogWorker: flushIndex: setUnconditionally 0 -> -1
2019-09-27 09:52:14,967 [pool-27-thread-1] INFO  server.RaftServerConfigKeys (ConfUtils.java:logGet(43)) - raft.server.log.statemachine.data.caching.enabled = true (custom)
2019-09-27 09:52:14,967 [pool-107-thread-1] INFO  server.RaftServerConfigKeys (ConfUtils.java:logGet(43)) - raft.server.snapshot.auto.trigger.enabled = true (custom)
2019-09-27 09:52:14,967 [pool-107-thread-1] INFO  server.RaftServerConfigKeys (ConfUtils.java:logGet(43)) - raft.server.snapshot.auto.trigger.threshold = 10000 (custom)
2019-09-27 09:52:14,967 [pool-27-thread-1] INFO  segmented.SegmentedRaftLogWorker (SegmentedRaftLogWorker.java:lambda$new$0(132)) - 68fd3f2f-bb68-4e1b-9abe-e06c598958dc@group-E732014F1250-SegmentedRaftLogWorker: flushIndex: setUnconditionally 0 -> -1
2019-09-27 09:52:14,967 [pool-107-thread-1] INFO  server.RaftServerConfigKeys (ConfUtils.java:logGet(43)) - raft.server.snapshot.retention.num.files = 5 (custom)
2019-09-27 09:52:14,968 [pool-107-thread-1] INFO  server.RaftServerConfigKeys (ConfUtils.java:logGet(43)) - raft.server.retrycache.expirytime = 600000ms (custom)
2019-09-27 09:52:14,968 [pool-27-thread-1] INFO  server.RaftServerConfigKeys (ConfUtils.java:logGet(43)) - raft.server.snapshot.auto.trigger.enabled = true (custom)
2019-09-27 09:52:14,968 [pool-27-thread-1] INFO  server.RaftServerConfigKeys (ConfUtils.java:logGet(43)) - raft.server.snapshot.auto.trigger.threshold = 10000 (custom)
2019-09-27 09:52:14,968 [pool-27-thread-1] INFO  server.RaftServerConfigKeys (ConfUtils.java:logGet(43)) - raft.server.snapshot.retention.num.files = 5 (custom)
2019-09-27 09:52:14,968 [pool-27-thread-1] INFO  server.RaftServerConfigKeys (ConfUtils.java:logGet(43)) - raft.server.retrycache.expirytime = 600000ms (custom)
2019-09-27 09:52:14,969 [pool-57-thread-1] INFO  impl.RaftServerImpl (RaftServerImpl.java:start(185)) - fb4382cd-aae1-4392-b31d-66bc5152045f@group-E732014F1250: start as a follower, conf=-1: [68fd3f2f-bb68-4e1b-9abe-e06c598958dc:192.168.151.103:43348, 1c6b6583-b7e4-4fe6-bf06-d800234747df:192.168.151.103:46229, fb4382cd-aae1-4392-b31d-66bc5152045f:192.168.151.103:46794], old=null
2019-09-27 09:52:14,969 [pool-57-thread-1] INFO  impl.RaftServerImpl (RaftServerImpl.java:setRole(174)) - fb4382cd-aae1-4392-b31d-66bc5152045f@group-E732014F1250: changes role from      null to FOLLOWER at term 0 for startAsFollower
2019-09-27 09:52:14,970 [pool-57-thread-1] INFO  impl.RoleInfo (RoleInfo.java:updateAndGet(143)) - fb4382cd-aae1-4392-b31d-66bc5152045f: start FollowerState
2019-09-27 09:52:14,970 [pool-57-thread-1] INFO  util.JmxRegister (JmxRegister.java:tryRegister(44)) - Successfully registered JMX Bean with object name Ratis:service=RaftServer,group=group-E732014F1250,id=fb4382cd-aae1-4392-b31d-66bc5152045f
2019-09-27 09:52:14,971 [pool-107-thread-1] INFO  impl.RaftServerImpl (RaftServerImpl.java:start(185)) - 1c6b6583-b7e4-4fe6-bf06-d800234747df@group-E732014F1250: start as a follower, conf=-1: [68fd3f2f-bb68-4e1b-9abe-e06c598958dc:192.168.151.103:43348, 1c6b6583-b7e4-4fe6-bf06-d800234747df:192.168.151.103:46229, fb4382cd-aae1-4392-b31d-66bc5152045f:192.168.151.103:46794], old=null
2019-09-27 09:52:14,971 [pool-107-thread-1] INFO  impl.RaftServerImpl (RaftServerImpl.java:setRole(174)) - 1c6b6583-b7e4-4fe6-bf06-d800234747df@group-E732014F1250: changes role from      null to FOLLOWER at term 0 for startAsFollower
2019-09-27 09:52:14,971 [pool-107-thread-1] INFO  impl.RoleInfo (RoleInfo.java:updateAndGet(143)) - 1c6b6583-b7e4-4fe6-bf06-d800234747df: start FollowerState
2019-09-27 09:52:14,972 [pool-107-thread-1] INFO  util.JmxRegister (JmxRegister.java:tryRegister(44)) - Successfully registered JMX Bean with object name Ratis:service=RaftServer,group=group-E732014F1250,id=1c6b6583-b7e4-4fe6-bf06-d800234747df
2019-09-27 09:52:14,972 [pool-27-thread-1] INFO  impl.RaftServerImpl (RaftServerImpl.java:start(185)) - 68fd3f2f-bb68-4e1b-9abe-e06c598958dc@group-E732014F1250: start as a follower, conf=-1: [68fd3f2f-bb68-4e1b-9abe-e06c598958dc:192.168.151.103:43348, 1c6b6583-b7e4-4fe6-bf06-d800234747df:192.168.151.103:46229, fb4382cd-aae1-4392-b31d-66bc5152045f:192.168.151.103:46794], old=null
2019-09-27 09:52:14,972 [pool-27-thread-1] INFO  impl.RaftServerImpl (RaftServerImpl.java:setRole(174)) - 68fd3f2f-bb68-4e1b-9abe-e06c598958dc@group-E732014F1250: changes role from      null to FOLLOWER at term 0 for startAsFollower
2019-09-27 09:52:14,972 [pool-27-thread-1] INFO  impl.RoleInfo (RoleInfo.java:updateAndGet(143)) - 68fd3f2f-bb68-4e1b-9abe-e06c598958dc: start FollowerState
2019-09-27 09:52:14,973 [pool-27-thread-1] INFO  util.JmxRegister (JmxRegister.java:tryRegister(44)) - Successfully registered JMX Bean with object name Ratis:service=RaftServer,group=group-E732014F1250,id=68fd3f2f-bb68-4e1b-9abe-e06c598958dc
2019-09-27 09:52:15,009 [RatisPipelineUtilsThread] INFO  pipeline.PipelineStateManager (PipelineStateManager.java:addPipeline(56)) - Created pipeline Pipeline[ Id: 258c72d4-7de9-4ee6-ae38-e732014f1250, Nodes: fb4382cd-aae1-4392-b31d-66bc5152045f{ip: 192.168.151.103, host: pr-hdds2162-4fxhj-20988671, networkLocation: /default-rack, certSerialId: null}1c6b6583-b7e4-4fe6-bf06-d800234747df{ip: 192.168.151.103, host: pr-hdds2162-4fxhj-20988671, networkLocation: /default-rack, certSerialId: null}68fd3f2f-bb68-4e1b-9abe-e06c598958dc{ip: 192.168.151.103, host: pr-hdds2162-4fxhj-20988671, networkLocation: /default-rack, certSerialId: null}, Type:RATIS, Factor:THREE, State:OPEN]
2019-09-27 09:52:15,033 [grpc-default-executor-0] INFO  impl.RaftServerProxy (RaftServerProxy.java:addNew(89)) - cc790c40-6d6d-4d2d-8aaa-0c65cfb9cb08: addNew group-DD568467DAD7:[95d968cf-ca5f-4d0b-bebe-b7dd67fbe12c:192.168.151.103:42662, cc790c40-6d6d-4d2d-8aaa-0c65cfb9cb08:192.168.151.103:33881, 0fee10a5-7d4b-4467-97d3-f999a65962dc:192.168.151.103:44259] returns group-DD568467DAD7:java.util.concurrent.CompletableFuture@11c8e837[Not completed]
2019-09-27 09:52:15,038 [grpc-default-executor-1] INFO  impl.RaftServerProxy (RaftServerProxy.java:addNew(89)) - 0fee10a5-7d4b-4467-97d3-f999a65962dc: addNew group-DD568467DAD7:[95d968cf-ca5f-4d0b-bebe-b7dd67fbe12c:192.168.151.103:42662, cc790c40-6d6d-4d2d-8aaa-0c65cfb9cb08:192.168.151.103:33881, 0fee10a5-7d4b-4467-97d3-f999a65962dc:192.168.151.103:44259] returns group-DD568467DAD7:java.util.concurrent.CompletableFuture@7d6915a8[Not completed]
2019-09-27 09:52:15,041 [grpc-default-executor-0] INFO  impl.RaftServerProxy (RaftServerProxy.java:addNew(89)) - 95d968cf-ca5f-4d0b-bebe-b7dd67fbe12c: addNew group-DD568467DAD7:[95d968cf-ca5f-4d0b-bebe-b7dd67fbe12c:192.168.151.103:42662, cc790c40-6d6d-4d2d-8aaa-0c65cfb9cb08:192.168.151.103:33881, 0fee10a5-7d4b-4467-97d3-f999a65962dc:192.168.151.103:44259] returns group-DD568467DAD7:java.util.concurrent.CompletableFuture@55955369[Not completed]
2019-09-27 09:52:15,041 [pool-67-thread-1] INFO  impl.RaftServerImpl (RaftServerImpl.java:<init>(95)) - cc790c40-6d6d-4d2d-8aaa-0c65cfb9cb08: new RaftServerImpl for group-DD568467DAD7:[95d968cf-ca5f-4d0b-bebe-b7dd67fbe12c:192.168.151.103:42662, cc790c40-6d6d-4d2d-8aaa-0c65cfb9cb08:192.168.151.103:33881, 0fee10a5-7d4b-4467-97d3-f999a65962dc:192.168.151.103:44259] with ContainerStateMachine:uninitialized
2019-09-27 09:52:15,041 [pool-67-thread-1] INFO  server.RaftServerConfigKeys (ConfUtils.java:logGet(43)) - raft.server.rpc.timeout.min = 5s (custom)
2019-09-27 09:52:15,042 [pool-67-thread-1] INFO  server.RaftServerConfigKeys (ConfUtils.java:logGet(43)) - raft.server.rpc.timeout.max = 5200ms (custom)
2019-09-27 09:52:15,042 [pool-67-thread-1] INFO  server.RaftServerConfigKeys (ConfUtils.java:logGet(43)) - raft.server.rpcslowness.timeout = 120s (custom)
2019-09-27 09:52:15,042 [pool-67-thread-1] INFO  server.RaftServerConfigKeys (ConfUtils.java:logGet(43)) - raft.server.sleep.deviation.threshold = 300 (default)
2019-09-27 09:52:15,042 [pool-67-thread-1] INFO  server.RaftServerConfigKeys (ConfUtils.java:logGet(43)) - raft.server.log.appender.install.snapshot.enabled = false (custom)
2019-09-27 09:52:15,042 [pool-67-thread-1] INFO  impl.RaftServerImpl (ServerState.java:<init>(103)) - cc790c40-6d6d-4d2d-8aaa-0c65cfb9cb08@group-DD568467DAD7: ConfigurationManager, init=-1: [95d968cf-ca5f-4d0b-bebe-b7dd67fbe12c:192.168.151.103:42662, cc790c40-6d6d-4d2d-8aaa-0c65cfb9cb08:192.168.151.103:33881, 0fee10a5-7d4b-4467-97d3-f999a65962dc:192.168.151.103:44259], old=null, confs=<EMPTY_MAP>
2019-09-27 09:52:15,042 [pool-67-thread-1] INFO  server.RaftServerConfigKeys (ConfUtils.java:logGet(43)) - raft.server.storage.dir = [/workdir/hadoop-ozone/integration-test/target/test-dir/MiniOzoneClusterImpl-c7877029-e657-495a-8fe1-46207200c0e4/datanode-4/data/ratis] (custom)
2019-09-27 09:52:15,042 [pool-37-thread-1] INFO  impl.RaftServerImpl (RaftServerImpl.java:<init>(95)) - 0fee10a5-7d4b-4467-97d3-f999a65962dc: new RaftServerImpl for group-DD568467DAD7:[95d968cf-ca5f-4d0b-bebe-b7dd67fbe12c:192.168.151.103:42662, cc790c40-6d6d-4d2d-8aaa-0c65cfb9cb08:192.168.151.103:33881, 0fee10a5-7d4b-4467-97d3-f999a65962dc:192.168.151.103:44259] with ContainerStateMachine:uninitialized
2019-09-27 09:52:15,043 [pool-37-thread-1] INFO  server.RaftServerConfigKeys (ConfUtils.java:logGet(43)) - raft.server.rpc.timeout.min = 5s (custom)
2019-09-27 09:52:15,043 [pool-67-thread-1] INFO  storage.RaftStorageDirectory (RaftStorageDirectory.java:analyzeStorage(246)) - The storage directory /workdir/hadoop-ozone/integration-test/target/test-dir/MiniOzoneClusterImpl-c7877029-e657-495a-8fe1-46207200c0e4/datanode-4/data/ratis/98564fcc-9359-4de6-b6c9-dd568467dad7 does not exist. Creating ...
2019-09-27 09:52:15,043 [pool-37-thread-1] INFO  server.RaftServerConfigKeys (ConfUtils.java:logGet(43)) - raft.server.rpc.timeout.max = 5200ms (custom)
2019-09-27 09:52:15,043 [pool-37-thread-1] INFO  server.RaftServerConfigKeys (ConfUtils.java:logGet(43)) - raft.server.rpcslowness.timeout = 120s (custom)
2019-09-27 09:52:15,043 [pool-37-thread-1] INFO  server.RaftServerConfigKeys (ConfUtils.java:logGet(43)) - raft.server.sleep.deviation.threshold = 300 (default)
2019-09-27 09:52:15,043 [pool-37-thread-1] INFO  server.RaftServerConfigKeys (ConfUtils.java:logGet(43)) - raft.server.log.appender.install.snapshot.enabled = false (custom)
2019-09-27 09:52:15,043 [pool-37-thread-1] INFO  impl.RaftServerImpl (ServerState.java:<init>(103)) - 0fee10a5-7d4b-4467-97d3-f999a65962dc@group-DD568467DAD7: ConfigurationManager, init=-1: [95d968cf-ca5f-4d0b-bebe-b7dd67fbe12c:192.168.151.103:42662, cc790c40-6d6d-4d2d-8aaa-0c65cfb9cb08:192.168.151.103:33881, 0fee10a5-7d4b-4467-97d3-f999a65962dc:192.168.151.103:44259], old=null, confs=<EMPTY_MAP>
2019-09-27 09:52:15,044 [pool-37-thread-1] INFO  server.RaftServerConfigKeys (ConfUtils.java:logGet(43)) - raft.server.storage.dir = [/workdir/hadoop-ozone/integration-test/target/test-dir/MiniOzoneClusterImpl-c7877029-e657-495a-8fe1-46207200c0e4/datanode-1/data/ratis] (custom)
2019-09-27 09:52:15,044 [pool-97-thread-1] INFO  impl.RaftServerImpl (RaftServerImpl.java:<init>(95)) - 95d968cf-ca5f-4d0b-bebe-b7dd67fbe12c: new RaftServerImpl for group-DD568467DAD7:[95d968cf-ca5f-4d0b-bebe-b7dd67fbe12c:192.168.151.103:42662, cc790c40-6d6d-4d2d-8aaa-0c65cfb9cb08:192.168.151.103:33881, 0fee10a5-7d4b-4467-97d3-f999a65962dc:192.168.151.103:44259] with ContainerStateMachine:uninitialized
2019-09-27 09:52:15,044 [pool-37-thread-1] INFO  storage.RaftStorageDirectory (RaftStorageDirectory.java:analyzeStorage(246)) - The storage directory /workdir/hadoop-ozone/integration-test/target/test-dir/MiniOzoneClusterImpl-c7877029-e657-495a-8fe1-46207200c0e4/datanode-1/data/ratis/98564fcc-9359-4de6-b6c9-dd568467dad7 does not exist. Creating ...
2019-09-27 09:52:15,044 [pool-97-thread-1] INFO  server.RaftServerConfigKeys (ConfUtils.java:logGet(43)) - raft.server.rpc.timeout.min = 5s (custom)
2019-09-27 09:52:15,044 [pool-97-thread-1] INFO  server.RaftServerConfigKeys (ConfUtils.java:logGet(43)) - raft.server.rpc.timeout.max = 5200ms (custom)
2019-09-27 09:52:15,044 [pool-97-thread-1] INFO  server.RaftServerConfigKeys (ConfUtils.java:logGet(43)) - raft.server.rpcslowness.timeout = 120s (custom)
2019-09-27 09:52:15,045 [pool-97-thread-1] INFO  server.RaftServerConfigKeys (ConfUtils.java:logGet(43)) - raft.server.sleep.deviation.threshold = 300 (default)
2019-09-27 09:52:15,045 [pool-97-thread-1] INFO  server.RaftServerConfigKeys (ConfUtils.java:logGet(43)) - raft.server.log.appender.install.snapshot.enabled = false (custom)
2019-09-27 09:52:15,045 [pool-97-thread-1] INFO  impl.RaftServerImpl (ServerState.java:<init>(103)) - 95d968cf-ca5f-4d0b-bebe-b7dd67fbe12c@group-DD568467DAD7: ConfigurationManager, init=-1: [95d968cf-ca5f-4d0b-bebe-b7dd67fbe12c:192.168.151.103:42662, cc790c40-6d6d-4d2d-8aaa-0c65cfb9cb08:192.168.151.103:33881, 0fee10a5-7d4b-4467-97d3-f999a65962dc:192.168.151.103:44259], old=null, confs=<EMPTY_MAP>
2019-09-27 09:52:15,045 [pool-97-thread-1] INFO  server.RaftServerConfigKeys (ConfUtils.java:logGet(43)) - raft.server.storage.dir = [/workdir/hadoop-ozone/integration-test/target/test-dir/MiniOzoneClusterImpl-c7877029-e657-495a-8fe1-46207200c0e4/datanode-7/data/ratis] (custom)
2019-09-27 09:52:15,046 [pool-97-thread-1] INFO  storage.RaftStorageDirectory (RaftStorageDirectory.java:analyzeStorage(246)) - The storage directory /workdir/hadoop-ozone/integration-test/target/test-dir/MiniOzoneClusterImpl-c7877029-e657-495a-8fe1-46207200c0e4/datanode-7/data/ratis/98564fcc-9359-4de6-b6c9-dd568467dad7 does not exist. Creating ...
2019-09-27 09:52:15,068 [pool-67-thread-1] INFO  storage.RaftStorageDirectory (RaftStorageDirectory.java:tryLock(328)) - Lock on /workdir/hadoop-ozone/integration-test/target/test-dir/MiniOzoneClusterImpl-c7877029-e657-495a-8fe1-46207200c0e4/datanode-4/data/ratis/98564fcc-9359-4de6-b6c9-dd568467dad7/in_use.lock acquired by nodename 26505@pr-hdds2162-4fxhj-20988671
2019-09-27 09:52:15,068 [pool-97-thread-1] INFO  storage.RaftStorageDirectory (RaftStorageDirectory.java:tryLock(328)) - Lock on /workdir/hadoop-ozone/integration-test/target/test-dir/MiniOzoneClusterImpl-c7877029-e657-495a-8fe1-46207200c0e4/datanode-7/data/ratis/98564fcc-9359-4de6-b6c9-dd568467dad7/in_use.lock acquired by nodename 26505@pr-hdds2162-4fxhj-20988671
2019-09-27 09:52:15,068 [pool-37-thread-1] INFO  storage.RaftStorageDirectory (RaftStorageDirectory.java:tryLock(328)) - Lock on /workdir/hadoop-ozone/integration-test/target/test-dir/MiniOzoneClusterImpl-c7877029-e657-495a-8fe1-46207200c0e4/datanode-1/data/ratis/98564fcc-9359-4de6-b6c9-dd568467dad7/in_use.lock acquired by nodename 26505@pr-hdds2162-4fxhj-20988671
2019-09-27 09:52:15,097 [pool-97-thread-1] INFO  storage.RaftStorage (RaftStorage.java:format(72)) - Storage directory /workdir/hadoop-ozone/integration-test/target/test-dir/MiniOzoneClusterImpl-c7877029-e657-495a-8fe1-46207200c0e4/datanode-7/data/ratis/98564fcc-9359-4de6-b6c9-dd568467dad7 has been successfully formatted.
2019-09-27 09:52:15,097 [pool-67-thread-1] INFO  storage.RaftStorage (RaftStorage.java:format(72)) - Storage directory /workdir/hadoop-ozone/integration-test/target/test-dir/MiniOzoneClusterImpl-c7877029-e657-495a-8fe1-46207200c0e4/datanode-4/data/ratis/98564fcc-9359-4de6-b6c9-dd568467dad7 has been successfully formatted.
2019-09-27 09:52:15,097 [pool-37-thread-1] INFO  storage.RaftStorage (RaftStorage.java:format(72)) - Storage directory /workdir/hadoop-ozone/integration-test/target/test-dir/MiniOzoneClusterImpl-c7877029-e657-495a-8fe1-46207200c0e4/datanode-1/data/ratis/98564fcc-9359-4de6-b6c9-dd568467dad7 has been successfully formatted.
2019-09-27 09:52:15,098 [pool-97-thread-1] INFO  ratis.ContainerStateMachine (ContainerStateMachine.java:loadSnapshot(230)) - group-DD568467DAD7: The snapshot info is null. Setting the last applied indexto:(t:0, i:~)
2019-09-27 09:52:15,098 [pool-67-thread-1] INFO  ratis.ContainerStateMachine (ContainerStateMachine.java:loadSnapshot(230)) - group-DD568467DAD7: The snapshot info is null. Setting the last applied indexto:(t:0, i:~)
2019-09-27 09:52:15,098 [pool-37-thread-1] INFO  ratis.ContainerStateMachine (ContainerStateMachine.java:loadSnapshot(230)) - group-DD568467DAD7: The snapshot info is null. Setting the last applied indexto:(t:0, i:~)
2019-09-27 09:52:15,098 [pool-97-thread-1] INFO  server.RaftServerConfigKeys (ConfUtils.java:logGet(43)) - raft.server.notification.no-leader.timeout = 120s (custom)
2019-09-27 09:52:15,098 [pool-37-thread-1] INFO  server.RaftServerConfigKeys (ConfUtils.java:logGet(43)) - raft.server.notification.no-leader.timeout = 120s (custom)
2019-09-27 09:52:15,098 [pool-67-thread-1] INFO  server.RaftServerConfigKeys (ConfUtils.java:logGet(43)) - raft.server.notification.no-leader.timeout = 120s (custom)
2019-09-27 09:52:15,099 [pool-37-thread-1] INFO  server.RaftServerConfigKeys (ConfUtils.java:logGet(43)) - raft.server.log.use.memory = false (default)
2019-09-27 09:52:15,098 [pool-97-thread-1] INFO  server.RaftServerConfigKeys (ConfUtils.java:logGet(43)) - raft.server.log.use.memory = false (default)
2019-09-27 09:52:15,099 [pool-37-thread-1] INFO  server.RaftServerConfigKeys (ConfUtils.java:logGet(43)) - raft.server.log.purge.gap = 1000000 (custom)
2019-09-27 09:52:15,099 [pool-67-thread-1] INFO  server.RaftServerConfigKeys (ConfUtils.java:logGet(43)) - raft.server.log.use.memory = false (default)
2019-09-27 09:52:15,099 [pool-37-thread-1] INFO  server.RaftServerConfigKeys (ConfUtils.java:logGet(43)) - raft.server.log.appender.buffer.byte-limit = 33554432 (custom)
2019-09-27 09:52:15,099 [pool-97-thread-1] INFO  server.RaftServerConfigKeys (ConfUtils.java:logGet(43)) - raft.server.log.purge.gap = 1000000 (custom)
2019-09-27 09:52:15,100 [pool-37-thread-1] INFO  server.RaftServerConfigKeys (ConfUtils.java:logGet(43)) - raft.server.log.segment.size.max = 1048576 (custom)
2019-09-27 09:52:15,099 [pool-67-thread-1] INFO  server.RaftServerConfigKeys (ConfUtils.java:logGet(43)) - raft.server.log.purge.gap = 1000000 (custom)
2019-09-27 09:52:15,100 [pool-37-thread-1] INFO  server.RaftServerConfigKeys (ConfUtils.java:logGet(43)) - raft.server.log.segment.cache.num.max = 2 (custom)
2019-09-27 09:52:15,100 [pool-97-thread-1] INFO  server.RaftServerConfigKeys (ConfUtils.java:logGet(43)) - raft.server.log.appender.buffer.byte-limit = 33554432 (custom)
2019-09-27 09:52:15,100 [pool-37-thread-1] INFO  segmented.SegmentedRaftLogWorker (SegmentedRaftLogWorker.java:<init>(172)) - new 0fee10a5-7d4b-4467-97d3-f999a65962dc@group-DD568467DAD7-SegmentedRaftLogWorker for RaftStorage:Storage Directory /workdir/hadoop-ozone/integration-test/target/test-dir/MiniOzoneClusterImpl-c7877029-e657-495a-8fe1-46207200c0e4/datanode-1/data/ratis/98564fcc-9359-4de6-b6c9-dd568467dad7
2019-09-27 09:52:15,100 [pool-67-thread-1] INFO  server.RaftServerConfigKeys (ConfUtils.java:logGet(43)) - raft.server.log.appender.buffer.byte-limit = 33554432 (custom)
2019-09-27 09:52:15,100 [pool-37-thread-1] INFO  server.RaftServerConfigKeys (ConfUtils.java:logGet(43)) - raft.server.log.queue.byte-limit = 2147483647 (custom)
2019-09-27 09:52:15,100 [pool-97-thread-1] INFO  server.RaftServerConfigKeys (ConfUtils.java:logGet(43)) - raft.server.log.segment.size.max = 1048576 (custom)
2019-09-27 09:52:15,101 [pool-37-thread-1] INFO  server.RaftServerConfigKeys (ConfUtils.java:logGet(43)) - raft.server.log.queue.element-limit = 1024 (custom)
2019-09-27 09:52:15,101 [pool-97-thread-1] INFO  server.RaftServerConfigKeys (ConfUtils.java:logGet(43)) - raft.server.log.segment.cache.num.max = 2 (custom)
2019-09-27 09:52:15,100 [pool-67-thread-1] INFO  server.RaftServerConfigKeys (ConfUtils.java:logGet(43)) - raft.server.log.segment.size.max = 1048576 (custom)
2019-09-27 09:52:15,101 [pool-97-thread-1] INFO  segmented.SegmentedRaftLogWorker (SegmentedRaftLogWorker.java:<init>(172)) - new 95d968cf-ca5f-4d0b-bebe-b7dd67fbe12c@group-DD568467DAD7-SegmentedRaftLogWorker for RaftStorage:Storage Directory /workdir/hadoop-ozone/integration-test/target/test-dir/MiniOzoneClusterImpl-c7877029-e657-495a-8fe1-46207200c0e4/datanode-7/data/ratis/98564fcc-9359-4de6-b6c9-dd568467dad7
2019-09-27 09:52:15,101 [pool-37-thread-1] INFO  server.RaftServerConfigKeys (ConfUtils.java:logGet(43)) - raft.server.log.segment.size.max = 1048576 (custom)
2019-09-27 09:52:15,101 [pool-97-thread-1] INFO  server.RaftServerConfigKeys (ConfUtils.java:logGet(43)) - raft.server.log.queue.byte-limit = 2147483647 (custom)
2019-09-27 09:52:15,101 [pool-67-thread-1] INFO  server.RaftServerConfigKeys (ConfUtils.java:logGet(43)) - raft.server.log.segment.cache.num.max = 2 (custom)
2019-09-27 09:52:15,102 [pool-97-thread-1] INFO  server.RaftServerConfigKeys (ConfUtils.java:logGet(43)) - raft.server.log.queue.element-limit = 1024 (custom)
2019-09-27 09:52:15,101 [pool-37-thread-1] INFO  server.RaftServerConfigKeys (ConfUtils.java:logGet(43)) - raft.server.log.preallocated.size = 16384 (custom)
2019-09-27 09:52:15,102 [pool-97-thread-1] INFO  server.RaftServerConfigKeys (ConfUtils.java:logGet(43)) - raft.server.log.segment.size.max = 1048576 (custom)
2019-09-27 09:52:15,102 [pool-67-thread-1] INFO  segmented.SegmentedRaftLogWorker (SegmentedRaftLogWorker.java:<init>(172)) - new cc790c40-6d6d-4d2d-8aaa-0c65cfb9cb08@group-DD568467DAD7-SegmentedRaftLogWorker for RaftStorage:Storage Directory /workdir/hadoop-ozone/integration-test/target/test-dir/MiniOzoneClusterImpl-c7877029-e657-495a-8fe1-46207200c0e4/datanode-4/data/ratis/98564fcc-9359-4de6-b6c9-dd568467dad7
2019-09-27 09:52:15,102 [pool-97-thread-1] INFO  server.RaftServerConfigKeys (ConfUtils.java:logGet(43)) - raft.server.log.preallocated.size = 16384 (custom)
2019-09-27 09:52:15,102 [pool-37-thread-1] INFO  server.RaftServerConfigKeys (ConfUtils.java:logGet(43)) - raft.server.log.write.buffer.size = 33554432 (custom)
2019-09-27 09:52:15,102 [pool-97-thread-1] INFO  server.RaftServerConfigKeys (ConfUtils.java:logGet(43)) - raft.server.log.write.buffer.size = 33554432 (custom)
2019-09-27 09:52:15,102 [pool-67-thread-1] INFO  server.RaftServerConfigKeys (ConfUtils.java:logGet(43)) - raft.server.log.queue.byte-limit = 2147483647 (custom)
2019-09-27 09:52:15,103 [pool-97-thread-1] INFO  server.RaftServerConfigKeys (ConfUtils.java:logGet(43)) - raft.server.log.force.sync.num = 128 (default)
2019-09-27 09:52:15,103 [pool-37-thread-1] INFO  server.RaftServerConfigKeys (ConfUtils.java:logGet(43)) - raft.server.log.force.sync.num = 128 (default)
2019-09-27 09:52:15,103 [pool-97-thread-1] INFO  server.RaftServerConfigKeys (ConfUtils.java:logGet(43)) - raft.server.log.statemachine.data.sync = true (default)
2019-09-27 09:52:15,103 [pool-67-thread-1] INFO  server.RaftServerConfigKeys (ConfUtils.java:logGet(43)) - raft.server.log.queue.element-limit = 1024 (custom)
2019-09-27 09:52:15,103 [pool-97-thread-1] INFO  server.RaftServerConfigKeys (ConfUtils.java:logGet(43)) - raft.server.log.statemachine.data.sync.timeout = 10s (default)
2019-09-27 09:52:15,103 [pool-37-thread-1] INFO  server.RaftServerConfigKeys (ConfUtils.java:logGet(43)) - raft.server.log.statemachine.data.sync = true (default)
2019-09-27 09:52:15,104 [pool-97-thread-1] INFO  server.RaftServerConfigKeys (ConfUtils.java:logGet(43)) - raft.server.log.statemachine.data.sync.timeout.retry = -1 (default)
2019-09-27 09:52:15,104 [pool-67-thread-1] INFO  server.RaftServerConfigKeys (ConfUtils.java:logGet(43)) - raft.server.log.segment.size.max = 1048576 (custom)
2019-09-27 09:52:15,104 [pool-97-thread-1] INFO  server.RaftServerConfigKeys (ConfUtils.java:logGet(43)) - raft.server.log.statemachine.data.caching.enabled = true (custom)
2019-09-27 09:52:15,104 [pool-37-thread-1] INFO  server.RaftServerConfigKeys (ConfUtils.java:logGet(43)) - raft.server.log.statemachine.data.sync.timeout = 10s (default)
2019-09-27 09:52:15,104 [pool-67-thread-1] INFO  server.RaftServerConfigKeys (ConfUtils.java:logGet(43)) - raft.server.log.preallocated.size = 16384 (custom)
2019-09-27 09:52:15,105 [pool-97-thread-1] INFO  segmented.SegmentedRaftLogWorker (SegmentedRaftLogWorker.java:lambda$new$0(132)) - 95d968cf-ca5f-4d0b-bebe-b7dd67fbe12c@group-DD568467DAD7-SegmentedRaftLogWorker: flushIndex: setUnconditionally 0 -> -1
2019-09-27 09:52:15,105 [pool-37-thread-1] INFO  server.RaftServerConfigKeys (ConfUtils.java:logGet(43)) - raft.server.log.statemachine.data.sync.timeout.retry = -1 (default)
2019-09-27 09:52:15,105 [pool-67-thread-1] INFO  server.RaftServerConfigKeys (ConfUtils.java:logGet(43)) - raft.server.log.write.buffer.size = 33554432 (custom)
2019-09-27 09:52:15,105 [pool-97-thread-1] INFO  server.RaftServerConfigKeys (ConfUtils.java:logGet(43)) - raft.server.snapshot.auto.trigger.enabled = true (custom)
2019-09-27 09:52:15,105 [pool-37-thread-1] INFO  server.RaftServerConfigKeys (ConfUtils.java:logGet(43)) - raft.server.log.statemachine.data.caching.enabled = true (custom)
2019-09-27 09:52:15,105 [pool-97-thread-1] INFO  server.RaftServerConfigKeys (ConfUtils.java:logGet(43)) - raft.server.snapshot.auto.trigger.threshold = 10000 (custom)
2019-09-27 09:52:15,105 [pool-67-thread-1] INFO  server.RaftServerConfigKeys (ConfUtils.java:logGet(43)) - raft.server.log.force.sync.num = 128 (default)
2019-09-27 09:52:15,106 [pool-37-thread-1] INFO  segmented.SegmentedRaftLogWorker (SegmentedRaftLogWorker.java:lambda$new$0(132)) - 0fee10a5-7d4b-4467-97d3-f999a65962dc@group-DD568467DAD7-SegmentedRaftLogWorker: flushIndex: setUnconditionally 0 -> -1
2019-09-27 09:52:15,106 [pool-97-thread-1] INFO  server.RaftServerConfigKeys (ConfUtils.java:logGet(43)) - raft.server.snapshot.retention.num.files = 5 (custom)
2019-09-27 09:52:15,106 [pool-67-thread-1] INFO  server.RaftServerConfigKeys (ConfUtils.java:logGet(43)) - raft.server.log.statemachine.data.sync = true (default)
2019-09-27 09:52:15,106 [pool-97-thread-1] INFO  server.RaftServerConfigKeys (ConfUtils.java:logGet(43)) - raft.server.retrycache.expirytime = 600000ms (custom)
2019-09-27 09:52:15,106 [pool-37-thread-1] INFO  server.RaftServerConfigKeys (ConfUtils.java:logGet(43)) - raft.server.snapshot.auto.trigger.enabled = true (custom)
2019-09-27 09:52:15,106 [pool-67-thread-1] INFO  server.RaftServerConfigKeys (ConfUtils.java:logGet(43)) - raft.server.log.statemachine.data.sync.timeout = 10s (default)
2019-09-27 09:52:15,107 [pool-37-thread-1] INFO  server.RaftServerConfigKeys (ConfUtils.java:logGet(43)) - raft.server.snapshot.auto.trigger.threshold = 10000 (custom)
2019-09-27 09:52:15,107 [pool-67-thread-1] INFO  server.RaftServerConfigKeys (ConfUtils.java:logGet(43)) - raft.server.log.statemachine.data.sync.timeout.retry = -1 (default)
2019-09-27 09:52:15,107 [pool-37-thread-1] INFO  server.RaftServerConfigKeys (ConfUtils.java:logGet(43)) - raft.server.snapshot.retention.num.files = 5 (custom)
2019-09-27 09:52:15,107 [pool-67-thread-1] INFO  server.RaftServerConfigKeys (ConfUtils.java:logGet(43)) - raft.server.log.statemachine.data.caching.enabled = true (custom)
2019-09-27 09:52:15,107 [pool-37-thread-1] INFO  server.RaftServerConfigKeys (ConfUtils.java:logGet(43)) - raft.server.retrycache.expirytime = 600000ms (custom)
2019-09-27 09:52:15,107 [pool-67-thread-1] INFO  segmented.SegmentedRaftLogWorker (SegmentedRaftLogWorker.java:lambda$new$0(132)) - cc790c40-6d6d-4d2d-8aaa-0c65cfb9cb08@group-DD568467DAD7-SegmentedRaftLogWorker: flushIndex: setUnconditionally 0 -> -1
2019-09-27 09:52:15,108 [pool-67-thread-1] INFO  server.RaftServerConfigKeys (ConfUtils.java:logGet(43)) - raft.server.snapshot.auto.trigger.enabled = true (custom)
2019-09-27 09:52:15,108 [pool-67-thread-1] INFO  server.RaftServerConfigKeys (ConfUtils.java:logGet(43)) - raft.server.snapshot.auto.trigger.threshold = 10000 (custom)
2019-09-27 09:52:15,108 [pool-67-thread-1] INFO  server.RaftServerConfigKeys (ConfUtils.java:logGet(43)) - raft.server.snapshot.retention.num.files = 5 (custom)
2019-09-27 09:52:15,108 [pool-67-thread-1] INFO  server.RaftServerConfigKeys (ConfUtils.java:logGet(43)) - raft.server.retrycache.expirytime = 600000ms (custom)
2019-09-27 09:52:15,110 [pool-97-thread-1] INFO  impl.RaftServerImpl (RaftServerImpl.java:start(185)) - 95d968cf-ca5f-4d0b-bebe-b7dd67fbe12c@group-DD568467DAD7: start as a follower, conf=-1: [95d968cf-ca5f-4d0b-bebe-b7dd67fbe12c:192.168.151.103:42662, cc790c40-6d6d-4d2d-8aaa-0c65cfb9cb08:192.168.151.103:33881, 0fee10a5-7d4b-4467-97d3-f999a65962dc:192.168.151.103:44259], old=null
2019-09-27 09:52:15,111 [pool-97-thread-1] INFO  impl.RaftServerImpl (RaftServerImpl.java:setRole(174)) - 95d968cf-ca5f-4d0b-bebe-b7dd67fbe12c@group-DD568467DAD7: changes role from      null to FOLLOWER at term 0 for startAsFollower
2019-09-27 09:52:15,111 [pool-97-thread-1] INFO  impl.RoleInfo (RoleInfo.java:updateAndGet(143)) - 95d968cf-ca5f-4d0b-bebe-b7dd67fbe12c: start FollowerState
2019-09-27 09:52:15,111 [pool-37-thread-1] INFO  impl.RaftServerImpl (RaftServerImpl.java:start(185)) - 0fee10a5-7d4b-4467-97d3-f999a65962dc@group-DD568467DAD7: start as a follower, conf=-1: [95d968cf-ca5f-4d0b-bebe-b7dd67fbe12c:192.168.151.103:42662, cc790c40-6d6d-4d2d-8aaa-0c65cfb9cb08:192.168.151.103:33881, 0fee10a5-7d4b-4467-97d3-f999a65962dc:192.168.151.103:44259], old=null
2019-09-27 09:52:15,111 [pool-97-thread-1] INFO  util.JmxRegister (JmxRegister.java:tryRegister(44)) - Successfully registered JMX Bean with object name Ratis:service=RaftServer,group=group-DD568467DAD7,id=95d968cf-ca5f-4d0b-bebe-b7dd67fbe12c
2019-09-27 09:52:15,111 [pool-37-thread-1] INFO  impl.RaftServerImpl (RaftServerImpl.java:setRole(174)) - 0fee10a5-7d4b-4467-97d3-f999a65962dc@group-DD568467DAD7: changes role from      null to FOLLOWER at term 0 for startAsFollower
2019-09-27 09:52:15,112 [pool-37-thread-1] INFO  impl.RoleInfo (RoleInfo.java:updateAndGet(143)) - 0fee10a5-7d4b-4467-97d3-f999a65962dc: start FollowerState
2019-09-27 09:52:15,112 [pool-37-thread-1] INFO  util.JmxRegister (JmxRegister.java:tryRegister(44)) - Successfully registered JMX Bean with object name Ratis:service=RaftServer,group=group-DD568467DAD7,id=0fee10a5-7d4b-4467-97d3-f999a65962dc
2019-09-27 09:52:15,112 [pool-67-thread-1] INFO  impl.RaftServerImpl (RaftServerImpl.java:start(185)) - cc790c40-6d6d-4d2d-8aaa-0c65cfb9cb08@group-DD568467DAD7: start as a follower, conf=-1: [95d968cf-ca5f-4d0b-bebe-b7dd67fbe12c:192.168.151.103:42662, cc790c40-6d6d-4d2d-8aaa-0c65cfb9cb08:192.168.151.103:33881, 0fee10a5-7d4b-4467-97d3-f999a65962dc:192.168.151.103:44259], old=null
2019-09-27 09:52:15,112 [pool-67-thread-1] INFO  impl.RaftServerImpl (RaftServerImpl.java:setRole(174)) - cc790c40-6d6d-4d2d-8aaa-0c65cfb9cb08@group-DD568467DAD7: changes role from      null to FOLLOWER at term 0 for startAsFollower
2019-09-27 09:52:15,113 [pool-67-thread-1] INFO  impl.RoleInfo (RoleInfo.java:updateAndGet(143)) - cc790c40-6d6d-4d2d-8aaa-0c65cfb9cb08: start FollowerState
2019-09-27 09:52:15,113 [pool-67-thread-1] INFO  util.JmxRegister (JmxRegister.java:tryRegister(44)) - Successfully registered JMX Bean with object name Ratis:service=RaftServer,group=group-DD568467DAD7,id=cc790c40-6d6d-4d2d-8aaa-0c65cfb9cb08
2019-09-27 09:52:15,136 [RatisPipelineUtilsThread] INFO  pipeline.PipelineStateManager (PipelineStateManager.java:addPipeline(56)) - Created pipeline Pipeline[ Id: 98564fcc-9359-4de6-b6c9-dd568467dad7, Nodes: 95d968cf-ca5f-4d0b-bebe-b7dd67fbe12c{ip: 192.168.151.103, host: pr-hdds2162-4fxhj-20988671, networkLocation: /default-rack, certSerialId: null}cc790c40-6d6d-4d2d-8aaa-0c65cfb9cb08{ip: 192.168.151.103, host: pr-hdds2162-4fxhj-20988671, networkLocation: /default-rack, certSerialId: null}0fee10a5-7d4b-4467-97d3-f999a65962dc{ip: 192.168.151.103, host: pr-hdds2162-4fxhj-20988671, networkLocation: /default-rack, certSerialId: null}, Type:RATIS, Factor:THREE, State:OPEN]
2019-09-27 09:52:15,160 [grpc-default-executor-0] INFO  impl.RaftServerProxy (RaftServerProxy.java:addNew(89)) - 8ba5199e-bc13-4980-9432-390e97d7087b: addNew group-E0E41C1599F9:[a8c068ea-62f3-4e92-8bab-cb78a32fa14d:192.168.151.103:40076, 8ba5199e-bc13-4980-9432-390e97d7087b:192.168.151.103:46717, 4086c8fe-6833-427c-bdb8-ba1cab517569:192.168.151.103:39661] returns group-E0E41C1599F9:java.util.concurrent.CompletableFuture@587fe21c[Not completed]
2019-09-27 09:52:15,160 [grpc-default-executor-1] INFO  impl.RaftServerProxy (RaftServerProxy.java:addNew(89)) - 4086c8fe-6833-427c-bdb8-ba1cab517569: addNew group-E0E41C1599F9:[a8c068ea-62f3-4e92-8bab-cb78a32fa14d:192.168.151.103:40076, 8ba5199e-bc13-4980-9432-390e97d7087b:192.168.151.103:46717, 4086c8fe-6833-427c-bdb8-ba1cab517569:192.168.151.103:39661] returns group-E0E41C1599F9:java.util.concurrent.CompletableFuture@2c40a6d1[Not completed]
2019-09-27 09:52:15,162 [grpc-default-executor-2] INFO  impl.RaftServerProxy (RaftServerProxy.java:addNew(89)) - a8c068ea-62f3-4e92-8bab-cb78a32fa14d: addNew group-E0E41C1599F9:[a8c068ea-62f3-4e92-8bab-cb78a32fa14d:192.168.151.103:40076, 8ba5199e-bc13-4980-9432-390e97d7087b:192.168.151.103:46717, 4086c8fe-6833-427c-bdb8-ba1cab517569:192.168.151.103:39661] returns group-E0E41C1599F9:java.util.concurrent.CompletableFuture@15ad102a[Not completed]
2019-09-27 09:52:15,164 [pool-77-thread-1] INFO  impl.RaftServerImpl (RaftServerImpl.java:<init>(95)) - 8ba5199e-bc13-4980-9432-390e97d7087b: new RaftServerImpl for group-E0E41C1599F9:[a8c068ea-62f3-4e92-8bab-cb78a32fa14d:192.168.151.103:40076, 8ba5199e-bc13-4980-9432-390e97d7087b:192.168.151.103:46717, 4086c8fe-6833-427c-bdb8-ba1cab517569:192.168.151.103:39661] with ContainerStateMachine:uninitialized
2019-09-27 09:52:15,164 [pool-77-thread-1] INFO  server.RaftServerConfigKeys (ConfUtils.java:logGet(43)) - raft.server.rpc.timeout.min = 5s (custom)
2019-09-27 09:52:15,164 [pool-77-thread-1] INFO  server.RaftServerConfigKeys (ConfUtils.java:logGet(43)) - raft.server.rpc.timeout.max = 5200ms (custom)
2019-09-27 09:52:15,164 [pool-77-thread-1] INFO  server.RaftServerConfigKeys (ConfUtils.java:logGet(43)) - raft.server.rpcslowness.timeout = 120s (custom)
2019-09-27 09:52:15,164 [pool-77-thread-1] INFO  server.RaftServerConfigKeys (ConfUtils.java:logGet(43)) - raft.server.sleep.deviation.threshold = 300 (default)
2019-09-27 09:52:15,164 [pool-77-thread-1] INFO  server.RaftServerConfigKeys (ConfUtils.java:logGet(43)) - raft.server.log.appender.install.snapshot.enabled = false (custom)
2019-09-27 09:52:15,165 [pool-77-thread-1] INFO  impl.RaftServerImpl (ServerState.java:<init>(103)) - 8ba5199e-bc13-4980-9432-390e97d7087b@group-E0E41C1599F9: ConfigurationManager, init=-1: [a8c068ea-62f3-4e92-8bab-cb78a32fa14d:192.168.151.103:40076, 8ba5199e-bc13-4980-9432-390e97d7087b:192.168.151.103:46717, 4086c8fe-6833-427c-bdb8-ba1cab517569:192.168.151.103:39661], old=null, confs=<EMPTY_MAP>
2019-09-27 09:52:15,165 [pool-47-thread-1] INFO  impl.RaftServerImpl (RaftServerImpl.java:<init>(95)) - a8c068ea-62f3-4e92-8bab-cb78a32fa14d: new RaftServerImpl for group-E0E41C1599F9:[a8c068ea-62f3-4e92-8bab-cb78a32fa14d:192.168.151.103:40076, 8ba5199e-bc13-4980-9432-390e97d7087b:192.168.151.103:46717, 4086c8fe-6833-427c-bdb8-ba1cab517569:192.168.151.103:39661] with ContainerStateMachine:uninitialized
2019-09-27 09:52:15,165 [pool-77-thread-1] INFO  server.RaftServerConfigKeys (ConfUtils.java:logGet(43)) - raft.server.storage.dir = [/workdir/hadoop-ozone/integration-test/target/test-dir/MiniOzoneClusterImpl-c7877029-e657-495a-8fe1-46207200c0e4/datanode-5/data/ratis] (custom)
2019-09-27 09:52:15,165 [pool-47-thread-1] INFO  server.RaftServerConfigKeys (ConfUtils.java:logGet(43)) - raft.server.rpc.timeout.min = 5s (custom)
2019-09-27 09:52:15,165 [pool-47-thread-1] INFO  server.RaftServerConfigKeys (ConfUtils.java:logGet(43)) - raft.server.rpc.timeout.max = 5200ms (custom)
2019-09-27 09:52:15,166 [pool-47-thread-1] INFO  server.RaftServerConfigKeys (ConfUtils.java:logGet(43)) - raft.server.rpcslowness.timeout = 120s (custom)
2019-09-27 09:52:15,166 [pool-77-thread-1] INFO  storage.RaftStorageDirectory (RaftStorageDirectory.java:analyzeStorage(246)) - The storage directory /workdir/hadoop-ozone/integration-test/target/test-dir/MiniOzoneClusterImpl-c7877029-e657-495a-8fe1-46207200c0e4/datanode-5/data/ratis/ff2a949d-1e62-49cc-9414-e0e41c1599f9 does not exist. Creating ...
2019-09-27 09:52:15,166 [pool-117-thread-1] INFO  impl.RaftServerImpl (RaftServerImpl.java:<init>(95)) - 4086c8fe-6833-427c-bdb8-ba1cab517569: new RaftServerImpl for group-E0E41C1599F9:[a8c068ea-62f3-4e92-8bab-cb78a32fa14d:192.168.151.103:40076, 8ba5199e-bc13-4980-9432-390e97d7087b:192.168.151.103:46717, 4086c8fe-6833-427c-bdb8-ba1cab517569:192.168.151.103:39661] with ContainerStateMachine:uninitialized
2019-09-27 09:52:15,166 [pool-47-thread-1] INFO  server.RaftServerConfigKeys (ConfUtils.java:logGet(43)) - raft.server.sleep.deviation.threshold = 300 (default)
2019-09-27 09:52:15,166 [pool-117-thread-1] INFO  server.RaftServerConfigKeys (ConfUtils.java:logGet(43)) - raft.server.rpc.timeout.min = 5s (custom)
2019-09-27 09:52:15,166 [pool-47-thread-1] INFO  server.RaftServerConfigKeys (ConfUtils.java:logGet(43)) - raft.server.log.appender.install.snapshot.enabled = false (custom)
2019-09-27 09:52:15,166 [pool-117-thread-1] INFO  server.RaftServerConfigKeys (ConfUtils.java:logGet(43)) - raft.server.rpc.timeout.max = 5200ms (custom)
2019-09-27 09:52:15,167 [pool-47-thread-1] INFO  impl.RaftServerImpl (ServerState.java:<init>(103)) - a8c068ea-62f3-4e92-8bab-cb78a32fa14d@group-E0E41C1599F9: ConfigurationManager, init=-1: [a8c068ea-62f3-4e92-8bab-cb78a32fa14d:192.168.151.103:40076, 8ba5199e-bc13-4980-9432-390e97d7087b:192.168.151.103:46717, 4086c8fe-6833-427c-bdb8-ba1cab517569:192.168.151.103:39661], old=null, confs=<EMPTY_MAP>
2019-09-27 09:52:15,167 [pool-117-thread-1] INFO  server.RaftServerConfigKeys (ConfUtils.java:logGet(43)) - raft.server.rpcslowness.timeout = 120s (custom)
2019-09-27 09:52:15,167 [pool-47-thread-1] INFO  server.RaftServerConfigKeys (ConfUtils.java:logGet(43)) - raft.server.storage.dir = [/workdir/hadoop-ozone/integration-test/target/test-dir/MiniOzoneClusterImpl-c7877029-e657-495a-8fe1-46207200c0e4/datanode-2/data/ratis] (custom)
2019-09-27 09:52:15,167 [pool-117-thread-1] INFO  server.RaftServerConfigKeys (ConfUtils.java:logGet(43)) - raft.server.sleep.deviation.threshold = 300 (default)
2019-09-27 09:52:15,167 [pool-117-thread-1] INFO  server.RaftServerConfigKeys (ConfUtils.java:logGet(43)) - raft.server.log.appender.install.snapshot.enabled = false (custom)
2019-09-27 09:52:15,167 [pool-117-thread-1] INFO  impl.RaftServerImpl (ServerState.java:<init>(103)) - 4086c8fe-6833-427c-bdb8-ba1cab517569@group-E0E41C1599F9: ConfigurationManager, init=-1: [a8c068ea-62f3-4e92-8bab-cb78a32fa14d:192.168.151.103:40076, 8ba5199e-bc13-4980-9432-390e97d7087b:192.168.151.103:46717, 4086c8fe-6833-427c-bdb8-ba1cab517569:192.168.151.103:39661], old=null, confs=<EMPTY_MAP>
2019-09-27 09:52:15,167 [pool-47-thread-1] INFO  storage.RaftStorageDirectory (RaftStorageDirectory.java:analyzeStorage(246)) - The storage directory /workdir/hadoop-ozone/integration-test/target/test-dir/MiniOzoneClusterImpl-c7877029-e657-495a-8fe1-46207200c0e4/datanode-2/data/ratis/ff2a949d-1e62-49cc-9414-e0e41c1599f9 does not exist. Creating ...
2019-09-27 09:52:15,168 [pool-117-thread-1] INFO  server.RaftServerConfigKeys (ConfUtils.java:logGet(43)) - raft.server.storage.dir = [/workdir/hadoop-ozone/integration-test/target/test-dir/MiniOzoneClusterImpl-c7877029-e657-495a-8fe1-46207200c0e4/datanode-9/data/ratis] (custom)
2019-09-27 09:52:15,168 [pool-117-thread-1] INFO  storage.RaftStorageDirectory (RaftStorageDirectory.java:analyzeStorage(246)) - The storage directory /workdir/hadoop-ozone/integration-test/target/test-dir/MiniOzoneClusterImpl-c7877029-e657-495a-8fe1-46207200c0e4/datanode-9/data/ratis/ff2a949d-1e62-49cc-9414-e0e41c1599f9 does not exist. Creating ...
2019-09-27 09:52:15,179 [pool-47-thread-1] INFO  storage.RaftStorageDirectory (RaftStorageDirectory.java:tryLock(328)) - Lock on /workdir/hadoop-ozone/integration-test/target/test-dir/MiniOzoneClusterImpl-c7877029-e657-495a-8fe1-46207200c0e4/datanode-2/data/ratis/ff2a949d-1e62-49cc-9414-e0e41c1599f9/in_use.lock acquired by nodename 26505@pr-hdds2162-4fxhj-20988671
2019-09-27 09:52:15,179 [pool-117-thread-1] INFO  storage.RaftStorageDirectory (RaftStorageDirectory.java:tryLock(328)) - Lock on /workdir/hadoop-ozone/integration-test/target/test-dir/MiniOzoneClusterImpl-c7877029-e657-495a-8fe1-46207200c0e4/datanode-9/data/ratis/ff2a949d-1e62-49cc-9414-e0e41c1599f9/in_use.lock acquired by nodename 26505@pr-hdds2162-4fxhj-20988671
2019-09-27 09:52:15,179 [pool-77-thread-1] INFO  storage.RaftStorageDirectory (RaftStorageDirectory.java:tryLock(328)) - Lock on /workdir/hadoop-ozone/integration-test/target/test-dir/MiniOzoneClusterImpl-c7877029-e657-495a-8fe1-46207200c0e4/datanode-5/data/ratis/ff2a949d-1e62-49cc-9414-e0e41c1599f9/in_use.lock acquired by nodename 26505@pr-hdds2162-4fxhj-20988671
2019-09-27 09:52:15,205 [pool-47-thread-1] INFO  storage.RaftStorage (RaftStorage.java:format(72)) - Storage directory /workdir/hadoop-ozone/integration-test/target/test-dir/MiniOzoneClusterImpl-c7877029-e657-495a-8fe1-46207200c0e4/datanode-2/data/ratis/ff2a949d-1e62-49cc-9414-e0e41c1599f9 has been successfully formatted.
2019-09-27 09:52:15,205 [pool-117-thread-1] INFO  storage.RaftStorage (RaftStorage.java:format(72)) - Storage directory /workdir/hadoop-ozone/integration-test/target/test-dir/MiniOzoneClusterImpl-c7877029-e657-495a-8fe1-46207200c0e4/datanode-9/data/ratis/ff2a949d-1e62-49cc-9414-e0e41c1599f9 has been successfully formatted.
2019-09-27 09:52:15,205 [pool-77-thread-1] INFO  storage.RaftStorage (RaftStorage.java:format(72)) - Storage directory /workdir/hadoop-ozone/integration-test/target/test-dir/MiniOzoneClusterImpl-c7877029-e657-495a-8fe1-46207200c0e4/datanode-5/data/ratis/ff2a949d-1e62-49cc-9414-e0e41c1599f9 has been successfully formatted.
2019-09-27 09:52:15,205 [pool-47-thread-1] INFO  ratis.ContainerStateMachine (ContainerStateMachine.java:loadSnapshot(230)) - group-E0E41C1599F9: The snapshot info is null. Setting the last applied indexto:(t:0, i:~)
2019-09-27 09:52:15,205 [pool-117-thread-1] INFO  ratis.ContainerStateMachine (ContainerStateMachine.java:loadSnapshot(230)) - group-E0E41C1599F9: The snapshot info is null. Setting the last applied indexto:(t:0, i:~)
2019-09-27 09:52:15,206 [pool-77-thread-1] INFO  ratis.ContainerStateMachine (ContainerStateMachine.java:loadSnapshot(230)) - group-E0E41C1599F9: The snapshot info is null. Setting the last applied indexto:(t:0, i:~)
2019-09-27 09:52:15,206 [pool-47-thread-1] INFO  server.RaftServerConfigKeys (ConfUtils.java:logGet(43)) - raft.server.notification.no-leader.timeout = 120s (custom)
2019-09-27 09:52:15,206 [pool-77-thread-1] INFO  server.RaftServerConfigKeys (ConfUtils.java:logGet(43)) - raft.server.notification.no-leader.timeout = 120s (custom)
2019-09-27 09:52:15,206 [pool-117-thread-1] INFO  server.RaftServerConfigKeys (ConfUtils.java:logGet(43)) - raft.server.notification.no-leader.timeout = 120s (custom)
2019-09-27 09:52:15,206 [pool-77-thread-1] INFO  server.RaftServerConfigKeys (ConfUtils.java:logGet(43)) - raft.server.log.use.memory = false (default)
2019-09-27 09:52:15,206 [pool-47-thread-1] INFO  server.RaftServerConfigKeys (ConfUtils.java:logGet(43)) - raft.server.log.use.memory = false (default)
2019-09-27 09:52:15,206 [pool-77-thread-1] INFO  server.RaftServerConfigKeys (ConfUtils.java:logGet(43)) - raft.server.log.purge.gap = 1000000 (custom)
2019-09-27 09:52:15,206 [pool-117-thread-1] INFO  server.RaftServerConfigKeys (ConfUtils.java:logGet(43)) - raft.server.log.use.memory = false (default)
2019-09-27 09:52:15,207 [pool-77-thread-1] INFO  server.RaftServerConfigKeys (ConfUtils.java:logGet(43)) - raft.server.log.appender.buffer.byte-limit = 33554432 (custom)
2019-09-27 09:52:15,207 [pool-47-thread-1] INFO  server.RaftServerConfigKeys (ConfUtils.java:logGet(43)) - raft.server.log.purge.gap = 1000000 (custom)
2019-09-27 09:52:15,207 [pool-77-thread-1] INFO  server.RaftServerConfigKeys (ConfUtils.java:logGet(43)) - raft.server.log.segment.size.max = 1048576 (custom)
2019-09-27 09:52:15,207 [pool-117-thread-1] INFO  server.RaftServerConfigKeys (ConfUtils.java:logGet(43)) - raft.server.log.purge.gap = 1000000 (custom)
2019-09-27 09:52:15,208 [pool-77-thread-1] INFO  server.RaftServerConfigKeys (ConfUtils.java:logGet(43)) - raft.server.log.segment.cache.num.max = 2 (custom)
2019-09-27 09:52:15,207 [pool-47-thread-1] INFO  server.RaftServerConfigKeys (ConfUtils.java:logGet(43)) - raft.server.log.appender.buffer.byte-limit = 33554432 (custom)
2019-09-27 09:52:15,208 [pool-77-thread-1] INFO  segmented.SegmentedRaftLogWorker (SegmentedRaftLogWorker.java:<init>(172)) - new 8ba5199e-bc13-4980-9432-390e97d7087b@group-E0E41C1599F9-SegmentedRaftLogWorker for RaftStorage:Storage Directory /workdir/hadoop-ozone/integration-test/target/test-dir/MiniOzoneClusterImpl-c7877029-e657-495a-8fe1-46207200c0e4/datanode-5/data/ratis/ff2a949d-1e62-49cc-9414-e0e41c1599f9
2019-09-27 09:52:15,208 [pool-117-thread-1] INFO  server.RaftServerConfigKeys (ConfUtils.java:logGet(43)) - raft.server.log.appender.buffer.byte-limit = 33554432 (custom)
2019-09-27 09:52:15,208 [pool-77-thread-1] INFO  server.RaftServerConfigKeys (ConfUtils.java:logGet(43)) - raft.server.log.queue.byte-limit = 2147483647 (custom)
2019-09-27 09:52:15,208 [pool-47-thread-1] INFO  server.RaftServerConfigKeys (ConfUtils.java:logGet(43)) - raft.server.log.segment.size.max = 1048576 (custom)
2019-09-27 09:52:15,209 [pool-77-thread-1] INFO  server.RaftServerConfigKeys (ConfUtils.java:logGet(43)) - raft.server.log.queue.element-limit = 1024 (custom)
2019-09-27 09:52:15,208 [pool-117-thread-1] INFO  server.RaftServerConfigKeys (ConfUtils.java:logGet(43)) - raft.server.log.segment.size.max = 1048576 (custom)
2019-09-27 09:52:15,209 [pool-77-thread-1] INFO  server.RaftServerConfigKeys (ConfUtils.java:logGet(43)) - raft.server.log.segment.size.max = 1048576 (custom)
2019-09-27 09:52:15,209 [pool-77-thread-1] INFO  server.RaftServerConfigKeys (ConfUtils.java:logGet(43)) - raft.server.log.preallocated.size = 16384 (custom)
2019-09-27 09:52:15,209 [pool-47-thread-1] INFO  server.RaftServerConfigKeys (ConfUtils.java:logGet(43)) - raft.server.log.segment.cache.num.max = 2 (custom)
2019-09-27 09:52:15,209 [pool-77-thread-1] INFO  server.RaftServerConfigKeys (ConfUtils.java:logGet(43)) - raft.server.log.write.buffer.size = 33554432 (custom)
2019-09-27 09:52:15,210 [pool-77-thread-1] INFO  server.RaftServerConfigKeys (ConfUtils.java:logGet(43)) - raft.server.log.force.sync.num = 128 (default)
2019-09-27 09:52:15,209 [pool-117-thread-1] INFO  server.RaftServerConfigKeys (ConfUtils.java:logGet(43)) - raft.server.log.segment.cache.num.max = 2 (custom)
2019-09-27 09:52:15,210 [pool-77-thread-1] INFO  server.RaftServerConfigKeys (ConfUtils.java:logGet(43)) - raft.server.log.statemachine.data.sync = true (default)
2019-09-27 09:52:15,210 [pool-47-thread-1] INFO  segmented.SegmentedRaftLogWorker (SegmentedRaftLogWorker.java:<init>(172)) - new a8c068ea-62f3-4e92-8bab-cb78a32fa14d@group-E0E41C1599F9-SegmentedRaftLogWorker for RaftStorage:Storage Directory /workdir/hadoop-ozone/integration-test/target/test-dir/MiniOzoneClusterImpl-c7877029-e657-495a-8fe1-46207200c0e4/datanode-2/data/ratis/ff2a949d-1e62-49cc-9414-e0e41c1599f9
2019-09-27 09:52:15,210 [pool-77-thread-1] INFO  server.RaftServerConfigKeys (ConfUtils.java:logGet(43)) - raft.server.log.statemachine.data.sync.timeout = 10s (default)
2019-09-27 09:52:15,210 [pool-117-thread-1] INFO  segmented.SegmentedRaftLogWorker (SegmentedRaftLogWorker.java:<init>(172)) - new 4086c8fe-6833-427c-bdb8-ba1cab517569@group-E0E41C1599F9-SegmentedRaftLogWorker for RaftStorage:Storage Directory /workdir/hadoop-ozone/integration-test/target/test-dir/MiniOzoneClusterImpl-c7877029-e657-495a-8fe1-46207200c0e4/datanode-9/data/ratis/ff2a949d-1e62-49cc-9414-e0e41c1599f9
2019-09-27 09:52:15,211 [pool-77-thread-1] INFO  server.RaftServerConfigKeys (ConfUtils.java:logGet(43)) - raft.server.log.statemachine.data.sync.timeout.retry = -1 (default)
2019-09-27 09:52:15,211 [pool-47-thread-1] INFO  server.RaftServerConfigKeys (ConfUtils.java:logGet(43)) - raft.server.log.queue.byte-limit = 2147483647 (custom)
2019-09-27 09:52:15,211 [pool-77-thread-1] INFO  server.RaftServerConfigKeys (ConfUtils.java:logGet(43)) - raft.server.log.statemachine.data.caching.enabled = true (custom)
2019-09-27 09:52:15,211 [pool-117-thread-1] INFO  server.RaftServerConfigKeys (ConfUtils.java:logGet(43)) - raft.server.log.queue.byte-limit = 2147483647 (custom)
2019-09-27 09:52:15,211 [pool-47-thread-1] INFO  server.RaftServerConfigKeys (ConfUtils.java:logGet(43)) - raft.server.log.queue.element-limit = 1024 (custom)
2019-09-27 09:52:15,212 [pool-117-thread-1] INFO  server.RaftServerConfigKeys (ConfUtils.java:logGet(43)) - raft.server.log.queue.element-limit = 1024 (custom)
2019-09-27 09:52:15,212 [pool-77-thread-1] INFO  segmented.SegmentedRaftLogWorker (SegmentedRaftLogWorker.java:lambda$new$0(132)) - 8ba5199e-bc13-4980-9432-390e97d7087b@group-E0E41C1599F9-SegmentedRaftLogWorker: flushIndex: setUnconditionally 0 -> -1
2019-09-27 09:52:15,212 [pool-117-thread-1] INFO  server.RaftServerConfigKeys (ConfUtils.java:logGet(43)) - raft.server.log.segment.size.max = 1048576 (custom)
2019-09-27 09:52:15,212 [pool-47-thread-1] INFO  server.RaftServerConfigKeys (ConfUtils.java:logGet(43)) - raft.server.log.segment.size.max = 1048576 (custom)
2019-09-27 09:52:15,212 [pool-117-thread-1] INFO  server.RaftServerConfigKeys (ConfUtils.java:logGet(43)) - raft.server.log.preallocated.size = 16384 (custom)
2019-09-27 09:52:15,212 [pool-77-thread-1] INFO  server.RaftServerConfigKeys (ConfUtils.java:logGet(43)) - raft.server.snapshot.auto.trigger.enabled = true (custom)
2019-09-27 09:52:15,213 [pool-117-thread-1] INFO  server.RaftServerConfigKeys (ConfUtils.java:logGet(43)) - raft.server.log.write.buffer.size = 33554432 (custom)
2019-09-27 09:52:15,212 [pool-47-thread-1] INFO  server.RaftServerConfigKeys (ConfUtils.java:logGet(43)) - raft.server.log.preallocated.size = 16384 (custom)
2019-09-27 09:52:15,213 [pool-117-thread-1] INFO  server.RaftServerConfigKeys (ConfUtils.java:logGet(43)) - raft.server.log.force.sync.num = 128 (default)
2019-09-27 09:52:15,213 [pool-77-thread-1] INFO  server.RaftServerConfigKeys (ConfUtils.java:logGet(43)) - raft.server.snapshot.auto.trigger.threshold = 10000 (custom)
2019-09-27 09:52:15,213 [pool-117-thread-1] INFO  server.RaftServerConfigKeys (ConfUtils.java:logGet(43)) - raft.server.log.statemachine.data.sync = true (default)
2019-09-27 09:52:15,213 [pool-47-thread-1] INFO  server.RaftServerConfigKeys (ConfUtils.java:logGet(43)) - raft.server.log.write.buffer.size = 33554432 (custom)
2019-09-27 09:52:15,214 [pool-117-thread-1] INFO  server.RaftServerConfigKeys (ConfUtils.java:logGet(43)) - raft.server.log.statemachine.data.sync.timeout = 10s (default)
2019-09-27 09:52:15,213 [pool-77-thread-1] INFO  server.RaftServerConfigKeys (ConfUtils.java:logGet(43)) - raft.server.snapshot.retention.num.files = 5 (custom)
2019-09-27 09:52:15,214 [pool-117-thread-1] INFO  server.RaftServerConfigKeys (ConfUtils.java:logGet(43)) - raft.server.log.statemachine.data.sync.timeout.retry = -1 (default)
2019-09-27 09:52:15,214 [pool-47-thread-1] INFO  server.RaftServerConfigKeys (ConfUtils.java:logGet(43)) - raft.server.log.force.sync.num = 128 (default)
2019-09-27 09:52:15,214 [pool-117-thread-1] INFO  server.RaftServerConfigKeys (ConfUtils.java:logGet(43)) - raft.server.log.statemachine.data.caching.enabled = true (custom)
2019-09-27 09:52:15,214 [pool-77-thread-1] INFO  server.RaftServerConfigKeys (ConfUtils.java:logGet(43)) - raft.server.retrycache.expirytime = 600000ms (custom)
2019-09-27 09:52:15,214 [pool-47-thread-1] INFO  server.RaftServerConfigKeys (ConfUtils.java:logGet(43)) - raft.server.log.statemachine.data.sync = true (default)
2019-09-27 09:52:15,215 [pool-117-thread-1] INFO  segmented.SegmentedRaftLogWorker (SegmentedRaftLogWorker.java:lambda$new$0(132)) - 4086c8fe-6833-427c-bdb8-ba1cab517569@group-E0E41C1599F9-SegmentedRaftLogWorker: flushIndex: setUnconditionally 0 -> -1
2019-09-27 09:52:15,215 [pool-47-thread-1] INFO  server.RaftServerConfigKeys (ConfUtils.java:logGet(43)) - raft.server.log.statemachine.data.sync.timeout = 10s (default)
2019-09-27 09:52:15,215 [pool-47-thread-1] INFO  server.RaftServerConfigKeys (ConfUtils.java:logGet(43)) - raft.server.log.statemachine.data.sync.timeout.retry = -1 (default)
2019-09-27 09:52:15,215 [pool-117-thread-1] INFO  server.RaftServerConfigKeys (ConfUtils.java:logGet(43)) - raft.server.snapshot.auto.trigger.enabled = true (custom)
2019-09-27 09:52:15,216 [pool-47-thread-1] INFO  server.RaftServerConfigKeys (ConfUtils.java:logGet(43)) - raft.server.log.statemachine.data.caching.enabled = true (custom)
2019-09-27 09:52:15,216 [pool-117-thread-1] INFO  server.RaftServerConfigKeys (ConfUtils.java:logGet(43)) - raft.server.snapshot.auto.trigger.threshold = 10000 (custom)
2019-09-27 09:52:15,216 [pool-117-thread-1] INFO  server.RaftServerConfigKeys (ConfUtils.java:logGet(43)) - raft.server.snapshot.retention.num.files = 5 (custom)
2019-09-27 09:52:15,216 [pool-47-thread-1] INFO  segmented.SegmentedRaftLogWorker (SegmentedRaftLogWorker.java:lambda$new$0(132)) - a8c068ea-62f3-4e92-8bab-cb78a32fa14d@group-E0E41C1599F9-SegmentedRaftLogWorker: flushIndex: setUnconditionally 0 -> -1
2019-09-27 09:52:15,216 [pool-117-thread-1] INFO  server.RaftServerConfigKeys (ConfUtils.java:logGet(43)) - raft.server.retrycache.expirytime = 600000ms (custom)
2019-09-27 09:52:15,216 [pool-47-thread-1] INFO  server.RaftServerConfigKeys (ConfUtils.java:logGet(43)) - raft.server.snapshot.auto.trigger.enabled = true (custom)
2019-09-27 09:52:15,217 [pool-47-thread-1] INFO  server.RaftServerConfigKeys (ConfUtils.java:logGet(43)) - raft.server.snapshot.auto.trigger.threshold = 10000 (custom)
2019-09-27 09:52:15,217 [pool-47-thread-1] INFO  server.RaftServerConfigKeys (ConfUtils.java:logGet(43)) - raft.server.snapshot.retention.num.files = 5 (custom)
2019-09-27 09:52:15,217 [pool-47-thread-1] INFO  server.RaftServerConfigKeys (ConfUtils.java:logGet(43)) - raft.server.retrycache.expirytime = 600000ms (custom)
2019-09-27 09:52:15,218 [pool-77-thread-1] INFO  impl.RaftServerImpl (RaftServerImpl.java:start(185)) - 8ba5199e-bc13-4980-9432-390e97d7087b@group-E0E41C1599F9: start as a follower, conf=-1: [a8c068ea-62f3-4e92-8bab-cb78a32fa14d:192.168.151.103:40076, 8ba5199e-bc13-4980-9432-390e97d7087b:192.168.151.103:46717, 4086c8fe-6833-427c-bdb8-ba1cab517569:192.168.151.103:39661], old=null
2019-09-27 09:52:15,218 [pool-77-thread-1] INFO  impl.RaftServerImpl (RaftServerImpl.java:setRole(174)) - 8ba5199e-bc13-4980-9432-390e97d7087b@group-E0E41C1599F9: changes role from      null to FOLLOWER at term 0 for startAsFollower
2019-09-27 09:52:15,218 [pool-77-thread-1] INFO  impl.RoleInfo (RoleInfo.java:updateAndGet(143)) - 8ba5199e-bc13-4980-9432-390e97d7087b: start FollowerState
2019-09-27 09:52:15,219 [pool-77-thread-1] INFO  util.JmxRegister (JmxRegister.java:tryRegister(44)) - Successfully registered JMX Bean with object name Ratis:service=RaftServer,group=group-E0E41C1599F9,id=8ba5199e-bc13-4980-9432-390e97d7087b
2019-09-27 09:52:15,220 [pool-117-thread-1] INFO  impl.RaftServerImpl (RaftServerImpl.java:start(185)) - 4086c8fe-6833-427c-bdb8-ba1cab517569@group-E0E41C1599F9: start as a follower, conf=-1: [a8c068ea-62f3-4e92-8bab-cb78a32fa14d:192.168.151.103:40076, 8ba5199e-bc13-4980-9432-390e97d7087b:192.168.151.103:46717, 4086c8fe-6833-427c-bdb8-ba1cab517569:192.168.151.103:39661], old=null
2019-09-27 09:52:15,220 [pool-117-thread-1] INFO  impl.RaftServerImpl (RaftServerImpl.java:setRole(174)) - 4086c8fe-6833-427c-bdb8-ba1cab517569@group-E0E41C1599F9: changes role from      null to FOLLOWER at term 0 for startAsFollower
2019-09-27 09:52:15,220 [pool-47-thread-1] INFO  impl.RaftServerImpl (RaftServerImpl.java:start(185)) - a8c068ea-62f3-4e92-8bab-cb78a32fa14d@group-E0E41C1599F9: start as a follower, conf=-1: [a8c068ea-62f3-4e92-8bab-cb78a32fa14d:192.168.151.103:40076, 8ba5199e-bc13-4980-9432-390e97d7087b:192.168.151.103:46717, 4086c8fe-6833-427c-bdb8-ba1cab517569:192.168.151.103:39661], old=null
2019-09-27 09:52:15,221 [pool-117-thread-1] INFO  impl.RoleInfo (RoleInfo.java:updateAndGet(143)) - 4086c8fe-6833-427c-bdb8-ba1cab517569: start FollowerState
2019-09-27 09:52:15,221 [pool-47-thread-1] INFO  impl.RaftServerImpl (RaftServerImpl.java:setRole(174)) - a8c068ea-62f3-4e92-8bab-cb78a32fa14d@group-E0E41C1599F9: changes role from      null to FOLLOWER at term 0 for startAsFollower
2019-09-27 09:52:15,221 [pool-47-thread-1] INFO  impl.RoleInfo (RoleInfo.java:updateAndGet(143)) - a8c068ea-62f3-4e92-8bab-cb78a32fa14d: start FollowerState
2019-09-27 09:52:15,221 [pool-117-thread-1] INFO  util.JmxRegister (JmxRegister.java:tryRegister(44)) - Successfully registered JMX Bean with object name Ratis:service=RaftServer,group=group-E0E41C1599F9,id=4086c8fe-6833-427c-bdb8-ba1cab517569
2019-09-27 09:52:15,222 [pool-47-thread-1] INFO  util.JmxRegister (JmxRegister.java:tryRegister(44)) - Successfully registered JMX Bean with object name Ratis:service=RaftServer,group=group-E0E41C1599F9,id=a8c068ea-62f3-4e92-8bab-cb78a32fa14d
2019-09-27 09:52:15,232 [RatisPipelineUtilsThread] INFO  pipeline.PipelineStateManager (PipelineStateManager.java:addPipeline(56)) - Created pipeline Pipeline[ Id: ff2a949d-1e62-49cc-9414-e0e41c1599f9, Nodes: 8ba5199e-bc13-4980-9432-390e97d7087b{ip: 192.168.151.103, host: pr-hdds2162-4fxhj-20988671, networkLocation: /default-rack, certSerialId: null}a8c068ea-62f3-4e92-8bab-cb78a32fa14d{ip: 192.168.151.103, host: pr-hdds2162-4fxhj-20988671, networkLocation: /default-rack, certSerialId: null}4086c8fe-6833-427c-bdb8-ba1cab517569{ip: 192.168.151.103, host: pr-hdds2162-4fxhj-20988671, networkLocation: /default-rack, certSerialId: null}, Type:RATIS, Factor:THREE, State:OPEN]
2019-09-27 09:52:15,745 [Thread-283] INFO  container.ReplicationManager (ReplicationManager.java:start(162)) - Starting Replication Monitor Thread.
2019-09-27 09:52:15,747 [ReplicationMonitor] INFO  container.ReplicationManager (ReplicationManager.java:run(225)) - Replication Monitor Thread took 1 milliseconds for processing 0 containers.
2019-09-27 09:52:15,783 [main] INFO  ipc.Client (Client.java:handleConnectionFailure(948)) - Retrying connect to server: localhost/127.0.0.1:0. Already tried 0 time(s); retry policy is RetryUpToMaximumCountWithFixedSleep(maxRetries=10, sleepTime=1000 MILLISECONDS)
2019-09-27 09:52:16,785 [main] INFO  ipc.Client (Client.java:handleConnectionFailure(948)) - Retrying connect to server: localhost/127.0.0.1:0. Already tried 1 time(s); retry policy is RetryUpToMaximumCountWithFixedSleep(maxRetries=10, sleepTime=1000 MILLISECONDS)
2019-09-27 09:52:17,786 [main] INFO  ipc.Client (Client.java:handleConnectionFailure(948)) - Retrying connect to server: localhost/127.0.0.1:0. Already tried 2 time(s); retry policy is RetryUpToMaximumCountWithFixedSleep(maxRetries=10, sleepTime=1000 MILLISECONDS)
2019-09-27 09:52:18,737 [Thread-285] INFO  impl.FollowerState (FollowerState.java:run(106)) - 68fd3f2f-bb68-4e1b-9abe-e06c598958dc:group-6A9C77B37D30 changes to CANDIDATE, lastRpcTime:5134, electionTimeout:5133ms
2019-09-27 09:52:18,745 [Thread-285] INFO  impl.RoleInfo (RoleInfo.java:shutdownFollowerState(121)) - 68fd3f2f-bb68-4e1b-9abe-e06c598958dc: shutdown FollowerState
2019-09-27 09:52:18,745 [Thread-285] INFO  impl.RaftServerImpl (RaftServerImpl.java:setRole(174)) - 68fd3f2f-bb68-4e1b-9abe-e06c598958dc@group-6A9C77B37D30: changes role from  FOLLOWER to CANDIDATE at term 0 for changeToCandidate
2019-09-27 09:52:18,755 [Thread-285] INFO  impl.RoleInfo (RoleInfo.java:updateAndGet(143)) - 68fd3f2f-bb68-4e1b-9abe-e06c598958dc: start LeaderElection
2019-09-27 09:52:18,776 [68fd3f2f-bb68-4e1b-9abe-e06c598958dc@group-6A9C77B37D30:LeaderElection1] INFO  impl.LeaderElection (LeaderElection.java:askForVotes(182)) - 68fd3f2f-bb68-4e1b-9abe-e06c598958dc@group-6A9C77B37D30:LeaderElection1: begin an election at term 1 for -1: [68fd3f2f-bb68-4e1b-9abe-e06c598958dc:192.168.151.103:43348], old=null
2019-09-27 09:52:18,779 [68fd3f2f-bb68-4e1b-9abe-e06c598958dc@group-6A9C77B37D30:LeaderElection1] INFO  impl.RoleInfo (RoleInfo.java:shutdownLeaderElection(134)) - 68fd3f2f-bb68-4e1b-9abe-e06c598958dc: shutdown LeaderElection
2019-09-27 09:52:18,780 [68fd3f2f-bb68-4e1b-9abe-e06c598958dc@group-6A9C77B37D30:LeaderElection1] INFO  impl.RaftServerImpl (RaftServerImpl.java:setRole(174)) - 68fd3f2f-bb68-4e1b-9abe-e06c598958dc@group-6A9C77B37D30: changes role from CANDIDATE to LEADER at term 1 for changeToLeader
2019-09-27 09:52:18,780 [68fd3f2f-bb68-4e1b-9abe-e06c598958dc@group-6A9C77B37D30:LeaderElection1] INFO  impl.RaftServerImpl (ServerState.java:setLeader(253)) - 68fd3f2f-bb68-4e1b-9abe-e06c598958dc@group-6A9C77B37D30: change Leader from null to 68fd3f2f-bb68-4e1b-9abe-e06c598958dc at term 1 for becomeLeader, leader elected after 5307ms
2019-09-27 09:52:18,787 [main] INFO  ipc.Client (Client.java:handleConnectionFailure(948)) - Retrying connect to server: localhost/127.0.0.1:0. Already tried 3 time(s); retry policy is RetryUpToMaximumCountWithFixedSleep(maxRetries=10, sleepTime=1000 MILLISECONDS)
2019-09-27 09:52:18,787 [68fd3f2f-bb68-4e1b-9abe-e06c598958dc@group-6A9C77B37D30:LeaderElection1] INFO  server.RaftServerConfigKeys (ConfUtils.java:logGet(43)) - raft.server.staging.catchup.gap = 1000 (default)
2019-09-27 09:52:18,788 [68fd3f2f-bb68-4e1b-9abe-e06c598958dc@group-6A9C77B37D30:LeaderElection1] INFO  server.RaftServerConfigKeys (ConfUtils.java:logGet(43)) - raft.server.rpc.sleep.time = 25ms (default)
2019-09-27 09:52:18,793 [68fd3f2f-bb68-4e1b-9abe-e06c598958dc@group-6A9C77B37D30:LeaderElection1] INFO  server.RaftServerConfigKeys (ConfUtils.java:logGet(43)) - raft.server.write.element-limit = 4096 (default)
2019-09-27 09:52:18,806 [68fd3f2f-bb68-4e1b-9abe-e06c598958dc@group-6A9C77B37D30:LeaderElection1] INFO  server.RaftServerConfigKeys (ConfUtils.java:logGet(43)) - raft.server.watch.timeout = 10s (default)
2019-09-27 09:52:18,806 [68fd3f2f-bb68-4e1b-9abe-e06c598958dc@group-6A9C77B37D30:LeaderElection1] INFO  server.RaftServerConfigKeys (ConfUtils.java:logGet(43)) - raft.server.watch.timeout.denomination = 1s (default)
2019-09-27 09:52:18,808 [68fd3f2f-bb68-4e1b-9abe-e06c598958dc@group-6A9C77B37D30:LeaderElection1] INFO  server.RaftServerConfigKeys (ConfUtils.java:logGet(43)) - raft.server.watch.element-limit = 65536 (default)
2019-09-27 09:52:18,822 [68fd3f2f-bb68-4e1b-9abe-e06c598958dc@group-6A9C77B37D30:LeaderElection1] INFO  impl.RoleInfo (RoleInfo.java:updateAndGet(143)) - 68fd3f2f-bb68-4e1b-9abe-e06c598958dc: start LeaderState
2019-09-27 09:52:18,849 [68fd3f2f-bb68-4e1b-9abe-e06c598958dc@group-6A9C77B37D30:LeaderElection1] INFO  segmented.SegmentedRaftLogWorker (SegmentedRaftLogWorker.java:startLogSegment(380)) - 68fd3f2f-bb68-4e1b-9abe-e06c598958dc@group-6A9C77B37D30-SegmentedRaftLogWorker: Starting segment from index:0
2019-09-27 09:52:18,858 [68fd3f2f-bb68-4e1b-9abe-e06c598958dc@group-6A9C77B37D30:LeaderElection1] INFO  impl.RaftServerImpl (ServerState.java:setRaftConf(354)) - 68fd3f2f-bb68-4e1b-9abe-e06c598958dc@group-6A9C77B37D30: set configuration 0: [68fd3f2f-bb68-4e1b-9abe-e06c598958dc:192.168.151.103:43348], old=null at 0
2019-09-27 09:52:19,005 [Thread-288] INFO  impl.FollowerState (FollowerState.java:run(106)) - fb4382cd-aae1-4392-b31d-66bc5152045f:group-F92E9056EB5B changes to CANDIDATE, lastRpcTime:5085, electionTimeout:5083ms
2019-09-27 09:52:19,008 [Thread-288] INFO  impl.RoleInfo (RoleInfo.java:shutdownFollowerState(121)) - fb4382cd-aae1-4392-b31d-66bc5152045f: shutdown FollowerState
2019-09-27 09:52:19,009 [Thread-288] INFO  impl.RaftServerImpl (RaftServerImpl.java:setRole(174)) - fb4382cd-aae1-4392-b31d-66bc5152045f@group-F92E9056EB5B: changes role from  FOLLOWER to CANDIDATE at term 0 for changeToCandidate
2019-09-27 09:52:19,009 [Thread-288] INFO  impl.RoleInfo (RoleInfo.java:updateAndGet(143)) - fb4382cd-aae1-4392-b31d-66bc5152045f: start LeaderElection
2019-09-27 09:52:19,031 [fb4382cd-aae1-4392-b31d-66bc5152045f@group-F92E9056EB5B:LeaderElection2] INFO  impl.LeaderElection (LeaderElection.java:askForVotes(182)) - fb4382cd-aae1-4392-b31d-66bc5152045f@group-F92E9056EB5B:LeaderElection2: begin an election at term 1 for -1: [fb4382cd-aae1-4392-b31d-66bc5152045f:192.168.151.103:46794], old=null
2019-09-27 09:52:19,070 [fb4382cd-aae1-4392-b31d-66bc5152045f@group-F92E9056EB5B:LeaderElection2] INFO  impl.RoleInfo (RoleInfo.java:shutdownLeaderElection(134)) - fb4382cd-aae1-4392-b31d-66bc5152045f: shutdown LeaderElection
2019-09-27 09:52:19,071 [fb4382cd-aae1-4392-b31d-66bc5152045f@group-F92E9056EB5B:LeaderElection2] INFO  impl.RaftServerImpl (RaftServerImpl.java:setRole(174)) - fb4382cd-aae1-4392-b31d-66bc5152045f@group-F92E9056EB5B: changes role from CANDIDATE to LEADER at term 1 for changeToLeader
2019-09-27 09:52:19,071 [fb4382cd-aae1-4392-b31d-66bc5152045f@group-F92E9056EB5B:LeaderElection2] INFO  impl.RaftServerImpl (ServerState.java:setLeader(253)) - fb4382cd-aae1-4392-b31d-66bc5152045f@group-F92E9056EB5B: change Leader from null to fb4382cd-aae1-4392-b31d-66bc5152045f at term 1 for becomeLeader, leader elected after 5169ms
2019-09-27 09:52:19,071 [fb4382cd-aae1-4392-b31d-66bc5152045f@group-F92E9056EB5B:LeaderElection2] INFO  server.RaftServerConfigKeys (ConfUtils.java:logGet(43)) - raft.server.staging.catchup.gap = 1000 (default)
2019-09-27 09:52:19,071 [fb4382cd-aae1-4392-b31d-66bc5152045f@group-F92E9056EB5B:LeaderElection2] INFO  server.RaftServerConfigKeys (ConfUtils.java:logGet(43)) - raft.server.rpc.sleep.time = 25ms (default)
2019-09-27 09:52:19,071 [fb4382cd-aae1-4392-b31d-66bc5152045f@group-F92E9056EB5B:LeaderElection2] INFO  server.RaftServerConfigKeys (ConfUtils.java:logGet(43)) - raft.server.write.element-limit = 4096 (default)
2019-09-27 09:52:19,071 [fb4382cd-aae1-4392-b31d-66bc5152045f@group-F92E9056EB5B:LeaderElection2] INFO  server.RaftServerConfigKeys (ConfUtils.java:logGet(43)) - raft.server.watch.timeout = 10s (default)
2019-09-27 09:52:19,071 [fb4382cd-aae1-4392-b31d-66bc5152045f@group-F92E9056EB5B:LeaderElection2] INFO  server.RaftServerConfigKeys (ConfUtils.java:logGet(43)) - raft.server.watch.timeout.denomination = 1s (default)
2019-09-27 09:52:19,072 [fb4382cd-aae1-4392-b31d-66bc5152045f@group-F92E9056EB5B:LeaderElection2] INFO  server.RaftServerConfigKeys (ConfUtils.java:logGet(43)) - raft.server.watch.element-limit = 65536 (default)
2019-09-27 09:52:19,074 [fb4382cd-aae1-4392-b31d-66bc5152045f@group-F92E9056EB5B:LeaderElection2] INFO  impl.RoleInfo (RoleInfo.java:updateAndGet(143)) - fb4382cd-aae1-4392-b31d-66bc5152045f: start LeaderState
2019-09-27 09:52:19,074 [fb4382cd-aae1-4392-b31d-66bc5152045f@group-F92E9056EB5B:LeaderElection2] INFO  segmented.SegmentedRaftLogWorker (SegmentedRaftLogWorker.java:startLogSegment(380)) - fb4382cd-aae1-4392-b31d-66bc5152045f@group-F92E9056EB5B-SegmentedRaftLogWorker: Starting segment from index:0
2019-09-27 09:52:19,074 [fb4382cd-aae1-4392-b31d-66bc5152045f@group-F92E9056EB5B:LeaderElection2] INFO  impl.RaftServerImpl (ServerState.java:setRaftConf(354)) - fb4382cd-aae1-4392-b31d-66bc5152045f@group-F92E9056EB5B: set configuration 0: [fb4382cd-aae1-4392-b31d-66bc5152045f:192.168.151.103:46794], old=null at 0
2019-09-27 09:52:19,118 [68fd3f2f-bb68-4e1b-9abe-e06c598958dc@group-6A9C77B37D30-SegmentedRaftLogWorker] INFO  segmented.SegmentedRaftLogWorker (SegmentedRaftLogWorker.java:execute(569)) - 68fd3f2f-bb68-4e1b-9abe-e06c598958dc@group-6A9C77B37D30-SegmentedRaftLogWorker: created new log segment /workdir/hadoop-ozone/integration-test/target/test-dir/MiniOzoneClusterImpl-c7877029-e657-495a-8fe1-46207200c0e4/datanode-0/data/ratis/54c19283-5818-41f4-974c-6a9c77b37d30/current/log_inprogress_0
2019-09-27 09:52:19,141 [fb4382cd-aae1-4392-b31d-66bc5152045f@group-F92E9056EB5B-SegmentedRaftLogWorker] INFO  segmented.SegmentedRaftLogWorker (SegmentedRaftLogWorker.java:execute(569)) - fb4382cd-aae1-4392-b31d-66bc5152045f@group-F92E9056EB5B-SegmentedRaftLogWorker: created new log segment /workdir/hadoop-ozone/integration-test/target/test-dir/MiniOzoneClusterImpl-c7877029-e657-495a-8fe1-46207200c0e4/datanode-3/data/ratis/5ee33386-355b-435e-8cf4-f92e9056eb5b/current/log_inprogress_0
2019-09-27 09:52:19,175 [Thread-291] INFO  impl.FollowerState (FollowerState.java:run(106)) - 1c6b6583-b7e4-4fe6-bf06-d800234747df:group-467CB34E1E09 changes to CANDIDATE, lastRpcTime:5066, electionTimeout:5066ms
2019-09-27 09:52:19,176 [Thread-291] INFO  impl.RoleInfo (RoleInfo.java:shutdownFollowerState(121)) - 1c6b6583-b7e4-4fe6-bf06-d800234747df: shutdown FollowerState
2019-09-27 09:52:19,176 [Thread-291] INFO  impl.RaftServerImpl (RaftServerImpl.java:setRole(174)) - 1c6b6583-b7e4-4fe6-bf06-d800234747df@group-467CB34E1E09: changes role from  FOLLOWER to CANDIDATE at term 0 for changeToCandidate
2019-09-27 09:52:19,176 [Thread-291] INFO  impl.RoleInfo (RoleInfo.java:updateAndGet(143)) - 1c6b6583-b7e4-4fe6-bf06-d800234747df: start LeaderElection
2019-09-27 09:52:19,196 [1c6b6583-b7e4-4fe6-bf06-d800234747df@group-467CB34E1E09:LeaderElection3] INFO  impl.LeaderElection (LeaderElection.java:askForVotes(182)) - 1c6b6583-b7e4-4fe6-bf06-d800234747df@group-467CB34E1E09:LeaderElection3: begin an election at term 1 for -1: [1c6b6583-b7e4-4fe6-bf06-d800234747df:192.168.151.103:46229], old=null
2019-09-27 09:52:19,199 [1c6b6583-b7e4-4fe6-bf06-d800234747df@group-467CB34E1E09:LeaderElection3] INFO  impl.RoleInfo (RoleInfo.java:shutdownLeaderElection(134)) - 1c6b6583-b7e4-4fe6-bf06-d800234747df: shutdown LeaderElection
2019-09-27 09:52:19,199 [1c6b6583-b7e4-4fe6-bf06-d800234747df@group-467CB34E1E09:LeaderElection3] INFO  impl.RaftServerImpl (RaftServerImpl.java:setRole(174)) - 1c6b6583-b7e4-4fe6-bf06-d800234747df@group-467CB34E1E09: changes role from CANDIDATE to LEADER at term 1 for changeToLeader
2019-09-27 09:52:19,199 [1c6b6583-b7e4-4fe6-bf06-d800234747df@group-467CB34E1E09:LeaderElection3] INFO  impl.RaftServerImpl (ServerState.java:setLeader(253)) - 1c6b6583-b7e4-4fe6-bf06-d800234747df@group-467CB34E1E09: change Leader from null to 1c6b6583-b7e4-4fe6-bf06-d800234747df at term 1 for becomeLeader, leader elected after 5150ms
2019-09-27 09:52:19,200 [1c6b6583-b7e4-4fe6-bf06-d800234747df@group-467CB34E1E09:LeaderElection3] INFO  server.RaftServerConfigKeys (ConfUtils.java:logGet(43)) - raft.server.staging.catchup.gap = 1000 (default)
2019-09-27 09:52:19,200 [1c6b6583-b7e4-4fe6-bf06-d800234747df@group-467CB34E1E09:LeaderElection3] INFO  server.RaftServerConfigKeys (ConfUtils.java:logGet(43)) - raft.server.rpc.sleep.time = 25ms (default)
2019-09-27 09:52:19,200 [1c6b6583-b7e4-4fe6-bf06-d800234747df@group-467CB34E1E09:LeaderElection3] INFO  server.RaftServerConfigKeys (ConfUtils.java:logGet(43)) - raft.server.write.element-limit = 4096 (default)
2019-09-27 09:52:19,200 [1c6b6583-b7e4-4fe6-bf06-d800234747df@group-467CB34E1E09:LeaderElection3] INFO  server.RaftServerConfigKeys (ConfUtils.java:logGet(43)) - raft.server.watch.timeout = 10s (default)
2019-09-27 09:52:19,200 [1c6b6583-b7e4-4fe6-bf06-d800234747df@group-467CB34E1E09:LeaderElection3] INFO  server.RaftServerConfigKeys (ConfUtils.java:logGet(43)) - raft.server.watch.timeout.denomination = 1s (default)
2019-09-27 09:52:19,200 [1c6b6583-b7e4-4fe6-bf06-d800234747df@group-467CB34E1E09:LeaderElection3] INFO  server.RaftServerConfigKeys (ConfUtils.java:logGet(43)) - raft.server.watch.element-limit = 65536 (default)
2019-09-27 09:52:19,204 [1c6b6583-b7e4-4fe6-bf06-d800234747df@group-467CB34E1E09:LeaderElection3] INFO  impl.RoleInfo (RoleInfo.java:updateAndGet(143)) - 1c6b6583-b7e4-4fe6-bf06-d800234747df: start LeaderState
2019-09-27 09:52:19,204 [1c6b6583-b7e4-4fe6-bf06-d800234747df@group-467CB34E1E09:LeaderElection3] INFO  segmented.SegmentedRaftLogWorker (SegmentedRaftLogWorker.java:startLogSegment(380)) - 1c6b6583-b7e4-4fe6-bf06-d800234747df@group-467CB34E1E09-SegmentedRaftLogWorker: Starting segment from index:0
2019-09-27 09:52:19,205 [1c6b6583-b7e4-4fe6-bf06-d800234747df@group-467CB34E1E09:LeaderElection3] INFO  impl.RaftServerImpl (ServerState.java:setRaftConf(354)) - 1c6b6583-b7e4-4fe6-bf06-d800234747df@group-467CB34E1E09: set configuration 0: [1c6b6583-b7e4-4fe6-bf06-d800234747df:192.168.151.103:46229], old=null at 0
2019-09-27 09:52:19,264 [1c6b6583-b7e4-4fe6-bf06-d800234747df@group-467CB34E1E09-SegmentedRaftLogWorker] INFO  segmented.SegmentedRaftLogWorker (SegmentedRaftLogWorker.java:execute(569)) - 1c6b6583-b7e4-4fe6-bf06-d800234747df@group-467CB34E1E09-SegmentedRaftLogWorker: created new log segment /workdir/hadoop-ozone/integration-test/target/test-dir/MiniOzoneClusterImpl-c7877029-e657-495a-8fe1-46207200c0e4/datanode-8/data/ratis/f01d7aff-5c4e-4198-aa65-467cb34e1e09/current/log_inprogress_0
2019-09-27 09:52:19,306 [Thread-294] INFO  impl.FollowerState (FollowerState.java:run(106)) - 95d968cf-ca5f-4d0b-bebe-b7dd67fbe12c:group-752936C1D4EE changes to CANDIDATE, lastRpcTime:5095, electionTimeout:5095ms
2019-09-27 09:52:19,306 [Thread-294] INFO  impl.RoleInfo (RoleInfo.java:shutdownFollowerState(121)) - 95d968cf-ca5f-4d0b-bebe-b7dd67fbe12c: shutdown FollowerState
2019-09-27 09:52:19,306 [Thread-294] INFO  impl.RaftServerImpl (RaftServerImpl.java:setRole(174)) - 95d968cf-ca5f-4d0b-bebe-b7dd67fbe12c@group-752936C1D4EE: changes role from  FOLLOWER to CANDIDATE at term 0 for changeToCandidate
2019-09-27 09:52:19,306 [Thread-294] INFO  impl.RoleInfo (RoleInfo.java:updateAndGet(143)) - 95d968cf-ca5f-4d0b-bebe-b7dd67fbe12c: start LeaderElection
2019-09-27 09:52:19,339 [95d968cf-ca5f-4d0b-bebe-b7dd67fbe12c@group-752936C1D4EE:LeaderElection4] INFO  impl.LeaderElection (LeaderElection.java:askForVotes(182)) - 95d968cf-ca5f-4d0b-bebe-b7dd67fbe12c@group-752936C1D4EE:LeaderElection4: begin an election at term 1 for -1: [95d968cf-ca5f-4d0b-bebe-b7dd67fbe12c:192.168.151.103:42662], old=null
2019-09-27 09:52:19,339 [95d968cf-ca5f-4d0b-bebe-b7dd67fbe12c@group-752936C1D4EE:LeaderElection4] INFO  impl.RoleInfo (RoleInfo.java:shutdownLeaderElection(134)) - 95d968cf-ca5f-4d0b-bebe-b7dd67fbe12c: shutdown LeaderElection
2019-09-27 09:52:19,339 [95d968cf-ca5f-4d0b-bebe-b7dd67fbe12c@group-752936C1D4EE:LeaderElection4] INFO  impl.RaftServerImpl (RaftServerImpl.java:setRole(174)) - 95d968cf-ca5f-4d0b-bebe-b7dd67fbe12c@group-752936C1D4EE: changes role from CANDIDATE to LEADER at term 1 for changeToLeader
2019-09-27 09:52:19,339 [95d968cf-ca5f-4d0b-bebe-b7dd67fbe12c@group-752936C1D4EE:LeaderElection4] INFO  impl.RaftServerImpl (ServerState.java:setLeader(253)) - 95d968cf-ca5f-4d0b-bebe-b7dd67fbe12c@group-752936C1D4EE: change Leader from null to 95d968cf-ca5f-4d0b-bebe-b7dd67fbe12c at term 1 for becomeLeader, leader elected after 5145ms
2019-09-27 09:52:19,340 [95d968cf-ca5f-4d0b-bebe-b7dd67fbe12c@group-752936C1D4EE:LeaderElection4] INFO  server.RaftServerConfigKeys (ConfUtils.java:logGet(43)) - raft.server.staging.catchup.gap = 1000 (default)
2019-09-27 09:52:19,340 [95d968cf-ca5f-4d0b-bebe-b7dd67fbe12c@group-752936C1D4EE:LeaderElection4] INFO  server.RaftServerConfigKeys (ConfUtils.java:logGet(43)) - raft.server.rpc.sleep.time = 25ms (default)
2019-09-27 09:52:19,340 [95d968cf-ca5f-4d0b-bebe-b7dd67fbe12c@group-752936C1D4EE:LeaderElection4] INFO  server.RaftServerConfigKeys (ConfUtils.java:logGet(43)) - raft.server.write.element-limit = 4096 (default)
2019-09-27 09:52:19,340 [95d968cf-ca5f-4d0b-bebe-b7dd67fbe12c@group-752936C1D4EE:LeaderElection4] INFO  server.RaftServerConfigKeys (ConfUtils.java:logGet(43)) - raft.server.watch.timeout = 10s (default)
2019-09-27 09:52:19,340 [95d968cf-ca5f-4d0b-bebe-b7dd67fbe12c@group-752936C1D4EE:LeaderElection4] INFO  server.RaftServerConfigKeys (ConfUtils.java:logGet(43)) - raft.server.watch.timeout.denomination = 1s (default)
2019-09-27 09:52:19,341 [95d968cf-ca5f-4d0b-bebe-b7dd67fbe12c@group-752936C1D4EE:LeaderElection4] INFO  server.RaftServerConfigKeys (ConfUtils.java:logGet(43)) - raft.server.watch.element-limit = 65536 (default)
2019-09-27 09:52:19,344 [95d968cf-ca5f-4d0b-bebe-b7dd67fbe12c@group-752936C1D4EE:LeaderElection4] INFO  impl.RoleInfo (RoleInfo.java:updateAndGet(143)) - 95d968cf-ca5f-4d0b-bebe-b7dd67fbe12c: start LeaderState
2019-09-27 09:52:19,344 [95d968cf-ca5f-4d0b-bebe-b7dd67fbe12c@group-752936C1D4EE:LeaderElection4] INFO  segmented.SegmentedRaftLogWorker (SegmentedRaftLogWorker.java:startLogSegment(380)) - 95d968cf-ca5f-4d0b-bebe-b7dd67fbe12c@group-752936C1D4EE-SegmentedRaftLogWorker: Starting segment from index:0
2019-09-27 09:52:19,345 [95d968cf-ca5f-4d0b-bebe-b7dd67fbe12c@group-752936C1D4EE:LeaderElection4] INFO  impl.RaftServerImpl (ServerState.java:setRaftConf(354)) - 95d968cf-ca5f-4d0b-bebe-b7dd67fbe12c@group-752936C1D4EE: set configuration 0: [95d968cf-ca5f-4d0b-bebe-b7dd67fbe12c:192.168.151.103:42662], old=null at 0
2019-09-27 09:52:19,394 [95d968cf-ca5f-4d0b-bebe-b7dd67fbe12c@group-752936C1D4EE-SegmentedRaftLogWorker] INFO  segmented.SegmentedRaftLogWorker (SegmentedRaftLogWorker.java:execute(569)) - 95d968cf-ca5f-4d0b-bebe-b7dd67fbe12c@group-752936C1D4EE-SegmentedRaftLogWorker: created new log segment /workdir/hadoop-ozone/integration-test/target/test-dir/MiniOzoneClusterImpl-c7877029-e657-495a-8fe1-46207200c0e4/datanode-7/data/ratis/4a8bda88-4962-48d7-a961-752936c1d4ee/current/log_inprogress_0
2019-09-27 09:52:19,464 [Thread-297] INFO  impl.FollowerState (FollowerState.java:run(106)) - cc790c40-6d6d-4d2d-8aaa-0c65cfb9cb08:group-DB850F076473 changes to CANDIDATE, lastRpcTime:5148, electionTimeout:5148ms
2019-09-27 09:52:19,464 [Thread-297] INFO  impl.RoleInfo (RoleInfo.java:shutdownFollowerState(121)) - cc790c40-6d6d-4d2d-8aaa-0c65cfb9cb08: shutdown FollowerState
2019-09-27 09:52:19,464 [Thread-297] INFO  impl.RaftServerImpl (RaftServerImpl.java:setRole(174)) - cc790c40-6d6d-4d2d-8aaa-0c65cfb9cb08@group-DB850F076473: changes role from  FOLLOWER to CANDIDATE at term 0 for changeToCandidate
2019-09-27 09:52:19,465 [Thread-297] INFO  impl.RoleInfo (RoleInfo.java:updateAndGet(143)) - cc790c40-6d6d-4d2d-8aaa-0c65cfb9cb08: start LeaderElection
2019-09-27 09:52:19,483 [cc790c40-6d6d-4d2d-8aaa-0c65cfb9cb08@group-DB850F076473:LeaderElection5] INFO  impl.LeaderElection (LeaderElection.java:askForVotes(182)) - cc790c40-6d6d-4d2d-8aaa-0c65cfb9cb08@group-DB850F076473:LeaderElection5: begin an election at term 1 for -1: [cc790c40-6d6d-4d2d-8aaa-0c65cfb9cb08:192.168.151.103:33881], old=null
2019-09-27 09:52:19,483 [cc790c40-6d6d-4d2d-8aaa-0c65cfb9cb08@group-DB850F076473:LeaderElection5] INFO  impl.RoleInfo (RoleInfo.java:shutdownLeaderElection(134)) - cc790c40-6d6d-4d2d-8aaa-0c65cfb9cb08: shutdown LeaderElection
2019-09-27 09:52:19,484 [cc790c40-6d6d-4d2d-8aaa-0c65cfb9cb08@group-DB850F076473:LeaderElection5] INFO  impl.RaftServerImpl (RaftServerImpl.java:setRole(174)) - cc790c40-6d6d-4d2d-8aaa-0c65cfb9cb08@group-DB850F076473: changes role from CANDIDATE to LEADER at term 1 for changeToLeader
2019-09-27 09:52:19,484 [cc790c40-6d6d-4d2d-8aaa-0c65cfb9cb08@group-DB850F076473:LeaderElection5] INFO  impl.RaftServerImpl (ServerState.java:setLeader(253)) - cc790c40-6d6d-4d2d-8aaa-0c65cfb9cb08@group-DB850F076473: change Leader from null to cc790c40-6d6d-4d2d-8aaa-0c65cfb9cb08 at term 1 for becomeLeader, leader elected after 5180ms
2019-09-27 09:52:19,484 [cc790c40-6d6d-4d2d-8aaa-0c65cfb9cb08@group-DB850F076473:LeaderElection5] INFO  server.RaftServerConfigKeys (ConfUtils.java:logGet(43)) - raft.server.staging.catchup.gap = 1000 (default)
2019-09-27 09:52:19,484 [cc790c40-6d6d-4d2d-8aaa-0c65cfb9cb08@group-DB850F076473:LeaderElection5] INFO  server.RaftServerConfigKeys (ConfUtils.java:logGet(43)) - raft.server.rpc.sleep.time = 25ms (default)
2019-09-27 09:52:19,484 [cc790c40-6d6d-4d2d-8aaa-0c65cfb9cb08@group-DB850F076473:LeaderElection5] INFO  server.RaftServerConfigKeys (ConfUtils.java:logGet(43)) - raft.server.write.element-limit = 4096 (default)
2019-09-27 09:52:19,484 [cc790c40-6d6d-4d2d-8aaa-0c65cfb9cb08@group-DB850F076473:LeaderElection5] INFO  server.RaftServerConfigKeys (ConfUtils.java:logGet(43)) - raft.server.watch.timeout = 10s (default)
2019-09-27 09:52:19,484 [cc790c40-6d6d-4d2d-8aaa-0c65cfb9cb08@group-DB850F076473:LeaderElection5] INFO  server.RaftServerConfigKeys (ConfUtils.java:logGet(43)) - raft.server.watch.timeout.denomination = 1s (default)
2019-09-27 09:52:19,485 [cc790c40-6d6d-4d2d-8aaa-0c65cfb9cb08@group-DB850F076473:LeaderElection5] INFO  server.RaftServerConfigKeys (ConfUtils.java:logGet(43)) - raft.server.watch.element-limit = 65536 (default)
2019-09-27 09:52:19,487 [cc790c40-6d6d-4d2d-8aaa-0c65cfb9cb08@group-DB850F076473:LeaderElection5] INFO  impl.RoleInfo (RoleInfo.java:updateAndGet(143)) - cc790c40-6d6d-4d2d-8aaa-0c65cfb9cb08: start LeaderState
2019-09-27 09:52:19,487 [cc790c40-6d6d-4d2d-8aaa-0c65cfb9cb08@group-DB850F076473:LeaderElection5] INFO  segmented.SegmentedRaftLogWorker (SegmentedRaftLogWorker.java:startLogSegment(380)) - cc790c40-6d6d-4d2d-8aaa-0c65cfb9cb08@group-DB850F076473-SegmentedRaftLogWorker: Starting segment from index:0
2019-09-27 09:52:19,488 [cc790c40-6d6d-4d2d-8aaa-0c65cfb9cb08@group-DB850F076473:LeaderElection5] INFO  impl.RaftServerImpl (ServerState.java:setRaftConf(354)) - cc790c40-6d6d-4d2d-8aaa-0c65cfb9cb08@group-DB850F076473: set configuration 0: [cc790c40-6d6d-4d2d-8aaa-0c65cfb9cb08:192.168.151.103:33881], old=null at 0
2019-09-27 09:52:19,520 [Thread-303] INFO  impl.FollowerState (FollowerState.java:run(106)) - 8ba5199e-bc13-4980-9432-390e97d7087b:group-7CDA2380ABDE changes to CANDIDATE, lastRpcTime:5030, electionTimeout:5002ms
2019-09-27 09:52:19,521 [Thread-303] INFO  impl.RoleInfo (RoleInfo.java:shutdownFollowerState(121)) - 8ba5199e-bc13-4980-9432-390e97d7087b: shutdown FollowerState
2019-09-27 09:52:19,521 [Thread-303] INFO  impl.RaftServerImpl (RaftServerImpl.java:setRole(174)) - 8ba5199e-bc13-4980-9432-390e97d7087b@group-7CDA2380ABDE: changes role from  FOLLOWER to CANDIDATE at term 0 for changeToCandidate
2019-09-27 09:52:19,521 [Thread-303] INFO  impl.RoleInfo (RoleInfo.java:updateAndGet(143)) - 8ba5199e-bc13-4980-9432-390e97d7087b: start LeaderElection
2019-09-27 09:52:19,536 [Thread-300] INFO  impl.FollowerState (FollowerState.java:run(106)) - 0fee10a5-7d4b-4467-97d3-f999a65962dc:group-553381D37694 changes to CANDIDATE, lastRpcTime:5137, electionTimeout:5137ms
2019-09-27 09:52:19,537 [Thread-300] INFO  impl.RoleInfo (RoleInfo.java:shutdownFollowerState(121)) - 0fee10a5-7d4b-4467-97d3-f999a65962dc: shutdown FollowerState
2019-09-27 09:52:19,537 [Thread-300] INFO  impl.RaftServerImpl (RaftServerImpl.java:setRole(174)) - 0fee10a5-7d4b-4467-97d3-f999a65962dc@group-553381D37694: changes role from  FOLLOWER to CANDIDATE at term 0 for changeToCandidate
2019-09-27 09:52:19,537 [Thread-300] INFO  impl.RoleInfo (RoleInfo.java:updateAndGet(143)) - 0fee10a5-7d4b-4467-97d3-f999a65962dc: start LeaderElection
2019-09-27 09:52:19,544 [cc790c40-6d6d-4d2d-8aaa-0c65cfb9cb08@group-DB850F076473-SegmentedRaftLogWorker] INFO  segmented.SegmentedRaftLogWorker (SegmentedRaftLogWorker.java:execute(569)) - cc790c40-6d6d-4d2d-8aaa-0c65cfb9cb08@group-DB850F076473-SegmentedRaftLogWorker: created new log segment /workdir/hadoop-ozone/integration-test/target/test-dir/MiniOzoneClusterImpl-c7877029-e657-495a-8fe1-46207200c0e4/datanode-4/data/ratis/fa70d603-221f-4137-a368-db850f076473/current/log_inprogress_0
2019-09-27 09:52:19,544 [8ba5199e-bc13-4980-9432-390e97d7087b@group-7CDA2380ABDE:LeaderElection6] INFO  impl.LeaderElection (LeaderElection.java:askForVotes(182)) - 8ba5199e-bc13-4980-9432-390e97d7087b@group-7CDA2380ABDE:LeaderElection6: begin an election at term 1 for -1: [8ba5199e-bc13-4980-9432-390e97d7087b:192.168.151.103:46717], old=null
2019-09-27 09:52:19,545 [8ba5199e-bc13-4980-9432-390e97d7087b@group-7CDA2380ABDE:LeaderElection6] INFO  impl.RoleInfo (RoleInfo.java:shutdownLeaderElection(134)) - 8ba5199e-bc13-4980-9432-390e97d7087b: shutdown LeaderElection
2019-09-27 09:52:19,545 [8ba5199e-bc13-4980-9432-390e97d7087b@group-7CDA2380ABDE:LeaderElection6] INFO  impl.RaftServerImpl (RaftServerImpl.java:setRole(174)) - 8ba5199e-bc13-4980-9432-390e97d7087b@group-7CDA2380ABDE: changes role from CANDIDATE to LEADER at term 1 for changeToLeader
2019-09-27 09:52:19,545 [8ba5199e-bc13-4980-9432-390e97d7087b@group-7CDA2380ABDE:LeaderElection6] INFO  impl.RaftServerImpl (ServerState.java:setLeader(253)) - 8ba5199e-bc13-4980-9432-390e97d7087b@group-7CDA2380ABDE: change Leader from null to 8ba5199e-bc13-4980-9432-390e97d7087b at term 1 for becomeLeader, leader elected after 5066ms
2019-09-27 09:52:19,545 [8ba5199e-bc13-4980-9432-390e97d7087b@group-7CDA2380ABDE:LeaderElection6] INFO  server.RaftServerConfigKeys (ConfUtils.java:logGet(43)) - raft.server.staging.catchup.gap = 1000 (default)
2019-09-27 09:52:19,545 [8ba5199e-bc13-4980-9432-390e97d7087b@group-7CDA2380ABDE:LeaderElection6] INFO  server.RaftServerConfigKeys (ConfUtils.java:logGet(43)) - raft.server.rpc.sleep.time = 25ms (default)
2019-09-27 09:52:19,545 [8ba5199e-bc13-4980-9432-390e97d7087b@group-7CDA2380ABDE:LeaderElection6] INFO  server.RaftServerConfigKeys (ConfUtils.java:logGet(43)) - raft.server.write.element-limit = 4096 (default)
2019-09-27 09:52:19,546 [8ba5199e-bc13-4980-9432-390e97d7087b@group-7CDA2380ABDE:LeaderElection6] INFO  server.RaftServerConfigKeys (ConfUtils.java:logGet(43)) - raft.server.watch.timeout = 10s (default)
2019-09-27 09:52:19,546 [8ba5199e-bc13-4980-9432-390e97d7087b@group-7CDA2380ABDE:LeaderElection6] INFO  server.RaftServerConfigKeys (ConfUtils.java:logGet(43)) - raft.server.watch.timeout.denomination = 1s (default)
2019-09-27 09:52:19,546 [8ba5199e-bc13-4980-9432-390e97d7087b@group-7CDA2380ABDE:LeaderElection6] INFO  server.RaftServerConfigKeys (ConfUtils.java:logGet(43)) - raft.server.watch.element-limit = 65536 (default)
2019-09-27 09:52:19,548 [0fee10a5-7d4b-4467-97d3-f999a65962dc@group-553381D37694:LeaderElection7] INFO  impl.LeaderElection (LeaderElection.java:askForVotes(182)) - 0fee10a5-7d4b-4467-97d3-f999a65962dc@group-553381D37694:LeaderElection7: begin an election at term 1 for -1: [0fee10a5-7d4b-4467-97d3-f999a65962dc:192.168.151.103:44259], old=null
2019-09-27 09:52:19,548 [0fee10a5-7d4b-4467-97d3-f999a65962dc@group-553381D37694:LeaderElection7] INFO  impl.RoleInfo (RoleInfo.java:shutdownLeaderElection(134)) - 0fee10a5-7d4b-4467-97d3-f999a65962dc: shutdown LeaderElection
2019-09-27 09:52:19,548 [0fee10a5-7d4b-4467-97d3-f999a65962dc@group-553381D37694:LeaderElection7] INFO  impl.RaftServerImpl (RaftServerImpl.java:setRole(174)) - 0fee10a5-7d4b-4467-97d3-f999a65962dc@group-553381D37694: changes role from CANDIDATE to LEADER at term 1 for changeToLeader
2019-09-27 09:52:19,548 [0fee10a5-7d4b-4467-97d3-f999a65962dc@group-553381D37694:LeaderElection7] INFO  impl.RaftServerImpl (ServerState.java:setLeader(253)) - 0fee10a5-7d4b-4467-97d3-f999a65962dc@group-553381D37694: change Leader from null to 0fee10a5-7d4b-4467-97d3-f999a65962dc at term 1 for becomeLeader, leader elected after 5158ms
2019-09-27 09:52:19,548 [0fee10a5-7d4b-4467-97d3-f999a65962dc@group-553381D37694:LeaderElection7] INFO  server.RaftServerConfigKeys (ConfUtils.java:logGet(43)) - raft.server.staging.catchup.gap = 1000 (default)
2019-09-27 09:52:19,549 [0fee10a5-7d4b-4467-97d3-f999a65962dc@group-553381D37694:LeaderElection7] INFO  server.RaftServerConfigKeys (ConfUtils.java:logGet(43)) - raft.server.rpc.sleep.time = 25ms (default)
2019-09-27 09:52:19,549 [0fee10a5-7d4b-4467-97d3-f999a65962dc@group-553381D37694:LeaderElection7] INFO  server.RaftServerConfigKeys (ConfUtils.java:logGet(43)) - raft.server.write.element-limit = 4096 (default)
2019-09-27 09:52:19,549 [0fee10a5-7d4b-4467-97d3-f999a65962dc@group-553381D37694:LeaderElection7] INFO  server.RaftServerConfigKeys (ConfUtils.java:logGet(43)) - raft.server.watch.timeout = 10s (default)
2019-09-27 09:52:19,549 [0fee10a5-7d4b-4467-97d3-f999a65962dc@group-553381D37694:LeaderElection7] INFO  server.RaftServerConfigKeys (ConfUtils.java:logGet(43)) - raft.server.watch.timeout.denomination = 1s (default)
2019-09-27 09:52:19,549 [0fee10a5-7d4b-4467-97d3-f999a65962dc@group-553381D37694:LeaderElection7] INFO  server.RaftServerConfigKeys (ConfUtils.java:logGet(43)) - raft.server.watch.element-limit = 65536 (default)
2019-09-27 09:52:19,549 [8ba5199e-bc13-4980-9432-390e97d7087b@group-7CDA2380ABDE:LeaderElection6] INFO  impl.RoleInfo (RoleInfo.java:updateAndGet(143)) - 8ba5199e-bc13-4980-9432-390e97d7087b: start LeaderState
2019-09-27 09:52:19,550 [8ba5199e-bc13-4980-9432-390e97d7087b@group-7CDA2380ABDE:LeaderElection6] INFO  segmented.SegmentedRaftLogWorker (SegmentedRaftLogWorker.java:startLogSegment(380)) - 8ba5199e-bc13-4980-9432-390e97d7087b@group-7CDA2380ABDE-SegmentedRaftLogWorker: Starting segment from index:0
2019-09-27 09:52:19,550 [8ba5199e-bc13-4980-9432-390e97d7087b@group-7CDA2380ABDE:LeaderElection6] INFO  impl.RaftServerImpl (ServerState.java:setRaftConf(354)) - 8ba5199e-bc13-4980-9432-390e97d7087b@group-7CDA2380ABDE: set configuration 0: [8ba5199e-bc13-4980-9432-390e97d7087b:192.168.151.103:46717], old=null at 0
2019-09-27 09:52:19,582 [0fee10a5-7d4b-4467-97d3-f999a65962dc@group-553381D37694:LeaderElection7] INFO  impl.RoleInfo (RoleInfo.java:updateAndGet(143)) - 0fee10a5-7d4b-4467-97d3-f999a65962dc: start LeaderState
2019-09-27 09:52:19,582 [0fee10a5-7d4b-4467-97d3-f999a65962dc@group-553381D37694:LeaderElection7] INFO  segmented.SegmentedRaftLogWorker (SegmentedRaftLogWorker.java:startLogSegment(380)) - 0fee10a5-7d4b-4467-97d3-f999a65962dc@group-553381D37694-SegmentedRaftLogWorker: Starting segment from index:0
2019-09-27 09:52:19,583 [0fee10a5-7d4b-4467-97d3-f999a65962dc@group-553381D37694:LeaderElection7] INFO  impl.RaftServerImpl (ServerState.java:setRaftConf(354)) - 0fee10a5-7d4b-4467-97d3-f999a65962dc@group-553381D37694: set configuration 0: [0fee10a5-7d4b-4467-97d3-f999a65962dc:192.168.151.103:44259], old=null at 0
2019-09-27 09:52:19,611 [8ba5199e-bc13-4980-9432-390e97d7087b@group-7CDA2380ABDE-SegmentedRaftLogWorker] INFO  segmented.SegmentedRaftLogWorker (SegmentedRaftLogWorker.java:execute(569)) - 8ba5199e-bc13-4980-9432-390e97d7087b@group-7CDA2380ABDE-SegmentedRaftLogWorker: created new log segment /workdir/hadoop-ozone/integration-test/target/test-dir/MiniOzoneClusterImpl-c7877029-e657-495a-8fe1-46207200c0e4/datanode-5/data/ratis/27daf8c7-2ae9-4c8e-bd49-7cda2380abde/current/log_inprogress_0
2019-09-27 09:52:19,636 [0fee10a5-7d4b-4467-97d3-f999a65962dc@group-553381D37694-SegmentedRaftLogWorker] INFO  segmented.SegmentedRaftLogWorker (SegmentedRaftLogWorker.java:execute(569)) - 0fee10a5-7d4b-4467-97d3-f999a65962dc@group-553381D37694-SegmentedRaftLogWorker: created new log segment /workdir/hadoop-ozone/integration-test/target/test-dir/MiniOzoneClusterImpl-c7877029-e657-495a-8fe1-46207200c0e4/datanode-1/data/ratis/31baa3f7-3cef-4ddb-a741-553381d37694/current/log_inprogress_0
2019-09-27 09:52:19,716 [Thread-306] INFO  impl.FollowerState (FollowerState.java:run(106)) - a8c068ea-62f3-4e92-8bab-cb78a32fa14d:group-9C9B0540D405 changes to CANDIDATE, lastRpcTime:5117, electionTimeout:5117ms
2019-09-27 09:52:19,716 [Thread-306] INFO  impl.RoleInfo (RoleInfo.java:shutdownFollowerState(121)) - a8c068ea-62f3-4e92-8bab-cb78a32fa14d: shutdown FollowerState
2019-09-27 09:52:19,716 [Thread-306] INFO  impl.RaftServerImpl (RaftServerImpl.java:setRole(174)) - a8c068ea-62f3-4e92-8bab-cb78a32fa14d@group-9C9B0540D405: changes role from  FOLLOWER to CANDIDATE at term 0 for changeToCandidate
2019-09-27 09:52:19,716 [Thread-306] INFO  impl.RoleInfo (RoleInfo.java:updateAndGet(143)) - a8c068ea-62f3-4e92-8bab-cb78a32fa14d: start LeaderElection
2019-09-27 09:52:19,734 [a8c068ea-62f3-4e92-8bab-cb78a32fa14d@group-9C9B0540D405:LeaderElection8] INFO  impl.LeaderElection (LeaderElection.java:askForVotes(182)) - a8c068ea-62f3-4e92-8bab-cb78a32fa14d@group-9C9B0540D405:LeaderElection8: begin an election at term 1 for -1: [a8c068ea-62f3-4e92-8bab-cb78a32fa14d:192.168.151.103:40076], old=null
2019-09-27 09:52:19,734 [a8c068ea-62f3-4e92-8bab-cb78a32fa14d@group-9C9B0540D405:LeaderElection8] INFO  impl.RoleInfo (RoleInfo.java:shutdownLeaderElection(134)) - a8c068ea-62f3-4e92-8bab-cb78a32fa14d: shutdown LeaderElection
2019-09-27 09:52:19,734 [a8c068ea-62f3-4e92-8bab-cb78a32fa14d@group-9C9B0540D405:LeaderElection8] INFO  impl.RaftServerImpl (RaftServerImpl.java:setRole(174)) - a8c068ea-62f3-4e92-8bab-cb78a32fa14d@group-9C9B0540D405: changes role from CANDIDATE to LEADER at term 1 for changeToLeader
2019-09-27 09:52:19,734 [a8c068ea-62f3-4e92-8bab-cb78a32fa14d@group-9C9B0540D405:LeaderElection8] INFO  impl.RaftServerImpl (ServerState.java:setLeader(253)) - a8c068ea-62f3-4e92-8bab-cb78a32fa14d@group-9C9B0540D405: change Leader from null to a8c068ea-62f3-4e92-8bab-cb78a32fa14d at term 1 for becomeLeader, leader elected after 5149ms
2019-09-27 09:52:19,734 [a8c068ea-62f3-4e92-8bab-cb78a32fa14d@group-9C9B0540D405:LeaderElection8] INFO  server.RaftServerConfigKeys (ConfUtils.java:logGet(43)) - raft.server.staging.catchup.gap = 1000 (default)
2019-09-27 09:52:19,735 [a8c068ea-62f3-4e92-8bab-cb78a32fa14d@group-9C9B0540D405:LeaderElection8] INFO  server.RaftServerConfigKeys (ConfUtils.java:logGet(43)) - raft.server.rpc.sleep.time = 25ms (default)
2019-09-27 09:52:19,735 [a8c068ea-62f3-4e92-8bab-cb78a32fa14d@group-9C9B0540D405:LeaderElection8] INFO  server.RaftServerConfigKeys (ConfUtils.java:logGet(43)) - raft.server.write.element-limit = 4096 (default)
2019-09-27 09:52:19,735 [a8c068ea-62f3-4e92-8bab-cb78a32fa14d@group-9C9B0540D405:LeaderElection8] INFO  server.RaftServerConfigKeys (ConfUtils.java:logGet(43)) - raft.server.watch.timeout = 10s (default)
2019-09-27 09:52:19,735 [a8c068ea-62f3-4e92-8bab-cb78a32fa14d@group-9C9B0540D405:LeaderElection8] INFO  server.RaftServerConfigKeys (ConfUtils.java:logGet(43)) - raft.server.watch.timeout.denomination = 1s (default)
2019-09-27 09:52:19,735 [a8c068ea-62f3-4e92-8bab-cb78a32fa14d@group-9C9B0540D405:LeaderElection8] INFO  server.RaftServerConfigKeys (ConfUtils.java:logGet(43)) - raft.server.watch.element-limit = 65536 (default)
2019-09-27 09:52:19,737 [a8c068ea-62f3-4e92-8bab-cb78a32fa14d@group-9C9B0540D405:LeaderElection8] INFO  impl.RoleInfo (RoleInfo.java:updateAndGet(143)) - a8c068ea-62f3-4e92-8bab-cb78a32fa14d: start LeaderState
2019-09-27 09:52:19,737 [a8c068ea-62f3-4e92-8bab-cb78a32fa14d@group-9C9B0540D405:LeaderElection8] INFO  segmented.SegmentedRaftLogWorker (SegmentedRaftLogWorker.java:startLogSegment(380)) - a8c068ea-62f3-4e92-8bab-cb78a32fa14d@group-9C9B0540D405-SegmentedRaftLogWorker: Starting segment from index:0
2019-09-27 09:52:19,738 [a8c068ea-62f3-4e92-8bab-cb78a32fa14d@group-9C9B0540D405:LeaderElection8] INFO  impl.RaftServerImpl (ServerState.java:setRaftConf(354)) - a8c068ea-62f3-4e92-8bab-cb78a32fa14d@group-9C9B0540D405: set configuration 0: [a8c068ea-62f3-4e92-8bab-cb78a32fa14d:192.168.151.103:40076], old=null at 0
2019-09-27 09:52:19,789 [main] INFO  ipc.Client (Client.java:handleConnectionFailure(948)) - Retrying connect to server: localhost/127.0.0.1:0. Already tried 4 time(s); retry policy is RetryUpToMaximumCountWithFixedSleep(maxRetries=10, sleepTime=1000 MILLISECONDS)
2019-09-27 09:52:19,796 [a8c068ea-62f3-4e92-8bab-cb78a32fa14d@group-9C9B0540D405-SegmentedRaftLogWorker] INFO  segmented.SegmentedRaftLogWorker (SegmentedRaftLogWorker.java:execute(569)) - a8c068ea-62f3-4e92-8bab-cb78a32fa14d@group-9C9B0540D405-SegmentedRaftLogWorker: created new log segment /workdir/hadoop-ozone/integration-test/target/test-dir/MiniOzoneClusterImpl-c7877029-e657-495a-8fe1-46207200c0e4/datanode-2/data/ratis/3c818e72-f179-405b-895e-9c9b0540d405/current/log_inprogress_0
2019-09-27 09:52:19,839 [Thread-309] INFO  impl.FollowerState (FollowerState.java:run(106)) - 4086c8fe-6833-427c-bdb8-ba1cab517569:group-8B5477225189 changes to CANDIDATE, lastRpcTime:5144, electionTimeout:5144ms
2019-09-27 09:52:19,839 [Thread-309] INFO  impl.RoleInfo (RoleInfo.java:shutdownFollowerState(121)) - 4086c8fe-6833-427c-bdb8-ba1cab517569: shutdown FollowerState
2019-09-27 09:52:19,840 [Thread-309] INFO  impl.RaftServerImpl (RaftServerImpl.java:setRole(174)) - 4086c8fe-6833-427c-bdb8-ba1cab517569@group-8B5477225189: changes role from  FOLLOWER to CANDIDATE at term 0 for changeToCandidate
2019-09-27 09:52:19,840 [Thread-309] INFO  impl.RoleInfo (RoleInfo.java:updateAndGet(143)) - 4086c8fe-6833-427c-bdb8-ba1cab517569: start LeaderElection
2019-09-27 09:52:19,860 [4086c8fe-6833-427c-bdb8-ba1cab517569@group-8B5477225189:LeaderElection9] INFO  impl.LeaderElection (LeaderElection.java:askForVotes(182)) - 4086c8fe-6833-427c-bdb8-ba1cab517569@group-8B5477225189:LeaderElection9: begin an election at term 1 for -1: [4086c8fe-6833-427c-bdb8-ba1cab517569:192.168.151.103:39661], old=null
2019-09-27 09:52:19,860 [4086c8fe-6833-427c-bdb8-ba1cab517569@group-8B5477225189:LeaderElection9] INFO  impl.RoleInfo (RoleInfo.java:shutdownLeaderElection(134)) - 4086c8fe-6833-427c-bdb8-ba1cab517569: shutdown LeaderElection
2019-09-27 09:52:19,860 [4086c8fe-6833-427c-bdb8-ba1cab517569@group-8B5477225189:LeaderElection9] INFO  impl.RaftServerImpl (RaftServerImpl.java:setRole(174)) - 4086c8fe-6833-427c-bdb8-ba1cab517569@group-8B5477225189: changes role from CANDIDATE to LEADER at term 1 for changeToLeader
2019-09-27 09:52:19,860 [4086c8fe-6833-427c-bdb8-ba1cab517569@group-8B5477225189:LeaderElection9] INFO  impl.RaftServerImpl (ServerState.java:setLeader(253)) - 4086c8fe-6833-427c-bdb8-ba1cab517569@group-8B5477225189: change Leader from null to 4086c8fe-6833-427c-bdb8-ba1cab517569 at term 1 for becomeLeader, leader elected after 5177ms
2019-09-27 09:52:19,860 [4086c8fe-6833-427c-bdb8-ba1cab517569@group-8B5477225189:LeaderElection9] INFO  server.RaftServerConfigKeys (ConfUtils.java:logGet(43)) - raft.server.staging.catchup.gap = 1000 (default)
2019-09-27 09:52:19,861 [4086c8fe-6833-427c-bdb8-ba1cab517569@group-8B5477225189:LeaderElection9] INFO  server.RaftServerConfigKeys (ConfUtils.java:logGet(43)) - raft.server.rpc.sleep.time = 25ms (default)
2019-09-27 09:52:19,861 [4086c8fe-6833-427c-bdb8-ba1cab517569@group-8B5477225189:LeaderElection9] INFO  server.RaftServerConfigKeys (ConfUtils.java:logGet(43)) - raft.server.write.element-limit = 4096 (default)
2019-09-27 09:52:19,861 [4086c8fe-6833-427c-bdb8-ba1cab517569@group-8B5477225189:LeaderElection9] INFO  server.RaftServerConfigKeys (ConfUtils.java:logGet(43)) - raft.server.watch.timeout = 10s (default)
2019-09-27 09:52:19,861 [4086c8fe-6833-427c-bdb8-ba1cab517569@group-8B5477225189:LeaderElection9] INFO  server.RaftServerConfigKeys (ConfUtils.java:logGet(43)) - raft.server.watch.timeout.denomination = 1s (default)
2019-09-27 09:52:19,861 [4086c8fe-6833-427c-bdb8-ba1cab517569@group-8B5477225189:LeaderElection9] INFO  server.RaftServerConfigKeys (ConfUtils.java:logGet(43)) - raft.server.watch.element-limit = 65536 (default)
2019-09-27 09:52:19,864 [4086c8fe-6833-427c-bdb8-ba1cab517569@group-8B5477225189:LeaderElection9] INFO  impl.RoleInfo (RoleInfo.java:updateAndGet(143)) - 4086c8fe-6833-427c-bdb8-ba1cab517569: start LeaderState
2019-09-27 09:52:19,865 [4086c8fe-6833-427c-bdb8-ba1cab517569@group-8B5477225189:LeaderElection9] INFO  segmented.SegmentedRaftLogWorker (SegmentedRaftLogWorker.java:startLogSegment(380)) - 4086c8fe-6833-427c-bdb8-ba1cab517569@group-8B5477225189-SegmentedRaftLogWorker: Starting segment from index:0
2019-09-27 09:52:19,865 [4086c8fe-6833-427c-bdb8-ba1cab517569@group-8B5477225189:LeaderElection9] INFO  impl.RaftServerImpl (ServerState.java:setRaftConf(354)) - 4086c8fe-6833-427c-bdb8-ba1cab517569@group-8B5477225189: set configuration 0: [4086c8fe-6833-427c-bdb8-ba1cab517569:192.168.151.103:39661], old=null at 0
2019-09-27 09:52:19,900 [Thread-313] INFO  impl.FollowerState (FollowerState.java:run(106)) - baeaf05a-69cc-4109-9f00-d2ee9c955770:group-379BF1F252DF changes to CANDIDATE, lastRpcTime:5066, electionTimeout:5050ms
2019-09-27 09:52:19,900 [Thread-313] INFO  impl.RoleInfo (RoleInfo.java:shutdownFollowerState(121)) - baeaf05a-69cc-4109-9f00-d2ee9c955770: shutdown FollowerState
2019-09-27 09:52:19,900 [Thread-313] INFO  impl.RaftServerImpl (RaftServerImpl.java:setRole(174)) - baeaf05a-69cc-4109-9f00-d2ee9c955770@group-379BF1F252DF: changes role from  FOLLOWER to CANDIDATE at term 0 for changeToCandidate
2019-09-27 09:52:19,900 [Thread-313] INFO  impl.RoleInfo (RoleInfo.java:updateAndGet(143)) - baeaf05a-69cc-4109-9f00-d2ee9c955770: start LeaderElection
2019-09-27 09:52:19,925 [4086c8fe-6833-427c-bdb8-ba1cab517569@group-8B5477225189-SegmentedRaftLogWorker] INFO  segmented.SegmentedRaftLogWorker (SegmentedRaftLogWorker.java:execute(569)) - 4086c8fe-6833-427c-bdb8-ba1cab517569@group-8B5477225189-SegmentedRaftLogWorker: created new log segment /workdir/hadoop-ozone/integration-test/target/test-dir/MiniOzoneClusterImpl-c7877029-e657-495a-8fe1-46207200c0e4/datanode-9/data/ratis/e9eea482-6cba-482a-ab20-8b5477225189/current/log_inprogress_0
2019-09-27 09:52:19,926 [baeaf05a-69cc-4109-9f00-d2ee9c955770@group-379BF1F252DF:LeaderElection10] INFO  impl.LeaderElection (LeaderElection.java:askForVotes(182)) - baeaf05a-69cc-4109-9f00-d2ee9c955770@group-379BF1F252DF:LeaderElection10: begin an election at term 1 for -1: [baeaf05a-69cc-4109-9f00-d2ee9c955770:192.168.151.103:34746], old=null
2019-09-27 09:52:19,926 [baeaf05a-69cc-4109-9f00-d2ee9c955770@group-379BF1F252DF:LeaderElection10] INFO  impl.RoleInfo (RoleInfo.java:shutdownLeaderElection(134)) - baeaf05a-69cc-4109-9f00-d2ee9c955770: shutdown LeaderElection
2019-09-27 09:52:19,926 [baeaf05a-69cc-4109-9f00-d2ee9c955770@group-379BF1F252DF:LeaderElection10] INFO  impl.RaftServerImpl (RaftServerImpl.java:setRole(174)) - baeaf05a-69cc-4109-9f00-d2ee9c955770@group-379BF1F252DF: changes role from CANDIDATE to LEADER at term 1 for changeToLeader
2019-09-27 09:52:19,926 [baeaf05a-69cc-4109-9f00-d2ee9c955770@group-379BF1F252DF:LeaderElection10] INFO  impl.RaftServerImpl (ServerState.java:setLeader(253)) - baeaf05a-69cc-4109-9f00-d2ee9c955770@group-379BF1F252DF: change Leader from null to baeaf05a-69cc-4109-9f00-d2ee9c955770 at term 1 for becomeLeader, leader elected after 5102ms
2019-09-27 09:52:19,926 [baeaf05a-69cc-4109-9f00-d2ee9c955770@group-379BF1F252DF:LeaderElection10] INFO  server.RaftServerConfigKeys (ConfUtils.java:logGet(43)) - raft.server.staging.catchup.gap = 1000 (default)
2019-09-27 09:52:19,927 [baeaf05a-69cc-4109-9f00-d2ee9c955770@group-379BF1F252DF:LeaderElection10] INFO  server.RaftServerConfigKeys (ConfUtils.java:logGet(43)) - raft.server.rpc.sleep.time = 25ms (default)
2019-09-27 09:52:19,927 [baeaf05a-69cc-4109-9f00-d2ee9c955770@group-379BF1F252DF:LeaderElection10] INFO  server.RaftServerConfigKeys (ConfUtils.java:logGet(43)) - raft.server.write.element-limit = 4096 (default)
2019-09-27 09:52:19,927 [baeaf05a-69cc-4109-9f00-d2ee9c955770@group-379BF1F252DF:LeaderElection10] INFO  server.RaftServerConfigKeys (ConfUtils.java:logGet(43)) - raft.server.watch.timeout = 10s (default)
2019-09-27 09:52:19,927 [baeaf05a-69cc-4109-9f00-d2ee9c955770@group-379BF1F252DF:LeaderElection10] INFO  server.RaftServerConfigKeys (ConfUtils.java:logGet(43)) - raft.server.watch.timeout.denomination = 1s (default)
2019-09-27 09:52:19,927 [baeaf05a-69cc-4109-9f00-d2ee9c955770@group-379BF1F252DF:LeaderElection10] INFO  server.RaftServerConfigKeys (ConfUtils.java:logGet(43)) - raft.server.watch.element-limit = 65536 (default)
2019-09-27 09:52:19,931 [baeaf05a-69cc-4109-9f00-d2ee9c955770@group-379BF1F252DF:LeaderElection10] INFO  impl.RoleInfo (RoleInfo.java:updateAndGet(143)) - baeaf05a-69cc-4109-9f00-d2ee9c955770: start LeaderState
2019-09-27 09:52:19,931 [baeaf05a-69cc-4109-9f00-d2ee9c955770@group-379BF1F252DF:LeaderElection10] INFO  segmented.SegmentedRaftLogWorker (SegmentedRaftLogWorker.java:startLogSegment(380)) - baeaf05a-69cc-4109-9f00-d2ee9c955770@group-379BF1F252DF-SegmentedRaftLogWorker: Starting segment from index:0
2019-09-27 09:52:19,932 [baeaf05a-69cc-4109-9f00-d2ee9c955770@group-379BF1F252DF:LeaderElection10] INFO  impl.RaftServerImpl (ServerState.java:setRaftConf(354)) - baeaf05a-69cc-4109-9f00-d2ee9c955770@group-379BF1F252DF: set configuration 0: [baeaf05a-69cc-4109-9f00-d2ee9c955770:192.168.151.103:34746], old=null at 0
2019-09-27 09:52:19,974 [baeaf05a-69cc-4109-9f00-d2ee9c955770@group-379BF1F252DF-SegmentedRaftLogWorker] INFO  segmented.SegmentedRaftLogWorker (SegmentedRaftLogWorker.java:execute(569)) - baeaf05a-69cc-4109-9f00-d2ee9c955770@group-379BF1F252DF-SegmentedRaftLogWorker: created new log segment /workdir/hadoop-ozone/integration-test/target/test-dir/MiniOzoneClusterImpl-c7877029-e657-495a-8fe1-46207200c0e4/datanode-6/data/ratis/e14d4bb0-adcd-472f-85a0-379bf1f252df/current/log_inprogress_0
2019-09-27 09:52:19,990 [Thread-318] INFO  impl.FollowerState (FollowerState.java:run(106)) - fb4382cd-aae1-4392-b31d-66bc5152045f:group-E732014F1250 changes to CANDIDATE, lastRpcTime:5020, electionTimeout:5020ms
2019-09-27 09:52:19,990 [Thread-318] INFO  impl.RoleInfo (RoleInfo.java:shutdownFollowerState(121)) - fb4382cd-aae1-4392-b31d-66bc5152045f: shutdown FollowerState
2019-09-27 09:52:19,991 [Thread-318] INFO  impl.RaftServerImpl (RaftServerImpl.java:setRole(174)) - fb4382cd-aae1-4392-b31d-66bc5152045f@group-E732014F1250: changes role from  FOLLOWER to CANDIDATE at term 0 for changeToCandidate
2019-09-27 09:52:19,991 [Thread-318] INFO  impl.RoleInfo (RoleInfo.java:updateAndGet(143)) - fb4382cd-aae1-4392-b31d-66bc5152045f: start LeaderElection
2019-09-27 09:52:20,009 [fb4382cd-aae1-4392-b31d-66bc5152045f@group-E732014F1250:LeaderElection11] INFO  impl.LeaderElection (LeaderElection.java:askForVotes(182)) - fb4382cd-aae1-4392-b31d-66bc5152045f@group-E732014F1250:LeaderElection11: begin an election at term 1 for -1: [68fd3f2f-bb68-4e1b-9abe-e06c598958dc:192.168.151.103:43348, 1c6b6583-b7e4-4fe6-bf06-d800234747df:192.168.151.103:46229, fb4382cd-aae1-4392-b31d-66bc5152045f:192.168.151.103:46794], old=null
2019-09-27 09:52:20,059 [grpc-default-executor-1] INFO  impl.RaftServerImpl (RaftServerImpl.java:setRole(174)) - 68fd3f2f-bb68-4e1b-9abe-e06c598958dc@group-E732014F1250: changes role from  FOLLOWER to FOLLOWER at term 1 for recognizeCandidate:fb4382cd-aae1-4392-b31d-66bc5152045f
2019-09-27 09:52:20,059 [grpc-default-executor-2] INFO  impl.RaftServerImpl (RaftServerImpl.java:setRole(174)) - 1c6b6583-b7e4-4fe6-bf06-d800234747df@group-E732014F1250: changes role from  FOLLOWER to FOLLOWER at term 1 for recognizeCandidate:fb4382cd-aae1-4392-b31d-66bc5152045f
2019-09-27 09:52:20,059 [grpc-default-executor-1] INFO  impl.RoleInfo (RoleInfo.java:shutdownFollowerState(121)) - 68fd3f2f-bb68-4e1b-9abe-e06c598958dc: shutdown FollowerState
2019-09-27 09:52:20,059 [grpc-default-executor-2] INFO  impl.RoleInfo (RoleInfo.java:shutdownFollowerState(121)) - 1c6b6583-b7e4-4fe6-bf06-d800234747df: shutdown FollowerState
2019-09-27 09:52:20,060 [Thread-322] INFO  impl.FollowerState (FollowerState.java:run(115)) - 68fd3f2f-bb68-4e1b-9abe-e06c598958dc: FollowerState was interrupted: java.lang.InterruptedException: sleep interrupted
2019-09-27 09:52:20,059 [grpc-default-executor-1] INFO  impl.RoleInfo (RoleInfo.java:updateAndGet(143)) - 68fd3f2f-bb68-4e1b-9abe-e06c598958dc: start FollowerState
2019-09-27 09:52:20,060 [Thread-320] INFO  impl.FollowerState (FollowerState.java:run(115)) - 1c6b6583-b7e4-4fe6-bf06-d800234747df: FollowerState was interrupted: java.lang.InterruptedException: sleep interrupted
2019-09-27 09:52:20,060 [grpc-default-executor-2] INFO  impl.RoleInfo (RoleInfo.java:updateAndGet(143)) - 1c6b6583-b7e4-4fe6-bf06-d800234747df: start FollowerState
2019-09-27 09:52:20,111 [fb4382cd-aae1-4392-b31d-66bc5152045f@group-E732014F1250:LeaderElection11] INFO  impl.LeaderElection (LeaderElection.java:logAndReturn(56)) - fb4382cd-aae1-4392-b31d-66bc5152045f@group-E732014F1250:LeaderElection11: Election PASSED; received 1 response(s) [fb4382cd-aae1-4392-b31d-66bc5152045f<-1c6b6583-b7e4-4fe6-bf06-d800234747df#0:OK-t1] and 0 exception(s); fb4382cd-aae1-4392-b31d-66bc5152045f@group-E732014F1250:t1, leader=null, voted=fb4382cd-aae1-4392-b31d-66bc5152045f, raftlog=fb4382cd-aae1-4392-b31d-66bc5152045f@group-E732014F1250-SegmentedRaftLog:OPENED:c-1,f-1,i0, conf=-1: [68fd3f2f-bb68-4e1b-9abe-e06c598958dc:192.168.151.103:43348, 1c6b6583-b7e4-4fe6-bf06-d800234747df:192.168.151.103:46229, fb4382cd-aae1-4392-b31d-66bc5152045f:192.168.151.103:46794], old=null
2019-09-27 09:52:20,112 [fb4382cd-aae1-4392-b31d-66bc5152045f@group-E732014F1250:LeaderElection11] INFO  impl.RoleInfo (RoleInfo.java:shutdownLeaderElection(134)) - fb4382cd-aae1-4392-b31d-66bc5152045f: shutdown LeaderElection
2019-09-27 09:52:20,112 [fb4382cd-aae1-4392-b31d-66bc5152045f@group-E732014F1250:LeaderElection11] INFO  impl.RaftServerImpl (RaftServerImpl.java:setRole(174)) - fb4382cd-aae1-4392-b31d-66bc5152045f@group-E732014F1250: changes role from CANDIDATE to LEADER at term 1 for changeToLeader
2019-09-27 09:52:20,115 [fb4382cd-aae1-4392-b31d-66bc5152045f@group-E732014F1250:LeaderElection11] INFO  impl.RaftServerImpl (ServerState.java:setLeader(253)) - fb4382cd-aae1-4392-b31d-66bc5152045f@group-E732014F1250: change Leader from null to fb4382cd-aae1-4392-b31d-66bc5152045f at term 1 for becomeLeader, leader elected after 5157ms
2019-09-27 09:52:20,115 [fb4382cd-aae1-4392-b31d-66bc5152045f@group-E732014F1250:LeaderElection11] INFO  server.RaftServerConfigKeys (ConfUtils.java:logGet(43)) - raft.server.staging.catchup.gap = 1000 (default)
2019-09-27 09:52:20,115 [fb4382cd-aae1-4392-b31d-66bc5152045f@group-E732014F1250:LeaderElection11] INFO  server.RaftServerConfigKeys (ConfUtils.java:logGet(43)) - raft.server.rpc.sleep.time = 25ms (default)
2019-09-27 09:52:20,115 [fb4382cd-aae1-4392-b31d-66bc5152045f@group-E732014F1250:LeaderElection11] INFO  server.RaftServerConfigKeys (ConfUtils.java:logGet(43)) - raft.server.write.element-limit = 4096 (default)
2019-09-27 09:52:20,115 [fb4382cd-aae1-4392-b31d-66bc5152045f@group-E732014F1250:LeaderElection11] INFO  server.RaftServerConfigKeys (ConfUtils.java:logGet(43)) - raft.server.watch.timeout = 10s (default)
2019-09-27 09:52:20,116 [fb4382cd-aae1-4392-b31d-66bc5152045f@group-E732014F1250:LeaderElection11] INFO  server.RaftServerConfigKeys (ConfUtils.java:logGet(43)) - raft.server.watch.timeout.denomination = 1s (default)
2019-09-27 09:52:20,116 [fb4382cd-aae1-4392-b31d-66bc5152045f@group-E732014F1250:LeaderElection11] INFO  server.RaftServerConfigKeys (ConfUtils.java:logGet(43)) - raft.server.watch.element-limit = 65536 (default)
2019-09-27 09:52:20,122 [fb4382cd-aae1-4392-b31d-66bc5152045f@group-E732014F1250:LeaderElection11] INFO  server.RaftServerConfigKeys (ConfUtils.java:logGet(43)) - raft.server.log.appender.snapshot.chunk.size.max = 16MB (=16777216) (default)
2019-09-27 09:52:20,122 [fb4382cd-aae1-4392-b31d-66bc5152045f@group-E732014F1250:LeaderElection11] INFO  server.RaftServerConfigKeys (ConfUtils.java:logGet(43)) - raft.server.log.appender.buffer.byte-limit = 33554432 (custom)
2019-09-27 09:52:20,123 [fb4382cd-aae1-4392-b31d-66bc5152045f@group-E732014F1250:LeaderElection11] INFO  server.RaftServerConfigKeys (ConfUtils.java:logGet(43)) - raft.server.log.appender.buffer.element-limit = 1 (custom)
2019-09-27 09:52:20,127 [fb4382cd-aae1-4392-b31d-66bc5152045f@group-E732014F1250:LeaderElection11] INFO  grpc.GrpcConfigKeys$Server (ConfUtils.java:logGet(43)) - raft.grpc.server.leader.outstanding.appends.max = 128 (default)
2019-09-27 09:52:20,128 [fb4382cd-aae1-4392-b31d-66bc5152045f@group-E732014F1250:LeaderElection11] INFO  server.RaftServerConfigKeys (ConfUtils.java:logGet(43)) - raft.server.rpc.request.timeout = 3000ms (default)
2019-09-27 09:52:20,128 [fb4382cd-aae1-4392-b31d-66bc5152045f@group-E732014F1250:LeaderElection11] INFO  server.RaftServerConfigKeys (ConfUtils.java:logGet(43)) - raft.server.log.appender.install.snapshot.enabled = false (custom)
2019-09-27 09:52:20,129 [fb4382cd-aae1-4392-b31d-66bc5152045f@group-E732014F1250:LeaderElection11] INFO  server.RaftServerConfigKeys (ConfUtils.java:logGet(43)) - raft.server.log.appender.snapshot.chunk.size.max = 16MB (=16777216) (default)
2019-09-27 09:52:20,129 [fb4382cd-aae1-4392-b31d-66bc5152045f@group-E732014F1250:LeaderElection11] INFO  server.RaftServerConfigKeys (ConfUtils.java:logGet(43)) - raft.server.log.appender.buffer.byte-limit = 33554432 (custom)
2019-09-27 09:52:20,130 [fb4382cd-aae1-4392-b31d-66bc5152045f@group-E732014F1250:LeaderElection11] INFO  server.RaftServerConfigKeys (ConfUtils.java:logGet(43)) - raft.server.log.appender.buffer.element-limit = 1 (custom)
2019-09-27 09:52:20,130 [fb4382cd-aae1-4392-b31d-66bc5152045f@group-E732014F1250:LeaderElection11] INFO  grpc.GrpcConfigKeys$Server (ConfUtils.java:logGet(43)) - raft.grpc.server.leader.outstanding.appends.max = 128 (default)
2019-09-27 09:52:20,130 [fb4382cd-aae1-4392-b31d-66bc5152045f@group-E732014F1250:LeaderElection11] INFO  server.RaftServerConfigKeys (ConfUtils.java:logGet(43)) - raft.server.rpc.request.timeout = 3000ms (default)
2019-09-27 09:52:20,130 [fb4382cd-aae1-4392-b31d-66bc5152045f@group-E732014F1250:LeaderElection11] INFO  server.RaftServerConfigKeys (ConfUtils.java:logGet(43)) - raft.server.log.appender.install.snapshot.enabled = false (custom)
2019-09-27 09:52:20,134 [fb4382cd-aae1-4392-b31d-66bc5152045f@group-E732014F1250:LeaderElection11] INFO  impl.RoleInfo (RoleInfo.java:updateAndGet(143)) - fb4382cd-aae1-4392-b31d-66bc5152045f: start LeaderState
2019-09-27 09:52:20,134 [fb4382cd-aae1-4392-b31d-66bc5152045f@group-E732014F1250:LeaderElection11] INFO  segmented.SegmentedRaftLogWorker (SegmentedRaftLogWorker.java:startLogSegment(380)) - fb4382cd-aae1-4392-b31d-66bc5152045f@group-E732014F1250-SegmentedRaftLogWorker: Starting segment from index:0
2019-09-27 09:52:20,135 [fb4382cd-aae1-4392-b31d-66bc5152045f@group-E732014F1250:LeaderElection11] INFO  impl.RaftServerImpl (ServerState.java:setRaftConf(354)) - fb4382cd-aae1-4392-b31d-66bc5152045f@group-E732014F1250: set configuration 0: [68fd3f2f-bb68-4e1b-9abe-e06c598958dc:192.168.151.103:43348, 1c6b6583-b7e4-4fe6-bf06-d800234747df:192.168.151.103:46229, fb4382cd-aae1-4392-b31d-66bc5152045f:192.168.151.103:46794], old=null at 0
2019-09-27 09:52:20,180 [Thread-327] INFO  impl.FollowerState (FollowerState.java:run(106)) - 95d968cf-ca5f-4d0b-bebe-b7dd67fbe12c:group-DD568467DAD7 changes to CANDIDATE, lastRpcTime:5069, electionTimeout:5069ms
2019-09-27 09:52:20,184 [Thread-327] INFO  impl.RoleInfo (RoleInfo.java:shutdownFollowerState(121)) - 95d968cf-ca5f-4d0b-bebe-b7dd67fbe12c: shutdown FollowerState
2019-09-27 09:52:20,184 [Thread-327] INFO  impl.RaftServerImpl (RaftServerImpl.java:setRole(174)) - 95d968cf-ca5f-4d0b-bebe-b7dd67fbe12c@group-DD568467DAD7: changes role from  FOLLOWER to CANDIDATE at term 0 for changeToCandidate
2019-09-27 09:52:20,184 [Thread-327] INFO  impl.RoleInfo (RoleInfo.java:updateAndGet(143)) - 95d968cf-ca5f-4d0b-bebe-b7dd67fbe12c: start LeaderElection
2019-09-27 09:52:20,195 [fb4382cd-aae1-4392-b31d-66bc5152045f@group-E732014F1250-SegmentedRaftLogWorker] INFO  segmented.SegmentedRaftLogWorker (SegmentedRaftLogWorker.java:execute(569)) - fb4382cd-aae1-4392-b31d-66bc5152045f@group-E732014F1250-SegmentedRaftLogWorker: created new log segment /workdir/hadoop-ozone/integration-test/target/test-dir/MiniOzoneClusterImpl-c7877029-e657-495a-8fe1-46207200c0e4/datanode-3/data/ratis/258c72d4-7de9-4ee6-ae38-e732014f1250/current/log_inprogress_0
2019-09-27 09:52:20,208 [95d968cf-ca5f-4d0b-bebe-b7dd67fbe12c@group-DD568467DAD7:LeaderElection12] INFO  impl.LeaderElection (LeaderElection.java:askForVotes(182)) - 95d968cf-ca5f-4d0b-bebe-b7dd67fbe12c@group-DD568467DAD7:LeaderElection12: begin an election at term 1 for -1: [95d968cf-ca5f-4d0b-bebe-b7dd67fbe12c:192.168.151.103:42662, cc790c40-6d6d-4d2d-8aaa-0c65cfb9cb08:192.168.151.103:33881, 0fee10a5-7d4b-4467-97d3-f999a65962dc:192.168.151.103:44259], old=null
2019-09-27 09:52:20,219 [grpc-default-executor-2] INFO  impl.RaftServerImpl (ServerState.java:setLeader(253)) - 1c6b6583-b7e4-4fe6-bf06-d800234747df@group-E732014F1250: change Leader from null to fb4382cd-aae1-4392-b31d-66bc5152045f at term 1 for appendEntries, leader elected after 5261ms
2019-09-27 09:52:20,225 [grpc-default-executor-1] INFO  impl.RaftServerImpl (ServerState.java:setLeader(253)) - 68fd3f2f-bb68-4e1b-9abe-e06c598958dc@group-E732014F1250: change Leader from null to fb4382cd-aae1-4392-b31d-66bc5152045f at term 1 for appendEntries, leader elected after 5268ms
2019-09-27 09:52:20,252 [Thread-336] INFO  impl.FollowerState (FollowerState.java:run(106)) - 8ba5199e-bc13-4980-9432-390e97d7087b:group-E0E41C1599F9 changes to CANDIDATE, lastRpcTime:5033, electionTimeout:5031ms
2019-09-27 09:52:20,252 [grpc-default-executor-0] INFO  impl.RaftServerImpl (RaftServerImpl.java:setRole(174)) - cc790c40-6d6d-4d2d-8aaa-0c65cfb9cb08@group-DD568467DAD7: changes role from  FOLLOWER to FOLLOWER at term 1 for recognizeCandidate:95d968cf-ca5f-4d0b-bebe-b7dd67fbe12c
2019-09-27 09:52:20,252 [grpc-default-executor-0] INFO  impl.RoleInfo (RoleInfo.java:shutdownFollowerState(121)) - cc790c40-6d6d-4d2d-8aaa-0c65cfb9cb08: shutdown FollowerState
2019-09-27 09:52:20,255 [Thread-339] INFO  impl.FollowerState (FollowerState.java:run(106)) - a8c068ea-62f3-4e92-8bab-cb78a32fa14d:group-E0E41C1599F9 changes to CANDIDATE, lastRpcTime:5033, electionTimeout:5033ms
2019-09-27 09:52:20,252 [Thread-336] INFO  impl.RoleInfo (RoleInfo.java:shutdownFollowerState(121)) - 8ba5199e-bc13-4980-9432-390e97d7087b: shutdown FollowerState
2019-09-27 09:52:20,255 [Thread-339] INFO  impl.RoleInfo (RoleInfo.java:shutdownFollowerState(121)) - a8c068ea-62f3-4e92-8bab-cb78a32fa14d: shutdown FollowerState
2019-09-27 09:52:20,255 [Thread-331] INFO  impl.FollowerState (FollowerState.java:run(115)) - cc790c40-6d6d-4d2d-8aaa-0c65cfb9cb08: FollowerState was interrupted: java.lang.InterruptedException: sleep interrupted
2019-09-27 09:52:20,255 [grpc-default-executor-0] INFO  impl.RoleInfo (RoleInfo.java:updateAndGet(143)) - cc790c40-6d6d-4d2d-8aaa-0c65cfb9cb08: start FollowerState
2019-09-27 09:52:20,255 [grpc-default-executor-3] INFO  impl.RaftServerImpl (RaftServerImpl.java:setRole(174)) - 0fee10a5-7d4b-4467-97d3-f999a65962dc@group-DD568467DAD7: changes role from  FOLLOWER to FOLLOWER at term 1 for recognizeCandidate:95d968cf-ca5f-4d0b-bebe-b7dd67fbe12c
2019-09-27 09:52:20,255 [Thread-339] INFO  impl.RaftServerImpl (RaftServerImpl.java:setRole(174)) - a8c068ea-62f3-4e92-8bab-cb78a32fa14d@group-E0E41C1599F9: changes role from  FOLLOWER to CANDIDATE at term 0 for changeToCandidate
2019-09-27 09:52:20,255 [Thread-336] INFO  impl.RaftServerImpl (RaftServerImpl.java:setRole(174)) - 8ba5199e-bc13-4980-9432-390e97d7087b@group-E0E41C1599F9: changes role from  FOLLOWER to CANDIDATE at term 0 for changeToCandidate
2019-09-27 09:52:20,259 [Thread-339] INFO  impl.RoleInfo (RoleInfo.java:updateAndGet(143)) - a8c068ea-62f3-4e92-8bab-cb78a32fa14d: start LeaderElection
2019-09-27 09:52:20,259 [Thread-336] INFO  impl.RoleInfo (RoleInfo.java:updateAndGet(143)) - 8ba5199e-bc13-4980-9432-390e97d7087b: start LeaderElection
2019-09-27 09:52:20,258 [grpc-default-executor-3] INFO  impl.RoleInfo (RoleInfo.java:shutdownFollowerState(121)) - 0fee10a5-7d4b-4467-97d3-f999a65962dc: shutdown FollowerState
2019-09-27 09:52:20,267 [grpc-default-executor-3] INFO  impl.RoleInfo (RoleInfo.java:updateAndGet(143)) - 0fee10a5-7d4b-4467-97d3-f999a65962dc: start FollowerState
2019-09-27 09:52:20,267 [Thread-328] INFO  impl.FollowerState (FollowerState.java:run(115)) - 0fee10a5-7d4b-4467-97d3-f999a65962dc: FollowerState was interrupted: java.lang.InterruptedException: sleep interrupted
2019-09-27 09:52:20,286 [8ba5199e-bc13-4980-9432-390e97d7087b@group-E0E41C1599F9:LeaderElection14] INFO  impl.LeaderElection (LeaderElection.java:askForVotes(182)) - 8ba5199e-bc13-4980-9432-390e97d7087b@group-E0E41C1599F9:LeaderElection14: begin an election at term 1 for -1: [a8c068ea-62f3-4e92-8bab-cb78a32fa14d:192.168.151.103:40076, 8ba5199e-bc13-4980-9432-390e97d7087b:192.168.151.103:46717, 4086c8fe-6833-427c-bdb8-ba1cab517569:192.168.151.103:39661], old=null
2019-09-27 09:52:20,286 [a8c068ea-62f3-4e92-8bab-cb78a32fa14d@group-E0E41C1599F9:LeaderElection13] INFO  impl.LeaderElection (LeaderElection.java:askForVotes(182)) - a8c068ea-62f3-4e92-8bab-cb78a32fa14d@group-E0E41C1599F9:LeaderElection13: begin an election at term 1 for -1: [a8c068ea-62f3-4e92-8bab-cb78a32fa14d:192.168.151.103:40076, 8ba5199e-bc13-4980-9432-390e97d7087b:192.168.151.103:46717, 4086c8fe-6833-427c-bdb8-ba1cab517569:192.168.151.103:39661], old=null
2019-09-27 09:52:20,295 [95d968cf-ca5f-4d0b-bebe-b7dd67fbe12c@group-DD568467DAD7:LeaderElection12] INFO  impl.LeaderElection (LeaderElection.java:logAndReturn(56)) - 95d968cf-ca5f-4d0b-bebe-b7dd67fbe12c@group-DD568467DAD7:LeaderElection12: Election PASSED; received 1 response(s) [95d968cf-ca5f-4d0b-bebe-b7dd67fbe12c<-0fee10a5-7d4b-4467-97d3-f999a65962dc#0:OK-t1] and 0 exception(s); 95d968cf-ca5f-4d0b-bebe-b7dd67fbe12c@group-DD568467DAD7:t1, leader=null, voted=95d968cf-ca5f-4d0b-bebe-b7dd67fbe12c, raftlog=95d968cf-ca5f-4d0b-bebe-b7dd67fbe12c@group-DD568467DAD7-SegmentedRaftLog:OPENED:c-1,f-1,i0, conf=-1: [95d968cf-ca5f-4d0b-bebe-b7dd67fbe12c:192.168.151.103:42662, cc790c40-6d6d-4d2d-8aaa-0c65cfb9cb08:192.168.151.103:33881, 0fee10a5-7d4b-4467-97d3-f999a65962dc:192.168.151.103:44259], old=null
2019-09-27 09:52:20,300 [95d968cf-ca5f-4d0b-bebe-b7dd67fbe12c@group-DD568467DAD7:LeaderElection12] INFO  impl.RoleInfo (RoleInfo.java:shutdownLeaderElection(134)) - 95d968cf-ca5f-4d0b-bebe-b7dd67fbe12c: shutdown LeaderElection
2019-09-27 09:52:20,306 [95d968cf-ca5f-4d0b-bebe-b7dd67fbe12c@group-DD568467DAD7:LeaderElection12] INFO  impl.RaftServerImpl (RaftServerImpl.java:setRole(174)) - 95d968cf-ca5f-4d0b-bebe-b7dd67fbe12c@group-DD568467DAD7: changes role from CANDIDATE to LEADER at term 1 for changeToLeader
2019-09-27 09:52:20,306 [95d968cf-ca5f-4d0b-bebe-b7dd67fbe12c@group-DD568467DAD7:LeaderElection12] INFO  impl.RaftServerImpl (ServerState.java:setLeader(253)) - 95d968cf-ca5f-4d0b-bebe-b7dd67fbe12c@group-DD568467DAD7: change Leader from null to 95d968cf-ca5f-4d0b-bebe-b7dd67fbe12c at term 1 for becomeLeader, leader elected after 5208ms
2019-09-27 09:52:20,306 [95d968cf-ca5f-4d0b-bebe-b7dd67fbe12c@group-DD568467DAD7:LeaderElection12] INFO  server.RaftServerConfigKeys (ConfUtils.java:logGet(43)) - raft.server.staging.catchup.gap = 1000 (default)
2019-09-27 09:52:20,307 [95d968cf-ca5f-4d0b-bebe-b7dd67fbe12c@group-DD568467DAD7:LeaderElection12] INFO  server.RaftServerConfigKeys (ConfUtils.java:logGet(43)) - raft.server.rpc.sleep.time = 25ms (default)
2019-09-27 09:52:20,307 [95d968cf-ca5f-4d0b-bebe-b7dd67fbe12c@group-DD568467DAD7:LeaderElection12] INFO  server.RaftServerConfigKeys (ConfUtils.java:logGet(43)) - raft.server.write.element-limit = 4096 (default)
2019-09-27 09:52:20,307 [95d968cf-ca5f-4d0b-bebe-b7dd67fbe12c@group-DD568467DAD7:LeaderElection12] INFO  server.RaftServerConfigKeys (ConfUtils.java:logGet(43)) - raft.server.watch.timeout = 10s (default)
2019-09-27 09:52:20,307 [95d968cf-ca5f-4d0b-bebe-b7dd67fbe12c@group-DD568467DAD7:LeaderElection12] INFO  server.RaftServerConfigKeys (ConfUtils.java:logGet(43)) - raft.server.watch.timeout.denomination = 1s (default)
2019-09-27 09:52:20,307 [95d968cf-ca5f-4d0b-bebe-b7dd67fbe12c@group-DD568467DAD7:LeaderElection12] INFO  server.RaftServerConfigKeys (ConfUtils.java:logGet(43)) - raft.server.watch.element-limit = 65536 (default)
2019-09-27 09:52:20,315 [95d968cf-ca5f-4d0b-bebe-b7dd67fbe12c@group-DD568467DAD7:LeaderElection12] INFO  server.RaftServerConfigKeys (ConfUtils.java:logGet(43)) - raft.server.log.appender.snapshot.chunk.size.max = 16MB (=16777216) (default)
2019-09-27 09:52:20,315 [95d968cf-ca5f-4d0b-bebe-b7dd67fbe12c@group-DD568467DAD7:LeaderElection12] INFO  server.RaftServerConfigKeys (ConfUtils.java:logGet(43)) - raft.server.log.appender.buffer.byte-limit = 33554432 (custom)
2019-09-27 09:52:20,315 [95d968cf-ca5f-4d0b-bebe-b7dd67fbe12c@group-DD568467DAD7:LeaderElection12] INFO  server.RaftServerConfigKeys (ConfUtils.java:logGet(43)) - raft.server.log.appender.buffer.element-limit = 1 (custom)
2019-09-27 09:52:20,316 [95d968cf-ca5f-4d0b-bebe-b7dd67fbe12c@group-DD568467DAD7:LeaderElection12] INFO  grpc.GrpcConfigKeys$Server (ConfUtils.java:logGet(43)) - raft.grpc.server.leader.outstanding.appends.max = 128 (default)
2019-09-27 09:52:20,319 [95d968cf-ca5f-4d0b-bebe-b7dd67fbe12c@group-DD568467DAD7:LeaderElection12] INFO  server.RaftServerConfigKeys (ConfUtils.java:logGet(43)) - raft.server.rpc.request.timeout = 3000ms (default)
2019-09-27 09:52:20,319 [95d968cf-ca5f-4d0b-bebe-b7dd67fbe12c@group-DD568467DAD7:LeaderElection12] INFO  server.RaftServerConfigKeys (ConfUtils.java:logGet(43)) - raft.server.log.appender.install.snapshot.enabled = false (custom)
2019-09-27 09:52:20,319 [95d968cf-ca5f-4d0b-bebe-b7dd67fbe12c@group-DD568467DAD7:LeaderElection12] INFO  server.RaftServerConfigKeys (ConfUtils.java:logGet(43)) - raft.server.log.appender.snapshot.chunk.size.max = 16MB (=16777216) (default)
2019-09-27 09:52:20,322 [95d968cf-ca5f-4d0b-bebe-b7dd67fbe12c@group-DD568467DAD7:LeaderElection12] INFO  server.RaftServerConfigKeys (ConfUtils.java:logGet(43)) - raft.server.log.appender.buffer.byte-limit = 33554432 (custom)
2019-09-27 09:52:20,323 [95d968cf-ca5f-4d0b-bebe-b7dd67fbe12c@group-DD568467DAD7:LeaderElection12] INFO  server.RaftServerConfigKeys (ConfUtils.java:logGet(43)) - raft.server.log.appender.buffer.element-limit = 1 (custom)
2019-09-27 09:52:20,326 [95d968cf-ca5f-4d0b-bebe-b7dd67fbe12c@group-DD568467DAD7:LeaderElection12] INFO  grpc.GrpcConfigKeys$Server (ConfUtils.java:logGet(43)) - raft.grpc.server.leader.outstanding.appends.max = 128 (default)
2019-09-27 09:52:20,326 [95d968cf-ca5f-4d0b-bebe-b7dd67fbe12c@group-DD568467DAD7:LeaderElection12] INFO  server.RaftServerConfigKeys (ConfUtils.java:logGet(43)) - raft.server.rpc.request.timeout = 3000ms (default)
2019-09-27 09:52:20,326 [grpc-default-executor-2] INFO  impl.RaftServerImpl (ServerState.java:setRaftConf(354)) - 68fd3f2f-bb68-4e1b-9abe-e06c598958dc@group-E732014F1250: set configuration 0: [68fd3f2f-bb68-4e1b-9abe-e06c598958dc:192.168.151.103:43348, 1c6b6583-b7e4-4fe6-bf06-d800234747df:192.168.151.103:46229, fb4382cd-aae1-4392-b31d-66bc5152045f:192.168.151.103:46794], old=null at 0
2019-09-27 09:52:20,326 [95d968cf-ca5f-4d0b-bebe-b7dd67fbe12c@group-DD568467DAD7:LeaderElection12] INFO  server.RaftServerConfigKeys (ConfUtils.java:logGet(43)) - raft.server.log.appender.install.snapshot.enabled = false (custom)
2019-09-27 09:52:20,326 [grpc-default-executor-0] INFO  impl.RaftServerImpl (ServerState.java:setRaftConf(354)) - 1c6b6583-b7e4-4fe6-bf06-d800234747df@group-E732014F1250: set configuration 0: [68fd3f2f-bb68-4e1b-9abe-e06c598958dc:192.168.151.103:43348, 1c6b6583-b7e4-4fe6-bf06-d800234747df:192.168.151.103:46229, fb4382cd-aae1-4392-b31d-66bc5152045f:192.168.151.103:46794], old=null at 0
2019-09-27 09:52:20,329 [grpc-default-executor-2] INFO  segmented.SegmentedRaftLogWorker (SegmentedRaftLogWorker.java:startLogSegment(380)) - 68fd3f2f-bb68-4e1b-9abe-e06c598958dc@group-E732014F1250-SegmentedRaftLogWorker: Starting segment from index:0
2019-09-27 09:52:20,329 [Thread-338] INFO  impl.FollowerState (FollowerState.java:run(106)) - 4086c8fe-6833-427c-bdb8-ba1cab517569:group-E0E41C1599F9 changes to CANDIDATE, lastRpcTime:5108, electionTimeout:5105ms
2019-09-27 09:52:20,329 [95d968cf-ca5f-4d0b-bebe-b7dd67fbe12c@group-DD568467DAD7:LeaderElection12] INFO  impl.RoleInfo (RoleInfo.java:updateAndGet(143)) - 95d968cf-ca5f-4d0b-bebe-b7dd67fbe12c: start LeaderState
2019-09-27 09:52:20,333 [Thread-338] INFO  impl.RoleInfo (RoleInfo.java:shutdownFollowerState(121)) - 4086c8fe-6833-427c-bdb8-ba1cab517569: shutdown FollowerState
2019-09-27 09:52:20,329 [grpc-default-executor-0] INFO  segmented.SegmentedRaftLogWorker (SegmentedRaftLogWorker.java:startLogSegment(380)) - 1c6b6583-b7e4-4fe6-bf06-d800234747df@group-E732014F1250-SegmentedRaftLogWorker: Starting segment from index:0
2019-09-27 09:52:20,333 [95d968cf-ca5f-4d0b-bebe-b7dd67fbe12c@group-DD568467DAD7:LeaderElection12] INFO  segmented.SegmentedRaftLogWorker (SegmentedRaftLogWorker.java:startLogSegment(380)) - 95d968cf-ca5f-4d0b-bebe-b7dd67fbe12c@group-DD568467DAD7-SegmentedRaftLogWorker: Starting segment from index:0
2019-09-27 09:52:20,333 [Thread-338] INFO  impl.RaftServerImpl (RaftServerImpl.java:setRole(174)) - 4086c8fe-6833-427c-bdb8-ba1cab517569@group-E0E41C1599F9: changes role from  FOLLOWER to CANDIDATE at term 0 for changeToCandidate
2019-09-27 09:52:20,373 [Thread-338] INFO  impl.RoleInfo (RoleInfo.java:updateAndGet(143)) - 4086c8fe-6833-427c-bdb8-ba1cab517569: start LeaderElection
2019-09-27 09:52:20,420 [95d968cf-ca5f-4d0b-bebe-b7dd67fbe12c@group-DD568467DAD7:LeaderElection12] INFO  impl.RaftServerImpl (ServerState.java:setRaftConf(354)) - 95d968cf-ca5f-4d0b-bebe-b7dd67fbe12c@group-DD568467DAD7: set configuration 0: [95d968cf-ca5f-4d0b-bebe-b7dd67fbe12c:192.168.151.103:42662, cc790c40-6d6d-4d2d-8aaa-0c65cfb9cb08:192.168.151.103:33881, 0fee10a5-7d4b-4467-97d3-f999a65962dc:192.168.151.103:44259], old=null at 0
2019-09-27 09:52:20,444 [grpc-default-executor-0] INFO  impl.RaftServerImpl (ServerState.java:setLeader(253)) - cc790c40-6d6d-4d2d-8aaa-0c65cfb9cb08@group-DD568467DAD7: change Leader from null to 95d968cf-ca5f-4d0b-bebe-b7dd67fbe12c at term 1 for appendEntries, leader elected after 5346ms
2019-09-27 09:52:20,447 [1c6b6583-b7e4-4fe6-bf06-d800234747df@group-E732014F1250-SegmentedRaftLogWorker] INFO  segmented.SegmentedRaftLogWorker (SegmentedRaftLogWorker.java:execute(569)) - 1c6b6583-b7e4-4fe6-bf06-d800234747df@group-E732014F1250-SegmentedRaftLogWorker: created new log segment /workdir/hadoop-ozone/integration-test/target/test-dir/MiniOzoneClusterImpl-c7877029-e657-495a-8fe1-46207200c0e4/datanode-8/data/ratis/258c72d4-7de9-4ee6-ae38-e732014f1250/current/log_inprogress_0
2019-09-27 09:52:20,447 [95d968cf-ca5f-4d0b-bebe-b7dd67fbe12c@group-DD568467DAD7-SegmentedRaftLogWorker] INFO  segmented.SegmentedRaftLogWorker (SegmentedRaftLogWorker.java:execute(569)) - 95d968cf-ca5f-4d0b-bebe-b7dd67fbe12c@group-DD568467DAD7-SegmentedRaftLogWorker: created new log segment /workdir/hadoop-ozone/integration-test/target/test-dir/MiniOzoneClusterImpl-c7877029-e657-495a-8fe1-46207200c0e4/datanode-7/data/ratis/98564fcc-9359-4de6-b6c9-dd568467dad7/current/log_inprogress_0
2019-09-27 09:52:20,449 [grpc-default-executor-0] INFO  impl.RaftServerImpl (ServerState.java:setLeader(253)) - 0fee10a5-7d4b-4467-97d3-f999a65962dc@group-DD568467DAD7: change Leader from null to 95d968cf-ca5f-4d0b-bebe-b7dd67fbe12c at term 1 for appendEntries, leader elected after 5350ms
2019-09-27 09:52:20,447 [68fd3f2f-bb68-4e1b-9abe-e06c598958dc@group-E732014F1250-SegmentedRaftLogWorker] INFO  segmented.SegmentedRaftLogWorker (SegmentedRaftLogWorker.java:execute(569)) - 68fd3f2f-bb68-4e1b-9abe-e06c598958dc@group-E732014F1250-SegmentedRaftLogWorker: created new log segment /workdir/hadoop-ozone/integration-test/target/test-dir/MiniOzoneClusterImpl-c7877029-e657-495a-8fe1-46207200c0e4/datanode-0/data/ratis/258c72d4-7de9-4ee6-ae38-e732014f1250/current/log_inprogress_0
2019-09-27 09:52:20,453 [grpc-default-executor-0] INFO  impl.RaftServerImpl (ServerState.java:setRaftConf(354)) - cc790c40-6d6d-4d2d-8aaa-0c65cfb9cb08@group-DD568467DAD7: set configuration 0: [95d968cf-ca5f-4d0b-bebe-b7dd67fbe12c:192.168.151.103:42662, cc790c40-6d6d-4d2d-8aaa-0c65cfb9cb08:192.168.151.103:33881, 0fee10a5-7d4b-4467-97d3-f999a65962dc:192.168.151.103:44259], old=null at 0
2019-09-27 09:52:20,453 [grpc-default-executor-0] INFO  segmented.SegmentedRaftLogWorker (SegmentedRaftLogWorker.java:startLogSegment(380)) - cc790c40-6d6d-4d2d-8aaa-0c65cfb9cb08@group-DD568467DAD7-SegmentedRaftLogWorker: Starting segment from index:0
2019-09-27 09:52:20,454 [grpc-default-executor-0] INFO  impl.RaftServerImpl (ServerState.java:setRaftConf(354)) - 0fee10a5-7d4b-4467-97d3-f999a65962dc@group-DD568467DAD7: set configuration 0: [95d968cf-ca5f-4d0b-bebe-b7dd67fbe12c:192.168.151.103:42662, cc790c40-6d6d-4d2d-8aaa-0c65cfb9cb08:192.168.151.103:33881, 0fee10a5-7d4b-4467-97d3-f999a65962dc:192.168.151.103:44259], old=null at 0
2019-09-27 09:52:20,455 [grpc-default-executor-0] INFO  segmented.SegmentedRaftLogWorker (SegmentedRaftLogWorker.java:startLogSegment(380)) - 0fee10a5-7d4b-4467-97d3-f999a65962dc@group-DD568467DAD7-SegmentedRaftLogWorker: Starting segment from index:0
2019-09-27 09:52:20,462 [4086c8fe-6833-427c-bdb8-ba1cab517569@group-E0E41C1599F9:LeaderElection15] INFO  impl.LeaderElection (LeaderElection.java:askForVotes(182)) - 4086c8fe-6833-427c-bdb8-ba1cab517569@group-E0E41C1599F9:LeaderElection15: begin an election at term 1 for -1: [a8c068ea-62f3-4e92-8bab-cb78a32fa14d:192.168.151.103:40076, 8ba5199e-bc13-4980-9432-390e97d7087b:192.168.151.103:46717, 4086c8fe-6833-427c-bdb8-ba1cab517569:192.168.151.103:39661], old=null
2019-09-27 09:52:20,513 [8ba5199e-bc13-4980-9432-390e97d7087b@group-E0E41C1599F9:LeaderElection14] INFO  impl.LeaderElection (LeaderElection.java:logAndReturn(56)) - 8ba5199e-bc13-4980-9432-390e97d7087b@group-E0E41C1599F9:LeaderElection14: Election REJECTED; received 2 response(s) [8ba5199e-bc13-4980-9432-390e97d7087b<-a8c068ea-62f3-4e92-8bab-cb78a32fa14d#0:FAIL-t1, 8ba5199e-bc13-4980-9432-390e97d7087b<-4086c8fe-6833-427c-bdb8-ba1cab517569#0:FAIL-t1] and 0 exception(s); 8ba5199e-bc13-4980-9432-390e97d7087b@group-E0E41C1599F9:t1, leader=null, voted=8ba5199e-bc13-4980-9432-390e97d7087b, raftlog=8ba5199e-bc13-4980-9432-390e97d7087b@group-E0E41C1599F9-SegmentedRaftLog:OPENED:c-1,f-1,i0, conf=-1: [a8c068ea-62f3-4e92-8bab-cb78a32fa14d:192.168.151.103:40076, 8ba5199e-bc13-4980-9432-390e97d7087b:192.168.151.103:46717, 4086c8fe-6833-427c-bdb8-ba1cab517569:192.168.151.103:39661], old=null
2019-09-27 09:52:20,513 [a8c068ea-62f3-4e92-8bab-cb78a32fa14d@group-E0E41C1599F9:LeaderElection13] INFO  impl.LeaderElection (LeaderElection.java:logAndReturn(56)) - a8c068ea-62f3-4e92-8bab-cb78a32fa14d@group-E0E41C1599F9:LeaderElection13: Election REJECTED; received 2 response(s) [a8c068ea-62f3-4e92-8bab-cb78a32fa14d<-8ba5199e-bc13-4980-9432-390e97d7087b#0:FAIL-t1, a8c068ea-62f3-4e92-8bab-cb78a32fa14d<-4086c8fe-6833-427c-bdb8-ba1cab517569#0:FAIL-t1] and 0 exception(s); a8c068ea-62f3-4e92-8bab-cb78a32fa14d@group-E0E41C1599F9:t1, leader=null, voted=a8c068ea-62f3-4e92-8bab-cb78a32fa14d, raftlog=a8c068ea-62f3-4e92-8bab-cb78a32fa14d@group-E0E41C1599F9-SegmentedRaftLog:OPENED:c-1,f-1,i0, conf=-1: [a8c068ea-62f3-4e92-8bab-cb78a32fa14d:192.168.151.103:40076, 8ba5199e-bc13-4980-9432-390e97d7087b:192.168.151.103:46717, 4086c8fe-6833-427c-bdb8-ba1cab517569:192.168.151.103:39661], old=null
2019-09-27 09:52:20,516 [8ba5199e-bc13-4980-9432-390e97d7087b@group-E0E41C1599F9:LeaderElection14] INFO  impl.RaftServerImpl (RaftServerImpl.java:setRole(174)) - 8ba5199e-bc13-4980-9432-390e97d7087b@group-E0E41C1599F9: changes role from CANDIDATE to FOLLOWER at term 1 for DISCOVERED_A_NEW_TERM
2019-09-27 09:52:20,519 [8ba5199e-bc13-4980-9432-390e97d7087b@group-E0E41C1599F9:LeaderElection14] INFO  impl.RoleInfo (RoleInfo.java:shutdownLeaderElection(134)) - 8ba5199e-bc13-4980-9432-390e97d7087b: shutdown LeaderElection
2019-09-27 09:52:20,519 [cc790c40-6d6d-4d2d-8aaa-0c65cfb9cb08@group-DD568467DAD7-SegmentedRaftLogWorker] INFO  segmented.SegmentedRaftLogWorker (SegmentedRaftLogWorker.java:execute(569)) - cc790c40-6d6d-4d2d-8aaa-0c65cfb9cb08@group-DD568467DAD7-SegmentedRaftLogWorker: created new log segment /workdir/hadoop-ozone/integration-test/target/test-dir/MiniOzoneClusterImpl-c7877029-e657-495a-8fe1-46207200c0e4/datanode-4/data/ratis/98564fcc-9359-4de6-b6c9-dd568467dad7/current/log_inprogress_0
2019-09-27 09:52:20,519 [0fee10a5-7d4b-4467-97d3-f999a65962dc@group-DD568467DAD7-SegmentedRaftLogWorker] INFO  segmented.SegmentedRaftLogWorker (SegmentedRaftLogWorker.java:execute(569)) - 0fee10a5-7d4b-4467-97d3-f999a65962dc@group-DD568467DAD7-SegmentedRaftLogWorker: created new log segment /workdir/hadoop-ozone/integration-test/target/test-dir/MiniOzoneClusterImpl-c7877029-e657-495a-8fe1-46207200c0e4/datanode-1/data/ratis/98564fcc-9359-4de6-b6c9-dd568467dad7/current/log_inprogress_0
2019-09-27 09:52:20,532 [8ba5199e-bc13-4980-9432-390e97d7087b@group-E0E41C1599F9:LeaderElection14] INFO  impl.RoleInfo (RoleInfo.java:updateAndGet(143)) - 8ba5199e-bc13-4980-9432-390e97d7087b: start FollowerState
2019-09-27 09:52:20,521 [a8c068ea-62f3-4e92-8bab-cb78a32fa14d@group-E0E41C1599F9:LeaderElection13] INFO  impl.RaftServerImpl (RaftServerImpl.java:setRole(174)) - a8c068ea-62f3-4e92-8bab-cb78a32fa14d@group-E0E41C1599F9: changes role from CANDIDATE to FOLLOWER at term 1 for DISCOVERED_A_NEW_TERM
2019-09-27 09:52:20,533 [a8c068ea-62f3-4e92-8bab-cb78a32fa14d@group-E0E41C1599F9:LeaderElection13] INFO  impl.RoleInfo (RoleInfo.java:shutdownLeaderElection(134)) - a8c068ea-62f3-4e92-8bab-cb78a32fa14d: shutdown LeaderElection
2019-09-27 09:52:20,533 [a8c068ea-62f3-4e92-8bab-cb78a32fa14d@group-E0E41C1599F9:LeaderElection13] INFO  impl.RoleInfo (RoleInfo.java:updateAndGet(143)) - a8c068ea-62f3-4e92-8bab-cb78a32fa14d: start FollowerState
2019-09-27 09:52:20,546 [4086c8fe-6833-427c-bdb8-ba1cab517569@group-E0E41C1599F9:LeaderElection15] INFO  impl.LeaderElection (LeaderElection.java:logAndReturn(56)) - 4086c8fe-6833-427c-bdb8-ba1cab517569@group-E0E41C1599F9:LeaderElection15: Election REJECTED; received 2 response(s) [4086c8fe-6833-427c-bdb8-ba1cab517569<-a8c068ea-62f3-4e92-8bab-cb78a32fa14d#0:FAIL-t1, 4086c8fe-6833-427c-bdb8-ba1cab517569<-8ba5199e-bc13-4980-9432-390e97d7087b#0:FAIL-t1] and 0 exception(s); 4086c8fe-6833-427c-bdb8-ba1cab517569@group-E0E41C1599F9:t1, leader=null, voted=4086c8fe-6833-427c-bdb8-ba1cab517569, raftlog=4086c8fe-6833-427c-bdb8-ba1cab517569@group-E0E41C1599F9-SegmentedRaftLog:OPENED:c-1,f-1,i0, conf=-1: [a8c068ea-62f3-4e92-8bab-cb78a32fa14d:192.168.151.103:40076, 8ba5199e-bc13-4980-9432-390e97d7087b:192.168.151.103:46717, 4086c8fe-6833-427c-bdb8-ba1cab517569:192.168.151.103:39661], old=null
2019-09-27 09:52:20,546 [4086c8fe-6833-427c-bdb8-ba1cab517569@group-E0E41C1599F9:LeaderElection15] INFO  impl.RaftServerImpl (RaftServerImpl.java:setRole(174)) - 4086c8fe-6833-427c-bdb8-ba1cab517569@group-E0E41C1599F9: changes role from CANDIDATE to FOLLOWER at term 1 for DISCOVERED_A_NEW_TERM
2019-09-27 09:52:20,547 [4086c8fe-6833-427c-bdb8-ba1cab517569@group-E0E41C1599F9:LeaderElection15] INFO  impl.RoleInfo (RoleInfo.java:shutdownLeaderElection(134)) - 4086c8fe-6833-427c-bdb8-ba1cab517569: shutdown LeaderElection
2019-09-27 09:52:20,547 [4086c8fe-6833-427c-bdb8-ba1cab517569@group-E0E41C1599F9:LeaderElection15] INFO  impl.RoleInfo (RoleInfo.java:updateAndGet(143)) - 4086c8fe-6833-427c-bdb8-ba1cab517569: start FollowerState
2019-09-27 09:52:20,790 [main] INFO  ipc.Client (Client.java:handleConnectionFailure(948)) - Retrying connect to server: localhost/127.0.0.1:0. Already tried 5 time(s); retry policy is RetryUpToMaximumCountWithFixedSleep(maxRetries=10, sleepTime=1000 MILLISECONDS)
2019-09-27 09:52:21,794 [main] INFO  ipc.Client (Client.java:handleConnectionFailure(948)) - Retrying connect to server: localhost/127.0.0.1:0. Already tried 6 time(s); retry policy is RetryUpToMaximumCountWithFixedSleep(maxRetries=10, sleepTime=1000 MILLISECONDS)
2019-09-27 09:52:22,795 [main] INFO  ipc.Client (Client.java:handleConnectionFailure(948)) - Retrying connect to server: localhost/127.0.0.1:0. Already tried 7 time(s); retry policy is RetryUpToMaximumCountWithFixedSleep(maxRetries=10, sleepTime=1000 MILLISECONDS)
2019-09-27 09:52:23,797 [main] INFO  ipc.Client (Client.java:handleConnectionFailure(948)) - Retrying connect to server: localhost/127.0.0.1:0. Already tried 8 time(s); retry policy is RetryUpToMaximumCountWithFixedSleep(maxRetries=10, sleepTime=1000 MILLISECONDS)
2019-09-27 09:52:24,798 [main] INFO  ipc.Client (Client.java:handleConnectionFailure(948)) - Retrying connect to server: localhost/127.0.0.1:0. Already tried 9 time(s); retry policy is RetryUpToMaximumCountWithFixedSleep(maxRetries=10, sleepTime=1000 MILLISECONDS)
2019-09-27 09:52:25,650 [Thread-402] INFO  impl.FollowerState (FollowerState.java:run(106)) - 4086c8fe-6833-427c-bdb8-ba1cab517569:group-E0E41C1599F9 changes to CANDIDATE, lastRpcTime:5102, electionTimeout:5102ms
2019-09-27 09:52:25,650 [Thread-402] INFO  impl.RoleInfo (RoleInfo.java:shutdownFollowerState(121)) - 4086c8fe-6833-427c-bdb8-ba1cab517569: shutdown FollowerState
2019-09-27 09:52:25,650 [Thread-402] INFO  impl.RaftServerImpl (RaftServerImpl.java:setRole(174)) - 4086c8fe-6833-427c-bdb8-ba1cab517569@group-E0E41C1599F9: changes role from  FOLLOWER to CANDIDATE at term 1 for changeToCandidate
2019-09-27 09:52:25,650 [Thread-402] INFO  impl.RoleInfo (RoleInfo.java:updateAndGet(143)) - 4086c8fe-6833-427c-bdb8-ba1cab517569: start LeaderElection
2019-09-27 09:52:25,672 [Thread-399] INFO  impl.FollowerState (FollowerState.java:run(106)) - a8c068ea-62f3-4e92-8bab-cb78a32fa14d:group-E0E41C1599F9 changes to CANDIDATE, lastRpcTime:5139, electionTimeout:5134ms
2019-09-27 09:52:25,672 [Thread-399] INFO  impl.RoleInfo (RoleInfo.java:shutdownFollowerState(121)) - a8c068ea-62f3-4e92-8bab-cb78a32fa14d: shutdown FollowerState
2019-09-27 09:52:25,672 [Thread-399] INFO  impl.RaftServerImpl (RaftServerImpl.java:setRole(174)) - a8c068ea-62f3-4e92-8bab-cb78a32fa14d@group-E0E41C1599F9: changes role from  FOLLOWER to CANDIDATE at term 1 for changeToCandidate
2019-09-27 09:52:25,673 [Thread-399] INFO  impl.RoleInfo (RoleInfo.java:updateAndGet(143)) - a8c068ea-62f3-4e92-8bab-cb78a32fa14d: start LeaderElection
2019-09-27 09:52:25,699 [4086c8fe-6833-427c-bdb8-ba1cab517569@group-E0E41C1599F9:LeaderElection16] INFO  impl.LeaderElection (LeaderElection.java:askForVotes(182)) - 4086c8fe-6833-427c-bdb8-ba1cab517569@group-E0E41C1599F9:LeaderElection16: begin an election at term 2 for -1: [a8c068ea-62f3-4e92-8bab-cb78a32fa14d:192.168.151.103:40076, 8ba5199e-bc13-4980-9432-390e97d7087b:192.168.151.103:46717, 4086c8fe-6833-427c-bdb8-ba1cab517569:192.168.151.103:39661], old=null
2019-09-27 09:52:25,699 [a8c068ea-62f3-4e92-8bab-cb78a32fa14d@group-E0E41C1599F9:LeaderElection17] INFO  impl.LeaderElection (LeaderElection.java:askForVotes(182)) - a8c068ea-62f3-4e92-8bab-cb78a32fa14d@group-E0E41C1599F9:LeaderElection17: begin an election at term 2 for -1: [a8c068ea-62f3-4e92-8bab-cb78a32fa14d:192.168.151.103:40076, 8ba5199e-bc13-4980-9432-390e97d7087b:192.168.151.103:46717, 4086c8fe-6833-427c-bdb8-ba1cab517569:192.168.151.103:39661], old=null
2019-09-27 09:52:25,710 [Thread-398] INFO  impl.FollowerState (FollowerState.java:run(106)) - 8ba5199e-bc13-4980-9432-390e97d7087b:group-E0E41C1599F9 changes to CANDIDATE, lastRpcTime:5178, electionTimeout:5175ms
2019-09-27 09:52:25,710 [Thread-398] INFO  impl.RoleInfo (RoleInfo.java:shutdownFollowerState(121)) - 8ba5199e-bc13-4980-9432-390e97d7087b: shutdown FollowerState
2019-09-27 09:52:25,711 [Thread-398] INFO  impl.RaftServerImpl (RaftServerImpl.java:setRole(174)) - 8ba5199e-bc13-4980-9432-390e97d7087b@group-E0E41C1599F9: changes role from  FOLLOWER to CANDIDATE at term 1 for changeToCandidate
2019-09-27 09:52:25,711 [Thread-398] INFO  impl.RoleInfo (RoleInfo.java:updateAndGet(143)) - 8ba5199e-bc13-4980-9432-390e97d7087b: start LeaderElection
2019-09-27 09:52:25,711 [grpc-default-executor-3] INFO  impl.RaftServerImpl (RaftServerImpl.java:setRole(174)) - 8ba5199e-bc13-4980-9432-390e97d7087b@group-E0E41C1599F9: changes role from CANDIDATE to FOLLOWER at term 2 for recognizeCandidate:a8c068ea-62f3-4e92-8bab-cb78a32fa14d
2019-09-27 09:52:25,715 [grpc-default-executor-3] INFO  impl.RoleInfo (RoleInfo.java:shutdownLeaderElection(134)) - 8ba5199e-bc13-4980-9432-390e97d7087b: shutdown LeaderElection
2019-09-27 09:52:25,715 [grpc-default-executor-3] INFO  impl.RoleInfo (RoleInfo.java:updateAndGet(143)) - 8ba5199e-bc13-4980-9432-390e97d7087b: start FollowerState
2019-09-27 09:52:25,741 [grpc-default-executor-1] INFO  impl.RaftServerImpl (RaftServerImpl.java:setRole(174)) - 8ba5199e-bc13-4980-9432-390e97d7087b@group-E0E41C1599F9: changes role from  FOLLOWER to FOLLOWER at term 2 for recognizeCandidate:4086c8fe-6833-427c-bdb8-ba1cab517569
2019-09-27 09:52:25,742 [grpc-default-executor-1] INFO  impl.RoleInfo (RoleInfo.java:shutdownFollowerState(121)) - 8ba5199e-bc13-4980-9432-390e97d7087b: shutdown FollowerState
2019-09-27 09:52:25,742 [grpc-default-executor-1] INFO  impl.RoleInfo (RoleInfo.java:updateAndGet(143)) - 8ba5199e-bc13-4980-9432-390e97d7087b: start FollowerState
2019-09-27 09:52:25,742 [Thread-419] INFO  impl.FollowerState (FollowerState.java:run(115)) - 8ba5199e-bc13-4980-9432-390e97d7087b: FollowerState was interrupted: java.lang.InterruptedException: sleep interrupted
2019-09-27 09:52:25,747 [a8c068ea-62f3-4e92-8bab-cb78a32fa14d@group-E0E41C1599F9:LeaderElection17] INFO  impl.LeaderElection (LeaderElection.java:logAndReturn(56)) - a8c068ea-62f3-4e92-8bab-cb78a32fa14d@group-E0E41C1599F9:LeaderElection17: Election REJECTED; received 2 response(s) [a8c068ea-62f3-4e92-8bab-cb78a32fa14d<-8ba5199e-bc13-4980-9432-390e97d7087b#0:FAIL-t2, a8c068ea-62f3-4e92-8bab-cb78a32fa14d<-4086c8fe-6833-427c-bdb8-ba1cab517569#0:FAIL-t2] and 0 exception(s); a8c068ea-62f3-4e92-8bab-cb78a32fa14d@group-E0E41C1599F9:t2, leader=null, voted=a8c068ea-62f3-4e92-8bab-cb78a32fa14d, raftlog=a8c068ea-62f3-4e92-8bab-cb78a32fa14d@group-E0E41C1599F9-SegmentedRaftLog:OPENED:c-1,f-1,i0, conf=-1: [a8c068ea-62f3-4e92-8bab-cb78a32fa14d:192.168.151.103:40076, 8ba5199e-bc13-4980-9432-390e97d7087b:192.168.151.103:46717, 4086c8fe-6833-427c-bdb8-ba1cab517569:192.168.151.103:39661], old=null
2019-09-27 09:52:25,747 [a8c068ea-62f3-4e92-8bab-cb78a32fa14d@group-E0E41C1599F9:LeaderElection17] INFO  impl.RaftServerImpl (RaftServerImpl.java:setRole(174)) - a8c068ea-62f3-4e92-8bab-cb78a32fa14d@group-E0E41C1599F9: changes role from CANDIDATE to FOLLOWER at term 2 for DISCOVERED_A_NEW_TERM
2019-09-27 09:52:25,751 [a8c068ea-62f3-4e92-8bab-cb78a32fa14d@group-E0E41C1599F9:LeaderElection17] INFO  impl.RoleInfo (RoleInfo.java:shutdownLeaderElection(134)) - a8c068ea-62f3-4e92-8bab-cb78a32fa14d: shutdown LeaderElection
2019-09-27 09:52:25,751 [a8c068ea-62f3-4e92-8bab-cb78a32fa14d@group-E0E41C1599F9:LeaderElection17] INFO  impl.RoleInfo (RoleInfo.java:updateAndGet(143)) - a8c068ea-62f3-4e92-8bab-cb78a32fa14d: start FollowerState
2019-09-27 09:52:25,762 [4086c8fe-6833-427c-bdb8-ba1cab517569@group-E0E41C1599F9:LeaderElection16] INFO  impl.LeaderElection (LeaderElection.java:logAndReturn(56)) - 4086c8fe-6833-427c-bdb8-ba1cab517569@group-E0E41C1599F9:LeaderElection16: Election PASSED; received 2 response(s) [4086c8fe-6833-427c-bdb8-ba1cab517569<-a8c068ea-62f3-4e92-8bab-cb78a32fa14d#0:FAIL-t2, 4086c8fe-6833-427c-bdb8-ba1cab517569<-8ba5199e-bc13-4980-9432-390e97d7087b#0:OK-t2] and 0 exception(s); 4086c8fe-6833-427c-bdb8-ba1cab517569@group-E0E41C1599F9:t2, leader=null, voted=4086c8fe-6833-427c-bdb8-ba1cab517569, raftlog=4086c8fe-6833-427c-bdb8-ba1cab517569@group-E0E41C1599F9-SegmentedRaftLog:OPENED:c-1,f-1,i0, conf=-1: [a8c068ea-62f3-4e92-8bab-cb78a32fa14d:192.168.151.103:40076, 8ba5199e-bc13-4980-9432-390e97d7087b:192.168.151.103:46717, 4086c8fe-6833-427c-bdb8-ba1cab517569:192.168.151.103:39661], old=null
2019-09-27 09:52:25,765 [4086c8fe-6833-427c-bdb8-ba1cab517569@group-E0E41C1599F9:LeaderElection16] INFO  impl.RoleInfo (RoleInfo.java:shutdownLeaderElection(134)) - 4086c8fe-6833-427c-bdb8-ba1cab517569: shutdown LeaderElection
2019-09-27 09:52:25,768 [4086c8fe-6833-427c-bdb8-ba1cab517569@group-E0E41C1599F9:LeaderElection16] INFO  impl.RaftServerImpl (RaftServerImpl.java:setRole(174)) - 4086c8fe-6833-427c-bdb8-ba1cab517569@group-E0E41C1599F9: changes role from CANDIDATE to LEADER at term 2 for changeToLeader
2019-09-27 09:52:25,768 [4086c8fe-6833-427c-bdb8-ba1cab517569@group-E0E41C1599F9:LeaderElection16] INFO  impl.RaftServerImpl (ServerState.java:setLeader(253)) - 4086c8fe-6833-427c-bdb8-ba1cab517569@group-E0E41C1599F9: change Leader from null to 4086c8fe-6833-427c-bdb8-ba1cab517569 at term 2 for becomeLeader, leader elected after 10562ms
2019-09-27 09:52:25,769 [4086c8fe-6833-427c-bdb8-ba1cab517569@group-E0E41C1599F9:LeaderElection16] INFO  server.RaftServerConfigKeys (ConfUtils.java:logGet(43)) - raft.server.staging.catchup.gap = 1000 (default)
2019-09-27 09:52:25,769 [4086c8fe-6833-427c-bdb8-ba1cab517569@group-E0E41C1599F9:LeaderElection16] INFO  server.RaftServerConfigKeys (ConfUtils.java:logGet(43)) - raft.server.rpc.sleep.time = 25ms (default)
2019-09-27 09:52:25,769 [4086c8fe-6833-427c-bdb8-ba1cab517569@group-E0E41C1599F9:LeaderElection16] INFO  server.RaftServerConfigKeys (ConfUtils.java:logGet(43)) - raft.server.write.element-limit = 4096 (default)
2019-09-27 09:52:25,769 [4086c8fe-6833-427c-bdb8-ba1cab517569@group-E0E41C1599F9:LeaderElection16] INFO  server.RaftServerConfigKeys (ConfUtils.java:logGet(43)) - raft.server.watch.timeout = 10s (default)
2019-09-27 09:52:25,770 [4086c8fe-6833-427c-bdb8-ba1cab517569@group-E0E41C1599F9:LeaderElection16] INFO  server.RaftServerConfigKeys (ConfUtils.java:logGet(43)) - raft.server.watch.timeout.denomination = 1s (default)
2019-09-27 09:52:25,770 [4086c8fe-6833-427c-bdb8-ba1cab517569@group-E0E41C1599F9:LeaderElection16] INFO  server.RaftServerConfigKeys (ConfUtils.java:logGet(43)) - raft.server.watch.element-limit = 65536 (default)
2019-09-27 09:52:25,773 [8ba5199e-bc13-4980-9432-390e97d7087b@group-E0E41C1599F9:LeaderElection18] INFO  impl.LeaderElection (LeaderElection.java:askForVotes(182)) - 8ba5199e-bc13-4980-9432-390e97d7087b@group-E0E41C1599F9:LeaderElection18: begin an election at term 3 for -1: [a8c068ea-62f3-4e92-8bab-cb78a32fa14d:192.168.151.103:40076, 8ba5199e-bc13-4980-9432-390e97d7087b:192.168.151.103:46717, 4086c8fe-6833-427c-bdb8-ba1cab517569:192.168.151.103:39661], old=null
2019-09-27 09:52:25,776 [4086c8fe-6833-427c-bdb8-ba1cab517569@group-E0E41C1599F9:LeaderElection16] INFO  server.RaftServerConfigKeys (ConfUtils.java:logGet(43)) - raft.server.log.appender.snapshot.chunk.size.max = 16MB (=16777216) (default)
2019-09-27 09:52:25,776 [4086c8fe-6833-427c-bdb8-ba1cab517569@group-E0E41C1599F9:LeaderElection16] INFO  server.RaftServerConfigKeys (ConfUtils.java:logGet(43)) - raft.server.log.appender.buffer.byte-limit = 33554432 (custom)
2019-09-27 09:52:25,776 [4086c8fe-6833-427c-bdb8-ba1cab517569@group-E0E41C1599F9:LeaderElection16] INFO  server.RaftServerConfigKeys (ConfUtils.java:logGet(43)) - raft.server.log.appender.buffer.element-limit = 1 (custom)
2019-09-27 09:52:25,776 [8ba5199e-bc13-4980-9432-390e97d7087b@group-E0E41C1599F9:LeaderElection18] INFO  impl.LeaderElection (LeaderElection.java:logAndReturn(56)) - 8ba5199e-bc13-4980-9432-390e97d7087b@group-E0E41C1599F9:LeaderElection18: Election REJECTED; received 0 response(s) [] and 0 exception(s); 8ba5199e-bc13-4980-9432-390e97d7087b@group-E0E41C1599F9:t3, leader=null, voted=8ba5199e-bc13-4980-9432-390e97d7087b, raftlog=8ba5199e-bc13-4980-9432-390e97d7087b@group-E0E41C1599F9-SegmentedRaftLog:OPENED:c-1,f-1,i0, conf=-1: [a8c068ea-62f3-4e92-8bab-cb78a32fa14d:192.168.151.103:40076, 8ba5199e-bc13-4980-9432-390e97d7087b:192.168.151.103:46717, 4086c8fe-6833-427c-bdb8-ba1cab517569:192.168.151.103:39661], old=null
2019-09-27 09:52:25,777 [4086c8fe-6833-427c-bdb8-ba1cab517569@group-E0E41C1599F9:LeaderElection16] INFO  grpc.GrpcConfigKeys$Server (ConfUtils.java:logGet(43)) - raft.grpc.server.leader.outstanding.appends.max = 128 (default)
2019-09-27 09:52:25,781 [4086c8fe-6833-427c-bdb8-ba1cab517569@group-E0E41C1599F9:LeaderElection16] INFO  server.RaftServerConfigKeys (ConfUtils.java:logGet(43)) - raft.server.rpc.request.timeout = 3000ms (default)
2019-09-27 09:52:25,781 [4086c8fe-6833-427c-bdb8-ba1cab517569@group-E0E41C1599F9:LeaderElection16] INFO  server.RaftServerConfigKeys (ConfUtils.java:logGet(43)) - raft.server.log.appender.install.snapshot.enabled = false (custom)
2019-09-27 09:52:25,781 [4086c8fe-6833-427c-bdb8-ba1cab517569@group-E0E41C1599F9:LeaderElection16] INFO  server.RaftServerConfigKeys (ConfUtils.java:logGet(43)) - raft.server.log.appender.snapshot.chunk.size.max = 16MB (=16777216) (default)
2019-09-27 09:52:25,782 [4086c8fe-6833-427c-bdb8-ba1cab517569@group-E0E41C1599F9:LeaderElection16] INFO  server.RaftServerConfigKeys (ConfUtils.java:logGet(43)) - raft.server.log.appender.buffer.byte-limit = 33554432 (custom)
2019-09-27 09:52:25,782 [4086c8fe-6833-427c-bdb8-ba1cab517569@group-E0E41C1599F9:LeaderElection16] INFO  server.RaftServerConfigKeys (ConfUtils.java:logGet(43)) - raft.server.log.appender.buffer.element-limit = 1 (custom)
2019-09-27 09:52:25,782 [4086c8fe-6833-427c-bdb8-ba1cab517569@group-E0E41C1599F9:LeaderElection16] INFO  grpc.GrpcConfigKeys$Server (ConfUtils.java:logGet(43)) - raft.grpc.server.leader.outstanding.appends.max = 128 (default)
2019-09-27 09:52:25,782 [4086c8fe-6833-427c-bdb8-ba1cab517569@group-E0E41C1599F9:LeaderElection16] INFO  server.RaftServerConfigKeys (ConfUtils.java:logGet(43)) - raft.server.rpc.request.timeout = 3000ms (default)
2019-09-27 09:52:25,783 [4086c8fe-6833-427c-bdb8-ba1cab517569@group-E0E41C1599F9:LeaderElection16] INFO  server.RaftServerConfigKeys (ConfUtils.java:logGet(43)) - raft.server.log.appender.install.snapshot.enabled = false (custom)
2019-09-27 09:52:25,786 [4086c8fe-6833-427c-bdb8-ba1cab517569@group-E0E41C1599F9:LeaderElection16] INFO  impl.RoleInfo (RoleInfo.java:updateAndGet(143)) - 4086c8fe-6833-427c-bdb8-ba1cab517569: start LeaderState
2019-09-27 09:52:25,786 [grpc-default-executor-1] INFO  impl.RaftServerImpl (RaftServerImpl.java:setRole(174)) - a8c068ea-62f3-4e92-8bab-cb78a32fa14d@group-E0E41C1599F9: changes role from  FOLLOWER to FOLLOWER at term 3 for recognizeCandidate:8ba5199e-bc13-4980-9432-390e97d7087b
2019-09-27 09:52:25,792 [4086c8fe-6833-427c-bdb8-ba1cab517569@group-E0E41C1599F9:LeaderElection16] INFO  segmented.SegmentedRaftLogWorker (SegmentedRaftLogWorker.java:startLogSegment(380)) - 4086c8fe-6833-427c-bdb8-ba1cab517569@group-E0E41C1599F9-SegmentedRaftLogWorker: Starting segment from index:0
2019-09-27 09:52:25,792 [grpc-default-executor-1] INFO  impl.RoleInfo (RoleInfo.java:shutdownFollowerState(121)) - a8c068ea-62f3-4e92-8bab-cb78a32fa14d: shutdown FollowerState
2019-09-27 09:52:25,792 [grpc-default-executor-1] INFO  impl.RoleInfo (RoleInfo.java:updateAndGet(143)) - a8c068ea-62f3-4e92-8bab-cb78a32fa14d: start FollowerState
2019-09-27 09:52:25,792 [Thread-421] INFO  impl.FollowerState (FollowerState.java:run(115)) - a8c068ea-62f3-4e92-8bab-cb78a32fa14d: FollowerState was interrupted: java.lang.InterruptedException: sleep interrupted
2019-09-27 09:52:25,837 [main] INFO  ipc.Client (Client.java:handleConnectionFailure(948)) - Retrying connect to server: localhost/127.0.0.1:0. Already tried 0 time(s); retry policy is RetryUpToMaximumCountWithFixedSleep(maxRetries=10, sleepTime=1000 MILLISECONDS)
2019-09-27 09:52:25,837 [4086c8fe-6833-427c-bdb8-ba1cab517569@group-E0E41C1599F9:LeaderElection16] INFO  impl.RaftServerImpl (ServerState.java:setRaftConf(354)) - 4086c8fe-6833-427c-bdb8-ba1cab517569@group-E0E41C1599F9: set configuration 0: [a8c068ea-62f3-4e92-8bab-cb78a32fa14d:192.168.151.103:40076, 8ba5199e-bc13-4980-9432-390e97d7087b:192.168.151.103:46717, 4086c8fe-6833-427c-bdb8-ba1cab517569:192.168.151.103:39661], old=null at 0
2019-09-27 09:52:25,843 [grpc-default-executor-3] INFO  impl.RaftServerImpl (ServerState.java:setLeader(253)) - 4086c8fe-6833-427c-bdb8-ba1cab517569@group-E0E41C1599F9: change Leader from 4086c8fe-6833-427c-bdb8-ba1cab517569 to null at term 3 for updateCurrentTerm
2019-09-27 09:52:25,843 [grpc-default-executor-3] INFO  impl.RaftServerImpl (RaftServerImpl.java:setRole(174)) - 4086c8fe-6833-427c-bdb8-ba1cab517569@group-E0E41C1599F9: changes role from    LEADER to FOLLOWER at term 3 for recognizeCandidate:8ba5199e-bc13-4980-9432-390e97d7087b
2019-09-27 09:52:25,843 [grpc-default-executor-3] INFO  impl.RoleInfo (RoleInfo.java:shutdownLeaderState(104)) - 4086c8fe-6833-427c-bdb8-ba1cab517569: shutdown LeaderState
2019-09-27 09:52:25,849 [org.apache.ratis.server.impl.LogAppender$AppenderDaemon$$Lambda$377/417088291@142aacd2] WARN  server.GrpcLogAppender (GrpcLogAppender.java:mayWait(143)) - 4086c8fe-6833-427c-bdb8-ba1cab517569@group-E0E41C1599F9->8ba5199e-bc13-4980-9432-390e97d7087b-GrpcLogAppender: Wait interrupted by java.lang.InterruptedException
2019-09-27 09:52:25,849 [org.apache.ratis.server.impl.LogAppender$AppenderDaemon$$Lambda$377/417088291@3651853d] WARN  server.GrpcLogAppender (GrpcLogAppender.java:mayWait(143)) - 4086c8fe-6833-427c-bdb8-ba1cab517569@group-E0E41C1599F9->a8c068ea-62f3-4e92-8bab-cb78a32fa14d-GrpcLogAppender: Wait interrupted by java.lang.InterruptedException
2019-09-27 09:52:25,859 [grpc-default-executor-3] INFO  impl.PendingRequests (PendingRequests.java:sendNotLeaderResponses(202)) - 4086c8fe-6833-427c-bdb8-ba1cab517569-PendingRequests: sendNotLeaderResponses
2019-09-27 09:52:25,860 [grpc-default-executor-0] INFO  server.GrpcServerProtocolService (GrpcServerProtocolService.java:onCompleted(113)) - 8ba5199e-bc13-4980-9432-390e97d7087b: Completed APPEND_ENTRIES, lastRequest: 4086c8fe-6833-427c-bdb8-ba1cab517569->8ba5199e-bc13-4980-9432-390e97d7087b#0-t2, previous=(t:0, i:0), leaderCommit=-1, initializing? false, entries: <empty>
2019-09-27 09:52:25,861 [grpc-default-executor-3] INFO  impl.RoleInfo (RoleInfo.java:updateAndGet(143)) - 4086c8fe-6833-427c-bdb8-ba1cab517569: start FollowerState
2019-09-27 09:52:25,862 [4086c8fe-6833-427c-bdb8-ba1cab517569@group-E0E41C1599F9-SegmentedRaftLogWorker] INFO  segmented.SegmentedRaftLogWorker (SegmentedRaftLogWorker.java:execute(569)) - 4086c8fe-6833-427c-bdb8-ba1cab517569@group-E0E41C1599F9-SegmentedRaftLogWorker: created new log segment /workdir/hadoop-ozone/integration-test/target/test-dir/MiniOzoneClusterImpl-c7877029-e657-495a-8fe1-46207200c0e4/datanode-9/data/ratis/ff2a949d-1e62-49cc-9414-e0e41c1599f9/current/log_inprogress_0
2019-09-27 09:52:25,863 [grpc-default-executor-2] INFO  server.GrpcServerProtocolService (GrpcServerProtocolService.java:onCompleted(113)) - a8c068ea-62f3-4e92-8bab-cb78a32fa14d: Completed APPEND_ENTRIES, lastRequest: 4086c8fe-6833-427c-bdb8-ba1cab517569->a8c068ea-62f3-4e92-8bab-cb78a32fa14d#0-t2, previous=(t:0, i:0), leaderCommit=-1, initializing? false, entries: <empty>
2019-09-27 09:52:25,877 [grpc-default-executor-1] INFO  server.GrpcLogAppender (GrpcLogAppender.java:onCompleted(293)) - 4086c8fe-6833-427c-bdb8-ba1cab517569@group-E0E41C1599F9->a8c068ea-62f3-4e92-8bab-cb78a32fa14d-AppendLogResponseHandler: follower responses appendEntries COMPLETED
2019-09-27 09:52:25,877 [grpc-default-executor-4] INFO  server.GrpcLogAppender (GrpcLogAppender.java:onCompleted(293)) - 4086c8fe-6833-427c-bdb8-ba1cab517569@group-E0E41C1599F9->8ba5199e-bc13-4980-9432-390e97d7087b-AppendLogResponseHandler: follower responses appendEntries COMPLETED
2019-09-27 09:52:25,883 [grpc-default-executor-1] INFO  impl.FollowerInfo (FollowerInfo.java:lambda$new$0(51)) - 4086c8fe-6833-427c-bdb8-ba1cab517569@group-E0E41C1599F9->a8c068ea-62f3-4e92-8bab-cb78a32fa14d: nextIndex: updateUnconditionally 0 -> 0
2019-09-27 09:52:25,883 [grpc-default-executor-4] INFO  impl.FollowerInfo (FollowerInfo.java:lambda$new$0(51)) - 4086c8fe-6833-427c-bdb8-ba1cab517569@group-E0E41C1599F9->8ba5199e-bc13-4980-9432-390e97d7087b: nextIndex: updateUnconditionally 0 -> 0
2019-09-27 09:52:26,843 [main] INFO  ipc.Client (Client.java:handleConnectionFailure(948)) - Retrying connect to server: localhost/127.0.0.1:0. Already tried 1 time(s); retry policy is RetryUpToMaximumCountWithFixedSleep(maxRetries=10, sleepTime=1000 MILLISECONDS)
2019-09-27 09:52:27,844 [main] INFO  ipc.Client (Client.java:handleConnectionFailure(948)) - Retrying connect to server: localhost/127.0.0.1:0. Already tried 2 time(s); retry policy is RetryUpToMaximumCountWithFixedSleep(maxRetries=10, sleepTime=1000 MILLISECONDS)
2019-09-27 09:52:28,848 [main] INFO  ipc.Client (Client.java:handleConnectionFailure(948)) - Retrying connect to server: localhost/127.0.0.1:0. Already tried 3 time(s); retry policy is RetryUpToMaximumCountWithFixedSleep(maxRetries=10, sleepTime=1000 MILLISECONDS)
2019-09-27 09:52:29,855 [main] INFO  ipc.Client (Client.java:handleConnectionFailure(948)) - Retrying connect to server: localhost/127.0.0.1:0. Already tried 4 time(s); retry policy is RetryUpToMaximumCountWithFixedSleep(maxRetries=10, sleepTime=1000 MILLISECONDS)
2019-09-27 09:52:30,755 [Thread-420] INFO  impl.FollowerState (FollowerState.java:run(106)) - 8ba5199e-bc13-4980-9432-390e97d7087b:group-E0E41C1599F9 changes to CANDIDATE, lastRpcTime:5012, electionTimeout:5009ms
2019-09-27 09:52:30,755 [Thread-420] INFO  impl.RoleInfo (RoleInfo.java:shutdownFollowerState(121)) - 8ba5199e-bc13-4980-9432-390e97d7087b: shutdown FollowerState
2019-09-27 09:52:30,756 [Thread-420] INFO  impl.RaftServerImpl (RaftServerImpl.java:setRole(174)) - 8ba5199e-bc13-4980-9432-390e97d7087b@group-E0E41C1599F9: changes role from  FOLLOWER to CANDIDATE at term 3 for changeToCandidate
2019-09-27 09:52:30,756 [Thread-420] INFO  impl.RoleInfo (RoleInfo.java:updateAndGet(143)) - 8ba5199e-bc13-4980-9432-390e97d7087b: start LeaderElection
2019-09-27 09:52:30,775 [8ba5199e-bc13-4980-9432-390e97d7087b@group-E0E41C1599F9:LeaderElection19] INFO  impl.LeaderElection (LeaderElection.java:askForVotes(182)) - 8ba5199e-bc13-4980-9432-390e97d7087b@group-E0E41C1599F9:LeaderElection19: begin an election at term 4 for -1: [a8c068ea-62f3-4e92-8bab-cb78a32fa14d:192.168.151.103:40076, 8ba5199e-bc13-4980-9432-390e97d7087b:192.168.151.103:46717, 4086c8fe-6833-427c-bdb8-ba1cab517569:192.168.151.103:39661], old=null
2019-09-27 09:52:30,783 [grpc-default-executor-1] INFO  impl.RaftServerImpl (RaftServerImpl.java:setRole(174)) - a8c068ea-62f3-4e92-8bab-cb78a32fa14d@group-E0E41C1599F9: changes role from  FOLLOWER to FOLLOWER at term 4 for recognizeCandidate:8ba5199e-bc13-4980-9432-390e97d7087b
2019-09-27 09:52:30,787 [grpc-default-executor-1] INFO  impl.RoleInfo (RoleInfo.java:shutdownFollowerState(121)) - a8c068ea-62f3-4e92-8bab-cb78a32fa14d: shutdown FollowerState
2019-09-27 09:52:30,787 [grpc-default-executor-1] INFO  impl.RoleInfo (RoleInfo.java:updateAndGet(143)) - a8c068ea-62f3-4e92-8bab-cb78a32fa14d: start FollowerState
2019-09-27 09:52:30,787 [grpc-default-executor-4] INFO  impl.RaftServerImpl (RaftServerImpl.java:setRole(174)) - 4086c8fe-6833-427c-bdb8-ba1cab517569@group-E0E41C1599F9: changes role from  FOLLOWER to FOLLOWER at term 4 for recognizeCandidate:8ba5199e-bc13-4980-9432-390e97d7087b
2019-09-27 09:52:30,787 [Thread-427] INFO  impl.FollowerState (FollowerState.java:run(115)) - a8c068ea-62f3-4e92-8bab-cb78a32fa14d: FollowerState was interrupted: java.lang.InterruptedException: sleep interrupted
2019-09-27 09:52:30,788 [grpc-default-executor-4] INFO  impl.RoleInfo (RoleInfo.java:shutdownFollowerState(121)) - 4086c8fe-6833-427c-bdb8-ba1cab517569: shutdown FollowerState
2019-09-27 09:52:30,791 [grpc-default-executor-4] INFO  impl.RoleInfo (RoleInfo.java:updateAndGet(143)) - 4086c8fe-6833-427c-bdb8-ba1cab517569: start FollowerState
2019-09-27 09:52:30,791 [Thread-430] INFO  impl.FollowerState (FollowerState.java:run(115)) - 4086c8fe-6833-427c-bdb8-ba1cab517569: FollowerState was interrupted: java.lang.InterruptedException: sleep interrupted
2019-09-27 09:52:30,797 [8ba5199e-bc13-4980-9432-390e97d7087b@group-E0E41C1599F9:LeaderElection19] INFO  impl.LeaderElection (LeaderElection.java:logAndReturn(56)) - 8ba5199e-bc13-4980-9432-390e97d7087b@group-E0E41C1599F9:LeaderElection19: Election PASSED; received 1 response(s) [8ba5199e-bc13-4980-9432-390e97d7087b<-a8c068ea-62f3-4e92-8bab-cb78a32fa14d#0:OK-t4] and 0 exception(s); 8ba5199e-bc13-4980-9432-390e97d7087b@group-E0E41C1599F9:t4, leader=null, voted=8ba5199e-bc13-4980-9432-390e97d7087b, raftlog=8ba5199e-bc13-4980-9432-390e97d7087b@group-E0E41C1599F9-SegmentedRaftLog:OPENED:c-1,f-1,i0, conf=-1: [a8c068ea-62f3-4e92-8bab-cb78a32fa14d:192.168.151.103:40076, 8ba5199e-bc13-4980-9432-390e97d7087b:192.168.151.103:46717, 4086c8fe-6833-427c-bdb8-ba1cab517569:192.168.151.103:39661], old=null
2019-09-27 09:52:30,797 [8ba5199e-bc13-4980-9432-390e97d7087b@group-E0E41C1599F9:LeaderElection19] INFO  impl.RoleInfo (RoleInfo.java:shutdownLeaderElection(134)) - 8ba5199e-bc13-4980-9432-390e97d7087b: shutdown LeaderElection
2019-09-27 09:52:30,800 [8ba5199e-bc13-4980-9432-390e97d7087b@group-E0E41C1599F9:LeaderElection19] INFO  impl.RaftServerImpl (RaftServerImpl.java:setRole(174)) - 8ba5199e-bc13-4980-9432-390e97d7087b@group-E0E41C1599F9: changes role from CANDIDATE to LEADER at term 4 for changeToLeader
2019-09-27 09:52:30,800 [8ba5199e-bc13-4980-9432-390e97d7087b@group-E0E41C1599F9:LeaderElection19] INFO  impl.RaftServerImpl (ServerState.java:setLeader(253)) - 8ba5199e-bc13-4980-9432-390e97d7087b@group-E0E41C1599F9: change Leader from null to 8ba5199e-bc13-4980-9432-390e97d7087b at term 4 for becomeLeader, leader elected after 15594ms
2019-09-27 09:52:30,800 [8ba5199e-bc13-4980-9432-390e97d7087b@group-E0E41C1599F9:LeaderElection19] INFO  server.RaftServerConfigKeys (ConfUtils.java:logGet(43)) - raft.server.staging.catchup.gap = 1000 (default)
2019-09-27 09:52:30,800 [8ba5199e-bc13-4980-9432-390e97d7087b@group-E0E41C1599F9:LeaderElection19] INFO  server.RaftServerConfigKeys (ConfUtils.java:logGet(43)) - raft.server.rpc.sleep.time = 25ms (default)
2019-09-27 09:52:30,801 [8ba5199e-bc13-4980-9432-390e97d7087b@group-E0E41C1599F9:LeaderElection19] INFO  server.RaftServerConfigKeys (ConfUtils.java:logGet(43)) - raft.server.write.element-limit = 4096 (default)
2019-09-27 09:52:30,801 [8ba5199e-bc13-4980-9432-390e97d7087b@group-E0E41C1599F9:LeaderElection19] INFO  server.RaftServerConfigKeys (ConfUtils.java:logGet(43)) - raft.server.watch.timeout = 10s (default)
2019-09-27 09:52:30,801 [8ba5199e-bc13-4980-9432-390e97d7087b@group-E0E41C1599F9:LeaderElection19] INFO  server.RaftServerConfigKeys (ConfUtils.java:logGet(43)) - raft.server.watch.timeout.denomination = 1s (default)
2019-09-27 09:52:30,801 [8ba5199e-bc13-4980-9432-390e97d7087b@group-E0E41C1599F9:LeaderElection19] INFO  server.RaftServerConfigKeys (ConfUtils.java:logGet(43)) - raft.server.watch.element-limit = 65536 (default)
2019-09-27 09:52:30,807 [8ba5199e-bc13-4980-9432-390e97d7087b@group-E0E41C1599F9:LeaderElection19] INFO  server.RaftServerConfigKeys (ConfUtils.java:logGet(43)) - raft.server.log.appender.snapshot.chunk.size.max = 16MB (=16777216) (default)
2019-09-27 09:52:30,807 [8ba5199e-bc13-4980-9432-390e97d7087b@group-E0E41C1599F9:LeaderElection19] INFO  server.RaftServerConfigKeys (ConfUtils.java:logGet(43)) - raft.server.log.appender.buffer.byte-limit = 33554432 (custom)
2019-09-27 09:52:30,807 [8ba5199e-bc13-4980-9432-390e97d7087b@group-E0E41C1599F9:LeaderElection19] INFO  server.RaftServerConfigKeys (ConfUtils.java:logGet(43)) - raft.server.log.appender.buffer.element-limit = 1 (custom)
2019-09-27 09:52:30,808 [8ba5199e-bc13-4980-9432-390e97d7087b@group-E0E41C1599F9:LeaderElection19] INFO  grpc.GrpcConfigKeys$Server (ConfUtils.java:logGet(43)) - raft.grpc.server.leader.outstanding.appends.max = 128 (default)
2019-09-27 09:52:30,808 [8ba5199e-bc13-4980-9432-390e97d7087b@group-E0E41C1599F9:LeaderElection19] INFO  server.RaftServerConfigKeys (ConfUtils.java:logGet(43)) - raft.server.rpc.request.timeout = 3000ms (default)
2019-09-27 09:52:30,808 [8ba5199e-bc13-4980-9432-390e97d7087b@group-E0E41C1599F9:LeaderElection19] INFO  server.RaftServerConfigKeys (ConfUtils.java:logGet(43)) - raft.server.log.appender.install.snapshot.enabled = false (custom)
2019-09-27 09:52:30,808 [8ba5199e-bc13-4980-9432-390e97d7087b@group-E0E41C1599F9:LeaderElection19] INFO  server.RaftServerConfigKeys (ConfUtils.java:logGet(43)) - raft.server.log.appender.snapshot.chunk.size.max = 16MB (=16777216) (default)
2019-09-27 09:52:30,809 [8ba5199e-bc13-4980-9432-390e97d7087b@group-E0E41C1599F9:LeaderElection19] INFO  server.RaftServerConfigKeys (ConfUtils.java:logGet(43)) - raft.server.log.appender.buffer.byte-limit = 33554432 (custom)
2019-09-27 09:52:30,809 [8ba5199e-bc13-4980-9432-390e97d7087b@group-E0E41C1599F9:LeaderElection19] INFO  server.RaftServerConfigKeys (ConfUtils.java:logGet(43)) - raft.server.log.appender.buffer.element-limit = 1 (custom)
2019-09-27 09:52:30,809 [8ba5199e-bc13-4980-9432-390e97d7087b@group-E0E41C1599F9:LeaderElection19] INFO  grpc.GrpcConfigKeys$Server (ConfUtils.java:logGet(43)) - raft.grpc.server.leader.outstanding.appends.max = 128 (default)
2019-09-27 09:52:30,809 [8ba5199e-bc13-4980-9432-390e97d7087b@group-E0E41C1599F9:LeaderElection19] INFO  server.RaftServerConfigKeys (ConfUtils.java:logGet(43)) - raft.server.rpc.request.timeout = 3000ms (default)
2019-09-27 09:52:30,809 [8ba5199e-bc13-4980-9432-390e97d7087b@group-E0E41C1599F9:LeaderElection19] INFO  server.RaftServerConfigKeys (ConfUtils.java:logGet(43)) - raft.server.log.appender.install.snapshot.enabled = false (custom)
2019-09-27 09:52:30,810 [8ba5199e-bc13-4980-9432-390e97d7087b@group-E0E41C1599F9:LeaderElection19] INFO  impl.RoleInfo (RoleInfo.java:updateAndGet(143)) - 8ba5199e-bc13-4980-9432-390e97d7087b: start LeaderState
2019-09-27 09:52:30,810 [8ba5199e-bc13-4980-9432-390e97d7087b@group-E0E41C1599F9:LeaderElection19] INFO  segmented.SegmentedRaftLogWorker (SegmentedRaftLogWorker.java:startLogSegment(380)) - 8ba5199e-bc13-4980-9432-390e97d7087b@group-E0E41C1599F9-SegmentedRaftLogWorker: Starting segment from index:0
2019-09-27 09:52:30,811 [8ba5199e-bc13-4980-9432-390e97d7087b@group-E0E41C1599F9:LeaderElection19] INFO  impl.RaftServerImpl (ServerState.java:setRaftConf(354)) - 8ba5199e-bc13-4980-9432-390e97d7087b@group-E0E41C1599F9: set configuration 0: [a8c068ea-62f3-4e92-8bab-cb78a32fa14d:192.168.151.103:40076, 8ba5199e-bc13-4980-9432-390e97d7087b:192.168.151.103:46717, 4086c8fe-6833-427c-bdb8-ba1cab517569:192.168.151.103:39661], old=null at 0
2019-09-27 09:52:30,852 [grpc-default-executor-1] INFO  impl.RaftServerImpl (ServerState.java:setLeader(253)) - a8c068ea-62f3-4e92-8bab-cb78a32fa14d@group-E0E41C1599F9: change Leader from null to 8ba5199e-bc13-4980-9432-390e97d7087b at term 4 for appendEntries, leader elected after 15646ms
2019-09-27 09:52:30,856 [main] INFO  ipc.Client (Client.java:handleConnectionFailure(948)) - Retrying connect to server: localhost/127.0.0.1:0. Already tried 5 time(s); retry policy is RetryUpToMaximumCountWithFixedSleep(maxRetries=10, sleepTime=1000 MILLISECONDS)
2019-09-27 09:52:30,857 [grpc-default-executor-4] INFO  impl.RaftServerImpl (ServerState.java:setLeader(253)) - 4086c8fe-6833-427c-bdb8-ba1cab517569@group-E0E41C1599F9: change Leader from null to 8ba5199e-bc13-4980-9432-390e97d7087b at term 4 for appendEntries, leader elected after 5014ms
2019-09-27 09:52:30,864 [8ba5199e-bc13-4980-9432-390e97d7087b@group-E0E41C1599F9-SegmentedRaftLogWorker] INFO  segmented.SegmentedRaftLogWorker (SegmentedRaftLogWorker.java:execute(569)) - 8ba5199e-bc13-4980-9432-390e97d7087b@group-E0E41C1599F9-SegmentedRaftLogWorker: created new log segment /workdir/hadoop-ozone/integration-test/target/test-dir/MiniOzoneClusterImpl-c7877029-e657-495a-8fe1-46207200c0e4/datanode-5/data/ratis/ff2a949d-1e62-49cc-9414-e0e41c1599f9/current/log_inprogress_0
2019-09-27 09:52:30,877 [grpc-default-executor-1] INFO  impl.RaftServerImpl (ServerState.java:setRaftConf(354)) - a8c068ea-62f3-4e92-8bab-cb78a32fa14d@group-E0E41C1599F9: set configuration 0: [a8c068ea-62f3-4e92-8bab-cb78a32fa14d:192.168.151.103:40076, 8ba5199e-bc13-4980-9432-390e97d7087b:192.168.151.103:46717, 4086c8fe-6833-427c-bdb8-ba1cab517569:192.168.151.103:39661], old=null at 0
2019-09-27 09:52:30,877 [grpc-default-executor-4] INFO  impl.RaftServerImpl (ServerState.java:setRaftConf(354)) - 4086c8fe-6833-427c-bdb8-ba1cab517569@group-E0E41C1599F9: set configuration 0: [a8c068ea-62f3-4e92-8bab-cb78a32fa14d:192.168.151.103:40076, 8ba5199e-bc13-4980-9432-390e97d7087b:192.168.151.103:46717, 4086c8fe-6833-427c-bdb8-ba1cab517569:192.168.151.103:39661], old=null at 0
2019-09-27 09:52:30,877 [grpc-default-executor-1] INFO  segmented.SegmentedRaftLogWorker (SegmentedRaftLogWorker.java:startLogSegment(380)) - a8c068ea-62f3-4e92-8bab-cb78a32fa14d@group-E0E41C1599F9-SegmentedRaftLogWorker: Starting segment from index:0
2019-09-27 09:52:30,885 [grpc-default-executor-4] INFO  segmented.SegmentedRaftLogWorker (SegmentedRaftLogWorker.java:truncate(396)) - 4086c8fe-6833-427c-bdb8-ba1cab517569@group-E0E41C1599F9-SegmentedRaftLogWorker: Truncating segments toTruncate: null
  toDelete: [(0, 0) isOpen? true, length=0, newEndIndex=-1], start index 0
2019-09-27 09:52:30,886 [grpc-default-executor-4] INFO  segmented.SegmentedRaftLogWorker (SegmentedRaftLogWorker.java:startLogSegment(380)) - 4086c8fe-6833-427c-bdb8-ba1cab517569@group-E0E41C1599F9-SegmentedRaftLogWorker: Starting segment from index:0
2019-09-27 09:52:30,888 [4086c8fe-6833-427c-bdb8-ba1cab517569@group-E0E41C1599F9-SegmentedRaftLogWorker] INFO  segmented.SegmentedRaftLogWorker (SegmentedRaftLogWorker.java:execute(633)) - 4086c8fe-6833-427c-bdb8-ba1cab517569@group-E0E41C1599F9-SegmentedRaftLogWorker: Deleted log file /workdir/hadoop-ozone/integration-test/target/test-dir/MiniOzoneClusterImpl-c7877029-e657-495a-8fe1-46207200c0e4/datanode-9/data/ratis/ff2a949d-1e62-49cc-9414-e0e41c1599f9/current/log_inprogress_0
2019-09-27 09:52:30,889 [4086c8fe-6833-427c-bdb8-ba1cab517569@group-E0E41C1599F9-SegmentedRaftLogWorker] INFO  segmented.SegmentedRaftLogWorker (SegmentedRaftLogWorker.java:lambda$new$0(132)) - 4086c8fe-6833-427c-bdb8-ba1cab517569@group-E0E41C1599F9-SegmentedRaftLogWorker: flushIndex: setUnconditionally 0 -> -1
2019-09-27 09:52:30,923 [a8c068ea-62f3-4e92-8bab-cb78a32fa14d@group-E0E41C1599F9-SegmentedRaftLogWorker] INFO  segmented.SegmentedRaftLogWorker (SegmentedRaftLogWorker.java:execute(569)) - a8c068ea-62f3-4e92-8bab-cb78a32fa14d@group-E0E41C1599F9-SegmentedRaftLogWorker: created new log segment /workdir/hadoop-ozone/integration-test/target/test-dir/MiniOzoneClusterImpl-c7877029-e657-495a-8fe1-46207200c0e4/datanode-2/data/ratis/ff2a949d-1e62-49cc-9414-e0e41c1599f9/current/log_inprogress_0
2019-09-27 09:52:30,932 [4086c8fe-6833-427c-bdb8-ba1cab517569@group-E0E41C1599F9-SegmentedRaftLogWorker] INFO  segmented.SegmentedRaftLogWorker (SegmentedRaftLogWorker.java:execute(569)) - 4086c8fe-6833-427c-bdb8-ba1cab517569@group-E0E41C1599F9-SegmentedRaftLogWorker: created new log segment /workdir/hadoop-ozone/integration-test/target/test-dir/MiniOzoneClusterImpl-c7877029-e657-495a-8fe1-46207200c0e4/datanode-9/data/ratis/ff2a949d-1e62-49cc-9414-e0e41c1599f9/current/log_inprogress_0
2019-09-27 09:52:31,858 [main] INFO  ipc.Client (Client.java:handleConnectionFailure(948)) - Retrying connect to server: localhost/127.0.0.1:0. Already tried 6 time(s); retry policy is RetryUpToMaximumCountWithFixedSleep(maxRetries=10, sleepTime=1000 MILLISECONDS)
2019-09-27 09:52:32,859 [main] INFO  ipc.Client (Client.java:handleConnectionFailure(948)) - Retrying connect to server: localhost/127.0.0.1:0. Already tried 7 time(s); retry policy is RetryUpToMaximumCountWithFixedSleep(maxRetries=10, sleepTime=1000 MILLISECONDS)
2019-09-27 09:52:33,860 [main] INFO  ipc.Client (Client.java:handleConnectionFailure(948)) - Retrying connect to server: localhost/127.0.0.1:0. Already tried 8 time(s); retry policy is RetryUpToMaximumCountWithFixedSleep(maxRetries=10, sleepTime=1000 MILLISECONDS)
2019-09-27 09:52:34,862 [main] INFO  ipc.Client (Client.java:handleConnectionFailure(948)) - Retrying connect to server: localhost/127.0.0.1:0. Already tried 9 time(s); retry policy is RetryUpToMaximumCountWithFixedSleep(maxRetries=10, sleepTime=1000 MILLISECONDS)
2019-09-27 09:52:34,864 [main] INFO  retry.RetryInvocationHandler (RetryInvocationHandler.java:log(411)) - com.google.protobuf.ServiceException: java.net.ConnectException: Your endpoint configuration is wrong; For more details see:  http://wiki.apache.org/hadoop/UnsetHostnameOrPort, while invoking $Proxy37.submitRequest over nodeId=null,nodeAddress=127.0.0.1:0 after 1 failover attempts. Trying to failover immediately.
2019-09-27 09:52:35,865 [main] INFO  ipc.Client (Client.java:handleConnectionFailure(948)) - Retrying connect to server: localhost/127.0.0.1:0. Already tried 0 time(s); retry policy is RetryUpToMaximumCountWithFixedSleep(maxRetries=10, sleepTime=1000 MILLISECONDS)
2019-09-27 09:52:36,867 [main] INFO  ipc.Client (Client.java:handleConnectionFailure(948)) - Retrying connect to server: localhost/127.0.0.1:0. Already tried 1 time(s); retry policy is RetryUpToMaximumCountWithFixedSleep(maxRetries=10, sleepTime=1000 MILLISECONDS)
2019-09-27 09:52:37,868 [main] INFO  ipc.Client (Client.java:handleConnectionFailure(948)) - Retrying connect to server: localhost/127.0.0.1:0. Already tried 2 time(s); retry policy is RetryUpToMaximumCountWithFixedSleep(maxRetries=10, sleepTime=1000 MILLISECONDS)
2019-09-27 09:52:38,869 [main] INFO  ipc.Client (Client.java:handleConnectionFailure(948)) - Retrying connect to server: localhost/127.0.0.1:0. Already tried 3 time(s); retry policy is RetryUpToMaximumCountWithFixedSleep(maxRetries=10, sleepTime=1000 MILLISECONDS)
2019-09-27 09:52:39,871 [main] INFO  ipc.Client (Client.java:handleConnectionFailure(948)) - Retrying connect to server: localhost/127.0.0.1:0. Already tried 4 time(s); retry policy is RetryUpToMaximumCountWithFixedSleep(maxRetries=10, sleepTime=1000 MILLISECONDS)
2019-09-27 09:52:40,872 [main] INFO  ipc.Client (Client.java:handleConnectionFailure(948)) - Retrying connect to server: localhost/127.0.0.1:0. Already tried 5 time(s); retry policy is RetryUpToMaximumCountWithFixedSleep(maxRetries=10, sleepTime=1000 MILLISECONDS)
2019-09-27 09:52:41,874 [main] INFO  ipc.Client (Client.java:handleConnectionFailure(948)) - Retrying connect to server: localhost/127.0.0.1:0. Already tried 6 time(s); retry policy is RetryUpToMaximumCountWithFixedSleep(maxRetries=10, sleepTime=1000 MILLISECONDS)
2019-09-27 09:52:42,875 [main] INFO  ipc.Client (Client.java:handleConnectionFailure(948)) - Retrying connect to server: localhost/127.0.0.1:0. Already tried 7 time(s); retry policy is RetryUpToMaximumCountWithFixedSleep(maxRetries=10, sleepTime=1000 MILLISECONDS)
2019-09-27 09:52:43,876 [main] INFO  ipc.Client (Client.java:handleConnectionFailure(948)) - Retrying connect to server: localhost/127.0.0.1:0. Already tried 8 time(s); retry policy is RetryUpToMaximumCountWithFixedSleep(maxRetries=10, sleepTime=1000 MILLISECONDS)
2019-09-27 09:52:44,878 [main] INFO  ipc.Client (Client.java:handleConnectionFailure(948)) - Retrying connect to server: localhost/127.0.0.1:0. Already tried 9 time(s); retry policy is RetryUpToMaximumCountWithFixedSleep(maxRetries=10, sleepTime=1000 MILLISECONDS)
2019-09-27 09:52:44,880 [main] INFO  retry.RetryInvocationHandler (RetryInvocationHandler.java:log(411)) - com.google.protobuf.ServiceException: java.net.ConnectException: Your endpoint configuration is wrong; For more details see:  http://wiki.apache.org/hadoop/UnsetHostnameOrPort, while invoking $Proxy37.submitRequest over nodeId=null,nodeAddress=127.0.0.1:0 after 2 failover attempts. Trying to failover immediately.
2019-09-27 09:52:45,881 [main] INFO  ipc.Client (Client.java:handleConnectionFailure(948)) - Retrying connect to server: localhost/127.0.0.1:0. Already tried 0 time(s); retry policy is RetryUpToMaximumCountWithFixedSleep(maxRetries=10, sleepTime=1000 MILLISECONDS)
2019-09-27 09:52:46,882 [main] INFO  ipc.Client (Client.java:handleConnectionFailure(948)) - Retrying connect to server: localhost/127.0.0.1:0. Already tried 1 time(s); retry policy is RetryUpToMaximumCountWithFixedSleep(maxRetries=10, sleepTime=1000 MILLISECONDS)
2019-09-27 09:52:47,883 [main] INFO  ipc.Client (Client.java:handleConnectionFailure(948)) - Retrying connect to server: localhost/127.0.0.1:0. Already tried 2 time(s); retry policy is RetryUpToMaximumCountWithFixedSleep(maxRetries=10, sleepTime=1000 MILLISECONDS)
2019-09-27 09:52:48,885 [main] INFO  ipc.Client (Client.java:handleConnectionFailure(948)) - Retrying connect to server: localhost/127.0.0.1:0. Already tried 3 time(s); retry policy is RetryUpToMaximumCountWithFixedSleep(maxRetries=10, sleepTime=1000 MILLISECONDS)
2019-09-27 09:52:49,886 [main] INFO  ipc.Client (Client.java:handleConnectionFailure(948)) - Retrying connect to server: localhost/127.0.0.1:0. Already tried 4 time(s); retry policy is RetryUpToMaximumCountWithFixedSleep(maxRetries=10, sleepTime=1000 MILLISECONDS)
2019-09-27 09:52:50,887 [main] INFO  ipc.Client (Client.java:handleConnectionFailure(948)) - Retrying connect to server: localhost/127.0.0.1:0. Already tried 5 time(s); retry policy is RetryUpToMaximumCountWithFixedSleep(maxRetries=10, sleepTime=1000 MILLISECONDS)
2019-09-27 09:52:51,889 [main] INFO  ipc.Client (Client.java:handleConnectionFailure(948)) - Retrying connect to server: localhost/127.0.0.1:0. Already tried 6 time(s); retry policy is RetryUpToMaximumCountWithFixedSleep(maxRetries=10, sleepTime=1000 MILLISECONDS)
2019-09-27 09:52:52,890 [main] INFO  ipc.Client (Client.java:handleConnectionFailure(948)) - Retrying connect to server: localhost/127.0.0.1:0. Already tried 7 time(s); retry policy is RetryUpToMaximumCountWithFixedSleep(maxRetries=10, sleepTime=1000 MILLISECONDS)
2019-09-27 09:52:53,891 [main] INFO  ipc.Client (Client.java:handleConnectionFailure(948)) - Retrying connect to server: localhost/127.0.0.1:0. Already tried 8 time(s); retry policy is RetryUpToMaximumCountWithFixedSleep(maxRetries=10, sleepTime=1000 MILLISECONDS)
2019-09-27 09:52:54,893 [main] INFO  ipc.Client (Client.java:handleConnectionFailure(948)) - Retrying connect to server: localhost/127.0.0.1:0. Already tried 9 time(s); retry policy is RetryUpToMaximumCountWithFixedSleep(maxRetries=10, sleepTime=1000 MILLISECONDS)
2019-09-27 09:52:54,895 [main] INFO  retry.RetryInvocationHandler (RetryInvocationHandler.java:log(411)) - com.google.protobuf.ServiceException: java.net.ConnectException: Your endpoint configuration is wrong; For more details see:  http://wiki.apache.org/hadoop/UnsetHostnameOrPort, while invoking $Proxy37.submitRequest over nodeId=null,nodeAddress=127.0.0.1:0 after 3 failover attempts. Trying to failover immediately.
2019-09-27 09:52:55,896 [main] INFO  ipc.Client (Client.java:handleConnectionFailure(948)) - Retrying connect to server: localhost/127.0.0.1:0. Already tried 0 time(s); retry policy is RetryUpToMaximumCountWithFixedSleep(maxRetries=10, sleepTime=1000 MILLISECONDS)
2019-09-27 09:52:56,897 [main] INFO  ipc.Client (Client.java:handleConnectionFailure(948)) - Retrying connect to server: localhost/127.0.0.1:0. Already tried 1 time(s); retry policy is RetryUpToMaximumCountWithFixedSleep(maxRetries=10, sleepTime=1000 MILLISECONDS)
2019-09-27 09:52:57,899 [main] INFO  ipc.Client (Client.java:handleConnectionFailure(948)) - Retrying connect to server: localhost/127.0.0.1:0. Already tried 2 time(s); retry policy is RetryUpToMaximumCountWithFixedSleep(maxRetries=10, sleepTime=1000 MILLISECONDS)
2019-09-27 09:52:58,900 [main] INFO  ipc.Client (Client.java:handleConnectionFailure(948)) - Retrying connect to server: localhost/127.0.0.1:0. Already tried 3 time(s); retry policy is RetryUpToMaximumCountWithFixedSleep(maxRetries=10, sleepTime=1000 MILLISECONDS)
2019-09-27 09:52:59,902 [main] INFO  ipc.Client (Client.java:handleConnectionFailure(948)) - Retrying connect to server: localhost/127.0.0.1:0. Already tried 4 time(s); retry policy is RetryUpToMaximumCountWithFixedSleep(maxRetries=10, sleepTime=1000 MILLISECONDS)
2019-09-27 09:53:00,903 [main] INFO  ipc.Client (Client.java:handleConnectionFailure(948)) - Retrying connect to server: localhost/127.0.0.1:0. Already tried 5 time(s); retry policy is RetryUpToMaximumCountWithFixedSleep(maxRetries=10, sleepTime=1000 MILLISECONDS)
2019-09-27 09:53:01,904 [main] INFO  ipc.Client (Client.java:handleConnectionFailure(948)) - Retrying connect to server: localhost/127.0.0.1:0. Already tried 6 time(s); retry policy is RetryUpToMaximumCountWithFixedSleep(maxRetries=10, sleepTime=1000 MILLISECONDS)
2019-09-27 09:53:02,906 [main] INFO  ipc.Client (Client.java:handleConnectionFailure(948)) - Retrying connect to server: localhost/127.0.0.1:0. Already tried 7 time(s); retry policy is RetryUpToMaximumCountWithFixedSleep(maxRetries=10, sleepTime=1000 MILLISECONDS)
2019-09-27 09:53:03,907 [main] INFO  ipc.Client (Client.java:handleConnectionFailure(948)) - Retrying connect to server: localhost/127.0.0.1:0. Already tried 8 time(s); retry policy is RetryUpToMaximumCountWithFixedSleep(maxRetries=10, sleepTime=1000 MILLISECONDS)
2019-09-27 09:53:04,910 [main] INFO  ipc.Client (Client.java:handleConnectionFailure(948)) - Retrying connect to server: localhost/127.0.0.1:0. Already tried 9 time(s); retry policy is RetryUpToMaximumCountWithFixedSleep(maxRetries=10, sleepTime=1000 MILLISECONDS)
2019-09-27 09:53:04,912 [main] INFO  retry.RetryInvocationHandler (RetryInvocationHandler.java:log(411)) - com.google.protobuf.ServiceException: java.net.ConnectException: Your endpoint configuration is wrong; For more details see:  http://wiki.apache.org/hadoop/UnsetHostnameOrPort, while invoking $Proxy37.submitRequest over nodeId=null,nodeAddress=127.0.0.1:0 after 4 failover attempts. Trying to failover immediately.
2019-09-27 09:53:05,913 [main] INFO  ipc.Client (Client.java:handleConnectionFailure(948)) - Retrying connect to server: localhost/127.0.0.1:0. Already tried 0 time(s); retry policy is RetryUpToMaximumCountWithFixedSleep(maxRetries=10, sleepTime=1000 MILLISECONDS)
2019-09-27 09:53:06,914 [main] INFO  ipc.Client (Client.java:handleConnectionFailure(948)) - Retrying connect to server: localhost/127.0.0.1:0. Already tried 1 time(s); retry policy is RetryUpToMaximumCountWithFixedSleep(maxRetries=10, sleepTime=1000 MILLISECONDS)
2019-09-27 09:53:07,916 [main] INFO  ipc.Client (Client.java:handleConnectionFailure(948)) - Retrying connect to server: localhost/127.0.0.1:0. Already tried 2 time(s); retry policy is RetryUpToMaximumCountWithFixedSleep(maxRetries=10, sleepTime=1000 MILLISECONDS)
2019-09-27 09:53:08,917 [main] INFO  ipc.Client (Client.java:handleConnectionFailure(948)) - Retrying connect to server: localhost/127.0.0.1:0. Already tried 3 time(s); retry policy is RetryUpToMaximumCountWithFixedSleep(maxRetries=10, sleepTime=1000 MILLISECONDS)
2019-09-27 09:53:09,918 [main] INFO  ipc.Client (Client.java:handleConnectionFailure(948)) - Retrying connect to server: localhost/127.0.0.1:0. Already tried 4 time(s); retry policy is RetryUpToMaximumCountWithFixedSleep(maxRetries=10, sleepTime=1000 MILLISECONDS)
2019-09-27 09:53:10,920 [main] INFO  ipc.Client (Client.java:handleConnectionFailure(948)) - Retrying connect to server: localhost/127.0.0.1:0. Already tried 5 time(s); retry policy is RetryUpToMaximumCountWithFixedSleep(maxRetries=10, sleepTime=1000 MILLISECONDS)
2019-09-27 09:53:11,921 [main] INFO  ipc.Client (Client.java:handleConnectionFailure(948)) - Retrying connect to server: localhost/127.0.0.1:0. Already tried 6 time(s); retry policy is RetryUpToMaximumCountWithFixedSleep(maxRetries=10, sleepTime=1000 MILLISECONDS)
2019-09-27 09:53:12,923 [main] INFO  ipc.Client (Client.java:handleConnectionFailure(948)) - Retrying connect to server: localhost/127.0.0.1:0. Already tried 7 time(s); retry policy is RetryUpToMaximumCountWithFixedSleep(maxRetries=10, sleepTime=1000 MILLISECONDS)
2019-09-27 09:53:13,924 [main] INFO  ipc.Client (Client.java:handleConnectionFailure(948)) - Retrying connect to server: localhost/127.0.0.1:0. Already tried 8 time(s); retry policy is RetryUpToMaximumCountWithFixedSleep(maxRetries=10, sleepTime=1000 MILLISECONDS)
2019-09-27 09:53:14,926 [main] INFO  ipc.Client (Client.java:handleConnectionFailure(948)) - Retrying connect to server: localhost/127.0.0.1:0. Already tried 9 time(s); retry policy is RetryUpToMaximumCountWithFixedSleep(maxRetries=10, sleepTime=1000 MILLISECONDS)
2019-09-27 09:53:14,927 [main] INFO  retry.RetryInvocationHandler (RetryInvocationHandler.java:log(411)) - com.google.protobuf.ServiceException: java.net.ConnectException: Your endpoint configuration is wrong; For more details see:  http://wiki.apache.org/hadoop/UnsetHostnameOrPort, while invoking $Proxy37.submitRequest over nodeId=null,nodeAddress=127.0.0.1:0 after 5 failover attempts. Trying to failover immediately.
2019-09-27 09:53:15,928 [main] INFO  ipc.Client (Client.java:handleConnectionFailure(948)) - Retrying connect to server: localhost/127.0.0.1:0. Already tried 0 time(s); retry policy is RetryUpToMaximumCountWithFixedSleep(maxRetries=10, sleepTime=1000 MILLISECONDS)
2019-09-27 09:53:16,930 [main] INFO  ipc.Client (Client.java:handleConnectionFailure(948)) - Retrying connect to server: localhost/127.0.0.1:0. Already tried 1 time(s); retry policy is RetryUpToMaximumCountWithFixedSleep(maxRetries=10, sleepTime=1000 MILLISECONDS)
2019-09-27 09:53:17,931 [main] INFO  ipc.Client (Client.java:handleConnectionFailure(948)) - Retrying connect to server: localhost/127.0.0.1:0. Already tried 2 time(s); retry policy is RetryUpToMaximumCountWithFixedSleep(maxRetries=10, sleepTime=1000 MILLISECONDS)
2019-09-27 09:53:18,932 [main] INFO  ipc.Client (Client.java:handleConnectionFailure(948)) - Retrying connect to server: localhost/127.0.0.1:0. Already tried 3 time(s); retry policy is RetryUpToMaximumCountWithFixedSleep(maxRetries=10, sleepTime=1000 MILLISECONDS)
2019-09-27 09:53:19,934 [main] INFO  ipc.Client (Client.java:handleConnectionFailure(948)) - Retrying connect to server: localhost/127.0.0.1:0. Already tried 4 time(s); retry policy is RetryUpToMaximumCountWithFixedSleep(maxRetries=10, sleepTime=1000 MILLISECONDS)
2019-09-27 09:53:20,935 [main] INFO  ipc.Client (Client.java:handleConnectionFailure(948)) - Retrying connect to server: localhost/127.0.0.1:0. Already tried 5 time(s); retry policy is RetryUpToMaximumCountWithFixedSleep(maxRetries=10, sleepTime=1000 MILLISECONDS)
2019-09-27 09:53:21,936 [main] INFO  ipc.Client (Client.java:handleConnectionFailure(948)) - Retrying connect to server: localhost/127.0.0.1:0. Already tried 6 time(s); retry policy is RetryUpToMaximumCountWithFixedSleep(maxRetries=10, sleepTime=1000 MILLISECONDS)
2019-09-27 09:53:22,938 [main] INFO  ipc.Client (Client.java:handleConnectionFailure(948)) - Retrying connect to server: localhost/127.0.0.1:0. Already tried 7 time(s); retry policy is RetryUpToMaximumCountWithFixedSleep(maxRetries=10, sleepTime=1000 MILLISECONDS)
2019-09-27 09:53:23,939 [main] INFO  ipc.Client (Client.java:handleConnectionFailure(948)) - Retrying connect to server: localhost/127.0.0.1:0. Already tried 8 time(s); retry policy is RetryUpToMaximumCountWithFixedSleep(maxRetries=10, sleepTime=1000 MILLISECONDS)
2019-09-27 09:53:24,940 [main] INFO  ipc.Client (Client.java:handleConnectionFailure(948)) - Retrying connect to server: localhost/127.0.0.1:0. Already tried 9 time(s); retry policy is RetryUpToMaximumCountWithFixedSleep(maxRetries=10, sleepTime=1000 MILLISECONDS)
2019-09-27 09:53:24,942 [main] INFO  retry.RetryInvocationHandler (RetryInvocationHandler.java:log(411)) - com.google.protobuf.ServiceException: java.net.ConnectException: Your endpoint configuration is wrong; For more details see:  http://wiki.apache.org/hadoop/UnsetHostnameOrPort, while invoking $Proxy37.submitRequest over nodeId=null,nodeAddress=127.0.0.1:0 after 6 failover attempts. Trying to failover immediately.
2019-09-27 09:53:25,943 [main] INFO  ipc.Client (Client.java:handleConnectionFailure(948)) - Retrying connect to server: localhost/127.0.0.1:0. Already tried 0 time(s); retry policy is RetryUpToMaximumCountWithFixedSleep(maxRetries=10, sleepTime=1000 MILLISECONDS)
2019-09-27 09:53:26,944 [main] INFO  ipc.Client (Client.java:handleConnectionFailure(948)) - Retrying connect to server: localhost/127.0.0.1:0. Already tried 1 time(s); retry policy is RetryUpToMaximumCountWithFixedSleep(maxRetries=10, sleepTime=1000 MILLISECONDS)
2019-09-27 09:53:27,946 [main] INFO  ipc.Client (Client.java:handleConnectionFailure(948)) - Retrying connect to server: localhost/127.0.0.1:0. Already tried 2 time(s); retry policy is RetryUpToMaximumCountWithFixedSleep(maxRetries=10, sleepTime=1000 MILLISECONDS)
2019-09-27 09:53:28,947 [main] INFO  ipc.Client (Client.java:handleConnectionFailure(948)) - Retrying connect to server: localhost/127.0.0.1:0. Already tried 3 time(s); retry policy is RetryUpToMaximumCountWithFixedSleep(maxRetries=10, sleepTime=1000 MILLISECONDS)
2019-09-27 09:53:29,948 [main] INFO  ipc.Client (Client.java:handleConnectionFailure(948)) - Retrying connect to server: localhost/127.0.0.1:0. Already tried 4 time(s); retry policy is RetryUpToMaximumCountWithFixedSleep(maxRetries=10, sleepTime=1000 MILLISECONDS)
2019-09-27 09:53:30,950 [main] INFO  ipc.Client (Client.java:handleConnectionFailure(948)) - Retrying connect to server: localhost/127.0.0.1:0. Already tried 5 time(s); retry policy is RetryUpToMaximumCountWithFixedSleep(maxRetries=10, sleepTime=1000 MILLISECONDS)
2019-09-27 09:53:31,951 [main] INFO  ipc.Client (Client.java:handleConnectionFailure(948)) - Retrying connect to server: localhost/127.0.0.1:0. Already tried 6 time(s); retry policy is RetryUpToMaximumCountWithFixedSleep(maxRetries=10, sleepTime=1000 MILLISECONDS)
2019-09-27 09:53:32,952 [main] INFO  ipc.Client (Client.java:handleConnectionFailure(948)) - Retrying connect to server: localhost/127.0.0.1:0. Already tried 7 time(s); retry policy is RetryUpToMaximumCountWithFixedSleep(maxRetries=10, sleepTime=1000 MILLISECONDS)
2019-09-27 09:53:33,954 [main] INFO  ipc.Client (Client.java:handleConnectionFailure(948)) - Retrying connect to server: localhost/127.0.0.1:0. Already tried 8 time(s); retry policy is RetryUpToMaximumCountWithFixedSleep(maxRetries=10, sleepTime=1000 MILLISECONDS)
2019-09-27 09:53:34,955 [main] INFO  ipc.Client (Client.java:handleConnectionFailure(948)) - Retrying connect to server: localhost/127.0.0.1:0. Already tried 9 time(s); retry policy is RetryUpToMaximumCountWithFixedSleep(maxRetries=10, sleepTime=1000 MILLISECONDS)
2019-09-27 09:53:34,957 [main] INFO  retry.RetryInvocationHandler (RetryInvocationHandler.java:log(411)) - com.google.protobuf.ServiceException: java.net.ConnectException: Your endpoint configuration is wrong; For more details see:  http://wiki.apache.org/hadoop/UnsetHostnameOrPort, while invoking $Proxy37.submitRequest over nodeId=null,nodeAddress=127.0.0.1:0 after 7 failover attempts. Trying to failover immediately.
2019-09-27 09:53:35,958 [main] INFO  ipc.Client (Client.java:handleConnectionFailure(948)) - Retrying connect to server: localhost/127.0.0.1:0. Already tried 0 time(s); retry policy is RetryUpToMaximumCountWithFixedSleep(maxRetries=10, sleepTime=1000 MILLISECONDS)
2019-09-27 09:53:36,960 [main] INFO  ipc.Client (Client.java:handleConnectionFailure(948)) - Retrying connect to server: localhost/127.0.0.1:0. Already tried 1 time(s); retry policy is RetryUpToMaximumCountWithFixedSleep(maxRetries=10, sleepTime=1000 MILLISECONDS)
2019-09-27 09:53:37,962 [main] INFO  ipc.Client (Client.java:handleConnectionFailure(948)) - Retrying connect to server: localhost/127.0.0.1:0. Already tried 2 time(s); retry policy is RetryUpToMaximumCountWithFixedSleep(maxRetries=10, sleepTime=1000 MILLISECONDS)
2019-09-27 09:53:38,963 [main] INFO  ipc.Client (Client.java:handleConnectionFailure(948)) - Retrying connect to server: localhost/127.0.0.1:0. Already tried 3 time(s); retry policy is RetryUpToMaximumCountWithFixedSleep(maxRetries=10, sleepTime=1000 MILLISECONDS)
2019-09-27 09:53:39,964 [main] INFO  ipc.Client (Client.java:handleConnectionFailure(948)) - Retrying connect to server: localhost/127.0.0.1:0. Already tried 4 time(s); retry policy is RetryUpToMaximumCountWithFixedSleep(maxRetries=10, sleepTime=1000 MILLISECONDS)
2019-09-27 09:53:40,966 [main] INFO  ipc.Client (Client.java:handleConnectionFailure(948)) - Retrying connect to server: localhost/127.0.0.1:0. Already tried 5 time(s); retry policy is RetryUpToMaximumCountWithFixedSleep(maxRetries=10, sleepTime=1000 MILLISECONDS)
2019-09-27 09:53:41,967 [main] INFO  ipc.Client (Client.java:handleConnectionFailure(948)) - Retrying connect to server: localhost/127.0.0.1:0. Already tried 6 time(s); retry policy is RetryUpToMaximumCountWithFixedSleep(maxRetries=10, sleepTime=1000 MILLISECONDS)
2019-09-27 09:53:42,968 [main] INFO  ipc.Client (Client.java:handleConnectionFailure(948)) - Retrying connect to server: localhost/127.0.0.1:0. Already tried 7 time(s); retry policy is RetryUpToMaximumCountWithFixedSleep(maxRetries=10, sleepTime=1000 MILLISECONDS)
2019-09-27 09:53:43,970 [main] INFO  ipc.Client (Client.java:handleConnectionFailure(948)) - Retrying connect to server: localhost/127.0.0.1:0. Already tried 8 time(s); retry policy is RetryUpToMaximumCountWithFixedSleep(maxRetries=10, sleepTime=1000 MILLISECONDS)
2019-09-27 09:53:44,971 [main] INFO  ipc.Client (Client.java:handleConnectionFailure(948)) - Retrying connect to server: localhost/127.0.0.1:0. Already tried 9 time(s); retry policy is RetryUpToMaximumCountWithFixedSleep(maxRetries=10, sleepTime=1000 MILLISECONDS)
2019-09-27 09:53:44,973 [main] INFO  retry.RetryInvocationHandler (RetryInvocationHandler.java:log(411)) - com.google.protobuf.ServiceException: java.net.ConnectException: Your endpoint configuration is wrong; For more details see:  http://wiki.apache.org/hadoop/UnsetHostnameOrPort, while invoking $Proxy37.submitRequest over nodeId=null,nodeAddress=127.0.0.1:0 after 8 failover attempts. Trying to failover immediately.
2019-09-27 09:53:45,974 [main] INFO  ipc.Client (Client.java:handleConnectionFailure(948)) - Retrying connect to server: localhost/127.0.0.1:0. Already tried 0 time(s); retry policy is RetryUpToMaximumCountWithFixedSleep(maxRetries=10, sleepTime=1000 MILLISECONDS)
2019-09-27 09:53:46,975 [main] INFO  ipc.Client (Client.java:handleConnectionFailure(948)) - Retrying connect to server: localhost/127.0.0.1:0. Already tried 1 time(s); retry policy is RetryUpToMaximumCountWithFixedSleep(maxRetries=10, sleepTime=1000 MILLISECONDS)
2019-09-27 09:53:47,976 [main] INFO  ipc.Client (Client.java:handleConnectionFailure(948)) - Retrying connect to server: localhost/127.0.0.1:0. Already tried 2 time(s); retry policy is RetryUpToMaximumCountWithFixedSleep(maxRetries=10, sleepTime=1000 MILLISECONDS)
2019-09-27 09:53:48,978 [main] INFO  ipc.Client (Client.java:handleConnectionFailure(948)) - Retrying connect to server: localhost/127.0.0.1:0. Already tried 3 time(s); retry policy is RetryUpToMaximumCountWithFixedSleep(maxRetries=10, sleepTime=1000 MILLISECONDS)
2019-09-27 09:53:49,979 [main] INFO  ipc.Client (Client.java:handleConnectionFailure(948)) - Retrying connect to server: localhost/127.0.0.1:0. Already tried 4 time(s); retry policy is RetryUpToMaximumCountWithFixedSleep(maxRetries=10, sleepTime=1000 MILLISECONDS)
2019-09-27 09:53:50,981 [main] INFO  ipc.Client (Client.java:handleConnectionFailure(948)) - Retrying connect to server: localhost/127.0.0.1:0. Already tried 5 time(s); retry policy is RetryUpToMaximumCountWithFixedSleep(maxRetries=10, sleepTime=1000 MILLISECONDS)
2019-09-27 09:53:51,983 [main] INFO  ipc.Client (Client.java:handleConnectionFailure(948)) - Retrying connect to server: localhost/127.0.0.1:0. Already tried 6 time(s); retry policy is RetryUpToMaximumCountWithFixedSleep(maxRetries=10, sleepTime=1000 MILLISECONDS)
2019-09-27 09:53:52,984 [main] INFO  ipc.Client (Client.java:handleConnectionFailure(948)) - Retrying connect to server: localhost/127.0.0.1:0. Already tried 7 time(s); retry policy is RetryUpToMaximumCountWithFixedSleep(maxRetries=10, sleepTime=1000 MILLISECONDS)
2019-09-27 09:53:53,987 [main] INFO  ipc.Client (Client.java:handleConnectionFailure(948)) - Retrying connect to server: localhost/127.0.0.1:0. Already tried 8 time(s); retry policy is RetryUpToMaximumCountWithFixedSleep(maxRetries=10, sleepTime=1000 MILLISECONDS)
2019-09-27 09:53:54,990 [main] INFO  ipc.Client (Client.java:handleConnectionFailure(948)) - Retrying connect to server: localhost/127.0.0.1:0. Already tried 9 time(s); retry policy is RetryUpToMaximumCountWithFixedSleep(maxRetries=10, sleepTime=1000 MILLISECONDS)
2019-09-27 09:53:54,992 [main] INFO  retry.RetryInvocationHandler (RetryInvocationHandler.java:log(411)) - com.google.protobuf.ServiceException: java.net.ConnectException: Your endpoint configuration is wrong; For more details see:  http://wiki.apache.org/hadoop/UnsetHostnameOrPort, while invoking $Proxy37.submitRequest over nodeId=null,nodeAddress=127.0.0.1:0 after 9 failover attempts. Trying to failover immediately.
2019-09-27 09:53:55,993 [main] INFO  ipc.Client (Client.java:handleConnectionFailure(948)) - Retrying connect to server: localhost/127.0.0.1:0. Already tried 0 time(s); retry policy is RetryUpToMaximumCountWithFixedSleep(maxRetries=10, sleepTime=1000 MILLISECONDS)
2019-09-27 09:53:56,995 [main] INFO  ipc.Client (Client.java:handleConnectionFailure(948)) - Retrying connect to server: localhost/127.0.0.1:0. Already tried 1 time(s); retry policy is RetryUpToMaximumCountWithFixedSleep(maxRetries=10, sleepTime=1000 MILLISECONDS)
2019-09-27 09:53:57,996 [main] INFO  ipc.Client (Client.java:handleConnectionFailure(948)) - Retrying connect to server: localhost/127.0.0.1:0. Already tried 2 time(s); retry policy is RetryUpToMaximumCountWithFixedSleep(maxRetries=10, sleepTime=1000 MILLISECONDS)
2019-09-27 09:53:58,997 [main] INFO  ipc.Client (Client.java:handleConnectionFailure(948)) - Retrying connect to server: localhost/127.0.0.1:0. Already tried 3 time(s); retry policy is RetryUpToMaximumCountWithFixedSleep(maxRetries=10, sleepTime=1000 MILLISECONDS)
2019-09-27 09:53:59,999 [main] INFO  ipc.Client (Client.java:handleConnectionFailure(948)) - Retrying connect to server: localhost/127.0.0.1:0. Already tried 4 time(s); retry policy is RetryUpToMaximumCountWithFixedSleep(maxRetries=10, sleepTime=1000 MILLISECONDS)
2019-09-27 09:54:01,000 [main] INFO  ipc.Client (Client.java:handleConnectionFailure(948)) - Retrying connect to server: localhost/127.0.0.1:0. Already tried 5 time(s); retry policy is RetryUpToMaximumCountWithFixedSleep(maxRetries=10, sleepTime=1000 MILLISECONDS)
2019-09-27 09:54:02,002 [main] INFO  ipc.Client (Client.java:handleConnectionFailure(948)) - Retrying connect to server: localhost/127.0.0.1:0. Already tried 6 time(s); retry policy is RetryUpToMaximumCountWithFixedSleep(maxRetries=10, sleepTime=1000 MILLISECONDS)
2019-09-27 09:54:03,003 [main] INFO  ipc.Client (Client.java:handleConnectionFailure(948)) - Retrying connect to server: localhost/127.0.0.1:0. Already tried 7 time(s); retry policy is RetryUpToMaximumCountWithFixedSleep(maxRetries=10, sleepTime=1000 MILLISECONDS)
2019-09-27 09:54:04,004 [main] INFO  ipc.Client (Client.java:handleConnectionFailure(948)) - Retrying connect to server: localhost/127.0.0.1:0. Already tried 8 time(s); retry policy is RetryUpToMaximumCountWithFixedSleep(maxRetries=10, sleepTime=1000 MILLISECONDS)
2019-09-27 09:54:05,005 [main] INFO  ipc.Client (Client.java:handleConnectionFailure(948)) - Retrying connect to server: localhost/127.0.0.1:0. Already tried 9 time(s); retry policy is RetryUpToMaximumCountWithFixedSleep(maxRetries=10, sleepTime=1000 MILLISECONDS)
2019-09-27 09:54:05,007 [main] ERROR ha.OMFailoverProxyProvider (OzoneManagerProtocolClientSideTranslatorPB.java:getRetryAction(268)) - Failed to connect to OM. Attempted 10 retries and 10 failovers
2019-09-27 09:54:05,012 [main] ERROR client.OzoneClientFactory (OzoneClientFactory.java:getClientProtocol(259)) - Couldn't create RpcClient protocol exception: 
java.net.ConnectException: Your endpoint configuration is wrong; For more details see:  http://wiki.apache.org/hadoop/UnsetHostnameOrPort
	at sun.reflect.NativeConstructorAccessorImpl.newInstance0(Native Method)
	at sun.reflect.NativeConstructorAccessorImpl.newInstance(NativeConstructorAccessorImpl.java:62)
	at sun.reflect.DelegatingConstructorAccessorImpl.newInstance(DelegatingConstructorAccessorImpl.java:45)
	at java.lang.reflect.Constructor.newInstance(Constructor.java:423)
	at org.apache.hadoop.net.NetUtils.wrapWithMessage(NetUtils.java:831)
	at org.apache.hadoop.net.NetUtils.wrapException(NetUtils.java:751)
	at org.apache.hadoop.ipc.Client.getRpcResponse(Client.java:1515)
	at org.apache.hadoop.ipc.Client.call(Client.java:1457)
	at org.apache.hadoop.ipc.Client.call(Client.java:1367)
	at org.apache.hadoop.ipc.ProtobufRpcEngine$Invoker.invoke(ProtobufRpcEngine.java:228)
	at org.apache.hadoop.ipc.ProtobufRpcEngine$Invoker.invoke(ProtobufRpcEngine.java:116)
	at com.sun.proxy.$Proxy37.submitRequest(Unknown Source)
	at sun.reflect.NativeMethodAccessorImpl.invoke0(Native Method)
	at sun.reflect.NativeMethodAccessorImpl.invoke(NativeMethodAccessorImpl.java:62)
	at sun.reflect.DelegatingMethodAccessorImpl.invoke(DelegatingMethodAccessorImpl.java:43)
	at java.lang.reflect.Method.invoke(Method.java:498)
	at org.apache.hadoop.io.retry.RetryInvocationHandler.invokeMethod(RetryInvocationHandler.java:422)
	at org.apache.hadoop.io.retry.RetryInvocationHandler$Call.invokeMethod(RetryInvocationHandler.java:165)
	at org.apache.hadoop.io.retry.RetryInvocationHandler$Call.invoke(RetryInvocationHandler.java:157)
	at org.apache.hadoop.io.retry.RetryInvocationHandler$Call.invokeOnce(RetryInvocationHandler.java:95)
	at org.apache.hadoop.io.retry.RetryInvocationHandler.invoke(RetryInvocationHandler.java:359)
	at com.sun.proxy.$Proxy37.submitRequest(Unknown Source)
	at org.apache.hadoop.ozone.om.protocolPB.OzoneManagerProtocolClientSideTranslatorPB.submitRequest(OzoneManagerProtocolClientSideTranslatorPB.java:338)
	at org.apache.hadoop.ozone.om.protocolPB.OzoneManagerProtocolClientSideTranslatorPB.getServiceInfo(OzoneManagerProtocolClientSideTranslatorPB.java:1223)
	at sun.reflect.NativeMethodAccessorImpl.invoke0(Native Method)
	at sun.reflect.NativeMethodAccessorImpl.invoke(NativeMethodAccessorImpl.java:62)
	at sun.reflect.DelegatingMethodAccessorImpl.invoke(DelegatingMethodAccessorImpl.java:43)
	at java.lang.reflect.Method.invoke(Method.java:498)
	at org.apache.hadoop.hdds.tracing.TraceAllMethod.invoke(TraceAllMethod.java:66)
	at com.sun.proxy.$Proxy38.getServiceInfo(Unknown Source)
	at org.apache.hadoop.ozone.client.rpc.RpcClient.<init>(RpcClient.java:154)
	at org.apache.hadoop.ozone.client.OzoneClientFactory.getClientProtocol(OzoneClientFactory.java:256)
	at org.apache.hadoop.ozone.client.OzoneClientFactory.getClientProtocol(OzoneClientFactory.java:239)
	at org.apache.hadoop.ozone.client.OzoneClientFactory.getRpcClient(OzoneClientFactory.java:203)
	at org.apache.hadoop.ozone.client.rpc.TestReadRetries.init(TestReadRetries.java:95)
	at sun.reflect.NativeMethodAccessorImpl.invoke0(Native Method)
	at sun.reflect.NativeMethodAccessorImpl.invoke(NativeMethodAccessorImpl.java:62)
	at sun.reflect.DelegatingMethodAccessorImpl.invoke(DelegatingMethodAccessorImpl.java:43)
	at java.lang.reflect.Method.invoke(Method.java:498)
	at org.junit.runners.model.FrameworkMethod$1.runReflectiveCall(FrameworkMethod.java:47)
	at org.junit.internal.runners.model.ReflectiveCallable.run(ReflectiveCallable.java:12)
	at org.junit.runners.model.FrameworkMethod.invokeExplosively(FrameworkMethod.java:44)
	at org.junit.internal.runners.statements.RunBefores.evaluate(RunBefores.java:24)
	at org.junit.internal.runners.statements.RunAfters.evaluate(RunAfters.java:27)
	at org.junit.runners.ParentRunner.run(ParentRunner.java:309)
	at org.apache.maven.surefire.junit4.JUnit4Provider.execute(JUnit4Provider.java:365)
	at org.apache.maven.surefire.junit4.JUnit4Provider.executeWithRerun(JUnit4Provider.java:273)
	at org.apache.maven.surefire.junit4.JUnit4Provider.executeTestSet(JUnit4Provider.java:238)
	at org.apache.maven.surefire.junit4.JUnit4Provider.invoke(JUnit4Provider.java:159)
	at org.apache.maven.surefire.booter.ForkedBooter.invokeProviderInSameClassLoader(ForkedBooter.java:384)
	at org.apache.maven.surefire.booter.ForkedBooter.runSuitesInProcess(ForkedBooter.java:345)
	at org.apache.maven.surefire.booter.ForkedBooter.execute(ForkedBooter.java:126)
	at org.apache.maven.surefire.booter.ForkedBooter.main(ForkedBooter.java:418)
Caused by: java.net.ConnectException: Connection refused
	at sun.nio.ch.SocketChannelImpl.checkConnect(Native Method)
	at sun.nio.ch.SocketChannelImpl.finishConnect(SocketChannelImpl.java:717)
	at org.apache.hadoop.net.SocketIOWithTimeout.connect(SocketIOWithTimeout.java:206)
	at org.apache.hadoop.net.NetUtils.connect(NetUtils.java:531)
	at org.apache.hadoop.ipc.Client$Connection.setupConnection(Client.java:690)
	at org.apache.hadoop.ipc.Client$Connection.setupIOstreams(Client.java:794)
	at org.apache.hadoop.ipc.Client$Connection.access$3700(Client.java:411)
	at org.apache.hadoop.ipc.Client.getConnection(Client.java:1572)
	at org.apache.hadoop.ipc.Client.call(Client.java:1403)
	... 45 more
2019-09-27 09:54:05,017 [main] INFO  ozone.MiniOzoneClusterImpl (MiniOzoneClusterImpl.java:shutdown(314)) - Shutting down the Mini Ozone Cluster
2019-09-27 09:54:05,018 [main] INFO  ozone.MiniOzoneClusterImpl (MiniOzoneClusterImpl.java:stop(330)) - Stopping the Mini Ozone Cluster
2019-09-27 09:54:05,019 [main] INFO  ozone.MiniOzoneClusterImpl (MiniOzoneClusterImpl.java:stopOM(400)) - Stopping the OzoneManager
2019-09-27 09:54:05,019 [main] INFO  ipc.Server (Server.java:stop(3082)) - Stopping server on 41439
2019-09-27 09:54:05,034 [IPC Server listener on 41439] INFO  ipc.Server (Server.java:run(1185)) - Stopping IPC Server listener on 41439
2019-09-27 09:54:05,034 [main] INFO  ratis.OzoneManagerDoubleBuffer (OzoneManagerDoubleBuffer.java:stop(248)) - Stopping OMDoubleBuffer flush thread
2019-09-27 09:54:05,040 [IPC Server Responder] INFO  ipc.Server (Server.java:run(1319)) - Stopping IPC Server Responder
2019-09-27 09:54:05,061 [OMDoubleBufferFlushThread] INFO  ratis.OzoneManagerDoubleBuffer (OzoneManagerDoubleBuffer.java:flushTransactions(191)) - OMDoubleBuffer flush thread OMDoubleBufferFlushThread is interrupted and will exit. OMDoubleBufferFlushThread
2019-09-27 09:54:05,086 [main] INFO  utils.BackgroundService (BackgroundService.java:shutdown(148)) - Shutting down service KeyDeletingService
2019-09-27 09:54:05,093 [main] INFO  handler.ContextHandler (ContextHandler.java:doStop(910)) - Stopped o.e.j.w.WebAppContext@415156bf{/,null,UNAVAILABLE}{/ozoneManager}
2019-09-27 09:54:05,101 [main] INFO  server.AbstractConnector (AbstractConnector.java:doStop(318)) - Stopped ServerConnector@393881f0{HTTP/1.1,[http/1.1]}{0.0.0.0:0}
2019-09-27 09:54:05,102 [main] INFO  handler.ContextHandler (ContextHandler.java:doStop(910)) - Stopped o.e.j.s.ServletContextHandler@3a627c80{/static,file:///workdir/hadoop-ozone/integration-test/target/test-classes/webapps/static,UNAVAILABLE}
2019-09-27 09:54:05,102 [main] INFO  handler.ContextHandler (ContextHandler.java:doStop(910)) - Stopped o.e.j.s.ServletContextHandler@20ed3303{/logs,file:///workdir/hadoop-ozone/integration-test/target/log,UNAVAILABLE}
2019-09-27 09:54:05,110 [main] INFO  ozone.MiniOzoneClusterImpl (MiniOzoneClusterImpl.java:stopDatanodes(377)) - Stopping the HddsDatanodes
2019-09-27 09:54:05,150 [Datanode State Machine Thread - 0] INFO  statemachine.DatanodeStateMachine (DatanodeStateMachine.java:lambda$startDaemon$0(350)) - Ozone container server started.
2019-09-27 09:54:05,928 [Datanode State Machine Thread - 0] INFO  statemachine.DatanodeStateMachine (DatanodeStateMachine.java:lambda$startDaemon$0(350)) - Ozone container server started.
2019-09-27 09:54:10,114 [ForkJoinPool.commonPool-worker-0] INFO  ozoneimpl.OzoneContainer (OzoneContainer.java:stop(231)) - Attempting to stop container services.
2019-09-27 09:54:10,114 [main] INFO  ozoneimpl.OzoneContainer (OzoneContainer.java:stop(231)) - Attempting to stop container services.
2019-09-27 09:54:10,116 [ForkJoinPool.commonPool-worker-0] INFO  impl.RaftServerProxy (RaftServerProxy.java:lambda$close$4(314)) - a8c068ea-62f3-4e92-8bab-cb78a32fa14d: close
2019-09-27 09:54:10,116 [main] INFO  impl.RaftServerProxy (RaftServerProxy.java:lambda$close$4(314)) - 8ba5199e-bc13-4980-9432-390e97d7087b: close
2019-09-27 09:54:10,119 [ForkJoinPool.commonPool-worker-0] INFO  impl.RaftServerImpl (RaftServerImpl.java:lambda$shutdown$3(251)) - a8c068ea-62f3-4e92-8bab-cb78a32fa14d@group-9C9B0540D405: shutdown
2019-09-27 09:54:10,119 [main] INFO  impl.RaftServerImpl (RaftServerImpl.java:lambda$shutdown$3(251)) - 8ba5199e-bc13-4980-9432-390e97d7087b@group-E0E41C1599F9: shutdown
2019-09-27 09:54:10,119 [ForkJoinPool.commonPool-worker-0] INFO  util.JmxRegister (JmxRegister.java:unregister(73)) - Successfully un-registered JMX Bean with object name Ratis:service=RaftServer,group=group-9C9B0540D405,id=a8c068ea-62f3-4e92-8bab-cb78a32fa14d
2019-09-27 09:54:10,120 [main] INFO  util.JmxRegister (JmxRegister.java:unregister(73)) - Successfully un-registered JMX Bean with object name Ratis:service=RaftServer,group=group-E0E41C1599F9,id=8ba5199e-bc13-4980-9432-390e97d7087b
2019-09-27 09:54:10,120 [ForkJoinPool.commonPool-worker-0] INFO  impl.RoleInfo (RoleInfo.java:shutdownLeaderState(104)) - a8c068ea-62f3-4e92-8bab-cb78a32fa14d: shutdown LeaderState
2019-09-27 09:54:10,120 [main] INFO  impl.RoleInfo (RoleInfo.java:shutdownLeaderState(104)) - 8ba5199e-bc13-4980-9432-390e97d7087b: shutdown LeaderState
2019-09-27 09:54:10,121 [ForkJoinPool.commonPool-worker-0] INFO  impl.PendingRequests (PendingRequests.java:sendNotLeaderResponses(202)) - a8c068ea-62f3-4e92-8bab-cb78a32fa14d-PendingRequests: sendNotLeaderResponses
2019-09-27 09:54:10,132 [org.apache.ratis.server.impl.LogAppender$AppenderDaemon$$Lambda$377/417088291@2260e981] WARN  server.GrpcLogAppender (GrpcLogAppender.java:mayWait(143)) - 8ba5199e-bc13-4980-9432-390e97d7087b@group-E0E41C1599F9->4086c8fe-6833-427c-bdb8-ba1cab517569-GrpcLogAppender: Wait interrupted by java.lang.InterruptedException
2019-09-27 09:54:10,132 [org.apache.ratis.server.impl.LogAppender$AppenderDaemon$$Lambda$377/417088291@11475aae] WARN  server.GrpcLogAppender (GrpcLogAppender.java:mayWait(143)) - 8ba5199e-bc13-4980-9432-390e97d7087b@group-E0E41C1599F9->a8c068ea-62f3-4e92-8bab-cb78a32fa14d-GrpcLogAppender: Wait interrupted by java.lang.InterruptedException
2019-09-27 09:54:10,131 [main] INFO  impl.PendingRequests (PendingRequests.java:sendNotLeaderResponses(202)) - 8ba5199e-bc13-4980-9432-390e97d7087b-PendingRequests: sendNotLeaderResponses
2019-09-27 09:54:10,132 [ForkJoinPool.commonPool-worker-0] INFO  impl.StateMachineUpdater (StateMachineUpdater.java:stopAndJoin(125)) - a8c068ea-62f3-4e92-8bab-cb78a32fa14d@group-9C9B0540D405-StateMachineUpdater: set stopIndex = 0
2019-09-27 09:54:10,139 [main] INFO  impl.StateMachineUpdater (StateMachineUpdater.java:stopAndJoin(125)) - 8ba5199e-bc13-4980-9432-390e97d7087b@group-E0E41C1599F9-StateMachineUpdater: set stopIndex = 0
2019-09-27 09:54:10,143 [grpc-default-executor-1] INFO  server.GrpcServerProtocolService (GrpcServerProtocolService.java:onCompleted(113)) - a8c068ea-62f3-4e92-8bab-cb78a32fa14d: Completed APPEND_ENTRIES, lastRequest: 8ba5199e-bc13-4980-9432-390e97d7087b->a8c068ea-62f3-4e92-8bab-cb78a32fa14d#40-t4, previous=(t:4, i:0), leaderCommit=0, initializing? false, entries: <empty>
2019-09-27 09:54:10,143 [grpc-default-executor-4] INFO  server.GrpcServerProtocolService (GrpcServerProtocolService.java:onCompleted(113)) - 4086c8fe-6833-427c-bdb8-ba1cab517569: Completed APPEND_ENTRIES, lastRequest: 8ba5199e-bc13-4980-9432-390e97d7087b->4086c8fe-6833-427c-bdb8-ba1cab517569#40-t4, previous=(t:4, i:0), leaderCommit=0, initializing? false, entries: <empty>
2019-09-27 09:54:10,146 [ForkJoinPool.commonPool-worker-0] INFO  impl.RaftServerImpl (ServerState.java:close(385)) - a8c068ea-62f3-4e92-8bab-cb78a32fa14d@group-9C9B0540D405: closes. applyIndex: 0
2019-09-27 09:54:10,146 [main] INFO  impl.RaftServerImpl (ServerState.java:close(385)) - 8ba5199e-bc13-4980-9432-390e97d7087b@group-E0E41C1599F9: closes. applyIndex: 0
2019-09-27 09:54:10,150 [grpc-default-executor-4] INFO  server.GrpcLogAppender (GrpcLogAppender.java:onCompleted(293)) - 8ba5199e-bc13-4980-9432-390e97d7087b@group-E0E41C1599F9->a8c068ea-62f3-4e92-8bab-cb78a32fa14d-AppendLogResponseHandler: follower responses appendEntries COMPLETED
2019-09-27 09:54:10,153 [grpc-default-executor-1] INFO  server.GrpcLogAppender (GrpcLogAppender.java:onCompleted(293)) - 8ba5199e-bc13-4980-9432-390e97d7087b@group-E0E41C1599F9->4086c8fe-6833-427c-bdb8-ba1cab517569-AppendLogResponseHandler: follower responses appendEntries COMPLETED
2019-09-27 09:54:10,154 [grpc-default-executor-4] INFO  impl.FollowerInfo (FollowerInfo.java:lambda$new$0(51)) - 8ba5199e-bc13-4980-9432-390e97d7087b@group-E0E41C1599F9->a8c068ea-62f3-4e92-8bab-cb78a32fa14d: nextIndex: updateUnconditionally 1 -> 0
2019-09-27 09:54:10,158 [a8c068ea-62f3-4e92-8bab-cb78a32fa14d@group-9C9B0540D405-SegmentedRaftLogWorker] INFO  segmented.SegmentedRaftLogWorker (SegmentedRaftLogWorker.java:run(313)) - a8c068ea-62f3-4e92-8bab-cb78a32fa14d@group-9C9B0540D405-SegmentedRaftLogWorker was interrupted, exiting. There are 0 tasks remaining in the queue.
2019-09-27 09:54:10,158 [grpc-default-executor-1] INFO  impl.FollowerInfo (FollowerInfo.java:lambda$new$0(51)) - 8ba5199e-bc13-4980-9432-390e97d7087b@group-E0E41C1599F9->4086c8fe-6833-427c-bdb8-ba1cab517569: nextIndex: updateUnconditionally 1 -> 0
2019-09-27 09:54:10,158 [8ba5199e-bc13-4980-9432-390e97d7087b@group-E0E41C1599F9-SegmentedRaftLogWorker] INFO  segmented.SegmentedRaftLogWorker (SegmentedRaftLogWorker.java:run(313)) - 8ba5199e-bc13-4980-9432-390e97d7087b@group-E0E41C1599F9-SegmentedRaftLogWorker was interrupted, exiting. There are 0 tasks remaining in the queue.
2019-09-27 09:54:10,162 [ForkJoinPool.commonPool-worker-0] INFO  segmented.SegmentedRaftLogWorker (SegmentedRaftLogWorker.java:close(228)) - a8c068ea-62f3-4e92-8bab-cb78a32fa14d@group-9C9B0540D405-SegmentedRaftLogWorker close()
2019-09-27 09:54:10,165 [main] INFO  segmented.SegmentedRaftLogWorker (SegmentedRaftLogWorker.java:close(228)) - 8ba5199e-bc13-4980-9432-390e97d7087b@group-E0E41C1599F9-SegmentedRaftLogWorker close()
2019-09-27 09:54:10,176 [ForkJoinPool.commonPool-worker-0] INFO  impl.RaftServerImpl (RaftServerImpl.java:lambda$shutdown$3(251)) - a8c068ea-62f3-4e92-8bab-cb78a32fa14d@group-E0E41C1599F9: shutdown
2019-09-27 09:54:10,176 [main] INFO  impl.RaftServerImpl (RaftServerImpl.java:lambda$shutdown$3(251)) - 8ba5199e-bc13-4980-9432-390e97d7087b@group-7CDA2380ABDE: shutdown
2019-09-27 09:54:10,176 [ForkJoinPool.commonPool-worker-0] INFO  util.JmxRegister (JmxRegister.java:unregister(73)) - Successfully un-registered JMX Bean with object name Ratis:service=RaftServer,group=group-E0E41C1599F9,id=a8c068ea-62f3-4e92-8bab-cb78a32fa14d
2019-09-27 09:54:10,177 [main] INFO  util.JmxRegister (JmxRegister.java:unregister(73)) - Successfully un-registered JMX Bean with object name Ratis:service=RaftServer,group=group-7CDA2380ABDE,id=8ba5199e-bc13-4980-9432-390e97d7087b
2019-09-27 09:54:10,177 [ForkJoinPool.commonPool-worker-0] INFO  impl.RoleInfo (RoleInfo.java:shutdownFollowerState(121)) - a8c068ea-62f3-4e92-8bab-cb78a32fa14d: shutdown FollowerState
2019-09-27 09:54:10,178 [main] INFO  impl.RoleInfo (RoleInfo.java:shutdownLeaderState(104)) - 8ba5199e-bc13-4980-9432-390e97d7087b: shutdown LeaderState
2019-09-27 09:54:10,178 [Thread-442] INFO  impl.FollowerState (FollowerState.java:run(115)) - a8c068ea-62f3-4e92-8bab-cb78a32fa14d: FollowerState was interrupted: java.lang.InterruptedException: sleep interrupted
2019-09-27 09:54:10,178 [ForkJoinPool.commonPool-worker-0] INFO  impl.StateMachineUpdater (StateMachineUpdater.java:stopAndJoin(125)) - a8c068ea-62f3-4e92-8bab-cb78a32fa14d@group-E0E41C1599F9-StateMachineUpdater: set stopIndex = 0
2019-09-27 09:54:10,182 [ForkJoinPool.commonPool-worker-0] INFO  impl.RaftServerImpl (ServerState.java:close(385)) - a8c068ea-62f3-4e92-8bab-cb78a32fa14d@group-E0E41C1599F9: closes. applyIndex: 0
2019-09-27 09:54:10,178 [main] INFO  impl.PendingRequests (PendingRequests.java:sendNotLeaderResponses(202)) - 8ba5199e-bc13-4980-9432-390e97d7087b-PendingRequests: sendNotLeaderResponses
2019-09-27 09:54:10,182 [a8c068ea-62f3-4e92-8bab-cb78a32fa14d@group-E0E41C1599F9-SegmentedRaftLogWorker] INFO  segmented.SegmentedRaftLogWorker (SegmentedRaftLogWorker.java:run(313)) - a8c068ea-62f3-4e92-8bab-cb78a32fa14d@group-E0E41C1599F9-SegmentedRaftLogWorker was interrupted, exiting. There are 0 tasks remaining in the queue.
2019-09-27 09:54:10,182 [main] INFO  impl.StateMachineUpdater (StateMachineUpdater.java:stopAndJoin(125)) - 8ba5199e-bc13-4980-9432-390e97d7087b@group-7CDA2380ABDE-StateMachineUpdater: set stopIndex = 0
2019-09-27 09:54:10,186 [ForkJoinPool.commonPool-worker-0] INFO  segmented.SegmentedRaftLogWorker (SegmentedRaftLogWorker.java:close(228)) - a8c068ea-62f3-4e92-8bab-cb78a32fa14d@group-E0E41C1599F9-SegmentedRaftLogWorker close()
2019-09-27 09:54:10,186 [main] INFO  impl.RaftServerImpl (ServerState.java:close(385)) - 8ba5199e-bc13-4980-9432-390e97d7087b@group-7CDA2380ABDE: closes. applyIndex: 0
2019-09-27 09:54:10,193 [8ba5199e-bc13-4980-9432-390e97d7087b@group-7CDA2380ABDE-SegmentedRaftLogWorker] INFO  segmented.SegmentedRaftLogWorker (SegmentedRaftLogWorker.java:run(313)) - 8ba5199e-bc13-4980-9432-390e97d7087b@group-7CDA2380ABDE-SegmentedRaftLogWorker was interrupted, exiting. There are 0 tasks remaining in the queue.
2019-09-27 09:54:10,193 [ForkJoinPool.commonPool-worker-0] INFO  server.GrpcService (GrpcService.java:closeImpl(164)) - a8c068ea-62f3-4e92-8bab-cb78a32fa14d: shutdown server with port 40076 now
2019-09-27 09:54:10,196 [main] INFO  segmented.SegmentedRaftLogWorker (SegmentedRaftLogWorker.java:close(228)) - 8ba5199e-bc13-4980-9432-390e97d7087b@group-7CDA2380ABDE-SegmentedRaftLogWorker close()
2019-09-27 09:54:10,201 [main] INFO  server.GrpcService (GrpcService.java:closeImpl(164)) - 8ba5199e-bc13-4980-9432-390e97d7087b: shutdown server with port 46717 now
2019-09-27 09:54:10,211 [ForkJoinPool.commonPool-worker-0] INFO  server.GrpcService (GrpcService.java:closeImpl(172)) - a8c068ea-62f3-4e92-8bab-cb78a32fa14d: shutdown server with port 40076 successfully
2019-09-27 09:54:10,213 [main] INFO  server.GrpcService (GrpcService.java:closeImpl(172)) - 8ba5199e-bc13-4980-9432-390e97d7087b: shutdown server with port 46717 successfully
2019-09-27 09:54:10,215 [refreshUsed-/workdir/hadoop-ozone/integration-test/target/test-dir/MiniOzoneClusterImpl-c7877029-e657-495a-8fe1-46207200c0e4/datanode-2/data/containers] WARN  fs.CachingGetSpaceUsed (CachingGetSpaceUsed.java:run(183)) - Thread Interrupted waiting to refresh disk information: sleep interrupted
2019-09-27 09:54:10,224 [refreshUsed-/workdir/hadoop-ozone/integration-test/target/test-dir/MiniOzoneClusterImpl-c7877029-e657-495a-8fe1-46207200c0e4/datanode-5/data/containers] WARN  fs.CachingGetSpaceUsed (CachingGetSpaceUsed.java:run(183)) - Thread Interrupted waiting to refresh disk information: sleep interrupted
2019-09-27 09:54:10,244 [ForkJoinPool.commonPool-worker-0] INFO  utils.BackgroundService (BackgroundService.java:shutdown(148)) - Shutting down service BlockDeletingService
2019-09-27 09:54:10,253 [ForkJoinPool.commonPool-worker-0] INFO  statemachine.DatanodeStateMachine (DatanodeStateMachine.java:stopDaemon(395)) - Ozone container server stopped.
2019-09-27 09:54:10,260 [ForkJoinPool.commonPool-worker-0] INFO  handler.ContextHandler (ContextHandler.java:doStop(910)) - Stopped o.e.j.w.WebAppContext@dc4a691{/,null,UNAVAILABLE}{/hddsDatanode}
2019-09-27 09:54:10,261 [ForkJoinPool.commonPool-worker-0] INFO  server.AbstractConnector (AbstractConnector.java:doStop(318)) - Stopped ServerConnector@784abd3e{HTTP/1.1,[http/1.1]}{0.0.0.0:0}
2019-09-27 09:54:10,263 [ForkJoinPool.commonPool-worker-0] INFO  handler.ContextHandler (ContextHandler.java:doStop(910)) - Stopped o.e.j.s.ServletContextHandler@b52b755{/static,jar:file:/home/user/.m2/repository/org/apache/hadoop/hadoop-hdds-container-service/0.5.0-SNAPSHOT/hadoop-hdds-container-service-0.5.0-SNAPSHOT.jar!/webapps/static,UNAVAILABLE}
2019-09-27 09:54:10,265 [ForkJoinPool.commonPool-worker-0] INFO  handler.ContextHandler (ContextHandler.java:doStop(910)) - Stopped o.e.j.s.ServletContextHandler@151bf776{/logs,file:///workdir/hadoop-ozone/integration-test/target/log,UNAVAILABLE}
2019-09-27 09:54:10,270 [main] INFO  utils.BackgroundService (BackgroundService.java:shutdown(148)) - Shutting down service BlockDeletingService
2019-09-27 09:54:10,278 [main] INFO  statemachine.DatanodeStateMachine (DatanodeStateMachine.java:stopDaemon(395)) - Ozone container server stopped.
2019-09-27 09:54:10,279 [main] INFO  handler.ContextHandler (ContextHandler.java:doStop(910)) - Stopped o.e.j.w.WebAppContext@254f906e{/,null,UNAVAILABLE}{/hddsDatanode}
2019-09-27 09:54:10,280 [main] INFO  server.AbstractConnector (AbstractConnector.java:doStop(318)) - Stopped ServerConnector@3d0035d2{HTTP/1.1,[http/1.1]}{0.0.0.0:0}
2019-09-27 09:54:10,280 [main] INFO  handler.ContextHandler (ContextHandler.java:doStop(910)) - Stopped o.e.j.s.ServletContextHandler@3d96fa9e{/static,jar:file:/home/user/.m2/repository/org/apache/hadoop/hadoop-hdds-container-service/0.5.0-SNAPSHOT/hadoop-hdds-container-service-0.5.0-SNAPSHOT.jar!/webapps/static,UNAVAILABLE}
2019-09-27 09:54:10,280 [main] INFO  handler.ContextHandler (ContextHandler.java:doStop(910)) - Stopped o.e.j.s.ServletContextHandler@74170687{/logs,file:///workdir/hadoop-ozone/integration-test/target/log,UNAVAILABLE}
2019-09-27 09:54:10,549 [Datanode State Machine Thread - 0] INFO  statemachine.DatanodeStateMachine (DatanodeStateMachine.java:lambda$startDaemon$0(350)) - Ozone container server started.
2019-09-27 09:54:10,931 [Datanode State Machine Thread - 0] INFO  statemachine.DatanodeStateMachine (DatanodeStateMachine.java:lambda$startDaemon$0(350)) - Ozone container server started.
2019-09-27 09:54:15,267 [ForkJoinPool.commonPool-worker-0] INFO  ozoneimpl.OzoneContainer (OzoneContainer.java:stop(231)) - Attempting to stop container services.
2019-09-27 09:54:15,268 [ForkJoinPool.commonPool-worker-0] INFO  impl.RaftServerProxy (RaftServerProxy.java:lambda$close$4(314)) - fb4382cd-aae1-4392-b31d-66bc5152045f: close
2019-09-27 09:54:15,268 [ForkJoinPool.commonPool-worker-0] INFO  impl.RaftServerImpl (RaftServerImpl.java:lambda$shutdown$3(251)) - fb4382cd-aae1-4392-b31d-66bc5152045f@group-E732014F1250: shutdown
2019-09-27 09:54:15,269 [ForkJoinPool.commonPool-worker-0] INFO  util.JmxRegister (JmxRegister.java:unregister(73)) - Successfully un-registered JMX Bean with object name Ratis:service=RaftServer,group=group-E732014F1250,id=fb4382cd-aae1-4392-b31d-66bc5152045f
2019-09-27 09:54:15,269 [ForkJoinPool.commonPool-worker-0] INFO  impl.RoleInfo (RoleInfo.java:shutdownLeaderState(104)) - fb4382cd-aae1-4392-b31d-66bc5152045f: shutdown LeaderState
2019-09-27 09:54:15,275 [ForkJoinPool.commonPool-worker-0] INFO  impl.PendingRequests (PendingRequests.java:sendNotLeaderResponses(202)) - fb4382cd-aae1-4392-b31d-66bc5152045f-PendingRequests: sendNotLeaderResponses
2019-09-27 09:54:15,275 [org.apache.ratis.server.impl.LogAppender$AppenderDaemon$$Lambda$377/417088291@7a8d1a07] WARN  server.GrpcLogAppender (GrpcLogAppender.java:mayWait(143)) - fb4382cd-aae1-4392-b31d-66bc5152045f@group-E732014F1250->68fd3f2f-bb68-4e1b-9abe-e06c598958dc-GrpcLogAppender: Wait interrupted by java.lang.InterruptedException
2019-09-27 09:54:15,275 [org.apache.ratis.server.impl.LogAppender$AppenderDaemon$$Lambda$377/417088291@107e3aa] WARN  server.GrpcLogAppender (GrpcLogAppender.java:mayWait(143)) - fb4382cd-aae1-4392-b31d-66bc5152045f@group-E732014F1250->1c6b6583-b7e4-4fe6-bf06-d800234747df-GrpcLogAppender: Wait interrupted by java.lang.InterruptedException
2019-09-27 09:54:15,275 [ForkJoinPool.commonPool-worker-0] INFO  impl.StateMachineUpdater (StateMachineUpdater.java:stopAndJoin(125)) - fb4382cd-aae1-4392-b31d-66bc5152045f@group-E732014F1250-StateMachineUpdater: set stopIndex = 0
2019-09-27 09:54:15,278 [ForkJoinPool.commonPool-worker-0] INFO  impl.RaftServerImpl (ServerState.java:close(385)) - fb4382cd-aae1-4392-b31d-66bc5152045f@group-E732014F1250: closes. applyIndex: 0
2019-09-27 09:54:15,278 [grpc-default-executor-1] INFO  server.GrpcServerProtocolService (GrpcServerProtocolService.java:onCompleted(113)) - 1c6b6583-b7e4-4fe6-bf06-d800234747df: Completed APPEND_ENTRIES, lastRequest: fb4382cd-aae1-4392-b31d-66bc5152045f->1c6b6583-b7e4-4fe6-bf06-d800234747df#46-t1, previous=(t:1, i:0), leaderCommit=0, initializing? false, entries: <empty>
2019-09-27 09:54:15,279 [fb4382cd-aae1-4392-b31d-66bc5152045f@group-E732014F1250-SegmentedRaftLogWorker] INFO  segmented.SegmentedRaftLogWorker (SegmentedRaftLogWorker.java:run(313)) - fb4382cd-aae1-4392-b31d-66bc5152045f@group-E732014F1250-SegmentedRaftLogWorker was interrupted, exiting. There are 0 tasks remaining in the queue.
2019-09-27 09:54:15,278 [grpc-default-executor-4] INFO  server.GrpcServerProtocolService (GrpcServerProtocolService.java:onCompleted(113)) - 68fd3f2f-bb68-4e1b-9abe-e06c598958dc: Completed APPEND_ENTRIES, lastRequest: fb4382cd-aae1-4392-b31d-66bc5152045f->68fd3f2f-bb68-4e1b-9abe-e06c598958dc#46-t1, previous=(t:1, i:0), leaderCommit=0, initializing? false, entries: <empty>
2019-09-27 09:54:15,284 [grpc-default-executor-4] INFO  server.GrpcLogAppender (GrpcLogAppender.java:onCompleted(293)) - fb4382cd-aae1-4392-b31d-66bc5152045f@group-E732014F1250->1c6b6583-b7e4-4fe6-bf06-d800234747df-AppendLogResponseHandler: follower responses appendEntries COMPLETED
2019-09-27 09:54:15,284 [main] INFO  ozoneimpl.OzoneContainer (OzoneContainer.java:stop(231)) - Attempting to stop container services.
2019-09-27 09:54:15,287 [grpc-default-executor-4] INFO  impl.FollowerInfo (FollowerInfo.java:lambda$new$0(51)) - fb4382cd-aae1-4392-b31d-66bc5152045f@group-E732014F1250->1c6b6583-b7e4-4fe6-bf06-d800234747df: nextIndex: updateUnconditionally 1 -> 0
2019-09-27 09:54:15,284 [grpc-default-executor-1] INFO  server.GrpcLogAppender (GrpcLogAppender.java:onCompleted(293)) - fb4382cd-aae1-4392-b31d-66bc5152045f@group-E732014F1250->68fd3f2f-bb68-4e1b-9abe-e06c598958dc-AppendLogResponseHandler: follower responses appendEntries COMPLETED
2019-09-27 09:54:15,287 [main] INFO  impl.RaftServerProxy (RaftServerProxy.java:lambda$close$4(314)) - baeaf05a-69cc-4109-9f00-d2ee9c955770: close
2019-09-27 09:54:15,292 [grpc-default-executor-1] INFO  impl.FollowerInfo (FollowerInfo.java:lambda$new$0(51)) - fb4382cd-aae1-4392-b31d-66bc5152045f@group-E732014F1250->68fd3f2f-bb68-4e1b-9abe-e06c598958dc: nextIndex: updateUnconditionally 1 -> 0
2019-09-27 09:54:15,292 [ForkJoinPool.commonPool-worker-0] INFO  segmented.SegmentedRaftLogWorker (SegmentedRaftLogWorker.java:close(228)) - fb4382cd-aae1-4392-b31d-66bc5152045f@group-E732014F1250-SegmentedRaftLogWorker close()
2019-09-27 09:54:15,292 [main] INFO  impl.RaftServerImpl (RaftServerImpl.java:lambda$shutdown$3(251)) - baeaf05a-69cc-4109-9f00-d2ee9c955770@group-379BF1F252DF: shutdown
2019-09-27 09:54:15,297 [ForkJoinPool.commonPool-worker-0] INFO  impl.RaftServerImpl (RaftServerImpl.java:lambda$shutdown$3(251)) - fb4382cd-aae1-4392-b31d-66bc5152045f@group-F92E9056EB5B: shutdown
2019-09-27 09:54:15,297 [main] INFO  util.JmxRegister (JmxRegister.java:unregister(73)) - Successfully un-registered JMX Bean with object name Ratis:service=RaftServer,group=group-379BF1F252DF,id=baeaf05a-69cc-4109-9f00-d2ee9c955770
2019-09-27 09:54:15,298 [ForkJoinPool.commonPool-worker-0] INFO  util.JmxRegister (JmxRegister.java:unregister(73)) - Successfully un-registered JMX Bean with object name Ratis:service=RaftServer,group=group-F92E9056EB5B,id=fb4382cd-aae1-4392-b31d-66bc5152045f
2019-09-27 09:54:15,298 [main] INFO  impl.RoleInfo (RoleInfo.java:shutdownLeaderState(104)) - baeaf05a-69cc-4109-9f00-d2ee9c955770: shutdown LeaderState
2019-09-27 09:54:15,298 [ForkJoinPool.commonPool-worker-0] INFO  impl.RoleInfo (RoleInfo.java:shutdownLeaderState(104)) - fb4382cd-aae1-4392-b31d-66bc5152045f: shutdown LeaderState
2019-09-27 09:54:15,299 [main] INFO  impl.PendingRequests (PendingRequests.java:sendNotLeaderResponses(202)) - baeaf05a-69cc-4109-9f00-d2ee9c955770-PendingRequests: sendNotLeaderResponses
2019-09-27 09:54:15,299 [ForkJoinPool.commonPool-worker-0] INFO  impl.PendingRequests (PendingRequests.java:sendNotLeaderResponses(202)) - fb4382cd-aae1-4392-b31d-66bc5152045f-PendingRequests: sendNotLeaderResponses
2019-09-27 09:54:15,299 [main] INFO  impl.StateMachineUpdater (StateMachineUpdater.java:stopAndJoin(125)) - baeaf05a-69cc-4109-9f00-d2ee9c955770@group-379BF1F252DF-StateMachineUpdater: set stopIndex = 0
2019-09-27 09:54:15,300 [ForkJoinPool.commonPool-worker-0] INFO  impl.StateMachineUpdater (StateMachineUpdater.java:stopAndJoin(125)) - fb4382cd-aae1-4392-b31d-66bc5152045f@group-F92E9056EB5B-StateMachineUpdater: set stopIndex = 0
2019-09-27 09:54:15,300 [main] INFO  impl.RaftServerImpl (ServerState.java:close(385)) - baeaf05a-69cc-4109-9f00-d2ee9c955770@group-379BF1F252DF: closes. applyIndex: 0
2019-09-27 09:54:15,300 [ForkJoinPool.commonPool-worker-0] INFO  impl.RaftServerImpl (ServerState.java:close(385)) - fb4382cd-aae1-4392-b31d-66bc5152045f@group-F92E9056EB5B: closes. applyIndex: 0
2019-09-27 09:54:15,301 [baeaf05a-69cc-4109-9f00-d2ee9c955770@group-379BF1F252DF-SegmentedRaftLogWorker] INFO  segmented.SegmentedRaftLogWorker (SegmentedRaftLogWorker.java:run(313)) - baeaf05a-69cc-4109-9f00-d2ee9c955770@group-379BF1F252DF-SegmentedRaftLogWorker was interrupted, exiting. There are 0 tasks remaining in the queue.
2019-09-27 09:54:15,301 [fb4382cd-aae1-4392-b31d-66bc5152045f@group-F92E9056EB5B-SegmentedRaftLogWorker] INFO  segmented.SegmentedRaftLogWorker (SegmentedRaftLogWorker.java:run(313)) - fb4382cd-aae1-4392-b31d-66bc5152045f@group-F92E9056EB5B-SegmentedRaftLogWorker was interrupted, exiting. There are 0 tasks remaining in the queue.
2019-09-27 09:54:15,303 [main] INFO  segmented.SegmentedRaftLogWorker (SegmentedRaftLogWorker.java:close(228)) - baeaf05a-69cc-4109-9f00-d2ee9c955770@group-379BF1F252DF-SegmentedRaftLogWorker close()
2019-09-27 09:54:15,305 [ForkJoinPool.commonPool-worker-0] INFO  segmented.SegmentedRaftLogWorker (SegmentedRaftLogWorker.java:close(228)) - fb4382cd-aae1-4392-b31d-66bc5152045f@group-F92E9056EB5B-SegmentedRaftLogWorker close()
2019-09-27 09:54:15,310 [main] INFO  server.GrpcService (GrpcService.java:closeImpl(164)) - baeaf05a-69cc-4109-9f00-d2ee9c955770: shutdown server with port 34746 now
2019-09-27 09:54:15,314 [ForkJoinPool.commonPool-worker-0] INFO  server.GrpcService (GrpcService.java:closeImpl(164)) - fb4382cd-aae1-4392-b31d-66bc5152045f: shutdown server with port 46794 now
2019-09-27 09:54:15,316 [main] INFO  server.GrpcService (GrpcService.java:closeImpl(172)) - baeaf05a-69cc-4109-9f00-d2ee9c955770: shutdown server with port 34746 successfully
2019-09-27 09:54:15,318 [ForkJoinPool.commonPool-worker-0] INFO  server.GrpcService (GrpcService.java:closeImpl(172)) - fb4382cd-aae1-4392-b31d-66bc5152045f: shutdown server with port 46794 successfully
2019-09-27 09:54:15,321 [refreshUsed-/workdir/hadoop-ozone/integration-test/target/test-dir/MiniOzoneClusterImpl-c7877029-e657-495a-8fe1-46207200c0e4/datanode-6/data/containers] WARN  fs.CachingGetSpaceUsed (CachingGetSpaceUsed.java:run(183)) - Thread Interrupted waiting to refresh disk information: sleep interrupted
2019-09-27 09:54:15,322 [refreshUsed-/workdir/hadoop-ozone/integration-test/target/test-dir/MiniOzoneClusterImpl-c7877029-e657-495a-8fe1-46207200c0e4/datanode-3/data/containers] WARN  fs.CachingGetSpaceUsed (CachingGetSpaceUsed.java:run(183)) - Thread Interrupted waiting to refresh disk information: sleep interrupted
2019-09-27 09:54:15,341 [main] INFO  utils.BackgroundService (BackgroundService.java:shutdown(148)) - Shutting down service BlockDeletingService
2019-09-27 09:54:15,347 [main] INFO  statemachine.DatanodeStateMachine (DatanodeStateMachine.java:stopDaemon(395)) - Ozone container server stopped.
2019-09-27 09:54:15,348 [main] INFO  handler.ContextHandler (ContextHandler.java:doStop(910)) - Stopped o.e.j.w.WebAppContext@5c5d6175{/,null,UNAVAILABLE}{/hddsDatanode}
2019-09-27 09:54:15,349 [main] INFO  server.AbstractConnector (AbstractConnector.java:doStop(318)) - Stopped ServerConnector@7544ac86{HTTP/1.1,[http/1.1]}{0.0.0.0:0}
2019-09-27 09:54:15,349 [main] INFO  handler.ContextHandler (ContextHandler.java:doStop(910)) - Stopped o.e.j.s.ServletContextHandler@31c628e7{/static,jar:file:/home/user/.m2/repository/org/apache/hadoop/hadoop-hdds-container-service/0.5.0-SNAPSHOT/hadoop-hdds-container-service-0.5.0-SNAPSHOT.jar!/webapps/static,UNAVAILABLE}
2019-09-27 09:54:15,350 [main] INFO  handler.ContextHandler (ContextHandler.java:doStop(910)) - Stopped o.e.j.s.ServletContextHandler@1e1e9ef3{/logs,file:///workdir/hadoop-ozone/integration-test/target/log,UNAVAILABLE}
2019-09-27 09:54:15,350 [ForkJoinPool.commonPool-worker-0] INFO  utils.BackgroundService (BackgroundService.java:shutdown(148)) - Shutting down service BlockDeletingService
2019-09-27 09:54:15,358 [ForkJoinPool.commonPool-worker-0] INFO  statemachine.DatanodeStateMachine (DatanodeStateMachine.java:stopDaemon(395)) - Ozone container server stopped.
2019-09-27 09:54:15,365 [ForkJoinPool.commonPool-worker-0] INFO  handler.ContextHandler (ContextHandler.java:doStop(910)) - Stopped o.e.j.w.WebAppContext@44f24a20{/,null,UNAVAILABLE}{/hddsDatanode}
2019-09-27 09:54:15,366 [ForkJoinPool.commonPool-worker-0] INFO  server.AbstractConnector (AbstractConnector.java:doStop(318)) - Stopped ServerConnector@1859e2a4{HTTP/1.1,[http/1.1]}{0.0.0.0:0}
2019-09-27 09:54:15,368 [ForkJoinPool.commonPool-worker-0] INFO  handler.ContextHandler (ContextHandler.java:doStop(910)) - Stopped o.e.j.s.ServletContextHandler@252a8aae{/static,jar:file:/home/user/.m2/repository/org/apache/hadoop/hadoop-hdds-container-service/0.5.0-SNAPSHOT/hadoop-hdds-container-service-0.5.0-SNAPSHOT.jar!/webapps/static,UNAVAILABLE}
2019-09-27 09:54:15,370 [ForkJoinPool.commonPool-worker-0] INFO  handler.ContextHandler (ContextHandler.java:doStop(910)) - Stopped o.e.j.s.ServletContextHandler@23f3da8b{/logs,file:///workdir/hadoop-ozone/integration-test/target/log,UNAVAILABLE}
2019-09-27 09:54:15,545 [Datanode State Machine Thread - 0] INFO  statemachine.DatanodeStateMachine (DatanodeStateMachine.java:lambda$startDaemon$0(350)) - Ozone container server started.
2019-09-27 09:54:16,032 [Datanode State Machine Thread - 0] INFO  statemachine.DatanodeStateMachine (DatanodeStateMachine.java:lambda$startDaemon$0(350)) - Ozone container server started.
2019-09-27 09:54:17,891 [Thread-443] INFO  impl.FollowerState (FollowerState.java:run(106)) - 4086c8fe-6833-427c-bdb8-ba1cab517569:group-E0E41C1599F9 changes to CANDIDATE, lastRpcTime:9198, electionTimeout:5108ms
2019-09-27 09:54:17,891 [Thread-443] INFO  impl.RoleInfo (RoleInfo.java:shutdownFollowerState(121)) - 4086c8fe-6833-427c-bdb8-ba1cab517569: shutdown FollowerState
2019-09-27 09:54:17,892 [Thread-443] INFO  impl.RaftServerImpl (RaftServerImpl.java:setRole(174)) - 4086c8fe-6833-427c-bdb8-ba1cab517569@group-E0E41C1599F9: changes role from  FOLLOWER to CANDIDATE at term 4 for changeToCandidate
2019-09-27 09:54:17,892 [Thread-443] INFO  impl.RoleInfo (RoleInfo.java:updateAndGet(143)) - 4086c8fe-6833-427c-bdb8-ba1cab517569: start LeaderElection
2019-09-27 09:54:17,896 [4086c8fe-6833-427c-bdb8-ba1cab517569@group-E0E41C1599F9:LeaderElection20] INFO  impl.RaftServerImpl (ServerState.java:setLeader(253)) - 4086c8fe-6833-427c-bdb8-ba1cab517569@group-E0E41C1599F9: change Leader from 8ba5199e-bc13-4980-9432-390e97d7087b to null at term 4 for initElection
2019-09-27 09:54:17,924 [4086c8fe-6833-427c-bdb8-ba1cab517569@group-E0E41C1599F9:LeaderElection20] INFO  impl.LeaderElection (LeaderElection.java:askForVotes(182)) - 4086c8fe-6833-427c-bdb8-ba1cab517569@group-E0E41C1599F9:LeaderElection20: begin an election at term 5 for 0: [a8c068ea-62f3-4e92-8bab-cb78a32fa14d:192.168.151.103:40076, 8ba5199e-bc13-4980-9432-390e97d7087b:192.168.151.103:46717, 4086c8fe-6833-427c-bdb8-ba1cab517569:192.168.151.103:39661], old=null
2019-09-27 09:54:17,952 [4086c8fe-6833-427c-bdb8-ba1cab517569@group-E0E41C1599F9:LeaderElection20] INFO  impl.LeaderElection (LogUtils.java:infoOrTrace(149)) - 4086c8fe-6833-427c-bdb8-ba1cab517569@group-E0E41C1599F9:LeaderElection20 got exception when requesting votes: {}
java.util.concurrent.ExecutionException: org.apache.ratis.thirdparty.io.grpc.StatusRuntimeException: UNAVAILABLE: io exception
	at java.util.concurrent.FutureTask.report(FutureTask.java:122)
	at java.util.concurrent.FutureTask.get(FutureTask.java:192)
	at org.apache.ratis.server.impl.LeaderElection.waitForResults(LeaderElection.java:263)
	at org.apache.ratis.server.impl.LeaderElection.askForVotes(LeaderElection.java:201)
	at org.apache.ratis.server.impl.LeaderElection.run(LeaderElection.java:133)
	at java.lang.Thread.run(Thread.java:748)
Caused by: org.apache.ratis.thirdparty.io.grpc.StatusRuntimeException: UNAVAILABLE: io exception
	at org.apache.ratis.thirdparty.io.grpc.stub.ClientCalls.toStatusRuntimeException(ClientCalls.java:233)
	at org.apache.ratis.thirdparty.io.grpc.stub.ClientCalls.getUnchecked(ClientCalls.java:214)
	at org.apache.ratis.thirdparty.io.grpc.stub.ClientCalls.blockingUnaryCall(ClientCalls.java:139)
	at org.apache.ratis.proto.grpc.RaftServerProtocolServiceGrpc$RaftServerProtocolServiceBlockingStub.requestVote(RaftServerProtocolServiceGrpc.java:265)
	at org.apache.ratis.grpc.server.GrpcServerProtocolClient.requestVote(GrpcServerProtocolClient.java:90)
	at org.apache.ratis.grpc.server.GrpcService.requestVote(GrpcService.java:204)
	at org.apache.ratis.server.impl.LeaderElection.lambda$submitRequests$1(LeaderElection.java:238)
	at java.util.concurrent.FutureTask.run(FutureTask.java:266)
	at java.util.concurrent.Executors$RunnableAdapter.call(Executors.java:511)
	at java.util.concurrent.FutureTask.run(FutureTask.java:266)
	at java.util.concurrent.ThreadPoolExecutor.runWorker(ThreadPoolExecutor.java:1149)
	at java.util.concurrent.ThreadPoolExecutor$Worker.run(ThreadPoolExecutor.java:624)
	... 1 more
Caused by: org.apache.ratis.thirdparty.io.netty.channel.AbstractChannel$AnnotatedConnectException: Connection refused: /192.168.151.103:40076
	at sun.nio.ch.SocketChannelImpl.checkConnect(Native Method)
	at sun.nio.ch.SocketChannelImpl.finishConnect(SocketChannelImpl.java:717)
	at org.apache.ratis.thirdparty.io.netty.channel.socket.nio.NioSocketChannel.doFinishConnect(NioSocketChannel.java:327)
	at org.apache.ratis.thirdparty.io.netty.channel.nio.AbstractNioChannel$AbstractNioUnsafe.finishConnect(AbstractNioChannel.java:340)
	at org.apache.ratis.thirdparty.io.netty.channel.nio.NioEventLoop.processSelectedKey(NioEventLoop.java:632)
	at org.apache.ratis.thirdparty.io.netty.channel.nio.NioEventLoop.processSelectedKeysOptimized(NioEventLoop.java:579)
	at org.apache.ratis.thirdparty.io.netty.channel.nio.NioEventLoop.processSelectedKeys(NioEventLoop.java:496)
	at org.apache.ratis.thirdparty.io.netty.channel.nio.NioEventLoop.run(NioEventLoop.java:458)
	at org.apache.ratis.thirdparty.io.netty.util.concurrent.SingleThreadEventExecutor$5.run(SingleThreadEventExecutor.java:897)
	at org.apache.ratis.thirdparty.io.netty.util.concurrent.FastThreadLocalRunnable.run(FastThreadLocalRunnable.java:30)
	... 1 more
Caused by: java.net.ConnectException: Connection refused
	... 11 more
2019-09-27 09:54:17,954 [4086c8fe-6833-427c-bdb8-ba1cab517569@group-E0E41C1599F9:LeaderElection20] INFO  impl.LeaderElection (LogUtils.java:infoOrTrace(149)) - 4086c8fe-6833-427c-bdb8-ba1cab517569@group-E0E41C1599F9:LeaderElection20 got exception when requesting votes: {}
java.util.concurrent.ExecutionException: org.apache.ratis.thirdparty.io.grpc.StatusRuntimeException: UNAVAILABLE: io exception
	at java.util.concurrent.FutureTask.report(FutureTask.java:122)
	at java.util.concurrent.FutureTask.get(FutureTask.java:192)
	at org.apache.ratis.server.impl.LeaderElection.waitForResults(LeaderElection.java:263)
	at org.apache.ratis.server.impl.LeaderElection.askForVotes(LeaderElection.java:201)
	at org.apache.ratis.server.impl.LeaderElection.run(LeaderElection.java:133)
	at java.lang.Thread.run(Thread.java:748)
Caused by: org.apache.ratis.thirdparty.io.grpc.StatusRuntimeException: UNAVAILABLE: io exception
	at org.apache.ratis.thirdparty.io.grpc.stub.ClientCalls.toStatusRuntimeException(ClientCalls.java:233)
	at org.apache.ratis.thirdparty.io.grpc.stub.ClientCalls.getUnchecked(ClientCalls.java:214)
	at org.apache.ratis.thirdparty.io.grpc.stub.ClientCalls.blockingUnaryCall(ClientCalls.java:139)
	at org.apache.ratis.proto.grpc.RaftServerProtocolServiceGrpc$RaftServerProtocolServiceBlockingStub.requestVote(RaftServerProtocolServiceGrpc.java:265)
	at org.apache.ratis.grpc.server.GrpcServerProtocolClient.requestVote(GrpcServerProtocolClient.java:90)
	at org.apache.ratis.grpc.server.GrpcService.requestVote(GrpcService.java:204)
	at org.apache.ratis.server.impl.LeaderElection.lambda$submitRequests$1(LeaderElection.java:238)
	at java.util.concurrent.FutureTask.run(FutureTask.java:266)
	at java.util.concurrent.Executors$RunnableAdapter.call(Executors.java:511)
	at java.util.concurrent.FutureTask.run(FutureTask.java:266)
	at java.util.concurrent.ThreadPoolExecutor.runWorker(ThreadPoolExecutor.java:1149)
	at java.util.concurrent.ThreadPoolExecutor$Worker.run(ThreadPoolExecutor.java:624)
	... 1 more
Caused by: org.apache.ratis.thirdparty.io.netty.channel.AbstractChannel$AnnotatedConnectException: Connection refused: /192.168.151.103:46717
	at sun.nio.ch.SocketChannelImpl.checkConnect(Native Method)
	at sun.nio.ch.SocketChannelImpl.finishConnect(SocketChannelImpl.java:717)
	at org.apache.ratis.thirdparty.io.netty.channel.socket.nio.NioSocketChannel.doFinishConnect(NioSocketChannel.java:327)
	at org.apache.ratis.thirdparty.io.netty.channel.nio.AbstractNioChannel$AbstractNioUnsafe.finishConnect(AbstractNioChannel.java:340)
	at org.apache.ratis.thirdparty.io.netty.channel.nio.NioEventLoop.processSelectedKey(NioEventLoop.java:632)
	at org.apache.ratis.thirdparty.io.netty.channel.nio.NioEventLoop.processSelectedKeysOptimized(NioEventLoop.java:579)
	at org.apache.ratis.thirdparty.io.netty.channel.nio.NioEventLoop.processSelectedKeys(NioEventLoop.java:496)
	at org.apache.ratis.thirdparty.io.netty.channel.nio.NioEventLoop.run(NioEventLoop.java:458)
	at org.apache.ratis.thirdparty.io.netty.util.concurrent.SingleThreadEventExecutor$5.run(SingleThreadEventExecutor.java:897)
	at org.apache.ratis.thirdparty.io.netty.util.concurrent.FastThreadLocalRunnable.run(FastThreadLocalRunnable.java:30)
	... 1 more
Caused by: java.net.ConnectException: Connection refused
	... 11 more
2019-09-27 09:54:17,956 [4086c8fe-6833-427c-bdb8-ba1cab517569@group-E0E41C1599F9:LeaderElection20] INFO  impl.LeaderElection (LeaderElection.java:logAndReturn(56)) - 4086c8fe-6833-427c-bdb8-ba1cab517569@group-E0E41C1599F9:LeaderElection20: Election REJECTED; received 0 response(s) [] and 2 exception(s); 4086c8fe-6833-427c-bdb8-ba1cab517569@group-E0E41C1599F9:t5, leader=null, voted=4086c8fe-6833-427c-bdb8-ba1cab517569, raftlog=4086c8fe-6833-427c-bdb8-ba1cab517569@group-E0E41C1599F9-SegmentedRaftLog:OPENED:c0,f0,i0, conf=0: [a8c068ea-62f3-4e92-8bab-cb78a32fa14d:192.168.151.103:40076, 8ba5199e-bc13-4980-9432-390e97d7087b:192.168.151.103:46717, 4086c8fe-6833-427c-bdb8-ba1cab517569:192.168.151.103:39661], old=null
2019-09-27 09:54:17,957 [4086c8fe-6833-427c-bdb8-ba1cab517569@group-E0E41C1599F9:LeaderElection20] INFO  impl.LeaderElection (LogUtils.java:infoOrTrace(149)) -   Exception 0: {}
java.util.concurrent.ExecutionException: org.apache.ratis.thirdparty.io.grpc.StatusRuntimeException: UNAVAILABLE: io exception
	at java.util.concurrent.FutureTask.report(FutureTask.java:122)
	at java.util.concurrent.FutureTask.get(FutureTask.java:192)
	at org.apache.ratis.server.impl.LeaderElection.waitForResults(LeaderElection.java:263)
	at org.apache.ratis.server.impl.LeaderElection.askForVotes(LeaderElection.java:201)
	at org.apache.ratis.server.impl.LeaderElection.run(LeaderElection.java:133)
	at java.lang.Thread.run(Thread.java:748)
Caused by: org.apache.ratis.thirdparty.io.grpc.StatusRuntimeException: UNAVAILABLE: io exception
	at org.apache.ratis.thirdparty.io.grpc.stub.ClientCalls.toStatusRuntimeException(ClientCalls.java:233)
	at org.apache.ratis.thirdparty.io.grpc.stub.ClientCalls.getUnchecked(ClientCalls.java:214)
	at org.apache.ratis.thirdparty.io.grpc.stub.ClientCalls.blockingUnaryCall(ClientCalls.java:139)
	at org.apache.ratis.proto.grpc.RaftServerProtocolServiceGrpc$RaftServerProtocolServiceBlockingStub.requestVote(RaftServerProtocolServiceGrpc.java:265)
	at org.apache.ratis.grpc.server.GrpcServerProtocolClient.requestVote(GrpcServerProtocolClient.java:90)
	at org.apache.ratis.grpc.server.GrpcService.requestVote(GrpcService.java:204)
	at org.apache.ratis.server.impl.LeaderElection.lambda$submitRequests$1(LeaderElection.java:238)
	at java.util.concurrent.FutureTask.run(FutureTask.java:266)
	at java.util.concurrent.Executors$RunnableAdapter.call(Executors.java:511)
	at java.util.concurrent.FutureTask.run(FutureTask.java:266)
	at java.util.concurrent.ThreadPoolExecutor.runWorker(ThreadPoolExecutor.java:1149)
	at java.util.concurrent.ThreadPoolExecutor$Worker.run(ThreadPoolExecutor.java:624)
	... 1 more
Caused by: org.apache.ratis.thirdparty.io.netty.channel.AbstractChannel$AnnotatedConnectException: Connection refused: /192.168.151.103:40076
	at sun.nio.ch.SocketChannelImpl.checkConnect(Native Method)
	at sun.nio.ch.SocketChannelImpl.finishConnect(SocketChannelImpl.java:717)
	at org.apache.ratis.thirdparty.io.netty.channel.socket.nio.NioSocketChannel.doFinishConnect(NioSocketChannel.java:327)
	at org.apache.ratis.thirdparty.io.netty.channel.nio.AbstractNioChannel$AbstractNioUnsafe.finishConnect(AbstractNioChannel.java:340)
	at org.apache.ratis.thirdparty.io.netty.channel.nio.NioEventLoop.processSelectedKey(NioEventLoop.java:632)
	at org.apache.ratis.thirdparty.io.netty.channel.nio.NioEventLoop.processSelectedKeysOptimized(NioEventLoop.java:579)
	at org.apache.ratis.thirdparty.io.netty.channel.nio.NioEventLoop.processSelectedKeys(NioEventLoop.java:496)
	at org.apache.ratis.thirdparty.io.netty.channel.nio.NioEventLoop.run(NioEventLoop.java:458)
	at org.apache.ratis.thirdparty.io.netty.util.concurrent.SingleThreadEventExecutor$5.run(SingleThreadEventExecutor.java:897)
	at org.apache.ratis.thirdparty.io.netty.util.concurrent.FastThreadLocalRunnable.run(FastThreadLocalRunnable.java:30)
	... 1 more
Caused by: java.net.ConnectException: Connection refused
	... 11 more
2019-09-27 09:54:17,957 [4086c8fe-6833-427c-bdb8-ba1cab517569@group-E0E41C1599F9:LeaderElection20] INFO  impl.LeaderElection (LogUtils.java:infoOrTrace(149)) -   Exception 1: {}
java.util.concurrent.ExecutionException: org.apache.ratis.thirdparty.io.grpc.StatusRuntimeException: UNAVAILABLE: io exception
	at java.util.concurrent.FutureTask.report(FutureTask.java:122)
	at java.util.concurrent.FutureTask.get(FutureTask.java:192)
	at org.apache.ratis.server.impl.LeaderElection.waitForResults(LeaderElection.java:263)
	at org.apache.ratis.server.impl.LeaderElection.askForVotes(LeaderElection.java:201)
	at org.apache.ratis.server.impl.LeaderElection.run(LeaderElection.java:133)
	at java.lang.Thread.run(Thread.java:748)
Caused by: org.apache.ratis.thirdparty.io.grpc.StatusRuntimeException: UNAVAILABLE: io exception
	at org.apache.ratis.thirdparty.io.grpc.stub.ClientCalls.toStatusRuntimeException(ClientCalls.java:233)
	at org.apache.ratis.thirdparty.io.grpc.stub.ClientCalls.getUnchecked(ClientCalls.java:214)
	at org.apache.ratis.thirdparty.io.grpc.stub.ClientCalls.blockingUnaryCall(ClientCalls.java:139)
	at org.apache.ratis.proto.grpc.RaftServerProtocolServiceGrpc$RaftServerProtocolServiceBlockingStub.requestVote(RaftServerProtocolServiceGrpc.java:265)
	at org.apache.ratis.grpc.server.GrpcServerProtocolClient.requestVote(GrpcServerProtocolClient.java:90)
	at org.apache.ratis.grpc.server.GrpcService.requestVote(GrpcService.java:204)
	at org.apache.ratis.server.impl.LeaderElection.lambda$submitRequests$1(LeaderElection.java:238)
	at java.util.concurrent.FutureTask.run(FutureTask.java:266)
	at java.util.concurrent.Executors$RunnableAdapter.call(Executors.java:511)
	at java.util.concurrent.FutureTask.run(FutureTask.java:266)
	at java.util.concurrent.ThreadPoolExecutor.runWorker(ThreadPoolExecutor.java:1149)
	at java.util.concurrent.ThreadPoolExecutor$Worker.run(ThreadPoolExecutor.java:624)
	... 1 more
Caused by: org.apache.ratis.thirdparty.io.netty.channel.AbstractChannel$AnnotatedConnectException: Connection refused: /192.168.151.103:46717
	at sun.nio.ch.SocketChannelImpl.checkConnect(Native Method)
	at sun.nio.ch.SocketChannelImpl.finishConnect(SocketChannelImpl.java:717)
	at org.apache.ratis.thirdparty.io.netty.channel.socket.nio.NioSocketChannel.doFinishConnect(NioSocketChannel.java:327)
	at org.apache.ratis.thirdparty.io.netty.channel.nio.AbstractNioChannel$AbstractNioUnsafe.finishConnect(AbstractNioChannel.java:340)
	at org.apache.ratis.thirdparty.io.netty.channel.nio.NioEventLoop.processSelectedKey(NioEventLoop.java:632)
	at org.apache.ratis.thirdparty.io.netty.channel.nio.NioEventLoop.processSelectedKeysOptimized(NioEventLoop.java:579)
	at org.apache.ratis.thirdparty.io.netty.channel.nio.NioEventLoop.processSelectedKeys(NioEventLoop.java:496)
	at org.apache.ratis.thirdparty.io.netty.channel.nio.NioEventLoop.run(NioEventLoop.java:458)
	at org.apache.ratis.thirdparty.io.netty.util.concurrent.SingleThreadEventExecutor$5.run(SingleThreadEventExecutor.java:897)
	at org.apache.ratis.thirdparty.io.netty.util.concurrent.FastThreadLocalRunnable.run(FastThreadLocalRunnable.java:30)
	... 1 more
Caused by: java.net.ConnectException: Connection refused
	... 11 more
2019-09-27 09:54:17,958 [4086c8fe-6833-427c-bdb8-ba1cab517569@group-E0E41C1599F9:LeaderElection20] INFO  impl.RaftServerImpl (RaftServerImpl.java:setRole(174)) - 4086c8fe-6833-427c-bdb8-ba1cab517569@group-E0E41C1599F9: changes role from CANDIDATE to FOLLOWER at term 5 for DISCOVERED_A_NEW_TERM
2019-09-27 09:54:17,959 [4086c8fe-6833-427c-bdb8-ba1cab517569@group-E0E41C1599F9:LeaderElection20] INFO  impl.RoleInfo (RoleInfo.java:shutdownLeaderElection(134)) - 4086c8fe-6833-427c-bdb8-ba1cab517569: shutdown LeaderElection
2019-09-27 09:54:17,960 [4086c8fe-6833-427c-bdb8-ba1cab517569@group-E0E41C1599F9:LeaderElection20] INFO  impl.RoleInfo (RoleInfo.java:updateAndGet(143)) - 4086c8fe-6833-427c-bdb8-ba1cab517569: start FollowerState
2019-09-27 09:54:20,352 [main] INFO  ozoneimpl.OzoneContainer (OzoneContainer.java:stop(231)) - Attempting to stop container services.
2019-09-27 09:54:20,357 [main] INFO  impl.RaftServerProxy (RaftServerProxy.java:lambda$close$4(314)) - 1c6b6583-b7e4-4fe6-bf06-d800234747df: close
2019-09-27 09:54:20,357 [main] INFO  impl.RaftServerImpl (RaftServerImpl.java:lambda$shutdown$3(251)) - 1c6b6583-b7e4-4fe6-bf06-d800234747df@group-E732014F1250: shutdown
2019-09-27 09:54:20,358 [main] INFO  util.JmxRegister (JmxRegister.java:unregister(73)) - Successfully un-registered JMX Bean with object name Ratis:service=RaftServer,group=group-E732014F1250,id=1c6b6583-b7e4-4fe6-bf06-d800234747df
2019-09-27 09:54:20,358 [main] INFO  impl.RoleInfo (RoleInfo.java:shutdownFollowerState(121)) - 1c6b6583-b7e4-4fe6-bf06-d800234747df: shutdown FollowerState
2019-09-27 09:54:20,358 [main] INFO  impl.StateMachineUpdater (StateMachineUpdater.java:stopAndJoin(125)) - 1c6b6583-b7e4-4fe6-bf06-d800234747df@group-E732014F1250-StateMachineUpdater: set stopIndex = 0
2019-09-27 09:54:20,359 [Thread-367] INFO  impl.FollowerState (FollowerState.java:run(115)) - 1c6b6583-b7e4-4fe6-bf06-d800234747df: FollowerState was interrupted: java.lang.InterruptedException: sleep interrupted
2019-09-27 09:54:20,359 [main] INFO  impl.RaftServerImpl (ServerState.java:close(385)) - 1c6b6583-b7e4-4fe6-bf06-d800234747df@group-E732014F1250: closes. applyIndex: 0
2019-09-27 09:54:20,360 [1c6b6583-b7e4-4fe6-bf06-d800234747df@group-E732014F1250-SegmentedRaftLogWorker] INFO  segmented.SegmentedRaftLogWorker (SegmentedRaftLogWorker.java:run(313)) - 1c6b6583-b7e4-4fe6-bf06-d800234747df@group-E732014F1250-SegmentedRaftLogWorker was interrupted, exiting. There are 0 tasks remaining in the queue.
2019-09-27 09:54:20,362 [main] INFO  segmented.SegmentedRaftLogWorker (SegmentedRaftLogWorker.java:close(228)) - 1c6b6583-b7e4-4fe6-bf06-d800234747df@group-E732014F1250-SegmentedRaftLogWorker close()
2019-09-27 09:54:20,367 [main] INFO  impl.RaftServerImpl (RaftServerImpl.java:lambda$shutdown$3(251)) - 1c6b6583-b7e4-4fe6-bf06-d800234747df@group-467CB34E1E09: shutdown
2019-09-27 09:54:20,367 [main] INFO  util.JmxRegister (JmxRegister.java:unregister(73)) - Successfully un-registered JMX Bean with object name Ratis:service=RaftServer,group=group-467CB34E1E09,id=1c6b6583-b7e4-4fe6-bf06-d800234747df
2019-09-27 09:54:20,368 [main] INFO  impl.RoleInfo (RoleInfo.java:shutdownLeaderState(104)) - 1c6b6583-b7e4-4fe6-bf06-d800234747df: shutdown LeaderState
2019-09-27 09:54:20,368 [main] INFO  impl.PendingRequests (PendingRequests.java:sendNotLeaderResponses(202)) - 1c6b6583-b7e4-4fe6-bf06-d800234747df-PendingRequests: sendNotLeaderResponses
2019-09-27 09:54:20,369 [main] INFO  impl.StateMachineUpdater (StateMachineUpdater.java:stopAndJoin(125)) - 1c6b6583-b7e4-4fe6-bf06-d800234747df@group-467CB34E1E09-StateMachineUpdater: set stopIndex = 0
2019-09-27 09:54:20,369 [main] INFO  impl.RaftServerImpl (ServerState.java:close(385)) - 1c6b6583-b7e4-4fe6-bf06-d800234747df@group-467CB34E1E09: closes. applyIndex: 0
2019-09-27 09:54:20,370 [1c6b6583-b7e4-4fe6-bf06-d800234747df@group-467CB34E1E09-SegmentedRaftLogWorker] INFO  segmented.SegmentedRaftLogWorker (SegmentedRaftLogWorker.java:run(313)) - 1c6b6583-b7e4-4fe6-bf06-d800234747df@group-467CB34E1E09-SegmentedRaftLogWorker was interrupted, exiting. There are 0 tasks remaining in the queue.
2019-09-27 09:54:20,372 [main] INFO  segmented.SegmentedRaftLogWorker (SegmentedRaftLogWorker.java:close(228)) - 1c6b6583-b7e4-4fe6-bf06-d800234747df@group-467CB34E1E09-SegmentedRaftLogWorker close()
2019-09-27 09:54:20,373 [ForkJoinPool.commonPool-worker-0] INFO  ozoneimpl.OzoneContainer (OzoneContainer.java:stop(231)) - Attempting to stop container services.
2019-09-27 09:54:20,377 [main] INFO  server.GrpcService (GrpcService.java:closeImpl(164)) - 1c6b6583-b7e4-4fe6-bf06-d800234747df: shutdown server with port 46229 now
2019-09-27 09:54:20,377 [ForkJoinPool.commonPool-worker-0] INFO  impl.RaftServerProxy (RaftServerProxy.java:lambda$close$4(314)) - cc790c40-6d6d-4d2d-8aaa-0c65cfb9cb08: close
2019-09-27 09:54:20,377 [ForkJoinPool.commonPool-worker-0] INFO  impl.RaftServerImpl (RaftServerImpl.java:lambda$shutdown$3(251)) - cc790c40-6d6d-4d2d-8aaa-0c65cfb9cb08@group-DB850F076473: shutdown
2019-09-27 09:54:20,377 [main] INFO  server.GrpcService (GrpcService.java:closeImpl(172)) - 1c6b6583-b7e4-4fe6-bf06-d800234747df: shutdown server with port 46229 successfully
2019-09-27 09:54:20,378 [ForkJoinPool.commonPool-worker-0] INFO  util.JmxRegister (JmxRegister.java:unregister(73)) - Successfully un-registered JMX Bean with object name Ratis:service=RaftServer,group=group-DB850F076473,id=cc790c40-6d6d-4d2d-8aaa-0c65cfb9cb08
2019-09-27 09:54:20,378 [ForkJoinPool.commonPool-worker-0] INFO  impl.RoleInfo (RoleInfo.java:shutdownLeaderState(104)) - cc790c40-6d6d-4d2d-8aaa-0c65cfb9cb08: shutdown LeaderState
2019-09-27 09:54:20,379 [ForkJoinPool.commonPool-worker-0] INFO  impl.PendingRequests (PendingRequests.java:sendNotLeaderResponses(202)) - cc790c40-6d6d-4d2d-8aaa-0c65cfb9cb08-PendingRequests: sendNotLeaderResponses
2019-09-27 09:54:20,379 [ForkJoinPool.commonPool-worker-0] INFO  impl.StateMachineUpdater (StateMachineUpdater.java:stopAndJoin(125)) - cc790c40-6d6d-4d2d-8aaa-0c65cfb9cb08@group-DB850F076473-StateMachineUpdater: set stopIndex = 0
2019-09-27 09:54:20,380 [ForkJoinPool.commonPool-worker-0] INFO  impl.RaftServerImpl (ServerState.java:close(385)) - cc790c40-6d6d-4d2d-8aaa-0c65cfb9cb08@group-DB850F076473: closes. applyIndex: 0
2019-09-27 09:54:20,381 [cc790c40-6d6d-4d2d-8aaa-0c65cfb9cb08@group-DB850F076473-SegmentedRaftLogWorker] INFO  segmented.SegmentedRaftLogWorker (SegmentedRaftLogWorker.java:run(313)) - cc790c40-6d6d-4d2d-8aaa-0c65cfb9cb08@group-DB850F076473-SegmentedRaftLogWorker was interrupted, exiting. There are 0 tasks remaining in the queue.
2019-09-27 09:54:20,383 [ForkJoinPool.commonPool-worker-0] INFO  segmented.SegmentedRaftLogWorker (SegmentedRaftLogWorker.java:close(228)) - cc790c40-6d6d-4d2d-8aaa-0c65cfb9cb08@group-DB850F076473-SegmentedRaftLogWorker close()
2019-09-27 09:54:20,396 [ForkJoinPool.commonPool-worker-0] INFO  impl.RaftServerImpl (RaftServerImpl.java:lambda$shutdown$3(251)) - cc790c40-6d6d-4d2d-8aaa-0c65cfb9cb08@group-DD568467DAD7: shutdown
2019-09-27 09:54:20,396 [ForkJoinPool.commonPool-worker-0] INFO  util.JmxRegister (JmxRegister.java:unregister(73)) - Successfully un-registered JMX Bean with object name Ratis:service=RaftServer,group=group-DD568467DAD7,id=cc790c40-6d6d-4d2d-8aaa-0c65cfb9cb08
2019-09-27 09:54:20,397 [ForkJoinPool.commonPool-worker-0] INFO  impl.RoleInfo (RoleInfo.java:shutdownFollowerState(121)) - cc790c40-6d6d-4d2d-8aaa-0c65cfb9cb08: shutdown FollowerState
2019-09-27 09:54:20,397 [ForkJoinPool.commonPool-worker-0] INFO  impl.StateMachineUpdater (StateMachineUpdater.java:stopAndJoin(125)) - cc790c40-6d6d-4d2d-8aaa-0c65cfb9cb08@group-DD568467DAD7-StateMachineUpdater: set stopIndex = 0
2019-09-27 09:54:20,400 [Thread-378] INFO  impl.FollowerState (FollowerState.java:run(115)) - cc790c40-6d6d-4d2d-8aaa-0c65cfb9cb08: FollowerState was interrupted: java.lang.InterruptedException: sleep interrupted
2019-09-27 09:54:20,402 [refreshUsed-/workdir/hadoop-ozone/integration-test/target/test-dir/MiniOzoneClusterImpl-c7877029-e657-495a-8fe1-46207200c0e4/datanode-8/data/containers] WARN  fs.CachingGetSpaceUsed (CachingGetSpaceUsed.java:run(183)) - Thread Interrupted waiting to refresh disk information: sleep interrupted
2019-09-27 09:54:20,402 [ForkJoinPool.commonPool-worker-0] INFO  impl.RaftServerImpl (ServerState.java:close(385)) - cc790c40-6d6d-4d2d-8aaa-0c65cfb9cb08@group-DD568467DAD7: closes. applyIndex: 0
2019-09-27 09:54:20,403 [cc790c40-6d6d-4d2d-8aaa-0c65cfb9cb08@group-DD568467DAD7-SegmentedRaftLogWorker] INFO  segmented.SegmentedRaftLogWorker (SegmentedRaftLogWorker.java:run(313)) - cc790c40-6d6d-4d2d-8aaa-0c65cfb9cb08@group-DD568467DAD7-SegmentedRaftLogWorker was interrupted, exiting. There are 0 tasks remaining in the queue.
2019-09-27 09:54:20,403 [ForkJoinPool.commonPool-worker-0] INFO  segmented.SegmentedRaftLogWorker (SegmentedRaftLogWorker.java:close(228)) - cc790c40-6d6d-4d2d-8aaa-0c65cfb9cb08@group-DD568467DAD7-SegmentedRaftLogWorker close()
2019-09-27 09:54:20,405 [ForkJoinPool.commonPool-worker-0] INFO  server.GrpcService (GrpcService.java:closeImpl(164)) - cc790c40-6d6d-4d2d-8aaa-0c65cfb9cb08: shutdown server with port 33881 now
2019-09-27 09:54:20,410 [grpc-default-executor-4] WARN  server.GrpcServerProtocolService (LogUtils.java:warn(134)) - cc790c40-6d6d-4d2d-8aaa-0c65cfb9cb08: installSnapshot onError, lastRequest: 95d968cf-ca5f-4d0b-bebe-b7dd67fbe12c->cc790c40-6d6d-4d2d-8aaa-0c65cfb9cb08#48-t1, previous=(t:1, i:0), leaderCommit=0, initializing? false, entries: <empty>: org.apache.ratis.thirdparty.io.grpc.StatusRuntimeException: CANCELLED: cancelled before receiving half close
2019-09-27 09:54:20,411 [ForkJoinPool.commonPool-worker-0] INFO  server.GrpcService (GrpcService.java:closeImpl(172)) - cc790c40-6d6d-4d2d-8aaa-0c65cfb9cb08: shutdown server with port 33881 successfully
2019-09-27 09:54:20,415 [grpc-default-executor-1] WARN  server.GrpcLogAppender (LogUtils.java:warn(134)) - 95d968cf-ca5f-4d0b-bebe-b7dd67fbe12c@group-DD568467DAD7->cc790c40-6d6d-4d2d-8aaa-0c65cfb9cb08-AppendLogResponseHandler: Failed appendEntries: org.apache.ratis.thirdparty.io.grpc.StatusRuntimeException: CANCELLED: HTTP/2 error code: CANCEL
Received Rst Stream
2019-09-27 09:54:20,416 [refreshUsed-/workdir/hadoop-ozone/integration-test/target/test-dir/MiniOzoneClusterImpl-c7877029-e657-495a-8fe1-46207200c0e4/datanode-4/data/containers] WARN  fs.CachingGetSpaceUsed (CachingGetSpaceUsed.java:run(183)) - Thread Interrupted waiting to refresh disk information: sleep interrupted
2019-09-27 09:54:20,418 [grpc-default-executor-1] INFO  impl.FollowerInfo (FollowerInfo.java:lambda$new$0(51)) - 95d968cf-ca5f-4d0b-bebe-b7dd67fbe12c@group-DD568467DAD7->cc790c40-6d6d-4d2d-8aaa-0c65cfb9cb08: nextIndex: updateUnconditionally 1 -> 0
2019-09-27 09:54:20,437 [main] INFO  utils.BackgroundService (BackgroundService.java:shutdown(148)) - Shutting down service BlockDeletingService
2019-09-27 09:54:20,443 [main] INFO  statemachine.DatanodeStateMachine (DatanodeStateMachine.java:stopDaemon(395)) - Ozone container server stopped.
2019-09-27 09:54:20,445 [main] INFO  handler.ContextHandler (ContextHandler.java:doStop(910)) - Stopped o.e.j.w.WebAppContext@765ffb14{/,null,UNAVAILABLE}{/hddsDatanode}
2019-09-27 09:54:20,445 [ForkJoinPool.commonPool-worker-0] INFO  utils.BackgroundService (BackgroundService.java:shutdown(148)) - Shutting down service BlockDeletingService
2019-09-27 09:54:20,449 [main] INFO  server.AbstractConnector (AbstractConnector.java:doStop(318)) - Stopped ServerConnector@57562473{HTTP/1.1,[http/1.1]}{0.0.0.0:0}
2019-09-27 09:54:20,450 [ForkJoinPool.commonPool-worker-0] INFO  statemachine.DatanodeStateMachine (DatanodeStateMachine.java:stopDaemon(395)) - Ozone container server stopped.
2019-09-27 09:54:20,450 [main] INFO  handler.ContextHandler (ContextHandler.java:doStop(910)) - Stopped o.e.j.s.ServletContextHandler@27e7c77f{/static,jar:file:/home/user/.m2/repository/org/apache/hadoop/hadoop-hdds-container-service/0.5.0-SNAPSHOT/hadoop-hdds-container-service-0.5.0-SNAPSHOT.jar!/webapps/static,UNAVAILABLE}
2019-09-27 09:54:20,454 [main] INFO  handler.ContextHandler (ContextHandler.java:doStop(910)) - Stopped o.e.j.s.ServletContextHandler@1f53481b{/logs,file:///workdir/hadoop-ozone/integration-test/target/log,UNAVAILABLE}
2019-09-27 09:54:20,455 [ForkJoinPool.commonPool-worker-0] INFO  handler.ContextHandler (ContextHandler.java:doStop(910)) - Stopped o.e.j.w.WebAppContext@127a7272{/,null,UNAVAILABLE}{/hddsDatanode}
2019-09-27 09:54:20,457 [ForkJoinPool.commonPool-worker-0] INFO  server.AbstractConnector (AbstractConnector.java:doStop(318)) - Stopped ServerConnector@ff23ae7{HTTP/1.1,[http/1.1]}{0.0.0.0:0}
2019-09-27 09:54:20,458 [ForkJoinPool.commonPool-worker-0] INFO  handler.ContextHandler (ContextHandler.java:doStop(910)) - Stopped o.e.j.s.ServletContextHandler@2a369e14{/static,jar:file:/home/user/.m2/repository/org/apache/hadoop/hadoop-hdds-container-service/0.5.0-SNAPSHOT/hadoop-hdds-container-service-0.5.0-SNAPSHOT.jar!/webapps/static,UNAVAILABLE}
2019-09-27 09:54:20,460 [ForkJoinPool.commonPool-worker-0] INFO  handler.ContextHandler (ContextHandler.java:doStop(910)) - Stopped o.e.j.s.ServletContextHandler@60c8a093{/logs,file:///workdir/hadoop-ozone/integration-test/target/log,UNAVAILABLE}
2019-09-27 09:54:20,552 [Datanode State Machine Thread - 0] INFO  statemachine.DatanodeStateMachine (DatanodeStateMachine.java:lambda$startDaemon$0(350)) - Ozone container server started.
2019-09-27 09:54:20,682 [Datanode State Machine Thread - 0] INFO  statemachine.DatanodeStateMachine (DatanodeStateMachine.java:lambda$startDaemon$0(350)) - Ozone container server started.
2019-09-27 09:54:21,147 [grpc-default-executor-5] WARN  server.GrpcLogAppender (LogUtils.java:warn(134)) - 95d968cf-ca5f-4d0b-bebe-b7dd67fbe12c@group-DD568467DAD7->cc790c40-6d6d-4d2d-8aaa-0c65cfb9cb08-AppendLogResponseHandler: Failed appendEntries: org.apache.ratis.thirdparty.io.grpc.StatusRuntimeException: UNAVAILABLE: io exception
2019-09-27 09:54:21,150 [grpc-default-executor-5] INFO  impl.FollowerInfo (FollowerInfo.java:lambda$new$0(51)) - 95d968cf-ca5f-4d0b-bebe-b7dd67fbe12c@group-DD568467DAD7->cc790c40-6d6d-4d2d-8aaa-0c65cfb9cb08: nextIndex: updateUnconditionally 0 -> 0
2019-09-27 09:54:22,654 [Thread-366] INFO  impl.FollowerState (FollowerState.java:run(106)) - 68fd3f2f-bb68-4e1b-9abe-e06c598958dc:group-E732014F1250 changes to CANDIDATE, lastRpcTime:9476, electionTimeout:5107ms
2019-09-27 09:54:22,654 [Thread-366] INFO  impl.RoleInfo (RoleInfo.java:shutdownFollowerState(121)) - 68fd3f2f-bb68-4e1b-9abe-e06c598958dc: shutdown FollowerState
2019-09-27 09:54:22,655 [Thread-366] INFO  impl.RaftServerImpl (RaftServerImpl.java:setRole(174)) - 68fd3f2f-bb68-4e1b-9abe-e06c598958dc@group-E732014F1250: changes role from  FOLLOWER to CANDIDATE at term 1 for changeToCandidate
2019-09-27 09:54:22,655 [Thread-366] INFO  impl.RoleInfo (RoleInfo.java:updateAndGet(143)) - 68fd3f2f-bb68-4e1b-9abe-e06c598958dc: start LeaderElection
2019-09-27 09:54:22,656 [68fd3f2f-bb68-4e1b-9abe-e06c598958dc@group-E732014F1250:LeaderElection21] INFO  impl.RaftServerImpl (ServerState.java:setLeader(253)) - 68fd3f2f-bb68-4e1b-9abe-e06c598958dc@group-E732014F1250: change Leader from fb4382cd-aae1-4392-b31d-66bc5152045f to null at term 1 for initElection
2019-09-27 09:54:22,684 [68fd3f2f-bb68-4e1b-9abe-e06c598958dc@group-E732014F1250:LeaderElection21] INFO  impl.LeaderElection (LeaderElection.java:askForVotes(182)) - 68fd3f2f-bb68-4e1b-9abe-e06c598958dc@group-E732014F1250:LeaderElection21: begin an election at term 2 for 0: [68fd3f2f-bb68-4e1b-9abe-e06c598958dc:192.168.151.103:43348, 1c6b6583-b7e4-4fe6-bf06-d800234747df:192.168.151.103:46229, fb4382cd-aae1-4392-b31d-66bc5152045f:192.168.151.103:46794], old=null
2019-09-27 09:54:22,692 [68fd3f2f-bb68-4e1b-9abe-e06c598958dc@group-E732014F1250:LeaderElection21] INFO  impl.LeaderElection (LogUtils.java:infoOrTrace(149)) - 68fd3f2f-bb68-4e1b-9abe-e06c598958dc@group-E732014F1250:LeaderElection21 got exception when requesting votes: {}
java.util.concurrent.ExecutionException: org.apache.ratis.thirdparty.io.grpc.StatusRuntimeException: UNAVAILABLE: io exception
	at java.util.concurrent.FutureTask.report(FutureTask.java:122)
	at java.util.concurrent.FutureTask.get(FutureTask.java:192)
	at org.apache.ratis.server.impl.LeaderElection.waitForResults(LeaderElection.java:263)
	at org.apache.ratis.server.impl.LeaderElection.askForVotes(LeaderElection.java:201)
	at org.apache.ratis.server.impl.LeaderElection.run(LeaderElection.java:133)
	at java.lang.Thread.run(Thread.java:748)
Caused by: org.apache.ratis.thirdparty.io.grpc.StatusRuntimeException: UNAVAILABLE: io exception
	at org.apache.ratis.thirdparty.io.grpc.stub.ClientCalls.toStatusRuntimeException(ClientCalls.java:233)
	at org.apache.ratis.thirdparty.io.grpc.stub.ClientCalls.getUnchecked(ClientCalls.java:214)
	at org.apache.ratis.thirdparty.io.grpc.stub.ClientCalls.blockingUnaryCall(ClientCalls.java:139)
	at org.apache.ratis.proto.grpc.RaftServerProtocolServiceGrpc$RaftServerProtocolServiceBlockingStub.requestVote(RaftServerProtocolServiceGrpc.java:265)
	at org.apache.ratis.grpc.server.GrpcServerProtocolClient.requestVote(GrpcServerProtocolClient.java:90)
	at org.apache.ratis.grpc.server.GrpcService.requestVote(GrpcService.java:204)
	at org.apache.ratis.server.impl.LeaderElection.lambda$submitRequests$1(LeaderElection.java:238)
	at java.util.concurrent.FutureTask.run(FutureTask.java:266)
	at java.util.concurrent.Executors$RunnableAdapter.call(Executors.java:511)
	at java.util.concurrent.FutureTask.run(FutureTask.java:266)
	at java.util.concurrent.ThreadPoolExecutor.runWorker(ThreadPoolExecutor.java:1149)
	at java.util.concurrent.ThreadPoolExecutor$Worker.run(ThreadPoolExecutor.java:624)
	... 1 more
Caused by: org.apache.ratis.thirdparty.io.netty.channel.AbstractChannel$AnnotatedConnectException: Connection refused: /192.168.151.103:46229
	at sun.nio.ch.SocketChannelImpl.checkConnect(Native Method)
	at sun.nio.ch.SocketChannelImpl.finishConnect(SocketChannelImpl.java:717)
	at org.apache.ratis.thirdparty.io.netty.channel.socket.nio.NioSocketChannel.doFinishConnect(NioSocketChannel.java:327)
	at org.apache.ratis.thirdparty.io.netty.channel.nio.AbstractNioChannel$AbstractNioUnsafe.finishConnect(AbstractNioChannel.java:340)
	at org.apache.ratis.thirdparty.io.netty.channel.nio.NioEventLoop.processSelectedKey(NioEventLoop.java:632)
	at org.apache.ratis.thirdparty.io.netty.channel.nio.NioEventLoop.processSelectedKeysOptimized(NioEventLoop.java:579)
	at org.apache.ratis.thirdparty.io.netty.channel.nio.NioEventLoop.processSelectedKeys(NioEventLoop.java:496)
	at org.apache.ratis.thirdparty.io.netty.channel.nio.NioEventLoop.run(NioEventLoop.java:458)
	at org.apache.ratis.thirdparty.io.netty.util.concurrent.SingleThreadEventExecutor$5.run(SingleThreadEventExecutor.java:897)
	at org.apache.ratis.thirdparty.io.netty.util.concurrent.FastThreadLocalRunnable.run(FastThreadLocalRunnable.java:30)
	... 1 more
Caused by: java.net.ConnectException: Connection refused
	... 11 more
2019-09-27 09:54:22,694 [68fd3f2f-bb68-4e1b-9abe-e06c598958dc@group-E732014F1250:LeaderElection21] INFO  impl.LeaderElection (LogUtils.java:infoOrTrace(149)) - 68fd3f2f-bb68-4e1b-9abe-e06c598958dc@group-E732014F1250:LeaderElection21 got exception when requesting votes: {}
java.util.concurrent.ExecutionException: org.apache.ratis.thirdparty.io.grpc.StatusRuntimeException: UNAVAILABLE: io exception
	at java.util.concurrent.FutureTask.report(FutureTask.java:122)
	at java.util.concurrent.FutureTask.get(FutureTask.java:192)
	at org.apache.ratis.server.impl.LeaderElection.waitForResults(LeaderElection.java:263)
	at org.apache.ratis.server.impl.LeaderElection.askForVotes(LeaderElection.java:201)
	at org.apache.ratis.server.impl.LeaderElection.run(LeaderElection.java:133)
	at java.lang.Thread.run(Thread.java:748)
Caused by: org.apache.ratis.thirdparty.io.grpc.StatusRuntimeException: UNAVAILABLE: io exception
	at org.apache.ratis.thirdparty.io.grpc.stub.ClientCalls.toStatusRuntimeException(ClientCalls.java:233)
	at org.apache.ratis.thirdparty.io.grpc.stub.ClientCalls.getUnchecked(ClientCalls.java:214)
	at org.apache.ratis.thirdparty.io.grpc.stub.ClientCalls.blockingUnaryCall(ClientCalls.java:139)
	at org.apache.ratis.proto.grpc.RaftServerProtocolServiceGrpc$RaftServerProtocolServiceBlockingStub.requestVote(RaftServerProtocolServiceGrpc.java:265)
	at org.apache.ratis.grpc.server.GrpcServerProtocolClient.requestVote(GrpcServerProtocolClient.java:90)
	at org.apache.ratis.grpc.server.GrpcService.requestVote(GrpcService.java:204)
	at org.apache.ratis.server.impl.LeaderElection.lambda$submitRequests$1(LeaderElection.java:238)
	at java.util.concurrent.FutureTask.run(FutureTask.java:266)
	at java.util.concurrent.Executors$RunnableAdapter.call(Executors.java:511)
	at java.util.concurrent.FutureTask.run(FutureTask.java:266)
	at java.util.concurrent.ThreadPoolExecutor.runWorker(ThreadPoolExecutor.java:1149)
	at java.util.concurrent.ThreadPoolExecutor$Worker.run(ThreadPoolExecutor.java:624)
	... 1 more
Caused by: org.apache.ratis.thirdparty.io.netty.channel.AbstractChannel$AnnotatedConnectException: Connection refused: /192.168.151.103:46794
	at sun.nio.ch.SocketChannelImpl.checkConnect(Native Method)
	at sun.nio.ch.SocketChannelImpl.finishConnect(SocketChannelImpl.java:717)
	at org.apache.ratis.thirdparty.io.netty.channel.socket.nio.NioSocketChannel.doFinishConnect(NioSocketChannel.java:327)
	at org.apache.ratis.thirdparty.io.netty.channel.nio.AbstractNioChannel$AbstractNioUnsafe.finishConnect(AbstractNioChannel.java:340)
	at org.apache.ratis.thirdparty.io.netty.channel.nio.NioEventLoop.processSelectedKey(NioEventLoop.java:632)
	at org.apache.ratis.thirdparty.io.netty.channel.nio.NioEventLoop.processSelectedKeysOptimized(NioEventLoop.java:579)
	at org.apache.ratis.thirdparty.io.netty.channel.nio.NioEventLoop.processSelectedKeys(NioEventLoop.java:496)
	at org.apache.ratis.thirdparty.io.netty.channel.nio.NioEventLoop.run(NioEventLoop.java:458)
	at org.apache.ratis.thirdparty.io.netty.util.concurrent.SingleThreadEventExecutor$5.run(SingleThreadEventExecutor.java:897)
	at org.apache.ratis.thirdparty.io.netty.util.concurrent.FastThreadLocalRunnable.run(FastThreadLocalRunnable.java:30)
	... 1 more
Caused by: java.net.ConnectException: Connection refused
	... 11 more
2019-09-27 09:54:22,696 [68fd3f2f-bb68-4e1b-9abe-e06c598958dc@group-E732014F1250:LeaderElection21] INFO  impl.LeaderElection (LeaderElection.java:logAndReturn(56)) - 68fd3f2f-bb68-4e1b-9abe-e06c598958dc@group-E732014F1250:LeaderElection21: Election REJECTED; received 0 response(s) [] and 2 exception(s); 68fd3f2f-bb68-4e1b-9abe-e06c598958dc@group-E732014F1250:t2, leader=null, voted=68fd3f2f-bb68-4e1b-9abe-e06c598958dc, raftlog=68fd3f2f-bb68-4e1b-9abe-e06c598958dc@group-E732014F1250-SegmentedRaftLog:OPENED:c0,f0,i0, conf=0: [68fd3f2f-bb68-4e1b-9abe-e06c598958dc:192.168.151.103:43348, 1c6b6583-b7e4-4fe6-bf06-d800234747df:192.168.151.103:46229, fb4382cd-aae1-4392-b31d-66bc5152045f:192.168.151.103:46794], old=null
2019-09-27 09:54:22,697 [68fd3f2f-bb68-4e1b-9abe-e06c598958dc@group-E732014F1250:LeaderElection21] INFO  impl.LeaderElection (LogUtils.java:infoOrTrace(149)) -   Exception 0: {}
java.util.concurrent.ExecutionException: org.apache.ratis.thirdparty.io.grpc.StatusRuntimeException: UNAVAILABLE: io exception
	at java.util.concurrent.FutureTask.report(FutureTask.java:122)
	at java.util.concurrent.FutureTask.get(FutureTask.java:192)
	at org.apache.ratis.server.impl.LeaderElection.waitForResults(LeaderElection.java:263)
	at org.apache.ratis.server.impl.LeaderElection.askForVotes(LeaderElection.java:201)
	at org.apache.ratis.server.impl.LeaderElection.run(LeaderElection.java:133)
	at java.lang.Thread.run(Thread.java:748)
Caused by: org.apache.ratis.thirdparty.io.grpc.StatusRuntimeException: UNAVAILABLE: io exception
	at org.apache.ratis.thirdparty.io.grpc.stub.ClientCalls.toStatusRuntimeException(ClientCalls.java:233)
	at org.apache.ratis.thirdparty.io.grpc.stub.ClientCalls.getUnchecked(ClientCalls.java:214)
	at org.apache.ratis.thirdparty.io.grpc.stub.ClientCalls.blockingUnaryCall(ClientCalls.java:139)
	at org.apache.ratis.proto.grpc.RaftServerProtocolServiceGrpc$RaftServerProtocolServiceBlockingStub.requestVote(RaftServerProtocolServiceGrpc.java:265)
	at org.apache.ratis.grpc.server.GrpcServerProtocolClient.requestVote(GrpcServerProtocolClient.java:90)
	at org.apache.ratis.grpc.server.GrpcService.requestVote(GrpcService.java:204)
	at org.apache.ratis.server.impl.LeaderElection.lambda$submitRequests$1(LeaderElection.java:238)
	at java.util.concurrent.FutureTask.run(FutureTask.java:266)
	at java.util.concurrent.Executors$RunnableAdapter.call(Executors.java:511)
	at java.util.concurrent.FutureTask.run(FutureTask.java:266)
	at java.util.concurrent.ThreadPoolExecutor.runWorker(ThreadPoolExecutor.java:1149)
	at java.util.concurrent.ThreadPoolExecutor$Worker.run(ThreadPoolExecutor.java:624)
	... 1 more
Caused by: org.apache.ratis.thirdparty.io.netty.channel.AbstractChannel$AnnotatedConnectException: Connection refused: /192.168.151.103:46229
	at sun.nio.ch.SocketChannelImpl.checkConnect(Native Method)
	at sun.nio.ch.SocketChannelImpl.finishConnect(SocketChannelImpl.java:717)
	at org.apache.ratis.thirdparty.io.netty.channel.socket.nio.NioSocketChannel.doFinishConnect(NioSocketChannel.java:327)
	at org.apache.ratis.thirdparty.io.netty.channel.nio.AbstractNioChannel$AbstractNioUnsafe.finishConnect(AbstractNioChannel.java:340)
	at org.apache.ratis.thirdparty.io.netty.channel.nio.NioEventLoop.processSelectedKey(NioEventLoop.java:632)
	at org.apache.ratis.thirdparty.io.netty.channel.nio.NioEventLoop.processSelectedKeysOptimized(NioEventLoop.java:579)
	at org.apache.ratis.thirdparty.io.netty.channel.nio.NioEventLoop.processSelectedKeys(NioEventLoop.java:496)
	at org.apache.ratis.thirdparty.io.netty.channel.nio.NioEventLoop.run(NioEventLoop.java:458)
	at org.apache.ratis.thirdparty.io.netty.util.concurrent.SingleThreadEventExecutor$5.run(SingleThreadEventExecutor.java:897)
	at org.apache.ratis.thirdparty.io.netty.util.concurrent.FastThreadLocalRunnable.run(FastThreadLocalRunnable.java:30)
	... 1 more
Caused by: java.net.ConnectException: Connection refused
	... 11 more
2019-09-27 09:54:22,697 [68fd3f2f-bb68-4e1b-9abe-e06c598958dc@group-E732014F1250:LeaderElection21] INFO  impl.LeaderElection (LogUtils.java:infoOrTrace(149)) -   Exception 1: {}
java.util.concurrent.ExecutionException: org.apache.ratis.thirdparty.io.grpc.StatusRuntimeException: UNAVAILABLE: io exception
	at java.util.concurrent.FutureTask.report(FutureTask.java:122)
	at java.util.concurrent.FutureTask.get(FutureTask.java:192)
	at org.apache.ratis.server.impl.LeaderElection.waitForResults(LeaderElection.java:263)
	at org.apache.ratis.server.impl.LeaderElection.askForVotes(LeaderElection.java:201)
	at org.apache.ratis.server.impl.LeaderElection.run(LeaderElection.java:133)
	at java.lang.Thread.run(Thread.java:748)
Caused by: org.apache.ratis.thirdparty.io.grpc.StatusRuntimeException: UNAVAILABLE: io exception
	at org.apache.ratis.thirdparty.io.grpc.stub.ClientCalls.toStatusRuntimeException(ClientCalls.java:233)
	at org.apache.ratis.thirdparty.io.grpc.stub.ClientCalls.getUnchecked(ClientCalls.java:214)
	at org.apache.ratis.thirdparty.io.grpc.stub.ClientCalls.blockingUnaryCall(ClientCalls.java:139)
	at org.apache.ratis.proto.grpc.RaftServerProtocolServiceGrpc$RaftServerProtocolServiceBlockingStub.requestVote(RaftServerProtocolServiceGrpc.java:265)
	at org.apache.ratis.grpc.server.GrpcServerProtocolClient.requestVote(GrpcServerProtocolClient.java:90)
	at org.apache.ratis.grpc.server.GrpcService.requestVote(GrpcService.java:204)
	at org.apache.ratis.server.impl.LeaderElection.lambda$submitRequests$1(LeaderElection.java:238)
	at java.util.concurrent.FutureTask.run(FutureTask.java:266)
	at java.util.concurrent.Executors$RunnableAdapter.call(Executors.java:511)
	at java.util.concurrent.FutureTask.run(FutureTask.java:266)
	at java.util.concurrent.ThreadPoolExecutor.runWorker(ThreadPoolExecutor.java:1149)
	at java.util.concurrent.ThreadPoolExecutor$Worker.run(ThreadPoolExecutor.java:624)
	... 1 more
Caused by: org.apache.ratis.thirdparty.io.netty.channel.AbstractChannel$AnnotatedConnectException: Connection refused: /192.168.151.103:46794
	at sun.nio.ch.SocketChannelImpl.checkConnect(Native Method)
	at sun.nio.ch.SocketChannelImpl.finishConnect(SocketChannelImpl.java:717)
	at org.apache.ratis.thirdparty.io.netty.channel.socket.nio.NioSocketChannel.doFinishConnect(NioSocketChannel.java:327)
	at org.apache.ratis.thirdparty.io.netty.channel.nio.AbstractNioChannel$AbstractNioUnsafe.finishConnect(AbstractNioChannel.java:340)
	at org.apache.ratis.thirdparty.io.netty.channel.nio.NioEventLoop.processSelectedKey(NioEventLoop.java:632)
	at org.apache.ratis.thirdparty.io.netty.channel.nio.NioEventLoop.processSelectedKeysOptimized(NioEventLoop.java:579)
	at org.apache.ratis.thirdparty.io.netty.channel.nio.NioEventLoop.processSelectedKeys(NioEventLoop.java:496)
	at org.apache.ratis.thirdparty.io.netty.channel.nio.NioEventLoop.run(NioEventLoop.java:458)
	at org.apache.ratis.thirdparty.io.netty.util.concurrent.SingleThreadEventExecutor$5.run(SingleThreadEventExecutor.java:897)
	at org.apache.ratis.thirdparty.io.netty.util.concurrent.FastThreadLocalRunnable.run(FastThreadLocalRunnable.java:30)
	... 1 more
Caused by: java.net.ConnectException: Connection refused
	... 11 more
2019-09-27 09:54:22,698 [68fd3f2f-bb68-4e1b-9abe-e06c598958dc@group-E732014F1250:LeaderElection21] INFO  impl.RaftServerImpl (RaftServerImpl.java:setRole(174)) - 68fd3f2f-bb68-4e1b-9abe-e06c598958dc@group-E732014F1250: changes role from CANDIDATE to FOLLOWER at term 2 for DISCOVERED_A_NEW_TERM
2019-09-27 09:54:22,699 [68fd3f2f-bb68-4e1b-9abe-e06c598958dc@group-E732014F1250:LeaderElection21] INFO  impl.RoleInfo (RoleInfo.java:shutdownLeaderElection(134)) - 68fd3f2f-bb68-4e1b-9abe-e06c598958dc: shutdown LeaderElection
2019-09-27 09:54:22,700 [68fd3f2f-bb68-4e1b-9abe-e06c598958dc@group-E732014F1250:LeaderElection21] INFO  impl.RoleInfo (RoleInfo.java:updateAndGet(143)) - 68fd3f2f-bb68-4e1b-9abe-e06c598958dc: start FollowerState
2019-09-27 09:54:23,085 [Thread-728] INFO  impl.FollowerState (FollowerState.java:run(106)) - 4086c8fe-6833-427c-bdb8-ba1cab517569:group-E0E41C1599F9 changes to CANDIDATE, lastRpcTime:5125, electionTimeout:5124ms
2019-09-27 09:54:23,088 [Thread-728] INFO  impl.RoleInfo (RoleInfo.java:shutdownFollowerState(121)) - 4086c8fe-6833-427c-bdb8-ba1cab517569: shutdown FollowerState
2019-09-27 09:54:23,088 [Thread-728] INFO  impl.RaftServerImpl (RaftServerImpl.java:setRole(174)) - 4086c8fe-6833-427c-bdb8-ba1cab517569@group-E0E41C1599F9: changes role from  FOLLOWER to CANDIDATE at term 5 for changeToCandidate
2019-09-27 09:54:23,089 [Thread-728] INFO  impl.RoleInfo (RoleInfo.java:updateAndGet(143)) - 4086c8fe-6833-427c-bdb8-ba1cab517569: start LeaderElection
2019-09-27 09:54:23,106 [4086c8fe-6833-427c-bdb8-ba1cab517569@group-E0E41C1599F9:LeaderElection22] INFO  impl.LeaderElection (LeaderElection.java:askForVotes(182)) - 4086c8fe-6833-427c-bdb8-ba1cab517569@group-E0E41C1599F9:LeaderElection22: begin an election at term 6 for 0: [a8c068ea-62f3-4e92-8bab-cb78a32fa14d:192.168.151.103:40076, 8ba5199e-bc13-4980-9432-390e97d7087b:192.168.151.103:46717, 4086c8fe-6833-427c-bdb8-ba1cab517569:192.168.151.103:39661], old=null
2019-09-27 09:54:23,107 [4086c8fe-6833-427c-bdb8-ba1cab517569@group-E0E41C1599F9:LeaderElection22] INFO  impl.LeaderElection (LogUtils.java:infoOrTrace(149)) - 4086c8fe-6833-427c-bdb8-ba1cab517569@group-E0E41C1599F9:LeaderElection22 got exception when requesting votes: {}
java.util.concurrent.ExecutionException: org.apache.ratis.thirdparty.io.grpc.StatusRuntimeException: UNAVAILABLE: io exception
	at java.util.concurrent.FutureTask.report(FutureTask.java:122)
	at java.util.concurrent.FutureTask.get(FutureTask.java:192)
	at org.apache.ratis.server.impl.LeaderElection.waitForResults(LeaderElection.java:263)
	at org.apache.ratis.server.impl.LeaderElection.askForVotes(LeaderElection.java:201)
	at org.apache.ratis.server.impl.LeaderElection.run(LeaderElection.java:133)
	at java.lang.Thread.run(Thread.java:748)
Caused by: org.apache.ratis.thirdparty.io.grpc.StatusRuntimeException: UNAVAILABLE: io exception
	at org.apache.ratis.thirdparty.io.grpc.stub.ClientCalls.toStatusRuntimeException(ClientCalls.java:233)
	at org.apache.ratis.thirdparty.io.grpc.stub.ClientCalls.getUnchecked(ClientCalls.java:214)
	at org.apache.ratis.thirdparty.io.grpc.stub.ClientCalls.blockingUnaryCall(ClientCalls.java:139)
	at org.apache.ratis.proto.grpc.RaftServerProtocolServiceGrpc$RaftServerProtocolServiceBlockingStub.requestVote(RaftServerProtocolServiceGrpc.java:265)
	at org.apache.ratis.grpc.server.GrpcServerProtocolClient.requestVote(GrpcServerProtocolClient.java:90)
	at org.apache.ratis.grpc.server.GrpcService.requestVote(GrpcService.java:204)
	at org.apache.ratis.server.impl.LeaderElection.lambda$submitRequests$1(LeaderElection.java:238)
	at java.util.concurrent.FutureTask.run(FutureTask.java:266)
	at java.util.concurrent.Executors$RunnableAdapter.call(Executors.java:511)
	at java.util.concurrent.FutureTask.run(FutureTask.java:266)
	at java.util.concurrent.ThreadPoolExecutor.runWorker(ThreadPoolExecutor.java:1149)
	at java.util.concurrent.ThreadPoolExecutor$Worker.run(ThreadPoolExecutor.java:624)
	... 1 more
Caused by: org.apache.ratis.thirdparty.io.netty.channel.AbstractChannel$AnnotatedConnectException: Connection refused: /192.168.151.103:40076
	at sun.nio.ch.SocketChannelImpl.checkConnect(Native Method)
	at sun.nio.ch.SocketChannelImpl.finishConnect(SocketChannelImpl.java:717)
	at org.apache.ratis.thirdparty.io.netty.channel.socket.nio.NioSocketChannel.doFinishConnect(NioSocketChannel.java:327)
	at org.apache.ratis.thirdparty.io.netty.channel.nio.AbstractNioChannel$AbstractNioUnsafe.finishConnect(AbstractNioChannel.java:340)
	at org.apache.ratis.thirdparty.io.netty.channel.nio.NioEventLoop.processSelectedKey(NioEventLoop.java:632)
	at org.apache.ratis.thirdparty.io.netty.channel.nio.NioEventLoop.processSelectedKeysOptimized(NioEventLoop.java:579)
	at org.apache.ratis.thirdparty.io.netty.channel.nio.NioEventLoop.processSelectedKeys(NioEventLoop.java:496)
	at org.apache.ratis.thirdparty.io.netty.channel.nio.NioEventLoop.run(NioEventLoop.java:458)
	at org.apache.ratis.thirdparty.io.netty.util.concurrent.SingleThreadEventExecutor$5.run(SingleThreadEventExecutor.java:897)
	at org.apache.ratis.thirdparty.io.netty.util.concurrent.FastThreadLocalRunnable.run(FastThreadLocalRunnable.java:30)
	... 1 more
Caused by: java.net.ConnectException: Connection refused
	... 11 more
2019-09-27 09:54:23,110 [4086c8fe-6833-427c-bdb8-ba1cab517569@group-E0E41C1599F9:LeaderElection22] INFO  impl.LeaderElection (LogUtils.java:infoOrTrace(149)) - 4086c8fe-6833-427c-bdb8-ba1cab517569@group-E0E41C1599F9:LeaderElection22 got exception when requesting votes: {}
java.util.concurrent.ExecutionException: org.apache.ratis.thirdparty.io.grpc.StatusRuntimeException: UNAVAILABLE: io exception
	at java.util.concurrent.FutureTask.report(FutureTask.java:122)
	at java.util.concurrent.FutureTask.get(FutureTask.java:192)
	at org.apache.ratis.server.impl.LeaderElection.waitForResults(LeaderElection.java:263)
	at org.apache.ratis.server.impl.LeaderElection.askForVotes(LeaderElection.java:201)
	at org.apache.ratis.server.impl.LeaderElection.run(LeaderElection.java:133)
	at java.lang.Thread.run(Thread.java:748)
Caused by: org.apache.ratis.thirdparty.io.grpc.StatusRuntimeException: UNAVAILABLE: io exception
	at org.apache.ratis.thirdparty.io.grpc.stub.ClientCalls.toStatusRuntimeException(ClientCalls.java:233)
	at org.apache.ratis.thirdparty.io.grpc.stub.ClientCalls.getUnchecked(ClientCalls.java:214)
	at org.apache.ratis.thirdparty.io.grpc.stub.ClientCalls.blockingUnaryCall(ClientCalls.java:139)
	at org.apache.ratis.proto.grpc.RaftServerProtocolServiceGrpc$RaftServerProtocolServiceBlockingStub.requestVote(RaftServerProtocolServiceGrpc.java:265)
	at org.apache.ratis.grpc.server.GrpcServerProtocolClient.requestVote(GrpcServerProtocolClient.java:90)
	at org.apache.ratis.grpc.server.GrpcService.requestVote(GrpcService.java:204)
	at org.apache.ratis.server.impl.LeaderElection.lambda$submitRequests$1(LeaderElection.java:238)
	at java.util.concurrent.FutureTask.run(FutureTask.java:266)
	at java.util.concurrent.Executors$RunnableAdapter.call(Executors.java:511)
	at java.util.concurrent.FutureTask.run(FutureTask.java:266)
	at java.util.concurrent.ThreadPoolExecutor.runWorker(ThreadPoolExecutor.java:1149)
	at java.util.concurrent.ThreadPoolExecutor$Worker.run(ThreadPoolExecutor.java:624)
	... 1 more
Caused by: org.apache.ratis.thirdparty.io.netty.channel.AbstractChannel$AnnotatedConnectException: Connection refused: /192.168.151.103:46717
	at sun.nio.ch.SocketChannelImpl.checkConnect(Native Method)
	at sun.nio.ch.SocketChannelImpl.finishConnect(SocketChannelImpl.java:717)
	at org.apache.ratis.thirdparty.io.netty.channel.socket.nio.NioSocketChannel.doFinishConnect(NioSocketChannel.java:327)
	at org.apache.ratis.thirdparty.io.netty.channel.nio.AbstractNioChannel$AbstractNioUnsafe.finishConnect(AbstractNioChannel.java:340)
	at org.apache.ratis.thirdparty.io.netty.channel.nio.NioEventLoop.processSelectedKey(NioEventLoop.java:632)
	at org.apache.ratis.thirdparty.io.netty.channel.nio.NioEventLoop.processSelectedKeysOptimized(NioEventLoop.java:579)
	at org.apache.ratis.thirdparty.io.netty.channel.nio.NioEventLoop.processSelectedKeys(NioEventLoop.java:496)
	at org.apache.ratis.thirdparty.io.netty.channel.nio.NioEventLoop.run(NioEventLoop.java:458)
	at org.apache.ratis.thirdparty.io.netty.util.concurrent.SingleThreadEventExecutor$5.run(SingleThreadEventExecutor.java:897)
	at org.apache.ratis.thirdparty.io.netty.util.concurrent.FastThreadLocalRunnable.run(FastThreadLocalRunnable.java:30)
	... 1 more
Caused by: java.net.ConnectException: Connection refused
	... 11 more
2019-09-27 09:54:23,112 [4086c8fe-6833-427c-bdb8-ba1cab517569@group-E0E41C1599F9:LeaderElection22] INFO  impl.LeaderElection (LeaderElection.java:logAndReturn(56)) - 4086c8fe-6833-427c-bdb8-ba1cab517569@group-E0E41C1599F9:LeaderElection22: Election REJECTED; received 0 response(s) [] and 2 exception(s); 4086c8fe-6833-427c-bdb8-ba1cab517569@group-E0E41C1599F9:t6, leader=null, voted=4086c8fe-6833-427c-bdb8-ba1cab517569, raftlog=4086c8fe-6833-427c-bdb8-ba1cab517569@group-E0E41C1599F9-SegmentedRaftLog:OPENED:c0,f0,i0, conf=0: [a8c068ea-62f3-4e92-8bab-cb78a32fa14d:192.168.151.103:40076, 8ba5199e-bc13-4980-9432-390e97d7087b:192.168.151.103:46717, 4086c8fe-6833-427c-bdb8-ba1cab517569:192.168.151.103:39661], old=null
2019-09-27 09:54:23,112 [4086c8fe-6833-427c-bdb8-ba1cab517569@group-E0E41C1599F9:LeaderElection22] INFO  impl.LeaderElection (LogUtils.java:infoOrTrace(149)) -   Exception 0: {}
java.util.concurrent.ExecutionException: org.apache.ratis.thirdparty.io.grpc.StatusRuntimeException: UNAVAILABLE: io exception
	at java.util.concurrent.FutureTask.report(FutureTask.java:122)
	at java.util.concurrent.FutureTask.get(FutureTask.java:192)
	at org.apache.ratis.server.impl.LeaderElection.waitForResults(LeaderElection.java:263)
	at org.apache.ratis.server.impl.LeaderElection.askForVotes(LeaderElection.java:201)
	at org.apache.ratis.server.impl.LeaderElection.run(LeaderElection.java:133)
	at java.lang.Thread.run(Thread.java:748)
Caused by: org.apache.ratis.thirdparty.io.grpc.StatusRuntimeException: UNAVAILABLE: io exception
	at org.apache.ratis.thirdparty.io.grpc.stub.ClientCalls.toStatusRuntimeException(ClientCalls.java:233)
	at org.apache.ratis.thirdparty.io.grpc.stub.ClientCalls.getUnchecked(ClientCalls.java:214)
	at org.apache.ratis.thirdparty.io.grpc.stub.ClientCalls.blockingUnaryCall(ClientCalls.java:139)
	at org.apache.ratis.proto.grpc.RaftServerProtocolServiceGrpc$RaftServerProtocolServiceBlockingStub.requestVote(RaftServerProtocolServiceGrpc.java:265)
	at org.apache.ratis.grpc.server.GrpcServerProtocolClient.requestVote(GrpcServerProtocolClient.java:90)
	at org.apache.ratis.grpc.server.GrpcService.requestVote(GrpcService.java:204)
	at org.apache.ratis.server.impl.LeaderElection.lambda$submitRequests$1(LeaderElection.java:238)
	at java.util.concurrent.FutureTask.run(FutureTask.java:266)
	at java.util.concurrent.Executors$RunnableAdapter.call(Executors.java:511)
	at java.util.concurrent.FutureTask.run(FutureTask.java:266)
	at java.util.concurrent.ThreadPoolExecutor.runWorker(ThreadPoolExecutor.java:1149)
	at java.util.concurrent.ThreadPoolExecutor$Worker.run(ThreadPoolExecutor.java:624)
	... 1 more
Caused by: org.apache.ratis.thirdparty.io.netty.channel.AbstractChannel$AnnotatedConnectException: Connection refused: /192.168.151.103:40076
	at sun.nio.ch.SocketChannelImpl.checkConnect(Native Method)
	at sun.nio.ch.SocketChannelImpl.finishConnect(SocketChannelImpl.java:717)
	at org.apache.ratis.thirdparty.io.netty.channel.socket.nio.NioSocketChannel.doFinishConnect(NioSocketChannel.java:327)
	at org.apache.ratis.thirdparty.io.netty.channel.nio.AbstractNioChannel$AbstractNioUnsafe.finishConnect(AbstractNioChannel.java:340)
	at org.apache.ratis.thirdparty.io.netty.channel.nio.NioEventLoop.processSelectedKey(NioEventLoop.java:632)
	at org.apache.ratis.thirdparty.io.netty.channel.nio.NioEventLoop.processSelectedKeysOptimized(NioEventLoop.java:579)
	at org.apache.ratis.thirdparty.io.netty.channel.nio.NioEventLoop.processSelectedKeys(NioEventLoop.java:496)
	at org.apache.ratis.thirdparty.io.netty.channel.nio.NioEventLoop.run(NioEventLoop.java:458)
	at org.apache.ratis.thirdparty.io.netty.util.concurrent.SingleThreadEventExecutor$5.run(SingleThreadEventExecutor.java:897)
	at org.apache.ratis.thirdparty.io.netty.util.concurrent.FastThreadLocalRunnable.run(FastThreadLocalRunnable.java:30)
	... 1 more
Caused by: java.net.ConnectException: Connection refused
	... 11 more
2019-09-27 09:54:23,113 [4086c8fe-6833-427c-bdb8-ba1cab517569@group-E0E41C1599F9:LeaderElection22] INFO  impl.LeaderElection (LogUtils.java:infoOrTrace(149)) -   Exception 1: {}
java.util.concurrent.ExecutionException: org.apache.ratis.thirdparty.io.grpc.StatusRuntimeException: UNAVAILABLE: io exception
	at java.util.concurrent.FutureTask.report(FutureTask.java:122)
	at java.util.concurrent.FutureTask.get(FutureTask.java:192)
	at org.apache.ratis.server.impl.LeaderElection.waitForResults(LeaderElection.java:263)
	at org.apache.ratis.server.impl.LeaderElection.askForVotes(LeaderElection.java:201)
	at org.apache.ratis.server.impl.LeaderElection.run(LeaderElection.java:133)
	at java.lang.Thread.run(Thread.java:748)
Caused by: org.apache.ratis.thirdparty.io.grpc.StatusRuntimeException: UNAVAILABLE: io exception
	at org.apache.ratis.thirdparty.io.grpc.stub.ClientCalls.toStatusRuntimeException(ClientCalls.java:233)
	at org.apache.ratis.thirdparty.io.grpc.stub.ClientCalls.getUnchecked(ClientCalls.java:214)
	at org.apache.ratis.thirdparty.io.grpc.stub.ClientCalls.blockingUnaryCall(ClientCalls.java:139)
	at org.apache.ratis.proto.grpc.RaftServerProtocolServiceGrpc$RaftServerProtocolServiceBlockingStub.requestVote(RaftServerProtocolServiceGrpc.java:265)
	at org.apache.ratis.grpc.server.GrpcServerProtocolClient.requestVote(GrpcServerProtocolClient.java:90)
	at org.apache.ratis.grpc.server.GrpcService.requestVote(GrpcService.java:204)
	at org.apache.ratis.server.impl.LeaderElection.lambda$submitRequests$1(LeaderElection.java:238)
	at java.util.concurrent.FutureTask.run(FutureTask.java:266)
	at java.util.concurrent.Executors$RunnableAdapter.call(Executors.java:511)
	at java.util.concurrent.FutureTask.run(FutureTask.java:266)
	at java.util.concurrent.ThreadPoolExecutor.runWorker(ThreadPoolExecutor.java:1149)
	at java.util.concurrent.ThreadPoolExecutor$Worker.run(ThreadPoolExecutor.java:624)
	... 1 more
Caused by: org.apache.ratis.thirdparty.io.netty.channel.AbstractChannel$AnnotatedConnectException: Connection refused: /192.168.151.103:46717
	at sun.nio.ch.SocketChannelImpl.checkConnect(Native Method)
	at sun.nio.ch.SocketChannelImpl.finishConnect(SocketChannelImpl.java:717)
	at org.apache.ratis.thirdparty.io.netty.channel.socket.nio.NioSocketChannel.doFinishConnect(NioSocketChannel.java:327)
	at org.apache.ratis.thirdparty.io.netty.channel.nio.AbstractNioChannel$AbstractNioUnsafe.finishConnect(AbstractNioChannel.java:340)
	at org.apache.ratis.thirdparty.io.netty.channel.nio.NioEventLoop.processSelectedKey(NioEventLoop.java:632)
	at org.apache.ratis.thirdparty.io.netty.channel.nio.NioEventLoop.processSelectedKeysOptimized(NioEventLoop.java:579)
	at org.apache.ratis.thirdparty.io.netty.channel.nio.NioEventLoop.processSelectedKeys(NioEventLoop.java:496)
	at org.apache.ratis.thirdparty.io.netty.channel.nio.NioEventLoop.run(NioEventLoop.java:458)
	at org.apache.ratis.thirdparty.io.netty.util.concurrent.SingleThreadEventExecutor$5.run(SingleThreadEventExecutor.java:897)
	at org.apache.ratis.thirdparty.io.netty.util.concurrent.FastThreadLocalRunnable.run(FastThreadLocalRunnable.java:30)
	... 1 more
Caused by: java.net.ConnectException: Connection refused
	... 11 more
2019-09-27 09:54:23,113 [4086c8fe-6833-427c-bdb8-ba1cab517569@group-E0E41C1599F9:LeaderElection22] INFO  impl.RaftServerImpl (RaftServerImpl.java:setRole(174)) - 4086c8fe-6833-427c-bdb8-ba1cab517569@group-E0E41C1599F9: changes role from CANDIDATE to FOLLOWER at term 6 for DISCOVERED_A_NEW_TERM
2019-09-27 09:54:23,115 [4086c8fe-6833-427c-bdb8-ba1cab517569@group-E0E41C1599F9:LeaderElection22] INFO  impl.RoleInfo (RoleInfo.java:shutdownLeaderElection(134)) - 4086c8fe-6833-427c-bdb8-ba1cab517569: shutdown LeaderElection
2019-09-27 09:54:23,115 [4086c8fe-6833-427c-bdb8-ba1cab517569@group-E0E41C1599F9:LeaderElection22] INFO  impl.RoleInfo (RoleInfo.java:updateAndGet(143)) - 4086c8fe-6833-427c-bdb8-ba1cab517569: start FollowerState
2019-09-27 09:54:23,652 [grpc-default-executor-4] WARN  server.GrpcLogAppender (LogUtils.java:warn(134)) - 95d968cf-ca5f-4d0b-bebe-b7dd67fbe12c@group-DD568467DAD7->cc790c40-6d6d-4d2d-8aaa-0c65cfb9cb08-AppendLogResponseHandler: Failed appendEntries: org.apache.ratis.thirdparty.io.grpc.StatusRuntimeException: UNAVAILABLE: io exception
2019-09-27 09:54:23,655 [grpc-default-executor-4] INFO  impl.FollowerInfo (FollowerInfo.java:lambda$new$0(51)) - 95d968cf-ca5f-4d0b-bebe-b7dd67fbe12c@group-DD568467DAD7->cc790c40-6d6d-4d2d-8aaa-0c65cfb9cb08: nextIndex: updateUnconditionally 0 -> 0
2019-09-27 09:54:25,459 [main] INFO  ozoneimpl.OzoneContainer (OzoneContainer.java:stop(231)) - Attempting to stop container services.
2019-09-27 09:54:25,460 [main] INFO  impl.RaftServerProxy (RaftServerProxy.java:lambda$close$4(314)) - 4086c8fe-6833-427c-bdb8-ba1cab517569: close
2019-09-27 09:54:25,460 [main] INFO  impl.RaftServerImpl (RaftServerImpl.java:lambda$shutdown$3(251)) - 4086c8fe-6833-427c-bdb8-ba1cab517569@group-8B5477225189: shutdown
2019-09-27 09:54:25,461 [main] INFO  util.JmxRegister (JmxRegister.java:unregister(73)) - Successfully un-registered JMX Bean with object name Ratis:service=RaftServer,group=group-8B5477225189,id=4086c8fe-6833-427c-bdb8-ba1cab517569
2019-09-27 09:54:25,461 [main] INFO  impl.RoleInfo (RoleInfo.java:shutdownLeaderState(104)) - 4086c8fe-6833-427c-bdb8-ba1cab517569: shutdown LeaderState
2019-09-27 09:54:25,462 [ForkJoinPool.commonPool-worker-0] INFO  ozoneimpl.OzoneContainer (OzoneContainer.java:stop(231)) - Attempting to stop container services.
2019-09-27 09:54:25,462 [main] INFO  impl.PendingRequests (PendingRequests.java:sendNotLeaderResponses(202)) - 4086c8fe-6833-427c-bdb8-ba1cab517569-PendingRequests: sendNotLeaderResponses
2019-09-27 09:54:25,463 [ForkJoinPool.commonPool-worker-0] INFO  impl.RaftServerProxy (RaftServerProxy.java:lambda$close$4(314)) - 68fd3f2f-bb68-4e1b-9abe-e06c598958dc: close
2019-09-27 09:54:25,463 [main] INFO  impl.StateMachineUpdater (StateMachineUpdater.java:stopAndJoin(125)) - 4086c8fe-6833-427c-bdb8-ba1cab517569@group-8B5477225189-StateMachineUpdater: set stopIndex = 0
2019-09-27 09:54:25,463 [ForkJoinPool.commonPool-worker-0] INFO  impl.RaftServerImpl (RaftServerImpl.java:lambda$shutdown$3(251)) - 68fd3f2f-bb68-4e1b-9abe-e06c598958dc@group-E732014F1250: shutdown
2019-09-27 09:54:25,466 [main] INFO  impl.RaftServerImpl (ServerState.java:close(385)) - 4086c8fe-6833-427c-bdb8-ba1cab517569@group-8B5477225189: closes. applyIndex: 0
2019-09-27 09:54:25,466 [ForkJoinPool.commonPool-worker-0] INFO  util.JmxRegister (JmxRegister.java:unregister(73)) - Successfully un-registered JMX Bean with object name Ratis:service=RaftServer,group=group-E732014F1250,id=68fd3f2f-bb68-4e1b-9abe-e06c598958dc
2019-09-27 09:54:25,467 [4086c8fe-6833-427c-bdb8-ba1cab517569@group-8B5477225189-SegmentedRaftLogWorker] INFO  segmented.SegmentedRaftLogWorker (SegmentedRaftLogWorker.java:run(313)) - 4086c8fe-6833-427c-bdb8-ba1cab517569@group-8B5477225189-SegmentedRaftLogWorker was interrupted, exiting. There are 0 tasks remaining in the queue.
2019-09-27 09:54:25,467 [ForkJoinPool.commonPool-worker-0] INFO  impl.RoleInfo (RoleInfo.java:shutdownFollowerState(121)) - 68fd3f2f-bb68-4e1b-9abe-e06c598958dc: shutdown FollowerState
2019-09-27 09:54:25,468 [main] INFO  segmented.SegmentedRaftLogWorker (SegmentedRaftLogWorker.java:close(228)) - 4086c8fe-6833-427c-bdb8-ba1cab517569@group-8B5477225189-SegmentedRaftLogWorker close()
2019-09-27 09:54:25,468 [Thread-735] INFO  impl.FollowerState (FollowerState.java:run(115)) - 68fd3f2f-bb68-4e1b-9abe-e06c598958dc: FollowerState was interrupted: java.lang.InterruptedException: sleep interrupted
2019-09-27 09:54:25,468 [ForkJoinPool.commonPool-worker-0] INFO  impl.StateMachineUpdater (StateMachineUpdater.java:stopAndJoin(125)) - 68fd3f2f-bb68-4e1b-9abe-e06c598958dc@group-E732014F1250-StateMachineUpdater: set stopIndex = 0
2019-09-27 09:54:25,472 [ForkJoinPool.commonPool-worker-0] INFO  impl.RaftServerImpl (ServerState.java:close(385)) - 68fd3f2f-bb68-4e1b-9abe-e06c598958dc@group-E732014F1250: closes. applyIndex: 0
2019-09-27 09:54:25,470 [main] INFO  impl.RaftServerImpl (RaftServerImpl.java:lambda$shutdown$3(251)) - 4086c8fe-6833-427c-bdb8-ba1cab517569@group-E0E41C1599F9: shutdown
2019-09-27 09:54:25,473 [68fd3f2f-bb68-4e1b-9abe-e06c598958dc@group-E732014F1250-SegmentedRaftLogWorker] INFO  segmented.SegmentedRaftLogWorker (SegmentedRaftLogWorker.java:run(313)) - 68fd3f2f-bb68-4e1b-9abe-e06c598958dc@group-E732014F1250-SegmentedRaftLogWorker was interrupted, exiting. There are 0 tasks remaining in the queue.
2019-09-27 09:54:25,473 [main] INFO  util.JmxRegister (JmxRegister.java:unregister(73)) - Successfully un-registered JMX Bean with object name Ratis:service=RaftServer,group=group-E0E41C1599F9,id=4086c8fe-6833-427c-bdb8-ba1cab517569
2019-09-27 09:54:25,474 [ForkJoinPool.commonPool-worker-0] INFO  segmented.SegmentedRaftLogWorker (SegmentedRaftLogWorker.java:close(228)) - 68fd3f2f-bb68-4e1b-9abe-e06c598958dc@group-E732014F1250-SegmentedRaftLogWorker close()
2019-09-27 09:54:25,474 [main] INFO  impl.RoleInfo (RoleInfo.java:shutdownFollowerState(121)) - 4086c8fe-6833-427c-bdb8-ba1cab517569: shutdown FollowerState
2019-09-27 09:54:25,476 [ForkJoinPool.commonPool-worker-0] INFO  impl.RaftServerImpl (RaftServerImpl.java:lambda$shutdown$3(251)) - 68fd3f2f-bb68-4e1b-9abe-e06c598958dc@group-6A9C77B37D30: shutdown
2019-09-27 09:54:25,476 [Thread-739] INFO  impl.FollowerState (FollowerState.java:run(115)) - 4086c8fe-6833-427c-bdb8-ba1cab517569: FollowerState was interrupted: java.lang.InterruptedException: sleep interrupted
2019-09-27 09:54:25,476 [main] INFO  impl.StateMachineUpdater (StateMachineUpdater.java:stopAndJoin(125)) - 4086c8fe-6833-427c-bdb8-ba1cab517569@group-E0E41C1599F9-StateMachineUpdater: set stopIndex = 0
2019-09-27 09:54:25,476 [ForkJoinPool.commonPool-worker-0] INFO  util.JmxRegister (JmxRegister.java:unregister(73)) - Successfully un-registered JMX Bean with object name Ratis:service=RaftServer,group=group-6A9C77B37D30,id=68fd3f2f-bb68-4e1b-9abe-e06c598958dc
2019-09-27 09:54:25,479 [main] INFO  impl.RaftServerImpl (ServerState.java:close(385)) - 4086c8fe-6833-427c-bdb8-ba1cab517569@group-E0E41C1599F9: closes. applyIndex: 0
2019-09-27 09:54:25,479 [ForkJoinPool.commonPool-worker-0] INFO  impl.RoleInfo (RoleInfo.java:shutdownLeaderState(104)) - 68fd3f2f-bb68-4e1b-9abe-e06c598958dc: shutdown LeaderState
2019-09-27 09:54:25,480 [4086c8fe-6833-427c-bdb8-ba1cab517569@group-E0E41C1599F9-SegmentedRaftLogWorker] INFO  segmented.SegmentedRaftLogWorker (SegmentedRaftLogWorker.java:run(313)) - 4086c8fe-6833-427c-bdb8-ba1cab517569@group-E0E41C1599F9-SegmentedRaftLogWorker was interrupted, exiting. There are 0 tasks remaining in the queue.
2019-09-27 09:54:25,480 [ForkJoinPool.commonPool-worker-0] INFO  impl.PendingRequests (PendingRequests.java:sendNotLeaderResponses(202)) - 68fd3f2f-bb68-4e1b-9abe-e06c598958dc-PendingRequests: sendNotLeaderResponses
2019-09-27 09:54:25,481 [main] INFO  segmented.SegmentedRaftLogWorker (SegmentedRaftLogWorker.java:close(228)) - 4086c8fe-6833-427c-bdb8-ba1cab517569@group-E0E41C1599F9-SegmentedRaftLogWorker close()
2019-09-27 09:54:25,481 [ForkJoinPool.commonPool-worker-0] INFO  impl.StateMachineUpdater (StateMachineUpdater.java:stopAndJoin(125)) - 68fd3f2f-bb68-4e1b-9abe-e06c598958dc@group-6A9C77B37D30-StateMachineUpdater: set stopIndex = 0
2019-09-27 09:54:25,483 [main] INFO  server.GrpcService (GrpcService.java:closeImpl(164)) - 4086c8fe-6833-427c-bdb8-ba1cab517569: shutdown server with port 39661 now
2019-09-27 09:54:25,483 [ForkJoinPool.commonPool-worker-0] INFO  impl.RaftServerImpl (ServerState.java:close(385)) - 68fd3f2f-bb68-4e1b-9abe-e06c598958dc@group-6A9C77B37D30: closes. applyIndex: 0
2019-09-27 09:54:25,487 [68fd3f2f-bb68-4e1b-9abe-e06c598958dc@group-6A9C77B37D30-SegmentedRaftLogWorker] INFO  segmented.SegmentedRaftLogWorker (SegmentedRaftLogWorker.java:run(313)) - 68fd3f2f-bb68-4e1b-9abe-e06c598958dc@group-6A9C77B37D30-SegmentedRaftLogWorker was interrupted, exiting. There are 0 tasks remaining in the queue.
2019-09-27 09:54:25,487 [main] INFO  server.GrpcService (GrpcService.java:closeImpl(172)) - 4086c8fe-6833-427c-bdb8-ba1cab517569: shutdown server with port 39661 successfully
2019-09-27 09:54:25,488 [ForkJoinPool.commonPool-worker-0] INFO  segmented.SegmentedRaftLogWorker (SegmentedRaftLogWorker.java:close(228)) - 68fd3f2f-bb68-4e1b-9abe-e06c598958dc@group-6A9C77B37D30-SegmentedRaftLogWorker close()
2019-09-27 09:54:25,490 [ForkJoinPool.commonPool-worker-0] INFO  server.GrpcService (GrpcService.java:closeImpl(164)) - 68fd3f2f-bb68-4e1b-9abe-e06c598958dc: shutdown server with port 43348 now
2019-09-27 09:54:25,494 [ForkJoinPool.commonPool-worker-0] INFO  server.GrpcService (GrpcService.java:closeImpl(172)) - 68fd3f2f-bb68-4e1b-9abe-e06c598958dc: shutdown server with port 43348 successfully
2019-09-27 09:54:25,495 [refreshUsed-/workdir/hadoop-ozone/integration-test/target/test-dir/MiniOzoneClusterImpl-c7877029-e657-495a-8fe1-46207200c0e4/datanode-9/data/containers] WARN  fs.CachingGetSpaceUsed (CachingGetSpaceUsed.java:run(183)) - Thread Interrupted waiting to refresh disk information: sleep interrupted
2019-09-27 09:54:25,503 [refreshUsed-/workdir/hadoop-ozone/integration-test/target/test-dir/MiniOzoneClusterImpl-c7877029-e657-495a-8fe1-46207200c0e4/datanode-0/data/containers] WARN  fs.CachingGetSpaceUsed (CachingGetSpaceUsed.java:run(183)) - Thread Interrupted waiting to refresh disk information: sleep interrupted
2019-09-27 09:54:25,523 [ForkJoinPool.commonPool-worker-0] INFO  utils.BackgroundService (BackgroundService.java:shutdown(148)) - Shutting down service BlockDeletingService
2019-09-27 09:54:25,527 [ForkJoinPool.commonPool-worker-0] INFO  statemachine.DatanodeStateMachine (DatanodeStateMachine.java:stopDaemon(395)) - Ozone container server stopped.
2019-09-27 09:54:25,531 [ForkJoinPool.commonPool-worker-0] INFO  handler.ContextHandler (ContextHandler.java:doStop(910)) - Stopped o.e.j.w.WebAppContext@6981f8f3{/,null,UNAVAILABLE}{/hddsDatanode}
2019-09-27 09:54:25,532 [ForkJoinPool.commonPool-worker-0] INFO  server.AbstractConnector (AbstractConnector.java:doStop(318)) - Stopped ServerConnector@623dcf2a{HTTP/1.1,[http/1.1]}{0.0.0.0:0}
2019-09-27 09:54:25,533 [ForkJoinPool.commonPool-worker-0] INFO  handler.ContextHandler (ContextHandler.java:doStop(910)) - Stopped o.e.j.s.ServletContextHandler@227a47{/static,jar:file:/home/user/.m2/repository/org/apache/hadoop/hadoop-hdds-container-service/0.5.0-SNAPSHOT/hadoop-hdds-container-service-0.5.0-SNAPSHOT.jar!/webapps/static,UNAVAILABLE}
2019-09-27 09:54:25,535 [ForkJoinPool.commonPool-worker-0] INFO  handler.ContextHandler (ContextHandler.java:doStop(910)) - Stopped o.e.j.s.ServletContextHandler@3968bc60{/logs,file:///workdir/hadoop-ozone/integration-test/target/log,UNAVAILABLE}
2019-09-27 09:54:25,537 [main] INFO  utils.BackgroundService (BackgroundService.java:shutdown(148)) - Shutting down service BlockDeletingService
2019-09-27 09:54:25,541 [main] INFO  statemachine.DatanodeStateMachine (DatanodeStateMachine.java:stopDaemon(395)) - Ozone container server stopped.
2019-09-27 09:54:25,542 [main] INFO  handler.ContextHandler (ContextHandler.java:doStop(910)) - Stopped o.e.j.w.WebAppContext@440e3ce6{/,null,UNAVAILABLE}{/hddsDatanode}
2019-09-27 09:54:25,543 [main] INFO  server.AbstractConnector (AbstractConnector.java:doStop(318)) - Stopped ServerConnector@3e67f5f2{HTTP/1.1,[http/1.1]}{0.0.0.0:0}
2019-09-27 09:54:25,543 [main] INFO  handler.ContextHandler (ContextHandler.java:doStop(910)) - Stopped o.e.j.s.ServletContextHandler@ed91d8d{/static,jar:file:/home/user/.m2/repository/org/apache/hadoop/hadoop-hdds-container-service/0.5.0-SNAPSHOT/hadoop-hdds-container-service-0.5.0-SNAPSHOT.jar!/webapps/static,UNAVAILABLE}
2019-09-27 09:54:25,543 [main] INFO  handler.ContextHandler (ContextHandler.java:doStop(910)) - Stopped o.e.j.s.ServletContextHandler@59bbe88a{/logs,file:///workdir/hadoop-ozone/integration-test/target/log,UNAVAILABLE}
2019-09-27 09:54:25,553 [Datanode State Machine Thread - 0] INFO  statemachine.DatanodeStateMachine (DatanodeStateMachine.java:lambda$startDaemon$0(350)) - Ozone container server started.
2019-09-27 09:54:25,932 [Datanode State Machine Thread - 0] INFO  statemachine.DatanodeStateMachine (DatanodeStateMachine.java:lambda$startDaemon$0(350)) - Ozone container server started.
2019-09-27 09:54:26,156 [grpc-default-executor-1] WARN  server.GrpcLogAppender (LogUtils.java:warn(134)) - 95d968cf-ca5f-4d0b-bebe-b7dd67fbe12c@group-DD568467DAD7->cc790c40-6d6d-4d2d-8aaa-0c65cfb9cb08-AppendLogResponseHandler: Failed appendEntries: org.apache.ratis.thirdparty.io.grpc.StatusRuntimeException: UNAVAILABLE: io exception
2019-09-27 09:54:26,158 [grpc-default-executor-1] INFO  impl.FollowerInfo (FollowerInfo.java:lambda$new$0(51)) - 95d968cf-ca5f-4d0b-bebe-b7dd67fbe12c@group-DD568467DAD7->cc790c40-6d6d-4d2d-8aaa-0c65cfb9cb08: nextIndex: updateUnconditionally 0 -> 0
2019-09-27 09:54:28,663 [grpc-default-executor-5] WARN  server.GrpcLogAppender (LogUtils.java:warn(134)) - 95d968cf-ca5f-4d0b-bebe-b7dd67fbe12c@group-DD568467DAD7->cc790c40-6d6d-4d2d-8aaa-0c65cfb9cb08-AppendLogResponseHandler: Failed appendEntries: org.apache.ratis.thirdparty.io.grpc.StatusRuntimeException: UNAVAILABLE: io exception
2019-09-27 09:54:28,665 [grpc-default-executor-5] INFO  impl.FollowerInfo (FollowerInfo.java:lambda$new$0(51)) - 95d968cf-ca5f-4d0b-bebe-b7dd67fbe12c@group-DD568467DAD7->cc790c40-6d6d-4d2d-8aaa-0c65cfb9cb08: nextIndex: updateUnconditionally 0 -> 0
2019-09-27 09:54:30,536 [ForkJoinPool.commonPool-worker-0] INFO  ozoneimpl.OzoneContainer (OzoneContainer.java:stop(231)) - Attempting to stop container services.
2019-09-27 09:54:30,537 [ForkJoinPool.commonPool-worker-0] INFO  impl.RaftServerProxy (RaftServerProxy.java:lambda$close$4(314)) - 0fee10a5-7d4b-4467-97d3-f999a65962dc: close
2019-09-27 09:54:30,537 [ForkJoinPool.commonPool-worker-0] INFO  impl.RaftServerImpl (RaftServerImpl.java:lambda$shutdown$3(251)) - 0fee10a5-7d4b-4467-97d3-f999a65962dc@group-DD568467DAD7: shutdown
2019-09-27 09:54:30,538 [ForkJoinPool.commonPool-worker-0] INFO  util.JmxRegister (JmxRegister.java:unregister(73)) - Successfully un-registered JMX Bean with object name Ratis:service=RaftServer,group=group-DD568467DAD7,id=0fee10a5-7d4b-4467-97d3-f999a65962dc
2019-09-27 09:54:30,538 [ForkJoinPool.commonPool-worker-0] INFO  impl.RoleInfo (RoleInfo.java:shutdownFollowerState(121)) - 0fee10a5-7d4b-4467-97d3-f999a65962dc: shutdown FollowerState
2019-09-27 09:54:30,538 [ForkJoinPool.commonPool-worker-0] INFO  impl.StateMachineUpdater (StateMachineUpdater.java:stopAndJoin(125)) - 0fee10a5-7d4b-4467-97d3-f999a65962dc@group-DD568467DAD7-StateMachineUpdater: set stopIndex = 0
2019-09-27 09:54:30,538 [Thread-381] INFO  impl.FollowerState (FollowerState.java:run(115)) - 0fee10a5-7d4b-4467-97d3-f999a65962dc: FollowerState was interrupted: java.lang.InterruptedException: sleep interrupted
2019-09-27 09:54:30,539 [ForkJoinPool.commonPool-worker-0] INFO  impl.RaftServerImpl (ServerState.java:close(385)) - 0fee10a5-7d4b-4467-97d3-f999a65962dc@group-DD568467DAD7: closes. applyIndex: 0
2019-09-27 09:54:30,539 [0fee10a5-7d4b-4467-97d3-f999a65962dc@group-DD568467DAD7-SegmentedRaftLogWorker] INFO  segmented.SegmentedRaftLogWorker (SegmentedRaftLogWorker.java:run(313)) - 0fee10a5-7d4b-4467-97d3-f999a65962dc@group-DD568467DAD7-SegmentedRaftLogWorker was interrupted, exiting. There are 0 tasks remaining in the queue.
2019-09-27 09:54:30,540 [ForkJoinPool.commonPool-worker-0] INFO  segmented.SegmentedRaftLogWorker (SegmentedRaftLogWorker.java:close(228)) - 0fee10a5-7d4b-4467-97d3-f999a65962dc@group-DD568467DAD7-SegmentedRaftLogWorker close()
2019-09-27 09:54:30,542 [ForkJoinPool.commonPool-worker-0] INFO  impl.RaftServerImpl (RaftServerImpl.java:lambda$shutdown$3(251)) - 0fee10a5-7d4b-4467-97d3-f999a65962dc@group-553381D37694: shutdown
2019-09-27 09:54:30,542 [ForkJoinPool.commonPool-worker-0] INFO  util.JmxRegister (JmxRegister.java:unregister(73)) - Successfully un-registered JMX Bean with object name Ratis:service=RaftServer,group=group-553381D37694,id=0fee10a5-7d4b-4467-97d3-f999a65962dc
2019-09-27 09:54:30,542 [ForkJoinPool.commonPool-worker-0] INFO  impl.RoleInfo (RoleInfo.java:shutdownLeaderState(104)) - 0fee10a5-7d4b-4467-97d3-f999a65962dc: shutdown LeaderState
2019-09-27 09:54:30,543 [ForkJoinPool.commonPool-worker-0] INFO  impl.PendingRequests (PendingRequests.java:sendNotLeaderResponses(202)) - 0fee10a5-7d4b-4467-97d3-f999a65962dc-PendingRequests: sendNotLeaderResponses
2019-09-27 09:54:30,543 [ForkJoinPool.commonPool-worker-0] INFO  impl.StateMachineUpdater (StateMachineUpdater.java:stopAndJoin(125)) - 0fee10a5-7d4b-4467-97d3-f999a65962dc@group-553381D37694-StateMachineUpdater: set stopIndex = 0
2019-09-27 09:54:30,544 [ForkJoinPool.commonPool-worker-0] INFO  impl.RaftServerImpl (ServerState.java:close(385)) - 0fee10a5-7d4b-4467-97d3-f999a65962dc@group-553381D37694: closes. applyIndex: 0
2019-09-27 09:54:30,544 [0fee10a5-7d4b-4467-97d3-f999a65962dc@group-553381D37694-SegmentedRaftLogWorker] INFO  segmented.SegmentedRaftLogWorker (SegmentedRaftLogWorker.java:run(313)) - 0fee10a5-7d4b-4467-97d3-f999a65962dc@group-553381D37694-SegmentedRaftLogWorker was interrupted, exiting. There are 0 tasks remaining in the queue.
2019-09-27 09:54:30,545 [ForkJoinPool.commonPool-worker-0] INFO  segmented.SegmentedRaftLogWorker (SegmentedRaftLogWorker.java:close(228)) - 0fee10a5-7d4b-4467-97d3-f999a65962dc@group-553381D37694-SegmentedRaftLogWorker close()
2019-09-27 09:54:30,546 [ForkJoinPool.commonPool-worker-0] INFO  server.GrpcService (GrpcService.java:closeImpl(164)) - 0fee10a5-7d4b-4467-97d3-f999a65962dc: shutdown server with port 44259 now
2019-09-27 09:54:30,546 [main] INFO  ozoneimpl.OzoneContainer (OzoneContainer.java:stop(231)) - Attempting to stop container services.
2019-09-27 09:54:30,547 [main] INFO  impl.RaftServerProxy (RaftServerProxy.java:lambda$close$4(314)) - 95d968cf-ca5f-4d0b-bebe-b7dd67fbe12c: close
2019-09-27 09:54:30,549 [main] INFO  impl.RaftServerImpl (RaftServerImpl.java:lambda$shutdown$3(251)) - 95d968cf-ca5f-4d0b-bebe-b7dd67fbe12c@group-752936C1D4EE: shutdown
2019-09-27 09:54:30,549 [grpc-default-executor-1] WARN  server.GrpcServerProtocolService (LogUtils.java:warn(134)) - 0fee10a5-7d4b-4467-97d3-f999a65962dc: installSnapshot onError, lastRequest: 95d968cf-ca5f-4d0b-bebe-b7dd67fbe12c->0fee10a5-7d4b-4467-97d3-f999a65962dc#52-t1, previous=(t:1, i:0), leaderCommit=0, initializing? false, entries: <empty>: org.apache.ratis.thirdparty.io.grpc.StatusRuntimeException: CANCELLED: cancelled before receiving half close
2019-09-27 09:54:30,549 [main] INFO  util.JmxRegister (JmxRegister.java:unregister(73)) - Successfully un-registered JMX Bean with object name Ratis:service=RaftServer,group=group-752936C1D4EE,id=95d968cf-ca5f-4d0b-bebe-b7dd67fbe12c
2019-09-27 09:54:30,549 [grpc-default-executor-5] WARN  server.GrpcLogAppender (LogUtils.java:warn(134)) - 95d968cf-ca5f-4d0b-bebe-b7dd67fbe12c@group-DD568467DAD7->0fee10a5-7d4b-4467-97d3-f999a65962dc-AppendLogResponseHandler: Failed appendEntries: org.apache.ratis.thirdparty.io.grpc.StatusRuntimeException: CANCELLED: HTTP/2 error code: CANCEL
Received Rst Stream
2019-09-27 09:54:30,549 [ForkJoinPool.commonPool-worker-0] INFO  server.GrpcService (GrpcService.java:closeImpl(172)) - 0fee10a5-7d4b-4467-97d3-f999a65962dc: shutdown server with port 44259 successfully
2019-09-27 09:54:30,555 [grpc-default-executor-5] INFO  impl.FollowerInfo (FollowerInfo.java:lambda$new$0(51)) - 95d968cf-ca5f-4d0b-bebe-b7dd67fbe12c@group-DD568467DAD7->0fee10a5-7d4b-4467-97d3-f999a65962dc: nextIndex: updateUnconditionally 1 -> 0
2019-09-27 09:54:30,553 [main] INFO  impl.RoleInfo (RoleInfo.java:shutdownLeaderState(104)) - 95d968cf-ca5f-4d0b-bebe-b7dd67fbe12c: shutdown LeaderState
2019-09-27 09:54:30,557 [main] INFO  impl.PendingRequests (PendingRequests.java:sendNotLeaderResponses(202)) - 95d968cf-ca5f-4d0b-bebe-b7dd67fbe12c-PendingRequests: sendNotLeaderResponses
2019-09-27 09:54:30,558 [main] INFO  impl.StateMachineUpdater (StateMachineUpdater.java:stopAndJoin(125)) - 95d968cf-ca5f-4d0b-bebe-b7dd67fbe12c@group-752936C1D4EE-StateMachineUpdater: set stopIndex = 0
2019-09-27 09:54:30,558 [refreshUsed-/workdir/hadoop-ozone/integration-test/target/test-dir/MiniOzoneClusterImpl-c7877029-e657-495a-8fe1-46207200c0e4/datanode-1/data/containers] WARN  fs.CachingGetSpaceUsed (CachingGetSpaceUsed.java:run(183)) - Thread Interrupted waiting to refresh disk information: sleep interrupted
2019-09-27 09:54:30,559 [main] INFO  impl.RaftServerImpl (ServerState.java:close(385)) - 95d968cf-ca5f-4d0b-bebe-b7dd67fbe12c@group-752936C1D4EE: closes. applyIndex: 0
2019-09-27 09:54:30,560 [95d968cf-ca5f-4d0b-bebe-b7dd67fbe12c@group-752936C1D4EE-SegmentedRaftLogWorker] INFO  segmented.SegmentedRaftLogWorker (SegmentedRaftLogWorker.java:run(313)) - 95d968cf-ca5f-4d0b-bebe-b7dd67fbe12c@group-752936C1D4EE-SegmentedRaftLogWorker was interrupted, exiting. There are 0 tasks remaining in the queue.
2019-09-27 09:54:30,560 [main] INFO  segmented.SegmentedRaftLogWorker (SegmentedRaftLogWorker.java:close(228)) - 95d968cf-ca5f-4d0b-bebe-b7dd67fbe12c@group-752936C1D4EE-SegmentedRaftLogWorker close()
2019-09-27 09:54:30,562 [main] INFO  impl.RaftServerImpl (RaftServerImpl.java:lambda$shutdown$3(251)) - 95d968cf-ca5f-4d0b-bebe-b7dd67fbe12c@group-DD568467DAD7: shutdown
2019-09-27 09:54:30,562 [main] INFO  util.JmxRegister (JmxRegister.java:unregister(73)) - Successfully un-registered JMX Bean with object name Ratis:service=RaftServer,group=group-DD568467DAD7,id=95d968cf-ca5f-4d0b-bebe-b7dd67fbe12c
2019-09-27 09:54:30,563 [main] INFO  impl.RoleInfo (RoleInfo.java:shutdownLeaderState(104)) - 95d968cf-ca5f-4d0b-bebe-b7dd67fbe12c: shutdown LeaderState
2019-09-27 09:54:30,564 [org.apache.ratis.server.impl.LogAppender$AppenderDaemon$$Lambda$377/417088291@3a8fcbc5] WARN  server.GrpcLogAppender (GrpcLogAppender.java:mayWait(143)) - 95d968cf-ca5f-4d0b-bebe-b7dd67fbe12c@group-DD568467DAD7->cc790c40-6d6d-4d2d-8aaa-0c65cfb9cb08-GrpcLogAppender: Wait interrupted by java.lang.InterruptedException
2019-09-27 09:54:30,565 [org.apache.ratis.server.impl.LogAppender$AppenderDaemon$$Lambda$377/417088291@66af9195] WARN  server.GrpcLogAppender (GrpcLogAppender.java:mayWait(143)) - 95d968cf-ca5f-4d0b-bebe-b7dd67fbe12c@group-DD568467DAD7->0fee10a5-7d4b-4467-97d3-f999a65962dc-GrpcLogAppender: Wait interrupted by java.lang.InterruptedException
2019-09-27 09:54:30,565 [main] INFO  impl.PendingRequests (PendingRequests.java:sendNotLeaderResponses(202)) - 95d968cf-ca5f-4d0b-bebe-b7dd67fbe12c-PendingRequests: sendNotLeaderResponses
2019-09-27 09:54:30,568 [main] INFO  impl.StateMachineUpdater (StateMachineUpdater.java:stopAndJoin(125)) - 95d968cf-ca5f-4d0b-bebe-b7dd67fbe12c@group-DD568467DAD7-StateMachineUpdater: set stopIndex = 0
2019-09-27 09:54:30,569 [main] INFO  impl.RaftServerImpl (ServerState.java:close(385)) - 95d968cf-ca5f-4d0b-bebe-b7dd67fbe12c@group-DD568467DAD7: closes. applyIndex: 0
2019-09-27 09:54:30,570 [95d968cf-ca5f-4d0b-bebe-b7dd67fbe12c@group-DD568467DAD7-SegmentedRaftLogWorker] INFO  segmented.SegmentedRaftLogWorker (SegmentedRaftLogWorker.java:run(313)) - 95d968cf-ca5f-4d0b-bebe-b7dd67fbe12c@group-DD568467DAD7-SegmentedRaftLogWorker was interrupted, exiting. There are 0 tasks remaining in the queue.
2019-09-27 09:54:30,570 [main] INFO  segmented.SegmentedRaftLogWorker (SegmentedRaftLogWorker.java:close(228)) - 95d968cf-ca5f-4d0b-bebe-b7dd67fbe12c@group-DD568467DAD7-SegmentedRaftLogWorker close()
2019-09-27 09:54:30,572 [main] INFO  server.GrpcService (GrpcService.java:closeImpl(164)) - 95d968cf-ca5f-4d0b-bebe-b7dd67fbe12c: shutdown server with port 42662 now
2019-09-27 09:54:30,573 [main] INFO  server.GrpcService (GrpcService.java:closeImpl(172)) - 95d968cf-ca5f-4d0b-bebe-b7dd67fbe12c: shutdown server with port 42662 successfully
2019-09-27 09:54:30,580 [refreshUsed-/workdir/hadoop-ozone/integration-test/target/test-dir/MiniOzoneClusterImpl-c7877029-e657-495a-8fe1-46207200c0e4/datanode-7/data/containers] WARN  fs.CachingGetSpaceUsed (CachingGetSpaceUsed.java:run(183)) - Thread Interrupted waiting to refresh disk information: sleep interrupted
2019-09-27 09:54:30,587 [ForkJoinPool.commonPool-worker-0] INFO  utils.BackgroundService (BackgroundService.java:shutdown(148)) - Shutting down service BlockDeletingService
2019-09-27 09:54:30,590 [ForkJoinPool.commonPool-worker-0] INFO  statemachine.DatanodeStateMachine (DatanodeStateMachine.java:stopDaemon(395)) - Ozone container server stopped.
2019-09-27 09:54:30,599 [main] INFO  utils.BackgroundService (BackgroundService.java:shutdown(148)) - Shutting down service BlockDeletingService
2019-09-27 09:54:30,602 [main] INFO  statemachine.DatanodeStateMachine (DatanodeStateMachine.java:stopDaemon(395)) - Ozone container server stopped.
2019-09-27 09:54:30,604 [ForkJoinPool.commonPool-worker-0] INFO  handler.ContextHandler (ContextHandler.java:doStop(910)) - Stopped o.e.j.w.WebAppContext@62dbe64e{/,null,UNAVAILABLE}{/hddsDatanode}
2019-09-27 09:54:30,604 [main] INFO  handler.ContextHandler (ContextHandler.java:doStop(910)) - Stopped o.e.j.w.WebAppContext@3078cac{/,null,UNAVAILABLE}{/hddsDatanode}
2019-09-27 09:54:30,604 [ForkJoinPool.commonPool-worker-0] INFO  server.AbstractConnector (AbstractConnector.java:doStop(318)) - Stopped ServerConnector@6cff61fc{HTTP/1.1,[http/1.1]}{0.0.0.0:0}
2019-09-27 09:54:30,606 [ForkJoinPool.commonPool-worker-0] INFO  handler.ContextHandler (ContextHandler.java:doStop(910)) - Stopped o.e.j.s.ServletContextHandler@4f0f7849{/static,jar:file:/home/user/.m2/repository/org/apache/hadoop/hadoop-hdds-container-service/0.5.0-SNAPSHOT/hadoop-hdds-container-service-0.5.0-SNAPSHOT.jar!/webapps/static,UNAVAILABLE}
2019-09-27 09:54:30,606 [main] INFO  server.AbstractConnector (AbstractConnector.java:doStop(318)) - Stopped ServerConnector@f6de586{HTTP/1.1,[http/1.1]}{0.0.0.0:0}
2019-09-27 09:54:30,607 [ForkJoinPool.commonPool-worker-0] INFO  handler.ContextHandler (ContextHandler.java:doStop(910)) - Stopped o.e.j.s.ServletContextHandler@3ed7821{/logs,file:///workdir/hadoop-ozone/integration-test/target/log,UNAVAILABLE}
2019-09-27 09:54:30,607 [main] INFO  handler.ContextHandler (ContextHandler.java:doStop(910)) - Stopped o.e.j.s.ServletContextHandler@46aa712c{/static,jar:file:/home/user/.m2/repository/org/apache/hadoop/hadoop-hdds-container-service/0.5.0-SNAPSHOT/hadoop-hdds-container-service-0.5.0-SNAPSHOT.jar!/webapps/static,UNAVAILABLE}
2019-09-27 09:54:30,607 [main] INFO  handler.ContextHandler (ContextHandler.java:doStop(910)) - Stopped o.e.j.s.ServletContextHandler@2a869a16{/logs,file:///workdir/hadoop-ozone/integration-test/target/log,UNAVAILABLE}
2019-09-27 09:54:30,609 [main] INFO  ozone.MiniOzoneClusterImpl (MiniOzoneClusterImpl.java:stopSCM(392)) - Stopping the StorageContainerManager
2019-09-27 09:54:30,609 [main] INFO  server.StorageContainerManager (StorageContainerManager.java:stop(808)) - Stopping Replication Manager Service.
2019-09-27 09:54:30,609 [main] INFO  container.ReplicationManager (ReplicationManager.java:stop(203)) - Stopping Replication Monitor Thread.
2019-09-27 09:54:30,609 [main] INFO  server.StorageContainerManager (StorageContainerManager.java:stop(815)) - Stopping Lease Manager of the command watchers
2019-09-27 09:54:30,610 [main] INFO  server.StorageContainerManager (StorageContainerManager.java:stop(822)) - Stopping datanode service RPC server
2019-09-27 09:54:30,610 [main] INFO  server.SCMDatanodeProtocolServer (SCMDatanodeProtocolServer.java:stop(367)) - Stopping the RPC server for DataNodes
2019-09-27 09:54:30,610 [main] INFO  ipc.Server (Server.java:stop(3082)) - Stopping server on 44735
2019-09-27 09:54:30,612 [IPC Server listener on 44735] INFO  ipc.Server (Server.java:run(1185)) - Stopping IPC Server listener on 44735
2019-09-27 09:54:30,612 [IPC Server Responder] INFO  ipc.Server (Server.java:run(1319)) - Stopping IPC Server Responder
2019-09-27 09:54:30,625 [SCM Heartbeat Processing Thread - 0] WARN  node.NodeStateManager (NodeStateManager.java:scheduleNextHealthCheck(646)) - Current Thread is interrupted, shutting down HB processing thread for Node Manager.
2019-09-27 09:54:30,626 [main] INFO  server.StorageContainerManager (StorageContainerManager.java:stop(830)) - Stopping block service RPC server
2019-09-27 09:54:30,626 [main] INFO  server.SCMBlockProtocolServer (SCMBlockProtocolServer.java:stop(155)) - Stopping the RPC server for Block Protocol
2019-09-27 09:54:30,626 [main] INFO  ipc.Server (Server.java:stop(3082)) - Stopping server on 40024
2019-09-27 09:54:30,628 [IPC Server listener on 40024] INFO  ipc.Server (Server.java:run(1185)) - Stopping IPC Server listener on 40024
2019-09-27 09:54:30,628 [main] INFO  server.StorageContainerManager (StorageContainerManager.java:stop(837)) - Stopping the StorageContainerLocationProtocol RPC server
2019-09-27 09:54:30,628 [main] INFO  server.SCMClientProtocolServer (SCMClientProtocolServer.java:stop(159)) - Stopping the RPC server for Client Protocol
2019-09-27 09:54:30,628 [main] INFO  ipc.Server (Server.java:stop(3082)) - Stopping server on 45594
2019-09-27 09:54:30,628 [IPC Server Responder] INFO  ipc.Server (Server.java:run(1319)) - Stopping IPC Server Responder
2019-09-27 09:54:30,631 [IPC Server listener on 45594] INFO  ipc.Server (Server.java:run(1185)) - Stopping IPC Server listener on 45594
2019-09-27 09:54:30,631 [main] INFO  server.StorageContainerManager (StorageContainerManager.java:stop(844)) - Stopping Storage Container Manager HTTP server.
2019-09-27 09:54:30,631 [IPC Server Responder] INFO  ipc.Server (Server.java:run(1319)) - Stopping IPC Server Responder
2019-09-27 09:54:30,632 [main] INFO  handler.ContextHandler (ContextHandler.java:doStop(910)) - Stopped o.e.j.w.WebAppContext@59a67c3a{/,null,UNAVAILABLE}{/scm}
2019-09-27 09:54:30,632 [main] INFO  server.AbstractConnector (AbstractConnector.java:doStop(318)) - Stopped ServerConnector@3d6300e8{HTTP/1.1,[http/1.1]}{0.0.0.0:0}
2019-09-27 09:54:30,633 [main] INFO  handler.ContextHandler (ContextHandler.java:doStop(910)) - Stopped o.e.j.s.ServletContextHandler@8692d67{/static,file:///workdir/hadoop-ozone/integration-test/target/test-classes/webapps/static,UNAVAILABLE}
2019-09-27 09:54:30,633 [main] INFO  handler.ContextHandler (ContextHandler.java:doStop(910)) - Stopped o.e.j.s.ServletContextHandler@56303b57{/logs,file:///workdir/hadoop-ozone/integration-test/target/log,UNAVAILABLE}
2019-09-27 09:54:30,634 [main] INFO  server.StorageContainerManager (StorageContainerManager.java:stop(855)) - Stopping Block Manager Service.
2019-09-27 09:54:30,634 [main] INFO  utils.BackgroundService (BackgroundService.java:shutdown(148)) - Shutting down service SCMBlockDeletingService
2019-09-27 09:54:30,634 [main] INFO  utils.BackgroundService (BackgroundService.java:shutdown(148)) - Shutting down service SCMBlockDeletingService
2019-09-27 09:54:30,635 [main] INFO  server.StorageContainerManager (StorageContainerManager.java:stop(877)) - Stopping SCM Event Queue.
2019-09-27 09:54:30,641 [main] INFO  impl.MetricsSystemImpl (MetricsSystemImpl.java:stop(210)) - Stopping ratis metrics system...
2019-09-27 09:54:30,653 [prometheus] INFO  impl.MetricsSinkAdapter (MetricsSinkAdapter.java:publishMetricsFromQueue(141)) - prometheus thread interrupted.
2019-09-27 09:54:30,653 [main] INFO  impl.MetricsSystemImpl (MetricsSystemImpl.java:stop(216)) - ratis metrics system stopped.
]]></system-out>
    <system-err><![CDATA[ERROR StatusLogger No Log4j 2 configuration file found. Using default configuration (logging only errors to the console), or user programmatically provided configurations. Set system property 'log4j2.debug' to show Log4j 2 internal initialization logging. See https://logging.apache.org/log4j/2.x/manual/configuration.html for instructions on how to configure Log4j 2
Sep 27, 2019 9:54:20 AM org.apache.ratis.thirdparty.io.grpc.internal.SerializingExecutor run
SEVERE: Exception while executing runnable org.apache.ratis.thirdparty.io.grpc.internal.ServerImpl$JumpToApplicationThreadServerStreamListener$1Closed@7003693a
org.apache.ratis.thirdparty.io.grpc.StatusRuntimeException: CANCELLED: call already cancelled
	at org.apache.ratis.thirdparty.io.grpc.Status.asRuntimeException(Status.java:517)
	at org.apache.ratis.thirdparty.io.grpc.stub.ServerCalls$ServerCallStreamObserverImpl.onCompleted(ServerCalls.java:356)
	at org.apache.ratis.grpc.server.GrpcServerProtocolService$ServerRequestStreamObserver.onError(GrpcServerProtocolService.java:121)
	at org.apache.ratis.thirdparty.io.grpc.stub.ServerCalls$StreamingServerCallHandler$StreamingServerCallListener.onCancel(ServerCalls.java:269)
	at org.apache.ratis.thirdparty.io.grpc.internal.ServerCallImpl$ServerStreamListenerImpl.closed(ServerCallImpl.java:293)
	at org.apache.ratis.thirdparty.io.grpc.internal.ServerImpl$JumpToApplicationThreadServerStreamListener$1Closed.runInContext(ServerImpl.java:741)
	at org.apache.ratis.thirdparty.io.grpc.internal.ContextRunnable.run(ContextRunnable.java:37)
	at org.apache.ratis.thirdparty.io.grpc.internal.SerializingExecutor.run(SerializingExecutor.java:123)
	at java.util.concurrent.ThreadPoolExecutor.runWorker(ThreadPoolExecutor.java:1149)
	at java.util.concurrent.ThreadPoolExecutor$Worker.run(ThreadPoolExecutor.java:624)
	at java.lang.Thread.run(Thread.java:748)

Sep 27, 2019 9:54:30 AM org.apache.ratis.thirdparty.io.grpc.internal.SerializingExecutor run
SEVERE: Exception while executing runnable org.apache.ratis.thirdparty.io.grpc.internal.ServerImpl$JumpToApplicationThreadServerStreamListener$1Closed@63768c5c
org.apache.ratis.thirdparty.io.grpc.StatusRuntimeException: CANCELLED: call already cancelled
	at org.apache.ratis.thirdparty.io.grpc.Status.asRuntimeException(Status.java:517)
	at org.apache.ratis.thirdparty.io.grpc.stub.ServerCalls$ServerCallStreamObserverImpl.onCompleted(ServerCalls.java:356)
	at org.apache.ratis.grpc.server.GrpcServerProtocolService$ServerRequestStreamObserver.onError(GrpcServerProtocolService.java:121)
	at org.apache.ratis.thirdparty.io.grpc.stub.ServerCalls$StreamingServerCallHandler$StreamingServerCallListener.onCancel(ServerCalls.java:269)
	at org.apache.ratis.thirdparty.io.grpc.internal.ServerCallImpl$ServerStreamListenerImpl.closed(ServerCallImpl.java:293)
	at org.apache.ratis.thirdparty.io.grpc.internal.ServerImpl$JumpToApplicationThreadServerStreamListener$1Closed.runInContext(ServerImpl.java:741)
	at org.apache.ratis.thirdparty.io.grpc.internal.ContextRunnable.run(ContextRunnable.java:37)
	at org.apache.ratis.thirdparty.io.grpc.internal.SerializingExecutor.run(SerializingExecutor.java:123)
	at java.util.concurrent.ThreadPoolExecutor.runWorker(ThreadPoolExecutor.java:1149)
	at java.util.concurrent.ThreadPoolExecutor$Worker.run(ThreadPoolExecutor.java:624)
	at java.lang.Thread.run(Thread.java:748)

]]></system-err>
  </testcase>
</testsuite>