<?xml version="1.0" encoding="UTF-8"?>
<testsuite xmlns:xsi="http://www.w3.org/2001/XMLSchema-instance" xsi:noNamespaceSchemaLocation="https://maven.apache.org/surefire/maven-surefire-plugin/xsd/surefire-test-report.xsd" name="org.apache.hadoop.ozone.client.rpc.TestSecureOzoneRpcClient" time="146.297" tests="1" errors="1" skipped="0" failures="0">
  <properties>
    <property name="awt.toolkit" value="sun.awt.X11.XToolkit"/>
    <property name="file.encoding.pkg" value="sun.io"/>
    <property name="java.specification.version" value="1.8"/>
    <property name="sun.cpu.isalist" value=""/>
    <property name="sun.jnu.encoding" value="UTF-8"/>
    <property name="java.class.path" value="/workdir/hadoop-ozone/integration-test/target/test-classes:/workdir/hadoop-ozone/integration-test/target/classes:/home/user/.m2/repository/org/apache/hadoop/hadoop-ozone-common/0.5.0-SNAPSHOT/hadoop-ozone-common-0.5.0-SNAPSHOT.jar:/home/user/.m2/repository/org/apache/commons/commons-compress/1.4.1/commons-compress-1.4.1.jar:/home/user/.m2/repository/org/tukaani/xz/1.0/xz-1.0.jar:/home/user/.m2/repository/org/apache/hadoop/hadoop-common/3.2.0/hadoop-common-3.2.0.jar:/home/user/.m2/repository/org/apache/hadoop/hadoop-hdfs/3.2.0/hadoop-hdfs-3.2.0.jar:/home/user/.m2/repository/org/apache/hadoop/hadoop-hdfs-client/3.2.0/hadoop-hdfs-client-3.2.0.jar:/home/user/.m2/repository/com/fasterxml/jackson/core/jackson-annotations/2.9.9/jackson-annotations-2.9.9.jar:/home/user/.m2/repository/org/apache/hadoop/hadoop-hdds-common/0.5.0-SNAPSHOT/hadoop-hdds-common-0.5.0-SNAPSHOT.jar:/home/user/.m2/repository/javax/annotation/javax.annotation-api/1.2/javax.annotation-api-1.2.jar:/home/user/.m2/repository/org/apache/ratis/ratis-server/0.4.0/ratis-server-0.4.0.jar:/home/user/.m2/repository/org/apache/ratis/ratis-thirdparty-misc/0.2.0/ratis-thirdparty-misc-0.2.0.jar:/home/user/.m2/repository/org/apache/ratis/ratis-proto/0.4.0/ratis-proto-0.4.0.jar:/home/user/.m2/repository/org/apache/ratis/ratis-common/0.4.0/ratis-common-0.4.0.jar:/home/user/.m2/repository/org/apache/ratis/ratis-client/0.4.0/ratis-client-0.4.0.jar:/home/user/.m2/repository/org/apache/ratis/ratis-metrics/0.4.0/ratis-metrics-0.4.0.jar:/home/user/.m2/repository/com/github/joshelser/dropwizard-metrics-hadoop-metrics2-reporter/0.1.2/dropwizard-metrics-hadoop-metrics2-reporter-0.1.2.jar:/home/user/.m2/repository/io/dropwizard/metrics/metrics-jvm/3.2.5/metrics-jvm-3.2.5.jar:/home/user/.m2/repository/io/dropwizard/metrics/metrics-ganglia/3.2.5/metrics-ganglia-3.2.5.jar:/home/user/.m2/repository/info/ganglia/gmetric4j/gmetric4j/1.0.7/gmetric4j-1.0.7.jar:/home/user/.m2/repository/org/apache/ratis/ratis-netty/0.4.0/ratis-netty-0.4.0.jar:/home/user/.m2/repository/org/apache/ratis/ratis-grpc/0.4.0/ratis-grpc-0.4.0.jar:/home/user/.m2/repository/org/rocksdb/rocksdbjni/6.0.1/rocksdbjni-6.0.1.jar:/home/user/.m2/repository/org/apache/logging/log4j/log4j-api/2.11.0/log4j-api-2.11.0.jar:/home/user/.m2/repository/org/apache/logging/log4j/log4j-core/2.11.0/log4j-core-2.11.0.jar:/home/user/.m2/repository/com/lmax/disruptor/3.4.2/disruptor-3.4.2.jar:/home/user/.m2/repository/org/apache/commons/commons-pool2/2.6.0/commons-pool2-2.6.0.jar:/home/user/.m2/repository/org/bouncycastle/bcpkix-jdk15on/1.60/bcpkix-jdk15on-1.60.jar:/home/user/.m2/repository/commons-validator/commons-validator/1.6/commons-validator-1.6.jar:/home/user/.m2/repository/commons-digester/commons-digester/1.8.1/commons-digester-1.8.1.jar:/home/user/.m2/repository/io/jaegertracing/jaeger-client/0.34.0/jaeger-client-0.34.0.jar:/home/user/.m2/repository/io/jaegertracing/jaeger-thrift/0.34.0/jaeger-thrift-0.34.0.jar:/home/user/.m2/repository/org/apache/thrift/libthrift/0.12.0/libthrift-0.12.0.jar:/home/user/.m2/repository/com/squareup/okhttp3/okhttp/3.9.0/okhttp-3.9.0.jar:/home/user/.m2/repository/com/squareup/okio/okio/1.13.0/okio-1.13.0.jar:/home/user/.m2/repository/io/jaegertracing/jaeger-core/0.34.0/jaeger-core-0.34.0.jar:/home/user/.m2/repository/io/jaegertracing/jaeger-tracerresolver/0.34.0/jaeger-tracerresolver-0.34.0.jar:/home/user/.m2/repository/io/opentracing/contrib/opentracing-tracerresolver/0.1.5/opentracing-tracerresolver-0.1.5.jar:/home/user/.m2/repository/io/opentracing/opentracing-util/0.31.0/opentracing-util-0.31.0.jar:/home/user/.m2/repository/io/opentracing/opentracing-api/0.31.0/opentracing-api-0.31.0.jar:/home/user/.m2/repository/io/opentracing/opentracing-noop/0.31.0/opentracing-noop-0.31.0.jar:/home/user/.m2/repository/org/apache/hadoop/hadoop-hdds-server-framework/0.5.0-SNAPSHOT/hadoop-hdds-server-framework-0.5.0-SNAPSHOT.jar:/home/user/.m2/repository/org/apache/hadoop/hadoop-hdds-container-service/0.5.0-SNAPSHOT/hadoop-hdds-container-service-0.5.0-SNAPSHOT.jar:/home/user/.m2/repository/org/apache/hadoop/hadoop-hdds-client/0.5.0-SNAPSHOT/hadoop-hdds-client-0.5.0-SNAPSHOT.jar:/home/user/.m2/repository/org/apache/hadoop/hadoop-hdds-tools/0.5.0-SNAPSHOT/hadoop-hdds-tools-0.5.0-SNAPSHOT.jar:/home/user/.m2/repository/org/apache/hadoop/hadoop-hdds-server-scm/0.5.0-SNAPSHOT/hadoop-hdds-server-scm-0.5.0-SNAPSHOT.jar:/home/user/.m2/repository/org/apache/hadoop/hadoop-hdds-docs/0.5.0-SNAPSHOT/hadoop-hdds-docs-0.5.0-SNAPSHOT.jar:/home/user/.m2/repository/io/dropwizard/metrics/metrics-core/3.2.4/metrics-core-3.2.4.jar:/home/user/.m2/repository/org/hamcrest/hamcrest-all/1.3/hamcrest-all-1.3.jar:/home/user/.m2/repository/org/bouncycastle/bcprov-jdk15on/1.60/bcprov-jdk15on-1.60.jar:/home/user/.m2/repository/info/picocli/picocli/3.9.6/picocli-3.9.6.jar:/home/user/.m2/repository/com/google/protobuf/protobuf-java/2.5.0/protobuf-java-2.5.0.jar:/home/user/.m2/repository/com/google/guava/guava/11.0.2/guava-11.0.2.jar:/home/user/.m2/repository/org/apache/hadoop/hadoop-ozone-ozone-manager/0.5.0-SNAPSHOT/hadoop-ozone-ozone-manager-0.5.0-SNAPSHOT.jar:/home/user/.m2/repository/org/apache/hadoop/hadoop-minikdc/3.2.0/hadoop-minikdc-3.2.0.jar:/home/user/.m2/repository/commons-io/commons-io/2.5/commons-io-2.5.jar:/home/user/.m2/repository/org/apache/kerby/kerb-simplekdc/1.0.1/kerb-simplekdc-1.0.1.jar:/home/user/.m2/repository/org/apache/kerby/kerb-client/1.0.1/kerb-client-1.0.1.jar:/home/user/.m2/repository/org/apache/kerby/kerby-config/1.0.1/kerby-config-1.0.1.jar:/home/user/.m2/repository/org/apache/kerby/kerb-core/1.0.1/kerb-core-1.0.1.jar:/home/user/.m2/repository/org/apache/kerby/kerby-pkix/1.0.1/kerby-pkix-1.0.1.jar:/home/user/.m2/repository/org/apache/kerby/kerby-asn1/1.0.1/kerby-asn1-1.0.1.jar:/home/user/.m2/repository/org/apache/kerby/kerby-util/1.0.1/kerby-util-1.0.1.jar:/home/user/.m2/repository/org/apache/kerby/kerb-common/1.0.1/kerb-common-1.0.1.jar:/home/user/.m2/repository/org/apache/kerby/kerb-crypto/1.0.1/kerb-crypto-1.0.1.jar:/home/user/.m2/repository/org/apache/kerby/kerb-util/1.0.1/kerb-util-1.0.1.jar:/home/user/.m2/repository/org/apache/kerby/token-provider/1.0.1/token-provider-1.0.1.jar:/home/user/.m2/repository/org/apache/kerby/kerb-admin/1.0.1/kerb-admin-1.0.1.jar:/home/user/.m2/repository/org/apache/kerby/kerb-server/1.0.1/kerb-server-1.0.1.jar:/home/user/.m2/repository/org/apache/kerby/kerb-identity/1.0.1/kerb-identity-1.0.1.jar:/home/user/.m2/repository/org/apache/kerby/kerby-xdr/1.0.1/kerby-xdr-1.0.1.jar:/home/user/.m2/repository/org/slf4j/slf4j-log4j12/1.7.25/slf4j-log4j12-1.7.25.jar:/home/user/.m2/repository/org/apache/hadoop/hadoop-ozone-s3gateway/0.5.0-SNAPSHOT/hadoop-ozone-s3gateway-0.5.0-SNAPSHOT.jar:/home/user/.m2/repository/org/jboss/weld/servlet/weld-servlet/2.4.7.Final/weld-servlet-2.4.7.Final.jar:/home/user/.m2/repository/org/glassfish/jersey/containers/jersey-container-servlet-core/2.27/jersey-container-servlet-core-2.27.jar:/home/user/.m2/repository/org/glassfish/hk2/external/javax.inject/2.5.0-b42/javax.inject-2.5.0-b42.jar:/home/user/.m2/repository/org/glassfish/jersey/core/jersey-common/2.27/jersey-common-2.27.jar:/home/user/.m2/repository/org/glassfish/hk2/osgi-resource-locator/1.0.1/osgi-resource-locator-1.0.1.jar:/home/user/.m2/repository/javax/ws/rs/javax.ws.rs-api/2.1/javax.ws.rs-api-2.1.jar:/home/user/.m2/repository/org/glassfish/jersey/ext/cdi/jersey-cdi1x/2.27/jersey-cdi1x-2.27.jar:/home/user/.m2/repository/org/glassfish/jersey/inject/jersey-hk2/2.27/jersey-hk2-2.27.jar:/home/user/.m2/repository/org/glassfish/hk2/hk2-locator/2.5.0-b42/hk2-locator-2.5.0-b42.jar:/home/user/.m2/repository/org/javassist/javassist/3.22.0-CR2/javassist-3.22.0-CR2.jar:/home/user/.m2/repository/org/glassfish/hk2/hk2-api/2.5.0/hk2-api-2.5.0.jar:/home/user/.m2/repository/org/glassfish/hk2/external/jakarta.inject/2.5.0/jakarta.inject-2.5.0.jar:/home/user/.m2/repository/org/glassfish/hk2/hk2-utils/2.5.0/hk2-utils-2.5.0.jar:/home/user/.m2/repository/jakarta/annotation/jakarta.annotation-api/1.3.4/jakarta.annotation-api-1.3.4.jar:/home/user/.m2/repository/org/glassfish/hk2/external/aopalliance-repackaged/2.5.0/aopalliance-repackaged-2.5.0.jar:/home/user/.m2/repository/com/fasterxml/jackson/dataformat/jackson-dataformat-xml/2.9.0/jackson-dataformat-xml-2.9.0.jar:/home/user/.m2/repository/com/fasterxml/jackson/core/jackson-core/2.9.9/jackson-core-2.9.9.jar:/home/user/.m2/repository/com/fasterxml/jackson/module/jackson-module-jaxb-annotations/2.9.9/jackson-module-jaxb-annotations-2.9.9.jar:/home/user/.m2/repository/javax/enterprise/cdi-api/1.2/cdi-api-1.2.jar:/home/user/.m2/repository/javax/el/javax.el-api/3.0.0/javax.el-api-3.0.0.jar:/home/user/.m2/repository/javax/interceptor/javax.interceptor-api/1.2/javax.interceptor-api-1.2.jar:/home/user/.m2/repository/javax/inject/javax.inject/1/javax.inject-1.jar:/home/user/.m2/repository/com/sun/xml/bind/jaxb-impl/2.3.0.1/jaxb-impl-2.3.0.1.jar:/home/user/.m2/repository/com/sun/xml/bind/jaxb-core/2.3.0.1/jaxb-core-2.3.0.1.jar:/home/user/.m2/repository/javax/xml/bind/jaxb-api/2.3.0/jaxb-api-2.3.0.jar:/home/user/.m2/repository/javax/activation/activation/1.1.1/activation-1.1.1.jar:/home/user/.m2/repository/org/apache/hadoop/hadoop-ozone-csi/0.5.0-SNAPSHOT/hadoop-ozone-csi-0.5.0-SNAPSHOT.jar:/home/user/.m2/repository/com/google/protobuf/protobuf-java-util/3.5.1/protobuf-java-util-3.5.1.jar:/home/user/.m2/repository/org/apache/hadoop/hadoop-hdds-config/0.5.0-SNAPSHOT/hadoop-hdds-config-0.5.0-SNAPSHOT.jar:/home/user/.m2/repository/io/grpc/grpc-netty/1.17.1/grpc-netty-1.17.1.jar:/home/user/.m2/repository/io/grpc/grpc-core/1.17.1/grpc-core-1.17.1.jar:/home/user/.m2/repository/io/grpc/grpc-context/1.17.1/grpc-context-1.17.1.jar:/home/user/.m2/repository/com/google/errorprone/error_prone_annotations/2.2.0/error_prone_annotations-2.2.0.jar:/home/user/.m2/repository/org/codehaus/mojo/animal-sniffer-annotations/1.17/animal-sniffer-annotations-1.17.jar:/home/user/.m2/repository/io/opencensus/opencensus-api/0.17.0/opencensus-api-0.17.0.jar:/home/user/.m2/repository/io/opencensus/opencensus-contrib-grpc-metrics/0.17.0/opencensus-contrib-grpc-metrics-0.17.0.jar:/home/user/.m2/repository/io/netty/netty-codec-http2/4.1.30.Final/netty-codec-http2-4.1.30.Final.jar:/home/user/.m2/repository/io/netty/netty-codec-http/4.1.30.Final/netty-codec-http-4.1.30.Final.jar:/home/user/.m2/repository/io/netty/netty-codec/4.1.30.Final/netty-codec-4.1.30.Final.jar:/home/user/.m2/repository/io/netty/netty-handler/4.1.30.Final/netty-handler-4.1.30.Final.jar:/home/user/.m2/repository/io/netty/netty-handler-proxy/4.1.30.Final/netty-handler-proxy-4.1.30.Final.jar:/home/user/.m2/repository/io/netty/netty-codec-socks/4.1.30.Final/netty-codec-socks-4.1.30.Final.jar:/home/user/.m2/repository/io/netty/netty-transport-native-epoll/4.1.30.Final/netty-transport-native-epoll-4.1.30.Final.jar:/home/user/.m2/repository/io/netty/netty-common/4.1.30.Final/netty-common-4.1.30.Final.jar:/home/user/.m2/repository/io/netty/netty-buffer/4.1.30.Final/netty-buffer-4.1.30.Final.jar:/home/user/.m2/repository/io/netty/netty-transport/4.1.30.Final/netty-transport-4.1.30.Final.jar:/home/user/.m2/repository/io/netty/netty-resolver/4.1.30.Final/netty-resolver-4.1.30.Final.jar:/home/user/.m2/repository/io/netty/netty-transport-native-unix-common/4.1.30.Final/netty-transport-native-unix-common-4.1.30.Final.jar:/home/user/.m2/repository/io/grpc/grpc-protobuf/1.17.1/grpc-protobuf-1.17.1.jar:/home/user/.m2/repository/com/google/api/grpc/proto-google-common-protos/1.0.0/proto-google-common-protos-1.0.0.jar:/home/user/.m2/repository/io/grpc/grpc-protobuf-lite/1.17.1/grpc-protobuf-lite-1.17.1.jar:/home/user/.m2/repository/io/grpc/grpc-stub/1.17.1/grpc-stub-1.17.1.jar:/home/user/.m2/repository/org/apache/hadoop/hadoop-ozone-recon/0.5.0-SNAPSHOT/hadoop-ozone-recon-0.5.0-SNAPSHOT.jar:/home/user/.m2/repository/org/apache/hadoop/hadoop-ozone-reconcodegen/0.5.0-SNAPSHOT/hadoop-ozone-reconcodegen-0.5.0-SNAPSHOT.jar:/home/user/.m2/repository/com/google/inject/extensions/guice-multibindings/4.0/guice-multibindings-4.0.jar:/home/user/.m2/repository/com/google/inject/guice/4.0/guice-4.0.jar:/home/user/.m2/repository/aopalliance/aopalliance/1.0/aopalliance-1.0.jar:/home/user/.m2/repository/com/google/inject/extensions/guice-servlet/4.0/guice-servlet-4.0.jar:/home/user/.m2/repository/org/glassfish/jersey/containers/jersey-container-servlet/2.27/jersey-container-servlet-2.27.jar:/home/user/.m2/repository/org/glassfish/hk2/guice-bridge/2.5.0/guice-bridge-2.5.0.jar:/home/user/.m2/repository/org/glassfish/jersey/core/jersey-server/2.27/jersey-server-2.27.jar:/home/user/.m2/repository/org/glassfish/jersey/core/jersey-client/2.27/jersey-client-2.27.jar:/home/user/.m2/repository/org/glassfish/jersey/media/jersey-media-jaxb/2.27/jersey-media-jaxb-2.27.jar:/home/user/.m2/repository/javax/validation/validation-api/1.1.0.Final/validation-api-1.1.0.Final.jar:/home/user/.m2/repository/org/glassfish/jersey/media/jersey-media-json-jackson/2.27/jersey-media-json-jackson-2.27.jar:/home/user/.m2/repository/org/glassfish/jersey/ext/jersey-entity-filtering/2.27/jersey-entity-filtering-2.27.jar:/home/user/.m2/repository/com/google/inject/extensions/guice-assistedinject/4.0/guice-assistedinject-4.0.jar:/home/user/.m2/repository/org/jooq/jooq/3.11.10/jooq-3.11.10.jar:/home/user/.m2/repository/org/jooq/jooq-meta/3.11.10/jooq-meta-3.11.10.jar:/home/user/.m2/repository/org/jooq/jooq-codegen/3.11.10/jooq-codegen-3.11.10.jar:/home/user/.m2/repository/com/jolbox/bonecp/0.8.0.RELEASE/bonecp-0.8.0.RELEASE.jar:/home/user/.m2/repository/org/xerial/sqlite-jdbc/3.25.2/sqlite-jdbc-3.25.2.jar:/home/user/.m2/repository/org/springframework/spring-jdbc/5.1.3.RELEASE/spring-jdbc-5.1.3.RELEASE.jar:/home/user/.m2/repository/org/springframework/spring-beans/5.1.3.RELEASE/spring-beans-5.1.3.RELEASE.jar:/home/user/.m2/repository/org/springframework/spring-core/5.1.3.RELEASE/spring-core-5.1.3.RELEASE.jar:/home/user/.m2/repository/org/springframework/spring-jcl/5.1.3.RELEASE/spring-jcl-5.1.3.RELEASE.jar:/home/user/.m2/repository/org/springframework/spring-tx/5.1.3.RELEASE/spring-tx-5.1.3.RELEASE.jar:/home/user/.m2/repository/org/apache/hadoop/hadoop-ozone-client/0.5.0-SNAPSHOT/hadoop-ozone-client-0.5.0-SNAPSHOT.jar:/home/user/.m2/repository/commons-lang/commons-lang/2.6/commons-lang-2.6.jar:/home/user/.m2/repository/org/apache/hadoop/hadoop-ozone-ozone-manager/0.5.0-SNAPSHOT/hadoop-ozone-ozone-manager-0.5.0-SNAPSHOT-tests.jar:/home/user/.m2/repository/junit/junit/4.11/junit-4.11.jar:/home/user/.m2/repository/org/hamcrest/hamcrest-core/1.3/hamcrest-core-1.3.jar:/home/user/.m2/repository/org/openjdk/jmh/jmh-core/1.19/jmh-core-1.19.jar:/home/user/.m2/repository/net/sf/jopt-simple/jopt-simple/4.6/jopt-simple-4.6.jar:/home/user/.m2/repository/org/apache/commons/commons-math3/3.1.1/commons-math3-3.1.1.jar:/home/user/.m2/repository/org/openjdk/jmh/jmh-generator-annprocess/1.19/jmh-generator-annprocess-1.19.jar:/home/user/.m2/repository/org/mockito/mockito-all/1.8.5/mockito-all-1.8.5.jar:/home/user/.m2/repository/org/apache/hadoop/hadoop-kms/3.2.0/hadoop-kms-3.2.0.jar:/home/user/.m2/repository/org/apache/hadoop/hadoop-auth/3.2.0/hadoop-auth-3.2.0.jar:/home/user/.m2/repository/com/nimbusds/nimbus-jose-jwt/4.41.1/nimbus-jose-jwt-4.41.1.jar:/home/user/.m2/repository/com/github/stephenc/jcip/jcip-annotations/1.0-1/jcip-annotations-1.0-1.jar:/home/user/.m2/repository/net/minidev/json-smart/2.3/json-smart-2.3.jar:/home/user/.m2/repository/net/minidev/accessors-smart/1.2/accessors-smart-1.2.jar:/home/user/.m2/repository/org/ow2/asm/asm/5.0.4/asm-5.0.4.jar:/home/user/.m2/repository/org/apache/curator/curator-framework/2.12.0/curator-framework-2.12.0.jar:/home/user/.m2/repository/com/sun/jersey/jersey-core/1.19/jersey-core-1.19.jar:/home/user/.m2/repository/javax/ws/rs/jsr311-api/1.1.1/jsr311-api-1.1.1.jar:/home/user/.m2/repository/com/sun/jersey/jersey-server/1.19/jersey-server-1.19.jar:/home/user/.m2/repository/javax/servlet/javax.servlet-api/3.1.0/javax.servlet-api-3.1.0.jar:/home/user/.m2/repository/org/eclipse/jetty/jetty-server/9.3.25.v20180904/jetty-server-9.3.25.v20180904.jar:/home/user/.m2/repository/org/eclipse/jetty/jetty-http/9.3.25.v20180904/jetty-http-9.3.25.v20180904.jar:/home/user/.m2/repository/org/eclipse/jetty/jetty-io/9.3.25.v20180904/jetty-io-9.3.25.v20180904.jar:/home/user/.m2/repository/org/eclipse/jetty/jetty-webapp/9.3.25.v20180904/jetty-webapp-9.3.25.v20180904.jar:/home/user/.m2/repository/org/eclipse/jetty/jetty-xml/9.3.25.v20180904/jetty-xml-9.3.25.v20180904.jar:/home/user/.m2/repository/log4j/log4j/1.2.17/log4j-1.2.17.jar:/home/user/.m2/repository/org/slf4j/slf4j-api/1.7.25/slf4j-api-1.7.25.jar:/home/user/.m2/repository/org/slf4j/jul-to-slf4j/1.7.25/jul-to-slf4j-1.7.25.jar:/home/user/.m2/repository/org/eclipse/jetty/jetty-util/9.3.25.v20180904/jetty-util-9.3.25.v20180904.jar:/home/user/.m2/repository/com/fasterxml/jackson/core/jackson-databind/2.9.9/jackson-databind-2.9.9.jar:/home/user/.m2/repository/org/apache/hadoop/hadoop-kms/3.2.0/hadoop-kms-3.2.0-tests.jar:/home/user/.m2/repository/org/apache/hadoop/hadoop-hdds-server-scm/0.5.0-SNAPSHOT/hadoop-hdds-server-scm-0.5.0-SNAPSHOT-tests.jar:/home/user/.m2/repository/org/apache/hadoop/hadoop-hdds-container-service/0.5.0-SNAPSHOT/hadoop-hdds-container-service-0.5.0-SNAPSHOT-tests.jar:/home/user/.m2/repository/org/yaml/snakeyaml/1.16/snakeyaml-1.16.jar:/home/user/.m2/repository/org/apache/hadoop/hadoop-common/3.2.0/hadoop-common-3.2.0-tests.jar:/home/user/.m2/repository/org/apache/hadoop/hadoop-annotations/3.2.0/hadoop-annotations-3.2.0.jar:/usr/lib/jvm/java-1.8-openjdk/jre/../lib/tools.jar:/home/user/.m2/repository/commons-cli/commons-cli/1.2/commons-cli-1.2.jar:/home/user/.m2/repository/org/apache/httpcomponents/httpclient/4.5.2/httpclient-4.5.2.jar:/home/user/.m2/repository/org/apache/httpcomponents/httpcore/4.4.4/httpcore-4.4.4.jar:/home/user/.m2/repository/commons-codec/commons-codec/1.11/commons-codec-1.11.jar:/home/user/.m2/repository/commons-net/commons-net/3.6/commons-net-3.6.jar:/home/user/.m2/repository/commons-collections/commons-collections/3.2.2/commons-collections-3.2.2.jar:/home/user/.m2/repository/org/eclipse/jetty/jetty-servlet/9.3.25.v20180904/jetty-servlet-9.3.25.v20180904.jar:/home/user/.m2/repository/org/eclipse/jetty/jetty-security/9.3.25.v20180904/jetty-security-9.3.25.v20180904.jar:/home/user/.m2/repository/javax/servlet/jsp/jsp-api/2.1/jsp-api-2.1.jar:/home/user/.m2/repository/com/sun/jersey/jersey-servlet/1.19/jersey-servlet-1.19.jar:/home/user/.m2/repository/com/sun/jersey/jersey-json/1.19/jersey-json-1.19.jar:/home/user/.m2/repository/org/codehaus/jettison/jettison/1.1/jettison-1.1.jar:/home/user/.m2/repository/org/codehaus/jackson/jackson-core-asl/1.9.13/jackson-core-asl-1.9.13.jar:/home/user/.m2/repository/org/codehaus/jackson/jackson-mapper-asl/1.9.13/jackson-mapper-asl-1.9.13.jar:/home/user/.m2/repository/org/codehaus/jackson/jackson-jaxrs/1.9.13/jackson-jaxrs-1.9.13.jar:/home/user/.m2/repository/org/codehaus/jackson/jackson-xc/1.9.13/jackson-xc-1.9.13.jar:/home/user/.m2/repository/commons-logging/commons-logging/1.1.3/commons-logging-1.1.3.jar:/home/user/.m2/repository/commons-beanutils/commons-beanutils/1.9.4/commons-beanutils-1.9.4.jar:/home/user/.m2/repository/org/apache/commons/commons-configuration2/2.1.1/commons-configuration2-2.1.1.jar:/home/user/.m2/repository/org/apache/commons/commons-lang3/3.7/commons-lang3-3.7.jar:/home/user/.m2/repository/org/apache/commons/commons-text/1.4/commons-text-1.4.jar:/home/user/.m2/repository/org/apache/avro/avro/1.7.7/avro-1.7.7.jar:/home/user/.m2/repository/com/thoughtworks/paranamer/paranamer/2.3/paranamer-2.3.jar:/home/user/.m2/repository/org/xerial/snappy/snappy-java/1.0.5/snappy-java-1.0.5.jar:/home/user/.m2/repository/com/google/re2j/re2j/1.1/re2j-1.1.jar:/home/user/.m2/repository/com/google/code/gson/gson/2.2.4/gson-2.2.4.jar:/home/user/.m2/repository/com/jcraft/jsch/0.1.54/jsch-0.1.54.jar:/home/user/.m2/repository/org/apache/curator/curator-client/2.12.0/curator-client-2.12.0.jar:/home/user/.m2/repository/org/apache/curator/curator-recipes/2.12.0/curator-recipes-2.12.0.jar:/home/user/.m2/repository/com/google/code/findbugs/jsr305/3.0.0/jsr305-3.0.0.jar:/home/user/.m2/repository/org/apache/htrace/htrace-core4/4.1.0-incubating/htrace-core4-4.1.0-incubating.jar:/home/user/.m2/repository/org/apache/zookeeper/zookeeper/3.4.13/zookeeper-3.4.13.jar:/home/user/.m2/repository/jline/jline/0.9.94/jline-0.9.94.jar:/home/user/.m2/repository/org/apache/yetus/audience-annotations/0.5.0/audience-annotations-0.5.0.jar:/home/user/.m2/repository/org/codehaus/woodstox/stax2-api/3.1.4/stax2-api-3.1.4.jar:/home/user/.m2/repository/com/fasterxml/woodstox/woodstox-core/5.0.3/woodstox-core-5.0.3.jar:/home/user/.m2/repository/dnsjava/dnsjava/2.1.7/dnsjava-2.1.7.jar:/home/user/.m2/repository/org/apache/hadoop/hadoop-hdfs/3.2.0/hadoop-hdfs-3.2.0-tests.jar:/home/user/.m2/repository/org/eclipse/jetty/jetty-util-ajax/9.3.25.v20180904/jetty-util-ajax-9.3.25.v20180904.jar:/home/user/.m2/repository/commons-daemon/commons-daemon/1.0.13/commons-daemon-1.0.13.jar:/home/user/.m2/repository/io/netty/netty/3.10.5.Final/netty-3.10.5.Final.jar:/home/user/.m2/repository/io/netty/netty-all/4.0.52.Final/netty-all-4.0.52.Final.jar:/home/user/.m2/repository/org/fusesource/leveldbjni/leveldbjni-all/1.8/leveldbjni-all-1.8.jar:"/>
    <property name="java.vm.vendor" value="IcedTea"/>
    <property name="sun.arch.data.model" value="64"/>
    <property name="test.build.dir" value="/workdir/hadoop-ozone/integration-test/target/test-dir"/>
    <property name="test.cache.data" value=""/>
    <property name="java.vendor.url" value="https://icedtea.classpath.org"/>
    <property name="user.timezone" value=""/>
    <property name="java.vm.specification.version" value="1.8"/>
    <property name="os.name" value="Linux"/>
    <property name="test.build.data" value="/workdir/hadoop-ozone/integration-test/target/test-dir"/>
    <property name="user.country" value="US"/>
    <property name="sun.java.launcher" value="SUN_STANDARD"/>
    <property name="sun.boot.library.path" value="/usr/lib/jvm/java-1.8-openjdk/jre/lib/amd64"/>
    <property name="sun.java.command" value="/workdir/hadoop-ozone/integration-test/target/surefire/surefirebooter1936457073645079280.jar /workdir/hadoop-ozone/integration-test/target/surefire 2019-09-27T08-07-59_298-jvmRun1 surefire2601318265930268411tmp surefire_675870207918993130148tmp"/>
    <property name="test" value="!TestMiniChaosOzoneCluster"/>
    <property name="surefire.test.class.path" value="/workdir/hadoop-ozone/integration-test/target/test-classes:/workdir/hadoop-ozone/integration-test/target/classes:/home/user/.m2/repository/org/apache/hadoop/hadoop-ozone-common/0.5.0-SNAPSHOT/hadoop-ozone-common-0.5.0-SNAPSHOT.jar:/home/user/.m2/repository/org/apache/commons/commons-compress/1.4.1/commons-compress-1.4.1.jar:/home/user/.m2/repository/org/tukaani/xz/1.0/xz-1.0.jar:/home/user/.m2/repository/org/apache/hadoop/hadoop-common/3.2.0/hadoop-common-3.2.0.jar:/home/user/.m2/repository/org/apache/hadoop/hadoop-hdfs/3.2.0/hadoop-hdfs-3.2.0.jar:/home/user/.m2/repository/org/apache/hadoop/hadoop-hdfs-client/3.2.0/hadoop-hdfs-client-3.2.0.jar:/home/user/.m2/repository/com/fasterxml/jackson/core/jackson-annotations/2.9.9/jackson-annotations-2.9.9.jar:/home/user/.m2/repository/org/apache/hadoop/hadoop-hdds-common/0.5.0-SNAPSHOT/hadoop-hdds-common-0.5.0-SNAPSHOT.jar:/home/user/.m2/repository/javax/annotation/javax.annotation-api/1.2/javax.annotation-api-1.2.jar:/home/user/.m2/repository/org/apache/ratis/ratis-server/0.4.0/ratis-server-0.4.0.jar:/home/user/.m2/repository/org/apache/ratis/ratis-thirdparty-misc/0.2.0/ratis-thirdparty-misc-0.2.0.jar:/home/user/.m2/repository/org/apache/ratis/ratis-proto/0.4.0/ratis-proto-0.4.0.jar:/home/user/.m2/repository/org/apache/ratis/ratis-common/0.4.0/ratis-common-0.4.0.jar:/home/user/.m2/repository/org/apache/ratis/ratis-client/0.4.0/ratis-client-0.4.0.jar:/home/user/.m2/repository/org/apache/ratis/ratis-metrics/0.4.0/ratis-metrics-0.4.0.jar:/home/user/.m2/repository/com/github/joshelser/dropwizard-metrics-hadoop-metrics2-reporter/0.1.2/dropwizard-metrics-hadoop-metrics2-reporter-0.1.2.jar:/home/user/.m2/repository/io/dropwizard/metrics/metrics-jvm/3.2.5/metrics-jvm-3.2.5.jar:/home/user/.m2/repository/io/dropwizard/metrics/metrics-ganglia/3.2.5/metrics-ganglia-3.2.5.jar:/home/user/.m2/repository/info/ganglia/gmetric4j/gmetric4j/1.0.7/gmetric4j-1.0.7.jar:/home/user/.m2/repository/org/apache/ratis/ratis-netty/0.4.0/ratis-netty-0.4.0.jar:/home/user/.m2/repository/org/apache/ratis/ratis-grpc/0.4.0/ratis-grpc-0.4.0.jar:/home/user/.m2/repository/org/rocksdb/rocksdbjni/6.0.1/rocksdbjni-6.0.1.jar:/home/user/.m2/repository/org/apache/logging/log4j/log4j-api/2.11.0/log4j-api-2.11.0.jar:/home/user/.m2/repository/org/apache/logging/log4j/log4j-core/2.11.0/log4j-core-2.11.0.jar:/home/user/.m2/repository/com/lmax/disruptor/3.4.2/disruptor-3.4.2.jar:/home/user/.m2/repository/org/apache/commons/commons-pool2/2.6.0/commons-pool2-2.6.0.jar:/home/user/.m2/repository/org/bouncycastle/bcpkix-jdk15on/1.60/bcpkix-jdk15on-1.60.jar:/home/user/.m2/repository/commons-validator/commons-validator/1.6/commons-validator-1.6.jar:/home/user/.m2/repository/commons-digester/commons-digester/1.8.1/commons-digester-1.8.1.jar:/home/user/.m2/repository/io/jaegertracing/jaeger-client/0.34.0/jaeger-client-0.34.0.jar:/home/user/.m2/repository/io/jaegertracing/jaeger-thrift/0.34.0/jaeger-thrift-0.34.0.jar:/home/user/.m2/repository/org/apache/thrift/libthrift/0.12.0/libthrift-0.12.0.jar:/home/user/.m2/repository/com/squareup/okhttp3/okhttp/3.9.0/okhttp-3.9.0.jar:/home/user/.m2/repository/com/squareup/okio/okio/1.13.0/okio-1.13.0.jar:/home/user/.m2/repository/io/jaegertracing/jaeger-core/0.34.0/jaeger-core-0.34.0.jar:/home/user/.m2/repository/io/jaegertracing/jaeger-tracerresolver/0.34.0/jaeger-tracerresolver-0.34.0.jar:/home/user/.m2/repository/io/opentracing/contrib/opentracing-tracerresolver/0.1.5/opentracing-tracerresolver-0.1.5.jar:/home/user/.m2/repository/io/opentracing/opentracing-util/0.31.0/opentracing-util-0.31.0.jar:/home/user/.m2/repository/io/opentracing/opentracing-api/0.31.0/opentracing-api-0.31.0.jar:/home/user/.m2/repository/io/opentracing/opentracing-noop/0.31.0/opentracing-noop-0.31.0.jar:/home/user/.m2/repository/org/apache/hadoop/hadoop-hdds-server-framework/0.5.0-SNAPSHOT/hadoop-hdds-server-framework-0.5.0-SNAPSHOT.jar:/home/user/.m2/repository/org/apache/hadoop/hadoop-hdds-container-service/0.5.0-SNAPSHOT/hadoop-hdds-container-service-0.5.0-SNAPSHOT.jar:/home/user/.m2/repository/org/apache/hadoop/hadoop-hdds-client/0.5.0-SNAPSHOT/hadoop-hdds-client-0.5.0-SNAPSHOT.jar:/home/user/.m2/repository/org/apache/hadoop/hadoop-hdds-tools/0.5.0-SNAPSHOT/hadoop-hdds-tools-0.5.0-SNAPSHOT.jar:/home/user/.m2/repository/org/apache/hadoop/hadoop-hdds-server-scm/0.5.0-SNAPSHOT/hadoop-hdds-server-scm-0.5.0-SNAPSHOT.jar:/home/user/.m2/repository/org/apache/hadoop/hadoop-hdds-docs/0.5.0-SNAPSHOT/hadoop-hdds-docs-0.5.0-SNAPSHOT.jar:/home/user/.m2/repository/io/dropwizard/metrics/metrics-core/3.2.4/metrics-core-3.2.4.jar:/home/user/.m2/repository/org/hamcrest/hamcrest-all/1.3/hamcrest-all-1.3.jar:/home/user/.m2/repository/org/bouncycastle/bcprov-jdk15on/1.60/bcprov-jdk15on-1.60.jar:/home/user/.m2/repository/info/picocli/picocli/3.9.6/picocli-3.9.6.jar:/home/user/.m2/repository/com/google/protobuf/protobuf-java/2.5.0/protobuf-java-2.5.0.jar:/home/user/.m2/repository/com/google/guava/guava/11.0.2/guava-11.0.2.jar:/home/user/.m2/repository/org/apache/hadoop/hadoop-ozone-ozone-manager/0.5.0-SNAPSHOT/hadoop-ozone-ozone-manager-0.5.0-SNAPSHOT.jar:/home/user/.m2/repository/org/apache/hadoop/hadoop-minikdc/3.2.0/hadoop-minikdc-3.2.0.jar:/home/user/.m2/repository/commons-io/commons-io/2.5/commons-io-2.5.jar:/home/user/.m2/repository/org/apache/kerby/kerb-simplekdc/1.0.1/kerb-simplekdc-1.0.1.jar:/home/user/.m2/repository/org/apache/kerby/kerb-client/1.0.1/kerb-client-1.0.1.jar:/home/user/.m2/repository/org/apache/kerby/kerby-config/1.0.1/kerby-config-1.0.1.jar:/home/user/.m2/repository/org/apache/kerby/kerb-core/1.0.1/kerb-core-1.0.1.jar:/home/user/.m2/repository/org/apache/kerby/kerby-pkix/1.0.1/kerby-pkix-1.0.1.jar:/home/user/.m2/repository/org/apache/kerby/kerby-asn1/1.0.1/kerby-asn1-1.0.1.jar:/home/user/.m2/repository/org/apache/kerby/kerby-util/1.0.1/kerby-util-1.0.1.jar:/home/user/.m2/repository/org/apache/kerby/kerb-common/1.0.1/kerb-common-1.0.1.jar:/home/user/.m2/repository/org/apache/kerby/kerb-crypto/1.0.1/kerb-crypto-1.0.1.jar:/home/user/.m2/repository/org/apache/kerby/kerb-util/1.0.1/kerb-util-1.0.1.jar:/home/user/.m2/repository/org/apache/kerby/token-provider/1.0.1/token-provider-1.0.1.jar:/home/user/.m2/repository/org/apache/kerby/kerb-admin/1.0.1/kerb-admin-1.0.1.jar:/home/user/.m2/repository/org/apache/kerby/kerb-server/1.0.1/kerb-server-1.0.1.jar:/home/user/.m2/repository/org/apache/kerby/kerb-identity/1.0.1/kerb-identity-1.0.1.jar:/home/user/.m2/repository/org/apache/kerby/kerby-xdr/1.0.1/kerby-xdr-1.0.1.jar:/home/user/.m2/repository/org/slf4j/slf4j-log4j12/1.7.25/slf4j-log4j12-1.7.25.jar:/home/user/.m2/repository/org/apache/hadoop/hadoop-ozone-s3gateway/0.5.0-SNAPSHOT/hadoop-ozone-s3gateway-0.5.0-SNAPSHOT.jar:/home/user/.m2/repository/org/jboss/weld/servlet/weld-servlet/2.4.7.Final/weld-servlet-2.4.7.Final.jar:/home/user/.m2/repository/org/glassfish/jersey/containers/jersey-container-servlet-core/2.27/jersey-container-servlet-core-2.27.jar:/home/user/.m2/repository/org/glassfish/hk2/external/javax.inject/2.5.0-b42/javax.inject-2.5.0-b42.jar:/home/user/.m2/repository/org/glassfish/jersey/core/jersey-common/2.27/jersey-common-2.27.jar:/home/user/.m2/repository/org/glassfish/hk2/osgi-resource-locator/1.0.1/osgi-resource-locator-1.0.1.jar:/home/user/.m2/repository/javax/ws/rs/javax.ws.rs-api/2.1/javax.ws.rs-api-2.1.jar:/home/user/.m2/repository/org/glassfish/jersey/ext/cdi/jersey-cdi1x/2.27/jersey-cdi1x-2.27.jar:/home/user/.m2/repository/org/glassfish/jersey/inject/jersey-hk2/2.27/jersey-hk2-2.27.jar:/home/user/.m2/repository/org/glassfish/hk2/hk2-locator/2.5.0-b42/hk2-locator-2.5.0-b42.jar:/home/user/.m2/repository/org/javassist/javassist/3.22.0-CR2/javassist-3.22.0-CR2.jar:/home/user/.m2/repository/org/glassfish/hk2/hk2-api/2.5.0/hk2-api-2.5.0.jar:/home/user/.m2/repository/org/glassfish/hk2/external/jakarta.inject/2.5.0/jakarta.inject-2.5.0.jar:/home/user/.m2/repository/org/glassfish/hk2/hk2-utils/2.5.0/hk2-utils-2.5.0.jar:/home/user/.m2/repository/jakarta/annotation/jakarta.annotation-api/1.3.4/jakarta.annotation-api-1.3.4.jar:/home/user/.m2/repository/org/glassfish/hk2/external/aopalliance-repackaged/2.5.0/aopalliance-repackaged-2.5.0.jar:/home/user/.m2/repository/com/fasterxml/jackson/dataformat/jackson-dataformat-xml/2.9.0/jackson-dataformat-xml-2.9.0.jar:/home/user/.m2/repository/com/fasterxml/jackson/core/jackson-core/2.9.9/jackson-core-2.9.9.jar:/home/user/.m2/repository/com/fasterxml/jackson/module/jackson-module-jaxb-annotations/2.9.9/jackson-module-jaxb-annotations-2.9.9.jar:/home/user/.m2/repository/javax/enterprise/cdi-api/1.2/cdi-api-1.2.jar:/home/user/.m2/repository/javax/el/javax.el-api/3.0.0/javax.el-api-3.0.0.jar:/home/user/.m2/repository/javax/interceptor/javax.interceptor-api/1.2/javax.interceptor-api-1.2.jar:/home/user/.m2/repository/javax/inject/javax.inject/1/javax.inject-1.jar:/home/user/.m2/repository/com/sun/xml/bind/jaxb-impl/2.3.0.1/jaxb-impl-2.3.0.1.jar:/home/user/.m2/repository/com/sun/xml/bind/jaxb-core/2.3.0.1/jaxb-core-2.3.0.1.jar:/home/user/.m2/repository/javax/xml/bind/jaxb-api/2.3.0/jaxb-api-2.3.0.jar:/home/user/.m2/repository/javax/activation/activation/1.1.1/activation-1.1.1.jar:/home/user/.m2/repository/org/apache/hadoop/hadoop-ozone-csi/0.5.0-SNAPSHOT/hadoop-ozone-csi-0.5.0-SNAPSHOT.jar:/home/user/.m2/repository/com/google/protobuf/protobuf-java-util/3.5.1/protobuf-java-util-3.5.1.jar:/home/user/.m2/repository/org/apache/hadoop/hadoop-hdds-config/0.5.0-SNAPSHOT/hadoop-hdds-config-0.5.0-SNAPSHOT.jar:/home/user/.m2/repository/io/grpc/grpc-netty/1.17.1/grpc-netty-1.17.1.jar:/home/user/.m2/repository/io/grpc/grpc-core/1.17.1/grpc-core-1.17.1.jar:/home/user/.m2/repository/io/grpc/grpc-context/1.17.1/grpc-context-1.17.1.jar:/home/user/.m2/repository/com/google/errorprone/error_prone_annotations/2.2.0/error_prone_annotations-2.2.0.jar:/home/user/.m2/repository/org/codehaus/mojo/animal-sniffer-annotations/1.17/animal-sniffer-annotations-1.17.jar:/home/user/.m2/repository/io/opencensus/opencensus-api/0.17.0/opencensus-api-0.17.0.jar:/home/user/.m2/repository/io/opencensus/opencensus-contrib-grpc-metrics/0.17.0/opencensus-contrib-grpc-metrics-0.17.0.jar:/home/user/.m2/repository/io/netty/netty-codec-http2/4.1.30.Final/netty-codec-http2-4.1.30.Final.jar:/home/user/.m2/repository/io/netty/netty-codec-http/4.1.30.Final/netty-codec-http-4.1.30.Final.jar:/home/user/.m2/repository/io/netty/netty-codec/4.1.30.Final/netty-codec-4.1.30.Final.jar:/home/user/.m2/repository/io/netty/netty-handler/4.1.30.Final/netty-handler-4.1.30.Final.jar:/home/user/.m2/repository/io/netty/netty-handler-proxy/4.1.30.Final/netty-handler-proxy-4.1.30.Final.jar:/home/user/.m2/repository/io/netty/netty-codec-socks/4.1.30.Final/netty-codec-socks-4.1.30.Final.jar:/home/user/.m2/repository/io/netty/netty-transport-native-epoll/4.1.30.Final/netty-transport-native-epoll-4.1.30.Final.jar:/home/user/.m2/repository/io/netty/netty-common/4.1.30.Final/netty-common-4.1.30.Final.jar:/home/user/.m2/repository/io/netty/netty-buffer/4.1.30.Final/netty-buffer-4.1.30.Final.jar:/home/user/.m2/repository/io/netty/netty-transport/4.1.30.Final/netty-transport-4.1.30.Final.jar:/home/user/.m2/repository/io/netty/netty-resolver/4.1.30.Final/netty-resolver-4.1.30.Final.jar:/home/user/.m2/repository/io/netty/netty-transport-native-unix-common/4.1.30.Final/netty-transport-native-unix-common-4.1.30.Final.jar:/home/user/.m2/repository/io/grpc/grpc-protobuf/1.17.1/grpc-protobuf-1.17.1.jar:/home/user/.m2/repository/com/google/api/grpc/proto-google-common-protos/1.0.0/proto-google-common-protos-1.0.0.jar:/home/user/.m2/repository/io/grpc/grpc-protobuf-lite/1.17.1/grpc-protobuf-lite-1.17.1.jar:/home/user/.m2/repository/io/grpc/grpc-stub/1.17.1/grpc-stub-1.17.1.jar:/home/user/.m2/repository/org/apache/hadoop/hadoop-ozone-recon/0.5.0-SNAPSHOT/hadoop-ozone-recon-0.5.0-SNAPSHOT.jar:/home/user/.m2/repository/org/apache/hadoop/hadoop-ozone-reconcodegen/0.5.0-SNAPSHOT/hadoop-ozone-reconcodegen-0.5.0-SNAPSHOT.jar:/home/user/.m2/repository/com/google/inject/extensions/guice-multibindings/4.0/guice-multibindings-4.0.jar:/home/user/.m2/repository/com/google/inject/guice/4.0/guice-4.0.jar:/home/user/.m2/repository/aopalliance/aopalliance/1.0/aopalliance-1.0.jar:/home/user/.m2/repository/com/google/inject/extensions/guice-servlet/4.0/guice-servlet-4.0.jar:/home/user/.m2/repository/org/glassfish/jersey/containers/jersey-container-servlet/2.27/jersey-container-servlet-2.27.jar:/home/user/.m2/repository/org/glassfish/hk2/guice-bridge/2.5.0/guice-bridge-2.5.0.jar:/home/user/.m2/repository/org/glassfish/jersey/core/jersey-server/2.27/jersey-server-2.27.jar:/home/user/.m2/repository/org/glassfish/jersey/core/jersey-client/2.27/jersey-client-2.27.jar:/home/user/.m2/repository/org/glassfish/jersey/media/jersey-media-jaxb/2.27/jersey-media-jaxb-2.27.jar:/home/user/.m2/repository/javax/validation/validation-api/1.1.0.Final/validation-api-1.1.0.Final.jar:/home/user/.m2/repository/org/glassfish/jersey/media/jersey-media-json-jackson/2.27/jersey-media-json-jackson-2.27.jar:/home/user/.m2/repository/org/glassfish/jersey/ext/jersey-entity-filtering/2.27/jersey-entity-filtering-2.27.jar:/home/user/.m2/repository/com/google/inject/extensions/guice-assistedinject/4.0/guice-assistedinject-4.0.jar:/home/user/.m2/repository/org/jooq/jooq/3.11.10/jooq-3.11.10.jar:/home/user/.m2/repository/org/jooq/jooq-meta/3.11.10/jooq-meta-3.11.10.jar:/home/user/.m2/repository/org/jooq/jooq-codegen/3.11.10/jooq-codegen-3.11.10.jar:/home/user/.m2/repository/com/jolbox/bonecp/0.8.0.RELEASE/bonecp-0.8.0.RELEASE.jar:/home/user/.m2/repository/org/xerial/sqlite-jdbc/3.25.2/sqlite-jdbc-3.25.2.jar:/home/user/.m2/repository/org/springframework/spring-jdbc/5.1.3.RELEASE/spring-jdbc-5.1.3.RELEASE.jar:/home/user/.m2/repository/org/springframework/spring-beans/5.1.3.RELEASE/spring-beans-5.1.3.RELEASE.jar:/home/user/.m2/repository/org/springframework/spring-core/5.1.3.RELEASE/spring-core-5.1.3.RELEASE.jar:/home/user/.m2/repository/org/springframework/spring-jcl/5.1.3.RELEASE/spring-jcl-5.1.3.RELEASE.jar:/home/user/.m2/repository/org/springframework/spring-tx/5.1.3.RELEASE/spring-tx-5.1.3.RELEASE.jar:/home/user/.m2/repository/org/apache/hadoop/hadoop-ozone-client/0.5.0-SNAPSHOT/hadoop-ozone-client-0.5.0-SNAPSHOT.jar:/home/user/.m2/repository/commons-lang/commons-lang/2.6/commons-lang-2.6.jar:/home/user/.m2/repository/org/apache/hadoop/hadoop-ozone-ozone-manager/0.5.0-SNAPSHOT/hadoop-ozone-ozone-manager-0.5.0-SNAPSHOT-tests.jar:/home/user/.m2/repository/junit/junit/4.11/junit-4.11.jar:/home/user/.m2/repository/org/hamcrest/hamcrest-core/1.3/hamcrest-core-1.3.jar:/home/user/.m2/repository/org/openjdk/jmh/jmh-core/1.19/jmh-core-1.19.jar:/home/user/.m2/repository/net/sf/jopt-simple/jopt-simple/4.6/jopt-simple-4.6.jar:/home/user/.m2/repository/org/apache/commons/commons-math3/3.1.1/commons-math3-3.1.1.jar:/home/user/.m2/repository/org/openjdk/jmh/jmh-generator-annprocess/1.19/jmh-generator-annprocess-1.19.jar:/home/user/.m2/repository/org/mockito/mockito-all/1.8.5/mockito-all-1.8.5.jar:/home/user/.m2/repository/org/apache/hadoop/hadoop-kms/3.2.0/hadoop-kms-3.2.0.jar:/home/user/.m2/repository/org/apache/hadoop/hadoop-auth/3.2.0/hadoop-auth-3.2.0.jar:/home/user/.m2/repository/com/nimbusds/nimbus-jose-jwt/4.41.1/nimbus-jose-jwt-4.41.1.jar:/home/user/.m2/repository/com/github/stephenc/jcip/jcip-annotations/1.0-1/jcip-annotations-1.0-1.jar:/home/user/.m2/repository/net/minidev/json-smart/2.3/json-smart-2.3.jar:/home/user/.m2/repository/net/minidev/accessors-smart/1.2/accessors-smart-1.2.jar:/home/user/.m2/repository/org/ow2/asm/asm/5.0.4/asm-5.0.4.jar:/home/user/.m2/repository/org/apache/curator/curator-framework/2.12.0/curator-framework-2.12.0.jar:/home/user/.m2/repository/com/sun/jersey/jersey-core/1.19/jersey-core-1.19.jar:/home/user/.m2/repository/javax/ws/rs/jsr311-api/1.1.1/jsr311-api-1.1.1.jar:/home/user/.m2/repository/com/sun/jersey/jersey-server/1.19/jersey-server-1.19.jar:/home/user/.m2/repository/javax/servlet/javax.servlet-api/3.1.0/javax.servlet-api-3.1.0.jar:/home/user/.m2/repository/org/eclipse/jetty/jetty-server/9.3.25.v20180904/jetty-server-9.3.25.v20180904.jar:/home/user/.m2/repository/org/eclipse/jetty/jetty-http/9.3.25.v20180904/jetty-http-9.3.25.v20180904.jar:/home/user/.m2/repository/org/eclipse/jetty/jetty-io/9.3.25.v20180904/jetty-io-9.3.25.v20180904.jar:/home/user/.m2/repository/org/eclipse/jetty/jetty-webapp/9.3.25.v20180904/jetty-webapp-9.3.25.v20180904.jar:/home/user/.m2/repository/org/eclipse/jetty/jetty-xml/9.3.25.v20180904/jetty-xml-9.3.25.v20180904.jar:/home/user/.m2/repository/log4j/log4j/1.2.17/log4j-1.2.17.jar:/home/user/.m2/repository/org/slf4j/slf4j-api/1.7.25/slf4j-api-1.7.25.jar:/home/user/.m2/repository/org/slf4j/jul-to-slf4j/1.7.25/jul-to-slf4j-1.7.25.jar:/home/user/.m2/repository/org/eclipse/jetty/jetty-util/9.3.25.v20180904/jetty-util-9.3.25.v20180904.jar:/home/user/.m2/repository/com/fasterxml/jackson/core/jackson-databind/2.9.9/jackson-databind-2.9.9.jar:/home/user/.m2/repository/org/apache/hadoop/hadoop-kms/3.2.0/hadoop-kms-3.2.0-tests.jar:/home/user/.m2/repository/org/apache/hadoop/hadoop-hdds-server-scm/0.5.0-SNAPSHOT/hadoop-hdds-server-scm-0.5.0-SNAPSHOT-tests.jar:/home/user/.m2/repository/org/apache/hadoop/hadoop-hdds-container-service/0.5.0-SNAPSHOT/hadoop-hdds-container-service-0.5.0-SNAPSHOT-tests.jar:/home/user/.m2/repository/org/yaml/snakeyaml/1.16/snakeyaml-1.16.jar:/home/user/.m2/repository/org/apache/hadoop/hadoop-common/3.2.0/hadoop-common-3.2.0-tests.jar:/home/user/.m2/repository/org/apache/hadoop/hadoop-annotations/3.2.0/hadoop-annotations-3.2.0.jar:/usr/lib/jvm/java-1.8-openjdk/jre/../lib/tools.jar:/home/user/.m2/repository/commons-cli/commons-cli/1.2/commons-cli-1.2.jar:/home/user/.m2/repository/org/apache/httpcomponents/httpclient/4.5.2/httpclient-4.5.2.jar:/home/user/.m2/repository/org/apache/httpcomponents/httpcore/4.4.4/httpcore-4.4.4.jar:/home/user/.m2/repository/commons-codec/commons-codec/1.11/commons-codec-1.11.jar:/home/user/.m2/repository/commons-net/commons-net/3.6/commons-net-3.6.jar:/home/user/.m2/repository/commons-collections/commons-collections/3.2.2/commons-collections-3.2.2.jar:/home/user/.m2/repository/org/eclipse/jetty/jetty-servlet/9.3.25.v20180904/jetty-servlet-9.3.25.v20180904.jar:/home/user/.m2/repository/org/eclipse/jetty/jetty-security/9.3.25.v20180904/jetty-security-9.3.25.v20180904.jar:/home/user/.m2/repository/javax/servlet/jsp/jsp-api/2.1/jsp-api-2.1.jar:/home/user/.m2/repository/com/sun/jersey/jersey-servlet/1.19/jersey-servlet-1.19.jar:/home/user/.m2/repository/com/sun/jersey/jersey-json/1.19/jersey-json-1.19.jar:/home/user/.m2/repository/org/codehaus/jettison/jettison/1.1/jettison-1.1.jar:/home/user/.m2/repository/org/codehaus/jackson/jackson-core-asl/1.9.13/jackson-core-asl-1.9.13.jar:/home/user/.m2/repository/org/codehaus/jackson/jackson-mapper-asl/1.9.13/jackson-mapper-asl-1.9.13.jar:/home/user/.m2/repository/org/codehaus/jackson/jackson-jaxrs/1.9.13/jackson-jaxrs-1.9.13.jar:/home/user/.m2/repository/org/codehaus/jackson/jackson-xc/1.9.13/jackson-xc-1.9.13.jar:/home/user/.m2/repository/commons-logging/commons-logging/1.1.3/commons-logging-1.1.3.jar:/home/user/.m2/repository/commons-beanutils/commons-beanutils/1.9.4/commons-beanutils-1.9.4.jar:/home/user/.m2/repository/org/apache/commons/commons-configuration2/2.1.1/commons-configuration2-2.1.1.jar:/home/user/.m2/repository/org/apache/commons/commons-lang3/3.7/commons-lang3-3.7.jar:/home/user/.m2/repository/org/apache/commons/commons-text/1.4/commons-text-1.4.jar:/home/user/.m2/repository/org/apache/avro/avro/1.7.7/avro-1.7.7.jar:/home/user/.m2/repository/com/thoughtworks/paranamer/paranamer/2.3/paranamer-2.3.jar:/home/user/.m2/repository/org/xerial/snappy/snappy-java/1.0.5/snappy-java-1.0.5.jar:/home/user/.m2/repository/com/google/re2j/re2j/1.1/re2j-1.1.jar:/home/user/.m2/repository/com/google/code/gson/gson/2.2.4/gson-2.2.4.jar:/home/user/.m2/repository/com/jcraft/jsch/0.1.54/jsch-0.1.54.jar:/home/user/.m2/repository/org/apache/curator/curator-client/2.12.0/curator-client-2.12.0.jar:/home/user/.m2/repository/org/apache/curator/curator-recipes/2.12.0/curator-recipes-2.12.0.jar:/home/user/.m2/repository/com/google/code/findbugs/jsr305/3.0.0/jsr305-3.0.0.jar:/home/user/.m2/repository/org/apache/htrace/htrace-core4/4.1.0-incubating/htrace-core4-4.1.0-incubating.jar:/home/user/.m2/repository/org/apache/zookeeper/zookeeper/3.4.13/zookeeper-3.4.13.jar:/home/user/.m2/repository/jline/jline/0.9.94/jline-0.9.94.jar:/home/user/.m2/repository/org/apache/yetus/audience-annotations/0.5.0/audience-annotations-0.5.0.jar:/home/user/.m2/repository/org/codehaus/woodstox/stax2-api/3.1.4/stax2-api-3.1.4.jar:/home/user/.m2/repository/com/fasterxml/woodstox/woodstox-core/5.0.3/woodstox-core-5.0.3.jar:/home/user/.m2/repository/dnsjava/dnsjava/2.1.7/dnsjava-2.1.7.jar:/home/user/.m2/repository/org/apache/hadoop/hadoop-hdfs/3.2.0/hadoop-hdfs-3.2.0-tests.jar:/home/user/.m2/repository/org/eclipse/jetty/jetty-util-ajax/9.3.25.v20180904/jetty-util-ajax-9.3.25.v20180904.jar:/home/user/.m2/repository/commons-daemon/commons-daemon/1.0.13/commons-daemon-1.0.13.jar:/home/user/.m2/repository/io/netty/netty/3.10.5.Final/netty-3.10.5.Final.jar:/home/user/.m2/repository/io/netty/netty-all/4.0.52.Final/netty-all-4.0.52.Final.jar:/home/user/.m2/repository/org/fusesource/leveldbjni/leveldbjni-all/1.8/leveldbjni-all-1.8.jar:"/>
    <property name="sun.cpu.endian" value="little"/>
    <property name="user.home" value="/home/user"/>
    <property name="user.language" value="en"/>
    <property name="java.specification.vendor" value="Oracle Corporation"/>
    <property name="java.home" value="/usr/lib/jvm/java-1.8-openjdk/jre"/>
    <property name="java.security.krb5.conf" value="/workdir/hadoop-ozone/integration-test/target/test-classes/krb5.conf"/>
    <property name="basedir" value="/workdir/hadoop-ozone/integration-test"/>
    <property name="file.separator" value="/"/>
    <property name="line.separator" value="&#10;"/>
    <property name="java.vm.specification.vendor" value="Oracle Corporation"/>
    <property name="java.specification.name" value="Java Platform API Specification"/>
    <property name="java.awt.graphicsenv" value="sun.awt.X11GraphicsEnvironment"/>
    <property name="surefire.real.class.path" value="/workdir/hadoop-ozone/integration-test/target/surefire/surefirebooter1936457073645079280.jar"/>
    <property name="hadoop.log.dir" value="/workdir/hadoop-ozone/integration-test/target/log"/>
    <property name="sun.boot.class.path" value="/usr/lib/jvm/java-1.8-openjdk/jre/lib/resources.jar:/usr/lib/jvm/java-1.8-openjdk/jre/lib/rt.jar:/usr/lib/jvm/java-1.8-openjdk/jre/lib/sunrsasign.jar:/usr/lib/jvm/java-1.8-openjdk/jre/lib/jsse.jar:/usr/lib/jvm/java-1.8-openjdk/jre/lib/jce.jar:/usr/lib/jvm/java-1.8-openjdk/jre/lib/charsets.jar:/usr/lib/jvm/java-1.8-openjdk/jre/lib/jfr.jar:/usr/lib/jvm/java-1.8-openjdk/jre/classes"/>
    <property name="sun.management.compiler" value="HotSpot 64-Bit Tiered Compilers"/>
    <property name="java.runtime.version" value="1.8.0_212-b04"/>
    <property name="java.net.preferIPv4Stack" value="true"/>
    <property name="user.name" value="jenkins1000"/>
    <property name="path.separator" value=":"/>
    <property name="java.security.egd" value="file:///dev/urandom"/>
    <property name="os.version" value="3.10.0-957.12.2.el7.x86_64"/>
    <property name="java.endorsed.dirs" value="/usr/lib/jvm/java-1.8-openjdk/jre/lib/endorsed"/>
    <property name="java.runtime.name" value="OpenJDK Runtime Environment"/>
    <property name="file.encoding" value="UTF-8"/>
    <property name="java.vm.name" value="OpenJDK 64-Bit Server VM"/>
    <property name="test.build.webapps" value=""/>
    <property name="localRepository" value="/home/user/.m2/repository"/>
    <property name="java.vendor.url.bug" value="https://icedtea.classpath.org/bugzilla"/>
    <property name="java.io.tmpdir" value="/tmp"/>
    <property name="require.test.libhadoop" value=""/>
    <property name="java.version" value="1.8.0_212"/>
    <property name="user.dir" value="/workdir/hadoop-ozone/integration-test"/>
    <property name="os.arch" value="amd64"/>
    <property name="java.vm.specification.name" value="Java Virtual Machine Specification"/>
    <property name="test.build.classes" value="/workdir/hadoop-ozone/integration-test/target/test-classes"/>
    <property name="java.awt.printerjob" value="sun.print.PSPrinterJob"/>
    <property name="sun.os.patch.level" value="unknown"/>
    <property name="hadoop.tmp.dir" value="/workdir/hadoop-ozone/integration-test/target/tmp"/>
    <property name="java.library.path" value="/usr/lib/jvm/java-1.8-openjdk/jre/lib/amd64/server:/usr/lib/jvm/java-1.8-openjdk/jre/lib/amd64:/usr/lib/jvm/java-1.8-openjdk/jre/../lib/amd64:/workdir/hadoop-ozone/integration-test/target/native/target/usr/local/lib:/workdir/hadoop-ozone/integration-test/../../hadoop-common-project/hadoop-common/target/native/target/usr/local/lib:/usr/java/packages/lib/amd64:/usr/lib64:/lib64:/lib:/usr/lib"/>
    <property name="java.vm.info" value="mixed mode"/>
    <property name="java.vendor" value="IcedTea"/>
    <property name="java.vm.version" value="25.212-b04"/>
    <property name="java.ext.dirs" value="/usr/lib/jvm/java-1.8-openjdk/jre/lib/ext:/usr/java/packages/lib/ext"/>
    <property name="sun.io.unicode.encoding" value="UnicodeLittle"/>
    <property name="java.class.version" value="52.0"/>
  </properties>
  <testcase name="org.apache.hadoop.ozone.client.rpc.TestSecureOzoneRpcClient" classname="org.apache.hadoop.ozone.client.rpc.TestSecureOzoneRpcClient" time="146.297">
    <error message="Connection refused" type="java.net.ConnectException"><![CDATA[java.net.ConnectException: Connection refused
	at sun.nio.ch.SocketChannelImpl.checkConnect(Native Method)
	at sun.nio.ch.SocketChannelImpl.finishConnect(SocketChannelImpl.java:717)
	at org.apache.hadoop.net.SocketIOWithTimeout.connect(SocketIOWithTimeout.java:206)
	at org.apache.hadoop.net.NetUtils.connect(NetUtils.java:531)
	at org.apache.hadoop.ipc.Client$Connection.setupConnection(Client.java:690)
	at org.apache.hadoop.ipc.Client$Connection.setupIOstreams(Client.java:794)
	at org.apache.hadoop.ipc.Client$Connection.access$3700(Client.java:411)
	at org.apache.hadoop.ipc.Client.getConnection(Client.java:1572)
	at org.apache.hadoop.ipc.Client.call(Client.java:1403)
	at org.apache.hadoop.ipc.Client.call(Client.java:1367)
	at org.apache.hadoop.ipc.ProtobufRpcEngine$Invoker.invoke(ProtobufRpcEngine.java:228)
	at org.apache.hadoop.ipc.ProtobufRpcEngine$Invoker.invoke(ProtobufRpcEngine.java:116)
	at com.sun.proxy.$Proxy37.submitRequest(Unknown Source)
	at sun.reflect.NativeMethodAccessorImpl.invoke0(Native Method)
	at sun.reflect.NativeMethodAccessorImpl.invoke(NativeMethodAccessorImpl.java:62)
	at sun.reflect.DelegatingMethodAccessorImpl.invoke(DelegatingMethodAccessorImpl.java:43)
	at java.lang.reflect.Method.invoke(Method.java:498)
	at org.apache.hadoop.io.retry.RetryInvocationHandler.invokeMethod(RetryInvocationHandler.java:422)
	at org.apache.hadoop.io.retry.RetryInvocationHandler$Call.invokeMethod(RetryInvocationHandler.java:165)
	at org.apache.hadoop.io.retry.RetryInvocationHandler$Call.invoke(RetryInvocationHandler.java:157)
	at org.apache.hadoop.io.retry.RetryInvocationHandler$Call.invokeOnce(RetryInvocationHandler.java:95)
	at org.apache.hadoop.io.retry.RetryInvocationHandler.invoke(RetryInvocationHandler.java:359)
	at com.sun.proxy.$Proxy37.submitRequest(Unknown Source)
	at org.apache.hadoop.ozone.om.protocolPB.OzoneManagerProtocolClientSideTranslatorPB.submitRequest(OzoneManagerProtocolClientSideTranslatorPB.java:338)
	at org.apache.hadoop.ozone.om.protocolPB.OzoneManagerProtocolClientSideTranslatorPB.getServiceInfo(OzoneManagerProtocolClientSideTranslatorPB.java:1223)
	at sun.reflect.NativeMethodAccessorImpl.invoke0(Native Method)
	at sun.reflect.NativeMethodAccessorImpl.invoke(NativeMethodAccessorImpl.java:62)
	at sun.reflect.DelegatingMethodAccessorImpl.invoke(DelegatingMethodAccessorImpl.java:43)
	at java.lang.reflect.Method.invoke(Method.java:498)
	at org.apache.hadoop.hdds.tracing.TraceAllMethod.invoke(TraceAllMethod.java:66)
	at com.sun.proxy.$Proxy38.getServiceInfo(Unknown Source)
	at org.apache.hadoop.ozone.client.rpc.RpcClient.<init>(RpcClient.java:154)
	at org.apache.hadoop.ozone.client.OzoneClientFactory.getClientProtocol(OzoneClientFactory.java:256)
	at org.apache.hadoop.ozone.client.OzoneClientFactory.getClientProtocol(OzoneClientFactory.java:239)
	at org.apache.hadoop.ozone.client.OzoneClientFactory.getRpcClient(OzoneClientFactory.java:203)
	at org.apache.hadoop.ozone.client.rpc.TestSecureOzoneRpcClient.init(TestSecureOzoneRpcClient.java:118)
	at sun.reflect.NativeMethodAccessorImpl.invoke0(Native Method)
	at sun.reflect.NativeMethodAccessorImpl.invoke(NativeMethodAccessorImpl.java:62)
	at sun.reflect.DelegatingMethodAccessorImpl.invoke(DelegatingMethodAccessorImpl.java:43)
	at java.lang.reflect.Method.invoke(Method.java:498)
	at org.junit.runners.model.FrameworkMethod$1.runReflectiveCall(FrameworkMethod.java:47)
	at org.junit.internal.runners.model.ReflectiveCallable.run(ReflectiveCallable.java:12)
	at org.junit.runners.model.FrameworkMethod.invokeExplosively(FrameworkMethod.java:44)
	at org.junit.internal.runners.statements.RunBefores.evaluate(RunBefores.java:24)
	at org.junit.internal.runners.statements.RunAfters.evaluate(RunAfters.java:27)
	at org.junit.runners.ParentRunner.run(ParentRunner.java:309)
	at org.apache.maven.surefire.junit4.JUnit4Provider.execute(JUnit4Provider.java:365)
	at org.apache.maven.surefire.junit4.JUnit4Provider.executeWithRerun(JUnit4Provider.java:273)
	at org.apache.maven.surefire.junit4.JUnit4Provider.executeTestSet(JUnit4Provider.java:238)
	at org.apache.maven.surefire.junit4.JUnit4Provider.invoke(JUnit4Provider.java:159)
	at org.apache.maven.surefire.booter.ForkedBooter.invokeProviderInSameClassLoader(ForkedBooter.java:384)
	at org.apache.maven.surefire.booter.ForkedBooter.runSuitesInProcess(ForkedBooter.java:345)
	at org.apache.maven.surefire.booter.ForkedBooter.execute(ForkedBooter.java:126)
	at org.apache.maven.surefire.booter.ForkedBooter.main(ForkedBooter.java:418)
]]></error>
    <system-out><![CDATA[2019-09-27 09:56:40,314 [main] WARN  server.ServerUtils (ServerUtils.java:getScmDbDir(145)) - ozone.scm.db.dirs is not configured. We recommend adding this setting. Falling back to ozone.metadata.dirs instead.
2019-09-27 09:56:40,375 [main] WARN  server.ServerUtils (ServerUtils.java:getScmDbDir(145)) - ozone.scm.db.dirs is not configured. We recommend adding this setting. Falling back to ozone.metadata.dirs instead.
2019-09-27 09:56:40,378 [main] WARN  server.ServerUtils (ServerUtils.java:getScmDbDir(145)) - ozone.scm.db.dirs is not configured. We recommend adding this setting. Falling back to ozone.metadata.dirs instead.
2019-09-27 09:56:40,406 [main] INFO  util.log (Log.java:initialized(192)) - Logging initialized @2487ms
2019-09-27 09:56:40,527 [main] INFO  db.DBStoreBuilder (DBStoreBuilder.java:addTable(110)) - using custom profile for table: deletedBlocks
2019-09-27 09:56:40,527 [main] INFO  db.DBStoreBuilder (DBStoreBuilder.java:processTables(161)) - Using default column profile:DBProfile.DISK for Table:deletedBlocks
2019-09-27 09:56:40,528 [main] INFO  db.DBStoreBuilder (DBStoreBuilder.java:addTable(110)) - using custom profile for table: validCerts
2019-09-27 09:56:40,528 [main] INFO  db.DBStoreBuilder (DBStoreBuilder.java:processTables(161)) - Using default column profile:DBProfile.DISK for Table:validCerts
2019-09-27 09:56:40,528 [main] INFO  db.DBStoreBuilder (DBStoreBuilder.java:addTable(110)) - using custom profile for table: revokedCerts
2019-09-27 09:56:40,528 [main] INFO  db.DBStoreBuilder (DBStoreBuilder.java:processTables(161)) - Using default column profile:DBProfile.DISK for Table:revokedCerts
2019-09-27 09:56:40,540 [main] INFO  db.DBStoreBuilder (DBStoreBuilder.java:addTable(110)) - using custom profile for table: default
2019-09-27 09:56:40,541 [main] INFO  db.DBStoreBuilder (DBStoreBuilder.java:processTables(167)) - Using default column profile:DBProfile.DISK for Table:default
2019-09-27 09:56:40,542 [main] INFO  db.DBStoreBuilder (DBStoreBuilder.java:getDbProfile(198)) - Using default options. DBProfile.DISK
2019-09-27 09:56:40,811 [main] INFO  net.NodeSchemaLoader (NodeSchemaLoader.java:loadSchemaFromFile(125)) - Loading file from sun.misc.CompoundEnumeration@3f053c80
2019-09-27 09:56:40,813 [main] INFO  net.NodeSchemaLoader (NodeSchemaLoader.java:loadSchema(171)) - Loading network topology layer schema file
2019-09-27 09:56:40,883 [main] WARN  server.ServerUtils (ServerUtils.java:sanitizeUserArgs(70)) - ozone.scm.stale.node.interval value = 300000 is larger than max = 100000 based on the key value of ozone.scm.heartbeat.thread.interval, reset to the max value 100000.
2019-09-27 09:56:40,884 [main] WARN  server.ServerUtils (ServerUtils.java:sanitizeUserArgs(70)) - ozone.scm.stale.node.interval value = 300000 is larger than max = 100000 based on the key value of ozone.scm.heartbeat.thread.interval, reset to the max value 100000.
2019-09-27 09:56:40,886 [main] INFO  node.SCMNodeManager (SCMNodeManager.java:<init>(114)) - Entering startup safe mode.
2019-09-27 09:56:40,906 [main] INFO  algorithms.ContainerPlacementPolicyFactory (ContainerPlacementPolicyFactory.java:getPolicy(57)) - Create container placement policy of type org.apache.hadoop.hdds.scm.container.placement.algorithms.SCMContainerPlacementRandom
2019-09-27 09:56:40,920 [main] WARN  server.ServerUtils (ServerUtils.java:getScmDbDir(145)) - ozone.scm.db.dirs is not configured. We recommend adding this setting. Falling back to ozone.metadata.dirs instead.
2019-09-27 09:56:40,990 [main] INFO  pipeline.SCMPipelineManager (SCMPipelineManager.java:initializePipelineState(132)) - No pipeline exists in current db
2019-09-27 09:56:40,993 [main] WARN  server.ServerUtils (ServerUtils.java:getScmDbDir(145)) - ozone.scm.db.dirs is not configured. We recommend adding this setting. Falling back to ozone.metadata.dirs instead.
2019-09-27 09:56:41,122 [main] WARN  events.EventQueue (EventQueue.java:fireEvent(183)) - No event handler registered for event TypedEvent{payloadType=SafeModeStatus, name='SafeModeStatus'}
2019-09-27 09:56:41,239 [main] INFO  ipc.CallQueueManager (CallQueueManager.java:<init>(84)) - Using callQueue: class java.util.concurrent.LinkedBlockingQueue, queueCapacity: 2000, scheduler: class org.apache.hadoop.ipc.DefaultRpcScheduler, ipcBackoff: false.
2019-09-27 09:56:41,266 [Socket Reader #1 for port 36977] INFO  ipc.Server (Server.java:run(1074)) - Starting Socket Reader #1 for port 36977
2019-09-27 09:56:41,289 [main] INFO  ipc.CallQueueManager (CallQueueManager.java:<init>(84)) - Using callQueue: class java.util.concurrent.LinkedBlockingQueue, queueCapacity: 2000, scheduler: class org.apache.hadoop.ipc.DefaultRpcScheduler, ipcBackoff: false.
2019-09-27 09:56:41,290 [Socket Reader #1 for port 34265] INFO  ipc.Server (Server.java:run(1074)) - Starting Socket Reader #1 for port 34265
2019-09-27 09:56:41,297 [main] INFO  ipc.CallQueueManager (CallQueueManager.java:<init>(84)) - Using callQueue: class java.util.concurrent.LinkedBlockingQueue, queueCapacity: 2000, scheduler: class org.apache.hadoop.ipc.DefaultRpcScheduler, ipcBackoff: false.
2019-09-27 09:56:41,298 [Socket Reader #1 for port 33534] INFO  ipc.Server (Server.java:run(1074)) - Starting Socket Reader #1 for port 33534
2019-09-27 09:56:41,317 [main] INFO  hdfs.DFSUtil (DFSUtil.java:httpServerTemplateForNNAndJN(1641)) - Starting Web-server for scm at: http://0.0.0.0:0
2019-09-27 09:56:41,447 [main] INFO  server.AuthenticationFilter (AuthenticationFilter.java:constructSecretProvider(240)) - Unable to initialize FileSignerSecretProvider, falling back to use random secrets.
2019-09-27 09:56:41,453 [main] WARN  http.HttpRequestLog (HttpRequestLog.java:getRequestLog(97)) - Jetty request log can only be enabled using Log4j
2019-09-27 09:56:41,459 [main] INFO  http.HttpServer2 (HttpServer2.java:addGlobalFilter(975)) - Added global filter 'safety' (class=org.apache.hadoop.http.HttpServer2$QuotingInputFilter)
2019-09-27 09:56:41,462 [main] INFO  http.HttpServer2 (HttpServer2.java:addFilter(948)) - Added filter static_user_filter (class=org.apache.hadoop.http.lib.StaticUserWebFilter$StaticUserFilter) to context scm
2019-09-27 09:56:41,462 [main] INFO  http.HttpServer2 (HttpServer2.java:addFilter(958)) - Added filter static_user_filter (class=org.apache.hadoop.http.lib.StaticUserWebFilter$StaticUserFilter) to context static
2019-09-27 09:56:41,462 [main] INFO  http.HttpServer2 (HttpServer2.java:addFilter(958)) - Added filter static_user_filter (class=org.apache.hadoop.http.lib.StaticUserWebFilter$StaticUserFilter) to context logs
2019-09-27 09:56:41,487 [main] INFO  server.StorageContainerManager (StorageContainerManager.java:start(770)) - StorageContainerLocationProtocol RPC server is listening at /0.0.0.0:33534
2019-09-27 09:56:41,540 [main] WARN  impl.MetricsConfig (MetricsConfig.java:loadFirst(134)) - Cannot locate configuration: tried hadoop-metrics2-storagecontainermanager.properties,hadoop-metrics2.properties
2019-09-27 09:56:41,550 [main] INFO  impl.MetricsSystemImpl (MetricsSystemImpl.java:startTimer(374)) - Scheduled Metric snapshot period at 10 second(s).
2019-09-27 09:56:41,550 [main] INFO  impl.MetricsSystemImpl (MetricsSystemImpl.java:start(191)) - StorageContainerManager metrics system started
2019-09-27 09:56:41,583 [main] INFO  server.SCMClientProtocolServer (SCMClientProtocolServer.java:start(151)) - RPC server for Client  is listening at /0.0.0.0:33534
2019-09-27 09:56:41,584 [IPC Server Responder] INFO  ipc.Server (Server.java:run(1314)) - IPC Server Responder: starting
2019-09-27 09:56:41,584 [IPC Server listener on 33534] INFO  ipc.Server (Server.java:run(1153)) - IPC Server listener on 33534: starting
2019-09-27 09:56:41,587 [main] INFO  server.StorageContainerManager (StorageContainerManager.java:start(780)) - ScmBlockLocationProtocol RPC server is listening at /0.0.0.0:34265
2019-09-27 09:56:41,588 [main] INFO  server.SCMBlockProtocolServer (SCMBlockProtocolServer.java:start(146)) - RPC server for Block Protocol is listening at /0.0.0.0:34265
2019-09-27 09:56:41,589 [IPC Server Responder] INFO  ipc.Server (Server.java:run(1314)) - IPC Server Responder: starting
2019-09-27 09:56:41,589 [IPC Server listener on 34265] INFO  ipc.Server (Server.java:run(1153)) - IPC Server listener on 34265: starting
2019-09-27 09:56:41,591 [main] INFO  server.StorageContainerManager (StorageContainerManager.java:start(784)) - ScmDatanodeProtocl RPC server is listening at /0.0.0.0:36977
2019-09-27 09:56:41,591 [main] INFO  server.SCMDatanodeProtocolServer (SCMDatanodeProtocolServer.java:start(191)) - RPC server for DataNodes is listening at /0.0.0.0:36977
2019-09-27 09:56:41,592 [IPC Server Responder] INFO  ipc.Server (Server.java:run(1314)) - IPC Server Responder: starting
2019-09-27 09:56:41,592 [IPC Server listener on 36977] INFO  ipc.Server (Server.java:run(1153)) - IPC Server listener on 36977: starting
2019-09-27 09:56:41,596 [main] INFO  http.HttpServer2 (HttpServer2.java:bindListener(1191)) - Jetty bound to port 42215
2019-09-27 09:56:41,598 [main] INFO  server.Server (Server.java:doStart(351)) - jetty-9.3.25.v20180904, build timestamp: 2018-09-04T21:11:46Z, git hash: 3ce520221d0240229c862b122d2b06c12a625732
2019-09-27 09:56:41,629 [main] INFO  handler.ContextHandler (ContextHandler.java:doStart(781)) - Started o.e.j.s.ServletContextHandler@5987e932{/logs,file:///workdir/hadoop-ozone/integration-test/target/log,AVAILABLE}
2019-09-27 09:56:41,630 [main] INFO  handler.ContextHandler (ContextHandler.java:doStart(781)) - Started o.e.j.s.ServletContextHandler@5bbbdd4b{/static,file:///workdir/hadoop-ozone/integration-test/target/test-classes/webapps/static,AVAILABLE}
2019-09-27 09:56:41,659 [main] INFO  handler.ContextHandler (ContextHandler.java:doStart(781)) - Started o.e.j.w.WebAppContext@41477a6d{/,file:///workdir/hadoop-ozone/integration-test/target/test-classes/webapps/scm/,AVAILABLE}{/scm}
2019-09-27 09:56:41,664 [main] INFO  server.AbstractConnector (AbstractConnector.java:doStart(278)) - Started ServerConnector@45394b31{HTTP/1.1,[http/1.1]}{0.0.0.0:42215}
2019-09-27 09:56:41,664 [main] INFO  server.Server (Server.java:doStart(419)) - Started @3745ms
2019-09-27 09:56:41,666 [main] INFO  impl.MetricsSinkAdapter (MetricsSinkAdapter.java:start(204)) - Sink prometheus started
2019-09-27 09:56:41,666 [main] INFO  impl.MetricsSystemImpl (MetricsSystemImpl.java:registerSink(301)) - Registered sink prometheus
2019-09-27 09:56:41,667 [main] INFO  server.BaseHttpServer (BaseHttpServer.java:updateConnectorAddress(215)) - HTTP server of SCM is listening at http://0.0.0.0:42215
2019-09-27 09:56:41,671 [org.apache.hadoop.util.JvmPauseMonitor$Monitor@56781d96] INFO  util.JvmPauseMonitor (JvmPauseMonitor.java:run(188)) - Starting JVM pause monitor
2019-09-27 09:56:41,673 [main] WARN  server.ServerUtils (ServerUtils.java:getDBPath(222)) - ozone.om.db.dirs is not configured. We recommend adding this setting. Falling back to ozone.metadata.dirs instead.
2019-09-27 09:56:41,689 [main] INFO  ha.OMHANodeDetails (OMHANodeDetails.java:loadOMHAConfig(194)) - Configuration either no ozone.om.address set. Falling back to the default OM address /127.0.0.1:0
2019-09-27 09:56:41,689 [main] INFO  ha.OMHANodeDetails (OMHANodeDetails.java:getOMNodeDetails(224)) - OM Service ID is not set. Setting it to the default ID: omServiceIdDefault
2019-09-27 09:56:41,691 [main] WARN  server.ServerUtils (ServerUtils.java:getDBPath(222)) - ozone.om.db.dirs is not configured. We recommend adding this setting. Falling back to ozone.metadata.dirs instead.
2019-09-27 09:56:41,691 [main] WARN  server.ServerUtils (ServerUtils.java:getDBPath(222)) - ozone.om.db.dirs is not configured. We recommend adding this setting. Falling back to ozone.metadata.dirs instead.
2019-09-27 09:56:41,777 [main] WARN  server.ServerUtils (ServerUtils.java:getDBPath(222)) - ozone.om.db.dirs is not configured. We recommend adding this setting. Falling back to ozone.metadata.dirs instead.
2019-09-27 09:56:41,784 [main] INFO  db.DBStoreBuilder (DBStoreBuilder.java:addTable(110)) - using custom profile for table: userTable
2019-09-27 09:56:41,784 [main] INFO  db.DBStoreBuilder (DBStoreBuilder.java:processTables(161)) - Using default column profile:DBProfile.DISK for Table:userTable
2019-09-27 09:56:41,784 [main] INFO  db.DBStoreBuilder (DBStoreBuilder.java:addTable(110)) - using custom profile for table: volumeTable
2019-09-27 09:56:41,784 [main] INFO  db.DBStoreBuilder (DBStoreBuilder.java:processTables(161)) - Using default column profile:DBProfile.DISK for Table:volumeTable
2019-09-27 09:56:41,785 [main] INFO  db.DBStoreBuilder (DBStoreBuilder.java:addTable(110)) - using custom profile for table: bucketTable
2019-09-27 09:56:41,785 [main] INFO  db.DBStoreBuilder (DBStoreBuilder.java:processTables(161)) - Using default column profile:DBProfile.DISK for Table:bucketTable
2019-09-27 09:56:41,785 [main] INFO  db.DBStoreBuilder (DBStoreBuilder.java:addTable(110)) - using custom profile for table: keyTable
2019-09-27 09:56:41,785 [main] INFO  db.DBStoreBuilder (DBStoreBuilder.java:processTables(161)) - Using default column profile:DBProfile.DISK for Table:keyTable
2019-09-27 09:56:41,785 [main] INFO  db.DBStoreBuilder (DBStoreBuilder.java:addTable(110)) - using custom profile for table: deletedTable
2019-09-27 09:56:41,786 [main] INFO  db.DBStoreBuilder (DBStoreBuilder.java:processTables(161)) - Using default column profile:DBProfile.DISK for Table:deletedTable
2019-09-27 09:56:41,786 [main] INFO  db.DBStoreBuilder (DBStoreBuilder.java:addTable(110)) - using custom profile for table: openKeyTable
2019-09-27 09:56:41,786 [main] INFO  db.DBStoreBuilder (DBStoreBuilder.java:processTables(161)) - Using default column profile:DBProfile.DISK for Table:openKeyTable
2019-09-27 09:56:41,786 [main] INFO  db.DBStoreBuilder (DBStoreBuilder.java:addTable(110)) - using custom profile for table: s3Table
2019-09-27 09:56:41,786 [main] INFO  db.DBStoreBuilder (DBStoreBuilder.java:processTables(161)) - Using default column profile:DBProfile.DISK for Table:s3Table
2019-09-27 09:56:41,787 [main] INFO  db.DBStoreBuilder (DBStoreBuilder.java:addTable(110)) - using custom profile for table: multipartInfoTable
2019-09-27 09:56:41,787 [main] INFO  db.DBStoreBuilder (DBStoreBuilder.java:processTables(161)) - Using default column profile:DBProfile.DISK for Table:multipartInfoTable
2019-09-27 09:56:41,787 [main] INFO  db.DBStoreBuilder (DBStoreBuilder.java:addTable(110)) - using custom profile for table: dTokenTable
2019-09-27 09:56:41,787 [main] INFO  db.DBStoreBuilder (DBStoreBuilder.java:processTables(161)) - Using default column profile:DBProfile.DISK for Table:dTokenTable
2019-09-27 09:56:41,788 [main] INFO  db.DBStoreBuilder (DBStoreBuilder.java:addTable(110)) - using custom profile for table: s3SecretTable
2019-09-27 09:56:41,788 [main] INFO  db.DBStoreBuilder (DBStoreBuilder.java:processTables(161)) - Using default column profile:DBProfile.DISK for Table:s3SecretTable
2019-09-27 09:56:41,788 [main] INFO  db.DBStoreBuilder (DBStoreBuilder.java:addTable(110)) - using custom profile for table: prefixTable
2019-09-27 09:56:41,788 [main] INFO  db.DBStoreBuilder (DBStoreBuilder.java:processTables(161)) - Using default column profile:DBProfile.DISK for Table:prefixTable
2019-09-27 09:56:41,789 [main] INFO  db.DBStoreBuilder (DBStoreBuilder.java:addTable(110)) - using custom profile for table: default
2019-09-27 09:56:41,789 [main] INFO  db.DBStoreBuilder (DBStoreBuilder.java:processTables(167)) - Using default column profile:DBProfile.DISK for Table:default
2019-09-27 09:56:41,789 [main] INFO  db.DBStoreBuilder (DBStoreBuilder.java:getDbProfile(198)) - Using default options. DBProfile.DISK
2019-09-27 09:56:42,230 [main] INFO  ipc.CallQueueManager (CallQueueManager.java:<init>(84)) - Using callQueue: class java.util.concurrent.LinkedBlockingQueue, queueCapacity: 2000, scheduler: class org.apache.hadoop.ipc.DefaultRpcScheduler, ipcBackoff: false.
2019-09-27 09:56:42,231 [Socket Reader #1 for port 37926] INFO  ipc.Server (Server.java:run(1074)) - Starting Socket Reader #1 for port 37926
2019-09-27 09:56:42,251 [main] INFO  om.OzoneManager (OzoneManager.java:start(1069)) - OzoneManager RPC server is listening at localhost/127.0.0.1:37926
2019-09-27 09:56:42,251 [main] INFO  impl.MetricsSystemImpl (MetricsSystemImpl.java:init(158)) - OzoneManager metrics system started (again)
2019-09-27 09:56:42,262 [IPC Server Responder] INFO  ipc.Server (Server.java:run(1314)) - IPC Server Responder: starting
2019-09-27 09:56:42,262 [IPC Server listener on 37926] INFO  ipc.Server (Server.java:run(1153)) - IPC Server listener on 37926: starting
2019-09-27 09:56:42,268 [main] INFO  hdfs.DFSUtil (DFSUtil.java:httpServerTemplateForNNAndJN(1641)) - Starting Web-server for ozoneManager at: http://0.0.0.0:0
2019-09-27 09:56:42,270 [main] INFO  server.AuthenticationFilter (AuthenticationFilter.java:constructSecretProvider(240)) - Unable to initialize FileSignerSecretProvider, falling back to use random secrets.
2019-09-27 09:56:42,272 [main] WARN  http.HttpRequestLog (HttpRequestLog.java:getRequestLog(97)) - Jetty request log can only be enabled using Log4j
2019-09-27 09:56:42,275 [main] INFO  http.HttpServer2 (HttpServer2.java:addGlobalFilter(975)) - Added global filter 'safety' (class=org.apache.hadoop.http.HttpServer2$QuotingInputFilter)
2019-09-27 09:56:42,277 [main] INFO  http.HttpServer2 (HttpServer2.java:addFilter(948)) - Added filter static_user_filter (class=org.apache.hadoop.http.lib.StaticUserWebFilter$StaticUserFilter) to context ozoneManager
2019-09-27 09:56:42,277 [main] INFO  http.HttpServer2 (HttpServer2.java:addFilter(958)) - Added filter static_user_filter (class=org.apache.hadoop.http.lib.StaticUserWebFilter$StaticUserFilter) to context static
2019-09-27 09:56:42,277 [main] INFO  http.HttpServer2 (HttpServer2.java:addFilter(958)) - Added filter static_user_filter (class=org.apache.hadoop.http.lib.StaticUserWebFilter$StaticUserFilter) to context logs
2019-09-27 09:56:42,280 [main] INFO  http.HttpServer2 (HttpServer2.java:bindListener(1191)) - Jetty bound to port 42019
2019-09-27 09:56:42,281 [main] INFO  server.Server (Server.java:doStart(351)) - jetty-9.3.25.v20180904, build timestamp: 2018-09-04T21:11:46Z, git hash: 3ce520221d0240229c862b122d2b06c12a625732
2019-09-27 09:56:42,283 [main] INFO  handler.ContextHandler (ContextHandler.java:doStart(781)) - Started o.e.j.s.ServletContextHandler@185f7840{/logs,file:///workdir/hadoop-ozone/integration-test/target/log,AVAILABLE}
2019-09-27 09:56:42,284 [main] INFO  handler.ContextHandler (ContextHandler.java:doStart(781)) - Started o.e.j.s.ServletContextHandler@7e7f0f0a{/static,file:///workdir/hadoop-ozone/integration-test/target/test-classes/webapps/static,AVAILABLE}
2019-09-27 09:56:42,291 [main] INFO  handler.ContextHandler (ContextHandler.java:doStart(781)) - Started o.e.j.w.WebAppContext@55f8669d{/,file:///workdir/hadoop-ozone/integration-test/target/test-classes/webapps/ozoneManager/,AVAILABLE}{/ozoneManager}
2019-09-27 09:56:42,292 [main] INFO  server.AbstractConnector (AbstractConnector.java:doStart(278)) - Started ServerConnector@6be25526{HTTP/1.1,[http/1.1]}{0.0.0.0:42019}
2019-09-27 09:56:42,293 [main] INFO  server.Server (Server.java:doStart(419)) - Started @4374ms
2019-09-27 09:56:42,293 [main] WARN  impl.MetricsSystemImpl (MetricsSystemImpl.java:register(276)) - Sink prometheus already exists!
2019-09-27 09:56:42,294 [main] INFO  server.BaseHttpServer (BaseHttpServer.java:updateConnectorAddress(215)) - HTTP server of OZONEMANAGER is listening at http://0.0.0.0:42019
2019-09-27 09:56:42,564 [main] INFO  impl.MetricsSystemImpl (MetricsSystemImpl.java:init(158)) - HddsDatanode metrics system started (again)
2019-09-27 09:56:42,609 [main] INFO  ozone.HddsDatanodeService (HddsDatanodeService.java:start(184)) - HddsDatanodeService host:pr-hdds2162-4fxhj-20988671 ip:192.168.151.103
2019-09-27 09:56:42,637 [main] INFO  volume.HddsVolume (HddsVolume.java:<init>(176)) - Creating Volume: /workdir/hadoop-ozone/integration-test/target/test-dir/MiniOzoneClusterImpl-8eeacee4-f2ea-46c6-9d4b-1ae1fb96175b/datanode-0/data/containers/hdds of  storage type : DISK and capacity : 1482555576320
2019-09-27 09:56:42,638 [main] INFO  volume.VolumeSet (VolumeSet.java:initializeVolumeSet(170)) - Added Volume : /workdir/hadoop-ozone/integration-test/target/test-dir/MiniOzoneClusterImpl-8eeacee4-f2ea-46c6-9d4b-1ae1fb96175b/datanode-0/data/containers/hdds to VolumeSet
2019-09-27 09:56:42,641 [main] INFO  volume.ThrottledAsyncChecker (ThrottledAsyncChecker.java:schedule(139)) - Scheduling a check for org.apache.hadoop.ozone.container.common.volume.HddsVolume@13f9ad9
2019-09-27 09:56:42,656 [main] INFO  volume.HddsVolumeChecker (HddsVolumeChecker.java:checkAllVolumes(202)) - Scheduled health check for volume org.apache.hadoop.ozone.container.common.volume.HddsVolume@13f9ad9
2019-09-27 09:56:42,752 [main] INFO  impl.RaftServerProxy (ConfUtils.java:logGet(43)) - raft.rpc.type = GRPC (default)
2019-09-27 09:56:42,843 [main] INFO  grpc.GrpcFactory (GrpcFactory.java:checkPooledByteBufAllocatorUseCacheForAllThreads(45)) - PERFORMANCE WARNING: useCacheForAllThreads is true that may cause Netty to create a lot garbage objects and, as a result, trigger GC.
	It is recommended to disable useCacheForAllThreads by setting -Dorg.apache.ratis.thirdparty.io.netty.allocator.useCacheForAllThreads=false in command line.
2019-09-27 09:56:42,853 [main] INFO  grpc.GrpcConfigKeys$Server (ConfUtils.java:logGet(43)) - raft.grpc.server.port = 0 (default)
2019-09-27 09:56:42,855 [main] INFO  server.GrpcService (ConfUtils.java:logGet(43)) - raft.grpc.message.size.max = 33570816 (custom)
2019-09-27 09:56:42,857 [main] INFO  server.RaftServerConfigKeys (ConfUtils.java:logGet(43)) - raft.server.log.appender.buffer.byte-limit = 33554432 (custom)
2019-09-27 09:56:42,859 [main] INFO  server.GrpcService (ConfUtils.java:logGet(43)) - raft.grpc.flow.control.window = 1MB (=1048576) (default)
2019-09-27 09:56:42,860 [main] INFO  server.RaftServerConfigKeys (ConfUtils.java:logGet(43)) - raft.server.rpc.request.timeout = 3000ms (default)
2019-09-27 09:56:43,042 [main] INFO  server.RaftServerConfigKeys (ConfUtils.java:logGet(43)) - raft.server.storage.dir = [/workdir/hadoop-ozone/integration-test/target/test-dir/MiniOzoneClusterImpl-8eeacee4-f2ea-46c6-9d4b-1ae1fb96175b/datanode-0/data/ratis] (custom)
2019-09-27 09:56:43,096 [main] INFO  hdfs.DFSUtil (DFSUtil.java:httpServerTemplateForNNAndJN(1641)) - Starting Web-server for hddsDatanode at: http://0.0.0.0:0
2019-09-27 09:56:43,099 [main] INFO  server.AuthenticationFilter (AuthenticationFilter.java:constructSecretProvider(240)) - Unable to initialize FileSignerSecretProvider, falling back to use random secrets.
2019-09-27 09:56:43,100 [main] WARN  http.HttpRequestLog (HttpRequestLog.java:getRequestLog(97)) - Jetty request log can only be enabled using Log4j
2019-09-27 09:56:43,103 [main] INFO  http.HttpServer2 (HttpServer2.java:addGlobalFilter(975)) - Added global filter 'safety' (class=org.apache.hadoop.http.HttpServer2$QuotingInputFilter)
2019-09-27 09:56:43,104 [main] INFO  http.HttpServer2 (HttpServer2.java:addFilter(948)) - Added filter static_user_filter (class=org.apache.hadoop.http.lib.StaticUserWebFilter$StaticUserFilter) to context hddsDatanode
2019-09-27 09:56:43,104 [main] INFO  http.HttpServer2 (HttpServer2.java:addFilter(958)) - Added filter static_user_filter (class=org.apache.hadoop.http.lib.StaticUserWebFilter$StaticUserFilter) to context logs
2019-09-27 09:56:43,104 [main] INFO  http.HttpServer2 (HttpServer2.java:addFilter(958)) - Added filter static_user_filter (class=org.apache.hadoop.http.lib.StaticUserWebFilter$StaticUserFilter) to context static
2019-09-27 09:56:43,106 [main] INFO  http.HttpServer2 (HttpServer2.java:bindListener(1191)) - Jetty bound to port 43170
2019-09-27 09:56:43,106 [main] INFO  server.Server (Server.java:doStart(351)) - jetty-9.3.25.v20180904, build timestamp: 2018-09-04T21:11:46Z, git hash: 3ce520221d0240229c862b122d2b06c12a625732
2019-09-27 09:56:43,109 [main] INFO  handler.ContextHandler (ContextHandler.java:doStart(781)) - Started o.e.j.s.ServletContextHandler@43af351a{/logs,file:///workdir/hadoop-ozone/integration-test/target/log,AVAILABLE}
2019-09-27 09:56:43,110 [main] INFO  handler.ContextHandler (ContextHandler.java:doStart(781)) - Started o.e.j.s.ServletContextHandler@72f9f27c{/static,jar:file:/home/user/.m2/repository/org/apache/hadoop/hadoop-hdds-container-service/0.5.0-SNAPSHOT/hadoop-hdds-container-service-0.5.0-SNAPSHOT.jar!/webapps/static,AVAILABLE}
2019-09-27 09:56:43,159 [main] INFO  handler.ContextHandler (ContextHandler.java:doStart(781)) - Started o.e.j.w.WebAppContext@56dfab87{/,file:///tmp/jetty-0.0.0.0-43170-hddsDatanode-_-any-7500191141571325435.dir/webapp/,AVAILABLE}{/hddsDatanode}
2019-09-27 09:56:43,161 [main] INFO  server.AbstractConnector (AbstractConnector.java:doStart(278)) - Started ServerConnector@715b886f{HTTP/1.1,[http/1.1]}{0.0.0.0:43170}
2019-09-27 09:56:43,164 [main] INFO  server.Server (Server.java:doStart(419)) - Started @5246ms
2019-09-27 09:56:43,165 [main] WARN  impl.MetricsSystemImpl (MetricsSystemImpl.java:register(276)) - Sink prometheus already exists!
2019-09-27 09:56:43,166 [main] INFO  server.BaseHttpServer (BaseHttpServer.java:updateConnectorAddress(215)) - HTTP server of HDDSDATANODE is listening at http://0.0.0.0:43170
2019-09-27 09:56:43,167 [main] INFO  impl.MetricsSystemImpl (MetricsSystemImpl.java:init(158)) - HddsDatanode metrics system started (again)
2019-09-27 09:56:43,171 [main] INFO  ozone.HddsDatanodeService (HddsDatanodeService.java:start(184)) - HddsDatanodeService host:pr-hdds2162-4fxhj-20988671 ip:192.168.151.103
2019-09-27 09:56:43,174 [org.apache.hadoop.util.JvmPauseMonitor$Monitor@a7a5518] INFO  util.JvmPauseMonitor (JvmPauseMonitor.java:run(188)) - Starting JVM pause monitor
2019-09-27 09:56:43,182 [main] INFO  volume.HddsVolume (HddsVolume.java:<init>(176)) - Creating Volume: /workdir/hadoop-ozone/integration-test/target/test-dir/MiniOzoneClusterImpl-8eeacee4-f2ea-46c6-9d4b-1ae1fb96175b/datanode-1/data/containers/hdds of  storage type : DISK and capacity : 1482555576320
2019-09-27 09:56:43,183 [main] INFO  volume.VolumeSet (VolumeSet.java:initializeVolumeSet(170)) - Added Volume : /workdir/hadoop-ozone/integration-test/target/test-dir/MiniOzoneClusterImpl-8eeacee4-f2ea-46c6-9d4b-1ae1fb96175b/datanode-1/data/containers/hdds to VolumeSet
2019-09-27 09:56:43,184 [main] INFO  volume.ThrottledAsyncChecker (ThrottledAsyncChecker.java:schedule(139)) - Scheduling a check for org.apache.hadoop.ozone.container.common.volume.HddsVolume@3f0d6038
2019-09-27 09:56:43,185 [main] INFO  volume.HddsVolumeChecker (HddsVolumeChecker.java:checkAllVolumes(202)) - Scheduled health check for volume org.apache.hadoop.ozone.container.common.volume.HddsVolume@3f0d6038
2019-09-27 09:56:43,209 [main] INFO  impl.RaftServerProxy (ConfUtils.java:logGet(43)) - raft.rpc.type = GRPC (default)
2019-09-27 09:56:43,210 [main] INFO  grpc.GrpcFactory (GrpcFactory.java:checkPooledByteBufAllocatorUseCacheForAllThreads(45)) - PERFORMANCE WARNING: useCacheForAllThreads is true that may cause Netty to create a lot garbage objects and, as a result, trigger GC.
	It is recommended to disable useCacheForAllThreads by setting -Dorg.apache.ratis.thirdparty.io.netty.allocator.useCacheForAllThreads=false in command line.
2019-09-27 09:56:43,210 [main] INFO  grpc.GrpcConfigKeys$Server (ConfUtils.java:logGet(43)) - raft.grpc.server.port = 0 (default)
2019-09-27 09:56:43,210 [main] INFO  server.GrpcService (ConfUtils.java:logGet(43)) - raft.grpc.message.size.max = 33570816 (custom)
2019-09-27 09:56:43,211 [main] INFO  server.RaftServerConfigKeys (ConfUtils.java:logGet(43)) - raft.server.log.appender.buffer.byte-limit = 33554432 (custom)
2019-09-27 09:56:43,211 [main] INFO  server.GrpcService (ConfUtils.java:logGet(43)) - raft.grpc.flow.control.window = 1MB (=1048576) (default)
2019-09-27 09:56:43,211 [main] INFO  server.RaftServerConfigKeys (ConfUtils.java:logGet(43)) - raft.server.rpc.request.timeout = 3000ms (default)
2019-09-27 09:56:43,212 [main] INFO  server.RaftServerConfigKeys (ConfUtils.java:logGet(43)) - raft.server.storage.dir = [/workdir/hadoop-ozone/integration-test/target/test-dir/MiniOzoneClusterImpl-8eeacee4-f2ea-46c6-9d4b-1ae1fb96175b/datanode-1/data/ratis] (custom)
2019-09-27 09:56:43,215 [main] INFO  hdfs.DFSUtil (DFSUtil.java:httpServerTemplateForNNAndJN(1641)) - Starting Web-server for hddsDatanode at: http://0.0.0.0:0
2019-09-27 09:56:43,217 [main] INFO  server.AuthenticationFilter (AuthenticationFilter.java:constructSecretProvider(240)) - Unable to initialize FileSignerSecretProvider, falling back to use random secrets.
2019-09-27 09:56:43,218 [main] WARN  http.HttpRequestLog (HttpRequestLog.java:getRequestLog(97)) - Jetty request log can only be enabled using Log4j
2019-09-27 09:56:43,220 [main] INFO  http.HttpServer2 (HttpServer2.java:addGlobalFilter(975)) - Added global filter 'safety' (class=org.apache.hadoop.http.HttpServer2$QuotingInputFilter)
2019-09-27 09:56:43,221 [main] INFO  http.HttpServer2 (HttpServer2.java:addFilter(948)) - Added filter static_user_filter (class=org.apache.hadoop.http.lib.StaticUserWebFilter$StaticUserFilter) to context hddsDatanode
2019-09-27 09:56:43,221 [main] INFO  http.HttpServer2 (HttpServer2.java:addFilter(958)) - Added filter static_user_filter (class=org.apache.hadoop.http.lib.StaticUserWebFilter$StaticUserFilter) to context logs
2019-09-27 09:56:43,221 [main] INFO  http.HttpServer2 (HttpServer2.java:addFilter(958)) - Added filter static_user_filter (class=org.apache.hadoop.http.lib.StaticUserWebFilter$StaticUserFilter) to context static
2019-09-27 09:56:43,222 [main] INFO  http.HttpServer2 (HttpServer2.java:bindListener(1191)) - Jetty bound to port 40563
2019-09-27 09:56:43,223 [main] INFO  server.Server (Server.java:doStart(351)) - jetty-9.3.25.v20180904, build timestamp: 2018-09-04T21:11:46Z, git hash: 3ce520221d0240229c862b122d2b06c12a625732
2019-09-27 09:56:43,228 [main] INFO  handler.ContextHandler (ContextHandler.java:doStart(781)) - Started o.e.j.s.ServletContextHandler@68b9834c{/logs,file:///workdir/hadoop-ozone/integration-test/target/log,AVAILABLE}
2019-09-27 09:56:43,229 [main] INFO  handler.ContextHandler (ContextHandler.java:doStart(781)) - Started o.e.j.s.ServletContextHandler@671d1157{/static,jar:file:/home/user/.m2/repository/org/apache/hadoop/hadoop-hdds-container-service/0.5.0-SNAPSHOT/hadoop-hdds-container-service-0.5.0-SNAPSHOT.jar!/webapps/static,AVAILABLE}
2019-09-27 09:56:43,275 [main] INFO  handler.ContextHandler (ContextHandler.java:doStart(781)) - Started o.e.j.w.WebAppContext@5a1c3cb4{/,file:///tmp/jetty-0.0.0.0-40563-hddsDatanode-_-any-6295195229849714089.dir/webapp/,AVAILABLE}{/hddsDatanode}
2019-09-27 09:56:43,277 [main] INFO  server.AbstractConnector (AbstractConnector.java:doStart(278)) - Started ServerConnector@76ad6715{HTTP/1.1,[http/1.1]}{0.0.0.0:40563}
2019-09-27 09:56:43,279 [main] INFO  server.Server (Server.java:doStart(419)) - Started @5360ms
2019-09-27 09:56:43,279 [main] WARN  impl.MetricsSystemImpl (MetricsSystemImpl.java:register(276)) - Sink prometheus already exists!
2019-09-27 09:56:43,280 [main] INFO  server.BaseHttpServer (BaseHttpServer.java:updateConnectorAddress(215)) - HTTP server of HDDSDATANODE is listening at http://0.0.0.0:40563
2019-09-27 09:56:43,281 [main] INFO  impl.MetricsSystemImpl (MetricsSystemImpl.java:init(158)) - HddsDatanode metrics system started (again)
2019-09-27 09:56:43,284 [org.apache.hadoop.util.JvmPauseMonitor$Monitor@77a237ac] INFO  util.JvmPauseMonitor (JvmPauseMonitor.java:run(188)) - Starting JVM pause monitor
2019-09-27 09:56:43,284 [main] INFO  ozone.HddsDatanodeService (HddsDatanodeService.java:start(184)) - HddsDatanodeService host:pr-hdds2162-4fxhj-20988671 ip:192.168.151.103
2019-09-27 09:56:43,294 [main] INFO  volume.HddsVolume (HddsVolume.java:<init>(176)) - Creating Volume: /workdir/hadoop-ozone/integration-test/target/test-dir/MiniOzoneClusterImpl-8eeacee4-f2ea-46c6-9d4b-1ae1fb96175b/datanode-2/data/containers/hdds of  storage type : DISK and capacity : 1482555576320
2019-09-27 09:56:43,295 [main] INFO  volume.VolumeSet (VolumeSet.java:initializeVolumeSet(170)) - Added Volume : /workdir/hadoop-ozone/integration-test/target/test-dir/MiniOzoneClusterImpl-8eeacee4-f2ea-46c6-9d4b-1ae1fb96175b/datanode-2/data/containers/hdds to VolumeSet
2019-09-27 09:56:43,295 [main] INFO  volume.ThrottledAsyncChecker (ThrottledAsyncChecker.java:schedule(139)) - Scheduling a check for org.apache.hadoop.ozone.container.common.volume.HddsVolume@32130e61
2019-09-27 09:56:43,296 [main] INFO  volume.HddsVolumeChecker (HddsVolumeChecker.java:checkAllVolumes(202)) - Scheduled health check for volume org.apache.hadoop.ozone.container.common.volume.HddsVolume@32130e61
2019-09-27 09:56:43,306 [Datanode State Machine Thread - 0] INFO  datanode.InitDatanodeState (InitDatanodeState.java:persistContainerDatanodeDetails(140)) - DatanodeDetails is persisted to /workdir/hadoop-ozone/integration-test/target/test-dir/MiniOzoneClusterImpl-8eeacee4-f2ea-46c6-9d4b-1ae1fb96175b/datanode-0/meta/datanode.id
2019-09-27 09:56:43,310 [Datanode State Machine Thread - 0] INFO  datanode.InitDatanodeState (InitDatanodeState.java:persistContainerDatanodeDetails(140)) - DatanodeDetails is persisted to /workdir/hadoop-ozone/integration-test/target/test-dir/MiniOzoneClusterImpl-8eeacee4-f2ea-46c6-9d4b-1ae1fb96175b/datanode-1/meta/datanode.id
2019-09-27 09:56:43,319 [main] INFO  impl.RaftServerProxy (ConfUtils.java:logGet(43)) - raft.rpc.type = GRPC (default)
2019-09-27 09:56:43,319 [main] INFO  grpc.GrpcFactory (GrpcFactory.java:checkPooledByteBufAllocatorUseCacheForAllThreads(45)) - PERFORMANCE WARNING: useCacheForAllThreads is true that may cause Netty to create a lot garbage objects and, as a result, trigger GC.
	It is recommended to disable useCacheForAllThreads by setting -Dorg.apache.ratis.thirdparty.io.netty.allocator.useCacheForAllThreads=false in command line.
2019-09-27 09:56:43,322 [main] INFO  grpc.GrpcConfigKeys$Server (ConfUtils.java:logGet(43)) - raft.grpc.server.port = 0 (default)
2019-09-27 09:56:43,322 [main] INFO  server.GrpcService (ConfUtils.java:logGet(43)) - raft.grpc.message.size.max = 33570816 (custom)
2019-09-27 09:56:43,322 [main] INFO  server.RaftServerConfigKeys (ConfUtils.java:logGet(43)) - raft.server.log.appender.buffer.byte-limit = 33554432 (custom)
2019-09-27 09:56:43,322 [main] INFO  server.GrpcService (ConfUtils.java:logGet(43)) - raft.grpc.flow.control.window = 1MB (=1048576) (default)
2019-09-27 09:56:43,323 [main] INFO  server.RaftServerConfigKeys (ConfUtils.java:logGet(43)) - raft.server.rpc.request.timeout = 3000ms (default)
2019-09-27 09:56:43,324 [main] INFO  server.RaftServerConfigKeys (ConfUtils.java:logGet(43)) - raft.server.storage.dir = [/workdir/hadoop-ozone/integration-test/target/test-dir/MiniOzoneClusterImpl-8eeacee4-f2ea-46c6-9d4b-1ae1fb96175b/datanode-2/data/ratis] (custom)
2019-09-27 09:56:43,326 [main] INFO  hdfs.DFSUtil (DFSUtil.java:httpServerTemplateForNNAndJN(1641)) - Starting Web-server for hddsDatanode at: http://0.0.0.0:0
2019-09-27 09:56:43,328 [main] INFO  server.AuthenticationFilter (AuthenticationFilter.java:constructSecretProvider(240)) - Unable to initialize FileSignerSecretProvider, falling back to use random secrets.
2019-09-27 09:56:43,328 [main] WARN  http.HttpRequestLog (HttpRequestLog.java:getRequestLog(97)) - Jetty request log can only be enabled using Log4j
2019-09-27 09:56:43,330 [main] INFO  http.HttpServer2 (HttpServer2.java:addGlobalFilter(975)) - Added global filter 'safety' (class=org.apache.hadoop.http.HttpServer2$QuotingInputFilter)
2019-09-27 09:56:43,330 [main] INFO  http.HttpServer2 (HttpServer2.java:addFilter(948)) - Added filter static_user_filter (class=org.apache.hadoop.http.lib.StaticUserWebFilter$StaticUserFilter) to context hddsDatanode
2019-09-27 09:56:43,331 [main] INFO  http.HttpServer2 (HttpServer2.java:addFilter(958)) - Added filter static_user_filter (class=org.apache.hadoop.http.lib.StaticUserWebFilter$StaticUserFilter) to context logs
2019-09-27 09:56:43,331 [main] INFO  http.HttpServer2 (HttpServer2.java:addFilter(958)) - Added filter static_user_filter (class=org.apache.hadoop.http.lib.StaticUserWebFilter$StaticUserFilter) to context static
2019-09-27 09:56:43,331 [main] INFO  http.HttpServer2 (HttpServer2.java:bindListener(1191)) - Jetty bound to port 40060
2019-09-27 09:56:43,332 [main] INFO  server.Server (Server.java:doStart(351)) - jetty-9.3.25.v20180904, build timestamp: 2018-09-04T21:11:46Z, git hash: 3ce520221d0240229c862b122d2b06c12a625732
2019-09-27 09:56:43,334 [main] INFO  handler.ContextHandler (ContextHandler.java:doStart(781)) - Started o.e.j.s.ServletContextHandler@4f9a6c2d{/logs,file:///workdir/hadoop-ozone/integration-test/target/log,AVAILABLE}
2019-09-27 09:56:43,335 [main] INFO  handler.ContextHandler (ContextHandler.java:doStart(781)) - Started o.e.j.s.ServletContextHandler@75de6341{/static,jar:file:/home/user/.m2/repository/org/apache/hadoop/hadoop-hdds-container-service/0.5.0-SNAPSHOT/hadoop-hdds-container-service-0.5.0-SNAPSHOT.jar!/webapps/static,AVAILABLE}
2019-09-27 09:56:43,363 [main] INFO  handler.ContextHandler (ContextHandler.java:doStart(781)) - Started o.e.j.w.WebAppContext@3ba46e63{/,file:///tmp/jetty-0.0.0.0-40060-hddsDatanode-_-any-5870245127199532791.dir/webapp/,AVAILABLE}{/hddsDatanode}
2019-09-27 09:56:43,364 [main] INFO  server.AbstractConnector (AbstractConnector.java:doStart(278)) - Started ServerConnector@788ddc1f{HTTP/1.1,[http/1.1]}{0.0.0.0:40060}
2019-09-27 09:56:43,365 [main] INFO  server.Server (Server.java:doStart(419)) - Started @5446ms
2019-09-27 09:56:43,365 [main] WARN  impl.MetricsSystemImpl (MetricsSystemImpl.java:register(276)) - Sink prometheus already exists!
2019-09-27 09:56:43,366 [main] INFO  server.BaseHttpServer (BaseHttpServer.java:updateConnectorAddress(215)) - HTTP server of HDDSDATANODE is listening at http://0.0.0.0:40060
2019-09-27 09:56:43,367 [main] INFO  impl.MetricsSystemImpl (MetricsSystemImpl.java:init(158)) - HddsDatanode metrics system started (again)
2019-09-27 09:56:43,370 [main] INFO  ozone.HddsDatanodeService (HddsDatanodeService.java:start(184)) - HddsDatanodeService host:pr-hdds2162-4fxhj-20988671 ip:192.168.151.103
2019-09-27 09:56:43,370 [org.apache.hadoop.util.JvmPauseMonitor$Monitor@3b73e650] INFO  util.JvmPauseMonitor (JvmPauseMonitor.java:run(188)) - Starting JVM pause monitor
2019-09-27 09:56:43,374 [Datanode State Machine Thread - 0] INFO  datanode.InitDatanodeState (InitDatanodeState.java:persistContainerDatanodeDetails(140)) - DatanodeDetails is persisted to /workdir/hadoop-ozone/integration-test/target/test-dir/MiniOzoneClusterImpl-8eeacee4-f2ea-46c6-9d4b-1ae1fb96175b/datanode-2/meta/datanode.id
2019-09-27 09:56:43,378 [main] INFO  volume.HddsVolume (HddsVolume.java:<init>(176)) - Creating Volume: /workdir/hadoop-ozone/integration-test/target/test-dir/MiniOzoneClusterImpl-8eeacee4-f2ea-46c6-9d4b-1ae1fb96175b/datanode-3/data/containers/hdds of  storage type : DISK and capacity : 1482555576320
2019-09-27 09:56:43,378 [main] INFO  volume.VolumeSet (VolumeSet.java:initializeVolumeSet(170)) - Added Volume : /workdir/hadoop-ozone/integration-test/target/test-dir/MiniOzoneClusterImpl-8eeacee4-f2ea-46c6-9d4b-1ae1fb96175b/datanode-3/data/containers/hdds to VolumeSet
2019-09-27 09:56:43,379 [main] INFO  volume.ThrottledAsyncChecker (ThrottledAsyncChecker.java:schedule(139)) - Scheduling a check for org.apache.hadoop.ozone.container.common.volume.HddsVolume@29149030
2019-09-27 09:56:43,379 [main] INFO  volume.HddsVolumeChecker (HddsVolumeChecker.java:checkAllVolumes(202)) - Scheduled health check for volume org.apache.hadoop.ozone.container.common.volume.HddsVolume@29149030
2019-09-27 09:56:43,393 [main] INFO  impl.RaftServerProxy (ConfUtils.java:logGet(43)) - raft.rpc.type = GRPC (default)
2019-09-27 09:56:43,393 [main] INFO  grpc.GrpcFactory (GrpcFactory.java:checkPooledByteBufAllocatorUseCacheForAllThreads(45)) - PERFORMANCE WARNING: useCacheForAllThreads is true that may cause Netty to create a lot garbage objects and, as a result, trigger GC.
	It is recommended to disable useCacheForAllThreads by setting -Dorg.apache.ratis.thirdparty.io.netty.allocator.useCacheForAllThreads=false in command line.
2019-09-27 09:56:43,393 [main] INFO  grpc.GrpcConfigKeys$Server (ConfUtils.java:logGet(43)) - raft.grpc.server.port = 0 (default)
2019-09-27 09:56:43,394 [main] INFO  server.GrpcService (ConfUtils.java:logGet(43)) - raft.grpc.message.size.max = 33570816 (custom)
2019-09-27 09:56:43,394 [main] INFO  server.RaftServerConfigKeys (ConfUtils.java:logGet(43)) - raft.server.log.appender.buffer.byte-limit = 33554432 (custom)
2019-09-27 09:56:43,394 [main] INFO  server.GrpcService (ConfUtils.java:logGet(43)) - raft.grpc.flow.control.window = 1MB (=1048576) (default)
2019-09-27 09:56:43,394 [main] INFO  server.RaftServerConfigKeys (ConfUtils.java:logGet(43)) - raft.server.rpc.request.timeout = 3000ms (default)
2019-09-27 09:56:43,395 [main] INFO  server.RaftServerConfigKeys (ConfUtils.java:logGet(43)) - raft.server.storage.dir = [/workdir/hadoop-ozone/integration-test/target/test-dir/MiniOzoneClusterImpl-8eeacee4-f2ea-46c6-9d4b-1ae1fb96175b/datanode-3/data/ratis] (custom)
2019-09-27 09:56:43,396 [main] INFO  hdfs.DFSUtil (DFSUtil.java:httpServerTemplateForNNAndJN(1641)) - Starting Web-server for hddsDatanode at: http://0.0.0.0:0
2019-09-27 09:56:43,398 [main] INFO  server.AuthenticationFilter (AuthenticationFilter.java:constructSecretProvider(240)) - Unable to initialize FileSignerSecretProvider, falling back to use random secrets.
2019-09-27 09:56:43,398 [main] WARN  http.HttpRequestLog (HttpRequestLog.java:getRequestLog(97)) - Jetty request log can only be enabled using Log4j
2019-09-27 09:56:43,399 [main] INFO  http.HttpServer2 (HttpServer2.java:addGlobalFilter(975)) - Added global filter 'safety' (class=org.apache.hadoop.http.HttpServer2$QuotingInputFilter)
2019-09-27 09:56:43,400 [main] INFO  http.HttpServer2 (HttpServer2.java:addFilter(948)) - Added filter static_user_filter (class=org.apache.hadoop.http.lib.StaticUserWebFilter$StaticUserFilter) to context hddsDatanode
2019-09-27 09:56:43,400 [main] INFO  http.HttpServer2 (HttpServer2.java:addFilter(958)) - Added filter static_user_filter (class=org.apache.hadoop.http.lib.StaticUserWebFilter$StaticUserFilter) to context static
2019-09-27 09:56:43,400 [main] INFO  http.HttpServer2 (HttpServer2.java:addFilter(958)) - Added filter static_user_filter (class=org.apache.hadoop.http.lib.StaticUserWebFilter$StaticUserFilter) to context logs
2019-09-27 09:56:43,401 [main] INFO  http.HttpServer2 (HttpServer2.java:bindListener(1191)) - Jetty bound to port 42769
2019-09-27 09:56:43,401 [main] INFO  server.Server (Server.java:doStart(351)) - jetty-9.3.25.v20180904, build timestamp: 2018-09-04T21:11:46Z, git hash: 3ce520221d0240229c862b122d2b06c12a625732
2019-09-27 09:56:43,408 [main] INFO  handler.ContextHandler (ContextHandler.java:doStart(781)) - Started o.e.j.s.ServletContextHandler@753aca85{/logs,file:///workdir/hadoop-ozone/integration-test/target/log,AVAILABLE}
2019-09-27 09:56:43,408 [main] INFO  handler.ContextHandler (ContextHandler.java:doStart(781)) - Started o.e.j.s.ServletContextHandler@574a89e2{/static,jar:file:/home/user/.m2/repository/org/apache/hadoop/hadoop-hdds-container-service/0.5.0-SNAPSHOT/hadoop-hdds-container-service-0.5.0-SNAPSHOT.jar!/webapps/static,AVAILABLE}
2019-09-27 09:56:43,438 [main] INFO  handler.ContextHandler (ContextHandler.java:doStart(781)) - Started o.e.j.w.WebAppContext@984169e{/,file:///tmp/jetty-0.0.0.0-42769-hddsDatanode-_-any-9172241773577977371.dir/webapp/,AVAILABLE}{/hddsDatanode}
2019-09-27 09:56:43,439 [main] INFO  server.AbstractConnector (AbstractConnector.java:doStart(278)) - Started ServerConnector@43f1bb92{HTTP/1.1,[http/1.1]}{0.0.0.0:42769}
2019-09-27 09:56:43,440 [main] INFO  server.Server (Server.java:doStart(419)) - Started @5521ms
2019-09-27 09:56:43,440 [main] WARN  impl.MetricsSystemImpl (MetricsSystemImpl.java:register(276)) - Sink prometheus already exists!
2019-09-27 09:56:43,441 [main] INFO  server.BaseHttpServer (BaseHttpServer.java:updateConnectorAddress(215)) - HTTP server of HDDSDATANODE is listening at http://0.0.0.0:42769
2019-09-27 09:56:43,441 [main] INFO  impl.MetricsSystemImpl (MetricsSystemImpl.java:init(158)) - HddsDatanode metrics system started (again)
2019-09-27 09:56:43,444 [main] INFO  ozone.HddsDatanodeService (HddsDatanodeService.java:start(184)) - HddsDatanodeService host:pr-hdds2162-4fxhj-20988671 ip:192.168.151.103
2019-09-27 09:56:43,445 [org.apache.hadoop.util.JvmPauseMonitor$Monitor@2b1bc27a] INFO  util.JvmPauseMonitor (JvmPauseMonitor.java:run(188)) - Starting JVM pause monitor
2019-09-27 09:56:43,448 [Datanode State Machine Thread - 0] INFO  datanode.InitDatanodeState (InitDatanodeState.java:persistContainerDatanodeDetails(140)) - DatanodeDetails is persisted to /workdir/hadoop-ozone/integration-test/target/test-dir/MiniOzoneClusterImpl-8eeacee4-f2ea-46c6-9d4b-1ae1fb96175b/datanode-3/meta/datanode.id
2019-09-27 09:56:43,456 [main] INFO  volume.HddsVolume (HddsVolume.java:<init>(176)) - Creating Volume: /workdir/hadoop-ozone/integration-test/target/test-dir/MiniOzoneClusterImpl-8eeacee4-f2ea-46c6-9d4b-1ae1fb96175b/datanode-4/data/containers/hdds of  storage type : DISK and capacity : 1482555576320
2019-09-27 09:56:43,457 [main] INFO  volume.VolumeSet (VolumeSet.java:initializeVolumeSet(170)) - Added Volume : /workdir/hadoop-ozone/integration-test/target/test-dir/MiniOzoneClusterImpl-8eeacee4-f2ea-46c6-9d4b-1ae1fb96175b/datanode-4/data/containers/hdds to VolumeSet
2019-09-27 09:56:43,457 [main] INFO  volume.ThrottledAsyncChecker (ThrottledAsyncChecker.java:schedule(139)) - Scheduling a check for org.apache.hadoop.ozone.container.common.volume.HddsVolume@5db6b845
2019-09-27 09:56:43,457 [main] INFO  volume.HddsVolumeChecker (HddsVolumeChecker.java:checkAllVolumes(202)) - Scheduled health check for volume org.apache.hadoop.ozone.container.common.volume.HddsVolume@5db6b845
2019-09-27 09:56:43,470 [main] INFO  impl.RaftServerProxy (ConfUtils.java:logGet(43)) - raft.rpc.type = GRPC (default)
2019-09-27 09:56:43,470 [main] INFO  grpc.GrpcFactory (GrpcFactory.java:checkPooledByteBufAllocatorUseCacheForAllThreads(45)) - PERFORMANCE WARNING: useCacheForAllThreads is true that may cause Netty to create a lot garbage objects and, as a result, trigger GC.
	It is recommended to disable useCacheForAllThreads by setting -Dorg.apache.ratis.thirdparty.io.netty.allocator.useCacheForAllThreads=false in command line.
2019-09-27 09:56:43,471 [main] INFO  grpc.GrpcConfigKeys$Server (ConfUtils.java:logGet(43)) - raft.grpc.server.port = 0 (default)
2019-09-27 09:56:43,471 [main] INFO  server.GrpcService (ConfUtils.java:logGet(43)) - raft.grpc.message.size.max = 33570816 (custom)
2019-09-27 09:56:43,471 [main] INFO  server.RaftServerConfigKeys (ConfUtils.java:logGet(43)) - raft.server.log.appender.buffer.byte-limit = 33554432 (custom)
2019-09-27 09:56:43,471 [main] INFO  server.GrpcService (ConfUtils.java:logGet(43)) - raft.grpc.flow.control.window = 1MB (=1048576) (default)
2019-09-27 09:56:43,471 [main] INFO  server.RaftServerConfigKeys (ConfUtils.java:logGet(43)) - raft.server.rpc.request.timeout = 3000ms (default)
2019-09-27 09:56:43,472 [main] INFO  server.RaftServerConfigKeys (ConfUtils.java:logGet(43)) - raft.server.storage.dir = [/workdir/hadoop-ozone/integration-test/target/test-dir/MiniOzoneClusterImpl-8eeacee4-f2ea-46c6-9d4b-1ae1fb96175b/datanode-4/data/ratis] (custom)
2019-09-27 09:56:43,474 [main] INFO  hdfs.DFSUtil (DFSUtil.java:httpServerTemplateForNNAndJN(1641)) - Starting Web-server for hddsDatanode at: http://0.0.0.0:0
2019-09-27 09:56:43,475 [main] INFO  server.AuthenticationFilter (AuthenticationFilter.java:constructSecretProvider(240)) - Unable to initialize FileSignerSecretProvider, falling back to use random secrets.
2019-09-27 09:56:43,476 [main] WARN  http.HttpRequestLog (HttpRequestLog.java:getRequestLog(97)) - Jetty request log can only be enabled using Log4j
2019-09-27 09:56:43,477 [main] INFO  http.HttpServer2 (HttpServer2.java:addGlobalFilter(975)) - Added global filter 'safety' (class=org.apache.hadoop.http.HttpServer2$QuotingInputFilter)
2019-09-27 09:56:43,478 [main] INFO  http.HttpServer2 (HttpServer2.java:addFilter(948)) - Added filter static_user_filter (class=org.apache.hadoop.http.lib.StaticUserWebFilter$StaticUserFilter) to context hddsDatanode
2019-09-27 09:56:43,478 [main] INFO  http.HttpServer2 (HttpServer2.java:addFilter(958)) - Added filter static_user_filter (class=org.apache.hadoop.http.lib.StaticUserWebFilter$StaticUserFilter) to context static
2019-09-27 09:56:43,478 [main] INFO  http.HttpServer2 (HttpServer2.java:addFilter(958)) - Added filter static_user_filter (class=org.apache.hadoop.http.lib.StaticUserWebFilter$StaticUserFilter) to context logs
2019-09-27 09:56:43,479 [main] INFO  http.HttpServer2 (HttpServer2.java:bindListener(1191)) - Jetty bound to port 46636
2019-09-27 09:56:43,479 [main] INFO  server.Server (Server.java:doStart(351)) - jetty-9.3.25.v20180904, build timestamp: 2018-09-04T21:11:46Z, git hash: 3ce520221d0240229c862b122d2b06c12a625732
2019-09-27 09:56:43,480 [main] INFO  handler.ContextHandler (ContextHandler.java:doStart(781)) - Started o.e.j.s.ServletContextHandler@2da3b078{/logs,file:///workdir/hadoop-ozone/integration-test/target/log,AVAILABLE}
2019-09-27 09:56:43,481 [main] INFO  handler.ContextHandler (ContextHandler.java:doStart(781)) - Started o.e.j.s.ServletContextHandler@7fb66650{/static,jar:file:/home/user/.m2/repository/org/apache/hadoop/hadoop-hdds-container-service/0.5.0-SNAPSHOT/hadoop-hdds-container-service-0.5.0-SNAPSHOT.jar!/webapps/static,AVAILABLE}
2019-09-27 09:56:43,509 [main] INFO  handler.ContextHandler (ContextHandler.java:doStart(781)) - Started o.e.j.w.WebAppContext@57f9b467{/,file:///tmp/jetty-0.0.0.0-46636-hddsDatanode-_-any-4771519496129726936.dir/webapp/,AVAILABLE}{/hddsDatanode}
2019-09-27 09:56:43,510 [main] INFO  server.AbstractConnector (AbstractConnector.java:doStart(278)) - Started ServerConnector@6d5c2745{HTTP/1.1,[http/1.1]}{0.0.0.0:46636}
2019-09-27 09:56:43,510 [main] INFO  server.Server (Server.java:doStart(419)) - Started @5592ms
2019-09-27 09:56:43,511 [main] WARN  impl.MetricsSystemImpl (MetricsSystemImpl.java:register(276)) - Sink prometheus already exists!
2019-09-27 09:56:43,511 [main] INFO  server.BaseHttpServer (BaseHttpServer.java:updateConnectorAddress(215)) - HTTP server of HDDSDATANODE is listening at http://0.0.0.0:46636
2019-09-27 09:56:43,512 [main] INFO  impl.MetricsSystemImpl (MetricsSystemImpl.java:init(158)) - HddsDatanode metrics system started (again)
2019-09-27 09:56:43,515 [main] INFO  ozone.HddsDatanodeService (HddsDatanodeService.java:start(184)) - HddsDatanodeService host:pr-hdds2162-4fxhj-20988671 ip:192.168.151.103
2019-09-27 09:56:43,515 [org.apache.hadoop.util.JvmPauseMonitor$Monitor@b114bfd] INFO  util.JvmPauseMonitor (JvmPauseMonitor.java:run(188)) - Starting JVM pause monitor
2019-09-27 09:56:43,518 [Datanode State Machine Thread - 0] INFO  datanode.InitDatanodeState (InitDatanodeState.java:persistContainerDatanodeDetails(140)) - DatanodeDetails is persisted to /workdir/hadoop-ozone/integration-test/target/test-dir/MiniOzoneClusterImpl-8eeacee4-f2ea-46c6-9d4b-1ae1fb96175b/datanode-4/meta/datanode.id
2019-09-27 09:56:43,522 [main] INFO  volume.HddsVolume (HddsVolume.java:<init>(176)) - Creating Volume: /workdir/hadoop-ozone/integration-test/target/test-dir/MiniOzoneClusterImpl-8eeacee4-f2ea-46c6-9d4b-1ae1fb96175b/datanode-5/data/containers/hdds of  storage type : DISK and capacity : 1482555576320
2019-09-27 09:56:43,522 [main] INFO  volume.VolumeSet (VolumeSet.java:initializeVolumeSet(170)) - Added Volume : /workdir/hadoop-ozone/integration-test/target/test-dir/MiniOzoneClusterImpl-8eeacee4-f2ea-46c6-9d4b-1ae1fb96175b/datanode-5/data/containers/hdds to VolumeSet
2019-09-27 09:56:43,523 [main] INFO  volume.ThrottledAsyncChecker (ThrottledAsyncChecker.java:schedule(139)) - Scheduling a check for org.apache.hadoop.ozone.container.common.volume.HddsVolume@4cc36c19
2019-09-27 09:56:43,524 [main] INFO  volume.HddsVolumeChecker (HddsVolumeChecker.java:checkAllVolumes(202)) - Scheduled health check for volume org.apache.hadoop.ozone.container.common.volume.HddsVolume@4cc36c19
2019-09-27 09:56:43,540 [main] INFO  impl.RaftServerProxy (ConfUtils.java:logGet(43)) - raft.rpc.type = GRPC (default)
2019-09-27 09:56:43,540 [main] INFO  grpc.GrpcFactory (GrpcFactory.java:checkPooledByteBufAllocatorUseCacheForAllThreads(45)) - PERFORMANCE WARNING: useCacheForAllThreads is true that may cause Netty to create a lot garbage objects and, as a result, trigger GC.
	It is recommended to disable useCacheForAllThreads by setting -Dorg.apache.ratis.thirdparty.io.netty.allocator.useCacheForAllThreads=false in command line.
2019-09-27 09:56:43,540 [main] INFO  grpc.GrpcConfigKeys$Server (ConfUtils.java:logGet(43)) - raft.grpc.server.port = 0 (default)
2019-09-27 09:56:43,540 [main] INFO  server.GrpcService (ConfUtils.java:logGet(43)) - raft.grpc.message.size.max = 33570816 (custom)
2019-09-27 09:56:43,541 [main] INFO  server.RaftServerConfigKeys (ConfUtils.java:logGet(43)) - raft.server.log.appender.buffer.byte-limit = 33554432 (custom)
2019-09-27 09:56:43,541 [main] INFO  server.GrpcService (ConfUtils.java:logGet(43)) - raft.grpc.flow.control.window = 1MB (=1048576) (default)
2019-09-27 09:56:43,541 [main] INFO  server.RaftServerConfigKeys (ConfUtils.java:logGet(43)) - raft.server.rpc.request.timeout = 3000ms (default)
2019-09-27 09:56:43,542 [main] INFO  server.RaftServerConfigKeys (ConfUtils.java:logGet(43)) - raft.server.storage.dir = [/workdir/hadoop-ozone/integration-test/target/test-dir/MiniOzoneClusterImpl-8eeacee4-f2ea-46c6-9d4b-1ae1fb96175b/datanode-5/data/ratis] (custom)
2019-09-27 09:56:43,543 [main] INFO  hdfs.DFSUtil (DFSUtil.java:httpServerTemplateForNNAndJN(1641)) - Starting Web-server for hddsDatanode at: http://0.0.0.0:0
2019-09-27 09:56:43,544 [main] INFO  server.AuthenticationFilter (AuthenticationFilter.java:constructSecretProvider(240)) - Unable to initialize FileSignerSecretProvider, falling back to use random secrets.
2019-09-27 09:56:43,545 [main] WARN  http.HttpRequestLog (HttpRequestLog.java:getRequestLog(97)) - Jetty request log can only be enabled using Log4j
2019-09-27 09:56:43,546 [main] INFO  http.HttpServer2 (HttpServer2.java:addGlobalFilter(975)) - Added global filter 'safety' (class=org.apache.hadoop.http.HttpServer2$QuotingInputFilter)
2019-09-27 09:56:43,547 [main] INFO  http.HttpServer2 (HttpServer2.java:addFilter(948)) - Added filter static_user_filter (class=org.apache.hadoop.http.lib.StaticUserWebFilter$StaticUserFilter) to context hddsDatanode
2019-09-27 09:56:43,547 [main] INFO  http.HttpServer2 (HttpServer2.java:addFilter(958)) - Added filter static_user_filter (class=org.apache.hadoop.http.lib.StaticUserWebFilter$StaticUserFilter) to context logs
2019-09-27 09:56:43,547 [main] INFO  http.HttpServer2 (HttpServer2.java:addFilter(958)) - Added filter static_user_filter (class=org.apache.hadoop.http.lib.StaticUserWebFilter$StaticUserFilter) to context static
2019-09-27 09:56:43,548 [main] INFO  http.HttpServer2 (HttpServer2.java:bindListener(1191)) - Jetty bound to port 45685
2019-09-27 09:56:43,548 [main] INFO  server.Server (Server.java:doStart(351)) - jetty-9.3.25.v20180904, build timestamp: 2018-09-04T21:11:46Z, git hash: 3ce520221d0240229c862b122d2b06c12a625732
2019-09-27 09:56:43,550 [main] INFO  handler.ContextHandler (ContextHandler.java:doStart(781)) - Started o.e.j.s.ServletContextHandler@51ec2856{/logs,file:///workdir/hadoop-ozone/integration-test/target/log,AVAILABLE}
2019-09-27 09:56:43,551 [main] INFO  handler.ContextHandler (ContextHandler.java:doStart(781)) - Started o.e.j.s.ServletContextHandler@1caa9eb6{/static,jar:file:/home/user/.m2/repository/org/apache/hadoop/hadoop-hdds-container-service/0.5.0-SNAPSHOT/hadoop-hdds-container-service-0.5.0-SNAPSHOT.jar!/webapps/static,AVAILABLE}
2019-09-27 09:56:43,580 [main] INFO  handler.ContextHandler (ContextHandler.java:doStart(781)) - Started o.e.j.w.WebAppContext@4cbc2e3b{/,file:///tmp/jetty-0.0.0.0-45685-hddsDatanode-_-any-2408001658079993409.dir/webapp/,AVAILABLE}{/hddsDatanode}
2019-09-27 09:56:43,580 [main] INFO  server.AbstractConnector (AbstractConnector.java:doStart(278)) - Started ServerConnector@2975a9e{HTTP/1.1,[http/1.1]}{0.0.0.0:45685}
2019-09-27 09:56:43,581 [main] INFO  server.Server (Server.java:doStart(419)) - Started @5663ms
2019-09-27 09:56:43,582 [main] WARN  impl.MetricsSystemImpl (MetricsSystemImpl.java:register(276)) - Sink prometheus already exists!
2019-09-27 09:56:43,582 [main] INFO  server.BaseHttpServer (BaseHttpServer.java:updateConnectorAddress(215)) - HTTP server of HDDSDATANODE is listening at http://0.0.0.0:45685
2019-09-27 09:56:43,583 [main] INFO  impl.MetricsSystemImpl (MetricsSystemImpl.java:init(158)) - HddsDatanode metrics system started (again)
2019-09-27 09:56:43,587 [org.apache.hadoop.util.JvmPauseMonitor$Monitor@72e076bb] INFO  util.JvmPauseMonitor (JvmPauseMonitor.java:run(188)) - Starting JVM pause monitor
2019-09-27 09:56:43,588 [main] INFO  ozone.HddsDatanodeService (HddsDatanodeService.java:start(184)) - HddsDatanodeService host:pr-hdds2162-4fxhj-20988671 ip:192.168.151.103
2019-09-27 09:56:43,591 [Datanode State Machine Thread - 0] INFO  datanode.InitDatanodeState (InitDatanodeState.java:persistContainerDatanodeDetails(140)) - DatanodeDetails is persisted to /workdir/hadoop-ozone/integration-test/target/test-dir/MiniOzoneClusterImpl-8eeacee4-f2ea-46c6-9d4b-1ae1fb96175b/datanode-5/meta/datanode.id
2019-09-27 09:56:43,600 [main] INFO  volume.HddsVolume (HddsVolume.java:<init>(176)) - Creating Volume: /workdir/hadoop-ozone/integration-test/target/test-dir/MiniOzoneClusterImpl-8eeacee4-f2ea-46c6-9d4b-1ae1fb96175b/datanode-6/data/containers/hdds of  storage type : DISK and capacity : 1482555576320
2019-09-27 09:56:43,602 [main] INFO  volume.VolumeSet (VolumeSet.java:initializeVolumeSet(170)) - Added Volume : /workdir/hadoop-ozone/integration-test/target/test-dir/MiniOzoneClusterImpl-8eeacee4-f2ea-46c6-9d4b-1ae1fb96175b/datanode-6/data/containers/hdds to VolumeSet
2019-09-27 09:56:43,602 [main] INFO  volume.ThrottledAsyncChecker (ThrottledAsyncChecker.java:schedule(139)) - Scheduling a check for org.apache.hadoop.ozone.container.common.volume.HddsVolume@4c2af006
2019-09-27 09:56:43,603 [main] INFO  volume.HddsVolumeChecker (HddsVolumeChecker.java:checkAllVolumes(202)) - Scheduled health check for volume org.apache.hadoop.ozone.container.common.volume.HddsVolume@4c2af006
2019-09-27 09:56:43,623 [main] INFO  impl.RaftServerProxy (ConfUtils.java:logGet(43)) - raft.rpc.type = GRPC (default)
2019-09-27 09:56:43,624 [main] INFO  grpc.GrpcFactory (GrpcFactory.java:checkPooledByteBufAllocatorUseCacheForAllThreads(45)) - PERFORMANCE WARNING: useCacheForAllThreads is true that may cause Netty to create a lot garbage objects and, as a result, trigger GC.
	It is recommended to disable useCacheForAllThreads by setting -Dorg.apache.ratis.thirdparty.io.netty.allocator.useCacheForAllThreads=false in command line.
2019-09-27 09:56:43,624 [main] INFO  grpc.GrpcConfigKeys$Server (ConfUtils.java:logGet(43)) - raft.grpc.server.port = 0 (default)
2019-09-27 09:56:43,624 [main] INFO  server.GrpcService (ConfUtils.java:logGet(43)) - raft.grpc.message.size.max = 33570816 (custom)
2019-09-27 09:56:43,625 [main] INFO  server.RaftServerConfigKeys (ConfUtils.java:logGet(43)) - raft.server.log.appender.buffer.byte-limit = 33554432 (custom)
2019-09-27 09:56:43,625 [main] INFO  server.GrpcService (ConfUtils.java:logGet(43)) - raft.grpc.flow.control.window = 1MB (=1048576) (default)
2019-09-27 09:56:43,625 [main] INFO  server.RaftServerConfigKeys (ConfUtils.java:logGet(43)) - raft.server.rpc.request.timeout = 3000ms (default)
2019-09-27 09:56:43,626 [main] INFO  server.RaftServerConfigKeys (ConfUtils.java:logGet(43)) - raft.server.storage.dir = [/workdir/hadoop-ozone/integration-test/target/test-dir/MiniOzoneClusterImpl-8eeacee4-f2ea-46c6-9d4b-1ae1fb96175b/datanode-6/data/ratis] (custom)
2019-09-27 09:56:43,629 [main] INFO  hdfs.DFSUtil (DFSUtil.java:httpServerTemplateForNNAndJN(1641)) - Starting Web-server for hddsDatanode at: http://0.0.0.0:0
2019-09-27 09:56:43,631 [main] INFO  server.AuthenticationFilter (AuthenticationFilter.java:constructSecretProvider(240)) - Unable to initialize FileSignerSecretProvider, falling back to use random secrets.
2019-09-27 09:56:43,632 [main] WARN  http.HttpRequestLog (HttpRequestLog.java:getRequestLog(97)) - Jetty request log can only be enabled using Log4j
2019-09-27 09:56:43,636 [main] INFO  http.HttpServer2 (HttpServer2.java:addGlobalFilter(975)) - Added global filter 'safety' (class=org.apache.hadoop.http.HttpServer2$QuotingInputFilter)
2019-09-27 09:56:43,637 [main] INFO  http.HttpServer2 (HttpServer2.java:addFilter(948)) - Added filter static_user_filter (class=org.apache.hadoop.http.lib.StaticUserWebFilter$StaticUserFilter) to context hddsDatanode
2019-09-27 09:56:43,637 [main] INFO  http.HttpServer2 (HttpServer2.java:addFilter(958)) - Added filter static_user_filter (class=org.apache.hadoop.http.lib.StaticUserWebFilter$StaticUserFilter) to context static
2019-09-27 09:56:43,638 [main] INFO  http.HttpServer2 (HttpServer2.java:addFilter(958)) - Added filter static_user_filter (class=org.apache.hadoop.http.lib.StaticUserWebFilter$StaticUserFilter) to context logs
2019-09-27 09:56:43,640 [main] INFO  http.HttpServer2 (HttpServer2.java:bindListener(1191)) - Jetty bound to port 34701
2019-09-27 09:56:43,640 [main] INFO  server.Server (Server.java:doStart(351)) - jetty-9.3.25.v20180904, build timestamp: 2018-09-04T21:11:46Z, git hash: 3ce520221d0240229c862b122d2b06c12a625732
2019-09-27 09:56:43,643 [main] INFO  handler.ContextHandler (ContextHandler.java:doStart(781)) - Started o.e.j.s.ServletContextHandler@f88bfbe{/logs,file:///workdir/hadoop-ozone/integration-test/target/log,AVAILABLE}
2019-09-27 09:56:43,644 [main] INFO  handler.ContextHandler (ContextHandler.java:doStart(781)) - Started o.e.j.s.ServletContextHandler@5d8ab698{/static,jar:file:/home/user/.m2/repository/org/apache/hadoop/hadoop-hdds-container-service/0.5.0-SNAPSHOT/hadoop-hdds-container-service-0.5.0-SNAPSHOT.jar!/webapps/static,AVAILABLE}
2019-09-27 09:56:43,697 [main] INFO  handler.ContextHandler (ContextHandler.java:doStart(781)) - Started o.e.j.w.WebAppContext@1e0a864d{/,file:///tmp/jetty-0.0.0.0-34701-hddsDatanode-_-any-2886800486383317703.dir/webapp/,AVAILABLE}{/hddsDatanode}
2019-09-27 09:56:43,699 [main] INFO  server.AbstractConnector (AbstractConnector.java:doStart(278)) - Started ServerConnector@440e3ce6{HTTP/1.1,[http/1.1]}{0.0.0.0:34701}
2019-09-27 09:56:43,699 [main] INFO  server.Server (Server.java:doStart(419)) - Started @5781ms
2019-09-27 09:56:43,699 [main] WARN  impl.MetricsSystemImpl (MetricsSystemImpl.java:register(276)) - Sink prometheus already exists!
2019-09-27 09:56:43,700 [main] INFO  server.BaseHttpServer (BaseHttpServer.java:updateConnectorAddress(215)) - HTTP server of HDDSDATANODE is listening at http://0.0.0.0:34701
2019-09-27 09:56:43,700 [main] INFO  impl.MetricsSystemImpl (MetricsSystemImpl.java:init(158)) - HddsDatanode metrics system started (again)
2019-09-27 09:56:43,705 [org.apache.hadoop.util.JvmPauseMonitor$Monitor@43e01492] INFO  util.JvmPauseMonitor (JvmPauseMonitor.java:run(188)) - Starting JVM pause monitor
2019-09-27 09:56:43,705 [main] INFO  ozone.HddsDatanodeService (HddsDatanodeService.java:start(184)) - HddsDatanodeService host:pr-hdds2162-4fxhj-20988671 ip:192.168.151.103
2019-09-27 09:56:43,709 [Datanode State Machine Thread - 0] INFO  datanode.InitDatanodeState (InitDatanodeState.java:persistContainerDatanodeDetails(140)) - DatanodeDetails is persisted to /workdir/hadoop-ozone/integration-test/target/test-dir/MiniOzoneClusterImpl-8eeacee4-f2ea-46c6-9d4b-1ae1fb96175b/datanode-6/meta/datanode.id
2019-09-27 09:56:43,717 [main] INFO  volume.HddsVolume (HddsVolume.java:<init>(176)) - Creating Volume: /workdir/hadoop-ozone/integration-test/target/test-dir/MiniOzoneClusterImpl-8eeacee4-f2ea-46c6-9d4b-1ae1fb96175b/datanode-7/data/containers/hdds of  storage type : DISK and capacity : 1482555576320
2019-09-27 09:56:43,717 [main] INFO  volume.VolumeSet (VolumeSet.java:initializeVolumeSet(170)) - Added Volume : /workdir/hadoop-ozone/integration-test/target/test-dir/MiniOzoneClusterImpl-8eeacee4-f2ea-46c6-9d4b-1ae1fb96175b/datanode-7/data/containers/hdds to VolumeSet
2019-09-27 09:56:43,717 [main] INFO  volume.ThrottledAsyncChecker (ThrottledAsyncChecker.java:schedule(139)) - Scheduling a check for org.apache.hadoop.ozone.container.common.volume.HddsVolume@432f521f
2019-09-27 09:56:43,718 [main] INFO  volume.HddsVolumeChecker (HddsVolumeChecker.java:checkAllVolumes(202)) - Scheduled health check for volume org.apache.hadoop.ozone.container.common.volume.HddsVolume@432f521f
2019-09-27 09:56:43,734 [main] INFO  impl.RaftServerProxy (ConfUtils.java:logGet(43)) - raft.rpc.type = GRPC (default)
2019-09-27 09:56:43,735 [main] INFO  grpc.GrpcFactory (GrpcFactory.java:checkPooledByteBufAllocatorUseCacheForAllThreads(45)) - PERFORMANCE WARNING: useCacheForAllThreads is true that may cause Netty to create a lot garbage objects and, as a result, trigger GC.
	It is recommended to disable useCacheForAllThreads by setting -Dorg.apache.ratis.thirdparty.io.netty.allocator.useCacheForAllThreads=false in command line.
2019-09-27 09:56:43,735 [main] INFO  grpc.GrpcConfigKeys$Server (ConfUtils.java:logGet(43)) - raft.grpc.server.port = 0 (default)
2019-09-27 09:56:43,735 [main] INFO  server.GrpcService (ConfUtils.java:logGet(43)) - raft.grpc.message.size.max = 33570816 (custom)
2019-09-27 09:56:43,736 [main] INFO  server.RaftServerConfigKeys (ConfUtils.java:logGet(43)) - raft.server.log.appender.buffer.byte-limit = 33554432 (custom)
2019-09-27 09:56:43,736 [main] INFO  server.GrpcService (ConfUtils.java:logGet(43)) - raft.grpc.flow.control.window = 1MB (=1048576) (default)
2019-09-27 09:56:43,736 [main] INFO  server.RaftServerConfigKeys (ConfUtils.java:logGet(43)) - raft.server.rpc.request.timeout = 3000ms (default)
2019-09-27 09:56:43,737 [main] INFO  server.RaftServerConfigKeys (ConfUtils.java:logGet(43)) - raft.server.storage.dir = [/workdir/hadoop-ozone/integration-test/target/test-dir/MiniOzoneClusterImpl-8eeacee4-f2ea-46c6-9d4b-1ae1fb96175b/datanode-7/data/ratis] (custom)
2019-09-27 09:56:43,738 [main] INFO  hdfs.DFSUtil (DFSUtil.java:httpServerTemplateForNNAndJN(1641)) - Starting Web-server for hddsDatanode at: http://0.0.0.0:0
2019-09-27 09:56:43,740 [main] INFO  server.AuthenticationFilter (AuthenticationFilter.java:constructSecretProvider(240)) - Unable to initialize FileSignerSecretProvider, falling back to use random secrets.
2019-09-27 09:56:43,740 [main] WARN  http.HttpRequestLog (HttpRequestLog.java:getRequestLog(97)) - Jetty request log can only be enabled using Log4j
2019-09-27 09:56:43,741 [main] INFO  http.HttpServer2 (HttpServer2.java:addGlobalFilter(975)) - Added global filter 'safety' (class=org.apache.hadoop.http.HttpServer2$QuotingInputFilter)
2019-09-27 09:56:43,742 [main] INFO  http.HttpServer2 (HttpServer2.java:addFilter(948)) - Added filter static_user_filter (class=org.apache.hadoop.http.lib.StaticUserWebFilter$StaticUserFilter) to context hddsDatanode
2019-09-27 09:56:43,742 [main] INFO  http.HttpServer2 (HttpServer2.java:addFilter(958)) - Added filter static_user_filter (class=org.apache.hadoop.http.lib.StaticUserWebFilter$StaticUserFilter) to context static
2019-09-27 09:56:43,742 [main] INFO  http.HttpServer2 (HttpServer2.java:addFilter(958)) - Added filter static_user_filter (class=org.apache.hadoop.http.lib.StaticUserWebFilter$StaticUserFilter) to context logs
2019-09-27 09:56:43,743 [main] INFO  http.HttpServer2 (HttpServer2.java:bindListener(1191)) - Jetty bound to port 42789
2019-09-27 09:56:43,744 [main] INFO  server.Server (Server.java:doStart(351)) - jetty-9.3.25.v20180904, build timestamp: 2018-09-04T21:11:46Z, git hash: 3ce520221d0240229c862b122d2b06c12a625732
2019-09-27 09:56:43,745 [main] INFO  handler.ContextHandler (ContextHandler.java:doStart(781)) - Started o.e.j.s.ServletContextHandler@6920b0bc{/logs,file:///workdir/hadoop-ozone/integration-test/target/log,AVAILABLE}
2019-09-27 09:56:43,746 [main] INFO  handler.ContextHandler (ContextHandler.java:doStart(781)) - Started o.e.j.s.ServletContextHandler@69923ac3{/static,jar:file:/home/user/.m2/repository/org/apache/hadoop/hadoop-hdds-container-service/0.5.0-SNAPSHOT/hadoop-hdds-container-service-0.5.0-SNAPSHOT.jar!/webapps/static,AVAILABLE}
2019-09-27 09:56:43,778 [main] INFO  handler.ContextHandler (ContextHandler.java:doStart(781)) - Started o.e.j.w.WebAppContext@2d4608a6{/,file:///tmp/jetty-0.0.0.0-42789-hddsDatanode-_-any-231110251854275682.dir/webapp/,AVAILABLE}{/hddsDatanode}
2019-09-27 09:56:43,779 [main] INFO  server.AbstractConnector (AbstractConnector.java:doStart(278)) - Started ServerConnector@20d87335{HTTP/1.1,[http/1.1]}{0.0.0.0:42789}
2019-09-27 09:56:43,782 [main] INFO  server.Server (Server.java:doStart(419)) - Started @5863ms
2019-09-27 09:56:43,782 [main] WARN  impl.MetricsSystemImpl (MetricsSystemImpl.java:register(276)) - Sink prometheus already exists!
2019-09-27 09:56:43,783 [main] INFO  server.BaseHttpServer (BaseHttpServer.java:updateConnectorAddress(215)) - HTTP server of HDDSDATANODE is listening at http://0.0.0.0:42789
2019-09-27 09:56:43,783 [main] INFO  impl.MetricsSystemImpl (MetricsSystemImpl.java:init(158)) - HddsDatanode metrics system started (again)
2019-09-27 09:56:43,788 [org.apache.hadoop.util.JvmPauseMonitor$Monitor@1be73b8c] INFO  util.JvmPauseMonitor (JvmPauseMonitor.java:run(188)) - Starting JVM pause monitor
2019-09-27 09:56:43,788 [main] INFO  ozone.HddsDatanodeService (HddsDatanodeService.java:start(184)) - HddsDatanodeService host:pr-hdds2162-4fxhj-20988671 ip:192.168.151.103
2019-09-27 09:56:43,792 [Datanode State Machine Thread - 0] INFO  datanode.InitDatanodeState (InitDatanodeState.java:persistContainerDatanodeDetails(140)) - DatanodeDetails is persisted to /workdir/hadoop-ozone/integration-test/target/test-dir/MiniOzoneClusterImpl-8eeacee4-f2ea-46c6-9d4b-1ae1fb96175b/datanode-7/meta/datanode.id
2019-09-27 09:56:43,802 [main] INFO  volume.HddsVolume (HddsVolume.java:<init>(176)) - Creating Volume: /workdir/hadoop-ozone/integration-test/target/test-dir/MiniOzoneClusterImpl-8eeacee4-f2ea-46c6-9d4b-1ae1fb96175b/datanode-8/data/containers/hdds of  storage type : DISK and capacity : 1482555576320
2019-09-27 09:56:43,802 [main] INFO  volume.VolumeSet (VolumeSet.java:initializeVolumeSet(170)) - Added Volume : /workdir/hadoop-ozone/integration-test/target/test-dir/MiniOzoneClusterImpl-8eeacee4-f2ea-46c6-9d4b-1ae1fb96175b/datanode-8/data/containers/hdds to VolumeSet
2019-09-27 09:56:43,803 [main] INFO  volume.ThrottledAsyncChecker (ThrottledAsyncChecker.java:schedule(139)) - Scheduling a check for org.apache.hadoop.ozone.container.common.volume.HddsVolume@2e1ddc90
2019-09-27 09:56:43,803 [main] INFO  volume.HddsVolumeChecker (HddsVolumeChecker.java:checkAllVolumes(202)) - Scheduled health check for volume org.apache.hadoop.ozone.container.common.volume.HddsVolume@2e1ddc90
2019-09-27 09:56:43,816 [main] INFO  impl.RaftServerProxy (ConfUtils.java:logGet(43)) - raft.rpc.type = GRPC (default)
2019-09-27 09:56:43,817 [main] INFO  grpc.GrpcFactory (GrpcFactory.java:checkPooledByteBufAllocatorUseCacheForAllThreads(45)) - PERFORMANCE WARNING: useCacheForAllThreads is true that may cause Netty to create a lot garbage objects and, as a result, trigger GC.
	It is recommended to disable useCacheForAllThreads by setting -Dorg.apache.ratis.thirdparty.io.netty.allocator.useCacheForAllThreads=false in command line.
2019-09-27 09:56:43,817 [main] INFO  grpc.GrpcConfigKeys$Server (ConfUtils.java:logGet(43)) - raft.grpc.server.port = 0 (default)
2019-09-27 09:56:43,817 [main] INFO  server.GrpcService (ConfUtils.java:logGet(43)) - raft.grpc.message.size.max = 33570816 (custom)
2019-09-27 09:56:43,818 [main] INFO  server.RaftServerConfigKeys (ConfUtils.java:logGet(43)) - raft.server.log.appender.buffer.byte-limit = 33554432 (custom)
2019-09-27 09:56:43,818 [main] INFO  server.GrpcService (ConfUtils.java:logGet(43)) - raft.grpc.flow.control.window = 1MB (=1048576) (default)
2019-09-27 09:56:43,818 [main] INFO  server.RaftServerConfigKeys (ConfUtils.java:logGet(43)) - raft.server.rpc.request.timeout = 3000ms (default)
2019-09-27 09:56:43,819 [main] INFO  server.RaftServerConfigKeys (ConfUtils.java:logGet(43)) - raft.server.storage.dir = [/workdir/hadoop-ozone/integration-test/target/test-dir/MiniOzoneClusterImpl-8eeacee4-f2ea-46c6-9d4b-1ae1fb96175b/datanode-8/data/ratis] (custom)
2019-09-27 09:56:43,820 [main] INFO  hdfs.DFSUtil (DFSUtil.java:httpServerTemplateForNNAndJN(1641)) - Starting Web-server for hddsDatanode at: http://0.0.0.0:0
2019-09-27 09:56:43,822 [main] INFO  server.AuthenticationFilter (AuthenticationFilter.java:constructSecretProvider(240)) - Unable to initialize FileSignerSecretProvider, falling back to use random secrets.
2019-09-27 09:56:43,823 [main] WARN  http.HttpRequestLog (HttpRequestLog.java:getRequestLog(97)) - Jetty request log can only be enabled using Log4j
2019-09-27 09:56:43,825 [main] INFO  http.HttpServer2 (HttpServer2.java:addGlobalFilter(975)) - Added global filter 'safety' (class=org.apache.hadoop.http.HttpServer2$QuotingInputFilter)
2019-09-27 09:56:43,825 [main] INFO  http.HttpServer2 (HttpServer2.java:addFilter(948)) - Added filter static_user_filter (class=org.apache.hadoop.http.lib.StaticUserWebFilter$StaticUserFilter) to context hddsDatanode
2019-09-27 09:56:43,825 [main] INFO  http.HttpServer2 (HttpServer2.java:addFilter(958)) - Added filter static_user_filter (class=org.apache.hadoop.http.lib.StaticUserWebFilter$StaticUserFilter) to context logs
2019-09-27 09:56:43,826 [main] INFO  http.HttpServer2 (HttpServer2.java:addFilter(958)) - Added filter static_user_filter (class=org.apache.hadoop.http.lib.StaticUserWebFilter$StaticUserFilter) to context static
2019-09-27 09:56:43,826 [main] INFO  http.HttpServer2 (HttpServer2.java:bindListener(1191)) - Jetty bound to port 36226
2019-09-27 09:56:43,827 [main] INFO  server.Server (Server.java:doStart(351)) - jetty-9.3.25.v20180904, build timestamp: 2018-09-04T21:11:46Z, git hash: 3ce520221d0240229c862b122d2b06c12a625732
2019-09-27 09:56:43,828 [main] INFO  handler.ContextHandler (ContextHandler.java:doStart(781)) - Started o.e.j.s.ServletContextHandler@48976e6d{/logs,file:///workdir/hadoop-ozone/integration-test/target/log,AVAILABLE}
2019-09-27 09:56:43,829 [main] INFO  handler.ContextHandler (ContextHandler.java:doStart(781)) - Started o.e.j.s.ServletContextHandler@7f6874f2{/static,jar:file:/home/user/.m2/repository/org/apache/hadoop/hadoop-hdds-container-service/0.5.0-SNAPSHOT/hadoop-hdds-container-service-0.5.0-SNAPSHOT.jar!/webapps/static,AVAILABLE}
2019-09-27 09:56:43,857 [main] INFO  handler.ContextHandler (ContextHandler.java:doStart(781)) - Started o.e.j.w.WebAppContext@670b3ca{/,file:///tmp/jetty-0.0.0.0-36226-hddsDatanode-_-any-4320674799952696084.dir/webapp/,AVAILABLE}{/hddsDatanode}
2019-09-27 09:56:43,858 [main] INFO  server.AbstractConnector (AbstractConnector.java:doStart(278)) - Started ServerConnector@24a86066{HTTP/1.1,[http/1.1]}{0.0.0.0:36226}
2019-09-27 09:56:43,859 [main] INFO  server.Server (Server.java:doStart(419)) - Started @5941ms
2019-09-27 09:56:43,859 [main] WARN  impl.MetricsSystemImpl (MetricsSystemImpl.java:register(276)) - Sink prometheus already exists!
2019-09-27 09:56:43,860 [main] INFO  server.BaseHttpServer (BaseHttpServer.java:updateConnectorAddress(215)) - HTTP server of HDDSDATANODE is listening at http://0.0.0.0:36226
2019-09-27 09:56:43,860 [main] INFO  impl.MetricsSystemImpl (MetricsSystemImpl.java:init(158)) - HddsDatanode metrics system started (again)
2019-09-27 09:56:43,866 [org.apache.hadoop.util.JvmPauseMonitor$Monitor@330afb35] INFO  util.JvmPauseMonitor (JvmPauseMonitor.java:run(188)) - Starting JVM pause monitor
2019-09-27 09:56:43,868 [main] INFO  ozone.HddsDatanodeService (HddsDatanodeService.java:start(184)) - HddsDatanodeService host:pr-hdds2162-4fxhj-20988671 ip:192.168.151.103
2019-09-27 09:56:43,870 [Datanode State Machine Thread - 0] INFO  datanode.InitDatanodeState (InitDatanodeState.java:persistContainerDatanodeDetails(140)) - DatanodeDetails is persisted to /workdir/hadoop-ozone/integration-test/target/test-dir/MiniOzoneClusterImpl-8eeacee4-f2ea-46c6-9d4b-1ae1fb96175b/datanode-8/meta/datanode.id
2019-09-27 09:56:43,877 [main] INFO  volume.HddsVolume (HddsVolume.java:<init>(176)) - Creating Volume: /workdir/hadoop-ozone/integration-test/target/test-dir/MiniOzoneClusterImpl-8eeacee4-f2ea-46c6-9d4b-1ae1fb96175b/datanode-9/data/containers/hdds of  storage type : DISK and capacity : 1482555576320
2019-09-27 09:56:43,878 [main] INFO  volume.VolumeSet (VolumeSet.java:initializeVolumeSet(170)) - Added Volume : /workdir/hadoop-ozone/integration-test/target/test-dir/MiniOzoneClusterImpl-8eeacee4-f2ea-46c6-9d4b-1ae1fb96175b/datanode-9/data/containers/hdds to VolumeSet
2019-09-27 09:56:43,878 [main] INFO  volume.ThrottledAsyncChecker (ThrottledAsyncChecker.java:schedule(139)) - Scheduling a check for org.apache.hadoop.ozone.container.common.volume.HddsVolume@3d64c581
2019-09-27 09:56:43,879 [main] INFO  volume.HddsVolumeChecker (HddsVolumeChecker.java:checkAllVolumes(202)) - Scheduled health check for volume org.apache.hadoop.ozone.container.common.volume.HddsVolume@3d64c581
2019-09-27 09:56:43,902 [main] INFO  impl.RaftServerProxy (ConfUtils.java:logGet(43)) - raft.rpc.type = GRPC (default)
2019-09-27 09:56:43,902 [main] INFO  grpc.GrpcFactory (GrpcFactory.java:checkPooledByteBufAllocatorUseCacheForAllThreads(45)) - PERFORMANCE WARNING: useCacheForAllThreads is true that may cause Netty to create a lot garbage objects and, as a result, trigger GC.
	It is recommended to disable useCacheForAllThreads by setting -Dorg.apache.ratis.thirdparty.io.netty.allocator.useCacheForAllThreads=false in command line.
2019-09-27 09:56:43,903 [main] INFO  grpc.GrpcConfigKeys$Server (ConfUtils.java:logGet(43)) - raft.grpc.server.port = 0 (default)
2019-09-27 09:56:43,903 [main] INFO  server.GrpcService (ConfUtils.java:logGet(43)) - raft.grpc.message.size.max = 33570816 (custom)
2019-09-27 09:56:43,904 [main] INFO  server.RaftServerConfigKeys (ConfUtils.java:logGet(43)) - raft.server.log.appender.buffer.byte-limit = 33554432 (custom)
2019-09-27 09:56:43,904 [main] INFO  server.GrpcService (ConfUtils.java:logGet(43)) - raft.grpc.flow.control.window = 1MB (=1048576) (default)
2019-09-27 09:56:43,905 [main] INFO  server.RaftServerConfigKeys (ConfUtils.java:logGet(43)) - raft.server.rpc.request.timeout = 3000ms (default)
2019-09-27 09:56:43,906 [main] INFO  server.RaftServerConfigKeys (ConfUtils.java:logGet(43)) - raft.server.storage.dir = [/workdir/hadoop-ozone/integration-test/target/test-dir/MiniOzoneClusterImpl-8eeacee4-f2ea-46c6-9d4b-1ae1fb96175b/datanode-9/data/ratis] (custom)
2019-09-27 09:56:43,908 [main] INFO  hdfs.DFSUtil (DFSUtil.java:httpServerTemplateForNNAndJN(1641)) - Starting Web-server for hddsDatanode at: http://0.0.0.0:0
2019-09-27 09:56:43,911 [main] INFO  server.AuthenticationFilter (AuthenticationFilter.java:constructSecretProvider(240)) - Unable to initialize FileSignerSecretProvider, falling back to use random secrets.
2019-09-27 09:56:43,912 [main] WARN  http.HttpRequestLog (HttpRequestLog.java:getRequestLog(97)) - Jetty request log can only be enabled using Log4j
2019-09-27 09:56:43,913 [main] INFO  http.HttpServer2 (HttpServer2.java:addGlobalFilter(975)) - Added global filter 'safety' (class=org.apache.hadoop.http.HttpServer2$QuotingInputFilter)
2019-09-27 09:56:43,914 [main] INFO  http.HttpServer2 (HttpServer2.java:addFilter(948)) - Added filter static_user_filter (class=org.apache.hadoop.http.lib.StaticUserWebFilter$StaticUserFilter) to context hddsDatanode
2019-09-27 09:56:43,914 [main] INFO  http.HttpServer2 (HttpServer2.java:addFilter(958)) - Added filter static_user_filter (class=org.apache.hadoop.http.lib.StaticUserWebFilter$StaticUserFilter) to context static
2019-09-27 09:56:43,915 [main] INFO  http.HttpServer2 (HttpServer2.java:addFilter(958)) - Added filter static_user_filter (class=org.apache.hadoop.http.lib.StaticUserWebFilter$StaticUserFilter) to context logs
2019-09-27 09:56:43,916 [main] INFO  http.HttpServer2 (HttpServer2.java:bindListener(1191)) - Jetty bound to port 36335
2019-09-27 09:56:43,916 [main] INFO  server.Server (Server.java:doStart(351)) - jetty-9.3.25.v20180904, build timestamp: 2018-09-04T21:11:46Z, git hash: 3ce520221d0240229c862b122d2b06c12a625732
2019-09-27 09:56:43,918 [main] INFO  handler.ContextHandler (ContextHandler.java:doStart(781)) - Started o.e.j.s.ServletContextHandler@7f37b6d9{/logs,file:///workdir/hadoop-ozone/integration-test/target/log,AVAILABLE}
2019-09-27 09:56:43,919 [main] INFO  handler.ContextHandler (ContextHandler.java:doStart(781)) - Started o.e.j.s.ServletContextHandler@22a10ac6{/static,jar:file:/home/user/.m2/repository/org/apache/hadoop/hadoop-hdds-container-service/0.5.0-SNAPSHOT/hadoop-hdds-container-service-0.5.0-SNAPSHOT.jar!/webapps/static,AVAILABLE}
2019-09-27 09:56:43,955 [main] INFO  handler.ContextHandler (ContextHandler.java:doStart(781)) - Started o.e.j.w.WebAppContext@306f6f1d{/,file:///tmp/jetty-0.0.0.0-36335-hddsDatanode-_-any-5390997713664711859.dir/webapp/,AVAILABLE}{/hddsDatanode}
2019-09-27 09:56:43,955 [main] INFO  server.AbstractConnector (AbstractConnector.java:doStart(278)) - Started ServerConnector@7d7cac8{HTTP/1.1,[http/1.1]}{0.0.0.0:36335}
2019-09-27 09:56:43,957 [main] INFO  server.Server (Server.java:doStart(419)) - Started @6038ms
2019-09-27 09:56:43,957 [main] WARN  impl.MetricsSystemImpl (MetricsSystemImpl.java:register(276)) - Sink prometheus already exists!
2019-09-27 09:56:43,958 [main] INFO  server.BaseHttpServer (BaseHttpServer.java:updateConnectorAddress(215)) - HTTP server of HDDSDATANODE is listening at http://0.0.0.0:36335
2019-09-27 09:56:43,964 [main] INFO  security.OzoneBlockTokenSecretManager (OzoneSecretManager.java:updateCurrentKey(167)) - Updating the current master key for generating tokens
2019-09-27 09:56:43,965 [org.apache.hadoop.util.JvmPauseMonitor$Monitor@67314cfc] INFO  util.JvmPauseMonitor (JvmPauseMonitor.java:run(188)) - Starting JVM pause monitor
2019-09-27 09:56:43,969 [Datanode State Machine Thread - 0] INFO  datanode.InitDatanodeState (InitDatanodeState.java:persistContainerDatanodeDetails(140)) - DatanodeDetails is persisted to /workdir/hadoop-ozone/integration-test/target/test-dir/MiniOzoneClusterImpl-8eeacee4-f2ea-46c6-9d4b-1ae1fb96175b/datanode-9/meta/datanode.id
2019-09-27 09:56:43,990 [main] INFO  om.OzoneManager (OzoneManager.java:readKeyPair(713)) - Reading keypair and certificate from file system.
2019-09-27 09:56:43,990 [main] INFO  om.OzoneManager (OzoneManager.java:startSecretManager(679)) - Starting OM block token secret manager
2019-09-27 09:56:43,990 [main] INFO  security.OzoneBlockTokenSecretManager (OzoneSecretManager.java:updateCurrentKey(167)) - Updating the current master key for generating tokens
2019-09-27 09:56:43,992 [main] INFO  ozone.MiniOzoneClusterImpl (MiniOzoneClusterImpl.java:lambda$waitForClusterToBeReady$0(147)) - Waiting for cluster to be ready. Got 0 of 10 DN Heartbeats.
2019-09-27 09:56:44,992 [main] INFO  ozone.MiniOzoneClusterImpl (MiniOzoneClusterImpl.java:lambda$waitForClusterToBeReady$0(147)) - Waiting for cluster to be ready. Got 0 of 10 DN Heartbeats.
2019-09-27 09:56:45,443 [Datanode State Machine Thread - 0] INFO  ozoneimpl.OzoneContainer (OzoneContainer.java:start(217)) - Attempting to start container services.
2019-09-27 09:56:45,443 [Datanode State Machine Thread - 0] INFO  ozoneimpl.OzoneContainer (OzoneContainer.java:start(217)) - Attempting to start container services.
2019-09-27 09:56:45,443 [Datanode State Machine Thread - 0] INFO  ozoneimpl.OzoneContainer (OzoneContainer.java:start(217)) - Attempting to start container services.
2019-09-27 09:56:45,447 [Datanode State Machine Thread - 0] INFO  ozoneimpl.OzoneContainer (OzoneContainer.java:startContainerScrub(179)) - Background container scanner has been disabled.
2019-09-27 09:56:45,447 [Datanode State Machine Thread - 0] INFO  ozoneimpl.OzoneContainer (OzoneContainer.java:startContainerScrub(179)) - Background container scanner has been disabled.
2019-09-27 09:56:45,448 [Datanode State Machine Thread - 0] INFO  ratis.XceiverServerRatis (XceiverServerRatis.java:start(411)) - Starting XceiverServerRatis 5911da34-ca57-408c-8816-1c7f5f86ee30 at port 0
2019-09-27 09:56:45,447 [Datanode State Machine Thread - 0] INFO  ozoneimpl.OzoneContainer (OzoneContainer.java:startContainerScrub(179)) - Background container scanner has been disabled.
2019-09-27 09:56:45,448 [Datanode State Machine Thread - 0] INFO  ratis.XceiverServerRatis (XceiverServerRatis.java:start(411)) - Starting XceiverServerRatis 2c15b4bb-8004-40ae-ac45-1dc5514b42f4 at port 0
2019-09-27 09:56:45,449 [Datanode State Machine Thread - 0] INFO  ratis.XceiverServerRatis (XceiverServerRatis.java:start(411)) - Starting XceiverServerRatis 104d06c1-b6f4-46fe-abab-80b9f3463d81 at port 0
2019-09-27 09:56:45,453 [Datanode State Machine Thread - 0] INFO  ozoneimpl.OzoneContainer (OzoneContainer.java:start(217)) - Attempting to start container services.
2019-09-27 09:56:45,460 [Datanode State Machine Thread - 0] INFO  ozoneimpl.OzoneContainer (OzoneContainer.java:startContainerScrub(179)) - Background container scanner has been disabled.
2019-09-27 09:56:45,460 [Datanode State Machine Thread - 0] INFO  ratis.XceiverServerRatis (XceiverServerRatis.java:start(411)) - Starting XceiverServerRatis 7c34c570-cc93-4d2d-95bb-ca6bff5b1acb at port 0
2019-09-27 09:56:45,497 [Datanode State Machine Thread - 0] INFO  impl.RaftServerProxy (RaftServerProxy.java:lambda$start$3(299)) - 104d06c1-b6f4-46fe-abab-80b9f3463d81: start RPC server
2019-09-27 09:56:45,498 [Datanode State Machine Thread - 0] INFO  impl.RaftServerProxy (RaftServerProxy.java:lambda$start$3(299)) - 2c15b4bb-8004-40ae-ac45-1dc5514b42f4: start RPC server
2019-09-27 09:56:45,497 [Datanode State Machine Thread - 0] INFO  impl.RaftServerProxy (RaftServerProxy.java:lambda$start$3(299)) - 7c34c570-cc93-4d2d-95bb-ca6bff5b1acb: start RPC server
2019-09-27 09:56:45,497 [Datanode State Machine Thread - 0] INFO  impl.RaftServerProxy (RaftServerProxy.java:lambda$start$3(299)) - 5911da34-ca57-408c-8816-1c7f5f86ee30: start RPC server
2019-09-27 09:56:45,538 [Datanode State Machine Thread - 0] INFO  ozoneimpl.OzoneContainer (OzoneContainer.java:start(217)) - Attempting to start container services.
2019-09-27 09:56:45,539 [Datanode State Machine Thread - 0] INFO  ozoneimpl.OzoneContainer (OzoneContainer.java:startContainerScrub(179)) - Background container scanner has been disabled.
2019-09-27 09:56:45,539 [Datanode State Machine Thread - 0] INFO  ratis.XceiverServerRatis (XceiverServerRatis.java:start(411)) - Starting XceiverServerRatis a8f5f0f5-8e74-4dbd-a70c-5d164a949520 at port 0
2019-09-27 09:56:45,551 [Datanode State Machine Thread - 0] INFO  impl.RaftServerProxy (RaftServerProxy.java:lambda$start$3(299)) - a8f5f0f5-8e74-4dbd-a70c-5d164a949520: start RPC server
2019-09-27 09:56:45,606 [Datanode State Machine Thread - 0] INFO  ozoneimpl.OzoneContainer (OzoneContainer.java:start(217)) - Attempting to start container services.
2019-09-27 09:56:45,607 [Datanode State Machine Thread - 0] INFO  ozoneimpl.OzoneContainer (OzoneContainer.java:startContainerScrub(179)) - Background container scanner has been disabled.
2019-09-27 09:56:45,607 [Datanode State Machine Thread - 0] INFO  ratis.XceiverServerRatis (XceiverServerRatis.java:start(411)) - Starting XceiverServerRatis a5178916-7f43-4d44-a33e-8aed6c9e8814 at port 0
2019-09-27 09:56:45,617 [Datanode State Machine Thread - 0] INFO  impl.RaftServerProxy (RaftServerProxy.java:lambda$start$3(299)) - a5178916-7f43-4d44-a33e-8aed6c9e8814: start RPC server
2019-09-27 09:56:45,697 [Datanode State Machine Thread - 0] INFO  server.GrpcService (GrpcService.java:startImpl(158)) - 2c15b4bb-8004-40ae-ac45-1dc5514b42f4: GrpcService started, listening on 0.0.0.0/0.0.0.0:40265
2019-09-27 09:56:45,698 [Datanode State Machine Thread - 0] INFO  server.GrpcService (GrpcService.java:startImpl(158)) - a8f5f0f5-8e74-4dbd-a70c-5d164a949520: GrpcService started, listening on 0.0.0.0/0.0.0.0:42561
2019-09-27 09:56:45,699 [Datanode State Machine Thread - 0] INFO  ratis.XceiverServerRatis (XceiverServerRatis.java:start(421)) - XceiverServerRatis 2c15b4bb-8004-40ae-ac45-1dc5514b42f4 is started using port 40265
2019-09-27 09:56:45,697 [Datanode State Machine Thread - 0] INFO  server.GrpcService (GrpcService.java:startImpl(158)) - a5178916-7f43-4d44-a33e-8aed6c9e8814: GrpcService started, listening on 0.0.0.0/0.0.0.0:34011
2019-09-27 09:56:45,697 [Datanode State Machine Thread - 0] INFO  server.GrpcService (GrpcService.java:startImpl(158)) - 7c34c570-cc93-4d2d-95bb-ca6bff5b1acb: GrpcService started, listening on 0.0.0.0/0.0.0.0:42543
2019-09-27 09:56:45,699 [Datanode State Machine Thread - 0] INFO  ratis.XceiverServerRatis (XceiverServerRatis.java:start(421)) - XceiverServerRatis 7c34c570-cc93-4d2d-95bb-ca6bff5b1acb is started using port 42543
2019-09-27 09:56:45,697 [Datanode State Machine Thread - 0] INFO  server.GrpcService (GrpcService.java:startImpl(158)) - 5911da34-ca57-408c-8816-1c7f5f86ee30: GrpcService started, listening on 0.0.0.0/0.0.0.0:44957
2019-09-27 09:56:45,697 [Datanode State Machine Thread - 0] INFO  server.GrpcService (GrpcService.java:startImpl(158)) - 104d06c1-b6f4-46fe-abab-80b9f3463d81: GrpcService started, listening on 0.0.0.0/0.0.0.0:40714
2019-09-27 09:56:45,700 [Datanode State Machine Thread - 0] INFO  ratis.XceiverServerRatis (XceiverServerRatis.java:start(421)) - XceiverServerRatis 5911da34-ca57-408c-8816-1c7f5f86ee30 is started using port 44957
2019-09-27 09:56:45,699 [Datanode State Machine Thread - 0] INFO  ratis.XceiverServerRatis (XceiverServerRatis.java:start(421)) - XceiverServerRatis a5178916-7f43-4d44-a33e-8aed6c9e8814 is started using port 34011
2019-09-27 09:56:45,699 [Datanode State Machine Thread - 0] INFO  ratis.XceiverServerRatis (XceiverServerRatis.java:start(421)) - XceiverServerRatis a8f5f0f5-8e74-4dbd-a70c-5d164a949520 is started using port 42561
2019-09-27 09:56:45,700 [Datanode State Machine Thread - 0] INFO  ratis.XceiverServerRatis (XceiverServerRatis.java:start(421)) - XceiverServerRatis 104d06c1-b6f4-46fe-abab-80b9f3463d81 is started using port 40714
2019-09-27 09:56:45,709 [Datanode State Machine Thread - 0] INFO  server.XceiverServerGrpc (XceiverServerGrpc.java:start(149)) - XceiverServerGrpc 2c15b4bb-8004-40ae-ac45-1dc5514b42f4 is started using port 38255
2019-09-27 09:56:45,709 [Datanode State Machine Thread - 0] INFO  server.XceiverServerGrpc (XceiverServerGrpc.java:start(149)) - XceiverServerGrpc 7c34c570-cc93-4d2d-95bb-ca6bff5b1acb is started using port 39967
2019-09-27 09:56:45,714 [Datanode State Machine Thread - 0] INFO  server.XceiverServerGrpc (XceiverServerGrpc.java:start(149)) - XceiverServerGrpc 5911da34-ca57-408c-8816-1c7f5f86ee30 is started using port 39196
2019-09-27 09:56:45,719 [Datanode State Machine Thread - 0] INFO  server.XceiverServerGrpc (XceiverServerGrpc.java:start(149)) - XceiverServerGrpc 104d06c1-b6f4-46fe-abab-80b9f3463d81 is started using port 34038
2019-09-27 09:56:45,719 [Datanode State Machine Thread - 0] INFO  server.XceiverServerGrpc (XceiverServerGrpc.java:start(149)) - XceiverServerGrpc a5178916-7f43-4d44-a33e-8aed6c9e8814 is started using port 41245
2019-09-27 09:56:45,719 [Datanode State Machine Thread - 0] INFO  server.XceiverServerGrpc (XceiverServerGrpc.java:start(149)) - XceiverServerGrpc a8f5f0f5-8e74-4dbd-a70c-5d164a949520 is started using port 33711
2019-09-27 09:56:45,726 [Datanode State Machine Thread - 0] INFO  ozoneimpl.OzoneContainer (OzoneContainer.java:start(217)) - Attempting to start container services.
2019-09-27 09:56:45,728 [Datanode State Machine Thread - 0] INFO  ozoneimpl.OzoneContainer (OzoneContainer.java:startContainerScrub(179)) - Background container scanner has been disabled.
2019-09-27 09:56:45,729 [Datanode State Machine Thread - 0] INFO  ratis.XceiverServerRatis (XceiverServerRatis.java:start(411)) - Starting XceiverServerRatis ebd02079-cc9f-48d7-8c8e-ec4136f19434 at port 0
2019-09-27 09:56:45,734 [Datanode State Machine Thread - 0] INFO  impl.RaftServerProxy (RaftServerProxy.java:lambda$start$3(299)) - ebd02079-cc9f-48d7-8c8e-ec4136f19434: start RPC server
2019-09-27 09:56:45,740 [Datanode State Machine Thread - 0] INFO  server.GrpcService (GrpcService.java:startImpl(158)) - ebd02079-cc9f-48d7-8c8e-ec4136f19434: GrpcService started, listening on 0.0.0.0/0.0.0.0:42859
2019-09-27 09:56:45,740 [Datanode State Machine Thread - 0] INFO  ratis.XceiverServerRatis (XceiverServerRatis.java:start(421)) - XceiverServerRatis ebd02079-cc9f-48d7-8c8e-ec4136f19434 is started using port 42859
2019-09-27 09:56:45,744 [Datanode State Machine Thread - 0] INFO  server.XceiverServerGrpc (XceiverServerGrpc.java:start(149)) - XceiverServerGrpc ebd02079-cc9f-48d7-8c8e-ec4136f19434 is started using port 34894
2019-09-27 09:56:45,805 [Datanode State Machine Thread - 0] INFO  ozoneimpl.OzoneContainer (OzoneContainer.java:start(217)) - Attempting to start container services.
2019-09-27 09:56:45,805 [Datanode State Machine Thread - 0] INFO  ozoneimpl.OzoneContainer (OzoneContainer.java:startContainerScrub(179)) - Background container scanner has been disabled.
2019-09-27 09:56:45,805 [Datanode State Machine Thread - 0] INFO  ratis.XceiverServerRatis (XceiverServerRatis.java:start(411)) - Starting XceiverServerRatis 314e6693-f7ac-41e1-8044-5e96ad768d09 at port 0
2019-09-27 09:56:45,812 [Datanode State Machine Thread - 0] INFO  impl.RaftServerProxy (RaftServerProxy.java:lambda$start$3(299)) - 314e6693-f7ac-41e1-8044-5e96ad768d09: start RPC server
2019-09-27 09:56:45,820 [Datanode State Machine Thread - 0] INFO  server.GrpcService (GrpcService.java:startImpl(158)) - 314e6693-f7ac-41e1-8044-5e96ad768d09: GrpcService started, listening on 0.0.0.0/0.0.0.0:33493
2019-09-27 09:56:45,820 [Datanode State Machine Thread - 0] INFO  ratis.XceiverServerRatis (XceiverServerRatis.java:start(421)) - XceiverServerRatis 314e6693-f7ac-41e1-8044-5e96ad768d09 is started using port 33493
2019-09-27 09:56:45,850 [Datanode State Machine Thread - 0] INFO  server.XceiverServerGrpc (XceiverServerGrpc.java:start(149)) - XceiverServerGrpc 314e6693-f7ac-41e1-8044-5e96ad768d09 is started using port 36085
2019-09-27 09:56:45,895 [Datanode State Machine Thread - 0] INFO  ozoneimpl.OzoneContainer (OzoneContainer.java:start(217)) - Attempting to start container services.
2019-09-27 09:56:45,896 [Datanode State Machine Thread - 0] INFO  ozoneimpl.OzoneContainer (OzoneContainer.java:startContainerScrub(179)) - Background container scanner has been disabled.
2019-09-27 09:56:45,896 [Datanode State Machine Thread - 0] INFO  ratis.XceiverServerRatis (XceiverServerRatis.java:start(411)) - Starting XceiverServerRatis 280232d7-15c9-41ee-814e-4405ebd39845 at port 0
2019-09-27 09:56:45,903 [Datanode State Machine Thread - 0] INFO  impl.RaftServerProxy (RaftServerProxy.java:lambda$start$3(299)) - 280232d7-15c9-41ee-814e-4405ebd39845: start RPC server
2019-09-27 09:56:45,908 [Datanode State Machine Thread - 0] INFO  server.GrpcService (GrpcService.java:startImpl(158)) - 280232d7-15c9-41ee-814e-4405ebd39845: GrpcService started, listening on 0.0.0.0/0.0.0.0:43570
2019-09-27 09:56:45,908 [Datanode State Machine Thread - 0] INFO  ratis.XceiverServerRatis (XceiverServerRatis.java:start(421)) - XceiverServerRatis 280232d7-15c9-41ee-814e-4405ebd39845 is started using port 43570
2019-09-27 09:56:45,912 [Datanode State Machine Thread - 0] INFO  server.XceiverServerGrpc (XceiverServerGrpc.java:start(149)) - XceiverServerGrpc 280232d7-15c9-41ee-814e-4405ebd39845 is started using port 33453
2019-09-27 09:56:45,982 [Datanode State Machine Thread - 0] INFO  ozoneimpl.OzoneContainer (OzoneContainer.java:start(217)) - Attempting to start container services.
2019-09-27 09:56:45,982 [Datanode State Machine Thread - 0] INFO  ozoneimpl.OzoneContainer (OzoneContainer.java:startContainerScrub(179)) - Background container scanner has been disabled.
2019-09-27 09:56:45,982 [Datanode State Machine Thread - 0] INFO  ratis.XceiverServerRatis (XceiverServerRatis.java:start(411)) - Starting XceiverServerRatis 98e467fb-2178-4bcc-aa88-91a9cb1be043 at port 0
2019-09-27 09:56:45,992 [Datanode State Machine Thread - 0] INFO  impl.RaftServerProxy (RaftServerProxy.java:lambda$start$3(299)) - 98e467fb-2178-4bcc-aa88-91a9cb1be043: start RPC server
2019-09-27 09:56:45,997 [main] INFO  ozone.MiniOzoneClusterImpl (MiniOzoneClusterImpl.java:lambda$waitForClusterToBeReady$0(147)) - Waiting for cluster to be ready. Got 0 of 10 DN Heartbeats.
2019-09-27 09:56:46,007 [Datanode State Machine Thread - 0] INFO  server.GrpcService (GrpcService.java:startImpl(158)) - 98e467fb-2178-4bcc-aa88-91a9cb1be043: GrpcService started, listening on 0.0.0.0/0.0.0.0:41309
2019-09-27 09:56:46,008 [Datanode State Machine Thread - 0] INFO  ratis.XceiverServerRatis (XceiverServerRatis.java:start(421)) - XceiverServerRatis 98e467fb-2178-4bcc-aa88-91a9cb1be043 is started using port 41309
2019-09-27 09:56:46,030 [Datanode State Machine Thread - 0] INFO  server.XceiverServerGrpc (XceiverServerGrpc.java:start(149)) - XceiverServerGrpc 98e467fb-2178-4bcc-aa88-91a9cb1be043 is started using port 35686
2019-09-27 09:56:47,008 [main] INFO  ozone.MiniOzoneClusterImpl (MiniOzoneClusterImpl.java:lambda$waitForClusterToBeReady$0(147)) - Waiting for cluster to be ready. Got 0 of 10 DN Heartbeats.
2019-09-27 09:56:47,229 [IPC Server handler 5 on 36977] INFO  net.NetworkTopology (NetworkTopologyImpl.java:add(111)) - Added a new node: /default-rack/2c15b4bb-8004-40ae-ac45-1dc5514b42f4
2019-09-27 09:56:47,230 [IPC Server handler 5 on 36977] INFO  node.SCMNodeManager (SCMNodeManager.java:register(266)) - Registered Data node : 2c15b4bb-8004-40ae-ac45-1dc5514b42f4{ip: 192.168.151.103, host: pr-hdds2162-4fxhj-20988671, networkLocation: /default-rack, certSerialId: null}
2019-09-27 09:56:47,237 [EventQueue-NodeRegistrationContainerReportForDataNodeSafeModeRule] INFO  safemode.SCMSafeModeManager (DataNodeSafeModeRule.java:process(71)) - SCM in safe mode. 1 DataNodes registered, 1 required.
2019-09-27 09:56:47,238 [EventQueue-NodeRegistrationContainerReportForDataNodeSafeModeRule] INFO  safemode.SCMSafeModeManager (SCMSafeModeManager.java:validateSafeModeExitRules(177)) - ScmSafeModeManager, all rules are successfully validated
2019-09-27 09:56:47,238 [EventQueue-NodeRegistrationContainerReportForDataNodeSafeModeRule] INFO  safemode.SCMSafeModeManager (SCMSafeModeManager.java:exitSafeMode(193)) - SCM exiting safe mode.
2019-09-27 09:56:47,289 [IPC Server handler 4 on 36977] INFO  net.NetworkTopology (NetworkTopologyImpl.java:add(111)) - Added a new node: /default-rack/5911da34-ca57-408c-8816-1c7f5f86ee30
2019-09-27 09:56:47,290 [IPC Server handler 4 on 36977] INFO  node.SCMNodeManager (SCMNodeManager.java:register(266)) - Registered Data node : 5911da34-ca57-408c-8816-1c7f5f86ee30{ip: 192.168.151.103, host: pr-hdds2162-4fxhj-20988671, networkLocation: /default-rack, certSerialId: null}
2019-09-27 09:56:47,375 [IPC Server handler 7 on 36977] INFO  net.NetworkTopology (NetworkTopologyImpl.java:add(111)) - Added a new node: /default-rack/104d06c1-b6f4-46fe-abab-80b9f3463d81
2019-09-27 09:56:47,375 [IPC Server handler 7 on 36977] INFO  node.SCMNodeManager (SCMNodeManager.java:register(266)) - Registered Data node : 104d06c1-b6f4-46fe-abab-80b9f3463d81{ip: 192.168.151.103, host: pr-hdds2162-4fxhj-20988671, networkLocation: /default-rack, certSerialId: null}
2019-09-27 09:56:47,450 [IPC Server handler 10 on 36977] INFO  net.NetworkTopology (NetworkTopologyImpl.java:add(111)) - Added a new node: /default-rack/7c34c570-cc93-4d2d-95bb-ca6bff5b1acb
2019-09-27 09:56:47,450 [IPC Server handler 10 on 36977] INFO  node.SCMNodeManager (SCMNodeManager.java:register(266)) - Registered Data node : 7c34c570-cc93-4d2d-95bb-ca6bff5b1acb{ip: 192.168.151.103, host: pr-hdds2162-4fxhj-20988671, networkLocation: /default-rack, certSerialId: null}
2019-09-27 09:56:47,519 [IPC Server handler 6 on 36977] INFO  net.NetworkTopology (NetworkTopologyImpl.java:add(111)) - Added a new node: /default-rack/a8f5f0f5-8e74-4dbd-a70c-5d164a949520
2019-09-27 09:56:47,520 [IPC Server handler 6 on 36977] INFO  node.SCMNodeManager (SCMNodeManager.java:register(266)) - Registered Data node : a8f5f0f5-8e74-4dbd-a70c-5d164a949520{ip: 192.168.151.103, host: pr-hdds2162-4fxhj-20988671, networkLocation: /default-rack, certSerialId: null}
2019-09-27 09:56:47,595 [IPC Server handler 8 on 36977] INFO  net.NetworkTopology (NetworkTopologyImpl.java:add(111)) - Added a new node: /default-rack/a5178916-7f43-4d44-a33e-8aed6c9e8814
2019-09-27 09:56:47,596 [IPC Server handler 8 on 36977] INFO  node.SCMNodeManager (SCMNodeManager.java:register(266)) - Registered Data node : a5178916-7f43-4d44-a33e-8aed6c9e8814{ip: 192.168.151.103, host: pr-hdds2162-4fxhj-20988671, networkLocation: /default-rack, certSerialId: null}
2019-09-27 09:56:47,733 [IPC Server handler 3 on 36977] INFO  net.NetworkTopology (NetworkTopologyImpl.java:add(111)) - Added a new node: /default-rack/ebd02079-cc9f-48d7-8c8e-ec4136f19434
2019-09-27 09:56:47,733 [IPC Server handler 3 on 36977] INFO  node.SCMNodeManager (SCMNodeManager.java:register(266)) - Registered Data node : ebd02079-cc9f-48d7-8c8e-ec4136f19434{ip: 192.168.151.103, host: pr-hdds2162-4fxhj-20988671, networkLocation: /default-rack, certSerialId: null}
2019-09-27 09:56:47,793 [IPC Server handler 1 on 36977] INFO  net.NetworkTopology (NetworkTopologyImpl.java:add(111)) - Added a new node: /default-rack/314e6693-f7ac-41e1-8044-5e96ad768d09
2019-09-27 09:56:47,794 [IPC Server handler 1 on 36977] INFO  node.SCMNodeManager (SCMNodeManager.java:register(266)) - Registered Data node : 314e6693-f7ac-41e1-8044-5e96ad768d09{ip: 192.168.151.103, host: pr-hdds2162-4fxhj-20988671, networkLocation: /default-rack, certSerialId: null}
2019-09-27 09:56:47,871 [IPC Server handler 2 on 36977] INFO  net.NetworkTopology (NetworkTopologyImpl.java:add(111)) - Added a new node: /default-rack/280232d7-15c9-41ee-814e-4405ebd39845
2019-09-27 09:56:47,871 [IPC Server handler 2 on 36977] INFO  node.SCMNodeManager (SCMNodeManager.java:register(266)) - Registered Data node : 280232d7-15c9-41ee-814e-4405ebd39845{ip: 192.168.151.103, host: pr-hdds2162-4fxhj-20988671, networkLocation: /default-rack, certSerialId: null}
2019-09-27 09:56:47,934 [grpc-default-executor-0] INFO  impl.RaftServerProxy (RaftServerProxy.java:addNew(89)) - 2c15b4bb-8004-40ae-ac45-1dc5514b42f4: addNew group-4D3115411AEA:[2c15b4bb-8004-40ae-ac45-1dc5514b42f4:192.168.151.103:40265] returns group-4D3115411AEA:java.util.concurrent.CompletableFuture@64c73211[Not completed]
2019-09-27 09:56:47,953 [pool-27-thread-1] INFO  impl.RaftServerImpl (RaftServerImpl.java:<init>(95)) - 2c15b4bb-8004-40ae-ac45-1dc5514b42f4: new RaftServerImpl for group-4D3115411AEA:[2c15b4bb-8004-40ae-ac45-1dc5514b42f4:192.168.151.103:40265] with ContainerStateMachine:uninitialized
2019-09-27 09:56:47,955 [pool-27-thread-1] INFO  server.RaftServerConfigKeys (ConfUtils.java:logGet(43)) - raft.server.rpc.timeout.min = 5s (custom)
2019-09-27 09:56:47,957 [pool-27-thread-1] INFO  server.RaftServerConfigKeys (ConfUtils.java:logGet(43)) - raft.server.rpc.timeout.max = 5200ms (custom)
2019-09-27 09:56:47,957 [pool-27-thread-1] INFO  server.RaftServerConfigKeys (ConfUtils.java:logGet(43)) - raft.server.rpcslowness.timeout = 120s (custom)
2019-09-27 09:56:47,958 [pool-27-thread-1] INFO  server.RaftServerConfigKeys (ConfUtils.java:logGet(43)) - raft.server.sleep.deviation.threshold = 300 (default)
2019-09-27 09:56:47,959 [pool-27-thread-1] INFO  server.RaftServerConfigKeys (ConfUtils.java:logGet(43)) - raft.server.log.appender.install.snapshot.enabled = false (custom)
2019-09-27 09:56:47,982 [IPC Server handler 5 on 36977] INFO  net.NetworkTopology (NetworkTopologyImpl.java:add(111)) - Added a new node: /default-rack/98e467fb-2178-4bcc-aa88-91a9cb1be043
2019-09-27 09:56:47,982 [IPC Server handler 5 on 36977] INFO  node.SCMNodeManager (SCMNodeManager.java:register(266)) - Registered Data node : 98e467fb-2178-4bcc-aa88-91a9cb1be043{ip: 192.168.151.103, host: pr-hdds2162-4fxhj-20988671, networkLocation: /default-rack, certSerialId: null}
2019-09-27 09:56:47,983 [pool-27-thread-1] INFO  impl.RaftServerImpl (ServerState.java:<init>(103)) - 2c15b4bb-8004-40ae-ac45-1dc5514b42f4@group-4D3115411AEA: ConfigurationManager, init=-1: [2c15b4bb-8004-40ae-ac45-1dc5514b42f4:192.168.151.103:40265], old=null, confs=<EMPTY_MAP>
2019-09-27 09:56:47,984 [pool-27-thread-1] INFO  server.RaftServerConfigKeys (ConfUtils.java:logGet(43)) - raft.server.storage.dir = [/workdir/hadoop-ozone/integration-test/target/test-dir/MiniOzoneClusterImpl-8eeacee4-f2ea-46c6-9d4b-1ae1fb96175b/datanode-0/data/ratis] (custom)
2019-09-27 09:56:47,993 [pool-27-thread-1] INFO  storage.RaftStorageDirectory (RaftStorageDirectory.java:analyzeStorage(246)) - The storage directory /workdir/hadoop-ozone/integration-test/target/test-dir/MiniOzoneClusterImpl-8eeacee4-f2ea-46c6-9d4b-1ae1fb96175b/datanode-0/data/ratis/1d41a4ca-90c9-4801-b855-4d3115411aea does not exist. Creating ...
2019-09-27 09:56:48,009 [main] INFO  ozone.MiniOzoneClusterImpl (MiniOzoneClusterImpl.java:lambda$waitForClusterToBeReady$0(147)) - Cluster is ready. Got 10 of 10 DN Heartbeats.
2019-09-27 09:56:48,011 [pool-27-thread-1] INFO  storage.RaftStorageDirectory (RaftStorageDirectory.java:tryLock(328)) - Lock on /workdir/hadoop-ozone/integration-test/target/test-dir/MiniOzoneClusterImpl-8eeacee4-f2ea-46c6-9d4b-1ae1fb96175b/datanode-0/data/ratis/1d41a4ca-90c9-4801-b855-4d3115411aea/in_use.lock acquired by nodename 28830@pr-hdds2162-4fxhj-20988671
2019-09-27 09:56:48,026 [pool-27-thread-1] INFO  storage.RaftStorage (RaftStorage.java:format(72)) - Storage directory /workdir/hadoop-ozone/integration-test/target/test-dir/MiniOzoneClusterImpl-8eeacee4-f2ea-46c6-9d4b-1ae1fb96175b/datanode-0/data/ratis/1d41a4ca-90c9-4801-b855-4d3115411aea has been successfully formatted.
2019-09-27 09:56:48,029 [pool-27-thread-1] INFO  ratis.ContainerStateMachine (ContainerStateMachine.java:loadSnapshot(230)) - group-4D3115411AEA: The snapshot info is null. Setting the last applied indexto:(t:0, i:~)
2019-09-27 09:56:48,029 [pool-27-thread-1] INFO  server.RaftServerConfigKeys (ConfUtils.java:logGet(43)) - raft.server.notification.no-leader.timeout = 120s (custom)
2019-09-27 09:56:48,031 [pool-27-thread-1] INFO  server.RaftServerConfigKeys (ConfUtils.java:logGet(43)) - raft.server.log.use.memory = false (default)
2019-09-27 09:56:48,038 [pool-27-thread-1] INFO  server.RaftServerConfigKeys (ConfUtils.java:logGet(43)) - raft.server.log.purge.gap = 1000000 (custom)
2019-09-27 09:56:48,038 [pool-27-thread-1] INFO  server.RaftServerConfigKeys (ConfUtils.java:logGet(43)) - raft.server.log.appender.buffer.byte-limit = 33554432 (custom)
2019-09-27 09:56:48,041 [pool-27-thread-1] INFO  server.RaftServerConfigKeys (ConfUtils.java:logGet(43)) - raft.server.log.segment.size.max = 1048576 (custom)
2019-09-27 09:56:48,047 [pool-27-thread-1] INFO  server.RaftServerConfigKeys (ConfUtils.java:logGet(43)) - raft.server.log.segment.cache.num.max = 2 (custom)
2019-09-27 09:56:48,053 [pool-27-thread-1] INFO  segmented.SegmentedRaftLogWorker (SegmentedRaftLogWorker.java:<init>(172)) - new 2c15b4bb-8004-40ae-ac45-1dc5514b42f4@group-4D3115411AEA-SegmentedRaftLogWorker for RaftStorage:Storage Directory /workdir/hadoop-ozone/integration-test/target/test-dir/MiniOzoneClusterImpl-8eeacee4-f2ea-46c6-9d4b-1ae1fb96175b/datanode-0/data/ratis/1d41a4ca-90c9-4801-b855-4d3115411aea
2019-09-27 09:56:48,055 [pool-27-thread-1] INFO  impl.MetricsSystemImpl (MetricsSystemImpl.java:init(158)) - ratis metrics system started (again)
2019-09-27 09:56:48,062 [pool-27-thread-1] INFO  metrics.MetricRegistries (MetricRegistriesLoader.java:load(64)) - Loaded MetricRegistries class org.apache.ratis.metrics.impl.MetricRegistriesImpl
2019-09-27 09:56:48,095 [pool-27-thread-1] INFO  server.RaftServerConfigKeys (ConfUtils.java:logGet(43)) - raft.server.log.queue.byte-limit = 2147483647 (custom)
2019-09-27 09:56:48,095 [pool-27-thread-1] INFO  server.RaftServerConfigKeys (ConfUtils.java:logGet(43)) - raft.server.log.queue.element-limit = 1024 (custom)
2019-09-27 09:56:48,098 [pool-27-thread-1] INFO  server.RaftServerConfigKeys (ConfUtils.java:logGet(43)) - raft.server.log.segment.size.max = 1048576 (custom)
2019-09-27 09:56:48,099 [pool-27-thread-1] INFO  server.RaftServerConfigKeys (ConfUtils.java:logGet(43)) - raft.server.log.preallocated.size = 16384 (custom)
2019-09-27 09:56:48,099 [pool-27-thread-1] INFO  server.RaftServerConfigKeys (ConfUtils.java:logGet(43)) - raft.server.log.write.buffer.size = 33554432 (custom)
2019-09-27 09:56:48,100 [pool-27-thread-1] INFO  server.RaftServerConfigKeys (ConfUtils.java:logGet(43)) - raft.server.log.force.sync.num = 128 (default)
2019-09-27 09:56:48,101 [pool-27-thread-1] INFO  server.RaftServerConfigKeys (ConfUtils.java:logGet(43)) - raft.server.log.statemachine.data.sync = true (default)
2019-09-27 09:56:48,101 [pool-27-thread-1] INFO  server.RaftServerConfigKeys (ConfUtils.java:logGet(43)) - raft.server.log.statemachine.data.sync.timeout = 10s (default)
2019-09-27 09:56:48,101 [pool-27-thread-1] INFO  server.RaftServerConfigKeys (ConfUtils.java:logGet(43)) - raft.server.log.statemachine.data.sync.timeout.retry = -1 (default)
2019-09-27 09:56:48,110 [pool-27-thread-1] INFO  server.RaftServerConfigKeys (ConfUtils.java:logGet(43)) - raft.server.log.statemachine.data.caching.enabled = true (custom)
2019-09-27 09:56:48,115 [pool-27-thread-1] INFO  segmented.SegmentedRaftLogWorker (SegmentedRaftLogWorker.java:lambda$new$0(132)) - 2c15b4bb-8004-40ae-ac45-1dc5514b42f4@group-4D3115411AEA-SegmentedRaftLogWorker: flushIndex: setUnconditionally 0 -> -1
2019-09-27 09:56:48,119 [pool-27-thread-1] INFO  server.RaftServerConfigKeys (ConfUtils.java:logGet(43)) - raft.server.snapshot.auto.trigger.enabled = true (custom)
2019-09-27 09:56:48,120 [pool-27-thread-1] INFO  server.RaftServerConfigKeys (ConfUtils.java:logGet(43)) - raft.server.snapshot.auto.trigger.threshold = 10000 (custom)
2019-09-27 09:56:48,120 [pool-27-thread-1] INFO  server.RaftServerConfigKeys (ConfUtils.java:logGet(43)) - raft.server.snapshot.retention.num.files = 5 (custom)
2019-09-27 09:56:48,121 [pool-27-thread-1] INFO  server.RaftServerConfigKeys (ConfUtils.java:logGet(43)) - raft.server.retrycache.expirytime = 600000ms (custom)
2019-09-27 09:56:48,148 [pool-27-thread-1] INFO  impl.RaftServerImpl (RaftServerImpl.java:start(185)) - 2c15b4bb-8004-40ae-ac45-1dc5514b42f4@group-4D3115411AEA: start as a follower, conf=-1: [2c15b4bb-8004-40ae-ac45-1dc5514b42f4:192.168.151.103:40265], old=null
2019-09-27 09:56:48,149 [pool-27-thread-1] INFO  impl.RaftServerImpl (RaftServerImpl.java:setRole(174)) - 2c15b4bb-8004-40ae-ac45-1dc5514b42f4@group-4D3115411AEA: changes role from      null to FOLLOWER at term 0 for startAsFollower
2019-09-27 09:56:48,150 [pool-27-thread-1] INFO  impl.RoleInfo (RoleInfo.java:updateAndGet(143)) - 2c15b4bb-8004-40ae-ac45-1dc5514b42f4: start FollowerState
2019-09-27 09:56:48,152 [pool-27-thread-1] INFO  util.JmxRegister (JmxRegister.java:tryRegister(44)) - Successfully registered JMX Bean with object name Ratis:service=RaftServer,group=group-4D3115411AEA,id=2c15b4bb-8004-40ae-ac45-1dc5514b42f4
2019-09-27 09:56:48,215 [RatisPipelineUtilsThread] INFO  pipeline.PipelineStateManager (PipelineStateManager.java:addPipeline(56)) - Created pipeline Pipeline[ Id: 1d41a4ca-90c9-4801-b855-4d3115411aea, Nodes: 2c15b4bb-8004-40ae-ac45-1dc5514b42f4{ip: 192.168.151.103, host: pr-hdds2162-4fxhj-20988671, networkLocation: /default-rack, certSerialId: null}, Type:RATIS, Factor:ONE, State:OPEN]
2019-09-27 09:56:48,247 [grpc-default-executor-0] INFO  impl.RaftServerProxy (RaftServerProxy.java:addNew(89)) - 5911da34-ca57-408c-8816-1c7f5f86ee30: addNew group-8AA2DEFC8D57:[5911da34-ca57-408c-8816-1c7f5f86ee30:192.168.151.103:44957] returns group-8AA2DEFC8D57:java.util.concurrent.CompletableFuture@55916354[Not completed]
2019-09-27 09:56:48,347 [pool-37-thread-1] INFO  impl.RaftServerImpl (RaftServerImpl.java:<init>(95)) - 5911da34-ca57-408c-8816-1c7f5f86ee30: new RaftServerImpl for group-8AA2DEFC8D57:[5911da34-ca57-408c-8816-1c7f5f86ee30:192.168.151.103:44957] with ContainerStateMachine:uninitialized
2019-09-27 09:56:48,349 [pool-37-thread-1] INFO  server.RaftServerConfigKeys (ConfUtils.java:logGet(43)) - raft.server.rpc.timeout.min = 5s (custom)
2019-09-27 09:56:48,349 [pool-37-thread-1] INFO  server.RaftServerConfigKeys (ConfUtils.java:logGet(43)) - raft.server.rpc.timeout.max = 5200ms (custom)
2019-09-27 09:56:48,350 [pool-37-thread-1] INFO  server.RaftServerConfigKeys (ConfUtils.java:logGet(43)) - raft.server.rpcslowness.timeout = 120s (custom)
2019-09-27 09:56:48,350 [pool-37-thread-1] INFO  server.RaftServerConfigKeys (ConfUtils.java:logGet(43)) - raft.server.sleep.deviation.threshold = 300 (default)
2019-09-27 09:56:48,350 [pool-37-thread-1] INFO  server.RaftServerConfigKeys (ConfUtils.java:logGet(43)) - raft.server.log.appender.install.snapshot.enabled = false (custom)
2019-09-27 09:56:48,350 [pool-37-thread-1] INFO  impl.RaftServerImpl (ServerState.java:<init>(103)) - 5911da34-ca57-408c-8816-1c7f5f86ee30@group-8AA2DEFC8D57: ConfigurationManager, init=-1: [5911da34-ca57-408c-8816-1c7f5f86ee30:192.168.151.103:44957], old=null, confs=<EMPTY_MAP>
2019-09-27 09:56:48,350 [pool-37-thread-1] INFO  server.RaftServerConfigKeys (ConfUtils.java:logGet(43)) - raft.server.storage.dir = [/workdir/hadoop-ozone/integration-test/target/test-dir/MiniOzoneClusterImpl-8eeacee4-f2ea-46c6-9d4b-1ae1fb96175b/datanode-1/data/ratis] (custom)
2019-09-27 09:56:48,351 [pool-37-thread-1] INFO  storage.RaftStorageDirectory (RaftStorageDirectory.java:analyzeStorage(246)) - The storage directory /workdir/hadoop-ozone/integration-test/target/test-dir/MiniOzoneClusterImpl-8eeacee4-f2ea-46c6-9d4b-1ae1fb96175b/datanode-1/data/ratis/40455818-07ad-4209-a786-8aa2defc8d57 does not exist. Creating ...
2019-09-27 09:56:48,379 [pool-37-thread-1] INFO  storage.RaftStorageDirectory (RaftStorageDirectory.java:tryLock(328)) - Lock on /workdir/hadoop-ozone/integration-test/target/test-dir/MiniOzoneClusterImpl-8eeacee4-f2ea-46c6-9d4b-1ae1fb96175b/datanode-1/data/ratis/40455818-07ad-4209-a786-8aa2defc8d57/in_use.lock acquired by nodename 28830@pr-hdds2162-4fxhj-20988671
2019-09-27 09:56:48,501 [pool-37-thread-1] INFO  storage.RaftStorage (RaftStorage.java:format(72)) - Storage directory /workdir/hadoop-ozone/integration-test/target/test-dir/MiniOzoneClusterImpl-8eeacee4-f2ea-46c6-9d4b-1ae1fb96175b/datanode-1/data/ratis/40455818-07ad-4209-a786-8aa2defc8d57 has been successfully formatted.
2019-09-27 09:56:48,503 [pool-37-thread-1] INFO  ratis.ContainerStateMachine (ContainerStateMachine.java:loadSnapshot(230)) - group-8AA2DEFC8D57: The snapshot info is null. Setting the last applied indexto:(t:0, i:~)
2019-09-27 09:56:48,505 [pool-37-thread-1] INFO  server.RaftServerConfigKeys (ConfUtils.java:logGet(43)) - raft.server.notification.no-leader.timeout = 120s (custom)
2019-09-27 09:56:48,506 [pool-37-thread-1] INFO  server.RaftServerConfigKeys (ConfUtils.java:logGet(43)) - raft.server.log.use.memory = false (default)
2019-09-27 09:56:48,506 [pool-37-thread-1] INFO  server.RaftServerConfigKeys (ConfUtils.java:logGet(43)) - raft.server.log.purge.gap = 1000000 (custom)
2019-09-27 09:56:48,506 [pool-37-thread-1] INFO  server.RaftServerConfigKeys (ConfUtils.java:logGet(43)) - raft.server.log.appender.buffer.byte-limit = 33554432 (custom)
2019-09-27 09:56:48,506 [pool-37-thread-1] INFO  server.RaftServerConfigKeys (ConfUtils.java:logGet(43)) - raft.server.log.segment.size.max = 1048576 (custom)
2019-09-27 09:56:48,506 [pool-37-thread-1] INFO  server.RaftServerConfigKeys (ConfUtils.java:logGet(43)) - raft.server.log.segment.cache.num.max = 2 (custom)
2019-09-27 09:56:48,507 [pool-37-thread-1] INFO  segmented.SegmentedRaftLogWorker (SegmentedRaftLogWorker.java:<init>(172)) - new 5911da34-ca57-408c-8816-1c7f5f86ee30@group-8AA2DEFC8D57-SegmentedRaftLogWorker for RaftStorage:Storage Directory /workdir/hadoop-ozone/integration-test/target/test-dir/MiniOzoneClusterImpl-8eeacee4-f2ea-46c6-9d4b-1ae1fb96175b/datanode-1/data/ratis/40455818-07ad-4209-a786-8aa2defc8d57
2019-09-27 09:56:48,548 [pool-37-thread-1] INFO  server.RaftServerConfigKeys (ConfUtils.java:logGet(43)) - raft.server.log.queue.byte-limit = 2147483647 (custom)
2019-09-27 09:56:48,548 [pool-37-thread-1] INFO  server.RaftServerConfigKeys (ConfUtils.java:logGet(43)) - raft.server.log.queue.element-limit = 1024 (custom)
2019-09-27 09:56:48,548 [pool-37-thread-1] INFO  server.RaftServerConfigKeys (ConfUtils.java:logGet(43)) - raft.server.log.segment.size.max = 1048576 (custom)
2019-09-27 09:56:48,549 [pool-37-thread-1] INFO  server.RaftServerConfigKeys (ConfUtils.java:logGet(43)) - raft.server.log.preallocated.size = 16384 (custom)
2019-09-27 09:56:48,549 [pool-37-thread-1] INFO  server.RaftServerConfigKeys (ConfUtils.java:logGet(43)) - raft.server.log.write.buffer.size = 33554432 (custom)
2019-09-27 09:56:48,549 [pool-37-thread-1] INFO  server.RaftServerConfigKeys (ConfUtils.java:logGet(43)) - raft.server.log.force.sync.num = 128 (default)
2019-09-27 09:56:48,549 [pool-37-thread-1] INFO  server.RaftServerConfigKeys (ConfUtils.java:logGet(43)) - raft.server.log.statemachine.data.sync = true (default)
2019-09-27 09:56:48,549 [pool-37-thread-1] INFO  server.RaftServerConfigKeys (ConfUtils.java:logGet(43)) - raft.server.log.statemachine.data.sync.timeout = 10s (default)
2019-09-27 09:56:48,550 [pool-37-thread-1] INFO  server.RaftServerConfigKeys (ConfUtils.java:logGet(43)) - raft.server.log.statemachine.data.sync.timeout.retry = -1 (default)
2019-09-27 09:56:48,550 [pool-37-thread-1] INFO  server.RaftServerConfigKeys (ConfUtils.java:logGet(43)) - raft.server.log.statemachine.data.caching.enabled = true (custom)
2019-09-27 09:56:48,551 [pool-37-thread-1] INFO  segmented.SegmentedRaftLogWorker (SegmentedRaftLogWorker.java:lambda$new$0(132)) - 5911da34-ca57-408c-8816-1c7f5f86ee30@group-8AA2DEFC8D57-SegmentedRaftLogWorker: flushIndex: setUnconditionally 0 -> -1
2019-09-27 09:56:48,551 [pool-37-thread-1] INFO  server.RaftServerConfigKeys (ConfUtils.java:logGet(43)) - raft.server.snapshot.auto.trigger.enabled = true (custom)
2019-09-27 09:56:48,551 [pool-37-thread-1] INFO  server.RaftServerConfigKeys (ConfUtils.java:logGet(43)) - raft.server.snapshot.auto.trigger.threshold = 10000 (custom)
2019-09-27 09:56:48,552 [pool-37-thread-1] INFO  server.RaftServerConfigKeys (ConfUtils.java:logGet(43)) - raft.server.snapshot.retention.num.files = 5 (custom)
2019-09-27 09:56:48,552 [pool-37-thread-1] INFO  server.RaftServerConfigKeys (ConfUtils.java:logGet(43)) - raft.server.retrycache.expirytime = 600000ms (custom)
2019-09-27 09:56:48,559 [pool-37-thread-1] INFO  impl.RaftServerImpl (RaftServerImpl.java:start(185)) - 5911da34-ca57-408c-8816-1c7f5f86ee30@group-8AA2DEFC8D57: start as a follower, conf=-1: [5911da34-ca57-408c-8816-1c7f5f86ee30:192.168.151.103:44957], old=null
2019-09-27 09:56:48,559 [pool-37-thread-1] INFO  impl.RaftServerImpl (RaftServerImpl.java:setRole(174)) - 5911da34-ca57-408c-8816-1c7f5f86ee30@group-8AA2DEFC8D57: changes role from      null to FOLLOWER at term 0 for startAsFollower
2019-09-27 09:56:48,559 [pool-37-thread-1] INFO  impl.RoleInfo (RoleInfo.java:updateAndGet(143)) - 5911da34-ca57-408c-8816-1c7f5f86ee30: start FollowerState
2019-09-27 09:56:48,567 [pool-37-thread-1] INFO  util.JmxRegister (JmxRegister.java:tryRegister(44)) - Successfully registered JMX Bean with object name Ratis:service=RaftServer,group=group-8AA2DEFC8D57,id=5911da34-ca57-408c-8816-1c7f5f86ee30
2019-09-27 09:56:48,586 [RatisPipelineUtilsThread] INFO  pipeline.PipelineStateManager (PipelineStateManager.java:addPipeline(56)) - Created pipeline Pipeline[ Id: 40455818-07ad-4209-a786-8aa2defc8d57, Nodes: 5911da34-ca57-408c-8816-1c7f5f86ee30{ip: 192.168.151.103, host: pr-hdds2162-4fxhj-20988671, networkLocation: /default-rack, certSerialId: null}, Type:RATIS, Factor:ONE, State:OPEN]
2019-09-27 09:56:48,612 [grpc-default-executor-0] INFO  impl.RaftServerProxy (RaftServerProxy.java:addNew(89)) - 98e467fb-2178-4bcc-aa88-91a9cb1be043: addNew group-5AD9D28F22EF:[98e467fb-2178-4bcc-aa88-91a9cb1be043:192.168.151.103:41309] returns group-5AD9D28F22EF:java.util.concurrent.CompletableFuture@aa99c11[Not completed]
2019-09-27 09:56:48,646 [pool-117-thread-1] INFO  impl.RaftServerImpl (RaftServerImpl.java:<init>(95)) - 98e467fb-2178-4bcc-aa88-91a9cb1be043: new RaftServerImpl for group-5AD9D28F22EF:[98e467fb-2178-4bcc-aa88-91a9cb1be043:192.168.151.103:41309] with ContainerStateMachine:uninitialized
2019-09-27 09:56:48,646 [pool-117-thread-1] INFO  server.RaftServerConfigKeys (ConfUtils.java:logGet(43)) - raft.server.rpc.timeout.min = 5s (custom)
2019-09-27 09:56:48,646 [pool-117-thread-1] INFO  server.RaftServerConfigKeys (ConfUtils.java:logGet(43)) - raft.server.rpc.timeout.max = 5200ms (custom)
2019-09-27 09:56:48,647 [pool-117-thread-1] INFO  server.RaftServerConfigKeys (ConfUtils.java:logGet(43)) - raft.server.rpcslowness.timeout = 120s (custom)
2019-09-27 09:56:48,647 [pool-117-thread-1] INFO  server.RaftServerConfigKeys (ConfUtils.java:logGet(43)) - raft.server.sleep.deviation.threshold = 300 (default)
2019-09-27 09:56:48,647 [pool-117-thread-1] INFO  server.RaftServerConfigKeys (ConfUtils.java:logGet(43)) - raft.server.log.appender.install.snapshot.enabled = false (custom)
2019-09-27 09:56:48,647 [pool-117-thread-1] INFO  impl.RaftServerImpl (ServerState.java:<init>(103)) - 98e467fb-2178-4bcc-aa88-91a9cb1be043@group-5AD9D28F22EF: ConfigurationManager, init=-1: [98e467fb-2178-4bcc-aa88-91a9cb1be043:192.168.151.103:41309], old=null, confs=<EMPTY_MAP>
2019-09-27 09:56:48,647 [pool-117-thread-1] INFO  server.RaftServerConfigKeys (ConfUtils.java:logGet(43)) - raft.server.storage.dir = [/workdir/hadoop-ozone/integration-test/target/test-dir/MiniOzoneClusterImpl-8eeacee4-f2ea-46c6-9d4b-1ae1fb96175b/datanode-9/data/ratis] (custom)
2019-09-27 09:56:48,648 [pool-117-thread-1] INFO  storage.RaftStorageDirectory (RaftStorageDirectory.java:analyzeStorage(246)) - The storage directory /workdir/hadoop-ozone/integration-test/target/test-dir/MiniOzoneClusterImpl-8eeacee4-f2ea-46c6-9d4b-1ae1fb96175b/datanode-9/data/ratis/8d57d4ba-28d6-44a5-b890-5ad9d28f22ef does not exist. Creating ...
2019-09-27 09:56:48,672 [pool-117-thread-1] INFO  storage.RaftStorageDirectory (RaftStorageDirectory.java:tryLock(328)) - Lock on /workdir/hadoop-ozone/integration-test/target/test-dir/MiniOzoneClusterImpl-8eeacee4-f2ea-46c6-9d4b-1ae1fb96175b/datanode-9/data/ratis/8d57d4ba-28d6-44a5-b890-5ad9d28f22ef/in_use.lock acquired by nodename 28830@pr-hdds2162-4fxhj-20988671
2019-09-27 09:56:48,686 [pool-117-thread-1] INFO  storage.RaftStorage (RaftStorage.java:format(72)) - Storage directory /workdir/hadoop-ozone/integration-test/target/test-dir/MiniOzoneClusterImpl-8eeacee4-f2ea-46c6-9d4b-1ae1fb96175b/datanode-9/data/ratis/8d57d4ba-28d6-44a5-b890-5ad9d28f22ef has been successfully formatted.
2019-09-27 09:56:48,686 [pool-117-thread-1] INFO  ratis.ContainerStateMachine (ContainerStateMachine.java:loadSnapshot(230)) - group-5AD9D28F22EF: The snapshot info is null. Setting the last applied indexto:(t:0, i:~)
2019-09-27 09:56:48,686 [pool-117-thread-1] INFO  server.RaftServerConfigKeys (ConfUtils.java:logGet(43)) - raft.server.notification.no-leader.timeout = 120s (custom)
2019-09-27 09:56:48,687 [pool-117-thread-1] INFO  server.RaftServerConfigKeys (ConfUtils.java:logGet(43)) - raft.server.log.use.memory = false (default)
2019-09-27 09:56:48,687 [pool-117-thread-1] INFO  server.RaftServerConfigKeys (ConfUtils.java:logGet(43)) - raft.server.log.purge.gap = 1000000 (custom)
2019-09-27 09:56:48,687 [pool-117-thread-1] INFO  server.RaftServerConfigKeys (ConfUtils.java:logGet(43)) - raft.server.log.appender.buffer.byte-limit = 33554432 (custom)
2019-09-27 09:56:48,687 [pool-117-thread-1] INFO  server.RaftServerConfigKeys (ConfUtils.java:logGet(43)) - raft.server.log.segment.size.max = 1048576 (custom)
2019-09-27 09:56:48,687 [pool-117-thread-1] INFO  server.RaftServerConfigKeys (ConfUtils.java:logGet(43)) - raft.server.log.segment.cache.num.max = 2 (custom)
2019-09-27 09:56:48,688 [pool-117-thread-1] INFO  segmented.SegmentedRaftLogWorker (SegmentedRaftLogWorker.java:<init>(172)) - new 98e467fb-2178-4bcc-aa88-91a9cb1be043@group-5AD9D28F22EF-SegmentedRaftLogWorker for RaftStorage:Storage Directory /workdir/hadoop-ozone/integration-test/target/test-dir/MiniOzoneClusterImpl-8eeacee4-f2ea-46c6-9d4b-1ae1fb96175b/datanode-9/data/ratis/8d57d4ba-28d6-44a5-b890-5ad9d28f22ef
2019-09-27 09:56:48,749 [pool-117-thread-1] INFO  server.RaftServerConfigKeys (ConfUtils.java:logGet(43)) - raft.server.log.queue.byte-limit = 2147483647 (custom)
2019-09-27 09:56:48,750 [pool-117-thread-1] INFO  server.RaftServerConfigKeys (ConfUtils.java:logGet(43)) - raft.server.log.queue.element-limit = 1024 (custom)
2019-09-27 09:56:48,750 [pool-117-thread-1] INFO  server.RaftServerConfigKeys (ConfUtils.java:logGet(43)) - raft.server.log.segment.size.max = 1048576 (custom)
2019-09-27 09:56:48,750 [pool-117-thread-1] INFO  server.RaftServerConfigKeys (ConfUtils.java:logGet(43)) - raft.server.log.preallocated.size = 16384 (custom)
2019-09-27 09:56:48,751 [pool-117-thread-1] INFO  server.RaftServerConfigKeys (ConfUtils.java:logGet(43)) - raft.server.log.write.buffer.size = 33554432 (custom)
2019-09-27 09:56:48,751 [pool-117-thread-1] INFO  server.RaftServerConfigKeys (ConfUtils.java:logGet(43)) - raft.server.log.force.sync.num = 128 (default)
2019-09-27 09:56:48,751 [pool-117-thread-1] INFO  server.RaftServerConfigKeys (ConfUtils.java:logGet(43)) - raft.server.log.statemachine.data.sync = true (default)
2019-09-27 09:56:48,751 [pool-117-thread-1] INFO  server.RaftServerConfigKeys (ConfUtils.java:logGet(43)) - raft.server.log.statemachine.data.sync.timeout = 10s (default)
2019-09-27 09:56:48,751 [pool-117-thread-1] INFO  server.RaftServerConfigKeys (ConfUtils.java:logGet(43)) - raft.server.log.statemachine.data.sync.timeout.retry = -1 (default)
2019-09-27 09:56:48,752 [pool-117-thread-1] INFO  server.RaftServerConfigKeys (ConfUtils.java:logGet(43)) - raft.server.log.statemachine.data.caching.enabled = true (custom)
2019-09-27 09:56:48,752 [pool-117-thread-1] INFO  segmented.SegmentedRaftLogWorker (SegmentedRaftLogWorker.java:lambda$new$0(132)) - 98e467fb-2178-4bcc-aa88-91a9cb1be043@group-5AD9D28F22EF-SegmentedRaftLogWorker: flushIndex: setUnconditionally 0 -> -1
2019-09-27 09:56:48,753 [pool-117-thread-1] INFO  server.RaftServerConfigKeys (ConfUtils.java:logGet(43)) - raft.server.snapshot.auto.trigger.enabled = true (custom)
2019-09-27 09:56:48,753 [pool-117-thread-1] INFO  server.RaftServerConfigKeys (ConfUtils.java:logGet(43)) - raft.server.snapshot.auto.trigger.threshold = 10000 (custom)
2019-09-27 09:56:48,753 [pool-117-thread-1] INFO  server.RaftServerConfigKeys (ConfUtils.java:logGet(43)) - raft.server.snapshot.retention.num.files = 5 (custom)
2019-09-27 09:56:48,753 [pool-117-thread-1] INFO  server.RaftServerConfigKeys (ConfUtils.java:logGet(43)) - raft.server.retrycache.expirytime = 600000ms (custom)
2019-09-27 09:56:48,759 [pool-117-thread-1] INFO  impl.RaftServerImpl (RaftServerImpl.java:start(185)) - 98e467fb-2178-4bcc-aa88-91a9cb1be043@group-5AD9D28F22EF: start as a follower, conf=-1: [98e467fb-2178-4bcc-aa88-91a9cb1be043:192.168.151.103:41309], old=null
2019-09-27 09:56:48,759 [pool-117-thread-1] INFO  impl.RaftServerImpl (RaftServerImpl.java:setRole(174)) - 98e467fb-2178-4bcc-aa88-91a9cb1be043@group-5AD9D28F22EF: changes role from      null to FOLLOWER at term 0 for startAsFollower
2019-09-27 09:56:48,759 [pool-117-thread-1] INFO  impl.RoleInfo (RoleInfo.java:updateAndGet(143)) - 98e467fb-2178-4bcc-aa88-91a9cb1be043: start FollowerState
2019-09-27 09:56:48,762 [pool-117-thread-1] INFO  util.JmxRegister (JmxRegister.java:tryRegister(44)) - Successfully registered JMX Bean with object name Ratis:service=RaftServer,group=group-5AD9D28F22EF,id=98e467fb-2178-4bcc-aa88-91a9cb1be043
2019-09-27 09:56:48,785 [RatisPipelineUtilsThread] INFO  pipeline.PipelineStateManager (PipelineStateManager.java:addPipeline(56)) - Created pipeline Pipeline[ Id: 8d57d4ba-28d6-44a5-b890-5ad9d28f22ef, Nodes: 98e467fb-2178-4bcc-aa88-91a9cb1be043{ip: 192.168.151.103, host: pr-hdds2162-4fxhj-20988671, networkLocation: /default-rack, certSerialId: null}, Type:RATIS, Factor:ONE, State:OPEN]
2019-09-27 09:56:48,814 [grpc-default-executor-0] INFO  impl.RaftServerProxy (RaftServerProxy.java:addNew(89)) - 104d06c1-b6f4-46fe-abab-80b9f3463d81: addNew group-7358B9CE46DB:[104d06c1-b6f4-46fe-abab-80b9f3463d81:192.168.151.103:40714] returns group-7358B9CE46DB:java.util.concurrent.CompletableFuture@21e5a1b9[Not completed]
2019-09-27 09:56:48,821 [pool-47-thread-1] INFO  impl.RaftServerImpl (RaftServerImpl.java:<init>(95)) - 104d06c1-b6f4-46fe-abab-80b9f3463d81: new RaftServerImpl for group-7358B9CE46DB:[104d06c1-b6f4-46fe-abab-80b9f3463d81:192.168.151.103:40714] with ContainerStateMachine:uninitialized
2019-09-27 09:56:48,821 [pool-47-thread-1] INFO  server.RaftServerConfigKeys (ConfUtils.java:logGet(43)) - raft.server.rpc.timeout.min = 5s (custom)
2019-09-27 09:56:48,821 [pool-47-thread-1] INFO  server.RaftServerConfigKeys (ConfUtils.java:logGet(43)) - raft.server.rpc.timeout.max = 5200ms (custom)
2019-09-27 09:56:48,821 [pool-47-thread-1] INFO  server.RaftServerConfigKeys (ConfUtils.java:logGet(43)) - raft.server.rpcslowness.timeout = 120s (custom)
2019-09-27 09:56:48,822 [pool-47-thread-1] INFO  server.RaftServerConfigKeys (ConfUtils.java:logGet(43)) - raft.server.sleep.deviation.threshold = 300 (default)
2019-09-27 09:56:48,822 [pool-47-thread-1] INFO  server.RaftServerConfigKeys (ConfUtils.java:logGet(43)) - raft.server.log.appender.install.snapshot.enabled = false (custom)
2019-09-27 09:56:48,822 [pool-47-thread-1] INFO  impl.RaftServerImpl (ServerState.java:<init>(103)) - 104d06c1-b6f4-46fe-abab-80b9f3463d81@group-7358B9CE46DB: ConfigurationManager, init=-1: [104d06c1-b6f4-46fe-abab-80b9f3463d81:192.168.151.103:40714], old=null, confs=<EMPTY_MAP>
2019-09-27 09:56:48,822 [pool-47-thread-1] INFO  server.RaftServerConfigKeys (ConfUtils.java:logGet(43)) - raft.server.storage.dir = [/workdir/hadoop-ozone/integration-test/target/test-dir/MiniOzoneClusterImpl-8eeacee4-f2ea-46c6-9d4b-1ae1fb96175b/datanode-2/data/ratis] (custom)
2019-09-27 09:56:48,823 [pool-47-thread-1] INFO  storage.RaftStorageDirectory (RaftStorageDirectory.java:analyzeStorage(246)) - The storage directory /workdir/hadoop-ozone/integration-test/target/test-dir/MiniOzoneClusterImpl-8eeacee4-f2ea-46c6-9d4b-1ae1fb96175b/datanode-2/data/ratis/c4c5f685-fed8-462c-b2bb-7358b9ce46db does not exist. Creating ...
2019-09-27 09:56:48,836 [pool-47-thread-1] INFO  storage.RaftStorageDirectory (RaftStorageDirectory.java:tryLock(328)) - Lock on /workdir/hadoop-ozone/integration-test/target/test-dir/MiniOzoneClusterImpl-8eeacee4-f2ea-46c6-9d4b-1ae1fb96175b/datanode-2/data/ratis/c4c5f685-fed8-462c-b2bb-7358b9ce46db/in_use.lock acquired by nodename 28830@pr-hdds2162-4fxhj-20988671
2019-09-27 09:56:48,849 [pool-47-thread-1] INFO  storage.RaftStorage (RaftStorage.java:format(72)) - Storage directory /workdir/hadoop-ozone/integration-test/target/test-dir/MiniOzoneClusterImpl-8eeacee4-f2ea-46c6-9d4b-1ae1fb96175b/datanode-2/data/ratis/c4c5f685-fed8-462c-b2bb-7358b9ce46db has been successfully formatted.
2019-09-27 09:56:48,849 [pool-47-thread-1] INFO  ratis.ContainerStateMachine (ContainerStateMachine.java:loadSnapshot(230)) - group-7358B9CE46DB: The snapshot info is null. Setting the last applied indexto:(t:0, i:~)
2019-09-27 09:56:48,850 [pool-47-thread-1] INFO  server.RaftServerConfigKeys (ConfUtils.java:logGet(43)) - raft.server.notification.no-leader.timeout = 120s (custom)
2019-09-27 09:56:48,850 [pool-47-thread-1] INFO  server.RaftServerConfigKeys (ConfUtils.java:logGet(43)) - raft.server.log.use.memory = false (default)
2019-09-27 09:56:48,850 [pool-47-thread-1] INFO  server.RaftServerConfigKeys (ConfUtils.java:logGet(43)) - raft.server.log.purge.gap = 1000000 (custom)
2019-09-27 09:56:48,850 [pool-47-thread-1] INFO  server.RaftServerConfigKeys (ConfUtils.java:logGet(43)) - raft.server.log.appender.buffer.byte-limit = 33554432 (custom)
2019-09-27 09:56:48,850 [pool-47-thread-1] INFO  server.RaftServerConfigKeys (ConfUtils.java:logGet(43)) - raft.server.log.segment.size.max = 1048576 (custom)
2019-09-27 09:56:48,851 [pool-47-thread-1] INFO  server.RaftServerConfigKeys (ConfUtils.java:logGet(43)) - raft.server.log.segment.cache.num.max = 2 (custom)
2019-09-27 09:56:48,851 [pool-47-thread-1] INFO  segmented.SegmentedRaftLogWorker (SegmentedRaftLogWorker.java:<init>(172)) - new 104d06c1-b6f4-46fe-abab-80b9f3463d81@group-7358B9CE46DB-SegmentedRaftLogWorker for RaftStorage:Storage Directory /workdir/hadoop-ozone/integration-test/target/test-dir/MiniOzoneClusterImpl-8eeacee4-f2ea-46c6-9d4b-1ae1fb96175b/datanode-2/data/ratis/c4c5f685-fed8-462c-b2bb-7358b9ce46db
2019-09-27 09:56:48,856 [pool-47-thread-1] INFO  server.RaftServerConfigKeys (ConfUtils.java:logGet(43)) - raft.server.log.queue.byte-limit = 2147483647 (custom)
2019-09-27 09:56:48,856 [pool-47-thread-1] INFO  server.RaftServerConfigKeys (ConfUtils.java:logGet(43)) - raft.server.log.queue.element-limit = 1024 (custom)
2019-09-27 09:56:48,856 [pool-47-thread-1] INFO  server.RaftServerConfigKeys (ConfUtils.java:logGet(43)) - raft.server.log.segment.size.max = 1048576 (custom)
2019-09-27 09:56:48,857 [pool-47-thread-1] INFO  server.RaftServerConfigKeys (ConfUtils.java:logGet(43)) - raft.server.log.preallocated.size = 16384 (custom)
2019-09-27 09:56:48,857 [pool-47-thread-1] INFO  server.RaftServerConfigKeys (ConfUtils.java:logGet(43)) - raft.server.log.write.buffer.size = 33554432 (custom)
2019-09-27 09:56:48,857 [pool-47-thread-1] INFO  server.RaftServerConfigKeys (ConfUtils.java:logGet(43)) - raft.server.log.force.sync.num = 128 (default)
2019-09-27 09:56:48,857 [pool-47-thread-1] INFO  server.RaftServerConfigKeys (ConfUtils.java:logGet(43)) - raft.server.log.statemachine.data.sync = true (default)
2019-09-27 09:56:48,857 [pool-47-thread-1] INFO  server.RaftServerConfigKeys (ConfUtils.java:logGet(43)) - raft.server.log.statemachine.data.sync.timeout = 10s (default)
2019-09-27 09:56:48,858 [pool-47-thread-1] INFO  server.RaftServerConfigKeys (ConfUtils.java:logGet(43)) - raft.server.log.statemachine.data.sync.timeout.retry = -1 (default)
2019-09-27 09:56:48,858 [pool-47-thread-1] INFO  server.RaftServerConfigKeys (ConfUtils.java:logGet(43)) - raft.server.log.statemachine.data.caching.enabled = true (custom)
2019-09-27 09:56:48,858 [pool-47-thread-1] INFO  segmented.SegmentedRaftLogWorker (SegmentedRaftLogWorker.java:lambda$new$0(132)) - 104d06c1-b6f4-46fe-abab-80b9f3463d81@group-7358B9CE46DB-SegmentedRaftLogWorker: flushIndex: setUnconditionally 0 -> -1
2019-09-27 09:56:48,859 [pool-47-thread-1] INFO  server.RaftServerConfigKeys (ConfUtils.java:logGet(43)) - raft.server.snapshot.auto.trigger.enabled = true (custom)
2019-09-27 09:56:48,859 [pool-47-thread-1] INFO  server.RaftServerConfigKeys (ConfUtils.java:logGet(43)) - raft.server.snapshot.auto.trigger.threshold = 10000 (custom)
2019-09-27 09:56:48,859 [pool-47-thread-1] INFO  server.RaftServerConfigKeys (ConfUtils.java:logGet(43)) - raft.server.snapshot.retention.num.files = 5 (custom)
2019-09-27 09:56:48,859 [pool-47-thread-1] INFO  server.RaftServerConfigKeys (ConfUtils.java:logGet(43)) - raft.server.retrycache.expirytime = 600000ms (custom)
2019-09-27 09:56:48,864 [pool-47-thread-1] INFO  impl.RaftServerImpl (RaftServerImpl.java:start(185)) - 104d06c1-b6f4-46fe-abab-80b9f3463d81@group-7358B9CE46DB: start as a follower, conf=-1: [104d06c1-b6f4-46fe-abab-80b9f3463d81:192.168.151.103:40714], old=null
2019-09-27 09:56:48,865 [pool-47-thread-1] INFO  impl.RaftServerImpl (RaftServerImpl.java:setRole(174)) - 104d06c1-b6f4-46fe-abab-80b9f3463d81@group-7358B9CE46DB: changes role from      null to FOLLOWER at term 0 for startAsFollower
2019-09-27 09:56:48,865 [pool-47-thread-1] INFO  impl.RoleInfo (RoleInfo.java:updateAndGet(143)) - 104d06c1-b6f4-46fe-abab-80b9f3463d81: start FollowerState
2019-09-27 09:56:48,865 [pool-47-thread-1] INFO  util.JmxRegister (JmxRegister.java:tryRegister(44)) - Successfully registered JMX Bean with object name Ratis:service=RaftServer,group=group-7358B9CE46DB,id=104d06c1-b6f4-46fe-abab-80b9f3463d81
2019-09-27 09:56:48,894 [RatisPipelineUtilsThread] INFO  pipeline.PipelineStateManager (PipelineStateManager.java:addPipeline(56)) - Created pipeline Pipeline[ Id: c4c5f685-fed8-462c-b2bb-7358b9ce46db, Nodes: 104d06c1-b6f4-46fe-abab-80b9f3463d81{ip: 192.168.151.103, host: pr-hdds2162-4fxhj-20988671, networkLocation: /default-rack, certSerialId: null}, Type:RATIS, Factor:ONE, State:OPEN]
2019-09-27 09:56:48,916 [grpc-default-executor-0] INFO  impl.RaftServerProxy (RaftServerProxy.java:addNew(89)) - a8f5f0f5-8e74-4dbd-a70c-5d164a949520: addNew group-CEAE0B345E0E:[a8f5f0f5-8e74-4dbd-a70c-5d164a949520:192.168.151.103:42561] returns group-CEAE0B345E0E:java.util.concurrent.CompletableFuture@51a0585f[Not completed]
2019-09-27 09:56:48,922 [pool-67-thread-1] INFO  impl.RaftServerImpl (RaftServerImpl.java:<init>(95)) - a8f5f0f5-8e74-4dbd-a70c-5d164a949520: new RaftServerImpl for group-CEAE0B345E0E:[a8f5f0f5-8e74-4dbd-a70c-5d164a949520:192.168.151.103:42561] with ContainerStateMachine:uninitialized
2019-09-27 09:56:48,922 [pool-67-thread-1] INFO  server.RaftServerConfigKeys (ConfUtils.java:logGet(43)) - raft.server.rpc.timeout.min = 5s (custom)
2019-09-27 09:56:48,922 [pool-67-thread-1] INFO  server.RaftServerConfigKeys (ConfUtils.java:logGet(43)) - raft.server.rpc.timeout.max = 5200ms (custom)
2019-09-27 09:56:48,923 [pool-67-thread-1] INFO  server.RaftServerConfigKeys (ConfUtils.java:logGet(43)) - raft.server.rpcslowness.timeout = 120s (custom)
2019-09-27 09:56:48,923 [pool-67-thread-1] INFO  server.RaftServerConfigKeys (ConfUtils.java:logGet(43)) - raft.server.sleep.deviation.threshold = 300 (default)
2019-09-27 09:56:48,923 [pool-67-thread-1] INFO  server.RaftServerConfigKeys (ConfUtils.java:logGet(43)) - raft.server.log.appender.install.snapshot.enabled = false (custom)
2019-09-27 09:56:48,923 [pool-67-thread-1] INFO  impl.RaftServerImpl (ServerState.java:<init>(103)) - a8f5f0f5-8e74-4dbd-a70c-5d164a949520@group-CEAE0B345E0E: ConfigurationManager, init=-1: [a8f5f0f5-8e74-4dbd-a70c-5d164a949520:192.168.151.103:42561], old=null, confs=<EMPTY_MAP>
2019-09-27 09:56:48,923 [pool-67-thread-1] INFO  server.RaftServerConfigKeys (ConfUtils.java:logGet(43)) - raft.server.storage.dir = [/workdir/hadoop-ozone/integration-test/target/test-dir/MiniOzoneClusterImpl-8eeacee4-f2ea-46c6-9d4b-1ae1fb96175b/datanode-4/data/ratis] (custom)
2019-09-27 09:56:48,924 [pool-67-thread-1] INFO  storage.RaftStorageDirectory (RaftStorageDirectory.java:analyzeStorage(246)) - The storage directory /workdir/hadoop-ozone/integration-test/target/test-dir/MiniOzoneClusterImpl-8eeacee4-f2ea-46c6-9d4b-1ae1fb96175b/datanode-4/data/ratis/6d306f22-8448-463d-bcc5-ceae0b345e0e does not exist. Creating ...
2019-09-27 09:56:48,936 [pool-67-thread-1] INFO  storage.RaftStorageDirectory (RaftStorageDirectory.java:tryLock(328)) - Lock on /workdir/hadoop-ozone/integration-test/target/test-dir/MiniOzoneClusterImpl-8eeacee4-f2ea-46c6-9d4b-1ae1fb96175b/datanode-4/data/ratis/6d306f22-8448-463d-bcc5-ceae0b345e0e/in_use.lock acquired by nodename 28830@pr-hdds2162-4fxhj-20988671
2019-09-27 09:56:48,960 [pool-67-thread-1] INFO  storage.RaftStorage (RaftStorage.java:format(72)) - Storage directory /workdir/hadoop-ozone/integration-test/target/test-dir/MiniOzoneClusterImpl-8eeacee4-f2ea-46c6-9d4b-1ae1fb96175b/datanode-4/data/ratis/6d306f22-8448-463d-bcc5-ceae0b345e0e has been successfully formatted.
2019-09-27 09:56:48,961 [pool-67-thread-1] INFO  ratis.ContainerStateMachine (ContainerStateMachine.java:loadSnapshot(230)) - group-CEAE0B345E0E: The snapshot info is null. Setting the last applied indexto:(t:0, i:~)
2019-09-27 09:56:48,961 [pool-67-thread-1] INFO  server.RaftServerConfigKeys (ConfUtils.java:logGet(43)) - raft.server.notification.no-leader.timeout = 120s (custom)
2019-09-27 09:56:48,961 [pool-67-thread-1] INFO  server.RaftServerConfigKeys (ConfUtils.java:logGet(43)) - raft.server.log.use.memory = false (default)
2019-09-27 09:56:48,961 [pool-67-thread-1] INFO  server.RaftServerConfigKeys (ConfUtils.java:logGet(43)) - raft.server.log.purge.gap = 1000000 (custom)
2019-09-27 09:56:48,961 [pool-67-thread-1] INFO  server.RaftServerConfigKeys (ConfUtils.java:logGet(43)) - raft.server.log.appender.buffer.byte-limit = 33554432 (custom)
2019-09-27 09:56:48,961 [pool-67-thread-1] INFO  server.RaftServerConfigKeys (ConfUtils.java:logGet(43)) - raft.server.log.segment.size.max = 1048576 (custom)
2019-09-27 09:56:48,962 [pool-67-thread-1] INFO  server.RaftServerConfigKeys (ConfUtils.java:logGet(43)) - raft.server.log.segment.cache.num.max = 2 (custom)
2019-09-27 09:56:48,962 [pool-67-thread-1] INFO  segmented.SegmentedRaftLogWorker (SegmentedRaftLogWorker.java:<init>(172)) - new a8f5f0f5-8e74-4dbd-a70c-5d164a949520@group-CEAE0B345E0E-SegmentedRaftLogWorker for RaftStorage:Storage Directory /workdir/hadoop-ozone/integration-test/target/test-dir/MiniOzoneClusterImpl-8eeacee4-f2ea-46c6-9d4b-1ae1fb96175b/datanode-4/data/ratis/6d306f22-8448-463d-bcc5-ceae0b345e0e
2019-09-27 09:56:48,966 [pool-67-thread-1] INFO  server.RaftServerConfigKeys (ConfUtils.java:logGet(43)) - raft.server.log.queue.byte-limit = 2147483647 (custom)
2019-09-27 09:56:48,966 [pool-67-thread-1] INFO  server.RaftServerConfigKeys (ConfUtils.java:logGet(43)) - raft.server.log.queue.element-limit = 1024 (custom)
2019-09-27 09:56:48,967 [pool-67-thread-1] INFO  server.RaftServerConfigKeys (ConfUtils.java:logGet(43)) - raft.server.log.segment.size.max = 1048576 (custom)
2019-09-27 09:56:48,967 [pool-67-thread-1] INFO  server.RaftServerConfigKeys (ConfUtils.java:logGet(43)) - raft.server.log.preallocated.size = 16384 (custom)
2019-09-27 09:56:48,967 [pool-67-thread-1] INFO  server.RaftServerConfigKeys (ConfUtils.java:logGet(43)) - raft.server.log.write.buffer.size = 33554432 (custom)
2019-09-27 09:56:48,967 [pool-67-thread-1] INFO  server.RaftServerConfigKeys (ConfUtils.java:logGet(43)) - raft.server.log.force.sync.num = 128 (default)
2019-09-27 09:56:48,967 [pool-67-thread-1] INFO  server.RaftServerConfigKeys (ConfUtils.java:logGet(43)) - raft.server.log.statemachine.data.sync = true (default)
2019-09-27 09:56:48,968 [pool-67-thread-1] INFO  server.RaftServerConfigKeys (ConfUtils.java:logGet(43)) - raft.server.log.statemachine.data.sync.timeout = 10s (default)
2019-09-27 09:56:48,968 [pool-67-thread-1] INFO  server.RaftServerConfigKeys (ConfUtils.java:logGet(43)) - raft.server.log.statemachine.data.sync.timeout.retry = -1 (default)
2019-09-27 09:56:48,968 [pool-67-thread-1] INFO  server.RaftServerConfigKeys (ConfUtils.java:logGet(43)) - raft.server.log.statemachine.data.caching.enabled = true (custom)
2019-09-27 09:56:48,968 [pool-67-thread-1] INFO  segmented.SegmentedRaftLogWorker (SegmentedRaftLogWorker.java:lambda$new$0(132)) - a8f5f0f5-8e74-4dbd-a70c-5d164a949520@group-CEAE0B345E0E-SegmentedRaftLogWorker: flushIndex: setUnconditionally 0 -> -1
2019-09-27 09:56:48,969 [pool-67-thread-1] INFO  server.RaftServerConfigKeys (ConfUtils.java:logGet(43)) - raft.server.snapshot.auto.trigger.enabled = true (custom)
2019-09-27 09:56:48,969 [pool-67-thread-1] INFO  server.RaftServerConfigKeys (ConfUtils.java:logGet(43)) - raft.server.snapshot.auto.trigger.threshold = 10000 (custom)
2019-09-27 09:56:48,969 [pool-67-thread-1] INFO  server.RaftServerConfigKeys (ConfUtils.java:logGet(43)) - raft.server.snapshot.retention.num.files = 5 (custom)
2019-09-27 09:56:48,969 [pool-67-thread-1] INFO  server.RaftServerConfigKeys (ConfUtils.java:logGet(43)) - raft.server.retrycache.expirytime = 600000ms (custom)
2019-09-27 09:56:48,973 [pool-67-thread-1] INFO  impl.RaftServerImpl (RaftServerImpl.java:start(185)) - a8f5f0f5-8e74-4dbd-a70c-5d164a949520@group-CEAE0B345E0E: start as a follower, conf=-1: [a8f5f0f5-8e74-4dbd-a70c-5d164a949520:192.168.151.103:42561], old=null
2019-09-27 09:56:48,974 [pool-67-thread-1] INFO  impl.RaftServerImpl (RaftServerImpl.java:setRole(174)) - a8f5f0f5-8e74-4dbd-a70c-5d164a949520@group-CEAE0B345E0E: changes role from      null to FOLLOWER at term 0 for startAsFollower
2019-09-27 09:56:48,974 [pool-67-thread-1] INFO  impl.RoleInfo (RoleInfo.java:updateAndGet(143)) - a8f5f0f5-8e74-4dbd-a70c-5d164a949520: start FollowerState
2019-09-27 09:56:48,974 [pool-67-thread-1] INFO  util.JmxRegister (JmxRegister.java:tryRegister(44)) - Successfully registered JMX Bean with object name Ratis:service=RaftServer,group=group-CEAE0B345E0E,id=a8f5f0f5-8e74-4dbd-a70c-5d164a949520
2019-09-27 09:56:48,991 [RatisPipelineUtilsThread] INFO  pipeline.PipelineStateManager (PipelineStateManager.java:addPipeline(56)) - Created pipeline Pipeline[ Id: 6d306f22-8448-463d-bcc5-ceae0b345e0e, Nodes: a8f5f0f5-8e74-4dbd-a70c-5d164a949520{ip: 192.168.151.103, host: pr-hdds2162-4fxhj-20988671, networkLocation: /default-rack, certSerialId: null}, Type:RATIS, Factor:ONE, State:OPEN]
2019-09-27 09:56:49,015 [grpc-default-executor-0] INFO  impl.RaftServerProxy (RaftServerProxy.java:addNew(89)) - 7c34c570-cc93-4d2d-95bb-ca6bff5b1acb: addNew group-90E69E8BF3D1:[7c34c570-cc93-4d2d-95bb-ca6bff5b1acb:192.168.151.103:42543] returns group-90E69E8BF3D1:java.util.concurrent.CompletableFuture@6b09a550[Not completed]
2019-09-27 09:56:49,022 [pool-57-thread-1] INFO  impl.RaftServerImpl (RaftServerImpl.java:<init>(95)) - 7c34c570-cc93-4d2d-95bb-ca6bff5b1acb: new RaftServerImpl for group-90E69E8BF3D1:[7c34c570-cc93-4d2d-95bb-ca6bff5b1acb:192.168.151.103:42543] with ContainerStateMachine:uninitialized
2019-09-27 09:56:49,022 [pool-57-thread-1] INFO  server.RaftServerConfigKeys (ConfUtils.java:logGet(43)) - raft.server.rpc.timeout.min = 5s (custom)
2019-09-27 09:56:49,022 [pool-57-thread-1] INFO  server.RaftServerConfigKeys (ConfUtils.java:logGet(43)) - raft.server.rpc.timeout.max = 5200ms (custom)
2019-09-27 09:56:49,022 [pool-57-thread-1] INFO  server.RaftServerConfigKeys (ConfUtils.java:logGet(43)) - raft.server.rpcslowness.timeout = 120s (custom)
2019-09-27 09:56:49,022 [pool-57-thread-1] INFO  server.RaftServerConfigKeys (ConfUtils.java:logGet(43)) - raft.server.sleep.deviation.threshold = 300 (default)
2019-09-27 09:56:49,022 [pool-57-thread-1] INFO  server.RaftServerConfigKeys (ConfUtils.java:logGet(43)) - raft.server.log.appender.install.snapshot.enabled = false (custom)
2019-09-27 09:56:49,023 [pool-57-thread-1] INFO  impl.RaftServerImpl (ServerState.java:<init>(103)) - 7c34c570-cc93-4d2d-95bb-ca6bff5b1acb@group-90E69E8BF3D1: ConfigurationManager, init=-1: [7c34c570-cc93-4d2d-95bb-ca6bff5b1acb:192.168.151.103:42543], old=null, confs=<EMPTY_MAP>
2019-09-27 09:56:49,023 [pool-57-thread-1] INFO  server.RaftServerConfigKeys (ConfUtils.java:logGet(43)) - raft.server.storage.dir = [/workdir/hadoop-ozone/integration-test/target/test-dir/MiniOzoneClusterImpl-8eeacee4-f2ea-46c6-9d4b-1ae1fb96175b/datanode-3/data/ratis] (custom)
2019-09-27 09:56:49,023 [pool-57-thread-1] INFO  storage.RaftStorageDirectory (RaftStorageDirectory.java:analyzeStorage(246)) - The storage directory /workdir/hadoop-ozone/integration-test/target/test-dir/MiniOzoneClusterImpl-8eeacee4-f2ea-46c6-9d4b-1ae1fb96175b/datanode-3/data/ratis/e4f6218f-7a80-4419-88b6-90e69e8bf3d1 does not exist. Creating ...
2019-09-27 09:56:49,036 [pool-57-thread-1] INFO  storage.RaftStorageDirectory (RaftStorageDirectory.java:tryLock(328)) - Lock on /workdir/hadoop-ozone/integration-test/target/test-dir/MiniOzoneClusterImpl-8eeacee4-f2ea-46c6-9d4b-1ae1fb96175b/datanode-3/data/ratis/e4f6218f-7a80-4419-88b6-90e69e8bf3d1/in_use.lock acquired by nodename 28830@pr-hdds2162-4fxhj-20988671
2019-09-27 09:56:49,049 [pool-57-thread-1] INFO  storage.RaftStorage (RaftStorage.java:format(72)) - Storage directory /workdir/hadoop-ozone/integration-test/target/test-dir/MiniOzoneClusterImpl-8eeacee4-f2ea-46c6-9d4b-1ae1fb96175b/datanode-3/data/ratis/e4f6218f-7a80-4419-88b6-90e69e8bf3d1 has been successfully formatted.
2019-09-27 09:56:49,050 [pool-57-thread-1] INFO  ratis.ContainerStateMachine (ContainerStateMachine.java:loadSnapshot(230)) - group-90E69E8BF3D1: The snapshot info is null. Setting the last applied indexto:(t:0, i:~)
2019-09-27 09:56:49,050 [pool-57-thread-1] INFO  server.RaftServerConfigKeys (ConfUtils.java:logGet(43)) - raft.server.notification.no-leader.timeout = 120s (custom)
2019-09-27 09:56:49,050 [pool-57-thread-1] INFO  server.RaftServerConfigKeys (ConfUtils.java:logGet(43)) - raft.server.log.use.memory = false (default)
2019-09-27 09:56:49,050 [pool-57-thread-1] INFO  server.RaftServerConfigKeys (ConfUtils.java:logGet(43)) - raft.server.log.purge.gap = 1000000 (custom)
2019-09-27 09:56:49,050 [pool-57-thread-1] INFO  server.RaftServerConfigKeys (ConfUtils.java:logGet(43)) - raft.server.log.appender.buffer.byte-limit = 33554432 (custom)
2019-09-27 09:56:49,051 [pool-57-thread-1] INFO  server.RaftServerConfigKeys (ConfUtils.java:logGet(43)) - raft.server.log.segment.size.max = 1048576 (custom)
2019-09-27 09:56:49,051 [pool-57-thread-1] INFO  server.RaftServerConfigKeys (ConfUtils.java:logGet(43)) - raft.server.log.segment.cache.num.max = 2 (custom)
2019-09-27 09:56:49,051 [pool-57-thread-1] INFO  segmented.SegmentedRaftLogWorker (SegmentedRaftLogWorker.java:<init>(172)) - new 7c34c570-cc93-4d2d-95bb-ca6bff5b1acb@group-90E69E8BF3D1-SegmentedRaftLogWorker for RaftStorage:Storage Directory /workdir/hadoop-ozone/integration-test/target/test-dir/MiniOzoneClusterImpl-8eeacee4-f2ea-46c6-9d4b-1ae1fb96175b/datanode-3/data/ratis/e4f6218f-7a80-4419-88b6-90e69e8bf3d1
2019-09-27 09:56:49,057 [pool-57-thread-1] INFO  server.RaftServerConfigKeys (ConfUtils.java:logGet(43)) - raft.server.log.queue.byte-limit = 2147483647 (custom)
2019-09-27 09:56:49,057 [pool-57-thread-1] INFO  server.RaftServerConfigKeys (ConfUtils.java:logGet(43)) - raft.server.log.queue.element-limit = 1024 (custom)
2019-09-27 09:56:49,058 [pool-57-thread-1] INFO  server.RaftServerConfigKeys (ConfUtils.java:logGet(43)) - raft.server.log.segment.size.max = 1048576 (custom)
2019-09-27 09:56:49,058 [pool-57-thread-1] INFO  server.RaftServerConfigKeys (ConfUtils.java:logGet(43)) - raft.server.log.preallocated.size = 16384 (custom)
2019-09-27 09:56:49,058 [pool-57-thread-1] INFO  server.RaftServerConfigKeys (ConfUtils.java:logGet(43)) - raft.server.log.write.buffer.size = 33554432 (custom)
2019-09-27 09:56:49,058 [pool-57-thread-1] INFO  server.RaftServerConfigKeys (ConfUtils.java:logGet(43)) - raft.server.log.force.sync.num = 128 (default)
2019-09-27 09:56:49,058 [pool-57-thread-1] INFO  server.RaftServerConfigKeys (ConfUtils.java:logGet(43)) - raft.server.log.statemachine.data.sync = true (default)
2019-09-27 09:56:49,059 [pool-57-thread-1] INFO  server.RaftServerConfigKeys (ConfUtils.java:logGet(43)) - raft.server.log.statemachine.data.sync.timeout = 10s (default)
2019-09-27 09:56:49,059 [pool-57-thread-1] INFO  server.RaftServerConfigKeys (ConfUtils.java:logGet(43)) - raft.server.log.statemachine.data.sync.timeout.retry = -1 (default)
2019-09-27 09:56:49,059 [pool-57-thread-1] INFO  server.RaftServerConfigKeys (ConfUtils.java:logGet(43)) - raft.server.log.statemachine.data.caching.enabled = true (custom)
2019-09-27 09:56:49,060 [pool-57-thread-1] INFO  segmented.SegmentedRaftLogWorker (SegmentedRaftLogWorker.java:lambda$new$0(132)) - 7c34c570-cc93-4d2d-95bb-ca6bff5b1acb@group-90E69E8BF3D1-SegmentedRaftLogWorker: flushIndex: setUnconditionally 0 -> -1
2019-09-27 09:56:49,060 [pool-57-thread-1] INFO  server.RaftServerConfigKeys (ConfUtils.java:logGet(43)) - raft.server.snapshot.auto.trigger.enabled = true (custom)
2019-09-27 09:56:49,060 [pool-57-thread-1] INFO  server.RaftServerConfigKeys (ConfUtils.java:logGet(43)) - raft.server.snapshot.auto.trigger.threshold = 10000 (custom)
2019-09-27 09:56:49,060 [pool-57-thread-1] INFO  server.RaftServerConfigKeys (ConfUtils.java:logGet(43)) - raft.server.snapshot.retention.num.files = 5 (custom)
2019-09-27 09:56:49,061 [pool-57-thread-1] INFO  server.RaftServerConfigKeys (ConfUtils.java:logGet(43)) - raft.server.retrycache.expirytime = 600000ms (custom)
2019-09-27 09:56:49,064 [pool-57-thread-1] INFO  impl.RaftServerImpl (RaftServerImpl.java:start(185)) - 7c34c570-cc93-4d2d-95bb-ca6bff5b1acb@group-90E69E8BF3D1: start as a follower, conf=-1: [7c34c570-cc93-4d2d-95bb-ca6bff5b1acb:192.168.151.103:42543], old=null
2019-09-27 09:56:49,064 [pool-57-thread-1] INFO  impl.RaftServerImpl (RaftServerImpl.java:setRole(174)) - 7c34c570-cc93-4d2d-95bb-ca6bff5b1acb@group-90E69E8BF3D1: changes role from      null to FOLLOWER at term 0 for startAsFollower
2019-09-27 09:56:49,065 [pool-57-thread-1] INFO  impl.RoleInfo (RoleInfo.java:updateAndGet(143)) - 7c34c570-cc93-4d2d-95bb-ca6bff5b1acb: start FollowerState
2019-09-27 09:56:49,065 [pool-57-thread-1] INFO  util.JmxRegister (JmxRegister.java:tryRegister(44)) - Successfully registered JMX Bean with object name Ratis:service=RaftServer,group=group-90E69E8BF3D1,id=7c34c570-cc93-4d2d-95bb-ca6bff5b1acb
2019-09-27 09:56:49,080 [RatisPipelineUtilsThread] INFO  pipeline.PipelineStateManager (PipelineStateManager.java:addPipeline(56)) - Created pipeline Pipeline[ Id: e4f6218f-7a80-4419-88b6-90e69e8bf3d1, Nodes: 7c34c570-cc93-4d2d-95bb-ca6bff5b1acb{ip: 192.168.151.103, host: pr-hdds2162-4fxhj-20988671, networkLocation: /default-rack, certSerialId: null}, Type:RATIS, Factor:ONE, State:OPEN]
2019-09-27 09:56:49,100 [grpc-default-executor-0] INFO  impl.RaftServerProxy (RaftServerProxy.java:addNew(89)) - ebd02079-cc9f-48d7-8c8e-ec4136f19434: addNew group-C1EFF2BB4C47:[ebd02079-cc9f-48d7-8c8e-ec4136f19434:192.168.151.103:42859] returns group-C1EFF2BB4C47:java.util.concurrent.CompletableFuture@7a8ac8a7[Not completed]
2019-09-27 09:56:49,105 [pool-87-thread-1] INFO  impl.RaftServerImpl (RaftServerImpl.java:<init>(95)) - ebd02079-cc9f-48d7-8c8e-ec4136f19434: new RaftServerImpl for group-C1EFF2BB4C47:[ebd02079-cc9f-48d7-8c8e-ec4136f19434:192.168.151.103:42859] with ContainerStateMachine:uninitialized
2019-09-27 09:56:49,106 [pool-87-thread-1] INFO  server.RaftServerConfigKeys (ConfUtils.java:logGet(43)) - raft.server.rpc.timeout.min = 5s (custom)
2019-09-27 09:56:49,106 [pool-87-thread-1] INFO  server.RaftServerConfigKeys (ConfUtils.java:logGet(43)) - raft.server.rpc.timeout.max = 5200ms (custom)
2019-09-27 09:56:49,106 [pool-87-thread-1] INFO  server.RaftServerConfigKeys (ConfUtils.java:logGet(43)) - raft.server.rpcslowness.timeout = 120s (custom)
2019-09-27 09:56:49,106 [pool-87-thread-1] INFO  server.RaftServerConfigKeys (ConfUtils.java:logGet(43)) - raft.server.sleep.deviation.threshold = 300 (default)
2019-09-27 09:56:49,106 [pool-87-thread-1] INFO  server.RaftServerConfigKeys (ConfUtils.java:logGet(43)) - raft.server.log.appender.install.snapshot.enabled = false (custom)
2019-09-27 09:56:49,106 [pool-87-thread-1] INFO  impl.RaftServerImpl (ServerState.java:<init>(103)) - ebd02079-cc9f-48d7-8c8e-ec4136f19434@group-C1EFF2BB4C47: ConfigurationManager, init=-1: [ebd02079-cc9f-48d7-8c8e-ec4136f19434:192.168.151.103:42859], old=null, confs=<EMPTY_MAP>
2019-09-27 09:56:49,106 [pool-87-thread-1] INFO  server.RaftServerConfigKeys (ConfUtils.java:logGet(43)) - raft.server.storage.dir = [/workdir/hadoop-ozone/integration-test/target/test-dir/MiniOzoneClusterImpl-8eeacee4-f2ea-46c6-9d4b-1ae1fb96175b/datanode-6/data/ratis] (custom)
2019-09-27 09:56:49,107 [pool-87-thread-1] INFO  storage.RaftStorageDirectory (RaftStorageDirectory.java:analyzeStorage(246)) - The storage directory /workdir/hadoop-ozone/integration-test/target/test-dir/MiniOzoneClusterImpl-8eeacee4-f2ea-46c6-9d4b-1ae1fb96175b/datanode-6/data/ratis/11802ac2-f6a5-42f9-b156-c1eff2bb4c47 does not exist. Creating ...
2019-09-27 09:56:49,120 [pool-87-thread-1] INFO  storage.RaftStorageDirectory (RaftStorageDirectory.java:tryLock(328)) - Lock on /workdir/hadoop-ozone/integration-test/target/test-dir/MiniOzoneClusterImpl-8eeacee4-f2ea-46c6-9d4b-1ae1fb96175b/datanode-6/data/ratis/11802ac2-f6a5-42f9-b156-c1eff2bb4c47/in_use.lock acquired by nodename 28830@pr-hdds2162-4fxhj-20988671
2019-09-27 09:56:49,133 [pool-87-thread-1] INFO  storage.RaftStorage (RaftStorage.java:format(72)) - Storage directory /workdir/hadoop-ozone/integration-test/target/test-dir/MiniOzoneClusterImpl-8eeacee4-f2ea-46c6-9d4b-1ae1fb96175b/datanode-6/data/ratis/11802ac2-f6a5-42f9-b156-c1eff2bb4c47 has been successfully formatted.
2019-09-27 09:56:49,133 [pool-87-thread-1] INFO  ratis.ContainerStateMachine (ContainerStateMachine.java:loadSnapshot(230)) - group-C1EFF2BB4C47: The snapshot info is null. Setting the last applied indexto:(t:0, i:~)
2019-09-27 09:56:49,133 [pool-87-thread-1] INFO  server.RaftServerConfigKeys (ConfUtils.java:logGet(43)) - raft.server.notification.no-leader.timeout = 120s (custom)
2019-09-27 09:56:49,133 [pool-87-thread-1] INFO  server.RaftServerConfigKeys (ConfUtils.java:logGet(43)) - raft.server.log.use.memory = false (default)
2019-09-27 09:56:49,134 [pool-87-thread-1] INFO  server.RaftServerConfigKeys (ConfUtils.java:logGet(43)) - raft.server.log.purge.gap = 1000000 (custom)
2019-09-27 09:56:49,134 [pool-87-thread-1] INFO  server.RaftServerConfigKeys (ConfUtils.java:logGet(43)) - raft.server.log.appender.buffer.byte-limit = 33554432 (custom)
2019-09-27 09:56:49,134 [pool-87-thread-1] INFO  server.RaftServerConfigKeys (ConfUtils.java:logGet(43)) - raft.server.log.segment.size.max = 1048576 (custom)
2019-09-27 09:56:49,134 [pool-87-thread-1] INFO  server.RaftServerConfigKeys (ConfUtils.java:logGet(43)) - raft.server.log.segment.cache.num.max = 2 (custom)
2019-09-27 09:56:49,134 [pool-87-thread-1] INFO  segmented.SegmentedRaftLogWorker (SegmentedRaftLogWorker.java:<init>(172)) - new ebd02079-cc9f-48d7-8c8e-ec4136f19434@group-C1EFF2BB4C47-SegmentedRaftLogWorker for RaftStorage:Storage Directory /workdir/hadoop-ozone/integration-test/target/test-dir/MiniOzoneClusterImpl-8eeacee4-f2ea-46c6-9d4b-1ae1fb96175b/datanode-6/data/ratis/11802ac2-f6a5-42f9-b156-c1eff2bb4c47
2019-09-27 09:56:49,138 [pool-87-thread-1] INFO  server.RaftServerConfigKeys (ConfUtils.java:logGet(43)) - raft.server.log.queue.byte-limit = 2147483647 (custom)
2019-09-27 09:56:49,138 [pool-87-thread-1] INFO  server.RaftServerConfigKeys (ConfUtils.java:logGet(43)) - raft.server.log.queue.element-limit = 1024 (custom)
2019-09-27 09:56:49,139 [pool-87-thread-1] INFO  server.RaftServerConfigKeys (ConfUtils.java:logGet(43)) - raft.server.log.segment.size.max = 1048576 (custom)
2019-09-27 09:56:49,139 [pool-87-thread-1] INFO  server.RaftServerConfigKeys (ConfUtils.java:logGet(43)) - raft.server.log.preallocated.size = 16384 (custom)
2019-09-27 09:56:49,139 [pool-87-thread-1] INFO  server.RaftServerConfigKeys (ConfUtils.java:logGet(43)) - raft.server.log.write.buffer.size = 33554432 (custom)
2019-09-27 09:56:49,139 [pool-87-thread-1] INFO  server.RaftServerConfigKeys (ConfUtils.java:logGet(43)) - raft.server.log.force.sync.num = 128 (default)
2019-09-27 09:56:49,140 [pool-87-thread-1] INFO  server.RaftServerConfigKeys (ConfUtils.java:logGet(43)) - raft.server.log.statemachine.data.sync = true (default)
2019-09-27 09:56:49,140 [pool-87-thread-1] INFO  server.RaftServerConfigKeys (ConfUtils.java:logGet(43)) - raft.server.log.statemachine.data.sync.timeout = 10s (default)
2019-09-27 09:56:49,140 [pool-87-thread-1] INFO  server.RaftServerConfigKeys (ConfUtils.java:logGet(43)) - raft.server.log.statemachine.data.sync.timeout.retry = -1 (default)
2019-09-27 09:56:49,140 [pool-87-thread-1] INFO  server.RaftServerConfigKeys (ConfUtils.java:logGet(43)) - raft.server.log.statemachine.data.caching.enabled = true (custom)
2019-09-27 09:56:49,141 [pool-87-thread-1] INFO  segmented.SegmentedRaftLogWorker (SegmentedRaftLogWorker.java:lambda$new$0(132)) - ebd02079-cc9f-48d7-8c8e-ec4136f19434@group-C1EFF2BB4C47-SegmentedRaftLogWorker: flushIndex: setUnconditionally 0 -> -1
2019-09-27 09:56:49,141 [pool-87-thread-1] INFO  server.RaftServerConfigKeys (ConfUtils.java:logGet(43)) - raft.server.snapshot.auto.trigger.enabled = true (custom)
2019-09-27 09:56:49,141 [pool-87-thread-1] INFO  server.RaftServerConfigKeys (ConfUtils.java:logGet(43)) - raft.server.snapshot.auto.trigger.threshold = 10000 (custom)
2019-09-27 09:56:49,142 [pool-87-thread-1] INFO  server.RaftServerConfigKeys (ConfUtils.java:logGet(43)) - raft.server.snapshot.retention.num.files = 5 (custom)
2019-09-27 09:56:49,142 [pool-87-thread-1] INFO  server.RaftServerConfigKeys (ConfUtils.java:logGet(43)) - raft.server.retrycache.expirytime = 600000ms (custom)
2019-09-27 09:56:49,145 [pool-87-thread-1] INFO  impl.RaftServerImpl (RaftServerImpl.java:start(185)) - ebd02079-cc9f-48d7-8c8e-ec4136f19434@group-C1EFF2BB4C47: start as a follower, conf=-1: [ebd02079-cc9f-48d7-8c8e-ec4136f19434:192.168.151.103:42859], old=null
2019-09-27 09:56:49,145 [pool-87-thread-1] INFO  impl.RaftServerImpl (RaftServerImpl.java:setRole(174)) - ebd02079-cc9f-48d7-8c8e-ec4136f19434@group-C1EFF2BB4C47: changes role from      null to FOLLOWER at term 0 for startAsFollower
2019-09-27 09:56:49,145 [pool-87-thread-1] INFO  impl.RoleInfo (RoleInfo.java:updateAndGet(143)) - ebd02079-cc9f-48d7-8c8e-ec4136f19434: start FollowerState
2019-09-27 09:56:49,146 [pool-87-thread-1] INFO  util.JmxRegister (JmxRegister.java:tryRegister(44)) - Successfully registered JMX Bean with object name Ratis:service=RaftServer,group=group-C1EFF2BB4C47,id=ebd02079-cc9f-48d7-8c8e-ec4136f19434
2019-09-27 09:56:49,165 [RatisPipelineUtilsThread] INFO  pipeline.PipelineStateManager (PipelineStateManager.java:addPipeline(56)) - Created pipeline Pipeline[ Id: 11802ac2-f6a5-42f9-b156-c1eff2bb4c47, Nodes: ebd02079-cc9f-48d7-8c8e-ec4136f19434{ip: 192.168.151.103, host: pr-hdds2162-4fxhj-20988671, networkLocation: /default-rack, certSerialId: null}, Type:RATIS, Factor:ONE, State:OPEN]
2019-09-27 09:56:49,189 [grpc-default-executor-0] INFO  impl.RaftServerProxy (RaftServerProxy.java:addNew(89)) - 314e6693-f7ac-41e1-8044-5e96ad768d09: addNew group-DFB66A4F9114:[314e6693-f7ac-41e1-8044-5e96ad768d09:192.168.151.103:33493] returns group-DFB66A4F9114:java.util.concurrent.CompletableFuture@35693cab[Not completed]
2019-09-27 09:56:49,198 [pool-97-thread-1] INFO  impl.RaftServerImpl (RaftServerImpl.java:<init>(95)) - 314e6693-f7ac-41e1-8044-5e96ad768d09: new RaftServerImpl for group-DFB66A4F9114:[314e6693-f7ac-41e1-8044-5e96ad768d09:192.168.151.103:33493] with ContainerStateMachine:uninitialized
2019-09-27 09:56:49,198 [pool-97-thread-1] INFO  server.RaftServerConfigKeys (ConfUtils.java:logGet(43)) - raft.server.rpc.timeout.min = 5s (custom)
2019-09-27 09:56:49,198 [pool-97-thread-1] INFO  server.RaftServerConfigKeys (ConfUtils.java:logGet(43)) - raft.server.rpc.timeout.max = 5200ms (custom)
2019-09-27 09:56:49,198 [pool-97-thread-1] INFO  server.RaftServerConfigKeys (ConfUtils.java:logGet(43)) - raft.server.rpcslowness.timeout = 120s (custom)
2019-09-27 09:56:49,199 [pool-97-thread-1] INFO  server.RaftServerConfigKeys (ConfUtils.java:logGet(43)) - raft.server.sleep.deviation.threshold = 300 (default)
2019-09-27 09:56:49,199 [pool-97-thread-1] INFO  server.RaftServerConfigKeys (ConfUtils.java:logGet(43)) - raft.server.log.appender.install.snapshot.enabled = false (custom)
2019-09-27 09:56:49,199 [pool-97-thread-1] INFO  impl.RaftServerImpl (ServerState.java:<init>(103)) - 314e6693-f7ac-41e1-8044-5e96ad768d09@group-DFB66A4F9114: ConfigurationManager, init=-1: [314e6693-f7ac-41e1-8044-5e96ad768d09:192.168.151.103:33493], old=null, confs=<EMPTY_MAP>
2019-09-27 09:56:49,199 [pool-97-thread-1] INFO  server.RaftServerConfigKeys (ConfUtils.java:logGet(43)) - raft.server.storage.dir = [/workdir/hadoop-ozone/integration-test/target/test-dir/MiniOzoneClusterImpl-8eeacee4-f2ea-46c6-9d4b-1ae1fb96175b/datanode-7/data/ratis] (custom)
2019-09-27 09:56:49,200 [pool-97-thread-1] INFO  storage.RaftStorageDirectory (RaftStorageDirectory.java:analyzeStorage(246)) - The storage directory /workdir/hadoop-ozone/integration-test/target/test-dir/MiniOzoneClusterImpl-8eeacee4-f2ea-46c6-9d4b-1ae1fb96175b/datanode-7/data/ratis/897c7a71-4323-4cf8-9fca-dfb66a4f9114 does not exist. Creating ...
2019-09-27 09:56:49,212 [pool-97-thread-1] INFO  storage.RaftStorageDirectory (RaftStorageDirectory.java:tryLock(328)) - Lock on /workdir/hadoop-ozone/integration-test/target/test-dir/MiniOzoneClusterImpl-8eeacee4-f2ea-46c6-9d4b-1ae1fb96175b/datanode-7/data/ratis/897c7a71-4323-4cf8-9fca-dfb66a4f9114/in_use.lock acquired by nodename 28830@pr-hdds2162-4fxhj-20988671
2019-09-27 09:56:49,244 [pool-97-thread-1] INFO  storage.RaftStorage (RaftStorage.java:format(72)) - Storage directory /workdir/hadoop-ozone/integration-test/target/test-dir/MiniOzoneClusterImpl-8eeacee4-f2ea-46c6-9d4b-1ae1fb96175b/datanode-7/data/ratis/897c7a71-4323-4cf8-9fca-dfb66a4f9114 has been successfully formatted.
2019-09-27 09:56:49,245 [pool-97-thread-1] INFO  ratis.ContainerStateMachine (ContainerStateMachine.java:loadSnapshot(230)) - group-DFB66A4F9114: The snapshot info is null. Setting the last applied indexto:(t:0, i:~)
2019-09-27 09:56:49,247 [pool-97-thread-1] INFO  server.RaftServerConfigKeys (ConfUtils.java:logGet(43)) - raft.server.notification.no-leader.timeout = 120s (custom)
2019-09-27 09:56:49,247 [pool-97-thread-1] INFO  server.RaftServerConfigKeys (ConfUtils.java:logGet(43)) - raft.server.log.use.memory = false (default)
2019-09-27 09:56:49,248 [pool-97-thread-1] INFO  server.RaftServerConfigKeys (ConfUtils.java:logGet(43)) - raft.server.log.purge.gap = 1000000 (custom)
2019-09-27 09:56:49,248 [pool-97-thread-1] INFO  server.RaftServerConfigKeys (ConfUtils.java:logGet(43)) - raft.server.log.appender.buffer.byte-limit = 33554432 (custom)
2019-09-27 09:56:49,248 [pool-97-thread-1] INFO  server.RaftServerConfigKeys (ConfUtils.java:logGet(43)) - raft.server.log.segment.size.max = 1048576 (custom)
2019-09-27 09:56:49,248 [pool-97-thread-1] INFO  server.RaftServerConfigKeys (ConfUtils.java:logGet(43)) - raft.server.log.segment.cache.num.max = 2 (custom)
2019-09-27 09:56:49,248 [pool-97-thread-1] INFO  segmented.SegmentedRaftLogWorker (SegmentedRaftLogWorker.java:<init>(172)) - new 314e6693-f7ac-41e1-8044-5e96ad768d09@group-DFB66A4F9114-SegmentedRaftLogWorker for RaftStorage:Storage Directory /workdir/hadoop-ozone/integration-test/target/test-dir/MiniOzoneClusterImpl-8eeacee4-f2ea-46c6-9d4b-1ae1fb96175b/datanode-7/data/ratis/897c7a71-4323-4cf8-9fca-dfb66a4f9114
2019-09-27 09:56:49,251 [pool-97-thread-1] INFO  server.RaftServerConfigKeys (ConfUtils.java:logGet(43)) - raft.server.log.queue.byte-limit = 2147483647 (custom)
2019-09-27 09:56:49,251 [pool-97-thread-1] INFO  server.RaftServerConfigKeys (ConfUtils.java:logGet(43)) - raft.server.log.queue.element-limit = 1024 (custom)
2019-09-27 09:56:49,251 [pool-97-thread-1] INFO  server.RaftServerConfigKeys (ConfUtils.java:logGet(43)) - raft.server.log.segment.size.max = 1048576 (custom)
2019-09-27 09:56:49,251 [pool-97-thread-1] INFO  server.RaftServerConfigKeys (ConfUtils.java:logGet(43)) - raft.server.log.preallocated.size = 16384 (custom)
2019-09-27 09:56:49,252 [pool-97-thread-1] INFO  server.RaftServerConfigKeys (ConfUtils.java:logGet(43)) - raft.server.log.write.buffer.size = 33554432 (custom)
2019-09-27 09:56:49,252 [pool-97-thread-1] INFO  server.RaftServerConfigKeys (ConfUtils.java:logGet(43)) - raft.server.log.force.sync.num = 128 (default)
2019-09-27 09:56:49,252 [pool-97-thread-1] INFO  server.RaftServerConfigKeys (ConfUtils.java:logGet(43)) - raft.server.log.statemachine.data.sync = true (default)
2019-09-27 09:56:49,252 [pool-97-thread-1] INFO  server.RaftServerConfigKeys (ConfUtils.java:logGet(43)) - raft.server.log.statemachine.data.sync.timeout = 10s (default)
2019-09-27 09:56:49,252 [pool-97-thread-1] INFO  server.RaftServerConfigKeys (ConfUtils.java:logGet(43)) - raft.server.log.statemachine.data.sync.timeout.retry = -1 (default)
2019-09-27 09:56:49,252 [pool-97-thread-1] INFO  server.RaftServerConfigKeys (ConfUtils.java:logGet(43)) - raft.server.log.statemachine.data.caching.enabled = true (custom)
2019-09-27 09:56:49,253 [pool-97-thread-1] INFO  segmented.SegmentedRaftLogWorker (SegmentedRaftLogWorker.java:lambda$new$0(132)) - 314e6693-f7ac-41e1-8044-5e96ad768d09@group-DFB66A4F9114-SegmentedRaftLogWorker: flushIndex: setUnconditionally 0 -> -1
2019-09-27 09:56:49,253 [pool-97-thread-1] INFO  server.RaftServerConfigKeys (ConfUtils.java:logGet(43)) - raft.server.snapshot.auto.trigger.enabled = true (custom)
2019-09-27 09:56:49,253 [pool-97-thread-1] INFO  server.RaftServerConfigKeys (ConfUtils.java:logGet(43)) - raft.server.snapshot.auto.trigger.threshold = 10000 (custom)
2019-09-27 09:56:49,253 [pool-97-thread-1] INFO  server.RaftServerConfigKeys (ConfUtils.java:logGet(43)) - raft.server.snapshot.retention.num.files = 5 (custom)
2019-09-27 09:56:49,254 [pool-97-thread-1] INFO  server.RaftServerConfigKeys (ConfUtils.java:logGet(43)) - raft.server.retrycache.expirytime = 600000ms (custom)
2019-09-27 09:56:49,258 [pool-97-thread-1] INFO  impl.RaftServerImpl (RaftServerImpl.java:start(185)) - 314e6693-f7ac-41e1-8044-5e96ad768d09@group-DFB66A4F9114: start as a follower, conf=-1: [314e6693-f7ac-41e1-8044-5e96ad768d09:192.168.151.103:33493], old=null
2019-09-27 09:56:49,258 [pool-97-thread-1] INFO  impl.RaftServerImpl (RaftServerImpl.java:setRole(174)) - 314e6693-f7ac-41e1-8044-5e96ad768d09@group-DFB66A4F9114: changes role from      null to FOLLOWER at term 0 for startAsFollower
2019-09-27 09:56:49,259 [pool-97-thread-1] INFO  impl.RoleInfo (RoleInfo.java:updateAndGet(143)) - 314e6693-f7ac-41e1-8044-5e96ad768d09: start FollowerState
2019-09-27 09:56:49,259 [pool-97-thread-1] INFO  util.JmxRegister (JmxRegister.java:tryRegister(44)) - Successfully registered JMX Bean with object name Ratis:service=RaftServer,group=group-DFB66A4F9114,id=314e6693-f7ac-41e1-8044-5e96ad768d09
2019-09-27 09:56:49,275 [RatisPipelineUtilsThread] INFO  pipeline.PipelineStateManager (PipelineStateManager.java:addPipeline(56)) - Created pipeline Pipeline[ Id: 897c7a71-4323-4cf8-9fca-dfb66a4f9114, Nodes: 314e6693-f7ac-41e1-8044-5e96ad768d09{ip: 192.168.151.103, host: pr-hdds2162-4fxhj-20988671, networkLocation: /default-rack, certSerialId: null}, Type:RATIS, Factor:ONE, State:OPEN]
2019-09-27 09:56:49,297 [grpc-default-executor-0] INFO  impl.RaftServerProxy (RaftServerProxy.java:addNew(89)) - a5178916-7f43-4d44-a33e-8aed6c9e8814: addNew group-E628EBBEE01C:[a5178916-7f43-4d44-a33e-8aed6c9e8814:192.168.151.103:34011] returns group-E628EBBEE01C:java.util.concurrent.CompletableFuture@4d313987[Not completed]
2019-09-27 09:56:49,303 [pool-77-thread-1] INFO  impl.RaftServerImpl (RaftServerImpl.java:<init>(95)) - a5178916-7f43-4d44-a33e-8aed6c9e8814: new RaftServerImpl for group-E628EBBEE01C:[a5178916-7f43-4d44-a33e-8aed6c9e8814:192.168.151.103:34011] with ContainerStateMachine:uninitialized
2019-09-27 09:56:49,303 [pool-77-thread-1] INFO  server.RaftServerConfigKeys (ConfUtils.java:logGet(43)) - raft.server.rpc.timeout.min = 5s (custom)
2019-09-27 09:56:49,303 [pool-77-thread-1] INFO  server.RaftServerConfigKeys (ConfUtils.java:logGet(43)) - raft.server.rpc.timeout.max = 5200ms (custom)
2019-09-27 09:56:49,304 [pool-77-thread-1] INFO  server.RaftServerConfigKeys (ConfUtils.java:logGet(43)) - raft.server.rpcslowness.timeout = 120s (custom)
2019-09-27 09:56:49,304 [pool-77-thread-1] INFO  server.RaftServerConfigKeys (ConfUtils.java:logGet(43)) - raft.server.sleep.deviation.threshold = 300 (default)
2019-09-27 09:56:49,304 [pool-77-thread-1] INFO  server.RaftServerConfigKeys (ConfUtils.java:logGet(43)) - raft.server.log.appender.install.snapshot.enabled = false (custom)
2019-09-27 09:56:49,304 [pool-77-thread-1] INFO  impl.RaftServerImpl (ServerState.java:<init>(103)) - a5178916-7f43-4d44-a33e-8aed6c9e8814@group-E628EBBEE01C: ConfigurationManager, init=-1: [a5178916-7f43-4d44-a33e-8aed6c9e8814:192.168.151.103:34011], old=null, confs=<EMPTY_MAP>
2019-09-27 09:56:49,304 [pool-77-thread-1] INFO  server.RaftServerConfigKeys (ConfUtils.java:logGet(43)) - raft.server.storage.dir = [/workdir/hadoop-ozone/integration-test/target/test-dir/MiniOzoneClusterImpl-8eeacee4-f2ea-46c6-9d4b-1ae1fb96175b/datanode-5/data/ratis] (custom)
2019-09-27 09:56:49,305 [pool-77-thread-1] INFO  storage.RaftStorageDirectory (RaftStorageDirectory.java:analyzeStorage(246)) - The storage directory /workdir/hadoop-ozone/integration-test/target/test-dir/MiniOzoneClusterImpl-8eeacee4-f2ea-46c6-9d4b-1ae1fb96175b/datanode-5/data/ratis/d31f4e4f-0692-4c23-835d-e628ebbee01c does not exist. Creating ...
2019-09-27 09:56:49,318 [pool-77-thread-1] INFO  storage.RaftStorageDirectory (RaftStorageDirectory.java:tryLock(328)) - Lock on /workdir/hadoop-ozone/integration-test/target/test-dir/MiniOzoneClusterImpl-8eeacee4-f2ea-46c6-9d4b-1ae1fb96175b/datanode-5/data/ratis/d31f4e4f-0692-4c23-835d-e628ebbee01c/in_use.lock acquired by nodename 28830@pr-hdds2162-4fxhj-20988671
2019-09-27 09:56:49,331 [pool-77-thread-1] INFO  storage.RaftStorage (RaftStorage.java:format(72)) - Storage directory /workdir/hadoop-ozone/integration-test/target/test-dir/MiniOzoneClusterImpl-8eeacee4-f2ea-46c6-9d4b-1ae1fb96175b/datanode-5/data/ratis/d31f4e4f-0692-4c23-835d-e628ebbee01c has been successfully formatted.
2019-09-27 09:56:49,332 [pool-77-thread-1] INFO  ratis.ContainerStateMachine (ContainerStateMachine.java:loadSnapshot(230)) - group-E628EBBEE01C: The snapshot info is null. Setting the last applied indexto:(t:0, i:~)
2019-09-27 09:56:49,332 [pool-77-thread-1] INFO  server.RaftServerConfigKeys (ConfUtils.java:logGet(43)) - raft.server.notification.no-leader.timeout = 120s (custom)
2019-09-27 09:56:49,332 [pool-77-thread-1] INFO  server.RaftServerConfigKeys (ConfUtils.java:logGet(43)) - raft.server.log.use.memory = false (default)
2019-09-27 09:56:49,333 [pool-77-thread-1] INFO  server.RaftServerConfigKeys (ConfUtils.java:logGet(43)) - raft.server.log.purge.gap = 1000000 (custom)
2019-09-27 09:56:49,333 [pool-77-thread-1] INFO  server.RaftServerConfigKeys (ConfUtils.java:logGet(43)) - raft.server.log.appender.buffer.byte-limit = 33554432 (custom)
2019-09-27 09:56:49,333 [pool-77-thread-1] INFO  server.RaftServerConfigKeys (ConfUtils.java:logGet(43)) - raft.server.log.segment.size.max = 1048576 (custom)
2019-09-27 09:56:49,333 [pool-77-thread-1] INFO  server.RaftServerConfigKeys (ConfUtils.java:logGet(43)) - raft.server.log.segment.cache.num.max = 2 (custom)
2019-09-27 09:56:49,334 [pool-77-thread-1] INFO  segmented.SegmentedRaftLogWorker (SegmentedRaftLogWorker.java:<init>(172)) - new a5178916-7f43-4d44-a33e-8aed6c9e8814@group-E628EBBEE01C-SegmentedRaftLogWorker for RaftStorage:Storage Directory /workdir/hadoop-ozone/integration-test/target/test-dir/MiniOzoneClusterImpl-8eeacee4-f2ea-46c6-9d4b-1ae1fb96175b/datanode-5/data/ratis/d31f4e4f-0692-4c23-835d-e628ebbee01c
2019-09-27 09:56:49,338 [pool-77-thread-1] INFO  server.RaftServerConfigKeys (ConfUtils.java:logGet(43)) - raft.server.log.queue.byte-limit = 2147483647 (custom)
2019-09-27 09:56:49,338 [pool-77-thread-1] INFO  server.RaftServerConfigKeys (ConfUtils.java:logGet(43)) - raft.server.log.queue.element-limit = 1024 (custom)
2019-09-27 09:56:49,338 [pool-77-thread-1] INFO  server.RaftServerConfigKeys (ConfUtils.java:logGet(43)) - raft.server.log.segment.size.max = 1048576 (custom)
2019-09-27 09:56:49,338 [pool-77-thread-1] INFO  server.RaftServerConfigKeys (ConfUtils.java:logGet(43)) - raft.server.log.preallocated.size = 16384 (custom)
2019-09-27 09:56:49,338 [pool-77-thread-1] INFO  server.RaftServerConfigKeys (ConfUtils.java:logGet(43)) - raft.server.log.write.buffer.size = 33554432 (custom)
2019-09-27 09:56:49,339 [pool-77-thread-1] INFO  server.RaftServerConfigKeys (ConfUtils.java:logGet(43)) - raft.server.log.force.sync.num = 128 (default)
2019-09-27 09:56:49,339 [pool-77-thread-1] INFO  server.RaftServerConfigKeys (ConfUtils.java:logGet(43)) - raft.server.log.statemachine.data.sync = true (default)
2019-09-27 09:56:49,339 [pool-77-thread-1] INFO  server.RaftServerConfigKeys (ConfUtils.java:logGet(43)) - raft.server.log.statemachine.data.sync.timeout = 10s (default)
2019-09-27 09:56:49,339 [pool-77-thread-1] INFO  server.RaftServerConfigKeys (ConfUtils.java:logGet(43)) - raft.server.log.statemachine.data.sync.timeout.retry = -1 (default)
2019-09-27 09:56:49,339 [pool-77-thread-1] INFO  server.RaftServerConfigKeys (ConfUtils.java:logGet(43)) - raft.server.log.statemachine.data.caching.enabled = true (custom)
2019-09-27 09:56:49,340 [pool-77-thread-1] INFO  segmented.SegmentedRaftLogWorker (SegmentedRaftLogWorker.java:lambda$new$0(132)) - a5178916-7f43-4d44-a33e-8aed6c9e8814@group-E628EBBEE01C-SegmentedRaftLogWorker: flushIndex: setUnconditionally 0 -> -1
2019-09-27 09:56:49,340 [pool-77-thread-1] INFO  server.RaftServerConfigKeys (ConfUtils.java:logGet(43)) - raft.server.snapshot.auto.trigger.enabled = true (custom)
2019-09-27 09:56:49,340 [pool-77-thread-1] INFO  server.RaftServerConfigKeys (ConfUtils.java:logGet(43)) - raft.server.snapshot.auto.trigger.threshold = 10000 (custom)
2019-09-27 09:56:49,340 [pool-77-thread-1] INFO  server.RaftServerConfigKeys (ConfUtils.java:logGet(43)) - raft.server.snapshot.retention.num.files = 5 (custom)
2019-09-27 09:56:49,341 [pool-77-thread-1] INFO  server.RaftServerConfigKeys (ConfUtils.java:logGet(43)) - raft.server.retrycache.expirytime = 600000ms (custom)
2019-09-27 09:56:49,343 [pool-77-thread-1] INFO  impl.RaftServerImpl (RaftServerImpl.java:start(185)) - a5178916-7f43-4d44-a33e-8aed6c9e8814@group-E628EBBEE01C: start as a follower, conf=-1: [a5178916-7f43-4d44-a33e-8aed6c9e8814:192.168.151.103:34011], old=null
2019-09-27 09:56:49,343 [pool-77-thread-1] INFO  impl.RaftServerImpl (RaftServerImpl.java:setRole(174)) - a5178916-7f43-4d44-a33e-8aed6c9e8814@group-E628EBBEE01C: changes role from      null to FOLLOWER at term 0 for startAsFollower
2019-09-27 09:56:49,343 [pool-77-thread-1] INFO  impl.RoleInfo (RoleInfo.java:updateAndGet(143)) - a5178916-7f43-4d44-a33e-8aed6c9e8814: start FollowerState
2019-09-27 09:56:49,344 [pool-77-thread-1] INFO  util.JmxRegister (JmxRegister.java:tryRegister(44)) - Successfully registered JMX Bean with object name Ratis:service=RaftServer,group=group-E628EBBEE01C,id=a5178916-7f43-4d44-a33e-8aed6c9e8814
2019-09-27 09:56:49,357 [main] INFO  ipc.Client (Client.java:handleConnectionFailure(948)) - Retrying connect to server: localhost/127.0.0.1:0. Already tried 0 time(s); retry policy is RetryUpToMaximumCountWithFixedSleep(maxRetries=10, sleepTime=1000 MILLISECONDS)
2019-09-27 09:56:49,360 [RatisPipelineUtilsThread] INFO  pipeline.PipelineStateManager (PipelineStateManager.java:addPipeline(56)) - Created pipeline Pipeline[ Id: d31f4e4f-0692-4c23-835d-e628ebbee01c, Nodes: a5178916-7f43-4d44-a33e-8aed6c9e8814{ip: 192.168.151.103, host: pr-hdds2162-4fxhj-20988671, networkLocation: /default-rack, certSerialId: null}, Type:RATIS, Factor:ONE, State:OPEN]
2019-09-27 09:56:49,392 [grpc-default-executor-0] INFO  impl.RaftServerProxy (RaftServerProxy.java:addNew(89)) - 280232d7-15c9-41ee-814e-4405ebd39845: addNew group-5BE267CDA56A:[280232d7-15c9-41ee-814e-4405ebd39845:192.168.151.103:43570] returns group-5BE267CDA56A:java.util.concurrent.CompletableFuture@1d072a39[Not completed]
2019-09-27 09:56:49,403 [pool-107-thread-1] INFO  impl.RaftServerImpl (RaftServerImpl.java:<init>(95)) - 280232d7-15c9-41ee-814e-4405ebd39845: new RaftServerImpl for group-5BE267CDA56A:[280232d7-15c9-41ee-814e-4405ebd39845:192.168.151.103:43570] with ContainerStateMachine:uninitialized
2019-09-27 09:56:49,403 [pool-107-thread-1] INFO  server.RaftServerConfigKeys (ConfUtils.java:logGet(43)) - raft.server.rpc.timeout.min = 5s (custom)
2019-09-27 09:56:49,403 [pool-107-thread-1] INFO  server.RaftServerConfigKeys (ConfUtils.java:logGet(43)) - raft.server.rpc.timeout.max = 5200ms (custom)
2019-09-27 09:56:49,403 [pool-107-thread-1] INFO  server.RaftServerConfigKeys (ConfUtils.java:logGet(43)) - raft.server.rpcslowness.timeout = 120s (custom)
2019-09-27 09:56:49,403 [pool-107-thread-1] INFO  server.RaftServerConfigKeys (ConfUtils.java:logGet(43)) - raft.server.sleep.deviation.threshold = 300 (default)
2019-09-27 09:56:49,403 [pool-107-thread-1] INFO  server.RaftServerConfigKeys (ConfUtils.java:logGet(43)) - raft.server.log.appender.install.snapshot.enabled = false (custom)
2019-09-27 09:56:49,404 [pool-107-thread-1] INFO  impl.RaftServerImpl (ServerState.java:<init>(103)) - 280232d7-15c9-41ee-814e-4405ebd39845@group-5BE267CDA56A: ConfigurationManager, init=-1: [280232d7-15c9-41ee-814e-4405ebd39845:192.168.151.103:43570], old=null, confs=<EMPTY_MAP>
2019-09-27 09:56:49,404 [pool-107-thread-1] INFO  server.RaftServerConfigKeys (ConfUtils.java:logGet(43)) - raft.server.storage.dir = [/workdir/hadoop-ozone/integration-test/target/test-dir/MiniOzoneClusterImpl-8eeacee4-f2ea-46c6-9d4b-1ae1fb96175b/datanode-8/data/ratis] (custom)
2019-09-27 09:56:49,404 [pool-107-thread-1] INFO  storage.RaftStorageDirectory (RaftStorageDirectory.java:analyzeStorage(246)) - The storage directory /workdir/hadoop-ozone/integration-test/target/test-dir/MiniOzoneClusterImpl-8eeacee4-f2ea-46c6-9d4b-1ae1fb96175b/datanode-8/data/ratis/a9a04695-b4ce-4455-9590-5be267cda56a does not exist. Creating ...
2019-09-27 09:56:49,417 [pool-107-thread-1] INFO  storage.RaftStorageDirectory (RaftStorageDirectory.java:tryLock(328)) - Lock on /workdir/hadoop-ozone/integration-test/target/test-dir/MiniOzoneClusterImpl-8eeacee4-f2ea-46c6-9d4b-1ae1fb96175b/datanode-8/data/ratis/a9a04695-b4ce-4455-9590-5be267cda56a/in_use.lock acquired by nodename 28830@pr-hdds2162-4fxhj-20988671
2019-09-27 09:56:49,430 [pool-107-thread-1] INFO  storage.RaftStorage (RaftStorage.java:format(72)) - Storage directory /workdir/hadoop-ozone/integration-test/target/test-dir/MiniOzoneClusterImpl-8eeacee4-f2ea-46c6-9d4b-1ae1fb96175b/datanode-8/data/ratis/a9a04695-b4ce-4455-9590-5be267cda56a has been successfully formatted.
2019-09-27 09:56:49,431 [pool-107-thread-1] INFO  ratis.ContainerStateMachine (ContainerStateMachine.java:loadSnapshot(230)) - group-5BE267CDA56A: The snapshot info is null. Setting the last applied indexto:(t:0, i:~)
2019-09-27 09:56:49,431 [pool-107-thread-1] INFO  server.RaftServerConfigKeys (ConfUtils.java:logGet(43)) - raft.server.notification.no-leader.timeout = 120s (custom)
2019-09-27 09:56:49,431 [pool-107-thread-1] INFO  server.RaftServerConfigKeys (ConfUtils.java:logGet(43)) - raft.server.log.use.memory = false (default)
2019-09-27 09:56:49,431 [pool-107-thread-1] INFO  server.RaftServerConfigKeys (ConfUtils.java:logGet(43)) - raft.server.log.purge.gap = 1000000 (custom)
2019-09-27 09:56:49,431 [pool-107-thread-1] INFO  server.RaftServerConfigKeys (ConfUtils.java:logGet(43)) - raft.server.log.appender.buffer.byte-limit = 33554432 (custom)
2019-09-27 09:56:49,432 [pool-107-thread-1] INFO  server.RaftServerConfigKeys (ConfUtils.java:logGet(43)) - raft.server.log.segment.size.max = 1048576 (custom)
2019-09-27 09:56:49,432 [pool-107-thread-1] INFO  server.RaftServerConfigKeys (ConfUtils.java:logGet(43)) - raft.server.log.segment.cache.num.max = 2 (custom)
2019-09-27 09:56:49,432 [pool-107-thread-1] INFO  segmented.SegmentedRaftLogWorker (SegmentedRaftLogWorker.java:<init>(172)) - new 280232d7-15c9-41ee-814e-4405ebd39845@group-5BE267CDA56A-SegmentedRaftLogWorker for RaftStorage:Storage Directory /workdir/hadoop-ozone/integration-test/target/test-dir/MiniOzoneClusterImpl-8eeacee4-f2ea-46c6-9d4b-1ae1fb96175b/datanode-8/data/ratis/a9a04695-b4ce-4455-9590-5be267cda56a
2019-09-27 09:56:49,435 [pool-107-thread-1] INFO  server.RaftServerConfigKeys (ConfUtils.java:logGet(43)) - raft.server.log.queue.byte-limit = 2147483647 (custom)
2019-09-27 09:56:49,435 [pool-107-thread-1] INFO  server.RaftServerConfigKeys (ConfUtils.java:logGet(43)) - raft.server.log.queue.element-limit = 1024 (custom)
2019-09-27 09:56:49,435 [pool-107-thread-1] INFO  server.RaftServerConfigKeys (ConfUtils.java:logGet(43)) - raft.server.log.segment.size.max = 1048576 (custom)
2019-09-27 09:56:49,436 [pool-107-thread-1] INFO  server.RaftServerConfigKeys (ConfUtils.java:logGet(43)) - raft.server.log.preallocated.size = 16384 (custom)
2019-09-27 09:56:49,436 [pool-107-thread-1] INFO  server.RaftServerConfigKeys (ConfUtils.java:logGet(43)) - raft.server.log.write.buffer.size = 33554432 (custom)
2019-09-27 09:56:49,436 [pool-107-thread-1] INFO  server.RaftServerConfigKeys (ConfUtils.java:logGet(43)) - raft.server.log.force.sync.num = 128 (default)
2019-09-27 09:56:49,436 [pool-107-thread-1] INFO  server.RaftServerConfigKeys (ConfUtils.java:logGet(43)) - raft.server.log.statemachine.data.sync = true (default)
2019-09-27 09:56:49,436 [pool-107-thread-1] INFO  server.RaftServerConfigKeys (ConfUtils.java:logGet(43)) - raft.server.log.statemachine.data.sync.timeout = 10s (default)
2019-09-27 09:56:49,436 [pool-107-thread-1] INFO  server.RaftServerConfigKeys (ConfUtils.java:logGet(43)) - raft.server.log.statemachine.data.sync.timeout.retry = -1 (default)
2019-09-27 09:56:49,437 [pool-107-thread-1] INFO  server.RaftServerConfigKeys (ConfUtils.java:logGet(43)) - raft.server.log.statemachine.data.caching.enabled = true (custom)
2019-09-27 09:56:49,437 [pool-107-thread-1] INFO  segmented.SegmentedRaftLogWorker (SegmentedRaftLogWorker.java:lambda$new$0(132)) - 280232d7-15c9-41ee-814e-4405ebd39845@group-5BE267CDA56A-SegmentedRaftLogWorker: flushIndex: setUnconditionally 0 -> -1
2019-09-27 09:56:49,437 [pool-107-thread-1] INFO  server.RaftServerConfigKeys (ConfUtils.java:logGet(43)) - raft.server.snapshot.auto.trigger.enabled = true (custom)
2019-09-27 09:56:49,437 [pool-107-thread-1] INFO  server.RaftServerConfigKeys (ConfUtils.java:logGet(43)) - raft.server.snapshot.auto.trigger.threshold = 10000 (custom)
2019-09-27 09:56:49,437 [pool-107-thread-1] INFO  server.RaftServerConfigKeys (ConfUtils.java:logGet(43)) - raft.server.snapshot.retention.num.files = 5 (custom)
2019-09-27 09:56:49,438 [pool-107-thread-1] INFO  server.RaftServerConfigKeys (ConfUtils.java:logGet(43)) - raft.server.retrycache.expirytime = 600000ms (custom)
2019-09-27 09:56:49,440 [pool-107-thread-1] INFO  impl.RaftServerImpl (RaftServerImpl.java:start(185)) - 280232d7-15c9-41ee-814e-4405ebd39845@group-5BE267CDA56A: start as a follower, conf=-1: [280232d7-15c9-41ee-814e-4405ebd39845:192.168.151.103:43570], old=null
2019-09-27 09:56:49,440 [pool-107-thread-1] INFO  impl.RaftServerImpl (RaftServerImpl.java:setRole(174)) - 280232d7-15c9-41ee-814e-4405ebd39845@group-5BE267CDA56A: changes role from      null to FOLLOWER at term 0 for startAsFollower
2019-09-27 09:56:49,440 [pool-107-thread-1] INFO  impl.RoleInfo (RoleInfo.java:updateAndGet(143)) - 280232d7-15c9-41ee-814e-4405ebd39845: start FollowerState
2019-09-27 09:56:49,441 [pool-107-thread-1] INFO  util.JmxRegister (JmxRegister.java:tryRegister(44)) - Successfully registered JMX Bean with object name Ratis:service=RaftServer,group=group-5BE267CDA56A,id=280232d7-15c9-41ee-814e-4405ebd39845
2019-09-27 09:56:49,458 [RatisPipelineUtilsThread] INFO  pipeline.PipelineStateManager (PipelineStateManager.java:addPipeline(56)) - Created pipeline Pipeline[ Id: a9a04695-b4ce-4455-9590-5be267cda56a, Nodes: 280232d7-15c9-41ee-814e-4405ebd39845{ip: 192.168.151.103, host: pr-hdds2162-4fxhj-20988671, networkLocation: /default-rack, certSerialId: null}, Type:RATIS, Factor:ONE, State:OPEN]
2019-09-27 09:56:49,504 [grpc-default-executor-1] INFO  impl.RaftServerProxy (RaftServerProxy.java:addNew(89)) - 104d06c1-b6f4-46fe-abab-80b9f3463d81: addNew group-4C89F8E95440:[98e467fb-2178-4bcc-aa88-91a9cb1be043:192.168.151.103:41309, 104d06c1-b6f4-46fe-abab-80b9f3463d81:192.168.151.103:40714, 5911da34-ca57-408c-8816-1c7f5f86ee30:192.168.151.103:44957] returns group-4C89F8E95440:java.util.concurrent.CompletableFuture@e6a3820[Not completed]
2019-09-27 09:56:49,506 [grpc-default-executor-2] INFO  impl.RaftServerProxy (RaftServerProxy.java:addNew(89)) - 98e467fb-2178-4bcc-aa88-91a9cb1be043: addNew group-4C89F8E95440:[98e467fb-2178-4bcc-aa88-91a9cb1be043:192.168.151.103:41309, 104d06c1-b6f4-46fe-abab-80b9f3463d81:192.168.151.103:40714, 5911da34-ca57-408c-8816-1c7f5f86ee30:192.168.151.103:44957] returns group-4C89F8E95440:java.util.concurrent.CompletableFuture@6369e4e2[Not completed]
2019-09-27 09:56:49,507 [grpc-default-executor-0] INFO  impl.RaftServerProxy (RaftServerProxy.java:addNew(89)) - 5911da34-ca57-408c-8816-1c7f5f86ee30: addNew group-4C89F8E95440:[98e467fb-2178-4bcc-aa88-91a9cb1be043:192.168.151.103:41309, 104d06c1-b6f4-46fe-abab-80b9f3463d81:192.168.151.103:40714, 5911da34-ca57-408c-8816-1c7f5f86ee30:192.168.151.103:44957] returns group-4C89F8E95440:java.util.concurrent.CompletableFuture@6607607e[Not completed]
2019-09-27 09:56:49,508 [pool-47-thread-1] INFO  impl.RaftServerImpl (RaftServerImpl.java:<init>(95)) - 104d06c1-b6f4-46fe-abab-80b9f3463d81: new RaftServerImpl for group-4C89F8E95440:[98e467fb-2178-4bcc-aa88-91a9cb1be043:192.168.151.103:41309, 104d06c1-b6f4-46fe-abab-80b9f3463d81:192.168.151.103:40714, 5911da34-ca57-408c-8816-1c7f5f86ee30:192.168.151.103:44957] with ContainerStateMachine:uninitialized
2019-09-27 09:56:49,509 [pool-47-thread-1] INFO  server.RaftServerConfigKeys (ConfUtils.java:logGet(43)) - raft.server.rpc.timeout.min = 5s (custom)
2019-09-27 09:56:49,509 [pool-47-thread-1] INFO  server.RaftServerConfigKeys (ConfUtils.java:logGet(43)) - raft.server.rpc.timeout.max = 5200ms (custom)
2019-09-27 09:56:49,509 [pool-37-thread-1] INFO  impl.RaftServerImpl (RaftServerImpl.java:<init>(95)) - 5911da34-ca57-408c-8816-1c7f5f86ee30: new RaftServerImpl for group-4C89F8E95440:[98e467fb-2178-4bcc-aa88-91a9cb1be043:192.168.151.103:41309, 104d06c1-b6f4-46fe-abab-80b9f3463d81:192.168.151.103:40714, 5911da34-ca57-408c-8816-1c7f5f86ee30:192.168.151.103:44957] with ContainerStateMachine:uninitialized
2019-09-27 09:56:49,509 [pool-47-thread-1] INFO  server.RaftServerConfigKeys (ConfUtils.java:logGet(43)) - raft.server.rpcslowness.timeout = 120s (custom)
2019-09-27 09:56:49,509 [pool-37-thread-1] INFO  server.RaftServerConfigKeys (ConfUtils.java:logGet(43)) - raft.server.rpc.timeout.min = 5s (custom)
2019-09-27 09:56:49,509 [pool-47-thread-1] INFO  server.RaftServerConfigKeys (ConfUtils.java:logGet(43)) - raft.server.sleep.deviation.threshold = 300 (default)
2019-09-27 09:56:49,509 [pool-37-thread-1] INFO  server.RaftServerConfigKeys (ConfUtils.java:logGet(43)) - raft.server.rpc.timeout.max = 5200ms (custom)
2019-09-27 09:56:49,509 [pool-47-thread-1] INFO  server.RaftServerConfigKeys (ConfUtils.java:logGet(43)) - raft.server.log.appender.install.snapshot.enabled = false (custom)
2019-09-27 09:56:49,510 [pool-117-thread-1] INFO  impl.RaftServerImpl (RaftServerImpl.java:<init>(95)) - 98e467fb-2178-4bcc-aa88-91a9cb1be043: new RaftServerImpl for group-4C89F8E95440:[98e467fb-2178-4bcc-aa88-91a9cb1be043:192.168.151.103:41309, 104d06c1-b6f4-46fe-abab-80b9f3463d81:192.168.151.103:40714, 5911da34-ca57-408c-8816-1c7f5f86ee30:192.168.151.103:44957] with ContainerStateMachine:uninitialized
2019-09-27 09:56:49,510 [pool-37-thread-1] INFO  server.RaftServerConfigKeys (ConfUtils.java:logGet(43)) - raft.server.rpcslowness.timeout = 120s (custom)
2019-09-27 09:56:49,510 [pool-117-thread-1] INFO  server.RaftServerConfigKeys (ConfUtils.java:logGet(43)) - raft.server.rpc.timeout.min = 5s (custom)
2019-09-27 09:56:49,510 [pool-47-thread-1] INFO  impl.RaftServerImpl (ServerState.java:<init>(103)) - 104d06c1-b6f4-46fe-abab-80b9f3463d81@group-4C89F8E95440: ConfigurationManager, init=-1: [98e467fb-2178-4bcc-aa88-91a9cb1be043:192.168.151.103:41309, 104d06c1-b6f4-46fe-abab-80b9f3463d81:192.168.151.103:40714, 5911da34-ca57-408c-8816-1c7f5f86ee30:192.168.151.103:44957], old=null, confs=<EMPTY_MAP>
2019-09-27 09:56:49,510 [pool-117-thread-1] INFO  server.RaftServerConfigKeys (ConfUtils.java:logGet(43)) - raft.server.rpc.timeout.max = 5200ms (custom)
2019-09-27 09:56:49,510 [pool-37-thread-1] INFO  server.RaftServerConfigKeys (ConfUtils.java:logGet(43)) - raft.server.sleep.deviation.threshold = 300 (default)
2019-09-27 09:56:49,510 [pool-47-thread-1] INFO  server.RaftServerConfigKeys (ConfUtils.java:logGet(43)) - raft.server.storage.dir = [/workdir/hadoop-ozone/integration-test/target/test-dir/MiniOzoneClusterImpl-8eeacee4-f2ea-46c6-9d4b-1ae1fb96175b/datanode-2/data/ratis] (custom)
2019-09-27 09:56:49,510 [pool-117-thread-1] INFO  server.RaftServerConfigKeys (ConfUtils.java:logGet(43)) - raft.server.rpcslowness.timeout = 120s (custom)
2019-09-27 09:56:49,510 [pool-37-thread-1] INFO  server.RaftServerConfigKeys (ConfUtils.java:logGet(43)) - raft.server.log.appender.install.snapshot.enabled = false (custom)
2019-09-27 09:56:49,511 [pool-117-thread-1] INFO  server.RaftServerConfigKeys (ConfUtils.java:logGet(43)) - raft.server.sleep.deviation.threshold = 300 (default)
2019-09-27 09:56:49,511 [pool-37-thread-1] INFO  impl.RaftServerImpl (ServerState.java:<init>(103)) - 5911da34-ca57-408c-8816-1c7f5f86ee30@group-4C89F8E95440: ConfigurationManager, init=-1: [98e467fb-2178-4bcc-aa88-91a9cb1be043:192.168.151.103:41309, 104d06c1-b6f4-46fe-abab-80b9f3463d81:192.168.151.103:40714, 5911da34-ca57-408c-8816-1c7f5f86ee30:192.168.151.103:44957], old=null, confs=<EMPTY_MAP>
2019-09-27 09:56:49,511 [pool-117-thread-1] INFO  server.RaftServerConfigKeys (ConfUtils.java:logGet(43)) - raft.server.log.appender.install.snapshot.enabled = false (custom)
2019-09-27 09:56:49,511 [pool-37-thread-1] INFO  server.RaftServerConfigKeys (ConfUtils.java:logGet(43)) - raft.server.storage.dir = [/workdir/hadoop-ozone/integration-test/target/test-dir/MiniOzoneClusterImpl-8eeacee4-f2ea-46c6-9d4b-1ae1fb96175b/datanode-1/data/ratis] (custom)
2019-09-27 09:56:49,511 [pool-47-thread-1] INFO  storage.RaftStorageDirectory (RaftStorageDirectory.java:analyzeStorage(246)) - The storage directory /workdir/hadoop-ozone/integration-test/target/test-dir/MiniOzoneClusterImpl-8eeacee4-f2ea-46c6-9d4b-1ae1fb96175b/datanode-2/data/ratis/a30604c3-4b56-4930-9a48-4c89f8e95440 does not exist. Creating ...
2019-09-27 09:56:49,511 [pool-117-thread-1] INFO  impl.RaftServerImpl (ServerState.java:<init>(103)) - 98e467fb-2178-4bcc-aa88-91a9cb1be043@group-4C89F8E95440: ConfigurationManager, init=-1: [98e467fb-2178-4bcc-aa88-91a9cb1be043:192.168.151.103:41309, 104d06c1-b6f4-46fe-abab-80b9f3463d81:192.168.151.103:40714, 5911da34-ca57-408c-8816-1c7f5f86ee30:192.168.151.103:44957], old=null, confs=<EMPTY_MAP>
2019-09-27 09:56:49,511 [pool-37-thread-1] INFO  storage.RaftStorageDirectory (RaftStorageDirectory.java:analyzeStorage(246)) - The storage directory /workdir/hadoop-ozone/integration-test/target/test-dir/MiniOzoneClusterImpl-8eeacee4-f2ea-46c6-9d4b-1ae1fb96175b/datanode-1/data/ratis/a30604c3-4b56-4930-9a48-4c89f8e95440 does not exist. Creating ...
2019-09-27 09:56:49,511 [pool-117-thread-1] INFO  server.RaftServerConfigKeys (ConfUtils.java:logGet(43)) - raft.server.storage.dir = [/workdir/hadoop-ozone/integration-test/target/test-dir/MiniOzoneClusterImpl-8eeacee4-f2ea-46c6-9d4b-1ae1fb96175b/datanode-9/data/ratis] (custom)
2019-09-27 09:56:49,511 [pool-117-thread-1] INFO  storage.RaftStorageDirectory (RaftStorageDirectory.java:analyzeStorage(246)) - The storage directory /workdir/hadoop-ozone/integration-test/target/test-dir/MiniOzoneClusterImpl-8eeacee4-f2ea-46c6-9d4b-1ae1fb96175b/datanode-9/data/ratis/a30604c3-4b56-4930-9a48-4c89f8e95440 does not exist. Creating ...
2019-09-27 09:56:49,519 [pool-37-thread-1] INFO  storage.RaftStorageDirectory (RaftStorageDirectory.java:tryLock(328)) - Lock on /workdir/hadoop-ozone/integration-test/target/test-dir/MiniOzoneClusterImpl-8eeacee4-f2ea-46c6-9d4b-1ae1fb96175b/datanode-1/data/ratis/a30604c3-4b56-4930-9a48-4c89f8e95440/in_use.lock acquired by nodename 28830@pr-hdds2162-4fxhj-20988671
2019-09-27 09:56:49,520 [pool-117-thread-1] INFO  storage.RaftStorageDirectory (RaftStorageDirectory.java:tryLock(328)) - Lock on /workdir/hadoop-ozone/integration-test/target/test-dir/MiniOzoneClusterImpl-8eeacee4-f2ea-46c6-9d4b-1ae1fb96175b/datanode-9/data/ratis/a30604c3-4b56-4930-9a48-4c89f8e95440/in_use.lock acquired by nodename 28830@pr-hdds2162-4fxhj-20988671
2019-09-27 09:56:49,520 [pool-47-thread-1] INFO  storage.RaftStorageDirectory (RaftStorageDirectory.java:tryLock(328)) - Lock on /workdir/hadoop-ozone/integration-test/target/test-dir/MiniOzoneClusterImpl-8eeacee4-f2ea-46c6-9d4b-1ae1fb96175b/datanode-2/data/ratis/a30604c3-4b56-4930-9a48-4c89f8e95440/in_use.lock acquired by nodename 28830@pr-hdds2162-4fxhj-20988671
2019-09-27 09:56:49,534 [pool-37-thread-1] INFO  storage.RaftStorage (RaftStorage.java:format(72)) - Storage directory /workdir/hadoop-ozone/integration-test/target/test-dir/MiniOzoneClusterImpl-8eeacee4-f2ea-46c6-9d4b-1ae1fb96175b/datanode-1/data/ratis/a30604c3-4b56-4930-9a48-4c89f8e95440 has been successfully formatted.
2019-09-27 09:56:49,534 [pool-117-thread-1] INFO  storage.RaftStorage (RaftStorage.java:format(72)) - Storage directory /workdir/hadoop-ozone/integration-test/target/test-dir/MiniOzoneClusterImpl-8eeacee4-f2ea-46c6-9d4b-1ae1fb96175b/datanode-9/data/ratis/a30604c3-4b56-4930-9a48-4c89f8e95440 has been successfully formatted.
2019-09-27 09:56:49,534 [pool-47-thread-1] INFO  storage.RaftStorage (RaftStorage.java:format(72)) - Storage directory /workdir/hadoop-ozone/integration-test/target/test-dir/MiniOzoneClusterImpl-8eeacee4-f2ea-46c6-9d4b-1ae1fb96175b/datanode-2/data/ratis/a30604c3-4b56-4930-9a48-4c89f8e95440 has been successfully formatted.
2019-09-27 09:56:49,534 [pool-37-thread-1] INFO  ratis.ContainerStateMachine (ContainerStateMachine.java:loadSnapshot(230)) - group-4C89F8E95440: The snapshot info is null. Setting the last applied indexto:(t:0, i:~)
2019-09-27 09:56:49,534 [pool-117-thread-1] INFO  ratis.ContainerStateMachine (ContainerStateMachine.java:loadSnapshot(230)) - group-4C89F8E95440: The snapshot info is null. Setting the last applied indexto:(t:0, i:~)
2019-09-27 09:56:49,534 [pool-37-thread-1] INFO  server.RaftServerConfigKeys (ConfUtils.java:logGet(43)) - raft.server.notification.no-leader.timeout = 120s (custom)
2019-09-27 09:56:49,534 [pool-117-thread-1] INFO  server.RaftServerConfigKeys (ConfUtils.java:logGet(43)) - raft.server.notification.no-leader.timeout = 120s (custom)
2019-09-27 09:56:49,534 [pool-47-thread-1] INFO  ratis.ContainerStateMachine (ContainerStateMachine.java:loadSnapshot(230)) - group-4C89F8E95440: The snapshot info is null. Setting the last applied indexto:(t:0, i:~)
2019-09-27 09:56:49,534 [pool-117-thread-1] INFO  server.RaftServerConfigKeys (ConfUtils.java:logGet(43)) - raft.server.log.use.memory = false (default)
2019-09-27 09:56:49,534 [pool-37-thread-1] INFO  server.RaftServerConfigKeys (ConfUtils.java:logGet(43)) - raft.server.log.use.memory = false (default)
2019-09-27 09:56:49,535 [pool-117-thread-1] INFO  server.RaftServerConfigKeys (ConfUtils.java:logGet(43)) - raft.server.log.purge.gap = 1000000 (custom)
2019-09-27 09:56:49,535 [pool-37-thread-1] INFO  server.RaftServerConfigKeys (ConfUtils.java:logGet(43)) - raft.server.log.purge.gap = 1000000 (custom)
2019-09-27 09:56:49,535 [pool-37-thread-1] INFO  server.RaftServerConfigKeys (ConfUtils.java:logGet(43)) - raft.server.log.appender.buffer.byte-limit = 33554432 (custom)
2019-09-27 09:56:49,535 [pool-47-thread-1] INFO  server.RaftServerConfigKeys (ConfUtils.java:logGet(43)) - raft.server.notification.no-leader.timeout = 120s (custom)
2019-09-27 09:56:49,535 [pool-37-thread-1] INFO  server.RaftServerConfigKeys (ConfUtils.java:logGet(43)) - raft.server.log.segment.size.max = 1048576 (custom)
2019-09-27 09:56:49,535 [pool-117-thread-1] INFO  server.RaftServerConfigKeys (ConfUtils.java:logGet(43)) - raft.server.log.appender.buffer.byte-limit = 33554432 (custom)
2019-09-27 09:56:49,535 [pool-37-thread-1] INFO  server.RaftServerConfigKeys (ConfUtils.java:logGet(43)) - raft.server.log.segment.cache.num.max = 2 (custom)
2019-09-27 09:56:49,535 [pool-47-thread-1] INFO  server.RaftServerConfigKeys (ConfUtils.java:logGet(43)) - raft.server.log.use.memory = false (default)
2019-09-27 09:56:49,536 [pool-37-thread-1] INFO  segmented.SegmentedRaftLogWorker (SegmentedRaftLogWorker.java:<init>(172)) - new 5911da34-ca57-408c-8816-1c7f5f86ee30@group-4C89F8E95440-SegmentedRaftLogWorker for RaftStorage:Storage Directory /workdir/hadoop-ozone/integration-test/target/test-dir/MiniOzoneClusterImpl-8eeacee4-f2ea-46c6-9d4b-1ae1fb96175b/datanode-1/data/ratis/a30604c3-4b56-4930-9a48-4c89f8e95440
2019-09-27 09:56:49,536 [pool-117-thread-1] INFO  server.RaftServerConfigKeys (ConfUtils.java:logGet(43)) - raft.server.log.segment.size.max = 1048576 (custom)
2019-09-27 09:56:49,536 [pool-37-thread-1] INFO  server.RaftServerConfigKeys (ConfUtils.java:logGet(43)) - raft.server.log.queue.byte-limit = 2147483647 (custom)
2019-09-27 09:56:49,536 [pool-47-thread-1] INFO  server.RaftServerConfigKeys (ConfUtils.java:logGet(43)) - raft.server.log.purge.gap = 1000000 (custom)
2019-09-27 09:56:49,536 [pool-37-thread-1] INFO  server.RaftServerConfigKeys (ConfUtils.java:logGet(43)) - raft.server.log.queue.element-limit = 1024 (custom)
2019-09-27 09:56:49,536 [pool-117-thread-1] INFO  server.RaftServerConfigKeys (ConfUtils.java:logGet(43)) - raft.server.log.segment.cache.num.max = 2 (custom)
2019-09-27 09:56:49,536 [pool-37-thread-1] INFO  server.RaftServerConfigKeys (ConfUtils.java:logGet(43)) - raft.server.log.segment.size.max = 1048576 (custom)
2019-09-27 09:56:49,536 [pool-47-thread-1] INFO  server.RaftServerConfigKeys (ConfUtils.java:logGet(43)) - raft.server.log.appender.buffer.byte-limit = 33554432 (custom)
2019-09-27 09:56:49,537 [pool-37-thread-1] INFO  server.RaftServerConfigKeys (ConfUtils.java:logGet(43)) - raft.server.log.preallocated.size = 16384 (custom)
2019-09-27 09:56:49,537 [pool-117-thread-1] INFO  segmented.SegmentedRaftLogWorker (SegmentedRaftLogWorker.java:<init>(172)) - new 98e467fb-2178-4bcc-aa88-91a9cb1be043@group-4C89F8E95440-SegmentedRaftLogWorker for RaftStorage:Storage Directory /workdir/hadoop-ozone/integration-test/target/test-dir/MiniOzoneClusterImpl-8eeacee4-f2ea-46c6-9d4b-1ae1fb96175b/datanode-9/data/ratis/a30604c3-4b56-4930-9a48-4c89f8e95440
2019-09-27 09:56:49,537 [pool-37-thread-1] INFO  server.RaftServerConfigKeys (ConfUtils.java:logGet(43)) - raft.server.log.write.buffer.size = 33554432 (custom)
2019-09-27 09:56:49,537 [pool-47-thread-1] INFO  server.RaftServerConfigKeys (ConfUtils.java:logGet(43)) - raft.server.log.segment.size.max = 1048576 (custom)
2019-09-27 09:56:49,537 [pool-37-thread-1] INFO  server.RaftServerConfigKeys (ConfUtils.java:logGet(43)) - raft.server.log.force.sync.num = 128 (default)
2019-09-27 09:56:49,537 [pool-117-thread-1] INFO  server.RaftServerConfigKeys (ConfUtils.java:logGet(43)) - raft.server.log.queue.byte-limit = 2147483647 (custom)
2019-09-27 09:56:49,537 [pool-37-thread-1] INFO  server.RaftServerConfigKeys (ConfUtils.java:logGet(43)) - raft.server.log.statemachine.data.sync = true (default)
2019-09-27 09:56:49,537 [pool-47-thread-1] INFO  server.RaftServerConfigKeys (ConfUtils.java:logGet(43)) - raft.server.log.segment.cache.num.max = 2 (custom)
2019-09-27 09:56:49,537 [pool-37-thread-1] INFO  server.RaftServerConfigKeys (ConfUtils.java:logGet(43)) - raft.server.log.statemachine.data.sync.timeout = 10s (default)
2019-09-27 09:56:49,537 [pool-117-thread-1] INFO  server.RaftServerConfigKeys (ConfUtils.java:logGet(43)) - raft.server.log.queue.element-limit = 1024 (custom)
2019-09-27 09:56:49,538 [pool-37-thread-1] INFO  server.RaftServerConfigKeys (ConfUtils.java:logGet(43)) - raft.server.log.statemachine.data.sync.timeout.retry = -1 (default)
2019-09-27 09:56:49,538 [pool-47-thread-1] INFO  segmented.SegmentedRaftLogWorker (SegmentedRaftLogWorker.java:<init>(172)) - new 104d06c1-b6f4-46fe-abab-80b9f3463d81@group-4C89F8E95440-SegmentedRaftLogWorker for RaftStorage:Storage Directory /workdir/hadoop-ozone/integration-test/target/test-dir/MiniOzoneClusterImpl-8eeacee4-f2ea-46c6-9d4b-1ae1fb96175b/datanode-2/data/ratis/a30604c3-4b56-4930-9a48-4c89f8e95440
2019-09-27 09:56:49,538 [pool-117-thread-1] INFO  server.RaftServerConfigKeys (ConfUtils.java:logGet(43)) - raft.server.log.segment.size.max = 1048576 (custom)
2019-09-27 09:56:49,538 [pool-47-thread-1] INFO  server.RaftServerConfigKeys (ConfUtils.java:logGet(43)) - raft.server.log.queue.byte-limit = 2147483647 (custom)
2019-09-27 09:56:49,538 [pool-37-thread-1] INFO  server.RaftServerConfigKeys (ConfUtils.java:logGet(43)) - raft.server.log.statemachine.data.caching.enabled = true (custom)
2019-09-27 09:56:49,538 [pool-47-thread-1] INFO  server.RaftServerConfigKeys (ConfUtils.java:logGet(43)) - raft.server.log.queue.element-limit = 1024 (custom)
2019-09-27 09:56:49,538 [pool-117-thread-1] INFO  server.RaftServerConfigKeys (ConfUtils.java:logGet(43)) - raft.server.log.preallocated.size = 16384 (custom)
2019-09-27 09:56:49,539 [pool-37-thread-1] INFO  segmented.SegmentedRaftLogWorker (SegmentedRaftLogWorker.java:lambda$new$0(132)) - 5911da34-ca57-408c-8816-1c7f5f86ee30@group-4C89F8E95440-SegmentedRaftLogWorker: flushIndex: setUnconditionally 0 -> -1
2019-09-27 09:56:49,539 [pool-47-thread-1] INFO  server.RaftServerConfigKeys (ConfUtils.java:logGet(43)) - raft.server.log.segment.size.max = 1048576 (custom)
2019-09-27 09:56:49,539 [pool-117-thread-1] INFO  server.RaftServerConfigKeys (ConfUtils.java:logGet(43)) - raft.server.log.write.buffer.size = 33554432 (custom)
2019-09-27 09:56:49,539 [pool-37-thread-1] INFO  server.RaftServerConfigKeys (ConfUtils.java:logGet(43)) - raft.server.snapshot.auto.trigger.enabled = true (custom)
2019-09-27 09:56:49,539 [pool-47-thread-1] INFO  server.RaftServerConfigKeys (ConfUtils.java:logGet(43)) - raft.server.log.preallocated.size = 16384 (custom)
2019-09-27 09:56:49,539 [pool-37-thread-1] INFO  server.RaftServerConfigKeys (ConfUtils.java:logGet(43)) - raft.server.snapshot.auto.trigger.threshold = 10000 (custom)
2019-09-27 09:56:49,539 [pool-117-thread-1] INFO  server.RaftServerConfigKeys (ConfUtils.java:logGet(43)) - raft.server.log.force.sync.num = 128 (default)
2019-09-27 09:56:49,543 [pool-37-thread-1] INFO  server.RaftServerConfigKeys (ConfUtils.java:logGet(43)) - raft.server.snapshot.retention.num.files = 5 (custom)
2019-09-27 09:56:49,543 [pool-47-thread-1] INFO  server.RaftServerConfigKeys (ConfUtils.java:logGet(43)) - raft.server.log.write.buffer.size = 33554432 (custom)
2019-09-27 09:56:49,543 [pool-37-thread-1] INFO  server.RaftServerConfigKeys (ConfUtils.java:logGet(43)) - raft.server.retrycache.expirytime = 600000ms (custom)
2019-09-27 09:56:49,543 [pool-117-thread-1] INFO  server.RaftServerConfigKeys (ConfUtils.java:logGet(43)) - raft.server.log.statemachine.data.sync = true (default)
2019-09-27 09:56:49,543 [pool-47-thread-1] INFO  server.RaftServerConfigKeys (ConfUtils.java:logGet(43)) - raft.server.log.force.sync.num = 128 (default)
2019-09-27 09:56:49,544 [pool-117-thread-1] INFO  server.RaftServerConfigKeys (ConfUtils.java:logGet(43)) - raft.server.log.statemachine.data.sync.timeout = 10s (default)
2019-09-27 09:56:49,544 [pool-47-thread-1] INFO  server.RaftServerConfigKeys (ConfUtils.java:logGet(43)) - raft.server.log.statemachine.data.sync = true (default)
2019-09-27 09:56:49,544 [pool-117-thread-1] INFO  server.RaftServerConfigKeys (ConfUtils.java:logGet(43)) - raft.server.log.statemachine.data.sync.timeout.retry = -1 (default)
2019-09-27 09:56:49,544 [pool-47-thread-1] INFO  server.RaftServerConfigKeys (ConfUtils.java:logGet(43)) - raft.server.log.statemachine.data.sync.timeout = 10s (default)
2019-09-27 09:56:49,544 [pool-47-thread-1] INFO  server.RaftServerConfigKeys (ConfUtils.java:logGet(43)) - raft.server.log.statemachine.data.sync.timeout.retry = -1 (default)
2019-09-27 09:56:49,544 [pool-117-thread-1] INFO  server.RaftServerConfigKeys (ConfUtils.java:logGet(43)) - raft.server.log.statemachine.data.caching.enabled = true (custom)
2019-09-27 09:56:49,545 [pool-47-thread-1] INFO  server.RaftServerConfigKeys (ConfUtils.java:logGet(43)) - raft.server.log.statemachine.data.caching.enabled = true (custom)
2019-09-27 09:56:49,545 [pool-47-thread-1] INFO  segmented.SegmentedRaftLogWorker (SegmentedRaftLogWorker.java:lambda$new$0(132)) - 104d06c1-b6f4-46fe-abab-80b9f3463d81@group-4C89F8E95440-SegmentedRaftLogWorker: flushIndex: setUnconditionally 0 -> -1
2019-09-27 09:56:49,545 [pool-117-thread-1] INFO  segmented.SegmentedRaftLogWorker (SegmentedRaftLogWorker.java:lambda$new$0(132)) - 98e467fb-2178-4bcc-aa88-91a9cb1be043@group-4C89F8E95440-SegmentedRaftLogWorker: flushIndex: setUnconditionally 0 -> -1
2019-09-27 09:56:49,545 [pool-47-thread-1] INFO  server.RaftServerConfigKeys (ConfUtils.java:logGet(43)) - raft.server.snapshot.auto.trigger.enabled = true (custom)
2019-09-27 09:56:49,545 [pool-47-thread-1] INFO  server.RaftServerConfigKeys (ConfUtils.java:logGet(43)) - raft.server.snapshot.auto.trigger.threshold = 10000 (custom)
2019-09-27 09:56:49,545 [pool-47-thread-1] INFO  server.RaftServerConfigKeys (ConfUtils.java:logGet(43)) - raft.server.snapshot.retention.num.files = 5 (custom)
2019-09-27 09:56:49,545 [pool-117-thread-1] INFO  server.RaftServerConfigKeys (ConfUtils.java:logGet(43)) - raft.server.snapshot.auto.trigger.enabled = true (custom)
2019-09-27 09:56:49,545 [pool-47-thread-1] INFO  server.RaftServerConfigKeys (ConfUtils.java:logGet(43)) - raft.server.retrycache.expirytime = 600000ms (custom)
2019-09-27 09:56:49,546 [pool-117-thread-1] INFO  server.RaftServerConfigKeys (ConfUtils.java:logGet(43)) - raft.server.snapshot.auto.trigger.threshold = 10000 (custom)
2019-09-27 09:56:49,546 [pool-37-thread-1] INFO  impl.RaftServerImpl (RaftServerImpl.java:start(185)) - 5911da34-ca57-408c-8816-1c7f5f86ee30@group-4C89F8E95440: start as a follower, conf=-1: [98e467fb-2178-4bcc-aa88-91a9cb1be043:192.168.151.103:41309, 104d06c1-b6f4-46fe-abab-80b9f3463d81:192.168.151.103:40714, 5911da34-ca57-408c-8816-1c7f5f86ee30:192.168.151.103:44957], old=null
2019-09-27 09:56:49,546 [pool-117-thread-1] INFO  server.RaftServerConfigKeys (ConfUtils.java:logGet(43)) - raft.server.snapshot.retention.num.files = 5 (custom)
2019-09-27 09:56:49,546 [pool-37-thread-1] INFO  impl.RaftServerImpl (RaftServerImpl.java:setRole(174)) - 5911da34-ca57-408c-8816-1c7f5f86ee30@group-4C89F8E95440: changes role from      null to FOLLOWER at term 0 for startAsFollower
2019-09-27 09:56:49,546 [pool-117-thread-1] INFO  server.RaftServerConfigKeys (ConfUtils.java:logGet(43)) - raft.server.retrycache.expirytime = 600000ms (custom)
2019-09-27 09:56:49,546 [pool-37-thread-1] INFO  impl.RoleInfo (RoleInfo.java:updateAndGet(143)) - 5911da34-ca57-408c-8816-1c7f5f86ee30: start FollowerState
2019-09-27 09:56:49,547 [pool-37-thread-1] INFO  util.JmxRegister (JmxRegister.java:tryRegister(44)) - Successfully registered JMX Bean with object name Ratis:service=RaftServer,group=group-4C89F8E95440,id=5911da34-ca57-408c-8816-1c7f5f86ee30
2019-09-27 09:56:49,547 [pool-47-thread-1] INFO  impl.RaftServerImpl (RaftServerImpl.java:start(185)) - 104d06c1-b6f4-46fe-abab-80b9f3463d81@group-4C89F8E95440: start as a follower, conf=-1: [98e467fb-2178-4bcc-aa88-91a9cb1be043:192.168.151.103:41309, 104d06c1-b6f4-46fe-abab-80b9f3463d81:192.168.151.103:40714, 5911da34-ca57-408c-8816-1c7f5f86ee30:192.168.151.103:44957], old=null
2019-09-27 09:56:49,548 [pool-47-thread-1] INFO  impl.RaftServerImpl (RaftServerImpl.java:setRole(174)) - 104d06c1-b6f4-46fe-abab-80b9f3463d81@group-4C89F8E95440: changes role from      null to FOLLOWER at term 0 for startAsFollower
2019-09-27 09:56:49,548 [pool-47-thread-1] INFO  impl.RoleInfo (RoleInfo.java:updateAndGet(143)) - 104d06c1-b6f4-46fe-abab-80b9f3463d81: start FollowerState
2019-09-27 09:56:49,548 [pool-47-thread-1] INFO  util.JmxRegister (JmxRegister.java:tryRegister(44)) - Successfully registered JMX Bean with object name Ratis:service=RaftServer,group=group-4C89F8E95440,id=104d06c1-b6f4-46fe-abab-80b9f3463d81
2019-09-27 09:56:49,567 [pool-117-thread-1] INFO  impl.RaftServerImpl (RaftServerImpl.java:start(185)) - 98e467fb-2178-4bcc-aa88-91a9cb1be043@group-4C89F8E95440: start as a follower, conf=-1: [98e467fb-2178-4bcc-aa88-91a9cb1be043:192.168.151.103:41309, 104d06c1-b6f4-46fe-abab-80b9f3463d81:192.168.151.103:40714, 5911da34-ca57-408c-8816-1c7f5f86ee30:192.168.151.103:44957], old=null
2019-09-27 09:56:49,568 [pool-117-thread-1] INFO  impl.RaftServerImpl (RaftServerImpl.java:setRole(174)) - 98e467fb-2178-4bcc-aa88-91a9cb1be043@group-4C89F8E95440: changes role from      null to FOLLOWER at term 0 for startAsFollower
2019-09-27 09:56:49,568 [pool-117-thread-1] INFO  impl.RoleInfo (RoleInfo.java:updateAndGet(143)) - 98e467fb-2178-4bcc-aa88-91a9cb1be043: start FollowerState
2019-09-27 09:56:49,568 [pool-117-thread-1] INFO  util.JmxRegister (JmxRegister.java:tryRegister(44)) - Successfully registered JMX Bean with object name Ratis:service=RaftServer,group=group-4C89F8E95440,id=98e467fb-2178-4bcc-aa88-91a9cb1be043
2019-09-27 09:56:49,582 [RatisPipelineUtilsThread] INFO  pipeline.PipelineStateManager (PipelineStateManager.java:addPipeline(56)) - Created pipeline Pipeline[ Id: a30604c3-4b56-4930-9a48-4c89f8e95440, Nodes: 5911da34-ca57-408c-8816-1c7f5f86ee30{ip: 192.168.151.103, host: pr-hdds2162-4fxhj-20988671, networkLocation: /default-rack, certSerialId: null}98e467fb-2178-4bcc-aa88-91a9cb1be043{ip: 192.168.151.103, host: pr-hdds2162-4fxhj-20988671, networkLocation: /default-rack, certSerialId: null}104d06c1-b6f4-46fe-abab-80b9f3463d81{ip: 192.168.151.103, host: pr-hdds2162-4fxhj-20988671, networkLocation: /default-rack, certSerialId: null}, Type:RATIS, Factor:THREE, State:OPEN]
2019-09-27 09:56:49,603 [grpc-default-executor-2] INFO  impl.RaftServerProxy (RaftServerProxy.java:addNew(89)) - 2c15b4bb-8004-40ae-ac45-1dc5514b42f4: addNew group-41245BAC151D:[7c34c570-cc93-4d2d-95bb-ca6bff5b1acb:192.168.151.103:42543, a8f5f0f5-8e74-4dbd-a70c-5d164a949520:192.168.151.103:42561, 2c15b4bb-8004-40ae-ac45-1dc5514b42f4:192.168.151.103:40265] returns group-41245BAC151D:java.util.concurrent.CompletableFuture@3b65ec1d[Not completed]
2019-09-27 09:56:49,607 [grpc-default-executor-0] INFO  impl.RaftServerProxy (RaftServerProxy.java:addNew(89)) - 7c34c570-cc93-4d2d-95bb-ca6bff5b1acb: addNew group-41245BAC151D:[7c34c570-cc93-4d2d-95bb-ca6bff5b1acb:192.168.151.103:42543, a8f5f0f5-8e74-4dbd-a70c-5d164a949520:192.168.151.103:42561, 2c15b4bb-8004-40ae-ac45-1dc5514b42f4:192.168.151.103:40265] returns group-41245BAC151D:java.util.concurrent.CompletableFuture@79fe50ed[Not completed]
2019-09-27 09:56:49,609 [grpc-default-executor-1] INFO  impl.RaftServerProxy (RaftServerProxy.java:addNew(89)) - a8f5f0f5-8e74-4dbd-a70c-5d164a949520: addNew group-41245BAC151D:[7c34c570-cc93-4d2d-95bb-ca6bff5b1acb:192.168.151.103:42543, a8f5f0f5-8e74-4dbd-a70c-5d164a949520:192.168.151.103:42561, 2c15b4bb-8004-40ae-ac45-1dc5514b42f4:192.168.151.103:40265] returns group-41245BAC151D:java.util.concurrent.CompletableFuture@21a65a5a[Not completed]
2019-09-27 09:56:49,610 [pool-27-thread-1] INFO  impl.RaftServerImpl (RaftServerImpl.java:<init>(95)) - 2c15b4bb-8004-40ae-ac45-1dc5514b42f4: new RaftServerImpl for group-41245BAC151D:[7c34c570-cc93-4d2d-95bb-ca6bff5b1acb:192.168.151.103:42543, a8f5f0f5-8e74-4dbd-a70c-5d164a949520:192.168.151.103:42561, 2c15b4bb-8004-40ae-ac45-1dc5514b42f4:192.168.151.103:40265] with ContainerStateMachine:uninitialized
2019-09-27 09:56:49,610 [pool-27-thread-1] INFO  server.RaftServerConfigKeys (ConfUtils.java:logGet(43)) - raft.server.rpc.timeout.min = 5s (custom)
2019-09-27 09:56:49,610 [pool-27-thread-1] INFO  server.RaftServerConfigKeys (ConfUtils.java:logGet(43)) - raft.server.rpc.timeout.max = 5200ms (custom)
2019-09-27 09:56:49,610 [pool-27-thread-1] INFO  server.RaftServerConfigKeys (ConfUtils.java:logGet(43)) - raft.server.rpcslowness.timeout = 120s (custom)
2019-09-27 09:56:49,610 [pool-27-thread-1] INFO  server.RaftServerConfigKeys (ConfUtils.java:logGet(43)) - raft.server.sleep.deviation.threshold = 300 (default)
2019-09-27 09:56:49,610 [pool-27-thread-1] INFO  server.RaftServerConfigKeys (ConfUtils.java:logGet(43)) - raft.server.log.appender.install.snapshot.enabled = false (custom)
2019-09-27 09:56:49,610 [pool-27-thread-1] INFO  impl.RaftServerImpl (ServerState.java:<init>(103)) - 2c15b4bb-8004-40ae-ac45-1dc5514b42f4@group-41245BAC151D: ConfigurationManager, init=-1: [7c34c570-cc93-4d2d-95bb-ca6bff5b1acb:192.168.151.103:42543, a8f5f0f5-8e74-4dbd-a70c-5d164a949520:192.168.151.103:42561, 2c15b4bb-8004-40ae-ac45-1dc5514b42f4:192.168.151.103:40265], old=null, confs=<EMPTY_MAP>
2019-09-27 09:56:49,611 [pool-67-thread-1] INFO  impl.RaftServerImpl (RaftServerImpl.java:<init>(95)) - a8f5f0f5-8e74-4dbd-a70c-5d164a949520: new RaftServerImpl for group-41245BAC151D:[7c34c570-cc93-4d2d-95bb-ca6bff5b1acb:192.168.151.103:42543, a8f5f0f5-8e74-4dbd-a70c-5d164a949520:192.168.151.103:42561, 2c15b4bb-8004-40ae-ac45-1dc5514b42f4:192.168.151.103:40265] with ContainerStateMachine:uninitialized
2019-09-27 09:56:49,611 [pool-27-thread-1] INFO  server.RaftServerConfigKeys (ConfUtils.java:logGet(43)) - raft.server.storage.dir = [/workdir/hadoop-ozone/integration-test/target/test-dir/MiniOzoneClusterImpl-8eeacee4-f2ea-46c6-9d4b-1ae1fb96175b/datanode-0/data/ratis] (custom)
2019-09-27 09:56:49,611 [pool-67-thread-1] INFO  server.RaftServerConfigKeys (ConfUtils.java:logGet(43)) - raft.server.rpc.timeout.min = 5s (custom)
2019-09-27 09:56:49,611 [pool-67-thread-1] INFO  server.RaftServerConfigKeys (ConfUtils.java:logGet(43)) - raft.server.rpc.timeout.max = 5200ms (custom)
2019-09-27 09:56:49,611 [pool-27-thread-1] INFO  storage.RaftStorageDirectory (RaftStorageDirectory.java:analyzeStorage(246)) - The storage directory /workdir/hadoop-ozone/integration-test/target/test-dir/MiniOzoneClusterImpl-8eeacee4-f2ea-46c6-9d4b-1ae1fb96175b/datanode-0/data/ratis/011b3abb-2049-4152-a86a-41245bac151d does not exist. Creating ...
2019-09-27 09:56:49,611 [pool-67-thread-1] INFO  server.RaftServerConfigKeys (ConfUtils.java:logGet(43)) - raft.server.rpcslowness.timeout = 120s (custom)
2019-09-27 09:56:49,611 [pool-57-thread-1] INFO  impl.RaftServerImpl (RaftServerImpl.java:<init>(95)) - 7c34c570-cc93-4d2d-95bb-ca6bff5b1acb: new RaftServerImpl for group-41245BAC151D:[7c34c570-cc93-4d2d-95bb-ca6bff5b1acb:192.168.151.103:42543, a8f5f0f5-8e74-4dbd-a70c-5d164a949520:192.168.151.103:42561, 2c15b4bb-8004-40ae-ac45-1dc5514b42f4:192.168.151.103:40265] with ContainerStateMachine:uninitialized
2019-09-27 09:56:49,611 [pool-67-thread-1] INFO  server.RaftServerConfigKeys (ConfUtils.java:logGet(43)) - raft.server.sleep.deviation.threshold = 300 (default)
2019-09-27 09:56:49,612 [pool-57-thread-1] INFO  server.RaftServerConfigKeys (ConfUtils.java:logGet(43)) - raft.server.rpc.timeout.min = 5s (custom)
2019-09-27 09:56:49,612 [pool-67-thread-1] INFO  server.RaftServerConfigKeys (ConfUtils.java:logGet(43)) - raft.server.log.appender.install.snapshot.enabled = false (custom)
2019-09-27 09:56:49,612 [pool-57-thread-1] INFO  server.RaftServerConfigKeys (ConfUtils.java:logGet(43)) - raft.server.rpc.timeout.max = 5200ms (custom)
2019-09-27 09:56:49,612 [pool-67-thread-1] INFO  impl.RaftServerImpl (ServerState.java:<init>(103)) - a8f5f0f5-8e74-4dbd-a70c-5d164a949520@group-41245BAC151D: ConfigurationManager, init=-1: [7c34c570-cc93-4d2d-95bb-ca6bff5b1acb:192.168.151.103:42543, a8f5f0f5-8e74-4dbd-a70c-5d164a949520:192.168.151.103:42561, 2c15b4bb-8004-40ae-ac45-1dc5514b42f4:192.168.151.103:40265], old=null, confs=<EMPTY_MAP>
2019-09-27 09:56:49,612 [pool-57-thread-1] INFO  server.RaftServerConfigKeys (ConfUtils.java:logGet(43)) - raft.server.rpcslowness.timeout = 120s (custom)
2019-09-27 09:56:49,612 [pool-67-thread-1] INFO  server.RaftServerConfigKeys (ConfUtils.java:logGet(43)) - raft.server.storage.dir = [/workdir/hadoop-ozone/integration-test/target/test-dir/MiniOzoneClusterImpl-8eeacee4-f2ea-46c6-9d4b-1ae1fb96175b/datanode-4/data/ratis] (custom)
2019-09-27 09:56:49,612 [pool-57-thread-1] INFO  server.RaftServerConfigKeys (ConfUtils.java:logGet(43)) - raft.server.sleep.deviation.threshold = 300 (default)
2019-09-27 09:56:49,612 [pool-57-thread-1] INFO  server.RaftServerConfigKeys (ConfUtils.java:logGet(43)) - raft.server.log.appender.install.snapshot.enabled = false (custom)
2019-09-27 09:56:49,612 [pool-67-thread-1] INFO  storage.RaftStorageDirectory (RaftStorageDirectory.java:analyzeStorage(246)) - The storage directory /workdir/hadoop-ozone/integration-test/target/test-dir/MiniOzoneClusterImpl-8eeacee4-f2ea-46c6-9d4b-1ae1fb96175b/datanode-4/data/ratis/011b3abb-2049-4152-a86a-41245bac151d does not exist. Creating ...
2019-09-27 09:56:49,612 [pool-57-thread-1] INFO  impl.RaftServerImpl (ServerState.java:<init>(103)) - 7c34c570-cc93-4d2d-95bb-ca6bff5b1acb@group-41245BAC151D: ConfigurationManager, init=-1: [7c34c570-cc93-4d2d-95bb-ca6bff5b1acb:192.168.151.103:42543, a8f5f0f5-8e74-4dbd-a70c-5d164a949520:192.168.151.103:42561, 2c15b4bb-8004-40ae-ac45-1dc5514b42f4:192.168.151.103:40265], old=null, confs=<EMPTY_MAP>
2019-09-27 09:56:49,613 [pool-57-thread-1] INFO  server.RaftServerConfigKeys (ConfUtils.java:logGet(43)) - raft.server.storage.dir = [/workdir/hadoop-ozone/integration-test/target/test-dir/MiniOzoneClusterImpl-8eeacee4-f2ea-46c6-9d4b-1ae1fb96175b/datanode-3/data/ratis] (custom)
2019-09-27 09:56:49,613 [pool-57-thread-1] INFO  storage.RaftStorageDirectory (RaftStorageDirectory.java:analyzeStorage(246)) - The storage directory /workdir/hadoop-ozone/integration-test/target/test-dir/MiniOzoneClusterImpl-8eeacee4-f2ea-46c6-9d4b-1ae1fb96175b/datanode-3/data/ratis/011b3abb-2049-4152-a86a-41245bac151d does not exist. Creating ...
2019-09-27 09:56:49,625 [pool-57-thread-1] INFO  storage.RaftStorageDirectory (RaftStorageDirectory.java:tryLock(328)) - Lock on /workdir/hadoop-ozone/integration-test/target/test-dir/MiniOzoneClusterImpl-8eeacee4-f2ea-46c6-9d4b-1ae1fb96175b/datanode-3/data/ratis/011b3abb-2049-4152-a86a-41245bac151d/in_use.lock acquired by nodename 28830@pr-hdds2162-4fxhj-20988671
2019-09-27 09:56:49,625 [pool-67-thread-1] INFO  storage.RaftStorageDirectory (RaftStorageDirectory.java:tryLock(328)) - Lock on /workdir/hadoop-ozone/integration-test/target/test-dir/MiniOzoneClusterImpl-8eeacee4-f2ea-46c6-9d4b-1ae1fb96175b/datanode-4/data/ratis/011b3abb-2049-4152-a86a-41245bac151d/in_use.lock acquired by nodename 28830@pr-hdds2162-4fxhj-20988671
2019-09-27 09:56:49,625 [pool-27-thread-1] INFO  storage.RaftStorageDirectory (RaftStorageDirectory.java:tryLock(328)) - Lock on /workdir/hadoop-ozone/integration-test/target/test-dir/MiniOzoneClusterImpl-8eeacee4-f2ea-46c6-9d4b-1ae1fb96175b/datanode-0/data/ratis/011b3abb-2049-4152-a86a-41245bac151d/in_use.lock acquired by nodename 28830@pr-hdds2162-4fxhj-20988671
2019-09-27 09:56:49,650 [pool-27-thread-1] INFO  storage.RaftStorage (RaftStorage.java:format(72)) - Storage directory /workdir/hadoop-ozone/integration-test/target/test-dir/MiniOzoneClusterImpl-8eeacee4-f2ea-46c6-9d4b-1ae1fb96175b/datanode-0/data/ratis/011b3abb-2049-4152-a86a-41245bac151d has been successfully formatted.
2019-09-27 09:56:49,650 [pool-67-thread-1] INFO  storage.RaftStorage (RaftStorage.java:format(72)) - Storage directory /workdir/hadoop-ozone/integration-test/target/test-dir/MiniOzoneClusterImpl-8eeacee4-f2ea-46c6-9d4b-1ae1fb96175b/datanode-4/data/ratis/011b3abb-2049-4152-a86a-41245bac151d has been successfully formatted.
2019-09-27 09:56:49,650 [pool-57-thread-1] INFO  storage.RaftStorage (RaftStorage.java:format(72)) - Storage directory /workdir/hadoop-ozone/integration-test/target/test-dir/MiniOzoneClusterImpl-8eeacee4-f2ea-46c6-9d4b-1ae1fb96175b/datanode-3/data/ratis/011b3abb-2049-4152-a86a-41245bac151d has been successfully formatted.
2019-09-27 09:56:49,650 [pool-27-thread-1] INFO  ratis.ContainerStateMachine (ContainerStateMachine.java:loadSnapshot(230)) - group-41245BAC151D: The snapshot info is null. Setting the last applied indexto:(t:0, i:~)
2019-09-27 09:56:49,650 [pool-67-thread-1] INFO  ratis.ContainerStateMachine (ContainerStateMachine.java:loadSnapshot(230)) - group-41245BAC151D: The snapshot info is null. Setting the last applied indexto:(t:0, i:~)
2019-09-27 09:56:49,650 [pool-57-thread-1] INFO  ratis.ContainerStateMachine (ContainerStateMachine.java:loadSnapshot(230)) - group-41245BAC151D: The snapshot info is null. Setting the last applied indexto:(t:0, i:~)
2019-09-27 09:56:49,650 [pool-27-thread-1] INFO  server.RaftServerConfigKeys (ConfUtils.java:logGet(43)) - raft.server.notification.no-leader.timeout = 120s (custom)
2019-09-27 09:56:49,651 [pool-57-thread-1] INFO  server.RaftServerConfigKeys (ConfUtils.java:logGet(43)) - raft.server.notification.no-leader.timeout = 120s (custom)
2019-09-27 09:56:49,651 [pool-67-thread-1] INFO  server.RaftServerConfigKeys (ConfUtils.java:logGet(43)) - raft.server.notification.no-leader.timeout = 120s (custom)
2019-09-27 09:56:49,651 [pool-57-thread-1] INFO  server.RaftServerConfigKeys (ConfUtils.java:logGet(43)) - raft.server.log.use.memory = false (default)
2019-09-27 09:56:49,651 [pool-27-thread-1] INFO  server.RaftServerConfigKeys (ConfUtils.java:logGet(43)) - raft.server.log.use.memory = false (default)
2019-09-27 09:56:49,651 [pool-57-thread-1] INFO  server.RaftServerConfigKeys (ConfUtils.java:logGet(43)) - raft.server.log.purge.gap = 1000000 (custom)
2019-09-27 09:56:49,651 [pool-67-thread-1] INFO  server.RaftServerConfigKeys (ConfUtils.java:logGet(43)) - raft.server.log.use.memory = false (default)
2019-09-27 09:56:49,652 [pool-57-thread-1] INFO  server.RaftServerConfigKeys (ConfUtils.java:logGet(43)) - raft.server.log.appender.buffer.byte-limit = 33554432 (custom)
2019-09-27 09:56:49,652 [pool-27-thread-1] INFO  server.RaftServerConfigKeys (ConfUtils.java:logGet(43)) - raft.server.log.purge.gap = 1000000 (custom)
2019-09-27 09:56:49,652 [pool-57-thread-1] INFO  server.RaftServerConfigKeys (ConfUtils.java:logGet(43)) - raft.server.log.segment.size.max = 1048576 (custom)
2019-09-27 09:56:49,652 [pool-67-thread-1] INFO  server.RaftServerConfigKeys (ConfUtils.java:logGet(43)) - raft.server.log.purge.gap = 1000000 (custom)
2019-09-27 09:56:49,652 [pool-57-thread-1] INFO  server.RaftServerConfigKeys (ConfUtils.java:logGet(43)) - raft.server.log.segment.cache.num.max = 2 (custom)
2019-09-27 09:56:49,652 [pool-27-thread-1] INFO  server.RaftServerConfigKeys (ConfUtils.java:logGet(43)) - raft.server.log.appender.buffer.byte-limit = 33554432 (custom)
2019-09-27 09:56:49,653 [pool-57-thread-1] INFO  segmented.SegmentedRaftLogWorker (SegmentedRaftLogWorker.java:<init>(172)) - new 7c34c570-cc93-4d2d-95bb-ca6bff5b1acb@group-41245BAC151D-SegmentedRaftLogWorker for RaftStorage:Storage Directory /workdir/hadoop-ozone/integration-test/target/test-dir/MiniOzoneClusterImpl-8eeacee4-f2ea-46c6-9d4b-1ae1fb96175b/datanode-3/data/ratis/011b3abb-2049-4152-a86a-41245bac151d
2019-09-27 09:56:49,653 [pool-27-thread-1] INFO  server.RaftServerConfigKeys (ConfUtils.java:logGet(43)) - raft.server.log.segment.size.max = 1048576 (custom)
2019-09-27 09:56:49,652 [pool-67-thread-1] INFO  server.RaftServerConfigKeys (ConfUtils.java:logGet(43)) - raft.server.log.appender.buffer.byte-limit = 33554432 (custom)
2019-09-27 09:56:49,653 [pool-27-thread-1] INFO  server.RaftServerConfigKeys (ConfUtils.java:logGet(43)) - raft.server.log.segment.cache.num.max = 2 (custom)
2019-09-27 09:56:49,653 [pool-57-thread-1] INFO  server.RaftServerConfigKeys (ConfUtils.java:logGet(43)) - raft.server.log.queue.byte-limit = 2147483647 (custom)
2019-09-27 09:56:49,653 [pool-27-thread-1] INFO  segmented.SegmentedRaftLogWorker (SegmentedRaftLogWorker.java:<init>(172)) - new 2c15b4bb-8004-40ae-ac45-1dc5514b42f4@group-41245BAC151D-SegmentedRaftLogWorker for RaftStorage:Storage Directory /workdir/hadoop-ozone/integration-test/target/test-dir/MiniOzoneClusterImpl-8eeacee4-f2ea-46c6-9d4b-1ae1fb96175b/datanode-0/data/ratis/011b3abb-2049-4152-a86a-41245bac151d
2019-09-27 09:56:49,653 [pool-67-thread-1] INFO  server.RaftServerConfigKeys (ConfUtils.java:logGet(43)) - raft.server.log.segment.size.max = 1048576 (custom)
2019-09-27 09:56:49,653 [pool-27-thread-1] INFO  server.RaftServerConfigKeys (ConfUtils.java:logGet(43)) - raft.server.log.queue.byte-limit = 2147483647 (custom)
2019-09-27 09:56:49,653 [pool-57-thread-1] INFO  server.RaftServerConfigKeys (ConfUtils.java:logGet(43)) - raft.server.log.queue.element-limit = 1024 (custom)
2019-09-27 09:56:49,654 [pool-27-thread-1] INFO  server.RaftServerConfigKeys (ConfUtils.java:logGet(43)) - raft.server.log.queue.element-limit = 1024 (custom)
2019-09-27 09:56:49,654 [pool-67-thread-1] INFO  server.RaftServerConfigKeys (ConfUtils.java:logGet(43)) - raft.server.log.segment.cache.num.max = 2 (custom)
2019-09-27 09:56:49,654 [pool-27-thread-1] INFO  server.RaftServerConfigKeys (ConfUtils.java:logGet(43)) - raft.server.log.segment.size.max = 1048576 (custom)
2019-09-27 09:56:49,654 [pool-57-thread-1] INFO  server.RaftServerConfigKeys (ConfUtils.java:logGet(43)) - raft.server.log.segment.size.max = 1048576 (custom)
2019-09-27 09:56:49,654 [pool-27-thread-1] INFO  server.RaftServerConfigKeys (ConfUtils.java:logGet(43)) - raft.server.log.preallocated.size = 16384 (custom)
2019-09-27 09:56:49,654 [pool-67-thread-1] INFO  segmented.SegmentedRaftLogWorker (SegmentedRaftLogWorker.java:<init>(172)) - new a8f5f0f5-8e74-4dbd-a70c-5d164a949520@group-41245BAC151D-SegmentedRaftLogWorker for RaftStorage:Storage Directory /workdir/hadoop-ozone/integration-test/target/test-dir/MiniOzoneClusterImpl-8eeacee4-f2ea-46c6-9d4b-1ae1fb96175b/datanode-4/data/ratis/011b3abb-2049-4152-a86a-41245bac151d
2019-09-27 09:56:49,655 [pool-27-thread-1] INFO  server.RaftServerConfigKeys (ConfUtils.java:logGet(43)) - raft.server.log.write.buffer.size = 33554432 (custom)
2019-09-27 09:56:49,654 [pool-57-thread-1] INFO  server.RaftServerConfigKeys (ConfUtils.java:logGet(43)) - raft.server.log.preallocated.size = 16384 (custom)
2019-09-27 09:56:49,655 [pool-27-thread-1] INFO  server.RaftServerConfigKeys (ConfUtils.java:logGet(43)) - raft.server.log.force.sync.num = 128 (default)
2019-09-27 09:56:49,655 [pool-67-thread-1] INFO  server.RaftServerConfigKeys (ConfUtils.java:logGet(43)) - raft.server.log.queue.byte-limit = 2147483647 (custom)
2019-09-27 09:56:49,655 [pool-27-thread-1] INFO  server.RaftServerConfigKeys (ConfUtils.java:logGet(43)) - raft.server.log.statemachine.data.sync = true (default)
2019-09-27 09:56:49,655 [pool-57-thread-1] INFO  server.RaftServerConfigKeys (ConfUtils.java:logGet(43)) - raft.server.log.write.buffer.size = 33554432 (custom)
2019-09-27 09:56:49,655 [pool-27-thread-1] INFO  server.RaftServerConfigKeys (ConfUtils.java:logGet(43)) - raft.server.log.statemachine.data.sync.timeout = 10s (default)
2019-09-27 09:56:49,655 [pool-67-thread-1] INFO  server.RaftServerConfigKeys (ConfUtils.java:logGet(43)) - raft.server.log.queue.element-limit = 1024 (custom)
2019-09-27 09:56:49,656 [pool-27-thread-1] INFO  server.RaftServerConfigKeys (ConfUtils.java:logGet(43)) - raft.server.log.statemachine.data.sync.timeout.retry = -1 (default)
2019-09-27 09:56:49,656 [pool-57-thread-1] INFO  server.RaftServerConfigKeys (ConfUtils.java:logGet(43)) - raft.server.log.force.sync.num = 128 (default)
2019-09-27 09:56:49,656 [pool-27-thread-1] INFO  server.RaftServerConfigKeys (ConfUtils.java:logGet(43)) - raft.server.log.statemachine.data.caching.enabled = true (custom)
2019-09-27 09:56:49,656 [pool-67-thread-1] INFO  server.RaftServerConfigKeys (ConfUtils.java:logGet(43)) - raft.server.log.segment.size.max = 1048576 (custom)
2019-09-27 09:56:49,656 [pool-57-thread-1] INFO  server.RaftServerConfigKeys (ConfUtils.java:logGet(43)) - raft.server.log.statemachine.data.sync = true (default)
2019-09-27 09:56:49,656 [pool-27-thread-1] INFO  segmented.SegmentedRaftLogWorker (SegmentedRaftLogWorker.java:lambda$new$0(132)) - 2c15b4bb-8004-40ae-ac45-1dc5514b42f4@group-41245BAC151D-SegmentedRaftLogWorker: flushIndex: setUnconditionally 0 -> -1
2019-09-27 09:56:49,656 [pool-67-thread-1] INFO  server.RaftServerConfigKeys (ConfUtils.java:logGet(43)) - raft.server.log.preallocated.size = 16384 (custom)
2019-09-27 09:56:49,657 [pool-57-thread-1] INFO  server.RaftServerConfigKeys (ConfUtils.java:logGet(43)) - raft.server.log.statemachine.data.sync.timeout = 10s (default)
2019-09-27 09:56:49,657 [pool-67-thread-1] INFO  server.RaftServerConfigKeys (ConfUtils.java:logGet(43)) - raft.server.log.write.buffer.size = 33554432 (custom)
2019-09-27 09:56:49,657 [pool-27-thread-1] INFO  server.RaftServerConfigKeys (ConfUtils.java:logGet(43)) - raft.server.snapshot.auto.trigger.enabled = true (custom)
2019-09-27 09:56:49,657 [pool-67-thread-1] INFO  server.RaftServerConfigKeys (ConfUtils.java:logGet(43)) - raft.server.log.force.sync.num = 128 (default)
2019-09-27 09:56:49,657 [pool-57-thread-1] INFO  server.RaftServerConfigKeys (ConfUtils.java:logGet(43)) - raft.server.log.statemachine.data.sync.timeout.retry = -1 (default)
2019-09-27 09:56:49,657 [pool-67-thread-1] INFO  server.RaftServerConfigKeys (ConfUtils.java:logGet(43)) - raft.server.log.statemachine.data.sync = true (default)
2019-09-27 09:56:49,657 [pool-27-thread-1] INFO  server.RaftServerConfigKeys (ConfUtils.java:logGet(43)) - raft.server.snapshot.auto.trigger.threshold = 10000 (custom)
2019-09-27 09:56:49,658 [pool-67-thread-1] INFO  server.RaftServerConfigKeys (ConfUtils.java:logGet(43)) - raft.server.log.statemachine.data.sync.timeout = 10s (default)
2019-09-27 09:56:49,658 [pool-57-thread-1] INFO  server.RaftServerConfigKeys (ConfUtils.java:logGet(43)) - raft.server.log.statemachine.data.caching.enabled = true (custom)
2019-09-27 09:56:49,658 [pool-67-thread-1] INFO  server.RaftServerConfigKeys (ConfUtils.java:logGet(43)) - raft.server.log.statemachine.data.sync.timeout.retry = -1 (default)
2019-09-27 09:56:49,658 [pool-27-thread-1] INFO  server.RaftServerConfigKeys (ConfUtils.java:logGet(43)) - raft.server.snapshot.retention.num.files = 5 (custom)
2019-09-27 09:56:49,658 [pool-57-thread-1] INFO  segmented.SegmentedRaftLogWorker (SegmentedRaftLogWorker.java:lambda$new$0(132)) - 7c34c570-cc93-4d2d-95bb-ca6bff5b1acb@group-41245BAC151D-SegmentedRaftLogWorker: flushIndex: setUnconditionally 0 -> -1
2019-09-27 09:56:49,658 [pool-27-thread-1] INFO  server.RaftServerConfigKeys (ConfUtils.java:logGet(43)) - raft.server.retrycache.expirytime = 600000ms (custom)
2019-09-27 09:56:49,658 [pool-67-thread-1] INFO  server.RaftServerConfigKeys (ConfUtils.java:logGet(43)) - raft.server.log.statemachine.data.caching.enabled = true (custom)
2019-09-27 09:56:49,659 [pool-57-thread-1] INFO  server.RaftServerConfigKeys (ConfUtils.java:logGet(43)) - raft.server.snapshot.auto.trigger.enabled = true (custom)
2019-09-27 09:56:49,659 [pool-57-thread-1] INFO  server.RaftServerConfigKeys (ConfUtils.java:logGet(43)) - raft.server.snapshot.auto.trigger.threshold = 10000 (custom)
2019-09-27 09:56:49,659 [pool-67-thread-1] INFO  segmented.SegmentedRaftLogWorker (SegmentedRaftLogWorker.java:lambda$new$0(132)) - a8f5f0f5-8e74-4dbd-a70c-5d164a949520@group-41245BAC151D-SegmentedRaftLogWorker: flushIndex: setUnconditionally 0 -> -1
2019-09-27 09:56:49,659 [pool-57-thread-1] INFO  server.RaftServerConfigKeys (ConfUtils.java:logGet(43)) - raft.server.snapshot.retention.num.files = 5 (custom)
2019-09-27 09:56:49,659 [pool-67-thread-1] INFO  server.RaftServerConfigKeys (ConfUtils.java:logGet(43)) - raft.server.snapshot.auto.trigger.enabled = true (custom)
2019-09-27 09:56:49,660 [pool-57-thread-1] INFO  server.RaftServerConfigKeys (ConfUtils.java:logGet(43)) - raft.server.retrycache.expirytime = 600000ms (custom)
2019-09-27 09:56:49,660 [pool-67-thread-1] INFO  server.RaftServerConfigKeys (ConfUtils.java:logGet(43)) - raft.server.snapshot.auto.trigger.threshold = 10000 (custom)
2019-09-27 09:56:49,660 [pool-67-thread-1] INFO  server.RaftServerConfigKeys (ConfUtils.java:logGet(43)) - raft.server.snapshot.retention.num.files = 5 (custom)
2019-09-27 09:56:49,660 [pool-67-thread-1] INFO  server.RaftServerConfigKeys (ConfUtils.java:logGet(43)) - raft.server.retrycache.expirytime = 600000ms (custom)
2019-09-27 09:56:49,661 [pool-27-thread-1] INFO  impl.RaftServerImpl (RaftServerImpl.java:start(185)) - 2c15b4bb-8004-40ae-ac45-1dc5514b42f4@group-41245BAC151D: start as a follower, conf=-1: [7c34c570-cc93-4d2d-95bb-ca6bff5b1acb:192.168.151.103:42543, a8f5f0f5-8e74-4dbd-a70c-5d164a949520:192.168.151.103:42561, 2c15b4bb-8004-40ae-ac45-1dc5514b42f4:192.168.151.103:40265], old=null
2019-09-27 09:56:49,661 [pool-27-thread-1] INFO  impl.RaftServerImpl (RaftServerImpl.java:setRole(174)) - 2c15b4bb-8004-40ae-ac45-1dc5514b42f4@group-41245BAC151D: changes role from      null to FOLLOWER at term 0 for startAsFollower
2019-09-27 09:56:49,661 [pool-27-thread-1] INFO  impl.RoleInfo (RoleInfo.java:updateAndGet(143)) - 2c15b4bb-8004-40ae-ac45-1dc5514b42f4: start FollowerState
2019-09-27 09:56:49,662 [pool-27-thread-1] INFO  util.JmxRegister (JmxRegister.java:tryRegister(44)) - Successfully registered JMX Bean with object name Ratis:service=RaftServer,group=group-41245BAC151D,id=2c15b4bb-8004-40ae-ac45-1dc5514b42f4
2019-09-27 09:56:49,663 [pool-57-thread-1] INFO  impl.RaftServerImpl (RaftServerImpl.java:start(185)) - 7c34c570-cc93-4d2d-95bb-ca6bff5b1acb@group-41245BAC151D: start as a follower, conf=-1: [7c34c570-cc93-4d2d-95bb-ca6bff5b1acb:192.168.151.103:42543, a8f5f0f5-8e74-4dbd-a70c-5d164a949520:192.168.151.103:42561, 2c15b4bb-8004-40ae-ac45-1dc5514b42f4:192.168.151.103:40265], old=null
2019-09-27 09:56:49,663 [pool-57-thread-1] INFO  impl.RaftServerImpl (RaftServerImpl.java:setRole(174)) - 7c34c570-cc93-4d2d-95bb-ca6bff5b1acb@group-41245BAC151D: changes role from      null to FOLLOWER at term 0 for startAsFollower
2019-09-27 09:56:49,665 [pool-67-thread-1] INFO  impl.RaftServerImpl (RaftServerImpl.java:start(185)) - a8f5f0f5-8e74-4dbd-a70c-5d164a949520@group-41245BAC151D: start as a follower, conf=-1: [7c34c570-cc93-4d2d-95bb-ca6bff5b1acb:192.168.151.103:42543, a8f5f0f5-8e74-4dbd-a70c-5d164a949520:192.168.151.103:42561, 2c15b4bb-8004-40ae-ac45-1dc5514b42f4:192.168.151.103:40265], old=null
2019-09-27 09:56:49,665 [pool-57-thread-1] INFO  impl.RoleInfo (RoleInfo.java:updateAndGet(143)) - 7c34c570-cc93-4d2d-95bb-ca6bff5b1acb: start FollowerState
2019-09-27 09:56:49,665 [pool-67-thread-1] INFO  impl.RaftServerImpl (RaftServerImpl.java:setRole(174)) - a8f5f0f5-8e74-4dbd-a70c-5d164a949520@group-41245BAC151D: changes role from      null to FOLLOWER at term 0 for startAsFollower
2019-09-27 09:56:49,675 [pool-67-thread-1] INFO  impl.RoleInfo (RoleInfo.java:updateAndGet(143)) - a8f5f0f5-8e74-4dbd-a70c-5d164a949520: start FollowerState
2019-09-27 09:56:49,675 [pool-57-thread-1] INFO  util.JmxRegister (JmxRegister.java:tryRegister(44)) - Successfully registered JMX Bean with object name Ratis:service=RaftServer,group=group-41245BAC151D,id=7c34c570-cc93-4d2d-95bb-ca6bff5b1acb
2019-09-27 09:56:49,676 [pool-67-thread-1] INFO  util.JmxRegister (JmxRegister.java:tryRegister(44)) - Successfully registered JMX Bean with object name Ratis:service=RaftServer,group=group-41245BAC151D,id=a8f5f0f5-8e74-4dbd-a70c-5d164a949520
2019-09-27 09:56:49,685 [RatisPipelineUtilsThread] INFO  pipeline.PipelineStateManager (PipelineStateManager.java:addPipeline(56)) - Created pipeline Pipeline[ Id: 011b3abb-2049-4152-a86a-41245bac151d, Nodes: a8f5f0f5-8e74-4dbd-a70c-5d164a949520{ip: 192.168.151.103, host: pr-hdds2162-4fxhj-20988671, networkLocation: /default-rack, certSerialId: null}7c34c570-cc93-4d2d-95bb-ca6bff5b1acb{ip: 192.168.151.103, host: pr-hdds2162-4fxhj-20988671, networkLocation: /default-rack, certSerialId: null}2c15b4bb-8004-40ae-ac45-1dc5514b42f4{ip: 192.168.151.103, host: pr-hdds2162-4fxhj-20988671, networkLocation: /default-rack, certSerialId: null}, Type:RATIS, Factor:THREE, State:OPEN]
2019-09-27 09:56:49,713 [grpc-default-executor-2] INFO  impl.RaftServerProxy (RaftServerProxy.java:addNew(89)) - ebd02079-cc9f-48d7-8c8e-ec4136f19434: addNew group-B6E36139D1C6:[a5178916-7f43-4d44-a33e-8aed6c9e8814:192.168.151.103:34011, ebd02079-cc9f-48d7-8c8e-ec4136f19434:192.168.151.103:42859, 314e6693-f7ac-41e1-8044-5e96ad768d09:192.168.151.103:33493] returns group-B6E36139D1C6:java.util.concurrent.CompletableFuture@197d2f0f[Not completed]
2019-09-27 09:56:49,714 [grpc-default-executor-0] INFO  impl.RaftServerProxy (RaftServerProxy.java:addNew(89)) - a5178916-7f43-4d44-a33e-8aed6c9e8814: addNew group-B6E36139D1C6:[a5178916-7f43-4d44-a33e-8aed6c9e8814:192.168.151.103:34011, ebd02079-cc9f-48d7-8c8e-ec4136f19434:192.168.151.103:42859, 314e6693-f7ac-41e1-8044-5e96ad768d09:192.168.151.103:33493] returns group-B6E36139D1C6:java.util.concurrent.CompletableFuture@b1efad6[Not completed]
2019-09-27 09:56:49,714 [grpc-default-executor-1] INFO  impl.RaftServerProxy (RaftServerProxy.java:addNew(89)) - 314e6693-f7ac-41e1-8044-5e96ad768d09: addNew group-B6E36139D1C6:[a5178916-7f43-4d44-a33e-8aed6c9e8814:192.168.151.103:34011, ebd02079-cc9f-48d7-8c8e-ec4136f19434:192.168.151.103:42859, 314e6693-f7ac-41e1-8044-5e96ad768d09:192.168.151.103:33493] returns group-B6E36139D1C6:java.util.concurrent.CompletableFuture@59c9eb9c[Not completed]
2019-09-27 09:56:49,717 [pool-87-thread-1] INFO  impl.RaftServerImpl (RaftServerImpl.java:<init>(95)) - ebd02079-cc9f-48d7-8c8e-ec4136f19434: new RaftServerImpl for group-B6E36139D1C6:[a5178916-7f43-4d44-a33e-8aed6c9e8814:192.168.151.103:34011, ebd02079-cc9f-48d7-8c8e-ec4136f19434:192.168.151.103:42859, 314e6693-f7ac-41e1-8044-5e96ad768d09:192.168.151.103:33493] with ContainerStateMachine:uninitialized
2019-09-27 09:56:49,718 [pool-87-thread-1] INFO  server.RaftServerConfigKeys (ConfUtils.java:logGet(43)) - raft.server.rpc.timeout.min = 5s (custom)
2019-09-27 09:56:49,718 [pool-87-thread-1] INFO  server.RaftServerConfigKeys (ConfUtils.java:logGet(43)) - raft.server.rpc.timeout.max = 5200ms (custom)
2019-09-27 09:56:49,718 [pool-87-thread-1] INFO  server.RaftServerConfigKeys (ConfUtils.java:logGet(43)) - raft.server.rpcslowness.timeout = 120s (custom)
2019-09-27 09:56:49,718 [pool-87-thread-1] INFO  server.RaftServerConfigKeys (ConfUtils.java:logGet(43)) - raft.server.sleep.deviation.threshold = 300 (default)
2019-09-27 09:56:49,718 [pool-87-thread-1] INFO  server.RaftServerConfigKeys (ConfUtils.java:logGet(43)) - raft.server.log.appender.install.snapshot.enabled = false (custom)
2019-09-27 09:56:49,718 [pool-87-thread-1] INFO  impl.RaftServerImpl (ServerState.java:<init>(103)) - ebd02079-cc9f-48d7-8c8e-ec4136f19434@group-B6E36139D1C6: ConfigurationManager, init=-1: [a5178916-7f43-4d44-a33e-8aed6c9e8814:192.168.151.103:34011, ebd02079-cc9f-48d7-8c8e-ec4136f19434:192.168.151.103:42859, 314e6693-f7ac-41e1-8044-5e96ad768d09:192.168.151.103:33493], old=null, confs=<EMPTY_MAP>
2019-09-27 09:56:49,718 [pool-97-thread-1] INFO  impl.RaftServerImpl (RaftServerImpl.java:<init>(95)) - 314e6693-f7ac-41e1-8044-5e96ad768d09: new RaftServerImpl for group-B6E36139D1C6:[a5178916-7f43-4d44-a33e-8aed6c9e8814:192.168.151.103:34011, ebd02079-cc9f-48d7-8c8e-ec4136f19434:192.168.151.103:42859, 314e6693-f7ac-41e1-8044-5e96ad768d09:192.168.151.103:33493] with ContainerStateMachine:uninitialized
2019-09-27 09:56:49,719 [pool-87-thread-1] INFO  server.RaftServerConfigKeys (ConfUtils.java:logGet(43)) - raft.server.storage.dir = [/workdir/hadoop-ozone/integration-test/target/test-dir/MiniOzoneClusterImpl-8eeacee4-f2ea-46c6-9d4b-1ae1fb96175b/datanode-6/data/ratis] (custom)
2019-09-27 09:56:49,719 [pool-97-thread-1] INFO  server.RaftServerConfigKeys (ConfUtils.java:logGet(43)) - raft.server.rpc.timeout.min = 5s (custom)
2019-09-27 09:56:49,719 [pool-97-thread-1] INFO  server.RaftServerConfigKeys (ConfUtils.java:logGet(43)) - raft.server.rpc.timeout.max = 5200ms (custom)
2019-09-27 09:56:49,719 [pool-97-thread-1] INFO  server.RaftServerConfigKeys (ConfUtils.java:logGet(43)) - raft.server.rpcslowness.timeout = 120s (custom)
2019-09-27 09:56:49,719 [pool-97-thread-1] INFO  server.RaftServerConfigKeys (ConfUtils.java:logGet(43)) - raft.server.sleep.deviation.threshold = 300 (default)
2019-09-27 09:56:49,719 [pool-87-thread-1] INFO  storage.RaftStorageDirectory (RaftStorageDirectory.java:analyzeStorage(246)) - The storage directory /workdir/hadoop-ozone/integration-test/target/test-dir/MiniOzoneClusterImpl-8eeacee4-f2ea-46c6-9d4b-1ae1fb96175b/datanode-6/data/ratis/34615f02-a4be-4a83-9a80-b6e36139d1c6 does not exist. Creating ...
2019-09-27 09:56:49,719 [pool-97-thread-1] INFO  server.RaftServerConfigKeys (ConfUtils.java:logGet(43)) - raft.server.log.appender.install.snapshot.enabled = false (custom)
2019-09-27 09:56:49,719 [pool-77-thread-1] INFO  impl.RaftServerImpl (RaftServerImpl.java:<init>(95)) - a5178916-7f43-4d44-a33e-8aed6c9e8814: new RaftServerImpl for group-B6E36139D1C6:[a5178916-7f43-4d44-a33e-8aed6c9e8814:192.168.151.103:34011, ebd02079-cc9f-48d7-8c8e-ec4136f19434:192.168.151.103:42859, 314e6693-f7ac-41e1-8044-5e96ad768d09:192.168.151.103:33493] with ContainerStateMachine:uninitialized
2019-09-27 09:56:49,719 [pool-97-thread-1] INFO  impl.RaftServerImpl (ServerState.java:<init>(103)) - 314e6693-f7ac-41e1-8044-5e96ad768d09@group-B6E36139D1C6: ConfigurationManager, init=-1: [a5178916-7f43-4d44-a33e-8aed6c9e8814:192.168.151.103:34011, ebd02079-cc9f-48d7-8c8e-ec4136f19434:192.168.151.103:42859, 314e6693-f7ac-41e1-8044-5e96ad768d09:192.168.151.103:33493], old=null, confs=<EMPTY_MAP>
2019-09-27 09:56:49,719 [pool-77-thread-1] INFO  server.RaftServerConfigKeys (ConfUtils.java:logGet(43)) - raft.server.rpc.timeout.min = 5s (custom)
2019-09-27 09:56:49,720 [pool-97-thread-1] INFO  server.RaftServerConfigKeys (ConfUtils.java:logGet(43)) - raft.server.storage.dir = [/workdir/hadoop-ozone/integration-test/target/test-dir/MiniOzoneClusterImpl-8eeacee4-f2ea-46c6-9d4b-1ae1fb96175b/datanode-7/data/ratis] (custom)
2019-09-27 09:56:49,720 [pool-77-thread-1] INFO  server.RaftServerConfigKeys (ConfUtils.java:logGet(43)) - raft.server.rpc.timeout.max = 5200ms (custom)
2019-09-27 09:56:49,720 [pool-77-thread-1] INFO  server.RaftServerConfigKeys (ConfUtils.java:logGet(43)) - raft.server.rpcslowness.timeout = 120s (custom)
2019-09-27 09:56:49,720 [pool-97-thread-1] INFO  storage.RaftStorageDirectory (RaftStorageDirectory.java:analyzeStorage(246)) - The storage directory /workdir/hadoop-ozone/integration-test/target/test-dir/MiniOzoneClusterImpl-8eeacee4-f2ea-46c6-9d4b-1ae1fb96175b/datanode-7/data/ratis/34615f02-a4be-4a83-9a80-b6e36139d1c6 does not exist. Creating ...
2019-09-27 09:56:49,720 [pool-77-thread-1] INFO  server.RaftServerConfigKeys (ConfUtils.java:logGet(43)) - raft.server.sleep.deviation.threshold = 300 (default)
2019-09-27 09:56:49,720 [pool-77-thread-1] INFO  server.RaftServerConfigKeys (ConfUtils.java:logGet(43)) - raft.server.log.appender.install.snapshot.enabled = false (custom)
2019-09-27 09:56:49,720 [pool-77-thread-1] INFO  impl.RaftServerImpl (ServerState.java:<init>(103)) - a5178916-7f43-4d44-a33e-8aed6c9e8814@group-B6E36139D1C6: ConfigurationManager, init=-1: [a5178916-7f43-4d44-a33e-8aed6c9e8814:192.168.151.103:34011, ebd02079-cc9f-48d7-8c8e-ec4136f19434:192.168.151.103:42859, 314e6693-f7ac-41e1-8044-5e96ad768d09:192.168.151.103:33493], old=null, confs=<EMPTY_MAP>
2019-09-27 09:56:49,721 [pool-77-thread-1] INFO  server.RaftServerConfigKeys (ConfUtils.java:logGet(43)) - raft.server.storage.dir = [/workdir/hadoop-ozone/integration-test/target/test-dir/MiniOzoneClusterImpl-8eeacee4-f2ea-46c6-9d4b-1ae1fb96175b/datanode-5/data/ratis] (custom)
2019-09-27 09:56:49,721 [pool-77-thread-1] INFO  storage.RaftStorageDirectory (RaftStorageDirectory.java:analyzeStorage(246)) - The storage directory /workdir/hadoop-ozone/integration-test/target/test-dir/MiniOzoneClusterImpl-8eeacee4-f2ea-46c6-9d4b-1ae1fb96175b/datanode-5/data/ratis/34615f02-a4be-4a83-9a80-b6e36139d1c6 does not exist. Creating ...
2019-09-27 09:56:49,745 [pool-97-thread-1] INFO  storage.RaftStorageDirectory (RaftStorageDirectory.java:tryLock(328)) - Lock on /workdir/hadoop-ozone/integration-test/target/test-dir/MiniOzoneClusterImpl-8eeacee4-f2ea-46c6-9d4b-1ae1fb96175b/datanode-7/data/ratis/34615f02-a4be-4a83-9a80-b6e36139d1c6/in_use.lock acquired by nodename 28830@pr-hdds2162-4fxhj-20988671
2019-09-27 09:56:49,745 [pool-77-thread-1] INFO  storage.RaftStorageDirectory (RaftStorageDirectory.java:tryLock(328)) - Lock on /workdir/hadoop-ozone/integration-test/target/test-dir/MiniOzoneClusterImpl-8eeacee4-f2ea-46c6-9d4b-1ae1fb96175b/datanode-5/data/ratis/34615f02-a4be-4a83-9a80-b6e36139d1c6/in_use.lock acquired by nodename 28830@pr-hdds2162-4fxhj-20988671
2019-09-27 09:56:49,745 [pool-87-thread-1] INFO  storage.RaftStorageDirectory (RaftStorageDirectory.java:tryLock(328)) - Lock on /workdir/hadoop-ozone/integration-test/target/test-dir/MiniOzoneClusterImpl-8eeacee4-f2ea-46c6-9d4b-1ae1fb96175b/datanode-6/data/ratis/34615f02-a4be-4a83-9a80-b6e36139d1c6/in_use.lock acquired by nodename 28830@pr-hdds2162-4fxhj-20988671
2019-09-27 09:56:49,765 [pool-97-thread-1] INFO  storage.RaftStorage (RaftStorage.java:format(72)) - Storage directory /workdir/hadoop-ozone/integration-test/target/test-dir/MiniOzoneClusterImpl-8eeacee4-f2ea-46c6-9d4b-1ae1fb96175b/datanode-7/data/ratis/34615f02-a4be-4a83-9a80-b6e36139d1c6 has been successfully formatted.
2019-09-27 09:56:49,765 [pool-87-thread-1] INFO  storage.RaftStorage (RaftStorage.java:format(72)) - Storage directory /workdir/hadoop-ozone/integration-test/target/test-dir/MiniOzoneClusterImpl-8eeacee4-f2ea-46c6-9d4b-1ae1fb96175b/datanode-6/data/ratis/34615f02-a4be-4a83-9a80-b6e36139d1c6 has been successfully formatted.
2019-09-27 09:56:49,765 [pool-77-thread-1] INFO  storage.RaftStorage (RaftStorage.java:format(72)) - Storage directory /workdir/hadoop-ozone/integration-test/target/test-dir/MiniOzoneClusterImpl-8eeacee4-f2ea-46c6-9d4b-1ae1fb96175b/datanode-5/data/ratis/34615f02-a4be-4a83-9a80-b6e36139d1c6 has been successfully formatted.
2019-09-27 09:56:49,766 [pool-87-thread-1] INFO  ratis.ContainerStateMachine (ContainerStateMachine.java:loadSnapshot(230)) - group-B6E36139D1C6: The snapshot info is null. Setting the last applied indexto:(t:0, i:~)
2019-09-27 09:56:49,766 [pool-97-thread-1] INFO  ratis.ContainerStateMachine (ContainerStateMachine.java:loadSnapshot(230)) - group-B6E36139D1C6: The snapshot info is null. Setting the last applied indexto:(t:0, i:~)
2019-09-27 09:56:49,766 [pool-77-thread-1] INFO  ratis.ContainerStateMachine (ContainerStateMachine.java:loadSnapshot(230)) - group-B6E36139D1C6: The snapshot info is null. Setting the last applied indexto:(t:0, i:~)
2019-09-27 09:56:49,766 [pool-87-thread-1] INFO  server.RaftServerConfigKeys (ConfUtils.java:logGet(43)) - raft.server.notification.no-leader.timeout = 120s (custom)
2019-09-27 09:56:49,766 [pool-77-thread-1] INFO  server.RaftServerConfigKeys (ConfUtils.java:logGet(43)) - raft.server.notification.no-leader.timeout = 120s (custom)
2019-09-27 09:56:49,766 [pool-97-thread-1] INFO  server.RaftServerConfigKeys (ConfUtils.java:logGet(43)) - raft.server.notification.no-leader.timeout = 120s (custom)
2019-09-27 09:56:49,766 [pool-77-thread-1] INFO  server.RaftServerConfigKeys (ConfUtils.java:logGet(43)) - raft.server.log.use.memory = false (default)
2019-09-27 09:56:49,766 [pool-87-thread-1] INFO  server.RaftServerConfigKeys (ConfUtils.java:logGet(43)) - raft.server.log.use.memory = false (default)
2019-09-27 09:56:49,767 [pool-77-thread-1] INFO  server.RaftServerConfigKeys (ConfUtils.java:logGet(43)) - raft.server.log.purge.gap = 1000000 (custom)
2019-09-27 09:56:49,767 [pool-97-thread-1] INFO  server.RaftServerConfigKeys (ConfUtils.java:logGet(43)) - raft.server.log.use.memory = false (default)
2019-09-27 09:56:49,767 [pool-77-thread-1] INFO  server.RaftServerConfigKeys (ConfUtils.java:logGet(43)) - raft.server.log.appender.buffer.byte-limit = 33554432 (custom)
2019-09-27 09:56:49,767 [pool-87-thread-1] INFO  server.RaftServerConfigKeys (ConfUtils.java:logGet(43)) - raft.server.log.purge.gap = 1000000 (custom)
2019-09-27 09:56:49,767 [pool-77-thread-1] INFO  server.RaftServerConfigKeys (ConfUtils.java:logGet(43)) - raft.server.log.segment.size.max = 1048576 (custom)
2019-09-27 09:56:49,767 [pool-97-thread-1] INFO  server.RaftServerConfigKeys (ConfUtils.java:logGet(43)) - raft.server.log.purge.gap = 1000000 (custom)
2019-09-27 09:56:49,767 [pool-77-thread-1] INFO  server.RaftServerConfigKeys (ConfUtils.java:logGet(43)) - raft.server.log.segment.cache.num.max = 2 (custom)
2019-09-27 09:56:49,767 [pool-87-thread-1] INFO  server.RaftServerConfigKeys (ConfUtils.java:logGet(43)) - raft.server.log.appender.buffer.byte-limit = 33554432 (custom)
2019-09-27 09:56:49,768 [pool-77-thread-1] INFO  segmented.SegmentedRaftLogWorker (SegmentedRaftLogWorker.java:<init>(172)) - new a5178916-7f43-4d44-a33e-8aed6c9e8814@group-B6E36139D1C6-SegmentedRaftLogWorker for RaftStorage:Storage Directory /workdir/hadoop-ozone/integration-test/target/test-dir/MiniOzoneClusterImpl-8eeacee4-f2ea-46c6-9d4b-1ae1fb96175b/datanode-5/data/ratis/34615f02-a4be-4a83-9a80-b6e36139d1c6
2019-09-27 09:56:49,768 [pool-97-thread-1] INFO  server.RaftServerConfigKeys (ConfUtils.java:logGet(43)) - raft.server.log.appender.buffer.byte-limit = 33554432 (custom)
2019-09-27 09:56:49,768 [pool-77-thread-1] INFO  server.RaftServerConfigKeys (ConfUtils.java:logGet(43)) - raft.server.log.queue.byte-limit = 2147483647 (custom)
2019-09-27 09:56:49,768 [pool-87-thread-1] INFO  server.RaftServerConfigKeys (ConfUtils.java:logGet(43)) - raft.server.log.segment.size.max = 1048576 (custom)
2019-09-27 09:56:49,768 [pool-77-thread-1] INFO  server.RaftServerConfigKeys (ConfUtils.java:logGet(43)) - raft.server.log.queue.element-limit = 1024 (custom)
2019-09-27 09:56:49,768 [pool-97-thread-1] INFO  server.RaftServerConfigKeys (ConfUtils.java:logGet(43)) - raft.server.log.segment.size.max = 1048576 (custom)
2019-09-27 09:56:49,769 [pool-77-thread-1] INFO  server.RaftServerConfigKeys (ConfUtils.java:logGet(43)) - raft.server.log.segment.size.max = 1048576 (custom)
2019-09-27 09:56:49,768 [pool-87-thread-1] INFO  server.RaftServerConfigKeys (ConfUtils.java:logGet(43)) - raft.server.log.segment.cache.num.max = 2 (custom)
2019-09-27 09:56:49,769 [pool-77-thread-1] INFO  server.RaftServerConfigKeys (ConfUtils.java:logGet(43)) - raft.server.log.preallocated.size = 16384 (custom)
2019-09-27 09:56:49,769 [pool-97-thread-1] INFO  server.RaftServerConfigKeys (ConfUtils.java:logGet(43)) - raft.server.log.segment.cache.num.max = 2 (custom)
2019-09-27 09:56:49,769 [pool-77-thread-1] INFO  server.RaftServerConfigKeys (ConfUtils.java:logGet(43)) - raft.server.log.write.buffer.size = 33554432 (custom)
2019-09-27 09:56:49,769 [pool-87-thread-1] INFO  segmented.SegmentedRaftLogWorker (SegmentedRaftLogWorker.java:<init>(172)) - new ebd02079-cc9f-48d7-8c8e-ec4136f19434@group-B6E36139D1C6-SegmentedRaftLogWorker for RaftStorage:Storage Directory /workdir/hadoop-ozone/integration-test/target/test-dir/MiniOzoneClusterImpl-8eeacee4-f2ea-46c6-9d4b-1ae1fb96175b/datanode-6/data/ratis/34615f02-a4be-4a83-9a80-b6e36139d1c6
2019-09-27 09:56:49,769 [pool-77-thread-1] INFO  server.RaftServerConfigKeys (ConfUtils.java:logGet(43)) - raft.server.log.force.sync.num = 128 (default)
2019-09-27 09:56:49,769 [pool-97-thread-1] INFO  segmented.SegmentedRaftLogWorker (SegmentedRaftLogWorker.java:<init>(172)) - new 314e6693-f7ac-41e1-8044-5e96ad768d09@group-B6E36139D1C6-SegmentedRaftLogWorker for RaftStorage:Storage Directory /workdir/hadoop-ozone/integration-test/target/test-dir/MiniOzoneClusterImpl-8eeacee4-f2ea-46c6-9d4b-1ae1fb96175b/datanode-7/data/ratis/34615f02-a4be-4a83-9a80-b6e36139d1c6
2019-09-27 09:56:49,770 [pool-77-thread-1] INFO  server.RaftServerConfigKeys (ConfUtils.java:logGet(43)) - raft.server.log.statemachine.data.sync = true (default)
2019-09-27 09:56:49,770 [pool-87-thread-1] INFO  server.RaftServerConfigKeys (ConfUtils.java:logGet(43)) - raft.server.log.queue.byte-limit = 2147483647 (custom)
2019-09-27 09:56:49,770 [pool-77-thread-1] INFO  server.RaftServerConfigKeys (ConfUtils.java:logGet(43)) - raft.server.log.statemachine.data.sync.timeout = 10s (default)
2019-09-27 09:56:49,770 [pool-97-thread-1] INFO  server.RaftServerConfigKeys (ConfUtils.java:logGet(43)) - raft.server.log.queue.byte-limit = 2147483647 (custom)
2019-09-27 09:56:49,770 [pool-77-thread-1] INFO  server.RaftServerConfigKeys (ConfUtils.java:logGet(43)) - raft.server.log.statemachine.data.sync.timeout.retry = -1 (default)
2019-09-27 09:56:49,770 [pool-87-thread-1] INFO  server.RaftServerConfigKeys (ConfUtils.java:logGet(43)) - raft.server.log.queue.element-limit = 1024 (custom)
2019-09-27 09:56:49,771 [pool-77-thread-1] INFO  server.RaftServerConfigKeys (ConfUtils.java:logGet(43)) - raft.server.log.statemachine.data.caching.enabled = true (custom)
2019-09-27 09:56:49,770 [pool-97-thread-1] INFO  server.RaftServerConfigKeys (ConfUtils.java:logGet(43)) - raft.server.log.queue.element-limit = 1024 (custom)
2019-09-27 09:56:49,771 [pool-87-thread-1] INFO  server.RaftServerConfigKeys (ConfUtils.java:logGet(43)) - raft.server.log.segment.size.max = 1048576 (custom)
2019-09-27 09:56:49,771 [pool-97-thread-1] INFO  server.RaftServerConfigKeys (ConfUtils.java:logGet(43)) - raft.server.log.segment.size.max = 1048576 (custom)
2019-09-27 09:56:49,771 [pool-77-thread-1] INFO  segmented.SegmentedRaftLogWorker (SegmentedRaftLogWorker.java:lambda$new$0(132)) - a5178916-7f43-4d44-a33e-8aed6c9e8814@group-B6E36139D1C6-SegmentedRaftLogWorker: flushIndex: setUnconditionally 0 -> -1
2019-09-27 09:56:49,771 [pool-97-thread-1] INFO  server.RaftServerConfigKeys (ConfUtils.java:logGet(43)) - raft.server.log.preallocated.size = 16384 (custom)
2019-09-27 09:56:49,771 [pool-87-thread-1] INFO  server.RaftServerConfigKeys (ConfUtils.java:logGet(43)) - raft.server.log.preallocated.size = 16384 (custom)
2019-09-27 09:56:49,772 [pool-97-thread-1] INFO  server.RaftServerConfigKeys (ConfUtils.java:logGet(43)) - raft.server.log.write.buffer.size = 33554432 (custom)
2019-09-27 09:56:49,772 [pool-77-thread-1] INFO  server.RaftServerConfigKeys (ConfUtils.java:logGet(43)) - raft.server.snapshot.auto.trigger.enabled = true (custom)
2019-09-27 09:56:49,772 [pool-97-thread-1] INFO  server.RaftServerConfigKeys (ConfUtils.java:logGet(43)) - raft.server.log.force.sync.num = 128 (default)
2019-09-27 09:56:49,772 [pool-87-thread-1] INFO  server.RaftServerConfigKeys (ConfUtils.java:logGet(43)) - raft.server.log.write.buffer.size = 33554432 (custom)
2019-09-27 09:56:49,772 [pool-97-thread-1] INFO  server.RaftServerConfigKeys (ConfUtils.java:logGet(43)) - raft.server.log.statemachine.data.sync = true (default)
2019-09-27 09:56:49,772 [pool-77-thread-1] INFO  server.RaftServerConfigKeys (ConfUtils.java:logGet(43)) - raft.server.snapshot.auto.trigger.threshold = 10000 (custom)
2019-09-27 09:56:49,773 [pool-97-thread-1] INFO  server.RaftServerConfigKeys (ConfUtils.java:logGet(43)) - raft.server.log.statemachine.data.sync.timeout = 10s (default)
2019-09-27 09:56:49,772 [pool-87-thread-1] INFO  server.RaftServerConfigKeys (ConfUtils.java:logGet(43)) - raft.server.log.force.sync.num = 128 (default)
2019-09-27 09:56:49,773 [pool-97-thread-1] INFO  server.RaftServerConfigKeys (ConfUtils.java:logGet(43)) - raft.server.log.statemachine.data.sync.timeout.retry = -1 (default)
2019-09-27 09:56:49,773 [pool-77-thread-1] INFO  server.RaftServerConfigKeys (ConfUtils.java:logGet(43)) - raft.server.snapshot.retention.num.files = 5 (custom)
2019-09-27 09:56:49,773 [pool-97-thread-1] INFO  server.RaftServerConfigKeys (ConfUtils.java:logGet(43)) - raft.server.log.statemachine.data.caching.enabled = true (custom)
2019-09-27 09:56:49,773 [pool-87-thread-1] INFO  server.RaftServerConfigKeys (ConfUtils.java:logGet(43)) - raft.server.log.statemachine.data.sync = true (default)
2019-09-27 09:56:49,773 [pool-77-thread-1] INFO  server.RaftServerConfigKeys (ConfUtils.java:logGet(43)) - raft.server.retrycache.expirytime = 600000ms (custom)
2019-09-27 09:56:49,774 [pool-97-thread-1] INFO  segmented.SegmentedRaftLogWorker (SegmentedRaftLogWorker.java:lambda$new$0(132)) - 314e6693-f7ac-41e1-8044-5e96ad768d09@group-B6E36139D1C6-SegmentedRaftLogWorker: flushIndex: setUnconditionally 0 -> -1
2019-09-27 09:56:49,774 [pool-87-thread-1] INFO  server.RaftServerConfigKeys (ConfUtils.java:logGet(43)) - raft.server.log.statemachine.data.sync.timeout = 10s (default)
2019-09-27 09:56:49,774 [pool-87-thread-1] INFO  server.RaftServerConfigKeys (ConfUtils.java:logGet(43)) - raft.server.log.statemachine.data.sync.timeout.retry = -1 (default)
2019-09-27 09:56:49,774 [pool-97-thread-1] INFO  server.RaftServerConfigKeys (ConfUtils.java:logGet(43)) - raft.server.snapshot.auto.trigger.enabled = true (custom)
2019-09-27 09:56:49,774 [pool-87-thread-1] INFO  server.RaftServerConfigKeys (ConfUtils.java:logGet(43)) - raft.server.log.statemachine.data.caching.enabled = true (custom)
2019-09-27 09:56:49,774 [pool-97-thread-1] INFO  server.RaftServerConfigKeys (ConfUtils.java:logGet(43)) - raft.server.snapshot.auto.trigger.threshold = 10000 (custom)
2019-09-27 09:56:49,775 [pool-97-thread-1] INFO  server.RaftServerConfigKeys (ConfUtils.java:logGet(43)) - raft.server.snapshot.retention.num.files = 5 (custom)
2019-09-27 09:56:49,775 [pool-87-thread-1] INFO  segmented.SegmentedRaftLogWorker (SegmentedRaftLogWorker.java:lambda$new$0(132)) - ebd02079-cc9f-48d7-8c8e-ec4136f19434@group-B6E36139D1C6-SegmentedRaftLogWorker: flushIndex: setUnconditionally 0 -> -1
2019-09-27 09:56:49,775 [pool-97-thread-1] INFO  server.RaftServerConfigKeys (ConfUtils.java:logGet(43)) - raft.server.retrycache.expirytime = 600000ms (custom)
2019-09-27 09:56:49,775 [pool-87-thread-1] INFO  server.RaftServerConfigKeys (ConfUtils.java:logGet(43)) - raft.server.snapshot.auto.trigger.enabled = true (custom)
2019-09-27 09:56:49,775 [pool-87-thread-1] INFO  server.RaftServerConfigKeys (ConfUtils.java:logGet(43)) - raft.server.snapshot.auto.trigger.threshold = 10000 (custom)
2019-09-27 09:56:49,776 [pool-87-thread-1] INFO  server.RaftServerConfigKeys (ConfUtils.java:logGet(43)) - raft.server.snapshot.retention.num.files = 5 (custom)
2019-09-27 09:56:49,776 [pool-87-thread-1] INFO  server.RaftServerConfigKeys (ConfUtils.java:logGet(43)) - raft.server.retrycache.expirytime = 600000ms (custom)
2019-09-27 09:56:49,776 [pool-77-thread-1] INFO  impl.RaftServerImpl (RaftServerImpl.java:start(185)) - a5178916-7f43-4d44-a33e-8aed6c9e8814@group-B6E36139D1C6: start as a follower, conf=-1: [a5178916-7f43-4d44-a33e-8aed6c9e8814:192.168.151.103:34011, ebd02079-cc9f-48d7-8c8e-ec4136f19434:192.168.151.103:42859, 314e6693-f7ac-41e1-8044-5e96ad768d09:192.168.151.103:33493], old=null
2019-09-27 09:56:49,776 [pool-77-thread-1] INFO  impl.RaftServerImpl (RaftServerImpl.java:setRole(174)) - a5178916-7f43-4d44-a33e-8aed6c9e8814@group-B6E36139D1C6: changes role from      null to FOLLOWER at term 0 for startAsFollower
2019-09-27 09:56:49,776 [pool-77-thread-1] INFO  impl.RoleInfo (RoleInfo.java:updateAndGet(143)) - a5178916-7f43-4d44-a33e-8aed6c9e8814: start FollowerState
2019-09-27 09:56:49,777 [pool-77-thread-1] INFO  util.JmxRegister (JmxRegister.java:tryRegister(44)) - Successfully registered JMX Bean with object name Ratis:service=RaftServer,group=group-B6E36139D1C6,id=a5178916-7f43-4d44-a33e-8aed6c9e8814
2019-09-27 09:56:49,778 [pool-97-thread-1] INFO  impl.RaftServerImpl (RaftServerImpl.java:start(185)) - 314e6693-f7ac-41e1-8044-5e96ad768d09@group-B6E36139D1C6: start as a follower, conf=-1: [a5178916-7f43-4d44-a33e-8aed6c9e8814:192.168.151.103:34011, ebd02079-cc9f-48d7-8c8e-ec4136f19434:192.168.151.103:42859, 314e6693-f7ac-41e1-8044-5e96ad768d09:192.168.151.103:33493], old=null
2019-09-27 09:56:49,779 [pool-97-thread-1] INFO  impl.RaftServerImpl (RaftServerImpl.java:setRole(174)) - 314e6693-f7ac-41e1-8044-5e96ad768d09@group-B6E36139D1C6: changes role from      null to FOLLOWER at term 0 for startAsFollower
2019-09-27 09:56:49,779 [pool-97-thread-1] INFO  impl.RoleInfo (RoleInfo.java:updateAndGet(143)) - 314e6693-f7ac-41e1-8044-5e96ad768d09: start FollowerState
2019-09-27 09:56:49,779 [pool-87-thread-1] INFO  impl.RaftServerImpl (RaftServerImpl.java:start(185)) - ebd02079-cc9f-48d7-8c8e-ec4136f19434@group-B6E36139D1C6: start as a follower, conf=-1: [a5178916-7f43-4d44-a33e-8aed6c9e8814:192.168.151.103:34011, ebd02079-cc9f-48d7-8c8e-ec4136f19434:192.168.151.103:42859, 314e6693-f7ac-41e1-8044-5e96ad768d09:192.168.151.103:33493], old=null
2019-09-27 09:56:49,779 [pool-87-thread-1] INFO  impl.RaftServerImpl (RaftServerImpl.java:setRole(174)) - ebd02079-cc9f-48d7-8c8e-ec4136f19434@group-B6E36139D1C6: changes role from      null to FOLLOWER at term 0 for startAsFollower
2019-09-27 09:56:49,782 [pool-97-thread-1] INFO  util.JmxRegister (JmxRegister.java:tryRegister(44)) - Successfully registered JMX Bean with object name Ratis:service=RaftServer,group=group-B6E36139D1C6,id=314e6693-f7ac-41e1-8044-5e96ad768d09
2019-09-27 09:56:49,782 [pool-87-thread-1] INFO  impl.RoleInfo (RoleInfo.java:updateAndGet(143)) - ebd02079-cc9f-48d7-8c8e-ec4136f19434: start FollowerState
2019-09-27 09:56:49,782 [pool-87-thread-1] INFO  util.JmxRegister (JmxRegister.java:tryRegister(44)) - Successfully registered JMX Bean with object name Ratis:service=RaftServer,group=group-B6E36139D1C6,id=ebd02079-cc9f-48d7-8c8e-ec4136f19434
2019-09-27 09:56:49,795 [RatisPipelineUtilsThread] INFO  pipeline.PipelineStateManager (PipelineStateManager.java:addPipeline(56)) - Created pipeline Pipeline[ Id: 34615f02-a4be-4a83-9a80-b6e36139d1c6, Nodes: ebd02079-cc9f-48d7-8c8e-ec4136f19434{ip: 192.168.151.103, host: pr-hdds2162-4fxhj-20988671, networkLocation: /default-rack, certSerialId: null}314e6693-f7ac-41e1-8044-5e96ad768d09{ip: 192.168.151.103, host: pr-hdds2162-4fxhj-20988671, networkLocation: /default-rack, certSerialId: null}a5178916-7f43-4d44-a33e-8aed6c9e8814{ip: 192.168.151.103, host: pr-hdds2162-4fxhj-20988671, networkLocation: /default-rack, certSerialId: null}, Type:RATIS, Factor:THREE, State:OPEN]
2019-09-27 09:56:50,245 [Thread-282] INFO  container.ReplicationManager (ReplicationManager.java:start(162)) - Starting Replication Monitor Thread.
2019-09-27 09:56:50,247 [ReplicationMonitor] INFO  container.ReplicationManager (ReplicationManager.java:run(225)) - Replication Monitor Thread took 1 milliseconds for processing 0 containers.
2019-09-27 09:56:50,363 [main] INFO  ipc.Client (Client.java:handleConnectionFailure(948)) - Retrying connect to server: localhost/127.0.0.1:0. Already tried 1 time(s); retry policy is RetryUpToMaximumCountWithFixedSleep(maxRetries=10, sleepTime=1000 MILLISECONDS)
2019-09-27 09:56:51,365 [main] INFO  ipc.Client (Client.java:handleConnectionFailure(948)) - Retrying connect to server: localhost/127.0.0.1:0. Already tried 2 time(s); retry policy is RetryUpToMaximumCountWithFixedSleep(maxRetries=10, sleepTime=1000 MILLISECONDS)
2019-09-27 09:56:52,366 [main] INFO  ipc.Client (Client.java:handleConnectionFailure(948)) - Retrying connect to server: localhost/127.0.0.1:0. Already tried 3 time(s); retry policy is RetryUpToMaximumCountWithFixedSleep(maxRetries=10, sleepTime=1000 MILLISECONDS)
2019-09-27 09:56:53,251 [Thread-284] INFO  impl.FollowerState (FollowerState.java:run(106)) - 2c15b4bb-8004-40ae-ac45-1dc5514b42f4:group-4D3115411AEA changes to CANDIDATE, lastRpcTime:5101, electionTimeout:5100ms
2019-09-27 09:56:53,258 [Thread-284] INFO  impl.RoleInfo (RoleInfo.java:shutdownFollowerState(121)) - 2c15b4bb-8004-40ae-ac45-1dc5514b42f4: shutdown FollowerState
2019-09-27 09:56:53,258 [Thread-284] INFO  impl.RaftServerImpl (RaftServerImpl.java:setRole(174)) - 2c15b4bb-8004-40ae-ac45-1dc5514b42f4@group-4D3115411AEA: changes role from  FOLLOWER to CANDIDATE at term 0 for changeToCandidate
2019-09-27 09:56:53,269 [Thread-284] INFO  impl.RoleInfo (RoleInfo.java:updateAndGet(143)) - 2c15b4bb-8004-40ae-ac45-1dc5514b42f4: start LeaderElection
2019-09-27 09:56:53,289 [2c15b4bb-8004-40ae-ac45-1dc5514b42f4@group-4D3115411AEA:LeaderElection1] INFO  impl.LeaderElection (LeaderElection.java:askForVotes(182)) - 2c15b4bb-8004-40ae-ac45-1dc5514b42f4@group-4D3115411AEA:LeaderElection1: begin an election at term 1 for -1: [2c15b4bb-8004-40ae-ac45-1dc5514b42f4:192.168.151.103:40265], old=null
2019-09-27 09:56:53,291 [2c15b4bb-8004-40ae-ac45-1dc5514b42f4@group-4D3115411AEA:LeaderElection1] INFO  impl.RoleInfo (RoleInfo.java:shutdownLeaderElection(134)) - 2c15b4bb-8004-40ae-ac45-1dc5514b42f4: shutdown LeaderElection
2019-09-27 09:56:53,292 [2c15b4bb-8004-40ae-ac45-1dc5514b42f4@group-4D3115411AEA:LeaderElection1] INFO  impl.RaftServerImpl (RaftServerImpl.java:setRole(174)) - 2c15b4bb-8004-40ae-ac45-1dc5514b42f4@group-4D3115411AEA: changes role from CANDIDATE to LEADER at term 1 for changeToLeader
2019-09-27 09:56:53,292 [2c15b4bb-8004-40ae-ac45-1dc5514b42f4@group-4D3115411AEA:LeaderElection1] INFO  impl.RaftServerImpl (ServerState.java:setLeader(253)) - 2c15b4bb-8004-40ae-ac45-1dc5514b42f4@group-4D3115411AEA: change Leader from null to 2c15b4bb-8004-40ae-ac45-1dc5514b42f4 at term 1 for becomeLeader, leader elected after 5263ms
2019-09-27 09:56:53,298 [2c15b4bb-8004-40ae-ac45-1dc5514b42f4@group-4D3115411AEA:LeaderElection1] INFO  server.RaftServerConfigKeys (ConfUtils.java:logGet(43)) - raft.server.staging.catchup.gap = 1000 (default)
2019-09-27 09:56:53,299 [2c15b4bb-8004-40ae-ac45-1dc5514b42f4@group-4D3115411AEA:LeaderElection1] INFO  server.RaftServerConfigKeys (ConfUtils.java:logGet(43)) - raft.server.rpc.sleep.time = 25ms (default)
2019-09-27 09:56:53,302 [2c15b4bb-8004-40ae-ac45-1dc5514b42f4@group-4D3115411AEA:LeaderElection1] INFO  server.RaftServerConfigKeys (ConfUtils.java:logGet(43)) - raft.server.write.element-limit = 4096 (default)
2019-09-27 09:56:53,304 [2c15b4bb-8004-40ae-ac45-1dc5514b42f4@group-4D3115411AEA:LeaderElection1] INFO  server.RaftServerConfigKeys (ConfUtils.java:logGet(43)) - raft.server.watch.timeout = 10s (default)
2019-09-27 09:56:53,305 [2c15b4bb-8004-40ae-ac45-1dc5514b42f4@group-4D3115411AEA:LeaderElection1] INFO  server.RaftServerConfigKeys (ConfUtils.java:logGet(43)) - raft.server.watch.timeout.denomination = 1s (default)
2019-09-27 09:56:53,305 [2c15b4bb-8004-40ae-ac45-1dc5514b42f4@group-4D3115411AEA:LeaderElection1] INFO  server.RaftServerConfigKeys (ConfUtils.java:logGet(43)) - raft.server.watch.element-limit = 65536 (default)
2019-09-27 09:56:53,318 [2c15b4bb-8004-40ae-ac45-1dc5514b42f4@group-4D3115411AEA:LeaderElection1] INFO  impl.RoleInfo (RoleInfo.java:updateAndGet(143)) - 2c15b4bb-8004-40ae-ac45-1dc5514b42f4: start LeaderState
2019-09-27 09:56:53,340 [2c15b4bb-8004-40ae-ac45-1dc5514b42f4@group-4D3115411AEA:LeaderElection1] INFO  segmented.SegmentedRaftLogWorker (SegmentedRaftLogWorker.java:startLogSegment(380)) - 2c15b4bb-8004-40ae-ac45-1dc5514b42f4@group-4D3115411AEA-SegmentedRaftLogWorker: Starting segment from index:0
2019-09-27 09:56:53,351 [2c15b4bb-8004-40ae-ac45-1dc5514b42f4@group-4D3115411AEA:LeaderElection1] INFO  impl.RaftServerImpl (ServerState.java:setRaftConf(354)) - 2c15b4bb-8004-40ae-ac45-1dc5514b42f4@group-4D3115411AEA: set configuration 0: [2c15b4bb-8004-40ae-ac45-1dc5514b42f4:192.168.151.103:40265], old=null at 0
2019-09-27 09:56:53,367 [main] INFO  ipc.Client (Client.java:handleConnectionFailure(948)) - Retrying connect to server: localhost/127.0.0.1:0. Already tried 4 time(s); retry policy is RetryUpToMaximumCountWithFixedSleep(maxRetries=10, sleepTime=1000 MILLISECONDS)
2019-09-27 09:56:53,582 [2c15b4bb-8004-40ae-ac45-1dc5514b42f4@group-4D3115411AEA-SegmentedRaftLogWorker] INFO  segmented.SegmentedRaftLogWorker (SegmentedRaftLogWorker.java:execute(569)) - 2c15b4bb-8004-40ae-ac45-1dc5514b42f4@group-4D3115411AEA-SegmentedRaftLogWorker: created new log segment /workdir/hadoop-ozone/integration-test/target/test-dir/MiniOzoneClusterImpl-8eeacee4-f2ea-46c6-9d4b-1ae1fb96175b/datanode-0/data/ratis/1d41a4ca-90c9-4801-b855-4d3115411aea/current/log_inprogress_0
2019-09-27 09:56:53,677 [Thread-288] INFO  impl.FollowerState (FollowerState.java:run(106)) - 5911da34-ca57-408c-8816-1c7f5f86ee30:group-8AA2DEFC8D57 changes to CANDIDATE, lastRpcTime:5117, electionTimeout:5110ms
2019-09-27 09:56:53,682 [Thread-288] INFO  impl.RoleInfo (RoleInfo.java:shutdownFollowerState(121)) - 5911da34-ca57-408c-8816-1c7f5f86ee30: shutdown FollowerState
2019-09-27 09:56:53,682 [Thread-288] INFO  impl.RaftServerImpl (RaftServerImpl.java:setRole(174)) - 5911da34-ca57-408c-8816-1c7f5f86ee30@group-8AA2DEFC8D57: changes role from  FOLLOWER to CANDIDATE at term 0 for changeToCandidate
2019-09-27 09:56:53,683 [Thread-288] INFO  impl.RoleInfo (RoleInfo.java:updateAndGet(143)) - 5911da34-ca57-408c-8816-1c7f5f86ee30: start LeaderElection
2019-09-27 09:56:53,703 [5911da34-ca57-408c-8816-1c7f5f86ee30@group-8AA2DEFC8D57:LeaderElection2] INFO  impl.LeaderElection (LeaderElection.java:askForVotes(182)) - 5911da34-ca57-408c-8816-1c7f5f86ee30@group-8AA2DEFC8D57:LeaderElection2: begin an election at term 1 for -1: [5911da34-ca57-408c-8816-1c7f5f86ee30:192.168.151.103:44957], old=null
2019-09-27 09:56:53,706 [5911da34-ca57-408c-8816-1c7f5f86ee30@group-8AA2DEFC8D57:LeaderElection2] INFO  impl.RoleInfo (RoleInfo.java:shutdownLeaderElection(134)) - 5911da34-ca57-408c-8816-1c7f5f86ee30: shutdown LeaderElection
2019-09-27 09:56:53,706 [5911da34-ca57-408c-8816-1c7f5f86ee30@group-8AA2DEFC8D57:LeaderElection2] INFO  impl.RaftServerImpl (RaftServerImpl.java:setRole(174)) - 5911da34-ca57-408c-8816-1c7f5f86ee30@group-8AA2DEFC8D57: changes role from CANDIDATE to LEADER at term 1 for changeToLeader
2019-09-27 09:56:53,706 [5911da34-ca57-408c-8816-1c7f5f86ee30@group-8AA2DEFC8D57:LeaderElection2] INFO  impl.RaftServerImpl (ServerState.java:setLeader(253)) - 5911da34-ca57-408c-8816-1c7f5f86ee30@group-8AA2DEFC8D57: change Leader from null to 5911da34-ca57-408c-8816-1c7f5f86ee30 at term 1 for becomeLeader, leader elected after 5201ms
2019-09-27 09:56:53,707 [5911da34-ca57-408c-8816-1c7f5f86ee30@group-8AA2DEFC8D57:LeaderElection2] INFO  server.RaftServerConfigKeys (ConfUtils.java:logGet(43)) - raft.server.staging.catchup.gap = 1000 (default)
2019-09-27 09:56:53,707 [5911da34-ca57-408c-8816-1c7f5f86ee30@group-8AA2DEFC8D57:LeaderElection2] INFO  server.RaftServerConfigKeys (ConfUtils.java:logGet(43)) - raft.server.rpc.sleep.time = 25ms (default)
2019-09-27 09:56:53,707 [5911da34-ca57-408c-8816-1c7f5f86ee30@group-8AA2DEFC8D57:LeaderElection2] INFO  server.RaftServerConfigKeys (ConfUtils.java:logGet(43)) - raft.server.write.element-limit = 4096 (default)
2019-09-27 09:56:53,707 [5911da34-ca57-408c-8816-1c7f5f86ee30@group-8AA2DEFC8D57:LeaderElection2] INFO  server.RaftServerConfigKeys (ConfUtils.java:logGet(43)) - raft.server.watch.timeout = 10s (default)
2019-09-27 09:56:53,707 [5911da34-ca57-408c-8816-1c7f5f86ee30@group-8AA2DEFC8D57:LeaderElection2] INFO  server.RaftServerConfigKeys (ConfUtils.java:logGet(43)) - raft.server.watch.timeout.denomination = 1s (default)
2019-09-27 09:56:53,708 [5911da34-ca57-408c-8816-1c7f5f86ee30@group-8AA2DEFC8D57:LeaderElection2] INFO  server.RaftServerConfigKeys (ConfUtils.java:logGet(43)) - raft.server.watch.element-limit = 65536 (default)
2019-09-27 09:56:53,711 [5911da34-ca57-408c-8816-1c7f5f86ee30@group-8AA2DEFC8D57:LeaderElection2] INFO  impl.RoleInfo (RoleInfo.java:updateAndGet(143)) - 5911da34-ca57-408c-8816-1c7f5f86ee30: start LeaderState
2019-09-27 09:56:53,711 [5911da34-ca57-408c-8816-1c7f5f86ee30@group-8AA2DEFC8D57:LeaderElection2] INFO  segmented.SegmentedRaftLogWorker (SegmentedRaftLogWorker.java:startLogSegment(380)) - 5911da34-ca57-408c-8816-1c7f5f86ee30@group-8AA2DEFC8D57-SegmentedRaftLogWorker: Starting segment from index:0
2019-09-27 09:56:53,712 [5911da34-ca57-408c-8816-1c7f5f86ee30@group-8AA2DEFC8D57:LeaderElection2] INFO  impl.RaftServerImpl (ServerState.java:setRaftConf(354)) - 5911da34-ca57-408c-8816-1c7f5f86ee30@group-8AA2DEFC8D57: set configuration 0: [5911da34-ca57-408c-8816-1c7f5f86ee30:192.168.151.103:44957], old=null at 0
2019-09-27 09:56:53,768 [5911da34-ca57-408c-8816-1c7f5f86ee30@group-8AA2DEFC8D57-SegmentedRaftLogWorker] INFO  segmented.SegmentedRaftLogWorker (SegmentedRaftLogWorker.java:execute(569)) - 5911da34-ca57-408c-8816-1c7f5f86ee30@group-8AA2DEFC8D57-SegmentedRaftLogWorker: created new log segment /workdir/hadoop-ozone/integration-test/target/test-dir/MiniOzoneClusterImpl-8eeacee4-f2ea-46c6-9d4b-1ae1fb96175b/datanode-1/data/ratis/40455818-07ad-4209-a786-8aa2defc8d57/current/log_inprogress_0
2019-09-27 09:56:53,806 [Thread-291] INFO  impl.FollowerState (FollowerState.java:run(106)) - 98e467fb-2178-4bcc-aa88-91a9cb1be043:group-5AD9D28F22EF changes to CANDIDATE, lastRpcTime:5046, electionTimeout:5044ms
2019-09-27 09:56:53,806 [Thread-291] INFO  impl.RoleInfo (RoleInfo.java:shutdownFollowerState(121)) - 98e467fb-2178-4bcc-aa88-91a9cb1be043: shutdown FollowerState
2019-09-27 09:56:53,806 [Thread-291] INFO  impl.RaftServerImpl (RaftServerImpl.java:setRole(174)) - 98e467fb-2178-4bcc-aa88-91a9cb1be043@group-5AD9D28F22EF: changes role from  FOLLOWER to CANDIDATE at term 0 for changeToCandidate
2019-09-27 09:56:53,807 [Thread-291] INFO  impl.RoleInfo (RoleInfo.java:updateAndGet(143)) - 98e467fb-2178-4bcc-aa88-91a9cb1be043: start LeaderElection
2019-09-27 09:56:53,829 [98e467fb-2178-4bcc-aa88-91a9cb1be043@group-5AD9D28F22EF:LeaderElection3] INFO  impl.LeaderElection (LeaderElection.java:askForVotes(182)) - 98e467fb-2178-4bcc-aa88-91a9cb1be043@group-5AD9D28F22EF:LeaderElection3: begin an election at term 1 for -1: [98e467fb-2178-4bcc-aa88-91a9cb1be043:192.168.151.103:41309], old=null
2019-09-27 09:56:53,829 [98e467fb-2178-4bcc-aa88-91a9cb1be043@group-5AD9D28F22EF:LeaderElection3] INFO  impl.RoleInfo (RoleInfo.java:shutdownLeaderElection(134)) - 98e467fb-2178-4bcc-aa88-91a9cb1be043: shutdown LeaderElection
2019-09-27 09:56:53,829 [98e467fb-2178-4bcc-aa88-91a9cb1be043@group-5AD9D28F22EF:LeaderElection3] INFO  impl.RaftServerImpl (RaftServerImpl.java:setRole(174)) - 98e467fb-2178-4bcc-aa88-91a9cb1be043@group-5AD9D28F22EF: changes role from CANDIDATE to LEADER at term 1 for changeToLeader
2019-09-27 09:56:53,829 [98e467fb-2178-4bcc-aa88-91a9cb1be043@group-5AD9D28F22EF:LeaderElection3] INFO  impl.RaftServerImpl (ServerState.java:setLeader(253)) - 98e467fb-2178-4bcc-aa88-91a9cb1be043@group-5AD9D28F22EF: change Leader from null to 98e467fb-2178-4bcc-aa88-91a9cb1be043 at term 1 for becomeLeader, leader elected after 5142ms
2019-09-27 09:56:53,829 [98e467fb-2178-4bcc-aa88-91a9cb1be043@group-5AD9D28F22EF:LeaderElection3] INFO  server.RaftServerConfigKeys (ConfUtils.java:logGet(43)) - raft.server.staging.catchup.gap = 1000 (default)
2019-09-27 09:56:53,830 [98e467fb-2178-4bcc-aa88-91a9cb1be043@group-5AD9D28F22EF:LeaderElection3] INFO  server.RaftServerConfigKeys (ConfUtils.java:logGet(43)) - raft.server.rpc.sleep.time = 25ms (default)
2019-09-27 09:56:53,830 [98e467fb-2178-4bcc-aa88-91a9cb1be043@group-5AD9D28F22EF:LeaderElection3] INFO  server.RaftServerConfigKeys (ConfUtils.java:logGet(43)) - raft.server.write.element-limit = 4096 (default)
2019-09-27 09:56:53,830 [98e467fb-2178-4bcc-aa88-91a9cb1be043@group-5AD9D28F22EF:LeaderElection3] INFO  server.RaftServerConfigKeys (ConfUtils.java:logGet(43)) - raft.server.watch.timeout = 10s (default)
2019-09-27 09:56:53,830 [98e467fb-2178-4bcc-aa88-91a9cb1be043@group-5AD9D28F22EF:LeaderElection3] INFO  server.RaftServerConfigKeys (ConfUtils.java:logGet(43)) - raft.server.watch.timeout.denomination = 1s (default)
2019-09-27 09:56:53,830 [98e467fb-2178-4bcc-aa88-91a9cb1be043@group-5AD9D28F22EF:LeaderElection3] INFO  server.RaftServerConfigKeys (ConfUtils.java:logGet(43)) - raft.server.watch.element-limit = 65536 (default)
2019-09-27 09:56:53,833 [98e467fb-2178-4bcc-aa88-91a9cb1be043@group-5AD9D28F22EF:LeaderElection3] INFO  impl.RoleInfo (RoleInfo.java:updateAndGet(143)) - 98e467fb-2178-4bcc-aa88-91a9cb1be043: start LeaderState
2019-09-27 09:56:53,834 [98e467fb-2178-4bcc-aa88-91a9cb1be043@group-5AD9D28F22EF:LeaderElection3] INFO  segmented.SegmentedRaftLogWorker (SegmentedRaftLogWorker.java:startLogSegment(380)) - 98e467fb-2178-4bcc-aa88-91a9cb1be043@group-5AD9D28F22EF-SegmentedRaftLogWorker: Starting segment from index:0
2019-09-27 09:56:53,834 [98e467fb-2178-4bcc-aa88-91a9cb1be043@group-5AD9D28F22EF:LeaderElection3] INFO  impl.RaftServerImpl (ServerState.java:setRaftConf(354)) - 98e467fb-2178-4bcc-aa88-91a9cb1be043@group-5AD9D28F22EF: set configuration 0: [98e467fb-2178-4bcc-aa88-91a9cb1be043:192.168.151.103:41309], old=null at 0
2019-09-27 09:56:53,903 [98e467fb-2178-4bcc-aa88-91a9cb1be043@group-5AD9D28F22EF-SegmentedRaftLogWorker] INFO  segmented.SegmentedRaftLogWorker (SegmentedRaftLogWorker.java:execute(569)) - 98e467fb-2178-4bcc-aa88-91a9cb1be043@group-5AD9D28F22EF-SegmentedRaftLogWorker: created new log segment /workdir/hadoop-ozone/integration-test/target/test-dir/MiniOzoneClusterImpl-8eeacee4-f2ea-46c6-9d4b-1ae1fb96175b/datanode-9/data/ratis/8d57d4ba-28d6-44a5-b890-5ad9d28f22ef/current/log_inprogress_0
2019-09-27 09:56:53,989 [Thread-294] INFO  impl.FollowerState (FollowerState.java:run(106)) - 104d06c1-b6f4-46fe-abab-80b9f3463d81:group-7358B9CE46DB changes to CANDIDATE, lastRpcTime:5124, electionTimeout:5124ms
2019-09-27 09:56:53,990 [Thread-294] INFO  impl.RoleInfo (RoleInfo.java:shutdownFollowerState(121)) - 104d06c1-b6f4-46fe-abab-80b9f3463d81: shutdown FollowerState
2019-09-27 09:56:53,990 [Thread-294] INFO  impl.RaftServerImpl (RaftServerImpl.java:setRole(174)) - 104d06c1-b6f4-46fe-abab-80b9f3463d81@group-7358B9CE46DB: changes role from  FOLLOWER to CANDIDATE at term 0 for changeToCandidate
2019-09-27 09:56:53,990 [Thread-294] INFO  impl.RoleInfo (RoleInfo.java:updateAndGet(143)) - 104d06c1-b6f4-46fe-abab-80b9f3463d81: start LeaderElection
2019-09-27 09:56:54,011 [104d06c1-b6f4-46fe-abab-80b9f3463d81@group-7358B9CE46DB:LeaderElection4] INFO  impl.LeaderElection (LeaderElection.java:askForVotes(182)) - 104d06c1-b6f4-46fe-abab-80b9f3463d81@group-7358B9CE46DB:LeaderElection4: begin an election at term 1 for -1: [104d06c1-b6f4-46fe-abab-80b9f3463d81:192.168.151.103:40714], old=null
2019-09-27 09:56:54,012 [104d06c1-b6f4-46fe-abab-80b9f3463d81@group-7358B9CE46DB:LeaderElection4] INFO  impl.RoleInfo (RoleInfo.java:shutdownLeaderElection(134)) - 104d06c1-b6f4-46fe-abab-80b9f3463d81: shutdown LeaderElection
2019-09-27 09:56:54,012 [104d06c1-b6f4-46fe-abab-80b9f3463d81@group-7358B9CE46DB:LeaderElection4] INFO  impl.RaftServerImpl (RaftServerImpl.java:setRole(174)) - 104d06c1-b6f4-46fe-abab-80b9f3463d81@group-7358B9CE46DB: changes role from CANDIDATE to LEADER at term 1 for changeToLeader
2019-09-27 09:56:54,012 [104d06c1-b6f4-46fe-abab-80b9f3463d81@group-7358B9CE46DB:LeaderElection4] INFO  impl.RaftServerImpl (ServerState.java:setLeader(253)) - 104d06c1-b6f4-46fe-abab-80b9f3463d81@group-7358B9CE46DB: change Leader from null to 104d06c1-b6f4-46fe-abab-80b9f3463d81 at term 1 for becomeLeader, leader elected after 5162ms
2019-09-27 09:56:54,012 [104d06c1-b6f4-46fe-abab-80b9f3463d81@group-7358B9CE46DB:LeaderElection4] INFO  server.RaftServerConfigKeys (ConfUtils.java:logGet(43)) - raft.server.staging.catchup.gap = 1000 (default)
2019-09-27 09:56:54,012 [104d06c1-b6f4-46fe-abab-80b9f3463d81@group-7358B9CE46DB:LeaderElection4] INFO  server.RaftServerConfigKeys (ConfUtils.java:logGet(43)) - raft.server.rpc.sleep.time = 25ms (default)
2019-09-27 09:56:54,013 [104d06c1-b6f4-46fe-abab-80b9f3463d81@group-7358B9CE46DB:LeaderElection4] INFO  server.RaftServerConfigKeys (ConfUtils.java:logGet(43)) - raft.server.write.element-limit = 4096 (default)
2019-09-27 09:56:54,013 [104d06c1-b6f4-46fe-abab-80b9f3463d81@group-7358B9CE46DB:LeaderElection4] INFO  server.RaftServerConfigKeys (ConfUtils.java:logGet(43)) - raft.server.watch.timeout = 10s (default)
2019-09-27 09:56:54,013 [104d06c1-b6f4-46fe-abab-80b9f3463d81@group-7358B9CE46DB:LeaderElection4] INFO  server.RaftServerConfigKeys (ConfUtils.java:logGet(43)) - raft.server.watch.timeout.denomination = 1s (default)
2019-09-27 09:56:54,013 [104d06c1-b6f4-46fe-abab-80b9f3463d81@group-7358B9CE46DB:LeaderElection4] INFO  server.RaftServerConfigKeys (ConfUtils.java:logGet(43)) - raft.server.watch.element-limit = 65536 (default)
2019-09-27 09:56:54,017 [104d06c1-b6f4-46fe-abab-80b9f3463d81@group-7358B9CE46DB:LeaderElection4] INFO  impl.RoleInfo (RoleInfo.java:updateAndGet(143)) - 104d06c1-b6f4-46fe-abab-80b9f3463d81: start LeaderState
2019-09-27 09:56:54,017 [104d06c1-b6f4-46fe-abab-80b9f3463d81@group-7358B9CE46DB:LeaderElection4] INFO  segmented.SegmentedRaftLogWorker (SegmentedRaftLogWorker.java:startLogSegment(380)) - 104d06c1-b6f4-46fe-abab-80b9f3463d81@group-7358B9CE46DB-SegmentedRaftLogWorker: Starting segment from index:0
2019-09-27 09:56:54,018 [104d06c1-b6f4-46fe-abab-80b9f3463d81@group-7358B9CE46DB:LeaderElection4] INFO  impl.RaftServerImpl (ServerState.java:setRaftConf(354)) - 104d06c1-b6f4-46fe-abab-80b9f3463d81@group-7358B9CE46DB: set configuration 0: [104d06c1-b6f4-46fe-abab-80b9f3463d81:192.168.151.103:40714], old=null at 0
2019-09-27 09:56:54,083 [104d06c1-b6f4-46fe-abab-80b9f3463d81@group-7358B9CE46DB-SegmentedRaftLogWorker] INFO  segmented.SegmentedRaftLogWorker (SegmentedRaftLogWorker.java:execute(569)) - 104d06c1-b6f4-46fe-abab-80b9f3463d81@group-7358B9CE46DB-SegmentedRaftLogWorker: created new log segment /workdir/hadoop-ozone/integration-test/target/test-dir/MiniOzoneClusterImpl-8eeacee4-f2ea-46c6-9d4b-1ae1fb96175b/datanode-2/data/ratis/c4c5f685-fed8-462c-b2bb-7358b9ce46db/current/log_inprogress_0
2019-09-27 09:56:54,100 [Thread-297] INFO  impl.FollowerState (FollowerState.java:run(106)) - a8f5f0f5-8e74-4dbd-a70c-5d164a949520:group-CEAE0B345E0E changes to CANDIDATE, lastRpcTime:5125, electionTimeout:5125ms
2019-09-27 09:56:54,100 [Thread-297] INFO  impl.RoleInfo (RoleInfo.java:shutdownFollowerState(121)) - a8f5f0f5-8e74-4dbd-a70c-5d164a949520: shutdown FollowerState
2019-09-27 09:56:54,100 [Thread-297] INFO  impl.RaftServerImpl (RaftServerImpl.java:setRole(174)) - a8f5f0f5-8e74-4dbd-a70c-5d164a949520@group-CEAE0B345E0E: changes role from  FOLLOWER to CANDIDATE at term 0 for changeToCandidate
2019-09-27 09:56:54,100 [Thread-297] INFO  impl.RoleInfo (RoleInfo.java:updateAndGet(143)) - a8f5f0f5-8e74-4dbd-a70c-5d164a949520: start LeaderElection
2019-09-27 09:56:54,114 [a8f5f0f5-8e74-4dbd-a70c-5d164a949520@group-CEAE0B345E0E:LeaderElection5] INFO  impl.LeaderElection (LeaderElection.java:askForVotes(182)) - a8f5f0f5-8e74-4dbd-a70c-5d164a949520@group-CEAE0B345E0E:LeaderElection5: begin an election at term 1 for -1: [a8f5f0f5-8e74-4dbd-a70c-5d164a949520:192.168.151.103:42561], old=null
2019-09-27 09:56:54,115 [a8f5f0f5-8e74-4dbd-a70c-5d164a949520@group-CEAE0B345E0E:LeaderElection5] INFO  impl.RoleInfo (RoleInfo.java:shutdownLeaderElection(134)) - a8f5f0f5-8e74-4dbd-a70c-5d164a949520: shutdown LeaderElection
2019-09-27 09:56:54,115 [a8f5f0f5-8e74-4dbd-a70c-5d164a949520@group-CEAE0B345E0E:LeaderElection5] INFO  impl.RaftServerImpl (RaftServerImpl.java:setRole(174)) - a8f5f0f5-8e74-4dbd-a70c-5d164a949520@group-CEAE0B345E0E: changes role from CANDIDATE to LEADER at term 1 for changeToLeader
2019-09-27 09:56:54,115 [a8f5f0f5-8e74-4dbd-a70c-5d164a949520@group-CEAE0B345E0E:LeaderElection5] INFO  impl.RaftServerImpl (ServerState.java:setLeader(253)) - a8f5f0f5-8e74-4dbd-a70c-5d164a949520@group-CEAE0B345E0E: change Leader from null to a8f5f0f5-8e74-4dbd-a70c-5d164a949520 at term 1 for becomeLeader, leader elected after 5154ms
2019-09-27 09:56:54,115 [a8f5f0f5-8e74-4dbd-a70c-5d164a949520@group-CEAE0B345E0E:LeaderElection5] INFO  server.RaftServerConfigKeys (ConfUtils.java:logGet(43)) - raft.server.staging.catchup.gap = 1000 (default)
2019-09-27 09:56:54,115 [a8f5f0f5-8e74-4dbd-a70c-5d164a949520@group-CEAE0B345E0E:LeaderElection5] INFO  server.RaftServerConfigKeys (ConfUtils.java:logGet(43)) - raft.server.rpc.sleep.time = 25ms (default)
2019-09-27 09:56:54,115 [a8f5f0f5-8e74-4dbd-a70c-5d164a949520@group-CEAE0B345E0E:LeaderElection5] INFO  server.RaftServerConfigKeys (ConfUtils.java:logGet(43)) - raft.server.write.element-limit = 4096 (default)
2019-09-27 09:56:54,116 [a8f5f0f5-8e74-4dbd-a70c-5d164a949520@group-CEAE0B345E0E:LeaderElection5] INFO  server.RaftServerConfigKeys (ConfUtils.java:logGet(43)) - raft.server.watch.timeout = 10s (default)
2019-09-27 09:56:54,116 [a8f5f0f5-8e74-4dbd-a70c-5d164a949520@group-CEAE0B345E0E:LeaderElection5] INFO  server.RaftServerConfigKeys (ConfUtils.java:logGet(43)) - raft.server.watch.timeout.denomination = 1s (default)
2019-09-27 09:56:54,116 [a8f5f0f5-8e74-4dbd-a70c-5d164a949520@group-CEAE0B345E0E:LeaderElection5] INFO  server.RaftServerConfigKeys (ConfUtils.java:logGet(43)) - raft.server.watch.element-limit = 65536 (default)
2019-09-27 09:56:54,119 [a8f5f0f5-8e74-4dbd-a70c-5d164a949520@group-CEAE0B345E0E:LeaderElection5] INFO  impl.RoleInfo (RoleInfo.java:updateAndGet(143)) - a8f5f0f5-8e74-4dbd-a70c-5d164a949520: start LeaderState
2019-09-27 09:56:54,119 [a8f5f0f5-8e74-4dbd-a70c-5d164a949520@group-CEAE0B345E0E:LeaderElection5] INFO  segmented.SegmentedRaftLogWorker (SegmentedRaftLogWorker.java:startLogSegment(380)) - a8f5f0f5-8e74-4dbd-a70c-5d164a949520@group-CEAE0B345E0E-SegmentedRaftLogWorker: Starting segment from index:0
2019-09-27 09:56:54,120 [a8f5f0f5-8e74-4dbd-a70c-5d164a949520@group-CEAE0B345E0E:LeaderElection5] INFO  impl.RaftServerImpl (ServerState.java:setRaftConf(354)) - a8f5f0f5-8e74-4dbd-a70c-5d164a949520@group-CEAE0B345E0E: set configuration 0: [a8f5f0f5-8e74-4dbd-a70c-5d164a949520:192.168.151.103:42561], old=null at 0
2019-09-27 09:56:54,174 [a8f5f0f5-8e74-4dbd-a70c-5d164a949520@group-CEAE0B345E0E-SegmentedRaftLogWorker] INFO  segmented.SegmentedRaftLogWorker (SegmentedRaftLogWorker.java:execute(569)) - a8f5f0f5-8e74-4dbd-a70c-5d164a949520@group-CEAE0B345E0E-SegmentedRaftLogWorker: created new log segment /workdir/hadoop-ozone/integration-test/target/test-dir/MiniOzoneClusterImpl-8eeacee4-f2ea-46c6-9d4b-1ae1fb96175b/datanode-4/data/ratis/6d306f22-8448-463d-bcc5-ceae0b345e0e/current/log_inprogress_0
2019-09-27 09:56:54,181 [Thread-300] INFO  impl.FollowerState (FollowerState.java:run(106)) - 7c34c570-cc93-4d2d-95bb-ca6bff5b1acb:group-90E69E8BF3D1 changes to CANDIDATE, lastRpcTime:5116, electionTimeout:5116ms
2019-09-27 09:56:54,182 [Thread-300] INFO  impl.RoleInfo (RoleInfo.java:shutdownFollowerState(121)) - 7c34c570-cc93-4d2d-95bb-ca6bff5b1acb: shutdown FollowerState
2019-09-27 09:56:54,182 [Thread-300] INFO  impl.RaftServerImpl (RaftServerImpl.java:setRole(174)) - 7c34c570-cc93-4d2d-95bb-ca6bff5b1acb@group-90E69E8BF3D1: changes role from  FOLLOWER to CANDIDATE at term 0 for changeToCandidate
2019-09-27 09:56:54,182 [Thread-300] INFO  impl.RoleInfo (RoleInfo.java:updateAndGet(143)) - 7c34c570-cc93-4d2d-95bb-ca6bff5b1acb: start LeaderElection
2019-09-27 09:56:54,201 [7c34c570-cc93-4d2d-95bb-ca6bff5b1acb@group-90E69E8BF3D1:LeaderElection6] INFO  impl.LeaderElection (LeaderElection.java:askForVotes(182)) - 7c34c570-cc93-4d2d-95bb-ca6bff5b1acb@group-90E69E8BF3D1:LeaderElection6: begin an election at term 1 for -1: [7c34c570-cc93-4d2d-95bb-ca6bff5b1acb:192.168.151.103:42543], old=null
2019-09-27 09:56:54,201 [7c34c570-cc93-4d2d-95bb-ca6bff5b1acb@group-90E69E8BF3D1:LeaderElection6] INFO  impl.RoleInfo (RoleInfo.java:shutdownLeaderElection(134)) - 7c34c570-cc93-4d2d-95bb-ca6bff5b1acb: shutdown LeaderElection
2019-09-27 09:56:54,201 [7c34c570-cc93-4d2d-95bb-ca6bff5b1acb@group-90E69E8BF3D1:LeaderElection6] INFO  impl.RaftServerImpl (RaftServerImpl.java:setRole(174)) - 7c34c570-cc93-4d2d-95bb-ca6bff5b1acb@group-90E69E8BF3D1: changes role from CANDIDATE to LEADER at term 1 for changeToLeader
2019-09-27 09:56:54,202 [7c34c570-cc93-4d2d-95bb-ca6bff5b1acb@group-90E69E8BF3D1:LeaderElection6] INFO  impl.RaftServerImpl (ServerState.java:setLeader(253)) - 7c34c570-cc93-4d2d-95bb-ca6bff5b1acb@group-90E69E8BF3D1: change Leader from null to 7c34c570-cc93-4d2d-95bb-ca6bff5b1acb at term 1 for becomeLeader, leader elected after 5151ms
2019-09-27 09:56:54,202 [7c34c570-cc93-4d2d-95bb-ca6bff5b1acb@group-90E69E8BF3D1:LeaderElection6] INFO  server.RaftServerConfigKeys (ConfUtils.java:logGet(43)) - raft.server.staging.catchup.gap = 1000 (default)
2019-09-27 09:56:54,202 [7c34c570-cc93-4d2d-95bb-ca6bff5b1acb@group-90E69E8BF3D1:LeaderElection6] INFO  server.RaftServerConfigKeys (ConfUtils.java:logGet(43)) - raft.server.rpc.sleep.time = 25ms (default)
2019-09-27 09:56:54,202 [7c34c570-cc93-4d2d-95bb-ca6bff5b1acb@group-90E69E8BF3D1:LeaderElection6] INFO  server.RaftServerConfigKeys (ConfUtils.java:logGet(43)) - raft.server.write.element-limit = 4096 (default)
2019-09-27 09:56:54,202 [7c34c570-cc93-4d2d-95bb-ca6bff5b1acb@group-90E69E8BF3D1:LeaderElection6] INFO  server.RaftServerConfigKeys (ConfUtils.java:logGet(43)) - raft.server.watch.timeout = 10s (default)
2019-09-27 09:56:54,202 [7c34c570-cc93-4d2d-95bb-ca6bff5b1acb@group-90E69E8BF3D1:LeaderElection6] INFO  server.RaftServerConfigKeys (ConfUtils.java:logGet(43)) - raft.server.watch.timeout.denomination = 1s (default)
2019-09-27 09:56:54,203 [7c34c570-cc93-4d2d-95bb-ca6bff5b1acb@group-90E69E8BF3D1:LeaderElection6] INFO  server.RaftServerConfigKeys (ConfUtils.java:logGet(43)) - raft.server.watch.element-limit = 65536 (default)
2019-09-27 09:56:54,206 [7c34c570-cc93-4d2d-95bb-ca6bff5b1acb@group-90E69E8BF3D1:LeaderElection6] INFO  impl.RoleInfo (RoleInfo.java:updateAndGet(143)) - 7c34c570-cc93-4d2d-95bb-ca6bff5b1acb: start LeaderState
2019-09-27 09:56:54,206 [7c34c570-cc93-4d2d-95bb-ca6bff5b1acb@group-90E69E8BF3D1:LeaderElection6] INFO  segmented.SegmentedRaftLogWorker (SegmentedRaftLogWorker.java:startLogSegment(380)) - 7c34c570-cc93-4d2d-95bb-ca6bff5b1acb@group-90E69E8BF3D1-SegmentedRaftLogWorker: Starting segment from index:0
2019-09-27 09:56:54,207 [7c34c570-cc93-4d2d-95bb-ca6bff5b1acb@group-90E69E8BF3D1:LeaderElection6] INFO  impl.RaftServerImpl (ServerState.java:setRaftConf(354)) - 7c34c570-cc93-4d2d-95bb-ca6bff5b1acb@group-90E69E8BF3D1: set configuration 0: [7c34c570-cc93-4d2d-95bb-ca6bff5b1acb:192.168.151.103:42543], old=null at 0
2019-09-27 09:56:54,261 [Thread-303] INFO  impl.FollowerState (FollowerState.java:run(106)) - ebd02079-cc9f-48d7-8c8e-ec4136f19434:group-C1EFF2BB4C47 changes to CANDIDATE, lastRpcTime:5115, electionTimeout:5115ms
2019-09-27 09:56:54,261 [Thread-303] INFO  impl.RoleInfo (RoleInfo.java:shutdownFollowerState(121)) - ebd02079-cc9f-48d7-8c8e-ec4136f19434: shutdown FollowerState
2019-09-27 09:56:54,261 [Thread-303] INFO  impl.RaftServerImpl (RaftServerImpl.java:setRole(174)) - ebd02079-cc9f-48d7-8c8e-ec4136f19434@group-C1EFF2BB4C47: changes role from  FOLLOWER to CANDIDATE at term 0 for changeToCandidate
2019-09-27 09:56:54,262 [Thread-303] INFO  impl.RoleInfo (RoleInfo.java:updateAndGet(143)) - ebd02079-cc9f-48d7-8c8e-ec4136f19434: start LeaderElection
2019-09-27 09:56:54,277 [7c34c570-cc93-4d2d-95bb-ca6bff5b1acb@group-90E69E8BF3D1-SegmentedRaftLogWorker] INFO  segmented.SegmentedRaftLogWorker (SegmentedRaftLogWorker.java:execute(569)) - 7c34c570-cc93-4d2d-95bb-ca6bff5b1acb@group-90E69E8BF3D1-SegmentedRaftLogWorker: created new log segment /workdir/hadoop-ozone/integration-test/target/test-dir/MiniOzoneClusterImpl-8eeacee4-f2ea-46c6-9d4b-1ae1fb96175b/datanode-3/data/ratis/e4f6218f-7a80-4419-88b6-90e69e8bf3d1/current/log_inprogress_0
2019-09-27 09:56:54,279 [ebd02079-cc9f-48d7-8c8e-ec4136f19434@group-C1EFF2BB4C47:LeaderElection7] INFO  impl.LeaderElection (LeaderElection.java:askForVotes(182)) - ebd02079-cc9f-48d7-8c8e-ec4136f19434@group-C1EFF2BB4C47:LeaderElection7: begin an election at term 1 for -1: [ebd02079-cc9f-48d7-8c8e-ec4136f19434:192.168.151.103:42859], old=null
2019-09-27 09:56:54,279 [ebd02079-cc9f-48d7-8c8e-ec4136f19434@group-C1EFF2BB4C47:LeaderElection7] INFO  impl.RoleInfo (RoleInfo.java:shutdownLeaderElection(134)) - ebd02079-cc9f-48d7-8c8e-ec4136f19434: shutdown LeaderElection
2019-09-27 09:56:54,279 [ebd02079-cc9f-48d7-8c8e-ec4136f19434@group-C1EFF2BB4C47:LeaderElection7] INFO  impl.RaftServerImpl (RaftServerImpl.java:setRole(174)) - ebd02079-cc9f-48d7-8c8e-ec4136f19434@group-C1EFF2BB4C47: changes role from CANDIDATE to LEADER at term 1 for changeToLeader
2019-09-27 09:56:54,279 [ebd02079-cc9f-48d7-8c8e-ec4136f19434@group-C1EFF2BB4C47:LeaderElection7] INFO  impl.RaftServerImpl (ServerState.java:setLeader(253)) - ebd02079-cc9f-48d7-8c8e-ec4136f19434@group-C1EFF2BB4C47: change Leader from null to ebd02079-cc9f-48d7-8c8e-ec4136f19434 at term 1 for becomeLeader, leader elected after 5145ms
2019-09-27 09:56:54,279 [ebd02079-cc9f-48d7-8c8e-ec4136f19434@group-C1EFF2BB4C47:LeaderElection7] INFO  server.RaftServerConfigKeys (ConfUtils.java:logGet(43)) - raft.server.staging.catchup.gap = 1000 (default)
2019-09-27 09:56:54,279 [ebd02079-cc9f-48d7-8c8e-ec4136f19434@group-C1EFF2BB4C47:LeaderElection7] INFO  server.RaftServerConfigKeys (ConfUtils.java:logGet(43)) - raft.server.rpc.sleep.time = 25ms (default)
2019-09-27 09:56:54,280 [ebd02079-cc9f-48d7-8c8e-ec4136f19434@group-C1EFF2BB4C47:LeaderElection7] INFO  server.RaftServerConfigKeys (ConfUtils.java:logGet(43)) - raft.server.write.element-limit = 4096 (default)
2019-09-27 09:56:54,280 [ebd02079-cc9f-48d7-8c8e-ec4136f19434@group-C1EFF2BB4C47:LeaderElection7] INFO  server.RaftServerConfigKeys (ConfUtils.java:logGet(43)) - raft.server.watch.timeout = 10s (default)
2019-09-27 09:56:54,280 [ebd02079-cc9f-48d7-8c8e-ec4136f19434@group-C1EFF2BB4C47:LeaderElection7] INFO  server.RaftServerConfigKeys (ConfUtils.java:logGet(43)) - raft.server.watch.timeout.denomination = 1s (default)
2019-09-27 09:56:54,280 [ebd02079-cc9f-48d7-8c8e-ec4136f19434@group-C1EFF2BB4C47:LeaderElection7] INFO  server.RaftServerConfigKeys (ConfUtils.java:logGet(43)) - raft.server.watch.element-limit = 65536 (default)
2019-09-27 09:56:54,283 [ebd02079-cc9f-48d7-8c8e-ec4136f19434@group-C1EFF2BB4C47:LeaderElection7] INFO  impl.RoleInfo (RoleInfo.java:updateAndGet(143)) - ebd02079-cc9f-48d7-8c8e-ec4136f19434: start LeaderState
2019-09-27 09:56:54,283 [ebd02079-cc9f-48d7-8c8e-ec4136f19434@group-C1EFF2BB4C47:LeaderElection7] INFO  segmented.SegmentedRaftLogWorker (SegmentedRaftLogWorker.java:startLogSegment(380)) - ebd02079-cc9f-48d7-8c8e-ec4136f19434@group-C1EFF2BB4C47-SegmentedRaftLogWorker: Starting segment from index:0
2019-09-27 09:56:54,284 [ebd02079-cc9f-48d7-8c8e-ec4136f19434@group-C1EFF2BB4C47:LeaderElection7] INFO  impl.RaftServerImpl (ServerState.java:setRaftConf(354)) - ebd02079-cc9f-48d7-8c8e-ec4136f19434@group-C1EFF2BB4C47: set configuration 0: [ebd02079-cc9f-48d7-8c8e-ec4136f19434:192.168.151.103:42859], old=null at 0
2019-09-27 09:56:54,325 [Thread-306] INFO  impl.FollowerState (FollowerState.java:run(106)) - 314e6693-f7ac-41e1-8044-5e96ad768d09:group-DFB66A4F9114 changes to CANDIDATE, lastRpcTime:5066, electionTimeout:5042ms
2019-09-27 09:56:54,326 [Thread-306] INFO  impl.RoleInfo (RoleInfo.java:shutdownFollowerState(121)) - 314e6693-f7ac-41e1-8044-5e96ad768d09: shutdown FollowerState
2019-09-27 09:56:54,326 [Thread-306] INFO  impl.RaftServerImpl (RaftServerImpl.java:setRole(174)) - 314e6693-f7ac-41e1-8044-5e96ad768d09@group-DFB66A4F9114: changes role from  FOLLOWER to CANDIDATE at term 0 for changeToCandidate
2019-09-27 09:56:54,326 [Thread-306] INFO  impl.RoleInfo (RoleInfo.java:updateAndGet(143)) - 314e6693-f7ac-41e1-8044-5e96ad768d09: start LeaderElection
2019-09-27 09:56:54,338 [ebd02079-cc9f-48d7-8c8e-ec4136f19434@group-C1EFF2BB4C47-SegmentedRaftLogWorker] INFO  segmented.SegmentedRaftLogWorker (SegmentedRaftLogWorker.java:execute(569)) - ebd02079-cc9f-48d7-8c8e-ec4136f19434@group-C1EFF2BB4C47-SegmentedRaftLogWorker: created new log segment /workdir/hadoop-ozone/integration-test/target/test-dir/MiniOzoneClusterImpl-8eeacee4-f2ea-46c6-9d4b-1ae1fb96175b/datanode-6/data/ratis/11802ac2-f6a5-42f9-b156-c1eff2bb4c47/current/log_inprogress_0
2019-09-27 09:56:54,338 [314e6693-f7ac-41e1-8044-5e96ad768d09@group-DFB66A4F9114:LeaderElection8] INFO  impl.LeaderElection (LeaderElection.java:askForVotes(182)) - 314e6693-f7ac-41e1-8044-5e96ad768d09@group-DFB66A4F9114:LeaderElection8: begin an election at term 1 for -1: [314e6693-f7ac-41e1-8044-5e96ad768d09:192.168.151.103:33493], old=null
2019-09-27 09:56:54,338 [314e6693-f7ac-41e1-8044-5e96ad768d09@group-DFB66A4F9114:LeaderElection8] INFO  impl.RoleInfo (RoleInfo.java:shutdownLeaderElection(134)) - 314e6693-f7ac-41e1-8044-5e96ad768d09: shutdown LeaderElection
2019-09-27 09:56:54,339 [314e6693-f7ac-41e1-8044-5e96ad768d09@group-DFB66A4F9114:LeaderElection8] INFO  impl.RaftServerImpl (RaftServerImpl.java:setRole(174)) - 314e6693-f7ac-41e1-8044-5e96ad768d09@group-DFB66A4F9114: changes role from CANDIDATE to LEADER at term 1 for changeToLeader
2019-09-27 09:56:54,339 [314e6693-f7ac-41e1-8044-5e96ad768d09@group-DFB66A4F9114:LeaderElection8] INFO  impl.RaftServerImpl (ServerState.java:setLeader(253)) - 314e6693-f7ac-41e1-8044-5e96ad768d09@group-DFB66A4F9114: change Leader from null to 314e6693-f7ac-41e1-8044-5e96ad768d09 at term 1 for becomeLeader, leader elected after 5091ms
2019-09-27 09:56:54,339 [314e6693-f7ac-41e1-8044-5e96ad768d09@group-DFB66A4F9114:LeaderElection8] INFO  server.RaftServerConfigKeys (ConfUtils.java:logGet(43)) - raft.server.staging.catchup.gap = 1000 (default)
2019-09-27 09:56:54,339 [314e6693-f7ac-41e1-8044-5e96ad768d09@group-DFB66A4F9114:LeaderElection8] INFO  server.RaftServerConfigKeys (ConfUtils.java:logGet(43)) - raft.server.rpc.sleep.time = 25ms (default)
2019-09-27 09:56:54,339 [314e6693-f7ac-41e1-8044-5e96ad768d09@group-DFB66A4F9114:LeaderElection8] INFO  server.RaftServerConfigKeys (ConfUtils.java:logGet(43)) - raft.server.write.element-limit = 4096 (default)
2019-09-27 09:56:54,340 [314e6693-f7ac-41e1-8044-5e96ad768d09@group-DFB66A4F9114:LeaderElection8] INFO  server.RaftServerConfigKeys (ConfUtils.java:logGet(43)) - raft.server.watch.timeout = 10s (default)
2019-09-27 09:56:54,340 [314e6693-f7ac-41e1-8044-5e96ad768d09@group-DFB66A4F9114:LeaderElection8] INFO  server.RaftServerConfigKeys (ConfUtils.java:logGet(43)) - raft.server.watch.timeout.denomination = 1s (default)
2019-09-27 09:56:54,340 [314e6693-f7ac-41e1-8044-5e96ad768d09@group-DFB66A4F9114:LeaderElection8] INFO  server.RaftServerConfigKeys (ConfUtils.java:logGet(43)) - raft.server.watch.element-limit = 65536 (default)
2019-09-27 09:56:54,343 [314e6693-f7ac-41e1-8044-5e96ad768d09@group-DFB66A4F9114:LeaderElection8] INFO  impl.RoleInfo (RoleInfo.java:updateAndGet(143)) - 314e6693-f7ac-41e1-8044-5e96ad768d09: start LeaderState
2019-09-27 09:56:54,343 [314e6693-f7ac-41e1-8044-5e96ad768d09@group-DFB66A4F9114:LeaderElection8] INFO  segmented.SegmentedRaftLogWorker (SegmentedRaftLogWorker.java:startLogSegment(380)) - 314e6693-f7ac-41e1-8044-5e96ad768d09@group-DFB66A4F9114-SegmentedRaftLogWorker: Starting segment from index:0
2019-09-27 09:56:54,344 [314e6693-f7ac-41e1-8044-5e96ad768d09@group-DFB66A4F9114:LeaderElection8] INFO  impl.RaftServerImpl (ServerState.java:setRaftConf(354)) - 314e6693-f7ac-41e1-8044-5e96ad768d09@group-DFB66A4F9114: set configuration 0: [314e6693-f7ac-41e1-8044-5e96ad768d09:192.168.151.103:33493], old=null at 0
2019-09-27 09:56:54,386 [main] INFO  ipc.Client (Client.java:handleConnectionFailure(948)) - Retrying connect to server: localhost/127.0.0.1:0. Already tried 5 time(s); retry policy is RetryUpToMaximumCountWithFixedSleep(maxRetries=10, sleepTime=1000 MILLISECONDS)
2019-09-27 09:56:54,400 [314e6693-f7ac-41e1-8044-5e96ad768d09@group-DFB66A4F9114-SegmentedRaftLogWorker] INFO  segmented.SegmentedRaftLogWorker (SegmentedRaftLogWorker.java:execute(569)) - 314e6693-f7ac-41e1-8044-5e96ad768d09@group-DFB66A4F9114-SegmentedRaftLogWorker: created new log segment /workdir/hadoop-ozone/integration-test/target/test-dir/MiniOzoneClusterImpl-8eeacee4-f2ea-46c6-9d4b-1ae1fb96175b/datanode-7/data/ratis/897c7a71-4323-4cf8-9fca-dfb66a4f9114/current/log_inprogress_0
2019-09-27 09:56:54,427 [Thread-309] INFO  impl.FollowerState (FollowerState.java:run(106)) - a5178916-7f43-4d44-a33e-8aed6c9e8814:group-E628EBBEE01C changes to CANDIDATE, lastRpcTime:5083, electionTimeout:5083ms
2019-09-27 09:56:54,427 [Thread-309] INFO  impl.RoleInfo (RoleInfo.java:shutdownFollowerState(121)) - a5178916-7f43-4d44-a33e-8aed6c9e8814: shutdown FollowerState
2019-09-27 09:56:54,427 [Thread-309] INFO  impl.RaftServerImpl (RaftServerImpl.java:setRole(174)) - a5178916-7f43-4d44-a33e-8aed6c9e8814@group-E628EBBEE01C: changes role from  FOLLOWER to CANDIDATE at term 0 for changeToCandidate
2019-09-27 09:56:54,428 [Thread-309] INFO  impl.RoleInfo (RoleInfo.java:updateAndGet(143)) - a5178916-7f43-4d44-a33e-8aed6c9e8814: start LeaderElection
2019-09-27 09:56:54,452 [a5178916-7f43-4d44-a33e-8aed6c9e8814@group-E628EBBEE01C:LeaderElection9] INFO  impl.LeaderElection (LeaderElection.java:askForVotes(182)) - a5178916-7f43-4d44-a33e-8aed6c9e8814@group-E628EBBEE01C:LeaderElection9: begin an election at term 1 for -1: [a5178916-7f43-4d44-a33e-8aed6c9e8814:192.168.151.103:34011], old=null
2019-09-27 09:56:54,452 [a5178916-7f43-4d44-a33e-8aed6c9e8814@group-E628EBBEE01C:LeaderElection9] INFO  impl.RoleInfo (RoleInfo.java:shutdownLeaderElection(134)) - a5178916-7f43-4d44-a33e-8aed6c9e8814: shutdown LeaderElection
2019-09-27 09:56:54,453 [a5178916-7f43-4d44-a33e-8aed6c9e8814@group-E628EBBEE01C:LeaderElection9] INFO  impl.RaftServerImpl (RaftServerImpl.java:setRole(174)) - a5178916-7f43-4d44-a33e-8aed6c9e8814@group-E628EBBEE01C: changes role from CANDIDATE to LEADER at term 1 for changeToLeader
2019-09-27 09:56:54,453 [a5178916-7f43-4d44-a33e-8aed6c9e8814@group-E628EBBEE01C:LeaderElection9] INFO  impl.RaftServerImpl (ServerState.java:setLeader(253)) - a5178916-7f43-4d44-a33e-8aed6c9e8814@group-E628EBBEE01C: change Leader from null to a5178916-7f43-4d44-a33e-8aed6c9e8814 at term 1 for becomeLeader, leader elected after 5121ms
2019-09-27 09:56:54,453 [a5178916-7f43-4d44-a33e-8aed6c9e8814@group-E628EBBEE01C:LeaderElection9] INFO  server.RaftServerConfigKeys (ConfUtils.java:logGet(43)) - raft.server.staging.catchup.gap = 1000 (default)
2019-09-27 09:56:54,453 [a5178916-7f43-4d44-a33e-8aed6c9e8814@group-E628EBBEE01C:LeaderElection9] INFO  server.RaftServerConfigKeys (ConfUtils.java:logGet(43)) - raft.server.rpc.sleep.time = 25ms (default)
2019-09-27 09:56:54,454 [a5178916-7f43-4d44-a33e-8aed6c9e8814@group-E628EBBEE01C:LeaderElection9] INFO  server.RaftServerConfigKeys (ConfUtils.java:logGet(43)) - raft.server.write.element-limit = 4096 (default)
2019-09-27 09:56:54,454 [a5178916-7f43-4d44-a33e-8aed6c9e8814@group-E628EBBEE01C:LeaderElection9] INFO  server.RaftServerConfigKeys (ConfUtils.java:logGet(43)) - raft.server.watch.timeout = 10s (default)
2019-09-27 09:56:54,454 [a5178916-7f43-4d44-a33e-8aed6c9e8814@group-E628EBBEE01C:LeaderElection9] INFO  server.RaftServerConfigKeys (ConfUtils.java:logGet(43)) - raft.server.watch.timeout.denomination = 1s (default)
2019-09-27 09:56:54,455 [a5178916-7f43-4d44-a33e-8aed6c9e8814@group-E628EBBEE01C:LeaderElection9] INFO  server.RaftServerConfigKeys (ConfUtils.java:logGet(43)) - raft.server.watch.element-limit = 65536 (default)
2019-09-27 09:56:54,458 [a5178916-7f43-4d44-a33e-8aed6c9e8814@group-E628EBBEE01C:LeaderElection9] INFO  impl.RoleInfo (RoleInfo.java:updateAndGet(143)) - a5178916-7f43-4d44-a33e-8aed6c9e8814: start LeaderState
2019-09-27 09:56:54,458 [a5178916-7f43-4d44-a33e-8aed6c9e8814@group-E628EBBEE01C:LeaderElection9] INFO  segmented.SegmentedRaftLogWorker (SegmentedRaftLogWorker.java:startLogSegment(380)) - a5178916-7f43-4d44-a33e-8aed6c9e8814@group-E628EBBEE01C-SegmentedRaftLogWorker: Starting segment from index:0
2019-09-27 09:56:54,459 [a5178916-7f43-4d44-a33e-8aed6c9e8814@group-E628EBBEE01C:LeaderElection9] INFO  impl.RaftServerImpl (ServerState.java:setRaftConf(354)) - a5178916-7f43-4d44-a33e-8aed6c9e8814@group-E628EBBEE01C: set configuration 0: [a5178916-7f43-4d44-a33e-8aed6c9e8814:192.168.151.103:34011], old=null at 0
2019-09-27 09:56:54,511 [a5178916-7f43-4d44-a33e-8aed6c9e8814@group-E628EBBEE01C-SegmentedRaftLogWorker] INFO  segmented.SegmentedRaftLogWorker (SegmentedRaftLogWorker.java:execute(569)) - a5178916-7f43-4d44-a33e-8aed6c9e8814@group-E628EBBEE01C-SegmentedRaftLogWorker: created new log segment /workdir/hadoop-ozone/integration-test/target/test-dir/MiniOzoneClusterImpl-8eeacee4-f2ea-46c6-9d4b-1ae1fb96175b/datanode-5/data/ratis/d31f4e4f-0692-4c23-835d-e628ebbee01c/current/log_inprogress_0
2019-09-27 09:56:54,550 [Thread-317] INFO  impl.FollowerState (FollowerState.java:run(106)) - 5911da34-ca57-408c-8816-1c7f5f86ee30:group-4C89F8E95440 changes to CANDIDATE, lastRpcTime:5003, electionTimeout:5003ms
2019-09-27 09:56:54,550 [Thread-317] INFO  impl.RoleInfo (RoleInfo.java:shutdownFollowerState(121)) - 5911da34-ca57-408c-8816-1c7f5f86ee30: shutdown FollowerState
2019-09-27 09:56:54,550 [Thread-317] INFO  impl.RaftServerImpl (RaftServerImpl.java:setRole(174)) - 5911da34-ca57-408c-8816-1c7f5f86ee30@group-4C89F8E95440: changes role from  FOLLOWER to CANDIDATE at term 0 for changeToCandidate
2019-09-27 09:56:54,551 [Thread-317] INFO  impl.RoleInfo (RoleInfo.java:updateAndGet(143)) - 5911da34-ca57-408c-8816-1c7f5f86ee30: start LeaderElection
2019-09-27 09:56:54,559 [Thread-319] INFO  impl.FollowerState (FollowerState.java:run(106)) - 104d06c1-b6f4-46fe-abab-80b9f3463d81:group-4C89F8E95440 changes to CANDIDATE, lastRpcTime:5011, electionTimeout:5011ms
2019-09-27 09:56:54,559 [Thread-319] INFO  impl.RoleInfo (RoleInfo.java:shutdownFollowerState(121)) - 104d06c1-b6f4-46fe-abab-80b9f3463d81: shutdown FollowerState
2019-09-27 09:56:54,560 [Thread-319] INFO  impl.RaftServerImpl (RaftServerImpl.java:setRole(174)) - 104d06c1-b6f4-46fe-abab-80b9f3463d81@group-4C89F8E95440: changes role from  FOLLOWER to CANDIDATE at term 0 for changeToCandidate
2019-09-27 09:56:54,560 [Thread-319] INFO  impl.RoleInfo (RoleInfo.java:updateAndGet(143)) - 104d06c1-b6f4-46fe-abab-80b9f3463d81: start LeaderElection
2019-09-27 09:56:54,572 [5911da34-ca57-408c-8816-1c7f5f86ee30@group-4C89F8E95440:LeaderElection10] INFO  impl.LeaderElection (LeaderElection.java:askForVotes(182)) - 5911da34-ca57-408c-8816-1c7f5f86ee30@group-4C89F8E95440:LeaderElection10: begin an election at term 1 for -1: [98e467fb-2178-4bcc-aa88-91a9cb1be043:192.168.151.103:41309, 104d06c1-b6f4-46fe-abab-80b9f3463d81:192.168.151.103:40714, 5911da34-ca57-408c-8816-1c7f5f86ee30:192.168.151.103:44957], old=null
2019-09-27 09:56:54,572 [104d06c1-b6f4-46fe-abab-80b9f3463d81@group-4C89F8E95440:LeaderElection11] INFO  impl.LeaderElection (LeaderElection.java:askForVotes(182)) - 104d06c1-b6f4-46fe-abab-80b9f3463d81@group-4C89F8E95440:LeaderElection11: begin an election at term 1 for -1: [98e467fb-2178-4bcc-aa88-91a9cb1be043:192.168.151.103:41309, 104d06c1-b6f4-46fe-abab-80b9f3463d81:192.168.151.103:40714, 5911da34-ca57-408c-8816-1c7f5f86ee30:192.168.151.103:44957], old=null
2019-09-27 09:56:54,575 [Thread-312] INFO  impl.FollowerState (FollowerState.java:run(106)) - 280232d7-15c9-41ee-814e-4405ebd39845:group-5BE267CDA56A changes to CANDIDATE, lastRpcTime:5134, electionTimeout:5134ms
2019-09-27 09:56:54,581 [Thread-312] INFO  impl.RoleInfo (RoleInfo.java:shutdownFollowerState(121)) - 280232d7-15c9-41ee-814e-4405ebd39845: shutdown FollowerState
2019-09-27 09:56:54,581 [Thread-312] INFO  impl.RaftServerImpl (RaftServerImpl.java:setRole(174)) - 280232d7-15c9-41ee-814e-4405ebd39845@group-5BE267CDA56A: changes role from  FOLLOWER to CANDIDATE at term 0 for changeToCandidate
2019-09-27 09:56:54,581 [Thread-312] INFO  impl.RoleInfo (RoleInfo.java:updateAndGet(143)) - 280232d7-15c9-41ee-814e-4405ebd39845: start LeaderElection
2019-09-27 09:56:54,613 [280232d7-15c9-41ee-814e-4405ebd39845@group-5BE267CDA56A:LeaderElection12] INFO  impl.LeaderElection (LeaderElection.java:askForVotes(182)) - 280232d7-15c9-41ee-814e-4405ebd39845@group-5BE267CDA56A:LeaderElection12: begin an election at term 1 for -1: [280232d7-15c9-41ee-814e-4405ebd39845:192.168.151.103:43570], old=null
2019-09-27 09:56:54,613 [280232d7-15c9-41ee-814e-4405ebd39845@group-5BE267CDA56A:LeaderElection12] INFO  impl.RoleInfo (RoleInfo.java:shutdownLeaderElection(134)) - 280232d7-15c9-41ee-814e-4405ebd39845: shutdown LeaderElection
2019-09-27 09:56:54,613 [280232d7-15c9-41ee-814e-4405ebd39845@group-5BE267CDA56A:LeaderElection12] INFO  impl.RaftServerImpl (RaftServerImpl.java:setRole(174)) - 280232d7-15c9-41ee-814e-4405ebd39845@group-5BE267CDA56A: changes role from CANDIDATE to LEADER at term 1 for changeToLeader
2019-09-27 09:56:54,613 [280232d7-15c9-41ee-814e-4405ebd39845@group-5BE267CDA56A:LeaderElection12] INFO  impl.RaftServerImpl (ServerState.java:setLeader(253)) - 280232d7-15c9-41ee-814e-4405ebd39845@group-5BE267CDA56A: change Leader from null to 280232d7-15c9-41ee-814e-4405ebd39845 at term 1 for becomeLeader, leader elected after 5182ms
2019-09-27 09:56:54,613 [280232d7-15c9-41ee-814e-4405ebd39845@group-5BE267CDA56A:LeaderElection12] INFO  server.RaftServerConfigKeys (ConfUtils.java:logGet(43)) - raft.server.staging.catchup.gap = 1000 (default)
2019-09-27 09:56:54,614 [280232d7-15c9-41ee-814e-4405ebd39845@group-5BE267CDA56A:LeaderElection12] INFO  server.RaftServerConfigKeys (ConfUtils.java:logGet(43)) - raft.server.rpc.sleep.time = 25ms (default)
2019-09-27 09:56:54,614 [280232d7-15c9-41ee-814e-4405ebd39845@group-5BE267CDA56A:LeaderElection12] INFO  server.RaftServerConfigKeys (ConfUtils.java:logGet(43)) - raft.server.write.element-limit = 4096 (default)
2019-09-27 09:56:54,614 [280232d7-15c9-41ee-814e-4405ebd39845@group-5BE267CDA56A:LeaderElection12] INFO  server.RaftServerConfigKeys (ConfUtils.java:logGet(43)) - raft.server.watch.timeout = 10s (default)
2019-09-27 09:56:54,614 [280232d7-15c9-41ee-814e-4405ebd39845@group-5BE267CDA56A:LeaderElection12] INFO  server.RaftServerConfigKeys (ConfUtils.java:logGet(43)) - raft.server.watch.timeout.denomination = 1s (default)
2019-09-27 09:56:54,614 [280232d7-15c9-41ee-814e-4405ebd39845@group-5BE267CDA56A:LeaderElection12] INFO  server.RaftServerConfigKeys (ConfUtils.java:logGet(43)) - raft.server.watch.element-limit = 65536 (default)
2019-09-27 09:56:54,617 [280232d7-15c9-41ee-814e-4405ebd39845@group-5BE267CDA56A:LeaderElection12] INFO  impl.RoleInfo (RoleInfo.java:updateAndGet(143)) - 280232d7-15c9-41ee-814e-4405ebd39845: start LeaderState
2019-09-27 09:56:54,617 [280232d7-15c9-41ee-814e-4405ebd39845@group-5BE267CDA56A:LeaderElection12] INFO  segmented.SegmentedRaftLogWorker (SegmentedRaftLogWorker.java:startLogSegment(380)) - 280232d7-15c9-41ee-814e-4405ebd39845@group-5BE267CDA56A-SegmentedRaftLogWorker: Starting segment from index:0
2019-09-27 09:56:54,630 [280232d7-15c9-41ee-814e-4405ebd39845@group-5BE267CDA56A:LeaderElection12] INFO  impl.RaftServerImpl (ServerState.java:setRaftConf(354)) - 280232d7-15c9-41ee-814e-4405ebd39845@group-5BE267CDA56A: set configuration 0: [280232d7-15c9-41ee-814e-4405ebd39845:192.168.151.103:43570], old=null at 0
2019-09-27 09:56:54,679 [grpc-default-executor-3] INFO  impl.RaftServerImpl (RaftServerImpl.java:setRole(174)) - 98e467fb-2178-4bcc-aa88-91a9cb1be043@group-4C89F8E95440: changes role from  FOLLOWER to FOLLOWER at term 1 for recognizeCandidate:104d06c1-b6f4-46fe-abab-80b9f3463d81
2019-09-27 09:56:54,679 [grpc-default-executor-3] INFO  impl.RoleInfo (RoleInfo.java:shutdownFollowerState(121)) - 98e467fb-2178-4bcc-aa88-91a9cb1be043: shutdown FollowerState
2019-09-27 09:56:54,680 [grpc-default-executor-3] INFO  impl.RoleInfo (RoleInfo.java:updateAndGet(143)) - 98e467fb-2178-4bcc-aa88-91a9cb1be043: start FollowerState
2019-09-27 09:56:54,691 [Thread-329] INFO  impl.FollowerState (FollowerState.java:run(106)) - a8f5f0f5-8e74-4dbd-a70c-5d164a949520:group-41245BAC151D changes to CANDIDATE, lastRpcTime:5016, electionTimeout:5012ms
2019-09-27 09:56:54,691 [Thread-328] INFO  impl.FollowerState (FollowerState.java:run(106)) - 7c34c570-cc93-4d2d-95bb-ca6bff5b1acb:group-41245BAC151D changes to CANDIDATE, lastRpcTime:5026, electionTimeout:5013ms
2019-09-27 09:56:54,692 [Thread-329] INFO  impl.RoleInfo (RoleInfo.java:shutdownFollowerState(121)) - a8f5f0f5-8e74-4dbd-a70c-5d164a949520: shutdown FollowerState
2019-09-27 09:56:54,692 [Thread-328] INFO  impl.RoleInfo (RoleInfo.java:shutdownFollowerState(121)) - 7c34c570-cc93-4d2d-95bb-ca6bff5b1acb: shutdown FollowerState
2019-09-27 09:56:54,692 [Thread-329] INFO  impl.RaftServerImpl (RaftServerImpl.java:setRole(174)) - a8f5f0f5-8e74-4dbd-a70c-5d164a949520@group-41245BAC151D: changes role from  FOLLOWER to CANDIDATE at term 0 for changeToCandidate
2019-09-27 09:56:54,694 [280232d7-15c9-41ee-814e-4405ebd39845@group-5BE267CDA56A-SegmentedRaftLogWorker] INFO  segmented.SegmentedRaftLogWorker (SegmentedRaftLogWorker.java:execute(569)) - 280232d7-15c9-41ee-814e-4405ebd39845@group-5BE267CDA56A-SegmentedRaftLogWorker: created new log segment /workdir/hadoop-ozone/integration-test/target/test-dir/MiniOzoneClusterImpl-8eeacee4-f2ea-46c6-9d4b-1ae1fb96175b/datanode-8/data/ratis/a9a04695-b4ce-4455-9590-5be267cda56a/current/log_inprogress_0
2019-09-27 09:56:54,694 [Thread-329] INFO  impl.RoleInfo (RoleInfo.java:updateAndGet(143)) - a8f5f0f5-8e74-4dbd-a70c-5d164a949520: start LeaderElection
2019-09-27 09:56:54,692 [Thread-328] INFO  impl.RaftServerImpl (RaftServerImpl.java:setRole(174)) - 7c34c570-cc93-4d2d-95bb-ca6bff5b1acb@group-41245BAC151D: changes role from  FOLLOWER to CANDIDATE at term 0 for changeToCandidate
2019-09-27 09:56:54,701 [Thread-328] INFO  impl.RoleInfo (RoleInfo.java:updateAndGet(143)) - 7c34c570-cc93-4d2d-95bb-ca6bff5b1acb: start LeaderElection
2019-09-27 09:56:54,715 [a8f5f0f5-8e74-4dbd-a70c-5d164a949520@group-41245BAC151D:LeaderElection13] INFO  impl.LeaderElection (LeaderElection.java:askForVotes(182)) - a8f5f0f5-8e74-4dbd-a70c-5d164a949520@group-41245BAC151D:LeaderElection13: begin an election at term 1 for -1: [7c34c570-cc93-4d2d-95bb-ca6bff5b1acb:192.168.151.103:42543, a8f5f0f5-8e74-4dbd-a70c-5d164a949520:192.168.151.103:42561, 2c15b4bb-8004-40ae-ac45-1dc5514b42f4:192.168.151.103:40265], old=null
2019-09-27 09:56:54,715 [7c34c570-cc93-4d2d-95bb-ca6bff5b1acb@group-41245BAC151D:LeaderElection14] INFO  impl.LeaderElection (LeaderElection.java:askForVotes(182)) - 7c34c570-cc93-4d2d-95bb-ca6bff5b1acb@group-41245BAC151D:LeaderElection14: begin an election at term 1 for -1: [7c34c570-cc93-4d2d-95bb-ca6bff5b1acb:192.168.151.103:42543, a8f5f0f5-8e74-4dbd-a70c-5d164a949520:192.168.151.103:42561, 2c15b4bb-8004-40ae-ac45-1dc5514b42f4:192.168.151.103:40265], old=null
2019-09-27 09:56:54,733 [104d06c1-b6f4-46fe-abab-80b9f3463d81@group-4C89F8E95440:LeaderElection11] INFO  impl.LeaderElection (LeaderElection.java:logAndReturn(56)) - 104d06c1-b6f4-46fe-abab-80b9f3463d81@group-4C89F8E95440:LeaderElection11: Election PASSED; received 2 response(s) [104d06c1-b6f4-46fe-abab-80b9f3463d81<-98e467fb-2178-4bcc-aa88-91a9cb1be043#0:OK-t1, 104d06c1-b6f4-46fe-abab-80b9f3463d81<-5911da34-ca57-408c-8816-1c7f5f86ee30#0:FAIL-t1] and 0 exception(s); 104d06c1-b6f4-46fe-abab-80b9f3463d81@group-4C89F8E95440:t1, leader=null, voted=104d06c1-b6f4-46fe-abab-80b9f3463d81, raftlog=104d06c1-b6f4-46fe-abab-80b9f3463d81@group-4C89F8E95440-SegmentedRaftLog:OPENED:c-1,f-1,i0, conf=-1: [98e467fb-2178-4bcc-aa88-91a9cb1be043:192.168.151.103:41309, 104d06c1-b6f4-46fe-abab-80b9f3463d81:192.168.151.103:40714, 5911da34-ca57-408c-8816-1c7f5f86ee30:192.168.151.103:44957], old=null
2019-09-27 09:56:54,733 [5911da34-ca57-408c-8816-1c7f5f86ee30@group-4C89F8E95440:LeaderElection10] INFO  impl.LeaderElection (LeaderElection.java:logAndReturn(56)) - 5911da34-ca57-408c-8816-1c7f5f86ee30@group-4C89F8E95440:LeaderElection10: Election REJECTED; received 2 response(s) [5911da34-ca57-408c-8816-1c7f5f86ee30<-104d06c1-b6f4-46fe-abab-80b9f3463d81#0:FAIL-t1, 5911da34-ca57-408c-8816-1c7f5f86ee30<-98e467fb-2178-4bcc-aa88-91a9cb1be043#0:FAIL-t1] and 0 exception(s); 5911da34-ca57-408c-8816-1c7f5f86ee30@group-4C89F8E95440:t1, leader=null, voted=5911da34-ca57-408c-8816-1c7f5f86ee30, raftlog=5911da34-ca57-408c-8816-1c7f5f86ee30@group-4C89F8E95440-SegmentedRaftLog:OPENED:c-1,f-1,i0, conf=-1: [98e467fb-2178-4bcc-aa88-91a9cb1be043:192.168.151.103:41309, 104d06c1-b6f4-46fe-abab-80b9f3463d81:192.168.151.103:40714, 5911da34-ca57-408c-8816-1c7f5f86ee30:192.168.151.103:44957], old=null
2019-09-27 09:56:54,733 [104d06c1-b6f4-46fe-abab-80b9f3463d81@group-4C89F8E95440:LeaderElection11] INFO  impl.RoleInfo (RoleInfo.java:shutdownLeaderElection(134)) - 104d06c1-b6f4-46fe-abab-80b9f3463d81: shutdown LeaderElection
2019-09-27 09:56:54,739 [Thread-326] INFO  impl.FollowerState (FollowerState.java:run(106)) - 2c15b4bb-8004-40ae-ac45-1dc5514b42f4:group-41245BAC151D changes to CANDIDATE, lastRpcTime:5077, electionTimeout:5074ms
2019-09-27 09:56:54,739 [5911da34-ca57-408c-8816-1c7f5f86ee30@group-4C89F8E95440:LeaderElection10] INFO  impl.RaftServerImpl (RaftServerImpl.java:setRole(174)) - 5911da34-ca57-408c-8816-1c7f5f86ee30@group-4C89F8E95440: changes role from CANDIDATE to FOLLOWER at term 1 for DISCOVERED_A_NEW_TERM
2019-09-27 09:56:54,741 [Thread-326] INFO  impl.RoleInfo (RoleInfo.java:shutdownFollowerState(121)) - 2c15b4bb-8004-40ae-ac45-1dc5514b42f4: shutdown FollowerState
2019-09-27 09:56:54,741 [104d06c1-b6f4-46fe-abab-80b9f3463d81@group-4C89F8E95440:LeaderElection11] INFO  impl.RaftServerImpl (RaftServerImpl.java:setRole(174)) - 104d06c1-b6f4-46fe-abab-80b9f3463d81@group-4C89F8E95440: changes role from CANDIDATE to LEADER at term 1 for changeToLeader
2019-09-27 09:56:54,741 [Thread-326] INFO  impl.RaftServerImpl (RaftServerImpl.java:setRole(174)) - 2c15b4bb-8004-40ae-ac45-1dc5514b42f4@group-41245BAC151D: changes role from  FOLLOWER to CANDIDATE at term 0 for changeToCandidate
2019-09-27 09:56:54,741 [5911da34-ca57-408c-8816-1c7f5f86ee30@group-4C89F8E95440:LeaderElection10] INFO  impl.RoleInfo (RoleInfo.java:shutdownLeaderElection(134)) - 5911da34-ca57-408c-8816-1c7f5f86ee30: shutdown LeaderElection
2019-09-27 09:56:54,742 [Thread-326] INFO  impl.RoleInfo (RoleInfo.java:updateAndGet(143)) - 2c15b4bb-8004-40ae-ac45-1dc5514b42f4: start LeaderElection
2019-09-27 09:56:54,742 [5911da34-ca57-408c-8816-1c7f5f86ee30@group-4C89F8E95440:LeaderElection10] INFO  impl.RoleInfo (RoleInfo.java:updateAndGet(143)) - 5911da34-ca57-408c-8816-1c7f5f86ee30: start FollowerState
2019-09-27 09:56:54,742 [104d06c1-b6f4-46fe-abab-80b9f3463d81@group-4C89F8E95440:LeaderElection11] INFO  impl.RaftServerImpl (ServerState.java:setLeader(253)) - 104d06c1-b6f4-46fe-abab-80b9f3463d81@group-4C89F8E95440: change Leader from null to 104d06c1-b6f4-46fe-abab-80b9f3463d81 at term 1 for becomeLeader, leader elected after 5207ms
2019-09-27 09:56:54,750 [104d06c1-b6f4-46fe-abab-80b9f3463d81@group-4C89F8E95440:LeaderElection11] INFO  server.RaftServerConfigKeys (ConfUtils.java:logGet(43)) - raft.server.staging.catchup.gap = 1000 (default)
2019-09-27 09:56:54,751 [104d06c1-b6f4-46fe-abab-80b9f3463d81@group-4C89F8E95440:LeaderElection11] INFO  server.RaftServerConfigKeys (ConfUtils.java:logGet(43)) - raft.server.rpc.sleep.time = 25ms (default)
2019-09-27 09:56:54,751 [104d06c1-b6f4-46fe-abab-80b9f3463d81@group-4C89F8E95440:LeaderElection11] INFO  server.RaftServerConfigKeys (ConfUtils.java:logGet(43)) - raft.server.write.element-limit = 4096 (default)
2019-09-27 09:56:54,753 [104d06c1-b6f4-46fe-abab-80b9f3463d81@group-4C89F8E95440:LeaderElection11] INFO  server.RaftServerConfigKeys (ConfUtils.java:logGet(43)) - raft.server.watch.timeout = 10s (default)
2019-09-27 09:56:54,753 [104d06c1-b6f4-46fe-abab-80b9f3463d81@group-4C89F8E95440:LeaderElection11] INFO  server.RaftServerConfigKeys (ConfUtils.java:logGet(43)) - raft.server.watch.timeout.denomination = 1s (default)
2019-09-27 09:56:54,753 [104d06c1-b6f4-46fe-abab-80b9f3463d81@group-4C89F8E95440:LeaderElection11] INFO  server.RaftServerConfigKeys (ConfUtils.java:logGet(43)) - raft.server.watch.element-limit = 65536 (default)
2019-09-27 09:56:54,768 [104d06c1-b6f4-46fe-abab-80b9f3463d81@group-4C89F8E95440:LeaderElection11] INFO  server.RaftServerConfigKeys (ConfUtils.java:logGet(43)) - raft.server.log.appender.snapshot.chunk.size.max = 16MB (=16777216) (default)
2019-09-27 09:56:54,768 [104d06c1-b6f4-46fe-abab-80b9f3463d81@group-4C89F8E95440:LeaderElection11] INFO  server.RaftServerConfigKeys (ConfUtils.java:logGet(43)) - raft.server.log.appender.buffer.byte-limit = 33554432 (custom)
2019-09-27 09:56:54,769 [104d06c1-b6f4-46fe-abab-80b9f3463d81@group-4C89F8E95440:LeaderElection11] INFO  server.RaftServerConfigKeys (ConfUtils.java:logGet(43)) - raft.server.log.appender.buffer.element-limit = 1 (custom)
2019-09-27 09:56:54,773 [104d06c1-b6f4-46fe-abab-80b9f3463d81@group-4C89F8E95440:LeaderElection11] INFO  grpc.GrpcConfigKeys$Server (ConfUtils.java:logGet(43)) - raft.grpc.server.leader.outstanding.appends.max = 128 (default)
2019-09-27 09:56:54,773 [104d06c1-b6f4-46fe-abab-80b9f3463d81@group-4C89F8E95440:LeaderElection11] INFO  server.RaftServerConfigKeys (ConfUtils.java:logGet(43)) - raft.server.rpc.request.timeout = 3000ms (default)
2019-09-27 09:56:54,774 [104d06c1-b6f4-46fe-abab-80b9f3463d81@group-4C89F8E95440:LeaderElection11] INFO  server.RaftServerConfigKeys (ConfUtils.java:logGet(43)) - raft.server.log.appender.install.snapshot.enabled = false (custom)
2019-09-27 09:56:54,775 [104d06c1-b6f4-46fe-abab-80b9f3463d81@group-4C89F8E95440:LeaderElection11] INFO  server.RaftServerConfigKeys (ConfUtils.java:logGet(43)) - raft.server.log.appender.snapshot.chunk.size.max = 16MB (=16777216) (default)
2019-09-27 09:56:54,775 [104d06c1-b6f4-46fe-abab-80b9f3463d81@group-4C89F8E95440:LeaderElection11] INFO  server.RaftServerConfigKeys (ConfUtils.java:logGet(43)) - raft.server.log.appender.buffer.byte-limit = 33554432 (custom)
2019-09-27 09:56:54,775 [104d06c1-b6f4-46fe-abab-80b9f3463d81@group-4C89F8E95440:LeaderElection11] INFO  server.RaftServerConfigKeys (ConfUtils.java:logGet(43)) - raft.server.log.appender.buffer.element-limit = 1 (custom)
2019-09-27 09:56:54,776 [104d06c1-b6f4-46fe-abab-80b9f3463d81@group-4C89F8E95440:LeaderElection11] INFO  grpc.GrpcConfigKeys$Server (ConfUtils.java:logGet(43)) - raft.grpc.server.leader.outstanding.appends.max = 128 (default)
2019-09-27 09:56:54,776 [104d06c1-b6f4-46fe-abab-80b9f3463d81@group-4C89F8E95440:LeaderElection11] INFO  server.RaftServerConfigKeys (ConfUtils.java:logGet(43)) - raft.server.rpc.request.timeout = 3000ms (default)
2019-09-27 09:56:54,776 [104d06c1-b6f4-46fe-abab-80b9f3463d81@group-4C89F8E95440:LeaderElection11] INFO  server.RaftServerConfigKeys (ConfUtils.java:logGet(43)) - raft.server.log.appender.install.snapshot.enabled = false (custom)
2019-09-27 09:56:54,777 [2c15b4bb-8004-40ae-ac45-1dc5514b42f4@group-41245BAC151D:LeaderElection15] INFO  impl.LeaderElection (LeaderElection.java:askForVotes(182)) - 2c15b4bb-8004-40ae-ac45-1dc5514b42f4@group-41245BAC151D:LeaderElection15: begin an election at term 1 for -1: [7c34c570-cc93-4d2d-95bb-ca6bff5b1acb:192.168.151.103:42543, a8f5f0f5-8e74-4dbd-a70c-5d164a949520:192.168.151.103:42561, 2c15b4bb-8004-40ae-ac45-1dc5514b42f4:192.168.151.103:40265], old=null
2019-09-27 09:56:54,787 [7c34c570-cc93-4d2d-95bb-ca6bff5b1acb@group-41245BAC151D:LeaderElection14] INFO  impl.LeaderElection (LeaderElection.java:logAndReturn(56)) - 7c34c570-cc93-4d2d-95bb-ca6bff5b1acb@group-41245BAC151D:LeaderElection14: Election REJECTED; received 2 response(s) [7c34c570-cc93-4d2d-95bb-ca6bff5b1acb<-a8f5f0f5-8e74-4dbd-a70c-5d164a949520#0:FAIL-t1, 7c34c570-cc93-4d2d-95bb-ca6bff5b1acb<-2c15b4bb-8004-40ae-ac45-1dc5514b42f4#0:FAIL-t1] and 0 exception(s); 7c34c570-cc93-4d2d-95bb-ca6bff5b1acb@group-41245BAC151D:t1, leader=null, voted=7c34c570-cc93-4d2d-95bb-ca6bff5b1acb, raftlog=7c34c570-cc93-4d2d-95bb-ca6bff5b1acb@group-41245BAC151D-SegmentedRaftLog:OPENED:c-1,f-1,i0, conf=-1: [7c34c570-cc93-4d2d-95bb-ca6bff5b1acb:192.168.151.103:42543, a8f5f0f5-8e74-4dbd-a70c-5d164a949520:192.168.151.103:42561, 2c15b4bb-8004-40ae-ac45-1dc5514b42f4:192.168.151.103:40265], old=null
2019-09-27 09:56:54,787 [a8f5f0f5-8e74-4dbd-a70c-5d164a949520@group-41245BAC151D:LeaderElection13] INFO  impl.LeaderElection (LeaderElection.java:logAndReturn(56)) - a8f5f0f5-8e74-4dbd-a70c-5d164a949520@group-41245BAC151D:LeaderElection13: Election REJECTED; received 2 response(s) [a8f5f0f5-8e74-4dbd-a70c-5d164a949520<-7c34c570-cc93-4d2d-95bb-ca6bff5b1acb#0:FAIL-t1, a8f5f0f5-8e74-4dbd-a70c-5d164a949520<-2c15b4bb-8004-40ae-ac45-1dc5514b42f4#0:FAIL-t1] and 0 exception(s); a8f5f0f5-8e74-4dbd-a70c-5d164a949520@group-41245BAC151D:t1, leader=null, voted=a8f5f0f5-8e74-4dbd-a70c-5d164a949520, raftlog=a8f5f0f5-8e74-4dbd-a70c-5d164a949520@group-41245BAC151D-SegmentedRaftLog:OPENED:c-1,f-1,i0, conf=-1: [7c34c570-cc93-4d2d-95bb-ca6bff5b1acb:192.168.151.103:42543, a8f5f0f5-8e74-4dbd-a70c-5d164a949520:192.168.151.103:42561, 2c15b4bb-8004-40ae-ac45-1dc5514b42f4:192.168.151.103:40265], old=null
2019-09-27 09:56:54,788 [104d06c1-b6f4-46fe-abab-80b9f3463d81@group-4C89F8E95440:LeaderElection11] INFO  impl.RoleInfo (RoleInfo.java:updateAndGet(143)) - 104d06c1-b6f4-46fe-abab-80b9f3463d81: start LeaderState
2019-09-27 09:56:54,788 [7c34c570-cc93-4d2d-95bb-ca6bff5b1acb@group-41245BAC151D:LeaderElection14] INFO  impl.RaftServerImpl (RaftServerImpl.java:setRole(174)) - 7c34c570-cc93-4d2d-95bb-ca6bff5b1acb@group-41245BAC151D: changes role from CANDIDATE to FOLLOWER at term 1 for DISCOVERED_A_NEW_TERM
2019-09-27 09:56:54,796 [7c34c570-cc93-4d2d-95bb-ca6bff5b1acb@group-41245BAC151D:LeaderElection14] INFO  impl.RoleInfo (RoleInfo.java:shutdownLeaderElection(134)) - 7c34c570-cc93-4d2d-95bb-ca6bff5b1acb: shutdown LeaderElection
2019-09-27 09:56:54,791 [a8f5f0f5-8e74-4dbd-a70c-5d164a949520@group-41245BAC151D:LeaderElection13] INFO  impl.RaftServerImpl (RaftServerImpl.java:setRole(174)) - a8f5f0f5-8e74-4dbd-a70c-5d164a949520@group-41245BAC151D: changes role from CANDIDATE to FOLLOWER at term 1 for DISCOVERED_A_NEW_TERM
2019-09-27 09:56:54,796 [7c34c570-cc93-4d2d-95bb-ca6bff5b1acb@group-41245BAC151D:LeaderElection14] INFO  impl.RoleInfo (RoleInfo.java:updateAndGet(143)) - 7c34c570-cc93-4d2d-95bb-ca6bff5b1acb: start FollowerState
2019-09-27 09:56:54,796 [104d06c1-b6f4-46fe-abab-80b9f3463d81@group-4C89F8E95440:LeaderElection11] INFO  segmented.SegmentedRaftLogWorker (SegmentedRaftLogWorker.java:startLogSegment(380)) - 104d06c1-b6f4-46fe-abab-80b9f3463d81@group-4C89F8E95440-SegmentedRaftLogWorker: Starting segment from index:0
2019-09-27 09:56:54,796 [a8f5f0f5-8e74-4dbd-a70c-5d164a949520@group-41245BAC151D:LeaderElection13] INFO  impl.RoleInfo (RoleInfo.java:shutdownLeaderElection(134)) - a8f5f0f5-8e74-4dbd-a70c-5d164a949520: shutdown LeaderElection
2019-09-27 09:56:54,805 [a8f5f0f5-8e74-4dbd-a70c-5d164a949520@group-41245BAC151D:LeaderElection13] INFO  impl.RoleInfo (RoleInfo.java:updateAndGet(143)) - a8f5f0f5-8e74-4dbd-a70c-5d164a949520: start FollowerState
2019-09-27 09:56:54,805 [104d06c1-b6f4-46fe-abab-80b9f3463d81@group-4C89F8E95440:LeaderElection11] INFO  impl.RaftServerImpl (ServerState.java:setRaftConf(354)) - 104d06c1-b6f4-46fe-abab-80b9f3463d81@group-4C89F8E95440: set configuration 0: [98e467fb-2178-4bcc-aa88-91a9cb1be043:192.168.151.103:41309, 104d06c1-b6f4-46fe-abab-80b9f3463d81:192.168.151.103:40714, 5911da34-ca57-408c-8816-1c7f5f86ee30:192.168.151.103:44957], old=null at 0
2019-09-27 09:56:54,859 [104d06c1-b6f4-46fe-abab-80b9f3463d81@group-4C89F8E95440-SegmentedRaftLogWorker] INFO  segmented.SegmentedRaftLogWorker (SegmentedRaftLogWorker.java:execute(569)) - 104d06c1-b6f4-46fe-abab-80b9f3463d81@group-4C89F8E95440-SegmentedRaftLogWorker: created new log segment /workdir/hadoop-ozone/integration-test/target/test-dir/MiniOzoneClusterImpl-8eeacee4-f2ea-46c6-9d4b-1ae1fb96175b/datanode-2/data/ratis/a30604c3-4b56-4930-9a48-4c89f8e95440/current/log_inprogress_0
2019-09-27 09:56:54,859 [2c15b4bb-8004-40ae-ac45-1dc5514b42f4@group-41245BAC151D:LeaderElection15] INFO  impl.LeaderElection (LeaderElection.java:logAndReturn(56)) - 2c15b4bb-8004-40ae-ac45-1dc5514b42f4@group-41245BAC151D:LeaderElection15: Election REJECTED; received 2 response(s) [2c15b4bb-8004-40ae-ac45-1dc5514b42f4<-7c34c570-cc93-4d2d-95bb-ca6bff5b1acb#0:FAIL-t1, 2c15b4bb-8004-40ae-ac45-1dc5514b42f4<-a8f5f0f5-8e74-4dbd-a70c-5d164a949520#0:FAIL-t1] and 0 exception(s); 2c15b4bb-8004-40ae-ac45-1dc5514b42f4@group-41245BAC151D:t1, leader=null, voted=2c15b4bb-8004-40ae-ac45-1dc5514b42f4, raftlog=2c15b4bb-8004-40ae-ac45-1dc5514b42f4@group-41245BAC151D-SegmentedRaftLog:OPENED:c-1,f-1,i0, conf=-1: [7c34c570-cc93-4d2d-95bb-ca6bff5b1acb:192.168.151.103:42543, a8f5f0f5-8e74-4dbd-a70c-5d164a949520:192.168.151.103:42561, 2c15b4bb-8004-40ae-ac45-1dc5514b42f4:192.168.151.103:40265], old=null
2019-09-27 09:56:54,859 [2c15b4bb-8004-40ae-ac45-1dc5514b42f4@group-41245BAC151D:LeaderElection15] INFO  impl.RaftServerImpl (RaftServerImpl.java:setRole(174)) - 2c15b4bb-8004-40ae-ac45-1dc5514b42f4@group-41245BAC151D: changes role from CANDIDATE to FOLLOWER at term 1 for DISCOVERED_A_NEW_TERM
2019-09-27 09:56:54,859 [2c15b4bb-8004-40ae-ac45-1dc5514b42f4@group-41245BAC151D:LeaderElection15] INFO  impl.RoleInfo (RoleInfo.java:shutdownLeaderElection(134)) - 2c15b4bb-8004-40ae-ac45-1dc5514b42f4: shutdown LeaderElection
2019-09-27 09:56:54,860 [2c15b4bb-8004-40ae-ac45-1dc5514b42f4@group-41245BAC151D:LeaderElection15] INFO  impl.RoleInfo (RoleInfo.java:updateAndGet(143)) - 2c15b4bb-8004-40ae-ac45-1dc5514b42f4: start FollowerState
2019-09-27 09:56:54,878 [grpc-default-executor-1] INFO  impl.RaftServerImpl (ServerState.java:setLeader(253)) - 98e467fb-2178-4bcc-aa88-91a9cb1be043@group-4C89F8E95440: change Leader from null to 104d06c1-b6f4-46fe-abab-80b9f3463d81 at term 1 for appendEntries, leader elected after 5343ms
2019-09-27 09:56:54,878 [grpc-default-executor-2] INFO  impl.RaftServerImpl (ServerState.java:setLeader(253)) - 5911da34-ca57-408c-8816-1c7f5f86ee30@group-4C89F8E95440: change Leader from null to 104d06c1-b6f4-46fe-abab-80b9f3463d81 at term 1 for appendEntries, leader elected after 5343ms
2019-09-27 09:56:54,888 [Thread-335] INFO  impl.FollowerState (FollowerState.java:run(106)) - a5178916-7f43-4d44-a33e-8aed6c9e8814:group-B6E36139D1C6 changes to CANDIDATE, lastRpcTime:5111, electionTimeout:5110ms
2019-09-27 09:56:54,888 [Thread-335] INFO  impl.RoleInfo (RoleInfo.java:shutdownFollowerState(121)) - a5178916-7f43-4d44-a33e-8aed6c9e8814: shutdown FollowerState
2019-09-27 09:56:54,888 [Thread-335] INFO  impl.RaftServerImpl (RaftServerImpl.java:setRole(174)) - a5178916-7f43-4d44-a33e-8aed6c9e8814@group-B6E36139D1C6: changes role from  FOLLOWER to CANDIDATE at term 0 for changeToCandidate
2019-09-27 09:56:54,890 [Thread-335] INFO  impl.RoleInfo (RoleInfo.java:updateAndGet(143)) - a5178916-7f43-4d44-a33e-8aed6c9e8814: start LeaderElection
2019-09-27 09:56:54,909 [Thread-338] INFO  impl.FollowerState (FollowerState.java:run(106)) - ebd02079-cc9f-48d7-8c8e-ec4136f19434:group-B6E36139D1C6 changes to CANDIDATE, lastRpcTime:5126, electionTimeout:5126ms
2019-09-27 09:56:54,909 [a5178916-7f43-4d44-a33e-8aed6c9e8814@group-B6E36139D1C6:LeaderElection16] INFO  impl.LeaderElection (LeaderElection.java:askForVotes(182)) - a5178916-7f43-4d44-a33e-8aed6c9e8814@group-B6E36139D1C6:LeaderElection16: begin an election at term 1 for -1: [a5178916-7f43-4d44-a33e-8aed6c9e8814:192.168.151.103:34011, ebd02079-cc9f-48d7-8c8e-ec4136f19434:192.168.151.103:42859, 314e6693-f7ac-41e1-8044-5e96ad768d09:192.168.151.103:33493], old=null
2019-09-27 09:56:54,909 [Thread-338] INFO  impl.RoleInfo (RoleInfo.java:shutdownFollowerState(121)) - ebd02079-cc9f-48d7-8c8e-ec4136f19434: shutdown FollowerState
2019-09-27 09:56:54,909 [Thread-338] INFO  impl.RaftServerImpl (RaftServerImpl.java:setRole(174)) - ebd02079-cc9f-48d7-8c8e-ec4136f19434@group-B6E36139D1C6: changes role from  FOLLOWER to CANDIDATE at term 0 for changeToCandidate
2019-09-27 09:56:54,909 [Thread-338] INFO  impl.RoleInfo (RoleInfo.java:updateAndGet(143)) - ebd02079-cc9f-48d7-8c8e-ec4136f19434: start LeaderElection
2019-09-27 09:56:54,935 [grpc-default-executor-2] INFO  impl.RaftServerImpl (RaftServerImpl.java:setRole(174)) - 314e6693-f7ac-41e1-8044-5e96ad768d09@group-B6E36139D1C6: changes role from  FOLLOWER to FOLLOWER at term 1 for recognizeCandidate:a5178916-7f43-4d44-a33e-8aed6c9e8814
2019-09-27 09:56:54,935 [grpc-default-executor-2] INFO  impl.RoleInfo (RoleInfo.java:shutdownFollowerState(121)) - 314e6693-f7ac-41e1-8044-5e96ad768d09: shutdown FollowerState
2019-09-27 09:56:54,935 [grpc-default-executor-2] INFO  impl.RoleInfo (RoleInfo.java:updateAndGet(143)) - 314e6693-f7ac-41e1-8044-5e96ad768d09: start FollowerState
2019-09-27 09:56:54,936 [Thread-337] INFO  impl.FollowerState (FollowerState.java:run(115)) - 314e6693-f7ac-41e1-8044-5e96ad768d09: FollowerState was interrupted: java.lang.InterruptedException: sleep interrupted
2019-09-27 09:56:54,938 [ebd02079-cc9f-48d7-8c8e-ec4136f19434@group-B6E36139D1C6:LeaderElection17] INFO  impl.LeaderElection (LeaderElection.java:askForVotes(182)) - ebd02079-cc9f-48d7-8c8e-ec4136f19434@group-B6E36139D1C6:LeaderElection17: begin an election at term 1 for -1: [a5178916-7f43-4d44-a33e-8aed6c9e8814:192.168.151.103:34011, ebd02079-cc9f-48d7-8c8e-ec4136f19434:192.168.151.103:42859, 314e6693-f7ac-41e1-8044-5e96ad768d09:192.168.151.103:33493], old=null
2019-09-27 09:56:54,939 [grpc-default-executor-1] INFO  impl.RaftServerImpl (ServerState.java:setRaftConf(354)) - 98e467fb-2178-4bcc-aa88-91a9cb1be043@group-4C89F8E95440: set configuration 0: [98e467fb-2178-4bcc-aa88-91a9cb1be043:192.168.151.103:41309, 104d06c1-b6f4-46fe-abab-80b9f3463d81:192.168.151.103:40714, 5911da34-ca57-408c-8816-1c7f5f86ee30:192.168.151.103:44957], old=null at 0
2019-09-27 09:56:54,939 [grpc-default-executor-0] INFO  impl.RaftServerImpl (ServerState.java:setRaftConf(354)) - 5911da34-ca57-408c-8816-1c7f5f86ee30@group-4C89F8E95440: set configuration 0: [98e467fb-2178-4bcc-aa88-91a9cb1be043:192.168.151.103:41309, 104d06c1-b6f4-46fe-abab-80b9f3463d81:192.168.151.103:40714, 5911da34-ca57-408c-8816-1c7f5f86ee30:192.168.151.103:44957], old=null at 0
2019-09-27 09:56:54,941 [grpc-default-executor-1] INFO  segmented.SegmentedRaftLogWorker (SegmentedRaftLogWorker.java:startLogSegment(380)) - 98e467fb-2178-4bcc-aa88-91a9cb1be043@group-4C89F8E95440-SegmentedRaftLogWorker: Starting segment from index:0
2019-09-27 09:56:54,941 [grpc-default-executor-0] INFO  segmented.SegmentedRaftLogWorker (SegmentedRaftLogWorker.java:startLogSegment(380)) - 5911da34-ca57-408c-8816-1c7f5f86ee30@group-4C89F8E95440-SegmentedRaftLogWorker: Starting segment from index:0
2019-09-27 09:56:54,993 [a5178916-7f43-4d44-a33e-8aed6c9e8814@group-B6E36139D1C6:LeaderElection16] INFO  impl.LeaderElection (LeaderElection.java:logAndReturn(56)) - a5178916-7f43-4d44-a33e-8aed6c9e8814@group-B6E36139D1C6:LeaderElection16: Election PASSED; received 2 response(s) [a5178916-7f43-4d44-a33e-8aed6c9e8814<-ebd02079-cc9f-48d7-8c8e-ec4136f19434#0:FAIL-t1, a5178916-7f43-4d44-a33e-8aed6c9e8814<-314e6693-f7ac-41e1-8044-5e96ad768d09#0:OK-t1] and 0 exception(s); a5178916-7f43-4d44-a33e-8aed6c9e8814@group-B6E36139D1C6:t1, leader=null, voted=a5178916-7f43-4d44-a33e-8aed6c9e8814, raftlog=a5178916-7f43-4d44-a33e-8aed6c9e8814@group-B6E36139D1C6-SegmentedRaftLog:OPENED:c-1,f-1,i0, conf=-1: [a5178916-7f43-4d44-a33e-8aed6c9e8814:192.168.151.103:34011, ebd02079-cc9f-48d7-8c8e-ec4136f19434:192.168.151.103:42859, 314e6693-f7ac-41e1-8044-5e96ad768d09:192.168.151.103:33493], old=null
2019-09-27 09:56:54,993 [a5178916-7f43-4d44-a33e-8aed6c9e8814@group-B6E36139D1C6:LeaderElection16] INFO  impl.RoleInfo (RoleInfo.java:shutdownLeaderElection(134)) - a5178916-7f43-4d44-a33e-8aed6c9e8814: shutdown LeaderElection
2019-09-27 09:56:54,997 [a5178916-7f43-4d44-a33e-8aed6c9e8814@group-B6E36139D1C6:LeaderElection16] INFO  impl.RaftServerImpl (RaftServerImpl.java:setRole(174)) - a5178916-7f43-4d44-a33e-8aed6c9e8814@group-B6E36139D1C6: changes role from CANDIDATE to LEADER at term 1 for changeToLeader
2019-09-27 09:56:54,997 [a5178916-7f43-4d44-a33e-8aed6c9e8814@group-B6E36139D1C6:LeaderElection16] INFO  impl.RaftServerImpl (ServerState.java:setLeader(253)) - a5178916-7f43-4d44-a33e-8aed6c9e8814@group-B6E36139D1C6: change Leader from null to a5178916-7f43-4d44-a33e-8aed6c9e8814 at term 1 for becomeLeader, leader elected after 5230ms
2019-09-27 09:56:54,997 [a5178916-7f43-4d44-a33e-8aed6c9e8814@group-B6E36139D1C6:LeaderElection16] INFO  server.RaftServerConfigKeys (ConfUtils.java:logGet(43)) - raft.server.staging.catchup.gap = 1000 (default)
2019-09-27 09:56:54,997 [a5178916-7f43-4d44-a33e-8aed6c9e8814@group-B6E36139D1C6:LeaderElection16] INFO  server.RaftServerConfigKeys (ConfUtils.java:logGet(43)) - raft.server.rpc.sleep.time = 25ms (default)
2019-09-27 09:56:54,997 [a5178916-7f43-4d44-a33e-8aed6c9e8814@group-B6E36139D1C6:LeaderElection16] INFO  server.RaftServerConfigKeys (ConfUtils.java:logGet(43)) - raft.server.write.element-limit = 4096 (default)
2019-09-27 09:56:54,998 [a5178916-7f43-4d44-a33e-8aed6c9e8814@group-B6E36139D1C6:LeaderElection16] INFO  server.RaftServerConfigKeys (ConfUtils.java:logGet(43)) - raft.server.watch.timeout = 10s (default)
2019-09-27 09:56:54,998 [a5178916-7f43-4d44-a33e-8aed6c9e8814@group-B6E36139D1C6:LeaderElection16] INFO  server.RaftServerConfigKeys (ConfUtils.java:logGet(43)) - raft.server.watch.timeout.denomination = 1s (default)
2019-09-27 09:56:54,998 [a5178916-7f43-4d44-a33e-8aed6c9e8814@group-B6E36139D1C6:LeaderElection16] INFO  server.RaftServerConfigKeys (ConfUtils.java:logGet(43)) - raft.server.watch.element-limit = 65536 (default)
2019-09-27 09:56:54,999 [5911da34-ca57-408c-8816-1c7f5f86ee30@group-4C89F8E95440-SegmentedRaftLogWorker] INFO  segmented.SegmentedRaftLogWorker (SegmentedRaftLogWorker.java:execute(569)) - 5911da34-ca57-408c-8816-1c7f5f86ee30@group-4C89F8E95440-SegmentedRaftLogWorker: created new log segment /workdir/hadoop-ozone/integration-test/target/test-dir/MiniOzoneClusterImpl-8eeacee4-f2ea-46c6-9d4b-1ae1fb96175b/datanode-1/data/ratis/a30604c3-4b56-4930-9a48-4c89f8e95440/current/log_inprogress_0
2019-09-27 09:56:54,999 [98e467fb-2178-4bcc-aa88-91a9cb1be043@group-4C89F8E95440-SegmentedRaftLogWorker] INFO  segmented.SegmentedRaftLogWorker (SegmentedRaftLogWorker.java:execute(569)) - 98e467fb-2178-4bcc-aa88-91a9cb1be043@group-4C89F8E95440-SegmentedRaftLogWorker: created new log segment /workdir/hadoop-ozone/integration-test/target/test-dir/MiniOzoneClusterImpl-8eeacee4-f2ea-46c6-9d4b-1ae1fb96175b/datanode-9/data/ratis/a30604c3-4b56-4930-9a48-4c89f8e95440/current/log_inprogress_0
2019-09-27 09:56:55,014 [a5178916-7f43-4d44-a33e-8aed6c9e8814@group-B6E36139D1C6:LeaderElection16] INFO  server.RaftServerConfigKeys (ConfUtils.java:logGet(43)) - raft.server.log.appender.snapshot.chunk.size.max = 16MB (=16777216) (default)
2019-09-27 09:56:55,015 [a5178916-7f43-4d44-a33e-8aed6c9e8814@group-B6E36139D1C6:LeaderElection16] INFO  server.RaftServerConfigKeys (ConfUtils.java:logGet(43)) - raft.server.log.appender.buffer.byte-limit = 33554432 (custom)
2019-09-27 09:56:55,015 [a5178916-7f43-4d44-a33e-8aed6c9e8814@group-B6E36139D1C6:LeaderElection16] INFO  server.RaftServerConfigKeys (ConfUtils.java:logGet(43)) - raft.server.log.appender.buffer.element-limit = 1 (custom)
2019-09-27 09:56:55,015 [a5178916-7f43-4d44-a33e-8aed6c9e8814@group-B6E36139D1C6:LeaderElection16] INFO  grpc.GrpcConfigKeys$Server (ConfUtils.java:logGet(43)) - raft.grpc.server.leader.outstanding.appends.max = 128 (default)
2019-09-27 09:56:55,017 [a5178916-7f43-4d44-a33e-8aed6c9e8814@group-B6E36139D1C6:LeaderElection16] INFO  server.RaftServerConfigKeys (ConfUtils.java:logGet(43)) - raft.server.rpc.request.timeout = 3000ms (default)
2019-09-27 09:56:55,018 [a5178916-7f43-4d44-a33e-8aed6c9e8814@group-B6E36139D1C6:LeaderElection16] INFO  server.RaftServerConfigKeys (ConfUtils.java:logGet(43)) - raft.server.log.appender.install.snapshot.enabled = false (custom)
2019-09-27 09:56:55,018 [a5178916-7f43-4d44-a33e-8aed6c9e8814@group-B6E36139D1C6:LeaderElection16] INFO  server.RaftServerConfigKeys (ConfUtils.java:logGet(43)) - raft.server.log.appender.snapshot.chunk.size.max = 16MB (=16777216) (default)
2019-09-27 09:56:55,018 [a5178916-7f43-4d44-a33e-8aed6c9e8814@group-B6E36139D1C6:LeaderElection16] INFO  server.RaftServerConfigKeys (ConfUtils.java:logGet(43)) - raft.server.log.appender.buffer.byte-limit = 33554432 (custom)
2019-09-27 09:56:55,018 [a5178916-7f43-4d44-a33e-8aed6c9e8814@group-B6E36139D1C6:LeaderElection16] INFO  server.RaftServerConfigKeys (ConfUtils.java:logGet(43)) - raft.server.log.appender.buffer.element-limit = 1 (custom)
2019-09-27 09:56:55,019 [a5178916-7f43-4d44-a33e-8aed6c9e8814@group-B6E36139D1C6:LeaderElection16] INFO  grpc.GrpcConfigKeys$Server (ConfUtils.java:logGet(43)) - raft.grpc.server.leader.outstanding.appends.max = 128 (default)
2019-09-27 09:56:55,019 [a5178916-7f43-4d44-a33e-8aed6c9e8814@group-B6E36139D1C6:LeaderElection16] INFO  server.RaftServerConfigKeys (ConfUtils.java:logGet(43)) - raft.server.rpc.request.timeout = 3000ms (default)
2019-09-27 09:56:55,019 [a5178916-7f43-4d44-a33e-8aed6c9e8814@group-B6E36139D1C6:LeaderElection16] INFO  server.RaftServerConfigKeys (ConfUtils.java:logGet(43)) - raft.server.log.appender.install.snapshot.enabled = false (custom)
2019-09-27 09:56:55,019 [a5178916-7f43-4d44-a33e-8aed6c9e8814@group-B6E36139D1C6:LeaderElection16] INFO  impl.RoleInfo (RoleInfo.java:updateAndGet(143)) - a5178916-7f43-4d44-a33e-8aed6c9e8814: start LeaderState
2019-09-27 09:56:55,020 [a5178916-7f43-4d44-a33e-8aed6c9e8814@group-B6E36139D1C6:LeaderElection16] INFO  segmented.SegmentedRaftLogWorker (SegmentedRaftLogWorker.java:startLogSegment(380)) - a5178916-7f43-4d44-a33e-8aed6c9e8814@group-B6E36139D1C6-SegmentedRaftLogWorker: Starting segment from index:0
2019-09-27 09:56:55,020 [a5178916-7f43-4d44-a33e-8aed6c9e8814@group-B6E36139D1C6:LeaderElection16] INFO  impl.RaftServerImpl (ServerState.java:setRaftConf(354)) - a5178916-7f43-4d44-a33e-8aed6c9e8814@group-B6E36139D1C6: set configuration 0: [a5178916-7f43-4d44-a33e-8aed6c9e8814:192.168.151.103:34011, ebd02079-cc9f-48d7-8c8e-ec4136f19434:192.168.151.103:42859, 314e6693-f7ac-41e1-8044-5e96ad768d09:192.168.151.103:33493], old=null at 0
2019-09-27 09:56:55,064 [grpc-default-executor-2] INFO  impl.RaftServerImpl (RaftServerImpl.java:requestVote(758)) - a5178916-7f43-4d44-a33e-8aed6c9e8814@group-B6E36139D1C6-   LEADER: Withhold vote from candidate ebd02079-cc9f-48d7-8c8e-ec4136f19434 with term 1. State: leader=a5178916-7f43-4d44-a33e-8aed6c9e8814, term=1, lastRpcElapsed=null
2019-09-27 09:56:55,069 [grpc-default-executor-2] INFO  impl.RaftServerImpl (RaftServerImpl.java:setRole(174)) - ebd02079-cc9f-48d7-8c8e-ec4136f19434@group-B6E36139D1C6: changes role from CANDIDATE to FOLLOWER at term 1 for appendEntries
2019-09-27 09:56:55,070 [grpc-default-executor-2] INFO  impl.RoleInfo (RoleInfo.java:shutdownLeaderElection(134)) - ebd02079-cc9f-48d7-8c8e-ec4136f19434: shutdown LeaderElection
2019-09-27 09:56:55,070 [ebd02079-cc9f-48d7-8c8e-ec4136f19434@group-B6E36139D1C6:LeaderElection17] INFO  impl.LeaderElection (LeaderElection.java:logAndReturn(56)) - ebd02079-cc9f-48d7-8c8e-ec4136f19434@group-B6E36139D1C6:LeaderElection17: Election REJECTED; received 2 response(s) [ebd02079-cc9f-48d7-8c8e-ec4136f19434<-a5178916-7f43-4d44-a33e-8aed6c9e8814#0:FAIL-t1, ebd02079-cc9f-48d7-8c8e-ec4136f19434<-314e6693-f7ac-41e1-8044-5e96ad768d09#0:FAIL-t1] and 0 exception(s); ebd02079-cc9f-48d7-8c8e-ec4136f19434@group-B6E36139D1C6:t1, leader=null, voted=ebd02079-cc9f-48d7-8c8e-ec4136f19434, raftlog=ebd02079-cc9f-48d7-8c8e-ec4136f19434@group-B6E36139D1C6-SegmentedRaftLog:OPENED:c-1,f-1,i0, conf=-1: [a5178916-7f43-4d44-a33e-8aed6c9e8814:192.168.151.103:34011, ebd02079-cc9f-48d7-8c8e-ec4136f19434:192.168.151.103:42859, 314e6693-f7ac-41e1-8044-5e96ad768d09:192.168.151.103:33493], old=null
2019-09-27 09:56:55,070 [grpc-default-executor-2] INFO  impl.RoleInfo (RoleInfo.java:updateAndGet(143)) - ebd02079-cc9f-48d7-8c8e-ec4136f19434: start FollowerState
2019-09-27 09:56:55,070 [grpc-default-executor-5] INFO  impl.RaftServerImpl (ServerState.java:setLeader(253)) - 314e6693-f7ac-41e1-8044-5e96ad768d09@group-B6E36139D1C6: change Leader from null to a5178916-7f43-4d44-a33e-8aed6c9e8814 at term 1 for appendEntries, leader elected after 5304ms
2019-09-27 09:56:55,072 [grpc-default-executor-2] INFO  impl.RaftServerImpl (ServerState.java:setLeader(253)) - ebd02079-cc9f-48d7-8c8e-ec4136f19434@group-B6E36139D1C6: change Leader from null to a5178916-7f43-4d44-a33e-8aed6c9e8814 at term 1 for appendEntries, leader elected after 5304ms
2019-09-27 09:56:55,079 [grpc-default-executor-5] INFO  impl.RaftServerImpl (ServerState.java:setRaftConf(354)) - ebd02079-cc9f-48d7-8c8e-ec4136f19434@group-B6E36139D1C6: set configuration 0: [a5178916-7f43-4d44-a33e-8aed6c9e8814:192.168.151.103:34011, ebd02079-cc9f-48d7-8c8e-ec4136f19434:192.168.151.103:42859, 314e6693-f7ac-41e1-8044-5e96ad768d09:192.168.151.103:33493], old=null at 0
2019-09-27 09:56:55,079 [grpc-default-executor-2] INFO  impl.RaftServerImpl (ServerState.java:setRaftConf(354)) - 314e6693-f7ac-41e1-8044-5e96ad768d09@group-B6E36139D1C6: set configuration 0: [a5178916-7f43-4d44-a33e-8aed6c9e8814:192.168.151.103:34011, ebd02079-cc9f-48d7-8c8e-ec4136f19434:192.168.151.103:42859, 314e6693-f7ac-41e1-8044-5e96ad768d09:192.168.151.103:33493], old=null at 0
2019-09-27 09:56:55,080 [grpc-default-executor-5] INFO  segmented.SegmentedRaftLogWorker (SegmentedRaftLogWorker.java:startLogSegment(380)) - ebd02079-cc9f-48d7-8c8e-ec4136f19434@group-B6E36139D1C6-SegmentedRaftLogWorker: Starting segment from index:0
2019-09-27 09:56:55,080 [grpc-default-executor-2] INFO  segmented.SegmentedRaftLogWorker (SegmentedRaftLogWorker.java:startLogSegment(380)) - 314e6693-f7ac-41e1-8044-5e96ad768d09@group-B6E36139D1C6-SegmentedRaftLogWorker: Starting segment from index:0
2019-09-27 09:56:55,088 [a5178916-7f43-4d44-a33e-8aed6c9e8814@group-B6E36139D1C6-SegmentedRaftLogWorker] INFO  segmented.SegmentedRaftLogWorker (SegmentedRaftLogWorker.java:execute(569)) - a5178916-7f43-4d44-a33e-8aed6c9e8814@group-B6E36139D1C6-SegmentedRaftLogWorker: created new log segment /workdir/hadoop-ozone/integration-test/target/test-dir/MiniOzoneClusterImpl-8eeacee4-f2ea-46c6-9d4b-1ae1fb96175b/datanode-5/data/ratis/34615f02-a4be-4a83-9a80-b6e36139d1c6/current/log_inprogress_0
2019-09-27 09:56:55,145 [314e6693-f7ac-41e1-8044-5e96ad768d09@group-B6E36139D1C6-SegmentedRaftLogWorker] INFO  segmented.SegmentedRaftLogWorker (SegmentedRaftLogWorker.java:execute(569)) - 314e6693-f7ac-41e1-8044-5e96ad768d09@group-B6E36139D1C6-SegmentedRaftLogWorker: created new log segment /workdir/hadoop-ozone/integration-test/target/test-dir/MiniOzoneClusterImpl-8eeacee4-f2ea-46c6-9d4b-1ae1fb96175b/datanode-7/data/ratis/34615f02-a4be-4a83-9a80-b6e36139d1c6/current/log_inprogress_0
2019-09-27 09:56:55,145 [ebd02079-cc9f-48d7-8c8e-ec4136f19434@group-B6E36139D1C6-SegmentedRaftLogWorker] INFO  segmented.SegmentedRaftLogWorker (SegmentedRaftLogWorker.java:execute(569)) - ebd02079-cc9f-48d7-8c8e-ec4136f19434@group-B6E36139D1C6-SegmentedRaftLogWorker: created new log segment /workdir/hadoop-ozone/integration-test/target/test-dir/MiniOzoneClusterImpl-8eeacee4-f2ea-46c6-9d4b-1ae1fb96175b/datanode-6/data/ratis/34615f02-a4be-4a83-9a80-b6e36139d1c6/current/log_inprogress_0
2019-09-27 09:56:55,388 [main] INFO  ipc.Client (Client.java:handleConnectionFailure(948)) - Retrying connect to server: localhost/127.0.0.1:0. Already tried 6 time(s); retry policy is RetryUpToMaximumCountWithFixedSleep(maxRetries=10, sleepTime=1000 MILLISECONDS)
2019-09-27 09:56:56,389 [main] INFO  ipc.Client (Client.java:handleConnectionFailure(948)) - Retrying connect to server: localhost/127.0.0.1:0. Already tried 7 time(s); retry policy is RetryUpToMaximumCountWithFixedSleep(maxRetries=10, sleepTime=1000 MILLISECONDS)
2019-09-27 09:56:57,390 [main] INFO  ipc.Client (Client.java:handleConnectionFailure(948)) - Retrying connect to server: localhost/127.0.0.1:0. Already tried 8 time(s); retry policy is RetryUpToMaximumCountWithFixedSleep(maxRetries=10, sleepTime=1000 MILLISECONDS)
2019-09-27 09:56:58,392 [main] INFO  ipc.Client (Client.java:handleConnectionFailure(948)) - Retrying connect to server: localhost/127.0.0.1:0. Already tried 9 time(s); retry policy is RetryUpToMaximumCountWithFixedSleep(maxRetries=10, sleepTime=1000 MILLISECONDS)
2019-09-27 09:56:59,397 [main] INFO  ipc.Client (Client.java:handleConnectionFailure(948)) - Retrying connect to server: localhost/127.0.0.1:0. Already tried 0 time(s); retry policy is RetryUpToMaximumCountWithFixedSleep(maxRetries=10, sleepTime=1000 MILLISECONDS)
2019-09-27 09:56:59,807 [Thread-382] INFO  impl.FollowerState (FollowerState.java:run(106)) - 7c34c570-cc93-4d2d-95bb-ca6bff5b1acb:group-41245BAC151D changes to CANDIDATE, lastRpcTime:5010, electionTimeout:5002ms
2019-09-27 09:56:59,807 [Thread-382] INFO  impl.RoleInfo (RoleInfo.java:shutdownFollowerState(121)) - 7c34c570-cc93-4d2d-95bb-ca6bff5b1acb: shutdown FollowerState
2019-09-27 09:56:59,807 [Thread-382] INFO  impl.RaftServerImpl (RaftServerImpl.java:setRole(174)) - 7c34c570-cc93-4d2d-95bb-ca6bff5b1acb@group-41245BAC151D: changes role from  FOLLOWER to CANDIDATE at term 1 for changeToCandidate
2019-09-27 09:56:59,808 [Thread-382] INFO  impl.RoleInfo (RoleInfo.java:updateAndGet(143)) - 7c34c570-cc93-4d2d-95bb-ca6bff5b1acb: start LeaderElection
2019-09-27 09:56:59,833 [7c34c570-cc93-4d2d-95bb-ca6bff5b1acb@group-41245BAC151D:LeaderElection18] INFO  impl.LeaderElection (LeaderElection.java:askForVotes(182)) - 7c34c570-cc93-4d2d-95bb-ca6bff5b1acb@group-41245BAC151D:LeaderElection18: begin an election at term 2 for -1: [7c34c570-cc93-4d2d-95bb-ca6bff5b1acb:192.168.151.103:42543, a8f5f0f5-8e74-4dbd-a70c-5d164a949520:192.168.151.103:42561, 2c15b4bb-8004-40ae-ac45-1dc5514b42f4:192.168.151.103:40265], old=null
2019-09-27 09:56:59,844 [grpc-default-executor-2] INFO  impl.RaftServerImpl (RaftServerImpl.java:setRole(174)) - a8f5f0f5-8e74-4dbd-a70c-5d164a949520@group-41245BAC151D: changes role from  FOLLOWER to FOLLOWER at term 2 for recognizeCandidate:7c34c570-cc93-4d2d-95bb-ca6bff5b1acb
2019-09-27 09:56:59,844 [grpc-default-executor-5] INFO  impl.RaftServerImpl (RaftServerImpl.java:setRole(174)) - 2c15b4bb-8004-40ae-ac45-1dc5514b42f4@group-41245BAC151D: changes role from  FOLLOWER to FOLLOWER at term 2 for recognizeCandidate:7c34c570-cc93-4d2d-95bb-ca6bff5b1acb
2019-09-27 09:56:59,844 [grpc-default-executor-2] INFO  impl.RoleInfo (RoleInfo.java:shutdownFollowerState(121)) - a8f5f0f5-8e74-4dbd-a70c-5d164a949520: shutdown FollowerState
2019-09-27 09:56:59,845 [grpc-default-executor-5] INFO  impl.RoleInfo (RoleInfo.java:shutdownFollowerState(121)) - 2c15b4bb-8004-40ae-ac45-1dc5514b42f4: shutdown FollowerState
2019-09-27 09:56:59,845 [grpc-default-executor-2] INFO  impl.RoleInfo (RoleInfo.java:updateAndGet(143)) - a8f5f0f5-8e74-4dbd-a70c-5d164a949520: start FollowerState
2019-09-27 09:56:59,845 [grpc-default-executor-5] INFO  impl.RoleInfo (RoleInfo.java:updateAndGet(143)) - 2c15b4bb-8004-40ae-ac45-1dc5514b42f4: start FollowerState
2019-09-27 09:56:59,845 [Thread-383] INFO  impl.FollowerState (FollowerState.java:run(115)) - a8f5f0f5-8e74-4dbd-a70c-5d164a949520: FollowerState was interrupted: java.lang.InterruptedException: sleep interrupted
2019-09-27 09:56:59,845 [Thread-384] INFO  impl.FollowerState (FollowerState.java:run(115)) - 2c15b4bb-8004-40ae-ac45-1dc5514b42f4: FollowerState was interrupted: java.lang.InterruptedException: sleep interrupted
2019-09-27 09:56:59,874 [7c34c570-cc93-4d2d-95bb-ca6bff5b1acb@group-41245BAC151D:LeaderElection18] INFO  impl.LeaderElection (LeaderElection.java:logAndReturn(56)) - 7c34c570-cc93-4d2d-95bb-ca6bff5b1acb@group-41245BAC151D:LeaderElection18: Election PASSED; received 1 response(s) [7c34c570-cc93-4d2d-95bb-ca6bff5b1acb<-2c15b4bb-8004-40ae-ac45-1dc5514b42f4#0:OK-t2] and 0 exception(s); 7c34c570-cc93-4d2d-95bb-ca6bff5b1acb@group-41245BAC151D:t2, leader=null, voted=7c34c570-cc93-4d2d-95bb-ca6bff5b1acb, raftlog=7c34c570-cc93-4d2d-95bb-ca6bff5b1acb@group-41245BAC151D-SegmentedRaftLog:OPENED:c-1,f-1,i0, conf=-1: [7c34c570-cc93-4d2d-95bb-ca6bff5b1acb:192.168.151.103:42543, a8f5f0f5-8e74-4dbd-a70c-5d164a949520:192.168.151.103:42561, 2c15b4bb-8004-40ae-ac45-1dc5514b42f4:192.168.151.103:40265], old=null
2019-09-27 09:56:59,874 [7c34c570-cc93-4d2d-95bb-ca6bff5b1acb@group-41245BAC151D:LeaderElection18] INFO  impl.RoleInfo (RoleInfo.java:shutdownLeaderElection(134)) - 7c34c570-cc93-4d2d-95bb-ca6bff5b1acb: shutdown LeaderElection
2019-09-27 09:56:59,879 [7c34c570-cc93-4d2d-95bb-ca6bff5b1acb@group-41245BAC151D:LeaderElection18] INFO  impl.RaftServerImpl (RaftServerImpl.java:setRole(174)) - 7c34c570-cc93-4d2d-95bb-ca6bff5b1acb@group-41245BAC151D: changes role from CANDIDATE to LEADER at term 2 for changeToLeader
2019-09-27 09:56:59,879 [7c34c570-cc93-4d2d-95bb-ca6bff5b1acb@group-41245BAC151D:LeaderElection18] INFO  impl.RaftServerImpl (ServerState.java:setLeader(253)) - 7c34c570-cc93-4d2d-95bb-ca6bff5b1acb@group-41245BAC151D: change Leader from null to 7c34c570-cc93-4d2d-95bb-ca6bff5b1acb at term 2 for becomeLeader, leader elected after 10228ms
2019-09-27 09:56:59,879 [7c34c570-cc93-4d2d-95bb-ca6bff5b1acb@group-41245BAC151D:LeaderElection18] INFO  server.RaftServerConfigKeys (ConfUtils.java:logGet(43)) - raft.server.staging.catchup.gap = 1000 (default)
2019-09-27 09:56:59,880 [7c34c570-cc93-4d2d-95bb-ca6bff5b1acb@group-41245BAC151D:LeaderElection18] INFO  server.RaftServerConfigKeys (ConfUtils.java:logGet(43)) - raft.server.rpc.sleep.time = 25ms (default)
2019-09-27 09:56:59,880 [7c34c570-cc93-4d2d-95bb-ca6bff5b1acb@group-41245BAC151D:LeaderElection18] INFO  server.RaftServerConfigKeys (ConfUtils.java:logGet(43)) - raft.server.write.element-limit = 4096 (default)
2019-09-27 09:56:59,880 [7c34c570-cc93-4d2d-95bb-ca6bff5b1acb@group-41245BAC151D:LeaderElection18] INFO  server.RaftServerConfigKeys (ConfUtils.java:logGet(43)) - raft.server.watch.timeout = 10s (default)
2019-09-27 09:56:59,880 [7c34c570-cc93-4d2d-95bb-ca6bff5b1acb@group-41245BAC151D:LeaderElection18] INFO  server.RaftServerConfigKeys (ConfUtils.java:logGet(43)) - raft.server.watch.timeout.denomination = 1s (default)
2019-09-27 09:56:59,880 [7c34c570-cc93-4d2d-95bb-ca6bff5b1acb@group-41245BAC151D:LeaderElection18] INFO  server.RaftServerConfigKeys (ConfUtils.java:logGet(43)) - raft.server.watch.element-limit = 65536 (default)
2019-09-27 09:56:59,883 [7c34c570-cc93-4d2d-95bb-ca6bff5b1acb@group-41245BAC151D:LeaderElection18] INFO  server.RaftServerConfigKeys (ConfUtils.java:logGet(43)) - raft.server.log.appender.snapshot.chunk.size.max = 16MB (=16777216) (default)
2019-09-27 09:56:59,883 [7c34c570-cc93-4d2d-95bb-ca6bff5b1acb@group-41245BAC151D:LeaderElection18] INFO  server.RaftServerConfigKeys (ConfUtils.java:logGet(43)) - raft.server.log.appender.buffer.byte-limit = 33554432 (custom)
2019-09-27 09:56:59,884 [7c34c570-cc93-4d2d-95bb-ca6bff5b1acb@group-41245BAC151D:LeaderElection18] INFO  server.RaftServerConfigKeys (ConfUtils.java:logGet(43)) - raft.server.log.appender.buffer.element-limit = 1 (custom)
2019-09-27 09:56:59,884 [7c34c570-cc93-4d2d-95bb-ca6bff5b1acb@group-41245BAC151D:LeaderElection18] INFO  grpc.GrpcConfigKeys$Server (ConfUtils.java:logGet(43)) - raft.grpc.server.leader.outstanding.appends.max = 128 (default)
2019-09-27 09:56:59,884 [7c34c570-cc93-4d2d-95bb-ca6bff5b1acb@group-41245BAC151D:LeaderElection18] INFO  server.RaftServerConfigKeys (ConfUtils.java:logGet(43)) - raft.server.rpc.request.timeout = 3000ms (default)
2019-09-27 09:56:59,884 [7c34c570-cc93-4d2d-95bb-ca6bff5b1acb@group-41245BAC151D:LeaderElection18] INFO  server.RaftServerConfigKeys (ConfUtils.java:logGet(43)) - raft.server.log.appender.install.snapshot.enabled = false (custom)
2019-09-27 09:56:59,885 [7c34c570-cc93-4d2d-95bb-ca6bff5b1acb@group-41245BAC151D:LeaderElection18] INFO  server.RaftServerConfigKeys (ConfUtils.java:logGet(43)) - raft.server.log.appender.snapshot.chunk.size.max = 16MB (=16777216) (default)
2019-09-27 09:56:59,885 [7c34c570-cc93-4d2d-95bb-ca6bff5b1acb@group-41245BAC151D:LeaderElection18] INFO  server.RaftServerConfigKeys (ConfUtils.java:logGet(43)) - raft.server.log.appender.buffer.byte-limit = 33554432 (custom)
2019-09-27 09:56:59,885 [7c34c570-cc93-4d2d-95bb-ca6bff5b1acb@group-41245BAC151D:LeaderElection18] INFO  server.RaftServerConfigKeys (ConfUtils.java:logGet(43)) - raft.server.log.appender.buffer.element-limit = 1 (custom)
2019-09-27 09:56:59,885 [7c34c570-cc93-4d2d-95bb-ca6bff5b1acb@group-41245BAC151D:LeaderElection18] INFO  grpc.GrpcConfigKeys$Server (ConfUtils.java:logGet(43)) - raft.grpc.server.leader.outstanding.appends.max = 128 (default)
2019-09-27 09:56:59,886 [7c34c570-cc93-4d2d-95bb-ca6bff5b1acb@group-41245BAC151D:LeaderElection18] INFO  server.RaftServerConfigKeys (ConfUtils.java:logGet(43)) - raft.server.rpc.request.timeout = 3000ms (default)
2019-09-27 09:56:59,886 [7c34c570-cc93-4d2d-95bb-ca6bff5b1acb@group-41245BAC151D:LeaderElection18] INFO  server.RaftServerConfigKeys (ConfUtils.java:logGet(43)) - raft.server.log.appender.install.snapshot.enabled = false (custom)
2019-09-27 09:56:59,886 [7c34c570-cc93-4d2d-95bb-ca6bff5b1acb@group-41245BAC151D:LeaderElection18] INFO  impl.RoleInfo (RoleInfo.java:updateAndGet(143)) - 7c34c570-cc93-4d2d-95bb-ca6bff5b1acb: start LeaderState
2019-09-27 09:56:59,886 [7c34c570-cc93-4d2d-95bb-ca6bff5b1acb@group-41245BAC151D:LeaderElection18] INFO  segmented.SegmentedRaftLogWorker (SegmentedRaftLogWorker.java:startLogSegment(380)) - 7c34c570-cc93-4d2d-95bb-ca6bff5b1acb@group-41245BAC151D-SegmentedRaftLogWorker: Starting segment from index:0
2019-09-27 09:56:59,887 [7c34c570-cc93-4d2d-95bb-ca6bff5b1acb@group-41245BAC151D:LeaderElection18] INFO  impl.RaftServerImpl (ServerState.java:setRaftConf(354)) - 7c34c570-cc93-4d2d-95bb-ca6bff5b1acb@group-41245BAC151D: set configuration 0: [7c34c570-cc93-4d2d-95bb-ca6bff5b1acb:192.168.151.103:42543, a8f5f0f5-8e74-4dbd-a70c-5d164a949520:192.168.151.103:42561, 2c15b4bb-8004-40ae-ac45-1dc5514b42f4:192.168.151.103:40265], old=null at 0
2019-09-27 09:56:59,924 [grpc-default-executor-2] INFO  impl.RaftServerImpl (ServerState.java:setLeader(253)) - a8f5f0f5-8e74-4dbd-a70c-5d164a949520@group-41245BAC151D: change Leader from null to 7c34c570-cc93-4d2d-95bb-ca6bff5b1acb at term 2 for appendEntries, leader elected after 10272ms
2019-09-27 09:56:59,924 [grpc-default-executor-5] INFO  impl.RaftServerImpl (ServerState.java:setLeader(253)) - 2c15b4bb-8004-40ae-ac45-1dc5514b42f4@group-41245BAC151D: change Leader from null to 7c34c570-cc93-4d2d-95bb-ca6bff5b1acb at term 2 for appendEntries, leader elected after 10273ms
2019-09-27 09:56:59,932 [grpc-default-executor-5] INFO  impl.RaftServerImpl (ServerState.java:setRaftConf(354)) - a8f5f0f5-8e74-4dbd-a70c-5d164a949520@group-41245BAC151D: set configuration 0: [7c34c570-cc93-4d2d-95bb-ca6bff5b1acb:192.168.151.103:42543, a8f5f0f5-8e74-4dbd-a70c-5d164a949520:192.168.151.103:42561, 2c15b4bb-8004-40ae-ac45-1dc5514b42f4:192.168.151.103:40265], old=null at 0
2019-09-27 09:56:59,932 [grpc-default-executor-2] INFO  impl.RaftServerImpl (ServerState.java:setRaftConf(354)) - 2c15b4bb-8004-40ae-ac45-1dc5514b42f4@group-41245BAC151D: set configuration 0: [7c34c570-cc93-4d2d-95bb-ca6bff5b1acb:192.168.151.103:42543, a8f5f0f5-8e74-4dbd-a70c-5d164a949520:192.168.151.103:42561, 2c15b4bb-8004-40ae-ac45-1dc5514b42f4:192.168.151.103:40265], old=null at 0
2019-09-27 09:56:59,932 [grpc-default-executor-5] INFO  segmented.SegmentedRaftLogWorker (SegmentedRaftLogWorker.java:startLogSegment(380)) - a8f5f0f5-8e74-4dbd-a70c-5d164a949520@group-41245BAC151D-SegmentedRaftLogWorker: Starting segment from index:0
2019-09-27 09:56:59,932 [grpc-default-executor-2] INFO  segmented.SegmentedRaftLogWorker (SegmentedRaftLogWorker.java:startLogSegment(380)) - 2c15b4bb-8004-40ae-ac45-1dc5514b42f4@group-41245BAC151D-SegmentedRaftLogWorker: Starting segment from index:0
2019-09-27 09:56:59,944 [7c34c570-cc93-4d2d-95bb-ca6bff5b1acb@group-41245BAC151D-SegmentedRaftLogWorker] INFO  segmented.SegmentedRaftLogWorker (SegmentedRaftLogWorker.java:execute(569)) - 7c34c570-cc93-4d2d-95bb-ca6bff5b1acb@group-41245BAC151D-SegmentedRaftLogWorker: created new log segment /workdir/hadoop-ozone/integration-test/target/test-dir/MiniOzoneClusterImpl-8eeacee4-f2ea-46c6-9d4b-1ae1fb96175b/datanode-3/data/ratis/011b3abb-2049-4152-a86a-41245bac151d/current/log_inprogress_0
2019-09-27 09:56:59,976 [a8f5f0f5-8e74-4dbd-a70c-5d164a949520@group-41245BAC151D-SegmentedRaftLogWorker] INFO  segmented.SegmentedRaftLogWorker (SegmentedRaftLogWorker.java:execute(569)) - a8f5f0f5-8e74-4dbd-a70c-5d164a949520@group-41245BAC151D-SegmentedRaftLogWorker: created new log segment /workdir/hadoop-ozone/integration-test/target/test-dir/MiniOzoneClusterImpl-8eeacee4-f2ea-46c6-9d4b-1ae1fb96175b/datanode-4/data/ratis/011b3abb-2049-4152-a86a-41245bac151d/current/log_inprogress_0
2019-09-27 09:56:59,976 [2c15b4bb-8004-40ae-ac45-1dc5514b42f4@group-41245BAC151D-SegmentedRaftLogWorker] INFO  segmented.SegmentedRaftLogWorker (SegmentedRaftLogWorker.java:execute(569)) - 2c15b4bb-8004-40ae-ac45-1dc5514b42f4@group-41245BAC151D-SegmentedRaftLogWorker: created new log segment /workdir/hadoop-ozone/integration-test/target/test-dir/MiniOzoneClusterImpl-8eeacee4-f2ea-46c6-9d4b-1ae1fb96175b/datanode-0/data/ratis/011b3abb-2049-4152-a86a-41245bac151d/current/log_inprogress_0
2019-09-27 09:57:00,399 [main] INFO  ipc.Client (Client.java:handleConnectionFailure(948)) - Retrying connect to server: localhost/127.0.0.1:0. Already tried 1 time(s); retry policy is RetryUpToMaximumCountWithFixedSleep(maxRetries=10, sleepTime=1000 MILLISECONDS)
2019-09-27 09:57:01,400 [main] INFO  ipc.Client (Client.java:handleConnectionFailure(948)) - Retrying connect to server: localhost/127.0.0.1:0. Already tried 2 time(s); retry policy is RetryUpToMaximumCountWithFixedSleep(maxRetries=10, sleepTime=1000 MILLISECONDS)
2019-09-27 09:57:02,401 [main] INFO  ipc.Client (Client.java:handleConnectionFailure(948)) - Retrying connect to server: localhost/127.0.0.1:0. Already tried 3 time(s); retry policy is RetryUpToMaximumCountWithFixedSleep(maxRetries=10, sleepTime=1000 MILLISECONDS)
2019-09-27 09:57:03,403 [main] INFO  ipc.Client (Client.java:handleConnectionFailure(948)) - Retrying connect to server: localhost/127.0.0.1:0. Already tried 4 time(s); retry policy is RetryUpToMaximumCountWithFixedSleep(maxRetries=10, sleepTime=1000 MILLISECONDS)
2019-09-27 09:57:04,404 [main] INFO  ipc.Client (Client.java:handleConnectionFailure(948)) - Retrying connect to server: localhost/127.0.0.1:0. Already tried 5 time(s); retry policy is RetryUpToMaximumCountWithFixedSleep(maxRetries=10, sleepTime=1000 MILLISECONDS)
2019-09-27 09:57:05,406 [main] INFO  ipc.Client (Client.java:handleConnectionFailure(948)) - Retrying connect to server: localhost/127.0.0.1:0. Already tried 6 time(s); retry policy is RetryUpToMaximumCountWithFixedSleep(maxRetries=10, sleepTime=1000 MILLISECONDS)
2019-09-27 09:57:06,408 [main] INFO  ipc.Client (Client.java:handleConnectionFailure(948)) - Retrying connect to server: localhost/127.0.0.1:0. Already tried 7 time(s); retry policy is RetryUpToMaximumCountWithFixedSleep(maxRetries=10, sleepTime=1000 MILLISECONDS)
2019-09-27 09:57:07,409 [main] INFO  ipc.Client (Client.java:handleConnectionFailure(948)) - Retrying connect to server: localhost/127.0.0.1:0. Already tried 8 time(s); retry policy is RetryUpToMaximumCountWithFixedSleep(maxRetries=10, sleepTime=1000 MILLISECONDS)
2019-09-27 09:57:08,410 [main] INFO  ipc.Client (Client.java:handleConnectionFailure(948)) - Retrying connect to server: localhost/127.0.0.1:0. Already tried 9 time(s); retry policy is RetryUpToMaximumCountWithFixedSleep(maxRetries=10, sleepTime=1000 MILLISECONDS)
2019-09-27 09:57:08,412 [main] INFO  retry.RetryInvocationHandler (RetryInvocationHandler.java:log(411)) - com.google.protobuf.ServiceException: java.net.ConnectException: Your endpoint configuration is wrong; For more details see:  http://wiki.apache.org/hadoop/UnsetHostnameOrPort, while invoking $Proxy37.submitRequest over nodeId=null,nodeAddress=127.0.0.1:0 after 1 failover attempts. Trying to failover immediately.
2019-09-27 09:57:09,414 [main] INFO  ipc.Client (Client.java:handleConnectionFailure(948)) - Retrying connect to server: localhost/127.0.0.1:0. Already tried 0 time(s); retry policy is RetryUpToMaximumCountWithFixedSleep(maxRetries=10, sleepTime=1000 MILLISECONDS)
2019-09-27 09:57:10,415 [main] INFO  ipc.Client (Client.java:handleConnectionFailure(948)) - Retrying connect to server: localhost/127.0.0.1:0. Already tried 1 time(s); retry policy is RetryUpToMaximumCountWithFixedSleep(maxRetries=10, sleepTime=1000 MILLISECONDS)
2019-09-27 09:57:11,416 [main] INFO  ipc.Client (Client.java:handleConnectionFailure(948)) - Retrying connect to server: localhost/127.0.0.1:0. Already tried 2 time(s); retry policy is RetryUpToMaximumCountWithFixedSleep(maxRetries=10, sleepTime=1000 MILLISECONDS)
2019-09-27 09:57:12,417 [main] INFO  ipc.Client (Client.java:handleConnectionFailure(948)) - Retrying connect to server: localhost/127.0.0.1:0. Already tried 3 time(s); retry policy is RetryUpToMaximumCountWithFixedSleep(maxRetries=10, sleepTime=1000 MILLISECONDS)
2019-09-27 09:57:13,419 [main] INFO  ipc.Client (Client.java:handleConnectionFailure(948)) - Retrying connect to server: localhost/127.0.0.1:0. Already tried 4 time(s); retry policy is RetryUpToMaximumCountWithFixedSleep(maxRetries=10, sleepTime=1000 MILLISECONDS)
2019-09-27 09:57:14,420 [main] INFO  ipc.Client (Client.java:handleConnectionFailure(948)) - Retrying connect to server: localhost/127.0.0.1:0. Already tried 5 time(s); retry policy is RetryUpToMaximumCountWithFixedSleep(maxRetries=10, sleepTime=1000 MILLISECONDS)
2019-09-27 09:57:15,422 [main] INFO  ipc.Client (Client.java:handleConnectionFailure(948)) - Retrying connect to server: localhost/127.0.0.1:0. Already tried 6 time(s); retry policy is RetryUpToMaximumCountWithFixedSleep(maxRetries=10, sleepTime=1000 MILLISECONDS)
2019-09-27 09:57:16,423 [main] INFO  ipc.Client (Client.java:handleConnectionFailure(948)) - Retrying connect to server: localhost/127.0.0.1:0. Already tried 7 time(s); retry policy is RetryUpToMaximumCountWithFixedSleep(maxRetries=10, sleepTime=1000 MILLISECONDS)
2019-09-27 09:57:17,424 [main] INFO  ipc.Client (Client.java:handleConnectionFailure(948)) - Retrying connect to server: localhost/127.0.0.1:0. Already tried 8 time(s); retry policy is RetryUpToMaximumCountWithFixedSleep(maxRetries=10, sleepTime=1000 MILLISECONDS)
2019-09-27 09:57:18,426 [main] INFO  ipc.Client (Client.java:handleConnectionFailure(948)) - Retrying connect to server: localhost/127.0.0.1:0. Already tried 9 time(s); retry policy is RetryUpToMaximumCountWithFixedSleep(maxRetries=10, sleepTime=1000 MILLISECONDS)
2019-09-27 09:57:18,428 [main] INFO  retry.RetryInvocationHandler (RetryInvocationHandler.java:log(411)) - com.google.protobuf.ServiceException: java.net.ConnectException: Your endpoint configuration is wrong; For more details see:  http://wiki.apache.org/hadoop/UnsetHostnameOrPort, while invoking $Proxy37.submitRequest over nodeId=null,nodeAddress=127.0.0.1:0 after 2 failover attempts. Trying to failover immediately.
2019-09-27 09:57:19,429 [main] INFO  ipc.Client (Client.java:handleConnectionFailure(948)) - Retrying connect to server: localhost/127.0.0.1:0. Already tried 0 time(s); retry policy is RetryUpToMaximumCountWithFixedSleep(maxRetries=10, sleepTime=1000 MILLISECONDS)
2019-09-27 09:57:20,430 [main] INFO  ipc.Client (Client.java:handleConnectionFailure(948)) - Retrying connect to server: localhost/127.0.0.1:0. Already tried 1 time(s); retry policy is RetryUpToMaximumCountWithFixedSleep(maxRetries=10, sleepTime=1000 MILLISECONDS)
2019-09-27 09:57:21,431 [main] INFO  ipc.Client (Client.java:handleConnectionFailure(948)) - Retrying connect to server: localhost/127.0.0.1:0. Already tried 2 time(s); retry policy is RetryUpToMaximumCountWithFixedSleep(maxRetries=10, sleepTime=1000 MILLISECONDS)
2019-09-27 09:57:22,433 [main] INFO  ipc.Client (Client.java:handleConnectionFailure(948)) - Retrying connect to server: localhost/127.0.0.1:0. Already tried 3 time(s); retry policy is RetryUpToMaximumCountWithFixedSleep(maxRetries=10, sleepTime=1000 MILLISECONDS)
2019-09-27 09:57:23,434 [main] INFO  ipc.Client (Client.java:handleConnectionFailure(948)) - Retrying connect to server: localhost/127.0.0.1:0. Already tried 4 time(s); retry policy is RetryUpToMaximumCountWithFixedSleep(maxRetries=10, sleepTime=1000 MILLISECONDS)
2019-09-27 09:57:24,436 [main] INFO  ipc.Client (Client.java:handleConnectionFailure(948)) - Retrying connect to server: localhost/127.0.0.1:0. Already tried 5 time(s); retry policy is RetryUpToMaximumCountWithFixedSleep(maxRetries=10, sleepTime=1000 MILLISECONDS)
2019-09-27 09:57:25,437 [main] INFO  ipc.Client (Client.java:handleConnectionFailure(948)) - Retrying connect to server: localhost/127.0.0.1:0. Already tried 6 time(s); retry policy is RetryUpToMaximumCountWithFixedSleep(maxRetries=10, sleepTime=1000 MILLISECONDS)
2019-09-27 09:57:26,439 [main] INFO  ipc.Client (Client.java:handleConnectionFailure(948)) - Retrying connect to server: localhost/127.0.0.1:0. Already tried 7 time(s); retry policy is RetryUpToMaximumCountWithFixedSleep(maxRetries=10, sleepTime=1000 MILLISECONDS)
2019-09-27 09:57:27,440 [main] INFO  ipc.Client (Client.java:handleConnectionFailure(948)) - Retrying connect to server: localhost/127.0.0.1:0. Already tried 8 time(s); retry policy is RetryUpToMaximumCountWithFixedSleep(maxRetries=10, sleepTime=1000 MILLISECONDS)
2019-09-27 09:57:28,442 [main] INFO  ipc.Client (Client.java:handleConnectionFailure(948)) - Retrying connect to server: localhost/127.0.0.1:0. Already tried 9 time(s); retry policy is RetryUpToMaximumCountWithFixedSleep(maxRetries=10, sleepTime=1000 MILLISECONDS)
2019-09-27 09:57:28,443 [main] INFO  retry.RetryInvocationHandler (RetryInvocationHandler.java:log(411)) - com.google.protobuf.ServiceException: java.net.ConnectException: Your endpoint configuration is wrong; For more details see:  http://wiki.apache.org/hadoop/UnsetHostnameOrPort, while invoking $Proxy37.submitRequest over nodeId=null,nodeAddress=127.0.0.1:0 after 3 failover attempts. Trying to failover immediately.
2019-09-27 09:57:29,444 [main] INFO  ipc.Client (Client.java:handleConnectionFailure(948)) - Retrying connect to server: localhost/127.0.0.1:0. Already tried 0 time(s); retry policy is RetryUpToMaximumCountWithFixedSleep(maxRetries=10, sleepTime=1000 MILLISECONDS)
2019-09-27 09:57:30,446 [main] INFO  ipc.Client (Client.java:handleConnectionFailure(948)) - Retrying connect to server: localhost/127.0.0.1:0. Already tried 1 time(s); retry policy is RetryUpToMaximumCountWithFixedSleep(maxRetries=10, sleepTime=1000 MILLISECONDS)
2019-09-27 09:57:31,447 [main] INFO  ipc.Client (Client.java:handleConnectionFailure(948)) - Retrying connect to server: localhost/127.0.0.1:0. Already tried 2 time(s); retry policy is RetryUpToMaximumCountWithFixedSleep(maxRetries=10, sleepTime=1000 MILLISECONDS)
2019-09-27 09:57:32,448 [main] INFO  ipc.Client (Client.java:handleConnectionFailure(948)) - Retrying connect to server: localhost/127.0.0.1:0. Already tried 3 time(s); retry policy is RetryUpToMaximumCountWithFixedSleep(maxRetries=10, sleepTime=1000 MILLISECONDS)
2019-09-27 09:57:33,450 [main] INFO  ipc.Client (Client.java:handleConnectionFailure(948)) - Retrying connect to server: localhost/127.0.0.1:0. Already tried 4 time(s); retry policy is RetryUpToMaximumCountWithFixedSleep(maxRetries=10, sleepTime=1000 MILLISECONDS)
2019-09-27 09:57:34,451 [main] INFO  ipc.Client (Client.java:handleConnectionFailure(948)) - Retrying connect to server: localhost/127.0.0.1:0. Already tried 5 time(s); retry policy is RetryUpToMaximumCountWithFixedSleep(maxRetries=10, sleepTime=1000 MILLISECONDS)
2019-09-27 09:57:35,452 [main] INFO  ipc.Client (Client.java:handleConnectionFailure(948)) - Retrying connect to server: localhost/127.0.0.1:0. Already tried 6 time(s); retry policy is RetryUpToMaximumCountWithFixedSleep(maxRetries=10, sleepTime=1000 MILLISECONDS)
2019-09-27 09:57:36,454 [main] INFO  ipc.Client (Client.java:handleConnectionFailure(948)) - Retrying connect to server: localhost/127.0.0.1:0. Already tried 7 time(s); retry policy is RetryUpToMaximumCountWithFixedSleep(maxRetries=10, sleepTime=1000 MILLISECONDS)
2019-09-27 09:57:37,455 [main] INFO  ipc.Client (Client.java:handleConnectionFailure(948)) - Retrying connect to server: localhost/127.0.0.1:0. Already tried 8 time(s); retry policy is RetryUpToMaximumCountWithFixedSleep(maxRetries=10, sleepTime=1000 MILLISECONDS)
2019-09-27 09:57:38,456 [main] INFO  ipc.Client (Client.java:handleConnectionFailure(948)) - Retrying connect to server: localhost/127.0.0.1:0. Already tried 9 time(s); retry policy is RetryUpToMaximumCountWithFixedSleep(maxRetries=10, sleepTime=1000 MILLISECONDS)
2019-09-27 09:57:38,458 [main] INFO  retry.RetryInvocationHandler (RetryInvocationHandler.java:log(411)) - com.google.protobuf.ServiceException: java.net.ConnectException: Your endpoint configuration is wrong; For more details see:  http://wiki.apache.org/hadoop/UnsetHostnameOrPort, while invoking $Proxy37.submitRequest over nodeId=null,nodeAddress=127.0.0.1:0 after 4 failover attempts. Trying to failover immediately.
2019-09-27 09:57:39,460 [main] INFO  ipc.Client (Client.java:handleConnectionFailure(948)) - Retrying connect to server: localhost/127.0.0.1:0. Already tried 0 time(s); retry policy is RetryUpToMaximumCountWithFixedSleep(maxRetries=10, sleepTime=1000 MILLISECONDS)
2019-09-27 09:57:40,461 [main] INFO  ipc.Client (Client.java:handleConnectionFailure(948)) - Retrying connect to server: localhost/127.0.0.1:0. Already tried 1 time(s); retry policy is RetryUpToMaximumCountWithFixedSleep(maxRetries=10, sleepTime=1000 MILLISECONDS)
2019-09-27 09:57:41,462 [main] INFO  ipc.Client (Client.java:handleConnectionFailure(948)) - Retrying connect to server: localhost/127.0.0.1:0. Already tried 2 time(s); retry policy is RetryUpToMaximumCountWithFixedSleep(maxRetries=10, sleepTime=1000 MILLISECONDS)
2019-09-27 09:57:42,463 [main] INFO  ipc.Client (Client.java:handleConnectionFailure(948)) - Retrying connect to server: localhost/127.0.0.1:0. Already tried 3 time(s); retry policy is RetryUpToMaximumCountWithFixedSleep(maxRetries=10, sleepTime=1000 MILLISECONDS)
2019-09-27 09:57:43,465 [main] INFO  ipc.Client (Client.java:handleConnectionFailure(948)) - Retrying connect to server: localhost/127.0.0.1:0. Already tried 4 time(s); retry policy is RetryUpToMaximumCountWithFixedSleep(maxRetries=10, sleepTime=1000 MILLISECONDS)
2019-09-27 09:57:44,466 [main] INFO  ipc.Client (Client.java:handleConnectionFailure(948)) - Retrying connect to server: localhost/127.0.0.1:0. Already tried 5 time(s); retry policy is RetryUpToMaximumCountWithFixedSleep(maxRetries=10, sleepTime=1000 MILLISECONDS)
2019-09-27 09:57:45,467 [main] INFO  ipc.Client (Client.java:handleConnectionFailure(948)) - Retrying connect to server: localhost/127.0.0.1:0. Already tried 6 time(s); retry policy is RetryUpToMaximumCountWithFixedSleep(maxRetries=10, sleepTime=1000 MILLISECONDS)
2019-09-27 09:57:46,470 [main] INFO  ipc.Client (Client.java:handleConnectionFailure(948)) - Retrying connect to server: localhost/127.0.0.1:0. Already tried 7 time(s); retry policy is RetryUpToMaximumCountWithFixedSleep(maxRetries=10, sleepTime=1000 MILLISECONDS)
2019-09-27 09:57:47,472 [main] INFO  ipc.Client (Client.java:handleConnectionFailure(948)) - Retrying connect to server: localhost/127.0.0.1:0. Already tried 8 time(s); retry policy is RetryUpToMaximumCountWithFixedSleep(maxRetries=10, sleepTime=1000 MILLISECONDS)
2019-09-27 09:57:48,473 [main] INFO  ipc.Client (Client.java:handleConnectionFailure(948)) - Retrying connect to server: localhost/127.0.0.1:0. Already tried 9 time(s); retry policy is RetryUpToMaximumCountWithFixedSleep(maxRetries=10, sleepTime=1000 MILLISECONDS)
2019-09-27 09:57:48,475 [main] INFO  retry.RetryInvocationHandler (RetryInvocationHandler.java:log(411)) - com.google.protobuf.ServiceException: java.net.ConnectException: Your endpoint configuration is wrong; For more details see:  http://wiki.apache.org/hadoop/UnsetHostnameOrPort, while invoking $Proxy37.submitRequest over nodeId=null,nodeAddress=127.0.0.1:0 after 5 failover attempts. Trying to failover immediately.
2019-09-27 09:57:49,476 [main] INFO  ipc.Client (Client.java:handleConnectionFailure(948)) - Retrying connect to server: localhost/127.0.0.1:0. Already tried 0 time(s); retry policy is RetryUpToMaximumCountWithFixedSleep(maxRetries=10, sleepTime=1000 MILLISECONDS)
2019-09-27 09:57:50,477 [main] INFO  ipc.Client (Client.java:handleConnectionFailure(948)) - Retrying connect to server: localhost/127.0.0.1:0. Already tried 1 time(s); retry policy is RetryUpToMaximumCountWithFixedSleep(maxRetries=10, sleepTime=1000 MILLISECONDS)
2019-09-27 09:57:51,478 [main] INFO  ipc.Client (Client.java:handleConnectionFailure(948)) - Retrying connect to server: localhost/127.0.0.1:0. Already tried 2 time(s); retry policy is RetryUpToMaximumCountWithFixedSleep(maxRetries=10, sleepTime=1000 MILLISECONDS)
2019-09-27 09:57:52,480 [main] INFO  ipc.Client (Client.java:handleConnectionFailure(948)) - Retrying connect to server: localhost/127.0.0.1:0. Already tried 3 time(s); retry policy is RetryUpToMaximumCountWithFixedSleep(maxRetries=10, sleepTime=1000 MILLISECONDS)
2019-09-27 09:57:53,482 [main] INFO  ipc.Client (Client.java:handleConnectionFailure(948)) - Retrying connect to server: localhost/127.0.0.1:0. Already tried 4 time(s); retry policy is RetryUpToMaximumCountWithFixedSleep(maxRetries=10, sleepTime=1000 MILLISECONDS)
2019-09-27 09:57:54,483 [main] INFO  ipc.Client (Client.java:handleConnectionFailure(948)) - Retrying connect to server: localhost/127.0.0.1:0. Already tried 5 time(s); retry policy is RetryUpToMaximumCountWithFixedSleep(maxRetries=10, sleepTime=1000 MILLISECONDS)
2019-09-27 09:57:55,485 [main] INFO  ipc.Client (Client.java:handleConnectionFailure(948)) - Retrying connect to server: localhost/127.0.0.1:0. Already tried 6 time(s); retry policy is RetryUpToMaximumCountWithFixedSleep(maxRetries=10, sleepTime=1000 MILLISECONDS)
2019-09-27 09:57:56,486 [main] INFO  ipc.Client (Client.java:handleConnectionFailure(948)) - Retrying connect to server: localhost/127.0.0.1:0. Already tried 7 time(s); retry policy is RetryUpToMaximumCountWithFixedSleep(maxRetries=10, sleepTime=1000 MILLISECONDS)
2019-09-27 09:57:57,487 [main] INFO  ipc.Client (Client.java:handleConnectionFailure(948)) - Retrying connect to server: localhost/127.0.0.1:0. Already tried 8 time(s); retry policy is RetryUpToMaximumCountWithFixedSleep(maxRetries=10, sleepTime=1000 MILLISECONDS)
2019-09-27 09:57:58,488 [main] INFO  ipc.Client (Client.java:handleConnectionFailure(948)) - Retrying connect to server: localhost/127.0.0.1:0. Already tried 9 time(s); retry policy is RetryUpToMaximumCountWithFixedSleep(maxRetries=10, sleepTime=1000 MILLISECONDS)
2019-09-27 09:57:58,490 [main] INFO  retry.RetryInvocationHandler (RetryInvocationHandler.java:log(411)) - com.google.protobuf.ServiceException: java.net.ConnectException: Your endpoint configuration is wrong; For more details see:  http://wiki.apache.org/hadoop/UnsetHostnameOrPort, while invoking $Proxy37.submitRequest over nodeId=null,nodeAddress=127.0.0.1:0 after 6 failover attempts. Trying to failover immediately.
2019-09-27 09:57:59,491 [main] INFO  ipc.Client (Client.java:handleConnectionFailure(948)) - Retrying connect to server: localhost/127.0.0.1:0. Already tried 0 time(s); retry policy is RetryUpToMaximumCountWithFixedSleep(maxRetries=10, sleepTime=1000 MILLISECONDS)
2019-09-27 09:58:00,493 [main] INFO  ipc.Client (Client.java:handleConnectionFailure(948)) - Retrying connect to server: localhost/127.0.0.1:0. Already tried 1 time(s); retry policy is RetryUpToMaximumCountWithFixedSleep(maxRetries=10, sleepTime=1000 MILLISECONDS)
2019-09-27 09:58:01,494 [main] INFO  ipc.Client (Client.java:handleConnectionFailure(948)) - Retrying connect to server: localhost/127.0.0.1:0. Already tried 2 time(s); retry policy is RetryUpToMaximumCountWithFixedSleep(maxRetries=10, sleepTime=1000 MILLISECONDS)
2019-09-27 09:58:02,495 [main] INFO  ipc.Client (Client.java:handleConnectionFailure(948)) - Retrying connect to server: localhost/127.0.0.1:0. Already tried 3 time(s); retry policy is RetryUpToMaximumCountWithFixedSleep(maxRetries=10, sleepTime=1000 MILLISECONDS)
2019-09-27 09:58:03,497 [main] INFO  ipc.Client (Client.java:handleConnectionFailure(948)) - Retrying connect to server: localhost/127.0.0.1:0. Already tried 4 time(s); retry policy is RetryUpToMaximumCountWithFixedSleep(maxRetries=10, sleepTime=1000 MILLISECONDS)
2019-09-27 09:58:04,498 [main] INFO  ipc.Client (Client.java:handleConnectionFailure(948)) - Retrying connect to server: localhost/127.0.0.1:0. Already tried 5 time(s); retry policy is RetryUpToMaximumCountWithFixedSleep(maxRetries=10, sleepTime=1000 MILLISECONDS)
2019-09-27 09:58:05,499 [main] INFO  ipc.Client (Client.java:handleConnectionFailure(948)) - Retrying connect to server: localhost/127.0.0.1:0. Already tried 6 time(s); retry policy is RetryUpToMaximumCountWithFixedSleep(maxRetries=10, sleepTime=1000 MILLISECONDS)
2019-09-27 09:58:06,501 [main] INFO  ipc.Client (Client.java:handleConnectionFailure(948)) - Retrying connect to server: localhost/127.0.0.1:0. Already tried 7 time(s); retry policy is RetryUpToMaximumCountWithFixedSleep(maxRetries=10, sleepTime=1000 MILLISECONDS)
2019-09-27 09:58:07,502 [main] INFO  ipc.Client (Client.java:handleConnectionFailure(948)) - Retrying connect to server: localhost/127.0.0.1:0. Already tried 8 time(s); retry policy is RetryUpToMaximumCountWithFixedSleep(maxRetries=10, sleepTime=1000 MILLISECONDS)
2019-09-27 09:58:08,503 [main] INFO  ipc.Client (Client.java:handleConnectionFailure(948)) - Retrying connect to server: localhost/127.0.0.1:0. Already tried 9 time(s); retry policy is RetryUpToMaximumCountWithFixedSleep(maxRetries=10, sleepTime=1000 MILLISECONDS)
2019-09-27 09:58:08,505 [main] INFO  retry.RetryInvocationHandler (RetryInvocationHandler.java:log(411)) - com.google.protobuf.ServiceException: java.net.ConnectException: Your endpoint configuration is wrong; For more details see:  http://wiki.apache.org/hadoop/UnsetHostnameOrPort, while invoking $Proxy37.submitRequest over nodeId=null,nodeAddress=127.0.0.1:0 after 7 failover attempts. Trying to failover immediately.
2019-09-27 09:58:09,506 [main] INFO  ipc.Client (Client.java:handleConnectionFailure(948)) - Retrying connect to server: localhost/127.0.0.1:0. Already tried 0 time(s); retry policy is RetryUpToMaximumCountWithFixedSleep(maxRetries=10, sleepTime=1000 MILLISECONDS)
2019-09-27 09:58:10,507 [main] INFO  ipc.Client (Client.java:handleConnectionFailure(948)) - Retrying connect to server: localhost/127.0.0.1:0. Already tried 1 time(s); retry policy is RetryUpToMaximumCountWithFixedSleep(maxRetries=10, sleepTime=1000 MILLISECONDS)
2019-09-27 09:58:11,508 [main] INFO  ipc.Client (Client.java:handleConnectionFailure(948)) - Retrying connect to server: localhost/127.0.0.1:0. Already tried 2 time(s); retry policy is RetryUpToMaximumCountWithFixedSleep(maxRetries=10, sleepTime=1000 MILLISECONDS)
2019-09-27 09:58:12,510 [main] INFO  ipc.Client (Client.java:handleConnectionFailure(948)) - Retrying connect to server: localhost/127.0.0.1:0. Already tried 3 time(s); retry policy is RetryUpToMaximumCountWithFixedSleep(maxRetries=10, sleepTime=1000 MILLISECONDS)
2019-09-27 09:58:13,511 [main] INFO  ipc.Client (Client.java:handleConnectionFailure(948)) - Retrying connect to server: localhost/127.0.0.1:0. Already tried 4 time(s); retry policy is RetryUpToMaximumCountWithFixedSleep(maxRetries=10, sleepTime=1000 MILLISECONDS)
2019-09-27 09:58:14,512 [main] INFO  ipc.Client (Client.java:handleConnectionFailure(948)) - Retrying connect to server: localhost/127.0.0.1:0. Already tried 5 time(s); retry policy is RetryUpToMaximumCountWithFixedSleep(maxRetries=10, sleepTime=1000 MILLISECONDS)
2019-09-27 09:58:15,514 [main] INFO  ipc.Client (Client.java:handleConnectionFailure(948)) - Retrying connect to server: localhost/127.0.0.1:0. Already tried 6 time(s); retry policy is RetryUpToMaximumCountWithFixedSleep(maxRetries=10, sleepTime=1000 MILLISECONDS)
2019-09-27 09:58:16,515 [main] INFO  ipc.Client (Client.java:handleConnectionFailure(948)) - Retrying connect to server: localhost/127.0.0.1:0. Already tried 7 time(s); retry policy is RetryUpToMaximumCountWithFixedSleep(maxRetries=10, sleepTime=1000 MILLISECONDS)
2019-09-27 09:58:17,516 [main] INFO  ipc.Client (Client.java:handleConnectionFailure(948)) - Retrying connect to server: localhost/127.0.0.1:0. Already tried 8 time(s); retry policy is RetryUpToMaximumCountWithFixedSleep(maxRetries=10, sleepTime=1000 MILLISECONDS)
2019-09-27 09:58:18,518 [main] INFO  ipc.Client (Client.java:handleConnectionFailure(948)) - Retrying connect to server: localhost/127.0.0.1:0. Already tried 9 time(s); retry policy is RetryUpToMaximumCountWithFixedSleep(maxRetries=10, sleepTime=1000 MILLISECONDS)
2019-09-27 09:58:18,519 [main] INFO  retry.RetryInvocationHandler (RetryInvocationHandler.java:log(411)) - com.google.protobuf.ServiceException: java.net.ConnectException: Your endpoint configuration is wrong; For more details see:  http://wiki.apache.org/hadoop/UnsetHostnameOrPort, while invoking $Proxy37.submitRequest over nodeId=null,nodeAddress=127.0.0.1:0 after 8 failover attempts. Trying to failover immediately.
2019-09-27 09:58:19,520 [main] INFO  ipc.Client (Client.java:handleConnectionFailure(948)) - Retrying connect to server: localhost/127.0.0.1:0. Already tried 0 time(s); retry policy is RetryUpToMaximumCountWithFixedSleep(maxRetries=10, sleepTime=1000 MILLISECONDS)
2019-09-27 09:58:20,522 [main] INFO  ipc.Client (Client.java:handleConnectionFailure(948)) - Retrying connect to server: localhost/127.0.0.1:0. Already tried 1 time(s); retry policy is RetryUpToMaximumCountWithFixedSleep(maxRetries=10, sleepTime=1000 MILLISECONDS)
2019-09-27 09:58:21,524 [main] INFO  ipc.Client (Client.java:handleConnectionFailure(948)) - Retrying connect to server: localhost/127.0.0.1:0. Already tried 2 time(s); retry policy is RetryUpToMaximumCountWithFixedSleep(maxRetries=10, sleepTime=1000 MILLISECONDS)
2019-09-27 09:58:22,526 [main] INFO  ipc.Client (Client.java:handleConnectionFailure(948)) - Retrying connect to server: localhost/127.0.0.1:0. Already tried 3 time(s); retry policy is RetryUpToMaximumCountWithFixedSleep(maxRetries=10, sleepTime=1000 MILLISECONDS)
2019-09-27 09:58:23,527 [main] INFO  ipc.Client (Client.java:handleConnectionFailure(948)) - Retrying connect to server: localhost/127.0.0.1:0. Already tried 4 time(s); retry policy is RetryUpToMaximumCountWithFixedSleep(maxRetries=10, sleepTime=1000 MILLISECONDS)
2019-09-27 09:58:24,529 [main] INFO  ipc.Client (Client.java:handleConnectionFailure(948)) - Retrying connect to server: localhost/127.0.0.1:0. Already tried 5 time(s); retry policy is RetryUpToMaximumCountWithFixedSleep(maxRetries=10, sleepTime=1000 MILLISECONDS)
2019-09-27 09:58:25,530 [main] INFO  ipc.Client (Client.java:handleConnectionFailure(948)) - Retrying connect to server: localhost/127.0.0.1:0. Already tried 6 time(s); retry policy is RetryUpToMaximumCountWithFixedSleep(maxRetries=10, sleepTime=1000 MILLISECONDS)
2019-09-27 09:58:26,531 [main] INFO  ipc.Client (Client.java:handleConnectionFailure(948)) - Retrying connect to server: localhost/127.0.0.1:0. Already tried 7 time(s); retry policy is RetryUpToMaximumCountWithFixedSleep(maxRetries=10, sleepTime=1000 MILLISECONDS)
2019-09-27 09:58:27,533 [main] INFO  ipc.Client (Client.java:handleConnectionFailure(948)) - Retrying connect to server: localhost/127.0.0.1:0. Already tried 8 time(s); retry policy is RetryUpToMaximumCountWithFixedSleep(maxRetries=10, sleepTime=1000 MILLISECONDS)
2019-09-27 09:58:28,534 [main] INFO  ipc.Client (Client.java:handleConnectionFailure(948)) - Retrying connect to server: localhost/127.0.0.1:0. Already tried 9 time(s); retry policy is RetryUpToMaximumCountWithFixedSleep(maxRetries=10, sleepTime=1000 MILLISECONDS)
2019-09-27 09:58:28,536 [main] INFO  retry.RetryInvocationHandler (RetryInvocationHandler.java:log(411)) - com.google.protobuf.ServiceException: java.net.ConnectException: Your endpoint configuration is wrong; For more details see:  http://wiki.apache.org/hadoop/UnsetHostnameOrPort, while invoking $Proxy37.submitRequest over nodeId=null,nodeAddress=127.0.0.1:0 after 9 failover attempts. Trying to failover immediately.
2019-09-27 09:58:29,537 [main] INFO  ipc.Client (Client.java:handleConnectionFailure(948)) - Retrying connect to server: localhost/127.0.0.1:0. Already tried 0 time(s); retry policy is RetryUpToMaximumCountWithFixedSleep(maxRetries=10, sleepTime=1000 MILLISECONDS)
2019-09-27 09:58:30,556 [main] INFO  ipc.Client (Client.java:handleConnectionFailure(948)) - Retrying connect to server: localhost/127.0.0.1:0. Already tried 1 time(s); retry policy is RetryUpToMaximumCountWithFixedSleep(maxRetries=10, sleepTime=1000 MILLISECONDS)
2019-09-27 09:58:31,562 [main] INFO  ipc.Client (Client.java:handleConnectionFailure(948)) - Retrying connect to server: localhost/127.0.0.1:0. Already tried 2 time(s); retry policy is RetryUpToMaximumCountWithFixedSleep(maxRetries=10, sleepTime=1000 MILLISECONDS)
2019-09-27 09:58:32,568 [main] INFO  ipc.Client (Client.java:handleConnectionFailure(948)) - Retrying connect to server: localhost/127.0.0.1:0. Already tried 3 time(s); retry policy is RetryUpToMaximumCountWithFixedSleep(maxRetries=10, sleepTime=1000 MILLISECONDS)
2019-09-27 09:58:33,570 [main] INFO  ipc.Client (Client.java:handleConnectionFailure(948)) - Retrying connect to server: localhost/127.0.0.1:0. Already tried 4 time(s); retry policy is RetryUpToMaximumCountWithFixedSleep(maxRetries=10, sleepTime=1000 MILLISECONDS)
2019-09-27 09:58:34,573 [main] INFO  ipc.Client (Client.java:handleConnectionFailure(948)) - Retrying connect to server: localhost/127.0.0.1:0. Already tried 5 time(s); retry policy is RetryUpToMaximumCountWithFixedSleep(maxRetries=10, sleepTime=1000 MILLISECONDS)
2019-09-27 09:58:35,574 [main] INFO  ipc.Client (Client.java:handleConnectionFailure(948)) - Retrying connect to server: localhost/127.0.0.1:0. Already tried 6 time(s); retry policy is RetryUpToMaximumCountWithFixedSleep(maxRetries=10, sleepTime=1000 MILLISECONDS)
2019-09-27 09:58:36,575 [main] INFO  ipc.Client (Client.java:handleConnectionFailure(948)) - Retrying connect to server: localhost/127.0.0.1:0. Already tried 7 time(s); retry policy is RetryUpToMaximumCountWithFixedSleep(maxRetries=10, sleepTime=1000 MILLISECONDS)
2019-09-27 09:58:37,577 [main] INFO  ipc.Client (Client.java:handleConnectionFailure(948)) - Retrying connect to server: localhost/127.0.0.1:0. Already tried 8 time(s); retry policy is RetryUpToMaximumCountWithFixedSleep(maxRetries=10, sleepTime=1000 MILLISECONDS)
2019-09-27 09:58:38,578 [main] INFO  ipc.Client (Client.java:handleConnectionFailure(948)) - Retrying connect to server: localhost/127.0.0.1:0. Already tried 9 time(s); retry policy is RetryUpToMaximumCountWithFixedSleep(maxRetries=10, sleepTime=1000 MILLISECONDS)
2019-09-27 09:58:38,580 [main] ERROR ha.OMFailoverProxyProvider (OzoneManagerProtocolClientSideTranslatorPB.java:getRetryAction(268)) - Failed to connect to OM. Attempted 10 retries and 10 failovers
2019-09-27 09:58:38,586 [main] ERROR client.OzoneClientFactory (OzoneClientFactory.java:getClientProtocol(259)) - Couldn't create RpcClient protocol exception: 
java.net.ConnectException: Your endpoint configuration is wrong; For more details see:  http://wiki.apache.org/hadoop/UnsetHostnameOrPort
	at sun.reflect.NativeConstructorAccessorImpl.newInstance0(Native Method)
	at sun.reflect.NativeConstructorAccessorImpl.newInstance(NativeConstructorAccessorImpl.java:62)
	at sun.reflect.DelegatingConstructorAccessorImpl.newInstance(DelegatingConstructorAccessorImpl.java:45)
	at java.lang.reflect.Constructor.newInstance(Constructor.java:423)
	at org.apache.hadoop.net.NetUtils.wrapWithMessage(NetUtils.java:831)
	at org.apache.hadoop.net.NetUtils.wrapException(NetUtils.java:751)
	at org.apache.hadoop.ipc.Client.getRpcResponse(Client.java:1515)
	at org.apache.hadoop.ipc.Client.call(Client.java:1457)
	at org.apache.hadoop.ipc.Client.call(Client.java:1367)
	at org.apache.hadoop.ipc.ProtobufRpcEngine$Invoker.invoke(ProtobufRpcEngine.java:228)
	at org.apache.hadoop.ipc.ProtobufRpcEngine$Invoker.invoke(ProtobufRpcEngine.java:116)
	at com.sun.proxy.$Proxy37.submitRequest(Unknown Source)
	at sun.reflect.NativeMethodAccessorImpl.invoke0(Native Method)
	at sun.reflect.NativeMethodAccessorImpl.invoke(NativeMethodAccessorImpl.java:62)
	at sun.reflect.DelegatingMethodAccessorImpl.invoke(DelegatingMethodAccessorImpl.java:43)
	at java.lang.reflect.Method.invoke(Method.java:498)
	at org.apache.hadoop.io.retry.RetryInvocationHandler.invokeMethod(RetryInvocationHandler.java:422)
	at org.apache.hadoop.io.retry.RetryInvocationHandler$Call.invokeMethod(RetryInvocationHandler.java:165)
	at org.apache.hadoop.io.retry.RetryInvocationHandler$Call.invoke(RetryInvocationHandler.java:157)
	at org.apache.hadoop.io.retry.RetryInvocationHandler$Call.invokeOnce(RetryInvocationHandler.java:95)
	at org.apache.hadoop.io.retry.RetryInvocationHandler.invoke(RetryInvocationHandler.java:359)
	at com.sun.proxy.$Proxy37.submitRequest(Unknown Source)
	at org.apache.hadoop.ozone.om.protocolPB.OzoneManagerProtocolClientSideTranslatorPB.submitRequest(OzoneManagerProtocolClientSideTranslatorPB.java:338)
	at org.apache.hadoop.ozone.om.protocolPB.OzoneManagerProtocolClientSideTranslatorPB.getServiceInfo(OzoneManagerProtocolClientSideTranslatorPB.java:1223)
	at sun.reflect.NativeMethodAccessorImpl.invoke0(Native Method)
	at sun.reflect.NativeMethodAccessorImpl.invoke(NativeMethodAccessorImpl.java:62)
	at sun.reflect.DelegatingMethodAccessorImpl.invoke(DelegatingMethodAccessorImpl.java:43)
	at java.lang.reflect.Method.invoke(Method.java:498)
	at org.apache.hadoop.hdds.tracing.TraceAllMethod.invoke(TraceAllMethod.java:66)
	at com.sun.proxy.$Proxy38.getServiceInfo(Unknown Source)
	at org.apache.hadoop.ozone.client.rpc.RpcClient.<init>(RpcClient.java:154)
	at org.apache.hadoop.ozone.client.OzoneClientFactory.getClientProtocol(OzoneClientFactory.java:256)
	at org.apache.hadoop.ozone.client.OzoneClientFactory.getClientProtocol(OzoneClientFactory.java:239)
	at org.apache.hadoop.ozone.client.OzoneClientFactory.getRpcClient(OzoneClientFactory.java:203)
	at org.apache.hadoop.ozone.client.rpc.TestSecureOzoneRpcClient.init(TestSecureOzoneRpcClient.java:118)
	at sun.reflect.NativeMethodAccessorImpl.invoke0(Native Method)
	at sun.reflect.NativeMethodAccessorImpl.invoke(NativeMethodAccessorImpl.java:62)
	at sun.reflect.DelegatingMethodAccessorImpl.invoke(DelegatingMethodAccessorImpl.java:43)
	at java.lang.reflect.Method.invoke(Method.java:498)
	at org.junit.runners.model.FrameworkMethod$1.runReflectiveCall(FrameworkMethod.java:47)
	at org.junit.internal.runners.model.ReflectiveCallable.run(ReflectiveCallable.java:12)
	at org.junit.runners.model.FrameworkMethod.invokeExplosively(FrameworkMethod.java:44)
	at org.junit.internal.runners.statements.RunBefores.evaluate(RunBefores.java:24)
	at org.junit.internal.runners.statements.RunAfters.evaluate(RunAfters.java:27)
	at org.junit.runners.ParentRunner.run(ParentRunner.java:309)
	at org.apache.maven.surefire.junit4.JUnit4Provider.execute(JUnit4Provider.java:365)
	at org.apache.maven.surefire.junit4.JUnit4Provider.executeWithRerun(JUnit4Provider.java:273)
	at org.apache.maven.surefire.junit4.JUnit4Provider.executeTestSet(JUnit4Provider.java:238)
	at org.apache.maven.surefire.junit4.JUnit4Provider.invoke(JUnit4Provider.java:159)
	at org.apache.maven.surefire.booter.ForkedBooter.invokeProviderInSameClassLoader(ForkedBooter.java:384)
	at org.apache.maven.surefire.booter.ForkedBooter.runSuitesInProcess(ForkedBooter.java:345)
	at org.apache.maven.surefire.booter.ForkedBooter.execute(ForkedBooter.java:126)
	at org.apache.maven.surefire.booter.ForkedBooter.main(ForkedBooter.java:418)
Caused by: java.net.ConnectException: Connection refused
	at sun.nio.ch.SocketChannelImpl.checkConnect(Native Method)
	at sun.nio.ch.SocketChannelImpl.finishConnect(SocketChannelImpl.java:717)
	at org.apache.hadoop.net.SocketIOWithTimeout.connect(SocketIOWithTimeout.java:206)
	at org.apache.hadoop.net.NetUtils.connect(NetUtils.java:531)
	at org.apache.hadoop.ipc.Client$Connection.setupConnection(Client.java:690)
	at org.apache.hadoop.ipc.Client$Connection.setupIOstreams(Client.java:794)
	at org.apache.hadoop.ipc.Client$Connection.access$3700(Client.java:411)
	at org.apache.hadoop.ipc.Client.getConnection(Client.java:1572)
	at org.apache.hadoop.ipc.Client.call(Client.java:1403)
	... 45 more
2019-09-27 09:58:38,591 [main] INFO  ozone.MiniOzoneClusterImpl (MiniOzoneClusterImpl.java:shutdown(314)) - Shutting down the Mini Ozone Cluster
2019-09-27 09:58:38,593 [main] INFO  ozone.MiniOzoneClusterImpl (MiniOzoneClusterImpl.java:stop(330)) - Stopping the Mini Ozone Cluster
2019-09-27 09:58:38,593 [main] INFO  ozone.MiniOzoneClusterImpl (MiniOzoneClusterImpl.java:stopOM(400)) - Stopping the OzoneManager
2019-09-27 09:58:38,593 [main] INFO  ipc.Server (Server.java:stop(3082)) - Stopping server on 37926
2019-09-27 09:58:38,603 [IPC Server listener on 37926] INFO  ipc.Server (Server.java:run(1185)) - Stopping IPC Server listener on 37926
2019-09-27 09:58:38,616 [main] INFO  ratis.OzoneManagerDoubleBuffer (OzoneManagerDoubleBuffer.java:stop(248)) - Stopping OMDoubleBuffer flush thread
2019-09-27 09:58:38,622 [IPC Server Responder] INFO  ipc.Server (Server.java:run(1319)) - Stopping IPC Server Responder
2019-09-27 09:58:38,638 [OMDoubleBufferFlushThread] INFO  ratis.OzoneManagerDoubleBuffer (OzoneManagerDoubleBuffer.java:flushTransactions(191)) - OMDoubleBuffer flush thread OMDoubleBufferFlushThread is interrupted and will exit. OMDoubleBufferFlushThread
2019-09-27 09:58:38,672 [main] INFO  utils.BackgroundService (BackgroundService.java:shutdown(148)) - Shutting down service KeyDeletingService
2019-09-27 09:58:38,673 [main] INFO  om.OzoneManager (OzoneManager.java:stopSecretManager(651)) - Stopping OM block token manager.
2019-09-27 09:58:38,679 [main] INFO  handler.ContextHandler (ContextHandler.java:doStop(910)) - Stopped o.e.j.w.WebAppContext@55f8669d{/,null,UNAVAILABLE}{/ozoneManager}
2019-09-27 09:58:38,687 [main] INFO  server.AbstractConnector (AbstractConnector.java:doStop(318)) - Stopped ServerConnector@6be25526{HTTP/1.1,[http/1.1]}{0.0.0.0:0}
2019-09-27 09:58:38,688 [main] INFO  handler.ContextHandler (ContextHandler.java:doStop(910)) - Stopped o.e.j.s.ServletContextHandler@7e7f0f0a{/static,file:///workdir/hadoop-ozone/integration-test/target/test-classes/webapps/static,UNAVAILABLE}
2019-09-27 09:58:38,688 [main] INFO  handler.ContextHandler (ContextHandler.java:doStop(910)) - Stopped o.e.j.s.ServletContextHandler@185f7840{/logs,file:///workdir/hadoop-ozone/integration-test/target/log,UNAVAILABLE}
2019-09-27 09:58:38,695 [main] INFO  ozone.MiniOzoneClusterImpl (MiniOzoneClusterImpl.java:stopDatanodes(377)) - Stopping the HddsDatanodes
2019-09-27 09:58:39,035 [Datanode State Machine Thread - 0] INFO  statemachine.DatanodeStateMachine (DatanodeStateMachine.java:lambda$startDaemon$0(350)) - Ozone container server started.
2019-09-27 09:58:39,404 [Datanode State Machine Thread - 0] INFO  statemachine.DatanodeStateMachine (DatanodeStateMachine.java:lambda$startDaemon$0(350)) - Ozone container server started.
2019-09-27 09:58:43,699 [ForkJoinPool.commonPool-worker-0] INFO  ozoneimpl.OzoneContainer (OzoneContainer.java:stop(231)) - Attempting to stop container services.
2019-09-27 09:58:43,699 [main] INFO  ozoneimpl.OzoneContainer (OzoneContainer.java:stop(231)) - Attempting to stop container services.
2019-09-27 09:58:43,701 [ForkJoinPool.commonPool-worker-0] INFO  impl.RaftServerProxy (RaftServerProxy.java:lambda$close$4(314)) - 104d06c1-b6f4-46fe-abab-80b9f3463d81: close
2019-09-27 09:58:43,701 [main] INFO  impl.RaftServerProxy (RaftServerProxy.java:lambda$close$4(314)) - a5178916-7f43-4d44-a33e-8aed6c9e8814: close
2019-09-27 09:58:43,705 [main] INFO  impl.RaftServerImpl (RaftServerImpl.java:lambda$shutdown$3(251)) - a5178916-7f43-4d44-a33e-8aed6c9e8814@group-B6E36139D1C6: shutdown
2019-09-27 09:58:43,705 [ForkJoinPool.commonPool-worker-0] INFO  impl.RaftServerImpl (RaftServerImpl.java:lambda$shutdown$3(251)) - 104d06c1-b6f4-46fe-abab-80b9f3463d81@group-7358B9CE46DB: shutdown
2019-09-27 09:58:43,706 [main] INFO  util.JmxRegister (JmxRegister.java:unregister(73)) - Successfully un-registered JMX Bean with object name Ratis:service=RaftServer,group=group-B6E36139D1C6,id=a5178916-7f43-4d44-a33e-8aed6c9e8814
2019-09-27 09:58:43,706 [ForkJoinPool.commonPool-worker-0] INFO  util.JmxRegister (JmxRegister.java:unregister(73)) - Successfully un-registered JMX Bean with object name Ratis:service=RaftServer,group=group-7358B9CE46DB,id=104d06c1-b6f4-46fe-abab-80b9f3463d81
2019-09-27 09:58:43,706 [main] INFO  impl.RoleInfo (RoleInfo.java:shutdownLeaderState(104)) - a5178916-7f43-4d44-a33e-8aed6c9e8814: shutdown LeaderState
2019-09-27 09:58:43,707 [ForkJoinPool.commonPool-worker-0] INFO  impl.RoleInfo (RoleInfo.java:shutdownLeaderState(104)) - 104d06c1-b6f4-46fe-abab-80b9f3463d81: shutdown LeaderState
2019-09-27 09:58:43,715 [org.apache.ratis.server.impl.LogAppender$AppenderDaemon$$Lambda$409/260524791@326387f6] WARN  server.GrpcLogAppender (GrpcLogAppender.java:mayWait(143)) - a5178916-7f43-4d44-a33e-8aed6c9e8814@group-B6E36139D1C6->314e6693-f7ac-41e1-8044-5e96ad768d09-GrpcLogAppender: Wait interrupted by java.lang.InterruptedException
2019-09-27 09:58:43,715 [org.apache.ratis.server.impl.LogAppender$AppenderDaemon$$Lambda$409/260524791@3ef548d4] WARN  server.GrpcLogAppender (GrpcLogAppender.java:mayWait(143)) - a5178916-7f43-4d44-a33e-8aed6c9e8814@group-B6E36139D1C6->ebd02079-cc9f-48d7-8c8e-ec4136f19434-GrpcLogAppender: Wait interrupted by java.lang.InterruptedException
2019-09-27 09:58:43,718 [main] INFO  impl.PendingRequests (PendingRequests.java:sendNotLeaderResponses(202)) - a5178916-7f43-4d44-a33e-8aed6c9e8814-PendingRequests: sendNotLeaderResponses
2019-09-27 09:58:43,718 [ForkJoinPool.commonPool-worker-0] INFO  impl.PendingRequests (PendingRequests.java:sendNotLeaderResponses(202)) - 104d06c1-b6f4-46fe-abab-80b9f3463d81-PendingRequests: sendNotLeaderResponses
2019-09-27 09:58:43,728 [grpc-default-executor-2] INFO  server.GrpcServerProtocolService (GrpcServerProtocolService.java:onCompleted(113)) - 314e6693-f7ac-41e1-8044-5e96ad768d09: Completed APPEND_ENTRIES, lastRequest: a5178916-7f43-4d44-a33e-8aed6c9e8814->314e6693-f7ac-41e1-8044-5e96ad768d09#44-t1, previous=(t:1, i:0), leaderCommit=0, initializing? false, entries: <empty>
2019-09-27 09:58:43,731 [ForkJoinPool.commonPool-worker-0] INFO  impl.StateMachineUpdater (StateMachineUpdater.java:stopAndJoin(125)) - 104d06c1-b6f4-46fe-abab-80b9f3463d81@group-7358B9CE46DB-StateMachineUpdater: set stopIndex = 0
2019-09-27 09:58:43,731 [main] INFO  impl.StateMachineUpdater (StateMachineUpdater.java:stopAndJoin(125)) - a5178916-7f43-4d44-a33e-8aed6c9e8814@group-B6E36139D1C6-StateMachineUpdater: set stopIndex = 0
2019-09-27 09:58:43,728 [grpc-default-executor-5] INFO  server.GrpcServerProtocolService (GrpcServerProtocolService.java:onCompleted(113)) - ebd02079-cc9f-48d7-8c8e-ec4136f19434: Completed APPEND_ENTRIES, lastRequest: a5178916-7f43-4d44-a33e-8aed6c9e8814->ebd02079-cc9f-48d7-8c8e-ec4136f19434#44-t1, previous=(t:1, i:0), leaderCommit=0, initializing? false, entries: <empty>
2019-09-27 09:58:43,735 [main] INFO  impl.RaftServerImpl (ServerState.java:close(385)) - a5178916-7f43-4d44-a33e-8aed6c9e8814@group-B6E36139D1C6: closes. applyIndex: 0
2019-09-27 09:58:43,735 [ForkJoinPool.commonPool-worker-0] INFO  impl.RaftServerImpl (ServerState.java:close(385)) - 104d06c1-b6f4-46fe-abab-80b9f3463d81@group-7358B9CE46DB: closes. applyIndex: 0
2019-09-27 09:58:43,739 [grpc-default-executor-2] INFO  server.GrpcLogAppender (GrpcLogAppender.java:onCompleted(293)) - a5178916-7f43-4d44-a33e-8aed6c9e8814@group-B6E36139D1C6->314e6693-f7ac-41e1-8044-5e96ad768d09-AppendLogResponseHandler: follower responses appendEntries COMPLETED
2019-09-27 09:58:43,739 [grpc-default-executor-5] INFO  server.GrpcLogAppender (GrpcLogAppender.java:onCompleted(293)) - a5178916-7f43-4d44-a33e-8aed6c9e8814@group-B6E36139D1C6->ebd02079-cc9f-48d7-8c8e-ec4136f19434-AppendLogResponseHandler: follower responses appendEntries COMPLETED
2019-09-27 09:58:43,747 [grpc-default-executor-2] INFO  impl.FollowerInfo (FollowerInfo.java:lambda$new$0(51)) - a5178916-7f43-4d44-a33e-8aed6c9e8814@group-B6E36139D1C6->314e6693-f7ac-41e1-8044-5e96ad768d09: nextIndex: updateUnconditionally 1 -> 0
2019-09-27 09:58:43,750 [a5178916-7f43-4d44-a33e-8aed6c9e8814@group-B6E36139D1C6-SegmentedRaftLogWorker] INFO  segmented.SegmentedRaftLogWorker (SegmentedRaftLogWorker.java:run(313)) - a5178916-7f43-4d44-a33e-8aed6c9e8814@group-B6E36139D1C6-SegmentedRaftLogWorker was interrupted, exiting. There are 0 tasks remaining in the queue.
2019-09-27 09:58:43,750 [104d06c1-b6f4-46fe-abab-80b9f3463d81@group-7358B9CE46DB-SegmentedRaftLogWorker] INFO  segmented.SegmentedRaftLogWorker (SegmentedRaftLogWorker.java:run(313)) - 104d06c1-b6f4-46fe-abab-80b9f3463d81@group-7358B9CE46DB-SegmentedRaftLogWorker was interrupted, exiting. There are 0 tasks remaining in the queue.
2019-09-27 09:58:43,747 [grpc-default-executor-5] INFO  impl.FollowerInfo (FollowerInfo.java:lambda$new$0(51)) - a5178916-7f43-4d44-a33e-8aed6c9e8814@group-B6E36139D1C6->ebd02079-cc9f-48d7-8c8e-ec4136f19434: nextIndex: updateUnconditionally 1 -> 0
2019-09-27 09:58:43,757 [main] INFO  segmented.SegmentedRaftLogWorker (SegmentedRaftLogWorker.java:close(228)) - a5178916-7f43-4d44-a33e-8aed6c9e8814@group-B6E36139D1C6-SegmentedRaftLogWorker close()
2019-09-27 09:58:43,757 [ForkJoinPool.commonPool-worker-0] INFO  segmented.SegmentedRaftLogWorker (SegmentedRaftLogWorker.java:close(228)) - 104d06c1-b6f4-46fe-abab-80b9f3463d81@group-7358B9CE46DB-SegmentedRaftLogWorker close()
2019-09-27 09:58:43,768 [main] INFO  impl.RaftServerImpl (RaftServerImpl.java:lambda$shutdown$3(251)) - a5178916-7f43-4d44-a33e-8aed6c9e8814@group-E628EBBEE01C: shutdown
2019-09-27 09:58:43,768 [ForkJoinPool.commonPool-worker-0] INFO  impl.RaftServerImpl (RaftServerImpl.java:lambda$shutdown$3(251)) - 104d06c1-b6f4-46fe-abab-80b9f3463d81@group-4C89F8E95440: shutdown
2019-09-27 09:58:43,768 [main] INFO  util.JmxRegister (JmxRegister.java:unregister(73)) - Successfully un-registered JMX Bean with object name Ratis:service=RaftServer,group=group-E628EBBEE01C,id=a5178916-7f43-4d44-a33e-8aed6c9e8814
2019-09-27 09:58:43,769 [ForkJoinPool.commonPool-worker-0] INFO  util.JmxRegister (JmxRegister.java:unregister(73)) - Successfully un-registered JMX Bean with object name Ratis:service=RaftServer,group=group-4C89F8E95440,id=104d06c1-b6f4-46fe-abab-80b9f3463d81
2019-09-27 09:58:43,769 [main] INFO  impl.RoleInfo (RoleInfo.java:shutdownLeaderState(104)) - a5178916-7f43-4d44-a33e-8aed6c9e8814: shutdown LeaderState
2019-09-27 09:58:43,769 [ForkJoinPool.commonPool-worker-0] INFO  impl.RoleInfo (RoleInfo.java:shutdownLeaderState(104)) - 104d06c1-b6f4-46fe-abab-80b9f3463d81: shutdown LeaderState
2019-09-27 09:58:43,770 [main] INFO  impl.PendingRequests (PendingRequests.java:sendNotLeaderResponses(202)) - a5178916-7f43-4d44-a33e-8aed6c9e8814-PendingRequests: sendNotLeaderResponses
2019-09-27 09:58:43,775 [org.apache.ratis.server.impl.LogAppender$AppenderDaemon$$Lambda$409/260524791@61193c07] WARN  server.GrpcLogAppender (GrpcLogAppender.java:mayWait(143)) - 104d06c1-b6f4-46fe-abab-80b9f3463d81@group-4C89F8E95440->5911da34-ca57-408c-8816-1c7f5f86ee30-GrpcLogAppender: Wait interrupted by java.lang.InterruptedException
2019-09-27 09:58:43,775 [main] INFO  impl.StateMachineUpdater (StateMachineUpdater.java:stopAndJoin(125)) - a5178916-7f43-4d44-a33e-8aed6c9e8814@group-E628EBBEE01C-StateMachineUpdater: set stopIndex = 0
2019-09-27 09:58:43,775 [ForkJoinPool.commonPool-worker-0] INFO  impl.PendingRequests (PendingRequests.java:sendNotLeaderResponses(202)) - 104d06c1-b6f4-46fe-abab-80b9f3463d81-PendingRequests: sendNotLeaderResponses
2019-09-27 09:58:43,772 [org.apache.ratis.server.impl.LogAppender$AppenderDaemon$$Lambda$409/260524791@71314aec] WARN  server.GrpcLogAppender (GrpcLogAppender.java:mayWait(143)) - 104d06c1-b6f4-46fe-abab-80b9f3463d81@group-4C89F8E95440->98e467fb-2178-4bcc-aa88-91a9cb1be043-GrpcLogAppender: Wait interrupted by java.lang.InterruptedException
2019-09-27 09:58:43,782 [ForkJoinPool.commonPool-worker-0] INFO  impl.StateMachineUpdater (StateMachineUpdater.java:stopAndJoin(125)) - 104d06c1-b6f4-46fe-abab-80b9f3463d81@group-4C89F8E95440-StateMachineUpdater: set stopIndex = 0
2019-09-27 09:58:43,781 [grpc-default-executor-5] INFO  server.GrpcServerProtocolService (GrpcServerProtocolService.java:onCompleted(113)) - 5911da34-ca57-408c-8816-1c7f5f86ee30: Completed APPEND_ENTRIES, lastRequest: 104d06c1-b6f4-46fe-abab-80b9f3463d81->5911da34-ca57-408c-8816-1c7f5f86ee30#44-t1, previous=(t:1, i:0), leaderCommit=0, initializing? false, entries: <empty>
2019-09-27 09:58:43,781 [main] INFO  impl.RaftServerImpl (ServerState.java:close(385)) - a5178916-7f43-4d44-a33e-8aed6c9e8814@group-E628EBBEE01C: closes. applyIndex: 0
2019-09-27 09:58:43,785 [grpc-default-executor-2] INFO  server.GrpcServerProtocolService (GrpcServerProtocolService.java:onCompleted(113)) - 98e467fb-2178-4bcc-aa88-91a9cb1be043: Completed APPEND_ENTRIES, lastRequest: 104d06c1-b6f4-46fe-abab-80b9f3463d81->98e467fb-2178-4bcc-aa88-91a9cb1be043#44-t1, previous=(t:1, i:0), leaderCommit=0, initializing? false, entries: <empty>
2019-09-27 09:58:43,785 [ForkJoinPool.commonPool-worker-0] INFO  impl.RaftServerImpl (ServerState.java:close(385)) - 104d06c1-b6f4-46fe-abab-80b9f3463d81@group-4C89F8E95440: closes. applyIndex: 0
2019-09-27 09:58:43,790 [a5178916-7f43-4d44-a33e-8aed6c9e8814@group-E628EBBEE01C-SegmentedRaftLogWorker] INFO  segmented.SegmentedRaftLogWorker (SegmentedRaftLogWorker.java:run(313)) - a5178916-7f43-4d44-a33e-8aed6c9e8814@group-E628EBBEE01C-SegmentedRaftLogWorker was interrupted, exiting. There are 0 tasks remaining in the queue.
2019-09-27 09:58:43,794 [104d06c1-b6f4-46fe-abab-80b9f3463d81@group-4C89F8E95440-SegmentedRaftLogWorker] INFO  segmented.SegmentedRaftLogWorker (SegmentedRaftLogWorker.java:run(313)) - 104d06c1-b6f4-46fe-abab-80b9f3463d81@group-4C89F8E95440-SegmentedRaftLogWorker was interrupted, exiting. There are 0 tasks remaining in the queue.
2019-09-27 09:58:43,797 [main] INFO  segmented.SegmentedRaftLogWorker (SegmentedRaftLogWorker.java:close(228)) - a5178916-7f43-4d44-a33e-8aed6c9e8814@group-E628EBBEE01C-SegmentedRaftLogWorker close()
2019-09-27 09:58:43,790 [grpc-default-executor-5] INFO  server.GrpcLogAppender (GrpcLogAppender.java:onCompleted(293)) - 104d06c1-b6f4-46fe-abab-80b9f3463d81@group-4C89F8E95440->5911da34-ca57-408c-8816-1c7f5f86ee30-AppendLogResponseHandler: follower responses appendEntries COMPLETED
2019-09-27 09:58:43,800 [ForkJoinPool.commonPool-worker-0] INFO  segmented.SegmentedRaftLogWorker (SegmentedRaftLogWorker.java:close(228)) - 104d06c1-b6f4-46fe-abab-80b9f3463d81@group-4C89F8E95440-SegmentedRaftLogWorker close()
2019-09-27 09:58:43,797 [grpc-default-executor-2] INFO  server.GrpcLogAppender (GrpcLogAppender.java:onCompleted(293)) - 104d06c1-b6f4-46fe-abab-80b9f3463d81@group-4C89F8E95440->98e467fb-2178-4bcc-aa88-91a9cb1be043-AppendLogResponseHandler: follower responses appendEntries COMPLETED
2019-09-27 09:58:43,809 [grpc-default-executor-5] INFO  impl.FollowerInfo (FollowerInfo.java:lambda$new$0(51)) - 104d06c1-b6f4-46fe-abab-80b9f3463d81@group-4C89F8E95440->5911da34-ca57-408c-8816-1c7f5f86ee30: nextIndex: updateUnconditionally 1 -> 0
2019-09-27 09:58:43,824 [main] INFO  server.GrpcService (GrpcService.java:closeImpl(164)) - a5178916-7f43-4d44-a33e-8aed6c9e8814: shutdown server with port 34011 now
2019-09-27 09:58:43,824 [grpc-default-executor-2] INFO  impl.FollowerInfo (FollowerInfo.java:lambda$new$0(51)) - 104d06c1-b6f4-46fe-abab-80b9f3463d81@group-4C89F8E95440->98e467fb-2178-4bcc-aa88-91a9cb1be043: nextIndex: updateUnconditionally 1 -> 0
2019-09-27 09:58:43,823 [ForkJoinPool.commonPool-worker-0] INFO  server.GrpcService (GrpcService.java:closeImpl(164)) - 104d06c1-b6f4-46fe-abab-80b9f3463d81: shutdown server with port 40714 now
2019-09-27 09:58:43,833 [ForkJoinPool.commonPool-worker-0] INFO  server.GrpcService (GrpcService.java:closeImpl(172)) - 104d06c1-b6f4-46fe-abab-80b9f3463d81: shutdown server with port 40714 successfully
2019-09-27 09:58:43,834 [main] INFO  server.GrpcService (GrpcService.java:closeImpl(172)) - a5178916-7f43-4d44-a33e-8aed6c9e8814: shutdown server with port 34011 successfully
2019-09-27 09:58:43,838 [refreshUsed-/workdir/hadoop-ozone/integration-test/target/test-dir/MiniOzoneClusterImpl-8eeacee4-f2ea-46c6-9d4b-1ae1fb96175b/datanode-2/data/containers] WARN  fs.CachingGetSpaceUsed (CachingGetSpaceUsed.java:run(183)) - Thread Interrupted waiting to refresh disk information: sleep interrupted
2019-09-27 09:58:43,839 [refreshUsed-/workdir/hadoop-ozone/integration-test/target/test-dir/MiniOzoneClusterImpl-8eeacee4-f2ea-46c6-9d4b-1ae1fb96175b/datanode-5/data/containers] WARN  fs.CachingGetSpaceUsed (CachingGetSpaceUsed.java:run(183)) - Thread Interrupted waiting to refresh disk information: sleep interrupted
2019-09-27 09:58:43,872 [ForkJoinPool.commonPool-worker-0] INFO  utils.BackgroundService (BackgroundService.java:shutdown(148)) - Shutting down service BlockDeletingService
2019-09-27 09:58:43,875 [main] INFO  utils.BackgroundService (BackgroundService.java:shutdown(148)) - Shutting down service BlockDeletingService
2019-09-27 09:58:43,880 [ForkJoinPool.commonPool-worker-0] INFO  statemachine.DatanodeStateMachine (DatanodeStateMachine.java:stopDaemon(395)) - Ozone container server stopped.
2019-09-27 09:58:43,892 [main] INFO  statemachine.DatanodeStateMachine (DatanodeStateMachine.java:stopDaemon(395)) - Ozone container server stopped.
2019-09-27 09:58:43,894 [ForkJoinPool.commonPool-worker-0] INFO  handler.ContextHandler (ContextHandler.java:doStop(910)) - Stopped o.e.j.w.WebAppContext@3ba46e63{/,null,UNAVAILABLE}{/hddsDatanode}
2019-09-27 09:58:43,895 [main] INFO  handler.ContextHandler (ContextHandler.java:doStop(910)) - Stopped o.e.j.w.WebAppContext@4cbc2e3b{/,null,UNAVAILABLE}{/hddsDatanode}
2019-09-27 09:58:43,895 [ForkJoinPool.commonPool-worker-0] INFO  server.AbstractConnector (AbstractConnector.java:doStop(318)) - Stopped ServerConnector@788ddc1f{HTTP/1.1,[http/1.1]}{0.0.0.0:0}
2019-09-27 09:58:43,897 [ForkJoinPool.commonPool-worker-0] INFO  handler.ContextHandler (ContextHandler.java:doStop(910)) - Stopped o.e.j.s.ServletContextHandler@75de6341{/static,jar:file:/home/user/.m2/repository/org/apache/hadoop/hadoop-hdds-container-service/0.5.0-SNAPSHOT/hadoop-hdds-container-service-0.5.0-SNAPSHOT.jar!/webapps/static,UNAVAILABLE}
2019-09-27 09:58:43,897 [main] INFO  server.AbstractConnector (AbstractConnector.java:doStop(318)) - Stopped ServerConnector@2975a9e{HTTP/1.1,[http/1.1]}{0.0.0.0:0}
2019-09-27 09:58:43,899 [ForkJoinPool.commonPool-worker-0] INFO  handler.ContextHandler (ContextHandler.java:doStop(910)) - Stopped o.e.j.s.ServletContextHandler@4f9a6c2d{/logs,file:///workdir/hadoop-ozone/integration-test/target/log,UNAVAILABLE}
2019-09-27 09:58:43,899 [main] INFO  handler.ContextHandler (ContextHandler.java:doStop(910)) - Stopped o.e.j.s.ServletContextHandler@1caa9eb6{/static,jar:file:/home/user/.m2/repository/org/apache/hadoop/hadoop-hdds-container-service/0.5.0-SNAPSHOT/hadoop-hdds-container-service-0.5.0-SNAPSHOT.jar!/webapps/static,UNAVAILABLE}
2019-09-27 09:58:43,900 [main] INFO  handler.ContextHandler (ContextHandler.java:doStop(910)) - Stopped o.e.j.s.ServletContextHandler@51ec2856{/logs,file:///workdir/hadoop-ozone/integration-test/target/log,UNAVAILABLE}
2019-09-27 09:58:44,035 [Datanode State Machine Thread - 0] INFO  statemachine.DatanodeStateMachine (DatanodeStateMachine.java:lambda$startDaemon$0(350)) - Ozone container server started.
2019-09-27 09:58:44,459 [Datanode State Machine Thread - 0] INFO  statemachine.DatanodeStateMachine (DatanodeStateMachine.java:lambda$startDaemon$0(350)) - Ozone container server started.
2019-09-27 09:58:48,901 [ForkJoinPool.commonPool-worker-0] INFO  ozoneimpl.OzoneContainer (OzoneContainer.java:stop(231)) - Attempting to stop container services.
2019-09-27 09:58:48,902 [main] INFO  ozoneimpl.OzoneContainer (OzoneContainer.java:stop(231)) - Attempting to stop container services.
2019-09-27 09:58:48,902 [ForkJoinPool.commonPool-worker-0] INFO  impl.RaftServerProxy (RaftServerProxy.java:lambda$close$4(314)) - 7c34c570-cc93-4d2d-95bb-ca6bff5b1acb: close
2019-09-27 09:58:48,903 [main] INFO  impl.RaftServerProxy (RaftServerProxy.java:lambda$close$4(314)) - ebd02079-cc9f-48d7-8c8e-ec4136f19434: close
2019-09-27 09:58:48,903 [ForkJoinPool.commonPool-worker-0] INFO  impl.RaftServerImpl (RaftServerImpl.java:lambda$shutdown$3(251)) - 7c34c570-cc93-4d2d-95bb-ca6bff5b1acb@group-41245BAC151D: shutdown
2019-09-27 09:58:48,903 [main] INFO  impl.RaftServerImpl (RaftServerImpl.java:lambda$shutdown$3(251)) - ebd02079-cc9f-48d7-8c8e-ec4136f19434@group-B6E36139D1C6: shutdown
2019-09-27 09:58:48,903 [ForkJoinPool.commonPool-worker-0] INFO  util.JmxRegister (JmxRegister.java:unregister(73)) - Successfully un-registered JMX Bean with object name Ratis:service=RaftServer,group=group-41245BAC151D,id=7c34c570-cc93-4d2d-95bb-ca6bff5b1acb
2019-09-27 09:58:48,904 [main] INFO  util.JmxRegister (JmxRegister.java:unregister(73)) - Successfully un-registered JMX Bean with object name Ratis:service=RaftServer,group=group-B6E36139D1C6,id=ebd02079-cc9f-48d7-8c8e-ec4136f19434
2019-09-27 09:58:48,905 [main] INFO  impl.RoleInfo (RoleInfo.java:shutdownFollowerState(121)) - ebd02079-cc9f-48d7-8c8e-ec4136f19434: shutdown FollowerState
2019-09-27 09:58:48,904 [ForkJoinPool.commonPool-worker-0] INFO  impl.RoleInfo (RoleInfo.java:shutdownLeaderState(104)) - 7c34c570-cc93-4d2d-95bb-ca6bff5b1acb: shutdown LeaderState
2019-09-27 09:58:48,905 [Thread-403] INFO  impl.FollowerState (FollowerState.java:run(115)) - ebd02079-cc9f-48d7-8c8e-ec4136f19434: FollowerState was interrupted: java.lang.InterruptedException: sleep interrupted
2019-09-27 09:58:48,905 [main] INFO  impl.StateMachineUpdater (StateMachineUpdater.java:stopAndJoin(125)) - ebd02079-cc9f-48d7-8c8e-ec4136f19434@group-B6E36139D1C6-StateMachineUpdater: set stopIndex = 0
2019-09-27 09:58:48,913 [main] INFO  impl.RaftServerImpl (ServerState.java:close(385)) - ebd02079-cc9f-48d7-8c8e-ec4136f19434@group-B6E36139D1C6: closes. applyIndex: 0
2019-09-27 09:58:48,912 [org.apache.ratis.server.impl.LogAppender$AppenderDaemon$$Lambda$409/260524791@4d7fe3c1] WARN  server.GrpcLogAppender (GrpcLogAppender.java:mayWait(143)) - 7c34c570-cc93-4d2d-95bb-ca6bff5b1acb@group-41245BAC151D->a8f5f0f5-8e74-4dbd-a70c-5d164a949520-GrpcLogAppender: Wait interrupted by java.lang.InterruptedException
2019-09-27 09:58:48,912 [org.apache.ratis.server.impl.LogAppender$AppenderDaemon$$Lambda$409/260524791@676e8663] WARN  server.GrpcLogAppender (GrpcLogAppender.java:mayWait(143)) - 7c34c570-cc93-4d2d-95bb-ca6bff5b1acb@group-41245BAC151D->2c15b4bb-8004-40ae-ac45-1dc5514b42f4-GrpcLogAppender: Wait interrupted by java.lang.InterruptedException
2019-09-27 09:58:48,912 [ForkJoinPool.commonPool-worker-0] INFO  impl.PendingRequests (PendingRequests.java:sendNotLeaderResponses(202)) - 7c34c570-cc93-4d2d-95bb-ca6bff5b1acb-PendingRequests: sendNotLeaderResponses
2019-09-27 09:58:48,913 [ebd02079-cc9f-48d7-8c8e-ec4136f19434@group-B6E36139D1C6-SegmentedRaftLogWorker] INFO  segmented.SegmentedRaftLogWorker (SegmentedRaftLogWorker.java:run(313)) - ebd02079-cc9f-48d7-8c8e-ec4136f19434@group-B6E36139D1C6-SegmentedRaftLogWorker was interrupted, exiting. There are 0 tasks remaining in the queue.
2019-09-27 09:58:48,919 [ForkJoinPool.commonPool-worker-0] INFO  impl.StateMachineUpdater (StateMachineUpdater.java:stopAndJoin(125)) - 7c34c570-cc93-4d2d-95bb-ca6bff5b1acb@group-41245BAC151D-StateMachineUpdater: set stopIndex = 0
2019-09-27 09:58:48,922 [main] INFO  segmented.SegmentedRaftLogWorker (SegmentedRaftLogWorker.java:close(228)) - ebd02079-cc9f-48d7-8c8e-ec4136f19434@group-B6E36139D1C6-SegmentedRaftLogWorker close()
2019-09-27 09:58:48,922 [ForkJoinPool.commonPool-worker-0] INFO  impl.RaftServerImpl (ServerState.java:close(385)) - 7c34c570-cc93-4d2d-95bb-ca6bff5b1acb@group-41245BAC151D: closes. applyIndex: 0
2019-09-27 09:58:48,922 [grpc-default-executor-5] INFO  server.GrpcServerProtocolService (GrpcServerProtocolService.java:onCompleted(113)) - a8f5f0f5-8e74-4dbd-a70c-5d164a949520: Completed APPEND_ENTRIES, lastRequest: 7c34c570-cc93-4d2d-95bb-ca6bff5b1acb->a8f5f0f5-8e74-4dbd-a70c-5d164a949520#44-t2, previous=(t:2, i:0), leaderCommit=0, initializing? false, entries: <empty>
2019-09-27 09:58:48,922 [grpc-default-executor-2] INFO  server.GrpcServerProtocolService (GrpcServerProtocolService.java:onCompleted(113)) - 2c15b4bb-8004-40ae-ac45-1dc5514b42f4: Completed APPEND_ENTRIES, lastRequest: 7c34c570-cc93-4d2d-95bb-ca6bff5b1acb->2c15b4bb-8004-40ae-ac45-1dc5514b42f4#44-t2, previous=(t:2, i:0), leaderCommit=0, initializing? false, entries: <empty>
2019-09-27 09:58:48,930 [7c34c570-cc93-4d2d-95bb-ca6bff5b1acb@group-41245BAC151D-SegmentedRaftLogWorker] INFO  segmented.SegmentedRaftLogWorker (SegmentedRaftLogWorker.java:run(313)) - 7c34c570-cc93-4d2d-95bb-ca6bff5b1acb@group-41245BAC151D-SegmentedRaftLogWorker was interrupted, exiting. There are 0 tasks remaining in the queue.
2019-09-27 09:58:48,930 [main] INFO  impl.RaftServerImpl (RaftServerImpl.java:lambda$shutdown$3(251)) - ebd02079-cc9f-48d7-8c8e-ec4136f19434@group-C1EFF2BB4C47: shutdown
2019-09-27 09:58:48,936 [grpc-default-executor-5] INFO  server.GrpcLogAppender (GrpcLogAppender.java:onCompleted(293)) - 7c34c570-cc93-4d2d-95bb-ca6bff5b1acb@group-41245BAC151D->a8f5f0f5-8e74-4dbd-a70c-5d164a949520-AppendLogResponseHandler: follower responses appendEntries COMPLETED
2019-09-27 09:58:48,936 [main] INFO  util.JmxRegister (JmxRegister.java:unregister(73)) - Successfully un-registered JMX Bean with object name Ratis:service=RaftServer,group=group-C1EFF2BB4C47,id=ebd02079-cc9f-48d7-8c8e-ec4136f19434
2019-09-27 09:58:48,933 [ForkJoinPool.commonPool-worker-0] INFO  segmented.SegmentedRaftLogWorker (SegmentedRaftLogWorker.java:close(228)) - 7c34c570-cc93-4d2d-95bb-ca6bff5b1acb@group-41245BAC151D-SegmentedRaftLogWorker close()
2019-09-27 09:58:48,939 [main] INFO  impl.RoleInfo (RoleInfo.java:shutdownLeaderState(104)) - ebd02079-cc9f-48d7-8c8e-ec4136f19434: shutdown LeaderState
2019-09-27 09:58:48,938 [grpc-default-executor-5] INFO  impl.FollowerInfo (FollowerInfo.java:lambda$new$0(51)) - 7c34c570-cc93-4d2d-95bb-ca6bff5b1acb@group-41245BAC151D->a8f5f0f5-8e74-4dbd-a70c-5d164a949520: nextIndex: updateUnconditionally 1 -> 0
2019-09-27 09:58:48,938 [grpc-default-executor-2] INFO  server.GrpcLogAppender (GrpcLogAppender.java:onCompleted(293)) - 7c34c570-cc93-4d2d-95bb-ca6bff5b1acb@group-41245BAC151D->2c15b4bb-8004-40ae-ac45-1dc5514b42f4-AppendLogResponseHandler: follower responses appendEntries COMPLETED
2019-09-27 09:58:48,944 [main] INFO  impl.PendingRequests (PendingRequests.java:sendNotLeaderResponses(202)) - ebd02079-cc9f-48d7-8c8e-ec4136f19434-PendingRequests: sendNotLeaderResponses
2019-09-27 09:58:48,943 [ForkJoinPool.commonPool-worker-0] INFO  impl.RaftServerImpl (RaftServerImpl.java:lambda$shutdown$3(251)) - 7c34c570-cc93-4d2d-95bb-ca6bff5b1acb@group-90E69E8BF3D1: shutdown
2019-09-27 09:58:48,947 [main] INFO  impl.StateMachineUpdater (StateMachineUpdater.java:stopAndJoin(125)) - ebd02079-cc9f-48d7-8c8e-ec4136f19434@group-C1EFF2BB4C47-StateMachineUpdater: set stopIndex = 0
2019-09-27 09:58:48,948 [main] INFO  impl.RaftServerImpl (ServerState.java:close(385)) - ebd02079-cc9f-48d7-8c8e-ec4136f19434@group-C1EFF2BB4C47: closes. applyIndex: 0
2019-09-27 09:58:48,947 [grpc-default-executor-2] INFO  impl.FollowerInfo (FollowerInfo.java:lambda$new$0(51)) - 7c34c570-cc93-4d2d-95bb-ca6bff5b1acb@group-41245BAC151D->2c15b4bb-8004-40ae-ac45-1dc5514b42f4: nextIndex: updateUnconditionally 1 -> 0
2019-09-27 09:58:48,947 [ForkJoinPool.commonPool-worker-0] INFO  util.JmxRegister (JmxRegister.java:unregister(73)) - Successfully un-registered JMX Bean with object name Ratis:service=RaftServer,group=group-90E69E8BF3D1,id=7c34c570-cc93-4d2d-95bb-ca6bff5b1acb
2019-09-27 09:58:48,948 [ebd02079-cc9f-48d7-8c8e-ec4136f19434@group-C1EFF2BB4C47-SegmentedRaftLogWorker] INFO  segmented.SegmentedRaftLogWorker (SegmentedRaftLogWorker.java:run(313)) - ebd02079-cc9f-48d7-8c8e-ec4136f19434@group-C1EFF2BB4C47-SegmentedRaftLogWorker was interrupted, exiting. There are 0 tasks remaining in the queue.
2019-09-27 09:58:48,949 [ForkJoinPool.commonPool-worker-0] INFO  impl.RoleInfo (RoleInfo.java:shutdownLeaderState(104)) - 7c34c570-cc93-4d2d-95bb-ca6bff5b1acb: shutdown LeaderState
2019-09-27 09:58:48,951 [main] INFO  segmented.SegmentedRaftLogWorker (SegmentedRaftLogWorker.java:close(228)) - ebd02079-cc9f-48d7-8c8e-ec4136f19434@group-C1EFF2BB4C47-SegmentedRaftLogWorker close()
2019-09-27 09:58:48,951 [ForkJoinPool.commonPool-worker-0] INFO  impl.PendingRequests (PendingRequests.java:sendNotLeaderResponses(202)) - 7c34c570-cc93-4d2d-95bb-ca6bff5b1acb-PendingRequests: sendNotLeaderResponses
2019-09-27 09:58:48,956 [main] INFO  server.GrpcService (GrpcService.java:closeImpl(164)) - ebd02079-cc9f-48d7-8c8e-ec4136f19434: shutdown server with port 42859 now
2019-09-27 09:58:48,956 [ForkJoinPool.commonPool-worker-0] INFO  impl.StateMachineUpdater (StateMachineUpdater.java:stopAndJoin(125)) - 7c34c570-cc93-4d2d-95bb-ca6bff5b1acb@group-90E69E8BF3D1-StateMachineUpdater: set stopIndex = 0
2019-09-27 09:58:48,960 [ForkJoinPool.commonPool-worker-0] INFO  impl.RaftServerImpl (ServerState.java:close(385)) - 7c34c570-cc93-4d2d-95bb-ca6bff5b1acb@group-90E69E8BF3D1: closes. applyIndex: 0
2019-09-27 09:58:48,960 [main] INFO  server.GrpcService (GrpcService.java:closeImpl(172)) - ebd02079-cc9f-48d7-8c8e-ec4136f19434: shutdown server with port 42859 successfully
2019-09-27 09:58:48,961 [7c34c570-cc93-4d2d-95bb-ca6bff5b1acb@group-90E69E8BF3D1-SegmentedRaftLogWorker] INFO  segmented.SegmentedRaftLogWorker (SegmentedRaftLogWorker.java:run(313)) - 7c34c570-cc93-4d2d-95bb-ca6bff5b1acb@group-90E69E8BF3D1-SegmentedRaftLogWorker was interrupted, exiting. There are 0 tasks remaining in the queue.
2019-09-27 09:58:48,966 [ForkJoinPool.commonPool-worker-0] INFO  segmented.SegmentedRaftLogWorker (SegmentedRaftLogWorker.java:close(228)) - 7c34c570-cc93-4d2d-95bb-ca6bff5b1acb@group-90E69E8BF3D1-SegmentedRaftLogWorker close()
2019-09-27 09:58:48,971 [ForkJoinPool.commonPool-worker-0] INFO  server.GrpcService (GrpcService.java:closeImpl(164)) - 7c34c570-cc93-4d2d-95bb-ca6bff5b1acb: shutdown server with port 42543 now
2019-09-27 09:58:48,972 [ForkJoinPool.commonPool-worker-0] INFO  server.GrpcService (GrpcService.java:closeImpl(172)) - 7c34c570-cc93-4d2d-95bb-ca6bff5b1acb: shutdown server with port 42543 successfully
2019-09-27 09:58:48,974 [refreshUsed-/workdir/hadoop-ozone/integration-test/target/test-dir/MiniOzoneClusterImpl-8eeacee4-f2ea-46c6-9d4b-1ae1fb96175b/datanode-6/data/containers] WARN  fs.CachingGetSpaceUsed (CachingGetSpaceUsed.java:run(183)) - Thread Interrupted waiting to refresh disk information: sleep interrupted
2019-09-27 09:58:48,989 [refreshUsed-/workdir/hadoop-ozone/integration-test/target/test-dir/MiniOzoneClusterImpl-8eeacee4-f2ea-46c6-9d4b-1ae1fb96175b/datanode-3/data/containers] WARN  fs.CachingGetSpaceUsed (CachingGetSpaceUsed.java:run(183)) - Thread Interrupted waiting to refresh disk information: sleep interrupted
2019-09-27 09:58:49,000 [main] INFO  utils.BackgroundService (BackgroundService.java:shutdown(148)) - Shutting down service BlockDeletingService
2019-09-27 09:58:49,007 [main] INFO  statemachine.DatanodeStateMachine (DatanodeStateMachine.java:stopDaemon(395)) - Ozone container server stopped.
2019-09-27 09:58:49,008 [main] INFO  handler.ContextHandler (ContextHandler.java:doStop(910)) - Stopped o.e.j.w.WebAppContext@1e0a864d{/,null,UNAVAILABLE}{/hddsDatanode}
2019-09-27 09:58:49,009 [main] INFO  server.AbstractConnector (AbstractConnector.java:doStop(318)) - Stopped ServerConnector@440e3ce6{HTTP/1.1,[http/1.1]}{0.0.0.0:0}
2019-09-27 09:58:49,010 [main] INFO  handler.ContextHandler (ContextHandler.java:doStop(910)) - Stopped o.e.j.s.ServletContextHandler@5d8ab698{/static,jar:file:/home/user/.m2/repository/org/apache/hadoop/hadoop-hdds-container-service/0.5.0-SNAPSHOT/hadoop-hdds-container-service-0.5.0-SNAPSHOT.jar!/webapps/static,UNAVAILABLE}
2019-09-27 09:58:49,010 [main] INFO  handler.ContextHandler (ContextHandler.java:doStop(910)) - Stopped o.e.j.s.ServletContextHandler@f88bfbe{/logs,file:///workdir/hadoop-ozone/integration-test/target/log,UNAVAILABLE}
2019-09-27 09:58:49,014 [ForkJoinPool.commonPool-worker-0] INFO  utils.BackgroundService (BackgroundService.java:shutdown(148)) - Shutting down service BlockDeletingService
2019-09-27 09:58:49,020 [ForkJoinPool.commonPool-worker-0] INFO  statemachine.DatanodeStateMachine (DatanodeStateMachine.java:stopDaemon(395)) - Ozone container server stopped.
2019-09-27 09:58:49,025 [ForkJoinPool.commonPool-worker-0] INFO  handler.ContextHandler (ContextHandler.java:doStop(910)) - Stopped o.e.j.w.WebAppContext@984169e{/,null,UNAVAILABLE}{/hddsDatanode}
2019-09-27 09:58:49,026 [ForkJoinPool.commonPool-worker-0] INFO  server.AbstractConnector (AbstractConnector.java:doStop(318)) - Stopped ServerConnector@43f1bb92{HTTP/1.1,[http/1.1]}{0.0.0.0:0}
2019-09-27 09:58:49,028 [ForkJoinPool.commonPool-worker-0] INFO  handler.ContextHandler (ContextHandler.java:doStop(910)) - Stopped o.e.j.s.ServletContextHandler@574a89e2{/static,jar:file:/home/user/.m2/repository/org/apache/hadoop/hadoop-hdds-container-service/0.5.0-SNAPSHOT/hadoop-hdds-container-service-0.5.0-SNAPSHOT.jar!/webapps/static,UNAVAILABLE}
2019-09-27 09:58:49,030 [Datanode State Machine Thread - 0] INFO  statemachine.DatanodeStateMachine (DatanodeStateMachine.java:lambda$startDaemon$0(350)) - Ozone container server started.
2019-09-27 09:58:49,030 [ForkJoinPool.commonPool-worker-0] INFO  handler.ContextHandler (ContextHandler.java:doStop(910)) - Stopped o.e.j.s.ServletContextHandler@753aca85{/logs,file:///workdir/hadoop-ozone/integration-test/target/log,UNAVAILABLE}
2019-09-27 09:58:49,554 [Datanode State Machine Thread - 0] INFO  statemachine.DatanodeStateMachine (DatanodeStateMachine.java:lambda$startDaemon$0(350)) - Ozone container server started.
2019-09-27 09:58:52,054 [Thread-393] INFO  impl.FollowerState (FollowerState.java:run(106)) - 314e6693-f7ac-41e1-8044-5e96ad768d09:group-B6E36139D1C6 changes to CANDIDATE, lastRpcTime:8855, electionTimeout:5104ms
2019-09-27 09:58:52,055 [Thread-393] INFO  impl.RoleInfo (RoleInfo.java:shutdownFollowerState(121)) - 314e6693-f7ac-41e1-8044-5e96ad768d09: shutdown FollowerState
2019-09-27 09:58:52,055 [Thread-393] INFO  impl.RaftServerImpl (RaftServerImpl.java:setRole(174)) - 314e6693-f7ac-41e1-8044-5e96ad768d09@group-B6E36139D1C6: changes role from  FOLLOWER to CANDIDATE at term 1 for changeToCandidate
2019-09-27 09:58:52,055 [Thread-393] INFO  impl.RoleInfo (RoleInfo.java:updateAndGet(143)) - 314e6693-f7ac-41e1-8044-5e96ad768d09: start LeaderElection
2019-09-27 09:58:52,056 [314e6693-f7ac-41e1-8044-5e96ad768d09@group-B6E36139D1C6:LeaderElection19] INFO  impl.RaftServerImpl (ServerState.java:setLeader(253)) - 314e6693-f7ac-41e1-8044-5e96ad768d09@group-B6E36139D1C6: change Leader from a5178916-7f43-4d44-a33e-8aed6c9e8814 to null at term 1 for initElection
2019-09-27 09:58:52,071 [314e6693-f7ac-41e1-8044-5e96ad768d09@group-B6E36139D1C6:LeaderElection19] INFO  impl.LeaderElection (LeaderElection.java:askForVotes(182)) - 314e6693-f7ac-41e1-8044-5e96ad768d09@group-B6E36139D1C6:LeaderElection19: begin an election at term 2 for 0: [a5178916-7f43-4d44-a33e-8aed6c9e8814:192.168.151.103:34011, ebd02079-cc9f-48d7-8c8e-ec4136f19434:192.168.151.103:42859, 314e6693-f7ac-41e1-8044-5e96ad768d09:192.168.151.103:33493], old=null
2019-09-27 09:58:52,100 [314e6693-f7ac-41e1-8044-5e96ad768d09@group-B6E36139D1C6:LeaderElection19] INFO  impl.LeaderElection (LogUtils.java:infoOrTrace(149)) - 314e6693-f7ac-41e1-8044-5e96ad768d09@group-B6E36139D1C6:LeaderElection19 got exception when requesting votes: {}
java.util.concurrent.ExecutionException: org.apache.ratis.thirdparty.io.grpc.StatusRuntimeException: UNAVAILABLE: io exception
	at java.util.concurrent.FutureTask.report(FutureTask.java:122)
	at java.util.concurrent.FutureTask.get(FutureTask.java:192)
	at org.apache.ratis.server.impl.LeaderElection.waitForResults(LeaderElection.java:263)
	at org.apache.ratis.server.impl.LeaderElection.askForVotes(LeaderElection.java:201)
	at org.apache.ratis.server.impl.LeaderElection.run(LeaderElection.java:133)
	at java.lang.Thread.run(Thread.java:748)
Caused by: org.apache.ratis.thirdparty.io.grpc.StatusRuntimeException: UNAVAILABLE: io exception
	at org.apache.ratis.thirdparty.io.grpc.stub.ClientCalls.toStatusRuntimeException(ClientCalls.java:233)
	at org.apache.ratis.thirdparty.io.grpc.stub.ClientCalls.getUnchecked(ClientCalls.java:214)
	at org.apache.ratis.thirdparty.io.grpc.stub.ClientCalls.blockingUnaryCall(ClientCalls.java:139)
	at org.apache.ratis.proto.grpc.RaftServerProtocolServiceGrpc$RaftServerProtocolServiceBlockingStub.requestVote(RaftServerProtocolServiceGrpc.java:265)
	at org.apache.ratis.grpc.server.GrpcServerProtocolClient.requestVote(GrpcServerProtocolClient.java:90)
	at org.apache.ratis.grpc.server.GrpcService.requestVote(GrpcService.java:204)
	at org.apache.ratis.server.impl.LeaderElection.lambda$submitRequests$1(LeaderElection.java:238)
	at java.util.concurrent.FutureTask.run(FutureTask.java:266)
	at java.util.concurrent.Executors$RunnableAdapter.call(Executors.java:511)
	at java.util.concurrent.FutureTask.run(FutureTask.java:266)
	at java.util.concurrent.ThreadPoolExecutor.runWorker(ThreadPoolExecutor.java:1149)
	at java.util.concurrent.ThreadPoolExecutor$Worker.run(ThreadPoolExecutor.java:624)
	... 1 more
Caused by: org.apache.ratis.thirdparty.io.netty.channel.AbstractChannel$AnnotatedConnectException: Connection refused: /192.168.151.103:42859
	at sun.nio.ch.SocketChannelImpl.checkConnect(Native Method)
	at sun.nio.ch.SocketChannelImpl.finishConnect(SocketChannelImpl.java:717)
	at org.apache.ratis.thirdparty.io.netty.channel.socket.nio.NioSocketChannel.doFinishConnect(NioSocketChannel.java:327)
	at org.apache.ratis.thirdparty.io.netty.channel.nio.AbstractNioChannel$AbstractNioUnsafe.finishConnect(AbstractNioChannel.java:340)
	at org.apache.ratis.thirdparty.io.netty.channel.nio.NioEventLoop.processSelectedKey(NioEventLoop.java:632)
	at org.apache.ratis.thirdparty.io.netty.channel.nio.NioEventLoop.processSelectedKeysOptimized(NioEventLoop.java:579)
	at org.apache.ratis.thirdparty.io.netty.channel.nio.NioEventLoop.processSelectedKeys(NioEventLoop.java:496)
	at org.apache.ratis.thirdparty.io.netty.channel.nio.NioEventLoop.run(NioEventLoop.java:458)
	at org.apache.ratis.thirdparty.io.netty.util.concurrent.SingleThreadEventExecutor$5.run(SingleThreadEventExecutor.java:897)
	at org.apache.ratis.thirdparty.io.netty.util.concurrent.FastThreadLocalRunnable.run(FastThreadLocalRunnable.java:30)
	... 1 more
Caused by: java.net.ConnectException: Connection refused
	... 11 more
2019-09-27 09:58:52,111 [314e6693-f7ac-41e1-8044-5e96ad768d09@group-B6E36139D1C6:LeaderElection19] INFO  impl.LeaderElection (LogUtils.java:infoOrTrace(149)) - 314e6693-f7ac-41e1-8044-5e96ad768d09@group-B6E36139D1C6:LeaderElection19 got exception when requesting votes: {}
java.util.concurrent.ExecutionException: org.apache.ratis.thirdparty.io.grpc.StatusRuntimeException: UNAVAILABLE: io exception
	at java.util.concurrent.FutureTask.report(FutureTask.java:122)
	at java.util.concurrent.FutureTask.get(FutureTask.java:192)
	at org.apache.ratis.server.impl.LeaderElection.waitForResults(LeaderElection.java:263)
	at org.apache.ratis.server.impl.LeaderElection.askForVotes(LeaderElection.java:201)
	at org.apache.ratis.server.impl.LeaderElection.run(LeaderElection.java:133)
	at java.lang.Thread.run(Thread.java:748)
Caused by: org.apache.ratis.thirdparty.io.grpc.StatusRuntimeException: UNAVAILABLE: io exception
	at org.apache.ratis.thirdparty.io.grpc.stub.ClientCalls.toStatusRuntimeException(ClientCalls.java:233)
	at org.apache.ratis.thirdparty.io.grpc.stub.ClientCalls.getUnchecked(ClientCalls.java:214)
	at org.apache.ratis.thirdparty.io.grpc.stub.ClientCalls.blockingUnaryCall(ClientCalls.java:139)
	at org.apache.ratis.proto.grpc.RaftServerProtocolServiceGrpc$RaftServerProtocolServiceBlockingStub.requestVote(RaftServerProtocolServiceGrpc.java:265)
	at org.apache.ratis.grpc.server.GrpcServerProtocolClient.requestVote(GrpcServerProtocolClient.java:90)
	at org.apache.ratis.grpc.server.GrpcService.requestVote(GrpcService.java:204)
	at org.apache.ratis.server.impl.LeaderElection.lambda$submitRequests$1(LeaderElection.java:238)
	at java.util.concurrent.FutureTask.run(FutureTask.java:266)
	at java.util.concurrent.Executors$RunnableAdapter.call(Executors.java:511)
	at java.util.concurrent.FutureTask.run(FutureTask.java:266)
	at java.util.concurrent.ThreadPoolExecutor.runWorker(ThreadPoolExecutor.java:1149)
	at java.util.concurrent.ThreadPoolExecutor$Worker.run(ThreadPoolExecutor.java:624)
	... 1 more
Caused by: org.apache.ratis.thirdparty.io.netty.channel.AbstractChannel$AnnotatedConnectException: Connection refused: /192.168.151.103:34011
	at sun.nio.ch.SocketChannelImpl.checkConnect(Native Method)
	at sun.nio.ch.SocketChannelImpl.finishConnect(SocketChannelImpl.java:717)
	at org.apache.ratis.thirdparty.io.netty.channel.socket.nio.NioSocketChannel.doFinishConnect(NioSocketChannel.java:327)
	at org.apache.ratis.thirdparty.io.netty.channel.nio.AbstractNioChannel$AbstractNioUnsafe.finishConnect(AbstractNioChannel.java:340)
	at org.apache.ratis.thirdparty.io.netty.channel.nio.NioEventLoop.processSelectedKey(NioEventLoop.java:632)
	at org.apache.ratis.thirdparty.io.netty.channel.nio.NioEventLoop.processSelectedKeysOptimized(NioEventLoop.java:579)
	at org.apache.ratis.thirdparty.io.netty.channel.nio.NioEventLoop.processSelectedKeys(NioEventLoop.java:496)
	at org.apache.ratis.thirdparty.io.netty.channel.nio.NioEventLoop.run(NioEventLoop.java:458)
	at org.apache.ratis.thirdparty.io.netty.util.concurrent.SingleThreadEventExecutor$5.run(SingleThreadEventExecutor.java:897)
	at org.apache.ratis.thirdparty.io.netty.util.concurrent.FastThreadLocalRunnable.run(FastThreadLocalRunnable.java:30)
	... 1 more
Caused by: java.net.ConnectException: Connection refused
	... 11 more
2019-09-27 09:58:52,114 [314e6693-f7ac-41e1-8044-5e96ad768d09@group-B6E36139D1C6:LeaderElection19] INFO  impl.LeaderElection (LeaderElection.java:logAndReturn(56)) - 314e6693-f7ac-41e1-8044-5e96ad768d09@group-B6E36139D1C6:LeaderElection19: Election REJECTED; received 0 response(s) [] and 2 exception(s); 314e6693-f7ac-41e1-8044-5e96ad768d09@group-B6E36139D1C6:t2, leader=null, voted=314e6693-f7ac-41e1-8044-5e96ad768d09, raftlog=314e6693-f7ac-41e1-8044-5e96ad768d09@group-B6E36139D1C6-SegmentedRaftLog:OPENED:c0,f0,i0, conf=0: [a5178916-7f43-4d44-a33e-8aed6c9e8814:192.168.151.103:34011, ebd02079-cc9f-48d7-8c8e-ec4136f19434:192.168.151.103:42859, 314e6693-f7ac-41e1-8044-5e96ad768d09:192.168.151.103:33493], old=null
2019-09-27 09:58:52,115 [314e6693-f7ac-41e1-8044-5e96ad768d09@group-B6E36139D1C6:LeaderElection19] INFO  impl.LeaderElection (LogUtils.java:infoOrTrace(149)) -   Exception 0: {}
java.util.concurrent.ExecutionException: org.apache.ratis.thirdparty.io.grpc.StatusRuntimeException: UNAVAILABLE: io exception
	at java.util.concurrent.FutureTask.report(FutureTask.java:122)
	at java.util.concurrent.FutureTask.get(FutureTask.java:192)
	at org.apache.ratis.server.impl.LeaderElection.waitForResults(LeaderElection.java:263)
	at org.apache.ratis.server.impl.LeaderElection.askForVotes(LeaderElection.java:201)
	at org.apache.ratis.server.impl.LeaderElection.run(LeaderElection.java:133)
	at java.lang.Thread.run(Thread.java:748)
Caused by: org.apache.ratis.thirdparty.io.grpc.StatusRuntimeException: UNAVAILABLE: io exception
	at org.apache.ratis.thirdparty.io.grpc.stub.ClientCalls.toStatusRuntimeException(ClientCalls.java:233)
	at org.apache.ratis.thirdparty.io.grpc.stub.ClientCalls.getUnchecked(ClientCalls.java:214)
	at org.apache.ratis.thirdparty.io.grpc.stub.ClientCalls.blockingUnaryCall(ClientCalls.java:139)
	at org.apache.ratis.proto.grpc.RaftServerProtocolServiceGrpc$RaftServerProtocolServiceBlockingStub.requestVote(RaftServerProtocolServiceGrpc.java:265)
	at org.apache.ratis.grpc.server.GrpcServerProtocolClient.requestVote(GrpcServerProtocolClient.java:90)
	at org.apache.ratis.grpc.server.GrpcService.requestVote(GrpcService.java:204)
	at org.apache.ratis.server.impl.LeaderElection.lambda$submitRequests$1(LeaderElection.java:238)
	at java.util.concurrent.FutureTask.run(FutureTask.java:266)
	at java.util.concurrent.Executors$RunnableAdapter.call(Executors.java:511)
	at java.util.concurrent.FutureTask.run(FutureTask.java:266)
	at java.util.concurrent.ThreadPoolExecutor.runWorker(ThreadPoolExecutor.java:1149)
	at java.util.concurrent.ThreadPoolExecutor$Worker.run(ThreadPoolExecutor.java:624)
	... 1 more
Caused by: org.apache.ratis.thirdparty.io.netty.channel.AbstractChannel$AnnotatedConnectException: Connection refused: /192.168.151.103:42859
	at sun.nio.ch.SocketChannelImpl.checkConnect(Native Method)
	at sun.nio.ch.SocketChannelImpl.finishConnect(SocketChannelImpl.java:717)
	at org.apache.ratis.thirdparty.io.netty.channel.socket.nio.NioSocketChannel.doFinishConnect(NioSocketChannel.java:327)
	at org.apache.ratis.thirdparty.io.netty.channel.nio.AbstractNioChannel$AbstractNioUnsafe.finishConnect(AbstractNioChannel.java:340)
	at org.apache.ratis.thirdparty.io.netty.channel.nio.NioEventLoop.processSelectedKey(NioEventLoop.java:632)
	at org.apache.ratis.thirdparty.io.netty.channel.nio.NioEventLoop.processSelectedKeysOptimized(NioEventLoop.java:579)
	at org.apache.ratis.thirdparty.io.netty.channel.nio.NioEventLoop.processSelectedKeys(NioEventLoop.java:496)
	at org.apache.ratis.thirdparty.io.netty.channel.nio.NioEventLoop.run(NioEventLoop.java:458)
	at org.apache.ratis.thirdparty.io.netty.util.concurrent.SingleThreadEventExecutor$5.run(SingleThreadEventExecutor.java:897)
	at org.apache.ratis.thirdparty.io.netty.util.concurrent.FastThreadLocalRunnable.run(FastThreadLocalRunnable.java:30)
	... 1 more
Caused by: java.net.ConnectException: Connection refused
	... 11 more
2019-09-27 09:58:52,115 [314e6693-f7ac-41e1-8044-5e96ad768d09@group-B6E36139D1C6:LeaderElection19] INFO  impl.LeaderElection (LogUtils.java:infoOrTrace(149)) -   Exception 1: {}
java.util.concurrent.ExecutionException: org.apache.ratis.thirdparty.io.grpc.StatusRuntimeException: UNAVAILABLE: io exception
	at java.util.concurrent.FutureTask.report(FutureTask.java:122)
	at java.util.concurrent.FutureTask.get(FutureTask.java:192)
	at org.apache.ratis.server.impl.LeaderElection.waitForResults(LeaderElection.java:263)
	at org.apache.ratis.server.impl.LeaderElection.askForVotes(LeaderElection.java:201)
	at org.apache.ratis.server.impl.LeaderElection.run(LeaderElection.java:133)
	at java.lang.Thread.run(Thread.java:748)
Caused by: org.apache.ratis.thirdparty.io.grpc.StatusRuntimeException: UNAVAILABLE: io exception
	at org.apache.ratis.thirdparty.io.grpc.stub.ClientCalls.toStatusRuntimeException(ClientCalls.java:233)
	at org.apache.ratis.thirdparty.io.grpc.stub.ClientCalls.getUnchecked(ClientCalls.java:214)
	at org.apache.ratis.thirdparty.io.grpc.stub.ClientCalls.blockingUnaryCall(ClientCalls.java:139)
	at org.apache.ratis.proto.grpc.RaftServerProtocolServiceGrpc$RaftServerProtocolServiceBlockingStub.requestVote(RaftServerProtocolServiceGrpc.java:265)
	at org.apache.ratis.grpc.server.GrpcServerProtocolClient.requestVote(GrpcServerProtocolClient.java:90)
	at org.apache.ratis.grpc.server.GrpcService.requestVote(GrpcService.java:204)
	at org.apache.ratis.server.impl.LeaderElection.lambda$submitRequests$1(LeaderElection.java:238)
	at java.util.concurrent.FutureTask.run(FutureTask.java:266)
	at java.util.concurrent.Executors$RunnableAdapter.call(Executors.java:511)
	at java.util.concurrent.FutureTask.run(FutureTask.java:266)
	at java.util.concurrent.ThreadPoolExecutor.runWorker(ThreadPoolExecutor.java:1149)
	at java.util.concurrent.ThreadPoolExecutor$Worker.run(ThreadPoolExecutor.java:624)
	... 1 more
Caused by: org.apache.ratis.thirdparty.io.netty.channel.AbstractChannel$AnnotatedConnectException: Connection refused: /192.168.151.103:34011
	at sun.nio.ch.SocketChannelImpl.checkConnect(Native Method)
	at sun.nio.ch.SocketChannelImpl.finishConnect(SocketChannelImpl.java:717)
	at org.apache.ratis.thirdparty.io.netty.channel.socket.nio.NioSocketChannel.doFinishConnect(NioSocketChannel.java:327)
	at org.apache.ratis.thirdparty.io.netty.channel.nio.AbstractNioChannel$AbstractNioUnsafe.finishConnect(AbstractNioChannel.java:340)
	at org.apache.ratis.thirdparty.io.netty.channel.nio.NioEventLoop.processSelectedKey(NioEventLoop.java:632)
	at org.apache.ratis.thirdparty.io.netty.channel.nio.NioEventLoop.processSelectedKeysOptimized(NioEventLoop.java:579)
	at org.apache.ratis.thirdparty.io.netty.channel.nio.NioEventLoop.processSelectedKeys(NioEventLoop.java:496)
	at org.apache.ratis.thirdparty.io.netty.channel.nio.NioEventLoop.run(NioEventLoop.java:458)
	at org.apache.ratis.thirdparty.io.netty.util.concurrent.SingleThreadEventExecutor$5.run(SingleThreadEventExecutor.java:897)
	at org.apache.ratis.thirdparty.io.netty.util.concurrent.FastThreadLocalRunnable.run(FastThreadLocalRunnable.java:30)
	... 1 more
Caused by: java.net.ConnectException: Connection refused
	... 11 more
2019-09-27 09:58:52,116 [314e6693-f7ac-41e1-8044-5e96ad768d09@group-B6E36139D1C6:LeaderElection19] INFO  impl.RaftServerImpl (RaftServerImpl.java:setRole(174)) - 314e6693-f7ac-41e1-8044-5e96ad768d09@group-B6E36139D1C6: changes role from CANDIDATE to FOLLOWER at term 2 for DISCOVERED_A_NEW_TERM
2019-09-27 09:58:52,118 [314e6693-f7ac-41e1-8044-5e96ad768d09@group-B6E36139D1C6:LeaderElection19] INFO  impl.RoleInfo (RoleInfo.java:shutdownLeaderElection(134)) - 314e6693-f7ac-41e1-8044-5e96ad768d09: shutdown LeaderElection
2019-09-27 09:58:52,118 [314e6693-f7ac-41e1-8044-5e96ad768d09@group-B6E36139D1C6:LeaderElection19] INFO  impl.RoleInfo (RoleInfo.java:updateAndGet(143)) - 314e6693-f7ac-41e1-8044-5e96ad768d09: start FollowerState
2019-09-27 09:58:52,238 [Thread-368] INFO  impl.FollowerState (FollowerState.java:run(106)) - 98e467fb-2178-4bcc-aa88-91a9cb1be043:group-4C89F8E95440 changes to CANDIDATE, lastRpcTime:9544, electionTimeout:5101ms
2019-09-27 09:58:52,241 [Thread-368] INFO  impl.RoleInfo (RoleInfo.java:shutdownFollowerState(121)) - 98e467fb-2178-4bcc-aa88-91a9cb1be043: shutdown FollowerState
2019-09-27 09:58:52,241 [Thread-368] INFO  impl.RaftServerImpl (RaftServerImpl.java:setRole(174)) - 98e467fb-2178-4bcc-aa88-91a9cb1be043@group-4C89F8E95440: changes role from  FOLLOWER to CANDIDATE at term 1 for changeToCandidate
2019-09-27 09:58:52,241 [Thread-368] INFO  impl.RoleInfo (RoleInfo.java:updateAndGet(143)) - 98e467fb-2178-4bcc-aa88-91a9cb1be043: start LeaderElection
2019-09-27 09:58:52,242 [98e467fb-2178-4bcc-aa88-91a9cb1be043@group-4C89F8E95440:LeaderElection20] INFO  impl.RaftServerImpl (ServerState.java:setLeader(253)) - 98e467fb-2178-4bcc-aa88-91a9cb1be043@group-4C89F8E95440: change Leader from 104d06c1-b6f4-46fe-abab-80b9f3463d81 to null at term 1 for initElection
2019-09-27 09:58:52,255 [98e467fb-2178-4bcc-aa88-91a9cb1be043@group-4C89F8E95440:LeaderElection20] INFO  impl.LeaderElection (LeaderElection.java:askForVotes(182)) - 98e467fb-2178-4bcc-aa88-91a9cb1be043@group-4C89F8E95440:LeaderElection20: begin an election at term 2 for 0: [98e467fb-2178-4bcc-aa88-91a9cb1be043:192.168.151.103:41309, 104d06c1-b6f4-46fe-abab-80b9f3463d81:192.168.151.103:40714, 5911da34-ca57-408c-8816-1c7f5f86ee30:192.168.151.103:44957], old=null
2019-09-27 09:58:52,263 [98e467fb-2178-4bcc-aa88-91a9cb1be043@group-4C89F8E95440:LeaderElection20] INFO  impl.LeaderElection (LogUtils.java:infoOrTrace(149)) - 98e467fb-2178-4bcc-aa88-91a9cb1be043@group-4C89F8E95440:LeaderElection20 got exception when requesting votes: {}
java.util.concurrent.ExecutionException: org.apache.ratis.thirdparty.io.grpc.StatusRuntimeException: UNAVAILABLE: io exception
	at java.util.concurrent.FutureTask.report(FutureTask.java:122)
	at java.util.concurrent.FutureTask.get(FutureTask.java:192)
	at org.apache.ratis.server.impl.LeaderElection.waitForResults(LeaderElection.java:263)
	at org.apache.ratis.server.impl.LeaderElection.askForVotes(LeaderElection.java:201)
	at org.apache.ratis.server.impl.LeaderElection.run(LeaderElection.java:133)
	at java.lang.Thread.run(Thread.java:748)
Caused by: org.apache.ratis.thirdparty.io.grpc.StatusRuntimeException: UNAVAILABLE: io exception
	at org.apache.ratis.thirdparty.io.grpc.stub.ClientCalls.toStatusRuntimeException(ClientCalls.java:233)
	at org.apache.ratis.thirdparty.io.grpc.stub.ClientCalls.getUnchecked(ClientCalls.java:214)
	at org.apache.ratis.thirdparty.io.grpc.stub.ClientCalls.blockingUnaryCall(ClientCalls.java:139)
	at org.apache.ratis.proto.grpc.RaftServerProtocolServiceGrpc$RaftServerProtocolServiceBlockingStub.requestVote(RaftServerProtocolServiceGrpc.java:265)
	at org.apache.ratis.grpc.server.GrpcServerProtocolClient.requestVote(GrpcServerProtocolClient.java:90)
	at org.apache.ratis.grpc.server.GrpcService.requestVote(GrpcService.java:204)
	at org.apache.ratis.server.impl.LeaderElection.lambda$submitRequests$1(LeaderElection.java:238)
	at java.util.concurrent.FutureTask.run(FutureTask.java:266)
	at java.util.concurrent.Executors$RunnableAdapter.call(Executors.java:511)
	at java.util.concurrent.FutureTask.run(FutureTask.java:266)
	at java.util.concurrent.ThreadPoolExecutor.runWorker(ThreadPoolExecutor.java:1149)
	at java.util.concurrent.ThreadPoolExecutor$Worker.run(ThreadPoolExecutor.java:624)
	... 1 more
Caused by: org.apache.ratis.thirdparty.io.netty.channel.AbstractChannel$AnnotatedConnectException: Connection refused: /192.168.151.103:40714
	at sun.nio.ch.SocketChannelImpl.checkConnect(Native Method)
	at sun.nio.ch.SocketChannelImpl.finishConnect(SocketChannelImpl.java:717)
	at org.apache.ratis.thirdparty.io.netty.channel.socket.nio.NioSocketChannel.doFinishConnect(NioSocketChannel.java:327)
	at org.apache.ratis.thirdparty.io.netty.channel.nio.AbstractNioChannel$AbstractNioUnsafe.finishConnect(AbstractNioChannel.java:340)
	at org.apache.ratis.thirdparty.io.netty.channel.nio.NioEventLoop.processSelectedKey(NioEventLoop.java:632)
	at org.apache.ratis.thirdparty.io.netty.channel.nio.NioEventLoop.processSelectedKeysOptimized(NioEventLoop.java:579)
	at org.apache.ratis.thirdparty.io.netty.channel.nio.NioEventLoop.processSelectedKeys(NioEventLoop.java:496)
	at org.apache.ratis.thirdparty.io.netty.channel.nio.NioEventLoop.run(NioEventLoop.java:458)
	at org.apache.ratis.thirdparty.io.netty.util.concurrent.SingleThreadEventExecutor$5.run(SingleThreadEventExecutor.java:897)
	at org.apache.ratis.thirdparty.io.netty.util.concurrent.FastThreadLocalRunnable.run(FastThreadLocalRunnable.java:30)
	... 1 more
Caused by: java.net.ConnectException: Connection refused
	... 11 more
2019-09-27 09:58:52,271 [grpc-default-executor-5] INFO  impl.RaftServerImpl (ServerState.java:setLeader(253)) - 5911da34-ca57-408c-8816-1c7f5f86ee30@group-4C89F8E95440: change Leader from 104d06c1-b6f4-46fe-abab-80b9f3463d81 to null at term 2 for updateCurrentTerm
2019-09-27 09:58:52,271 [grpc-default-executor-5] INFO  impl.RaftServerImpl (RaftServerImpl.java:setRole(174)) - 5911da34-ca57-408c-8816-1c7f5f86ee30@group-4C89F8E95440: changes role from  FOLLOWER to FOLLOWER at term 2 for recognizeCandidate:98e467fb-2178-4bcc-aa88-91a9cb1be043
2019-09-27 09:58:52,271 [grpc-default-executor-5] INFO  impl.RoleInfo (RoleInfo.java:shutdownFollowerState(121)) - 5911da34-ca57-408c-8816-1c7f5f86ee30: shutdown FollowerState
2019-09-27 09:58:52,272 [grpc-default-executor-5] INFO  impl.RoleInfo (RoleInfo.java:updateAndGet(143)) - 5911da34-ca57-408c-8816-1c7f5f86ee30: start FollowerState
2019-09-27 09:58:52,272 [Thread-376] INFO  impl.FollowerState (FollowerState.java:run(115)) - 5911da34-ca57-408c-8816-1c7f5f86ee30: FollowerState was interrupted: java.lang.InterruptedException: sleep interrupted
2019-09-27 09:58:52,291 [98e467fb-2178-4bcc-aa88-91a9cb1be043@group-4C89F8E95440:LeaderElection20] INFO  impl.LeaderElection (LeaderElection.java:logAndReturn(56)) - 98e467fb-2178-4bcc-aa88-91a9cb1be043@group-4C89F8E95440:LeaderElection20: Election PASSED; received 1 response(s) [98e467fb-2178-4bcc-aa88-91a9cb1be043<-5911da34-ca57-408c-8816-1c7f5f86ee30#0:OK-t2] and 1 exception(s); 98e467fb-2178-4bcc-aa88-91a9cb1be043@group-4C89F8E95440:t2, leader=null, voted=98e467fb-2178-4bcc-aa88-91a9cb1be043, raftlog=98e467fb-2178-4bcc-aa88-91a9cb1be043@group-4C89F8E95440-SegmentedRaftLog:OPENED:c0,f0,i0, conf=0: [98e467fb-2178-4bcc-aa88-91a9cb1be043:192.168.151.103:41309, 104d06c1-b6f4-46fe-abab-80b9f3463d81:192.168.151.103:40714, 5911da34-ca57-408c-8816-1c7f5f86ee30:192.168.151.103:44957], old=null
2019-09-27 09:58:52,291 [98e467fb-2178-4bcc-aa88-91a9cb1be043@group-4C89F8E95440:LeaderElection20] INFO  impl.LeaderElection (LogUtils.java:infoOrTrace(149)) -   Exception 0: {}
java.util.concurrent.ExecutionException: org.apache.ratis.thirdparty.io.grpc.StatusRuntimeException: UNAVAILABLE: io exception
	at java.util.concurrent.FutureTask.report(FutureTask.java:122)
	at java.util.concurrent.FutureTask.get(FutureTask.java:192)
	at org.apache.ratis.server.impl.LeaderElection.waitForResults(LeaderElection.java:263)
	at org.apache.ratis.server.impl.LeaderElection.askForVotes(LeaderElection.java:201)
	at org.apache.ratis.server.impl.LeaderElection.run(LeaderElection.java:133)
	at java.lang.Thread.run(Thread.java:748)
Caused by: org.apache.ratis.thirdparty.io.grpc.StatusRuntimeException: UNAVAILABLE: io exception
	at org.apache.ratis.thirdparty.io.grpc.stub.ClientCalls.toStatusRuntimeException(ClientCalls.java:233)
	at org.apache.ratis.thirdparty.io.grpc.stub.ClientCalls.getUnchecked(ClientCalls.java:214)
	at org.apache.ratis.thirdparty.io.grpc.stub.ClientCalls.blockingUnaryCall(ClientCalls.java:139)
	at org.apache.ratis.proto.grpc.RaftServerProtocolServiceGrpc$RaftServerProtocolServiceBlockingStub.requestVote(RaftServerProtocolServiceGrpc.java:265)
	at org.apache.ratis.grpc.server.GrpcServerProtocolClient.requestVote(GrpcServerProtocolClient.java:90)
	at org.apache.ratis.grpc.server.GrpcService.requestVote(GrpcService.java:204)
	at org.apache.ratis.server.impl.LeaderElection.lambda$submitRequests$1(LeaderElection.java:238)
	at java.util.concurrent.FutureTask.run(FutureTask.java:266)
	at java.util.concurrent.Executors$RunnableAdapter.call(Executors.java:511)
	at java.util.concurrent.FutureTask.run(FutureTask.java:266)
	at java.util.concurrent.ThreadPoolExecutor.runWorker(ThreadPoolExecutor.java:1149)
	at java.util.concurrent.ThreadPoolExecutor$Worker.run(ThreadPoolExecutor.java:624)
	... 1 more
Caused by: org.apache.ratis.thirdparty.io.netty.channel.AbstractChannel$AnnotatedConnectException: Connection refused: /192.168.151.103:40714
	at sun.nio.ch.SocketChannelImpl.checkConnect(Native Method)
	at sun.nio.ch.SocketChannelImpl.finishConnect(SocketChannelImpl.java:717)
	at org.apache.ratis.thirdparty.io.netty.channel.socket.nio.NioSocketChannel.doFinishConnect(NioSocketChannel.java:327)
	at org.apache.ratis.thirdparty.io.netty.channel.nio.AbstractNioChannel$AbstractNioUnsafe.finishConnect(AbstractNioChannel.java:340)
	at org.apache.ratis.thirdparty.io.netty.channel.nio.NioEventLoop.processSelectedKey(NioEventLoop.java:632)
	at org.apache.ratis.thirdparty.io.netty.channel.nio.NioEventLoop.processSelectedKeysOptimized(NioEventLoop.java:579)
	at org.apache.ratis.thirdparty.io.netty.channel.nio.NioEventLoop.processSelectedKeys(NioEventLoop.java:496)
	at org.apache.ratis.thirdparty.io.netty.channel.nio.NioEventLoop.run(NioEventLoop.java:458)
	at org.apache.ratis.thirdparty.io.netty.util.concurrent.SingleThreadEventExecutor$5.run(SingleThreadEventExecutor.java:897)
	at org.apache.ratis.thirdparty.io.netty.util.concurrent.FastThreadLocalRunnable.run(FastThreadLocalRunnable.java:30)
	... 1 more
Caused by: java.net.ConnectException: Connection refused
	... 11 more
2019-09-27 09:58:52,292 [98e467fb-2178-4bcc-aa88-91a9cb1be043@group-4C89F8E95440:LeaderElection20] INFO  impl.RoleInfo (RoleInfo.java:shutdownLeaderElection(134)) - 98e467fb-2178-4bcc-aa88-91a9cb1be043: shutdown LeaderElection
2019-09-27 09:58:52,295 [98e467fb-2178-4bcc-aa88-91a9cb1be043@group-4C89F8E95440:LeaderElection20] INFO  impl.RaftServerImpl (RaftServerImpl.java:setRole(174)) - 98e467fb-2178-4bcc-aa88-91a9cb1be043@group-4C89F8E95440: changes role from CANDIDATE to LEADER at term 2 for changeToLeader
2019-09-27 09:58:52,295 [98e467fb-2178-4bcc-aa88-91a9cb1be043@group-4C89F8E95440:LeaderElection20] INFO  impl.RaftServerImpl (ServerState.java:setLeader(253)) - 98e467fb-2178-4bcc-aa88-91a9cb1be043@group-4C89F8E95440: change Leader from null to 98e467fb-2178-4bcc-aa88-91a9cb1be043 at term 2 for becomeLeader, leader elected after 53ms
2019-09-27 09:58:52,295 [98e467fb-2178-4bcc-aa88-91a9cb1be043@group-4C89F8E95440:LeaderElection20] INFO  server.RaftServerConfigKeys (ConfUtils.java:logGet(43)) - raft.server.staging.catchup.gap = 1000 (default)
2019-09-27 09:58:52,296 [98e467fb-2178-4bcc-aa88-91a9cb1be043@group-4C89F8E95440:LeaderElection20] INFO  server.RaftServerConfigKeys (ConfUtils.java:logGet(43)) - raft.server.rpc.sleep.time = 25ms (default)
2019-09-27 09:58:52,296 [98e467fb-2178-4bcc-aa88-91a9cb1be043@group-4C89F8E95440:LeaderElection20] INFO  server.RaftServerConfigKeys (ConfUtils.java:logGet(43)) - raft.server.write.element-limit = 4096 (default)
2019-09-27 09:58:52,296 [98e467fb-2178-4bcc-aa88-91a9cb1be043@group-4C89F8E95440:LeaderElection20] INFO  server.RaftServerConfigKeys (ConfUtils.java:logGet(43)) - raft.server.watch.timeout = 10s (default)
2019-09-27 09:58:52,296 [98e467fb-2178-4bcc-aa88-91a9cb1be043@group-4C89F8E95440:LeaderElection20] INFO  server.RaftServerConfigKeys (ConfUtils.java:logGet(43)) - raft.server.watch.timeout.denomination = 1s (default)
2019-09-27 09:58:52,296 [98e467fb-2178-4bcc-aa88-91a9cb1be043@group-4C89F8E95440:LeaderElection20] INFO  server.RaftServerConfigKeys (ConfUtils.java:logGet(43)) - raft.server.watch.element-limit = 65536 (default)
2019-09-27 09:58:52,301 [98e467fb-2178-4bcc-aa88-91a9cb1be043@group-4C89F8E95440:LeaderElection20] INFO  server.RaftServerConfigKeys (ConfUtils.java:logGet(43)) - raft.server.log.appender.snapshot.chunk.size.max = 16MB (=16777216) (default)
2019-09-27 09:58:52,301 [98e467fb-2178-4bcc-aa88-91a9cb1be043@group-4C89F8E95440:LeaderElection20] INFO  server.RaftServerConfigKeys (ConfUtils.java:logGet(43)) - raft.server.log.appender.buffer.byte-limit = 33554432 (custom)
2019-09-27 09:58:52,301 [98e467fb-2178-4bcc-aa88-91a9cb1be043@group-4C89F8E95440:LeaderElection20] INFO  server.RaftServerConfigKeys (ConfUtils.java:logGet(43)) - raft.server.log.appender.buffer.element-limit = 1 (custom)
2019-09-27 09:58:52,301 [98e467fb-2178-4bcc-aa88-91a9cb1be043@group-4C89F8E95440:LeaderElection20] INFO  grpc.GrpcConfigKeys$Server (ConfUtils.java:logGet(43)) - raft.grpc.server.leader.outstanding.appends.max = 128 (default)
2019-09-27 09:58:52,302 [98e467fb-2178-4bcc-aa88-91a9cb1be043@group-4C89F8E95440:LeaderElection20] INFO  server.RaftServerConfigKeys (ConfUtils.java:logGet(43)) - raft.server.rpc.request.timeout = 3000ms (default)
2019-09-27 09:58:52,302 [98e467fb-2178-4bcc-aa88-91a9cb1be043@group-4C89F8E95440:LeaderElection20] INFO  server.RaftServerConfigKeys (ConfUtils.java:logGet(43)) - raft.server.log.appender.install.snapshot.enabled = false (custom)
2019-09-27 09:58:52,302 [98e467fb-2178-4bcc-aa88-91a9cb1be043@group-4C89F8E95440:LeaderElection20] INFO  server.RaftServerConfigKeys (ConfUtils.java:logGet(43)) - raft.server.log.appender.snapshot.chunk.size.max = 16MB (=16777216) (default)
2019-09-27 09:58:52,302 [98e467fb-2178-4bcc-aa88-91a9cb1be043@group-4C89F8E95440:LeaderElection20] INFO  server.RaftServerConfigKeys (ConfUtils.java:logGet(43)) - raft.server.log.appender.buffer.byte-limit = 33554432 (custom)
2019-09-27 09:58:52,303 [98e467fb-2178-4bcc-aa88-91a9cb1be043@group-4C89F8E95440:LeaderElection20] INFO  server.RaftServerConfigKeys (ConfUtils.java:logGet(43)) - raft.server.log.appender.buffer.element-limit = 1 (custom)
2019-09-27 09:58:52,303 [98e467fb-2178-4bcc-aa88-91a9cb1be043@group-4C89F8E95440:LeaderElection20] INFO  grpc.GrpcConfigKeys$Server (ConfUtils.java:logGet(43)) - raft.grpc.server.leader.outstanding.appends.max = 128 (default)
2019-09-27 09:58:52,304 [98e467fb-2178-4bcc-aa88-91a9cb1be043@group-4C89F8E95440:LeaderElection20] INFO  server.RaftServerConfigKeys (ConfUtils.java:logGet(43)) - raft.server.rpc.request.timeout = 3000ms (default)
2019-09-27 09:58:52,304 [98e467fb-2178-4bcc-aa88-91a9cb1be043@group-4C89F8E95440:LeaderElection20] INFO  server.RaftServerConfigKeys (ConfUtils.java:logGet(43)) - raft.server.log.appender.install.snapshot.enabled = false (custom)
2019-09-27 09:58:52,305 [98e467fb-2178-4bcc-aa88-91a9cb1be043@group-4C89F8E95440:LeaderElection20] INFO  impl.RoleInfo (RoleInfo.java:updateAndGet(143)) - 98e467fb-2178-4bcc-aa88-91a9cb1be043: start LeaderState
2019-09-27 09:58:52,306 [98e467fb-2178-4bcc-aa88-91a9cb1be043@group-4C89F8E95440:LeaderElection20] INFO  segmented.SegmentedRaftLogWorker (SegmentedRaftLogWorker.java:rollLogSegment(385)) - 98e467fb-2178-4bcc-aa88-91a9cb1be043@group-4C89F8E95440-SegmentedRaftLogWorker: Rolling segment log-0_0 to index:0
2019-09-27 09:58:52,311 [98e467fb-2178-4bcc-aa88-91a9cb1be043@group-4C89F8E95440-SegmentedRaftLogWorker] INFO  segmented.SegmentedRaftLogWorker (SegmentedRaftLogWorker.java:execute(526)) - 98e467fb-2178-4bcc-aa88-91a9cb1be043@group-4C89F8E95440-SegmentedRaftLogWorker: Rolled log segment from /workdir/hadoop-ozone/integration-test/target/test-dir/MiniOzoneClusterImpl-8eeacee4-f2ea-46c6-9d4b-1ae1fb96175b/datanode-9/data/ratis/a30604c3-4b56-4930-9a48-4c89f8e95440/current/log_inprogress_0 to /workdir/hadoop-ozone/integration-test/target/test-dir/MiniOzoneClusterImpl-8eeacee4-f2ea-46c6-9d4b-1ae1fb96175b/datanode-9/data/ratis/a30604c3-4b56-4930-9a48-4c89f8e95440/current/log_0-0
2019-09-27 09:58:52,316 [98e467fb-2178-4bcc-aa88-91a9cb1be043@group-4C89F8E95440:LeaderElection20] INFO  impl.RaftServerImpl (ServerState.java:setRaftConf(354)) - 98e467fb-2178-4bcc-aa88-91a9cb1be043@group-4C89F8E95440: set configuration 1: [98e467fb-2178-4bcc-aa88-91a9cb1be043:192.168.151.103:41309, 104d06c1-b6f4-46fe-abab-80b9f3463d81:192.168.151.103:40714, 5911da34-ca57-408c-8816-1c7f5f86ee30:192.168.151.103:44957], old=null at 1
2019-09-27 09:58:52,355 [grpc-default-executor-5] WARN  server.GrpcLogAppender (LogUtils.java:warn(134)) - 98e467fb-2178-4bcc-aa88-91a9cb1be043@group-4C89F8E95440->104d06c1-b6f4-46fe-abab-80b9f3463d81-AppendLogResponseHandler: Failed appendEntries: org.apache.ratis.thirdparty.io.grpc.StatusRuntimeException: UNAVAILABLE: io exception
2019-09-27 09:58:52,360 [grpc-default-executor-5] INFO  impl.FollowerInfo (FollowerInfo.java:lambda$new$0(51)) - 98e467fb-2178-4bcc-aa88-91a9cb1be043@group-4C89F8E95440->104d06c1-b6f4-46fe-abab-80b9f3463d81: nextIndex: updateUnconditionally 1 -> 0
2019-09-27 09:58:52,360 [grpc-default-executor-2] INFO  impl.RaftServerImpl (ServerState.java:setLeader(253)) - 5911da34-ca57-408c-8816-1c7f5f86ee30@group-4C89F8E95440: change Leader from null to 98e467fb-2178-4bcc-aa88-91a9cb1be043 at term 2 for appendEntries, leader elected after 88ms
2019-09-27 09:58:52,367 [98e467fb-2178-4bcc-aa88-91a9cb1be043@group-4C89F8E95440-SegmentedRaftLogWorker] INFO  segmented.SegmentedRaftLogWorker (SegmentedRaftLogWorker.java:execute(569)) - 98e467fb-2178-4bcc-aa88-91a9cb1be043@group-4C89F8E95440-SegmentedRaftLogWorker: created new log segment /workdir/hadoop-ozone/integration-test/target/test-dir/MiniOzoneClusterImpl-8eeacee4-f2ea-46c6-9d4b-1ae1fb96175b/datanode-9/data/ratis/a30604c3-4b56-4930-9a48-4c89f8e95440/current/log_inprogress_1
2019-09-27 09:58:52,367 [grpc-default-executor-2] INFO  impl.RaftServerImpl (ServerState.java:setRaftConf(354)) - 5911da34-ca57-408c-8816-1c7f5f86ee30@group-4C89F8E95440: set configuration 1: [98e467fb-2178-4bcc-aa88-91a9cb1be043:192.168.151.103:41309, 104d06c1-b6f4-46fe-abab-80b9f3463d81:192.168.151.103:40714, 5911da34-ca57-408c-8816-1c7f5f86ee30:192.168.151.103:44957], old=null at 1
2019-09-27 09:58:52,368 [grpc-default-executor-2] INFO  segmented.SegmentedRaftLogWorker (SegmentedRaftLogWorker.java:rollLogSegment(385)) - 5911da34-ca57-408c-8816-1c7f5f86ee30@group-4C89F8E95440-SegmentedRaftLogWorker: Rolling segment log-0_0 to index:0
2019-09-27 09:58:52,368 [5911da34-ca57-408c-8816-1c7f5f86ee30@group-4C89F8E95440-SegmentedRaftLogWorker] INFO  segmented.SegmentedRaftLogWorker (SegmentedRaftLogWorker.java:execute(526)) - 5911da34-ca57-408c-8816-1c7f5f86ee30@group-4C89F8E95440-SegmentedRaftLogWorker: Rolled log segment from /workdir/hadoop-ozone/integration-test/target/test-dir/MiniOzoneClusterImpl-8eeacee4-f2ea-46c6-9d4b-1ae1fb96175b/datanode-1/data/ratis/a30604c3-4b56-4930-9a48-4c89f8e95440/current/log_inprogress_0 to /workdir/hadoop-ozone/integration-test/target/test-dir/MiniOzoneClusterImpl-8eeacee4-f2ea-46c6-9d4b-1ae1fb96175b/datanode-1/data/ratis/a30604c3-4b56-4930-9a48-4c89f8e95440/current/log_0-0
2019-09-27 09:58:52,407 [5911da34-ca57-408c-8816-1c7f5f86ee30@group-4C89F8E95440-SegmentedRaftLogWorker] INFO  segmented.SegmentedRaftLogWorker (SegmentedRaftLogWorker.java:execute(569)) - 5911da34-ca57-408c-8816-1c7f5f86ee30@group-4C89F8E95440-SegmentedRaftLogWorker: created new log segment /workdir/hadoop-ozone/integration-test/target/test-dir/MiniOzoneClusterImpl-8eeacee4-f2ea-46c6-9d4b-1ae1fb96175b/datanode-1/data/ratis/a30604c3-4b56-4930-9a48-4c89f8e95440/current/log_inprogress_1
2019-09-27 09:58:52,433 [grpc-default-executor-6] WARN  server.GrpcLogAppender (LogUtils.java:warn(134)) - 98e467fb-2178-4bcc-aa88-91a9cb1be043@group-4C89F8E95440->104d06c1-b6f4-46fe-abab-80b9f3463d81-AppendLogResponseHandler: Failed appendEntries: org.apache.ratis.thirdparty.io.grpc.StatusRuntimeException: UNAVAILABLE: io exception
2019-09-27 09:58:52,438 [grpc-default-executor-6] INFO  impl.FollowerInfo (FollowerInfo.java:lambda$new$0(51)) - 98e467fb-2178-4bcc-aa88-91a9cb1be043@group-4C89F8E95440->104d06c1-b6f4-46fe-abab-80b9f3463d81: nextIndex: updateUnconditionally 1 -> 0
2019-09-27 09:58:52,446 [grpc-default-executor-2] WARN  server.GrpcLogAppender (LogUtils.java:warn(134)) - 98e467fb-2178-4bcc-aa88-91a9cb1be043@group-4C89F8E95440->104d06c1-b6f4-46fe-abab-80b9f3463d81-AppendLogResponseHandler: Failed appendEntries: org.apache.ratis.thirdparty.io.grpc.StatusRuntimeException: UNAVAILABLE: io exception
2019-09-27 09:58:52,448 [grpc-default-executor-2] INFO  impl.FollowerInfo (FollowerInfo.java:lambda$new$0(51)) - 98e467fb-2178-4bcc-aa88-91a9cb1be043@group-4C89F8E95440->104d06c1-b6f4-46fe-abab-80b9f3463d81: nextIndex: updateUnconditionally 1 -> 0
2019-09-27 09:58:54,012 [main] INFO  ozoneimpl.OzoneContainer (OzoneContainer.java:stop(231)) - Attempting to stop container services.
2019-09-27 09:58:54,013 [main] INFO  impl.RaftServerProxy (RaftServerProxy.java:lambda$close$4(314)) - 280232d7-15c9-41ee-814e-4405ebd39845: close
2019-09-27 09:58:54,014 [main] INFO  impl.RaftServerImpl (RaftServerImpl.java:lambda$shutdown$3(251)) - 280232d7-15c9-41ee-814e-4405ebd39845@group-5BE267CDA56A: shutdown
2019-09-27 09:58:54,014 [main] INFO  util.JmxRegister (JmxRegister.java:unregister(73)) - Successfully un-registered JMX Bean with object name Ratis:service=RaftServer,group=group-5BE267CDA56A,id=280232d7-15c9-41ee-814e-4405ebd39845
2019-09-27 09:58:54,015 [main] INFO  impl.RoleInfo (RoleInfo.java:shutdownLeaderState(104)) - 280232d7-15c9-41ee-814e-4405ebd39845: shutdown LeaderState
2019-09-27 09:58:54,015 [main] INFO  impl.PendingRequests (PendingRequests.java:sendNotLeaderResponses(202)) - 280232d7-15c9-41ee-814e-4405ebd39845-PendingRequests: sendNotLeaderResponses
2019-09-27 09:58:54,016 [main] INFO  impl.StateMachineUpdater (StateMachineUpdater.java:stopAndJoin(125)) - 280232d7-15c9-41ee-814e-4405ebd39845@group-5BE267CDA56A-StateMachineUpdater: set stopIndex = 0
2019-09-27 09:58:54,016 [main] INFO  impl.RaftServerImpl (ServerState.java:close(385)) - 280232d7-15c9-41ee-814e-4405ebd39845@group-5BE267CDA56A: closes. applyIndex: 0
2019-09-27 09:58:54,017 [280232d7-15c9-41ee-814e-4405ebd39845@group-5BE267CDA56A-SegmentedRaftLogWorker] INFO  segmented.SegmentedRaftLogWorker (SegmentedRaftLogWorker.java:run(313)) - 280232d7-15c9-41ee-814e-4405ebd39845@group-5BE267CDA56A-SegmentedRaftLogWorker was interrupted, exiting. There are 0 tasks remaining in the queue.
2019-09-27 09:58:54,019 [main] INFO  segmented.SegmentedRaftLogWorker (SegmentedRaftLogWorker.java:close(228)) - 280232d7-15c9-41ee-814e-4405ebd39845@group-5BE267CDA56A-SegmentedRaftLogWorker close()
2019-09-27 09:58:54,023 [main] INFO  server.GrpcService (GrpcService.java:closeImpl(164)) - 280232d7-15c9-41ee-814e-4405ebd39845: shutdown server with port 43570 now
2019-09-27 09:58:54,025 [main] INFO  server.GrpcService (GrpcService.java:closeImpl(172)) - 280232d7-15c9-41ee-814e-4405ebd39845: shutdown server with port 43570 successfully
2019-09-27 09:58:54,028 [refreshUsed-/workdir/hadoop-ozone/integration-test/target/test-dir/MiniOzoneClusterImpl-8eeacee4-f2ea-46c6-9d4b-1ae1fb96175b/datanode-8/data/containers] WARN  fs.CachingGetSpaceUsed (CachingGetSpaceUsed.java:run(183)) - Thread Interrupted waiting to refresh disk information: sleep interrupted
2019-09-27 09:58:54,032 [ForkJoinPool.commonPool-worker-0] INFO  ozoneimpl.OzoneContainer (OzoneContainer.java:stop(231)) - Attempting to stop container services.
2019-09-27 09:58:54,036 [ForkJoinPool.commonPool-worker-0] INFO  impl.RaftServerProxy (RaftServerProxy.java:lambda$close$4(314)) - a8f5f0f5-8e74-4dbd-a70c-5d164a949520: close
2019-09-27 09:58:54,036 [ForkJoinPool.commonPool-worker-0] INFO  impl.RaftServerImpl (RaftServerImpl.java:lambda$shutdown$3(251)) - a8f5f0f5-8e74-4dbd-a70c-5d164a949520@group-41245BAC151D: shutdown
2019-09-27 09:58:54,036 [ForkJoinPool.commonPool-worker-0] INFO  util.JmxRegister (JmxRegister.java:unregister(73)) - Successfully un-registered JMX Bean with object name Ratis:service=RaftServer,group=group-41245BAC151D,id=a8f5f0f5-8e74-4dbd-a70c-5d164a949520
2019-09-27 09:58:54,037 [ForkJoinPool.commonPool-worker-0] INFO  impl.RoleInfo (RoleInfo.java:shutdownFollowerState(121)) - a8f5f0f5-8e74-4dbd-a70c-5d164a949520: shutdown FollowerState
2019-09-27 09:58:54,037 [ForkJoinPool.commonPool-worker-0] INFO  impl.StateMachineUpdater (StateMachineUpdater.java:stopAndJoin(125)) - a8f5f0f5-8e74-4dbd-a70c-5d164a949520@group-41245BAC151D-StateMachineUpdater: set stopIndex = 0
2019-09-27 09:58:54,037 [Thread-416] INFO  impl.FollowerState (FollowerState.java:run(115)) - a8f5f0f5-8e74-4dbd-a70c-5d164a949520: FollowerState was interrupted: java.lang.InterruptedException: sleep interrupted
2019-09-27 09:58:54,039 [ForkJoinPool.commonPool-worker-0] INFO  impl.RaftServerImpl (ServerState.java:close(385)) - a8f5f0f5-8e74-4dbd-a70c-5d164a949520@group-41245BAC151D: closes. applyIndex: 0
2019-09-27 09:58:54,040 [a8f5f0f5-8e74-4dbd-a70c-5d164a949520@group-41245BAC151D-SegmentedRaftLogWorker] INFO  segmented.SegmentedRaftLogWorker (SegmentedRaftLogWorker.java:run(313)) - a8f5f0f5-8e74-4dbd-a70c-5d164a949520@group-41245BAC151D-SegmentedRaftLogWorker was interrupted, exiting. There are 0 tasks remaining in the queue.
2019-09-27 09:58:54,042 [ForkJoinPool.commonPool-worker-0] INFO  segmented.SegmentedRaftLogWorker (SegmentedRaftLogWorker.java:close(228)) - a8f5f0f5-8e74-4dbd-a70c-5d164a949520@group-41245BAC151D-SegmentedRaftLogWorker close()
2019-09-27 09:58:54,055 [ForkJoinPool.commonPool-worker-0] INFO  impl.RaftServerImpl (RaftServerImpl.java:lambda$shutdown$3(251)) - a8f5f0f5-8e74-4dbd-a70c-5d164a949520@group-CEAE0B345E0E: shutdown
2019-09-27 09:58:54,055 [ForkJoinPool.commonPool-worker-0] INFO  util.JmxRegister (JmxRegister.java:unregister(73)) - Successfully un-registered JMX Bean with object name Ratis:service=RaftServer,group=group-CEAE0B345E0E,id=a8f5f0f5-8e74-4dbd-a70c-5d164a949520
2019-09-27 09:58:54,056 [ForkJoinPool.commonPool-worker-0] INFO  impl.RoleInfo (RoleInfo.java:shutdownLeaderState(104)) - a8f5f0f5-8e74-4dbd-a70c-5d164a949520: shutdown LeaderState
2019-09-27 09:58:54,056 [ForkJoinPool.commonPool-worker-0] INFO  impl.PendingRequests (PendingRequests.java:sendNotLeaderResponses(202)) - a8f5f0f5-8e74-4dbd-a70c-5d164a949520-PendingRequests: sendNotLeaderResponses
2019-09-27 09:58:54,056 [ForkJoinPool.commonPool-worker-0] INFO  impl.StateMachineUpdater (StateMachineUpdater.java:stopAndJoin(125)) - a8f5f0f5-8e74-4dbd-a70c-5d164a949520@group-CEAE0B345E0E-StateMachineUpdater: set stopIndex = 0
2019-09-27 09:58:54,062 [ForkJoinPool.commonPool-worker-0] INFO  impl.RaftServerImpl (ServerState.java:close(385)) - a8f5f0f5-8e74-4dbd-a70c-5d164a949520@group-CEAE0B345E0E: closes. applyIndex: 0
2019-09-27 09:58:54,062 [a8f5f0f5-8e74-4dbd-a70c-5d164a949520@group-CEAE0B345E0E-SegmentedRaftLogWorker] INFO  segmented.SegmentedRaftLogWorker (SegmentedRaftLogWorker.java:run(313)) - a8f5f0f5-8e74-4dbd-a70c-5d164a949520@group-CEAE0B345E0E-SegmentedRaftLogWorker was interrupted, exiting. There are 0 tasks remaining in the queue.
2019-09-27 09:58:54,063 [ForkJoinPool.commonPool-worker-0] INFO  segmented.SegmentedRaftLogWorker (SegmentedRaftLogWorker.java:close(228)) - a8f5f0f5-8e74-4dbd-a70c-5d164a949520@group-CEAE0B345E0E-SegmentedRaftLogWorker close()
2019-09-27 09:58:54,064 [ForkJoinPool.commonPool-worker-0] INFO  server.GrpcService (GrpcService.java:closeImpl(164)) - a8f5f0f5-8e74-4dbd-a70c-5d164a949520: shutdown server with port 42561 now
2019-09-27 09:58:54,068 [ForkJoinPool.commonPool-worker-0] INFO  server.GrpcService (GrpcService.java:closeImpl(172)) - a8f5f0f5-8e74-4dbd-a70c-5d164a949520: shutdown server with port 42561 successfully
2019-09-27 09:58:54,070 [refreshUsed-/workdir/hadoop-ozone/integration-test/target/test-dir/MiniOzoneClusterImpl-8eeacee4-f2ea-46c6-9d4b-1ae1fb96175b/datanode-4/data/containers] WARN  fs.CachingGetSpaceUsed (CachingGetSpaceUsed.java:run(183)) - Thread Interrupted waiting to refresh disk information: sleep interrupted
2019-09-27 09:58:54,083 [main] INFO  utils.BackgroundService (BackgroundService.java:shutdown(148)) - Shutting down service BlockDeletingService
2019-09-27 09:58:54,089 [main] INFO  statemachine.DatanodeStateMachine (DatanodeStateMachine.java:stopDaemon(395)) - Ozone container server stopped.
2019-09-27 09:58:54,090 [main] INFO  handler.ContextHandler (ContextHandler.java:doStop(910)) - Stopped o.e.j.w.WebAppContext@670b3ca{/,null,UNAVAILABLE}{/hddsDatanode}
2019-09-27 09:58:54,091 [main] INFO  server.AbstractConnector (AbstractConnector.java:doStop(318)) - Stopped ServerConnector@24a86066{HTTP/1.1,[http/1.1]}{0.0.0.0:0}
2019-09-27 09:58:54,091 [main] INFO  handler.ContextHandler (ContextHandler.java:doStop(910)) - Stopped o.e.j.s.ServletContextHandler@7f6874f2{/static,jar:file:/home/user/.m2/repository/org/apache/hadoop/hadoop-hdds-container-service/0.5.0-SNAPSHOT/hadoop-hdds-container-service-0.5.0-SNAPSHOT.jar!/webapps/static,UNAVAILABLE}
2019-09-27 09:58:54,091 [ForkJoinPool.commonPool-worker-0] INFO  utils.BackgroundService (BackgroundService.java:shutdown(148)) - Shutting down service BlockDeletingService
2019-09-27 09:58:54,091 [main] INFO  handler.ContextHandler (ContextHandler.java:doStop(910)) - Stopped o.e.j.s.ServletContextHandler@48976e6d{/logs,file:///workdir/hadoop-ozone/integration-test/target/log,UNAVAILABLE}
2019-09-27 09:58:54,097 [ForkJoinPool.commonPool-worker-0] INFO  statemachine.DatanodeStateMachine (DatanodeStateMachine.java:stopDaemon(395)) - Ozone container server stopped.
2019-09-27 09:58:54,102 [ForkJoinPool.commonPool-worker-0] INFO  handler.ContextHandler (ContextHandler.java:doStop(910)) - Stopped o.e.j.w.WebAppContext@57f9b467{/,null,UNAVAILABLE}{/hddsDatanode}
2019-09-27 09:58:54,103 [ForkJoinPool.commonPool-worker-0] INFO  server.AbstractConnector (AbstractConnector.java:doStop(318)) - Stopped ServerConnector@6d5c2745{HTTP/1.1,[http/1.1]}{0.0.0.0:0}
2019-09-27 09:58:54,105 [ForkJoinPool.commonPool-worker-0] INFO  handler.ContextHandler (ContextHandler.java:doStop(910)) - Stopped o.e.j.s.ServletContextHandler@7fb66650{/static,jar:file:/home/user/.m2/repository/org/apache/hadoop/hadoop-hdds-container-service/0.5.0-SNAPSHOT/hadoop-hdds-container-service-0.5.0-SNAPSHOT.jar!/webapps/static,UNAVAILABLE}
2019-09-27 09:58:54,106 [ForkJoinPool.commonPool-worker-0] INFO  handler.ContextHandler (ContextHandler.java:doStop(910)) - Stopped o.e.j.s.ServletContextHandler@2da3b078{/logs,file:///workdir/hadoop-ozone/integration-test/target/log,UNAVAILABLE}
2019-09-27 09:58:54,213 [Datanode State Machine Thread - 0] INFO  statemachine.DatanodeStateMachine (DatanodeStateMachine.java:lambda$startDaemon$0(350)) - Ozone container server started.
2019-09-27 09:58:54,950 [grpc-default-executor-2] WARN  server.GrpcLogAppender (LogUtils.java:warn(134)) - 98e467fb-2178-4bcc-aa88-91a9cb1be043@group-4C89F8E95440->104d06c1-b6f4-46fe-abab-80b9f3463d81-AppendLogResponseHandler: Failed appendEntries: org.apache.ratis.thirdparty.io.grpc.StatusRuntimeException: UNAVAILABLE: io exception
2019-09-27 09:58:54,952 [grpc-default-executor-2] INFO  impl.FollowerInfo (FollowerInfo.java:lambda$new$0(51)) - 98e467fb-2178-4bcc-aa88-91a9cb1be043@group-4C89F8E95440->104d06c1-b6f4-46fe-abab-80b9f3463d81: nextIndex: updateUnconditionally 0 -> 0
2019-09-27 09:58:55,031 [Datanode State Machine Thread - 0] INFO  statemachine.DatanodeStateMachine (DatanodeStateMachine.java:lambda$startDaemon$0(350)) - Ozone container server started.
2019-09-27 09:58:57,089 [Thread-417] INFO  impl.FollowerState (FollowerState.java:run(106)) - 2c15b4bb-8004-40ae-ac45-1dc5514b42f4:group-41245BAC151D changes to CANDIDATE, lastRpcTime:9410, electionTimeout:5050ms
2019-09-27 09:58:57,090 [Thread-417] INFO  impl.RoleInfo (RoleInfo.java:shutdownFollowerState(121)) - 2c15b4bb-8004-40ae-ac45-1dc5514b42f4: shutdown FollowerState
2019-09-27 09:58:57,090 [Thread-417] INFO  impl.RaftServerImpl (RaftServerImpl.java:setRole(174)) - 2c15b4bb-8004-40ae-ac45-1dc5514b42f4@group-41245BAC151D: changes role from  FOLLOWER to CANDIDATE at term 2 for changeToCandidate
2019-09-27 09:58:57,090 [Thread-417] INFO  impl.RoleInfo (RoleInfo.java:updateAndGet(143)) - 2c15b4bb-8004-40ae-ac45-1dc5514b42f4: start LeaderElection
2019-09-27 09:58:57,094 [2c15b4bb-8004-40ae-ac45-1dc5514b42f4@group-41245BAC151D:LeaderElection21] INFO  impl.RaftServerImpl (ServerState.java:setLeader(253)) - 2c15b4bb-8004-40ae-ac45-1dc5514b42f4@group-41245BAC151D: change Leader from 7c34c570-cc93-4d2d-95bb-ca6bff5b1acb to null at term 2 for initElection
2019-09-27 09:58:57,121 [2c15b4bb-8004-40ae-ac45-1dc5514b42f4@group-41245BAC151D:LeaderElection21] INFO  impl.LeaderElection (LeaderElection.java:askForVotes(182)) - 2c15b4bb-8004-40ae-ac45-1dc5514b42f4@group-41245BAC151D:LeaderElection21: begin an election at term 3 for 0: [7c34c570-cc93-4d2d-95bb-ca6bff5b1acb:192.168.151.103:42543, a8f5f0f5-8e74-4dbd-a70c-5d164a949520:192.168.151.103:42561, 2c15b4bb-8004-40ae-ac45-1dc5514b42f4:192.168.151.103:40265], old=null
2019-09-27 09:58:57,124 [2c15b4bb-8004-40ae-ac45-1dc5514b42f4@group-41245BAC151D:LeaderElection21] INFO  impl.LeaderElection (LogUtils.java:infoOrTrace(149)) - 2c15b4bb-8004-40ae-ac45-1dc5514b42f4@group-41245BAC151D:LeaderElection21 got exception when requesting votes: {}
java.util.concurrent.ExecutionException: org.apache.ratis.thirdparty.io.grpc.StatusRuntimeException: UNAVAILABLE: io exception
	at java.util.concurrent.FutureTask.report(FutureTask.java:122)
	at java.util.concurrent.FutureTask.get(FutureTask.java:192)
	at org.apache.ratis.server.impl.LeaderElection.waitForResults(LeaderElection.java:263)
	at org.apache.ratis.server.impl.LeaderElection.askForVotes(LeaderElection.java:201)
	at org.apache.ratis.server.impl.LeaderElection.run(LeaderElection.java:133)
	at java.lang.Thread.run(Thread.java:748)
Caused by: org.apache.ratis.thirdparty.io.grpc.StatusRuntimeException: UNAVAILABLE: io exception
	at org.apache.ratis.thirdparty.io.grpc.stub.ClientCalls.toStatusRuntimeException(ClientCalls.java:233)
	at org.apache.ratis.thirdparty.io.grpc.stub.ClientCalls.getUnchecked(ClientCalls.java:214)
	at org.apache.ratis.thirdparty.io.grpc.stub.ClientCalls.blockingUnaryCall(ClientCalls.java:139)
	at org.apache.ratis.proto.grpc.RaftServerProtocolServiceGrpc$RaftServerProtocolServiceBlockingStub.requestVote(RaftServerProtocolServiceGrpc.java:265)
	at org.apache.ratis.grpc.server.GrpcServerProtocolClient.requestVote(GrpcServerProtocolClient.java:90)
	at org.apache.ratis.grpc.server.GrpcService.requestVote(GrpcService.java:204)
	at org.apache.ratis.server.impl.LeaderElection.lambda$submitRequests$1(LeaderElection.java:238)
	at java.util.concurrent.FutureTask.run(FutureTask.java:266)
	at java.util.concurrent.Executors$RunnableAdapter.call(Executors.java:511)
	at java.util.concurrent.FutureTask.run(FutureTask.java:266)
	at java.util.concurrent.ThreadPoolExecutor.runWorker(ThreadPoolExecutor.java:1149)
	at java.util.concurrent.ThreadPoolExecutor$Worker.run(ThreadPoolExecutor.java:624)
	... 1 more
Caused by: org.apache.ratis.thirdparty.io.netty.channel.AbstractChannel$AnnotatedConnectException: Connection refused: /192.168.151.103:42543
	at sun.nio.ch.SocketChannelImpl.checkConnect(Native Method)
	at sun.nio.ch.SocketChannelImpl.finishConnect(SocketChannelImpl.java:717)
	at org.apache.ratis.thirdparty.io.netty.channel.socket.nio.NioSocketChannel.doFinishConnect(NioSocketChannel.java:327)
	at org.apache.ratis.thirdparty.io.netty.channel.nio.AbstractNioChannel$AbstractNioUnsafe.finishConnect(AbstractNioChannel.java:340)
	at org.apache.ratis.thirdparty.io.netty.channel.nio.NioEventLoop.processSelectedKey(NioEventLoop.java:632)
	at org.apache.ratis.thirdparty.io.netty.channel.nio.NioEventLoop.processSelectedKeysOptimized(NioEventLoop.java:579)
	at org.apache.ratis.thirdparty.io.netty.channel.nio.NioEventLoop.processSelectedKeys(NioEventLoop.java:496)
	at org.apache.ratis.thirdparty.io.netty.channel.nio.NioEventLoop.run(NioEventLoop.java:458)
	at org.apache.ratis.thirdparty.io.netty.util.concurrent.SingleThreadEventExecutor$5.run(SingleThreadEventExecutor.java:897)
	at org.apache.ratis.thirdparty.io.netty.util.concurrent.FastThreadLocalRunnable.run(FastThreadLocalRunnable.java:30)
	... 1 more
Caused by: java.net.ConnectException: Connection refused
	... 11 more
2019-09-27 09:58:57,127 [2c15b4bb-8004-40ae-ac45-1dc5514b42f4@group-41245BAC151D:LeaderElection21] INFO  impl.LeaderElection (LogUtils.java:infoOrTrace(149)) - 2c15b4bb-8004-40ae-ac45-1dc5514b42f4@group-41245BAC151D:LeaderElection21 got exception when requesting votes: {}
java.util.concurrent.ExecutionException: org.apache.ratis.thirdparty.io.grpc.StatusRuntimeException: UNAVAILABLE: io exception
	at java.util.concurrent.FutureTask.report(FutureTask.java:122)
	at java.util.concurrent.FutureTask.get(FutureTask.java:192)
	at org.apache.ratis.server.impl.LeaderElection.waitForResults(LeaderElection.java:263)
	at org.apache.ratis.server.impl.LeaderElection.askForVotes(LeaderElection.java:201)
	at org.apache.ratis.server.impl.LeaderElection.run(LeaderElection.java:133)
	at java.lang.Thread.run(Thread.java:748)
Caused by: org.apache.ratis.thirdparty.io.grpc.StatusRuntimeException: UNAVAILABLE: io exception
	at org.apache.ratis.thirdparty.io.grpc.stub.ClientCalls.toStatusRuntimeException(ClientCalls.java:233)
	at org.apache.ratis.thirdparty.io.grpc.stub.ClientCalls.getUnchecked(ClientCalls.java:214)
	at org.apache.ratis.thirdparty.io.grpc.stub.ClientCalls.blockingUnaryCall(ClientCalls.java:139)
	at org.apache.ratis.proto.grpc.RaftServerProtocolServiceGrpc$RaftServerProtocolServiceBlockingStub.requestVote(RaftServerProtocolServiceGrpc.java:265)
	at org.apache.ratis.grpc.server.GrpcServerProtocolClient.requestVote(GrpcServerProtocolClient.java:90)
	at org.apache.ratis.grpc.server.GrpcService.requestVote(GrpcService.java:204)
	at org.apache.ratis.server.impl.LeaderElection.lambda$submitRequests$1(LeaderElection.java:238)
	at java.util.concurrent.FutureTask.run(FutureTask.java:266)
	at java.util.concurrent.Executors$RunnableAdapter.call(Executors.java:511)
	at java.util.concurrent.FutureTask.run(FutureTask.java:266)
	at java.util.concurrent.ThreadPoolExecutor.runWorker(ThreadPoolExecutor.java:1149)
	at java.util.concurrent.ThreadPoolExecutor$Worker.run(ThreadPoolExecutor.java:624)
	... 1 more
Caused by: org.apache.ratis.thirdparty.io.netty.channel.AbstractChannel$AnnotatedConnectException: Connection refused: /192.168.151.103:42561
	at sun.nio.ch.SocketChannelImpl.checkConnect(Native Method)
	at sun.nio.ch.SocketChannelImpl.finishConnect(SocketChannelImpl.java:717)
	at org.apache.ratis.thirdparty.io.netty.channel.socket.nio.NioSocketChannel.doFinishConnect(NioSocketChannel.java:327)
	at org.apache.ratis.thirdparty.io.netty.channel.nio.AbstractNioChannel$AbstractNioUnsafe.finishConnect(AbstractNioChannel.java:340)
	at org.apache.ratis.thirdparty.io.netty.channel.nio.NioEventLoop.processSelectedKey(NioEventLoop.java:632)
	at org.apache.ratis.thirdparty.io.netty.channel.nio.NioEventLoop.processSelectedKeysOptimized(NioEventLoop.java:579)
	at org.apache.ratis.thirdparty.io.netty.channel.nio.NioEventLoop.processSelectedKeys(NioEventLoop.java:496)
	at org.apache.ratis.thirdparty.io.netty.channel.nio.NioEventLoop.run(NioEventLoop.java:458)
	at org.apache.ratis.thirdparty.io.netty.util.concurrent.SingleThreadEventExecutor$5.run(SingleThreadEventExecutor.java:897)
	at org.apache.ratis.thirdparty.io.netty.util.concurrent.FastThreadLocalRunnable.run(FastThreadLocalRunnable.java:30)
	... 1 more
Caused by: java.net.ConnectException: Connection refused
	... 11 more
2019-09-27 09:58:57,131 [2c15b4bb-8004-40ae-ac45-1dc5514b42f4@group-41245BAC151D:LeaderElection21] INFO  impl.LeaderElection (LeaderElection.java:logAndReturn(56)) - 2c15b4bb-8004-40ae-ac45-1dc5514b42f4@group-41245BAC151D:LeaderElection21: Election REJECTED; received 0 response(s) [] and 2 exception(s); 2c15b4bb-8004-40ae-ac45-1dc5514b42f4@group-41245BAC151D:t3, leader=null, voted=2c15b4bb-8004-40ae-ac45-1dc5514b42f4, raftlog=2c15b4bb-8004-40ae-ac45-1dc5514b42f4@group-41245BAC151D-SegmentedRaftLog:OPENED:c0,f0,i0, conf=0: [7c34c570-cc93-4d2d-95bb-ca6bff5b1acb:192.168.151.103:42543, a8f5f0f5-8e74-4dbd-a70c-5d164a949520:192.168.151.103:42561, 2c15b4bb-8004-40ae-ac45-1dc5514b42f4:192.168.151.103:40265], old=null
2019-09-27 09:58:57,131 [2c15b4bb-8004-40ae-ac45-1dc5514b42f4@group-41245BAC151D:LeaderElection21] INFO  impl.LeaderElection (LogUtils.java:infoOrTrace(149)) -   Exception 0: {}
java.util.concurrent.ExecutionException: org.apache.ratis.thirdparty.io.grpc.StatusRuntimeException: UNAVAILABLE: io exception
	at java.util.concurrent.FutureTask.report(FutureTask.java:122)
	at java.util.concurrent.FutureTask.get(FutureTask.java:192)
	at org.apache.ratis.server.impl.LeaderElection.waitForResults(LeaderElection.java:263)
	at org.apache.ratis.server.impl.LeaderElection.askForVotes(LeaderElection.java:201)
	at org.apache.ratis.server.impl.LeaderElection.run(LeaderElection.java:133)
	at java.lang.Thread.run(Thread.java:748)
Caused by: org.apache.ratis.thirdparty.io.grpc.StatusRuntimeException: UNAVAILABLE: io exception
	at org.apache.ratis.thirdparty.io.grpc.stub.ClientCalls.toStatusRuntimeException(ClientCalls.java:233)
	at org.apache.ratis.thirdparty.io.grpc.stub.ClientCalls.getUnchecked(ClientCalls.java:214)
	at org.apache.ratis.thirdparty.io.grpc.stub.ClientCalls.blockingUnaryCall(ClientCalls.java:139)
	at org.apache.ratis.proto.grpc.RaftServerProtocolServiceGrpc$RaftServerProtocolServiceBlockingStub.requestVote(RaftServerProtocolServiceGrpc.java:265)
	at org.apache.ratis.grpc.server.GrpcServerProtocolClient.requestVote(GrpcServerProtocolClient.java:90)
	at org.apache.ratis.grpc.server.GrpcService.requestVote(GrpcService.java:204)
	at org.apache.ratis.server.impl.LeaderElection.lambda$submitRequests$1(LeaderElection.java:238)
	at java.util.concurrent.FutureTask.run(FutureTask.java:266)
	at java.util.concurrent.Executors$RunnableAdapter.call(Executors.java:511)
	at java.util.concurrent.FutureTask.run(FutureTask.java:266)
	at java.util.concurrent.ThreadPoolExecutor.runWorker(ThreadPoolExecutor.java:1149)
	at java.util.concurrent.ThreadPoolExecutor$Worker.run(ThreadPoolExecutor.java:624)
	... 1 more
Caused by: org.apache.ratis.thirdparty.io.netty.channel.AbstractChannel$AnnotatedConnectException: Connection refused: /192.168.151.103:42543
	at sun.nio.ch.SocketChannelImpl.checkConnect(Native Method)
	at sun.nio.ch.SocketChannelImpl.finishConnect(SocketChannelImpl.java:717)
	at org.apache.ratis.thirdparty.io.netty.channel.socket.nio.NioSocketChannel.doFinishConnect(NioSocketChannel.java:327)
	at org.apache.ratis.thirdparty.io.netty.channel.nio.AbstractNioChannel$AbstractNioUnsafe.finishConnect(AbstractNioChannel.java:340)
	at org.apache.ratis.thirdparty.io.netty.channel.nio.NioEventLoop.processSelectedKey(NioEventLoop.java:632)
	at org.apache.ratis.thirdparty.io.netty.channel.nio.NioEventLoop.processSelectedKeysOptimized(NioEventLoop.java:579)
	at org.apache.ratis.thirdparty.io.netty.channel.nio.NioEventLoop.processSelectedKeys(NioEventLoop.java:496)
	at org.apache.ratis.thirdparty.io.netty.channel.nio.NioEventLoop.run(NioEventLoop.java:458)
	at org.apache.ratis.thirdparty.io.netty.util.concurrent.SingleThreadEventExecutor$5.run(SingleThreadEventExecutor.java:897)
	at org.apache.ratis.thirdparty.io.netty.util.concurrent.FastThreadLocalRunnable.run(FastThreadLocalRunnable.java:30)
	... 1 more
Caused by: java.net.ConnectException: Connection refused
	... 11 more
2019-09-27 09:58:57,132 [2c15b4bb-8004-40ae-ac45-1dc5514b42f4@group-41245BAC151D:LeaderElection21] INFO  impl.LeaderElection (LogUtils.java:infoOrTrace(149)) -   Exception 1: {}
java.util.concurrent.ExecutionException: org.apache.ratis.thirdparty.io.grpc.StatusRuntimeException: UNAVAILABLE: io exception
	at java.util.concurrent.FutureTask.report(FutureTask.java:122)
	at java.util.concurrent.FutureTask.get(FutureTask.java:192)
	at org.apache.ratis.server.impl.LeaderElection.waitForResults(LeaderElection.java:263)
	at org.apache.ratis.server.impl.LeaderElection.askForVotes(LeaderElection.java:201)
	at org.apache.ratis.server.impl.LeaderElection.run(LeaderElection.java:133)
	at java.lang.Thread.run(Thread.java:748)
Caused by: org.apache.ratis.thirdparty.io.grpc.StatusRuntimeException: UNAVAILABLE: io exception
	at org.apache.ratis.thirdparty.io.grpc.stub.ClientCalls.toStatusRuntimeException(ClientCalls.java:233)
	at org.apache.ratis.thirdparty.io.grpc.stub.ClientCalls.getUnchecked(ClientCalls.java:214)
	at org.apache.ratis.thirdparty.io.grpc.stub.ClientCalls.blockingUnaryCall(ClientCalls.java:139)
	at org.apache.ratis.proto.grpc.RaftServerProtocolServiceGrpc$RaftServerProtocolServiceBlockingStub.requestVote(RaftServerProtocolServiceGrpc.java:265)
	at org.apache.ratis.grpc.server.GrpcServerProtocolClient.requestVote(GrpcServerProtocolClient.java:90)
	at org.apache.ratis.grpc.server.GrpcService.requestVote(GrpcService.java:204)
	at org.apache.ratis.server.impl.LeaderElection.lambda$submitRequests$1(LeaderElection.java:238)
	at java.util.concurrent.FutureTask.run(FutureTask.java:266)
	at java.util.concurrent.Executors$RunnableAdapter.call(Executors.java:511)
	at java.util.concurrent.FutureTask.run(FutureTask.java:266)
	at java.util.concurrent.ThreadPoolExecutor.runWorker(ThreadPoolExecutor.java:1149)
	at java.util.concurrent.ThreadPoolExecutor$Worker.run(ThreadPoolExecutor.java:624)
	... 1 more
Caused by: org.apache.ratis.thirdparty.io.netty.channel.AbstractChannel$AnnotatedConnectException: Connection refused: /192.168.151.103:42561
	at sun.nio.ch.SocketChannelImpl.checkConnect(Native Method)
	at sun.nio.ch.SocketChannelImpl.finishConnect(SocketChannelImpl.java:717)
	at org.apache.ratis.thirdparty.io.netty.channel.socket.nio.NioSocketChannel.doFinishConnect(NioSocketChannel.java:327)
	at org.apache.ratis.thirdparty.io.netty.channel.nio.AbstractNioChannel$AbstractNioUnsafe.finishConnect(AbstractNioChannel.java:340)
	at org.apache.ratis.thirdparty.io.netty.channel.nio.NioEventLoop.processSelectedKey(NioEventLoop.java:632)
	at org.apache.ratis.thirdparty.io.netty.channel.nio.NioEventLoop.processSelectedKeysOptimized(NioEventLoop.java:579)
	at org.apache.ratis.thirdparty.io.netty.channel.nio.NioEventLoop.processSelectedKeys(NioEventLoop.java:496)
	at org.apache.ratis.thirdparty.io.netty.channel.nio.NioEventLoop.run(NioEventLoop.java:458)
	at org.apache.ratis.thirdparty.io.netty.util.concurrent.SingleThreadEventExecutor$5.run(SingleThreadEventExecutor.java:897)
	at org.apache.ratis.thirdparty.io.netty.util.concurrent.FastThreadLocalRunnable.run(FastThreadLocalRunnable.java:30)
	... 1 more
Caused by: java.net.ConnectException: Connection refused
	... 11 more
2019-09-27 09:58:57,133 [2c15b4bb-8004-40ae-ac45-1dc5514b42f4@group-41245BAC151D:LeaderElection21] INFO  impl.RaftServerImpl (RaftServerImpl.java:setRole(174)) - 2c15b4bb-8004-40ae-ac45-1dc5514b42f4@group-41245BAC151D: changes role from CANDIDATE to FOLLOWER at term 3 for DISCOVERED_A_NEW_TERM
2019-09-27 09:58:57,135 [2c15b4bb-8004-40ae-ac45-1dc5514b42f4@group-41245BAC151D:LeaderElection21] INFO  impl.RoleInfo (RoleInfo.java:shutdownLeaderElection(134)) - 2c15b4bb-8004-40ae-ac45-1dc5514b42f4: shutdown LeaderElection
2019-09-27 09:58:57,135 [2c15b4bb-8004-40ae-ac45-1dc5514b42f4@group-41245BAC151D:LeaderElection21] INFO  impl.RoleInfo (RoleInfo.java:updateAndGet(143)) - 2c15b4bb-8004-40ae-ac45-1dc5514b42f4: start FollowerState
2019-09-27 09:58:57,172 [Thread-712] INFO  impl.FollowerState (FollowerState.java:run(106)) - 314e6693-f7ac-41e1-8044-5e96ad768d09:group-B6E36139D1C6 changes to CANDIDATE, lastRpcTime:5053, electionTimeout:5051ms
2019-09-27 09:58:57,173 [Thread-712] INFO  impl.RoleInfo (RoleInfo.java:shutdownFollowerState(121)) - 314e6693-f7ac-41e1-8044-5e96ad768d09: shutdown FollowerState
2019-09-27 09:58:57,173 [Thread-712] INFO  impl.RaftServerImpl (RaftServerImpl.java:setRole(174)) - 314e6693-f7ac-41e1-8044-5e96ad768d09@group-B6E36139D1C6: changes role from  FOLLOWER to CANDIDATE at term 2 for changeToCandidate
2019-09-27 09:58:57,174 [Thread-712] INFO  impl.RoleInfo (RoleInfo.java:updateAndGet(143)) - 314e6693-f7ac-41e1-8044-5e96ad768d09: start LeaderElection
2019-09-27 09:58:57,201 [314e6693-f7ac-41e1-8044-5e96ad768d09@group-B6E36139D1C6:LeaderElection22] INFO  impl.LeaderElection (LeaderElection.java:askForVotes(182)) - 314e6693-f7ac-41e1-8044-5e96ad768d09@group-B6E36139D1C6:LeaderElection22: begin an election at term 3 for 0: [a5178916-7f43-4d44-a33e-8aed6c9e8814:192.168.151.103:34011, ebd02079-cc9f-48d7-8c8e-ec4136f19434:192.168.151.103:42859, 314e6693-f7ac-41e1-8044-5e96ad768d09:192.168.151.103:33493], old=null
2019-09-27 09:58:57,202 [314e6693-f7ac-41e1-8044-5e96ad768d09@group-B6E36139D1C6:LeaderElection22] INFO  impl.LeaderElection (LogUtils.java:infoOrTrace(149)) - 314e6693-f7ac-41e1-8044-5e96ad768d09@group-B6E36139D1C6:LeaderElection22 got exception when requesting votes: {}
java.util.concurrent.ExecutionException: org.apache.ratis.thirdparty.io.grpc.StatusRuntimeException: UNAVAILABLE: io exception
	at java.util.concurrent.FutureTask.report(FutureTask.java:122)
	at java.util.concurrent.FutureTask.get(FutureTask.java:192)
	at org.apache.ratis.server.impl.LeaderElection.waitForResults(LeaderElection.java:263)
	at org.apache.ratis.server.impl.LeaderElection.askForVotes(LeaderElection.java:201)
	at org.apache.ratis.server.impl.LeaderElection.run(LeaderElection.java:133)
	at java.lang.Thread.run(Thread.java:748)
Caused by: org.apache.ratis.thirdparty.io.grpc.StatusRuntimeException: UNAVAILABLE: io exception
	at org.apache.ratis.thirdparty.io.grpc.stub.ClientCalls.toStatusRuntimeException(ClientCalls.java:233)
	at org.apache.ratis.thirdparty.io.grpc.stub.ClientCalls.getUnchecked(ClientCalls.java:214)
	at org.apache.ratis.thirdparty.io.grpc.stub.ClientCalls.blockingUnaryCall(ClientCalls.java:139)
	at org.apache.ratis.proto.grpc.RaftServerProtocolServiceGrpc$RaftServerProtocolServiceBlockingStub.requestVote(RaftServerProtocolServiceGrpc.java:265)
	at org.apache.ratis.grpc.server.GrpcServerProtocolClient.requestVote(GrpcServerProtocolClient.java:90)
	at org.apache.ratis.grpc.server.GrpcService.requestVote(GrpcService.java:204)
	at org.apache.ratis.server.impl.LeaderElection.lambda$submitRequests$1(LeaderElection.java:238)
	at java.util.concurrent.FutureTask.run(FutureTask.java:266)
	at java.util.concurrent.Executors$RunnableAdapter.call(Executors.java:511)
	at java.util.concurrent.FutureTask.run(FutureTask.java:266)
	at java.util.concurrent.ThreadPoolExecutor.runWorker(ThreadPoolExecutor.java:1149)
	at java.util.concurrent.ThreadPoolExecutor$Worker.run(ThreadPoolExecutor.java:624)
	... 1 more
Caused by: org.apache.ratis.thirdparty.io.netty.channel.AbstractChannel$AnnotatedConnectException: Connection refused: /192.168.151.103:34011
	at sun.nio.ch.SocketChannelImpl.checkConnect(Native Method)
	at sun.nio.ch.SocketChannelImpl.finishConnect(SocketChannelImpl.java:717)
	at org.apache.ratis.thirdparty.io.netty.channel.socket.nio.NioSocketChannel.doFinishConnect(NioSocketChannel.java:327)
	at org.apache.ratis.thirdparty.io.netty.channel.nio.AbstractNioChannel$AbstractNioUnsafe.finishConnect(AbstractNioChannel.java:340)
	at org.apache.ratis.thirdparty.io.netty.channel.nio.NioEventLoop.processSelectedKey(NioEventLoop.java:632)
	at org.apache.ratis.thirdparty.io.netty.channel.nio.NioEventLoop.processSelectedKeysOptimized(NioEventLoop.java:579)
	at org.apache.ratis.thirdparty.io.netty.channel.nio.NioEventLoop.processSelectedKeys(NioEventLoop.java:496)
	at org.apache.ratis.thirdparty.io.netty.channel.nio.NioEventLoop.run(NioEventLoop.java:458)
	at org.apache.ratis.thirdparty.io.netty.util.concurrent.SingleThreadEventExecutor$5.run(SingleThreadEventExecutor.java:897)
	at org.apache.ratis.thirdparty.io.netty.util.concurrent.FastThreadLocalRunnable.run(FastThreadLocalRunnable.java:30)
	... 1 more
Caused by: java.net.ConnectException: Connection refused
	... 11 more
2019-09-27 09:58:57,205 [314e6693-f7ac-41e1-8044-5e96ad768d09@group-B6E36139D1C6:LeaderElection22] INFO  impl.LeaderElection (LogUtils.java:infoOrTrace(149)) - 314e6693-f7ac-41e1-8044-5e96ad768d09@group-B6E36139D1C6:LeaderElection22 got exception when requesting votes: {}
java.util.concurrent.ExecutionException: org.apache.ratis.thirdparty.io.grpc.StatusRuntimeException: UNAVAILABLE: io exception
	at java.util.concurrent.FutureTask.report(FutureTask.java:122)
	at java.util.concurrent.FutureTask.get(FutureTask.java:192)
	at org.apache.ratis.server.impl.LeaderElection.waitForResults(LeaderElection.java:263)
	at org.apache.ratis.server.impl.LeaderElection.askForVotes(LeaderElection.java:201)
	at org.apache.ratis.server.impl.LeaderElection.run(LeaderElection.java:133)
	at java.lang.Thread.run(Thread.java:748)
Caused by: org.apache.ratis.thirdparty.io.grpc.StatusRuntimeException: UNAVAILABLE: io exception
	at org.apache.ratis.thirdparty.io.grpc.stub.ClientCalls.toStatusRuntimeException(ClientCalls.java:233)
	at org.apache.ratis.thirdparty.io.grpc.stub.ClientCalls.getUnchecked(ClientCalls.java:214)
	at org.apache.ratis.thirdparty.io.grpc.stub.ClientCalls.blockingUnaryCall(ClientCalls.java:139)
	at org.apache.ratis.proto.grpc.RaftServerProtocolServiceGrpc$RaftServerProtocolServiceBlockingStub.requestVote(RaftServerProtocolServiceGrpc.java:265)
	at org.apache.ratis.grpc.server.GrpcServerProtocolClient.requestVote(GrpcServerProtocolClient.java:90)
	at org.apache.ratis.grpc.server.GrpcService.requestVote(GrpcService.java:204)
	at org.apache.ratis.server.impl.LeaderElection.lambda$submitRequests$1(LeaderElection.java:238)
	at java.util.concurrent.FutureTask.run(FutureTask.java:266)
	at java.util.concurrent.Executors$RunnableAdapter.call(Executors.java:511)
	at java.util.concurrent.FutureTask.run(FutureTask.java:266)
	at java.util.concurrent.ThreadPoolExecutor.runWorker(ThreadPoolExecutor.java:1149)
	at java.util.concurrent.ThreadPoolExecutor$Worker.run(ThreadPoolExecutor.java:624)
	... 1 more
Caused by: org.apache.ratis.thirdparty.io.netty.channel.AbstractChannel$AnnotatedConnectException: Connection refused: /192.168.151.103:42859
	at sun.nio.ch.SocketChannelImpl.checkConnect(Native Method)
	at sun.nio.ch.SocketChannelImpl.finishConnect(SocketChannelImpl.java:717)
	at org.apache.ratis.thirdparty.io.netty.channel.socket.nio.NioSocketChannel.doFinishConnect(NioSocketChannel.java:327)
	at org.apache.ratis.thirdparty.io.netty.channel.nio.AbstractNioChannel$AbstractNioUnsafe.finishConnect(AbstractNioChannel.java:340)
	at org.apache.ratis.thirdparty.io.netty.channel.nio.NioEventLoop.processSelectedKey(NioEventLoop.java:632)
	at org.apache.ratis.thirdparty.io.netty.channel.nio.NioEventLoop.processSelectedKeysOptimized(NioEventLoop.java:579)
	at org.apache.ratis.thirdparty.io.netty.channel.nio.NioEventLoop.processSelectedKeys(NioEventLoop.java:496)
	at org.apache.ratis.thirdparty.io.netty.channel.nio.NioEventLoop.run(NioEventLoop.java:458)
	at org.apache.ratis.thirdparty.io.netty.util.concurrent.SingleThreadEventExecutor$5.run(SingleThreadEventExecutor.java:897)
	at org.apache.ratis.thirdparty.io.netty.util.concurrent.FastThreadLocalRunnable.run(FastThreadLocalRunnable.java:30)
	... 1 more
Caused by: java.net.ConnectException: Connection refused
	... 11 more
2019-09-27 09:58:57,207 [314e6693-f7ac-41e1-8044-5e96ad768d09@group-B6E36139D1C6:LeaderElection22] INFO  impl.LeaderElection (LeaderElection.java:logAndReturn(56)) - 314e6693-f7ac-41e1-8044-5e96ad768d09@group-B6E36139D1C6:LeaderElection22: Election REJECTED; received 0 response(s) [] and 2 exception(s); 314e6693-f7ac-41e1-8044-5e96ad768d09@group-B6E36139D1C6:t3, leader=null, voted=314e6693-f7ac-41e1-8044-5e96ad768d09, raftlog=314e6693-f7ac-41e1-8044-5e96ad768d09@group-B6E36139D1C6-SegmentedRaftLog:OPENED:c0,f0,i0, conf=0: [a5178916-7f43-4d44-a33e-8aed6c9e8814:192.168.151.103:34011, ebd02079-cc9f-48d7-8c8e-ec4136f19434:192.168.151.103:42859, 314e6693-f7ac-41e1-8044-5e96ad768d09:192.168.151.103:33493], old=null
2019-09-27 09:58:57,207 [314e6693-f7ac-41e1-8044-5e96ad768d09@group-B6E36139D1C6:LeaderElection22] INFO  impl.LeaderElection (LogUtils.java:infoOrTrace(149)) -   Exception 0: {}
java.util.concurrent.ExecutionException: org.apache.ratis.thirdparty.io.grpc.StatusRuntimeException: UNAVAILABLE: io exception
	at java.util.concurrent.FutureTask.report(FutureTask.java:122)
	at java.util.concurrent.FutureTask.get(FutureTask.java:192)
	at org.apache.ratis.server.impl.LeaderElection.waitForResults(LeaderElection.java:263)
	at org.apache.ratis.server.impl.LeaderElection.askForVotes(LeaderElection.java:201)
	at org.apache.ratis.server.impl.LeaderElection.run(LeaderElection.java:133)
	at java.lang.Thread.run(Thread.java:748)
Caused by: org.apache.ratis.thirdparty.io.grpc.StatusRuntimeException: UNAVAILABLE: io exception
	at org.apache.ratis.thirdparty.io.grpc.stub.ClientCalls.toStatusRuntimeException(ClientCalls.java:233)
	at org.apache.ratis.thirdparty.io.grpc.stub.ClientCalls.getUnchecked(ClientCalls.java:214)
	at org.apache.ratis.thirdparty.io.grpc.stub.ClientCalls.blockingUnaryCall(ClientCalls.java:139)
	at org.apache.ratis.proto.grpc.RaftServerProtocolServiceGrpc$RaftServerProtocolServiceBlockingStub.requestVote(RaftServerProtocolServiceGrpc.java:265)
	at org.apache.ratis.grpc.server.GrpcServerProtocolClient.requestVote(GrpcServerProtocolClient.java:90)
	at org.apache.ratis.grpc.server.GrpcService.requestVote(GrpcService.java:204)
	at org.apache.ratis.server.impl.LeaderElection.lambda$submitRequests$1(LeaderElection.java:238)
	at java.util.concurrent.FutureTask.run(FutureTask.java:266)
	at java.util.concurrent.Executors$RunnableAdapter.call(Executors.java:511)
	at java.util.concurrent.FutureTask.run(FutureTask.java:266)
	at java.util.concurrent.ThreadPoolExecutor.runWorker(ThreadPoolExecutor.java:1149)
	at java.util.concurrent.ThreadPoolExecutor$Worker.run(ThreadPoolExecutor.java:624)
	... 1 more
Caused by: org.apache.ratis.thirdparty.io.netty.channel.AbstractChannel$AnnotatedConnectException: Connection refused: /192.168.151.103:34011
	at sun.nio.ch.SocketChannelImpl.checkConnect(Native Method)
	at sun.nio.ch.SocketChannelImpl.finishConnect(SocketChannelImpl.java:717)
	at org.apache.ratis.thirdparty.io.netty.channel.socket.nio.NioSocketChannel.doFinishConnect(NioSocketChannel.java:327)
	at org.apache.ratis.thirdparty.io.netty.channel.nio.AbstractNioChannel$AbstractNioUnsafe.finishConnect(AbstractNioChannel.java:340)
	at org.apache.ratis.thirdparty.io.netty.channel.nio.NioEventLoop.processSelectedKey(NioEventLoop.java:632)
	at org.apache.ratis.thirdparty.io.netty.channel.nio.NioEventLoop.processSelectedKeysOptimized(NioEventLoop.java:579)
	at org.apache.ratis.thirdparty.io.netty.channel.nio.NioEventLoop.processSelectedKeys(NioEventLoop.java:496)
	at org.apache.ratis.thirdparty.io.netty.channel.nio.NioEventLoop.run(NioEventLoop.java:458)
	at org.apache.ratis.thirdparty.io.netty.util.concurrent.SingleThreadEventExecutor$5.run(SingleThreadEventExecutor.java:897)
	at org.apache.ratis.thirdparty.io.netty.util.concurrent.FastThreadLocalRunnable.run(FastThreadLocalRunnable.java:30)
	... 1 more
Caused by: java.net.ConnectException: Connection refused
	... 11 more
2019-09-27 09:58:57,208 [314e6693-f7ac-41e1-8044-5e96ad768d09@group-B6E36139D1C6:LeaderElection22] INFO  impl.LeaderElection (LogUtils.java:infoOrTrace(149)) -   Exception 1: {}
java.util.concurrent.ExecutionException: org.apache.ratis.thirdparty.io.grpc.StatusRuntimeException: UNAVAILABLE: io exception
	at java.util.concurrent.FutureTask.report(FutureTask.java:122)
	at java.util.concurrent.FutureTask.get(FutureTask.java:192)
	at org.apache.ratis.server.impl.LeaderElection.waitForResults(LeaderElection.java:263)
	at org.apache.ratis.server.impl.LeaderElection.askForVotes(LeaderElection.java:201)
	at org.apache.ratis.server.impl.LeaderElection.run(LeaderElection.java:133)
	at java.lang.Thread.run(Thread.java:748)
Caused by: org.apache.ratis.thirdparty.io.grpc.StatusRuntimeException: UNAVAILABLE: io exception
	at org.apache.ratis.thirdparty.io.grpc.stub.ClientCalls.toStatusRuntimeException(ClientCalls.java:233)
	at org.apache.ratis.thirdparty.io.grpc.stub.ClientCalls.getUnchecked(ClientCalls.java:214)
	at org.apache.ratis.thirdparty.io.grpc.stub.ClientCalls.blockingUnaryCall(ClientCalls.java:139)
	at org.apache.ratis.proto.grpc.RaftServerProtocolServiceGrpc$RaftServerProtocolServiceBlockingStub.requestVote(RaftServerProtocolServiceGrpc.java:265)
	at org.apache.ratis.grpc.server.GrpcServerProtocolClient.requestVote(GrpcServerProtocolClient.java:90)
	at org.apache.ratis.grpc.server.GrpcService.requestVote(GrpcService.java:204)
	at org.apache.ratis.server.impl.LeaderElection.lambda$submitRequests$1(LeaderElection.java:238)
	at java.util.concurrent.FutureTask.run(FutureTask.java:266)
	at java.util.concurrent.Executors$RunnableAdapter.call(Executors.java:511)
	at java.util.concurrent.FutureTask.run(FutureTask.java:266)
	at java.util.concurrent.ThreadPoolExecutor.runWorker(ThreadPoolExecutor.java:1149)
	at java.util.concurrent.ThreadPoolExecutor$Worker.run(ThreadPoolExecutor.java:624)
	... 1 more
Caused by: org.apache.ratis.thirdparty.io.netty.channel.AbstractChannel$AnnotatedConnectException: Connection refused: /192.168.151.103:42859
	at sun.nio.ch.SocketChannelImpl.checkConnect(Native Method)
	at sun.nio.ch.SocketChannelImpl.finishConnect(SocketChannelImpl.java:717)
	at org.apache.ratis.thirdparty.io.netty.channel.socket.nio.NioSocketChannel.doFinishConnect(NioSocketChannel.java:327)
	at org.apache.ratis.thirdparty.io.netty.channel.nio.AbstractNioChannel$AbstractNioUnsafe.finishConnect(AbstractNioChannel.java:340)
	at org.apache.ratis.thirdparty.io.netty.channel.nio.NioEventLoop.processSelectedKey(NioEventLoop.java:632)
	at org.apache.ratis.thirdparty.io.netty.channel.nio.NioEventLoop.processSelectedKeysOptimized(NioEventLoop.java:579)
	at org.apache.ratis.thirdparty.io.netty.channel.nio.NioEventLoop.processSelectedKeys(NioEventLoop.java:496)
	at org.apache.ratis.thirdparty.io.netty.channel.nio.NioEventLoop.run(NioEventLoop.java:458)
	at org.apache.ratis.thirdparty.io.netty.util.concurrent.SingleThreadEventExecutor$5.run(SingleThreadEventExecutor.java:897)
	at org.apache.ratis.thirdparty.io.netty.util.concurrent.FastThreadLocalRunnable.run(FastThreadLocalRunnable.java:30)
	... 1 more
Caused by: java.net.ConnectException: Connection refused
	... 11 more
2019-09-27 09:58:57,208 [314e6693-f7ac-41e1-8044-5e96ad768d09@group-B6E36139D1C6:LeaderElection22] INFO  impl.RaftServerImpl (RaftServerImpl.java:setRole(174)) - 314e6693-f7ac-41e1-8044-5e96ad768d09@group-B6E36139D1C6: changes role from CANDIDATE to FOLLOWER at term 3 for DISCOVERED_A_NEW_TERM
2019-09-27 09:58:57,211 [314e6693-f7ac-41e1-8044-5e96ad768d09@group-B6E36139D1C6:LeaderElection22] INFO  impl.RoleInfo (RoleInfo.java:shutdownLeaderElection(134)) - 314e6693-f7ac-41e1-8044-5e96ad768d09: shutdown LeaderElection
2019-09-27 09:58:57,212 [314e6693-f7ac-41e1-8044-5e96ad768d09@group-B6E36139D1C6:LeaderElection22] INFO  impl.RoleInfo (RoleInfo.java:updateAndGet(143)) - 314e6693-f7ac-41e1-8044-5e96ad768d09: start FollowerState
2019-09-27 09:58:57,453 [grpc-default-executor-5] WARN  server.GrpcLogAppender (LogUtils.java:warn(134)) - 98e467fb-2178-4bcc-aa88-91a9cb1be043@group-4C89F8E95440->104d06c1-b6f4-46fe-abab-80b9f3463d81-AppendLogResponseHandler: Failed appendEntries: org.apache.ratis.thirdparty.io.grpc.StatusRuntimeException: UNAVAILABLE: io exception
2019-09-27 09:58:57,457 [grpc-default-executor-5] INFO  impl.FollowerInfo (FollowerInfo.java:lambda$new$0(51)) - 98e467fb-2178-4bcc-aa88-91a9cb1be043@group-4C89F8E95440->104d06c1-b6f4-46fe-abab-80b9f3463d81: nextIndex: updateUnconditionally 0 -> 0
2019-09-27 09:58:59,097 [main] INFO  ozoneimpl.OzoneContainer (OzoneContainer.java:stop(231)) - Attempting to stop container services.
2019-09-27 09:58:59,098 [main] INFO  impl.RaftServerProxy (RaftServerProxy.java:lambda$close$4(314)) - 98e467fb-2178-4bcc-aa88-91a9cb1be043: close
2019-09-27 09:58:59,099 [main] INFO  impl.RaftServerImpl (RaftServerImpl.java:lambda$shutdown$3(251)) - 98e467fb-2178-4bcc-aa88-91a9cb1be043@group-5AD9D28F22EF: shutdown
2019-09-27 09:58:59,099 [main] INFO  util.JmxRegister (JmxRegister.java:unregister(73)) - Successfully un-registered JMX Bean with object name Ratis:service=RaftServer,group=group-5AD9D28F22EF,id=98e467fb-2178-4bcc-aa88-91a9cb1be043
2019-09-27 09:58:59,100 [main] INFO  impl.RoleInfo (RoleInfo.java:shutdownLeaderState(104)) - 98e467fb-2178-4bcc-aa88-91a9cb1be043: shutdown LeaderState
2019-09-27 09:58:59,100 [main] INFO  impl.PendingRequests (PendingRequests.java:sendNotLeaderResponses(202)) - 98e467fb-2178-4bcc-aa88-91a9cb1be043-PendingRequests: sendNotLeaderResponses
2019-09-27 09:58:59,101 [main] INFO  impl.StateMachineUpdater (StateMachineUpdater.java:stopAndJoin(125)) - 98e467fb-2178-4bcc-aa88-91a9cb1be043@group-5AD9D28F22EF-StateMachineUpdater: set stopIndex = 0
2019-09-27 09:58:59,104 [main] INFO  impl.RaftServerImpl (ServerState.java:close(385)) - 98e467fb-2178-4bcc-aa88-91a9cb1be043@group-5AD9D28F22EF: closes. applyIndex: 0
2019-09-27 09:58:59,105 [98e467fb-2178-4bcc-aa88-91a9cb1be043@group-5AD9D28F22EF-SegmentedRaftLogWorker] INFO  segmented.SegmentedRaftLogWorker (SegmentedRaftLogWorker.java:run(313)) - 98e467fb-2178-4bcc-aa88-91a9cb1be043@group-5AD9D28F22EF-SegmentedRaftLogWorker was interrupted, exiting. There are 0 tasks remaining in the queue.
2019-09-27 09:58:59,105 [main] INFO  segmented.SegmentedRaftLogWorker (SegmentedRaftLogWorker.java:close(228)) - 98e467fb-2178-4bcc-aa88-91a9cb1be043@group-5AD9D28F22EF-SegmentedRaftLogWorker close()
2019-09-27 09:58:59,107 [main] INFO  impl.RaftServerImpl (RaftServerImpl.java:lambda$shutdown$3(251)) - 98e467fb-2178-4bcc-aa88-91a9cb1be043@group-4C89F8E95440: shutdown
2019-09-27 09:58:59,108 [main] INFO  util.JmxRegister (JmxRegister.java:unregister(73)) - Successfully un-registered JMX Bean with object name Ratis:service=RaftServer,group=group-4C89F8E95440,id=98e467fb-2178-4bcc-aa88-91a9cb1be043
2019-09-27 09:58:59,108 [main] INFO  impl.RoleInfo (RoleInfo.java:shutdownLeaderState(104)) - 98e467fb-2178-4bcc-aa88-91a9cb1be043: shutdown LeaderState
2019-09-27 09:58:59,108 [ForkJoinPool.commonPool-worker-0] INFO  ozoneimpl.OzoneContainer (OzoneContainer.java:stop(231)) - Attempting to stop container services.
2019-09-27 09:58:59,113 [org.apache.ratis.server.impl.LogAppender$AppenderDaemon$$Lambda$409/260524791@17b59c21] WARN  server.GrpcLogAppender (GrpcLogAppender.java:mayWait(143)) - 98e467fb-2178-4bcc-aa88-91a9cb1be043@group-4C89F8E95440->104d06c1-b6f4-46fe-abab-80b9f3463d81-GrpcLogAppender: Wait interrupted by java.lang.InterruptedException
2019-09-27 09:58:59,113 [org.apache.ratis.server.impl.LogAppender$AppenderDaemon$$Lambda$409/260524791@28a2080f] WARN  server.GrpcLogAppender (GrpcLogAppender.java:mayWait(143)) - 98e467fb-2178-4bcc-aa88-91a9cb1be043@group-4C89F8E95440->5911da34-ca57-408c-8816-1c7f5f86ee30-GrpcLogAppender: Wait interrupted by java.lang.InterruptedException
2019-09-27 09:58:59,113 [main] INFO  impl.PendingRequests (PendingRequests.java:sendNotLeaderResponses(202)) - 98e467fb-2178-4bcc-aa88-91a9cb1be043-PendingRequests: sendNotLeaderResponses
2019-09-27 09:58:59,114 [ForkJoinPool.commonPool-worker-0] INFO  impl.RaftServerProxy (RaftServerProxy.java:lambda$close$4(314)) - 2c15b4bb-8004-40ae-ac45-1dc5514b42f4: close
2019-09-27 09:58:59,117 [main] INFO  impl.StateMachineUpdater (StateMachineUpdater.java:stopAndJoin(125)) - 98e467fb-2178-4bcc-aa88-91a9cb1be043@group-4C89F8E95440-StateMachineUpdater: set stopIndex = 2
2019-09-27 09:58:59,118 [main] INFO  impl.RaftServerImpl (ServerState.java:close(385)) - 98e467fb-2178-4bcc-aa88-91a9cb1be043@group-4C89F8E95440: closes. applyIndex: 2
2019-09-27 09:58:59,118 [ForkJoinPool.commonPool-worker-0] INFO  impl.RaftServerImpl (RaftServerImpl.java:lambda$shutdown$3(251)) - 2c15b4bb-8004-40ae-ac45-1dc5514b42f4@group-41245BAC151D: shutdown
2019-09-27 09:58:59,118 [grpc-default-executor-5] INFO  server.GrpcServerProtocolService (GrpcServerProtocolService.java:onCompleted(113)) - 5911da34-ca57-408c-8816-1c7f5f86ee30: Completed APPEND_ENTRIES, lastRequest: 98e467fb-2178-4bcc-aa88-91a9cb1be043->5911da34-ca57-408c-8816-1c7f5f86ee30#4-t2, previous=(t:2, i:2), leaderCommit=2, initializing? false, entries: <empty>
2019-09-27 09:58:59,119 [ForkJoinPool.commonPool-worker-0] INFO  util.JmxRegister (JmxRegister.java:unregister(73)) - Successfully un-registered JMX Bean with object name Ratis:service=RaftServer,group=group-41245BAC151D,id=2c15b4bb-8004-40ae-ac45-1dc5514b42f4
2019-09-27 09:58:59,119 [98e467fb-2178-4bcc-aa88-91a9cb1be043@group-4C89F8E95440-SegmentedRaftLogWorker] INFO  segmented.SegmentedRaftLogWorker (SegmentedRaftLogWorker.java:run(313)) - 98e467fb-2178-4bcc-aa88-91a9cb1be043@group-4C89F8E95440-SegmentedRaftLogWorker was interrupted, exiting. There are 0 tasks remaining in the queue.
2019-09-27 09:58:59,119 [ForkJoinPool.commonPool-worker-0] INFO  impl.RoleInfo (RoleInfo.java:shutdownFollowerState(121)) - 2c15b4bb-8004-40ae-ac45-1dc5514b42f4: shutdown FollowerState
2019-09-27 09:58:59,121 [main] INFO  segmented.SegmentedRaftLogWorker (SegmentedRaftLogWorker.java:close(228)) - 98e467fb-2178-4bcc-aa88-91a9cb1be043@group-4C89F8E95440-SegmentedRaftLogWorker close()
2019-09-27 09:58:59,122 [grpc-default-executor-5] INFO  server.GrpcLogAppender (GrpcLogAppender.java:onCompleted(293)) - 98e467fb-2178-4bcc-aa88-91a9cb1be043@group-4C89F8E95440->5911da34-ca57-408c-8816-1c7f5f86ee30-AppendLogResponseHandler: follower responses appendEntries COMPLETED
2019-09-27 09:58:59,122 [Thread-729] INFO  impl.FollowerState (FollowerState.java:run(115)) - 2c15b4bb-8004-40ae-ac45-1dc5514b42f4: FollowerState was interrupted: java.lang.InterruptedException: sleep interrupted
2019-09-27 09:58:59,121 [ForkJoinPool.commonPool-worker-0] INFO  impl.StateMachineUpdater (StateMachineUpdater.java:stopAndJoin(125)) - 2c15b4bb-8004-40ae-ac45-1dc5514b42f4@group-41245BAC151D-StateMachineUpdater: set stopIndex = 0
2019-09-27 09:58:59,128 [ForkJoinPool.commonPool-worker-0] INFO  impl.RaftServerImpl (ServerState.java:close(385)) - 2c15b4bb-8004-40ae-ac45-1dc5514b42f4@group-41245BAC151D: closes. applyIndex: 0
2019-09-27 09:58:59,127 [grpc-default-executor-5] INFO  impl.FollowerInfo (FollowerInfo.java:lambda$new$0(51)) - 98e467fb-2178-4bcc-aa88-91a9cb1be043@group-4C89F8E95440->5911da34-ca57-408c-8816-1c7f5f86ee30: nextIndex: updateUnconditionally 3 -> 2
2019-09-27 09:58:59,124 [main] INFO  server.GrpcService (GrpcService.java:closeImpl(164)) - 98e467fb-2178-4bcc-aa88-91a9cb1be043: shutdown server with port 41309 now
2019-09-27 09:58:59,128 [2c15b4bb-8004-40ae-ac45-1dc5514b42f4@group-41245BAC151D-SegmentedRaftLogWorker] INFO  segmented.SegmentedRaftLogWorker (SegmentedRaftLogWorker.java:run(313)) - 2c15b4bb-8004-40ae-ac45-1dc5514b42f4@group-41245BAC151D-SegmentedRaftLogWorker was interrupted, exiting. There are 0 tasks remaining in the queue.
2019-09-27 09:58:59,129 [ForkJoinPool.commonPool-worker-0] INFO  segmented.SegmentedRaftLogWorker (SegmentedRaftLogWorker.java:close(228)) - 2c15b4bb-8004-40ae-ac45-1dc5514b42f4@group-41245BAC151D-SegmentedRaftLogWorker close()
2019-09-27 09:58:59,131 [main] INFO  server.GrpcService (GrpcService.java:closeImpl(172)) - 98e467fb-2178-4bcc-aa88-91a9cb1be043: shutdown server with port 41309 successfully
2019-09-27 09:58:59,131 [ForkJoinPool.commonPool-worker-0] INFO  impl.RaftServerImpl (RaftServerImpl.java:lambda$shutdown$3(251)) - 2c15b4bb-8004-40ae-ac45-1dc5514b42f4@group-4D3115411AEA: shutdown
2019-09-27 09:58:59,133 [ForkJoinPool.commonPool-worker-0] INFO  util.JmxRegister (JmxRegister.java:unregister(73)) - Successfully un-registered JMX Bean with object name Ratis:service=RaftServer,group=group-4D3115411AEA,id=2c15b4bb-8004-40ae-ac45-1dc5514b42f4
2019-09-27 09:58:59,133 [ForkJoinPool.commonPool-worker-0] INFO  impl.RoleInfo (RoleInfo.java:shutdownLeaderState(104)) - 2c15b4bb-8004-40ae-ac45-1dc5514b42f4: shutdown LeaderState
2019-09-27 09:58:59,133 [refreshUsed-/workdir/hadoop-ozone/integration-test/target/test-dir/MiniOzoneClusterImpl-8eeacee4-f2ea-46c6-9d4b-1ae1fb96175b/datanode-9/data/containers] WARN  fs.CachingGetSpaceUsed (CachingGetSpaceUsed.java:run(183)) - Thread Interrupted waiting to refresh disk information: sleep interrupted
2019-09-27 09:58:59,133 [ForkJoinPool.commonPool-worker-0] INFO  impl.PendingRequests (PendingRequests.java:sendNotLeaderResponses(202)) - 2c15b4bb-8004-40ae-ac45-1dc5514b42f4-PendingRequests: sendNotLeaderResponses
2019-09-27 09:58:59,134 [ForkJoinPool.commonPool-worker-0] INFO  impl.StateMachineUpdater (StateMachineUpdater.java:stopAndJoin(125)) - 2c15b4bb-8004-40ae-ac45-1dc5514b42f4@group-4D3115411AEA-StateMachineUpdater: set stopIndex = 0
2019-09-27 09:58:59,134 [ForkJoinPool.commonPool-worker-0] INFO  impl.RaftServerImpl (ServerState.java:close(385)) - 2c15b4bb-8004-40ae-ac45-1dc5514b42f4@group-4D3115411AEA: closes. applyIndex: 0
2019-09-27 09:58:59,135 [2c15b4bb-8004-40ae-ac45-1dc5514b42f4@group-4D3115411AEA-SegmentedRaftLogWorker] INFO  segmented.SegmentedRaftLogWorker (SegmentedRaftLogWorker.java:run(313)) - 2c15b4bb-8004-40ae-ac45-1dc5514b42f4@group-4D3115411AEA-SegmentedRaftLogWorker was interrupted, exiting. There are 0 tasks remaining in the queue.
2019-09-27 09:58:59,135 [ForkJoinPool.commonPool-worker-0] INFO  segmented.SegmentedRaftLogWorker (SegmentedRaftLogWorker.java:close(228)) - 2c15b4bb-8004-40ae-ac45-1dc5514b42f4@group-4D3115411AEA-SegmentedRaftLogWorker close()
2019-09-27 09:58:59,245 [ForkJoinPool.commonPool-worker-0] INFO  server.GrpcService (GrpcService.java:closeImpl(164)) - 2c15b4bb-8004-40ae-ac45-1dc5514b42f4: shutdown server with port 40265 now
2019-09-27 09:58:59,270 [ForkJoinPool.commonPool-worker-0] INFO  server.GrpcService (GrpcService.java:closeImpl(172)) - 2c15b4bb-8004-40ae-ac45-1dc5514b42f4: shutdown server with port 40265 successfully
2019-09-27 09:58:59,274 [refreshUsed-/workdir/hadoop-ozone/integration-test/target/test-dir/MiniOzoneClusterImpl-8eeacee4-f2ea-46c6-9d4b-1ae1fb96175b/datanode-0/data/containers] WARN  fs.CachingGetSpaceUsed (CachingGetSpaceUsed.java:run(183)) - Thread Interrupted waiting to refresh disk information: sleep interrupted
2019-09-27 09:58:59,286 [main] INFO  utils.BackgroundService (BackgroundService.java:shutdown(148)) - Shutting down service BlockDeletingService
2019-09-27 09:58:59,292 [main] INFO  statemachine.DatanodeStateMachine (DatanodeStateMachine.java:stopDaemon(395)) - Ozone container server stopped.
2019-09-27 09:58:59,293 [main] INFO  handler.ContextHandler (ContextHandler.java:doStop(910)) - Stopped o.e.j.w.WebAppContext@306f6f1d{/,null,UNAVAILABLE}{/hddsDatanode}
2019-09-27 09:58:59,294 [main] INFO  server.AbstractConnector (AbstractConnector.java:doStop(318)) - Stopped ServerConnector@7d7cac8{HTTP/1.1,[http/1.1]}{0.0.0.0:0}
2019-09-27 09:58:59,294 [main] INFO  handler.ContextHandler (ContextHandler.java:doStop(910)) - Stopped o.e.j.s.ServletContextHandler@22a10ac6{/static,jar:file:/home/user/.m2/repository/org/apache/hadoop/hadoop-hdds-container-service/0.5.0-SNAPSHOT/hadoop-hdds-container-service-0.5.0-SNAPSHOT.jar!/webapps/static,UNAVAILABLE}
2019-09-27 09:58:59,295 [main] INFO  handler.ContextHandler (ContextHandler.java:doStop(910)) - Stopped o.e.j.s.ServletContextHandler@7f37b6d9{/logs,file:///workdir/hadoop-ozone/integration-test/target/log,UNAVAILABLE}
2019-09-27 09:58:59,298 [ForkJoinPool.commonPool-worker-0] INFO  utils.BackgroundService (BackgroundService.java:shutdown(148)) - Shutting down service BlockDeletingService
2019-09-27 09:58:59,301 [ForkJoinPool.commonPool-worker-0] INFO  statemachine.DatanodeStateMachine (DatanodeStateMachine.java:stopDaemon(395)) - Ozone container server stopped.
2019-09-27 09:58:59,304 [ForkJoinPool.commonPool-worker-0] INFO  handler.ContextHandler (ContextHandler.java:doStop(910)) - Stopped o.e.j.w.WebAppContext@56dfab87{/,null,UNAVAILABLE}{/hddsDatanode}
2019-09-27 09:58:59,305 [ForkJoinPool.commonPool-worker-0] INFO  server.AbstractConnector (AbstractConnector.java:doStop(318)) - Stopped ServerConnector@715b886f{HTTP/1.1,[http/1.1]}{0.0.0.0:0}
2019-09-27 09:58:59,306 [ForkJoinPool.commonPool-worker-0] INFO  handler.ContextHandler (ContextHandler.java:doStop(910)) - Stopped o.e.j.s.ServletContextHandler@72f9f27c{/static,jar:file:/home/user/.m2/repository/org/apache/hadoop/hadoop-hdds-container-service/0.5.0-SNAPSHOT/hadoop-hdds-container-service-0.5.0-SNAPSHOT.jar!/webapps/static,UNAVAILABLE}
2019-09-27 09:58:59,307 [ForkJoinPool.commonPool-worker-0] INFO  handler.ContextHandler (ContextHandler.java:doStop(910)) - Stopped o.e.j.s.ServletContextHandler@43af351a{/logs,file:///workdir/hadoop-ozone/integration-test/target/log,UNAVAILABLE}
2019-09-27 09:58:59,356 [Datanode State Machine Thread - 0] INFO  statemachine.DatanodeStateMachine (DatanodeStateMachine.java:lambda$startDaemon$0(350)) - Ozone container server started.
2019-09-27 09:59:00,056 [Datanode State Machine Thread - 0] INFO  statemachine.DatanodeStateMachine (DatanodeStateMachine.java:lambda$startDaemon$0(350)) - Ozone container server started.
2019-09-27 09:59:02,287 [Thread-733] INFO  impl.FollowerState (FollowerState.java:run(106)) - 314e6693-f7ac-41e1-8044-5e96ad768d09:group-B6E36139D1C6 changes to CANDIDATE, lastRpcTime:5075, electionTimeout:5073ms
2019-09-27 09:59:02,287 [Thread-733] INFO  impl.RoleInfo (RoleInfo.java:shutdownFollowerState(121)) - 314e6693-f7ac-41e1-8044-5e96ad768d09: shutdown FollowerState
2019-09-27 09:59:02,288 [Thread-733] INFO  impl.RaftServerImpl (RaftServerImpl.java:setRole(174)) - 314e6693-f7ac-41e1-8044-5e96ad768d09@group-B6E36139D1C6: changes role from  FOLLOWER to CANDIDATE at term 3 for changeToCandidate
2019-09-27 09:59:02,288 [Thread-733] INFO  impl.RoleInfo (RoleInfo.java:updateAndGet(143)) - 314e6693-f7ac-41e1-8044-5e96ad768d09: start LeaderElection
2019-09-27 09:59:02,306 [314e6693-f7ac-41e1-8044-5e96ad768d09@group-B6E36139D1C6:LeaderElection23] INFO  impl.LeaderElection (LeaderElection.java:askForVotes(182)) - 314e6693-f7ac-41e1-8044-5e96ad768d09@group-B6E36139D1C6:LeaderElection23: begin an election at term 4 for 0: [a5178916-7f43-4d44-a33e-8aed6c9e8814:192.168.151.103:34011, ebd02079-cc9f-48d7-8c8e-ec4136f19434:192.168.151.103:42859, 314e6693-f7ac-41e1-8044-5e96ad768d09:192.168.151.103:33493], old=null
2019-09-27 09:59:02,308 [314e6693-f7ac-41e1-8044-5e96ad768d09@group-B6E36139D1C6:LeaderElection23] INFO  impl.LeaderElection (LogUtils.java:infoOrTrace(149)) - 314e6693-f7ac-41e1-8044-5e96ad768d09@group-B6E36139D1C6:LeaderElection23 got exception when requesting votes: {}
java.util.concurrent.ExecutionException: org.apache.ratis.thirdparty.io.grpc.StatusRuntimeException: UNAVAILABLE: io exception
	at java.util.concurrent.FutureTask.report(FutureTask.java:122)
	at java.util.concurrent.FutureTask.get(FutureTask.java:192)
	at org.apache.ratis.server.impl.LeaderElection.waitForResults(LeaderElection.java:263)
	at org.apache.ratis.server.impl.LeaderElection.askForVotes(LeaderElection.java:201)
	at org.apache.ratis.server.impl.LeaderElection.run(LeaderElection.java:133)
	at java.lang.Thread.run(Thread.java:748)
Caused by: org.apache.ratis.thirdparty.io.grpc.StatusRuntimeException: UNAVAILABLE: io exception
	at org.apache.ratis.thirdparty.io.grpc.stub.ClientCalls.toStatusRuntimeException(ClientCalls.java:233)
	at org.apache.ratis.thirdparty.io.grpc.stub.ClientCalls.getUnchecked(ClientCalls.java:214)
	at org.apache.ratis.thirdparty.io.grpc.stub.ClientCalls.blockingUnaryCall(ClientCalls.java:139)
	at org.apache.ratis.proto.grpc.RaftServerProtocolServiceGrpc$RaftServerProtocolServiceBlockingStub.requestVote(RaftServerProtocolServiceGrpc.java:265)
	at org.apache.ratis.grpc.server.GrpcServerProtocolClient.requestVote(GrpcServerProtocolClient.java:90)
	at org.apache.ratis.grpc.server.GrpcService.requestVote(GrpcService.java:204)
	at org.apache.ratis.server.impl.LeaderElection.lambda$submitRequests$1(LeaderElection.java:238)
	at java.util.concurrent.FutureTask.run(FutureTask.java:266)
	at java.util.concurrent.Executors$RunnableAdapter.call(Executors.java:511)
	at java.util.concurrent.FutureTask.run(FutureTask.java:266)
	at java.util.concurrent.ThreadPoolExecutor.runWorker(ThreadPoolExecutor.java:1149)
	at java.util.concurrent.ThreadPoolExecutor$Worker.run(ThreadPoolExecutor.java:624)
	... 1 more
Caused by: org.apache.ratis.thirdparty.io.netty.channel.AbstractChannel$AnnotatedConnectException: Connection refused: /192.168.151.103:34011
	at sun.nio.ch.SocketChannelImpl.checkConnect(Native Method)
	at sun.nio.ch.SocketChannelImpl.finishConnect(SocketChannelImpl.java:717)
	at org.apache.ratis.thirdparty.io.netty.channel.socket.nio.NioSocketChannel.doFinishConnect(NioSocketChannel.java:327)
	at org.apache.ratis.thirdparty.io.netty.channel.nio.AbstractNioChannel$AbstractNioUnsafe.finishConnect(AbstractNioChannel.java:340)
	at org.apache.ratis.thirdparty.io.netty.channel.nio.NioEventLoop.processSelectedKey(NioEventLoop.java:632)
	at org.apache.ratis.thirdparty.io.netty.channel.nio.NioEventLoop.processSelectedKeysOptimized(NioEventLoop.java:579)
	at org.apache.ratis.thirdparty.io.netty.channel.nio.NioEventLoop.processSelectedKeys(NioEventLoop.java:496)
	at org.apache.ratis.thirdparty.io.netty.channel.nio.NioEventLoop.run(NioEventLoop.java:458)
	at org.apache.ratis.thirdparty.io.netty.util.concurrent.SingleThreadEventExecutor$5.run(SingleThreadEventExecutor.java:897)
	at org.apache.ratis.thirdparty.io.netty.util.concurrent.FastThreadLocalRunnable.run(FastThreadLocalRunnable.java:30)
	... 1 more
Caused by: java.net.ConnectException: Connection refused
	... 11 more
2019-09-27 09:59:02,310 [314e6693-f7ac-41e1-8044-5e96ad768d09@group-B6E36139D1C6:LeaderElection23] INFO  impl.LeaderElection (LogUtils.java:infoOrTrace(149)) - 314e6693-f7ac-41e1-8044-5e96ad768d09@group-B6E36139D1C6:LeaderElection23 got exception when requesting votes: {}
java.util.concurrent.ExecutionException: org.apache.ratis.thirdparty.io.grpc.StatusRuntimeException: UNAVAILABLE: io exception
	at java.util.concurrent.FutureTask.report(FutureTask.java:122)
	at java.util.concurrent.FutureTask.get(FutureTask.java:192)
	at org.apache.ratis.server.impl.LeaderElection.waitForResults(LeaderElection.java:263)
	at org.apache.ratis.server.impl.LeaderElection.askForVotes(LeaderElection.java:201)
	at org.apache.ratis.server.impl.LeaderElection.run(LeaderElection.java:133)
	at java.lang.Thread.run(Thread.java:748)
Caused by: org.apache.ratis.thirdparty.io.grpc.StatusRuntimeException: UNAVAILABLE: io exception
	at org.apache.ratis.thirdparty.io.grpc.stub.ClientCalls.toStatusRuntimeException(ClientCalls.java:233)
	at org.apache.ratis.thirdparty.io.grpc.stub.ClientCalls.getUnchecked(ClientCalls.java:214)
	at org.apache.ratis.thirdparty.io.grpc.stub.ClientCalls.blockingUnaryCall(ClientCalls.java:139)
	at org.apache.ratis.proto.grpc.RaftServerProtocolServiceGrpc$RaftServerProtocolServiceBlockingStub.requestVote(RaftServerProtocolServiceGrpc.java:265)
	at org.apache.ratis.grpc.server.GrpcServerProtocolClient.requestVote(GrpcServerProtocolClient.java:90)
	at org.apache.ratis.grpc.server.GrpcService.requestVote(GrpcService.java:204)
	at org.apache.ratis.server.impl.LeaderElection.lambda$submitRequests$1(LeaderElection.java:238)
	at java.util.concurrent.FutureTask.run(FutureTask.java:266)
	at java.util.concurrent.Executors$RunnableAdapter.call(Executors.java:511)
	at java.util.concurrent.FutureTask.run(FutureTask.java:266)
	at java.util.concurrent.ThreadPoolExecutor.runWorker(ThreadPoolExecutor.java:1149)
	at java.util.concurrent.ThreadPoolExecutor$Worker.run(ThreadPoolExecutor.java:624)
	... 1 more
Caused by: org.apache.ratis.thirdparty.io.netty.channel.AbstractChannel$AnnotatedConnectException: Connection refused: /192.168.151.103:42859
	at sun.nio.ch.SocketChannelImpl.checkConnect(Native Method)
	at sun.nio.ch.SocketChannelImpl.finishConnect(SocketChannelImpl.java:717)
	at org.apache.ratis.thirdparty.io.netty.channel.socket.nio.NioSocketChannel.doFinishConnect(NioSocketChannel.java:327)
	at org.apache.ratis.thirdparty.io.netty.channel.nio.AbstractNioChannel$AbstractNioUnsafe.finishConnect(AbstractNioChannel.java:340)
	at org.apache.ratis.thirdparty.io.netty.channel.nio.NioEventLoop.processSelectedKey(NioEventLoop.java:632)
	at org.apache.ratis.thirdparty.io.netty.channel.nio.NioEventLoop.processSelectedKeysOptimized(NioEventLoop.java:579)
	at org.apache.ratis.thirdparty.io.netty.channel.nio.NioEventLoop.processSelectedKeys(NioEventLoop.java:496)
	at org.apache.ratis.thirdparty.io.netty.channel.nio.NioEventLoop.run(NioEventLoop.java:458)
	at org.apache.ratis.thirdparty.io.netty.util.concurrent.SingleThreadEventExecutor$5.run(SingleThreadEventExecutor.java:897)
	at org.apache.ratis.thirdparty.io.netty.util.concurrent.FastThreadLocalRunnable.run(FastThreadLocalRunnable.java:30)
	... 1 more
Caused by: java.net.ConnectException: Connection refused
	... 11 more
2019-09-27 09:59:02,312 [314e6693-f7ac-41e1-8044-5e96ad768d09@group-B6E36139D1C6:LeaderElection23] INFO  impl.LeaderElection (LeaderElection.java:logAndReturn(56)) - 314e6693-f7ac-41e1-8044-5e96ad768d09@group-B6E36139D1C6:LeaderElection23: Election REJECTED; received 0 response(s) [] and 2 exception(s); 314e6693-f7ac-41e1-8044-5e96ad768d09@group-B6E36139D1C6:t4, leader=null, voted=314e6693-f7ac-41e1-8044-5e96ad768d09, raftlog=314e6693-f7ac-41e1-8044-5e96ad768d09@group-B6E36139D1C6-SegmentedRaftLog:OPENED:c0,f0,i0, conf=0: [a5178916-7f43-4d44-a33e-8aed6c9e8814:192.168.151.103:34011, ebd02079-cc9f-48d7-8c8e-ec4136f19434:192.168.151.103:42859, 314e6693-f7ac-41e1-8044-5e96ad768d09:192.168.151.103:33493], old=null
2019-09-27 09:59:02,313 [314e6693-f7ac-41e1-8044-5e96ad768d09@group-B6E36139D1C6:LeaderElection23] INFO  impl.LeaderElection (LogUtils.java:infoOrTrace(149)) -   Exception 0: {}
java.util.concurrent.ExecutionException: org.apache.ratis.thirdparty.io.grpc.StatusRuntimeException: UNAVAILABLE: io exception
	at java.util.concurrent.FutureTask.report(FutureTask.java:122)
	at java.util.concurrent.FutureTask.get(FutureTask.java:192)
	at org.apache.ratis.server.impl.LeaderElection.waitForResults(LeaderElection.java:263)
	at org.apache.ratis.server.impl.LeaderElection.askForVotes(LeaderElection.java:201)
	at org.apache.ratis.server.impl.LeaderElection.run(LeaderElection.java:133)
	at java.lang.Thread.run(Thread.java:748)
Caused by: org.apache.ratis.thirdparty.io.grpc.StatusRuntimeException: UNAVAILABLE: io exception
	at org.apache.ratis.thirdparty.io.grpc.stub.ClientCalls.toStatusRuntimeException(ClientCalls.java:233)
	at org.apache.ratis.thirdparty.io.grpc.stub.ClientCalls.getUnchecked(ClientCalls.java:214)
	at org.apache.ratis.thirdparty.io.grpc.stub.ClientCalls.blockingUnaryCall(ClientCalls.java:139)
	at org.apache.ratis.proto.grpc.RaftServerProtocolServiceGrpc$RaftServerProtocolServiceBlockingStub.requestVote(RaftServerProtocolServiceGrpc.java:265)
	at org.apache.ratis.grpc.server.GrpcServerProtocolClient.requestVote(GrpcServerProtocolClient.java:90)
	at org.apache.ratis.grpc.server.GrpcService.requestVote(GrpcService.java:204)
	at org.apache.ratis.server.impl.LeaderElection.lambda$submitRequests$1(LeaderElection.java:238)
	at java.util.concurrent.FutureTask.run(FutureTask.java:266)
	at java.util.concurrent.Executors$RunnableAdapter.call(Executors.java:511)
	at java.util.concurrent.FutureTask.run(FutureTask.java:266)
	at java.util.concurrent.ThreadPoolExecutor.runWorker(ThreadPoolExecutor.java:1149)
	at java.util.concurrent.ThreadPoolExecutor$Worker.run(ThreadPoolExecutor.java:624)
	... 1 more
Caused by: org.apache.ratis.thirdparty.io.netty.channel.AbstractChannel$AnnotatedConnectException: Connection refused: /192.168.151.103:34011
	at sun.nio.ch.SocketChannelImpl.checkConnect(Native Method)
	at sun.nio.ch.SocketChannelImpl.finishConnect(SocketChannelImpl.java:717)
	at org.apache.ratis.thirdparty.io.netty.channel.socket.nio.NioSocketChannel.doFinishConnect(NioSocketChannel.java:327)
	at org.apache.ratis.thirdparty.io.netty.channel.nio.AbstractNioChannel$AbstractNioUnsafe.finishConnect(AbstractNioChannel.java:340)
	at org.apache.ratis.thirdparty.io.netty.channel.nio.NioEventLoop.processSelectedKey(NioEventLoop.java:632)
	at org.apache.ratis.thirdparty.io.netty.channel.nio.NioEventLoop.processSelectedKeysOptimized(NioEventLoop.java:579)
	at org.apache.ratis.thirdparty.io.netty.channel.nio.NioEventLoop.processSelectedKeys(NioEventLoop.java:496)
	at org.apache.ratis.thirdparty.io.netty.channel.nio.NioEventLoop.run(NioEventLoop.java:458)
	at org.apache.ratis.thirdparty.io.netty.util.concurrent.SingleThreadEventExecutor$5.run(SingleThreadEventExecutor.java:897)
	at org.apache.ratis.thirdparty.io.netty.util.concurrent.FastThreadLocalRunnable.run(FastThreadLocalRunnable.java:30)
	... 1 more
Caused by: java.net.ConnectException: Connection refused
	... 11 more
2019-09-27 09:59:02,313 [314e6693-f7ac-41e1-8044-5e96ad768d09@group-B6E36139D1C6:LeaderElection23] INFO  impl.LeaderElection (LogUtils.java:infoOrTrace(149)) -   Exception 1: {}
java.util.concurrent.ExecutionException: org.apache.ratis.thirdparty.io.grpc.StatusRuntimeException: UNAVAILABLE: io exception
	at java.util.concurrent.FutureTask.report(FutureTask.java:122)
	at java.util.concurrent.FutureTask.get(FutureTask.java:192)
	at org.apache.ratis.server.impl.LeaderElection.waitForResults(LeaderElection.java:263)
	at org.apache.ratis.server.impl.LeaderElection.askForVotes(LeaderElection.java:201)
	at org.apache.ratis.server.impl.LeaderElection.run(LeaderElection.java:133)
	at java.lang.Thread.run(Thread.java:748)
Caused by: org.apache.ratis.thirdparty.io.grpc.StatusRuntimeException: UNAVAILABLE: io exception
	at org.apache.ratis.thirdparty.io.grpc.stub.ClientCalls.toStatusRuntimeException(ClientCalls.java:233)
	at org.apache.ratis.thirdparty.io.grpc.stub.ClientCalls.getUnchecked(ClientCalls.java:214)
	at org.apache.ratis.thirdparty.io.grpc.stub.ClientCalls.blockingUnaryCall(ClientCalls.java:139)
	at org.apache.ratis.proto.grpc.RaftServerProtocolServiceGrpc$RaftServerProtocolServiceBlockingStub.requestVote(RaftServerProtocolServiceGrpc.java:265)
	at org.apache.ratis.grpc.server.GrpcServerProtocolClient.requestVote(GrpcServerProtocolClient.java:90)
	at org.apache.ratis.grpc.server.GrpcService.requestVote(GrpcService.java:204)
	at org.apache.ratis.server.impl.LeaderElection.lambda$submitRequests$1(LeaderElection.java:238)
	at java.util.concurrent.FutureTask.run(FutureTask.java:266)
	at java.util.concurrent.Executors$RunnableAdapter.call(Executors.java:511)
	at java.util.concurrent.FutureTask.run(FutureTask.java:266)
	at java.util.concurrent.ThreadPoolExecutor.runWorker(ThreadPoolExecutor.java:1149)
	at java.util.concurrent.ThreadPoolExecutor$Worker.run(ThreadPoolExecutor.java:624)
	... 1 more
Caused by: org.apache.ratis.thirdparty.io.netty.channel.AbstractChannel$AnnotatedConnectException: Connection refused: /192.168.151.103:42859
	at sun.nio.ch.SocketChannelImpl.checkConnect(Native Method)
	at sun.nio.ch.SocketChannelImpl.finishConnect(SocketChannelImpl.java:717)
	at org.apache.ratis.thirdparty.io.netty.channel.socket.nio.NioSocketChannel.doFinishConnect(NioSocketChannel.java:327)
	at org.apache.ratis.thirdparty.io.netty.channel.nio.AbstractNioChannel$AbstractNioUnsafe.finishConnect(AbstractNioChannel.java:340)
	at org.apache.ratis.thirdparty.io.netty.channel.nio.NioEventLoop.processSelectedKey(NioEventLoop.java:632)
	at org.apache.ratis.thirdparty.io.netty.channel.nio.NioEventLoop.processSelectedKeysOptimized(NioEventLoop.java:579)
	at org.apache.ratis.thirdparty.io.netty.channel.nio.NioEventLoop.processSelectedKeys(NioEventLoop.java:496)
	at org.apache.ratis.thirdparty.io.netty.channel.nio.NioEventLoop.run(NioEventLoop.java:458)
	at org.apache.ratis.thirdparty.io.netty.util.concurrent.SingleThreadEventExecutor$5.run(SingleThreadEventExecutor.java:897)
	at org.apache.ratis.thirdparty.io.netty.util.concurrent.FastThreadLocalRunnable.run(FastThreadLocalRunnable.java:30)
	... 1 more
Caused by: java.net.ConnectException: Connection refused
	... 11 more
2019-09-27 09:59:02,314 [314e6693-f7ac-41e1-8044-5e96ad768d09@group-B6E36139D1C6:LeaderElection23] INFO  impl.RaftServerImpl (RaftServerImpl.java:setRole(174)) - 314e6693-f7ac-41e1-8044-5e96ad768d09@group-B6E36139D1C6: changes role from CANDIDATE to FOLLOWER at term 4 for DISCOVERED_A_NEW_TERM
2019-09-27 09:59:02,315 [314e6693-f7ac-41e1-8044-5e96ad768d09@group-B6E36139D1C6:LeaderElection23] INFO  impl.RoleInfo (RoleInfo.java:shutdownLeaderElection(134)) - 314e6693-f7ac-41e1-8044-5e96ad768d09: shutdown LeaderElection
2019-09-27 09:59:02,315 [314e6693-f7ac-41e1-8044-5e96ad768d09@group-B6E36139D1C6:LeaderElection23] INFO  impl.RoleInfo (RoleInfo.java:updateAndGet(143)) - 314e6693-f7ac-41e1-8044-5e96ad768d09: start FollowerState
2019-09-27 09:59:02,602 [Thread-716] INFO  impl.FollowerState (FollowerState.java:run(106)) - 5911da34-ca57-408c-8816-1c7f5f86ee30:group-4C89F8E95440 changes to CANDIDATE, lastRpcTime:5157, electionTimeout:5138ms
2019-09-27 09:59:02,604 [Thread-716] INFO  impl.RoleInfo (RoleInfo.java:shutdownFollowerState(121)) - 5911da34-ca57-408c-8816-1c7f5f86ee30: shutdown FollowerState
2019-09-27 09:59:02,604 [Thread-716] INFO  impl.RaftServerImpl (RaftServerImpl.java:setRole(174)) - 5911da34-ca57-408c-8816-1c7f5f86ee30@group-4C89F8E95440: changes role from  FOLLOWER to CANDIDATE at term 2 for changeToCandidate
2019-09-27 09:59:02,605 [Thread-716] INFO  impl.RoleInfo (RoleInfo.java:updateAndGet(143)) - 5911da34-ca57-408c-8816-1c7f5f86ee30: start LeaderElection
2019-09-27 09:59:02,607 [5911da34-ca57-408c-8816-1c7f5f86ee30@group-4C89F8E95440:LeaderElection24] INFO  impl.RaftServerImpl (ServerState.java:setLeader(253)) - 5911da34-ca57-408c-8816-1c7f5f86ee30@group-4C89F8E95440: change Leader from 98e467fb-2178-4bcc-aa88-91a9cb1be043 to null at term 2 for initElection
2019-09-27 09:59:02,621 [5911da34-ca57-408c-8816-1c7f5f86ee30@group-4C89F8E95440:LeaderElection24] INFO  impl.LeaderElection (LeaderElection.java:askForVotes(182)) - 5911da34-ca57-408c-8816-1c7f5f86ee30@group-4C89F8E95440:LeaderElection24: begin an election at term 3 for 1: [98e467fb-2178-4bcc-aa88-91a9cb1be043:192.168.151.103:41309, 104d06c1-b6f4-46fe-abab-80b9f3463d81:192.168.151.103:40714, 5911da34-ca57-408c-8816-1c7f5f86ee30:192.168.151.103:44957], old=null
2019-09-27 09:59:02,632 [5911da34-ca57-408c-8816-1c7f5f86ee30@group-4C89F8E95440:LeaderElection24] INFO  impl.LeaderElection (LogUtils.java:infoOrTrace(149)) - 5911da34-ca57-408c-8816-1c7f5f86ee30@group-4C89F8E95440:LeaderElection24 got exception when requesting votes: {}
java.util.concurrent.ExecutionException: org.apache.ratis.thirdparty.io.grpc.StatusRuntimeException: UNAVAILABLE: io exception
	at java.util.concurrent.FutureTask.report(FutureTask.java:122)
	at java.util.concurrent.FutureTask.get(FutureTask.java:192)
	at org.apache.ratis.server.impl.LeaderElection.waitForResults(LeaderElection.java:263)
	at org.apache.ratis.server.impl.LeaderElection.askForVotes(LeaderElection.java:201)
	at org.apache.ratis.server.impl.LeaderElection.run(LeaderElection.java:133)
	at java.lang.Thread.run(Thread.java:748)
Caused by: org.apache.ratis.thirdparty.io.grpc.StatusRuntimeException: UNAVAILABLE: io exception
	at org.apache.ratis.thirdparty.io.grpc.stub.ClientCalls.toStatusRuntimeException(ClientCalls.java:233)
	at org.apache.ratis.thirdparty.io.grpc.stub.ClientCalls.getUnchecked(ClientCalls.java:214)
	at org.apache.ratis.thirdparty.io.grpc.stub.ClientCalls.blockingUnaryCall(ClientCalls.java:139)
	at org.apache.ratis.proto.grpc.RaftServerProtocolServiceGrpc$RaftServerProtocolServiceBlockingStub.requestVote(RaftServerProtocolServiceGrpc.java:265)
	at org.apache.ratis.grpc.server.GrpcServerProtocolClient.requestVote(GrpcServerProtocolClient.java:90)
	at org.apache.ratis.grpc.server.GrpcService.requestVote(GrpcService.java:204)
	at org.apache.ratis.server.impl.LeaderElection.lambda$submitRequests$1(LeaderElection.java:238)
	at java.util.concurrent.FutureTask.run(FutureTask.java:266)
	at java.util.concurrent.Executors$RunnableAdapter.call(Executors.java:511)
	at java.util.concurrent.FutureTask.run(FutureTask.java:266)
	at java.util.concurrent.ThreadPoolExecutor.runWorker(ThreadPoolExecutor.java:1149)
	at java.util.concurrent.ThreadPoolExecutor$Worker.run(ThreadPoolExecutor.java:624)
	... 1 more
Caused by: org.apache.ratis.thirdparty.io.netty.channel.AbstractChannel$AnnotatedConnectException: Connection refused: /192.168.151.103:40714
	at sun.nio.ch.SocketChannelImpl.checkConnect(Native Method)
	at sun.nio.ch.SocketChannelImpl.finishConnect(SocketChannelImpl.java:717)
	at org.apache.ratis.thirdparty.io.netty.channel.socket.nio.NioSocketChannel.doFinishConnect(NioSocketChannel.java:327)
	at org.apache.ratis.thirdparty.io.netty.channel.nio.AbstractNioChannel$AbstractNioUnsafe.finishConnect(AbstractNioChannel.java:340)
	at org.apache.ratis.thirdparty.io.netty.channel.nio.NioEventLoop.processSelectedKey(NioEventLoop.java:632)
	at org.apache.ratis.thirdparty.io.netty.channel.nio.NioEventLoop.processSelectedKeysOptimized(NioEventLoop.java:579)
	at org.apache.ratis.thirdparty.io.netty.channel.nio.NioEventLoop.processSelectedKeys(NioEventLoop.java:496)
	at org.apache.ratis.thirdparty.io.netty.channel.nio.NioEventLoop.run(NioEventLoop.java:458)
	at org.apache.ratis.thirdparty.io.netty.util.concurrent.SingleThreadEventExecutor$5.run(SingleThreadEventExecutor.java:897)
	at org.apache.ratis.thirdparty.io.netty.util.concurrent.FastThreadLocalRunnable.run(FastThreadLocalRunnable.java:30)
	... 1 more
Caused by: java.net.ConnectException: Connection refused
	... 11 more
2019-09-27 09:59:02,634 [5911da34-ca57-408c-8816-1c7f5f86ee30@group-4C89F8E95440:LeaderElection24] INFO  impl.LeaderElection (LogUtils.java:infoOrTrace(149)) - 5911da34-ca57-408c-8816-1c7f5f86ee30@group-4C89F8E95440:LeaderElection24 got exception when requesting votes: {}
java.util.concurrent.ExecutionException: org.apache.ratis.thirdparty.io.grpc.StatusRuntimeException: UNAVAILABLE: io exception
	at java.util.concurrent.FutureTask.report(FutureTask.java:122)
	at java.util.concurrent.FutureTask.get(FutureTask.java:192)
	at org.apache.ratis.server.impl.LeaderElection.waitForResults(LeaderElection.java:263)
	at org.apache.ratis.server.impl.LeaderElection.askForVotes(LeaderElection.java:201)
	at org.apache.ratis.server.impl.LeaderElection.run(LeaderElection.java:133)
	at java.lang.Thread.run(Thread.java:748)
Caused by: org.apache.ratis.thirdparty.io.grpc.StatusRuntimeException: UNAVAILABLE: io exception
	at org.apache.ratis.thirdparty.io.grpc.stub.ClientCalls.toStatusRuntimeException(ClientCalls.java:233)
	at org.apache.ratis.thirdparty.io.grpc.stub.ClientCalls.getUnchecked(ClientCalls.java:214)
	at org.apache.ratis.thirdparty.io.grpc.stub.ClientCalls.blockingUnaryCall(ClientCalls.java:139)
	at org.apache.ratis.proto.grpc.RaftServerProtocolServiceGrpc$RaftServerProtocolServiceBlockingStub.requestVote(RaftServerProtocolServiceGrpc.java:265)
	at org.apache.ratis.grpc.server.GrpcServerProtocolClient.requestVote(GrpcServerProtocolClient.java:90)
	at org.apache.ratis.grpc.server.GrpcService.requestVote(GrpcService.java:204)
	at org.apache.ratis.server.impl.LeaderElection.lambda$submitRequests$1(LeaderElection.java:238)
	at java.util.concurrent.FutureTask.run(FutureTask.java:266)
	at java.util.concurrent.Executors$RunnableAdapter.call(Executors.java:511)
	at java.util.concurrent.FutureTask.run(FutureTask.java:266)
	at java.util.concurrent.ThreadPoolExecutor.runWorker(ThreadPoolExecutor.java:1149)
	at java.util.concurrent.ThreadPoolExecutor$Worker.run(ThreadPoolExecutor.java:624)
	... 1 more
Caused by: org.apache.ratis.thirdparty.io.netty.channel.AbstractChannel$AnnotatedConnectException: Connection refused: /192.168.151.103:41309
	at sun.nio.ch.SocketChannelImpl.checkConnect(Native Method)
	at sun.nio.ch.SocketChannelImpl.finishConnect(SocketChannelImpl.java:717)
	at org.apache.ratis.thirdparty.io.netty.channel.socket.nio.NioSocketChannel.doFinishConnect(NioSocketChannel.java:327)
	at org.apache.ratis.thirdparty.io.netty.channel.nio.AbstractNioChannel$AbstractNioUnsafe.finishConnect(AbstractNioChannel.java:340)
	at org.apache.ratis.thirdparty.io.netty.channel.nio.NioEventLoop.processSelectedKey(NioEventLoop.java:632)
	at org.apache.ratis.thirdparty.io.netty.channel.nio.NioEventLoop.processSelectedKeysOptimized(NioEventLoop.java:579)
	at org.apache.ratis.thirdparty.io.netty.channel.nio.NioEventLoop.processSelectedKeys(NioEventLoop.java:496)
	at org.apache.ratis.thirdparty.io.netty.channel.nio.NioEventLoop.run(NioEventLoop.java:458)
	at org.apache.ratis.thirdparty.io.netty.util.concurrent.SingleThreadEventExecutor$5.run(SingleThreadEventExecutor.java:897)
	at org.apache.ratis.thirdparty.io.netty.util.concurrent.FastThreadLocalRunnable.run(FastThreadLocalRunnable.java:30)
	... 1 more
Caused by: java.net.ConnectException: Connection refused
	... 11 more
2019-09-27 09:59:02,635 [5911da34-ca57-408c-8816-1c7f5f86ee30@group-4C89F8E95440:LeaderElection24] INFO  impl.LeaderElection (LeaderElection.java:logAndReturn(56)) - 5911da34-ca57-408c-8816-1c7f5f86ee30@group-4C89F8E95440:LeaderElection24: Election REJECTED; received 0 response(s) [] and 2 exception(s); 5911da34-ca57-408c-8816-1c7f5f86ee30@group-4C89F8E95440:t3, leader=null, voted=5911da34-ca57-408c-8816-1c7f5f86ee30, raftlog=5911da34-ca57-408c-8816-1c7f5f86ee30@group-4C89F8E95440-SegmentedRaftLog:OPENED:c2,f2,i2, conf=1: [98e467fb-2178-4bcc-aa88-91a9cb1be043:192.168.151.103:41309, 104d06c1-b6f4-46fe-abab-80b9f3463d81:192.168.151.103:40714, 5911da34-ca57-408c-8816-1c7f5f86ee30:192.168.151.103:44957], old=null
2019-09-27 09:59:02,635 [5911da34-ca57-408c-8816-1c7f5f86ee30@group-4C89F8E95440:LeaderElection24] INFO  impl.LeaderElection (LogUtils.java:infoOrTrace(149)) -   Exception 0: {}
java.util.concurrent.ExecutionException: org.apache.ratis.thirdparty.io.grpc.StatusRuntimeException: UNAVAILABLE: io exception
	at java.util.concurrent.FutureTask.report(FutureTask.java:122)
	at java.util.concurrent.FutureTask.get(FutureTask.java:192)
	at org.apache.ratis.server.impl.LeaderElection.waitForResults(LeaderElection.java:263)
	at org.apache.ratis.server.impl.LeaderElection.askForVotes(LeaderElection.java:201)
	at org.apache.ratis.server.impl.LeaderElection.run(LeaderElection.java:133)
	at java.lang.Thread.run(Thread.java:748)
Caused by: org.apache.ratis.thirdparty.io.grpc.StatusRuntimeException: UNAVAILABLE: io exception
	at org.apache.ratis.thirdparty.io.grpc.stub.ClientCalls.toStatusRuntimeException(ClientCalls.java:233)
	at org.apache.ratis.thirdparty.io.grpc.stub.ClientCalls.getUnchecked(ClientCalls.java:214)
	at org.apache.ratis.thirdparty.io.grpc.stub.ClientCalls.blockingUnaryCall(ClientCalls.java:139)
	at org.apache.ratis.proto.grpc.RaftServerProtocolServiceGrpc$RaftServerProtocolServiceBlockingStub.requestVote(RaftServerProtocolServiceGrpc.java:265)
	at org.apache.ratis.grpc.server.GrpcServerProtocolClient.requestVote(GrpcServerProtocolClient.java:90)
	at org.apache.ratis.grpc.server.GrpcService.requestVote(GrpcService.java:204)
	at org.apache.ratis.server.impl.LeaderElection.lambda$submitRequests$1(LeaderElection.java:238)
	at java.util.concurrent.FutureTask.run(FutureTask.java:266)
	at java.util.concurrent.Executors$RunnableAdapter.call(Executors.java:511)
	at java.util.concurrent.FutureTask.run(FutureTask.java:266)
	at java.util.concurrent.ThreadPoolExecutor.runWorker(ThreadPoolExecutor.java:1149)
	at java.util.concurrent.ThreadPoolExecutor$Worker.run(ThreadPoolExecutor.java:624)
	... 1 more
Caused by: org.apache.ratis.thirdparty.io.netty.channel.AbstractChannel$AnnotatedConnectException: Connection refused: /192.168.151.103:40714
	at sun.nio.ch.SocketChannelImpl.checkConnect(Native Method)
	at sun.nio.ch.SocketChannelImpl.finishConnect(SocketChannelImpl.java:717)
	at org.apache.ratis.thirdparty.io.netty.channel.socket.nio.NioSocketChannel.doFinishConnect(NioSocketChannel.java:327)
	at org.apache.ratis.thirdparty.io.netty.channel.nio.AbstractNioChannel$AbstractNioUnsafe.finishConnect(AbstractNioChannel.java:340)
	at org.apache.ratis.thirdparty.io.netty.channel.nio.NioEventLoop.processSelectedKey(NioEventLoop.java:632)
	at org.apache.ratis.thirdparty.io.netty.channel.nio.NioEventLoop.processSelectedKeysOptimized(NioEventLoop.java:579)
	at org.apache.ratis.thirdparty.io.netty.channel.nio.NioEventLoop.processSelectedKeys(NioEventLoop.java:496)
	at org.apache.ratis.thirdparty.io.netty.channel.nio.NioEventLoop.run(NioEventLoop.java:458)
	at org.apache.ratis.thirdparty.io.netty.util.concurrent.SingleThreadEventExecutor$5.run(SingleThreadEventExecutor.java:897)
	at org.apache.ratis.thirdparty.io.netty.util.concurrent.FastThreadLocalRunnable.run(FastThreadLocalRunnable.java:30)
	... 1 more
Caused by: java.net.ConnectException: Connection refused
	... 11 more
2019-09-27 09:59:02,636 [5911da34-ca57-408c-8816-1c7f5f86ee30@group-4C89F8E95440:LeaderElection24] INFO  impl.LeaderElection (LogUtils.java:infoOrTrace(149)) -   Exception 1: {}
java.util.concurrent.ExecutionException: org.apache.ratis.thirdparty.io.grpc.StatusRuntimeException: UNAVAILABLE: io exception
	at java.util.concurrent.FutureTask.report(FutureTask.java:122)
	at java.util.concurrent.FutureTask.get(FutureTask.java:192)
	at org.apache.ratis.server.impl.LeaderElection.waitForResults(LeaderElection.java:263)
	at org.apache.ratis.server.impl.LeaderElection.askForVotes(LeaderElection.java:201)
	at org.apache.ratis.server.impl.LeaderElection.run(LeaderElection.java:133)
	at java.lang.Thread.run(Thread.java:748)
Caused by: org.apache.ratis.thirdparty.io.grpc.StatusRuntimeException: UNAVAILABLE: io exception
	at org.apache.ratis.thirdparty.io.grpc.stub.ClientCalls.toStatusRuntimeException(ClientCalls.java:233)
	at org.apache.ratis.thirdparty.io.grpc.stub.ClientCalls.getUnchecked(ClientCalls.java:214)
	at org.apache.ratis.thirdparty.io.grpc.stub.ClientCalls.blockingUnaryCall(ClientCalls.java:139)
	at org.apache.ratis.proto.grpc.RaftServerProtocolServiceGrpc$RaftServerProtocolServiceBlockingStub.requestVote(RaftServerProtocolServiceGrpc.java:265)
	at org.apache.ratis.grpc.server.GrpcServerProtocolClient.requestVote(GrpcServerProtocolClient.java:90)
	at org.apache.ratis.grpc.server.GrpcService.requestVote(GrpcService.java:204)
	at org.apache.ratis.server.impl.LeaderElection.lambda$submitRequests$1(LeaderElection.java:238)
	at java.util.concurrent.FutureTask.run(FutureTask.java:266)
	at java.util.concurrent.Executors$RunnableAdapter.call(Executors.java:511)
	at java.util.concurrent.FutureTask.run(FutureTask.java:266)
	at java.util.concurrent.ThreadPoolExecutor.runWorker(ThreadPoolExecutor.java:1149)
	at java.util.concurrent.ThreadPoolExecutor$Worker.run(ThreadPoolExecutor.java:624)
	... 1 more
Caused by: org.apache.ratis.thirdparty.io.netty.channel.AbstractChannel$AnnotatedConnectException: Connection refused: /192.168.151.103:41309
	at sun.nio.ch.SocketChannelImpl.checkConnect(Native Method)
	at sun.nio.ch.SocketChannelImpl.finishConnect(SocketChannelImpl.java:717)
	at org.apache.ratis.thirdparty.io.netty.channel.socket.nio.NioSocketChannel.doFinishConnect(NioSocketChannel.java:327)
	at org.apache.ratis.thirdparty.io.netty.channel.nio.AbstractNioChannel$AbstractNioUnsafe.finishConnect(AbstractNioChannel.java:340)
	at org.apache.ratis.thirdparty.io.netty.channel.nio.NioEventLoop.processSelectedKey(NioEventLoop.java:632)
	at org.apache.ratis.thirdparty.io.netty.channel.nio.NioEventLoop.processSelectedKeysOptimized(NioEventLoop.java:579)
	at org.apache.ratis.thirdparty.io.netty.channel.nio.NioEventLoop.processSelectedKeys(NioEventLoop.java:496)
	at org.apache.ratis.thirdparty.io.netty.channel.nio.NioEventLoop.run(NioEventLoop.java:458)
	at org.apache.ratis.thirdparty.io.netty.util.concurrent.SingleThreadEventExecutor$5.run(SingleThreadEventExecutor.java:897)
	at org.apache.ratis.thirdparty.io.netty.util.concurrent.FastThreadLocalRunnable.run(FastThreadLocalRunnable.java:30)
	... 1 more
Caused by: java.net.ConnectException: Connection refused
	... 11 more
2019-09-27 09:59:02,636 [5911da34-ca57-408c-8816-1c7f5f86ee30@group-4C89F8E95440:LeaderElection24] INFO  impl.RaftServerImpl (RaftServerImpl.java:setRole(174)) - 5911da34-ca57-408c-8816-1c7f5f86ee30@group-4C89F8E95440: changes role from CANDIDATE to FOLLOWER at term 3 for DISCOVERED_A_NEW_TERM
2019-09-27 09:59:02,638 [5911da34-ca57-408c-8816-1c7f5f86ee30@group-4C89F8E95440:LeaderElection24] INFO  impl.RoleInfo (RoleInfo.java:shutdownLeaderElection(134)) - 5911da34-ca57-408c-8816-1c7f5f86ee30: shutdown LeaderElection
2019-09-27 09:59:02,638 [5911da34-ca57-408c-8816-1c7f5f86ee30@group-4C89F8E95440:LeaderElection24] INFO  impl.RoleInfo (RoleInfo.java:updateAndGet(143)) - 5911da34-ca57-408c-8816-1c7f5f86ee30: start FollowerState
2019-09-27 09:59:04,296 [main] INFO  ozoneimpl.OzoneContainer (OzoneContainer.java:stop(231)) - Attempting to stop container services.
2019-09-27 09:59:04,299 [main] INFO  impl.RaftServerProxy (RaftServerProxy.java:lambda$close$4(314)) - 314e6693-f7ac-41e1-8044-5e96ad768d09: close
2019-09-27 09:59:04,300 [main] INFO  impl.RaftServerImpl (RaftServerImpl.java:lambda$shutdown$3(251)) - 314e6693-f7ac-41e1-8044-5e96ad768d09@group-DFB66A4F9114: shutdown
2019-09-27 09:59:04,300 [main] INFO  util.JmxRegister (JmxRegister.java:unregister(73)) - Successfully un-registered JMX Bean with object name Ratis:service=RaftServer,group=group-DFB66A4F9114,id=314e6693-f7ac-41e1-8044-5e96ad768d09
2019-09-27 09:59:04,301 [main] INFO  impl.RoleInfo (RoleInfo.java:shutdownLeaderState(104)) - 314e6693-f7ac-41e1-8044-5e96ad768d09: shutdown LeaderState
2019-09-27 09:59:04,301 [main] INFO  impl.PendingRequests (PendingRequests.java:sendNotLeaderResponses(202)) - 314e6693-f7ac-41e1-8044-5e96ad768d09-PendingRequests: sendNotLeaderResponses
2019-09-27 09:59:04,302 [main] INFO  impl.StateMachineUpdater (StateMachineUpdater.java:stopAndJoin(125)) - 314e6693-f7ac-41e1-8044-5e96ad768d09@group-DFB66A4F9114-StateMachineUpdater: set stopIndex = 0
2019-09-27 09:59:04,303 [main] INFO  impl.RaftServerImpl (ServerState.java:close(385)) - 314e6693-f7ac-41e1-8044-5e96ad768d09@group-DFB66A4F9114: closes. applyIndex: 0
2019-09-27 09:59:04,303 [314e6693-f7ac-41e1-8044-5e96ad768d09@group-DFB66A4F9114-SegmentedRaftLogWorker] INFO  segmented.SegmentedRaftLogWorker (SegmentedRaftLogWorker.java:run(313)) - 314e6693-f7ac-41e1-8044-5e96ad768d09@group-DFB66A4F9114-SegmentedRaftLogWorker was interrupted, exiting. There are 0 tasks remaining in the queue.
2019-09-27 09:59:04,304 [main] INFO  segmented.SegmentedRaftLogWorker (SegmentedRaftLogWorker.java:close(228)) - 314e6693-f7ac-41e1-8044-5e96ad768d09@group-DFB66A4F9114-SegmentedRaftLogWorker close()
2019-09-27 09:59:04,306 [main] INFO  impl.RaftServerImpl (RaftServerImpl.java:lambda$shutdown$3(251)) - 314e6693-f7ac-41e1-8044-5e96ad768d09@group-B6E36139D1C6: shutdown
2019-09-27 09:59:04,306 [main] INFO  util.JmxRegister (JmxRegister.java:unregister(73)) - Successfully un-registered JMX Bean with object name Ratis:service=RaftServer,group=group-B6E36139D1C6,id=314e6693-f7ac-41e1-8044-5e96ad768d09
2019-09-27 09:59:04,307 [main] INFO  impl.RoleInfo (RoleInfo.java:shutdownFollowerState(121)) - 314e6693-f7ac-41e1-8044-5e96ad768d09: shutdown FollowerState
2019-09-27 09:59:04,307 [main] INFO  impl.StateMachineUpdater (StateMachineUpdater.java:stopAndJoin(125)) - 314e6693-f7ac-41e1-8044-5e96ad768d09@group-B6E36139D1C6-StateMachineUpdater: set stopIndex = 0
2019-09-27 09:59:04,307 [Thread-738] INFO  impl.FollowerState (FollowerState.java:run(115)) - 314e6693-f7ac-41e1-8044-5e96ad768d09: FollowerState was interrupted: java.lang.InterruptedException: sleep interrupted
2019-09-27 09:59:04,309 [main] INFO  impl.RaftServerImpl (ServerState.java:close(385)) - 314e6693-f7ac-41e1-8044-5e96ad768d09@group-B6E36139D1C6: closes. applyIndex: 0
2019-09-27 09:59:04,309 [ForkJoinPool.commonPool-worker-0] INFO  ozoneimpl.OzoneContainer (OzoneContainer.java:stop(231)) - Attempting to stop container services.
2019-09-27 09:59:04,310 [314e6693-f7ac-41e1-8044-5e96ad768d09@group-B6E36139D1C6-SegmentedRaftLogWorker] INFO  segmented.SegmentedRaftLogWorker (SegmentedRaftLogWorker.java:run(313)) - 314e6693-f7ac-41e1-8044-5e96ad768d09@group-B6E36139D1C6-SegmentedRaftLogWorker was interrupted, exiting. There are 0 tasks remaining in the queue.
2019-09-27 09:59:04,310 [ForkJoinPool.commonPool-worker-0] INFO  impl.RaftServerProxy (RaftServerProxy.java:lambda$close$4(314)) - 5911da34-ca57-408c-8816-1c7f5f86ee30: close
2019-09-27 09:59:04,311 [main] INFO  segmented.SegmentedRaftLogWorker (SegmentedRaftLogWorker.java:close(228)) - 314e6693-f7ac-41e1-8044-5e96ad768d09@group-B6E36139D1C6-SegmentedRaftLogWorker close()
2019-09-27 09:59:04,311 [ForkJoinPool.commonPool-worker-0] INFO  impl.RaftServerImpl (RaftServerImpl.java:lambda$shutdown$3(251)) - 5911da34-ca57-408c-8816-1c7f5f86ee30@group-8AA2DEFC8D57: shutdown
2019-09-27 09:59:04,312 [main] INFO  server.GrpcService (GrpcService.java:closeImpl(164)) - 314e6693-f7ac-41e1-8044-5e96ad768d09: shutdown server with port 33493 now
2019-09-27 09:59:04,313 [ForkJoinPool.commonPool-worker-0] INFO  util.JmxRegister (JmxRegister.java:unregister(73)) - Successfully un-registered JMX Bean with object name Ratis:service=RaftServer,group=group-8AA2DEFC8D57,id=5911da34-ca57-408c-8816-1c7f5f86ee30
2019-09-27 09:59:04,314 [ForkJoinPool.commonPool-worker-0] INFO  impl.RoleInfo (RoleInfo.java:shutdownLeaderState(104)) - 5911da34-ca57-408c-8816-1c7f5f86ee30: shutdown LeaderState
2019-09-27 09:59:04,319 [main] INFO  server.GrpcService (GrpcService.java:closeImpl(172)) - 314e6693-f7ac-41e1-8044-5e96ad768d09: shutdown server with port 33493 successfully
2019-09-27 09:59:04,319 [ForkJoinPool.commonPool-worker-0] INFO  impl.PendingRequests (PendingRequests.java:sendNotLeaderResponses(202)) - 5911da34-ca57-408c-8816-1c7f5f86ee30-PendingRequests: sendNotLeaderResponses
2019-09-27 09:59:04,320 [ForkJoinPool.commonPool-worker-0] INFO  impl.StateMachineUpdater (StateMachineUpdater.java:stopAndJoin(125)) - 5911da34-ca57-408c-8816-1c7f5f86ee30@group-8AA2DEFC8D57-StateMachineUpdater: set stopIndex = 0
2019-09-27 09:59:04,321 [ForkJoinPool.commonPool-worker-0] INFO  impl.RaftServerImpl (ServerState.java:close(385)) - 5911da34-ca57-408c-8816-1c7f5f86ee30@group-8AA2DEFC8D57: closes. applyIndex: 0
2019-09-27 09:59:04,322 [5911da34-ca57-408c-8816-1c7f5f86ee30@group-8AA2DEFC8D57-SegmentedRaftLogWorker] INFO  segmented.SegmentedRaftLogWorker (SegmentedRaftLogWorker.java:run(313)) - 5911da34-ca57-408c-8816-1c7f5f86ee30@group-8AA2DEFC8D57-SegmentedRaftLogWorker was interrupted, exiting. There are 0 tasks remaining in the queue.
2019-09-27 09:59:04,322 [ForkJoinPool.commonPool-worker-0] INFO  segmented.SegmentedRaftLogWorker (SegmentedRaftLogWorker.java:close(228)) - 5911da34-ca57-408c-8816-1c7f5f86ee30@group-8AA2DEFC8D57-SegmentedRaftLogWorker close()
2019-09-27 09:59:04,324 [ForkJoinPool.commonPool-worker-0] INFO  impl.RaftServerImpl (RaftServerImpl.java:lambda$shutdown$3(251)) - 5911da34-ca57-408c-8816-1c7f5f86ee30@group-4C89F8E95440: shutdown
2019-09-27 09:59:04,324 [refreshUsed-/workdir/hadoop-ozone/integration-test/target/test-dir/MiniOzoneClusterImpl-8eeacee4-f2ea-46c6-9d4b-1ae1fb96175b/datanode-7/data/containers] WARN  fs.CachingGetSpaceUsed (CachingGetSpaceUsed.java:run(183)) - Thread Interrupted waiting to refresh disk information: sleep interrupted
2019-09-27 09:59:04,324 [ForkJoinPool.commonPool-worker-0] INFO  util.JmxRegister (JmxRegister.java:unregister(73)) - Successfully un-registered JMX Bean with object name Ratis:service=RaftServer,group=group-4C89F8E95440,id=5911da34-ca57-408c-8816-1c7f5f86ee30
2019-09-27 09:59:04,324 [ForkJoinPool.commonPool-worker-0] INFO  impl.RoleInfo (RoleInfo.java:shutdownFollowerState(121)) - 5911da34-ca57-408c-8816-1c7f5f86ee30: shutdown FollowerState
2019-09-27 09:59:04,325 [ForkJoinPool.commonPool-worker-0] INFO  impl.StateMachineUpdater (StateMachineUpdater.java:stopAndJoin(125)) - 5911da34-ca57-408c-8816-1c7f5f86ee30@group-4C89F8E95440-StateMachineUpdater: set stopIndex = 2
2019-09-27 09:59:04,325 [Thread-742] INFO  impl.FollowerState (FollowerState.java:run(115)) - 5911da34-ca57-408c-8816-1c7f5f86ee30: FollowerState was interrupted: java.lang.InterruptedException: sleep interrupted
2019-09-27 09:59:04,327 [ForkJoinPool.commonPool-worker-0] INFO  impl.RaftServerImpl (ServerState.java:close(385)) - 5911da34-ca57-408c-8816-1c7f5f86ee30@group-4C89F8E95440: closes. applyIndex: 2
2019-09-27 09:59:04,329 [5911da34-ca57-408c-8816-1c7f5f86ee30@group-4C89F8E95440-SegmentedRaftLogWorker] INFO  segmented.SegmentedRaftLogWorker (SegmentedRaftLogWorker.java:run(313)) - 5911da34-ca57-408c-8816-1c7f5f86ee30@group-4C89F8E95440-SegmentedRaftLogWorker was interrupted, exiting. There are 0 tasks remaining in the queue.
2019-09-27 09:59:04,329 [ForkJoinPool.commonPool-worker-0] INFO  segmented.SegmentedRaftLogWorker (SegmentedRaftLogWorker.java:close(228)) - 5911da34-ca57-408c-8816-1c7f5f86ee30@group-4C89F8E95440-SegmentedRaftLogWorker close()
2019-09-27 09:59:04,331 [ForkJoinPool.commonPool-worker-0] INFO  server.GrpcService (GrpcService.java:closeImpl(164)) - 5911da34-ca57-408c-8816-1c7f5f86ee30: shutdown server with port 44957 now
2019-09-27 09:59:04,331 [ForkJoinPool.commonPool-worker-0] INFO  server.GrpcService (GrpcService.java:closeImpl(172)) - 5911da34-ca57-408c-8816-1c7f5f86ee30: shutdown server with port 44957 successfully
2019-09-27 09:59:04,345 [main] INFO  utils.BackgroundService (BackgroundService.java:shutdown(148)) - Shutting down service BlockDeletingService
2019-09-27 09:59:04,348 [refreshUsed-/workdir/hadoop-ozone/integration-test/target/test-dir/MiniOzoneClusterImpl-8eeacee4-f2ea-46c6-9d4b-1ae1fb96175b/datanode-1/data/containers] WARN  fs.CachingGetSpaceUsed (CachingGetSpaceUsed.java:run(183)) - Thread Interrupted waiting to refresh disk information: sleep interrupted
2019-09-27 09:59:04,349 [main] INFO  statemachine.DatanodeStateMachine (DatanodeStateMachine.java:stopDaemon(395)) - Ozone container server stopped.
2019-09-27 09:59:04,350 [main] INFO  handler.ContextHandler (ContextHandler.java:doStop(910)) - Stopped o.e.j.w.WebAppContext@2d4608a6{/,null,UNAVAILABLE}{/hddsDatanode}
2019-09-27 09:59:04,351 [main] INFO  server.AbstractConnector (AbstractConnector.java:doStop(318)) - Stopped ServerConnector@20d87335{HTTP/1.1,[http/1.1]}{0.0.0.0:0}
2019-09-27 09:59:04,352 [main] INFO  handler.ContextHandler (ContextHandler.java:doStop(910)) - Stopped o.e.j.s.ServletContextHandler@69923ac3{/static,jar:file:/home/user/.m2/repository/org/apache/hadoop/hadoop-hdds-container-service/0.5.0-SNAPSHOT/hadoop-hdds-container-service-0.5.0-SNAPSHOT.jar!/webapps/static,UNAVAILABLE}
2019-09-27 09:59:04,352 [main] INFO  handler.ContextHandler (ContextHandler.java:doStop(910)) - Stopped o.e.j.s.ServletContextHandler@6920b0bc{/logs,file:///workdir/hadoop-ozone/integration-test/target/log,UNAVAILABLE}
2019-09-27 09:59:04,362 [ForkJoinPool.commonPool-worker-0] INFO  utils.BackgroundService (BackgroundService.java:shutdown(148)) - Shutting down service BlockDeletingService
2019-09-27 09:59:04,364 [ForkJoinPool.commonPool-worker-0] INFO  statemachine.DatanodeStateMachine (DatanodeStateMachine.java:stopDaemon(395)) - Ozone container server stopped.
2019-09-27 09:59:04,367 [ForkJoinPool.commonPool-worker-0] INFO  handler.ContextHandler (ContextHandler.java:doStop(910)) - Stopped o.e.j.w.WebAppContext@5a1c3cb4{/,null,UNAVAILABLE}{/hddsDatanode}
2019-09-27 09:59:04,367 [ForkJoinPool.commonPool-worker-0] INFO  server.AbstractConnector (AbstractConnector.java:doStop(318)) - Stopped ServerConnector@76ad6715{HTTP/1.1,[http/1.1]}{0.0.0.0:0}
2019-09-27 09:59:04,368 [ForkJoinPool.commonPool-worker-0] INFO  handler.ContextHandler (ContextHandler.java:doStop(910)) - Stopped o.e.j.s.ServletContextHandler@671d1157{/static,jar:file:/home/user/.m2/repository/org/apache/hadoop/hadoop-hdds-container-service/0.5.0-SNAPSHOT/hadoop-hdds-container-service-0.5.0-SNAPSHOT.jar!/webapps/static,UNAVAILABLE}
2019-09-27 09:59:04,369 [ForkJoinPool.commonPool-worker-0] INFO  handler.ContextHandler (ContextHandler.java:doStop(910)) - Stopped o.e.j.s.ServletContextHandler@68b9834c{/logs,file:///workdir/hadoop-ozone/integration-test/target/log,UNAVAILABLE}
2019-09-27 09:59:04,371 [main] INFO  ozone.MiniOzoneClusterImpl (MiniOzoneClusterImpl.java:stopSCM(392)) - Stopping the StorageContainerManager
2019-09-27 09:59:04,371 [main] INFO  server.StorageContainerManager (StorageContainerManager.java:stop(808)) - Stopping Replication Manager Service.
2019-09-27 09:59:04,371 [main] INFO  container.ReplicationManager (ReplicationManager.java:stop(203)) - Stopping Replication Monitor Thread.
2019-09-27 09:59:04,371 [main] INFO  server.StorageContainerManager (StorageContainerManager.java:stop(815)) - Stopping Lease Manager of the command watchers
2019-09-27 09:59:04,371 [main] INFO  server.StorageContainerManager (StorageContainerManager.java:stop(822)) - Stopping datanode service RPC server
2019-09-27 09:59:04,372 [main] INFO  server.SCMDatanodeProtocolServer (SCMDatanodeProtocolServer.java:stop(367)) - Stopping the RPC server for DataNodes
2019-09-27 09:59:04,372 [main] INFO  ipc.Server (Server.java:stop(3082)) - Stopping server on 36977
2019-09-27 09:59:04,374 [IPC Server listener on 36977] INFO  ipc.Server (Server.java:run(1185)) - Stopping IPC Server listener on 36977
2019-09-27 09:59:04,374 [IPC Server Responder] INFO  ipc.Server (Server.java:run(1319)) - Stopping IPC Server Responder
2019-09-27 09:59:04,444 [SCM Heartbeat Processing Thread - 0] WARN  node.NodeStateManager (NodeStateManager.java:scheduleNextHealthCheck(646)) - Current Thread is interrupted, shutting down HB processing thread for Node Manager.
2019-09-27 09:59:04,445 [main] INFO  server.StorageContainerManager (StorageContainerManager.java:stop(830)) - Stopping block service RPC server
2019-09-27 09:59:04,445 [main] INFO  server.SCMBlockProtocolServer (SCMBlockProtocolServer.java:stop(155)) - Stopping the RPC server for Block Protocol
2019-09-27 09:59:04,446 [main] INFO  ipc.Server (Server.java:stop(3082)) - Stopping server on 34265
2019-09-27 09:59:04,448 [IPC Server listener on 34265] INFO  ipc.Server (Server.java:run(1185)) - Stopping IPC Server listener on 34265
2019-09-27 09:59:04,448 [main] INFO  server.StorageContainerManager (StorageContainerManager.java:stop(837)) - Stopping the StorageContainerLocationProtocol RPC server
2019-09-27 09:59:04,448 [IPC Server Responder] INFO  ipc.Server (Server.java:run(1319)) - Stopping IPC Server Responder
2019-09-27 09:59:04,449 [main] INFO  server.SCMClientProtocolServer (SCMClientProtocolServer.java:stop(159)) - Stopping the RPC server for Client Protocol
2019-09-27 09:59:04,449 [main] INFO  ipc.Server (Server.java:stop(3082)) - Stopping server on 33534
2019-09-27 09:59:04,451 [main] INFO  server.StorageContainerManager (StorageContainerManager.java:stop(844)) - Stopping Storage Container Manager HTTP server.
2019-09-27 09:59:04,451 [IPC Server listener on 33534] INFO  ipc.Server (Server.java:run(1185)) - Stopping IPC Server listener on 33534
2019-09-27 09:59:04,451 [IPC Server Responder] INFO  ipc.Server (Server.java:run(1319)) - Stopping IPC Server Responder
2019-09-27 09:59:04,453 [main] INFO  handler.ContextHandler (ContextHandler.java:doStop(910)) - Stopped o.e.j.w.WebAppContext@41477a6d{/,null,UNAVAILABLE}{/scm}
2019-09-27 09:59:04,454 [main] INFO  server.AbstractConnector (AbstractConnector.java:doStop(318)) - Stopped ServerConnector@45394b31{HTTP/1.1,[http/1.1]}{0.0.0.0:0}
2019-09-27 09:59:04,454 [main] INFO  handler.ContextHandler (ContextHandler.java:doStop(910)) - Stopped o.e.j.s.ServletContextHandler@5bbbdd4b{/static,file:///workdir/hadoop-ozone/integration-test/target/test-classes/webapps/static,UNAVAILABLE}
2019-09-27 09:59:04,454 [main] INFO  handler.ContextHandler (ContextHandler.java:doStop(910)) - Stopped o.e.j.s.ServletContextHandler@5987e932{/logs,file:///workdir/hadoop-ozone/integration-test/target/log,UNAVAILABLE}
2019-09-27 09:59:04,456 [main] INFO  server.StorageContainerManager (StorageContainerManager.java:stop(855)) - Stopping Block Manager Service.
2019-09-27 09:59:04,456 [main] INFO  utils.BackgroundService (BackgroundService.java:shutdown(148)) - Shutting down service SCMBlockDeletingService
2019-09-27 09:59:04,457 [main] INFO  utils.BackgroundService (BackgroundService.java:shutdown(148)) - Shutting down service SCMBlockDeletingService
2019-09-27 09:59:04,457 [main] INFO  server.StorageContainerManager (StorageContainerManager.java:stop(877)) - Stopping SCM Event Queue.
2019-09-27 09:59:04,466 [main] INFO  impl.MetricsSystemImpl (MetricsSystemImpl.java:stop(210)) - Stopping ratis metrics system...
2019-09-27 09:59:04,478 [prometheus] INFO  impl.MetricsSinkAdapter (MetricsSinkAdapter.java:publishMetricsFromQueue(141)) - prometheus thread interrupted.
2019-09-27 09:59:04,478 [main] INFO  impl.MetricsSystemImpl (MetricsSystemImpl.java:stop(216)) - ratis metrics system stopped.
]]></system-out>
    <system-err><![CDATA[ERROR StatusLogger No Log4j 2 configuration file found. Using default configuration (logging only errors to the console), or user programmatically provided configurations. Set system property 'log4j2.debug' to show Log4j 2 internal initialization logging. See https://logging.apache.org/log4j/2.x/manual/configuration.html for instructions on how to configure Log4j 2
]]></system-err>
  </testcase>
</testsuite>