<?xml version="1.0" encoding="UTF-8"?>
<testsuite xmlns:xsi="http://www.w3.org/2001/XMLSchema-instance" xsi:noNamespaceSchemaLocation="https://maven.apache.org/surefire/maven-surefire-plugin/xsd/surefire-test-report.xsd" name="org.apache.hadoop.ozone.client.rpc.TestHybridPipelineOnDatanode" time="130.596" tests="1" errors="1" skipped="0" failures="0">
  <properties>
    <property name="awt.toolkit" value="sun.awt.X11.XToolkit"/>
    <property name="file.encoding.pkg" value="sun.io"/>
    <property name="java.specification.version" value="1.8"/>
    <property name="sun.cpu.isalist" value=""/>
    <property name="sun.jnu.encoding" value="UTF-8"/>
    <property name="java.class.path" value="/workdir/hadoop-ozone/integration-test/target/test-classes:/workdir/hadoop-ozone/integration-test/target/classes:/home/user/.m2/repository/org/apache/hadoop/hadoop-ozone-common/0.5.0-SNAPSHOT/hadoop-ozone-common-0.5.0-SNAPSHOT.jar:/home/user/.m2/repository/org/apache/commons/commons-compress/1.4.1/commons-compress-1.4.1.jar:/home/user/.m2/repository/org/tukaani/xz/1.0/xz-1.0.jar:/home/user/.m2/repository/org/apache/hadoop/hadoop-common/3.2.0/hadoop-common-3.2.0.jar:/home/user/.m2/repository/org/apache/hadoop/hadoop-hdfs/3.2.0/hadoop-hdfs-3.2.0.jar:/home/user/.m2/repository/org/apache/hadoop/hadoop-hdfs-client/3.2.0/hadoop-hdfs-client-3.2.0.jar:/home/user/.m2/repository/com/fasterxml/jackson/core/jackson-annotations/2.9.9/jackson-annotations-2.9.9.jar:/home/user/.m2/repository/org/apache/hadoop/hadoop-hdds-common/0.5.0-SNAPSHOT/hadoop-hdds-common-0.5.0-SNAPSHOT.jar:/home/user/.m2/repository/javax/annotation/javax.annotation-api/1.2/javax.annotation-api-1.2.jar:/home/user/.m2/repository/org/apache/ratis/ratis-server/0.4.0/ratis-server-0.4.0.jar:/home/user/.m2/repository/org/apache/ratis/ratis-thirdparty-misc/0.2.0/ratis-thirdparty-misc-0.2.0.jar:/home/user/.m2/repository/org/apache/ratis/ratis-proto/0.4.0/ratis-proto-0.4.0.jar:/home/user/.m2/repository/org/apache/ratis/ratis-common/0.4.0/ratis-common-0.4.0.jar:/home/user/.m2/repository/org/apache/ratis/ratis-client/0.4.0/ratis-client-0.4.0.jar:/home/user/.m2/repository/org/apache/ratis/ratis-metrics/0.4.0/ratis-metrics-0.4.0.jar:/home/user/.m2/repository/com/github/joshelser/dropwizard-metrics-hadoop-metrics2-reporter/0.1.2/dropwizard-metrics-hadoop-metrics2-reporter-0.1.2.jar:/home/user/.m2/repository/io/dropwizard/metrics/metrics-jvm/3.2.5/metrics-jvm-3.2.5.jar:/home/user/.m2/repository/io/dropwizard/metrics/metrics-ganglia/3.2.5/metrics-ganglia-3.2.5.jar:/home/user/.m2/repository/info/ganglia/gmetric4j/gmetric4j/1.0.7/gmetric4j-1.0.7.jar:/home/user/.m2/repository/org/apache/ratis/ratis-netty/0.4.0/ratis-netty-0.4.0.jar:/home/user/.m2/repository/org/apache/ratis/ratis-grpc/0.4.0/ratis-grpc-0.4.0.jar:/home/user/.m2/repository/org/rocksdb/rocksdbjni/6.0.1/rocksdbjni-6.0.1.jar:/home/user/.m2/repository/org/apache/logging/log4j/log4j-api/2.11.0/log4j-api-2.11.0.jar:/home/user/.m2/repository/org/apache/logging/log4j/log4j-core/2.11.0/log4j-core-2.11.0.jar:/home/user/.m2/repository/com/lmax/disruptor/3.4.2/disruptor-3.4.2.jar:/home/user/.m2/repository/org/apache/commons/commons-pool2/2.6.0/commons-pool2-2.6.0.jar:/home/user/.m2/repository/org/bouncycastle/bcpkix-jdk15on/1.60/bcpkix-jdk15on-1.60.jar:/home/user/.m2/repository/commons-validator/commons-validator/1.6/commons-validator-1.6.jar:/home/user/.m2/repository/commons-digester/commons-digester/1.8.1/commons-digester-1.8.1.jar:/home/user/.m2/repository/io/jaegertracing/jaeger-client/0.34.0/jaeger-client-0.34.0.jar:/home/user/.m2/repository/io/jaegertracing/jaeger-thrift/0.34.0/jaeger-thrift-0.34.0.jar:/home/user/.m2/repository/org/apache/thrift/libthrift/0.12.0/libthrift-0.12.0.jar:/home/user/.m2/repository/com/squareup/okhttp3/okhttp/3.9.0/okhttp-3.9.0.jar:/home/user/.m2/repository/com/squareup/okio/okio/1.13.0/okio-1.13.0.jar:/home/user/.m2/repository/io/jaegertracing/jaeger-core/0.34.0/jaeger-core-0.34.0.jar:/home/user/.m2/repository/io/jaegertracing/jaeger-tracerresolver/0.34.0/jaeger-tracerresolver-0.34.0.jar:/home/user/.m2/repository/io/opentracing/contrib/opentracing-tracerresolver/0.1.5/opentracing-tracerresolver-0.1.5.jar:/home/user/.m2/repository/io/opentracing/opentracing-util/0.31.0/opentracing-util-0.31.0.jar:/home/user/.m2/repository/io/opentracing/opentracing-api/0.31.0/opentracing-api-0.31.0.jar:/home/user/.m2/repository/io/opentracing/opentracing-noop/0.31.0/opentracing-noop-0.31.0.jar:/home/user/.m2/repository/org/apache/hadoop/hadoop-hdds-server-framework/0.5.0-SNAPSHOT/hadoop-hdds-server-framework-0.5.0-SNAPSHOT.jar:/home/user/.m2/repository/org/apache/hadoop/hadoop-hdds-container-service/0.5.0-SNAPSHOT/hadoop-hdds-container-service-0.5.0-SNAPSHOT.jar:/home/user/.m2/repository/org/apache/hadoop/hadoop-hdds-client/0.5.0-SNAPSHOT/hadoop-hdds-client-0.5.0-SNAPSHOT.jar:/home/user/.m2/repository/org/apache/hadoop/hadoop-hdds-tools/0.5.0-SNAPSHOT/hadoop-hdds-tools-0.5.0-SNAPSHOT.jar:/home/user/.m2/repository/org/apache/hadoop/hadoop-hdds-server-scm/0.5.0-SNAPSHOT/hadoop-hdds-server-scm-0.5.0-SNAPSHOT.jar:/home/user/.m2/repository/org/apache/hadoop/hadoop-hdds-docs/0.5.0-SNAPSHOT/hadoop-hdds-docs-0.5.0-SNAPSHOT.jar:/home/user/.m2/repository/io/dropwizard/metrics/metrics-core/3.2.4/metrics-core-3.2.4.jar:/home/user/.m2/repository/org/hamcrest/hamcrest-all/1.3/hamcrest-all-1.3.jar:/home/user/.m2/repository/org/bouncycastle/bcprov-jdk15on/1.60/bcprov-jdk15on-1.60.jar:/home/user/.m2/repository/info/picocli/picocli/3.9.6/picocli-3.9.6.jar:/home/user/.m2/repository/com/google/protobuf/protobuf-java/2.5.0/protobuf-java-2.5.0.jar:/home/user/.m2/repository/com/google/guava/guava/11.0.2/guava-11.0.2.jar:/home/user/.m2/repository/org/apache/hadoop/hadoop-ozone-ozone-manager/0.5.0-SNAPSHOT/hadoop-ozone-ozone-manager-0.5.0-SNAPSHOT.jar:/home/user/.m2/repository/org/apache/hadoop/hadoop-minikdc/3.2.0/hadoop-minikdc-3.2.0.jar:/home/user/.m2/repository/commons-io/commons-io/2.5/commons-io-2.5.jar:/home/user/.m2/repository/org/apache/kerby/kerb-simplekdc/1.0.1/kerb-simplekdc-1.0.1.jar:/home/user/.m2/repository/org/apache/kerby/kerb-client/1.0.1/kerb-client-1.0.1.jar:/home/user/.m2/repository/org/apache/kerby/kerby-config/1.0.1/kerby-config-1.0.1.jar:/home/user/.m2/repository/org/apache/kerby/kerb-core/1.0.1/kerb-core-1.0.1.jar:/home/user/.m2/repository/org/apache/kerby/kerby-pkix/1.0.1/kerby-pkix-1.0.1.jar:/home/user/.m2/repository/org/apache/kerby/kerby-asn1/1.0.1/kerby-asn1-1.0.1.jar:/home/user/.m2/repository/org/apache/kerby/kerby-util/1.0.1/kerby-util-1.0.1.jar:/home/user/.m2/repository/org/apache/kerby/kerb-common/1.0.1/kerb-common-1.0.1.jar:/home/user/.m2/repository/org/apache/kerby/kerb-crypto/1.0.1/kerb-crypto-1.0.1.jar:/home/user/.m2/repository/org/apache/kerby/kerb-util/1.0.1/kerb-util-1.0.1.jar:/home/user/.m2/repository/org/apache/kerby/token-provider/1.0.1/token-provider-1.0.1.jar:/home/user/.m2/repository/org/apache/kerby/kerb-admin/1.0.1/kerb-admin-1.0.1.jar:/home/user/.m2/repository/org/apache/kerby/kerb-server/1.0.1/kerb-server-1.0.1.jar:/home/user/.m2/repository/org/apache/kerby/kerb-identity/1.0.1/kerb-identity-1.0.1.jar:/home/user/.m2/repository/org/apache/kerby/kerby-xdr/1.0.1/kerby-xdr-1.0.1.jar:/home/user/.m2/repository/org/slf4j/slf4j-log4j12/1.7.25/slf4j-log4j12-1.7.25.jar:/home/user/.m2/repository/org/apache/hadoop/hadoop-ozone-s3gateway/0.5.0-SNAPSHOT/hadoop-ozone-s3gateway-0.5.0-SNAPSHOT.jar:/home/user/.m2/repository/org/jboss/weld/servlet/weld-servlet/2.4.7.Final/weld-servlet-2.4.7.Final.jar:/home/user/.m2/repository/org/glassfish/jersey/containers/jersey-container-servlet-core/2.27/jersey-container-servlet-core-2.27.jar:/home/user/.m2/repository/org/glassfish/hk2/external/javax.inject/2.5.0-b42/javax.inject-2.5.0-b42.jar:/home/user/.m2/repository/org/glassfish/jersey/core/jersey-common/2.27/jersey-common-2.27.jar:/home/user/.m2/repository/org/glassfish/hk2/osgi-resource-locator/1.0.1/osgi-resource-locator-1.0.1.jar:/home/user/.m2/repository/javax/ws/rs/javax.ws.rs-api/2.1/javax.ws.rs-api-2.1.jar:/home/user/.m2/repository/org/glassfish/jersey/ext/cdi/jersey-cdi1x/2.27/jersey-cdi1x-2.27.jar:/home/user/.m2/repository/org/glassfish/jersey/inject/jersey-hk2/2.27/jersey-hk2-2.27.jar:/home/user/.m2/repository/org/glassfish/hk2/hk2-locator/2.5.0-b42/hk2-locator-2.5.0-b42.jar:/home/user/.m2/repository/org/javassist/javassist/3.22.0-CR2/javassist-3.22.0-CR2.jar:/home/user/.m2/repository/org/glassfish/hk2/hk2-api/2.5.0/hk2-api-2.5.0.jar:/home/user/.m2/repository/org/glassfish/hk2/external/jakarta.inject/2.5.0/jakarta.inject-2.5.0.jar:/home/user/.m2/repository/org/glassfish/hk2/hk2-utils/2.5.0/hk2-utils-2.5.0.jar:/home/user/.m2/repository/jakarta/annotation/jakarta.annotation-api/1.3.4/jakarta.annotation-api-1.3.4.jar:/home/user/.m2/repository/org/glassfish/hk2/external/aopalliance-repackaged/2.5.0/aopalliance-repackaged-2.5.0.jar:/home/user/.m2/repository/com/fasterxml/jackson/dataformat/jackson-dataformat-xml/2.9.0/jackson-dataformat-xml-2.9.0.jar:/home/user/.m2/repository/com/fasterxml/jackson/core/jackson-core/2.9.9/jackson-core-2.9.9.jar:/home/user/.m2/repository/com/fasterxml/jackson/module/jackson-module-jaxb-annotations/2.9.9/jackson-module-jaxb-annotations-2.9.9.jar:/home/user/.m2/repository/javax/enterprise/cdi-api/1.2/cdi-api-1.2.jar:/home/user/.m2/repository/javax/el/javax.el-api/3.0.0/javax.el-api-3.0.0.jar:/home/user/.m2/repository/javax/interceptor/javax.interceptor-api/1.2/javax.interceptor-api-1.2.jar:/home/user/.m2/repository/javax/inject/javax.inject/1/javax.inject-1.jar:/home/user/.m2/repository/com/sun/xml/bind/jaxb-impl/2.3.0.1/jaxb-impl-2.3.0.1.jar:/home/user/.m2/repository/com/sun/xml/bind/jaxb-core/2.3.0.1/jaxb-core-2.3.0.1.jar:/home/user/.m2/repository/javax/xml/bind/jaxb-api/2.3.0/jaxb-api-2.3.0.jar:/home/user/.m2/repository/javax/activation/activation/1.1.1/activation-1.1.1.jar:/home/user/.m2/repository/org/apache/hadoop/hadoop-ozone-csi/0.5.0-SNAPSHOT/hadoop-ozone-csi-0.5.0-SNAPSHOT.jar:/home/user/.m2/repository/com/google/protobuf/protobuf-java-util/3.5.1/protobuf-java-util-3.5.1.jar:/home/user/.m2/repository/org/apache/hadoop/hadoop-hdds-config/0.5.0-SNAPSHOT/hadoop-hdds-config-0.5.0-SNAPSHOT.jar:/home/user/.m2/repository/io/grpc/grpc-netty/1.17.1/grpc-netty-1.17.1.jar:/home/user/.m2/repository/io/grpc/grpc-core/1.17.1/grpc-core-1.17.1.jar:/home/user/.m2/repository/io/grpc/grpc-context/1.17.1/grpc-context-1.17.1.jar:/home/user/.m2/repository/com/google/errorprone/error_prone_annotations/2.2.0/error_prone_annotations-2.2.0.jar:/home/user/.m2/repository/org/codehaus/mojo/animal-sniffer-annotations/1.17/animal-sniffer-annotations-1.17.jar:/home/user/.m2/repository/io/opencensus/opencensus-api/0.17.0/opencensus-api-0.17.0.jar:/home/user/.m2/repository/io/opencensus/opencensus-contrib-grpc-metrics/0.17.0/opencensus-contrib-grpc-metrics-0.17.0.jar:/home/user/.m2/repository/io/netty/netty-codec-http2/4.1.30.Final/netty-codec-http2-4.1.30.Final.jar:/home/user/.m2/repository/io/netty/netty-codec-http/4.1.30.Final/netty-codec-http-4.1.30.Final.jar:/home/user/.m2/repository/io/netty/netty-codec/4.1.30.Final/netty-codec-4.1.30.Final.jar:/home/user/.m2/repository/io/netty/netty-handler/4.1.30.Final/netty-handler-4.1.30.Final.jar:/home/user/.m2/repository/io/netty/netty-handler-proxy/4.1.30.Final/netty-handler-proxy-4.1.30.Final.jar:/home/user/.m2/repository/io/netty/netty-codec-socks/4.1.30.Final/netty-codec-socks-4.1.30.Final.jar:/home/user/.m2/repository/io/netty/netty-transport-native-epoll/4.1.30.Final/netty-transport-native-epoll-4.1.30.Final.jar:/home/user/.m2/repository/io/netty/netty-common/4.1.30.Final/netty-common-4.1.30.Final.jar:/home/user/.m2/repository/io/netty/netty-buffer/4.1.30.Final/netty-buffer-4.1.30.Final.jar:/home/user/.m2/repository/io/netty/netty-transport/4.1.30.Final/netty-transport-4.1.30.Final.jar:/home/user/.m2/repository/io/netty/netty-resolver/4.1.30.Final/netty-resolver-4.1.30.Final.jar:/home/user/.m2/repository/io/netty/netty-transport-native-unix-common/4.1.30.Final/netty-transport-native-unix-common-4.1.30.Final.jar:/home/user/.m2/repository/io/grpc/grpc-protobuf/1.17.1/grpc-protobuf-1.17.1.jar:/home/user/.m2/repository/com/google/api/grpc/proto-google-common-protos/1.0.0/proto-google-common-protos-1.0.0.jar:/home/user/.m2/repository/io/grpc/grpc-protobuf-lite/1.17.1/grpc-protobuf-lite-1.17.1.jar:/home/user/.m2/repository/io/grpc/grpc-stub/1.17.1/grpc-stub-1.17.1.jar:/home/user/.m2/repository/org/apache/hadoop/hadoop-ozone-recon/0.5.0-SNAPSHOT/hadoop-ozone-recon-0.5.0-SNAPSHOT.jar:/home/user/.m2/repository/org/apache/hadoop/hadoop-ozone-reconcodegen/0.5.0-SNAPSHOT/hadoop-ozone-reconcodegen-0.5.0-SNAPSHOT.jar:/home/user/.m2/repository/com/google/inject/extensions/guice-multibindings/4.0/guice-multibindings-4.0.jar:/home/user/.m2/repository/com/google/inject/guice/4.0/guice-4.0.jar:/home/user/.m2/repository/aopalliance/aopalliance/1.0/aopalliance-1.0.jar:/home/user/.m2/repository/com/google/inject/extensions/guice-servlet/4.0/guice-servlet-4.0.jar:/home/user/.m2/repository/org/glassfish/jersey/containers/jersey-container-servlet/2.27/jersey-container-servlet-2.27.jar:/home/user/.m2/repository/org/glassfish/hk2/guice-bridge/2.5.0/guice-bridge-2.5.0.jar:/home/user/.m2/repository/org/glassfish/jersey/core/jersey-server/2.27/jersey-server-2.27.jar:/home/user/.m2/repository/org/glassfish/jersey/core/jersey-client/2.27/jersey-client-2.27.jar:/home/user/.m2/repository/org/glassfish/jersey/media/jersey-media-jaxb/2.27/jersey-media-jaxb-2.27.jar:/home/user/.m2/repository/javax/validation/validation-api/1.1.0.Final/validation-api-1.1.0.Final.jar:/home/user/.m2/repository/org/glassfish/jersey/media/jersey-media-json-jackson/2.27/jersey-media-json-jackson-2.27.jar:/home/user/.m2/repository/org/glassfish/jersey/ext/jersey-entity-filtering/2.27/jersey-entity-filtering-2.27.jar:/home/user/.m2/repository/com/google/inject/extensions/guice-assistedinject/4.0/guice-assistedinject-4.0.jar:/home/user/.m2/repository/org/jooq/jooq/3.11.10/jooq-3.11.10.jar:/home/user/.m2/repository/org/jooq/jooq-meta/3.11.10/jooq-meta-3.11.10.jar:/home/user/.m2/repository/org/jooq/jooq-codegen/3.11.10/jooq-codegen-3.11.10.jar:/home/user/.m2/repository/com/jolbox/bonecp/0.8.0.RELEASE/bonecp-0.8.0.RELEASE.jar:/home/user/.m2/repository/org/xerial/sqlite-jdbc/3.25.2/sqlite-jdbc-3.25.2.jar:/home/user/.m2/repository/org/springframework/spring-jdbc/5.1.3.RELEASE/spring-jdbc-5.1.3.RELEASE.jar:/home/user/.m2/repository/org/springframework/spring-beans/5.1.3.RELEASE/spring-beans-5.1.3.RELEASE.jar:/home/user/.m2/repository/org/springframework/spring-core/5.1.3.RELEASE/spring-core-5.1.3.RELEASE.jar:/home/user/.m2/repository/org/springframework/spring-jcl/5.1.3.RELEASE/spring-jcl-5.1.3.RELEASE.jar:/home/user/.m2/repository/org/springframework/spring-tx/5.1.3.RELEASE/spring-tx-5.1.3.RELEASE.jar:/home/user/.m2/repository/org/apache/hadoop/hadoop-ozone-client/0.5.0-SNAPSHOT/hadoop-ozone-client-0.5.0-SNAPSHOT.jar:/home/user/.m2/repository/commons-lang/commons-lang/2.6/commons-lang-2.6.jar:/home/user/.m2/repository/org/apache/hadoop/hadoop-ozone-ozone-manager/0.5.0-SNAPSHOT/hadoop-ozone-ozone-manager-0.5.0-SNAPSHOT-tests.jar:/home/user/.m2/repository/junit/junit/4.11/junit-4.11.jar:/home/user/.m2/repository/org/hamcrest/hamcrest-core/1.3/hamcrest-core-1.3.jar:/home/user/.m2/repository/org/openjdk/jmh/jmh-core/1.19/jmh-core-1.19.jar:/home/user/.m2/repository/net/sf/jopt-simple/jopt-simple/4.6/jopt-simple-4.6.jar:/home/user/.m2/repository/org/apache/commons/commons-math3/3.1.1/commons-math3-3.1.1.jar:/home/user/.m2/repository/org/openjdk/jmh/jmh-generator-annprocess/1.19/jmh-generator-annprocess-1.19.jar:/home/user/.m2/repository/org/mockito/mockito-all/1.8.5/mockito-all-1.8.5.jar:/home/user/.m2/repository/org/apache/hadoop/hadoop-kms/3.2.0/hadoop-kms-3.2.0.jar:/home/user/.m2/repository/org/apache/hadoop/hadoop-auth/3.2.0/hadoop-auth-3.2.0.jar:/home/user/.m2/repository/com/nimbusds/nimbus-jose-jwt/4.41.1/nimbus-jose-jwt-4.41.1.jar:/home/user/.m2/repository/com/github/stephenc/jcip/jcip-annotations/1.0-1/jcip-annotations-1.0-1.jar:/home/user/.m2/repository/net/minidev/json-smart/2.3/json-smart-2.3.jar:/home/user/.m2/repository/net/minidev/accessors-smart/1.2/accessors-smart-1.2.jar:/home/user/.m2/repository/org/ow2/asm/asm/5.0.4/asm-5.0.4.jar:/home/user/.m2/repository/org/apache/curator/curator-framework/2.12.0/curator-framework-2.12.0.jar:/home/user/.m2/repository/com/sun/jersey/jersey-core/1.19/jersey-core-1.19.jar:/home/user/.m2/repository/javax/ws/rs/jsr311-api/1.1.1/jsr311-api-1.1.1.jar:/home/user/.m2/repository/com/sun/jersey/jersey-server/1.19/jersey-server-1.19.jar:/home/user/.m2/repository/javax/servlet/javax.servlet-api/3.1.0/javax.servlet-api-3.1.0.jar:/home/user/.m2/repository/org/eclipse/jetty/jetty-server/9.3.25.v20180904/jetty-server-9.3.25.v20180904.jar:/home/user/.m2/repository/org/eclipse/jetty/jetty-http/9.3.25.v20180904/jetty-http-9.3.25.v20180904.jar:/home/user/.m2/repository/org/eclipse/jetty/jetty-io/9.3.25.v20180904/jetty-io-9.3.25.v20180904.jar:/home/user/.m2/repository/org/eclipse/jetty/jetty-webapp/9.3.25.v20180904/jetty-webapp-9.3.25.v20180904.jar:/home/user/.m2/repository/org/eclipse/jetty/jetty-xml/9.3.25.v20180904/jetty-xml-9.3.25.v20180904.jar:/home/user/.m2/repository/log4j/log4j/1.2.17/log4j-1.2.17.jar:/home/user/.m2/repository/org/slf4j/slf4j-api/1.7.25/slf4j-api-1.7.25.jar:/home/user/.m2/repository/org/slf4j/jul-to-slf4j/1.7.25/jul-to-slf4j-1.7.25.jar:/home/user/.m2/repository/org/eclipse/jetty/jetty-util/9.3.25.v20180904/jetty-util-9.3.25.v20180904.jar:/home/user/.m2/repository/com/fasterxml/jackson/core/jackson-databind/2.9.9/jackson-databind-2.9.9.jar:/home/user/.m2/repository/org/apache/hadoop/hadoop-kms/3.2.0/hadoop-kms-3.2.0-tests.jar:/home/user/.m2/repository/org/apache/hadoop/hadoop-hdds-server-scm/0.5.0-SNAPSHOT/hadoop-hdds-server-scm-0.5.0-SNAPSHOT-tests.jar:/home/user/.m2/repository/org/apache/hadoop/hadoop-hdds-container-service/0.5.0-SNAPSHOT/hadoop-hdds-container-service-0.5.0-SNAPSHOT-tests.jar:/home/user/.m2/repository/org/yaml/snakeyaml/1.16/snakeyaml-1.16.jar:/home/user/.m2/repository/org/apache/hadoop/hadoop-common/3.2.0/hadoop-common-3.2.0-tests.jar:/home/user/.m2/repository/org/apache/hadoop/hadoop-annotations/3.2.0/hadoop-annotations-3.2.0.jar:/usr/lib/jvm/java-1.8-openjdk/jre/../lib/tools.jar:/home/user/.m2/repository/commons-cli/commons-cli/1.2/commons-cli-1.2.jar:/home/user/.m2/repository/org/apache/httpcomponents/httpclient/4.5.2/httpclient-4.5.2.jar:/home/user/.m2/repository/org/apache/httpcomponents/httpcore/4.4.4/httpcore-4.4.4.jar:/home/user/.m2/repository/commons-codec/commons-codec/1.11/commons-codec-1.11.jar:/home/user/.m2/repository/commons-net/commons-net/3.6/commons-net-3.6.jar:/home/user/.m2/repository/commons-collections/commons-collections/3.2.2/commons-collections-3.2.2.jar:/home/user/.m2/repository/org/eclipse/jetty/jetty-servlet/9.3.25.v20180904/jetty-servlet-9.3.25.v20180904.jar:/home/user/.m2/repository/org/eclipse/jetty/jetty-security/9.3.25.v20180904/jetty-security-9.3.25.v20180904.jar:/home/user/.m2/repository/javax/servlet/jsp/jsp-api/2.1/jsp-api-2.1.jar:/home/user/.m2/repository/com/sun/jersey/jersey-servlet/1.19/jersey-servlet-1.19.jar:/home/user/.m2/repository/com/sun/jersey/jersey-json/1.19/jersey-json-1.19.jar:/home/user/.m2/repository/org/codehaus/jettison/jettison/1.1/jettison-1.1.jar:/home/user/.m2/repository/org/codehaus/jackson/jackson-core-asl/1.9.13/jackson-core-asl-1.9.13.jar:/home/user/.m2/repository/org/codehaus/jackson/jackson-mapper-asl/1.9.13/jackson-mapper-asl-1.9.13.jar:/home/user/.m2/repository/org/codehaus/jackson/jackson-jaxrs/1.9.13/jackson-jaxrs-1.9.13.jar:/home/user/.m2/repository/org/codehaus/jackson/jackson-xc/1.9.13/jackson-xc-1.9.13.jar:/home/user/.m2/repository/commons-logging/commons-logging/1.1.3/commons-logging-1.1.3.jar:/home/user/.m2/repository/commons-beanutils/commons-beanutils/1.9.4/commons-beanutils-1.9.4.jar:/home/user/.m2/repository/org/apache/commons/commons-configuration2/2.1.1/commons-configuration2-2.1.1.jar:/home/user/.m2/repository/org/apache/commons/commons-lang3/3.7/commons-lang3-3.7.jar:/home/user/.m2/repository/org/apache/commons/commons-text/1.4/commons-text-1.4.jar:/home/user/.m2/repository/org/apache/avro/avro/1.7.7/avro-1.7.7.jar:/home/user/.m2/repository/com/thoughtworks/paranamer/paranamer/2.3/paranamer-2.3.jar:/home/user/.m2/repository/org/xerial/snappy/snappy-java/1.0.5/snappy-java-1.0.5.jar:/home/user/.m2/repository/com/google/re2j/re2j/1.1/re2j-1.1.jar:/home/user/.m2/repository/com/google/code/gson/gson/2.2.4/gson-2.2.4.jar:/home/user/.m2/repository/com/jcraft/jsch/0.1.54/jsch-0.1.54.jar:/home/user/.m2/repository/org/apache/curator/curator-client/2.12.0/curator-client-2.12.0.jar:/home/user/.m2/repository/org/apache/curator/curator-recipes/2.12.0/curator-recipes-2.12.0.jar:/home/user/.m2/repository/com/google/code/findbugs/jsr305/3.0.0/jsr305-3.0.0.jar:/home/user/.m2/repository/org/apache/htrace/htrace-core4/4.1.0-incubating/htrace-core4-4.1.0-incubating.jar:/home/user/.m2/repository/org/apache/zookeeper/zookeeper/3.4.13/zookeeper-3.4.13.jar:/home/user/.m2/repository/jline/jline/0.9.94/jline-0.9.94.jar:/home/user/.m2/repository/org/apache/yetus/audience-annotations/0.5.0/audience-annotations-0.5.0.jar:/home/user/.m2/repository/org/codehaus/woodstox/stax2-api/3.1.4/stax2-api-3.1.4.jar:/home/user/.m2/repository/com/fasterxml/woodstox/woodstox-core/5.0.3/woodstox-core-5.0.3.jar:/home/user/.m2/repository/dnsjava/dnsjava/2.1.7/dnsjava-2.1.7.jar:/home/user/.m2/repository/org/apache/hadoop/hadoop-hdfs/3.2.0/hadoop-hdfs-3.2.0-tests.jar:/home/user/.m2/repository/org/eclipse/jetty/jetty-util-ajax/9.3.25.v20180904/jetty-util-ajax-9.3.25.v20180904.jar:/home/user/.m2/repository/commons-daemon/commons-daemon/1.0.13/commons-daemon-1.0.13.jar:/home/user/.m2/repository/io/netty/netty/3.10.5.Final/netty-3.10.5.Final.jar:/home/user/.m2/repository/io/netty/netty-all/4.0.52.Final/netty-all-4.0.52.Final.jar:/home/user/.m2/repository/org/fusesource/leveldbjni/leveldbjni-all/1.8/leveldbjni-all-1.8.jar:"/>
    <property name="java.vm.vendor" value="IcedTea"/>
    <property name="sun.arch.data.model" value="64"/>
    <property name="test.build.dir" value="/workdir/hadoop-ozone/integration-test/target/test-dir"/>
    <property name="test.cache.data" value=""/>
    <property name="java.vendor.url" value="https://icedtea.classpath.org"/>
    <property name="user.timezone" value=""/>
    <property name="java.vm.specification.version" value="1.8"/>
    <property name="os.name" value="Linux"/>
    <property name="test.build.data" value="/workdir/hadoop-ozone/integration-test/target/test-dir"/>
    <property name="user.country" value="US"/>
    <property name="sun.java.launcher" value="SUN_STANDARD"/>
    <property name="sun.boot.library.path" value="/usr/lib/jvm/java-1.8-openjdk/jre/lib/amd64"/>
    <property name="sun.java.command" value="/workdir/hadoop-ozone/integration-test/target/surefire/surefirebooter3119038284904938584.jar /workdir/hadoop-ozone/integration-test/target/surefire 2019-09-27T08-07-59_298-jvmRun1 surefire4882616447086547664tmp surefire_697673730274884430330tmp"/>
    <property name="test" value="!TestMiniChaosOzoneCluster"/>
    <property name="surefire.test.class.path" value="/workdir/hadoop-ozone/integration-test/target/test-classes:/workdir/hadoop-ozone/integration-test/target/classes:/home/user/.m2/repository/org/apache/hadoop/hadoop-ozone-common/0.5.0-SNAPSHOT/hadoop-ozone-common-0.5.0-SNAPSHOT.jar:/home/user/.m2/repository/org/apache/commons/commons-compress/1.4.1/commons-compress-1.4.1.jar:/home/user/.m2/repository/org/tukaani/xz/1.0/xz-1.0.jar:/home/user/.m2/repository/org/apache/hadoop/hadoop-common/3.2.0/hadoop-common-3.2.0.jar:/home/user/.m2/repository/org/apache/hadoop/hadoop-hdfs/3.2.0/hadoop-hdfs-3.2.0.jar:/home/user/.m2/repository/org/apache/hadoop/hadoop-hdfs-client/3.2.0/hadoop-hdfs-client-3.2.0.jar:/home/user/.m2/repository/com/fasterxml/jackson/core/jackson-annotations/2.9.9/jackson-annotations-2.9.9.jar:/home/user/.m2/repository/org/apache/hadoop/hadoop-hdds-common/0.5.0-SNAPSHOT/hadoop-hdds-common-0.5.0-SNAPSHOT.jar:/home/user/.m2/repository/javax/annotation/javax.annotation-api/1.2/javax.annotation-api-1.2.jar:/home/user/.m2/repository/org/apache/ratis/ratis-server/0.4.0/ratis-server-0.4.0.jar:/home/user/.m2/repository/org/apache/ratis/ratis-thirdparty-misc/0.2.0/ratis-thirdparty-misc-0.2.0.jar:/home/user/.m2/repository/org/apache/ratis/ratis-proto/0.4.0/ratis-proto-0.4.0.jar:/home/user/.m2/repository/org/apache/ratis/ratis-common/0.4.0/ratis-common-0.4.0.jar:/home/user/.m2/repository/org/apache/ratis/ratis-client/0.4.0/ratis-client-0.4.0.jar:/home/user/.m2/repository/org/apache/ratis/ratis-metrics/0.4.0/ratis-metrics-0.4.0.jar:/home/user/.m2/repository/com/github/joshelser/dropwizard-metrics-hadoop-metrics2-reporter/0.1.2/dropwizard-metrics-hadoop-metrics2-reporter-0.1.2.jar:/home/user/.m2/repository/io/dropwizard/metrics/metrics-jvm/3.2.5/metrics-jvm-3.2.5.jar:/home/user/.m2/repository/io/dropwizard/metrics/metrics-ganglia/3.2.5/metrics-ganglia-3.2.5.jar:/home/user/.m2/repository/info/ganglia/gmetric4j/gmetric4j/1.0.7/gmetric4j-1.0.7.jar:/home/user/.m2/repository/org/apache/ratis/ratis-netty/0.4.0/ratis-netty-0.4.0.jar:/home/user/.m2/repository/org/apache/ratis/ratis-grpc/0.4.0/ratis-grpc-0.4.0.jar:/home/user/.m2/repository/org/rocksdb/rocksdbjni/6.0.1/rocksdbjni-6.0.1.jar:/home/user/.m2/repository/org/apache/logging/log4j/log4j-api/2.11.0/log4j-api-2.11.0.jar:/home/user/.m2/repository/org/apache/logging/log4j/log4j-core/2.11.0/log4j-core-2.11.0.jar:/home/user/.m2/repository/com/lmax/disruptor/3.4.2/disruptor-3.4.2.jar:/home/user/.m2/repository/org/apache/commons/commons-pool2/2.6.0/commons-pool2-2.6.0.jar:/home/user/.m2/repository/org/bouncycastle/bcpkix-jdk15on/1.60/bcpkix-jdk15on-1.60.jar:/home/user/.m2/repository/commons-validator/commons-validator/1.6/commons-validator-1.6.jar:/home/user/.m2/repository/commons-digester/commons-digester/1.8.1/commons-digester-1.8.1.jar:/home/user/.m2/repository/io/jaegertracing/jaeger-client/0.34.0/jaeger-client-0.34.0.jar:/home/user/.m2/repository/io/jaegertracing/jaeger-thrift/0.34.0/jaeger-thrift-0.34.0.jar:/home/user/.m2/repository/org/apache/thrift/libthrift/0.12.0/libthrift-0.12.0.jar:/home/user/.m2/repository/com/squareup/okhttp3/okhttp/3.9.0/okhttp-3.9.0.jar:/home/user/.m2/repository/com/squareup/okio/okio/1.13.0/okio-1.13.0.jar:/home/user/.m2/repository/io/jaegertracing/jaeger-core/0.34.0/jaeger-core-0.34.0.jar:/home/user/.m2/repository/io/jaegertracing/jaeger-tracerresolver/0.34.0/jaeger-tracerresolver-0.34.0.jar:/home/user/.m2/repository/io/opentracing/contrib/opentracing-tracerresolver/0.1.5/opentracing-tracerresolver-0.1.5.jar:/home/user/.m2/repository/io/opentracing/opentracing-util/0.31.0/opentracing-util-0.31.0.jar:/home/user/.m2/repository/io/opentracing/opentracing-api/0.31.0/opentracing-api-0.31.0.jar:/home/user/.m2/repository/io/opentracing/opentracing-noop/0.31.0/opentracing-noop-0.31.0.jar:/home/user/.m2/repository/org/apache/hadoop/hadoop-hdds-server-framework/0.5.0-SNAPSHOT/hadoop-hdds-server-framework-0.5.0-SNAPSHOT.jar:/home/user/.m2/repository/org/apache/hadoop/hadoop-hdds-container-service/0.5.0-SNAPSHOT/hadoop-hdds-container-service-0.5.0-SNAPSHOT.jar:/home/user/.m2/repository/org/apache/hadoop/hadoop-hdds-client/0.5.0-SNAPSHOT/hadoop-hdds-client-0.5.0-SNAPSHOT.jar:/home/user/.m2/repository/org/apache/hadoop/hadoop-hdds-tools/0.5.0-SNAPSHOT/hadoop-hdds-tools-0.5.0-SNAPSHOT.jar:/home/user/.m2/repository/org/apache/hadoop/hadoop-hdds-server-scm/0.5.0-SNAPSHOT/hadoop-hdds-server-scm-0.5.0-SNAPSHOT.jar:/home/user/.m2/repository/org/apache/hadoop/hadoop-hdds-docs/0.5.0-SNAPSHOT/hadoop-hdds-docs-0.5.0-SNAPSHOT.jar:/home/user/.m2/repository/io/dropwizard/metrics/metrics-core/3.2.4/metrics-core-3.2.4.jar:/home/user/.m2/repository/org/hamcrest/hamcrest-all/1.3/hamcrest-all-1.3.jar:/home/user/.m2/repository/org/bouncycastle/bcprov-jdk15on/1.60/bcprov-jdk15on-1.60.jar:/home/user/.m2/repository/info/picocli/picocli/3.9.6/picocli-3.9.6.jar:/home/user/.m2/repository/com/google/protobuf/protobuf-java/2.5.0/protobuf-java-2.5.0.jar:/home/user/.m2/repository/com/google/guava/guava/11.0.2/guava-11.0.2.jar:/home/user/.m2/repository/org/apache/hadoop/hadoop-ozone-ozone-manager/0.5.0-SNAPSHOT/hadoop-ozone-ozone-manager-0.5.0-SNAPSHOT.jar:/home/user/.m2/repository/org/apache/hadoop/hadoop-minikdc/3.2.0/hadoop-minikdc-3.2.0.jar:/home/user/.m2/repository/commons-io/commons-io/2.5/commons-io-2.5.jar:/home/user/.m2/repository/org/apache/kerby/kerb-simplekdc/1.0.1/kerb-simplekdc-1.0.1.jar:/home/user/.m2/repository/org/apache/kerby/kerb-client/1.0.1/kerb-client-1.0.1.jar:/home/user/.m2/repository/org/apache/kerby/kerby-config/1.0.1/kerby-config-1.0.1.jar:/home/user/.m2/repository/org/apache/kerby/kerb-core/1.0.1/kerb-core-1.0.1.jar:/home/user/.m2/repository/org/apache/kerby/kerby-pkix/1.0.1/kerby-pkix-1.0.1.jar:/home/user/.m2/repository/org/apache/kerby/kerby-asn1/1.0.1/kerby-asn1-1.0.1.jar:/home/user/.m2/repository/org/apache/kerby/kerby-util/1.0.1/kerby-util-1.0.1.jar:/home/user/.m2/repository/org/apache/kerby/kerb-common/1.0.1/kerb-common-1.0.1.jar:/home/user/.m2/repository/org/apache/kerby/kerb-crypto/1.0.1/kerb-crypto-1.0.1.jar:/home/user/.m2/repository/org/apache/kerby/kerb-util/1.0.1/kerb-util-1.0.1.jar:/home/user/.m2/repository/org/apache/kerby/token-provider/1.0.1/token-provider-1.0.1.jar:/home/user/.m2/repository/org/apache/kerby/kerb-admin/1.0.1/kerb-admin-1.0.1.jar:/home/user/.m2/repository/org/apache/kerby/kerb-server/1.0.1/kerb-server-1.0.1.jar:/home/user/.m2/repository/org/apache/kerby/kerb-identity/1.0.1/kerb-identity-1.0.1.jar:/home/user/.m2/repository/org/apache/kerby/kerby-xdr/1.0.1/kerby-xdr-1.0.1.jar:/home/user/.m2/repository/org/slf4j/slf4j-log4j12/1.7.25/slf4j-log4j12-1.7.25.jar:/home/user/.m2/repository/org/apache/hadoop/hadoop-ozone-s3gateway/0.5.0-SNAPSHOT/hadoop-ozone-s3gateway-0.5.0-SNAPSHOT.jar:/home/user/.m2/repository/org/jboss/weld/servlet/weld-servlet/2.4.7.Final/weld-servlet-2.4.7.Final.jar:/home/user/.m2/repository/org/glassfish/jersey/containers/jersey-container-servlet-core/2.27/jersey-container-servlet-core-2.27.jar:/home/user/.m2/repository/org/glassfish/hk2/external/javax.inject/2.5.0-b42/javax.inject-2.5.0-b42.jar:/home/user/.m2/repository/org/glassfish/jersey/core/jersey-common/2.27/jersey-common-2.27.jar:/home/user/.m2/repository/org/glassfish/hk2/osgi-resource-locator/1.0.1/osgi-resource-locator-1.0.1.jar:/home/user/.m2/repository/javax/ws/rs/javax.ws.rs-api/2.1/javax.ws.rs-api-2.1.jar:/home/user/.m2/repository/org/glassfish/jersey/ext/cdi/jersey-cdi1x/2.27/jersey-cdi1x-2.27.jar:/home/user/.m2/repository/org/glassfish/jersey/inject/jersey-hk2/2.27/jersey-hk2-2.27.jar:/home/user/.m2/repository/org/glassfish/hk2/hk2-locator/2.5.0-b42/hk2-locator-2.5.0-b42.jar:/home/user/.m2/repository/org/javassist/javassist/3.22.0-CR2/javassist-3.22.0-CR2.jar:/home/user/.m2/repository/org/glassfish/hk2/hk2-api/2.5.0/hk2-api-2.5.0.jar:/home/user/.m2/repository/org/glassfish/hk2/external/jakarta.inject/2.5.0/jakarta.inject-2.5.0.jar:/home/user/.m2/repository/org/glassfish/hk2/hk2-utils/2.5.0/hk2-utils-2.5.0.jar:/home/user/.m2/repository/jakarta/annotation/jakarta.annotation-api/1.3.4/jakarta.annotation-api-1.3.4.jar:/home/user/.m2/repository/org/glassfish/hk2/external/aopalliance-repackaged/2.5.0/aopalliance-repackaged-2.5.0.jar:/home/user/.m2/repository/com/fasterxml/jackson/dataformat/jackson-dataformat-xml/2.9.0/jackson-dataformat-xml-2.9.0.jar:/home/user/.m2/repository/com/fasterxml/jackson/core/jackson-core/2.9.9/jackson-core-2.9.9.jar:/home/user/.m2/repository/com/fasterxml/jackson/module/jackson-module-jaxb-annotations/2.9.9/jackson-module-jaxb-annotations-2.9.9.jar:/home/user/.m2/repository/javax/enterprise/cdi-api/1.2/cdi-api-1.2.jar:/home/user/.m2/repository/javax/el/javax.el-api/3.0.0/javax.el-api-3.0.0.jar:/home/user/.m2/repository/javax/interceptor/javax.interceptor-api/1.2/javax.interceptor-api-1.2.jar:/home/user/.m2/repository/javax/inject/javax.inject/1/javax.inject-1.jar:/home/user/.m2/repository/com/sun/xml/bind/jaxb-impl/2.3.0.1/jaxb-impl-2.3.0.1.jar:/home/user/.m2/repository/com/sun/xml/bind/jaxb-core/2.3.0.1/jaxb-core-2.3.0.1.jar:/home/user/.m2/repository/javax/xml/bind/jaxb-api/2.3.0/jaxb-api-2.3.0.jar:/home/user/.m2/repository/javax/activation/activation/1.1.1/activation-1.1.1.jar:/home/user/.m2/repository/org/apache/hadoop/hadoop-ozone-csi/0.5.0-SNAPSHOT/hadoop-ozone-csi-0.5.0-SNAPSHOT.jar:/home/user/.m2/repository/com/google/protobuf/protobuf-java-util/3.5.1/protobuf-java-util-3.5.1.jar:/home/user/.m2/repository/org/apache/hadoop/hadoop-hdds-config/0.5.0-SNAPSHOT/hadoop-hdds-config-0.5.0-SNAPSHOT.jar:/home/user/.m2/repository/io/grpc/grpc-netty/1.17.1/grpc-netty-1.17.1.jar:/home/user/.m2/repository/io/grpc/grpc-core/1.17.1/grpc-core-1.17.1.jar:/home/user/.m2/repository/io/grpc/grpc-context/1.17.1/grpc-context-1.17.1.jar:/home/user/.m2/repository/com/google/errorprone/error_prone_annotations/2.2.0/error_prone_annotations-2.2.0.jar:/home/user/.m2/repository/org/codehaus/mojo/animal-sniffer-annotations/1.17/animal-sniffer-annotations-1.17.jar:/home/user/.m2/repository/io/opencensus/opencensus-api/0.17.0/opencensus-api-0.17.0.jar:/home/user/.m2/repository/io/opencensus/opencensus-contrib-grpc-metrics/0.17.0/opencensus-contrib-grpc-metrics-0.17.0.jar:/home/user/.m2/repository/io/netty/netty-codec-http2/4.1.30.Final/netty-codec-http2-4.1.30.Final.jar:/home/user/.m2/repository/io/netty/netty-codec-http/4.1.30.Final/netty-codec-http-4.1.30.Final.jar:/home/user/.m2/repository/io/netty/netty-codec/4.1.30.Final/netty-codec-4.1.30.Final.jar:/home/user/.m2/repository/io/netty/netty-handler/4.1.30.Final/netty-handler-4.1.30.Final.jar:/home/user/.m2/repository/io/netty/netty-handler-proxy/4.1.30.Final/netty-handler-proxy-4.1.30.Final.jar:/home/user/.m2/repository/io/netty/netty-codec-socks/4.1.30.Final/netty-codec-socks-4.1.30.Final.jar:/home/user/.m2/repository/io/netty/netty-transport-native-epoll/4.1.30.Final/netty-transport-native-epoll-4.1.30.Final.jar:/home/user/.m2/repository/io/netty/netty-common/4.1.30.Final/netty-common-4.1.30.Final.jar:/home/user/.m2/repository/io/netty/netty-buffer/4.1.30.Final/netty-buffer-4.1.30.Final.jar:/home/user/.m2/repository/io/netty/netty-transport/4.1.30.Final/netty-transport-4.1.30.Final.jar:/home/user/.m2/repository/io/netty/netty-resolver/4.1.30.Final/netty-resolver-4.1.30.Final.jar:/home/user/.m2/repository/io/netty/netty-transport-native-unix-common/4.1.30.Final/netty-transport-native-unix-common-4.1.30.Final.jar:/home/user/.m2/repository/io/grpc/grpc-protobuf/1.17.1/grpc-protobuf-1.17.1.jar:/home/user/.m2/repository/com/google/api/grpc/proto-google-common-protos/1.0.0/proto-google-common-protos-1.0.0.jar:/home/user/.m2/repository/io/grpc/grpc-protobuf-lite/1.17.1/grpc-protobuf-lite-1.17.1.jar:/home/user/.m2/repository/io/grpc/grpc-stub/1.17.1/grpc-stub-1.17.1.jar:/home/user/.m2/repository/org/apache/hadoop/hadoop-ozone-recon/0.5.0-SNAPSHOT/hadoop-ozone-recon-0.5.0-SNAPSHOT.jar:/home/user/.m2/repository/org/apache/hadoop/hadoop-ozone-reconcodegen/0.5.0-SNAPSHOT/hadoop-ozone-reconcodegen-0.5.0-SNAPSHOT.jar:/home/user/.m2/repository/com/google/inject/extensions/guice-multibindings/4.0/guice-multibindings-4.0.jar:/home/user/.m2/repository/com/google/inject/guice/4.0/guice-4.0.jar:/home/user/.m2/repository/aopalliance/aopalliance/1.0/aopalliance-1.0.jar:/home/user/.m2/repository/com/google/inject/extensions/guice-servlet/4.0/guice-servlet-4.0.jar:/home/user/.m2/repository/org/glassfish/jersey/containers/jersey-container-servlet/2.27/jersey-container-servlet-2.27.jar:/home/user/.m2/repository/org/glassfish/hk2/guice-bridge/2.5.0/guice-bridge-2.5.0.jar:/home/user/.m2/repository/org/glassfish/jersey/core/jersey-server/2.27/jersey-server-2.27.jar:/home/user/.m2/repository/org/glassfish/jersey/core/jersey-client/2.27/jersey-client-2.27.jar:/home/user/.m2/repository/org/glassfish/jersey/media/jersey-media-jaxb/2.27/jersey-media-jaxb-2.27.jar:/home/user/.m2/repository/javax/validation/validation-api/1.1.0.Final/validation-api-1.1.0.Final.jar:/home/user/.m2/repository/org/glassfish/jersey/media/jersey-media-json-jackson/2.27/jersey-media-json-jackson-2.27.jar:/home/user/.m2/repository/org/glassfish/jersey/ext/jersey-entity-filtering/2.27/jersey-entity-filtering-2.27.jar:/home/user/.m2/repository/com/google/inject/extensions/guice-assistedinject/4.0/guice-assistedinject-4.0.jar:/home/user/.m2/repository/org/jooq/jooq/3.11.10/jooq-3.11.10.jar:/home/user/.m2/repository/org/jooq/jooq-meta/3.11.10/jooq-meta-3.11.10.jar:/home/user/.m2/repository/org/jooq/jooq-codegen/3.11.10/jooq-codegen-3.11.10.jar:/home/user/.m2/repository/com/jolbox/bonecp/0.8.0.RELEASE/bonecp-0.8.0.RELEASE.jar:/home/user/.m2/repository/org/xerial/sqlite-jdbc/3.25.2/sqlite-jdbc-3.25.2.jar:/home/user/.m2/repository/org/springframework/spring-jdbc/5.1.3.RELEASE/spring-jdbc-5.1.3.RELEASE.jar:/home/user/.m2/repository/org/springframework/spring-beans/5.1.3.RELEASE/spring-beans-5.1.3.RELEASE.jar:/home/user/.m2/repository/org/springframework/spring-core/5.1.3.RELEASE/spring-core-5.1.3.RELEASE.jar:/home/user/.m2/repository/org/springframework/spring-jcl/5.1.3.RELEASE/spring-jcl-5.1.3.RELEASE.jar:/home/user/.m2/repository/org/springframework/spring-tx/5.1.3.RELEASE/spring-tx-5.1.3.RELEASE.jar:/home/user/.m2/repository/org/apache/hadoop/hadoop-ozone-client/0.5.0-SNAPSHOT/hadoop-ozone-client-0.5.0-SNAPSHOT.jar:/home/user/.m2/repository/commons-lang/commons-lang/2.6/commons-lang-2.6.jar:/home/user/.m2/repository/org/apache/hadoop/hadoop-ozone-ozone-manager/0.5.0-SNAPSHOT/hadoop-ozone-ozone-manager-0.5.0-SNAPSHOT-tests.jar:/home/user/.m2/repository/junit/junit/4.11/junit-4.11.jar:/home/user/.m2/repository/org/hamcrest/hamcrest-core/1.3/hamcrest-core-1.3.jar:/home/user/.m2/repository/org/openjdk/jmh/jmh-core/1.19/jmh-core-1.19.jar:/home/user/.m2/repository/net/sf/jopt-simple/jopt-simple/4.6/jopt-simple-4.6.jar:/home/user/.m2/repository/org/apache/commons/commons-math3/3.1.1/commons-math3-3.1.1.jar:/home/user/.m2/repository/org/openjdk/jmh/jmh-generator-annprocess/1.19/jmh-generator-annprocess-1.19.jar:/home/user/.m2/repository/org/mockito/mockito-all/1.8.5/mockito-all-1.8.5.jar:/home/user/.m2/repository/org/apache/hadoop/hadoop-kms/3.2.0/hadoop-kms-3.2.0.jar:/home/user/.m2/repository/org/apache/hadoop/hadoop-auth/3.2.0/hadoop-auth-3.2.0.jar:/home/user/.m2/repository/com/nimbusds/nimbus-jose-jwt/4.41.1/nimbus-jose-jwt-4.41.1.jar:/home/user/.m2/repository/com/github/stephenc/jcip/jcip-annotations/1.0-1/jcip-annotations-1.0-1.jar:/home/user/.m2/repository/net/minidev/json-smart/2.3/json-smart-2.3.jar:/home/user/.m2/repository/net/minidev/accessors-smart/1.2/accessors-smart-1.2.jar:/home/user/.m2/repository/org/ow2/asm/asm/5.0.4/asm-5.0.4.jar:/home/user/.m2/repository/org/apache/curator/curator-framework/2.12.0/curator-framework-2.12.0.jar:/home/user/.m2/repository/com/sun/jersey/jersey-core/1.19/jersey-core-1.19.jar:/home/user/.m2/repository/javax/ws/rs/jsr311-api/1.1.1/jsr311-api-1.1.1.jar:/home/user/.m2/repository/com/sun/jersey/jersey-server/1.19/jersey-server-1.19.jar:/home/user/.m2/repository/javax/servlet/javax.servlet-api/3.1.0/javax.servlet-api-3.1.0.jar:/home/user/.m2/repository/org/eclipse/jetty/jetty-server/9.3.25.v20180904/jetty-server-9.3.25.v20180904.jar:/home/user/.m2/repository/org/eclipse/jetty/jetty-http/9.3.25.v20180904/jetty-http-9.3.25.v20180904.jar:/home/user/.m2/repository/org/eclipse/jetty/jetty-io/9.3.25.v20180904/jetty-io-9.3.25.v20180904.jar:/home/user/.m2/repository/org/eclipse/jetty/jetty-webapp/9.3.25.v20180904/jetty-webapp-9.3.25.v20180904.jar:/home/user/.m2/repository/org/eclipse/jetty/jetty-xml/9.3.25.v20180904/jetty-xml-9.3.25.v20180904.jar:/home/user/.m2/repository/log4j/log4j/1.2.17/log4j-1.2.17.jar:/home/user/.m2/repository/org/slf4j/slf4j-api/1.7.25/slf4j-api-1.7.25.jar:/home/user/.m2/repository/org/slf4j/jul-to-slf4j/1.7.25/jul-to-slf4j-1.7.25.jar:/home/user/.m2/repository/org/eclipse/jetty/jetty-util/9.3.25.v20180904/jetty-util-9.3.25.v20180904.jar:/home/user/.m2/repository/com/fasterxml/jackson/core/jackson-databind/2.9.9/jackson-databind-2.9.9.jar:/home/user/.m2/repository/org/apache/hadoop/hadoop-kms/3.2.0/hadoop-kms-3.2.0-tests.jar:/home/user/.m2/repository/org/apache/hadoop/hadoop-hdds-server-scm/0.5.0-SNAPSHOT/hadoop-hdds-server-scm-0.5.0-SNAPSHOT-tests.jar:/home/user/.m2/repository/org/apache/hadoop/hadoop-hdds-container-service/0.5.0-SNAPSHOT/hadoop-hdds-container-service-0.5.0-SNAPSHOT-tests.jar:/home/user/.m2/repository/org/yaml/snakeyaml/1.16/snakeyaml-1.16.jar:/home/user/.m2/repository/org/apache/hadoop/hadoop-common/3.2.0/hadoop-common-3.2.0-tests.jar:/home/user/.m2/repository/org/apache/hadoop/hadoop-annotations/3.2.0/hadoop-annotations-3.2.0.jar:/usr/lib/jvm/java-1.8-openjdk/jre/../lib/tools.jar:/home/user/.m2/repository/commons-cli/commons-cli/1.2/commons-cli-1.2.jar:/home/user/.m2/repository/org/apache/httpcomponents/httpclient/4.5.2/httpclient-4.5.2.jar:/home/user/.m2/repository/org/apache/httpcomponents/httpcore/4.4.4/httpcore-4.4.4.jar:/home/user/.m2/repository/commons-codec/commons-codec/1.11/commons-codec-1.11.jar:/home/user/.m2/repository/commons-net/commons-net/3.6/commons-net-3.6.jar:/home/user/.m2/repository/commons-collections/commons-collections/3.2.2/commons-collections-3.2.2.jar:/home/user/.m2/repository/org/eclipse/jetty/jetty-servlet/9.3.25.v20180904/jetty-servlet-9.3.25.v20180904.jar:/home/user/.m2/repository/org/eclipse/jetty/jetty-security/9.3.25.v20180904/jetty-security-9.3.25.v20180904.jar:/home/user/.m2/repository/javax/servlet/jsp/jsp-api/2.1/jsp-api-2.1.jar:/home/user/.m2/repository/com/sun/jersey/jersey-servlet/1.19/jersey-servlet-1.19.jar:/home/user/.m2/repository/com/sun/jersey/jersey-json/1.19/jersey-json-1.19.jar:/home/user/.m2/repository/org/codehaus/jettison/jettison/1.1/jettison-1.1.jar:/home/user/.m2/repository/org/codehaus/jackson/jackson-core-asl/1.9.13/jackson-core-asl-1.9.13.jar:/home/user/.m2/repository/org/codehaus/jackson/jackson-mapper-asl/1.9.13/jackson-mapper-asl-1.9.13.jar:/home/user/.m2/repository/org/codehaus/jackson/jackson-jaxrs/1.9.13/jackson-jaxrs-1.9.13.jar:/home/user/.m2/repository/org/codehaus/jackson/jackson-xc/1.9.13/jackson-xc-1.9.13.jar:/home/user/.m2/repository/commons-logging/commons-logging/1.1.3/commons-logging-1.1.3.jar:/home/user/.m2/repository/commons-beanutils/commons-beanutils/1.9.4/commons-beanutils-1.9.4.jar:/home/user/.m2/repository/org/apache/commons/commons-configuration2/2.1.1/commons-configuration2-2.1.1.jar:/home/user/.m2/repository/org/apache/commons/commons-lang3/3.7/commons-lang3-3.7.jar:/home/user/.m2/repository/org/apache/commons/commons-text/1.4/commons-text-1.4.jar:/home/user/.m2/repository/org/apache/avro/avro/1.7.7/avro-1.7.7.jar:/home/user/.m2/repository/com/thoughtworks/paranamer/paranamer/2.3/paranamer-2.3.jar:/home/user/.m2/repository/org/xerial/snappy/snappy-java/1.0.5/snappy-java-1.0.5.jar:/home/user/.m2/repository/com/google/re2j/re2j/1.1/re2j-1.1.jar:/home/user/.m2/repository/com/google/code/gson/gson/2.2.4/gson-2.2.4.jar:/home/user/.m2/repository/com/jcraft/jsch/0.1.54/jsch-0.1.54.jar:/home/user/.m2/repository/org/apache/curator/curator-client/2.12.0/curator-client-2.12.0.jar:/home/user/.m2/repository/org/apache/curator/curator-recipes/2.12.0/curator-recipes-2.12.0.jar:/home/user/.m2/repository/com/google/code/findbugs/jsr305/3.0.0/jsr305-3.0.0.jar:/home/user/.m2/repository/org/apache/htrace/htrace-core4/4.1.0-incubating/htrace-core4-4.1.0-incubating.jar:/home/user/.m2/repository/org/apache/zookeeper/zookeeper/3.4.13/zookeeper-3.4.13.jar:/home/user/.m2/repository/jline/jline/0.9.94/jline-0.9.94.jar:/home/user/.m2/repository/org/apache/yetus/audience-annotations/0.5.0/audience-annotations-0.5.0.jar:/home/user/.m2/repository/org/codehaus/woodstox/stax2-api/3.1.4/stax2-api-3.1.4.jar:/home/user/.m2/repository/com/fasterxml/woodstox/woodstox-core/5.0.3/woodstox-core-5.0.3.jar:/home/user/.m2/repository/dnsjava/dnsjava/2.1.7/dnsjava-2.1.7.jar:/home/user/.m2/repository/org/apache/hadoop/hadoop-hdfs/3.2.0/hadoop-hdfs-3.2.0-tests.jar:/home/user/.m2/repository/org/eclipse/jetty/jetty-util-ajax/9.3.25.v20180904/jetty-util-ajax-9.3.25.v20180904.jar:/home/user/.m2/repository/commons-daemon/commons-daemon/1.0.13/commons-daemon-1.0.13.jar:/home/user/.m2/repository/io/netty/netty/3.10.5.Final/netty-3.10.5.Final.jar:/home/user/.m2/repository/io/netty/netty-all/4.0.52.Final/netty-all-4.0.52.Final.jar:/home/user/.m2/repository/org/fusesource/leveldbjni/leveldbjni-all/1.8/leveldbjni-all-1.8.jar:"/>
    <property name="sun.cpu.endian" value="little"/>
    <property name="user.home" value="/home/user"/>
    <property name="user.language" value="en"/>
    <property name="java.specification.vendor" value="Oracle Corporation"/>
    <property name="java.home" value="/usr/lib/jvm/java-1.8-openjdk/jre"/>
    <property name="java.security.krb5.conf" value="/workdir/hadoop-ozone/integration-test/target/test-classes/krb5.conf"/>
    <property name="basedir" value="/workdir/hadoop-ozone/integration-test"/>
    <property name="file.separator" value="/"/>
    <property name="line.separator" value="&#10;"/>
    <property name="java.vm.specification.vendor" value="Oracle Corporation"/>
    <property name="java.specification.name" value="Java Platform API Specification"/>
    <property name="java.awt.graphicsenv" value="sun.awt.X11GraphicsEnvironment"/>
    <property name="surefire.real.class.path" value="/workdir/hadoop-ozone/integration-test/target/surefire/surefirebooter3119038284904938584.jar"/>
    <property name="hadoop.log.dir" value="/workdir/hadoop-ozone/integration-test/target/log"/>
    <property name="sun.boot.class.path" value="/usr/lib/jvm/java-1.8-openjdk/jre/lib/resources.jar:/usr/lib/jvm/java-1.8-openjdk/jre/lib/rt.jar:/usr/lib/jvm/java-1.8-openjdk/jre/lib/sunrsasign.jar:/usr/lib/jvm/java-1.8-openjdk/jre/lib/jsse.jar:/usr/lib/jvm/java-1.8-openjdk/jre/lib/jce.jar:/usr/lib/jvm/java-1.8-openjdk/jre/lib/charsets.jar:/usr/lib/jvm/java-1.8-openjdk/jre/lib/jfr.jar:/usr/lib/jvm/java-1.8-openjdk/jre/classes"/>
    <property name="sun.management.compiler" value="HotSpot 64-Bit Tiered Compilers"/>
    <property name="java.runtime.version" value="1.8.0_212-b04"/>
    <property name="java.net.preferIPv4Stack" value="true"/>
    <property name="user.name" value="jenkins1000"/>
    <property name="path.separator" value=":"/>
    <property name="java.security.egd" value="file:///dev/urandom"/>
    <property name="os.version" value="3.10.0-957.12.2.el7.x86_64"/>
    <property name="java.endorsed.dirs" value="/usr/lib/jvm/java-1.8-openjdk/jre/lib/endorsed"/>
    <property name="java.runtime.name" value="OpenJDK Runtime Environment"/>
    <property name="file.encoding" value="UTF-8"/>
    <property name="java.vm.name" value="OpenJDK 64-Bit Server VM"/>
    <property name="test.build.webapps" value=""/>
    <property name="localRepository" value="/home/user/.m2/repository"/>
    <property name="java.vendor.url.bug" value="https://icedtea.classpath.org/bugzilla"/>
    <property name="java.io.tmpdir" value="/tmp"/>
    <property name="require.test.libhadoop" value=""/>
    <property name="java.version" value="1.8.0_212"/>
    <property name="user.dir" value="/workdir/hadoop-ozone/integration-test"/>
    <property name="os.arch" value="amd64"/>
    <property name="java.vm.specification.name" value="Java Virtual Machine Specification"/>
    <property name="test.build.classes" value="/workdir/hadoop-ozone/integration-test/target/test-classes"/>
    <property name="java.awt.printerjob" value="sun.print.PSPrinterJob"/>
    <property name="sun.os.patch.level" value="unknown"/>
    <property name="hadoop.tmp.dir" value="/workdir/hadoop-ozone/integration-test/target/tmp"/>
    <property name="java.library.path" value="/usr/lib/jvm/java-1.8-openjdk/jre/lib/amd64/server:/usr/lib/jvm/java-1.8-openjdk/jre/lib/amd64:/usr/lib/jvm/java-1.8-openjdk/jre/../lib/amd64:/workdir/hadoop-ozone/integration-test/target/native/target/usr/local/lib:/workdir/hadoop-ozone/integration-test/../../hadoop-common-project/hadoop-common/target/native/target/usr/local/lib:/usr/java/packages/lib/amd64:/usr/lib64:/lib64:/lib:/usr/lib"/>
    <property name="java.vm.info" value="mixed mode"/>
    <property name="java.vendor" value="IcedTea"/>
    <property name="java.vm.version" value="25.212-b04"/>
    <property name="java.ext.dirs" value="/usr/lib/jvm/java-1.8-openjdk/jre/lib/ext:/usr/java/packages/lib/ext"/>
    <property name="sun.io.unicode.encoding" value="UnicodeLittle"/>
    <property name="java.class.version" value="52.0"/>
  </properties>
  <testcase name="org.apache.hadoop.ozone.client.rpc.TestHybridPipelineOnDatanode" classname="org.apache.hadoop.ozone.client.rpc.TestHybridPipelineOnDatanode" time="130.596">
    <error message="Connection refused" type="java.net.ConnectException"><![CDATA[java.net.ConnectException: Connection refused
	at sun.nio.ch.SocketChannelImpl.checkConnect(Native Method)
	at sun.nio.ch.SocketChannelImpl.finishConnect(SocketChannelImpl.java:717)
	at org.apache.hadoop.net.SocketIOWithTimeout.connect(SocketIOWithTimeout.java:206)
	at org.apache.hadoop.net.NetUtils.connect(NetUtils.java:531)
	at org.apache.hadoop.ipc.Client$Connection.setupConnection(Client.java:690)
	at org.apache.hadoop.ipc.Client$Connection.setupIOstreams(Client.java:794)
	at org.apache.hadoop.ipc.Client$Connection.access$3700(Client.java:411)
	at org.apache.hadoop.ipc.Client.getConnection(Client.java:1572)
	at org.apache.hadoop.ipc.Client.call(Client.java:1403)
	at org.apache.hadoop.ipc.Client.call(Client.java:1367)
	at org.apache.hadoop.ipc.ProtobufRpcEngine$Invoker.invoke(ProtobufRpcEngine.java:228)
	at org.apache.hadoop.ipc.ProtobufRpcEngine$Invoker.invoke(ProtobufRpcEngine.java:116)
	at com.sun.proxy.$Proxy36.submitRequest(Unknown Source)
	at sun.reflect.NativeMethodAccessorImpl.invoke0(Native Method)
	at sun.reflect.NativeMethodAccessorImpl.invoke(NativeMethodAccessorImpl.java:62)
	at sun.reflect.DelegatingMethodAccessorImpl.invoke(DelegatingMethodAccessorImpl.java:43)
	at java.lang.reflect.Method.invoke(Method.java:498)
	at org.apache.hadoop.io.retry.RetryInvocationHandler.invokeMethod(RetryInvocationHandler.java:422)
	at org.apache.hadoop.io.retry.RetryInvocationHandler$Call.invokeMethod(RetryInvocationHandler.java:165)
	at org.apache.hadoop.io.retry.RetryInvocationHandler$Call.invoke(RetryInvocationHandler.java:157)
	at org.apache.hadoop.io.retry.RetryInvocationHandler$Call.invokeOnce(RetryInvocationHandler.java:95)
	at org.apache.hadoop.io.retry.RetryInvocationHandler.invoke(RetryInvocationHandler.java:359)
	at com.sun.proxy.$Proxy36.submitRequest(Unknown Source)
	at org.apache.hadoop.ozone.om.protocolPB.OzoneManagerProtocolClientSideTranslatorPB.submitRequest(OzoneManagerProtocolClientSideTranslatorPB.java:338)
	at org.apache.hadoop.ozone.om.protocolPB.OzoneManagerProtocolClientSideTranslatorPB.getServiceInfo(OzoneManagerProtocolClientSideTranslatorPB.java:1223)
	at sun.reflect.NativeMethodAccessorImpl.invoke0(Native Method)
	at sun.reflect.NativeMethodAccessorImpl.invoke(NativeMethodAccessorImpl.java:62)
	at sun.reflect.DelegatingMethodAccessorImpl.invoke(DelegatingMethodAccessorImpl.java:43)
	at java.lang.reflect.Method.invoke(Method.java:498)
	at org.apache.hadoop.hdds.tracing.TraceAllMethod.invoke(TraceAllMethod.java:66)
	at com.sun.proxy.$Proxy37.getServiceInfo(Unknown Source)
	at org.apache.hadoop.ozone.client.rpc.RpcClient.<init>(RpcClient.java:154)
	at org.apache.hadoop.ozone.client.OzoneClientFactory.getClientProtocol(OzoneClientFactory.java:256)
	at org.apache.hadoop.ozone.client.OzoneClientFactory.getClientProtocol(OzoneClientFactory.java:239)
	at org.apache.hadoop.ozone.client.OzoneClientFactory.getClient(OzoneClientFactory.java:75)
	at org.apache.hadoop.ozone.client.rpc.TestHybridPipelineOnDatanode.init(TestHybridPipelineOnDatanode.java:73)
	at sun.reflect.NativeMethodAccessorImpl.invoke0(Native Method)
	at sun.reflect.NativeMethodAccessorImpl.invoke(NativeMethodAccessorImpl.java:62)
	at sun.reflect.DelegatingMethodAccessorImpl.invoke(DelegatingMethodAccessorImpl.java:43)
	at java.lang.reflect.Method.invoke(Method.java:498)
	at org.junit.runners.model.FrameworkMethod$1.runReflectiveCall(FrameworkMethod.java:47)
	at org.junit.internal.runners.model.ReflectiveCallable.run(ReflectiveCallable.java:12)
	at org.junit.runners.model.FrameworkMethod.invokeExplosively(FrameworkMethod.java:44)
	at org.junit.internal.runners.statements.RunBefores.evaluate(RunBefores.java:24)
	at org.junit.internal.runners.statements.RunAfters.evaluate(RunAfters.java:27)
	at org.junit.runners.ParentRunner.run(ParentRunner.java:309)
	at org.apache.maven.surefire.junit4.JUnit4Provider.execute(JUnit4Provider.java:365)
	at org.apache.maven.surefire.junit4.JUnit4Provider.executeWithRerun(JUnit4Provider.java:273)
	at org.apache.maven.surefire.junit4.JUnit4Provider.executeTestSet(JUnit4Provider.java:238)
	at org.apache.maven.surefire.junit4.JUnit4Provider.invoke(JUnit4Provider.java:159)
	at org.apache.maven.surefire.booter.ForkedBooter.invokeProviderInSameClassLoader(ForkedBooter.java:384)
	at org.apache.maven.surefire.booter.ForkedBooter.runSuitesInProcess(ForkedBooter.java:345)
	at org.apache.maven.surefire.booter.ForkedBooter.execute(ForkedBooter.java:126)
	at org.apache.maven.surefire.booter.ForkedBooter.main(ForkedBooter.java:418)
]]></error>
    <system-out><![CDATA[2019-09-27 10:03:45,950 [main] WARN  server.ServerUtils (ServerUtils.java:getScmDbDir(145)) - ozone.scm.db.dirs is not configured. We recommend adding this setting. Falling back to ozone.metadata.dirs instead.
2019-09-27 10:03:46,067 [main] WARN  server.ServerUtils (ServerUtils.java:getScmDbDir(145)) - ozone.scm.db.dirs is not configured. We recommend adding this setting. Falling back to ozone.metadata.dirs instead.
2019-09-27 10:03:46,071 [main] WARN  server.ServerUtils (ServerUtils.java:getScmDbDir(145)) - ozone.scm.db.dirs is not configured. We recommend adding this setting. Falling back to ozone.metadata.dirs instead.
2019-09-27 10:03:46,089 [main] INFO  util.log (Log.java:initialized(192)) - Logging initialized @902ms
2019-09-27 10:03:46,189 [main] INFO  db.DBStoreBuilder (DBStoreBuilder.java:addTable(110)) - using custom profile for table: deletedBlocks
2019-09-27 10:03:46,190 [main] INFO  db.DBStoreBuilder (DBStoreBuilder.java:processTables(161)) - Using default column profile:DBProfile.DISK for Table:deletedBlocks
2019-09-27 10:03:46,190 [main] INFO  db.DBStoreBuilder (DBStoreBuilder.java:addTable(110)) - using custom profile for table: validCerts
2019-09-27 10:03:46,191 [main] INFO  db.DBStoreBuilder (DBStoreBuilder.java:processTables(161)) - Using default column profile:DBProfile.DISK for Table:validCerts
2019-09-27 10:03:46,191 [main] INFO  db.DBStoreBuilder (DBStoreBuilder.java:addTable(110)) - using custom profile for table: revokedCerts
2019-09-27 10:03:46,192 [main] INFO  db.DBStoreBuilder (DBStoreBuilder.java:processTables(161)) - Using default column profile:DBProfile.DISK for Table:revokedCerts
2019-09-27 10:03:46,211 [main] INFO  db.DBStoreBuilder (DBStoreBuilder.java:addTable(110)) - using custom profile for table: default
2019-09-27 10:03:46,211 [main] INFO  db.DBStoreBuilder (DBStoreBuilder.java:processTables(167)) - Using default column profile:DBProfile.DISK for Table:default
2019-09-27 10:03:46,214 [main] INFO  db.DBStoreBuilder (DBStoreBuilder.java:getDbProfile(198)) - Using default options. DBProfile.DISK
2019-09-27 10:03:46,538 [main] INFO  net.NodeSchemaLoader (NodeSchemaLoader.java:loadSchemaFromFile(125)) - Loading file from sun.misc.CompoundEnumeration@a1153bc
2019-09-27 10:03:46,540 [main] INFO  net.NodeSchemaLoader (NodeSchemaLoader.java:loadSchema(171)) - Loading network topology layer schema file
2019-09-27 10:03:46,609 [main] WARN  server.ServerUtils (ServerUtils.java:sanitizeUserArgs(70)) - ozone.scm.stale.node.interval value = 300000 is larger than max = 100000 based on the key value of ozone.scm.heartbeat.thread.interval, reset to the max value 100000.
2019-09-27 10:03:46,610 [main] WARN  server.ServerUtils (ServerUtils.java:sanitizeUserArgs(70)) - ozone.scm.stale.node.interval value = 300000 is larger than max = 100000 based on the key value of ozone.scm.heartbeat.thread.interval, reset to the max value 100000.
2019-09-27 10:03:46,613 [main] INFO  node.SCMNodeManager (SCMNodeManager.java:<init>(114)) - Entering startup safe mode.
2019-09-27 10:03:46,684 [main] INFO  algorithms.ContainerPlacementPolicyFactory (ContainerPlacementPolicyFactory.java:getPolicy(57)) - Create container placement policy of type org.apache.hadoop.hdds.scm.container.placement.algorithms.SCMContainerPlacementRandom
2019-09-27 10:03:46,698 [main] WARN  server.ServerUtils (ServerUtils.java:getScmDbDir(145)) - ozone.scm.db.dirs is not configured. We recommend adding this setting. Falling back to ozone.metadata.dirs instead.
2019-09-27 10:03:46,770 [main] INFO  pipeline.SCMPipelineManager (SCMPipelineManager.java:initializePipelineState(132)) - No pipeline exists in current db
2019-09-27 10:03:46,773 [main] WARN  server.ServerUtils (ServerUtils.java:getScmDbDir(145)) - ozone.scm.db.dirs is not configured. We recommend adding this setting. Falling back to ozone.metadata.dirs instead.
2019-09-27 10:03:46,928 [main] WARN  events.EventQueue (EventQueue.java:fireEvent(183)) - No event handler registered for event TypedEvent{payloadType=SafeModeStatus, name='SafeModeStatus'}
2019-09-27 10:03:47,280 [main] INFO  ipc.CallQueueManager (CallQueueManager.java:<init>(84)) - Using callQueue: class java.util.concurrent.LinkedBlockingQueue, queueCapacity: 2000, scheduler: class org.apache.hadoop.ipc.DefaultRpcScheduler, ipcBackoff: false.
2019-09-27 10:03:47,308 [Socket Reader #1 for port 40771] INFO  ipc.Server (Server.java:run(1074)) - Starting Socket Reader #1 for port 40771
2019-09-27 10:03:47,469 [main] INFO  ipc.CallQueueManager (CallQueueManager.java:<init>(84)) - Using callQueue: class java.util.concurrent.LinkedBlockingQueue, queueCapacity: 2000, scheduler: class org.apache.hadoop.ipc.DefaultRpcScheduler, ipcBackoff: false.
2019-09-27 10:03:47,470 [Socket Reader #1 for port 39353] INFO  ipc.Server (Server.java:run(1074)) - Starting Socket Reader #1 for port 39353
2019-09-27 10:03:47,481 [main] INFO  ipc.CallQueueManager (CallQueueManager.java:<init>(84)) - Using callQueue: class java.util.concurrent.LinkedBlockingQueue, queueCapacity: 2000, scheduler: class org.apache.hadoop.ipc.DefaultRpcScheduler, ipcBackoff: false.
2019-09-27 10:03:47,482 [Socket Reader #1 for port 38099] INFO  ipc.Server (Server.java:run(1074)) - Starting Socket Reader #1 for port 38099
2019-09-27 10:03:47,509 [main] INFO  hdfs.DFSUtil (DFSUtil.java:httpServerTemplateForNNAndJN(1641)) - Starting Web-server for scm at: http://0.0.0.0:0
2019-09-27 10:03:47,659 [main] INFO  server.AuthenticationFilter (AuthenticationFilter.java:constructSecretProvider(240)) - Unable to initialize FileSignerSecretProvider, falling back to use random secrets.
2019-09-27 10:03:47,666 [main] WARN  http.HttpRequestLog (HttpRequestLog.java:getRequestLog(97)) - Jetty request log can only be enabled using Log4j
2019-09-27 10:03:47,677 [main] INFO  http.HttpServer2 (HttpServer2.java:addGlobalFilter(975)) - Added global filter 'safety' (class=org.apache.hadoop.http.HttpServer2$QuotingInputFilter)
2019-09-27 10:03:47,681 [main] INFO  http.HttpServer2 (HttpServer2.java:addFilter(948)) - Added filter static_user_filter (class=org.apache.hadoop.http.lib.StaticUserWebFilter$StaticUserFilter) to context scm
2019-09-27 10:03:47,681 [main] INFO  http.HttpServer2 (HttpServer2.java:addFilter(958)) - Added filter static_user_filter (class=org.apache.hadoop.http.lib.StaticUserWebFilter$StaticUserFilter) to context logs
2019-09-27 10:03:47,682 [main] INFO  http.HttpServer2 (HttpServer2.java:addFilter(958)) - Added filter static_user_filter (class=org.apache.hadoop.http.lib.StaticUserWebFilter$StaticUserFilter) to context static
2019-09-27 10:03:47,716 [main] INFO  server.StorageContainerManager (StorageContainerManager.java:start(770)) - StorageContainerLocationProtocol RPC server is listening at /0.0.0.0:38099
2019-09-27 10:03:47,791 [main] WARN  impl.MetricsConfig (MetricsConfig.java:loadFirst(134)) - Cannot locate configuration: tried hadoop-metrics2-storagecontainermanager.properties,hadoop-metrics2.properties
2019-09-27 10:03:47,808 [main] INFO  impl.MetricsSystemImpl (MetricsSystemImpl.java:startTimer(374)) - Scheduled Metric snapshot period at 10 second(s).
2019-09-27 10:03:47,808 [main] INFO  impl.MetricsSystemImpl (MetricsSystemImpl.java:start(191)) - StorageContainerManager metrics system started
2019-09-27 10:03:48,038 [main] INFO  server.SCMClientProtocolServer (SCMClientProtocolServer.java:start(151)) - RPC server for Client  is listening at /0.0.0.0:38099
2019-09-27 10:03:48,039 [IPC Server Responder] INFO  ipc.Server (Server.java:run(1314)) - IPC Server Responder: starting
2019-09-27 10:03:48,039 [IPC Server listener on 38099] INFO  ipc.Server (Server.java:run(1153)) - IPC Server listener on 38099: starting
2019-09-27 10:03:48,043 [main] INFO  server.StorageContainerManager (StorageContainerManager.java:start(780)) - ScmBlockLocationProtocol RPC server is listening at /0.0.0.0:39353
2019-09-27 10:03:48,044 [main] INFO  server.SCMBlockProtocolServer (SCMBlockProtocolServer.java:start(146)) - RPC server for Block Protocol is listening at /0.0.0.0:39353
2019-09-27 10:03:48,045 [IPC Server listener on 39353] INFO  ipc.Server (Server.java:run(1153)) - IPC Server listener on 39353: starting
2019-09-27 10:03:48,045 [IPC Server Responder] INFO  ipc.Server (Server.java:run(1314)) - IPC Server Responder: starting
2019-09-27 10:03:48,051 [main] INFO  server.StorageContainerManager (StorageContainerManager.java:start(784)) - ScmDatanodeProtocl RPC server is listening at /0.0.0.0:40771
2019-09-27 10:03:48,051 [main] INFO  server.SCMDatanodeProtocolServer (SCMDatanodeProtocolServer.java:start(191)) - RPC server for DataNodes is listening at /0.0.0.0:40771
2019-09-27 10:03:48,052 [IPC Server Responder] INFO  ipc.Server (Server.java:run(1314)) - IPC Server Responder: starting
2019-09-27 10:03:48,052 [IPC Server listener on 40771] INFO  ipc.Server (Server.java:run(1153)) - IPC Server listener on 40771: starting
2019-09-27 10:03:48,059 [main] INFO  http.HttpServer2 (HttpServer2.java:bindListener(1191)) - Jetty bound to port 39033
2019-09-27 10:03:48,060 [main] INFO  server.Server (Server.java:doStart(351)) - jetty-9.3.25.v20180904, build timestamp: 2018-09-04T21:11:46Z, git hash: 3ce520221d0240229c862b122d2b06c12a625732
2019-09-27 10:03:48,096 [main] INFO  handler.ContextHandler (ContextHandler.java:doStart(781)) - Started o.e.j.s.ServletContextHandler@732f29af{/logs,file:///workdir/hadoop-ozone/integration-test/target/log,AVAILABLE}
2019-09-27 10:03:48,096 [main] INFO  handler.ContextHandler (ContextHandler.java:doStart(781)) - Started o.e.j.s.ServletContextHandler@6622fc65{/static,file:///workdir/hadoop-ozone/integration-test/target/test-classes/webapps/static,AVAILABLE}
2019-09-27 10:03:48,126 [main] INFO  handler.ContextHandler (ContextHandler.java:doStart(781)) - Started o.e.j.w.WebAppContext@7555b920{/,file:///workdir/hadoop-ozone/integration-test/target/test-classes/webapps/scm/,AVAILABLE}{/scm}
2019-09-27 10:03:48,130 [main] INFO  server.AbstractConnector (AbstractConnector.java:doStart(278)) - Started ServerConnector@6db66836{HTTP/1.1,[http/1.1]}{0.0.0.0:39033}
2019-09-27 10:03:48,131 [main] INFO  server.Server (Server.java:doStart(419)) - Started @2945ms
2019-09-27 10:03:48,133 [main] INFO  impl.MetricsSinkAdapter (MetricsSinkAdapter.java:start(204)) - Sink prometheus started
2019-09-27 10:03:48,133 [main] INFO  impl.MetricsSystemImpl (MetricsSystemImpl.java:registerSink(301)) - Registered sink prometheus
2019-09-27 10:03:48,134 [main] INFO  server.BaseHttpServer (BaseHttpServer.java:updateConnectorAddress(215)) - HTTP server of SCM is listening at http://0.0.0.0:39033
2019-09-27 10:03:48,140 [org.apache.hadoop.util.JvmPauseMonitor$Monitor@78461bc4] INFO  util.JvmPauseMonitor (JvmPauseMonitor.java:run(188)) - Starting JVM pause monitor
2019-09-27 10:03:48,142 [main] WARN  server.ServerUtils (ServerUtils.java:getDBPath(222)) - ozone.om.db.dirs is not configured. We recommend adding this setting. Falling back to ozone.metadata.dirs instead.
2019-09-27 10:03:48,235 [main] INFO  ha.OMHANodeDetails (OMHANodeDetails.java:loadOMHAConfig(194)) - Configuration either no ozone.om.address set. Falling back to the default OM address /127.0.0.1:0
2019-09-27 10:03:48,236 [main] INFO  ha.OMHANodeDetails (OMHANodeDetails.java:getOMNodeDetails(224)) - OM Service ID is not set. Setting it to the default ID: omServiceIdDefault
2019-09-27 10:03:48,237 [main] WARN  server.ServerUtils (ServerUtils.java:getDBPath(222)) - ozone.om.db.dirs is not configured. We recommend adding this setting. Falling back to ozone.metadata.dirs instead.
2019-09-27 10:03:48,238 [main] WARN  server.ServerUtils (ServerUtils.java:getDBPath(222)) - ozone.om.db.dirs is not configured. We recommend adding this setting. Falling back to ozone.metadata.dirs instead.
2019-09-27 10:03:48,884 [main] WARN  server.ServerUtils (ServerUtils.java:getDBPath(222)) - ozone.om.db.dirs is not configured. We recommend adding this setting. Falling back to ozone.metadata.dirs instead.
2019-09-27 10:03:48,890 [main] INFO  db.DBStoreBuilder (DBStoreBuilder.java:addTable(110)) - using custom profile for table: userTable
2019-09-27 10:03:48,890 [main] INFO  db.DBStoreBuilder (DBStoreBuilder.java:processTables(161)) - Using default column profile:DBProfile.DISK for Table:userTable
2019-09-27 10:03:48,891 [main] INFO  db.DBStoreBuilder (DBStoreBuilder.java:addTable(110)) - using custom profile for table: volumeTable
2019-09-27 10:03:48,891 [main] INFO  db.DBStoreBuilder (DBStoreBuilder.java:processTables(161)) - Using default column profile:DBProfile.DISK for Table:volumeTable
2019-09-27 10:03:48,891 [main] INFO  db.DBStoreBuilder (DBStoreBuilder.java:addTable(110)) - using custom profile for table: bucketTable
2019-09-27 10:03:48,891 [main] INFO  db.DBStoreBuilder (DBStoreBuilder.java:processTables(161)) - Using default column profile:DBProfile.DISK for Table:bucketTable
2019-09-27 10:03:48,891 [main] INFO  db.DBStoreBuilder (DBStoreBuilder.java:addTable(110)) - using custom profile for table: keyTable
2019-09-27 10:03:48,892 [main] INFO  db.DBStoreBuilder (DBStoreBuilder.java:processTables(161)) - Using default column profile:DBProfile.DISK for Table:keyTable
2019-09-27 10:03:48,892 [main] INFO  db.DBStoreBuilder (DBStoreBuilder.java:addTable(110)) - using custom profile for table: deletedTable
2019-09-27 10:03:48,892 [main] INFO  db.DBStoreBuilder (DBStoreBuilder.java:processTables(161)) - Using default column profile:DBProfile.DISK for Table:deletedTable
2019-09-27 10:03:48,892 [main] INFO  db.DBStoreBuilder (DBStoreBuilder.java:addTable(110)) - using custom profile for table: openKeyTable
2019-09-27 10:03:48,893 [main] INFO  db.DBStoreBuilder (DBStoreBuilder.java:processTables(161)) - Using default column profile:DBProfile.DISK for Table:openKeyTable
2019-09-27 10:03:48,893 [main] INFO  db.DBStoreBuilder (DBStoreBuilder.java:addTable(110)) - using custom profile for table: s3Table
2019-09-27 10:03:48,893 [main] INFO  db.DBStoreBuilder (DBStoreBuilder.java:processTables(161)) - Using default column profile:DBProfile.DISK for Table:s3Table
2019-09-27 10:03:48,893 [main] INFO  db.DBStoreBuilder (DBStoreBuilder.java:addTable(110)) - using custom profile for table: multipartInfoTable
2019-09-27 10:03:48,893 [main] INFO  db.DBStoreBuilder (DBStoreBuilder.java:processTables(161)) - Using default column profile:DBProfile.DISK for Table:multipartInfoTable
2019-09-27 10:03:48,893 [main] INFO  db.DBStoreBuilder (DBStoreBuilder.java:addTable(110)) - using custom profile for table: dTokenTable
2019-09-27 10:03:48,894 [main] INFO  db.DBStoreBuilder (DBStoreBuilder.java:processTables(161)) - Using default column profile:DBProfile.DISK for Table:dTokenTable
2019-09-27 10:03:48,894 [main] INFO  db.DBStoreBuilder (DBStoreBuilder.java:addTable(110)) - using custom profile for table: s3SecretTable
2019-09-27 10:03:48,894 [main] INFO  db.DBStoreBuilder (DBStoreBuilder.java:processTables(161)) - Using default column profile:DBProfile.DISK for Table:s3SecretTable
2019-09-27 10:03:48,894 [main] INFO  db.DBStoreBuilder (DBStoreBuilder.java:addTable(110)) - using custom profile for table: prefixTable
2019-09-27 10:03:48,895 [main] INFO  db.DBStoreBuilder (DBStoreBuilder.java:processTables(161)) - Using default column profile:DBProfile.DISK for Table:prefixTable
2019-09-27 10:03:48,895 [main] INFO  db.DBStoreBuilder (DBStoreBuilder.java:addTable(110)) - using custom profile for table: default
2019-09-27 10:03:48,895 [main] INFO  db.DBStoreBuilder (DBStoreBuilder.java:processTables(167)) - Using default column profile:DBProfile.DISK for Table:default
2019-09-27 10:03:48,895 [main] INFO  db.DBStoreBuilder (DBStoreBuilder.java:getDbProfile(198)) - Using default options. DBProfile.DISK
2019-09-27 10:03:49,242 [main] INFO  ipc.CallQueueManager (CallQueueManager.java:<init>(84)) - Using callQueue: class java.util.concurrent.LinkedBlockingQueue, queueCapacity: 2000, scheduler: class org.apache.hadoop.ipc.DefaultRpcScheduler, ipcBackoff: false.
2019-09-27 10:03:49,244 [Socket Reader #1 for port 38092] INFO  ipc.Server (Server.java:run(1074)) - Starting Socket Reader #1 for port 38092
2019-09-27 10:03:49,269 [main] INFO  om.OzoneManager (OzoneManager.java:start(1069)) - OzoneManager RPC server is listening at localhost/127.0.0.1:38092
2019-09-27 10:03:49,269 [main] INFO  impl.MetricsSystemImpl (MetricsSystemImpl.java:init(158)) - OzoneManager metrics system started (again)
2019-09-27 10:03:49,270 [IPC Server Responder] INFO  ipc.Server (Server.java:run(1314)) - IPC Server Responder: starting
2019-09-27 10:03:49,270 [IPC Server listener on 38092] INFO  ipc.Server (Server.java:run(1153)) - IPC Server listener on 38092: starting
2019-09-27 10:03:49,275 [main] INFO  hdfs.DFSUtil (DFSUtil.java:httpServerTemplateForNNAndJN(1641)) - Starting Web-server for ozoneManager at: http://0.0.0.0:0
2019-09-27 10:03:49,278 [main] INFO  server.AuthenticationFilter (AuthenticationFilter.java:constructSecretProvider(240)) - Unable to initialize FileSignerSecretProvider, falling back to use random secrets.
2019-09-27 10:03:49,279 [main] WARN  http.HttpRequestLog (HttpRequestLog.java:getRequestLog(97)) - Jetty request log can only be enabled using Log4j
2019-09-27 10:03:49,282 [main] INFO  http.HttpServer2 (HttpServer2.java:addGlobalFilter(975)) - Added global filter 'safety' (class=org.apache.hadoop.http.HttpServer2$QuotingInputFilter)
2019-09-27 10:03:49,284 [main] INFO  http.HttpServer2 (HttpServer2.java:addFilter(948)) - Added filter static_user_filter (class=org.apache.hadoop.http.lib.StaticUserWebFilter$StaticUserFilter) to context ozoneManager
2019-09-27 10:03:49,284 [main] INFO  http.HttpServer2 (HttpServer2.java:addFilter(958)) - Added filter static_user_filter (class=org.apache.hadoop.http.lib.StaticUserWebFilter$StaticUserFilter) to context static
2019-09-27 10:03:49,284 [main] INFO  http.HttpServer2 (HttpServer2.java:addFilter(958)) - Added filter static_user_filter (class=org.apache.hadoop.http.lib.StaticUserWebFilter$StaticUserFilter) to context logs
2019-09-27 10:03:49,288 [main] INFO  http.HttpServer2 (HttpServer2.java:bindListener(1191)) - Jetty bound to port 37165
2019-09-27 10:03:49,288 [main] INFO  server.Server (Server.java:doStart(351)) - jetty-9.3.25.v20180904, build timestamp: 2018-09-04T21:11:46Z, git hash: 3ce520221d0240229c862b122d2b06c12a625732
2019-09-27 10:03:49,291 [main] INFO  handler.ContextHandler (ContextHandler.java:doStart(781)) - Started o.e.j.s.ServletContextHandler@67dba613{/logs,file:///workdir/hadoop-ozone/integration-test/target/log,AVAILABLE}
2019-09-27 10:03:49,292 [main] INFO  handler.ContextHandler (ContextHandler.java:doStart(781)) - Started o.e.j.s.ServletContextHandler@5cf8edcf{/static,file:///workdir/hadoop-ozone/integration-test/target/test-classes/webapps/static,AVAILABLE}
2019-09-27 10:03:49,299 [main] INFO  handler.ContextHandler (ContextHandler.java:doStart(781)) - Started o.e.j.w.WebAppContext@22d1886d{/,file:///workdir/hadoop-ozone/integration-test/target/test-classes/webapps/ozoneManager/,AVAILABLE}{/ozoneManager}
2019-09-27 10:03:49,300 [main] INFO  server.AbstractConnector (AbstractConnector.java:doStart(278)) - Started ServerConnector@7df60067{HTTP/1.1,[http/1.1]}{0.0.0.0:37165}
2019-09-27 10:03:49,300 [main] INFO  server.Server (Server.java:doStart(419)) - Started @4114ms
2019-09-27 10:03:49,301 [main] WARN  impl.MetricsSystemImpl (MetricsSystemImpl.java:register(276)) - Sink prometheus already exists!
2019-09-27 10:03:49,302 [main] INFO  server.BaseHttpServer (BaseHttpServer.java:updateConnectorAddress(215)) - HTTP server of OZONEMANAGER is listening at http://0.0.0.0:37165
2019-09-27 10:03:49,599 [main] INFO  impl.MetricsSystemImpl (MetricsSystemImpl.java:init(158)) - HddsDatanode metrics system started (again)
2019-09-27 10:03:49,642 [main] INFO  ozone.HddsDatanodeService (HddsDatanodeService.java:start(184)) - HddsDatanodeService host:pr-hdds2162-4fxhj-20988671 ip:192.168.151.103
2019-09-27 10:03:49,678 [main] INFO  volume.HddsVolume (HddsVolume.java:<init>(176)) - Creating Volume: /workdir/hadoop-ozone/integration-test/target/test-dir/MiniOzoneClusterImpl-120a72d4-51b8-433d-b43c-2500f049a8d2/datanode-0/data/containers/hdds of  storage type : DISK and capacity : 1482555576320
2019-09-27 10:03:49,681 [main] INFO  volume.VolumeSet (VolumeSet.java:initializeVolumeSet(170)) - Added Volume : /workdir/hadoop-ozone/integration-test/target/test-dir/MiniOzoneClusterImpl-120a72d4-51b8-433d-b43c-2500f049a8d2/datanode-0/data/containers/hdds to VolumeSet
2019-09-27 10:03:49,685 [main] INFO  volume.ThrottledAsyncChecker (ThrottledAsyncChecker.java:schedule(139)) - Scheduling a check for org.apache.hadoop.ozone.container.common.volume.HddsVolume@5136207f
2019-09-27 10:03:49,704 [main] INFO  volume.HddsVolumeChecker (HddsVolumeChecker.java:checkAllVolumes(202)) - Scheduled health check for volume org.apache.hadoop.ozone.container.common.volume.HddsVolume@5136207f
2019-09-27 10:03:49,816 [main] INFO  impl.RaftServerProxy (ConfUtils.java:logGet(43)) - raft.rpc.type = GRPC (default)
2019-09-27 10:03:49,890 [main] INFO  grpc.GrpcFactory (GrpcFactory.java:checkPooledByteBufAllocatorUseCacheForAllThreads(45)) - PERFORMANCE WARNING: useCacheForAllThreads is true that may cause Netty to create a lot garbage objects and, as a result, trigger GC.
	It is recommended to disable useCacheForAllThreads by setting -Dorg.apache.ratis.thirdparty.io.netty.allocator.useCacheForAllThreads=false in command line.
2019-09-27 10:03:49,897 [main] INFO  grpc.GrpcConfigKeys$Server (ConfUtils.java:logGet(43)) - raft.grpc.server.port = 0 (default)
2019-09-27 10:03:49,898 [main] INFO  server.GrpcService (ConfUtils.java:logGet(43)) - raft.grpc.message.size.max = 33570816 (custom)
2019-09-27 10:03:49,900 [main] INFO  server.RaftServerConfigKeys (ConfUtils.java:logGet(43)) - raft.server.log.appender.buffer.byte-limit = 33554432 (custom)
2019-09-27 10:03:49,901 [main] INFO  server.GrpcService (ConfUtils.java:logGet(43)) - raft.grpc.flow.control.window = 1MB (=1048576) (default)
2019-09-27 10:03:49,901 [main] INFO  server.RaftServerConfigKeys (ConfUtils.java:logGet(43)) - raft.server.rpc.request.timeout = 3000ms (default)
2019-09-27 10:03:50,084 [main] INFO  server.RaftServerConfigKeys (ConfUtils.java:logGet(43)) - raft.server.storage.dir = [/workdir/hadoop-ozone/integration-test/target/test-dir/MiniOzoneClusterImpl-120a72d4-51b8-433d-b43c-2500f049a8d2/datanode-0/data/ratis] (custom)
2019-09-27 10:03:50,171 [main] INFO  hdfs.DFSUtil (DFSUtil.java:httpServerTemplateForNNAndJN(1641)) - Starting Web-server for hddsDatanode at: http://0.0.0.0:0
2019-09-27 10:03:50,174 [main] INFO  server.AuthenticationFilter (AuthenticationFilter.java:constructSecretProvider(240)) - Unable to initialize FileSignerSecretProvider, falling back to use random secrets.
2019-09-27 10:03:50,176 [main] WARN  http.HttpRequestLog (HttpRequestLog.java:getRequestLog(97)) - Jetty request log can only be enabled using Log4j
2019-09-27 10:03:50,179 [main] INFO  http.HttpServer2 (HttpServer2.java:addGlobalFilter(975)) - Added global filter 'safety' (class=org.apache.hadoop.http.HttpServer2$QuotingInputFilter)
2019-09-27 10:03:50,180 [main] INFO  http.HttpServer2 (HttpServer2.java:addFilter(948)) - Added filter static_user_filter (class=org.apache.hadoop.http.lib.StaticUserWebFilter$StaticUserFilter) to context hddsDatanode
2019-09-27 10:03:50,180 [main] INFO  http.HttpServer2 (HttpServer2.java:addFilter(958)) - Added filter static_user_filter (class=org.apache.hadoop.http.lib.StaticUserWebFilter$StaticUserFilter) to context static
2019-09-27 10:03:50,181 [main] INFO  http.HttpServer2 (HttpServer2.java:addFilter(958)) - Added filter static_user_filter (class=org.apache.hadoop.http.lib.StaticUserWebFilter$StaticUserFilter) to context logs
2019-09-27 10:03:50,182 [main] INFO  http.HttpServer2 (HttpServer2.java:bindListener(1191)) - Jetty bound to port 40935
2019-09-27 10:03:50,183 [main] INFO  server.Server (Server.java:doStart(351)) - jetty-9.3.25.v20180904, build timestamp: 2018-09-04T21:11:46Z, git hash: 3ce520221d0240229c862b122d2b06c12a625732
2019-09-27 10:03:50,186 [main] INFO  handler.ContextHandler (ContextHandler.java:doStart(781)) - Started o.e.j.s.ServletContextHandler@558756be{/logs,file:///workdir/hadoop-ozone/integration-test/target/log,AVAILABLE}
2019-09-27 10:03:50,187 [main] INFO  handler.ContextHandler (ContextHandler.java:doStart(781)) - Started o.e.j.s.ServletContextHandler@6d1dcdff{/static,jar:file:/home/user/.m2/repository/org/apache/hadoop/hadoop-hdds-container-service/0.5.0-SNAPSHOT/hadoop-hdds-container-service-0.5.0-SNAPSHOT.jar!/webapps/static,AVAILABLE}
2019-09-27 10:03:50,233 [main] INFO  handler.ContextHandler (ContextHandler.java:doStart(781)) - Started o.e.j.w.WebAppContext@352c44a8{/,file:///tmp/jetty-0.0.0.0-40935-hddsDatanode-_-any-1875056745996543010.dir/webapp/,AVAILABLE}{/hddsDatanode}
2019-09-27 10:03:50,234 [main] INFO  server.AbstractConnector (AbstractConnector.java:doStart(278)) - Started ServerConnector@7aac8884{HTTP/1.1,[http/1.1]}{0.0.0.0:40935}
2019-09-27 10:03:50,235 [main] INFO  server.Server (Server.java:doStart(419)) - Started @5049ms
2019-09-27 10:03:50,236 [main] WARN  impl.MetricsSystemImpl (MetricsSystemImpl.java:register(276)) - Sink prometheus already exists!
2019-09-27 10:03:50,237 [main] INFO  server.BaseHttpServer (BaseHttpServer.java:updateConnectorAddress(215)) - HTTP server of HDDSDATANODE is listening at http://0.0.0.0:40935
2019-09-27 10:03:50,238 [main] INFO  impl.MetricsSystemImpl (MetricsSystemImpl.java:init(158)) - HddsDatanode metrics system started (again)
2019-09-27 10:03:50,242 [main] INFO  ozone.HddsDatanodeService (HddsDatanodeService.java:start(184)) - HddsDatanodeService host:pr-hdds2162-4fxhj-20988671 ip:192.168.151.103
2019-09-27 10:03:50,244 [org.apache.hadoop.util.JvmPauseMonitor$Monitor@1ab3f102] INFO  util.JvmPauseMonitor (JvmPauseMonitor.java:run(188)) - Starting JVM pause monitor
2019-09-27 10:03:50,252 [main] INFO  volume.HddsVolume (HddsVolume.java:<init>(176)) - Creating Volume: /workdir/hadoop-ozone/integration-test/target/test-dir/MiniOzoneClusterImpl-120a72d4-51b8-433d-b43c-2500f049a8d2/datanode-1/data/containers/hdds of  storage type : DISK and capacity : 1482555576320
2019-09-27 10:03:50,253 [main] INFO  volume.VolumeSet (VolumeSet.java:initializeVolumeSet(170)) - Added Volume : /workdir/hadoop-ozone/integration-test/target/test-dir/MiniOzoneClusterImpl-120a72d4-51b8-433d-b43c-2500f049a8d2/datanode-1/data/containers/hdds to VolumeSet
2019-09-27 10:03:50,253 [main] INFO  volume.ThrottledAsyncChecker (ThrottledAsyncChecker.java:schedule(139)) - Scheduling a check for org.apache.hadoop.ozone.container.common.volume.HddsVolume@117525fe
2019-09-27 10:03:50,254 [main] INFO  volume.HddsVolumeChecker (HddsVolumeChecker.java:checkAllVolumes(202)) - Scheduled health check for volume org.apache.hadoop.ozone.container.common.volume.HddsVolume@117525fe
2019-09-27 10:03:50,270 [main] INFO  impl.RaftServerProxy (ConfUtils.java:logGet(43)) - raft.rpc.type = GRPC (default)
2019-09-27 10:03:50,270 [main] INFO  grpc.GrpcFactory (GrpcFactory.java:checkPooledByteBufAllocatorUseCacheForAllThreads(45)) - PERFORMANCE WARNING: useCacheForAllThreads is true that may cause Netty to create a lot garbage objects and, as a result, trigger GC.
	It is recommended to disable useCacheForAllThreads by setting -Dorg.apache.ratis.thirdparty.io.netty.allocator.useCacheForAllThreads=false in command line.
2019-09-27 10:03:50,271 [main] INFO  grpc.GrpcConfigKeys$Server (ConfUtils.java:logGet(43)) - raft.grpc.server.port = 0 (default)
2019-09-27 10:03:50,271 [main] INFO  server.GrpcService (ConfUtils.java:logGet(43)) - raft.grpc.message.size.max = 33570816 (custom)
2019-09-27 10:03:50,271 [main] INFO  server.RaftServerConfigKeys (ConfUtils.java:logGet(43)) - raft.server.log.appender.buffer.byte-limit = 33554432 (custom)
2019-09-27 10:03:50,272 [main] INFO  server.GrpcService (ConfUtils.java:logGet(43)) - raft.grpc.flow.control.window = 1MB (=1048576) (default)
2019-09-27 10:03:50,272 [main] INFO  server.RaftServerConfigKeys (ConfUtils.java:logGet(43)) - raft.server.rpc.request.timeout = 3000ms (default)
2019-09-27 10:03:50,273 [main] INFO  server.RaftServerConfigKeys (ConfUtils.java:logGet(43)) - raft.server.storage.dir = [/workdir/hadoop-ozone/integration-test/target/test-dir/MiniOzoneClusterImpl-120a72d4-51b8-433d-b43c-2500f049a8d2/datanode-1/data/ratis] (custom)
2019-09-27 10:03:50,276 [main] INFO  hdfs.DFSUtil (DFSUtil.java:httpServerTemplateForNNAndJN(1641)) - Starting Web-server for hddsDatanode at: http://0.0.0.0:0
2019-09-27 10:03:50,278 [main] INFO  server.AuthenticationFilter (AuthenticationFilter.java:constructSecretProvider(240)) - Unable to initialize FileSignerSecretProvider, falling back to use random secrets.
2019-09-27 10:03:50,279 [main] WARN  http.HttpRequestLog (HttpRequestLog.java:getRequestLog(97)) - Jetty request log can only be enabled using Log4j
2019-09-27 10:03:50,280 [main] INFO  http.HttpServer2 (HttpServer2.java:addGlobalFilter(975)) - Added global filter 'safety' (class=org.apache.hadoop.http.HttpServer2$QuotingInputFilter)
2019-09-27 10:03:50,281 [main] INFO  http.HttpServer2 (HttpServer2.java:addFilter(948)) - Added filter static_user_filter (class=org.apache.hadoop.http.lib.StaticUserWebFilter$StaticUserFilter) to context hddsDatanode
2019-09-27 10:03:50,281 [main] INFO  http.HttpServer2 (HttpServer2.java:addFilter(958)) - Added filter static_user_filter (class=org.apache.hadoop.http.lib.StaticUserWebFilter$StaticUserFilter) to context logs
2019-09-27 10:03:50,281 [main] INFO  http.HttpServer2 (HttpServer2.java:addFilter(958)) - Added filter static_user_filter (class=org.apache.hadoop.http.lib.StaticUserWebFilter$StaticUserFilter) to context static
2019-09-27 10:03:50,282 [main] INFO  http.HttpServer2 (HttpServer2.java:bindListener(1191)) - Jetty bound to port 43337
2019-09-27 10:03:50,282 [main] INFO  server.Server (Server.java:doStart(351)) - jetty-9.3.25.v20180904, build timestamp: 2018-09-04T21:11:46Z, git hash: 3ce520221d0240229c862b122d2b06c12a625732
2019-09-27 10:03:50,284 [main] INFO  handler.ContextHandler (ContextHandler.java:doStart(781)) - Started o.e.j.s.ServletContextHandler@77774571{/logs,file:///workdir/hadoop-ozone/integration-test/target/log,AVAILABLE}
2019-09-27 10:03:50,285 [main] INFO  handler.ContextHandler (ContextHandler.java:doStart(781)) - Started o.e.j.s.ServletContextHandler@6cd64ee8{/static,jar:file:/home/user/.m2/repository/org/apache/hadoop/hadoop-hdds-container-service/0.5.0-SNAPSHOT/hadoop-hdds-container-service-0.5.0-SNAPSHOT.jar!/webapps/static,AVAILABLE}
2019-09-27 10:03:50,315 [main] INFO  handler.ContextHandler (ContextHandler.java:doStart(781)) - Started o.e.j.w.WebAppContext@5e519ad3{/,file:///tmp/jetty-0.0.0.0-43337-hddsDatanode-_-any-3939957010817575375.dir/webapp/,AVAILABLE}{/hddsDatanode}
2019-09-27 10:03:50,316 [main] INFO  server.AbstractConnector (AbstractConnector.java:doStart(278)) - Started ServerConnector@7bc44ce8{HTTP/1.1,[http/1.1]}{0.0.0.0:43337}
2019-09-27 10:03:50,316 [main] INFO  server.Server (Server.java:doStart(419)) - Started @5130ms
2019-09-27 10:03:50,317 [main] WARN  impl.MetricsSystemImpl (MetricsSystemImpl.java:register(276)) - Sink prometheus already exists!
2019-09-27 10:03:50,318 [main] INFO  server.BaseHttpServer (BaseHttpServer.java:updateConnectorAddress(215)) - HTTP server of HDDSDATANODE is listening at http://0.0.0.0:43337
2019-09-27 10:03:50,318 [main] INFO  impl.MetricsSystemImpl (MetricsSystemImpl.java:init(158)) - HddsDatanode metrics system started (again)
2019-09-27 10:03:50,321 [main] INFO  ozone.HddsDatanodeService (HddsDatanodeService.java:start(184)) - HddsDatanodeService host:pr-hdds2162-4fxhj-20988671 ip:192.168.151.103
2019-09-27 10:03:50,321 [org.apache.hadoop.util.JvmPauseMonitor$Monitor@52b6f714] INFO  util.JvmPauseMonitor (JvmPauseMonitor.java:run(188)) - Starting JVM pause monitor
2019-09-27 10:03:50,330 [main] INFO  volume.HddsVolume (HddsVolume.java:<init>(176)) - Creating Volume: /workdir/hadoop-ozone/integration-test/target/test-dir/MiniOzoneClusterImpl-120a72d4-51b8-433d-b43c-2500f049a8d2/datanode-2/data/containers/hdds of  storage type : DISK and capacity : 1482555576320
2019-09-27 10:03:50,330 [main] INFO  volume.VolumeSet (VolumeSet.java:initializeVolumeSet(170)) - Added Volume : /workdir/hadoop-ozone/integration-test/target/test-dir/MiniOzoneClusterImpl-120a72d4-51b8-433d-b43c-2500f049a8d2/datanode-2/data/containers/hdds to VolumeSet
2019-09-27 10:03:50,331 [main] INFO  volume.ThrottledAsyncChecker (ThrottledAsyncChecker.java:schedule(139)) - Scheduling a check for org.apache.hadoop.ozone.container.common.volume.HddsVolume@6e0c6a7a
2019-09-27 10:03:50,331 [main] INFO  volume.HddsVolumeChecker (HddsVolumeChecker.java:checkAllVolumes(202)) - Scheduled health check for volume org.apache.hadoop.ozone.container.common.volume.HddsVolume@6e0c6a7a
2019-09-27 10:03:50,344 [main] INFO  impl.RaftServerProxy (ConfUtils.java:logGet(43)) - raft.rpc.type = GRPC (default)
2019-09-27 10:03:50,344 [main] INFO  grpc.GrpcFactory (GrpcFactory.java:checkPooledByteBufAllocatorUseCacheForAllThreads(45)) - PERFORMANCE WARNING: useCacheForAllThreads is true that may cause Netty to create a lot garbage objects and, as a result, trigger GC.
	It is recommended to disable useCacheForAllThreads by setting -Dorg.apache.ratis.thirdparty.io.netty.allocator.useCacheForAllThreads=false in command line.
2019-09-27 10:03:50,345 [main] INFO  grpc.GrpcConfigKeys$Server (ConfUtils.java:logGet(43)) - raft.grpc.server.port = 0 (default)
2019-09-27 10:03:50,345 [main] INFO  server.GrpcService (ConfUtils.java:logGet(43)) - raft.grpc.message.size.max = 33570816 (custom)
2019-09-27 10:03:50,345 [main] INFO  server.RaftServerConfigKeys (ConfUtils.java:logGet(43)) - raft.server.log.appender.buffer.byte-limit = 33554432 (custom)
2019-09-27 10:03:50,345 [main] INFO  server.GrpcService (ConfUtils.java:logGet(43)) - raft.grpc.flow.control.window = 1MB (=1048576) (default)
2019-09-27 10:03:50,345 [main] INFO  server.RaftServerConfigKeys (ConfUtils.java:logGet(43)) - raft.server.rpc.request.timeout = 3000ms (default)
2019-09-27 10:03:50,346 [main] INFO  server.RaftServerConfigKeys (ConfUtils.java:logGet(43)) - raft.server.storage.dir = [/workdir/hadoop-ozone/integration-test/target/test-dir/MiniOzoneClusterImpl-120a72d4-51b8-433d-b43c-2500f049a8d2/datanode-2/data/ratis] (custom)
2019-09-27 10:03:50,348 [main] INFO  hdfs.DFSUtil (DFSUtil.java:httpServerTemplateForNNAndJN(1641)) - Starting Web-server for hddsDatanode at: http://0.0.0.0:0
2019-09-27 10:03:50,349 [main] INFO  server.AuthenticationFilter (AuthenticationFilter.java:constructSecretProvider(240)) - Unable to initialize FileSignerSecretProvider, falling back to use random secrets.
2019-09-27 10:03:50,349 [main] WARN  http.HttpRequestLog (HttpRequestLog.java:getRequestLog(97)) - Jetty request log can only be enabled using Log4j
2019-09-27 10:03:50,351 [main] INFO  http.HttpServer2 (HttpServer2.java:addGlobalFilter(975)) - Added global filter 'safety' (class=org.apache.hadoop.http.HttpServer2$QuotingInputFilter)
2019-09-27 10:03:50,352 [main] INFO  http.HttpServer2 (HttpServer2.java:addFilter(948)) - Added filter static_user_filter (class=org.apache.hadoop.http.lib.StaticUserWebFilter$StaticUserFilter) to context hddsDatanode
2019-09-27 10:03:50,352 [main] INFO  http.HttpServer2 (HttpServer2.java:addFilter(958)) - Added filter static_user_filter (class=org.apache.hadoop.http.lib.StaticUserWebFilter$StaticUserFilter) to context static
2019-09-27 10:03:50,352 [main] INFO  http.HttpServer2 (HttpServer2.java:addFilter(958)) - Added filter static_user_filter (class=org.apache.hadoop.http.lib.StaticUserWebFilter$StaticUserFilter) to context logs
2019-09-27 10:03:50,352 [main] INFO  http.HttpServer2 (HttpServer2.java:bindListener(1191)) - Jetty bound to port 33291
2019-09-27 10:03:50,353 [main] INFO  server.Server (Server.java:doStart(351)) - jetty-9.3.25.v20180904, build timestamp: 2018-09-04T21:11:46Z, git hash: 3ce520221d0240229c862b122d2b06c12a625732
2019-09-27 10:03:50,357 [main] INFO  handler.ContextHandler (ContextHandler.java:doStart(781)) - Started o.e.j.s.ServletContextHandler@5fcfde70{/logs,file:///workdir/hadoop-ozone/integration-test/target/log,AVAILABLE}
2019-09-27 10:03:50,358 [main] INFO  handler.ContextHandler (ContextHandler.java:doStart(781)) - Started o.e.j.s.ServletContextHandler@28da7d11{/static,jar:file:/home/user/.m2/repository/org/apache/hadoop/hadoop-hdds-container-service/0.5.0-SNAPSHOT/hadoop-hdds-container-service-0.5.0-SNAPSHOT.jar!/webapps/static,AVAILABLE}
2019-09-27 10:03:50,387 [main] INFO  handler.ContextHandler (ContextHandler.java:doStart(781)) - Started o.e.j.w.WebAppContext@296e281a{/,file:///tmp/jetty-0.0.0.0-33291-hddsDatanode-_-any-6769963224328920279.dir/webapp/,AVAILABLE}{/hddsDatanode}
2019-09-27 10:03:50,387 [main] INFO  server.AbstractConnector (AbstractConnector.java:doStart(278)) - Started ServerConnector@59cda16e{HTTP/1.1,[http/1.1]}{0.0.0.0:33291}
2019-09-27 10:03:50,388 [main] INFO  server.Server (Server.java:doStart(419)) - Started @5202ms
2019-09-27 10:03:50,389 [main] WARN  impl.MetricsSystemImpl (MetricsSystemImpl.java:register(276)) - Sink prometheus already exists!
2019-09-27 10:03:50,389 [main] INFO  server.BaseHttpServer (BaseHttpServer.java:updateConnectorAddress(215)) - HTTP server of HDDSDATANODE is listening at http://0.0.0.0:33291
2019-09-27 10:03:50,390 [Datanode State Machine Thread - 0] INFO  datanode.InitDatanodeState (InitDatanodeState.java:persistContainerDatanodeDetails(140)) - DatanodeDetails is persisted to /workdir/hadoop-ozone/integration-test/target/test-dir/MiniOzoneClusterImpl-120a72d4-51b8-433d-b43c-2500f049a8d2/datanode-0/meta/datanode.id
2019-09-27 10:03:50,393 [main] INFO  ozone.MiniOzoneClusterImpl (MiniOzoneClusterImpl.java:lambda$waitForClusterToBeReady$0(147)) - Waiting for cluster to be ready. Got 0 of 3 DN Heartbeats.
2019-09-27 10:03:50,394 [org.apache.hadoop.util.JvmPauseMonitor$Monitor@5c7ddf44] INFO  util.JvmPauseMonitor (JvmPauseMonitor.java:run(188)) - Starting JVM pause monitor
2019-09-27 10:03:50,396 [Datanode State Machine Thread - 0] INFO  datanode.InitDatanodeState (InitDatanodeState.java:persistContainerDatanodeDetails(140)) - DatanodeDetails is persisted to /workdir/hadoop-ozone/integration-test/target/test-dir/MiniOzoneClusterImpl-120a72d4-51b8-433d-b43c-2500f049a8d2/datanode-1/meta/datanode.id
2019-09-27 10:03:50,397 [Datanode State Machine Thread - 0] INFO  datanode.InitDatanodeState (InitDatanodeState.java:persistContainerDatanodeDetails(140)) - DatanodeDetails is persisted to /workdir/hadoop-ozone/integration-test/target/test-dir/MiniOzoneClusterImpl-120a72d4-51b8-433d-b43c-2500f049a8d2/datanode-2/meta/datanode.id
2019-09-27 10:03:51,394 [main] INFO  ozone.MiniOzoneClusterImpl (MiniOzoneClusterImpl.java:lambda$waitForClusterToBeReady$0(147)) - Waiting for cluster to be ready. Got 0 of 3 DN Heartbeats.
2019-09-27 10:03:52,324 [Datanode State Machine Thread - 0] INFO  ozoneimpl.OzoneContainer (OzoneContainer.java:start(217)) - Attempting to start container services.
2019-09-27 10:03:52,328 [Datanode State Machine Thread - 0] INFO  ozoneimpl.OzoneContainer (OzoneContainer.java:startContainerScrub(179)) - Background container scanner has been disabled.
2019-09-27 10:03:52,328 [Datanode State Machine Thread - 0] INFO  ratis.XceiverServerRatis (XceiverServerRatis.java:start(411)) - Starting XceiverServerRatis 9e052e44-70ab-4986-ade4-a3f0611f2446 at port 0
2019-09-27 10:03:52,341 [Datanode State Machine Thread - 0] INFO  ozoneimpl.OzoneContainer (OzoneContainer.java:start(217)) - Attempting to start container services.
2019-09-27 10:03:52,350 [Datanode State Machine Thread - 0] INFO  ozoneimpl.OzoneContainer (OzoneContainer.java:startContainerScrub(179)) - Background container scanner has been disabled.
2019-09-27 10:03:52,351 [Datanode State Machine Thread - 0] INFO  ratis.XceiverServerRatis (XceiverServerRatis.java:start(411)) - Starting XceiverServerRatis 1c83a473-6f05-4848-b5de-f56388da1fad at port 0
2019-09-27 10:03:52,363 [Datanode State Machine Thread - 0] INFO  impl.RaftServerProxy (RaftServerProxy.java:lambda$start$3(299)) - 9e052e44-70ab-4986-ade4-a3f0611f2446: start RPC server
2019-09-27 10:03:52,368 [Datanode State Machine Thread - 0] INFO  impl.RaftServerProxy (RaftServerProxy.java:lambda$start$3(299)) - 1c83a473-6f05-4848-b5de-f56388da1fad: start RPC server
2019-09-27 10:03:52,396 [main] INFO  ozone.MiniOzoneClusterImpl (MiniOzoneClusterImpl.java:lambda$waitForClusterToBeReady$0(147)) - Waiting for cluster to be ready. Got 0 of 3 DN Heartbeats.
2019-09-27 10:03:52,411 [Datanode State Machine Thread - 0] INFO  ozoneimpl.OzoneContainer (OzoneContainer.java:start(217)) - Attempting to start container services.
2019-09-27 10:03:52,412 [Datanode State Machine Thread - 0] INFO  ozoneimpl.OzoneContainer (OzoneContainer.java:startContainerScrub(179)) - Background container scanner has been disabled.
2019-09-27 10:03:52,413 [Datanode State Machine Thread - 0] INFO  ratis.XceiverServerRatis (XceiverServerRatis.java:start(411)) - Starting XceiverServerRatis b8058e66-012e-4633-8820-d7963a6bb9b9 at port 0
2019-09-27 10:03:52,423 [Datanode State Machine Thread - 0] INFO  impl.RaftServerProxy (RaftServerProxy.java:lambda$start$3(299)) - b8058e66-012e-4633-8820-d7963a6bb9b9: start RPC server
2019-09-27 10:03:52,526 [Datanode State Machine Thread - 0] INFO  server.GrpcService (GrpcService.java:startImpl(158)) - 9e052e44-70ab-4986-ade4-a3f0611f2446: GrpcService started, listening on 0.0.0.0/0.0.0.0:46348
2019-09-27 10:03:52,526 [Datanode State Machine Thread - 0] INFO  server.GrpcService (GrpcService.java:startImpl(158)) - 1c83a473-6f05-4848-b5de-f56388da1fad: GrpcService started, listening on 0.0.0.0/0.0.0.0:38616
2019-09-27 10:03:52,526 [Datanode State Machine Thread - 0] INFO  server.GrpcService (GrpcService.java:startImpl(158)) - b8058e66-012e-4633-8820-d7963a6bb9b9: GrpcService started, listening on 0.0.0.0/0.0.0.0:36027
2019-09-27 10:03:52,527 [Datanode State Machine Thread - 0] INFO  ratis.XceiverServerRatis (XceiverServerRatis.java:start(421)) - XceiverServerRatis 1c83a473-6f05-4848-b5de-f56388da1fad is started using port 38616
2019-09-27 10:03:52,527 [Datanode State Machine Thread - 0] INFO  ratis.XceiverServerRatis (XceiverServerRatis.java:start(421)) - XceiverServerRatis 9e052e44-70ab-4986-ade4-a3f0611f2446 is started using port 46348
2019-09-27 10:03:52,527 [Datanode State Machine Thread - 0] INFO  ratis.XceiverServerRatis (XceiverServerRatis.java:start(421)) - XceiverServerRatis b8058e66-012e-4633-8820-d7963a6bb9b9 is started using port 36027
2019-09-27 10:03:52,532 [Datanode State Machine Thread - 0] INFO  server.XceiverServerGrpc (XceiverServerGrpc.java:start(149)) - XceiverServerGrpc 9e052e44-70ab-4986-ade4-a3f0611f2446 is started using port 39525
2019-09-27 10:03:52,532 [Datanode State Machine Thread - 0] INFO  server.XceiverServerGrpc (XceiverServerGrpc.java:start(149)) - XceiverServerGrpc 1c83a473-6f05-4848-b5de-f56388da1fad is started using port 33025
2019-09-27 10:03:52,532 [Datanode State Machine Thread - 0] INFO  server.XceiverServerGrpc (XceiverServerGrpc.java:start(149)) - XceiverServerGrpc b8058e66-012e-4633-8820-d7963a6bb9b9 is started using port 38567
2019-09-27 10:03:53,397 [main] INFO  ozone.MiniOzoneClusterImpl (MiniOzoneClusterImpl.java:lambda$waitForClusterToBeReady$0(147)) - Waiting for cluster to be ready. Got 0 of 3 DN Heartbeats.
2019-09-27 10:03:54,291 [IPC Server handler 0 on 40771] INFO  net.NetworkTopology (NetworkTopologyImpl.java:add(111)) - Added a new node: /default-rack/9e052e44-70ab-4986-ade4-a3f0611f2446
2019-09-27 10:03:54,292 [IPC Server handler 0 on 40771] INFO  node.SCMNodeManager (SCMNodeManager.java:register(266)) - Registered Data node : 9e052e44-70ab-4986-ade4-a3f0611f2446{ip: 192.168.151.103, host: pr-hdds2162-4fxhj-20988671, networkLocation: /default-rack, certSerialId: null}
2019-09-27 10:03:54,298 [EventQueue-NodeRegistrationContainerReportForDataNodeSafeModeRule] INFO  safemode.SCMSafeModeManager (DataNodeSafeModeRule.java:process(71)) - SCM in safe mode. 1 DataNodes registered, 1 required.
2019-09-27 10:03:54,299 [EventQueue-NodeRegistrationContainerReportForDataNodeSafeModeRule] INFO  safemode.SCMSafeModeManager (SCMSafeModeManager.java:validateSafeModeExitRules(177)) - ScmSafeModeManager, all rules are successfully validated
2019-09-27 10:03:54,299 [EventQueue-NodeRegistrationContainerReportForDataNodeSafeModeRule] INFO  safemode.SCMSafeModeManager (SCMSafeModeManager.java:exitSafeMode(193)) - SCM exiting safe mode.
2019-09-27 10:03:54,324 [IPC Server handler 1 on 40771] INFO  net.NetworkTopology (NetworkTopologyImpl.java:add(111)) - Added a new node: /default-rack/1c83a473-6f05-4848-b5de-f56388da1fad
2019-09-27 10:03:54,324 [IPC Server handler 1 on 40771] INFO  node.SCMNodeManager (SCMNodeManager.java:register(266)) - Registered Data node : 1c83a473-6f05-4848-b5de-f56388da1fad{ip: 192.168.151.103, host: pr-hdds2162-4fxhj-20988671, networkLocation: /default-rack, certSerialId: null}
2019-09-27 10:03:54,397 [main] INFO  ozone.MiniOzoneClusterImpl (MiniOzoneClusterImpl.java:lambda$waitForClusterToBeReady$0(147)) - Waiting for cluster to be ready. Got 2 of 3 DN Heartbeats.
2019-09-27 10:03:54,398 [IPC Server handler 2 on 40771] INFO  net.NetworkTopology (NetworkTopologyImpl.java:add(111)) - Added a new node: /default-rack/b8058e66-012e-4633-8820-d7963a6bb9b9
2019-09-27 10:03:54,399 [IPC Server handler 2 on 40771] INFO  node.SCMNodeManager (SCMNodeManager.java:register(266)) - Registered Data node : b8058e66-012e-4633-8820-d7963a6bb9b9{ip: 192.168.151.103, host: pr-hdds2162-4fxhj-20988671, networkLocation: /default-rack, certSerialId: null}
2019-09-27 10:03:54,813 [grpc-default-executor-0] INFO  impl.RaftServerProxy (RaftServerProxy.java:addNew(89)) - 9e052e44-70ab-4986-ade4-a3f0611f2446: addNew group-003612B9A191:[9e052e44-70ab-4986-ade4-a3f0611f2446:192.168.151.103:46348] returns group-003612B9A191:java.util.concurrent.CompletableFuture@47c3079b[Not completed]
2019-09-27 10:03:54,830 [pool-27-thread-1] INFO  impl.RaftServerImpl (RaftServerImpl.java:<init>(95)) - 9e052e44-70ab-4986-ade4-a3f0611f2446: new RaftServerImpl for group-003612B9A191:[9e052e44-70ab-4986-ade4-a3f0611f2446:192.168.151.103:46348] with ContainerStateMachine:uninitialized
2019-09-27 10:03:54,832 [pool-27-thread-1] INFO  server.RaftServerConfigKeys (ConfUtils.java:logGet(43)) - raft.server.rpc.timeout.min = 5s (custom)
2019-09-27 10:03:54,834 [pool-27-thread-1] INFO  server.RaftServerConfigKeys (ConfUtils.java:logGet(43)) - raft.server.rpc.timeout.max = 5200ms (custom)
2019-09-27 10:03:54,834 [pool-27-thread-1] INFO  server.RaftServerConfigKeys (ConfUtils.java:logGet(43)) - raft.server.rpcslowness.timeout = 120s (custom)
2019-09-27 10:03:54,835 [pool-27-thread-1] INFO  server.RaftServerConfigKeys (ConfUtils.java:logGet(43)) - raft.server.sleep.deviation.threshold = 300 (default)
2019-09-27 10:03:54,835 [pool-27-thread-1] INFO  server.RaftServerConfigKeys (ConfUtils.java:logGet(43)) - raft.server.log.appender.install.snapshot.enabled = false (custom)
2019-09-27 10:03:54,843 [pool-27-thread-1] INFO  impl.RaftServerImpl (ServerState.java:<init>(103)) - 9e052e44-70ab-4986-ade4-a3f0611f2446@group-003612B9A191: ConfigurationManager, init=-1: [9e052e44-70ab-4986-ade4-a3f0611f2446:192.168.151.103:46348], old=null, confs=<EMPTY_MAP>
2019-09-27 10:03:54,843 [pool-27-thread-1] INFO  server.RaftServerConfigKeys (ConfUtils.java:logGet(43)) - raft.server.storage.dir = [/workdir/hadoop-ozone/integration-test/target/test-dir/MiniOzoneClusterImpl-120a72d4-51b8-433d-b43c-2500f049a8d2/datanode-0/data/ratis] (custom)
2019-09-27 10:03:54,854 [pool-27-thread-1] INFO  storage.RaftStorageDirectory (RaftStorageDirectory.java:analyzeStorage(246)) - The storage directory /workdir/hadoop-ozone/integration-test/target/test-dir/MiniOzoneClusterImpl-120a72d4-51b8-433d-b43c-2500f049a8d2/datanode-0/data/ratis/65523cf2-6041-49b6-bfa7-003612b9a191 does not exist. Creating ...
2019-09-27 10:03:54,873 [pool-27-thread-1] INFO  storage.RaftStorageDirectory (RaftStorageDirectory.java:tryLock(328)) - Lock on /workdir/hadoop-ozone/integration-test/target/test-dir/MiniOzoneClusterImpl-120a72d4-51b8-433d-b43c-2500f049a8d2/datanode-0/data/ratis/65523cf2-6041-49b6-bfa7-003612b9a191/in_use.lock acquired by nodename 942@pr-hdds2162-4fxhj-20988671
2019-09-27 10:03:54,889 [pool-27-thread-1] INFO  storage.RaftStorage (RaftStorage.java:format(72)) - Storage directory /workdir/hadoop-ozone/integration-test/target/test-dir/MiniOzoneClusterImpl-120a72d4-51b8-433d-b43c-2500f049a8d2/datanode-0/data/ratis/65523cf2-6041-49b6-bfa7-003612b9a191 has been successfully formatted.
2019-09-27 10:03:54,892 [pool-27-thread-1] INFO  ratis.ContainerStateMachine (ContainerStateMachine.java:loadSnapshot(230)) - group-003612B9A191: The snapshot info is null. Setting the last applied indexto:(t:0, i:~)
2019-09-27 10:03:54,892 [pool-27-thread-1] INFO  server.RaftServerConfigKeys (ConfUtils.java:logGet(43)) - raft.server.notification.no-leader.timeout = 120s (custom)
2019-09-27 10:03:54,895 [pool-27-thread-1] INFO  server.RaftServerConfigKeys (ConfUtils.java:logGet(43)) - raft.server.log.use.memory = false (default)
2019-09-27 10:03:54,903 [pool-27-thread-1] INFO  server.RaftServerConfigKeys (ConfUtils.java:logGet(43)) - raft.server.log.purge.gap = 1000000 (custom)
2019-09-27 10:03:54,903 [pool-27-thread-1] INFO  server.RaftServerConfigKeys (ConfUtils.java:logGet(43)) - raft.server.log.appender.buffer.byte-limit = 33554432 (custom)
2019-09-27 10:03:54,906 [pool-27-thread-1] INFO  server.RaftServerConfigKeys (ConfUtils.java:logGet(43)) - raft.server.log.segment.size.max = 1048576 (custom)
2019-09-27 10:03:54,911 [pool-27-thread-1] INFO  server.RaftServerConfigKeys (ConfUtils.java:logGet(43)) - raft.server.log.segment.cache.num.max = 2 (custom)
2019-09-27 10:03:54,918 [pool-27-thread-1] INFO  segmented.SegmentedRaftLogWorker (SegmentedRaftLogWorker.java:<init>(172)) - new 9e052e44-70ab-4986-ade4-a3f0611f2446@group-003612B9A191-SegmentedRaftLogWorker for RaftStorage:Storage Directory /workdir/hadoop-ozone/integration-test/target/test-dir/MiniOzoneClusterImpl-120a72d4-51b8-433d-b43c-2500f049a8d2/datanode-0/data/ratis/65523cf2-6041-49b6-bfa7-003612b9a191
2019-09-27 10:03:54,919 [pool-27-thread-1] INFO  impl.MetricsSystemImpl (MetricsSystemImpl.java:init(158)) - ratis metrics system started (again)
2019-09-27 10:03:54,927 [pool-27-thread-1] INFO  metrics.MetricRegistries (MetricRegistriesLoader.java:load(64)) - Loaded MetricRegistries class org.apache.ratis.metrics.impl.MetricRegistriesImpl
2019-09-27 10:03:54,958 [pool-27-thread-1] INFO  server.RaftServerConfigKeys (ConfUtils.java:logGet(43)) - raft.server.log.queue.byte-limit = 2147483647 (custom)
2019-09-27 10:03:54,959 [pool-27-thread-1] INFO  server.RaftServerConfigKeys (ConfUtils.java:logGet(43)) - raft.server.log.queue.element-limit = 1024 (custom)
2019-09-27 10:03:54,962 [pool-27-thread-1] INFO  server.RaftServerConfigKeys (ConfUtils.java:logGet(43)) - raft.server.log.segment.size.max = 1048576 (custom)
2019-09-27 10:03:54,963 [pool-27-thread-1] INFO  server.RaftServerConfigKeys (ConfUtils.java:logGet(43)) - raft.server.log.preallocated.size = 16384 (custom)
2019-09-27 10:03:54,963 [pool-27-thread-1] INFO  server.RaftServerConfigKeys (ConfUtils.java:logGet(43)) - raft.server.log.write.buffer.size = 33554432 (custom)
2019-09-27 10:03:54,964 [pool-27-thread-1] INFO  server.RaftServerConfigKeys (ConfUtils.java:logGet(43)) - raft.server.log.force.sync.num = 128 (default)
2019-09-27 10:03:54,964 [pool-27-thread-1] INFO  server.RaftServerConfigKeys (ConfUtils.java:logGet(43)) - raft.server.log.statemachine.data.sync = true (default)
2019-09-27 10:03:54,965 [pool-27-thread-1] INFO  server.RaftServerConfigKeys (ConfUtils.java:logGet(43)) - raft.server.log.statemachine.data.sync.timeout = 10s (default)
2019-09-27 10:03:54,965 [pool-27-thread-1] INFO  server.RaftServerConfigKeys (ConfUtils.java:logGet(43)) - raft.server.log.statemachine.data.sync.timeout.retry = -1 (default)
2019-09-27 10:03:54,974 [pool-27-thread-1] INFO  server.RaftServerConfigKeys (ConfUtils.java:logGet(43)) - raft.server.log.statemachine.data.caching.enabled = true (custom)
2019-09-27 10:03:54,979 [pool-27-thread-1] INFO  segmented.SegmentedRaftLogWorker (SegmentedRaftLogWorker.java:lambda$new$0(132)) - 9e052e44-70ab-4986-ade4-a3f0611f2446@group-003612B9A191-SegmentedRaftLogWorker: flushIndex: setUnconditionally 0 -> -1
2019-09-27 10:03:54,984 [pool-27-thread-1] INFO  server.RaftServerConfigKeys (ConfUtils.java:logGet(43)) - raft.server.snapshot.auto.trigger.enabled = true (custom)
2019-09-27 10:03:54,985 [pool-27-thread-1] INFO  server.RaftServerConfigKeys (ConfUtils.java:logGet(43)) - raft.server.snapshot.auto.trigger.threshold = 10000 (custom)
2019-09-27 10:03:54,985 [pool-27-thread-1] INFO  server.RaftServerConfigKeys (ConfUtils.java:logGet(43)) - raft.server.snapshot.retention.num.files = 5 (custom)
2019-09-27 10:03:54,986 [pool-27-thread-1] INFO  server.RaftServerConfigKeys (ConfUtils.java:logGet(43)) - raft.server.retrycache.expirytime = 600000ms (custom)
2019-09-27 10:03:55,011 [pool-27-thread-1] INFO  impl.RaftServerImpl (RaftServerImpl.java:start(185)) - 9e052e44-70ab-4986-ade4-a3f0611f2446@group-003612B9A191: start as a follower, conf=-1: [9e052e44-70ab-4986-ade4-a3f0611f2446:192.168.151.103:46348], old=null
2019-09-27 10:03:55,012 [pool-27-thread-1] INFO  impl.RaftServerImpl (RaftServerImpl.java:setRole(174)) - 9e052e44-70ab-4986-ade4-a3f0611f2446@group-003612B9A191: changes role from      null to FOLLOWER at term 0 for startAsFollower
2019-09-27 10:03:55,014 [pool-27-thread-1] INFO  impl.RoleInfo (RoleInfo.java:updateAndGet(143)) - 9e052e44-70ab-4986-ade4-a3f0611f2446: start FollowerState
2019-09-27 10:03:55,015 [pool-27-thread-1] INFO  util.JmxRegister (JmxRegister.java:tryRegister(44)) - Successfully registered JMX Bean with object name Ratis:service=RaftServer,group=group-003612B9A191,id=9e052e44-70ab-4986-ade4-a3f0611f2446
2019-09-27 10:03:55,086 [RatisPipelineUtilsThread] INFO  pipeline.PipelineStateManager (PipelineStateManager.java:addPipeline(56)) - Created pipeline Pipeline[ Id: 65523cf2-6041-49b6-bfa7-003612b9a191, Nodes: 9e052e44-70ab-4986-ade4-a3f0611f2446{ip: 192.168.151.103, host: pr-hdds2162-4fxhj-20988671, networkLocation: /default-rack, certSerialId: null}, Type:RATIS, Factor:ONE, State:OPEN]
2019-09-27 10:03:55,109 [grpc-default-executor-0] INFO  impl.RaftServerProxy (RaftServerProxy.java:addNew(89)) - 1c83a473-6f05-4848-b5de-f56388da1fad: addNew group-B2FB3749E2F4:[1c83a473-6f05-4848-b5de-f56388da1fad:192.168.151.103:38616] returns group-B2FB3749E2F4:java.util.concurrent.CompletableFuture@38dfeb9d[Not completed]
2019-09-27 10:03:55,149 [pool-37-thread-1] INFO  impl.RaftServerImpl (RaftServerImpl.java:<init>(95)) - 1c83a473-6f05-4848-b5de-f56388da1fad: new RaftServerImpl for group-B2FB3749E2F4:[1c83a473-6f05-4848-b5de-f56388da1fad:192.168.151.103:38616] with ContainerStateMachine:uninitialized
2019-09-27 10:03:55,151 [pool-37-thread-1] INFO  server.RaftServerConfigKeys (ConfUtils.java:logGet(43)) - raft.server.rpc.timeout.min = 5s (custom)
2019-09-27 10:03:55,151 [pool-37-thread-1] INFO  server.RaftServerConfigKeys (ConfUtils.java:logGet(43)) - raft.server.rpc.timeout.max = 5200ms (custom)
2019-09-27 10:03:55,152 [pool-37-thread-1] INFO  server.RaftServerConfigKeys (ConfUtils.java:logGet(43)) - raft.server.rpcslowness.timeout = 120s (custom)
2019-09-27 10:03:55,152 [pool-37-thread-1] INFO  server.RaftServerConfigKeys (ConfUtils.java:logGet(43)) - raft.server.sleep.deviation.threshold = 300 (default)
2019-09-27 10:03:55,152 [pool-37-thread-1] INFO  server.RaftServerConfigKeys (ConfUtils.java:logGet(43)) - raft.server.log.appender.install.snapshot.enabled = false (custom)
2019-09-27 10:03:55,152 [pool-37-thread-1] INFO  impl.RaftServerImpl (ServerState.java:<init>(103)) - 1c83a473-6f05-4848-b5de-f56388da1fad@group-B2FB3749E2F4: ConfigurationManager, init=-1: [1c83a473-6f05-4848-b5de-f56388da1fad:192.168.151.103:38616], old=null, confs=<EMPTY_MAP>
2019-09-27 10:03:55,153 [pool-37-thread-1] INFO  server.RaftServerConfigKeys (ConfUtils.java:logGet(43)) - raft.server.storage.dir = [/workdir/hadoop-ozone/integration-test/target/test-dir/MiniOzoneClusterImpl-120a72d4-51b8-433d-b43c-2500f049a8d2/datanode-1/data/ratis] (custom)
2019-09-27 10:03:55,153 [pool-37-thread-1] INFO  storage.RaftStorageDirectory (RaftStorageDirectory.java:analyzeStorage(246)) - The storage directory /workdir/hadoop-ozone/integration-test/target/test-dir/MiniOzoneClusterImpl-120a72d4-51b8-433d-b43c-2500f049a8d2/datanode-1/data/ratis/6bb6755c-2e0b-46bc-9d1e-b2fb3749e2f4 does not exist. Creating ...
2019-09-27 10:03:55,171 [pool-37-thread-1] INFO  storage.RaftStorageDirectory (RaftStorageDirectory.java:tryLock(328)) - Lock on /workdir/hadoop-ozone/integration-test/target/test-dir/MiniOzoneClusterImpl-120a72d4-51b8-433d-b43c-2500f049a8d2/datanode-1/data/ratis/6bb6755c-2e0b-46bc-9d1e-b2fb3749e2f4/in_use.lock acquired by nodename 942@pr-hdds2162-4fxhj-20988671
2019-09-27 10:03:55,185 [pool-37-thread-1] INFO  storage.RaftStorage (RaftStorage.java:format(72)) - Storage directory /workdir/hadoop-ozone/integration-test/target/test-dir/MiniOzoneClusterImpl-120a72d4-51b8-433d-b43c-2500f049a8d2/datanode-1/data/ratis/6bb6755c-2e0b-46bc-9d1e-b2fb3749e2f4 has been successfully formatted.
2019-09-27 10:03:55,187 [pool-37-thread-1] INFO  ratis.ContainerStateMachine (ContainerStateMachine.java:loadSnapshot(230)) - group-B2FB3749E2F4: The snapshot info is null. Setting the last applied indexto:(t:0, i:~)
2019-09-27 10:03:55,188 [pool-37-thread-1] INFO  server.RaftServerConfigKeys (ConfUtils.java:logGet(43)) - raft.server.notification.no-leader.timeout = 120s (custom)
2019-09-27 10:03:55,188 [pool-37-thread-1] INFO  server.RaftServerConfigKeys (ConfUtils.java:logGet(43)) - raft.server.log.use.memory = false (default)
2019-09-27 10:03:55,188 [pool-37-thread-1] INFO  server.RaftServerConfigKeys (ConfUtils.java:logGet(43)) - raft.server.log.purge.gap = 1000000 (custom)
2019-09-27 10:03:55,189 [pool-37-thread-1] INFO  server.RaftServerConfigKeys (ConfUtils.java:logGet(43)) - raft.server.log.appender.buffer.byte-limit = 33554432 (custom)
2019-09-27 10:03:55,189 [pool-37-thread-1] INFO  server.RaftServerConfigKeys (ConfUtils.java:logGet(43)) - raft.server.log.segment.size.max = 1048576 (custom)
2019-09-27 10:03:55,189 [pool-37-thread-1] INFO  server.RaftServerConfigKeys (ConfUtils.java:logGet(43)) - raft.server.log.segment.cache.num.max = 2 (custom)
2019-09-27 10:03:55,189 [pool-37-thread-1] INFO  segmented.SegmentedRaftLogWorker (SegmentedRaftLogWorker.java:<init>(172)) - new 1c83a473-6f05-4848-b5de-f56388da1fad@group-B2FB3749E2F4-SegmentedRaftLogWorker for RaftStorage:Storage Directory /workdir/hadoop-ozone/integration-test/target/test-dir/MiniOzoneClusterImpl-120a72d4-51b8-433d-b43c-2500f049a8d2/datanode-1/data/ratis/6bb6755c-2e0b-46bc-9d1e-b2fb3749e2f4
2019-09-27 10:03:55,196 [pool-37-thread-1] INFO  server.RaftServerConfigKeys (ConfUtils.java:logGet(43)) - raft.server.log.queue.byte-limit = 2147483647 (custom)
2019-09-27 10:03:55,196 [pool-37-thread-1] INFO  server.RaftServerConfigKeys (ConfUtils.java:logGet(43)) - raft.server.log.queue.element-limit = 1024 (custom)
2019-09-27 10:03:55,196 [pool-37-thread-1] INFO  server.RaftServerConfigKeys (ConfUtils.java:logGet(43)) - raft.server.log.segment.size.max = 1048576 (custom)
2019-09-27 10:03:55,197 [pool-37-thread-1] INFO  server.RaftServerConfigKeys (ConfUtils.java:logGet(43)) - raft.server.log.preallocated.size = 16384 (custom)
2019-09-27 10:03:55,197 [pool-37-thread-1] INFO  server.RaftServerConfigKeys (ConfUtils.java:logGet(43)) - raft.server.log.write.buffer.size = 33554432 (custom)
2019-09-27 10:03:55,197 [pool-37-thread-1] INFO  server.RaftServerConfigKeys (ConfUtils.java:logGet(43)) - raft.server.log.force.sync.num = 128 (default)
2019-09-27 10:03:55,197 [pool-37-thread-1] INFO  server.RaftServerConfigKeys (ConfUtils.java:logGet(43)) - raft.server.log.statemachine.data.sync = true (default)
2019-09-27 10:03:55,197 [pool-37-thread-1] INFO  server.RaftServerConfigKeys (ConfUtils.java:logGet(43)) - raft.server.log.statemachine.data.sync.timeout = 10s (default)
2019-09-27 10:03:55,198 [pool-37-thread-1] INFO  server.RaftServerConfigKeys (ConfUtils.java:logGet(43)) - raft.server.log.statemachine.data.sync.timeout.retry = -1 (default)
2019-09-27 10:03:55,198 [pool-37-thread-1] INFO  server.RaftServerConfigKeys (ConfUtils.java:logGet(43)) - raft.server.log.statemachine.data.caching.enabled = true (custom)
2019-09-27 10:03:55,198 [pool-37-thread-1] INFO  segmented.SegmentedRaftLogWorker (SegmentedRaftLogWorker.java:lambda$new$0(132)) - 1c83a473-6f05-4848-b5de-f56388da1fad@group-B2FB3749E2F4-SegmentedRaftLogWorker: flushIndex: setUnconditionally 0 -> -1
2019-09-27 10:03:55,199 [pool-37-thread-1] INFO  server.RaftServerConfigKeys (ConfUtils.java:logGet(43)) - raft.server.snapshot.auto.trigger.enabled = true (custom)
2019-09-27 10:03:55,199 [pool-37-thread-1] INFO  server.RaftServerConfigKeys (ConfUtils.java:logGet(43)) - raft.server.snapshot.auto.trigger.threshold = 10000 (custom)
2019-09-27 10:03:55,199 [pool-37-thread-1] INFO  server.RaftServerConfigKeys (ConfUtils.java:logGet(43)) - raft.server.snapshot.retention.num.files = 5 (custom)
2019-09-27 10:03:55,199 [pool-37-thread-1] INFO  server.RaftServerConfigKeys (ConfUtils.java:logGet(43)) - raft.server.retrycache.expirytime = 600000ms (custom)
2019-09-27 10:03:55,204 [pool-37-thread-1] INFO  impl.RaftServerImpl (RaftServerImpl.java:start(185)) - 1c83a473-6f05-4848-b5de-f56388da1fad@group-B2FB3749E2F4: start as a follower, conf=-1: [1c83a473-6f05-4848-b5de-f56388da1fad:192.168.151.103:38616], old=null
2019-09-27 10:03:55,204 [pool-37-thread-1] INFO  impl.RaftServerImpl (RaftServerImpl.java:setRole(174)) - 1c83a473-6f05-4848-b5de-f56388da1fad@group-B2FB3749E2F4: changes role from      null to FOLLOWER at term 0 for startAsFollower
2019-09-27 10:03:55,205 [pool-37-thread-1] INFO  impl.RoleInfo (RoleInfo.java:updateAndGet(143)) - 1c83a473-6f05-4848-b5de-f56388da1fad: start FollowerState
2019-09-27 10:03:55,206 [pool-37-thread-1] INFO  util.JmxRegister (JmxRegister.java:tryRegister(44)) - Successfully registered JMX Bean with object name Ratis:service=RaftServer,group=group-B2FB3749E2F4,id=1c83a473-6f05-4848-b5de-f56388da1fad
2019-09-27 10:03:55,220 [RatisPipelineUtilsThread] INFO  pipeline.PipelineStateManager (PipelineStateManager.java:addPipeline(56)) - Created pipeline Pipeline[ Id: 6bb6755c-2e0b-46bc-9d1e-b2fb3749e2f4, Nodes: 1c83a473-6f05-4848-b5de-f56388da1fad{ip: 192.168.151.103, host: pr-hdds2162-4fxhj-20988671, networkLocation: /default-rack, certSerialId: null}, Type:RATIS, Factor:ONE, State:OPEN]
2019-09-27 10:03:55,242 [grpc-default-executor-0] INFO  impl.RaftServerProxy (RaftServerProxy.java:addNew(89)) - b8058e66-012e-4633-8820-d7963a6bb9b9: addNew group-3BD70153B2D4:[b8058e66-012e-4633-8820-d7963a6bb9b9:192.168.151.103:36027] returns group-3BD70153B2D4:java.util.concurrent.CompletableFuture@45926958[Not completed]
2019-09-27 10:03:55,259 [pool-47-thread-1] INFO  impl.RaftServerImpl (RaftServerImpl.java:<init>(95)) - b8058e66-012e-4633-8820-d7963a6bb9b9: new RaftServerImpl for group-3BD70153B2D4:[b8058e66-012e-4633-8820-d7963a6bb9b9:192.168.151.103:36027] with ContainerStateMachine:uninitialized
2019-09-27 10:03:55,260 [pool-47-thread-1] INFO  server.RaftServerConfigKeys (ConfUtils.java:logGet(43)) - raft.server.rpc.timeout.min = 5s (custom)
2019-09-27 10:03:55,261 [pool-47-thread-1] INFO  server.RaftServerConfigKeys (ConfUtils.java:logGet(43)) - raft.server.rpc.timeout.max = 5200ms (custom)
2019-09-27 10:03:55,261 [pool-47-thread-1] INFO  server.RaftServerConfigKeys (ConfUtils.java:logGet(43)) - raft.server.rpcslowness.timeout = 120s (custom)
2019-09-27 10:03:55,261 [pool-47-thread-1] INFO  server.RaftServerConfigKeys (ConfUtils.java:logGet(43)) - raft.server.sleep.deviation.threshold = 300 (default)
2019-09-27 10:03:55,261 [pool-47-thread-1] INFO  server.RaftServerConfigKeys (ConfUtils.java:logGet(43)) - raft.server.log.appender.install.snapshot.enabled = false (custom)
2019-09-27 10:03:55,261 [pool-47-thread-1] INFO  impl.RaftServerImpl (ServerState.java:<init>(103)) - b8058e66-012e-4633-8820-d7963a6bb9b9@group-3BD70153B2D4: ConfigurationManager, init=-1: [b8058e66-012e-4633-8820-d7963a6bb9b9:192.168.151.103:36027], old=null, confs=<EMPTY_MAP>
2019-09-27 10:03:55,261 [pool-47-thread-1] INFO  server.RaftServerConfigKeys (ConfUtils.java:logGet(43)) - raft.server.storage.dir = [/workdir/hadoop-ozone/integration-test/target/test-dir/MiniOzoneClusterImpl-120a72d4-51b8-433d-b43c-2500f049a8d2/datanode-2/data/ratis] (custom)
2019-09-27 10:03:55,262 [pool-47-thread-1] INFO  storage.RaftStorageDirectory (RaftStorageDirectory.java:analyzeStorage(246)) - The storage directory /workdir/hadoop-ozone/integration-test/target/test-dir/MiniOzoneClusterImpl-120a72d4-51b8-433d-b43c-2500f049a8d2/datanode-2/data/ratis/8ac631e1-2956-4957-9a58-3bd70153b2d4 does not exist. Creating ...
2019-09-27 10:03:55,277 [pool-47-thread-1] INFO  storage.RaftStorageDirectory (RaftStorageDirectory.java:tryLock(328)) - Lock on /workdir/hadoop-ozone/integration-test/target/test-dir/MiniOzoneClusterImpl-120a72d4-51b8-433d-b43c-2500f049a8d2/datanode-2/data/ratis/8ac631e1-2956-4957-9a58-3bd70153b2d4/in_use.lock acquired by nodename 942@pr-hdds2162-4fxhj-20988671
2019-09-27 10:03:55,290 [pool-47-thread-1] INFO  storage.RaftStorage (RaftStorage.java:format(72)) - Storage directory /workdir/hadoop-ozone/integration-test/target/test-dir/MiniOzoneClusterImpl-120a72d4-51b8-433d-b43c-2500f049a8d2/datanode-2/data/ratis/8ac631e1-2956-4957-9a58-3bd70153b2d4 has been successfully formatted.
2019-09-27 10:03:55,290 [pool-47-thread-1] INFO  ratis.ContainerStateMachine (ContainerStateMachine.java:loadSnapshot(230)) - group-3BD70153B2D4: The snapshot info is null. Setting the last applied indexto:(t:0, i:~)
2019-09-27 10:03:55,290 [pool-47-thread-1] INFO  server.RaftServerConfigKeys (ConfUtils.java:logGet(43)) - raft.server.notification.no-leader.timeout = 120s (custom)
2019-09-27 10:03:55,291 [pool-47-thread-1] INFO  server.RaftServerConfigKeys (ConfUtils.java:logGet(43)) - raft.server.log.use.memory = false (default)
2019-09-27 10:03:55,291 [pool-47-thread-1] INFO  server.RaftServerConfigKeys (ConfUtils.java:logGet(43)) - raft.server.log.purge.gap = 1000000 (custom)
2019-09-27 10:03:55,291 [pool-47-thread-1] INFO  server.RaftServerConfigKeys (ConfUtils.java:logGet(43)) - raft.server.log.appender.buffer.byte-limit = 33554432 (custom)
2019-09-27 10:03:55,291 [pool-47-thread-1] INFO  server.RaftServerConfigKeys (ConfUtils.java:logGet(43)) - raft.server.log.segment.size.max = 1048576 (custom)
2019-09-27 10:03:55,291 [pool-47-thread-1] INFO  server.RaftServerConfigKeys (ConfUtils.java:logGet(43)) - raft.server.log.segment.cache.num.max = 2 (custom)
2019-09-27 10:03:55,292 [pool-47-thread-1] INFO  segmented.SegmentedRaftLogWorker (SegmentedRaftLogWorker.java:<init>(172)) - new b8058e66-012e-4633-8820-d7963a6bb9b9@group-3BD70153B2D4-SegmentedRaftLogWorker for RaftStorage:Storage Directory /workdir/hadoop-ozone/integration-test/target/test-dir/MiniOzoneClusterImpl-120a72d4-51b8-433d-b43c-2500f049a8d2/datanode-2/data/ratis/8ac631e1-2956-4957-9a58-3bd70153b2d4
2019-09-27 10:03:55,310 [pool-47-thread-1] INFO  server.RaftServerConfigKeys (ConfUtils.java:logGet(43)) - raft.server.log.queue.byte-limit = 2147483647 (custom)
2019-09-27 10:03:55,310 [pool-47-thread-1] INFO  server.RaftServerConfigKeys (ConfUtils.java:logGet(43)) - raft.server.log.queue.element-limit = 1024 (custom)
2019-09-27 10:03:55,310 [pool-47-thread-1] INFO  server.RaftServerConfigKeys (ConfUtils.java:logGet(43)) - raft.server.log.segment.size.max = 1048576 (custom)
2019-09-27 10:03:55,311 [pool-47-thread-1] INFO  server.RaftServerConfigKeys (ConfUtils.java:logGet(43)) - raft.server.log.preallocated.size = 16384 (custom)
2019-09-27 10:03:55,311 [pool-47-thread-1] INFO  server.RaftServerConfigKeys (ConfUtils.java:logGet(43)) - raft.server.log.write.buffer.size = 33554432 (custom)
2019-09-27 10:03:55,311 [pool-47-thread-1] INFO  server.RaftServerConfigKeys (ConfUtils.java:logGet(43)) - raft.server.log.force.sync.num = 128 (default)
2019-09-27 10:03:55,311 [pool-47-thread-1] INFO  server.RaftServerConfigKeys (ConfUtils.java:logGet(43)) - raft.server.log.statemachine.data.sync = true (default)
2019-09-27 10:03:55,311 [pool-47-thread-1] INFO  server.RaftServerConfigKeys (ConfUtils.java:logGet(43)) - raft.server.log.statemachine.data.sync.timeout = 10s (default)
2019-09-27 10:03:55,311 [pool-47-thread-1] INFO  server.RaftServerConfigKeys (ConfUtils.java:logGet(43)) - raft.server.log.statemachine.data.sync.timeout.retry = -1 (default)
2019-09-27 10:03:55,312 [pool-47-thread-1] INFO  server.RaftServerConfigKeys (ConfUtils.java:logGet(43)) - raft.server.log.statemachine.data.caching.enabled = true (custom)
2019-09-27 10:03:55,312 [pool-47-thread-1] INFO  segmented.SegmentedRaftLogWorker (SegmentedRaftLogWorker.java:lambda$new$0(132)) - b8058e66-012e-4633-8820-d7963a6bb9b9@group-3BD70153B2D4-SegmentedRaftLogWorker: flushIndex: setUnconditionally 0 -> -1
2019-09-27 10:03:55,312 [pool-47-thread-1] INFO  server.RaftServerConfigKeys (ConfUtils.java:logGet(43)) - raft.server.snapshot.auto.trigger.enabled = true (custom)
2019-09-27 10:03:55,312 [pool-47-thread-1] INFO  server.RaftServerConfigKeys (ConfUtils.java:logGet(43)) - raft.server.snapshot.auto.trigger.threshold = 10000 (custom)
2019-09-27 10:03:55,313 [pool-47-thread-1] INFO  server.RaftServerConfigKeys (ConfUtils.java:logGet(43)) - raft.server.snapshot.retention.num.files = 5 (custom)
2019-09-27 10:03:55,313 [pool-47-thread-1] INFO  server.RaftServerConfigKeys (ConfUtils.java:logGet(43)) - raft.server.retrycache.expirytime = 600000ms (custom)
2019-09-27 10:03:55,317 [pool-47-thread-1] INFO  impl.RaftServerImpl (RaftServerImpl.java:start(185)) - b8058e66-012e-4633-8820-d7963a6bb9b9@group-3BD70153B2D4: start as a follower, conf=-1: [b8058e66-012e-4633-8820-d7963a6bb9b9:192.168.151.103:36027], old=null
2019-09-27 10:03:55,317 [pool-47-thread-1] INFO  impl.RaftServerImpl (RaftServerImpl.java:setRole(174)) - b8058e66-012e-4633-8820-d7963a6bb9b9@group-3BD70153B2D4: changes role from      null to FOLLOWER at term 0 for startAsFollower
2019-09-27 10:03:55,317 [pool-47-thread-1] INFO  impl.RoleInfo (RoleInfo.java:updateAndGet(143)) - b8058e66-012e-4633-8820-d7963a6bb9b9: start FollowerState
2019-09-27 10:03:55,317 [pool-47-thread-1] INFO  util.JmxRegister (JmxRegister.java:tryRegister(44)) - Successfully registered JMX Bean with object name Ratis:service=RaftServer,group=group-3BD70153B2D4,id=b8058e66-012e-4633-8820-d7963a6bb9b9
2019-09-27 10:03:55,330 [RatisPipelineUtilsThread] INFO  pipeline.PipelineStateManager (PipelineStateManager.java:addPipeline(56)) - Created pipeline Pipeline[ Id: 8ac631e1-2956-4957-9a58-3bd70153b2d4, Nodes: b8058e66-012e-4633-8820-d7963a6bb9b9{ip: 192.168.151.103, host: pr-hdds2162-4fxhj-20988671, networkLocation: /default-rack, certSerialId: null}, Type:RATIS, Factor:ONE, State:OPEN]
2019-09-27 10:03:55,359 [grpc-default-executor-1] INFO  impl.RaftServerProxy (RaftServerProxy.java:addNew(89)) - b8058e66-012e-4633-8820-d7963a6bb9b9: addNew group-EB5B56F6559C:[9e052e44-70ab-4986-ade4-a3f0611f2446:192.168.151.103:46348, b8058e66-012e-4633-8820-d7963a6bb9b9:192.168.151.103:36027, 1c83a473-6f05-4848-b5de-f56388da1fad:192.168.151.103:38616] returns group-EB5B56F6559C:java.util.concurrent.CompletableFuture@d0293b9[Not completed]
2019-09-27 10:03:55,360 [grpc-default-executor-1] INFO  impl.RaftServerProxy (RaftServerProxy.java:addNew(89)) - 9e052e44-70ab-4986-ade4-a3f0611f2446: addNew group-EB5B56F6559C:[9e052e44-70ab-4986-ade4-a3f0611f2446:192.168.151.103:46348, b8058e66-012e-4633-8820-d7963a6bb9b9:192.168.151.103:36027, 1c83a473-6f05-4848-b5de-f56388da1fad:192.168.151.103:38616] returns group-EB5B56F6559C:java.util.concurrent.CompletableFuture@18ec9904[Not completed]
2019-09-27 10:03:55,361 [pool-47-thread-1] INFO  impl.RaftServerImpl (RaftServerImpl.java:<init>(95)) - b8058e66-012e-4633-8820-d7963a6bb9b9: new RaftServerImpl for group-EB5B56F6559C:[9e052e44-70ab-4986-ade4-a3f0611f2446:192.168.151.103:46348, b8058e66-012e-4633-8820-d7963a6bb9b9:192.168.151.103:36027, 1c83a473-6f05-4848-b5de-f56388da1fad:192.168.151.103:38616] with ContainerStateMachine:uninitialized
2019-09-27 10:03:55,361 [pool-47-thread-1] INFO  server.RaftServerConfigKeys (ConfUtils.java:logGet(43)) - raft.server.rpc.timeout.min = 5s (custom)
2019-09-27 10:03:55,362 [pool-47-thread-1] INFO  server.RaftServerConfigKeys (ConfUtils.java:logGet(43)) - raft.server.rpc.timeout.max = 5200ms (custom)
2019-09-27 10:03:55,363 [pool-47-thread-1] INFO  server.RaftServerConfigKeys (ConfUtils.java:logGet(43)) - raft.server.rpcslowness.timeout = 120s (custom)
2019-09-27 10:03:55,364 [pool-47-thread-1] INFO  server.RaftServerConfigKeys (ConfUtils.java:logGet(43)) - raft.server.sleep.deviation.threshold = 300 (default)
2019-09-27 10:03:55,364 [pool-27-thread-1] INFO  impl.RaftServerImpl (RaftServerImpl.java:<init>(95)) - 9e052e44-70ab-4986-ade4-a3f0611f2446: new RaftServerImpl for group-EB5B56F6559C:[9e052e44-70ab-4986-ade4-a3f0611f2446:192.168.151.103:46348, b8058e66-012e-4633-8820-d7963a6bb9b9:192.168.151.103:36027, 1c83a473-6f05-4848-b5de-f56388da1fad:192.168.151.103:38616] with ContainerStateMachine:uninitialized
2019-09-27 10:03:55,364 [pool-47-thread-1] INFO  server.RaftServerConfigKeys (ConfUtils.java:logGet(43)) - raft.server.log.appender.install.snapshot.enabled = false (custom)
2019-09-27 10:03:55,364 [pool-27-thread-1] INFO  server.RaftServerConfigKeys (ConfUtils.java:logGet(43)) - raft.server.rpc.timeout.min = 5s (custom)
2019-09-27 10:03:55,364 [pool-47-thread-1] INFO  impl.RaftServerImpl (ServerState.java:<init>(103)) - b8058e66-012e-4633-8820-d7963a6bb9b9@group-EB5B56F6559C: ConfigurationManager, init=-1: [9e052e44-70ab-4986-ade4-a3f0611f2446:192.168.151.103:46348, b8058e66-012e-4633-8820-d7963a6bb9b9:192.168.151.103:36027, 1c83a473-6f05-4848-b5de-f56388da1fad:192.168.151.103:38616], old=null, confs=<EMPTY_MAP>
2019-09-27 10:03:55,364 [pool-27-thread-1] INFO  server.RaftServerConfigKeys (ConfUtils.java:logGet(43)) - raft.server.rpc.timeout.max = 5200ms (custom)
2019-09-27 10:03:55,365 [pool-47-thread-1] INFO  server.RaftServerConfigKeys (ConfUtils.java:logGet(43)) - raft.server.storage.dir = [/workdir/hadoop-ozone/integration-test/target/test-dir/MiniOzoneClusterImpl-120a72d4-51b8-433d-b43c-2500f049a8d2/datanode-2/data/ratis] (custom)
2019-09-27 10:03:55,365 [pool-27-thread-1] INFO  server.RaftServerConfigKeys (ConfUtils.java:logGet(43)) - raft.server.rpcslowness.timeout = 120s (custom)
2019-09-27 10:03:55,365 [pool-27-thread-1] INFO  server.RaftServerConfigKeys (ConfUtils.java:logGet(43)) - raft.server.sleep.deviation.threshold = 300 (default)
2019-09-27 10:03:55,366 [pool-47-thread-1] INFO  storage.RaftStorageDirectory (RaftStorageDirectory.java:analyzeStorage(246)) - The storage directory /workdir/hadoop-ozone/integration-test/target/test-dir/MiniOzoneClusterImpl-120a72d4-51b8-433d-b43c-2500f049a8d2/datanode-2/data/ratis/5c9a1321-8118-4be2-9cff-eb5b56f6559c does not exist. Creating ...
2019-09-27 10:03:55,366 [pool-27-thread-1] INFO  server.RaftServerConfigKeys (ConfUtils.java:logGet(43)) - raft.server.log.appender.install.snapshot.enabled = false (custom)
2019-09-27 10:03:55,366 [grpc-default-executor-1] INFO  impl.RaftServerProxy (RaftServerProxy.java:addNew(89)) - 1c83a473-6f05-4848-b5de-f56388da1fad: addNew group-EB5B56F6559C:[9e052e44-70ab-4986-ade4-a3f0611f2446:192.168.151.103:46348, b8058e66-012e-4633-8820-d7963a6bb9b9:192.168.151.103:36027, 1c83a473-6f05-4848-b5de-f56388da1fad:192.168.151.103:38616] returns group-EB5B56F6559C:java.util.concurrent.CompletableFuture@7982a369[Not completed]
2019-09-27 10:03:55,366 [pool-27-thread-1] INFO  impl.RaftServerImpl (ServerState.java:<init>(103)) - 9e052e44-70ab-4986-ade4-a3f0611f2446@group-EB5B56F6559C: ConfigurationManager, init=-1: [9e052e44-70ab-4986-ade4-a3f0611f2446:192.168.151.103:46348, b8058e66-012e-4633-8820-d7963a6bb9b9:192.168.151.103:36027, 1c83a473-6f05-4848-b5de-f56388da1fad:192.168.151.103:38616], old=null, confs=<EMPTY_MAP>
2019-09-27 10:03:55,366 [pool-27-thread-1] INFO  server.RaftServerConfigKeys (ConfUtils.java:logGet(43)) - raft.server.storage.dir = [/workdir/hadoop-ozone/integration-test/target/test-dir/MiniOzoneClusterImpl-120a72d4-51b8-433d-b43c-2500f049a8d2/datanode-0/data/ratis] (custom)
2019-09-27 10:03:55,367 [pool-27-thread-1] INFO  storage.RaftStorageDirectory (RaftStorageDirectory.java:analyzeStorage(246)) - The storage directory /workdir/hadoop-ozone/integration-test/target/test-dir/MiniOzoneClusterImpl-120a72d4-51b8-433d-b43c-2500f049a8d2/datanode-0/data/ratis/5c9a1321-8118-4be2-9cff-eb5b56f6559c does not exist. Creating ...
2019-09-27 10:03:55,367 [pool-37-thread-1] INFO  impl.RaftServerImpl (RaftServerImpl.java:<init>(95)) - 1c83a473-6f05-4848-b5de-f56388da1fad: new RaftServerImpl for group-EB5B56F6559C:[9e052e44-70ab-4986-ade4-a3f0611f2446:192.168.151.103:46348, b8058e66-012e-4633-8820-d7963a6bb9b9:192.168.151.103:36027, 1c83a473-6f05-4848-b5de-f56388da1fad:192.168.151.103:38616] with ContainerStateMachine:uninitialized
2019-09-27 10:03:55,368 [pool-37-thread-1] INFO  server.RaftServerConfigKeys (ConfUtils.java:logGet(43)) - raft.server.rpc.timeout.min = 5s (custom)
2019-09-27 10:03:55,368 [pool-37-thread-1] INFO  server.RaftServerConfigKeys (ConfUtils.java:logGet(43)) - raft.server.rpc.timeout.max = 5200ms (custom)
2019-09-27 10:03:55,368 [pool-37-thread-1] INFO  server.RaftServerConfigKeys (ConfUtils.java:logGet(43)) - raft.server.rpcslowness.timeout = 120s (custom)
2019-09-27 10:03:55,368 [pool-37-thread-1] INFO  server.RaftServerConfigKeys (ConfUtils.java:logGet(43)) - raft.server.sleep.deviation.threshold = 300 (default)
2019-09-27 10:03:55,369 [pool-37-thread-1] INFO  server.RaftServerConfigKeys (ConfUtils.java:logGet(43)) - raft.server.log.appender.install.snapshot.enabled = false (custom)
2019-09-27 10:03:55,369 [pool-37-thread-1] INFO  impl.RaftServerImpl (ServerState.java:<init>(103)) - 1c83a473-6f05-4848-b5de-f56388da1fad@group-EB5B56F6559C: ConfigurationManager, init=-1: [9e052e44-70ab-4986-ade4-a3f0611f2446:192.168.151.103:46348, b8058e66-012e-4633-8820-d7963a6bb9b9:192.168.151.103:36027, 1c83a473-6f05-4848-b5de-f56388da1fad:192.168.151.103:38616], old=null, confs=<EMPTY_MAP>
2019-09-27 10:03:55,369 [pool-37-thread-1] INFO  server.RaftServerConfigKeys (ConfUtils.java:logGet(43)) - raft.server.storage.dir = [/workdir/hadoop-ozone/integration-test/target/test-dir/MiniOzoneClusterImpl-120a72d4-51b8-433d-b43c-2500f049a8d2/datanode-1/data/ratis] (custom)
2019-09-27 10:03:55,369 [pool-37-thread-1] INFO  storage.RaftStorageDirectory (RaftStorageDirectory.java:analyzeStorage(246)) - The storage directory /workdir/hadoop-ozone/integration-test/target/test-dir/MiniOzoneClusterImpl-120a72d4-51b8-433d-b43c-2500f049a8d2/datanode-1/data/ratis/5c9a1321-8118-4be2-9cff-eb5b56f6559c does not exist. Creating ...
2019-09-27 10:03:55,391 [pool-27-thread-1] INFO  storage.RaftStorageDirectory (RaftStorageDirectory.java:tryLock(328)) - Lock on /workdir/hadoop-ozone/integration-test/target/test-dir/MiniOzoneClusterImpl-120a72d4-51b8-433d-b43c-2500f049a8d2/datanode-0/data/ratis/5c9a1321-8118-4be2-9cff-eb5b56f6559c/in_use.lock acquired by nodename 942@pr-hdds2162-4fxhj-20988671
2019-09-27 10:03:55,391 [pool-37-thread-1] INFO  storage.RaftStorageDirectory (RaftStorageDirectory.java:tryLock(328)) - Lock on /workdir/hadoop-ozone/integration-test/target/test-dir/MiniOzoneClusterImpl-120a72d4-51b8-433d-b43c-2500f049a8d2/datanode-1/data/ratis/5c9a1321-8118-4be2-9cff-eb5b56f6559c/in_use.lock acquired by nodename 942@pr-hdds2162-4fxhj-20988671
2019-09-27 10:03:55,391 [pool-47-thread-1] INFO  storage.RaftStorageDirectory (RaftStorageDirectory.java:tryLock(328)) - Lock on /workdir/hadoop-ozone/integration-test/target/test-dir/MiniOzoneClusterImpl-120a72d4-51b8-433d-b43c-2500f049a8d2/datanode-2/data/ratis/5c9a1321-8118-4be2-9cff-eb5b56f6559c/in_use.lock acquired by nodename 942@pr-hdds2162-4fxhj-20988671
2019-09-27 10:03:55,398 [main] INFO  ozone.MiniOzoneClusterImpl (MiniOzoneClusterImpl.java:lambda$waitForClusterToBeReady$0(147)) - Cluster is ready. Got 3 of 3 DN Heartbeats.
2019-09-27 10:03:55,416 [pool-47-thread-1] INFO  storage.RaftStorage (RaftStorage.java:format(72)) - Storage directory /workdir/hadoop-ozone/integration-test/target/test-dir/MiniOzoneClusterImpl-120a72d4-51b8-433d-b43c-2500f049a8d2/datanode-2/data/ratis/5c9a1321-8118-4be2-9cff-eb5b56f6559c has been successfully formatted.
2019-09-27 10:03:55,416 [pool-27-thread-1] INFO  storage.RaftStorage (RaftStorage.java:format(72)) - Storage directory /workdir/hadoop-ozone/integration-test/target/test-dir/MiniOzoneClusterImpl-120a72d4-51b8-433d-b43c-2500f049a8d2/datanode-0/data/ratis/5c9a1321-8118-4be2-9cff-eb5b56f6559c has been successfully formatted.
2019-09-27 10:03:55,416 [pool-37-thread-1] INFO  storage.RaftStorage (RaftStorage.java:format(72)) - Storage directory /workdir/hadoop-ozone/integration-test/target/test-dir/MiniOzoneClusterImpl-120a72d4-51b8-433d-b43c-2500f049a8d2/datanode-1/data/ratis/5c9a1321-8118-4be2-9cff-eb5b56f6559c has been successfully formatted.
2019-09-27 10:03:55,417 [pool-47-thread-1] INFO  ratis.ContainerStateMachine (ContainerStateMachine.java:loadSnapshot(230)) - group-EB5B56F6559C: The snapshot info is null. Setting the last applied indexto:(t:0, i:~)
2019-09-27 10:03:55,417 [pool-27-thread-1] INFO  ratis.ContainerStateMachine (ContainerStateMachine.java:loadSnapshot(230)) - group-EB5B56F6559C: The snapshot info is null. Setting the last applied indexto:(t:0, i:~)
2019-09-27 10:03:55,417 [pool-37-thread-1] INFO  ratis.ContainerStateMachine (ContainerStateMachine.java:loadSnapshot(230)) - group-EB5B56F6559C: The snapshot info is null. Setting the last applied indexto:(t:0, i:~)
2019-09-27 10:03:55,417 [pool-47-thread-1] INFO  server.RaftServerConfigKeys (ConfUtils.java:logGet(43)) - raft.server.notification.no-leader.timeout = 120s (custom)
2019-09-27 10:03:55,417 [pool-37-thread-1] INFO  server.RaftServerConfigKeys (ConfUtils.java:logGet(43)) - raft.server.notification.no-leader.timeout = 120s (custom)
2019-09-27 10:03:55,417 [pool-27-thread-1] INFO  server.RaftServerConfigKeys (ConfUtils.java:logGet(43)) - raft.server.notification.no-leader.timeout = 120s (custom)
2019-09-27 10:03:55,418 [pool-37-thread-1] INFO  server.RaftServerConfigKeys (ConfUtils.java:logGet(43)) - raft.server.log.use.memory = false (default)
2019-09-27 10:03:55,418 [pool-47-thread-1] INFO  server.RaftServerConfigKeys (ConfUtils.java:logGet(43)) - raft.server.log.use.memory = false (default)
2019-09-27 10:03:55,418 [pool-37-thread-1] INFO  server.RaftServerConfigKeys (ConfUtils.java:logGet(43)) - raft.server.log.purge.gap = 1000000 (custom)
2019-09-27 10:03:55,418 [pool-27-thread-1] INFO  server.RaftServerConfigKeys (ConfUtils.java:logGet(43)) - raft.server.log.use.memory = false (default)
2019-09-27 10:03:55,419 [pool-37-thread-1] INFO  server.RaftServerConfigKeys (ConfUtils.java:logGet(43)) - raft.server.log.appender.buffer.byte-limit = 33554432 (custom)
2019-09-27 10:03:55,418 [pool-47-thread-1] INFO  server.RaftServerConfigKeys (ConfUtils.java:logGet(43)) - raft.server.log.purge.gap = 1000000 (custom)
2019-09-27 10:03:55,419 [pool-37-thread-1] INFO  server.RaftServerConfigKeys (ConfUtils.java:logGet(43)) - raft.server.log.segment.size.max = 1048576 (custom)
2019-09-27 10:03:55,419 [pool-27-thread-1] INFO  server.RaftServerConfigKeys (ConfUtils.java:logGet(43)) - raft.server.log.purge.gap = 1000000 (custom)
2019-09-27 10:03:55,419 [pool-37-thread-1] INFO  server.RaftServerConfigKeys (ConfUtils.java:logGet(43)) - raft.server.log.segment.cache.num.max = 2 (custom)
2019-09-27 10:03:55,419 [pool-47-thread-1] INFO  server.RaftServerConfigKeys (ConfUtils.java:logGet(43)) - raft.server.log.appender.buffer.byte-limit = 33554432 (custom)
2019-09-27 10:03:55,420 [pool-37-thread-1] INFO  segmented.SegmentedRaftLogWorker (SegmentedRaftLogWorker.java:<init>(172)) - new 1c83a473-6f05-4848-b5de-f56388da1fad@group-EB5B56F6559C-SegmentedRaftLogWorker for RaftStorage:Storage Directory /workdir/hadoop-ozone/integration-test/target/test-dir/MiniOzoneClusterImpl-120a72d4-51b8-433d-b43c-2500f049a8d2/datanode-1/data/ratis/5c9a1321-8118-4be2-9cff-eb5b56f6559c
2019-09-27 10:03:55,419 [pool-27-thread-1] INFO  server.RaftServerConfigKeys (ConfUtils.java:logGet(43)) - raft.server.log.appender.buffer.byte-limit = 33554432 (custom)
2019-09-27 10:03:55,420 [pool-37-thread-1] INFO  server.RaftServerConfigKeys (ConfUtils.java:logGet(43)) - raft.server.log.queue.byte-limit = 2147483647 (custom)
2019-09-27 10:03:55,420 [pool-47-thread-1] INFO  server.RaftServerConfigKeys (ConfUtils.java:logGet(43)) - raft.server.log.segment.size.max = 1048576 (custom)
2019-09-27 10:03:55,420 [pool-37-thread-1] INFO  server.RaftServerConfigKeys (ConfUtils.java:logGet(43)) - raft.server.log.queue.element-limit = 1024 (custom)
2019-09-27 10:03:55,420 [pool-27-thread-1] INFO  server.RaftServerConfigKeys (ConfUtils.java:logGet(43)) - raft.server.log.segment.size.max = 1048576 (custom)
2019-09-27 10:03:55,421 [pool-37-thread-1] INFO  server.RaftServerConfigKeys (ConfUtils.java:logGet(43)) - raft.server.log.segment.size.max = 1048576 (custom)
2019-09-27 10:03:55,421 [pool-47-thread-1] INFO  server.RaftServerConfigKeys (ConfUtils.java:logGet(43)) - raft.server.log.segment.cache.num.max = 2 (custom)
2019-09-27 10:03:55,421 [pool-37-thread-1] INFO  server.RaftServerConfigKeys (ConfUtils.java:logGet(43)) - raft.server.log.preallocated.size = 16384 (custom)
2019-09-27 10:03:55,421 [pool-27-thread-1] INFO  server.RaftServerConfigKeys (ConfUtils.java:logGet(43)) - raft.server.log.segment.cache.num.max = 2 (custom)
2019-09-27 10:03:55,422 [pool-37-thread-1] INFO  server.RaftServerConfigKeys (ConfUtils.java:logGet(43)) - raft.server.log.write.buffer.size = 33554432 (custom)
2019-09-27 10:03:55,421 [pool-47-thread-1] INFO  segmented.SegmentedRaftLogWorker (SegmentedRaftLogWorker.java:<init>(172)) - new b8058e66-012e-4633-8820-d7963a6bb9b9@group-EB5B56F6559C-SegmentedRaftLogWorker for RaftStorage:Storage Directory /workdir/hadoop-ozone/integration-test/target/test-dir/MiniOzoneClusterImpl-120a72d4-51b8-433d-b43c-2500f049a8d2/datanode-2/data/ratis/5c9a1321-8118-4be2-9cff-eb5b56f6559c
2019-09-27 10:03:55,422 [pool-37-thread-1] INFO  server.RaftServerConfigKeys (ConfUtils.java:logGet(43)) - raft.server.log.force.sync.num = 128 (default)
2019-09-27 10:03:55,422 [pool-27-thread-1] INFO  segmented.SegmentedRaftLogWorker (SegmentedRaftLogWorker.java:<init>(172)) - new 9e052e44-70ab-4986-ade4-a3f0611f2446@group-EB5B56F6559C-SegmentedRaftLogWorker for RaftStorage:Storage Directory /workdir/hadoop-ozone/integration-test/target/test-dir/MiniOzoneClusterImpl-120a72d4-51b8-433d-b43c-2500f049a8d2/datanode-0/data/ratis/5c9a1321-8118-4be2-9cff-eb5b56f6559c
2019-09-27 10:03:55,422 [pool-37-thread-1] INFO  server.RaftServerConfigKeys (ConfUtils.java:logGet(43)) - raft.server.log.statemachine.data.sync = true (default)
2019-09-27 10:03:55,422 [pool-47-thread-1] INFO  server.RaftServerConfigKeys (ConfUtils.java:logGet(43)) - raft.server.log.queue.byte-limit = 2147483647 (custom)
2019-09-27 10:03:55,423 [pool-37-thread-1] INFO  server.RaftServerConfigKeys (ConfUtils.java:logGet(43)) - raft.server.log.statemachine.data.sync.timeout = 10s (default)
2019-09-27 10:03:55,422 [pool-27-thread-1] INFO  server.RaftServerConfigKeys (ConfUtils.java:logGet(43)) - raft.server.log.queue.byte-limit = 2147483647 (custom)
2019-09-27 10:03:55,423 [pool-37-thread-1] INFO  server.RaftServerConfigKeys (ConfUtils.java:logGet(43)) - raft.server.log.statemachine.data.sync.timeout.retry = -1 (default)
2019-09-27 10:03:55,423 [pool-47-thread-1] INFO  server.RaftServerConfigKeys (ConfUtils.java:logGet(43)) - raft.server.log.queue.element-limit = 1024 (custom)
2019-09-27 10:03:55,423 [pool-27-thread-1] INFO  server.RaftServerConfigKeys (ConfUtils.java:logGet(43)) - raft.server.log.queue.element-limit = 1024 (custom)
2019-09-27 10:03:55,423 [pool-47-thread-1] INFO  server.RaftServerConfigKeys (ConfUtils.java:logGet(43)) - raft.server.log.segment.size.max = 1048576 (custom)
2019-09-27 10:03:55,423 [pool-37-thread-1] INFO  server.RaftServerConfigKeys (ConfUtils.java:logGet(43)) - raft.server.log.statemachine.data.caching.enabled = true (custom)
2019-09-27 10:03:55,424 [pool-47-thread-1] INFO  server.RaftServerConfigKeys (ConfUtils.java:logGet(43)) - raft.server.log.preallocated.size = 16384 (custom)
2019-09-27 10:03:55,424 [pool-27-thread-1] INFO  server.RaftServerConfigKeys (ConfUtils.java:logGet(43)) - raft.server.log.segment.size.max = 1048576 (custom)
2019-09-27 10:03:55,424 [pool-37-thread-1] INFO  segmented.SegmentedRaftLogWorker (SegmentedRaftLogWorker.java:lambda$new$0(132)) - 1c83a473-6f05-4848-b5de-f56388da1fad@group-EB5B56F6559C-SegmentedRaftLogWorker: flushIndex: setUnconditionally 0 -> -1
2019-09-27 10:03:55,424 [pool-47-thread-1] INFO  server.RaftServerConfigKeys (ConfUtils.java:logGet(43)) - raft.server.log.write.buffer.size = 33554432 (custom)
2019-09-27 10:03:55,424 [pool-27-thread-1] INFO  server.RaftServerConfigKeys (ConfUtils.java:logGet(43)) - raft.server.log.preallocated.size = 16384 (custom)
2019-09-27 10:03:55,425 [pool-47-thread-1] INFO  server.RaftServerConfigKeys (ConfUtils.java:logGet(43)) - raft.server.log.force.sync.num = 128 (default)
2019-09-27 10:03:55,425 [pool-27-thread-1] INFO  server.RaftServerConfigKeys (ConfUtils.java:logGet(43)) - raft.server.log.write.buffer.size = 33554432 (custom)
2019-09-27 10:03:55,425 [pool-37-thread-1] INFO  server.RaftServerConfigKeys (ConfUtils.java:logGet(43)) - raft.server.snapshot.auto.trigger.enabled = true (custom)
2019-09-27 10:03:55,425 [pool-27-thread-1] INFO  server.RaftServerConfigKeys (ConfUtils.java:logGet(43)) - raft.server.log.force.sync.num = 128 (default)
2019-09-27 10:03:55,425 [pool-47-thread-1] INFO  server.RaftServerConfigKeys (ConfUtils.java:logGet(43)) - raft.server.log.statemachine.data.sync = true (default)
2019-09-27 10:03:55,426 [pool-27-thread-1] INFO  server.RaftServerConfigKeys (ConfUtils.java:logGet(43)) - raft.server.log.statemachine.data.sync = true (default)
2019-09-27 10:03:55,425 [pool-37-thread-1] INFO  server.RaftServerConfigKeys (ConfUtils.java:logGet(43)) - raft.server.snapshot.auto.trigger.threshold = 10000 (custom)
2019-09-27 10:03:55,426 [pool-27-thread-1] INFO  server.RaftServerConfigKeys (ConfUtils.java:logGet(43)) - raft.server.log.statemachine.data.sync.timeout = 10s (default)
2019-09-27 10:03:55,426 [pool-47-thread-1] INFO  server.RaftServerConfigKeys (ConfUtils.java:logGet(43)) - raft.server.log.statemachine.data.sync.timeout = 10s (default)
2019-09-27 10:03:55,427 [pool-27-thread-1] INFO  server.RaftServerConfigKeys (ConfUtils.java:logGet(43)) - raft.server.log.statemachine.data.sync.timeout.retry = -1 (default)
2019-09-27 10:03:55,426 [pool-37-thread-1] INFO  server.RaftServerConfigKeys (ConfUtils.java:logGet(43)) - raft.server.snapshot.retention.num.files = 5 (custom)
2019-09-27 10:03:55,427 [pool-27-thread-1] INFO  server.RaftServerConfigKeys (ConfUtils.java:logGet(43)) - raft.server.log.statemachine.data.caching.enabled = true (custom)
2019-09-27 10:03:55,427 [pool-47-thread-1] INFO  server.RaftServerConfigKeys (ConfUtils.java:logGet(43)) - raft.server.log.statemachine.data.sync.timeout.retry = -1 (default)
2019-09-27 10:03:55,427 [pool-37-thread-1] INFO  server.RaftServerConfigKeys (ConfUtils.java:logGet(43)) - raft.server.retrycache.expirytime = 600000ms (custom)
2019-09-27 10:03:55,428 [pool-27-thread-1] INFO  segmented.SegmentedRaftLogWorker (SegmentedRaftLogWorker.java:lambda$new$0(132)) - 9e052e44-70ab-4986-ade4-a3f0611f2446@group-EB5B56F6559C-SegmentedRaftLogWorker: flushIndex: setUnconditionally 0 -> -1
2019-09-27 10:03:55,427 [pool-47-thread-1] INFO  server.RaftServerConfigKeys (ConfUtils.java:logGet(43)) - raft.server.log.statemachine.data.caching.enabled = true (custom)
2019-09-27 10:03:55,428 [pool-27-thread-1] INFO  server.RaftServerConfigKeys (ConfUtils.java:logGet(43)) - raft.server.snapshot.auto.trigger.enabled = true (custom)
2019-09-27 10:03:55,428 [pool-47-thread-1] INFO  segmented.SegmentedRaftLogWorker (SegmentedRaftLogWorker.java:lambda$new$0(132)) - b8058e66-012e-4633-8820-d7963a6bb9b9@group-EB5B56F6559C-SegmentedRaftLogWorker: flushIndex: setUnconditionally 0 -> -1
2019-09-27 10:03:55,428 [pool-27-thread-1] INFO  server.RaftServerConfigKeys (ConfUtils.java:logGet(43)) - raft.server.snapshot.auto.trigger.threshold = 10000 (custom)
2019-09-27 10:03:55,429 [pool-27-thread-1] INFO  server.RaftServerConfigKeys (ConfUtils.java:logGet(43)) - raft.server.snapshot.retention.num.files = 5 (custom)
2019-09-27 10:03:55,429 [pool-47-thread-1] INFO  server.RaftServerConfigKeys (ConfUtils.java:logGet(43)) - raft.server.snapshot.auto.trigger.enabled = true (custom)
2019-09-27 10:03:55,429 [pool-27-thread-1] INFO  server.RaftServerConfigKeys (ConfUtils.java:logGet(43)) - raft.server.retrycache.expirytime = 600000ms (custom)
2019-09-27 10:03:55,429 [pool-47-thread-1] INFO  server.RaftServerConfigKeys (ConfUtils.java:logGet(43)) - raft.server.snapshot.auto.trigger.threshold = 10000 (custom)
2019-09-27 10:03:55,429 [pool-47-thread-1] INFO  server.RaftServerConfigKeys (ConfUtils.java:logGet(43)) - raft.server.snapshot.retention.num.files = 5 (custom)
2019-09-27 10:03:55,429 [pool-47-thread-1] INFO  server.RaftServerConfigKeys (ConfUtils.java:logGet(43)) - raft.server.retrycache.expirytime = 600000ms (custom)
2019-09-27 10:03:55,436 [pool-37-thread-1] INFO  impl.RaftServerImpl (RaftServerImpl.java:start(185)) - 1c83a473-6f05-4848-b5de-f56388da1fad@group-EB5B56F6559C: start as a follower, conf=-1: [9e052e44-70ab-4986-ade4-a3f0611f2446:192.168.151.103:46348, b8058e66-012e-4633-8820-d7963a6bb9b9:192.168.151.103:36027, 1c83a473-6f05-4848-b5de-f56388da1fad:192.168.151.103:38616], old=null
2019-09-27 10:03:55,436 [pool-37-thread-1] INFO  impl.RaftServerImpl (RaftServerImpl.java:setRole(174)) - 1c83a473-6f05-4848-b5de-f56388da1fad@group-EB5B56F6559C: changes role from      null to FOLLOWER at term 0 for startAsFollower
2019-09-27 10:03:55,436 [pool-37-thread-1] INFO  impl.RoleInfo (RoleInfo.java:updateAndGet(143)) - 1c83a473-6f05-4848-b5de-f56388da1fad: start FollowerState
2019-09-27 10:03:55,437 [pool-47-thread-1] INFO  impl.RaftServerImpl (RaftServerImpl.java:start(185)) - b8058e66-012e-4633-8820-d7963a6bb9b9@group-EB5B56F6559C: start as a follower, conf=-1: [9e052e44-70ab-4986-ade4-a3f0611f2446:192.168.151.103:46348, b8058e66-012e-4633-8820-d7963a6bb9b9:192.168.151.103:36027, 1c83a473-6f05-4848-b5de-f56388da1fad:192.168.151.103:38616], old=null
2019-09-27 10:03:55,437 [pool-47-thread-1] INFO  impl.RaftServerImpl (RaftServerImpl.java:setRole(174)) - b8058e66-012e-4633-8820-d7963a6bb9b9@group-EB5B56F6559C: changes role from      null to FOLLOWER at term 0 for startAsFollower
2019-09-27 10:03:55,437 [pool-27-thread-1] INFO  impl.RaftServerImpl (RaftServerImpl.java:start(185)) - 9e052e44-70ab-4986-ade4-a3f0611f2446@group-EB5B56F6559C: start as a follower, conf=-1: [9e052e44-70ab-4986-ade4-a3f0611f2446:192.168.151.103:46348, b8058e66-012e-4633-8820-d7963a6bb9b9:192.168.151.103:36027, 1c83a473-6f05-4848-b5de-f56388da1fad:192.168.151.103:38616], old=null
2019-09-27 10:03:55,437 [pool-37-thread-1] INFO  util.JmxRegister (JmxRegister.java:tryRegister(44)) - Successfully registered JMX Bean with object name Ratis:service=RaftServer,group=group-EB5B56F6559C,id=1c83a473-6f05-4848-b5de-f56388da1fad
2019-09-27 10:03:55,437 [pool-27-thread-1] INFO  impl.RaftServerImpl (RaftServerImpl.java:setRole(174)) - 9e052e44-70ab-4986-ade4-a3f0611f2446@group-EB5B56F6559C: changes role from      null to FOLLOWER at term 0 for startAsFollower
2019-09-27 10:03:55,437 [pool-47-thread-1] INFO  impl.RoleInfo (RoleInfo.java:updateAndGet(143)) - b8058e66-012e-4633-8820-d7963a6bb9b9: start FollowerState
2019-09-27 10:03:55,438 [pool-27-thread-1] INFO  impl.RoleInfo (RoleInfo.java:updateAndGet(143)) - 9e052e44-70ab-4986-ade4-a3f0611f2446: start FollowerState
2019-09-27 10:03:55,438 [pool-47-thread-1] INFO  util.JmxRegister (JmxRegister.java:tryRegister(44)) - Successfully registered JMX Bean with object name Ratis:service=RaftServer,group=group-EB5B56F6559C,id=b8058e66-012e-4633-8820-d7963a6bb9b9
2019-09-27 10:03:55,438 [pool-27-thread-1] INFO  util.JmxRegister (JmxRegister.java:tryRegister(44)) - Successfully registered JMX Bean with object name Ratis:service=RaftServer,group=group-EB5B56F6559C,id=9e052e44-70ab-4986-ade4-a3f0611f2446
2019-09-27 10:03:55,461 [RatisPipelineUtilsThread] INFO  pipeline.PipelineStateManager (PipelineStateManager.java:addPipeline(56)) - Created pipeline Pipeline[ Id: 5c9a1321-8118-4be2-9cff-eb5b56f6559c, Nodes: 9e052e44-70ab-4986-ade4-a3f0611f2446{ip: 192.168.151.103, host: pr-hdds2162-4fxhj-20988671, networkLocation: /default-rack, certSerialId: null}1c83a473-6f05-4848-b5de-f56388da1fad{ip: 192.168.151.103, host: pr-hdds2162-4fxhj-20988671, networkLocation: /default-rack, certSerialId: null}b8058e66-012e-4633-8820-d7963a6bb9b9{ip: 192.168.151.103, host: pr-hdds2162-4fxhj-20988671, networkLocation: /default-rack, certSerialId: null}, Type:RATIS, Factor:THREE, State:OPEN]
2019-09-27 10:03:56,622 [main] INFO  ipc.Client (Client.java:handleConnectionFailure(948)) - Retrying connect to server: localhost/127.0.0.1:0. Already tried 0 time(s); retry policy is RetryUpToMaximumCountWithFixedSleep(maxRetries=10, sleepTime=1000 MILLISECONDS)
2019-09-27 10:03:57,306 [Thread-178] INFO  container.ReplicationManager (ReplicationManager.java:start(162)) - Starting Replication Monitor Thread.
2019-09-27 10:03:57,310 [ReplicationMonitor] INFO  container.ReplicationManager (ReplicationManager.java:run(225)) - Replication Monitor Thread took 2 milliseconds for processing 0 containers.
2019-09-27 10:03:57,623 [main] INFO  ipc.Client (Client.java:handleConnectionFailure(948)) - Retrying connect to server: localhost/127.0.0.1:0. Already tried 1 time(s); retry policy is RetryUpToMaximumCountWithFixedSleep(maxRetries=10, sleepTime=1000 MILLISECONDS)
2019-09-27 10:03:58,625 [main] INFO  ipc.Client (Client.java:handleConnectionFailure(948)) - Retrying connect to server: localhost/127.0.0.1:0. Already tried 2 time(s); retry policy is RetryUpToMaximumCountWithFixedSleep(maxRetries=10, sleepTime=1000 MILLISECONDS)
2019-09-27 10:03:59,626 [main] INFO  ipc.Client (Client.java:handleConnectionFailure(948)) - Retrying connect to server: localhost/127.0.0.1:0. Already tried 3 time(s); retry policy is RetryUpToMaximumCountWithFixedSleep(maxRetries=10, sleepTime=1000 MILLISECONDS)
2019-09-27 10:04:00,059 [Thread-180] INFO  impl.FollowerState (FollowerState.java:run(106)) - 9e052e44-70ab-4986-ade4-a3f0611f2446:group-003612B9A191 changes to CANDIDATE, lastRpcTime:5046, electionTimeout:5045ms
2019-09-27 10:04:00,062 [Thread-180] INFO  impl.RoleInfo (RoleInfo.java:shutdownFollowerState(121)) - 9e052e44-70ab-4986-ade4-a3f0611f2446: shutdown FollowerState
2019-09-27 10:04:00,063 [Thread-180] INFO  impl.RaftServerImpl (RaftServerImpl.java:setRole(174)) - 9e052e44-70ab-4986-ade4-a3f0611f2446@group-003612B9A191: changes role from  FOLLOWER to CANDIDATE at term 0 for changeToCandidate
2019-09-27 10:04:00,067 [Thread-180] INFO  impl.RoleInfo (RoleInfo.java:updateAndGet(143)) - 9e052e44-70ab-4986-ade4-a3f0611f2446: start LeaderElection
2019-09-27 10:04:00,098 [9e052e44-70ab-4986-ade4-a3f0611f2446@group-003612B9A191:LeaderElection1] INFO  impl.LeaderElection (LeaderElection.java:askForVotes(182)) - 9e052e44-70ab-4986-ade4-a3f0611f2446@group-003612B9A191:LeaderElection1: begin an election at term 1 for -1: [9e052e44-70ab-4986-ade4-a3f0611f2446:192.168.151.103:46348], old=null
2019-09-27 10:04:00,100 [9e052e44-70ab-4986-ade4-a3f0611f2446@group-003612B9A191:LeaderElection1] INFO  impl.RoleInfo (RoleInfo.java:shutdownLeaderElection(134)) - 9e052e44-70ab-4986-ade4-a3f0611f2446: shutdown LeaderElection
2019-09-27 10:04:00,101 [9e052e44-70ab-4986-ade4-a3f0611f2446@group-003612B9A191:LeaderElection1] INFO  impl.RaftServerImpl (RaftServerImpl.java:setRole(174)) - 9e052e44-70ab-4986-ade4-a3f0611f2446@group-003612B9A191: changes role from CANDIDATE to LEADER at term 1 for changeToLeader
2019-09-27 10:04:00,102 [9e052e44-70ab-4986-ade4-a3f0611f2446@group-003612B9A191:LeaderElection1] INFO  impl.RaftServerImpl (ServerState.java:setLeader(253)) - 9e052e44-70ab-4986-ade4-a3f0611f2446@group-003612B9A191: change Leader from null to 9e052e44-70ab-4986-ade4-a3f0611f2446 at term 1 for becomeLeader, leader elected after 5209ms
2019-09-27 10:04:00,110 [9e052e44-70ab-4986-ade4-a3f0611f2446@group-003612B9A191:LeaderElection1] INFO  server.RaftServerConfigKeys (ConfUtils.java:logGet(43)) - raft.server.staging.catchup.gap = 1000 (default)
2019-09-27 10:04:00,111 [9e052e44-70ab-4986-ade4-a3f0611f2446@group-003612B9A191:LeaderElection1] INFO  server.RaftServerConfigKeys (ConfUtils.java:logGet(43)) - raft.server.rpc.sleep.time = 25ms (default)
2019-09-27 10:04:00,115 [9e052e44-70ab-4986-ade4-a3f0611f2446@group-003612B9A191:LeaderElection1] INFO  server.RaftServerConfigKeys (ConfUtils.java:logGet(43)) - raft.server.write.element-limit = 4096 (default)
2019-09-27 10:04:00,119 [9e052e44-70ab-4986-ade4-a3f0611f2446@group-003612B9A191:LeaderElection1] INFO  server.RaftServerConfigKeys (ConfUtils.java:logGet(43)) - raft.server.watch.timeout = 10s (default)
2019-09-27 10:04:00,119 [9e052e44-70ab-4986-ade4-a3f0611f2446@group-003612B9A191:LeaderElection1] INFO  server.RaftServerConfigKeys (ConfUtils.java:logGet(43)) - raft.server.watch.timeout.denomination = 1s (default)
2019-09-27 10:04:00,120 [9e052e44-70ab-4986-ade4-a3f0611f2446@group-003612B9A191:LeaderElection1] INFO  server.RaftServerConfigKeys (ConfUtils.java:logGet(43)) - raft.server.watch.element-limit = 65536 (default)
2019-09-27 10:04:00,138 [9e052e44-70ab-4986-ade4-a3f0611f2446@group-003612B9A191:LeaderElection1] INFO  impl.RoleInfo (RoleInfo.java:updateAndGet(143)) - 9e052e44-70ab-4986-ade4-a3f0611f2446: start LeaderState
2019-09-27 10:04:00,165 [9e052e44-70ab-4986-ade4-a3f0611f2446@group-003612B9A191:LeaderElection1] INFO  segmented.SegmentedRaftLogWorker (SegmentedRaftLogWorker.java:startLogSegment(380)) - 9e052e44-70ab-4986-ade4-a3f0611f2446@group-003612B9A191-SegmentedRaftLogWorker: Starting segment from index:0
2019-09-27 10:04:00,175 [9e052e44-70ab-4986-ade4-a3f0611f2446@group-003612B9A191:LeaderElection1] INFO  impl.RaftServerImpl (ServerState.java:setRaftConf(354)) - 9e052e44-70ab-4986-ade4-a3f0611f2446@group-003612B9A191: set configuration 0: [9e052e44-70ab-4986-ade4-a3f0611f2446:192.168.151.103:46348], old=null at 0
2019-09-27 10:04:00,216 [Thread-183] INFO  impl.FollowerState (FollowerState.java:run(106)) - 1c83a473-6f05-4848-b5de-f56388da1fad:group-B2FB3749E2F4 changes to CANDIDATE, lastRpcTime:5011, electionTimeout:5010ms
2019-09-27 10:04:00,218 [Thread-183] INFO  impl.RoleInfo (RoleInfo.java:shutdownFollowerState(121)) - 1c83a473-6f05-4848-b5de-f56388da1fad: shutdown FollowerState
2019-09-27 10:04:00,219 [Thread-183] INFO  impl.RaftServerImpl (RaftServerImpl.java:setRole(174)) - 1c83a473-6f05-4848-b5de-f56388da1fad@group-B2FB3749E2F4: changes role from  FOLLOWER to CANDIDATE at term 0 for changeToCandidate
2019-09-27 10:04:00,219 [Thread-183] INFO  impl.RoleInfo (RoleInfo.java:updateAndGet(143)) - 1c83a473-6f05-4848-b5de-f56388da1fad: start LeaderElection
2019-09-27 10:04:00,248 [1c83a473-6f05-4848-b5de-f56388da1fad@group-B2FB3749E2F4:LeaderElection2] INFO  impl.LeaderElection (LeaderElection.java:askForVotes(182)) - 1c83a473-6f05-4848-b5de-f56388da1fad@group-B2FB3749E2F4:LeaderElection2: begin an election at term 1 for -1: [1c83a473-6f05-4848-b5de-f56388da1fad:192.168.151.103:38616], old=null
2019-09-27 10:04:00,250 [1c83a473-6f05-4848-b5de-f56388da1fad@group-B2FB3749E2F4:LeaderElection2] INFO  impl.RoleInfo (RoleInfo.java:shutdownLeaderElection(134)) - 1c83a473-6f05-4848-b5de-f56388da1fad: shutdown LeaderElection
2019-09-27 10:04:00,250 [1c83a473-6f05-4848-b5de-f56388da1fad@group-B2FB3749E2F4:LeaderElection2] INFO  impl.RaftServerImpl (RaftServerImpl.java:setRole(174)) - 1c83a473-6f05-4848-b5de-f56388da1fad@group-B2FB3749E2F4: changes role from CANDIDATE to LEADER at term 1 for changeToLeader
2019-09-27 10:04:00,250 [1c83a473-6f05-4848-b5de-f56388da1fad@group-B2FB3749E2F4:LeaderElection2] INFO  impl.RaftServerImpl (ServerState.java:setLeader(253)) - 1c83a473-6f05-4848-b5de-f56388da1fad@group-B2FB3749E2F4: change Leader from null to 1c83a473-6f05-4848-b5de-f56388da1fad at term 1 for becomeLeader, leader elected after 5062ms
2019-09-27 10:04:00,250 [1c83a473-6f05-4848-b5de-f56388da1fad@group-B2FB3749E2F4:LeaderElection2] INFO  server.RaftServerConfigKeys (ConfUtils.java:logGet(43)) - raft.server.staging.catchup.gap = 1000 (default)
2019-09-27 10:04:00,250 [1c83a473-6f05-4848-b5de-f56388da1fad@group-B2FB3749E2F4:LeaderElection2] INFO  server.RaftServerConfigKeys (ConfUtils.java:logGet(43)) - raft.server.rpc.sleep.time = 25ms (default)
2019-09-27 10:04:00,251 [1c83a473-6f05-4848-b5de-f56388da1fad@group-B2FB3749E2F4:LeaderElection2] INFO  server.RaftServerConfigKeys (ConfUtils.java:logGet(43)) - raft.server.write.element-limit = 4096 (default)
2019-09-27 10:04:00,251 [1c83a473-6f05-4848-b5de-f56388da1fad@group-B2FB3749E2F4:LeaderElection2] INFO  server.RaftServerConfigKeys (ConfUtils.java:logGet(43)) - raft.server.watch.timeout = 10s (default)
2019-09-27 10:04:00,251 [1c83a473-6f05-4848-b5de-f56388da1fad@group-B2FB3749E2F4:LeaderElection2] INFO  server.RaftServerConfigKeys (ConfUtils.java:logGet(43)) - raft.server.watch.timeout.denomination = 1s (default)
2019-09-27 10:04:00,251 [1c83a473-6f05-4848-b5de-f56388da1fad@group-B2FB3749E2F4:LeaderElection2] INFO  server.RaftServerConfigKeys (ConfUtils.java:logGet(43)) - raft.server.watch.element-limit = 65536 (default)
2019-09-27 10:04:00,257 [1c83a473-6f05-4848-b5de-f56388da1fad@group-B2FB3749E2F4:LeaderElection2] INFO  impl.RoleInfo (RoleInfo.java:updateAndGet(143)) - 1c83a473-6f05-4848-b5de-f56388da1fad: start LeaderState
2019-09-27 10:04:00,257 [1c83a473-6f05-4848-b5de-f56388da1fad@group-B2FB3749E2F4:LeaderElection2] INFO  segmented.SegmentedRaftLogWorker (SegmentedRaftLogWorker.java:startLogSegment(380)) - 1c83a473-6f05-4848-b5de-f56388da1fad@group-B2FB3749E2F4-SegmentedRaftLogWorker: Starting segment from index:0
2019-09-27 10:04:00,258 [1c83a473-6f05-4848-b5de-f56388da1fad@group-B2FB3749E2F4:LeaderElection2] INFO  impl.RaftServerImpl (ServerState.java:setRaftConf(354)) - 1c83a473-6f05-4848-b5de-f56388da1fad@group-B2FB3749E2F4: set configuration 0: [1c83a473-6f05-4848-b5de-f56388da1fad:192.168.151.103:38616], old=null at 0
2019-09-27 10:04:00,374 [Thread-186] INFO  impl.FollowerState (FollowerState.java:run(106)) - b8058e66-012e-4633-8820-d7963a6bb9b9:group-3BD70153B2D4 changes to CANDIDATE, lastRpcTime:5056, electionTimeout:5056ms
2019-09-27 10:04:00,374 [Thread-186] INFO  impl.RoleInfo (RoleInfo.java:shutdownFollowerState(121)) - b8058e66-012e-4633-8820-d7963a6bb9b9: shutdown FollowerState
2019-09-27 10:04:00,374 [Thread-186] INFO  impl.RaftServerImpl (RaftServerImpl.java:setRole(174)) - b8058e66-012e-4633-8820-d7963a6bb9b9@group-3BD70153B2D4: changes role from  FOLLOWER to CANDIDATE at term 0 for changeToCandidate
2019-09-27 10:04:00,375 [Thread-186] INFO  impl.RoleInfo (RoleInfo.java:updateAndGet(143)) - b8058e66-012e-4633-8820-d7963a6bb9b9: start LeaderElection
2019-09-27 10:04:00,425 [1c83a473-6f05-4848-b5de-f56388da1fad@group-B2FB3749E2F4-SegmentedRaftLogWorker] INFO  segmented.SegmentedRaftLogWorker (SegmentedRaftLogWorker.java:execute(569)) - 1c83a473-6f05-4848-b5de-f56388da1fad@group-B2FB3749E2F4-SegmentedRaftLogWorker: created new log segment /workdir/hadoop-ozone/integration-test/target/test-dir/MiniOzoneClusterImpl-120a72d4-51b8-433d-b43c-2500f049a8d2/datanode-1/data/ratis/6bb6755c-2e0b-46bc-9d1e-b2fb3749e2f4/current/log_inprogress_0
2019-09-27 10:04:00,425 [9e052e44-70ab-4986-ade4-a3f0611f2446@group-003612B9A191-SegmentedRaftLogWorker] INFO  segmented.SegmentedRaftLogWorker (SegmentedRaftLogWorker.java:execute(569)) - 9e052e44-70ab-4986-ade4-a3f0611f2446@group-003612B9A191-SegmentedRaftLogWorker: created new log segment /workdir/hadoop-ozone/integration-test/target/test-dir/MiniOzoneClusterImpl-120a72d4-51b8-433d-b43c-2500f049a8d2/datanode-0/data/ratis/65523cf2-6041-49b6-bfa7-003612b9a191/current/log_inprogress_0
2019-09-27 10:04:00,425 [b8058e66-012e-4633-8820-d7963a6bb9b9@group-3BD70153B2D4:LeaderElection3] INFO  impl.LeaderElection (LeaderElection.java:askForVotes(182)) - b8058e66-012e-4633-8820-d7963a6bb9b9@group-3BD70153B2D4:LeaderElection3: begin an election at term 1 for -1: [b8058e66-012e-4633-8820-d7963a6bb9b9:192.168.151.103:36027], old=null
2019-09-27 10:04:00,426 [b8058e66-012e-4633-8820-d7963a6bb9b9@group-3BD70153B2D4:LeaderElection3] INFO  impl.RoleInfo (RoleInfo.java:shutdownLeaderElection(134)) - b8058e66-012e-4633-8820-d7963a6bb9b9: shutdown LeaderElection
2019-09-27 10:04:00,426 [b8058e66-012e-4633-8820-d7963a6bb9b9@group-3BD70153B2D4:LeaderElection3] INFO  impl.RaftServerImpl (RaftServerImpl.java:setRole(174)) - b8058e66-012e-4633-8820-d7963a6bb9b9@group-3BD70153B2D4: changes role from CANDIDATE to LEADER at term 1 for changeToLeader
2019-09-27 10:04:00,426 [b8058e66-012e-4633-8820-d7963a6bb9b9@group-3BD70153B2D4:LeaderElection3] INFO  impl.RaftServerImpl (ServerState.java:setLeader(253)) - b8058e66-012e-4633-8820-d7963a6bb9b9@group-3BD70153B2D4: change Leader from null to b8058e66-012e-4633-8820-d7963a6bb9b9 at term 1 for becomeLeader, leader elected after 5135ms
2019-09-27 10:04:00,426 [b8058e66-012e-4633-8820-d7963a6bb9b9@group-3BD70153B2D4:LeaderElection3] INFO  server.RaftServerConfigKeys (ConfUtils.java:logGet(43)) - raft.server.staging.catchup.gap = 1000 (default)
2019-09-27 10:04:00,426 [b8058e66-012e-4633-8820-d7963a6bb9b9@group-3BD70153B2D4:LeaderElection3] INFO  server.RaftServerConfigKeys (ConfUtils.java:logGet(43)) - raft.server.rpc.sleep.time = 25ms (default)
2019-09-27 10:04:00,427 [b8058e66-012e-4633-8820-d7963a6bb9b9@group-3BD70153B2D4:LeaderElection3] INFO  server.RaftServerConfigKeys (ConfUtils.java:logGet(43)) - raft.server.write.element-limit = 4096 (default)
2019-09-27 10:04:00,427 [b8058e66-012e-4633-8820-d7963a6bb9b9@group-3BD70153B2D4:LeaderElection3] INFO  server.RaftServerConfigKeys (ConfUtils.java:logGet(43)) - raft.server.watch.timeout = 10s (default)
2019-09-27 10:04:00,427 [b8058e66-012e-4633-8820-d7963a6bb9b9@group-3BD70153B2D4:LeaderElection3] INFO  server.RaftServerConfigKeys (ConfUtils.java:logGet(43)) - raft.server.watch.timeout.denomination = 1s (default)
2019-09-27 10:04:00,427 [b8058e66-012e-4633-8820-d7963a6bb9b9@group-3BD70153B2D4:LeaderElection3] INFO  server.RaftServerConfigKeys (ConfUtils.java:logGet(43)) - raft.server.watch.element-limit = 65536 (default)
2019-09-27 10:04:00,432 [b8058e66-012e-4633-8820-d7963a6bb9b9@group-3BD70153B2D4:LeaderElection3] INFO  impl.RoleInfo (RoleInfo.java:updateAndGet(143)) - b8058e66-012e-4633-8820-d7963a6bb9b9: start LeaderState
2019-09-27 10:04:00,432 [b8058e66-012e-4633-8820-d7963a6bb9b9@group-3BD70153B2D4:LeaderElection3] INFO  segmented.SegmentedRaftLogWorker (SegmentedRaftLogWorker.java:startLogSegment(380)) - b8058e66-012e-4633-8820-d7963a6bb9b9@group-3BD70153B2D4-SegmentedRaftLogWorker: Starting segment from index:0
2019-09-27 10:04:00,433 [b8058e66-012e-4633-8820-d7963a6bb9b9@group-3BD70153B2D4:LeaderElection3] INFO  impl.RaftServerImpl (ServerState.java:setRaftConf(354)) - b8058e66-012e-4633-8820-d7963a6bb9b9@group-3BD70153B2D4: set configuration 0: [b8058e66-012e-4633-8820-d7963a6bb9b9:192.168.151.103:36027], old=null at 0
2019-09-27 10:04:00,472 [Thread-192] INFO  impl.FollowerState (FollowerState.java:run(106)) - b8058e66-012e-4633-8820-d7963a6bb9b9:group-EB5B56F6559C changes to CANDIDATE, lastRpcTime:5035, electionTimeout:5013ms
2019-09-27 10:04:00,473 [Thread-192] INFO  impl.RoleInfo (RoleInfo.java:shutdownFollowerState(121)) - b8058e66-012e-4633-8820-d7963a6bb9b9: shutdown FollowerState
2019-09-27 10:04:00,473 [Thread-192] INFO  impl.RaftServerImpl (RaftServerImpl.java:setRole(174)) - b8058e66-012e-4633-8820-d7963a6bb9b9@group-EB5B56F6559C: changes role from  FOLLOWER to CANDIDATE at term 0 for changeToCandidate
2019-09-27 10:04:00,473 [Thread-192] INFO  impl.RoleInfo (RoleInfo.java:updateAndGet(143)) - b8058e66-012e-4633-8820-d7963a6bb9b9: start LeaderElection
2019-09-27 10:04:00,497 [b8058e66-012e-4633-8820-d7963a6bb9b9@group-3BD70153B2D4-SegmentedRaftLogWorker] INFO  segmented.SegmentedRaftLogWorker (SegmentedRaftLogWorker.java:execute(569)) - b8058e66-012e-4633-8820-d7963a6bb9b9@group-3BD70153B2D4-SegmentedRaftLogWorker: created new log segment /workdir/hadoop-ozone/integration-test/target/test-dir/MiniOzoneClusterImpl-120a72d4-51b8-433d-b43c-2500f049a8d2/datanode-2/data/ratis/8ac631e1-2956-4957-9a58-3bd70153b2d4/current/log_inprogress_0
2019-09-27 10:04:00,497 [b8058e66-012e-4633-8820-d7963a6bb9b9@group-EB5B56F6559C:LeaderElection4] INFO  impl.LeaderElection (LeaderElection.java:askForVotes(182)) - b8058e66-012e-4633-8820-d7963a6bb9b9@group-EB5B56F6559C:LeaderElection4: begin an election at term 1 for -1: [9e052e44-70ab-4986-ade4-a3f0611f2446:192.168.151.103:46348, b8058e66-012e-4633-8820-d7963a6bb9b9:192.168.151.103:36027, 1c83a473-6f05-4848-b5de-f56388da1fad:192.168.151.103:38616], old=null
2019-09-27 10:04:00,516 [Thread-193] INFO  impl.FollowerState (FollowerState.java:run(106)) - 9e052e44-70ab-4986-ade4-a3f0611f2446:group-EB5B56F6559C changes to CANDIDATE, lastRpcTime:5078, electionTimeout:5075ms
2019-09-27 10:04:00,516 [Thread-193] INFO  impl.RoleInfo (RoleInfo.java:shutdownFollowerState(121)) - 9e052e44-70ab-4986-ade4-a3f0611f2446: shutdown FollowerState
2019-09-27 10:04:00,516 [Thread-193] INFO  impl.RaftServerImpl (RaftServerImpl.java:setRole(174)) - 9e052e44-70ab-4986-ade4-a3f0611f2446@group-EB5B56F6559C: changes role from  FOLLOWER to CANDIDATE at term 0 for changeToCandidate
2019-09-27 10:04:00,517 [Thread-193] INFO  impl.RoleInfo (RoleInfo.java:updateAndGet(143)) - 9e052e44-70ab-4986-ade4-a3f0611f2446: start LeaderElection
2019-09-27 10:04:00,537 [Thread-191] INFO  impl.FollowerState (FollowerState.java:run(106)) - 1c83a473-6f05-4848-b5de-f56388da1fad:group-EB5B56F6559C changes to CANDIDATE, lastRpcTime:5100, electionTimeout:5099ms
2019-09-27 10:04:00,537 [Thread-191] INFO  impl.RoleInfo (RoleInfo.java:shutdownFollowerState(121)) - 1c83a473-6f05-4848-b5de-f56388da1fad: shutdown FollowerState
2019-09-27 10:04:00,537 [Thread-191] INFO  impl.RaftServerImpl (RaftServerImpl.java:setRole(174)) - 1c83a473-6f05-4848-b5de-f56388da1fad@group-EB5B56F6559C: changes role from  FOLLOWER to CANDIDATE at term 0 for changeToCandidate
2019-09-27 10:04:00,537 [Thread-191] INFO  impl.RoleInfo (RoleInfo.java:updateAndGet(143)) - 1c83a473-6f05-4848-b5de-f56388da1fad: start LeaderElection
2019-09-27 10:04:00,537 [9e052e44-70ab-4986-ade4-a3f0611f2446@group-EB5B56F6559C:LeaderElection5] INFO  impl.LeaderElection (LeaderElection.java:askForVotes(182)) - 9e052e44-70ab-4986-ade4-a3f0611f2446@group-EB5B56F6559C:LeaderElection5: begin an election at term 1 for -1: [9e052e44-70ab-4986-ade4-a3f0611f2446:192.168.151.103:46348, b8058e66-012e-4633-8820-d7963a6bb9b9:192.168.151.103:36027, 1c83a473-6f05-4848-b5de-f56388da1fad:192.168.151.103:38616], old=null
2019-09-27 10:04:00,553 [1c83a473-6f05-4848-b5de-f56388da1fad@group-EB5B56F6559C:LeaderElection6] INFO  impl.LeaderElection (LeaderElection.java:askForVotes(182)) - 1c83a473-6f05-4848-b5de-f56388da1fad@group-EB5B56F6559C:LeaderElection6: begin an election at term 1 for -1: [9e052e44-70ab-4986-ade4-a3f0611f2446:192.168.151.103:46348, b8058e66-012e-4633-8820-d7963a6bb9b9:192.168.151.103:36027, 1c83a473-6f05-4848-b5de-f56388da1fad:192.168.151.103:38616], old=null
2019-09-27 10:04:00,573 [b8058e66-012e-4633-8820-d7963a6bb9b9@group-EB5B56F6559C:LeaderElection4] INFO  impl.LeaderElection (LeaderElection.java:logAndReturn(56)) - b8058e66-012e-4633-8820-d7963a6bb9b9@group-EB5B56F6559C:LeaderElection4: Election REJECTED; received 2 response(s) [b8058e66-012e-4633-8820-d7963a6bb9b9<-9e052e44-70ab-4986-ade4-a3f0611f2446#0:FAIL-t1, b8058e66-012e-4633-8820-d7963a6bb9b9<-1c83a473-6f05-4848-b5de-f56388da1fad#0:FAIL-t1] and 0 exception(s); b8058e66-012e-4633-8820-d7963a6bb9b9@group-EB5B56F6559C:t1, leader=null, voted=b8058e66-012e-4633-8820-d7963a6bb9b9, raftlog=b8058e66-012e-4633-8820-d7963a6bb9b9@group-EB5B56F6559C-SegmentedRaftLog:OPENED:c-1,f-1,i0, conf=-1: [9e052e44-70ab-4986-ade4-a3f0611f2446:192.168.151.103:46348, b8058e66-012e-4633-8820-d7963a6bb9b9:192.168.151.103:36027, 1c83a473-6f05-4848-b5de-f56388da1fad:192.168.151.103:38616], old=null
2019-09-27 10:04:00,576 [b8058e66-012e-4633-8820-d7963a6bb9b9@group-EB5B56F6559C:LeaderElection4] INFO  impl.RaftServerImpl (RaftServerImpl.java:setRole(174)) - b8058e66-012e-4633-8820-d7963a6bb9b9@group-EB5B56F6559C: changes role from CANDIDATE to FOLLOWER at term 1 for DISCOVERED_A_NEW_TERM
2019-09-27 10:04:00,577 [b8058e66-012e-4633-8820-d7963a6bb9b9@group-EB5B56F6559C:LeaderElection4] INFO  impl.RoleInfo (RoleInfo.java:shutdownLeaderElection(134)) - b8058e66-012e-4633-8820-d7963a6bb9b9: shutdown LeaderElection
2019-09-27 10:04:00,578 [b8058e66-012e-4633-8820-d7963a6bb9b9@group-EB5B56F6559C:LeaderElection4] INFO  impl.RoleInfo (RoleInfo.java:updateAndGet(143)) - b8058e66-012e-4633-8820-d7963a6bb9b9: start FollowerState
2019-09-27 10:04:00,602 [1c83a473-6f05-4848-b5de-f56388da1fad@group-EB5B56F6559C:LeaderElection6] INFO  impl.LeaderElection (LeaderElection.java:logAndReturn(56)) - 1c83a473-6f05-4848-b5de-f56388da1fad@group-EB5B56F6559C:LeaderElection6: Election REJECTED; received 2 response(s) [1c83a473-6f05-4848-b5de-f56388da1fad<-b8058e66-012e-4633-8820-d7963a6bb9b9#0:FAIL-t1, 1c83a473-6f05-4848-b5de-f56388da1fad<-9e052e44-70ab-4986-ade4-a3f0611f2446#0:FAIL-t1] and 0 exception(s); 1c83a473-6f05-4848-b5de-f56388da1fad@group-EB5B56F6559C:t1, leader=null, voted=1c83a473-6f05-4848-b5de-f56388da1fad, raftlog=1c83a473-6f05-4848-b5de-f56388da1fad@group-EB5B56F6559C-SegmentedRaftLog:OPENED:c-1,f-1,i0, conf=-1: [9e052e44-70ab-4986-ade4-a3f0611f2446:192.168.151.103:46348, b8058e66-012e-4633-8820-d7963a6bb9b9:192.168.151.103:36027, 1c83a473-6f05-4848-b5de-f56388da1fad:192.168.151.103:38616], old=null
2019-09-27 10:04:00,604 [1c83a473-6f05-4848-b5de-f56388da1fad@group-EB5B56F6559C:LeaderElection6] INFO  impl.RaftServerImpl (RaftServerImpl.java:setRole(174)) - 1c83a473-6f05-4848-b5de-f56388da1fad@group-EB5B56F6559C: changes role from CANDIDATE to FOLLOWER at term 1 for DISCOVERED_A_NEW_TERM
2019-09-27 10:04:00,606 [1c83a473-6f05-4848-b5de-f56388da1fad@group-EB5B56F6559C:LeaderElection6] INFO  impl.RoleInfo (RoleInfo.java:shutdownLeaderElection(134)) - 1c83a473-6f05-4848-b5de-f56388da1fad: shutdown LeaderElection
2019-09-27 10:04:00,606 [1c83a473-6f05-4848-b5de-f56388da1fad@group-EB5B56F6559C:LeaderElection6] INFO  impl.RoleInfo (RoleInfo.java:updateAndGet(143)) - 1c83a473-6f05-4848-b5de-f56388da1fad: start FollowerState
2019-09-27 10:04:00,606 [9e052e44-70ab-4986-ade4-a3f0611f2446@group-EB5B56F6559C:LeaderElection5] INFO  impl.LeaderElection (LeaderElection.java:logAndReturn(56)) - 9e052e44-70ab-4986-ade4-a3f0611f2446@group-EB5B56F6559C:LeaderElection5: Election REJECTED; received 2 response(s) [9e052e44-70ab-4986-ade4-a3f0611f2446<-b8058e66-012e-4633-8820-d7963a6bb9b9#0:FAIL-t1, 9e052e44-70ab-4986-ade4-a3f0611f2446<-1c83a473-6f05-4848-b5de-f56388da1fad#0:FAIL-t1] and 0 exception(s); 9e052e44-70ab-4986-ade4-a3f0611f2446@group-EB5B56F6559C:t1, leader=null, voted=9e052e44-70ab-4986-ade4-a3f0611f2446, raftlog=9e052e44-70ab-4986-ade4-a3f0611f2446@group-EB5B56F6559C-SegmentedRaftLog:OPENED:c-1,f-1,i0, conf=-1: [9e052e44-70ab-4986-ade4-a3f0611f2446:192.168.151.103:46348, b8058e66-012e-4633-8820-d7963a6bb9b9:192.168.151.103:36027, 1c83a473-6f05-4848-b5de-f56388da1fad:192.168.151.103:38616], old=null
2019-09-27 10:04:00,609 [9e052e44-70ab-4986-ade4-a3f0611f2446@group-EB5B56F6559C:LeaderElection5] INFO  impl.RaftServerImpl (RaftServerImpl.java:setRole(174)) - 9e052e44-70ab-4986-ade4-a3f0611f2446@group-EB5B56F6559C: changes role from CANDIDATE to FOLLOWER at term 1 for DISCOVERED_A_NEW_TERM
2019-09-27 10:04:00,611 [9e052e44-70ab-4986-ade4-a3f0611f2446@group-EB5B56F6559C:LeaderElection5] INFO  impl.RoleInfo (RoleInfo.java:shutdownLeaderElection(134)) - 9e052e44-70ab-4986-ade4-a3f0611f2446: shutdown LeaderElection
2019-09-27 10:04:00,611 [9e052e44-70ab-4986-ade4-a3f0611f2446@group-EB5B56F6559C:LeaderElection5] INFO  impl.RoleInfo (RoleInfo.java:updateAndGet(143)) - 9e052e44-70ab-4986-ade4-a3f0611f2446: start FollowerState
2019-09-27 10:04:00,628 [main] INFO  ipc.Client (Client.java:handleConnectionFailure(948)) - Retrying connect to server: localhost/127.0.0.1:0. Already tried 4 time(s); retry policy is RetryUpToMaximumCountWithFixedSleep(maxRetries=10, sleepTime=1000 MILLISECONDS)
2019-09-27 10:04:01,631 [main] INFO  ipc.Client (Client.java:handleConnectionFailure(948)) - Retrying connect to server: localhost/127.0.0.1:0. Already tried 5 time(s); retry policy is RetryUpToMaximumCountWithFixedSleep(maxRetries=10, sleepTime=1000 MILLISECONDS)
2019-09-27 10:04:02,632 [main] INFO  ipc.Client (Client.java:handleConnectionFailure(948)) - Retrying connect to server: localhost/127.0.0.1:0. Already tried 6 time(s); retry policy is RetryUpToMaximumCountWithFixedSleep(maxRetries=10, sleepTime=1000 MILLISECONDS)
2019-09-27 10:04:03,634 [main] INFO  ipc.Client (Client.java:handleConnectionFailure(948)) - Retrying connect to server: localhost/127.0.0.1:0. Already tried 7 time(s); retry policy is RetryUpToMaximumCountWithFixedSleep(maxRetries=10, sleepTime=1000 MILLISECONDS)
2019-09-27 10:04:04,635 [main] INFO  ipc.Client (Client.java:handleConnectionFailure(948)) - Retrying connect to server: localhost/127.0.0.1:0. Already tried 8 time(s); retry policy is RetryUpToMaximumCountWithFixedSleep(maxRetries=10, sleepTime=1000 MILLISECONDS)
2019-09-27 10:04:05,619 [Thread-214] INFO  impl.FollowerState (FollowerState.java:run(106)) - b8058e66-012e-4633-8820-d7963a6bb9b9:group-EB5B56F6559C changes to CANDIDATE, lastRpcTime:5041, electionTimeout:5040ms
2019-09-27 10:04:05,620 [Thread-214] INFO  impl.RoleInfo (RoleInfo.java:shutdownFollowerState(121)) - b8058e66-012e-4633-8820-d7963a6bb9b9: shutdown FollowerState
2019-09-27 10:04:05,620 [Thread-214] INFO  impl.RaftServerImpl (RaftServerImpl.java:setRole(174)) - b8058e66-012e-4633-8820-d7963a6bb9b9@group-EB5B56F6559C: changes role from  FOLLOWER to CANDIDATE at term 1 for changeToCandidate
2019-09-27 10:04:05,620 [Thread-214] INFO  impl.RoleInfo (RoleInfo.java:updateAndGet(143)) - b8058e66-012e-4633-8820-d7963a6bb9b9: start LeaderElection
2019-09-27 10:04:05,636 [Thread-215] INFO  impl.FollowerState (FollowerState.java:run(106)) - 1c83a473-6f05-4848-b5de-f56388da1fad:group-EB5B56F6559C changes to CANDIDATE, lastRpcTime:5030, electionTimeout:5027ms
2019-09-27 10:04:05,636 [Thread-215] INFO  impl.RoleInfo (RoleInfo.java:shutdownFollowerState(121)) - 1c83a473-6f05-4848-b5de-f56388da1fad: shutdown FollowerState
2019-09-27 10:04:05,636 [main] INFO  ipc.Client (Client.java:handleConnectionFailure(948)) - Retrying connect to server: localhost/127.0.0.1:0. Already tried 9 time(s); retry policy is RetryUpToMaximumCountWithFixedSleep(maxRetries=10, sleepTime=1000 MILLISECONDS)
2019-09-27 10:04:05,636 [b8058e66-012e-4633-8820-d7963a6bb9b9@group-EB5B56F6559C:LeaderElection7] INFO  impl.LeaderElection (LeaderElection.java:askForVotes(182)) - b8058e66-012e-4633-8820-d7963a6bb9b9@group-EB5B56F6559C:LeaderElection7: begin an election at term 2 for -1: [9e052e44-70ab-4986-ade4-a3f0611f2446:192.168.151.103:46348, b8058e66-012e-4633-8820-d7963a6bb9b9:192.168.151.103:36027, 1c83a473-6f05-4848-b5de-f56388da1fad:192.168.151.103:38616], old=null
2019-09-27 10:04:05,636 [Thread-215] INFO  impl.RaftServerImpl (RaftServerImpl.java:setRole(174)) - 1c83a473-6f05-4848-b5de-f56388da1fad@group-EB5B56F6559C: changes role from  FOLLOWER to CANDIDATE at term 1 for changeToCandidate
2019-09-27 10:04:05,637 [Thread-215] INFO  impl.RoleInfo (RoleInfo.java:updateAndGet(143)) - 1c83a473-6f05-4848-b5de-f56388da1fad: start LeaderElection
2019-09-27 10:04:05,645 [grpc-default-executor-2] INFO  impl.RaftServerImpl (RaftServerImpl.java:setRole(174)) - 9e052e44-70ab-4986-ade4-a3f0611f2446@group-EB5B56F6559C: changes role from  FOLLOWER to FOLLOWER at term 2 for recognizeCandidate:b8058e66-012e-4633-8820-d7963a6bb9b9
2019-09-27 10:04:05,645 [grpc-default-executor-2] INFO  impl.RoleInfo (RoleInfo.java:shutdownFollowerState(121)) - 9e052e44-70ab-4986-ade4-a3f0611f2446: shutdown FollowerState
2019-09-27 10:04:05,645 [grpc-default-executor-2] INFO  impl.RoleInfo (RoleInfo.java:updateAndGet(143)) - 9e052e44-70ab-4986-ade4-a3f0611f2446: start FollowerState
2019-09-27 10:04:05,646 [Thread-216] INFO  impl.FollowerState (FollowerState.java:run(115)) - 9e052e44-70ab-4986-ade4-a3f0611f2446: FollowerState was interrupted: java.lang.InterruptedException: sleep interrupted
2019-09-27 10:04:05,653 [1c83a473-6f05-4848-b5de-f56388da1fad@group-EB5B56F6559C:LeaderElection8] INFO  impl.LeaderElection (LeaderElection.java:askForVotes(182)) - 1c83a473-6f05-4848-b5de-f56388da1fad@group-EB5B56F6559C:LeaderElection8: begin an election at term 2 for -1: [9e052e44-70ab-4986-ade4-a3f0611f2446:192.168.151.103:46348, b8058e66-012e-4633-8820-d7963a6bb9b9:192.168.151.103:36027, 1c83a473-6f05-4848-b5de-f56388da1fad:192.168.151.103:38616], old=null
2019-09-27 10:04:05,660 [b8058e66-012e-4633-8820-d7963a6bb9b9@group-EB5B56F6559C:LeaderElection7] INFO  impl.LeaderElection (LeaderElection.java:logAndReturn(56)) - b8058e66-012e-4633-8820-d7963a6bb9b9@group-EB5B56F6559C:LeaderElection7: Election PASSED; received 1 response(s) [b8058e66-012e-4633-8820-d7963a6bb9b9<-9e052e44-70ab-4986-ade4-a3f0611f2446#0:OK-t2] and 0 exception(s); b8058e66-012e-4633-8820-d7963a6bb9b9@group-EB5B56F6559C:t2, leader=null, voted=b8058e66-012e-4633-8820-d7963a6bb9b9, raftlog=b8058e66-012e-4633-8820-d7963a6bb9b9@group-EB5B56F6559C-SegmentedRaftLog:OPENED:c-1,f-1,i0, conf=-1: [9e052e44-70ab-4986-ade4-a3f0611f2446:192.168.151.103:46348, b8058e66-012e-4633-8820-d7963a6bb9b9:192.168.151.103:36027, 1c83a473-6f05-4848-b5de-f56388da1fad:192.168.151.103:38616], old=null
2019-09-27 10:04:05,660 [b8058e66-012e-4633-8820-d7963a6bb9b9@group-EB5B56F6559C:LeaderElection7] INFO  impl.RoleInfo (RoleInfo.java:shutdownLeaderElection(134)) - b8058e66-012e-4633-8820-d7963a6bb9b9: shutdown LeaderElection
2019-09-27 10:04:05,661 [b8058e66-012e-4633-8820-d7963a6bb9b9@group-EB5B56F6559C:LeaderElection7] INFO  impl.RaftServerImpl (RaftServerImpl.java:setRole(174)) - b8058e66-012e-4633-8820-d7963a6bb9b9@group-EB5B56F6559C: changes role from CANDIDATE to LEADER at term 2 for changeToLeader
2019-09-27 10:04:05,663 [b8058e66-012e-4633-8820-d7963a6bb9b9@group-EB5B56F6559C:LeaderElection7] INFO  impl.RaftServerImpl (ServerState.java:setLeader(253)) - b8058e66-012e-4633-8820-d7963a6bb9b9@group-EB5B56F6559C: change Leader from null to b8058e66-012e-4633-8820-d7963a6bb9b9 at term 2 for becomeLeader, leader elected after 10245ms
2019-09-27 10:04:05,664 [b8058e66-012e-4633-8820-d7963a6bb9b9@group-EB5B56F6559C:LeaderElection7] INFO  server.RaftServerConfigKeys (ConfUtils.java:logGet(43)) - raft.server.staging.catchup.gap = 1000 (default)
2019-09-27 10:04:05,664 [b8058e66-012e-4633-8820-d7963a6bb9b9@group-EB5B56F6559C:LeaderElection7] INFO  server.RaftServerConfigKeys (ConfUtils.java:logGet(43)) - raft.server.rpc.sleep.time = 25ms (default)
2019-09-27 10:04:05,665 [b8058e66-012e-4633-8820-d7963a6bb9b9@group-EB5B56F6559C:LeaderElection7] INFO  server.RaftServerConfigKeys (ConfUtils.java:logGet(43)) - raft.server.write.element-limit = 4096 (default)
2019-09-27 10:04:05,666 [b8058e66-012e-4633-8820-d7963a6bb9b9@group-EB5B56F6559C:LeaderElection7] INFO  server.RaftServerConfigKeys (ConfUtils.java:logGet(43)) - raft.server.watch.timeout = 10s (default)
2019-09-27 10:04:05,666 [b8058e66-012e-4633-8820-d7963a6bb9b9@group-EB5B56F6559C:LeaderElection7] INFO  server.RaftServerConfigKeys (ConfUtils.java:logGet(43)) - raft.server.watch.timeout.denomination = 1s (default)
2019-09-27 10:04:05,666 [b8058e66-012e-4633-8820-d7963a6bb9b9@group-EB5B56F6559C:LeaderElection7] INFO  server.RaftServerConfigKeys (ConfUtils.java:logGet(43)) - raft.server.watch.element-limit = 65536 (default)
2019-09-27 10:04:05,675 [b8058e66-012e-4633-8820-d7963a6bb9b9@group-EB5B56F6559C:LeaderElection7] INFO  server.RaftServerConfigKeys (ConfUtils.java:logGet(43)) - raft.server.log.appender.snapshot.chunk.size.max = 16MB (=16777216) (default)
2019-09-27 10:04:05,676 [b8058e66-012e-4633-8820-d7963a6bb9b9@group-EB5B56F6559C:LeaderElection7] INFO  server.RaftServerConfigKeys (ConfUtils.java:logGet(43)) - raft.server.log.appender.buffer.byte-limit = 33554432 (custom)
2019-09-27 10:04:05,676 [b8058e66-012e-4633-8820-d7963a6bb9b9@group-EB5B56F6559C:LeaderElection7] INFO  server.RaftServerConfigKeys (ConfUtils.java:logGet(43)) - raft.server.log.appender.buffer.element-limit = 1 (custom)
2019-09-27 10:04:05,681 [b8058e66-012e-4633-8820-d7963a6bb9b9@group-EB5B56F6559C:LeaderElection7] INFO  grpc.GrpcConfigKeys$Server (ConfUtils.java:logGet(43)) - raft.grpc.server.leader.outstanding.appends.max = 128 (default)
2019-09-27 10:04:05,686 [b8058e66-012e-4633-8820-d7963a6bb9b9@group-EB5B56F6559C:LeaderElection7] INFO  server.RaftServerConfigKeys (ConfUtils.java:logGet(43)) - raft.server.rpc.request.timeout = 3000ms (default)
2019-09-27 10:04:05,686 [b8058e66-012e-4633-8820-d7963a6bb9b9@group-EB5B56F6559C:LeaderElection7] INFO  server.RaftServerConfigKeys (ConfUtils.java:logGet(43)) - raft.server.log.appender.install.snapshot.enabled = false (custom)
2019-09-27 10:04:05,687 [b8058e66-012e-4633-8820-d7963a6bb9b9@group-EB5B56F6559C:LeaderElection7] INFO  server.RaftServerConfigKeys (ConfUtils.java:logGet(43)) - raft.server.log.appender.snapshot.chunk.size.max = 16MB (=16777216) (default)
2019-09-27 10:04:05,688 [b8058e66-012e-4633-8820-d7963a6bb9b9@group-EB5B56F6559C:LeaderElection7] INFO  server.RaftServerConfigKeys (ConfUtils.java:logGet(43)) - raft.server.log.appender.buffer.byte-limit = 33554432 (custom)
2019-09-27 10:04:05,688 [b8058e66-012e-4633-8820-d7963a6bb9b9@group-EB5B56F6559C:LeaderElection7] INFO  server.RaftServerConfigKeys (ConfUtils.java:logGet(43)) - raft.server.log.appender.buffer.element-limit = 1 (custom)
2019-09-27 10:04:05,688 [b8058e66-012e-4633-8820-d7963a6bb9b9@group-EB5B56F6559C:LeaderElection7] INFO  grpc.GrpcConfigKeys$Server (ConfUtils.java:logGet(43)) - raft.grpc.server.leader.outstanding.appends.max = 128 (default)
2019-09-27 10:04:05,688 [b8058e66-012e-4633-8820-d7963a6bb9b9@group-EB5B56F6559C:LeaderElection7] INFO  server.RaftServerConfigKeys (ConfUtils.java:logGet(43)) - raft.server.rpc.request.timeout = 3000ms (default)
2019-09-27 10:04:05,689 [b8058e66-012e-4633-8820-d7963a6bb9b9@group-EB5B56F6559C:LeaderElection7] INFO  server.RaftServerConfigKeys (ConfUtils.java:logGet(43)) - raft.server.log.appender.install.snapshot.enabled = false (custom)
2019-09-27 10:04:05,693 [b8058e66-012e-4633-8820-d7963a6bb9b9@group-EB5B56F6559C:LeaderElection7] INFO  impl.RoleInfo (RoleInfo.java:updateAndGet(143)) - b8058e66-012e-4633-8820-d7963a6bb9b9: start LeaderState
2019-09-27 10:04:05,693 [b8058e66-012e-4633-8820-d7963a6bb9b9@group-EB5B56F6559C:LeaderElection7] INFO  segmented.SegmentedRaftLogWorker (SegmentedRaftLogWorker.java:startLogSegment(380)) - b8058e66-012e-4633-8820-d7963a6bb9b9@group-EB5B56F6559C-SegmentedRaftLogWorker: Starting segment from index:0
2019-09-27 10:04:05,694 [b8058e66-012e-4633-8820-d7963a6bb9b9@group-EB5B56F6559C:LeaderElection7] INFO  impl.RaftServerImpl (ServerState.java:setRaftConf(354)) - b8058e66-012e-4633-8820-d7963a6bb9b9@group-EB5B56F6559C: set configuration 0: [9e052e44-70ab-4986-ade4-a3f0611f2446:192.168.151.103:46348, b8058e66-012e-4633-8820-d7963a6bb9b9:192.168.151.103:36027, 1c83a473-6f05-4848-b5de-f56388da1fad:192.168.151.103:38616], old=null at 0
2019-09-27 10:04:05,729 [grpc-default-executor-2] INFO  impl.RaftServerImpl (RaftServerImpl.java:requestVote(758)) - b8058e66-012e-4633-8820-d7963a6bb9b9@group-EB5B56F6559C-   LEADER: Withhold vote from candidate 1c83a473-6f05-4848-b5de-f56388da1fad with term 2. State: leader=b8058e66-012e-4633-8820-d7963a6bb9b9, term=2, lastRpcElapsed=null
2019-09-27 10:04:05,737 [1c83a473-6f05-4848-b5de-f56388da1fad@group-EB5B56F6559C:LeaderElection8] INFO  impl.LeaderElection (LeaderElection.java:logAndReturn(56)) - 1c83a473-6f05-4848-b5de-f56388da1fad@group-EB5B56F6559C:LeaderElection8: Election REJECTED; received 2 response(s) [1c83a473-6f05-4848-b5de-f56388da1fad<-9e052e44-70ab-4986-ade4-a3f0611f2446#0:FAIL-t2, 1c83a473-6f05-4848-b5de-f56388da1fad<-b8058e66-012e-4633-8820-d7963a6bb9b9#0:FAIL-t2] and 0 exception(s); 1c83a473-6f05-4848-b5de-f56388da1fad@group-EB5B56F6559C:t2, leader=null, voted=1c83a473-6f05-4848-b5de-f56388da1fad, raftlog=1c83a473-6f05-4848-b5de-f56388da1fad@group-EB5B56F6559C-SegmentedRaftLog:OPENED:c-1,f-1,i0, conf=-1: [9e052e44-70ab-4986-ade4-a3f0611f2446:192.168.151.103:46348, b8058e66-012e-4633-8820-d7963a6bb9b9:192.168.151.103:36027, 1c83a473-6f05-4848-b5de-f56388da1fad:192.168.151.103:38616], old=null
2019-09-27 10:04:05,737 [1c83a473-6f05-4848-b5de-f56388da1fad@group-EB5B56F6559C:LeaderElection8] INFO  impl.RaftServerImpl (RaftServerImpl.java:setRole(174)) - 1c83a473-6f05-4848-b5de-f56388da1fad@group-EB5B56F6559C: changes role from CANDIDATE to FOLLOWER at term 2 for DISCOVERED_A_NEW_TERM
2019-09-27 10:04:05,741 [1c83a473-6f05-4848-b5de-f56388da1fad@group-EB5B56F6559C:LeaderElection8] INFO  impl.RoleInfo (RoleInfo.java:shutdownLeaderElection(134)) - 1c83a473-6f05-4848-b5de-f56388da1fad: shutdown LeaderElection
2019-09-27 10:04:05,742 [1c83a473-6f05-4848-b5de-f56388da1fad@group-EB5B56F6559C:LeaderElection8] INFO  impl.RoleInfo (RoleInfo.java:updateAndGet(143)) - 1c83a473-6f05-4848-b5de-f56388da1fad: start FollowerState
2019-09-27 10:04:05,753 [b8058e66-012e-4633-8820-d7963a6bb9b9@group-EB5B56F6559C-SegmentedRaftLogWorker] INFO  segmented.SegmentedRaftLogWorker (SegmentedRaftLogWorker.java:execute(569)) - b8058e66-012e-4633-8820-d7963a6bb9b9@group-EB5B56F6559C-SegmentedRaftLogWorker: created new log segment /workdir/hadoop-ozone/integration-test/target/test-dir/MiniOzoneClusterImpl-120a72d4-51b8-433d-b43c-2500f049a8d2/datanode-2/data/ratis/5c9a1321-8118-4be2-9cff-eb5b56f6559c/current/log_inprogress_0
2019-09-27 10:04:05,761 [grpc-default-executor-2] INFO  impl.RaftServerImpl (ServerState.java:setLeader(253)) - 1c83a473-6f05-4848-b5de-f56388da1fad@group-EB5B56F6559C: change Leader from null to b8058e66-012e-4633-8820-d7963a6bb9b9 at term 2 for appendEntries, leader elected after 10342ms
2019-09-27 10:04:05,762 [grpc-default-executor-3] INFO  impl.RaftServerImpl (ServerState.java:setLeader(253)) - 9e052e44-70ab-4986-ade4-a3f0611f2446@group-EB5B56F6559C: change Leader from null to b8058e66-012e-4633-8820-d7963a6bb9b9 at term 2 for appendEntries, leader elected after 10344ms
2019-09-27 10:04:05,806 [grpc-default-executor-2] INFO  impl.RaftServerImpl (ServerState.java:setRaftConf(354)) - 9e052e44-70ab-4986-ade4-a3f0611f2446@group-EB5B56F6559C: set configuration 0: [9e052e44-70ab-4986-ade4-a3f0611f2446:192.168.151.103:46348, b8058e66-012e-4633-8820-d7963a6bb9b9:192.168.151.103:36027, 1c83a473-6f05-4848-b5de-f56388da1fad:192.168.151.103:38616], old=null at 0
2019-09-27 10:04:05,806 [grpc-default-executor-3] INFO  impl.RaftServerImpl (ServerState.java:setRaftConf(354)) - 1c83a473-6f05-4848-b5de-f56388da1fad@group-EB5B56F6559C: set configuration 0: [9e052e44-70ab-4986-ade4-a3f0611f2446:192.168.151.103:46348, b8058e66-012e-4633-8820-d7963a6bb9b9:192.168.151.103:36027, 1c83a473-6f05-4848-b5de-f56388da1fad:192.168.151.103:38616], old=null at 0
2019-09-27 10:04:05,806 [grpc-default-executor-2] INFO  segmented.SegmentedRaftLogWorker (SegmentedRaftLogWorker.java:startLogSegment(380)) - 9e052e44-70ab-4986-ade4-a3f0611f2446@group-EB5B56F6559C-SegmentedRaftLogWorker: Starting segment from index:0
2019-09-27 10:04:05,806 [grpc-default-executor-3] INFO  segmented.SegmentedRaftLogWorker (SegmentedRaftLogWorker.java:startLogSegment(380)) - 1c83a473-6f05-4848-b5de-f56388da1fad@group-EB5B56F6559C-SegmentedRaftLogWorker: Starting segment from index:0
2019-09-27 10:04:05,855 [1c83a473-6f05-4848-b5de-f56388da1fad@group-EB5B56F6559C-SegmentedRaftLogWorker] INFO  segmented.SegmentedRaftLogWorker (SegmentedRaftLogWorker.java:execute(569)) - 1c83a473-6f05-4848-b5de-f56388da1fad@group-EB5B56F6559C-SegmentedRaftLogWorker: created new log segment /workdir/hadoop-ozone/integration-test/target/test-dir/MiniOzoneClusterImpl-120a72d4-51b8-433d-b43c-2500f049a8d2/datanode-1/data/ratis/5c9a1321-8118-4be2-9cff-eb5b56f6559c/current/log_inprogress_0
2019-09-27 10:04:05,855 [9e052e44-70ab-4986-ade4-a3f0611f2446@group-EB5B56F6559C-SegmentedRaftLogWorker] INFO  segmented.SegmentedRaftLogWorker (SegmentedRaftLogWorker.java:execute(569)) - 9e052e44-70ab-4986-ade4-a3f0611f2446@group-EB5B56F6559C-SegmentedRaftLogWorker: created new log segment /workdir/hadoop-ozone/integration-test/target/test-dir/MiniOzoneClusterImpl-120a72d4-51b8-433d-b43c-2500f049a8d2/datanode-0/data/ratis/5c9a1321-8118-4be2-9cff-eb5b56f6559c/current/log_inprogress_0
2019-09-27 10:04:06,643 [main] INFO  ipc.Client (Client.java:handleConnectionFailure(948)) - Retrying connect to server: localhost/127.0.0.1:0. Already tried 0 time(s); retry policy is RetryUpToMaximumCountWithFixedSleep(maxRetries=10, sleepTime=1000 MILLISECONDS)
2019-09-27 10:04:07,645 [main] INFO  ipc.Client (Client.java:handleConnectionFailure(948)) - Retrying connect to server: localhost/127.0.0.1:0. Already tried 1 time(s); retry policy is RetryUpToMaximumCountWithFixedSleep(maxRetries=10, sleepTime=1000 MILLISECONDS)
2019-09-27 10:04:08,646 [main] INFO  ipc.Client (Client.java:handleConnectionFailure(948)) - Retrying connect to server: localhost/127.0.0.1:0. Already tried 2 time(s); retry policy is RetryUpToMaximumCountWithFixedSleep(maxRetries=10, sleepTime=1000 MILLISECONDS)
2019-09-27 10:04:09,648 [main] INFO  ipc.Client (Client.java:handleConnectionFailure(948)) - Retrying connect to server: localhost/127.0.0.1:0. Already tried 3 time(s); retry policy is RetryUpToMaximumCountWithFixedSleep(maxRetries=10, sleepTime=1000 MILLISECONDS)
2019-09-27 10:04:10,649 [main] INFO  ipc.Client (Client.java:handleConnectionFailure(948)) - Retrying connect to server: localhost/127.0.0.1:0. Already tried 4 time(s); retry policy is RetryUpToMaximumCountWithFixedSleep(maxRetries=10, sleepTime=1000 MILLISECONDS)
2019-09-27 10:04:11,650 [main] INFO  ipc.Client (Client.java:handleConnectionFailure(948)) - Retrying connect to server: localhost/127.0.0.1:0. Already tried 5 time(s); retry policy is RetryUpToMaximumCountWithFixedSleep(maxRetries=10, sleepTime=1000 MILLISECONDS)
2019-09-27 10:04:12,652 [main] INFO  ipc.Client (Client.java:handleConnectionFailure(948)) - Retrying connect to server: localhost/127.0.0.1:0. Already tried 6 time(s); retry policy is RetryUpToMaximumCountWithFixedSleep(maxRetries=10, sleepTime=1000 MILLISECONDS)
2019-09-27 10:04:13,653 [main] INFO  ipc.Client (Client.java:handleConnectionFailure(948)) - Retrying connect to server: localhost/127.0.0.1:0. Already tried 7 time(s); retry policy is RetryUpToMaximumCountWithFixedSleep(maxRetries=10, sleepTime=1000 MILLISECONDS)
2019-09-27 10:04:14,655 [main] INFO  ipc.Client (Client.java:handleConnectionFailure(948)) - Retrying connect to server: localhost/127.0.0.1:0. Already tried 8 time(s); retry policy is RetryUpToMaximumCountWithFixedSleep(maxRetries=10, sleepTime=1000 MILLISECONDS)
2019-09-27 10:04:15,656 [main] INFO  ipc.Client (Client.java:handleConnectionFailure(948)) - Retrying connect to server: localhost/127.0.0.1:0. Already tried 9 time(s); retry policy is RetryUpToMaximumCountWithFixedSleep(maxRetries=10, sleepTime=1000 MILLISECONDS)
2019-09-27 10:04:15,658 [main] INFO  retry.RetryInvocationHandler (RetryInvocationHandler.java:log(411)) - com.google.protobuf.ServiceException: java.net.ConnectException: Your endpoint configuration is wrong; For more details see:  http://wiki.apache.org/hadoop/UnsetHostnameOrPort, while invoking $Proxy36.submitRequest over nodeId=null,nodeAddress=127.0.0.1:0 after 1 failover attempts. Trying to failover immediately.
2019-09-27 10:04:16,660 [main] INFO  ipc.Client (Client.java:handleConnectionFailure(948)) - Retrying connect to server: localhost/127.0.0.1:0. Already tried 0 time(s); retry policy is RetryUpToMaximumCountWithFixedSleep(maxRetries=10, sleepTime=1000 MILLISECONDS)
2019-09-27 10:04:17,661 [main] INFO  ipc.Client (Client.java:handleConnectionFailure(948)) - Retrying connect to server: localhost/127.0.0.1:0. Already tried 1 time(s); retry policy is RetryUpToMaximumCountWithFixedSleep(maxRetries=10, sleepTime=1000 MILLISECONDS)
2019-09-27 10:04:18,663 [main] INFO  ipc.Client (Client.java:handleConnectionFailure(948)) - Retrying connect to server: localhost/127.0.0.1:0. Already tried 2 time(s); retry policy is RetryUpToMaximumCountWithFixedSleep(maxRetries=10, sleepTime=1000 MILLISECONDS)
2019-09-27 10:04:19,664 [main] INFO  ipc.Client (Client.java:handleConnectionFailure(948)) - Retrying connect to server: localhost/127.0.0.1:0. Already tried 3 time(s); retry policy is RetryUpToMaximumCountWithFixedSleep(maxRetries=10, sleepTime=1000 MILLISECONDS)
2019-09-27 10:04:20,666 [main] INFO  ipc.Client (Client.java:handleConnectionFailure(948)) - Retrying connect to server: localhost/127.0.0.1:0. Already tried 4 time(s); retry policy is RetryUpToMaximumCountWithFixedSleep(maxRetries=10, sleepTime=1000 MILLISECONDS)
2019-09-27 10:04:21,667 [main] INFO  ipc.Client (Client.java:handleConnectionFailure(948)) - Retrying connect to server: localhost/127.0.0.1:0. Already tried 5 time(s); retry policy is RetryUpToMaximumCountWithFixedSleep(maxRetries=10, sleepTime=1000 MILLISECONDS)
2019-09-27 10:04:22,669 [main] INFO  ipc.Client (Client.java:handleConnectionFailure(948)) - Retrying connect to server: localhost/127.0.0.1:0. Already tried 6 time(s); retry policy is RetryUpToMaximumCountWithFixedSleep(maxRetries=10, sleepTime=1000 MILLISECONDS)
2019-09-27 10:04:23,670 [main] INFO  ipc.Client (Client.java:handleConnectionFailure(948)) - Retrying connect to server: localhost/127.0.0.1:0. Already tried 7 time(s); retry policy is RetryUpToMaximumCountWithFixedSleep(maxRetries=10, sleepTime=1000 MILLISECONDS)
2019-09-27 10:04:24,671 [main] INFO  ipc.Client (Client.java:handleConnectionFailure(948)) - Retrying connect to server: localhost/127.0.0.1:0. Already tried 8 time(s); retry policy is RetryUpToMaximumCountWithFixedSleep(maxRetries=10, sleepTime=1000 MILLISECONDS)
2019-09-27 10:04:25,673 [main] INFO  ipc.Client (Client.java:handleConnectionFailure(948)) - Retrying connect to server: localhost/127.0.0.1:0. Already tried 9 time(s); retry policy is RetryUpToMaximumCountWithFixedSleep(maxRetries=10, sleepTime=1000 MILLISECONDS)
2019-09-27 10:04:25,674 [main] INFO  retry.RetryInvocationHandler (RetryInvocationHandler.java:log(411)) - com.google.protobuf.ServiceException: java.net.ConnectException: Your endpoint configuration is wrong; For more details see:  http://wiki.apache.org/hadoop/UnsetHostnameOrPort, while invoking $Proxy36.submitRequest over nodeId=null,nodeAddress=127.0.0.1:0 after 2 failover attempts. Trying to failover immediately.
2019-09-27 10:04:26,676 [main] INFO  ipc.Client (Client.java:handleConnectionFailure(948)) - Retrying connect to server: localhost/127.0.0.1:0. Already tried 0 time(s); retry policy is RetryUpToMaximumCountWithFixedSleep(maxRetries=10, sleepTime=1000 MILLISECONDS)
2019-09-27 10:04:27,677 [main] INFO  ipc.Client (Client.java:handleConnectionFailure(948)) - Retrying connect to server: localhost/127.0.0.1:0. Already tried 1 time(s); retry policy is RetryUpToMaximumCountWithFixedSleep(maxRetries=10, sleepTime=1000 MILLISECONDS)
2019-09-27 10:04:28,678 [main] INFO  ipc.Client (Client.java:handleConnectionFailure(948)) - Retrying connect to server: localhost/127.0.0.1:0. Already tried 2 time(s); retry policy is RetryUpToMaximumCountWithFixedSleep(maxRetries=10, sleepTime=1000 MILLISECONDS)
2019-09-27 10:04:29,680 [main] INFO  ipc.Client (Client.java:handleConnectionFailure(948)) - Retrying connect to server: localhost/127.0.0.1:0. Already tried 3 time(s); retry policy is RetryUpToMaximumCountWithFixedSleep(maxRetries=10, sleepTime=1000 MILLISECONDS)
2019-09-27 10:04:30,681 [main] INFO  ipc.Client (Client.java:handleConnectionFailure(948)) - Retrying connect to server: localhost/127.0.0.1:0. Already tried 4 time(s); retry policy is RetryUpToMaximumCountWithFixedSleep(maxRetries=10, sleepTime=1000 MILLISECONDS)
2019-09-27 10:04:31,682 [main] INFO  ipc.Client (Client.java:handleConnectionFailure(948)) - Retrying connect to server: localhost/127.0.0.1:0. Already tried 5 time(s); retry policy is RetryUpToMaximumCountWithFixedSleep(maxRetries=10, sleepTime=1000 MILLISECONDS)
2019-09-27 10:04:32,684 [main] INFO  ipc.Client (Client.java:handleConnectionFailure(948)) - Retrying connect to server: localhost/127.0.0.1:0. Already tried 6 time(s); retry policy is RetryUpToMaximumCountWithFixedSleep(maxRetries=10, sleepTime=1000 MILLISECONDS)
2019-09-27 10:04:33,685 [main] INFO  ipc.Client (Client.java:handleConnectionFailure(948)) - Retrying connect to server: localhost/127.0.0.1:0. Already tried 7 time(s); retry policy is RetryUpToMaximumCountWithFixedSleep(maxRetries=10, sleepTime=1000 MILLISECONDS)
2019-09-27 10:04:34,686 [main] INFO  ipc.Client (Client.java:handleConnectionFailure(948)) - Retrying connect to server: localhost/127.0.0.1:0. Already tried 8 time(s); retry policy is RetryUpToMaximumCountWithFixedSleep(maxRetries=10, sleepTime=1000 MILLISECONDS)
2019-09-27 10:04:35,688 [main] INFO  ipc.Client (Client.java:handleConnectionFailure(948)) - Retrying connect to server: localhost/127.0.0.1:0. Already tried 9 time(s); retry policy is RetryUpToMaximumCountWithFixedSleep(maxRetries=10, sleepTime=1000 MILLISECONDS)
2019-09-27 10:04:35,690 [main] INFO  retry.RetryInvocationHandler (RetryInvocationHandler.java:log(411)) - com.google.protobuf.ServiceException: java.net.ConnectException: Your endpoint configuration is wrong; For more details see:  http://wiki.apache.org/hadoop/UnsetHostnameOrPort, while invoking $Proxy36.submitRequest over nodeId=null,nodeAddress=127.0.0.1:0 after 3 failover attempts. Trying to failover immediately.
2019-09-27 10:04:36,691 [main] INFO  ipc.Client (Client.java:handleConnectionFailure(948)) - Retrying connect to server: localhost/127.0.0.1:0. Already tried 0 time(s); retry policy is RetryUpToMaximumCountWithFixedSleep(maxRetries=10, sleepTime=1000 MILLISECONDS)
2019-09-27 10:04:37,692 [main] INFO  ipc.Client (Client.java:handleConnectionFailure(948)) - Retrying connect to server: localhost/127.0.0.1:0. Already tried 1 time(s); retry policy is RetryUpToMaximumCountWithFixedSleep(maxRetries=10, sleepTime=1000 MILLISECONDS)
2019-09-27 10:04:38,694 [main] INFO  ipc.Client (Client.java:handleConnectionFailure(948)) - Retrying connect to server: localhost/127.0.0.1:0. Already tried 2 time(s); retry policy is RetryUpToMaximumCountWithFixedSleep(maxRetries=10, sleepTime=1000 MILLISECONDS)
2019-09-27 10:04:39,696 [main] INFO  ipc.Client (Client.java:handleConnectionFailure(948)) - Retrying connect to server: localhost/127.0.0.1:0. Already tried 3 time(s); retry policy is RetryUpToMaximumCountWithFixedSleep(maxRetries=10, sleepTime=1000 MILLISECONDS)
2019-09-27 10:04:40,697 [main] INFO  ipc.Client (Client.java:handleConnectionFailure(948)) - Retrying connect to server: localhost/127.0.0.1:0. Already tried 4 time(s); retry policy is RetryUpToMaximumCountWithFixedSleep(maxRetries=10, sleepTime=1000 MILLISECONDS)
2019-09-27 10:04:41,698 [main] INFO  ipc.Client (Client.java:handleConnectionFailure(948)) - Retrying connect to server: localhost/127.0.0.1:0. Already tried 5 time(s); retry policy is RetryUpToMaximumCountWithFixedSleep(maxRetries=10, sleepTime=1000 MILLISECONDS)
2019-09-27 10:04:42,700 [main] INFO  ipc.Client (Client.java:handleConnectionFailure(948)) - Retrying connect to server: localhost/127.0.0.1:0. Already tried 6 time(s); retry policy is RetryUpToMaximumCountWithFixedSleep(maxRetries=10, sleepTime=1000 MILLISECONDS)
2019-09-27 10:04:43,701 [main] INFO  ipc.Client (Client.java:handleConnectionFailure(948)) - Retrying connect to server: localhost/127.0.0.1:0. Already tried 7 time(s); retry policy is RetryUpToMaximumCountWithFixedSleep(maxRetries=10, sleepTime=1000 MILLISECONDS)
2019-09-27 10:04:44,703 [main] INFO  ipc.Client (Client.java:handleConnectionFailure(948)) - Retrying connect to server: localhost/127.0.0.1:0. Already tried 8 time(s); retry policy is RetryUpToMaximumCountWithFixedSleep(maxRetries=10, sleepTime=1000 MILLISECONDS)
2019-09-27 10:04:45,704 [main] INFO  ipc.Client (Client.java:handleConnectionFailure(948)) - Retrying connect to server: localhost/127.0.0.1:0. Already tried 9 time(s); retry policy is RetryUpToMaximumCountWithFixedSleep(maxRetries=10, sleepTime=1000 MILLISECONDS)
2019-09-27 10:04:45,706 [main] INFO  retry.RetryInvocationHandler (RetryInvocationHandler.java:log(411)) - com.google.protobuf.ServiceException: java.net.ConnectException: Your endpoint configuration is wrong; For more details see:  http://wiki.apache.org/hadoop/UnsetHostnameOrPort, while invoking $Proxy36.submitRequest over nodeId=null,nodeAddress=127.0.0.1:0 after 4 failover attempts. Trying to failover immediately.
2019-09-27 10:04:46,707 [main] INFO  ipc.Client (Client.java:handleConnectionFailure(948)) - Retrying connect to server: localhost/127.0.0.1:0. Already tried 0 time(s); retry policy is RetryUpToMaximumCountWithFixedSleep(maxRetries=10, sleepTime=1000 MILLISECONDS)
2019-09-27 10:04:47,709 [main] INFO  ipc.Client (Client.java:handleConnectionFailure(948)) - Retrying connect to server: localhost/127.0.0.1:0. Already tried 1 time(s); retry policy is RetryUpToMaximumCountWithFixedSleep(maxRetries=10, sleepTime=1000 MILLISECONDS)
2019-09-27 10:04:48,710 [main] INFO  ipc.Client (Client.java:handleConnectionFailure(948)) - Retrying connect to server: localhost/127.0.0.1:0. Already tried 2 time(s); retry policy is RetryUpToMaximumCountWithFixedSleep(maxRetries=10, sleepTime=1000 MILLISECONDS)
2019-09-27 10:04:49,711 [main] INFO  ipc.Client (Client.java:handleConnectionFailure(948)) - Retrying connect to server: localhost/127.0.0.1:0. Already tried 3 time(s); retry policy is RetryUpToMaximumCountWithFixedSleep(maxRetries=10, sleepTime=1000 MILLISECONDS)
2019-09-27 10:04:50,713 [main] INFO  ipc.Client (Client.java:handleConnectionFailure(948)) - Retrying connect to server: localhost/127.0.0.1:0. Already tried 4 time(s); retry policy is RetryUpToMaximumCountWithFixedSleep(maxRetries=10, sleepTime=1000 MILLISECONDS)
2019-09-27 10:04:51,714 [main] INFO  ipc.Client (Client.java:handleConnectionFailure(948)) - Retrying connect to server: localhost/127.0.0.1:0. Already tried 5 time(s); retry policy is RetryUpToMaximumCountWithFixedSleep(maxRetries=10, sleepTime=1000 MILLISECONDS)
2019-09-27 10:04:52,716 [main] INFO  ipc.Client (Client.java:handleConnectionFailure(948)) - Retrying connect to server: localhost/127.0.0.1:0. Already tried 6 time(s); retry policy is RetryUpToMaximumCountWithFixedSleep(maxRetries=10, sleepTime=1000 MILLISECONDS)
2019-09-27 10:04:53,717 [main] INFO  ipc.Client (Client.java:handleConnectionFailure(948)) - Retrying connect to server: localhost/127.0.0.1:0. Already tried 7 time(s); retry policy is RetryUpToMaximumCountWithFixedSleep(maxRetries=10, sleepTime=1000 MILLISECONDS)
2019-09-27 10:04:54,719 [main] INFO  ipc.Client (Client.java:handleConnectionFailure(948)) - Retrying connect to server: localhost/127.0.0.1:0. Already tried 8 time(s); retry policy is RetryUpToMaximumCountWithFixedSleep(maxRetries=10, sleepTime=1000 MILLISECONDS)
2019-09-27 10:04:55,720 [main] INFO  ipc.Client (Client.java:handleConnectionFailure(948)) - Retrying connect to server: localhost/127.0.0.1:0. Already tried 9 time(s); retry policy is RetryUpToMaximumCountWithFixedSleep(maxRetries=10, sleepTime=1000 MILLISECONDS)
2019-09-27 10:04:55,722 [main] INFO  retry.RetryInvocationHandler (RetryInvocationHandler.java:log(411)) - com.google.protobuf.ServiceException: java.net.ConnectException: Your endpoint configuration is wrong; For more details see:  http://wiki.apache.org/hadoop/UnsetHostnameOrPort, while invoking $Proxy36.submitRequest over nodeId=null,nodeAddress=127.0.0.1:0 after 5 failover attempts. Trying to failover immediately.
2019-09-27 10:04:56,723 [main] INFO  ipc.Client (Client.java:handleConnectionFailure(948)) - Retrying connect to server: localhost/127.0.0.1:0. Already tried 0 time(s); retry policy is RetryUpToMaximumCountWithFixedSleep(maxRetries=10, sleepTime=1000 MILLISECONDS)
2019-09-27 10:04:57,725 [main] INFO  ipc.Client (Client.java:handleConnectionFailure(948)) - Retrying connect to server: localhost/127.0.0.1:0. Already tried 1 time(s); retry policy is RetryUpToMaximumCountWithFixedSleep(maxRetries=10, sleepTime=1000 MILLISECONDS)
2019-09-27 10:04:58,726 [main] INFO  ipc.Client (Client.java:handleConnectionFailure(948)) - Retrying connect to server: localhost/127.0.0.1:0. Already tried 2 time(s); retry policy is RetryUpToMaximumCountWithFixedSleep(maxRetries=10, sleepTime=1000 MILLISECONDS)
2019-09-27 10:04:59,727 [main] INFO  ipc.Client (Client.java:handleConnectionFailure(948)) - Retrying connect to server: localhost/127.0.0.1:0. Already tried 3 time(s); retry policy is RetryUpToMaximumCountWithFixedSleep(maxRetries=10, sleepTime=1000 MILLISECONDS)
2019-09-27 10:05:00,729 [main] INFO  ipc.Client (Client.java:handleConnectionFailure(948)) - Retrying connect to server: localhost/127.0.0.1:0. Already tried 4 time(s); retry policy is RetryUpToMaximumCountWithFixedSleep(maxRetries=10, sleepTime=1000 MILLISECONDS)
2019-09-27 10:05:01,730 [main] INFO  ipc.Client (Client.java:handleConnectionFailure(948)) - Retrying connect to server: localhost/127.0.0.1:0. Already tried 5 time(s); retry policy is RetryUpToMaximumCountWithFixedSleep(maxRetries=10, sleepTime=1000 MILLISECONDS)
2019-09-27 10:05:02,731 [main] INFO  ipc.Client (Client.java:handleConnectionFailure(948)) - Retrying connect to server: localhost/127.0.0.1:0. Already tried 6 time(s); retry policy is RetryUpToMaximumCountWithFixedSleep(maxRetries=10, sleepTime=1000 MILLISECONDS)
2019-09-27 10:05:03,733 [main] INFO  ipc.Client (Client.java:handleConnectionFailure(948)) - Retrying connect to server: localhost/127.0.0.1:0. Already tried 7 time(s); retry policy is RetryUpToMaximumCountWithFixedSleep(maxRetries=10, sleepTime=1000 MILLISECONDS)
2019-09-27 10:05:04,734 [main] INFO  ipc.Client (Client.java:handleConnectionFailure(948)) - Retrying connect to server: localhost/127.0.0.1:0. Already tried 8 time(s); retry policy is RetryUpToMaximumCountWithFixedSleep(maxRetries=10, sleepTime=1000 MILLISECONDS)
2019-09-27 10:05:05,736 [main] INFO  ipc.Client (Client.java:handleConnectionFailure(948)) - Retrying connect to server: localhost/127.0.0.1:0. Already tried 9 time(s); retry policy is RetryUpToMaximumCountWithFixedSleep(maxRetries=10, sleepTime=1000 MILLISECONDS)
2019-09-27 10:05:05,737 [main] INFO  retry.RetryInvocationHandler (RetryInvocationHandler.java:log(411)) - com.google.protobuf.ServiceException: java.net.ConnectException: Your endpoint configuration is wrong; For more details see:  http://wiki.apache.org/hadoop/UnsetHostnameOrPort, while invoking $Proxy36.submitRequest over nodeId=null,nodeAddress=127.0.0.1:0 after 6 failover attempts. Trying to failover immediately.
2019-09-27 10:05:06,738 [main] INFO  ipc.Client (Client.java:handleConnectionFailure(948)) - Retrying connect to server: localhost/127.0.0.1:0. Already tried 0 time(s); retry policy is RetryUpToMaximumCountWithFixedSleep(maxRetries=10, sleepTime=1000 MILLISECONDS)
2019-09-27 10:05:07,740 [main] INFO  ipc.Client (Client.java:handleConnectionFailure(948)) - Retrying connect to server: localhost/127.0.0.1:0. Already tried 1 time(s); retry policy is RetryUpToMaximumCountWithFixedSleep(maxRetries=10, sleepTime=1000 MILLISECONDS)
2019-09-27 10:05:08,741 [main] INFO  ipc.Client (Client.java:handleConnectionFailure(948)) - Retrying connect to server: localhost/127.0.0.1:0. Already tried 2 time(s); retry policy is RetryUpToMaximumCountWithFixedSleep(maxRetries=10, sleepTime=1000 MILLISECONDS)
2019-09-27 10:05:09,744 [main] INFO  ipc.Client (Client.java:handleConnectionFailure(948)) - Retrying connect to server: localhost/127.0.0.1:0. Already tried 3 time(s); retry policy is RetryUpToMaximumCountWithFixedSleep(maxRetries=10, sleepTime=1000 MILLISECONDS)
2019-09-27 10:05:10,745 [main] INFO  ipc.Client (Client.java:handleConnectionFailure(948)) - Retrying connect to server: localhost/127.0.0.1:0. Already tried 4 time(s); retry policy is RetryUpToMaximumCountWithFixedSleep(maxRetries=10, sleepTime=1000 MILLISECONDS)
2019-09-27 10:05:11,747 [main] INFO  ipc.Client (Client.java:handleConnectionFailure(948)) - Retrying connect to server: localhost/127.0.0.1:0. Already tried 5 time(s); retry policy is RetryUpToMaximumCountWithFixedSleep(maxRetries=10, sleepTime=1000 MILLISECONDS)
2019-09-27 10:05:12,748 [main] INFO  ipc.Client (Client.java:handleConnectionFailure(948)) - Retrying connect to server: localhost/127.0.0.1:0. Already tried 6 time(s); retry policy is RetryUpToMaximumCountWithFixedSleep(maxRetries=10, sleepTime=1000 MILLISECONDS)
2019-09-27 10:05:13,749 [main] INFO  ipc.Client (Client.java:handleConnectionFailure(948)) - Retrying connect to server: localhost/127.0.0.1:0. Already tried 7 time(s); retry policy is RetryUpToMaximumCountWithFixedSleep(maxRetries=10, sleepTime=1000 MILLISECONDS)
2019-09-27 10:05:14,751 [main] INFO  ipc.Client (Client.java:handleConnectionFailure(948)) - Retrying connect to server: localhost/127.0.0.1:0. Already tried 8 time(s); retry policy is RetryUpToMaximumCountWithFixedSleep(maxRetries=10, sleepTime=1000 MILLISECONDS)
2019-09-27 10:05:15,752 [main] INFO  ipc.Client (Client.java:handleConnectionFailure(948)) - Retrying connect to server: localhost/127.0.0.1:0. Already tried 9 time(s); retry policy is RetryUpToMaximumCountWithFixedSleep(maxRetries=10, sleepTime=1000 MILLISECONDS)
2019-09-27 10:05:15,754 [main] INFO  retry.RetryInvocationHandler (RetryInvocationHandler.java:log(411)) - com.google.protobuf.ServiceException: java.net.ConnectException: Your endpoint configuration is wrong; For more details see:  http://wiki.apache.org/hadoop/UnsetHostnameOrPort, while invoking $Proxy36.submitRequest over nodeId=null,nodeAddress=127.0.0.1:0 after 7 failover attempts. Trying to failover immediately.
2019-09-27 10:05:16,756 [main] INFO  ipc.Client (Client.java:handleConnectionFailure(948)) - Retrying connect to server: localhost/127.0.0.1:0. Already tried 0 time(s); retry policy is RetryUpToMaximumCountWithFixedSleep(maxRetries=10, sleepTime=1000 MILLISECONDS)
2019-09-27 10:05:17,757 [main] INFO  ipc.Client (Client.java:handleConnectionFailure(948)) - Retrying connect to server: localhost/127.0.0.1:0. Already tried 1 time(s); retry policy is RetryUpToMaximumCountWithFixedSleep(maxRetries=10, sleepTime=1000 MILLISECONDS)
2019-09-27 10:05:18,759 [main] INFO  ipc.Client (Client.java:handleConnectionFailure(948)) - Retrying connect to server: localhost/127.0.0.1:0. Already tried 2 time(s); retry policy is RetryUpToMaximumCountWithFixedSleep(maxRetries=10, sleepTime=1000 MILLISECONDS)
2019-09-27 10:05:19,760 [main] INFO  ipc.Client (Client.java:handleConnectionFailure(948)) - Retrying connect to server: localhost/127.0.0.1:0. Already tried 3 time(s); retry policy is RetryUpToMaximumCountWithFixedSleep(maxRetries=10, sleepTime=1000 MILLISECONDS)
2019-09-27 10:05:20,762 [main] INFO  ipc.Client (Client.java:handleConnectionFailure(948)) - Retrying connect to server: localhost/127.0.0.1:0. Already tried 4 time(s); retry policy is RetryUpToMaximumCountWithFixedSleep(maxRetries=10, sleepTime=1000 MILLISECONDS)
2019-09-27 10:05:21,763 [main] INFO  ipc.Client (Client.java:handleConnectionFailure(948)) - Retrying connect to server: localhost/127.0.0.1:0. Already tried 5 time(s); retry policy is RetryUpToMaximumCountWithFixedSleep(maxRetries=10, sleepTime=1000 MILLISECONDS)
2019-09-27 10:05:22,764 [main] INFO  ipc.Client (Client.java:handleConnectionFailure(948)) - Retrying connect to server: localhost/127.0.0.1:0. Already tried 6 time(s); retry policy is RetryUpToMaximumCountWithFixedSleep(maxRetries=10, sleepTime=1000 MILLISECONDS)
2019-09-27 10:05:23,766 [main] INFO  ipc.Client (Client.java:handleConnectionFailure(948)) - Retrying connect to server: localhost/127.0.0.1:0. Already tried 7 time(s); retry policy is RetryUpToMaximumCountWithFixedSleep(maxRetries=10, sleepTime=1000 MILLISECONDS)
2019-09-27 10:05:24,767 [main] INFO  ipc.Client (Client.java:handleConnectionFailure(948)) - Retrying connect to server: localhost/127.0.0.1:0. Already tried 8 time(s); retry policy is RetryUpToMaximumCountWithFixedSleep(maxRetries=10, sleepTime=1000 MILLISECONDS)
2019-09-27 10:05:25,769 [main] INFO  ipc.Client (Client.java:handleConnectionFailure(948)) - Retrying connect to server: localhost/127.0.0.1:0. Already tried 9 time(s); retry policy is RetryUpToMaximumCountWithFixedSleep(maxRetries=10, sleepTime=1000 MILLISECONDS)
2019-09-27 10:05:25,770 [main] INFO  retry.RetryInvocationHandler (RetryInvocationHandler.java:log(411)) - com.google.protobuf.ServiceException: java.net.ConnectException: Your endpoint configuration is wrong; For more details see:  http://wiki.apache.org/hadoop/UnsetHostnameOrPort, while invoking $Proxy36.submitRequest over nodeId=null,nodeAddress=127.0.0.1:0 after 8 failover attempts. Trying to failover immediately.
2019-09-27 10:05:26,772 [main] INFO  ipc.Client (Client.java:handleConnectionFailure(948)) - Retrying connect to server: localhost/127.0.0.1:0. Already tried 0 time(s); retry policy is RetryUpToMaximumCountWithFixedSleep(maxRetries=10, sleepTime=1000 MILLISECONDS)
2019-09-27 10:05:27,773 [main] INFO  ipc.Client (Client.java:handleConnectionFailure(948)) - Retrying connect to server: localhost/127.0.0.1:0. Already tried 1 time(s); retry policy is RetryUpToMaximumCountWithFixedSleep(maxRetries=10, sleepTime=1000 MILLISECONDS)
2019-09-27 10:05:28,774 [main] INFO  ipc.Client (Client.java:handleConnectionFailure(948)) - Retrying connect to server: localhost/127.0.0.1:0. Already tried 2 time(s); retry policy is RetryUpToMaximumCountWithFixedSleep(maxRetries=10, sleepTime=1000 MILLISECONDS)
2019-09-27 10:05:29,775 [main] INFO  ipc.Client (Client.java:handleConnectionFailure(948)) - Retrying connect to server: localhost/127.0.0.1:0. Already tried 3 time(s); retry policy is RetryUpToMaximumCountWithFixedSleep(maxRetries=10, sleepTime=1000 MILLISECONDS)
2019-09-27 10:05:30,777 [main] INFO  ipc.Client (Client.java:handleConnectionFailure(948)) - Retrying connect to server: localhost/127.0.0.1:0. Already tried 4 time(s); retry policy is RetryUpToMaximumCountWithFixedSleep(maxRetries=10, sleepTime=1000 MILLISECONDS)
2019-09-27 10:05:31,778 [main] INFO  ipc.Client (Client.java:handleConnectionFailure(948)) - Retrying connect to server: localhost/127.0.0.1:0. Already tried 5 time(s); retry policy is RetryUpToMaximumCountWithFixedSleep(maxRetries=10, sleepTime=1000 MILLISECONDS)
2019-09-27 10:05:32,779 [main] INFO  ipc.Client (Client.java:handleConnectionFailure(948)) - Retrying connect to server: localhost/127.0.0.1:0. Already tried 6 time(s); retry policy is RetryUpToMaximumCountWithFixedSleep(maxRetries=10, sleepTime=1000 MILLISECONDS)
2019-09-27 10:05:33,780 [main] INFO  ipc.Client (Client.java:handleConnectionFailure(948)) - Retrying connect to server: localhost/127.0.0.1:0. Already tried 7 time(s); retry policy is RetryUpToMaximumCountWithFixedSleep(maxRetries=10, sleepTime=1000 MILLISECONDS)
2019-09-27 10:05:34,782 [main] INFO  ipc.Client (Client.java:handleConnectionFailure(948)) - Retrying connect to server: localhost/127.0.0.1:0. Already tried 8 time(s); retry policy is RetryUpToMaximumCountWithFixedSleep(maxRetries=10, sleepTime=1000 MILLISECONDS)
2019-09-27 10:05:35,783 [main] INFO  ipc.Client (Client.java:handleConnectionFailure(948)) - Retrying connect to server: localhost/127.0.0.1:0. Already tried 9 time(s); retry policy is RetryUpToMaximumCountWithFixedSleep(maxRetries=10, sleepTime=1000 MILLISECONDS)
2019-09-27 10:05:35,785 [main] INFO  retry.RetryInvocationHandler (RetryInvocationHandler.java:log(411)) - com.google.protobuf.ServiceException: java.net.ConnectException: Your endpoint configuration is wrong; For more details see:  http://wiki.apache.org/hadoop/UnsetHostnameOrPort, while invoking $Proxy36.submitRequest over nodeId=null,nodeAddress=127.0.0.1:0 after 9 failover attempts. Trying to failover immediately.
2019-09-27 10:05:36,786 [main] INFO  ipc.Client (Client.java:handleConnectionFailure(948)) - Retrying connect to server: localhost/127.0.0.1:0. Already tried 0 time(s); retry policy is RetryUpToMaximumCountWithFixedSleep(maxRetries=10, sleepTime=1000 MILLISECONDS)
2019-09-27 10:05:37,787 [main] INFO  ipc.Client (Client.java:handleConnectionFailure(948)) - Retrying connect to server: localhost/127.0.0.1:0. Already tried 1 time(s); retry policy is RetryUpToMaximumCountWithFixedSleep(maxRetries=10, sleepTime=1000 MILLISECONDS)
2019-09-27 10:05:38,788 [main] INFO  ipc.Client (Client.java:handleConnectionFailure(948)) - Retrying connect to server: localhost/127.0.0.1:0. Already tried 2 time(s); retry policy is RetryUpToMaximumCountWithFixedSleep(maxRetries=10, sleepTime=1000 MILLISECONDS)
2019-09-27 10:05:39,790 [main] INFO  ipc.Client (Client.java:handleConnectionFailure(948)) - Retrying connect to server: localhost/127.0.0.1:0. Already tried 3 time(s); retry policy is RetryUpToMaximumCountWithFixedSleep(maxRetries=10, sleepTime=1000 MILLISECONDS)
2019-09-27 10:05:40,793 [main] INFO  ipc.Client (Client.java:handleConnectionFailure(948)) - Retrying connect to server: localhost/127.0.0.1:0. Already tried 4 time(s); retry policy is RetryUpToMaximumCountWithFixedSleep(maxRetries=10, sleepTime=1000 MILLISECONDS)
2019-09-27 10:05:41,794 [main] INFO  ipc.Client (Client.java:handleConnectionFailure(948)) - Retrying connect to server: localhost/127.0.0.1:0. Already tried 5 time(s); retry policy is RetryUpToMaximumCountWithFixedSleep(maxRetries=10, sleepTime=1000 MILLISECONDS)
2019-09-27 10:05:42,795 [main] INFO  ipc.Client (Client.java:handleConnectionFailure(948)) - Retrying connect to server: localhost/127.0.0.1:0. Already tried 6 time(s); retry policy is RetryUpToMaximumCountWithFixedSleep(maxRetries=10, sleepTime=1000 MILLISECONDS)
2019-09-27 10:05:43,798 [main] INFO  ipc.Client (Client.java:handleConnectionFailure(948)) - Retrying connect to server: localhost/127.0.0.1:0. Already tried 7 time(s); retry policy is RetryUpToMaximumCountWithFixedSleep(maxRetries=10, sleepTime=1000 MILLISECONDS)
2019-09-27 10:05:44,800 [main] INFO  ipc.Client (Client.java:handleConnectionFailure(948)) - Retrying connect to server: localhost/127.0.0.1:0. Already tried 8 time(s); retry policy is RetryUpToMaximumCountWithFixedSleep(maxRetries=10, sleepTime=1000 MILLISECONDS)
2019-09-27 10:05:45,801 [main] INFO  ipc.Client (Client.java:handleConnectionFailure(948)) - Retrying connect to server: localhost/127.0.0.1:0. Already tried 9 time(s); retry policy is RetryUpToMaximumCountWithFixedSleep(maxRetries=10, sleepTime=1000 MILLISECONDS)
2019-09-27 10:05:45,804 [main] ERROR ha.OMFailoverProxyProvider (OzoneManagerProtocolClientSideTranslatorPB.java:getRetryAction(268)) - Failed to connect to OM. Attempted 10 retries and 10 failovers
2019-09-27 10:05:45,810 [main] ERROR client.OzoneClientFactory (OzoneClientFactory.java:getClientProtocol(259)) - Couldn't create RpcClient protocol exception: 
java.net.ConnectException: Your endpoint configuration is wrong; For more details see:  http://wiki.apache.org/hadoop/UnsetHostnameOrPort
	at sun.reflect.NativeConstructorAccessorImpl.newInstance0(Native Method)
	at sun.reflect.NativeConstructorAccessorImpl.newInstance(NativeConstructorAccessorImpl.java:62)
	at sun.reflect.DelegatingConstructorAccessorImpl.newInstance(DelegatingConstructorAccessorImpl.java:45)
	at java.lang.reflect.Constructor.newInstance(Constructor.java:423)
	at org.apache.hadoop.net.NetUtils.wrapWithMessage(NetUtils.java:831)
	at org.apache.hadoop.net.NetUtils.wrapException(NetUtils.java:751)
	at org.apache.hadoop.ipc.Client.getRpcResponse(Client.java:1515)
	at org.apache.hadoop.ipc.Client.call(Client.java:1457)
	at org.apache.hadoop.ipc.Client.call(Client.java:1367)
	at org.apache.hadoop.ipc.ProtobufRpcEngine$Invoker.invoke(ProtobufRpcEngine.java:228)
	at org.apache.hadoop.ipc.ProtobufRpcEngine$Invoker.invoke(ProtobufRpcEngine.java:116)
	at com.sun.proxy.$Proxy36.submitRequest(Unknown Source)
	at sun.reflect.NativeMethodAccessorImpl.invoke0(Native Method)
	at sun.reflect.NativeMethodAccessorImpl.invoke(NativeMethodAccessorImpl.java:62)
	at sun.reflect.DelegatingMethodAccessorImpl.invoke(DelegatingMethodAccessorImpl.java:43)
	at java.lang.reflect.Method.invoke(Method.java:498)
	at org.apache.hadoop.io.retry.RetryInvocationHandler.invokeMethod(RetryInvocationHandler.java:422)
	at org.apache.hadoop.io.retry.RetryInvocationHandler$Call.invokeMethod(RetryInvocationHandler.java:165)
	at org.apache.hadoop.io.retry.RetryInvocationHandler$Call.invoke(RetryInvocationHandler.java:157)
	at org.apache.hadoop.io.retry.RetryInvocationHandler$Call.invokeOnce(RetryInvocationHandler.java:95)
	at org.apache.hadoop.io.retry.RetryInvocationHandler.invoke(RetryInvocationHandler.java:359)
	at com.sun.proxy.$Proxy36.submitRequest(Unknown Source)
	at org.apache.hadoop.ozone.om.protocolPB.OzoneManagerProtocolClientSideTranslatorPB.submitRequest(OzoneManagerProtocolClientSideTranslatorPB.java:338)
	at org.apache.hadoop.ozone.om.protocolPB.OzoneManagerProtocolClientSideTranslatorPB.getServiceInfo(OzoneManagerProtocolClientSideTranslatorPB.java:1223)
	at sun.reflect.NativeMethodAccessorImpl.invoke0(Native Method)
	at sun.reflect.NativeMethodAccessorImpl.invoke(NativeMethodAccessorImpl.java:62)
	at sun.reflect.DelegatingMethodAccessorImpl.invoke(DelegatingMethodAccessorImpl.java:43)
	at java.lang.reflect.Method.invoke(Method.java:498)
	at org.apache.hadoop.hdds.tracing.TraceAllMethod.invoke(TraceAllMethod.java:66)
	at com.sun.proxy.$Proxy37.getServiceInfo(Unknown Source)
	at org.apache.hadoop.ozone.client.rpc.RpcClient.<init>(RpcClient.java:154)
	at org.apache.hadoop.ozone.client.OzoneClientFactory.getClientProtocol(OzoneClientFactory.java:256)
	at org.apache.hadoop.ozone.client.OzoneClientFactory.getClientProtocol(OzoneClientFactory.java:239)
	at org.apache.hadoop.ozone.client.OzoneClientFactory.getClient(OzoneClientFactory.java:75)
	at org.apache.hadoop.ozone.client.rpc.TestHybridPipelineOnDatanode.init(TestHybridPipelineOnDatanode.java:73)
	at sun.reflect.NativeMethodAccessorImpl.invoke0(Native Method)
	at sun.reflect.NativeMethodAccessorImpl.invoke(NativeMethodAccessorImpl.java:62)
	at sun.reflect.DelegatingMethodAccessorImpl.invoke(DelegatingMethodAccessorImpl.java:43)
	at java.lang.reflect.Method.invoke(Method.java:498)
	at org.junit.runners.model.FrameworkMethod$1.runReflectiveCall(FrameworkMethod.java:47)
	at org.junit.internal.runners.model.ReflectiveCallable.run(ReflectiveCallable.java:12)
	at org.junit.runners.model.FrameworkMethod.invokeExplosively(FrameworkMethod.java:44)
	at org.junit.internal.runners.statements.RunBefores.evaluate(RunBefores.java:24)
	at org.junit.internal.runners.statements.RunAfters.evaluate(RunAfters.java:27)
	at org.junit.runners.ParentRunner.run(ParentRunner.java:309)
	at org.apache.maven.surefire.junit4.JUnit4Provider.execute(JUnit4Provider.java:365)
	at org.apache.maven.surefire.junit4.JUnit4Provider.executeWithRerun(JUnit4Provider.java:273)
	at org.apache.maven.surefire.junit4.JUnit4Provider.executeTestSet(JUnit4Provider.java:238)
	at org.apache.maven.surefire.junit4.JUnit4Provider.invoke(JUnit4Provider.java:159)
	at org.apache.maven.surefire.booter.ForkedBooter.invokeProviderInSameClassLoader(ForkedBooter.java:384)
	at org.apache.maven.surefire.booter.ForkedBooter.runSuitesInProcess(ForkedBooter.java:345)
	at org.apache.maven.surefire.booter.ForkedBooter.execute(ForkedBooter.java:126)
	at org.apache.maven.surefire.booter.ForkedBooter.main(ForkedBooter.java:418)
Caused by: java.net.ConnectException: Connection refused
	at sun.nio.ch.SocketChannelImpl.checkConnect(Native Method)
	at sun.nio.ch.SocketChannelImpl.finishConnect(SocketChannelImpl.java:717)
	at org.apache.hadoop.net.SocketIOWithTimeout.connect(SocketIOWithTimeout.java:206)
	at org.apache.hadoop.net.NetUtils.connect(NetUtils.java:531)
	at org.apache.hadoop.ipc.Client$Connection.setupConnection(Client.java:690)
	at org.apache.hadoop.ipc.Client$Connection.setupIOstreams(Client.java:794)
	at org.apache.hadoop.ipc.Client$Connection.access$3700(Client.java:411)
	at org.apache.hadoop.ipc.Client.getConnection(Client.java:1572)
	at org.apache.hadoop.ipc.Client.call(Client.java:1403)
	... 45 more
2019-09-27 10:05:45,816 [main] INFO  ozone.MiniOzoneClusterImpl (MiniOzoneClusterImpl.java:shutdown(314)) - Shutting down the Mini Ozone Cluster
2019-09-27 10:05:45,817 [main] INFO  ozone.MiniOzoneClusterImpl (MiniOzoneClusterImpl.java:stop(330)) - Stopping the Mini Ozone Cluster
2019-09-27 10:05:45,817 [main] INFO  ozone.MiniOzoneClusterImpl (MiniOzoneClusterImpl.java:stopOM(400)) - Stopping the OzoneManager
2019-09-27 10:05:45,818 [main] INFO  ipc.Server (Server.java:stop(3082)) - Stopping server on 38092
2019-09-27 10:05:45,820 [IPC Server listener on 38092] INFO  ipc.Server (Server.java:run(1185)) - Stopping IPC Server listener on 38092
2019-09-27 10:05:45,820 [main] INFO  ratis.OzoneManagerDoubleBuffer (OzoneManagerDoubleBuffer.java:stop(248)) - Stopping OMDoubleBuffer flush thread
2019-09-27 10:05:45,821 [IPC Server Responder] INFO  ipc.Server (Server.java:run(1319)) - Stopping IPC Server Responder
2019-09-27 10:05:45,822 [OMDoubleBufferFlushThread] INFO  ratis.OzoneManagerDoubleBuffer (OzoneManagerDoubleBuffer.java:flushTransactions(191)) - OMDoubleBuffer flush thread OMDoubleBufferFlushThread is interrupted and will exit. OMDoubleBufferFlushThread
2019-09-27 10:05:45,823 [main] INFO  utils.BackgroundService (BackgroundService.java:shutdown(148)) - Shutting down service KeyDeletingService
2019-09-27 10:05:45,830 [main] INFO  handler.ContextHandler (ContextHandler.java:doStop(910)) - Stopped o.e.j.w.WebAppContext@22d1886d{/,null,UNAVAILABLE}{/ozoneManager}
2019-09-27 10:05:45,839 [main] INFO  server.AbstractConnector (AbstractConnector.java:doStop(318)) - Stopped ServerConnector@7df60067{HTTP/1.1,[http/1.1]}{0.0.0.0:0}
2019-09-27 10:05:45,840 [main] INFO  handler.ContextHandler (ContextHandler.java:doStop(910)) - Stopped o.e.j.s.ServletContextHandler@5cf8edcf{/static,file:///workdir/hadoop-ozone/integration-test/target/test-classes/webapps/static,UNAVAILABLE}
2019-09-27 10:05:45,840 [main] INFO  handler.ContextHandler (ContextHandler.java:doStop(910)) - Stopped o.e.j.s.ServletContextHandler@67dba613{/logs,file:///workdir/hadoop-ozone/integration-test/target/log,UNAVAILABLE}
2019-09-27 10:05:45,848 [main] INFO  ozone.MiniOzoneClusterImpl (MiniOzoneClusterImpl.java:stopDatanodes(377)) - Stopping the HddsDatanodes
2019-09-27 10:05:46,266 [Datanode State Machine Thread - 0] INFO  statemachine.DatanodeStateMachine (DatanodeStateMachine.java:lambda$startDaemon$0(350)) - Ozone container server started.
2019-09-27 10:05:46,344 [Datanode State Machine Thread - 0] INFO  statemachine.DatanodeStateMachine (DatanodeStateMachine.java:lambda$startDaemon$0(350)) - Ozone container server started.
2019-09-27 10:05:50,853 [ForkJoinPool.commonPool-worker-0] INFO  ozoneimpl.OzoneContainer (OzoneContainer.java:stop(231)) - Attempting to stop container services.
2019-09-27 10:05:50,853 [main] INFO  ozoneimpl.OzoneContainer (OzoneContainer.java:stop(231)) - Attempting to stop container services.
2019-09-27 10:05:50,855 [ForkJoinPool.commonPool-worker-0] INFO  impl.RaftServerProxy (RaftServerProxy.java:lambda$close$4(314)) - 9e052e44-70ab-4986-ade4-a3f0611f2446: close
2019-09-27 10:05:50,855 [main] INFO  impl.RaftServerProxy (RaftServerProxy.java:lambda$close$4(314)) - 1c83a473-6f05-4848-b5de-f56388da1fad: close
2019-09-27 10:05:50,859 [ForkJoinPool.commonPool-worker-0] INFO  impl.RaftServerImpl (RaftServerImpl.java:lambda$shutdown$3(251)) - 9e052e44-70ab-4986-ade4-a3f0611f2446@group-003612B9A191: shutdown
2019-09-27 10:05:50,859 [main] INFO  impl.RaftServerImpl (RaftServerImpl.java:lambda$shutdown$3(251)) - 1c83a473-6f05-4848-b5de-f56388da1fad@group-B2FB3749E2F4: shutdown
2019-09-27 10:05:50,859 [ForkJoinPool.commonPool-worker-0] INFO  util.JmxRegister (JmxRegister.java:unregister(73)) - Successfully un-registered JMX Bean with object name Ratis:service=RaftServer,group=group-003612B9A191,id=9e052e44-70ab-4986-ade4-a3f0611f2446
2019-09-27 10:05:50,860 [main] INFO  util.JmxRegister (JmxRegister.java:unregister(73)) - Successfully un-registered JMX Bean with object name Ratis:service=RaftServer,group=group-B2FB3749E2F4,id=1c83a473-6f05-4848-b5de-f56388da1fad
2019-09-27 10:05:50,860 [ForkJoinPool.commonPool-worker-0] INFO  impl.RoleInfo (RoleInfo.java:shutdownLeaderState(104)) - 9e052e44-70ab-4986-ade4-a3f0611f2446: shutdown LeaderState
2019-09-27 10:05:50,860 [main] INFO  impl.RoleInfo (RoleInfo.java:shutdownLeaderState(104)) - 1c83a473-6f05-4848-b5de-f56388da1fad: shutdown LeaderState
2019-09-27 10:05:50,862 [ForkJoinPool.commonPool-worker-0] INFO  impl.PendingRequests (PendingRequests.java:sendNotLeaderResponses(202)) - 9e052e44-70ab-4986-ade4-a3f0611f2446-PendingRequests: sendNotLeaderResponses
2019-09-27 10:05:50,862 [main] INFO  impl.PendingRequests (PendingRequests.java:sendNotLeaderResponses(202)) - 1c83a473-6f05-4848-b5de-f56388da1fad-PendingRequests: sendNotLeaderResponses
2019-09-27 10:05:50,867 [main] INFO  impl.StateMachineUpdater (StateMachineUpdater.java:stopAndJoin(125)) - 1c83a473-6f05-4848-b5de-f56388da1fad@group-B2FB3749E2F4-StateMachineUpdater: set stopIndex = 0
2019-09-27 10:05:50,867 [ForkJoinPool.commonPool-worker-0] INFO  impl.StateMachineUpdater (StateMachineUpdater.java:stopAndJoin(125)) - 9e052e44-70ab-4986-ade4-a3f0611f2446@group-003612B9A191-StateMachineUpdater: set stopIndex = 0
2019-09-27 10:05:50,876 [ForkJoinPool.commonPool-worker-0] INFO  impl.RaftServerImpl (ServerState.java:close(385)) - 9e052e44-70ab-4986-ade4-a3f0611f2446@group-003612B9A191: closes. applyIndex: 0
2019-09-27 10:05:50,876 [main] INFO  impl.RaftServerImpl (ServerState.java:close(385)) - 1c83a473-6f05-4848-b5de-f56388da1fad@group-B2FB3749E2F4: closes. applyIndex: 0
2019-09-27 10:05:50,879 [1c83a473-6f05-4848-b5de-f56388da1fad@group-B2FB3749E2F4-SegmentedRaftLogWorker] INFO  segmented.SegmentedRaftLogWorker (SegmentedRaftLogWorker.java:run(313)) - 1c83a473-6f05-4848-b5de-f56388da1fad@group-B2FB3749E2F4-SegmentedRaftLogWorker was interrupted, exiting. There are 0 tasks remaining in the queue.
2019-09-27 10:05:50,879 [9e052e44-70ab-4986-ade4-a3f0611f2446@group-003612B9A191-SegmentedRaftLogWorker] INFO  segmented.SegmentedRaftLogWorker (SegmentedRaftLogWorker.java:run(313)) - 9e052e44-70ab-4986-ade4-a3f0611f2446@group-003612B9A191-SegmentedRaftLogWorker was interrupted, exiting. There are 0 tasks remaining in the queue.
2019-09-27 10:05:50,882 [ForkJoinPool.commonPool-worker-0] INFO  segmented.SegmentedRaftLogWorker (SegmentedRaftLogWorker.java:close(228)) - 9e052e44-70ab-4986-ade4-a3f0611f2446@group-003612B9A191-SegmentedRaftLogWorker close()
2019-09-27 10:05:50,882 [main] INFO  segmented.SegmentedRaftLogWorker (SegmentedRaftLogWorker.java:close(228)) - 1c83a473-6f05-4848-b5de-f56388da1fad@group-B2FB3749E2F4-SegmentedRaftLogWorker close()
2019-09-27 10:05:50,886 [ForkJoinPool.commonPool-worker-0] INFO  impl.RaftServerImpl (RaftServerImpl.java:lambda$shutdown$3(251)) - 9e052e44-70ab-4986-ade4-a3f0611f2446@group-EB5B56F6559C: shutdown
2019-09-27 10:05:50,887 [main] INFO  impl.RaftServerImpl (RaftServerImpl.java:lambda$shutdown$3(251)) - 1c83a473-6f05-4848-b5de-f56388da1fad@group-EB5B56F6559C: shutdown
2019-09-27 10:05:50,887 [ForkJoinPool.commonPool-worker-0] INFO  util.JmxRegister (JmxRegister.java:unregister(73)) - Successfully un-registered JMX Bean with object name Ratis:service=RaftServer,group=group-EB5B56F6559C,id=9e052e44-70ab-4986-ade4-a3f0611f2446
2019-09-27 10:05:50,887 [main] INFO  util.JmxRegister (JmxRegister.java:unregister(73)) - Successfully un-registered JMX Bean with object name Ratis:service=RaftServer,group=group-EB5B56F6559C,id=1c83a473-6f05-4848-b5de-f56388da1fad
2019-09-27 10:05:50,888 [main] INFO  impl.RoleInfo (RoleInfo.java:shutdownFollowerState(121)) - 1c83a473-6f05-4848-b5de-f56388da1fad: shutdown FollowerState
2019-09-27 10:05:50,888 [ForkJoinPool.commonPool-worker-0] INFO  impl.RoleInfo (RoleInfo.java:shutdownFollowerState(121)) - 9e052e44-70ab-4986-ade4-a3f0611f2446: shutdown FollowerState
2019-09-27 10:05:50,889 [Thread-228] INFO  impl.FollowerState (FollowerState.java:run(115)) - 1c83a473-6f05-4848-b5de-f56388da1fad: FollowerState was interrupted: java.lang.InterruptedException: sleep interrupted
2019-09-27 10:05:50,889 [Thread-222] INFO  impl.FollowerState (FollowerState.java:run(115)) - 9e052e44-70ab-4986-ade4-a3f0611f2446: FollowerState was interrupted: java.lang.InterruptedException: sleep interrupted
2019-09-27 10:05:50,888 [main] INFO  impl.StateMachineUpdater (StateMachineUpdater.java:stopAndJoin(125)) - 1c83a473-6f05-4848-b5de-f56388da1fad@group-EB5B56F6559C-StateMachineUpdater: set stopIndex = 0
2019-09-27 10:05:50,892 [main] INFO  impl.RaftServerImpl (ServerState.java:close(385)) - 1c83a473-6f05-4848-b5de-f56388da1fad@group-EB5B56F6559C: closes. applyIndex: 0
2019-09-27 10:05:50,889 [ForkJoinPool.commonPool-worker-0] INFO  impl.StateMachineUpdater (StateMachineUpdater.java:stopAndJoin(125)) - 9e052e44-70ab-4986-ade4-a3f0611f2446@group-EB5B56F6559C-StateMachineUpdater: set stopIndex = 0
2019-09-27 10:05:50,892 [1c83a473-6f05-4848-b5de-f56388da1fad@group-EB5B56F6559C-SegmentedRaftLogWorker] INFO  segmented.SegmentedRaftLogWorker (SegmentedRaftLogWorker.java:run(313)) - 1c83a473-6f05-4848-b5de-f56388da1fad@group-EB5B56F6559C-SegmentedRaftLogWorker was interrupted, exiting. There are 0 tasks remaining in the queue.
2019-09-27 10:05:50,892 [ForkJoinPool.commonPool-worker-0] INFO  impl.RaftServerImpl (ServerState.java:close(385)) - 9e052e44-70ab-4986-ade4-a3f0611f2446@group-EB5B56F6559C: closes. applyIndex: 0
2019-09-27 10:05:50,894 [main] INFO  segmented.SegmentedRaftLogWorker (SegmentedRaftLogWorker.java:close(228)) - 1c83a473-6f05-4848-b5de-f56388da1fad@group-EB5B56F6559C-SegmentedRaftLogWorker close()
2019-09-27 10:05:50,894 [9e052e44-70ab-4986-ade4-a3f0611f2446@group-EB5B56F6559C-SegmentedRaftLogWorker] INFO  segmented.SegmentedRaftLogWorker (SegmentedRaftLogWorker.java:run(313)) - 9e052e44-70ab-4986-ade4-a3f0611f2446@group-EB5B56F6559C-SegmentedRaftLogWorker was interrupted, exiting. There are 0 tasks remaining in the queue.
2019-09-27 10:05:50,897 [ForkJoinPool.commonPool-worker-0] INFO  segmented.SegmentedRaftLogWorker (SegmentedRaftLogWorker.java:close(228)) - 9e052e44-70ab-4986-ade4-a3f0611f2446@group-EB5B56F6559C-SegmentedRaftLogWorker close()
2019-09-27 10:05:50,899 [main] INFO  server.GrpcService (GrpcService.java:closeImpl(164)) - 1c83a473-6f05-4848-b5de-f56388da1fad: shutdown server with port 38616 now
2019-09-27 10:05:50,899 [ForkJoinPool.commonPool-worker-0] INFO  server.GrpcService (GrpcService.java:closeImpl(164)) - 9e052e44-70ab-4986-ade4-a3f0611f2446: shutdown server with port 46348 now
2019-09-27 10:05:50,913 [main] INFO  server.GrpcService (GrpcService.java:closeImpl(172)) - 1c83a473-6f05-4848-b5de-f56388da1fad: shutdown server with port 38616 successfully
2019-09-27 10:05:50,914 [grpc-default-executor-5] WARN  server.GrpcServerProtocolService (LogUtils.java:warn(134)) - 9e052e44-70ab-4986-ade4-a3f0611f2446: installSnapshot onError, lastRequest: b8058e66-012e-4633-8820-d7963a6bb9b9->9e052e44-70ab-4986-ade4-a3f0611f2446#42-t2, previous=(t:2, i:0), leaderCommit=0, initializing? false, entries: <empty>: org.apache.ratis.thirdparty.io.grpc.StatusRuntimeException: CANCELLED: cancelled before receiving half close
2019-09-27 10:05:50,914 [grpc-default-executor-4] WARN  server.GrpcServerProtocolService (LogUtils.java:warn(134)) - 1c83a473-6f05-4848-b5de-f56388da1fad: installSnapshot onError, lastRequest: b8058e66-012e-4633-8820-d7963a6bb9b9->1c83a473-6f05-4848-b5de-f56388da1fad#42-t2, previous=(t:2, i:0), leaderCommit=0, initializing? false, entries: <empty>: org.apache.ratis.thirdparty.io.grpc.StatusRuntimeException: CANCELLED: cancelled before receiving half close
2019-09-27 10:05:50,917 [grpc-default-executor-3] WARN  server.GrpcLogAppender (LogUtils.java:warn(134)) - b8058e66-012e-4633-8820-d7963a6bb9b9@group-EB5B56F6559C->1c83a473-6f05-4848-b5de-f56388da1fad-AppendLogResponseHandler: Failed appendEntries: org.apache.ratis.thirdparty.io.grpc.StatusRuntimeException: CANCELLED: HTTP/2 error code: CANCEL
Received Rst Stream
2019-09-27 10:05:50,917 [grpc-default-executor-2] WARN  server.GrpcLogAppender (LogUtils.java:warn(134)) - b8058e66-012e-4633-8820-d7963a6bb9b9@group-EB5B56F6559C->9e052e44-70ab-4986-ade4-a3f0611f2446-AppendLogResponseHandler: Failed appendEntries: org.apache.ratis.thirdparty.io.grpc.StatusRuntimeException: CANCELLED: HTTP/2 error code: CANCEL
Received Rst Stream
2019-09-27 10:05:50,915 [ForkJoinPool.commonPool-worker-0] INFO  server.GrpcService (GrpcService.java:closeImpl(172)) - 9e052e44-70ab-4986-ade4-a3f0611f2446: shutdown server with port 46348 successfully
2019-09-27 10:05:50,928 [grpc-default-executor-3] INFO  impl.FollowerInfo (FollowerInfo.java:lambda$new$0(51)) - b8058e66-012e-4633-8820-d7963a6bb9b9@group-EB5B56F6559C->1c83a473-6f05-4848-b5de-f56388da1fad: nextIndex: updateUnconditionally 1 -> 0
2019-09-27 10:05:50,928 [grpc-default-executor-2] INFO  impl.FollowerInfo (FollowerInfo.java:lambda$new$0(51)) - b8058e66-012e-4633-8820-d7963a6bb9b9@group-EB5B56F6559C->9e052e44-70ab-4986-ade4-a3f0611f2446: nextIndex: updateUnconditionally 1 -> 0
2019-09-27 10:05:50,930 [refreshUsed-/workdir/hadoop-ozone/integration-test/target/test-dir/MiniOzoneClusterImpl-120a72d4-51b8-433d-b43c-2500f049a8d2/datanode-1/data/containers] WARN  fs.CachingGetSpaceUsed (CachingGetSpaceUsed.java:run(183)) - Thread Interrupted waiting to refresh disk information: sleep interrupted
2019-09-27 10:05:50,931 [refreshUsed-/workdir/hadoop-ozone/integration-test/target/test-dir/MiniOzoneClusterImpl-120a72d4-51b8-433d-b43c-2500f049a8d2/datanode-0/data/containers] WARN  fs.CachingGetSpaceUsed (CachingGetSpaceUsed.java:run(183)) - Thread Interrupted waiting to refresh disk information: sleep interrupted
2019-09-27 10:05:50,965 [ForkJoinPool.commonPool-worker-0] INFO  utils.BackgroundService (BackgroundService.java:shutdown(148)) - Shutting down service BlockDeletingService
2019-09-27 10:05:50,966 [main] INFO  utils.BackgroundService (BackgroundService.java:shutdown(148)) - Shutting down service BlockDeletingService
2019-09-27 10:05:50,971 [ForkJoinPool.commonPool-worker-0] INFO  statemachine.DatanodeStateMachine (DatanodeStateMachine.java:stopDaemon(395)) - Ozone container server stopped.
2019-09-27 10:05:50,971 [main] INFO  statemachine.DatanodeStateMachine (DatanodeStateMachine.java:stopDaemon(395)) - Ozone container server stopped.
2019-09-27 10:05:50,975 [main] INFO  handler.ContextHandler (ContextHandler.java:doStop(910)) - Stopped o.e.j.w.WebAppContext@5e519ad3{/,null,UNAVAILABLE}{/hddsDatanode}
2019-09-27 10:05:50,975 [ForkJoinPool.commonPool-worker-0] INFO  handler.ContextHandler (ContextHandler.java:doStop(910)) - Stopped o.e.j.w.WebAppContext@352c44a8{/,null,UNAVAILABLE}{/hddsDatanode}
2019-09-27 10:05:50,976 [main] INFO  server.AbstractConnector (AbstractConnector.java:doStop(318)) - Stopped ServerConnector@7bc44ce8{HTTP/1.1,[http/1.1]}{0.0.0.0:0}
2019-09-27 10:05:50,976 [ForkJoinPool.commonPool-worker-0] INFO  server.AbstractConnector (AbstractConnector.java:doStop(318)) - Stopped ServerConnector@7aac8884{HTTP/1.1,[http/1.1]}{0.0.0.0:0}
2019-09-27 10:05:50,976 [main] INFO  handler.ContextHandler (ContextHandler.java:doStop(910)) - Stopped o.e.j.s.ServletContextHandler@6cd64ee8{/static,jar:file:/home/user/.m2/repository/org/apache/hadoop/hadoop-hdds-container-service/0.5.0-SNAPSHOT/hadoop-hdds-container-service-0.5.0-SNAPSHOT.jar!/webapps/static,UNAVAILABLE}
2019-09-27 10:05:50,977 [ForkJoinPool.commonPool-worker-0] INFO  handler.ContextHandler (ContextHandler.java:doStop(910)) - Stopped o.e.j.s.ServletContextHandler@6d1dcdff{/static,jar:file:/home/user/.m2/repository/org/apache/hadoop/hadoop-hdds-container-service/0.5.0-SNAPSHOT/hadoop-hdds-container-service-0.5.0-SNAPSHOT.jar!/webapps/static,UNAVAILABLE}
2019-09-27 10:05:50,977 [main] INFO  handler.ContextHandler (ContextHandler.java:doStop(910)) - Stopped o.e.j.s.ServletContextHandler@77774571{/logs,file:///workdir/hadoop-ozone/integration-test/target/log,UNAVAILABLE}
2019-09-27 10:05:50,978 [ForkJoinPool.commonPool-worker-0] INFO  handler.ContextHandler (ContextHandler.java:doStop(910)) - Stopped o.e.j.s.ServletContextHandler@558756be{/logs,file:///workdir/hadoop-ozone/integration-test/target/log,UNAVAILABLE}
2019-09-27 10:05:51,316 [grpc-default-executor-2] WARN  server.GrpcLogAppender (LogUtils.java:warn(134)) - b8058e66-012e-4633-8820-d7963a6bb9b9@group-EB5B56F6559C->9e052e44-70ab-4986-ade4-a3f0611f2446-AppendLogResponseHandler: Failed appendEntries: org.apache.ratis.thirdparty.io.grpc.StatusRuntimeException: UNAVAILABLE: io exception
2019-09-27 10:05:51,316 [grpc-default-executor-3] WARN  server.GrpcLogAppender (LogUtils.java:warn(134)) - b8058e66-012e-4633-8820-d7963a6bb9b9@group-EB5B56F6559C->1c83a473-6f05-4848-b5de-f56388da1fad-AppendLogResponseHandler: Failed appendEntries: org.apache.ratis.thirdparty.io.grpc.StatusRuntimeException: UNAVAILABLE: io exception
2019-09-27 10:05:51,319 [grpc-default-executor-2] INFO  impl.FollowerInfo (FollowerInfo.java:lambda$new$0(51)) - b8058e66-012e-4633-8820-d7963a6bb9b9@group-EB5B56F6559C->9e052e44-70ab-4986-ade4-a3f0611f2446: nextIndex: updateUnconditionally 0 -> 0
2019-09-27 10:05:51,322 [grpc-default-executor-3] INFO  impl.FollowerInfo (FollowerInfo.java:lambda$new$0(51)) - b8058e66-012e-4633-8820-d7963a6bb9b9@group-EB5B56F6559C->1c83a473-6f05-4848-b5de-f56388da1fad: nextIndex: updateUnconditionally 0 -> 0
2019-09-27 10:05:51,416 [Datanode State Machine Thread - 0] INFO  statemachine.DatanodeStateMachine (DatanodeStateMachine.java:lambda$startDaemon$0(350)) - Ozone container server started.
2019-09-27 10:05:53,808 [grpc-default-executor-6] WARN  server.GrpcLogAppender (LogUtils.java:warn(134)) - b8058e66-012e-4633-8820-d7963a6bb9b9@group-EB5B56F6559C->1c83a473-6f05-4848-b5de-f56388da1fad-AppendLogResponseHandler: Failed appendEntries: org.apache.ratis.thirdparty.io.grpc.StatusRuntimeException: UNAVAILABLE: io exception
2019-09-27 10:05:53,808 [grpc-default-executor-7] WARN  server.GrpcLogAppender (LogUtils.java:warn(134)) - b8058e66-012e-4633-8820-d7963a6bb9b9@group-EB5B56F6559C->9e052e44-70ab-4986-ade4-a3f0611f2446-AppendLogResponseHandler: Failed appendEntries: org.apache.ratis.thirdparty.io.grpc.StatusRuntimeException: UNAVAILABLE: io exception
2019-09-27 10:05:53,811 [grpc-default-executor-6] INFO  impl.FollowerInfo (FollowerInfo.java:lambda$new$0(51)) - b8058e66-012e-4633-8820-d7963a6bb9b9@group-EB5B56F6559C->1c83a473-6f05-4848-b5de-f56388da1fad: nextIndex: updateUnconditionally 0 -> 0
2019-09-27 10:05:53,813 [grpc-default-executor-7] INFO  impl.FollowerInfo (FollowerInfo.java:lambda$new$0(51)) - b8058e66-012e-4633-8820-d7963a6bb9b9@group-EB5B56F6559C->9e052e44-70ab-4986-ade4-a3f0611f2446: nextIndex: updateUnconditionally 0 -> 0
2019-09-27 10:05:55,980 [main] INFO  ozoneimpl.OzoneContainer (OzoneContainer.java:stop(231)) - Attempting to stop container services.
2019-09-27 10:05:55,981 [main] INFO  impl.RaftServerProxy (RaftServerProxy.java:lambda$close$4(314)) - b8058e66-012e-4633-8820-d7963a6bb9b9: close
2019-09-27 10:05:55,981 [main] INFO  impl.RaftServerImpl (RaftServerImpl.java:lambda$shutdown$3(251)) - b8058e66-012e-4633-8820-d7963a6bb9b9@group-3BD70153B2D4: shutdown
2019-09-27 10:05:55,982 [main] INFO  util.JmxRegister (JmxRegister.java:unregister(73)) - Successfully un-registered JMX Bean with object name Ratis:service=RaftServer,group=group-3BD70153B2D4,id=b8058e66-012e-4633-8820-d7963a6bb9b9
2019-09-27 10:05:55,982 [main] INFO  impl.RoleInfo (RoleInfo.java:shutdownLeaderState(104)) - b8058e66-012e-4633-8820-d7963a6bb9b9: shutdown LeaderState
2019-09-27 10:05:55,983 [main] INFO  impl.PendingRequests (PendingRequests.java:sendNotLeaderResponses(202)) - b8058e66-012e-4633-8820-d7963a6bb9b9-PendingRequests: sendNotLeaderResponses
2019-09-27 10:05:55,983 [main] INFO  impl.StateMachineUpdater (StateMachineUpdater.java:stopAndJoin(125)) - b8058e66-012e-4633-8820-d7963a6bb9b9@group-3BD70153B2D4-StateMachineUpdater: set stopIndex = 0
2019-09-27 10:05:55,984 [main] INFO  impl.RaftServerImpl (ServerState.java:close(385)) - b8058e66-012e-4633-8820-d7963a6bb9b9@group-3BD70153B2D4: closes. applyIndex: 0
2019-09-27 10:05:55,985 [b8058e66-012e-4633-8820-d7963a6bb9b9@group-3BD70153B2D4-SegmentedRaftLogWorker] INFO  segmented.SegmentedRaftLogWorker (SegmentedRaftLogWorker.java:run(313)) - b8058e66-012e-4633-8820-d7963a6bb9b9@group-3BD70153B2D4-SegmentedRaftLogWorker was interrupted, exiting. There are 0 tasks remaining in the queue.
2019-09-27 10:05:55,986 [main] INFO  segmented.SegmentedRaftLogWorker (SegmentedRaftLogWorker.java:close(228)) - b8058e66-012e-4633-8820-d7963a6bb9b9@group-3BD70153B2D4-SegmentedRaftLogWorker close()
2019-09-27 10:05:55,988 [main] INFO  impl.RaftServerImpl (RaftServerImpl.java:lambda$shutdown$3(251)) - b8058e66-012e-4633-8820-d7963a6bb9b9@group-EB5B56F6559C: shutdown
2019-09-27 10:05:55,988 [main] INFO  util.JmxRegister (JmxRegister.java:unregister(73)) - Successfully un-registered JMX Bean with object name Ratis:service=RaftServer,group=group-EB5B56F6559C,id=b8058e66-012e-4633-8820-d7963a6bb9b9
2019-09-27 10:05:55,989 [main] INFO  impl.RoleInfo (RoleInfo.java:shutdownLeaderState(104)) - b8058e66-012e-4633-8820-d7963a6bb9b9: shutdown LeaderState
2019-09-27 10:05:55,991 [main] INFO  impl.PendingRequests (PendingRequests.java:sendNotLeaderResponses(202)) - b8058e66-012e-4633-8820-d7963a6bb9b9-PendingRequests: sendNotLeaderResponses
2019-09-27 10:05:55,991 [org.apache.ratis.server.impl.LogAppender$AppenderDaemon$$Lambda$394/100626420@5ec20843] WARN  server.GrpcLogAppender (GrpcLogAppender.java:mayWait(143)) - b8058e66-012e-4633-8820-d7963a6bb9b9@group-EB5B56F6559C->9e052e44-70ab-4986-ade4-a3f0611f2446-GrpcLogAppender: Wait interrupted by java.lang.InterruptedException
2019-09-27 10:05:55,991 [org.apache.ratis.server.impl.LogAppender$AppenderDaemon$$Lambda$394/100626420@48bf1f62] WARN  server.GrpcLogAppender (GrpcLogAppender.java:mayWait(143)) - b8058e66-012e-4633-8820-d7963a6bb9b9@group-EB5B56F6559C->1c83a473-6f05-4848-b5de-f56388da1fad-GrpcLogAppender: Wait interrupted by java.lang.InterruptedException
2019-09-27 10:05:55,991 [main] INFO  impl.StateMachineUpdater (StateMachineUpdater.java:stopAndJoin(125)) - b8058e66-012e-4633-8820-d7963a6bb9b9@group-EB5B56F6559C-StateMachineUpdater: set stopIndex = 0
2019-09-27 10:05:55,992 [main] INFO  impl.RaftServerImpl (ServerState.java:close(385)) - b8058e66-012e-4633-8820-d7963a6bb9b9@group-EB5B56F6559C: closes. applyIndex: 0
2019-09-27 10:05:55,992 [b8058e66-012e-4633-8820-d7963a6bb9b9@group-EB5B56F6559C-SegmentedRaftLogWorker] INFO  segmented.SegmentedRaftLogWorker (SegmentedRaftLogWorker.java:run(313)) - b8058e66-012e-4633-8820-d7963a6bb9b9@group-EB5B56F6559C-SegmentedRaftLogWorker was interrupted, exiting. There are 0 tasks remaining in the queue.
2019-09-27 10:05:55,998 [main] INFO  segmented.SegmentedRaftLogWorker (SegmentedRaftLogWorker.java:close(228)) - b8058e66-012e-4633-8820-d7963a6bb9b9@group-EB5B56F6559C-SegmentedRaftLogWorker close()
2019-09-27 10:05:56,000 [main] INFO  server.GrpcService (GrpcService.java:closeImpl(164)) - b8058e66-012e-4633-8820-d7963a6bb9b9: shutdown server with port 36027 now
2019-09-27 10:05:56,000 [main] INFO  server.GrpcService (GrpcService.java:closeImpl(172)) - b8058e66-012e-4633-8820-d7963a6bb9b9: shutdown server with port 36027 successfully
2019-09-27 10:05:56,010 [refreshUsed-/workdir/hadoop-ozone/integration-test/target/test-dir/MiniOzoneClusterImpl-120a72d4-51b8-433d-b43c-2500f049a8d2/datanode-2/data/containers] WARN  fs.CachingGetSpaceUsed (CachingGetSpaceUsed.java:run(183)) - Thread Interrupted waiting to refresh disk information: sleep interrupted
2019-09-27 10:05:56,026 [main] INFO  utils.BackgroundService (BackgroundService.java:shutdown(148)) - Shutting down service BlockDeletingService
2019-09-27 10:05:56,028 [main] INFO  statemachine.DatanodeStateMachine (DatanodeStateMachine.java:stopDaemon(395)) - Ozone container server stopped.
2019-09-27 10:05:56,029 [main] INFO  handler.ContextHandler (ContextHandler.java:doStop(910)) - Stopped o.e.j.w.WebAppContext@296e281a{/,null,UNAVAILABLE}{/hddsDatanode}
2019-09-27 10:05:56,030 [main] INFO  server.AbstractConnector (AbstractConnector.java:doStop(318)) - Stopped ServerConnector@59cda16e{HTTP/1.1,[http/1.1]}{0.0.0.0:0}
2019-09-27 10:05:56,031 [main] INFO  handler.ContextHandler (ContextHandler.java:doStop(910)) - Stopped o.e.j.s.ServletContextHandler@28da7d11{/static,jar:file:/home/user/.m2/repository/org/apache/hadoop/hadoop-hdds-container-service/0.5.0-SNAPSHOT/hadoop-hdds-container-service-0.5.0-SNAPSHOT.jar!/webapps/static,UNAVAILABLE}
2019-09-27 10:05:56,031 [main] INFO  handler.ContextHandler (ContextHandler.java:doStop(910)) - Stopped o.e.j.s.ServletContextHandler@5fcfde70{/logs,file:///workdir/hadoop-ozone/integration-test/target/log,UNAVAILABLE}
2019-09-27 10:05:56,032 [main] INFO  ozone.MiniOzoneClusterImpl (MiniOzoneClusterImpl.java:stopSCM(392)) - Stopping the StorageContainerManager
2019-09-27 10:05:56,032 [main] INFO  server.StorageContainerManager (StorageContainerManager.java:stop(808)) - Stopping Replication Manager Service.
2019-09-27 10:05:56,033 [main] INFO  container.ReplicationManager (ReplicationManager.java:stop(203)) - Stopping Replication Monitor Thread.
2019-09-27 10:05:56,033 [main] INFO  server.StorageContainerManager (StorageContainerManager.java:stop(815)) - Stopping Lease Manager of the command watchers
2019-09-27 10:05:56,033 [main] INFO  server.StorageContainerManager (StorageContainerManager.java:stop(822)) - Stopping datanode service RPC server
2019-09-27 10:05:56,033 [main] INFO  server.SCMDatanodeProtocolServer (SCMDatanodeProtocolServer.java:stop(367)) - Stopping the RPC server for DataNodes
2019-09-27 10:05:56,034 [main] INFO  ipc.Server (Server.java:stop(3082)) - Stopping server on 40771
2019-09-27 10:05:56,036 [IPC Server listener on 40771] INFO  ipc.Server (Server.java:run(1185)) - Stopping IPC Server listener on 40771
2019-09-27 10:05:56,036 [IPC Server Responder] INFO  ipc.Server (Server.java:run(1319)) - Stopping IPC Server Responder
2019-09-27 10:05:56,089 [SCM Heartbeat Processing Thread - 0] WARN  node.NodeStateManager (NodeStateManager.java:scheduleNextHealthCheck(646)) - Current Thread is interrupted, shutting down HB processing thread for Node Manager.
2019-09-27 10:05:56,089 [main] INFO  server.StorageContainerManager (StorageContainerManager.java:stop(830)) - Stopping block service RPC server
2019-09-27 10:05:56,090 [main] INFO  server.SCMBlockProtocolServer (SCMBlockProtocolServer.java:stop(155)) - Stopping the RPC server for Block Protocol
2019-09-27 10:05:56,090 [main] INFO  ipc.Server (Server.java:stop(3082)) - Stopping server on 39353
2019-09-27 10:05:56,092 [IPC Server listener on 39353] INFO  ipc.Server (Server.java:run(1185)) - Stopping IPC Server listener on 39353
2019-09-27 10:05:56,093 [main] INFO  server.StorageContainerManager (StorageContainerManager.java:stop(837)) - Stopping the StorageContainerLocationProtocol RPC server
2019-09-27 10:05:56,093 [IPC Server Responder] INFO  ipc.Server (Server.java:run(1319)) - Stopping IPC Server Responder
2019-09-27 10:05:56,093 [main] INFO  server.SCMClientProtocolServer (SCMClientProtocolServer.java:stop(159)) - Stopping the RPC server for Client Protocol
2019-09-27 10:05:56,093 [main] INFO  ipc.Server (Server.java:stop(3082)) - Stopping server on 38099
2019-09-27 10:05:56,095 [IPC Server listener on 38099] INFO  ipc.Server (Server.java:run(1185)) - Stopping IPC Server listener on 38099
2019-09-27 10:05:56,095 [main] INFO  server.StorageContainerManager (StorageContainerManager.java:stop(844)) - Stopping Storage Container Manager HTTP server.
2019-09-27 10:05:56,096 [IPC Server Responder] INFO  ipc.Server (Server.java:run(1319)) - Stopping IPC Server Responder
2019-09-27 10:05:56,096 [main] INFO  handler.ContextHandler (ContextHandler.java:doStop(910)) - Stopped o.e.j.w.WebAppContext@7555b920{/,null,UNAVAILABLE}{/scm}
2019-09-27 10:05:56,097 [main] INFO  server.AbstractConnector (AbstractConnector.java:doStop(318)) - Stopped ServerConnector@6db66836{HTTP/1.1,[http/1.1]}{0.0.0.0:0}
2019-09-27 10:05:56,098 [main] INFO  handler.ContextHandler (ContextHandler.java:doStop(910)) - Stopped o.e.j.s.ServletContextHandler@6622fc65{/static,file:///workdir/hadoop-ozone/integration-test/target/test-classes/webapps/static,UNAVAILABLE}
2019-09-27 10:05:56,098 [main] INFO  handler.ContextHandler (ContextHandler.java:doStop(910)) - Stopped o.e.j.s.ServletContextHandler@732f29af{/logs,file:///workdir/hadoop-ozone/integration-test/target/log,UNAVAILABLE}
2019-09-27 10:05:56,099 [main] INFO  server.StorageContainerManager (StorageContainerManager.java:stop(855)) - Stopping Block Manager Service.
2019-09-27 10:05:56,099 [main] INFO  utils.BackgroundService (BackgroundService.java:shutdown(148)) - Shutting down service SCMBlockDeletingService
2019-09-27 10:05:56,100 [main] INFO  utils.BackgroundService (BackgroundService.java:shutdown(148)) - Shutting down service SCMBlockDeletingService
2019-09-27 10:05:56,100 [main] INFO  server.StorageContainerManager (StorageContainerManager.java:stop(877)) - Stopping SCM Event Queue.
2019-09-27 10:05:56,107 [main] INFO  impl.MetricsSystemImpl (MetricsSystemImpl.java:stop(210)) - Stopping ratis metrics system...
2019-09-27 10:05:56,114 [prometheus] INFO  impl.MetricsSinkAdapter (MetricsSinkAdapter.java:publishMetricsFromQueue(141)) - prometheus thread interrupted.
2019-09-27 10:05:56,114 [main] INFO  impl.MetricsSystemImpl (MetricsSystemImpl.java:stop(216)) - ratis metrics system stopped.
]]></system-out>
    <system-err><![CDATA[ERROR StatusLogger No Log4j 2 configuration file found. Using default configuration (logging only errors to the console), or user programmatically provided configurations. Set system property 'log4j2.debug' to show Log4j 2 internal initialization logging. See https://logging.apache.org/log4j/2.x/manual/configuration.html for instructions on how to configure Log4j 2
Sep 27, 2019 10:05:50 AM org.apache.ratis.thirdparty.io.grpc.internal.SerializingExecutor run
SEVERE: Exception while executing runnable org.apache.ratis.thirdparty.io.grpc.internal.ServerImpl$JumpToApplicationThreadServerStreamListener$1Closed@2034f5e0
org.apache.ratis.thirdparty.io.grpc.StatusRuntimeException: CANCELLED: call already cancelled
	at org.apache.ratis.thirdparty.io.grpc.Status.asRuntimeException(Status.java:517)
	at org.apache.ratis.thirdparty.io.grpc.stub.ServerCalls$ServerCallStreamObserverImpl.onCompleted(ServerCalls.java:356)
	at org.apache.ratis.grpc.server.GrpcServerProtocolService$ServerRequestStreamObserver.onError(GrpcServerProtocolService.java:121)
	at org.apache.ratis.thirdparty.io.grpc.stub.ServerCalls$StreamingServerCallHandler$StreamingServerCallListener.onCancel(ServerCalls.java:269)
	at org.apache.ratis.thirdparty.io.grpc.internal.ServerCallImpl$ServerStreamListenerImpl.closed(ServerCallImpl.java:293)
	at org.apache.ratis.thirdparty.io.grpc.internal.ServerImpl$JumpToApplicationThreadServerStreamListener$1Closed.runInContext(ServerImpl.java:741)
	at org.apache.ratis.thirdparty.io.grpc.internal.ContextRunnable.run(ContextRunnable.java:37)
	at org.apache.ratis.thirdparty.io.grpc.internal.SerializingExecutor.run(SerializingExecutor.java:123)
	at java.util.concurrent.ThreadPoolExecutor.runWorker(ThreadPoolExecutor.java:1149)
	at java.util.concurrent.ThreadPoolExecutor$Worker.run(ThreadPoolExecutor.java:624)
	at java.lang.Thread.run(Thread.java:748)

Sep 27, 2019 10:05:50 AM org.apache.ratis.thirdparty.io.grpc.internal.SerializingExecutor run
SEVERE: Exception while executing runnable org.apache.ratis.thirdparty.io.grpc.internal.ServerImpl$JumpToApplicationThreadServerStreamListener$1Closed@6af989cb
org.apache.ratis.thirdparty.io.grpc.StatusRuntimeException: CANCELLED: call already cancelled
	at org.apache.ratis.thirdparty.io.grpc.Status.asRuntimeException(Status.java:517)
	at org.apache.ratis.thirdparty.io.grpc.stub.ServerCalls$ServerCallStreamObserverImpl.onCompleted(ServerCalls.java:356)
	at org.apache.ratis.grpc.server.GrpcServerProtocolService$ServerRequestStreamObserver.onError(GrpcServerProtocolService.java:121)
	at org.apache.ratis.thirdparty.io.grpc.stub.ServerCalls$StreamingServerCallHandler$StreamingServerCallListener.onCancel(ServerCalls.java:269)
	at org.apache.ratis.thirdparty.io.grpc.internal.ServerCallImpl$ServerStreamListenerImpl.closed(ServerCallImpl.java:293)
	at org.apache.ratis.thirdparty.io.grpc.internal.ServerImpl$JumpToApplicationThreadServerStreamListener$1Closed.runInContext(ServerImpl.java:741)
	at org.apache.ratis.thirdparty.io.grpc.internal.ContextRunnable.run(ContextRunnable.java:37)
	at org.apache.ratis.thirdparty.io.grpc.internal.SerializingExecutor.run(SerializingExecutor.java:123)
	at java.util.concurrent.ThreadPoolExecutor.runWorker(ThreadPoolExecutor.java:1149)
	at java.util.concurrent.ThreadPoolExecutor$Worker.run(ThreadPoolExecutor.java:624)
	at java.lang.Thread.run(Thread.java:748)

]]></system-err>
  </testcase>
</testsuite>